travis_fold:start:worker_info[0K[33;1mWorker information[0m
hostname: 6bb09e63-0111-402f-8c69-3bc5d351e1b2@1.i-077ffab-production-2-worker-org-ec2.travisci.net
version: v3.6.0 https://github.com/travis-ci/worker/tree/170b2a0bb43234479fd1911ba9e4dbcc36dadfad
instance: 88001d5 travisci/ci-garnet:packer-1512502276-986baf0 (via amqp)
startup: 1.62406516s
travis_fold:end:worker_info[0Ktravis_fold:start:system_info[0K[33;1mBuild system information[0m
Build language: java
Build group: stable
Build dist: trusty
Build id: 380546094
Job id: 380546095
Runtime kernel version: 4.14.12-041412-generic
travis-build version: 4957953b8
[34m[1mBuild image provisioning date and time[0m
Tue Dec  5 20:11:19 UTC 2017
[34m[1mOperating System Details[0m
Distributor ID:	Ubuntu
Description:	Ubuntu 14.04.5 LTS
Release:	14.04
Codename:	trusty
[34m[1mCookbooks Version[0m
7c2c6a6 https://github.com/travis-ci/travis-cookbooks/tree/7c2c6a6
[34m[1mgit version[0m
git version 2.15.1
[34m[1mbash version[0m
GNU bash, version 4.3.11(1)-release (x86_64-pc-linux-gnu)
[34m[1mgcc version[0m
gcc (Ubuntu 4.8.4-2ubuntu1~14.04.3) 4.8.4
Copyright (C) 2013 Free Software Foundation, Inc.
This is free software; see the source for copying conditions.  There is NO
warranty; not even for MERCHANTABILITY or FITNESS FOR A PARTICULAR PURPOSE.

[34m[1mdocker version[0m
Client:
 Version:      17.09.0-ce
 API version:  1.32
 Go version:   go1.8.3
 Git commit:   afdb6d4
 Built:        Tue Sep 26 22:39:28 2017
 OS/Arch:      linux/amd64
[34m[1mclang version[0m
clang version 5.0.0 (tags/RELEASE_500/final)
Target: x86_64-unknown-linux-gnu
Thread model: posix
InstalledDir: /usr/local/clang-5.0.0/bin
[34m[1mjq version[0m
jq-1.5
[34m[1mbats version[0m
Bats 0.4.0
[34m[1mshellcheck version[0m
0.4.6
[34m[1mshfmt version[0m
v2.0.0
[34m[1mccache version[0m
ccache version 3.1.9

Copyright (C) 2002-2007 Andrew Tridgell
Copyright (C) 2009-2011 Joel Rosdahl

This program is free software; you can redistribute it and/or modify it under
the terms of the GNU General Public License as published by the Free Software
Foundation; either version 3 of the License, or (at your option) any later
version.
[34m[1mcmake version[0m
cmake version 3.9.2

CMake suite maintained and supported by Kitware (kitware.com/cmake).
[34m[1mheroku version[0m
heroku-cli/6.14.39-addc925 (linux-x64) node-v9.2.0
[34m[1mimagemagick version[0m
Version: ImageMagick 6.7.7-10 2017-07-31 Q16 http://www.imagemagick.org
[34m[1mmd5deep version[0m
4.2
[34m[1mmercurial version[0m
Mercurial Distributed SCM (version 4.2.2)
(see https://mercurial-scm.org for more information)

Copyright (C) 2005-2017 Matt Mackall and others
This is free software; see the source for copying conditions. There is NO
warranty; not even for MERCHANTABILITY or FITNESS FOR A PARTICULAR PURPOSE.
[34m[1mmysql version[0m
mysql  Ver 14.14 Distrib 5.6.33, for debian-linux-gnu (x86_64) using  EditLine wrapper
[34m[1mopenssl version[0m
OpenSSL 1.0.1f 6 Jan 2014
[34m[1mpacker version[0m
Packer v1.0.2

Your version of Packer is out of date! The latest version
is 1.1.2. You can update by downloading from www.packer.io
[34m[1mpostgresql client version[0m
psql (PostgreSQL) 9.6.6
[34m[1mragel version[0m
Ragel State Machine Compiler version 6.8 Feb 2013
Copyright (c) 2001-2009 by Adrian Thurston
[34m[1msubversion version[0m
svn, version 1.8.8 (r1568071)
   compiled Aug 10 2017, 17:20:39 on x86_64-pc-linux-gnu

Copyright (C) 2013 The Apache Software Foundation.
This software consists of contributions made by many people;
see the NOTICE file for more information.
Subversion is open source software, see http://subversion.apache.org/

The following repository access (RA) modules are available:

* ra_svn : Module for accessing a repository using the svn network protocol.
  - with Cyrus SASL authentication
  - handles 'svn' scheme
* ra_local : Module for accessing a repository on local disk.
  - handles 'file' scheme
* ra_serf : Module for accessing a repository via WebDAV protocol using serf.
  - using serf 1.3.3
  - handles 'http' scheme
  - handles 'https' scheme

[34m[1msudo version[0m
Sudo version 1.8.9p5
Configure options: --prefix=/usr -v --with-all-insults --with-pam --with-fqdn --with-logging=syslog --with-logfac=authpriv --with-env-editor --with-editor=/usr/bin/editor --with-timeout=15 --with-password-timeout=0 --with-passprompt=[sudo] password for %p:  --without-lecture --with-tty-tickets --disable-root-mailer --enable-admin-flag --with-sendmail=/usr/sbin/sendmail --with-timedir=/var/lib/sudo --mandir=/usr/share/man --libexecdir=/usr/lib/sudo --with-sssd --with-sssd-lib=/usr/lib/x86_64-linux-gnu --with-selinux
Sudoers policy plugin version 1.8.9p5
Sudoers file grammar version 43

Sudoers path: /etc/sudoers
Authentication methods: 'pam'
Syslog facility if syslog is being used for logging: authpriv
Syslog priority to use when user authenticates successfully: notice
Syslog priority to use when user authenticates unsuccessfully: alert
Send mail if the user is not in sudoers
Use a separate timestamp for each user/tty combo
Lecture user the first time they run sudo
Root may run sudo
Allow some information gathering to give useful error messages
Require fully-qualified hostnames in the sudoers file
Visudo will honor the EDITOR environment variable
Set the LOGNAME and USER environment variables
Length at which to wrap log file lines (0 for no wrap): 80
Authentication timestamp timeout: 15.0 minutes
Password prompt timeout: 0.0 minutes
Number of tries to enter a password: 3
Umask to use or 0777 to use user's: 022
Path to mail program: /usr/sbin/sendmail
Flags for mail program: -t
Address to send mail to: root
Subject line for mail messages: *** SECURITY information for %h ***
Incorrect password message: Sorry, try again.
Path to authentication timestamp dir: /var/lib/sudo
Default password prompt: [sudo] password for %p: 
Default user to run commands as: root
Value to override user's $PATH with: /usr/local/sbin:/usr/local/bin:/usr/sbin:/usr/bin:/sbin:/bin:/snap/bin
Path to the editor for use by visudo: /usr/bin/editor
When to require a password for 'list' pseudocommand: any
When to require a password for 'verify' pseudocommand: all
File descriptors >= 3 will be closed before executing a command
Environment variables to check for sanity:
	TZ
	TERM
	LINGUAS
	LC_*
	LANGUAGE
	LANG
	COLORTERM
Environment variables to remove:
	RUBYOPT
	RUBYLIB
	PYTHONUSERBASE
	PYTHONINSPECT
	PYTHONPATH
	PYTHONHOME
	TMPPREFIX
	ZDOTDIR
	READNULLCMD
	NULLCMD
	FPATH
	PERL5DB
	PERL5OPT
	PERL5LIB
	PERLLIB
	PERLIO_DEBUG 
	JAVA_TOOL_OPTIONS
	SHELLOPTS
	GLOBIGNORE
	PS4
	BASH_ENV
	ENV
	TERMCAP
	TERMPATH
	TERMINFO_DIRS
	TERMINFO
	_RLD*
	LD_*
	PATH_LOCALE
	NLSPATH
	HOSTALIASES
	RES_OPTIONS
	LOCALDOMAIN
	CDPATH
	IFS
Environment variables to preserve:
	JAVA_HOME
	TRAVIS
	CI
	DEBIAN_FRONTEND
	XAUTHORIZATION
	XAUTHORITY
	PS2
	PS1
	PATH
	LS_COLORS
	KRB5CCNAME
	HOSTNAME
	HOME
	DISPLAY
	COLORS
Locale to use while parsing sudoers: C
Directory in which to store input/output logs: /var/log/sudo-io
File in which to store the input/output log: %{seq}
Add an entry to the utmp/utmpx file when allocating a pty
PAM service name to use
PAM service name to use for login shells
Create a new PAM session for the command to run in
Maximum I/O log sequence number: 0

Local IP address and netmask pairs:
	172.17.0.2/255.255.0.0

Sudoers I/O plugin version 1.8.9p5
[34m[1mgzip version[0m
gzip 1.6
Copyright (C) 2007, 2010, 2011 Free Software Foundation, Inc.
Copyright (C) 1993 Jean-loup Gailly.
This is free software.  You may redistribute copies of it under the terms of
the GNU General Public License <http://www.gnu.org/licenses/gpl.html>.
There is NO WARRANTY, to the extent permitted by law.

Written by Jean-loup Gailly.
[34m[1mzip version[0m
Copyright (c) 1990-2008 Info-ZIP - Type 'zip "-L"' for software license.
This is Zip 3.0 (July 5th 2008), by Info-ZIP.
Currently maintained by E. Gordon.  Please send bug reports to
the authors using the web page at www.info-zip.org; see README for details.

Latest sources and executables are at ftp://ftp.info-zip.org/pub/infozip,
as of above date; see http://www.info-zip.org/ for other sites.

Compiled with gcc 4.8.2 for Unix (Linux ELF) on Oct 21 2013.

Zip special compilation options:
	USE_EF_UT_TIME       (store Universal Time)
	BZIP2_SUPPORT        (bzip2 library version 1.0.6, 6-Sept-2010)
	    bzip2 code and library copyright (c) Julian R Seward
	    (See the bzip2 license for terms of use)
	SYMLINK_SUPPORT      (symbolic links supported)
	LARGE_FILE_SUPPORT   (can read and write large files on file system)
	ZIP64_SUPPORT        (use Zip64 to store large files in archives)
	UNICODE_SUPPORT      (store and read UTF-8 Unicode paths)
	STORE_UNIX_UIDs_GIDs (store UID/GID sizes/values using new extra field)
	UIDGID_NOT_16BIT     (old Unix 16-bit UID/GID extra field not used)
	[encryption, version 2.91 of 05 Jan 2007] (modified for Zip 3)

Encryption notice:
	The encryption code of this program is not copyrighted and is
	put in the public domain.  It was originally written in Europe
	and, to the best of our knowledge, can be freely distributed
	in both source and object forms from any country, including
	the USA under License Exception TSU of the U.S. Export
	Administration Regulations (section 740.13(e)) of 6 June 2002.

Zip environment options:
             ZIP:  [none]
          ZIPOPT:  [none]
[34m[1mvim version[0m
VIM - Vi IMproved 7.4 (2013 Aug 10, compiled Nov 24 2016 16:43:18)
Included patches: 1-52
Extra patches: 8.0.0056
Modified by pkg-vim-maintainers@lists.alioth.debian.org
Compiled by buildd@
Huge version without GUI.  Features included (+) or not (-):
+acl             +farsi           +mouse_netterm   +syntax
+arabic          +file_in_path    +mouse_sgr       +tag_binary
+autocmd         +find_in_path    -mouse_sysmouse  +tag_old_static
-balloon_eval    +float           +mouse_urxvt     -tag_any_white
-browse          +folding         +mouse_xterm     -tcl
++builtin_terms  -footer          +multi_byte      +terminfo
+byte_offset     +fork()          +multi_lang      +termresponse
+cindent         +gettext         -mzscheme        +textobjects
-clientserver    -hangul_input    +netbeans_intg   +title
-clipboard       +iconv           +path_extra      -toolbar
+cmdline_compl   +insert_expand   -perl            +user_commands
+cmdline_hist    +jumplist        +persistent_undo +vertsplit
+cmdline_info    +keymap          +postscript      +virtualedit
+comments        +langmap         +printer         +visual
+conceal         +libcall         +profile         +visualextra
+cryptv          +linebreak       +python          +viminfo
+cscope          +lispindent      -python3         +vreplace
+cursorbind      +listcmds        +quickfix        +wildignore
+cursorshape     +localmap        +reltime         +wildmenu
+dialog_con      -lua             +rightleft       +windows
+diff            +menu            -ruby            +writebackup
+digraphs        +mksession       +scrollbind      -X11
-dnd             +modify_fname    +signs           -xfontset
-ebcdic          +mouse           +smartindent     -xim
+emacs_tags      -mouseshape      -sniff           -xsmp
+eval            +mouse_dec       +startuptime     -xterm_clipboard
+ex_extra        +mouse_gpm       +statusline      -xterm_save
+extra_search    -mouse_jsbterm   -sun_workshop    -xpm
   system vimrc file: "$VIM/vimrc"
     user vimrc file: "$HOME/.vimrc"
 2nd user vimrc file: "~/.vim/vimrc"
      user exrc file: "$HOME/.exrc"
  fall-back for $VIM: "/usr/share/vim"
Compilation: gcc -c -I. -Iproto -DHAVE_CONFIG_H     -g -O2 -fstack-protector --param=ssp-buffer-size=4 -Wformat -Werror=format-security -U_FORTIFY_SOURCE -D_FORTIFY_SOURCE=1      
Linking: gcc   -Wl,-Bsymbolic-functions -Wl,-z,relro -Wl,--as-needed -o vim        -lm -ltinfo -lnsl  -lselinux  -lacl -lattr -lgpm -ldl    -L/usr/lib/python2.7/config-x86_64-linux-gnu -lpython2.7 -lpthread -ldl -lutil -lm -Xlinker -export-dynamic -Wl,-O1 -Wl,-Bsymbolic-functions      
[34m[1miptables version[0m
iptables v1.4.21
[34m[1mcurl version[0m
curl 7.35.0 (x86_64-pc-linux-gnu) libcurl/7.35.0 OpenSSL/1.0.1f zlib/1.2.8 libidn/1.28 librtmp/2.3
[34m[1mwget version[0m
GNU Wget 1.15 built on linux-gnu.
[34m[1mrsync version[0m
rsync  version 3.1.0  protocol version 31
[34m[1mgimme version[0m
v1.2.0
[34m[1mnvm version[0m
0.33.6
[34m[1mperlbrew version[0m
/home/travis/perl5/perlbrew/bin/perlbrew  - App::perlbrew/0.80
[34m[1mphpenv version[0m
rbenv 1.1.1-25-g6aa70b6
[34m[1mrvm version[0m
rvm 1.29.3 (latest) by Michal Papis, Piotr Kuczynski, Wayne E. Seguin [https://rvm.io]
[34m[1mdefault ruby version[0m
ruby 2.4.1p111 (2017-03-22 revision 58053) [x86_64-linux]
[34m[1mCouchDB version[0m
couchdb 1.6.1
[34m[1mElasticSearch version[0m
5.5.0
[34m[1mInstalled Firefox version[0m
firefox 56.0.2
[34m[1mMongoDB version[0m
MongoDB 3.4.10
[34m[1mPhantomJS version[0m
2.1.1
[34m[1mPre-installed PostgreSQL versions[0m
9.2.24
9.3.20
9.4.15
9.5.10
9.6.6
[34m[1mRabbitMQ Version[0m
3.6.14
[34m[1mRedis version[0m
redis-server 4.0.6
[34m[1mriak version[0m
2.2.3
[34m[1mPre-installed Go versions[0m
1.7.4
[34m[1mant version[0m
Apache Ant(TM) version 1.9.3 compiled on April 8 2014
[34m[1mmvn version[0m
Apache Maven 3.5.2 (138edd61fd100ec658bfa2d307c43b76940a5d7d; 2017-10-18T07:58:13Z)
Maven home: /usr/local/maven-3.5.2
Java version: 1.8.0_151, vendor: Oracle Corporation
Java home: /usr/lib/jvm/java-8-oracle/jre
Default locale: en_US, platform encoding: UTF-8
OS name: "linux", version: "4.4.0-101-generic", arch: "amd64", family: "unix"
[34m[1mgradle version[0m

------------------------------------------------------------
Gradle 4.0.1
------------------------------------------------------------

Build time:   2017-07-07 14:02:41 UTC
Revision:     38e5dc0f772daecca1d2681885d3d85414eb6826

Groovy:       2.4.11
Ant:          Apache Ant(TM) version 1.9.6 compiled on June 29 2015
JVM:          1.8.0_151 (Oracle Corporation 25.151-b12)
OS:           Linux 4.4.0-101-generic amd64

[34m[1mlein version[0m
Leiningen 2.8.1 on Java 1.8.0_151 Java HotSpot(TM) 64-Bit Server VM
[34m[1mPre-installed Node.js versions[0m
v4.8.6
v6.12.0
v6.12.1
v8.9
v8.9.1
[34m[1mphpenv versions[0m
  system
  5.6
* 5.6.32 (set by /home/travis/.phpenv/version)
  7.0
  7.0.25
  7.1
  7.1.11
  hhvm
  hhvm-stable
[34m[1mcomposer --version[0m
Composer version 1.5.2 2017-09-11 16:59:25
[34m[1mPre-installed Ruby versions[0m
ruby-2.2.7
ruby-2.3.4
ruby-2.4.1
travis_fold:end:system_info[0K
[32;1mNetwork availability confirmed.[0m

[33;1mRunning apt-get update by default has been disabled.[0m
You can opt into running apt-get update by setting this in your .travis.yml file:

  addons:
    apt:
      update: true
$ jdk_switcher use oraclejdk8
Switching to Oracle JDK8 (java-8-oracle), JAVA_HOME will be set to /usr/lib/jvm/java-8-oracle

travis_fold:start:git.checkout[0Ktravis_time:start:1a54145c[0K$ git clone --depth=50 https://github.com/square/okhttp.git square/okhttp
Cloning into 'square/okhttp'...
remote: Counting objects: 1332, done.[K
remote: Compressing objects:   0% (1/796)   [Kremote: Compressing objects:   1% (8/796)   [Kremote: Compressing objects:   2% (16/796)   [Kremote: Compressing objects:   3% (24/796)   [Kremote: Compressing objects:   4% (32/796)   [Kremote: Compressing objects:   5% (40/796)   [Kremote: Compressing objects:   6% (48/796)   [Kremote: Compressing objects:   7% (56/796)   [Kremote: Compressing objects:   8% (64/796)   [Kremote: Compressing objects:   9% (72/796)   [Kremote: Compressing objects:  10% (80/796)   [Kremote: Compressing objects:  11% (88/796)   [Kremote: Compressing objects:  12% (96/796)   [Kremote: Compressing objects:  13% (104/796)   [Kremote: Compressing objects:  14% (112/796)   [Kremote: Compressing objects:  15% (120/796)   [Kremote: Compressing objects:  16% (128/796)   [Kremote: Compressing objects:  17% (136/796)   [Kremote: Compressing objects:  18% (144/796)   [Kremote: Compressing objects:  19% (152/796)   [Kremote: Compressing objects:  20% (160/796)   [Kremote: Compressing objects:  21% (168/796)   [Kremote: Compressing objects:  22% (176/796)   [Kremote: Compressing objects:  23% (184/796)   [Kremote: Compressing objects:  24% (192/796)   [Kremote: Compressing objects:  25% (199/796)   [Kremote: Compressing objects:  26% (207/796)   [Kremote: Compressing objects:  27% (215/796)   [Kremote: Compressing objects:  28% (223/796)   [Kremote: Compressing objects:  29% (231/796)   [Kremote: Compressing objects:  30% (239/796)   [Kremote: Compressing objects:  31% (247/796)   [Kremote: Compressing objects:  32% (255/796)   [Kremote: Compressing objects:  33% (263/796)   [Kremote: Compressing objects:  34% (271/796)   [Kremote: Compressing objects:  35% (279/796)   [Kremote: Compressing objects:  36% (287/796)   [Kremote: Compressing objects:  37% (295/796)   [Kremote: Compressing objects:  38% (303/796)   [Kremote: Compressing objects:  39% (311/796)   [Kremote: Compressing objects:  40% (319/796)   [Kremote: Compressing objects:  41% (327/796)   [Kremote: Compressing objects:  42% (335/796)   [Kremote: Compressing objects:  43% (343/796)   [Kremote: Compressing objects:  44% (351/796)   [Kremote: Compressing objects:  45% (359/796)   [Kremote: Compressing objects:  46% (367/796)   [Kremote: Compressing objects:  47% (375/796)   [Kremote: Compressing objects:  48% (383/796)   [Kremote: Compressing objects:  49% (391/796)   [Kremote: Compressing objects:  50% (398/796)   [Kremote: Compressing objects:  51% (406/796)   [Kremote: Compressing objects:  52% (414/796)   [Kremote: Compressing objects:  53% (422/796)   [Kremote: Compressing objects:  54% (430/796)   [Kremote: Compressing objects:  55% (438/796)   [Kremote: Compressing objects:  56% (446/796)   [Kremote: Compressing objects:  57% (454/796)   [Kremote: Compressing objects:  58% (462/796)   [Kremote: Compressing objects:  59% (470/796)   [Kremote: Compressing objects:  60% (478/796)   [Kremote: Compressing objects:  61% (486/796)   [Kremote: Compressing objects:  62% (494/796)   [Kremote: Compressing objects:  63% (502/796)   [Kremote: Compressing objects:  64% (510/796)   [Kremote: Compressing objects:  65% (518/796)   [Kremote: Compressing objects:  66% (526/796)   [Kremote: Compressing objects:  67% (534/796)   [Kremote: Compressing objects:  68% (542/796)   [Kremote: Compressing objects:  69% (550/796)   [Kremote: Compressing objects:  70% (558/796)   [Kremote: Compressing objects:  71% (566/796)   [Kremote: Compressing objects:  72% (574/796)   [Kremote: Compressing objects:  73% (582/796)   [Kremote: Compressing objects:  74% (590/796)   [Kremote: Compressing objects:  75% (597/796)   [Kremote: Compressing objects:  76% (605/796)   [Kremote: Compressing objects:  77% (613/796)   [Kremote: Compressing objects:  78% (621/796)   [Kremote: Compressing objects:  79% (629/796)   [Kremote: Compressing objects:  80% (637/796)   [Kremote: Compressing objects:  81% (645/796)   [Kremote: Compressing objects:  82% (653/796)   [Kremote: Compressing objects:  83% (661/796)   [Kremote: Compressing objects:  84% (669/796)   [Kremote: Compressing objects:  85% (677/796)   [Kremote: Compressing objects:  86% (685/796)   [Kremote: Compressing objects:  87% (693/796)   [Kremote: Compressing objects:  88% (701/796)   [Kremote: Compressing objects:  89% (709/796)   [Kremote: Compressing objects:  90% (717/796)   [Kremote: Compressing objects:  91% (725/796)   [Kremote: Compressing objects:  92% (733/796)   [Kremote: Compressing objects:  93% (741/796)   [Kremote: Compressing objects:  94% (749/796)   [Kremote: Compressing objects:  95% (757/796)   [Kremote: Compressing objects:  96% (765/796)   [Kremote: Compressing objects:  97% (773/796)   [Kremote: Compressing objects:  98% (781/796)   [Kremote: Compressing objects:  99% (789/796)   [Kremote: Compressing objects: 100% (796/796)   [Kremote: Compressing objects: 100% (796/796), done.[K
Receiving objects:   0% (1/1332)   Receiving objects:   1% (14/1332)   Receiving objects:   2% (27/1332)   Receiving objects:   3% (40/1332)   Receiving objects:   4% (54/1332)   Receiving objects:   5% (67/1332)   Receiving objects:   6% (80/1332)   Receiving objects:   7% (94/1332)   Receiving objects:   8% (107/1332)   Receiving objects:   9% (120/1332)   Receiving objects:  10% (134/1332)   Receiving objects:  11% (147/1332)   Receiving objects:  12% (160/1332)   Receiving objects:  13% (174/1332)   Receiving objects:  14% (187/1332)   Receiving objects:  15% (200/1332)   Receiving objects:  16% (214/1332)   Receiving objects:  17% (227/1332)   Receiving objects:  18% (240/1332)   Receiving objects:  19% (254/1332)   Receiving objects:  20% (267/1332)   Receiving objects:  21% (280/1332)   Receiving objects:  22% (294/1332)   Receiving objects:  23% (307/1332)   Receiving objects:  24% (320/1332)   Receiving objects:  25% (333/1332)   Receiving objects:  26% (347/1332)   Receiving objects:  27% (360/1332)   Receiving objects:  28% (373/1332)   Receiving objects:  29% (387/1332)   Receiving objects:  30% (400/1332)   Receiving objects:  31% (413/1332)   Receiving objects:  32% (427/1332)   Receiving objects:  33% (440/1332)   Receiving objects:  34% (453/1332)   Receiving objects:  35% (467/1332)   Receiving objects:  36% (480/1332)   Receiving objects:  37% (493/1332)   Receiving objects:  38% (507/1332)   Receiving objects:  39% (520/1332)   Receiving objects:  40% (533/1332)   Receiving objects:  41% (547/1332)   Receiving objects:  42% (560/1332)   Receiving objects:  43% (573/1332)   Receiving objects:  44% (587/1332)   Receiving objects:  45% (600/1332)   Receiving objects:  46% (613/1332)   Receiving objects:  47% (627/1332)   Receiving objects:  48% (640/1332)   Receiving objects:  49% (653/1332)   Receiving objects:  50% (666/1332)   Receiving objects:  51% (680/1332)   Receiving objects:  52% (693/1332)   Receiving objects:  53% (706/1332)   Receiving objects:  54% (720/1332)   Receiving objects:  55% (733/1332)   Receiving objects:  56% (746/1332)   Receiving objects:  57% (760/1332)   Receiving objects:  58% (773/1332)   Receiving objects:  59% (786/1332)   Receiving objects:  60% (800/1332)   Receiving objects:  61% (813/1332)   Receiving objects:  62% (826/1332)   Receiving objects:  63% (840/1332)   Receiving objects:  64% (853/1332)   Receiving objects:  65% (866/1332)   Receiving objects:  66% (880/1332)   Receiving objects:  67% (893/1332)   Receiving objects:  68% (906/1332)   Receiving objects:  69% (920/1332)   Receiving objects:  70% (933/1332)   Receiving objects:  71% (946/1332)   Receiving objects:  72% (960/1332)   Receiving objects:  73% (973/1332)   Receiving objects:  74% (986/1332)   Receiving objects:  75% (999/1332)   Receiving objects:  76% (1013/1332)   Receiving objects:  77% (1026/1332)   Receiving objects:  78% (1039/1332)   Receiving objects:  79% (1053/1332)   Receiving objects:  80% (1066/1332)   Receiving objects:  81% (1079/1332)   Receiving objects:  82% (1093/1332)   Receiving objects:  83% (1106/1332)   Receiving objects:  84% (1119/1332)   Receiving objects:  85% (1133/1332)   Receiving objects:  86% (1146/1332)   Receiving objects:  87% (1159/1332)   Receiving objects:  88% (1173/1332)   Receiving objects:  89% (1186/1332)   Receiving objects:  90% (1199/1332)   Receiving objects:  91% (1213/1332)   Receiving objects:  92% (1226/1332)   Receiving objects:  93% (1239/1332)   Receiving objects:  94% (1253/1332)   Receiving objects:  95% (1266/1332)   Receiving objects:  96% (1279/1332)   Receiving objects:  97% (1293/1332)   Receiving objects:  98% (1306/1332)   remote: Total 1332 (delta 489), reused 925 (delta 341), pack-reused 0[K
Receiving objects:  99% (1319/1332)   Receiving objects: 100% (1332/1332)   Receiving objects: 100% (1332/1332), 891.93 KiB | 11.89 MiB/s, done.
Resolving deltas:   0% (0/489)   Resolving deltas:   1% (6/489)   Resolving deltas:   3% (16/489)   Resolving deltas:   4% (21/489)   Resolving deltas:   5% (25/489)   Resolving deltas:  10% (51/489)   Resolving deltas:  13% (64/489)   Resolving deltas:  14% (73/489)   Resolving deltas:  21% (104/489)   Resolving deltas:  25% (123/489)   Resolving deltas:  26% (132/489)   Resolving deltas:  27% (133/489)   Resolving deltas:  28% (138/489)   Resolving deltas:  31% (154/489)   Resolving deltas:  34% (171/489)   Resolving deltas:  35% (172/489)   Resolving deltas:  36% (178/489)   Resolving deltas:  38% (186/489)   Resolving deltas:  42% (206/489)   Resolving deltas:  44% (216/489)   Resolving deltas:  46% (225/489)   Resolving deltas:  47% (231/489)   Resolving deltas:  48% (235/489)   Resolving deltas:  60% (298/489)   Resolving deltas:  61% (299/489)   Resolving deltas:  63% (309/489)   Resolving deltas:  64% (313/489)   Resolving deltas:  65% (322/489)   Resolving deltas:  66% (324/489)   Resolving deltas:  67% (329/489)   Resolving deltas:  68% (333/489)   Resolving deltas:  69% (338/489)   Resolving deltas:  70% (343/489)   Resolving deltas:  72% (355/489)   Resolving deltas:  73% (357/489)   Resolving deltas:  74% (365/489)   Resolving deltas:  75% (367/489)   Resolving deltas:  76% (374/489)   Resolving deltas:  77% (377/489)   Resolving deltas:  78% (383/489)   Resolving deltas:  80% (393/489)   Resolving deltas:  81% (399/489)   Resolving deltas:  82% (401/489)   Resolving deltas:  83% (406/489)   Resolving deltas:  84% (412/489)   Resolving deltas:  85% (417/489)   Resolving deltas:  86% (421/489)   Resolving deltas:  87% (427/489)   Resolving deltas:  88% (434/489)   Resolving deltas:  89% (436/489)   Resolving deltas:  90% (441/489)   Resolving deltas:  91% (445/489)   Resolving deltas:  92% (450/489)   Resolving deltas:  93% (455/489)   Resolving deltas:  95% (467/489)   Resolving deltas:  96% (474/489)   Resolving deltas:  97% (475/489)   Resolving deltas:  98% (481/489)   Resolving deltas: 100% (489/489)   Resolving deltas: 100% (489/489), done.

travis_time:end:1a54145c:start=1526623381166241192,finish=1526623384543285910,duration=3377044718[0K$ cd square/okhttp
travis_time:start:24e9fd60[0K$ git fetch origin +refs/pull/4011/merge:
remote: Counting objects: 10, done.[K
remote: Compressing objects:  14% (1/7)   [Kremote: Compressing objects:  28% (2/7)   [Kremote: Compressing objects:  42% (3/7)   [Kremote: Compressing objects:  57% (4/7)   [Kremote: Compressing objects:  71% (5/7)   [Kremote: Compressing objects:  85% (6/7)   [Kremote: Compressing objects: 100% (7/7)   [Kremote: Compressing objects: 100% (7/7), done.[K
remote: Total 10 (delta 5), reused 4 (delta 0), pack-reused 0[K
Unpacking objects:  10% (1/10)   Unpacking objects:  20% (2/10)   Unpacking objects:  30% (3/10)   Unpacking objects:  40% (4/10)   Unpacking objects:  50% (5/10)   Unpacking objects:  60% (6/10)   Unpacking objects:  70% (7/10)   Unpacking objects:  80% (8/10)   Unpacking objects:  90% (9/10)   Unpacking objects: 100% (10/10)   Unpacking objects: 100% (10/10), done.
From https://github.com/square/okhttp
 * branch            refs/pull/4011/merge -> FETCH_HEAD

travis_time:end:24e9fd60:start=1526623384549348300,finish=1526623385508736032,duration=959387732[0K$ git checkout -qf FETCH_HEAD
travis_fold:end:git.checkout[0Ktravis_fold:start:git.submodule[0Ktravis_time:start:05a1482f[0K$ git submodule update --init --recursive
Submodule 'okhttp-hpacktests/src/test/resources/hpack-test-case' (git://github.com/http2jp/hpack-test-case.git) registered for path 'okhttp-hpacktests/src/test/resources/hpack-test-case'
Cloning into '/home/travis/build/square/okhttp/okhttp-hpacktests/src/test/resources/hpack-test-case'...
Submodule path 'okhttp-hpacktests/src/test/resources/hpack-test-case': checked out 'a5652bc2bc3d2a992f39446369fb004a72e881d4'

travis_time:end:05a1482f:start=1526623385544483590,finish=1526623388127206848,duration=2582723258[0Ktravis_fold:end:git.submodule[0Ktravis_fold:start:apt[0K[33;1mInstalling APT Packages (BETA)[0m
$ export DEBIAN_FRONTEND=noninteractive
travis_time:start:247bf5d3[0K$ sudo -E apt-get -yq update &>> ~/apt-get-update.log

travis_time:end:247bf5d3:start=1526623388133337046,finish=1526623394228189584,duration=6094852538[0Ktravis_time:start:22ee77f9[0K$ sudo -E apt-get -yq --no-install-suggests --no-install-recommends --force-yes install oracle-java8-installer
Reading package lists...
Building dependency tree...
Reading state information...
Suggested packages:
  visualvm ttf-baekmuk | ttf-unfonts | ttf-unfonts-core ttf-kochi-gothic
  | ttf-sazanami-gothic ttf-kochi-mincho | ttf-sazanami-mincho
  ttf-arphic-uming
Recommended packages:
  oracle-java8-set-default
The following packages will be upgraded:
  oracle-java8-installer
1 upgraded, 0 newly installed, 0 to remove and 184 not upgraded.
Need to get 33.3 kB of archives.
After this operation, 0 B of additional disk space will be used.
Get:1 http://ppa.launchpad.net/webupd8team/java/ubuntu trusty/main amd64 oracle-java8-installer all 8u171-1~webupd8~0 [33.3 kB]
Fetched 33.3 kB in 0s (145 kB/s)
Preconfiguring packages ...
(Reading database ... (Reading database ... 5%(Reading database ... 10%(Reading database ... 15%(Reading database ... 20%(Reading database ... 25%(Reading database ... 30%(Reading database ... 35%(Reading database ... 40%(Reading database ... 45%(Reading database ... 50%(Reading database ... 55%(Reading database ... 60%(Reading database ... 65%(Reading database ... 70%(Reading database ... 75%(Reading database ... 80%(Reading database ... 85%(Reading database ... 90%(Reading database ... 95%(Reading database ... 100%(Reading database ... 72205 files and directories currently installed.)
Preparing to unpack .../oracle-java8-installer_8u171-1~webupd8~0_all.deb ...
oracle-license-v1-1 license has already been accepted
Unpacking oracle-java8-installer (8u171-1~webupd8~0) over (8u151-1~webupd8~0) ...
Processing triggers for mime-support (3.54ubuntu1.1) ...
Processing triggers for hicolor-icon-theme (0.13-1) ...
Processing triggers for shared-mime-info (1.2-0ubuntu3) ...
Setting up oracle-java8-installer (8u171-1~webupd8~0) ...
No /var/cache/oracle-jdk8-installer/wgetrc file found.
Creating /var/cache/oracle-jdk8-installer/wgetrc and
using default oracle-java8-installer wgetrc settings for it.
Downloading Oracle Java 8...
--2018-05-18 06:03:26--  http://download.oracle.com/otn-pub/java/jdk/8u171-b11/512cd62ec5174c3487ac17c61aaa89e8/jdk-8u171-linux-x64.tar.gz
Resolving download.oracle.com (download.oracle.com)... 23.36.32.122
Connecting to download.oracle.com (download.oracle.com)|23.36.32.122|:80... connected.
HTTP request sent, awaiting response... 302 Moved Temporarily
Location: https://edelivery.oracle.com/otn-pub/java/jdk/8u171-b11/512cd62ec5174c3487ac17c61aaa89e8/jdk-8u171-linux-x64.tar.gz [following]
--2018-05-18 06:03:26--  https://edelivery.oracle.com/otn-pub/java/jdk/8u171-b11/512cd62ec5174c3487ac17c61aaa89e8/jdk-8u171-linux-x64.tar.gz
Resolving edelivery.oracle.com (edelivery.oracle.com)... 23.49.182.138, 2600:1408:2000:198::2d3e, 2600:1408:2000:197::2d3e
Connecting to edelivery.oracle.com (edelivery.oracle.com)|23.49.182.138|:443... connected.
HTTP request sent, awaiting response... 302 Moved Temporarily
Location: http://download.oracle.com/otn-pub/java/jdk/8u171-b11/512cd62ec5174c3487ac17c61aaa89e8/jdk-8u171-linux-x64.tar.gz?AuthParam=1526623526_d2c36802308aaa8291ec416280ac9222 [following]
--2018-05-18 06:03:26--  http://download.oracle.com/otn-pub/java/jdk/8u171-b11/512cd62ec5174c3487ac17c61aaa89e8/jdk-8u171-linux-x64.tar.gz?AuthParam=1526623526_d2c36802308aaa8291ec416280ac9222
Connecting to download.oracle.com (download.oracle.com)|23.36.32.122|:80... connected.
HTTP request sent, awaiting response... 200 OK
Length: 190890122 (182M) [application/x-gzip]
Saving to: ‘jdk-8u171-linux-x64.tar.gz’

     0K ........ ........ ........ ........ ........ ........  1% 18.4M 10s
  3072K ........ ........ ........ ........ ........ ........  3% 16.2M 10s
  6144K ........ ........ ........ ........ ........ ........  4% 16.9M 10s
  9216K ........ ........ ........ ........ ........ ........  6% 17.1M 10s
 12288K ........ ........ ........ ........ ........ ........  8% 18.8M 10s
 15360K ........ ........ ........ ........ ........ ........  9% 18.4M 9s
 18432K ........ ........ ........ ........ ........ ........ 11% 18.5M 9s
 21504K ........ ........ ........ ........ ........ ........ 13% 16.8M 9s
 24576K ........ ........ ........ ........ ........ ........ 14% 17.0M 9s
 27648K ........ ........ ........ ........ ........ ........ 16% 16.4M 9s
 30720K ........ ........ ........ ........ ........ ........ 18% 17.0M 9s
 33792K ........ ........ ........ ........ ........ ........ 19% 17.0M 8s
 36864K ........ ........ ........ ........ ........ ........ 21% 17.3M 8s
 39936K ........ ........ ........ ........ ........ ........ 23% 16.7M 8s
 43008K ........ ........ ........ ........ ........ ........ 24% 15.7M 8s
 46080K ........ ........ ........ ........ ........ ........ 26% 18.2M 8s
 49152K ........ ........ ........ ........ ........ ........ 28% 16.4M 8s
 52224K ........ ........ ........ ........ ........ ........ 29% 16.9M 7s
 55296K ........ ........ ........ ........ ........ ........ 31% 40.4M 7s
 58368K ........ ........ ........ ........ ........ ........ 32% 8.29M 7s
 61440K ........ ........ ........ ........ ........ ........ 34% 15.5M 7s
 64512K ........ ........ ........ ........ ........ ........ 36% 18.2M 7s
 67584K ........ ........ ........ ........ ........ ........ 37% 17.0M 7s
 70656K ........ ........ ........ ........ ........ ........ 39% 16.9M 7s
 73728K ........ ........ ........ ........ ........ ........ 41% 17.1M 6s
 76800K ........ ........ ........ ........ ........ ........ 42% 17.0M 6s
 79872K ........ ........ ........ ........ ........ ........ 44% 15.9M 6s
 82944K ........ ........ ........ ........ ........ ........ 46% 31.0M 6s
 86016K ........ ........ ........ ........ ........ ........ 47% 14.3M 6s
 89088K ........ ........ ........ ........ ........ ........ 49% 13.0M 5s
 92160K ........ ........ ........ ........ ........ ........ 51% 17.9M 5s
 95232K ........ ........ ........ ........ ........ ........ 52% 16.9M 5s
 98304K ........ ........ ........ ........ ........ ........ 54% 17.1M 5s
101376K ........ ........ ........ ........ ........ ........ 56% 16.6M 5s
104448K ........ ........ ........ ........ ........ ........ 57% 16.1M 5s
107520K ........ ........ ........ ........ ........ ........ 59% 16.0M 4s
110592K ........ ........ ........ ........ ........ ........ 60% 8.45M 4s
113664K ........ ........ ........ ........ ........ ........ 62% 16.9M 4s
116736K ........ ........ ........ ........ ........ ........ 64% 21.9M 4s
119808K ........ ........ ........ ........ ........ ........ 65% 16.9M 4s
122880K ........ ........ ........ ........ ........ ........ 67% 22.2M 4s
125952K ........ ........ ........ ........ ........ ........ 69% 16.8M 3s
129024K ........ ........ ........ ........ ........ ........ 70% 17.0M 3s
132096K ........ ........ ........ ........ ........ ........ 72% 16.8M 3s
135168K ........ ........ ........ ........ ........ ........ 74% 18.3M 3s
138240K ........ ........ ........ ........ ........ ........ 75% 18.0M 3s
141312K ........ ........ ........ ........ ........ ........ 77% 16.7M 2s
144384K ........ ........ ........ ........ ........ ........ 79% 17.0M 2s
147456K ........ ........ ........ ........ ........ ........ 80% 17.2M 2s
150528K ........ ........ ........ ........ ........ ........ 82% 17.0M 2s
153600K ........ ........ ........ ........ ........ ........ 84% 22.3M 2s
156672K ........ ........ ........ ........ ........ ........ 85% 24.9M 2s
159744K ........ ........ ........ ........ ........ ........ 87% 16.9M 1s
162816K ........ ........ ........ ........ ........ ........ 88% 16.9M 1s
165888K ........ ........ ........ ........ ........ ........ 90% 17.2M 1s
168960K ........ ........ ........ ........ ........ ........ 92% 17.0M 1s
172032K ........ ........ ........ ........ ........ ........ 93% 18.2M 1s
175104K ........ ........ ........ ........ ........ ........ 95% 18.4M 0s
178176K ........ ........ ........ ........ ........ ........ 97% 41.9M 0s
181248K ........ ........ ........ ........ ........ ........ 98% 18.5M 0s
184320K ........ ........ ........ ........                  100% 13.6M=11s

2018-05-18 06:03:37 (17.1 MB/s) - ‘jdk-8u171-linux-x64.tar.gz’ saved [190890122/190890122]

Download done.
Removing outdated cached downloads...
update-binfmts: warning: current package is oracle-java8, but binary format already installed by openjdk-7
Oracle JDK 8 installed

#####Important########
To set Oracle JDK8 as default, install the "oracle-java8-set-default" package.
E.g.: sudo apt install oracle-java8-set-default
On Ubuntu systems, oracle-java8-set-default is most probably installed
automatically with this package.
######################

W: --force-yes is deprecated, use one of the options starting with --allow instead.

travis_time:end:22ee77f9:start=1526623394234491545,finish=1526623423675377767,duration=29440886222[0Ktravis_fold:end:apt[0K$ export PATH=$JAVA_HOME/bin:$PATH
travis_fold:start:cache.1[0KSetting up build cache
$ export CASHER_DIR=$HOME/.casher
travis_time:start:0e14d8ba[0K$ Installing caching utilities

travis_time:end:0e14d8ba:start=1526623434532372304,finish=1526623434567878277,duration=35505973[0Ktravis_time:start:07c8d470[0K
travis_time:end:07c8d470:start=1526623434576032949,finish=1526623434581449769,duration=5416820[0Ktravis_time:start:0f7152ed[0K[32;1mattempting to download cache archive[0m
[32;1mfetching PR.4011/cache-linux-trusty-e3b0c44298fc1c149afbf4c8996fb92427ae41e4649b934ca495991b7852b855--jdk-oraclejdk8.tgz[0m
[32;1mfetching PR.4011/cache--jdk-oraclejdk8.tgz[0m
[32;1mfetching master/cache-linux-trusty-e3b0c44298fc1c149afbf4c8996fb92427ae41e4649b934ca495991b7852b855--jdk-oraclejdk8.tgz[0m
[32;1mfound cache[0m

travis_time:end:0f7152ed:start=1526623434588699323,finish=1526623441179887302,duration=6591187979[0Ktravis_time:start:09f985b0[0K
travis_time:end:09f985b0:start=1526623441186324058,finish=1526623441191805136,duration=5481078[0Ktravis_time:start:2c05b142[0K[32;1madding /home/travis/.m2 to cache[0m

travis_time:end:2c05b142:start=1526623441198946400,finish=1526623444911714242,duration=3712767842[0Ktravis_fold:end:cache.1[0K$ java -Xmx32m -version
Picked up _JAVA_OPTIONS: -Xmx2048m -Xms512m
java version "1.8.0_171"
Java(TM) SE Runtime Environment (build 1.8.0_171-b11)
Java HotSpot(TM) 64-Bit Server VM (build 25.171-b11, mixed mode)
$ javac -J-Xmx32m -version
Picked up _JAVA_OPTIONS: -Xmx2048m -Xms512m
javac 1.8.0_171
travis_fold:start:install[0Ktravis_time:start:0ef8d906[0K$ mvn install -DskipTests=true -Dmaven.javadoc.skip=true -B -V
Picked up _JAVA_OPTIONS: -Xmx2048m -Xms512m
Apache Maven 3.5.2 (138edd61fd100ec658bfa2d307c43b76940a5d7d; 2017-10-18T07:58:13Z)
Maven home: /usr/local/maven-3.5.2
Java version: 1.8.0_171, vendor: Oracle Corporation
Java home: /usr/lib/jvm/java-8-oracle/jre
Default locale: en_US, platform encoding: UTF-8
OS name: "linux", version: "4.14.12-041412-generic", arch: "amd64", family: "unix"
[INFO] Scanning for projects...
[INFO] ------------------------------------------------------------------------
[INFO] Reactor Build Order:
[INFO] 
[INFO] OkHttp (Parent)
[INFO] OkHttp
[INFO] OkHttp test support classes
[INFO] MockWebServer
[INFO] OkHttp URLConnection
[INFO] OkHttp Tests
[INFO] OkHttp Android Platform Support
[INFO] OkHttp Apache HttpClient
[INFO] OkHttp Logging Interceptor
[INFO] OkCurl
[INFO] Samples (Parent)
[INFO] Sample: Guide
[INFO] Sample: Crawler
[INFO] Sample: Simple Client
[INFO] Sample: Slack
[INFO] Sample: Static Server
[INFO] Benchmarks
[INFO] 
[INFO] ------------------------------------------------------------------------
[INFO] Building OkHttp (Parent) 3.11.0-SNAPSHOT
[INFO] ------------------------------------------------------------------------
[INFO] 
[INFO] --- maven-enforcer-plugin:1.0:enforce (enforce-maven) @ parent ---
[INFO] 
[INFO] --- animal-sniffer-maven-plugin:1.15:check (default) @ parent ---
[INFO] Checking unresolved references to org.codehaus.mojo.signature:java16:1.1
[INFO] 
[INFO] --- maven-checkstyle-plugin:2.17:checkstyle (default) @ parent ---
[INFO] 
[INFO] --- maven-install-plugin:2.4:install (default-install) @ parent ---
[INFO] Installing /home/travis/build/square/okhttp/pom.xml to /home/travis/.m2/repository/com/squareup/okhttp3/parent/3.11.0-SNAPSHOT/parent-3.11.0-SNAPSHOT.pom
[INFO] 
[INFO] ------------------------------------------------------------------------
[INFO] Building OkHttp 3.11.0-SNAPSHOT
[INFO] ------------------------------------------------------------------------
[INFO] 
[INFO] --- maven-enforcer-plugin:1.0:enforce (enforce-maven) @ okhttp ---
[INFO] 
[INFO] --- templating-maven-plugin:1.0-alpha-3:filter-sources (default) @ okhttp ---
[INFO] Using 'UTF-8' encoding to copy filtered resources.
[INFO] Copying 1 resource
[INFO] Source directory: /home/travis/build/square/okhttp/okhttp/target/generated-sources/java-templates added.
[INFO] 
[INFO] --- maven-resources-plugin:2.6:resources (default-resources) @ okhttp ---
[INFO] Using 'UTF-8' encoding to copy filtered resources.
[INFO] Copying 1 resource
[INFO] 
[INFO] --- maven-compiler-plugin:3.6.1:compile (default-compile) @ okhttp ---
[INFO] Changes detected - recompiling the module!
[INFO] Compiling 101 source files to /home/travis/build/square/okhttp/okhttp/target/classes
Note: /home/travis/build/square/okhttp/okhttp/src/main/java/okhttp3/OkHttpClient.java uses or overrides a deprecated API.
Note: Recompile with -Xlint:deprecation for details.
Note: Some input files use unchecked or unsafe operations.
Note: Recompile with -Xlint:unchecked for details.
[INFO] 
[INFO] --- maven-resources-plugin:2.6:testResources (default-testResources) @ okhttp ---
[INFO] Using 'UTF-8' encoding to copy filtered resources.
[INFO] skip non existing resourceDirectory /home/travis/build/square/okhttp/okhttp/src/test/resources
[INFO] 
[INFO] --- maven-compiler-plugin:3.6.1:testCompile (default-testCompile) @ okhttp ---
[INFO] Changes detected - recompiling the module!
[INFO] Compiling 1 source file to /home/travis/build/square/okhttp/okhttp/target/test-classes
[INFO] 
[INFO] --- maven-surefire-plugin:2.17:test (default-test) @ okhttp ---
[INFO] Tests are skipped.
[INFO] 
[INFO] --- animal-sniffer-maven-plugin:1.15:check (default) @ okhttp ---
[INFO] Checking unresolved references to org.codehaus.mojo.signature:java16:1.1
[INFO] 
[INFO] --- maven-jar-plugin:3.0.2:jar (default-jar) @ okhttp ---
[INFO] Building jar: /home/travis/build/square/okhttp/okhttp/target/okhttp-3.11.0-SNAPSHOT.jar
[INFO] 
[INFO] --- maven-checkstyle-plugin:2.17:checkstyle (default) @ okhttp ---
[INFO] Starting audit...
Audit done.
[WARNING] Unable to locate Source XRef to link to - DISABLED
[INFO] 
[INFO] --- maven-install-plugin:2.4:install (default-install) @ okhttp ---
[INFO] Installing /home/travis/build/square/okhttp/okhttp/target/okhttp-3.11.0-SNAPSHOT.jar to /home/travis/.m2/repository/com/squareup/okhttp3/okhttp/3.11.0-SNAPSHOT/okhttp-3.11.0-SNAPSHOT.jar
[INFO] Installing /home/travis/build/square/okhttp/okhttp/pom.xml to /home/travis/.m2/repository/com/squareup/okhttp3/okhttp/3.11.0-SNAPSHOT/okhttp-3.11.0-SNAPSHOT.pom
[INFO] 
[INFO] ------------------------------------------------------------------------
[INFO] Building OkHttp test support classes 3.11.0-SNAPSHOT
[INFO] ------------------------------------------------------------------------
[INFO] 
[INFO] --- maven-enforcer-plugin:1.0:enforce (enforce-maven) @ okhttp-testing-support ---
[INFO] 
[INFO] --- maven-resources-plugin:2.6:resources (default-resources) @ okhttp-testing-support ---
[INFO] Using 'UTF-8' encoding to copy filtered resources.
[INFO] skip non existing resourceDirectory /home/travis/build/square/okhttp/okhttp-testing-support/src/main/resources
[INFO] 
[INFO] --- maven-compiler-plugin:3.6.1:compile (default-compile) @ okhttp-testing-support ---
[INFO] Changes detected - recompiling the module!
[INFO] Compiling 7 source files to /home/travis/build/square/okhttp/okhttp-testing-support/target/classes
[INFO] 
[INFO] --- maven-resources-plugin:2.6:testResources (default-testResources) @ okhttp-testing-support ---
[INFO] Using 'UTF-8' encoding to copy filtered resources.
[INFO] skip non existing resourceDirectory /home/travis/build/square/okhttp/okhttp-testing-support/src/test/resources
[INFO] 
[INFO] --- maven-compiler-plugin:3.6.1:testCompile (default-testCompile) @ okhttp-testing-support ---
[INFO] No sources to compile
[INFO] 
[INFO] --- maven-surefire-plugin:2.17:test (default-test) @ okhttp-testing-support ---
[INFO] Tests are skipped.
[INFO] 
[INFO] --- animal-sniffer-maven-plugin:1.15:check (default) @ okhttp-testing-support ---
[INFO] Checking unresolved references to org.codehaus.mojo.signature:java16:1.1
[INFO] 
[INFO] --- maven-jar-plugin:3.0.2:jar (default-jar) @ okhttp-testing-support ---
[INFO] Building jar: /home/travis/build/square/okhttp/okhttp-testing-support/target/okhttp-testing-support-3.11.0-SNAPSHOT.jar
[INFO] 
[INFO] --- maven-checkstyle-plugin:2.17:checkstyle (default) @ okhttp-testing-support ---
[INFO] Starting audit...
Audit done.
[WARNING] Unable to locate Source XRef to link to - DISABLED
[INFO] 
[INFO] --- maven-install-plugin:2.4:install (default-install) @ okhttp-testing-support ---
[INFO] Installing /home/travis/build/square/okhttp/okhttp-testing-support/target/okhttp-testing-support-3.11.0-SNAPSHOT.jar to /home/travis/.m2/repository/com/squareup/okhttp3/okhttp-testing-support/3.11.0-SNAPSHOT/okhttp-testing-support-3.11.0-SNAPSHOT.jar
[INFO] Installing /home/travis/build/square/okhttp/okhttp-testing-support/pom.xml to /home/travis/.m2/repository/com/squareup/okhttp3/okhttp-testing-support/3.11.0-SNAPSHOT/okhttp-testing-support-3.11.0-SNAPSHOT.pom
[INFO] 
[INFO] ------------------------------------------------------------------------
[INFO] Building MockWebServer 3.11.0-SNAPSHOT
[INFO] ------------------------------------------------------------------------
[INFO] 
[INFO] --- maven-enforcer-plugin:1.0:enforce (enforce-maven) @ mockwebserver ---
[INFO] 
[INFO] --- maven-resources-plugin:2.6:resources (default-resources) @ mockwebserver ---
[INFO] Using 'UTF-8' encoding to copy filtered resources.
[INFO] skip non existing resourceDirectory /home/travis/build/square/okhttp/mockwebserver/src/main/resources
[INFO] 
[INFO] --- maven-compiler-plugin:3.6.1:compile (default-compile) @ mockwebserver ---
[INFO] Changes detected - recompiling the module!
[INFO] Compiling 10 source files to /home/travis/build/square/okhttp/mockwebserver/target/classes
Note: /home/travis/build/square/okhttp/mockwebserver/src/main/java/okhttp3/mockwebserver/internal/tls/HeldCertificate.java uses or overrides a deprecated API.
Note: Recompile with -Xlint:deprecation for details.
[INFO] 
[INFO] --- maven-resources-plugin:2.6:testResources (default-testResources) @ mockwebserver ---
[INFO] Using 'UTF-8' encoding to copy filtered resources.
[INFO] skip non existing resourceDirectory /home/travis/build/square/okhttp/mockwebserver/src/test/resources
[INFO] 
[INFO] --- maven-compiler-plugin:3.6.1:testCompile (default-testCompile) @ mockwebserver ---
[INFO] Changes detected - recompiling the module!
[INFO] Compiling 2 source files to /home/travis/build/square/okhttp/mockwebserver/target/test-classes
[INFO] 
[INFO] --- maven-surefire-plugin:2.17:test (default-test) @ mockwebserver ---
[INFO] Tests are skipped.
[INFO] 
[INFO] --- animal-sniffer-maven-plugin:1.15:check (default) @ mockwebserver ---
[INFO] Checking unresolved references to org.codehaus.mojo.signature:java16:1.1
[INFO] 
[INFO] --- maven-jar-plugin:3.0.2:jar (default-jar) @ mockwebserver ---
[INFO] Building jar: /home/travis/build/square/okhttp/mockwebserver/target/mockwebserver-3.11.0-SNAPSHOT.jar
[INFO] 
[INFO] --- maven-assembly-plugin:3.0.0:single (default) @ mockwebserver ---
[INFO] Building jar: /home/travis/build/square/okhttp/mockwebserver/target/mockwebserver-3.11.0-SNAPSHOT-jar-with-dependencies.jar
[INFO] 
[INFO] --- maven-checkstyle-plugin:2.17:checkstyle (default) @ mockwebserver ---
[INFO] Starting audit...
Audit done.
[WARNING] Unable to locate Source XRef to link to - DISABLED
[INFO] 
[INFO] --- maven-install-plugin:2.4:install (default-install) @ mockwebserver ---
[INFO] Installing /home/travis/build/square/okhttp/mockwebserver/target/mockwebserver-3.11.0-SNAPSHOT.jar to /home/travis/.m2/repository/com/squareup/okhttp3/mockwebserver/3.11.0-SNAPSHOT/mockwebserver-3.11.0-SNAPSHOT.jar
[INFO] Installing /home/travis/build/square/okhttp/mockwebserver/pom.xml to /home/travis/.m2/repository/com/squareup/okhttp3/mockwebserver/3.11.0-SNAPSHOT/mockwebserver-3.11.0-SNAPSHOT.pom
[INFO] Installing /home/travis/build/square/okhttp/mockwebserver/target/mockwebserver-3.11.0-SNAPSHOT-jar-with-dependencies.jar to /home/travis/.m2/repository/com/squareup/okhttp3/mockwebserver/3.11.0-SNAPSHOT/mockwebserver-3.11.0-SNAPSHOT-jar-with-dependencies.jar
[INFO] 
[INFO] ------------------------------------------------------------------------
[INFO] Building OkHttp URLConnection 3.11.0-SNAPSHOT
[INFO] ------------------------------------------------------------------------
[INFO] 
[INFO] --- maven-enforcer-plugin:1.0:enforce (enforce-maven) @ okhttp-urlconnection ---
[INFO] 
[INFO] --- maven-resources-plugin:2.6:resources (default-resources) @ okhttp-urlconnection ---
[INFO] Using 'UTF-8' encoding to copy filtered resources.
[INFO] skip non existing resourceDirectory /home/travis/build/square/okhttp/okhttp-urlconnection/src/main/resources
[INFO] 
[INFO] --- maven-compiler-plugin:3.6.1:compile (default-compile) @ okhttp-urlconnection ---
[INFO] Changes detected - recompiling the module!
[INFO] Compiling 11 source files to /home/travis/build/square/okhttp/okhttp-urlconnection/target/classes
Note: Some input files use or override a deprecated API.
Note: Recompile with -Xlint:deprecation for details.
[INFO] 
[INFO] --- maven-resources-plugin:2.6:testResources (default-testResources) @ okhttp-urlconnection ---
[INFO] Using 'UTF-8' encoding to copy filtered resources.
[INFO] skip non existing resourceDirectory /home/travis/build/square/okhttp/okhttp-urlconnection/src/test/resources
[INFO] 
[INFO] --- maven-compiler-plugin:3.6.1:testCompile (default-testCompile) @ okhttp-urlconnection ---
[INFO] Changes detected - recompiling the module!
[INFO] Compiling 3 source files to /home/travis/build/square/okhttp/okhttp-urlconnection/target/test-classes
Note: Some input files use or override a deprecated API.
Note: Recompile with -Xlint:deprecation for details.
[INFO] 
[INFO] --- maven-surefire-plugin:2.17:test (default-test) @ okhttp-urlconnection ---
[INFO] Tests are skipped.
[INFO] 
[INFO] --- animal-sniffer-maven-plugin:1.15:check (default) @ okhttp-urlconnection ---
[INFO] Checking unresolved references to org.codehaus.mojo.signature:java16:1.1
[INFO] 
[INFO] --- maven-jar-plugin:3.0.2:jar (default-jar) @ okhttp-urlconnection ---
[INFO] Building jar: /home/travis/build/square/okhttp/okhttp-urlconnection/target/okhttp-urlconnection-3.11.0-SNAPSHOT.jar
[INFO] 
[INFO] --- maven-checkstyle-plugin:2.17:checkstyle (default) @ okhttp-urlconnection ---
[INFO] Starting audit...
Audit done.
[WARNING] Unable to locate Source XRef to link to - DISABLED
[INFO] 
[INFO] --- maven-install-plugin:2.4:install (default-install) @ okhttp-urlconnection ---
[INFO] Installing /home/travis/build/square/okhttp/okhttp-urlconnection/target/okhttp-urlconnection-3.11.0-SNAPSHOT.jar to /home/travis/.m2/repository/com/squareup/okhttp3/okhttp-urlconnection/3.11.0-SNAPSHOT/okhttp-urlconnection-3.11.0-SNAPSHOT.jar
[INFO] Installing /home/travis/build/square/okhttp/okhttp-urlconnection/pom.xml to /home/travis/.m2/repository/com/squareup/okhttp3/okhttp-urlconnection/3.11.0-SNAPSHOT/okhttp-urlconnection-3.11.0-SNAPSHOT.pom
[INFO] 
[INFO] ------------------------------------------------------------------------
[INFO] Building OkHttp Tests 3.11.0-SNAPSHOT
[INFO] ------------------------------------------------------------------------
[INFO] 
[INFO] --- maven-enforcer-plugin:1.0:enforce (enforce-maven) @ okhttp-tests ---
[INFO] 
[INFO] --- maven-resources-plugin:2.6:resources (default-resources) @ okhttp-tests ---
[INFO] Using 'UTF-8' encoding to copy filtered resources.
[INFO] skip non existing resourceDirectory /home/travis/build/square/okhttp/okhttp-tests/src/main/resources
[INFO] 
[INFO] --- maven-compiler-plugin:3.6.1:compile (default-compile) @ okhttp-tests ---
[INFO] Changes detected - recompiling the module!
[INFO] Compiling 1 source file to /home/travis/build/square/okhttp/okhttp-tests/target/classes
[INFO] 
[INFO] --- maven-resources-plugin:2.6:testResources (default-testResources) @ okhttp-tests ---
[INFO] Using 'UTF-8' encoding to copy filtered resources.
[INFO] Copying 1 resource
[INFO] 
[INFO] --- maven-compiler-plugin:3.6.1:testCompile (default-testCompile) @ okhttp-tests ---
[INFO] Changes detected - recompiling the module!
[INFO] Compiling 86 source files to /home/travis/build/square/okhttp/okhttp-tests/target/test-classes
Note: Some input files use or override a deprecated API.
Note: Recompile with -Xlint:deprecation for details.
Note: Some input files use unchecked or unsafe operations.
Note: Recompile with -Xlint:unchecked for details.
[INFO] 
[INFO] --- maven-surefire-plugin:2.17:test (default-test) @ okhttp-tests ---
[INFO] Tests are skipped.
[INFO] 
[INFO] --- animal-sniffer-maven-plugin:1.15:check (default) @ okhttp-tests ---
[INFO] Checking unresolved references to org.codehaus.mojo.signature:java16:1.1
[INFO] 
[INFO] --- maven-jar-plugin:2.4:jar (default-jar) @ okhttp-tests ---
[INFO] Building jar: /home/travis/build/square/okhttp/okhttp-tests/target/okhttp-tests-3.11.0-SNAPSHOT.jar
[INFO] 
[INFO] --- maven-assembly-plugin:3.1.0:single (default) @ okhttp-tests ---
[INFO] Building jar: /home/travis/build/square/okhttp/okhttp-tests/target/okhttp-tests-3.11.0-SNAPSHOT-jar-with-dependencies.jar
[INFO] 
[INFO] --- maven-checkstyle-plugin:2.17:checkstyle (default) @ okhttp-tests ---
[INFO] Starting audit...
Audit done.
[WARNING] Unable to locate Source XRef to link to - DISABLED
[INFO] 
[INFO] --- maven-install-plugin:2.4:install (default-install) @ okhttp-tests ---
[INFO] Installing /home/travis/build/square/okhttp/okhttp-tests/target/okhttp-tests-3.11.0-SNAPSHOT.jar to /home/travis/.m2/repository/com/squareup/okhttp3/okhttp-tests/3.11.0-SNAPSHOT/okhttp-tests-3.11.0-SNAPSHOT.jar
[INFO] Installing /home/travis/build/square/okhttp/okhttp-tests/pom.xml to /home/travis/.m2/repository/com/squareup/okhttp3/okhttp-tests/3.11.0-SNAPSHOT/okhttp-tests-3.11.0-SNAPSHOT.pom
[INFO] Installing /home/travis/build/square/okhttp/okhttp-tests/target/okhttp-tests-3.11.0-SNAPSHOT-jar-with-dependencies.jar to /home/travis/.m2/repository/com/squareup/okhttp3/okhttp-tests/3.11.0-SNAPSHOT/okhttp-tests-3.11.0-SNAPSHOT-jar-with-dependencies.jar
[INFO] 
[INFO] ------------------------------------------------------------------------
[INFO] Building OkHttp Android Platform Support 3.11.0-SNAPSHOT
[INFO] ------------------------------------------------------------------------
[INFO] 
[INFO] --- maven-enforcer-plugin:1.0:enforce (enforce-maven) @ okhttp-android-support ---
[INFO] 
[INFO] --- maven-resources-plugin:2.6:resources (default-resources) @ okhttp-android-support ---
[INFO] Using 'UTF-8' encoding to copy filtered resources.
[INFO] skip non existing resourceDirectory /home/travis/build/square/okhttp/okhttp-android-support/src/main/resources
[INFO] 
[INFO] --- maven-compiler-plugin:3.6.1:compile (default-compile) @ okhttp-android-support ---
[INFO] Changes detected - recompiling the module!
[INFO] Compiling 5 source files to /home/travis/build/square/okhttp/okhttp-android-support/target/classes
Note: /home/travis/build/square/okhttp/okhttp-android-support/src/main/java/okhttp3/AndroidInternal.java uses or overrides a deprecated API.
Note: Recompile with -Xlint:deprecation for details.
[INFO] 
[INFO] --- maven-resources-plugin:2.6:testResources (default-testResources) @ okhttp-android-support ---
[INFO] Using 'UTF-8' encoding to copy filtered resources.
[INFO] skip non existing resourceDirectory /home/travis/build/square/okhttp/okhttp-android-support/src/test/resources
[INFO] 
[INFO] --- maven-compiler-plugin:3.6.1:testCompile (default-testCompile) @ okhttp-android-support ---
[INFO] Changes detected - recompiling the module!
[INFO] Compiling 6 source files to /home/travis/build/square/okhttp/okhttp-android-support/target/test-classes
Note: Some input files use or override a deprecated API.
Note: Recompile with -Xlint:deprecation for details.
[INFO] 
[INFO] --- maven-surefire-plugin:2.17:test (default-test) @ okhttp-android-support ---
[INFO] Tests are skipped.
[INFO] 
[INFO] --- animal-sniffer-maven-plugin:1.15:check (default) @ okhttp-android-support ---
[INFO] Checking unresolved references to org.codehaus.mojo.signature:java16:1.1
[INFO] 
[INFO] --- maven-jar-plugin:3.0.2:jar (default-jar) @ okhttp-android-support ---
[INFO] Building jar: /home/travis/build/square/okhttp/okhttp-android-support/target/okhttp-android-support-3.11.0-SNAPSHOT.jar
[INFO] 
[INFO] --- maven-checkstyle-plugin:2.17:checkstyle (default) @ okhttp-android-support ---
[INFO] Starting audit...
Audit done.
[WARNING] Unable to locate Source XRef to link to - DISABLED
[INFO] 
[INFO] --- maven-install-plugin:2.4:install (default-install) @ okhttp-android-support ---
[INFO] Installing /home/travis/build/square/okhttp/okhttp-android-support/target/okhttp-android-support-3.11.0-SNAPSHOT.jar to /home/travis/.m2/repository/com/squareup/okhttp3/okhttp-android-support/3.11.0-SNAPSHOT/okhttp-android-support-3.11.0-SNAPSHOT.jar
[INFO] Installing /home/travis/build/square/okhttp/okhttp-android-support/pom.xml to /home/travis/.m2/repository/com/squareup/okhttp3/okhttp-android-support/3.11.0-SNAPSHOT/okhttp-android-support-3.11.0-SNAPSHOT.pom
[INFO] 
[INFO] ------------------------------------------------------------------------
[INFO] Building OkHttp Apache HttpClient 3.11.0-SNAPSHOT
[INFO] ------------------------------------------------------------------------
[INFO] 
[INFO] --- maven-enforcer-plugin:1.0:enforce (enforce-maven) @ okhttp-apache ---
[INFO] 
[INFO] --- maven-resources-plugin:2.6:resources (default-resources) @ okhttp-apache ---
[INFO] Using 'UTF-8' encoding to copy filtered resources.
[INFO] skip non existing resourceDirectory /home/travis/build/square/okhttp/okhttp-apache/src/main/resources
[INFO] 
[INFO] --- maven-compiler-plugin:3.6.1:compile (default-compile) @ okhttp-apache ---
[INFO] Changes detected - recompiling the module!
[INFO] Compiling 2 source files to /home/travis/build/square/okhttp/okhttp-apache/target/classes
[INFO] 
[INFO] --- maven-resources-plugin:2.6:testResources (default-testResources) @ okhttp-apache ---
[INFO] Using 'UTF-8' encoding to copy filtered resources.
[INFO] skip non existing resourceDirectory /home/travis/build/square/okhttp/okhttp-apache/src/test/resources
[INFO] 
[INFO] --- maven-compiler-plugin:3.6.1:testCompile (default-testCompile) @ okhttp-apache ---
[INFO] Changes detected - recompiling the module!
[INFO] Compiling 1 source file to /home/travis/build/square/okhttp/okhttp-apache/target/test-classes
Note: /home/travis/build/square/okhttp/okhttp-apache/src/test/java/okhttp3/apache/OkApacheClientTest.java uses or overrides a deprecated API.
Note: Recompile with -Xlint:deprecation for details.
[INFO] 
[INFO] --- maven-surefire-plugin:2.17:test (default-test) @ okhttp-apache ---
[INFO] Tests are skipped.
[INFO] 
[INFO] --- animal-sniffer-maven-plugin:1.15:check (default) @ okhttp-apache ---
[INFO] Checking unresolved references to org.codehaus.mojo.signature:java16:1.1
[INFO] 
[INFO] --- maven-jar-plugin:3.0.2:jar (default-jar) @ okhttp-apache ---
[INFO] Building jar: /home/travis/build/square/okhttp/okhttp-apache/target/okhttp-apache-3.11.0-SNAPSHOT.jar
[INFO] 
[INFO] --- maven-checkstyle-plugin:2.17:checkstyle (default) @ okhttp-apache ---
[INFO] Starting audit...
Audit done.
[WARNING] Unable to locate Source XRef to link to - DISABLED
[INFO] 
[INFO] --- maven-install-plugin:2.4:install (default-install) @ okhttp-apache ---
[INFO] Installing /home/travis/build/square/okhttp/okhttp-apache/target/okhttp-apache-3.11.0-SNAPSHOT.jar to /home/travis/.m2/repository/com/squareup/okhttp3/okhttp-apache/3.11.0-SNAPSHOT/okhttp-apache-3.11.0-SNAPSHOT.jar
[INFO] Installing /home/travis/build/square/okhttp/okhttp-apache/pom.xml to /home/travis/.m2/repository/com/squareup/okhttp3/okhttp-apache/3.11.0-SNAPSHOT/okhttp-apache-3.11.0-SNAPSHOT.pom
[INFO] 
[INFO] ------------------------------------------------------------------------
[INFO] Building OkHttp Logging Interceptor 3.11.0-SNAPSHOT
[INFO] ------------------------------------------------------------------------
[INFO] 
[INFO] --- maven-enforcer-plugin:1.0:enforce (enforce-maven) @ logging-interceptor ---
[INFO] 
[INFO] --- maven-resources-plugin:2.6:resources (default-resources) @ logging-interceptor ---
[INFO] Using 'UTF-8' encoding to copy filtered resources.
[INFO] skip non existing resourceDirectory /home/travis/build/square/okhttp/okhttp-logging-interceptor/src/main/resources
[INFO] 
[INFO] --- maven-compiler-plugin:3.6.1:compile (default-compile) @ logging-interceptor ---
[INFO] Changes detected - recompiling the module!
[INFO] Compiling 2 source files to /home/travis/build/square/okhttp/okhttp-logging-interceptor/target/classes
[INFO] 
[INFO] --- maven-resources-plugin:2.6:testResources (default-testResources) @ logging-interceptor ---
[INFO] Using 'UTF-8' encoding to copy filtered resources.
[INFO] skip non existing resourceDirectory /home/travis/build/square/okhttp/okhttp-logging-interceptor/src/test/resources
[INFO] 
[INFO] --- maven-compiler-plugin:3.6.1:testCompile (default-testCompile) @ logging-interceptor ---
[INFO] Changes detected - recompiling the module!
[INFO] Compiling 1 source file to /home/travis/build/square/okhttp/okhttp-logging-interceptor/target/test-classes
[INFO] 
[INFO] --- maven-surefire-plugin:2.17:test (default-test) @ logging-interceptor ---
[INFO] Tests are skipped.
[INFO] 
[INFO] --- animal-sniffer-maven-plugin:1.15:check (default) @ logging-interceptor ---
[INFO] Checking unresolved references to org.codehaus.mojo.signature:java16:1.1
[INFO] 
[INFO] --- maven-jar-plugin:3.0.2:jar (default-jar) @ logging-interceptor ---
[INFO] Building jar: /home/travis/build/square/okhttp/okhttp-logging-interceptor/target/logging-interceptor-3.11.0-SNAPSHOT.jar
[INFO] 
[INFO] --- maven-checkstyle-plugin:2.17:checkstyle (default) @ logging-interceptor ---
[INFO] Starting audit...
Audit done.
[WARNING] Unable to locate Source XRef to link to - DISABLED
[INFO] 
[INFO] --- maven-install-plugin:2.4:install (default-install) @ logging-interceptor ---
[INFO] Installing /home/travis/build/square/okhttp/okhttp-logging-interceptor/target/logging-interceptor-3.11.0-SNAPSHOT.jar to /home/travis/.m2/repository/com/squareup/okhttp3/logging-interceptor/3.11.0-SNAPSHOT/logging-interceptor-3.11.0-SNAPSHOT.jar
[INFO] Installing /home/travis/build/square/okhttp/okhttp-logging-interceptor/pom.xml to /home/travis/.m2/repository/com/squareup/okhttp3/logging-interceptor/3.11.0-SNAPSHOT/logging-interceptor-3.11.0-SNAPSHOT.pom
[INFO] 
[INFO] ------------------------------------------------------------------------
[INFO] Building OkCurl 3.11.0-SNAPSHOT
[INFO] ------------------------------------------------------------------------
[INFO] 
[INFO] --- maven-enforcer-plugin:1.0:enforce (enforce-maven) @ okcurl ---
[INFO] 
[INFO] --- maven-resources-plugin:2.6:resources (default-resources) @ okcurl ---
[INFO] Using 'UTF-8' encoding to copy filtered resources.
[INFO] Copying 1 resource
[INFO] 
[INFO] --- maven-compiler-plugin:3.6.1:compile (default-compile) @ okcurl ---
[INFO] Changes detected - recompiling the module!
[INFO] Compiling 1 source file to /home/travis/build/square/okhttp/okcurl/target/classes
[INFO] 
[INFO] --- maven-resources-plugin:2.6:testResources (default-testResources) @ okcurl ---
[INFO] Using 'UTF-8' encoding to copy filtered resources.
[INFO] skip non existing resourceDirectory /home/travis/build/square/okhttp/okcurl/src/test/resources
[INFO] 
[INFO] --- maven-compiler-plugin:3.6.1:testCompile (default-testCompile) @ okcurl ---
[INFO] Changes detected - recompiling the module!
[INFO] Compiling 1 source file to /home/travis/build/square/okhttp/okcurl/target/test-classes
[INFO] 
[INFO] --- maven-surefire-plugin:2.17:test (default-test) @ okcurl ---
[INFO] Tests are skipped.
[INFO] 
[INFO] --- animal-sniffer-maven-plugin:1.15:check (default) @ okcurl ---
[INFO] Checking unresolved references to org.codehaus.mojo.signature:java16:1.1
[INFO] 
[INFO] --- maven-jar-plugin:3.0.2:jar (default-jar) @ okcurl ---
[INFO] Building jar: /home/travis/build/square/okhttp/okcurl/target/okcurl-3.11.0-SNAPSHOT.jar
[INFO] 
[INFO] --- maven-assembly-plugin:3.0.0:single (default) @ okcurl ---
[INFO] Building jar: /home/travis/build/square/okhttp/okcurl/target/okcurl-3.11.0-SNAPSHOT-jar-with-dependencies.jar
[INFO] 
[INFO] --- really-executable-jar-maven-plugin:1.1.0:really-executable-jar (default) @ okcurl ---
[INFO] 
[INFO] --- maven-checkstyle-plugin:2.17:checkstyle (default) @ okcurl ---
[INFO] Starting audit...
Audit done.
[WARNING] Unable to locate Source XRef to link to - DISABLED
[INFO] 
[INFO] --- maven-install-plugin:2.4:install (default-install) @ okcurl ---
[INFO] Installing /home/travis/build/square/okhttp/okcurl/target/okcurl-3.11.0-SNAPSHOT.jar to /home/travis/.m2/repository/com/squareup/okhttp3/okcurl/3.11.0-SNAPSHOT/okcurl-3.11.0-SNAPSHOT.jar
[INFO] Installing /home/travis/build/square/okhttp/okcurl/pom.xml to /home/travis/.m2/repository/com/squareup/okhttp3/okcurl/3.11.0-SNAPSHOT/okcurl-3.11.0-SNAPSHOT.pom
[INFO] Installing /home/travis/build/square/okhttp/okcurl/target/okcurl-3.11.0-SNAPSHOT-jar-with-dependencies.jar to /home/travis/.m2/repository/com/squareup/okhttp3/okcurl/3.11.0-SNAPSHOT/okcurl-3.11.0-SNAPSHOT-jar-with-dependencies.jar
[INFO] 
[INFO] ------------------------------------------------------------------------
[INFO] Building Samples (Parent) 3.11.0-SNAPSHOT
[INFO] ------------------------------------------------------------------------
[INFO] 
[INFO] --- maven-enforcer-plugin:1.0:enforce (enforce-maven) @ sample-parent ---
[INFO] 
[INFO] --- maven-checkstyle-plugin:2.17:checkstyle (default) @ sample-parent ---
[INFO] 
[INFO] --- maven-install-plugin:2.4:install (default-install) @ sample-parent ---
[INFO] Installing /home/travis/build/square/okhttp/samples/pom.xml to /home/travis/.m2/repository/com/squareup/okhttp3/sample/sample-parent/3.11.0-SNAPSHOT/sample-parent-3.11.0-SNAPSHOT.pom
[INFO] 
[INFO] ------------------------------------------------------------------------
[INFO] Building Sample: Guide 3.11.0-SNAPSHOT
[INFO] ------------------------------------------------------------------------
[INFO] 
[INFO] --- maven-enforcer-plugin:1.0:enforce (enforce-maven) @ guide ---
[INFO] 
[INFO] --- maven-resources-plugin:2.6:resources (default-resources) @ guide ---
[INFO] Using 'UTF-8' encoding to copy filtered resources.
[INFO] skip non existing resourceDirectory /home/travis/build/square/okhttp/samples/guide/src/main/resources
[INFO] 
[INFO] --- maven-compiler-plugin:3.6.1:compile (default-compile) @ guide ---
[INFO] Changes detected - recompiling the module!
[INFO] Compiling 28 source files to /home/travis/build/square/okhttp/samples/guide/target/classes
[INFO] 
[INFO] --- maven-resources-plugin:2.6:testResources (default-testResources) @ guide ---
[INFO] Using 'UTF-8' encoding to copy filtered resources.
[INFO] skip non existing resourceDirectory /home/travis/build/square/okhttp/samples/guide/src/test/resources
[INFO] 
[INFO] --- maven-compiler-plugin:3.6.1:testCompile (default-testCompile) @ guide ---
[INFO] No sources to compile
[INFO] 
[INFO] --- maven-surefire-plugin:2.17:test (default-test) @ guide ---
[INFO] Tests are skipped.
[INFO] 
[INFO] --- maven-jar-plugin:2.4:jar (default-jar) @ guide ---
[INFO] Building jar: /home/travis/build/square/okhttp/samples/guide/target/guide-3.11.0-SNAPSHOT.jar
[INFO] 
[INFO] --- maven-checkstyle-plugin:2.17:checkstyle (default) @ guide ---
[INFO] Starting audit...
Audit done.
[WARNING] Unable to locate Source XRef to link to - DISABLED
[INFO] 
[INFO] --- maven-install-plugin:2.4:install (default-install) @ guide ---
[INFO] Installing /home/travis/build/square/okhttp/samples/guide/target/guide-3.11.0-SNAPSHOT.jar to /home/travis/.m2/repository/com/squareup/okhttp3/sample/guide/3.11.0-SNAPSHOT/guide-3.11.0-SNAPSHOT.jar
[INFO] Installing /home/travis/build/square/okhttp/samples/guide/pom.xml to /home/travis/.m2/repository/com/squareup/okhttp3/sample/guide/3.11.0-SNAPSHOT/guide-3.11.0-SNAPSHOT.pom
[INFO] 
[INFO] ------------------------------------------------------------------------
[INFO] Building Sample: Crawler 3.11.0-SNAPSHOT
[INFO] ------------------------------------------------------------------------
[INFO] 
[INFO] --- maven-enforcer-plugin:1.0:enforce (enforce-maven) @ crawler ---
[INFO] 
[INFO] --- maven-resources-plugin:2.6:resources (default-resources) @ crawler ---
[INFO] Using 'UTF-8' encoding to copy filtered resources.
[INFO] skip non existing resourceDirectory /home/travis/build/square/okhttp/samples/crawler/src/main/resources
[INFO] 
[INFO] --- maven-compiler-plugin:3.6.1:compile (default-compile) @ crawler ---
[INFO] Changes detected - recompiling the module!
[INFO] Compiling 1 source file to /home/travis/build/square/okhttp/samples/crawler/target/classes
[INFO] 
[INFO] --- maven-resources-plugin:2.6:testResources (default-testResources) @ crawler ---
[INFO] Using 'UTF-8' encoding to copy filtered resources.
[INFO] skip non existing resourceDirectory /home/travis/build/square/okhttp/samples/crawler/src/test/resources
[INFO] 
[INFO] --- maven-compiler-plugin:3.6.1:testCompile (default-testCompile) @ crawler ---
[INFO] No sources to compile
[INFO] 
[INFO] --- maven-surefire-plugin:2.17:test (default-test) @ crawler ---
[INFO] Tests are skipped.
[INFO] 
[INFO] --- maven-jar-plugin:2.4:jar (default-jar) @ crawler ---
[INFO] Building jar: /home/travis/build/square/okhttp/samples/crawler/target/crawler-3.11.0-SNAPSHOT.jar
[INFO] 
[INFO] --- maven-checkstyle-plugin:2.17:checkstyle (default) @ crawler ---
[INFO] Starting audit...
Audit done.
[WARNING] Unable to locate Source XRef to link to - DISABLED
[INFO] 
[INFO] --- maven-install-plugin:2.4:install (default-install) @ crawler ---
[INFO] Installing /home/travis/build/square/okhttp/samples/crawler/target/crawler-3.11.0-SNAPSHOT.jar to /home/travis/.m2/repository/com/squareup/okhttp3/sample/crawler/3.11.0-SNAPSHOT/crawler-3.11.0-SNAPSHOT.jar
[INFO] Installing /home/travis/build/square/okhttp/samples/crawler/pom.xml to /home/travis/.m2/repository/com/squareup/okhttp3/sample/crawler/3.11.0-SNAPSHOT/crawler-3.11.0-SNAPSHOT.pom
[INFO] 
[INFO] ------------------------------------------------------------------------
[INFO] Building Sample: Simple Client 3.11.0-SNAPSHOT
[INFO] ------------------------------------------------------------------------
[INFO] 
[INFO] --- maven-enforcer-plugin:1.0:enforce (enforce-maven) @ simple-client ---
[INFO] 
[INFO] --- maven-resources-plugin:2.6:resources (default-resources) @ simple-client ---
[INFO] Using 'UTF-8' encoding to copy filtered resources.
[INFO] skip non existing resourceDirectory /home/travis/build/square/okhttp/samples/simple-client/src/main/resources
[INFO] 
[INFO] --- maven-compiler-plugin:3.6.1:compile (default-compile) @ simple-client ---
[INFO] Changes detected - recompiling the module!
[INFO] Compiling 1 source file to /home/travis/build/square/okhttp/samples/simple-client/target/classes
[INFO] 
[INFO] --- maven-resources-plugin:2.6:testResources (default-testResources) @ simple-client ---
[INFO] Using 'UTF-8' encoding to copy filtered resources.
[INFO] skip non existing resourceDirectory /home/travis/build/square/okhttp/samples/simple-client/src/test/resources
[INFO] 
[INFO] --- maven-compiler-plugin:3.6.1:testCompile (default-testCompile) @ simple-client ---
[INFO] No sources to compile
[INFO] 
[INFO] --- maven-surefire-plugin:2.17:test (default-test) @ simple-client ---
[INFO] Tests are skipped.
[INFO] 
[INFO] --- maven-jar-plugin:2.4:jar (default-jar) @ simple-client ---
[INFO] Building jar: /home/travis/build/square/okhttp/samples/simple-client/target/simple-client-3.11.0-SNAPSHOT.jar
[INFO] 
[INFO] --- maven-checkstyle-plugin:2.17:checkstyle (default) @ simple-client ---
[INFO] Starting audit...
Audit done.
[WARNING] Unable to locate Source XRef to link to - DISABLED
[INFO] 
[INFO] --- maven-install-plugin:2.4:install (default-install) @ simple-client ---
[INFO] Installing /home/travis/build/square/okhttp/samples/simple-client/target/simple-client-3.11.0-SNAPSHOT.jar to /home/travis/.m2/repository/com/squareup/okhttp3/sample/simple-client/3.11.0-SNAPSHOT/simple-client-3.11.0-SNAPSHOT.jar
[INFO] Installing /home/travis/build/square/okhttp/samples/simple-client/pom.xml to /home/travis/.m2/repository/com/squareup/okhttp3/sample/simple-client/3.11.0-SNAPSHOT/simple-client-3.11.0-SNAPSHOT.pom
[INFO] 
[INFO] ------------------------------------------------------------------------
[INFO] Building Sample: Slack 3.11.0-SNAPSHOT
[INFO] ------------------------------------------------------------------------
[INFO] 
[INFO] --- maven-enforcer-plugin:1.0:enforce (enforce-maven) @ slack ---
[INFO] 
[INFO] --- maven-resources-plugin:2.6:resources (default-resources) @ slack ---
[INFO] Using 'UTF-8' encoding to copy filtered resources.
[INFO] skip non existing resourceDirectory /home/travis/build/square/okhttp/samples/slack/src/main/resources
[INFO] 
[INFO] --- maven-compiler-plugin:3.6.1:compile (default-compile) @ slack ---
[INFO] Changes detected - recompiling the module!
[INFO] Compiling 6 source files to /home/travis/build/square/okhttp/samples/slack/target/classes
[INFO] 
[INFO] --- maven-resources-plugin:2.6:testResources (default-testResources) @ slack ---
[INFO] Using 'UTF-8' encoding to copy filtered resources.
[INFO] skip non existing resourceDirectory /home/travis/build/square/okhttp/samples/slack/src/test/resources
[INFO] 
[INFO] --- maven-compiler-plugin:3.6.1:testCompile (default-testCompile) @ slack ---
[INFO] No sources to compile
[INFO] 
[INFO] --- maven-surefire-plugin:2.17:test (default-test) @ slack ---
[INFO] Tests are skipped.
[INFO] 
[INFO] --- maven-jar-plugin:2.4:jar (default-jar) @ slack ---
[INFO] Building jar: /home/travis/build/square/okhttp/samples/slack/target/slack-3.11.0-SNAPSHOT.jar
[INFO] 
[INFO] --- maven-checkstyle-plugin:2.17:checkstyle (default) @ slack ---
[INFO] Starting audit...
Audit done.
[WARNING] Unable to locate Source XRef to link to - DISABLED
[INFO] 
[INFO] --- maven-install-plugin:2.4:install (default-install) @ slack ---
[INFO] Installing /home/travis/build/square/okhttp/samples/slack/target/slack-3.11.0-SNAPSHOT.jar to /home/travis/.m2/repository/com/squareup/okhttp3/sample/slack/3.11.0-SNAPSHOT/slack-3.11.0-SNAPSHOT.jar
[INFO] Installing /home/travis/build/square/okhttp/samples/slack/pom.xml to /home/travis/.m2/repository/com/squareup/okhttp3/sample/slack/3.11.0-SNAPSHOT/slack-3.11.0-SNAPSHOT.pom
[INFO] 
[INFO] ------------------------------------------------------------------------
[INFO] Building Sample: Static Server 3.11.0-SNAPSHOT
[INFO] ------------------------------------------------------------------------
[INFO] 
[INFO] --- maven-enforcer-plugin:1.0:enforce (enforce-maven) @ static-server ---
[INFO] 
[INFO] --- maven-resources-plugin:2.6:resources (default-resources) @ static-server ---
[INFO] Using 'UTF-8' encoding to copy filtered resources.
[INFO] skip non existing resourceDirectory /home/travis/build/square/okhttp/samples/static-server/src/main/resources
[INFO] 
[INFO] --- maven-compiler-plugin:3.6.1:compile (default-compile) @ static-server ---
[INFO] Changes detected - recompiling the module!
[INFO] Compiling 1 source file to /home/travis/build/square/okhttp/samples/static-server/target/classes
[INFO] 
[INFO] --- maven-resources-plugin:2.6:testResources (default-testResources) @ static-server ---
[INFO] Using 'UTF-8' encoding to copy filtered resources.
[INFO] skip non existing resourceDirectory /home/travis/build/square/okhttp/samples/static-server/src/test/resources
[INFO] 
[INFO] --- maven-compiler-plugin:3.6.1:testCompile (default-testCompile) @ static-server ---
[INFO] No sources to compile
[INFO] 
[INFO] --- maven-surefire-plugin:2.17:test (default-test) @ static-server ---
[INFO] Tests are skipped.
[INFO] 
[INFO] --- maven-jar-plugin:2.4:jar (default-jar) @ static-server ---
[INFO] Building jar: /home/travis/build/square/okhttp/samples/static-server/target/static-server-3.11.0-SNAPSHOT.jar
[INFO] 
[INFO] --- maven-shade-plugin:2.1:shade (default) @ static-server ---
[WARNING] Map in class org.apache.maven.plugins.shade.resource.ManifestResourceTransformer declares value type as: class java.util.jar.Attributes but saw: class java.lang.String at runtime
[INFO] Including com.squareup.okhttp3:mockwebserver:jar:3.11.0-SNAPSHOT in the shaded jar.
[INFO] Including com.squareup.okhttp3:okhttp:jar:3.11.0-SNAPSHOT in the shaded jar.
[INFO] Including com.squareup.okio:okio:jar:1.14.0 in the shaded jar.
[INFO] Including org.bouncycastle:bcprov-jdk15on:jar:1.50 in the shaded jar.
[INFO] Including junit:junit:jar:4.12 in the shaded jar.
[INFO] Including org.hamcrest:hamcrest-core:jar:1.3 in the shaded jar.
[INFO] Attaching shaded artifact.
[INFO] 
[INFO] --- maven-checkstyle-plugin:2.17:checkstyle (default) @ static-server ---
[INFO] Starting audit...
Audit done.
[WARNING] Unable to locate Source XRef to link to - DISABLED
[INFO] 
[INFO] --- maven-install-plugin:2.4:install (default-install) @ static-server ---
[INFO] Installing /home/travis/build/square/okhttp/samples/static-server/target/static-server-3.11.0-SNAPSHOT.jar to /home/travis/.m2/repository/com/squareup/okhttp3/sample/static-server/3.11.0-SNAPSHOT/static-server-3.11.0-SNAPSHOT.jar
[INFO] Installing /home/travis/build/square/okhttp/samples/static-server/pom.xml to /home/travis/.m2/repository/com/squareup/okhttp3/sample/static-server/3.11.0-SNAPSHOT/static-server-3.11.0-SNAPSHOT.pom
[INFO] Installing /home/travis/build/square/okhttp/samples/static-server/target/static-server-3.11.0-SNAPSHOT-shaded.jar to /home/travis/.m2/repository/com/squareup/okhttp3/sample/static-server/3.11.0-SNAPSHOT/static-server-3.11.0-SNAPSHOT-shaded.jar
[INFO] 
[INFO] ------------------------------------------------------------------------
[INFO] Building Benchmarks 3.11.0-SNAPSHOT
[INFO] ------------------------------------------------------------------------
[INFO] 
[INFO] --- maven-enforcer-plugin:1.0:enforce (enforce-maven) @ benchmarks ---
[INFO] 
[INFO] --- maven-resources-plugin:2.6:resources (default-resources) @ benchmarks ---
[INFO] Using 'UTF-8' encoding to copy filtered resources.
[INFO] skip non existing resourceDirectory /home/travis/build/square/okhttp/benchmarks/src/main/resources
[INFO] 
[INFO] --- maven-compiler-plugin:3.6.1:compile (default-compile) @ benchmarks ---
[INFO] Changes detected - recompiling the module!
[INFO] Compiling 9 source files to /home/travis/build/square/okhttp/benchmarks/target/classes
[INFO] 
[INFO] --- maven-resources-plugin:2.6:testResources (default-testResources) @ benchmarks ---
[INFO] Using 'UTF-8' encoding to copy filtered resources.
[INFO] skip non existing resourceDirectory /home/travis/build/square/okhttp/benchmarks/src/test/resources
[INFO] 
[INFO] --- maven-compiler-plugin:3.6.1:testCompile (default-testCompile) @ benchmarks ---
[INFO] No sources to compile
[INFO] 
[INFO] --- maven-surefire-plugin:2.17:test (default-test) @ benchmarks ---
[INFO] Tests are skipped.
[INFO] 
[INFO] --- maven-jar-plugin:2.4:jar (default-jar) @ benchmarks ---
[INFO] Building jar: /home/travis/build/square/okhttp/benchmarks/target/benchmarks-3.11.0-SNAPSHOT.jar
[INFO] 
[INFO] --- maven-checkstyle-plugin:2.17:checkstyle (default) @ benchmarks ---
[INFO] Starting audit...
Audit done.
[WARNING] Unable to locate Source XRef to link to - DISABLED
[INFO] 
[INFO] --- maven-install-plugin:2.4:install (default-install) @ benchmarks ---
[INFO] Installing /home/travis/build/square/okhttp/benchmarks/target/benchmarks-3.11.0-SNAPSHOT.jar to /home/travis/.m2/repository/com/squareup/okhttp3/benchmarks/3.11.0-SNAPSHOT/benchmarks-3.11.0-SNAPSHOT.jar
[INFO] Installing /home/travis/build/square/okhttp/benchmarks/pom.xml to /home/travis/.m2/repository/com/squareup/okhttp3/benchmarks/3.11.0-SNAPSHOT/benchmarks-3.11.0-SNAPSHOT.pom
[INFO] ------------------------------------------------------------------------
[INFO] Reactor Summary:
[INFO] 
[INFO] OkHttp (Parent) .................................... SUCCESS [  4.064 s]
[INFO] OkHttp ............................................. SUCCESS [ 13.990 s]
[INFO] OkHttp test support classes ........................ SUCCESS [  1.308 s]
[INFO] MockWebServer ...................................... SUCCESS [ 47.419 s]
[INFO] OkHttp URLConnection ............................... SUCCESS [  1.776 s]
[INFO] OkHttp Tests ....................................... SUCCESS [ 11.376 s]
[INFO] OkHttp Android Platform Support .................... SUCCESS [  2.214 s]
[INFO] OkHttp Apache HttpClient ........................... SUCCESS [  1.078 s]
[INFO] OkHttp Logging Interceptor ......................... SUCCESS [  0.821 s]
[INFO] OkCurl ............................................. SUCCESS [ 44.956 s]
[INFO] Samples (Parent) ................................... SUCCESS [  0.014 s]
[INFO] Sample: Guide ...................................... SUCCESS [  1.138 s]
[INFO] Sample: Crawler .................................... SUCCESS [  0.402 s]
[INFO] Sample: Simple Client .............................. SUCCESS [  0.307 s]
[INFO] Sample: Slack ...................................... SUCCESS [  0.508 s]
[INFO] Sample: Static Server .............................. SUCCESS [  1.019 s]
[INFO] Benchmarks ......................................... SUCCESS [  0.581 s]
[INFO] ------------------------------------------------------------------------
[INFO] BUILD SUCCESS
[INFO] ------------------------------------------------------------------------
[INFO] Total time: 02:13 min
[INFO] Finished at: 2018-05-18T06:06:20Z
[INFO] Final Memory: 198M/945M
[INFO] ------------------------------------------------------------------------

travis_time:end:0ef8d906:start=1526623445192854897,finish=1526623581014124460,duration=135821269563[0Ktravis_fold:end:install[0Ktravis_time:start:10dcc987[0K$ mvn test javadoc:jar source:jar -B
Picked up _JAVA_OPTIONS: -Xmx2048m -Xms512m
[INFO] Scanning for projects...
[INFO] ------------------------------------------------------------------------
[INFO] Reactor Build Order:
[INFO] 
[INFO] OkHttp (Parent)
[INFO] OkHttp
[INFO] OkHttp test support classes
[INFO] MockWebServer
[INFO] OkHttp URLConnection
[INFO] OkHttp Tests
[INFO] OkHttp Android Platform Support
[INFO] OkHttp Apache HttpClient
[INFO] OkHttp Logging Interceptor
[INFO] OkCurl
[INFO] Samples (Parent)
[INFO] Sample: Guide
[INFO] Sample: Crawler
[INFO] Sample: Simple Client
[INFO] Sample: Slack
[INFO] Sample: Static Server
[INFO] Benchmarks
[INFO] 
[INFO] ------------------------------------------------------------------------
[INFO] Building OkHttp (Parent) 3.11.0-SNAPSHOT
[INFO] ------------------------------------------------------------------------
[INFO] 
[INFO] --- maven-enforcer-plugin:1.0:enforce (enforce-maven) @ parent ---
[INFO] 
[INFO] --- animal-sniffer-maven-plugin:1.15:check (default) @ parent ---
[INFO] Checking unresolved references to org.codehaus.mojo.signature:java16:1.1
[INFO] 
[INFO] --- maven-javadoc-plugin:2.10.4:jar (default-cli) @ parent ---
[INFO] Not executing Javadoc as the project is not a Java classpath-capable package
[INFO] 
[INFO] >>> maven-source-plugin:3.0.1:jar (default-cli) > generate-sources @ parent >>>
[INFO] 
[INFO] --- maven-enforcer-plugin:1.0:enforce (enforce-maven) @ parent ---
[INFO] 
[INFO] <<< maven-source-plugin:3.0.1:jar (default-cli) < generate-sources @ parent <<<
[INFO] 
[INFO] 
[INFO] --- maven-source-plugin:3.0.1:jar (default-cli) @ parent ---
[INFO] 
[INFO] ------------------------------------------------------------------------
[INFO] Building OkHttp 3.11.0-SNAPSHOT
[INFO] ------------------------------------------------------------------------
[INFO] 
[INFO] --- maven-enforcer-plugin:1.0:enforce (enforce-maven) @ okhttp ---
[INFO] 
[INFO] --- templating-maven-plugin:1.0-alpha-3:filter-sources (default) @ okhttp ---
[INFO] Using 'UTF-8' encoding to copy filtered resources.
[INFO] Copying 1 resource
[INFO] Source directory: /home/travis/build/square/okhttp/okhttp/target/generated-sources/java-templates added.
[INFO] 
[INFO] --- maven-resources-plugin:2.6:resources (default-resources) @ okhttp ---
[INFO] Using 'UTF-8' encoding to copy filtered resources.
[INFO] Copying 1 resource
[INFO] 
[INFO] --- maven-compiler-plugin:3.6.1:compile (default-compile) @ okhttp ---
[INFO] Changes detected - recompiling the module!
[INFO] Compiling 101 source files to /home/travis/build/square/okhttp/okhttp/target/classes
Note: /home/travis/build/square/okhttp/okhttp/src/main/java/okhttp3/OkHttpClient.java uses or overrides a deprecated API.
Note: Recompile with -Xlint:deprecation for details.
Note: Some input files use unchecked or unsafe operations.
Note: Recompile with -Xlint:unchecked for details.
[INFO] 
[INFO] --- maven-resources-plugin:2.6:testResources (default-testResources) @ okhttp ---
[INFO] Using 'UTF-8' encoding to copy filtered resources.
[INFO] skip non existing resourceDirectory /home/travis/build/square/okhttp/okhttp/src/test/resources
[INFO] 
[INFO] --- maven-compiler-plugin:3.6.1:testCompile (default-testCompile) @ okhttp ---
[INFO] Nothing to compile - all classes are up to date
[INFO] 
[INFO] --- maven-surefire-plugin:2.17:test (default-test) @ okhttp ---
[INFO] 
[INFO] --- animal-sniffer-maven-plugin:1.15:check (default) @ okhttp ---
[INFO] Checking unresolved references to org.codehaus.mojo.signature:java16:1.1
[INFO] 
[INFO] --- maven-javadoc-plugin:2.10.4:jar (default-cli) @ okhttp ---
[INFO] 
Loading source files for package okhttp3...
Constructing Javadoc information...
Standard Doclet version 1.8.0_171
Building tree for all the packages and classes...
Generating /home/travis/build/square/okhttp/okhttp/target/apidocs/okhttp3/Address.html...
Generating /home/travis/build/square/okhttp/okhttp/target/apidocs/okhttp3/Authenticator.html...
Generating /home/travis/build/square/okhttp/okhttp/target/apidocs/okhttp3/Cache.html...
Generating /home/travis/build/square/okhttp/okhttp/target/apidocs/okhttp3/CacheControl.html...
Generating /home/travis/build/square/okhttp/okhttp/target/apidocs/okhttp3/CacheControl.Builder.html...
Generating /home/travis/build/square/okhttp/okhttp/target/apidocs/okhttp3/Call.html...
Generating /home/travis/build/square/okhttp/okhttp/target/apidocs/okhttp3/Call.Factory.html...
Generating /home/travis/build/square/okhttp/okhttp/target/apidocs/okhttp3/Callback.html...
Generating /home/travis/build/square/okhttp/okhttp/target/apidocs/okhttp3/CertificatePinner.html...
Generating /home/travis/build/square/okhttp/okhttp/target/apidocs/okhttp3/CertificatePinner.Builder.html...
Generating /home/travis/build/square/okhttp/okhttp/target/apidocs/okhttp3/Challenge.html...
Generating /home/travis/build/square/okhttp/okhttp/target/apidocs/okhttp3/CipherSuite.html...
Generating /home/travis/build/square/okhttp/okhttp/target/apidocs/okhttp3/Connection.html...
Generating /home/travis/build/square/okhttp/okhttp/target/apidocs/okhttp3/ConnectionPool.html...
Generating /home/travis/build/square/okhttp/okhttp/target/apidocs/okhttp3/ConnectionSpec.html...
Generating /home/travis/build/square/okhttp/okhttp/target/apidocs/okhttp3/ConnectionSpec.Builder.html...
Generating /home/travis/build/square/okhttp/okhttp/target/apidocs/okhttp3/Cookie.html...
Generating /home/travis/build/square/okhttp/okhttp/target/apidocs/okhttp3/Cookie.Builder.html...
Generating /home/travis/build/square/okhttp/okhttp/target/apidocs/okhttp3/CookieJar.html...
Generating /home/travis/build/square/okhttp/okhttp/target/apidocs/okhttp3/Credentials.html...
Generating /home/travis/build/square/okhttp/okhttp/target/apidocs/okhttp3/Dispatcher.html...
Generating /home/travis/build/square/okhttp/okhttp/target/apidocs/okhttp3/Dns.html...
Generating /home/travis/build/square/okhttp/okhttp/target/apidocs/okhttp3/EventListener.html...
Generating /home/travis/build/square/okhttp/okhttp/target/apidocs/okhttp3/EventListener.Factory.html...
Generating /home/travis/build/square/okhttp/okhttp/target/apidocs/okhttp3/FormBody.html...
Generating /home/travis/build/square/okhttp/okhttp/target/apidocs/okhttp3/FormBody.Builder.html...
Generating /home/travis/build/square/okhttp/okhttp/target/apidocs/okhttp3/Handshake.html...
Generating /home/travis/build/square/okhttp/okhttp/target/apidocs/okhttp3/Headers.html...
Generating /home/travis/build/square/okhttp/okhttp/target/apidocs/okhttp3/Headers.Builder.html...
Generating /home/travis/build/square/okhttp/okhttp/target/apidocs/okhttp3/HttpUrl.html...
Generating /home/travis/build/square/okhttp/okhttp/target/apidocs/okhttp3/HttpUrl.Builder.html...
Generating /home/travis/build/square/okhttp/okhttp/target/apidocs/okhttp3/Interceptor.html...
Generating /home/travis/build/square/okhttp/okhttp/target/apidocs/okhttp3/Interceptor.Chain.html...
Generating /home/travis/build/square/okhttp/okhttp/target/apidocs/okhttp3/MediaType.html...
Generating /home/travis/build/square/okhttp/okhttp/target/apidocs/okhttp3/MultipartBody.html...
Generating /home/travis/build/square/okhttp/okhttp/target/apidocs/okhttp3/MultipartBody.Builder.html...
Generating /home/travis/build/square/okhttp/okhttp/target/apidocs/okhttp3/MultipartBody.Part.html...
Generating /home/travis/build/square/okhttp/okhttp/target/apidocs/okhttp3/OkHttpClient.html...
Generating /home/travis/build/square/okhttp/okhttp/target/apidocs/okhttp3/OkHttpClient.Builder.html...
Generating /home/travis/build/square/okhttp/okhttp/target/apidocs/okhttp3/Protocol.html...
Generating /home/travis/build/square/okhttp/okhttp/target/apidocs/okhttp3/Request.html...
Generating /home/travis/build/square/okhttp/okhttp/target/apidocs/okhttp3/Request.Builder.html...
Generating /home/travis/build/square/okhttp/okhttp/target/apidocs/okhttp3/RequestBody.html...
Generating /home/travis/build/square/okhttp/okhttp/target/apidocs/okhttp3/Response.html...
Generating /home/travis/build/square/okhttp/okhttp/target/apidocs/okhttp3/Response.Builder.html...
Generating /home/travis/build/square/okhttp/okhttp/target/apidocs/okhttp3/ResponseBody.html...
Generating /home/travis/build/square/okhttp/okhttp/target/apidocs/okhttp3/Route.html...
Generating /home/travis/build/square/okhttp/okhttp/target/apidocs/okhttp3/TlsVersion.html...
Generating /home/travis/build/square/okhttp/okhttp/target/apidocs/okhttp3/WebSocket.html...
Generating /home/travis/build/square/okhttp/okhttp/target/apidocs/okhttp3/WebSocket.Factory.html...
Generating /home/travis/build/square/okhttp/okhttp/target/apidocs/okhttp3/WebSocketListener.html...
Generating /home/travis/build/square/okhttp/okhttp/target/apidocs/okhttp3/package-frame.html...
Generating /home/travis/build/square/okhttp/okhttp/target/apidocs/okhttp3/package-summary.html...
Generating /home/travis/build/square/okhttp/okhttp/target/apidocs/okhttp3/package-tree.html...
Generating /home/travis/build/square/okhttp/okhttp/target/apidocs/constant-values.html...
Generating /home/travis/build/square/okhttp/okhttp/target/apidocs/okhttp3/class-use/WebSocketListener.html...
Generating /home/travis/build/square/okhttp/okhttp/target/apidocs/okhttp3/class-use/WebSocket.html...
Generating /home/travis/build/square/okhttp/okhttp/target/apidocs/okhttp3/class-use/WebSocket.Factory.html...
Generating /home/travis/build/square/okhttp/okhttp/target/apidocs/okhttp3/class-use/TlsVersion.html...
Generating /home/travis/build/square/okhttp/okhttp/target/apidocs/okhttp3/class-use/Route.html...
Generating /home/travis/build/square/okhttp/okhttp/target/apidocs/okhttp3/class-use/ResponseBody.html...
Generating /home/travis/build/square/okhttp/okhttp/target/apidocs/okhttp3/class-use/Response.html...
Generating /home/travis/build/square/okhttp/okhttp/target/apidocs/okhttp3/class-use/Response.Builder.html...
Generating /home/travis/build/square/okhttp/okhttp/target/apidocs/okhttp3/class-use/RequestBody.html...
Generating /home/travis/build/square/okhttp/okhttp/target/apidocs/okhttp3/class-use/Request.html...
Generating /home/travis/build/square/okhttp/okhttp/target/apidocs/okhttp3/class-use/Request.Builder.html...
Generating /home/travis/build/square/okhttp/okhttp/target/apidocs/okhttp3/class-use/Protocol.html...
Generating /home/travis/build/square/okhttp/okhttp/target/apidocs/okhttp3/class-use/OkHttpClient.html...
Generating /home/travis/build/square/okhttp/okhttp/target/apidocs/okhttp3/class-use/OkHttpClient.Builder.html...
Generating /home/travis/build/square/okhttp/okhttp/target/apidocs/okhttp3/class-use/MultipartBody.html...
Generating /home/travis/build/square/okhttp/okhttp/target/apidocs/okhttp3/class-use/MultipartBody.Part.html...
Generating /home/travis/build/square/okhttp/okhttp/target/apidocs/okhttp3/class-use/MultipartBody.Builder.html...
Generating /home/travis/build/square/okhttp/okhttp/target/apidocs/okhttp3/class-use/MediaType.html...
Generating /home/travis/build/square/okhttp/okhttp/target/apidocs/okhttp3/class-use/Interceptor.html...
Generating /home/travis/build/square/okhttp/okhttp/target/apidocs/okhttp3/class-use/Interceptor.Chain.html...
Generating /home/travis/build/square/okhttp/okhttp/target/apidocs/okhttp3/class-use/HttpUrl.html...
Generating /home/travis/build/square/okhttp/okhttp/target/apidocs/okhttp3/class-use/HttpUrl.Builder.html...
Generating /home/travis/build/square/okhttp/okhttp/target/apidocs/okhttp3/class-use/Headers.html...
Generating /home/travis/build/square/okhttp/okhttp/target/apidocs/okhttp3/class-use/Headers.Builder.html...
Generating /home/travis/build/square/okhttp/okhttp/target/apidocs/okhttp3/class-use/Handshake.html...
Generating /home/travis/build/square/okhttp/okhttp/target/apidocs/okhttp3/class-use/FormBody.html...
Generating /home/travis/build/square/okhttp/okhttp/target/apidocs/okhttp3/class-use/FormBody.Builder.html...
Generating /home/travis/build/square/okhttp/okhttp/target/apidocs/okhttp3/class-use/EventListener.html...
Generating /home/travis/build/square/okhttp/okhttp/target/apidocs/okhttp3/class-use/EventListener.Factory.html...
Generating /home/travis/build/square/okhttp/okhttp/target/apidocs/okhttp3/class-use/Dns.html...
Generating /home/travis/build/square/okhttp/okhttp/target/apidocs/okhttp3/class-use/Dispatcher.html...
Generating /home/travis/build/square/okhttp/okhttp/target/apidocs/okhttp3/class-use/Credentials.html...
Generating /home/travis/build/square/okhttp/okhttp/target/apidocs/okhttp3/class-use/CookieJar.html...
Generating /home/travis/build/square/okhttp/okhttp/target/apidocs/okhttp3/class-use/Cookie.html...
Generating /home/travis/build/square/okhttp/okhttp/target/apidocs/okhttp3/class-use/Cookie.Builder.html...
Generating /home/travis/build/square/okhttp/okhttp/target/apidocs/okhttp3/class-use/ConnectionSpec.html...
Generating /home/travis/build/square/okhttp/okhttp/target/apidocs/okhttp3/class-use/ConnectionSpec.Builder.html...
Generating /home/travis/build/square/okhttp/okhttp/target/apidocs/okhttp3/class-use/ConnectionPool.html...
Generating /home/travis/build/square/okhttp/okhttp/target/apidocs/okhttp3/class-use/Connection.html...
Generating /home/travis/build/square/okhttp/okhttp/target/apidocs/okhttp3/class-use/CipherSuite.html...
Generating /home/travis/build/square/okhttp/okhttp/target/apidocs/okhttp3/class-use/Challenge.html...
Generating /home/travis/build/square/okhttp/okhttp/target/apidocs/okhttp3/class-use/CertificatePinner.html...
Generating /home/travis/build/square/okhttp/okhttp/target/apidocs/okhttp3/class-use/CertificatePinner.Builder.html...
Generating /home/travis/build/square/okhttp/okhttp/target/apidocs/okhttp3/class-use/Callback.html...
Generating /home/travis/build/square/okhttp/okhttp/target/apidocs/okhttp3/class-use/Call.html...
Generating /home/travis/build/square/okhttp/okhttp/target/apidocs/okhttp3/class-use/Call.Factory.html...
Generating /home/travis/build/square/okhttp/okhttp/target/apidocs/okhttp3/class-use/CacheControl.html...
Generating /home/travis/build/square/okhttp/okhttp/target/apidocs/okhttp3/class-use/CacheControl.Builder.html...
Generating /home/travis/build/square/okhttp/okhttp/target/apidocs/okhttp3/class-use/Cache.html...
Generating /home/travis/build/square/okhttp/okhttp/target/apidocs/okhttp3/class-use/Authenticator.html...
Generating /home/travis/build/square/okhttp/okhttp/target/apidocs/okhttp3/class-use/Address.html...
Generating /home/travis/build/square/okhttp/okhttp/target/apidocs/okhttp3/package-use.html...
Building index for all the packages and classes...
Generating /home/travis/build/square/okhttp/okhttp/target/apidocs/overview-tree.html...
Generating /home/travis/build/square/okhttp/okhttp/target/apidocs/index-all.html...
Generating /home/travis/build/square/okhttp/okhttp/target/apidocs/deprecated-list.html...
Building index for all classes...
Generating /home/travis/build/square/okhttp/okhttp/target/apidocs/allclasses-frame.html...
Generating /home/travis/build/square/okhttp/okhttp/target/apidocs/allclasses-noframe.html...
Generating /home/travis/build/square/okhttp/okhttp/target/apidocs/index.html...
Generating /home/travis/build/square/okhttp/okhttp/target/apidocs/help-doc.html...
100 warnings
[WARNING] Javadoc Warnings
[WARNING] Picked up _JAVA_OPTIONS: -Xmx2048m -Xms512m
[WARNING] javadoc: warning - Error fetching URL: http://square.github.io/okio/
[WARNING] /home/travis/build/square/okhttp/okhttp/src/main/java/okhttp3/Address.java:92: warning: no @return
[WARNING] public HttpUrl url() {
[WARNING] ^
[WARNING] /home/travis/build/square/okhttp/okhttp/src/main/java/okhttp3/Address.java:97: warning: no @return
[WARNING] public Dns dns() {
[WARNING] ^
[WARNING] /home/travis/build/square/okhttp/okhttp/src/main/java/okhttp3/Address.java:102: warning: no @return
[WARNING] public SocketFactory socketFactory() {
[WARNING] ^
[WARNING] /home/travis/build/square/okhttp/okhttp/src/main/java/okhttp3/Address.java:107: warning: no @return
[WARNING] public Authenticator proxyAuthenticator() {
[WARNING] ^
[WARNING] /home/travis/build/square/okhttp/okhttp/src/main/java/okhttp3/Address.java:115: warning: no @return
[WARNING] public List<Protocol> protocols() {
[WARNING] ^
[WARNING] /home/travis/build/square/okhttp/okhttp/src/main/java/okhttp3/Address.java:127: warning: no @return
[WARNING] public ProxySelector proxySelector() {
[WARNING] ^
[WARNING] /home/travis/build/square/okhttp/okhttp/src/main/java/okhttp3/Address.java:135: warning: no @return
[WARNING] public @Nullable Proxy proxy() {
[WARNING] ^
[WARNING] /home/travis/build/square/okhttp/okhttp/src/main/java/okhttp3/Address.java:140: warning: no @return
[WARNING] public @Nullable SSLSocketFactory sslSocketFactory() {
[WARNING] ^
[WARNING] /home/travis/build/square/okhttp/okhttp/src/main/java/okhttp3/Address.java:145: warning: no @return
[WARNING] public @Nullable HostnameVerifier hostnameVerifier() {
[WARNING] ^
[WARNING] /home/travis/build/square/okhttp/okhttp/src/main/java/okhttp3/Address.java:150: warning: no @return
[WARNING] public @Nullable CertificatePinner certificatePinner() {
[WARNING] ^
[WARNING] /home/travis/build/square/okhttp/okhttp/src/main/java/okhttp3/Authenticator.java:74: warning: no @param for route
[WARNING] @Nullable Request authenticate(Route route, Response response) throws IOException;
[WARNING] ^
[WARNING] /home/travis/build/square/okhttp/okhttp/src/main/java/okhttp3/Authenticator.java:74: warning: no @param for response
[WARNING] @Nullable Request authenticate(Route route, Response response) throws IOException;
[WARNING] ^
[WARNING] /home/travis/build/square/okhttp/okhttp/src/main/java/okhttp3/Authenticator.java:74: warning: no @return
[WARNING] @Nullable Request authenticate(Route route, Response response) throws IOException;
[WARNING] ^
[WARNING] /home/travis/build/square/okhttp/okhttp/src/main/java/okhttp3/Authenticator.java:74: warning: no @throws for java.io.IOException
[WARNING] @Nullable Request authenticate(Route route, Response response) throws IOException;
[WARNING] ^
[WARNING] /home/travis/build/square/okhttp/okhttp/src/main/java/okhttp3/Cache.java:298: warning: no @throws for java.io.IOException
[WARNING] public void initialize() throws IOException {
[WARNING] ^
[WARNING] /home/travis/build/square/okhttp/okhttp/src/main/java/okhttp3/Cache.java:306: warning: no @throws for java.io.IOException
[WARNING] public void delete() throws IOException {
[WARNING] ^
[WARNING] /home/travis/build/square/okhttp/okhttp/src/main/java/okhttp3/Cache.java:314: warning: no @throws for java.io.IOException
[WARNING] public void evictAll() throws IOException {
[WARNING] ^
[WARNING] /home/travis/build/square/okhttp/okhttp/src/main/java/okhttp3/Cache.java:327: warning: no @return
[WARNING] public Iterator<String> urls() throws IOException {
[WARNING] ^
[WARNING] /home/travis/build/square/okhttp/okhttp/src/main/java/okhttp3/Cache.java:327: warning: no @throws for java.io.IOException
[WARNING] public Iterator<String> urls() throws IOException {
[WARNING] ^
[WARNING] /home/travis/build/square/okhttp/okhttp/src/main/java/okhttp3/CacheControl.java:86: warning: no @return
[WARNING] public boolean noCache() {
[WARNING] ^
[WARNING] /home/travis/build/square/okhttp/okhttp/src/main/java/okhttp3/CacheControl.java:91: warning: no @return
[WARNING] public boolean noStore() {
[WARNING] ^
[WARNING] /home/travis/build/square/okhttp/okhttp/src/main/java/okhttp3/CacheControl.java:98: warning: no @return
[WARNING] public int maxAgeSeconds() {
[WARNING] ^
[WARNING] /home/travis/build/square/okhttp/okhttp/src/main/java/okhttp3/CacheControl.java:106: warning: no @return
[WARNING] public int sMaxAgeSeconds() {
[WARNING] ^
[WARNING] /home/travis/build/square/okhttp/okhttp/src/main/java/okhttp3/CacheControl.java:136: warning: no @return
[WARNING] public boolean onlyIfCached() {
[WARNING] ^
[WARNING] /home/travis/build/square/okhttp/okhttp/src/main/java/okhttp3/CacheControl.java:152: warning: no @param for headers
[WARNING] public static CacheControl parse(Headers headers) {
[WARNING] ^
[WARNING] /home/travis/build/square/okhttp/okhttp/src/main/java/okhttp3/CacheControl.java:152: warning: no @return
[WARNING] public static CacheControl parse(Headers headers) {
[WARNING] ^
[WARNING] /home/travis/build/square/okhttp/okhttp/src/main/java/okhttp3/CacheControl.java:289: warning: no @return
[WARNING] public Builder noCache() {
[WARNING] ^
[WARNING] /home/travis/build/square/okhttp/okhttp/src/main/java/okhttp3/CacheControl.java:295: warning: no @return
[WARNING] public Builder noStore() {
[WARNING] ^
[WARNING] /home/travis/build/square/okhttp/okhttp/src/main/java/okhttp3/CacheControl.java:307: warning: no @param for timeUnit
[WARNING] public Builder maxAge(int maxAge, TimeUnit timeUnit) {
[WARNING] ^
[WARNING] /home/travis/build/square/okhttp/okhttp/src/main/java/okhttp3/CacheControl.java:307: warning: no @return
[WARNING] public Builder maxAge(int maxAge, TimeUnit timeUnit) {
[WARNING] ^
[WARNING] /home/travis/build/square/okhttp/okhttp/src/main/java/okhttp3/CacheControl.java:323: warning: no @param for timeUnit
[WARNING] public Builder maxStale(int maxStale, TimeUnit timeUnit) {
[WARNING] ^
[WARNING] /home/travis/build/square/okhttp/okhttp/src/main/java/okhttp3/CacheControl.java:323: warning: no @return
[WARNING] public Builder maxStale(int maxStale, TimeUnit timeUnit) {
[WARNING] ^
[WARNING] /home/travis/build/square/okhttp/okhttp/src/main/java/okhttp3/CacheControl.java:340: warning: no @param for timeUnit
[WARNING] public Builder minFresh(int minFresh, TimeUnit timeUnit) {
[WARNING] ^
[WARNING] /home/travis/build/square/okhttp/okhttp/src/main/java/okhttp3/CacheControl.java:340: warning: no @return
[WARNING] public Builder minFresh(int minFresh, TimeUnit timeUnit) {
[WARNING] ^
[WARNING] /home/travis/build/square/okhttp/okhttp/src/main/java/okhttp3/CacheControl.java:353: warning: no @return
[WARNING] public Builder onlyIfCached() {
[WARNING] ^
[WARNING] /home/travis/build/square/okhttp/okhttp/src/main/java/okhttp3/CacheControl.java:359: warning: no @return
[WARNING] public Builder noTransform() {
[WARNING] ^
[WARNING] /home/travis/build/square/okhttp/okhttp/src/main/java/okhttp3/Call.java:26: warning: no @return
[WARNING] Request request();
[WARNING] ^
[WARNING] /home/travis/build/square/okhttp/okhttp/src/main/java/okhttp3/Call.java:57: warning: no @return
[WARNING] Response execute() throws IOException;
[WARNING] ^
[WARNING] /home/travis/build/square/okhttp/okhttp/src/main/java/okhttp3/Call.java:70: warning: no @param for responseCallback
[WARNING] void enqueue(Callback responseCallback);
[WARNING] ^
[WARNING] /home/travis/build/square/okhttp/okhttp/src/main/java/okhttp3/Call.java:79: warning: no @return
[WARNING] boolean isExecuted();
[WARNING] ^
[WARNING] /home/travis/build/square/okhttp/okhttp/src/main/java/okhttp3/Call.java:87: warning: no @return
[WARNING] Call clone();
[WARNING] ^
[WARNING] /home/travis/build/square/okhttp/okhttp/src/main/java/okhttp3/Callback.java:26: warning: no @param for call
[WARNING] void onFailure(Call call, IOException e);
[WARNING] ^
[WARNING] /home/travis/build/square/okhttp/okhttp/src/main/java/okhttp3/Callback.java:26: warning: no @param for e
[WARNING] void onFailure(Call call, IOException e);
[WARNING] ^
[WARNING] /home/travis/build/square/okhttp/okhttp/src/main/java/okhttp3/Callback.java:38: warning: no @param for call
[WARNING] void onResponse(Call call, Response response) throws IOException;
[WARNING] ^
[WARNING] /home/travis/build/square/okhttp/okhttp/src/main/java/okhttp3/Callback.java:38: warning: no @param for response
[WARNING] void onResponse(Call call, Response response) throws IOException;
[WARNING] ^
[WARNING] /home/travis/build/square/okhttp/okhttp/src/main/java/okhttp3/Callback.java:38: warning: no @throws for java.io.IOException
[WARNING] void onResponse(Call call, Response response) throws IOException;
[WARNING] ^
[WARNING] /home/travis/build/square/okhttp/okhttp/src/main/java/okhttp3/CertificatePinner.java:160: warning: no @param for hostname
[WARNING] public void check(String hostname, List<Certificate> peerCertificates)
[WARNING] ^
[WARNING] /home/travis/build/square/okhttp/okhttp/src/main/java/okhttp3/CertificatePinner.java:160: warning: no @param for peerCertificates
[WARNING] public void check(String hostname, List<Certificate> peerCertificates)
[WARNING] ^
[WARNING] /home/travis/build/square/okhttp/okhttp/src/main/java/okhttp3/CertificatePinner.java:208: warning: no @param for hostname
[WARNING] public void check(String hostname, Certificate... peerCertificates)
[WARNING] ^
[WARNING] /home/travis/build/square/okhttp/okhttp/src/main/java/okhttp3/CertificatePinner.java:208: warning: no @param for peerCertificates
[WARNING] public void check(String hostname, Certificate... peerCertificates)
[WARNING] ^
[WARNING] /home/travis/build/square/okhttp/okhttp/src/main/java/okhttp3/CertificatePinner.java:208: warning: no @throws for javax.net.ssl.SSLPeerUnverifiedException
[WARNING] public void check(String hostname, Certificate... peerCertificates)
[WARNING] ^
[WARNING] /home/travis/build/square/okhttp/okhttp/src/main/java/okhttp3/CertificatePinner.java:242: warning: no @param for certificate
[WARNING] public static String pin(Certificate certificate) {
[WARNING] ^
[WARNING] /home/travis/build/square/okhttp/okhttp/src/main/java/okhttp3/CertificatePinner.java:242: warning: no @return
[WARNING] public static String pin(Certificate certificate) {
[WARNING] ^
[WARNING] /home/travis/build/square/okhttp/okhttp/src/main/java/okhttp3/CertificatePinner.java:330: warning: no @return
[WARNING] public Builder add(String pattern, String... pins) {
[WARNING] ^
[WARNING] /home/travis/build/square/okhttp/okhttp/src/main/java/okhttp3/Challenge.java:43: warning: no @param for charset
[WARNING] public Challenge withCharset(Charset charset) {
[WARNING] ^
[WARNING] /home/travis/build/square/okhttp/okhttp/src/main/java/okhttp3/Challenge.java:43: warning: no @return
[WARNING] public Challenge withCharset(Charset charset) {
[WARNING] ^
[WARNING] /home/travis/build/square/okhttp/okhttp/src/main/java/okhttp3/Challenge.java:48: warning: no @return
[WARNING] public String scheme() {
[WARNING] ^
[WARNING] /home/travis/build/square/okhttp/okhttp/src/main/java/okhttp3/Challenge.java:53: warning: no @return
[WARNING] public String realm() {
[WARNING] ^
[WARNING] /home/travis/build/square/okhttp/okhttp/src/main/java/okhttp3/Challenge.java:58: warning: no @return
[WARNING] public Charset charset() {
[WARNING] ^
[WARNING] /home/travis/build/square/okhttp/okhttp/src/main/java/okhttp3/CipherSuite.java:404: warning: no @return
[WARNING] public static synchronized CipherSuite forJavaName(String javaName) {
[WARNING] ^
[WARNING] /home/travis/build/square/okhttp/okhttp/src/main/java/okhttp3/CipherSuite.java:443: warning: no @return
[WARNING] public String javaName() {
[WARNING] ^
[WARNING] /home/travis/build/square/okhttp/okhttp/src/main/java/okhttp3/Connection.java:73: warning: no @return
[WARNING] Route route();
[WARNING] ^
[WARNING] /home/travis/build/square/okhttp/okhttp/src/main/java/okhttp3/Connection.java:80: warning: no @return
[WARNING] Socket socket();
[WARNING] ^
[WARNING] /home/travis/build/square/okhttp/okhttp/src/main/java/okhttp3/Connection.java:86: warning: no @return
[WARNING] @Nullable Handshake handshake();
[WARNING] ^
[WARNING] /home/travis/build/square/okhttp/okhttp/src/main/java/okhttp3/Connection.java:93: warning: no @return
[WARNING] Protocol protocol();
[WARNING] ^
[WARNING] /home/travis/build/square/okhttp/okhttp/src/main/java/okhttp3/ConnectionPool.java:100: warning: no @return
[WARNING] public synchronized int idleConnectionCount() {
[WARNING] ^
[WARNING] /home/travis/build/square/okhttp/okhttp/src/main/java/okhttp3/ConnectionPool.java:114: warning: no @return
[WARNING] public synchronized int connectionCount() {
[WARNING] ^
[WARNING] /home/travis/build/square/okhttp/okhttp/src/main/java/okhttp3/ConnectionSpec.java:119: warning: no @return
[WARNING] public @Nullable List<CipherSuite> cipherSuites() {
[WARNING] ^
[WARNING] /home/travis/build/square/okhttp/okhttp/src/main/java/okhttp3/ConnectionSpec.java:127: warning: no @return
[WARNING] public @Nullable List<TlsVersion> tlsVersions() {
[WARNING] ^
[WARNING] /home/travis/build/square/okhttp/okhttp/src/main/java/okhttp3/ConnectionSpec.java:186: warning: no @param for socket
[WARNING] public boolean isCompatible(SSLSocket socket) {
[WARNING] ^
[WARNING] /home/travis/build/square/okhttp/okhttp/src/main/java/okhttp3/ConnectionSpec.java:186: warning: no @return
[WARNING] public boolean isCompatible(SSLSocket socket) {
[WARNING] ^
[WARNING] /home/travis/build/square/okhttp/okhttp/src/main/java/okhttp3/Cookie.java:97: warning: no @return
[WARNING] public String name() {
[WARNING] ^
[WARNING] /home/travis/build/square/okhttp/okhttp/src/main/java/okhttp3/Cookie.java:102: warning: no @return
[WARNING] public String value() {
[WARNING] ^
[WARNING] /home/travis/build/square/okhttp/okhttp/src/main/java/okhttp3/Cookie.java:107: warning: no @return
[WARNING] public boolean persistent() {
[WARNING] ^
[WARNING] /home/travis/build/square/okhttp/okhttp/src/main/java/okhttp3/Cookie.java:120: warning: no @return
[WARNING] public long expiresAt() {
[WARNING] ^
[WARNING] /home/travis/build/square/okhttp/okhttp/src/main/java/okhttp3/Cookie.java:134: warning: no @return
[WARNING] public boolean hostOnly() {
[WARNING] ^
[WARNING] /home/travis/build/square/okhttp/okhttp/src/main/java/okhttp3/Cookie.java:142: warning: no @return
[WARNING] public String domain() {
[WARNING] ^
[WARNING] /home/travis/build/square/okhttp/okhttp/src/main/java/okhttp3/Cookie.java:151: warning: no @return
[WARNING] public String path() {
[WARNING] ^
[WARNING] /home/travis/build/square/okhttp/okhttp/src/main/java/okhttp3/Cookie.java:159: warning: no @return
[WARNING] public boolean httpOnly() {
[WARNING] ^
[WARNING] /home/travis/build/square/okhttp/okhttp/src/main/java/okhttp3/Cookie.java:164: warning: no @return
[WARNING] public boolean secure() {
[WARNING] ^
[WARNING] /home/travis/build/square/okhttp/okhttp/src/main/java/okhttp3/Cookie.java:172: warning: no @param for url
[WARNING] public boolean matches(HttpUrl url) {
[WARNING] ^
[WARNING] /home/travis/build/square/okhttp/okhttp/src/main/java/okhttp3/Cookie.java:172: warning: no @return
[WARNING] public boolean matches(HttpUrl url) {
[WARNING] ^
[WARNING] /home/travis/build/square/okhttp/okhttp/src/main/java/okhttp3/Cookie.java:218: warning: no @param for url
[WARNING] public static @Nullable Cookie parse(HttpUrl url, String setCookie) {
[WARNING] ^
[WARNING] /home/travis/build/square/okhttp/okhttp/src/main/java/okhttp3/Cookie.java:218: warning: no @param for setCookie
[WARNING] public static @Nullable Cookie parse(HttpUrl url, String setCookie) {
[WARNING] ^
[WARNING] /home/travis/build/square/okhttp/okhttp/src/main/java/okhttp3/Cookie.java:218: warning: no @return
[WARNING] public static @Nullable Cookie parse(HttpUrl url, String setCookie) {
[WARNING] ^
[WARNING] /home/travis/build/square/okhttp/okhttp/src/main/java/okhttp3/Cookie.java:440: warning: no @param for url
[WARNING] public static List<Cookie> parseAll(HttpUrl url, Headers headers) {
[WARNING] ^
[WARNING] /home/travis/build/square/okhttp/okhttp/src/main/java/okhttp3/Cookie.java:440: warning: no @param for headers
[WARNING] public static List<Cookie> parseAll(HttpUrl url, Headers headers) {
[WARNING] ^
[WARNING] /home/travis/build/square/okhttp/okhttp/src/main/java/okhttp3/Cookie.java:440: warning: no @return
[WARNING] public static List<Cookie> parseAll(HttpUrl url, Headers headers) {
[WARNING] ^
[WARNING] /home/travis/build/square/okhttp/okhttp/src/main/java/okhttp3/Cookie.java:497: warning: no @param for domain
[WARNING] public Builder domain(String domain) {
[WARNING] ^
[WARNING] /home/travis/build/square/okhttp/okhttp/src/main/java/okhttp3/Cookie.java:497: warning: no @return
[WARNING] public Builder domain(String domain) {
[WARNING] ^
[WARNING] /home/travis/build/square/okhttp/okhttp/src/main/java/okhttp3/Cookie.java:505: warning: no @param for domain
[WARNING] public Builder hostOnlyDomain(String domain) {
[WARNING] ^
[WARNING] /home/travis/build/square/okhttp/okhttp/src/main/java/okhttp3/Cookie.java:505: warning: no @return
[WARNING] public Builder hostOnlyDomain(String domain) {
[WARNING] ^
[WARNING] /home/travis/build/square/okhttp/okhttp/src/main/java/okhttp3/CookieJar.java:52: warning: no @param for url
[WARNING] void saveFromResponse(HttpUrl url, List<Cookie> cookies);
[WARNING] ^
[WARNING] /home/travis/build/square/okhttp/okhttp/src/main/java/okhttp3/CookieJar.java:52: warning: no @param for cookies
[WARNING] void saveFromResponse(HttpUrl url, List<Cookie> cookies);
[WARNING] ^
[WARNING] /home/travis/build/square/okhttp/okhttp/src/main/java/okhttp3/CookieJar.java:61: warning: no @param for url
[WARNING] List<Cookie> loadForRequest(HttpUrl url);
[WARNING] ^
[WARNING] /home/travis/build/square/okhttp/okhttp/src/main/java/okhttp3/CookieJar.java:61: warning: no @return
[WARNING] List<Cookie> loadForRequest(HttpUrl url);
[WARNING] ^
[WARNING] /home/travis/build/square/okhttp/okhttp/src/main/java/okhttp3/Credentials.java:29: warning: no @param for username
[WARNING] public static String basic(String username, String password) {
[WARNING] ^
[WARNING] /home/travis/build/square/okhttp/okhttp/src/main/java/okhttp3/Credentials.java:29: warning: no @param for password
[WARNING] public static String basic(String username, String password) {
[WARNING] ^
[WARNING] /home/travis/build/square/okhttp/okhttp/src/main/java/okhttp3/Credentials.java:29: warning: no @return
[WARNING] public static String basic(String username, String password) {
[WARNING] ^
[INFO] Building jar: /home/travis/build/square/okhttp/okhttp/target/okhttp-3.11.0-SNAPSHOT-javadoc.jar
[INFO] 
[INFO] >>> maven-source-plugin:3.0.1:jar (default-cli) > generate-sources @ okhttp >>>
[INFO] 
[INFO] --- maven-enforcer-plugin:1.0:enforce (enforce-maven) @ okhttp ---
[INFO] 
[INFO] --- templating-maven-plugin:1.0-alpha-3:filter-sources (default) @ okhttp ---
[INFO] Using 'UTF-8' encoding to copy filtered resources.
[INFO] Copying 1 resource
[INFO] Source directory: /home/travis/build/square/okhttp/okhttp/target/generated-sources/java-templates added.
[INFO] 
[INFO] <<< maven-source-plugin:3.0.1:jar (default-cli) < generate-sources @ okhttp <<<
[INFO] 
[INFO] 
[INFO] --- maven-source-plugin:3.0.1:jar (default-cli) @ okhttp ---
[INFO] Building jar: /home/travis/build/square/okhttp/okhttp/target/okhttp-3.11.0-SNAPSHOT-sources.jar
[INFO] 
[INFO] ------------------------------------------------------------------------
[INFO] Building OkHttp test support classes 3.11.0-SNAPSHOT
[INFO] ------------------------------------------------------------------------
[INFO] 
[INFO] --- maven-enforcer-plugin:1.0:enforce (enforce-maven) @ okhttp-testing-support ---
[INFO] 
[INFO] --- maven-resources-plugin:2.6:resources (default-resources) @ okhttp-testing-support ---
[INFO] Using 'UTF-8' encoding to copy filtered resources.
[INFO] skip non existing resourceDirectory /home/travis/build/square/okhttp/okhttp-testing-support/src/main/resources
[INFO] 
[INFO] --- maven-compiler-plugin:3.6.1:compile (default-compile) @ okhttp-testing-support ---
[INFO] Nothing to compile - all classes are up to date
[INFO] 
[INFO] --- maven-resources-plugin:2.6:testResources (default-testResources) @ okhttp-testing-support ---
[INFO] Using 'UTF-8' encoding to copy filtered resources.
[INFO] skip non existing resourceDirectory /home/travis/build/square/okhttp/okhttp-testing-support/src/test/resources
[INFO] 
[INFO] --- maven-compiler-plugin:3.6.1:testCompile (default-testCompile) @ okhttp-testing-support ---
[INFO] No sources to compile
[INFO] 
[INFO] --- maven-surefire-plugin:2.17:test (default-test) @ okhttp-testing-support ---
[INFO] No tests to run.
[INFO] 
[INFO] --- animal-sniffer-maven-plugin:1.15:check (default) @ okhttp-testing-support ---
[INFO] Checking unresolved references to org.codehaus.mojo.signature:java16:1.1
[INFO] 
[INFO] --- maven-javadoc-plugin:2.10.4:jar (default-cli) @ okhttp-testing-support ---
[INFO] 
Loading source files for package okhttp3...
Loading source files for package okhttp3.internal.io...
Loading source files for package okhttp3.testing...
Constructing Javadoc information...
Standard Doclet version 1.8.0_171
Building tree for all the packages and classes...
Generating /home/travis/build/square/okhttp/okhttp-testing-support/target/apidocs/okhttp3/FakeDns.html...
Generating /home/travis/build/square/okhttp/okhttp-testing-support/target/apidocs/okhttp3/FakeProxySelector.html...
Generating /home/travis/build/square/okhttp/okhttp-testing-support/target/apidocs/okhttp3/FakeSSLSession.html...
Generating /home/travis/build/square/okhttp/okhttp-testing-support/target/apidocs/okhttp3/RecordingCookieJar.html...
Generating /home/travis/build/square/okhttp/okhttp-testing-support/target/apidocs/okhttp3/RecordingHostnameVerifier.html...
Generating /home/travis/build/square/okhttp/okhttp-testing-support/target/apidocs/okhttp3/internal/io/InMemoryFileSystem.html...
Generating /home/travis/build/square/okhttp/okhttp-testing-support/target/apidocs/okhttp3/testing/InstallUncaughtExceptionHandlerListener.html...
Generating /home/travis/build/square/okhttp/okhttp-testing-support/target/apidocs/overview-frame.html...
Generating /home/travis/build/square/okhttp/okhttp-testing-support/target/apidocs/okhttp3/package-frame.html...
Generating /home/travis/build/square/okhttp/okhttp-testing-support/target/apidocs/okhttp3/package-summary.html...
Generating /home/travis/build/square/okhttp/okhttp-testing-support/target/apidocs/okhttp3/package-tree.html...
Generating /home/travis/build/square/okhttp/okhttp-testing-support/target/apidocs/okhttp3/internal/io/package-frame.html...
Generating /home/travis/build/square/okhttp/okhttp-testing-support/target/apidocs/okhttp3/internal/io/package-summary.html...
Generating /home/travis/build/square/okhttp/okhttp-testing-support/target/apidocs/okhttp3/internal/io/package-tree.html...
Generating /home/travis/build/square/okhttp/okhttp-testing-support/target/apidocs/okhttp3/testing/package-frame.html...
Generating /home/travis/build/square/okhttp/okhttp-testing-support/target/apidocs/okhttp3/testing/package-summary.html...
Generating /home/travis/build/square/okhttp/okhttp-testing-support/target/apidocs/okhttp3/testing/package-tree.html...
Generating /home/travis/build/square/okhttp/okhttp-testing-support/target/apidocs/constant-values.html...
Generating /home/travis/build/square/okhttp/okhttp-testing-support/target/apidocs/okhttp3/class-use/RecordingHostnameVerifier.html...
Generating /home/travis/build/square/okhttp/okhttp-testing-support/target/apidocs/okhttp3/class-use/RecordingCookieJar.html...
Generating /home/travis/build/square/okhttp/okhttp-testing-support/target/apidocs/okhttp3/class-use/FakeSSLSession.html...
Generating /home/travis/build/square/okhttp/okhttp-testing-support/target/apidocs/okhttp3/class-use/FakeProxySelector.html...
Generating /home/travis/build/square/okhttp/okhttp-testing-support/target/apidocs/okhttp3/class-use/FakeDns.html...
Generating /home/travis/build/square/okhttp/okhttp-testing-support/target/apidocs/okhttp3/internal/io/class-use/InMemoryFileSystem.html...
Generating /home/travis/build/square/okhttp/okhttp-testing-support/target/apidocs/okhttp3/testing/class-use/InstallUncaughtExceptionHandlerListener.html...
Generating /home/travis/build/square/okhttp/okhttp-testing-support/target/apidocs/okhttp3/package-use.html...
Generating /home/travis/build/square/okhttp/okhttp-testing-support/target/apidocs/okhttp3/internal/io/package-use.html...
Generating /home/travis/build/square/okhttp/okhttp-testing-support/target/apidocs/okhttp3/testing/package-use.html...
Building index for all the packages and classes...
Generating /home/travis/build/square/okhttp/okhttp-testing-support/target/apidocs/overview-tree.html...
Generating /home/travis/build/square/okhttp/okhttp-testing-support/target/apidocs/index-all.html...
Generating /home/travis/build/square/okhttp/okhttp-testing-support/target/apidocs/deprecated-list.html...
Building index for all classes...
Generating /home/travis/build/square/okhttp/okhttp-testing-support/target/apidocs/allclasses-frame.html...
Generating /home/travis/build/square/okhttp/okhttp-testing-support/target/apidocs/allclasses-noframe.html...
Generating /home/travis/build/square/okhttp/okhttp-testing-support/target/apidocs/index.html...
Generating /home/travis/build/square/okhttp/okhttp-testing-support/target/apidocs/overview-summary.html...
Generating /home/travis/build/square/okhttp/okhttp-testing-support/target/apidocs/help-doc.html...
7 warnings
[WARNING] Javadoc Warnings
[WARNING] Picked up _JAVA_OPTIONS: -Xmx2048m -Xms512m
[WARNING] /home/travis/build/square/okhttp/okhttp-testing-support/src/main/java/okhttp3/FakeDns.java:34: warning: no @param for hostname
[WARNING] public FakeDns set(String hostname, List<InetAddress> addresses) {
[WARNING] ^
[WARNING] /home/travis/build/square/okhttp/okhttp-testing-support/src/main/java/okhttp3/FakeDns.java:34: warning: no @param for addresses
[WARNING] public FakeDns set(String hostname, List<InetAddress> addresses) {
[WARNING] ^
[WARNING] /home/travis/build/square/okhttp/okhttp-testing-support/src/main/java/okhttp3/FakeDns.java:34: warning: no @return
[WARNING] public FakeDns set(String hostname, List<InetAddress> addresses) {
[WARNING] ^
[WARNING] /home/travis/build/square/okhttp/okhttp-testing-support/src/main/java/okhttp3/FakeDns.java:40: warning: no @param for hostname
[WARNING] public FakeDns clear(String hostname) {
[WARNING] ^
[WARNING] /home/travis/build/square/okhttp/okhttp-testing-support/src/main/java/okhttp3/FakeDns.java:40: warning: no @return
[WARNING] public FakeDns clear(String hostname) {
[WARNING] ^
[WARNING] /home/travis/build/square/okhttp/okhttp-testing-support/src/main/java/okhttp3/FakeDns.java:64: warning: no @param for count
[WARNING] public List<InetAddress> allocate(int count) {
[WARNING] ^
[WARNING] /home/travis/build/square/okhttp/okhttp-testing-support/src/main/java/okhttp3/FakeDns.java:64: warning: no @return
[WARNING] public List<InetAddress> allocate(int count) {
[WARNING] ^
[INFO] Building jar: /home/travis/build/square/okhttp/okhttp-testing-support/target/okhttp-testing-support-3.11.0-SNAPSHOT-javadoc.jar
[INFO] 
[INFO] >>> maven-source-plugin:3.0.1:jar (default-cli) > generate-sources @ okhttp-testing-support >>>
[INFO] 
[INFO] --- maven-enforcer-plugin:1.0:enforce (enforce-maven) @ okhttp-testing-support ---
[INFO] 
[INFO] <<< maven-source-plugin:3.0.1:jar (default-cli) < generate-sources @ okhttp-testing-support <<<
[INFO] 
[INFO] 
[INFO] --- maven-source-plugin:3.0.1:jar (default-cli) @ okhttp-testing-support ---
[INFO] Building jar: /home/travis/build/square/okhttp/okhttp-testing-support/target/okhttp-testing-support-3.11.0-SNAPSHOT-sources.jar
[INFO] 
[INFO] ------------------------------------------------------------------------
[INFO] Building MockWebServer 3.11.0-SNAPSHOT
[INFO] ------------------------------------------------------------------------
[INFO] 
[INFO] --- maven-enforcer-plugin:1.0:enforce (enforce-maven) @ mockwebserver ---
[INFO] 
[INFO] --- maven-resources-plugin:2.6:resources (default-resources) @ mockwebserver ---
[INFO] Using 'UTF-8' encoding to copy filtered resources.
[INFO] skip non existing resourceDirectory /home/travis/build/square/okhttp/mockwebserver/src/main/resources
[INFO] 
[INFO] --- maven-compiler-plugin:3.6.1:compile (default-compile) @ mockwebserver ---
[INFO] Nothing to compile - all classes are up to date
[INFO] 
[INFO] --- maven-resources-plugin:2.6:testResources (default-testResources) @ mockwebserver ---
[INFO] Using 'UTF-8' encoding to copy filtered resources.
[INFO] skip non existing resourceDirectory /home/travis/build/square/okhttp/mockwebserver/src/test/resources
[INFO] 
[INFO] --- maven-compiler-plugin:3.6.1:testCompile (default-testCompile) @ mockwebserver ---
[INFO] Nothing to compile - all classes are up to date
[INFO] 
[INFO] --- maven-surefire-plugin:2.17:test (default-test) @ mockwebserver ---
[INFO] Surefire report directory: /home/travis/build/square/okhttp/mockwebserver/target/surefire-reports
[INFO] Using configured provider org.apache.maven.surefire.junitcore.JUnitCoreProvider
[INFO] parallel='none', perCoreThreadCount=true, threadCount=0, useUnlimitedThreads=false, threadCountSuites=0, threadCountClasses=0, threadCountMethods=0, parallelOptimized=true

-------------------------------------------------------
 T E S T S
-------------------------------------------------------
Picked up _JAVA_OPTIONS: -Xmx2048m -Xms512m
Running okhttp3.mockwebserver.MockWebServerTest
Tests run: 32, Failures: 0, Errors: 0, Skipped: 0, Time elapsed: 5.199 sec - in okhttp3.mockwebserver.MockWebServerTest
Running okhttp3.mockwebserver.CustomDispatcherTest
Tests run: 2, Failures: 0, Errors: 0, Skipped: 0, Time elapsed: 0.009 sec - in okhttp3.mockwebserver.CustomDispatcherTest

Results :

Tests run: 34, Failures: 0, Errors: 0, Skipped: 0

[INFO] 
[INFO] --- animal-sniffer-maven-plugin:1.15:check (default) @ mockwebserver ---
[INFO] Checking unresolved references to org.codehaus.mojo.signature:java16:1.1
[INFO] 
[INFO] --- maven-javadoc-plugin:2.10.4:jar (default-cli) @ mockwebserver ---
[INFO] 
Loading source files for package okhttp3.mockwebserver...
Loading source files for package okhttp3.mockwebserver.internal.http2...
Loading source files for package okhttp3.mockwebserver.internal.tls...
Constructing Javadoc information...
Standard Doclet version 1.8.0_171
Building tree for all the packages and classes...
Generating /home/travis/build/square/okhttp/mockwebserver/target/apidocs/okhttp3/mockwebserver/Dispatcher.html...
Generating /home/travis/build/square/okhttp/mockwebserver/target/apidocs/okhttp3/mockwebserver/MockResponse.html...
Generating /home/travis/build/square/okhttp/mockwebserver/target/apidocs/okhttp3/mockwebserver/MockWebServer.html...
Generating /home/travis/build/square/okhttp/mockwebserver/target/apidocs/okhttp3/mockwebserver/PushPromise.html...
Generating /home/travis/build/square/okhttp/mockwebserver/target/apidocs/okhttp3/mockwebserver/QueueDispatcher.html...
Generating /home/travis/build/square/okhttp/mockwebserver/target/apidocs/okhttp3/mockwebserver/RecordedRequest.html...
Generating /home/travis/build/square/okhttp/mockwebserver/target/apidocs/okhttp3/mockwebserver/SocketPolicy.html...
Generating /home/travis/build/square/okhttp/mockwebserver/target/apidocs/okhttp3/mockwebserver/internal/http2/Http2Server.html...
Generating /home/travis/build/square/okhttp/mockwebserver/target/apidocs/okhttp3/mockwebserver/internal/tls/HeldCertificate.html...
Generating /home/travis/build/square/okhttp/mockwebserver/target/apidocs/okhttp3/mockwebserver/internal/tls/HeldCertificate.Builder.html...
Generating /home/travis/build/square/okhttp/mockwebserver/target/apidocs/okhttp3/mockwebserver/internal/tls/SslClient.html...
Generating /home/travis/build/square/okhttp/mockwebserver/target/apidocs/okhttp3/mockwebserver/internal/tls/SslClient.Builder.html...
Generating /home/travis/build/square/okhttp/mockwebserver/target/apidocs/overview-frame.html...
Generating /home/travis/build/square/okhttp/mockwebserver/target/apidocs/okhttp3/mockwebserver/package-frame.html...
Generating /home/travis/build/square/okhttp/mockwebserver/target/apidocs/okhttp3/mockwebserver/package-summary.html...
Generating /home/travis/build/square/okhttp/mockwebserver/target/apidocs/okhttp3/mockwebserver/package-tree.html...
Generating /home/travis/build/square/okhttp/mockwebserver/target/apidocs/okhttp3/mockwebserver/internal/http2/package-frame.html...
Generating /home/travis/build/square/okhttp/mockwebserver/target/apidocs/okhttp3/mockwebserver/internal/http2/package-summary.html...
Generating /home/travis/build/square/okhttp/mockwebserver/target/apidocs/okhttp3/mockwebserver/internal/http2/package-tree.html...
Generating /home/travis/build/square/okhttp/mockwebserver/target/apidocs/okhttp3/mockwebserver/internal/tls/package-frame.html...
Generating /home/travis/build/square/okhttp/mockwebserver/target/apidocs/okhttp3/mockwebserver/internal/tls/package-summary.html...
Generating /home/travis/build/square/okhttp/mockwebserver/target/apidocs/okhttp3/mockwebserver/internal/tls/package-tree.html...
Generating /home/travis/build/square/okhttp/mockwebserver/target/apidocs/constant-values.html...
Generating /home/travis/build/square/okhttp/mockwebserver/target/apidocs/okhttp3/mockwebserver/class-use/MockWebServer.html...
Generating /home/travis/build/square/okhttp/mockwebserver/target/apidocs/okhttp3/mockwebserver/class-use/SocketPolicy.html...
Generating /home/travis/build/square/okhttp/mockwebserver/target/apidocs/okhttp3/mockwebserver/class-use/RecordedRequest.html...
Generating /home/travis/build/square/okhttp/mockwebserver/target/apidocs/okhttp3/mockwebserver/class-use/QueueDispatcher.html...
Generating /home/travis/build/square/okhttp/mockwebserver/target/apidocs/okhttp3/mockwebserver/class-use/PushPromise.html...
Generating /home/travis/build/square/okhttp/mockwebserver/target/apidocs/okhttp3/mockwebserver/class-use/MockResponse.html...
Generating /home/travis/build/square/okhttp/mockwebserver/target/apidocs/okhttp3/mockwebserver/class-use/Dispatcher.html...
Generating /home/travis/build/square/okhttp/mockwebserver/target/apidocs/okhttp3/mockwebserver/internal/http2/class-use/Http2Server.html...
Generating /home/travis/build/square/okhttp/mockwebserver/target/apidocs/okhttp3/mockwebserver/internal/tls/class-use/SslClient.html...
Generating /home/travis/build/square/okhttp/mockwebserver/target/apidocs/okhttp3/mockwebserver/internal/tls/class-use/SslClient.Builder.html...
Generating /home/travis/build/square/okhttp/mockwebserver/target/apidocs/okhttp3/mockwebserver/internal/tls/class-use/HeldCertificate.html...
Generating /home/travis/build/square/okhttp/mockwebserver/target/apidocs/okhttp3/mockwebserver/internal/tls/class-use/HeldCertificate.Builder.html...
Generating /home/travis/build/square/okhttp/mockwebserver/target/apidocs/okhttp3/mockwebserver/package-use.html...
Generating /home/travis/build/square/okhttp/mockwebserver/target/apidocs/okhttp3/mockwebserver/internal/http2/package-use.html...
Generating /home/travis/build/square/okhttp/mockwebserver/target/apidocs/okhttp3/mockwebserver/internal/tls/package-use.html...
Building index for all the packages and classes...
Generating /home/travis/build/square/okhttp/mockwebserver/target/apidocs/overview-tree.html...
Generating /home/travis/build/square/okhttp/mockwebserver/target/apidocs/index-all.html...
Generating /home/travis/build/square/okhttp/mockwebserver/target/apidocs/deprecated-list.html...
Building index for all classes...
Generating /home/travis/build/square/okhttp/mockwebserver/target/apidocs/allclasses-frame.html...
Generating /home/travis/build/square/okhttp/mockwebserver/target/apidocs/allclasses-noframe.html...
Generating /home/travis/build/square/okhttp/mockwebserver/target/apidocs/index.html...
Generating /home/travis/build/square/okhttp/mockwebserver/target/apidocs/overview-summary.html...
Generating /home/travis/build/square/okhttp/mockwebserver/target/apidocs/help-doc.html...
84 warnings
[WARNING] Javadoc Warnings
[WARNING] Picked up _JAVA_OPTIONS: -Xmx2048m -Xms512m
[WARNING] javadoc: warning - Error fetching URL: http://square.github.io/okhttp/javadoc/
[WARNING] javadoc: warning - Error fetching URL: http://square.github.io/okio/
[WARNING] /home/travis/build/square/okhttp/mockwebserver/src/main/java/okhttp3/mockwebserver/Dispatcher.java:24: warning: no @param for request
[WARNING] public abstract MockResponse dispatch(RecordedRequest request) throws InterruptedException;
[WARNING] ^
[WARNING] /home/travis/build/square/okhttp/mockwebserver/src/main/java/okhttp3/mockwebserver/Dispatcher.java:24: warning: no @return
[WARNING] public abstract MockResponse dispatch(RecordedRequest request) throws InterruptedException;
[WARNING] ^
[WARNING] /home/travis/build/square/okhttp/mockwebserver/src/main/java/okhttp3/mockwebserver/Dispatcher.java:24: warning: no @throws for java.lang.InterruptedException
[WARNING] public abstract MockResponse dispatch(RecordedRequest request) throws InterruptedException;
[WARNING] ^
[WARNING] /home/travis/build/square/okhttp/mockwebserver/src/main/java/okhttp3/mockwebserver/Dispatcher.java:32: warning: no @return
[WARNING] public MockResponse peek() {
[WARNING] ^
[WARNING] /home/travis/build/square/okhttp/mockwebserver/src/main/java/okhttp3/mockwebserver/MockResponse.java:71: warning: no @return
[WARNING] public String getStatus() {
[WARNING] ^
[WARNING] /home/travis/build/square/okhttp/mockwebserver/src/main/java/okhttp3/mockwebserver/MockResponse.java:97: warning: no @return
[WARNING] public Headers getHeaders() {
[WARNING] ^
[WARNING] /home/travis/build/square/okhttp/mockwebserver/src/main/java/okhttp3/mockwebserver/MockResponse.java:105: warning: no @return
[WARNING] public MockResponse clearHeaders() {
[WARNING] ^
[WARNING] /home/travis/build/square/okhttp/mockwebserver/src/main/java/okhttp3/mockwebserver/MockResponse.java:114: warning: no @param for header
[WARNING] public MockResponse addHeader(String header) {
[WARNING] ^
[WARNING] /home/travis/build/square/okhttp/mockwebserver/src/main/java/okhttp3/mockwebserver/MockResponse.java:114: warning: no @return
[WARNING] public MockResponse addHeader(String header) {
[WARNING] ^
[WARNING] /home/travis/build/square/okhttp/mockwebserver/src/main/java/okhttp3/mockwebserver/MockResponse.java:123: warning: no @param for name
[WARNING] public MockResponse addHeader(String name, Object value) {
[WARNING] ^
[WARNING] /home/travis/build/square/okhttp/mockwebserver/src/main/java/okhttp3/mockwebserver/MockResponse.java:123: warning: no @param for value
[WARNING] public MockResponse addHeader(String name, Object value) {
[WARNING] ^
[WARNING] /home/travis/build/square/okhttp/mockwebserver/src/main/java/okhttp3/mockwebserver/MockResponse.java:123: warning: no @return
[WARNING] public MockResponse addHeader(String name, Object value) {
[WARNING] ^
[WARNING] /home/travis/build/square/okhttp/mockwebserver/src/main/java/okhttp3/mockwebserver/MockResponse.java:133: warning: no @param for name
[WARNING] public MockResponse addHeaderLenient(String name, Object value) {
[WARNING] ^
[WARNING] /home/travis/build/square/okhttp/mockwebserver/src/main/java/okhttp3/mockwebserver/MockResponse.java:133: warning: no @param for value
[WARNING] public MockResponse addHeaderLenient(String name, Object value) {
[WARNING] ^
[WARNING] /home/travis/build/square/okhttp/mockwebserver/src/main/java/okhttp3/mockwebserver/MockResponse.java:133: warning: no @return
[WARNING] public MockResponse addHeaderLenient(String name, Object value) {
[WARNING] ^
[WARNING] /home/travis/build/square/okhttp/mockwebserver/src/main/java/okhttp3/mockwebserver/MockResponse.java:141: warning: no @param for name
[WARNING] public MockResponse setHeader(String name, Object value) {
[WARNING] ^
[WARNING] /home/travis/build/square/okhttp/mockwebserver/src/main/java/okhttp3/mockwebserver/MockResponse.java:141: warning: no @param for value
[WARNING] public MockResponse setHeader(String name, Object value) {
[WARNING] ^
[WARNING] /home/travis/build/square/okhttp/mockwebserver/src/main/java/okhttp3/mockwebserver/MockResponse.java:141: warning: no @return
[WARNING] public MockResponse setHeader(String name, Object value) {
[WARNING] ^
[WARNING] /home/travis/build/square/okhttp/mockwebserver/src/main/java/okhttp3/mockwebserver/MockResponse.java:147: warning: no @param for headers
[WARNING] public MockResponse setHeaders(Headers headers) {
[WARNING] ^
[WARNING] /home/travis/build/square/okhttp/mockwebserver/src/main/java/okhttp3/mockwebserver/MockResponse.java:147: warning: no @return
[WARNING] public MockResponse setHeaders(Headers headers) {
[WARNING] ^
[WARNING] /home/travis/build/square/okhttp/mockwebserver/src/main/java/okhttp3/mockwebserver/MockResponse.java:153: warning: no @param for name
[WARNING] public MockResponse removeHeader(String name) {
[WARNING] ^
[WARNING] /home/travis/build/square/okhttp/mockwebserver/src/main/java/okhttp3/mockwebserver/MockResponse.java:153: warning: no @return
[WARNING] public MockResponse removeHeader(String name) {
[WARNING] ^
[WARNING] /home/travis/build/square/okhttp/mockwebserver/src/main/java/okhttp3/mockwebserver/MockResponse.java:159: warning: no @return
[WARNING] public Buffer getBody() {
[WARNING] ^
[WARNING] /home/travis/build/square/okhttp/mockwebserver/src/main/java/okhttp3/mockwebserver/MockResponse.java:170: warning: no @param for body
[WARNING] public MockResponse setBody(String body) {
[WARNING] ^
[WARNING] /home/travis/build/square/okhttp/mockwebserver/src/main/java/okhttp3/mockwebserver/MockResponse.java:170: warning: no @return
[WARNING] public MockResponse setBody(String body) {
[WARNING] ^
[WARNING] /home/travis/build/square/okhttp/mockwebserver/src/main/java/okhttp3/mockwebserver/MockResponse.java:177: warning: no @param for body
[WARNING] public MockResponse setChunkedBody(Buffer body, int maxChunkSize) {
[WARNING] ^
[WARNING] /home/travis/build/square/okhttp/mockwebserver/src/main/java/okhttp3/mockwebserver/MockResponse.java:177: warning: no @param for maxChunkSize
[WARNING] public MockResponse setChunkedBody(Buffer body, int maxChunkSize) {
[WARNING] ^
[WARNING] /home/travis/build/square/okhttp/mockwebserver/src/main/java/okhttp3/mockwebserver/MockResponse.java:177: warning: no @return
[WARNING] public MockResponse setChunkedBody(Buffer body, int maxChunkSize) {
[WARNING] ^
[WARNING] /home/travis/build/square/okhttp/mockwebserver/src/main/java/okhttp3/mockwebserver/MockResponse.java:199: warning: no @param for body
[WARNING] public MockResponse setChunkedBody(String body, int maxChunkSize) {
[WARNING] ^
[WARNING] /home/travis/build/square/okhttp/mockwebserver/src/main/java/okhttp3/mockwebserver/MockResponse.java:199: warning: no @param for maxChunkSize
[WARNING] public MockResponse setChunkedBody(String body, int maxChunkSize) {
[WARNING] ^
[WARNING] /home/travis/build/square/okhttp/mockwebserver/src/main/java/okhttp3/mockwebserver/MockResponse.java:199: warning: no @return
[WARNING] public MockResponse setChunkedBody(String body, int maxChunkSize) {
[WARNING] ^
[WARNING] /home/travis/build/square/okhttp/mockwebserver/src/main/java/okhttp3/mockwebserver/MockResponse.java:221: warning: no @param for http2ErrorCode
[WARNING] public MockResponse setHttp2ErrorCode(int http2ErrorCode) {
[WARNING] ^
[WARNING] /home/travis/build/square/okhttp/mockwebserver/src/main/java/okhttp3/mockwebserver/MockResponse.java:221: warning: no @return
[WARNING] public MockResponse setHttp2ErrorCode(int http2ErrorCode) {
[WARNING] ^
[WARNING] /home/travis/build/square/okhttp/mockwebserver/src/main/java/okhttp3/mockwebserver/MockResponse.java:230: warning: no @param for bytesPerPeriod
[WARNING] public MockResponse throttleBody(long bytesPerPeriod, long period, TimeUnit unit) {
[WARNING] ^
[WARNING] /home/travis/build/square/okhttp/mockwebserver/src/main/java/okhttp3/mockwebserver/MockResponse.java:230: warning: no @param for period
[WARNING] public MockResponse throttleBody(long bytesPerPeriod, long period, TimeUnit unit) {
[WARNING] ^
[WARNING] /home/travis/build/square/okhttp/mockwebserver/src/main/java/okhttp3/mockwebserver/MockResponse.java:230: warning: no @param for unit
[WARNING] public MockResponse throttleBody(long bytesPerPeriod, long period, TimeUnit unit) {
[WARNING] ^
[WARNING] /home/travis/build/square/okhttp/mockwebserver/src/main/java/okhttp3/mockwebserver/MockResponse.java:230: warning: no @return
[WARNING] public MockResponse throttleBody(long bytesPerPeriod, long period, TimeUnit unit) {
[WARNING] ^
[WARNING] /home/travis/build/square/okhttp/mockwebserver/src/main/java/okhttp3/mockwebserver/MockResponse.java:249: warning: no @param for delay
[WARNING] public MockResponse setBodyDelay(long delay, TimeUnit unit) {
[WARNING] ^
[WARNING] /home/travis/build/square/okhttp/mockwebserver/src/main/java/okhttp3/mockwebserver/MockResponse.java:249: warning: no @param for unit
[WARNING] public MockResponse setBodyDelay(long delay, TimeUnit unit) {
[WARNING] ^
[WARNING] /home/travis/build/square/okhttp/mockwebserver/src/main/java/okhttp3/mockwebserver/MockResponse.java:249: warning: no @return
[WARNING] public MockResponse setBodyDelay(long delay, TimeUnit unit) {
[WARNING] ^
[WARNING] /home/travis/build/square/okhttp/mockwebserver/src/main/java/okhttp3/mockwebserver/MockResponse.java:273: warning: no @param for promise
[WARNING] public MockResponse withPush(PushPromise promise) {
[WARNING] ^
[WARNING] /home/travis/build/square/okhttp/mockwebserver/src/main/java/okhttp3/mockwebserver/MockResponse.java:273: warning: no @return
[WARNING] public MockResponse withPush(PushPromise promise) {
[WARNING] ^
[WARNING] /home/travis/build/square/okhttp/mockwebserver/src/main/java/okhttp3/mockwebserver/MockResponse.java:279: warning: no @return
[WARNING] public List<PushPromise> getPushPromises() {
[WARNING] ^
[WARNING] /home/travis/build/square/okhttp/mockwebserver/src/main/java/okhttp3/mockwebserver/MockResponse.java:287: warning: no @param for settings
[WARNING] public MockResponse withSettings(Settings settings) {
[WARNING] ^
[WARNING] /home/travis/build/square/okhttp/mockwebserver/src/main/java/okhttp3/mockwebserver/MockResponse.java:287: warning: no @return
[WARNING] public MockResponse withSettings(Settings settings) {
[WARNING] ^
[WARNING] /home/travis/build/square/okhttp/mockwebserver/src/main/java/okhttp3/mockwebserver/MockResponse.java:300: warning: no @param for listener
[WARNING] public MockResponse withWebSocketUpgrade(WebSocketListener listener) {
[WARNING] ^
[WARNING] /home/travis/build/square/okhttp/mockwebserver/src/main/java/okhttp3/mockwebserver/MockResponse.java:300: warning: no @return
[WARNING] public MockResponse withWebSocketUpgrade(WebSocketListener listener) {
[WARNING] ^
[WARNING] /home/travis/build/square/okhttp/mockwebserver/src/main/java/okhttp3/mockwebserver/MockWebServer.java:184: warning: no @return
[WARNING] public HttpUrl url(String path) {
[WARNING] ^
[WARNING] /home/travis/build/square/okhttp/mockwebserver/src/main/java/okhttp3/mockwebserver/MockWebServer.java:196: warning: no @param for maxBodyLength
[WARNING] public void setBodyLimit(long maxBodyLength) {
[WARNING] ^
[WARNING] /home/travis/build/square/okhttp/mockwebserver/src/main/java/okhttp3/mockwebserver/MockWebServer.java:204: warning: no @param for protocolNegotiationEnabled
[WARNING] public void setProtocolNegotiationEnabled(boolean protocolNegotiationEnabled) {
[WARNING] ^
[WARNING] /home/travis/build/square/okhttp/mockwebserver/src/main/java/okhttp3/mockwebserver/MockWebServer.java:240: warning: no @param for sslSocketFactory
[WARNING] public void useHttps(SSLSocketFactory sslSocketFactory, boolean tunnelProxy) {
[WARNING] ^
[WARNING] /home/travis/build/square/okhttp/mockwebserver/src/main/java/okhttp3/mockwebserver/MockWebServer.java:252: warning: no @throws for java.lang.InterruptedException
[WARNING] public RecordedRequest takeRequest() throws InterruptedException {
[WARNING] ^
[WARNING] /home/travis/build/square/okhttp/mockwebserver/src/main/java/okhttp3/mockwebserver/MockWebServer.java:265: warning: no @throws for java.lang.InterruptedException
[WARNING] public RecordedRequest takeRequest(long timeout, TimeUnit unit) throws InterruptedException {
[WARNING] ^
[WARNING] /home/travis/build/square/okhttp/mockwebserver/src/main/java/okhttp3/mockwebserver/MockWebServer.java:273: warning: no @return
[WARNING] public int getRequestCount() {
[WARNING] ^
[WARNING] /home/travis/build/square/okhttp/mockwebserver/src/main/java/okhttp3/mockwebserver/MockWebServer.java:285: warning: no @param for response
[WARNING] public void enqueue(MockResponse response) {
[WARNING] ^
[WARNING] /home/travis/build/square/okhttp/mockwebserver/src/main/java/okhttp3/mockwebserver/MockWebServer.java:290: warning: no @throws for java.io.IOException
[WARNING] public void start() throws IOException {
[WARNING] ^
[WARNING] /home/travis/build/square/okhttp/mockwebserver/src/main/java/okhttp3/mockwebserver/MockWebServer.java:300: warning: no @throws for java.io.IOException
[WARNING] public void start(int port) throws IOException {
[WARNING] ^
[WARNING] /home/travis/build/square/okhttp/mockwebserver/src/main/java/okhttp3/mockwebserver/MockWebServer.java:311: warning: no @throws for java.io.IOException
[WARNING] public void start(InetAddress inetAddress, int port) throws IOException {
[WARNING] ^
[WARNING] /home/travis/build/square/okhttp/mockwebserver/src/main/java/okhttp3/mockwebserver/MockWebServer.java:800: warning: no @param for dispatcher
[WARNING] public void setDispatcher(Dispatcher dispatcher) {
[WARNING] ^
[WARNING] /home/travis/build/square/okhttp/mockwebserver/src/main/java/okhttp3/mockwebserver/RecordedRequest.java:86: warning: no @return
[WARNING] public Headers getHeaders() {
[WARNING] ^
[WARNING] /home/travis/build/square/okhttp/mockwebserver/src/main/java/okhttp3/mockwebserver/RecordedRequest.java:91: warning: no @param for name
[WARNING] public String getHeader(String name) {
[WARNING] ^
[WARNING] /home/travis/build/square/okhttp/mockwebserver/src/main/java/okhttp3/mockwebserver/RecordedRequest.java:91: warning: no @return
[WARNING] public String getHeader(String name) {
[WARNING] ^
[WARNING] /home/travis/build/square/okhttp/mockwebserver/src/main/java/okhttp3/mockwebserver/RecordedRequest.java:100: warning: no @return
[WARNING] public List<Integer> getChunkSizes() {
[WARNING] ^
[WARNING] /home/travis/build/square/okhttp/mockwebserver/src/main/java/okhttp3/mockwebserver/RecordedRequest.java:107: warning: no @return
[WARNING] public long getBodySize() {
[WARNING] ^
[WARNING] /home/travis/build/square/okhttp/mockwebserver/src/main/java/okhttp3/mockwebserver/RecordedRequest.java:112: warning: no @return
[WARNING] public Buffer getBody() {
[WARNING] ^
[WARNING] /home/travis/build/square/okhttp/mockwebserver/src/main/java/okhttp3/mockwebserver/RecordedRequest.java:117: warning: no @return
[WARNING] public String getUtf8Body() {
[WARNING] ^
[WARNING] /home/travis/build/square/okhttp/mockwebserver/src/main/java/okhttp3/mockwebserver/RecordedRequest.java:125: warning: no @return
[WARNING] public int getSequenceNumber() {
[WARNING] ^
[WARNING] /home/travis/build/square/okhttp/mockwebserver/src/main/java/okhttp3/mockwebserver/RecordedRequest.java:130: warning: no @return
[WARNING] public TlsVersion getTlsVersion() {
[WARNING] ^
[WARNING] /home/travis/build/square/okhttp/mockwebserver/src/main/java/okhttp3/mockwebserver/internal/tls/HeldCertificate.java:76: warning: no @param for hostname
[WARNING] public Builder commonName(String hostname) {
[WARNING] ^
[WARNING] /home/travis/build/square/okhttp/mockwebserver/src/main/java/okhttp3/mockwebserver/internal/tls/HeldCertificate.java:76: warning: no @return
[WARNING] public Builder commonName(String hostname) {
[WARNING] ^
[WARNING] /home/travis/build/square/okhttp/mockwebserver/src/main/java/okhttp3/mockwebserver/internal/tls/HeldCertificate.java:90: warning: no @param for signedBy
[WARNING] public Builder issuedBy(HeldCertificate signedBy) {
[WARNING] ^
[WARNING] /home/travis/build/square/okhttp/mockwebserver/src/main/java/okhttp3/mockwebserver/internal/tls/HeldCertificate.java:90: warning: no @return
[WARNING] public Builder issuedBy(HeldCertificate signedBy) {
[WARNING] ^
[WARNING] /home/travis/build/square/okhttp/mockwebserver/src/main/java/okhttp3/mockwebserver/internal/tls/HeldCertificate.java:99: warning: no @param for maxIntermediateCas
[WARNING] public Builder ca(int maxIntermediateCas) {
[WARNING] ^
[WARNING] /home/travis/build/square/okhttp/mockwebserver/src/main/java/okhttp3/mockwebserver/internal/tls/HeldCertificate.java:99: warning: no @return
[WARNING] public Builder ca(int maxIntermediateCas) {
[WARNING] ^
[WARNING] /home/travis/build/square/okhttp/mockwebserver/src/main/java/okhttp3/mockwebserver/internal/tls/HeldCertificate.java:108: warning: no @param for altName
[WARNING] public Builder subjectAlternativeName(String altName) {
[WARNING] ^
[WARNING] /home/travis/build/square/okhttp/mockwebserver/src/main/java/okhttp3/mockwebserver/internal/tls/HeldCertificate.java:108: warning: no @return
[WARNING] public Builder subjectAlternativeName(String altName) {
[WARNING] ^
[WARNING] /home/travis/build/square/okhttp/mockwebserver/src/main/java/okhttp3/mockwebserver/internal/tls/SslClient.java:57: warning: no @return
[WARNING] public static synchronized SslClient localhost() {
[WARNING] ^
[WARNING] /home/travis/build/square/okhttp/mockwebserver/src/main/java/okhttp3/mockwebserver/internal/tls/SslClient.java:90: warning: no @param for localCert
[WARNING] public Builder certificateChain(HeldCertificate localCert, HeldCertificate... chain) {
[WARNING] ^
[WARNING] /home/travis/build/square/okhttp/mockwebserver/src/main/java/okhttp3/mockwebserver/internal/tls/SslClient.java:90: warning: no @param for chain
[WARNING] public Builder certificateChain(HeldCertificate localCert, HeldCertificate... chain) {
[WARNING] ^
[WARNING] /home/travis/build/square/okhttp/mockwebserver/src/main/java/okhttp3/mockwebserver/internal/tls/SslClient.java:90: warning: no @return
[WARNING] public Builder certificateChain(HeldCertificate localCert, HeldCertificate... chain) {
[WARNING] ^
[WARNING] /home/travis/build/square/okhttp/mockwebserver/src/main/java/okhttp3/mockwebserver/internal/tls/SslClient.java:111: warning: no @param for certificate
[WARNING] public Builder addTrustedCertificate(X509Certificate certificate) {
[WARNING] ^
[WARNING] /home/travis/build/square/okhttp/mockwebserver/src/main/java/okhttp3/mockwebserver/internal/tls/SslClient.java:111: warning: no @return
[WARNING] public Builder addTrustedCertificate(X509Certificate certificate) {
[WARNING] ^
[INFO] Building jar: /home/travis/build/square/okhttp/mockwebserver/target/mockwebserver-3.11.0-SNAPSHOT-javadoc.jar
[INFO] 
[INFO] >>> maven-source-plugin:3.0.1:jar (default-cli) > generate-sources @ mockwebserver >>>
[INFO] 
[INFO] --- maven-enforcer-plugin:1.0:enforce (enforce-maven) @ mockwebserver ---
[INFO] 
[INFO] <<< maven-source-plugin:3.0.1:jar (default-cli) < generate-sources @ mockwebserver <<<
[INFO] 
[INFO] 
[INFO] --- maven-source-plugin:3.0.1:jar (default-cli) @ mockwebserver ---
[INFO] Building jar: /home/travis/build/square/okhttp/mockwebserver/target/mockwebserver-3.11.0-SNAPSHOT-sources.jar
[INFO] 
[INFO] ------------------------------------------------------------------------
[INFO] Building OkHttp URLConnection 3.11.0-SNAPSHOT
[INFO] ------------------------------------------------------------------------
[INFO] 
[INFO] --- maven-enforcer-plugin:1.0:enforce (enforce-maven) @ okhttp-urlconnection ---
[INFO] 
[INFO] --- maven-resources-plugin:2.6:resources (default-resources) @ okhttp-urlconnection ---
[INFO] Using 'UTF-8' encoding to copy filtered resources.
[INFO] skip non existing resourceDirectory /home/travis/build/square/okhttp/okhttp-urlconnection/src/main/resources
[INFO] 
[INFO] --- maven-compiler-plugin:3.6.1:compile (default-compile) @ okhttp-urlconnection ---
[INFO] Nothing to compile - all classes are up to date
[INFO] 
[INFO] --- maven-resources-plugin:2.6:testResources (default-testResources) @ okhttp-urlconnection ---
[INFO] Using 'UTF-8' encoding to copy filtered resources.
[INFO] skip non existing resourceDirectory /home/travis/build/square/okhttp/okhttp-urlconnection/src/test/resources
[INFO] 
[INFO] --- maven-compiler-plugin:3.6.1:testCompile (default-testCompile) @ okhttp-urlconnection ---
[INFO] Nothing to compile - all classes are up to date
[INFO] 
[INFO] --- maven-surefire-plugin:2.17:test (default-test) @ okhttp-urlconnection ---
[INFO] Surefire report directory: /home/travis/build/square/okhttp/okhttp-urlconnection/target/surefire-reports
[INFO] Using configured provider org.apache.maven.surefire.junitcore.JUnitCoreProvider
[INFO] parallel='none', perCoreThreadCount=true, threadCount=0, useUnlimitedThreads=false, threadCountSuites=0, threadCountClasses=0, threadCountMethods=0, parallelOptimized=true

-------------------------------------------------------
 T E S T S
-------------------------------------------------------
Picked up _JAVA_OPTIONS: -Xmx2048m -Xms512m
Running okhttp3.UrlConnectionCacheTest
Tests run: 109, Failures: 0, Errors: 0, Skipped: 0, Time elapsed: 9.342 sec - in okhttp3.UrlConnectionCacheTest
Running okhttp3.OkUrlFactoryTest
Tests run: 13, Failures: 0, Errors: 0, Skipped: 0, Time elapsed: 0.268 sec - in okhttp3.OkUrlFactoryTest
Running okhttp3.internal.huc.URLEncodingTest
Tests run: 2, Failures: 0, Errors: 0, Skipped: 2, Time elapsed: 0 sec - in okhttp3.internal.huc.URLEncodingTest

Results :

Tests run: 124, Failures: 0, Errors: 0, Skipped: 2

[INFO] 
[INFO] --- animal-sniffer-maven-plugin:1.15:check (default) @ okhttp-urlconnection ---
[INFO] Checking unresolved references to org.codehaus.mojo.signature:java16:1.1
[INFO] 
[INFO] --- maven-javadoc-plugin:2.10.4:jar (default-cli) @ okhttp-urlconnection ---
[INFO] 
Loading source files for package okhttp3...
Constructing Javadoc information...
Standard Doclet version 1.8.0_171
Building tree for all the packages and classes...
Generating /home/travis/build/square/okhttp/okhttp-urlconnection/target/apidocs/okhttp3/JavaNetAuthenticator.html...
Generating /home/travis/build/square/okhttp/okhttp-urlconnection/target/apidocs/okhttp3/JavaNetCookieJar.html...
Generating /home/travis/build/square/okhttp/okhttp-urlconnection/target/apidocs/okhttp3/OkUrlFactory.html...
Generating /home/travis/build/square/okhttp/okhttp-urlconnection/target/apidocs/okhttp3/package-frame.html...
Generating /home/travis/build/square/okhttp/okhttp-urlconnection/target/apidocs/okhttp3/package-summary.html...
Generating /home/travis/build/square/okhttp/okhttp-urlconnection/target/apidocs/okhttp3/package-tree.html...
Generating /home/travis/build/square/okhttp/okhttp-urlconnection/target/apidocs/constant-values.html...
Generating /home/travis/build/square/okhttp/okhttp-urlconnection/target/apidocs/okhttp3/class-use/OkUrlFactory.html...
Generating /home/travis/build/square/okhttp/okhttp-urlconnection/target/apidocs/okhttp3/class-use/JavaNetCookieJar.html...
Generating /home/travis/build/square/okhttp/okhttp-urlconnection/target/apidocs/okhttp3/class-use/JavaNetAuthenticator.html...
Generating /home/travis/build/square/okhttp/okhttp-urlconnection/target/apidocs/okhttp3/package-use.html...
Building index for all the packages and classes...
Generating /home/travis/build/square/okhttp/okhttp-urlconnection/target/apidocs/overview-tree.html...
Generating /home/travis/build/square/okhttp/okhttp-urlconnection/target/apidocs/index-all.html...
Generating /home/travis/build/square/okhttp/okhttp-urlconnection/target/apidocs/deprecated-list.html...
Building index for all classes...
Generating /home/travis/build/square/okhttp/okhttp-urlconnection/target/apidocs/allclasses-frame.html...
Generating /home/travis/build/square/okhttp/okhttp-urlconnection/target/apidocs/allclasses-noframe.html...
Generating /home/travis/build/square/okhttp/okhttp-urlconnection/target/apidocs/index.html...
Generating /home/travis/build/square/okhttp/okhttp-urlconnection/target/apidocs/help-doc.html...
1 warning
[WARNING] Javadoc Warnings
[WARNING] Picked up _JAVA_OPTIONS: -Xmx2048m -Xms512m
[WARNING] javadoc: warning - Error fetching URL: http://square.github.io/okhttp/javadoc/
[INFO] Building jar: /home/travis/build/square/okhttp/okhttp-urlconnection/target/okhttp-urlconnection-3.11.0-SNAPSHOT-javadoc.jar
[INFO] 
[INFO] >>> maven-source-plugin:3.0.1:jar (default-cli) > generate-sources @ okhttp-urlconnection >>>
[INFO] 
[INFO] --- maven-enforcer-plugin:1.0:enforce (enforce-maven) @ okhttp-urlconnection ---
[INFO] 
[INFO] <<< maven-source-plugin:3.0.1:jar (default-cli) < generate-sources @ okhttp-urlconnection <<<
[INFO] 
[INFO] 
[INFO] --- maven-source-plugin:3.0.1:jar (default-cli) @ okhttp-urlconnection ---
[INFO] Building jar: /home/travis/build/square/okhttp/okhttp-urlconnection/target/okhttp-urlconnection-3.11.0-SNAPSHOT-sources.jar
[INFO] 
[INFO] ------------------------------------------------------------------------
[INFO] Building OkHttp Tests 3.11.0-SNAPSHOT
[INFO] ------------------------------------------------------------------------
[INFO] 
[INFO] --- maven-enforcer-plugin:1.0:enforce (enforce-maven) @ okhttp-tests ---
[INFO] 
[INFO] --- maven-resources-plugin:2.6:resources (default-resources) @ okhttp-tests ---
[INFO] Using 'UTF-8' encoding to copy filtered resources.
[INFO] skip non existing resourceDirectory /home/travis/build/square/okhttp/okhttp-tests/src/main/resources
[INFO] 
[INFO] --- maven-compiler-plugin:3.6.1:compile (default-compile) @ okhttp-tests ---
[INFO] Nothing to compile - all classes are up to date
[INFO] 
[INFO] --- maven-resources-plugin:2.6:testResources (default-testResources) @ okhttp-tests ---
[INFO] Using 'UTF-8' encoding to copy filtered resources.
[INFO] Copying 1 resource
[INFO] 
[INFO] --- maven-compiler-plugin:3.6.1:testCompile (default-testCompile) @ okhttp-tests ---
[INFO] Nothing to compile - all classes are up to date
[INFO] 
[INFO] --- maven-surefire-plugin:2.17:test (default-test) @ okhttp-tests ---
[INFO] Surefire report directory: /home/travis/build/square/okhttp/okhttp-tests/target/surefire-reports
[INFO] Using configured provider org.apache.maven.surefire.junitcore.JUnitCoreProvider
[INFO] parallel='none', perCoreThreadCount=true, threadCount=0, useUnlimitedThreads=false, threadCountSuites=0, threadCountClasses=0, threadCountMethods=0, parallelOptimized=true

-------------------------------------------------------
 T E S T S
-------------------------------------------------------
Picked up _JAVA_OPTIONS: -Xmx2048m -Xms512m
Running okhttp3.InterceptorTest
Tests run: 32, Failures: 0, Errors: 0, Skipped: 0, Time elapsed: 11.723 sec - in okhttp3.InterceptorTest
Running okhttp3.internal.http2.HuffmanTest
Tests run: 1, Failures: 0, Errors: 0, Skipped: 0, Time elapsed: 0.022 sec - in okhttp3.internal.http2.HuffmanTest
Running okhttp3.internal.http2.Http2ConnectionTest
Tests run: 49, Failures: 0, Errors: 0, Skipped: 0, Time elapsed: 3.702 sec - in okhttp3.internal.http2.Http2ConnectionTest
Running okhttp3.internal.http2.Http2Test
Tests run: 32, Failures: 0, Errors: 0, Skipped: 0, Time elapsed: 0.05 sec - in okhttp3.internal.http2.Http2Test
Running okhttp3.internal.http2.HttpOverHttp2Test
Tests run: 82, Failures: 0, Errors: 0, Skipped: 5, Time elapsed: 28.294 sec - in okhttp3.internal.http2.HttpOverHttp2Test
Running okhttp3.internal.http2.SettingsTest
Tests run: 3, Failures: 0, Errors: 0, Skipped: 0, Time elapsed: 0 sec - in okhttp3.internal.http2.SettingsTest
Running okhttp3.internal.http2.HpackTest
Tests run: 53, Failures: 0, Errors: 0, Skipped: 0, Time elapsed: 0.011 sec - in okhttp3.internal.http2.HpackTest
Running okhttp3.internal.http2.FrameLogTest
Tests run: 5, Failures: 0, Errors: 0, Skipped: 0, Time elapsed: 0 sec - in okhttp3.internal.http2.FrameLogTest
Running okhttp3.internal.connection.RouteSelectorTest
Tests run: 15, Failures: 0, Errors: 0, Skipped: 0, Time elapsed: 0.007 sec - in okhttp3.internal.connection.RouteSelectorTest
Running okhttp3.internal.connection.RouteExceptionTest
Tests run: 2, Failures: 0, Errors: 0, Skipped: 0, Time elapsed: 0.003 sec - in okhttp3.internal.connection.RouteExceptionTest
Running okhttp3.internal.connection.ConnectionSpecSelectorTest
Tests run: 4, Failures: 0, Errors: 0, Skipped: 0, Time elapsed: 0.002 sec - in okhttp3.internal.connection.ConnectionSpecSelectorTest
Running okhttp3.internal.http.StatusLineTest
Tests run: 9, Failures: 0, Errors: 0, Skipped: 0, Time elapsed: 0.004 sec - in okhttp3.internal.http.StatusLineTest
Running okhttp3.internal.http.HttpDateTest
Tests run: 3, Failures: 0, Errors: 0, Skipped: 0, Time elapsed: 0.045 sec - in okhttp3.internal.http.HttpDateTest
Running okhttp3.internal.http.ThreadInterruptTest
Tests run: 2, Failures: 0, Errors: 0, Skipped: 0, Time elapsed: 1.023 sec - in okhttp3.internal.http.ThreadInterruptTest
Running okhttp3.internal.http.DisconnectTest
Tests run: 2, Failures: 0, Errors: 0, Skipped: 0, Time elapsed: 10.887 sec - in okhttp3.internal.http.DisconnectTest
Running okhttp3.internal.cache2.RelayTest
Tests run: 8, Failures: 0, Errors: 0, Skipped: 0, Time elapsed: 1.026 sec - in okhttp3.internal.cache2.RelayTest
Running okhttp3.internal.cache2.FileOperatorTest
Tests run: 8, Failures: 0, Errors: 0, Skipped: 0, Time elapsed: 0.058 sec - in okhttp3.internal.cache2.FileOperatorTest
Running okhttp3.internal.tls.HostnameVerifierTest
Tests run: 16, Failures: 0, Errors: 0, Skipped: 2, Time elapsed: 0.022 sec - in okhttp3.internal.tls.HostnameVerifierTest
Running okhttp3.internal.tls.ClientAuthTest
Tests run: 7, Failures: 0, Errors: 0, Skipped: 0, Time elapsed: 2.551 sec - in okhttp3.internal.tls.ClientAuthTest
Running okhttp3.internal.tls.CertificatePinnerChainValidationTest
Tests run: 4, Failures: 0, Errors: 0, Skipped: 0, Time elapsed: 1.308 sec - in okhttp3.internal.tls.CertificatePinnerChainValidationTest
Running okhttp3.internal.tls.DistinguishedNameParserTest
Tests run: 8, Failures: 0, Errors: 0, Skipped: 0, Time elapsed: 0.007 sec - in okhttp3.internal.tls.DistinguishedNameParserTest
Running okhttp3.internal.ws.WebSocketWriterTest
Tests run: 32, Failures: 0, Errors: 0, Skipped: 0, Time elapsed: 0.03 sec - in okhttp3.internal.ws.WebSocketWriterTest
Running okhttp3.internal.ws.RealWebSocketTest
Tests run: 23, Failures: 0, Errors: 0, Skipped: 2, Time elapsed: 4.069 sec - in okhttp3.internal.ws.RealWebSocketTest
Running okhttp3.internal.ws.WebSocketHttpTest
Tests run: 37, Failures: 0, Errors: 0, Skipped: 1, Time elapsed: 6.813 sec - in okhttp3.internal.ws.WebSocketHttpTest
Running okhttp3.internal.ws.WebSocketReaderTest
Tests run: 28, Failures: 0, Errors: 0, Skipped: 0, Time elapsed: 0.071 sec - in okhttp3.internal.ws.WebSocketReaderTest
Running okhttp3.internal.platform.PlatformTest
Tests run: 2, Failures: 0, Errors: 0, Skipped: 0, Time elapsed: 0.002 sec - in okhttp3.internal.platform.PlatformTest
Running okhttp3.internal.platform.OptionalMethodTest
Tests run: 9, Failures: 0, Errors: 0, Skipped: 1, Time elapsed: 0.008 sec - in okhttp3.internal.platform.OptionalMethodTest
Running okhttp3.internal.platform.Jdk9PlatformTest
Tests run: 2, Failures: 0, Errors: 0, Skipped: 2, Time elapsed: 0.001 sec - in okhttp3.internal.platform.Jdk9PlatformTest
Running okhttp3.internal.platform.JdkWithJettyBootPlatformTest
Tests run: 1, Failures: 0, Errors: 0, Skipped: 0, Time elapsed: 0.001 sec - in okhttp3.internal.platform.JdkWithJettyBootPlatformTest
Running okhttp3.internal.publicsuffix.PublicSuffixDatabaseTest
Tests run: 9, Failures: 0, Errors: 0, Skipped: 0, Time elapsed: 0.492 sec - in okhttp3.internal.publicsuffix.PublicSuffixDatabaseTest
Running okhttp3.internal.cache.DiskLruCacheTest
Tests run: 103, Failures: 0, Errors: 0, Skipped: 0, Time elapsed: 6.371 sec - in okhttp3.internal.cache.DiskLruCacheTest
Running okhttp3.internal.UtilTest
Tests run: 1, Failures: 0, Errors: 0, Skipped: 0, Time elapsed: 0 sec - in okhttp3.internal.UtilTest
Running okhttp3.OkHttpClientTest
Tests run: 13, Failures: 0, Errors: 0, Skipped: 0, Time elapsed: 0.024 sec - in okhttp3.OkHttpClientTest
Running okhttp3.ConnectionCoalescingTest
Tests run: 12, Failures: 0, Errors: 0, Skipped: 1, Time elapsed: 3.301 sec - in okhttp3.ConnectionCoalescingTest
Running okhttp3.ResponseBodyTest
Tests run: 34, Failures: 0, Errors: 0, Skipped: 0, Time elapsed: 0.012 sec - in okhttp3.ResponseBodyTest
Running okhttp3.RequestTest
Tests run: 16, Failures: 0, Errors: 0, Skipped: 0, Time elapsed: 0.017 sec - in okhttp3.RequestTest
Running okhttp3.CookieTest
Tests run: 59, Failures: 0, Errors: 0, Skipped: 0, Time elapsed: 0.009 sec - in okhttp3.CookieTest
Running okhttp3.MultipartBodyTest
Tests run: 9, Failures: 0, Errors: 0, Skipped: 0, Time elapsed: 0.008 sec - in okhttp3.MultipartBodyTest
Running okhttp3.CipherSuiteTest
Tests run: 15, Failures: 0, Errors: 0, Skipped: 0, Time elapsed: 0.118 sec - in okhttp3.CipherSuiteTest
Running okhttp3.FormBodyTest
Tests run: 7, Failures: 0, Errors: 0, Skipped: 0, Time elapsed: 0 sec - in okhttp3.FormBodyTest
Running okhttp3.ConnectionPoolTest
Tests run: 5, Failures: 0, Errors: 0, Skipped: 0, Time elapsed: 0.153 sec - in okhttp3.ConnectionPoolTest
Running okhttp3.EventListenerTest
Tests run: 42, Failures: 1, Errors: 0, Skipped: 2, Time elapsed: 7.518 sec <<< FAILURE! - in okhttp3.EventListenerTest
failedCallEventSequence(okhttp3.EventListenerTest)  Time elapsed: 0.01 sec  <<< FAILURE!
java.lang.AssertionError: null
	at org.junit.Assert.fail(Assert.java:86)
	at org.junit.Assert.fail(Assert.java:95)
	at okhttp3.EventListenerTest.failedCallEventSequence(EventListenerTest.java:164)

Running okhttp3.ProtocolTest
Tests run: 3, Failures: 0, Errors: 0, Skipped: 0, Time elapsed: 0 sec - in okhttp3.ProtocolTest
Running okhttp3.SocksProxyTest
Tests run: 3, Failures: 0, Errors: 0, Skipped: 0, Time elapsed: 0.148 sec - in okhttp3.SocksProxyTest
Running okhttp3.ConnectionSpecTest
Tests run: 16, Failures: 0, Errors: 0, Skipped: 0, Time elapsed: 0.007 sec - in okhttp3.ConnectionSpecTest
Running okhttp3.MediaTypeTest
Tests run: 17, Failures: 0, Errors: 0, Skipped: 0, Time elapsed: 0.01 sec - in okhttp3.MediaTypeTest
Running okhttp3.CookiesTest
Tests run: 12, Failures: 0, Errors: 0, Skipped: 0, Time elapsed: 0.059 sec - in okhttp3.CookiesTest
Running okhttp3.HeadersTest
Tests run: 37, Failures: 0, Errors: 0, Skipped: 0, Time elapsed: 0 sec - in okhttp3.HeadersTest
Running okhttp3.HttpUrlTest
Tests run: 156, Failures: 0, Errors: 0, Skipped: 2, Time elapsed: 0.179 sec - in okhttp3.HttpUrlTest
Running okhttp3.CallTest
Tests run: 177, Failures: 0, Errors: 0, Skipped: 1, Time elapsed: 31.093 sec - in okhttp3.CallTest
Running okhttp3.ConscryptTest
Tests run: 4, Failures: 0, Errors: 0, Skipped: 2, Time elapsed: 0.088 sec - in okhttp3.ConscryptTest
Running okhttp3.URLConnectionTest
Tests run: 234, Failures: 0, Errors: 0, Skipped: 7, Time elapsed: 31.958 sec - in okhttp3.URLConnectionTest
Running okhttp3.AddressTest
Tests run: 4, Failures: 0, Errors: 0, Skipped: 0, Time elapsed: 0 sec - in okhttp3.AddressTest
Running okhttp3.ConnectionReuseTest
Tests run: 15, Failures: 0, Errors: 0, Skipped: 0, Time elapsed: 2.594 sec - in okhttp3.ConnectionReuseTest
Running okhttp3.DispatcherTest
Tests run: 15, Failures: 0, Errors: 0, Skipped: 0, Time elapsed: 0.052 sec - in okhttp3.DispatcherTest
Running okhttp3.CacheTest
Tests run: 133, Failures: 0, Errors: 0, Skipped: 0, Time elapsed: 9.68 sec - in okhttp3.CacheTest
Running okhttp3.CacheControlTest
Tests run: 14, Failures: 0, Errors: 0, Skipped: 0, Time elapsed: 0.006 sec - in okhttp3.CacheControlTest
Running okhttp3.WebPlatformUrlTest
Tests run: 265, Failures: 0, Errors: 0, Skipped: 0, Time elapsed: 0.136 sec - in okhttp3.WebPlatformUrlTest
Running okhttp3.CertificateChainCleanerTest
Tests run: 13, Failures: 0, Errors: 0, Skipped: 0, Time elapsed: 1.593 sec - in okhttp3.CertificateChainCleanerTest
Running okhttp3.ResponseTest
Tests run: 4, Failures: 0, Errors: 0, Skipped: 0, Time elapsed: 0.06 sec - in okhttp3.ResponseTest
Running okhttp3.CertificatePinnerTest
Tests run: 22, Failures: 0, Errors: 0, Skipped: 0, Time elapsed: 0.006 sec - in okhttp3.CertificatePinnerTest

Results :

Failed tests: 
  EventListenerTest.failedCallEventSequence:164 null

Tests run: 1948, Failures: 1, Errors: 0, Skipped: 28

[INFO] ------------------------------------------------------------------------
[INFO] Reactor Summary:
[INFO] 
[INFO] OkHttp (Parent) .................................... SUCCESS [  1.820 s]
[INFO] OkHttp ............................................. SUCCESS [ 15.995 s]
[INFO] OkHttp test support classes ........................ SUCCESS [  2.097 s]
[INFO] MockWebServer ...................................... SUCCESS [ 10.701 s]
[INFO] OkHttp URLConnection ............................... SUCCESS [ 13.998 s]
[INFO] OkHttp Tests ....................................... FAILURE [02:50 min]
[INFO] OkHttp Android Platform Support .................... SKIPPED
[INFO] OkHttp Apache HttpClient ........................... SKIPPED
[INFO] OkHttp Logging Interceptor ......................... SKIPPED
[INFO] OkCurl ............................................. SKIPPED
[INFO] Samples (Parent) ................................... SKIPPED
[INFO] Sample: Guide ...................................... SKIPPED
[INFO] Sample: Crawler .................................... SKIPPED
[INFO] Sample: Simple Client .............................. SKIPPED
[INFO] Sample: Slack ...................................... SKIPPED
[INFO] Sample: Static Server .............................. SKIPPED
[INFO] Benchmarks ......................................... SKIPPED
[INFO] ------------------------------------------------------------------------
[INFO] BUILD FAILURE
[INFO] ------------------------------------------------------------------------
[INFO] Total time: 03:35 min
[INFO] Finished at: 2018-05-18T06:09:58Z
[INFO] Final Memory: 52M/928M
[INFO] ------------------------------------------------------------------------
[ERROR] Failed to execute goal org.apache.maven.plugins:maven-surefire-plugin:2.17:test (default-test) on project okhttp-tests: There are test failures.
[ERROR] 
[ERROR] Please refer to /home/travis/build/square/okhttp/okhttp-tests/target/surefire-reports for the individual test results.
[ERROR] -> [Help 1]
[ERROR] 
[ERROR] To see the full stack trace of the errors, re-run Maven with the -e switch.
[ERROR] Re-run Maven using the -X switch to enable full debug logging.
[ERROR] 
[ERROR] For more information about the errors and possible solutions, please read the following articles:
[ERROR] [Help 1] http://cwiki.apache.org/confluence/display/MAVEN/MojoFailureException
[ERROR] 
[ERROR] After correcting the problems, you can resume the build with the command
[ERROR]   mvn <goals> -rf :okhttp-tests

travis_time:end:10dcc987:start=1526623581022431494,finish=1526623798749420623,duration=217726989129[0K
[31;1mThe command "mvn test javadoc:jar source:jar -B" exited with 1.[0m
travis_fold:start:cache.2[0Kstore build cache
travis_time:start:13c6792a[0K
travis_time:end:13c6792a:start=1526623798757722771,finish=1526623798763874835,duration=6152064[0Ktravis_time:start:07b69d98[0K[32;1mchange detected (content changed, file is created, or file is deleted):
/home/travis/.m2/repository/com/squareup/okhttp3/benchmarks/3.11.0-SNAPSHOT/benchmarks-3.11.0-SNAPSHOT.jar
/home/travis/.m2/repository/com/squareup/okhttp3/benchmarks/3.11.0-SNAPSHOT/maven-metadata-local.xml
/home/travis/.m2/repository/com/squareup/okhttp3/benchmarks/3.11.0-SNAPSHOT/_remote.repositories
/home/travis/.m2/repository/com/squareup/okhttp3/benchmarks/maven-metadata-local.xml
/home/travis/.m2/repository/com/squareup/okhttp3/logging-interceptor/3.11.0-SNAPSHOT/logging-interceptor-3.11.0-SNAPSHOT.jar
/home/travis/.m2/repository/com/squareup/okhttp3/logging-interceptor/3.11.0-SNAPSHOT/maven-metadata-local.xml
/home/travis/.m2/repository/com/squareup/okhttp3/logging-interceptor/3.11.0-SNAPSHOT/_remote.repositories
/home/travis/.m2/repository/com/squareup/okhttp3/logging-interceptor/maven-metadata-local.xml
/home/travis/.m2/repository/com/squareup/okhttp3/mockwebserver/3.11.0-SNAPSHOT/maven-metadata-local.xml
/home/travis/.m2/repository/com/squareup/okhttp3/mockwebserver/3.11.0-SN
[0m
[32;1m...
[0m
[32;1mchanges detected, packing new archive[0m
.
[32;1muploading archive[0m

travis_time:end:07b69d98:start=1526623798771045286,finish=1526623811655692563,duration=12884647277[0Ktravis_fold:end:cache.2[0K
Done. Your build exited with 1.
