Using worker: worker-linux-docker-2d5c3702.prod.travis-ci.org:travis-linux-2

travis_fold:start:system_info[0K[33;1mBuild system information[0m
Build language: java
[34m[1mBuild image provisioning date and time[0m
Fri Dec 12 23:29:11 UTC 2014
[34m[1mlsb_release -a[0m
Distributor ID:	Ubuntu
Description:	Ubuntu 12.04.5 LTS
Release:	12.04
Codename:	precise
[34m[1mCookbooks Version[0m
540230e https://github.com/travis-ci/travis-cookbooks/tree/540230e
[34m[1mGCC version[0m
gcc (Ubuntu/Linaro 4.6.3-1ubuntu5) 4.6.3
Copyright (C) 2011 Free Software Foundation, Inc.
This is free software; see the source for copying conditions.  There is NO
warranty; not even for MERCHANTABILITY or FITNESS FOR A PARTICULAR PURPOSE.

[34m[1mLLVM version[0m
clang version 3.4 (tags/RELEASE_34/final)
Target: x86_64-unknown-linux-gnu
Thread model: posix
[34m[1mPre-installed Ruby versions[0m
ruby-1.9.3-p551
[34m[1mPre-installed Node.js versions[0m
v0.10.33
[34m[1mPre-installed Go versions[0m
go1.4
[34m[1mRedis version[0m
redis-server 2.8.18
[34m[1mriak version[0m
1.4.12
[34m[1mMongoDB version[0m
MongoDB 2.4.12
[34m[1mCouchDB version[0m
couchdb 1.6.1
[34m[1mNeo4j version[0m
1.9.4
[34m[1mCassandra version[0m
2.0.9
[34m[1mRabbitMQ Version[0m
3.4.2
[34m[1mElasticSearch version[0m
1.4.0
[34m[1mInstalled Sphinx versions[0m
2.0.10
2.1.9
2.2.4
[34m[1mDefault Sphinx version[0m
2.1.9
[34m[1mInstalled Firefox version[0m
firefox 31.0esr
[34m[1mPhantomJS version[0m
1.9.8
[34m[1mant -version[0m
Apache Ant(TM) version 1.8.2 compiled on December 3 2011
[34m[1mmvn -version[0m
Apache Maven 3.2.3 (33f8c3e1027c3ddde99d3cdebad2656a31e8fdf4; 2014-08-11T20:58:10+00:00)
Maven home: /usr/local/maven
Java version: 1.7.0_72, vendor: Oracle Corporation
Java home: /usr/lib/jvm/java-7-oracle/jre
Default locale: en_US, platform encoding: ANSI_X3.4-1968
OS name: "linux", version: "3.13.0-29-generic", arch: "amd64", family: "unix"
[34m[1mgradle -version[0m

------------------------------------------------------------
Gradle 2.2.1
------------------------------------------------------------

Build time:   2014-11-24 09:45:35 UTC
Build number: none
Revision:     6fcb59c06f43a4e6b1bcb401f7686a8601a1fb4a

Groovy:       2.3.6
Ant:          Apache Ant(TM) version 1.9.3 compiled on December 23 2013
JVM:          1.7.0_72 (Oracle Corporation 24.72-b04)
OS:           Linux 3.13.0-29-generic amd64

[34m[1mlein1 version[0m
Using JLine for console I/O; install rlwrap for optimum experience.
Leiningen 1.7.1 on Java 1.7.0_72 Java HotSpot(TM) 64-Bit Server VM
[34m[1mlein2 version[0m
Leiningen 2.5.0 on Java 1.7.0_72 Java HotSpot(TM) 64-Bit Server VM
[34m[1mlein version[0m
Leiningen 2.5.0 on Java 1.7.0_72 Java HotSpot(TM) 64-Bit Server VM
travis_fold:end:system_info[0K
travis_fold:start:git.checkout[0Ktravis_time:start:13d7d5fc[0K$ git clone --depth=50 --branch=jwilson_0108_anonymous_inner_classes git://github.com/square/javawriter.git square/javawriter
Cloning into 'square/javawriter'...
remote: Counting objects: 1361, done.[K
remote: Compressing objects:   0% (1/385)   [Kremote: Compressing objects:   1% (4/385)   [Kremote: Compressing objects:   2% (8/385)   [Kremote: Compressing objects:   3% (12/385)   [Kremote: Compressing objects:   4% (16/385)   [Kremote: Compressing objects:   5% (20/385)   [Kremote: Compressing objects:   6% (24/385)   [Kremote: Compressing objects:   7% (27/385)   [Kremote: Compressing objects:   8% (31/385)   [Kremote: Compressing objects:   9% (35/385)   [Kremote: Compressing objects:  10% (39/385)   [Kremote: Compressing objects:  11% (43/385)   [Kremote: Compressing objects:  12% (47/385)   [Kremote: Compressing objects:  13% (51/385)   [Kremote: Compressing objects:  14% (54/385)   [Kremote: Compressing objects:  15% (58/385)   [Kremote: Compressing objects:  16% (62/385)   [Kremote: Compressing objects:  17% (66/385)   [Kremote: Compressing objects:  18% (70/385)   [Kremote: Compressing objects:  19% (74/385)   [Kremote: Compressing objects:  20% (77/385)   [Kremote: Compressing objects:  21% (81/385)   [Kremote: Compressing objects:  22% (85/385)   [Kremote: Compressing objects:  23% (89/385)   [Kremote: Compressing objects:  24% (93/385)   [Kremote: Compressing objects:  25% (97/385)   [Kremote: Compressing objects:  26% (101/385)   [Kremote: Compressing objects:  27% (104/385)   [Kremote: Compressing objects:  28% (108/385)   [Kremote: Compressing objects:  29% (112/385)   [Kremote: Compressing objects:  30% (116/385)   [Kremote: Compressing objects:  31% (120/385)   [Kremote: Compressing objects:  32% (124/385)   [Kremote: Compressing objects:  33% (128/385)   [Kremote: Compressing objects:  34% (131/385)   [Kremote: Compressing objects:  35% (135/385)   [Kremote: Compressing objects:  36% (139/385)   [Kremote: Compressing objects:  37% (143/385)   [Kremote: Compressing objects:  38% (147/385)   [Kremote: Compressing objects:  39% (151/385)   [Kremote: Compressing objects:  40% (154/385)   [Kremote: Compressing objects:  41% (158/385)   [Kremote: Compressing objects:  42% (162/385)   [Kremote: Compressing objects:  43% (166/385)   [Kremote: Compressing objects:  44% (170/385)   [Kremote: Compressing objects:  45% (174/385)   [Kremote: Compressing objects:  46% (178/385)   [Kremote: Compressing objects:  47% (181/385)   [Kremote: Compressing objects:  48% (185/385)   [Kremote: Compressing objects:  49% (189/385)   [Kremote: Compressing objects:  50% (193/385)   [Kremote: Compressing objects:  51% (197/385)   [Kremote: Compressing objects:  52% (201/385)   [Kremote: Compressing objects:  53% (205/385)   [Kremote: Compressing objects:  54% (208/385)   [Kremote: Compressing objects:  55% (212/385)   [Kremote: Compressing objects:  56% (216/385)   [Kremote: Compressing objects:  57% (220/385)   [Kremote: Compressing objects:  58% (224/385)   [Kremote: Compressing objects:  59% (228/385)   [Kremote: Compressing objects:  60% (231/385)   [Kremote: Compressing objects:  61% (235/385)   [Kremote: Compressing objects:  62% (239/385)   [Kremote: Compressing objects:  63% (243/385)   [Kremote: Compressing objects:  64% (247/385)   [Kremote: Compressing objects:  65% (251/385)   [Kremote: Compressing objects:  66% (255/385)   [Kremote: Compressing objects:  67% (258/385)   [Kremote: Compressing objects:  68% (262/385)   [Kremote: Compressing objects:  69% (266/385)   [Kremote: Compressing objects:  70% (270/385)   [Kremote: Compressing objects:  71% (274/385)   [Kremote: Compressing objects:  72% (278/385)   [Kremote: Compressing objects:  73% (282/385)   [Kremote: Compressing objects:  74% (285/385)   [Kremote: Compressing objects:  75% (289/385)   [Kremote: Compressing objects:  76% (293/385)   [Kremote: Compressing objects:  77% (297/385)   [Kremote: Compressing objects:  78% (301/385)   [Kremote: Compressing objects:  79% (305/385)   [Kremote: Compressing objects:  80% (308/385)   [Kremote: Compressing objects:  81% (312/385)   [Kremote: Compressing objects:  82% (316/385)   [Kremote: Compressing objects:  83% (320/385)   [Kremote: Compressing objects:  84% (324/385)   [Kremote: Compressing objects:  85% (328/385)   [Kremote: Compressing objects:  86% (332/385)   [Kremote: Compressing objects:  87% (335/385)   [Kremote: Compressing objects:  88% (339/385)   [Kremote: Compressing objects:  89% (343/385)   [Kremote: Compressing objects:  90% (347/385)   [Kremote: Compressing objects:  91% (351/385)   [Kremote: Compressing objects:  92% (355/385)   [Kremote: Compressing objects:  93% (359/385)   [Kremote: Compressing objects:  94% (362/385)   [Kremote: Compressing objects:  95% (366/385)   [Kremote: Compressing objects:  96% (370/385)   [Kremote: Compressing objects:  97% (374/385)   [Kremote: Compressing objects:  98% (378/385)   [Kremote: Compressing objects:  99% (382/385)   [Kremote: Compressing objects: 100% (385/385)   [Kremote: Compressing objects: 100% (385/385), done.[K
Receiving objects:   0% (1/1361)   Receiving objects:   1% (14/1361)   Receiving objects:   2% (28/1361)   Receiving objects:   3% (41/1361)   Receiving objects:   4% (55/1361)   Receiving objects:   5% (69/1361)   Receiving objects:   6% (82/1361)   Receiving objects:   7% (96/1361)   Receiving objects:   8% (109/1361)   Receiving objects:   9% (123/1361)   Receiving objects:  10% (137/1361)   Receiving objects:  11% (150/1361)   Receiving objects:  12% (164/1361)   Receiving objects:  13% (177/1361)   Receiving objects:  14% (191/1361)   Receiving objects:  15% (205/1361)   Receiving objects:  16% (218/1361)   Receiving objects:  17% (232/1361)   Receiving objects:  18% (245/1361)   Receiving objects:  19% (259/1361)   Receiving objects:  20% (273/1361)   Receiving objects:  21% (286/1361)   Receiving objects:  22% (300/1361)   Receiving objects:  23% (314/1361)   Receiving objects:  24% (327/1361)   Receiving objects:  25% (341/1361)   Receiving objects:  26% (354/1361)   Receiving objects:  27% (368/1361)   Receiving objects:  28% (382/1361)   Receiving objects:  29% (395/1361)   Receiving objects:  30% (409/1361)   Receiving objects:  31% (422/1361)   Receiving objects:  32% (436/1361)   Receiving objects:  33% (450/1361)   Receiving objects:  34% (463/1361)   Receiving objects:  35% (477/1361)   Receiving objects:  36% (490/1361)   Receiving objects:  37% (504/1361)   Receiving objects:  38% (518/1361)   Receiving objects:  39% (531/1361)   Receiving objects:  40% (545/1361)   Receiving objects:  41% (559/1361)   Receiving objects:  42% (572/1361)   Receiving objects:  43% (586/1361)   Receiving objects:  44% (599/1361)   Receiving objects:  45% (613/1361)   Receiving objects:  46% (627/1361)   Receiving objects:  47% (640/1361)   Receiving objects:  48% (654/1361)   Receiving objects:  49% (667/1361)   Receiving objects:  50% (681/1361)   Receiving objects:  51% (695/1361)   Receiving objects:  52% (708/1361)   Receiving objects:  53% (722/1361)   Receiving objects:  54% (735/1361)   Receiving objects:  55% (749/1361)   Receiving objects:  56% (763/1361)   Receiving objects:  57% (776/1361)   Receiving objects:  58% (790/1361)   Receiving objects:  59% (803/1361)   Receiving objects:  60% (817/1361)   remote: Total 1361 (delta 463), reused 1291 (delta 401)[K
Receiving objects:  61% (831/1361)   Receiving objects:  62% (844/1361)   Receiving objects:  63% (858/1361)   Receiving objects:  64% (872/1361)   Receiving objects:  65% (885/1361)   Receiving objects:  66% (899/1361)   Receiving objects:  67% (912/1361)   Receiving objects:  68% (926/1361)   Receiving objects:  69% (940/1361)   Receiving objects:  70% (953/1361)   Receiving objects:  71% (967/1361)   Receiving objects:  72% (980/1361)   Receiving objects:  73% (994/1361)   Receiving objects:  74% (1008/1361)   Receiving objects:  75% (1021/1361)   Receiving objects:  76% (1035/1361)   Receiving objects:  77% (1048/1361)   Receiving objects:  78% (1062/1361)   Receiving objects:  79% (1076/1361)   Receiving objects:  80% (1089/1361)   Receiving objects:  81% (1103/1361)   Receiving objects:  82% (1117/1361)   Receiving objects:  83% (1130/1361)   Receiving objects:  84% (1144/1361)   Receiving objects:  85% (1157/1361)   Receiving objects:  86% (1171/1361)   Receiving objects:  87% (1185/1361)   Receiving objects:  88% (1198/1361)   Receiving objects:  89% (1212/1361)   Receiving objects:  90% (1225/1361)   Receiving objects:  91% (1239/1361)   Receiving objects:  92% (1253/1361)   Receiving objects:  93% (1266/1361)   Receiving objects:  94% (1280/1361)   Receiving objects:  95% (1293/1361)   Receiving objects:  96% (1307/1361)   Receiving objects:  97% (1321/1361)   Receiving objects:  98% (1334/1361)   Receiving objects:  99% (1348/1361)   Receiving objects: 100% (1361/1361)   Receiving objects: 100% (1361/1361), 225.19 KiB | 0 bytes/s, done.
Resolving deltas:   0% (0/463)   Resolving deltas:   9% (45/463)   Resolving deltas:  10% (47/463)   Resolving deltas:  11% (51/463)   Resolving deltas:  12% (60/463)   Resolving deltas:  13% (61/463)   Resolving deltas:  15% (74/463)   Resolving deltas:  19% (91/463)   Resolving deltas:  22% (106/463)   Resolving deltas:  24% (112/463)   Resolving deltas:  26% (124/463)   Resolving deltas:  28% (130/463)   Resolving deltas:  29% (135/463)   Resolving deltas:  31% (146/463)   Resolving deltas:  42% (195/463)   Resolving deltas:  43% (200/463)   Resolving deltas:  44% (204/463)   Resolving deltas:  45% (209/463)   Resolving deltas:  47% (220/463)   Resolving deltas:  49% (227/463)   Resolving deltas:  50% (235/463)   Resolving deltas:  51% (239/463)   Resolving deltas:  53% (247/463)   Resolving deltas:  54% (251/463)   Resolving deltas:  55% (256/463)   Resolving deltas:  56% (260/463)   Resolving deltas:  57% (266/463)   Resolving deltas:  58% (272/463)   Resolving deltas:  61% (283/463)   Resolving deltas:  62% (289/463)   Resolving deltas:  64% (300/463)   Resolving deltas:  65% (301/463)   Resolving deltas:  70% (327/463)   Resolving deltas:  71% (330/463)   Resolving deltas:  79% (366/463)   Resolving deltas:  81% (376/463)   Resolving deltas:  83% (385/463)   Resolving deltas:  84% (391/463)   Resolving deltas:  85% (395/463)   Resolving deltas:  90% (418/463)   Resolving deltas:  92% (430/463)   Resolving deltas:  95% (441/463)   Resolving deltas:  96% (445/463)   Resolving deltas:  97% (451/463)   Resolving deltas:  98% (456/463)   Resolving deltas: 100% (463/463)   Resolving deltas: 100% (463/463), done.
Checking connectivity... done.
travis_time:end:13d7d5fc:start=1420732206884536199,finish=1420732207066285593,duration=181749394[0K$ cd square/javawriter
$ git checkout -qf a3efe2e16da334b71375d6ec6d0ef2a3636500b0
travis_fold:end:git.checkout[0K
[33;1mThis job is running on container-based infrastructure, which does not allow use of 'sudo', setuid and setguid executables.[0m
[33;1mSee http://docs.travis-ci.com/user/workers/container-based-infrastructure/ for details.[0m

[33;1mSetting environment variables from .travis.yml[0m
$ export CI_DEPLOY_USERNAME=[secure]
$ export CI_DEPLOY_PASSWORD=[secure]

travis_fold:start:cache.1[0KSetting up build cache
$ export CASHER_DIR=$HOME/.casher
travis_time:start:0c8d6097[0K$ Installing caching utilities
travis_time:end:0c8d6097:start=1420732208991403411,finish=1420732209084804316,duration=93400905[0Ktravis_time:start:07f6bc60[0Kattempting to download cache archive
found cache
travis_time:end:07f6bc60:start=1420732209089290824,finish=1420732209703502124,duration=614211300[0Ktravis_time:start:1fd3aabe[0Kadding /home/travis/.m2 to cache
travis_time:end:1fd3aabe:start=1420732209707194212,finish=1420732211727270049,duration=2020075837[0Ktravis_fold:end:cache.1[0K$ jdk_switcher use oraclejdk8
Switching to Oracle JDK8 (java-8-oracle), JAVA_HOME will be set to /usr/lib/jvm/java-8-oracle
$ java -version
java version "1.8.0_25"
Java(TM) SE Runtime Environment (build 1.8.0_25-b17)
Java HotSpot(TM) 64-Bit Server VM (build 25.25-b02, mixed mode)
$ javac -version
javac 1.8.0_25
travis_fold:start:install[0Ktravis_time:start:1031fdb0[0K$ mvn install -DskipTests=true -Dmaven.javadoc.skip=true -B -V
Java HotSpot(TM) 64-Bit Server VM warning: ignoring option MaxPermSize=192m; support was removed in 8.0
Apache Maven 3.2.3 (33f8c3e1027c3ddde99d3cdebad2656a31e8fdf4; 2014-08-11T20:58:10+00:00)
Maven home: /usr/local/maven
Java version: 1.8.0_25, vendor: Oracle Corporation
Java home: /usr/lib/jvm/java-8-oracle/jre
Default locale: en_US, platform encoding: UTF-8
OS name: "linux", version: "3.13.0-40-generic", arch: "amd64", family: "unix"
[INFO] Scanning for projects...
[INFO]                                                                         
[INFO] ------------------------------------------------------------------------
[INFO] Building JavaWriter 3.0.0-SNAPSHOT
[INFO] ------------------------------------------------------------------------
[INFO] Downloading: https://repository.apache.org/snapshots/com/google/truth/truth/1.0-SNAPSHOT/maven-metadata.xml
[INFO] Downloading: https://repository.apache.org/snapshots/com/google/truth/truth-parent/1.0-SNAPSHOT/maven-metadata.xml
[INFO] Downloading: https://repository.apache.org/snapshots/com/google/testing/compile/compile-testing/1.0-SNAPSHOT/maven-metadata.xml
[INFO] 
[INFO] --- maven-enforcer-plugin:1.0:enforce (enforce-maven) @ javawriter ---
[INFO] 
[INFO] --- maven-resources-plugin:2.6:resources (default-resources) @ javawriter ---
[INFO] Using 'UTF-8' encoding to copy filtered resources.
[INFO] skip non existing resourceDirectory /home/travis/build/square/javawriter/src/main/resources
[INFO] 
[INFO] --- maven-compiler-plugin:3.0:compile (default-compile) @ javawriter ---
[INFO] Changes detected - recompiling the module!
[INFO] Compiling 42 source files to /home/travis/build/square/javawriter/target/classes
[INFO] 
[INFO] --- maven-resources-plugin:2.6:testResources (default-testResources) @ javawriter ---
[INFO] Using 'UTF-8' encoding to copy filtered resources.
[INFO] skip non existing resourceDirectory /home/travis/build/square/javawriter/src/test/resources
[INFO] 
[INFO] --- maven-compiler-plugin:3.0:testCompile (default-testCompile) @ javawriter ---
[INFO] Changes detected - recompiling the module!
[INFO] Compiling 15 source files to /home/travis/build/square/javawriter/target/test-classes
[WARNING] /home/travis/build/square/javawriter/src/test/java/com/squareup/javawriter/TypeWriterTest.java: Some input files use or override a deprecated API.
[WARNING] /home/travis/build/square/javawriter/src/test/java/com/squareup/javawriter/TypeWriterTest.java: Recompile with -Xlint:deprecation for details.
[INFO] 
[INFO] --- maven-surefire-plugin:2.12.4:test (default-test) @ javawriter ---
[INFO] Tests are skipped.
[INFO] 
[INFO] --- maven-jar-plugin:2.4:jar (default-jar) @ javawriter ---
[INFO] Building jar: /home/travis/build/square/javawriter/target/javawriter-3.0.0-SNAPSHOT.jar
[INFO] 
[INFO] --- maven-checkstyle-plugin:2.13:checkstyle (default) @ javawriter ---
[INFO] Starting audit...
Audit done.

[WARNING] Unable to locate Source XRef to link to - DISABLED
[INFO] 
[INFO] --- maven-install-plugin:2.4:install (default-install) @ javawriter ---
[INFO] Installing /home/travis/build/square/javawriter/target/javawriter-3.0.0-SNAPSHOT.jar to /home/travis/.m2/repository/com/squareup/javawriter/3.0.0-SNAPSHOT/javawriter-3.0.0-SNAPSHOT.jar
[INFO] Installing /home/travis/build/square/javawriter/pom.xml to /home/travis/.m2/repository/com/squareup/javawriter/3.0.0-SNAPSHOT/javawriter-3.0.0-SNAPSHOT.pom
[INFO] ------------------------------------------------------------------------
[INFO] BUILD SUCCESS
[INFO] ------------------------------------------------------------------------
[INFO] Total time: 14.833 s
[INFO] Finished at: 2015-01-08T15:50:29+00:00
[INFO] Final Memory: 30M/409M
[INFO] ------------------------------------------------------------------------
travis_time:end:1031fdb0:start=1420732212117731532,finish=1420732229991566216,duration=17873834684[0Ktravis_fold:end:install[0Ktravis_time:start:0de2d2ab[0K$ mvn test -B
Java HotSpot(TM) 64-Bit Server VM warning: ignoring option MaxPermSize=192m; support was removed in 8.0
[INFO] Scanning for projects...
[INFO]                                                                         
[INFO] ------------------------------------------------------------------------
[INFO] Building JavaWriter 3.0.0-SNAPSHOT
[INFO] ------------------------------------------------------------------------
[INFO] Downloading: https://repository.apache.org/snapshots/com/google/truth/truth/1.0-SNAPSHOT/maven-metadata.xml
[INFO] Downloading: https://repository.apache.org/snapshots/com/google/truth/truth-parent/1.0-SNAPSHOT/maven-metadata.xml
[INFO] Downloading: https://repository.apache.org/snapshots/com/google/testing/compile/compile-testing/1.0-SNAPSHOT/maven-metadata.xml
[INFO] 
[INFO] --- maven-enforcer-plugin:1.0:enforce (enforce-maven) @ javawriter ---
[INFO] 
[INFO] --- maven-resources-plugin:2.6:resources (default-resources) @ javawriter ---
[INFO] Using 'UTF-8' encoding to copy filtered resources.
[INFO] skip non existing resourceDirectory /home/travis/build/square/javawriter/src/main/resources
[INFO] 
[INFO] --- maven-compiler-plugin:3.0:compile (default-compile) @ javawriter ---
[INFO] Changes detected - recompiling the module!
[INFO] Compiling 42 source files to /home/travis/build/square/javawriter/target/classes
[INFO] 
[INFO] --- maven-resources-plugin:2.6:testResources (default-testResources) @ javawriter ---
[INFO] Using 'UTF-8' encoding to copy filtered resources.
[INFO] skip non existing resourceDirectory /home/travis/build/square/javawriter/src/test/resources
[INFO] 
[INFO] --- maven-compiler-plugin:3.0:testCompile (default-testCompile) @ javawriter ---
[INFO] Changes detected - recompiling the module!
[INFO] Compiling 15 source files to /home/travis/build/square/javawriter/target/test-classes
[WARNING] /home/travis/build/square/javawriter/src/test/java/com/squareup/javawriter/TypeWriterTest.java: Some input files use or override a deprecated API.
[WARNING] /home/travis/build/square/javawriter/src/test/java/com/squareup/javawriter/TypeWriterTest.java: Recompile with -Xlint:deprecation for details.
[INFO] 
[INFO] --- maven-surefire-plugin:2.12.4:test (default-test) @ javawriter ---
[INFO] Surefire report directory: /home/travis/build/square/javawriter/target/surefire-reports

-------------------------------------------------------
 T E S T S
-------------------------------------------------------
Running com.squareup.javawriter.builders.TypeSpecTest
Tests run: 2, Failures: 2, Errors: 0, Skipped: 0, Time elapsed: 0.139 sec <<< FAILURE!
basic(com.squareup.javawriter.builders.TypeSpecTest)  Time elapsed: 0.087 sec  <<< FAILURE!
org.junit.ComparisonFailure: expected:<...return "taco";
  }
}[
]> but was:<...return "taco";
  }
}[;]>
	at com.google.common.truth.Platform.comparisonFailure(Platform.java:133)
	at com.google.common.truth.Truth$1.failComparing(Truth.java:69)
	at com.google.common.truth.StringSubject.isEqualTo(StringSubject.java:63)
	at com.squareup.javawriter.builders.TypeSpecTest.basic(TypeSpecTest.java:39)
	at sun.reflect.NativeMethodAccessorImpl.invoke0(Native Method)
	at sun.reflect.NativeMethodAccessorImpl.invoke(NativeMethodAccessorImpl.java:62)
	at sun.reflect.DelegatingMethodAccessorImpl.invoke(DelegatingMethodAccessorImpl.java:43)
	at java.lang.reflect.Method.invoke(Method.java:483)
	at org.junit.runners.model.FrameworkMethod$1.runReflectiveCall(FrameworkMethod.java:50)
	at org.junit.internal.runners.model.ReflectiveCallable.run(ReflectiveCallable.java:12)
	at org.junit.runners.model.FrameworkMethod.invokeExplosively(FrameworkMethod.java:47)
	at org.junit.internal.runners.statements.InvokeMethod.evaluate(InvokeMethod.java:17)
	at org.junit.runners.ParentRunner.runLeaf(ParentRunner.java:325)
	at org.junit.runners.BlockJUnit4ClassRunner.runChild(BlockJUnit4ClassRunner.java:78)
	at org.junit.runners.BlockJUnit4ClassRunner.runChild(BlockJUnit4ClassRunner.java:57)
	at org.junit.runners.ParentRunner$3.run(ParentRunner.java:290)
	at org.junit.runners.ParentRunner$1.schedule(ParentRunner.java:71)
	at org.junit.runners.ParentRunner.runChildren(ParentRunner.java:288)
	at org.junit.runners.ParentRunner.access$000(ParentRunner.java:58)
	at org.junit.runners.ParentRunner$2.evaluate(ParentRunner.java:268)
	at org.junit.runners.ParentRunner.run(ParentRunner.java:363)
	at org.apache.maven.surefire.junit4.JUnit4Provider.execute(JUnit4Provider.java:252)
	at org.apache.maven.surefire.junit4.JUnit4Provider.executeTestSet(JUnit4Provider.java:141)
	at org.apache.maven.surefire.junit4.JUnit4Provider.invoke(JUnit4Provider.java:112)
	at sun.reflect.NativeMethodAccessorImpl.invoke0(Native Method)
	at sun.reflect.NativeMethodAccessorImpl.invoke(NativeMethodAccessorImpl.java:62)
	at sun.reflect.DelegatingMethodAccessorImpl.invoke(DelegatingMethodAccessorImpl.java:43)
	at java.lang.reflect.Method.invoke(Method.java:483)
	at org.apache.maven.surefire.util.ReflectionUtils.invokeMethodWithArray(ReflectionUtils.java:189)
	at org.apache.maven.surefire.booter.ProviderFactory$ProviderProxy.invoke(ProviderFactory.java:165)
	at org.apache.maven.surefire.booter.ProviderFactory.invokeProvider(ProviderFactory.java:85)
	at org.apache.maven.surefire.booter.ForkedBooter.runSuitesInProcess(ForkedBooter.java:115)
	at org.apache.maven.surefire.booter.ForkedBooter.main(ForkedBooter.java:75)

anonymousInnerClass(com.squareup.javawriter.builders.TypeSpecTest)  Time elapsed: 0.005 sec  <<< FAILURE!
org.junit.ComparisonFailure: expected:<...     };
    }
  };
}[
]> but was:<...     };
    }
  };
}[;]>
	at com.google.common.truth.Platform.comparisonFailure(Platform.java:133)
	at com.google.common.truth.Truth$1.failComparing(Truth.java:69)
	at com.google.common.truth.StringSubject.isEqualTo(StringSubject.java:63)
	at com.squareup.javawriter.builders.TypeSpecTest.anonymousInnerClass(TypeSpecTest.java:106)
	at sun.reflect.NativeMethodAccessorImpl.invoke0(Native Method)
	at sun.reflect.NativeMethodAccessorImpl.invoke(NativeMethodAccessorImpl.java:62)
	at sun.reflect.DelegatingMethodAccessorImpl.invoke(DelegatingMethodAccessorImpl.java:43)
	at java.lang.reflect.Method.invoke(Method.java:483)
	at org.junit.runners.model.FrameworkMethod$1.runReflectiveCall(FrameworkMethod.java:50)
	at org.junit.internal.runners.model.ReflectiveCallable.run(ReflectiveCallable.java:12)
	at org.junit.runners.model.FrameworkMethod.invokeExplosively(FrameworkMethod.java:47)
	at org.junit.internal.runners.statements.InvokeMethod.evaluate(InvokeMethod.java:17)
	at org.junit.runners.ParentRunner.runLeaf(ParentRunner.java:325)
	at org.junit.runners.BlockJUnit4ClassRunner.runChild(BlockJUnit4ClassRunner.java:78)
	at org.junit.runners.BlockJUnit4ClassRunner.runChild(BlockJUnit4ClassRunner.java:57)
	at org.junit.runners.ParentRunner$3.run(ParentRunner.java:290)
	at org.junit.runners.ParentRunner$1.schedule(ParentRunner.java:71)
	at org.junit.runners.ParentRunner.runChildren(ParentRunner.java:288)
	at org.junit.runners.ParentRunner.access$000(ParentRunner.java:58)
	at org.junit.runners.ParentRunner$2.evaluate(ParentRunner.java:268)
	at org.junit.runners.ParentRunner.run(ParentRunner.java:363)
	at org.apache.maven.surefire.junit4.JUnit4Provider.execute(JUnit4Provider.java:252)
	at org.apache.maven.surefire.junit4.JUnit4Provider.executeTestSet(JUnit4Provider.java:141)
	at org.apache.maven.surefire.junit4.JUnit4Provider.invoke(JUnit4Provider.java:112)
	at sun.reflect.NativeMethodAccessorImpl.invoke0(Native Method)
	at sun.reflect.NativeMethodAccessorImpl.invoke(NativeMethodAccessorImpl.java:62)
	at sun.reflect.DelegatingMethodAccessorImpl.invoke(DelegatingMethodAccessorImpl.java:43)
	at java.lang.reflect.Method.invoke(Method.java:483)
	at org.apache.maven.surefire.util.ReflectionUtils.invokeMethodWithArray(ReflectionUtils.java:189)
	at org.apache.maven.surefire.booter.ProviderFactory$ProviderProxy.invoke(ProviderFactory.java:165)
	at org.apache.maven.surefire.booter.ProviderFactory.invokeProvider(ProviderFactory.java:85)
	at org.apache.maven.surefire.booter.ForkedBooter.runSuitesInProcess(ForkedBooter.java:115)
	at org.apache.maven.surefire.booter.ForkedBooter.main(ForkedBooter.java:75)

Running com.squareup.javawriter.ParameterWriterTest
Tests run: 2, Failures: 0, Errors: 0, Skipped: 0, Time elapsed: 0.004 sec
Running com.squareup.javawriter.AnnotationWriterTest
Tests run: 5, Failures: 0, Errors: 0, Skipped: 0, Time elapsed: 0.024 sec
Running com.squareup.javawriter.AnonymousClassWriterTest
Tests run: 4, Failures: 0, Errors: 0, Skipped: 0, Time elapsed: 0.035 sec
Running com.squareup.javawriter.IndentingAppendableTest
Tests run: 4, Failures: 0, Errors: 0, Skipped: 0, Time elapsed: 0.003 sec
Running com.squareup.javawriter.TypeNamesTest
Tests run: 9, Failures: 0, Errors: 0, Skipped: 0, Time elapsed: 1.011 sec
Running com.squareup.javawriter.MethodWriterTest
Tests run: 6, Failures: 0, Errors: 0, Skipped: 0, Time elapsed: 0.013 sec
Running com.squareup.javawriter.InterfaceWriterTest
Tests run: 1, Failures: 0, Errors: 0, Skipped: 0, Time elapsed: 0.001 sec
Running com.squareup.javawriter.ClassWriterTest
Tests run: 1, Failures: 0, Errors: 0, Skipped: 0, Time elapsed: 0 sec
Running com.squareup.javawriter.EnumWriterTest
Tests run: 5, Failures: 0, Errors: 0, Skipped: 0, Time elapsed: 0.013 sec
Running com.squareup.javawriter.TypeWriterTest
Tests run: 5, Failures: 0, Errors: 0, Skipped: 0, Time elapsed: 0.143 sec
Running com.squareup.javawriter.JavaWriterTest
Tests run: 12, Failures: 0, Errors: 0, Skipped: 0, Time elapsed: 0.255 sec
Running com.squareup.javawriter.ClassNameTest
Tests run: 10, Failures: 0, Errors: 0, Skipped: 0, Time elapsed: 0.316 sec
Running com.squareup.javawriter.ConstructorWriterTest
Tests run: 2, Failures: 0, Errors: 0, Skipped: 0, Time elapsed: 0.005 sec

Results :

Failed tests:   basic(com.squareup.javawriter.builders.TypeSpecTest): expected:<...return "taco";(..)
  anonymousInnerClass(com.squareup.javawriter.builders.TypeSpecTest): expected:<...     };(..)

Tests run: 68, Failures: 2, Errors: 0, Skipped: 0

[INFO] ------------------------------------------------------------------------
[INFO] BUILD FAILURE
[INFO] ------------------------------------------------------------------------
[INFO] Total time: 10.073 s
[INFO] Finished at: 2015-01-08T15:50:41+00:00
[INFO] Final Memory: 20M/371M
[INFO] ------------------------------------------------------------------------
[ERROR] Failed to execute goal org.apache.maven.plugins:maven-surefire-plugin:2.12.4:test (default-test) on project javawriter: There are test failures.
[ERROR] 
[ERROR] Please refer to /home/travis/build/square/javawriter/target/surefire-reports for the individual test results.
[ERROR] -> [Help 1]
[ERROR] 
[ERROR] To see the full stack trace of the errors, re-run Maven with the -e switch.
[ERROR] Re-run Maven using the -X switch to enable full debug logging.
[ERROR] 
[ERROR] For more information about the errors and possible solutions, please read the following articles:
[ERROR] [Help 1] http://cwiki.apache.org/confluence/display/MAVEN/MojoFailureException
travis_time:end:0de2d2ab:start=1420732229995492021,finish=1420732241948311803,duration=11952819782[0K
[31;1mThe command "mvn test -B" exited with 1.[0m
travis_fold:start:cache.2[0Kstore build cache
travis_time:start:000f5055[0Kchange detected: /home/travis/.m2/repository/com/google/truth/truth/1.0-SNAPSHOT/resolver-status.properties
changes detected, packing new archive
uploading archive
travis_time:end:000f5055:start=1420732241952468794,finish=1420732247265272740,duration=5312803946[0Ktravis_fold:end:cache.2[0K
Done. Your build exited with 1.
