travis_fold:start:worker_info[0K[33;1mWorker information[0m
hostname: fdda8cbf-f846-4f28-8c62-2527f716484f@1.i-0d747b2-production-2-worker-org-ec2.travisci.net
version: v3.2.2 https://github.com/travis-ci/worker/tree/35ab576459537de3fb29ea1b1407345a4e3e4019
instance: d1b459f:travisci/ci-garnet:packer-1503972846 (via amqp)
startup: 528.531909ms
travis_fold:end:worker_info[0Ktravis_fold:start:system_info[0K[33;1mBuild system information[0m
Build language: java
Build group: stable
Build dist: trusty
Build id: 295863947
Job id: 295863948
Runtime kernel version: 4.11.6-041106-generic
travis-build version: 4d9f6d17d
[34m[1mBuild image provisioning date and time[0m
Tue Aug 29 02:50:02 UTC 2017
[34m[1mOperating System Details[0m
Distributor ID:	Ubuntu
Description:	Ubuntu 14.04.5 LTS
Release:	14.04
Codename:	trusty
[34m[1mCookbooks Version[0m
4642454 https://github.com/travis-ci/travis-cookbooks/tree/4642454
[34m[1mgit version[0m
git version 2.14.1
[34m[1mbash version[0m
GNU bash, version 4.3.11(1)-release (x86_64-pc-linux-gnu)
[34m[1mgcc version[0m
gcc (Ubuntu 4.8.4-2ubuntu1~14.04.3) 4.8.4
Copyright (C) 2013 Free Software Foundation, Inc.
This is free software; see the source for copying conditions.  There is NO
warranty; not even for MERCHANTABILITY or FITNESS FOR A PARTICULAR PURPOSE.

[34m[1mdocker version[0m
Client:
 Version:      17.03.1-ce
 API version:  1.27
 Go version:   go1.7.5
 Git commit:   c6d412e
 Built:        Mon Mar 27 16:58:30 2017
 OS/Arch:      linux/amd64
[34m[1mclang version[0m
clang version 3.9.0 (tags/RELEASE_390/final)
Target: x86_64-unknown-linux-gnu
Thread model: posix
InstalledDir: /usr/local/clang-3.9.0/bin
[34m[1mjq version[0m
jq-1.5
[34m[1mbats version[0m
Bats 0.4.0
[34m[1mshellcheck version[0m
0.4.6
[34m[1mshfmt version[0m
v1.3.1
[34m[1mccache version[0m
ccache version 3.1.9

Copyright (C) 2002-2007 Andrew Tridgell
Copyright (C) 2009-2011 Joel Rosdahl

This program is free software; you can redistribute it and/or modify it under
the terms of the GNU General Public License as published by the Free Software
Foundation; either version 3 of the License, or (at your option) any later
version.
[34m[1mcmake version[0m
cmake version 3.2.2

CMake suite maintained and supported by Kitware (kitware.com/cmake).
[34m[1mheroku version[0m
heroku-cli/6.13.19-6cd27b3 (linux-x64) node-v8.3.0
[34m[1mimagemagick version[0m
Version: ImageMagick 6.7.7-10 2017-07-31 Q16 http://www.imagemagick.org
[34m[1mmd5deep version[0m
4.2
[34m[1mmercurial version[0m
Mercurial Distributed SCM (version 4.2.2)
(see https://mercurial-scm.org for more information)

Copyright (C) 2005-2017 Matt Mackall and others
This is free software; see the source for copying conditions. There is NO
warranty; not even for MERCHANTABILITY or FITNESS FOR A PARTICULAR PURPOSE.
[34m[1mmysql version[0m
mysql  Ver 14.14 Distrib 5.6.33, for debian-linux-gnu (x86_64) using  EditLine wrapper
[34m[1mopenssl version[0m
OpenSSL 1.0.1f 6 Jan 2014
[34m[1mpacker version[0m
Packer v1.0.2

Your version of Packer is out of date! The latest version
is 1.0.4. You can update by downloading from www.packer.io
[34m[1mpostgresql client version[0m
psql (PostgreSQL) 9.6.4
[34m[1mragel version[0m
Ragel State Machine Compiler version 6.8 Feb 2013
Copyright (c) 2001-2009 by Adrian Thurston
[34m[1msubversion version[0m
svn, version 1.8.8 (r1568071)
   compiled Aug 10 2017, 17:20:39 on x86_64-pc-linux-gnu

Copyright (C) 2013 The Apache Software Foundation.
This software consists of contributions made by many people;
see the NOTICE file for more information.
Subversion is open source software, see http://subversion.apache.org/

The following repository access (RA) modules are available:

* ra_svn : Module for accessing a repository using the svn network protocol.
  - with Cyrus SASL authentication
  - handles 'svn' scheme
* ra_local : Module for accessing a repository on local disk.
  - handles 'file' scheme
* ra_serf : Module for accessing a repository via WebDAV protocol using serf.
  - using serf 1.3.3
  - handles 'http' scheme
  - handles 'https' scheme

[34m[1msudo version[0m
Sudo version 1.8.9p5
Configure options: --prefix=/usr -v --with-all-insults --with-pam --with-fqdn --with-logging=syslog --with-logfac=authpriv --with-env-editor --with-editor=/usr/bin/editor --with-timeout=15 --with-password-timeout=0 --with-passprompt=[sudo] password for %p:  --without-lecture --with-tty-tickets --disable-root-mailer --enable-admin-flag --with-sendmail=/usr/sbin/sendmail --with-timedir=/var/lib/sudo --mandir=/usr/share/man --libexecdir=/usr/lib/sudo --with-sssd --with-sssd-lib=/usr/lib/x86_64-linux-gnu --with-selinux
Sudoers policy plugin version 1.8.9p5
Sudoers file grammar version 43

Sudoers path: /etc/sudoers
Authentication methods: 'pam'
Syslog facility if syslog is being used for logging: authpriv
Syslog priority to use when user authenticates successfully: notice
Syslog priority to use when user authenticates unsuccessfully: alert
Send mail if the user is not in sudoers
Use a separate timestamp for each user/tty combo
Lecture user the first time they run sudo
Root may run sudo
Allow some information gathering to give useful error messages
Require fully-qualified hostnames in the sudoers file
Visudo will honor the EDITOR environment variable
Set the LOGNAME and USER environment variables
Length at which to wrap log file lines (0 for no wrap): 80
Authentication timestamp timeout: 15.0 minutes
Password prompt timeout: 0.0 minutes
Number of tries to enter a password: 3
Umask to use or 0777 to use user's: 022
Path to mail program: /usr/sbin/sendmail
Flags for mail program: -t
Address to send mail to: root
Subject line for mail messages: *** SECURITY information for %h ***
Incorrect password message: Sorry, try again.
Path to authentication timestamp dir: /var/lib/sudo
Default password prompt: [sudo] password for %p: 
Default user to run commands as: root
Value to override user's $PATH with: /usr/local/sbin:/usr/local/bin:/usr/sbin:/usr/bin:/sbin:/bin:/snap/bin
Path to the editor for use by visudo: /usr/bin/editor
When to require a password for 'list' pseudocommand: any
When to require a password for 'verify' pseudocommand: all
File descriptors >= 3 will be closed before executing a command
Environment variables to check for sanity:
	TZ
	TERM
	LINGUAS
	LC_*
	LANGUAGE
	LANG
	COLORTERM
Environment variables to remove:
	RUBYOPT
	RUBYLIB
	PYTHONUSERBASE
	PYTHONINSPECT
	PYTHONPATH
	PYTHONHOME
	TMPPREFIX
	ZDOTDIR
	READNULLCMD
	NULLCMD
	FPATH
	PERL5DB
	PERL5OPT
	PERL5LIB
	PERLLIB
	PERLIO_DEBUG 
	JAVA_TOOL_OPTIONS
	SHELLOPTS
	GLOBIGNORE
	PS4
	BASH_ENV
	ENV
	TERMCAP
	TERMPATH
	TERMINFO_DIRS
	TERMINFO
	_RLD*
	LD_*
	PATH_LOCALE
	NLSPATH
	HOSTALIASES
	RES_OPTIONS
	LOCALDOMAIN
	CDPATH
	IFS
Environment variables to preserve:
	JAVA_HOME
	TRAVIS
	CI
	DEBIAN_FRONTEND
	XAUTHORIZATION
	XAUTHORITY
	PS2
	PS1
	PATH
	LS_COLORS
	KRB5CCNAME
	HOSTNAME
	HOME
	DISPLAY
	COLORS
Locale to use while parsing sudoers: C
Directory in which to store input/output logs: /var/log/sudo-io
File in which to store the input/output log: %{seq}
Add an entry to the utmp/utmpx file when allocating a pty
PAM service name to use
PAM service name to use for login shells
Create a new PAM session for the command to run in
Maximum I/O log sequence number: 0

Local IP address and netmask pairs:
	172.17.0.2/255.255.0.0

Sudoers I/O plugin version 1.8.9p5
[34m[1mgzip version[0m
gzip 1.6
Copyright (C) 2007, 2010, 2011 Free Software Foundation, Inc.
Copyright (C) 1993 Jean-loup Gailly.
This is free software.  You may redistribute copies of it under the terms of
the GNU General Public License <http://www.gnu.org/licenses/gpl.html>.
There is NO WARRANTY, to the extent permitted by law.

Written by Jean-loup Gailly.
[34m[1mzip version[0m
Copyright (c) 1990-2008 Info-ZIP - Type 'zip "-L"' for software license.
This is Zip 3.0 (July 5th 2008), by Info-ZIP.
Currently maintained by E. Gordon.  Please send bug reports to
the authors using the web page at www.info-zip.org; see README for details.

Latest sources and executables are at ftp://ftp.info-zip.org/pub/infozip,
as of above date; see http://www.info-zip.org/ for other sites.

Compiled with gcc 4.8.2 for Unix (Linux ELF) on Oct 21 2013.

Zip special compilation options:
	USE_EF_UT_TIME       (store Universal Time)
	BZIP2_SUPPORT        (bzip2 library version 1.0.6, 6-Sept-2010)
	    bzip2 code and library copyright (c) Julian R Seward
	    (See the bzip2 license for terms of use)
	SYMLINK_SUPPORT      (symbolic links supported)
	LARGE_FILE_SUPPORT   (can read and write large files on file system)
	ZIP64_SUPPORT        (use Zip64 to store large files in archives)
	UNICODE_SUPPORT      (store and read UTF-8 Unicode paths)
	STORE_UNIX_UIDs_GIDs (store UID/GID sizes/values using new extra field)
	UIDGID_NOT_16BIT     (old Unix 16-bit UID/GID extra field not used)
	[encryption, version 2.91 of 05 Jan 2007] (modified for Zip 3)

Encryption notice:
	The encryption code of this program is not copyrighted and is
	put in the public domain.  It was originally written in Europe
	and, to the best of our knowledge, can be freely distributed
	in both source and object forms from any country, including
	the USA under License Exception TSU of the U.S. Export
	Administration Regulations (section 740.13(e)) of 6 June 2002.

Zip environment options:
             ZIP:  [none]
          ZIPOPT:  [none]
[34m[1mvim version[0m
VIM - Vi IMproved 7.4 (2013 Aug 10, compiled Nov 24 2016 16:43:18)
Included patches: 1-52
Extra patches: 8.0.0056
Modified by pkg-vim-maintainers@lists.alioth.debian.org
Compiled by buildd@
Huge version without GUI.  Features included (+) or not (-):
+acl             +farsi           +mouse_netterm   +syntax
+arabic          +file_in_path    +mouse_sgr       +tag_binary
+autocmd         +find_in_path    -mouse_sysmouse  +tag_old_static
-balloon_eval    +float           +mouse_urxvt     -tag_any_white
-browse          +folding         +mouse_xterm     -tcl
++builtin_terms  -footer          +multi_byte      +terminfo
+byte_offset     +fork()          +multi_lang      +termresponse
+cindent         +gettext         -mzscheme        +textobjects
-clientserver    -hangul_input    +netbeans_intg   +title
-clipboard       +iconv           +path_extra      -toolbar
+cmdline_compl   +insert_expand   -perl            +user_commands
+cmdline_hist    +jumplist        +persistent_undo +vertsplit
+cmdline_info    +keymap          +postscript      +virtualedit
+comments        +langmap         +printer         +visual
+conceal         +libcall         +profile         +visualextra
+cryptv          +linebreak       +python          +viminfo
+cscope          +lispindent      -python3         +vreplace
+cursorbind      +listcmds        +quickfix        +wildignore
+cursorshape     +localmap        +reltime         +wildmenu
+dialog_con      -lua             +rightleft       +windows
+diff            +menu            -ruby            +writebackup
+digraphs        +mksession       +scrollbind      -X11
-dnd             +modify_fname    +signs           -xfontset
-ebcdic          +mouse           +smartindent     -xim
+emacs_tags      -mouseshape      -sniff           -xsmp
+eval            +mouse_dec       +startuptime     -xterm_clipboard
+ex_extra        +mouse_gpm       +statusline      -xterm_save
+extra_search    -mouse_jsbterm   -sun_workshop    -xpm
   system vimrc file: "$VIM/vimrc"
     user vimrc file: "$HOME/.vimrc"
 2nd user vimrc file: "~/.vim/vimrc"
      user exrc file: "$HOME/.exrc"
  fall-back for $VIM: "/usr/share/vim"
Compilation: gcc -c -I. -Iproto -DHAVE_CONFIG_H     -g -O2 -fstack-protector --param=ssp-buffer-size=4 -Wformat -Werror=format-security -U_FORTIFY_SOURCE -D_FORTIFY_SOURCE=1      
Linking: gcc   -Wl,-Bsymbolic-functions -Wl,-z,relro -Wl,--as-needed -o vim        -lm -ltinfo -lnsl  -lselinux  -lacl -lattr -lgpm -ldl    -L/usr/lib/python2.7/config-x86_64-linux-gnu -lpython2.7 -lpthread -ldl -lutil -lm -Xlinker -export-dynamic -Wl,-O1 -Wl,-Bsymbolic-functions      
[34m[1miptables version[0m
iptables v1.4.21
[34m[1mcurl version[0m
curl 7.35.0 (x86_64-pc-linux-gnu) libcurl/7.35.0 OpenSSL/1.0.1f zlib/1.2.8 libidn/1.28 librtmp/2.3
[34m[1mwget version[0m
GNU Wget 1.15 built on linux-gnu.
[34m[1mrsync version[0m
rsync  version 3.1.0  protocol version 31
[34m[1mgimme version[0m
v1.2.0
[34m[1mnvm version[0m
0.33.2
[34m[1mperlbrew version[0m
/home/travis/perl5/perlbrew/bin/perlbrew  - App::perlbrew/0.80
[34m[1mphpenv version[0m
rbenv 1.1.1-4-g4ebd1bd
[34m[1mrvm version[0m
rvm 1.29.2 (latest) by Michal Papis, Piotr Kuczynski, Wayne E. Seguin [https://rvm.io/]
[34m[1mdefault ruby version[0m
ruby 2.4.1p111 (2017-03-22 revision 58053) [x86_64-linux]
[34m[1mCouchDB version[0m
couchdb 1.6.1
[34m[1mElasticSearch version[0m
5.5.0
[34m[1mInstalled Firefox version[0m
firefox 55.0.2
[34m[1mMongoDB version[0m
MongoDB 3.2.16
[34m[1mPre-installed PostgreSQL versions[0m
9.2.22
9.3.18
9.4.13
9.5.8
9.6.4
[34m[1mRabbitMQ Version[0m
3.6.11
[34m[1mRedis version[0m
redis-server 4.0.1
[34m[1mriak version[0m
2.2.3
[34m[1mPre-installed Go versions[0m
1.7.4
[34m[1mant version[0m
Apache Ant(TM) version 1.9.3 compiled on April 8 2014
[34m[1mmvn version[0m
Apache Maven 3.5.0 (ff8f5e7444045639af65f6095c62210b5713f426; 2017-04-03T19:39:06Z)
Maven home: /usr/local/maven-3.5.0
Java version: 1.8.0_144, vendor: Oracle Corporation
Java home: /usr/lib/jvm/java-8-oracle/jre
Default locale: en_US, platform encoding: UTF-8
OS name: "linux", version: "4.4.0-92-generic", arch: "amd64", family: "unix"
[34m[1mgradle version[0m

------------------------------------------------------------
Gradle 4.0.1
------------------------------------------------------------

Build time:   2017-07-07 14:02:41 UTC
Revision:     38e5dc0f772daecca1d2681885d3d85414eb6826

Groovy:       2.4.11
Ant:          Apache Ant(TM) version 1.9.6 compiled on June 29 2015
JVM:          1.8.0_144 (Oracle Corporation 25.144-b01)
OS:           Linux 4.4.0-92-generic amd64

[34m[1mlein version[0m
WARNING: You're currently running as root; probably by accident.
Press control-C to abort or Enter to continue as root.
Set LEIN_ROOT to disable this warning.
Leiningen 2.7.1 on Java 1.8.0_144 Java HotSpot(TM) 64-Bit Server VM
[34m[1mPre-installed Node.js versions[0m
v4.8.4
v6.11.2
v6.9.4
v7.4.0
v8.4
[34m[1mphpenv versions[0m
  system
  5.6
* 5.6.31 (set by /home/travis/.phpenv/version)
  7.0
  7.0.22
  hhvm
  hhvm-stable
[34m[1mcomposer --version[0m
Composer version 1.4.2 2017-05-17 08:17:52
[34m[1mPre-installed Ruby versions[0m
ruby-2.2.7
ruby-2.3.4
ruby-2.4.1
travis_fold:end:system_info[0K
removed ‘/etc/apt/sources.list.d/basho_riak.list’
Executing: /tmp/tmp.YLFAqtw7fn/gpg.1.sh --keyserver
hkp://keyserver.ubuntu.com:80
--recv
EA312927
gpg: requesting key EA312927 from hkp server keyserver.ubuntu.com
gpg: key EA312927: "MongoDB 3.2 Release Signing Key <packaging@mongodb.com>" 1 new signature
gpg: Total number processed: 1
gpg:         new signatures: 1
W: http://dl.hhvm.com/ubuntu/dists/trusty/InRelease: Signature by key 36AEF64D0207E7EEE352D4875A16E7281BE7A449 uses weak digest algorithm (SHA1)
W: http://ppa.launchpad.net/couchdb/stable/ubuntu/dists/trusty/Release.gpg: Signature by key 15866BAFD9BCC4F3C1E0DFC7D69548E1C17EAB57 uses weak digest algorithm (SHA1)
travis_fold:start:git.checkout[0Ktravis_time:start:2ea1b08b[0K$ git clone --depth=50 --branch=enqueue_declared_exceptions https://github.com/SonarSource/sonar-java.git SonarSource/sonar-java
Cloning into 'SonarSource/sonar-java'...

travis_time:end:2ea1b08b:start=1509557726670125051,finish=1509557728907897659,duration=2237772608[0K$ cd SonarSource/sonar-java
$ git checkout -qf eab3625bc18327e1e87c3bb20cded0b8cccbac7e
travis_fold:end:git.checkout[0K
[33;1mSetting environment variables from repository settings[0m
$ export SONAR_TOKEN=[secure]
$ export ARTIFACTORY_URL=[secure]
$ export ARTIFACTORY_DEPLOY_REPO=[secure]
$ export ARTIFACTORY_DEPLOY_USERNAME=[secure]
$ export ARTIFACTORY_DEPLOY_PASSWORD=[secure]
$ export SONAR_HOST_URL=[secure]
$ export SONAR_HOST_URL_EXTERNAL_PR=[secure]
$ export SONAR_TOKEN_EXTERNAL_PR=434e38bb4823783255c52420358ed86a69876b10
$ export GITHUB_TOKEN=[secure]
$ export GITHUB_TOKEN_EXTERNAL_PR=75b16ddbff9c2d3709f9785c851d3d716ca5d7c1

[33;1mSetting environment variables from .travis.yml[0m
$ export TEST=CI

[33;1mDisabling Gradle daemon[0m
travis_time:start:15b42739[0K$ mkdir -p ~/.gradle && echo "org.gradle.daemon=false" >> ~/.gradle/gradle.properties

travis_time:end:15b42739:start=1509557737141026812,finish=1509557737152453717,duration=11426905[0K$ export PATH=$JAVA_HOME/bin:$PATH
travis_fold:start:cache.1[0KSetting up build cache
$ export CASHER_DIR=$HOME/.casher
travis_time:start:0a7311fe[0K$ Installing caching utilities

travis_time:end:0a7311fe:start=1509557742773257497,finish=1509557742815878559,duration=42621062[0Ktravis_time:start:1212645f[0K
travis_time:end:1212645f:start=1509557742825477494,finish=1509557742834336861,duration=8859367[0Ktravis_time:start:3703d634[0K[32;1mattempting to download cache archive[0m
[32;1mfetching enqueue_declared_exceptions/cache-linux-trusty-c5100096ad4d3e5bb5093063909496ce91cb1b4edd9ff3a50bbcd2f773aa8b49.tgz[0m
[32;1mfetching master/cache-linux-trusty-c5100096ad4d3e5bb5093063909496ce91cb1b4edd9ff3a50bbcd2f773aa8b49.tgz[0m
[32;1mfound cache[0m

travis_time:end:3703d634:start=1509557742843360220,finish=1509557756004767510,duration=13161407290[0Ktravis_time:start:095e3f9e[0K
travis_time:end:095e3f9e:start=1509557756012453495,finish=1509557756019237644,duration=6784149[0Ktravis_time:start:019f4493[0K[32;1madding /home/travis/.m2/repository to cache[0m
[32;1mcreating directory /home/travis/.m2/repository[0m
[32;1madding /home/travis/.sonar to cache[0m
[32;1mcreating directory /home/travis/.sonar[0m
[32;1madding /home/travis/jvm to cache[0m
[32;1mcreating directory /home/travis/jvm[0m
sh: 1: sw_vers: not found

travis_time:end:019f4493:start=1509557756029400683,finish=1509557762644595003,duration=6615194320[0Ktravis_fold:end:cache.1[0K$ java -Xmx32m -version
Picked up _JAVA_OPTIONS: -Xmx2048m -Xms512m
java version "1.8.0_144"
Java(TM) SE Runtime Environment (build 1.8.0_144-b01)
Java HotSpot(TM) 64-Bit Server VM (build 25.144-b01, mixed mode)
$ javac -J-Xmx32m -version
Picked up _JAVA_OPTIONS: -Xmx2048m -Xms512m
javac 1.8.0_144
travis_fold:start:install[0Ktravis_time:start:07f3a74f[0K$ true

travis_time:end:07f3a74f:start=1509557764030504115,finish=1509557764037745923,duration=7241808[0Ktravis_fold:end:install[0Ktravis_time:start:018332c0[0K$ ./travis.sh
Copy public Maven settings
Setting .npmrc

================ Build, no analysis =================
Picked up _JAVA_OPTIONS: -Xmx2048m -Xms512m
Apache Maven 3.5.0 (ff8f5e7444045639af65f6095c62210b5713f426; 2017-04-03T19:39:06Z)
Maven home: /usr/local/maven-3.5.0
Java version: 1.8.0_144, vendor: Oracle Corporation
Java home: /usr/lib/jvm/java-8-oracle/jre
Default locale: en_US, platform encoding: UTF-8
OS name: "linux", version: "4.11.6-041106-generic", arch: "amd64", family: "unix"
[INFO] Error stacktraces are turned on.
[INFO] Scanning for projects...
[INFO] ------------------------------------------------------------------------
[INFO] Reactor Build Order:
[INFO] 
[INFO] SonarJava
[INFO] SonarQube Java :: Maven model generator
[INFO] SonarQube Java :: Front-end
[INFO] SonarQube Java :: Check Test tool kit
[INFO] SonarQube Java :: Checks
[INFO] SonarQube Java :: Surefire
[INFO] java-jacoco-previous
[INFO] SonarQube Java :: JaCoCo
[INFO] SonarQube Java :: Plugin
[INFO] SonarQube Java :: JaCoCo Listeners
[INFO] SonarQube Java :: ITs
[INFO] SonarQube Java :: ITs :: Performancing
[INFO] SonarQube Java :: ITs :: Plugin
[INFO] SonarQube Java :: ITs :: Plugin :: Plugins
[INFO] SonarQube Java :: ITS :: Plugin :: Java Extension Plugin
[INFO] SonarQube Java :: ITs :: Plugin :: Tests
[INFO] SonarQube Java :: ITs :: Ruling
[INFO] SonarQube Java :: ITs :: Semantic
[INFO] SonarQube Java :: ITS :: Semantic :: Java Debugging Plugin
[INFO] SonarQube Java :: ITs :: Semantic :: Tests
[INFO] 
[INFO] ------------------------------------------------------------------------
[INFO] Building SonarJava 4.15.0-SNAPSHOT
[INFO] ------------------------------------------------------------------------
[INFO] 
[INFO] --- buildnumber-maven-plugin:1.4:create (default) @ java ---
[INFO] Executing: /bin/sh -c cd '/home/travis/build/SonarSource/sonar-java' && 'git' 'rev-parse' '--verify' 'HEAD'
[INFO] Working directory: /home/travis/build/SonarSource/sonar-java
[INFO] Storing buildNumber: eab3625bc18327e1e87c3bb20cded0b8cccbac7e at timestamp: 1509557768949
[WARNING] Cannot get the branch information from the git repository: 
Detecting the current branch failed: fatal: ref HEAD is not a symbolic ref

[INFO] Executing: /bin/sh -c cd '/home/travis/build/SonarSource/sonar-java' && 'git' 'rev-parse' '--verify' 'HEAD'
[INFO] Working directory: /home/travis/build/SonarSource/sonar-java
[INFO] Storing buildScmBranch: UNKNOWN
[INFO] 
[INFO] --- maven-enforcer-plugin:3.0.0-M1:enforce (enforce) @ java ---
[INFO] 
[INFO] --- license-maven-plugin:3.0:check (enforce-license-headers) @ java ---
[INFO] Checking licenses...
[INFO] 
[INFO] --- beanshell-maven-plugin:1.4:run (compute-artifact-display-version) @ java ---
[INFO] Executing Script
[INFO] file class java.lang.Object
[INFO] script class java.lang.String
[INFO] evaluating script if (! "4.15.0-SNAPSHOT".endsWith("-SNAPSHOT")) { [+ 15 omitted line(s)]
[INFO] 
[INFO] --- maven-source-plugin:3.0.1:jar-no-fork (attach-sources) @ java ---
[INFO] 
[INFO] ------------------------------------------------------------------------
[INFO] Building SonarQube Java :: Maven model generator 4.15.0-SNAPSHOT
[INFO] ------------------------------------------------------------------------
[INFO] 
[INFO] --- buildnumber-maven-plugin:1.4:create (default) @ java-maven-model ---
[INFO] 
[INFO] --- maven-enforcer-plugin:3.0.0-M1:enforce (enforce) @ java-maven-model ---
[INFO] 
[INFO] --- license-maven-plugin:3.0:check (enforce-license-headers) @ java-maven-model ---
[INFO] Checking licenses...
[INFO] 
[INFO] --- jaxb2-maven-plugin:2.2:xjc (xjc) @ java-maven-model ---
[INFO] 
[INFO] --- build-helper-maven-plugin:1.10:add-source (default) @ java-maven-model ---
[INFO] Source directory: /home/travis/build/SonarSource/sonar-java/java-maven-model/target/generated-sources added.
[INFO] 
[INFO] --- beanshell-maven-plugin:1.4:run (compute-artifact-display-version) @ java-maven-model ---
[INFO] Executing Script
[INFO] file class java.lang.Object
[INFO] script class java.lang.String
[INFO] evaluating script if (! "4.15.0-SNAPSHOT".endsWith("-SNAPSHOT")) { [+ 15 omitted line(s)]
[INFO] 
[INFO] --- maven-resources-plugin:3.0.2:resources (default-resources) @ java-maven-model ---
[INFO] Using 'UTF-8' encoding to copy filtered resources.
[INFO] Copying 1 resource
[INFO] 
[INFO] --- maven-compiler-plugin:3.7.0:compile (default-compile) @ java-maven-model ---
[INFO] Changes detected - recompiling the module!
[INFO] Compiling 44 source files to /home/travis/build/SonarSource/sonar-java/java-maven-model/target/classes
[INFO] 
[INFO] --- maven-resources-plugin:3.0.2:testResources (default-testResources) @ java-maven-model ---
[INFO] Using 'UTF-8' encoding to copy filtered resources.
[INFO] skip non existing resourceDirectory /home/travis/build/SonarSource/sonar-java/java-maven-model/src/test/resources
[INFO] 
[INFO] --- maven-compiler-plugin:3.7.0:testCompile (default-testCompile) @ java-maven-model ---
[INFO] Changes detected - recompiling the module!
[INFO] Compiling 2 source files to /home/travis/build/SonarSource/sonar-java/java-maven-model/target/test-classes
[INFO] 
[INFO] --- maven-surefire-plugin:2.20.1:test (default-test) @ java-maven-model ---
[INFO] Surefire report directory: /home/travis/build/SonarSource/sonar-java/java-maven-model/target/surefire-reports
[INFO] 
[INFO] -------------------------------------------------------
[INFO]  T E S T S
[INFO] -------------------------------------------------------
[INFO] Running org.sonar.maven.model.XmlLocationTest
[INFO] Tests run: 9, Failures: 0, Errors: 0, Skipped: 0, Time elapsed: 0.76 s - in org.sonar.maven.model.XmlLocationTest
[INFO] Running org.sonar.maven.model.LocatedAttributeAdapterTest
[INFO] Tests run: 2, Failures: 0, Errors: 0, Skipped: 0, Time elapsed: 0.178 s - in org.sonar.maven.model.LocatedAttributeAdapterTest
[INFO] 
[INFO] Results:
[INFO] 
[INFO] Tests run: 11, Failures: 0, Errors: 0, Skipped: 0
[INFO] 
[INFO] 
[INFO] --- maven-jar-plugin:3.0.2:jar (default-jar) @ java-maven-model ---
[INFO] Building jar: /home/travis/build/SonarSource/sonar-java/java-maven-model/target/java-maven-model-4.15.0-SNAPSHOT.jar
[INFO] 
[INFO] --- maven-source-plugin:3.0.1:jar-no-fork (attach-sources) @ java-maven-model ---
[INFO] Building jar: /home/travis/build/SonarSource/sonar-java/java-maven-model/target/java-maven-model-4.15.0-SNAPSHOT-sources.jar
[INFO] 
[INFO] ------------------------------------------------------------------------
[INFO] Building SonarQube Java :: Front-end 4.15.0-SNAPSHOT
[INFO] ------------------------------------------------------------------------
[INFO] Downloading: [secure]/sonarsource/org/fxmisc/wellbehaved/wellbehavedfx/maven-metadata.xml
[INFO] Downloading: https://repo.maven.apache.org/maven2/org/fxmisc/wellbehaved/wellbehavedfx/maven-metadata.xml
[INFO] Downloaded: https://repo.maven.apache.org/maven2/org/fxmisc/wellbehaved/wellbehavedfx/maven-metadata.xml (456 B at 1.1 kB/s)
[INFO] Downloaded: [secure]/sonarsource/org/fxmisc/wellbehaved/wellbehavedfx/maven-metadata.xml (456 B at 668 B/s)
[INFO] 
[INFO] --- buildnumber-maven-plugin:1.4:create (default) @ java-frontend ---
[INFO] 
[INFO] --- maven-enforcer-plugin:3.0.0-M1:enforce (enforce) @ java-frontend ---
[INFO] 
[INFO] --- license-maven-plugin:3.0:check (enforce-license-headers) @ java-frontend ---
[INFO] Checking licenses...
[INFO] 
[INFO] --- beanshell-maven-plugin:1.4:run (compute-artifact-display-version) @ java-frontend ---
[INFO] Executing Script
[INFO] file class java.lang.Object
[INFO] script class java.lang.String
[INFO] evaluating script if (! "4.15.0-SNAPSHOT".endsWith("-SNAPSHOT")) { [+ 15 omitted line(s)]
[INFO] 
[INFO] --- maven-resources-plugin:3.0.2:resources (default-resources) @ java-frontend ---
[INFO] Using 'UTF-8' encoding to copy filtered resources.
[INFO] skip non existing resourceDirectory /home/travis/build/SonarSource/sonar-java/java-frontend/src/main/resources
[INFO] 
[INFO] --- maven-compiler-plugin:3.7.0:compile (default-compile) @ java-frontend ---
[INFO] Changes detected - recompiling the module!
[INFO] Compiling 363 source files to /home/travis/build/SonarSource/sonar-java/java-frontend/target/classes
[INFO] /home/travis/build/SonarSource/sonar-java/java-frontend/src/main/java/org/sonar/java/SonarComponents.java: Some input files use or override a deprecated API.
[INFO] /home/travis/build/SonarSource/sonar-java/java-frontend/src/main/java/org/sonar/java/SonarComponents.java: Recompile with -Xlint:deprecation for details.
[INFO] /home/travis/build/SonarSource/sonar-java/java-frontend/src/main/java/org/sonar/java/model/JavaTree.java: Some input files use unchecked or unsafe operations.
[INFO] /home/travis/build/SonarSource/sonar-java/java-frontend/src/main/java/org/sonar/java/model/JavaTree.java: Recompile with -Xlint:unchecked for details.
[INFO] 
[INFO] --- maven-dependency-plugin:3.0.2:unpack (unpack-test-projects) @ java-frontend ---
[INFO] Configured Artifact: commons-collections:commons-collections:sources:3.2.1:jar
[INFO] Configured Artifact: commons-collections:commons-collections:3.2.1:jar
[INFO] Configured Artifact: org.apache.struts:struts-core:sources:1.3.9:jar
[INFO] Configured Artifact: org.apache.struts:struts-core:1.3.9:jar
[INFO] Unpacking /home/travis/.m2/repository/commons-collections/commons-collections/3.2.1/commons-collections-3.2.1-sources.jar to /home/travis/build/SonarSource/sonar-java/java-frontend/target/test-projects/commons-collections-3.2.1/src with includes "" and excludes ""
[INFO] Unpacking /home/travis/.m2/repository/commons-collections/commons-collections/3.2.1/commons-collections-3.2.1.jar to /home/travis/build/SonarSource/sonar-java/java-frontend/target/test-projects/commons-collections-3.2.1/bin with includes "" and excludes ""
[INFO] Unpacking /home/travis/.m2/repository/org/apache/struts/struts-core/1.3.9/struts-core-1.3.9-sources.jar to /home/travis/build/SonarSource/sonar-java/java-frontend/target/test-projects/struts-core-1.3.9/src with includes "" and excludes ""
[INFO] Unpacking /home/travis/.m2/repository/org/apache/struts/struts-core/1.3.9/struts-core-1.3.9.jar to /home/travis/build/SonarSource/sonar-java/java-frontend/target/test-projects/struts-core-1.3.9/bin with includes "" and excludes ""
[INFO] 
[INFO] --- maven-resources-plugin:3.0.2:testResources (default-testResources) @ java-frontend ---
[INFO] Using 'UTF-8' encoding to copy filtered resources.
[INFO] Copying 17 resources
[INFO] 
[INFO] --- maven-compiler-plugin:3.7.0:testCompile (default-testCompile) @ java-frontend ---
[INFO] Changes detected - recompiling the module!
[INFO] Compiling 271 source files to /home/travis/build/SonarSource/sonar-java/java-frontend/target/test-classes
[INFO] /home/travis/build/SonarSource/sonar-java/java-frontend/src/test/java/org/sonar/java/DefaultJavaResourceLocatorTest.java: Some input files use or override a deprecated API.
[INFO] /home/travis/build/SonarSource/sonar-java/java-frontend/src/test/java/org/sonar/java/DefaultJavaResourceLocatorTest.java: Recompile with -Xlint:deprecation for details.
[INFO] /home/travis/build/SonarSource/sonar-java/java-frontend/src/test/java/org/sonar/java/se/Expectations.java: Some input files use unchecked or unsafe operations.
[INFO] /home/travis/build/SonarSource/sonar-java/java-frontend/src/test/java/org/sonar/java/se/Expectations.java: Recompile with -Xlint:unchecked for details.
[INFO] 
[INFO] --- maven-dependency-plugin:3.0.2:copy (copy) @ java-frontend ---
[INFO] Configured Artifact: org.hibernate.javax.persistence:hibernate-jpa-2.0-api:1.0.1.Final:jar
[INFO] Configured Artifact: com.google.code.findbugs:jsr305:1.3.9:jar
[INFO] Configured Artifact: org.apache.commons:commons-lang3:3.5:jar
[INFO] Configured Artifact: commons-lang:commons-lang:2.6:jar
[INFO] Configured Artifact: com.google.guava:guava:10.0.1:jar
[INFO] Configured Artifact: commons-collections:commons-collections:3.2.1:jar
[INFO] Configured Artifact: org.apache.commons:commons-collections4:4.1:jar
[INFO] Configured Artifact: org.apache.logging.log4j:log4j-core:2.3:jar
[INFO] Configured Artifact: org.springframework:spring-core:4.3.8.RELEASE:jar
[INFO] Configured Artifact: org.junit.jupiter:junit-jupiter-api:5.0.0-M4:jar
[INFO] Configured Artifact: org.aspectj:aspectjtools:1.8.10:jar
[INFO] Copying hibernate-jpa-2.0-api-1.0.1.Final.jar to /home/travis/build/SonarSource/sonar-java/java-frontend/target/test-jars/hibernate-jpa-2.0-api-1.0.1.Final.jar
[INFO] Copying jsr305-1.3.9.jar to /home/travis/build/SonarSource/sonar-java/java-frontend/target/test-jars/jsr305-1.3.9.jar
[INFO] Copying commons-lang3-3.5.jar to /home/travis/build/SonarSource/sonar-java/java-frontend/target/test-jars/commons-lang3-3.5.jar
[INFO] Copying commons-lang-2.6.jar to /home/travis/build/SonarSource/sonar-java/java-frontend/target/test-jars/commons-lang-2.6.jar
[INFO] Copying guava-10.0.1.jar to /home/travis/build/SonarSource/sonar-java/java-frontend/target/test-jars/guava-10.0.1.jar
[INFO] Copying commons-collections-3.2.1.jar to /home/travis/build/SonarSource/sonar-java/java-frontend/target/test-jars/commons-collections-3.2.1.jar
[INFO] Copying commons-collections4-4.1.jar to /home/travis/build/SonarSource/sonar-java/java-frontend/target/test-jars/commons-collections4-4.1.jar
[INFO] Copying log4j-core-2.3.jar to /home/travis/build/SonarSource/sonar-java/java-frontend/target/test-jars/log4j-core-2.3.jar
[INFO] Copying spring-core-4.3.8.RELEASE.jar to /home/travis/build/SonarSource/sonar-java/java-frontend/target/test-jars/spring-core-4.3.8.RELEASE.jar
[INFO] Copying junit-jupiter-api-5.0.0-M4.jar to /home/travis/build/SonarSource/sonar-java/java-frontend/target/test-jars/junit-jupiter-api-5.0.0-M4.jar
[INFO] Copying aspectjtools-1.8.10.jar to /home/travis/build/SonarSource/sonar-java/java-frontend/target/test-jars/aspectjtools-1.8.10.jar
[INFO] 
[INFO] --- maven-surefire-plugin:2.20.1:test (default-test) @ java-frontend ---
[INFO] Surefire report directory: /home/travis/build/SonarSource/sonar-java/java-frontend/target/surefire-reports
[INFO] 
[INFO] -------------------------------------------------------
[INFO]  T E S T S
[INFO] -------------------------------------------------------
[INFO] Running org.sonar.java.ast.parser.grammar.statements.AssertStatementTest
[INFO] Tests run: 1, Failures: 0, Errors: 0, Skipped: 0, Time elapsed: 0.645 s - in org.sonar.java.ast.parser.grammar.statements.AssertStatementTest
[INFO] Running org.sonar.java.ast.visitors.AccessorsUtilsTest
[INFO] Tests run: 15, Failures: 0, Errors: 0, Skipped: 0, Time elapsed: 0.393 s - in org.sonar.java.ast.visitors.AccessorsUtilsTest
[INFO] Running org.sonar.java.bytecode.cfg.InstructionsTest
[INFO] Tests run: 1, Failures: 0, Errors: 0, Skipped: 0, Time elapsed: 0.047 s - in org.sonar.java.bytecode.cfg.InstructionsTest
[INFO] Running org.sonar.java.ast.parser.grammar.statements.DoStatementTest
[INFO] Tests run: 1, Failures: 0, Errors: 0, Skipped: 0, Time elapsed: 0.016 s - in org.sonar.java.ast.parser.grammar.statements.DoStatementTest
[INFO] Running org.sonar.java.ast.parser.grammar.types.BoundTest
[INFO] Tests run: 1, Failures: 0, Errors: 0, Skipped: 0, Time elapsed: 0.014 s - in org.sonar.java.ast.parser.grammar.types.BoundTest
[INFO] Running org.sonar.java.ast.parser.grammar.types.TypeArgumentTest
[INFO] Tests run: 1, Failures: 0, Errors: 0, Skipped: 0, Time elapsed: 0.008 s - in org.sonar.java.ast.parser.grammar.types.TypeArgumentTest
[INFO] Running org.sonar.java.ast.parser.grammar.enums.EnumConstantTest
[INFO] Tests run: 2, Failures: 0, Errors: 0, Skipped: 0, Time elapsed: 0.044 s - in org.sonar.java.ast.parser.grammar.enums.EnumConstantTest
[INFO] Running org.sonar.java.model.JavaVersionImplTest
[INFO] Tests run: 7, Failures: 0, Errors: 0, Skipped: 0, Time elapsed: 0.263 s - in org.sonar.java.model.JavaVersionImplTest
[INFO] Running org.sonar.java.resolve.BytecodeCompleterTest
[INFO] Tests run: 38, Failures: 0, Errors: 0, Skipped: 0, Time elapsed: 0.803 s - in org.sonar.java.resolve.BytecodeCompleterTest
[INFO] Running org.sonar.java.JavaSquidTest
[INFO] Tests run: 2, Failures: 0, Errors: 0, Skipped: 0, Time elapsed: 1.249 s - in org.sonar.java.JavaSquidTest
[INFO] Running org.sonar.java.se.checks.UnclosedResourcesCheckTest
[ERROR] Tests run: 9, Failures: 0, Errors: 1, Skipped: 0, Time elapsed: 2.87 s <<< FAILURE! - in org.sonar.java.se.checks.UnclosedResourcesCheckTest
[ERROR] test_streams(org.sonar.java.se.checks.UnclosedResourcesCheckTest)  Time elapsed: 0.077 s  <<< ERROR!
org.sonar.squidbridge.api.AnalysisException: SonarQube is unable to analyze file : '/home/travis/build/SonarSource/sonar-java/java-frontend/src/test/files/se/UnclosedResourcesCheckStreams.java'
	at org.sonar.java.se.checks.UnclosedResourcesCheckTest.test_streams(UnclosedResourcesCheckTest.java:69)
Caused by: org.sonar.java.bytecode.se.BytecodeEGWalker$BytecodeAnalysisException: Failed dataflow analysis for java.nio.file.Files#lines(Ljava/nio/file/Path;)Ljava/util/stream/Stream;
	at org.sonar.java.se.checks.UnclosedResourcesCheckTest.test_streams(UnclosedResourcesCheckTest.java:69)
Caused by: org.sonar.java.bytecode.se.BytecodeEGWalker$BytecodeAnalysisException: Failed dataflow analysis for java.nio.file.Files#lines(Ljava/nio/file/Path;Ljava/nio/charset/Charset;)Ljava/util/stream/Stream;
	at org.sonar.java.se.checks.UnclosedResourcesCheckTest.test_streams(UnclosedResourcesCheckTest.java:69)
Caused by: java.lang.NullPointerException
	at org.sonar.java.se.checks.UnclosedResourcesCheckTest.test_streams(UnclosedResourcesCheckTest.java:69)

[INFO] Running org.sonar.java.DefaultJavaResourceLocatorTest
[INFO] Tests run: 5, Failures: 0, Errors: 0, Skipped: 0, Time elapsed: 0.315 s - in org.sonar.java.DefaultJavaResourceLocatorTest
[INFO] Running org.sonar.java.xml.XmlAnalyzerTest
[INFO] Tests run: 11, Failures: 0, Errors: 0, Skipped: 0, Time elapsed: 3.471 s - in org.sonar.java.xml.XmlAnalyzerTest
[INFO] Running org.sonar.java.model.TestDefaultJavaFileScannerContextWithSensorContextTester
[INFO] Tests run: 4, Failures: 0, Errors: 0, Skipped: 0, Time elapsed: 0.075 s - in org.sonar.java.model.TestDefaultJavaFileScannerContextWithSensorContextTester
[INFO] Running org.sonar.java.bytecode.loader.FileSystemLoaderTest
[INFO] Tests run: 4, Failures: 0, Errors: 0, Skipped: 0, Time elapsed: 0.011 s - in org.sonar.java.bytecode.loader.FileSystemLoaderTest
[INFO] Running org.sonar.java.bytecode.se.BytecodeEGWalkerExecuteTest
[INFO] Tests run: 66, Failures: 0, Errors: 0, Skipped: 0, Time elapsed: 0.901 s - in org.sonar.java.bytecode.se.BytecodeEGWalkerExecuteTest
[INFO] Running org.sonar.java.ast.parser.grammar.expressions.ExpressionTest
[INFO] Tests run: 3, Failures: 0, Errors: 0, Skipped: 0, Time elapsed: 0.027 s - in org.sonar.java.ast.parser.grammar.expressions.ExpressionTest
[INFO] Running org.sonar.java.ast.api.JavaTokenTypeTest
[INFO] Tests run: 1, Failures: 0, Errors: 0, Skipped: 0, Time elapsed: 0.001 s - in org.sonar.java.ast.api.JavaTokenTypeTest
[INFO] Running org.sonar.java.se.LearnedAssociationTest
[INFO] Tests run: 1, Failures: 0, Errors: 0, Skipped: 0, Time elapsed: 0.223 s - in org.sonar.java.se.LearnedAssociationTest
[INFO] Running org.sonar.java.model.JavaTreeModelTest
[INFO] Tests run: 78, Failures: 0, Errors: 0, Skipped: 0, Time elapsed: 7.742 s - in org.sonar.java.model.JavaTreeModelTest
[INFO] Running org.sonar.java.model.KindMapsTest
[INFO] Tests run: 6, Failures: 0, Errors: 0, Skipped: 0, Time elapsed: 0.019 s - in org.sonar.java.model.KindMapsTest
[INFO] Running org.sonar.java.ast.parser.grammar.units.ImportDeclarationTest
[INFO] Tests run: 1, Failures: 0, Errors: 0, Skipped: 0, Time elapsed: 0.007 s - in org.sonar.java.ast.parser.grammar.units.ImportDeclarationTest
[INFO] Running org.sonar.java.bytecode.loader.AarLoaderTest
[INFO] Tests run: 6, Failures: 0, Errors: 0, Skipped: 0, Time elapsed: 0.026 s - in org.sonar.java.bytecode.loader.AarLoaderTest
[INFO] Running org.sonar.java.ast.parser.grammar.parameters.FormalParameterTest
[INFO] Tests run: 1, Failures: 0, Errors: 0, Skipped: 0, Time elapsed: 0.011 s - in org.sonar.java.ast.parser.grammar.parameters.FormalParameterTest
[INFO] Running org.sonar.java.se.checks.DivisionByZeroCheckTest
[INFO] Tests run: 3, Failures: 0, Errors: 0, Skipped: 0, Time elapsed: 0.431 s - in org.sonar.java.se.checks.DivisionByZeroCheckTest
[INFO] Running org.sonar.java.ast.parser.grammar.statements.VariableDeclaratorsTest
[INFO] Tests run: 1, Failures: 0, Errors: 0, Skipped: 0, Time elapsed: 0.008 s - in org.sonar.java.ast.parser.grammar.statements.VariableDeclaratorsTest
[INFO] Running org.sonar.java.cfg.LiveVariablesTest
[INFO] Tests run: 10, Failures: 0, Errors: 0, Skipped: 0, Time elapsed: 0.32 s - in org.sonar.java.cfg.LiveVariablesTest
[INFO] Running org.sonar.java.ast.api.JavaRestrictedKeywordTest
[INFO] Tests run: 1, Failures: 0, Errors: 0, Skipped: 0, Time elapsed: 0 s - in org.sonar.java.ast.api.JavaRestrictedKeywordTest
[INFO] Running org.sonar.java.ast.parser.grammar.statements.SwitchLabelTest
[INFO] Tests run: 1, Failures: 0, Errors: 0, Skipped: 0, Time elapsed: 0.001 s - in org.sonar.java.ast.parser.grammar.statements.SwitchLabelTest
[INFO] Running org.sonar.java.matcher.MethodMatcherFactoryTest
[INFO] Tests run: 4, Failures: 0, Errors: 0, Skipped: 0, Time elapsed: 0.096 s - in org.sonar.java.matcher.MethodMatcherFactoryTest
[INFO] Running org.sonar.java.bytecode.cfg.InstructionTest
[INFO] Tests run: 5, Failures: 0, Errors: 0, Skipped: 0, Time elapsed: 0.006 s - in org.sonar.java.bytecode.cfg.InstructionTest
[INFO] Running org.sonar.java.model.declaration.ModuleDeclarationTreeImplTest
[INFO] Tests run: 3, Failures: 0, Errors: 0, Skipped: 0, Time elapsed: 0.031 s - in org.sonar.java.model.declaration.ModuleDeclarationTreeImplTest
[INFO] Running org.sonar.java.resolve.TypeAndReferenceSolverTest
[INFO] Tests run: 34, Failures: 0, Errors: 0, Skipped: 0, Time elapsed: 3.229 s - in org.sonar.java.resolve.TypeAndReferenceSolverTest
[INFO] Running org.sonar.plugins.java.api.LocationTest
[INFO] Tests run: 3, Failures: 0, Errors: 0, Skipped: 0, Time elapsed: 0.029 s - in org.sonar.plugins.java.api.LocationTest
[INFO] Running org.sonar.plugins.java.api.tree.TreeTest
[INFO] Tests run: 1, Failures: 0, Errors: 0, Skipped: 0, Time elapsed: 0.003 s - in org.sonar.plugins.java.api.tree.TreeTest
[INFO] Running org.sonar.java.ast.visitors.PublicApiCheckerTest
[INFO] Tests run: 2, Failures: 0, Errors: 0, Skipped: 0, Time elapsed: 0.044 s - in org.sonar.java.ast.visitors.PublicApiCheckerTest
[INFO] Running org.sonar.java.se.SymbolicValueFactoryTest
[INFO] Tests run: 1, Failures: 0, Errors: 0, Skipped: 0, Time elapsed: 0.011 s - in org.sonar.java.se.SymbolicValueFactoryTest
[INFO] Running org.sonar.java.ast.parser.grammar.statements.LabeledStatementTest
[INFO] Tests run: 1, Failures: 0, Errors: 0, Skipped: 0, Time elapsed: 0.007 s - in org.sonar.java.ast.parser.grammar.statements.LabeledStatementTest
[INFO] Running org.sonar.java.se.ExplodedGraphTest
[INFO] Tests run: 1, Failures: 0, Errors: 0, Skipped: 0, Time elapsed: 0.01 s - in org.sonar.java.se.ExplodedGraphTest
[INFO] Running org.sonar.java.se.checks.CustomUnclosedResourcesCheckTest
[INFO] Tests run: 7, Failures: 0, Errors: 0, Skipped: 0, Time elapsed: 0.331 s - in org.sonar.java.se.checks.CustomUnclosedResourcesCheckTest
[INFO] Running org.sonar.java.model.VisitorsBridgeForTestsTest
[INFO] Tests run: 1, Failures: 0, Errors: 0, Skipped: 0, Time elapsed: 0.011 s - in org.sonar.java.model.VisitorsBridgeForTestsTest
[INFO] Running org.sonar.java.ast.parser.grammar.classes.ClassDeclarationTest
[INFO] Tests run: 2, Failures: 0, Errors: 0, Skipped: 0, Time elapsed: 0.007 s - in org.sonar.java.ast.parser.grammar.classes.ClassDeclarationTest
[INFO] Running org.sonar.java.se.ExplodedGraphWalkerTest
[ERROR] Tests run: 28, Failures: 0, Errors: 1, Skipped: 0, Time elapsed: 17.975 s <<< FAILURE! - in org.sonar.java.se.ExplodedGraphWalkerTest
[ERROR] reproducer(org.sonar.java.se.ExplodedGraphWalkerTest)  Time elapsed: 0.087 s  <<< ERROR!
org.sonar.squidbridge.api.AnalysisException: SonarQube is unable to analyze file : '/home/travis/build/SonarSource/sonar-java/java-frontend/src/test/files/se/Reproducer.java'
	at org.sonar.java.se.ExplodedGraphWalkerTest.reproducer(ExplodedGraphWalkerTest.java:100)
Caused by: org.sonar.java.bytecode.se.BytecodeEGWalker$BytecodeAnalysisException: Failed dataflow analysis for java.lang.String#format(Ljava/lang/String;[Ljava/lang/Object;)Ljava/lang/String;
	at org.sonar.java.se.ExplodedGraphWalkerTest.reproducer(ExplodedGraphWalkerTest.java:100)
Caused by: org.sonar.java.bytecode.se.BytecodeEGWalker$BytecodeAnalysisException: Failed dataflow analysis for java.util.Formatter#<init>()V
	at org.sonar.java.se.ExplodedGraphWalkerTest.reproducer(ExplodedGraphWalkerTest.java:100)
Caused by: org.sonar.java.bytecode.se.BytecodeEGWalker$BytecodeAnalysisException: Failed dataflow analysis for java.util.Locale#getDefault(Ljava/util/Locale$Category;)Ljava/util/Locale;
	at org.sonar.java.se.ExplodedGraphWalkerTest.reproducer(ExplodedGraphWalkerTest.java:100)
Caused by: java.lang.NullPointerException
	at org.sonar.java.se.ExplodedGraphWalkerTest.reproducer(ExplodedGraphWalkerTest.java:100)

[INFO] Running org.sonar.java.resolve.MethodJavaSymbolTest
[INFO] Tests run: 4, Failures: 0, Errors: 0, Skipped: 0, Time elapsed: 0.106 s - in org.sonar.java.resolve.MethodJavaSymbolTest
[INFO] Running org.sonar.java.model.declaration.ExportsDirectiveTreeImplTest
[INFO] Tests run: 3, Failures: 0, Errors: 0, Skipped: 0, Time elapsed: 0.018 s - in org.sonar.java.model.declaration.ExportsDirectiveTreeImplTest
[INFO] Running org.sonar.java.ast.parser.grammar.moduledirectives.OpensDirectiveTest
[INFO] Tests run: 1, Failures: 0, Errors: 0, Skipped: 0, Time elapsed: 0.006 s - in org.sonar.java.ast.parser.grammar.moduledirectives.OpensDirectiveTest
[INFO] Running org.sonar.java.ast.parser.grammar.statements.VariableDeclaratorTest
[INFO] Tests run: 2, Failures: 0, Errors: 0, Skipped: 0, Time elapsed: 0.017 s - in org.sonar.java.ast.parser.grammar.statements.VariableDeclaratorTest
[INFO] Running org.sonar.java.ast.parser.grammar.units.CompilationUnitTest
[INFO] Tests run: 1, Failures: 0, Errors: 0, Skipped: 0, Time elapsed: 0.007 s - in org.sonar.java.ast.parser.grammar.units.CompilationUnitTest
[INFO] Running org.sonar.java.ast.parser.grammar.statements.ContinueStatementTest
[INFO] Tests run: 1, Failures: 0, Errors: 0, Skipped: 0, Time elapsed: 0.005 s - in org.sonar.java.ast.parser.grammar.statements.ContinueStatementTest
[INFO] Running org.sonar.java.ast.parser.grammar.types.TypeTest
[INFO] Tests run: 1, Failures: 0, Errors: 0, Skipped: 0, Time elapsed: 0.003 s - in org.sonar.java.ast.parser.grammar.types.TypeTest
[INFO] Running org.sonar.java.se.checks.NoWayOutLoopCheckTest
[INFO] Tests run: 1, Failures: 0, Errors: 0, Skipped: 0, Time elapsed: 0.143 s - in org.sonar.java.se.checks.NoWayOutLoopCheckTest
[INFO] Running org.sonar.java.se.checks.StreamConsumedCheckTest
[INFO] Tests run: 1, Failures: 0, Errors: 0, Skipped: 0, Time elapsed: 0.082 s - in org.sonar.java.se.checks.StreamConsumedCheckTest
[INFO] Running org.sonar.java.ast.parser.grammar.statements.ForStatementTest
[INFO] Tests run: 1, Failures: 0, Errors: 0, Skipped: 0, Time elapsed: 0.007 s - in org.sonar.java.ast.parser.grammar.statements.ForStatementTest
[INFO] Running org.sonar.java.ast.parser.grammar.statements.CatchClauseTest
[INFO] Tests run: 1, Failures: 0, Errors: 0, Skipped: 0, Time elapsed: 0.005 s - in org.sonar.java.ast.parser.grammar.statements.CatchClauseTest
[INFO] Running org.sonar.java.JavaVersionAwareVisitorTest
[INFO] Tests run: 4, Failures: 0, Errors: 0, Skipped: 0, Time elapsed: 0.066 s - in org.sonar.java.JavaVersionAwareVisitorTest
[INFO] Running org.sonar.java.xml.XmlParserTest
[INFO] Tests run: 8, Failures: 0, Errors: 0, Skipped: 0, Time elapsed: 0.086 s - in org.sonar.java.xml.XmlParserTest
[INFO] Running org.sonar.java.se.ProgramPointTest
[INFO] Tests run: 2, Failures: 0, Errors: 0, Skipped: 0, Time elapsed: 0.015 s - in org.sonar.java.se.ProgramPointTest
[INFO] Running org.sonar.java.ast.parser.grammar.interfaces.InterfaceDeclarationTest
[INFO] Tests run: 2, Failures: 0, Errors: 0, Skipped: 0, Time elapsed: 0.011 s - in org.sonar.java.ast.parser.grammar.interfaces.InterfaceDeclarationTest
[INFO] Running org.sonar.java.JavaIssueTest
[INFO] Tests run: 2, Failures: 0, Errors: 0, Skipped: 0, Time elapsed: 0.046 s - in org.sonar.java.JavaIssueTest
[INFO] Running org.sonar.java.model.ExpressionUtilsTest
[INFO] Tests run: 4, Failures: 0, Errors: 0, Skipped: 0, Time elapsed: 0.036 s - in org.sonar.java.model.ExpressionUtilsTest
[INFO] Running org.sonar.java.ast.parser.grammar.literals.RestrictedKeywordTest
[INFO] Tests run: 1, Failures: 0, Errors: 0, Skipped: 0, Time elapsed: 0.007 s - in org.sonar.java.ast.parser.grammar.literals.RestrictedKeywordTest
[INFO] Running org.sonar.java.se.checks.ConditionAlwaysTrueOrFalseCheckTest
[INFO] Tests run: 10, Failures: 0, Errors: 0, Skipped: 0, Time elapsed: 2.626 s - in org.sonar.java.se.checks.ConditionAlwaysTrueOrFalseCheckTest
[INFO] Running org.sonar.java.model.declaration.MethodTreeImplTest
[INFO] Tests run: 15, Failures: 0, Errors: 0, Skipped: 0, Time elapsed: 0.435 s - in org.sonar.java.model.declaration.MethodTreeImplTest
[INFO] Running org.sonar.java.se.constraint.ConstraintTest
[INFO] Tests run: 2, Failures: 0, Errors: 0, Skipped: 0, Time elapsed: 0.005 s - in org.sonar.java.se.constraint.ConstraintTest
[INFO] Running org.sonar.java.ast.api.JavaKeywordTest
[INFO] Tests run: 1, Failures: 0, Errors: 0, Skipped: 0, Time elapsed: 0.001 s - in org.sonar.java.ast.api.JavaKeywordTest
[INFO] Running org.sonar.java.model.declaration.ProvidesDirectiveTreeImplTest
[INFO] Tests run: 2, Failures: 0, Errors: 0, Skipped: 0, Time elapsed: 0.013 s - in org.sonar.java.model.declaration.ProvidesDirectiveTreeImplTest
[INFO] Running org.sonar.java.resolve.JavaTypeTest
[INFO] Tests run: 14, Failures: 0, Errors: 0, Skipped: 0, Time elapsed: 0.07 s - in org.sonar.java.resolve.JavaTypeTest
[INFO] Running org.sonar.java.ast.parser.grammar.parameters.VariableDeclaratorIdTest
[INFO] Tests run: 1, Failures: 0, Errors: 0, Skipped: 0, Time elapsed: 0.003 s - in org.sonar.java.ast.parser.grammar.parameters.VariableDeclaratorIdTest
[INFO] Running org.sonar.java.resolve.ScopeTest
[INFO] Tests run: 5, Failures: 0, Errors: 0, Skipped: 0, Time elapsed: 0.126 s - in org.sonar.java.resolve.ScopeTest
[INFO] Running org.sonar.java.xml.XmlCheckUtilsTest
[INFO] Tests run: 5, Failures: 0, Errors: 0, Skipped: 0, Time elapsed: 0.05 s - in org.sonar.java.xml.XmlCheckUtilsTest
[INFO] Running org.sonar.java.AnalyzerMessageTest
[INFO] Tests run: 9, Failures: 0, Errors: 0, Skipped: 0, Time elapsed: 0.025 s - in org.sonar.java.AnalyzerMessageTest
[INFO] Running org.sonar.java.ast.parser.grammar.statements.BreakStatementTest
[INFO] Tests run: 1, Failures: 0, Errors: 0, Skipped: 0, Time elapsed: 0.002 s - in org.sonar.java.ast.parser.grammar.statements.BreakStatementTest
[INFO] Running org.sonar.java.StrutsTest
[INFO] Tests run: 1, Failures: 0, Errors: 0, Skipped: 0, Time elapsed: 3.712 s - in org.sonar.java.StrutsTest
[INFO] Running org.sonar.java.bytecode.cfg.BytecodeCFGBuilderTest
[INFO] Tests run: 12, Failures: 0, Errors: 0, Skipped: 0, Time elapsed: 0.615 s - in org.sonar.java.bytecode.cfg.BytecodeCFGBuilderTest
[INFO] Running org.sonar.java.resolve.FlagsTest
[INFO] Tests run: 2, Failures: 0, Errors: 0, Skipped: 0, Time elapsed: 0.003 s - in org.sonar.java.resolve.FlagsTest
[INFO] Running org.sonar.java.ast.parser.grammar.moduledirectives.ExportsDirectiveTest
[INFO] Tests run: 1, Failures: 0, Errors: 0, Skipped: 0, Time elapsed: 0.006 s - in org.sonar.java.ast.parser.grammar.moduledirectives.ExportsDirectiveTest
[INFO] Running org.sonar.java.ast.parser.grammar.parameters.FormalParametersTest
[INFO] Tests run: 1, Failures: 0, Errors: 0, Skipped: 0, Time elapsed: 0.006 s - in org.sonar.java.ast.parser.grammar.parameters.FormalParametersTest
[INFO] Running org.sonar.java.ast.visitors.SyntaxHighlighterVisitorTest
[INFO] Tests run: 6, Failures: 0, Errors: 0, Skipped: 0, Time elapsed: 0.211 s - in org.sonar.java.ast.visitors.SyntaxHighlighterVisitorTest
[INFO] Running org.sonar.java.ast.parser.grammar.units.ModuleDeclarationTest
[INFO] Tests run: 1, Failures: 0, Errors: 0, Skipped: 0, Time elapsed: 0.003 s - in org.sonar.java.ast.parser.grammar.units.ModuleDeclarationTest
[INFO] Running org.sonar.java.resolve.MethodReferenceResolutionTest
[INFO] Tests run: 9, Failures: 0, Errors: 0, Skipped: 0, Time elapsed: 0.126 s - in org.sonar.java.resolve.MethodReferenceResolutionTest
[INFO] Running org.sonar.java.resolve.TypesTest
[INFO] Tests run: 2, Failures: 0, Errors: 0, Skipped: 0, Time elapsed: 0.004 s - in org.sonar.java.resolve.TypesTest
[INFO] Running org.sonar.java.ast.parser.grammar.statements.ThrowStatementTest
[INFO] Tests run: 1, Failures: 0, Errors: 0, Skipped: 0, Time elapsed: 0.006 s - in org.sonar.java.ast.parser.grammar.statements.ThrowStatementTest
[INFO] Running org.sonar.java.model.declaration.OpensDirectiveTreeImplTest
[INFO] Tests run: 3, Failures: 0, Errors: 0, Skipped: 0, Time elapsed: 0.017 s - in org.sonar.java.model.declaration.OpensDirectiveTreeImplTest
[INFO] Running org.sonar.java.se.checks.NullDereferenceCheckTest
[INFO] Tests run: 9, Failures: 0, Errors: 0, Skipped: 0, Time elapsed: 0.694 s - in org.sonar.java.se.checks.NullDereferenceCheckTest
[INFO] Running org.sonar.java.se.CheckerDispatcherTest
[INFO] Tests run: 1, Failures: 0, Errors: 0, Skipped: 0, Time elapsed: 0.194 s - in org.sonar.java.se.CheckerDispatcherTest
[INFO] Running org.sonar.java.se.SECheckTest
[INFO] Tests run: 1, Failures: 0, Errors: 0, Skipped: 0, Time elapsed: 0.033 s - in org.sonar.java.se.SECheckTest
[INFO] Running org.sonar.java.ast.parser.grammar.annotations.AnnotationTypeDeclarationTest
[INFO] Tests run: 1, Failures: 0, Errors: 0, Skipped: 0, Time elapsed: 0 s - in org.sonar.java.ast.parser.grammar.annotations.AnnotationTypeDeclarationTest
[INFO] Running org.sonar.java.ast.parser.grammar.statements.SwitchStatementTest
[INFO] Tests run: 1, Failures: 0, Errors: 0, Skipped: 0, Time elapsed: 0.01 s - in org.sonar.java.ast.parser.grammar.statements.SwitchStatementTest
[INFO] Running org.sonar.java.MeasurerTest
[INFO] Tests run: 10, Failures: 0, Errors: 0, Skipped: 0, Time elapsed: 0.268 s - in org.sonar.java.MeasurerTest
[INFO] Running org.sonar.java.ast.parser.grammar.statements.TryStatementTest
[INFO] Tests run: 3, Failures: 0, Errors: 0, Skipped: 0, Time elapsed: 0.009 s - in org.sonar.java.ast.parser.grammar.statements.TryStatementTest
[INFO] Running org.sonar.java.cfg.VariableReadExtractorTest
[INFO] Tests run: 5, Failures: 0, Errors: 0, Skipped: 0, Time elapsed: 0.058 s - in org.sonar.java.cfg.VariableReadExtractorTest
[INFO] Running org.sonar.java.se.checks.InvariantReturnCheckTest
[INFO] Tests run: 1, Failures: 0, Errors: 0, Skipped: 0, Time elapsed: 0.25 s - in org.sonar.java.se.checks.InvariantReturnCheckTest
[INFO] Running org.sonar.java.cfg.CFGTest
[INFO] Tests run: 64, Failures: 0, Errors: 0, Skipped: 0, Time elapsed: 0.871 s - in org.sonar.java.cfg.CFGTest
[INFO] Running org.sonar.java.model.expression.MethodInvocationTreeImplTest
[INFO] Tests run: 3, Failures: 0, Errors: 0, Skipped: 0, Time elapsed: 0.167 s - in org.sonar.java.model.expression.MethodInvocationTreeImplTest
[INFO] Running org.sonar.java.ast.JavaAstScannerTest
[INFO] Tests run: 11, Failures: 0, Errors: 0, Skipped: 0, Time elapsed: 0.17 s - in org.sonar.java.ast.JavaAstScannerTest
[INFO] Running org.sonar.java.se.checks.SyntaxTreeNameFinderTest
[INFO] Tests run: 8, Failures: 0, Errors: 0, Skipped: 0, Time elapsed: 0.01 s - in org.sonar.java.se.checks.SyntaxTreeNameFinderTest
[INFO] Running org.sonar.java.resolve.ImportResolutionTest
[INFO] Tests run: 12, Failures: 0, Errors: 0, Skipped: 0, Time elapsed: 0.465 s - in org.sonar.java.resolve.ImportResolutionTest
[INFO] Running org.sonar.java.xml.XmlCheckContextImplTest
[INFO] Tests run: 17, Failures: 0, Errors: 0, Skipped: 0, Time elapsed: 0.18 s - in org.sonar.java.xml.XmlCheckContextImplTest
[INFO] Running org.sonar.java.ast.visitors.ComplexityVisitorTest
[INFO] Tests run: 2, Failures: 0, Errors: 0, Skipped: 0, Time elapsed: 0.014 s - in org.sonar.java.ast.visitors.ComplexityVisitorTest
[INFO] Running org.sonar.java.ast.parser.grammar.literals.StringLiteralTest
[INFO] Tests run: 2, Failures: 0, Errors: 0, Skipped: 0, Time elapsed: 0.008 s - in org.sonar.java.ast.parser.grammar.literals.StringLiteralTest
[INFO] Running org.sonar.java.model.SyntacticEquivalenceTest
[INFO] Tests run: 5, Failures: 0, Errors: 0, Skipped: 0, Time elapsed: 0.023 s - in org.sonar.java.model.SyntacticEquivalenceTest
[INFO] Running org.sonar.plugins.java.api.CheckRegistrarTest
[INFO] Tests run: 1, Failures: 0, Errors: 0, Skipped: 0, Time elapsed: 0.004 s - in org.sonar.plugins.java.api.CheckRegistrarTest
[INFO] Running org.sonar.java.ast.api.JavaPunctuatorTest
[INFO] Tests run: 1, Failures: 0, Errors: 0, Skipped: 0, Time elapsed: 0.003 s - in org.sonar.java.ast.api.JavaPunctuatorTest
[INFO] Running org.sonar.java.ast.parser.grammar.units.PackageDeclarationTest
[INFO] Tests run: 1, Failures: 0, Errors: 0, Skipped: 0, Time elapsed: 0.005 s - in org.sonar.java.ast.parser.grammar.units.PackageDeclarationTest
[INFO] Running org.sonar.java.ast.parser.grammar.types.TypeParameterTest
[INFO] Tests run: 1, Failures: 0, Errors: 0, Skipped: 0, Time elapsed: 0.008 s - in org.sonar.java.ast.parser.grammar.types.TypeParameterTest
[INFO] Running org.sonar.java.model.declaration.RequiresDirectiveTreeImplTest
[INFO] Tests run: 4, Failures: 0, Errors: 0, Skipped: 0, Time elapsed: 0.026 s - in org.sonar.java.model.declaration.RequiresDirectiveTreeImplTest
[INFO] Running org.sonar.java.JavaTestClasspathTest
[INFO] Tests run: 5, Failures: 0, Errors: 0, Skipped: 0, Time elapsed: 0.087 s - in org.sonar.java.JavaTestClasspathTest
[INFO] Running org.sonar.java.se.symbolicvalues.RelationalSymbolicValueTest
[INFO] Tests run: 23, Failures: 0, Errors: 0, Skipped: 0, Time elapsed: 0.415 s - in org.sonar.java.se.symbolicvalues.RelationalSymbolicValueTest
[INFO] Running org.sonar.java.resolve.JavaSymbolTest
[INFO] Tests run: 11, Failures: 0, Errors: 0, Skipped: 0, Time elapsed: 0.141 s - in org.sonar.java.resolve.JavaSymbolTest
[INFO] Running org.sonar.plugins.java.api.IssuableSubscriptionVisitorTest
[INFO] Tests run: 1, Failures: 0, Errors: 0, Skipped: 0, Time elapsed: 0.022 s - in org.sonar.plugins.java.api.IssuableSubscriptionVisitorTest
[INFO] Running org.sonar.java.JavaClasspathTest
[INFO] Tests run: 29, Failures: 0, Errors: 0, Skipped: 0, Time elapsed: 0.167 s - in org.sonar.java.JavaClasspathTest
[INFO] Running org.sonar.java.ast.parser.grammar.units.TypeDeclarationTest
[INFO] Tests run: 2, Failures: 0, Errors: 0, Skipped: 0, Time elapsed: 0.009 s - in org.sonar.java.ast.parser.grammar.units.TypeDeclarationTest
[INFO] Running org.sonar.java.bytecode.loader.SquidClassLoaderTest
[INFO] Tests run: 9, Failures: 0, Errors: 0, Skipped: 0, Time elapsed: 0.025 s - in org.sonar.java.bytecode.loader.SquidClassLoaderTest
[INFO] Running org.sonar.java.se.constraint.TypedConstraintTest
[INFO] Tests run: 1, Failures: 0, Errors: 0, Skipped: 0, Time elapsed: 0.003 s - in org.sonar.java.se.constraint.TypedConstraintTest
[INFO] Running org.sonar.java.ast.parser.grammar.statements.LocalVariableDeclarationStatementTest
[INFO] Tests run: 1, Failures: 0, Errors: 0, Skipped: 0, Time elapsed: 0.007 s - in org.sonar.java.ast.parser.grammar.statements.LocalVariableDeclarationStatementTest
[INFO] Running org.sonar.java.model.LiteralUtilsTest
[INFO] Tests run: 4, Failures: 0, Errors: 0, Skipped: 0, Time elapsed: 0.045 s - in org.sonar.java.model.LiteralUtilsTest
[INFO] Running org.sonar.java.se.xproc.MethodYieldTest
[ERROR] Tests run: 12, Failures: 0, Errors: 1, Skipped: 0, Time elapsed: 0.379 s <<< FAILURE! - in org.sonar.java.se.xproc.MethodYieldTest
[ERROR] test_yield_on_reassignments(org.sonar.java.se.xproc.MethodYieldTest)  Time elapsed: 0.065 s  <<< ERROR!
org.sonar.java.bytecode.se.BytecodeEGWalker$BytecodeAnalysisException: Failed dataflow analysis for java.lang.String#toLowerCase()Ljava/lang/String;
	at org.sonar.java.se.xproc.MethodYieldTest.test_yield_on_reassignments(MethodYieldTest.java:109)
Caused by: org.sonar.java.bytecode.se.BytecodeEGWalker$BytecodeAnalysisException: Failed dataflow analysis for java.lang.String#toLowerCase(Ljava/util/Locale;)Ljava/lang/String;
	at org.sonar.java.se.xproc.MethodYieldTest.test_yield_on_reassignments(MethodYieldTest.java:109)
Caused by: org.sonar.java.bytecode.se.BytecodeEGWalker$BytecodeAnalysisException: Failed dataflow analysis for java.lang.ConditionalSpecialCasing#toLowerCaseEx(Ljava/lang/String;ILjava/util/Locale;)I
	at org.sonar.java.se.xproc.MethodYieldTest.test_yield_on_reassignments(MethodYieldTest.java:109)
Caused by: org.sonar.java.bytecode.se.BytecodeEGWalker$BytecodeAnalysisException: Failed dataflow analysis for java.lang.ConditionalSpecialCasing#lookUpTable(Ljava/lang/String;ILjava/util/Locale;Z)[C
	at org.sonar.java.se.xproc.MethodYieldTest.test_yield_on_reassignments(MethodYieldTest.java:109)
Caused by: org.sonar.java.bytecode.se.BytecodeEGWalker$BytecodeAnalysisException: Failed dataflow analysis for java.lang.ConditionalSpecialCasing#isConditionMet(Ljava/lang/String;ILjava/util/Locale;I)Z
	at org.sonar.java.se.xproc.MethodYieldTest.test_yield_on_reassignments(MethodYieldTest.java:109)
Caused by: org.sonar.java.bytecode.se.BytecodeEGWalker$BytecodeAnalysisException: Failed dataflow analysis for java.lang.ConditionalSpecialCasing#isAfterSoftDotted(Ljava/lang/String;I)Z
	at org.sonar.java.se.xproc.MethodYieldTest.test_yield_on_reassignments(MethodYieldTest.java:109)
Caused by: org.sonar.java.bytecode.se.BytecodeEGWalker$BytecodeAnalysisException: Failed dataflow analysis for sun.text.Normalizer#getCombiningClass(I)I
	at org.sonar.java.se.xproc.MethodYieldTest.test_yield_on_reassignments(MethodYieldTest.java:109)
Caused by: org.sonar.java.bytecode.se.BytecodeEGWalker$BytecodeAnalysisException: Failed dataflow analysis for sun.text.normalizer.NormalizerImpl#getCombiningClass(I)I
	at org.sonar.java.se.xproc.MethodYieldTest.test_yield_on_reassignments(MethodYieldTest.java:109)
Caused by: org.sonar.java.bytecode.se.BytecodeEGWalker$BytecodeAnalysisException: Failed dataflow analysis for sun.text.normalizer.NormalizerImpl#getNorm32(I)J
	at org.sonar.java.se.xproc.MethodYieldTest.test_yield_on_reassignments(MethodYieldTest.java:109)
Caused by: org.sonar.java.bytecode.se.BytecodeEGWalker$BytecodeAnalysisException: Failed dataflow analysis for sun.text.normalizer.IntTrie#getCodePointValue(I)I
	at org.sonar.java.se.xproc.MethodYieldTest.test_yield_on_reassignments(MethodYieldTest.java:109)
Caused by: java.lang.NullPointerException
	at org.sonar.java.se.xproc.MethodYieldTest.test_yield_on_reassignments(MethodYieldTest.java:109)

[INFO] Running org.sonar.java.resolve.TypeSubstitutionSolverTest
[INFO] Tests run: 19, Failures: 0, Errors: 0, Skipped: 0, Time elapsed: 0.365 s - in org.sonar.java.resolve.TypeSubstitutionSolverTest
[INFO] Running org.sonar.java.bytecode.cfg.BytecodeCFGConstructionTest
[INFO] Tests run: 156, Failures: 0, Errors: 0, Skipped: 0, Time elapsed: 0.139 s - in org.sonar.java.bytecode.cfg.BytecodeCFGConstructionTest
[INFO] Running org.sonar.java.resolve.LeastUpperBoundTest
[INFO] Tests run: 19, Failures: 0, Errors: 0, Skipped: 0, Time elapsed: 0.294 s - in org.sonar.java.resolve.LeastUpperBoundTest
[INFO] Running org.sonar.java.ast.parser.grammar.statements.ResourceTest
[INFO] Tests run: 2, Failures: 0, Errors: 0, Skipped: 0, Time elapsed: 0.008 s - in org.sonar.java.ast.parser.grammar.statements.ResourceTest
[INFO] Running org.sonar.java.ast.parser.grammar.statements.ExpressionStatementTest
[INFO] Tests run: 1, Failures: 0, Errors: 0, Skipped: 0, Time elapsed: 0.005 s - in org.sonar.java.ast.parser.grammar.statements.ExpressionStatementTest
[INFO] Running org.sonar.java.matcher.NameCriteriaTest
[INFO] Tests run: 3, Failures: 0, Errors: 0, Skipped: 0, Time elapsed: 0.004 s - in org.sonar.java.matcher.NameCriteriaTest
[INFO] Running org.sonar.java.bytecode.loader.JarLoaderTest
[INFO] Tests run: 5, Failures: 0, Errors: 0, Skipped: 0, Time elapsed: 0.006 s - in org.sonar.java.bytecode.loader.JarLoaderTest
[INFO] Running org.sonar.java.resolve.ConvertTest
[INFO] Tests run: 8, Failures: 0, Errors: 0, Skipped: 0, Time elapsed: 0.004 s - in org.sonar.java.resolve.ConvertTest
[INFO] Running org.sonar.java.bytecode.se.BytecodeSECheckTest
[INFO] Tests run: 6, Failures: 0, Errors: 0, Skipped: 0, Time elapsed: 0.042 s - in org.sonar.java.bytecode.se.BytecodeSECheckTest
[INFO] Running org.sonar.java.model.declaration.ClassTreeImplTest
[INFO] Tests run: 2, Failures: 0, Errors: 0, Skipped: 0, Time elapsed: 0.021 s - in org.sonar.java.model.declaration.ClassTreeImplTest
[INFO] Running org.sonar.java.se.xproc.MethodBehaviorTest
[INFO] Tests run: 3, Failures: 0, Errors: 0, Skipped: 0, Time elapsed: 0.092 s - in org.sonar.java.se.xproc.MethodBehaviorTest
[INFO] Running org.sonar.java.ast.parser.grammar.statements.FinallyTest
[INFO] Tests run: 1, Failures: 0, Errors: 0, Skipped: 0, Time elapsed: 0.005 s - in org.sonar.java.ast.parser.grammar.statements.FinallyTest
[INFO] Running org.sonar.java.JavaConstantsTest
[INFO] Tests run: 1, Failures: 0, Errors: 0, Skipped: 0, Time elapsed: 0.003 s - in org.sonar.java.JavaConstantsTest
[INFO] Running org.sonar.java.ast.parser.grammar.moduledirectives.UsesDirectiveTest
[INFO] Tests run: 1, Failures: 0, Errors: 0, Skipped: 0, Time elapsed: 0.006 s - in org.sonar.java.ast.parser.grammar.moduledirectives.UsesDirectiveTest
[INFO] Running org.sonar.java.se.checks.MapComputeIfAbsentOrPresentCheckTest
[INFO] Tests run: 1, Failures: 0, Errors: 0, Skipped: 0, Time elapsed: 0.131 s - in org.sonar.java.se.checks.MapComputeIfAbsentOrPresentCheckTest
[INFO] Running org.sonar.java.xml.XPathXmlCheckTest
[INFO] Tests run: 4, Failures: 0, Errors: 0, Skipped: 0, Time elapsed: 0.198 s - in org.sonar.java.xml.XPathXmlCheckTest
[INFO] Running org.sonar.java.se.LearnedConstraintTest
[INFO] Tests run: 1, Failures: 0, Errors: 0, Skipped: 0, Time elapsed: 0.004 s - in org.sonar.java.se.LearnedConstraintTest
[INFO] Running org.sonar.java.resolve.SymbolTableTest
[INFO] Tests run: 70, Failures: 0, Errors: 0, Skipped: 0, Time elapsed: 1.85 s - in org.sonar.java.resolve.SymbolTableTest
[INFO] Running org.sonar.java.ast.parser.grammar.moduledirectives.ProvidesDirectiveTest
[INFO] Tests run: 1, Failures: 0, Errors: 0, Skipped: 0, Time elapsed: 0.007 s - in org.sonar.java.ast.parser.grammar.moduledirectives.ProvidesDirectiveTest
[INFO] Running org.sonar.java.ast.parser.grammar.CornerCasesTest
[INFO] Tests run: 1, Failures: 0, Errors: 0, Skipped: 0, Time elapsed: 0.059 s - in org.sonar.java.ast.parser.grammar.CornerCasesTest
[INFO] Running org.sonar.java.se.checks.NonNullSetToNullCheckTest
[INFO] Tests run: 1, Failures: 0, Errors: 0, Skipped: 0, Time elapsed: 0.105 s - in org.sonar.java.se.checks.NonNullSetToNullCheckTest
[INFO] Running org.sonar.java.resolve.SymbolsTest
[INFO] Tests run: 4, Failures: 0, Errors: 0, Skipped: 0, Time elapsed: 0.008 s - in org.sonar.java.resolve.SymbolsTest
[INFO] Running org.sonar.java.se.JavaCheckVerifierTest
[INFO] Tests run: 30, Failures: 0, Errors: 0, Skipped: 0, Time elapsed: 0.737 s - in org.sonar.java.se.JavaCheckVerifierTest
[INFO] Running org.sonar.java.ast.parser.grammar.classes.MemberDeclTest
[INFO] Tests run: 1, Failures: 0, Errors: 0, Skipped: 0, Time elapsed: 0.006 s - in org.sonar.java.ast.parser.grammar.classes.MemberDeclTest
[INFO] Running org.sonar.java.bytecode.se.BytecodeEGWalkerTest
[INFO] Tests run: 10, Failures: 0, Errors: 0, Skipped: 0, Time elapsed: 1.275 s - in org.sonar.java.bytecode.se.BytecodeEGWalkerTest
[INFO] Running org.sonar.java.se.constraint.ConstraintsByDomainTest
[INFO] Tests run: 8, Failures: 0, Errors: 0, Skipped: 0, Time elapsed: 0.006 s - in org.sonar.java.se.constraint.ConstraintsByDomainTest
[INFO] Running org.sonar.java.cfg.CFGLoopTest
[INFO] Tests run: 14, Failures: 0, Errors: 0, Skipped: 0, Time elapsed: 0.026 s - in org.sonar.java.cfg.CFGLoopTest
[INFO] Running org.sonar.java.xml.maven.PomCheckContextImplTest
[INFO] Tests run: 6, Failures: 0, Errors: 0, Skipped: 0, Time elapsed: 0.242 s - in org.sonar.java.xml.maven.PomCheckContextImplTest
[INFO] Running org.sonar.java.se.checks.RedundantAssignmentsCheckTest
[INFO] Tests run: 1, Failures: 0, Errors: 0, Skipped: 0, Time elapsed: 0.055 s - in org.sonar.java.se.checks.RedundantAssignmentsCheckTest
[INFO] Running org.sonar.java.se.symbolicvalues.SymbolicValueTest
[INFO] Tests run: 6, Failures: 0, Errors: 0, Skipped: 0, Time elapsed: 0.005 s - in org.sonar.java.se.symbolicvalues.SymbolicValueTest
[INFO] Running org.sonar.java.collections.AVLTreeTest
[INFO] Tests run: 9, Failures: 0, Errors: 0, Skipped: 0, Time elapsed: 0.009 s - in org.sonar.java.collections.AVLTreeTest
[INFO] Running org.sonar.java.se.checks.LocksNotUnlockedCheckTest
[INFO] Tests run: 3, Failures: 0, Errors: 0, Skipped: 0, Time elapsed: 0.187 s - in org.sonar.java.se.checks.LocksNotUnlockedCheckTest
[INFO] Running org.sonar.java.collections.SinglyLinkedListTest
[INFO] Tests run: 8, Failures: 0, Errors: 0, Skipped: 0, Time elapsed: 0.008 s - in org.sonar.java.collections.SinglyLinkedListTest
[INFO] Running org.sonar.java.xml.maven.PomParserTest
[INFO] Tests run: 9, Failures: 0, Errors: 0, Skipped: 0, Time elapsed: 0.787 s - in org.sonar.java.xml.maven.PomParserTest
[INFO] Running org.sonar.java.JavaFilesCacheTest
[INFO] Tests run: 1, Failures: 0, Errors: 0, Skipped: 0, Time elapsed: 0.021 s - in org.sonar.java.JavaFilesCacheTest
[INFO] Running org.sonar.java.ast.parser.grammar.types.TypeParametersTest
[INFO] Tests run: 1, Failures: 0, Errors: 0, Skipped: 0, Time elapsed: 0.006 s - in org.sonar.java.ast.parser.grammar.types.TypeParametersTest
[INFO] Running org.sonar.java.ast.parser.grammar.literals.KeywordTest
[INFO] Tests run: 1, Failures: 0, Errors: 0, Skipped: 0, Time elapsed: 0.008 s - in org.sonar.java.ast.parser.grammar.literals.KeywordTest
[INFO] Running org.sonar.java.ast.parser.grammar.statements.BlockTest
[INFO] Tests run: 1, Failures: 0, Errors: 0, Skipped: 0, Time elapsed: 0.006 s - in org.sonar.java.ast.parser.grammar.statements.BlockTest
[INFO] Running org.sonar.java.matcher.MethodMatcherCollectionTest
[INFO] Tests run: 9, Failures: 0, Errors: 0, Skipped: 0, Time elapsed: 0.172 s - in org.sonar.java.matcher.MethodMatcherCollectionTest
[INFO] Running org.sonar.java.ast.parser.grammar.statements.StatementTest
[INFO] Tests run: 1, Failures: 0, Errors: 0, Skipped: 0, Time elapsed: 0.008 s - in org.sonar.java.ast.parser.grammar.statements.StatementTest
[INFO] Running org.sonar.java.resolve.LambdaBlockReturnVisitorTest
[INFO] Tests run: 1, Failures: 0, Errors: 0, Skipped: 0, Time elapsed: 0.021 s - in org.sonar.java.resolve.LambdaBlockReturnVisitorTest
[INFO] Running org.sonar.java.resolve.TypeInferenceSolverTest
[INFO] Tests run: 5, Failures: 0, Errors: 0, Skipped: 0, Time elapsed: 0.042 s - in org.sonar.java.resolve.TypeInferenceSolverTest
[INFO] Running org.sonar.java.collections.PCollectionsTest
[INFO] Tests run: 2, Failures: 0, Errors: 0, Skipped: 0, Time elapsed: 0.003 s - in org.sonar.java.collections.PCollectionsTest
[INFO] Running org.sonar.java.se.xproc.ExceptionalYieldTest
[INFO] Tests run: 5, Failures: 0, Errors: 0, Skipped: 0, Time elapsed: 0.114 s - in org.sonar.java.se.xproc.ExceptionalYieldTest
[INFO] Running org.sonar.java.bytecode.cfg.BytecodeListingParserTest
[INFO] Tests run: 2, Failures: 0, Errors: 0, Skipped: 0, Time elapsed: 0.006 s - in org.sonar.java.bytecode.cfg.BytecodeListingParserTest
[INFO] Running org.sonar.java.resolve.TypeSubstitutionTest
[INFO] Tests run: 10, Failures: 0, Errors: 0, Skipped: 0, Time elapsed: 0.005 s - in org.sonar.java.resolve.TypeSubstitutionTest
[INFO] Running org.sonar.java.ast.parser.grammar.statements.SynchronizedStatementTest
[INFO] Tests run: 1, Failures: 0, Errors: 0, Skipped: 0, Time elapsed: 0.006 s - in org.sonar.java.ast.parser.grammar.statements.SynchronizedStatementTest
[INFO] Running org.sonar.java.se.ExpectationsParserTest
[INFO] Tests run: 19, Failures: 0, Errors: 0, Skipped: 0, Time elapsed: 0.049 s - in org.sonar.java.se.ExpectationsParserTest
[INFO] Running org.sonar.java.ast.parser.grammar.literals.IntegerLiteralTest
[INFO] Tests run: 2, Failures: 0, Errors: 0, Skipped: 0, Time elapsed: 0.056 s - in org.sonar.java.ast.parser.grammar.literals.IntegerLiteralTest
[INFO] Running org.sonar.java.CommonsCollectionsTest
[INFO] Tests run: 1, Failures: 0, Errors: 0, Skipped: 0, Time elapsed: 6.239 s - in org.sonar.java.CommonsCollectionsTest
[INFO] Running org.sonar.java.model.PackageUtilsTest
[INFO] Tests run: 4, Failures: 0, Errors: 0, Skipped: 0, Time elapsed: 0.006 s - in org.sonar.java.model.PackageUtilsTest
[INFO] Running org.sonar.java.matcher.MethodMatcherTest
[INFO] Tests run: 19, Failures: 0, Errors: 0, Skipped: 0, Time elapsed: 0.16 s - in org.sonar.java.matcher.MethodMatcherTest
[INFO] Running org.sonar.java.ast.parser.grammar.types.TypeArgumentsTest
[INFO] Tests run: 1, Failures: 0, Errors: 0, Skipped: 0, Time elapsed: 0.003 s - in org.sonar.java.ast.parser.grammar.types.TypeArgumentsTest
[INFO] Running org.sonar.java.ast.parser.grammar.parameters.FormalParameterDeclsRestTest
[INFO] Tests run: 2, Failures: 0, Errors: 0, Skipped: 0, Time elapsed: 0.004 s - in org.sonar.java.ast.parser.grammar.parameters.FormalParameterDeclsRestTest
[INFO] Running org.sonar.java.ast.parser.grammar.statements.IfStatementTest
[INFO] Tests run: 1, Failures: 0, Errors: 0, Skipped: 0, Time elapsed: 0.002 s - in org.sonar.java.ast.parser.grammar.statements.IfStatementTest
[INFO] Running org.sonar.java.se.FlowTest
[INFO] Tests run: 2, Failures: 0, Errors: 0, Skipped: 0, Time elapsed: 0.001 s - in org.sonar.java.se.FlowTest
[INFO] Running org.sonar.java.se.constraint.ConstraintManagerTest
[INFO] Tests run: 17, Failures: 0, Errors: 0, Skipped: 0, Time elapsed: 0.026 s - in org.sonar.java.se.constraint.ConstraintManagerTest
[INFO] Running org.sonar.java.ast.parser.grammar.literals.FloatLiteralTest
[INFO] Tests run: 2, Failures: 0, Errors: 0, Skipped: 0, Time elapsed: 0.027 s - in org.sonar.java.ast.parser.grammar.literals.FloatLiteralTest
[INFO] Running org.sonar.java.ast.parser.JavaParserTest
[INFO] Tests run: 2, Failures: 0, Errors: 0, Skipped: 0, Time elapsed: 0.006 s - in org.sonar.java.ast.parser.JavaParserTest
[INFO] Running org.sonar.java.resolve.ResolveTest
[INFO] Tests run: 6, Failures: 0, Errors: 0, Skipped: 0, Time elapsed: 0.023 s - in org.sonar.java.resolve.ResolveTest
[INFO] Running org.sonar.java.resolve.GenericsTest
[INFO] Tests run: 27, Failures: 0, Errors: 0, Skipped: 0, Time elapsed: 0.539 s - in org.sonar.java.resolve.GenericsTest
[INFO] Running org.sonar.java.model.ModifiersUtilsTest
[INFO] Tests run: 3, Failures: 0, Errors: 0, Skipped: 0, Time elapsed: 0.007 s - in org.sonar.java.model.ModifiersUtilsTest
[INFO] Running org.sonar.java.ast.parser.grammar.statements.BlockStatementsTest
[INFO] Tests run: 1, Failures: 0, Errors: 0, Skipped: 0, Time elapsed: 0.005 s - in org.sonar.java.ast.parser.grammar.statements.BlockStatementsTest
[INFO] Running org.sonar.java.se.checks.StreamNotConsumedCheckTest
[INFO] Tests run: 1, Failures: 0, Errors: 0, Skipped: 0, Time elapsed: 0.134 s - in org.sonar.java.se.checks.StreamNotConsumedCheckTest
[INFO] Running org.sonar.java.ast.parser.grammar.moduledirectives.RequiresDirectiveTest
[INFO] Tests run: 3, Failures: 0, Errors: 0, Skipped: 0, Time elapsed: 0.019 s - in org.sonar.java.ast.parser.grammar.moduledirectives.RequiresDirectiveTest
[INFO] Running org.sonar.java.se.checks.OptionalGetBeforeIsPresentCheckTest
[INFO] Tests run: 2, Failures: 0, Errors: 0, Skipped: 0, Time elapsed: 0.119 s - in org.sonar.java.se.checks.OptionalGetBeforeIsPresentCheckTest
[INFO] Running org.sonar.java.se.xproc.HappyPathYieldTest
[INFO] Tests run: 3, Failures: 0, Errors: 0, Skipped: 0, Time elapsed: 0.021 s - in org.sonar.java.se.xproc.HappyPathYieldTest
[INFO] Running org.sonar.java.ast.visitors.SonarSymbolTableVisitorTest
[INFO] Tests run: 1, Failures: 0, Errors: 0, Skipped: 0, Time elapsed: 0.028 s - in org.sonar.java.ast.visitors.SonarSymbolTableVisitorTest
[INFO] Running org.sonar.java.ast.visitors.FileLinesVisitorTest
[INFO] Tests run: 5, Failures: 0, Errors: 0, Skipped: 0, Time elapsed: 0.343 s - in org.sonar.java.ast.visitors.FileLinesVisitorTest
[INFO] Running org.sonar.java.ast.parser.grammar.enums.EnumDeclarationTest
[INFO] Tests run: 2, Failures: 0, Errors: 0, Skipped: 0, Time elapsed: 0 s - in org.sonar.java.ast.parser.grammar.enums.EnumDeclarationTest
[INFO] Running org.sonar.java.se.checks.FlowComputationTest
[INFO] Tests run: 18, Failures: 0, Errors: 0, Skipped: 0, Time elapsed: 0.845 s - in org.sonar.java.se.checks.FlowComputationTest
[INFO] Running org.sonar.java.ast.parser.grammar.statements.WhileStatementTest
[INFO] Tests run: 1, Failures: 0, Errors: 0, Skipped: 0, Time elapsed: 0.005 s - in org.sonar.java.ast.parser.grammar.statements.WhileStatementTest
[INFO] Running org.sonar.java.resolve.SafetyNetTest
[INFO] Tests run: 1, Failures: 0, Errors: 0, Skipped: 0, Time elapsed: 27.433 s - in org.sonar.java.resolve.SafetyNetTest
[INFO] Running org.sonar.java.ast.parser.ListTreeImplTest
[INFO] Tests run: 2, Failures: 0, Errors: 0, Skipped: 0, Time elapsed: 0 s - in org.sonar.java.ast.parser.ListTreeImplTest
[INFO] Running org.sonar.java.se.ProgramStateTest
[INFO] Tests run: 14, Failures: 0, Errors: 0, Skipped: 0, Time elapsed: 0.007 s - in org.sonar.java.se.ProgramStateTest
[INFO] Running org.sonar.java.ast.parser.grammar.statements.ReturnStatementTest
[INFO] Tests run: 1, Failures: 0, Errors: 0, Skipped: 0, Time elapsed: 0.005 s - in org.sonar.java.ast.parser.grammar.statements.ReturnStatementTest
[INFO] Running org.sonar.java.ast.parser.grammar.statements.SwitchBlockStatementGroupTest
[INFO] Tests run: 1, Failures: 0, Errors: 0, Skipped: 0, Time elapsed: 0.003 s - in org.sonar.java.ast.parser.grammar.statements.SwitchBlockStatementGroupTest
[INFO] Running org.sonar.java.se.BehaviorCacheTest
[ERROR] Tests run: 14, Failures: 0, Errors: 2, Skipped: 0, Time elapsed: 2.604 s <<< FAILURE! - in org.sonar.java.se.BehaviorCacheTest
[ERROR] apache_lang_validate(org.sonar.java.se.BehaviorCacheTest)  Time elapsed: 0.025 s  <<< ERROR!
org.sonar.java.bytecode.se.BytecodeEGWalker$BytecodeAnalysisException: Failed dataflow analysis for org.apache.commons.lang3.Validate#notEmpty(Ljava/util/Collection;)Ljava/util/Collection;
	at org.sonar.java.se.BehaviorCacheTest.verifyNoIssueOnFile(BehaviorCacheTest.java:178)
	at org.sonar.java.se.BehaviorCacheTest.apache_lang_validate(BehaviorCacheTest.java:152)
Caused by: org.sonar.java.bytecode.se.BytecodeEGWalker$BytecodeAnalysisException: Failed dataflow analysis for org.apache.commons.lang3.Validate#notEmpty(Ljava/util/Collection;Ljava/lang/String;[Ljava/lang/Object;)Ljava/util/Collection;
	at org.sonar.java.se.BehaviorCacheTest.verifyNoIssueOnFile(BehaviorCacheTest.java:178)
	at org.sonar.java.se.BehaviorCacheTest.apache_lang_validate(BehaviorCacheTest.java:152)
Caused by: org.sonar.java.bytecode.se.BytecodeEGWalker$BytecodeAnalysisException: Failed dataflow analysis for java.lang.String#format(Ljava/lang/String;[Ljava/lang/Object;)Ljava/lang/String;
	at org.sonar.java.se.BehaviorCacheTest.verifyNoIssueOnFile(BehaviorCacheTest.java:178)
	at org.sonar.java.se.BehaviorCacheTest.apache_lang_validate(BehaviorCacheTest.java:152)
Caused by: org.sonar.java.bytecode.se.BytecodeEGWalker$BytecodeAnalysisException: Failed dataflow analysis for java.util.Formatter#<init>()V
	at org.sonar.java.se.BehaviorCacheTest.verifyNoIssueOnFile(BehaviorCacheTest.java:178)
	at org.sonar.java.se.BehaviorCacheTest.apache_lang_validate(BehaviorCacheTest.java:152)
Caused by: org.sonar.java.bytecode.se.BytecodeEGWalker$BytecodeAnalysisException: Failed dataflow analysis for java.util.Locale#getDefault(Ljava/util/Locale$Category;)Ljava/util/Locale;
	at org.sonar.java.se.BehaviorCacheTest.verifyNoIssueOnFile(BehaviorCacheTest.java:178)
	at org.sonar.java.se.BehaviorCacheTest.apache_lang_validate(BehaviorCacheTest.java:152)
Caused by: java.lang.NullPointerException
	at org.sonar.java.se.BehaviorCacheTest.verifyNoIssueOnFile(BehaviorCacheTest.java:178)
	at org.sonar.java.se.BehaviorCacheTest.apache_lang_validate(BehaviorCacheTest.java:152)

[ERROR] clear_stack_when_taking_exceptional_path_from_method_invocation(org.sonar.java.se.BehaviorCacheTest)  Time elapsed: 0.027 s  <<< ERROR!
org.sonar.java.bytecode.se.BytecodeEGWalker$BytecodeAnalysisException: Failed dataflow analysis for java.lang.reflect.Method#invoke(Ljava/lang/Object;[Ljava/lang/Object;)Ljava/lang/Object;
	at org.sonar.java.se.BehaviorCacheTest.clear_stack_when_taking_exceptional_path_from_method_invocation(BehaviorCacheTest.java:116)
Caused by: java.lang.NullPointerException
	at org.sonar.java.se.BehaviorCacheTest.clear_stack_when_taking_exceptional_path_from_method_invocation(BehaviorCacheTest.java:116)

[INFO] Running org.sonar.java.model.TreeTokenCompletenessTest
[INFO] Tests run: 1, Failures: 0, Errors: 0, Skipped: 0, Time elapsed: 0.042 s - in org.sonar.java.model.TreeTokenCompletenessTest
[INFO] Running org.sonar.java.resolve.MethodJavaTypeTest
[INFO] Tests run: 4, Failures: 0, Errors: 0, Skipped: 0, Time elapsed: 0.003 s - in org.sonar.java.resolve.MethodJavaTypeTest
[INFO] Running org.sonar.java.model.DefaultJavaFileScannerContextTest
[INFO] Tests run: 5, Failures: 0, Errors: 0, Skipped: 0, Time elapsed: 0.02 s - in org.sonar.java.model.DefaultJavaFileScannerContextTest
[INFO] Running org.sonar.java.model.VisitorsBridgeTest
[INFO] Tests run: 2, Failures: 0, Errors: 0, Skipped: 0, Time elapsed: 0.019 s - in org.sonar.java.model.VisitorsBridgeTest
[INFO] Running org.sonar.java.ast.parser.grammar.literals.CharacterLiteralTest
[INFO] Tests run: 1, Failures: 0, Errors: 0, Skipped: 0, Time elapsed: 0.002 s - in org.sonar.java.ast.parser.grammar.literals.CharacterLiteralTest
[INFO] Running org.sonar.java.ast.parser.grammar.literals.LiteralTest
[INFO] Tests run: 1, Failures: 0, Errors: 0, Skipped: 0, Time elapsed: 0.002 s - in org.sonar.java.ast.parser.grammar.literals.LiteralTest
[INFO] Running org.sonar.java.ast.parser.grammar.literals.IdentifierTest
[INFO] Tests run: 1, Failures: 0, Errors: 0, Skipped: 0, Time elapsed: 0.002 s - in org.sonar.java.ast.parser.grammar.literals.IdentifierTest
[INFO] Running org.sonar.java.ast.parser.grammar.statements.BlockStatementTest
[INFO] Tests run: 1, Failures: 0, Errors: 0, Skipped: 0, Time elapsed: 0.003 s - in org.sonar.java.ast.parser.grammar.statements.BlockStatementTest
[INFO] Running org.sonar.java.ast.parser.grammar.types.ModifiersTest
[INFO] Tests run: 1, Failures: 0, Errors: 0, Skipped: 0, Time elapsed: 0.002 s - in org.sonar.java.ast.parser.grammar.types.ModifiersTest
[INFO] Running org.sonar.java.model.declaration.UsesDirectiveTreeImplTest
[INFO] Tests run: 2, Failures: 0, Errors: 0, Skipped: 0, Time elapsed: 0.008 s - in org.sonar.java.model.declaration.UsesDirectiveTreeImplTest
[INFO] Running org.sonar.java.SonarComponentsTest
[INFO] Tests run: 12, Failures: 0, Errors: 0, Skipped: 0, Time elapsed: 0.216 s - in org.sonar.java.SonarComponentsTest
[INFO] Running org.sonar.java.ast.parser.grammar.expressions.RelationalExpressionTest
[INFO] Tests run: 1, Failures: 0, Errors: 0, Skipped: 0, Time elapsed: 0.005 s - in org.sonar.java.ast.parser.grammar.expressions.RelationalExpressionTest
[INFO] Running org.sonar.java.se.xproc.ExceptionalCheckBasedYieldTest
[INFO] Tests run: 5, Failures: 0, Errors: 0, Skipped: 0, Time elapsed: 0.054 s - in org.sonar.java.se.xproc.ExceptionalCheckBasedYieldTest
[INFO] Running org.sonar.java.ast.parser.grammar.parameters.FormalParameterDeclsTest
[INFO] Tests run: 1, Failures: 0, Errors: 0, Skipped: 0, Time elapsed: 0.006 s - in org.sonar.java.ast.parser.grammar.parameters.FormalParameterDeclsTest
[INFO] Running org.sonar.java.ast.parser.grammar.statements.EmptyStatementTest
[INFO] Tests run: 1, Failures: 0, Errors: 0, Skipped: 0, Time elapsed: 0.005 s - in org.sonar.java.ast.parser.grammar.statements.EmptyStatementTest
[INFO] 
[INFO] Results:
[INFO] 
[ERROR] Errors: 
[ERROR]   BehaviorCacheTest.apache_lang_validate:152->verifyNoIssueOnFile:178 » BytecodeAnalysis
[ERROR]   BehaviorCacheTest.clear_stack_when_taking_exceptional_path_from_method_invocation:116 » BytecodeAnalysis
[ERROR]   ExplodedGraphWalkerTest.reproducer:100 » Analysis SonarQube is unable to analy...
[ERROR]   UnclosedResourcesCheckTest.test_streams:69 » Analysis SonarQube is unable to a...
[ERROR]   MethodYieldTest.test_yield_on_reassignments:109 » BytecodeAnalysis Failed data...
[INFO] 
[ERROR] Tests run: 1452, Failures: 0, Errors: 5, Skipped: 0
[INFO] 
[INFO] ------------------------------------------------------------------------
[INFO] Reactor Summary:
[INFO] 
[INFO] SonarJava .......................................... SUCCESS [  2.561 s]
[INFO] SonarQube Java :: Maven model generator ............ SUCCESS [  8.671 s]
[INFO] SonarQube Java :: Front-end ........................ FAILURE [02:08 min]
[INFO] SonarQube Java :: Check Test tool kit .............. SKIPPED
[INFO] SonarQube Java :: Checks ........................... SKIPPED
[INFO] SonarQube Java :: Surefire ......................... SKIPPED
[INFO] java-jacoco-previous ............................... SKIPPED
[INFO] SonarQube Java :: JaCoCo ........................... SKIPPED
[INFO] SonarQube Java :: Plugin ........................... SKIPPED
[INFO] SonarQube Java :: JaCoCo Listeners ................. SKIPPED
[INFO] SonarQube Java :: ITs .............................. SKIPPED
[INFO] SonarQube Java :: ITs :: Performancing ............. SKIPPED
[INFO] SonarQube Java :: ITs :: Plugin .................... SKIPPED
[INFO] SonarQube Java :: ITs :: Plugin :: Plugins ......... SKIPPED
[INFO] SonarQube Java :: ITS :: Plugin :: Java Extension Plugin SKIPPED
[INFO] SonarQube Java :: ITs :: Plugin :: Tests ........... SKIPPED
[INFO] SonarQube Java :: ITs :: Ruling .................... SKIPPED
[INFO] SonarQube Java :: ITs :: Semantic .................. SKIPPED
[INFO] SonarQube Java :: ITS :: Semantic :: Java Debugging Plugin SKIPPED
[INFO] SonarQube Java :: ITs :: Semantic :: Tests ......... SKIPPED
[INFO] ------------------------------------------------------------------------
[INFO] BUILD FAILURE
[INFO] ------------------------------------------------------------------------
[INFO] Total time: 02:21 min
[INFO] Finished at: 2017-11-01T17:38:28Z
[INFO] Final Memory: 50M/961M
[INFO] ------------------------------------------------------------------------
[ERROR] Failed to execute goal org.apache.maven.plugins:maven-surefire-plugin:2.20.1:test (default-test) on project java-frontend: There are test failures.
[ERROR] 
[ERROR] Please refer to /home/travis/build/SonarSource/sonar-java/java-frontend/target/surefire-reports for the individual test results.
[ERROR] Please refer to dump files (if any exist) [date]-jvmRun[N].dump, [date].dumpstream and [date]-jvmRun[N].dumpstream.
[ERROR] -> [Help 1]
org.apache.maven.lifecycle.LifecycleExecutionException: Failed to execute goal org.apache.maven.plugins:maven-surefire-plugin:2.20.1:test (default-test) on project java-frontend: There are test failures.

Please refer to /home/travis/build/SonarSource/sonar-java/java-frontend/target/surefire-reports for the individual test results.
Please refer to dump files (if any exist) [date]-jvmRun[N].dump, [date].dumpstream and [date]-jvmRun[N].dumpstream.
	at org.apache.maven.lifecycle.internal.MojoExecutor.execute(MojoExecutor.java:213)
	at org.apache.maven.lifecycle.internal.MojoExecutor.execute(MojoExecutor.java:154)
	at org.apache.maven.lifecycle.internal.MojoExecutor.execute(MojoExecutor.java:146)
	at org.apache.maven.lifecycle.internal.LifecycleModuleBuilder.buildProject(LifecycleModuleBuilder.java:117)
	at org.apache.maven.lifecycle.internal.LifecycleModuleBuilder.buildProject(LifecycleModuleBuilder.java:81)
	at org.apache.maven.lifecycle.internal.builder.singlethreaded.SingleThreadedBuilder.build(SingleThreadedBuilder.java:51)
	at org.apache.maven.lifecycle.internal.LifecycleStarter.execute(LifecycleStarter.java:128)
	at org.apache.maven.DefaultMaven.doExecute(DefaultMaven.java:309)
	at org.apache.maven.DefaultMaven.doExecute(DefaultMaven.java:194)
	at org.apache.maven.DefaultMaven.execute(DefaultMaven.java:107)
	at org.apache.maven.cli.MavenCli.execute(MavenCli.java:993)
	at org.apache.maven.cli.MavenCli.doMain(MavenCli.java:345)
	at org.apache.maven.cli.MavenCli.main(MavenCli.java:191)
	at sun.reflect.NativeMethodAccessorImpl.invoke0(Native Method)
	at sun.reflect.NativeMethodAccessorImpl.invoke(NativeMethodAccessorImpl.java:62)
	at sun.reflect.DelegatingMethodAccessorImpl.invoke(DelegatingMethodAccessorImpl.java:43)
	at java.lang.reflect.Method.invoke(Method.java:498)
	at org.codehaus.plexus.classworlds.launcher.Launcher.launchEnhanced(Launcher.java:289)
	at org.codehaus.plexus.classworlds.launcher.Launcher.launch(Launcher.java:229)
	at org.codehaus.plexus.classworlds.launcher.Launcher.mainWithExitCode(Launcher.java:415)
	at org.codehaus.plexus.classworlds.launcher.Launcher.main(Launcher.java:356)
Caused by: org.apache.maven.plugin.MojoFailureException: There are test failures.

Please refer to /home/travis/build/SonarSource/sonar-java/java-frontend/target/surefire-reports for the individual test results.
Please refer to dump files (if any exist) [date]-jvmRun[N].dump, [date].dumpstream and [date]-jvmRun[N].dumpstream.
	at org.apache.maven.plugin.surefire.SurefireHelper.throwException(SurefireHelper.java:240)
	at org.apache.maven.plugin.surefire.SurefireHelper.reportExecution(SurefireHelper.java:112)
	at org.apache.maven.plugin.surefire.SurefirePlugin.handleSummary(SurefirePlugin.java:354)
	at org.apache.maven.plugin.surefire.AbstractSurefireMojo.executeAfterPreconditionsChecked(AbstractSurefireMojo.java:984)
	at org.apache.maven.plugin.surefire.AbstractSurefireMojo.execute(AbstractSurefireMojo.java:832)
	at org.apache.maven.plugin.DefaultBuildPluginManager.executeMojo(DefaultBuildPluginManager.java:134)
	at org.apache.maven.lifecycle.internal.MojoExecutor.execute(MojoExecutor.java:208)
	... 20 more
[ERROR] 
[ERROR] Re-run Maven using the -X switch to enable full debug logging.
[ERROR] 
[ERROR] For more information about the errors and possible solutions, please read the following articles:
[ERROR] [Help 1] http://cwiki.apache.org/confluence/display/MAVEN/MojoFailureException
[ERROR] 
[ERROR] After correcting the problems, you can resume the build with the command
[ERROR]   mvn <goals> -rf :java-frontend

travis_time:end:018332c0:start=1509557764048146059,finish=1509557908564747437,duration=144516601378[0K
[31;1mThe command "./travis.sh" exited with 1.[0m
travis_fold:start:before_cache.1[0Ktravis_time:start:02453328[0K$ rm -rf $HOME/.m2/repository/org/sonarsource/java

travis_time:end:02453328:start=1509557908573499234,finish=1509557908581499889,duration=8000655[0Ktravis_fold:end:before_cache.1[0Ktravis_fold:start:before_cache.2[0Ktravis_time:start:08f176aa[0K$ find $HOME/.m2 -name resolver-status.properties -exec rm {} \;

travis_time:end:08f176aa:start=1509557908589655911,finish=1509557908646827934,duration=57172023[0Ktravis_fold:end:before_cache.2[0Ktravis_fold:start:cache.2[0Kstore build cache
travis_time:start:0bf8a5f3[0K
travis_time:end:0bf8a5f3:start=1509557908655258951,finish=1509557908662106156,duration=6847205[0Ktravis_time:start:0b1fa9e0[0K[32;1mnothing changed, not updating cache[0m

travis_time:end:0b1fa9e0:start=1509557908669999296,finish=1509557911159058231,duration=2489058935[0Ktravis_fold:end:cache.2[0K
Done. Your build exited with 1.
This job was cancelled because the "Auto Cancellation" feature is currently enabled, and a more recent build (#12333) for branch enqueue_declared_exceptions came in while this job was waiting to be processed.

