Using worker: worker-linux-docker-043de3ed.prod.travis-ci.org:travis-linux-6

travis_fold:start:system_info[0K[33;1mBuild system information[0m
Build language: java
[34m[1mBuild image provisioning date and time[0m
Thu Feb  5 15:09:33 UTC 2015
[34m[1mOperating System Details[0m
Distributor ID:	Ubuntu
Description:	Ubuntu 12.04.5 LTS
Release:	12.04
Codename:	precise
[34m[1mLinux Version[0m
3.13.0-29-generic
[34m[1mCookbooks Version[0m
a68419e https://github.com/travis-ci/travis-cookbooks/tree/a68419e
[34m[1mGCC version[0m
gcc (Ubuntu/Linaro 4.6.3-1ubuntu5) 4.6.3
Copyright (C) 2011 Free Software Foundation, Inc.
This is free software; see the source for copying conditions.  There is NO
warranty; not even for MERCHANTABILITY or FITNESS FOR A PARTICULAR PURPOSE.

[34m[1mLLVM version[0m
clang version 3.4 (tags/RELEASE_34/final)
Target: x86_64-unknown-linux-gnu
Thread model: posix
[34m[1mPre-installed Ruby versions[0m
ruby-1.9.3-p551
[34m[1mPre-installed Node.js versions[0m
v0.10.36
[34m[1mPre-installed Go versions[0m
1.4.1
[34m[1mRedis version[0m
redis-server 2.8.19
[34m[1mriak version[0m
2.0.2
[34m[1mMongoDB version[0m
MongoDB 2.4.12
[34m[1mCouchDB version[0m
couchdb 1.6.1
[34m[1mNeo4j version[0m
1.9.4
[34m[1mRabbitMQ Version[0m
3.4.3
[34m[1mElasticSearch version[0m
1.4.0
[34m[1mInstalled Sphinx versions[0m
2.0.10
2.1.9
2.2.6
[34m[1mDefault Sphinx version[0m
2.2.6
[34m[1mInstalled Firefox version[0m
firefox 31.0esr
[34m[1mPhantomJS version[0m
1.9.8
[34m[1mant -version[0m
Apache Ant(TM) version 1.8.2 compiled on December 3 2011
[34m[1mmvn -version[0m
Apache Maven 3.2.5 (12a6b3acb947671f09b81f49094c53f426d8cea1; 2014-12-14T17:29:23+00:00)
Maven home: /usr/local/maven
Java version: 1.7.0_76, vendor: Oracle Corporation
Java home: /usr/lib/jvm/java-7-oracle/jre
Default locale: en_US, platform encoding: ANSI_X3.4-1968
OS name: "linux", version: "3.13.0-29-generic", arch: "amd64", family: "unix"
travis_fold:end:system_info[0K
travis_fold:start:git.checkout[0Ktravis_time:start:05260290[0K$ git clone --depth=50 --branch=jw/naming git://github.com/square/retrofit.git square/retrofit
Cloning into 'square/retrofit'...
remote: Counting objects: 1545, done.[K
remote: Compressing objects:   0% (1/833)   [Kremote: Compressing objects:   1% (9/833)   [Kremote: Compressing objects:   2% (17/833)   [Kremote: Compressing objects:   3% (25/833)   [Kremote: Compressing objects:   4% (34/833)   [Kremote: Compressing objects:   5% (42/833)   [Kremote: Compressing objects:   6% (50/833)   [Kremote: Compressing objects:   7% (59/833)   [Kremote: Compressing objects:   8% (67/833)   [Kremote: Compressing objects:   9% (75/833)   [Kremote: Compressing objects:  10% (84/833)   [Kremote: Compressing objects:  11% (92/833)   [Kremote: Compressing objects:  12% (100/833)   [Kremote: Compressing objects:  13% (109/833)   [Kremote: Compressing objects:  14% (117/833)   [Kremote: Compressing objects:  15% (125/833)   [Kremote: Compressing objects:  16% (134/833)   [Kremote: Compressing objects:  17% (142/833)   [Kremote: Compressing objects:  18% (150/833)   [Kremote: Compressing objects:  19% (159/833)   [Kremote: Compressing objects:  20% (167/833)   [Kremote: Compressing objects:  21% (175/833)   [Kremote: Compressing objects:  22% (184/833)   [Kremote: Compressing objects:  23% (192/833)   [Kremote: Compressing objects:  24% (200/833)   [Kremote: Compressing objects:  25% (209/833)   [Kremote: Compressing objects:  26% (217/833)   [Kremote: Compressing objects:  27% (225/833)   [Kremote: Compressing objects:  28% (234/833)   [Kremote: Compressing objects:  29% (242/833)   [Kremote: Compressing objects:  30% (250/833)   [Kremote: Compressing objects:  31% (259/833)   [Kremote: Compressing objects:  32% (267/833)   [Kremote: Compressing objects:  33% (275/833)   [Kremote: Compressing objects:  34% (284/833)   [Kremote: Compressing objects:  35% (292/833)   [Kremote: Compressing objects:  36% (300/833)   [Kremote: Compressing objects:  37% (309/833)   [Kremote: Compressing objects:  38% (317/833)   [Kremote: Compressing objects:  39% (325/833)   [Kremote: Compressing objects:  40% (334/833)   [Kremote: Compressing objects:  41% (342/833)   [Kremote: Compressing objects:  42% (350/833)   [Kremote: Compressing objects:  43% (359/833)   [Kremote: Compressing objects:  44% (367/833)   [Kremote: Compressing objects:  45% (375/833)   [Kremote: Compressing objects:  46% (384/833)   [Kremote: Compressing objects:  47% (392/833)   [Kremote: Compressing objects:  48% (400/833)   [Kremote: Compressing objects:  49% (409/833)   [Kremote: Compressing objects:  50% (417/833)   [Kremote: Compressing objects:  51% (425/833)   [Kremote: Compressing objects:  52% (434/833)   [Kremote: Compressing objects:  53% (442/833)   [Kremote: Compressing objects:  54% (450/833)   [Kremote: Compressing objects:  55% (459/833)   [Kremote: Compressing objects:  56% (467/833)   [Kremote: Compressing objects:  57% (475/833)   [Kremote: Compressing objects:  58% (484/833)   [Kremote: Compressing objects:  59% (492/833)   [Kremote: Compressing objects:  60% (500/833)   [Kremote: Compressing objects:  61% (509/833)   [Kremote: Compressing objects:  62% (517/833)   [Kremote: Compressing objects:  63% (525/833)   [Kremote: Compressing objects:  64% (534/833)   [Kremote: Compressing objects:  65% (542/833)   [Kremote: Compressing objects:  66% (550/833)   [Kremote: Compressing objects:  67% (559/833)   [Kremote: Compressing objects:  68% (567/833)   [Kremote: Compressing objects:  69% (575/833)   [Kremote: Compressing objects:  70% (584/833)   [Kremote: Compressing objects:  71% (592/833)   [Kremote: Compressing objects:  72% (600/833)   [Kremote: Compressing objects:  73% (609/833)   [Kremote: Compressing objects:  74% (617/833)   [Kremote: Compressing objects:  75% (625/833)   [Kremote: Compressing objects:  76% (634/833)   [Kremote: Compressing objects:  77% (642/833)   [Kremote: Compressing objects:  78% (650/833)   [Kremote: Compressing objects:  79% (659/833)   [Kremote: Compressing objects:  80% (667/833)   [Kremote: Compressing objects:  81% (675/833)   [Kremote: Compressing objects:  82% (684/833)   [Kremote: Compressing objects:  83% (692/833)   [Kremote: Compressing objects:  84% (700/833)   [Kremote: Compressing objects:  85% (709/833)   [Kremote: Compressing objects:  86% (717/833)   [Kremote: Compressing objects:  87% (725/833)   [Kremote: Compressing objects:  88% (734/833)   [Kremote: Compressing objects:  89% (742/833)   [Kremote: Compressing objects:  90% (750/833)   [Kremote: Compressing objects:  91% (759/833)   [Kremote: Compressing objects:  92% (767/833)   [Kremote: Compressing objects:  93% (775/833)   [Kremote: Compressing objects:  94% (784/833)   [Kremote: Compressing objects:  95% (792/833)   [Kremote: Compressing objects:  96% (800/833)   [Kremote: Compressing objects:  97% (809/833)   [Kremote: Compressing objects:  98% (817/833)   [Kremote: Compressing objects:  99% (825/833)   [Kremote: Compressing objects: 100% (833/833)   [Kremote: Compressing objects: 100% (833/833), done.[K
Receiving objects:   0% (1/1545)   Receiving objects:   1% (16/1545)   Receiving objects:   2% (31/1545)   Receiving objects:   3% (47/1545)   Receiving objects:   4% (62/1545)   Receiving objects:   5% (78/1545)   Receiving objects:   6% (93/1545)   Receiving objects:   7% (109/1545)   Receiving objects:   8% (124/1545)   Receiving objects:   9% (140/1545)   Receiving objects:  10% (155/1545)   Receiving objects:  11% (170/1545)   Receiving objects:  12% (186/1545)   Receiving objects:  13% (201/1545)   Receiving objects:  14% (217/1545)   Receiving objects:  15% (232/1545)   Receiving objects:  16% (248/1545)   Receiving objects:  17% (263/1545)   Receiving objects:  18% (279/1545)   Receiving objects:  19% (294/1545)   Receiving objects:  20% (309/1545)   Receiving objects:  21% (325/1545)   Receiving objects:  22% (340/1545)   Receiving objects:  23% (356/1545)   Receiving objects:  24% (371/1545)   Receiving objects:  25% (387/1545)   Receiving objects:  26% (402/1545)   Receiving objects:  27% (418/1545)   Receiving objects:  28% (433/1545)   Receiving objects:  29% (449/1545)   Receiving objects:  30% (464/1545)   Receiving objects:  31% (479/1545)   Receiving objects:  32% (495/1545)   Receiving objects:  33% (510/1545)   Receiving objects:  34% (526/1545)   Receiving objects:  35% (541/1545)   Receiving objects:  36% (557/1545)   Receiving objects:  37% (572/1545)   Receiving objects:  38% (588/1545)   Receiving objects:  39% (603/1545)   Receiving objects:  40% (618/1545)   Receiving objects:  41% (634/1545)   Receiving objects:  42% (649/1545)   Receiving objects:  43% (665/1545)   Receiving objects:  44% (680/1545)   Receiving objects:  45% (696/1545)   Receiving objects:  46% (711/1545)   Receiving objects:  47% (727/1545)   Receiving objects:  48% (742/1545)   Receiving objects:  49% (758/1545)   Receiving objects:  50% (773/1545)   Receiving objects:  51% (788/1545)   Receiving objects:  52% (804/1545)   Receiving objects:  53% (819/1545)   Receiving objects:  54% (835/1545)   Receiving objects:  55% (850/1545)   Receiving objects:  56% (866/1545)   Receiving objects:  57% (881/1545)   Receiving objects:  58% (897/1545)   Receiving objects:  59% (912/1545)   Receiving objects:  60% (927/1545)   Receiving objects:  61% (943/1545)   Receiving objects:  62% (958/1545)   remote: Total 1545 (delta 543), reused 1216 (delta 286), pack-reused 0[K
Receiving objects:  63% (974/1545)   Receiving objects:  64% (989/1545)   Receiving objects:  65% (1005/1545)   Receiving objects:  66% (1020/1545)   Receiving objects:  67% (1036/1545)   Receiving objects:  68% (1051/1545)   Receiving objects:  69% (1067/1545)   Receiving objects:  70% (1082/1545)   Receiving objects:  71% (1097/1545)   Receiving objects:  72% (1113/1545)   Receiving objects:  73% (1128/1545)   Receiving objects:  74% (1144/1545)   Receiving objects:  75% (1159/1545)   Receiving objects:  76% (1175/1545)   Receiving objects:  77% (1190/1545)   Receiving objects:  78% (1206/1545)   Receiving objects:  79% (1221/1545)   Receiving objects:  80% (1236/1545)   Receiving objects:  81% (1252/1545)   Receiving objects:  82% (1267/1545)   Receiving objects:  83% (1283/1545)   Receiving objects:  84% (1298/1545)   Receiving objects:  85% (1314/1545)   Receiving objects:  86% (1329/1545)   Receiving objects:  87% (1345/1545)   Receiving objects:  88% (1360/1545)   Receiving objects:  89% (1376/1545)   Receiving objects:  90% (1391/1545)   Receiving objects:  91% (1406/1545)   Receiving objects:  92% (1422/1545)   Receiving objects:  93% (1437/1545)   Receiving objects:  94% (1453/1545)   Receiving objects:  95% (1468/1545)   Receiving objects:  96% (1484/1545)   Receiving objects:  97% (1499/1545)   Receiving objects:  98% (1515/1545)   Receiving objects:  99% (1530/1545)   Receiving objects: 100% (1545/1545)   Receiving objects: 100% (1545/1545), 369.27 KiB | 0 bytes/s, done.
Resolving deltas:   0% (0/543)   Resolving deltas:   3% (19/543)   Resolving deltas:   4% (24/543)   Resolving deltas:   6% (37/543)   Resolving deltas:   7% (41/543)   Resolving deltas:   9% (54/543)   Resolving deltas:  15% (86/543)   Resolving deltas:  17% (93/543)   Resolving deltas:  18% (99/543)   Resolving deltas:  19% (106/543)   Resolving deltas:  20% (113/543)   Resolving deltas:  22% (122/543)   Resolving deltas:  24% (132/543)   Resolving deltas:  25% (140/543)   Resolving deltas:  27% (147/543)   Resolving deltas:  28% (153/543)   Resolving deltas:  34% (188/543)   Resolving deltas:  36% (196/543)   Resolving deltas:  37% (205/543)   Resolving deltas:  39% (212/543)   Resolving deltas:  40% (220/543)   Resolving deltas:  41% (224/543)   Resolving deltas:  45% (249/543)   Resolving deltas:  47% (259/543)   Resolving deltas:  48% (265/543)   Resolving deltas:  49% (268/543)   Resolving deltas:  50% (273/543)   Resolving deltas:  51% (280/543)   Resolving deltas:  52% (287/543)   Resolving deltas:  53% (291/543)   Resolving deltas:  54% (295/543)   Resolving deltas:  57% (312/543)   Resolving deltas:  58% (317/543)   Resolving deltas:  59% (323/543)   Resolving deltas:  60% (327/543)   Resolving deltas:  62% (339/543)   Resolving deltas:  63% (343/543)   Resolving deltas:  64% (350/543)   Resolving deltas:  65% (353/543)   Resolving deltas:  66% (359/543)   Resolving deltas:  67% (367/543)   Resolving deltas:  68% (371/543)   Resolving deltas:  70% (384/543)   Resolving deltas:  71% (387/543)   Resolving deltas:  73% (399/543)   Resolving deltas:  74% (402/543)   Resolving deltas:  75% (408/543)   Resolving deltas:  76% (415/543)   Resolving deltas:  77% (419/543)   Resolving deltas:  78% (427/543)   Resolving deltas:  79% (431/543)   Resolving deltas:  80% (436/543)   Resolving deltas:  81% (442/543)   Resolving deltas:  82% (447/543)   Resolving deltas:  83% (451/543)   Resolving deltas:  84% (461/543)   Resolving deltas:  85% (462/543)   Resolving deltas:  86% (469/543)   Resolving deltas:  87% (477/543)   Resolving deltas:  88% (478/543)   Resolving deltas:  89% (484/543)   Resolving deltas:  90% (489/543)   Resolving deltas:  91% (496/543)   Resolving deltas:  92% (500/543)   Resolving deltas:  93% (506/543)   Resolving deltas:  96% (523/543)   Resolving deltas:  98% (535/543)   Resolving deltas:  99% (541/543)   Resolving deltas: 100% (543/543)   Resolving deltas: 100% (543/543), done.
Checking connectivity... done.
travis_time:end:05260290:start=1433565398060834765,finish=1433565398299819869,duration=238985104[0K$ cd square/retrofit
$ git checkout -qf c4eeca97b27447ff96f2065b62b36552be2d7141
travis_fold:end:git.checkout[0K
[33;1mThis job is running on container-based infrastructure, which does not allow use of 'sudo', setuid and setguid executables.[0m
[33;1mIf you require sudo, add 'sudo: required' to your .travis.yml[0m
[33;1mSee http://docs.travis-ci.com/user/workers/container-based-infrastructure/ for details.[0m

[33;1mSetting environment variables from .travis.yml[0m
$ export CI_DEPLOY_USERNAME=[secure]
$ export CI_DEPLOY_PASSWORD=[secure]

travis_fold:start:cache.1[0KSetting up build cache
$ export CASHER_DIR=$HOME/.casher
travis_time:start:2100f888[0K$ Installing caching utilities
travis_time:end:2100f888:start=1433565400015968934,finish=1433565400080859119,duration=64890185[0Ktravis_time:start:1c8e4b6e[0Kattempting to download cache archive
fetching jwnaming/cache--jdk-oraclejdk7.tbz
fetching master/cache--jdk-oraclejdk7.tbz
found cache
travis_time:end:1c8e4b6e:start=1433565400085594098,finish=1433565401281260505,duration=1195666407[0Ktravis_time:start:040aaab6[0Kadding /home/travis/.m2 to cache
travis_time:end:040aaab6:start=1433565401286239629,finish=1433565405739668644,duration=4453429015[0Ktravis_fold:end:cache.1[0K$ jdk_switcher use oraclejdk7
Switching to Oracle JDK7 (java-7-oracle), JAVA_HOME will be set to /usr/lib/jvm/java-7-oracle
$ java -Xmx32m -version
java version "1.7.0_76"
Java(TM) SE Runtime Environment (build 1.7.0_76-b13)
Java HotSpot(TM) 64-Bit Server VM (build 24.76-b04, mixed mode)
$ javac -J-Xmx32m -version
javac 1.7.0_76
travis_fold:start:install[0Ktravis_time:start:199f9578[0K$ mvn install -DskipTests=true -Dmaven.javadoc.skip=true -B -V
Apache Maven 3.2.5 (12a6b3acb947671f09b81f49094c53f426d8cea1; 2014-12-14T17:29:23+00:00)
Maven home: /usr/local/maven
Java version: 1.7.0_76, vendor: Oracle Corporation
Java home: /usr/lib/jvm/java-7-oracle/jre
Default locale: en_US, platform encoding: UTF-8
OS name: "linux", version: "3.13.0-40-generic", arch: "amd64", family: "unix"
[INFO] Scanning for projects...
[WARNING] 
[WARNING] Some problems were encountered while building the effective model for com.squareup.retrofit:samples:jar:2.0.0-SNAPSHOT
[WARNING] 'build.plugins.plugin.version' for org.apache.maven.plugins:maven-deploy-plugin is missing. @ com.squareup.retrofit:samples:[unknown-version], /home/travis/build/square/retrofit/samples/pom.xml, line 36, column 15
[WARNING] 
[WARNING] It is highly recommended to fix these problems because they threaten the stability of your build.
[WARNING] 
[WARNING] For this reason, future Maven versions might no longer support building such malformed projects.
[WARNING] 
[INFO] ------------------------------------------------------------------------
[INFO] Reactor Build Order:
[INFO] 
[INFO] Retrofit (Parent)
[INFO] Retrofit
[INFO] Adapters
[INFO] Adapter: RxJava
[INFO] Converters
[INFO] Converter: Gson
[INFO] Converter: Protocol Buffers
[INFO] Converter: Jackson
[INFO] Converter: Wire Protocol Buffers
[INFO] Converter: SimpleXML
[INFO] Samples
[INFO]                                                                         
[INFO] ------------------------------------------------------------------------
[INFO] Building Retrofit (Parent) 2.0.0-SNAPSHOT
[INFO] ------------------------------------------------------------------------
[INFO] 
[INFO] --- maven-enforcer-plugin:1.0:enforce (enforce-maven) @ parent ---
[INFO] 
[INFO] --- maven-checkstyle-plugin:2.15:checkstyle (default) @ parent ---
[INFO] 
[INFO] --- maven-install-plugin:2.4:install (default-install) @ parent ---
[INFO] Installing /home/travis/build/square/retrofit/pom.xml to /home/travis/.m2/repository/com/squareup/retrofit/parent/2.0.0-SNAPSHOT/parent-2.0.0-SNAPSHOT.pom
[INFO]                                                                         
[INFO] ------------------------------------------------------------------------
[INFO] Building Retrofit 2.0.0-SNAPSHOT
[INFO] ------------------------------------------------------------------------
[INFO] 
[INFO] --- maven-enforcer-plugin:1.0:enforce (enforce-maven) @ retrofit ---
[INFO] 
[INFO] --- maven-resources-plugin:2.6:resources (default-resources) @ retrofit ---
[INFO] Using 'UTF-8' encoding to copy filtered resources.
[INFO] skip non existing resourceDirectory /home/travis/build/square/retrofit/retrofit/src/main/resources
[INFO] 
[INFO] --- maven-compiler-plugin:3.0:compile (default-compile) @ retrofit ---
[INFO] Changes detected - recompiling the module!
[INFO] Compiling 36 source files to /home/travis/build/square/retrofit/retrofit/target/classes
[WARNING] /home/travis/build/square/retrofit/retrofit/src/main/java/retrofit/RestAdapter.java: Some input files use unchecked or unsafe operations.
[WARNING] /home/travis/build/square/retrofit/retrofit/src/main/java/retrofit/RestAdapter.java: Recompile with -Xlint:unchecked for details.
[INFO] 
[INFO] --- maven-resources-plugin:2.6:testResources (default-testResources) @ retrofit ---
[INFO] Using 'UTF-8' encoding to copy filtered resources.
[INFO] skip non existing resourceDirectory /home/travis/build/square/retrofit/retrofit/src/test/resources
[INFO] 
[INFO] --- maven-compiler-plugin:3.0:testCompile (default-testCompile) @ retrofit ---
[INFO] Changes detected - recompiling the module!
[INFO] Compiling 8 source files to /home/travis/build/square/retrofit/retrofit/target/test-classes
[WARNING] /home/travis/build/square/retrofit/retrofit/src/test/java/retrofit/DefaultCallAdapterFactoryTest.java: /home/travis/build/square/retrofit/retrofit/src/test/java/retrofit/DefaultCallAdapterFactoryTest.java uses unchecked or unsafe operations.
[WARNING] /home/travis/build/square/retrofit/retrofit/src/test/java/retrofit/DefaultCallAdapterFactoryTest.java: Recompile with -Xlint:unchecked for details.
[INFO] 
[INFO] --- maven-surefire-plugin:2.12.4:test (default-test) @ retrofit ---
[INFO] Tests are skipped.
[INFO] 
[INFO] --- maven-jar-plugin:2.4:jar (default-jar) @ retrofit ---
[INFO] Building jar: /home/travis/build/square/retrofit/retrofit/target/retrofit-2.0.0-SNAPSHOT.jar
[INFO] 
[INFO] --- maven-checkstyle-plugin:2.15:checkstyle (default) @ retrofit ---
[INFO] Starting audit...
Audit done.
[WARNING] Unable to locate Source XRef to link to - DISABLED
[INFO] 
[INFO] --- maven-install-plugin:2.4:install (default-install) @ retrofit ---
[INFO] Installing /home/travis/build/square/retrofit/retrofit/target/retrofit-2.0.0-SNAPSHOT.jar to /home/travis/.m2/repository/com/squareup/retrofit/retrofit/2.0.0-SNAPSHOT/retrofit-2.0.0-SNAPSHOT.jar
[INFO] Installing /home/travis/build/square/retrofit/retrofit/pom.xml to /home/travis/.m2/repository/com/squareup/retrofit/retrofit/2.0.0-SNAPSHOT/retrofit-2.0.0-SNAPSHOT.pom
[INFO]                                                                         
[INFO] ------------------------------------------------------------------------
[INFO] Building Adapters 2.0.0-SNAPSHOT
[INFO] ------------------------------------------------------------------------
[INFO] 
[INFO] --- maven-enforcer-plugin:1.0:enforce (enforce-maven) @ retrofit-adapters ---
[INFO] 
[INFO] --- maven-checkstyle-plugin:2.15:checkstyle (default) @ retrofit-adapters ---
[INFO] 
[INFO] --- maven-install-plugin:2.4:install (default-install) @ retrofit-adapters ---
[INFO] Installing /home/travis/build/square/retrofit/retrofit-adapters/pom.xml to /home/travis/.m2/repository/com/squareup/retrofit/retrofit-adapters/2.0.0-SNAPSHOT/retrofit-adapters-2.0.0-SNAPSHOT.pom
[INFO]                                                                         
[INFO] ------------------------------------------------------------------------
[INFO] Building Adapter: RxJava 2.0.0-SNAPSHOT
[INFO] ------------------------------------------------------------------------
[INFO] 
[INFO] --- maven-enforcer-plugin:1.0:enforce (enforce-maven) @ adapter-rxjava ---
[INFO] 
[INFO] --- maven-resources-plugin:2.6:resources (default-resources) @ adapter-rxjava ---
[INFO] Using 'UTF-8' encoding to copy filtered resources.
[INFO] skip non existing resourceDirectory /home/travis/build/square/retrofit/retrofit-adapters/rxjava/src/main/resources
[INFO] 
[INFO] --- maven-compiler-plugin:3.0:compile (default-compile) @ adapter-rxjava ---
[INFO] Changes detected - recompiling the module!
[INFO] Compiling 2 source files to /home/travis/build/square/retrofit/retrofit-adapters/rxjava/target/classes
[INFO] 
[INFO] --- maven-resources-plugin:2.6:testResources (default-testResources) @ adapter-rxjava ---
[INFO] Using 'UTF-8' encoding to copy filtered resources.
[INFO] skip non existing resourceDirectory /home/travis/build/square/retrofit/retrofit-adapters/rxjava/src/test/resources
[INFO] 
[INFO] --- maven-compiler-plugin:3.0:testCompile (default-testCompile) @ adapter-rxjava ---
[INFO] Changes detected - recompiling the module!
[INFO] Compiling 2 source files to /home/travis/build/square/retrofit/retrofit-adapters/rxjava/target/test-classes
[INFO] 
[INFO] --- maven-surefire-plugin:2.12.4:test (default-test) @ adapter-rxjava ---
[INFO] Tests are skipped.
[INFO] 
[INFO] --- maven-jar-plugin:2.4:jar (default-jar) @ adapter-rxjava ---
[INFO] Building jar: /home/travis/build/square/retrofit/retrofit-adapters/rxjava/target/adapter-rxjava-2.0.0-SNAPSHOT.jar
[INFO] 
[INFO] --- maven-checkstyle-plugin:2.15:checkstyle (default) @ adapter-rxjava ---
[INFO] Starting audit...
Audit done.
[WARNING] Unable to locate Source XRef to link to - DISABLED
[INFO] 
[INFO] --- maven-install-plugin:2.4:install (default-install) @ adapter-rxjava ---
[INFO] Installing /home/travis/build/square/retrofit/retrofit-adapters/rxjava/target/adapter-rxjava-2.0.0-SNAPSHOT.jar to /home/travis/.m2/repository/com/squareup/retrofit/adapter-rxjava/2.0.0-SNAPSHOT/adapter-rxjava-2.0.0-SNAPSHOT.jar
[INFO] Installing /home/travis/build/square/retrofit/retrofit-adapters/rxjava/pom.xml to /home/travis/.m2/repository/com/squareup/retrofit/adapter-rxjava/2.0.0-SNAPSHOT/adapter-rxjava-2.0.0-SNAPSHOT.pom
[INFO]                                                                         
[INFO] ------------------------------------------------------------------------
[INFO] Building Converters 2.0.0-SNAPSHOT
[INFO] ------------------------------------------------------------------------
[INFO] 
[INFO] --- maven-enforcer-plugin:1.0:enforce (enforce-maven) @ retrofit-converters ---
[INFO] 
[INFO] --- maven-checkstyle-plugin:2.15:checkstyle (default) @ retrofit-converters ---
[INFO] 
[INFO] --- maven-install-plugin:2.4:install (default-install) @ retrofit-converters ---
[INFO] Installing /home/travis/build/square/retrofit/retrofit-converters/pom.xml to /home/travis/.m2/repository/com/squareup/retrofit/retrofit-converters/2.0.0-SNAPSHOT/retrofit-converters-2.0.0-SNAPSHOT.pom
[INFO]                                                                         
[INFO] ------------------------------------------------------------------------
[INFO] Building Converter: Gson 2.0.0-SNAPSHOT
[INFO] ------------------------------------------------------------------------
[INFO] 
[INFO] --- maven-enforcer-plugin:1.0:enforce (enforce-maven) @ converter-gson ---
[INFO] 
[INFO] --- maven-resources-plugin:2.6:resources (default-resources) @ converter-gson ---
[INFO] Using 'UTF-8' encoding to copy filtered resources.
[INFO] skip non existing resourceDirectory /home/travis/build/square/retrofit/retrofit-converters/gson/src/main/resources
[INFO] 
[INFO] --- maven-compiler-plugin:3.0:compile (default-compile) @ converter-gson ---
[INFO] Changes detected - recompiling the module!
[INFO] Compiling 1 source file to /home/travis/build/square/retrofit/retrofit-converters/gson/target/classes
[INFO] 
[INFO] --- maven-resources-plugin:2.6:testResources (default-testResources) @ converter-gson ---
[INFO] Using 'UTF-8' encoding to copy filtered resources.
[INFO] skip non existing resourceDirectory /home/travis/build/square/retrofit/retrofit-converters/gson/src/test/resources
[INFO] 
[INFO] --- maven-compiler-plugin:3.0:testCompile (default-testCompile) @ converter-gson ---
[INFO] Changes detected - recompiling the module!
[INFO] Compiling 1 source file to /home/travis/build/square/retrofit/retrofit-converters/gson/target/test-classes
[INFO] 
[INFO] --- maven-surefire-plugin:2.12.4:test (default-test) @ converter-gson ---
[INFO] Tests are skipped.
[INFO] 
[INFO] --- maven-jar-plugin:2.4:jar (default-jar) @ converter-gson ---
[INFO] Building jar: /home/travis/build/square/retrofit/retrofit-converters/gson/target/converter-gson-2.0.0-SNAPSHOT.jar
[INFO] 
[INFO] --- maven-checkstyle-plugin:2.15:checkstyle (default) @ converter-gson ---
[INFO] Starting audit...
Audit done.
[WARNING] Unable to locate Source XRef to link to - DISABLED
[INFO] 
[INFO] --- maven-install-plugin:2.4:install (default-install) @ converter-gson ---
[INFO] Installing /home/travis/build/square/retrofit/retrofit-converters/gson/target/converter-gson-2.0.0-SNAPSHOT.jar to /home/travis/.m2/repository/com/squareup/retrofit/converter-gson/2.0.0-SNAPSHOT/converter-gson-2.0.0-SNAPSHOT.jar
[INFO] Installing /home/travis/build/square/retrofit/retrofit-converters/gson/pom.xml to /home/travis/.m2/repository/com/squareup/retrofit/converter-gson/2.0.0-SNAPSHOT/converter-gson-2.0.0-SNAPSHOT.pom
[INFO]                                                                         
[INFO] ------------------------------------------------------------------------
[INFO] Building Converter: Protocol Buffers 2.0.0-SNAPSHOT
[INFO] ------------------------------------------------------------------------
[INFO] 
[INFO] --- maven-enforcer-plugin:1.0:enforce (enforce-maven) @ converter-protobuf ---
[INFO] 
[INFO] --- maven-resources-plugin:2.6:resources (default-resources) @ converter-protobuf ---
[INFO] Using 'UTF-8' encoding to copy filtered resources.
[INFO] skip non existing resourceDirectory /home/travis/build/square/retrofit/retrofit-converters/protobuf/src/main/resources
[INFO] 
[INFO] --- maven-compiler-plugin:3.0:compile (default-compile) @ converter-protobuf ---
[INFO] Changes detected - recompiling the module!
[INFO] Compiling 1 source file to /home/travis/build/square/retrofit/retrofit-converters/protobuf/target/classes
[INFO] 
[INFO] --- maven-resources-plugin:2.6:testResources (default-testResources) @ converter-protobuf ---
[INFO] Using 'UTF-8' encoding to copy filtered resources.
[INFO] skip non existing resourceDirectory /home/travis/build/square/retrofit/retrofit-converters/protobuf/src/test/resources
[INFO] 
[INFO] --- maven-compiler-plugin:3.0:testCompile (default-testCompile) @ converter-protobuf ---
[INFO] Changes detected - recompiling the module!
[INFO] Compiling 2 source files to /home/travis/build/square/retrofit/retrofit-converters/protobuf/target/test-classes
[INFO] 
[INFO] --- maven-surefire-plugin:2.12.4:test (default-test) @ converter-protobuf ---
[INFO] Tests are skipped.
[INFO] 
[INFO] --- maven-jar-plugin:2.4:jar (default-jar) @ converter-protobuf ---
[INFO] Building jar: /home/travis/build/square/retrofit/retrofit-converters/protobuf/target/converter-protobuf-2.0.0-SNAPSHOT.jar
[INFO] 
[INFO] --- maven-checkstyle-plugin:2.15:checkstyle (default) @ converter-protobuf ---
[INFO] Starting audit...
Audit done.
[WARNING] Unable to locate Source XRef to link to - DISABLED
[INFO] 
[INFO] --- maven-install-plugin:2.4:install (default-install) @ converter-protobuf ---
[INFO] Installing /home/travis/build/square/retrofit/retrofit-converters/protobuf/target/converter-protobuf-2.0.0-SNAPSHOT.jar to /home/travis/.m2/repository/com/squareup/retrofit/converter-protobuf/2.0.0-SNAPSHOT/converter-protobuf-2.0.0-SNAPSHOT.jar
[INFO] Installing /home/travis/build/square/retrofit/retrofit-converters/protobuf/pom.xml to /home/travis/.m2/repository/com/squareup/retrofit/converter-protobuf/2.0.0-SNAPSHOT/converter-protobuf-2.0.0-SNAPSHOT.pom
[INFO]                                                                         
[INFO] ------------------------------------------------------------------------
[INFO] Building Converter: Jackson 2.0.0-SNAPSHOT
[INFO] ------------------------------------------------------------------------
[INFO] 
[INFO] --- maven-enforcer-plugin:1.0:enforce (enforce-maven) @ converter-jackson ---
[INFO] 
[INFO] --- maven-resources-plugin:2.6:resources (default-resources) @ converter-jackson ---
[INFO] Using 'UTF-8' encoding to copy filtered resources.
[INFO] skip non existing resourceDirectory /home/travis/build/square/retrofit/retrofit-converters/jackson/src/main/resources
[INFO] 
[INFO] --- maven-compiler-plugin:3.0:compile (default-compile) @ converter-jackson ---
[INFO] Changes detected - recompiling the module!
[INFO] Compiling 1 source file to /home/travis/build/square/retrofit/retrofit-converters/jackson/target/classes
[INFO] 
[INFO] --- maven-resources-plugin:2.6:testResources (default-testResources) @ converter-jackson ---
[INFO] Using 'UTF-8' encoding to copy filtered resources.
[INFO] skip non existing resourceDirectory /home/travis/build/square/retrofit/retrofit-converters/jackson/src/test/resources
[INFO] 
[INFO] --- maven-compiler-plugin:3.0:testCompile (default-testCompile) @ converter-jackson ---
[INFO] Changes detected - recompiling the module!
[INFO] Compiling 1 source file to /home/travis/build/square/retrofit/retrofit-converters/jackson/target/test-classes
[INFO] 
[INFO] --- maven-surefire-plugin:2.12.4:test (default-test) @ converter-jackson ---
[INFO] Tests are skipped.
[INFO] 
[INFO] --- maven-jar-plugin:2.4:jar (default-jar) @ converter-jackson ---
[INFO] Building jar: /home/travis/build/square/retrofit/retrofit-converters/jackson/target/converter-jackson-2.0.0-SNAPSHOT.jar
[INFO] 
[INFO] --- maven-checkstyle-plugin:2.15:checkstyle (default) @ converter-jackson ---
[INFO] Starting audit...
Audit done.
[WARNING] Unable to locate Source XRef to link to - DISABLED
[INFO] 
[INFO] --- maven-install-plugin:2.4:install (default-install) @ converter-jackson ---
[INFO] Installing /home/travis/build/square/retrofit/retrofit-converters/jackson/target/converter-jackson-2.0.0-SNAPSHOT.jar to /home/travis/.m2/repository/com/squareup/retrofit/converter-jackson/2.0.0-SNAPSHOT/converter-jackson-2.0.0-SNAPSHOT.jar
[INFO] Installing /home/travis/build/square/retrofit/retrofit-converters/jackson/pom.xml to /home/travis/.m2/repository/com/squareup/retrofit/converter-jackson/2.0.0-SNAPSHOT/converter-jackson-2.0.0-SNAPSHOT.pom
[INFO]                                                                         
[INFO] ------------------------------------------------------------------------
[INFO] Building Converter: Wire Protocol Buffers 2.0.0-SNAPSHOT
[INFO] ------------------------------------------------------------------------
[INFO] 
[INFO] --- maven-enforcer-plugin:1.0:enforce (enforce-maven) @ converter-wire ---
[INFO] 
[INFO] --- maven-resources-plugin:2.6:resources (default-resources) @ converter-wire ---
[INFO] Using 'UTF-8' encoding to copy filtered resources.
[INFO] skip non existing resourceDirectory /home/travis/build/square/retrofit/retrofit-converters/wire/src/main/resources
[INFO] 
[INFO] --- maven-compiler-plugin:3.0:compile (default-compile) @ converter-wire ---
[INFO] Changes detected - recompiling the module!
[INFO] Compiling 1 source file to /home/travis/build/square/retrofit/retrofit-converters/wire/target/classes
[INFO] 
[INFO] --- maven-resources-plugin:2.6:testResources (default-testResources) @ converter-wire ---
[INFO] Using 'UTF-8' encoding to copy filtered resources.
[INFO] skip non existing resourceDirectory /home/travis/build/square/retrofit/retrofit-converters/wire/src/test/resources
[INFO] 
[INFO] --- maven-compiler-plugin:3.0:testCompile (default-testCompile) @ converter-wire ---
[INFO] Changes detected - recompiling the module!
[INFO] Compiling 2 source files to /home/travis/build/square/retrofit/retrofit-converters/wire/target/test-classes
[INFO] 
[INFO] --- maven-surefire-plugin:2.12.4:test (default-test) @ converter-wire ---
[INFO] Tests are skipped.
[INFO] 
[INFO] --- maven-jar-plugin:2.4:jar (default-jar) @ converter-wire ---
[INFO] Building jar: /home/travis/build/square/retrofit/retrofit-converters/wire/target/converter-wire-2.0.0-SNAPSHOT.jar
[INFO] 
[INFO] --- maven-checkstyle-plugin:2.15:checkstyle (default) @ converter-wire ---
[INFO] Starting audit...
Audit done.
[WARNING] Unable to locate Source XRef to link to - DISABLED
[INFO] 
[INFO] --- maven-install-plugin:2.4:install (default-install) @ converter-wire ---
[INFO] Installing /home/travis/build/square/retrofit/retrofit-converters/wire/target/converter-wire-2.0.0-SNAPSHOT.jar to /home/travis/.m2/repository/com/squareup/retrofit/converter-wire/2.0.0-SNAPSHOT/converter-wire-2.0.0-SNAPSHOT.jar
[INFO] Installing /home/travis/build/square/retrofit/retrofit-converters/wire/pom.xml to /home/travis/.m2/repository/com/squareup/retrofit/converter-wire/2.0.0-SNAPSHOT/converter-wire-2.0.0-SNAPSHOT.pom
[INFO]                                                                         
[INFO] ------------------------------------------------------------------------
[INFO] Building Converter: SimpleXML 2.0.0-SNAPSHOT
[INFO] ------------------------------------------------------------------------
[INFO] 
[INFO] --- maven-enforcer-plugin:1.0:enforce (enforce-maven) @ converter-simplexml ---
[INFO] 
[INFO] --- maven-resources-plugin:2.6:resources (default-resources) @ converter-simplexml ---
[INFO] Using 'UTF-8' encoding to copy filtered resources.
[INFO] skip non existing resourceDirectory /home/travis/build/square/retrofit/retrofit-converters/simplexml/src/main/resources
[INFO] 
[INFO] --- maven-compiler-plugin:3.0:compile (default-compile) @ converter-simplexml ---
[INFO] Changes detected - recompiling the module!
[INFO] Compiling 1 source file to /home/travis/build/square/retrofit/retrofit-converters/simplexml/target/classes
[INFO] 
[INFO] --- maven-resources-plugin:2.6:testResources (default-testResources) @ converter-simplexml ---
[INFO] Using 'UTF-8' encoding to copy filtered resources.
[INFO] skip non existing resourceDirectory /home/travis/build/square/retrofit/retrofit-converters/simplexml/src/test/resources
[INFO] 
[INFO] --- maven-compiler-plugin:3.0:testCompile (default-testCompile) @ converter-simplexml ---
[INFO] Changes detected - recompiling the module!
[INFO] Compiling 1 source file to /home/travis/build/square/retrofit/retrofit-converters/simplexml/target/test-classes
[INFO] 
[INFO] --- maven-surefire-plugin:2.12.4:test (default-test) @ converter-simplexml ---
[INFO] Tests are skipped.
[INFO] 
[INFO] --- maven-jar-plugin:2.4:jar (default-jar) @ converter-simplexml ---
[INFO] Building jar: /home/travis/build/square/retrofit/retrofit-converters/simplexml/target/converter-simplexml-2.0.0-SNAPSHOT.jar
[INFO] 
[INFO] --- maven-checkstyle-plugin:2.15:checkstyle (default) @ converter-simplexml ---
[INFO] Starting audit...
Audit done.
[WARNING] Unable to locate Source XRef to link to - DISABLED
[INFO] 
[INFO] --- maven-install-plugin:2.4:install (default-install) @ converter-simplexml ---
[INFO] Installing /home/travis/build/square/retrofit/retrofit-converters/simplexml/target/converter-simplexml-2.0.0-SNAPSHOT.jar to /home/travis/.m2/repository/com/squareup/retrofit/converter-simplexml/2.0.0-SNAPSHOT/converter-simplexml-2.0.0-SNAPSHOT.jar
[INFO] Installing /home/travis/build/square/retrofit/retrofit-converters/simplexml/pom.xml to /home/travis/.m2/repository/com/squareup/retrofit/converter-simplexml/2.0.0-SNAPSHOT/converter-simplexml-2.0.0-SNAPSHOT.pom
[INFO]                                                                         
[INFO] ------------------------------------------------------------------------
[INFO] Building Samples 2.0.0-SNAPSHOT
[INFO] ------------------------------------------------------------------------
[INFO] 
[INFO] --- maven-enforcer-plugin:1.0:enforce (enforce-maven) @ samples ---
[INFO] 
[INFO] --- maven-resources-plugin:2.6:resources (default-resources) @ samples ---
[INFO] Using 'UTF-8' encoding to copy filtered resources.
[INFO] skip non existing resourceDirectory /home/travis/build/square/retrofit/samples/src/main/resources
[INFO] 
[INFO] --- maven-compiler-plugin:3.0:compile (default-compile) @ samples ---
[INFO] Changes detected - recompiling the module!
[INFO] Compiling 2 source files to /home/travis/build/square/retrofit/samples/target/classes
[INFO] 
[INFO] --- maven-resources-plugin:2.6:testResources (default-testResources) @ samples ---
[INFO] Using 'UTF-8' encoding to copy filtered resources.
[INFO] skip non existing resourceDirectory /home/travis/build/square/retrofit/samples/src/test/resources
[INFO] 
[INFO] --- maven-compiler-plugin:3.0:testCompile (default-testCompile) @ samples ---
[INFO] No sources to compile
[INFO] 
[INFO] --- maven-surefire-plugin:2.12.4:test (default-test) @ samples ---
[INFO] Tests are skipped.
[INFO] 
[INFO] --- maven-jar-plugin:2.4:jar (default-jar) @ samples ---
[INFO] Building jar: /home/travis/build/square/retrofit/samples/target/samples-2.0.0-SNAPSHOT.jar
[INFO] 
[INFO] --- maven-checkstyle-plugin:2.15:checkstyle (default) @ samples ---
[INFO] Starting audit...
Audit done.
[WARNING] Unable to locate Source XRef to link to - DISABLED
[INFO] 
[INFO] --- maven-install-plugin:2.4:install (default-install) @ samples ---
[INFO] Installing /home/travis/build/square/retrofit/samples/target/samples-2.0.0-SNAPSHOT.jar to /home/travis/.m2/repository/com/squareup/retrofit/samples/2.0.0-SNAPSHOT/samples-2.0.0-SNAPSHOT.jar
[INFO] Installing /home/travis/build/square/retrofit/samples/pom.xml to /home/travis/.m2/repository/com/squareup/retrofit/samples/2.0.0-SNAPSHOT/samples-2.0.0-SNAPSHOT.pom
[INFO] ------------------------------------------------------------------------
[INFO] Reactor Summary:
[INFO] 
[INFO] Retrofit (Parent) .................................. SUCCESS [  2.437 s]
[INFO] Retrofit ........................................... SUCCESS [  6.676 s]
[INFO] Adapters ........................................... SUCCESS [  0.025 s]
[INFO] Adapter: RxJava .................................... SUCCESS [  1.401 s]
[INFO] Converters ......................................... SUCCESS [  0.013 s]
[INFO] Converter: Gson .................................... SUCCESS [  0.656 s]
[INFO] Converter: Protocol Buffers ........................ SUCCESS [  1.153 s]
[INFO] Converter: Jackson ................................. SUCCESS [  0.667 s]
[INFO] Converter: Wire Protocol Buffers ................... SUCCESS [  0.904 s]
[INFO] Converter: SimpleXML ............................... SUCCESS [  0.859 s]
[INFO] Samples ............................................ SUCCESS [  0.616 s]
[INFO] ------------------------------------------------------------------------
[INFO] BUILD SUCCESS
[INFO] ------------------------------------------------------------------------
[INFO] Total time: 15.968 s
[INFO] Finished at: 2015-06-06T04:37:04+00:00
[INFO] Final Memory: 32M/421M
[INFO] ------------------------------------------------------------------------
travis_time:end:199f9578:start=1433565406282538976,finish=1433565424905044400,duration=18622505424[0Ktravis_fold:end:install[0Ktravis_time:start:01e438d7[0K$ mvn test -B
[INFO] Scanning for projects...
[WARNING] 
[WARNING] Some problems were encountered while building the effective model for com.squareup.retrofit:samples:jar:2.0.0-SNAPSHOT
[WARNING] 'build.plugins.plugin.version' for org.apache.maven.plugins:maven-deploy-plugin is missing. @ com.squareup.retrofit:samples:[unknown-version], /home/travis/build/square/retrofit/samples/pom.xml, line 36, column 15
[WARNING] 
[WARNING] It is highly recommended to fix these problems because they threaten the stability of your build.
[WARNING] 
[WARNING] For this reason, future Maven versions might no longer support building such malformed projects.
[WARNING] 
[INFO] ------------------------------------------------------------------------
[INFO] Reactor Build Order:
[INFO] 
[INFO] Retrofit (Parent)
[INFO] Retrofit
[INFO] Adapters
[INFO] Adapter: RxJava
[INFO] Converters
[INFO] Converter: Gson
[INFO] Converter: Protocol Buffers
[INFO] Converter: Jackson
[INFO] Converter: Wire Protocol Buffers
[INFO] Converter: SimpleXML
[INFO] Samples
[INFO]                                                                         
[INFO] ------------------------------------------------------------------------
[INFO] Building Retrofit (Parent) 2.0.0-SNAPSHOT
[INFO] ------------------------------------------------------------------------
[INFO] 
[INFO] --- maven-enforcer-plugin:1.0:enforce (enforce-maven) @ parent ---
[INFO]                                                                         
[INFO] ------------------------------------------------------------------------
[INFO] Building Retrofit 2.0.0-SNAPSHOT
[INFO] ------------------------------------------------------------------------
[INFO] 
[INFO] --- maven-enforcer-plugin:1.0:enforce (enforce-maven) @ retrofit ---
[INFO] 
[INFO] --- maven-resources-plugin:2.6:resources (default-resources) @ retrofit ---
[INFO] Using 'UTF-8' encoding to copy filtered resources.
[INFO] skip non existing resourceDirectory /home/travis/build/square/retrofit/retrofit/src/main/resources
[INFO] 
[INFO] --- maven-compiler-plugin:3.0:compile (default-compile) @ retrofit ---
[INFO] Changes detected - recompiling the module!
[INFO] Compiling 36 source files to /home/travis/build/square/retrofit/retrofit/target/classes
[WARNING] /home/travis/build/square/retrofit/retrofit/src/main/java/retrofit/RestAdapter.java: Some input files use unchecked or unsafe operations.
[WARNING] /home/travis/build/square/retrofit/retrofit/src/main/java/retrofit/RestAdapter.java: Recompile with -Xlint:unchecked for details.
[INFO] 
[INFO] --- maven-resources-plugin:2.6:testResources (default-testResources) @ retrofit ---
[INFO] Using 'UTF-8' encoding to copy filtered resources.
[INFO] skip non existing resourceDirectory /home/travis/build/square/retrofit/retrofit/src/test/resources
[INFO] 
[INFO] --- maven-compiler-plugin:3.0:testCompile (default-testCompile) @ retrofit ---
[INFO] Changes detected - recompiling the module!
[INFO] Compiling 8 source files to /home/travis/build/square/retrofit/retrofit/target/test-classes
[WARNING] /home/travis/build/square/retrofit/retrofit/src/test/java/retrofit/DefaultCallAdapterFactoryTest.java: /home/travis/build/square/retrofit/retrofit/src/test/java/retrofit/DefaultCallAdapterFactoryTest.java uses unchecked or unsafe operations.
[WARNING] /home/travis/build/square/retrofit/retrofit/src/test/java/retrofit/DefaultCallAdapterFactoryTest.java: Recompile with -Xlint:unchecked for details.
[INFO] 
[INFO] --- maven-surefire-plugin:2.12.4:test (default-test) @ retrofit ---
[INFO] Surefire report directory: /home/travis/build/square/retrofit/retrofit/target/surefire-reports

-------------------------------------------------------
 T E S T S
-------------------------------------------------------
Running retrofit.MethodInfoTest
Tests run: 4, Failures: 0, Errors: 0, Skipped: 0, Time elapsed: 0.159 sec
Running retrofit.EndpointsTest
Tests run: 1, Failures: 0, Errors: 0, Skipped: 0, Time elapsed: 0.005 sec
Running retrofit.RequestBuilderTest
Tests run: 80, Failures: 0, Errors: 0, Skipped: 2, Time elapsed: 0.356 sec
Running retrofit.RestAdapterTest
Jun 06, 2015 4:37:13 AM com.squareup.okhttp.mockwebserver.MockWebServer$2 execute
INFO: MockWebServer[47691] starting to accept connections
Jun 06, 2015 4:37:13 AM com.squareup.okhttp.mockwebserver.MockWebServer$2 acceptConnections
INFO: MockWebServer[47691] done accepting connections: Socket is closed
Jun 06, 2015 4:37:13 AM com.squareup.okhttp.mockwebserver.MockWebServer$2 execute
INFO: MockWebServer[56779] starting to accept connections
Jun 06, 2015 4:37:13 AM com.squareup.okhttp.mockwebserver.MockWebServer$3 processOneRequest
INFO: MockWebServer[56779] received request: GET / HTTP/1.1 and responded: HTTP/1.1 200 OK
Jun 06, 2015 4:37:13 AM com.squareup.okhttp.mockwebserver.MockWebServer$2 acceptConnections
INFO: MockWebServer[56779] done accepting connections: Socket closed
Jun 06, 2015 4:37:13 AM com.squareup.okhttp.mockwebserver.MockWebServer$2 execute
INFO: MockWebServer[51005] starting to accept connections
Jun 06, 2015 4:37:13 AM com.squareup.okhttp.mockwebserver.MockWebServer$2 acceptConnections
INFO: MockWebServer[51005] done accepting connections: Socket is closed
Jun 06, 2015 4:37:13 AM com.squareup.okhttp.mockwebserver.MockWebServer$2 execute
INFO: MockWebServer[53672] starting to accept connections
Jun 06, 2015 4:37:13 AM com.squareup.okhttp.mockwebserver.MockWebServer$2 acceptConnections
INFO: MockWebServer[53672] done accepting connections: Socket is closed
Jun 06, 2015 4:37:13 AM com.squareup.okhttp.mockwebserver.MockWebServer$2 execute
INFO: MockWebServer[39143] starting to accept connections
Jun 06, 2015 4:37:13 AM com.squareup.okhttp.mockwebserver.MockWebServer$3 processOneRequest
INFO: MockWebServer[39143] received request: POST / HTTP/1.1 and responded: HTTP/1.1 200 OK
Jun 06, 2015 4:37:13 AM com.squareup.okhttp.mockwebserver.MockWebServer$2 acceptConnections
INFO: MockWebServer[39143] done accepting connections: Socket closed
Jun 06, 2015 4:37:13 AM com.squareup.okhttp.mockwebserver.MockWebServer$2 execute
INFO: MockWebServer[37545] starting to accept connections
Jun 06, 2015 4:37:13 AM com.squareup.okhttp.mockwebserver.MockWebServer$2 acceptConnections
INFO: MockWebServer[37545] done accepting connections: Socket is closed
Jun 06, 2015 4:37:13 AM com.squareup.okhttp.mockwebserver.MockWebServer$2 execute
INFO: MockWebServer[37079] starting to accept connections
Jun 06, 2015 4:37:13 AM com.squareup.okhttp.mockwebserver.MockWebServer$2 acceptConnections
INFO: MockWebServer[37079] done accepting connections: Socket is closed
Jun 06, 2015 4:37:13 AM com.squareup.okhttp.mockwebserver.MockWebServer$2 execute
INFO: MockWebServer[55764] starting to accept connections
Jun 06, 2015 4:37:13 AM com.squareup.okhttp.mockwebserver.MockWebServer$2 acceptConnections
INFO: MockWebServer[55764] done accepting connections: Socket is closed
Jun 06, 2015 4:37:13 AM com.squareup.okhttp.mockwebserver.MockWebServer$2 execute
INFO: MockWebServer[34521] starting to accept connections
Jun 06, 2015 4:37:13 AM com.squareup.okhttp.mockwebserver.MockWebServer$2 acceptConnections
INFO: MockWebServer[34521] done accepting connections: Socket is closed
Jun 06, 2015 4:37:13 AM com.squareup.okhttp.mockwebserver.MockWebServer$2 execute
INFO: MockWebServer[46633] starting to accept connections
Jun 06, 2015 4:37:13 AM com.squareup.okhttp.mockwebserver.MockWebServer$2 acceptConnections
INFO: MockWebServer[46633] done accepting connections: Socket is closed
Jun 06, 2015 4:37:13 AM com.squareup.okhttp.mockwebserver.MockWebServer$2 execute
INFO: MockWebServer[56534] starting to accept connections
Jun 06, 2015 4:37:13 AM com.squareup.okhttp.mockwebserver.MockWebServer$2 acceptConnections
INFO: MockWebServer[56534] done accepting connections: Socket is closed
Jun 06, 2015 4:37:13 AM com.squareup.okhttp.mockwebserver.MockWebServer$2 execute
INFO: MockWebServer[43765] starting to accept connections
Jun 06, 2015 4:37:13 AM com.squareup.okhttp.mockwebserver.MockWebServer$2 acceptConnections
INFO: MockWebServer[43765] done accepting connections: Socket is closed
Jun 06, 2015 4:37:13 AM com.squareup.okhttp.mockwebserver.MockWebServer$2 execute
INFO: MockWebServer[41565] starting to accept connections
Jun 06, 2015 4:37:13 AM com.squareup.okhttp.mockwebserver.MockWebServer$2 acceptConnections
INFO: MockWebServer[41565] done accepting connections: Socket is closed
Tests run: 13, Failures: 3, Errors: 0, Skipped: 0, Time elapsed: 0.517 sec <<< FAILURE!
typeVariableNoBoundThrows(retrofit.RestAdapterTest)  Time elapsed: 0.055 sec  <<< FAILURE!
java.lang.AssertionError: 
Expecting message:
 <"BoundsService.none: Method response type must not include a type variable.">
but was:
 <"BoundsService.none: Method response type must not include a type variable or wildcard.">
	at retrofit.RestAdapterTest.typeVariableNoBoundThrows(RestAdapterTest.java:224)
	at sun.reflect.NativeMethodAccessorImpl.invoke0(Native Method)
	at sun.reflect.NativeMethodAccessorImpl.invoke(NativeMethodAccessorImpl.java:57)
	at sun.reflect.DelegatingMethodAccessorImpl.invoke(DelegatingMethodAccessorImpl.java:43)
	at java.lang.reflect.Method.invoke(Method.java:606)
	at org.junit.runners.model.FrameworkMethod$1.runReflectiveCall(FrameworkMethod.java:47)
	at org.junit.internal.runners.model.ReflectiveCallable.run(ReflectiveCallable.java:12)
	at org.junit.runners.model.FrameworkMethod.invokeExplosively(FrameworkMethod.java:44)
	at org.junit.internal.runners.statements.InvokeMethod.evaluate(InvokeMethod.java:17)
	at org.junit.rules.ExternalResource$1.evaluate(ExternalResource.java:48)
	at org.junit.rules.RunRules.evaluate(RunRules.java:20)
	at org.junit.runners.ParentRunner.runLeaf(ParentRunner.java:271)
	at org.junit.runners.BlockJUnit4ClassRunner.runChild(BlockJUnit4ClassRunner.java:70)
	at org.junit.runners.BlockJUnit4ClassRunner.runChild(BlockJUnit4ClassRunner.java:50)
	at org.junit.runners.ParentRunner$3.run(ParentRunner.java:238)
	at org.junit.runners.ParentRunner$1.schedule(ParentRunner.java:63)
	at org.junit.runners.ParentRunner.runChildren(ParentRunner.java:236)
	at org.junit.runners.ParentRunner.access$000(ParentRunner.java:53)
	at org.junit.runners.ParentRunner$2.evaluate(ParentRunner.java:229)
	at org.junit.runners.ParentRunner.run(ParentRunner.java:309)
	at org.apache.maven.surefire.junit4.JUnit4Provider.execute(JUnit4Provider.java:252)
	at org.apache.maven.surefire.junit4.JUnit4Provider.executeTestSet(JUnit4Provider.java:141)
	at org.apache.maven.surefire.junit4.JUnit4Provider.invoke(JUnit4Provider.java:112)
	at sun.reflect.NativeMethodAccessorImpl.invoke0(Native Method)
	at sun.reflect.NativeMethodAccessorImpl.invoke(NativeMethodAccessorImpl.java:57)
	at sun.reflect.DelegatingMethodAccessorImpl.invoke(DelegatingMethodAccessorImpl.java:43)
	at java.lang.reflect.Method.invoke(Method.java:606)
	at org.apache.maven.surefire.util.ReflectionUtils.invokeMethodWithArray(ReflectionUtils.java:189)
	at org.apache.maven.surefire.booter.ProviderFactory$ProviderProxy.invoke(ProviderFactory.java:165)
	at org.apache.maven.surefire.booter.ProviderFactory.invokeProvider(ProviderFactory.java:85)
	at org.apache.maven.surefire.booter.ForkedBooter.runSuitesInProcess(ForkedBooter.java:115)
	at org.apache.maven.surefire.booter.ForkedBooter.main(ForkedBooter.java:75)

typeVariableUpperBoundThrows(retrofit.RestAdapterTest)  Time elapsed: 0.015 sec  <<< FAILURE!
java.lang.AssertionError: 
Expecting message:
 <"BoundsService.upper: Method response type must not include a type variable.">
but was:
 <"BoundsService.upper: Method response type must not include a type variable or wildcard.">
	at retrofit.RestAdapterTest.typeVariableUpperBoundThrows(RestAdapterTest.java:240)
	at sun.reflect.NativeMethodAccessorImpl.invoke0(Native Method)
	at sun.reflect.NativeMethodAccessorImpl.invoke(NativeMethodAccessorImpl.java:57)
	at sun.reflect.DelegatingMethodAccessorImpl.invoke(DelegatingMethodAccessorImpl.java:43)
	at java.lang.reflect.Method.invoke(Method.java:606)
	at org.junit.runners.model.FrameworkMethod$1.runReflectiveCall(FrameworkMethod.java:47)
	at org.junit.internal.runners.model.ReflectiveCallable.run(ReflectiveCallable.java:12)
	at org.junit.runners.model.FrameworkMethod.invokeExplosively(FrameworkMethod.java:44)
	at org.junit.internal.runners.statements.InvokeMethod.evaluate(InvokeMethod.java:17)
	at org.junit.rules.ExternalResource$1.evaluate(ExternalResource.java:48)
	at org.junit.rules.RunRules.evaluate(RunRules.java:20)
	at org.junit.runners.ParentRunner.runLeaf(ParentRunner.java:271)
	at org.junit.runners.BlockJUnit4ClassRunner.runChild(BlockJUnit4ClassRunner.java:70)
	at org.junit.runners.BlockJUnit4ClassRunner.runChild(BlockJUnit4ClassRunner.java:50)
	at org.junit.runners.ParentRunner$3.run(ParentRunner.java:238)
	at org.junit.runners.ParentRunner$1.schedule(ParentRunner.java:63)
	at org.junit.runners.ParentRunner.runChildren(ParentRunner.java:236)
	at org.junit.runners.ParentRunner.access$000(ParentRunner.java:53)
	at org.junit.runners.ParentRunner$2.evaluate(ParentRunner.java:229)
	at org.junit.runners.ParentRunner.run(ParentRunner.java:309)
	at org.apache.maven.surefire.junit4.JUnit4Provider.execute(JUnit4Provider.java:252)
	at org.apache.maven.surefire.junit4.JUnit4Provider.executeTestSet(JUnit4Provider.java:141)
	at org.apache.maven.surefire.junit4.JUnit4Provider.invoke(JUnit4Provider.java:112)
	at sun.reflect.NativeMethodAccessorImpl.invoke0(Native Method)
	at sun.reflect.NativeMethodAccessorImpl.invoke(NativeMethodAccessorImpl.java:57)
	at sun.reflect.DelegatingMethodAccessorImpl.invoke(DelegatingMethodAccessorImpl.java:43)
	at java.lang.reflect.Method.invoke(Method.java:606)
	at org.apache.maven.surefire.util.ReflectionUtils.invokeMethodWithArray(ReflectionUtils.java:189)
	at org.apache.maven.surefire.booter.ProviderFactory$ProviderProxy.invoke(ProviderFactory.java:165)
	at org.apache.maven.surefire.booter.ProviderFactory.invokeProvider(ProviderFactory.java:85)
	at org.apache.maven.surefire.booter.ForkedBooter.runSuitesInProcess(ForkedBooter.java:115)
	at org.apache.maven.surefire.booter.ForkedBooter.main(ForkedBooter.java:75)

typeVariableNestedThrows(retrofit.RestAdapterTest)  Time elapsed: 0.004 sec  <<< FAILURE!
java.lang.AssertionError: 
Expecting message:
 <"BoundsService.crazy: Method response type must not include a type variable.">
but was:
 <"BoundsService.crazy: Method response type must not include a type variable or wildcard.">
	at retrofit.RestAdapterTest.typeVariableNestedThrows(RestAdapterTest.java:256)
	at sun.reflect.NativeMethodAccessorImpl.invoke0(Native Method)
	at sun.reflect.NativeMethodAccessorImpl.invoke(NativeMethodAccessorImpl.java:57)
	at sun.reflect.DelegatingMethodAccessorImpl.invoke(DelegatingMethodAccessorImpl.java:43)
	at java.lang.reflect.Method.invoke(Method.java:606)
	at org.junit.runners.model.FrameworkMethod$1.runReflectiveCall(FrameworkMethod.java:47)
	at org.junit.internal.runners.model.ReflectiveCallable.run(ReflectiveCallable.java:12)
	at org.junit.runners.model.FrameworkMethod.invokeExplosively(FrameworkMethod.java:44)
	at org.junit.internal.runners.statements.InvokeMethod.evaluate(InvokeMethod.java:17)
	at org.junit.rules.ExternalResource$1.evaluate(ExternalResource.java:48)
	at org.junit.rules.RunRules.evaluate(RunRules.java:20)
	at org.junit.runners.ParentRunner.runLeaf(ParentRunner.java:271)
	at org.junit.runners.BlockJUnit4ClassRunner.runChild(BlockJUnit4ClassRunner.java:70)
	at org.junit.runners.BlockJUnit4ClassRunner.runChild(BlockJUnit4ClassRunner.java:50)
	at org.junit.runners.ParentRunner$3.run(ParentRunner.java:238)
	at org.junit.runners.ParentRunner$1.schedule(ParentRunner.java:63)
	at org.junit.runners.ParentRunner.runChildren(ParentRunner.java:236)
	at org.junit.runners.ParentRunner.access$000(ParentRunner.java:53)
	at org.junit.runners.ParentRunner$2.evaluate(ParentRunner.java:229)
	at org.junit.runners.ParentRunner.run(ParentRunner.java:309)
	at org.apache.maven.surefire.junit4.JUnit4Provider.execute(JUnit4Provider.java:252)
	at org.apache.maven.surefire.junit4.JUnit4Provider.executeTestSet(JUnit4Provider.java:141)
	at org.apache.maven.surefire.junit4.JUnit4Provider.invoke(JUnit4Provider.java:112)
	at sun.reflect.NativeMethodAccessorImpl.invoke0(Native Method)
	at sun.reflect.NativeMethodAccessorImpl.invoke(NativeMethodAccessorImpl.java:57)
	at sun.reflect.DelegatingMethodAccessorImpl.invoke(DelegatingMethodAccessorImpl.java:43)
	at java.lang.reflect.Method.invoke(Method.java:606)
	at org.apache.maven.surefire.util.ReflectionUtils.invokeMethodWithArray(ReflectionUtils.java:189)
	at org.apache.maven.surefire.booter.ProviderFactory$ProviderProxy.invoke(ProviderFactory.java:165)
	at org.apache.maven.surefire.booter.ProviderFactory.invokeProvider(ProviderFactory.java:85)
	at org.apache.maven.surefire.booter.ForkedBooter.runSuitesInProcess(ForkedBooter.java:115)
	at org.apache.maven.surefire.booter.ForkedBooter.main(ForkedBooter.java:75)

Running retrofit.DefaultCallAdapterFactoryTest
Tests run: 8, Failures: 0, Errors: 0, Skipped: 0, Time elapsed: 0.303 sec
Running retrofit.CallTest
Jun 06, 2015 4:37:14 AM com.squareup.okhttp.mockwebserver.MockWebServer$2 execute
INFO: MockWebServer[58906] starting to accept connections
Jun 06, 2015 4:37:14 AM com.squareup.okhttp.mockwebserver.MockWebServer$3 processOneRequest
INFO: MockWebServer[58906] received request: GET / HTTP/1.1 and responded: HTTP/1.1 404 OK
Jun 06, 2015 4:37:14 AM com.squareup.okhttp.mockwebserver.MockWebServer$2 acceptConnections
INFO: MockWebServer[58906] done accepting connections: Socket closed
Jun 06, 2015 4:37:14 AM com.squareup.okhttp.mockwebserver.MockWebServer$2 execute
INFO: MockWebServer[35534] starting to accept connections
Jun 06, 2015 4:37:14 AM com.squareup.okhttp.mockwebserver.MockWebServer$2 acceptConnections
INFO: MockWebServer[35534] done accepting connections: Socket closed
Jun 06, 2015 4:37:14 AM com.squareup.okhttp.mockwebserver.MockWebServer$2 execute
INFO: MockWebServer[35628] starting to accept connections
Jun 06, 2015 4:37:14 AM com.squareup.okhttp.mockwebserver.MockWebServer$2 acceptConnections
INFO: MockWebServer[35628] done accepting connections: Socket closed
Jun 06, 2015 4:37:14 AM com.squareup.okhttp.mockwebserver.MockWebServer$3 processOneRequest
INFO: MockWebServer[35628] received request: GET / HTTP/1.1 and responded: HTTP/1.1 200 OK
Jun 06, 2015 4:37:14 AM com.squareup.okhttp.mockwebserver.MockWebServer$2 execute
INFO: MockWebServer[54740] starting to accept connections
Jun 06, 2015 4:37:14 AM com.squareup.okhttp.mockwebserver.MockWebServer$2 acceptConnections
INFO: MockWebServer[54740] done accepting connections: Socket is closed
Jun 06, 2015 4:37:14 AM com.squareup.okhttp.mockwebserver.MockWebServer$2 execute
INFO: MockWebServer[39242] starting to accept connections
Jun 06, 2015 4:37:14 AM com.squareup.okhttp.mockwebserver.MockWebServer$2 acceptConnections
INFO: MockWebServer[39242] done accepting connections: Socket closed
Jun 06, 2015 4:37:14 AM com.squareup.okhttp.mockwebserver.MockWebServer$3 processOneRequest
INFO: MockWebServer[39242] received request: GET / HTTP/1.1 and responded: HTTP/1.1 404 OK
Jun 06, 2015 4:37:14 AM com.squareup.okhttp.mockwebserver.MockWebServer$2 execute
INFO: MockWebServer[44498] starting to accept connections
Jun 06, 2015 4:37:14 AM com.squareup.okhttp.mockwebserver.MockWebServer$3 processOneRequest
INFO: MockWebServer[44498] received request: POST / HTTP/1.1 and responded: HTTP/1.1 200 OK
Jun 06, 2015 4:37:14 AM com.squareup.okhttp.mockwebserver.MockWebServer$2 acceptConnections
INFO: MockWebServer[44498] done accepting connections: Socket closed
Jun 06, 2015 4:37:14 AM com.squareup.okhttp.mockwebserver.MockWebServer$2 execute
INFO: MockWebServer[43328] starting to accept connections
Jun 06, 2015 4:37:14 AM com.squareup.okhttp.mockwebserver.MockWebServer$2 acceptConnections
INFO: MockWebServer[43328] done accepting connections: Socket closed
Jun 06, 2015 4:37:14 AM com.squareup.okhttp.mockwebserver.MockWebServer$3 processOneRequest
INFO: MockWebServer[43328] received request: GET / HTTP/1.1 and responded: HTTP/1.1 204 Nothin
Jun 06, 2015 4:37:14 AM com.squareup.okhttp.mockwebserver.MockWebServer$2 execute
INFO: MockWebServer[43536] starting to accept connections
Jun 06, 2015 4:37:14 AM com.squareup.okhttp.mockwebserver.MockWebServer$3 processOneRequest
INFO: MockWebServer[43536] received request: POST / HTTP/1.1 and responded: HTTP/1.1 200 OK
Jun 06, 2015 4:37:14 AM com.squareup.okhttp.mockwebserver.MockWebServer$2 acceptConnections
INFO: MockWebServer[43536] done accepting connections: Socket closed
Jun 06, 2015 4:37:14 AM com.squareup.okhttp.mockwebserver.MockWebServer$2 execute
INFO: MockWebServer[56169] starting to accept connections
Jun 06, 2015 4:37:14 AM com.squareup.okhttp.mockwebserver.MockWebServer$2 acceptConnections
INFO: MockWebServer[56169] done accepting connections: Socket is closed
Jun 06, 2015 4:37:14 AM com.squareup.okhttp.mockwebserver.MockWebServer$2 execute
INFO: MockWebServer[56810] starting to accept connections
Jun 06, 2015 4:37:14 AM com.squareup.okhttp.mockwebserver.MockWebServer$2 acceptConnections
INFO: MockWebServer[56810] done accepting connections: Socket closed
Jun 06, 2015 4:37:14 AM com.squareup.okhttp.mockwebserver.MockWebServer$3 processOneRequest
INFO: MockWebServer[56810] received request: GET / HTTP/1.1 and responded: HTTP/1.1 205 Nothin
Jun 06, 2015 4:37:14 AM com.squareup.okhttp.mockwebserver.MockWebServer$2 execute
INFO: MockWebServer[57389] starting to accept connections
Jun 06, 2015 4:37:14 AM com.squareup.okhttp.mockwebserver.MockWebServer$2 acceptConnections
INFO: MockWebServer[57389] done accepting connections: Socket closed
Jun 06, 2015 4:37:14 AM com.squareup.okhttp.mockwebserver.MockWebServer$2 execute
INFO: MockWebServer[38122] starting to accept connections
Jun 06, 2015 4:37:14 AM com.squareup.okhttp.mockwebserver.MockWebServer$3 processOneRequest
INFO: MockWebServer[38122] received request: GET / HTTP/1.1 and responded: HTTP/1.1 200 OK
Jun 06, 2015 4:37:14 AM com.squareup.okhttp.mockwebserver.MockWebServer$2 acceptConnections
INFO: MockWebServer[38122] done accepting connections: Socket closed
Jun 06, 2015 4:37:14 AM com.squareup.okhttp.mockwebserver.MockWebServer$2 execute
INFO: MockWebServer[44166] starting to accept connections
Jun 06, 2015 4:37:14 AM com.squareup.okhttp.mockwebserver.MockWebServer$3 processOneRequest
INFO: MockWebServer[44166] received request: GET / HTTP/1.1 and responded: HTTP/1.1 200 OK
Jun 06, 2015 4:37:14 AM com.squareup.okhttp.mockwebserver.MockWebServer$2 acceptConnections
INFO: MockWebServer[44166] done accepting connections: Socket closed
Tests run: 13, Failures: 0, Errors: 0, Skipped: 0, Time elapsed: 0.142 sec

Results :

Failed tests:   typeVariableNoBoundThrows(retrofit.RestAdapterTest): (..)
  typeVariableUpperBoundThrows(retrofit.RestAdapterTest): (..)
  typeVariableNestedThrows(retrofit.RestAdapterTest): (..)

Tests run: 119, Failures: 3, Errors: 0, Skipped: 2

[INFO] ------------------------------------------------------------------------
[INFO] Reactor Summary:
[INFO] 
[INFO] Retrofit (Parent) .................................. SUCCESS [  0.518 s]
[INFO] Retrofit ........................................... FAILURE [  6.340 s]
[INFO] Adapters ........................................... SKIPPED
[INFO] Adapter: RxJava .................................... SKIPPED
[INFO] Converters ......................................... SKIPPED
[INFO] Converter: Gson .................................... SKIPPED
[INFO] Converter: Protocol Buffers ........................ SKIPPED
[INFO] Converter: Jackson ................................. SKIPPED
[INFO] Converter: Wire Protocol Buffers ................... SKIPPED
[INFO] Converter: SimpleXML ............................... SKIPPED
[INFO] Samples ............................................ SKIPPED
[INFO] ------------------------------------------------------------------------
[INFO] BUILD FAILURE
[INFO] ------------------------------------------------------------------------
[INFO] Total time: 7.234 s
[INFO] Finished at: 2015-06-06T04:37:14+00:00
[INFO] Final Memory: 17M/465M
[INFO] ------------------------------------------------------------------------
[ERROR] Failed to execute goal org.apache.maven.plugins:maven-surefire-plugin:2.12.4:test (default-test) on project retrofit: There are test failures.
[ERROR] 
[ERROR] Please refer to /home/travis/build/square/retrofit/retrofit/target/surefire-reports for the individual test results.
[ERROR] -> [Help 1]
[ERROR] 
[ERROR] To see the full stack trace of the errors, re-run Maven with the -e switch.
[ERROR] Re-run Maven using the -X switch to enable full debug logging.
[ERROR] 
[ERROR] For more information about the errors and possible solutions, please read the following articles:
[ERROR] [Help 1] http://cwiki.apache.org/confluence/display/MAVEN/MojoFailureException
[ERROR] 
[ERROR] After correcting the problems, you can resume the build with the command
[ERROR]   mvn <goals> -rf :retrofit
travis_time:end:01e438d7:start=1433565424909929084,finish=1433565434691799633,duration=9781870549[0K
[31;1mThe command "mvn test -B" exited with 1.[0m
travis_fold:start:cache.2[0Kstore build cache
travis_time:start:07a3f1c0[0Kchange detected: /home/travis/.m2/repository/com/squareup/retrofit/parent/2.0.0-SNAPSHOT/_remote.repositories
changes detected, packing new archive
uploading archive
travis_time:end:07a3f1c0:start=1433565434697418195,finish=1433565447291973550,duration=12594555355[0Ktravis_fold:end:cache.2[0K
Done. Your build exited with 1.
