Using worker: worker-linux-docker-441094c0.prod.travis-ci.org:travis-linux-3

travis_fold:start:system_info[0K[33;1mBuild system information[0m
Build language: java
Build group: stable
Build dist: precise
[34m[1mBuild image provisioning date and time[0m
Thu Feb  5 15:09:33 UTC 2015
[34m[1mOperating System Details[0m
Distributor ID:	Ubuntu
Description:	Ubuntu 12.04.5 LTS
Release:	12.04
Codename:	precise
[34m[1mLinux Version[0m
3.13.0-29-generic
[34m[1mCookbooks Version[0m
a68419e https://github.com/travis-ci/travis-cookbooks/tree/a68419e
[34m[1mGCC version[0m
gcc (Ubuntu/Linaro 4.6.3-1ubuntu5) 4.6.3
Copyright (C) 2011 Free Software Foundation, Inc.
This is free software; see the source for copying conditions.  There is NO
warranty; not even for MERCHANTABILITY or FITNESS FOR A PARTICULAR PURPOSE.

[34m[1mLLVM version[0m
clang version 3.4 (tags/RELEASE_34/final)
Target: x86_64-unknown-linux-gnu
Thread model: posix
[34m[1mPre-installed Ruby versions[0m
ruby-1.9.3-p551
[34m[1mPre-installed Node.js versions[0m
v0.10.36
[34m[1mPre-installed Go versions[0m
1.4.1
[34m[1mRedis version[0m
redis-server 2.8.19
[34m[1mriak version[0m
2.0.2
[34m[1mMongoDB version[0m
MongoDB 2.4.12
[34m[1mCouchDB version[0m
couchdb 1.6.1
[34m[1mNeo4j version[0m
1.9.4
[34m[1mRabbitMQ Version[0m
3.4.3
[34m[1mElasticSearch version[0m
1.4.0
[34m[1mInstalled Sphinx versions[0m
2.0.10
2.1.9
2.2.6
[34m[1mDefault Sphinx version[0m
2.2.6
[34m[1mInstalled Firefox version[0m
firefox 31.0esr
[34m[1mPhantomJS version[0m
1.9.8
[34m[1mant -version[0m
Apache Ant(TM) version 1.8.2 compiled on December 3 2011
[34m[1mmvn -version[0m
Apache Maven 3.2.5 (12a6b3acb947671f09b81f49094c53f426d8cea1; 2014-12-14T17:29:23+00:00)
Maven home: /usr/local/maven
Java version: 1.7.0_76, vendor: Oracle Corporation
Java home: /usr/lib/jvm/java-7-oracle/jre
Default locale: en_US, platform encoding: ANSI_X3.4-1968
OS name: "linux", version: "3.13.0-29-generic", arch: "amd64", family: "unix"
travis_fold:end:system_info[0K
travis_fold:start:fix.CVE-2015-7547[0K$ export DEBIAN_FRONTEND=noninteractive
W: Size of file /var/lib/apt/lists/us.archive.ubuntu.com_ubuntu_dists_precise-backports_multiverse_source_Sources.gz is not what the server reported 5886 5888
W: Size of file /var/lib/apt/lists/ppa.launchpad.net_ubuntugis_ppa_ubuntu_dists_precise_main_binary-amd64_Packages.gz is not what the server reported 36669 36677
W: Size of file /var/lib/apt/lists/ppa.launchpad.net_ubuntugis_ppa_ubuntu_dists_precise_main_binary-i386_Packages.gz is not what the server reported 36729 36733
Reading package lists...
Building dependency tree...
Reading state information...
The following extra packages will be installed:
  libc-bin libc-dev-bin libc6-dev
Suggested packages:
  glibc-doc
The following packages will be upgraded:
  libc-bin libc-dev-bin libc6 libc6-dev
4 upgraded, 0 newly installed, 0 to remove and 232 not upgraded.
Need to get 8,844 kB of archives.
After this operation, 9,216 B disk space will be freed.
Get:1 http://us.archive.ubuntu.com/ubuntu/ precise-updates/main libc6-dev amd64 2.15-0ubuntu10.13 [2,943 kB]
Get:2 http://us.archive.ubuntu.com/ubuntu/ precise-updates/main libc-dev-bin amd64 2.15-0ubuntu10.13 [84.7 kB]
Get:3 http://us.archive.ubuntu.com/ubuntu/ precise-updates/main libc-bin amd64 2.15-0ubuntu10.13 [1,179 kB]
Get:4 http://us.archive.ubuntu.com/ubuntu/ precise-updates/main libc6 amd64 2.15-0ubuntu10.13 [4,637 kB]
Fetched 8,844 kB in 0s (33.8 MB/s)
Preconfiguring packages ...
(Reading database ... (Reading database ... 5%(Reading database ... 10%(Reading database ... 15%(Reading database ... 20%(Reading database ... 25%(Reading database ... 30%(Reading database ... 35%(Reading database ... 40%(Reading database ... 45%(Reading database ... 50%(Reading database ... 55%(Reading database ... 60%(Reading database ... 65%(Reading database ... 70%(Reading database ... 75%(Reading database ... 80%(Reading database ... 85%(Reading database ... 90%(Reading database ... 95%(Reading database ... 100%(Reading database ... 72019 files and directories currently installed.)
Preparing to replace libc6-dev 2.15-0ubuntu10.10 (using .../libc6-dev_2.15-0ubuntu10.13_amd64.deb) ...
Unpacking replacement libc6-dev ...
Preparing to replace libc-dev-bin 2.15-0ubuntu10.10 (using .../libc-dev-bin_2.15-0ubuntu10.13_amd64.deb) ...
Unpacking replacement libc-dev-bin ...
Preparing to replace libc-bin 2.15-0ubuntu10.10 (using .../libc-bin_2.15-0ubuntu10.13_amd64.deb) ...
Unpacking replacement libc-bin ...
Processing triggers for man-db ...
Setting up libc-bin (2.15-0ubuntu10.13) ...
(Reading database ... (Reading database ... 5%(Reading database ... 10%(Reading database ... 15%(Reading database ... 20%(Reading database ... 25%(Reading database ... 30%(Reading database ... 35%(Reading database ... 40%(Reading database ... 45%(Reading database ... 50%(Reading database ... 55%(Reading database ... 60%(Reading database ... 65%(Reading database ... 70%(Reading database ... 75%(Reading database ... 80%(Reading database ... 85%(Reading database ... 90%(Reading database ... 95%(Reading database ... 100%(Reading database ... 72019 files and directories currently installed.)
Preparing to replace libc6 2.15-0ubuntu10.10 (using .../libc6_2.15-0ubuntu10.13_amd64.deb) ...
Unpacking replacement libc6 ...
Setting up libc6 (2.15-0ubuntu10.13) ...
Setting up libc-dev-bin (2.15-0ubuntu10.13) ...
Setting up libc6-dev (2.15-0ubuntu10.13) ...
Processing triggers for libc-bin ...
ldconfig deferred processing now taking place
travis_fold:end:fix.CVE-2015-7547[0Ktravis_fold:start:git.checkout[0Ktravis_time:start:0f337a43[0K$ git clone --depth=50 --branch=version4 https://github.com/owlcs/owlapi.git owlcs/owlapi
Cloning into 'owlcs/owlapi'...
remote: Counting objects: 3646, done.[K
remote: Compressing objects:   0% (1/2055)   [Kremote: Compressing objects:   1% (21/2055)   [Kremote: Compressing objects:   2% (42/2055)   [Kremote: Compressing objects:   3% (62/2055)   [Kremote: Compressing objects:   4% (83/2055)   [Kremote: Compressing objects:   5% (103/2055)   [Kremote: Compressing objects:   6% (124/2055)   [Kremote: Compressing objects:   7% (144/2055)   [Kremote: Compressing objects:   8% (165/2055)   [Kremote: Compressing objects:   9% (185/2055)   [Kremote: Compressing objects:  10% (206/2055)   [Kremote: Compressing objects:  11% (227/2055)   [Kremote: Compressing objects:  12% (247/2055)   [Kremote: Compressing objects:  13% (268/2055)   [Kremote: Compressing objects:  14% (288/2055)   [Kremote: Compressing objects:  15% (309/2055)   [Kremote: Compressing objects:  16% (329/2055)   [Kremote: Compressing objects:  17% (350/2055)   [Kremote: Compressing objects:  18% (370/2055)   [Kremote: Compressing objects:  19% (391/2055)   [Kremote: Compressing objects:  20% (411/2055)   [Kremote: Compressing objects:  21% (432/2055)   [Kremote: Compressing objects:  22% (453/2055)   [Kremote: Compressing objects:  23% (473/2055)   [Kremote: Compressing objects:  24% (494/2055)   [Kremote: Compressing objects:  25% (514/2055)   [Kremote: Compressing objects:  26% (535/2055)   [Kremote: Compressing objects:  27% (555/2055)   [Kremote: Compressing objects:  28% (576/2055)   [Kremote: Compressing objects:  29% (596/2055)   [Kremote: Compressing objects:  30% (617/2055)   [Kremote: Compressing objects:  31% (638/2055)   [Kremote: Compressing objects:  32% (658/2055)   [Kremote: Compressing objects:  33% (679/2055)   [Kremote: Compressing objects:  34% (699/2055)   [Kremote: Compressing objects:  35% (720/2055)   [Kremote: Compressing objects:  36% (740/2055)   [Kremote: Compressing objects:  37% (761/2055)   [Kremote: Compressing objects:  38% (781/2055)   [Kremote: Compressing objects:  39% (802/2055)   [Kremote: Compressing objects:  40% (822/2055)   [Kremote: Compressing objects:  41% (843/2055)   [Kremote: Compressing objects:  42% (864/2055)   [Kremote: Compressing objects:  43% (884/2055)   [Kremote: Compressing objects:  44% (905/2055)   [Kremote: Compressing objects:  45% (925/2055)   [Kremote: Compressing objects:  46% (946/2055)   [Kremote: Compressing objects:  47% (966/2055)   [Kremote: Compressing objects:  48% (987/2055)   [Kremote: Compressing objects:  49% (1007/2055)   [Kremote: Compressing objects:  50% (1028/2055)   [Kremote: Compressing objects:  51% (1049/2055)   [Kremote: Compressing objects:  52% (1069/2055)   [Kremote: Compressing objects:  53% (1090/2055)   [Kremote: Compressing objects:  54% (1110/2055)   [Kremote: Compressing objects:  55% (1131/2055)   [Kremote: Compressing objects:  56% (1151/2055)   [Kremote: Compressing objects:  57% (1172/2055)   [Kremote: Compressing objects:  58% (1192/2055)   [Kremote: Compressing objects:  59% (1213/2055)   [Kremote: Compressing objects:  60% (1233/2055)   [Kremote: Compressing objects:  61% (1254/2055)   [Kremote: Compressing objects:  62% (1275/2055)   [Kremote: Compressing objects:  63% (1295/2055)   [Kremote: Compressing objects:  64% (1316/2055)   [Kremote: Compressing objects:  65% (1336/2055)   [Kremote: Compressing objects:  66% (1357/2055)   [Kremote: Compressing objects:  67% (1377/2055)   [Kremote: Compressing objects:  68% (1398/2055)   [Kremote: Compressing objects:  69% (1418/2055)   [Kremote: Compressing objects:  70% (1439/2055)   [Kremote: Compressing objects:  71% (1460/2055)   [Kremote: Compressing objects:  72% (1480/2055)   [Kremote: Compressing objects:  73% (1501/2055)   [Kremote: Compressing objects:  74% (1521/2055)   [Kremote: Compressing objects:  75% (1542/2055)   [Kremote: Compressing objects:  76% (1562/2055)   [Kremote: Compressing objects:  77% (1583/2055)   [Kremote: Compressing objects:  78% (1603/2055)   [Kremote: Compressing objects:  79% (1624/2055)   [Kremote: Compressing objects:  80% (1644/2055)   [Kremote: Compressing objects:  81% (1665/2055)   [Kremote: Compressing objects:  82% (1686/2055)   [Kremote: Compressing objects:  83% (1706/2055)   [Kremote: Compressing objects:  84% (1727/2055)   [Kremote: Compressing objects:  85% (1747/2055)   [Kremote: Compressing objects:  86% (1768/2055)   [Kremote: Compressing objects:  87% (1788/2055)   [Kremote: Compressing objects:  88% (1809/2055)   [Kremote: Compressing objects:  89% (1829/2055)   [Kremote: Compressing objects:  90% (1850/2055)   [Kremote: Compressing objects:  91% (1871/2055)   [Kremote: Compressing objects:  92% (1891/2055)   [Kremote: Compressing objects:  93% (1912/2055)   [Kremote: Compressing objects:  94% (1932/2055)   [Kremote: Compressing objects:  95% (1953/2055)   [Kremote: Compressing objects:  96% (1973/2055)   [Kremote: Compressing objects:  97% (1994/2055)   [Kremote: Compressing objects:  98% (2014/2055)   [Kremote: Compressing objects:  99% (2035/2055)   [Kremote: Compressing objects: 100% (2055/2055)   [Kremote: Compressing objects: 100% (2055/2055), done.[K
Receiving objects:   0% (1/3646)   Receiving objects:   1% (37/3646)   Receiving objects:   2% (73/3646)   Receiving objects:   3% (110/3646)   Receiving objects:   4% (146/3646)   Receiving objects:   5% (183/3646)   Receiving objects:   6% (219/3646)   Receiving objects:   7% (256/3646)   Receiving objects:   8% (292/3646)   Receiving objects:   9% (329/3646)   Receiving objects:  10% (365/3646)   Receiving objects:  11% (402/3646)   Receiving objects:  12% (438/3646)   Receiving objects:  13% (474/3646)   Receiving objects:  14% (511/3646)   Receiving objects:  15% (547/3646)   Receiving objects:  16% (584/3646)   Receiving objects:  17% (620/3646)   Receiving objects:  18% (657/3646)   Receiving objects:  19% (693/3646)   Receiving objects:  20% (730/3646)   Receiving objects:  21% (766/3646)   Receiving objects:  22% (803/3646)   Receiving objects:  23% (839/3646)   Receiving objects:  24% (876/3646)   Receiving objects:  25% (912/3646)   Receiving objects:  26% (948/3646)   Receiving objects:  27% (985/3646)   Receiving objects:  28% (1021/3646)   Receiving objects:  29% (1058/3646)   Receiving objects:  30% (1094/3646)   Receiving objects:  31% (1131/3646)   Receiving objects:  32% (1167/3646)   Receiving objects:  33% (1204/3646)   Receiving objects:  34% (1240/3646)   Receiving objects:  35% (1277/3646)   Receiving objects:  36% (1313/3646)   Receiving objects:  37% (1350/3646)   Receiving objects:  38% (1386/3646)   Receiving objects:  39% (1422/3646)   Receiving objects:  40% (1459/3646)   Receiving objects:  41% (1495/3646)   Receiving objects:  42% (1532/3646)   Receiving objects:  43% (1568/3646)   Receiving objects:  44% (1605/3646)   Receiving objects:  45% (1641/3646)   Receiving objects:  46% (1678/3646)   Receiving objects:  47% (1714/3646)   Receiving objects:  48% (1751/3646)   Receiving objects:  49% (1787/3646)   Receiving objects:  50% (1823/3646)   Receiving objects:  51% (1860/3646)   Receiving objects:  52% (1896/3646)   Receiving objects:  53% (1933/3646)   Receiving objects:  54% (1969/3646)   Receiving objects:  55% (2006/3646)   Receiving objects:  56% (2042/3646)   Receiving objects:  57% (2079/3646)   Receiving objects:  58% (2115/3646)   Receiving objects:  59% (2152/3646)   Receiving objects:  60% (2188/3646)   Receiving objects:  61% (2225/3646)   Receiving objects:  62% (2261/3646)   Receiving objects:  63% (2297/3646)   Receiving objects:  64% (2334/3646)   Receiving objects:  65% (2370/3646)   Receiving objects:  66% (2407/3646)   Receiving objects:  67% (2443/3646)   Receiving objects:  68% (2480/3646)   Receiving objects:  69% (2516/3646)   Receiving objects:  70% (2553/3646)   Receiving objects:  71% (2589/3646)   Receiving objects:  72% (2626/3646)   Receiving objects:  73% (2662/3646)   Receiving objects:  74% (2699/3646)   Receiving objects:  75% (2735/3646)   Receiving objects:  76% (2771/3646)   Receiving objects:  77% (2808/3646)   Receiving objects:  78% (2844/3646)   Receiving objects:  79% (2881/3646)   Receiving objects:  80% (2917/3646)   Receiving objects:  81% (2954/3646)   Receiving objects:  82% (2990/3646)   Receiving objects:  83% (3027/3646)   Receiving objects:  84% (3063/3646)   Receiving objects:  85% (3100/3646)   Receiving objects:  86% (3136/3646)   remote: Total 3646 (delta 1995), reused 2362 (delta 1203), pack-reused 0[K
Receiving objects:  87% (3173/3646)   Receiving objects:  88% (3209/3646)   Receiving objects:  89% (3245/3646)   Receiving objects:  90% (3282/3646)   Receiving objects:  91% (3318/3646)   Receiving objects:  92% (3355/3646)   Receiving objects:  93% (3391/3646)   Receiving objects:  94% (3428/3646)   Receiving objects:  95% (3464/3646)   Receiving objects:  96% (3501/3646)   Receiving objects:  97% (3537/3646)   Receiving objects:  98% (3574/3646)   Receiving objects:  99% (3610/3646)   Receiving objects: 100% (3646/3646)   Receiving objects: 100% (3646/3646), 2.16 MiB | 0 bytes/s, done.
Resolving deltas:   0% (0/1995)   Resolving deltas:   3% (79/1995)   Resolving deltas:   4% (86/1995)   Resolving deltas:   7% (149/1995)   Resolving deltas:   9% (183/1995)   Resolving deltas:  11% (223/1995)   Resolving deltas:  14% (291/1995)   Resolving deltas:  15% (300/1995)   Resolving deltas:  16% (332/1995)   Resolving deltas:  19% (398/1995)   Resolving deltas:  20% (410/1995)   Resolving deltas:  25% (516/1995)   Resolving deltas:  26% (535/1995)   Resolving deltas:  27% (547/1995)   Resolving deltas:  28% (568/1995)   Resolving deltas:  29% (581/1995)   Resolving deltas:  30% (609/1995)   Resolving deltas:  33% (665/1995)   Resolving deltas:  34% (682/1995)   Resolving deltas:  35% (700/1995)   Resolving deltas:  36% (728/1995)   Resolving deltas:  37% (742/1995)   Resolving deltas:  38% (759/1995)   Resolving deltas:  39% (781/1995)   Resolving deltas:  40% (801/1995)   Resolving deltas:  41% (818/1995)   Resolving deltas:  42% (845/1995)   Resolving deltas:  45% (903/1995)   Resolving deltas:  46% (928/1995)   Resolving deltas:  47% (938/1995)   Resolving deltas:  48% (960/1995)   Resolving deltas:  49% (978/1995)   Resolving deltas:  50% (998/1995)   Resolving deltas:  51% (1018/1995)   Resolving deltas:  52% (1040/1995)   Resolving deltas:  53% (1060/1995)   Resolving deltas:  54% (1078/1995)   Resolving deltas:  55% (1098/1995)   Resolving deltas:  56% (1118/1995)   Resolving deltas:  58% (1162/1995)   Resolving deltas:  59% (1190/1995)   Resolving deltas:  61% (1232/1995)   Resolving deltas:  62% (1238/1995)   Resolving deltas:  63% (1272/1995)   Resolving deltas:  64% (1281/1995)   Resolving deltas:  65% (1299/1995)   Resolving deltas:  66% (1320/1995)   Resolving deltas:  67% (1337/1995)   Resolving deltas:  68% (1360/1995)   Resolving deltas:  69% (1383/1995)   Resolving deltas:  70% (1398/1995)   Resolving deltas:  71% (1426/1995)   Resolving deltas:  72% (1442/1995)   Resolving deltas:  74% (1484/1995)   Resolving deltas:  75% (1504/1995)   Resolving deltas:  77% (1556/1995)   Resolving deltas:  78% (1567/1995)   Resolving deltas:  79% (1590/1995)   Resolving deltas:  80% (1609/1995)   Resolving deltas:  81% (1617/1995)   Resolving deltas:  82% (1640/1995)   Resolving deltas:  83% (1656/1995)   Resolving deltas:  84% (1676/1995)   Resolving deltas:  85% (1697/1995)   Resolving deltas:  86% (1716/1995)   Resolving deltas:  88% (1757/1995)   Resolving deltas:  89% (1779/1995)   Resolving deltas:  90% (1802/1995)   Resolving deltas:  91% (1816/1995)   Resolving deltas:  92% (1841/1995)   Resolving deltas:  93% (1856/1995)   Resolving deltas:  94% (1877/1995)   Resolving deltas:  95% (1897/1995)   Resolving deltas:  96% (1917/1995)   Resolving deltas:  97% (1940/1995)   Resolving deltas:  98% (1974/1995)   Resolving deltas:  99% (1977/1995)   Resolving deltas: 100% (1995/1995)   Resolving deltas: 100% (1995/1995), done.
Checking connectivity... done.

travis_time:end:0f337a43:start=1457221878901072651,finish=1457221880164101591,duration=1263028940[0K$ cd owlcs/owlapi
$ git checkout -qf 90a563878c66a73f674b80d58fe8f3407729db26
travis_fold:end:git.checkout[0K
[33;1mThis job is running on container-based infrastructure, which does not allow use of 'sudo', setuid and setguid executables.[0m
[33;1mIf you require sudo, add 'sudo: required' to your .travis.yml[0m
[33;1mSee https://docs.travis-ci.com/user/workers/container-based-infrastructure/ for details.[0m
$ jdk_switcher use openjdk7
Switching to OpenJDK7 (java-1.7.0-openjdk-amd64), JAVA_HOME will be set to /usr/lib/jvm/java-7-openjdk-amd64
travis_fold:start:cache.1[0KSetting up build cache
$ export CASHER_DIR=$HOME/.casher
travis_time:start:064cbb6a[0K$ Installing caching utilities

travis_time:end:064cbb6a:start=1457221882911150930,finish=1457221882959589134,duration=48438204[0Ktravis_time:start:2f1f0f30[0K
travis_time:end:2f1f0f30:start=1457221882964359112,finish=1457221882967433306,duration=3074194[0Ktravis_time:start:2a35112e[0K[32;1mattempting to download cache archive[0m
[32;1mfetching version4/cache--jdk-openjdk7.tgz[0m
[32;1mfound cache[0m

travis_time:end:2a35112e:start=1457221882971365433,finish=1457221885791664741,duration=2820299308[0Ktravis_time:start:11912241[0K
travis_time:end:11912241:start=1457221885795553455,finish=1457221885798895499,duration=3342044[0Ktravis_time:start:1e6a3046[0K[32;1madding /home/travis/.m2 to cache[0m

travis_time:end:1e6a3046:start=1457221885802607043,finish=1457221888538433012,duration=2735825969[0Ktravis_fold:end:cache.1[0K$ java -Xmx32m -version
java version "1.7.0_75"
OpenJDK Runtime Environment (IcedTea 2.5.4) (7u75-2.5.4-1~precise1)
OpenJDK 64-Bit Server VM (build 24.75-b04, mixed mode)
$ javac -J-Xmx32m -version
javac 1.7.0_75
travis_fold:start:install[0Ktravis_time:start:3a2f8373[0K$ mvn install -DskipTests=true -Dmaven.javadoc.skip=true -B -V
Apache Maven 3.2.5 (12a6b3acb947671f09b81f49094c53f426d8cea1; 2014-12-14T17:29:23+00:00)
Maven home: /usr/local/maven
Java version: 1.7.0_75, vendor: Oracle Corporation
Java home: /usr/lib/jvm/java-7-openjdk-amd64/jre
Default locale: en_US, platform encoding: UTF-8
OS name: "linux", version: "3.13.0-40-generic", arch: "amd64", family: "unix"
[INFO] Scanning for projects...
[INFO] Inspecting build with total of 13 modules...
[INFO] Installing Nexus Staging features:
[INFO]   ... total of 13 executions of maven-deploy-plugin replaced with nexus-staging-maven-plugin
[INFO] ------------------------------------------------------------------------
[INFO] Reactor Build Order:
[INFO] 
[INFO] OWLAPI
[INFO] OWLAPI Model Interfaces and utilities
[INFO] OWLAPI Default Implementation
[INFO] tools
[INFO] parsers
[INFO] oboformat parser
[INFO] OWLAPITOOLS OWL profile and fixers
[INFO] OWLAPI :: Sesame Rio module
[INFO] OWLAPI Binding and Config
[INFO] compatibility
[INFO] tests and tutorials
[INFO] OWLAPI Distribution
[INFO] OWLAPI OSGi and Compatibility Distribution
[INFO]                                                                         
[INFO] ------------------------------------------------------------------------
[INFO] Building OWLAPI 4.2.1
[INFO] ------------------------------------------------------------------------
[INFO] 
[INFO] --- maven-enforcer-plugin:1.0:enforce (enforce-maven) @ owlapi-parent ---
[INFO] 
[INFO] --- animal-sniffer-maven-plugin:1.13:check (default) @ owlapi-parent ---
[INFO] Checking unresolved references to org.codehaus.mojo.signature:java17:1.0
[INFO] 
[INFO] >>> maven-source-plugin:2.2.1:jar (attach-sources) > generate-sources @ owlapi-parent >>>
[INFO] 
[INFO] --- maven-enforcer-plugin:1.0:enforce (enforce-maven) @ owlapi-parent ---
[INFO] 
[INFO] <<< maven-source-plugin:2.2.1:jar (attach-sources) < generate-sources @ owlapi-parent <<<
[INFO] 
[INFO] --- maven-source-plugin:2.2.1:jar (attach-sources) @ owlapi-parent ---
[INFO] 
[INFO] --- maven-javadoc-plugin:2.8.1:jar (attach-javadocs) @ owlapi-parent ---
[INFO] Skipping javadoc generation
[INFO] 
[INFO] --- maven-install-plugin:2.4:install (default-install) @ owlapi-parent ---
[INFO] Installing /home/travis/build/owlcs/owlapi/pom.xml to /home/travis/.m2/repository/net/sourceforge/owlapi/owlapi-parent/4.2.1/owlapi-parent-4.2.1.pom
[INFO]                                                                         
[INFO] ------------------------------------------------------------------------
[INFO] Building OWLAPI Model Interfaces and utilities 4.2.1
[INFO] ------------------------------------------------------------------------
[INFO] 
[INFO] --- maven-enforcer-plugin:1.0:enforce (enforce-maven) @ owlapi-api ---
[INFO] 
[INFO] --- maven-resources-plugin:2.6:resources (default-resources) @ owlapi-api ---
[INFO] Using 'UTF-8' encoding to copy filtered resources.
[INFO] skip non existing resourceDirectory /home/travis/build/owlcs/owlapi/api/src/main/resources
[INFO] 
[INFO] --- maven-compiler-plugin:2.3.2:compile (default-compile) @ owlapi-api ---
[INFO] Compiling 682 source files to /home/travis/build/owlcs/owlapi/api/target/classes
[INFO] 
[INFO] --- maven-resources-plugin:2.6:testResources (default-testResources) @ owlapi-api ---
[INFO] Using 'UTF-8' encoding to copy filtered resources.
[INFO] Copying 1 resource
[INFO] 
[INFO] --- maven-compiler-plugin:2.3.2:testCompile (default-testCompile) @ owlapi-api ---
[INFO] Compiling 16 source files to /home/travis/build/owlcs/owlapi/api/target/test-classes
[INFO] 
[INFO] --- maven-surefire-plugin:2.18.1:test (default-test) @ owlapi-api ---
[INFO] Tests are skipped.
[INFO] 
[INFO] --- animal-sniffer-maven-plugin:1.13:check (default) @ owlapi-api ---
[INFO] Checking unresolved references to org.codehaus.mojo.signature:java17:1.0
[INFO] 
[INFO] --- maven-jar-plugin:2.4:jar (default-jar) @ owlapi-api ---
[INFO] Building jar: /home/travis/build/owlcs/owlapi/api/target/owlapi-api-4.2.1.jar
[INFO] 
[INFO] >>> maven-source-plugin:2.2.1:jar (attach-sources) > generate-sources @ owlapi-api >>>
[INFO] 
[INFO] --- maven-enforcer-plugin:1.0:enforce (enforce-maven) @ owlapi-api ---
[INFO] 
[INFO] <<< maven-source-plugin:2.2.1:jar (attach-sources) < generate-sources @ owlapi-api <<<
[INFO] 
[INFO] --- maven-source-plugin:2.2.1:jar (attach-sources) @ owlapi-api ---
[INFO] Building jar: /home/travis/build/owlcs/owlapi/api/target/owlapi-api-4.2.1-sources.jar
[INFO] 
[INFO] --- maven-javadoc-plugin:2.8.1:jar (attach-javadocs) @ owlapi-api ---
[INFO] Skipping javadoc generation
[INFO] 
[INFO] --- maven-install-plugin:2.4:install (default-install) @ owlapi-api ---
[INFO] Installing /home/travis/build/owlcs/owlapi/api/target/owlapi-api-4.2.1.jar to /home/travis/.m2/repository/net/sourceforge/owlapi/owlapi-api/4.2.1/owlapi-api-4.2.1.jar
[INFO] Installing /home/travis/build/owlcs/owlapi/api/pom.xml to /home/travis/.m2/repository/net/sourceforge/owlapi/owlapi-api/4.2.1/owlapi-api-4.2.1.pom
[INFO] Installing /home/travis/build/owlcs/owlapi/api/target/owlapi-api-4.2.1-sources.jar to /home/travis/.m2/repository/net/sourceforge/owlapi/owlapi-api/4.2.1/owlapi-api-4.2.1-sources.jar
[INFO]                                                                         
[INFO] ------------------------------------------------------------------------
[INFO] Building OWLAPI Default Implementation 4.2.1
[INFO] ------------------------------------------------------------------------
[INFO] 
[INFO] --- maven-enforcer-plugin:1.0:enforce (enforce-maven) @ owlapi-impl ---
[INFO] 
[INFO] --- maven-resources-plugin:2.6:resources (default-resources) @ owlapi-impl ---
[INFO] Using 'UTF-8' encoding to copy filtered resources.
[INFO] skip non existing resourceDirectory /home/travis/build/owlcs/owlapi/impl/src/main/resources
[INFO] 
[INFO] --- maven-compiler-plugin:2.3.2:compile (default-compile) @ owlapi-impl ---
[INFO] Compiling 182 source files to /home/travis/build/owlcs/owlapi/impl/target/classes
[INFO] 
[INFO] --- maven-resources-plugin:2.6:testResources (default-testResources) @ owlapi-impl ---
[INFO] Using 'UTF-8' encoding to copy filtered resources.
[INFO] skip non existing resourceDirectory /home/travis/build/owlcs/owlapi/impl/src/test/resources
[INFO] 
[INFO] --- maven-compiler-plugin:2.3.2:testCompile (default-testCompile) @ owlapi-impl ---
[INFO] Compiling 8 source files to /home/travis/build/owlcs/owlapi/impl/target/test-classes
[INFO] 
[INFO] --- maven-surefire-plugin:2.18.1:test (default-test) @ owlapi-impl ---
[INFO] Tests are skipped.
[INFO] 
[INFO] --- animal-sniffer-maven-plugin:1.13:check (default) @ owlapi-impl ---
[INFO] Checking unresolved references to org.codehaus.mojo.signature:java17:1.0
[INFO] 
[INFO] --- maven-jar-plugin:2.4:jar (default-jar) @ owlapi-impl ---
[INFO] Building jar: /home/travis/build/owlcs/owlapi/impl/target/owlapi-impl-4.2.1.jar
[INFO] 
[INFO] >>> maven-source-plugin:2.2.1:jar (attach-sources) > generate-sources @ owlapi-impl >>>
[INFO] 
[INFO] --- maven-enforcer-plugin:1.0:enforce (enforce-maven) @ owlapi-impl ---
[INFO] 
[INFO] <<< maven-source-plugin:2.2.1:jar (attach-sources) < generate-sources @ owlapi-impl <<<
[INFO] 
[INFO] --- maven-source-plugin:2.2.1:jar (attach-sources) @ owlapi-impl ---
[INFO] Building jar: /home/travis/build/owlcs/owlapi/impl/target/owlapi-impl-4.2.1-sources.jar
[INFO] 
[INFO] --- maven-javadoc-plugin:2.8.1:jar (attach-javadocs) @ owlapi-impl ---
[INFO] Skipping javadoc generation
[INFO] 
[INFO] --- maven-install-plugin:2.4:install (default-install) @ owlapi-impl ---
[INFO] Installing /home/travis/build/owlcs/owlapi/impl/target/owlapi-impl-4.2.1.jar to /home/travis/.m2/repository/net/sourceforge/owlapi/owlapi-impl/4.2.1/owlapi-impl-4.2.1.jar
[INFO] Installing /home/travis/build/owlcs/owlapi/impl/pom.xml to /home/travis/.m2/repository/net/sourceforge/owlapi/owlapi-impl/4.2.1/owlapi-impl-4.2.1.pom
[INFO] Installing /home/travis/build/owlcs/owlapi/impl/target/owlapi-impl-4.2.1-sources.jar to /home/travis/.m2/repository/net/sourceforge/owlapi/owlapi-impl/4.2.1/owlapi-impl-4.2.1-sources.jar
[INFO]                                                                         
[INFO] ------------------------------------------------------------------------
[INFO] Building tools 4.2.1
[INFO] ------------------------------------------------------------------------
[INFO] 
[INFO] --- maven-enforcer-plugin:1.0:enforce (enforce-maven) @ owlapi-tools ---
[INFO] 
[INFO] --- maven-resources-plugin:2.6:resources (default-resources) @ owlapi-tools ---
[INFO] Using 'UTF-8' encoding to copy filtered resources.
[INFO] skip non existing resourceDirectory /home/travis/build/owlcs/owlapi/tools/src/main/resources
[INFO] 
[INFO] --- maven-compiler-plugin:2.3.2:compile (default-compile) @ owlapi-tools ---
[INFO] Compiling 75 source files to /home/travis/build/owlcs/owlapi/tools/target/classes
[INFO] 
[INFO] --- maven-resources-plugin:2.6:testResources (default-testResources) @ owlapi-tools ---
[INFO] Using 'UTF-8' encoding to copy filtered resources.
[INFO] skip non existing resourceDirectory /home/travis/build/owlcs/owlapi/tools/src/test/resources
[INFO] 
[INFO] --- maven-compiler-plugin:2.3.2:testCompile (default-testCompile) @ owlapi-tools ---
[INFO] No sources to compile
[INFO] 
[INFO] --- maven-surefire-plugin:2.18.1:test (default-test) @ owlapi-tools ---
[INFO] Tests are skipped.
[INFO] 
[INFO] --- animal-sniffer-maven-plugin:1.13:check (default) @ owlapi-tools ---
[INFO] Checking unresolved references to org.codehaus.mojo.signature:java17:1.0
[INFO] 
[INFO] --- maven-jar-plugin:2.4:jar (default-jar) @ owlapi-tools ---
[INFO] Building jar: /home/travis/build/owlcs/owlapi/tools/target/owlapi-tools-4.2.1.jar
[INFO] 
[INFO] >>> maven-source-plugin:2.2.1:jar (attach-sources) > generate-sources @ owlapi-tools >>>
[INFO] 
[INFO] --- maven-enforcer-plugin:1.0:enforce (enforce-maven) @ owlapi-tools ---
[INFO] 
[INFO] <<< maven-source-plugin:2.2.1:jar (attach-sources) < generate-sources @ owlapi-tools <<<
[INFO] 
[INFO] --- maven-source-plugin:2.2.1:jar (attach-sources) @ owlapi-tools ---
[INFO] Building jar: /home/travis/build/owlcs/owlapi/tools/target/owlapi-tools-4.2.1-sources.jar
[INFO] 
[INFO] --- maven-javadoc-plugin:2.8.1:jar (attach-javadocs) @ owlapi-tools ---
[INFO] Skipping javadoc generation
[INFO] 
[INFO] --- maven-install-plugin:2.4:install (default-install) @ owlapi-tools ---
[INFO] Installing /home/travis/build/owlcs/owlapi/tools/target/owlapi-tools-4.2.1.jar to /home/travis/.m2/repository/net/sourceforge/owlapi/owlapi-tools/4.2.1/owlapi-tools-4.2.1.jar
[INFO] Installing /home/travis/build/owlcs/owlapi/tools/pom.xml to /home/travis/.m2/repository/net/sourceforge/owlapi/owlapi-tools/4.2.1/owlapi-tools-4.2.1.pom
[INFO] Installing /home/travis/build/owlcs/owlapi/tools/target/owlapi-tools-4.2.1-sources.jar to /home/travis/.m2/repository/net/sourceforge/owlapi/owlapi-tools/4.2.1/owlapi-tools-4.2.1-sources.jar
[INFO]                                                                         
[INFO] ------------------------------------------------------------------------
[INFO] Building parsers 4.2.1
[INFO] ------------------------------------------------------------------------
[INFO] 
[INFO] --- maven-enforcer-plugin:1.0:enforce (enforce-maven) @ owlapi-parsers ---
[INFO] 
[INFO] --- maven-resources-plugin:2.6:resources (default-resources) @ owlapi-parsers ---
[INFO] Using 'UTF-8' encoding to copy filtered resources.
[INFO] Copying 2 resources
[INFO] 
[INFO] --- maven-compiler-plugin:2.3.2:compile (default-compile) @ owlapi-parsers ---
[INFO] Compiling 183 source files to /home/travis/build/owlcs/owlapi/parsers/target/classes
[INFO] 
[INFO] --- maven-resources-plugin:2.6:testResources (default-testResources) @ owlapi-parsers ---
[INFO] Using 'UTF-8' encoding to copy filtered resources.
[INFO] skip non existing resourceDirectory /home/travis/build/owlcs/owlapi/parsers/src/test/resources
[INFO] 
[INFO] --- maven-compiler-plugin:2.3.2:testCompile (default-testCompile) @ owlapi-parsers ---
[INFO] Compiling 1 source file to /home/travis/build/owlcs/owlapi/parsers/target/test-classes
[INFO] 
[INFO] --- maven-surefire-plugin:2.18.1:test (default-test) @ owlapi-parsers ---
[INFO] Tests are skipped.
[INFO] 
[INFO] --- animal-sniffer-maven-plugin:1.13:check (default) @ owlapi-parsers ---
[INFO] Checking unresolved references to org.codehaus.mojo.signature:java17:1.0
[INFO] 
[INFO] --- maven-jar-plugin:2.4:jar (default-jar) @ owlapi-parsers ---
[INFO] Building jar: /home/travis/build/owlcs/owlapi/parsers/target/owlapi-parsers-4.2.1.jar
[INFO] 
[INFO] >>> maven-source-plugin:2.2.1:jar (attach-sources) > generate-sources @ owlapi-parsers >>>
[INFO] 
[INFO] --- maven-enforcer-plugin:1.0:enforce (enforce-maven) @ owlapi-parsers ---
[INFO] 
[INFO] <<< maven-source-plugin:2.2.1:jar (attach-sources) < generate-sources @ owlapi-parsers <<<
[INFO] 
[INFO] --- maven-source-plugin:2.2.1:jar (attach-sources) @ owlapi-parsers ---
[INFO] Building jar: /home/travis/build/owlcs/owlapi/parsers/target/owlapi-parsers-4.2.1-sources.jar
[INFO] 
[INFO] --- maven-javadoc-plugin:2.8.1:jar (attach-javadocs) @ owlapi-parsers ---
[INFO] Skipping javadoc generation
[INFO] 
[INFO] --- maven-install-plugin:2.4:install (default-install) @ owlapi-parsers ---
[INFO] Installing /home/travis/build/owlcs/owlapi/parsers/target/owlapi-parsers-4.2.1.jar to /home/travis/.m2/repository/net/sourceforge/owlapi/owlapi-parsers/4.2.1/owlapi-parsers-4.2.1.jar
[INFO] Installing /home/travis/build/owlcs/owlapi/parsers/pom.xml to /home/travis/.m2/repository/net/sourceforge/owlapi/owlapi-parsers/4.2.1/owlapi-parsers-4.2.1.pom
[INFO] Installing /home/travis/build/owlcs/owlapi/parsers/target/owlapi-parsers-4.2.1-sources.jar to /home/travis/.m2/repository/net/sourceforge/owlapi/owlapi-parsers/4.2.1/owlapi-parsers-4.2.1-sources.jar
[INFO]                                                                         
[INFO] ------------------------------------------------------------------------
[INFO] Building oboformat parser 4.2.1
[INFO] ------------------------------------------------------------------------
[INFO] 
[INFO] --- maven-enforcer-plugin:1.0:enforce (enforce-maven) @ owlapi-oboformat ---
[INFO] 
[INFO] --- maven-resources-plugin:2.6:resources (default-resources) @ owlapi-oboformat ---
[INFO] Using 'UTF-8' encoding to copy filtered resources.
[INFO] Copying 2 resources
[INFO] 
[INFO] --- maven-compiler-plugin:2.3.2:compile (default-compile) @ owlapi-oboformat ---
[INFO] Compiling 34 source files to /home/travis/build/owlcs/owlapi/oboformat/target/classes
[INFO] 
[INFO] --- maven-resources-plugin:2.6:testResources (default-testResources) @ owlapi-oboformat ---
[INFO] Using 'UTF-8' encoding to copy filtered resources.
[INFO] skip non existing resourceDirectory /home/travis/build/owlcs/owlapi/oboformat/src/test/resources
[INFO] 
[INFO] --- maven-compiler-plugin:2.3.2:testCompile (default-testCompile) @ owlapi-oboformat ---
[INFO] Compiling 1 source file to /home/travis/build/owlcs/owlapi/oboformat/target/test-classes
[INFO] 
[INFO] --- maven-surefire-plugin:2.18.1:test (default-test) @ owlapi-oboformat ---
[INFO] Tests are skipped.
[INFO] 
[INFO] --- animal-sniffer-maven-plugin:1.13:check (default) @ owlapi-oboformat ---
[INFO] Checking unresolved references to org.codehaus.mojo.signature:java17:1.0
[INFO] 
[INFO] --- maven-jar-plugin:2.4:jar (default-jar) @ owlapi-oboformat ---
[INFO] Building jar: /home/travis/build/owlcs/owlapi/oboformat/target/owlapi-oboformat-4.2.1.jar
[INFO] 
[INFO] >>> maven-source-plugin:2.2.1:jar (attach-sources) > generate-sources @ owlapi-oboformat >>>
[INFO] 
[INFO] --- maven-enforcer-plugin:1.0:enforce (enforce-maven) @ owlapi-oboformat ---
[INFO] 
[INFO] <<< maven-source-plugin:2.2.1:jar (attach-sources) < generate-sources @ owlapi-oboformat <<<
[INFO] 
[INFO] --- maven-source-plugin:2.2.1:jar (attach-sources) @ owlapi-oboformat ---
[INFO] Building jar: /home/travis/build/owlcs/owlapi/oboformat/target/owlapi-oboformat-4.2.1-sources.jar
[INFO] 
[INFO] --- maven-javadoc-plugin:2.8.1:jar (attach-javadocs) @ owlapi-oboformat ---
[INFO] Skipping javadoc generation
[INFO] 
[INFO] --- maven-install-plugin:2.4:install (default-install) @ owlapi-oboformat ---
[INFO] Installing /home/travis/build/owlcs/owlapi/oboformat/target/owlapi-oboformat-4.2.1.jar to /home/travis/.m2/repository/net/sourceforge/owlapi/owlapi-oboformat/4.2.1/owlapi-oboformat-4.2.1.jar
[INFO] Installing /home/travis/build/owlcs/owlapi/oboformat/pom.xml to /home/travis/.m2/repository/net/sourceforge/owlapi/owlapi-oboformat/4.2.1/owlapi-oboformat-4.2.1.pom
[INFO] Installing /home/travis/build/owlcs/owlapi/oboformat/target/owlapi-oboformat-4.2.1-sources.jar to /home/travis/.m2/repository/net/sourceforge/owlapi/owlapi-oboformat/4.2.1/owlapi-oboformat-4.2.1-sources.jar
[INFO]                                                                         
[INFO] ------------------------------------------------------------------------
[INFO] Building OWLAPITOOLS OWL profile and fixers 4.2.1
[INFO] ------------------------------------------------------------------------
[INFO] 
[INFO] --- maven-enforcer-plugin:1.0:enforce (enforce-maven) @ owlapi-fixers ---
[INFO] 
[INFO] --- maven-resources-plugin:2.6:resources (default-resources) @ owlapi-fixers ---
[INFO] Using 'UTF-8' encoding to copy filtered resources.
[INFO] skip non existing resourceDirectory /home/travis/build/owlcs/owlapi/fixers/src/main/resources
[INFO] 
[INFO] --- maven-compiler-plugin:2.3.2:compile (default-compile) @ owlapi-fixers ---
[INFO] Compiling 95 source files to /home/travis/build/owlcs/owlapi/fixers/target/classes
[INFO] 
[INFO] --- maven-resources-plugin:2.6:testResources (default-testResources) @ owlapi-fixers ---
[INFO] Using 'UTF-8' encoding to copy filtered resources.
[INFO] skip non existing resourceDirectory /home/travis/build/owlcs/owlapi/fixers/src/test/resources
[INFO] 
[INFO] --- maven-compiler-plugin:2.3.2:testCompile (default-testCompile) @ owlapi-fixers ---
[INFO] Compiling 3 source files to /home/travis/build/owlcs/owlapi/fixers/target/test-classes
[INFO] 
[INFO] --- maven-surefire-plugin:2.18.1:test (default-test) @ owlapi-fixers ---
[INFO] Tests are skipped.
[INFO] 
[INFO] --- animal-sniffer-maven-plugin:1.13:check (default) @ owlapi-fixers ---
[INFO] Checking unresolved references to org.codehaus.mojo.signature:java17:1.0
[INFO] 
[INFO] --- maven-jar-plugin:2.4:jar (default-jar) @ owlapi-fixers ---
[INFO] Building jar: /home/travis/build/owlcs/owlapi/fixers/target/owlapi-fixers-4.2.1.jar
[INFO] 
[INFO] >>> maven-source-plugin:2.2.1:jar (attach-sources) > generate-sources @ owlapi-fixers >>>
[INFO] 
[INFO] --- maven-enforcer-plugin:1.0:enforce (enforce-maven) @ owlapi-fixers ---
[INFO] 
[INFO] <<< maven-source-plugin:2.2.1:jar (attach-sources) < generate-sources @ owlapi-fixers <<<
[INFO] 
[INFO] --- maven-source-plugin:2.2.1:jar (attach-sources) @ owlapi-fixers ---
[INFO] Building jar: /home/travis/build/owlcs/owlapi/fixers/target/owlapi-fixers-4.2.1-sources.jar
[INFO] 
[INFO] --- maven-javadoc-plugin:2.8.1:jar (attach-javadocs) @ owlapi-fixers ---
[INFO] Skipping javadoc generation
[INFO] 
[INFO] --- maven-install-plugin:2.4:install (default-install) @ owlapi-fixers ---
[INFO] Installing /home/travis/build/owlcs/owlapi/fixers/target/owlapi-fixers-4.2.1.jar to /home/travis/.m2/repository/net/sourceforge/owlapi/owlapi-fixers/4.2.1/owlapi-fixers-4.2.1.jar
[INFO] Installing /home/travis/build/owlcs/owlapi/fixers/pom.xml to /home/travis/.m2/repository/net/sourceforge/owlapi/owlapi-fixers/4.2.1/owlapi-fixers-4.2.1.pom
[INFO] Installing /home/travis/build/owlcs/owlapi/fixers/target/owlapi-fixers-4.2.1-sources.jar to /home/travis/.m2/repository/net/sourceforge/owlapi/owlapi-fixers/4.2.1/owlapi-fixers-4.2.1-sources.jar
[INFO]                                                                         
[INFO] ------------------------------------------------------------------------
[INFO] Building OWLAPI :: Sesame Rio module 4.2.1
[INFO] ------------------------------------------------------------------------
[INFO] 
[INFO] --- maven-enforcer-plugin:1.0:enforce (enforce-maven) @ owlapi-rio ---
[INFO] 
[INFO] --- maven-resources-plugin:2.6:resources (default-resources) @ owlapi-rio ---
[INFO] Using 'UTF-8' encoding to copy filtered resources.
[INFO] Copying 4 resources
[INFO] 
[INFO] --- maven-compiler-plugin:2.3.2:compile (default-compile) @ owlapi-rio ---
[INFO] Compiling 65 source files to /home/travis/build/owlcs/owlapi/rio/target/classes
[INFO] 
[INFO] --- maven-resources-plugin:2.6:testResources (default-testResources) @ owlapi-rio ---
[INFO] Using 'UTF-8' encoding to copy filtered resources.
[INFO] skip non existing resourceDirectory /home/travis/build/owlcs/owlapi/rio/src/test/resources
[INFO] 
[INFO] --- maven-compiler-plugin:2.3.2:testCompile (default-testCompile) @ owlapi-rio ---
[INFO] No sources to compile
[INFO] 
[INFO] --- maven-surefire-plugin:2.18.1:test (default-test) @ owlapi-rio ---
[INFO] Tests are skipped.
[INFO] 
[INFO] --- animal-sniffer-maven-plugin:1.13:check (default) @ owlapi-rio ---
[INFO] Checking unresolved references to org.codehaus.mojo.signature:java17:1.0
[INFO] 
[INFO] --- maven-jar-plugin:2.4:jar (default-jar) @ owlapi-rio ---
[INFO] Building jar: /home/travis/build/owlcs/owlapi/rio/target/owlapi-rio-4.2.1.jar
[INFO] 
[INFO] >>> maven-source-plugin:2.2.1:jar (attach-sources) > generate-sources @ owlapi-rio >>>
[INFO] 
[INFO] --- maven-enforcer-plugin:1.0:enforce (enforce-maven) @ owlapi-rio ---
[INFO] 
[INFO] <<< maven-source-plugin:2.2.1:jar (attach-sources) < generate-sources @ owlapi-rio <<<
[INFO] 
[INFO] --- maven-source-plugin:2.2.1:jar (attach-sources) @ owlapi-rio ---
[INFO] Building jar: /home/travis/build/owlcs/owlapi/rio/target/owlapi-rio-4.2.1-sources.jar
[INFO] 
[INFO] --- maven-javadoc-plugin:2.8.1:jar (attach-javadocs) @ owlapi-rio ---
[INFO] Skipping javadoc generation
[INFO] 
[INFO] --- maven-install-plugin:2.4:install (default-install) @ owlapi-rio ---
[INFO] Installing /home/travis/build/owlcs/owlapi/rio/target/owlapi-rio-4.2.1.jar to /home/travis/.m2/repository/net/sourceforge/owlapi/owlapi-rio/4.2.1/owlapi-rio-4.2.1.jar
[INFO] Installing /home/travis/build/owlcs/owlapi/rio/pom.xml to /home/travis/.m2/repository/net/sourceforge/owlapi/owlapi-rio/4.2.1/owlapi-rio-4.2.1.pom
[INFO] Installing /home/travis/build/owlcs/owlapi/rio/target/owlapi-rio-4.2.1-sources.jar to /home/travis/.m2/repository/net/sourceforge/owlapi/owlapi-rio/4.2.1/owlapi-rio-4.2.1-sources.jar
[INFO]                                                                         
[INFO] ------------------------------------------------------------------------
[INFO] Building OWLAPI Binding and Config 4.2.1
[INFO] ------------------------------------------------------------------------
[INFO] 
[INFO] --- maven-enforcer-plugin:1.0:enforce (enforce-maven) @ owlapi-apibinding ---
[INFO] 
[INFO] --- maven-resources-plugin:2.6:resources (default-resources) @ owlapi-apibinding ---
[INFO] Using 'UTF-8' encoding to copy filtered resources.
[INFO] Copying 1 resource
[INFO] 
[INFO] --- maven-compiler-plugin:2.3.2:compile (default-compile) @ owlapi-apibinding ---
[INFO] Compiling 3 source files to /home/travis/build/owlcs/owlapi/apibinding/target/classes
[INFO] 
[INFO] --- maven-resources-plugin:2.6:testResources (default-testResources) @ owlapi-apibinding ---
[INFO] Using 'UTF-8' encoding to copy filtered resources.
[INFO] skip non existing resourceDirectory /home/travis/build/owlcs/owlapi/apibinding/src/test/resources
[INFO] 
[INFO] --- maven-compiler-plugin:2.3.2:testCompile (default-testCompile) @ owlapi-apibinding ---
[INFO] No sources to compile
[INFO] 
[INFO] --- maven-surefire-plugin:2.18.1:test (default-test) @ owlapi-apibinding ---
[INFO] Tests are skipped.
[INFO] 
[INFO] --- animal-sniffer-maven-plugin:1.13:check (default) @ owlapi-apibinding ---
[INFO] Checking unresolved references to org.codehaus.mojo.signature:java17:1.0
[INFO] 
[INFO] --- maven-jar-plugin:2.4:jar (default-jar) @ owlapi-apibinding ---
[INFO] Building jar: /home/travis/build/owlcs/owlapi/apibinding/target/owlapi-apibinding-4.2.1.jar
[INFO] 
[INFO] >>> maven-source-plugin:2.2.1:jar (attach-sources) > generate-sources @ owlapi-apibinding >>>
[INFO] 
[INFO] --- maven-enforcer-plugin:1.0:enforce (enforce-maven) @ owlapi-apibinding ---
[INFO] 
[INFO] <<< maven-source-plugin:2.2.1:jar (attach-sources) < generate-sources @ owlapi-apibinding <<<
[INFO] 
[INFO] --- maven-source-plugin:2.2.1:jar (attach-sources) @ owlapi-apibinding ---
[INFO] Building jar: /home/travis/build/owlcs/owlapi/apibinding/target/owlapi-apibinding-4.2.1-sources.jar
[INFO] 
[INFO] --- maven-javadoc-plugin:2.8.1:jar (attach-javadocs) @ owlapi-apibinding ---
[INFO] Skipping javadoc generation
[INFO] 
[INFO] --- maven-install-plugin:2.4:install (default-install) @ owlapi-apibinding ---
[INFO] Installing /home/travis/build/owlcs/owlapi/apibinding/target/owlapi-apibinding-4.2.1.jar to /home/travis/.m2/repository/net/sourceforge/owlapi/owlapi-apibinding/4.2.1/owlapi-apibinding-4.2.1.jar
[INFO] Installing /home/travis/build/owlcs/owlapi/apibinding/pom.xml to /home/travis/.m2/repository/net/sourceforge/owlapi/owlapi-apibinding/4.2.1/owlapi-apibinding-4.2.1.pom
[INFO] Installing /home/travis/build/owlcs/owlapi/apibinding/target/owlapi-apibinding-4.2.1-sources.jar to /home/travis/.m2/repository/net/sourceforge/owlapi/owlapi-apibinding/4.2.1/owlapi-apibinding-4.2.1-sources.jar
[INFO]                                                                         
[INFO] ------------------------------------------------------------------------
[INFO] Building compatibility 4.2.1
[INFO] ------------------------------------------------------------------------
[INFO] 
[INFO] --- maven-enforcer-plugin:1.0:enforce (enforce-maven) @ owlapi-compatibility ---
[INFO] 
[INFO] --- maven-resources-plugin:2.6:resources (default-resources) @ owlapi-compatibility ---
[INFO] Using 'UTF-8' encoding to copy filtered resources.
[INFO] Copying 1 resource
[INFO] 
[INFO] --- maven-compiler-plugin:2.3.2:compile (default-compile) @ owlapi-compatibility ---
[INFO] Compiling 50 source files to /home/travis/build/owlcs/owlapi/compatibility/target/classes
[INFO] 
[INFO] --- maven-resources-plugin:2.6:testResources (default-testResources) @ owlapi-compatibility ---
[INFO] Using 'UTF-8' encoding to copy filtered resources.
[INFO] Copying 2 resources
[INFO] 
[INFO] --- maven-compiler-plugin:2.3.2:testCompile (default-testCompile) @ owlapi-compatibility ---
[INFO] Compiling 1 source file to /home/travis/build/owlcs/owlapi/compatibility/target/test-classes
[INFO] 
[INFO] --- maven-surefire-plugin:2.18.1:test (default-test) @ owlapi-compatibility ---
[INFO] Tests are skipped.
[INFO] 
[INFO] --- animal-sniffer-maven-plugin:1.13:check (default) @ owlapi-compatibility ---
[INFO] Checking unresolved references to org.codehaus.mojo.signature:java17:1.0
[INFO] 
[INFO] --- maven-jar-plugin:2.4:jar (default-jar) @ owlapi-compatibility ---
[INFO] Building jar: /home/travis/build/owlcs/owlapi/compatibility/target/owlapi-compatibility-4.2.1.jar
[INFO] 
[INFO] >>> maven-source-plugin:2.2.1:jar (attach-sources) > generate-sources @ owlapi-compatibility >>>
[INFO] 
[INFO] --- maven-enforcer-plugin:1.0:enforce (enforce-maven) @ owlapi-compatibility ---
[INFO] 
[INFO] <<< maven-source-plugin:2.2.1:jar (attach-sources) < generate-sources @ owlapi-compatibility <<<
[INFO] 
[INFO] --- maven-source-plugin:2.2.1:jar (attach-sources) @ owlapi-compatibility ---
[INFO] Building jar: /home/travis/build/owlcs/owlapi/compatibility/target/owlapi-compatibility-4.2.1-sources.jar
[INFO] 
[INFO] --- maven-javadoc-plugin:2.8.1:jar (attach-javadocs) @ owlapi-compatibility ---
[INFO] Skipping javadoc generation
[INFO] 
[INFO] --- maven-install-plugin:2.4:install (default-install) @ owlapi-compatibility ---
[INFO] Installing /home/travis/build/owlcs/owlapi/compatibility/target/owlapi-compatibility-4.2.1.jar to /home/travis/.m2/repository/net/sourceforge/owlapi/owlapi-compatibility/4.2.1/owlapi-compatibility-4.2.1.jar
[INFO] Installing /home/travis/build/owlcs/owlapi/compatibility/pom.xml to /home/travis/.m2/repository/net/sourceforge/owlapi/owlapi-compatibility/4.2.1/owlapi-compatibility-4.2.1.pom
[INFO] Installing /home/travis/build/owlcs/owlapi/compatibility/target/owlapi-compatibility-4.2.1-sources.jar to /home/travis/.m2/repository/net/sourceforge/owlapi/owlapi-compatibility/4.2.1/owlapi-compatibility-4.2.1-sources.jar
[INFO]                                                                         
[INFO] ------------------------------------------------------------------------
[INFO] Building tests and tutorials 4.2.1
[INFO] ------------------------------------------------------------------------
[INFO] 
[INFO] --- maven-enforcer-plugin:1.0:enforce (enforce-maven) @ owlapi-contract ---
[INFO] 
[INFO] --- maven-resources-plugin:2.6:resources (default-resources) @ owlapi-contract ---
[INFO] Using 'UTF-8' encoding to copy filtered resources.
[INFO] skip non existing resourceDirectory /home/travis/build/owlcs/owlapi/contract/src/main/resources
[INFO] 
[INFO] --- maven-compiler-plugin:2.3.2:compile (default-compile) @ owlapi-contract ---
[INFO] Compiling 8 source files to /home/travis/build/owlcs/owlapi/contract/target/classes
[INFO] 
[INFO] --- maven-resources-plugin:2.6:testResources (default-testResources) @ owlapi-contract ---
[INFO] Using 'UTF-8' encoding to copy filtered resources.
[INFO] Copying 175 resources
[INFO] 
[INFO] --- maven-compiler-plugin:2.3.2:testCompile (default-testCompile) @ owlapi-contract ---
[INFO] Compiling 439 source files to /home/travis/build/owlcs/owlapi/contract/target/test-classes
[INFO] 
[INFO] --- maven-surefire-plugin:2.18.1:test (default-test) @ owlapi-contract ---
[INFO] Tests are skipped.
[INFO] 
[INFO] --- animal-sniffer-maven-plugin:1.13:check (default) @ owlapi-contract ---
[INFO] Checking unresolved references to org.codehaus.mojo.signature:java17:1.0
[INFO] 
[INFO] --- maven-jar-plugin:2.4:jar (default-jar) @ owlapi-contract ---
[INFO] Building jar: /home/travis/build/owlcs/owlapi/contract/target/owlapi-contract-4.2.1.jar
[INFO] 
[INFO] >>> maven-source-plugin:2.2.1:jar (attach-sources) > generate-sources @ owlapi-contract >>>
[INFO] 
[INFO] --- maven-enforcer-plugin:1.0:enforce (enforce-maven) @ owlapi-contract ---
[INFO] 
[INFO] <<< maven-source-plugin:2.2.1:jar (attach-sources) < generate-sources @ owlapi-contract <<<
[INFO] 
[INFO] --- maven-source-plugin:2.2.1:jar (attach-sources) @ owlapi-contract ---
[INFO] Building jar: /home/travis/build/owlcs/owlapi/contract/target/owlapi-contract-4.2.1-sources.jar
[INFO] 
[INFO] --- maven-javadoc-plugin:2.8.1:jar (attach-javadocs) @ owlapi-contract ---
[INFO] Skipping javadoc generation
[INFO] 
[INFO] --- maven-install-plugin:2.4:install (default-install) @ owlapi-contract ---
[INFO] Installing /home/travis/build/owlcs/owlapi/contract/target/owlapi-contract-4.2.1.jar to /home/travis/.m2/repository/net/sourceforge/owlapi/owlapi-contract/4.2.1/owlapi-contract-4.2.1.jar
[INFO] Installing /home/travis/build/owlcs/owlapi/contract/pom.xml to /home/travis/.m2/repository/net/sourceforge/owlapi/owlapi-contract/4.2.1/owlapi-contract-4.2.1.pom
[INFO] Installing /home/travis/build/owlcs/owlapi/contract/target/owlapi-contract-4.2.1-sources.jar to /home/travis/.m2/repository/net/sourceforge/owlapi/owlapi-contract/4.2.1/owlapi-contract-4.2.1-sources.jar
[INFO]                                                                         
[INFO] ------------------------------------------------------------------------
[INFO] Building OWLAPI Distribution 4.2.1
[INFO] ------------------------------------------------------------------------
[INFO] 
[INFO] --- maven-enforcer-plugin:1.0:enforce (enforce-maven) @ owlapi-distribution ---
[INFO] 
[INFO] --- maven-resources-plugin:2.7:resources (default-resources) @ owlapi-distribution ---
[INFO] Using 'UTF-8' encoding to copy filtered resources.
[INFO] skip non existing resourceDirectory /home/travis/build/owlcs/owlapi/distribution/src/main/resources
[INFO] 
[INFO] --- maven-compiler-plugin:2.3.2:compile (default-compile) @ owlapi-distribution ---
[INFO] No sources to compile
[INFO] 
[INFO] --- maven-resources-plugin:2.7:testResources (default-testResources) @ owlapi-distribution ---
[INFO] Using 'UTF-8' encoding to copy filtered resources.
[INFO] skip non existing resourceDirectory /home/travis/build/owlcs/owlapi/distribution/src/test/resources
[INFO] 
[INFO] --- maven-compiler-plugin:2.3.2:testCompile (default-testCompile) @ owlapi-distribution ---
[INFO] No sources to compile
[INFO] 
[INFO] --- maven-surefire-plugin:2.18.1:test (default-test) @ owlapi-distribution ---
[INFO] Tests are skipped.
[INFO] 
[INFO] --- animal-sniffer-maven-plugin:1.13:check (default) @ owlapi-distribution ---
[INFO] Checking unresolved references to org.codehaus.mojo.signature:java17:1.0
[INFO] 
[INFO] --- maven-bundle-plugin:2.5.3:bundle (default-bundle) @ owlapi-distribution ---
[WARNING] Bundle net.sourceforge.owlapi:owlapi-distribution:bundle:4.2.1 : Unused Private-Package instructions, no such package(s) on the class path: [!*]
[INFO] 
[INFO] >>> maven-source-plugin:2.2.1:jar (attach-sources) > generate-sources @ owlapi-distribution >>>
[INFO] 
[INFO] --- maven-enforcer-plugin:1.0:enforce (enforce-maven) @ owlapi-distribution ---
[INFO] 
[INFO] <<< maven-source-plugin:2.2.1:jar (attach-sources) < generate-sources @ owlapi-distribution <<<
[INFO] 
[INFO] --- maven-source-plugin:2.2.1:jar (attach-sources) @ owlapi-distribution ---
[INFO] No sources in project. Archive not created.
[INFO] 
[INFO] --- maven-shade-plugin:2.3:shade (default) @ owlapi-distribution ---
[INFO] Including net.sourceforge.owlapi:owlapi-apibinding:jar:4.2.1 in the shaded jar.
[INFO] Including net.sourceforge.owlapi:owlapi-tools:jar:4.2.1 in the shaded jar.
[INFO] Including net.sourceforge.owlapi:owlapi-impl:jar:4.2.1 in the shaded jar.
[INFO] Including net.sourceforge.owlapi:owlapi-parsers:jar:4.2.1 in the shaded jar.
[INFO] Including net.sourceforge.owlapi:owlapi-oboformat:jar:4.2.1 in the shaded jar.
[INFO] Including net.sourceforge.owlapi:owlapi-fixers:jar:4.2.1 in the shaded jar.
[INFO] Including net.sourceforge.owlapi:owlapi-rio:jar:4.2.1 in the shaded jar.
[INFO] Including net.sourceforge.owlapi:owlapi-api:jar:4.2.1 in the shaded jar.
[INFO] Excluding com.fasterxml.jackson.core:jackson-core:jar:2.5.1 from the shaded jar.
[INFO] Excluding com.fasterxml.jackson.core:jackson-databind:jar:2.5.1 from the shaded jar.
[INFO] Excluding com.fasterxml.jackson.core:jackson-annotations:jar:2.5.1 from the shaded jar.
[INFO] Excluding org.tukaani:xz:jar:1.5 from the shaded jar.
[INFO] Excluding org.openrdf.sesame:sesame-model:jar:2.7.16 from the shaded jar.
[INFO] Excluding org.openrdf.sesame:sesame-util:jar:2.7.16 from the shaded jar.
[INFO] Excluding org.openrdf.sesame:sesame-rio-api:jar:2.7.16 from the shaded jar.
[INFO] Excluding org.openrdf.sesame:sesame-rio-languages:jar:2.7.16 from the shaded jar.
[INFO] Excluding org.openrdf.sesame:sesame-rio-datatypes:jar:2.7.16 from the shaded jar.
[INFO] Excluding org.openrdf.sesame:sesame-rio-binary:jar:2.7.16 from the shaded jar.
[INFO] Excluding org.openrdf.sesame:sesame-rio-n3:jar:2.7.16 from the shaded jar.
[INFO] Excluding org.openrdf.sesame:sesame-rio-nquads:jar:2.7.16 from the shaded jar.
[INFO] Excluding org.openrdf.sesame:sesame-rio-ntriples:jar:2.7.16 from the shaded jar.
[INFO] Excluding org.openrdf.sesame:sesame-rio-rdfjson:jar:2.7.16 from the shaded jar.
[INFO] Excluding org.openrdf.sesame:sesame-rio-rdfxml:jar:2.7.16 from the shaded jar.
[INFO] Excluding org.openrdf.sesame:sesame-rio-trix:jar:2.7.16 from the shaded jar.
[INFO] Excluding org.openrdf.sesame:sesame-rio-turtle:jar:2.7.16 from the shaded jar.
[INFO] Excluding org.openrdf.sesame:sesame-rio-trig:jar:2.7.16 from the shaded jar.
[INFO] Excluding com.github.jsonld-java:jsonld-java-sesame:jar:0.5.0 from the shaded jar.
[INFO] Excluding com.github.jsonld-java:jsonld-java:jar:0.5.0 from the shaded jar.
[INFO] Excluding org.apache.httpcomponents:httpclient-cache:jar:4.2.5 from the shaded jar.
[INFO] Excluding org.apache.httpcomponents:httpclient:jar:4.2.5 from the shaded jar.
[INFO] Excluding org.apache.httpcomponents:httpcore:jar:4.2.4 from the shaded jar.
[INFO] Excluding commons-codec:commons-codec:jar:1.6 from the shaded jar.
[INFO] Excluding org.slf4j:jcl-over-slf4j:jar:1.7.7 from the shaded jar.
[INFO] Excluding org.semarglproject:semargl-sesame:jar:0.6.1 from the shaded jar.
[INFO] Excluding org.semarglproject:semargl-core:jar:0.6.1 from the shaded jar.
[INFO] Excluding org.semarglproject:semargl-rdfa:jar:0.6.1 from the shaded jar.
[INFO] Excluding org.semarglproject:semargl-rdf:jar:0.6.1 from the shaded jar.
[INFO] Excluding net.sf.trove4j:trove4j:jar:3.0.3 from the shaded jar.
[INFO] Excluding com.google.guava:guava:jar:18.0 from the shaded jar.
[INFO] Excluding com.google.inject:guice:jar:4.0 from the shaded jar.
[INFO] Excluding javax.inject:javax.inject:jar:1 from the shaded jar.
[INFO] Excluding aopalliance:aopalliance:jar:1.0 from the shaded jar.
[INFO] Excluding com.google.inject.extensions:guice-assistedinject:jar:4.0 from the shaded jar.
[INFO] Excluding com.google.inject.extensions:guice-multibindings:jar:4.0 from the shaded jar.
[INFO] Excluding com.google.code.findbugs:jsr305:jar:2.0.1 from the shaded jar.
[INFO] Excluding org.slf4j:slf4j-api:jar:1.7.10 from the shaded jar.
[INFO] Excluding commons-io:commons-io:jar:2.4 from the shaded jar.
[WARNING] owlapi-distribution-4.2.1.jar, owlapi-tools-4.2.1.jar define 84 overlappping classes: 
[WARNING]   - uk.ac.manchester.cs.owlapi.modularity.SyntacticLocalityModuleExtractor$1
[WARNING]   - com.clarkparsia.owlapi.explanation.util.DefinitionTracker
[WARNING]   - uk.ac.manchester.cs.owl.explanation.ordering.ExplanationTree
[WARNING]   - com.clarkparsia.owlapi.explanation.io.ExplanationRenderer
[WARNING]   - org.semanticweb.owlapi.normalform.OWLObjectComplementOfExtractor
[WARNING]   - org.semanticweb.owlapi.metrics.AxiomTypeMetric
[WARNING]   - uk.ac.manchester.cs.owl.explanation.ordering.AlphaExplanationOrderer
[WARNING]   - org.semanticweb.owlapi.metrics.HiddenGCICount
[WARNING]   - com.clarkparsia.owlapi.explanation.io.SilentExplanationRenderer
[WARNING]   - org.semanticweb.owlapi.metrics.ReferencedIndividualCount
[WARNING]   - 74 more...
[WARNING] owlapi-parsers-4.2.1.jar, owlapi-distribution-4.2.1.jar define 606 overlappping classes: 
[WARNING]   - org.semanticweb.owlapi.owlxml.parser.AbstractOWLObjectPropertyOperandAxiomElementHandler
[WARNING]   - org.semanticweb.owlapi.owlxml.parser.PARSER_OWLXMLVocabulary$42
[WARNING]   - org.semanticweb.owlapi.owlxml.parser.OWLObjectHasValueElementHandler
[WARNING]   - org.semanticweb.owlapi.rdf.rdfxml.parser.TripleHandlers$TypeDeprecatedClassHandler
[WARNING]   - org.semanticweb.owlapi.rdf.rdfxml.parser.Mode
[WARNING]   - org.semanticweb.owlapi.rdf.rdfxml.parser.TripleHandlers$TPFirstResourceHandler
[WARNING]   - org.semanticweb.owlapi.owlxml.parser.OWLOntologyHandler
[WARNING]   - org.semanticweb.owlapi.rdf.rdfxml.parser.Translators$DataHasValueTranslator
[WARNING]   - org.semanticweb.owlapi.manchestersyntax.parser.ManchesterOWLSyntaxParserImpl$AnnotatedDataRangeListItemParser
[WARNING]   - org.semanticweb.owlapi.owlxml.parser.OWLObjectPropertyRangeAxiomElementHandler
[WARNING]   - 596 more...
[WARNING] owlapi-distribution-4.2.1.jar, owlapi-impl-4.2.1.jar define 217 overlappping classes: 
[WARNING]   - uk.ac.manchester.cs.owl.owlapi.OWLFunctionalDataPropertyAxiomImpl
[WARNING]   - uk.ac.manchester.cs.owl.owlapi.OWLDataFactoryInternals
[WARNING]   - uk.ac.manchester.cs.owl.owlapi.OWLObjectPropertyImpl
[WARNING]   - uk.ac.manchester.cs.owl.owlapi.OWLObjectMaxCardinalityImpl
[WARNING]   - uk.ac.manchester.cs.owl.owlapi.concurrent.Concurrency
[WARNING]   - uk.ac.manchester.cs.owl.owlapi.OWLDataExactCardinalityImpl
[WARNING]   - org.semanticweb.owlapi.reasoner.impl.OWLClassNode
[WARNING]   - uk.ac.manchester.cs.owl.owlapi.OWLAnnotationPropertyRangeAxiomImpl
[WARNING]   - uk.ac.manchester.cs.owl.owlapi.SWRLAtomImpl
[WARNING]   - uk.ac.manchester.cs.owl.owlapi.OWLDataMaxCardinalityImpl
[WARNING]   - 207 more...
[WARNING] owlapi-distribution-4.2.1.jar, owlapi-apibinding-4.2.1.jar define 2 overlappping classes: 
[WARNING]   - org.semanticweb.owlapi.apibinding.OWLManager
[WARNING]   - org.semanticweb.owlapi.apibinding.OWLFunctionalSyntaxFactory
[WARNING] owlapi-fixers-4.2.1.jar, owlapi-distribution-4.2.1.jar define 95 overlappping classes: 
[WARNING]   - org.semanticweb.owlapitools.builders.BuilderEquivalentDataProperties
[WARNING]   - org.semanticweb.owlapitools.builders.BuilderObjectPropertyDomain
[WARNING]   - org.semanticweb.owlapitools.builders.BuilderObjectExactCardinality
[WARNING]   - org.semanticweb.owlapitools.builders.BuilderDataHasValue
[WARNING]   - org.semanticweb.owlapitools.builders.BuilderSWRLDataRangeAtom
[WARNING]   - org.semanticweb.owlapitools.builders.BuilderDisjointUnion
[WARNING]   - org.semanticweb.owlapitools.builders.BuilderDataPropertyDomain
[WARNING]   - org.semanticweb.owlapitools.builders.BuilderClass
[WARNING]   - org.semanticweb.owlapitools.builders.BuilderFunctionalObjectProperty
[WARNING]   - org.semanticweb.owlapitools.builders.BuilderReflexiveObjectProperty
[WARNING]   - 85 more...
[WARNING] owlapi-distribution-4.2.1.jar, owlapi-api-4.2.1.jar define 759 overlappping classes: 
[WARNING]   - org.semanticweb.owlapi.model.OWLAxiomCollection
[WARNING]   - org.semanticweb.owlapi.util.InferredEquivalentDataPropertiesAxiomGenerator
[WARNING]   - org.semanticweb.owlapi.profiles.Profiles
[WARNING]   - org.semanticweb.owlapi.util.OWLClassExpressionCollector
[WARNING]   - org.semanticweb.owlapi.profiles.violations.DatatypeIRIAlsoUsedAsClassIRI
[WARNING]   - org.semanticweb.owlapi.profiles.OWL2Profile
[WARNING]   - org.semanticweb.owlapi.model.OWLFunctionalDataPropertyAxiom
[WARNING]   - org.semanticweb.owlapi.io.SystemOutDocumentTarget
[WARNING]   - org.semanticweb.owlapi.model.EDTChangeBroadcastStrategy$BroadcastException
[WARNING]   - org.semanticweb.owlapi.profiles.OWL2RLProfile$OWL2RLObjectVisitor
[WARNING]   - 749 more...
[WARNING] owlapi-rio-4.2.1.jar, owlapi-distribution-4.2.1.jar define 68 overlappping classes: 
[WARNING]   - org.semanticweb.owlapi.rio.RioRenderer
[WARNING]   - org.semanticweb.owlapi.formats.RioRDFXMLDocumentFormat
[WARNING]   - org.semanticweb.owlapi.rio.RioTrixStorerFactory
[WARNING]   - org.semanticweb.owlapi.rio.RioRDFXMLStorerFactory
[WARNING]   - org.semanticweb.owlapi.rio.RioTrixParserFactory
[WARNING]   - org.semanticweb.owlapi.rio.RioOWLRDFParser
[WARNING]   - org.semanticweb.owlapi.rio.RioOWLXMLParserFactory
[WARNING]   - org.semanticweb.owlapi.rio.OWLAPIRDFFormat
[WARNING]   - org.semanticweb.owlapi.rio.RioNTriplesParserFactory
[WARNING]   - org.semanticweb.owlapi.formats.RDFaDocumentFormatFactory
[WARNING]   - 58 more...
[WARNING] owlapi-oboformat-4.2.1.jar, owlapi-distribution-4.2.1.jar define 75 overlappping classes: 
[WARNING]   - org.obolibrary.oboformat.parser.OBOFormatParser$MyStream
[WARNING]   - org.obolibrary.obo2owl.OWLAPIOwl2Obo
[WARNING]   - org.obolibrary.obo2owl.OboInOwlCardinalityTools$AnnotationCardinalityConfictHandler
[WARNING]   - org.obolibrary.macro.ManchesterSyntaxTool
[WARNING]   - org.obolibrary.oboformat.parser.XrefExpander
[WARNING]   - org.obolibrary.macro.ManchesterSyntaxTool$1
[WARNING]   - org.obolibrary.oboformat.writer.OBOFormatWriter$TermsTagsComparator
[WARNING]   - org.obolibrary.oboformat.parser.OBOFormatException
[WARNING]   - org.obolibrary.oboformat.parser.XrefExpander$IsaExpansion
[WARNING]   - org.obolibrary.oboformat.model.Frame$FrameType
[WARNING]   - 65 more...
[WARNING] maven-shade-plugin has detected that some .class files
[WARNING] are present in two or more JARs. When this happens, only
[WARNING] one single version of the class is copied in the uberjar.
[WARNING] Usually this is not harmful and you can skeep these
[WARNING] warnings, otherwise try to manually exclude artifacts
[WARNING] based on mvn dependency:tree -Ddetail=true and the above
[WARNING] output
[WARNING] See http://docs.codehaus.org/display/MAVENUSER/Shade+Plugin
[INFO] Replacing original artifact with shaded artifact.
[INFO] Replacing /home/travis/build/owlcs/owlapi/distribution/target/owlapi-distribution-4.2.1.jar with /home/travis/build/owlcs/owlapi/distribution/target/owlapi-distribution-4.2.1-shaded.jar
[INFO] Dependency-reduced POM written at: /home/travis/build/owlcs/owlapi/distribution/dependency-reduced-pom.xml
[INFO] 
[INFO] --- maven-javadoc-plugin:2.8.1:jar (attach-javadocs) @ owlapi-distribution ---
[INFO] Skipping javadoc generation
[INFO] 
[INFO] --- maven-javadoc-plugin:2.8.1:jar (attach-javadoc) @ owlapi-distribution ---
[INFO] Skipping javadoc generation
[INFO] 
[INFO] --- maven-assembly-plugin:2.4:single (attach-sources) @ owlapi-distribution ---
[INFO] Reading assembly descriptor: src/assembly/sources.xml
[INFO] Building jar: /home/travis/build/owlcs/owlapi/distribution/target/owlapi-distribution-4.2.1-sources.jar
[INFO] 
[INFO] --- maven-install-plugin:2.5.2:install (default-install) @ owlapi-distribution ---
[INFO] Installing /home/travis/build/owlcs/owlapi/distribution/target/owlapi-distribution-4.2.1.jar to /home/travis/.m2/repository/net/sourceforge/owlapi/owlapi-distribution/4.2.1/owlapi-distribution-4.2.1.jar
[INFO] Installing /home/travis/build/owlcs/owlapi/distribution/dependency-reduced-pom.xml to /home/travis/.m2/repository/net/sourceforge/owlapi/owlapi-distribution/4.2.1/owlapi-distribution-4.2.1.pom
[INFO] Installing /home/travis/build/owlcs/owlapi/distribution/target/owlapi-distribution-4.2.1-sources.jar to /home/travis/.m2/repository/net/sourceforge/owlapi/owlapi-distribution/4.2.1/owlapi-distribution-4.2.1-sources.jar
[INFO] 
[INFO] --- maven-bundle-plugin:2.5.3:install (default-install) @ owlapi-distribution ---
[INFO] Installing net/sourceforge/owlapi/owlapi-distribution/4.2.1/owlapi-distribution-4.2.1.jar
[INFO] Installing net/sourceforge/owlapi/owlapi-distribution/4.2.1/owlapi-distribution-4.2.1-sources.jar
[INFO] Writing OBR metadata
[INFO]                                                                         
[INFO] ------------------------------------------------------------------------
[INFO] Building OWLAPI OSGi and Compatibility Distribution 4.2.1
[INFO] ------------------------------------------------------------------------
[INFO] 
[INFO] --- maven-enforcer-plugin:1.0:enforce (enforce-maven) @ owlapi-osgidistribution ---
[INFO] 
[INFO] --- maven-resources-plugin:2.7:resources (default-resources) @ owlapi-osgidistribution ---
[INFO] Using 'UTF-8' encoding to copy filtered resources.
[INFO] skip non existing resourceDirectory /home/travis/build/owlcs/owlapi/osgidistribution/src/main/resources
[INFO] 
[INFO] --- maven-compiler-plugin:2.3.2:compile (default-compile) @ owlapi-osgidistribution ---
[INFO] Compiling 4 source files to /home/travis/build/owlcs/owlapi/osgidistribution/target/classes
[INFO] 
[INFO] --- maven-resources-plugin:2.7:testResources (default-testResources) @ owlapi-osgidistribution ---
[INFO] Using 'UTF-8' encoding to copy filtered resources.
[INFO] skip non existing resourceDirectory /home/travis/build/owlcs/owlapi/osgidistribution/src/test/resources
[INFO] 
[INFO] --- maven-compiler-plugin:2.3.2:testCompile (default-testCompile) @ owlapi-osgidistribution ---
[INFO] Compiling 3 source files to /home/travis/build/owlcs/owlapi/osgidistribution/target/test-classes
[INFO] 
[INFO] --- maven-surefire-plugin:2.18.1:test (default-test) @ owlapi-osgidistribution ---
[INFO] Tests are skipped.
[INFO] 
[INFO] --- animal-sniffer-maven-plugin:1.13:check (default) @ owlapi-osgidistribution ---
[INFO] Checking unresolved references to org.codehaus.mojo.signature:java17:1.0
[INFO] 
[INFO] --- maven-bundle-plugin:2.5.3:bundle (default-bundle) @ owlapi-osgidistribution ---
[WARNING] Bundle net.sourceforge.owlapi:owlapi-osgidistribution:bundle:4.2.1 : Split package, multiple jars provide the same package:org/coode/owlapi/obo/parser
Use Import/Export Package directive -split-package:=(merge-first|merge-last|error|first) to get rid of this warning
Package found in   [Jar:., Jar:owlapi-compatibility]
Class path         [Jar:., Jar:owlapi-apibinding, Jar:owlapi-tools, Jar:owlapi-impl, Jar:owlapi-parsers, Jar:owlapi-oboformat, Jar:owlapi-fixers, Jar:owlapi-rio, Jar:owlapi-api, Jar:jackson-core, Jar:jackson-databind, Jar:jackson-annotations, Jar:owlapi-compatibility, Jar:xz, Jar:sesame-model, Jar:sesame-rio-api, Jar:sesame-rio-languages, Jar:sesame-rio-datatypes, Jar:sesame-rio-binary, Jar:sesame-rio-n3, Jar:sesame-rio-nquads, Jar:sesame-rio-ntriples, Jar:sesame-rio-rdfjson, Jar:sesame-rio-rdfxml, Jar:sesame-rio-trix, Jar:sesame-rio-turtle, Jar:sesame-rio-trig, Jar:sesame-util, Jar:jsonld-java-sesame, Jar:jsonld-java, Jar:jcl-over-slf4j, Jar:httpclient, Jar:httpclient-cache, Jar:httpcore, Jar:commons-codec, Jar:commons-logging, Jar:semargl-sesame, Jar:semargl-core, Jar:semargl-rdfa, Jar:semargl-rdf, Jar:org.apache.servicemix.bundles.javax-inject, Jar:org.apache.servicemix.bundles.aopalliance, Jar:trove4j, Jar:guava, Jar:guice, Jar:javax.inject, Jar:aopalliance, Jar:guice-assistedinject, Jar:guice-multibindings, Jar:jsr305, Jar:slf4j-api, Jar:commons-io]
[WARNING] Bundle net.sourceforge.owlapi:owlapi-osgidistribution:bundle:4.2.1 : Split package, multiple jars provide the same package:uk/ac/manchester/cs/owl/explanation/ordering
Use Import/Export Package directive -split-package:=(merge-first|merge-last|error|first) to get rid of this warning
Package found in   [Jar:., Jar:owlapi-tools]
Class path         [Jar:., Jar:owlapi-apibinding, Jar:owlapi-tools, Jar:owlapi-impl, Jar:owlapi-parsers, Jar:owlapi-oboformat, Jar:owlapi-fixers, Jar:owlapi-rio, Jar:owlapi-api, Jar:jackson-core, Jar:jackson-databind, Jar:jackson-annotations, Jar:owlapi-compatibility, Jar:xz, Jar:sesame-model, Jar:sesame-rio-api, Jar:sesame-rio-languages, Jar:sesame-rio-datatypes, Jar:sesame-rio-binary, Jar:sesame-rio-n3, Jar:sesame-rio-nquads, Jar:sesame-rio-ntriples, Jar:sesame-rio-rdfjson, Jar:sesame-rio-rdfxml, Jar:sesame-rio-trix, Jar:sesame-rio-turtle, Jar:sesame-rio-trig, Jar:sesame-util, Jar:jsonld-java-sesame, Jar:jsonld-java, Jar:jcl-over-slf4j, Jar:httpclient, Jar:httpclient-cache, Jar:httpcore, Jar:commons-codec, Jar:commons-logging, Jar:semargl-sesame, Jar:semargl-core, Jar:semargl-rdfa, Jar:semargl-rdf, Jar:org.apache.servicemix.bundles.javax-inject, Jar:org.apache.servicemix.bundles.aopalliance, Jar:trove4j, Jar:guava, Jar:guice, Jar:javax.inject, Jar:aopalliance, Jar:guice-assistedinject, Jar:guice-multibindings, Jar:jsr305, Jar:slf4j-api, Jar:commons-io]
[WARNING] Bundle net.sourceforge.owlapi:owlapi-osgidistribution:bundle:4.2.1 : Export org.semanticweb.owlapi.formats,  has 1,  private references [org.openrdf.rio], 
[WARNING] Bundle net.sourceforge.owlapi:owlapi-osgidistribution:bundle:4.2.1 : Export org.semanticweb.owlapi.io,  has 1,  private references [org.tukaani.xz], 
[WARNING] Bundle net.sourceforge.owlapi:owlapi-osgidistribution:bundle:4.2.1 : Export org.semanticweb.owlapi.rio,  has 5,  private references [org.openrdf.rio, info.aduna.iteration, org.openrdf, org.openrdf.rio.helpers, org.openrdf.model], 
[WARNING] Bundle net.sourceforge.owlapi:owlapi-osgidistribution:bundle:4.2.1 : Export org.semanticweb.owlapi.rio.utils,  has 1,  private references [org.openrdf.model], 
[INFO] 
[INFO] >>> maven-source-plugin:2.2.1:jar (attach-sources) > generate-sources @ owlapi-osgidistribution >>>
[INFO] 
[INFO] --- maven-enforcer-plugin:1.0:enforce (enforce-maven) @ owlapi-osgidistribution ---
[INFO] 
[INFO] <<< maven-source-plugin:2.2.1:jar (attach-sources) < generate-sources @ owlapi-osgidistribution <<<
[INFO] 
[INFO] --- maven-source-plugin:2.2.1:jar (attach-sources) @ owlapi-osgidistribution ---
[INFO] Building jar: /home/travis/build/owlcs/owlapi/osgidistribution/target/owlapi-osgidistribution-4.2.1-sources.jar
[INFO] 
[INFO] --- maven-shade-plugin:2.3:shade (default) @ owlapi-osgidistribution ---
[INFO] Including net.sourceforge.owlapi:owlapi-apibinding:jar:4.2.1 in the shaded jar.
[INFO] Including net.sourceforge.owlapi:owlapi-tools:jar:4.2.1 in the shaded jar.
[INFO] Including net.sourceforge.owlapi:owlapi-impl:jar:4.2.1 in the shaded jar.
[INFO] Including net.sourceforge.owlapi:owlapi-parsers:jar:4.2.1 in the shaded jar.
[INFO] Including net.sourceforge.owlapi:owlapi-oboformat:jar:4.2.1 in the shaded jar.
[INFO] Including net.sourceforge.owlapi:owlapi-fixers:jar:4.2.1 in the shaded jar.
[INFO] Including net.sourceforge.owlapi:owlapi-rio:jar:4.2.1 in the shaded jar.
[INFO] Including net.sourceforge.owlapi:owlapi-api:jar:4.2.1 in the shaded jar.
[INFO] Excluding com.fasterxml.jackson.core:jackson-core:jar:2.5.1 from the shaded jar.
[INFO] Excluding com.fasterxml.jackson.core:jackson-databind:jar:2.5.1 from the shaded jar.
[INFO] Excluding com.fasterxml.jackson.core:jackson-annotations:jar:2.5.1 from the shaded jar.
[INFO] Including net.sourceforge.owlapi:owlapi-compatibility:jar:4.2.1 in the shaded jar.
[INFO] Excluding org.tukaani:xz:jar:1.5 from the shaded jar.
[INFO] Excluding org.openrdf.sesame:sesame-model:jar:2.7.16 from the shaded jar.
[INFO] Excluding org.openrdf.sesame:sesame-rio-api:jar:2.7.16 from the shaded jar.
[INFO] Excluding org.openrdf.sesame:sesame-rio-languages:jar:2.7.16 from the shaded jar.
[INFO] Excluding org.openrdf.sesame:sesame-rio-datatypes:jar:2.7.16 from the shaded jar.
[INFO] Excluding org.openrdf.sesame:sesame-rio-binary:jar:2.7.16 from the shaded jar.
[INFO] Excluding org.openrdf.sesame:sesame-rio-n3:jar:2.7.16 from the shaded jar.
[INFO] Excluding org.openrdf.sesame:sesame-rio-nquads:jar:2.7.16 from the shaded jar.
[INFO] Excluding org.openrdf.sesame:sesame-rio-ntriples:jar:2.7.16 from the shaded jar.
[INFO] Excluding org.openrdf.sesame:sesame-rio-rdfjson:jar:2.7.16 from the shaded jar.
[INFO] Excluding org.openrdf.sesame:sesame-rio-rdfxml:jar:2.7.16 from the shaded jar.
[INFO] Excluding org.openrdf.sesame:sesame-rio-trix:jar:2.7.16 from the shaded jar.
[INFO] Excluding org.openrdf.sesame:sesame-rio-turtle:jar:2.7.16 from the shaded jar.
[INFO] Excluding org.openrdf.sesame:sesame-rio-trig:jar:2.7.16 from the shaded jar.
[INFO] Excluding org.openrdf.sesame:sesame-util:jar:2.7.16 from the shaded jar.
[INFO] Excluding com.github.jsonld-java:jsonld-java-sesame:jar:0.5.0 from the shaded jar.
[INFO] Excluding com.github.jsonld-java:jsonld-java:jar:0.5.0 from the shaded jar.
[INFO] Excluding org.slf4j:jcl-over-slf4j:jar:1.7.7 from the shaded jar.
[INFO] Excluding org.apache.httpcomponents:httpclient:jar:4.5.1 from the shaded jar.
[INFO] Excluding org.apache.httpcomponents:httpclient-cache:jar:4.5.1 from the shaded jar.
[INFO] Excluding org.apache.httpcomponents:httpcore:jar:4.4.3 from the shaded jar.
[INFO] Excluding commons-codec:commons-codec:jar:1.9 from the shaded jar.
[INFO] Excluding commons-logging:commons-logging:jar:1.2 from the shaded jar.
[INFO] Excluding org.semarglproject:semargl-sesame:jar:0.6.1 from the shaded jar.
[INFO] Excluding org.semarglproject:semargl-core:jar:0.6.1 from the shaded jar.
[INFO] Excluding org.semarglproject:semargl-rdfa:jar:0.6.1 from the shaded jar.
[INFO] Excluding org.semarglproject:semargl-rdf:jar:0.6.1 from the shaded jar.
[INFO] Excluding org.apache.servicemix.bundles:org.apache.servicemix.bundles.javax-inject:jar:1_2 from the shaded jar.
[INFO] Excluding org.apache.servicemix.bundles:org.apache.servicemix.bundles.aopalliance:jar:1.0_6 from the shaded jar.
[INFO] Excluding net.sf.trove4j:trove4j:jar:3.0.3 from the shaded jar.
[INFO] Excluding com.google.guava:guava:jar:18.0 from the shaded jar.
[INFO] Excluding com.google.inject:guice:jar:4.0 from the shaded jar.
[INFO] Excluding javax.inject:javax.inject:jar:1 from the shaded jar.
[INFO] Excluding aopalliance:aopalliance:jar:1.0 from the shaded jar.
[INFO] Excluding com.google.inject.extensions:guice-assistedinject:jar:4.0 from the shaded jar.
[INFO] Excluding com.google.inject.extensions:guice-multibindings:jar:4.0 from the shaded jar.
[INFO] Excluding com.google.code.findbugs:jsr305:jar:2.0.1 from the shaded jar.
[INFO] Excluding org.slf4j:slf4j-api:jar:1.7.10 from the shaded jar.
[INFO] Excluding commons-io:commons-io:jar:2.4 from the shaded jar.
[WARNING] owlapi-oboformat-4.2.1.jar, owlapi-osgidistribution-4.2.1.jar define 75 overlappping classes: 
[WARNING]   - org.obolibrary.oboformat.parser.OBOFormatParser$MyStream
[WARNING]   - org.obolibrary.obo2owl.OWLAPIOwl2Obo
[WARNING]   - org.obolibrary.obo2owl.OboInOwlCardinalityTools$AnnotationCardinalityConfictHandler
[WARNING]   - org.obolibrary.macro.ManchesterSyntaxTool
[WARNING]   - org.obolibrary.oboformat.parser.XrefExpander
[WARNING]   - org.obolibrary.macro.ManchesterSyntaxTool$1
[WARNING]   - org.obolibrary.oboformat.writer.OBOFormatWriter$TermsTagsComparator
[WARNING]   - org.obolibrary.oboformat.parser.OBOFormatException
[WARNING]   - org.obolibrary.oboformat.parser.XrefExpander$IsaExpansion
[WARNING]   - org.obolibrary.oboformat.model.Frame$FrameType
[WARNING]   - 65 more...
[WARNING] owlapi-api-4.2.1.jar, owlapi-osgidistribution-4.2.1.jar define 759 overlappping classes: 
[WARNING]   - org.semanticweb.owlapi.model.OWLAxiomCollection
[WARNING]   - org.semanticweb.owlapi.util.InferredEquivalentDataPropertiesAxiomGenerator
[WARNING]   - org.semanticweb.owlapi.profiles.Profiles
[WARNING]   - org.semanticweb.owlapi.util.OWLClassExpressionCollector
[WARNING]   - org.semanticweb.owlapi.profiles.violations.DatatypeIRIAlsoUsedAsClassIRI
[WARNING]   - org.semanticweb.owlapi.profiles.OWL2Profile
[WARNING]   - org.semanticweb.owlapi.model.OWLFunctionalDataPropertyAxiom
[WARNING]   - org.semanticweb.owlapi.io.SystemOutDocumentTarget
[WARNING]   - org.semanticweb.owlapi.model.EDTChangeBroadcastStrategy$BroadcastException
[WARNING]   - org.semanticweb.owlapi.profiles.OWL2RLProfile$OWL2RLObjectVisitor
[WARNING]   - 749 more...
[WARNING] owlapi-apibinding-4.2.1.jar, owlapi-osgidistribution-4.2.1.jar define 2 overlappping classes: 
[WARNING]   - org.semanticweb.owlapi.apibinding.OWLManager
[WARNING]   - org.semanticweb.owlapi.apibinding.OWLFunctionalSyntaxFactory
[WARNING] owlapi-impl-4.2.1.jar, owlapi-osgidistribution-4.2.1.jar define 217 overlappping classes: 
[WARNING]   - uk.ac.manchester.cs.owl.owlapi.OWLFunctionalDataPropertyAxiomImpl
[WARNING]   - uk.ac.manchester.cs.owl.owlapi.OWLDataFactoryInternals
[WARNING]   - uk.ac.manchester.cs.owl.owlapi.OWLObjectPropertyImpl
[WARNING]   - uk.ac.manchester.cs.owl.owlapi.OWLObjectMaxCardinalityImpl
[WARNING]   - uk.ac.manchester.cs.owl.owlapi.concurrent.Concurrency
[WARNING]   - uk.ac.manchester.cs.owl.owlapi.OWLDataExactCardinalityImpl
[WARNING]   - org.semanticweb.owlapi.reasoner.impl.OWLClassNode
[WARNING]   - uk.ac.manchester.cs.owl.owlapi.OWLAnnotationPropertyRangeAxiomImpl
[WARNING]   - uk.ac.manchester.cs.owl.owlapi.SWRLAtomImpl
[WARNING]   - uk.ac.manchester.cs.owl.owlapi.OWLDataMaxCardinalityImpl
[WARNING]   - 207 more...
[WARNING] owlapi-fixers-4.2.1.jar, owlapi-osgidistribution-4.2.1.jar define 95 overlappping classes: 
[WARNING]   - org.semanticweb.owlapitools.builders.BuilderEquivalentDataProperties
[WARNING]   - org.semanticweb.owlapitools.builders.BuilderObjectPropertyDomain
[WARNING]   - org.semanticweb.owlapitools.builders.BuilderObjectExactCardinality
[WARNING]   - org.semanticweb.owlapitools.builders.BuilderDataHasValue
[WARNING]   - org.semanticweb.owlapitools.builders.BuilderSWRLDataRangeAtom
[WARNING]   - org.semanticweb.owlapitools.builders.BuilderDisjointUnion
[WARNING]   - org.semanticweb.owlapitools.builders.BuilderDataPropertyDomain
[WARNING]   - org.semanticweb.owlapitools.builders.BuilderClass
[WARNING]   - org.semanticweb.owlapitools.builders.BuilderFunctionalObjectProperty
[WARNING]   - org.semanticweb.owlapitools.builders.BuilderReflexiveObjectProperty
[WARNING]   - 85 more...
[WARNING] owlapi-rio-4.2.1.jar, owlapi-osgidistribution-4.2.1.jar define 68 overlappping classes: 
[WARNING]   - org.semanticweb.owlapi.rio.RioRenderer
[WARNING]   - org.semanticweb.owlapi.formats.RioRDFXMLDocumentFormat
[WARNING]   - org.semanticweb.owlapi.rio.RioTrixStorerFactory
[WARNING]   - org.semanticweb.owlapi.rio.RioRDFXMLStorerFactory
[WARNING]   - org.semanticweb.owlapi.rio.RioTrixParserFactory
[WARNING]   - org.semanticweb.owlapi.rio.RioOWLRDFParser
[WARNING]   - org.semanticweb.owlapi.rio.RioOWLXMLParserFactory
[WARNING]   - org.semanticweb.owlapi.rio.OWLAPIRDFFormat
[WARNING]   - org.semanticweb.owlapi.rio.RioNTriplesParserFactory
[WARNING]   - org.semanticweb.owlapi.formats.RDFaDocumentFormatFactory
[WARNING]   - 58 more...
[WARNING] owlapi-parsers-4.2.1.jar, owlapi-osgidistribution-4.2.1.jar define 606 overlappping classes: 
[WARNING]   - org.semanticweb.owlapi.owlxml.parser.AbstractOWLObjectPropertyOperandAxiomElementHandler
[WARNING]   - org.semanticweb.owlapi.owlxml.parser.PARSER_OWLXMLVocabulary$42
[WARNING]   - org.semanticweb.owlapi.owlxml.parser.OWLObjectHasValueElementHandler
[WARNING]   - org.semanticweb.owlapi.rdf.rdfxml.parser.TripleHandlers$TypeDeprecatedClassHandler
[WARNING]   - org.semanticweb.owlapi.rdf.rdfxml.parser.Mode
[WARNING]   - org.semanticweb.owlapi.rdf.rdfxml.parser.TripleHandlers$TPFirstResourceHandler
[WARNING]   - org.semanticweb.owlapi.owlxml.parser.OWLOntologyHandler
[WARNING]   - org.semanticweb.owlapi.rdf.rdfxml.parser.Translators$DataHasValueTranslator
[WARNING]   - org.semanticweb.owlapi.manchestersyntax.parser.ManchesterOWLSyntaxParserImpl$AnnotatedDataRangeListItemParser
[WARNING]   - org.semanticweb.owlapi.owlxml.parser.OWLObjectPropertyRangeAxiomElementHandler
[WARNING]   - 596 more...
[WARNING] owlapi-compatibility-4.2.1.jar, owlapi-osgidistribution-4.2.1.jar define 84 overlappping classes: 
[WARNING]   - org.semanticweb.owlapi.vocab.PrefixOWLOntologyFormat
[WARNING]   - org.coode.owlapi.obo12.parser.OBOParserTokenManager
[WARNING]   - org.coode.owlapi.manchesterowlsyntax.ManchesterOWLSyntaxClassExpressionParser
[WARNING]   - org.coode.owlapi.obo12.parser.OBOVocabulary
[WARNING]   - org.coode.owlapi.obo12.parser.InverseHandler
[WARNING]   - org.coode.owlapi.obo12.parser.OBOIdTranslator
[WARNING]   - org.coode.owlapi.obo12.parser.DefTagValueHandler
[WARNING]   - org.coode.owlapi.obo12.parser.OBOParserException
[WARNING]   - org.semanticweb.owlapi.model.OWLOntologyFormat
[WARNING]   - org.coode.owlapi.obo12.parser.OBOTagValuePair
[WARNING]   - 74 more...
[WARNING] owlapi-tools-4.2.1.jar, owlapi-osgidistribution-4.2.1.jar define 84 overlappping classes: 
[WARNING]   - uk.ac.manchester.cs.owlapi.modularity.SyntacticLocalityModuleExtractor$1
[WARNING]   - com.clarkparsia.owlapi.explanation.util.DefinitionTracker
[WARNING]   - uk.ac.manchester.cs.owl.explanation.ordering.ExplanationTree
[WARNING]   - com.clarkparsia.owlapi.explanation.io.ExplanationRenderer
[WARNING]   - org.semanticweb.owlapi.normalform.OWLObjectComplementOfExtractor
[WARNING]   - org.semanticweb.owlapi.metrics.AxiomTypeMetric
[WARNING]   - uk.ac.manchester.cs.owl.explanation.ordering.AlphaExplanationOrderer
[WARNING]   - org.semanticweb.owlapi.metrics.HiddenGCICount
[WARNING]   - com.clarkparsia.owlapi.explanation.io.SilentExplanationRenderer
[WARNING]   - org.semanticweb.owlapi.metrics.ReferencedIndividualCount
[WARNING]   - 74 more...
[WARNING] maven-shade-plugin has detected that some .class files
[WARNING] are present in two or more JARs. When this happens, only
[WARNING] one single version of the class is copied in the uberjar.
[WARNING] Usually this is not harmful and you can skeep these
[WARNING] warnings, otherwise try to manually exclude artifacts
[WARNING] based on mvn dependency:tree -Ddetail=true and the above
[WARNING] output
[WARNING] See http://docs.codehaus.org/display/MAVENUSER/Shade+Plugin
[INFO] Replacing original artifact with shaded artifact.
[INFO] Replacing /home/travis/build/owlcs/owlapi/osgidistribution/target/owlapi-osgidistribution-4.2.1.jar with /home/travis/build/owlcs/owlapi/osgidistribution/target/owlapi-osgidistribution-4.2.1-shaded.jar
[INFO] Dependency-reduced POM written at: /home/travis/build/owlcs/owlapi/osgidistribution/dependency-reduced-pom.xml
[INFO] 
[INFO] --- maven-javadoc-plugin:2.8.1:jar (attach-javadocs) @ owlapi-osgidistribution ---
[INFO] Skipping javadoc generation
[INFO] 
[INFO] --- maven-javadoc-plugin:2.8.1:jar (attach-javadoc) @ owlapi-osgidistribution ---
[INFO] Skipping javadoc generation
[INFO] 
[INFO] --- maven-assembly-plugin:2.4:single (attach-sources) @ owlapi-osgidistribution ---
[INFO] Reading assembly descriptor: src/assembly/sources.xml
[INFO] Building jar: /home/travis/build/owlcs/owlapi/osgidistribution/target/owlapi-osgidistribution-4.2.1-sources.jar
[INFO] 
[INFO] --- maven-failsafe-plugin:2.18.1:integration-test (default) @ owlapi-osgidistribution ---
[INFO] Tests are skipped.
[INFO] 
[INFO] --- maven-failsafe-plugin:2.18.1:verify (default) @ owlapi-osgidistribution ---
[INFO] Tests are skipped.
[INFO] 
[INFO] --- maven-install-plugin:2.5.2:install (default-install) @ owlapi-osgidistribution ---
[INFO] Installing /home/travis/build/owlcs/owlapi/osgidistribution/target/owlapi-osgidistribution-4.2.1.jar to /home/travis/.m2/repository/net/sourceforge/owlapi/owlapi-osgidistribution/4.2.1/owlapi-osgidistribution-4.2.1.jar
[INFO] Installing /home/travis/build/owlcs/owlapi/osgidistribution/dependency-reduced-pom.xml to /home/travis/.m2/repository/net/sourceforge/owlapi/owlapi-osgidistribution/4.2.1/owlapi-osgidistribution-4.2.1.pom
[INFO] Installing /home/travis/build/owlcs/owlapi/osgidistribution/target/owlapi-osgidistribution-4.2.1-sources.jar to /home/travis/.m2/repository/net/sourceforge/owlapi/owlapi-osgidistribution/4.2.1/owlapi-osgidistribution-4.2.1-sources.jar
[INFO] Installing /home/travis/build/owlcs/owlapi/osgidistribution/target/owlapi-osgidistribution-4.2.1-sources.jar to /home/travis/.m2/repository/net/sourceforge/owlapi/owlapi-osgidistribution/4.2.1/owlapi-osgidistribution-4.2.1-sources.jar
[INFO] 
[INFO] --- maven-bundle-plugin:2.5.3:install (default-install) @ owlapi-osgidistribution ---
[INFO] Installing net/sourceforge/owlapi/owlapi-osgidistribution/4.2.1/owlapi-osgidistribution-4.2.1.jar
[INFO] Installing net/sourceforge/owlapi/owlapi-osgidistribution/4.2.1/owlapi-osgidistribution-4.2.1-sources.jar
[INFO] Writing OBR metadata
[INFO] ------------------------------------------------------------------------
[INFO] Reactor Summary:
[INFO] 
[INFO] OWLAPI ............................................. SUCCESS [  2.872 s]
[INFO] OWLAPI Model Interfaces and utilities .............. SUCCESS [ 11.778 s]
[INFO] OWLAPI Default Implementation ...................... SUCCESS [  8.304 s]
[INFO] tools .............................................. SUCCESS [  2.647 s]
[INFO] parsers ............................................ SUCCESS [  9.611 s]
[INFO] oboformat parser ................................... SUCCESS [  4.085 s]
[INFO] OWLAPITOOLS OWL profile and fixers ................. SUCCESS [  3.389 s]
[INFO] OWLAPI :: Sesame Rio module ........................ SUCCESS [  2.298 s]
[INFO] OWLAPI Binding and Config .......................... SUCCESS [  1.551 s]
[INFO] compatibility ...................................... SUCCESS [  4.080 s]
[INFO] tests and tutorials ................................ SUCCESS [  9.743 s]
[INFO] OWLAPI Distribution ................................ SUCCESS [  9.351 s]
[INFO] OWLAPI OSGi and Compatibility Distribution ......... SUCCESS [ 11.195 s]
[INFO] ------------------------------------------------------------------------
[INFO] BUILD SUCCESS
[INFO] ------------------------------------------------------------------------
[INFO] Total time: 01:22 min
[INFO] Finished at: 2016-03-05T23:52:53+00:00
[INFO] Final Memory: 120M/463M
[INFO] ------------------------------------------------------------------------

travis_time:end:3a2f8373:start=1457221888946537439,finish=1457221975981211484,duration=87034674045[0Ktravis_fold:end:install[0Ktravis_time:start:020ace7a[0K$ mvn verify
[INFO] Scanning for projects...
[INFO] Inspecting build with total of 13 modules...
[INFO] Installing Nexus Staging features:
[INFO]   ... total of 13 executions of maven-deploy-plugin replaced with nexus-staging-maven-plugin
[INFO] ------------------------------------------------------------------------
[INFO] Reactor Build Order:
[INFO] 
[INFO] OWLAPI
[INFO] OWLAPI Model Interfaces and utilities
[INFO] OWLAPI Default Implementation
[INFO] tools
[INFO] parsers
[INFO] oboformat parser
[INFO] OWLAPITOOLS OWL profile and fixers
[INFO] OWLAPI :: Sesame Rio module
[INFO] OWLAPI Binding and Config
[INFO] compatibility
[INFO] tests and tutorials
[INFO] OWLAPI Distribution
[INFO] OWLAPI OSGi and Compatibility Distribution
[INFO]                                                                         
[INFO] ------------------------------------------------------------------------
[INFO] Building OWLAPI 4.2.1
[INFO] ------------------------------------------------------------------------
[INFO] 
[INFO] --- maven-enforcer-plugin:1.0:enforce (enforce-maven) @ owlapi-parent ---
[INFO] 
[INFO] --- animal-sniffer-maven-plugin:1.13:check (default) @ owlapi-parent ---
[INFO] Checking unresolved references to org.codehaus.mojo.signature:java17:1.0
[INFO] 
[INFO] >>> maven-source-plugin:2.2.1:jar (attach-sources) > generate-sources @ owlapi-parent >>>
[INFO] 
[INFO] --- maven-enforcer-plugin:1.0:enforce (enforce-maven) @ owlapi-parent ---
[INFO] 
[INFO] <<< maven-source-plugin:2.2.1:jar (attach-sources) < generate-sources @ owlapi-parent <<<
[INFO] 
[INFO] --- maven-source-plugin:2.2.1:jar (attach-sources) @ owlapi-parent ---
[INFO] 
[INFO] --- maven-javadoc-plugin:2.8.1:jar (attach-javadocs) @ owlapi-parent ---
[INFO] Skipping javadoc generation
[INFO]                                                                         
[INFO] ------------------------------------------------------------------------
[INFO] Building OWLAPI Model Interfaces and utilities 4.2.1
[INFO] ------------------------------------------------------------------------
[INFO] 
[INFO] --- maven-enforcer-plugin:1.0:enforce (enforce-maven) @ owlapi-api ---
[INFO] 
[INFO] --- maven-resources-plugin:2.6:resources (default-resources) @ owlapi-api ---
[INFO] Using 'UTF-8' encoding to copy filtered resources.
[INFO] skip non existing resourceDirectory /home/travis/build/owlcs/owlapi/api/src/main/resources
[INFO] 
[INFO] --- maven-compiler-plugin:2.3.2:compile (default-compile) @ owlapi-api ---
[INFO] Compiling 10 source files to /home/travis/build/owlcs/owlapi/api/target/classes
[INFO] 
[INFO] --- maven-resources-plugin:2.6:testResources (default-testResources) @ owlapi-api ---
[INFO] Using 'UTF-8' encoding to copy filtered resources.
[INFO] Copying 1 resource
[INFO] 
[INFO] --- maven-compiler-plugin:2.3.2:testCompile (default-testCompile) @ owlapi-api ---
[INFO] Nothing to compile - all classes are up to date
[INFO] 
[INFO] --- maven-surefire-plugin:2.18.1:test (default-test) @ owlapi-api ---
[INFO] Surefire report directory: /home/travis/build/owlcs/owlapi/api/target/surefire-reports

-------------------------------------------------------
 T E S T S
-------------------------------------------------------
Tests run: 864, Failures: 0, Errors: 0, Skipped: 0

[INFO] 
[INFO] --- animal-sniffer-maven-plugin:1.13:check (default) @ owlapi-api ---
[INFO] Checking unresolved references to org.codehaus.mojo.signature:java17:1.0
[INFO] 
[INFO] --- maven-jar-plugin:2.4:jar (default-jar) @ owlapi-api ---
[INFO] 
[INFO] >>> maven-source-plugin:2.2.1:jar (attach-sources) > generate-sources @ owlapi-api >>>
[INFO] 
[INFO] --- maven-enforcer-plugin:1.0:enforce (enforce-maven) @ owlapi-api ---
[INFO] 
[INFO] <<< maven-source-plugin:2.2.1:jar (attach-sources) < generate-sources @ owlapi-api <<<
[INFO] 
[INFO] --- maven-source-plugin:2.2.1:jar (attach-sources) @ owlapi-api ---
[INFO] 
[INFO] --- maven-javadoc-plugin:2.8.1:jar (attach-javadocs) @ owlapi-api ---
[INFO] Skipping javadoc generation
[INFO]                                                                         
[INFO] ------------------------------------------------------------------------
[INFO] Building OWLAPI Default Implementation 4.2.1
[INFO] ------------------------------------------------------------------------
[INFO] 
[INFO] --- maven-enforcer-plugin:1.0:enforce (enforce-maven) @ owlapi-impl ---
[INFO] 
[INFO] --- maven-resources-plugin:2.6:resources (default-resources) @ owlapi-impl ---
[INFO] Using 'UTF-8' encoding to copy filtered resources.
[INFO] skip non existing resourceDirectory /home/travis/build/owlcs/owlapi/impl/src/main/resources
[INFO] 
[INFO] --- maven-compiler-plugin:2.3.2:compile (default-compile) @ owlapi-impl ---
[INFO] Compiling 3 source files to /home/travis/build/owlcs/owlapi/impl/target/classes
[INFO] 
[INFO] --- maven-resources-plugin:2.6:testResources (default-testResources) @ owlapi-impl ---
[INFO] Using 'UTF-8' encoding to copy filtered resources.
[INFO] skip non existing resourceDirectory /home/travis/build/owlcs/owlapi/impl/src/test/resources
[INFO] 
[INFO] --- maven-compiler-plugin:2.3.2:testCompile (default-testCompile) @ owlapi-impl ---
[INFO] Nothing to compile - all classes are up to date
[INFO] 
[INFO] --- maven-surefire-plugin:2.18.1:test (default-test) @ owlapi-impl ---
[INFO] Surefire report directory: /home/travis/build/owlcs/owlapi/impl/target/surefire-reports

-------------------------------------------------------
 T E S T S
-------------------------------------------------------
[main] WARN uk.ac.manchester.cs.owl.owlapi.OWLOntologyManagerImpl - Runtime Warning: Parsers should load imported ontologies using the makeImportLoadRequest method.
[main] WARN uk.ac.manchester.cs.owl.owlapi.OWLOntologyManagerImpl - Runtime Warning: Parsers should load imported ontologies using the makeImportLoadRequest method.
Tests run: 499, Failures: 0, Errors: 0, Skipped: 0

[INFO] 
[INFO] --- animal-sniffer-maven-plugin:1.13:check (default) @ owlapi-impl ---
[INFO] Checking unresolved references to org.codehaus.mojo.signature:java17:1.0
[INFO] 
[INFO] --- maven-jar-plugin:2.4:jar (default-jar) @ owlapi-impl ---
[INFO] 
[INFO] >>> maven-source-plugin:2.2.1:jar (attach-sources) > generate-sources @ owlapi-impl >>>
[INFO] 
[INFO] --- maven-enforcer-plugin:1.0:enforce (enforce-maven) @ owlapi-impl ---
[INFO] 
[INFO] <<< maven-source-plugin:2.2.1:jar (attach-sources) < generate-sources @ owlapi-impl <<<
[INFO] 
[INFO] --- maven-source-plugin:2.2.1:jar (attach-sources) @ owlapi-impl ---
[INFO] 
[INFO] --- maven-javadoc-plugin:2.8.1:jar (attach-javadocs) @ owlapi-impl ---
[INFO] Skipping javadoc generation
[INFO]                                                                         
[INFO] ------------------------------------------------------------------------
[INFO] Building tools 4.2.1
[INFO] ------------------------------------------------------------------------
[INFO] 
[INFO] --- maven-enforcer-plugin:1.0:enforce (enforce-maven) @ owlapi-tools ---
[INFO] 
[INFO] --- maven-resources-plugin:2.6:resources (default-resources) @ owlapi-tools ---
[INFO] Using 'UTF-8' encoding to copy filtered resources.
[INFO] skip non existing resourceDirectory /home/travis/build/owlcs/owlapi/tools/src/main/resources
[INFO] 
[INFO] --- maven-compiler-plugin:2.3.2:compile (default-compile) @ owlapi-tools ---
[INFO] Compiling 10 source files to /home/travis/build/owlcs/owlapi/tools/target/classes
[INFO] 
[INFO] --- maven-resources-plugin:2.6:testResources (default-testResources) @ owlapi-tools ---
[INFO] Using 'UTF-8' encoding to copy filtered resources.
[INFO] skip non existing resourceDirectory /home/travis/build/owlcs/owlapi/tools/src/test/resources
[INFO] 
[INFO] --- maven-compiler-plugin:2.3.2:testCompile (default-testCompile) @ owlapi-tools ---
[INFO] No sources to compile
[INFO] 
[INFO] --- maven-surefire-plugin:2.18.1:test (default-test) @ owlapi-tools ---
[INFO] No tests to run.
[INFO] 
[INFO] --- animal-sniffer-maven-plugin:1.13:check (default) @ owlapi-tools ---
[INFO] Checking unresolved references to org.codehaus.mojo.signature:java17:1.0
[INFO] 
[INFO] --- maven-jar-plugin:2.4:jar (default-jar) @ owlapi-tools ---
[INFO] 
[INFO] >>> maven-source-plugin:2.2.1:jar (attach-sources) > generate-sources @ owlapi-tools >>>
[INFO] 
[INFO] --- maven-enforcer-plugin:1.0:enforce (enforce-maven) @ owlapi-tools ---
[INFO] 
[INFO] <<< maven-source-plugin:2.2.1:jar (attach-sources) < generate-sources @ owlapi-tools <<<
[INFO] 
[INFO] --- maven-source-plugin:2.2.1:jar (attach-sources) @ owlapi-tools ---
[INFO] 
[INFO] --- maven-javadoc-plugin:2.8.1:jar (attach-javadocs) @ owlapi-tools ---
[INFO] Skipping javadoc generation
[INFO]                                                                         
[INFO] ------------------------------------------------------------------------
[INFO] Building parsers 4.2.1
[INFO] ------------------------------------------------------------------------
[INFO] 
[INFO] --- maven-enforcer-plugin:1.0:enforce (enforce-maven) @ owlapi-parsers ---
[INFO] 
[INFO] --- maven-resources-plugin:2.6:resources (default-resources) @ owlapi-parsers ---
[INFO] Using 'UTF-8' encoding to copy filtered resources.
[INFO] Copying 2 resources
[INFO] 
[INFO] --- maven-compiler-plugin:2.3.2:compile (default-compile) @ owlapi-parsers ---
[INFO] Compiling 10 source files to /home/travis/build/owlcs/owlapi/parsers/target/classes
[INFO] 
[INFO] --- maven-resources-plugin:2.6:testResources (default-testResources) @ owlapi-parsers ---
[INFO] Using 'UTF-8' encoding to copy filtered resources.
[INFO] skip non existing resourceDirectory /home/travis/build/owlcs/owlapi/parsers/src/test/resources
[INFO] 
[INFO] --- maven-compiler-plugin:2.3.2:testCompile (default-testCompile) @ owlapi-parsers ---
[INFO] Nothing to compile - all classes are up to date
[INFO] 
[INFO] --- maven-surefire-plugin:2.18.1:test (default-test) @ owlapi-parsers ---
[INFO] Surefire report directory: /home/travis/build/owlcs/owlapi/parsers/target/surefire-reports

-------------------------------------------------------
 T E S T S
-------------------------------------------------------
Tests run: 3, Failures: 0, Errors: 0, Skipped: 1

[INFO] 
[INFO] --- animal-sniffer-maven-plugin:1.13:check (default) @ owlapi-parsers ---
[INFO] Checking unresolved references to org.codehaus.mojo.signature:java17:1.0
[INFO] 
[INFO] --- maven-jar-plugin:2.4:jar (default-jar) @ owlapi-parsers ---
[INFO] 
[INFO] >>> maven-source-plugin:2.2.1:jar (attach-sources) > generate-sources @ owlapi-parsers >>>
[INFO] 
[INFO] --- maven-enforcer-plugin:1.0:enforce (enforce-maven) @ owlapi-parsers ---
[INFO] 
[INFO] <<< maven-source-plugin:2.2.1:jar (attach-sources) < generate-sources @ owlapi-parsers <<<
[INFO] 
[INFO] --- maven-source-plugin:2.2.1:jar (attach-sources) @ owlapi-parsers ---
[INFO] 
[INFO] --- maven-javadoc-plugin:2.8.1:jar (attach-javadocs) @ owlapi-parsers ---
[INFO] Skipping javadoc generation
[INFO]                                                                         
[INFO] ------------------------------------------------------------------------
[INFO] Building oboformat parser 4.2.1
[INFO] ------------------------------------------------------------------------
[INFO] 
[INFO] --- maven-enforcer-plugin:1.0:enforce (enforce-maven) @ owlapi-oboformat ---
[INFO] 
[INFO] --- maven-resources-plugin:2.6:resources (default-resources) @ owlapi-oboformat ---
[INFO] Using 'UTF-8' encoding to copy filtered resources.
[INFO] Copying 2 resources
[INFO] 
[INFO] --- maven-compiler-plugin:2.3.2:compile (default-compile) @ owlapi-oboformat ---
[INFO] Nothing to compile - all classes are up to date
[INFO] 
[INFO] --- maven-resources-plugin:2.6:testResources (default-testResources) @ owlapi-oboformat ---
[INFO] Using 'UTF-8' encoding to copy filtered resources.
[INFO] skip non existing resourceDirectory /home/travis/build/owlcs/owlapi/oboformat/src/test/resources
[INFO] 
[INFO] --- maven-compiler-plugin:2.3.2:testCompile (default-testCompile) @ owlapi-oboformat ---
[INFO] Nothing to compile - all classes are up to date
[INFO] 
[INFO] --- maven-surefire-plugin:2.18.1:test (default-test) @ owlapi-oboformat ---
[INFO] Surefire report directory: /home/travis/build/owlcs/owlapi/oboformat/target/surefire-reports

-------------------------------------------------------
 T E S T S
-------------------------------------------------------
Tests run: 1, Failures: 0, Errors: 0, Skipped: 0

[INFO] 
[INFO] --- animal-sniffer-maven-plugin:1.13:check (default) @ owlapi-oboformat ---
[INFO] Checking unresolved references to org.codehaus.mojo.signature:java17:1.0
[INFO] 
[INFO] --- maven-jar-plugin:2.4:jar (default-jar) @ owlapi-oboformat ---
[INFO] 
[INFO] >>> maven-source-plugin:2.2.1:jar (attach-sources) > generate-sources @ owlapi-oboformat >>>
[INFO] 
[INFO] --- maven-enforcer-plugin:1.0:enforce (enforce-maven) @ owlapi-oboformat ---
[INFO] 
[INFO] <<< maven-source-plugin:2.2.1:jar (attach-sources) < generate-sources @ owlapi-oboformat <<<
[INFO] 
[INFO] --- maven-source-plugin:2.2.1:jar (attach-sources) @ owlapi-oboformat ---
[INFO] 
[INFO] --- maven-javadoc-plugin:2.8.1:jar (attach-javadocs) @ owlapi-oboformat ---
[INFO] Skipping javadoc generation
[INFO]                                                                         
[INFO] ------------------------------------------------------------------------
[INFO] Building OWLAPITOOLS OWL profile and fixers 4.2.1
[INFO] ------------------------------------------------------------------------
[INFO] 
[INFO] --- maven-enforcer-plugin:1.0:enforce (enforce-maven) @ owlapi-fixers ---
[INFO] 
[INFO] --- maven-resources-plugin:2.6:resources (default-resources) @ owlapi-fixers ---
[INFO] Using 'UTF-8' encoding to copy filtered resources.
[INFO] skip non existing resourceDirectory /home/travis/build/owlcs/owlapi/fixers/src/main/resources
[INFO] 
[INFO] --- maven-compiler-plugin:2.3.2:compile (default-compile) @ owlapi-fixers ---
[INFO] Nothing to compile - all classes are up to date
[INFO] 
[INFO] --- maven-resources-plugin:2.6:testResources (default-testResources) @ owlapi-fixers ---
[INFO] Using 'UTF-8' encoding to copy filtered resources.
[INFO] skip non existing resourceDirectory /home/travis/build/owlcs/owlapi/fixers/src/test/resources
[INFO] 
[INFO] --- maven-compiler-plugin:2.3.2:testCompile (default-testCompile) @ owlapi-fixers ---
[INFO] Nothing to compile - all classes are up to date
[INFO] 
[INFO] --- maven-surefire-plugin:2.18.1:test (default-test) @ owlapi-fixers ---
[INFO] Surefire report directory: /home/travis/build/owlcs/owlapi/fixers/target/surefire-reports

-------------------------------------------------------
 T E S T S
-------------------------------------------------------
Tests run: 207, Failures: 0, Errors: 0, Skipped: 0

[INFO] 
[INFO] --- animal-sniffer-maven-plugin:1.13:check (default) @ owlapi-fixers ---
[INFO] Checking unresolved references to org.codehaus.mojo.signature:java17:1.0
[INFO] 
[INFO] --- maven-jar-plugin:2.4:jar (default-jar) @ owlapi-fixers ---
[INFO] 
[INFO] >>> maven-source-plugin:2.2.1:jar (attach-sources) > generate-sources @ owlapi-fixers >>>
[INFO] 
[INFO] --- maven-enforcer-plugin:1.0:enforce (enforce-maven) @ owlapi-fixers ---
[INFO] 
[INFO] <<< maven-source-plugin:2.2.1:jar (attach-sources) < generate-sources @ owlapi-fixers <<<
[INFO] 
[INFO] --- maven-source-plugin:2.2.1:jar (attach-sources) @ owlapi-fixers ---
[INFO] 
[INFO] --- maven-javadoc-plugin:2.8.1:jar (attach-javadocs) @ owlapi-fixers ---
[INFO] Skipping javadoc generation
[INFO]                                                                         
[INFO] ------------------------------------------------------------------------
[INFO] Building OWLAPI :: Sesame Rio module 4.2.1
[INFO] ------------------------------------------------------------------------
[INFO] 
[INFO] --- maven-enforcer-plugin:1.0:enforce (enforce-maven) @ owlapi-rio ---
[INFO] 
[INFO] --- maven-resources-plugin:2.6:resources (default-resources) @ owlapi-rio ---
[INFO] Using 'UTF-8' encoding to copy filtered resources.
[INFO] Copying 4 resources
[INFO] 
[INFO] --- maven-compiler-plugin:2.3.2:compile (default-compile) @ owlapi-rio ---
[INFO] Nothing to compile - all classes are up to date
[INFO] 
[INFO] --- maven-resources-plugin:2.6:testResources (default-testResources) @ owlapi-rio ---
[INFO] Using 'UTF-8' encoding to copy filtered resources.
[INFO] skip non existing resourceDirectory /home/travis/build/owlcs/owlapi/rio/src/test/resources
[INFO] 
[INFO] --- maven-compiler-plugin:2.3.2:testCompile (default-testCompile) @ owlapi-rio ---
[INFO] No sources to compile
[INFO] 
[INFO] --- maven-surefire-plugin:2.18.1:test (default-test) @ owlapi-rio ---
[INFO] No tests to run.
[INFO] 
[INFO] --- animal-sniffer-maven-plugin:1.13:check (default) @ owlapi-rio ---
[INFO] Checking unresolved references to org.codehaus.mojo.signature:java17:1.0
[INFO] 
[INFO] --- maven-jar-plugin:2.4:jar (default-jar) @ owlapi-rio ---
[INFO] 
[INFO] >>> maven-source-plugin:2.2.1:jar (attach-sources) > generate-sources @ owlapi-rio >>>
[INFO] 
[INFO] --- maven-enforcer-plugin:1.0:enforce (enforce-maven) @ owlapi-rio ---
[INFO] 
[INFO] <<< maven-source-plugin:2.2.1:jar (attach-sources) < generate-sources @ owlapi-rio <<<
[INFO] 
[INFO] --- maven-source-plugin:2.2.1:jar (attach-sources) @ owlapi-rio ---
[INFO] 
[INFO] --- maven-javadoc-plugin:2.8.1:jar (attach-javadocs) @ owlapi-rio ---
[INFO] Skipping javadoc generation
[INFO]                                                                         
[INFO] ------------------------------------------------------------------------
[INFO] Building OWLAPI Binding and Config 4.2.1
[INFO] ------------------------------------------------------------------------
[INFO] 
[INFO] --- maven-enforcer-plugin:1.0:enforce (enforce-maven) @ owlapi-apibinding ---
[INFO] 
[INFO] --- maven-resources-plugin:2.6:resources (default-resources) @ owlapi-apibinding ---
[INFO] Using 'UTF-8' encoding to copy filtered resources.
[INFO] Copying 1 resource
[INFO] 
[INFO] --- maven-compiler-plugin:2.3.2:compile (default-compile) @ owlapi-apibinding ---
[INFO] Compiling 1 source file to /home/travis/build/owlcs/owlapi/apibinding/target/classes
[INFO] 
[INFO] --- maven-resources-plugin:2.6:testResources (default-testResources) @ owlapi-apibinding ---
[INFO] Using 'UTF-8' encoding to copy filtered resources.
[INFO] skip non existing resourceDirectory /home/travis/build/owlcs/owlapi/apibinding/src/test/resources
[INFO] 
[INFO] --- maven-compiler-plugin:2.3.2:testCompile (default-testCompile) @ owlapi-apibinding ---
[INFO] No sources to compile
[INFO] 
[INFO] --- maven-surefire-plugin:2.18.1:test (default-test) @ owlapi-apibinding ---
[INFO] No tests to run.
[INFO] 
[INFO] --- animal-sniffer-maven-plugin:1.13:check (default) @ owlapi-apibinding ---
[INFO] Checking unresolved references to org.codehaus.mojo.signature:java17:1.0
[INFO] 
[INFO] --- maven-jar-plugin:2.4:jar (default-jar) @ owlapi-apibinding ---
[INFO] 
[INFO] >>> maven-source-plugin:2.2.1:jar (attach-sources) > generate-sources @ owlapi-apibinding >>>
[INFO] 
[INFO] --- maven-enforcer-plugin:1.0:enforce (enforce-maven) @ owlapi-apibinding ---
[INFO] 
[INFO] <<< maven-source-plugin:2.2.1:jar (attach-sources) < generate-sources @ owlapi-apibinding <<<
[INFO] 
[INFO] --- maven-source-plugin:2.2.1:jar (attach-sources) @ owlapi-apibinding ---
[INFO] 
[INFO] --- maven-javadoc-plugin:2.8.1:jar (attach-javadocs) @ owlapi-apibinding ---
[INFO] Skipping javadoc generation
[INFO]                                                                         
[INFO] ------------------------------------------------------------------------
[INFO] Building compatibility 4.2.1
[INFO] ------------------------------------------------------------------------
[INFO] 
[INFO] --- maven-enforcer-plugin:1.0:enforce (enforce-maven) @ owlapi-compatibility ---
[INFO] 
[INFO] --- maven-resources-plugin:2.6:resources (default-resources) @ owlapi-compatibility ---
[INFO] Using 'UTF-8' encoding to copy filtered resources.
[INFO] Copying 1 resource
[INFO] 
[INFO] --- maven-compiler-plugin:2.3.2:compile (default-compile) @ owlapi-compatibility ---
[INFO] Nothing to compile - all classes are up to date
[INFO] 
[INFO] --- maven-resources-plugin:2.6:testResources (default-testResources) @ owlapi-compatibility ---
[INFO] Using 'UTF-8' encoding to copy filtered resources.
[INFO] Copying 2 resources
[INFO] 
[INFO] --- maven-compiler-plugin:2.3.2:testCompile (default-testCompile) @ owlapi-compatibility ---
[INFO] Nothing to compile - all classes are up to date
[INFO] 
[INFO] --- maven-surefire-plugin:2.18.1:test (default-test) @ owlapi-compatibility ---
[INFO] Surefire report directory: /home/travis/build/owlcs/owlapi/compatibility/target/surefire-reports

-------------------------------------------------------
 T E S T S
-------------------------------------------------------
[Fatal Error] :1:1: Content is not allowed in prolog.
[main] ERROR org.obolibrary.obo2owl.OWLAPIObo2Owl - id contains space: "'participates in' some 
('regulation of drinking behavior' and (has_quality some 
('increased frequency' and towards some 'liquid consumption' and owl:qualifier some chronic)))"
[Fatal Error] :1:1: Content is not allowed in prolog.
[main] INFO org.semanticweb.owlapi.rdf.rdfxml.parser.OWLRDFConsumer - dumping remaining triples
[main] INFO org.semanticweb.owlapi.rdf.rdfxml.parser.OWLRDFConsumer - done dumping remaining triples
Tests run: 3, Failures: 0, Errors: 0, Skipped: 0

[INFO] 
[INFO] --- animal-sniffer-maven-plugin:1.13:check (default) @ owlapi-compatibility ---
[INFO] Checking unresolved references to org.codehaus.mojo.signature:java17:1.0
[INFO] 
[INFO] --- maven-jar-plugin:2.4:jar (default-jar) @ owlapi-compatibility ---
[INFO] 
[INFO] >>> maven-source-plugin:2.2.1:jar (attach-sources) > generate-sources @ owlapi-compatibility >>>
[INFO] 
[INFO] --- maven-enforcer-plugin:1.0:enforce (enforce-maven) @ owlapi-compatibility ---
[INFO] 
[INFO] <<< maven-source-plugin:2.2.1:jar (attach-sources) < generate-sources @ owlapi-compatibility <<<
[INFO] 
[INFO] --- maven-source-plugin:2.2.1:jar (attach-sources) @ owlapi-compatibility ---
[INFO] 
[INFO] --- maven-javadoc-plugin:2.8.1:jar (attach-javadocs) @ owlapi-compatibility ---
[INFO] Skipping javadoc generation
[INFO]                                                                         
[INFO] ------------------------------------------------------------------------
[INFO] Building tests and tutorials 4.2.1
[INFO] ------------------------------------------------------------------------
[INFO] 
[INFO] --- maven-enforcer-plugin:1.0:enforce (enforce-maven) @ owlapi-contract ---
[INFO] 
[INFO] --- maven-resources-plugin:2.6:resources (default-resources) @ owlapi-contract ---
[INFO] Using 'UTF-8' encoding to copy filtered resources.
[INFO] skip non existing resourceDirectory /home/travis/build/owlcs/owlapi/contract/src/main/resources
[INFO] 
[INFO] --- maven-compiler-plugin:2.3.2:compile (default-compile) @ owlapi-contract ---
[INFO] Nothing to compile - all classes are up to date
[INFO] 
[INFO] --- maven-resources-plugin:2.6:testResources (default-testResources) @ owlapi-contract ---
[INFO] Using 'UTF-8' encoding to copy filtered resources.
[INFO] Copying 175 resources
[INFO] 
[INFO] --- maven-compiler-plugin:2.3.2:testCompile (default-testCompile) @ owlapi-contract ---
[INFO] Nothing to compile - all classes are up to date
[INFO] 
[INFO] --- maven-surefire-plugin:2.18.1:test (default-test) @ owlapi-contract ---
[INFO] Surefire report directory: /home/travis/build/owlcs/owlapi/contract/target/surefire-reports

-------------------------------------------------------
 T E S T S
-------------------------------------------------------
[Fatal Error] :1:1: Content is not allowed in prolog.
[Fatal Error] :1:1: Content is not allowed in prolog.
[Fatal Error] :1:1: Content is not allowed in prolog.
[Fatal Error] :1:1: Content is not allowed in prolog.
[Fatal Error] :1:1: Content is not allowed in prolog.
[Fatal Error] :1:1: Content is not allowed in prolog.
[Fatal Error] :1:1: Content is not allowed in prolog.
[Fatal Error] :1:1: Content is not allowed in prolog.
[Fatal Error] :1:1: Content is not allowed in prolog.
[Fatal Error] :1:1: Content is not allowed in prolog.
[Fatal Error] :1:1: Content is not allowed in prolog.
[Fatal Error] :1:1: Content is not allowed in prolog.
[Fatal Error] :1:1: Content is not allowed in prolog.
[Fatal Error] :1:1: Content is not allowed in prolog.
[Fatal Error] :1:1: Content is not allowed in prolog.
[Fatal Error] :1:1: Content is not allowed in prolog.
[Fatal Error] :1:1: Content is not allowed in prolog.
[Fatal Error] :1:1: Content is not allowed in prolog.
[Fatal Error] :1:1: Content is not allowed in prolog.
[Fatal Error] :1:1: Content is not allowed in prolog.
[Fatal Error] :1:1: Content is not allowed in prolog.
2016-03-05 23:53:57:810 +0000 [Time-limited test] ERROR uk.ac.manchester.cs.owl.owlapi.OWLOntologyManagerImpl - OWLOntologyManagerImpl.checkForOntologyIDChange() existing:Ontology(OntologyID(OntologyIRI(<http://www.semanticweb.org/ontologies/ontologyA>) VersionIRI(<null>))) [Axioms: 1 Logical Axioms: 0] First 20 axioms: {Declaration(Class(<urn:test:testclass>)) }
2016-03-05 23:53:57:811 +0000 [Time-limited test] ERROR uk.ac.manchester.cs.owl.owlapi.OWLOntologyManagerImpl - OWLOntologyManagerImpl.checkForOntologyIDChange() new:Ontology(OntologyID(OntologyIRI(<http://www.semanticweb.org/ontologies/ontologyB>) VersionIRI(<null>))) [Axioms: 0 Logical Axioms: 0] First 20 axioms: {}
2016-03-05 23:53:58:331 +0000 [Time-limited test] ERROR uk.ac.manchester.cs.owl.owlapi.OWLOntologyManagerImpl - OWLOntologyManagerImpl.checkForOntologyIDChange() existing:Ontology(OntologyID(OntologyIRI(<http://www.semanticweb.org/ontologies/ontologyA>) VersionIRI(<null>))) [Axioms: 1 Logical Axioms: 0] First 20 axioms: {Declaration(Class(<http://www.semanticweb.org/ontologies/ontologyA#A>)) }
2016-03-05 23:53:58:331 +0000 [Time-limited test] ERROR uk.ac.manchester.cs.owl.owlapi.OWLOntologyManagerImpl - OWLOntologyManagerImpl.checkForOntologyIDChange() new:Ontology(OntologyID(Anonymous-7011)) [Axioms: 0 Logical Axioms: 0] First 20 axioms: {}
2016-03-05 23:54:08:994 +0000 [Time-limited test] ERROR uk.ac.manchester.cs.owl.owlapi.OWLOntologyManagerImpl - Illegal redeclarations of entities: reuse of entity http://www.example.org#p in punning not allowed [Declaration(DataProperty(<http://www.example.org#p>)), Declaration(ObjectProperty(<http://www.example.org#p>))]
2016-03-05 23:54:10:077 +0000 [Time-limited test] ERROR org.obolibrary.obo2owl.OWLAPIOwl2Obo - Duplicate clause 'alt_id( GO:0048233)' generated in frame: GO:0009560
2016-03-05 23:54:10:113 +0000 [Time-limited test] ERROR org.obolibrary.obo2owl.OWLAPIOwl2Obo - Duplicate clause 'def( Def T1)' generated in frame: TEST:0001
[Fatal Error] :1:1: Content is not allowed in prolog.
2016-03-05 23:54:11:644 +0000 [Time-limited test] ERROR org.obolibrary.oboformat.parser.OBOFormatParser - Error: Instance frames are not supported yet. Parsing stopped at line: 425
Tests run: 3301, Failures: 0, Errors: 0, Skipped: 2

[INFO] 
[INFO] --- animal-sniffer-maven-plugin:1.13:check (default) @ owlapi-contract ---
[INFO] Checking unresolved references to org.codehaus.mojo.signature:java17:1.0
[INFO] 
[INFO] --- maven-jar-plugin:2.4:jar (default-jar) @ owlapi-contract ---
[INFO] 
[INFO] >>> maven-source-plugin:2.2.1:jar (attach-sources) > generate-sources @ owlapi-contract >>>
[INFO] 
[INFO] --- maven-enforcer-plugin:1.0:enforce (enforce-maven) @ owlapi-contract ---
[INFO] 
[INFO] <<< maven-source-plugin:2.2.1:jar (attach-sources) < generate-sources @ owlapi-contract <<<
[INFO] 
[INFO] --- maven-source-plugin:2.2.1:jar (attach-sources) @ owlapi-contract ---
[INFO] 
[INFO] --- maven-javadoc-plugin:2.8.1:jar (attach-javadocs) @ owlapi-contract ---
[INFO] Skipping javadoc generation
[INFO]                                                                         
[INFO] ------------------------------------------------------------------------
[INFO] Building OWLAPI Distribution 4.2.1
[INFO] ------------------------------------------------------------------------
[INFO] 
[INFO] --- maven-enforcer-plugin:1.0:enforce (enforce-maven) @ owlapi-distribution ---
[INFO] 
[INFO] --- maven-resources-plugin:2.7:resources (default-resources) @ owlapi-distribution ---
[INFO] Using 'UTF-8' encoding to copy filtered resources.
[INFO] skip non existing resourceDirectory /home/travis/build/owlcs/owlapi/distribution/src/main/resources
[INFO] 
[INFO] --- maven-compiler-plugin:2.3.2:compile (default-compile) @ owlapi-distribution ---
[INFO] No sources to compile
[INFO] 
[INFO] --- maven-resources-plugin:2.7:testResources (default-testResources) @ owlapi-distribution ---
[INFO] Using 'UTF-8' encoding to copy filtered resources.
[INFO] skip non existing resourceDirectory /home/travis/build/owlcs/owlapi/distribution/src/test/resources
[INFO] 
[INFO] --- maven-compiler-plugin:2.3.2:testCompile (default-testCompile) @ owlapi-distribution ---
[INFO] No sources to compile
[INFO] 
[INFO] --- maven-surefire-plugin:2.18.1:test (default-test) @ owlapi-distribution ---
[INFO] No tests to run.
[INFO] 
[INFO] --- animal-sniffer-maven-plugin:1.13:check (default) @ owlapi-distribution ---
[INFO] Checking unresolved references to org.codehaus.mojo.signature:java17:1.0
[INFO] 
[INFO] --- maven-bundle-plugin:2.5.3:bundle (default-bundle) @ owlapi-distribution ---
[WARNING] Bundle net.sourceforge.owlapi:owlapi-distribution:bundle:4.2.1 : Unused Private-Package instructions, no such package(s) on the class path: [!*]
[INFO] 
[INFO] >>> maven-source-plugin:2.2.1:jar (attach-sources) > generate-sources @ owlapi-distribution >>>
[INFO] 
[INFO] --- maven-enforcer-plugin:1.0:enforce (enforce-maven) @ owlapi-distribution ---
[INFO] 
[INFO] <<< maven-source-plugin:2.2.1:jar (attach-sources) < generate-sources @ owlapi-distribution <<<
[INFO] 
[INFO] --- maven-source-plugin:2.2.1:jar (attach-sources) @ owlapi-distribution ---
[INFO] No sources in project. Archive not created.
[INFO] 
[INFO] --- maven-shade-plugin:2.3:shade (default) @ owlapi-distribution ---
[INFO] Including net.sourceforge.owlapi:owlapi-apibinding:jar:4.2.1 in the shaded jar.
[INFO] Including net.sourceforge.owlapi:owlapi-tools:jar:4.2.1 in the shaded jar.
[INFO] Including net.sourceforge.owlapi:owlapi-impl:jar:4.2.1 in the shaded jar.
[INFO] Including net.sourceforge.owlapi:owlapi-parsers:jar:4.2.1 in the shaded jar.
[INFO] Including net.sourceforge.owlapi:owlapi-oboformat:jar:4.2.1 in the shaded jar.
[INFO] Including net.sourceforge.owlapi:owlapi-fixers:jar:4.2.1 in the shaded jar.
[INFO] Including net.sourceforge.owlapi:owlapi-rio:jar:4.2.1 in the shaded jar.
[INFO] Including net.sourceforge.owlapi:owlapi-api:jar:4.2.1 in the shaded jar.
[INFO] Excluding com.fasterxml.jackson.core:jackson-core:jar:2.5.1 from the shaded jar.
[INFO] Excluding com.fasterxml.jackson.core:jackson-databind:jar:2.5.1 from the shaded jar.
[INFO] Excluding com.fasterxml.jackson.core:jackson-annotations:jar:2.5.1 from the shaded jar.
[INFO] Excluding org.tukaani:xz:jar:1.5 from the shaded jar.
[INFO] Excluding org.openrdf.sesame:sesame-model:jar:2.7.16 from the shaded jar.
[INFO] Excluding org.openrdf.sesame:sesame-util:jar:2.7.16 from the shaded jar.
[INFO] Excluding org.openrdf.sesame:sesame-rio-api:jar:2.7.16 from the shaded jar.
[INFO] Excluding org.openrdf.sesame:sesame-rio-languages:jar:2.7.16 from the shaded jar.
[INFO] Excluding org.openrdf.sesame:sesame-rio-datatypes:jar:2.7.16 from the shaded jar.
[INFO] Excluding org.openrdf.sesame:sesame-rio-binary:jar:2.7.16 from the shaded jar.
[INFO] Excluding org.openrdf.sesame:sesame-rio-n3:jar:2.7.16 from the shaded jar.
[INFO] Excluding org.openrdf.sesame:sesame-rio-nquads:jar:2.7.16 from the shaded jar.
[INFO] Excluding org.openrdf.sesame:sesame-rio-ntriples:jar:2.7.16 from the shaded jar.
[INFO] Excluding org.openrdf.sesame:sesame-rio-rdfjson:jar:2.7.16 from the shaded jar.
[INFO] Excluding org.openrdf.sesame:sesame-rio-rdfxml:jar:2.7.16 from the shaded jar.
[INFO] Excluding org.openrdf.sesame:sesame-rio-trix:jar:2.7.16 from the shaded jar.
[INFO] Excluding org.openrdf.sesame:sesame-rio-turtle:jar:2.7.16 from the shaded jar.
[INFO] Excluding org.openrdf.sesame:sesame-rio-trig:jar:2.7.16 from the shaded jar.
[INFO] Excluding com.github.jsonld-java:jsonld-java-sesame:jar:0.5.0 from the shaded jar.
[INFO] Excluding com.github.jsonld-java:jsonld-java:jar:0.5.0 from the shaded jar.
[INFO] Excluding org.apache.httpcomponents:httpclient-cache:jar:4.2.5 from the shaded jar.
[INFO] Excluding org.apache.httpcomponents:httpclient:jar:4.2.5 from the shaded jar.
[INFO] Excluding org.apache.httpcomponents:httpcore:jar:4.2.4 from the shaded jar.
[INFO] Excluding commons-codec:commons-codec:jar:1.6 from the shaded jar.
[INFO] Excluding org.slf4j:jcl-over-slf4j:jar:1.7.7 from the shaded jar.
[INFO] Excluding org.semarglproject:semargl-sesame:jar:0.6.1 from the shaded jar.
[INFO] Excluding org.semarglproject:semargl-core:jar:0.6.1 from the shaded jar.
[INFO] Excluding org.semarglproject:semargl-rdfa:jar:0.6.1 from the shaded jar.
[INFO] Excluding org.semarglproject:semargl-rdf:jar:0.6.1 from the shaded jar.
[INFO] Excluding net.sf.trove4j:trove4j:jar:3.0.3 from the shaded jar.
[INFO] Excluding com.google.guava:guava:jar:18.0 from the shaded jar.
[INFO] Excluding com.google.inject:guice:jar:4.0 from the shaded jar.
[INFO] Excluding javax.inject:javax.inject:jar:1 from the shaded jar.
[INFO] Excluding aopalliance:aopalliance:jar:1.0 from the shaded jar.
[INFO] Excluding com.google.inject.extensions:guice-assistedinject:jar:4.0 from the shaded jar.
[INFO] Excluding com.google.inject.extensions:guice-multibindings:jar:4.0 from the shaded jar.
[INFO] Excluding com.google.code.findbugs:jsr305:jar:2.0.1 from the shaded jar.
[INFO] Excluding org.slf4j:slf4j-api:jar:1.7.10 from the shaded jar.
[INFO] Excluding commons-io:commons-io:jar:2.4 from the shaded jar.
[WARNING] owlapi-distribution-4.2.1.jar, owlapi-tools-4.2.1.jar define 84 overlappping classes: 
[WARNING]   - uk.ac.manchester.cs.owlapi.modularity.SyntacticLocalityModuleExtractor$1
[WARNING]   - com.clarkparsia.owlapi.explanation.util.DefinitionTracker
[WARNING]   - uk.ac.manchester.cs.owl.explanation.ordering.ExplanationTree
[WARNING]   - com.clarkparsia.owlapi.explanation.io.ExplanationRenderer
[WARNING]   - org.semanticweb.owlapi.normalform.OWLObjectComplementOfExtractor
[WARNING]   - org.semanticweb.owlapi.metrics.AxiomTypeMetric
[WARNING]   - uk.ac.manchester.cs.owl.explanation.ordering.AlphaExplanationOrderer
[WARNING]   - org.semanticweb.owlapi.metrics.HiddenGCICount
[WARNING]   - com.clarkparsia.owlapi.explanation.io.SilentExplanationRenderer
[WARNING]   - org.semanticweb.owlapi.metrics.ReferencedIndividualCount
[WARNING]   - 74 more...
[WARNING] owlapi-parsers-4.2.1.jar, owlapi-distribution-4.2.1.jar define 606 overlappping classes: 
[WARNING]   - org.semanticweb.owlapi.owlxml.parser.AbstractOWLObjectPropertyOperandAxiomElementHandler
[WARNING]   - org.semanticweb.owlapi.owlxml.parser.PARSER_OWLXMLVocabulary$42
[WARNING]   - org.semanticweb.owlapi.owlxml.parser.OWLObjectHasValueElementHandler
[WARNING]   - org.semanticweb.owlapi.rdf.rdfxml.parser.TripleHandlers$TypeDeprecatedClassHandler
[WARNING]   - org.semanticweb.owlapi.rdf.rdfxml.parser.Mode
[WARNING]   - org.semanticweb.owlapi.rdf.rdfxml.parser.TripleHandlers$TPFirstResourceHandler
[WARNING]   - org.semanticweb.owlapi.owlxml.parser.OWLOntologyHandler
[WARNING]   - org.semanticweb.owlapi.rdf.rdfxml.parser.Translators$DataHasValueTranslator
[WARNING]   - org.semanticweb.owlapi.manchestersyntax.parser.ManchesterOWLSyntaxParserImpl$AnnotatedDataRangeListItemParser
[WARNING]   - org.semanticweb.owlapi.owlxml.parser.OWLObjectPropertyRangeAxiomElementHandler
[WARNING]   - 596 more...
[WARNING] owlapi-distribution-4.2.1.jar, owlapi-impl-4.2.1.jar define 217 overlappping classes: 
[WARNING]   - uk.ac.manchester.cs.owl.owlapi.OWLFunctionalDataPropertyAxiomImpl
[WARNING]   - uk.ac.manchester.cs.owl.owlapi.OWLDataFactoryInternals
[WARNING]   - uk.ac.manchester.cs.owl.owlapi.OWLObjectPropertyImpl
[WARNING]   - uk.ac.manchester.cs.owl.owlapi.OWLObjectMaxCardinalityImpl
[WARNING]   - uk.ac.manchester.cs.owl.owlapi.concurrent.Concurrency
[WARNING]   - uk.ac.manchester.cs.owl.owlapi.OWLDataExactCardinalityImpl
[WARNING]   - org.semanticweb.owlapi.reasoner.impl.OWLClassNode
[WARNING]   - uk.ac.manchester.cs.owl.owlapi.OWLAnnotationPropertyRangeAxiomImpl
[WARNING]   - uk.ac.manchester.cs.owl.owlapi.SWRLAtomImpl
[WARNING]   - uk.ac.manchester.cs.owl.owlapi.OWLDataMaxCardinalityImpl
[WARNING]   - 207 more...
[WARNING] owlapi-distribution-4.2.1.jar, owlapi-apibinding-4.2.1.jar define 2 overlappping classes: 
[WARNING]   - org.semanticweb.owlapi.apibinding.OWLManager
[WARNING]   - org.semanticweb.owlapi.apibinding.OWLFunctionalSyntaxFactory
[WARNING] owlapi-fixers-4.2.1.jar, owlapi-distribution-4.2.1.jar define 95 overlappping classes: 
[WARNING]   - org.semanticweb.owlapitools.builders.BuilderEquivalentDataProperties
[WARNING]   - org.semanticweb.owlapitools.builders.BuilderObjectPropertyDomain
[WARNING]   - org.semanticweb.owlapitools.builders.BuilderObjectExactCardinality
[WARNING]   - org.semanticweb.owlapitools.builders.BuilderDataHasValue
[WARNING]   - org.semanticweb.owlapitools.builders.BuilderSWRLDataRangeAtom
[WARNING]   - org.semanticweb.owlapitools.builders.BuilderDisjointUnion
[WARNING]   - org.semanticweb.owlapitools.builders.BuilderDataPropertyDomain
[WARNING]   - org.semanticweb.owlapitools.builders.BuilderClass
[WARNING]   - org.semanticweb.owlapitools.builders.BuilderFunctionalObjectProperty
[WARNING]   - org.semanticweb.owlapitools.builders.BuilderReflexiveObjectProperty
[WARNING]   - 85 more...
[WARNING] owlapi-distribution-4.2.1.jar, owlapi-api-4.2.1.jar define 759 overlappping classes: 
[WARNING]   - org.semanticweb.owlapi.model.OWLAxiomCollection
[WARNING]   - org.semanticweb.owlapi.util.InferredEquivalentDataPropertiesAxiomGenerator
[WARNING]   - org.semanticweb.owlapi.profiles.Profiles
[WARNING]   - org.semanticweb.owlapi.util.OWLClassExpressionCollector
[WARNING]   - org.semanticweb.owlapi.profiles.violations.DatatypeIRIAlsoUsedAsClassIRI
[WARNING]   - org.semanticweb.owlapi.profiles.OWL2Profile
[WARNING]   - org.semanticweb.owlapi.model.OWLFunctionalDataPropertyAxiom
[WARNING]   - org.semanticweb.owlapi.io.SystemOutDocumentTarget
[WARNING]   - org.semanticweb.owlapi.model.EDTChangeBroadcastStrategy$BroadcastException
[WARNING]   - org.semanticweb.owlapi.profiles.OWL2RLProfile$OWL2RLObjectVisitor
[WARNING]   - 749 more...
[WARNING] owlapi-rio-4.2.1.jar, owlapi-distribution-4.2.1.jar define 68 overlappping classes: 
[WARNING]   - org.semanticweb.owlapi.rio.RioRenderer
[WARNING]   - org.semanticweb.owlapi.formats.RioRDFXMLDocumentFormat
[WARNING]   - org.semanticweb.owlapi.rio.RioTrixStorerFactory
[WARNING]   - org.semanticweb.owlapi.rio.RioRDFXMLStorerFactory
[WARNING]   - org.semanticweb.owlapi.rio.RioTrixParserFactory
[WARNING]   - org.semanticweb.owlapi.rio.RioOWLRDFParser
[WARNING]   - org.semanticweb.owlapi.rio.RioOWLXMLParserFactory
[WARNING]   - org.semanticweb.owlapi.rio.OWLAPIRDFFormat
[WARNING]   - org.semanticweb.owlapi.rio.RioNTriplesParserFactory
[WARNING]   - org.semanticweb.owlapi.formats.RDFaDocumentFormatFactory
[WARNING]   - 58 more...
[WARNING] owlapi-oboformat-4.2.1.jar, owlapi-distribution-4.2.1.jar define 75 overlappping classes: 
[WARNING]   - org.obolibrary.oboformat.parser.OBOFormatParser$MyStream
[WARNING]   - org.obolibrary.obo2owl.OWLAPIOwl2Obo
[WARNING]   - org.obolibrary.obo2owl.OboInOwlCardinalityTools$AnnotationCardinalityConfictHandler
[WARNING]   - org.obolibrary.macro.ManchesterSyntaxTool
[WARNING]   - org.obolibrary.oboformat.parser.XrefExpander
[WARNING]   - org.obolibrary.macro.ManchesterSyntaxTool$1
[WARNING]   - org.obolibrary.oboformat.writer.OBOFormatWriter$TermsTagsComparator
[WARNING]   - org.obolibrary.oboformat.parser.OBOFormatException
[WARNING]   - org.obolibrary.oboformat.parser.XrefExpander$IsaExpansion
[WARNING]   - org.obolibrary.oboformat.model.Frame$FrameType
[WARNING]   - 65 more...
[WARNING] maven-shade-plugin has detected that some .class files
[WARNING] are present in two or more JARs. When this happens, only
[WARNING] one single version of the class is copied in the uberjar.
[WARNING] Usually this is not harmful and you can skeep these
[WARNING] warnings, otherwise try to manually exclude artifacts
[WARNING] based on mvn dependency:tree -Ddetail=true and the above
[WARNING] output
[WARNING] See http://docs.codehaus.org/display/MAVENUSER/Shade+Plugin
[INFO] Replacing original artifact with shaded artifact.
[INFO] Replacing /home/travis/build/owlcs/owlapi/distribution/target/owlapi-distribution-4.2.1.jar with /home/travis/build/owlcs/owlapi/distribution/target/owlapi-distribution-4.2.1-shaded.jar
[INFO] Dependency-reduced POM written at: /home/travis/build/owlcs/owlapi/distribution/dependency-reduced-pom.xml
[INFO] 
[INFO] --- maven-javadoc-plugin:2.8.1:jar (attach-javadocs) @ owlapi-distribution ---
[INFO] Skipping javadoc generation
[INFO] 
[INFO] --- maven-javadoc-plugin:2.8.1:jar (attach-javadoc) @ owlapi-distribution ---
[INFO] Skipping javadoc generation
[INFO] 
[INFO] --- maven-assembly-plugin:2.4:single (attach-sources) @ owlapi-distribution ---
[INFO] Reading assembly descriptor: src/assembly/sources.xml
[INFO] Building jar: /home/travis/build/owlcs/owlapi/distribution/target/owlapi-distribution-4.2.1-sources.jar
[INFO]                                                                         
[INFO] ------------------------------------------------------------------------
[INFO] Building OWLAPI OSGi and Compatibility Distribution 4.2.1
[INFO] ------------------------------------------------------------------------
[INFO] 
[INFO] --- maven-enforcer-plugin:1.0:enforce (enforce-maven) @ owlapi-osgidistribution ---
[INFO] 
[INFO] --- maven-resources-plugin:2.7:resources (default-resources) @ owlapi-osgidistribution ---
[INFO] Using 'UTF-8' encoding to copy filtered resources.
[INFO] skip non existing resourceDirectory /home/travis/build/owlcs/owlapi/osgidistribution/src/main/resources
[INFO] 
[INFO] --- maven-compiler-plugin:2.3.2:compile (default-compile) @ owlapi-osgidistribution ---
[INFO] Nothing to compile - all classes are up to date
[INFO] 
[INFO] --- maven-resources-plugin:2.7:testResources (default-testResources) @ owlapi-osgidistribution ---
[INFO] Using 'UTF-8' encoding to copy filtered resources.
[INFO] skip non existing resourceDirectory /home/travis/build/owlcs/owlapi/osgidistribution/src/test/resources
[INFO] 
[INFO] --- maven-compiler-plugin:2.3.2:testCompile (default-testCompile) @ owlapi-osgidistribution ---
[INFO] Nothing to compile - all classes are up to date
[INFO] 
[INFO] --- maven-surefire-plugin:2.18.1:test (default-test) @ owlapi-osgidistribution ---
[INFO] 
[INFO] --- animal-sniffer-maven-plugin:1.13:check (default) @ owlapi-osgidistribution ---
[INFO] Checking unresolved references to org.codehaus.mojo.signature:java17:1.0
[INFO] 
[INFO] --- maven-bundle-plugin:2.5.3:bundle (default-bundle) @ owlapi-osgidistribution ---
[WARNING] Bundle net.sourceforge.owlapi:owlapi-osgidistribution:bundle:4.2.1 : Split package, multiple jars provide the same package:org/coode/owlapi/obo/parser
Use Import/Export Package directive -split-package:=(merge-first|merge-last|error|first) to get rid of this warning
Package found in   [Jar:., Jar:owlapi-compatibility]
Class path         [Jar:., Jar:owlapi-apibinding, Jar:owlapi-tools, Jar:owlapi-impl, Jar:owlapi-parsers, Jar:owlapi-oboformat, Jar:owlapi-fixers, Jar:owlapi-rio, Jar:owlapi-api, Jar:jackson-core, Jar:jackson-databind, Jar:jackson-annotations, Jar:owlapi-compatibility, Jar:xz, Jar:sesame-model, Jar:sesame-rio-api, Jar:sesame-rio-languages, Jar:sesame-rio-datatypes, Jar:sesame-rio-binary, Jar:sesame-rio-n3, Jar:sesame-rio-nquads, Jar:sesame-rio-ntriples, Jar:sesame-rio-rdfjson, Jar:sesame-rio-rdfxml, Jar:sesame-rio-trix, Jar:sesame-rio-turtle, Jar:sesame-rio-trig, Jar:sesame-util, Jar:jsonld-java-sesame, Jar:jsonld-java, Jar:jcl-over-slf4j, Jar:httpclient, Jar:httpclient-cache, Jar:httpcore, Jar:commons-codec, Jar:commons-logging, Jar:semargl-sesame, Jar:semargl-core, Jar:semargl-rdfa, Jar:semargl-rdf, Jar:org.apache.servicemix.bundles.javax-inject, Jar:org.apache.servicemix.bundles.aopalliance, Jar:trove4j, Jar:guava, Jar:guice, Jar:javax.inject, Jar:aopalliance, Jar:guice-assistedinject, Jar:guice-multibindings, Jar:jsr305, Jar:slf4j-api, Jar:commons-io]
[WARNING] Bundle net.sourceforge.owlapi:owlapi-osgidistribution:bundle:4.2.1 : Split package, multiple jars provide the same package:uk/ac/manchester/cs/owl/explanation/ordering
Use Import/Export Package directive -split-package:=(merge-first|merge-last|error|first) to get rid of this warning
Package found in   [Jar:., Jar:owlapi-tools]
Class path         [Jar:., Jar:owlapi-apibinding, Jar:owlapi-tools, Jar:owlapi-impl, Jar:owlapi-parsers, Jar:owlapi-oboformat, Jar:owlapi-fixers, Jar:owlapi-rio, Jar:owlapi-api, Jar:jackson-core, Jar:jackson-databind, Jar:jackson-annotations, Jar:owlapi-compatibility, Jar:xz, Jar:sesame-model, Jar:sesame-rio-api, Jar:sesame-rio-languages, Jar:sesame-rio-datatypes, Jar:sesame-rio-binary, Jar:sesame-rio-n3, Jar:sesame-rio-nquads, Jar:sesame-rio-ntriples, Jar:sesame-rio-rdfjson, Jar:sesame-rio-rdfxml, Jar:sesame-rio-trix, Jar:sesame-rio-turtle, Jar:sesame-rio-trig, Jar:sesame-util, Jar:jsonld-java-sesame, Jar:jsonld-java, Jar:jcl-over-slf4j, Jar:httpclient, Jar:httpclient-cache, Jar:httpcore, Jar:commons-codec, Jar:commons-logging, Jar:semargl-sesame, Jar:semargl-core, Jar:semargl-rdfa, Jar:semargl-rdf, Jar:org.apache.servicemix.bundles.javax-inject, Jar:org.apache.servicemix.bundles.aopalliance, Jar:trove4j, Jar:guava, Jar:guice, Jar:javax.inject, Jar:aopalliance, Jar:guice-assistedinject, Jar:guice-multibindings, Jar:jsr305, Jar:slf4j-api, Jar:commons-io]
[WARNING] Bundle net.sourceforge.owlapi:owlapi-osgidistribution:bundle:4.2.1 : Export org.semanticweb.owlapi.formats,  has 1,  private references [org.openrdf.rio], 
[WARNING] Bundle net.sourceforge.owlapi:owlapi-osgidistribution:bundle:4.2.1 : Export org.semanticweb.owlapi.io,  has 1,  private references [org.tukaani.xz], 
[WARNING] Bundle net.sourceforge.owlapi:owlapi-osgidistribution:bundle:4.2.1 : Export org.semanticweb.owlapi.rio,  has 5,  private references [org.openrdf.model, org.openrdf.rio, org.openrdf, org.openrdf.rio.helpers, info.aduna.iteration], 
[WARNING] Bundle net.sourceforge.owlapi:owlapi-osgidistribution:bundle:4.2.1 : Export org.semanticweb.owlapi.rio.utils,  has 1,  private references [org.openrdf.model], 
[INFO] 
[INFO] >>> maven-source-plugin:2.2.1:jar (attach-sources) > generate-sources @ owlapi-osgidistribution >>>
[INFO] 
[INFO] --- maven-enforcer-plugin:1.0:enforce (enforce-maven) @ owlapi-osgidistribution ---
[INFO] 
[INFO] <<< maven-source-plugin:2.2.1:jar (attach-sources) < generate-sources @ owlapi-osgidistribution <<<
[INFO] 
[INFO] --- maven-source-plugin:2.2.1:jar (attach-sources) @ owlapi-osgidistribution ---
[INFO] 
[INFO] --- maven-shade-plugin:2.3:shade (default) @ owlapi-osgidistribution ---
[INFO] Including net.sourceforge.owlapi:owlapi-apibinding:jar:4.2.1 in the shaded jar.
[INFO] Including net.sourceforge.owlapi:owlapi-tools:jar:4.2.1 in the shaded jar.
[INFO] Including net.sourceforge.owlapi:owlapi-impl:jar:4.2.1 in the shaded jar.
[INFO] Including net.sourceforge.owlapi:owlapi-parsers:jar:4.2.1 in the shaded jar.
[INFO] Including net.sourceforge.owlapi:owlapi-oboformat:jar:4.2.1 in the shaded jar.
[INFO] Including net.sourceforge.owlapi:owlapi-fixers:jar:4.2.1 in the shaded jar.
[INFO] Including net.sourceforge.owlapi:owlapi-rio:jar:4.2.1 in the shaded jar.
[INFO] Including net.sourceforge.owlapi:owlapi-api:jar:4.2.1 in the shaded jar.
[INFO] Excluding com.fasterxml.jackson.core:jackson-core:jar:2.5.1 from the shaded jar.
[INFO] Excluding com.fasterxml.jackson.core:jackson-databind:jar:2.5.1 from the shaded jar.
[INFO] Excluding com.fasterxml.jackson.core:jackson-annotations:jar:2.5.1 from the shaded jar.
[INFO] Including net.sourceforge.owlapi:owlapi-compatibility:jar:4.2.1 in the shaded jar.
[INFO] Excluding org.tukaani:xz:jar:1.5 from the shaded jar.
[INFO] Excluding org.openrdf.sesame:sesame-model:jar:2.7.16 from the shaded jar.
[INFO] Excluding org.openrdf.sesame:sesame-rio-api:jar:2.7.16 from the shaded jar.
[INFO] Excluding org.openrdf.sesame:sesame-rio-languages:jar:2.7.16 from the shaded jar.
[INFO] Excluding org.openrdf.sesame:sesame-rio-datatypes:jar:2.7.16 from the shaded jar.
[INFO] Excluding org.openrdf.sesame:sesame-rio-binary:jar:2.7.16 from the shaded jar.
[INFO] Excluding org.openrdf.sesame:sesame-rio-n3:jar:2.7.16 from the shaded jar.
[INFO] Excluding org.openrdf.sesame:sesame-rio-nquads:jar:2.7.16 from the shaded jar.
[INFO] Excluding org.openrdf.sesame:sesame-rio-ntriples:jar:2.7.16 from the shaded jar.
[INFO] Excluding org.openrdf.sesame:sesame-rio-rdfjson:jar:2.7.16 from the shaded jar.
[INFO] Excluding org.openrdf.sesame:sesame-rio-rdfxml:jar:2.7.16 from the shaded jar.
[INFO] Excluding org.openrdf.sesame:sesame-rio-trix:jar:2.7.16 from the shaded jar.
[INFO] Excluding org.openrdf.sesame:sesame-rio-turtle:jar:2.7.16 from the shaded jar.
[INFO] Excluding org.openrdf.sesame:sesame-rio-trig:jar:2.7.16 from the shaded jar.
[INFO] Excluding org.openrdf.sesame:sesame-util:jar:2.7.16 from the shaded jar.
[INFO] Excluding com.github.jsonld-java:jsonld-java-sesame:jar:0.5.0 from the shaded jar.
[INFO] Excluding com.github.jsonld-java:jsonld-java:jar:0.5.0 from the shaded jar.
[INFO] Excluding org.slf4j:jcl-over-slf4j:jar:1.7.7 from the shaded jar.
[INFO] Excluding org.apache.httpcomponents:httpclient:jar:4.5.1 from the shaded jar.
[INFO] Excluding org.apache.httpcomponents:httpclient-cache:jar:4.5.1 from the shaded jar.
[INFO] Excluding org.apache.httpcomponents:httpcore:jar:4.4.3 from the shaded jar.
[INFO] Excluding commons-codec:commons-codec:jar:1.9 from the shaded jar.
[INFO] Excluding commons-logging:commons-logging:jar:1.2 from the shaded jar.
[INFO] Excluding org.semarglproject:semargl-sesame:jar:0.6.1 from the shaded jar.
[INFO] Excluding org.semarglproject:semargl-core:jar:0.6.1 from the shaded jar.
[INFO] Excluding org.semarglproject:semargl-rdfa:jar:0.6.1 from the shaded jar.
[INFO] Excluding org.semarglproject:semargl-rdf:jar:0.6.1 from the shaded jar.
[INFO] Excluding org.apache.servicemix.bundles:org.apache.servicemix.bundles.javax-inject:jar:1_2 from the shaded jar.
[INFO] Excluding org.apache.servicemix.bundles:org.apache.servicemix.bundles.aopalliance:jar:1.0_6 from the shaded jar.
[INFO] Excluding net.sf.trove4j:trove4j:jar:3.0.3 from the shaded jar.
[INFO] Excluding com.google.guava:guava:jar:18.0 from the shaded jar.
[INFO] Excluding com.google.inject:guice:jar:4.0 from the shaded jar.
[INFO] Excluding javax.inject:javax.inject:jar:1 from the shaded jar.
[INFO] Excluding aopalliance:aopalliance:jar:1.0 from the shaded jar.
[INFO] Excluding com.google.inject.extensions:guice-assistedinject:jar:4.0 from the shaded jar.
[INFO] Excluding com.google.inject.extensions:guice-multibindings:jar:4.0 from the shaded jar.
[INFO] Excluding com.google.code.findbugs:jsr305:jar:2.0.1 from the shaded jar.
[INFO] Excluding org.slf4j:slf4j-api:jar:1.7.10 from the shaded jar.
[INFO] Excluding commons-io:commons-io:jar:2.4 from the shaded jar.
[WARNING] owlapi-oboformat-4.2.1.jar, owlapi-osgidistribution-4.2.1.jar define 75 overlappping classes: 
[WARNING]   - org.obolibrary.oboformat.parser.OBOFormatParser$MyStream
[WARNING]   - org.obolibrary.obo2owl.OWLAPIOwl2Obo
[WARNING]   - org.obolibrary.obo2owl.OboInOwlCardinalityTools$AnnotationCardinalityConfictHandler
[WARNING]   - org.obolibrary.macro.ManchesterSyntaxTool
[WARNING]   - org.obolibrary.oboformat.parser.XrefExpander
[WARNING]   - org.obolibrary.macro.ManchesterSyntaxTool$1
[WARNING]   - org.obolibrary.oboformat.writer.OBOFormatWriter$TermsTagsComparator
[WARNING]   - org.obolibrary.oboformat.parser.OBOFormatException
[WARNING]   - org.obolibrary.oboformat.parser.XrefExpander$IsaExpansion
[WARNING]   - org.obolibrary.oboformat.model.Frame$FrameType
[WARNING]   - 65 more...
[WARNING] owlapi-api-4.2.1.jar, owlapi-osgidistribution-4.2.1.jar define 759 overlappping classes: 
[WARNING]   - org.semanticweb.owlapi.model.OWLAxiomCollection
[WARNING]   - org.semanticweb.owlapi.util.InferredEquivalentDataPropertiesAxiomGenerator
[WARNING]   - org.semanticweb.owlapi.profiles.Profiles
[WARNING]   - org.semanticweb.owlapi.util.OWLClassExpressionCollector
[WARNING]   - org.semanticweb.owlapi.profiles.violations.DatatypeIRIAlsoUsedAsClassIRI
[WARNING]   - org.semanticweb.owlapi.profiles.OWL2Profile
[WARNING]   - org.semanticweb.owlapi.model.OWLFunctionalDataPropertyAxiom
[WARNING]   - org.semanticweb.owlapi.io.SystemOutDocumentTarget
[WARNING]   - org.semanticweb.owlapi.model.EDTChangeBroadcastStrategy$BroadcastException
[WARNING]   - org.semanticweb.owlapi.profiles.OWL2RLProfile$OWL2RLObjectVisitor
[WARNING]   - 749 more...
[WARNING] owlapi-apibinding-4.2.1.jar, owlapi-osgidistribution-4.2.1.jar define 2 overlappping classes: 
[WARNING]   - org.semanticweb.owlapi.apibinding.OWLManager
[WARNING]   - org.semanticweb.owlapi.apibinding.OWLFunctionalSyntaxFactory
[WARNING] owlapi-impl-4.2.1.jar, owlapi-osgidistribution-4.2.1.jar define 217 overlappping classes: 
[WARNING]   - uk.ac.manchester.cs.owl.owlapi.OWLFunctionalDataPropertyAxiomImpl
[WARNING]   - uk.ac.manchester.cs.owl.owlapi.OWLDataFactoryInternals
[WARNING]   - uk.ac.manchester.cs.owl.owlapi.OWLObjectPropertyImpl
[WARNING]   - uk.ac.manchester.cs.owl.owlapi.OWLObjectMaxCardinalityImpl
[WARNING]   - uk.ac.manchester.cs.owl.owlapi.concurrent.Concurrency
[WARNING]   - uk.ac.manchester.cs.owl.owlapi.OWLDataExactCardinalityImpl
[WARNING]   - org.semanticweb.owlapi.reasoner.impl.OWLClassNode
[WARNING]   - uk.ac.manchester.cs.owl.owlapi.OWLAnnotationPropertyRangeAxiomImpl
[WARNING]   - uk.ac.manchester.cs.owl.owlapi.SWRLAtomImpl
[WARNING]   - uk.ac.manchester.cs.owl.owlapi.OWLDataMaxCardinalityImpl
[WARNING]   - 207 more...
[WARNING] owlapi-fixers-4.2.1.jar, owlapi-osgidistribution-4.2.1.jar define 95 overlappping classes: 
[WARNING]   - org.semanticweb.owlapitools.builders.BuilderEquivalentDataProperties
[WARNING]   - org.semanticweb.owlapitools.builders.BuilderObjectPropertyDomain
[WARNING]   - org.semanticweb.owlapitools.builders.BuilderObjectExactCardinality
[WARNING]   - org.semanticweb.owlapitools.builders.BuilderDataHasValue
[WARNING]   - org.semanticweb.owlapitools.builders.BuilderSWRLDataRangeAtom
[WARNING]   - org.semanticweb.owlapitools.builders.BuilderDisjointUnion
[WARNING]   - org.semanticweb.owlapitools.builders.BuilderDataPropertyDomain
[WARNING]   - org.semanticweb.owlapitools.builders.BuilderClass
[WARNING]   - org.semanticweb.owlapitools.builders.BuilderFunctionalObjectProperty
[WARNING]   - org.semanticweb.owlapitools.builders.BuilderReflexiveObjectProperty
[WARNING]   - 85 more...
[WARNING] owlapi-rio-4.2.1.jar, owlapi-osgidistribution-4.2.1.jar define 68 overlappping classes: 
[WARNING]   - org.semanticweb.owlapi.rio.RioRenderer
[WARNING]   - org.semanticweb.owlapi.formats.RioRDFXMLDocumentFormat
[WARNING]   - org.semanticweb.owlapi.rio.RioTrixStorerFactory
[WARNING]   - org.semanticweb.owlapi.rio.RioRDFXMLStorerFactory
[WARNING]   - org.semanticweb.owlapi.rio.RioTrixParserFactory
[WARNING]   - org.semanticweb.owlapi.rio.RioOWLRDFParser
[WARNING]   - org.semanticweb.owlapi.rio.RioOWLXMLParserFactory
[WARNING]   - org.semanticweb.owlapi.rio.OWLAPIRDFFormat
[WARNING]   - org.semanticweb.owlapi.rio.RioNTriplesParserFactory
[WARNING]   - org.semanticweb.owlapi.formats.RDFaDocumentFormatFactory
[WARNING]   - 58 more...
[WARNING] owlapi-parsers-4.2.1.jar, owlapi-osgidistribution-4.2.1.jar define 606 overlappping classes: 
[WARNING]   - org.semanticweb.owlapi.owlxml.parser.AbstractOWLObjectPropertyOperandAxiomElementHandler
[WARNING]   - org.semanticweb.owlapi.owlxml.parser.PARSER_OWLXMLVocabulary$42
[WARNING]   - org.semanticweb.owlapi.owlxml.parser.OWLObjectHasValueElementHandler
[WARNING]   - org.semanticweb.owlapi.rdf.rdfxml.parser.TripleHandlers$TypeDeprecatedClassHandler
[WARNING]   - org.semanticweb.owlapi.rdf.rdfxml.parser.Mode
[WARNING]   - org.semanticweb.owlapi.rdf.rdfxml.parser.TripleHandlers$TPFirstResourceHandler
[WARNING]   - org.semanticweb.owlapi.owlxml.parser.OWLOntologyHandler
[WARNING]   - org.semanticweb.owlapi.rdf.rdfxml.parser.Translators$DataHasValueTranslator
[WARNING]   - org.semanticweb.owlapi.manchestersyntax.parser.ManchesterOWLSyntaxParserImpl$AnnotatedDataRangeListItemParser
[WARNING]   - org.semanticweb.owlapi.owlxml.parser.OWLObjectPropertyRangeAxiomElementHandler
[WARNING]   - 596 more...
[WARNING] owlapi-compatibility-4.2.1.jar, owlapi-osgidistribution-4.2.1.jar define 84 overlappping classes: 
[WARNING]   - org.semanticweb.owlapi.vocab.PrefixOWLOntologyFormat
[WARNING]   - org.coode.owlapi.obo12.parser.OBOParserTokenManager
[WARNING]   - org.coode.owlapi.manchesterowlsyntax.ManchesterOWLSyntaxClassExpressionParser
[WARNING]   - org.coode.owlapi.obo12.parser.OBOVocabulary
[WARNING]   - org.coode.owlapi.obo12.parser.InverseHandler
[WARNING]   - org.coode.owlapi.obo12.parser.OBOIdTranslator
[WARNING]   - org.coode.owlapi.obo12.parser.DefTagValueHandler
[WARNING]   - org.coode.owlapi.obo12.parser.OBOParserException
[WARNING]   - org.semanticweb.owlapi.model.OWLOntologyFormat
[WARNING]   - org.coode.owlapi.obo12.parser.OBOTagValuePair
[WARNING]   - 74 more...
[WARNING] owlapi-tools-4.2.1.jar, owlapi-osgidistribution-4.2.1.jar define 84 overlappping classes: 
[WARNING]   - uk.ac.manchester.cs.owlapi.modularity.SyntacticLocalityModuleExtractor$1
[WARNING]   - com.clarkparsia.owlapi.explanation.util.DefinitionTracker
[WARNING]   - uk.ac.manchester.cs.owl.explanation.ordering.ExplanationTree
[WARNING]   - com.clarkparsia.owlapi.explanation.io.ExplanationRenderer
[WARNING]   - org.semanticweb.owlapi.normalform.OWLObjectComplementOfExtractor
[WARNING]   - org.semanticweb.owlapi.metrics.AxiomTypeMetric
[WARNING]   - uk.ac.manchester.cs.owl.explanation.ordering.AlphaExplanationOrderer
[WARNING]   - org.semanticweb.owlapi.metrics.HiddenGCICount
[WARNING]   - com.clarkparsia.owlapi.explanation.io.SilentExplanationRenderer
[WARNING]   - org.semanticweb.owlapi.metrics.ReferencedIndividualCount
[WARNING]   - 74 more...
[WARNING] maven-shade-plugin has detected that some .class files
[WARNING] are present in two or more JARs. When this happens, only
[WARNING] one single version of the class is copied in the uberjar.
[WARNING] Usually this is not harmful and you can skeep these
[WARNING] warnings, otherwise try to manually exclude artifacts
[WARNING] based on mvn dependency:tree -Ddetail=true and the above
[WARNING] output
[WARNING] See http://docs.codehaus.org/display/MAVENUSER/Shade+Plugin
[INFO] Replacing original artifact with shaded artifact.
[INFO] Replacing /home/travis/build/owlcs/owlapi/osgidistribution/target/owlapi-osgidistribution-4.2.1.jar with /home/travis/build/owlcs/owlapi/osgidistribution/target/owlapi-osgidistribution-4.2.1-shaded.jar
[INFO] Dependency-reduced POM written at: /home/travis/build/owlcs/owlapi/osgidistribution/dependency-reduced-pom.xml
[INFO] 
[INFO] --- maven-javadoc-plugin:2.8.1:jar (attach-javadocs) @ owlapi-osgidistribution ---
[INFO] Skipping javadoc generation
[INFO] 
[INFO] --- maven-javadoc-plugin:2.8.1:jar (attach-javadoc) @ owlapi-osgidistribution ---
[INFO] Skipping javadoc generation
[INFO] 
[INFO] --- maven-assembly-plugin:2.4:single (attach-sources) @ owlapi-osgidistribution ---
[INFO] Reading assembly descriptor: src/assembly/sources.xml
[INFO] Building jar: /home/travis/build/owlcs/owlapi/osgidistribution/target/owlapi-osgidistribution-4.2.1-sources.jar
[INFO] 
[INFO] --- maven-failsafe-plugin:2.18.1:integration-test (default) @ owlapi-osgidistribution ---
[WARNING] useSystemClassloader setting has no effect when not forking
[INFO] Failsafe report directory: /home/travis/build/owlcs/owlapi/osgidistribution/target/failsafe-reports
[INFO] parallel='none', perCoreThreadCount=true, threadCount=0, useUnlimitedThreads=false, threadCountSuites=0, threadCountClasses=0, threadCountMethods=0, parallelOptimized=true
Running org.semanticweb.owlapi.api.test.VerifyVersionInfoIntegrationTestCase
Tests run: 1, Failures: 1, Errors: 0, Skipped: 0, Time elapsed: 0.013 sec <<< FAILURE! - in org.semanticweb.owlapi.api.test.VerifyVersionInfoIntegrationTestCase
checkMatchVersion(org.semanticweb.owlapi.api.test.VerifyVersionInfoIntegrationTestCase)  Time elapsed: 0.004 sec  <<< FAILURE!
java.lang.AssertionError: null
	at org.junit.Assert.fail(Assert.java:86)
	at org.junit.Assert.assertTrue(Assert.java:41)
	at org.junit.Assert.assertTrue(Assert.java:52)
	at org.semanticweb.owlapi.api.test.VerifyVersionInfoIntegrationTestCase.checkMatchVersion(VerifyVersionInfoIntegrationTestCase.java:33)

Running org.semanticweb.owlapi.BundleIsLoadableIntegrationTestCase
BundleIsLoadableIntegrationTestCase.getJarURL() file:/home/travis/.m2/repository/org/apache/servicemix/bundles/org.apache.servicemix.bundles.javax-inject/1_2/org.apache.servicemix.bundles.javax-inject-1_2.jar
BundleIsLoadableIntegrationTestCase.getJarURL() file:/home/travis/.m2/repository/org/apache/servicemix/bundles/org.apache.servicemix.bundles.aopalliance/1.0_6/org.apache.servicemix.bundles.aopalliance-1.0_6.jar
BundleIsLoadableIntegrationTestCase.getJarURL() file:/home/travis/.m2/repository/com/google/guava/guava/18.0/guava-18.0.jar
DEBUG: WIRE: [3.0] osgi.wiring.package; (osgi.wiring.package=javax.annotation) -> [0]
BundleIsLoadableIntegrationTestCase.getJarURL() file:/home/travis/.m2/repository/com/google/inject/extensions/guice-multibindings/4.0/guice-multibindings-4.0.jar
org.osgi.framework.BundleException: Fragment bundles can not be started.
	at org.apache.felix.framework.Felix.startBundle(Felix.java:1981)
	at org.apache.felix.framework.BundleImpl.start(BundleImpl.java:977)
	at org.apache.felix.framework.BundleImpl.start(BundleImpl.java:964)
	at org.semanticweb.owlapi.BundleIsLoadableIntegrationTestCase.startBundle(BundleIsLoadableIntegrationTestCase.java:79)
	at sun.reflect.NativeMethodAccessorImpl.invoke0(Native Method)
	at sun.reflect.NativeMethodAccessorImpl.invoke(NativeMethodAccessorImpl.java:57)
	at sun.reflect.DelegatingMethodAccessorImpl.invoke(DelegatingMethodAccessorImpl.java:43)
	at java.lang.reflect.Method.invoke(Method.java:606)
	at org.junit.runners.model.FrameworkMethod$1.runReflectiveCall(FrameworkMethod.java:50)
	at org.junit.internal.runners.model.ReflectiveCallable.run(ReflectiveCallable.java:12)
	at org.junit.runners.model.FrameworkMethod.invokeExplosively(FrameworkMethod.java:47)
	at org.junit.internal.runners.statements.InvokeMethod.evaluate(InvokeMethod.java:17)
	at org.junit.runners.ParentRunner.runLeaf(ParentRunner.java:325)
	at org.junit.runners.BlockJUnit4ClassRunner.runChild(BlockJUnit4ClassRunner.java:78)
	at org.junit.runners.BlockJUnit4ClassRunner.runChild(BlockJUnit4ClassRunner.java:57)
	at org.junit.runners.ParentRunner$3.run(ParentRunner.java:290)
	at org.junit.runners.ParentRunner$1.schedule(ParentRunner.java:71)
	at org.junit.runners.ParentRunner.runChildren(ParentRunner.java:288)
	at org.junit.runners.ParentRunner.access$000(ParentRunner.java:58)
	at org.junit.runners.ParentRunner$2.evaluate(ParentRunner.java:268)
	at org.junit.runners.ParentRunner.run(ParentRunner.java:363)
	at org.junit.runners.Suite.runChild(Suite.java:128)
	at org.junit.runners.Suite.runChild(Suite.java:27)
	at org.junit.runners.ParentRunner$3.run(ParentRunner.java:290)
	at org.junit.runners.ParentRunner$1.schedule(ParentRunner.java:71)
	at org.junit.runners.ParentRunner.runChildren(ParentRunner.java:288)
	at org.junit.runners.ParentRunner.access$000(ParentRunner.java:58)
	at org.junit.runners.ParentRunner$2.evaluate(ParentRunner.java:268)
	at org.junit.runners.ParentRunner.run(ParentRunner.java:363)
	at org.junit.runner.JUnitCore.run(JUnitCore.java:137)
	at org.junit.runner.JUnitCore.run(JUnitCore.java:115)
	at org.apache.maven.surefire.junitcore.JUnitCoreWrapper.createRequestAndRun(JUnitCoreWrapper.java:108)
	at org.apache.maven.surefire.junitcore.JUnitCoreWrapper.executeEager(JUnitCoreWrapper.java:78)
	at org.apache.maven.surefire.junitcore.JUnitCoreWrapper.execute(JUnitCoreWrapper.java:54)
	at org.apache.maven.surefire.junitcore.JUnitCoreProvider.invoke(JUnitCoreProvider.java:144)
	at sun.reflect.NativeMethodAccessorImpl.invoke0(Native Method)
	at sun.reflect.NativeMethodAccessorImpl.invoke(NativeMethodAccessorImpl.java:57)
	at sun.reflect.DelegatingMethodAccessorImpl.invoke(DelegatingMethodAccessorImpl.java:43)
	at java.lang.reflect.Method.invoke(Method.java:606)
	at org.apache.maven.surefire.util.ReflectionUtils.invokeMethodWithArray2(ReflectionUtils.java:208)
	at org.apache.maven.surefire.booter.ProviderFactory$ProviderProxy.invoke(ProviderFactory.java:155)
	at org.apache.maven.surefire.booter.ProviderFactory.invokeProvider(ProviderFactory.java:81)
	at org.apache.maven.plugin.surefire.InPluginVMSurefireStarter.runSuitesInProcess(InPluginVMSurefireStarter.java:82)
	at org.apache.maven.plugin.surefire.AbstractSurefireMojo.executeProvider(AbstractSurefireMojo.java:974)
	at org.apache.maven.plugin.surefire.AbstractSurefireMojo.executeAfterPreconditionsChecked(AbstractSurefireMojo.java:824)
	at org.apache.maven.plugin.surefire.AbstractSurefireMojo.execute(AbstractSurefireMojo.java:722)
	at org.apache.maven.plugin.DefaultBuildPluginManager.executeMojo(DefaultBuildPluginManager.java:132)
	at org.apache.maven.lifecycle.internal.MojoExecutor.execute(MojoExecutor.java:208)
	at org.apache.maven.lifecycle.internal.MojoExecutor.execute(MojoExecutor.java:153)
	at org.apache.maven.lifecycle.internal.MojoExecutor.execute(MojoExecutor.java:145)
	at org.apache.maven.lifecycle.internal.LifecycleModuleBuilder.buildProject(LifecycleModuleBuilder.java:116)
	at org.apache.maven.lifecycle.internal.LifecycleModuleBuilder.buildProject(LifecycleModuleBuilder.java:80)
	at org.apache.maven.lifecycle.internal.builder.singlethreaded.SingleThreadedBuilder.build(SingleThreadedBuilder.java:51)
	at org.apache.maven.lifecycle.internal.LifecycleStarter.execute(LifecycleStarter.java:120)
	at org.apache.maven.DefaultMaven.doExecute(DefaultMaven.java:355)
	at org.apache.maven.DefaultMaven.execute(DefaultMaven.java:155)
	at org.apache.maven.cli.MavenCli.execute(MavenCli.java:584)
	at org.apache.maven.cli.MavenCli.doMain(MavenCli.java:216)
	at org.apache.maven.cli.MavenCli.main(MavenCli.java:160)
	at sun.reflect.NativeMethodAccessorImpl.invoke0(Native Method)
	at sun.reflect.NativeMethodAccessorImpl.invoke(NativeMethodAccessorImpl.java:57)
	at sun.reflect.DelegatingMethodAccessorImpl.invoke(DelegatingMethodAccessorImpl.java:43)
	at java.lang.reflect.Method.invoke(Method.java:606)
	at org.codehaus.plexus.classworlds.launcher.Launcher.launchEnhanced(Launcher.java:289)
	at org.codehaus.plexus.classworlds.launcher.Launcher.launch(Launcher.java:229)
	at org.codehaus.plexus.classworlds.launcher.Launcher.mainWithExitCode(Launcher.java:415)
	at org.codehaus.plexus.classworlds.launcher.Launcher.main(Launcher.java:356)
BundleIsLoadableIntegrationTestCase.getJarURL() file:/home/travis/.m2/repository/com/google/inject/extensions/guice-assistedinject/4.0/guice-assistedinject-4.0.jar
org.osgi.framework.BundleException: Fragment bundles can not be started.
	at org.apache.felix.framework.Felix.startBundle(Felix.java:1981)
	at org.apache.felix.framework.BundleImpl.start(BundleImpl.java:977)
	at org.apache.felix.framework.BundleImpl.start(BundleImpl.java:964)
	at org.semanticweb.owlapi.BundleIsLoadableIntegrationTestCase.startBundle(BundleIsLoadableIntegrationTestCase.java:79)
	at sun.reflect.NativeMethodAccessorImpl.invoke0(Native Method)
	at sun.reflect.NativeMethodAccessorImpl.invoke(NativeMethodAccessorImpl.java:57)
	at sun.reflect.DelegatingMethodAccessorImpl.invoke(DelegatingMethodAccessorImpl.java:43)
	at java.lang.reflect.Method.invoke(Method.java:606)
	at org.junit.runners.model.FrameworkMethod$1.runReflectiveCall(FrameworkMethod.java:50)
	at org.junit.internal.runners.model.ReflectiveCallable.run(ReflectiveCallable.java:12)
	at org.junit.runners.model.FrameworkMethod.invokeExplosively(FrameworkMethod.java:47)
	at org.junit.internal.runners.statements.InvokeMethod.evaluate(InvokeMethod.java:17)
	at org.junit.runners.ParentRunner.runLeaf(ParentRunner.java:325)
	at org.junit.runners.BlockJUnit4ClassRunner.runChild(BlockJUnit4ClassRunner.java:78)
	at org.junit.runners.BlockJUnit4ClassRunner.runChild(BlockJUnit4ClassRunner.java:57)
	at org.junit.runners.ParentRunner$3.run(ParentRunner.java:290)
	at org.junit.runners.ParentRunner$1.schedule(ParentRunner.java:71)
	at org.junit.runners.ParentRunner.runChildren(ParentRunner.java:288)
	at org.junit.runners.ParentRunner.access$000(ParentRunner.java:58)
	at org.junit.runners.ParentRunner$2.evaluate(ParentRunner.java:268)
	at org.junit.runners.ParentRunner.run(ParentRunner.java:363)
	at org.junit.runners.Suite.runChild(Suite.java:128)
	at org.junit.runners.Suite.runChild(Suite.java:27)
	at org.junit.runners.ParentRunner$3.run(ParentRunner.java:290)
	at org.junit.runners.ParentRunner$1.schedule(ParentRunner.java:71)
	at org.junit.runners.ParentRunner.runChildren(ParentRunner.java:288)
	at org.junit.runners.ParentRunner.access$000(ParentRunner.java:58)
	at org.junit.runners.ParentRunner$2.evaluate(ParentRunner.java:268)
	at org.junit.runners.ParentRunner.run(ParentRunner.java:363)
	at org.junit.runner.JUnitCore.run(JUnitCore.java:137)
	at org.junit.runner.JUnitCore.run(JUnitCore.java:115)
	at org.apache.maven.surefire.junitcore.JUnitCoreWrapper.createRequestAndRun(JUnitCoreWrapper.java:108)
	at org.apache.maven.surefire.junitcore.JUnitCoreWrapper.executeEager(JUnitCoreWrapper.java:78)
	at org.apache.maven.surefire.junitcore.JUnitCoreWrapper.execute(JUnitCoreWrapper.java:54)
	at org.apache.maven.surefire.junitcore.JUnitCoreProvider.invoke(JUnitCoreProvider.java:144)
	at sun.reflect.NativeMethodAccessorImpl.invoke0(Native Method)
	at sun.reflect.NativeMethodAccessorImpl.invoke(NativeMethodAccessorImpl.java:57)
	at sun.reflect.DelegatingMethodAccessorImpl.invoke(DelegatingMethodAccessorImpl.java:43)
	at java.lang.reflect.Method.invoke(Method.java:606)
	at org.apache.maven.surefire.util.ReflectionUtils.invokeMethodWithArray2(ReflectionUtils.java:208)
	at org.apache.maven.surefire.booter.ProviderFactory$ProviderProxy.invoke(ProviderFactory.java:155)
	at org.apache.maven.surefire.booter.ProviderFactory.invokeProvider(ProviderFactory.java:81)
	at org.apache.maven.plugin.surefire.InPluginVMSurefireStarter.runSuitesInProcess(InPluginVMSurefireStarter.java:82)
	at org.apache.maven.plugin.surefire.AbstractSurefireMojo.executeProvider(AbstractSurefireMojo.java:974)
	at org.apache.maven.plugin.surefire.AbstractSurefireMojo.executeAfterPreconditionsChecked(AbstractSurefireMojo.java:824)
	at org.apache.maven.plugin.surefire.AbstractSurefireMojo.execute(AbstractSurefireMojo.java:722)
	at org.apache.maven.plugin.DefaultBuildPluginManager.executeMojo(DefaultBuildPluginManager.java:132)
	at org.apache.maven.lifecycle.internal.MojoExecutor.execute(MojoExecutor.java:208)
	at org.apache.maven.lifecycle.internal.MojoExecutor.execute(MojoExecutor.java:153)
	at org.apache.maven.lifecycle.internal.MojoExecutor.execute(MojoExecutor.java:145)
	at org.apache.maven.lifecycle.internal.LifecycleModuleBuilder.buildProject(LifecycleModuleBuilder.java:116)
	at org.apache.maven.lifecycle.internal.LifecycleModuleBuilder.buildProject(LifecycleModuleBuilder.java:80)
	at org.apache.maven.lifecycle.internal.builder.singlethreaded.SingleThreadedBuilder.build(SingleThreadedBuilder.java:51)
	at org.apache.maven.lifecycle.internal.LifecycleStarter.execute(LifecycleStarter.java:120)
	at org.apache.maven.DefaultMaven.doExecute(DefaultMaven.java:355)
	at org.apache.maven.DefaultMaven.execute(DefaultMaven.java:155)
	at org.apache.maven.cli.MavenCli.execute(MavenCli.java:584)
	at org.apache.maven.cli.MavenCli.doMain(MavenCli.java:216)
	at org.apache.maven.cli.MavenCli.main(MavenCli.java:160)
	at sun.reflect.NativeMethodAccessorImpl.invoke0(Native Method)
	at sun.reflect.NativeMethodAccessorImpl.invoke(NativeMethodAccessorImpl.java:57)
	at sun.reflect.DelegatingMethodAccessorImpl.invoke(DelegatingMethodAccessorImpl.java:43)
	at java.lang.reflect.Method.invoke(Method.java:606)
	at org.codehaus.plexus.classworlds.launcher.Launcher.launchEnhanced(Launcher.java:289)
	at org.codehaus.plexus.classworlds.launcher.Launcher.launch(Launcher.java:229)
	at org.codehaus.plexus.classworlds.launcher.Launcher.mainWithExitCode(Launcher.java:415)
	at org.codehaus.plexus.classworlds.launcher.Launcher.main(Launcher.java:356)
BundleIsLoadableIntegrationTestCase.getJarURL() file:/home/travis/.m2/repository/com/google/inject/guice/4.0/guice-4.0.jar
DEBUG: WIRE: [6.0] osgi.wiring.package; (&(osgi.wiring.package=com.google.common.base)(version>=16.0.0)) -> [3.0]
DEBUG: WIRE: [6.0] osgi.wiring.package; (&(osgi.wiring.package=com.google.common.cache)(version>=16.0.0)) -> [3.0]
DEBUG: WIRE: [6.0] osgi.wiring.package; (&(osgi.wiring.package=com.google.common.collect)(version>=16.0.0)) -> [3.0]
DEBUG: WIRE: [6.0] osgi.wiring.package; (osgi.wiring.package=javax.inject) -> [1.0]
DEBUG: WIRE: [6.0] osgi.wiring.package; (osgi.wiring.package=org.aopalliance.intercept) -> [2.0]
DEBUG: WIRE: [5.0] osgi.wiring.package; (&(osgi.wiring.package=com.google.common.base)(version>=16.0.0)) -> [3.0]
DEBUG: WIRE: [5.0] osgi.wiring.package; (&(osgi.wiring.package=com.google.common.collect)(version>=16.0.0)) -> [3.0]
DEBUG: WIRE: [5.0] osgi.wiring.package; (osgi.wiring.package=javax.inject) -> [1.0]
DEBUG: WIRE: [4.0] osgi.wiring.package; (&(osgi.wiring.package=com.google.common.base)(version>=16.0.0)) -> [3.0]
DEBUG: WIRE: [4.0] osgi.wiring.package; (&(osgi.wiring.package=com.google.common.collect)(version>=16.0.0)) -> [3.0]
DEBUG: WIRE: [4.0] osgi.wiring.package; (&(osgi.wiring.package=com.google.common.primitives)(version>=16.0.0)) -> [3.0]
DEBUG: WIRE: [4.0] osgi.wiring.package; (osgi.wiring.package=javax.inject) -> [1.0]
DEBUG: WIRE: [6.0] osgi.ee; (&(osgi.ee=JavaSE)(version=1.6.0)) -> [0]
DEBUG: WIRE: [5.0] osgi.ee; (&(osgi.ee=JavaSE)(version=1.6.0)) -> [0]
DEBUG: WIRE: [4.0] osgi.ee; (&(osgi.ee=JavaSE)(version=1.6.0)) -> [0]
DEBUG: FRAGMENT WIRE: [4.0] osgi.wiring.host; (&(osgi.wiring.host=com.google.inject)(bundle-version>=0.0.0)) -> [6.0]
DEBUG: FRAGMENT WIRE: [5.0] osgi.wiring.host; (&(osgi.wiring.host=com.google.inject)(bundle-version>=0.0.0)) -> [6.0]
BundleIsLoadableIntegrationTestCase.getJarURL() file:/home/travis/.m2/repository/org/apache/servicemix/bundles/org.apache.servicemix.bundles.aopalliance/1.0_6/org.apache.servicemix.bundles.aopalliance-1.0_6.jar
BundleIsLoadableIntegrationTestCase.getJarURL() file:/home/travis/.m2/repository/commons-io/commons-io/2.4/commons-io-2.4.jar
BundleIsLoadableIntegrationTestCase.getJarURL() file:/home/travis/.m2/repository/commons-codec/commons-codec/1.9/commons-codec-1.9.jar
BundleIsLoadableIntegrationTestCase.getJarURL() file:/home/travis/.m2/repository/org/slf4j/slf4j-simple/1.7.10/slf4j-simple-1.7.10.jar
org.osgi.framework.BundleException: Fragment bundles can not be started.
	at org.apache.felix.framework.Felix.startBundle(Felix.java:1981)
	at org.apache.felix.framework.BundleImpl.start(BundleImpl.java:977)
	at org.apache.felix.framework.BundleImpl.start(BundleImpl.java:964)
	at org.semanticweb.owlapi.BundleIsLoadableIntegrationTestCase.startBundle(BundleIsLoadableIntegrationTestCase.java:79)
	at sun.reflect.NativeMethodAccessorImpl.invoke0(Native Method)
	at sun.reflect.NativeMethodAccessorImpl.invoke(NativeMethodAccessorImpl.java:57)
	at sun.reflect.DelegatingMethodAccessorImpl.invoke(DelegatingMethodAccessorImpl.java:43)
	at java.lang.reflect.Method.invoke(Method.java:606)
	at org.junit.runners.model.FrameworkMethod$1.runReflectiveCall(FrameworkMethod.java:50)
	at org.junit.internal.runners.model.ReflectiveCallable.run(ReflectiveCallable.java:12)
	at org.junit.runners.model.FrameworkMethod.invokeExplosively(FrameworkMethod.java:47)
	at org.junit.internal.runners.statements.InvokeMethod.evaluate(InvokeMethod.java:17)
	at org.junit.runners.ParentRunner.runLeaf(ParentRunner.java:325)
	at org.junit.runners.BlockJUnit4ClassRunner.runChild(BlockJUnit4ClassRunner.java:78)
	at org.junit.runners.BlockJUnit4ClassRunner.runChild(BlockJUnit4ClassRunner.java:57)
	at org.junit.runners.ParentRunner$3.run(ParentRunner.java:290)
	at org.junit.runners.ParentRunner$1.schedule(ParentRunner.java:71)
	at org.junit.runners.ParentRunner.runChildren(ParentRunner.java:288)
	at org.junit.runners.ParentRunner.access$000(ParentRunner.java:58)
	at org.junit.runners.ParentRunner$2.evaluate(ParentRunner.java:268)
	at org.junit.runners.ParentRunner.run(ParentRunner.java:363)
	at org.junit.runners.Suite.runChild(Suite.java:128)
	at org.junit.runners.Suite.runChild(Suite.java:27)
	at org.junit.runners.ParentRunner$3.run(ParentRunner.java:290)
	at org.junit.runners.ParentRunner$1.schedule(ParentRunner.java:71)
	at org.junit.runners.ParentRunner.runChildren(ParentRunner.java:288)
	at org.junit.runners.ParentRunner.access$000(ParentRunner.java:58)
	at org.junit.runners.ParentRunner$2.evaluate(ParentRunner.java:268)
	at org.junit.runners.ParentRunner.run(ParentRunner.java:363)
	at org.junit.runner.JUnitCore.run(JUnitCore.java:137)
	at org.junit.runner.JUnitCore.run(JUnitCore.java:115)
	at org.apache.maven.surefire.junitcore.JUnitCoreWrapper.createRequestAndRun(JUnitCoreWrapper.java:108)
	at org.apache.maven.surefire.junitcore.JUnitCoreWrapper.executeEager(JUnitCoreWrapper.java:78)
	at org.apache.maven.surefire.junitcore.JUnitCoreWrapper.execute(JUnitCoreWrapper.java:54)
	at org.apache.maven.surefire.junitcore.JUnitCoreProvider.invoke(JUnitCoreProvider.java:144)
	at sun.reflect.NativeMethodAccessorImpl.invoke0(Native Method)
	at sun.reflect.NativeMethodAccessorImpl.invoke(NativeMethodAccessorImpl.java:57)
	at sun.reflect.DelegatingMethodAccessorImpl.invoke(DelegatingMethodAccessorImpl.java:43)
	at java.lang.reflect.Method.invoke(Method.java:606)
	at org.apache.maven.surefire.util.ReflectionUtils.invokeMethodWithArray2(ReflectionUtils.java:208)
	at org.apache.maven.surefire.booter.ProviderFactory$ProviderProxy.invoke(ProviderFactory.java:155)
	at org.apache.maven.surefire.booter.ProviderFactory.invokeProvider(ProviderFactory.java:81)
	at org.apache.maven.plugin.surefire.InPluginVMSurefireStarter.runSuitesInProcess(InPluginVMSurefireStarter.java:82)
	at org.apache.maven.plugin.surefire.AbstractSurefireMojo.executeProvider(AbstractSurefireMojo.java:974)
	at org.apache.maven.plugin.surefire.AbstractSurefireMojo.executeAfterPreconditionsChecked(AbstractSurefireMojo.java:824)
	at org.apache.maven.plugin.surefire.AbstractSurefireMojo.execute(AbstractSurefireMojo.java:722)
	at org.apache.maven.plugin.DefaultBuildPluginManager.executeMojo(DefaultBuildPluginManager.java:132)
	at org.apache.maven.lifecycle.internal.MojoExecutor.execute(MojoExecutor.java:208)
	at org.apache.maven.lifecycle.internal.MojoExecutor.execute(MojoExecutor.java:153)
	at org.apache.maven.lifecycle.internal.MojoExecutor.execute(MojoExecutor.java:145)
	at org.apache.maven.lifecycle.internal.LifecycleModuleBuilder.buildProject(LifecycleModuleBuilder.java:116)
	at org.apache.maven.lifecycle.internal.LifecycleModuleBuilder.buildProject(LifecycleModuleBuilder.java:80)
	at org.apache.maven.lifecycle.internal.builder.singlethreaded.SingleThreadedBuilder.build(SingleThreadedBuilder.java:51)
	at org.apache.maven.lifecycle.internal.LifecycleStarter.execute(LifecycleStarter.java:120)
	at org.apache.maven.DefaultMaven.doExecute(DefaultMaven.java:355)
	at org.apache.maven.DefaultMaven.execute(DefaultMaven.java:155)
	at org.apache.maven.cli.MavenCli.execute(MavenCli.java:584)
	at org.apache.maven.cli.MavenCli.doMain(MavenCli.java:216)
	at org.apache.maven.cli.MavenCli.main(MavenCli.java:160)
	at sun.reflect.NativeMethodAccessorImpl.invoke0(Native Method)
	at sun.reflect.NativeMethodAccessorImpl.invoke(NativeMethodAccessorImpl.java:57)
	at sun.reflect.DelegatingMethodAccessorImpl.invoke(DelegatingMethodAccessorImpl.java:43)
	at java.lang.reflect.Method.invoke(Method.java:606)
	at org.codehaus.plexus.classworlds.launcher.Launcher.launchEnhanced(Launcher.java:289)
	at org.codehaus.plexus.classworlds.launcher.Launcher.launch(Launcher.java:229)
	at org.codehaus.plexus.classworlds.launcher.Launcher.mainWithExitCode(Launcher.java:415)
	at org.codehaus.plexus.classworlds.launcher.Launcher.main(Launcher.java:356)
BundleIsLoadableIntegrationTestCase.getJarURL() file:/home/travis/.m2/repository/org/slf4j/jcl-over-slf4j/1.7.7/jcl-over-slf4j-1.7.7.jar
org.osgi.framework.BundleException: Unresolved constraint in bundle jcl.over.slf4j [10]: Unable to resolve 10.0: missing requirement [10.0] osgi.wiring.package; (&(osgi.wiring.package=org.slf4j)(version>=1.7.7))
	at org.apache.felix.framework.Felix.resolveBundleRevision(Felix.java:4097)
	at org.apache.felix.framework.Felix.startBundle(Felix.java:2114)
	at org.apache.felix.framework.BundleImpl.start(BundleImpl.java:977)
	at org.apache.felix.framework.BundleImpl.start(BundleImpl.java:964)
	at org.semanticweb.owlapi.BundleIsLoadableIntegrationTestCase.startBundle(BundleIsLoadableIntegrationTestCase.java:79)
	at sun.reflect.NativeMethodAccessorImpl.invoke0(Native Method)
	at sun.reflect.NativeMethodAccessorImpl.invoke(NativeMethodAccessorImpl.java:57)
	at sun.reflect.DelegatingMethodAccessorImpl.invoke(DelegatingMethodAccessorImpl.java:43)
	at java.lang.reflect.Method.invoke(Method.java:606)
	at org.junit.runners.model.FrameworkMethod$1.runReflectiveCall(FrameworkMethod.java:50)
	at org.junit.internal.runners.model.ReflectiveCallable.run(ReflectiveCallable.java:12)
	at org.junit.runners.model.FrameworkMethod.invokeExplosively(FrameworkMethod.java:47)
	at org.junit.internal.runners.statements.InvokeMethod.evaluate(InvokeMethod.java:17)
	at org.junit.runners.ParentRunner.runLeaf(ParentRunner.java:325)
	at org.junit.runners.BlockJUnit4ClassRunner.runChild(BlockJUnit4ClassRunner.java:78)
	at org.junit.runners.BlockJUnit4ClassRunner.runChild(BlockJUnit4ClassRunner.java:57)
	at org.junit.runners.ParentRunner$3.run(ParentRunner.java:290)
	at org.junit.runners.ParentRunner$1.schedule(ParentRunner.java:71)
	at org.junit.runners.ParentRunner.runChildren(ParentRunner.java:288)
	at org.junit.runners.ParentRunner.access$000(ParentRunner.java:58)
	at org.junit.runners.ParentRunner$2.evaluate(ParentRunner.java:268)
	at org.junit.runners.ParentRunner.run(ParentRunner.java:363)
	at org.junit.runners.Suite.runChild(Suite.java:128)
	at org.junit.runners.Suite.runChild(Suite.java:27)
	at org.junit.runners.ParentRunner$3.run(ParentRunner.java:290)
	at org.junit.runners.ParentRunner$1.schedule(ParentRunner.java:71)
	at org.junit.runners.ParentRunner.runChildren(ParentRunner.java:288)
	at org.junit.runners.ParentRunner.access$000(ParentRunner.java:58)
	at org.junit.runners.ParentRunner$2.evaluate(ParentRunner.java:268)
	at org.junit.runners.ParentRunner.run(ParentRunner.java:363)
	at org.junit.runner.JUnitCore.run(JUnitCore.java:137)
	at org.junit.runner.JUnitCore.run(JUnitCore.java:115)
	at org.apache.maven.surefire.junitcore.JUnitCoreWrapper.createRequestAndRun(JUnitCoreWrapper.java:108)
	at org.apache.maven.surefire.junitcore.JUnitCoreWrapper.executeEager(JUnitCoreWrapper.java:78)
	at org.apache.maven.surefire.junitcore.JUnitCoreWrapper.execute(JUnitCoreWrapper.java:54)
	at org.apache.maven.surefire.junitcore.JUnitCoreProvider.invoke(JUnitCoreProvider.java:144)
	at sun.reflect.NativeMethodAccessorImpl.invoke0(Native Method)
	at sun.reflect.NativeMethodAccessorImpl.invoke(NativeMethodAccessorImpl.java:57)
	at sun.reflect.DelegatingMethodAccessorImpl.invoke(DelegatingMethodAccessorImpl.java:43)
	at java.lang.reflect.Method.invoke(Method.java:606)
	at org.apache.maven.surefire.util.ReflectionUtils.invokeMethodWithArray2(ReflectionUtils.java:208)
	at org.apache.maven.surefire.booter.ProviderFactory$ProviderProxy.invoke(ProviderFactory.java:155)
	at org.apache.maven.surefire.booter.ProviderFactory.invokeProvider(ProviderFactory.java:81)
	at org.apache.maven.plugin.surefire.InPluginVMSurefireStarter.runSuitesInProcess(InPluginVMSurefireStarter.java:82)
	at org.apache.maven.plugin.surefire.AbstractSurefireMojo.executeProvider(AbstractSurefireMojo.java:974)
	at org.apache.maven.plugin.surefire.AbstractSurefireMojo.executeAfterPreconditionsChecked(AbstractSurefireMojo.java:824)
	at org.apache.maven.plugin.surefire.AbstractSurefireMojo.execute(AbstractSurefireMojo.java:722)
	at org.apache.maven.plugin.DefaultBuildPluginManager.executeMojo(DefaultBuildPluginManager.java:132)
	at org.apache.maven.lifecycle.internal.MojoExecutor.execute(MojoExecutor.java:208)
	at org.apache.maven.lifecycle.internal.MojoExecutor.execute(MojoExecutor.java:153)
	at org.apache.maven.lifecycle.internal.MojoExecutor.execute(MojoExecutor.java:145)
	at org.apache.maven.lifecycle.internal.LifecycleModuleBuilder.buildProject(LifecycleModuleBuilder.java:116)
	at org.apache.maven.lifecycle.internal.LifecycleModuleBuilder.buildProject(LifecycleModuleBuilder.java:80)
	at org.apache.maven.lifecycle.internal.builder.singlethreaded.SingleThreadedBuilder.build(SingleThreadedBuilder.java:51)
	at org.apache.maven.lifecycle.internal.LifecycleStarter.execute(LifecycleStarter.java:120)
	at org.apache.maven.DefaultMaven.doExecute(DefaultMaven.java:355)
	at org.apache.maven.DefaultMaven.execute(DefaultMaven.java:155)
	at org.apache.maven.cli.MavenCli.execute(MavenCli.java:584)
	at org.apache.maven.cli.MavenCli.doMain(MavenCli.java:216)
	at org.apache.maven.cli.MavenCli.main(MavenCli.java:160)
	at sun.reflect.NativeMethodAccessorImpl.invoke0(Native Method)
	at sun.reflect.NativeMethodAccessorImpl.invoke(NativeMethodAccessorImpl.java:57)
	at sun.reflect.DelegatingMethodAccessorImpl.invoke(DelegatingMethodAccessorImpl.java:43)
	at java.lang.reflect.Method.invoke(Method.java:606)
	at org.codehaus.plexus.classworlds.launcher.Launcher.launchEnhanced(Launcher.java:289)
	at org.codehaus.plexus.classworlds.launcher.Launcher.launch(Launcher.java:229)
	at org.codehaus.plexus.classworlds.launcher.Launcher.mainWithExitCode(Launcher.java:415)
	at org.codehaus.plexus.classworlds.launcher.Launcher.main(Launcher.java:356)
BundleIsLoadableIntegrationTestCase.getJarURL() file:/home/travis/.m2/repository/org/slf4j/slf4j-api/1.7.10/slf4j-api-1.7.10.jar
DEBUG: FRAGMENT WIRE: [9.0] osgi.wiring.host; (&(osgi.wiring.host=slf4j.api)(bundle-version>=0.0.0)) -> [11.0]
DEBUG: WIRE: [11.0] osgi.ee; (&(osgi.ee=JavaSE)(version=1.3.0)) -> [0]
DEBUG: WIRE: [9.0] osgi.ee; (&(osgi.ee=JavaSE)(version=1.3.0)) -> [0]
DEBUG: WIRE: [12.0] osgi.wiring.package; (&(osgi.wiring.package=com.google.common.base)(version>=18.0.0)(!(version>=19.0.0))) -> [3.0]
DEBUG: WIRE: [12.0] osgi.wiring.package; (&(osgi.wiring.package=com.google.common.cache)(version>=18.0.0)(!(version>=19.0.0))) -> [3.0]
DEBUG: WIRE: [12.0] osgi.wiring.package; (&(osgi.wiring.package=com.google.common.collect)(version>=18.0.0)(!(version>=19.0.0))) -> [3.0]
DEBUG: WIRE: [12.0] osgi.wiring.package; (&(osgi.wiring.package=com.google.common.io)(version>=18.0.0)(!(version>=19.0.0))) -> [3.0]
DEBUG: WIRE: [12.0] osgi.wiring.package; (&(osgi.wiring.package=com.google.common.util.concurrent)(version>=18.0.0)(!(version>=19.0.0))) -> [3.0]
DEBUG: WIRE: [12.0] osgi.wiring.package; (&(osgi.wiring.package=com.google.inject)(version>=1.4.0)(!(version>=2.0.0))) -> [6.0]
DEBUG: WIRE: [12.0] osgi.wiring.package; (&(osgi.wiring.package=com.google.inject.assistedinject)(version>=1.4.0)(!(version>=2.0.0))) -> [6.0]
DEBUG: WIRE: [12.0] osgi.wiring.package; (&(osgi.wiring.package=com.google.inject.binder)(version>=1.4.0)(!(version>=2.0.0))) -> [6.0]
DEBUG: WIRE: [12.0] osgi.wiring.package; (&(osgi.wiring.package=com.google.inject.multibindings)(version>=1.4.0)(!(version>=2.0.0))) -> [6.0]
DEBUG: WIRE: [12.0] osgi.wiring.package; (osgi.wiring.package=javax.annotation) -> [0]
DEBUG: WIRE: [12.0] osgi.wiring.package; (osgi.wiring.package=javax.crypto) -> [0]
DEBUG: WIRE: [12.0] osgi.wiring.package; (osgi.wiring.package=javax.crypto.spec) -> [0]
DEBUG: WIRE: [12.0] osgi.wiring.package; (osgi.wiring.package=javax.imageio) -> [0]
DEBUG: WIRE: [12.0] osgi.wiring.package; (&(osgi.wiring.package=javax.inject)(version>=1.0.0)(!(version>=2.0.0))) -> [1.0]
DEBUG: WIRE: [12.0] osgi.wiring.package; (osgi.wiring.package=javax.naming) -> [0]
DEBUG: WIRE: [12.0] osgi.wiring.package; (osgi.wiring.package=javax.naming.directory) -> [0]
DEBUG: WIRE: [12.0] osgi.wiring.package; (osgi.wiring.package=javax.naming.ldap) -> [0]
DEBUG: WIRE: [12.0] osgi.wiring.package; (osgi.wiring.package=javax.net) -> [0]
DEBUG: WIRE: [12.0] osgi.wiring.package; (osgi.wiring.package=javax.net.ssl) -> [0]
DEBUG: WIRE: [12.0] osgi.wiring.package; (osgi.wiring.package=javax.security.auth.x500) -> [0]
DEBUG: WIRE: [12.0] osgi.wiring.package; (osgi.wiring.package=javax.swing) -> [0]
DEBUG: WIRE: [12.0] osgi.wiring.package; (osgi.wiring.package=javax.xml.bind) -> [0]
DEBUG: WIRE: [12.0] osgi.wiring.package; (osgi.wiring.package=javax.xml.bind.annotation.adapters) -> [0]
DEBUG: WIRE: [12.0] osgi.wiring.package; (osgi.wiring.package=javax.xml.datatype) -> [0]
DEBUG: WIRE: [12.0] osgi.wiring.package; (osgi.wiring.package=javax.xml.namespace) -> [0]
DEBUG: WIRE: [12.0] osgi.wiring.package; (osgi.wiring.package=javax.xml.parsers) -> [0]
DEBUG: WIRE: [12.0] osgi.wiring.package; (osgi.wiring.package=javax.xml.transform.sax) -> [0]
DEBUG: WIRE: [12.0] osgi.wiring.package; (osgi.wiring.package=javax.xml.validation) -> [0]
DEBUG: WIRE: [12.0] osgi.wiring.package; (osgi.wiring.package=org.ietf.jgss) -> [0]
DEBUG: WIRE: [12.0] osgi.wiring.package; (&(osgi.wiring.package=org.slf4j)(version>=1.7.0)(!(version>=2.0.0))) -> [11.0]
DEBUG: WIRE: [12.0] osgi.wiring.package; (osgi.wiring.package=org.w3c.dom) -> [0]
DEBUG: WIRE: [12.0] osgi.wiring.package; (osgi.wiring.package=org.w3c.dom.bootstrap) -> [0]
DEBUG: WIRE: [12.0] osgi.wiring.package; (osgi.wiring.package=org.w3c.dom.ls) -> [0]
DEBUG: WIRE: [12.0] osgi.wiring.package; (osgi.wiring.package=org.xml.sax) -> [0]
DEBUG: WIRE: [12.0] osgi.wiring.package; (osgi.wiring.package=org.xml.sax.ext) -> [0]
DEBUG: WIRE: [12.0] osgi.wiring.package; (osgi.wiring.package=org.xml.sax.helpers) -> [0]
DEBUG: WIRE: [12.0] osgi.ee; (&(osgi.ee=JavaSE)(version=1.7)) -> [0]
Tests run: 1, Failures: 0, Errors: 0, Skipped: 0, Time elapsed: 0.391 sec - in org.semanticweb.owlapi.BundleIsLoadableIntegrationTestCase
Running org.semanticweb.owlapi.io.LoadXZOntologyViaHTTPIntegrationTestCase
[main] INFO org.semanticweb.owlapi.io.AbstractOWLParser - URL connection has no content encoding but name ends with .xz
[main] INFO org.semanticweb.owlapi.io.AbstractOWLParser - URL connection has no content encoding but name ends with .xz
Tests run: 1, Failures: 0, Errors: 0, Skipped: 0, Time elapsed: 1.326 sec - in org.semanticweb.owlapi.io.LoadXZOntologyViaHTTPIntegrationTestCase

Results :

Failed tests: 
  VerifyVersionInfoIntegrationTestCase.checkMatchVersion:33 null

Tests run: 3, Failures: 1, Errors: 0, Skipped: 0

[WARNING] File encoding has not been set, using platform encoding UTF-8, i.e. build is platform dependent! The file encoding for reports output files should be provided by the POM property ${project.reporting.outputEncoding}.
[INFO] 
[INFO] --- maven-failsafe-plugin:2.18.1:verify (default) @ owlapi-osgidistribution ---
[INFO] Failsafe report directory: /home/travis/build/owlcs/owlapi/osgidistribution/target/failsafe-reports
[WARNING] File encoding has not been set, using platform encoding UTF-8, i.e. build is platform dependent! The file encoding for reports output files should be provided by the POM property ${project.reporting.outputEncoding}.
[INFO] ------------------------------------------------------------------------
[INFO] Reactor Summary:
[INFO] 
[INFO] OWLAPI ............................................. SUCCESS [  2.843 s]
[INFO] OWLAPI Model Interfaces and utilities .............. SUCCESS [  5.797 s]
[INFO] OWLAPI Default Implementation ...................... SUCCESS [  4.653 s]
[INFO] tools .............................................. SUCCESS [  1.142 s]
[INFO] parsers ............................................ SUCCESS [  1.540 s]
[INFO] oboformat parser ................................... SUCCESS [  0.706 s]
[INFO] OWLAPITOOLS OWL profile and fixers ................. SUCCESS [  1.428 s]
[INFO] OWLAPI :: Sesame Rio module ........................ SUCCESS [  0.624 s]
[INFO] OWLAPI Binding and Config .......................... SUCCESS [  0.860 s]
[INFO] compatibility ...................................... SUCCESS [  3.086 s]
[INFO] tests and tutorials ................................ SUCCESS [ 51.490 s]
[INFO] OWLAPI Distribution ................................ SUCCESS [  8.122 s]
[INFO] OWLAPI OSGi and Compatibility Distribution ......... FAILURE [ 12.611 s]
[INFO] ------------------------------------------------------------------------
[INFO] BUILD FAILURE
[INFO] ------------------------------------------------------------------------
[INFO] Total time: 01:37 min
[INFO] Finished at: 2016-03-05T23:54:34+00:00
[INFO] Final Memory: 56M/464M
[INFO] ------------------------------------------------------------------------
[ERROR] Failed to execute goal org.apache.maven.plugins:maven-failsafe-plugin:2.18.1:verify (default) on project owlapi-osgidistribution: There are test failures.
[ERROR] 
[ERROR] Please refer to /home/travis/build/owlcs/owlapi/osgidistribution/target/failsafe-reports for the individual test results.
[ERROR] -> [Help 1]
[ERROR] 
[ERROR] To see the full stack trace of the errors, re-run Maven with the -e switch.
[ERROR] Re-run Maven using the -X switch to enable full debug logging.
[ERROR] 
[ERROR] For more information about the errors and possible solutions, please read the following articles:
[ERROR] [Help 1] http://cwiki.apache.org/confluence/display/MAVEN/MojoFailureException
[ERROR] 
[ERROR] After correcting the problems, you can resume the build with the command
[ERROR]   mvn <goals> -rf :owlapi-osgidistribution

travis_time:end:020ace7a:start=1457221975985913549,finish=1457222075703398683,duration=99717485134[0K
[31;1mThe command "mvn verify" exited with 1.[0m
travis_fold:start:cache.2[0Kstore build cache
travis_time:start:07ec9279[0K
travis_time:end:07ec9279:start=1457222075709416976,finish=1457222075714192574,duration=4775598[0Ktravis_time:start:2230d850[0K[32;1mchange detected:
/home/travis/.m2/repository/net/sourceforge/owlapi/owlapi-api/4.2.1/owlapi-api-4.2.1.jar
/home/travis/.m2/repository/net/sourceforge/owlapi/owlapi-api/4.2.1/owlapi-api-4.2.1.pom
/home/travis/.m2/repository/net/sourceforge/owlapi/owlapi-api/4.2.1/owlapi-api-4.2.1-sources.jar
/home/travis/.m2/repository/net/sourceforge/owlapi/owlapi-api/4.2.1/_remote.repositories
/home/travis/.m2/repository/net/sourceforge/owlapi/owlapi-apibinding/4.2.1/owlapi-apibinding-4.2.1.jar
/home/travis/.m2/repository/net/sourceforge/owlapi/owlapi-apibinding/4.2.1/owlapi-apibinding-4.2.1.pom
/home/travis/.m2/repository/net/sourceforge/owlapi/owlapi-apibinding/4.2.1/owlapi-apibinding-4.2.1-sources.jar
/home/travis/.m2/repository/net/sourceforge/owlapi/owlapi-apibinding/4.2.1/_remote.repositories
/home/travis/.m2/repository/net/sourceforge/owlapi/owlapi-apibinding/maven-metadata-local.xml
/home/travis/.m2/repository/net/sourceforge/owlapi/owlapi-api/maven-metadata-local.xml
/home/travis/.m2/repository/net/sourceforge
[0m
[32;1m...
[0m
[32;1mchanges detected, packing new archive[0m
.
[32;1muploading archive[0m

travis_time:end:2230d850:start=1457222075719521845,finish=1457222093320665753,duration=17601143908[0Ktravis_fold:end:cache.2[0K
Done. Your build exited with 1.
