Using worker: worker-linux-docker-fb890f02.prod.travis-ci.org:travis-linux-5

travis_fold:start:system_info[0K[33;1mBuild system information[0m
Build language: java
[34m[1mBuild image provisioning date and time[0m
Thu Feb  5 15:09:33 UTC 2015
[34m[1mOperating System Details[0m
Distributor ID:	Ubuntu
Description:	Ubuntu 12.04.5 LTS
Release:	12.04
Codename:	precise
[34m[1mLinux Version[0m
3.13.0-29-generic
[34m[1mCookbooks Version[0m
a68419e https://github.com/travis-ci/travis-cookbooks/tree/a68419e
[34m[1mGCC version[0m
gcc (Ubuntu/Linaro 4.6.3-1ubuntu5) 4.6.3
Copyright (C) 2011 Free Software Foundation, Inc.
This is free software; see the source for copying conditions.  There is NO
warranty; not even for MERCHANTABILITY or FITNESS FOR A PARTICULAR PURPOSE.

[34m[1mLLVM version[0m
clang version 3.4 (tags/RELEASE_34/final)
Target: x86_64-unknown-linux-gnu
Thread model: posix
[34m[1mPre-installed Ruby versions[0m
ruby-1.9.3-p551
[34m[1mPre-installed Node.js versions[0m
v0.10.36
[34m[1mPre-installed Go versions[0m
1.4.1
[34m[1mRedis version[0m
redis-server 2.8.19
[34m[1mriak version[0m
2.0.2
[34m[1mMongoDB version[0m
MongoDB 2.4.12
[34m[1mCouchDB version[0m
couchdb 1.6.1
[34m[1mNeo4j version[0m
1.9.4
[34m[1mRabbitMQ Version[0m
3.4.3
[34m[1mElasticSearch version[0m
1.4.0
[34m[1mInstalled Sphinx versions[0m
2.0.10
2.1.9
2.2.6
[34m[1mDefault Sphinx version[0m
2.2.6
[34m[1mInstalled Firefox version[0m
firefox 31.0esr
[34m[1mPhantomJS version[0m
1.9.8
[34m[1mant -version[0m
Apache Ant(TM) version 1.8.2 compiled on December 3 2011
[34m[1mmvn -version[0m
Apache Maven 3.2.5 (12a6b3acb947671f09b81f49094c53f426d8cea1; 2014-12-14T17:29:23+00:00)
Maven home: /usr/local/maven
Java version: 1.7.0_76, vendor: Oracle Corporation
Java home: /usr/lib/jvm/java-7-oracle/jre
Default locale: en_US, platform encoding: ANSI_X3.4-1968
OS name: "linux", version: "3.13.0-29-generic", arch: "amd64", family: "unix"
travis_fold:end:system_info[0K
travis_fold:start:git.checkout[0Ktravis_time:start:16c3ce24[0K$ git clone --depth=50 --branch=issue/DATAJPA-765 https://github.com/spring-projects/spring-data-jpa.git spring-projects/spring-data-jpa
Cloning into 'spring-projects/spring-data-jpa'...
remote: Counting objects: 1072, done.[K
remote: Compressing objects:   0% (1/606)   [Kremote: Compressing objects:   1% (7/606)   [Kremote: Compressing objects:   2% (13/606)   [Kremote: Compressing objects:   3% (19/606)   [Kremote: Compressing objects:   4% (25/606)   [Kremote: Compressing objects:   5% (31/606)   [Kremote: Compressing objects:   6% (37/606)   [Kremote: Compressing objects:   7% (43/606)   [Kremote: Compressing objects:   8% (49/606)   [Kremote: Compressing objects:   9% (55/606)   [Kremote: Compressing objects:  10% (61/606)   [Kremote: Compressing objects:  11% (67/606)   [Kremote: Compressing objects:  12% (73/606)   [Kremote: Compressing objects:  13% (79/606)   [Kremote: Compressing objects:  14% (85/606)   [Kremote: Compressing objects:  15% (91/606)   [Kremote: Compressing objects:  16% (97/606)   [Kremote: Compressing objects:  17% (104/606)   [Kremote: Compressing objects:  18% (110/606)   [Kremote: Compressing objects:  19% (116/606)   [Kremote: Compressing objects:  20% (122/606)   [Kremote: Compressing objects:  21% (128/606)   [Kremote: Compressing objects:  22% (134/606)   [Kremote: Compressing objects:  23% (140/606)   [Kremote: Compressing objects:  24% (146/606)   [Kremote: Compressing objects:  25% (152/606)   [Kremote: Compressing objects:  26% (158/606)   [Kremote: Compressing objects:  27% (164/606)   [Kremote: Compressing objects:  28% (170/606)   [Kremote: Compressing objects:  29% (176/606)   [Kremote: Compressing objects:  30% (182/606)   [Kremote: Compressing objects:  31% (188/606)   [Kremote: Compressing objects:  32% (194/606)   [Kremote: Compressing objects:  33% (200/606)   [Kremote: Compressing objects:  34% (207/606)   [Kremote: Compressing objects:  35% (213/606)   [Kremote: Compressing objects:  36% (219/606)   [Kremote: Compressing objects:  37% (225/606)   [Kremote: Compressing objects:  38% (231/606)   [Kremote: Compressing objects:  39% (237/606)   [Kremote: Compressing objects:  40% (243/606)   [Kremote: Compressing objects:  41% (249/606)   [Kremote: Compressing objects:  42% (255/606)   [Kremote: Compressing objects:  43% (261/606)   [Kremote: Compressing objects:  44% (267/606)   [Kremote: Compressing objects:  45% (273/606)   [Kremote: Compressing objects:  46% (279/606)   [Kremote: Compressing objects:  47% (285/606)   [Kremote: Compressing objects:  48% (291/606)   [Kremote: Compressing objects:  49% (297/606)   [Kremote: Compressing objects:  50% (303/606)   [Kremote: Compressing objects:  51% (310/606)   [Kremote: Compressing objects:  52% (316/606)   [Kremote: Compressing objects:  53% (322/606)   [Kremote: Compressing objects:  54% (328/606)   [Kremote: Compressing objects:  55% (334/606)   [Kremote: Compressing objects:  56% (340/606)   [Kremote: Compressing objects:  57% (346/606)   [Kremote: Compressing objects:  58% (352/606)   [Kremote: Compressing objects:  59% (358/606)   [Kremote: Compressing objects:  60% (364/606)   [Kremote: Compressing objects:  61% (370/606)   [Kremote: Compressing objects:  62% (376/606)   [Kremote: Compressing objects:  63% (382/606)   [Kremote: Compressing objects:  64% (388/606)   [Kremote: Compressing objects:  65% (394/606)   [Kremote: Compressing objects:  66% (400/606)   [Kremote: Compressing objects:  67% (407/606)   [Kremote: Compressing objects:  68% (413/606)   [Kremote: Compressing objects:  69% (419/606)   [Kremote: Compressing objects:  70% (425/606)   [Kremote: Compressing objects:  71% (431/606)   [Kremote: Compressing objects:  72% (437/606)   [Kremote: Compressing objects:  73% (443/606)   [Kremote: Compressing objects:  74% (449/606)   [Kremote: Compressing objects:  75% (455/606)   [Kremote: Compressing objects:  76% (461/606)   [Kremote: Compressing objects:  77% (467/606)   [Kremote: Compressing objects:  78% (473/606)   [Kremote: Compressing objects:  79% (479/606)   [Kremote: Compressing objects:  80% (485/606)   [Kremote: Compressing objects:  81% (491/606)   [Kremote: Compressing objects:  82% (497/606)   [Kremote: Compressing objects:  83% (503/606)   [Kremote: Compressing objects:  84% (510/606)   [Kremote: Compressing objects:  85% (516/606)   [Kremote: Compressing objects:  86% (522/606)   [Kremote: Compressing objects:  87% (528/606)   [Kremote: Compressing objects:  88% (534/606)   [Kremote: Compressing objects:  89% (540/606)   [Kremote: Compressing objects:  90% (546/606)   [Kremote: Compressing objects:  91% (552/606)   [Kremote: Compressing objects:  92% (558/606)   [Kremote: Compressing objects:  93% (564/606)   [Kremote: Compressing objects:  94% (570/606)   [Kremote: Compressing objects:  95% (576/606)   [Kremote: Compressing objects:  96% (582/606)   [Kremote: Compressing objects:  97% (588/606)   [Kremote: Compressing objects:  98% (594/606)   [Kremote: Compressing objects:  99% (600/606)   [Kremote: Compressing objects: 100% (606/606)   [Kremote: Compressing objects: 100% (606/606), done.[K
Receiving objects:   0% (1/1072)   Receiving objects:   1% (11/1072)   Receiving objects:   2% (22/1072)   Receiving objects:   3% (33/1072)   Receiving objects:   4% (43/1072)   Receiving objects:   5% (54/1072)   Receiving objects:   6% (65/1072)   Receiving objects:   7% (76/1072)   Receiving objects:   8% (86/1072)   Receiving objects:   9% (97/1072)   Receiving objects:  10% (108/1072)   Receiving objects:  11% (118/1072)   Receiving objects:  12% (129/1072)   Receiving objects:  13% (140/1072)   Receiving objects:  14% (151/1072)   Receiving objects:  15% (161/1072)   Receiving objects:  16% (172/1072)   Receiving objects:  17% (183/1072)   Receiving objects:  18% (193/1072)   Receiving objects:  19% (204/1072)   Receiving objects:  20% (215/1072)   Receiving objects:  21% (226/1072)   Receiving objects:  22% (236/1072)   Receiving objects:  23% (247/1072)   Receiving objects:  24% (258/1072)   Receiving objects:  25% (268/1072)   Receiving objects:  26% (279/1072)   Receiving objects:  27% (290/1072)   Receiving objects:  28% (301/1072)   Receiving objects:  29% (311/1072)   Receiving objects:  30% (322/1072)   Receiving objects:  31% (333/1072)   Receiving objects:  32% (344/1072)   Receiving objects:  33% (354/1072)   Receiving objects:  34% (365/1072)   Receiving objects:  35% (376/1072)   Receiving objects:  36% (386/1072)   Receiving objects:  37% (397/1072)   Receiving objects:  38% (408/1072)   Receiving objects:  39% (419/1072)   Receiving objects:  40% (429/1072)   Receiving objects:  41% (440/1072)   Receiving objects:  42% (451/1072)   Receiving objects:  43% (461/1072)   Receiving objects:  44% (472/1072)   Receiving objects:  45% (483/1072)   Receiving objects:  46% (494/1072)   remote: Total 1072 (delta 473), reused 726 (delta 264), pack-reused 0[K
Receiving objects:  47% (504/1072)   Receiving objects:  48% (515/1072)   Receiving objects:  49% (526/1072)   Receiving objects:  50% (536/1072)   Receiving objects:  51% (547/1072)   Receiving objects:  52% (558/1072)   Receiving objects:  53% (569/1072)   Receiving objects:  54% (579/1072)   Receiving objects:  55% (590/1072)   Receiving objects:  56% (601/1072)   Receiving objects:  57% (612/1072)   Receiving objects:  58% (622/1072)   Receiving objects:  59% (633/1072)   Receiving objects:  60% (644/1072)   Receiving objects:  61% (654/1072)   Receiving objects:  62% (665/1072)   Receiving objects:  63% (676/1072)   Receiving objects:  64% (687/1072)   Receiving objects:  65% (697/1072)   Receiving objects:  66% (708/1072)   Receiving objects:  67% (719/1072)   Receiving objects:  68% (729/1072)   Receiving objects:  69% (740/1072)   Receiving objects:  70% (751/1072)   Receiving objects:  71% (762/1072)   Receiving objects:  72% (772/1072)   Receiving objects:  73% (783/1072)   Receiving objects:  74% (794/1072)   Receiving objects:  75% (804/1072)   Receiving objects:  76% (815/1072)   Receiving objects:  77% (826/1072)   Receiving objects:  78% (837/1072)   Receiving objects:  79% (847/1072)   Receiving objects:  80% (858/1072)   Receiving objects:  81% (869/1072)   Receiving objects:  82% (880/1072)   Receiving objects:  83% (890/1072)   Receiving objects:  84% (901/1072)   Receiving objects:  85% (912/1072)   Receiving objects:  86% (922/1072)   Receiving objects:  87% (933/1072)   Receiving objects:  88% (944/1072)   Receiving objects:  89% (955/1072)   Receiving objects:  90% (965/1072)   Receiving objects:  91% (976/1072)   Receiving objects:  92% (987/1072)   Receiving objects:  93% (997/1072)   Receiving objects:  94% (1008/1072)   Receiving objects:  95% (1019/1072)   Receiving objects:  96% (1030/1072)   Receiving objects:  97% (1040/1072)   Receiving objects:  98% (1051/1072)   Receiving objects:  99% (1062/1072)   Receiving objects: 100% (1072/1072)   Receiving objects: 100% (1072/1072), 393.63 KiB | 0 bytes/s, done.
Resolving deltas:   0% (0/473)   Resolving deltas:  10% (49/473)   Resolving deltas:  13% (64/473)   Resolving deltas:  14% (67/473)   Resolving deltas:  16% (77/473)   Resolving deltas:  17% (81/473)   Resolving deltas:  19% (90/473)   Resolving deltas:  20% (95/473)   Resolving deltas:  23% (112/473)   Resolving deltas:  26% (123/473)   Resolving deltas:  29% (141/473)   Resolving deltas:  30% (144/473)   Resolving deltas:  31% (149/473)   Resolving deltas:  32% (152/473)   Resolving deltas:  34% (164/473)   Resolving deltas:  35% (166/473)   Resolving deltas:  36% (175/473)   Resolving deltas:  37% (178/473)   Resolving deltas:  38% (183/473)   Resolving deltas:  39% (185/473)   Resolving deltas:  40% (190/473)   Resolving deltas:  41% (195/473)   Resolving deltas:  42% (202/473)   Resolving deltas:  43% (204/473)   Resolving deltas:  45% (215/473)   Resolving deltas:  46% (218/473)   Resolving deltas:  48% (228/473)   Resolving deltas:  49% (235/473)   Resolving deltas:  50% (237/473)   Resolving deltas:  52% (247/473)   Resolving deltas:  53% (252/473)   Resolving deltas:  54% (258/473)   Resolving deltas:  55% (262/473)   Resolving deltas:  56% (267/473)   Resolving deltas:  57% (274/473)   Resolving deltas:  58% (275/473)   Resolving deltas:  59% (280/473)   Resolving deltas:  60% (286/473)   Resolving deltas:  64% (306/473)   Resolving deltas:  65% (309/473)   Resolving deltas:  66% (314/473)   Resolving deltas:  67% (317/473)   Resolving deltas:  70% (334/473)   Resolving deltas:  71% (337/473)   Resolving deltas:  76% (361/473)   Resolving deltas:  77% (365/473)   Resolving deltas:  78% (370/473)   Resolving deltas:  79% (374/473)   Resolving deltas:  80% (381/473)   Resolving deltas:  81% (384/473)   Resolving deltas:  82% (388/473)   Resolving deltas:  83% (393/473)   Resolving deltas:  84% (402/473)   Resolving deltas:  85% (403/473)   Resolving deltas:  86% (408/473)   Resolving deltas:  87% (412/473)   Resolving deltas:  88% (417/473)   Resolving deltas:  89% (421/473)   Resolving deltas:  90% (428/473)   Resolving deltas:  91% (433/473)   Resolving deltas:  93% (444/473)   Resolving deltas:  94% (445/473)   Resolving deltas:  95% (452/473)   Resolving deltas:  97% (460/473)   Resolving deltas:  98% (467/473)   Resolving deltas:  99% (469/473)   Resolving deltas: 100% (473/473)   Resolving deltas: 100% (473/473), done.
Checking connectivity... done.
travis_time:end:16c3ce24:start=1447694690739211062,finish=1447694692688146324,duration=1948935262[0K$ cd spring-projects/spring-data-jpa
$ git checkout -qf 081d67aa2fb8402b54acb823876c40391b219c02
travis_fold:end:git.checkout[0K
[33;1mThis job is running on container-based infrastructure, which does not allow use of 'sudo', setuid and setguid executables.[0m
[33;1mIf you require sudo, add 'sudo: required' to your .travis.yml[0m
[33;1mSee http://docs.travis-ci.com/user/workers/container-based-infrastructure/ for details.[0m

[33;1mSetting environment variables from .travis.yml[0m
$ export PROFILE=querydsl-next

travis_fold:start:cache.1[0KSetting up build cache
$ export CASHER_DIR=$HOME/.casher
travis_time:start:13a0875e[0K$ Installing caching utilities
travis_time:end:13a0875e:start=1447694695078736862,finish=1447694695159244193,duration=80507331[0Ktravis_time:start:07fbe6d2[0Ktravis_time:end:07fbe6d2:start=1447694695164299002,finish=1447694695167506427,duration=3207425[0Ktravis_time:start:0b823e60[0Kattempting to download cache archive
fetching issueDATAJPA-765/cache--jdk-oraclejdk8.tgz
found cache
travis_time:end:0b823e60:start=1447694695171307221,finish=1447694698678786145,duration=3507478924[0Ktravis_time:start:08886bfc[0Ktravis_time:end:08886bfc:start=1447694698683696728,finish=1447694698686981183,duration=3284455[0Ktravis_time:start:00780cd0[0Kadding /home/travis/.m2 to cache
travis_time:end:00780cd0:start=1447694698690372781,finish=1447694703219639515,duration=4529266734[0Ktravis_fold:end:cache.1[0K$ jdk_switcher use oraclejdk8
Switching to Oracle JDK8 (java-8-oracle), JAVA_HOME will be set to /usr/lib/jvm/java-8-oracle
$ java -Xmx32m -version
java version "1.8.0_31"
Java(TM) SE Runtime Environment (build 1.8.0_31-b13)
Java HotSpot(TM) 64-Bit Server VM (build 25.31-b07, mixed mode)
$ javac -J-Xmx32m -version
javac 1.8.0_31
travis_fold:start:install[0Ktravis_time:start:0325b0ce[0K$ true
travis_time:end:0325b0ce:start=1447694703672015715,finish=1447694703675727141,duration=3711426[0Ktravis_fold:end:install[0Ktravis_time:start:1f7dfdad[0K$ mvn clean dependency:list test -P${PROFILE} -Dsort
Java HotSpot(TM) 64-Bit Server VM warning: ignoring option MaxPermSize=192m; support was removed in 8.0
[INFO] Scanning for projects...
Downloading: https://nexus.codehaus.org/snapshots/org/springframework/data/build/spring-data-parent/1.8.0.BUILD-SNAPSHOT/maven-metadata.xml
Downloading: https://repository.apache.org/snapshots/org/springframework/data/build/spring-data-parent/1.8.0.BUILD-SNAPSHOT/maven-metadata.xml
[WARNING] Could not transfer metadata org.springframework.data.build:spring-data-parent:1.8.0.BUILD-SNAPSHOT/maven-metadata.xml from/to codehaus-snapshots (https://nexus.codehaus.org/snapshots/): nexus.codehaus.org: unknown error
Downloading: http://oss.sonatype.org/content/repositories/snapshots/org/springframework/data/build/spring-data-build/1.8.0.BUILD-SNAPSHOT/maven-metadata.xml
Downloading: https://repository.apache.org/snapshots/org/springframework/data/build/spring-data-build/1.8.0.BUILD-SNAPSHOT/maven-metadata.xml
Downloading: https://nexus.codehaus.org/snapshots/org/springframework/data/build/spring-data-build/1.8.0.BUILD-SNAPSHOT/maven-metadata.xml
[WARNING] Could not transfer metadata org.springframework.data.build:spring-data-build:1.8.0.BUILD-SNAPSHOT/maven-metadata.xml from/to codehaus-snapshots (https://nexus.codehaus.org/snapshots/): nexus.codehaus.org
[WARNING] Failure to transfer org.springframework.data.build:spring-data-parent:1.8.0.BUILD-SNAPSHOT/maven-metadata.xml from https://nexus.codehaus.org/snapshots/ was cached in the local repository, resolution will not be reattempted until the update interval of codehaus-snapshots has elapsed or updates are forced. Original error: Could not transfer metadata org.springframework.data.build:spring-data-parent:1.8.0.BUILD-SNAPSHOT/maven-metadata.xml from/to codehaus-snapshots (https://nexus.codehaus.org/snapshots/): nexus.codehaus.org: unknown error
Downloading: http://oss.sonatype.org/content/repositories/snapshots/org/springframework/data/build/spring-data-parent/1.8.0.BUILD-SNAPSHOT/maven-metadata.xml
[WARNING] Failure to transfer org.springframework.data.build:spring-data-build:1.8.0.BUILD-SNAPSHOT/maven-metadata.xml from https://nexus.codehaus.org/snapshots/ was cached in the local repository, resolution will not be reattempted until the update interval of codehaus-snapshots has elapsed or updates are forced. Original error: Could not transfer metadata org.springframework.data.build:spring-data-build:1.8.0.BUILD-SNAPSHOT/maven-metadata.xml from/to codehaus-snapshots (https://nexus.codehaus.org/snapshots/): nexus.codehaus.org
[INFO]                                                                         
[INFO] ------------------------------------------------------------------------
[INFO] Building Spring Data JPA 1.10.0.BUILD-SNAPSHOT
[INFO] ------------------------------------------------------------------------
Downloading: https://repository.apache.org/snapshots/org/springframework/data/spring-data-commons/1.12.0.DATACMNS-670-SNAPSHOT/maven-metadata.xml
Downloading: https://nexus.codehaus.org/snapshots/org/springframework/data/spring-data-commons/1.12.0.DATACMNS-670-SNAPSHOT/maven-metadata.xml
Downloading: http://oss.sonatype.org/content/repositories/snapshots/org/springframework/data/spring-data-commons/1.12.0.DATACMNS-670-SNAPSHOT/maven-metadata.xml
[WARNING] Could not transfer metadata org.springframework.data:spring-data-commons:1.12.0.DATACMNS-670-SNAPSHOT/maven-metadata.xml from/to codehaus-snapshots (https://nexus.codehaus.org/snapshots/): nexus.codehaus.org
[WARNING] Failure to transfer org.springframework.data:spring-data-commons:1.12.0.DATACMNS-670-SNAPSHOT/maven-metadata.xml from https://nexus.codehaus.org/snapshots/ was cached in the local repository, resolution will not be reattempted until the update interval of codehaus-snapshots has elapsed or updates are forced. Original error: Could not transfer metadata org.springframework.data:spring-data-commons:1.12.0.DATACMNS-670-SNAPSHOT/maven-metadata.xml from/to codehaus-snapshots (https://nexus.codehaus.org/snapshots/): nexus.codehaus.org
[WARNING] Failure to transfer org.springframework.data.build:spring-data-parent:1.8.0.BUILD-SNAPSHOT/maven-metadata.xml from https://nexus.codehaus.org/snapshots/ was cached in the local repository, resolution will not be reattempted until the update interval of codehaus-snapshots has elapsed or updates are forced. Original error: Could not transfer metadata org.springframework.data.build:spring-data-parent:1.8.0.BUILD-SNAPSHOT/maven-metadata.xml from/to codehaus-snapshots (https://nexus.codehaus.org/snapshots/): nexus.codehaus.org: unknown error
[WARNING] Failure to transfer org.springframework.data.build:spring-data-build:1.8.0.BUILD-SNAPSHOT/maven-metadata.xml from https://nexus.codehaus.org/snapshots/ was cached in the local repository, resolution will not be reattempted until the update interval of codehaus-snapshots has elapsed or updates are forced. Original error: Could not transfer metadata org.springframework.data.build:spring-data-build:1.8.0.BUILD-SNAPSHOT/maven-metadata.xml from/to codehaus-snapshots (https://nexus.codehaus.org/snapshots/): nexus.codehaus.org
Downloading: http://repo.maven.apache.org/maven2/org/javassist/javassist/3.18.2-GA/javassist-3.18.2-GA.jar
4/698 KB   8/698 KB   12/698 KB   13/698 KB   16/698 KB   20/698 KB   24/698 KB   28/698 KB   32/698 KB   36/698 KB   40/698 KB   44/698 KB   48/698 KB   52/698 KB   56/698 KB   60/698 KB   64/698 KB   68/698 KB   72/698 KB   76/698 KB   80/698 KB   82/698 KB   86/698 KB   90/698 KB   94/698 KB   98/698 KB   102/698 KB   106/698 KB   110/698 KB   114/698 KB   118/698 KB   122/698 KB   126/698 KB   130/698 KB   134/698 KB   138/698 KB   142/698 KB   146/698 KB   150/698 KB   154/698 KB   158/698 KB   162/698 KB   166/698 KB   170/698 KB   174/698 KB   178/698 KB   182/698 KB   186/698 KB   190/698 KB   194/698 KB   198/698 KB   202/698 KB   206/698 KB   210/698 KB   214/698 KB   218/698 KB   222/698 KB   226/698 KB   230/698 KB   234/698 KB   238/698 KB   242/698 KB   246/698 KB   250/698 KB   254/698 KB   258/698 KB   262/698 KB   266/698 KB   270/698 KB   274/698 KB   278/698 KB   282/698 KB   286/698 KB   290/698 KB   294/698 KB   298/698 KB   302/698 KB   306/698 KB   310/698 KB   314/698 KB   318/698 KB   322/698 KB   326/698 KB   330/698 KB   334/698 KB   338/698 KB   342/698 KB   346/698 KB   350/698 KB   354/698 KB   358/698 KB   362/698 KB   366/698 KB   370/698 KB   374/698 KB   378/698 KB   382/698 KB   386/698 KB   390/698 KB   394/698 KB   398/698 KB   402/698 KB   406/698 KB   410/698 KB   414/698 KB   418/698 KB   422/698 KB   426/698 KB   430/698 KB   434/698 KB   438/698 KB   442/698 KB   446/698 KB   450/698 KB   454/698 KB   458/698 KB   462/698 KB   466/698 KB   470/698 KB   474/698 KB   478/698 KB   482/698 KB   486/698 KB   490/698 KB   494/698 KB   498/698 KB   502/698 KB   506/698 KB   510/698 KB   514/698 KB   518/698 KB   522/698 KB   526/698 KB   530/698 KB   534/698 KB   538/698 KB   542/698 KB   546/698 KB   550/698 KB   554/698 KB   558/698 KB   562/698 KB   566/698 KB   570/698 KB   574/698 KB   578/698 KB   582/698 KB   586/698 KB   590/698 KB   594/698 KB   598/698 KB   602/698 KB   606/698 KB   610/698 KB   614/698 KB   618/698 KB   622/698 KB   626/698 KB   630/698 KB   634/698 KB   638/698 KB   642/698 KB   646/698 KB   650/698 KB   654/698 KB   658/698 KB   662/698 KB   666/698 KB   670/698 KB   674/698 KB   678/698 KB   682/698 KB   686/698 KB   690/698 KB   694/698 KB   698/698 KB   698/698 KB                Downloaded: http://repo.maven.apache.org/maven2/org/javassist/javassist/3.18.2-GA/javassist-3.18.2-GA.jar (698 KB at 4683.1 KB/sec)
[INFO] 
[INFO] --- maven-clean-plugin:2.5:clean (default-clean) @ spring-data-jpa ---
[INFO] 
[INFO] --- maven-dependency-plugin:2.10:list (default-cli) @ spring-data-jpa ---
[INFO] 
[INFO] The following files have been resolved:
[INFO]    antlr:antlr:jar:2.7.6:compile
[INFO]    aopalliance:aopalliance:jar:1.0:compile
[INFO]    asm:asm:jar:3.1:compile
[INFO]    cglib:cglib:jar:2.2:compile
[INFO]    ch.qos.logback:logback-classic:jar:1.1.3:test
[INFO]    ch.qos.logback:logback-core:jar:1.1.3:test
[INFO]    com.google.code.findbugs:annotations:jar:2.0.1:provided
[INFO]    com.google.code.findbugs:jsr305:jar:1.3.9:compile
[INFO]    com.google.guava:guava:jar:17.0:test
[INFO]    com.infradna.tool:bridge-method-annotation:jar:1.13:compile
[INFO]    com.mysema.codegen:codegen:jar:0.6.6:provided
[INFO]    com.mysema.commons:mysema-commons-lang:jar:0.2.4:compile
[INFO]    com.querydsl:querydsl-apt:jar:4.0.0:provided
[INFO]    com.querydsl:querydsl-codegen:jar:4.0.0:provided
[INFO]    com.querydsl:querydsl-core:jar:4.0.0:compile
[INFO]    com.querydsl:querydsl-jpa:jar:4.0.0:compile
[INFO]    commons-collections:commons-collections:jar:3.1:compile
[INFO]    commons-lang:commons-lang:jar:2.4:compile
[INFO]    commons-pool:commons-pool:jar:1.5.4:compile
[INFO]    dom4j:dom4j:jar:1.6.1:compile
[INFO]    javassist:javassist:jar:3.12.0.GA:compile
[INFO]    javax.annotation:jsr250-api:jar:1.0:provided
[INFO]    javax.el:el-api:jar:1.0:test
[INFO]    javax.enterprise:cdi-api:jar:1.0:provided
[INFO]    javax.inject:javax.inject:jar:1:provided
[INFO]    javax.servlet:javax.servlet-api:jar:3.0.1:test
[INFO]    javax.transaction:jta:jar:1.1:compile
[INFO]    joda-time:joda-time:jar:2.8.2:compile
[INFO]    junit:junit:jar:4.12:test
[INFO]    net.sourceforge.serp:serp:jar:1.15.1:compile
[INFO]    org.apache.geronimo.specs:geronimo-atinject_1.0_spec:jar:1.0:test
[INFO]    org.apache.geronimo.specs:geronimo-jcdi_1.0_spec:jar:1.0:test
[INFO]    org.apache.geronimo.specs:geronimo-jms_1.1_spec:jar:1.1.1:compile
[INFO]    org.apache.geronimo.specs:geronimo-jpa_2.0_spec:jar:1.1:compile
[INFO]    org.apache.geronimo.specs:geronimo-jta_1.1_spec:jar:1.1.1:compile
[INFO]    org.apache.openjpa:openjpa-jdbc:jar:2.4.0:compile
[INFO]    org.apache.openjpa:openjpa-kernel:jar:2.4.0:compile
[INFO]    org.apache.openjpa:openjpa-lib:jar:2.4.0:compile
[INFO]    org.apache.openjpa:openjpa-persistence-jdbc:jar:2.4.0:compile
[INFO]    org.apache.openjpa:openjpa-persistence:jar:2.4.0:compile
[INFO]    org.apache.openwebbeans.test:cditest-owb:jar:1.2.8:test
[INFO]    org.apache.openwebbeans.test:cditest:jar:1.2.8:test
[INFO]    org.apache.openwebbeans:openwebbeans-impl:jar:1.2.8:test
[INFO]    org.apache.openwebbeans:openwebbeans-spi:jar:1.2.8:test
[INFO]    org.apache.xbean:xbean-asm5-shaded:jar:4.1:compile
[INFO]    org.apache.xbean:xbean-finder-shaded:jar:4.1:test
[INFO]    org.aspectj:aspectjrt:jar:1.8.6:compile
[INFO]    org.aspectj:aspectjweaver:jar:1.8.6:test
[INFO]    org.eclipse.jdt.core.compiler:ecj:jar:4.3.1:provided
[INFO]    org.eclipse.persistence:javax.persistence:jar:2.1.0:compile
[INFO]    org.eclipse.persistence:org.eclipse.persistence.antlr:jar:2.6.1:compile
[INFO]    org.eclipse.persistence:org.eclipse.persistence.asm:jar:2.6.1:compile
[INFO]    org.eclipse.persistence:org.eclipse.persistence.core:jar:2.6.1:compile
[INFO]    org.eclipse.persistence:org.eclipse.persistence.jpa.jpql:jar:2.6.1:compile
[INFO]    org.eclipse.persistence:org.eclipse.persistence.jpa:jar:2.6.1:compile
[INFO]    org.glassfish:javax.json:jar:1.0.4:compile
[INFO]    org.hamcrest:hamcrest-core:jar:1.3:test
[INFO]    org.hamcrest:hamcrest-library:jar:1.3:test
[INFO]    org.hibernate.javax.persistence:hibernate-jpa-2.0-api:jar:1.0.1.Final:compile
[INFO]    org.hibernate:hibernate-commons-annotations:jar:3.2.0.Final:compile
[INFO]    org.hibernate:hibernate-core:jar:3.6.10.Final:compile
[INFO]    org.hibernate:hibernate-entitymanager:jar:3.6.10.Final:compile
[INFO]    org.hsqldb:hsqldb:jar:2.2.8:test
[INFO]    org.javassist:javassist:jar:3.18.2-GA:provided
[INFO]    org.jboss.interceptor:jboss-interceptor-api:jar:1.1:provided
[INFO]    org.mockito:mockito-core:jar:1.10.19:test
[INFO]    org.objenesis:objenesis:jar:2.1:test
[INFO]    org.reflections:reflections:jar:0.9.9:provided
[INFO]    org.slf4j:jcl-over-slf4j:jar:1.7.12:runtime
[INFO]    org.slf4j:slf4j-api:jar:1.7.12:compile
[INFO]    org.springframework.data:spring-data-commons:jar:1.12.0.DATACMNS-670-SNAPSHOT:compile
[INFO]    org.springframework:spring-aop:jar:4.1.8.RELEASE:compile
[INFO]    org.springframework:spring-aspects:jar:4.1.8.RELEASE:compile
[INFO]    org.springframework:spring-beans:jar:4.1.8.RELEASE:compile
[INFO]    org.springframework:spring-context:jar:4.1.8.RELEASE:compile
[INFO]    org.springframework:spring-core:jar:4.1.8.RELEASE:compile
[INFO]    org.springframework:spring-expression:jar:4.1.8.RELEASE:compile
[INFO]    org.springframework:spring-instrument:jar:4.1.8.RELEASE:provided
[INFO]    org.springframework:spring-jdbc:jar:4.1.8.RELEASE:compile
[INFO]    org.springframework:spring-orm:jar:4.1.8.RELEASE:compile
[INFO]    org.springframework:spring-test:jar:4.1.8.RELEASE:test
[INFO]    org.springframework:spring-tx:jar:4.1.8.RELEASE:compile
[INFO]    org.threeten:threetenbp:jar:1.3:compile
[INFO] 
[INFO] 
[INFO] --- apt-maven-plugin:1.1.3:process (sources) @ spring-data-jpa ---
[INFO] 
[INFO] --- maven-resources-plugin:2.6:resources (default-resources) @ spring-data-jpa ---
[INFO] Using 'UTF-8' encoding to copy filtered resources.
[INFO] Copying 13 resources
[INFO] 
[INFO] --- maven-compiler-plugin:3.3:compile (default-compile) @ spring-data-jpa ---
[INFO] Changes detected - recompiling the module!
[INFO] Compiling 100 source files to /home/travis/build/spring-projects/spring-data-jpa/target/classes
[INFO] /home/travis/build/spring-projects/spring-data-jpa/target/generated-sources/annotations/org/springframework/data/jpa/domain/QAbstractPersistable.java: Some input files use unchecked or unsafe operations.
[INFO] /home/travis/build/spring-projects/spring-data-jpa/target/generated-sources/annotations/org/springframework/data/jpa/domain/QAbstractPersistable.java: Recompile with -Xlint:unchecked for details.
[INFO] 
[INFO] --- com.springsource.bundlor.maven:1.0.0.RELEASE:bundlor (bundlor) @ spring-data-jpa ---
Manifest written to '/home/travis/build/spring-projects/spring-data-jpa/target/classes/META-INF/MANIFEST.MF'
[INFO] 
[INFO] --- aspectj-maven-plugin:1.6:compile (default) @ spring-data-jpa ---
[INFO] 
[INFO] --- apt-maven-plugin:1.1.3:test-process (test-sources) @ spring-data-jpa ---
[INFO] 
[INFO] --- maven-resources-plugin:2.6:testResources (default-testResources) @ spring-data-jpa ---
[INFO] Using 'UTF-8' encoding to copy filtered resources.
[INFO] Copying 33 resources
[INFO] 
[INFO] --- maven-compiler-plugin:3.3:testCompile (default-testCompile) @ spring-data-jpa ---
[INFO] Changes detected - recompiling the module!
[INFO] Compiling 304 source files to /home/travis/build/spring-projects/spring-data-jpa/target/test-classes
[INFO] 
[INFO] --- maven-surefire-plugin:2.12:test (default-test) @ spring-data-jpa ---
[INFO] Surefire report directory: /home/travis/build/spring-projects/spring-data-jpa/target/surefire-reports

-------------------------------------------------------
 T E S T S
-------------------------------------------------------

Results :

Tests run: 0, Failures: 0, Errors: 0, Skipped: 0

[INFO] 
[INFO] --- maven-surefire-plugin:2.12:test (unit-tests) @ spring-data-jpa ---
[INFO] Surefire report directory: /home/travis/build/spring-projects/spring-data-jpa/target/surefire-reports

-------------------------------------------------------
 T E S T S
-------------------------------------------------------
Running org.springframework.data.jpa.repository.support.DefaultJpaContextUnitTests
Tests run: 2, Failures: 0, Errors: 0, Skipped: 0, Time elapsed: 0.169 sec
Running org.springframework.data.jpa.repository.support.JpaEntityInformationSupportUnitTests
Tests run: 2, Failures: 0, Errors: 0, Skipped: 0, Time elapsed: 0.562 sec
Running org.springframework.data.jpa.repository.support.EntityManagerBeanDefinitionRegistratPostProcessorUnitTests
Tests run: 1, Failures: 0, Errors: 0, Skipped: 0, Time elapsed: 0.599 sec
Running org.springframework.data.jpa.repository.support.JpaRepositoryFactoryBeanUnitTests
Tests run: 4, Failures: 0, Errors: 0, Skipped: 0, Time elapsed: 0.214 sec
Running org.springframework.data.jpa.repository.support.SimpleJpaRepositoryUnitTests
Tests run: 3, Failures: 0, Errors: 0, Skipped: 0, Time elapsed: 0.606 sec
Running org.springframework.data.jpa.repository.support.JpaRepositoryFactoryUnitTests
Tests run: 9, Failures: 0, Errors: 0, Skipped: 0, Time elapsed: 0.92 sec
Running org.springframework.data.jpa.repository.support.JpaPersistableEntityInformationUnitTests
Tests run: 1, Failures: 0, Errors: 0, Skipped: 0, Time elapsed: 0.033 sec
Running org.springframework.data.jpa.repository.support.EntityManagerFactoryRefUnitTests
Tests run: 1, Failures: 0, Errors: 0, Skipped: 0, Time elapsed: 1.169 sec
Running org.springframework.data.jpa.repository.support.JpaMetamodelEntityInformationUnitTests
Tests run: 1, Failures: 0, Errors: 0, Skipped: 0, Time elapsed: 0.156 sec
Running org.springframework.data.jpa.repository.support.CrudMethodMetadataPopulatingMethodInterceptorUnitTests
Tests run: 1, Failures: 0, Errors: 0, Skipped: 0, Time elapsed: 0.024 sec
Running org.springframework.data.jpa.repository.query.SimpleJpaQueryUnitTests
Tests run: 10, Failures: 0, Errors: 0, Skipped: 0, Time elapsed: 0.407 sec
Running org.springframework.data.jpa.repository.query.ParameterBinderUnitTests
Tests run: 15, Failures: 0, Errors: 0, Skipped: 0, Time elapsed: 0.067 sec
Running org.springframework.data.jpa.repository.query.JpaQueryExecutionUnitTests
Tests run: 8, Failures: 0, Errors: 0, Skipped: 0, Time elapsed: 0.178 sec
Running org.springframework.data.jpa.repository.query.JpaQueryLookupStrategyUnitTests
Tests run: 2, Failures: 0, Errors: 0, Skipped: 0, Time elapsed: 0.082 sec
Running org.springframework.data.jpa.repository.query.JpaParametersUnitTests
Tests run: 1, Failures: 0, Errors: 0, Skipped: 0, Time elapsed: 0.005 sec
Running org.springframework.data.jpa.repository.query.ExpressionBasedStringQueryUnitTests
Tests run: 2, Failures: 0, Errors: 0, Skipped: 0, Time elapsed: 0.049 sec
Running org.springframework.data.jpa.repository.query.StringQueryUnitTests
Tests run: 20, Failures: 0, Errors: 0, Skipped: 0, Time elapsed: 0.103 sec
Running org.springframework.data.jpa.repository.query.JpaQueryMethodUnitTests
Tests run: 27, Failures: 0, Errors: 0, Skipped: 0, Time elapsed: 0.241 sec
Running org.springframework.data.jpa.repository.query.Jpa21UtilsUnitTests
Tests run: 1, Failures: 0, Errors: 0, Skipped: 0, Time elapsed: 0.026 sec
Running org.springframework.data.jpa.repository.query.LikeBindingUnitTests
Tests run: 8, Failures: 0, Errors: 0, Skipped: 0, Time elapsed: 0.019 sec
Running org.springframework.data.jpa.repository.query.StoredProcedureAttributeSourceUnitTests
Tests run: 6, Failures: 0, Errors: 0, Skipped: 0, Time elapsed: 0.091 sec
Running org.springframework.data.jpa.repository.query.StoredProcedureAttributesUnitTests
Tests run: 1, Failures: 0, Errors: 0, Skipped: 0, Time elapsed: 0.002 sec
Running org.springframework.data.jpa.repository.query.QueryUtilsUnitTests
Tests run: 27, Failures: 0, Errors: 0, Skipped: 0, Time elapsed: 0.047 sec
Running org.springframework.data.jpa.repository.query.NamedQueryUnitTests
Tests run: 2, Failures: 0, Errors: 0, Skipped: 0, Time elapsed: 0.01 sec
Running org.springframework.data.jpa.repository.cdi.JpaRepositoryExtensionUnitTests
Tests run: 3, Failures: 0, Errors: 0, Skipped: 0, Time elapsed: 0.123 sec
Running org.springframework.data.jpa.repository.config.JpaRepositoryConfigExtensionUnitTests
Tests run: 4, Failures: 0, Errors: 0, Skipped: 0, Time elapsed: 0.152 sec
Running org.springframework.data.jpa.repository.config.JpaAuditingRegistrarUnitTests
Tests run: 2, Failures: 0, Errors: 0, Skipped: 0, Time elapsed: 0.134 sec
Running org.springframework.data.jpa.repository.config.JpaRepositoriesRegistrarUnitTests
Tests run: 1, Failures: 0, Errors: 0, Skipped: 0, Time elapsed: 0.617 sec
Running org.springframework.data.jpa.repository.CrudMethodMetadataUnitTests
Tests run: 3, Failures: 0, Errors: 0, Skipped: 0, Time elapsed: 0.53 sec
Running org.springframework.data.jpa.support.MergingPersistenceUnitManagerUnitTests
Tests run: 5, Failures: 0, Errors: 0, Skipped: 0, Time elapsed: 0.098 sec
Running org.springframework.data.jpa.support.ClasspathScanningPersistenceUnitPostProcessorUnitTests
Tests run: 8, Failures: 0, Errors: 0, Skipped: 0, Time elapsed: 0.079 sec
Running org.springframework.data.jpa.domain.support.AuditingNamespaceUnitTests
Tests run: 5, Failures: 0, Errors: 0, Skipped: 0, Time elapsed: 1.85 sec
Running org.springframework.data.jpa.domain.support.AuditingBeanFactoryPostProcessorUnitTests
Tests run: 4, Failures: 0, Errors: 0, Skipped: 0, Time elapsed: 0.591 sec
Running org.springframework.data.jpa.domain.support.AnnotationAuditingBeanFactoryPostProcessorUnitTests
Tests run: 4, Failures: 0, Errors: 0, Skipped: 0, Time elapsed: 0.126 sec
Running org.springframework.data.jpa.domain.SpecificationsUnitTests
Tests run: 8, Failures: 0, Errors: 0, Skipped: 0, Time elapsed: 0.52 sec
Running org.springframework.data.jpa.mapping.JpaPersistentPropertyImplUnitTests
Tests run: 13, Failures: 0, Errors: 0, Skipped: 0, Time elapsed: 0.442 sec
Running org.springframework.data.jpa.mapping.JpaMetamodelMappingContextUnitTests
Tests run: 1, Failures: 0, Errors: 0, Skipped: 0, Time elapsed: 0.033 sec
Running org.springframework.data.jpa.provider.PersistenceProviderUnitTests
Tests run: 5, Failures: 0, Errors: 0, Skipped: 0, Time elapsed: 0.507 sec

Results :

Tests run: 221, Failures: 0, Errors: 0, Skipped: 0

[INFO] 
[INFO] --- maven-surefire-plugin:2.12:test (integration-tests) @ spring-data-jpa ---
[INFO] Surefire report directory: /home/travis/build/spring-projects/spring-data-jpa/target/surefire-reports

-------------------------------------------------------
 T E S T S
-------------------------------------------------------
Running org.springframework.data.jpa.repository.support.EntityManagerBeanDefinitionRegistrarPostProcessorIntegrationTests
Tests run: 1, Failures: 0, Errors: 0, Skipped: 0, Time elapsed: 11.446 sec
Running org.springframework.data.jpa.repository.support.TransactionalRepositoryTests
Tests run: 5, Failures: 0, Errors: 0, Skipped: 0, Time elapsed: 4.245 sec
Running org.springframework.data.jpa.repository.support.JpaMetamodelEntityInformationIntegrationTests
Tests run: 15, Failures: 0, Errors: 0, Skipped: 2, Time elapsed: 2.734 sec
Running org.springframework.data.jpa.repository.support.QueryDslJpaRepositoryTests
Tests run: 18, Failures: 0, Errors: 0, Skipped: 0, Time elapsed: 0.441 sec
Running org.springframework.data.jpa.repository.support.MailMessageRepositoryIntegrationTests
Tests run: 4, Failures: 0, Errors: 0, Skipped: 0, Time elapsed: 3.848 sec
Running org.springframework.data.jpa.repository.support.JavaConfigDefaultTransactionDisablingIntegrationTests
Tests run: 3, Failures: 0, Errors: 0, Skipped: 0, Time elapsed: 3.613 sec
Running org.springframework.data.jpa.repository.support.XmlConfigDefaultTransactionDisablingIntegrationTests
Tests run: 3, Failures: 0, Errors: 0, Skipped: 0, Time elapsed: 4.276 sec
Running org.springframework.data.jpa.repository.support.QueryDslRepositorySupportTests
Tests run: 4, Failures: 0, Errors: 0, Skipped: 0, Time elapsed: 0.216 sec
Running org.springframework.data.jpa.repository.support.QueryDslRepositorySupportIntegrationTests
Tests run: 2, Failures: 0, Errors: 0, Skipped: 0, Time elapsed: 1.23 sec
Running org.springframework.data.jpa.repository.support.JpaRepositoryTests
Tests run: 4, Failures: 0, Errors: 0, Skipped: 0, Time elapsed: 0.17 sec
Running org.springframework.data.jpa.repository.support.QuerydslIntegrationTests
Tests run: 2, Failures: 0, Errors: 2, Skipped: 0, Time elapsed: 0.061 sec <<< FAILURE!
defaultOrderingShouldNotGenerateAnNullOrderingHint(org.springframework.data.jpa.repository.support.QuerydslIntegrationTests)  Time elapsed: 0.013 sec  <<< ERROR!
java.lang.IllegalArgumentException: No joins given
	at com.querydsl.jpa.JPAQueryBase.serialize(JPAQueryBase.java:48)
	at com.querydsl.jpa.JPAQueryBase.toString(JPAQueryBase.java:215)
	at org.springframework.data.jpa.repository.support.QuerydslIntegrationTests.defaultOrderingShouldNotGenerateAnNullOrderingHint(QuerydslIntegrationTests.java:71)
	at sun.reflect.NativeMethodAccessorImpl.invoke0(Native Method)
	at sun.reflect.NativeMethodAccessorImpl.invoke(NativeMethodAccessorImpl.java:62)
	at sun.reflect.DelegatingMethodAccessorImpl.invoke(DelegatingMethodAccessorImpl.java:43)
	at java.lang.reflect.Method.invoke(Method.java:483)
	at org.junit.runners.model.FrameworkMethod$1.runReflectiveCall(FrameworkMethod.java:50)
	at org.junit.internal.runners.model.ReflectiveCallable.run(ReflectiveCallable.java:12)
	at org.junit.runners.model.FrameworkMethod.invokeExplosively(FrameworkMethod.java:47)
	at org.junit.internal.runners.statements.InvokeMethod.evaluate(InvokeMethod.java:17)
	at org.junit.internal.runners.statements.RunBefores.evaluate(RunBefores.java:26)
	at org.springframework.test.context.junit4.statements.RunBeforeTestMethodCallbacks.evaluate(RunBeforeTestMethodCallbacks.java:75)
	at org.springframework.test.context.junit4.statements.RunAfterTestMethodCallbacks.evaluate(RunAfterTestMethodCallbacks.java:86)
	at org.springframework.test.context.junit4.statements.SpringRepeat.evaluate(SpringRepeat.java:70)
	at org.junit.runners.ParentRunner.runLeaf(ParentRunner.java:325)
	at org.springframework.test.context.junit4.SpringJUnit4ClassRunner.runChild(SpringJUnit4ClassRunner.java:224)
	at org.springframework.test.context.junit4.SpringJUnit4ClassRunner.runChild(SpringJUnit4ClassRunner.java:83)
	at org.junit.runners.ParentRunner$3.run(ParentRunner.java:290)
	at org.junit.runners.ParentRunner$1.schedule(ParentRunner.java:71)
	at org.junit.runners.ParentRunner.runChildren(ParentRunner.java:288)
	at org.junit.runners.ParentRunner.access$000(ParentRunner.java:58)
	at org.junit.runners.ParentRunner$2.evaluate(ParentRunner.java:268)
	at org.springframework.test.context.junit4.statements.RunBeforeTestClassCallbacks.evaluate(RunBeforeTestClassCallbacks.java:61)
	at org.springframework.test.context.junit4.statements.RunAfterTestClassCallbacks.evaluate(RunAfterTestClassCallbacks.java:70)
	at org.junit.runners.ParentRunner.run(ParentRunner.java:363)
	at org.springframework.test.context.junit4.SpringJUnit4ClassRunner.run(SpringJUnit4ClassRunner.java:163)
	at org.apache.maven.surefire.junit4.JUnit4Provider.execute(JUnit4Provider.java:236)
	at org.apache.maven.surefire.junit4.JUnit4Provider.executeTestSet(JUnit4Provider.java:134)
	at org.apache.maven.surefire.junit4.JUnit4Provider.invoke(JUnit4Provider.java:113)
	at sun.reflect.NativeMethodAccessorImpl.invoke0(Native Method)
	at sun.reflect.NativeMethodAccessorImpl.invoke(NativeMethodAccessorImpl.java:62)
	at sun.reflect.DelegatingMethodAccessorImpl.invoke(DelegatingMethodAccessorImpl.java:43)
	at java.lang.reflect.Method.invoke(Method.java:483)
	at org.apache.maven.surefire.util.ReflectionUtils.invokeMethodWithArray(ReflectionUtils.java:189)
	at org.apache.maven.surefire.booter.ProviderFactory$ProviderProxy.invoke(ProviderFactory.java:165)
	at org.apache.maven.surefire.booter.ProviderFactory.invokeProvider(ProviderFactory.java:85)
	at org.apache.maven.surefire.booter.ForkedBooter.runSuitesInProcess(ForkedBooter.java:103)
	at org.apache.maven.surefire.booter.ForkedBooter.main(ForkedBooter.java:74)
testname(org.springframework.data.jpa.repository.support.QuerydslIntegrationTests)  Time elapsed: 0.003 sec  <<< ERROR!
java.lang.IllegalArgumentException: No joins given
	at com.querydsl.jpa.JPAQueryBase.serialize(JPAQueryBase.java:48)
	at com.querydsl.jpa.JPAQueryBase.toString(JPAQueryBase.java:215)
	at org.springframework.data.jpa.repository.support.QuerydslIntegrationTests.testname(QuerydslIntegrationTests.java:77)
	at sun.reflect.NativeMethodAccessorImpl.invoke0(Native Method)
	at sun.reflect.NativeMethodAccessorImpl.invoke(NativeMethodAccessorImpl.java:62)
	at sun.reflect.DelegatingMethodAccessorImpl.invoke(DelegatingMethodAccessorImpl.java:43)
	at java.lang.reflect.Method.invoke(Method.java:483)
	at org.junit.runners.model.FrameworkMethod$1.runReflectiveCall(FrameworkMethod.java:50)
	at org.junit.internal.runners.model.ReflectiveCallable.run(ReflectiveCallable.java:12)
	at org.junit.runners.model.FrameworkMethod.invokeExplosively(FrameworkMethod.java:47)
	at org.junit.internal.runners.statements.InvokeMethod.evaluate(InvokeMethod.java:17)
	at org.junit.internal.runners.statements.RunBefores.evaluate(RunBefores.java:26)
	at org.springframework.test.context.junit4.statements.RunBeforeTestMethodCallbacks.evaluate(RunBeforeTestMethodCallbacks.java:75)
	at org.springframework.test.context.junit4.statements.RunAfterTestMethodCallbacks.evaluate(RunAfterTestMethodCallbacks.java:86)
	at org.springframework.test.context.junit4.statements.SpringRepeat.evaluate(SpringRepeat.java:70)
	at org.junit.runners.ParentRunner.runLeaf(ParentRunner.java:325)
	at org.springframework.test.context.junit4.SpringJUnit4ClassRunner.runChild(SpringJUnit4ClassRunner.java:224)
	at org.springframework.test.context.junit4.SpringJUnit4ClassRunner.runChild(SpringJUnit4ClassRunner.java:83)
	at org.junit.runners.ParentRunner$3.run(ParentRunner.java:290)
	at org.junit.runners.ParentRunner$1.schedule(ParentRunner.java:71)
	at org.junit.runners.ParentRunner.runChildren(ParentRunner.java:288)
	at org.junit.runners.ParentRunner.access$000(ParentRunner.java:58)
	at org.junit.runners.ParentRunner$2.evaluate(ParentRunner.java:268)
	at org.springframework.test.context.junit4.statements.RunBeforeTestClassCallbacks.evaluate(RunBeforeTestClassCallbacks.java:61)
	at org.springframework.test.context.junit4.statements.RunAfterTestClassCallbacks.evaluate(RunAfterTestClassCallbacks.java:70)
	at org.junit.runners.ParentRunner.run(ParentRunner.java:363)
	at org.springframework.test.context.junit4.SpringJUnit4ClassRunner.run(SpringJUnit4ClassRunner.java:163)
	at org.apache.maven.surefire.junit4.JUnit4Provider.execute(JUnit4Provider.java:236)
	at org.apache.maven.surefire.junit4.JUnit4Provider.executeTestSet(JUnit4Provider.java:134)
	at org.apache.maven.surefire.junit4.JUnit4Provider.invoke(JUnit4Provider.java:113)
	at sun.reflect.NativeMethodAccessorImpl.invoke0(Native Method)
	at sun.reflect.NativeMethodAccessorImpl.invoke(NativeMethodAccessorImpl.java:62)
	at sun.reflect.DelegatingMethodAccessorImpl.invoke(DelegatingMethodAccessorImpl.java:43)
	at java.lang.reflect.Method.invoke(Method.java:483)
	at org.apache.maven.surefire.util.ReflectionUtils.invokeMethodWithArray(ReflectionUtils.java:189)
	at org.apache.maven.surefire.booter.ProviderFactory$ProviderProxy.invoke(ProviderFactory.java:165)
	at org.apache.maven.surefire.booter.ProviderFactory.invokeProvider(ProviderFactory.java:85)
	at org.apache.maven.surefire.booter.ForkedBooter.runSuitesInProcess(ForkedBooter.java:103)
	at org.apache.maven.surefire.booter.ForkedBooter.main(ForkedBooter.java:74)
Running org.springframework.data.jpa.repository.support.EntityManagerFactoryRefTests
Tests run: 2, Failures: 0, Errors: 0, Skipped: 0, Time elapsed: 3.133 sec
Running org.springframework.data.jpa.repository.support.DefaultJpaContextIntegrationTests
Tests run: 3, Failures: 0, Errors: 0, Skipped: 0, Time elapsed: 0.321 sec
Running org.springframework.data.jpa.repository.query.PartTreeJpaQueryIntegrationTests
Tests run: 4, Failures: 0, Errors: 0, Skipped: 0, Time elapsed: 0.023 sec
Running org.springframework.data.jpa.repository.query.ParameterExpressionProviderTests
Tests run: 1, Failures: 0, Errors: 0, Skipped: 0, Time elapsed: 0.006 sec
Running org.springframework.data.jpa.repository.query.QueryUtilsIntegrationTests
Tests run: 6, Failures: 0, Errors: 0, Skipped: 0, Time elapsed: 0.662 sec
Running org.springframework.data.jpa.repository.query.ParameterMetadataProviderIntegrationTests
Tests run: 3, Failures: 0, Errors: 0, Skipped: 0, Time elapsed: 0.015 sec
Running org.springframework.data.jpa.repository.query.AbstractJpaQueryTests
Tests run: 5, Failures: 0, Errors: 0, Skipped: 2, Time elapsed: 0.18 sec
Running org.springframework.data.jpa.repository.cdi.CdiExtensionIntegrationTests
Nov 16, 2015 5:26:36 PM org.apache.webbeans.lifecycle.AbstractLifeCycle bootstrapApplication
INFO: OpenWebBeans Container is starting...
Nov 16, 2015 5:26:36 PM org.apache.webbeans.corespi.scanner.AbstractMetaDataDiscovery addWebBeansXmlLocation
INFO: added beans.xml marker: file:/home/travis/build/spring-projects/spring-data-jpa/target/test-classes/META-INF/beans.xml
Nov 16, 2015 5:26:39 PM org.apache.webbeans.config.BeansDeployer validateInjectionPoints
INFO: All injection points were validated successfully.
Nov 16, 2015 5:26:40 PM org.apache.webbeans.lifecycle.AbstractLifeCycle bootstrapApplication
INFO: OpenWebBeans Container has started, it took [3786] ms.
Tests run: 4, Failures: 0, Errors: 0, Skipped: 0, Time elapsed: 4.224 sec
Running org.springframework.data.jpa.repository.StoredProcedureIntegrationTests
Tests run: 12, Failures: 0, Errors: 0, Skipped: 12, Time elapsed: 3.629 sec
Running org.springframework.data.jpa.repository.UserRepositoryFinderTests
Tests run: 12, Failures: 0, Errors: 0, Skipped: 0, Time elapsed: 3.549 sec
Running org.springframework.data.jpa.repository.RoleRepositoryIntegrationTests
Tests run: 5, Failures: 0, Errors: 0, Skipped: 0, Time elapsed: 1.857 sec
Running org.springframework.data.jpa.repository.config.JpaRepositoryConfigDefinitionParserTests
Tests run: 1, Failures: 0, Errors: 0, Skipped: 0, Time elapsed: 0.427 sec
Running org.springframework.data.jpa.repository.config.JpaRepositoriesRegistrarIntegrationTests
Tests run: 2, Failures: 0, Errors: 0, Skipped: 0, Time elapsed: 1.007 sec
Running org.springframework.data.jpa.repository.config.RepositoryConfigTests
Tests run: 3, Failures: 0, Errors: 0, Skipped: 0, Time elapsed: 0.023 sec
Running org.springframework.data.jpa.repository.config.ExplicitAuditingViaJavaConfigRepositoriesTests
Tests run: 2, Failures: 0, Errors: 0, Skipped: 0, Time elapsed: 4.807 sec
Running org.springframework.data.jpa.repository.config.RepositoriesJavaConfigTests
Tests run: 1, Failures: 0, Errors: 0, Skipped: 0, Time elapsed: 3.732 sec
Running org.springframework.data.jpa.repository.config.AuditingBeanDefinitionParserTests
Tests run: 4, Failures: 0, Errors: 0, Skipped: 0, Time elapsed: 0.466 sec
Running org.springframework.data.jpa.repository.config.NestedRepositoriesJavaConfigTests
Tests run: 1, Failures: 0, Errors: 0, Skipped: 0, Time elapsed: 3.014 sec
Running org.springframework.data.jpa.repository.config.DefaultAuditingViaJavaConfigRepositoriesTests
Tests run: 2, Failures: 0, Errors: 0, Skipped: 0, Time elapsed: 3.694 sec
Running org.springframework.data.jpa.repository.config.AllowNestedRepositoriesRepositoryConfigTests
Tests run: 4, Failures: 0, Errors: 0, Skipped: 0, Time elapsed: 2.265 sec
Running org.springframework.data.jpa.repository.config.CustomRepositoryFactoryConfigTests
Tests run: 3, Failures: 0, Errors: 0, Skipped: 0, Time elapsed: 1.932 sec
Running org.springframework.data.jpa.repository.config.RepositoryAutoConfigTests
Tests run: 3, Failures: 0, Errors: 0, Skipped: 0, Time elapsed: 1.632 sec
Running org.springframework.data.jpa.repository.config.QueryLookupStrategyTests
Tests run: 1, Failures: 0, Errors: 0, Skipped: 0, Time elapsed: 1.186 sec
Running org.springframework.data.jpa.repository.config.TypeFilterConfigTests
Tests run: 3, Failures: 0, Errors: 0, Skipped: 0, Time elapsed: 1.211 sec
Running org.springframework.data.jpa.repository.CustomAbstractPersistableIntegrationTests
Tests run: 1, Failures: 0, Errors: 0, Skipped: 0, Time elapsed: 0.008 sec
Running org.springframework.data.jpa.repository.JavaConfigUserRepositoryTests
Tests run: 134, Failures: 0, Errors: 0, Skipped: 2, Time elapsed: 6.024 sec
Running org.springframework.data.jpa.repository.UserRepositoryTests
Tests run: 133, Failures: 0, Errors: 0, Skipped: 2, Time elapsed: 3.73 sec
Running org.springframework.data.jpa.repository.EntityGraphRepositoryMethodsIntegrationTests
Tests run: 4, Failures: 0, Errors: 0, Skipped: 4, Time elapsed: 0.007 sec
Running org.springframework.data.jpa.repository.UserRepositoryStoredProcedureTests
Tests run: 5, Failures: 0, Errors: 0, Skipped: 5, Time elapsed: 0.015 sec
Running org.springframework.data.jpa.repository.ParentRepositoryIntegrationTests
Tests run: 2, Failures: 0, Errors: 0, Skipped: 0, Time elapsed: 0.083 sec
Running org.springframework.data.jpa.repository.RepositoryWithCompositeKeyTests
Tests run: 8, Failures: 0, Errors: 0, Skipped: 0, Time elapsed: 0.18 sec
Running org.springframework.data.jpa.repository.NamespaceUserRepositoryTests
Tests run: 134, Failures: 0, Errors: 0, Skipped: 2, Time elapsed: 2.691 sec
Running org.springframework.data.jpa.repository.AbstractPersistableIntegrationTests
Tests run: 1, Failures: 0, Errors: 0, Skipped: 0, Time elapsed: 0.004 sec
Running org.springframework.data.jpa.repository.SPR8954Tests
Tests run: 1, Failures: 0, Errors: 0, Skipped: 0, Time elapsed: 0.003 sec
Running org.springframework.data.jpa.repository.RedeclaringRepositoryMethodsTests
Tests run: 2, Failures: 0, Errors: 0, Skipped: 0, Time elapsed: 0.006 sec
Running org.springframework.data.jpa.repository.ORMInfrastructureTests
Tests run: 1, Failures: 0, Errors: 0, Skipped: 0, Time elapsed: 0.002 sec
Running org.springframework.data.jpa.repository.MappedTypeRepositoryIntegrationTests
Tests run: 2, Failures: 0, Errors: 0, Skipped: 0, Time elapsed: 0.028 sec
Running org.springframework.data.jpa.repository.SimpleJpaParameterBindingTests
Tests run: 2, Failures: 0, Errors: 0, Skipped: 1, Time elapsed: 0.005 sec
Running org.springframework.data.jpa.domain.support.AuditingEntityListenerTests
Tests run: 4, Failures: 0, Errors: 0, Skipped: 0, Time elapsed: 2.11 sec
Running org.springframework.data.jpa.domain.JpaSortTests
Tests run: 17, Failures: 0, Errors: 0, Skipped: 0, Time elapsed: 0.011 sec
Running org.springframework.data.jpa.infrastructure.HibernateMetamodelIntegrationTests
Tests run: 3, Failures: 0, Errors: 0, Skipped: 2, Time elapsed: 0.014 sec
Running org.springframework.data.jpa.convert.threetenbp.ThreeTenBackPortJpaConvertersIntegrationTests
Tests run: 1, Failures: 0, Errors: 0, Skipped: 1, Time elapsed: 0.442 sec
Running org.springframework.data.jpa.convert.threeten.Jsr310JpaConvertersIntegrationTests
Tests run: 1, Failures: 0, Errors: 0, Skipped: 1, Time elapsed: 0.577 sec
Running org.springframework.data.jpa.mapping.JpaMetamodelMappingContextIntegrationTests
Tests run: 6, Failures: 0, Errors: 0, Skipped: 0, Time elapsed: 0.395 sec
Running org.springframework.data.jpa.provider.PersistenceProviderIntegrationTests
Tests run: 1, Failures: 0, Errors: 0, Skipped: 0, Time elapsed: 0.728 sec

Results :

Tests in error: 
  defaultOrderingShouldNotGenerateAnNullOrderingHint(org.springframework.data.jpa.repository.support.QuerydslIntegrationTests): No joins given
  testname(org.springframework.data.jpa.repository.support.QuerydslIntegrationTests): No joins given

Tests run: 611, Failures: 0, Errors: 2, Skipped: 36

[INFO] ------------------------------------------------------------------------
[INFO] BUILD FAILURE
[INFO] ------------------------------------------------------------------------
[INFO] Total time: 02:26 min
[INFO] Finished at: 2015-11-16T17:27:32+00:00
[INFO] Final Memory: 36M/372M
[INFO] ------------------------------------------------------------------------
[ERROR] Failed to execute goal org.apache.maven.plugins:maven-surefire-plugin:2.12:test (integration-tests) on project spring-data-jpa: There are test failures.
[ERROR] 
[ERROR] Please refer to /home/travis/build/spring-projects/spring-data-jpa/target/surefire-reports for the individual test results.
[ERROR] -> [Help 1]
[ERROR] 
[ERROR] To see the full stack trace of the errors, re-run Maven with the -e switch.
[ERROR] Re-run Maven using the -X switch to enable full debug logging.
[ERROR] 
[ERROR] For more information about the errors and possible solutions, please read the following articles:
[ERROR] [Help 1] http://cwiki.apache.org/confluence/display/MAVEN/MojoFailureException
travis_time:end:1f7dfdad:start=1447694703680434793,finish=1447694853260753711,duration=149580318918[0K
[31;1mThe command "mvn clean dependency:list test -P${PROFILE} -Dsort" exited with 1.[0m
travis_fold:start:cache.2[0Kstore build cache
travis_time:start:0bfdc0c0[0Ktravis_time:end:0bfdc0c0:start=1447694853264913588,finish=1447694853268942147,duration=4028559[0Ktravis_time:start:02344a68[0Kchange detected:
/home/travis/.m2/repository/org/javassist/javassist/3.18.2-GA/javassist-3.18.2-GA.jar
/home/travis/.m2/repository/org/javassist/javassist/3.18.2-GA/javassist-3.18.2-GA.jar.sha1
/home/travis/.m2/repository/org/javassist/javassist/3.18.2-GA/_remote.repositories
/home/travis/.m2/repository/org/javassist/javassist/3.18.2-GA/_remote.repositories
/home/travis/.m2/repository/org/springframework/data/build/spring-data-build/1.8.0.BUILD-SNAPSHOT/resolver-status.properties
/home/travis/.m2/repository/org/springframework/data/build/spring-data-build/1.8.0.BUILD-SNAPSHOT/resolver-status.properties
/home/travis/.m2/repository/org/springframework/data/build/spring-data-parent/1.8.0.BUILD-SNAPSHOT/resolver-status.properties
/home/travis/.m2/repository/org/springframework/data/build/spring-data-parent/1.8.0.BUILD-SNAPSHOT/resolver-status.properties
/home/travis/.m2/repository/org/springframework/data/spring-data-commons/1.12.0.DATACMNS-670-SNAPSHOT/resolver-status.properties
/home/travis/.m2/repository
...
changes detected, packing new archive
.
.
uploading archive
travis_time:end:02344a68:start=1447694853273419490,finish=1447694871012670089,duration=17739250599[0Ktravis_fold:end:cache.2[0K
Done. Your build exited with 1.
