Using worker: worker-linux-docker-a1c86148.prod.travis-ci.org:travis-linux-5

travis_fold:start:system_info[0K[33;1mBuild system information[0m
Build language: java
[34m[1mBuild image provisioning date and time[0m
Thu Feb  5 15:09:33 UTC 2015
[34m[1mOperating System Details[0m
Distributor ID:	Ubuntu
Description:	Ubuntu 12.04.5 LTS
Release:	12.04
Codename:	precise
[34m[1mLinux Version[0m
3.13.0-29-generic
[34m[1mCookbooks Version[0m
a68419e https://github.com/travis-ci/travis-cookbooks/tree/a68419e
[34m[1mGCC version[0m
gcc (Ubuntu/Linaro 4.6.3-1ubuntu5) 4.6.3
Copyright (C) 2011 Free Software Foundation, Inc.
This is free software; see the source for copying conditions.  There is NO
warranty; not even for MERCHANTABILITY or FITNESS FOR A PARTICULAR PURPOSE.

[34m[1mLLVM version[0m
clang version 3.4 (tags/RELEASE_34/final)
Target: x86_64-unknown-linux-gnu
Thread model: posix
[34m[1mPre-installed Ruby versions[0m
ruby-1.9.3-p551
[34m[1mPre-installed Node.js versions[0m
v0.10.36
[34m[1mPre-installed Go versions[0m
1.4.1
[34m[1mRedis version[0m
redis-server 2.8.19
[34m[1mriak version[0m
2.0.2
[34m[1mMongoDB version[0m
MongoDB 2.4.12
[34m[1mCouchDB version[0m
couchdb 1.6.1
[34m[1mNeo4j version[0m
1.9.4
[34m[1mRabbitMQ Version[0m
3.4.3
[34m[1mElasticSearch version[0m
1.4.0
[34m[1mInstalled Sphinx versions[0m
2.0.10
2.1.9
2.2.6
[34m[1mDefault Sphinx version[0m
2.2.6
[34m[1mInstalled Firefox version[0m
firefox 31.0esr
[34m[1mPhantomJS version[0m
1.9.8
[34m[1mant -version[0m
Apache Ant(TM) version 1.8.2 compiled on December 3 2011
[34m[1mmvn -version[0m
Apache Maven 3.2.5 (12a6b3acb947671f09b81f49094c53f426d8cea1; 2014-12-14T17:29:23+00:00)
Maven home: /usr/local/maven
Java version: 1.7.0_76, vendor: Oracle Corporation
Java home: /usr/lib/jvm/java-7-oracle/jre
Default locale: en_US, platform encoding: ANSI_X3.4-1968
OS name: "linux", version: "3.13.0-29-generic", arch: "amd64", family: "unix"
travis_fold:end:system_info[0K
travis_fold:start:git.checkout[0Ktravis_time:start:076fb50e[0K$ git clone --depth=50 --branch=DATAJPA-307 git://github.com/spring-projects/spring-data-jpa.git spring-projects/spring-data-jpa
Cloning into 'spring-projects/spring-data-jpa'...
remote: Counting objects: 1119, done.[K
remote: Compressing objects:   0% (1/648)   [Kremote: Compressing objects:   1% (7/648)   [Kremote: Compressing objects:   2% (13/648)   [Kremote: Compressing objects:   3% (20/648)   [Kremote: Compressing objects:   4% (26/648)   [Kremote: Compressing objects:   5% (33/648)   [Kremote: Compressing objects:   6% (39/648)   [Kremote: Compressing objects:   7% (46/648)   [Kremote: Compressing objects:   8% (52/648)   [Kremote: Compressing objects:   9% (59/648)   [Kremote: Compressing objects:  10% (65/648)   [Kremote: Compressing objects:  11% (72/648)   [Kremote: Compressing objects:  12% (78/648)   [Kremote: Compressing objects:  13% (85/648)   [Kremote: Compressing objects:  14% (91/648)   [Kremote: Compressing objects:  15% (98/648)   [Kremote: Compressing objects:  16% (104/648)   [Kremote: Compressing objects:  17% (111/648)   [Kremote: Compressing objects:  18% (117/648)   [Kremote: Compressing objects:  19% (124/648)   [Kremote: Compressing objects:  20% (130/648)   [Kremote: Compressing objects:  21% (137/648)   [Kremote: Compressing objects:  22% (143/648)   [Kremote: Compressing objects:  23% (150/648)   [Kremote: Compressing objects:  24% (156/648)   [Kremote: Compressing objects:  25% (162/648)   [Kremote: Compressing objects:  26% (169/648)   [Kremote: Compressing objects:  27% (175/648)   [Kremote: Compressing objects:  28% (182/648)   [Kremote: Compressing objects:  29% (188/648)   [Kremote: Compressing objects:  30% (195/648)   [Kremote: Compressing objects:  31% (201/648)   [Kremote: Compressing objects:  32% (208/648)   [Kremote: Compressing objects:  33% (214/648)   [Kremote: Compressing objects:  34% (221/648)   [Kremote: Compressing objects:  35% (227/648)   [Kremote: Compressing objects:  36% (234/648)   [Kremote: Compressing objects:  37% (240/648)   [Kremote: Compressing objects:  38% (247/648)   [Kremote: Compressing objects:  39% (253/648)   [Kremote: Compressing objects:  40% (260/648)   [Kremote: Compressing objects:  41% (266/648)   [Kremote: Compressing objects:  42% (273/648)   [Kremote: Compressing objects:  43% (279/648)   [Kremote: Compressing objects:  44% (286/648)   [Kremote: Compressing objects:  45% (292/648)   [Kremote: Compressing objects:  46% (299/648)   [Kremote: Compressing objects:  47% (305/648)   [Kremote: Compressing objects:  48% (312/648)   [Kremote: Compressing objects:  49% (318/648)   [Kremote: Compressing objects:  50% (324/648)   [Kremote: Compressing objects:  51% (331/648)   [Kremote: Compressing objects:  52% (337/648)   [Kremote: Compressing objects:  53% (344/648)   [Kremote: Compressing objects:  54% (350/648)   [Kremote: Compressing objects:  55% (357/648)   [Kremote: Compressing objects:  56% (363/648)   [Kremote: Compressing objects:  57% (370/648)   [Kremote: Compressing objects:  58% (376/648)   [Kremote: Compressing objects:  59% (383/648)   [Kremote: Compressing objects:  60% (389/648)   [Kremote: Compressing objects:  61% (396/648)   [Kremote: Compressing objects:  62% (402/648)   [Kremote: Compressing objects:  63% (409/648)   [Kremote: Compressing objects:  64% (415/648)   [Kremote: Compressing objects:  65% (422/648)   [Kremote: Compressing objects:  66% (428/648)   [Kremote: Compressing objects:  67% (435/648)   [Kremote: Compressing objects:  68% (441/648)   [Kremote: Compressing objects:  69% (448/648)   [Kremote: Compressing objects:  70% (454/648)   [Kremote: Compressing objects:  71% (461/648)   [Kremote: Compressing objects:  72% (467/648)   [Kremote: Compressing objects:  73% (474/648)   [Kremote: Compressing objects:  74% (480/648)   [Kremote: Compressing objects:  75% (486/648)   [Kremote: Compressing objects:  76% (493/648)   [Kremote: Compressing objects:  77% (499/648)   [Kremote: Compressing objects:  78% (506/648)   [Kremote: Compressing objects:  79% (512/648)   [Kremote: Compressing objects:  80% (519/648)   [Kremote: Compressing objects:  81% (525/648)   [Kremote: Compressing objects:  82% (532/648)   [Kremote: Compressing objects:  83% (538/648)   [Kremote: Compressing objects:  84% (545/648)   [Kremote: Compressing objects:  85% (551/648)   [Kremote: Compressing objects:  86% (558/648)   [Kremote: Compressing objects:  87% (564/648)   [Kremote: Compressing objects:  88% (571/648)   [Kremote: Compressing objects:  89% (577/648)   [Kremote: Compressing objects:  90% (584/648)   [Kremote: Compressing objects:  91% (590/648)   [Kremote: Compressing objects:  92% (597/648)   [Kremote: Compressing objects:  93% (603/648)   [Kremote: Compressing objects:  94% (610/648)   [Kremote: Compressing objects:  95% (616/648)   [Kremote: Compressing objects:  96% (623/648)   [Kremote: Compressing objects:  97% (629/648)   [Kremote: Compressing objects:  98% (636/648)   [Kremote: Compressing objects:  99% (642/648)   [Kremote: Compressing objects: 100% (648/648)   [Kremote: Compressing objects: 100% (648/648), done.[K
Receiving objects:   0% (1/1119)   Receiving objects:   1% (12/1119)   Receiving objects:   2% (23/1119)   Receiving objects:   3% (34/1119)   Receiving objects:   4% (45/1119)   Receiving objects:   5% (56/1119)   Receiving objects:   6% (68/1119)   Receiving objects:   7% (79/1119)   Receiving objects:   8% (90/1119)   Receiving objects:   9% (101/1119)   Receiving objects:  10% (112/1119)   Receiving objects:  11% (124/1119)   Receiving objects:  12% (135/1119)   Receiving objects:  13% (146/1119)   Receiving objects:  14% (157/1119)   Receiving objects:  15% (168/1119)   Receiving objects:  16% (180/1119)   Receiving objects:  17% (191/1119)   Receiving objects:  18% (202/1119)   Receiving objects:  19% (213/1119)   Receiving objects:  20% (224/1119)   Receiving objects:  21% (235/1119)   Receiving objects:  22% (247/1119)   Receiving objects:  23% (258/1119)   Receiving objects:  24% (269/1119)   Receiving objects:  25% (280/1119)   Receiving objects:  26% (291/1119)   Receiving objects:  27% (303/1119)   Receiving objects:  28% (314/1119)   Receiving objects:  29% (325/1119)   Receiving objects:  30% (336/1119)   Receiving objects:  31% (347/1119)   Receiving objects:  32% (359/1119)   Receiving objects:  33% (370/1119)   Receiving objects:  34% (381/1119)   Receiving objects:  35% (392/1119)   Receiving objects:  36% (403/1119)   Receiving objects:  37% (415/1119)   Receiving objects:  38% (426/1119)   Receiving objects:  39% (437/1119)   Receiving objects:  40% (448/1119)   Receiving objects:  41% (459/1119)   Receiving objects:  42% (470/1119)   Receiving objects:  43% (482/1119)   Receiving objects:  44% (493/1119)   Receiving objects:  45% (504/1119)   Receiving objects:  46% (515/1119)   Receiving objects:  47% (526/1119)   Receiving objects:  48% (538/1119)   Receiving objects:  49% (549/1119)   Receiving objects:  50% (560/1119)   Receiving objects:  51% (571/1119)   Receiving objects:  52% (582/1119)   Receiving objects:  53% (594/1119)   Receiving objects:  54% (605/1119)   Receiving objects:  55% (616/1119)   Receiving objects:  56% (627/1119)   Receiving objects:  57% (638/1119)   Receiving objects:  58% (650/1119)   Receiving objects:  59% (661/1119)   Receiving objects:  60% (672/1119)   Receiving objects:  61% (683/1119)   Receiving objects:  62% (694/1119)   Receiving objects:  63% (705/1119)   Receiving objects:  64% (717/1119)   Receiving objects:  65% (728/1119)   Receiving objects:  66% (739/1119)   Receiving objects:  67% (750/1119)   Receiving objects:  68% (761/1119)   Receiving objects:  69% (773/1119)   Receiving objects:  70% (784/1119)   Receiving objects:  71% (795/1119)   Receiving objects:  72% (806/1119)   Receiving objects:  73% (817/1119)   Receiving objects:  74% (829/1119)   Receiving objects:  75% (840/1119)   Receiving objects:  76% (851/1119)   Receiving objects:  77% (862/1119)   Receiving objects:  78% (873/1119)   Receiving objects:  79% (885/1119)   Receiving objects:  80% (896/1119)   Receiving objects:  81% (907/1119)   Receiving objects:  82% (918/1119)   Receiving objects:  83% (929/1119)   Receiving objects:  84% (940/1119)   Receiving objects:  85% (952/1119)   Receiving objects:  86% (963/1119)   Receiving objects:  87% (974/1119)   Receiving objects:  88% (985/1119)   Receiving objects:  89% (996/1119)   Receiving objects:  90% (1008/1119)   remote: Total 1119 (delta 509), reused 763 (delta 269), pack-reused 0[K
Receiving objects:  91% (1019/1119)   Receiving objects:  92% (1030/1119)   Receiving objects:  93% (1041/1119)   Receiving objects:  94% (1052/1119)   Receiving objects:  95% (1064/1119)   Receiving objects:  96% (1075/1119)   Receiving objects:  97% (1086/1119)   Receiving objects:  98% (1097/1119)   Receiving objects:  99% (1108/1119)   Receiving objects: 100% (1119/1119)   Receiving objects: 100% (1119/1119), 409.04 KiB | 0 bytes/s, done.
Resolving deltas:   0% (0/509)   Resolving deltas:   1% (7/509)   Resolving deltas:   3% (17/509)   Resolving deltas:   4% (21/509)   Resolving deltas:   7% (36/509)   Resolving deltas:   8% (45/509)   Resolving deltas:   9% (49/509)   Resolving deltas:  11% (56/509)   Resolving deltas:  20% (105/509)   Resolving deltas:  24% (123/509)   Resolving deltas:  28% (144/509)   Resolving deltas:  31% (159/509)   Resolving deltas:  33% (171/509)   Resolving deltas:  34% (175/509)   Resolving deltas:  35% (179/509)   Resolving deltas:  36% (185/509)   Resolving deltas:  37% (189/509)   Resolving deltas:  38% (194/509)   Resolving deltas:  39% (199/509)   Resolving deltas:  40% (205/509)   Resolving deltas:  41% (209/509)   Resolving deltas:  44% (226/509)   Resolving deltas:  45% (231/509)   Resolving deltas:  46% (235/509)   Resolving deltas:  47% (241/509)   Resolving deltas:  49% (251/509)   Resolving deltas:  50% (257/509)   Resolving deltas:  51% (261/509)   Resolving deltas:  52% (266/509)   Resolving deltas:  55% (280/509)   Resolving deltas:  57% (291/509)   Resolving deltas:  58% (296/509)   Resolving deltas:  59% (301/509)   Resolving deltas:  60% (307/509)   Resolving deltas:  62% (320/509)   Resolving deltas:  63% (322/509)   Resolving deltas:  64% (328/509)   Resolving deltas:  65% (332/509)   Resolving deltas:  66% (337/509)   Resolving deltas:  67% (346/509)   Resolving deltas:  68% (347/509)   Resolving deltas:  69% (352/509)   Resolving deltas:  71% (363/509)   Resolving deltas:  72% (367/509)   Resolving deltas:  73% (372/509)   Resolving deltas:  74% (378/509)   Resolving deltas:  75% (385/509)   Resolving deltas:  76% (387/509)   Resolving deltas:  77% (392/509)   Resolving deltas:  78% (399/509)   Resolving deltas:  80% (410/509)   Resolving deltas:  81% (415/509)   Resolving deltas:  87% (443/509)   Resolving deltas:  88% (451/509)   Resolving deltas:  89% (457/509)   Resolving deltas:  90% (459/509)   Resolving deltas:  91% (464/509)   Resolving deltas:  92% (469/509)   Resolving deltas:  93% (474/509)   Resolving deltas:  94% (480/509)   Resolving deltas:  95% (485/509)   Resolving deltas:  96% (489/509)   Resolving deltas:  97% (494/509)   Resolving deltas:  98% (501/509)   Resolving deltas:  99% (506/509)   Resolving deltas: 100% (509/509)   Resolving deltas: 100% (509/509), done.
Checking connectivity... done.
travis_time:end:076fb50e:start=1435669402170275986,finish=1435669402414089857,duration=243813871[0K$ cd spring-projects/spring-data-jpa
$ git checkout -qf 98afea38c7e9061b66b1ddf21b52fa5d5af6a3fd
travis_fold:end:git.checkout[0K
[33;1mThis job is running on container-based infrastructure, which does not allow use of 'sudo', setuid and setguid executables.[0m
[33;1mIf you require sudo, add 'sudo: required' to your .travis.yml[0m
[33;1mSee http://docs.travis-ci.com/user/workers/container-based-infrastructure/ for details.[0m

[33;1mSetting environment variables from .travis.yml[0m
$ export PROFILE=spring41-next

travis_fold:start:cache.1[0KSetting up build cache
$ export CASHER_DIR=$HOME/.casher
travis_time:start:14b4c0a8[0K$ Installing caching utilities
travis_time:end:14b4c0a8:start=1435669404261681427,finish=1435669404287727915,duration=26046488[0Ktravis_time:start:0169ec38[0Kattempting to download cache archive
fetching DATAJPA-307/cache--jdk-oraclejdk8.tbz
found cache
travis_time:end:0169ec38:start=1435669404292110948,finish=1435669407507864529,duration=3215753581[0Ktravis_time:start:06d41ab0[0Kadding /home/travis/.m2 to cache
travis_time:end:06d41ab0:start=1435669407511737413,finish=1435669426851195323,duration=19339457910[0Ktravis_fold:end:cache.1[0K$ jdk_switcher use oraclejdk8
Switching to Oracle JDK8 (java-8-oracle), JAVA_HOME will be set to /usr/lib/jvm/java-8-oracle
$ java -Xmx32m -version
java version "1.8.0_31"
Java(TM) SE Runtime Environment (build 1.8.0_31-b13)
Java HotSpot(TM) 64-Bit Server VM (build 25.31-b07, mixed mode)
$ javac -J-Xmx32m -version
javac 1.8.0_31
travis_fold:start:install[0Ktravis_time:start:1dbef37e[0K$ true
travis_time:end:1dbef37e:start=1435669427338694387,finish=1435669427341989474,duration=3295087[0Ktravis_fold:end:install[0Ktravis_time:start:009a23b4[0K$ mvn clean dependency:list test -P${PROFILE} -Dsort
Java HotSpot(TM) 64-Bit Server VM warning: ignoring option MaxPermSize=192m; support was removed in 8.0
[INFO] Scanning for projects...
Downloading: https://repo.spring.io/libs-snapshot/org/springframework/data/build/spring-data-parent/1.7.0.BUILD-SNAPSHOT/maven-metadata.xml
Downloading: https://repository.apache.org/snapshots/org/springframework/data/build/spring-data-parent/1.7.0.BUILD-SNAPSHOT/maven-metadata.xml
812/812 B               Downloaded: https://repo.spring.io/libs-snapshot/org/springframework/data/build/spring-data-parent/1.7.0.BUILD-SNAPSHOT/maven-metadata.xml (812 B at 0.9 KB/sec)
            Downloading: https://repo.spring.io/libs-snapshot/org/springframework/data/build/spring-data-parent/1.7.0.BUILD-SNAPSHOT/spring-data-parent-1.7.0.BUILD-20150630.083757-21.pom
4/21 KB     8/21 KB   12/21 KB   14/21 KB   18/21 KB   21/21 KB              Downloaded: https://repo.spring.io/libs-snapshot/org/springframework/data/build/spring-data-parent/1.7.0.BUILD-SNAPSHOT/spring-data-parent-1.7.0.BUILD-20150630.083757-21.pom (21 KB at 120.2 KB/sec)
Downloading: https://repository.apache.org/snapshots/org/springframework/data/build/spring-data-build/1.7.0.BUILD-SNAPSHOT/maven-metadata.xml
Downloading: https://repo.spring.io/libs-snapshot/org/springframework/data/build/spring-data-build/1.7.0.BUILD-SNAPSHOT/maven-metadata.xml
811/811 B               Downloaded: https://repo.spring.io/libs-snapshot/org/springframework/data/build/spring-data-build/1.7.0.BUILD-SNAPSHOT/maven-metadata.xml (811 B at 12.8 KB/sec)
            Downloading: https://repo.spring.io/libs-snapshot/org/springframework/data/build/spring-data-build/1.7.0.BUILD-SNAPSHOT/spring-data-build-1.7.0.BUILD-20150630.083757-21.pom
3/3 KB               Downloaded: https://repo.spring.io/libs-snapshot/org/springframework/data/build/spring-data-build/1.7.0.BUILD-SNAPSHOT/spring-data-build-1.7.0.BUILD-20150630.083757-21.pom (3 KB at 41.4 KB/sec)
Downloading: https://repository.apache.org/snapshots/org/springframework/spring-framework-bom/4.1.7.BUILD-SNAPSHOT/maven-metadata.xml
Downloading: https://repo.spring.io/libs-snapshot/org/springframework/spring-framework-bom/4.1.7.BUILD-SNAPSHOT/maven-metadata.xml
2/2 KB            Downloaded: https://repo.spring.io/libs-snapshot/org/springframework/spring-framework-bom/4.1.7.BUILD-SNAPSHOT/maven-metadata.xml (2 KB at 20.7 KB/sec)
         Downloading: https://repo.spring.io/libs-snapshot/org/springframework/spring-framework-bom/4.1.7.BUILD-SNAPSHOT/spring-framework-bom-4.1.7.BUILD-20150629.142445-25.pom
1/6 KB   5/6 KB   6/6 KB            Downloaded: https://repo.spring.io/libs-snapshot/org/springframework/spring-framework-bom/4.1.7.BUILD-SNAPSHOT/spring-framework-bom-4.1.7.BUILD-20150629.142445-25.pom (6 KB at 85.7 KB/sec)
[INFO]                                                                         
[INFO] ------------------------------------------------------------------------
[INFO] Building Spring Data JPA 1.9.0.DATAJPA-307-SNAPSHOT
[INFO] ------------------------------------------------------------------------
Downloading: https://repository.apache.org/snapshots/org/springframework/data/spring-data-commons/1.11.0.DATACMNS-293-SNAPSHOT/maven-metadata.xml
Downloading: https://repo.spring.io/libs-snapshot/org/springframework/data/spring-data-commons/1.11.0.DATACMNS-293-SNAPSHOT/maven-metadata.xml
3/3 KB            Downloaded: https://repo.spring.io/libs-snapshot/org/springframework/data/spring-data-commons/1.11.0.DATACMNS-293-SNAPSHOT/maven-metadata.xml (3 KB at 46.1 KB/sec)
         Downloading: https://oss.sonatype.org/content/repositories/snapshots/org/springframework/data/spring-data-commons/1.11.0.DATACMNS-293-SNAPSHOT/spring-data-commons-1.11.0.DATACMNS-293-20150630.070156-6.pom
         Downloading: https://repository.apache.org/snapshots/org/springframework/data/spring-data-commons/1.11.0.DATACMNS-293-SNAPSHOT/spring-data-commons-1.11.0.DATACMNS-293-20150630.070156-6.pom
         Downloading: https://nexus.codehaus.org/snapshots/org/springframework/data/spring-data-commons/1.11.0.DATACMNS-293-SNAPSHOT/spring-data-commons-1.11.0.DATACMNS-293-20150630.070156-6.pom
         Downloading: https://repo.spring.io/libs-snapshot/org/springframework/data/spring-data-commons/1.11.0.DATACMNS-293-SNAPSHOT/spring-data-commons-1.11.0.DATACMNS-293-20150630.070156-6.pom
4/7 KB   7/7 KB            Downloaded: https://repo.spring.io/libs-snapshot/org/springframework/data/spring-data-commons/1.11.0.DATACMNS-293-SNAPSHOT/spring-data-commons-1.11.0.DATACMNS-293-20150630.070156-6.pom (7 KB at 131.6 KB/sec)
Downloading: https://repository.apache.org/snapshots/org/springframework/spring-core/4.1.7.BUILD-SNAPSHOT/maven-metadata.xml
Downloading: https://repo.spring.io/libs-snapshot/org/springframework/spring-core/4.1.7.BUILD-SNAPSHOT/maven-metadata.xml
3/3 KB            Downloaded: https://repo.spring.io/libs-snapshot/org/springframework/spring-core/4.1.7.BUILD-SNAPSHOT/maven-metadata.xml (3 KB at 43.5 KB/sec)
         Downloading: https://oss.sonatype.org/content/repositories/snapshots/org/springframework/spring-core/4.1.7.BUILD-SNAPSHOT/spring-core-4.1.7.BUILD-20150629.142445-25.pom
         Downloading: https://repository.apache.org/snapshots/org/springframework/spring-core/4.1.7.BUILD-SNAPSHOT/spring-core-4.1.7.BUILD-20150629.142445-25.pom
         Downloading: https://nexus.codehaus.org/snapshots/org/springframework/spring-core/4.1.7.BUILD-SNAPSHOT/spring-core-4.1.7.BUILD-20150629.142445-25.pom
         Downloading: https://repo.spring.io/libs-snapshot/org/springframework/spring-core/4.1.7.BUILD-SNAPSHOT/spring-core-4.1.7.BUILD-20150629.142445-25.pom
3/3 KB            Downloaded: https://repo.spring.io/libs-snapshot/org/springframework/spring-core/4.1.7.BUILD-SNAPSHOT/spring-core-4.1.7.BUILD-20150629.142445-25.pom (3 KB at 45.2 KB/sec)
Downloading: https://repository.apache.org/snapshots/org/springframework/spring-beans/4.1.7.BUILD-SNAPSHOT/maven-metadata.xml
Downloading: https://repo.spring.io/libs-snapshot/org/springframework/spring-beans/4.1.7.BUILD-SNAPSHOT/maven-metadata.xml
3/3 KB            Downloaded: https://repo.spring.io/libs-snapshot/org/springframework/spring-beans/4.1.7.BUILD-SNAPSHOT/maven-metadata.xml (3 KB at 46.6 KB/sec)
         Downloading: https://oss.sonatype.org/content/repositories/snapshots/org/springframework/spring-beans/4.1.7.BUILD-SNAPSHOT/spring-beans-4.1.7.BUILD-20150629.142445-25.pom
         Downloading: https://repository.apache.org/snapshots/org/springframework/spring-beans/4.1.7.BUILD-SNAPSHOT/spring-beans-4.1.7.BUILD-20150629.142445-25.pom
         Downloading: https://nexus.codehaus.org/snapshots/org/springframework/spring-beans/4.1.7.BUILD-SNAPSHOT/spring-beans-4.1.7.BUILD-20150629.142445-25.pom
         Downloading: https://repo.spring.io/libs-snapshot/org/springframework/spring-beans/4.1.7.BUILD-SNAPSHOT/spring-beans-4.1.7.BUILD-20150629.142445-25.pom
3/3 KB            Downloaded: https://repo.spring.io/libs-snapshot/org/springframework/spring-beans/4.1.7.BUILD-SNAPSHOT/spring-beans-4.1.7.BUILD-20150629.142445-25.pom (3 KB at 41.6 KB/sec)
Downloading: https://repository.apache.org/snapshots/org/springframework/spring-orm/4.1.7.BUILD-SNAPSHOT/maven-metadata.xml
Downloading: https://repo.spring.io/libs-snapshot/org/springframework/spring-orm/4.1.7.BUILD-SNAPSHOT/maven-metadata.xml
3/3 KB            Downloaded: https://repo.spring.io/libs-snapshot/org/springframework/spring-orm/4.1.7.BUILD-SNAPSHOT/maven-metadata.xml (3 KB at 39.2 KB/sec)
         Downloading: https://oss.sonatype.org/content/repositories/snapshots/org/springframework/spring-orm/4.1.7.BUILD-SNAPSHOT/spring-orm-4.1.7.BUILD-20150629.142445-25.pom
         Downloading: https://repository.apache.org/snapshots/org/springframework/spring-orm/4.1.7.BUILD-SNAPSHOT/spring-orm-4.1.7.BUILD-20150629.142445-25.pom
         Downloading: https://nexus.codehaus.org/snapshots/org/springframework/spring-orm/4.1.7.BUILD-SNAPSHOT/spring-orm-4.1.7.BUILD-20150629.142445-25.pom
         Downloading: https://repo.spring.io/libs-snapshot/org/springframework/spring-orm/4.1.7.BUILD-SNAPSHOT/spring-orm-4.1.7.BUILD-20150629.142445-25.pom
4/7 KB   7/7 KB            Downloaded: https://repo.spring.io/libs-snapshot/org/springframework/spring-orm/4.1.7.BUILD-SNAPSHOT/spring-orm-4.1.7.BUILD-20150629.142445-25.pom (7 KB at 109.2 KB/sec)
Downloading: https://repo.spring.io/libs-snapshot/org/springframework/spring-jdbc/4.1.7.BUILD-SNAPSHOT/maven-metadata.xml
Downloading: https://repository.apache.org/snapshots/org/springframework/spring-jdbc/4.1.7.BUILD-SNAPSHOT/maven-metadata.xml
3/3 KB            Downloaded: https://repo.spring.io/libs-snapshot/org/springframework/spring-jdbc/4.1.7.BUILD-SNAPSHOT/maven-metadata.xml (3 KB at 31.8 KB/sec)
         Downloading: https://oss.sonatype.org/content/repositories/snapshots/org/springframework/spring-jdbc/4.1.7.BUILD-SNAPSHOT/spring-jdbc-4.1.7.BUILD-20150629.142445-25.pom
         Downloading: https://repository.apache.org/snapshots/org/springframework/spring-jdbc/4.1.7.BUILD-SNAPSHOT/spring-jdbc-4.1.7.BUILD-20150629.142445-25.pom
         Downloading: https://nexus.codehaus.org/snapshots/org/springframework/spring-jdbc/4.1.7.BUILD-SNAPSHOT/spring-jdbc-4.1.7.BUILD-20150629.142445-25.pom
         Downloading: https://repo.spring.io/libs-snapshot/org/springframework/spring-jdbc/4.1.7.BUILD-SNAPSHOT/spring-jdbc-4.1.7.BUILD-20150629.142445-25.pom
4/4 KB            Downloaded: https://repo.spring.io/libs-snapshot/org/springframework/spring-jdbc/4.1.7.BUILD-SNAPSHOT/spring-jdbc-4.1.7.BUILD-20150629.142445-25.pom (4 KB at 52.8 KB/sec)
Downloading: https://repository.apache.org/snapshots/org/springframework/spring-tx/4.1.7.BUILD-SNAPSHOT/maven-metadata.xml
Downloading: https://repo.spring.io/libs-snapshot/org/springframework/spring-tx/4.1.7.BUILD-SNAPSHOT/maven-metadata.xml
2/2 KB            Downloaded: https://repo.spring.io/libs-snapshot/org/springframework/spring-tx/4.1.7.BUILD-SNAPSHOT/maven-metadata.xml (2 KB at 48.8 KB/sec)
         Downloading: https://oss.sonatype.org/content/repositories/snapshots/org/springframework/spring-tx/4.1.7.BUILD-SNAPSHOT/spring-tx-4.1.7.BUILD-20150629.142445-25.pom
         Downloading: https://repository.apache.org/snapshots/org/springframework/spring-tx/4.1.7.BUILD-SNAPSHOT/spring-tx-4.1.7.BUILD-20150629.142445-25.pom
         Downloading: https://nexus.codehaus.org/snapshots/org/springframework/spring-tx/4.1.7.BUILD-SNAPSHOT/spring-tx-4.1.7.BUILD-20150629.142445-25.pom
         Downloading: https://repo.spring.io/libs-snapshot/org/springframework/spring-tx/4.1.7.BUILD-SNAPSHOT/spring-tx-4.1.7.BUILD-20150629.142445-25.pom
4/4 KB            Downloaded: https://repo.spring.io/libs-snapshot/org/springframework/spring-tx/4.1.7.BUILD-SNAPSHOT/spring-tx-4.1.7.BUILD-20150629.142445-25.pom (4 KB at 65.2 KB/sec)
Downloading: https://repository.apache.org/snapshots/org/springframework/spring-context/4.1.7.BUILD-SNAPSHOT/maven-metadata.xml
Downloading: https://repo.spring.io/libs-snapshot/org/springframework/spring-context/4.1.7.BUILD-SNAPSHOT/maven-metadata.xml
3/3 KB            Downloaded: https://repo.spring.io/libs-snapshot/org/springframework/spring-context/4.1.7.BUILD-SNAPSHOT/maven-metadata.xml (3 KB at 40.1 KB/sec)
         Downloading: https://oss.sonatype.org/content/repositories/snapshots/org/springframework/spring-context/4.1.7.BUILD-SNAPSHOT/spring-context-4.1.7.BUILD-20150629.142445-25.pom
         Downloading: https://repository.apache.org/snapshots/org/springframework/spring-context/4.1.7.BUILD-SNAPSHOT/spring-context-4.1.7.BUILD-20150629.142445-25.pom
         Downloading: https://nexus.codehaus.org/snapshots/org/springframework/spring-context/4.1.7.BUILD-SNAPSHOT/spring-context-4.1.7.BUILD-20150629.142445-25.pom
         Downloading: https://repo.spring.io/libs-snapshot/org/springframework/spring-context/4.1.7.BUILD-SNAPSHOT/spring-context-4.1.7.BUILD-20150629.142445-25.pom
4/5 KB   5/5 KB            Downloaded: https://repo.spring.io/libs-snapshot/org/springframework/spring-context/4.1.7.BUILD-SNAPSHOT/spring-context-4.1.7.BUILD-20150629.142445-25.pom (5 KB at 84.9 KB/sec)
Downloading: https://repository.apache.org/snapshots/org/springframework/spring-aop/4.1.7.BUILD-SNAPSHOT/maven-metadata.xml
Downloading: https://repo.spring.io/libs-snapshot/org/springframework/spring-aop/4.1.7.BUILD-SNAPSHOT/maven-metadata.xml
3/3 KB            Downloaded: https://repo.spring.io/libs-snapshot/org/springframework/spring-aop/4.1.7.BUILD-SNAPSHOT/maven-metadata.xml (3 KB at 9.1 KB/sec)
         Downloading: https://oss.sonatype.org/content/repositories/snapshots/org/springframework/spring-aop/4.1.7.BUILD-SNAPSHOT/spring-aop-4.1.7.BUILD-20150629.142445-25.pom
         Downloading: https://repository.apache.org/snapshots/org/springframework/spring-aop/4.1.7.BUILD-SNAPSHOT/spring-aop-4.1.7.BUILD-20150629.142445-25.pom
         Downloading: https://nexus.codehaus.org/snapshots/org/springframework/spring-aop/4.1.7.BUILD-SNAPSHOT/spring-aop-4.1.7.BUILD-20150629.142445-25.pom
         Downloading: https://repo.spring.io/libs-snapshot/org/springframework/spring-aop/4.1.7.BUILD-SNAPSHOT/spring-aop-4.1.7.BUILD-20150629.142445-25.pom
3/3 KB            Downloaded: https://repo.spring.io/libs-snapshot/org/springframework/spring-aop/4.1.7.BUILD-SNAPSHOT/spring-aop-4.1.7.BUILD-20150629.142445-25.pom (3 KB at 46.6 KB/sec)
Downloading: https://repository.apache.org/snapshots/org/springframework/spring-expression/4.1.7.BUILD-SNAPSHOT/maven-metadata.xml
Downloading: https://repo.spring.io/libs-snapshot/org/springframework/spring-expression/4.1.7.BUILD-SNAPSHOT/maven-metadata.xml
3/3 KB            Downloaded: https://repo.spring.io/libs-snapshot/org/springframework/spring-expression/4.1.7.BUILD-SNAPSHOT/maven-metadata.xml (3 KB at 45.6 KB/sec)
         Downloading: https://oss.sonatype.org/content/repositories/snapshots/org/springframework/spring-expression/4.1.7.BUILD-SNAPSHOT/spring-expression-4.1.7.BUILD-20150629.142445-25.pom
         Downloading: https://repository.apache.org/snapshots/org/springframework/spring-expression/4.1.7.BUILD-SNAPSHOT/spring-expression-4.1.7.BUILD-20150629.142445-25.pom
         Downloading: https://nexus.codehaus.org/snapshots/org/springframework/spring-expression/4.1.7.BUILD-SNAPSHOT/spring-expression-4.1.7.BUILD-20150629.142445-25.pom
         Downloading: https://repo.spring.io/libs-snapshot/org/springframework/spring-expression/4.1.7.BUILD-SNAPSHOT/spring-expression-4.1.7.BUILD-20150629.142445-25.pom
2/2 KB            Downloaded: https://repo.spring.io/libs-snapshot/org/springframework/spring-expression/4.1.7.BUILD-SNAPSHOT/spring-expression-4.1.7.BUILD-20150629.142445-25.pom (2 KB at 31.4 KB/sec)
Downloading: https://repository.apache.org/snapshots/org/springframework/spring-instrument/4.1.7.BUILD-SNAPSHOT/maven-metadata.xml
Downloading: https://repo.spring.io/libs-snapshot/org/springframework/spring-instrument/4.1.7.BUILD-SNAPSHOT/maven-metadata.xml
3/3 KB            Downloaded: https://repo.spring.io/libs-snapshot/org/springframework/spring-instrument/4.1.7.BUILD-SNAPSHOT/maven-metadata.xml (3 KB at 40.2 KB/sec)
         Downloading: https://oss.sonatype.org/content/repositories/snapshots/org/springframework/spring-instrument/4.1.7.BUILD-SNAPSHOT/spring-instrument-4.1.7.BUILD-20150629.142445-25.pom
         Downloading: https://repository.apache.org/snapshots/org/springframework/spring-instrument/4.1.7.BUILD-SNAPSHOT/spring-instrument-4.1.7.BUILD-20150629.142445-25.pom
         Downloading: https://nexus.codehaus.org/snapshots/org/springframework/spring-instrument/4.1.7.BUILD-SNAPSHOT/spring-instrument-4.1.7.BUILD-20150629.142445-25.pom
         Downloading: https://repo.spring.io/libs-snapshot/org/springframework/spring-instrument/4.1.7.BUILD-SNAPSHOT/spring-instrument-4.1.7.BUILD-20150629.142445-25.pom
2/2 KB            Downloaded: https://repo.spring.io/libs-snapshot/org/springframework/spring-instrument/4.1.7.BUILD-SNAPSHOT/spring-instrument-4.1.7.BUILD-20150629.142445-25.pom (2 KB at 6.9 KB/sec)
Downloading: https://repository.apache.org/snapshots/org/springframework/spring-aspects/4.1.7.BUILD-SNAPSHOT/maven-metadata.xml
Downloading: https://repo.spring.io/libs-snapshot/org/springframework/spring-aspects/4.1.7.BUILD-SNAPSHOT/maven-metadata.xml
3/3 KB            Downloaded: https://repo.spring.io/libs-snapshot/org/springframework/spring-aspects/4.1.7.BUILD-SNAPSHOT/maven-metadata.xml (3 KB at 31.8 KB/sec)
         Downloading: https://oss.sonatype.org/content/repositories/snapshots/org/springframework/spring-aspects/4.1.7.BUILD-SNAPSHOT/spring-aspects-4.1.7.BUILD-20150629.142445-25.pom
         Downloading: https://repository.apache.org/snapshots/org/springframework/spring-aspects/4.1.7.BUILD-SNAPSHOT/spring-aspects-4.1.7.BUILD-20150629.142445-25.pom
         Downloading: https://nexus.codehaus.org/snapshots/org/springframework/spring-aspects/4.1.7.BUILD-SNAPSHOT/spring-aspects-4.1.7.BUILD-20150629.142445-25.pom
         Downloading: https://repo.spring.io/libs-snapshot/org/springframework/spring-aspects/4.1.7.BUILD-SNAPSHOT/spring-aspects-4.1.7.BUILD-20150629.142445-25.pom
4/4 KB            Downloaded: https://repo.spring.io/libs-snapshot/org/springframework/spring-aspects/4.1.7.BUILD-SNAPSHOT/spring-aspects-4.1.7.BUILD-20150629.142445-25.pom (4 KB at 44.5 KB/sec)
Downloading: https://repository.apache.org/snapshots/org/springframework/spring-test/4.1.7.BUILD-SNAPSHOT/maven-metadata.xml
Downloading: https://repo.spring.io/libs-snapshot/org/springframework/spring-test/4.1.7.BUILD-SNAPSHOT/maven-metadata.xml
3/3 KB            Downloaded: https://repo.spring.io/libs-snapshot/org/springframework/spring-test/4.1.7.BUILD-SNAPSHOT/maven-metadata.xml (3 KB at 37.8 KB/sec)
         Downloading: https://oss.sonatype.org/content/repositories/snapshots/org/springframework/spring-test/4.1.7.BUILD-SNAPSHOT/spring-test-4.1.7.BUILD-20150629.142445-25.pom
         Downloading: https://repository.apache.org/snapshots/org/springframework/spring-test/4.1.7.BUILD-SNAPSHOT/spring-test-4.1.7.BUILD-20150629.142445-25.pom
         Downloading: https://nexus.codehaus.org/snapshots/org/springframework/spring-test/4.1.7.BUILD-SNAPSHOT/spring-test-4.1.7.BUILD-20150629.142445-25.pom
         Downloading: https://repo.spring.io/libs-snapshot/org/springframework/spring-test/4.1.7.BUILD-SNAPSHOT/spring-test-4.1.7.BUILD-20150629.142445-25.pom
4/7 KB   7/7 KB            Downloaded: https://repo.spring.io/libs-snapshot/org/springframework/spring-test/4.1.7.BUILD-SNAPSHOT/spring-test-4.1.7.BUILD-20150629.142445-25.pom (7 KB at 135.1 KB/sec)
Downloading: https://repo.spring.io/libs-snapshot/org/springframework/data/spring-data-commons/1.11.0.DATACMNS-293-SNAPSHOT/spring-data-commons-1.11.0.DATACMNS-293-20150630.070156-6.jar
Downloading: https://repo.spring.io/libs-snapshot/org/springframework/spring-jdbc/4.1.7.BUILD-SNAPSHOT/spring-jdbc-4.1.7.BUILD-20150629.142445-25.jar
Downloading: https://repo.spring.io/libs-snapshot/org/springframework/spring-context/4.1.7.BUILD-SNAPSHOT/spring-context-4.1.7.BUILD-20150629.142445-25.jar
Downloading: https://repo.spring.io/libs-snapshot/org/springframework/spring-orm/4.1.7.BUILD-SNAPSHOT/spring-orm-4.1.7.BUILD-20150629.142445-25.jar
Downloading: https://repo.spring.io/libs-snapshot/org/springframework/spring-expression/4.1.7.BUILD-SNAPSHOT/spring-expression-4.1.7.BUILD-20150629.142445-25.jar
4/610 KB   8/610 KB   12/610 KB   14/610 KB   18/610 KB   21/610 KB   25/610 KB   4/368 KB   4/1003 KB   25/610 KB   4/417 KB   4/368 KB   4/1003 KB   29/610 KB   4/417 KB   8/368 KB   4/1003 KB   29/610 KB   4/417 KB   12/368 KB   4/1003 KB   33/610 KB   4/417 KB   14/368 KB   4/1003 KB   33/610 KB   4/417 KB   18/368 KB   4/1003 KB   33/610 KB   4/417 KB   20/368 KB   4/1003 KB   33/610 KB   4/417 KB   8/368 KB   4/1003 KB   33/610 KB   4/417 KB   20/368 KB   4/1003 KB   35/610 KB   4/417 KB   24/368 KB   4/1003 KB   35/610 KB   4/417 KB   28/368 KB   4/1003 KB   35/610 KB   4/417 KB   32/368 KB   4/1003 KB   35/610 KB   4/417 KB   34/368 KB   4/1003 KB   35/610 KB   4/417 KB   34/368 KB   4/1003 KB   39/610 KB   4/417 KB   4/1003 KB   25/610 KB   4/417 KB   25/610 KB   4/417 KB   34/368 KB   8/1003 KB   39/610 KB   4/417 KB   34/368 KB   8/1003 KB   39/610 KB   8/417 KB   34/368 KB   12/1003 KB   39/610 KB   8/417 KB   34/368 KB   12/1003 KB   39/610 KB   12/417 KB   34/368 KB   14/1003 KB   39/610 KB   14/417 KB   34/368 KB   14/1003 KB   39/610 KB   14/417 KB   34/368 KB   18/1003 KB   39/610 KB   14/417 KB   34/368 KB   20/1003 KB   39/610 KB   14/417 KB   34/368 KB   20/1003 KB   39/610 KB   18/417 KB   34/368 KB   20/1003 KB   39/610 KB   20/417 KB   38/368 KB   20/1003 KB   39/610 KB   20/417 KB   42/368 KB   24/1003 KB   39/610 KB   20/417 KB   45/368 KB   24/1003 KB   39/610 KB   20/417 KB   45/368 KB   24/1003 KB   39/610 KB   24/417 KB   45/368 KB   24/1003 KB   39/610 KB   28/417 KB   45/368 KB   24/1003 KB   39/610 KB   32/417 KB   45/368 KB   24/1003 KB   39/610 KB   36/417 KB   45/368 KB   24/1003 KB   39/610 KB   37/417 KB   45/368 KB   24/1003 KB   39/610 KB   41/417 KB   45/368 KB   24/1003 KB   43/610 KB   42/417 KB   38/368 KB   24/1003 KB   39/610 KB   20/417 KB   49/368 KB   4/254 KB   28/1003 KB   43/610 KB   42/417 KB   49/368 KB   4/254 KB   32/1003 KB   43/610 KB   42/417 KB   49/368 KB   4/254 KB   36/1003 KB   43/610 KB   42/417 KB   49/368 KB   4/254 KB   37/1003 KB   43/610 KB   42/417 KB   49/368 KB   4/254 KB   41/1003 KB   43/610 KB   42/417 KB   49/368 KB   4/254 KB   45/1003 KB   43/610 KB   42/417 KB   49/368 KB   4/254 KB   45/1003 KB   43/610 KB   42/417 KB   49/368 KB   4/254 KB   45/1003 KB   43/610 KB   46/417 KB   49/368 KB   4/254 KB   24/1003 KB   43/610 KB   42/417 KB   49/368 KB   4/254 KB   45/1003 KB   43/610 KB   50/417 KB   45/368 KB   4/254 KB   24/1003 KB   43/610 KB   42/417 KB   45/368 KB   24/1003 KB   43/610 KB   41/417 KB   49/368 KB   4/254 KB   45/1003 KB   47/610 KB   52/417 KB   49/368 KB   8/254 KB   45/1003 KB   47/610 KB   52/417 KB   49/368 KB   12/254 KB   45/1003 KB   47/610 KB   52/417 KB   49/368 KB   14/254 KB   45/1003 KB   47/610 KB   52/417 KB   49/368 KB   8/254 KB   45/1003 KB   47/610 KB   52/417 KB   49/368 KB   14/254 KB   45/1003 KB   48/610 KB   52/417 KB   49/368 KB   18/254 KB   45/1003 KB   48/610 KB   52/417 KB   49/368 KB   20/254 KB   45/1003 KB   48/610 KB   52/417 KB   49/368 KB   20/254 KB   45/1003 KB   52/610 KB   52/417 KB   53/368 KB   20/254 KB   45/1003 KB   52/610 KB   52/417 KB   57/368 KB   20/254 KB   45/1003 KB   56/610 KB   52/417 KB   61/368 KB   20/254 KB   45/1003 KB   56/610 KB   52/417 KB   53/368 KB   20/254 KB   45/1003 KB   56/610 KB   52/417 KB   61/368 KB   20/254 KB   45/1003 KB   60/610 KB   52/417 KB   61/368 KB   20/254 KB   45/1003 KB   61/610 KB   52/417 KB   61/368 KB   20/254 KB   45/1003 KB   65/610 KB   52/417 KB   65/368 KB   20/254 KB   49/1003 KB   69/610 KB   52/417 KB   65/368 KB   20/254 KB   49/1003 KB   73/610 KB   52/417 KB   65/368 KB   20/254 KB   49/1003 KB   74/610 KB   52/417 KB   65/368 KB   20/254 KB   49/1003 KB   78/610 KB   52/417 KB   65/368 KB   24/254 KB   49/1003 KB   82/610 KB   52/417 KB   65/368 KB   20/254 KB   49/1003 KB   65/610 KB   52/417 KB   65/368 KB   24/254 KB   53/1003 KB   82/610 KB   52/417 KB   65/368 KB   24/254 KB   57/1003 KB   82/610 KB   52/417 KB   65/368 KB   24/254 KB   61/1003 KB   82/610 KB   52/417 KB   65/368 KB   24/254 KB   61/1003 KB   82/610 KB   56/417 KB   65/368 KB   20/254 KB   45/1003 KB   65/610 KB   52/417 KB   65/368 KB   24/254 KB   61/1003 KB   82/610 KB   60/417 KB   69/368 KB   24/254 KB   61/1003 KB   82/610 KB   60/417 KB   69/368 KB   24/254 KB   61/1003 KB   82/610 KB   64/417 KB   65/368 KB   24/254 KB   49/1003 KB   78/610 KB   52/417 KB   73/368 KB   28/254 KB   61/1003 KB   82/610 KB   68/417 KB   73/368 KB   32/254 KB   61/1003 KB   82/610 KB   68/417 KB   73/368 KB   36/254 KB   61/1003 KB   82/610 KB   68/417 KB   73/368 KB   40/254 KB   61/1003 KB   82/610 KB   68/417 KB   73/368 KB   42/254 KB   61/1003 KB   82/610 KB   68/417 KB   73/368 KB   46/254 KB   61/1003 KB   82/610 KB   68/417 KB   73/368 KB   24/254 KB   61/1003 KB   82/610 KB   68/417 KB   73/368 KB   50/254 KB   65/1003 KB   86/610 KB   68/417 KB   73/368 KB   54/254 KB   65/1003 KB   86/610 KB   68/417 KB   73/368 KB   24/254 KB   61/1003 KB   82/610 KB   68/417 KB   73/368 KB   46/254 KB   65/1003 KB   86/610 KB   68/417 KB   74/368 KB   54/254 KB   65/1003 KB   86/610 KB   68/417 KB   73/368 KB   46/254 KB   61/1003 KB   86/610 KB   68/417 KB   74/368 KB   54/254 KB   65/1003 KB   86/610 KB   68/417 KB   74/368 KB   54/254 KB   65/1003 KB   90/610 KB   68/417 KB   78/368 KB   58/254 KB   69/1003 KB   94/610 KB   71/417 KB   78/368 KB   58/254 KB   69/1003 KB   98/610 KB   71/417 KB   78/368 KB   58/254 KB   69/1003 KB   102/610 KB   71/417 KB   78/368 KB   58/254 KB   69/1003 KB   106/610 KB   71/417 KB   78/368 KB   58/254 KB   69/1003 KB   110/610 KB   71/417 KB   78/368 KB   58/254 KB   69/1003 KB   90/610 KB   71/417 KB   78/368 KB   54/254 KB   69/1003 KB   90/610 KB   71/417 KB   78/368 KB   62/254 KB   69/1003 KB   114/610 KB   71/417 KB   78/368 KB   66/254 KB   69/1003 KB   114/610 KB   71/417 KB   78/368 KB   70/254 KB   69/1003 KB   114/610 KB   71/417 KB   74/368 KB   54/254 KB   69/1003 KB   90/610 KB   68/417 KB   78/368 KB   70/254 KB   73/1003 KB   114/610 KB   71/417 KB   78/368 KB   70/254 KB   77/1003 KB   114/610 KB   71/417 KB   78/368 KB   70/254 KB   77/1003 KB   114/610 KB   75/417 KB   78/368 KB   70/254 KB   77/1003 KB   114/610 KB   79/417 KB   78/368 KB   70/254 KB   77/1003 KB   114/610 KB   79/417 KB   78/368 KB   70/254 KB   81/1003 KB   114/610 KB   79/417 KB   78/368 KB   70/254 KB   85/1003 KB   114/610 KB   79/417 KB   78/368 KB   70/254 KB   89/1003 KB   114/610 KB   79/417 KB   78/368 KB   70/254 KB   93/1003 KB   114/610 KB   79/417 KB   78/368 KB   70/254 KB   93/1003 KB   114/610 KB   83/417 KB   78/368 KB   74/254 KB   93/1003 KB   114/610 KB   87/417 KB   78/368 KB   74/254 KB   93/1003 KB   114/610 KB   90/417 KB   78/368 KB   74/254 KB   97/1003 KB   114/610 KB   90/417 KB   78/368 KB   74/254 KB   101/1003 KB   114/610 KB   90/417 KB   78/368 KB   74/254 KB   105/1003 KB   114/610 KB   90/417 KB   78/368 KB   74/254 KB   105/1003 KB   114/610 KB   94/417 KB   78/368 KB   54/254 KB   69/1003 KB   90/610 KB   68/417 KB   82/368 KB   74/254 KB   109/1003 KB   114/610 KB   98/417 KB   86/368 KB   74/254 KB   109/1003 KB   114/610 KB   98/417 KB   90/368 KB   74/254 KB   109/1003 KB   114/610 KB   98/417 KB   78/368 KB   74/254 KB   109/1003 KB   114/610 KB   98/417 KB   90/368 KB   74/254 KB   109/1003 KB   114/610 KB   99/417 KB   93/368 KB   74/254 KB   109/1003 KB   114/610 KB   99/417 KB   93/368 KB   74/254 KB   109/1003 KB   114/610 KB   103/417 KB   93/368 KB   74/254 KB   109/1003 KB   114/610 KB   107/417 KB   93/368 KB   74/254 KB   109/1003 KB   114/610 KB   111/417 KB   93/368 KB   74/254 KB   109/1003 KB   114/610 KB   115/417 KB   97/368 KB   74/254 KB   109/1003 KB   114/610 KB   115/417 KB   101/368 KB   74/254 KB   109/1003 KB   114/610 KB   115/417 KB   103/368 KB   74/254 KB   109/1003 KB   114/610 KB   115/417 KB   103/368 KB   74/254 KB   109/1003 KB   114/610 KB   119/417 KB   103/368 KB   74/254 KB   109/1003 KB   114/610 KB   123/417 KB   103/368 KB   74/254 KB   109/1003 KB   114/610 KB   127/417 KB   103/368 KB   74/254 KB   109/1003 KB   114/610 KB   131/417 KB   78/368 KB   74/254 KB   109/1003 KB   114/610 KB   94/417 KB   78/368 KB   74/254 KB   93/1003 KB   114/610 KB   83/417 KB   78/368 KB   74/254 KB   93/1003 KB   114/610 KB   83/417 KB   103/368 KB   74/254 KB   109/1003 KB   118/610 KB   131/417 KB   103/368 KB   78/254 KB   109/1003 KB   118/610 KB   131/417 KB   103/368 KB   82/254 KB   109/1003 KB   118/610 KB   131/417 KB   103/368 KB   86/254 KB   109/1003 KB   118/610 KB   131/417 KB   103/368 KB   90/254 KB   109/1003 KB   118/610 KB   131/417 KB   103/368 KB   94/254 KB   109/1003 KB   118/610 KB   131/417 KB   103/368 KB   98/254 KB   109/1003 KB   118/610 KB   131/417 KB   103/368 KB   99/254 KB   109/1003 KB   118/610 KB   131/417 KB   103/368 KB   99/254 KB   109/1003 KB   122/610 KB   131/417 KB   103/368 KB   99/254 KB   109/1003 KB   126/610 KB   131/417 KB   103/368 KB   99/254 KB   109/1003 KB   130/610 KB   131/417 KB   103/368 KB   99/254 KB   109/1003 KB   134/610 KB   131/417 KB   103/368 KB   103/254 KB   109/1003 KB   134/610 KB   131/417 KB   103/368 KB   107/254 KB   109/1003 KB   134/610 KB   131/417 KB   103/368 KB   110/254 KB   109/1003 KB   134/610 KB   131/417 KB   103/368 KB   114/254 KB   109/1003 KB   134/610 KB   131/417 KB   103/368 KB   118/254 KB   113/1003 KB   134/610 KB   135/417 KB   103/368 KB   122/254 KB   113/1003 KB   134/610 KB   135/417 KB   103/368 KB   126/254 KB   113/1003 KB   134/610 KB   135/417 KB   103/368 KB   130/254 KB   113/1003 KB   134/610 KB   135/417 KB   103/368 KB   134/254 KB   113/1003 KB   134/610 KB   135/417 KB   103/368 KB   138/254 KB   113/1003 KB   134/610 KB   135/417 KB   103/368 KB   142/254 KB   113/1003 KB   134/610 KB   135/417 KB   103/368 KB   114/254 KB   113/1003 KB   134/610 KB   131/417 KB   103/368 KB   114/254 KB   113/1003 KB   134/610 KB   135/417 KB   103/368 KB   142/254 KB   117/1003 KB   134/610 KB   135/417 KB   103/368 KB   142/254 KB   117/1003 KB   134/610 KB   139/417 KB   103/368 KB   142/254 KB   121/1003 KB   134/610 KB   139/417 KB   103/368 KB   142/254 KB   121/1003 KB   134/610 KB   143/417 KB   103/368 KB   142/254 KB   121/1003 KB   134/610 KB   147/417 KB   103/368 KB   142/254 KB   121/1003 KB   134/610 KB   151/417 KB   103/368 KB   142/254 KB   121/1003 KB   134/610 KB   155/417 KB   103/368 KB   142/254 KB   121/1003 KB   134/610 KB   159/417 KB   103/368 KB   142/254 KB   121/1003 KB   134/610 KB   163/417 KB   103/368 KB   142/254 KB   125/1003 KB   134/610 KB   163/417 KB   107/368 KB   142/254 KB   129/1003 KB   138/610 KB   163/417 KB   107/368 KB   142/254 KB   133/1003 KB   138/610 KB   163/417 KB   107/368 KB   142/254 KB   137/1003 KB   138/610 KB   163/417 KB   103/368 KB   142/254 KB   125/1003 KB   138/610 KB   163/417 KB   107/368 KB   142/254 KB   137/1003 KB   142/610 KB   163/417 KB   107/368 KB   142/254 KB   137/1003 KB   146/610 KB   163/417 KB   107/368 KB   142/254 KB   137/1003 KB   150/610 KB   163/417 KB   107/368 KB   146/254 KB   137/1003 KB   150/610 KB   163/417 KB   107/368 KB   150/254 KB   137/1003 KB   150/610 KB   167/417 KB   107/368 KB   154/254 KB   137/1003 KB   150/610 KB   167/417 KB   107/368 KB   158/254 KB   137/1003 KB   150/610 KB   167/417 KB   107/368 KB   142/254 KB   125/1003 KB   138/610 KB   163/417 KB   111/368 KB   158/254 KB   137/1003 KB   150/610 KB   167/417 KB   115/368 KB   158/254 KB   137/1003 KB   150/610 KB   167/417 KB   119/368 KB   158/254 KB   137/1003 KB   150/610 KB   167/417 KB   120/368 KB   158/254 KB   137/1003 KB   150/610 KB   167/417 KB   120/368 KB   162/254 KB   137/1003 KB   150/610 KB   167/417 KB   124/368 KB   166/254 KB   141/1003 KB   154/610 KB   167/417 KB   124/368 KB   170/254 KB   141/1003 KB   154/610 KB   167/417 KB   124/368 KB   174/254 KB   141/1003 KB   154/610 KB   167/417 KB   124/368 KB   178/254 KB   141/1003 KB   154/610 KB   167/417 KB   107/368 KB   146/254 KB   137/1003 KB   150/610 KB   167/417 KB   124/368 KB   178/254 KB   141/1003 KB   154/610 KB   171/417 KB   124/368 KB   178/254 KB   141/1003 KB   154/610 KB   175/417 KB   124/368 KB   178/254 KB   141/1003 KB   154/610 KB   179/417 KB   124/368 KB   178/254 KB   141/1003 KB   154/610 KB   183/417 KB   124/368 KB   162/254 KB   141/1003 KB   154/610 KB   167/417 KB   124/368 KB   162/254 KB   137/1003 KB   154/610 KB   167/417 KB   124/368 KB   178/254 KB   145/1003 KB   154/610 KB   183/417 KB   124/368 KB   178/254 KB   149/1003 KB   154/610 KB   183/417 KB   124/368 KB   178/254 KB   153/1003 KB   154/610 KB   183/417 KB   124/368 KB   178/254 KB   153/1003 KB   158/610 KB   183/417 KB   124/368 KB   178/254 KB   153/1003 KB   162/610 KB   183/417 KB   124/368 KB   178/254 KB   153/1003 KB   166/610 KB   183/417 KB   124/368 KB   178/254 KB   157/1003 KB   166/610 KB   183/417 KB   124/368 KB   162/254 KB   137/1003 KB   150/610 KB   167/417 KB   128/368 KB   182/254 KB   161/1003 KB   166/610 KB   187/417 KB   132/368 KB   182/254 KB   161/1003 KB   166/610 KB   187/417 KB   133/368 KB   182/254 KB   161/1003 KB   166/610 KB   187/417 KB   137/368 KB   182/254 KB   161/1003 KB   166/610 KB   187/417 KB   141/368 KB   182/254 KB   161/1003 KB   170/610 KB   187/417 KB   145/368 KB   182/254 KB   161/1003 KB   170/610 KB   187/417 KB   149/368 KB   182/254 KB   161/1003 KB   170/610 KB   187/417 KB   153/368 KB   182/254 KB   161/1003 KB   170/610 KB   187/417 KB   124/368 KB   182/254 KB   161/1003 KB   166/610 KB   187/417 KB   124/368 KB   182/254 KB   157/1003 KB   166/610 KB   187/417 KB   153/368 KB   182/254 KB   165/1003 KB   170/610 KB   187/417 KB   124/368 KB   178/254 KB   157/1003 KB   166/610 KB   187/417 KB   153/368 KB   186/254 KB   169/1003 KB   170/610 KB   187/417 KB   153/368 KB   186/254 KB   165/1003 KB   170/610 KB   187/417 KB   153/368 KB   190/254 KB   169/1003 KB   170/610 KB   191/417 KB   153/368 KB   194/254 KB   169/1003 KB   170/610 KB   191/417 KB   153/368 KB   198/254 KB   169/1003 KB   170/610 KB   191/417 KB   153/368 KB   202/254 KB   169/1003 KB   170/610 KB   191/417 KB   153/368 KB   206/254 KB   169/1003 KB   170/610 KB   191/417 KB   137/368 KB   182/254 KB   161/1003 KB   170/610 KB   187/417 KB   153/368 KB   186/254 KB   169/1003 KB   170/610 KB   191/417 KB   153/368 KB   206/254 KB   169/1003 KB   170/610 KB   195/417 KB   153/368 KB   206/254 KB   169/1003 KB   174/610 KB   195/417 KB   153/368 KB   206/254 KB   169/1003 KB   178/610 KB   195/417 KB   153/368 KB   206/254 KB   169/1003 KB   182/610 KB   195/417 KB   153/368 KB   206/254 KB   169/1003 KB   182/610 KB   199/417 KB   153/368 KB   206/254 KB   169/1003 KB   182/610 KB   203/417 KB   153/368 KB   206/254 KB   169/1003 KB   182/610 KB   207/417 KB   153/368 KB   206/254 KB   169/1003 KB   182/610 KB   211/417 KB   153/368 KB   206/254 KB   173/1003 KB   182/610 KB   211/417 KB   153/368 KB   206/254 KB   177/1003 KB   186/610 KB   215/417 KB   153/368 KB   206/254 KB   181/1003 KB   186/610 KB   215/417 KB   153/368 KB   206/254 KB   185/1003 KB   186/610 KB   215/417 KB   153/368 KB   210/254 KB   185/1003 KB   186/610 KB   215/417 KB   153/368 KB   214/254 KB   185/1003 KB   186/610 KB   215/417 KB   153/368 KB   206/254 KB   173/1003 KB   186/610 KB   215/417 KB   153/368 KB   206/254 KB   173/1003 KB   182/610 KB   215/417 KB   153/368 KB   218/254 KB   185/1003 KB   186/610 KB   219/417 KB   153/368 KB   218/254 KB   185/1003 KB   186/610 KB   223/417 KB   153/368 KB   218/254 KB   185/1003 KB   190/610 KB   227/417 KB   153/368 KB   218/254 KB   185/1003 KB   194/610 KB   227/417 KB   153/368 KB   218/254 KB   185/1003 KB   198/610 KB   227/417 KB   153/368 KB   218/254 KB   185/1003 KB   186/610 KB   215/417 KB   153/368 KB   218/254 KB   185/1003 KB   190/610 KB   227/417 KB   153/368 KB   218/254 KB   185/1003 KB   202/610 KB   227/417 KB   153/368 KB   218/254 KB   185/1003 KB   206/610 KB   227/417 KB   153/368 KB   218/254 KB   185/1003 KB   210/610 KB   227/417 KB   153/368 KB   218/254 KB   185/1003 KB   214/610 KB   227/417 KB   153/368 KB   218/254 KB   185/1003 KB   214/610 KB   231/417 KB   153/368 KB   222/254 KB   185/1003 KB   214/610 KB   235/417 KB   153/368 KB   222/254 KB   185/1003 KB   214/610 KB   239/417 KB   153/368 KB   222/254 KB   185/1003 KB   214/610 KB   243/417 KB   153/368 KB   222/254 KB   185/1003 KB   214/610 KB   247/417 KB   153/368 KB   222/254 KB   185/1003 KB   214/610 KB   231/417 KB   157/368 KB   226/254 KB   189/1003 KB   218/610 KB   247/417 KB   157/368 KB   230/254 KB   189/1003 KB   218/610 KB   247/417 KB   157/368 KB   234/254 KB   189/1003 KB   218/610 KB   247/417 KB   157/368 KB   238/254 KB   189/1003 KB   218/610 KB   247/417 KB   157/368 KB   242/254 KB   189/1003 KB   218/610 KB   247/417 KB   157/368 KB   246/254 KB   189/1003 KB   218/610 KB   251/417 KB   157/368 KB   250/254 KB   189/1003 KB   218/610 KB   251/417 KB   157/368 KB   254/254 KB   189/1003 KB   218/610 KB   251/417 KB   157/368 KB   222/254 KB   189/1003 KB   218/610 KB   247/417 KB   157/368 KB   222/254 KB   185/1003 KB   218/610 KB   247/417 KB   157/368 KB   222/254 KB   185/1003 KB   214/610 KB   247/417 KB   161/368 KB   254/254 KB   193/1003 KB   218/610 KB   251/417 KB   165/368 KB   254/254 KB   193/1003 KB   218/610 KB   251/417 KB   169/368 KB   254/254 KB   193/1003 KB   218/610 KB   251/417 KB   157/368 KB   254/254 KB   193/1003 KB   218/610 KB   251/417 KB   173/368 KB   254/254 KB   193/1003 KB   222/610 KB   251/417 KB   157/368 KB   242/254 KB   189/1003 KB   218/610 KB   251/417 KB   177/368 KB   254/254 KB   193/1003 KB   222/610 KB   251/417 KB   181/368 KB   254/254 KB   193/1003 KB   222/610 KB   255/417 KB   181/368 KB   254/254 KB   197/1003 KB   222/610 KB   255/417 KB   181/368 KB   254/254 KB   201/1003 KB   222/610 KB   255/417 KB   181/368 KB   254/254 KB   205/1003 KB   222/610 KB   255/417 KB   181/368 KB   254/254 KB   209/1003 KB   222/610 KB   255/417 KB   181/368 KB   254/254 KB   213/1003 KB   222/610 KB   255/417 KB   181/368 KB   254/254 KB   217/1003 KB   222/610 KB   255/417 KB   185/368 KB   254/254 KB   217/1003 KB   222/610 KB   255/417 KB   169/368 KB   254/254 KB   193/1003 KB   222/610 KB   251/417 KB   185/368 KB   254/254 KB   217/1003 KB   226/610 KB   255/417 KB   185/368 KB   254/254 KB   217/1003 KB   230/610 KB   255/417 KB   181/368 KB   254/254 KB   193/1003 KB   222/610 KB   255/417 KB   185/368 KB   254/254 KB   217/1003 KB   230/610 KB   259/417 KB   185/368 KB   254/254 KB   217/1003 KB   230/610 KB   263/417 KB   185/368 KB   254/254 KB   217/1003 KB   230/610 KB   267/417 KB   185/368 KB   254/254 KB   217/1003 KB   230/610 KB   271/417 KB   185/368 KB   254/254 KB   217/1003 KB   230/610 KB   275/417 KB   185/368 KB   254/254 KB   217/1003 KB   234/610 KB   275/417 KB   185/368 KB   254/254 KB   217/1003 KB   238/610 KB   275/417 KB   185/368 KB   254/254 KB   217/1003 KB   242/610 KB   275/417 KB   185/368 KB   254/254 KB   217/1003 KB   246/610 KB   275/417 KB                                                                     Downloaded: https://repo.spring.io/libs-snapshot/org/springframework/spring-expression/4.1.7.BUILD-SNAPSHOT/spring-expression-4.1.7.BUILD-20150629.142445-25.jar (254 KB at 715.1 KB/sec)
Downloading: https://repo.spring.io/libs-snapshot/org/springframework/spring-aop/4.1.7.BUILD-SNAPSHOT/spring-aop-4.1.7.BUILD-20150629.142445-25.jar
189/368 KB   217/1003 KB   246/610 KB   275/417 KB                193/368 KB   221/1003 KB   246/610 KB   275/417 KB   197/368 KB   221/1003 KB   246/610 KB   275/417 KB   197/368 KB   221/1003 KB   250/610 KB   275/417 KB   197/368 KB   221/1003 KB   254/610 KB   275/417 KB   197/368 KB   221/1003 KB   258/610 KB   275/417 KB   197/368 KB   221/1003 KB   262/610 KB   275/417 KB   201/368 KB   221/1003 KB   262/610 KB   275/417 KB   205/368 KB   221/1003 KB   262/610 KB   279/417 KB   209/368 KB   221/1003 KB   262/610 KB   279/417 KB   213/368 KB   221/1003 KB   262/610 KB   279/417 KB   189/368 KB   221/1003 KB   246/610 KB   275/417 KB   213/368 KB   225/1003 KB   262/610 KB   279/417 KB   213/368 KB   229/1003 KB   262/610 KB   279/417 KB   213/368 KB   233/1003 KB   262/610 KB   279/417 KB   213/368 KB   237/1003 KB   262/610 KB   279/417 KB   201/368 KB   221/1003 KB   262/610 KB   279/417 KB   217/368 KB   237/1003 KB   262/610 KB   283/417 KB   217/368 KB   237/1003 KB   262/610 KB   287/417 KB   217/368 KB   237/1003 KB   262/610 KB   291/417 KB   217/368 KB   237/1003 KB   262/610 KB   295/417 KB   217/368 KB   237/1003 KB   262/610 KB   299/417 KB   217/368 KB   237/1003 KB   262/610 KB   303/417 KB   217/368 KB   237/1003 KB   262/610 KB   307/417 KB   217/368 KB   237/1003 KB   262/610 KB   311/417 KB   217/368 KB   4/352 KB   241/1003 KB   262/610 KB   311/417 KB   217/368 KB   8/352 KB   241/1003 KB   262/610 KB   315/417 KB   217/368 KB   12/352 KB   241/1003 KB   262/610 KB   315/417 KB   217/368 KB   16/352 KB   241/1003 KB   262/610 KB   315/417 KB   217/368 KB   16/352 KB   241/1003 KB   266/610 KB   315/417 KB   217/368 KB   16/352 KB   241/1003 KB   270/610 KB   315/417 KB   217/368 KB   16/352 KB   241/1003 KB   274/610 KB   315/417 KB   217/368 KB   16/352 KB   241/1003 KB   278/610 KB   315/417 KB   217/368 KB   16/352 KB   241/1003 KB   282/610 KB   315/417 KB   217/368 KB   237/1003 KB   262/610 KB   279/417 KB   221/368 KB   20/352 KB   241/1003 KB   282/610 KB   315/417 KB   221/368 KB   24/352 KB   241/1003 KB   282/610 KB   315/417 KB   221/368 KB   28/352 KB   241/1003 KB   282/610 KB   315/417 KB   221/368 KB   32/352 KB   241/1003 KB   282/610 KB   315/417 KB   221/368 KB   32/352 KB   241/1003 KB   282/610 KB   315/417 KB   221/368 KB   16/352 KB   241/1003 KB   282/610 KB   315/417 KB   225/368 KB   32/352 KB   241/1003 KB   282/610 KB   315/417 KB   229/368 KB   32/352 KB   241/1003 KB   282/610 KB   315/417 KB   229/368 KB   36/352 KB   241/1003 KB   282/610 KB   315/417 KB   229/368 KB   40/352 KB   241/1003 KB   282/610 KB   315/417 KB   229/368 KB   44/352 KB   241/1003 KB   282/610 KB   315/417 KB   229/368 KB   48/352 KB   241/1003 KB   282/610 KB   315/417 KB   233/368 KB   48/352 KB   241/1003 KB   282/610 KB   315/417 KB   237/368 KB   52/352 KB   241/1003 KB   286/610 KB   315/417 KB   241/368 KB   52/352 KB   241/1003 KB   286/610 KB   315/417 KB   245/368 KB   52/352 KB   241/1003 KB   286/610 KB   315/417 KB   249/368 KB   52/352 KB   241/1003 KB   286/610 KB   315/417 KB   217/368 KB   4/352 KB   241/1003 KB   262/610 KB   315/417 KB   217/368 KB   241/1003 KB   262/610 KB   311/417 KB   249/368 KB   52/352 KB   245/1003 KB   286/610 KB   315/417 KB   249/368 KB   52/352 KB   249/1003 KB   286/610 KB   315/417 KB   249/368 KB   52/352 KB   253/1003 KB   286/610 KB   315/417 KB   249/368 KB   52/352 KB   257/1003 KB   286/610 KB   319/417 KB   249/368 KB   52/352 KB   261/1003 KB   286/610 KB   319/417 KB   249/368 KB   52/352 KB   265/1003 KB   286/610 KB   319/417 KB   249/368 KB   52/352 KB   269/1003 KB   286/610 KB   319/417 KB   249/368 KB   52/352 KB   273/1003 KB   286/610 KB   319/417 KB   249/368 KB   52/352 KB   277/1003 KB   286/610 KB   319/417 KB   249/368 KB   52/352 KB   281/1003 KB   286/610 KB   319/417 KB   249/368 KB   52/352 KB   285/1003 KB   286/610 KB   319/417 KB   233/368 KB   52/352 KB   241/1003 KB   286/610 KB   315/417 KB   233/368 KB   52/352 KB   241/1003 KB   282/610 KB   315/417 KB   253/368 KB   52/352 KB   289/1003 KB   290/610 KB   319/417 KB   253/368 KB   52/352 KB   285/1003 KB   290/610 KB   319/417 KB   253/368 KB   52/352 KB   289/1003 KB   294/610 KB   319/417 KB   253/368 KB   56/352 KB   289/1003 KB   294/610 KB   319/417 KB   253/368 KB   57/352 KB   289/1003 KB   294/610 KB   319/417 KB   253/368 KB   57/352 KB   289/1003 KB   298/610 KB   319/417 KB   253/368 KB   57/352 KB   289/1003 KB   302/610 KB   319/417 KB   253/368 KB   57/352 KB   289/1003 KB   306/610 KB   319/417 KB   253/368 KB   57/352 KB   289/1003 KB   310/610 KB   319/417 KB   253/368 KB   61/352 KB   289/1003 KB   310/610 KB   319/417 KB   253/368 KB   65/352 KB   289/1003 KB   310/610 KB   319/417 KB   253/368 KB   69/352 KB   289/1003 KB   310/610 KB   319/417 KB   253/368 KB   73/352 KB   289/1003 KB   310/610 KB   319/417 KB   253/368 KB   73/352 KB   289/1003 KB   314/610 KB   319/417 KB   253/368 KB   52/352 KB   285/1003 KB   286/610 KB   319/417 KB   249/368 KB   52/352 KB   253/1003 KB   286/610 KB   319/417 KB   253/368 KB   73/352 KB   293/1003 KB   314/610 KB   323/417 KB   253/368 KB   73/352 KB   293/1003 KB   314/610 KB   327/417 KB   253/368 KB   73/352 KB   293/1003 KB   314/610 KB   331/417 KB   253/368 KB   73/352 KB   293/1003 KB   314/610 KB   335/417 KB   253/368 KB   73/352 KB   293/1003 KB   314/610 KB   339/417 KB   253/368 KB   77/352 KB   293/1003 KB   314/610 KB   339/417 KB   253/368 KB   81/352 KB   293/1003 KB   314/610 KB   339/417 KB   253/368 KB   85/352 KB   293/1003 KB   314/610 KB   339/417 KB   253/368 KB   89/352 KB   293/1003 KB   314/610 KB   339/417 KB   253/368 KB   93/352 KB   293/1003 KB   314/610 KB   339/417 KB   253/368 KB   96/352 KB   293/1003 KB   314/610 KB   339/417 KB   257/368 KB   96/352 KB   293/1003 KB   314/610 KB   343/417 KB   261/368 KB   96/352 KB   293/1003 KB   314/610 KB   343/417 KB   265/368 KB   96/352 KB   293/1003 KB   314/610 KB   343/417 KB   269/368 KB   96/352 KB   293/1003 KB   318/610 KB   343/417 KB   273/368 KB   96/352 KB   293/1003 KB   318/610 KB   343/417 KB   277/368 KB   96/352 KB   293/1003 KB   318/610 KB   343/417 KB   277/368 KB   100/352 KB   293/1003 KB   318/610 KB   343/417 KB   277/368 KB   104/352 KB   293/1003 KB   318/610 KB   343/417 KB   277/368 KB   108/352 KB   293/1003 KB   318/610 KB   343/417 KB   277/368 KB   112/352 KB   293/1003 KB   318/610 KB   343/417 KB   281/368 KB   112/352 KB   293/1003 KB   318/610 KB   343/417 KB   253/368 KB   73/352 KB   293/1003 KB   314/610 KB   319/417 KB   281/368 KB   112/352 KB   297/1003 KB   318/610 KB   343/417 KB   281/368 KB   112/352 KB   301/1003 KB   318/610 KB   343/417 KB   281/368 KB   112/352 KB   305/1003 KB   318/610 KB   343/417 KB   281/368 KB   112/352 KB   309/1003 KB   318/610 KB   343/417 KB   281/368 KB   112/352 KB   313/1003 KB   318/610 KB   343/417 KB   281/368 KB   116/352 KB   313/1003 KB   318/610 KB   343/417 KB   281/368 KB   120/352 KB   313/1003 KB   318/610 KB   343/417 KB   281/368 KB   124/352 KB   313/1003 KB   318/610 KB   343/417 KB   281/368 KB   128/352 KB   313/1003 KB   318/610 KB   343/417 KB   281/368 KB   128/352 KB   317/1003 KB   318/610 KB   343/417 KB   265/368 KB   96/352 KB   293/1003 KB   318/610 KB   343/417 KB   285/368 KB   128/352 KB   317/1003 KB   322/610 KB   343/417 KB   285/368 KB   128/352 KB   317/1003 KB   326/610 KB   343/417 KB   285/368 KB   132/352 KB   317/1003 KB   326/610 KB   343/417 KB   285/368 KB   136/352 KB   317/1003 KB   326/610 KB   343/417 KB   285/368 KB   140/352 KB   317/1003 KB   326/610 KB   343/417 KB   285/368 KB   144/352 KB   317/1003 KB   326/610 KB   343/417 KB   285/368 KB   144/352 KB   317/1003 KB   330/610 KB   343/417 KB   253/368 KB   96/352 KB   293/1003 KB   314/610 KB   343/417 KB   285/368 KB   144/352 KB   317/1003 KB   330/610 KB   347/417 KB   285/368 KB   144/352 KB   317/1003 KB   330/610 KB   351/417 KB   285/368 KB   144/352 KB   317/1003 KB   330/610 KB   355/417 KB   285/368 KB   144/352 KB   317/1003 KB   330/610 KB   359/417 KB   285/368 KB   144/352 KB   317/1003 KB   330/610 KB   363/417 KB   285/368 KB   144/352 KB   317/1003 KB   330/610 KB   367/417 KB   285/368 KB   144/352 KB   317/1003 KB   330/610 KB   371/417 KB   285/368 KB   144/352 KB   317/1003 KB   330/610 KB   375/417 KB   285/368 KB   144/352 KB   317/1003 KB   334/610 KB   379/417 KB   285/368 KB   144/352 KB   317/1003 KB   334/610 KB   383/417 KB   285/368 KB   144/352 KB   317/1003 KB   334/610 KB   387/417 KB   285/368 KB   128/352 KB   317/1003 KB   318/610 KB   343/417 KB   289/368 KB   144/352 KB   317/1003 KB   334/610 KB   387/417 KB   293/368 KB   144/352 KB   317/1003 KB   334/610 KB   387/417 KB   285/368 KB   144/352 KB   317/1003 KB   334/610 KB   375/417 KB   293/368 KB   144/352 KB   317/1003 KB   338/610 KB   387/417 KB   293/368 KB   144/352 KB   317/1003 KB   342/610 KB   387/417 KB   293/368 KB   144/352 KB   317/1003 KB   346/610 KB   387/417 KB   297/368 KB   144/352 KB   321/1003 KB   350/610 KB   391/417 KB   297/368 KB   144/352 KB   321/1003 KB   354/610 KB   391/417 KB   297/368 KB   144/352 KB   321/1003 KB   358/610 KB   391/417 KB   297/368 KB   144/352 KB   321/1003 KB   362/610 KB   391/417 KB   297/368 KB   144/352 KB   321/1003 KB   346/610 KB   391/417 KB   301/368 KB   144/352 KB   321/1003 KB   362/610 KB   391/417 KB   305/368 KB   144/352 KB   321/1003 KB   362/610 KB   391/417 KB   309/368 KB   144/352 KB   321/1003 KB   362/610 KB   391/417 KB   309/368 KB   148/352 KB   321/1003 KB   362/610 KB   391/417 KB   309/368 KB   152/352 KB   321/1003 KB   362/610 KB   391/417 KB   309/368 KB   156/352 KB   321/1003 KB   362/610 KB   391/417 KB   309/368 KB   160/352 KB   321/1003 KB   362/610 KB   391/417 KB   293/368 KB   144/352 KB   321/1003 KB   346/610 KB   387/417 KB   309/368 KB   160/352 KB   325/1003 KB   362/610 KB   391/417 KB   309/368 KB   160/352 KB   329/1003 KB   362/610 KB   391/417 KB   309/368 KB   160/352 KB   333/1003 KB   362/610 KB   391/417 KB   309/368 KB   160/352 KB   337/1003 KB   362/610 KB   391/417 KB   309/368 KB   160/352 KB   341/1003 KB   362/610 KB   391/417 KB   309/368 KB   160/352 KB   345/1003 KB   362/610 KB   391/417 KB   309/368 KB   160/352 KB   349/1003 KB   362/610 KB   391/417 KB   293/368 KB   144/352 KB   321/1003 KB   346/610 KB   391/417 KB   313/368 KB   160/352 KB   349/1003 KB   366/610 KB   395/417 KB   313/368 KB   160/352 KB   349/1003 KB   366/610 KB   399/417 KB   313/368 KB   160/352 KB   349/1003 KB   366/610 KB   403/417 KB   313/368 KB   164/352 KB   349/1003 KB   366/610 KB   403/417 KB   313/368 KB   168/352 KB   349/1003 KB   366/610 KB   403/417 KB   313/368 KB   172/352 KB   349/1003 KB   366/610 KB   403/417 KB   313/368 KB   176/352 KB   349/1003 KB   366/610 KB   403/417 KB   313/368 KB   176/352 KB   349/1003 KB   366/610 KB   407/417 KB   313/368 KB   176/352 KB   349/1003 KB   366/610 KB   411/417 KB   313/368 KB   176/352 KB   349/1003 KB   366/610 KB   415/417 KB   313/368 KB   176/352 KB   349/1003 KB   366/610 KB   417/417 KB   313/368 KB   160/352 KB   349/1003 KB   366/610 KB   391/417 KB   313/368 KB   176/352 KB   349/1003 KB   370/610 KB   417/417 KB   313/368 KB   176/352 KB   349/1003 KB   374/610 KB   417/417 KB   313/368 KB   176/352 KB   349/1003 KB   378/610 KB   417/417 KB   313/368 KB   160/352 KB   349/1003 KB   362/610 KB   391/417 KB   317/368 KB   176/352 KB   353/1003 KB   378/610 KB   417/417 KB   321/368 KB   176/352 KB   353/1003 KB   378/610 KB   417/417 KB   325/368 KB   176/352 KB   353/1003 KB   378/610 KB   417/417 KB   329/368 KB   176/352 KB   353/1003 KB   378/610 KB   417/417 KB   333/368 KB   176/352 KB   353/1003 KB   378/610 KB   417/417 KB   337/368 KB   176/352 KB   353/1003 KB   378/610 KB   417/417 KB   341/368 KB   176/352 KB   353/1003 KB   378/610 KB   417/417 KB   341/368 KB   180/352 KB   353/1003 KB   378/610 KB   417/417 KB   313/368 KB   176/352 KB   353/1003 KB   378/610 KB   417/417 KB   345/368 KB   180/352 KB   357/1003 KB   382/610 KB   417/417 KB   345/368 KB   180/352 KB   361/1003 KB   382/610 KB   417/417 KB   345/368 KB   184/352 KB   361/1003 KB   382/610 KB   417/417 KB   345/368 KB   188/352 KB   361/1003 KB   382/610 KB   417/417 KB   345/368 KB   192/352 KB   361/1003 KB   382/610 KB   417/417 KB   345/368 KB   192/352 KB   365/1003 KB   382/610 KB   417/417 KB   345/368 KB   192/352 KB   369/1003 KB   382/610 KB   417/417 KB   345/368 KB   192/352 KB   373/1003 KB   382/610 KB   417/417 KB   345/368 KB   192/352 KB   377/1003 KB   382/610 KB   417/417 KB   345/368 KB   196/352 KB   377/1003 KB   382/610 KB   417/417 KB   345/368 KB   200/352 KB   377/1003 KB   382/610 KB   417/417 KB   345/368 KB   204/352 KB   377/1003 KB   382/610 KB   417/417 KB   345/368 KB   208/352 KB   377/1003 KB   382/610 KB   417/417 KB   345/368 KB   208/352 KB   381/1003 KB   382/610 KB   417/417 KB   345/368 KB   180/352 KB   353/1003 KB   382/610 KB   417/417 KB   345/368 KB   208/352 KB   381/1003 KB   386/610 KB   417/417 KB   345/368 KB   208/352 KB   381/1003 KB   390/610 KB   417/417 KB                                                                     Downloaded: https://repo.spring.io/libs-snapshot/org/springframework/spring-jdbc/4.1.7.BUILD-SNAPSHOT/spring-jdbc-4.1.7.BUILD-20150629.142445-25.jar (417 KB at 752.2 KB/sec)
Downloading: https://repo.spring.io/libs-snapshot/org/springframework/spring-tx/4.1.7.BUILD-SNAPSHOT/spring-tx-4.1.7.BUILD-20150629.142445-25.jar
345/368 KB   212/352 KB   381/1003 KB   390/610 KB                345/368 KB   216/352 KB   381/1003 KB   390/610 KB   345/368 KB   220/352 KB   381/1003 KB   390/610 KB   345/368 KB   224/352 KB   381/1003 KB   390/610 KB   345/368 KB   180/352 KB   353/1003 KB   378/610 KB   417/417 KB   349/368 KB   224/352 KB   381/1003 KB   394/610 KB   353/368 KB   224/352 KB   381/1003 KB   394/610 KB   357/368 KB   224/352 KB   381/1003 KB   394/610 KB   345/368 KB   224/352 KB   381/1003 KB   394/610 KB   357/368 KB   224/352 KB   381/1003 KB   398/610 KB   357/368 KB   224/352 KB   381/1003 KB   402/610 KB   357/368 KB   224/352 KB   381/1003 KB   406/610 KB   357/368 KB   224/352 KB   381/1003 KB   410/610 KB   361/368 KB   228/352 KB   385/1003 KB   414/610 KB   361/368 KB   228/352 KB   385/1003 KB   418/610 KB   361/368 KB   228/352 KB   385/1003 KB   422/610 KB   361/368 KB   228/352 KB   385/1003 KB   426/610 KB   361/368 KB   228/352 KB   385/1003 KB   410/610 KB   361/368 KB   228/352 KB   389/1003 KB   426/610 KB   361/368 KB   228/352 KB   393/1003 KB   426/610 KB   357/368 KB   228/352 KB   381/1003 KB   410/610 KB   361/368 KB   232/352 KB   393/1003 KB   426/610 KB   361/368 KB   236/352 KB   393/1003 KB   426/610 KB   361/368 KB   240/352 KB   393/1003 KB   426/610 KB   361/368 KB   240/352 KB   397/1003 KB   426/610 KB   361/368 KB   228/352 KB   381/1003 KB   410/610 KB   365/368 KB   240/352 KB   397/1003 KB   426/610 KB   368/368 KB   240/352 KB   397/1003 KB   426/610 KB   368/368 KB   240/352 KB   401/1003 KB   426/610 KB   368/368 KB   240/352 KB   405/1003 KB   426/610 KB   368/368 KB   240/352 KB   409/1003 KB   426/610 KB   368/368 KB   240/352 KB   413/1003 KB   426/610 KB   368/368 KB   240/352 KB   417/1003 KB   430/610 KB   368/368 KB   240/352 KB   421/1003 KB   430/610 KB   368/368 KB   240/352 KB   425/1003 KB   430/610 KB   368/368 KB   244/352 KB   425/1003 KB   430/610 KB   368/368 KB   248/352 KB   425/1003 KB   430/610 KB   368/368 KB   252/352 KB   425/1003 KB   430/610 KB   368/368 KB   256/352 KB   425/1003 KB   430/610 KB   368/368 KB   256/352 KB   429/1003 KB   430/610 KB   368/368 KB   240/352 KB   413/1003 KB   430/610 KB   368/368 KB   256/352 KB   429/1003 KB   434/610 KB   368/368 KB   256/352 KB   429/1003 KB   438/610 KB   368/368 KB   256/352 KB   4/248 KB   429/1003 KB   438/610 KB   368/368 KB   256/352 KB   8/248 KB   429/1003 KB   438/610 KB   368/368 KB   256/352 KB   12/248 KB   429/1003 KB   438/610 KB   368/368 KB   256/352 KB   16/248 KB   429/1003 KB   438/610 KB   368/368 KB   256/352 KB   20/248 KB   429/1003 KB   438/610 KB   256/352 KB   24/248 KB   429/1003 KB   442/610 KB   256/352 KB   28/248 KB   429/1003 KB   442/610 KB   256/352 KB   32/248 KB   429/1003 KB   442/610 KB   256/352 KB   32/248 KB   429/1003 KB   442/610 KB   260/352 KB   32/248 KB   429/1003 KB   442/610 KB   256/352 KB   20/248 KB   429/1003 KB   442/610 KB                                                                                 Downloaded: https://repo.spring.io/libs-snapshot/org/springframework/spring-orm/4.1.7.BUILD-SNAPSHOT/spring-orm-4.1.7.BUILD-20150629.142445-25.jar (368 KB at 601.4 KB/sec)
Downloading: https://repo.spring.io/libs-snapshot/org/springframework/spring-beans/4.1.7.BUILD-SNAPSHOT/spring-beans-4.1.7.BUILD-20150629.142445-25.jar
264/352 KB   36/248 KB   433/1003 KB   446/610 KB   264/352 KB   36/248 KB   433/1003 KB   450/610 KB   264/352 KB   36/248 KB   433/1003 KB   454/610 KB   264/352 KB   36/248 KB   433/1003 KB   458/610 KB   264/352 KB   36/248 KB   433/1003 KB   462/610 KB   264/352 KB   36/248 KB   433/1003 KB   466/610 KB   264/352 KB   36/248 KB   433/1003 KB   470/610 KB   264/352 KB   36/248 KB   433/1003 KB   474/610 KB   260/352 KB   36/248 KB   433/1003 KB   442/610 KB   264/352 KB   36/248 KB   437/1003 KB   474/610 KB   264/352 KB   36/248 KB   441/1003 KB   474/610 KB   264/352 KB   36/248 KB   445/1003 KB   474/610 KB   264/352 KB   36/248 KB   449/1003 KB   474/610 KB   264/352 KB   36/248 KB   453/1003 KB   474/610 KB   264/352 KB   36/248 KB   457/1003 KB   474/610 KB   264/352 KB   36/248 KB   461/1003 KB   474/610 KB   260/352 KB   36/248 KB   429/1003 KB   442/610 KB   264/352 KB   40/248 KB   461/1003 KB   478/610 KB   264/352 KB   44/248 KB   461/1003 KB   478/610 KB   264/352 KB   48/248 KB   461/1003 KB   478/610 KB   264/352 KB   52/248 KB   461/1003 KB   478/610 KB   264/352 KB   56/248 KB   461/1003 KB   478/610 KB   264/352 KB   60/248 KB   461/1003 KB   478/610 KB   264/352 KB   64/248 KB   461/1003 KB   478/610 KB   264/352 KB   36/248 KB   461/1003 KB   478/610 KB   264/352 KB   36/248 KB   433/1003 KB   442/610 KB   268/352 KB   64/248 KB   461/1003 KB   482/610 KB   272/352 KB   64/248 KB   461/1003 KB   482/610 KB   272/352 KB   64/248 KB   461/1003 KB   4/696 KB   482/610 KB   272/352 KB   64/248 KB   461/1003 KB   8/696 KB   482/610 KB   272/352 KB   64/248 KB   461/1003 KB   12/696 KB   482/610 KB   272/352 KB   64/248 KB   461/1003 KB   16/696 KB   482/610 KB   264/352 KB   64/248 KB   461/1003 KB   482/610 KB   272/352 KB   64/248 KB   461/1003 KB   16/696 KB   486/610 KB   272/352 KB   64/248 KB   461/1003 KB   20/696 KB   486/610 KB   272/352 KB   64/248 KB   461/1003 KB   24/696 KB   486/610 KB   272/352 KB   64/248 KB   461/1003 KB   28/696 KB   486/610 KB   272/352 KB   64/248 KB   461/1003 KB   32/696 KB   486/610 KB   272/352 KB   64/248 KB   461/1003 KB   32/696 KB   486/610 KB   272/352 KB   64/248 KB   461/1003 KB   32/696 KB   490/610 KB   272/352 KB   64/248 KB   461/1003 KB   32/696 KB   494/610 KB   272/352 KB   64/248 KB   461/1003 KB   32/696 KB   498/610 KB   272/352 KB   64/248 KB   461/1003 KB   32/696 KB   502/610 KB   272/352 KB   68/248 KB   465/1003 KB   32/696 KB   502/610 KB   272/352 KB   72/248 KB   465/1003 KB   36/696 KB   502/610 KB   272/352 KB   76/248 KB   465/1003 KB   36/696 KB   502/610 KB   272/352 KB   80/248 KB   465/1003 KB   36/696 KB   502/610 KB   272/352 KB   81/248 KB   465/1003 KB   36/696 KB   502/610 KB   272/352 KB   81/248 KB   465/1003 KB   36/696 KB   506/610 KB   272/352 KB   68/248 KB   465/1003 KB   36/696 KB   502/610 KB   276/352 KB   81/248 KB   465/1003 KB   36/696 KB   510/610 KB   272/352 KB   64/248 KB   465/1003 KB   32/696 KB   502/610 KB   276/352 KB   81/248 KB   465/1003 KB   36/696 KB   514/610 KB   276/352 KB   81/248 KB   465/1003 KB   36/696 KB   518/610 KB   276/352 KB   81/248 KB   465/1003 KB   36/696 KB   506/610 KB   280/352 KB   81/248 KB   469/1003 KB   40/696 KB   518/610 KB   284/352 KB   81/248 KB   469/1003 KB   40/696 KB   518/610 KB   288/352 KB   81/248 KB   469/1003 KB   40/696 KB   518/610 KB   292/352 KB   81/248 KB   469/1003 KB   40/696 KB   518/610 KB   296/352 KB   81/248 KB   469/1003 KB   40/696 KB   518/610 KB   300/352 KB   81/248 KB   469/1003 KB   40/696 KB   518/610 KB   304/352 KB   81/248 KB   469/1003 KB   40/696 KB   518/610 KB   304/352 KB   81/248 KB   469/1003 KB   40/696 KB   522/610 KB   276/352 KB   81/248 KB   469/1003 KB   40/696 KB   518/610 KB   304/352 KB   81/248 KB   469/1003 KB   40/696 KB   526/610 KB   276/352 KB   81/248 KB   469/1003 KB   36/696 KB   518/610 KB   304/352 KB   81/248 KB   469/1003 KB   40/696 KB   530/610 KB   304/352 KB   81/248 KB   473/1003 KB   40/696 KB   530/610 KB   304/352 KB   81/248 KB   473/1003 KB   40/696 KB   534/610 KB   304/352 KB   81/248 KB   477/1003 KB   40/696 KB   534/610 KB   304/352 KB   81/248 KB   481/1003 KB   44/696 KB   534/610 KB   304/352 KB   81/248 KB   485/1003 KB   44/696 KB   534/610 KB   304/352 KB   81/248 KB   489/1003 KB   44/696 KB   534/610 KB   304/352 KB   81/248 KB   489/1003 KB   44/696 KB   538/610 KB   304/352 KB   81/248 KB   477/1003 KB   44/696 KB   534/610 KB   304/352 KB   81/248 KB   489/1003 KB   44/696 KB   542/610 KB   304/352 KB   81/248 KB   489/1003 KB   48/696 KB   546/610 KB   304/352 KB   81/248 KB   489/1003 KB   48/696 KB   546/610 KB   304/352 KB   81/248 KB   489/1003 KB   48/696 KB   550/610 KB   304/352 KB   81/248 KB   489/1003 KB   52/696 KB   550/610 KB   304/352 KB   85/248 KB   493/1003 KB   56/696 KB   554/610 KB   304/352 KB   85/248 KB   493/1003 KB   60/696 KB   554/610 KB   304/352 KB   85/248 KB   493/1003 KB   64/696 KB   554/610 KB   304/352 KB   85/248 KB   493/1003 KB   68/696 KB   554/610 KB   308/352 KB   85/248 KB   493/1003 KB   70/696 KB   554/610 KB   304/352 KB   85/248 KB   493/1003 KB   52/696 KB   554/610 KB   304/352 KB   85/248 KB   489/1003 KB   52/696 KB   554/610 KB   308/352 KB   85/248 KB   497/1003 KB   70/696 KB   554/610 KB   308/352 KB   85/248 KB   497/1003 KB   70/696 KB   558/610 KB   308/352 KB   85/248 KB   501/1003 KB   70/696 KB   562/610 KB   308/352 KB   85/248 KB   501/1003 KB   70/696 KB   566/610 KB   308/352 KB   85/248 KB   501/1003 KB   74/696 KB   566/610 KB   308/352 KB   85/248 KB   501/1003 KB   78/696 KB   566/610 KB   304/352 KB   85/248 KB   489/1003 KB   52/696 KB   550/610 KB   308/352 KB   89/248 KB   501/1003 KB   82/696 KB   566/610 KB   308/352 KB   93/248 KB   501/1003 KB   82/696 KB   566/610 KB   308/352 KB   97/248 KB   501/1003 KB   82/696 KB   566/610 KB   308/352 KB   85/248 KB   501/1003 KB   82/696 KB   566/610 KB   308/352 KB   85/248 KB   501/1003 KB   70/696 KB   558/610 KB   308/352 KB   97/248 KB   505/1003 KB   82/696 KB   566/610 KB   308/352 KB   85/248 KB   493/1003 KB   68/696 KB   554/610 KB   312/352 KB   97/248 KB   505/1003 KB   82/696 KB   566/610 KB   316/352 KB   97/248 KB   505/1003 KB   82/696 KB   566/610 KB   320/352 KB   97/248 KB   505/1003 KB   82/696 KB   566/610 KB   320/352 KB   101/248 KB   505/1003 KB   82/696 KB   566/610 KB   320/352 KB   105/248 KB   505/1003 KB   82/696 KB   566/610 KB   320/352 KB   109/248 KB   505/1003 KB   82/696 KB   566/610 KB   320/352 KB   113/248 KB   505/1003 KB   82/696 KB   566/610 KB   324/352 KB   113/248 KB   505/1003 KB   82/696 KB   566/610 KB   324/352 KB   113/248 KB   509/1003 KB   86/696 KB   566/610 KB   324/352 KB   113/248 KB   513/1003 KB   86/696 KB   566/610 KB   324/352 KB   113/248 KB   517/1003 KB   86/696 KB   566/610 KB   324/352 KB   113/248 KB   505/1003 KB   86/696 KB   566/610 KB   328/352 KB   113/248 KB   517/1003 KB   90/696 KB   566/610 KB   328/352 KB   113/248 KB   521/1003 KB   91/696 KB   566/610 KB   328/352 KB   113/248 KB   521/1003 KB   91/696 KB   570/610 KB   328/352 KB   113/248 KB   517/1003 KB   86/696 KB   566/610 KB   328/352 KB   117/248 KB   521/1003 KB   95/696 KB   570/610 KB   328/352 KB   113/248 KB   521/1003 KB   95/696 KB   570/610 KB   328/352 KB   113/248 KB   521/1003 KB   90/696 KB   566/610 KB   332/352 KB   121/248 KB   521/1003 KB   95/696 KB   570/610 KB   332/352 KB   125/248 KB   521/1003 KB   95/696 KB   570/610 KB   332/352 KB   129/248 KB   521/1003 KB   95/696 KB   570/610 KB   332/352 KB   133/248 KB   521/1003 KB   95/696 KB   570/610 KB   332/352 KB   134/248 KB   521/1003 KB   95/696 KB   574/610 KB   332/352 KB   134/248 KB   525/1003 KB   95/696 KB   574/610 KB   332/352 KB   134/248 KB   529/1003 KB   95/696 KB   574/610 KB   332/352 KB   134/248 KB   533/1003 KB   95/696 KB   574/610 KB   332/352 KB   134/248 KB   537/1003 KB   95/696 KB   574/610 KB   332/352 KB   134/248 KB   541/1003 KB   95/696 KB   574/610 KB   332/352 KB   117/248 KB   521/1003 KB   95/696 KB   570/610 KB   336/352 KB   134/248 KB   541/1003 KB   99/696 KB   574/610 KB   336/352 KB   138/248 KB   541/1003 KB   99/696 KB   574/610 KB   336/352 KB   142/248 KB   541/1003 KB   99/696 KB   574/610 KB   336/352 KB   146/248 KB   541/1003 KB   99/696 KB   574/610 KB   336/352 KB   150/248 KB   541/1003 KB   99/696 KB   574/610 KB   340/352 KB   150/248 KB   541/1003 KB   99/696 KB   574/610 KB   344/352 KB   150/248 KB   541/1003 KB   99/696 KB   574/610 KB   348/352 KB   150/248 KB   541/1003 KB   99/696 KB   574/610 KB   352/352 KB   150/248 KB   541/1003 KB   99/696 KB   574/610 KB   332/352 KB   134/248 KB   541/1003 KB   99/696 KB   574/610 KB   332/352 KB   133/248 KB   521/1003 KB   95/696 KB   574/610 KB   352/352 KB   150/248 KB   541/1003 KB   103/696 KB   574/610 KB   352/352 KB   150/248 KB   541/1003 KB   107/696 KB   574/610 KB   352/352 KB   150/248 KB   541/1003 KB   107/696 KB   578/610 KB   352/352 KB   150/248 KB   541/1003 KB   107/696 KB   582/610 KB   352/352 KB   150/248 KB   541/1003 KB   108/696 KB   582/610 KB   352/352 KB   150/248 KB   541/1003 KB   112/696 KB   582/610 KB   352/352 KB   150/248 KB   545/1003 KB   116/696 KB   582/610 KB   352/352 KB   150/248 KB   545/1003 KB   120/696 KB   582/610 KB   352/352 KB   150/248 KB   545/1003 KB   124/696 KB   582/610 KB   352/352 KB   150/248 KB   545/1003 KB   124/696 KB   586/610 KB   352/352 KB   150/248 KB   545/1003 KB   124/696 KB   590/610 KB   352/352 KB   150/248 KB   545/1003 KB   124/696 KB   594/610 KB   352/352 KB   150/248 KB   545/1003 KB   124/696 KB   598/610 KB   352/352 KB   150/248 KB   545/1003 KB   128/696 KB   598/610 KB   352/352 KB   150/248 KB   545/1003 KB   112/696 KB   582/610 KB   352/352 KB   150/248 KB   549/1003 KB   128/696 KB   598/610 KB   352/352 KB   150/248 KB   553/1003 KB   128/696 KB   598/610 KB   352/352 KB   150/248 KB   553/1003 KB   128/696 KB   602/610 KB   352/352 KB   154/248 KB   557/1003 KB   132/696 KB   602/610 KB   352/352 KB   154/248 KB   557/1003 KB   136/696 KB   602/610 KB   352/352 KB   154/248 KB   557/1003 KB   140/696 KB   602/610 KB   352/352 KB   154/248 KB   557/1003 KB   128/696 KB   602/610 KB   352/352 KB   158/248 KB   557/1003 KB   140/696 KB   606/610 KB   352/352 KB   162/248 KB   557/1003 KB   140/696 KB   606/610 KB   352/352 KB   166/248 KB   557/1003 KB   140/696 KB   606/610 KB   352/352 KB   150/248 KB   557/1003 KB   128/696 KB   602/610 KB   352/352 KB   166/248 KB   561/1003 KB   140/696 KB   606/610 KB   352/352 KB   166/248 KB   565/1003 KB   140/696 KB   606/610 KB   352/352 KB   166/248 KB   569/1003 KB   140/696 KB   606/610 KB   352/352 KB   166/248 KB   569/1003 KB   144/696 KB   606/610 KB   352/352 KB   166/248 KB   569/1003 KB   148/696 KB   606/610 KB   352/352 KB   154/248 KB   557/1003 KB   140/696 KB   606/610 KB   352/352 KB   166/248 KB   569/1003 KB   152/696 KB   606/610 KB   352/352 KB   166/248 KB   569/1003 KB   156/696 KB   606/610 KB   352/352 KB   166/248 KB   569/1003 KB   156/696 KB   610/610 KB   352/352 KB   166/248 KB   569/1003 KB   160/696 KB   610/610 KB   352/352 KB   166/248 KB   569/1003 KB   164/696 KB   610/610 KB   352/352 KB   166/248 KB   569/1003 KB   168/696 KB   610/610 KB   352/352 KB   166/248 KB   569/1003 KB   172/696 KB   610/610 KB                                                                     Downloaded: https://repo.spring.io/libs-snapshot/org/springframework/spring-aop/4.1.7.BUILD-SNAPSHOT/spring-aop-4.1.7.BUILD-20150629.142445-25.jar (352 KB at 451.8 KB/sec)
Downloading: https://repo.spring.io/libs-snapshot/org/springframework/spring-instrument/4.1.7.BUILD-SNAPSHOT/spring-instrument-4.1.7.BUILD-20150629.142445-25.jar
166/248 KB   573/1003 KB   172/696 KB   610/610 KB                170/248 KB   577/1003 KB   176/696 KB   610/610 KB   170/248 KB   581/1003 KB   176/696 KB   610/610 KB   170/248 KB   585/1003 KB   176/696 KB   610/610 KB   170/248 KB   573/1003 KB   172/696 KB   610/610 KB   174/248 KB   585/1003 KB   176/696 KB   610/610 KB   178/248 KB   585/1003 KB   176/696 KB   610/610 KB   182/248 KB   585/1003 KB   176/696 KB   610/610 KB   182/248 KB   589/1003 KB   176/696 KB   610/610 KB   182/248 KB   593/1003 KB   176/696 KB   610/610 KB   182/248 KB   597/1003 KB   176/696 KB   610/610 KB   182/248 KB   601/1003 KB   176/696 KB   610/610 KB   186/248 KB   601/1003 KB   176/696 KB   610/610 KB   190/248 KB   601/1003 KB   176/696 KB   610/610 KB   194/248 KB   601/1003 KB   176/696 KB   610/610 KB   198/248 KB   601/1003 KB   176/696 KB   610/610 KB   198/248 KB   605/1003 KB   176/696 KB   610/610 KB   170/248 KB   573/1003 KB   176/696 KB   610/610 KB   198/248 KB   605/1003 KB   180/696 KB   610/610 KB   198/248 KB   605/1003 KB   184/696 KB   610/610 KB   198/248 KB   605/1003 KB   188/696 KB   610/610 KB   198/248 KB   605/1003 KB   192/696 KB   610/610 KB   198/248 KB   605/1003 KB   196/696 KB   610/610 KB   198/248 KB   605/1003 KB   200/696 KB   610/610 KB   198/248 KB   605/1003 KB   204/696 KB   610/610 KB   202/248 KB   605/1003 KB   204/696 KB   610/610 KB   206/248 KB   605/1003 KB   204/696 KB   610/610 KB   210/248 KB   605/1003 KB   204/696 KB   610/610 KB   214/248 KB   605/1003 KB   204/696 KB   610/610 KB   214/248 KB   605/1003 KB   208/696 KB   610/610 KB   214/248 KB   609/1003 KB   212/696 KB   610/610 KB   214/248 KB   609/1003 KB   216/696 KB   610/610 KB   214/248 KB   609/1003 KB   220/696 KB   610/610 KB   218/248 KB   609/1003 KB   220/696 KB   610/610 KB   218/248 KB   609/1003 KB   224/696 KB   610/610 KB   214/248 KB   609/1003 KB   208/696 KB   610/610 KB   218/248 KB   613/1003 KB   224/696 KB   610/610 KB   218/248 KB   617/1003 KB   224/696 KB   610/610 KB   222/248 KB   617/1003 KB   224/696 KB   610/610 KB   226/248 KB   617/1003 KB   224/696 KB   610/610 KB   230/248 KB   617/1003 KB   224/696 KB   610/610 KB   230/248 KB   621/1003 KB   224/696 KB   610/610 KB   230/248 KB   625/1003 KB   224/696 KB   610/610 KB   230/248 KB   629/1003 KB   224/696 KB   610/610 KB   230/248 KB   633/1003 KB   224/696 KB   610/610 KB                                                        Downloaded: https://repo.spring.io/libs-snapshot/org/springframework/data/spring-data-commons/1.11.0.DATACMNS-293-SNAPSHOT/spring-data-commons-1.11.0.DATACMNS-293-20150630.070156-6.jar (610 KB at 743.9 KB/sec)
Downloading: https://repo.spring.io/libs-snapshot/org/springframework/spring-core/4.1.7.BUILD-SNAPSHOT/spring-core-4.1.7.BUILD-20150629.142445-25.jar
230/248 KB   637/1003 KB   224/696 KB                230/248 KB   641/1003 KB   228/696 KB   230/248 KB   645/1003 KB   228/696 KB   230/248 KB   649/1003 KB   228/696 KB   234/248 KB   649/1003 KB   228/696 KB   238/248 KB   649/1003 KB   228/696 KB   242/248 KB   649/1003 KB   228/696 KB   246/248 KB   649/1003 KB   228/696 KB   248/248 KB   649/1003 KB   228/696 KB   248/248 KB   653/1003 KB   228/696 KB   230/248 KB   637/1003 KB   228/696 KB   248/248 KB   653/1003 KB   232/696 KB   248/248 KB   653/1003 KB   236/696 KB   248/248 KB   657/1003 KB   236/696 KB   248/248 KB   661/1003 KB   236/696 KB   248/248 KB   665/1003 KB   236/696 KB   248/248 KB   665/1003 KB   240/696 KB   248/248 KB   665/1003 KB   244/696 KB   248/248 KB   665/1003 KB   248/696 KB   248/248 KB   665/1003 KB   252/696 KB   4/8 KB   248/248 KB   665/1003 KB   252/696 KB   8/8 KB   248/248 KB   665/1003 KB   252/696 KB   8/8 KB   248/248 KB   669/1003 KB   252/696 KB   8/8 KB   248/248 KB   673/1003 KB   252/696 KB   8/8 KB   248/248 KB   677/1003 KB   252/696 KB   8/8 KB   248/248 KB   681/1003 KB   252/696 KB   8/8 KB   3/985 KB   248/248 KB   681/1003 KB   252/696 KB   8/8 KB   3/985 KB   248/248 KB   681/1003 KB   256/696 KB   8/8 KB   7/985 KB   248/248 KB   685/1003 KB   256/696 KB   8/8 KB   7/985 KB   248/248 KB   689/1003 KB   256/696 KB   8/8 KB   7/985 KB   248/248 KB   693/1003 KB   256/696 KB   8/8 KB   7/985 KB   248/248 KB   697/1003 KB   256/696 KB                                                               Downloaded: https://repo.spring.io/libs-snapshot/org/springframework/spring-tx/4.1.7.BUILD-SNAPSHOT/spring-tx-4.1.7.BUILD-20150629.142445-25.jar (248 KB at 290.3 KB/sec)
Downloading: https://repo.spring.io/libs-snapshot/org/springframework/spring-aspects/4.1.7.BUILD-SNAPSHOT/spring-aspects-4.1.7.BUILD-20150629.142445-25.jar
8/8 KB   7/985 KB   248/248 KB   681/1003 KB   256/696 KB   8/8 KB   11/985 KB   697/1003 KB   260/696 KB               8/8 KB   14/985 KB   697/1003 KB   260/696 KB   8/8 KB   14/985 KB   697/1003 KB   260/696 KB   8/8 KB   14/985 KB   697/1003 KB   264/696 KB   8/8 KB   14/985 KB   697/1003 KB   268/696 KB   8/8 KB   18/985 KB   697/1003 KB   268/696 KB   8/8 KB   20/985 KB   697/1003 KB   268/696 KB   8/8 KB   20/985 KB   697/1003 KB   272/696 KB   24/985 KB   701/1003 KB   276/696 KB   24/985 KB   701/1003 KB   280/696 KB   24/985 KB   701/1003 KB   284/696 KB   24/985 KB   701/1003 KB   272/696 KB                                                            Downloaded: https://repo.spring.io/libs-snapshot/org/springframework/spring-instrument/4.1.7.BUILD-SNAPSHOT/spring-instrument-4.1.7.BUILD-20150629.142445-25.jar (8 KB at 8.1 KB/sec)
Downloading: https://repo.spring.io/libs-snapshot/org/springframework/spring-test/4.1.7.BUILD-SNAPSHOT/spring-test-4.1.7.BUILD-20150629.142445-25.jar
8/8 KB   20/985 KB   701/1003 KB   272/696 KB   24/985 KB   705/1003 KB   284/696 KB   24/985 KB   709/1003 KB   284/696 KB   24/985 KB   713/1003 KB   284/696 KB   24/985 KB   713/1003 KB   288/696 KB   24/985 KB   713/1003 KB   292/696 KB   24/985 KB   717/1003 KB   292/696 KB   28/985 KB   721/1003 KB   292/696 KB   28/985 KB   725/1003 KB   292/696 KB   28/985 KB   729/1003 KB   292/696 KB   28/985 KB   717/1003 KB   292/696 KB   31/985 KB   729/1003 KB   292/696 KB   31/985 KB   729/1003 KB   296/696 KB   31/985 KB   729/1003 KB   300/696 KB   35/985 KB   729/1003 KB   300/696 KB   39/985 KB   733/1003 KB   300/696 KB   42/985 KB   733/1003 KB   300/696 KB   45/985 KB   733/1003 KB   300/696 KB   49/985 KB   733/1003 KB   300/696 KB   53/985 KB   733/1003 KB   300/696 KB   54/985 KB   733/1003 KB   300/696 KB   58/985 KB   733/1003 KB   300/696 KB   59/985 KB   733/1003 KB   300/696 KB   59/985 KB   4/56 KB   733/1003 KB   300/696 KB   59/985 KB   8/56 KB   733/1003 KB   300/696 KB   59/985 KB   12/56 KB   733/1003 KB   300/696 KB   59/985 KB   14/56 KB   733/1003 KB   300/696 KB   63/985 KB   14/56 KB   733/1003 KB   300/696 KB   35/985 KB   733/1003 KB   300/696 KB   63/985 KB   14/56 KB   737/1003 KB   300/696 KB   63/985 KB   14/56 KB   741/1003 KB   300/696 KB   63/985 KB   14/56 KB   745/1003 KB   300/696 KB   63/985 KB   18/56 KB   745/1003 KB   300/696 KB   63/985 KB   20/56 KB   745/1003 KB   300/696 KB   63/985 KB   20/56 KB   749/1003 KB   300/696 KB   65/985 KB   20/56 KB   753/1003 KB   304/696 KB   65/985 KB   20/56 KB   757/1003 KB   304/696 KB   65/985 KB   20/56 KB   761/1003 KB   304/696 KB   65/985 KB   20/56 KB   749/1003 KB   300/696 KB   65/985 KB   24/56 KB   761/1003 KB   304/696 KB   65/985 KB   28/56 KB   761/1003 KB   304/696 KB   65/985 KB   32/56 KB   761/1003 KB   304/696 KB   65/985 KB   36/56 KB   761/1003 KB   304/696 KB   65/985 KB   37/56 KB   761/1003 KB   304/696 KB   65/985 KB   4/492 KB   37/56 KB   761/1003 KB   304/696 KB   65/985 KB   8/492 KB   37/56 KB   761/1003 KB   304/696 KB   65/985 KB   12/492 KB   37/56 KB   761/1003 KB   304/696 KB   65/985 KB   16/492 KB   37/56 KB   761/1003 KB   304/696 KB   65/985 KB   20/492 KB   41/56 KB   761/1003 KB   304/696 KB   65/985 KB   20/492 KB   45/56 KB   761/1003 KB   304/696 KB   65/985 KB   20/492 KB   48/56 KB   761/1003 KB   304/696 KB   69/985 KB   20/492 KB   48/56 KB   761/1003 KB   304/696 KB   71/985 KB   20/492 KB   52/56 KB   765/1003 KB   304/696 KB   75/985 KB   20/492 KB   52/56 KB   765/1003 KB   304/696 KB   76/985 KB   20/492 KB   52/56 KB   765/1003 KB   304/696 KB   79/985 KB   20/492 KB   52/56 KB   765/1003 KB   304/696 KB   83/985 KB   20/492 KB   52/56 KB   765/1003 KB   304/696 KB   65/985 KB   20/56 KB   749/1003 KB   304/696 KB   83/985 KB   20/492 KB   52/56 KB   765/1003 KB   308/696 KB   83/985 KB   20/492 KB   52/56 KB   765/1003 KB   312/696 KB   83/985 KB   20/492 KB   52/56 KB   765/1003 KB   316/696 KB   83/985 KB   20/492 KB   52/56 KB   765/1003 KB   320/696 KB   83/985 KB   20/492 KB   52/56 KB   765/1003 KB   324/696 KB   83/985 KB   20/492 KB   52/56 KB   765/1003 KB   328/696 KB   83/985 KB   20/492 KB   52/56 KB   765/1003 KB   332/696 KB   83/985 KB   20/492 KB   52/56 KB   765/1003 KB   336/696 KB   69/985 KB   20/492 KB   52/56 KB   765/1003 KB   304/696 KB   69/985 KB   20/492 KB   52/56 KB   761/1003 KB   304/696 KB   87/985 KB   20/492 KB   52/56 KB   769/1003 KB   340/696 KB   65/985 KB   20/492 KB   41/56 KB   761/1003 KB   304/696 KB   87/985 KB   24/492 KB   52/56 KB   769/1003 KB   344/696 KB   87/985 KB   28/492 KB   52/56 KB   769/1003 KB   344/696 KB   87/985 KB   32/492 KB   52/56 KB   769/1003 KB   344/696 KB   87/985 KB   32/492 KB   52/56 KB   769/1003 KB   344/696 KB   87/985 KB   36/492 KB   52/56 KB   769/1003 KB   344/696 KB   87/985 KB   40/492 KB   52/56 KB   769/1003 KB   344/696 KB   87/985 KB   44/492 KB   52/56 KB   769/1003 KB   344/696 KB   87/985 KB   48/492 KB   52/56 KB   769/1003 KB   344/696 KB   87/985 KB   20/492 KB   52/56 KB   769/1003 KB   344/696 KB   87/985 KB   20/492 KB   52/56 KB   769/1003 KB   336/696 KB   87/985 KB   48/492 KB   56/56 KB   773/1003 KB   344/696 KB   87/985 KB   48/492 KB   56/56 KB   777/1003 KB   344/696 KB   87/985 KB   48/492 KB   56/56 KB   781/1003 KB   344/696 KB   87/985 KB   48/492 KB   56/56 KB   785/1003 KB   344/696 KB   87/985 KB   48/492 KB   56/56 KB   789/1003 KB   344/696 KB   87/985 KB   48/492 KB   56/56 KB   793/1003 KB   344/696 KB   87/985 KB   52/492 KB   56/56 KB   793/1003 KB   344/696 KB   87/985 KB   56/492 KB   56/56 KB   793/1003 KB   344/696 KB   87/985 KB   60/492 KB   56/56 KB   793/1003 KB   344/696 KB   87/985 KB   64/492 KB   56/56 KB   793/1003 KB   344/696 KB   87/985 KB   64/492 KB   56/56 KB   797/1003 KB   344/696 KB   87/985 KB   20/492 KB   52/56 KB   765/1003 KB   336/696 KB   90/985 KB   64/492 KB   56/56 KB   797/1003 KB   348/696 KB   93/985 KB   64/492 KB   56/56 KB   797/1003 KB   348/696 KB   97/985 KB   64/492 KB   56/56 KB   797/1003 KB   348/696 KB   98/985 KB   64/492 KB   56/56 KB   797/1003 KB   348/696 KB   98/985 KB   68/492 KB   56/56 KB   797/1003 KB   348/696 KB   98/985 KB   72/492 KB   56/56 KB   797/1003 KB   348/696 KB   98/985 KB   76/492 KB   56/56 KB   797/1003 KB   348/696 KB   98/985 KB   80/492 KB   56/56 KB   797/1003 KB   348/696 KB   102/985 KB   80/492 KB   56/56 KB   797/1003 KB   348/696 KB   106/985 KB   80/492 KB   56/56 KB   801/1003 KB   348/696 KB   87/985 KB   64/492 KB   56/56 KB   797/1003 KB   348/696 KB   106/985 KB   80/492 KB   56/56 KB   801/1003 KB   352/696 KB   87/985 KB   48/492 KB   56/56 KB   769/1003 KB   344/696 KB   110/985 KB   84/492 KB   56/56 KB   801/1003 KB   352/696 KB   110/985 KB   88/492 KB   56/56 KB   801/1003 KB   352/696 KB   110/985 KB   92/492 KB   56/56 KB   801/1003 KB   352/696 KB   110/985 KB   96/492 KB   56/56 KB   801/1003 KB   352/696 KB   110/985 KB   80/492 KB   56/56 KB   801/1003 KB   352/696 KB   114/985 KB   96/492 KB   56/56 KB   801/1003 KB   352/696 KB   102/985 KB   80/492 KB   56/56 KB   801/1003 KB   348/696 KB   114/985 KB   96/492 KB   56/56 KB   805/1003 KB   352/696 KB   114/985 KB   96/492 KB   56/56 KB   809/1003 KB   352/696 KB   114/985 KB   96/492 KB   56/56 KB   809/1003 KB   356/696 KB   114/985 KB   96/492 KB   56/56 KB   809/1003 KB   360/696 KB   114/985 KB   96/492 KB   56/56 KB   809/1003 KB   364/696 KB   114/985 KB   100/492 KB   56/56 KB   809/1003 KB   364/696 KB   114/985 KB   104/492 KB   56/56 KB   809/1003 KB   364/696 KB   114/985 KB   108/492 KB   56/56 KB   809/1003 KB   364/696 KB   114/985 KB   112/492 KB   56/56 KB   809/1003 KB   364/696 KB   114/985 KB   112/492 KB   56/56 KB   809/1003 KB   368/696 KB   118/985 KB   112/492 KB   56/56 KB   813/1003 KB   372/696 KB   118/985 KB   112/492 KB   56/56 KB   813/1003 KB   376/696 KB   118/985 KB   112/492 KB   56/56 KB   813/1003 KB   380/696 KB   118/985 KB   116/492 KB   56/56 KB   813/1003 KB   380/696 KB   118/985 KB   120/492 KB   56/56 KB   813/1003 KB   380/696 KB   118/985 KB   124/492 KB   56/56 KB   813/1003 KB   380/696 KB   118/985 KB   128/492 KB   56/56 KB   813/1003 KB   380/696 KB   118/985 KB   128/492 KB   56/56 KB   813/1003 KB   384/696 KB   118/985 KB   112/492 KB   56/56 KB   813/1003 KB   368/696 KB   118/985 KB   128/492 KB   56/56 KB   817/1003 KB   384/696 KB   118/985 KB   128/492 KB   56/56 KB   821/1003 KB   384/696 KB   118/985 KB   128/492 KB   56/56 KB   825/1003 KB   384/696 KB                                                                   Downloaded: https://repo.spring.io/libs-snapshot/org/springframework/spring-aspects/4.1.7.BUILD-SNAPSHOT/spring-aspects-4.1.7.BUILD-20150629.142445-25.jar (56 KB at 56.2 KB/sec)
118/985 KB   112/492 KB   56/56 KB   809/1003 KB   368/696 KB   122/985 KB   132/492 KB   825/1003 KB   384/696 KB   118/985 KB   132/492 KB   825/1003 KB   384/696 KB              126/985 KB   132/492 KB   825/1003 KB   384/696 KB   130/985 KB   132/492 KB   825/1003 KB   384/696 KB   130/985 KB   132/492 KB   829/1003 KB   384/696 KB   130/985 KB   132/492 KB   833/1003 KB   384/696 KB   130/985 KB   132/492 KB   837/1003 KB   384/696 KB   130/985 KB   132/492 KB   841/1003 KB   384/696 KB   130/985 KB   132/492 KB   845/1003 KB   384/696 KB   130/985 KB   132/492 KB   849/1003 KB   388/696 KB   130/985 KB   136/492 KB   849/1003 KB   388/696 KB   130/985 KB   140/492 KB   853/1003 KB   388/696 KB   130/985 KB   144/492 KB   853/1003 KB   388/696 KB   130/985 KB   132/492 KB   845/1003 KB   388/696 KB   130/985 KB   144/492 KB   853/1003 KB   392/696 KB   130/985 KB   144/492 KB   853/1003 KB   396/696 KB   130/985 KB   144/492 KB   853/1003 KB   400/696 KB   130/985 KB   136/492 KB   853/1003 KB   388/696 KB   130/985 KB   144/492 KB   853/1003 KB   404/696 KB   130/985 KB   144/492 KB   857/1003 KB   404/696 KB   130/985 KB   144/492 KB   857/1003 KB   408/696 KB   130/985 KB   144/492 KB   857/1003 KB   412/696 KB   130/985 KB   144/492 KB   861/1003 KB   412/696 KB   134/985 KB   148/492 KB   865/1003 KB   412/696 KB   134/985 KB   148/492 KB   869/1003 KB   412/696 KB   134/985 KB   148/492 KB   873/1003 KB   412/696 KB   134/985 KB   148/492 KB   873/1003 KB   416/696 KB   134/985 KB   148/492 KB   873/1003 KB   420/696 KB   134/985 KB   148/492 KB   873/1003 KB   424/696 KB   134/985 KB   148/492 KB   873/1003 KB   428/696 KB   134/985 KB   148/492 KB   877/1003 KB   428/696 KB   134/985 KB   148/492 KB   861/1003 KB   412/696 KB   134/985 KB   152/492 KB   877/1003 KB   428/696 KB   134/985 KB   156/492 KB   877/1003 KB   428/696 KB   134/985 KB   160/492 KB   877/1003 KB   428/696 KB   134/985 KB   160/492 KB   877/1003 KB   432/696 KB   134/985 KB   160/492 KB   877/1003 KB   436/696 KB   134/985 KB   160/492 KB   877/1003 KB   440/696 KB   134/985 KB   144/492 KB   861/1003 KB   412/696 KB   134/985 KB   164/492 KB   881/1003 KB   440/696 KB   134/985 KB   164/492 KB   885/1003 KB   440/696 KB   134/985 KB   164/492 KB   889/1003 KB   440/696 KB   138/985 KB   164/492 KB   889/1003 KB   440/696 KB   142/985 KB   164/492 KB   889/1003 KB   440/696 KB   146/985 KB   164/492 KB   889/1003 KB   440/696 KB   146/985 KB   164/492 KB   893/1003 KB   440/696 KB   134/985 KB   164/492 KB   877/1003 KB   440/696 KB   146/985 KB   168/492 KB   893/1003 KB   440/696 KB   146/985 KB   172/492 KB   893/1003 KB   440/696 KB   146/985 KB   176/492 KB   893/1003 KB   440/696 KB   150/985 KB   176/492 KB   893/1003 KB   440/696 KB   154/985 KB   176/492 KB   893/1003 KB   440/696 KB   158/985 KB   176/492 KB   893/1003 KB   440/696 KB   162/985 KB   176/492 KB   893/1003 KB   440/696 KB   162/985 KB   180/492 KB   893/1003 KB   440/696 KB   162/985 KB   184/492 KB   893/1003 KB   440/696 KB   162/985 KB   188/492 KB   893/1003 KB   440/696 KB   162/985 KB   192/492 KB   893/1003 KB   440/696 KB   162/985 KB   192/492 KB   893/1003 KB   444/696 KB   162/985 KB   192/492 KB   897/1003 KB   444/696 KB   162/985 KB   196/492 KB   901/1003 KB   444/696 KB   162/985 KB   196/492 KB   905/1003 KB   444/696 KB   162/985 KB   196/492 KB   909/1003 KB   444/696 KB   162/985 KB   196/492 KB   913/1003 KB   444/696 KB   162/985 KB   196/492 KB   917/1003 KB   444/696 KB   162/985 KB   196/492 KB   921/1003 KB   444/696 KB   162/985 KB   196/492 KB   921/1003 KB   448/696 KB   166/985 KB   196/492 KB   921/1003 KB   452/696 KB   166/985 KB   196/492 KB   921/1003 KB   456/696 KB   166/985 KB   196/492 KB   921/1003 KB   460/696 KB   166/985 KB   196/492 KB   925/1003 KB   460/696 KB   162/985 KB   196/492 KB   897/1003 KB   444/696 KB   166/985 KB   196/492 KB   921/1003 KB   448/696 KB   166/985 KB   200/492 KB   929/1003 KB   460/696 KB   166/985 KB   200/492 KB   925/1003 KB   460/696 KB   170/985 KB   200/492 KB   929/1003 KB   460/696 KB   170/985 KB   204/492 KB   933/1003 KB   460/696 KB   170/985 KB   204/492 KB   929/1003 KB   460/696 KB   170/985 KB   208/492 KB   933/1003 KB   460/696 KB   174/985 KB   208/492 KB   933/1003 KB   460/696 KB   178/985 KB   208/492 KB   933/1003 KB   460/696 KB   178/985 KB   212/492 KB   933/1003 KB   460/696 KB   178/985 KB   216/492 KB   933/1003 KB   460/696 KB   178/985 KB   220/492 KB   933/1003 KB   460/696 KB   178/985 KB   224/492 KB   933/1003 KB   460/696 KB   178/985 KB   228/492 KB   933/1003 KB   460/696 KB   178/985 KB   228/492 KB   937/1003 KB   460/696 KB   182/985 KB   228/492 KB   937/1003 KB   460/696 KB   186/985 KB   232/492 KB   941/1003 KB   460/696 KB   190/985 KB   232/492 KB   941/1003 KB   460/696 KB   194/985 KB   232/492 KB   941/1003 KB   460/696 KB   194/985 KB   232/492 KB   941/1003 KB   464/696 KB   194/985 KB   232/492 KB   941/1003 KB   468/696 KB   194/985 KB   232/492 KB   941/1003 KB   472/696 KB   194/985 KB   232/492 KB   941/1003 KB   476/696 KB   198/985 KB   232/492 KB   941/1003 KB   476/696 KB   182/985 KB   232/492 KB   941/1003 KB   460/696 KB   198/985 KB   236/492 KB   941/1003 KB   476/696 KB   198/985 KB   240/492 KB   941/1003 KB   476/696 KB   198/985 KB   240/492 KB   941/1003 KB   480/696 KB   198/985 KB   240/492 KB   941/1003 KB   484/696 KB   198/985 KB   240/492 KB   941/1003 KB   488/696 KB   198/985 KB   240/492 KB   941/1003 KB   492/696 KB   198/985 KB   244/492 KB   941/1003 KB   492/696 KB   182/985 KB   228/492 KB   941/1003 KB   460/696 KB   198/985 KB   244/492 KB   945/1003 KB   492/696 KB   198/985 KB   244/492 KB   949/1003 KB   492/696 KB   198/985 KB   244/492 KB   953/1003 KB   492/696 KB   198/985 KB   244/492 KB   957/1003 KB   492/696 KB   198/985 KB   248/492 KB   961/1003 KB   492/696 KB   198/985 KB   248/492 KB   965/1003 KB   492/696 KB   198/985 KB   248/492 KB   969/1003 KB   492/696 KB   202/985 KB   248/492 KB   969/1003 KB   496/696 KB   202/985 KB   248/492 KB   969/1003 KB   500/696 KB   202/985 KB   248/492 KB   969/1003 KB   504/696 KB   202/985 KB   248/492 KB   969/1003 KB   508/696 KB   202/985 KB   248/492 KB   973/1003 KB   508/696 KB   198/985 KB   248/492 KB   957/1003 KB   492/696 KB   202/985 KB   252/492 KB   973/1003 KB   508/696 KB   202/985 KB   256/492 KB   973/1003 KB   508/696 KB   202/985 KB   260/492 KB   973/1003 KB   508/696 KB   202/985 KB   248/492 KB   969/1003 KB   492/696 KB   206/985 KB   260/492 KB   973/1003 KB   508/696 KB   210/985 KB   260/492 KB   973/1003 KB   508/696 KB   210/985 KB   260/492 KB   973/1003 KB   512/696 KB   210/985 KB   260/492 KB   973/1003 KB   516/696 KB   210/985 KB   260/492 KB   973/1003 KB   520/696 KB   210/985 KB   260/492 KB   973/1003 KB   524/696 KB   210/985 KB   264/492 KB   973/1003 KB   524/696 KB   214/985 KB   268/492 KB   973/1003 KB   524/696 KB   214/985 KB   272/492 KB   973/1003 KB   524/696 KB   214/985 KB   272/492 KB   973/1003 KB   528/696 KB   214/985 KB   272/492 KB   973/1003 KB   532/696 KB   214/985 KB   272/492 KB   973/1003 KB   536/696 KB   214/985 KB   272/492 KB   973/1003 KB   540/696 KB   214/985 KB   272/492 KB   977/1003 KB   540/696 KB   214/985 KB   272/492 KB   981/1003 KB   540/696 KB   214/985 KB   272/492 KB   985/1003 KB   540/696 KB   214/985 KB   272/492 KB   989/1003 KB   540/696 KB   214/985 KB   264/492 KB   973/1003 KB   524/696 KB   218/985 KB   276/492 KB   989/1003 KB   540/696 KB   222/985 KB   276/492 KB   989/1003 KB   540/696 KB   226/985 KB   276/492 KB   989/1003 KB   540/696 KB   226/985 KB   276/492 KB   989/1003 KB   544/696 KB   226/985 KB   276/492 KB   989/1003 KB   548/696 KB   226/985 KB   276/492 KB   989/1003 KB   552/696 KB   226/985 KB   276/492 KB   989/1003 KB   556/696 KB   230/985 KB   276/492 KB   989/1003 KB   556/696 KB   234/985 KB   276/492 KB   993/1003 KB   556/696 KB   238/985 KB   276/492 KB   993/1003 KB   556/696 KB   242/985 KB   276/492 KB   993/1003 KB   556/696 KB   242/985 KB   276/492 KB   993/1003 KB   560/696 KB   242/985 KB   276/492 KB   993/1003 KB   564/696 KB   242/985 KB   276/492 KB   993/1003 KB   568/696 KB   242/985 KB   276/492 KB   993/1003 KB   572/696 KB   246/985 KB   276/492 KB   993/1003 KB   572/696 KB   214/985 KB   276/492 KB   989/1003 KB   540/696 KB   246/985 KB   280/492 KB   993/1003 KB   572/696 KB   246/985 KB   284/492 KB   993/1003 KB   572/696 KB   246/985 KB   288/492 KB   993/1003 KB   572/696 KB   246/985 KB   292/492 KB   993/1003 KB   572/696 KB   230/985 KB   276/492 KB   993/1003 KB   556/696 KB   246/985 KB   292/492 KB   997/1003 KB   572/696 KB   246/985 KB   292/492 KB   1001/1003 KB   572/696 KB   246/985 KB   292/492 KB   1003/1003 KB   572/696 KB   246/985 KB   296/492 KB   1003/1003 KB   572/696 KB   246/985 KB   300/492 KB   1003/1003 KB   572/696 KB   250/985 KB   300/492 KB   1003/1003 KB   572/696 KB   250/985 KB   304/492 KB   1003/1003 KB   572/696 KB   254/985 KB   304/492 KB   1003/1003 KB   572/696 KB   258/985 KB   304/492 KB   1003/1003 KB   572/696 KB   262/985 KB   304/492 KB   1003/1003 KB   572/696 KB   266/985 KB   304/492 KB   1003/1003 KB   572/696 KB   270/985 KB   304/492 KB   1003/1003 KB   572/696 KB   274/985 KB   304/492 KB   1003/1003 KB   572/696 KB   274/985 KB   308/492 KB   1003/1003 KB   572/696 KB   278/985 KB   312/492 KB   1003/1003 KB   576/696 KB   278/985 KB   316/492 KB   1003/1003 KB   576/696 KB   278/985 KB   320/492 KB   1003/1003 KB   576/696 KB   274/985 KB   308/492 KB   1003/1003 KB   576/696 KB   278/985 KB   320/492 KB   1003/1003 KB   580/696 KB   278/985 KB   320/492 KB   1003/1003 KB   584/696 KB   278/985 KB   320/492 KB   1003/1003 KB   588/696 KB   278/985 KB   308/492 KB   1003/1003 KB   576/696 KB   282/985 KB   320/492 KB   1003/1003 KB   588/696 KB   286/985 KB   320/492 KB   1003/1003 KB   588/696 KB   290/985 KB   320/492 KB   1003/1003 KB   588/696 KB   290/985 KB   320/492 KB   1003/1003 KB   592/696 KB   290/985 KB   320/492 KB   1003/1003 KB   596/696 KB   290/985 KB   320/492 KB   1003/1003 KB   600/696 KB   290/985 KB   320/492 KB   1003/1003 KB   604/696 KB                                                         Downloaded: https://repo.spring.io/libs-snapshot/org/springframework/spring-context/4.1.7.BUILD-SNAPSHOT/spring-context-4.1.7.BUILD-20150629.142445-25.jar (1003 KB at 858.4 KB/sec)
294/985 KB   320/492 KB   604/696 KB                  298/985 KB   320/492 KB   604/696 KB   302/985 KB   320/492 KB   604/696 KB   306/985 KB   320/492 KB   604/696 KB   306/985 KB   324/492 KB   604/696 KB   306/985 KB   328/492 KB   604/696 KB   310/985 KB   332/492 KB   604/696 KB   314/985 KB   332/492 KB   604/696 KB   318/985 KB   332/492 KB   604/696 KB   322/985 KB   332/492 KB   604/696 KB   326/985 KB   332/492 KB   604/696 KB   330/985 KB   332/492 KB   604/696 KB   334/985 KB   332/492 KB   604/696 KB   338/985 KB   332/492 KB   604/696 KB   342/985 KB   332/492 KB   604/696 KB   346/985 KB   332/492 KB   604/696 KB   350/985 KB   332/492 KB   604/696 KB   354/985 KB   332/492 KB   604/696 KB   358/985 KB   332/492 KB   604/696 KB   362/985 KB   332/492 KB   604/696 KB   366/985 KB   332/492 KB   604/696 KB   370/985 KB   332/492 KB   604/696 KB   306/985 KB   332/492 KB   604/696 KB   374/985 KB   332/492 KB   608/696 KB   374/985 KB   336/492 KB   608/696 KB   374/985 KB   332/492 KB   604/696 KB   378/985 KB   336/492 KB   608/696 KB   382/985 KB   336/492 KB   608/696 KB   386/985 KB   336/492 KB   608/696 KB   390/985 KB   336/492 KB   608/696 KB   394/985 KB   336/492 KB   608/696 KB   398/985 KB   336/492 KB   608/696 KB   402/985 KB   336/492 KB   608/696 KB   402/985 KB   340/492 KB   608/696 KB   402/985 KB   344/492 KB   608/696 KB   402/985 KB   348/492 KB   608/696 KB   402/985 KB   352/492 KB   608/696 KB   406/985 KB   352/492 KB   608/696 KB   406/985 KB   356/492 KB   612/696 KB   410/985 KB   360/492 KB   612/696 KB   410/985 KB   364/492 KB   612/696 KB   406/985 KB   352/492 KB   612/696 KB   410/985 KB   364/492 KB   616/696 KB   410/985 KB   364/492 KB   620/696 KB   410/985 KB   364/492 KB   624/696 KB   410/985 KB   368/492 KB   628/696 KB   410/985 KB   368/492 KB   632/696 KB   410/985 KB   368/492 KB   636/696 KB   410/985 KB   356/492 KB   612/696 KB   410/985 KB   368/492 KB   624/696 KB   410/985 KB   368/492 KB   640/696 KB   410/985 KB   368/492 KB   644/696 KB   410/985 KB   368/492 KB   648/696 KB   410/985 KB   368/492 KB   652/696 KB   410/985 KB   372/492 KB   652/696 KB   410/985 KB   376/492 KB   652/696 KB   410/985 KB   380/492 KB   652/696 KB   410/985 KB   384/492 KB   652/696 KB   410/985 KB   384/492 KB   656/696 KB   410/985 KB   384/492 KB   660/696 KB   410/985 KB   384/492 KB   664/696 KB   410/985 KB   384/492 KB   668/696 KB   410/985 KB   388/492 KB   668/696 KB   414/985 KB   392/492 KB   668/696 KB   414/985 KB   396/492 KB   668/696 KB   414/985 KB   400/492 KB   668/696 KB   414/985 KB   404/492 KB   668/696 KB   414/985 KB   388/492 KB   668/696 KB   418/985 KB   404/492 KB   668/696 KB   418/985 KB   404/492 KB   672/696 KB   418/985 KB   404/492 KB   676/696 KB   418/985 KB   404/492 KB   680/696 KB   418/985 KB   404/492 KB   684/696 KB   422/985 KB   404/492 KB   684/696 KB   426/985 KB   404/492 KB   684/696 KB   430/985 KB   404/492 KB   684/696 KB   434/985 KB   404/492 KB   684/696 KB   434/985 KB   404/492 KB   688/696 KB   434/985 KB   404/492 KB   692/696 KB   434/985 KB   404/492 KB   696/696 KB   438/985 KB   404/492 KB   696/696 KB   442/985 KB   408/492 KB   696/696 KB   446/985 KB   408/492 KB   696/696 KB   450/985 KB   408/492 KB   696/696 KB   438/985 KB   408/492 KB   696/696 KB   450/985 KB   412/492 KB   696/696 KB   450/985 KB   416/492 KB   696/696 KB   450/985 KB   420/492 KB   696/696 KB   454/985 KB   424/492 KB   696/696 KB   454/985 KB   428/492 KB   696/696 KB   454/985 KB   432/492 KB   696/696 KB   454/985 KB   436/492 KB   696/696 KB   454/985 KB   440/492 KB   696/696 KB   454/985 KB   444/492 KB   696/696 KB   454/985 KB   448/492 KB   696/696 KB   454/985 KB   420/492 KB   696/696 KB   458/985 KB   448/492 KB   696/696 KB   462/985 KB   448/492 KB   696/696 KB   466/985 KB   448/492 KB   696/696 KB   470/985 KB   448/492 KB   696/696 KB   474/985 KB   448/492 KB   696/696 KB   478/985 KB   448/492 KB   696/696 KB   482/985 KB   448/492 KB   696/696 KB                                          Downloaded: https://repo.spring.io/libs-snapshot/org/springframework/spring-beans/4.1.7.BUILD-SNAPSHOT/spring-beans-4.1.7.BUILD-20150629.142445-25.jar (696 KB at 542.2 KB/sec)
482/985 KB   452/492 KB                482/985 KB   456/492 KB   482/985 KB   460/492 KB   482/985 KB   464/492 KB   486/985 KB   464/492 KB   490/985 KB   464/492 KB   494/985 KB   464/492 KB   498/985 KB   464/492 KB   498/985 KB   468/492 KB   498/985 KB   472/492 KB   498/985 KB   476/492 KB   498/985 KB   480/492 KB   502/985 KB   480/492 KB   506/985 KB   480/492 KB   510/985 KB   480/492 KB   514/985 KB   480/492 KB   514/985 KB   484/492 KB   514/985 KB   488/492 KB   514/985 KB   492/492 KB   514/985 KB   492/492 KB   518/985 KB   492/492 KB   522/985 KB   492/492 KB   526/985 KB   492/492 KB   530/985 KB   492/492 KB   534/985 KB   492/492 KB   538/985 KB   492/492 KB   542/985 KB   492/492 KB   546/985 KB   492/492 KB   550/985 KB   492/492 KB   554/985 KB   492/492 KB   558/985 KB   492/492 KB   562/985 KB   492/492 KB   566/985 KB   492/492 KB   570/985 KB   492/492 KB   574/985 KB   492/492 KB   578/985 KB   492/492 KB   582/985 KB   492/492 KB   586/985 KB   492/492 KB   590/985 KB   492/492 KB   594/985 KB   492/492 KB                             Downloaded: https://repo.spring.io/libs-snapshot/org/springframework/spring-test/4.1.7.BUILD-SNAPSHOT/spring-test-4.1.7.BUILD-20150629.142445-25.jar (492 KB at 372.1 KB/sec)
598/985 KB                602/985 KB   606/985 KB   610/985 KB   614/985 KB   618/985 KB   622/985 KB   626/985 KB   630/985 KB   634/985 KB   638/985 KB   642/985 KB   646/985 KB   650/985 KB   654/985 KB   658/985 KB   662/985 KB   666/985 KB   670/985 KB   674/985 KB   678/985 KB   682/985 KB   686/985 KB   690/985 KB   694/985 KB   698/985 KB   702/985 KB   706/985 KB   710/985 KB   714/985 KB   718/985 KB   722/985 KB   726/985 KB   730/985 KB   734/985 KB   738/985 KB   742/985 KB   746/985 KB   750/985 KB   754/985 KB   758/985 KB   762/985 KB   766/985 KB   770/985 KB   774/985 KB   778/985 KB   782/985 KB   786/985 KB   790/985 KB   794/985 KB   798/985 KB   802/985 KB   806/985 KB   810/985 KB   814/985 KB   818/985 KB   822/985 KB   826/985 KB   830/985 KB   834/985 KB   838/985 KB   842/985 KB   846/985 KB   850/985 KB   854/985 KB   858/985 KB   862/985 KB   866/985 KB   870/985 KB   874/985 KB   878/985 KB   882/985 KB   886/985 KB   890/985 KB   894/985 KB   898/985 KB   902/985 KB   906/985 KB   910/985 KB   914/985 KB   918/985 KB   922/985 KB   926/985 KB   930/985 KB   934/985 KB   938/985 KB   942/985 KB   946/985 KB   950/985 KB   954/985 KB   958/985 KB   962/985 KB   966/985 KB   970/985 KB   974/985 KB   978/985 KB   982/985 KB   985/985 KB                Downloaded: https://repo.spring.io/libs-snapshot/org/springframework/spring-core/4.1.7.BUILD-SNAPSHOT/spring-core-4.1.7.BUILD-20150629.142445-25.jar (985 KB at 673.7 KB/sec)
[INFO] 
[INFO] --- maven-clean-plugin:2.5:clean (default-clean) @ spring-data-jpa ---
[INFO] 
[INFO] --- maven-dependency-plugin:2.8:list (default-cli) @ spring-data-jpa ---
[INFO] 
[INFO] The following files have been resolved:
[INFO]    antlr:antlr:jar:2.7.7:compile
[INFO]    aopalliance:aopalliance:jar:1.0:compile
[INFO]    ch.qos.logback:logback-classic:jar:1.1.3:test
[INFO]    ch.qos.logback:logback-core:jar:1.1.3:test
[INFO]    com.google.code.findbugs:jsr305:jar:1.3.9:compile
[INFO]    com.google.guava:guava:jar:17.0:test
[INFO]    com.h2database:h2:jar:1.3.172:test
[INFO]    com.infradna.tool:bridge-method-annotation:jar:1.13:compile
[INFO]    com.mysema.codegen:codegen:jar:0.6.6:provided
[INFO]    com.mysema.commons:mysema-commons-lang:jar:0.2.4:compile
[INFO]    com.mysema.querydsl:querydsl-apt:jar:3.6.3:provided
[INFO]    com.mysema.querydsl:querydsl-codegen:jar:3.6.3:provided
[INFO]    com.mysema.querydsl:querydsl-core:jar:3.6.3:compile
[INFO]    com.mysema.querydsl:querydsl-jpa:jar:3.6.3:compile
[INFO]    commons-collections:commons-collections:jar:3.2.1:compile
[INFO]    commons-lang:commons-lang:jar:2.4:compile
[INFO]    commons-pool:commons-pool:jar:1.5.4:compile
[INFO]    dom4j:dom4j:jar:1.6.1:compile
[INFO]    javax.annotation:jsr250-api:jar:1.0:provided
[INFO]    javax.el:el-api:jar:1.0:test
[INFO]    javax.enterprise:cdi-api:jar:1.0:provided
[INFO]    javax.inject:javax.inject:jar:1:provided
[INFO]    javax.servlet:javax.servlet-api:jar:3.0.1:test
[INFO]    joda-time:joda-time:jar:2.8.1:compile
[INFO]    junit:junit:jar:4.12:test
[INFO]    net.sourceforge.serp:serp:jar:1.14.1:compile
[INFO]    org.apache.geronimo.specs:geronimo-atinject_1.0_spec:jar:1.0:test
[INFO]    org.apache.geronimo.specs:geronimo-jcdi_1.0_spec:jar:1.0:test
[INFO]    org.apache.geronimo.specs:geronimo-jms_1.1_spec:jar:1.1.1:compile
[INFO]    org.apache.geronimo.specs:geronimo-jpa_2.0_spec:jar:1.1:compile
[INFO]    org.apache.geronimo.specs:geronimo-jta_1.1_spec:jar:1.1.1:compile
[INFO]    org.apache.openjpa:openjpa-jdbc:jar:2.3.0:compile
[INFO]    org.apache.openjpa:openjpa-kernel:jar:2.3.0:compile
[INFO]    org.apache.openjpa:openjpa-lib:jar:2.3.0:compile
[INFO]    org.apache.openjpa:openjpa-persistence-jdbc:jar:2.3.0:compile
[INFO]    org.apache.openjpa:openjpa-persistence:jar:2.3.0:compile
[INFO]    org.apache.openwebbeans.test:cditest-owb:jar:1.2.8:test
[INFO]    org.apache.openwebbeans.test:cditest:jar:1.2.8:test
[INFO]    org.apache.openwebbeans:openwebbeans-impl:jar:1.2.8:test
[INFO]    org.apache.openwebbeans:openwebbeans-spi:jar:1.2.8:test
[INFO]    org.apache.xbean:xbean-asm4-shaded:jar:3.14:compile
[INFO]    org.apache.xbean:xbean-asm5-shaded:jar:4.1:test
[INFO]    org.apache.xbean:xbean-finder-shaded:jar:4.1:test
[INFO]    org.aspectj:aspectjrt:jar:1.8.5:compile
[INFO]    org.aspectj:aspectjweaver:jar:1.8.5:test
[INFO]    org.eclipse.jdt.core.compiler:ecj:jar:4.3.1:provided
[INFO]    org.eclipse.persistence:javax.persistence:jar:2.1.0:compile
[INFO]    org.eclipse.persistence:org.eclipse.persistence.antlr:jar:2.6.0:compile
[INFO]    org.eclipse.persistence:org.eclipse.persistence.asm:jar:2.6.0:compile
[INFO]    org.eclipse.persistence:org.eclipse.persistence.core:jar:2.6.0:compile
[INFO]    org.eclipse.persistence:org.eclipse.persistence.jpa.jpql:jar:2.6.0:compile
[INFO]    org.eclipse.persistence:org.eclipse.persistence.jpa:jar:2.6.0:compile
[INFO]    org.glassfish:javax.json:jar:1.0.4:compile
[INFO]    org.hamcrest:hamcrest-core:jar:1.3:test
[INFO]    org.hamcrest:hamcrest-library:jar:1.3:test
[INFO]    org.hibernate.common:hibernate-commons-annotations:jar:4.0.1.Final:compile
[INFO]    org.hibernate.javax.persistence:hibernate-jpa-2.0-api:jar:1.0.1.Final:compile
[INFO]    org.hibernate:hibernate-core:jar:4.1.12.Final:compile
[INFO]    org.hibernate:hibernate-entitymanager:jar:4.1.12.Final:compile
[INFO]    org.hsqldb:hsqldb:jar:2.2.8:test
[INFO]    org.javassist:javassist:jar:3.15.0-GA:compile
[INFO]    org.jboss.interceptor:jboss-interceptor-api:jar:1.1:provided
[INFO]    org.jboss.logging:jboss-logging:jar:3.1.0.GA:compile
[INFO]    org.jboss.spec.javax.transaction:jboss-transaction-api_1.1_spec:jar:1.0.0.Final:compile
[INFO]    org.mockito:mockito-core:jar:1.10.19:test
[INFO]    org.objenesis:objenesis:jar:2.1:test
[INFO]    org.slf4j:jcl-over-slf4j:jar:1.7.12:runtime
[INFO]    org.slf4j:slf4j-api:jar:1.7.12:compile
[INFO]    org.springframework.data:spring-data-commons:jar:1.11.0.DATACMNS-293-SNAPSHOT:compile
[INFO]    org.springframework:spring-aop:jar:4.1.7.BUILD-SNAPSHOT:compile
[INFO]    org.springframework:spring-aspects:jar:4.1.7.BUILD-SNAPSHOT:compile
[INFO]    org.springframework:spring-beans:jar:4.1.7.BUILD-SNAPSHOT:compile
[INFO]    org.springframework:spring-context:jar:4.1.7.BUILD-SNAPSHOT:compile
[INFO]    org.springframework:spring-core:jar:4.1.7.BUILD-SNAPSHOT:compile
[INFO]    org.springframework:spring-expression:jar:4.1.7.BUILD-SNAPSHOT:compile
[INFO]    org.springframework:spring-instrument:jar:4.1.7.BUILD-SNAPSHOT:provided
[INFO]    org.springframework:spring-jdbc:jar:4.1.7.BUILD-SNAPSHOT:compile
[INFO]    org.springframework:spring-orm:jar:4.1.7.BUILD-SNAPSHOT:compile
[INFO]    org.springframework:spring-test:jar:4.1.7.BUILD-SNAPSHOT:test
[INFO]    org.springframework:spring-tx:jar:4.1.7.BUILD-SNAPSHOT:compile
[INFO]    org.threeten:threetenbp:jar:1.2:compile
[INFO] 
[INFO] 
[INFO] --- apt-maven-plugin:1.1.3:process (sources) @ spring-data-jpa ---
[INFO] 
[INFO] --- maven-resources-plugin:2.6:resources (default-resources) @ spring-data-jpa ---
[INFO] Using 'UTF-8' encoding to copy filtered resources.
[INFO] Copying 13 resources
[INFO] 
[INFO] --- maven-compiler-plugin:3.1:compile (default-compile) @ spring-data-jpa ---
[INFO] Changes detected - recompiling the module!
[INFO] Compiling 111 source files to /home/travis/build/spring-projects/spring-data-jpa/target/classes
[WARNING] /home/travis/build/spring-projects/spring-data-jpa/target/generated-sources/annotations/org/springframework/data/jpa/domain/QAbstractPersistable.java: Some input files use unchecked or unsafe operations.
[WARNING] /home/travis/build/spring-projects/spring-data-jpa/target/generated-sources/annotations/org/springframework/data/jpa/domain/QAbstractPersistable.java: Recompile with -Xlint:unchecked for details.
[INFO] 
[INFO] --- com.springsource.bundlor.maven:1.0.0.RELEASE:bundlor (bundlor) @ spring-data-jpa ---
Manifest written to '/home/travis/build/spring-projects/spring-data-jpa/target/classes/META-INF/MANIFEST.MF'
[INFO] 
[INFO] --- aspectj-maven-plugin:1.6:compile (default) @ spring-data-jpa ---
[INFO] 
[INFO] --- apt-maven-plugin:1.1.3:test-process (test-sources) @ spring-data-jpa ---
[INFO] 
[INFO] --- maven-resources-plugin:2.6:testResources (default-testResources) @ spring-data-jpa ---
[INFO] Using 'UTF-8' encoding to copy filtered resources.
[INFO] Copying 33 resources
[INFO] 
[INFO] --- maven-compiler-plugin:3.1:testCompile (default-testCompile) @ spring-data-jpa ---
[INFO] Changes detected - recompiling the module!
[INFO] Compiling 300 source files to /home/travis/build/spring-projects/spring-data-jpa/target/test-classes
[INFO] 
[INFO] --- maven-surefire-plugin:2.12:test (default-test) @ spring-data-jpa ---
Downloading: https://repo.spring.io/plugins-release/org/springframework/spring-instrument/4.1.7.BUILD-SNAPSHOT/maven-metadata.xml
             [INFO] Surefire report directory: /home/travis/build/spring-projects/spring-data-jpa/target/surefire-reports

-------------------------------------------------------
 T E S T S
-------------------------------------------------------

Results :

Tests run: 0, Failures: 0, Errors: 0, Skipped: 0

[INFO] 
[INFO] --- maven-surefire-plugin:2.12:test (unit-tests) @ spring-data-jpa ---
[INFO] Surefire report directory: /home/travis/build/spring-projects/spring-data-jpa/target/surefire-reports

-------------------------------------------------------
 T E S T S
-------------------------------------------------------
Running org.springframework.data.jpa.repository.support.JpaEntityInformationSupportUnitTests
Tests run: 2, Failures: 0, Errors: 0, Skipped: 0, Time elapsed: 0.671 sec
Running org.springframework.data.jpa.repository.support.EntityManagerBeanDefinitionRegistratPostProcessorUnitTests
Tests run: 1, Failures: 0, Errors: 0, Skipped: 0, Time elapsed: 0.467 sec
Running org.springframework.data.jpa.repository.support.JpaRepositoryFactoryBeanUnitTests
Tests run: 4, Failures: 0, Errors: 0, Skipped: 0, Time elapsed: 0.219 sec
Running org.springframework.data.jpa.repository.support.SimpleJpaRepositoryUnitTests
Tests run: 3, Failures: 0, Errors: 0, Skipped: 0, Time elapsed: 0.455 sec
Running org.springframework.data.jpa.repository.support.JpaRepositoryFactoryUnitTests
Tests run: 8, Failures: 0, Errors: 0, Skipped: 0, Time elapsed: 0.743 sec
Running org.springframework.data.jpa.repository.support.JpaPersistableEntityInformationUnitTests
Tests run: 1, Failures: 0, Errors: 0, Skipped: 0, Time elapsed: 0.069 sec
Running org.springframework.data.jpa.repository.support.EntityManagerFactoryRefUnitTests
Tests run: 1, Failures: 0, Errors: 0, Skipped: 0, Time elapsed: 0.953 sec
Running org.springframework.data.jpa.repository.support.JpaMetamodelEntityInformationUnitTests
Tests run: 1, Failures: 0, Errors: 0, Skipped: 0, Time elapsed: 0.083 sec
Running org.springframework.data.jpa.repository.support.CrudMethodMetadataPopulatingMethodInterceptorUnitTests
Tests run: 1, Failures: 0, Errors: 0, Skipped: 0, Time elapsed: 0.016 sec
Running org.springframework.data.jpa.repository.query.SimpleJpaQueryUnitTests
Tests run: 9, Failures: 1, Errors: 8, Skipped: 0, Time elapsed: 0.39 sec <<< FAILURE!
createsANativeJpaQueryFromAnnotation(org.springframework.data.jpa.repository.query.SimpleJpaQueryUnitTests)  Time elapsed: 0.102 sec  <<< ERROR!
java.lang.IllegalArgumentException: [Assertion failed] - this argument is required; it must not be null
	at org.springframework.util.Assert.notNull(Assert.java:112)
	at org.springframework.util.Assert.notNull(Assert.java:123)
	at org.springframework.data.jpa.repository.support.JpaMetamodelEntityInformation.<init>(JpaMetamodelEntityInformation.java:65)
	at org.springframework.data.jpa.repository.support.JpaEntityInformationSupport.getEntityInformation(JpaEntityInformationSupport.java:67)
	at org.springframework.data.jpa.repository.query.AbstractStringBasedJpaQuery.<init>(AbstractStringBasedJpaQuery.java:72)
	at org.springframework.data.jpa.repository.query.NativeJpaQuery.<init>(NativeJpaQuery.java:46)
	at org.springframework.data.jpa.repository.query.JpaQueryFactory.fromMethodWithQueryString(JpaQueryFactory.java:72)
	at org.springframework.data.jpa.repository.query.JpaQueryFactory.fromQueryAnnotation(JpaQueryFactory.java:53)
	at org.springframework.data.jpa.repository.query.SimpleJpaQueryUnitTests.createJpaQuery(SimpleJpaQueryUnitTests.java:211)
	at org.springframework.data.jpa.repository.query.SimpleJpaQueryUnitTests.createsANativeJpaQueryFromAnnotation(SimpleJpaQueryUnitTests.java:204)
	at sun.reflect.NativeMethodAccessorImpl.invoke0(Native Method)
	at sun.reflect.NativeMethodAccessorImpl.invoke(NativeMethodAccessorImpl.java:62)
	at sun.reflect.DelegatingMethodAccessorImpl.invoke(DelegatingMethodAccessorImpl.java:43)
	at java.lang.reflect.Method.invoke(Method.java:483)
	at org.junit.runners.model.FrameworkMethod$1.runReflectiveCall(FrameworkMethod.java:50)
	at org.junit.internal.runners.model.ReflectiveCallable.run(ReflectiveCallable.java:12)
	at org.junit.runners.model.FrameworkMethod.invokeExplosively(FrameworkMethod.java:47)
	at org.junit.internal.runners.statements.InvokeMethod.evaluate(InvokeMethod.java:17)
	at org.junit.internal.runners.statements.RunBefores.evaluate(RunBefores.java:26)
	at org.junit.rules.ExpectedException$ExpectedExceptionStatement.evaluate(ExpectedException.java:239)
	at org.junit.rules.RunRules.evaluate(RunRules.java:20)
	at org.junit.runners.ParentRunner.runLeaf(ParentRunner.java:325)
	at org.junit.runners.BlockJUnit4ClassRunner.runChild(BlockJUnit4ClassRunner.java:78)
	at org.junit.runners.BlockJUnit4ClassRunner.runChild(BlockJUnit4ClassRunner.java:57)
	at org.junit.runners.ParentRunner$3.run(ParentRunner.java:290)
	at org.junit.runners.ParentRunner$1.schedule(ParentRunner.java:71)
	at org.junit.runners.ParentRunner.runChildren(ParentRunner.java:288)
	at org.junit.runners.ParentRunner.access$000(ParentRunner.java:58)
	at org.junit.runners.ParentRunner$2.evaluate(ParentRunner.java:268)
	at org.junit.runners.ParentRunner.run(ParentRunner.java:363)
	at org.mockito.internal.runners.JUnit45AndHigherRunnerImpl.run(JUnit45AndHigherRunnerImpl.java:37)
	at org.mockito.runners.MockitoJUnitRunner.run(MockitoJUnitRunner.java:62)
	at org.apache.maven.surefire.junit4.JUnit4Provider.execute(JUnit4Provider.java:236)
	at org.apache.maven.surefire.junit4.JUnit4Provider.executeTestSet(JUnit4Provider.java:134)
	at org.apache.maven.surefire.junit4.JUnit4Provider.invoke(JUnit4Provider.java:113)
	at sun.reflect.NativeMethodAccessorImpl.invoke0(Native Method)
	at sun.reflect.NativeMethodAccessorImpl.invoke(NativeMethodAccessorImpl.java:62)
	at sun.reflect.DelegatingMethodAccessorImpl.invoke(DelegatingMethodAccessorImpl.java:43)
	at java.lang.reflect.Method.invoke(Method.java:483)
	at org.apache.maven.surefire.util.ReflectionUtils.invokeMethodWithArray(ReflectionUtils.java:189)
	at org.apache.maven.surefire.booter.ProviderFactory$ProviderProxy.invoke(ProviderFactory.java:165)
	at org.apache.maven.surefire.booter.ProviderFactory.invokeProvider(ProviderFactory.java:85)
	at org.apache.maven.surefire.booter.ForkedBooter.runSuitesInProcess(ForkedBooter.java:103)
	at org.apache.maven.surefire.booter.ForkedBooter.main(ForkedBooter.java:74)
doesNotApplyPaginationToCountQuery(org.springframework.data.jpa.repository.query.SimpleJpaQueryUnitTests)  Time elapsed: 0.009 sec  <<< ERROR!
java.lang.IllegalArgumentException: [Assertion failed] - this argument is required; it must not be null
	at org.springframework.util.Assert.notNull(Assert.java:112)
	at org.springframework.util.Assert.notNull(Assert.java:123)
	at org.springframework.data.jpa.repository.support.JpaMetamodelEntityInformation.<init>(JpaMetamodelEntityInformation.java:65)
	at org.springframework.data.jpa.repository.support.JpaEntityInformationSupport.getEntityInformation(JpaEntityInformationSupport.java:67)
	at org.springframework.data.jpa.repository.query.AbstractStringBasedJpaQuery.<init>(AbstractStringBasedJpaQuery.java:72)
	at org.springframework.data.jpa.repository.query.SimpleJpaQuery.<init>(SimpleJpaQuery.java:60)
	at org.springframework.data.jpa.repository.query.SimpleJpaQueryUnitTests.doesNotApplyPaginationToCountQuery(SimpleJpaQueryUnitTests.java:115)
	at sun.reflect.NativeMethodAccessorImpl.invoke0(Native Method)
	at sun.reflect.NativeMethodAccessorImpl.invoke(NativeMethodAccessorImpl.java:62)
	at sun.reflect.DelegatingMethodAccessorImpl.invoke(DelegatingMethodAccessorImpl.java:43)
	at java.lang.reflect.Method.invoke(Method.java:483)
	at org.junit.runners.model.FrameworkMethod$1.runReflectiveCall(FrameworkMethod.java:50)
	at org.junit.internal.runners.model.ReflectiveCallable.run(ReflectiveCallable.java:12)
	at org.junit.runners.model.FrameworkMethod.invokeExplosively(FrameworkMethod.java:47)
	at org.junit.internal.runners.statements.InvokeMethod.evaluate(InvokeMethod.java:17)
	at org.junit.internal.runners.statements.RunBefores.evaluate(RunBefores.java:26)
	at org.junit.rules.ExpectedException$ExpectedExceptionStatement.evaluate(ExpectedException.java:239)
	at org.junit.rules.RunRules.evaluate(RunRules.java:20)
	at org.junit.runners.ParentRunner.runLeaf(ParentRunner.java:325)
	at org.junit.runners.BlockJUnit4ClassRunner.runChild(BlockJUnit4ClassRunner.java:78)
	at org.junit.runners.BlockJUnit4ClassRunner.runChild(BlockJUnit4ClassRunner.java:57)
	at org.junit.runners.ParentRunner$3.run(ParentRunner.java:290)
	at org.junit.runners.ParentRunner$1.schedule(ParentRunner.java:71)
	at org.junit.runners.ParentRunner.runChildren(ParentRunner.java:288)
	at org.junit.runners.ParentRunner.access$000(ParentRunner.java:58)
	at org.junit.runners.ParentRunner$2.evaluate(ParentRunner.java:268)
	at org.junit.runners.ParentRunner.run(ParentRunner.java:363)
	at org.mockito.internal.runners.JUnit45AndHigherRunnerImpl.run(JUnit45AndHigherRunnerImpl.java:37)
	at org.mockito.runners.MockitoJUnitRunner.run(MockitoJUnitRunner.java:62)
	at org.apache.maven.surefire.junit4.JUnit4Provider.execute(JUnit4Provider.java:236)
	at org.apache.maven.surefire.junit4.JUnit4Provider.executeTestSet(JUnit4Provider.java:134)
	at org.apache.maven.surefire.junit4.JUnit4Provider.invoke(JUnit4Provider.java:113)
	at sun.reflect.NativeMethodAccessorImpl.invoke0(Native Method)
	at sun.reflect.NativeMethodAccessorImpl.invoke(NativeMethodAccessorImpl.java:62)
	at sun.reflect.DelegatingMethodAccessorImpl.invoke(DelegatingMethodAccessorImpl.java:43)
	at java.lang.reflect.Method.invoke(Method.java:483)
	at org.apache.maven.surefire.util.ReflectionUtils.invokeMethodWithArray(ReflectionUtils.java:189)
	at org.apache.maven.surefire.booter.ProviderFactory$ProviderProxy.invoke(ProviderFactory.java:165)
	at org.apache.maven.surefire.booter.ProviderFactory.invokeProvider(ProviderFactory.java:85)
	at org.apache.maven.surefire.booter.ForkedBooter.runSuitesInProcess(ForkedBooter.java:103)
	at org.apache.maven.surefire.booter.ForkedBooter.main(ForkedBooter.java:74)
rejectsNativeQueryWithPageable(org.springframework.data.jpa.repository.query.SimpleJpaQueryUnitTests)  Time elapsed: 0.022 sec  <<< ERROR!
java.lang.Exception: Unexpected exception, expected<org.springframework.data.jpa.repository.query.InvalidJpaQueryMethodException> but was<java.lang.IllegalArgumentException>
	at org.junit.internal.runners.statements.ExpectException.evaluate(ExpectException.java:28)
	at org.junit.internal.runners.statements.RunBefores.evaluate(RunBefores.java:26)
	at org.junit.rules.ExpectedException$ExpectedExceptionStatement.evaluate(ExpectedException.java:239)
	at org.junit.rules.RunRules.evaluate(RunRules.java:20)
	at org.junit.runners.ParentRunner.runLeaf(ParentRunner.java:325)
	at org.junit.runners.BlockJUnit4ClassRunner.runChild(BlockJUnit4ClassRunner.java:78)
	at org.junit.runners.BlockJUnit4ClassRunner.runChild(BlockJUnit4ClassRunner.java:57)
	at org.junit.runners.ParentRunner$3.run(ParentRunner.java:290)
	at org.junit.runners.ParentRunner$1.schedule(ParentRunner.java:71)
	at org.junit.runners.ParentRunner.runChildren(ParentRunner.java:288)
	at org.junit.runners.ParentRunner.access$000(ParentRunner.java:58)
	at org.junit.runners.ParentRunner$2.evaluate(ParentRunner.java:268)
	at org.junit.runners.ParentRunner.run(ParentRunner.java:363)
	at org.mockito.internal.runners.JUnit45AndHigherRunnerImpl.run(JUnit45AndHigherRunnerImpl.java:37)
	at org.mockito.runners.MockitoJUnitRunner.run(MockitoJUnitRunner.java:62)
	at org.apache.maven.surefire.junit4.JUnit4Provider.execute(JUnit4Provider.java:236)
	at org.apache.maven.surefire.junit4.JUnit4Provider.executeTestSet(JUnit4Provider.java:134)
	at org.apache.maven.surefire.junit4.JUnit4Provider.invoke(JUnit4Provider.java:113)
	at sun.reflect.NativeMethodAccessorImpl.invoke0(Native Method)
	at sun.reflect.NativeMethodAccessorImpl.invoke(NativeMethodAccessorImpl.java:62)
	at sun.reflect.DelegatingMethodAccessorImpl.invoke(DelegatingMethodAccessorImpl.java:43)
	at java.lang.reflect.Method.invoke(Method.java:483)
	at org.apache.maven.surefire.util.ReflectionUtils.invokeMethodWithArray(ReflectionUtils.java:189)
	at org.apache.maven.surefire.booter.ProviderFactory$ProviderProxy.invoke(ProviderFactory.java:165)
	at org.apache.maven.surefire.booter.ProviderFactory.invokeProvider(ProviderFactory.java:85)
	at org.apache.maven.surefire.booter.ForkedBooter.runSuitesInProcess(ForkedBooter.java:103)
	at org.apache.maven.surefire.booter.ForkedBooter.main(ForkedBooter.java:74)
Caused by: java.lang.IllegalArgumentException: [Assertion failed] - this argument is required; it must not be null
	at org.springframework.util.Assert.notNull(Assert.java:112)
	at org.springframework.util.Assert.notNull(Assert.java:123)
	at org.springframework.data.jpa.repository.support.JpaMetamodelEntityInformation.<init>(JpaMetamodelEntityInformation.java:65)
	at org.springframework.data.jpa.repository.support.JpaEntityInformationSupport.getEntityInformation(JpaEntityInformationSupport.java:67)
	at org.springframework.data.jpa.repository.query.AbstractStringBasedJpaQuery.<init>(AbstractStringBasedJpaQuery.java:72)
	at org.springframework.data.jpa.repository.query.NativeJpaQuery.<init>(NativeJpaQuery.java:46)
	at org.springframework.data.jpa.repository.query.JpaQueryFactory.fromMethodWithQueryString(JpaQueryFactory.java:72)
	at org.springframework.data.jpa.repository.query.JpaQueryFactory.fromQueryAnnotation(JpaQueryFactory.java:53)
	at org.springframework.data.jpa.repository.query.SimpleJpaQueryUnitTests.createJpaQuery(SimpleJpaQueryUnitTests.java:211)
	at org.springframework.data.jpa.repository.query.SimpleJpaQueryUnitTests.rejectsNativeQueryWithPageable(SimpleJpaQueryUnitTests.java:160)
	at sun.reflect.NativeMethodAccessorImpl.invoke0(Native Method)
	at sun.reflect.NativeMethodAccessorImpl.invoke(NativeMethodAccessorImpl.java:62)
	at sun.reflect.DelegatingMethodAccessorImpl.invoke(DelegatingMethodAccessorImpl.java:43)
	at java.lang.reflect.Method.invoke(Method.java:483)
	at org.junit.runners.model.FrameworkMethod$1.runReflectiveCall(FrameworkMethod.java:50)
	at org.junit.internal.runners.model.ReflectiveCallable.run(ReflectiveCallable.java:12)
	at org.junit.runners.model.FrameworkMethod.invokeExplosively(FrameworkMethod.java:47)
	at org.junit.internal.runners.statements.InvokeMethod.evaluate(InvokeMethod.java:17)
	at org.junit.internal.runners.statements.ExpectException.evaluate(ExpectException.java:19)
	... 26 more
validatesAndRejectsCountQueryIfPagingMethod(org.springframework.data.jpa.repository.query.SimpleJpaQueryUnitTests)  Time elapsed: 0.044 sec  <<< FAILURE!
java.lang.AssertionError: 
Expected: (an instance of java.lang.IllegalArgumentException and exception with message a string containing "Count" and exception with message a string containing "pageByAnnotatedQuery")
     but: exception with message a string containing "Count" message was "[Assertion failed] - this argument is required; it must not be null"
Stacktrace was: java.lang.IllegalArgumentException: [Assertion failed] - this argument is required; it must not be null
	at org.springframework.util.Assert.notNull(Assert.java:112)
	at org.springframework.util.Assert.notNull(Assert.java:123)
	at org.springframework.data.jpa.repository.support.JpaMetamodelEntityInformation.<init>(JpaMetamodelEntityInformation.java:65)
	at org.springframework.data.jpa.repository.support.JpaEntityInformationSupport.getEntityInformation(JpaEntityInformationSupport.java:67)
	at org.springframework.data.jpa.repository.query.AbstractStringBasedJpaQuery.<init>(AbstractStringBasedJpaQuery.java:72)
	at org.springframework.data.jpa.repository.query.SimpleJpaQuery.<init>(SimpleJpaQuery.java:60)
	at org.springframework.data.jpa.repository.query.JpaQueryFactory.fromMethodWithQueryString(JpaQueryFactory.java:72)
	at org.springframework.data.jpa.repository.query.JpaQueryFactory.fromQueryAnnotation(JpaQueryFactory.java:53)
	at org.springframework.data.jpa.repository.query.SimpleJpaQueryUnitTests.createJpaQuery(SimpleJpaQueryUnitTests.java:211)
	at org.springframework.data.jpa.repository.query.SimpleJpaQueryUnitTests.validatesAndRejectsCountQueryIfPagingMethod(SimpleJpaQueryUnitTests.java:191)
	at sun.reflect.NativeMethodAccessorImpl.invoke0(Native Method)
	at sun.reflect.NativeMethodAccessorImpl.invoke(NativeMethodAccessorImpl.java:62)
	at sun.reflect.DelegatingMethodAccessorImpl.invoke(DelegatingMethodAccessorImpl.java:43)
	at java.lang.reflect.Method.invoke(Method.java:483)
	at org.junit.runners.model.FrameworkMethod$1.runReflectiveCall(FrameworkMethod.java:50)
	at org.junit.internal.runners.model.ReflectiveCallable.run(ReflectiveCallable.java:12)
	at org.junit.runners.model.FrameworkMethod.invokeExplosively(FrameworkMethod.java:47)
	at org.junit.internal.runners.statements.InvokeMethod.evaluate(InvokeMethod.java:17)
	at org.junit.internal.runners.statements.RunBefores.evaluate(RunBefores.java:26)
	at org.junit.rules.ExpectedException$ExpectedExceptionStatement.evaluate(ExpectedException.java:239)
	at org.junit.rules.RunRules.evaluate(RunRules.java:20)
	at org.junit.runners.ParentRunner.runLeaf(ParentRunner.java:325)
	at org.junit.runners.BlockJUnit4ClassRunner.runChild(BlockJUnit4ClassRunner.java:78)
	at org.junit.runners.BlockJUnit4ClassRunner.runChild(BlockJUnit4ClassRunner.java:57)
	at org.junit.runners.ParentRunner$3.run(ParentRunner.java:290)
	at org.junit.runners.ParentRunner$1.schedule(ParentRunner.java:71)
	at org.junit.runners.ParentRunner.runChildren(ParentRunner.java:288)
	at org.junit.runners.ParentRunner.access$000(ParentRunner.java:58)
	at org.junit.runners.ParentRunner$2.evaluate(ParentRunner.java:268)
	at org.junit.runners.ParentRunner.run(ParentRunner.java:363)
	at org.mockito.internal.runners.JUnit45AndHigherRunnerImpl.run(JUnit45AndHigherRunnerImpl.java:37)
	at org.mockito.runners.MockitoJUnitRunner.run(MockitoJUnitRunner.java:62)
	at org.apache.maven.surefire.junit4.JUnit4Provider.execute(JUnit4Provider.java:236)
	at org.apache.maven.surefire.junit4.JUnit4Provider.executeTestSet(JUnit4Provider.java:134)
	at org.apache.maven.surefire.junit4.JUnit4Provider.invoke(JUnit4Provider.java:113)
	at sun.reflect.NativeMethodAccessorImpl.invoke0(Native Method)
	at sun.reflect.NativeMethodAccessorImpl.invoke(NativeMethodAccessorImpl.java:62)
	at sun.reflect.DelegatingMethodAccessorImpl.invoke(DelegatingMethodAccessorImpl.java:43)
	at java.lang.reflect.Method.invoke(Method.java:483)
	at org.apache.maven.surefire.util.ReflectionUtils.invokeMethodWithArray(ReflectionUtils.java:189)
	at org.apache.maven.surefire.booter.ProviderFactory$ProviderProxy.invoke(ProviderFactory.java:165)
	at org.apache.maven.surefire.booter.ProviderFactory.invokeProvider(ProviderFactory.java:85)
	at org.apache.maven.surefire.booter.ForkedBooter.runSuitesInProcess(ForkedBooter.java:103)
	at org.apache.maven.surefire.booter.ForkedBooter.main(ForkedBooter.java:74)

	at org.hamcrest.MatcherAssert.assertThat(MatcherAssert.java:20)
	at org.junit.Assert.assertThat(Assert.java:956)
	at org.junit.Assert.assertThat(Assert.java:923)
	at org.junit.rules.ExpectedException.handleException(ExpectedException.java:252)
	at org.junit.rules.ExpectedException.access$000(ExpectedException.java:106)
	at org.junit.rules.ExpectedException$ExpectedExceptionStatement.evaluate(ExpectedException.java:241)
	at org.junit.rules.RunRules.evaluate(RunRules.java:20)
	at org.junit.runners.ParentRunner.runLeaf(ParentRunner.java:325)
	at org.junit.runners.BlockJUnit4ClassRunner.runChild(BlockJUnit4ClassRunner.java:78)
	at org.junit.runners.BlockJUnit4ClassRunner.runChild(BlockJUnit4ClassRunner.java:57)
	at org.junit.runners.ParentRunner$3.run(ParentRunner.java:290)
	at org.junit.runners.ParentRunner$1.schedule(ParentRunner.java:71)
	at org.junit.runners.ParentRunner.runChildren(ParentRunner.java:288)
	at org.junit.runners.ParentRunner.access$000(ParentRunner.java:58)
	at org.junit.runners.ParentRunner$2.evaluate(ParentRunner.java:268)
	at org.junit.runners.ParentRunner.run(ParentRunner.java:363)
	at org.mockito.internal.runners.JUnit45AndHigherRunnerImpl.run(JUnit45AndHigherRunnerImpl.java:37)
	at org.mockito.runners.MockitoJUnitRunner.run(MockitoJUnitRunner.java:62)
	at org.apache.maven.surefire.junit4.JUnit4Provider.execute(JUnit4Provider.java:236)
	at org.apache.maven.surefire.junit4.JUnit4Provider.executeTestSet(JUnit4Provider.java:134)
	at org.apache.maven.surefire.junit4.JUnit4Provider.invoke(JUnit4Provider.java:113)
	at sun.reflect.NativeMethodAccessorImpl.invoke0(Native Method)
	at sun.reflect.NativeMethodAccessorImpl.invoke(NativeMethodAccessorImpl.java:62)
	at sun.reflect.DelegatingMethodAccessorImpl.invoke(DelegatingMethodAccessorImpl.java:43)
	at java.lang.reflect.Method.invoke(Method.java:483)
	at org.apache.maven.surefire.util.ReflectionUtils.invokeMethodWithArray(ReflectionUtils.java:189)
	at org.apache.maven.surefire.booter.ProviderFactory$ProviderProxy.invoke(ProviderFactory.java:165)
	at org.apache.maven.surefire.booter.ProviderFactory.invokeProvider(ProviderFactory.java:85)
	at org.apache.maven.surefire.booter.ForkedBooter.runSuitesInProcess(ForkedBooter.java:103)
	at org.apache.maven.surefire.booter.ForkedBooter.main(ForkedBooter.java:74)
createsASimpleJpaQueryFromAnnotation(org.springframework.data.jpa.repository.query.SimpleJpaQueryUnitTests)  Time elapsed: 0.025 sec  <<< ERROR!
java.lang.IllegalArgumentException: [Assertion failed] - this argument is required; it must not be null
	at org.springframework.util.Assert.notNull(Assert.java:112)
	at org.springframework.util.Assert.notNull(Assert.java:123)
	at org.springframework.data.jpa.repository.support.JpaMetamodelEntityInformation.<init>(JpaMetamodelEntityInformation.java:65)
	at org.springframework.data.jpa.repository.support.JpaEntityInformationSupport.getEntityInformation(JpaEntityInformationSupport.java:67)
	at org.springframework.data.jpa.repository.query.AbstractStringBasedJpaQuery.<init>(AbstractStringBasedJpaQuery.java:72)
	at org.springframework.data.jpa.repository.query.SimpleJpaQuery.<init>(SimpleJpaQuery.java:60)
	at org.springframework.data.jpa.repository.query.JpaQueryFactory.fromMethodWithQueryString(JpaQueryFactory.java:72)
	at org.springframework.data.jpa.repository.query.JpaQueryFactory.fromQueryAnnotation(JpaQueryFactory.java:53)
	at org.springframework.data.jpa.repository.query.SimpleJpaQueryUnitTests.createJpaQuery(SimpleJpaQueryUnitTests.java:211)
	at org.springframework.data.jpa.repository.query.SimpleJpaQueryUnitTests.createsASimpleJpaQueryFromAnnotation(SimpleJpaQueryUnitTests.java:197)
	at sun.reflect.NativeMethodAccessorImpl.invoke0(Native Method)
	at sun.reflect.NativeMethodAccessorImpl.invoke(NativeMethodAccessorImpl.java:62)
	at sun.reflect.DelegatingMethodAccessorImpl.invoke(DelegatingMethodAccessorImpl.java:43)
	at java.lang.reflect.Method.invoke(Method.java:483)
	at org.junit.runners.model.FrameworkMethod$1.runReflectiveCall(FrameworkMethod.java:50)
	at org.junit.internal.runners.model.ReflectiveCallable.run(ReflectiveCallable.java:12)
	at org.junit.runners.model.FrameworkMethod.invokeExplosively(FrameworkMethod.java:47)
	at org.junit.internal.runners.statements.InvokeMethod.evaluate(InvokeMethod.java:17)
	at org.junit.internal.runners.statements.RunBefores.evaluate(RunBefores.java:26)
	at org.junit.rules.ExpectedException$ExpectedExceptionStatement.evaluate(ExpectedException.java:239)
	at org.junit.rules.RunRules.evaluate(RunRules.java:20)
	at org.junit.runners.ParentRunner.runLeaf(ParentRunner.java:325)
	at org.junit.runners.BlockJUnit4ClassRunner.runChild(BlockJUnit4ClassRunner.java:78)
	at org.junit.runners.BlockJUnit4ClassRunner.runChild(BlockJUnit4ClassRunner.java:57)
	at org.junit.runners.ParentRunner$3.run(ParentRunner.java:290)
	at org.junit.runners.ParentRunner$1.schedule(ParentRunner.java:71)
	at org.junit.runners.ParentRunner.runChildren(ParentRunner.java:288)
	at org.junit.runners.ParentRunner.access$000(ParentRunner.java:58)
	at org.junit.runners.ParentRunner$2.evaluate(ParentRunner.java:268)
	at org.junit.runners.ParentRunner.run(ParentRunner.java:363)
	at org.mockito.internal.runners.JUnit45AndHigherRunnerImpl.run(JUnit45AndHigherRunnerImpl.java:37)
	at org.mockito.runners.MockitoJUnitRunner.run(MockitoJUnitRunner.java:62)
	at org.apache.maven.surefire.junit4.JUnit4Provider.execute(JUnit4Provider.java:236)
	at org.apache.maven.surefire.junit4.JUnit4Provider.executeTestSet(JUnit4Provider.java:134)
	at org.apache.maven.surefire.junit4.JUnit4Provider.invoke(JUnit4Provider.java:113)
	at sun.reflect.NativeMethodAccessorImpl.invoke0(Native Method)
	at sun.reflect.NativeMethodAccessorImpl.invoke(NativeMethodAccessorImpl.java:62)
	at sun.reflect.DelegatingMethodAccessorImpl.invoke(DelegatingMethodAccessorImpl.java:43)
	at java.lang.reflect.Method.invoke(Method.java:483)
	at org.apache.maven.surefire.util.ReflectionUtils.invokeMethodWithArray(ReflectionUtils.java:189)
	at org.apache.maven.surefire.booter.ProviderFactory$ProviderProxy.invoke(ProviderFactory.java:165)
	at org.apache.maven.surefire.booter.ProviderFactory.invokeProvider(ProviderFactory.java:85)
	at org.apache.maven.surefire.booter.ForkedBooter.runSuitesInProcess(ForkedBooter.java:103)
	at org.apache.maven.surefire.booter.ForkedBooter.main(ForkedBooter.java:74)
rejectsNativeQueryWithDynamicSort(org.springframework.data.jpa.repository.query.SimpleJpaQueryUnitTests)  Time elapsed: 0.034 sec  <<< ERROR!
java.lang.Exception: Unexpected exception, expected<org.springframework.data.jpa.repository.query.InvalidJpaQueryMethodException> but was<java.lang.IllegalArgumentException>
	at org.junit.internal.runners.statements.ExpectException.evaluate(ExpectException.java:28)
	at org.junit.internal.runners.statements.RunBefores.evaluate(RunBefores.java:26)
	at org.junit.rules.ExpectedException$ExpectedExceptionStatement.evaluate(ExpectedException.java:239)
	at org.junit.rules.RunRules.evaluate(RunRules.java:20)
	at org.junit.runners.ParentRunner.runLeaf(ParentRunner.java:325)
	at org.junit.runners.BlockJUnit4ClassRunner.runChild(BlockJUnit4ClassRunner.java:78)
	at org.junit.runners.BlockJUnit4ClassRunner.runChild(BlockJUnit4ClassRunner.java:57)
	at org.junit.runners.ParentRunner$3.run(ParentRunner.java:290)
	at org.junit.runners.ParentRunner$1.schedule(ParentRunner.java:71)
	at org.junit.runners.ParentRunner.runChildren(ParentRunner.java:288)
	at org.junit.runners.ParentRunner.access$000(ParentRunner.java:58)
	at org.junit.runners.ParentRunner$2.evaluate(ParentRunner.java:268)
	at org.junit.runners.ParentRunner.run(ParentRunner.java:363)
	at org.mockito.internal.runners.JUnit45AndHigherRunnerImpl.run(JUnit45AndHigherRunnerImpl.java:37)
	at org.mockito.runners.MockitoJUnitRunner.run(MockitoJUnitRunner.java:62)
	at org.apache.maven.surefire.junit4.JUnit4Provider.execute(JUnit4Provider.java:236)
	at org.apache.maven.surefire.junit4.JUnit4Provider.executeTestSet(JUnit4Provider.java:134)
	at org.apache.maven.surefire.junit4.JUnit4Provider.invoke(JUnit4Provider.java:113)
	at sun.reflect.NativeMethodAccessorImpl.invoke0(Native Method)
	at sun.reflect.NativeMethodAccessorImpl.invoke(NativeMethodAccessorImpl.java:62)
	at sun.reflect.DelegatingMethodAccessorImpl.invoke(DelegatingMethodAccessorImpl.java:43)
	at java.lang.reflect.Method.invoke(Method.java:483)
	at org.apache.maven.surefire.util.ReflectionUtils.invokeMethodWithArray(ReflectionUtils.java:189)
	at org.apache.maven.surefire.booter.ProviderFactory$ProviderProxy.invoke(ProviderFactory.java:165)
	at org.apache.maven.surefire.booter.ProviderFactory.invokeProvider(ProviderFactory.java:85)
	at org.apache.maven.surefire.booter.ForkedBooter.runSuitesInProcess(ForkedBooter.java:103)
	at org.apache.maven.surefire.booter.ForkedBooter.main(ForkedBooter.java:74)
Caused by: java.lang.IllegalArgumentException: [Assertion failed] - this argument is required; it must not be null
	at org.springframework.util.Assert.notNull(Assert.java:112)
	at org.springframework.util.Assert.notNull(Assert.java:123)
	at org.springframework.data.jpa.repository.support.JpaMetamodelEntityInformation.<init>(JpaMetamodelEntityInformation.java:65)
	at org.springframework.data.jpa.repository.support.JpaEntityInformationSupport.getEntityInformation(JpaEntityInformationSupport.java:67)
	at org.springframework.data.jpa.repository.query.AbstractStringBasedJpaQuery.<init>(AbstractStringBasedJpaQuery.java:72)
	at org.springframework.data.jpa.repository.query.NativeJpaQuery.<init>(NativeJpaQuery.java:46)
	at org.springframework.data.jpa.repository.query.JpaQueryFactory.fromMethodWithQueryString(JpaQueryFactory.java:72)
	at org.springframework.data.jpa.repository.query.JpaQueryFactory.fromQueryAnnotation(JpaQueryFactory.java:53)
	at org.springframework.data.jpa.repository.query.SimpleJpaQueryUnitTests.createJpaQuery(SimpleJpaQueryUnitTests.java:211)
	at org.springframework.data.jpa.repository.query.SimpleJpaQueryUnitTests.rejectsNativeQueryWithDynamicSort(SimpleJpaQueryUnitTests.java:150)
	at sun.reflect.NativeMethodAccessorImpl.invoke0(Native Method)
	at sun.reflect.NativeMethodAccessorImpl.invoke(NativeMethodAccessorImpl.java:62)
	at sun.reflect.DelegatingMethodAccessorImpl.invoke(DelegatingMethodAccessorImpl.java:43)
	at java.lang.reflect.Method.invoke(Method.java:483)
	at org.junit.runners.model.FrameworkMethod$1.runReflectiveCall(FrameworkMethod.java:50)
	at org.junit.internal.runners.model.ReflectiveCallable.run(ReflectiveCallable.java:12)
	at org.junit.runners.model.FrameworkMethod.invokeExplosively(FrameworkMethod.java:47)
	at org.junit.internal.runners.statements.InvokeMethod.evaluate(InvokeMethod.java:17)
	at org.junit.internal.runners.statements.ExpectException.evaluate(ExpectException.java:19)
	... 26 more
prefersDeclaredCountQueryOverCreatingOne(org.springframework.data.jpa.repository.query.SimpleJpaQueryUnitTests)  Time elapsed: 0.008 sec  <<< ERROR!
java.lang.IllegalArgumentException: [Assertion failed] - this argument is required; it must not be null
	at org.springframework.util.Assert.notNull(Assert.java:112)
	at org.springframework.util.Assert.notNull(Assert.java:123)
	at org.springframework.data.jpa.repository.support.JpaMetamodelEntityInformation.<init>(JpaMetamodelEntityInformation.java:65)
	at org.springframework.data.jpa.repository.support.JpaEntityInformationSupport.getEntityInformation(JpaEntityInformationSupport.java:67)
	at org.springframework.data.jpa.repository.query.AbstractStringBasedJpaQuery.<init>(AbstractStringBasedJpaQuery.java:72)
	at org.springframework.data.jpa.repository.query.SimpleJpaQuery.<init>(SimpleJpaQuery.java:60)
	at org.springframework.data.jpa.repository.query.SimpleJpaQueryUnitTests.prefersDeclaredCountQueryOverCreatingOne(SimpleJpaQueryUnitTests.java:98)
	at sun.reflect.NativeMethodAccessorImpl.invoke0(Native Method)
	at sun.reflect.NativeMethodAccessorImpl.invoke(NativeMethodAccessorImpl.java:62)
	at sun.reflect.DelegatingMethodAccessorImpl.invoke(DelegatingMethodAccessorImpl.java:43)
	at java.lang.reflect.Method.invoke(Method.java:483)
	at org.junit.runners.model.FrameworkMethod$1.runReflectiveCall(FrameworkMethod.java:50)
	at org.junit.internal.runners.model.ReflectiveCallable.run(ReflectiveCallable.java:12)
	at org.junit.runners.model.FrameworkMethod.invokeExplosively(FrameworkMethod.java:47)
	at org.junit.internal.runners.statements.InvokeMethod.evaluate(InvokeMethod.java:17)
	at org.junit.internal.runners.statements.RunBefores.evaluate(RunBefores.java:26)
	at org.junit.rules.ExpectedException$ExpectedExceptionStatement.evaluate(ExpectedException.java:239)
	at org.junit.rules.RunRules.evaluate(RunRules.java:20)
	at org.junit.runners.ParentRunner.runLeaf(ParentRunner.java:325)
	at org.junit.runners.BlockJUnit4ClassRunner.runChild(BlockJUnit4ClassRunner.java:78)
	at org.junit.runners.BlockJUnit4ClassRunner.runChild(BlockJUnit4ClassRunner.java:57)
	at org.junit.runners.ParentRunner$3.run(ParentRunner.java:290)
	at org.junit.runners.ParentRunner$1.schedule(ParentRunner.java:71)
	at org.junit.runners.ParentRunner.runChildren(ParentRunner.java:288)
	at org.junit.runners.ParentRunner.access$000(ParentRunner.java:58)
	at org.junit.runners.ParentRunner$2.evaluate(ParentRunner.java:268)
	at org.junit.runners.ParentRunner.run(ParentRunner.java:363)
	at org.mockito.internal.runners.JUnit45AndHigherRunnerImpl.run(JUnit45AndHigherRunnerImpl.java:37)
	at org.mockito.runners.MockitoJUnitRunner.run(MockitoJUnitRunner.java:62)
	at org.apache.maven.surefire.junit4.JUnit4Provider.execute(JUnit4Provider.java:236)
	at org.apache.maven.surefire.junit4.JUnit4Provider.executeTestSet(JUnit4Provider.java:134)
	at org.apache.maven.surefire.junit4.JUnit4Provider.invoke(JUnit4Provider.java:113)
	at sun.reflect.NativeMethodAccessorImpl.invoke0(Native Method)
	at sun.reflect.NativeMethodAccessorImpl.invoke(NativeMethodAccessorImpl.java:62)
	at sun.reflect.DelegatingMethodAccessorImpl.invoke(DelegatingMethodAccessorImpl.java:43)
	at java.lang.reflect.Method.invoke(Method.java:483)
	at org.apache.maven.surefire.util.ReflectionUtils.invokeMethodWithArray(ReflectionUtils.java:189)
	at org.apache.maven.surefire.booter.ProviderFactory$ProviderProxy.invoke(ProviderFactory.java:165)
	at org.apache.maven.surefire.booter.ProviderFactory.invokeProvider(ProviderFactory.java:85)
	at org.apache.maven.surefire.booter.ForkedBooter.runSuitesInProcess(ForkedBooter.java:103)
	at org.apache.maven.surefire.booter.ForkedBooter.main(ForkedBooter.java:74)
discoversNativeQuery(org.springframework.data.jpa.repository.query.SimpleJpaQueryUnitTests)  Time elapsed: 0.002 sec  <<< ERROR!
java.lang.IllegalArgumentException: [Assertion failed] - this argument is required; it must not be null
	at org.springframework.util.Assert.notNull(Assert.java:112)
	at org.springframework.util.Assert.notNull(Assert.java:123)
	at org.springframework.data.jpa.repository.support.JpaMetamodelEntityInformation.<init>(JpaMetamodelEntityInformation.java:65)
	at org.springframework.data.jpa.repository.support.JpaEntityInformationSupport.getEntityInformation(JpaEntityInformationSupport.java:67)
	at org.springframework.data.jpa.repository.query.AbstractStringBasedJpaQuery.<init>(AbstractStringBasedJpaQuery.java:72)
	at org.springframework.data.jpa.repository.query.NativeJpaQuery.<init>(NativeJpaQuery.java:46)
	at org.springframework.data.jpa.repository.query.JpaQueryFactory.fromMethodWithQueryString(JpaQueryFactory.java:72)
	at org.springframework.data.jpa.repository.query.JpaQueryFactory.fromQueryAnnotation(JpaQueryFactory.java:53)
	at org.springframework.data.jpa.repository.query.SimpleJpaQueryUnitTests.discoversNativeQuery(SimpleJpaQueryUnitTests.java:129)
	at sun.reflect.NativeMethodAccessorImpl.invoke0(Native Method)
	at sun.reflect.NativeMethodAccessorImpl.invoke(NativeMethodAccessorImpl.java:62)
	at sun.reflect.DelegatingMethodAccessorImpl.invoke(DelegatingMethodAccessorImpl.java:43)
	at java.lang.reflect.Method.invoke(Method.java:483)
	at org.junit.runners.model.FrameworkMethod$1.runReflectiveCall(FrameworkMethod.java:50)
	at org.junit.internal.runners.model.ReflectiveCallable.run(ReflectiveCallable.java:12)
	at org.junit.runners.model.FrameworkMethod.invokeExplosively(FrameworkMethod.java:47)
	at org.junit.internal.runners.statements.InvokeMethod.evaluate(InvokeMethod.java:17)
	at org.junit.internal.runners.statements.RunBefores.evaluate(RunBefores.java:26)
	at org.junit.rules.ExpectedException$ExpectedExceptionStatement.evaluate(ExpectedException.java:239)
	at org.junit.rules.RunRules.evaluate(RunRules.java:20)
	at org.junit.runners.ParentRunner.runLeaf(ParentRunner.java:325)
	at org.junit.runners.BlockJUnit4ClassRunner.runChild(BlockJUnit4ClassRunner.java:78)
	at org.junit.runners.BlockJUnit4ClassRunner.runChild(BlockJUnit4ClassRunner.java:57)
	at org.junit.runners.ParentRunner$3.run(ParentRunner.java:290)
	at org.junit.runners.ParentRunner$1.schedule(ParentRunner.java:71)
	at org.junit.runners.ParentRunner.runChildren(ParentRunner.java:288)
	at org.junit.runners.ParentRunner.access$000(ParentRunner.java:58)
	at org.junit.runners.ParentRunner$2.evaluate(ParentRunner.java:268)
	at org.junit.runners.ParentRunner.run(ParentRunner.java:363)
	at org.mockito.internal.runners.JUnit45AndHigherRunnerImpl.run(JUnit45AndHigherRunnerImpl.java:37)
	at org.mockito.runners.MockitoJUnitRunner.run(MockitoJUnitRunner.java:62)
	at org.apache.maven.surefire.junit4.JUnit4Provider.execute(JUnit4Provider.java:236)
	at org.apache.maven.surefire.junit4.JUnit4Provider.executeTestSet(JUnit4Provider.java:134)
	at org.apache.maven.surefire.junit4.JUnit4Provider.invoke(JUnit4Provider.java:113)
	at sun.reflect.NativeMethodAccessorImpl.invoke0(Native Method)
	at sun.reflect.NativeMethodAccessorImpl.invoke(NativeMethodAccessorImpl.java:62)
	at sun.reflect.DelegatingMethodAccessorImpl.invoke(DelegatingMethodAccessorImpl.java:43)
	at java.lang.reflect.Method.invoke(Method.java:483)
	at org.apache.maven.surefire.util.ReflectionUtils.invokeMethodWithArray(ReflectionUtils.java:189)
	at org.apache.maven.surefire.booter.ProviderFactory$ProviderProxy.invoke(ProviderFactory.java:165)
	at org.apache.maven.surefire.booter.ProviderFactory.invokeProvider(ProviderFactory.java:85)
	at org.apache.maven.surefire.booter.ForkedBooter.runSuitesInProcess(ForkedBooter.java:103)
	at org.apache.maven.surefire.booter.ForkedBooter.main(ForkedBooter.java:74)
doesNotValidateCountQueryIfNotPagingMethod(org.springframework.data.jpa.repository.query.SimpleJpaQueryUnitTests)  Time elapsed: 0.003 sec  <<< ERROR!
java.lang.IllegalArgumentException: [Assertion failed] - this argument is required; it must not be null
	at org.springframework.util.Assert.notNull(Assert.java:112)
	at org.springframework.util.Assert.notNull(Assert.java:123)
	at org.springframework.data.jpa.repository.support.JpaMetamodelEntityInformation.<init>(JpaMetamodelEntityInformation.java:65)
	at org.springframework.data.jpa.repository.support.JpaEntityInformationSupport.getEntityInformation(JpaEntityInformationSupport.java:67)
	at org.springframework.data.jpa.repository.query.AbstractStringBasedJpaQuery.<init>(AbstractStringBasedJpaQuery.java:72)
	at org.springframework.data.jpa.repository.query.SimpleJpaQuery.<init>(SimpleJpaQuery.java:60)
	at org.springframework.data.jpa.repository.query.JpaQueryFactory.fromMethodWithQueryString(JpaQueryFactory.java:72)
	at org.springframework.data.jpa.repository.query.JpaQueryFactory.fromQueryAnnotation(JpaQueryFactory.java:53)
	at org.springframework.data.jpa.repository.query.SimpleJpaQueryUnitTests.createJpaQuery(SimpleJpaQueryUnitTests.java:211)
	at org.springframework.data.jpa.repository.query.SimpleJpaQueryUnitTests.doesNotValidateCountQueryIfNotPagingMethod(SimpleJpaQueryUnitTests.java:174)
	at sun.reflect.NativeMethodAccessorImpl.invoke0(Native Method)
	at sun.reflect.NativeMethodAccessorImpl.invoke(NativeMethodAccessorImpl.java:62)
	at sun.reflect.DelegatingMethodAccessorImpl.invoke(DelegatingMethodAccessorImpl.java:43)
	at java.lang.reflect.Method.invoke(Method.java:483)
	at org.junit.runners.model.FrameworkMethod$1.runReflectiveCall(FrameworkMethod.java:50)
	at org.junit.internal.runners.model.ReflectiveCallable.run(ReflectiveCallable.java:12)
	at org.junit.runners.model.FrameworkMethod.invokeExplosively(FrameworkMethod.java:47)
	at org.junit.internal.runners.statements.InvokeMethod.evaluate(InvokeMethod.java:17)
	at org.junit.internal.runners.statements.RunBefores.evaluate(RunBefores.java:26)
	at org.junit.rules.ExpectedException$ExpectedExceptionStatement.evaluate(ExpectedException.java:239)
	at org.junit.rules.RunRules.evaluate(RunRules.java:20)
	at org.junit.runners.ParentRunner.runLeaf(ParentRunner.java:325)
	at org.junit.runners.BlockJUnit4ClassRunner.runChild(BlockJUnit4ClassRunner.java:78)
	at org.junit.runners.BlockJUnit4ClassRunner.runChild(BlockJUnit4ClassRunner.java:57)
	at org.junit.runners.ParentRunner$3.run(ParentRunner.java:290)
	at org.junit.runners.ParentRunner$1.schedule(ParentRunner.java:71)
	at org.junit.runners.ParentRunner.runChildren(ParentRunner.java:288)
	at org.junit.runners.ParentRunner.access$000(ParentRunner.java:58)
	at org.junit.runners.ParentRunner$2.evaluate(ParentRunner.java:268)
	at org.junit.runners.ParentRunner.run(ParentRunner.java:363)
	at org.mockito.internal.runners.JUnit45AndHigherRunnerImpl.run(JUnit45AndHigherRunnerImpl.java:37)
	at org.mockito.runners.MockitoJUnitRunner.run(MockitoJUnitRunner.java:62)
	at org.apache.maven.surefire.junit4.JUnit4Provider.execute(JUnit4Provider.java:236)
	at org.apache.maven.surefire.junit4.JUnit4Provider.executeTestSet(JUnit4Provider.java:134)
	at org.apache.maven.surefire.junit4.JUnit4Provider.invoke(JUnit4Provider.java:113)
	at sun.reflect.NativeMethodAccessorImpl.invoke0(Native Method)
	at sun.reflect.NativeMethodAccessorImpl.invoke(NativeMethodAccessorImpl.java:62)
	at sun.reflect.DelegatingMethodAccessorImpl.invoke(DelegatingMethodAccessorImpl.java:43)
	at java.lang.reflect.Method.invoke(Method.java:483)
	at org.apache.maven.surefire.util.ReflectionUtils.invokeMethodWithArray(ReflectionUtils.java:189)
	at org.apache.maven.surefire.booter.ProviderFactory$ProviderProxy.invoke(ProviderFactory.java:165)
	at org.apache.maven.surefire.booter.ProviderFactory.invokeProvider(ProviderFactory.java:85)
	at org.apache.maven.surefire.booter.ForkedBooter.runSuitesInProcess(ForkedBooter.java:103)
	at org.apache.maven.surefire.booter.ForkedBooter.main(ForkedBooter.java:74)
Running org.springframework.data.jpa.repository.query.ParameterBinderUnitTests
Tests run: 14, Failures: 0, Errors: 0, Skipped: 0, Time elapsed: 0.098 sec
Running org.springframework.data.jpa.repository.query.JpaQueryExecutionUnitTests
Tests run: 8, Failures: 0, Errors: 0, Skipped: 0, Time elapsed: 0.157 sec
Running org.springframework.data.jpa.repository.query.JpaQueryLookupStrategyUnitTests
Tests run: 2, Failures: 2, Errors: 0, Skipped: 0, Time elapsed: 0.076 sec <<< FAILURE!
sholdThrowMorePreciseExceptionIfTryingToUsePaginationInNativeQueries(org.springframework.data.jpa.repository.query.JpaQueryLookupStrategyUnitTests)  Time elapsed: 0.025 sec  <<< FAILURE!
java.lang.AssertionError: 
Expected: (an instance of org.springframework.data.jpa.repository.query.InvalidJpaQueryMethodException and exception with message a string containing "Cannot use native queries with dynamic sorting and/or pagination in method" and exception with message a string containing "public abstract org.springframework.data.domain.Page org.springframework.data.jpa.repository.query.JpaQueryLookupStrategyUnitTests$UserRepository.findByInvalidNativeQuery(java.lang.String,org.springframework.data.domain.Pageable)")
     but: an instance of org.springframework.data.jpa.repository.query.InvalidJpaQueryMethodException <java.lang.IllegalArgumentException: [Assertion failed] - this argument is required; it must not be null> is a java.lang.IllegalArgumentException
Stacktrace was: java.lang.IllegalArgumentException: [Assertion failed] - this argument is required; it must not be null
	at org.springframework.util.Assert.notNull(Assert.java:112)
	at org.springframework.util.Assert.notNull(Assert.java:123)
	at org.springframework.data.jpa.repository.support.JpaMetamodelEntityInformation.<init>(JpaMetamodelEntityInformation.java:65)
	at org.springframework.data.jpa.repository.support.JpaEntityInformationSupport.getEntityInformation(JpaEntityInformationSupport.java:67)
	at org.springframework.data.jpa.repository.query.AbstractStringBasedJpaQuery.<init>(AbstractStringBasedJpaQuery.java:72)
	at org.springframework.data.jpa.repository.query.NativeJpaQuery.<init>(NativeJpaQuery.java:46)
	at org.springframework.data.jpa.repository.query.JpaQueryFactory.fromMethodWithQueryString(JpaQueryFactory.java:72)
	at org.springframework.data.jpa.repository.query.JpaQueryFactory.fromQueryAnnotation(JpaQueryFactory.java:53)
	at org.springframework.data.jpa.repository.query.JpaQueryLookupStrategy$DeclaredQueryLookupStrategy.resolveQuery(JpaQueryLookupStrategy.java:136)
	at org.springframework.data.jpa.repository.query.JpaQueryLookupStrategy$CreateIfNotFoundQueryLookupStrategy.resolveQuery(JpaQueryLookupStrategy.java:204)
	at org.springframework.data.jpa.repository.query.JpaQueryLookupStrategy$AbstractQueryLookupStrategy.resolveQuery(JpaQueryLookupStrategy.java:73)
	at org.springframework.data.jpa.repository.query.JpaQueryLookupStrategyUnitTests.sholdThrowMorePreciseExceptionIfTryingToUsePaginationInNativeQueries(JpaQueryLookupStrategyUnitTests.java:110)
	at sun.reflect.NativeMethodAccessorImpl.invoke0(Native Method)
	at sun.reflect.NativeMethodAccessorImpl.invoke(NativeMethodAccessorImpl.java:62)
	at sun.reflect.DelegatingMethodAccessorImpl.invoke(DelegatingMethodAccessorImpl.java:43)
	at java.lang.reflect.Method.invoke(Method.java:483)
	at org.junit.runners.model.FrameworkMethod$1.runReflectiveCall(FrameworkMethod.java:50)
	at org.junit.internal.runners.model.ReflectiveCallable.run(ReflectiveCallable.java:12)
	at org.junit.runners.model.FrameworkMethod.invokeExplosively(FrameworkMethod.java:47)
	at org.junit.internal.runners.statements.InvokeMethod.evaluate(InvokeMethod.java:17)
	at org.junit.internal.runners.statements.RunBefores.evaluate(RunBefores.java:26)
	at org.junit.rules.ExpectedException$ExpectedExceptionStatement.evaluate(ExpectedException.java:239)
	at org.junit.rules.RunRules.evaluate(RunRules.java:20)
	at org.junit.runners.ParentRunner.runLeaf(ParentRunner.java:325)
	at org.junit.runners.BlockJUnit4ClassRunner.runChild(BlockJUnit4ClassRunner.java:78)
	at org.junit.runners.BlockJUnit4ClassRunner.runChild(BlockJUnit4ClassRunner.java:57)
	at org.junit.runners.ParentRunner$3.run(ParentRunner.java:290)
	at org.junit.runners.ParentRunner$1.schedule(ParentRunner.java:71)
	at org.junit.runners.ParentRunner.runChildren(ParentRunner.java:288)
	at org.junit.runners.ParentRunner.access$000(ParentRunner.java:58)
	at org.junit.runners.ParentRunner$2.evaluate(ParentRunner.java:268)
	at org.junit.runners.ParentRunner.run(ParentRunner.java:363)
	at org.mockito.internal.runners.JUnit45AndHigherRunnerImpl.run(JUnit45AndHigherRunnerImpl.java:37)
	at org.mockito.runners.MockitoJUnitRunner.run(MockitoJUnitRunner.java:62)
	at org.apache.maven.surefire.junit4.JUnit4Provider.execute(JUnit4Provider.java:236)
	at org.apache.maven.surefire.junit4.JUnit4Provider.executeTestSet(JUnit4Provider.java:134)
	at org.apache.maven.surefire.junit4.JUnit4Provider.invoke(JUnit4Provider.java:113)
	at sun.reflect.NativeMethodAccessorImpl.invoke0(Native Method)
	at sun.reflect.NativeMethodAccessorImpl.invoke(NativeMethodAccessorImpl.java:62)
	at sun.reflect.DelegatingMethodAccessorImpl.invoke(DelegatingMethodAccessorImpl.java:43)
	at java.lang.reflect.Method.invoke(Method.java:483)
	at org.apache.maven.surefire.util.ReflectionUtils.invokeMethodWithArray(ReflectionUtils.java:189)
	at org.apache.maven.surefire.booter.ProviderFactory$ProviderProxy.invoke(ProviderFactory.java:165)
	at org.apache.maven.surefire.booter.ProviderFactory.invokeProvider(ProviderFactory.java:85)
	at org.apache.maven.surefire.booter.ForkedBooter.runSuitesInProcess(ForkedBooter.java:103)
	at org.apache.maven.surefire.booter.ForkedBooter.main(ForkedBooter.java:74)

	at org.hamcrest.MatcherAssert.assertThat(MatcherAssert.java:20)
	at org.junit.Assert.assertThat(Assert.java:956)
	at org.junit.Assert.assertThat(Assert.java:923)
	at org.junit.rules.ExpectedException.handleException(ExpectedException.java:252)
	at org.junit.rules.ExpectedException.access$000(ExpectedException.java:106)
	at org.junit.rules.ExpectedException$ExpectedExceptionStatement.evaluate(ExpectedException.java:241)
	at org.junit.rules.RunRules.evaluate(RunRules.java:20)
	at org.junit.runners.ParentRunner.runLeaf(ParentRunner.java:325)
	at org.junit.runners.BlockJUnit4ClassRunner.runChild(BlockJUnit4ClassRunner.java:78)
	at org.junit.runners.BlockJUnit4ClassRunner.runChild(BlockJUnit4ClassRunner.java:57)
	at org.junit.runners.ParentRunner$3.run(ParentRunner.java:290)
	at org.junit.runners.ParentRunner$1.schedule(ParentRunner.java:71)
	at org.junit.runners.ParentRunner.runChildren(ParentRunner.java:288)
	at org.junit.runners.ParentRunner.access$000(ParentRunner.java:58)
	at org.junit.runners.ParentRunner$2.evaluate(ParentRunner.java:268)
	at org.junit.runners.ParentRunner.run(ParentRunner.java:363)
	at org.mockito.internal.runners.JUnit45AndHigherRunnerImpl.run(JUnit45AndHigherRunnerImpl.java:37)
	at org.mockito.runners.MockitoJUnitRunner.run(MockitoJUnitRunner.java:62)
	at org.apache.maven.surefire.junit4.JUnit4Provider.execute(JUnit4Provider.java:236)
	at org.apache.maven.surefire.junit4.JUnit4Provider.executeTestSet(JUnit4Provider.java:134)
	at org.apache.maven.surefire.junit4.JUnit4Provider.invoke(JUnit4Provider.java:113)
	at sun.reflect.NativeMethodAccessorImpl.invoke0(Native Method)
	at sun.reflect.NativeMethodAccessorImpl.invoke(NativeMethodAccessorImpl.java:62)
	at sun.reflect.DelegatingMethodAccessorImpl.invoke(DelegatingMethodAccessorImpl.java:43)
	at java.lang.reflect.Method.invoke(Method.java:483)
	at org.apache.maven.surefire.util.ReflectionUtils.invokeMethodWithArray(ReflectionUtils.java:189)
	at org.apache.maven.surefire.booter.ProviderFactory$ProviderProxy.invoke(ProviderFactory.java:165)
	at org.apache.maven.surefire.booter.ProviderFactory.invokeProvider(ProviderFactory.java:85)
	at org.apache.maven.surefire.booter.ForkedBooter.runSuitesInProcess(ForkedBooter.java:103)
	at org.apache.maven.surefire.booter.ForkedBooter.main(ForkedBooter.java:74)
invalidAnnotatedQueryCausesException(org.springframework.data.jpa.repository.query.JpaQueryLookupStrategyUnitTests)  Time elapsed: 0.008 sec  <<< FAILURE!
java.lang.AssertionError: 
Expected: is <java.lang.RuntimeException>
     but: was null
	at org.hamcrest.MatcherAssert.assertThat(MatcherAssert.java:20)
	at org.junit.Assert.assertThat(Assert.java:956)
	at org.junit.Assert.assertThat(Assert.java:923)
	at org.springframework.data.jpa.repository.query.JpaQueryLookupStrategyUnitTests.invalidAnnotatedQueryCausesException(JpaQueryLookupStrategyUnitTests.java:91)
	at sun.reflect.NativeMethodAccessorImpl.invoke0(Native Method)
	at sun.reflect.NativeMethodAccessorImpl.invoke(NativeMethodAccessorImpl.java:62)
	at sun.reflect.DelegatingMethodAccessorImpl.invoke(DelegatingMethodAccessorImpl.java:43)
	at java.lang.reflect.Method.invoke(Method.java:483)
	at org.junit.runners.model.FrameworkMethod$1.runReflectiveCall(FrameworkMethod.java:50)
	at org.junit.internal.runners.model.ReflectiveCallable.run(ReflectiveCallable.java:12)
	at org.junit.runners.model.FrameworkMethod.invokeExplosively(FrameworkMethod.java:47)
	at org.junit.internal.runners.statements.InvokeMethod.evaluate(InvokeMethod.java:17)
	at org.junit.internal.runners.statements.RunBefores.evaluate(RunBefores.java:26)
	at org.junit.rules.ExpectedException$ExpectedExceptionStatement.evaluate(ExpectedException.java:239)
	at org.junit.rules.RunRules.evaluate(RunRules.java:20)
	at org.junit.runners.ParentRunner.runLeaf(ParentRunner.java:325)
	at org.junit.runners.BlockJUnit4ClassRunner.runChild(BlockJUnit4ClassRunner.java:78)
	at org.junit.runners.BlockJUnit4ClassRunner.runChild(BlockJUnit4ClassRunner.java:57)
	at org.junit.runners.ParentRunner$3.run(ParentRunner.java:290)
	at org.junit.runners.ParentRunner$1.schedule(ParentRunner.java:71)
	at org.junit.runners.ParentRunner.runChildren(ParentRunner.java:288)
	at org.junit.runners.ParentRunner.access$000(ParentRunner.java:58)
	at org.junit.runners.ParentRunner$2.evaluate(ParentRunner.java:268)
	at org.junit.runners.ParentRunner.run(ParentRunner.java:363)
	at org.mockito.internal.runners.JUnit45AndHigherRunnerImpl.run(JUnit45AndHigherRunnerImpl.java:37)
	at org.mockito.runners.MockitoJUnitRunner.run(MockitoJUnitRunner.java:62)
	at org.apache.maven.surefire.junit4.JUnit4Provider.execute(JUnit4Provider.java:236)
	at org.apache.maven.surefire.junit4.JUnit4Provider.executeTestSet(JUnit4Provider.java:134)
	at org.apache.maven.surefire.junit4.JUnit4Provider.invoke(JUnit4Provider.java:113)
	at sun.reflect.NativeMethodAccessorImpl.invoke0(Native Method)
	at sun.reflect.NativeMethodAccessorImpl.invoke(NativeMethodAccessorImpl.java:62)
	at sun.reflect.DelegatingMethodAccessorImpl.invoke(DelegatingMethodAccessorImpl.java:43)
	at java.lang.reflect.Method.invoke(Method.java:483)
	at org.apache.maven.surefire.util.ReflectionUtils.invokeMethodWithArray(ReflectionUtils.java:189)
	at org.apache.maven.surefire.booter.ProviderFactory$ProviderProxy.invoke(ProviderFactory.java:165)
	at org.apache.maven.surefire.booter.ProviderFactory.invokeProvider(ProviderFactory.java:85)
	at org.apache.maven.surefire.booter.ForkedBooter.runSuitesInProcess(ForkedBooter.java:103)
	at org.apache.maven.surefire.booter.ForkedBooter.main(ForkedBooter.java:74)
Running org.springframework.data.jpa.repository.query.JpaParametersUnitTests
Tests run: 1, Failures: 0, Errors: 0, Skipped: 0, Time elapsed: 0.009 sec
Running org.springframework.data.jpa.repository.query.ExpressionBasedStringQueryUnitTests
Tests run: 2, Failures: 0, Errors: 0, Skipped: 0, Time elapsed: 0.168 sec
Running org.springframework.data.jpa.repository.query.StringQueryUnitTests
Tests run: 20, Failures: 0, Errors: 0, Skipped: 0, Time elapsed: 0.085 sec
Running org.springframework.data.jpa.repository.query.JpaQueryMethodUnitTests
Tests run: 26, Failures: 0, Errors: 0, Skipped: 0, Time elapsed: 0.162 sec
Running org.springframework.data.jpa.repository.query.Jpa21UtilsUnitTests
Tests run: 1, Failures: 0, Errors: 0, Skipped: 0, Time elapsed: 0.068 sec
Running org.springframework.data.jpa.repository.query.LikeBindingUnitTests
Tests run: 8, Failures: 0, Errors: 0, Skipped: 0, Time elapsed: 0.011 sec
Running org.springframework.data.jpa.repository.query.StoredProcedureAttributeSourceUnitTests
Tests run: 6, Failures: 0, Errors: 0, Skipped: 0, Time elapsed: 0.103 sec
Running org.springframework.data.jpa.repository.query.StoredProcedureAttributesUnitTests
Tests run: 1, Failures: 0, Errors: 0, Skipped: 0, Time elapsed: 0.001 sec
Running org.springframework.data.jpa.repository.query.QueryUtilsUnitTests
Tests run: 26, Failures: 0, Errors: 0, Skipped: 0, Time elapsed: 0.079 sec
Running org.springframework.data.jpa.repository.query.NamedQueryUnitTests
Tests run: 2, Failures: 0, Errors: 0, Skipped: 0, Time elapsed: 0.044 sec
Running org.springframework.data.jpa.repository.cdi.JpaRepositoryExtensionUnitTests
Tests run: 3, Failures: 0, Errors: 0, Skipped: 0, Time elapsed: 0.068 sec
Running org.springframework.data.jpa.repository.config.JpaRepositoryConfigExtensionUnitTests
Tests run: 4, Failures: 0, Errors: 0, Skipped: 0, Time elapsed: 0.151 sec
Running org.springframework.data.jpa.repository.config.JpaAuditingRegistrarUnitTests
Tests run: 2, Failures: 0, Errors: 0, Skipped: 0, Time elapsed: 0.116 sec
Running org.springframework.data.jpa.repository.config.JpaRepositoriesRegistrarUnitTests
Tests run: 1, Failures: 0, Errors: 0, Skipped: 0, Time elapsed: 0.598 sec
Running org.springframework.data.jpa.repository.CrudMethodMetadataUnitTests
Tests run: 3, Failures: 0, Errors: 0, Skipped: 0, Time elapsed: 0.345 sec
Running org.springframework.data.jpa.support.MergingPersistenceUnitManagerUnitTests
Tests run: 5, Failures: 0, Errors: 0, Skipped: 0, Time elapsed: 0.309 sec
Running org.springframework.data.jpa.support.ClasspathScanningPersistenceUnitPostProcessorUnitTests
Tests run: 8, Failures: 0, Errors: 0, Skipped: 0, Time elapsed: 0.06 sec
Running org.springframework.data.jpa.domain.support.AuditingNamespaceUnitTests
Tests run: 5, Failures: 0, Errors: 0, Skipped: 0, Time elapsed: 1.493 sec
Running org.springframework.data.jpa.domain.support.AuditingBeanFactoryPostProcessorUnitTests
Tests run: 4, Failures: 0, Errors: 0, Skipped: 0, Time elapsed: 0.529 sec
Running org.springframework.data.jpa.domain.support.AnnotationAuditingBeanFactoryPostProcessorUnitTests
Tests run: 4, Failures: 0, Errors: 0, Skipped: 0, Time elapsed: 0.153 sec
Running org.springframework.data.jpa.domain.SpecificationsUnitTests
Tests run: 8, Failures: 0, Errors: 0, Skipped: 0, Time elapsed: 0.331 sec
Running org.springframework.data.jpa.mapping.JpaPersistentPropertyImplUnitTests
Tests run: 14, Failures: 0, Errors: 0, Skipped: 0, Time elapsed: 0.372 sec
Running org.springframework.data.jpa.provider.PersistenceProviderUnitTests
Tests run: 5, Failures: 0, Errors: 0, Skipped: 0, Time elapsed: 0.379 sec

Results :

Failed tests:   validatesAndRejectsCountQueryIfPagingMethod(org.springframework.data.jpa.repository.query.SimpleJpaQueryUnitTests): (..)
  sholdThrowMorePreciseExceptionIfTryingToUsePaginationInNativeQueries(org.springframework.data.jpa.repository.query.JpaQueryLookupStrategyUnitTests): (..)
  invalidAnnotatedQueryCausesException(org.springframework.data.jpa.repository.query.JpaQueryLookupStrategyUnitTests): (..)

Tests in error: 
  createsANativeJpaQueryFromAnnotation(org.springframework.data.jpa.repository.query.SimpleJpaQueryUnitTests): [Assertion failed] - this argument is required; it must not be null
  doesNotApplyPaginationToCountQuery(org.springframework.data.jpa.repository.query.SimpleJpaQueryUnitTests): [Assertion failed] - this argument is required; it must not be null
  rejectsNativeQueryWithPageable(org.springframework.data.jpa.repository.query.SimpleJpaQueryUnitTests): Unexpected exception, expected<org.springframework.data.jpa.repository.query.InvalidJpaQueryMethodException> but was<java.lang.IllegalArgumentException>
  createsASimpleJpaQueryFromAnnotation(org.springframework.data.jpa.repository.query.SimpleJpaQueryUnitTests): [Assertion failed] - this argument is required; it must not be null
  rejectsNativeQueryWithDynamicSort(org.springframework.data.jpa.repository.query.SimpleJpaQueryUnitTests): Unexpected exception, expected<org.springframework.data.jpa.repository.query.InvalidJpaQueryMethodException> but was<java.lang.IllegalArgumentException>
  prefersDeclaredCountQueryOverCreatingOne(org.springframework.data.jpa.repository.query.SimpleJpaQueryUnitTests): [Assertion failed] - this argument is required; it must not be null
  discoversNativeQuery(org.springframework.data.jpa.repository.query.SimpleJpaQueryUnitTests): [Assertion failed] - this argument is required; it must not be null
  doesNotValidateCountQueryIfNotPagingMethod(org.springframework.data.jpa.repository.query.SimpleJpaQueryUnitTests): [Assertion failed] - this argument is required; it must not be null

Tests run: 214, Failures: 3, Errors: 8, Skipped: 0

[INFO] ------------------------------------------------------------------------
[INFO] BUILD FAILURE
[INFO] ------------------------------------------------------------------------
[INFO] Total time: 01:00 min
[INFO] Finished at: 2015-06-30T13:04:50+00:00
[INFO] Final Memory: 37M/400M
[INFO] ------------------------------------------------------------------------
[ERROR] Failed to execute goal org.apache.maven.plugins:maven-surefire-plugin:2.12:test (unit-tests) on project spring-data-jpa: There are test failures.
[ERROR] 
[ERROR] Please refer to /home/travis/build/spring-projects/spring-data-jpa/target/surefire-reports for the individual test results.
[ERROR] -> [Help 1]
[ERROR] 
[ERROR] To see the full stack trace of the errors, re-run Maven with the -e switch.
[ERROR] Re-run Maven using the -X switch to enable full debug logging.
[ERROR] 
[ERROR] For more information about the errors and possible solutions, please read the following articles:
[ERROR] [Help 1] http://cwiki.apache.org/confluence/display/MAVEN/MojoFailureException
travis_time:end:009a23b4:start=1435669427346157151,finish=1435669495761209437,duration=68415052286[0K
[31;1mThe command "mvn clean dependency:list test -P${PROFILE} -Dsort" exited with 1.[0m
travis_fold:start:cache.2[0Kstore build cache
travis_time:start:02172f10[0Kchange detected: /home/travis/.m2/repository/org/springframework/data/build/spring-data-parent/1.7.0.BUILD-SNAPSHOT/resolver-status.properties
changes detected, packing new archive
uploading archive
travis_time:end:02172f10:start=1435669495765222249,finish=1435669550646439226,duration=54881216977[0Ktravis_fold:end:cache.2[0K
Done. Your build exited with 1.
