Using worker: worker-linux-docker-9c187465.prod.travis-ci.org:travis-linux-2

travis_fold:start:system_info[0K[33;1mBuild system information[0m
Build language: java
Build group: stable
Build dist: precise
[34m[1mBuild image provisioning date and time[0m
Thu Feb  5 15:09:33 UTC 2015
[34m[1mOperating System Details[0m
Distributor ID:	Ubuntu
Description:	Ubuntu 12.04.5 LTS
Release:	12.04
Codename:	precise
[34m[1mLinux Version[0m
3.13.0-29-generic
[34m[1mCookbooks Version[0m
a68419e https://github.com/travis-ci/travis-cookbooks/tree/a68419e
[34m[1mGCC version[0m
gcc (Ubuntu/Linaro 4.6.3-1ubuntu5) 4.6.3
Copyright (C) 2011 Free Software Foundation, Inc.
This is free software; see the source for copying conditions.  There is NO
warranty; not even for MERCHANTABILITY or FITNESS FOR A PARTICULAR PURPOSE.

[34m[1mLLVM version[0m
clang version 3.4 (tags/RELEASE_34/final)
Target: x86_64-unknown-linux-gnu
Thread model: posix
[34m[1mPre-installed Ruby versions[0m
ruby-1.9.3-p551
[34m[1mPre-installed Node.js versions[0m
v0.10.36
[34m[1mPre-installed Go versions[0m
1.4.1
[34m[1mRedis version[0m
redis-server 2.8.19
[34m[1mriak version[0m
2.0.2
[34m[1mMongoDB version[0m
MongoDB 2.4.12
[34m[1mCouchDB version[0m
couchdb 1.6.1
[34m[1mNeo4j version[0m
1.9.4
[34m[1mRabbitMQ Version[0m
3.4.3
[34m[1mElasticSearch version[0m
1.4.0
[34m[1mInstalled Sphinx versions[0m
2.0.10
2.1.9
2.2.6
[34m[1mDefault Sphinx version[0m
2.2.6
[34m[1mInstalled Firefox version[0m
firefox 31.0esr
[34m[1mPhantomJS version[0m
1.9.8
[34m[1mant -version[0m
Apache Ant(TM) version 1.8.2 compiled on December 3 2011
[34m[1mmvn -version[0m
Apache Maven 3.2.5 (12a6b3acb947671f09b81f49094c53f426d8cea1; 2014-12-14T17:29:23+00:00)
Maven home: /usr/local/maven
Java version: 1.7.0_76, vendor: Oracle Corporation
Java home: /usr/lib/jvm/java-7-oracle/jre
Default locale: en_US, platform encoding: ANSI_X3.4-1968
OS name: "linux", version: "3.13.0-29-generic", arch: "amd64", family: "unix"
travis_fold:end:system_info[0K
travis_fold:start:git.checkout[0Ktravis_time:start:0c6b52bc[0K$ git clone --depth=50 --branch=jw/some-docs https://github.com/square/retrofit.git square/retrofit
Cloning into 'square/retrofit'...
remote: Counting objects: 1755, done.[K
remote: Compressing objects:   0% (1/839)   [Kremote: Compressing objects:   1% (9/839)   [Kremote: Compressing objects:   2% (17/839)   [Kremote: Compressing objects:   3% (26/839)   [Kremote: Compressing objects:   4% (34/839)   [Kremote: Compressing objects:   5% (42/839)   [Kremote: Compressing objects:   6% (51/839)   [Kremote: Compressing objects:   7% (59/839)   [Kremote: Compressing objects:   8% (68/839)   [Kremote: Compressing objects:   9% (76/839)   [Kremote: Compressing objects:  10% (84/839)   [Kremote: Compressing objects:  11% (93/839)   [Kremote: Compressing objects:  12% (101/839)   [Kremote: Compressing objects:  13% (110/839)   [Kremote: Compressing objects:  14% (118/839)   [Kremote: Compressing objects:  15% (126/839)   [Kremote: Compressing objects:  16% (135/839)   [Kremote: Compressing objects:  17% (143/839)   [Kremote: Compressing objects:  18% (152/839)   [Kremote: Compressing objects:  19% (160/839)   [Kremote: Compressing objects:  20% (168/839)   [Kremote: Compressing objects:  21% (177/839)   [Kremote: Compressing objects:  22% (185/839)   [Kremote: Compressing objects:  23% (193/839)   [Kremote: Compressing objects:  24% (202/839)   [Kremote: Compressing objects:  25% (210/839)   [Kremote: Compressing objects:  26% (219/839)   [Kremote: Compressing objects:  27% (227/839)   [Kremote: Compressing objects:  28% (235/839)   [Kremote: Compressing objects:  29% (244/839)   [Kremote: Compressing objects:  30% (252/839)   [Kremote: Compressing objects:  31% (261/839)   [Kremote: Compressing objects:  32% (269/839)   [Kremote: Compressing objects:  33% (277/839)   [Kremote: Compressing objects:  34% (286/839)   [Kremote: Compressing objects:  35% (294/839)   [Kremote: Compressing objects:  36% (303/839)   [Kremote: Compressing objects:  37% (311/839)   [Kremote: Compressing objects:  38% (319/839)   [Kremote: Compressing objects:  39% (328/839)   [Kremote: Compressing objects:  40% (336/839)   [Kremote: Compressing objects:  41% (344/839)   [Kremote: Compressing objects:  42% (353/839)   [Kremote: Compressing objects:  43% (361/839)   [Kremote: Compressing objects:  44% (370/839)   [Kremote: Compressing objects:  45% (378/839)   [Kremote: Compressing objects:  46% (386/839)   [Kremote: Compressing objects:  47% (395/839)   [Kremote: Compressing objects:  48% (403/839)   [Kremote: Compressing objects:  49% (412/839)   [Kremote: Compressing objects:  50% (420/839)   [Kremote: Compressing objects:  51% (428/839)   [Kremote: Compressing objects:  52% (437/839)   [Kremote: Compressing objects:  53% (445/839)   [Kremote: Compressing objects:  54% (454/839)   [Kremote: Compressing objects:  55% (462/839)   [Kremote: Compressing objects:  56% (470/839)   [Kremote: Compressing objects:  57% (479/839)   [Kremote: Compressing objects:  58% (487/839)   [Kremote: Compressing objects:  59% (496/839)   [Kremote: Compressing objects:  60% (504/839)   [Kremote: Compressing objects:  61% (512/839)   [Kremote: Compressing objects:  62% (521/839)   [Kremote: Compressing objects:  63% (529/839)   [Kremote: Compressing objects:  64% (537/839)   [Kremote: Compressing objects:  65% (546/839)   [Kremote: Compressing objects:  66% (554/839)   [Kremote: Compressing objects:  67% (563/839)   [Kremote: Compressing objects:  68% (571/839)   [Kremote: Compressing objects:  69% (579/839)   [Kremote: Compressing objects:  70% (588/839)   [Kremote: Compressing objects:  71% (596/839)   [Kremote: Compressing objects:  72% (605/839)   [Kremote: Compressing objects:  73% (613/839)   [Kremote: Compressing objects:  74% (621/839)   [Kremote: Compressing objects:  75% (630/839)   [Kremote: Compressing objects:  76% (638/839)   [Kremote: Compressing objects:  77% (647/839)   [Kremote: Compressing objects:  78% (655/839)   [Kremote: Compressing objects:  79% (663/839)   [Kremote: Compressing objects:  80% (672/839)   [Kremote: Compressing objects:  81% (680/839)   [Kremote: Compressing objects:  82% (688/839)   [Kremote: Compressing objects:  83% (697/839)   [Kremote: Compressing objects:  84% (705/839)   [Kremote: Compressing objects:  85% (714/839)   [Kremote: Compressing objects:  86% (722/839)   [Kremote: Compressing objects:  87% (730/839)   [Kremote: Compressing objects:  88% (739/839)   [Kremote: Compressing objects:  89% (747/839)   [Kremote: Compressing objects:  90% (756/839)   [Kremote: Compressing objects:  91% (764/839)   [Kremote: Compressing objects:  92% (772/839)   [Kremote: Compressing objects:  93% (781/839)   [Kremote: Compressing objects:  94% (789/839)   [Kremote: Compressing objects:  95% (798/839)   [Kremote: Compressing objects:  96% (806/839)   [Kremote: Compressing objects:  97% (814/839)   [Kremote: Compressing objects:  98% (823/839)   [Kremote: Compressing objects:  99% (831/839)   [Kremote: Compressing objects: 100% (839/839)   [Kremote: Compressing objects: 100% (839/839), done.[K
Receiving objects:   0% (1/1755)   Receiving objects:   1% (18/1755)   Receiving objects:   2% (36/1755)   Receiving objects:   3% (53/1755)   Receiving objects:   4% (71/1755)   Receiving objects:   5% (88/1755)   Receiving objects:   6% (106/1755)   Receiving objects:   7% (123/1755)   Receiving objects:   8% (141/1755)   Receiving objects:   9% (158/1755)   Receiving objects:  10% (176/1755)   Receiving objects:  11% (194/1755)   Receiving objects:  12% (211/1755)   Receiving objects:  13% (229/1755)   Receiving objects:  14% (246/1755)   Receiving objects:  15% (264/1755)   Receiving objects:  16% (281/1755)   Receiving objects:  17% (299/1755)   Receiving objects:  18% (316/1755)   Receiving objects:  19% (334/1755)   Receiving objects:  20% (351/1755)   Receiving objects:  21% (369/1755)   Receiving objects:  22% (387/1755)   Receiving objects:  23% (404/1755)   Receiving objects:  24% (422/1755)   Receiving objects:  25% (439/1755)   Receiving objects:  26% (457/1755)   Receiving objects:  27% (474/1755)   Receiving objects:  28% (492/1755)   Receiving objects:  29% (509/1755)   Receiving objects:  30% (527/1755)   Receiving objects:  31% (545/1755)   Receiving objects:  32% (562/1755)   Receiving objects:  33% (580/1755)   Receiving objects:  34% (597/1755)   Receiving objects:  35% (615/1755)   Receiving objects:  36% (632/1755)   Receiving objects:  37% (650/1755)   Receiving objects:  38% (667/1755)   Receiving objects:  39% (685/1755)   Receiving objects:  40% (702/1755)   Receiving objects:  41% (720/1755)   Receiving objects:  42% (738/1755)   Receiving objects:  43% (755/1755)   Receiving objects:  44% (773/1755)   Receiving objects:  45% (790/1755)   Receiving objects:  46% (808/1755)   Receiving objects:  47% (825/1755)   Receiving objects:  48% (843/1755)   Receiving objects:  49% (860/1755)   Receiving objects:  50% (878/1755)   Receiving objects:  51% (896/1755)   Receiving objects:  52% (913/1755)   Receiving objects:  53% (931/1755)   Receiving objects:  54% (948/1755)   Receiving objects:  55% (966/1755)   Receiving objects:  56% (983/1755)   Receiving objects:  57% (1001/1755)   Receiving objects:  58% (1018/1755)   Receiving objects:  59% (1036/1755)   Receiving objects:  60% (1053/1755)   Receiving objects:  61% (1071/1755)   Receiving objects:  62% (1089/1755)   Receiving objects:  63% (1106/1755)   Receiving objects:  64% (1124/1755)   Receiving objects:  65% (1141/1755)   Receiving objects:  66% (1159/1755)   Receiving objects:  67% (1176/1755)   Receiving objects:  68% (1194/1755)   Receiving objects:  69% (1211/1755)   remote: Total 1755 (delta 682), reused 1516 (delta 475), pack-reused 0[K
Receiving objects:  70% (1229/1755)   Receiving objects:  71% (1247/1755)   Receiving objects:  72% (1264/1755)   Receiving objects:  73% (1282/1755)   Receiving objects:  74% (1299/1755)   Receiving objects:  75% (1317/1755)   Receiving objects:  76% (1334/1755)   Receiving objects:  77% (1352/1755)   Receiving objects:  78% (1369/1755)   Receiving objects:  79% (1387/1755)   Receiving objects:  80% (1404/1755)   Receiving objects:  81% (1422/1755)   Receiving objects:  82% (1440/1755)   Receiving objects:  83% (1457/1755)   Receiving objects:  84% (1475/1755)   Receiving objects:  85% (1492/1755)   Receiving objects:  86% (1510/1755)   Receiving objects:  87% (1527/1755)   Receiving objects:  88% (1545/1755)   Receiving objects:  89% (1562/1755)   Receiving objects:  90% (1580/1755)   Receiving objects:  91% (1598/1755)   Receiving objects:  92% (1615/1755)   Receiving objects:  93% (1633/1755)   Receiving objects:  94% (1650/1755)   Receiving objects:  95% (1668/1755)   Receiving objects:  96% (1685/1755)   Receiving objects:  97% (1703/1755)   Receiving objects:  98% (1720/1755)   Receiving objects:  99% (1738/1755)   Receiving objects: 100% (1755/1755)   Receiving objects: 100% (1755/1755), 385.95 KiB | 0 bytes/s, done.
Resolving deltas:   0% (0/682)   Resolving deltas:   7% (49/682)   Resolving deltas:   8% (55/682)   Resolving deltas:   9% (66/682)   Resolving deltas:  14% (98/682)   Resolving deltas:  15% (104/682)   Resolving deltas:  16% (112/682)   Resolving deltas:  17% (119/682)   Resolving deltas:  18% (124/682)   Resolving deltas:  19% (133/682)   Resolving deltas:  21% (149/682)   Resolving deltas:  26% (180/682)   Resolving deltas:  27% (187/682)   Resolving deltas:  28% (194/682)   Resolving deltas:  30% (205/682)   Resolving deltas:  31% (215/682)   Resolving deltas:  32% (219/682)   Resolving deltas:  34% (234/682)   Resolving deltas:  36% (248/682)   Resolving deltas:  37% (254/682)   Resolving deltas:  38% (261/682)   Resolving deltas:  39% (270/682)   Resolving deltas:  40% (278/682)   Resolving deltas:  42% (289/682)   Resolving deltas:  44% (303/682)   Resolving deltas:  45% (310/682)   Resolving deltas:  47% (322/682)   Resolving deltas:  50% (343/682)   Resolving deltas:  51% (349/682)   Resolving deltas:  53% (363/682)   Resolving deltas:  55% (376/682)   Resolving deltas:  58% (396/682)   Resolving deltas:  59% (406/682)   Resolving deltas:  60% (410/682)   Resolving deltas:  62% (426/682)   Resolving deltas:  63% (434/682)   Resolving deltas:  64% (437/682)   Resolving deltas:  66% (451/682)   Resolving deltas:  67% (459/682)   Resolving deltas:  68% (464/682)   Resolving deltas:  70% (479/682)   Resolving deltas:  72% (497/682)   Resolving deltas:  73% (499/682)   Resolving deltas:  74% (505/682)   Resolving deltas:  75% (515/682)   Resolving deltas:  76% (521/682)   Resolving deltas:  77% (526/682)   Resolving deltas:  78% (533/682)   Resolving deltas:  79% (540/682)   Resolving deltas:  80% (552/682)   Resolving deltas:  81% (554/682)   Resolving deltas:  82% (561/682)   Resolving deltas:  85% (580/682)   Resolving deltas:  86% (593/682)   Resolving deltas:  87% (599/682)   Resolving deltas:  88% (601/682)   Resolving deltas:  93% (640/682)   Resolving deltas:  94% (646/682)   Resolving deltas:  95% (651/682)   Resolving deltas:  96% (655/682)   Resolving deltas:  97% (667/682)   Resolving deltas:  99% (676/682)   Resolving deltas: 100% (682/682)   Resolving deltas: 100% (682/682), done.
Checking connectivity... done.
travis_time:end:0c6b52bc:start=1450764473702887759,finish=1450764477334144439,duration=3631256680[0K$ cd square/retrofit
$ git checkout -qf 9a5f308440e46857250be1232f7a006c19bd567d
travis_fold:end:git.checkout[0K
[33;1mThis job is running on container-based infrastructure, which does not allow use of 'sudo', setuid and setguid executables.[0m
[33;1mIf you require sudo, add 'sudo: required' to your .travis.yml[0m
[33;1mSee http://docs.travis-ci.com/user/workers/container-based-infrastructure/ for details.[0m

[33;1mSetting environment variables from .travis.yml[0m
$ export CI_DEPLOY_USERNAME=[secure]
$ export CI_DEPLOY_PASSWORD=[secure]

travis_fold:start:cache.1[0KSetting up build cache
$ export CASHER_DIR=$HOME/.casher
travis_time:start:063e9c92[0K$ Installing caching utilities
travis_time:end:063e9c92:start=1450764479799788223,finish=1450764479883809585,duration=84021362[0Ktravis_time:start:0ce0da5c[0Ktravis_time:end:0ce0da5c:start=1450764479890477295,finish=1450764479895068907,duration=4591612[0Ktravis_time:start:02e00083[0K[32;1mattempting to download cache archive[0m
[32;1mfetching jwsome-docs/cache--jdk-oraclejdk8.tgz[0m
[32;1mfetching jwsome-docs/cache--jdk-oraclejdk8.tbz[0m
[32;1mfetching master/cache--jdk-oraclejdk8.tgz[0m
[32;1mfound cache[0m
travis_time:end:02e00083:start=1450764479900457171,finish=1450764482167712744,duration=2267255573[0Ktravis_time:start:3fab0888[0Ktravis_time:end:3fab0888:start=1450764482172943660,finish=1450764482177259810,duration=4316150[0Ktravis_time:start:097dbfa0[0K[32;1madding /home/travis/.m2 to cache[0m
travis_time:end:097dbfa0:start=1450764482182145837,finish=1450764485869963220,duration=3687817383[0Ktravis_fold:end:cache.1[0K$ jdk_switcher use oraclejdk8
Switching to Oracle JDK8 (java-8-oracle), JAVA_HOME will be set to /usr/lib/jvm/java-8-oracle
$ java -Xmx32m -version
java version "1.8.0_31"
Java(TM) SE Runtime Environment (build 1.8.0_31-b13)
Java HotSpot(TM) 64-Bit Server VM (build 25.31-b07, mixed mode)
$ javac -J-Xmx32m -version
javac 1.8.0_31
travis_fold:start:install[0Ktravis_time:start:1f381f26[0K$ mvn install -DskipTests=true -Dmaven.javadoc.skip=true -B -V
Java HotSpot(TM) 64-Bit Server VM warning: ignoring option MaxPermSize=192m; support was removed in 8.0
Apache Maven 3.2.5 (12a6b3acb947671f09b81f49094c53f426d8cea1; 2014-12-14T17:29:23+00:00)
Maven home: /usr/local/maven
Java version: 1.8.0_31, vendor: Oracle Corporation
Java home: /usr/lib/jvm/java-8-oracle/jre
Default locale: en_US, platform encoding: UTF-8
OS name: "linux", version: "3.13.0-40-generic", arch: "amd64", family: "unix"
[INFO] Scanning for projects...
[WARNING] 
[WARNING] Some problems were encountered while building the effective model for com.squareup.retrofit2:samples:jar:2.0.0-SNAPSHOT
[WARNING] 'build.plugins.plugin.version' for org.apache.maven.plugins:maven-deploy-plugin is missing. @ com.squareup.retrofit2:samples:[unknown-version], /home/travis/build/square/retrofit/samples/pom.xml, line 45, column 15
[WARNING] 
[WARNING] It is highly recommended to fix these problems because they threaten the stability of your build.
[WARNING] 
[WARNING] For this reason, future Maven versions might no longer support building such malformed projects.
[WARNING] 
[INFO] ------------------------------------------------------------------------
[INFO] Reactor Build Order:
[INFO] 
[INFO] Retrofit (Parent)
[INFO] Retrofit
[INFO] Adapters
[INFO] Adapter: RxJava
[INFO] Converters
[INFO] Converter: Gson
[INFO] Converter: Protocol Buffers
[INFO] Converter: Jackson
[INFO] Converter: Wire Protocol Buffers
[INFO] Converter: SimpleXML
[INFO] Converter: Java Scalars
[INFO] Converter: Moshi
[INFO] Retrofit Mock Adapter
[INFO] Samples
[INFO]                                                                         
[INFO] ------------------------------------------------------------------------
[INFO] Building Retrofit (Parent) 2.0.0-SNAPSHOT
[INFO] ------------------------------------------------------------------------
[INFO] 
[INFO] --- maven-enforcer-plugin:1.0:enforce (enforce-maven) @ parent ---
[INFO] 
[INFO] --- animal-sniffer-maven-plugin:1.14:check (default) @ parent ---
[INFO] Checking unresolved references to org.codehaus.mojo.signature:java16:1.1
[INFO] 
[INFO] --- maven-javadoc-plugin:2.10.3:jar (attach-javadocs) @ parent ---
[INFO] Skipping javadoc generation
[INFO] 
[INFO] --- maven-checkstyle-plugin:2.15:checkstyle (default) @ parent ---
[INFO] 
[INFO] --- maven-install-plugin:2.4:install (default-install) @ parent ---
[INFO] Installing /home/travis/build/square/retrofit/pom.xml to /home/travis/.m2/repository/com/squareup/retrofit2/parent/2.0.0-SNAPSHOT/parent-2.0.0-SNAPSHOT.pom
[INFO]                                                                         
[INFO] ------------------------------------------------------------------------
[INFO] Building Retrofit 2.0.0-SNAPSHOT
[INFO] ------------------------------------------------------------------------
[INFO] 
[INFO] --- maven-enforcer-plugin:1.0:enforce (enforce-maven) @ retrofit ---
[INFO] 
[INFO] --- maven-resources-plugin:2.6:resources (default-resources) @ retrofit ---
[INFO] Using 'UTF-8' encoding to copy filtered resources.
[INFO] skip non existing resourceDirectory /home/travis/build/square/retrofit/retrofit/src/main/resources
[INFO] 
[INFO] --- maven-compiler-plugin:3.0:compile (default-compile) @ retrofit ---
[INFO] Changes detected - recompiling the module!
[INFO] Compiling 44 source files to /home/travis/build/square/retrofit/retrofit/target/classes
[WARNING] /home/travis/build/square/retrofit/retrofit/src/main/java/retrofit2/Retrofit.java: Some input files use unchecked or unsafe operations.
[WARNING] /home/travis/build/square/retrofit/retrofit/src/main/java/retrofit2/Retrofit.java: Recompile with -Xlint:unchecked for details.
[INFO] 
[INFO] --- maven-resources-plugin:2.6:testResources (default-testResources) @ retrofit ---
[INFO] Using 'UTF-8' encoding to copy filtered resources.
[INFO] skip non existing resourceDirectory /home/travis/build/square/retrofit/retrofit/src/test/resources
[INFO] 
[INFO] --- maven-compiler-plugin:3.0:testCompile (default-testCompile) @ retrofit ---
[INFO] Changes detected - recompiling the module!
[INFO] Compiling 8 source files to /home/travis/build/square/retrofit/retrofit/target/test-classes
[WARNING] /home/travis/build/square/retrofit/retrofit/src/test/java/retrofit2/RetrofitTest.java: /home/travis/build/square/retrofit/retrofit/src/test/java/retrofit2/RetrofitTest.java uses unchecked or unsafe operations.
[WARNING] /home/travis/build/square/retrofit/retrofit/src/test/java/retrofit2/RetrofitTest.java: Recompile with -Xlint:unchecked for details.
[INFO] 
[INFO] --- maven-surefire-plugin:2.12.4:test (default-test) @ retrofit ---
[INFO] Tests are skipped.
[INFO] 
[INFO] --- animal-sniffer-maven-plugin:1.14:check (default) @ retrofit ---
[INFO] Checking unresolved references to org.codehaus.mojo.signature:java16:1.1
[INFO] 
[INFO] --- maven-jar-plugin:2.4:jar (default-jar) @ retrofit ---
[INFO] Building jar: /home/travis/build/square/retrofit/retrofit/target/retrofit-2.0.0-SNAPSHOT.jar
[INFO] 
[INFO] --- maven-javadoc-plugin:2.10.3:jar (attach-javadocs) @ retrofit ---
[INFO] Skipping javadoc generation
[INFO] 
[INFO] --- maven-checkstyle-plugin:2.15:checkstyle (default) @ retrofit ---
[INFO] Starting audit...
Audit done.
[WARNING] Unable to locate Source XRef to link to - DISABLED
[INFO] 
[INFO] --- maven-install-plugin:2.4:install (default-install) @ retrofit ---
[INFO] Installing /home/travis/build/square/retrofit/retrofit/target/retrofit-2.0.0-SNAPSHOT.jar to /home/travis/.m2/repository/com/squareup/retrofit2/retrofit/2.0.0-SNAPSHOT/retrofit-2.0.0-SNAPSHOT.jar
[INFO] Installing /home/travis/build/square/retrofit/retrofit/pom.xml to /home/travis/.m2/repository/com/squareup/retrofit2/retrofit/2.0.0-SNAPSHOT/retrofit-2.0.0-SNAPSHOT.pom
[INFO]                                                                         
[INFO] ------------------------------------------------------------------------
[INFO] Building Adapters 2.0.0-SNAPSHOT
[INFO] ------------------------------------------------------------------------
[INFO] 
[INFO] --- maven-enforcer-plugin:1.0:enforce (enforce-maven) @ retrofit-adapters ---
[INFO] 
[INFO] --- animal-sniffer-maven-plugin:1.14:check (default) @ retrofit-adapters ---
[INFO] Checking unresolved references to org.codehaus.mojo.signature:java16:1.1
[INFO] 
[INFO] --- maven-javadoc-plugin:2.10.3:jar (attach-javadocs) @ retrofit-adapters ---
[INFO] Skipping javadoc generation
[INFO] 
[INFO] --- maven-checkstyle-plugin:2.15:checkstyle (default) @ retrofit-adapters ---
[INFO] 
[INFO] --- maven-install-plugin:2.4:install (default-install) @ retrofit-adapters ---
[INFO] Installing /home/travis/build/square/retrofit/retrofit-adapters/pom.xml to /home/travis/.m2/repository/com/squareup/retrofit2/retrofit-adapters/2.0.0-SNAPSHOT/retrofit-adapters-2.0.0-SNAPSHOT.pom
[INFO]                                                                         
[INFO] ------------------------------------------------------------------------
[INFO] Building Adapter: RxJava 2.0.0-SNAPSHOT
[INFO] ------------------------------------------------------------------------
[INFO] 
[INFO] --- maven-enforcer-plugin:1.0:enforce (enforce-maven) @ adapter-rxjava ---
[INFO] 
[INFO] --- maven-resources-plugin:2.6:resources (default-resources) @ adapter-rxjava ---
[INFO] Using 'UTF-8' encoding to copy filtered resources.
[INFO] skip non existing resourceDirectory /home/travis/build/square/retrofit/retrofit-adapters/rxjava/src/main/resources
[INFO] 
[INFO] --- maven-compiler-plugin:3.0:compile (default-compile) @ adapter-rxjava ---
[INFO] Changes detected - recompiling the module!
[INFO] Compiling 4 source files to /home/travis/build/square/retrofit/retrofit-adapters/rxjava/target/classes
[INFO] 
[INFO] --- maven-resources-plugin:2.6:testResources (default-testResources) @ adapter-rxjava ---
[INFO] Using 'UTF-8' encoding to copy filtered resources.
[INFO] skip non existing resourceDirectory /home/travis/build/square/retrofit/retrofit-adapters/rxjava/src/test/resources
[INFO] 
[INFO] --- maven-compiler-plugin:3.0:testCompile (default-testCompile) @ adapter-rxjava ---
[INFO] Changes detected - recompiling the module!
[INFO] Compiling 2 source files to /home/travis/build/square/retrofit/retrofit-adapters/rxjava/target/test-classes
[INFO] 
[INFO] --- maven-surefire-plugin:2.12.4:test (default-test) @ adapter-rxjava ---
[INFO] Tests are skipped.
[INFO] 
[INFO] --- animal-sniffer-maven-plugin:1.14:check (default) @ adapter-rxjava ---
[INFO] Checking unresolved references to org.codehaus.mojo.signature:java16:1.1
[INFO] 
[INFO] --- maven-jar-plugin:2.4:jar (default-jar) @ adapter-rxjava ---
[INFO] Building jar: /home/travis/build/square/retrofit/retrofit-adapters/rxjava/target/adapter-rxjava-2.0.0-SNAPSHOT.jar
[INFO] 
[INFO] --- maven-javadoc-plugin:2.10.3:jar (attach-javadocs) @ adapter-rxjava ---
[INFO] Skipping javadoc generation
[INFO] 
[INFO] --- maven-checkstyle-plugin:2.15:checkstyle (default) @ adapter-rxjava ---
[INFO] Starting audit...
Audit done.
[WARNING] Unable to locate Source XRef to link to - DISABLED
[INFO] 
[INFO] --- maven-install-plugin:2.4:install (default-install) @ adapter-rxjava ---
[INFO] Installing /home/travis/build/square/retrofit/retrofit-adapters/rxjava/target/adapter-rxjava-2.0.0-SNAPSHOT.jar to /home/travis/.m2/repository/com/squareup/retrofit2/adapter-rxjava/2.0.0-SNAPSHOT/adapter-rxjava-2.0.0-SNAPSHOT.jar
[INFO] Installing /home/travis/build/square/retrofit/retrofit-adapters/rxjava/pom.xml to /home/travis/.m2/repository/com/squareup/retrofit2/adapter-rxjava/2.0.0-SNAPSHOT/adapter-rxjava-2.0.0-SNAPSHOT.pom
[INFO]                                                                         
[INFO] ------------------------------------------------------------------------
[INFO] Building Converters 2.0.0-SNAPSHOT
[INFO] ------------------------------------------------------------------------
[INFO] 
[INFO] --- maven-enforcer-plugin:1.0:enforce (enforce-maven) @ retrofit-converters ---
[INFO] 
[INFO] --- animal-sniffer-maven-plugin:1.14:check (default) @ retrofit-converters ---
[INFO] Checking unresolved references to org.codehaus.mojo.signature:java16:1.1
[INFO] 
[INFO] --- maven-javadoc-plugin:2.10.3:jar (attach-javadocs) @ retrofit-converters ---
[INFO] Skipping javadoc generation
[INFO] 
[INFO] --- maven-checkstyle-plugin:2.15:checkstyle (default) @ retrofit-converters ---
[INFO] 
[INFO] --- maven-install-plugin:2.4:install (default-install) @ retrofit-converters ---
[INFO] Installing /home/travis/build/square/retrofit/retrofit-converters/pom.xml to /home/travis/.m2/repository/com/squareup/retrofit2/retrofit-converters/2.0.0-SNAPSHOT/retrofit-converters-2.0.0-SNAPSHOT.pom
[INFO]                                                                         
[INFO] ------------------------------------------------------------------------
[INFO] Building Converter: Gson 2.0.0-SNAPSHOT
[INFO] ------------------------------------------------------------------------
[INFO] 
[INFO] --- maven-enforcer-plugin:1.0:enforce (enforce-maven) @ converter-gson ---
[INFO] 
[INFO] --- maven-resources-plugin:2.6:resources (default-resources) @ converter-gson ---
[INFO] Using 'UTF-8' encoding to copy filtered resources.
[INFO] skip non existing resourceDirectory /home/travis/build/square/retrofit/retrofit-converters/gson/src/main/resources
[INFO] 
[INFO] --- maven-compiler-plugin:3.0:compile (default-compile) @ converter-gson ---
[INFO] Changes detected - recompiling the module!
[INFO] Compiling 3 source files to /home/travis/build/square/retrofit/retrofit-converters/gson/target/classes
[INFO] 
[INFO] --- maven-resources-plugin:2.6:testResources (default-testResources) @ converter-gson ---
[INFO] Using 'UTF-8' encoding to copy filtered resources.
[INFO] skip non existing resourceDirectory /home/travis/build/square/retrofit/retrofit-converters/gson/src/test/resources
[INFO] 
[INFO] --- maven-compiler-plugin:3.0:testCompile (default-testCompile) @ converter-gson ---
[INFO] Changes detected - recompiling the module!
[INFO] Compiling 1 source file to /home/travis/build/square/retrofit/retrofit-converters/gson/target/test-classes
[INFO] 
[INFO] --- maven-surefire-plugin:2.12.4:test (default-test) @ converter-gson ---
[INFO] Tests are skipped.
[INFO] 
[INFO] --- animal-sniffer-maven-plugin:1.14:check (default) @ converter-gson ---
[INFO] Checking unresolved references to org.codehaus.mojo.signature:java16:1.1
[INFO] 
[INFO] --- maven-jar-plugin:2.4:jar (default-jar) @ converter-gson ---
[INFO] Building jar: /home/travis/build/square/retrofit/retrofit-converters/gson/target/converter-gson-2.0.0-SNAPSHOT.jar
[INFO] 
[INFO] --- maven-javadoc-plugin:2.10.3:jar (attach-javadocs) @ converter-gson ---
[INFO] Skipping javadoc generation
[INFO] 
[INFO] --- maven-checkstyle-plugin:2.15:checkstyle (default) @ converter-gson ---
[INFO] Starting audit...
Audit done.
[WARNING] Unable to locate Source XRef to link to - DISABLED
[INFO] 
[INFO] --- maven-install-plugin:2.4:install (default-install) @ converter-gson ---
[INFO] Installing /home/travis/build/square/retrofit/retrofit-converters/gson/target/converter-gson-2.0.0-SNAPSHOT.jar to /home/travis/.m2/repository/com/squareup/retrofit2/converter-gson/2.0.0-SNAPSHOT/converter-gson-2.0.0-SNAPSHOT.jar
[INFO] Installing /home/travis/build/square/retrofit/retrofit-converters/gson/pom.xml to /home/travis/.m2/repository/com/squareup/retrofit2/converter-gson/2.0.0-SNAPSHOT/converter-gson-2.0.0-SNAPSHOT.pom
[INFO]                                                                         
[INFO] ------------------------------------------------------------------------
[INFO] Building Converter: Protocol Buffers 2.0.0-SNAPSHOT
[INFO] ------------------------------------------------------------------------
[INFO] 
[INFO] --- maven-enforcer-plugin:1.0:enforce (enforce-maven) @ converter-protobuf ---
[INFO] 
[INFO] --- maven-resources-plugin:2.6:resources (default-resources) @ converter-protobuf ---
[INFO] Using 'UTF-8' encoding to copy filtered resources.
[INFO] skip non existing resourceDirectory /home/travis/build/square/retrofit/retrofit-converters/protobuf/src/main/resources
[INFO] 
[INFO] --- maven-compiler-plugin:3.0:compile (default-compile) @ converter-protobuf ---
[INFO] Changes detected - recompiling the module!
[INFO] Compiling 3 source files to /home/travis/build/square/retrofit/retrofit-converters/protobuf/target/classes
[WARNING] /home/travis/build/square/retrofit/retrofit-converters/protobuf/src/main/java/retrofit2/ProtoConverterFactory.java: /home/travis/build/square/retrofit/retrofit-converters/protobuf/src/main/java/retrofit2/ProtoConverterFactory.java uses unchecked or unsafe operations.
[WARNING] /home/travis/build/square/retrofit/retrofit-converters/protobuf/src/main/java/retrofit2/ProtoConverterFactory.java: Recompile with -Xlint:unchecked for details.
[INFO] 
[INFO] --- maven-resources-plugin:2.6:testResources (default-testResources) @ converter-protobuf ---
[INFO] Using 'UTF-8' encoding to copy filtered resources.
[INFO] skip non existing resourceDirectory /home/travis/build/square/retrofit/retrofit-converters/protobuf/src/test/resources
[INFO] 
[INFO] --- maven-compiler-plugin:3.0:testCompile (default-testCompile) @ converter-protobuf ---
[INFO] Changes detected - recompiling the module!
[INFO] Compiling 2 source files to /home/travis/build/square/retrofit/retrofit-converters/protobuf/target/test-classes
[INFO] 
[INFO] --- maven-surefire-plugin:2.12.4:test (default-test) @ converter-protobuf ---
[INFO] Tests are skipped.
[INFO] 
[INFO] --- animal-sniffer-maven-plugin:1.14:check (default) @ converter-protobuf ---
[INFO] Checking unresolved references to org.codehaus.mojo.signature:java16:1.1
[INFO] 
[INFO] --- maven-jar-plugin:2.4:jar (default-jar) @ converter-protobuf ---
[INFO] Building jar: /home/travis/build/square/retrofit/retrofit-converters/protobuf/target/converter-protobuf-2.0.0-SNAPSHOT.jar
[INFO] 
[INFO] --- maven-javadoc-plugin:2.10.3:jar (attach-javadocs) @ converter-protobuf ---
[INFO] Skipping javadoc generation
[INFO] 
[INFO] --- maven-checkstyle-plugin:2.15:checkstyle (default) @ converter-protobuf ---
[INFO] Starting audit...
Audit done.
[WARNING] Unable to locate Source XRef to link to - DISABLED
[INFO] 
[INFO] --- maven-install-plugin:2.4:install (default-install) @ converter-protobuf ---
[INFO] Installing /home/travis/build/square/retrofit/retrofit-converters/protobuf/target/converter-protobuf-2.0.0-SNAPSHOT.jar to /home/travis/.m2/repository/com/squareup/retrofit2/converter-protobuf/2.0.0-SNAPSHOT/converter-protobuf-2.0.0-SNAPSHOT.jar
[INFO] Installing /home/travis/build/square/retrofit/retrofit-converters/protobuf/pom.xml to /home/travis/.m2/repository/com/squareup/retrofit2/converter-protobuf/2.0.0-SNAPSHOT/converter-protobuf-2.0.0-SNAPSHOT.pom
[INFO]                                                                         
[INFO] ------------------------------------------------------------------------
[INFO] Building Converter: Jackson 2.0.0-SNAPSHOT
[INFO] ------------------------------------------------------------------------
[INFO] 
[INFO] --- maven-enforcer-plugin:1.0:enforce (enforce-maven) @ converter-jackson ---
[INFO] 
[INFO] --- maven-resources-plugin:2.6:resources (default-resources) @ converter-jackson ---
[INFO] Using 'UTF-8' encoding to copy filtered resources.
[INFO] skip non existing resourceDirectory /home/travis/build/square/retrofit/retrofit-converters/jackson/src/main/resources
[INFO] 
[INFO] --- maven-compiler-plugin:3.0:compile (default-compile) @ converter-jackson ---
[INFO] Changes detected - recompiling the module!
[INFO] Compiling 3 source files to /home/travis/build/square/retrofit/retrofit-converters/jackson/target/classes
[INFO] 
[INFO] --- maven-resources-plugin:2.6:testResources (default-testResources) @ converter-jackson ---
[INFO] Using 'UTF-8' encoding to copy filtered resources.
[INFO] skip non existing resourceDirectory /home/travis/build/square/retrofit/retrofit-converters/jackson/src/test/resources
[INFO] 
[INFO] --- maven-compiler-plugin:3.0:testCompile (default-testCompile) @ converter-jackson ---
[INFO] Changes detected - recompiling the module!
[INFO] Compiling 1 source file to /home/travis/build/square/retrofit/retrofit-converters/jackson/target/test-classes
[INFO] 
[INFO] --- maven-surefire-plugin:2.12.4:test (default-test) @ converter-jackson ---
[INFO] Tests are skipped.
[INFO] 
[INFO] --- animal-sniffer-maven-plugin:1.14:check (default) @ converter-jackson ---
[INFO] Checking unresolved references to org.codehaus.mojo.signature:java16:1.1
[INFO] 
[INFO] --- maven-jar-plugin:2.4:jar (default-jar) @ converter-jackson ---
[INFO] Building jar: /home/travis/build/square/retrofit/retrofit-converters/jackson/target/converter-jackson-2.0.0-SNAPSHOT.jar
[INFO] 
[INFO] --- maven-javadoc-plugin:2.10.3:jar (attach-javadocs) @ converter-jackson ---
[INFO] Skipping javadoc generation
[INFO] 
[INFO] --- maven-checkstyle-plugin:2.15:checkstyle (default) @ converter-jackson ---
[INFO] Starting audit...
Audit done.
[WARNING] Unable to locate Source XRef to link to - DISABLED
[INFO] 
[INFO] --- maven-install-plugin:2.4:install (default-install) @ converter-jackson ---
[INFO] Installing /home/travis/build/square/retrofit/retrofit-converters/jackson/target/converter-jackson-2.0.0-SNAPSHOT.jar to /home/travis/.m2/repository/com/squareup/retrofit2/converter-jackson/2.0.0-SNAPSHOT/converter-jackson-2.0.0-SNAPSHOT.jar
[INFO] Installing /home/travis/build/square/retrofit/retrofit-converters/jackson/pom.xml to /home/travis/.m2/repository/com/squareup/retrofit2/converter-jackson/2.0.0-SNAPSHOT/converter-jackson-2.0.0-SNAPSHOT.pom
[INFO]                                                                         
[INFO] ------------------------------------------------------------------------
[INFO] Building Converter: Wire Protocol Buffers 2.0.0-SNAPSHOT
[INFO] ------------------------------------------------------------------------
[INFO] 
[INFO] --- maven-enforcer-plugin:1.0:enforce (enforce-maven) @ converter-wire ---
[INFO] 
[INFO] --- maven-resources-plugin:2.6:resources (default-resources) @ converter-wire ---
[INFO] Using 'UTF-8' encoding to copy filtered resources.
[INFO] skip non existing resourceDirectory /home/travis/build/square/retrofit/retrofit-converters/wire/src/main/resources
[INFO] 
[INFO] --- maven-compiler-plugin:3.0:compile (default-compile) @ converter-wire ---
[INFO] Changes detected - recompiling the module!
[INFO] Compiling 3 source files to /home/travis/build/square/retrofit/retrofit-converters/wire/target/classes
[WARNING] /home/travis/build/square/retrofit/retrofit-converters/wire/src/main/java/retrofit2/WireConverterFactory.java: /home/travis/build/square/retrofit/retrofit-converters/wire/src/main/java/retrofit2/WireConverterFactory.java uses unchecked or unsafe operations.
[WARNING] /home/travis/build/square/retrofit/retrofit-converters/wire/src/main/java/retrofit2/WireConverterFactory.java: Recompile with -Xlint:unchecked for details.
[INFO] 
[INFO] --- maven-resources-plugin:2.6:testResources (default-testResources) @ converter-wire ---
[INFO] Using 'UTF-8' encoding to copy filtered resources.
[INFO] skip non existing resourceDirectory /home/travis/build/square/retrofit/retrofit-converters/wire/src/test/resources
[INFO] 
[INFO] --- maven-compiler-plugin:3.0:testCompile (default-testCompile) @ converter-wire ---
[INFO] Changes detected - recompiling the module!
[INFO] Compiling 2 source files to /home/travis/build/square/retrofit/retrofit-converters/wire/target/test-classes
[INFO] 
[INFO] --- maven-surefire-plugin:2.12.4:test (default-test) @ converter-wire ---
[INFO] Tests are skipped.
[INFO] 
[INFO] --- animal-sniffer-maven-plugin:1.14:check (default) @ converter-wire ---
[INFO] Checking unresolved references to org.codehaus.mojo.signature:java16:1.1
[INFO] 
[INFO] --- maven-jar-plugin:2.4:jar (default-jar) @ converter-wire ---
[INFO] Building jar: /home/travis/build/square/retrofit/retrofit-converters/wire/target/converter-wire-2.0.0-SNAPSHOT.jar
[INFO] 
[INFO] --- maven-javadoc-plugin:2.10.3:jar (attach-javadocs) @ converter-wire ---
[INFO] Skipping javadoc generation
[INFO] 
[INFO] --- maven-checkstyle-plugin:2.15:checkstyle (default) @ converter-wire ---
[INFO] Starting audit...
Audit done.
[WARNING] Unable to locate Source XRef to link to - DISABLED
[INFO] 
[INFO] --- maven-install-plugin:2.4:install (default-install) @ converter-wire ---
[INFO] Installing /home/travis/build/square/retrofit/retrofit-converters/wire/target/converter-wire-2.0.0-SNAPSHOT.jar to /home/travis/.m2/repository/com/squareup/retrofit2/converter-wire/2.0.0-SNAPSHOT/converter-wire-2.0.0-SNAPSHOT.jar
[INFO] Installing /home/travis/build/square/retrofit/retrofit-converters/wire/pom.xml to /home/travis/.m2/repository/com/squareup/retrofit2/converter-wire/2.0.0-SNAPSHOT/converter-wire-2.0.0-SNAPSHOT.pom
[INFO]                                                                         
[INFO] ------------------------------------------------------------------------
[INFO] Building Converter: SimpleXML 2.0.0-SNAPSHOT
[INFO] ------------------------------------------------------------------------
[INFO] 
[INFO] --- maven-enforcer-plugin:1.0:enforce (enforce-maven) @ converter-simplexml ---
[INFO] 
[INFO] --- maven-resources-plugin:2.6:resources (default-resources) @ converter-simplexml ---
[INFO] Using 'UTF-8' encoding to copy filtered resources.
[INFO] skip non existing resourceDirectory /home/travis/build/square/retrofit/retrofit-converters/simplexml/src/main/resources
[INFO] 
[INFO] --- maven-compiler-plugin:3.0:compile (default-compile) @ converter-simplexml ---
[INFO] Changes detected - recompiling the module!
[INFO] Compiling 3 source files to /home/travis/build/square/retrofit/retrofit-converters/simplexml/target/classes
[INFO] 
[INFO] --- maven-resources-plugin:2.6:testResources (default-testResources) @ converter-simplexml ---
[INFO] Using 'UTF-8' encoding to copy filtered resources.
[INFO] skip non existing resourceDirectory /home/travis/build/square/retrofit/retrofit-converters/simplexml/src/test/resources
[INFO] 
[INFO] --- maven-compiler-plugin:3.0:testCompile (default-testCompile) @ converter-simplexml ---
[INFO] Changes detected - recompiling the module!
[INFO] Compiling 2 source files to /home/travis/build/square/retrofit/retrofit-converters/simplexml/target/test-classes
[INFO] 
[INFO] --- maven-surefire-plugin:2.12.4:test (default-test) @ converter-simplexml ---
[INFO] Tests are skipped.
[INFO] 
[INFO] --- animal-sniffer-maven-plugin:1.14:check (default) @ converter-simplexml ---
[INFO] Checking unresolved references to org.codehaus.mojo.signature:java16:1.1
[INFO] 
[INFO] --- maven-jar-plugin:2.4:jar (default-jar) @ converter-simplexml ---
[INFO] Building jar: /home/travis/build/square/retrofit/retrofit-converters/simplexml/target/converter-simplexml-2.0.0-SNAPSHOT.jar
[INFO] 
[INFO] --- maven-javadoc-plugin:2.10.3:jar (attach-javadocs) @ converter-simplexml ---
[INFO] Skipping javadoc generation
[INFO] 
[INFO] --- maven-checkstyle-plugin:2.15:checkstyle (default) @ converter-simplexml ---
[INFO] Starting audit...
Audit done.
[WARNING] Unable to locate Source XRef to link to - DISABLED
[INFO] 
[INFO] --- maven-install-plugin:2.4:install (default-install) @ converter-simplexml ---
[INFO] Installing /home/travis/build/square/retrofit/retrofit-converters/simplexml/target/converter-simplexml-2.0.0-SNAPSHOT.jar to /home/travis/.m2/repository/com/squareup/retrofit2/converter-simplexml/2.0.0-SNAPSHOT/converter-simplexml-2.0.0-SNAPSHOT.jar
[INFO] Installing /home/travis/build/square/retrofit/retrofit-converters/simplexml/pom.xml to /home/travis/.m2/repository/com/squareup/retrofit2/converter-simplexml/2.0.0-SNAPSHOT/converter-simplexml-2.0.0-SNAPSHOT.pom
[INFO]                                                                         
[INFO] ------------------------------------------------------------------------
[INFO] Building Converter: Java Scalars 2.0.0-SNAPSHOT
[INFO] ------------------------------------------------------------------------
[INFO] 
[INFO] --- maven-enforcer-plugin:1.0:enforce (enforce-maven) @ converter-scalars ---
[INFO] 
[INFO] --- maven-resources-plugin:2.6:resources (default-resources) @ converter-scalars ---
[INFO] Using 'UTF-8' encoding to copy filtered resources.
[INFO] skip non existing resourceDirectory /home/travis/build/square/retrofit/retrofit-converters/scalars/src/main/resources
[INFO] 
[INFO] --- maven-compiler-plugin:3.0:compile (default-compile) @ converter-scalars ---
[INFO] Changes detected - recompiling the module!
[INFO] Compiling 2 source files to /home/travis/build/square/retrofit/retrofit-converters/scalars/target/classes
[INFO] 
[INFO] --- maven-resources-plugin:2.6:testResources (default-testResources) @ converter-scalars ---
[INFO] Using 'UTF-8' encoding to copy filtered resources.
[INFO] skip non existing resourceDirectory /home/travis/build/square/retrofit/retrofit-converters/scalars/src/test/resources
[INFO] 
[INFO] --- maven-compiler-plugin:3.0:testCompile (default-testCompile) @ converter-scalars ---
[INFO] Changes detected - recompiling the module!
[INFO] Compiling 1 source file to /home/travis/build/square/retrofit/retrofit-converters/scalars/target/test-classes
[INFO] 
[INFO] --- maven-surefire-plugin:2.12.4:test (default-test) @ converter-scalars ---
[INFO] Tests are skipped.
[INFO] 
[INFO] --- animal-sniffer-maven-plugin:1.14:check (default) @ converter-scalars ---
[INFO] Checking unresolved references to org.codehaus.mojo.signature:java16:1.1
[INFO] 
[INFO] --- maven-jar-plugin:2.4:jar (default-jar) @ converter-scalars ---
[INFO] Building jar: /home/travis/build/square/retrofit/retrofit-converters/scalars/target/converter-scalars-2.0.0-SNAPSHOT.jar
[INFO] 
[INFO] --- maven-javadoc-plugin:2.10.3:jar (attach-javadocs) @ converter-scalars ---
[INFO] Skipping javadoc generation
[INFO] 
[INFO] --- maven-checkstyle-plugin:2.15:checkstyle (default) @ converter-scalars ---
[INFO] Starting audit...
Audit done.
[WARNING] Unable to locate Source XRef to link to - DISABLED
[INFO] 
[INFO] --- maven-install-plugin:2.4:install (default-install) @ converter-scalars ---
[INFO] Installing /home/travis/build/square/retrofit/retrofit-converters/scalars/target/converter-scalars-2.0.0-SNAPSHOT.jar to /home/travis/.m2/repository/com/squareup/retrofit2/converter-scalars/2.0.0-SNAPSHOT/converter-scalars-2.0.0-SNAPSHOT.jar
[INFO] Installing /home/travis/build/square/retrofit/retrofit-converters/scalars/pom.xml to /home/travis/.m2/repository/com/squareup/retrofit2/converter-scalars/2.0.0-SNAPSHOT/converter-scalars-2.0.0-SNAPSHOT.pom
[INFO]                                                                         
[INFO] ------------------------------------------------------------------------
[INFO] Building Converter: Moshi 2.0.0-SNAPSHOT
[INFO] ------------------------------------------------------------------------
[INFO] 
[INFO] --- maven-enforcer-plugin:1.0:enforce (enforce-maven) @ converter-moshi ---
[INFO] 
[INFO] --- maven-resources-plugin:2.6:resources (default-resources) @ converter-moshi ---
[INFO] Using 'UTF-8' encoding to copy filtered resources.
[INFO] skip non existing resourceDirectory /home/travis/build/square/retrofit/retrofit-converters/moshi/src/main/resources
[INFO] 
[INFO] --- maven-compiler-plugin:3.0:compile (default-compile) @ converter-moshi ---
[INFO] Changes detected - recompiling the module!
[INFO] Compiling 3 source files to /home/travis/build/square/retrofit/retrofit-converters/moshi/target/classes
[INFO] 
[INFO] --- maven-resources-plugin:2.6:testResources (default-testResources) @ converter-moshi ---
[INFO] Using 'UTF-8' encoding to copy filtered resources.
[INFO] skip non existing resourceDirectory /home/travis/build/square/retrofit/retrofit-converters/moshi/src/test/resources
[INFO] 
[INFO] --- maven-compiler-plugin:3.0:testCompile (default-testCompile) @ converter-moshi ---
[INFO] Changes detected - recompiling the module!
[INFO] Compiling 1 source file to /home/travis/build/square/retrofit/retrofit-converters/moshi/target/test-classes
[INFO] 
[INFO] --- maven-surefire-plugin:2.12.4:test (default-test) @ converter-moshi ---
[INFO] Tests are skipped.
[INFO] 
[INFO] --- animal-sniffer-maven-plugin:1.14:check (default) @ converter-moshi ---
[INFO] Checking unresolved references to org.codehaus.mojo.signature:java16:1.1
[INFO] 
[INFO] --- maven-jar-plugin:2.4:jar (default-jar) @ converter-moshi ---
[INFO] Building jar: /home/travis/build/square/retrofit/retrofit-converters/moshi/target/converter-moshi-2.0.0-SNAPSHOT.jar
[INFO] 
[INFO] --- maven-javadoc-plugin:2.10.3:jar (attach-javadocs) @ converter-moshi ---
[INFO] Skipping javadoc generation
[INFO] 
[INFO] --- maven-checkstyle-plugin:2.15:checkstyle (default) @ converter-moshi ---
[INFO] Starting audit...
Audit done.
[WARNING] Unable to locate Source XRef to link to - DISABLED
[INFO] 
[INFO] --- maven-install-plugin:2.4:install (default-install) @ converter-moshi ---
[INFO] Installing /home/travis/build/square/retrofit/retrofit-converters/moshi/target/converter-moshi-2.0.0-SNAPSHOT.jar to /home/travis/.m2/repository/com/squareup/retrofit2/converter-moshi/2.0.0-SNAPSHOT/converter-moshi-2.0.0-SNAPSHOT.jar
[INFO] Installing /home/travis/build/square/retrofit/retrofit-converters/moshi/pom.xml to /home/travis/.m2/repository/com/squareup/retrofit2/converter-moshi/2.0.0-SNAPSHOT/converter-moshi-2.0.0-SNAPSHOT.pom
[INFO]                                                                         
[INFO] ------------------------------------------------------------------------
[INFO] Building Retrofit Mock Adapter 2.0.0-SNAPSHOT
[INFO] ------------------------------------------------------------------------
[INFO] 
[INFO] --- maven-enforcer-plugin:1.0:enforce (enforce-maven) @ retrofit-mock ---
[INFO] 
[INFO] --- maven-resources-plugin:2.6:resources (default-resources) @ retrofit-mock ---
[INFO] Using 'UTF-8' encoding to copy filtered resources.
[INFO] skip non existing resourceDirectory /home/travis/build/square/retrofit/retrofit-mock/src/main/resources
[INFO] 
[INFO] --- maven-compiler-plugin:3.0:compile (default-compile) @ retrofit-mock ---
[INFO] Changes detected - recompiling the module!
[INFO] Compiling 5 source files to /home/travis/build/square/retrofit/retrofit-mock/target/classes
[INFO] 
[INFO] --- maven-resources-plugin:2.6:testResources (default-testResources) @ retrofit-mock ---
[INFO] Using 'UTF-8' encoding to copy filtered resources.
[INFO] skip non existing resourceDirectory /home/travis/build/square/retrofit/retrofit-mock/src/test/resources
[INFO] 
[INFO] --- maven-compiler-plugin:3.0:testCompile (default-testCompile) @ retrofit-mock ---
[INFO] Changes detected - recompiling the module!
[INFO] Compiling 3 source files to /home/travis/build/square/retrofit/retrofit-mock/target/test-classes
[INFO] 
[INFO] --- maven-surefire-plugin:2.12.4:test (default-test) @ retrofit-mock ---
[INFO] Tests are skipped.
[INFO] 
[INFO] --- animal-sniffer-maven-plugin:1.14:check (default) @ retrofit-mock ---
[INFO] Checking unresolved references to org.codehaus.mojo.signature:java16:1.1
[INFO] 
[INFO] --- maven-jar-plugin:2.4:jar (default-jar) @ retrofit-mock ---
[INFO] Building jar: /home/travis/build/square/retrofit/retrofit-mock/target/retrofit-mock-2.0.0-SNAPSHOT.jar
[INFO] 
[INFO] --- maven-javadoc-plugin:2.10.3:jar (attach-javadocs) @ retrofit-mock ---
[INFO] Skipping javadoc generation
[INFO] 
[INFO] --- maven-checkstyle-plugin:2.15:checkstyle (default) @ retrofit-mock ---
[INFO] Starting audit...
Audit done.
[WARNING] Unable to locate Source XRef to link to - DISABLED
[INFO] 
[INFO] --- maven-install-plugin:2.4:install (default-install) @ retrofit-mock ---
[INFO] Installing /home/travis/build/square/retrofit/retrofit-mock/target/retrofit-mock-2.0.0-SNAPSHOT.jar to /home/travis/.m2/repository/com/squareup/retrofit2/retrofit-mock/2.0.0-SNAPSHOT/retrofit-mock-2.0.0-SNAPSHOT.jar
[INFO] Installing /home/travis/build/square/retrofit/retrofit-mock/pom.xml to /home/travis/.m2/repository/com/squareup/retrofit2/retrofit-mock/2.0.0-SNAPSHOT/retrofit-mock-2.0.0-SNAPSHOT.pom
[INFO]                                                                         
[INFO] ------------------------------------------------------------------------
[INFO] Building Samples 2.0.0-SNAPSHOT
[INFO] ------------------------------------------------------------------------
[INFO] 
[INFO] --- maven-enforcer-plugin:1.0:enforce (enforce-maven) @ samples ---
[INFO] 
[INFO] --- maven-resources-plugin:2.6:resources (default-resources) @ samples ---
[INFO] Using 'UTF-8' encoding to copy filtered resources.
[INFO] skip non existing resourceDirectory /home/travis/build/square/retrofit/samples/src/main/resources
[INFO] 
[INFO] --- maven-compiler-plugin:3.0:compile (default-compile) @ samples ---
[INFO] Changes detected - recompiling the module!
[INFO] Compiling 6 source files to /home/travis/build/square/retrofit/samples/target/classes
[INFO] 
[INFO] --- maven-resources-plugin:2.6:testResources (default-testResources) @ samples ---
[INFO] Using 'UTF-8' encoding to copy filtered resources.
[INFO] skip non existing resourceDirectory /home/travis/build/square/retrofit/samples/src/test/resources
[INFO] 
[INFO] --- maven-compiler-plugin:3.0:testCompile (default-testCompile) @ samples ---
[INFO] No sources to compile
[INFO] 
[INFO] --- maven-surefire-plugin:2.12.4:test (default-test) @ samples ---
[INFO] Tests are skipped.
[INFO] 
[INFO] --- animal-sniffer-maven-plugin:1.14:check (default) @ samples ---
[INFO] Checking unresolved references to org.codehaus.mojo.signature:java16:1.1
[INFO] 
[INFO] --- maven-jar-plugin:2.4:jar (default-jar) @ samples ---
[INFO] Building jar: /home/travis/build/square/retrofit/samples/target/samples-2.0.0-SNAPSHOT.jar
[INFO] 
[INFO] --- maven-javadoc-plugin:2.10.3:jar (attach-javadocs) @ samples ---
[INFO] Skipping javadoc generation
[INFO] 
[INFO] --- maven-checkstyle-plugin:2.15:checkstyle (default) @ samples ---
[INFO] Starting audit...
Audit done.
[WARNING] Unable to locate Source XRef to link to - DISABLED
[INFO] 
[INFO] --- maven-install-plugin:2.4:install (default-install) @ samples ---
[INFO] Installing /home/travis/build/square/retrofit/samples/target/samples-2.0.0-SNAPSHOT.jar to /home/travis/.m2/repository/com/squareup/retrofit2/samples/2.0.0-SNAPSHOT/samples-2.0.0-SNAPSHOT.jar
[INFO] Installing /home/travis/build/square/retrofit/samples/pom.xml to /home/travis/.m2/repository/com/squareup/retrofit2/samples/2.0.0-SNAPSHOT/samples-2.0.0-SNAPSHOT.pom
[INFO] ------------------------------------------------------------------------
[INFO] Reactor Summary:
[INFO] 
[INFO] Retrofit (Parent) .................................. SUCCESS [  6.966 s]
[INFO] Retrofit ........................................... SUCCESS [ 16.148 s]
[INFO] Adapters ........................................... SUCCESS [  0.651 s]
[INFO] Adapter: RxJava .................................... SUCCESS [  3.137 s]
[INFO] Converters ......................................... SUCCESS [  0.426 s]
[INFO] Converter: Gson .................................... SUCCESS [  1.472 s]
[INFO] Converter: Protocol Buffers ........................ SUCCESS [  1.617 s]
[INFO] Converter: Jackson ................................. SUCCESS [  1.137 s]
[INFO] Converter: Wire Protocol Buffers ................... SUCCESS [  0.922 s]
[INFO] Converter: SimpleXML ............................... SUCCESS [  0.629 s]
[INFO] Converter: Java Scalars ............................ SUCCESS [  1.000 s]
[INFO] Converter: Moshi ................................... SUCCESS [  0.588 s]
[INFO] Retrofit Mock Adapter .............................. SUCCESS [  2.043 s]
[INFO] Samples ............................................ SUCCESS [  1.295 s]
[INFO] ------------------------------------------------------------------------
[INFO] BUILD SUCCESS
[INFO] ------------------------------------------------------------------------
[INFO] Total time: 38.418 s
[INFO] Finished at: 2015-12-22T06:08:48+00:00
[INFO] Final Memory: 41M/406M
[INFO] ------------------------------------------------------------------------
travis_time:end:1f381f26:start=1450764488147548666,finish=1450764529054043218,duration=40906494552[0Ktravis_fold:end:install[0Ktravis_time:start:2fabaf18[0K$ mvn test -B
Java HotSpot(TM) 64-Bit Server VM warning: ignoring option MaxPermSize=192m; support was removed in 8.0
[INFO] Scanning for projects...
[WARNING] 
[WARNING] Some problems were encountered while building the effective model for com.squareup.retrofit2:samples:jar:2.0.0-SNAPSHOT
[WARNING] 'build.plugins.plugin.version' for org.apache.maven.plugins:maven-deploy-plugin is missing. @ com.squareup.retrofit2:samples:[unknown-version], /home/travis/build/square/retrofit/samples/pom.xml, line 45, column 15
[WARNING] 
[WARNING] It is highly recommended to fix these problems because they threaten the stability of your build.
[WARNING] 
[WARNING] For this reason, future Maven versions might no longer support building such malformed projects.
[WARNING] 
[INFO] ------------------------------------------------------------------------
[INFO] Reactor Build Order:
[INFO] 
[INFO] Retrofit (Parent)
[INFO] Retrofit
[INFO] Adapters
[INFO] Adapter: RxJava
[INFO] Converters
[INFO] Converter: Gson
[INFO] Converter: Protocol Buffers
[INFO] Converter: Jackson
[INFO] Converter: Wire Protocol Buffers
[INFO] Converter: SimpleXML
[INFO] Converter: Java Scalars
[INFO] Converter: Moshi
[INFO] Retrofit Mock Adapter
[INFO] Samples
[INFO]                                                                         
[INFO] ------------------------------------------------------------------------
[INFO] Building Retrofit (Parent) 2.0.0-SNAPSHOT
[INFO] ------------------------------------------------------------------------
[INFO] 
[INFO] --- maven-enforcer-plugin:1.0:enforce (enforce-maven) @ parent ---
[INFO] 
[INFO] --- animal-sniffer-maven-plugin:1.14:check (default) @ parent ---
[INFO] Checking unresolved references to org.codehaus.mojo.signature:java16:1.1
[INFO]                                                                         
[INFO] ------------------------------------------------------------------------
[INFO] Building Retrofit 2.0.0-SNAPSHOT
[INFO] ------------------------------------------------------------------------
[INFO] 
[INFO] --- maven-enforcer-plugin:1.0:enforce (enforce-maven) @ retrofit ---
[INFO] 
[INFO] --- maven-resources-plugin:2.6:resources (default-resources) @ retrofit ---
[INFO] Using 'UTF-8' encoding to copy filtered resources.
[INFO] skip non existing resourceDirectory /home/travis/build/square/retrofit/retrofit/src/main/resources
[INFO] 
[INFO] --- maven-compiler-plugin:3.0:compile (default-compile) @ retrofit ---
[INFO] Changes detected - recompiling the module!
[INFO] Compiling 44 source files to /home/travis/build/square/retrofit/retrofit/target/classes
[WARNING] /home/travis/build/square/retrofit/retrofit/src/main/java/retrofit2/Retrofit.java: Some input files use unchecked or unsafe operations.
[WARNING] /home/travis/build/square/retrofit/retrofit/src/main/java/retrofit2/Retrofit.java: Recompile with -Xlint:unchecked for details.
[INFO] 
[INFO] --- maven-resources-plugin:2.6:testResources (default-testResources) @ retrofit ---
[INFO] Using 'UTF-8' encoding to copy filtered resources.
[INFO] skip non existing resourceDirectory /home/travis/build/square/retrofit/retrofit/src/test/resources
[INFO] 
[INFO] --- maven-compiler-plugin:3.0:testCompile (default-testCompile) @ retrofit ---
[INFO] Changes detected - recompiling the module!
[INFO] Compiling 8 source files to /home/travis/build/square/retrofit/retrofit/target/test-classes
[WARNING] /home/travis/build/square/retrofit/retrofit/src/test/java/retrofit2/RetrofitTest.java: /home/travis/build/square/retrofit/retrofit/src/test/java/retrofit2/RetrofitTest.java uses unchecked or unsafe operations.
[WARNING] /home/travis/build/square/retrofit/retrofit/src/test/java/retrofit2/RetrofitTest.java: Recompile with -Xlint:unchecked for details.
[INFO] 
[INFO] --- maven-surefire-plugin:2.12.4:test (default-test) @ retrofit ---
[INFO] Surefire report directory: /home/travis/build/square/retrofit/retrofit/target/surefire-reports

-------------------------------------------------------
 T E S T S
-------------------------------------------------------
Running retrofit2.CallTest
Dec 22, 2015 6:09:00 AM com.squareup.okhttp.mockwebserver.MockWebServer$3 execute
INFO: MockWebServer[41647] starting to accept connections
Dec 22, 2015 6:09:01 AM com.squareup.okhttp.mockwebserver.MockWebServer$3 acceptConnections
INFO: MockWebServer[41647] done accepting connections: Socket closed
Dec 22, 2015 6:09:01 AM com.squareup.okhttp.mockwebserver.MockWebServer$3 execute
INFO: MockWebServer[33172] starting to accept connections
Dec 22, 2015 6:09:01 AM com.squareup.okhttp.mockwebserver.MockWebServer$4 processOneRequest
INFO: MockWebServer[33172] received request: GET / HTTP/1.1 and responded: HTTP/1.1 200 OK
Dec 22, 2015 6:09:01 AM com.squareup.okhttp.mockwebserver.MockWebServer$3 acceptConnections
INFO: MockWebServer[33172] done accepting connections: Socket closed
Dec 22, 2015 6:09:01 AM com.squareup.okhttp.mockwebserver.MockWebServer$3 execute
INFO: MockWebServer[37052] starting to accept connections
Dec 22, 2015 6:09:01 AM com.squareup.okhttp.mockwebserver.MockWebServer$4 processOneRequest
INFO: MockWebServer[37052] received request: GET / HTTP/1.1 and responded: HTTP/1.1 404 OK
Dec 22, 2015 6:09:01 AM com.squareup.okhttp.mockwebserver.MockWebServer$3 acceptConnections
INFO: MockWebServer[37052] done accepting connections: Socket closed
Dec 22, 2015 6:09:01 AM com.squareup.okhttp.mockwebserver.MockWebServer$3 execute
INFO: MockWebServer[52676] starting to accept connections
Dec 22, 2015 6:09:01 AM com.squareup.okhttp.mockwebserver.MockWebServer$3 acceptConnections
INFO: MockWebServer[52676] done accepting connections: Socket closed
Dec 22, 2015 6:09:01 AM com.squareup.okhttp.mockwebserver.MockWebServer$3 execute
INFO: MockWebServer[33327] starting to accept connections
Dec 22, 2015 6:09:01 AM com.squareup.okhttp.mockwebserver.MockWebServer$3 acceptConnections
INFO: MockWebServer[33327] done accepting connections: Socket closed
Dec 22, 2015 6:09:01 AM com.squareup.okhttp.mockwebserver.MockWebServer$3 execute
INFO: MockWebServer[59215] starting to accept connections
Dec 22, 2015 6:09:01 AM com.squareup.okhttp.mockwebserver.MockWebServer$4 processOneRequest
INFO: MockWebServer[59215] received request: GET / HTTP/1.1 and responded: HTTP/1.1 200 OK
Dec 22, 2015 6:09:01 AM com.squareup.okhttp.mockwebserver.MockWebServer$3 acceptConnections
INFO: MockWebServer[59215] done accepting connections: Socket closed
Dec 22, 2015 6:09:01 AM com.squareup.okhttp.mockwebserver.MockWebServer$3 execute
INFO: MockWebServer[53442] starting to accept connections
Dec 22, 2015 6:09:01 AM com.squareup.okhttp.mockwebserver.MockWebServer$3 acceptConnections
INFO: MockWebServer[53442] done accepting connections: Socket closed
Dec 22, 2015 6:09:01 AM com.squareup.okhttp.mockwebserver.MockWebServer$4 processOneRequest
INFO: MockWebServer[53442] received request: GET / HTTP/1.1 and responded: HTTP/1.1 200 OK
Dec 22, 2015 6:09:01 AM com.squareup.okhttp.mockwebserver.MockWebServer$3 execute
INFO: MockWebServer[50673] starting to accept connections
Dec 22, 2015 6:09:01 AM com.squareup.okhttp.mockwebserver.MockWebServer$3 acceptConnections
INFO: MockWebServer[50673] done accepting connections: Socket is closed
Dec 22, 2015 6:09:01 AM com.squareup.okhttp.mockwebserver.MockWebServer$3 execute
INFO: MockWebServer[47778] starting to accept connections
Dec 22, 2015 6:09:01 AM com.squareup.okhttp.mockwebserver.MockWebServer$3 acceptConnections
INFO: MockWebServer[47778] done accepting connections: Socket closed
Dec 22, 2015 6:09:01 AM com.squareup.okhttp.mockwebserver.MockWebServer$4 processOneRequest
INFO: MockWebServer[47778] received request: GET / HTTP/1.1 and responded: HTTP/1.1 404 OK
Dec 22, 2015 6:09:01 AM com.squareup.okhttp.mockwebserver.MockWebServer$3 execute
INFO: MockWebServer[56643] starting to accept connections
Dec 22, 2015 6:09:01 AM com.squareup.okhttp.mockwebserver.MockWebServer$3 acceptConnections
INFO: MockWebServer[56643] done accepting connections: Socket closed
Dec 22, 2015 6:09:01 AM com.squareup.okhttp.mockwebserver.MockWebServer$4 processOneRequest
INFO: MockWebServer[56643] received request: POST / HTTP/1.1 and responded: HTTP/1.1 200 OK
Dec 22, 2015 6:09:01 AM com.squareup.okhttp.mockwebserver.MockWebServer$3 execute
INFO: MockWebServer[48663] starting to accept connections
Dec 22, 2015 6:09:01 AM com.squareup.okhttp.mockwebserver.MockWebServer$3 acceptConnections
INFO: MockWebServer[48663] done accepting connections: Socket closed
Dec 22, 2015 6:09:01 AM com.squareup.okhttp.mockwebserver.MockWebServer$4 processOneRequest
INFO: MockWebServer[48663] received request: GET / HTTP/1.1 and responded: HTTP/1.1 204 Nothin
Dec 22, 2015 6:09:01 AM com.squareup.okhttp.mockwebserver.MockWebServer$3 execute
INFO: MockWebServer[39958] starting to accept connections
Dec 22, 2015 6:09:01 AM com.squareup.okhttp.mockwebserver.MockWebServer$3 acceptConnections
INFO: MockWebServer[39958] done accepting connections: Socket closed
Dec 22, 2015 6:09:01 AM com.squareup.okhttp.mockwebserver.MockWebServer$4 processOneRequest
INFO: MockWebServer[39958] received request: GET / HTTP/1.1 and responded: HTTP/1.1 200 OK
Dec 22, 2015 6:09:01 AM com.squareup.okhttp.mockwebserver.MockWebServer$3 execute
INFO: MockWebServer[53587] starting to accept connections
Dec 22, 2015 6:09:01 AM com.squareup.okhttp.mockwebserver.MockWebServer$3 acceptConnections
INFO: MockWebServer[53587] done accepting connections: Socket closed
Dec 22, 2015 6:09:01 AM com.squareup.okhttp.mockwebserver.MockWebServer$4 processOneRequest
INFO: MockWebServer[53587] received request: GET / HTTP/1.1 and responded: HTTP/1.1 200 OK
Dec 22, 2015 6:09:01 AM com.squareup.okhttp.mockwebserver.MockWebServer$3 execute
INFO: MockWebServer[49923] starting to accept connections
Dec 22, 2015 6:09:01 AM com.squareup.okhttp.mockwebserver.MockWebServer$3 acceptConnections
INFO: MockWebServer[49923] done accepting connections: Socket closed
Dec 22, 2015 6:09:01 AM com.squareup.okhttp.mockwebserver.MockWebServer$4 processOneRequest
INFO: MockWebServer[49923] received request: POST / HTTP/1.1 and responded: HTTP/1.1 200 OK
Dec 22, 2015 6:09:01 AM com.squareup.okhttp.mockwebserver.MockWebServer$3 execute
INFO: MockWebServer[40471] starting to accept connections
Dec 22, 2015 6:09:01 AM com.squareup.okhttp.mockwebserver.MockWebServer$3 acceptConnections
INFO: MockWebServer[40471] done accepting connections: Socket is closed
Dec 22, 2015 6:09:01 AM com.squareup.okhttp.mockwebserver.MockWebServer$3 execute
INFO: MockWebServer[44799] starting to accept connections
Dec 22, 2015 6:09:01 AM com.squareup.okhttp.mockwebserver.MockWebServer$3 acceptConnections
INFO: MockWebServer[44799] done accepting connections: Socket closed
Dec 22, 2015 6:09:01 AM com.squareup.okhttp.mockwebserver.MockWebServer$4 processOneRequest
INFO: MockWebServer[44799] received request: GET / HTTP/1.1 and responded: HTTP/1.1 200 OK
Dec 22, 2015 6:09:01 AM com.squareup.okhttp.mockwebserver.MockWebServer$3 execute
INFO: MockWebServer[45302] starting to accept connections
Dec 22, 2015 6:09:02 AM com.squareup.okhttp.mockwebserver.MockWebServer$3 acceptConnections
INFO: MockWebServer[45302] done accepting connections: Socket closed
Dec 22, 2015 6:09:02 AM com.squareup.okhttp.mockwebserver.MockWebServer$4 processOneRequest
INFO: MockWebServer[45302] received request: GET / HTTP/1.1 and responded: HTTP/1.1 200 OK
Dec 22, 2015 6:09:02 AM com.squareup.okhttp.mockwebserver.MockWebServer$3 execute
INFO: MockWebServer[36431] starting to accept connections
Dec 22, 2015 6:09:02 AM com.squareup.okhttp.mockwebserver.MockWebServer$4 processOneRequest
INFO: MockWebServer[36431] received request: GET / HTTP/1.1 and responded: HTTP/1.1 205 Nothin
Dec 22, 2015 6:09:02 AM com.squareup.okhttp.mockwebserver.MockWebServer$3 acceptConnections
INFO: MockWebServer[36431] done accepting connections: Socket closed
Dec 22, 2015 6:09:02 AM com.squareup.okhttp.mockwebserver.MockWebServer$3 execute
INFO: MockWebServer[43253] starting to accept connections
Dec 22, 2015 6:09:02 AM com.squareup.okhttp.mockwebserver.MockWebServer$4 processOneRequest
INFO: MockWebServer[43253] received request: GET / HTTP/1.1 and responded: HTTP/1.1 200 OK
Dec 22, 2015 6:09:02 AM com.squareup.okhttp.mockwebserver.MockWebServer$4 processOneRequest
INFO: MockWebServer[43253] received request: GET / HTTP/1.1 and responded: HTTP/1.1 200 OK
Dec 22, 2015 6:09:02 AM com.squareup.okhttp.mockwebserver.MockWebServer$3 acceptConnections
INFO: MockWebServer[43253] done accepting connections: Socket closed
Dec 22, 2015 6:09:02 AM com.squareup.okhttp.mockwebserver.MockWebServer$3 execute
INFO: MockWebServer[53473] starting to accept connections
Dec 22, 2015 6:09:02 AM com.squareup.okhttp.mockwebserver.MockWebServer$3 acceptConnections
INFO: MockWebServer[53473] done accepting connections: Socket closed
Dec 22, 2015 6:09:02 AM com.squareup.okhttp.mockwebserver.MockWebServer$4 processOneRequest
INFO: MockWebServer[53473] received request: GET / HTTP/1.1 and responded: HTTP/1.1 200 OK
Dec 22, 2015 6:09:02 AM com.squareup.okhttp.mockwebserver.MockWebServer$3 execute
INFO: MockWebServer[47634] starting to accept connections
Dec 22, 2015 6:09:02 AM com.squareup.okhttp.mockwebserver.MockWebServer$3 acceptConnections
INFO: MockWebServer[47634] done accepting connections: Socket is closed
Dec 22, 2015 6:09:02 AM com.squareup.okhttp.mockwebserver.MockWebServer$3 execute
INFO: MockWebServer[43556] starting to accept connections
Dec 22, 2015 6:09:02 AM com.squareup.okhttp.mockwebserver.MockWebServer$3 acceptConnections
INFO: MockWebServer[43556] done accepting connections: Socket closed
Dec 22, 2015 6:09:02 AM com.squareup.okhttp.mockwebserver.MockWebServer$3 execute
INFO: MockWebServer[54792] starting to accept connections
Dec 22, 2015 6:09:02 AM com.squareup.okhttp.mockwebserver.MockWebServer$3 acceptConnections
INFO: MockWebServer[54792] done accepting connections: Socket closed
Dec 22, 2015 6:09:02 AM com.squareup.okhttp.mockwebserver.MockWebServer$3 execute
INFO: MockWebServer[36115] starting to accept connections
Dec 22, 2015 6:09:02 AM com.squareup.okhttp.mockwebserver.MockWebServer$3 acceptConnections
INFO: MockWebServer[36115] done accepting connections: Socket closed
Dec 22, 2015 6:09:02 AM com.squareup.okhttp.mockwebserver.MockWebServer$4 processOneRequest
INFO: MockWebServer[36115] received request: GET / HTTP/1.1 and responded: HTTP/1.1 200 OK
Dec 22, 2015 6:09:02 AM com.squareup.okhttp.mockwebserver.MockWebServer$3 execute
INFO: MockWebServer[36079] starting to accept connections
Dec 22, 2015 6:09:02 AM com.squareup.okhttp.mockwebserver.MockWebServer$4 processOneRequest
INFO: MockWebServer[36079] received request: GET / HTTP/1.1 and responded: HTTP/1.1 200 OK
Dec 22, 2015 6:09:02 AM com.squareup.okhttp.mockwebserver.MockWebServer$3 acceptConnections
INFO: MockWebServer[36079] done accepting connections: Socket closed
Dec 22, 2015 6:09:02 AM com.squareup.okhttp.mockwebserver.MockWebServer$3 execute
INFO: MockWebServer[33951] starting to accept connections
Dec 22, 2015 6:09:02 AM com.squareup.okhttp.mockwebserver.MockWebServer$3 acceptConnections
INFO: MockWebServer[33951] done accepting connections: Socket closed
Dec 22, 2015 6:09:02 AM com.squareup.okhttp.mockwebserver.MockWebServer$4 processOneRequest
INFO: MockWebServer[33951] received request: GET / HTTP/1.1 and responded: HTTP/1.1 200 OK
Tests run: 26, Failures: 0, Errors: 0, Skipped: 0, Time elapsed: 1.767 sec
Running retrofit2.RequestBuilderTest
Tests run: 101, Failures: 0, Errors: 0, Skipped: 2, Time elapsed: 0.337 sec
Running retrofit2.ExecutorCallAdapterFactoryTest
Tests run: 8, Failures: 0, Errors: 0, Skipped: 0, Time elapsed: 0.087 sec
Running retrofit2.ResponseTest
Tests run: 12, Failures: 0, Errors: 0, Skipped: 0, Time elapsed: 0.005 sec
Running retrofit2.RequestFactoryParserTest
Tests run: 1, Failures: 0, Errors: 0, Skipped: 0, Time elapsed: 0.004 sec
Running retrofit2.RetrofitTest
Dec 22, 2015 6:09:02 AM com.squareup.okhttp.mockwebserver.MockWebServer$3 execute
INFO: MockWebServer[55862] starting to accept connections
Dec 22, 2015 6:09:02 AM com.squareup.okhttp.mockwebserver.MockWebServer$3 acceptConnections
INFO: MockWebServer[55862] done accepting connections: Socket closed
Dec 22, 2015 6:09:02 AM com.squareup.okhttp.mockwebserver.MockWebServer$3 execute
INFO: MockWebServer[50391] starting to accept connections
Dec 22, 2015 6:09:02 AM com.squareup.okhttp.mockwebserver.MockWebServer$3 acceptConnections
INFO: MockWebServer[50391] done accepting connections: Socket closed
Dec 22, 2015 6:09:02 AM com.squareup.okhttp.mockwebserver.MockWebServer$3 execute
INFO: MockWebServer[33658] starting to accept connections
Dec 22, 2015 6:09:02 AM com.squareup.okhttp.mockwebserver.MockWebServer$3 acceptConnections
INFO: MockWebServer[33658] done accepting connections: Socket is closed
Dec 22, 2015 6:09:02 AM com.squareup.okhttp.mockwebserver.MockWebServer$3 execute
INFO: MockWebServer[54917] starting to accept connections
Dec 22, 2015 6:09:02 AM com.squareup.okhttp.mockwebserver.MockWebServer$3 acceptConnections
INFO: MockWebServer[54917] done accepting connections: Socket is closed
Dec 22, 2015 6:09:02 AM com.squareup.okhttp.mockwebserver.MockWebServer$3 execute
INFO: MockWebServer[42967] starting to accept connections
Dec 22, 2015 6:09:02 AM com.squareup.okhttp.mockwebserver.MockWebServer$3 acceptConnections
INFO: MockWebServer[42967] done accepting connections: Socket is closed
Dec 22, 2015 6:09:02 AM com.squareup.okhttp.mockwebserver.MockWebServer$3 execute
INFO: MockWebServer[37950] starting to accept connections
Dec 22, 2015 6:09:02 AM com.squareup.okhttp.mockwebserver.MockWebServer$3 acceptConnections
INFO: MockWebServer[37950] done accepting connections: Socket is closed
Dec 22, 2015 6:09:02 AM com.squareup.okhttp.mockwebserver.MockWebServer$3 execute
INFO: MockWebServer[37786] starting to accept connections
Dec 22, 2015 6:09:02 AM com.squareup.okhttp.mockwebserver.MockWebServer$3 acceptConnections
INFO: MockWebServer[37786] done accepting connections: Socket is closed
Dec 22, 2015 6:09:03 AM com.squareup.okhttp.mockwebserver.MockWebServer$3 execute
INFO: MockWebServer[34620] starting to accept connections
Dec 22, 2015 6:09:03 AM com.squareup.okhttp.mockwebserver.MockWebServer$3 acceptConnections
INFO: MockWebServer[34620] done accepting connections: Socket is closed
Dec 22, 2015 6:09:03 AM com.squareup.okhttp.mockwebserver.MockWebServer$3 execute
INFO: MockWebServer[43928] starting to accept connections
Dec 22, 2015 6:09:03 AM com.squareup.okhttp.mockwebserver.MockWebServer$3 acceptConnections
INFO: MockWebServer[43928] done accepting connections: Socket is closed
Dec 22, 2015 6:09:03 AM com.squareup.okhttp.mockwebserver.MockWebServer$3 execute
INFO: MockWebServer[44145] starting to accept connections
Dec 22, 2015 6:09:03 AM com.squareup.okhttp.mockwebserver.MockWebServer$3 acceptConnections
INFO: MockWebServer[44145] done accepting connections: Socket is closed
Dec 22, 2015 6:09:03 AM com.squareup.okhttp.mockwebserver.MockWebServer$3 execute
INFO: MockWebServer[59242] starting to accept connections
Dec 22, 2015 6:09:03 AM com.squareup.okhttp.mockwebserver.MockWebServer$3 acceptConnections
INFO: MockWebServer[59242] done accepting connections: Socket is closed
Dec 22, 2015 6:09:03 AM com.squareup.okhttp.mockwebserver.MockWebServer$3 execute
INFO: MockWebServer[47559] starting to accept connections
Dec 22, 2015 6:09:03 AM com.squareup.okhttp.mockwebserver.MockWebServer$3 acceptConnections
INFO: MockWebServer[47559] done accepting connections: Socket closed
Dec 22, 2015 6:09:03 AM com.squareup.okhttp.mockwebserver.MockWebServer$3 execute
INFO: MockWebServer[60199] starting to accept connections
Dec 22, 2015 6:09:03 AM com.squareup.okhttp.mockwebserver.MockWebServer$3 acceptConnections
INFO: MockWebServer[60199] done accepting connections: Socket closed
Dec 22, 2015 6:09:03 AM com.squareup.okhttp.mockwebserver.MockWebServer$3 execute
INFO: MockWebServer[42515] starting to accept connections
Dec 22, 2015 6:09:03 AM com.squareup.okhttp.mockwebserver.MockWebServer$4 processOneRequest
INFO: MockWebServer[42515] received request: GET / HTTP/1.1 and responded: HTTP/1.1 200 OK
Dec 22, 2015 6:09:03 AM com.squareup.okhttp.mockwebserver.MockWebServer$3 acceptConnections
INFO: MockWebServer[42515] done accepting connections: Socket closed
Dec 22, 2015 6:09:03 AM com.squareup.okhttp.mockwebserver.MockWebServer$3 execute
INFO: MockWebServer[34421] starting to accept connections
Dec 22, 2015 6:09:03 AM com.squareup.okhttp.mockwebserver.MockWebServer$3 acceptConnections
INFO: MockWebServer[34421] done accepting connections: Socket is closed
Dec 22, 2015 6:09:03 AM com.squareup.okhttp.mockwebserver.MockWebServer$3 execute
INFO: MockWebServer[39611] starting to accept connections
Dec 22, 2015 6:09:03 AM com.squareup.okhttp.mockwebserver.MockWebServer$3 acceptConnections
INFO: MockWebServer[39611] done accepting connections: Socket closed
Dec 22, 2015 6:09:03 AM com.squareup.okhttp.mockwebserver.MockWebServer$3 execute
INFO: MockWebServer[38049] starting to accept connections
Dec 22, 2015 6:09:03 AM com.squareup.okhttp.mockwebserver.MockWebServer$3 acceptConnections
INFO: MockWebServer[38049] done accepting connections: Socket closed
Dec 22, 2015 6:09:03 AM com.squareup.okhttp.mockwebserver.MockWebServer$4 processOneRequest
INFO: MockWebServer[38049] received request: GET / HTTP/1.1 and responded: HTTP/1.1 200 OK
Dec 22, 2015 6:09:03 AM com.squareup.okhttp.mockwebserver.MockWebServer$3 execute
INFO: MockWebServer[50136] starting to accept connections
Dec 22, 2015 6:09:03 AM com.squareup.okhttp.mockwebserver.MockWebServer$3 acceptConnections
INFO: MockWebServer[50136] done accepting connections: Socket is closed
Dec 22, 2015 6:09:03 AM com.squareup.okhttp.mockwebserver.MockWebServer$3 execute
INFO: MockWebServer[41902] starting to accept connections
Dec 22, 2015 6:09:03 AM com.squareup.okhttp.mockwebserver.MockWebServer$3 acceptConnections
INFO: MockWebServer[41902] done accepting connections: Socket closed
Dec 22, 2015 6:09:03 AM com.squareup.okhttp.mockwebserver.MockWebServer$4 processOneRequest
INFO: MockWebServer[41902] received request: POST / HTTP/1.1 and responded: HTTP/1.1 200 OK
Dec 22, 2015 6:09:03 AM com.squareup.okhttp.mockwebserver.MockWebServer$3 execute
INFO: MockWebServer[60301] starting to accept connections
Dec 22, 2015 6:09:03 AM com.squareup.okhttp.mockwebserver.MockWebServer$3 acceptConnections
INFO: MockWebServer[60301] done accepting connections: Socket is closed
Dec 22, 2015 6:09:03 AM com.squareup.okhttp.mockwebserver.MockWebServer$3 execute
INFO: MockWebServer[47542] starting to accept connections
Dec 22, 2015 6:09:03 AM com.squareup.okhttp.mockwebserver.MockWebServer$3 acceptConnections
INFO: MockWebServer[47542] done accepting connections: Socket is closed
Dec 22, 2015 6:09:03 AM com.squareup.okhttp.mockwebserver.MockWebServer$3 execute
INFO: MockWebServer[38101] starting to accept connections
Dec 22, 2015 6:09:03 AM com.squareup.okhttp.mockwebserver.MockWebServer$3 acceptConnections
INFO: MockWebServer[38101] done accepting connections: Socket is closed
Dec 22, 2015 6:09:03 AM com.squareup.okhttp.mockwebserver.MockWebServer$3 execute
INFO: MockWebServer[49132] starting to accept connections
Dec 22, 2015 6:09:03 AM com.squareup.okhttp.mockwebserver.MockWebServer$3 acceptConnections
INFO: MockWebServer[49132] done accepting connections: Socket closed
Dec 22, 2015 6:09:03 AM com.squareup.okhttp.mockwebserver.MockWebServer$3 execute
INFO: MockWebServer[39521] starting to accept connections
Dec 22, 2015 6:09:03 AM com.squareup.okhttp.mockwebserver.MockWebServer$3 acceptConnections
INFO: MockWebServer[39521] done accepting connections: Socket is closed
Dec 22, 2015 6:09:03 AM com.squareup.okhttp.mockwebserver.MockWebServer$3 execute
INFO: MockWebServer[39753] starting to accept connections
Dec 22, 2015 6:09:03 AM com.squareup.okhttp.mockwebserver.MockWebServer$3 acceptConnections
INFO: MockWebServer[39753] done accepting connections: Socket is closed
Dec 22, 2015 6:09:03 AM com.squareup.okhttp.mockwebserver.MockWebServer$3 execute
INFO: MockWebServer[45277] starting to accept connections
Dec 22, 2015 6:09:03 AM com.squareup.okhttp.mockwebserver.MockWebServer$3 acceptConnections
INFO: MockWebServer[45277] done accepting connections: Socket closed
Dec 22, 2015 6:09:03 AM com.squareup.okhttp.mockwebserver.MockWebServer$4 processOneRequest
INFO: MockWebServer[45277] received request: GET / HTTP/1.1 and responded: HTTP/1.1 200 OK
Dec 22, 2015 6:09:03 AM com.squareup.okhttp.mockwebserver.MockWebServer$3 execute
INFO: MockWebServer[41381] starting to accept connections
Dec 22, 2015 6:09:03 AM com.squareup.okhttp.mockwebserver.MockWebServer$3 acceptConnections
INFO: MockWebServer[41381] done accepting connections: Socket closed
Dec 22, 2015 6:09:03 AM com.squareup.okhttp.mockwebserver.MockWebServer$3 execute
INFO: MockWebServer[33840] starting to accept connections
Dec 22, 2015 6:09:03 AM com.squareup.okhttp.mockwebserver.MockWebServer$3 acceptConnections
INFO: MockWebServer[33840] done accepting connections: Socket is closed
Dec 22, 2015 6:09:03 AM com.squareup.okhttp.mockwebserver.MockWebServer$3 execute
INFO: MockWebServer[53763] starting to accept connections
Dec 22, 2015 6:09:03 AM com.squareup.okhttp.mockwebserver.MockWebServer$3 acceptConnections
INFO: MockWebServer[53763] done accepting connections: Socket is closed
Dec 22, 2015 6:09:03 AM com.squareup.okhttp.mockwebserver.MockWebServer$3 execute
INFO: MockWebServer[60432] starting to accept connections
Dec 22, 2015 6:09:03 AM com.squareup.okhttp.mockwebserver.MockWebServer$3 acceptConnections
INFO: MockWebServer[60432] done accepting connections: Socket is closed
Dec 22, 2015 6:09:03 AM com.squareup.okhttp.mockwebserver.MockWebServer$3 execute
INFO: MockWebServer[39774] starting to accept connections
Dec 22, 2015 6:09:03 AM com.squareup.okhttp.mockwebserver.MockWebServer$3 acceptConnections
INFO: MockWebServer[39774] done accepting connections: Socket is closed
Dec 22, 2015 6:09:03 AM com.squareup.okhttp.mockwebserver.MockWebServer$3 execute
INFO: MockWebServer[52969] starting to accept connections
Dec 22, 2015 6:09:03 AM com.squareup.okhttp.mockwebserver.MockWebServer$3 acceptConnections
INFO: MockWebServer[52969] done accepting connections: Socket is closed
Dec 22, 2015 6:09:03 AM com.squareup.okhttp.mockwebserver.MockWebServer$3 execute
INFO: MockWebServer[34868] starting to accept connections
Dec 22, 2015 6:09:03 AM com.squareup.okhttp.mockwebserver.MockWebServer$3 acceptConnections
INFO: MockWebServer[34868] done accepting connections: Socket is closed
Dec 22, 2015 6:09:03 AM com.squareup.okhttp.mockwebserver.MockWebServer$3 execute
INFO: MockWebServer[51752] starting to accept connections
Dec 22, 2015 6:09:03 AM com.squareup.okhttp.mockwebserver.MockWebServer$3 acceptConnections
INFO: MockWebServer[51752] done accepting connections: Socket is closed
Dec 22, 2015 6:09:03 AM com.squareup.okhttp.mockwebserver.MockWebServer$3 execute
INFO: MockWebServer[52284] starting to accept connections
Dec 22, 2015 6:09:03 AM com.squareup.okhttp.mockwebserver.MockWebServer$3 acceptConnections
INFO: MockWebServer[52284] done accepting connections: Socket is closed
Dec 22, 2015 6:09:03 AM com.squareup.okhttp.mockwebserver.MockWebServer$3 execute
INFO: MockWebServer[34791] starting to accept connections
Dec 22, 2015 6:09:03 AM com.squareup.okhttp.mockwebserver.MockWebServer$3 acceptConnections
INFO: MockWebServer[34791] done accepting connections: Socket is closed
Dec 22, 2015 6:09:03 AM com.squareup.okhttp.mockwebserver.MockWebServer$3 execute
INFO: MockWebServer[51809] starting to accept connections
Dec 22, 2015 6:09:03 AM com.squareup.okhttp.mockwebserver.MockWebServer$3 acceptConnections
INFO: MockWebServer[51809] done accepting connections: Socket closed
Dec 22, 2015 6:09:03 AM com.squareup.okhttp.mockwebserver.MockWebServer$3 execute
INFO: MockWebServer[40478] starting to accept connections
Dec 22, 2015 6:09:03 AM com.squareup.okhttp.mockwebserver.MockWebServer$3 acceptConnections
INFO: MockWebServer[40478] done accepting connections: Socket closed
Dec 22, 2015 6:09:03 AM com.squareup.okhttp.mockwebserver.MockWebServer$3 execute
INFO: MockWebServer[58244] starting to accept connections
Dec 22, 2015 6:09:03 AM com.squareup.okhttp.mockwebserver.MockWebServer$3 acceptConnections
INFO: MockWebServer[58244] done accepting connections: Socket closed
Dec 22, 2015 6:09:03 AM com.squareup.okhttp.mockwebserver.MockWebServer$3 execute
INFO: MockWebServer[45174] starting to accept connections
Dec 22, 2015 6:09:03 AM com.squareup.okhttp.mockwebserver.MockWebServer$3 acceptConnections
INFO: MockWebServer[45174] done accepting connections: Socket is closed
Dec 22, 2015 6:09:03 AM com.squareup.okhttp.mockwebserver.MockWebServer$3 execute
INFO: MockWebServer[51977] starting to accept connections
Dec 22, 2015 6:09:03 AM com.squareup.okhttp.mockwebserver.MockWebServer$3 acceptConnections
INFO: MockWebServer[51977] done accepting connections: Socket is closed
Dec 22, 2015 6:09:03 AM com.squareup.okhttp.mockwebserver.MockWebServer$3 execute
INFO: MockWebServer[48594] starting to accept connections
Dec 22, 2015 6:09:03 AM com.squareup.okhttp.mockwebserver.MockWebServer$3 acceptConnections
INFO: MockWebServer[48594] done accepting connections: Socket is closed
Dec 22, 2015 6:09:03 AM com.squareup.okhttp.mockwebserver.MockWebServer$3 execute
INFO: MockWebServer[51088] starting to accept connections
Dec 22, 2015 6:09:03 AM com.squareup.okhttp.mockwebserver.MockWebServer$3 acceptConnections
INFO: MockWebServer[51088] done accepting connections: Socket is closed
Dec 22, 2015 6:09:03 AM com.squareup.okhttp.mockwebserver.MockWebServer$3 execute
INFO: MockWebServer[57936] starting to accept connections
Dec 22, 2015 6:09:03 AM com.squareup.okhttp.mockwebserver.MockWebServer$3 acceptConnections
INFO: MockWebServer[57936] done accepting connections: Socket closed
Dec 22, 2015 6:09:03 AM com.squareup.okhttp.mockwebserver.MockWebServer$3 execute
INFO: MockWebServer[32844] starting to accept connections
Dec 22, 2015 6:09:03 AM com.squareup.okhttp.mockwebserver.MockWebServer$3 acceptConnections
INFO: MockWebServer[32844] done accepting connections: Socket is closed
Dec 22, 2015 6:09:03 AM com.squareup.okhttp.mockwebserver.MockWebServer$3 execute
INFO: MockWebServer[60711] starting to accept connections
Dec 22, 2015 6:09:03 AM com.squareup.okhttp.mockwebserver.MockWebServer$3 acceptConnections
INFO: MockWebServer[60711] done accepting connections: Socket is closed
Dec 22, 2015 6:09:03 AM com.squareup.okhttp.mockwebserver.MockWebServer$3 execute
INFO: MockWebServer[36317] starting to accept connections
Dec 22, 2015 6:09:03 AM com.squareup.okhttp.mockwebserver.MockWebServer$3 acceptConnections
INFO: MockWebServer[36317] done accepting connections: Socket is closed
Dec 22, 2015 6:09:03 AM com.squareup.okhttp.mockwebserver.MockWebServer$3 execute
INFO: MockWebServer[41017] starting to accept connections
Dec 22, 2015 6:09:03 AM com.squareup.okhttp.mockwebserver.MockWebServer$3 acceptConnections
INFO: MockWebServer[41017] done accepting connections: Socket is closed
Dec 22, 2015 6:09:03 AM com.squareup.okhttp.mockwebserver.MockWebServer$3 execute
INFO: MockWebServer[42027] starting to accept connections
Dec 22, 2015 6:09:03 AM com.squareup.okhttp.mockwebserver.MockWebServer$3 acceptConnections
INFO: MockWebServer[42027] done accepting connections: Socket is closed
Dec 22, 2015 6:09:03 AM com.squareup.okhttp.mockwebserver.MockWebServer$3 execute
INFO: MockWebServer[46255] starting to accept connections
Dec 22, 2015 6:09:03 AM com.squareup.okhttp.mockwebserver.MockWebServer$3 acceptConnections
INFO: MockWebServer[46255] done accepting connections: Socket is closed
Dec 22, 2015 6:09:03 AM com.squareup.okhttp.mockwebserver.MockWebServer$3 execute
INFO: MockWebServer[48470] starting to accept connections
Dec 22, 2015 6:09:03 AM com.squareup.okhttp.mockwebserver.MockWebServer$3 acceptConnections
INFO: MockWebServer[48470] done accepting connections: Socket is closed
Dec 22, 2015 6:09:03 AM com.squareup.okhttp.mockwebserver.MockWebServer$3 execute
INFO: MockWebServer[48493] starting to accept connections
Dec 22, 2015 6:09:03 AM com.squareup.okhttp.mockwebserver.MockWebServer$3 acceptConnections
INFO: MockWebServer[48493] done accepting connections: Socket closed
Dec 22, 2015 6:09:03 AM com.squareup.okhttp.mockwebserver.MockWebServer$3 execute
INFO: MockWebServer[42619] starting to accept connections
Dec 22, 2015 6:09:03 AM com.squareup.okhttp.mockwebserver.MockWebServer$3 acceptConnections
INFO: MockWebServer[42619] done accepting connections: Socket closed
Dec 22, 2015 6:09:03 AM com.squareup.okhttp.mockwebserver.MockWebServer$3 execute
INFO: MockWebServer[50194] starting to accept connections
Dec 22, 2015 6:09:03 AM com.squareup.okhttp.mockwebserver.MockWebServer$3 acceptConnections
INFO: MockWebServer[50194] done accepting connections: Socket closed
Dec 22, 2015 6:09:03 AM com.squareup.okhttp.mockwebserver.MockWebServer$3 execute
INFO: MockWebServer[46737] starting to accept connections
Dec 22, 2015 6:09:03 AM com.squareup.okhttp.mockwebserver.MockWebServer$3 acceptConnections
INFO: MockWebServer[46737] done accepting connections: Socket closed
Dec 22, 2015 6:09:03 AM com.squareup.okhttp.mockwebserver.MockWebServer$3 execute
INFO: MockWebServer[50922] starting to accept connections
Dec 22, 2015 6:09:03 AM com.squareup.okhttp.mockwebserver.MockWebServer$3 acceptConnections
INFO: MockWebServer[50922] done accepting connections: Socket is closed
Dec 22, 2015 6:09:03 AM com.squareup.okhttp.mockwebserver.MockWebServer$3 execute
INFO: MockWebServer[52413] starting to accept connections
Dec 22, 2015 6:09:03 AM com.squareup.okhttp.mockwebserver.MockWebServer$3 acceptConnections
INFO: MockWebServer[52413] done accepting connections: Socket is closed
Dec 22, 2015 6:09:03 AM com.squareup.okhttp.mockwebserver.MockWebServer$3 execute
INFO: MockWebServer[57896] starting to accept connections
Dec 22, 2015 6:09:03 AM com.squareup.okhttp.mockwebserver.MockWebServer$3 acceptConnections
INFO: MockWebServer[57896] done accepting connections: Socket is closed
Dec 22, 2015 6:09:03 AM com.squareup.okhttp.mockwebserver.MockWebServer$3 execute
INFO: MockWebServer[48679] starting to accept connections
Dec 22, 2015 6:09:03 AM com.squareup.okhttp.mockwebserver.MockWebServer$3 acceptConnections
INFO: MockWebServer[48679] done accepting connections: Socket is closed
Tests run: 59, Failures: 2, Errors: 0, Skipped: 0, Time elapsed: 1.022 sec <<< FAILURE!
callbackExecutorNullThrows(retrofit2.RetrofitTest)  Time elapsed: 0.029 sec  <<< FAILURE!
java.lang.AssertionError: 
Expecting message:
 <"callbackExecutor == null">
but was:
 <"executor == null">
	at retrofit2.RetrofitTest.callbackExecutorNullThrows(RetrofitTest.java:1057)
	at sun.reflect.NativeMethodAccessorImpl.invoke0(Native Method)
	at sun.reflect.NativeMethodAccessorImpl.invoke(NativeMethodAccessorImpl.java:62)
	at sun.reflect.DelegatingMethodAccessorImpl.invoke(DelegatingMethodAccessorImpl.java:43)
	at java.lang.reflect.Method.invoke(Method.java:483)
	at org.junit.runners.model.FrameworkMethod$1.runReflectiveCall(FrameworkMethod.java:50)
	at org.junit.internal.runners.model.ReflectiveCallable.run(ReflectiveCallable.java:12)
	at org.junit.runners.model.FrameworkMethod.invokeExplosively(FrameworkMethod.java:47)
	at org.junit.internal.runners.statements.InvokeMethod.evaluate(InvokeMethod.java:17)
	at com.squareup.okhttp.mockwebserver.MockWebServer$2.evaluate(MockWebServer.java:148)
	at org.junit.rules.RunRules.evaluate(RunRules.java:20)
	at org.junit.runners.ParentRunner.runLeaf(ParentRunner.java:325)
	at org.junit.runners.BlockJUnit4ClassRunner.runChild(BlockJUnit4ClassRunner.java:78)
	at org.junit.runners.BlockJUnit4ClassRunner.runChild(BlockJUnit4ClassRunner.java:57)
	at org.junit.runners.ParentRunner$3.run(ParentRunner.java:290)
	at org.junit.runners.ParentRunner$1.schedule(ParentRunner.java:71)
	at org.junit.runners.ParentRunner.runChildren(ParentRunner.java:288)
	at org.junit.runners.ParentRunner.access$000(ParentRunner.java:58)
	at org.junit.runners.ParentRunner$2.evaluate(ParentRunner.java:268)
	at org.junit.runners.ParentRunner.run(ParentRunner.java:363)
	at org.apache.maven.surefire.junit4.JUnit4Provider.execute(JUnit4Provider.java:252)
	at org.apache.maven.surefire.junit4.JUnit4Provider.executeTestSet(JUnit4Provider.java:141)
	at org.apache.maven.surefire.junit4.JUnit4Provider.invoke(JUnit4Provider.java:112)
	at sun.reflect.NativeMethodAccessorImpl.invoke0(Native Method)
	at sun.reflect.NativeMethodAccessorImpl.invoke(NativeMethodAccessorImpl.java:62)
	at sun.reflect.DelegatingMethodAccessorImpl.invoke(DelegatingMethodAccessorImpl.java:43)
	at java.lang.reflect.Method.invoke(Method.java:483)
	at org.apache.maven.surefire.util.ReflectionUtils.invokeMethodWithArray(ReflectionUtils.java:189)
	at org.apache.maven.surefire.booter.ProviderFactory$ProviderProxy.invoke(ProviderFactory.java:165)
	at org.apache.maven.surefire.booter.ProviderFactory.invokeProvider(ProviderFactory.java:85)
	at org.apache.maven.surefire.booter.ForkedBooter.runSuitesInProcess(ForkedBooter.java:115)
	at org.apache.maven.surefire.booter.ForkedBooter.main(ForkedBooter.java:75)

converterNullThrows(retrofit2.RetrofitTest)  Time elapsed: 0.002 sec  <<< FAILURE!
java.lang.AssertionError: 
Expecting message:
 <"converterFactory == null">
but was:
 <"factory == null">
	at retrofit2.RetrofitTest.converterNullThrows(RetrofitTest.java:744)
	at sun.reflect.NativeMethodAccessorImpl.invoke0(Native Method)
	at sun.reflect.NativeMethodAccessorImpl.invoke(NativeMethodAccessorImpl.java:62)
	at sun.reflect.DelegatingMethodAccessorImpl.invoke(DelegatingMethodAccessorImpl.java:43)
	at java.lang.reflect.Method.invoke(Method.java:483)
	at org.junit.runners.model.FrameworkMethod$1.runReflectiveCall(FrameworkMethod.java:50)
	at org.junit.internal.runners.model.ReflectiveCallable.run(ReflectiveCallable.java:12)
	at org.junit.runners.model.FrameworkMethod.invokeExplosively(FrameworkMethod.java:47)
	at org.junit.internal.runners.statements.InvokeMethod.evaluate(InvokeMethod.java:17)
	at com.squareup.okhttp.mockwebserver.MockWebServer$2.evaluate(MockWebServer.java:148)
	at org.junit.rules.RunRules.evaluate(RunRules.java:20)
	at org.junit.runners.ParentRunner.runLeaf(ParentRunner.java:325)
	at org.junit.runners.BlockJUnit4ClassRunner.runChild(BlockJUnit4ClassRunner.java:78)
	at org.junit.runners.BlockJUnit4ClassRunner.runChild(BlockJUnit4ClassRunner.java:57)
	at org.junit.runners.ParentRunner$3.run(ParentRunner.java:290)
	at org.junit.runners.ParentRunner$1.schedule(ParentRunner.java:71)
	at org.junit.runners.ParentRunner.runChildren(ParentRunner.java:288)
	at org.junit.runners.ParentRunner.access$000(ParentRunner.java:58)
	at org.junit.runners.ParentRunner$2.evaluate(ParentRunner.java:268)
	at org.junit.runners.ParentRunner.run(ParentRunner.java:363)
	at org.apache.maven.surefire.junit4.JUnit4Provider.execute(JUnit4Provider.java:252)
	at org.apache.maven.surefire.junit4.JUnit4Provider.executeTestSet(JUnit4Provider.java:141)
	at org.apache.maven.surefire.junit4.JUnit4Provider.invoke(JUnit4Provider.java:112)
	at sun.reflect.NativeMethodAccessorImpl.invoke0(Native Method)
	at sun.reflect.NativeMethodAccessorImpl.invoke(NativeMethodAccessorImpl.java:62)
	at sun.reflect.DelegatingMethodAccessorImpl.invoke(DelegatingMethodAccessorImpl.java:43)
	at java.lang.reflect.Method.invoke(Method.java:483)
	at org.apache.maven.surefire.util.ReflectionUtils.invokeMethodWithArray(ReflectionUtils.java:189)
	at org.apache.maven.surefire.booter.ProviderFactory$ProviderProxy.invoke(ProviderFactory.java:165)
	at org.apache.maven.surefire.booter.ProviderFactory.invokeProvider(ProviderFactory.java:85)
	at org.apache.maven.surefire.booter.ForkedBooter.runSuitesInProcess(ForkedBooter.java:115)
	at org.apache.maven.surefire.booter.ForkedBooter.main(ForkedBooter.java:75)


Results :

Failed tests:   callbackExecutorNullThrows(retrofit2.RetrofitTest): (..)
  converterNullThrows(retrofit2.RetrofitTest): (..)

Tests run: 207, Failures: 2, Errors: 0, Skipped: 2

[INFO] ------------------------------------------------------------------------
[INFO] Reactor Summary:
[INFO] 
[INFO] Retrofit (Parent) .................................. SUCCESS [  1.859 s]
[INFO] Retrofit ........................................... FAILURE [ 11.024 s]
[INFO] Adapters ........................................... SKIPPED
[INFO] Adapter: RxJava .................................... SKIPPED
[INFO] Converters ......................................... SKIPPED
[INFO] Converter: Gson .................................... SKIPPED
[INFO] Converter: Protocol Buffers ........................ SKIPPED
[INFO] Converter: Jackson ................................. SKIPPED
[INFO] Converter: Wire Protocol Buffers ................... SKIPPED
[INFO] Converter: SimpleXML ............................... SKIPPED
[INFO] Converter: Java Scalars ............................ SKIPPED
[INFO] Converter: Moshi ................................... SKIPPED
[INFO] Retrofit Mock Adapter .............................. SKIPPED
[INFO] Samples ............................................ SKIPPED
[INFO] ------------------------------------------------------------------------
[INFO] BUILD FAILURE
[INFO] ------------------------------------------------------------------------
[INFO] Total time: 13.232 s
[INFO] Finished at: 2015-12-22T06:09:03+00:00
[INFO] Final Memory: 20M/346M
[INFO] ------------------------------------------------------------------------
[ERROR] Failed to execute goal org.apache.maven.plugins:maven-surefire-plugin:2.12.4:test (default-test) on project retrofit: There are test failures.
[ERROR] 
[ERROR] Please refer to /home/travis/build/square/retrofit/retrofit/target/surefire-reports for the individual test results.
[ERROR] -> [Help 1]
[ERROR] 
[ERROR] To see the full stack trace of the errors, re-run Maven with the -e switch.
[ERROR] Re-run Maven using the -X switch to enable full debug logging.
[ERROR] 
[ERROR] For more information about the errors and possible solutions, please read the following articles:
[ERROR] [Help 1] http://cwiki.apache.org/confluence/display/MAVEN/MojoFailureException
[ERROR] 
[ERROR] After correcting the problems, you can resume the build with the command
[ERROR]   mvn <goals> -rf :retrofit
travis_time:end:2fabaf18:start=1450764529057941504,finish=1450764544817980952,duration=15760039448[0K
[31;1mThe command "mvn test -B" exited with 1.[0m
travis_fold:start:cache.2[0Kstore build cache
travis_time:start:072c53f8[0Ktravis_time:end:072c53f8:start=1450764544822402468,finish=1450764544825677205,duration=3274737[0Ktravis_time:start:1fc3addd[0K[32;1mchange detected:
/home/travis/.m2/repository/com/squareup/retrofit2/adapter-rxjava/2.0.0-SNAPSHOT/adapter-rxjava-2.0.0-SNAPSHOT.jar
/home/travis/.m2/repository/com/squareup/retrofit2/adapter-rxjava/2.0.0-SNAPSHOT/maven-metadata-local.xml
/home/travis/.m2/repository/com/squareup/retrofit2/adapter-rxjava/2.0.0-SNAPSHOT/_remote.repositories
/home/travis/.m2/repository/com/squareup/retrofit2/adapter-rxjava/maven-metadata-local.xml
/home/travis/.m2/repository/com/squareup/retrofit2/converter-gson/2.0.0-SNAPSHOT/converter-gson-2.0.0-SNAPSHOT.jar
/home/travis/.m2/repository/com/squareup/retrofit2/converter-gson/2.0.0-SNAPSHOT/maven-metadata-local.xml
/home/travis/.m2/repository/com/squareup/retrofit2/converter-gson/2.0.0-SNAPSHOT/_remote.repositories
/home/travis/.m2/repository/com/squareup/retrofit2/converter-gson/maven-metadata-local.xml
/home/travis/.m2/repository/com/squareup/retrofit2/converter-jackson/2.0.0-SNAPSHOT/converter-jackson-2.0.0-SNAPSHOT.jar
/home/travis/.m2/repository/com/squareup/retrofit2/c
[0m
[32;1m...
[0m
[32;1mchanges detected, packing new archive[0m
[32;1muploading archive[0m
travis_time:end:1fc3addd:start=1450764544829412277,finish=1450764549714799742,duration=4885387465[0Ktravis_fold:end:cache.2[0K
Done. Your build exited with 1.
