Using worker: worker-linux-docker-0f5d3620.prod.travis-ci.org:travis-linux-2

travis_fold:start:system_info[0K[33;1mBuild system information[0m
Build language: java
[34m[1mBuild image provisioning date and time[0m
Fri Dec 12 23:29:11 UTC 2014
[34m[1mlsb_release -a[0m
Distributor ID:	Ubuntu
Description:	Ubuntu 12.04.5 LTS
Release:	12.04
Codename:	precise
[34m[1mCookbooks Version[0m
540230e https://github.com/travis-ci/travis-cookbooks/tree/540230e
[34m[1mGCC version[0m
gcc (Ubuntu/Linaro 4.6.3-1ubuntu5) 4.6.3
Copyright (C) 2011 Free Software Foundation, Inc.
This is free software; see the source for copying conditions.  There is NO
warranty; not even for MERCHANTABILITY or FITNESS FOR A PARTICULAR PURPOSE.

[34m[1mLLVM version[0m
clang version 3.4 (tags/RELEASE_34/final)
Target: x86_64-unknown-linux-gnu
Thread model: posix
[34m[1mPre-installed Ruby versions[0m
ruby-1.9.3-p551
[34m[1mPre-installed Node.js versions[0m
v0.10.33
[34m[1mPre-installed Go versions[0m
go1.4
[34m[1mRedis version[0m
redis-server 2.8.18
[34m[1mriak version[0m
1.4.12
[34m[1mMongoDB version[0m
MongoDB 2.4.12
[34m[1mCouchDB version[0m
couchdb 1.6.1
[34m[1mNeo4j version[0m
1.9.4
[34m[1mCassandra version[0m
2.0.9
[34m[1mRabbitMQ Version[0m
3.4.2
[34m[1mElasticSearch version[0m
1.4.0
[34m[1mInstalled Sphinx versions[0m
2.0.10
2.1.9
2.2.4
[34m[1mDefault Sphinx version[0m
2.1.9
[34m[1mInstalled Firefox version[0m
firefox 31.0esr
[34m[1mPhantomJS version[0m
1.9.8
[34m[1mant -version[0m
Apache Ant(TM) version 1.8.2 compiled on December 3 2011
[34m[1mmvn -version[0m
Apache Maven 3.2.3 (33f8c3e1027c3ddde99d3cdebad2656a31e8fdf4; 2014-08-11T20:58:10+00:00)
Maven home: /usr/local/maven
Java version: 1.7.0_72, vendor: Oracle Corporation
Java home: /usr/lib/jvm/java-7-oracle/jre
Default locale: en_US, platform encoding: ANSI_X3.4-1968
OS name: "linux", version: "3.13.0-29-generic", arch: "amd64", family: "unix"
[34m[1mgradle -version[0m

------------------------------------------------------------
Gradle 2.2.1
------------------------------------------------------------

Build time:   2014-11-24 09:45:35 UTC
Build number: none
Revision:     6fcb59c06f43a4e6b1bcb401f7686a8601a1fb4a

Groovy:       2.3.6
Ant:          Apache Ant(TM) version 1.9.3 compiled on December 23 2013
JVM:          1.7.0_72 (Oracle Corporation 24.72-b04)
OS:           Linux 3.13.0-29-generic amd64

[34m[1mlein1 version[0m
Using JLine for console I/O; install rlwrap for optimum experience.
Leiningen 1.7.1 on Java 1.7.0_72 Java HotSpot(TM) 64-Bit Server VM
[34m[1mlein2 version[0m
Leiningen 2.5.0 on Java 1.7.0_72 Java HotSpot(TM) 64-Bit Server VM
[34m[1mlein version[0m
Leiningen 2.5.0 on Java 1.7.0_72 Java HotSpot(TM) 64-Bit Server VM
travis_fold:end:system_info[0K
travis_fold:start:git.checkout[0Ktravis_time:start:0144bfa3[0K$ git clone --depth=50 --branch=jwilson_0108_constructors_abstract_methods git://github.com/square/javawriter.git square/javawriter
Cloning into 'square/javawriter'...
remote: Counting objects: 1356, done.[K
remote: Compressing objects:   0% (1/388)   [Kremote: Compressing objects:   1% (4/388)   [Kremote: Compressing objects:   2% (8/388)   [Kremote: Compressing objects:   3% (12/388)   [Kremote: Compressing objects:   4% (16/388)   [Kremote: Compressing objects:   5% (20/388)   [Kremote: Compressing objects:   6% (24/388)   [Kremote: Compressing objects:   7% (28/388)   [Kremote: Compressing objects:   8% (32/388)   [Kremote: Compressing objects:   9% (35/388)   [Kremote: Compressing objects:  10% (39/388)   [Kremote: Compressing objects:  11% (43/388)   [Kremote: Compressing objects:  12% (47/388)   [Kremote: Compressing objects:  13% (51/388)   [Kremote: Compressing objects:  14% (55/388)   [Kremote: Compressing objects:  15% (59/388)   [Kremote: Compressing objects:  16% (63/388)   [Kremote: Compressing objects:  17% (66/388)   [Kremote: Compressing objects:  18% (70/388)   [Kremote: Compressing objects:  19% (74/388)   [Kremote: Compressing objects:  20% (78/388)   [Kremote: Compressing objects:  21% (82/388)   [Kremote: Compressing objects:  22% (86/388)   [Kremote: Compressing objects:  23% (90/388)   [Kremote: Compressing objects:  24% (94/388)   [Kremote: Compressing objects:  25% (97/388)   [Kremote: Compressing objects:  26% (101/388)   [Kremote: Compressing objects:  27% (105/388)   [Kremote: Compressing objects:  28% (109/388)   [Kremote: Compressing objects:  29% (113/388)   [Kremote: Compressing objects:  30% (117/388)   [Kremote: Compressing objects:  31% (121/388)   [Kremote: Compressing objects:  32% (125/388)   [Kremote: Compressing objects:  33% (129/388)   [Kremote: Compressing objects:  34% (132/388)   [Kremote: Compressing objects:  35% (136/388)   [Kremote: Compressing objects:  36% (140/388)   [Kremote: Compressing objects:  37% (144/388)   [Kremote: Compressing objects:  38% (148/388)   [Kremote: Compressing objects:  39% (152/388)   [Kremote: Compressing objects:  40% (156/388)   [Kremote: Compressing objects:  41% (160/388)   [Kremote: Compressing objects:  42% (163/388)   [Kremote: Compressing objects:  43% (167/388)   [Kremote: Compressing objects:  44% (171/388)   [Kremote: Compressing objects:  45% (175/388)   [Kremote: Compressing objects:  46% (179/388)   [Kremote: Compressing objects:  47% (183/388)   [Kremote: Compressing objects:  48% (187/388)   [Kremote: Compressing objects:  49% (191/388)   [Kremote: Compressing objects:  50% (194/388)   [Kremote: Compressing objects:  51% (198/388)   [Kremote: Compressing objects:  52% (202/388)   [Kremote: Compressing objects:  53% (206/388)   [Kremote: Compressing objects:  54% (210/388)   [Kremote: Compressing objects:  55% (214/388)   [Kremote: Compressing objects:  56% (218/388)   [Kremote: Compressing objects:  57% (222/388)   [Kremote: Compressing objects:  58% (226/388)   [Kremote: Compressing objects:  59% (229/388)   [Kremote: Compressing objects:  60% (233/388)   [Kremote: Compressing objects:  61% (237/388)   [Kremote: Compressing objects:  62% (241/388)   [Kremote: Compressing objects:  63% (245/388)   [Kremote: Compressing objects:  64% (249/388)   [Kremote: Compressing objects:  65% (253/388)   [Kremote: Compressing objects:  66% (257/388)   [Kremote: Compressing objects:  67% (260/388)   [Kremote: Compressing objects:  68% (264/388)   [Kremote: Compressing objects:  69% (268/388)   [Kremote: Compressing objects:  70% (272/388)   [Kremote: Compressing objects:  71% (276/388)   [Kremote: Compressing objects:  72% (280/388)   [Kremote: Compressing objects:  73% (284/388)   [Kremote: Compressing objects:  74% (288/388)   [Kremote: Compressing objects:  75% (291/388)   [Kremote: Compressing objects:  76% (295/388)   [Kremote: Compressing objects:  77% (299/388)   [Kremote: Compressing objects:  78% (303/388)   [Kremote: Compressing objects:  79% (307/388)   [Kremote: Compressing objects:  80% (311/388)   [Kremote: Compressing objects:  81% (315/388)   [Kremote: Compressing objects:  82% (319/388)   [Kremote: Compressing objects:  83% (323/388)   [Kremote: Compressing objects:  84% (326/388)   [Kremote: Compressing objects:  85% (330/388)   [Kremote: Compressing objects:  86% (334/388)   [Kremote: Compressing objects:  87% (338/388)   [Kremote: Compressing objects:  88% (342/388)   [Kremote: Compressing objects:  89% (346/388)   [Kremote: Compressing objects:  90% (350/388)   [Kremote: Compressing objects:  91% (354/388)   [Kremote: Compressing objects:  92% (357/388)   [Kremote: Compressing objects:  93% (361/388)   [Kremote: Compressing objects:  94% (365/388)   [Kremote: Compressing objects:  95% (369/388)   [Kremote: Compressing objects:  96% (373/388)   [Kremote: Compressing objects:  97% (377/388)   [Kremote: Compressing objects:  98% (381/388)   [Kremote: Compressing objects:  99% (385/388)   [Kremote: Compressing objects: 100% (388/388)   [Kremote: Compressing objects: 100% (388/388), done.[K
Receiving objects:   0% (1/1356)   Receiving objects:   1% (14/1356)   Receiving objects:   2% (28/1356)   Receiving objects:   3% (41/1356)   Receiving objects:   4% (55/1356)   Receiving objects:   5% (68/1356)   Receiving objects:   6% (82/1356)   Receiving objects:   7% (95/1356)   Receiving objects:   8% (109/1356)   Receiving objects:   9% (123/1356)   Receiving objects:  10% (136/1356)   Receiving objects:  11% (150/1356)   Receiving objects:  12% (163/1356)   Receiving objects:  13% (177/1356)   Receiving objects:  14% (190/1356)   Receiving objects:  15% (204/1356)   Receiving objects:  16% (217/1356)   Receiving objects:  17% (231/1356)   Receiving objects:  18% (245/1356)   Receiving objects:  19% (258/1356)   Receiving objects:  20% (272/1356)   Receiving objects:  21% (285/1356)   Receiving objects:  22% (299/1356)   Receiving objects:  23% (312/1356)   Receiving objects:  24% (326/1356)   Receiving objects:  25% (339/1356)   Receiving objects:  26% (353/1356)   Receiving objects:  27% (367/1356)   Receiving objects:  28% (380/1356)   Receiving objects:  29% (394/1356)   Receiving objects:  30% (407/1356)   Receiving objects:  31% (421/1356)   Receiving objects:  32% (434/1356)   Receiving objects:  33% (448/1356)   Receiving objects:  34% (462/1356)   Receiving objects:  35% (475/1356)   Receiving objects:  36% (489/1356)   Receiving objects:  37% (502/1356)   Receiving objects:  38% (516/1356)   Receiving objects:  39% (529/1356)   Receiving objects:  40% (543/1356)   Receiving objects:  41% (556/1356)   Receiving objects:  42% (570/1356)   Receiving objects:  43% (584/1356)   Receiving objects:  44% (597/1356)   Receiving objects:  45% (611/1356)   Receiving objects:  46% (624/1356)   Receiving objects:  47% (638/1356)   Receiving objects:  48% (651/1356)   Receiving objects:  49% (665/1356)   Receiving objects:  50% (678/1356)   Receiving objects:  51% (692/1356)   Receiving objects:  52% (706/1356)   remote: Total 1356 (delta 466), reused 1282 (delta 400)[K
Receiving objects:  53% (719/1356)   Receiving objects:  54% (733/1356)   Receiving objects:  55% (746/1356)   Receiving objects:  56% (760/1356)   Receiving objects:  57% (773/1356)   Receiving objects:  58% (787/1356)   Receiving objects:  59% (801/1356)   Receiving objects:  60% (814/1356)   Receiving objects:  61% (828/1356)   Receiving objects:  62% (841/1356)   Receiving objects:  63% (855/1356)   Receiving objects:  64% (868/1356)   Receiving objects:  65% (882/1356)   Receiving objects:  66% (895/1356)   Receiving objects:  67% (909/1356)   Receiving objects:  68% (923/1356)   Receiving objects:  69% (936/1356)   Receiving objects:  70% (950/1356)   Receiving objects:  71% (963/1356)   Receiving objects:  72% (977/1356)   Receiving objects:  73% (990/1356)   Receiving objects:  74% (1004/1356)   Receiving objects:  75% (1017/1356)   Receiving objects:  76% (1031/1356)   Receiving objects:  77% (1045/1356)   Receiving objects:  78% (1058/1356)   Receiving objects:  79% (1072/1356)   Receiving objects:  80% (1085/1356)   Receiving objects:  81% (1099/1356)   Receiving objects:  82% (1112/1356)   Receiving objects:  83% (1126/1356)   Receiving objects:  84% (1140/1356)   Receiving objects:  85% (1153/1356)   Receiving objects:  86% (1167/1356)   Receiving objects:  87% (1180/1356)   Receiving objects:  88% (1194/1356)   Receiving objects:  89% (1207/1356)   Receiving objects:  90% (1221/1356)   Receiving objects:  91% (1234/1356)   Receiving objects:  92% (1248/1356)   Receiving objects:  93% (1262/1356)   Receiving objects:  94% (1275/1356)   Receiving objects:  95% (1289/1356)   Receiving objects:  96% (1302/1356)   Receiving objects:  97% (1316/1356)   Receiving objects:  98% (1329/1356)   Receiving objects:  99% (1343/1356)   Receiving objects: 100% (1356/1356)   Receiving objects: 100% (1356/1356), 228.93 KiB | 0 bytes/s, done.
Resolving deltas:   0% (0/466)   Resolving deltas:   1% (7/466)   Resolving deltas:   2% (10/466)   Resolving deltas:   4% (20/466)   Resolving deltas:  12% (60/466)   Resolving deltas:  16% (78/466)   Resolving deltas:  18% (86/466)   Resolving deltas:  21% (101/466)   Resolving deltas:  24% (116/466)   Resolving deltas:  25% (121/466)   Resolving deltas:  28% (132/466)   Resolving deltas:  29% (138/466)   Resolving deltas:  30% (143/466)   Resolving deltas:  31% (148/466)   Resolving deltas:  32% (151/466)   Resolving deltas:  33% (155/466)   Resolving deltas:  34% (159/466)   Resolving deltas:  36% (171/466)   Resolving deltas:  37% (177/466)   Resolving deltas:  38% (179/466)   Resolving deltas:  39% (185/466)   Resolving deltas:  40% (189/466)   Resolving deltas:  42% (197/466)   Resolving deltas:  43% (201/466)   Resolving deltas:  44% (209/466)   Resolving deltas:  45% (212/466)   Resolving deltas:  46% (216/466)   Resolving deltas:  47% (223/466)   Resolving deltas:  48% (225/466)   Resolving deltas:  49% (229/466)   Resolving deltas:  51% (240/466)   Resolving deltas:  52% (244/466)   Resolving deltas:  53% (247/466)   Resolving deltas:  55% (257/466)   Resolving deltas:  56% (262/466)   Resolving deltas:  61% (285/466)   Resolving deltas:  69% (325/466)   Resolving deltas:  70% (329/466)   Resolving deltas:  73% (344/466)   Resolving deltas:  78% (364/466)   Resolving deltas:  79% (371/466)   Resolving deltas:  84% (395/466)   Resolving deltas:  89% (417/466)   Resolving deltas:  90% (421/466)   Resolving deltas:  94% (442/466)   Resolving deltas:  96% (449/466)   Resolving deltas:  98% (457/466)   Resolving deltas:  99% (462/466)   Resolving deltas: 100% (466/466)   Resolving deltas: 100% (466/466), done.
Checking connectivity... done.
travis_time:end:0144bfa3:start=1420771539132193439,finish=1420771539295552435,duration=163358996[0K$ cd square/javawriter
$ git checkout -qf 6cdc64f00b58e78ef4531392a866ec3e4f498a4d
travis_fold:end:git.checkout[0K
[33;1mThis job is running on container-based infrastructure, which does not allow use of 'sudo', setuid and setguid executables.[0m
[33;1mSee http://docs.travis-ci.com/user/workers/container-based-infrastructure/ for details.[0m

[33;1mSetting environment variables from .travis.yml[0m
$ export CI_DEPLOY_USERNAME=[secure]
$ export CI_DEPLOY_PASSWORD=[secure]

travis_fold:start:cache.1[0KSetting up build cache
$ export CASHER_DIR=$HOME/.casher
travis_time:start:0abb1657[0K$ Installing caching utilities
travis_time:end:0abb1657:start=1420771541329109953,finish=1420771541397411059,duration=68301106[0Ktravis_time:start:1141030e[0Kattempting to download cache archive
found cache
travis_time:end:1141030e:start=1420771541401815579,finish=1420771542106596987,duration=704781408[0Ktravis_time:start:1201f380[0Kadding /home/travis/.m2 to cache
travis_time:end:1201f380:start=1420771542110226230,finish=1420771544124275285,duration=2014049055[0Ktravis_fold:end:cache.1[0K$ jdk_switcher use oraclejdk8
Switching to Oracle JDK8 (java-8-oracle), JAVA_HOME will be set to /usr/lib/jvm/java-8-oracle
$ java -version
java version "1.8.0_25"
Java(TM) SE Runtime Environment (build 1.8.0_25-b17)
Java HotSpot(TM) 64-Bit Server VM (build 25.25-b02, mixed mode)
$ javac -version
javac 1.8.0_25
travis_fold:start:install[0Ktravis_time:start:056c426e[0K$ mvn install -DskipTests=true -Dmaven.javadoc.skip=true -B -V
Java HotSpot(TM) 64-Bit Server VM warning: ignoring option MaxPermSize=192m; support was removed in 8.0
Apache Maven 3.2.3 (33f8c3e1027c3ddde99d3cdebad2656a31e8fdf4; 2014-08-11T20:58:10+00:00)
Maven home: /usr/local/maven
Java version: 1.8.0_25, vendor: Oracle Corporation
Java home: /usr/lib/jvm/java-8-oracle/jre
Default locale: en_US, platform encoding: UTF-8
OS name: "linux", version: "3.13.0-40-generic", arch: "amd64", family: "unix"
[INFO] Scanning for projects...
[INFO]                                                                         
[INFO] ------------------------------------------------------------------------
[INFO] Building JavaWriter 3.0.0-SNAPSHOT
[INFO] ------------------------------------------------------------------------
[INFO] Downloading: https://repository.apache.org/snapshots/com/google/truth/truth/1.0-SNAPSHOT/maven-metadata.xml
[INFO] Downloading: https://repository.apache.org/snapshots/com/google/truth/truth-parent/1.0-SNAPSHOT/maven-metadata.xml
[INFO] Downloading: https://repository.apache.org/snapshots/com/google/testing/compile/compile-testing/1.0-SNAPSHOT/maven-metadata.xml
[INFO] 
[INFO] --- maven-enforcer-plugin:1.0:enforce (enforce-maven) @ javawriter ---
[INFO] 
[INFO] --- maven-resources-plugin:2.6:resources (default-resources) @ javawriter ---
[INFO] Using 'UTF-8' encoding to copy filtered resources.
[INFO] skip non existing resourceDirectory /home/travis/build/square/javawriter/src/main/resources
[INFO] 
[INFO] --- maven-compiler-plugin:3.0:compile (default-compile) @ javawriter ---
[INFO] Changes detected - recompiling the module!
[INFO] Compiling 42 source files to /home/travis/build/square/javawriter/target/classes
[INFO] 
[INFO] --- maven-resources-plugin:2.6:testResources (default-testResources) @ javawriter ---
[INFO] Using 'UTF-8' encoding to copy filtered resources.
[INFO] skip non existing resourceDirectory /home/travis/build/square/javawriter/src/test/resources
[INFO] 
[INFO] --- maven-compiler-plugin:3.0:testCompile (default-testCompile) @ javawriter ---
[INFO] Changes detected - recompiling the module!
[INFO] Compiling 15 source files to /home/travis/build/square/javawriter/target/test-classes
[WARNING] /home/travis/build/square/javawriter/src/test/java/com/squareup/javawriter/TypeWriterTest.java: Some input files use or override a deprecated API.
[WARNING] /home/travis/build/square/javawriter/src/test/java/com/squareup/javawriter/TypeWriterTest.java: Recompile with -Xlint:deprecation for details.
[INFO] 
[INFO] --- maven-surefire-plugin:2.12.4:test (default-test) @ javawriter ---
[INFO] Tests are skipped.
[INFO] 
[INFO] --- maven-jar-plugin:2.4:jar (default-jar) @ javawriter ---
[INFO] Building jar: /home/travis/build/square/javawriter/target/javawriter-3.0.0-SNAPSHOT.jar
[INFO] 
[INFO] --- maven-checkstyle-plugin:2.13:checkstyle (default) @ javawriter ---
[INFO] Starting audit...
Audit done.

[WARNING] Unable to locate Source XRef to link to - DISABLED
[INFO] 
[INFO] --- maven-install-plugin:2.4:install (default-install) @ javawriter ---
[INFO] Installing /home/travis/build/square/javawriter/target/javawriter-3.0.0-SNAPSHOT.jar to /home/travis/.m2/repository/com/squareup/javawriter/3.0.0-SNAPSHOT/javawriter-3.0.0-SNAPSHOT.jar
[INFO] Installing /home/travis/build/square/javawriter/pom.xml to /home/travis/.m2/repository/com/squareup/javawriter/3.0.0-SNAPSHOT/javawriter-3.0.0-SNAPSHOT.pom
[INFO] ------------------------------------------------------------------------
[INFO] BUILD SUCCESS
[INFO] ------------------------------------------------------------------------
[INFO] Total time: 12.342 s
[INFO] Finished at: 2015-01-09T02:45:58+00:00
[INFO] Final Memory: 30M/472M
[INFO] ------------------------------------------------------------------------
travis_time:end:056c426e:start=1420771544509483445,finish=1420771559056987999,duration=14547504554[0Ktravis_fold:end:install[0Ktravis_time:start:02493f3e[0K$ mvn test -B
Java HotSpot(TM) 64-Bit Server VM warning: ignoring option MaxPermSize=192m; support was removed in 8.0
[INFO] Scanning for projects...
[INFO]                                                                         
[INFO] ------------------------------------------------------------------------
[INFO] Building JavaWriter 3.0.0-SNAPSHOT
[INFO] ------------------------------------------------------------------------
[INFO] Downloading: https://repository.apache.org/snapshots/com/google/truth/truth/1.0-SNAPSHOT/maven-metadata.xml
[INFO] Downloading: https://repository.apache.org/snapshots/com/google/truth/truth-parent/1.0-SNAPSHOT/maven-metadata.xml
[INFO] Downloading: https://repository.apache.org/snapshots/com/google/testing/compile/compile-testing/1.0-SNAPSHOT/maven-metadata.xml
[INFO] 
[INFO] --- maven-enforcer-plugin:1.0:enforce (enforce-maven) @ javawriter ---
[INFO] 
[INFO] --- maven-resources-plugin:2.6:resources (default-resources) @ javawriter ---
[INFO] Using 'UTF-8' encoding to copy filtered resources.
[INFO] skip non existing resourceDirectory /home/travis/build/square/javawriter/src/main/resources
[INFO] 
[INFO] --- maven-compiler-plugin:3.0:compile (default-compile) @ javawriter ---
[INFO] Changes detected - recompiling the module!
[INFO] Compiling 42 source files to /home/travis/build/square/javawriter/target/classes
[INFO] 
[INFO] --- maven-resources-plugin:2.6:testResources (default-testResources) @ javawriter ---
[INFO] Using 'UTF-8' encoding to copy filtered resources.
[INFO] skip non existing resourceDirectory /home/travis/build/square/javawriter/src/test/resources
[INFO] 
[INFO] --- maven-compiler-plugin:3.0:testCompile (default-testCompile) @ javawriter ---
[INFO] Changes detected - recompiling the module!
[INFO] Compiling 15 source files to /home/travis/build/square/javawriter/target/test-classes
[WARNING] /home/travis/build/square/javawriter/src/test/java/com/squareup/javawriter/TypeWriterTest.java: Some input files use or override a deprecated API.
[WARNING] /home/travis/build/square/javawriter/src/test/java/com/squareup/javawriter/TypeWriterTest.java: Recompile with -Xlint:deprecation for details.
[INFO] 
[INFO] --- maven-surefire-plugin:2.12.4:test (default-test) @ javawriter ---
[INFO] Surefire report directory: /home/travis/build/square/javawriter/target/surefire-reports

-------------------------------------------------------
 T E S T S
-------------------------------------------------------
Running com.squareup.javawriter.builders.TypeSpecTest
Tests run: 7, Failures: 0, Errors: 3, Skipped: 0, Time elapsed: 0.186 sec <<< FAILURE!
interestingTypes(com.squareup.javawriter.builders.TypeSpecTest)  Time elapsed: 0.061 sec  <<< ERROR!
java.lang.IllegalArgumentException: interface com.squareup.tacos.Taco field extendsObject must be public static final
	at com.google.common.base.Preconditions.checkArgument(Preconditions.java:145)
	at com.squareup.javawriter.builders.TypeSpec.<init>(TypeSpec.java:57)
	at com.squareup.javawriter.builders.TypeSpec.<init>(TypeSpec.java:33)
	at com.squareup.javawriter.builders.TypeSpec$Builder.build(TypeSpec.java:179)
	at com.squareup.javawriter.builders.TypeSpecTest.interestingTypes(TypeSpecTest.java:73)
	at sun.reflect.NativeMethodAccessorImpl.invoke0(Native Method)
	at sun.reflect.NativeMethodAccessorImpl.invoke(NativeMethodAccessorImpl.java:62)
	at sun.reflect.DelegatingMethodAccessorImpl.invoke(DelegatingMethodAccessorImpl.java:43)
	at java.lang.reflect.Method.invoke(Method.java:483)
	at org.junit.runners.model.FrameworkMethod$1.runReflectiveCall(FrameworkMethod.java:50)
	at org.junit.internal.runners.model.ReflectiveCallable.run(ReflectiveCallable.java:12)
	at org.junit.runners.model.FrameworkMethod.invokeExplosively(FrameworkMethod.java:47)
	at org.junit.internal.runners.statements.InvokeMethod.evaluate(InvokeMethod.java:17)
	at org.junit.runners.ParentRunner.runLeaf(ParentRunner.java:325)
	at org.junit.runners.BlockJUnit4ClassRunner.runChild(BlockJUnit4ClassRunner.java:78)
	at org.junit.runners.BlockJUnit4ClassRunner.runChild(BlockJUnit4ClassRunner.java:57)
	at org.junit.runners.ParentRunner$3.run(ParentRunner.java:290)
	at org.junit.runners.ParentRunner$1.schedule(ParentRunner.java:71)
	at org.junit.runners.ParentRunner.runChildren(ParentRunner.java:288)
	at org.junit.runners.ParentRunner.access$000(ParentRunner.java:58)
	at org.junit.runners.ParentRunner$2.evaluate(ParentRunner.java:268)
	at org.junit.runners.ParentRunner.run(ParentRunner.java:363)
	at org.apache.maven.surefire.junit4.JUnit4Provider.execute(JUnit4Provider.java:252)
	at org.apache.maven.surefire.junit4.JUnit4Provider.executeTestSet(JUnit4Provider.java:141)
	at org.apache.maven.surefire.junit4.JUnit4Provider.invoke(JUnit4Provider.java:112)
	at sun.reflect.NativeMethodAccessorImpl.invoke0(Native Method)
	at sun.reflect.NativeMethodAccessorImpl.invoke(NativeMethodAccessorImpl.java:62)
	at sun.reflect.DelegatingMethodAccessorImpl.invoke(DelegatingMethodAccessorImpl.java:43)
	at java.lang.reflect.Method.invoke(Method.java:483)
	at org.apache.maven.surefire.util.ReflectionUtils.invokeMethodWithArray(ReflectionUtils.java:189)
	at org.apache.maven.surefire.booter.ProviderFactory$ProviderProxy.invoke(ProviderFactory.java:165)
	at org.apache.maven.surefire.booter.ProviderFactory.invokeProvider(ProviderFactory.java:85)
	at org.apache.maven.surefire.booter.ForkedBooter.runSuitesInProcess(ForkedBooter.java:115)
	at org.apache.maven.surefire.booter.ForkedBooter.main(ForkedBooter.java:75)

anonymousInnerClass(com.squareup.javawriter.builders.TypeSpecTest)  Time elapsed: 0.001 sec  <<< ERROR!
java.lang.IllegalArgumentException: interface com.squareup.tacos.Taco field NAME must be public static final
	at com.google.common.base.Preconditions.checkArgument(Preconditions.java:145)
	at com.squareup.javawriter.builders.TypeSpec.<init>(TypeSpec.java:57)
	at com.squareup.javawriter.builders.TypeSpec.<init>(TypeSpec.java:33)
	at com.squareup.javawriter.builders.TypeSpec$Builder.build(TypeSpec.java:179)
	at com.squareup.javawriter.builders.TypeSpecTest.anonymousInnerClass(TypeSpecTest.java:141)
	at sun.reflect.NativeMethodAccessorImpl.invoke0(Native Method)
	at sun.reflect.NativeMethodAccessorImpl.invoke(NativeMethodAccessorImpl.java:62)
	at sun.reflect.DelegatingMethodAccessorImpl.invoke(DelegatingMethodAccessorImpl.java:43)
	at java.lang.reflect.Method.invoke(Method.java:483)
	at org.junit.runners.model.FrameworkMethod$1.runReflectiveCall(FrameworkMethod.java:50)
	at org.junit.internal.runners.model.ReflectiveCallable.run(ReflectiveCallable.java:12)
	at org.junit.runners.model.FrameworkMethod.invokeExplosively(FrameworkMethod.java:47)
	at org.junit.internal.runners.statements.InvokeMethod.evaluate(InvokeMethod.java:17)
	at org.junit.runners.ParentRunner.runLeaf(ParentRunner.java:325)
	at org.junit.runners.BlockJUnit4ClassRunner.runChild(BlockJUnit4ClassRunner.java:78)
	at org.junit.runners.BlockJUnit4ClassRunner.runChild(BlockJUnit4ClassRunner.java:57)
	at org.junit.runners.ParentRunner$3.run(ParentRunner.java:290)
	at org.junit.runners.ParentRunner$1.schedule(ParentRunner.java:71)
	at org.junit.runners.ParentRunner.runChildren(ParentRunner.java:288)
	at org.junit.runners.ParentRunner.access$000(ParentRunner.java:58)
	at org.junit.runners.ParentRunner$2.evaluate(ParentRunner.java:268)
	at org.junit.runners.ParentRunner.run(ParentRunner.java:363)
	at org.apache.maven.surefire.junit4.JUnit4Provider.execute(JUnit4Provider.java:252)
	at org.apache.maven.surefire.junit4.JUnit4Provider.executeTestSet(JUnit4Provider.java:141)
	at org.apache.maven.surefire.junit4.JUnit4Provider.invoke(JUnit4Provider.java:112)
	at sun.reflect.NativeMethodAccessorImpl.invoke0(Native Method)
	at sun.reflect.NativeMethodAccessorImpl.invoke(NativeMethodAccessorImpl.java:62)
	at sun.reflect.DelegatingMethodAccessorImpl.invoke(DelegatingMethodAccessorImpl.java:43)
	at java.lang.reflect.Method.invoke(Method.java:483)
	at org.apache.maven.surefire.util.ReflectionUtils.invokeMethodWithArray(ReflectionUtils.java:189)
	at org.apache.maven.surefire.booter.ProviderFactory$ProviderProxy.invoke(ProviderFactory.java:165)
	at org.apache.maven.surefire.booter.ProviderFactory.invokeProvider(ProviderFactory.java:85)
	at org.apache.maven.surefire.booter.ForkedBooter.runSuitesInProcess(ForkedBooter.java:115)
	at org.apache.maven.surefire.booter.ForkedBooter.main(ForkedBooter.java:75)

annotatedField(com.squareup.javawriter.builders.TypeSpecTest)  Time elapsed: 0.001 sec  <<< ERROR!
java.lang.IllegalArgumentException: interface com.squareup.tacos.Taco field thing must be public static final
	at com.google.common.base.Preconditions.checkArgument(Preconditions.java:145)
	at com.squareup.javawriter.builders.TypeSpec.<init>(TypeSpec.java:57)
	at com.squareup.javawriter.builders.TypeSpec.<init>(TypeSpec.java:33)
	at com.squareup.javawriter.builders.TypeSpec$Builder.build(TypeSpec.java:179)
	at com.squareup.javawriter.builders.TypeSpecTest.annotatedField(TypeSpecTest.java:311)
	at sun.reflect.NativeMethodAccessorImpl.invoke0(Native Method)
	at sun.reflect.NativeMethodAccessorImpl.invoke(NativeMethodAccessorImpl.java:62)
	at sun.reflect.DelegatingMethodAccessorImpl.invoke(DelegatingMethodAccessorImpl.java:43)
	at java.lang.reflect.Method.invoke(Method.java:483)
	at org.junit.runners.model.FrameworkMethod$1.runReflectiveCall(FrameworkMethod.java:50)
	at org.junit.internal.runners.model.ReflectiveCallable.run(ReflectiveCallable.java:12)
	at org.junit.runners.model.FrameworkMethod.invokeExplosively(FrameworkMethod.java:47)
	at org.junit.internal.runners.statements.InvokeMethod.evaluate(InvokeMethod.java:17)
	at org.junit.runners.ParentRunner.runLeaf(ParentRunner.java:325)
	at org.junit.runners.BlockJUnit4ClassRunner.runChild(BlockJUnit4ClassRunner.java:78)
	at org.junit.runners.BlockJUnit4ClassRunner.runChild(BlockJUnit4ClassRunner.java:57)
	at org.junit.runners.ParentRunner$3.run(ParentRunner.java:290)
	at org.junit.runners.ParentRunner$1.schedule(ParentRunner.java:71)
	at org.junit.runners.ParentRunner.runChildren(ParentRunner.java:288)
	at org.junit.runners.ParentRunner.access$000(ParentRunner.java:58)
	at org.junit.runners.ParentRunner$2.evaluate(ParentRunner.java:268)
	at org.junit.runners.ParentRunner.run(ParentRunner.java:363)
	at org.apache.maven.surefire.junit4.JUnit4Provider.execute(JUnit4Provider.java:252)
	at org.apache.maven.surefire.junit4.JUnit4Provider.executeTestSet(JUnit4Provider.java:141)
	at org.apache.maven.surefire.junit4.JUnit4Provider.invoke(JUnit4Provider.java:112)
	at sun.reflect.NativeMethodAccessorImpl.invoke0(Native Method)
	at sun.reflect.NativeMethodAccessorImpl.invoke(NativeMethodAccessorImpl.java:62)
	at sun.reflect.DelegatingMethodAccessorImpl.invoke(DelegatingMethodAccessorImpl.java:43)
	at java.lang.reflect.Method.invoke(Method.java:483)
	at org.apache.maven.surefire.util.ReflectionUtils.invokeMethodWithArray(ReflectionUtils.java:189)
	at org.apache.maven.surefire.booter.ProviderFactory$ProviderProxy.invoke(ProviderFactory.java:165)
	at org.apache.maven.surefire.booter.ProviderFactory.invokeProvider(ProviderFactory.java:85)
	at org.apache.maven.surefire.booter.ForkedBooter.runSuitesInProcess(ForkedBooter.java:115)
	at org.apache.maven.surefire.booter.ForkedBooter.main(ForkedBooter.java:75)

Running com.squareup.javawriter.ParameterWriterTest
Tests run: 2, Failures: 0, Errors: 0, Skipped: 0, Time elapsed: 0.005 sec
Running com.squareup.javawriter.AnnotationWriterTest
Tests run: 5, Failures: 0, Errors: 0, Skipped: 0, Time elapsed: 0.037 sec
Running com.squareup.javawriter.AnonymousClassWriterTest
Tests run: 4, Failures: 0, Errors: 0, Skipped: 0, Time elapsed: 0.03 sec
Running com.squareup.javawriter.IndentingAppendableTest
Tests run: 4, Failures: 0, Errors: 0, Skipped: 0, Time elapsed: 0.017 sec
Running com.squareup.javawriter.TypeNamesTest
Tests run: 9, Failures: 0, Errors: 0, Skipped: 0, Time elapsed: 0.962 sec
Running com.squareup.javawriter.MethodWriterTest
Tests run: 6, Failures: 0, Errors: 0, Skipped: 0, Time elapsed: 0.004 sec
Running com.squareup.javawriter.InterfaceWriterTest
Tests run: 1, Failures: 0, Errors: 0, Skipped: 0, Time elapsed: 0.002 sec
Running com.squareup.javawriter.ClassWriterTest
Tests run: 1, Failures: 0, Errors: 0, Skipped: 0, Time elapsed: 0.001 sec
Running com.squareup.javawriter.EnumWriterTest
Tests run: 5, Failures: 0, Errors: 0, Skipped: 0, Time elapsed: 0.02 sec
Running com.squareup.javawriter.TypeWriterTest
Tests run: 5, Failures: 0, Errors: 0, Skipped: 0, Time elapsed: 0.217 sec
Running com.squareup.javawriter.JavaWriterTest
Tests run: 12, Failures: 0, Errors: 0, Skipped: 0, Time elapsed: 0.124 sec
Running com.squareup.javawriter.ClassNameTest
Tests run: 10, Failures: 0, Errors: 0, Skipped: 0, Time elapsed: 0.325 sec
Running com.squareup.javawriter.ConstructorWriterTest
Tests run: 2, Failures: 0, Errors: 0, Skipped: 0, Time elapsed: 0 sec

Results :

Tests in error: 
  interestingTypes(com.squareup.javawriter.builders.TypeSpecTest): interface com.squareup.tacos.Taco field extendsObject must be public static final
  anonymousInnerClass(com.squareup.javawriter.builders.TypeSpecTest): interface com.squareup.tacos.Taco field NAME must be public static final
  annotatedField(com.squareup.javawriter.builders.TypeSpecTest): interface com.squareup.tacos.Taco field thing must be public static final

Tests run: 73, Failures: 0, Errors: 3, Skipped: 0

[INFO] ------------------------------------------------------------------------
[INFO] BUILD FAILURE
[INFO] ------------------------------------------------------------------------
[INFO] Total time: 10.597 s
[INFO] Finished at: 2015-01-09T02:46:10+00:00
[INFO] Final Memory: 20M/380M
[INFO] ------------------------------------------------------------------------
[ERROR] Failed to execute goal org.apache.maven.plugins:maven-surefire-plugin:2.12.4:test (default-test) on project javawriter: There are test failures.
[ERROR] 
[ERROR] Please refer to /home/travis/build/square/javawriter/target/surefire-reports for the individual test results.
[ERROR] -> [Help 1]
[ERROR] 
[ERROR] To see the full stack trace of the errors, re-run Maven with the -e switch.
[ERROR] Re-run Maven using the -X switch to enable full debug logging.
[ERROR] 
[ERROR] For more information about the errors and possible solutions, please read the following articles:
[ERROR] [Help 1] http://cwiki.apache.org/confluence/display/MAVEN/MojoFailureException
travis_time:end:02493f3e:start=1420771559060768170,finish=1420771571506599211,duration=12445831041[0K
[31;1mThe command "mvn test -B" exited with 1.[0m
travis_fold:start:cache.2[0Kstore build cache
travis_time:start:066dc370[0Kchange detected: /home/travis/.m2/repository/com/google/truth/truth/1.0-SNAPSHOT/resolver-status.properties
changes detected, packing new archive
uploading archive
travis_time:end:066dc370:start=1420771571510771364,finish=1420771576792800923,duration=5282029559[0Ktravis_fold:end:cache.2[0K
Done. Your build exited with 1.
