Using worker: worker-linux-docker-1bbed734.prod.travis-ci.org:travis-linux-7

travis_fold:start:system_info[0K[33;1mBuild system information[0m
Build language: java
[34m[1mBuild image provisioning date and time[0m
Fri Dec 12 23:29:11 UTC 2014
[34m[1mlsb_release -a[0m
Distributor ID:	Ubuntu
Description:	Ubuntu 12.04.5 LTS
Release:	12.04
Codename:	precise
[34m[1mCookbooks Version[0m
540230e https://github.com/travis-ci/travis-cookbooks/tree/540230e
[34m[1mGCC version[0m
gcc (Ubuntu/Linaro 4.6.3-1ubuntu5) 4.6.3
Copyright (C) 2011 Free Software Foundation, Inc.
This is free software; see the source for copying conditions.  There is NO
warranty; not even for MERCHANTABILITY or FITNESS FOR A PARTICULAR PURPOSE.

[34m[1mLLVM version[0m
clang version 3.4 (tags/RELEASE_34/final)
Target: x86_64-unknown-linux-gnu
Thread model: posix
[34m[1mPre-installed Ruby versions[0m
ruby-1.9.3-p551
[34m[1mPre-installed Node.js versions[0m
v0.10.33
[34m[1mPre-installed Go versions[0m
go1.4
[34m[1mRedis version[0m
redis-server 2.8.18
[34m[1mriak version[0m
1.4.12
[34m[1mMongoDB version[0m
MongoDB 2.4.12
[34m[1mCouchDB version[0m
couchdb 1.6.1
[34m[1mNeo4j version[0m
1.9.4
[34m[1mCassandra version[0m
2.0.9
[34m[1mRabbitMQ Version[0m
3.4.2
[34m[1mElasticSearch version[0m
1.4.0
[34m[1mInstalled Sphinx versions[0m
2.0.10
2.1.9
2.2.4
[34m[1mDefault Sphinx version[0m
2.1.9
[34m[1mInstalled Firefox version[0m
firefox 31.0esr
[34m[1mPhantomJS version[0m
1.9.8
[34m[1mant -version[0m
Apache Ant(TM) version 1.8.2 compiled on December 3 2011
[34m[1mmvn -version[0m
Apache Maven 3.2.3 (33f8c3e1027c3ddde99d3cdebad2656a31e8fdf4; 2014-08-11T20:58:10+00:00)
Maven home: /usr/local/maven
Java version: 1.7.0_72, vendor: Oracle Corporation
Java home: /usr/lib/jvm/java-7-oracle/jre
Default locale: en_US, platform encoding: ANSI_X3.4-1968
OS name: "linux", version: "3.13.0-29-generic", arch: "amd64", family: "unix"
[34m[1mgradle -version[0m

------------------------------------------------------------
Gradle 2.2.1
------------------------------------------------------------

Build time:   2014-11-24 09:45:35 UTC
Build number: none
Revision:     6fcb59c06f43a4e6b1bcb401f7686a8601a1fb4a

Groovy:       2.3.6
Ant:          Apache Ant(TM) version 1.9.3 compiled on December 23 2013
JVM:          1.7.0_72 (Oracle Corporation 24.72-b04)
OS:           Linux 3.13.0-29-generic amd64

[34m[1mlein1 version[0m
Using JLine for console I/O; install rlwrap for optimum experience.
Leiningen 1.7.1 on Java 1.7.0_72 Java HotSpot(TM) 64-Bit Server VM
[34m[1mlein2 version[0m
Leiningen 2.5.0 on Java 1.7.0_72 Java HotSpot(TM) 64-Bit Server VM
[34m[1mlein version[0m
Leiningen 2.5.0 on Java 1.7.0_72 Java HotSpot(TM) 64-Bit Server VM
travis_fold:end:system_info[0K
travis_fold:start:git.checkout[0Ktravis_time:start:03d58c82[0K$ git clone --depth=50 --branch=jw/okhttp-two git://github.com/square/retrofit.git square/retrofit
Cloning into 'square/retrofit'...
remote: Counting objects: 1121, done.[K
remote: Compressing objects:   0% (1/595)   [Kremote: Compressing objects:   1% (6/595)   [Kremote: Compressing objects:   2% (12/595)   [Kremote: Compressing objects:   3% (18/595)   [Kremote: Compressing objects:   4% (24/595)   [Kremote: Compressing objects:   5% (30/595)   [Kremote: Compressing objects:   6% (36/595)   [Kremote: Compressing objects:   7% (42/595)   [Kremote: Compressing objects:   8% (48/595)   [Kremote: Compressing objects:   9% (54/595)   [Kremote: Compressing objects:  10% (60/595)   [Kremote: Compressing objects:  11% (66/595)   [Kremote: Compressing objects:  12% (72/595)   [Kremote: Compressing objects:  13% (78/595)   [Kremote: Compressing objects:  14% (84/595)   [Kremote: Compressing objects:  15% (90/595)   [Kremote: Compressing objects:  16% (96/595)   [Kremote: Compressing objects:  17% (102/595)   [Kremote: Compressing objects:  18% (108/595)   [Kremote: Compressing objects:  19% (114/595)   [Kremote: Compressing objects:  20% (119/595)   [Kremote: Compressing objects:  21% (125/595)   [Kremote: Compressing objects:  22% (131/595)   [Kremote: Compressing objects:  23% (137/595)   [Kremote: Compressing objects:  24% (143/595)   [Kremote: Compressing objects:  25% (149/595)   [Kremote: Compressing objects:  26% (155/595)   [Kremote: Compressing objects:  27% (161/595)   [Kremote: Compressing objects:  28% (167/595)   [Kremote: Compressing objects:  29% (173/595)   [Kremote: Compressing objects:  30% (179/595)   [Kremote: Compressing objects:  31% (185/595)   [Kremote: Compressing objects:  32% (191/595)   [Kremote: Compressing objects:  33% (197/595)   [Kremote: Compressing objects:  34% (203/595)   [Kremote: Compressing objects:  35% (209/595)   [Kremote: Compressing objects:  36% (215/595)   [Kremote: Compressing objects:  37% (221/595)   [Kremote: Compressing objects:  38% (227/595)   [Kremote: Compressing objects:  39% (233/595)   [Kremote: Compressing objects:  40% (238/595)   [Kremote: Compressing objects:  41% (244/595)   [Kremote: Compressing objects:  42% (250/595)   [Kremote: Compressing objects:  43% (256/595)   [Kremote: Compressing objects:  44% (262/595)   [Kremote: Compressing objects:  45% (268/595)   [Kremote: Compressing objects:  46% (274/595)   [Kremote: Compressing objects:  47% (280/595)   [Kremote: Compressing objects:  48% (286/595)   [Kremote: Compressing objects:  49% (292/595)   [Kremote: Compressing objects:  50% (298/595)   [Kremote: Compressing objects:  51% (304/595)   [Kremote: Compressing objects:  52% (310/595)   [Kremote: Compressing objects:  53% (316/595)   [Kremote: Compressing objects:  54% (322/595)   [Kremote: Compressing objects:  55% (328/595)   [Kremote: Compressing objects:  56% (334/595)   [Kremote: Compressing objects:  57% (340/595)   [Kremote: Compressing objects:  58% (346/595)   [Kremote: Compressing objects:  59% (352/595)   [Kremote: Compressing objects:  60% (357/595)   [Kremote: Compressing objects:  61% (363/595)   [Kremote: Compressing objects:  62% (369/595)   [Kremote: Compressing objects:  63% (375/595)   [Kremote: Compressing objects:  64% (381/595)   [Kremote: Compressing objects:  65% (387/595)   [Kremote: Compressing objects:  66% (393/595)   [Kremote: Compressing objects:  67% (399/595)   [Kremote: Compressing objects:  68% (405/595)   [Kremote: Compressing objects:  69% (411/595)   [Kremote: Compressing objects:  70% (417/595)   [Kremote: Compressing objects:  71% (423/595)   [Kremote: Compressing objects:  72% (429/595)   [Kremote: Compressing objects:  73% (435/595)   [Kremote: Compressing objects:  74% (441/595)   [Kremote: Compressing objects:  75% (447/595)   [Kremote: Compressing objects:  76% (453/595)   [Kremote: Compressing objects:  77% (459/595)   [Kremote: Compressing objects:  78% (465/595)   [Kremote: Compressing objects:  79% (471/595)   [Kremote: Compressing objects:  80% (476/595)   [Kremote: Compressing objects:  81% (482/595)   [Kremote: Compressing objects:  82% (488/595)   [Kremote: Compressing objects:  83% (494/595)   [Kremote: Compressing objects:  84% (500/595)   [Kremote: Compressing objects:  85% (506/595)   [Kremote: Compressing objects:  86% (512/595)   [Kremote: Compressing objects:  87% (518/595)   [Kremote: Compressing objects:  88% (524/595)   [Kremote: Compressing objects:  89% (530/595)   [Kremote: Compressing objects:  90% (536/595)   [Kremote: Compressing objects:  91% (542/595)   [Kremote: Compressing objects:  92% (548/595)   [Kremote: Compressing objects:  93% (554/595)   [Kremote: Compressing objects:  94% (560/595)   [Kremote: Compressing objects:  95% (566/595)   [Kremote: Compressing objects:  96% (572/595)   [Kremote: Compressing objects:  97% (578/595)   [Kremote: Compressing objects:  98% (584/595)   [Kremote: Compressing objects:  99% (590/595)   [Kremote: Compressing objects: 100% (595/595)   [Kremote: Compressing objects: 100% (595/595), done.[K
Receiving objects:   0% (1/1121)   Receiving objects:   1% (12/1121)   Receiving objects:   2% (23/1121)   Receiving objects:   3% (34/1121)   Receiving objects:   4% (45/1121)   Receiving objects:   5% (57/1121)   Receiving objects:   6% (68/1121)   Receiving objects:   7% (79/1121)   Receiving objects:   8% (90/1121)   Receiving objects:   9% (101/1121)   Receiving objects:  10% (113/1121)   Receiving objects:  11% (124/1121)   Receiving objects:  12% (135/1121)   Receiving objects:  13% (146/1121)   Receiving objects:  14% (157/1121)   Receiving objects:  15% (169/1121)   Receiving objects:  16% (180/1121)   Receiving objects:  17% (191/1121)   Receiving objects:  18% (202/1121)   Receiving objects:  19% (213/1121)   Receiving objects:  20% (225/1121)   Receiving objects:  21% (236/1121)   Receiving objects:  22% (247/1121)   Receiving objects:  23% (258/1121)   Receiving objects:  24% (270/1121)   Receiving objects:  25% (281/1121)   Receiving objects:  26% (292/1121)   Receiving objects:  27% (303/1121)   Receiving objects:  28% (314/1121)   Receiving objects:  29% (326/1121)   Receiving objects:  30% (337/1121)   Receiving objects:  31% (348/1121)   Receiving objects:  32% (359/1121)   Receiving objects:  33% (370/1121)   Receiving objects:  34% (382/1121)   Receiving objects:  35% (393/1121)   Receiving objects:  36% (404/1121)   Receiving objects:  37% (415/1121)   Receiving objects:  38% (426/1121)   Receiving objects:  39% (438/1121)   Receiving objects:  40% (449/1121)   Receiving objects:  41% (460/1121)   Receiving objects:  42% (471/1121)   Receiving objects:  43% (483/1121)   Receiving objects:  44% (494/1121)   Receiving objects:  45% (505/1121)   Receiving objects:  46% (516/1121)   Receiving objects:  47% (527/1121)   Receiving objects:  48% (539/1121)   Receiving objects:  49% (550/1121)   Receiving objects:  50% (561/1121)   Receiving objects:  51% (572/1121)   Receiving objects:  52% (583/1121)   Receiving objects:  53% (595/1121)   Receiving objects:  54% (606/1121)   Receiving objects:  55% (617/1121)   Receiving objects:  56% (628/1121)   Receiving objects:  57% (639/1121)   Receiving objects:  58% (651/1121)   Receiving objects:  59% (662/1121)   Receiving objects:  60% (673/1121)   Receiving objects:  61% (684/1121)   Receiving objects:  62% (696/1121)   Receiving objects:  63% (707/1121)   Receiving objects:  64% (718/1121)   remote: Total 1121 (delta 433), reused 930 (delta 301)[K
Receiving objects:  65% (729/1121)   Receiving objects:  66% (740/1121)   Receiving objects:  67% (752/1121)   Receiving objects:  68% (763/1121)   Receiving objects:  69% (774/1121)   Receiving objects:  70% (785/1121)   Receiving objects:  71% (796/1121)   Receiving objects:  72% (808/1121)   Receiving objects:  73% (819/1121)   Receiving objects:  74% (830/1121)   Receiving objects:  75% (841/1121)   Receiving objects:  76% (852/1121)   Receiving objects:  77% (864/1121)   Receiving objects:  78% (875/1121)   Receiving objects:  79% (886/1121)   Receiving objects:  80% (897/1121)   Receiving objects:  81% (909/1121)   Receiving objects:  82% (920/1121)   Receiving objects:  83% (931/1121)   Receiving objects:  84% (942/1121)   Receiving objects:  85% (953/1121)   Receiving objects:  86% (965/1121)   Receiving objects:  87% (976/1121)   Receiving objects:  88% (987/1121)   Receiving objects:  89% (998/1121)   Receiving objects:  90% (1009/1121)   Receiving objects:  91% (1021/1121)   Receiving objects:  92% (1032/1121)   Receiving objects:  93% (1043/1121)   Receiving objects:  94% (1054/1121)   Receiving objects:  95% (1065/1121)   Receiving objects:  96% (1077/1121)   Receiving objects:  97% (1088/1121)   Receiving objects:  98% (1099/1121)   Receiving objects:  99% (1110/1121)   Receiving objects: 100% (1121/1121)   Receiving objects: 100% (1121/1121), 282.72 KiB | 0 bytes/s, done.
Resolving deltas:   0% (0/433)   Resolving deltas:   2% (11/433)   Resolving deltas:   3% (13/433)   Resolving deltas:   9% (40/433)   Resolving deltas:  21% (93/433)   Resolving deltas:  22% (96/433)   Resolving deltas:  23% (100/433)   Resolving deltas:  24% (104/433)   Resolving deltas:  31% (138/433)   Resolving deltas:  32% (140/433)   Resolving deltas:  33% (144/433)   Resolving deltas:  34% (149/433)   Resolving deltas:  35% (153/433)   Resolving deltas:  36% (160/433)   Resolving deltas:  37% (161/433)   Resolving deltas:  38% (166/433)   Resolving deltas:  41% (180/433)   Resolving deltas:  42% (186/433)   Resolving deltas:  44% (194/433)   Resolving deltas:  45% (195/433)   Resolving deltas:  46% (200/433)   Resolving deltas:  47% (206/433)   Resolving deltas:  48% (209/433)   Resolving deltas:  49% (216/433)   Resolving deltas:  50% (217/433)   Resolving deltas:  52% (227/433)   Resolving deltas:  53% (231/433)   Resolving deltas:  54% (234/433)   Resolving deltas:  55% (240/433)   Resolving deltas:  56% (243/433)   Resolving deltas:  57% (249/433)   Resolving deltas:  58% (254/433)   Resolving deltas:  59% (257/433)   Resolving deltas:  60% (260/433)   Resolving deltas:  61% (265/433)   Resolving deltas:  64% (281/433)   Resolving deltas:  65% (285/433)   Resolving deltas:  74% (323/433)   Resolving deltas:  79% (346/433)   Resolving deltas:  80% (347/433)   Resolving deltas:  81% (352/433)   Resolving deltas:  84% (364/433)   Resolving deltas:  85% (372/433)   Resolving deltas:  86% (373/433)   Resolving deltas:  90% (391/433)   Resolving deltas:  91% (398/433)   Resolving deltas:  93% (407/433)   Resolving deltas:  95% (415/433)   Resolving deltas:  96% (416/433)   Resolving deltas:  97% (421/433)   Resolving deltas:  98% (425/433)   Resolving deltas:  99% (431/433)   Resolving deltas: 100% (433/433)   Resolving deltas: 100% (433/433), done.
Checking connectivity... done.
travis_time:end:03d58c82:start=1420011336890689833,finish=1420011337092540979,duration=201851146[0K$ cd square/retrofit
$ git checkout -qf 68338d7fb19e866f0654a275848307660d865e06
travis_fold:end:git.checkout[0K
[33;1mThis job is running on container-based infrastructure, which does not allow use of 'sudo', setuid and setguid executables.[0m
[33;1mSee http://docs.travis-ci.com/user/workers/container-based-infrastructure/ for details.[0m

[33;1mSetting environment variables from .travis.yml[0m
$ export CI_DEPLOY_USERNAME=[secure]
$ export CI_DEPLOY_PASSWORD=[secure]

travis_fold:start:cache.1[0KSetting up build cache
$ export CASHER_DIR=$HOME/.casher
travis_time:start:0357f4a0[0K$ Installing caching utilities
travis_time:end:0357f4a0:start=1420011339045204489,finish=1420011339072275254,duration=27070765[0Ktravis_time:start:2ba4e757[0Kattempting to download cache archive
found cache
travis_time:end:2ba4e757:start=1420011339076496287,finish=1420011340113835183,duration=1037338896[0Ktravis_time:start:0156b47e[0Kadding /home/travis/.m2 to cache
travis_time:end:0156b47e:start=1420011340117451483,finish=1420011344533562918,duration=4416111435[0Ktravis_fold:end:cache.1[0K$ jdk_switcher use oraclejdk8
Switching to Oracle JDK8 (java-8-oracle), JAVA_HOME will be set to /usr/lib/jvm/java-8-oracle
$ java -version
java version "1.8.0_25"
Java(TM) SE Runtime Environment (build 1.8.0_25-b17)
Java HotSpot(TM) 64-Bit Server VM (build 25.25-b02, mixed mode)
$ javac -version
javac 1.8.0_25
travis_fold:start:install[0Ktravis_time:start:00fa3f2f[0K$ mvn install -DskipTests=true -Dmaven.javadoc.skip=true -B -V
Java HotSpot(TM) 64-Bit Server VM warning: ignoring option MaxPermSize=192m; support was removed in 8.0
Apache Maven 3.2.3 (33f8c3e1027c3ddde99d3cdebad2656a31e8fdf4; 2014-08-11T20:58:10+00:00)
Maven home: /usr/local/maven
Java version: 1.8.0_25, vendor: Oracle Corporation
Java home: /usr/lib/jvm/java-8-oracle/jre
Default locale: en_US, platform encoding: UTF-8
OS name: "linux", version: "3.13.0-40-generic", arch: "amd64", family: "unix"
[INFO] Scanning for projects...
[INFO] ------------------------------------------------------------------------
[INFO] Reactor Build Order:
[INFO] 
[INFO] Retrofit (Parent)
[INFO] Retrofit
[INFO] Retrofit AppEngine
[INFO] Converters
[INFO] Converter: Protocol Buffers
[INFO] Converter: Jackson
[INFO] Converter: Wire Protocol Buffers
[INFO] Converter: SimpleXML
[INFO] Retrofit Mock Adapter
[INFO] Samples
[INFO] Sample: GitHub Client
[INFO] Sample: Mock GitHub Client
[INFO]                                                                         
[INFO] ------------------------------------------------------------------------
[INFO] Building Retrofit (Parent) 2.0.0-SNAPSHOT
[INFO] ------------------------------------------------------------------------
[INFO] 
[INFO] --- maven-enforcer-plugin:1.0:enforce (enforce-maven) @ parent ---
[INFO] 
[INFO] --- maven-checkstyle-plugin:2.9.1:checkstyle (default) @ parent ---
[INFO] 
[INFO] --- maven-install-plugin:2.4:install (default-install) @ parent ---
[INFO] Installing /home/travis/build/square/retrofit/pom.xml to /home/travis/.m2/repository/com/squareup/retrofit/parent/2.0.0-SNAPSHOT/parent-2.0.0-SNAPSHOT.pom
[INFO]                                                                         
[INFO] ------------------------------------------------------------------------
[INFO] Building Retrofit 2.0.0-SNAPSHOT
[INFO] ------------------------------------------------------------------------
[INFO] 
[INFO] --- maven-enforcer-plugin:1.0:enforce (enforce-maven) @ retrofit ---
[INFO] 
[INFO] --- maven-resources-plugin:2.6:resources (default-resources) @ retrofit ---
[INFO] Using 'UTF-8' encoding to copy filtered resources.
[INFO] skip non existing resourceDirectory /home/travis/build/square/retrofit/retrofit/src/main/resources
[INFO] 
[INFO] --- maven-compiler-plugin:3.0:compile (default-compile) @ retrofit ---
[INFO] Changes detected - recompiling the module!
[INFO] Compiling 61 source files to /home/travis/build/square/retrofit/retrofit/target/classes
[INFO] 
[INFO] --- maven-resources-plugin:2.6:testResources (default-testResources) @ retrofit ---
[INFO] Using 'UTF-8' encoding to copy filtered resources.
[INFO] skip non existing resourceDirectory /home/travis/build/square/retrofit/retrofit/src/test/resources
[INFO] 
[INFO] --- maven-compiler-plugin:3.0:testCompile (default-testCompile) @ retrofit ---
[INFO] Changes detected - recompiling the module!
[INFO] Compiling 19 source files to /home/travis/build/square/retrofit/retrofit/target/test-classes
[WARNING] /home/travis/build/square/retrofit/retrofit/src/test/java/retrofit/RestAdapterTest.java: Some input files use unchecked or unsafe operations.
[WARNING] /home/travis/build/square/retrofit/retrofit/src/test/java/retrofit/RestAdapterTest.java: Recompile with -Xlint:unchecked for details.
[INFO] 
[INFO] --- maven-surefire-plugin:2.12.4:test (default-test) @ retrofit ---
[INFO] Tests are skipped.
[INFO] 
[INFO] --- maven-jar-plugin:2.4:jar (default-jar) @ retrofit ---
[INFO] Building jar: /home/travis/build/square/retrofit/retrofit/target/retrofit-2.0.0-SNAPSHOT.jar
[INFO] 
[INFO] --- maven-checkstyle-plugin:2.9.1:checkstyle (default) @ retrofit ---
[INFO] Starting audit...
Audit done.

[WARNING] Unable to locate Source XRef to link to - DISABLED
[INFO] 
[INFO] --- maven-install-plugin:2.4:install (default-install) @ retrofit ---
[INFO] Installing /home/travis/build/square/retrofit/retrofit/target/retrofit-2.0.0-SNAPSHOT.jar to /home/travis/.m2/repository/com/squareup/retrofit/retrofit/2.0.0-SNAPSHOT/retrofit-2.0.0-SNAPSHOT.jar
[INFO] Installing /home/travis/build/square/retrofit/retrofit/pom.xml to /home/travis/.m2/repository/com/squareup/retrofit/retrofit/2.0.0-SNAPSHOT/retrofit-2.0.0-SNAPSHOT.pom
[INFO]                                                                         
[INFO] ------------------------------------------------------------------------
[INFO] Building Retrofit AppEngine 2.0.0-SNAPSHOT
[INFO] ------------------------------------------------------------------------
[INFO] 
[INFO] --- maven-enforcer-plugin:1.0:enforce (enforce-maven) @ retrofit-appengine ---
[INFO] 
[INFO] --- maven-resources-plugin:2.6:resources (default-resources) @ retrofit-appengine ---
[INFO] Using 'UTF-8' encoding to copy filtered resources.
[INFO] skip non existing resourceDirectory /home/travis/build/square/retrofit/retrofit-appengine/src/main/resources
[INFO] 
[INFO] --- maven-compiler-plugin:3.0:compile (default-compile) @ retrofit-appengine ---
[INFO] Changes detected - recompiling the module!
[INFO] Compiling 1 source file to /home/travis/build/square/retrofit/retrofit-appengine/target/classes
[INFO] 
[INFO] --- maven-resources-plugin:2.6:testResources (default-testResources) @ retrofit-appengine ---
[INFO] Using 'UTF-8' encoding to copy filtered resources.
[INFO] skip non existing resourceDirectory /home/travis/build/square/retrofit/retrofit-appengine/src/test/resources
[INFO] 
[INFO] --- maven-compiler-plugin:3.0:testCompile (default-testCompile) @ retrofit-appengine ---
[INFO] Changes detected - recompiling the module!
[INFO] Compiling 3 source files to /home/travis/build/square/retrofit/retrofit-appengine/target/test-classes
[INFO] 
[INFO] --- maven-surefire-plugin:2.12.4:test (default-test) @ retrofit-appengine ---
[INFO] Tests are skipped.
[INFO] 
[INFO] --- maven-jar-plugin:2.4:jar (default-jar) @ retrofit-appengine ---
[INFO] Building jar: /home/travis/build/square/retrofit/retrofit-appengine/target/retrofit-appengine-2.0.0-SNAPSHOT.jar
[INFO] 
[INFO] --- maven-checkstyle-plugin:2.9.1:checkstyle (default) @ retrofit-appengine ---
[INFO] Starting audit...
Audit done.

[WARNING] Unable to locate Source XRef to link to - DISABLED
[INFO] 
[INFO] --- maven-install-plugin:2.4:install (default-install) @ retrofit-appengine ---
[INFO] Installing /home/travis/build/square/retrofit/retrofit-appengine/target/retrofit-appengine-2.0.0-SNAPSHOT.jar to /home/travis/.m2/repository/com/squareup/retrofit/retrofit-appengine/2.0.0-SNAPSHOT/retrofit-appengine-2.0.0-SNAPSHOT.jar
[INFO] Installing /home/travis/build/square/retrofit/retrofit-appengine/pom.xml to /home/travis/.m2/repository/com/squareup/retrofit/retrofit-appengine/2.0.0-SNAPSHOT/retrofit-appengine-2.0.0-SNAPSHOT.pom
[INFO]                                                                         
[INFO] ------------------------------------------------------------------------
[INFO] Building Converters 2.0.0-SNAPSHOT
[INFO] ------------------------------------------------------------------------
[INFO] 
[INFO] --- maven-enforcer-plugin:1.0:enforce (enforce-maven) @ retrofit-converters ---
[INFO] 
[INFO] --- maven-checkstyle-plugin:2.9.1:checkstyle (default) @ retrofit-converters ---
[INFO] 
[INFO] --- maven-install-plugin:2.4:install (default-install) @ retrofit-converters ---
[INFO] Installing /home/travis/build/square/retrofit/retrofit-converters/pom.xml to /home/travis/.m2/repository/com/squareup/retrofit/retrofit-converters/2.0.0-SNAPSHOT/retrofit-converters-2.0.0-SNAPSHOT.pom
[INFO]                                                                         
[INFO] ------------------------------------------------------------------------
[INFO] Building Converter: Protocol Buffers 2.0.0-SNAPSHOT
[INFO] ------------------------------------------------------------------------
[INFO] 
[INFO] --- maven-enforcer-plugin:1.0:enforce (enforce-maven) @ converter-protobuf ---
[INFO] 
[INFO] --- maven-resources-plugin:2.6:resources (default-resources) @ converter-protobuf ---
[INFO] Using 'UTF-8' encoding to copy filtered resources.
[INFO] skip non existing resourceDirectory /home/travis/build/square/retrofit/retrofit-converters/protobuf/src/main/resources
[INFO] 
[INFO] --- maven-compiler-plugin:3.0:compile (default-compile) @ converter-protobuf ---
[INFO] Changes detected - recompiling the module!
[INFO] Compiling 1 source file to /home/travis/build/square/retrofit/retrofit-converters/protobuf/target/classes
[INFO] 
[INFO] --- maven-resources-plugin:2.6:testResources (default-testResources) @ converter-protobuf ---
[INFO] Using 'UTF-8' encoding to copy filtered resources.
[INFO] skip non existing resourceDirectory /home/travis/build/square/retrofit/retrofit-converters/protobuf/src/test/resources
[INFO] 
[INFO] --- maven-compiler-plugin:3.0:testCompile (default-testCompile) @ converter-protobuf ---
[INFO] Changes detected - recompiling the module!
[INFO] Compiling 2 source files to /home/travis/build/square/retrofit/retrofit-converters/protobuf/target/test-classes
[INFO] 
[INFO] --- maven-surefire-plugin:2.12.4:test (default-test) @ converter-protobuf ---
[INFO] Tests are skipped.
[INFO] 
[INFO] --- maven-jar-plugin:2.4:jar (default-jar) @ converter-protobuf ---
[INFO] Building jar: /home/travis/build/square/retrofit/retrofit-converters/protobuf/target/converter-protobuf-2.0.0-SNAPSHOT.jar
[INFO] 
[INFO] --- maven-checkstyle-plugin:2.9.1:checkstyle (default) @ converter-protobuf ---
[INFO] Starting audit...
Audit done.

[WARNING] Unable to locate Source XRef to link to - DISABLED
[INFO] 
[INFO] --- maven-install-plugin:2.4:install (default-install) @ converter-protobuf ---
[INFO] Installing /home/travis/build/square/retrofit/retrofit-converters/protobuf/target/converter-protobuf-2.0.0-SNAPSHOT.jar to /home/travis/.m2/repository/com/squareup/retrofit/converter-protobuf/2.0.0-SNAPSHOT/converter-protobuf-2.0.0-SNAPSHOT.jar
[INFO] Installing /home/travis/build/square/retrofit/retrofit-converters/protobuf/pom.xml to /home/travis/.m2/repository/com/squareup/retrofit/converter-protobuf/2.0.0-SNAPSHOT/converter-protobuf-2.0.0-SNAPSHOT.pom
[INFO]                                                                         
[INFO] ------------------------------------------------------------------------
[INFO] Building Converter: Jackson 2.0.0-SNAPSHOT
[INFO] ------------------------------------------------------------------------
[INFO] 
[INFO] --- maven-enforcer-plugin:1.0:enforce (enforce-maven) @ converter-jackson ---
[INFO] 
[INFO] --- maven-resources-plugin:2.6:resources (default-resources) @ converter-jackson ---
[INFO] Using 'UTF-8' encoding to copy filtered resources.
[INFO] skip non existing resourceDirectory /home/travis/build/square/retrofit/retrofit-converters/jackson/src/main/resources
[INFO] 
[INFO] --- maven-compiler-plugin:3.0:compile (default-compile) @ converter-jackson ---
[INFO] Changes detected - recompiling the module!
[INFO] Compiling 1 source file to /home/travis/build/square/retrofit/retrofit-converters/jackson/target/classes
[INFO] 
[INFO] --- maven-resources-plugin:2.6:testResources (default-testResources) @ converter-jackson ---
[INFO] Using 'UTF-8' encoding to copy filtered resources.
[INFO] skip non existing resourceDirectory /home/travis/build/square/retrofit/retrofit-converters/jackson/src/test/resources
[INFO] 
[INFO] --- maven-compiler-plugin:3.0:testCompile (default-testCompile) @ converter-jackson ---
[INFO] Changes detected - recompiling the module!
[INFO] Compiling 1 source file to /home/travis/build/square/retrofit/retrofit-converters/jackson/target/test-classes
[INFO] 
[INFO] --- maven-surefire-plugin:2.12.4:test (default-test) @ converter-jackson ---
[INFO] Tests are skipped.
[INFO] 
[INFO] --- maven-jar-plugin:2.4:jar (default-jar) @ converter-jackson ---
[INFO] Building jar: /home/travis/build/square/retrofit/retrofit-converters/jackson/target/converter-jackson-2.0.0-SNAPSHOT.jar
[INFO] 
[INFO] --- maven-checkstyle-plugin:2.9.1:checkstyle (default) @ converter-jackson ---
[INFO] Starting audit...
Audit done.

[WARNING] Unable to locate Source XRef to link to - DISABLED
[INFO] 
[INFO] --- maven-install-plugin:2.4:install (default-install) @ converter-jackson ---
[INFO] Installing /home/travis/build/square/retrofit/retrofit-converters/jackson/target/converter-jackson-2.0.0-SNAPSHOT.jar to /home/travis/.m2/repository/com/squareup/retrofit/converter-jackson/2.0.0-SNAPSHOT/converter-jackson-2.0.0-SNAPSHOT.jar
[INFO] Installing /home/travis/build/square/retrofit/retrofit-converters/jackson/pom.xml to /home/travis/.m2/repository/com/squareup/retrofit/converter-jackson/2.0.0-SNAPSHOT/converter-jackson-2.0.0-SNAPSHOT.pom
[INFO]                                                                         
[INFO] ------------------------------------------------------------------------
[INFO] Building Converter: Wire Protocol Buffers 2.0.0-SNAPSHOT
[INFO] ------------------------------------------------------------------------
[INFO] 
[INFO] --- maven-enforcer-plugin:1.0:enforce (enforce-maven) @ converter-wire ---
[INFO] 
[INFO] --- maven-resources-plugin:2.6:resources (default-resources) @ converter-wire ---
[INFO] Using 'UTF-8' encoding to copy filtered resources.
[INFO] skip non existing resourceDirectory /home/travis/build/square/retrofit/retrofit-converters/wire/src/main/resources
[INFO] 
[INFO] --- maven-compiler-plugin:3.0:compile (default-compile) @ converter-wire ---
[INFO] Changes detected - recompiling the module!
[INFO] Compiling 1 source file to /home/travis/build/square/retrofit/retrofit-converters/wire/target/classes
[INFO] 
[INFO] --- maven-resources-plugin:2.6:testResources (default-testResources) @ converter-wire ---
[INFO] Using 'UTF-8' encoding to copy filtered resources.
[INFO] skip non existing resourceDirectory /home/travis/build/square/retrofit/retrofit-converters/wire/src/test/resources
[INFO] 
[INFO] --- maven-compiler-plugin:3.0:testCompile (default-testCompile) @ converter-wire ---
[INFO] Changes detected - recompiling the module!
[INFO] Compiling 2 source files to /home/travis/build/square/retrofit/retrofit-converters/wire/target/test-classes
[INFO] 
[INFO] --- maven-surefire-plugin:2.12.4:test (default-test) @ converter-wire ---
[INFO] Tests are skipped.
[INFO] 
[INFO] --- maven-jar-plugin:2.4:jar (default-jar) @ converter-wire ---
[INFO] Building jar: /home/travis/build/square/retrofit/retrofit-converters/wire/target/converter-wire-2.0.0-SNAPSHOT.jar
[INFO] 
[INFO] --- maven-checkstyle-plugin:2.9.1:checkstyle (default) @ converter-wire ---
[INFO] Starting audit...
Audit done.

[WARNING] Unable to locate Source XRef to link to - DISABLED
[INFO] 
[INFO] --- maven-install-plugin:2.4:install (default-install) @ converter-wire ---
[INFO] Installing /home/travis/build/square/retrofit/retrofit-converters/wire/target/converter-wire-2.0.0-SNAPSHOT.jar to /home/travis/.m2/repository/com/squareup/retrofit/converter-wire/2.0.0-SNAPSHOT/converter-wire-2.0.0-SNAPSHOT.jar
[INFO] Installing /home/travis/build/square/retrofit/retrofit-converters/wire/pom.xml to /home/travis/.m2/repository/com/squareup/retrofit/converter-wire/2.0.0-SNAPSHOT/converter-wire-2.0.0-SNAPSHOT.pom
[INFO]                                                                         
[INFO] ------------------------------------------------------------------------
[INFO] Building Converter: SimpleXML 2.0.0-SNAPSHOT
[INFO] ------------------------------------------------------------------------
[INFO] 
[INFO] --- maven-enforcer-plugin:1.0:enforce (enforce-maven) @ converter-simplexml ---
[INFO] 
[INFO] --- maven-resources-plugin:2.6:resources (default-resources) @ converter-simplexml ---
[INFO] Using 'UTF-8' encoding to copy filtered resources.
[INFO] skip non existing resourceDirectory /home/travis/build/square/retrofit/retrofit-converters/simplexml/src/main/resources
[INFO] 
[INFO] --- maven-compiler-plugin:3.0:compile (default-compile) @ converter-simplexml ---
[INFO] Changes detected - recompiling the module!
[INFO] Compiling 1 source file to /home/travis/build/square/retrofit/retrofit-converters/simplexml/target/classes
[INFO] 
[INFO] --- maven-resources-plugin:2.6:testResources (default-testResources) @ converter-simplexml ---
[INFO] Using 'UTF-8' encoding to copy filtered resources.
[INFO] skip non existing resourceDirectory /home/travis/build/square/retrofit/retrofit-converters/simplexml/src/test/resources
[INFO] 
[INFO] --- maven-compiler-plugin:3.0:testCompile (default-testCompile) @ converter-simplexml ---
[INFO] Changes detected - recompiling the module!
[INFO] Compiling 1 source file to /home/travis/build/square/retrofit/retrofit-converters/simplexml/target/test-classes
[INFO] 
[INFO] --- maven-surefire-plugin:2.12.4:test (default-test) @ converter-simplexml ---
[INFO] Tests are skipped.
[INFO] 
[INFO] --- maven-jar-plugin:2.4:jar (default-jar) @ converter-simplexml ---
[INFO] Building jar: /home/travis/build/square/retrofit/retrofit-converters/simplexml/target/converter-simplexml-2.0.0-SNAPSHOT.jar
[INFO] 
[INFO] --- maven-checkstyle-plugin:2.9.1:checkstyle (default) @ converter-simplexml ---
[INFO] Starting audit...
Audit done.

[WARNING] Unable to locate Source XRef to link to - DISABLED
[INFO] 
[INFO] --- maven-install-plugin:2.4:install (default-install) @ converter-simplexml ---
[INFO] Installing /home/travis/build/square/retrofit/retrofit-converters/simplexml/target/converter-simplexml-2.0.0-SNAPSHOT.jar to /home/travis/.m2/repository/com/squareup/retrofit/converter-simplexml/2.0.0-SNAPSHOT/converter-simplexml-2.0.0-SNAPSHOT.jar
[INFO] Installing /home/travis/build/square/retrofit/retrofit-converters/simplexml/pom.xml to /home/travis/.m2/repository/com/squareup/retrofit/converter-simplexml/2.0.0-SNAPSHOT/converter-simplexml-2.0.0-SNAPSHOT.pom
[INFO]                                                                         
[INFO] ------------------------------------------------------------------------
[INFO] Building Retrofit Mock Adapter 2.0.0-SNAPSHOT
[INFO] ------------------------------------------------------------------------
[INFO] 
[INFO] --- maven-enforcer-plugin:1.0:enforce (enforce-maven) @ retrofit-mock ---
[INFO] 
[INFO] --- maven-resources-plugin:2.6:resources (default-resources) @ retrofit-mock ---
[INFO] Using 'UTF-8' encoding to copy filtered resources.
[INFO] skip non existing resourceDirectory /home/travis/build/square/retrofit/retrofit-mock/src/main/resources
[INFO] 
[INFO] --- maven-compiler-plugin:3.0:compile (default-compile) @ retrofit-mock ---
[INFO] Changes detected - recompiling the module!
[INFO] Compiling 5 source files to /home/travis/build/square/retrofit/retrofit-mock/target/classes
[INFO] 
[INFO] --- maven-resources-plugin:2.6:testResources (default-testResources) @ retrofit-mock ---
[INFO] Using 'UTF-8' encoding to copy filtered resources.
[INFO] skip non existing resourceDirectory /home/travis/build/square/retrofit/retrofit-mock/src/test/resources
[INFO] 
[INFO] --- maven-compiler-plugin:3.0:testCompile (default-testCompile) @ retrofit-mock ---
[INFO] Changes detected - recompiling the module!
[INFO] Compiling 1 source file to /home/travis/build/square/retrofit/retrofit-mock/target/test-classes
[INFO] 
[INFO] --- maven-surefire-plugin:2.12.4:test (default-test) @ retrofit-mock ---
[INFO] Tests are skipped.
[INFO] 
[INFO] --- maven-jar-plugin:2.4:jar (default-jar) @ retrofit-mock ---
[INFO] Building jar: /home/travis/build/square/retrofit/retrofit-mock/target/retrofit-mock-2.0.0-SNAPSHOT.jar
[INFO] 
[INFO] --- maven-checkstyle-plugin:2.9.1:checkstyle (default) @ retrofit-mock ---
[INFO] Starting audit...
Audit done.

[WARNING] Unable to locate Source XRef to link to - DISABLED
[INFO] 
[INFO] --- maven-install-plugin:2.4:install (default-install) @ retrofit-mock ---
[INFO] Installing /home/travis/build/square/retrofit/retrofit-mock/target/retrofit-mock-2.0.0-SNAPSHOT.jar to /home/travis/.m2/repository/com/squareup/retrofit/retrofit-mock/2.0.0-SNAPSHOT/retrofit-mock-2.0.0-SNAPSHOT.jar
[INFO] Installing /home/travis/build/square/retrofit/retrofit-mock/pom.xml to /home/travis/.m2/repository/com/squareup/retrofit/retrofit-mock/2.0.0-SNAPSHOT/retrofit-mock-2.0.0-SNAPSHOT.pom
[INFO]                                                                         
[INFO] ------------------------------------------------------------------------
[INFO] Building Samples 2.0.0-SNAPSHOT
[INFO] ------------------------------------------------------------------------
[INFO] 
[INFO] --- maven-enforcer-plugin:1.0:enforce (enforce-maven) @ parent ---
[INFO] 
[INFO] --- maven-checkstyle-plugin:2.9.1:checkstyle (default) @ parent ---
[INFO] 
[INFO] --- maven-install-plugin:2.4:install (default-install) @ parent ---
[INFO] Installing /home/travis/build/square/retrofit/samples/pom.xml to /home/travis/.m2/repository/com/squareup/retrofit/samples/parent/2.0.0-SNAPSHOT/parent-2.0.0-SNAPSHOT.pom
[INFO]                                                                         
[INFO] ------------------------------------------------------------------------
[INFO] Building Sample: GitHub Client 2.0.0-SNAPSHOT
[INFO] ------------------------------------------------------------------------
[INFO] 
[INFO] --- maven-enforcer-plugin:1.0:enforce (enforce-maven) @ github-client ---
[INFO] 
[INFO] --- maven-resources-plugin:2.6:resources (default-resources) @ github-client ---
[INFO] Using 'UTF-8' encoding to copy filtered resources.
[INFO] skip non existing resourceDirectory /home/travis/build/square/retrofit/samples/github-client/src/main/resources
[INFO] 
[INFO] --- maven-compiler-plugin:3.0:compile (default-compile) @ github-client ---
[INFO] Changes detected - recompiling the module!
[INFO] Compiling 1 source file to /home/travis/build/square/retrofit/samples/github-client/target/classes
[INFO] 
[INFO] --- maven-resources-plugin:2.6:testResources (default-testResources) @ github-client ---
[INFO] Using 'UTF-8' encoding to copy filtered resources.
[INFO] skip non existing resourceDirectory /home/travis/build/square/retrofit/samples/github-client/src/test/resources
[INFO] 
[INFO] --- maven-compiler-plugin:3.0:testCompile (default-testCompile) @ github-client ---
[INFO] No sources to compile
[INFO] 
[INFO] --- maven-surefire-plugin:2.12.4:test (default-test) @ github-client ---
[INFO] Tests are skipped.
[INFO] 
[INFO] --- maven-jar-plugin:2.4:jar (default-jar) @ github-client ---
[INFO] Building jar: /home/travis/build/square/retrofit/samples/github-client/target/github-client-2.0.0-SNAPSHOT.jar
[INFO] 
[INFO] --- maven-checkstyle-plugin:2.9.1:checkstyle (default) @ github-client ---
[INFO] Starting audit...
Audit done.

[WARNING] Unable to locate Source XRef to link to - DISABLED
[INFO] 
[INFO] --- maven-install-plugin:2.4:install (default-install) @ github-client ---
[INFO] Installing /home/travis/build/square/retrofit/samples/github-client/target/github-client-2.0.0-SNAPSHOT.jar to /home/travis/.m2/repository/com/squareup/retrofit/samples/github-client/2.0.0-SNAPSHOT/github-client-2.0.0-SNAPSHOT.jar
[INFO] Installing /home/travis/build/square/retrofit/samples/github-client/pom.xml to /home/travis/.m2/repository/com/squareup/retrofit/samples/github-client/2.0.0-SNAPSHOT/github-client-2.0.0-SNAPSHOT.pom
[INFO]                                                                         
[INFO] ------------------------------------------------------------------------
[INFO] Building Sample: Mock GitHub Client 2.0.0-SNAPSHOT
[INFO] ------------------------------------------------------------------------
[INFO] 
[INFO] --- maven-enforcer-plugin:1.0:enforce (enforce-maven) @ mock-github-client ---
[INFO] 
[INFO] --- maven-resources-plugin:2.6:resources (default-resources) @ mock-github-client ---
[INFO] Using 'UTF-8' encoding to copy filtered resources.
[INFO] skip non existing resourceDirectory /home/travis/build/square/retrofit/samples/mock-github-client/src/main/resources
[INFO] 
[INFO] --- maven-compiler-plugin:3.0:compile (default-compile) @ mock-github-client ---
[INFO] Changes detected - recompiling the module!
[INFO] Compiling 1 source file to /home/travis/build/square/retrofit/samples/mock-github-client/target/classes
[INFO] 
[INFO] --- maven-resources-plugin:2.6:testResources (default-testResources) @ mock-github-client ---
[INFO] Using 'UTF-8' encoding to copy filtered resources.
[INFO] skip non existing resourceDirectory /home/travis/build/square/retrofit/samples/mock-github-client/src/test/resources
[INFO] 
[INFO] --- maven-compiler-plugin:3.0:testCompile (default-testCompile) @ mock-github-client ---
[INFO] No sources to compile
[INFO] 
[INFO] --- maven-surefire-plugin:2.12.4:test (default-test) @ mock-github-client ---
[INFO] Tests are skipped.
[INFO] 
[INFO] --- maven-jar-plugin:2.4:jar (default-jar) @ mock-github-client ---
[INFO] Building jar: /home/travis/build/square/retrofit/samples/mock-github-client/target/mock-github-client-2.0.0-SNAPSHOT.jar
[INFO] 
[INFO] --- maven-checkstyle-plugin:2.9.1:checkstyle (default) @ mock-github-client ---
[INFO] Starting audit...
Audit done.

[WARNING] Unable to locate Source XRef to link to - DISABLED
[INFO] 
[INFO] --- maven-install-plugin:2.4:install (default-install) @ mock-github-client ---
[INFO] Installing /home/travis/build/square/retrofit/samples/mock-github-client/target/mock-github-client-2.0.0-SNAPSHOT.jar to /home/travis/.m2/repository/com/squareup/retrofit/samples/mock-github-client/2.0.0-SNAPSHOT/mock-github-client-2.0.0-SNAPSHOT.jar
[INFO] Installing /home/travis/build/square/retrofit/samples/mock-github-client/pom.xml to /home/travis/.m2/repository/com/squareup/retrofit/samples/mock-github-client/2.0.0-SNAPSHOT/mock-github-client-2.0.0-SNAPSHOT.pom
[INFO] ------------------------------------------------------------------------
[INFO] Reactor Summary:
[INFO] 
[INFO] Retrofit (Parent) .................................. SUCCESS [  1.733 s]
[INFO] Retrofit ........................................... SUCCESS [ 11.743 s]
[INFO] Retrofit AppEngine ................................. SUCCESS [  2.024 s]
[INFO] Converters ......................................... SUCCESS [  0.056 s]
[INFO] Converter: Protocol Buffers ........................ SUCCESS [  1.221 s]
[INFO] Converter: Jackson ................................. SUCCESS [  1.006 s]
[INFO] Converter: Wire Protocol Buffers ................... SUCCESS [  0.686 s]
[INFO] Converter: SimpleXML ............................... SUCCESS [  0.804 s]
[INFO] Retrofit Mock Adapter .............................. SUCCESS [  1.463 s]
[INFO] Samples ............................................ SUCCESS [  0.024 s]
[INFO] Sample: GitHub Client .............................. SUCCESS [  0.536 s]
[INFO] Sample: Mock GitHub Client ......................... SUCCESS [  0.480 s]
[INFO] ------------------------------------------------------------------------
[INFO] BUILD SUCCESS
[INFO] ------------------------------------------------------------------------
[INFO] Total time: 22.096 s
[INFO] Finished at: 2014-12-31T07:36:08+00:00
[INFO] Final Memory: 35M/366M
[INFO] ------------------------------------------------------------------------
travis_time:end:00fa3f2f:start=1420011344901557758,finish=1420011369043704432,duration=24142146674[0Ktravis_fold:end:install[0Ktravis_time:start:06aad73b[0K$ mvn test -B
Java HotSpot(TM) 64-Bit Server VM warning: ignoring option MaxPermSize=192m; support was removed in 8.0
[INFO] Scanning for projects...
[INFO] ------------------------------------------------------------------------
[INFO] Reactor Build Order:
[INFO] 
[INFO] Retrofit (Parent)
[INFO] Retrofit
[INFO] Retrofit AppEngine
[INFO] Converters
[INFO] Converter: Protocol Buffers
[INFO] Converter: Jackson
[INFO] Converter: Wire Protocol Buffers
[INFO] Converter: SimpleXML
[INFO] Retrofit Mock Adapter
[INFO] Samples
[INFO] Sample: GitHub Client
[INFO] Sample: Mock GitHub Client
[INFO]                                                                         
[INFO] ------------------------------------------------------------------------
[INFO] Building Retrofit (Parent) 2.0.0-SNAPSHOT
[INFO] ------------------------------------------------------------------------
[INFO] 
[INFO] --- maven-enforcer-plugin:1.0:enforce (enforce-maven) @ parent ---
[INFO]                                                                         
[INFO] ------------------------------------------------------------------------
[INFO] Building Retrofit 2.0.0-SNAPSHOT
[INFO] ------------------------------------------------------------------------
[INFO] 
[INFO] --- maven-enforcer-plugin:1.0:enforce (enforce-maven) @ retrofit ---
[INFO] 
[INFO] --- maven-resources-plugin:2.6:resources (default-resources) @ retrofit ---
[INFO] Using 'UTF-8' encoding to copy filtered resources.
[INFO] skip non existing resourceDirectory /home/travis/build/square/retrofit/retrofit/src/main/resources
[INFO] 
[INFO] --- maven-compiler-plugin:3.0:compile (default-compile) @ retrofit ---
[INFO] Changes detected - recompiling the module!
[INFO] Compiling 61 source files to /home/travis/build/square/retrofit/retrofit/target/classes
[INFO] 
[INFO] --- maven-resources-plugin:2.6:testResources (default-testResources) @ retrofit ---
[INFO] Using 'UTF-8' encoding to copy filtered resources.
[INFO] skip non existing resourceDirectory /home/travis/build/square/retrofit/retrofit/src/test/resources
[INFO] 
[INFO] --- maven-compiler-plugin:3.0:testCompile (default-testCompile) @ retrofit ---
[INFO] Changes detected - recompiling the module!
[INFO] Compiling 19 source files to /home/travis/build/square/retrofit/retrofit/target/test-classes
[WARNING] /home/travis/build/square/retrofit/retrofit/src/test/java/retrofit/RestAdapterTest.java: Some input files use unchecked or unsafe operations.
[WARNING] /home/travis/build/square/retrofit/retrofit/src/test/java/retrofit/RestAdapterTest.java: Recompile with -Xlint:unchecked for details.
[INFO] 
[INFO] --- maven-surefire-plugin:2.12.4:test (default-test) @ retrofit ---
[INFO] Surefire report directory: /home/travis/build/square/retrofit/retrofit/target/surefire-reports

-------------------------------------------------------
 T E S T S
-------------------------------------------------------
Running retrofit.mime.TypedByteArrayTest
Tests run: 1, Failures: 0, Errors: 0, Skipped: 0, Time elapsed: 0.077 sec
Running retrofit.mime.FormUrlEncodingTypedOutputTest
Tests run: 3, Failures: 0, Errors: 0, Skipped: 0, Time elapsed: 0.001 sec
Running retrofit.mime.MimeUtilTest
Tests run: 2, Failures: 0, Errors: 0, Skipped: 0, Time elapsed: 0.003 sec
Running retrofit.mime.MultipartTypedOutputTest
Tests run: 4, Failures: 0, Errors: 0, Skipped: 0, Time elapsed: 0.01 sec
Running retrofit.mime.TypedFileTest
Tests run: 3, Failures: 0, Errors: 0, Skipped: 0, Time elapsed: 0.042 sec
Running retrofit.RestMethodInfoTest
Tests run: 14, Failures: 0, Errors: 0, Skipped: 0, Time elapsed: 0.056 sec
Running retrofit.ErrorHandlerTest
Tests run: 4, Failures: 0, Errors: 0, Skipped: 0, Time elapsed: 0.181 sec
Running retrofit.client.ClientIntegrationTest
Dec 31, 2014 7:36:20 AM com.squareup.okhttp.mockwebserver.MockWebServer$2 execute
INFO: MockWebServer[36666] starting to accept connections
Dec 31, 2014 7:36:20 AM com.squareup.okhttp.mockwebserver.MockWebServer$2 acceptConnections
INFO: MockWebServer[36666] done accepting connections: Socket closed
Dec 31, 2014 7:36:20 AM com.squareup.okhttp.mockwebserver.MockWebServer$3 processConnection
WARNING: MockWebServer[36666] connection from /127.0.0.1 didn't make a request
Dec 31, 2014 7:36:20 AM com.squareup.okhttp.mockwebserver.MockWebServer$2 execute
INFO: MockWebServer[50814] starting to accept connections
Dec 31, 2014 7:36:20 AM com.squareup.okhttp.mockwebserver.MockWebServer$3 processOneRequest
INFO: MockWebServer[50814] received request: POST /post HTTP/1.1 and responded: HTTP/1.1 200 OK
Dec 31, 2014 7:36:20 AM com.squareup.okhttp.mockwebserver.MockWebServer$2 acceptConnections
INFO: MockWebServer[50814] done accepting connections: Socket closed
Dec 31, 2014 7:36:20 AM com.squareup.okhttp.mockwebserver.MockWebServer$2 execute
INFO: MockWebServer[39307] starting to accept connections
Dec 31, 2014 7:36:20 AM com.squareup.okhttp.mockwebserver.MockWebServer$3 processOneRequest
INFO: MockWebServer[39307] received request: GET /get HTTP/1.1 and responded: HTTP/1.1 200 OK
Dec 31, 2014 7:36:20 AM com.squareup.okhttp.mockwebserver.MockWebServer$2 acceptConnections
INFO: MockWebServer[39307] done accepting connections: Socket closed
Dec 31, 2014 7:36:20 AM com.squareup.okhttp.mockwebserver.MockWebServer$2 execute
INFO: MockWebServer[42495] starting to accept connections
Dec 31, 2014 7:36:20 AM com.squareup.okhttp.mockwebserver.MockWebServer$3 processOneRequest
INFO: MockWebServer[42495] received request: POST /post HTTP/1.1 and responded: HTTP/1.1 200 OK
Dec 31, 2014 7:36:20 AM com.squareup.okhttp.mockwebserver.MockWebServer$2 acceptConnections
INFO: MockWebServer[42495] done accepting connections: Socket closed
Dec 31, 2014 7:36:20 AM com.squareup.okhttp.mockwebserver.MockWebServer$2 execute
INFO: MockWebServer[36215] starting to accept connections
Dec 31, 2014 7:36:20 AM com.squareup.okhttp.mockwebserver.MockWebServer$3 processOneRequest
INFO: MockWebServer[36215] received request: GET /get HTTP/1.1 and responded: HTTP/1.1 200 OK
Dec 31, 2014 7:36:20 AM com.squareup.okhttp.mockwebserver.MockWebServer$2 acceptConnections
INFO: MockWebServer[36215] done accepting connections: Socket closed
Dec 31, 2014 7:36:20 AM com.squareup.okhttp.mockwebserver.MockWebServer$2 execute
INFO: MockWebServer[41213] starting to accept connections
Dec 31, 2014 7:36:20 AM com.squareup.okhttp.mockwebserver.MockWebServer$3 processOneRequest
INFO: MockWebServer[41213] received request: POST /post HTTP/1.1 and responded: HTTP/1.1 200 OK
Dec 31, 2014 7:36:20 AM com.squareup.okhttp.mockwebserver.MockWebServer$2 acceptConnections
INFO: MockWebServer[41213] done accepting connections: Socket closed
Tests run: 6, Failures: 0, Errors: 1, Skipped: 0, Time elapsed: 0.478 sec <<< FAILURE!
get[0](retrofit.client.ClientIntegrationTest)  Time elapsed: 0.26 sec  <<< ERROR!
retrofit.RetrofitError
	at retrofit.RetrofitError.networkError(RetrofitError.java:27)
	at retrofit.RestAdapter$RestHandler.invokeRequest(RestAdapter.java:381)
	at retrofit.RestAdapter$RestHandler.invoke(RestAdapter.java:237)
	at com.sun.proxy.$Proxy14.get(Unknown Source)
	at retrofit.client.ClientIntegrationTest.get(ClientIntegrationTest.java:59)
	at sun.reflect.NativeMethodAccessorImpl.invoke0(Native Method)
	at sun.reflect.NativeMethodAccessorImpl.invoke(NativeMethodAccessorImpl.java:62)
	at sun.reflect.DelegatingMethodAccessorImpl.invoke(DelegatingMethodAccessorImpl.java:43)
	at java.lang.reflect.Method.invoke(Method.java:483)
	at org.junit.runners.model.FrameworkMethod$1.runReflectiveCall(FrameworkMethod.java:47)
	at org.junit.internal.runners.model.ReflectiveCallable.run(ReflectiveCallable.java:12)
	at org.junit.runners.model.FrameworkMethod.invokeExplosively(FrameworkMethod.java:44)
	at org.junit.internal.runners.statements.InvokeMethod.evaluate(InvokeMethod.java:17)
	at org.junit.internal.runners.statements.RunBefores.evaluate(RunBefores.java:26)
	at org.junit.rules.ExternalResource$1.evaluate(ExternalResource.java:48)
	at org.junit.rules.RunRules.evaluate(RunRules.java:20)
	at org.junit.runners.ParentRunner.runLeaf(ParentRunner.java:271)
	at org.junit.runners.BlockJUnit4ClassRunner.runChild(BlockJUnit4ClassRunner.java:70)
	at org.junit.runners.BlockJUnit4ClassRunner.runChild(BlockJUnit4ClassRunner.java:50)
	at org.junit.runners.ParentRunner$3.run(ParentRunner.java:238)
	at org.junit.runners.ParentRunner$1.schedule(ParentRunner.java:63)
	at org.junit.runners.ParentRunner.runChildren(ParentRunner.java:236)
	at org.junit.runners.ParentRunner.access$000(ParentRunner.java:53)
	at org.junit.runners.ParentRunner$2.evaluate(ParentRunner.java:229)
	at org.junit.runners.ParentRunner.run(ParentRunner.java:309)
	at org.junit.runners.Suite.runChild(Suite.java:127)
	at org.junit.runners.Suite.runChild(Suite.java:26)
	at org.junit.runners.ParentRunner$3.run(ParentRunner.java:238)
	at org.junit.runners.ParentRunner$1.schedule(ParentRunner.java:63)
	at org.junit.runners.ParentRunner.runChildren(ParentRunner.java:236)
	at org.junit.runners.ParentRunner.access$000(ParentRunner.java:53)
	at org.junit.runners.ParentRunner$2.evaluate(ParentRunner.java:229)
	at org.junit.runners.ParentRunner.run(ParentRunner.java:309)
	at org.apache.maven.surefire.junit4.JUnit4Provider.execute(JUnit4Provider.java:252)
	at org.apache.maven.surefire.junit4.JUnit4Provider.executeTestSet(JUnit4Provider.java:141)
	at org.apache.maven.surefire.junit4.JUnit4Provider.invoke(JUnit4Provider.java:112)
	at sun.reflect.NativeMethodAccessorImpl.invoke0(Native Method)
	at sun.reflect.NativeMethodAccessorImpl.invoke(NativeMethodAccessorImpl.java:62)
	at sun.reflect.DelegatingMethodAccessorImpl.invoke(DelegatingMethodAccessorImpl.java:43)
	at java.lang.reflect.Method.invoke(Method.java:483)
	at org.apache.maven.surefire.util.ReflectionUtils.invokeMethodWithArray(ReflectionUtils.java:189)
	at org.apache.maven.surefire.booter.ProviderFactory$ProviderProxy.invoke(ProviderFactory.java:165)
	at org.apache.maven.surefire.booter.ProviderFactory.invokeProvider(ProviderFactory.java:85)
	at org.apache.maven.surefire.booter.ForkedBooter.runSuitesInProcess(ForkedBooter.java:115)
	at org.apache.maven.surefire.booter.ForkedBooter.main(ForkedBooter.java:75)
Caused by: java.io.InterruptedIOException
	at okio.Timeout.throwIfReached(Timeout.java:146)
	at okio.Okio$1.write(Okio.java:75)
	at okio.AsyncTimeout$1.write(AsyncTimeout.java:155)
	at okio.RealBufferedSink.flush(RealBufferedSink.java:185)
	at com.squareup.okhttp.internal.http.HttpConnection.flush(HttpConnection.java:138)
	at com.squareup.okhttp.internal.http.HttpTransport.finishRequest(HttpTransport.java:52)
	at com.squareup.okhttp.internal.http.HttpEngine.readNetworkResponse(HttpEngine.java:789)
	at com.squareup.okhttp.internal.http.HttpEngine.access$200(HttpEngine.java:90)
	at com.squareup.okhttp.internal.http.HttpEngine$NetworkInterceptorChain.proceed(HttpEngine.java:784)
	at com.squareup.okhttp.internal.http.HttpEngine.readResponse(HttpEngine.java:645)
	at com.squareup.okhttp.Call.getResponse(Call.java:263)
	at com.squareup.okhttp.Call$ApplicationInterceptorChain.proceed(Call.java:219)
	at com.squareup.okhttp.Call.getResponseWithInterceptorChain(Call.java:192)
	at com.squareup.okhttp.Call.execute(Call.java:79)
	at retrofit.client.OkClient.execute(OkClient.java:53)
	at retrofit.RestAdapter$RestHandler.invokeRequest(RestAdapter.java:318)
	... 43 more

Running retrofit.client.OkClientTest
Tests run: 6, Failures: 0, Errors: 0, Skipped: 0, Time elapsed: 0.006 sec
Running retrofit.client.ApacheClientTest
Tests run: 6, Failures: 0, Errors: 0, Skipped: 0, Time elapsed: 0.001 sec
Running retrofit.client.UrlConnectionClientTest
Tests run: 9, Failures: 0, Errors: 0, Skipped: 0, Time elapsed: 0 sec
Running retrofit.RestAdapterTest
Tests run: 30, Failures: 0, Errors: 0, Skipped: 0, Time elapsed: 0.199 sec
Running retrofit.RequestBuilderTest
Tests run: 105, Failures: 0, Errors: 0, Skipped: 0, Time elapsed: 0.204 sec
Running retrofit.RxSupportTest
Tests run: 7, Failures: 0, Errors: 0, Skipped: 0, Time elapsed: 0.102 sec
Running retrofit.CallbackRunnableTest
Tests run: 2, Failures: 0, Errors: 0, Skipped: 0, Time elapsed: 0.027 sec
Running retrofit.EndpointsTest
Tests run: 1, Failures: 0, Errors: 0, Skipped: 0, Time elapsed: 0 sec

Results :

Tests in error: 
  get[0](retrofit.client.ClientIntegrationTest)

Tests run: 203, Failures: 0, Errors: 1, Skipped: 0

[INFO] ------------------------------------------------------------------------
[INFO] Reactor Summary:
[INFO] 
[INFO] Retrofit (Parent) .................................. SUCCESS [  0.501 s]
[INFO] Retrofit ........................................... FAILURE [  9.838 s]
[INFO] Retrofit AppEngine ................................. SKIPPED
[INFO] Converters ......................................... SKIPPED
[INFO] Converter: Protocol Buffers ........................ SKIPPED
[INFO] Converter: Jackson ................................. SKIPPED
[INFO] Converter: Wire Protocol Buffers ................... SKIPPED
[INFO] Converter: SimpleXML ............................... SKIPPED
[INFO] Retrofit Mock Adapter .............................. SKIPPED
[INFO] Samples ............................................ SKIPPED
[INFO] Sample: GitHub Client .............................. SKIPPED
[INFO] Sample: Mock GitHub Client ......................... SKIPPED
[INFO] ------------------------------------------------------------------------
[INFO] BUILD FAILURE
[INFO] ------------------------------------------------------------------------
[INFO] Total time: 10.700 s
[INFO] Finished at: 2014-12-31T07:36:21+00:00
[INFO] Final Memory: 20M/363M
[INFO] ------------------------------------------------------------------------
[ERROR] Failed to execute goal org.apache.maven.plugins:maven-surefire-plugin:2.12.4:test (default-test) on project retrofit: There are test failures.
[ERROR] 
[ERROR] Please refer to /home/travis/build/square/retrofit/retrofit/target/surefire-reports for the individual test results.
[ERROR] -> [Help 1]
[ERROR] 
[ERROR] To see the full stack trace of the errors, re-run Maven with the -e switch.
[ERROR] Re-run Maven using the -X switch to enable full debug logging.
[ERROR] 
[ERROR] For more information about the errors and possible solutions, please read the following articles:
[ERROR] [Help 1] http://cwiki.apache.org/confluence/display/MAVEN/MojoFailureException
[ERROR] 
[ERROR] After correcting the problems, you can resume the build with the command
[ERROR]   mvn <goals> -rf :retrofit
travis_time:end:06aad73b:start=1420011369047531742,finish=1420011381409777778,duration=12362246036[0K
[31;1mThe command "mvn test -B" exited with 1.[0m
travis_fold:start:cache.2[0Kstore build cache
travis_time:start:06907860[0Kchange detected: /home/travis/.m2/repository/com/squareup/retrofit/parent/2.0.0-SNAPSHOT/_remote.repositories
changes detected, packing new archive
uploading archive
travis_time:end:06907860:start=1420011381413801227,finish=1420011392120821854,duration=10707020627[0Ktravis_fold:end:cache.2[0K
Done. Your build exited with 1.
