travis_fold:start:worker_info[0K[33;1mWorker information[0m
hostname: i-0c2cbf6-precise-production-2-worker-org-docker.travisci.net:e2c67e20-7bb0-44c2-a3b8-71a7a8c6f42e
version: v2.5.0 https://github.com/travis-ci/worker/tree/da3a43228dffc0fcca5a46569ca786b22991979f
instance: 3b94216:travis:java
startup: 567.552877ms
travis_fold:end:worker_info[0Ktravis_fold:start:system_info[0K[33;1mBuild system information[0m
Build language: java
Build group: stable
Build dist: precise
Build id: 207401424
Job id: 207401425
travis-build version: c56b13141
[34m[1mBuild image provisioning date and time[0m
Thu Feb  5 15:09:33 UTC 2015
[34m[1mOperating System Details[0m
Distributor ID:	Ubuntu
Description:	Ubuntu 12.04.5 LTS
Release:	12.04
Codename:	precise
[34m[1mLinux Version[0m
3.13.0-29-generic
[34m[1mCookbooks Version[0m
a68419e https://github.com/travis-ci/travis-cookbooks/tree/a68419e
[34m[1mGCC version[0m
gcc (Ubuntu/Linaro 4.6.3-1ubuntu5) 4.6.3
Copyright (C) 2011 Free Software Foundation, Inc.
This is free software; see the source for copying conditions.  There is NO
warranty; not even for MERCHANTABILITY or FITNESS FOR A PARTICULAR PURPOSE.

[34m[1mLLVM version[0m
clang version 3.4 (tags/RELEASE_34/final)
Target: x86_64-unknown-linux-gnu
Thread model: posix
[34m[1mPre-installed Ruby versions[0m
ruby-1.9.3-p551
[34m[1mPre-installed Node.js versions[0m
v0.10.36
[34m[1mPre-installed Go versions[0m
1.4.1
[34m[1mRedis version[0m
redis-server 2.8.19
[34m[1mriak version[0m
2.0.2
[34m[1mMongoDB version[0m
MongoDB 2.4.12
[34m[1mCouchDB version[0m
couchdb 1.6.1
[34m[1mNeo4j version[0m
1.9.4
[34m[1mRabbitMQ Version[0m
3.4.3
[34m[1mElasticSearch version[0m
1.4.0
[34m[1mInstalled Sphinx versions[0m
2.0.10
2.1.9
2.2.6
[34m[1mDefault Sphinx version[0m
2.2.6
[34m[1mInstalled Firefox version[0m
firefox 31.0esr
[34m[1mPhantomJS version[0m
1.9.8
[34m[1mant -version[0m
Apache Ant(TM) version 1.8.2 compiled on December 3 2011
[34m[1mmvn -version[0m
Apache Maven 3.2.5 (12a6b3acb947671f09b81f49094c53f426d8cea1; 2014-12-14T17:29:23+00:00)
Maven home: /usr/local/maven
Java version: 1.7.0_76, vendor: Oracle Corporation
Java home: /usr/lib/jvm/java-7-oracle/jre
Default locale: en_US, platform encoding: ANSI_X3.4-1968
OS name: "linux", version: "3.13.0-29-generic", arch: "amd64", family: "unix"
travis_fold:end:system_info[0K
travis_fold:start:fix.CVE-2015-7547[0K$ export DEBIAN_FRONTEND=noninteractive
Reading package lists...
Building dependency tree...
Reading state information...
The following extra packages will be installed:
  libc-bin libc-dev-bin libc6-dev
Suggested packages:
  glibc-doc
The following packages will be upgraded:
  libc-bin libc-dev-bin libc6 libc6-dev
4 upgraded, 0 newly installed, 0 to remove and 271 not upgraded.
Need to get 8,840 kB of archives.
After this operation, 14.3 kB disk space will be freed.
Get:1 http://us.archive.ubuntu.com/ubuntu/ precise-updates/main libc6-dev amd64 2.15-0ubuntu10.15 [2,943 kB]
Get:2 http://us.archive.ubuntu.com/ubuntu/ precise-updates/main libc-dev-bin amd64 2.15-0ubuntu10.15 [84.7 kB]
Get:3 http://us.archive.ubuntu.com/ubuntu/ precise-updates/main libc-bin amd64 2.15-0ubuntu10.15 [1,177 kB]
Get:4 http://us.archive.ubuntu.com/ubuntu/ precise-updates/main libc6 amd64 2.15-0ubuntu10.15 [4,636 kB]
Fetched 8,840 kB in 0s (34.1 MB/s)
Preconfiguring packages ...
(Reading database ... (Reading database ... 5%(Reading database ... 10%(Reading database ... 15%(Reading database ... 20%(Reading database ... 25%(Reading database ... 30%(Reading database ... 35%(Reading database ... 40%(Reading database ... 45%(Reading database ... 50%(Reading database ... 55%(Reading database ... 60%(Reading database ... 65%(Reading database ... 70%(Reading database ... 75%(Reading database ... 80%(Reading database ... 85%(Reading database ... 90%(Reading database ... 95%(Reading database ... 100%(Reading database ... 72019 files and directories currently installed.)
Preparing to replace libc6-dev 2.15-0ubuntu10.10 (using .../libc6-dev_2.15-0ubuntu10.15_amd64.deb) ...
Unpacking replacement libc6-dev ...
Preparing to replace libc-dev-bin 2.15-0ubuntu10.10 (using .../libc-dev-bin_2.15-0ubuntu10.15_amd64.deb) ...
Unpacking replacement libc-dev-bin ...
Preparing to replace libc-bin 2.15-0ubuntu10.10 (using .../libc-bin_2.15-0ubuntu10.15_amd64.deb) ...
Unpacking replacement libc-bin ...
Processing triggers for man-db ...
Setting up libc-bin (2.15-0ubuntu10.15) ...
(Reading database ... (Reading database ... 5%(Reading database ... 10%(Reading database ... 15%(Reading database ... 20%(Reading database ... 25%(Reading database ... 30%(Reading database ... 35%(Reading database ... 40%(Reading database ... 45%(Reading database ... 50%(Reading database ... 55%(Reading database ... 60%(Reading database ... 65%(Reading database ... 70%(Reading database ... 75%(Reading database ... 80%(Reading database ... 85%(Reading database ... 90%(Reading database ... 95%(Reading database ... 100%(Reading database ... 72018 files and directories currently installed.)
Preparing to replace libc6 2.15-0ubuntu10.10 (using .../libc6_2.15-0ubuntu10.15_amd64.deb) ...
Unpacking replacement libc6 ...
Setting up libc6 (2.15-0ubuntu10.15) ...
Setting up libc-dev-bin (2.15-0ubuntu10.15) ...
Setting up libc6-dev (2.15-0ubuntu10.15) ...
Processing triggers for libc-bin ...
ldconfig deferred processing now taking place
travis_fold:end:fix.CVE-2015-7547[0K$ jdk_switcher use oraclejdk8
Switching to Oracle JDK8 (java-8-oracle), JAVA_HOME will be set to /usr/lib/jvm/java-8-oracle
travis_fold:start:git.checkout[0Ktravis_time:start:2e4b8bc5[0K$ git clone --depth=50 https://github.com/SonarSource/sonar-php.git SonarSource/sonar-php
Cloning into 'SonarSource/sonar-php'...
remote: Counting objects: 4088, done.[K
remote: Compressing objects:   0% (1/1531)   [Kremote: Compressing objects:   1% (16/1531)   [Kremote: Compressing objects:   2% (31/1531)   [Kremote: Compressing objects:   3% (46/1531)   [Kremote: Compressing objects:   4% (62/1531)   [Kremote: Compressing objects:   5% (77/1531)   [Kremote: Compressing objects:   6% (92/1531)   [Kremote: Compressing objects:   7% (108/1531)   [Kremote: Compressing objects:   8% (123/1531)   [Kremote: Compressing objects:   9% (138/1531)   [Kremote: Compressing objects:  10% (154/1531)   [Kremote: Compressing objects:  11% (169/1531)   [Kremote: Compressing objects:  12% (184/1531)   [Kremote: Compressing objects:  13% (200/1531)   [Kremote: Compressing objects:  14% (215/1531)   [Kremote: Compressing objects:  15% (230/1531)   [Kremote: Compressing objects:  16% (245/1531)   [Kremote: Compressing objects:  17% (261/1531)   [Kremote: Compressing objects:  18% (276/1531)   [Kremote: Compressing objects:  19% (291/1531)   [Kremote: Compressing objects:  20% (307/1531)   [Kremote: Compressing objects:  21% (322/1531)   [Kremote: Compressing objects:  22% (337/1531)   [Kremote: Compressing objects:  23% (353/1531)   [Kremote: Compressing objects:  24% (368/1531)   [Kremote: Compressing objects:  25% (383/1531)   [Kremote: Compressing objects:  26% (399/1531)   [Kremote: Compressing objects:  27% (414/1531)   [Kremote: Compressing objects:  28% (429/1531)   [Kremote: Compressing objects:  29% (444/1531)   [Kremote: Compressing objects:  30% (460/1531)   [Kremote: Compressing objects:  31% (475/1531)   [Kremote: Compressing objects:  32% (490/1531)   [Kremote: Compressing objects:  33% (506/1531)   [Kremote: Compressing objects:  34% (521/1531)   [Kremote: Compressing objects:  35% (536/1531)   [Kremote: Compressing objects:  36% (552/1531)   [Kremote: Compressing objects:  37% (567/1531)   [Kremote: Compressing objects:  38% (582/1531)   [Kremote: Compressing objects:  39% (598/1531)   [Kremote: Compressing objects:  40% (613/1531)   [Kremote: Compressing objects:  41% (628/1531)   [Kremote: Compressing objects:  42% (644/1531)   [Kremote: Compressing objects:  43% (659/1531)   [Kremote: Compressing objects:  44% (674/1531)   [Kremote: Compressing objects:  45% (689/1531)   [Kremote: Compressing objects:  46% (705/1531)   [Kremote: Compressing objects:  47% (720/1531)   [Kremote: Compressing objects:  48% (735/1531)   [Kremote: Compressing objects:  49% (751/1531)   [Kremote: Compressing objects:  50% (766/1531)   [Kremote: Compressing objects:  51% (781/1531)   [Kremote: Compressing objects:  52% (797/1531)   [Kremote: Compressing objects:  53% (812/1531)   [Kremote: Compressing objects:  54% (827/1531)   [Kremote: Compressing objects:  55% (843/1531)   [Kremote: Compressing objects:  56% (858/1531)   [Kremote: Compressing objects:  57% (873/1531)   [Kremote: Compressing objects:  58% (888/1531)   [Kremote: Compressing objects:  59% (904/1531)   [Kremote: Compressing objects:  60% (919/1531)   [Kremote: Compressing objects:  61% (934/1531)   [Kremote: Compressing objects:  62% (950/1531)   [Kremote: Compressing objects:  63% (965/1531)   [Kremote: Compressing objects:  64% (980/1531)   [Kremote: Compressing objects:  65% (996/1531)   [Kremote: Compressing objects:  66% (1011/1531)   [Kremote: Compressing objects:  67% (1026/1531)   [Kremote: Compressing objects:  68% (1042/1531)   [Kremote: Compressing objects:  69% (1057/1531)   [Kremote: Compressing objects:  70% (1072/1531)   [Kremote: Compressing objects:  71% (1088/1531)   [Kremote: Compressing objects:  72% (1103/1531)   [Kremote: Compressing objects:  73% (1118/1531)   [Kremote: Compressing objects:  74% (1133/1531)   [Kremote: Compressing objects:  75% (1149/1531)   [Kremote: Compressing objects:  76% (1164/1531)   [Kremote: Compressing objects:  77% (1179/1531)   [Kremote: Compressing objects:  78% (1195/1531)   [Kremote: Compressing objects:  79% (1210/1531)   [Kremote: Compressing objects:  80% (1225/1531)   [Kremote: Compressing objects:  81% (1241/1531)   [Kremote: Compressing objects:  82% (1256/1531)   [Kremote: Compressing objects:  83% (1271/1531)   [Kremote: Compressing objects:  84% (1287/1531)   [Kremote: Compressing objects:  85% (1302/1531)   [Kremote: Compressing objects:  86% (1317/1531)   [Kremote: Compressing objects:  87% (1332/1531)   [Kremote: Compressing objects:  88% (1348/1531)   [Kremote: Compressing objects:  89% (1363/1531)   [Kremote: Compressing objects:  90% (1378/1531)   [Kremote: Compressing objects:  91% (1394/1531)   [Kremote: Compressing objects:  92% (1409/1531)   [Kremote: Compressing objects:  93% (1424/1531)   [Kremote: Compressing objects:  94% (1440/1531)   [Kremote: Compressing objects:  95% (1455/1531)   [Kremote: Compressing objects:  96% (1470/1531)   [Kremote: Compressing objects:  97% (1486/1531)   [Kremote: Compressing objects:  98% (1501/1531)   [Kremote: Compressing objects:  99% (1516/1531)   [Kremote: Compressing objects: 100% (1531/1531)   [Kremote: Compressing objects: 100% (1531/1531), done.[K
Receiving objects:   0% (1/4088)   Receiving objects:   1% (41/4088)   Receiving objects:   2% (82/4088)   Receiving objects:   3% (123/4088)   Receiving objects:   4% (164/4088)   Receiving objects:   5% (205/4088)   Receiving objects:   6% (246/4088)   Receiving objects:   7% (287/4088)   Receiving objects:   8% (328/4088)   Receiving objects:   9% (368/4088)   Receiving objects:  10% (409/4088)   Receiving objects:  11% (450/4088)   Receiving objects:  12% (491/4088)   Receiving objects:  13% (532/4088)   Receiving objects:  14% (573/4088)   Receiving objects:  15% (614/4088)   Receiving objects:  16% (655/4088)   Receiving objects:  17% (695/4088)   Receiving objects:  18% (736/4088)   Receiving objects:  19% (777/4088)   Receiving objects:  20% (818/4088)   Receiving objects:  21% (859/4088)   Receiving objects:  22% (900/4088)   Receiving objects:  23% (941/4088)   Receiving objects:  24% (982/4088)   Receiving objects:  25% (1022/4088)   Receiving objects:  26% (1063/4088)   Receiving objects:  27% (1104/4088)   Receiving objects:  28% (1145/4088)   Receiving objects:  29% (1186/4088)   Receiving objects:  30% (1227/4088)   Receiving objects:  31% (1268/4088)   Receiving objects:  32% (1309/4088)   Receiving objects:  33% (1350/4088)   Receiving objects:  34% (1390/4088)   Receiving objects:  35% (1431/4088)   Receiving objects:  36% (1472/4088)   Receiving objects:  37% (1513/4088)   Receiving objects:  38% (1554/4088)   Receiving objects:  39% (1595/4088)   Receiving objects:  40% (1636/4088)   Receiving objects:  41% (1677/4088)   Receiving objects:  42% (1717/4088)   Receiving objects:  43% (1758/4088)   Receiving objects:  44% (1799/4088)   Receiving objects:  45% (1840/4088)   Receiving objects:  46% (1881/4088)   Receiving objects:  47% (1922/4088)   Receiving objects:  48% (1963/4088)   Receiving objects:  49% (2004/4088)   Receiving objects:  50% (2044/4088)   Receiving objects:  51% (2085/4088)   Receiving objects:  52% (2126/4088)   Receiving objects:  53% (2167/4088)   Receiving objects:  54% (2208/4088)   Receiving objects:  55% (2249/4088)   Receiving objects:  56% (2290/4088)   Receiving objects:  57% (2331/4088)   Receiving objects:  58% (2372/4088)   Receiving objects:  59% (2412/4088)   Receiving objects:  60% (2453/4088)   Receiving objects:  61% (2494/4088)   Receiving objects:  62% (2535/4088)   Receiving objects:  63% (2576/4088)   Receiving objects:  64% (2617/4088)   Receiving objects:  65% (2658/4088)   Receiving objects:  66% (2699/4088)   Receiving objects:  67% (2739/4088)   Receiving objects:  68% (2780/4088)   Receiving objects:  69% (2821/4088)   Receiving objects:  70% (2862/4088)   Receiving objects:  71% (2903/4088)   Receiving objects:  72% (2944/4088)   Receiving objects:  73% (2985/4088)   Receiving objects:  74% (3026/4088)   Receiving objects:  75% (3066/4088)   Receiving objects:  76% (3107/4088)   Receiving objects:  77% (3148/4088)   Receiving objects:  78% (3189/4088)   Receiving objects:  79% (3230/4088)   Receiving objects:  80% (3271/4088)   Receiving objects:  81% (3312/4088)   Receiving objects:  82% (3353/4088)   Receiving objects:  83% (3394/4088)   Receiving objects:  84% (3434/4088)   Receiving objects:  85% (3475/4088)   Receiving objects:  86% (3516/4088)   Receiving objects:  87% (3557/4088)   Receiving objects:  88% (3598/4088)   Receiving objects:  89% (3639/4088)   Receiving objects:  90% (3680/4088)   Receiving objects:  91% (3721/4088)   Receiving objects:  92% (3761/4088)   Receiving objects:  93% (3802/4088)   Receiving objects:  94% (3843/4088)   Receiving objects:  95% (3884/4088)   Receiving objects:  96% (3925/4088)   Receiving objects:  97% (3966/4088)   Receiving objects:  98% (4007/4088)   Receiving objects:  99% (4048/4088)   remote: Total 4088 (delta 2362), reused 3355 (delta 2011), pack-reused 0[K
Receiving objects: 100% (4088/4088)   Receiving objects: 100% (4088/4088), 1.19 MiB | 0 bytes/s, done.
Resolving deltas:   0% (0/2362)   Resolving deltas:   1% (25/2362)   Resolving deltas:   2% (53/2362)   Resolving deltas:   3% (73/2362)   Resolving deltas:   4% (95/2362)   Resolving deltas:   5% (126/2362)   Resolving deltas:   6% (145/2362)   Resolving deltas:   7% (168/2362)   Resolving deltas:   8% (189/2362)   Resolving deltas:   9% (218/2362)   Resolving deltas:  10% (240/2362)   Resolving deltas:  11% (261/2362)   Resolving deltas:  14% (348/2362)   Resolving deltas:  15% (357/2362)   Resolving deltas:  16% (400/2362)   Resolving deltas:  17% (408/2362)   Resolving deltas:  18% (443/2362)   Resolving deltas:  19% (449/2362)   Resolving deltas:  20% (478/2362)   Resolving deltas:  21% (497/2362)   Resolving deltas:  22% (521/2362)   Resolving deltas:  23% (549/2362)   Resolving deltas:  24% (579/2362)   Resolving deltas:  25% (600/2362)   Resolving deltas:  26% (615/2362)   Resolving deltas:  27% (654/2362)   Resolving deltas:  28% (662/2362)   Resolving deltas:  29% (693/2362)   Resolving deltas:  30% (716/2362)   Resolving deltas:  31% (735/2362)   Resolving deltas:  32% (757/2362)   Resolving deltas:  33% (780/2362)   Resolving deltas:  34% (804/2362)   Resolving deltas:  35% (828/2362)   Resolving deltas:  36% (868/2362)   Resolving deltas:  37% (883/2362)   Resolving deltas:  38% (902/2362)   Resolving deltas:  39% (922/2362)   Resolving deltas:  41% (974/2362)   Resolving deltas:  42% (999/2362)   Resolving deltas:  43% (1019/2362)   Resolving deltas:  44% (1051/2362)   Resolving deltas:  47% (1132/2362)   Resolving deltas:  48% (1137/2362)   Resolving deltas:  55% (1320/2362)   Resolving deltas:  56% (1340/2362)   Resolving deltas:  57% (1347/2362)   Resolving deltas:  58% (1373/2362)   Resolving deltas:  59% (1405/2362)   Resolving deltas:  60% (1425/2362)   Resolving deltas:  61% (1445/2362)   Resolving deltas:  62% (1470/2362)   Resolving deltas:  63% (1500/2362)   Resolving deltas:  66% (1566/2362)   Resolving deltas:  67% (1583/2362)   Resolving deltas:  68% (1611/2362)   Resolving deltas:  69% (1646/2362)   Resolving deltas:  71% (1698/2362)   Resolving deltas:  74% (1764/2362)   Resolving deltas:  78% (1856/2362)   Resolving deltas:  82% (1954/2362)   Resolving deltas:  84% (1988/2362)   Resolving deltas:  85% (2012/2362)   Resolving deltas:  86% (2035/2362)   Resolving deltas:  87% (2058/2362)   Resolving deltas:  89% (2104/2362)   Resolving deltas:  90% (2131/2362)   Resolving deltas:  91% (2150/2362)   Resolving deltas:  93% (2199/2362)   Resolving deltas:  94% (2223/2362)   Resolving deltas:  95% (2247/2362)   Resolving deltas:  96% (2276/2362)   Resolving deltas:  97% (2292/2362)   Resolving deltas:  98% (2325/2362)   Resolving deltas:  99% (2343/2362)   Resolving deltas: 100% (2362/2362)   Resolving deltas: 100% (2362/2362), done.
Checking connectivity... done.

travis_time:end:2e4b8bc5:start=1488555502321330578,finish=1488555503154249690,duration=832919112[0K$ cd SonarSource/sonar-php
travis_time:start:0465d88c[0K$ git fetch origin +refs/pull/178/merge:
remote: Counting objects: 98, done.[K
remote: Compressing objects:   2% (1/35)   [Kremote: Compressing objects:   5% (2/35)   [Kremote: Compressing objects:   8% (3/35)   [Kremote: Compressing objects:  11% (4/35)   [Kremote: Compressing objects:  14% (5/35)   [Kremote: Compressing objects:  17% (6/35)   [Kremote: Compressing objects:  20% (7/35)   [Kremote: Compressing objects:  22% (8/35)   [Kremote: Compressing objects:  25% (9/35)   [Kremote: Compressing objects:  28% (10/35)   [Kremote: Compressing objects:  31% (11/35)   [Kremote: Compressing objects:  34% (12/35)   [Kremote: Compressing objects:  37% (13/35)   [Kremote: Compressing objects:  40% (14/35)   [Kremote: Compressing objects:  42% (15/35)   [Kremote: Compressing objects:  45% (16/35)   [Kremote: Compressing objects:  48% (17/35)   [Kremote: Compressing objects:  51% (18/35)   [Kremote: Compressing objects:  54% (19/35)   [Kremote: Compressing objects:  57% (20/35)   [Kremote: Compressing objects:  60% (21/35)   [Kremote: Compressing objects:  62% (22/35)   [Kremote: Compressing objects:  65% (23/35)   [Kremote: Compressing objects:  68% (24/35)   [Kremote: Compressing objects:  71% (25/35)   [Kremote: Compressing objects:  74% (26/35)   [Kremote: Compressing objects:  77% (27/35)   [Kremote: Compressing objects:  80% (28/35)   [Kremote: Compressing objects:  82% (29/35)   [Kremote: Compressing objects:  85% (30/35)   [Kremote: Compressing objects:  88% (31/35)   [Kremote: Compressing objects:  91% (32/35)   [Kremote: Compressing objects:  94% (33/35)   [Kremote: Compressing objects:  97% (34/35)   [Kremote: Compressing objects: 100% (35/35)   [Kremote: Compressing objects: 100% (35/35), done.[K
remote: Total 98 (delta 40), reused 88 (delta 30), pack-reused 0[K
Unpacking objects:   1% (1/98)   Unpacking objects:   2% (2/98)   Unpacking objects:   3% (3/98)   Unpacking objects:   4% (4/98)   Unpacking objects:   5% (5/98)   Unpacking objects:   6% (6/98)   Unpacking objects:   7% (7/98)   Unpacking objects:   8% (8/98)   Unpacking objects:   9% (9/98)   Unpacking objects:  10% (10/98)   Unpacking objects:  11% (11/98)   Unpacking objects:  12% (12/98)   Unpacking objects:  13% (13/98)   Unpacking objects:  14% (14/98)   Unpacking objects:  15% (15/98)   Unpacking objects:  16% (16/98)   Unpacking objects:  17% (17/98)   Unpacking objects:  18% (18/98)   Unpacking objects:  19% (19/98)   Unpacking objects:  20% (20/98)   Unpacking objects:  21% (21/98)   Unpacking objects:  22% (22/98)   Unpacking objects:  23% (23/98)   Unpacking objects:  24% (24/98)   Unpacking objects:  25% (25/98)   Unpacking objects:  26% (26/98)   Unpacking objects:  27% (27/98)   Unpacking objects:  28% (28/98)   Unpacking objects:  29% (29/98)   Unpacking objects:  30% (30/98)   Unpacking objects:  31% (31/98)   Unpacking objects:  32% (32/98)   Unpacking objects:  33% (33/98)   Unpacking objects:  34% (34/98)   Unpacking objects:  35% (35/98)   Unpacking objects:  36% (36/98)   Unpacking objects:  37% (37/98)   Unpacking objects:  38% (38/98)   Unpacking objects:  39% (39/98)   Unpacking objects:  40% (40/98)   Unpacking objects:  41% (41/98)   Unpacking objects:  42% (42/98)   Unpacking objects:  43% (43/98)   Unpacking objects:  44% (44/98)   Unpacking objects:  45% (45/98)   Unpacking objects:  46% (46/98)   Unpacking objects:  47% (47/98)   Unpacking objects:  48% (48/98)   Unpacking objects:  50% (49/98)   Unpacking objects:  51% (50/98)   Unpacking objects:  52% (51/98)   Unpacking objects:  53% (52/98)   Unpacking objects:  54% (53/98)   Unpacking objects:  55% (54/98)   Unpacking objects:  56% (55/98)   Unpacking objects:  57% (56/98)   Unpacking objects:  58% (57/98)   Unpacking objects:  59% (58/98)   Unpacking objects:  60% (59/98)   Unpacking objects:  61% (60/98)   Unpacking objects:  62% (61/98)   Unpacking objects:  63% (62/98)   Unpacking objects:  64% (63/98)   Unpacking objects:  65% (64/98)   Unpacking objects:  66% (65/98)   Unpacking objects:  67% (66/98)   Unpacking objects:  68% (67/98)   Unpacking objects:  69% (68/98)   Unpacking objects:  70% (69/98)   Unpacking objects:  71% (70/98)   Unpacking objects:  72% (71/98)   Unpacking objects:  73% (72/98)   Unpacking objects:  74% (73/98)   Unpacking objects:  75% (74/98)   Unpacking objects:  76% (75/98)   Unpacking objects:  77% (76/98)   Unpacking objects:  78% (77/98)   Unpacking objects:  79% (78/98)   Unpacking objects:  80% (79/98)   Unpacking objects:  81% (80/98)   Unpacking objects:  82% (81/98)   Unpacking objects:  83% (82/98)   Unpacking objects:  84% (83/98)   Unpacking objects:  85% (84/98)   Unpacking objects:  86% (85/98)   Unpacking objects:  87% (86/98)   Unpacking objects:  88% (87/98)   Unpacking objects:  89% (88/98)   Unpacking objects:  90% (89/98)   Unpacking objects:  91% (90/98)   Unpacking objects:  92% (91/98)   Unpacking objects:  93% (92/98)   Unpacking objects:  94% (93/98)   Unpacking objects:  95% (94/98)   Unpacking objects:  96% (95/98)   Unpacking objects:  97% (96/98)   Unpacking objects:  98% (97/98)   Unpacking objects: 100% (98/98)   Unpacking objects: 100% (98/98), done.
From https://github.com/SonarSource/sonar-php
 * branch            refs/pull/178/merge -> FETCH_HEAD

travis_time:end:0465d88c:start=1488555503160318599,finish=1488555503543883678,duration=383565079[0K$ git checkout -qf FETCH_HEAD
travis_fold:end:git.checkout[0Ktravis_fold:start:git.submodule[0Ktravis_time:start:0b39a420[0K$ git submodule update --init --recursive
Submodule 'its/sources' (https://github.com/SonarCommunity/php-test-sources.git) registered for path 'its/sources'
Cloning into 'its/sources'...
remote: Counting objects: 4359, done.[K
Receiving objects:   0% (1/4359)   Receiving objects:   1% (44/4359)   Receiving objects:   2% (88/4359)   Receiving objects:   3% (131/4359)   Receiving objects:   4% (175/4359)   Receiving objects:   5% (218/4359)   Receiving objects:   6% (262/4359)   Receiving objects:   7% (306/4359)   Receiving objects:   8% (349/4359)   Receiving objects:   9% (393/4359)   Receiving objects:  10% (436/4359)   Receiving objects:  11% (480/4359)   Receiving objects:  12% (524/4359)   Receiving objects:  13% (567/4359)   Receiving objects:  14% (611/4359)   Receiving objects:  15% (654/4359)   Receiving objects:  16% (698/4359)   Receiving objects:  17% (742/4359)   Receiving objects:  18% (785/4359)   Receiving objects:  19% (829/4359)   Receiving objects:  20% (872/4359)   Receiving objects:  21% (916/4359)   Receiving objects:  22% (959/4359)   Receiving objects:  23% (1003/4359)   Receiving objects:  24% (1047/4359)   Receiving objects:  25% (1090/4359)   Receiving objects:  26% (1134/4359)   Receiving objects:  27% (1177/4359)   Receiving objects:  28% (1221/4359)   Receiving objects:  29% (1265/4359)   Receiving objects:  30% (1308/4359)   Receiving objects:  31% (1352/4359)   Receiving objects:  32% (1395/4359)   Receiving objects:  33% (1439/4359)   Receiving objects:  34% (1483/4359)   Receiving objects:  35% (1526/4359)   Receiving objects:  36% (1570/4359)   Receiving objects:  37% (1613/4359)   Receiving objects:  38% (1657/4359)   Receiving objects:  39% (1701/4359)   Receiving objects:  40% (1744/4359)   Receiving objects:  41% (1788/4359)   Receiving objects:  42% (1831/4359)   Receiving objects:  43% (1875/4359)   Receiving objects:  44% (1918/4359)   Receiving objects:  45% (1962/4359)   Receiving objects:  46% (2006/4359)   Receiving objects:  47% (2049/4359)   Receiving objects:  48% (2093/4359)   Receiving objects:  49% (2136/4359)   Receiving objects:  50% (2180/4359)   Receiving objects:  51% (2224/4359)   Receiving objects:  52% (2267/4359)   Receiving objects:  53% (2311/4359)   Receiving objects:  54% (2354/4359)   Receiving objects:  55% (2398/4359)   Receiving objects:  56% (2442/4359)   Receiving objects:  57% (2485/4359)   Receiving objects:  58% (2529/4359)   Receiving objects:  59% (2572/4359)   Receiving objects:  60% (2616/4359)   Receiving objects:  61% (2659/4359)   Receiving objects:  62% (2703/4359)   Receiving objects:  63% (2747/4359)   Receiving objects:  64% (2790/4359)   Receiving objects:  65% (2834/4359)   Receiving objects:  66% (2877/4359)   Receiving objects:  67% (2921/4359)   Receiving objects:  68% (2965/4359)   Receiving objects:  69% (3008/4359)   Receiving objects:  70% (3052/4359)   Receiving objects:  71% (3095/4359)   Receiving objects:  72% (3139/4359)   Receiving objects:  73% (3183/4359)   Receiving objects:  74% (3226/4359)   Receiving objects:  75% (3270/4359)   Receiving objects:  76% (3313/4359)   Receiving objects:  77% (3357/4359)   Receiving objects:  78% (3401/4359)   Receiving objects:  79% (3444/4359)   Receiving objects:  80% (3488/4359)   Receiving objects:  81% (3531/4359)   Receiving objects:  82% (3575/4359)   Receiving objects:  83% (3618/4359)   Receiving objects:  84% (3662/4359)   Receiving objects:  85% (3706/4359)   Receiving objects:  86% (3749/4359)   Receiving objects:  87% (3793/4359)   Receiving objects:  88% (3836/4359)   Receiving objects:  89% (3880/4359)   Receiving objects:  90% (3924/4359)   Receiving objects:  91% (3967/4359)   Receiving objects:  92% (4011/4359)   Receiving objects:  93% (4054/4359)   Receiving objects:  94% (4098/4359)   Receiving objects:  95% (4142/4359)   Receiving objects:  96% (4185/4359)   Receiving objects:  97% (4229/4359)   remote: Total 4359 (delta 0), reused 0 (delta 0), pack-reused 4359[K
Receiving objects:  98% (4272/4359)   Receiving objects:  99% (4316/4359)   Receiving objects: 100% (4359/4359)   Receiving objects: 100% (4359/4359), 3.26 MiB | 0 bytes/s, done.
Resolving deltas:   0% (0/1594)   Resolving deltas:   1% (16/1594)   Resolving deltas:   2% (33/1594)   Resolving deltas:   3% (52/1594)   Resolving deltas:   4% (65/1594)   Resolving deltas:   5% (81/1594)   Resolving deltas:   6% (98/1594)   Resolving deltas:   7% (123/1594)   Resolving deltas:   8% (128/1594)   Resolving deltas:   9% (146/1594)   Resolving deltas:  10% (160/1594)   Resolving deltas:  13% (218/1594)   Resolving deltas:  14% (237/1594)   Resolving deltas:  15% (247/1594)   Resolving deltas:  22% (358/1594)   Resolving deltas:  23% (371/1594)   Resolving deltas:  24% (385/1594)   Resolving deltas:  25% (401/1594)   Resolving deltas:  26% (419/1594)   Resolving deltas:  27% (431/1594)   Resolving deltas:  28% (448/1594)   Resolving deltas:  29% (463/1594)   Resolving deltas:  30% (480/1594)   Resolving deltas:  31% (495/1594)   Resolving deltas:  32% (512/1594)   Resolving deltas:  33% (527/1594)   Resolving deltas:  34% (543/1594)   Resolving deltas:  35% (565/1594)   Resolving deltas:  36% (581/1594)   Resolving deltas:  37% (592/1594)   Resolving deltas:  38% (611/1594)   Resolving deltas:  39% (622/1594)   Resolving deltas:  40% (639/1594)   Resolving deltas:  41% (654/1594)   Resolving deltas:  42% (672/1594)   Resolving deltas:  43% (686/1594)   Resolving deltas:  44% (702/1594)   Resolving deltas:  45% (718/1594)   Resolving deltas:  46% (735/1594)   Resolving deltas:  47% (750/1594)   Resolving deltas:  48% (771/1594)   Resolving deltas:  49% (783/1594)   Resolving deltas:  50% (800/1594)   Resolving deltas:  51% (814/1594)   Resolving deltas:  52% (830/1594)   Resolving deltas:  53% (845/1594)   Resolving deltas:  54% (861/1594)   Resolving deltas:  55% (878/1594)   Resolving deltas:  56% (894/1594)   Resolving deltas:  57% (914/1594)   Resolving deltas:  58% (926/1594)   Resolving deltas:  59% (943/1594)   Resolving deltas:  60% (959/1594)   Resolving deltas:  61% (976/1594)   Resolving deltas:  62% (990/1594)   Resolving deltas:  63% (1005/1594)   Resolving deltas:  64% (1021/1594)   Resolving deltas:  65% (1037/1594)   Resolving deltas:  66% (1053/1594)   Resolving deltas:  67% (1068/1594)   Resolving deltas:  68% (1085/1594)   Resolving deltas:  69% (1104/1594)   Resolving deltas:  70% (1116/1594)   Resolving deltas:  71% (1132/1594)   Resolving deltas:  72% (1149/1594)   Resolving deltas:  73% (1164/1594)   Resolving deltas:  74% (1180/1594)   Resolving deltas:  75% (1197/1594)   Resolving deltas:  76% (1221/1594)   Resolving deltas:  77% (1229/1594)   Resolving deltas:  78% (1244/1594)   Resolving deltas:  79% (1263/1594)   Resolving deltas:  80% (1277/1594)   Resolving deltas:  81% (1294/1594)   Resolving deltas:  82% (1311/1594)   Resolving deltas:  83% (1326/1594)   Resolving deltas:  84% (1339/1594)   Resolving deltas:  85% (1355/1594)   Resolving deltas:  86% (1372/1594)   Resolving deltas:  87% (1390/1594)   Resolving deltas:  88% (1403/1594)   Resolving deltas:  89% (1420/1594)   Resolving deltas:  90% (1436/1594)   Resolving deltas:  91% (1451/1594)   Resolving deltas:  92% (1467/1594)   Resolving deltas:  93% (1483/1594)   Resolving deltas:  94% (1504/1594)   Resolving deltas:  95% (1519/1594)   Resolving deltas:  96% (1535/1594)   Resolving deltas:  97% (1547/1594)   Resolving deltas:  98% (1563/1594)   Resolving deltas:  99% (1579/1594)   Resolving deltas: 100% (1594/1594)   Resolving deltas: 100% (1594/1594), done.
Checking connectivity... done.
Submodule path 'its/sources': checked out '6cda465572511fd99e4da2969fb4ed64f02c9587'

travis_time:end:0b39a420:start=1488555503695287790,finish=1488555504738105128,duration=1042817338[0Ktravis_fold:end:git.submodule[0K
[33;1mThis job is running on container-based infrastructure, which does not allow use of 'sudo', setuid and setguid executables.[0m
[33;1mIf you require sudo, add 'sudo: required' to your .travis.yml[0m
[33;1mSee https://docs.travis-ci.com/user/workers/container-based-infrastructure/ for details.[0m

[33;1mSetting environment variables from repository settings[0m
$ export ARTIFACTORY_URL=[secure]
$ export ARTIFACTORY_DEPLOY_REPO=[secure]
$ export ARTIFACTORY_DEPLOY_USERNAME=[secure]
$ export ARTIFACTORY_DEPLOY_PASSWORD=[secure]
$ export GITHUB_TOKEN=[secure]
$ export SONAR_TOKEN=[secure]
$ export DEPLOY_PULL_REQUEST=true
$ export SONAR_HOST_URL=[secure]

[33;1mSetting environment variables from .travis.yml[0m
$ export TEST=ci

travis_fold:start:cache.1[0KSetting up build cache
$ export CASHER_DIR=$HOME/.casher
travis_time:start:06e7d832[0K$ Installing caching utilities

travis_time:end:06e7d832:start=1488555507449149809,finish=1488555507477972718,duration=28822909[0Ktravis_time:start:03d8cd1a[0K
travis_time:end:03d8cd1a:start=1488555507484544584,finish=1488555507489054414,duration=4509830[0Ktravis_time:start:002c6012[0K[32;1mattempting to download cache archive[0m
[32;1mfetching PR.178/cache-linux-precise-aaf0f2a7697dc26eaa8f7fe2f6db204894f90918909ca69314e3747c529d7f1c--jdk-oraclejdk8.tgz[0m
[32;1mfound cache[0m

travis_time:end:002c6012:start=1488555507494288423,finish=1488555524998121216,duration=17503832793[0Ktravis_time:start:0448cf20[0K
travis_time:end:0448cf20:start=1488555525003052086,finish=1488555525007072561,duration=4020475[0Ktravis_time:start:0f9b2607[0K[32;1madding /home/travis/.m2/repository to cache[0m

travis_time:end:0f9b2607:start=1488555525011798281,finish=1488555545599584638,duration=20587786357[0Ktravis_fold:end:cache.1[0K$ java -Xmx32m -version
java version "1.8.0_31"
Java(TM) SE Runtime Environment (build 1.8.0_31-b13)
Java HotSpot(TM) 64-Bit Server VM (build 25.31-b07, mixed mode)
$ javac -J-Xmx32m -version
javac 1.8.0_31
travis_fold:start:install[0Ktravis_time:start:0871d2f9[0K$ true

travis_time:end:0871d2f9:start=1488555548647505261,finish=1488555548651541128,duration=4035867[0Ktravis_fold:end:install[0Ktravis_time:start:0885aa72[0K$ ./travis.sh
Copy public Maven settings
Setting .npmrc
======= Build and analyze pull request
Java HotSpot(TM) 64-Bit Server VM warning: ignoring option MaxPermSize=192m; support was removed in 8.0
Replacing version 2.10-SNAPSHOT with 2.10.0.2005
Java HotSpot(TM) 64-Bit Server VM warning: ignoring option MaxPermSize=192m; support was removed in 8.0
[INFO] Error stacktraces are turned on.
[INFO] Scanning for projects...
[INFO] ------------------------------------------------------------------------
[INFO] Reactor Build Order:
[INFO] 
[INFO] PHP
[INFO] PHP :: Frontend
[INFO] PHP :: Checks
[INFO] PHP :: Sonar Plugin
[INFO]                                                                         
[INFO] ------------------------------------------------------------------------
[INFO] Building PHP 2.10-SNAPSHOT
[INFO] ------------------------------------------------------------------------
[INFO] 
[INFO] --- versions-maven-plugin:2.2:set (default-cli) @ php ---
[INFO] Searching for local aggregator root...
[INFO] Local aggregation root: /home/travis/build/SonarSource/sonar-php
[INFO] Processing change of org.sonarsource.php:php:2.10-SNAPSHOT -> 2.10.0.2005
[INFO] Processing org.sonarsource.php:php
[INFO]     Updating project org.sonarsource.php:php
[INFO]         from version 2.10-SNAPSHOT to 2.10.0.2005
[INFO] 
[INFO] Processing org.sonarsource.php:php-checks
[INFO]     Updating parent org.sonarsource.php:php
[INFO]         from version 2.10-SNAPSHOT to 2.10.0.2005
[INFO] 
[INFO] Processing org.sonarsource.php:php-frontend
[INFO]     Updating parent org.sonarsource.php:php
[INFO]         from version 2.10-SNAPSHOT to 2.10.0.2005
[INFO] 
[INFO] Processing org.sonarsource.php:php-its
[INFO]     Updating parent org.sonarsource.php:php
[INFO]         from version 2.10-SNAPSHOT to 2.10.0.2005
[INFO] 
[INFO] Processing org.sonarsource.php:sonar-php-plugin
[INFO]     Updating parent org.sonarsource.php:php
[INFO]         from version 2.10-SNAPSHOT to 2.10.0.2005
[INFO] 
[INFO] Processing org.sonarsource.php:it-php-plugin
[INFO]     Updating parent org.sonarsource.php:php-its
[INFO]         from version 2.10-SNAPSHOT to 2.10.0.2005
[INFO] 
[INFO] Processing org.sonarsource.php:it-php-ruling
[INFO]     Updating parent org.sonarsource.php:php-its
[INFO]         from version 2.10-SNAPSHOT to 2.10.0.2005
[INFO] 
[INFO] Processing org.sonarsource.php:it-php-plugin-plugins
[INFO]     Updating parent org.sonarsource.php:it-php-plugin
[INFO]         from version 2.10-SNAPSHOT to 2.10.0.2005
[INFO] 
[INFO] Processing org.sonarsource.php:it-php-plugin-tests
[INFO]     Updating parent org.sonarsource.php:it-php-plugin
[INFO]         from version 2.10-SNAPSHOT to 2.10.0.2005
[INFO] 
[INFO] Processing org.sonarsource.php:php-custom-rules-plugin
[INFO]     Updating parent org.sonarsource.php:it-php-plugin-plugins
[INFO]         from version 2.10-SNAPSHOT to 2.10.0.2005
[INFO] 
[INFO] ------------------------------------------------------------------------
[INFO] Reactor Summary:
[INFO] 
[INFO] PHP ................................................ SUCCESS [ 21.982 s]
[INFO] PHP :: Frontend .................................... SKIPPED
[INFO] PHP :: Checks ...................................... SKIPPED
[INFO] PHP :: Sonar Plugin ................................ SKIPPED
[INFO] ------------------------------------------------------------------------
[INFO] BUILD SUCCESS
[INFO] ------------------------------------------------------------------------
[INFO] Total time: 22.710 s
[INFO] Finished at: 2017-03-03T15:39:39+00:00
[INFO] Final Memory: 12M/491M
[INFO] ------------------------------------------------------------------------
======= with deploy
Java HotSpot(TM) 64-Bit Server VM warning: ignoring option MaxPermSize=192m; support was removed in 8.0
Apache Maven 3.2.5 (12a6b3acb947671f09b81f49094c53f426d8cea1; 2014-12-14T17:29:23+00:00)
Maven home: /usr/local/maven
Java version: 1.8.0_31, vendor: Oracle Corporation
Java home: /usr/lib/jvm/java-8-oracle/jre
Default locale: en_US, platform encoding: UTF-8
OS name: "linux", version: "4.8.12-040812-generic", arch: "amd64", family: "unix"
[INFO] Error stacktraces are turned on.
[INFO] Scanning for projects...
[INFO] ------------------------------------------------------------------------
[INFO] Reactor Build Order:
[INFO] 
[INFO] PHP
[INFO] PHP :: Frontend
[INFO] PHP :: Checks
[INFO] PHP :: Sonar Plugin
[INFO] Downloading: [secure]/sonarsource/org/jacoco/jacoco-maven-plugin/maven-metadata.xml
[INFO] Downloaded: [secure]/sonarsource/org/jacoco/jacoco-maven-plugin/maven-metadata.xml (2 KB at 1.3 KB/sec)
[INFO] Downloading: [secure]/sonarsource/org/codehaus/mojo/sonar-maven-plugin/maven-metadata.xml
[INFO] Downloaded: [secure]/sonarsource/org/codehaus/mojo/sonar-maven-plugin/maven-metadata.xml (894 B at 4.2 KB/sec)
[INFO]                                                                         
[INFO] ------------------------------------------------------------------------
[INFO] Building PHP 2.10.0.2005
[INFO] ------------------------------------------------------------------------
[INFO] 
[INFO] --- jacoco-maven-plugin:0.7.9:prepare-agent (default-cli) @ php ---
[INFO] argLine set to -javaagent:/home/travis/.m2/repository/org/jacoco/org.jacoco.agent/0.7.9/org.jacoco.agent-0.7.9-runtime.jar=destfile=/home/travis/build/SonarSource/sonar-php/target/jacoco.exec
[INFO] 
[INFO] --- buildnumber-maven-plugin:1.4:create (default) @ php ---
[INFO] Executing: /bin/sh -c cd '/home/travis/build/SonarSource/sonar-php' && 'git' 'rev-parse' '--verify' 'HEAD'
[INFO] Working directory: /home/travis/build/SonarSource/sonar-php
[INFO] Storing buildNumber: 19f0bffb4de3b4078ac8e74919f19060a383ac6c at timestamp: 1488555584635
[WARNING] Cannot get the branch information from the git repository: 
Detecting the current branch failed: fatal: ref HEAD is not a symbolic ref

[INFO] Executing: /bin/sh -c cd '/home/travis/build/SonarSource/sonar-php' && 'git' 'rev-parse' '--verify' 'HEAD'
[INFO] Working directory: /home/travis/build/SonarSource/sonar-php
[INFO] Storing buildScmBranch: UNKNOWN
[INFO] 
[INFO] --- maven-enforcer-plugin:1.4.1:enforce (enforce) @ php ---
[INFO] 
[INFO] --- maven-enforcer-plugin:1.4.1:enforce (enforce-deploy-settings) @ php ---
[INFO] 
[INFO] --- license-maven-plugin:2.11:check (enforce-license-headers) @ php ---
[INFO] Checking licenses...
[INFO] 
[INFO] --- artifactory-maven-plugin:2.6.1:publish (build-info) @ php ---
[INFO] Merged properties file:/tmp/buildInfo520706696253481958.properties created
[INFO] [buildinfo] Properties file found at '/tmp/buildInfo520706696253481958.properties'
[INFO] Initializing Artifactory Build-Info Recording
[INFO] ------------------------------------------------------------------------
[INFO] Reactor Build Order:
[INFO] 
[INFO] PHP
[INFO] PHP :: Frontend
[INFO] PHP :: Checks
[INFO] PHP :: Sonar Plugin
[INFO]                                                                         
[INFO] ------------------------------------------------------------------------
[INFO] Building PHP 2.10.0.2005
[INFO] ------------------------------------------------------------------------
[INFO] 
[INFO] --- maven-source-plugin:2.4:jar-no-fork (attach-sources) @ php ---
[INFO] 
[INFO] --- maven-install-plugin:2.5.2:install (default-install) @ php ---
[INFO] Installing /home/travis/build/SonarSource/sonar-php/pom.xml to /home/travis/.m2/repository/org/sonarsource/php/php/2.10.0.2005/php-2.10.0.2005.pom
[INFO] 
[INFO] --- maven-deploy-plugin:2.8.2:deploy (default-deploy) @ php ---
[INFO] Skipping artifact deployment
[INFO]                                                                         
[INFO] ------------------------------------------------------------------------
[INFO] Building PHP :: Frontend 2.10.0.2005
[INFO] ------------------------------------------------------------------------
[INFO] 
[INFO] --- jacoco-maven-plugin:0.7.9:prepare-agent (default-cli) @ php-frontend ---
[INFO] argLine set to -javaagent:/home/travis/.m2/repository/org/jacoco/org.jacoco.agent/0.7.9/org.jacoco.agent-0.7.9-runtime.jar=destfile=/home/travis/build/SonarSource/sonar-php/php-frontend/target/jacoco.exec
[INFO] 
[INFO] --- buildnumber-maven-plugin:1.4:create (default) @ php-frontend ---
[INFO] 
[INFO] --- maven-enforcer-plugin:1.4.1:enforce (enforce) @ php-frontend ---
[INFO] 
[INFO] --- maven-enforcer-plugin:1.4.1:enforce (enforce-deploy-settings) @ php-frontend ---
[INFO] 
[INFO] --- license-maven-plugin:2.11:check (enforce-license-headers) @ php-frontend ---
[INFO] Checking licenses...
[INFO] 
[INFO] --- artifactory-maven-plugin:2.6.1:publish (build-info) @ php-frontend ---
[INFO] 
[INFO] --- maven-resources-plugin:2.7:resources (default-resources) @ php-frontend ---
[INFO] Using 'UTF-8' encoding to copy filtered resources.
[INFO] skip non existing resourceDirectory /home/travis/build/SonarSource/sonar-php/php-frontend/src/main/resources
[INFO] 
[INFO] --- maven-compiler-plugin:3.5.1:compile (default-compile) @ php-frontend ---
[INFO] Changes detected - recompiling the module!
[INFO] Compiling 255 source files to /home/travis/build/SonarSource/sonar-php/php-frontend/target/classes
[INFO] /home/travis/build/SonarSource/sonar-php/php-frontend/src/main/java/org/sonar/plugins/php/api/visitors/PHPCustomRulesDefinition.java: Some input files use or override a deprecated API.
[INFO] /home/travis/build/SonarSource/sonar-php/php-frontend/src/main/java/org/sonar/plugins/php/api/visitors/PHPCustomRulesDefinition.java: Recompile with -Xlint:deprecation for details.
[INFO] /home/travis/build/SonarSource/sonar-php/php-frontend/src/main/java/org/sonar/php/tree/impl/lexical/InternalSyntaxToken.java: Some input files use unchecked or unsafe operations.
[INFO] /home/travis/build/SonarSource/sonar-php/php-frontend/src/main/java/org/sonar/php/tree/impl/lexical/InternalSyntaxToken.java: Recompile with -Xlint:unchecked for details.
[INFO] 
[INFO] --- maven-resources-plugin:2.7:testResources (default-testResources) @ php-frontend ---
[INFO] Using 'UTF-8' encoding to copy filtered resources.
[INFO] Copying 15 resources
[INFO] 
[INFO] --- maven-compiler-plugin:3.5.1:testCompile (default-testCompile) @ php-frontend ---
[INFO] Changes detected - recompiling the module!
[INFO] Compiling 215 source files to /home/travis/build/SonarSource/sonar-php/php-frontend/target/test-classes
[INFO] /home/travis/build/SonarSource/sonar-php/php-frontend/src/test/java/org/sonar/php/PHPTreeModelTest.java: Some input files use unchecked or unsafe operations.
[INFO] /home/travis/build/SonarSource/sonar-php/php-frontend/src/test/java/org/sonar/php/PHPTreeModelTest.java: Recompile with -Xlint:unchecked for details.
[INFO] 
[INFO] --- maven-surefire-plugin:2.18:test (default-test) @ php-frontend ---
[INFO] Surefire report directory: /home/travis/build/SonarSource/sonar-php/php-frontend/target/surefire-reports

-------------------------------------------------------
 T E S T S
-------------------------------------------------------
Running org.sonar.php.metrics.MetricsVisitorTest
Tests run: 2, Failures: 0, Errors: 0, Skipped: 0, Time elapsed: 1.651 sec - in org.sonar.php.metrics.MetricsVisitorTest
Running org.sonar.php.parser.declaration.VariableDeclarationTest
Tests run: 1, Failures: 0, Errors: 0, Skipped: 0, Time elapsed: 0.011 sec - in org.sonar.php.parser.declaration.VariableDeclarationTest
Running org.sonar.php.parser.statement.BlockTest
Tests run: 1, Failures: 0, Errors: 0, Skipped: 0, Time elapsed: 0.007 sec - in org.sonar.php.parser.statement.BlockTest
Running org.sonar.php.tree.visitors.PHPVisitorCheckTest
Tests run: 1, Failures: 0, Errors: 0, Skipped: 0, Time elapsed: 0.03 sec - in org.sonar.php.tree.visitors.PHPVisitorCheckTest
Running org.sonar.php.parser.statement.SwitchCaseClauseTest
Tests run: 1, Failures: 0, Errors: 0, Skipped: 0, Time elapsed: 0.021 sec - in org.sonar.php.parser.statement.SwitchCaseClauseTest
Running org.sonar.php.tree.impl.declaration.TypeTreeTest
Tests run: 2, Failures: 0, Errors: 0, Skipped: 0, Time elapsed: 0.017 sec - in org.sonar.php.tree.impl.declaration.TypeTreeTest
Running org.sonar.php.tree.impl.declaration.ParameterListTreeTest
Tests run: 2, Failures: 0, Errors: 0, Skipped: 0, Time elapsed: 0.029 sec - in org.sonar.php.tree.impl.declaration.ParameterListTreeTest
Running org.sonar.plugins.php.api.visitors.LineIssueTest
Tests run: 2, Failures: 0, Errors: 0, Skipped: 0, Time elapsed: 0.004 sec - in org.sonar.plugins.php.api.visitors.LineIssueTest
Running org.sonar.plugins.php.api.PHPCustomRulesDefinitionTest
Tests run: 1, Failures: 0, Errors: 0, Skipped: 0, Time elapsed: 0.19 sec - in org.sonar.plugins.php.api.PHPCustomRulesDefinitionTest
Running org.sonar.php.tree.impl.declaration.UseTraitDeclarationTreeTest
Tests run: 2, Failures: 0, Errors: 0, Skipped: 0, Time elapsed: 0.027 sec - in org.sonar.php.tree.impl.declaration.UseTraitDeclarationTreeTest
Running org.sonar.php.parser.statement.StatementTest
Tests run: 3, Failures: 0, Errors: 0, Skipped: 0, Time elapsed: 0.12 sec - in org.sonar.php.parser.statement.StatementTest
Running org.sonar.plugins.php.api.tests.PhpCheckTestTest
Tests run: 26, Failures: 0, Errors: 0, Skipped: 0, Time elapsed: 0.213 sec - in org.sonar.plugins.php.api.tests.PhpCheckTestTest
Running org.sonar.php.tree.visitors.LegacyIssueTest
Tests run: 4, Failures: 0, Errors: 0, Skipped: 0, Time elapsed: 0 sec - in org.sonar.php.tree.visitors.LegacyIssueTest
Running org.sonar.php.parser.expression.AdditiveExpressionTest
Tests run: 1, Failures: 0, Errors: 0, Skipped: 0, Time elapsed: 0.005 sec - in org.sonar.php.parser.expression.AdditiveExpressionTest
Running org.sonar.php.tree.impl.declaration.ClassDeclarationTreeTest
Tests run: 5, Failures: 0, Errors: 0, Skipped: 0, Time elapsed: 0.059 sec - in org.sonar.php.tree.impl.declaration.ClassDeclarationTreeTest
Running org.sonar.php.tree.impl.statement.GotoStatementTreeTest
Tests run: 1, Failures: 0, Errors: 0, Skipped: 0, Time elapsed: 0.009 sec - in org.sonar.php.tree.impl.statement.GotoStatementTreeTest
Running org.sonar.php.tree.impl.statement.SwitchStatementTreeTest
Tests run: 2, Failures: 0, Errors: 0, Skipped: 0, Time elapsed: 0.02 sec - in org.sonar.php.tree.impl.statement.SwitchStatementTreeTest
Running org.sonar.php.parser.statement.LabelTest
Tests run: 1, Failures: 0, Errors: 0, Skipped: 0, Time elapsed: 0.006 sec - in org.sonar.php.parser.statement.LabelTest
Running org.sonar.php.parser.expression.LexicalVarsTest
Tests run: 1, Failures: 0, Errors: 0, Skipped: 0, Time elapsed: 0.003 sec - in org.sonar.php.parser.expression.LexicalVarsTest
Running org.sonar.php.parser.expression.UnaryExprTest
Tests run: 1, Failures: 0, Errors: 0, Skipped: 0, Time elapsed: 0.008 sec - in org.sonar.php.parser.expression.UnaryExprTest
Running org.sonar.php.tree.impl.expression.ReferenceVariableTreeTest
Tests run: 1, Failures: 0, Errors: 0, Skipped: 0, Time elapsed: 0.008 sec - in org.sonar.php.tree.impl.expression.ReferenceVariableTreeTest
Running org.sonar.php.tree.impl.expression.AssignmentExpressionTreeTest
Tests run: 2, Failures: 0, Errors: 0, Skipped: 0, Time elapsed: 0.014 sec - in org.sonar.php.tree.impl.expression.AssignmentExpressionTreeTest
Running org.sonar.php.tree.impl.declaration.ParameterTreeTest
Tests run: 2, Failures: 0, Errors: 0, Skipped: 0, Time elapsed: 0.018 sec - in org.sonar.php.tree.impl.declaration.ParameterTreeTest
Running org.sonar.php.tree.impl.statement.ElseifClauseTreeTest
Tests run: 2, Failures: 0, Errors: 0, Skipped: 0, Time elapsed: 0.035 sec - in org.sonar.php.tree.impl.statement.ElseifClauseTreeTest
Running org.sonar.php.tree.impl.statement.NamespaceStatementTreeTest
Tests run: 2, Failures: 0, Errors: 0, Skipped: 0, Time elapsed: 0.024 sec - in org.sonar.php.tree.impl.statement.NamespaceStatementTreeTest
Running org.sonar.php.tree.impl.expression.ParenthesizedExpressionTreeTest
Tests run: 2, Failures: 0, Errors: 0, Skipped: 0, Time elapsed: 0.009 sec - in org.sonar.php.tree.impl.expression.ParenthesizedExpressionTreeTest
Running org.sonar.php.ini.BasePhpIniIssueTest
Tests run: 1, Failures: 0, Errors: 0, Skipped: 0, Time elapsed: 0.023 sec - in org.sonar.php.ini.BasePhpIniIssueTest
Running org.sonar.plugins.php.api.visitors.PreciseIssueTest
Tests run: 3, Failures: 0, Errors: 0, Skipped: 0, Time elapsed: 0.001 sec - in org.sonar.plugins.php.api.visitors.PreciseIssueTest
Running org.sonar.php.parser.expression.SimpleEncapsVariableTest
Tests run: 3, Failures: 0, Errors: 0, Skipped: 0, Time elapsed: 0.019 sec - in org.sonar.php.parser.expression.SimpleEncapsVariableTest
Running org.sonar.php.parser.statement.UseStatementTest
Tests run: 2, Failures: 0, Errors: 0, Skipped: 0, Time elapsed: 0.019 sec - in org.sonar.php.parser.statement.UseStatementTest
Running org.sonar.php.tree.impl.statement.ForStatementTreeTest
Tests run: 2, Failures: 0, Errors: 0, Skipped: 0, Time elapsed: 0.007 sec - in org.sonar.php.tree.impl.statement.ForStatementTreeTest
Running org.sonar.php.parser.declaration.ConstantDeclarationTest
Tests run: 1, Failures: 0, Errors: 0, Skipped: 0, Time elapsed: 0.006 sec - in org.sonar.php.parser.declaration.ConstantDeclarationTest
Running org.sonar.php.parser.expression.PostfixExprTest
Tests run: 1, Failures: 0, Errors: 0, Skipped: 0, Time elapsed: 0.008 sec - in org.sonar.php.parser.expression.PostfixExprTest
Running org.sonar.php.highlighter.SymbolHighlighterTest
Tests run: 5, Failures: 0, Errors: 0, Skipped: 0, Time elapsed: 1.71 sec - in org.sonar.php.highlighter.SymbolHighlighterTest
Running org.sonar.php.tree.impl.expression.ComputedVariableTreeTest
Tests run: 1, Failures: 0, Errors: 0, Skipped: 0, Time elapsed: 0.004 sec - in org.sonar.php.tree.impl.expression.ComputedVariableTreeTest
Running org.sonar.php.parser.expression.InternalFunctionTest
Tests run: 1, Failures: 0, Errors: 0, Skipped: 0, Time elapsed: 0.005 sec - in org.sonar.php.parser.expression.InternalFunctionTest
Running org.sonar.php.parser.lexical.EncapsStringLiteralTest
Tests run: 1, Failures: 0, Errors: 0, Skipped: 0, Time elapsed: 0.003 sec - in org.sonar.php.parser.lexical.EncapsStringLiteralTest
Running org.sonar.php.parser.expression.EqualityExpressionTest
Tests run: 1, Failures: 0, Errors: 0, Skipped: 0, Time elapsed: 0.003 sec - in org.sonar.php.parser.expression.EqualityExpressionTest
Running org.sonar.php.parser.KeywordTest
Tests run: 2, Failures: 0, Errors: 0, Skipped: 0, Time elapsed: 0.005 sec - in org.sonar.php.parser.KeywordTest
Running org.sonar.php.tree.impl.expression.ArrayInitializerFunctionTreeTest
Tests run: 3, Failures: 0, Errors: 0, Skipped: 0, Time elapsed: 0.01 sec - in org.sonar.php.tree.impl.expression.ArrayInitializerFunctionTreeTest
Running org.sonar.php.parser.expression.DimensionalOffsetTest
Tests run: 1, Failures: 0, Errors: 0, Skipped: 0, Time elapsed: 0.003 sec - in org.sonar.php.parser.expression.DimensionalOffsetTest
Running org.sonar.php.parser.expression.MultiplicativeExpressionTest
Tests run: 1, Failures: 0, Errors: 0, Skipped: 0, Time elapsed: 0.003 sec - in org.sonar.php.parser.expression.MultiplicativeExpressionTest
Running org.sonar.php.parser.lexical.InlineHtmlTest
Tests run: 2, Failures: 0, Errors: 0, Skipped: 0, Time elapsed: 0.005 sec - in org.sonar.php.parser.lexical.InlineHtmlTest
Running org.sonar.php.ini.PhpIniParserTest
Tests run: 21, Failures: 0, Errors: 0, Skipped: 0, Time elapsed: 0.528 sec - in org.sonar.php.ini.PhpIniParserTest
Running org.sonar.php.parser.lexical.NumericLiteralTest
Tests run: 1, Failures: 0, Errors: 0, Skipped: 0, Time elapsed: 0.004 sec - in org.sonar.php.parser.lexical.NumericLiteralTest
Running org.sonar.php.tree.impl.expression.MemberAccessTreeTest
Tests run: 2, Failures: 0, Errors: 0, Skipped: 0, Time elapsed: 0.006 sec - in org.sonar.php.tree.impl.expression.MemberAccessTreeTest
Running org.sonar.php.parser.expression.MemberExpressionTest
Tests run: 1, Failures: 0, Errors: 0, Skipped: 0, Time elapsed: 0.015 sec - in org.sonar.php.parser.expression.MemberExpressionTest
Running org.sonar.php.tree.impl.statement.BreakStatementTreeTest
Tests run: 2, Failures: 0, Errors: 0, Skipped: 0, Time elapsed: 0.007 sec - in org.sonar.php.tree.impl.statement.BreakStatementTreeTest
Running org.sonar.php.tree.impl.statement.ExpressionStatementTreeTest
Tests run: 1, Failures: 0, Errors: 0, Skipped: 0, Time elapsed: 0.002 sec - in org.sonar.php.tree.impl.statement.ExpressionStatementTreeTest
Running org.sonar.php.parser.expression.ArrayInitializerTest
Tests run: 1, Failures: 0, Errors: 0, Skipped: 0, Time elapsed: 0.003 sec - in org.sonar.php.parser.expression.ArrayInitializerTest
Running org.sonar.php.parser.declaration.TraitDeclarationTest
Tests run: 1, Failures: 0, Errors: 0, Skipped: 0, Time elapsed: 0.003 sec - in org.sonar.php.parser.declaration.TraitDeclarationTest
Running org.sonar.php.tree.impl.expression.NewExpressionTreeTest
Tests run: 1, Failures: 0, Errors: 0, Skipped: 0, Time elapsed: 0.004 sec - in org.sonar.php.tree.impl.expression.NewExpressionTreeTest
Running org.sonar.php.parser.expression.ObjectMemberAccessTest
Tests run: 1, Failures: 0, Errors: 0, Skipped: 0, Time elapsed: 0.005 sec - in org.sonar.php.parser.expression.ObjectMemberAccessTest
Running org.sonar.php.tree.impl.ScriptTreeTest
Tests run: 3, Failures: 0, Errors: 0, Skipped: 0, Time elapsed: 0.016 sec - in org.sonar.php.tree.impl.ScriptTreeTest
Running org.sonar.php.tree.impl.expression.ArrayAccessTreeTest
Tests run: 2, Failures: 0, Errors: 0, Skipped: 0, Time elapsed: 0.006 sec - in org.sonar.php.tree.impl.expression.ArrayAccessTreeTest
Running org.sonar.php.tree.impl.expression.ExpandableStringLiteralTreeTest
Tests run: 5, Failures: 0, Errors: 0, Skipped: 0, Time elapsed: 0.028 sec - in org.sonar.php.tree.impl.expression.ExpandableStringLiteralTreeTest
Running org.sonar.php.parser.declaration.TypeNameTest
Tests run: 1, Failures: 0, Errors: 0, Skipped: 0, Time elapsed: 0.004 sec - in org.sonar.php.parser.declaration.TypeNameTest
Running org.sonar.php.parser.expression.AnonymousClassTest
Tests run: 1, Failures: 0, Errors: 0, Skipped: 0, Time elapsed: 0.008 sec - in org.sonar.php.parser.expression.AnonymousClassTest
Running org.sonar.php.parser.statement.WhileStatementTest
Tests run: 1, Failures: 0, Errors: 0, Skipped: 0, Time elapsed: 0.005 sec - in org.sonar.php.parser.statement.WhileStatementTest
Running org.sonar.php.tree.impl.declaration.UseDeclarationTreeTest
Tests run: 2, Failures: 0, Errors: 0, Skipped: 0, Time elapsed: 0.006 sec - in org.sonar.php.tree.impl.declaration.UseDeclarationTreeTest
Running org.sonar.php.tree.impl.statement.DeclareStatementTreeTest
Tests run: 3, Failures: 0, Errors: 0, Skipped: 0, Time elapsed: 0.01 sec - in org.sonar.php.tree.impl.statement.DeclareStatementTreeTest
Running org.sonar.php.metrics.CommentLineVisitorTest
Tests run: 1, Failures: 0, Errors: 0, Skipped: 0, Time elapsed: 0.006 sec - in org.sonar.php.metrics.CommentLineVisitorTest
Running org.sonar.php.parser.expression.ExitExprTest
Tests run: 1, Failures: 0, Errors: 0, Skipped: 0, Time elapsed: 0.003 sec - in org.sonar.php.parser.expression.ExitExprTest
Running org.sonar.php.parser.expression.BitwiseAndExpressionTest
Tests run: 1, Failures: 0, Errors: 0, Skipped: 0, Time elapsed: 0.002 sec - in org.sonar.php.parser.expression.BitwiseAndExpressionTest
Running org.sonar.php.parser.lexical.HeredocTest
Tests run: 1, Failures: 0, Errors: 0, Skipped: 0, Time elapsed: 0.002 sec - in org.sonar.php.parser.lexical.HeredocTest
Running org.sonar.php.parser.CompilationUnitTest
Tests run: 1, Failures: 0, Errors: 0, Skipped: 0, Time elapsed: 0.004 sec - in org.sonar.php.parser.CompilationUnitTest
Running org.sonar.php.parser.statement.GotoStatementTest
Tests run: 1, Failures: 0, Errors: 0, Skipped: 0, Time elapsed: 0.003 sec - in org.sonar.php.parser.statement.GotoStatementTest
Running org.sonar.php.tree.symbols.UsagesTest
Tests run: 1, Failures: 0, Errors: 0, Skipped: 0, Time elapsed: 0.027 sec - in org.sonar.php.tree.symbols.UsagesTest
Running org.sonar.php.parser.statement.EOSTest
Tests run: 1, Failures: 0, Errors: 0, Skipped: 0, Time elapsed: 0.003 sec - in org.sonar.php.parser.statement.EOSTest
Running org.sonar.php.parser.declaration.ParameterTest
Tests run: 1, Failures: 0, Errors: 0, Skipped: 0, Time elapsed: 0.004 sec - in org.sonar.php.parser.declaration.ParameterTest
Running org.sonar.php.parser.expression.ArrayPairTest
Tests run: 1, Failures: 0, Errors: 0, Skipped: 0, Time elapsed: 0.004 sec - in org.sonar.php.parser.expression.ArrayPairTest
Running org.sonar.php.parser.statement.DoWhileStatementTest
Tests run: 1, Failures: 0, Errors: 0, Skipped: 0, Time elapsed: 0.004 sec - in org.sonar.php.parser.statement.DoWhileStatementTest
Running org.sonar.php.parser.expression.LogicalAndExpressionTest
Tests run: 1, Failures: 0, Errors: 0, Skipped: 0, Time elapsed: 0.003 sec - in org.sonar.php.parser.expression.LogicalAndExpressionTest
Running org.sonar.php.parser.expression.NullCoalescingExpressionTest
Tests run: 1, Failures: 0, Errors: 0, Skipped: 0, Time elapsed: 0.006 sec - in org.sonar.php.parser.expression.NullCoalescingExpressionTest
Running org.sonar.php.tree.impl.expression.ConditionalExpressionTreeTest
Tests run: 2, Failures: 0, Errors: 0, Skipped: 0, Time elapsed: 0.006 sec - in org.sonar.php.tree.impl.expression.ConditionalExpressionTreeTest
Running org.sonar.php.parser.expression.ListAssignmentExpressionTest
Tests run: 1, Failures: 0, Errors: 0, Skipped: 0, Time elapsed: 0.004 sec - in org.sonar.php.parser.expression.ListAssignmentExpressionTest
Running org.sonar.php.parser.expression.VariableWithoutObjectsTest
Tests run: 1, Failures: 0, Errors: 0, Skipped: 0, Time elapsed: 0.004 sec - in org.sonar.php.parser.expression.VariableWithoutObjectsTest
Running org.sonar.php.tree.impl.expression.LiteralTreeTest
Tests run: 6, Failures: 0, Errors: 0, Skipped: 0, Time elapsed: 0.017 sec - in org.sonar.php.tree.impl.expression.LiteralTreeTest
Running org.sonar.php.tree.impl.statement.EmptyStatementTreeTest
Tests run: 1, Failures: 0, Errors: 0, Skipped: 0, Time elapsed: 0.004 sec - in org.sonar.php.tree.impl.statement.EmptyStatementTreeTest
Running org.sonar.php.tree.impl.declaration.ConstantDeclarationTreeTest
Tests run: 1, Failures: 0, Errors: 0, Skipped: 0, Time elapsed: 0.003 sec - in org.sonar.php.tree.impl.declaration.ConstantDeclarationTreeTest
Running org.sonar.php.parser.ScriptTest
Tests run: 1, Failures: 0, Errors: 0, Skipped: 0, Time elapsed: 0.003 sec - in org.sonar.php.parser.ScriptTest
Running org.sonar.php.parser.statement.ThrowStatementTest
Tests run: 1, Failures: 0, Errors: 0, Skipped: 0, Time elapsed: 0.004 sec - in org.sonar.php.parser.statement.ThrowStatementTest
Running org.sonar.php.tree.impl.expression.LexicalVariablesTreeTest
Tests run: 2, Failures: 0, Errors: 0, Skipped: 0, Time elapsed: 0.005 sec - in org.sonar.php.tree.impl.expression.LexicalVariablesTreeTest
Running org.sonar.php.parser.expression.StaticScalarTest
Tests run: 1, Failures: 0, Errors: 0, Skipped: 0, Time elapsed: 0.005 sec - in org.sonar.php.parser.expression.StaticScalarTest
Running org.sonar.plugins.php.api.visitors.IssueLocationTest
Tests run: 3, Failures: 0, Errors: 0, Skipped: 0, Time elapsed: 0 sec - in org.sonar.plugins.php.api.visitors.IssueLocationTest
Running org.sonar.php.tree.impl.expression.ListExpressionTreeTest
Tests run: 4, Failures: 0, Errors: 0, Skipped: 0, Time elapsed: 0.012 sec - in org.sonar.php.tree.impl.expression.ListExpressionTreeTest
Running org.sonar.php.tree.impl.declaration.TraitAliasTreeTest
Tests run: 3, Failures: 0, Errors: 0, Skipped: 0, Time elapsed: 0.006 sec - in org.sonar.php.tree.impl.declaration.TraitAliasTreeTest
Running org.sonar.php.parser.statement.UnsetVariableStatementTest
Tests run: 1, Failures: 0, Errors: 0, Skipped: 0, Time elapsed: 0.003 sec - in org.sonar.php.parser.statement.UnsetVariableStatementTest
Running org.sonar.php.parser.expression.BooleanLiteralTest
Tests run: 1, Failures: 0, Errors: 0, Skipped: 0, Time elapsed: 0.002 sec - in org.sonar.php.parser.expression.BooleanLiteralTest
Running org.sonar.php.parser.declaration.UseTraitDeclarationTest
Tests run: 1, Failures: 0, Errors: 0, Skipped: 0, Time elapsed: 0.004 sec - in org.sonar.php.parser.declaration.UseTraitDeclarationTest
Running org.sonar.php.parser.statement.UseClauseTest
Tests run: 2, Failures: 0, Errors: 0, Skipped: 0, Time elapsed: 0.006 sec - in org.sonar.php.parser.statement.UseClauseTest
Running org.sonar.php.parser.expression.AssignmentExpressionTest
Tests run: 1, Failures: 0, Errors: 0, Skipped: 0, Time elapsed: 0.007 sec - in org.sonar.php.parser.expression.AssignmentExpressionTest
Running org.sonar.php.parser.expression.BitwiseOrExpressionTest
Tests run: 1, Failures: 0, Errors: 0, Skipped: 0, Time elapsed: 0.003 sec - in org.sonar.php.parser.expression.BitwiseOrExpressionTest
Running org.sonar.php.tree.impl.statement.YieldStatementTreeTest
Tests run: 1, Failures: 0, Errors: 0, Skipped: 0, Time elapsed: 0.003 sec - in org.sonar.php.tree.impl.statement.YieldStatementTreeTest
Running org.sonar.php.tree.symbols.ClassMemberUsagesTest
Tests run: 8, Failures: 0, Errors: 0, Skipped: 0, Time elapsed: 0.555 sec - in org.sonar.php.tree.symbols.ClassMemberUsagesTest
Running org.sonar.php.parser.declaration.MethodDeclarationTest
Tests run: 2, Failures: 0, Errors: 0, Skipped: 0, Time elapsed: 0.01 sec - in org.sonar.php.parser.declaration.MethodDeclarationTest
Running org.sonar.plugins.php.api.visitors.FileIssueTest
Tests run: 2, Failures: 0, Errors: 0, Skipped: 0, Time elapsed: 0.001 sec - in org.sonar.plugins.php.api.visitors.FileIssueTest
Running org.sonar.php.tree.impl.declaration.UseStatementTreeTest
Tests run: 5, Failures: 0, Errors: 0, Skipped: 0, Time elapsed: 0.014 sec - in org.sonar.php.tree.impl.declaration.UseStatementTreeTest
Running org.sonar.php.tree.impl.expression.YieldExpressionTreeTest
Tests run: 4, Failures: 0, Errors: 0, Skipped: 0, Time elapsed: 0.015 sec - in org.sonar.php.tree.impl.expression.YieldExpressionTreeTest
Running org.sonar.php.tree.symbols.SymbolTableImplTest
Tests run: 6, Failures: 0, Errors: 0, Skipped: 0, Time elapsed: 0.059 sec - in org.sonar.php.tree.symbols.SymbolTableImplTest
Running org.sonar.php.tree.impl.declaration.TypeNameTreeTest
Tests run: 4, Failures: 0, Errors: 0, Skipped: 0, Time elapsed: 0.008 sec - in org.sonar.php.tree.impl.declaration.TypeNameTreeTest
Running org.sonar.php.tree.impl.statement.CatchBlockTreeTest
Tests run: 1, Failures: 0, Errors: 0, Skipped: 0, Time elapsed: 0.004 sec - in org.sonar.php.tree.impl.statement.CatchBlockTreeTest
Running org.sonar.php.parser.declaration.TraitMethodReferenceFullyQualifiedTest
Tests run: 1, Failures: 0, Errors: 0, Skipped: 0, Time elapsed: 0.002 sec - in org.sonar.php.parser.declaration.TraitMethodReferenceFullyQualifiedTest
Running org.sonar.php.parser.statement.BreakStatementTest
Tests run: 1, Failures: 0, Errors: 0, Skipped: 0, Time elapsed: 0.002 sec - in org.sonar.php.parser.statement.BreakStatementTest
Running org.sonar.php.tree.impl.statement.StaticStatementTreeTest
Tests run: 1, Failures: 0, Errors: 0, Skipped: 0, Time elapsed: 0.002 sec - in org.sonar.php.tree.impl.statement.StaticStatementTreeTest
Running org.sonar.php.tree.impl.expression.VariableIdentifierTreeTest
Tests run: 1, Failures: 0, Errors: 0, Skipped: 0, Time elapsed: 0.003 sec - in org.sonar.php.tree.impl.expression.VariableIdentifierTreeTest
Running org.sonar.php.tree.impl.declaration.NamespaceNameTreeTest
Tests run: 4, Failures: 0, Errors: 0, Skipped: 0, Time elapsed: 0.01 sec - in org.sonar.php.tree.impl.declaration.NamespaceNameTreeTest
Running org.sonar.php.tree.impl.lexical.InternalSyntaxTokenTest
Tests run: 2, Failures: 0, Errors: 0, Skipped: 0, Time elapsed: 0.004 sec - in org.sonar.php.tree.impl.lexical.InternalSyntaxTokenTest
Running org.sonar.php.tree.impl.expression.ArrayInitializerBracketTreeTest
Tests run: 3, Failures: 0, Errors: 0, Skipped: 0, Time elapsed: 0.008 sec - in org.sonar.php.tree.impl.expression.ArrayInitializerBracketTreeTest
Running org.sonar.php.PHPAnalyzerTest
Tests run: 2, Failures: 0, Errors: 0, Skipped: 0, Time elapsed: 0.025 sec - in org.sonar.php.PHPAnalyzerTest
Running org.sonar.php.tree.impl.statement.GlobalStatementTreeTest
Tests run: 1, Failures: 0, Errors: 0, Skipped: 0, Time elapsed: 0.003 sec - in org.sonar.php.tree.impl.statement.GlobalStatementTreeTest
Running org.sonar.php.tree.impl.expression.PostfixExpressionTreeTest
Tests run: 2, Failures: 0, Errors: 0, Skipped: 0, Time elapsed: 0.006 sec - in org.sonar.php.tree.impl.expression.PostfixExpressionTreeTest
Running org.sonar.php.parser.expression.ComplexEncapsVariableTest
Tests run: 3, Failures: 0, Errors: 0, Skipped: 0, Time elapsed: 0.012 sec - in org.sonar.php.parser.expression.ComplexEncapsVariableTest
Running org.sonar.php.parser.expression.ConcatenationExpressionTest
Tests run: 1, Failures: 0, Errors: 0, Skipped: 0, Time elapsed: 0.003 sec - in org.sonar.php.parser.expression.ConcatenationExpressionTest
Running org.sonar.php.parser.expression.CommonScalarTest
Tests run: 1, Failures: 0, Errors: 0, Skipped: 0, Time elapsed: 0.006 sec - in org.sonar.php.parser.expression.CommonScalarTest
Running org.sonar.php.tree.impl.expression.AnonymousClassTreeTest
Tests run: 1, Failures: 0, Errors: 0, Skipped: 0, Time elapsed: 0.003 sec - in org.sonar.php.tree.impl.expression.AnonymousClassTreeTest
Running org.sonar.php.parser.lexical.IdentifierTest
Tests run: 1, Failures: 0, Errors: 0, Skipped: 0, Time elapsed: 0.001 sec - in org.sonar.php.parser.lexical.IdentifierTest
Running org.sonar.php.parser.expression.ShiftExpressionTest
Tests run: 1, Failures: 0, Errors: 0, Skipped: 0, Time elapsed: 0.003 sec - in org.sonar.php.parser.expression.ShiftExpressionTest
Running org.sonar.php.parser.declaration.FunctionDeclarationTest
Tests run: 1, Failures: 0, Errors: 0, Skipped: 0, Time elapsed: 0.003 sec - in org.sonar.php.parser.declaration.FunctionDeclarationTest
Running org.sonar.php.parser.expression.LexicalVarTest
Tests run: 1, Failures: 0, Errors: 0, Skipped: 0, Time elapsed: 0.002 sec - in org.sonar.php.parser.expression.LexicalVarTest
Running org.sonar.php.parser.statement.DeclareStatementTest
Tests run: 1, Failures: 0, Errors: 0, Skipped: 0, Time elapsed: 0.003 sec - in org.sonar.php.parser.statement.DeclareStatementTest
Running org.sonar.php.parser.expression.StaticMemberAccessTest
Tests run: 1, Failures: 0, Errors: 0, Skipped: 0, Time elapsed: 0.003 sec - in org.sonar.php.parser.expression.StaticMemberAccessTest
Running org.sonar.php.parser.expression.LogicalOrExpressionTest
Tests run: 1, Failures: 0, Errors: 0, Skipped: 0, Time elapsed: 0.003 sec - in org.sonar.php.parser.expression.LogicalOrExpressionTest
Running org.sonar.php.tree.impl.declaration.FunctionDeclarationTreeTest
Tests run: 3, Failures: 0, Errors: 0, Skipped: 0, Time elapsed: 0.011 sec - in org.sonar.php.tree.impl.declaration.FunctionDeclarationTreeTest
Running org.sonar.php.tree.impl.declaration.MethodDeclarationTreeTest
Tests run: 2, Failures: 0, Errors: 0, Skipped: 0, Time elapsed: 0.01 sec - in org.sonar.php.tree.impl.declaration.MethodDeclarationTreeTest
Running org.sonar.php.tree.impl.declaration.TraitPrecedenceTreeTest
Tests run: 1, Failures: 0, Errors: 0, Skipped: 0, Time elapsed: 0.004 sec - in org.sonar.php.tree.impl.declaration.TraitPrecedenceTreeTest
Running org.sonar.php.parser.statement.TryStatementTest
Tests run: 1, Failures: 0, Errors: 0, Skipped: 0, Time elapsed: 0.009 sec - in org.sonar.php.parser.statement.TryStatementTest
Running org.sonar.php.parser.lexical.VarIdentifierTest
Tests run: 1, Failures: 0, Errors: 0, Skipped: 0, Time elapsed: 0.003 sec - in org.sonar.php.parser.lexical.VarIdentifierTest
Running org.sonar.php.parser.statement.SwitchStatementTest
Tests run: 1, Failures: 0, Errors: 0, Skipped: 0, Time elapsed: 0.004 sec - in org.sonar.php.parser.statement.SwitchStatementTest
Running org.sonar.php.parser.expression.FunctionCallParameterListTest
Tests run: 1, Failures: 0, Errors: 0, Skipped: 0, Time elapsed: 0.006 sec - in org.sonar.php.parser.expression.FunctionCallParameterListTest
Running org.sonar.php.tree.impl.expression.ExpandableStringCharactersTreeTest
Tests run: 1, Failures: 0, Errors: 0, Skipped: 0, Time elapsed: 0.002 sec - in org.sonar.php.tree.impl.expression.ExpandableStringCharactersTreeTest
Running org.sonar.php.tree.impl.declaration.ClassPropertyDeclarationTreeTest
Tests run: 2, Failures: 0, Errors: 0, Skipped: 0, Time elapsed: 0.005 sec - in org.sonar.php.tree.impl.declaration.ClassPropertyDeclarationTreeTest
Running org.sonar.php.parser.statement.StaticVariableTest
Tests run: 1, Failures: 0, Errors: 0, Skipped: 0, Time elapsed: 0.003 sec - in org.sonar.php.parser.statement.StaticVariableTest
Running org.sonar.php.metrics.CounterVisitorTest
Tests run: 3, Failures: 0, Errors: 0, Skipped: 0, Time elapsed: 0.023 sec - in org.sonar.php.metrics.CounterVisitorTest
Running org.sonar.php.parser.expression.NamespaceNameTest
Tests run: 1, Failures: 0, Errors: 0, Skipped: 0, Time elapsed: 0.003 sec - in org.sonar.php.parser.expression.NamespaceNameTest
Running org.sonar.php.tree.impl.expression.HeredocStringLiteralTreeTest
Tests run: 4, Failures: 0, Errors: 0, Skipped: 0, Time elapsed: 0.017 sec - in org.sonar.php.tree.impl.expression.HeredocStringLiteralTreeTest
Running org.sonar.php.tree.impl.statement.DoWhileStatementTreeTest
Tests run: 1, Failures: 0, Errors: 0, Skipped: 0, Time elapsed: 0.003 sec - in org.sonar.php.tree.impl.statement.DoWhileStatementTreeTest
Running org.sonar.php.parser.lexical.FileOpeningTagTest
Tests run: 1, Failures: 0, Errors: 0, Skipped: 0, Time elapsed: 0.002 sec - in org.sonar.php.parser.lexical.FileOpeningTagTest
Running org.sonar.php.tree.impl.expression.ArrayPairTreeTest
Tests run: 2, Failures: 0, Errors: 0, Skipped: 0, Time elapsed: 0.005 sec - in org.sonar.php.tree.impl.expression.ArrayPairTreeTest
Running org.sonar.php.tree.impl.statement.UnsetVariableStatementTreeTest
Tests run: 1, Failures: 0, Errors: 0, Skipped: 0, Time elapsed: 0.002 sec - in org.sonar.php.tree.impl.statement.UnsetVariableStatementTreeTest
Running org.sonar.php.tree.impl.statement.WhileStatementTreeTest
Tests run: 2, Failures: 0, Errors: 0, Skipped: 0, Time elapsed: 0.011 sec - in org.sonar.php.tree.impl.statement.WhileStatementTreeTest
Running org.sonar.php.parser.statement.EchoStatementTest
Tests run: 1, Failures: 0, Errors: 0, Skipped: 0, Time elapsed: 0.007 sec - in org.sonar.php.parser.statement.EchoStatementTest
Running org.sonar.php.tree.impl.statement.IfStatementTreeTest
Tests run: 4, Failures: 0, Errors: 0, Skipped: 0, Time elapsed: 0.016 sec - in org.sonar.php.tree.impl.statement.IfStatementTreeTest
Running org.sonar.php.metrics.LineVisitorTest
Tests run: 3, Failures: 0, Errors: 0, Skipped: 0, Time elapsed: 0.015 sec - in org.sonar.php.metrics.LineVisitorTest
Running org.sonar.php.tree.impl.CompilationUnitTreeTest
Tests run: 4, Failures: 0, Errors: 0, Skipped: 0, Time elapsed: 0.013 sec - in org.sonar.php.tree.impl.CompilationUnitTreeTest
Running org.sonar.php.parser.statement.ContinueStatementTest
Tests run: 1, Failures: 0, Errors: 0, Skipped: 0, Time elapsed: 0.003 sec - in org.sonar.php.parser.statement.ContinueStatementTest
Running org.sonar.php.tree.impl.statement.ForEachStatementTreeTest
Tests run: 3, Failures: 0, Errors: 0, Skipped: 0, Time elapsed: 0.009 sec - in org.sonar.php.tree.impl.statement.ForEachStatementTreeTest
Running org.sonar.php.tree.impl.statement.BlockTreeTest
Tests run: 2, Failures: 0, Errors: 0, Skipped: 0, Time elapsed: 0.007 sec - in org.sonar.php.tree.impl.statement.BlockTreeTest
Running org.sonar.php.tree.impl.expression.CompoundVariableTreeTest
Tests run: 1, Failures: 0, Errors: 0, Skipped: 0, Time elapsed: 0.002 sec - in org.sonar.php.tree.impl.expression.CompoundVariableTreeTest
Running org.sonar.php.parser.declaration.ClassDeclarationTest
Tests run: 1, Failures: 0, Errors: 0, Skipped: 0, Time elapsed: 0.002 sec - in org.sonar.php.parser.declaration.ClassDeclarationTest
Running org.sonar.php.tree.symbols.ScopeTest
Tests run: 9, Failures: 0, Errors: 0, Skipped: 0, Time elapsed: 0.084 sec - in org.sonar.php.tree.symbols.ScopeTest
Running org.sonar.php.highlighter.SyntaxHighlighterVisitorTest
Tests run: 11, Failures: 0, Errors: 0, Skipped: 0, Time elapsed: 0.049 sec - in org.sonar.php.highlighter.SyntaxHighlighterVisitorTest
Running org.sonar.php.parser.statement.GlobalStatementTest
Tests run: 1, Failures: 0, Errors: 0, Skipped: 0, Time elapsed: 0.004 sec - in org.sonar.php.parser.statement.GlobalStatementTest
Running org.sonar.php.parser.declaration.TraitMethodReferenceTest
Tests run: 1, Failures: 0, Errors: 0, Skipped: 0, Time elapsed: 0.002 sec - in org.sonar.php.parser.declaration.TraitMethodReferenceTest
Running org.sonar.php.tree.impl.expression.BinaryExpressionTreeTest
Tests run: 15, Failures: 0, Errors: 0, Skipped: 0, Time elapsed: 0.063 sec - in org.sonar.php.tree.impl.expression.BinaryExpressionTreeTest
Running org.sonar.php.parser.expression.LogicalXorExpressionTest
Tests run: 1, Failures: 0, Errors: 0, Skipped: 0, Time elapsed: 0.003 sec - in org.sonar.php.parser.expression.LogicalXorExpressionTest
Running org.sonar.php.parser.declaration.ClassConstDeclarationTest
Tests run: 1, Failures: 0, Errors: 0, Skipped: 0, Time elapsed: 0.003 sec - in org.sonar.php.parser.declaration.ClassConstDeclarationTest
Running org.sonar.php.parser.declaration.ClassVariableDeclarationTest
Tests run: 1, Failures: 0, Errors: 0, Skipped: 0, Time elapsed: 0.003 sec - in org.sonar.php.parser.declaration.ClassVariableDeclarationTest
Running org.sonar.php.parser.statement.ForStatementTest
Tests run: 1, Failures: 0, Errors: 0, Skipped: 0, Time elapsed: 0.007 sec - in org.sonar.php.parser.statement.ForStatementTest
Running org.sonar.php.parser.declaration.ClassMemberTest
Tests run: 1, Failures: 0, Errors: 0, Skipped: 0, Time elapsed: 0.003 sec - in org.sonar.php.parser.declaration.ClassMemberTest
Running org.sonar.php.tree.impl.statement.ElseClauseTreeTest
Tests run: 2, Failures: 0, Errors: 0, Skipped: 0, Time elapsed: 0.006 sec - in org.sonar.php.tree.impl.statement.ElseClauseTreeTest
Running org.sonar.php.parser.declaration.TraitAliasTest
Tests run: 1, Failures: 0, Errors: 0, Skipped: 0, Time elapsed: 0.002 sec - in org.sonar.php.parser.declaration.TraitAliasTest
Running org.sonar.php.parser.expression.ExpandableStringLiteralTest
Tests run: 2, Failures: 0, Errors: 0, Skipped: 0, Time elapsed: 0.007 sec - in org.sonar.php.parser.expression.ExpandableStringLiteralTest
Running org.sonar.php.tree.impl.declaration.TraitMethodReferenceTreeTest
Tests run: 2, Failures: 0, Errors: 0, Skipped: 0, Time elapsed: 0.005 sec - in org.sonar.php.tree.impl.declaration.TraitMethodReferenceTreeTest
Running org.sonar.php.parser.expression.CompoundVariableTest
Tests run: 1, Failures: 0, Errors: 0, Skipped: 0, Time elapsed: 0.003 sec - in org.sonar.php.parser.expression.CompoundVariableTest
Running org.sonar.php.tree.impl.statement.TryStatementTreeTest
Tests run: 2, Failures: 0, Errors: 0, Skipped: 0, Time elapsed: 0.007 sec - in org.sonar.php.tree.impl.statement.TryStatementTreeTest
Running org.sonar.php.tree.impl.expression.FunctionExpressionTreeTest
Tests run: 5, Failures: 0, Errors: 0, Skipped: 0, Time elapsed: 0.017 sec - in org.sonar.php.tree.impl.expression.FunctionExpressionTreeTest
Running org.sonar.php.parser.statement.NamespaceStatementTest
Tests run: 1, Failures: 0, Errors: 0, Skipped: 0, Time elapsed: 0.004 sec - in org.sonar.php.parser.statement.NamespaceStatementTest
Running org.sonar.php.parser.expression.BitwiseXorExpressionTest
Tests run: 1, Failures: 0, Errors: 0, Skipped: 0, Time elapsed: 0.003 sec - in org.sonar.php.parser.expression.BitwiseXorExpressionTest
Running org.sonar.php.parser.declaration.MemberModifierTest
Tests run: 1, Failures: 0, Errors: 0, Skipped: 0, Time elapsed: 0.002 sec - in org.sonar.php.parser.declaration.MemberModifierTest
Running org.sonar.php.parser.expression.ListExpressionTest
Tests run: 1, Failures: 0, Errors: 0, Skipped: 0, Time elapsed: 0.004 sec - in org.sonar.php.parser.expression.ListExpressionTest
Running org.sonar.php.tree.impl.expression.SpreadArgumentTreeTest
Tests run: 1, Failures: 0, Errors: 0, Skipped: 0, Time elapsed: 0.003 sec - in org.sonar.php.tree.impl.expression.SpreadArgumentTreeTest
Running org.sonar.php.parser.declaration.ParameterListTest
Tests run: 1, Failures: 0, Errors: 0, Skipped: 0, Time elapsed: 0.004 sec - in org.sonar.php.parser.declaration.ParameterListTest
Running org.sonar.php.metrics.ComplexityVisitorTest
Tests run: 4, Failures: 0, Errors: 0, Skipped: 0, Time elapsed: 0.03 sec - in org.sonar.php.metrics.ComplexityVisitorTest
Running org.sonar.php.tree.visitors.PHPSubscriptionCheckTest
Tests run: 1, Failures: 0, Errors: 0, Skipped: 0, Time elapsed: 0.008 sec - in org.sonar.php.tree.visitors.PHPSubscriptionCheckTest
Running org.sonar.php.parser.declaration.InterfaceDeclarationTest
Tests run: 1, Failures: 0, Errors: 0, Skipped: 0, Time elapsed: 0.005 sec - in org.sonar.php.parser.declaration.InterfaceDeclarationTest
Running org.sonar.php.parser.statement.ReturnStatementTest
Tests run: 1, Failures: 0, Errors: 0, Skipped: 0, Time elapsed: 0.004 sec - in org.sonar.php.parser.statement.ReturnStatementTest
Running org.sonar.php.tree.impl.expression.CastExpressionTreeTest
Tests run: 1, Failures: 0, Errors: 0, Skipped: 0, Time elapsed: 0.003 sec - in org.sonar.php.tree.impl.expression.CastExpressionTreeTest
Running org.sonar.php.tree.impl.expression.PrefixExpressionTreeTest
Tests run: 7, Failures: 0, Errors: 0, Skipped: 0, Time elapsed: 0.028 sec - in org.sonar.php.tree.impl.expression.PrefixExpressionTreeTest
Running org.sonar.php.tree.impl.statement.ContinueStatementTreeTest
Tests run: 2, Failures: 0, Errors: 0, Skipped: 0, Time elapsed: 0.007 sec - in org.sonar.php.tree.impl.statement.ContinueStatementTreeTest
Running org.sonar.php.parser.statement.EmptyStatementTest
Tests run: 1, Failures: 0, Errors: 0, Skipped: 0, Time elapsed: 0.003 sec - in org.sonar.php.parser.statement.EmptyStatementTest
Running org.sonar.php.tree.impl.expression.FunctionCallTreeTest
Tests run: 2, Failures: 0, Errors: 0, Skipped: 0, Time elapsed: 0.007 sec - in org.sonar.php.tree.impl.expression.FunctionCallTreeTest
Running org.sonar.php.parser.expression.NewExpressionTest
Tests run: 1, Failures: 0, Errors: 0, Skipped: 0, Time elapsed: 0.004 sec - in org.sonar.php.parser.expression.NewExpressionTest
Running org.sonar.php.parser.statement.IfStatementTest
Tests run: 2, Failures: 0, Errors: 0, Skipped: 0, Time elapsed: 0.013 sec - in org.sonar.php.parser.statement.IfStatementTest
Running org.sonar.php.parser.statement.ForeachStatementTest
Tests run: 1, Failures: 0, Errors: 0, Skipped: 0, Time elapsed: 0.008 sec - in org.sonar.php.parser.statement.ForeachStatementTest
Running org.sonar.php.parser.declaration.TraitPrecedenceTest
Tests run: 1, Failures: 0, Errors: 0, Skipped: 0, Time elapsed: 0.003 sec - in org.sonar.php.parser.declaration.TraitPrecedenceTest
Running org.sonar.php.parser.expression.EncapsVarTest
Tests run: 1, Failures: 0, Errors: 0, Skipped: 0, Time elapsed: 0.005 sec - in org.sonar.php.parser.expression.EncapsVarTest
Running org.sonar.php.parser.expression.SemiComplexEncapsVariableTest
Tests run: 3, Failures: 0, Errors: 0, Skipped: 0, Time elapsed: 0.02 sec - in org.sonar.php.parser.expression.SemiComplexEncapsVariableTest
Running org.sonar.php.parser.statement.StaticStatementTest
Tests run: 1, Failures: 0, Errors: 0, Skipped: 0, Time elapsed: 0.005 sec - in org.sonar.php.parser.statement.StaticStatementTest
Running org.sonar.php.tree.impl.statement.InlineHTMLTreeTest
Tests run: 1, Failures: 0, Errors: 0, Skipped: 0, Time elapsed: 0.003 sec - in org.sonar.php.tree.impl.statement.InlineHTMLTreeTest
Running org.sonar.php.parser.declaration.MemberConstDeclarationTest
Tests run: 1, Failures: 0, Errors: 0, Skipped: 0, Time elapsed: 0.004 sec - in org.sonar.php.parser.declaration.MemberConstDeclarationTest
Running org.sonar.php.parser.expression.ConditionalExpressionTest
Tests run: 1, Failures: 0, Errors: 0, Skipped: 0, Time elapsed: 0.005 sec - in org.sonar.php.parser.expression.ConditionalExpressionTest
Running org.sonar.php.parser.lexical.RegularStringLiteralTest
Tests run: 2, Failures: 0, Errors: 0, Skipped: 0, Time elapsed: 0.005 sec - in org.sonar.php.parser.lexical.RegularStringLiteralTest
Running org.sonar.php.parser.statement.GlobalVarTest
Tests run: 1, Failures: 0, Errors: 0, Skipped: 0, Time elapsed: 0.003 sec - in org.sonar.php.parser.statement.GlobalVarTest
Running org.sonar.php.tree.impl.statement.ThrowStatementTreeTest
Tests run: 1, Failures: 0, Errors: 0, Skipped: 0, Time elapsed: 0.003 sec - in org.sonar.php.tree.impl.statement.ThrowStatementTreeTest
Running org.sonar.php.parser.expression.YieldExpressionTest
Tests run: 1, Failures: 0, Errors: 0, Skipped: 0, Time elapsed: 0.005 sec - in org.sonar.php.parser.expression.YieldExpressionTest
Running org.sonar.php.tree.impl.statement.LabelTreeTest
Tests run: 1, Failures: 0, Errors: 0, Skipped: 0, Time elapsed: 0.003 sec - in org.sonar.php.tree.impl.statement.LabelTreeTest
Running org.sonar.php.parser.statement.YieldStatementTest
Tests run: 1, Failures: 0, Errors: 0, Skipped: 0, Time elapsed: 0.004 sec - in org.sonar.php.parser.statement.YieldStatementTest
Running org.sonar.php.parser.expression.ObjectDimListTest
Tests run: 1, Failures: 0, Errors: 0, Skipped: 0, Time elapsed: 0.005 sec - in org.sonar.php.parser.expression.ObjectDimListTest
Running org.sonar.php.parser.expression.RelationalExpressionTest
Tests run: 1, Failures: 0, Errors: 0, Skipped: 0, Time elapsed: 0.008 sec - in org.sonar.php.parser.expression.RelationalExpressionTest
Running org.sonar.php.tree.impl.expression.VariableVariableTreeTest
Tests run: 2, Failures: 0, Errors: 0, Skipped: 0, Time elapsed: 0.009 sec - in org.sonar.php.tree.impl.expression.VariableVariableTreeTest
Running org.sonar.php.parser.expression.FunctionExpressionTest
Tests run: 1, Failures: 0, Errors: 0, Skipped: 0, Time elapsed: 0.006 sec - in org.sonar.php.parser.expression.FunctionExpressionTest
Running org.sonar.php.tree.impl.statement.SwitchClauseTreeTest
Tests run: 2, Failures: 0, Errors: 0, Skipped: 0, Time elapsed: 0.008 sec - in org.sonar.php.tree.impl.statement.SwitchClauseTreeTest
Running org.sonar.php.parser.declaration.TypeTest
Tests run: 1, Failures: 0, Errors: 0, Skipped: 0, Time elapsed: 0.003 sec - in org.sonar.php.parser.declaration.TypeTest
Running org.sonar.php.parser.expression.PrimaryExpressionTest
Tests run: 1, Failures: 0, Errors: 0, Skipped: 0, Time elapsed: 0.004 sec - in org.sonar.php.parser.expression.PrimaryExpressionTest
Running org.sonar.php.metrics.CpdVisitorTest
Tests run: 4, Failures: 0, Errors: 0, Skipped: 0, Time elapsed: 0.051 sec - in org.sonar.php.metrics.CpdVisitorTest
Running org.sonar.php.tree.impl.statement.ReturnStatementTreeTest
Tests run: 2, Failures: 0, Errors: 0, Skipped: 0, Time elapsed: 0.007 sec - in org.sonar.php.tree.impl.statement.ReturnStatementTreeTest
Running org.sonar.php.parser.expression.HeredocStringLiteralTest
Tests run: 1, Failures: 0, Errors: 0, Skipped: 0, Time elapsed: 0.016 sec - in org.sonar.php.parser.expression.HeredocStringLiteralTest

Results :




Tests run: 431, Failures: 0, Errors: 0, Skipped: 0

[INFO] 
[INFO] --- maven-jar-plugin:2.6:jar (default-jar) @ php-frontend ---
[INFO] Building jar: /home/travis/build/SonarSource/sonar-php/php-frontend/target/php-frontend-2.10.0.2005.jar
[INFO] 
[INFO] --- maven-jar-plugin:2.6:test-jar (default) @ php-frontend ---
[INFO] Building jar: /home/travis/build/SonarSource/sonar-php/php-frontend/target/php-frontend-2.10.0.2005-tests.jar
[INFO] 
[INFO] --- maven-source-plugin:2.4:jar-no-fork (attach-sources) @ php-frontend ---
[INFO] Building jar: /home/travis/build/SonarSource/sonar-php/php-frontend/target/php-frontend-2.10.0.2005-sources.jar
[INFO] 
[INFO] --- maven-install-plugin:2.5.2:install (default-install) @ php-frontend ---
[INFO] Installing /home/travis/build/SonarSource/sonar-php/php-frontend/target/php-frontend-2.10.0.2005.jar to /home/travis/.m2/repository/org/sonarsource/php/php-frontend/2.10.0.2005/php-frontend-2.10.0.2005.jar
[INFO] Installing /home/travis/build/SonarSource/sonar-php/php-frontend/pom.xml to /home/travis/.m2/repository/org/sonarsource/php/php-frontend/2.10.0.2005/php-frontend-2.10.0.2005.pom
[INFO] Installing /home/travis/build/SonarSource/sonar-php/php-frontend/target/php-frontend-2.10.0.2005-tests.jar to /home/travis/.m2/repository/org/sonarsource/php/php-frontend/2.10.0.2005/php-frontend-2.10.0.2005-tests.jar
[INFO] Installing /home/travis/build/SonarSource/sonar-php/php-frontend/target/php-frontend-2.10.0.2005-sources.jar to /home/travis/.m2/repository/org/sonarsource/php/php-frontend/2.10.0.2005/php-frontend-2.10.0.2005-sources.jar
[INFO] 
[INFO] --- maven-deploy-plugin:2.8.2:deploy (default-deploy) @ php-frontend ---
[INFO] Skipping artifact deployment
[INFO]                                                                         
[INFO] ------------------------------------------------------------------------
[INFO] Building PHP :: Checks 2.10.0.2005
[INFO] ------------------------------------------------------------------------
[INFO] 
[INFO] --- jacoco-maven-plugin:0.7.9:prepare-agent (default-cli) @ php-checks ---
[INFO] argLine set to -javaagent:/home/travis/.m2/repository/org/jacoco/org.jacoco.agent/0.7.9/org.jacoco.agent-0.7.9-runtime.jar=destfile=/home/travis/build/SonarSource/sonar-php/php-checks/target/jacoco.exec
[INFO] 
[INFO] --- buildnumber-maven-plugin:1.4:create (default) @ php-checks ---
[INFO] 
[INFO] --- maven-enforcer-plugin:1.4.1:enforce (enforce) @ php-checks ---
[INFO] 
[INFO] --- maven-enforcer-plugin:1.4.1:enforce (enforce-deploy-settings) @ php-checks ---
[INFO] 
[INFO] --- license-maven-plugin:2.11:check (enforce-license-headers) @ php-checks ---
[INFO] Checking licenses...
[INFO] 
[INFO] --- artifactory-maven-plugin:2.6.1:publish (build-info) @ php-checks ---
[INFO] 
[INFO] --- maven-resources-plugin:2.7:resources (default-resources) @ php-checks ---
[INFO] Using 'UTF-8' encoding to copy filtered resources.
[INFO] Copying 242 resources
[INFO] 
[INFO] --- maven-compiler-plugin:3.5.1:compile (default-compile) @ php-checks ---
[INFO] Changes detected - recompiling the module!
[INFO] Compiling 143 source files to /home/travis/build/SonarSource/sonar-php/php-checks/target/classes
[INFO] 
[INFO] --- maven-resources-plugin:2.7:testResources (default-testResources) @ php-checks ---
[INFO] Using 'UTF-8' encoding to copy filtered resources.
[INFO] Copying 159 resources
[INFO] 
[INFO] --- maven-compiler-plugin:3.5.1:testCompile (default-testCompile) @ php-checks ---
[INFO] Changes detected - recompiling the module!
[INFO] Compiling 131 source files to /home/travis/build/SonarSource/sonar-php/php-checks/target/test-classes
[INFO] 
[INFO] --- maven-surefire-plugin:2.18:test (default-test) @ php-checks ---
[INFO] Surefire report directory: /home/travis/build/SonarSource/sonar-php/php-checks/target/surefire-reports

-------------------------------------------------------
 T E S T S
-------------------------------------------------------
Running org.sonar.php.checks.DuplicateBranchImplementationCheckTest
Tests run: 1, Failures: 0, Errors: 0, Skipped: 0, Time elapsed: 1.463 sec - in org.sonar.php.checks.DuplicateBranchImplementationCheckTest
Running org.sonar.php.checks.SleepFunctionUsageCheckTest
Tests run: 1, Failures: 0, Errors: 0, Skipped: 0, Time elapsed: 0.017 sec - in org.sonar.php.checks.SleepFunctionUsageCheckTest
Running org.sonar.php.checks.FunctionNameCheckTest
Tests run: 2, Failures: 0, Errors: 0, Skipped: 0, Time elapsed: 0.059 sec - in org.sonar.php.checks.FunctionNameCheckTest
Running org.sonar.php.checks.TrailingWhitespaceCheckTest
Tests run: 1, Failures: 0, Errors: 0, Skipped: 0, Time elapsed: 0.012 sec - in org.sonar.php.checks.TrailingWhitespaceCheckTest
Running org.sonar.php.checks.ClassNameCheckTest
Tests run: 2, Failures: 0, Errors: 0, Skipped: 0, Time elapsed: 0.005 sec - in org.sonar.php.checks.ClassNameCheckTest
Running org.sonar.php.checks.GlobalKeywordAndArrayUsageCheckTest
Tests run: 1, Failures: 0, Errors: 0, Skipped: 0, Time elapsed: 0.011 sec - in org.sonar.php.checks.GlobalKeywordAndArrayUsageCheckTest
Running org.sonar.php.checks.FunctionDefineOutsideClassCheckTest
Tests run: 1, Failures: 0, Errors: 0, Skipped: 0, Time elapsed: 0.02 sec - in org.sonar.php.checks.FunctionDefineOutsideClassCheckTest
Running org.sonar.php.checks.CollapsibleIfStatementCheckTest
Tests run: 1, Failures: 0, Errors: 0, Skipped: 0, Time elapsed: 0.03 sec - in org.sonar.php.checks.CollapsibleIfStatementCheckTest
Running org.sonar.php.checks.RightCurlyBraceStartsLineCheckTest
Tests run: 1, Failures: 0, Errors: 0, Skipped: 0, Time elapsed: 0.026 sec - in org.sonar.php.checks.RightCurlyBraceStartsLineCheckTest
Running org.sonar.php.checks.DuplicateConditionCheckTest
Tests run: 1, Failures: 0, Errors: 0, Skipped: 0, Time elapsed: 0.013 sec - in org.sonar.php.checks.DuplicateConditionCheckTest
Running org.sonar.php.checks.PerlStyleCommentsUsageCheckTest
Tests run: 1, Failures: 0, Errors: 0, Skipped: 0, Time elapsed: 0.002 sec - in org.sonar.php.checks.PerlStyleCommentsUsageCheckTest
Running org.sonar.php.checks.OnePropertyDeclarationPerStatementCheckTest
Tests run: 1, Failures: 0, Errors: 0, Skipped: 0, Time elapsed: 0.005 sec - in org.sonar.php.checks.OnePropertyDeclarationPerStatementCheckTest
Running org.sonar.php.checks.EmptyStatementCheckTest
Tests run: 1, Failures: 0, Errors: 0, Skipped: 0, Time elapsed: 0.008 sec - in org.sonar.php.checks.EmptyStatementCheckTest
Running org.sonar.php.checks.formatting.NamespaceAndUseStatementCheckTest
Tests run: 3, Failures: 0, Errors: 0, Skipped: 0, Time elapsed: 0.041 sec - in org.sonar.php.checks.formatting.NamespaceAndUseStatementCheckTest
Running org.sonar.php.checks.MultilineBlocksCurlyBracesCheckTest
Tests run: 1, Failures: 0, Errors: 0, Skipped: 0, Time elapsed: 0.038 sec - in org.sonar.php.checks.MultilineBlocksCurlyBracesCheckTest
Running org.sonar.php.checks.AlwaysUseCurlyBracesCheckTest
Tests run: 1, Failures: 0, Errors: 0, Skipped: 0, Time elapsed: 0.042 sec - in org.sonar.php.checks.AlwaysUseCurlyBracesCheckTest
Running org.sonar.php.checks.EchoWithParenthesisCheckTest
Tests run: 1, Failures: 0, Errors: 0, Skipped: 0, Time elapsed: 0.007 sec - in org.sonar.php.checks.EchoWithParenthesisCheckTest
Running org.sonar.php.checks.TooManyReturnCheckTest
Tests run: 2, Failures: 0, Errors: 0, Skipped: 0, Time elapsed: 0.081 sec - in org.sonar.php.checks.TooManyReturnCheckTest
Running org.sonar.php.checks.CallParentConstructorCheckTest
Tests run: 1, Failures: 0, Errors: 0, Skipped: 0, Time elapsed: 0.016 sec - in org.sonar.php.checks.CallParentConstructorCheckTest
Running org.sonar.php.checks.phpini.PhpIniBooleanTest
Tests run: 3, Failures: 0, Errors: 0, Skipped: 0, Time elapsed: 0.075 sec - in org.sonar.php.checks.phpini.PhpIniBooleanTest
Running org.sonar.php.checks.ConstructorDependencyInversionCheckTest
Tests run: 1, Failures: 0, Errors: 0, Skipped: 0, Time elapsed: 0.031 sec - in org.sonar.php.checks.ConstructorDependencyInversionCheckTest
Running org.sonar.php.checks.NonLFCharAsEOLCheckTest
Tests run: 2, Failures: 0, Errors: 0, Skipped: 0, Time elapsed: 1.181 sec - in org.sonar.php.checks.NonLFCharAsEOLCheckTest
Running org.sonar.php.checks.AtLeastThreeCasesInSwitchCheckTest
Tests run: 1, Failures: 0, Errors: 0, Skipped: 0, Time elapsed: 0.011 sec - in org.sonar.php.checks.AtLeastThreeCasesInSwitchCheckTest
Running org.sonar.php.checks.LowerCaseColorCheckTest
Tests run: 1, Failures: 0, Errors: 0, Skipped: 0, Time elapsed: 0.007 sec - in org.sonar.php.checks.LowerCaseColorCheckTest
Running org.sonar.php.checks.DeprecatedPredefinedVariablesUseCheckTest
Tests run: 1, Failures: 0, Errors: 0, Skipped: 0, Time elapsed: 0.009 sec - in org.sonar.php.checks.DeprecatedPredefinedVariablesUseCheckTest
Running org.sonar.php.checks.formatting.IndentationCheckTest
Tests run: 2, Failures: 0, Errors: 0, Skipped: 0, Time elapsed: 0.054 sec - in org.sonar.php.checks.formatting.IndentationCheckTest
Running org.sonar.php.checks.IncrementDecrementInSubExpressionCheckTest
Tests run: 1, Failures: 0, Errors: 0, Skipped: 0, Time elapsed: 0.019 sec - in org.sonar.php.checks.IncrementDecrementInSubExpressionCheckTest
Running org.sonar.php.checks.LeftCurlyBraceEndsLineCheckTest
Tests run: 1, Failures: 0, Errors: 0, Skipped: 0, Time elapsed: 0.042 sec - in org.sonar.php.checks.LeftCurlyBraceEndsLineCheckTest
Running org.sonar.php.checks.formatting.CurlyBraceCheckTest
Tests run: 2, Failures: 0, Errors: 0, Skipped: 0, Time elapsed: 0.035 sec - in org.sonar.php.checks.formatting.CurlyBraceCheckTest
Running org.sonar.php.checks.DuplicatedFunctionArgumentCheckTest
Tests run: 1, Failures: 0, Errors: 0, Skipped: 0, Time elapsed: 0.006 sec - in org.sonar.php.checks.DuplicatedFunctionArgumentCheckTest
Running org.sonar.php.checks.PHP5DeprecatedFunctionUsageCheckTest
Tests run: 1, Failures: 0, Errors: 0, Skipped: 0, Time elapsed: 0.018 sec - in org.sonar.php.checks.PHP5DeprecatedFunctionUsageCheckTest
Running org.sonar.php.checks.GotoUseCheckTest
Tests run: 1, Failures: 0, Errors: 0, Skipped: 0, Time elapsed: 0.006 sec - in org.sonar.php.checks.GotoUseCheckTest
Running org.sonar.php.checks.ForHidingWhileCheckTest
Tests run: 1, Failures: 0, Errors: 0, Skipped: 0, Time elapsed: 0.012 sec - in org.sonar.php.checks.ForHidingWhileCheckTest
Running org.sonar.php.checks.CharacterBeforeOpeningPHPTagCheckTest
Tests run: 2, Failures: 0, Errors: 0, Skipped: 0, Time elapsed: 0.008 sec - in org.sonar.php.checks.CharacterBeforeOpeningPHPTagCheckTest
Running org.sonar.php.checks.ElseIfWithoutElseCheckTest
Tests run: 1, Failures: 0, Errors: 0, Skipped: 0, Time elapsed: 0.017 sec - in org.sonar.php.checks.ElseIfWithoutElseCheckTest
Running org.sonar.php.checks.GenericExceptionCheckTest
Tests run: 6, Failures: 0, Errors: 0, Skipped: 0, Time elapsed: 0.057 sec - in org.sonar.php.checks.GenericExceptionCheckTest
Running org.sonar.php.checks.KeywordsAndConstantsNotLowerCaseCheckTest
Tests run: 1, Failures: 0, Errors: 0, Skipped: 0, Time elapsed: 0.005 sec - in org.sonar.php.checks.KeywordsAndConstantsNotLowerCaseCheckTest
Running org.sonar.php.checks.CheckListTest
Tests run: 2, Failures: 0, Errors: 0, Skipped: 0, Time elapsed: 0.088 sec - in org.sonar.php.checks.CheckListTest
Running org.sonar.php.checks.OpeningPHPTagCheckTest
Tests run: 4, Failures: 0, Errors: 0, Skipped: 0, Time elapsed: 0.007 sec - in org.sonar.php.checks.OpeningPHPTagCheckTest
Running org.sonar.php.checks.ReturnOfBooleanExpressionCheckTest
Tests run: 1, Failures: 0, Errors: 0, Skipped: 0, Time elapsed: 0.015 sec - in org.sonar.php.checks.ReturnOfBooleanExpressionCheckTest
Running org.sonar.php.checks.SwitchCaseTooBigCheckTest
Tests run: 2, Failures: 0, Errors: 0, Skipped: 0, Time elapsed: 0.02 sec - in org.sonar.php.checks.SwitchCaseTooBigCheckTest
Running org.sonar.php.checks.MissingNewLineAtEOFCheckTest
Tests run: 3, Failures: 0, Errors: 0, Skipped: 0, Time elapsed: 0.007 sec - in org.sonar.php.checks.MissingNewLineAtEOFCheckTest
Running org.sonar.php.checks.FunctionComplexityCheckTest
Tests run: 2, Failures: 0, Errors: 0, Skipped: 0, Time elapsed: 0.044 sec - in org.sonar.php.checks.FunctionComplexityCheckTest
Running org.sonar.php.checks.SwitchWithoutDefaultCheckTest
Tests run: 1, Failures: 0, Errors: 0, Skipped: 0, Time elapsed: 0.005 sec - in org.sonar.php.checks.SwitchWithoutDefaultCheckTest
Running org.sonar.php.checks.UselessObjectCreationCheckTest
Tests run: 1, Failures: 0, Errors: 0, Skipped: 0, Time elapsed: 0.004 sec - in org.sonar.php.checks.UselessObjectCreationCheckTest
Running org.sonar.php.checks.ClosingTagInFullPHPFileCheckTest
Tests run: 2, Failures: 0, Errors: 0, Skipped: 0, Time elapsed: 0.005 sec - in org.sonar.php.checks.ClosingTagInFullPHPFileCheckTest
Running org.sonar.php.checks.phpini.OpenBasedirCheckTest
Tests run: 2, Failures: 0, Errors: 0, Skipped: 0, Time elapsed: 0.059 sec - in org.sonar.php.checks.phpini.OpenBasedirCheckTest
Running org.sonar.php.checks.phpini.SessionUseTransSidCheckTest
Tests run: 2, Failures: 0, Errors: 0, Skipped: 0, Time elapsed: 0.004 sec - in org.sonar.php.checks.phpini.SessionUseTransSidCheckTest
Running org.sonar.php.checks.EmptyNestedBlockCheckTest
Tests run: 1, Failures: 0, Errors: 0, Skipped: 0, Time elapsed: 0.008 sec - in org.sonar.php.checks.EmptyNestedBlockCheckTest
Running org.sonar.php.checks.ExitOrDieUsageCheckTest
Tests run: 1, Failures: 0, Errors: 0, Skipped: 0, Time elapsed: 0.003 sec - in org.sonar.php.checks.ExitOrDieUsageCheckTest
Running org.sonar.php.checks.phpini.CgiForceRedirectCheckTest
Tests run: 2, Failures: 0, Errors: 0, Skipped: 0, Time elapsed: 0.004 sec - in org.sonar.php.checks.phpini.CgiForceRedirectCheckTest
Running org.sonar.php.checks.TooManyMethodsInClassCheckTest
Tests run: 3, Failures: 0, Errors: 0, Skipped: 0, Time elapsed: 0.012 sec - in org.sonar.php.checks.TooManyMethodsInClassCheckTest
Running org.sonar.php.checks.CommentedOutCodeCheckTest
Tests run: 1, Failures: 0, Errors: 0, Skipped: 0, Time elapsed: 0.007 sec - in org.sonar.php.checks.CommentedOutCodeCheckTest
Running org.sonar.php.checks.HardCodedCredentialsCheckTest
Tests run: 1, Failures: 0, Errors: 0, Skipped: 0, Time elapsed: 0.008 sec - in org.sonar.php.checks.HardCodedCredentialsCheckTest
Running org.sonar.php.checks.formatting.FunctionSpacingCheckTest
Tests run: 2, Failures: 0, Errors: 0, Skipped: 0, Time elapsed: 0.025 sec - in org.sonar.php.checks.formatting.FunctionSpacingCheckTest
Running org.sonar.php.checks.SessionCookiePersistenceCheckTest
Tests run: 3, Failures: 0, Errors: 0, Skipped: 0, Time elapsed: 0.008 sec - in org.sonar.php.checks.SessionCookiePersistenceCheckTest
Running org.sonar.php.checks.VarKeywordUsageCheckTest
Tests run: 1, Failures: 0, Errors: 0, Skipped: 0, Time elapsed: 0.002 sec - in org.sonar.php.checks.VarKeywordUsageCheckTest
Running org.sonar.php.checks.IfConditionAlwaysTrueOrFalseCheckTest
Tests run: 1, Failures: 0, Errors: 0, Skipped: 0, Time elapsed: 0.004 sec - in org.sonar.php.checks.IfConditionAlwaysTrueOrFalseCheckTest
Running org.sonar.php.checks.RedundantFinalCheckTest
Tests run: 1, Failures: 0, Errors: 0, Skipped: 0, Time elapsed: 0.003 sec - in org.sonar.php.checks.RedundantFinalCheckTest
Running org.sonar.php.checks.ImmediatelyReturnedVariableCheckTest
Tests run: 1, Failures: 0, Errors: 0, Skipped: 0, Time elapsed: 0.018 sec - in org.sonar.php.checks.ImmediatelyReturnedVariableCheckTest
Running org.sonar.php.checks.ClassComplexityCheckTest
Tests run: 2, Failures: 0, Errors: 0, Skipped: 0, Time elapsed: 0.013 sec - in org.sonar.php.checks.ClassComplexityCheckTest
Running org.sonar.php.checks.TooManyLinesInFunctionCheckTest
Tests run: 2, Failures: 0, Errors: 0, Skipped: 0, Time elapsed: 0.009 sec - in org.sonar.php.checks.TooManyLinesInFunctionCheckTest
Running org.sonar.php.checks.utils.EqualityTest
Tests run: 1, Failures: 0, Errors: 0, Skipped: 0, Time elapsed: 0.015 sec - in org.sonar.php.checks.utils.EqualityTest
Running org.sonar.php.checks.ConstructorDeclarationCheckTest
Tests run: 1, Failures: 0, Errors: 0, Skipped: 0, Time elapsed: 0.003 sec - in org.sonar.php.checks.ConstructorDeclarationCheckTest
Running org.sonar.php.checks.InterfaceNameCheckTest
Tests run: 1, Failures: 0, Errors: 0, Skipped: 0, Time elapsed: 0.009 sec - in org.sonar.php.checks.InterfaceNameCheckTest
Running org.sonar.php.checks.TodoTagPresenceCheckTest
Tests run: 1, Failures: 0, Errors: 0, Skipped: 0, Time elapsed: 0.002 sec - in org.sonar.php.checks.TodoTagPresenceCheckTest
Running org.sonar.php.checks.LocalVariableShadowsClassFieldCheckTest
Tests run: 1, Failures: 0, Errors: 0, Skipped: 0, Time elapsed: 0.022 sec - in org.sonar.php.checks.LocalVariableShadowsClassFieldCheckTest
Running org.sonar.php.checks.InlineHTMLInFileCheckTest
Tests run: 4, Failures: 0, Errors: 0, Skipped: 0, Time elapsed: 0.006 sec - in org.sonar.php.checks.InlineHTMLInFileCheckTest
Running org.sonar.php.checks.AliasFunctionUsageCheckTest
Tests run: 1, Failures: 0, Errors: 0, Skipped: 0, Time elapsed: 0.014 sec - in org.sonar.php.checks.AliasFunctionUsageCheckTest
Running org.sonar.php.checks.ElseIfSequenceKeywordUsageCheckTest
Tests run: 1, Failures: 0, Errors: 0, Skipped: 0, Time elapsed: 0.003 sec - in org.sonar.php.checks.ElseIfSequenceKeywordUsageCheckTest
Running org.sonar.php.checks.ExpressionComplexityCheckTest
Tests run: 2, Failures: 0, Errors: 0, Skipped: 0, Time elapsed: 0.039 sec - in org.sonar.php.checks.ExpressionComplexityCheckTest
Running org.sonar.php.checks.StringLiteralDuplicatedCheckTest
Tests run: 2, Failures: 0, Errors: 0, Skipped: 0, Time elapsed: 0.009 sec - in org.sonar.php.checks.StringLiteralDuplicatedCheckTest
Running org.sonar.php.checks.NestedFunctionDepthCheckTest
Tests run: 2, Failures: 0, Errors: 0, Skipped: 0, Time elapsed: 0.006 sec - in org.sonar.php.checks.NestedFunctionDepthCheckTest
Running org.sonar.php.checks.ForLoopCounterChangedCheckTest
Tests run: 1, Failures: 0, Errors: 0, Skipped: 0, Time elapsed: 0.022 sec - in org.sonar.php.checks.ForLoopCounterChangedCheckTest
Running org.sonar.php.checks.ConstantNameCheckTest
Tests run: 2, Failures: 0, Errors: 0, Skipped: 0, Time elapsed: 0.01 sec - in org.sonar.php.checks.ConstantNameCheckTest
Running org.sonar.php.checks.TooManyFieldsInClassCheckTest
Tests run: 3, Failures: 0, Errors: 0, Skipped: 0, Time elapsed: 0.008 sec - in org.sonar.php.checks.TooManyFieldsInClassCheckTest
Running org.sonar.php.checks.RequireInsteadOfRequireOnceCheckTest
Tests run: 1, Failures: 0, Errors: 0, Skipped: 0, Time elapsed: 0.002 sec - in org.sonar.php.checks.RequireInsteadOfRequireOnceCheckTest
Running org.sonar.php.checks.FileNameCheckTest
Tests run: 4, Failures: 0, Errors: 0, Skipped: 0, Time elapsed: 0.004 sec - in org.sonar.php.checks.FileNameCheckTest
Running org.sonar.php.checks.IdenticalOperandsInBinaryExpressionCheckTest
Tests run: 1, Failures: 0, Errors: 0, Skipped: 0, Time elapsed: 0.011 sec - in org.sonar.php.checks.IdenticalOperandsInBinaryExpressionCheckTest
Running org.sonar.php.checks.LeftCurlyBraceStartsLineCheckTest
Tests run: 1, Failures: 0, Errors: 0, Skipped: 0, Time elapsed: 0.009 sec - in org.sonar.php.checks.LeftCurlyBraceStartsLineCheckTest
Running org.sonar.php.checks.ConcatenatedStringLiteralCheckTest
Tests run: 1, Failures: 0, Errors: 0, Skipped: 0, Time elapsed: 0.004 sec - in org.sonar.php.checks.ConcatenatedStringLiteralCheckTest
Running org.sonar.php.checks.EvalUseCheckTest
Tests run: 1, Failures: 0, Errors: 0, Skipped: 0, Time elapsed: 0.002 sec - in org.sonar.php.checks.EvalUseCheckTest
Running org.sonar.php.checks.CallToIniSetCheckTest
Tests run: 1, Failures: 0, Errors: 0, Skipped: 0, Time elapsed: 0.004 sec - in org.sonar.php.checks.CallToIniSetCheckTest
Running org.sonar.php.checks.SilencedErrorsCheckTest
Tests run: 1, Failures: 0, Errors: 0, Skipped: 0, Time elapsed: 0.001 sec - in org.sonar.php.checks.SilencedErrorsCheckTest
Running org.sonar.php.checks.TabCharacterCheckTest
Tests run: 1, Failures: 0, Errors: 0, Skipped: 0, Time elapsed: 0.01 sec - in org.sonar.php.checks.TabCharacterCheckTest
Running org.sonar.php.checks.LocalVariableAndParameterNameCheckTest
Tests run: 2, Failures: 0, Errors: 0, Skipped: 0, Time elapsed: 0.021 sec - in org.sonar.php.checks.LocalVariableAndParameterNameCheckTest
Running org.sonar.php.checks.OneStatementPerLineCheckTest
Tests run: 1, Failures: 0, Errors: 0, Skipped: 0, Time elapsed: 0.01 sec - in org.sonar.php.checks.OneStatementPerLineCheckTest
Running org.sonar.php.checks.CodeFollowingJumpStatementCheckTest
Tests run: 1, Failures: 0, Errors: 0, Skipped: 0, Time elapsed: 0.011 sec - in org.sonar.php.checks.CodeFollowingJumpStatementCheckTest
Running org.sonar.php.checks.phpini.AllowUrlCheckTest
Tests run: 2, Failures: 0, Errors: 0, Skipped: 0, Time elapsed: 0.003 sec - in org.sonar.php.checks.phpini.AllowUrlCheckTest
Running org.sonar.php.checks.LogicalWordOperatorUsageCheckTest
Tests run: 1, Failures: 0, Errors: 0, Skipped: 0, Time elapsed: 0.003 sec - in org.sonar.php.checks.LogicalWordOperatorUsageCheckTest
Running org.sonar.php.checks.UnusedLocalVariableCheckTest
Tests run: 1, Failures: 0, Errors: 0, Skipped: 0, Time elapsed: 0.046 sec - in org.sonar.php.checks.UnusedLocalVariableCheckTest
Running org.sonar.php.checks.ClassCouplingCheckTest
Tests run: 2, Failures: 0, Errors: 0, Skipped: 0, Time elapsed: 0.028 sec - in org.sonar.php.checks.ClassCouplingCheckTest
Running org.sonar.php.checks.TrailingCommentCheckTest
Tests run: 2, Failures: 0, Errors: 0, Skipped: 0, Time elapsed: 0.006 sec - in org.sonar.php.checks.TrailingCommentCheckTest
Running org.sonar.php.checks.SelfKeywordUsageCheckTest
Tests run: 1, Failures: 0, Errors: 0, Skipped: 0, Time elapsed: 0.022 sec - in org.sonar.php.checks.SelfKeywordUsageCheckTest
Running org.sonar.php.checks.ModifiersOrderCheckTest
Tests run: 1, Failures: 0, Errors: 0, Skipped: 0, Time elapsed: 0.003 sec - in org.sonar.php.checks.ModifiersOrderCheckTest
Running org.sonar.php.checks.LineLengthCheckTest
Tests run: 2, Failures: 0, Errors: 0, Skipped: 0, Time elapsed: 0.004 sec - in org.sonar.php.checks.LineLengthCheckTest
Running org.sonar.php.checks.ThisVariableUsageInStaticContextCheckTest
Tests run: 1, Failures: 0, Errors: 0, Skipped: 0, Time elapsed: 0.002 sec - in org.sonar.php.checks.ThisVariableUsageInStaticContextCheckTest
Running org.sonar.php.checks.formatting.PunctuatorSpacingCheckTest
Tests run: 2, Failures: 0, Errors: 0, Skipped: 0, Time elapsed: 0.013 sec - in org.sonar.php.checks.formatting.PunctuatorSpacingCheckTest
Running org.sonar.php.checks.SelfAssignmentCheckTest
Tests run: 1, Failures: 0, Errors: 0, Skipped: 0, Time elapsed: 0.003 sec - in org.sonar.php.checks.SelfAssignmentCheckTest
Running org.sonar.php.checks.MethodNameReturningBooleanCheckTest
Tests run: 1, Failures: 0, Errors: 0, Skipped: 0, Time elapsed: 0.003 sec - in org.sonar.php.checks.MethodNameReturningBooleanCheckTest
Running org.sonar.php.checks.MissingMethodVisibilityCheckTest
Tests run: 1, Failures: 0, Errors: 0, Skipped: 0, Time elapsed: 0.005 sec - in org.sonar.php.checks.MissingMethodVisibilityCheckTest
Running org.sonar.php.checks.NestedControlFlowDepthCheckTest
Tests run: 2, Failures: 0, Errors: 0, Skipped: 0, Time elapsed: 0.017 sec - in org.sonar.php.checks.NestedControlFlowDepthCheckTest
Running org.sonar.php.checks.PhpSapiNameFunctionUsageCheckTest
Tests run: 1, Failures: 0, Errors: 0, Skipped: 0, Time elapsed: 0.003 sec - in org.sonar.php.checks.PhpSapiNameFunctionUsageCheckTest
Running org.sonar.php.checks.VariableVariablesCheckTest
Tests run: 1, Failures: 0, Errors: 0, Skipped: 0, Time elapsed: 0.002 sec - in org.sonar.php.checks.VariableVariablesCheckTest
Running org.sonar.php.checks.BooleanEqualityComparisonCheckTest
Tests run: 1, Failures: 0, Errors: 0, Skipped: 0, Time elapsed: 0.009 sec - in org.sonar.php.checks.BooleanEqualityComparisonCheckTest
Running org.sonar.php.checks.DirectlyAccessingSuperGlobalCheckTest
Tests run: 1, Failures: 0, Errors: 0, Skipped: 0, Time elapsed: 0.002 sec - in org.sonar.php.checks.DirectlyAccessingSuperGlobalCheckTest
Running org.sonar.php.checks.TooManyCasesInSwitchCheckTest
Tests run: 2, Failures: 0, Errors: 0, Skipped: 0, Time elapsed: 0.008 sec - in org.sonar.php.checks.TooManyCasesInSwitchCheckTest
Running org.sonar.php.checks.TooManyLinesInClassCheckTest
Tests run: 2, Failures: 0, Errors: 0, Skipped: 0, Time elapsed: 0.005 sec - in org.sonar.php.checks.TooManyLinesInClassCheckTest
Running org.sonar.php.checks.OverridingMethodSimplyCallParentCheckTest
Tests run: 1, Failures: 0, Errors: 0, Skipped: 0, Time elapsed: 0.016 sec - in org.sonar.php.checks.OverridingMethodSimplyCallParentCheckTest
Running org.sonar.php.checks.TooManyFunctionParametersCheckTest
Tests run: 3, Failures: 0, Errors: 0, Skipped: 0, Time elapsed: 0.012 sec - in org.sonar.php.checks.TooManyFunctionParametersCheckTest
Running org.sonar.php.checks.formatting.ControlStructureSpacingTest
Tests run: 2, Failures: 0, Errors: 0, Skipped: 0, Time elapsed: 0.019 sec - in org.sonar.php.checks.formatting.ControlStructureSpacingTest
Running org.sonar.php.checks.ArgumentWithDefaultValueNotLastCheckTest
Tests run: 1, Failures: 0, Errors: 0, Skipped: 0, Time elapsed: 0.006 sec - in org.sonar.php.checks.ArgumentWithDefaultValueNotLastCheckTest
Running org.sonar.php.checks.FieldNameCheckTest
Tests run: 2, Failures: 0, Errors: 0, Skipped: 0, Time elapsed: 0.002 sec - in org.sonar.php.checks.FieldNameCheckTest
Running org.sonar.php.checks.UselessExpressionStatementCheckTest
Tests run: 2, Failures: 0, Errors: 0, Skipped: 0, Time elapsed: 0.006 sec - in org.sonar.php.checks.UselessExpressionStatementCheckTest
Running org.sonar.php.checks.UnusedPrivateMethodCheckTest
Tests run: 1, Failures: 0, Errors: 0, Skipped: 0, Time elapsed: 0.016 sec - in org.sonar.php.checks.UnusedPrivateMethodCheckTest
Running org.sonar.php.checks.formatting.ExtendsImplementsLineCheckTest
Tests run: 2, Failures: 0, Errors: 0, Skipped: 0, Time elapsed: 0.006 sec - in org.sonar.php.checks.formatting.ExtendsImplementsLineCheckTest
Running org.sonar.php.checks.TooManyLinesInFileCheckTest
Tests run: 2, Failures: 0, Errors: 0, Skipped: 0, Time elapsed: 0.002 sec - in org.sonar.php.checks.TooManyLinesInFileCheckTest
Running org.sonar.php.checks.UnusedPrivateFieldCheckTest
Tests run: 1, Failures: 0, Errors: 0, Skipped: 0, Time elapsed: 0.02 sec - in org.sonar.php.checks.UnusedPrivateFieldCheckTest
Running org.sonar.php.checks.NullDereferenceInConditionalCheckTest
Tests run: 1, Failures: 0, Errors: 0, Skipped: 0, Time elapsed: 0.031 sec - in org.sonar.php.checks.NullDereferenceInConditionalCheckTest
Running org.sonar.php.checks.phpini.EnableDlCheckTest
Tests run: 2, Failures: 0, Errors: 0, Skipped: 0, Time elapsed: 0.002 sec - in org.sonar.php.checks.phpini.EnableDlCheckTest
Running org.sonar.php.checks.MoreThanOneClassInFileCheckTest
Tests run: 4, Failures: 0, Errors: 0, Skipped: 0, Time elapsed: 0.004 sec - in org.sonar.php.checks.MoreThanOneClassInFileCheckTest
Running org.sonar.php.checks.ReferenceInFunctionCallCheckTest
Tests run: 1, Failures: 0, Errors: 0, Skipped: 0, Time elapsed: 0.004 sec - in org.sonar.php.checks.ReferenceInFunctionCallCheckTest
Running org.sonar.php.checks.NonEmptyCaseWithoutBreakCheckTest
Tests run: 1, Failures: 0, Errors: 0, Skipped: 0, Time elapsed: 0.013 sec - in org.sonar.php.checks.NonEmptyCaseWithoutBreakCheckTest
Running org.sonar.php.checks.FileHeaderCheckTest
Tests run: 1, Failures: 0, Errors: 0, Skipped: 0, Time elapsed: 0.009 sec - in org.sonar.php.checks.FileHeaderCheckTest
Running org.sonar.php.checks.FixmeTagPresenceCheckTest
Tests run: 1, Failures: 0, Errors: 0, Skipped: 0, Time elapsed: 0.001 sec - in org.sonar.php.checks.FixmeTagPresenceCheckTest
Running org.sonar.php.checks.FileWithSymbolsAndSideEffectsCheckTest
Tests run: 8, Failures: 0, Errors: 0, Skipped: 0, Time elapsed: 0.011 sec - in org.sonar.php.checks.FileWithSymbolsAndSideEffectsCheckTest
Running org.sonar.php.checks.UnusedFunctionParametersCheckTest
Tests run: 1, Failures: 0, Errors: 0, Skipped: 0, Time elapsed: 0.01 sec - in org.sonar.php.checks.UnusedFunctionParametersCheckTest
Running org.sonar.php.checks.phpini.FileUploadsCheckTest
Tests run: 2, Failures: 0, Errors: 0, Skipped: 0, Time elapsed: 0.003 sec - in org.sonar.php.checks.phpini.FileUploadsCheckTest

Results :




Tests run: 203, Failures: 0, Errors: 0, Skipped: 0

[INFO] 
[INFO] --- maven-jar-plugin:2.6:jar (default-jar) @ php-checks ---
[INFO] Building jar: /home/travis/build/SonarSource/sonar-php/php-checks/target/php-checks-2.10.0.2005.jar
[INFO] 
[INFO] --- maven-source-plugin:2.4:jar-no-fork (attach-sources) @ php-checks ---
[INFO] Building jar: /home/travis/build/SonarSource/sonar-php/php-checks/target/php-checks-2.10.0.2005-sources.jar
[INFO] 
[INFO] --- maven-install-plugin:2.5.2:install (default-install) @ php-checks ---
[INFO] Installing /home/travis/build/SonarSource/sonar-php/php-checks/target/php-checks-2.10.0.2005.jar to /home/travis/.m2/repository/org/sonarsource/php/php-checks/2.10.0.2005/php-checks-2.10.0.2005.jar
[INFO] Installing /home/travis/build/SonarSource/sonar-php/php-checks/pom.xml to /home/travis/.m2/repository/org/sonarsource/php/php-checks/2.10.0.2005/php-checks-2.10.0.2005.pom
[INFO] Installing /home/travis/build/SonarSource/sonar-php/php-checks/target/php-checks-2.10.0.2005-sources.jar to /home/travis/.m2/repository/org/sonarsource/php/php-checks/2.10.0.2005/php-checks-2.10.0.2005-sources.jar
[INFO] 
[INFO] --- maven-deploy-plugin:2.8.2:deploy (default-deploy) @ php-checks ---
[INFO] Skipping artifact deployment
[INFO]                                                                         
[INFO] ------------------------------------------------------------------------
[INFO] Building PHP :: Sonar Plugin 2.10.0.2005
[INFO] ------------------------------------------------------------------------
[INFO] 
[INFO] --- jacoco-maven-plugin:0.7.9:prepare-agent (default-cli) @ sonar-php-plugin ---
[INFO] argLine set to -javaagent:/home/travis/.m2/repository/org/jacoco/org.jacoco.agent/0.7.9/org.jacoco.agent-0.7.9-runtime.jar=destfile=/home/travis/build/SonarSource/sonar-php/sonar-php-plugin/target/jacoco.exec
[INFO] 
[INFO] --- buildnumber-maven-plugin:1.4:create (default) @ sonar-php-plugin ---
[INFO] 
[INFO] --- maven-enforcer-plugin:1.4.1:enforce (enforce) @ sonar-php-plugin ---
[INFO] 
[INFO] --- maven-enforcer-plugin:1.4.1:enforce (enforce-deploy-settings) @ sonar-php-plugin ---
[INFO] 
[INFO] --- license-maven-plugin:2.11:check (enforce-license-headers) @ sonar-php-plugin ---
[INFO] Checking licenses...
[INFO] 
[INFO] --- artifactory-maven-plugin:2.6.1:publish (build-info) @ sonar-php-plugin ---
[INFO] 
[INFO] --- sonar-packaging-maven-plugin:1.17:check (default-check) @ sonar-php-plugin ---
[INFO] 
[INFO] --- maven-resources-plugin:2.7:resources (default-resources) @ sonar-php-plugin ---
[INFO] Using 'UTF-8' encoding to copy filtered resources.
[INFO] Copying 2 resources
[INFO] 
[INFO] --- maven-compiler-plugin:3.5.1:compile (default-compile) @ sonar-php-plugin ---
[INFO] Changes detected - recompiling the module!
[INFO] Compiling 35 source files to /home/travis/build/SonarSource/sonar-php/sonar-php-plugin/target/classes
[INFO] /home/travis/build/SonarSource/sonar-php/sonar-php-plugin/src/main/java/org/sonar/plugins/php/phpunit/PhpUnitOverallCoverageResultImporter.java: Some input files use or override a deprecated API.
[INFO] /home/travis/build/SonarSource/sonar-php/sonar-php-plugin/src/main/java/org/sonar/plugins/php/phpunit/PhpUnitOverallCoverageResultImporter.java: Recompile with -Xlint:deprecation for details.
[INFO] 
[INFO] --- maven-resources-plugin:2.7:testResources (default-testResources) @ sonar-php-plugin ---
[INFO] Using 'UTF-8' encoding to copy filtered resources.
[INFO] Copying 24 resources
[INFO] 
[INFO] --- maven-compiler-plugin:3.5.1:testCompile (default-testCompile) @ sonar-php-plugin ---
[INFO] Changes detected - recompiling the module!
[INFO] Compiling 21 source files to /home/travis/build/SonarSource/sonar-php/sonar-php-plugin/target/test-classes
[INFO] /home/travis/build/SonarSource/sonar-php/sonar-php-plugin/src/test/java/org/sonar/plugins/php/FakeProfileParser.java: Some input files use or override a deprecated API.
[INFO] /home/travis/build/SonarSource/sonar-php/sonar-php-plugin/src/test/java/org/sonar/plugins/php/FakeProfileParser.java: Recompile with -Xlint:deprecation for details.
[INFO] /home/travis/build/SonarSource/sonar-php/sonar-php-plugin/src/test/java/org/sonar/plugins/php/PhpPluginTest.java: /home/travis/build/SonarSource/sonar-php/sonar-php-plugin/src/test/java/org/sonar/plugins/php/PhpPluginTest.java uses unchecked or unsafe operations.
[INFO] /home/travis/build/SonarSource/sonar-php/sonar-php-plugin/src/test/java/org/sonar/plugins/php/PhpPluginTest.java: Recompile with -Xlint:unchecked for details.
[INFO] 
[INFO] --- maven-surefire-plugin:2.18:test (default-test) @ sonar-php-plugin ---
[INFO] Surefire report directory: /home/travis/build/SonarSource/sonar-php/sonar-php-plugin/target/surefire-reports

-------------------------------------------------------
 T E S T S
-------------------------------------------------------
Running org.sonar.plugins.php.PhpPluginTest
Tests run: 3, Failures: 0, Errors: 0, Skipped: 0, Time elapsed: 0.262 sec - in org.sonar.plugins.php.PhpPluginTest
Running org.sonar.plugins.php.phpunit.PhpUnitTestResultImporterTest
SLF4J: Failed to load class "org.slf4j.impl.StaticLoggerBinder".
SLF4J: Defaulting to no-operation (NOP) logger implementation
SLF4J: See http://www.slf4j.org/codes.html#StaticLoggerBinder for further details.
Tests run: 1, Failures: 0, Errors: 0, Skipped: 0, Time elapsed: 0.592 sec - in org.sonar.plugins.php.phpunit.PhpUnitTestResultImporterTest
Running org.sonar.plugins.php.phpunit.CompatibilityImportersFactoryTest
Tests run: 7, Failures: 0, Errors: 0, Skipped: 0, Time elapsed: 0.05 sec - in org.sonar.plugins.php.phpunit.CompatibilityImportersFactoryTest
Running org.sonar.plugins.php.phpunit.PhpUnitCoverageResultImporterTest
Tests run: 7, Failures: 0, Errors: 0, Skipped: 0, Time elapsed: 0.338 sec - in org.sonar.plugins.php.phpunit.PhpUnitCoverageResultImporterTest
Running org.sonar.plugins.php.phpunit.xml.TestSuiteTest
Tests run: 4, Failures: 0, Errors: 0, Skipped: 0, Time elapsed: 0.004 sec - in org.sonar.plugins.php.phpunit.xml.TestSuiteTest
Running org.sonar.plugins.php.phpunit.JUnitLogParserForPhpUnitTest
Tests run: 4, Failures: 0, Errors: 0, Skipped: 0, Time elapsed: 0.022 sec - in org.sonar.plugins.php.phpunit.JUnitLogParserForPhpUnitTest
Running org.sonar.plugins.php.phpunit.xml.TestSuitesTest
Tests run: 2, Failures: 0, Errors: 0, Skipped: 0, Time elapsed: 0.001 sec - in org.sonar.plugins.php.phpunit.xml.TestSuitesTest
Running org.sonar.plugins.php.phpunit.PhpUnitOverallCoverageResultImporterTest
Tests run: 1, Failures: 0, Errors: 0, Skipped: 0, Time elapsed: 0 sec - in org.sonar.plugins.php.phpunit.PhpUnitOverallCoverageResultImporterTest
Running org.sonar.plugins.php.DrupalProfileDefinitionTest
Tests run: 1, Failures: 0, Errors: 0, Skipped: 0, Time elapsed: 0.189 sec - in org.sonar.plugins.php.DrupalProfileDefinitionTest
Running org.sonar.plugins.php.core.NoSonarSensorTest
Tests run: 6, Failures: 0, Errors: 0, Skipped: 0, Time elapsed: 0.143 sec - in org.sonar.plugins.php.core.NoSonarSensorTest
Running org.sonar.plugins.php.PHPSensorTest
Tests run: 16, Failures: 1, Errors: 0, Skipped: 0, Time elapsed: 1.815 sec <<< FAILURE! - in org.sonar.plugins.php.PHPSensorTest
should_use_multi_path_coverage(org.sonar.plugins.php.PHPSensorTest)  Time elapsed: 0.061 sec  <<< FAILURE!
java.lang.AssertionError: 
Expecting actual not to be null
	at org.sonar.plugins.php.PHPSensorTest.should_use_multi_path_coverage(PHPSensorTest.java:449)

Running org.sonar.plugins.php.PhpIniSensorTest
ERROR Unable to parse file: /home/travis/build/SonarSource/sonar-php/sonar-php-plugin/src/test/resources/phpini-error/php.ini
ERROR Cannot parse directive at line 1:
invalid content with = and again =...
Tests run: 3, Failures: 0, Errors: 0, Skipped: 0, Time elapsed: 0.024 sec - in org.sonar.plugins.php.PhpIniSensorTest
Running org.sonar.plugins.php.PSR2ProfileDefinitionTest
Tests run: 1, Failures: 0, Errors: 0, Skipped: 0, Time elapsed: 0.006 sec - in org.sonar.plugins.php.PSR2ProfileDefinitionTest
Running org.sonar.plugins.php.phpunit.PhpUnitTestFileReportTest
Tests run: 4, Failures: 0, Errors: 0, Skipped: 0, Time elapsed: 0.006 sec - in org.sonar.plugins.php.phpunit.PhpUnitTestFileReportTest
Running org.sonar.plugins.php.PHPProfileDefinitionTest
Tests run: 1, Failures: 0, Errors: 0, Skipped: 0, Time elapsed: 0.086 sec - in org.sonar.plugins.php.PHPProfileDefinitionTest
Running org.sonar.plugins.php.phpunit.xml.TestCaseTest
Tests run: 1, Failures: 0, Errors: 0, Skipped: 0, Time elapsed: 0.008 sec - in org.sonar.plugins.php.phpunit.xml.TestCaseTest
Running org.sonar.plugins.php.phpunit.PhpUnitItCoverageResultImporterTest
Tests run: 1, Failures: 0, Errors: 0, Skipped: 0, Time elapsed: 0 sec - in org.sonar.plugins.php.phpunit.PhpUnitItCoverageResultImporterTest
Running org.sonar.plugins.php.PHPRulesDefinitionTest
Tests run: 2, Failures: 0, Errors: 0, Skipped: 0, Time elapsed: 0.335 sec - in org.sonar.plugins.php.PHPRulesDefinitionTest
Running org.sonar.plugins.php.api.PhpTest
Tests run: 2, Failures: 0, Errors: 0, Skipped: 0, Time elapsed: 0.002 sec - in org.sonar.plugins.php.api.PhpTest

Results :

Failed tests: 
  PHPSensorTest.should_use_multi_path_coverage:449 
Expecting actual not to be null



Tests run: 67, Failures: 1, Errors: 0, Skipped: 0

[INFO]                                                                         
[INFO] ------------------------------------------------------------------------
[INFO] Skipping PHP
[INFO] This project has been banned from the build due to previous failures.
[INFO] ------------------------------------------------------------------------
[INFO] ------------------------------------------------------------------------
[INFO] Reactor Summary:
[INFO] 
[INFO] PHP ................................................ SUCCESS [  2.727 s]
[INFO] PHP :: Frontend .................................... SUCCESS [ 18.152 s]
[INFO] PHP :: Checks ...................................... SUCCESS [  7.413 s]
[INFO] PHP :: Sonar Plugin ................................ FAILURE [  5.535 s]
[INFO] ------------------------------------------------------------------------
[INFO] BUILD FAILURE
[INFO] ------------------------------------------------------------------------
[INFO] Total time: 36.849 s
[INFO] Finished at: 2017-03-03T15:40:18+00:00
[INFO] Final Memory: 49M/484M
[INFO] ------------------------------------------------------------------------
[ERROR] Failed to execute goal org.apache.maven.plugins:maven-surefire-plugin:2.18:test (default-test) on project sonar-php-plugin: There are test failures.
[ERROR] 
[ERROR] Please refer to /home/travis/build/SonarSource/sonar-php/sonar-php-plugin/target/surefire-reports for the individual test results.
[ERROR] -> [Help 1]
org.apache.maven.lifecycle.LifecycleExecutionException: Failed to execute goal org.apache.maven.plugins:maven-surefire-plugin:2.18:test (default-test) on project sonar-php-plugin: There are test failures.

Please refer to /home/travis/build/SonarSource/sonar-php/sonar-php-plugin/target/surefire-reports for the individual test results.
	at org.apache.maven.lifecycle.internal.MojoExecutor.execute(MojoExecutor.java:212)
	at org.apache.maven.lifecycle.internal.MojoExecutor.execute(MojoExecutor.java:153)
	at org.apache.maven.lifecycle.internal.MojoExecutor.execute(MojoExecutor.java:145)
	at org.apache.maven.lifecycle.internal.LifecycleModuleBuilder.buildProject(LifecycleModuleBuilder.java:116)
	at org.apache.maven.lifecycle.internal.LifecycleModuleBuilder.buildProject(LifecycleModuleBuilder.java:80)
	at org.apache.maven.lifecycle.internal.builder.singlethreaded.SingleThreadedBuilder.build(SingleThreadedBuilder.java:51)
	at org.apache.maven.lifecycle.internal.LifecycleStarter.execute(LifecycleStarter.java:120)
	at org.apache.maven.DefaultMaven.doExecute(DefaultMaven.java:355)
	at org.apache.maven.DefaultMaven.execute(DefaultMaven.java:155)
	at org.apache.maven.cli.MavenCli.execute(MavenCli.java:584)
	at org.apache.maven.cli.MavenCli.doMain(MavenCli.java:216)
	at org.apache.maven.cli.MavenCli.main(MavenCli.java:160)
	at sun.reflect.NativeMethodAccessorImpl.invoke0(Native Method)
	at sun.reflect.NativeMethodAccessorImpl.invoke(NativeMethodAccessorImpl.java:62)
	at sun.reflect.DelegatingMethodAccessorImpl.invoke(DelegatingMethodAccessorImpl.java:43)
	at java.lang.reflect.Method.invoke(Method.java:483)
	at org.codehaus.plexus.classworlds.launcher.Launcher.launchEnhanced(Launcher.java:289)
	at org.codehaus.plexus.classworlds.launcher.Launcher.launch(Launcher.java:229)
	at org.codehaus.plexus.classworlds.launcher.Launcher.mainWithExitCode(Launcher.java:415)
	at org.codehaus.plexus.classworlds.launcher.Launcher.main(Launcher.java:356)
Caused by: org.apache.maven.plugin.MojoFailureException: There are test failures.

Please refer to /home/travis/build/SonarSource/sonar-php/sonar-php-plugin/target/surefire-reports for the individual test results.
	at org.apache.maven.plugin.surefire.SurefireHelper.reportExecution(SurefireHelper.java:82)
	at org.apache.maven.plugin.surefire.SurefirePlugin.handleSummary(SurefirePlugin.java:213)
	at org.apache.maven.plugin.surefire.AbstractSurefireMojo.executeAfterPreconditionsChecked(AbstractSurefireMojo.java:883)
	at org.apache.maven.plugin.surefire.AbstractSurefireMojo.execute(AbstractSurefireMojo.java:751)
	at org.apache.maven.plugin.DefaultBuildPluginManager.executeMojo(DefaultBuildPluginManager.java:132)
	at org.apache.maven.lifecycle.internal.MojoExecutor.execute(MojoExecutor.java:208)
	... 19 more
[ERROR] 
[ERROR] Re-run Maven using the -X switch to enable full debug logging.
[ERROR] 
[ERROR] For more information about the errors and possible solutions, please read the following articles:
[ERROR] [Help 1] http://cwiki.apache.org/confluence/display/MAVEN/MojoFailureException
[ERROR] 
[ERROR] After correcting the problems, you can resume the build with the command
[ERROR]   mvn <goals> -rf :sonar-php-plugin

travis_time:end:0885aa72:start=1488555548656540645,finish=1488555618597719024,duration=69941178379[0K
[31;1mThe command "./travis.sh" exited with 1.[0m
travis_fold:start:cache.2[0Kstore build cache
travis_time:start:0776cab2[0K
travis_time:end:0776cab2:start=1488555618603522971,finish=1488555618607996079,duration=4473108[0Ktravis_time:start:0a89311a[0K[32;1mchange detected (content changed, file is created, or file is deleted):
/home/travis/.m2/repository/org/apache/maven/plugins/maven-help-plugin/resolver-status.properties
/home/travis/.m2/repository/org/apache/maven/plugins/resolver-status.properties
/home/travis/.m2/repository/org/codehaus/mojo/resolver-status.properties
/home/travis/.m2/repository/org/codehaus/mojo/sonar-maven-plugin/resolver-status.properties
/home/travis/.m2/repository/org/jacoco/jacoco-maven-plugin/resolver-status.properties
/home/travis/.m2/repository/org/sonarsource/php/php/2.10.0.2005/php-2.10.0.2005.pom
/home/travis/.m2/repository/org/sonarsource/php/php/2.10.0.2005/_remote.repositories
/home/travis/.m2/repository/org/sonarsource/php/php-checks/2.10.0.2005/php-checks-2.10.0.2005.jar
/home/travis/.m2/repository/org/sonarsource/php/php-checks/2.10.0.2005/php-checks-2.10.0.2005.pom
/home/travis/.m2/repository/org/sonarsource/php/php-checks/2.10.0.2005/php-checks-2.10.0.2005-sources.jar
/home/travis/.m2/repository/org/sonarsource/php/php-checks/2.10.0.2005/_remote.repositories
/home/tra
[0m
[32;1m...
[0m
[32;1mchanges detected, packing new archive[0m
.
.
.
.
.
.
.
.
.
.
.
.
[32;1muploading archive[0m

travis_time:end:0a89311a:start=1488555618613016142,finish=1488555724353905281,duration=105740889139[0Ktravis_fold:end:cache.2[0K
Done. Your build exited with 1.
