Using worker: worker-linux-docker-536eecba.prod.travis-ci.org:travis-linux-4

travis_fold:start:system_info[0K[33;1mBuild system information[0m
Build language: java
[34m[1mBuild image provisioning date and time[0m
Thu Feb  5 15:09:33 UTC 2015
[34m[1mOperating System Details[0m
Distributor ID:	Ubuntu
Description:	Ubuntu 12.04.5 LTS
Release:	12.04
Codename:	precise
[34m[1mLinux Version[0m
3.13.0-29-generic
[34m[1mCookbooks Version[0m
a68419e https://github.com/travis-ci/travis-cookbooks/tree/a68419e
[34m[1mGCC version[0m
gcc (Ubuntu/Linaro 4.6.3-1ubuntu5) 4.6.3
Copyright (C) 2011 Free Software Foundation, Inc.
This is free software; see the source for copying conditions.  There is NO
warranty; not even for MERCHANTABILITY or FITNESS FOR A PARTICULAR PURPOSE.

[34m[1mLLVM version[0m
clang version 3.4 (tags/RELEASE_34/final)
Target: x86_64-unknown-linux-gnu
Thread model: posix
[34m[1mPre-installed Ruby versions[0m
ruby-1.9.3-p551
[34m[1mPre-installed Node.js versions[0m
v0.10.36
[34m[1mPre-installed Go versions[0m
1.4.1
[34m[1mRedis version[0m
redis-server 2.8.19
[34m[1mriak version[0m
2.0.2
[34m[1mMongoDB version[0m
MongoDB 2.4.12
[34m[1mCouchDB version[0m
couchdb 1.6.1
[34m[1mNeo4j version[0m
1.9.4
[34m[1mRabbitMQ Version[0m
3.4.3
[34m[1mElasticSearch version[0m
1.4.0
[34m[1mInstalled Sphinx versions[0m
2.0.10
2.1.9
2.2.6
[34m[1mDefault Sphinx version[0m
2.2.6
[34m[1mInstalled Firefox version[0m
firefox 31.0esr
[34m[1mPhantomJS version[0m
1.9.8
[34m[1mant -version[0m
Apache Ant(TM) version 1.8.2 compiled on December 3 2011
[34m[1mmvn -version[0m
Apache Maven 3.2.5 (12a6b3acb947671f09b81f49094c53f426d8cea1; 2014-12-14T17:29:23+00:00)
Maven home: /usr/local/maven
Java version: 1.7.0_76, vendor: Oracle Corporation
Java home: /usr/lib/jvm/java-7-oracle/jre
Default locale: en_US, platform encoding: ANSI_X3.4-1968
OS name: "linux", version: "3.13.0-29-generic", arch: "amd64", family: "unix"
travis_fold:end:system_info[0K
travis_fold:start:git.checkout[0Ktravis_time:start:0399823b[0K$ git clone --depth=50 --branch=experimental_se git://github.com/SonarSource/sonar-java.git SonarSource/sonar-java
Cloning into 'SonarSource/sonar-java'...
remote: Counting objects: 5711, done.[K
remote: Compressing objects:   0% (1/2849)   [Kremote: Compressing objects:   1% (29/2849)   [Kremote: Compressing objects:   2% (57/2849)   [Kremote: Compressing objects:   3% (86/2849)   [Kremote: Compressing objects:   4% (114/2849)   [Kremote: Compressing objects:   5% (143/2849)   [Kremote: Compressing objects:   6% (171/2849)   [Kremote: Compressing objects:   7% (200/2849)   [Kremote: Compressing objects:   8% (228/2849)   [Kremote: Compressing objects:   9% (257/2849)   [Kremote: Compressing objects:  10% (285/2849)   [Kremote: Compressing objects:  11% (314/2849)   [Kremote: Compressing objects:  12% (342/2849)   [Kremote: Compressing objects:  13% (371/2849)   [Kremote: Compressing objects:  14% (399/2849)   [Kremote: Compressing objects:  15% (428/2849)   [Kremote: Compressing objects:  16% (456/2849)   [Kremote: Compressing objects:  17% (485/2849)   [Kremote: Compressing objects:  18% (513/2849)   [Kremote: Compressing objects:  19% (542/2849)   [Kremote: Compressing objects:  20% (570/2849)   [Kremote: Compressing objects:  21% (599/2849)   [Kremote: Compressing objects:  22% (627/2849)   [Kremote: Compressing objects:  23% (656/2849)   [Kremote: Compressing objects:  24% (684/2849)   [Kremote: Compressing objects:  25% (713/2849)   [Kremote: Compressing objects:  26% (741/2849)   [Kremote: Compressing objects:  27% (770/2849)   [Kremote: Compressing objects:  28% (798/2849)   [Kremote: Compressing objects:  29% (827/2849)   [Kremote: Compressing objects:  30% (855/2849)   [Kremote: Compressing objects:  31% (884/2849)   [Kremote: Compressing objects:  32% (912/2849)   [Kremote: Compressing objects:  33% (941/2849)   [Kremote: Compressing objects:  34% (969/2849)   [Kremote: Compressing objects:  35% (998/2849)   [Kremote: Compressing objects:  36% (1026/2849)   [Kremote: Compressing objects:  37% (1055/2849)   [Kremote: Compressing objects:  38% (1083/2849)   [Kremote: Compressing objects:  39% (1112/2849)   [Kremote: Compressing objects:  40% (1140/2849)   [Kremote: Compressing objects:  41% (1169/2849)   [Kremote: Compressing objects:  42% (1197/2849)   [Kremote: Compressing objects:  43% (1226/2849)   [Kremote: Compressing objects:  44% (1254/2849)   [Kremote: Compressing objects:  45% (1283/2849)   [Kremote: Compressing objects:  46% (1311/2849)   [Kremote: Compressing objects:  47% (1340/2849)   [Kremote: Compressing objects:  48% (1368/2849)   [Kremote: Compressing objects:  49% (1397/2849)   [Kremote: Compressing objects:  50% (1425/2849)   [Kremote: Compressing objects:  51% (1453/2849)   [Kremote: Compressing objects:  52% (1482/2849)   [Kremote: Compressing objects:  53% (1510/2849)   [Kremote: Compressing objects:  54% (1539/2849)   [Kremote: Compressing objects:  55% (1567/2849)   [Kremote: Compressing objects:  56% (1596/2849)   [Kremote: Compressing objects:  57% (1624/2849)   [Kremote: Compressing objects:  58% (1653/2849)   [Kremote: Compressing objects:  59% (1681/2849)   [Kremote: Compressing objects:  60% (1710/2849)   [Kremote: Compressing objects:  61% (1738/2849)   [Kremote: Compressing objects:  62% (1767/2849)   [Kremote: Compressing objects:  63% (1795/2849)   [Kremote: Compressing objects:  64% (1824/2849)   [Kremote: Compressing objects:  65% (1852/2849)   [Kremote: Compressing objects:  66% (1881/2849)   [Kremote: Compressing objects:  67% (1909/2849)   [Kremote: Compressing objects:  68% (1938/2849)   [Kremote: Compressing objects:  69% (1966/2849)   [Kremote: Compressing objects:  70% (1995/2849)   [Kremote: Compressing objects:  71% (2023/2849)   [Kremote: Compressing objects:  72% (2052/2849)   [Kremote: Compressing objects:  73% (2080/2849)   [Kremote: Compressing objects:  74% (2109/2849)   [Kremote: Compressing objects:  75% (2137/2849)   [Kremote: Compressing objects:  76% (2166/2849)   [Kremote: Compressing objects:  77% (2194/2849)   [Kremote: Compressing objects:  78% (2223/2849)   [Kremote: Compressing objects:  79% (2251/2849)   [Kremote: Compressing objects:  80% (2280/2849)   [Kremote: Compressing objects:  81% (2308/2849)   [Kremote: Compressing objects:  82% (2337/2849)   [Kremote: Compressing objects:  83% (2365/2849)   [Kremote: Compressing objects:  84% (2394/2849)   [Kremote: Compressing objects:  85% (2422/2849)   [Kremote: Compressing objects:  86% (2451/2849)   [Kremote: Compressing objects:  87% (2479/2849)   [Kremote: Compressing objects:  88% (2508/2849)   [Kremote: Compressing objects:  89% (2536/2849)   [Kremote: Compressing objects:  90% (2565/2849)   [Kremote: Compressing objects:  91% (2593/2849)   [Kremote: Compressing objects:  92% (2622/2849)   [Kremote: Compressing objects:  93% (2650/2849)   [Kremote: Compressing objects:  94% (2679/2849)   [Kremote: Compressing objects:  95% (2707/2849)   [Kremote: Compressing objects:  96% (2736/2849)   [Kremote: Compressing objects:  97% (2764/2849)   [Kremote: Compressing objects:  98% (2793/2849)   [Kremote: Compressing objects:  99% (2821/2849)   [Kremote: Compressing objects: 100% (2849/2849)   [Kremote: Compressing objects: 100% (2849/2849), done.[K
Receiving objects:   0% (1/5711)   Receiving objects:   1% (58/5711)   Receiving objects:   2% (115/5711)   Receiving objects:   3% (172/5711)   Receiving objects:   4% (229/5711)   Receiving objects:   5% (286/5711)   Receiving objects:   6% (343/5711)   Receiving objects:   7% (400/5711)   Receiving objects:   8% (457/5711)   Receiving objects:   9% (514/5711)   Receiving objects:  10% (572/5711)   Receiving objects:  11% (629/5711)   Receiving objects:  12% (686/5711)   Receiving objects:  13% (743/5711)   Receiving objects:  14% (800/5711)   Receiving objects:  15% (857/5711)   Receiving objects:  16% (914/5711)   Receiving objects:  17% (971/5711)   Receiving objects:  18% (1028/5711)   Receiving objects:  19% (1086/5711)   Receiving objects:  20% (1143/5711)   Receiving objects:  21% (1200/5711)   Receiving objects:  22% (1257/5711)   Receiving objects:  23% (1314/5711)   Receiving objects:  24% (1371/5711)   Receiving objects:  25% (1428/5711)   Receiving objects:  26% (1485/5711)   Receiving objects:  27% (1542/5711)   Receiving objects:  28% (1600/5711)   Receiving objects:  29% (1657/5711)   Receiving objects:  30% (1714/5711)   Receiving objects:  31% (1771/5711)   Receiving objects:  32% (1828/5711)   Receiving objects:  33% (1885/5711)   Receiving objects:  34% (1942/5711)   Receiving objects:  35% (1999/5711)   Receiving objects:  36% (2056/5711)   Receiving objects:  37% (2114/5711)   Receiving objects:  38% (2171/5711)   Receiving objects:  39% (2228/5711)   Receiving objects:  40% (2285/5711)   Receiving objects:  41% (2342/5711)   Receiving objects:  42% (2399/5711)   Receiving objects:  43% (2456/5711)   Receiving objects:  44% (2513/5711)   Receiving objects:  45% (2570/5711)   Receiving objects:  46% (2628/5711)   Receiving objects:  47% (2685/5711)   Receiving objects:  48% (2742/5711)   Receiving objects:  49% (2799/5711)   Receiving objects:  50% (2856/5711)   Receiving objects:  51% (2913/5711)   Receiving objects:  52% (2970/5711)   Receiving objects:  53% (3027/5711)   Receiving objects:  54% (3084/5711)   Receiving objects:  55% (3142/5711)   Receiving objects:  56% (3199/5711)   Receiving objects:  57% (3256/5711)   Receiving objects:  58% (3313/5711)   Receiving objects:  59% (3370/5711)   Receiving objects:  60% (3427/5711)   Receiving objects:  61% (3484/5711)   Receiving objects:  62% (3541/5711)   Receiving objects:  63% (3598/5711)   Receiving objects:  64% (3656/5711)   Receiving objects:  65% (3713/5711)   Receiving objects:  66% (3770/5711)   Receiving objects:  67% (3827/5711)   Receiving objects:  68% (3884/5711)   Receiving objects:  69% (3941/5711)   Receiving objects:  70% (3998/5711)   Receiving objects:  71% (4055/5711)   Receiving objects:  72% (4112/5711)   Receiving objects:  73% (4170/5711)   Receiving objects:  74% (4227/5711)   Receiving objects:  75% (4284/5711)   Receiving objects:  76% (4341/5711)   Receiving objects:  77% (4398/5711)   Receiving objects:  78% (4455/5711)   Receiving objects:  79% (4512/5711)   Receiving objects:  80% (4569/5711)   Receiving objects:  81% (4626/5711)   Receiving objects:  82% (4684/5711)   Receiving objects:  83% (4741/5711)   Receiving objects:  84% (4798/5711)   Receiving objects:  85% (4855/5711)   Receiving objects:  86% (4912/5711)   Receiving objects:  87% (4969/5711)   Receiving objects:  88% (5026/5711)   Receiving objects:  89% (5083/5711)   Receiving objects:  90% (5140/5711)   Receiving objects:  91% (5198/5711)   Receiving objects:  92% (5255/5711)   Receiving objects:  93% (5312/5711)   Receiving objects:  94% (5369/5711)   Receiving objects:  95% (5426/5711)   Receiving objects:  96% (5483/5711)   remote: Total 5711 (delta 2799), reused 4510 (delta 2223), pack-reused 0[K
Receiving objects:  97% (5540/5711)   Receiving objects:  98% (5597/5711)   Receiving objects:  99% (5654/5711)   Receiving objects: 100% (5711/5711)   Receiving objects: 100% (5711/5711), 4.14 MiB | 0 bytes/s, done.
Resolving deltas:   0% (0/2799)   Resolving deltas:   1% (29/2799)   Resolving deltas:   2% (56/2799)   Resolving deltas:   3% (85/2799)   Resolving deltas:   4% (112/2799)   Resolving deltas:   5% (145/2799)   Resolving deltas:   6% (169/2799)   Resolving deltas:   7% (196/2799)   Resolving deltas:   8% (240/2799)   Resolving deltas:  10% (287/2799)   Resolving deltas:  11% (319/2799)   Resolving deltas:  12% (336/2799)   Resolving deltas:  13% (364/2799)   Resolving deltas:  14% (395/2799)   Resolving deltas:  15% (432/2799)   Resolving deltas:  16% (452/2799)   Resolving deltas:  17% (476/2799)   Resolving deltas:  18% (505/2799)   Resolving deltas:  19% (532/2799)   Resolving deltas:  20% (560/2799)   Resolving deltas:  21% (588/2799)   Resolving deltas:  22% (617/2799)   Resolving deltas:  23% (652/2799)   Resolving deltas:  24% (679/2799)   Resolving deltas:  25% (715/2799)   Resolving deltas:  26% (729/2799)   Resolving deltas:  27% (765/2799)   Resolving deltas:  28% (784/2799)   Resolving deltas:  29% (812/2799)   Resolving deltas:  30% (845/2799)   Resolving deltas:  31% (874/2799)   Resolving deltas:  32% (914/2799)   Resolving deltas:  33% (924/2799)   Resolving deltas:  34% (952/2799)   Resolving deltas:  35% (987/2799)   Resolving deltas:  36% (1009/2799)   Resolving deltas:  37% (1037/2799)   Resolving deltas:  38% (1066/2799)   Resolving deltas:  39% (1093/2799)   Resolving deltas:  40% (1123/2799)   Resolving deltas:  41% (1158/2799)   Resolving deltas:  42% (1183/2799)   Resolving deltas:  43% (1206/2799)   Resolving deltas:  44% (1240/2799)   Resolving deltas:  45% (1263/2799)   Resolving deltas:  46% (1290/2799)   Resolving deltas:  47% (1320/2799)   Resolving deltas:  60% (1681/2799)   Resolving deltas:  64% (1811/2799)   Resolving deltas:  66% (1857/2799)   Resolving deltas:  67% (1879/2799)   Resolving deltas:  68% (1910/2799)   Resolving deltas:  69% (1936/2799)   Resolving deltas:  70% (1961/2799)   Resolving deltas:  71% (1993/2799)   Resolving deltas:  72% (2017/2799)   Resolving deltas:  73% (2045/2799)   Resolving deltas:  75% (2115/2799)   Resolving deltas:  77% (2161/2799)   Resolving deltas:  78% (2188/2799)   Resolving deltas:  79% (2214/2799)   Resolving deltas:  80% (2243/2799)   Resolving deltas:  81% (2279/2799)   Resolving deltas:  82% (2296/2799)   Resolving deltas:  83% (2324/2799)   Resolving deltas:  84% (2356/2799)   Resolving deltas:  85% (2380/2799)   Resolving deltas:  86% (2429/2799)   Resolving deltas:  87% (2436/2799)   Resolving deltas:  88% (2471/2799)   Resolving deltas:  89% (2500/2799)   Resolving deltas:  90% (2537/2799)   Resolving deltas:  91% (2552/2799)   Resolving deltas:  92% (2576/2799)   Resolving deltas:  93% (2605/2799)   Resolving deltas:  94% (2634/2799)   Resolving deltas:  95% (2660/2799)   Resolving deltas:  96% (2688/2799)   Resolving deltas:  97% (2717/2799)   Resolving deltas:  98% (2745/2799)   Resolving deltas:  99% (2779/2799)   Resolving deltas: 100% (2799/2799)   Resolving deltas: 100% (2799/2799), done.
Checking connectivity... done.
travis_time:end:0399823b:start=1437642114530809385,finish=1437642115340521087,duration=809711702[0K$ cd SonarSource/sonar-java
$ git checkout -qf c759a2ce4f65417de4224a39111b7b463fb1c3fc
travis_fold:end:git.checkout[0K
[33;1mThis job is running on container-based infrastructure, which does not allow use of 'sudo', setuid and setguid executables.[0m
[33;1mIf you require sudo, add 'sudo: required' to your .travis.yml[0m
[33;1mSee http://docs.travis-ci.com/user/workers/container-based-infrastructure/ for details.[0m

[33;1mSetting environment variables from repository settings[0m
$ export SONAR_HOST_URL=[secure]
$ export SONAR_GITHUB_REPOSITORY=git@github.com:SonarSource/sonar-java.git
$ export SONAR_GITHUB_LOGIN=[secure]
$ export SONAR_GITHUB_OAUTH=[secure]

[33;1mSetting environment variables from .travis.yml[0m
$ export TESTS=CI

travis_fold:start:cache.1[0KSetting up build cache
$ export CASHER_DIR=$HOME/.casher
travis_time:start:088b252a[0K$ Installing caching utilities
travis_time:end:088b252a:start=1437642117233265096,finish=1437642117293878351,duration=60613255[0Ktravis_time:start:196c727a[0Kattempting to download cache archive
fetching experimental_se/cache--jdk-oraclejdk7.tgz
found cache
travis_time:end:196c727a:start=1437642117298271609,finish=1437642129516341831,duration=12218070222[0Ktravis_time:start:061ebdfd[0Kadding /home/travis/.m2/repository to cache
travis_time:end:061ebdfd:start=1437642129519950400,finish=1437642135019718119,duration=5499767719[0Ktravis_fold:end:cache.1[0K$ jdk_switcher use oraclejdk7
Switching to Oracle JDK7 (java-7-oracle), JAVA_HOME will be set to /usr/lib/jvm/java-7-oracle
$ java -Xmx32m -version
java version "1.7.0_76"
Java(TM) SE Runtime Environment (build 1.7.0_76-b13)
Java HotSpot(TM) 64-Bit Server VM (build 24.76-b04, mixed mode)
$ javac -J-Xmx32m -version
javac 1.7.0_76
travis_fold:start:install[0Ktravis_time:start:29ca50fa[0K$ true
travis_time:end:29ca50fa:start=1437642135336504399,finish=1437642135339408989,duration=2904590[0Ktravis_fold:end:install[0Ktravis_time:start:23484a4a[0K$ ./travis.sh
Apache Maven 3.2.5 (12a6b3acb947671f09b81f49094c53f426d8cea1; 2014-12-14T17:29:23+00:00)
Maven home: /usr/local/maven
Java version: 1.7.0_76, vendor: Oracle Corporation
Java home: /usr/lib/jvm/java-7-oracle/jre
Default locale: en_US, platform encoding: UTF-8
OS name: "linux", version: "3.13.0-40-generic", arch: "amd64", family: "unix"
[INFO] Error stacktraces are turned on.
[INFO] Scanning for projects...
[INFO] ------------------------------------------------------------------------
[INFO] Reactor Build Order:
[INFO] 
[INFO] SonarQube Java
[INFO] SonarQube Java :: Squid
[INFO] SonarQube Java :: Checks
[INFO] SonarQube Java :: Surefire
[INFO] java-jacoco-previous
[INFO] SonarQube Java :: JaCoCo
[INFO] SonarQube Java :: Plugin
[INFO] SonarQube Java :: JaCoCo Listeners
[INFO]                                                                         
[INFO] ------------------------------------------------------------------------
[INFO] Building SonarQube Java 3.5-SNAPSHOT
[INFO] ------------------------------------------------------------------------
[INFO] 
[INFO] --- buildnumber-maven-plugin:1.3:create (default) @ java ---
[INFO] Executing: /bin/sh -c cd /home/travis/build/SonarSource/sonar-java && git rev-parse --verify HEAD
[INFO] Working directory: /home/travis/build/SonarSource/sonar-java
[INFO] Storing buildNumber: c759a2ce4f65417de4224a39111b7b463fb1c3fc at timestamp: 1437642138952
[WARNING] Cannot get the branch information from the git repository: 
Detecting the current branch failed: fatal: ref HEAD is not a symbolic ref

[INFO] Executing: /bin/sh -c cd /home/travis/build/SonarSource/sonar-java && git rev-parse --verify HEAD
[INFO] Working directory: /home/travis/build/SonarSource/sonar-java
[INFO] Storing buildScmBranch: UNKNOWN
[INFO] 
[INFO] --- maven-enforcer-plugin:1.3.1:enforce (enforce) @ java ---
[INFO] 
[INFO] --- maven-license-plugin:1.10.b1:check (enforce-license-headers) @ java ---
[INFO] Checking licenses...
[INFO] 
[INFO] --- animal-sniffer-maven-plugin:1.13:check (enforce-java-api-compatibility) @ java ---
[INFO] Checking unresolved references to org.codehaus.mojo.signature:java17:1.0
[INFO] 
[INFO] --- maven-source-plugin:2.4:jar-no-fork (attach-sources) @ java ---
[INFO]                                                                         
[INFO] ------------------------------------------------------------------------
[INFO] Building SonarQube Java :: Squid 3.5-SNAPSHOT
[INFO] ------------------------------------------------------------------------
[INFO] 
[INFO] --- buildnumber-maven-plugin:1.3:create (default) @ java-squid ---
[INFO] 
[INFO] --- maven-enforcer-plugin:1.3.1:enforce (enforce) @ java-squid ---
[INFO] 
[INFO] --- maven-license-plugin:1.10.b1:check (enforce-license-headers) @ java-squid ---
[INFO] Checking licenses...
[INFO] 
[INFO] --- maven-resources-plugin:2.7:resources (default-resources) @ java-squid ---
[INFO] Using 'UTF-8' encoding to copy filtered resources.
[INFO] Copying 1 resource
[INFO] 
[INFO] --- maven-compiler-plugin:3.2:compile (default-compile) @ java-squid ---
[INFO] Changes detected - recompiling the module!
[INFO] Compiling 278 source files to /home/travis/build/SonarSource/sonar-java/java-squid/target/classes
[INFO] /home/travis/build/SonarSource/sonar-java/java-squid/src/main/java/org/sonar/java/ast/parser/ListTreeImpl.java: Some input files use unchecked or unsafe operations.
[INFO] /home/travis/build/SonarSource/sonar-java/java-squid/src/main/java/org/sonar/java/ast/parser/ListTreeImpl.java: Recompile with -Xlint:unchecked for details.
[INFO] 
[INFO] --- maven-dependency-plugin:2.9:unpack (unpack-test-projects) @ java-squid ---
[INFO] Configured Artifact: commons-collections:commons-collections:sources:3.2.1:jar
[INFO] Configured Artifact: commons-collections:commons-collections:3.2.1:jar
[INFO] Configured Artifact: org.apache.struts:struts-core:sources:1.3.9:jar
[INFO] Configured Artifact: org.apache.struts:struts-core:1.3.9:jar
[INFO] Unpacking /home/travis/.m2/repository/commons-collections/commons-collections/3.2.1/commons-collections-3.2.1-sources.jar to /home/travis/build/SonarSource/sonar-java/java-squid/target/test-projects/commons-collections-3.2.1/src with includes "" and excludes ""
[INFO] Unpacking /home/travis/.m2/repository/commons-collections/commons-collections/3.2.1/commons-collections-3.2.1.jar to /home/travis/build/SonarSource/sonar-java/java-squid/target/test-projects/commons-collections-3.2.1/bin with includes "" and excludes ""
[INFO] Unpacking /home/travis/.m2/repository/org/apache/struts/struts-core/1.3.9/struts-core-1.3.9-sources.jar to /home/travis/build/SonarSource/sonar-java/java-squid/target/test-projects/struts-core-1.3.9/src with includes "" and excludes ""
[INFO] Unpacking /home/travis/.m2/repository/org/apache/struts/struts-core/1.3.9/struts-core-1.3.9.jar to /home/travis/build/SonarSource/sonar-java/java-squid/target/test-projects/struts-core-1.3.9/bin with includes "" and excludes ""
[INFO] 
[INFO] --- maven-resources-plugin:2.7:testResources (default-testResources) @ java-squid ---
[INFO] Using 'UTF-8' encoding to copy filtered resources.
[INFO] Copying 4 resources
[INFO] 
[INFO] --- maven-compiler-plugin:3.2:testCompile (default-testCompile) @ java-squid ---
[INFO] Changes detected - recompiling the module!
[INFO] Compiling 167 source files to /home/travis/build/SonarSource/sonar-java/java-squid/target/test-classes
[INFO] /home/travis/build/SonarSource/sonar-java/java-squid/src/test/java/org/sonar/java/ast/visitors/FileLinesVisitorTest.java: Some input files use or override a deprecated API.
[INFO] /home/travis/build/SonarSource/sonar-java/java-squid/src/test/java/org/sonar/java/ast/visitors/FileLinesVisitorTest.java: Recompile with -Xlint:deprecation for details.
[INFO] /home/travis/build/SonarSource/sonar-java/java-squid/src/test/java/org/sonar/java/SonarComponentsTest.java: Some input files use unchecked or unsafe operations.
[INFO] /home/travis/build/SonarSource/sonar-java/java-squid/src/test/java/org/sonar/java/SonarComponentsTest.java: Recompile with -Xlint:unchecked for details.
[INFO] 
[INFO] --- maven-surefire-plugin:2.18:test (default-test) @ java-squid ---
[INFO] Surefire report directory: /home/travis/build/SonarSource/sonar-java/java-squid/target/surefire-reports

-------------------------------------------------------
 T E S T S
-------------------------------------------------------
Running org.sonar.java.cfg.CFGTest
Tests run: 4, Failures: 0, Errors: 0, Skipped: 0, Time elapsed: 0.444 sec - in org.sonar.java.cfg.CFGTest
Running org.sonar.java.ast.parser.grammar.parameters.VariableDeclaratorIdTest
Tests run: 1, Failures: 0, Errors: 0, Skipped: 0, Time elapsed: 0.015 sec - in org.sonar.java.ast.parser.grammar.parameters.VariableDeclaratorIdTest
Running org.sonar.java.ast.parser.grammar.statements.BlockStatementsTest
Tests run: 1, Failures: 0, Errors: 0, Skipped: 0, Time elapsed: 0.016 sec - in org.sonar.java.ast.parser.grammar.statements.BlockStatementsTest
Running org.sonar.java.ast.parser.grammar.statements.FinallyTest
Tests run: 1, Failures: 0, Errors: 0, Skipped: 0, Time elapsed: 0.013 sec - in org.sonar.java.ast.parser.grammar.statements.FinallyTest
Running org.sonar.java.resolve.TypesTest
Tests run: 2, Failures: 0, Errors: 0, Skipped: 0, Time elapsed: 0.035 sec - in org.sonar.java.resolve.TypesTest
Running org.sonar.java.model.TreeTokenCompletenessTest
Tests run: 1, Failures: 0, Errors: 0, Skipped: 0, Time elapsed: 0.288 sec - in org.sonar.java.model.TreeTokenCompletenessTest
Running org.sonar.java.ast.parser.grammar.units.TypeDeclarationTest
Tests run: 2, Failures: 0, Errors: 0, Skipped: 0, Time elapsed: 0.025 sec - in org.sonar.java.ast.parser.grammar.units.TypeDeclarationTest
Running org.sonar.java.filters.SuppressWarningsFilterTest
Tests run: 7, Failures: 0, Errors: 0, Skipped: 0, Time elapsed: 0.17 sec - in org.sonar.java.filters.SuppressWarningsFilterTest
Running org.sonar.java.signature.ParameterSignaturePrinterTest
Tests run: 4, Failures: 0, Errors: 0, Skipped: 0, Time elapsed: 0.003 sec - in org.sonar.java.signature.ParameterSignaturePrinterTest
Running org.sonar.java.ast.parser.grammar.statements.BlockTest
Tests run: 1, Failures: 0, Errors: 0, Skipped: 0, Time elapsed: 0.011 sec - in org.sonar.java.ast.parser.grammar.statements.BlockTest
Running org.sonar.java.ast.parser.grammar.enums.EnumConstantTest
Tests run: 2, Failures: 0, Errors: 0, Skipped: 0, Time elapsed: 0.02 sec - in org.sonar.java.ast.parser.grammar.enums.EnumConstantTest
Running org.sonar.java.resolve.JavaTypeTest
Tests run: 12, Failures: 0, Errors: 0, Skipped: 0, Time elapsed: 0.034 sec - in org.sonar.java.resolve.JavaTypeTest
Running org.sonar.java.bytecode.asm.AsmMethodVisitorTest
Tests run: 5, Failures: 0, Errors: 0, Skipped: 0, Time elapsed: 0.072 sec - in org.sonar.java.bytecode.asm.AsmMethodVisitorTest
Running org.sonar.java.bytecode.asm.AsmClassProviderTest
Tests run: 1, Failures: 0, Errors: 0, Skipped: 0, Time elapsed: 0 sec - in org.sonar.java.bytecode.asm.AsmClassProviderTest
Running org.sonar.java.resolve.SymbolTableTest
Tests run: 32, Failures: 0, Errors: 0, Skipped: 0, Time elapsed: 0.761 sec - in org.sonar.java.resolve.SymbolTableTest
Running org.sonar.java.ast.parser.grammar.statements.StatementTest
Tests run: 1, Failures: 0, Errors: 0, Skipped: 0, Time elapsed: 0.011 sec - in org.sonar.java.ast.parser.grammar.statements.StatementTest
Running org.sonar.java.ast.parser.grammar.statements.DoStatementTest
Tests run: 1, Failures: 0, Errors: 0, Skipped: 0, Time elapsed: 0.014 sec - in org.sonar.java.ast.parser.grammar.statements.DoStatementTest
Running org.sonar.java.resolve.JavaSymbolTest
Tests run: 10, Failures: 0, Errors: 0, Skipped: 0, Time elapsed: 0.322 sec - in org.sonar.java.resolve.JavaSymbolTest
Running org.sonar.java.ast.parser.grammar.statements.VariableDeclaratorTest
Tests run: 2, Failures: 0, Errors: 0, Skipped: 0, Time elapsed: 0.029 sec - in org.sonar.java.ast.parser.grammar.statements.VariableDeclaratorTest
Running org.sonar.java.ast.parser.grammar.interfaces.InterfaceDeclarationTest
Tests run: 2, Failures: 0, Errors: 0, Skipped: 0, Time elapsed: 0.073 sec - in org.sonar.java.ast.parser.grammar.interfaces.InterfaceDeclarationTest
Running org.sonar.java.ast.parser.grammar.parameters.FormalParameterDeclsRestTest
Tests run: 2, Failures: 0, Errors: 0, Skipped: 0, Time elapsed: 0.013 sec - in org.sonar.java.ast.parser.grammar.parameters.FormalParameterDeclsRestTest
Running org.sonar.java.ast.parser.grammar.statements.ContinueStatementTest
Tests run: 1, Failures: 0, Errors: 0, Skipped: 0, Time elapsed: 0.006 sec - in org.sonar.java.ast.parser.grammar.statements.ContinueStatementTest
Running org.sonar.java.ast.parser.grammar.statements.SwitchStatementTest
Tests run: 1, Failures: 0, Errors: 0, Skipped: 0, Time elapsed: 0.008 sec - in org.sonar.java.ast.parser.grammar.statements.SwitchStatementTest
Running org.sonar.java.ast.parser.grammar.statements.SwitchBlockStatementGroupTest
Tests run: 1, Failures: 0, Errors: 0, Skipped: 0, Time elapsed: 0.008 sec - in org.sonar.java.ast.parser.grammar.statements.SwitchBlockStatementGroupTest
Running org.sonar.java.ast.parser.grammar.statements.AssertStatementTest
Tests run: 1, Failures: 0, Errors: 0, Skipped: 0, Time elapsed: 0.007 sec - in org.sonar.java.ast.parser.grammar.statements.AssertStatementTest
Running org.sonar.java.bytecode.loader.JarLoaderTest
Tests run: 5, Failures: 0, Errors: 0, Skipped: 0, Time elapsed: 0.006 sec - in org.sonar.java.bytecode.loader.JarLoaderTest
Running org.sonar.java.ast.parser.grammar.statements.ReturnStatementTest
Tests run: 1, Failures: 0, Errors: 0, Skipped: 0, Time elapsed: 0.007 sec - in org.sonar.java.ast.parser.grammar.statements.ReturnStatementTest
Running org.sonar.java.ast.parser.grammar.units.PackageDeclarationTest
Tests run: 1, Failures: 0, Errors: 0, Skipped: 0, Time elapsed: 0.007 sec - in org.sonar.java.ast.parser.grammar.units.PackageDeclarationTest
Running org.sonar.java.resolve.ImportResolutionTest
Tests run: 12, Failures: 0, Errors: 0, Skipped: 0, Time elapsed: 0.742 sec - in org.sonar.java.resolve.ImportResolutionTest
Running org.sonar.java.ast.api.JavaPunctuatorTest
Tests run: 1, Failures: 0, Errors: 0, Skipped: 0, Time elapsed: 0 sec - in org.sonar.java.ast.api.JavaPunctuatorTest
Running org.sonar.java.ast.parser.grammar.expressions.ExpressionTest
Tests run: 2, Failures: 0, Errors: 0, Skipped: 0, Time elapsed: 0.02 sec - in org.sonar.java.ast.parser.grammar.expressions.ExpressionTest
Running org.sonar.java.ast.parser.grammar.expressions.RelationalExpressionTest
Tests run: 1, Failures: 0, Errors: 0, Skipped: 0, Time elapsed: 0.009 sec - in org.sonar.java.ast.parser.grammar.expressions.RelationalExpressionTest
Running org.sonar.java.JavaClasspathTest
Tests run: 20, Failures: 0, Errors: 0, Skipped: 0, Time elapsed: 0.538 sec - in org.sonar.java.JavaClasspathTest
Running org.sonar.java.signature.MethodSignatureScannerTest
Tests run: 4, Failures: 0, Errors: 0, Skipped: 0, Time elapsed: 0.025 sec - in org.sonar.java.signature.MethodSignatureScannerTest
Running org.sonar.java.resolve.TypeSubstitutionTest
Tests run: 9, Failures: 0, Errors: 0, Skipped: 0, Time elapsed: 0.019 sec - in org.sonar.java.resolve.TypeSubstitutionTest
Running org.sonar.java.ast.parser.grammar.literals.FloatLiteralTest
Tests run: 2, Failures: 0, Errors: 0, Skipped: 0, Time elapsed: 0.057 sec - in org.sonar.java.ast.parser.grammar.literals.FloatLiteralTest
Running org.sonar.java.ast.parser.grammar.enums.EnumDeclarationTest
Tests run: 2, Failures: 0, Errors: 0, Skipped: 0, Time elapsed: 0.009 sec - in org.sonar.java.ast.parser.grammar.enums.EnumDeclarationTest
Running org.sonar.java.ast.parser.grammar.types.ModifiersTest
Tests run: 1, Failures: 0, Errors: 0, Skipped: 0, Time elapsed: 0.005 sec - in org.sonar.java.ast.parser.grammar.types.ModifiersTest
Running org.sonar.java.ast.parser.grammar.literals.CharacterLiteralTest
Tests run: 1, Failures: 0, Errors: 0, Skipped: 0, Time elapsed: 0.008 sec - in org.sonar.java.ast.parser.grammar.literals.CharacterLiteralTest
Running org.sonar.java.ast.api.JavaKeywordTest
Tests run: 1, Failures: 0, Errors: 0, Skipped: 0, Time elapsed: 0.001 sec - in org.sonar.java.ast.api.JavaKeywordTest
Running org.sonar.java.ast.parser.grammar.types.TypeParametersTest
Tests run: 1, Failures: 0, Errors: 0, Skipped: 0, Time elapsed: 0.022 sec - in org.sonar.java.ast.parser.grammar.types.TypeParametersTest
Running org.sonar.java.JavaTestClasspathTest
Tests run: 2, Failures: 0, Errors: 0, Skipped: 0, Time elapsed: 0.001 sec - in org.sonar.java.JavaTestClasspathTest
Running org.sonar.java.bytecode.asm.AsmSignatureTest
Tests run: 2, Failures: 0, Errors: 0, Skipped: 0, Time elapsed: 0 sec - in org.sonar.java.bytecode.asm.AsmSignatureTest
Running org.sonar.java.ast.parser.grammar.CornerCasesTest
Tests run: 1, Failures: 0, Errors: 0, Skipped: 0, Time elapsed: 0.136 sec - in org.sonar.java.ast.parser.grammar.CornerCasesTest
Running org.sonar.java.resolve.ResolveTest
Tests run: 6, Failures: 0, Errors: 0, Skipped: 0, Time elapsed: 0.024 sec - in org.sonar.java.resolve.ResolveTest
Running org.sonar.java.resolve.MethodJavaSymbolTest
Tests run: 1, Failures: 0, Errors: 0, Skipped: 0, Time elapsed: 0.033 sec - in org.sonar.java.resolve.MethodJavaSymbolTest
Running org.sonar.java.SonarComponentsTest
Tests run: 1, Failures: 0, Errors: 0, Skipped: 0, Time elapsed: 0.015 sec - in org.sonar.java.SonarComponentsTest
Running org.sonar.java.parser.sslr.OptionalTest
Tests run: 4, Failures: 0, Errors: 0, Skipped: 0, Time elapsed: 0.001 sec - in org.sonar.java.parser.sslr.OptionalTest
Running org.sonar.java.ast.parser.ListTreeImplTest
Tests run: 2, Failures: 0, Errors: 0, Skipped: 0, Time elapsed: 0 sec - in org.sonar.java.ast.parser.ListTreeImplTest
Running org.sonar.java.bytecode.loader.SquidClassLoaderTest
Tests run: 8, Failures: 0, Errors: 0, Skipped: 0, Time elapsed: 0.013 sec - in org.sonar.java.bytecode.loader.SquidClassLoaderTest
Running org.sonar.java.bytecode.asm.AsmFieldVisitorTest
Tests run: 1, Failures: 0, Errors: 0, Skipped: 0, Time elapsed: 0.007 sec - in org.sonar.java.bytecode.asm.AsmFieldVisitorTest
Running org.sonar.java.ast.visitors.SyntaxHighlighterVisitorTest
Tests run: 4, Failures: 0, Errors: 0, Skipped: 0, Time elapsed: 0.124 sec - in org.sonar.java.ast.visitors.SyntaxHighlighterVisitorTest
Running org.sonar.java.ast.parser.JavaParserIntegrationTest
Tests run: 511, Failures: 0, Errors: 0, Skipped: 0, Time elapsed: 5.546 sec - in org.sonar.java.ast.parser.JavaParserIntegrationTest
Running org.sonar.java.model.LiteralUtilsTest
Tests run: 3, Failures: 0, Errors: 0, Skipped: 0, Time elapsed: 0.006 sec - in org.sonar.java.model.LiteralUtilsTest
Running org.sonar.java.bytecode.asm.AsmClassTest
Tests run: 4, Failures: 0, Errors: 0, Skipped: 0, Time elapsed: 0 sec - in org.sonar.java.bytecode.asm.AsmClassTest
Running org.sonar.java.ast.parser.grammar.statements.VariableDeclaratorsTest
Tests run: 1, Failures: 0, Errors: 0, Skipped: 0, Time elapsed: 0 sec - in org.sonar.java.ast.parser.grammar.statements.VariableDeclaratorsTest
Running org.sonar.java.signature.ParameterSignatureScannerTest
Tests run: 11, Failures: 0, Errors: 0, Skipped: 0, Time elapsed: 0 sec - in org.sonar.java.signature.ParameterSignatureScannerTest
Running org.sonar.java.model.expression.MethodInvocationTreeImplTest
Tests run: 1, Failures: 0, Errors: 0, Skipped: 0, Time elapsed: 0 sec - in org.sonar.java.model.expression.MethodInvocationTreeImplTest
Running org.sonar.java.parser.sslr.InputTest
Tests run: 4, Failures: 0, Errors: 0, Skipped: 0, Time elapsed: 0 sec - in org.sonar.java.parser.sslr.InputTest
Running org.sonar.java.resolve.ScopeTest
Tests run: 3, Failures: 0, Errors: 0, Skipped: 0, Time elapsed: 0 sec - in org.sonar.java.resolve.ScopeTest
Running org.sonar.java.syntaxtoken.FirstSyntaxTokenFinderTest
Tests run: 42, Failures: 0, Errors: 0, Skipped: 0, Time elapsed: 0.091 sec - in org.sonar.java.syntaxtoken.FirstSyntaxTokenFinderTest
Running org.sonar.java.ast.parser.grammar.parameters.FormalParametersTest
Tests run: 1, Failures: 0, Errors: 0, Skipped: 0, Time elapsed: 0.002 sec - in org.sonar.java.ast.parser.grammar.parameters.FormalParametersTest
Running org.sonar.java.ast.parser.grammar.statements.ForStatementTest
Tests run: 1, Failures: 0, Errors: 0, Skipped: 0, Time elapsed: 0.003 sec - in org.sonar.java.ast.parser.grammar.statements.ForStatementTest
Running org.sonar.java.ast.parser.grammar.statements.CatchClauseTest
Tests run: 1, Failures: 0, Errors: 0, Skipped: 0, Time elapsed: 0.001 sec - in org.sonar.java.ast.parser.grammar.statements.CatchClauseTest
Running org.sonar.java.MeasurerTest
Tests run: 14, Failures: 0, Errors: 0, Skipped: 0, Time elapsed: 0.689 sec - in org.sonar.java.MeasurerTest
Running org.sonar.java.model.declaration.MethodTreeImplTest
Tests run: 13, Failures: 0, Errors: 0, Skipped: 0, Time elapsed: 0.087 sec - in org.sonar.java.model.declaration.MethodTreeImplTest
Running org.sonar.java.model.VisitorsBridgeTest
Tests run: 1, Failures: 0, Errors: 0, Skipped: 0, Time elapsed: 0.015 sec - in org.sonar.java.model.VisitorsBridgeTest
Running org.sonar.java.ast.parser.grammar.types.TypeArgumentsTest
Tests run: 1, Failures: 0, Errors: 0, Skipped: 0, Time elapsed: 0.001 sec - in org.sonar.java.ast.parser.grammar.types.TypeArgumentsTest
Running org.sonar.java.ast.parser.grammar.statements.BreakStatementTest
Tests run: 1, Failures: 0, Errors: 0, Skipped: 0, Time elapsed: 0.009 sec - in org.sonar.java.ast.parser.grammar.statements.BreakStatementTest
Running org.sonar.java.bytecode.BytecodeVisitorsTest
Tests run: 16, Failures: 0, Errors: 0, Skipped: 0, Time elapsed: 0.147 sec - in org.sonar.java.bytecode.BytecodeVisitorsTest
Running org.sonar.java.DefaultJavaResourceLocatorTest
Tests run: 6, Failures: 0, Errors: 0, Skipped: 0, Time elapsed: 0.056 sec - in org.sonar.java.DefaultJavaResourceLocatorTest
Running org.sonar.java.ast.parser.grammar.parameters.FormalParameterDeclsTest
Tests run: 1, Failures: 0, Errors: 0, Skipped: 0, Time elapsed: 0.004 sec - in org.sonar.java.ast.parser.grammar.parameters.FormalParameterDeclsTest
Running org.sonar.java.ast.parser.grammar.types.TypeTest
Tests run: 1, Failures: 0, Errors: 0, Skipped: 0, Time elapsed: 0.001 sec - in org.sonar.java.ast.parser.grammar.types.TypeTest
Running org.sonar.java.ast.visitors.AccessorsUtilsTest
Tests run: 15, Failures: 0, Errors: 0, Skipped: 0, Time elapsed: 0.062 sec - in org.sonar.java.ast.visitors.AccessorsUtilsTest
Running org.sonar.java.model.KindMapsTest
Tests run: 6, Failures: 0, Errors: 0, Skipped: 0, Time elapsed: 0.001 sec - in org.sonar.java.model.KindMapsTest
Running org.sonar.java.bytecode.visitor.DependenciesVisitorTest
Tests run: 1, Failures: 0, Errors: 0, Skipped: 0, Time elapsed: 0 sec - in org.sonar.java.bytecode.visitor.DependenciesVisitorTest
Running org.sonar.java.ast.parser.grammar.statements.ExpressionStatementTest
Tests run: 1, Failures: 0, Errors: 0, Skipped: 0, Time elapsed: 0 sec - in org.sonar.java.ast.parser.grammar.statements.ExpressionStatementTest
Running org.sonar.java.resolve.FlagsTest
Tests run: 3, Failures: 0, Errors: 0, Skipped: 0, Time elapsed: 0.002 sec - in org.sonar.java.resolve.FlagsTest
Running org.sonar.plugins.java.api.CheckRegistrarTest
Tests run: 1, Failures: 0, Errors: 0, Skipped: 0, Time elapsed: 0.001 sec - in org.sonar.plugins.java.api.CheckRegistrarTest
Running org.sonar.java.SquidUserGuideTest
Tests run: 3, Failures: 0, Errors: 0, Skipped: 0, Time elapsed: 12.298 sec - in org.sonar.java.SquidUserGuideTest
Running org.sonar.java.ast.parser.grammar.statements.SynchronizedStatementTest
Tests run: 1, Failures: 0, Errors: 0, Skipped: 0, Time elapsed: 0 sec - in org.sonar.java.ast.parser.grammar.statements.SynchronizedStatementTest
Running org.sonar.java.ast.parser.grammar.classes.MemberDeclTest
Tests run: 1, Failures: 0, Errors: 0, Skipped: 0, Time elapsed: 0.002 sec - in org.sonar.java.ast.parser.grammar.classes.MemberDeclTest
Running org.sonar.java.ast.parser.grammar.statements.LocalVariableDeclarationStatementTest
Tests run: 1, Failures: 0, Errors: 0, Skipped: 0, Time elapsed: 0 sec - in org.sonar.java.ast.parser.grammar.statements.LocalVariableDeclarationStatementTest
Running org.sonar.java.ast.parser.PrinterVisitorTest
Tests run: 1, Failures: 0, Errors: 0, Skipped: 0, Time elapsed: 0.009 sec - in org.sonar.java.ast.parser.PrinterVisitorTest
Running org.sonar.java.parser.sslr.DelayedRuleInvocationExpressionTest
Tests run: 4, Failures: 0, Errors: 0, Skipped: 0, Time elapsed: 0.022 sec - in org.sonar.java.parser.sslr.DelayedRuleInvocationExpressionTest
Running org.sonar.java.bytecode.asm.AsmClassVisitorTest
Tests run: 9, Failures: 0, Errors: 0, Skipped: 0, Time elapsed: 0.014 sec - in org.sonar.java.bytecode.asm.AsmClassVisitorTest
Running org.sonar.java.ast.parser.grammar.classes.ClassDeclarationTest
Tests run: 2, Failures: 0, Errors: 0, Skipped: 0, Time elapsed: 0.007 sec - in org.sonar.java.ast.parser.grammar.classes.ClassDeclarationTest
Running org.sonar.java.JavaFilesCacheTest
Tests run: 2, Failures: 0, Errors: 0, Skipped: 0, Time elapsed: 0.066 sec - in org.sonar.java.JavaFilesCacheTest
Running org.sonar.java.ast.parser.grammar.types.BoundTest
Tests run: 1, Failures: 0, Errors: 0, Skipped: 0, Time elapsed: 0.004 sec - in org.sonar.java.ast.parser.grammar.types.BoundTest
Running org.sonar.java.signature.ParameterTest
Tests run: 4, Failures: 0, Errors: 0, Skipped: 0, Time elapsed: 0.002 sec - in org.sonar.java.signature.ParameterTest
Running org.sonar.java.ast.parser.grammar.parameters.FormalParameterTest
Tests run: 1, Failures: 0, Errors: 0, Skipped: 0, Time elapsed: 0.004 sec - in org.sonar.java.ast.parser.grammar.parameters.FormalParameterTest
Running org.sonar.java.ast.parser.grammar.literals.IntegerLiteralTest
Tests run: 2, Failures: 0, Errors: 0, Skipped: 0, Time elapsed: 0.05 sec - in org.sonar.java.ast.parser.grammar.literals.IntegerLiteralTest
Running org.sonar.plugins.java.api.IssuableSubscriptionVisitorTest
Tests run: 1, Failures: 0, Errors: 0, Skipped: 0, Time elapsed: 0.034 sec - in org.sonar.plugins.java.api.IssuableSubscriptionVisitorTest
Running org.sonar.java.ast.parser.grammar.statements.TryStatementTest
Tests run: 2, Failures: 0, Errors: 0, Skipped: 0, Time elapsed: 0.006 sec - in org.sonar.java.ast.parser.grammar.statements.TryStatementTest
Running org.sonar.java.ast.parser.grammar.statements.IfStatementTest
Tests run: 1, Failures: 0, Errors: 0, Skipped: 0, Time elapsed: 0.002 sec - in org.sonar.java.ast.parser.grammar.statements.IfStatementTest
Running org.sonar.java.syntaxtoken.LastSyntaxTokenFinderTest
Tests run: 44, Failures: 0, Errors: 0, Skipped: 0, Time elapsed: 0.311 sec - in org.sonar.java.syntaxtoken.LastSyntaxTokenFinderTest
Running org.sonar.java.model.declaration.ClassTreeImplTest
Tests run: 1, Failures: 0, Errors: 0, Skipped: 0, Time elapsed: 0.003 sec - in org.sonar.java.model.declaration.ClassTreeImplTest
Running org.sonar.java.ast.parser.grammar.annotations.AnnotationTypeDeclarationTest
Tests run: 1, Failures: 0, Errors: 0, Skipped: 0, Time elapsed: 0.004 sec - in org.sonar.java.ast.parser.grammar.annotations.AnnotationTypeDeclarationTest
Running org.sonar.java.model.SyntacticEquivalenceTest
Tests run: 4, Failures: 0, Errors: 0, Skipped: 0, Time elapsed: 0.011 sec - in org.sonar.java.model.SyntacticEquivalenceTest
Running org.sonar.java.resolve.BytecodeCompleterTest
Tests run: 21, Failures: 0, Errors: 0, Skipped: 0, Time elapsed: 0.03 sec - in org.sonar.java.resolve.BytecodeCompleterTest
Running org.sonar.java.bytecode.asm.AsmFieldTest
Tests run: 2, Failures: 0, Errors: 0, Skipped: 0, Time elapsed: 0 sec - in org.sonar.java.bytecode.asm.AsmFieldTest
Running org.sonar.java.ast.parser.grammar.statements.EmptyStatementTest
Tests run: 1, Failures: 0, Errors: 0, Skipped: 0, Time elapsed: 0 sec - in org.sonar.java.ast.parser.grammar.statements.EmptyStatementTest
Running org.sonar.java.ast.parser.grammar.statements.ResourceTest
Tests run: 2, Failures: 0, Errors: 0, Skipped: 0, Time elapsed: 0.002 sec - in org.sonar.java.ast.parser.grammar.statements.ResourceTest
Running org.sonar.java.ast.parser.grammar.literals.IdentifierTest
Tests run: 1, Failures: 0, Errors: 0, Skipped: 0, Time elapsed: 0.001 sec - in org.sonar.java.ast.parser.grammar.literals.IdentifierTest
Running org.sonar.java.model.ModifiersUtilsTest
Tests run: 1, Failures: 0, Errors: 0, Skipped: 0, Time elapsed: 0.001 sec - in org.sonar.java.model.ModifiersUtilsTest
Running org.sonar.plugins.java.api.tree.TreeTest
Tests run: 1, Failures: 0, Errors: 0, Skipped: 0, Time elapsed: 0 sec - in org.sonar.plugins.java.api.tree.TreeTest
Running org.sonar.java.ast.parser.grammar.statements.SwitchLabelTest
Tests run: 1, Failures: 0, Errors: 0, Skipped: 0, Time elapsed: 0 sec - in org.sonar.java.ast.parser.grammar.statements.SwitchLabelTest
Running org.sonar.java.resolve.ConvertTest
Tests run: 8, Failures: 0, Errors: 0, Skipped: 0, Time elapsed: 0.001 sec - in org.sonar.java.resolve.ConvertTest
Running org.sonar.java.model.PackageUtilsTest
Tests run: 4, Failures: 0, Errors: 0, Skipped: 0, Time elapsed: 0.001 sec - in org.sonar.java.model.PackageUtilsTest
Running org.sonar.java.signature.MethodSignaturePrinterTest
Tests run: 1, Failures: 0, Errors: 0, Skipped: 0, Time elapsed: 0 sec - in org.sonar.java.signature.MethodSignaturePrinterTest
Running org.sonar.java.resolve.SafetyNetTest
Tests run: 1, Failures: 0, Errors: 0, Skipped: 0, Time elapsed: 8.814 sec - in org.sonar.java.resolve.SafetyNetTest
Running org.sonar.java.ast.JavaAstScannerTest
Tests run: 6, Failures: 0, Errors: 0, Skipped: 0, Time elapsed: 0.029 sec - in org.sonar.java.ast.JavaAstScannerTest
Running org.sonar.java.bytecode.BytecodeScannerTest
Tests run: 1, Failures: 0, Errors: 0, Skipped: 0, Time elapsed: 0.01 sec - in org.sonar.java.bytecode.BytecodeScannerTest
Running org.sonar.java.ast.parser.grammar.literals.KeywordTest
Tests run: 1, Failures: 0, Errors: 0, Skipped: 0, Time elapsed: 0.005 sec - in org.sonar.java.ast.parser.grammar.literals.KeywordTest
Running org.sonar.java.model.JavaTreeModelTest
Tests run: 77, Failures: 0, Errors: 0, Skipped: 0, Time elapsed: 2.799 sec - in org.sonar.java.model.JavaTreeModelTest
Running org.sonar.java.ast.parser.grammar.literals.StringLiteralTest
Tests run: 2, Failures: 0, Errors: 0, Skipped: 0, Time elapsed: 0 sec - in org.sonar.java.ast.parser.grammar.literals.StringLiteralTest
Running org.sonar.java.bytecode.loader.FileSystemLoaderTest
Tests run: 4, Failures: 0, Errors: 0, Skipped: 0, Time elapsed: 0.001 sec - in org.sonar.java.bytecode.loader.FileSystemLoaderTest
Running org.sonar.java.ast.parser.grammar.statements.LabeledStatementTest
Tests run: 1, Failures: 0, Errors: 0, Skipped: 0, Time elapsed: 0.001 sec - in org.sonar.java.ast.parser.grammar.statements.LabeledStatementTest
Running org.sonar.java.ast.visitors.SonarSymbolTableVisitorTest
Tests run: 1, Failures: 0, Errors: 0, Skipped: 0, Time elapsed: 0.031 sec - in org.sonar.java.ast.visitors.SonarSymbolTableVisitorTest
Running org.sonar.java.ast.visitors.FileLinesVisitorTest
Tests run: 3, Failures: 0, Errors: 0, Skipped: 0, Time elapsed: 0.134 sec - in org.sonar.java.ast.visitors.FileLinesVisitorTest
Running org.sonar.java.ast.parser.grammar.types.TypeArgumentTest
Tests run: 1, Failures: 0, Errors: 0, Skipped: 0, Time elapsed: 0.003 sec - in org.sonar.java.ast.parser.grammar.types.TypeArgumentTest
Running org.sonar.java.bytecode.asm.AsmSignatureVisitorTest
Tests run: 6, Failures: 0, Errors: 0, Skipped: 0, Time elapsed: 0 sec - in org.sonar.java.bytecode.asm.AsmSignatureVisitorTest
Running org.sonar.java.ast.parser.grammar.units.CompilationUnitTest
Tests run: 1, Failures: 0, Errors: 0, Skipped: 0, Time elapsed: 0 sec - in org.sonar.java.ast.parser.grammar.units.CompilationUnitTest
Running org.sonar.java.bytecode.asm.AsmClassProviderImplTest
Tests run: 8, Failures: 0, Errors: 0, Skipped: 0, Time elapsed: 0.208 sec - in org.sonar.java.bytecode.asm.AsmClassProviderImplTest
Running org.sonar.java.bytecode.asm.AsmTypeTest
Tests run: 7, Failures: 0, Errors: 0, Skipped: 0, Time elapsed: 0.003 sec - in org.sonar.java.bytecode.asm.AsmTypeTest
Running org.sonar.java.se.ExplodedGraphWalkerTest
Tests run: 7, Failures: 0, Errors: 1, Skipped: 0, Time elapsed: 0.061 sec <<< FAILURE! - in org.sonar.java.se.ExplodedGraphWalkerTest
test_null_pointer_check_unit_test(org.sonar.java.se.ExplodedGraphWalkerTest)  Time elapsed: 0.01 sec  <<< ERROR!
java.io.FileNotFoundException: /home/benzonico/Development/SonarSource/sonar-java/java-checks/src/test/files/checks/NullPointerCheck.java (No such file or directory)
	at java.io.FileInputStream.open(Native Method)
	at java.io.FileInputStream.<init>(FileInputStream.java:146)
	at com.google.common.io.Files$1.getInput(Files.java:100)
	at com.google.common.io.Files$1.getInput(Files.java:97)
	at com.google.common.io.CharStreams$2.getInput(CharStreams.java:91)
	at com.google.common.io.CharStreams$2.getInput(CharStreams.java:88)
	at com.google.common.io.CharStreams.readLines(CharStreams.java:306)
	at com.google.common.io.Files.readLines(Files.java:580)
	at org.sonar.java.se.ExplodedGraphWalkerTest.test_null_pointer_check_unit_test(ExplodedGraphWalkerTest.java:120)

Running org.sonar.java.ast.parser.grammar.statements.BlockStatementTest
Tests run: 1, Failures: 0, Errors: 0, Skipped: 0, Time elapsed: 0.005 sec - in org.sonar.java.ast.parser.grammar.statements.BlockStatementTest
Running org.sonar.java.resolve.SymbolsTest
Tests run: 4, Failures: 0, Errors: 0, Skipped: 0, Time elapsed: 0.004 sec - in org.sonar.java.resolve.SymbolsTest
Running org.sonar.java.ast.parser.grammar.units.ImportDeclarationTest
Tests run: 1, Failures: 0, Errors: 0, Skipped: 0, Time elapsed: 0.004 sec - in org.sonar.java.ast.parser.grammar.units.ImportDeclarationTest
Running org.sonar.java.ast.parser.grammar.types.TypeParameterTest
Tests run: 1, Failures: 0, Errors: 0, Skipped: 0, Time elapsed: 0.007 sec - in org.sonar.java.ast.parser.grammar.types.TypeParameterTest
Running org.sonar.java.ast.api.JavaTokenTypeTest
Tests run: 1, Failures: 0, Errors: 0, Skipped: 0, Time elapsed: 0.001 sec - in org.sonar.java.ast.api.JavaTokenTypeTest
Running org.sonar.java.resolve.TypeAndReferenceSolverTest
Tests run: 29, Failures: 0, Errors: 0, Skipped: 0, Time elapsed: 1.466 sec - in org.sonar.java.resolve.TypeAndReferenceSolverTest
Running org.sonar.java.ast.parser.grammar.statements.WhileStatementTest
Tests run: 1, Failures: 0, Errors: 0, Skipped: 0, Time elapsed: 0 sec - in org.sonar.java.ast.parser.grammar.statements.WhileStatementTest
Running org.sonar.java.ast.parser.grammar.statements.ThrowStatementTest
Tests run: 1, Failures: 0, Errors: 0, Skipped: 0, Time elapsed: 0.001 sec - in org.sonar.java.ast.parser.grammar.statements.ThrowStatementTest
Running org.sonar.java.ast.parser.grammar.literals.LiteralTest
Tests run: 1, Failures: 0, Errors: 0, Skipped: 0, Time elapsed: 0.001 sec - in org.sonar.java.ast.parser.grammar.literals.LiteralTest
Running org.sonar.java.ast.visitors.PublicApiCheckerTest
Tests run: 3, Failures: 0, Errors: 0, Skipped: 0, Time elapsed: 0.017 sec - in org.sonar.java.ast.visitors.PublicApiCheckerTest
Running org.sonar.java.bytecode.asm.AsmMethodTest
Tests run: 6, Failures: 0, Errors: 0, Skipped: 0, Time elapsed: 0.005 sec - in org.sonar.java.bytecode.asm.AsmMethodTest
Running org.sonar.java.StrutsTest
Tests run: 2, Failures: 0, Errors: 0, Skipped: 0, Time elapsed: 6.827 sec - in org.sonar.java.StrutsTest

Results :


Tests in error: 
  ExplodedGraphWalkerTest.test_null_pointer_check_unit_test:120 » FileNotFound /...


Tests run: 1165, Failures: 0, Errors: 1, Skipped: 0

[INFO] ------------------------------------------------------------------------
[INFO] Reactor Summary:
[INFO] 
[INFO] SonarQube Java ..................................... SUCCESS [  2.105 s]
[INFO] SonarQube Java :: Squid ............................ FAILURE [ 59.911 s]
[INFO] SonarQube Java :: Checks ........................... SKIPPED
[INFO] SonarQube Java :: Surefire ......................... SKIPPED
[INFO] java-jacoco-previous ............................... SKIPPED
[INFO] SonarQube Java :: JaCoCo ........................... SKIPPED
[INFO] SonarQube Java :: Plugin ........................... SKIPPED
[INFO] SonarQube Java :: JaCoCo Listeners ................. SKIPPED
[INFO] ------------------------------------------------------------------------
[INFO] BUILD FAILURE
[INFO] ------------------------------------------------------------------------
[INFO] Total time: 01:03 min
[INFO] Finished at: 2015-07-23T09:03:20+00:00
[INFO] Final Memory: 29M/448M
[INFO] ------------------------------------------------------------------------
[ERROR] Failed to execute goal org.apache.maven.plugins:maven-surefire-plugin:2.18:test (default-test) on project java-squid: There are test failures.
[ERROR] 
[ERROR] Please refer to /home/travis/build/SonarSource/sonar-java/java-squid/target/surefire-reports for the individual test results.
[ERROR] -> [Help 1]
org.apache.maven.lifecycle.LifecycleExecutionException: Failed to execute goal org.apache.maven.plugins:maven-surefire-plugin:2.18:test (default-test) on project java-squid: There are test failures.

Please refer to /home/travis/build/SonarSource/sonar-java/java-squid/target/surefire-reports for the individual test results.
	at org.apache.maven.lifecycle.internal.MojoExecutor.execute(MojoExecutor.java:212)
	at org.apache.maven.lifecycle.internal.MojoExecutor.execute(MojoExecutor.java:153)
	at org.apache.maven.lifecycle.internal.MojoExecutor.execute(MojoExecutor.java:145)
	at org.apache.maven.lifecycle.internal.LifecycleModuleBuilder.buildProject(LifecycleModuleBuilder.java:116)
	at org.apache.maven.lifecycle.internal.LifecycleModuleBuilder.buildProject(LifecycleModuleBuilder.java:80)
	at org.apache.maven.lifecycle.internal.builder.singlethreaded.SingleThreadedBuilder.build(SingleThreadedBuilder.java:51)
	at org.apache.maven.lifecycle.internal.LifecycleStarter.execute(LifecycleStarter.java:120)
	at org.apache.maven.DefaultMaven.doExecute(DefaultMaven.java:355)
	at org.apache.maven.DefaultMaven.execute(DefaultMaven.java:155)
	at org.apache.maven.cli.MavenCli.execute(MavenCli.java:584)
	at org.apache.maven.cli.MavenCli.doMain(MavenCli.java:216)
	at org.apache.maven.cli.MavenCli.main(MavenCli.java:160)
	at sun.reflect.NativeMethodAccessorImpl.invoke0(Native Method)
	at sun.reflect.NativeMethodAccessorImpl.invoke(NativeMethodAccessorImpl.java:57)
	at sun.reflect.DelegatingMethodAccessorImpl.invoke(DelegatingMethodAccessorImpl.java:43)
	at java.lang.reflect.Method.invoke(Method.java:606)
	at org.codehaus.plexus.classworlds.launcher.Launcher.launchEnhanced(Launcher.java:289)
	at org.codehaus.plexus.classworlds.launcher.Launcher.launch(Launcher.java:229)
	at org.codehaus.plexus.classworlds.launcher.Launcher.mainWithExitCode(Launcher.java:415)
	at org.codehaus.plexus.classworlds.launcher.Launcher.main(Launcher.java:356)
Caused by: org.apache.maven.plugin.MojoFailureException: There are test failures.

Please refer to /home/travis/build/SonarSource/sonar-java/java-squid/target/surefire-reports for the individual test results.
	at org.apache.maven.plugin.surefire.SurefireHelper.reportExecution(SurefireHelper.java:82)
	at org.apache.maven.plugin.surefire.SurefirePlugin.handleSummary(SurefirePlugin.java:213)
	at org.apache.maven.plugin.surefire.AbstractSurefireMojo.executeAfterPreconditionsChecked(AbstractSurefireMojo.java:883)
	at org.apache.maven.plugin.surefire.AbstractSurefireMojo.execute(AbstractSurefireMojo.java:751)
	at org.apache.maven.plugin.DefaultBuildPluginManager.executeMojo(DefaultBuildPluginManager.java:132)
	at org.apache.maven.lifecycle.internal.MojoExecutor.execute(MojoExecutor.java:208)
	... 19 more
[ERROR] 
[ERROR] Re-run Maven using the -X switch to enable full debug logging.
[ERROR] 
[ERROR] For more information about the errors and possible solutions, please read the following articles:
[ERROR] [Help 1] http://cwiki.apache.org/confluence/display/MAVEN/MojoFailureException
[ERROR] 
[ERROR] After correcting the problems, you can resume the build with the command
[ERROR]   mvn <goals> -rf :java-squid
travis_time:end:23484a4a:start=1437642135343126457,finish=1437642201093648507,duration=65750522050[0K
[31;1mThe command "./travis.sh" exited with 1.[0m
travis_fold:start:cache.2[0Kstore build cache
travis_time:start:1feba1e0[0Knothing changed, not updating cache
travis_time:end:1feba1e0:start=1437642201097798177,finish=1437642202578806789,duration=1481008612[0Ktravis_fold:end:cache.2[0K
Done. Your build exited with 1.
