travis_fold:start:worker_info[0K[33;1mWorker information[0m
hostname: d015a65a-2c74-482e-a8e8-5ec6d9853ffa@1.i-0162e9a-production-2-worker-org-ec2.travisci.net
version: v3.4.0 https://github.com/travis-ci/worker/tree/ce0440bc30c289a49a9b0c21e4e1e6f7d7825101
instance: ad2e3ae travisci/ci-garnet:packer-1503972846 (via amqp)
startup: 568.061262ms
travis_fold:end:worker_info[0Ktravis_fold:start:system_info[0K[33;1mBuild system information[0m
Build language: java
Build group: stable
Build dist: trusty
Build id: 305087202
Job id: 305087203
Runtime kernel version: 4.9.6-040906-generic
travis-build version: 9ed7a196c
[34m[1mBuild image provisioning date and time[0m
Tue Aug 29 02:50:02 UTC 2017
[34m[1mOperating System Details[0m
Distributor ID:	Ubuntu
Description:	Ubuntu 14.04.5 LTS
Release:	14.04
Codename:	trusty
[34m[1mCookbooks Version[0m
4642454 https://github.com/travis-ci/travis-cookbooks/tree/4642454
[34m[1mgit version[0m
git version 2.14.1
[34m[1mbash version[0m
GNU bash, version 4.3.11(1)-release (x86_64-pc-linux-gnu)
[34m[1mgcc version[0m
gcc (Ubuntu 4.8.4-2ubuntu1~14.04.3) 4.8.4
Copyright (C) 2013 Free Software Foundation, Inc.
This is free software; see the source for copying conditions.  There is NO
warranty; not even for MERCHANTABILITY or FITNESS FOR A PARTICULAR PURPOSE.

[34m[1mdocker version[0m
Client:
 Version:      17.03.1-ce
 API version:  1.27
 Go version:   go1.7.5
 Git commit:   c6d412e
 Built:        Mon Mar 27 16:58:30 2017
 OS/Arch:      linux/amd64
[34m[1mclang version[0m
clang version 3.9.0 (tags/RELEASE_390/final)
Target: x86_64-unknown-linux-gnu
Thread model: posix
InstalledDir: /usr/local/clang-3.9.0/bin
[34m[1mjq version[0m
jq-1.5
[34m[1mbats version[0m
Bats 0.4.0
[34m[1mshellcheck version[0m
0.4.6
[34m[1mshfmt version[0m
v1.3.1
[34m[1mccache version[0m
ccache version 3.1.9

Copyright (C) 2002-2007 Andrew Tridgell
Copyright (C) 2009-2011 Joel Rosdahl

This program is free software; you can redistribute it and/or modify it under
the terms of the GNU General Public License as published by the Free Software
Foundation; either version 3 of the License, or (at your option) any later
version.
[34m[1mcmake version[0m
cmake version 3.2.2

CMake suite maintained and supported by Kitware (kitware.com/cmake).
[34m[1mheroku version[0m
heroku-cli/6.13.19-6cd27b3 (linux-x64) node-v8.3.0
[34m[1mimagemagick version[0m
Version: ImageMagick 6.7.7-10 2017-07-31 Q16 http://www.imagemagick.org
[34m[1mmd5deep version[0m
4.2
[34m[1mmercurial version[0m
Mercurial Distributed SCM (version 4.2.2)
(see https://mercurial-scm.org for more information)

Copyright (C) 2005-2017 Matt Mackall and others
This is free software; see the source for copying conditions. There is NO
warranty; not even for MERCHANTABILITY or FITNESS FOR A PARTICULAR PURPOSE.
[34m[1mmysql version[0m
mysql  Ver 14.14 Distrib 5.6.33, for debian-linux-gnu (x86_64) using  EditLine wrapper
[34m[1mopenssl version[0m
OpenSSL 1.0.1f 6 Jan 2014
[34m[1mpacker version[0m
Packer v1.0.2

Your version of Packer is out of date! The latest version
is 1.0.4. You can update by downloading from www.packer.io
[34m[1mpostgresql client version[0m
psql (PostgreSQL) 9.6.4
[34m[1mragel version[0m
Ragel State Machine Compiler version 6.8 Feb 2013
Copyright (c) 2001-2009 by Adrian Thurston
[34m[1msubversion version[0m
svn, version 1.8.8 (r1568071)
   compiled Aug 10 2017, 17:20:39 on x86_64-pc-linux-gnu

Copyright (C) 2013 The Apache Software Foundation.
This software consists of contributions made by many people;
see the NOTICE file for more information.
Subversion is open source software, see http://subversion.apache.org/

The following repository access (RA) modules are available:

* ra_svn : Module for accessing a repository using the svn network protocol.
  - with Cyrus SASL authentication
  - handles 'svn' scheme
* ra_local : Module for accessing a repository on local disk.
  - handles 'file' scheme
* ra_serf : Module for accessing a repository via WebDAV protocol using serf.
  - using serf 1.3.3
  - handles 'http' scheme
  - handles 'https' scheme

[34m[1msudo version[0m
Sudo version 1.8.9p5
Configure options: --prefix=/usr -v --with-all-insults --with-pam --with-fqdn --with-logging=syslog --with-logfac=authpriv --with-env-editor --with-editor=/usr/bin/editor --with-timeout=15 --with-password-timeout=0 --with-passprompt=[sudo] password for %p:  --without-lecture --with-tty-tickets --disable-root-mailer --enable-admin-flag --with-sendmail=/usr/sbin/sendmail --with-timedir=/var/lib/sudo --mandir=/usr/share/man --libexecdir=/usr/lib/sudo --with-sssd --with-sssd-lib=/usr/lib/x86_64-linux-gnu --with-selinux
Sudoers policy plugin version 1.8.9p5
Sudoers file grammar version 43

Sudoers path: /etc/sudoers
Authentication methods: 'pam'
Syslog facility if syslog is being used for logging: authpriv
Syslog priority to use when user authenticates successfully: notice
Syslog priority to use when user authenticates unsuccessfully: alert
Send mail if the user is not in sudoers
Use a separate timestamp for each user/tty combo
Lecture user the first time they run sudo
Root may run sudo
Allow some information gathering to give useful error messages
Require fully-qualified hostnames in the sudoers file
Visudo will honor the EDITOR environment variable
Set the LOGNAME and USER environment variables
Length at which to wrap log file lines (0 for no wrap): 80
Authentication timestamp timeout: 15.0 minutes
Password prompt timeout: 0.0 minutes
Number of tries to enter a password: 3
Umask to use or 0777 to use user's: 022
Path to mail program: /usr/sbin/sendmail
Flags for mail program: -t
Address to send mail to: root
Subject line for mail messages: *** SECURITY information for %h ***
Incorrect password message: Sorry, try again.
Path to authentication timestamp dir: /var/lib/sudo
Default password prompt: [sudo] password for %p: 
Default user to run commands as: root
Value to override user's $PATH with: /usr/local/sbin:/usr/local/bin:/usr/sbin:/usr/bin:/sbin:/bin:/snap/bin
Path to the editor for use by visudo: /usr/bin/editor
When to require a password for 'list' pseudocommand: any
When to require a password for 'verify' pseudocommand: all
File descriptors >= 3 will be closed before executing a command
Environment variables to check for sanity:
	TZ
	TERM
	LINGUAS
	LC_*
	LANGUAGE
	LANG
	COLORTERM
Environment variables to remove:
	RUBYOPT
	RUBYLIB
	PYTHONUSERBASE
	PYTHONINSPECT
	PYTHONPATH
	PYTHONHOME
	TMPPREFIX
	ZDOTDIR
	READNULLCMD
	NULLCMD
	FPATH
	PERL5DB
	PERL5OPT
	PERL5LIB
	PERLLIB
	PERLIO_DEBUG 
	JAVA_TOOL_OPTIONS
	SHELLOPTS
	GLOBIGNORE
	PS4
	BASH_ENV
	ENV
	TERMCAP
	TERMPATH
	TERMINFO_DIRS
	TERMINFO
	_RLD*
	LD_*
	PATH_LOCALE
	NLSPATH
	HOSTALIASES
	RES_OPTIONS
	LOCALDOMAIN
	CDPATH
	IFS
Environment variables to preserve:
	JAVA_HOME
	TRAVIS
	CI
	DEBIAN_FRONTEND
	XAUTHORIZATION
	XAUTHORITY
	PS2
	PS1
	PATH
	LS_COLORS
	KRB5CCNAME
	HOSTNAME
	HOME
	DISPLAY
	COLORS
Locale to use while parsing sudoers: C
Directory in which to store input/output logs: /var/log/sudo-io
File in which to store the input/output log: %{seq}
Add an entry to the utmp/utmpx file when allocating a pty
PAM service name to use
PAM service name to use for login shells
Create a new PAM session for the command to run in
Maximum I/O log sequence number: 0

Local IP address and netmask pairs:
	172.17.0.2/255.255.0.0

Sudoers I/O plugin version 1.8.9p5
[34m[1mgzip version[0m
gzip 1.6
Copyright (C) 2007, 2010, 2011 Free Software Foundation, Inc.
Copyright (C) 1993 Jean-loup Gailly.
This is free software.  You may redistribute copies of it under the terms of
the GNU General Public License <http://www.gnu.org/licenses/gpl.html>.
There is NO WARRANTY, to the extent permitted by law.

Written by Jean-loup Gailly.
[34m[1mzip version[0m
Copyright (c) 1990-2008 Info-ZIP - Type 'zip "-L"' for software license.
This is Zip 3.0 (July 5th 2008), by Info-ZIP.
Currently maintained by E. Gordon.  Please send bug reports to
the authors using the web page at www.info-zip.org; see README for details.

Latest sources and executables are at ftp://ftp.info-zip.org/pub/infozip,
as of above date; see http://www.info-zip.org/ for other sites.

Compiled with gcc 4.8.2 for Unix (Linux ELF) on Oct 21 2013.

Zip special compilation options:
	USE_EF_UT_TIME       (store Universal Time)
	BZIP2_SUPPORT        (bzip2 library version 1.0.6, 6-Sept-2010)
	    bzip2 code and library copyright (c) Julian R Seward
	    (See the bzip2 license for terms of use)
	SYMLINK_SUPPORT      (symbolic links supported)
	LARGE_FILE_SUPPORT   (can read and write large files on file system)
	ZIP64_SUPPORT        (use Zip64 to store large files in archives)
	UNICODE_SUPPORT      (store and read UTF-8 Unicode paths)
	STORE_UNIX_UIDs_GIDs (store UID/GID sizes/values using new extra field)
	UIDGID_NOT_16BIT     (old Unix 16-bit UID/GID extra field not used)
	[encryption, version 2.91 of 05 Jan 2007] (modified for Zip 3)

Encryption notice:
	The encryption code of this program is not copyrighted and is
	put in the public domain.  It was originally written in Europe
	and, to the best of our knowledge, can be freely distributed
	in both source and object forms from any country, including
	the USA under License Exception TSU of the U.S. Export
	Administration Regulations (section 740.13(e)) of 6 June 2002.

Zip environment options:
             ZIP:  [none]
          ZIPOPT:  [none]
[34m[1mvim version[0m
VIM - Vi IMproved 7.4 (2013 Aug 10, compiled Nov 24 2016 16:43:18)
Included patches: 1-52
Extra patches: 8.0.0056
Modified by pkg-vim-maintainers@lists.alioth.debian.org
Compiled by buildd@
Huge version without GUI.  Features included (+) or not (-):
+acl             +farsi           +mouse_netterm   +syntax
+arabic          +file_in_path    +mouse_sgr       +tag_binary
+autocmd         +find_in_path    -mouse_sysmouse  +tag_old_static
-balloon_eval    +float           +mouse_urxvt     -tag_any_white
-browse          +folding         +mouse_xterm     -tcl
++builtin_terms  -footer          +multi_byte      +terminfo
+byte_offset     +fork()          +multi_lang      +termresponse
+cindent         +gettext         -mzscheme        +textobjects
-clientserver    -hangul_input    +netbeans_intg   +title
-clipboard       +iconv           +path_extra      -toolbar
+cmdline_compl   +insert_expand   -perl            +user_commands
+cmdline_hist    +jumplist        +persistent_undo +vertsplit
+cmdline_info    +keymap          +postscript      +virtualedit
+comments        +langmap         +printer         +visual
+conceal         +libcall         +profile         +visualextra
+cryptv          +linebreak       +python          +viminfo
+cscope          +lispindent      -python3         +vreplace
+cursorbind      +listcmds        +quickfix        +wildignore
+cursorshape     +localmap        +reltime         +wildmenu
+dialog_con      -lua             +rightleft       +windows
+diff            +menu            -ruby            +writebackup
+digraphs        +mksession       +scrollbind      -X11
-dnd             +modify_fname    +signs           -xfontset
-ebcdic          +mouse           +smartindent     -xim
+emacs_tags      -mouseshape      -sniff           -xsmp
+eval            +mouse_dec       +startuptime     -xterm_clipboard
+ex_extra        +mouse_gpm       +statusline      -xterm_save
+extra_search    -mouse_jsbterm   -sun_workshop    -xpm
   system vimrc file: "$VIM/vimrc"
     user vimrc file: "$HOME/.vimrc"
 2nd user vimrc file: "~/.vim/vimrc"
      user exrc file: "$HOME/.exrc"
  fall-back for $VIM: "/usr/share/vim"
Compilation: gcc -c -I. -Iproto -DHAVE_CONFIG_H     -g -O2 -fstack-protector --param=ssp-buffer-size=4 -Wformat -Werror=format-security -U_FORTIFY_SOURCE -D_FORTIFY_SOURCE=1      
Linking: gcc   -Wl,-Bsymbolic-functions -Wl,-z,relro -Wl,--as-needed -o vim        -lm -ltinfo -lnsl  -lselinux  -lacl -lattr -lgpm -ldl    -L/usr/lib/python2.7/config-x86_64-linux-gnu -lpython2.7 -lpthread -ldl -lutil -lm -Xlinker -export-dynamic -Wl,-O1 -Wl,-Bsymbolic-functions      
[34m[1miptables version[0m
iptables v1.4.21
[34m[1mcurl version[0m
curl 7.35.0 (x86_64-pc-linux-gnu) libcurl/7.35.0 OpenSSL/1.0.1f zlib/1.2.8 libidn/1.28 librtmp/2.3
[34m[1mwget version[0m
GNU Wget 1.15 built on linux-gnu.
[34m[1mrsync version[0m
rsync  version 3.1.0  protocol version 31
[34m[1mgimme version[0m
v1.2.0
[34m[1mnvm version[0m
0.33.2
[34m[1mperlbrew version[0m
/home/travis/perl5/perlbrew/bin/perlbrew  - App::perlbrew/0.80
[34m[1mphpenv version[0m
rbenv 1.1.1-4-g4ebd1bd
[34m[1mrvm version[0m
rvm 1.29.2 (latest) by Michal Papis, Piotr Kuczynski, Wayne E. Seguin [https://rvm.io/]
[34m[1mdefault ruby version[0m
ruby 2.4.1p111 (2017-03-22 revision 58053) [x86_64-linux]
[34m[1mCouchDB version[0m
couchdb 1.6.1
[34m[1mElasticSearch version[0m
5.5.0
[34m[1mInstalled Firefox version[0m
firefox 55.0.2
[34m[1mMongoDB version[0m
MongoDB 3.2.16
[34m[1mPre-installed PostgreSQL versions[0m
9.2.22
9.3.18
9.4.13
9.5.8
9.6.4
[34m[1mRabbitMQ Version[0m
3.6.11
[34m[1mRedis version[0m
redis-server 4.0.1
[34m[1mriak version[0m
2.2.3
[34m[1mPre-installed Go versions[0m
1.7.4
[34m[1mant version[0m
Apache Ant(TM) version 1.9.3 compiled on April 8 2014
[34m[1mmvn version[0m
Apache Maven 3.5.0 (ff8f5e7444045639af65f6095c62210b5713f426; 2017-04-03T19:39:06Z)
Maven home: /usr/local/maven-3.5.0
Java version: 1.8.0_144, vendor: Oracle Corporation
Java home: /usr/lib/jvm/java-8-oracle/jre
Default locale: en_US, platform encoding: UTF-8
OS name: "linux", version: "4.4.0-92-generic", arch: "amd64", family: "unix"
[34m[1mgradle version[0m

------------------------------------------------------------
Gradle 4.0.1
------------------------------------------------------------

Build time:   2017-07-07 14:02:41 UTC
Revision:     38e5dc0f772daecca1d2681885d3d85414eb6826

Groovy:       2.4.11
Ant:          Apache Ant(TM) version 1.9.6 compiled on June 29 2015
JVM:          1.8.0_144 (Oracle Corporation 25.144-b01)
OS:           Linux 4.4.0-92-generic amd64

[34m[1mlein version[0m
WARNING: You're currently running as root; probably by accident.
Press control-C to abort or Enter to continue as root.
Set LEIN_ROOT to disable this warning.
Leiningen 2.7.1 on Java 1.8.0_144 Java HotSpot(TM) 64-Bit Server VM
[34m[1mPre-installed Node.js versions[0m
v4.8.4
v6.11.2
v6.9.4
v7.4.0
v8.4
[34m[1mphpenv versions[0m
  system
  5.6
* 5.6.31 (set by /home/travis/.phpenv/version)
  7.0
  7.0.22
  hhvm
  hhvm-stable
[34m[1mcomposer --version[0m
Composer version 1.4.2 2017-05-17 08:17:52
[34m[1mPre-installed Ruby versions[0m
ruby-2.2.7
ruby-2.3.4
ruby-2.4.1
travis_fold:end:system_info[0K
removed ‘/etc/apt/sources.list.d/basho_riak.list’
Executing: /tmp/tmp.SKwnwgw9ro/gpg.1.sh --keyserver
hkp://keyserver.ubuntu.com:80
--recv
EA312927
gpg: requesting key EA312927 from hkp server keyserver.ubuntu.com
gpg: key EA312927: "MongoDB 3.2 Release Signing Key <packaging@mongodb.com>" 1 new signature
gpg: Total number processed: 1
gpg:         new signatures: 1
removed ‘/etc/apt/sources.list.d/hhvm-repository.list’
Executing: /tmp/tmp.FBeypDlJqM/gpg.1.sh --recv-keys
--keyserver
hkp://keyserver.ubuntu.com:80
0xB4112585D386EB94
gpg: requesting key D386EB94 from hkp server keyserver.ubuntu.com
gpg: key D386EB94: public key "HHVM Package Signing <opensource+hhvm@fb.com>" imported
gpg: Total number processed: 1
gpg:               imported: 1  (RSA: 1)
W: https://dl.hhvm.com/ubuntu/dists/trusty/InRelease: Signature by key 36AEF64D0207E7EEE352D4875A16E7281BE7A449 uses weak digest algorithm (SHA1)
W: http://ppa.launchpad.net/couchdb/stable/ubuntu/dists/trusty/Release.gpg: Signature by key 15866BAFD9BCC4F3C1E0DFC7D69548E1C17EAB57 uses weak digest algorithm (SHA1)
$ jdk_switcher use oraclejdk8
Switching to Oracle JDK8 (java-8-oracle), JAVA_HOME will be set to /usr/lib/jvm/java-8-oracle
travis_fold:start:git.checkout[0Ktravis_time:start:2ed95403[0K$ git clone --depth=50 https://github.com/square/retrofit.git square/retrofit
Cloning into 'square/retrofit'...
remote: Counting objects: 1704, done.[K
remote: Compressing objects:   0% (1/768)   [Kremote: Compressing objects:   1% (8/768)   [Kremote: Compressing objects:   2% (16/768)   [Kremote: Compressing objects:   3% (24/768)   [Kremote: Compressing objects:   4% (31/768)   [Kremote: Compressing objects:   5% (39/768)   [Kremote: Compressing objects:   6% (47/768)   [Kremote: Compressing objects:   7% (54/768)   [Kremote: Compressing objects:   8% (62/768)   [Kremote: Compressing objects:   9% (70/768)   [Kremote: Compressing objects:  10% (77/768)   [Kremote: Compressing objects:  11% (85/768)   [Kremote: Compressing objects:  12% (93/768)   [Kremote: Compressing objects:  13% (100/768)   [Kremote: Compressing objects:  14% (108/768)   [Kremote: Compressing objects:  15% (116/768)   [Kremote: Compressing objects:  16% (123/768)   [Kremote: Compressing objects:  17% (131/768)   [Kremote: Compressing objects:  18% (139/768)   [Kremote: Compressing objects:  19% (146/768)   [Kremote: Compressing objects:  20% (154/768)   [Kremote: Compressing objects:  21% (162/768)   [Kremote: Compressing objects:  22% (169/768)   [Kremote: Compressing objects:  23% (177/768)   [Kremote: Compressing objects:  24% (185/768)   [Kremote: Compressing objects:  25% (192/768)   [Kremote: Compressing objects:  26% (200/768)   [Kremote: Compressing objects:  27% (208/768)   [Kremote: Compressing objects:  28% (216/768)   [Kremote: Compressing objects:  29% (223/768)   [Kremote: Compressing objects:  30% (231/768)   [Kremote: Compressing objects:  31% (239/768)   [Kremote: Compressing objects:  32% (246/768)   [Kremote: Compressing objects:  33% (254/768)   [Kremote: Compressing objects:  34% (262/768)   [Kremote: Compressing objects:  35% (269/768)   [Kremote: Compressing objects:  36% (277/768)   [Kremote: Compressing objects:  37% (285/768)   [Kremote: Compressing objects:  38% (292/768)   [Kremote: Compressing objects:  39% (300/768)   [Kremote: Compressing objects:  40% (308/768)   [Kremote: Compressing objects:  41% (315/768)   [Kremote: Compressing objects:  42% (323/768)   [Kremote: Compressing objects:  43% (331/768)   [Kremote: Compressing objects:  44% (338/768)   [Kremote: Compressing objects:  45% (346/768)   [Kremote: Compressing objects:  46% (354/768)   [Kremote: Compressing objects:  47% (361/768)   [Kremote: Compressing objects:  48% (369/768)   [Kremote: Compressing objects:  49% (377/768)   [Kremote: Compressing objects:  50% (384/768)   [Kremote: Compressing objects:  51% (392/768)   [Kremote: Compressing objects:  52% (400/768)   [Kremote: Compressing objects:  53% (408/768)   [Kremote: Compressing objects:  54% (415/768)   [Kremote: Compressing objects:  55% (423/768)   [Kremote: Compressing objects:  56% (431/768)   [Kremote: Compressing objects:  57% (438/768)   [Kremote: Compressing objects:  58% (446/768)   [Kremote: Compressing objects:  59% (454/768)   [Kremote: Compressing objects:  60% (461/768)   [Kremote: Compressing objects:  61% (469/768)   [Kremote: Compressing objects:  62% (477/768)   [Kremote: Compressing objects:  63% (484/768)   [Kremote: Compressing objects:  64% (492/768)   [Kremote: Compressing objects:  65% (500/768)   [Kremote: Compressing objects:  66% (507/768)   [Kremote: Compressing objects:  67% (515/768)   [Kremote: Compressing objects:  68% (523/768)   [Kremote: Compressing objects:  69% (530/768)   [Kremote: Compressing objects:  70% (538/768)   [Kremote: Compressing objects:  71% (546/768)   [Kremote: Compressing objects:  72% (553/768)   [Kremote: Compressing objects:  73% (561/768)   [Kremote: Compressing objects:  74% (569/768)   [Kremote: Compressing objects:  75% (576/768)   [Kremote: Compressing objects:  76% (584/768)   [Kremote: Compressing objects:  77% (592/768)   [Kremote: Compressing objects:  78% (600/768)   [Kremote: Compressing objects:  79% (607/768)   [Kremote: Compressing objects:  80% (615/768)   [Kremote: Compressing objects:  81% (623/768)   [Kremote: Compressing objects:  82% (630/768)   [Kremote: Compressing objects:  83% (638/768)   [Kremote: Compressing objects:  84% (646/768)   [Kremote: Compressing objects:  85% (653/768)   [Kremote: Compressing objects:  86% (661/768)   [Kremote: Compressing objects:  87% (669/768)   [Kremote: Compressing objects:  88% (676/768)   [Kremote: Compressing objects:  89% (684/768)   [Kremote: Compressing objects:  90% (692/768)   [Kremote: Compressing objects:  91% (699/768)   [Kremote: Compressing objects:  92% (707/768)   [Kremote: Compressing objects:  93% (715/768)   [Kremote: Compressing objects:  94% (722/768)   [Kremote: Compressing objects:  95% (730/768)   [Kremote: Compressing objects:  96% (738/768)   [Kremote: Compressing objects:  97% (745/768)   [Kremote: Compressing objects:  98% (753/768)   [Kremote: Compressing objects:  99% (761/768)   [Kremote: Compressing objects: 100% (768/768)   [Kremote: Compressing objects: 100% (768/768), done.[K
Receiving objects:   0% (1/1704)   Receiving objects:   1% (18/1704)   Receiving objects:   2% (35/1704)   Receiving objects:   3% (52/1704)   Receiving objects:   4% (69/1704)   Receiving objects:   5% (86/1704)   Receiving objects:   6% (103/1704)   Receiving objects:   7% (120/1704)   Receiving objects:   8% (137/1704)   Receiving objects:   9% (154/1704)   Receiving objects:  10% (171/1704)   Receiving objects:  11% (188/1704)   Receiving objects:  12% (205/1704)   Receiving objects:  13% (222/1704)   Receiving objects:  14% (239/1704)   Receiving objects:  15% (256/1704)   Receiving objects:  16% (273/1704)   Receiving objects:  17% (290/1704)   Receiving objects:  18% (307/1704)   Receiving objects:  19% (324/1704)   Receiving objects:  20% (341/1704)   Receiving objects:  21% (358/1704)   Receiving objects:  22% (375/1704)   Receiving objects:  23% (392/1704)   Receiving objects:  24% (409/1704)   Receiving objects:  25% (426/1704)   Receiving objects:  26% (444/1704)   Receiving objects:  27% (461/1704)   Receiving objects:  28% (478/1704)   Receiving objects:  29% (495/1704)   Receiving objects:  30% (512/1704)   Receiving objects:  31% (529/1704)   Receiving objects:  32% (546/1704)   Receiving objects:  33% (563/1704)   Receiving objects:  34% (580/1704)   Receiving objects:  35% (597/1704)   Receiving objects:  36% (614/1704)   Receiving objects:  37% (631/1704)   Receiving objects:  38% (648/1704)   Receiving objects:  39% (665/1704)   Receiving objects:  40% (682/1704)   Receiving objects:  41% (699/1704)   Receiving objects:  42% (716/1704)   Receiving objects:  43% (733/1704)   Receiving objects:  44% (750/1704)   Receiving objects:  45% (767/1704)   Receiving objects:  46% (784/1704)   Receiving objects:  47% (801/1704)   Receiving objects:  48% (818/1704)   Receiving objects:  49% (835/1704)   Receiving objects:  50% (852/1704)   Receiving objects:  51% (870/1704)   Receiving objects:  52% (887/1704)   Receiving objects:  53% (904/1704)   Receiving objects:  54% (921/1704)   Receiving objects:  55% (938/1704)   Receiving objects:  56% (955/1704)   Receiving objects:  57% (972/1704)   Receiving objects:  58% (989/1704)   Receiving objects:  59% (1006/1704)   Receiving objects:  60% (1023/1704)   Receiving objects:  61% (1040/1704)   Receiving objects:  62% (1057/1704)   Receiving objects:  63% (1074/1704)   Receiving objects:  64% (1091/1704)   Receiving objects:  65% (1108/1704)   Receiving objects:  66% (1125/1704)   Receiving objects:  67% (1142/1704)   Receiving objects:  68% (1159/1704)   Receiving objects:  69% (1176/1704)   Receiving objects:  70% (1193/1704)   Receiving objects:  71% (1210/1704)   Receiving objects:  72% (1227/1704)   Receiving objects:  73% (1244/1704)   Receiving objects:  74% (1261/1704)   Receiving objects:  75% (1278/1704)   Receiving objects:  76% (1296/1704)   Receiving objects:  77% (1313/1704)   Receiving objects:  78% (1330/1704)   Receiving objects:  79% (1347/1704)   Receiving objects:  80% (1364/1704)   Receiving objects:  81% (1381/1704)   Receiving objects:  82% (1398/1704)   Receiving objects:  83% (1415/1704)   Receiving objects:  84% (1432/1704)   Receiving objects:  85% (1449/1704)   Receiving objects:  86% (1466/1704)   Receiving objects:  87% (1483/1704)   Receiving objects:  88% (1500/1704)   Receiving objects:  89% (1517/1704)   remote: Total 1704 (delta 681), reused 1438 (delta 496), pack-reused 0[K
Receiving objects:  90% (1534/1704)   Receiving objects:  91% (1551/1704)   Receiving objects:  92% (1568/1704)   Receiving objects:  93% (1585/1704)   Receiving objects:  94% (1602/1704)   Receiving objects:  95% (1619/1704)   Receiving objects:  96% (1636/1704)   Receiving objects:  97% (1653/1704)   Receiving objects:  98% (1670/1704)   Receiving objects:  99% (1687/1704)   Receiving objects: 100% (1704/1704)   Receiving objects: 100% (1704/1704), 380.85 KiB | 8.66 MiB/s, done.
Resolving deltas:   0% (0/681)   Resolving deltas:   6% (46/681)   Resolving deltas:   7% (50/681)   Resolving deltas:   8% (55/681)   Resolving deltas:   9% (65/681)   Resolving deltas:  11% (75/681)   Resolving deltas:  12% (82/681)   Resolving deltas:  13% (89/681)   Resolving deltas:  14% (97/681)   Resolving deltas:  15% (103/681)   Resolving deltas:  16% (110/681)   Resolving deltas:  17% (121/681)   Resolving deltas:  18% (129/681)   Resolving deltas:  19% (130/681)   Resolving deltas:  20% (137/681)   Resolving deltas:  21% (147/681)   Resolving deltas:  22% (150/681)   Resolving deltas:  28% (193/681)   Resolving deltas:  29% (198/681)   Resolving deltas:  32% (221/681)   Resolving deltas:  33% (227/681)   Resolving deltas:  34% (233/681)   Resolving deltas:  38% (260/681)   Resolving deltas:  39% (272/681)   Resolving deltas:  55% (378/681)   Resolving deltas:  57% (390/681)   Resolving deltas:  58% (396/681)   Resolving deltas:  60% (410/681)   Resolving deltas:  62% (429/681)   Resolving deltas:  65% (443/681)   Resolving deltas:  66% (456/681)   Resolving deltas:  67% (460/681)   Resolving deltas:  68% (464/681)   Resolving deltas:  70% (480/681)   Resolving deltas:  74% (505/681)   Resolving deltas:  75% (516/681)   Resolving deltas:  77% (526/681)   Resolving deltas:  78% (533/681)   Resolving deltas:  79% (542/681)   Resolving deltas:  80% (551/681)   Resolving deltas:  82% (562/681)   Resolving deltas:  83% (570/681)   Resolving deltas:  84% (574/681)   Resolving deltas:  85% (580/681)   Resolving deltas:  86% (587/681)   Resolving deltas:  87% (594/681)   Resolving deltas:  88% (600/681)   Resolving deltas:  89% (607/681)   Resolving deltas:  90% (614/681)   Resolving deltas:  91% (625/681)   Resolving deltas:  92% (628/681)   Resolving deltas:  93% (634/681)   Resolving deltas:  95% (648/681)   Resolving deltas:  96% (655/681)   Resolving deltas:  97% (663/681)   Resolving deltas:  98% (668/681)   Resolving deltas:  99% (679/681)   Resolving deltas: 100% (681/681)   Resolving deltas: 100% (681/681), done.

travis_time:end:2ed95403:start=1511236625696117403,finish=1511236626375717073,duration=679599670[0K$ cd square/retrofit
travis_time:start:1752e010[0K$ git fetch origin +refs/pull/2566/merge:
remote: Counting objects: 13, done.[K
remote: Compressing objects:  14% (1/7)   [Kremote: Compressing objects:  28% (2/7)   [Kremote: Compressing objects:  42% (3/7)   [Kremote: Compressing objects:  57% (4/7)   [Kremote: Compressing objects:  71% (5/7)   [Kremote: Compressing objects:  85% (6/7)   [Kremote: Compressing objects: 100% (7/7)   [Kremote: Compressing objects: 100% (7/7), done.[K
remote: Total 13 (delta 4), reused 10 (delta 2), pack-reused 0[K
Unpacking objects:   7% (1/13)   Unpacking objects:  15% (2/13)   Unpacking objects:  23% (3/13)   Unpacking objects:  30% (4/13)   Unpacking objects:  38% (5/13)   Unpacking objects:  46% (6/13)   Unpacking objects:  53% (7/13)   Unpacking objects:  61% (8/13)   Unpacking objects:  69% (9/13)   Unpacking objects:  76% (10/13)   Unpacking objects:  84% (11/13)   Unpacking objects:  92% (12/13)   Unpacking objects: 100% (13/13)   Unpacking objects: 100% (13/13), done.
From https://github.com/square/retrofit
 * branch            refs/pull/2566/merge -> FETCH_HEAD

travis_time:end:1752e010:start=1511236626384692668,finish=1511236627016454246,duration=631761578[0K$ git checkout -qf FETCH_HEAD
travis_fold:end:git.checkout[0K[33;1mDisabling Gradle daemon[0m
travis_time:start:0c33bfa2[0K$ mkdir -p ~/.gradle && echo "org.gradle.daemon=false" >> ~/.gradle/gradle.properties

travis_time:end:0c33bfa2:start=1511236634242848319,finish=1511236634250648025,duration=7799706[0K$ export PATH=$JAVA_HOME/bin:$PATH
travis_fold:start:cache.1[0KSetting up build cache
$ export CASHER_DIR=$HOME/.casher
travis_time:start:026fc100[0K$ Installing caching utilities

travis_time:end:026fc100:start=1511236640280247627,finish=1511236640341304260,duration=61056633[0Ktravis_time:start:03fe3427[0K
travis_time:end:03fe3427:start=1511236640350762107,finish=1511236640357785834,duration=7023727[0Ktravis_time:start:10327b90[0K[32;1mattempting to download cache archive[0m
[32;1mfetching PR.2566/cache-linux-trusty-e3b0c44298fc1c149afbf4c8996fb92427ae41e4649b934ca495991b7852b855--jdk-oraclejdk8.tgz[0m
[32;1mfetching PR.2566/cache--jdk-oraclejdk8.tgz[0m
[32;1mfetching master/cache-linux-trusty-e3b0c44298fc1c149afbf4c8996fb92427ae41e4649b934ca495991b7852b855--jdk-oraclejdk8.tgz[0m
[32;1mfound cache[0m

travis_time:end:10327b90:start=1511236640365998097,finish=1511236649715740795,duration=9349742698[0Ktravis_time:start:030b38fa[0K
travis_time:end:030b38fa:start=1511236649723108028,finish=1511236649729525460,duration=6417432[0Ktravis_time:start:2e55775c[0K[32;1madding /home/travis/.m2 to cache[0m

travis_time:end:2e55775c:start=1511236649737151279,finish=1511236654068227562,duration=4331076283[0Ktravis_fold:end:cache.1[0K$ java -Xmx32m -version
Picked up _JAVA_OPTIONS: -Xmx2048m -Xms512m
java version "1.8.0_144"
Java(TM) SE Runtime Environment (build 1.8.0_144-b01)
Java HotSpot(TM) 64-Bit Server VM (build 25.144-b01, mixed mode)
$ javac -J-Xmx32m -version
Picked up _JAVA_OPTIONS: -Xmx2048m -Xms512m
javac 1.8.0_144
travis_fold:start:install[0Ktravis_time:start:049f9088[0K$ mvn install -DskipTests=true -Dmaven.javadoc.skip=true -B -V
Picked up _JAVA_OPTIONS: -Xmx2048m -Xms512m
Apache Maven 3.5.0 (ff8f5e7444045639af65f6095c62210b5713f426; 2017-04-03T19:39:06Z)
Maven home: /usr/local/maven-3.5.0
Java version: 1.8.0_144, vendor: Oracle Corporation
Java home: /usr/lib/jvm/java-8-oracle/jre
Default locale: en_US, platform encoding: UTF-8
OS name: "linux", version: "4.9.6-040906-generic", arch: "amd64", family: "unix"
[INFO] Scanning for projects...
[WARNING] 
[WARNING] Some problems were encountered while building the effective model for com.squareup.retrofit2:samples:jar:2.4.0-SNAPSHOT
[WARNING] 'build.plugins.plugin.version' for org.apache.maven.plugins:maven-deploy-plugin is missing. @ com.squareup.retrofit2:samples:[unknown-version], /home/travis/build/square/retrofit/samples/pom.xml, line 65, column 15
[WARNING] 
[WARNING] It is highly recommended to fix these problems because they threaten the stability of your build.
[WARNING] 
[WARNING] For this reason, future Maven versions might no longer support building such malformed projects.
[WARNING] 
[INFO] ------------------------------------------------------------------------
[INFO] Reactor Build Order:
[INFO] 
[INFO] Retrofit (Parent)
[INFO] Retrofit
[INFO] Adapters
[INFO] Adapter: Guava
[INFO] Adapter: Java 8
[INFO] Adapter: RxJava
[INFO] Adapter: RxJava 2
[INFO] Adapter: Scala
[INFO] Converters
[INFO] Converter: Gson
[INFO] Converter: Guava
[INFO] Converter: Protocol Buffers
[INFO] Converter: Jackson
[INFO] Converter: Java 8
[INFO] Converter: Wire Protocol Buffers
[INFO] Converter: SimpleXML
[INFO] Converter: Java Scalars
[INFO] Converter: Moshi
[INFO] Retrofit Mock Adapter
[INFO] Samples
[INFO] 
[INFO] ------------------------------------------------------------------------
[INFO] Building Retrofit (Parent) 2.4.0-SNAPSHOT
[INFO] ------------------------------------------------------------------------
[INFO] 
[INFO] --- maven-enforcer-plugin:1.0:enforce (enforce-maven) @ parent ---
[INFO] 
[INFO] --- animal-sniffer-maven-plugin:1.14:check (default) @ parent ---
[INFO] Checking unresolved references to org.codehaus.mojo.signature:java16:1.1
[INFO] 
[INFO] --- maven-javadoc-plugin:2.10.3:jar (attach-javadocs) @ parent ---
[INFO] Skipping javadoc generation
[INFO] 
[INFO] --- maven-checkstyle-plugin:2.17:checkstyle (default) @ parent ---
[INFO] 
[INFO] --- maven-install-plugin:2.4:install (default-install) @ parent ---
[INFO] Installing /home/travis/build/square/retrofit/pom.xml to /home/travis/.m2/repository/com/squareup/retrofit2/parent/2.4.0-SNAPSHOT/parent-2.4.0-SNAPSHOT.pom
[INFO] 
[INFO] ------------------------------------------------------------------------
[INFO] Building Retrofit 2.4.0-SNAPSHOT
[INFO] ------------------------------------------------------------------------
[INFO] 
[INFO] --- maven-enforcer-plugin:1.0:enforce (enforce-maven) @ retrofit ---
[INFO] 
[INFO] --- maven-resources-plugin:2.6:resources (default-resources) @ retrofit ---
[INFO] Using 'UTF-8' encoding to copy filtered resources.
[INFO] skip non existing resourceDirectory /home/travis/build/square/retrofit/retrofit/src/main/resources
[INFO] 
[INFO] --- maven-compiler-plugin:3.6.1:compile (default-compile) @ retrofit ---
[INFO] Changes detected - recompiling the module!
[INFO] Compiling 42 source files to /home/travis/build/square/retrofit/retrofit/target/classes
Note: Some input files use unchecked or unsafe operations.
Note: Recompile with -Xlint:unchecked for details.
[INFO] 
[INFO] --- maven-resources-plugin:2.6:testResources (default-testResources) @ retrofit ---
[INFO] Using 'UTF-8' encoding to copy filtered resources.
[INFO] skip non existing resourceDirectory /home/travis/build/square/retrofit/retrofit/src/test/resources
[INFO] 
[INFO] --- maven-compiler-plugin:3.6.1:testCompile (default-testCompile) @ retrofit ---
[INFO] Changes detected - recompiling the module!
[INFO] Compiling 16 source files to /home/travis/build/square/retrofit/retrofit/target/test-classes
Note: Some input files use unchecked or unsafe operations.
Note: Recompile with -Xlint:unchecked for details.
[INFO] 
[INFO] --- maven-surefire-plugin:2.12.4:test (default-test) @ retrofit ---
[INFO] Tests are skipped.
[INFO] 
[INFO] --- animal-sniffer-maven-plugin:1.14:check (default) @ retrofit ---
[INFO] Checking unresolved references to org.codehaus.mojo.signature:java16:1.1
[INFO] 
[INFO] --- maven-jar-plugin:2.4:jar (default-jar) @ retrofit ---
[INFO] Building jar: /home/travis/build/square/retrofit/retrofit/target/retrofit-2.4.0-SNAPSHOT.jar
[INFO] 
[INFO] --- maven-javadoc-plugin:2.10.3:jar (attach-javadocs) @ retrofit ---
[INFO] Skipping javadoc generation
[INFO] 
[INFO] --- maven-checkstyle-plugin:2.17:checkstyle (default) @ retrofit ---
[INFO] Starting audit...
Audit done.
[WARNING] Unable to locate Source XRef to link to - DISABLED
[INFO] 
[INFO] --- maven-install-plugin:2.4:install (default-install) @ retrofit ---
[INFO] Installing /home/travis/build/square/retrofit/retrofit/target/retrofit-2.4.0-SNAPSHOT.jar to /home/travis/.m2/repository/com/squareup/retrofit2/retrofit/2.4.0-SNAPSHOT/retrofit-2.4.0-SNAPSHOT.jar
[INFO] Installing /home/travis/build/square/retrofit/retrofit/pom.xml to /home/travis/.m2/repository/com/squareup/retrofit2/retrofit/2.4.0-SNAPSHOT/retrofit-2.4.0-SNAPSHOT.pom
[INFO] 
[INFO] ------------------------------------------------------------------------
[INFO] Building Adapters 2.4.0-SNAPSHOT
[INFO] ------------------------------------------------------------------------
[INFO] 
[INFO] --- maven-enforcer-plugin:1.0:enforce (enforce-maven) @ retrofit-adapters ---
[INFO] 
[INFO] --- animal-sniffer-maven-plugin:1.14:check (default) @ retrofit-adapters ---
[INFO] Checking unresolved references to org.codehaus.mojo.signature:java16:1.1
[INFO] 
[INFO] --- maven-javadoc-plugin:2.10.3:jar (attach-javadocs) @ retrofit-adapters ---
[INFO] Skipping javadoc generation
[INFO] 
[INFO] --- maven-checkstyle-plugin:2.17:checkstyle (default) @ retrofit-adapters ---
[INFO] 
[INFO] --- maven-install-plugin:2.4:install (default-install) @ retrofit-adapters ---
[INFO] Installing /home/travis/build/square/retrofit/retrofit-adapters/pom.xml to /home/travis/.m2/repository/com/squareup/retrofit2/retrofit-adapters/2.4.0-SNAPSHOT/retrofit-adapters-2.4.0-SNAPSHOT.pom
[INFO] 
[INFO] ------------------------------------------------------------------------
[INFO] Building Adapter: Guava 2.4.0-SNAPSHOT
[INFO] ------------------------------------------------------------------------
[INFO] 
[INFO] --- maven-enforcer-plugin:1.0:enforce (enforce-maven) @ adapter-guava ---
[INFO] 
[INFO] --- maven-resources-plugin:2.6:resources (default-resources) @ adapter-guava ---
[INFO] Using 'UTF-8' encoding to copy filtered resources.
[INFO] skip non existing resourceDirectory /home/travis/build/square/retrofit/retrofit-adapters/guava/src/main/resources
[INFO] 
[INFO] --- maven-compiler-plugin:3.6.1:compile (default-compile) @ adapter-guava ---
[INFO] Changes detected - recompiling the module!
[INFO] Compiling 3 source files to /home/travis/build/square/retrofit/retrofit-adapters/guava/target/classes
Note: /home/travis/build/square/retrofit/retrofit-adapters/guava/src/main/java/retrofit2/adapter/guava/GuavaCallAdapterFactory.java uses or overrides a deprecated API.
Note: Recompile with -Xlint:deprecation for details.
[INFO] 
[INFO] --- maven-resources-plugin:2.6:testResources (default-testResources) @ adapter-guava ---
[INFO] Using 'UTF-8' encoding to copy filtered resources.
[INFO] skip non existing resourceDirectory /home/travis/build/square/retrofit/retrofit-adapters/guava/src/test/resources
[INFO] 
[INFO] --- maven-compiler-plugin:3.6.1:testCompile (default-testCompile) @ adapter-guava ---
[INFO] Changes detected - recompiling the module!
[INFO] Compiling 3 source files to /home/travis/build/square/retrofit/retrofit-adapters/guava/target/test-classes
Note: /home/travis/build/square/retrofit/retrofit-adapters/guava/src/test/java/retrofit2/adapter/guava/ListenableFutureTest.java uses or overrides a deprecated API.
Note: Recompile with -Xlint:deprecation for details.
[INFO] 
[INFO] --- maven-surefire-plugin:2.12.4:test (default-test) @ adapter-guava ---
[INFO] Tests are skipped.
[INFO] 
[INFO] --- animal-sniffer-maven-plugin:1.14:check (default) @ adapter-guava ---
[INFO] Checking unresolved references to org.codehaus.mojo.signature:java16:1.1
[INFO] 
[INFO] --- maven-jar-plugin:2.4:jar (default-jar) @ adapter-guava ---
[INFO] Building jar: /home/travis/build/square/retrofit/retrofit-adapters/guava/target/adapter-guava-2.4.0-SNAPSHOT.jar
[INFO] 
[INFO] --- maven-javadoc-plugin:2.10.3:jar (attach-javadocs) @ adapter-guava ---
[INFO] Skipping javadoc generation
[INFO] 
[INFO] --- maven-checkstyle-plugin:2.17:checkstyle (default) @ adapter-guava ---
[INFO] Starting audit...
Audit done.
[WARNING] Unable to locate Source XRef to link to - DISABLED
[INFO] 
[INFO] --- maven-install-plugin:2.4:install (default-install) @ adapter-guava ---
[INFO] Installing /home/travis/build/square/retrofit/retrofit-adapters/guava/target/adapter-guava-2.4.0-SNAPSHOT.jar to /home/travis/.m2/repository/com/squareup/retrofit2/adapter-guava/2.4.0-SNAPSHOT/adapter-guava-2.4.0-SNAPSHOT.jar
[INFO] Installing /home/travis/build/square/retrofit/retrofit-adapters/guava/pom.xml to /home/travis/.m2/repository/com/squareup/retrofit2/adapter-guava/2.4.0-SNAPSHOT/adapter-guava-2.4.0-SNAPSHOT.pom
[INFO] 
[INFO] ------------------------------------------------------------------------
[INFO] Building Adapter: Java 8 2.4.0-SNAPSHOT
[INFO] ------------------------------------------------------------------------
[INFO] 
[INFO] --- maven-enforcer-plugin:1.0:enforce (enforce-maven) @ adapter-java8 ---
[INFO] 
[INFO] --- maven-resources-plugin:2.6:resources (default-resources) @ adapter-java8 ---
[INFO] Using 'UTF-8' encoding to copy filtered resources.
[INFO] skip non existing resourceDirectory /home/travis/build/square/retrofit/retrofit-adapters/java8/src/main/resources
[INFO] 
[INFO] --- maven-compiler-plugin:3.6.1:compile (default-compile) @ adapter-java8 ---
[INFO] Changes detected - recompiling the module!
[INFO] Compiling 3 source files to /home/travis/build/square/retrofit/retrofit-adapters/java8/target/classes
Note: /home/travis/build/square/retrofit/retrofit-adapters/java8/src/main/java/retrofit2/adapter/java8/Java8CallAdapterFactory.java uses or overrides a deprecated API.
Note: Recompile with -Xlint:deprecation for details.
[INFO] 
[INFO] --- maven-resources-plugin:2.6:testResources (default-testResources) @ adapter-java8 ---
[INFO] Using 'UTF-8' encoding to copy filtered resources.
[INFO] skip non existing resourceDirectory /home/travis/build/square/retrofit/retrofit-adapters/java8/src/test/resources
[INFO] 
[INFO] --- maven-compiler-plugin:3.6.1:testCompile (default-testCompile) @ adapter-java8 ---
[INFO] Changes detected - recompiling the module!
[INFO] Compiling 3 source files to /home/travis/build/square/retrofit/retrofit-adapters/java8/target/test-classes
Note: /home/travis/build/square/retrofit/retrofit-adapters/java8/src/test/java/retrofit2/adapter/java8/CompletableFutureTest.java uses or overrides a deprecated API.
Note: Recompile with -Xlint:deprecation for details.
[INFO] 
[INFO] --- maven-surefire-plugin:2.12.4:test (default-test) @ adapter-java8 ---
[INFO] Tests are skipped.
[INFO] 
[INFO] --- animal-sniffer-maven-plugin:1.14:check (default) @ adapter-java8 ---
[INFO] Checking unresolved references to org.kaazing.mojo.signature:java18:1.0
[INFO] 
[INFO] --- maven-jar-plugin:2.4:jar (default-jar) @ adapter-java8 ---
[INFO] Building jar: /home/travis/build/square/retrofit/retrofit-adapters/java8/target/adapter-java8-2.4.0-SNAPSHOT.jar
[INFO] 
[INFO] --- maven-javadoc-plugin:2.10.3:jar (attach-javadocs) @ adapter-java8 ---
[INFO] Skipping javadoc generation
[INFO] 
[INFO] --- maven-checkstyle-plugin:2.17:checkstyle (default) @ adapter-java8 ---
[INFO] Starting audit...
Audit done.
[WARNING] Unable to locate Source XRef to link to - DISABLED
[INFO] 
[INFO] --- maven-install-plugin:2.4:install (default-install) @ adapter-java8 ---
[INFO] Installing /home/travis/build/square/retrofit/retrofit-adapters/java8/target/adapter-java8-2.4.0-SNAPSHOT.jar to /home/travis/.m2/repository/com/squareup/retrofit2/adapter-java8/2.4.0-SNAPSHOT/adapter-java8-2.4.0-SNAPSHOT.jar
[INFO] Installing /home/travis/build/square/retrofit/retrofit-adapters/java8/pom.xml to /home/travis/.m2/repository/com/squareup/retrofit2/adapter-java8/2.4.0-SNAPSHOT/adapter-java8-2.4.0-SNAPSHOT.pom
[INFO] 
[INFO] ------------------------------------------------------------------------
[INFO] Building Adapter: RxJava 2.4.0-SNAPSHOT
[INFO] ------------------------------------------------------------------------
[INFO] 
[INFO] --- maven-enforcer-plugin:1.0:enforce (enforce-maven) @ adapter-rxjava ---
[INFO] 
[INFO] --- maven-resources-plugin:2.6:resources (default-resources) @ adapter-rxjava ---
[INFO] Using 'UTF-8' encoding to copy filtered resources.
[INFO] skip non existing resourceDirectory /home/travis/build/square/retrofit/retrofit-adapters/rxjava/src/main/resources
[INFO] 
[INFO] --- maven-compiler-plugin:3.6.1:compile (default-compile) @ adapter-rxjava ---
[INFO] Changes detected - recompiling the module!
[INFO] Compiling 10 source files to /home/travis/build/square/retrofit/retrofit-adapters/rxjava/target/classes
Note: Some input files use or override a deprecated API.
Note: Recompile with -Xlint:deprecation for details.
[INFO] 
[INFO] --- maven-resources-plugin:2.6:testResources (default-testResources) @ adapter-rxjava ---
[INFO] Using 'UTF-8' encoding to copy filtered resources.
[INFO] skip non existing resourceDirectory /home/travis/build/square/retrofit/retrofit-adapters/rxjava/src/test/resources
[INFO] 
[INFO] --- maven-compiler-plugin:3.6.1:testCompile (default-testCompile) @ adapter-rxjava ---
[INFO] Changes detected - recompiling the module!
[INFO] Compiling 18 source files to /home/travis/build/square/retrofit/retrofit-adapters/rxjava/target/test-classes
Note: Some input files use or override a deprecated API.
Note: Recompile with -Xlint:deprecation for details.
[INFO] 
[INFO] --- maven-surefire-plugin:2.12.4:test (default-test) @ adapter-rxjava ---
[INFO] Tests are skipped.
[INFO] 
[INFO] --- animal-sniffer-maven-plugin:1.14:check (default) @ adapter-rxjava ---
[INFO] Checking unresolved references to org.codehaus.mojo.signature:java16:1.1
[INFO] 
[INFO] --- maven-jar-plugin:2.4:jar (default-jar) @ adapter-rxjava ---
[INFO] Building jar: /home/travis/build/square/retrofit/retrofit-adapters/rxjava/target/adapter-rxjava-2.4.0-SNAPSHOT.jar
[INFO] 
[INFO] --- maven-javadoc-plugin:2.10.3:jar (attach-javadocs) @ adapter-rxjava ---
[INFO] Skipping javadoc generation
[INFO] 
[INFO] --- maven-checkstyle-plugin:2.17:checkstyle (default) @ adapter-rxjava ---
[INFO] Starting audit...
Audit done.
[WARNING] Unable to locate Source XRef to link to - DISABLED
[INFO] 
[INFO] --- maven-install-plugin:2.4:install (default-install) @ adapter-rxjava ---
[INFO] Installing /home/travis/build/square/retrofit/retrofit-adapters/rxjava/target/adapter-rxjava-2.4.0-SNAPSHOT.jar to /home/travis/.m2/repository/com/squareup/retrofit2/adapter-rxjava/2.4.0-SNAPSHOT/adapter-rxjava-2.4.0-SNAPSHOT.jar
[INFO] Installing /home/travis/build/square/retrofit/retrofit-adapters/rxjava/pom.xml to /home/travis/.m2/repository/com/squareup/retrofit2/adapter-rxjava/2.4.0-SNAPSHOT/adapter-rxjava-2.4.0-SNAPSHOT.pom
[INFO] 
[INFO] ------------------------------------------------------------------------
[INFO] Building Adapter: RxJava 2 2.4.0-SNAPSHOT
[INFO] ------------------------------------------------------------------------
[INFO] 
[INFO] --- maven-enforcer-plugin:1.0:enforce (enforce-maven) @ adapter-rxjava2 ---
[INFO] 
[INFO] --- maven-resources-plugin:2.6:resources (default-resources) @ adapter-rxjava2 ---
[INFO] Using 'UTF-8' encoding to copy filtered resources.
[INFO] skip non existing resourceDirectory /home/travis/build/square/retrofit/retrofit-adapters/rxjava2/src/main/resources
[INFO] 
[INFO] --- maven-compiler-plugin:3.6.1:compile (default-compile) @ adapter-rxjava2 ---
[INFO] Changes detected - recompiling the module!
[INFO] Compiling 9 source files to /home/travis/build/square/retrofit/retrofit-adapters/rxjava2/target/classes
Note: /home/travis/build/square/retrofit/retrofit-adapters/rxjava2/src/main/java/retrofit2/adapter/rxjava2/BodyObservable.java uses or overrides a deprecated API.
Note: Recompile with -Xlint:deprecation for details.
[INFO] 
[INFO] --- maven-resources-plugin:2.6:testResources (default-testResources) @ adapter-rxjava2 ---
[INFO] Using 'UTF-8' encoding to copy filtered resources.
[INFO] skip non existing resourceDirectory /home/travis/build/square/retrofit/retrofit-adapters/rxjava2/src/test/resources
[INFO] 
[INFO] --- maven-compiler-plugin:3.6.1:testCompile (default-testCompile) @ adapter-rxjava2 ---
[INFO] Changes detected - recompiling the module!
[INFO] Compiling 25 source files to /home/travis/build/square/retrofit/retrofit-adapters/rxjava2/target/test-classes
Note: Some input files use or override a deprecated API.
Note: Recompile with -Xlint:deprecation for details.
[INFO] 
[INFO] --- maven-surefire-plugin:2.12.4:test (default-test) @ adapter-rxjava2 ---
[INFO] Tests are skipped.
[INFO] 
[INFO] --- animal-sniffer-maven-plugin:1.14:check (default) @ adapter-rxjava2 ---
[INFO] Checking unresolved references to org.codehaus.mojo.signature:java16:1.1
[INFO] 
[INFO] --- maven-jar-plugin:2.4:jar (default-jar) @ adapter-rxjava2 ---
[INFO] Building jar: /home/travis/build/square/retrofit/retrofit-adapters/rxjava2/target/adapter-rxjava2-2.4.0-SNAPSHOT.jar
[INFO] 
[INFO] --- maven-javadoc-plugin:2.10.3:jar (attach-javadocs) @ adapter-rxjava2 ---
[INFO] Skipping javadoc generation
[INFO] 
[INFO] --- maven-checkstyle-plugin:2.17:checkstyle (default) @ adapter-rxjava2 ---
[INFO] Starting audit...
Audit done.
[WARNING] Unable to locate Source XRef to link to - DISABLED
[INFO] 
[INFO] --- maven-install-plugin:2.4:install (default-install) @ adapter-rxjava2 ---
[INFO] Installing /home/travis/build/square/retrofit/retrofit-adapters/rxjava2/target/adapter-rxjava2-2.4.0-SNAPSHOT.jar to /home/travis/.m2/repository/com/squareup/retrofit2/adapter-rxjava2/2.4.0-SNAPSHOT/adapter-rxjava2-2.4.0-SNAPSHOT.jar
[INFO] Installing /home/travis/build/square/retrofit/retrofit-adapters/rxjava2/pom.xml to /home/travis/.m2/repository/com/squareup/retrofit2/adapter-rxjava2/2.4.0-SNAPSHOT/adapter-rxjava2-2.4.0-SNAPSHOT.pom
[INFO] 
[INFO] ------------------------------------------------------------------------
[INFO] Building Adapter: Scala 2.4.0-SNAPSHOT
[INFO] ------------------------------------------------------------------------
[INFO] 
[INFO] --- maven-enforcer-plugin:1.0:enforce (enforce-maven) @ adapter-scala ---
[INFO] 
[INFO] --- maven-resources-plugin:2.6:resources (default-resources) @ adapter-scala ---
[INFO] Using 'UTF-8' encoding to copy filtered resources.
[INFO] skip non existing resourceDirectory /home/travis/build/square/retrofit/retrofit-adapters/scala/src/main/resources
[INFO] 
[INFO] --- maven-compiler-plugin:3.6.1:compile (default-compile) @ adapter-scala ---
[INFO] Changes detected - recompiling the module!
[INFO] Compiling 3 source files to /home/travis/build/square/retrofit/retrofit-adapters/scala/target/classes
[INFO] 
[INFO] --- maven-resources-plugin:2.6:testResources (default-testResources) @ adapter-scala ---
[INFO] Using 'UTF-8' encoding to copy filtered resources.
[INFO] skip non existing resourceDirectory /home/travis/build/square/retrofit/retrofit-adapters/scala/src/test/resources
[INFO] 
[INFO] --- maven-compiler-plugin:3.6.1:testCompile (default-testCompile) @ adapter-scala ---
[INFO] Changes detected - recompiling the module!
[INFO] Compiling 3 source files to /home/travis/build/square/retrofit/retrofit-adapters/scala/target/test-classes
[INFO] 
[INFO] --- maven-surefire-plugin:2.12.4:test (default-test) @ adapter-scala ---
[INFO] Tests are skipped.
[INFO] 
[INFO] --- animal-sniffer-maven-plugin:1.14:check (default) @ adapter-scala ---
[INFO] Checking unresolved references to org.kaazing.mojo.signature:java18:1.0
[INFO] 
[INFO] --- maven-jar-plugin:2.4:jar (default-jar) @ adapter-scala ---
[INFO] Building jar: /home/travis/build/square/retrofit/retrofit-adapters/scala/target/adapter-scala-2.4.0-SNAPSHOT.jar
[INFO] 
[INFO] --- maven-javadoc-plugin:2.10.3:jar (attach-javadocs) @ adapter-scala ---
[INFO] Skipping javadoc generation
[INFO] 
[INFO] --- maven-checkstyle-plugin:2.17:checkstyle (default) @ adapter-scala ---
[INFO] Starting audit...
Audit done.
[WARNING] Unable to locate Source XRef to link to - DISABLED
[INFO] 
[INFO] --- maven-install-plugin:2.4:install (default-install) @ adapter-scala ---
[INFO] Installing /home/travis/build/square/retrofit/retrofit-adapters/scala/target/adapter-scala-2.4.0-SNAPSHOT.jar to /home/travis/.m2/repository/com/squareup/retrofit2/adapter-scala/2.4.0-SNAPSHOT/adapter-scala-2.4.0-SNAPSHOT.jar
[INFO] Installing /home/travis/build/square/retrofit/retrofit-adapters/scala/pom.xml to /home/travis/.m2/repository/com/squareup/retrofit2/adapter-scala/2.4.0-SNAPSHOT/adapter-scala-2.4.0-SNAPSHOT.pom
[INFO] 
[INFO] ------------------------------------------------------------------------
[INFO] Building Converters 2.4.0-SNAPSHOT
[INFO] ------------------------------------------------------------------------
[INFO] 
[INFO] --- maven-enforcer-plugin:1.0:enforce (enforce-maven) @ retrofit-converters ---
[INFO] 
[INFO] --- animal-sniffer-maven-plugin:1.14:check (default) @ retrofit-converters ---
[INFO] Checking unresolved references to org.codehaus.mojo.signature:java16:1.1
[INFO] 
[INFO] --- maven-javadoc-plugin:2.10.3:jar (attach-javadocs) @ retrofit-converters ---
[INFO] Skipping javadoc generation
[INFO] 
[INFO] --- maven-checkstyle-plugin:2.17:checkstyle (default) @ retrofit-converters ---
[INFO] 
[INFO] --- maven-install-plugin:2.4:install (default-install) @ retrofit-converters ---
[INFO] Installing /home/travis/build/square/retrofit/retrofit-converters/pom.xml to /home/travis/.m2/repository/com/squareup/retrofit2/retrofit-converters/2.4.0-SNAPSHOT/retrofit-converters-2.4.0-SNAPSHOT.pom
[INFO] 
[INFO] ------------------------------------------------------------------------
[INFO] Building Converter: Gson 2.4.0-SNAPSHOT
[INFO] ------------------------------------------------------------------------
[INFO] 
[INFO] --- maven-enforcer-plugin:1.0:enforce (enforce-maven) @ converter-gson ---
[INFO] 
[INFO] --- maven-resources-plugin:2.6:resources (default-resources) @ converter-gson ---
[INFO] Using 'UTF-8' encoding to copy filtered resources.
[INFO] skip non existing resourceDirectory /home/travis/build/square/retrofit/retrofit-converters/gson/src/main/resources
[INFO] 
[INFO] --- maven-compiler-plugin:3.6.1:compile (default-compile) @ converter-gson ---
[INFO] Changes detected - recompiling the module!
[INFO] Compiling 4 source files to /home/travis/build/square/retrofit/retrofit-converters/gson/target/classes
[INFO] 
[INFO] --- maven-resources-plugin:2.6:testResources (default-testResources) @ converter-gson ---
[INFO] Using 'UTF-8' encoding to copy filtered resources.
[INFO] skip non existing resourceDirectory /home/travis/build/square/retrofit/retrofit-converters/gson/src/test/resources
[INFO] 
[INFO] --- maven-compiler-plugin:3.6.1:testCompile (default-testCompile) @ converter-gson ---
[INFO] Changes detected - recompiling the module!
[INFO] Compiling 1 source file to /home/travis/build/square/retrofit/retrofit-converters/gson/target/test-classes
[INFO] 
[INFO] --- maven-surefire-plugin:2.12.4:test (default-test) @ converter-gson ---
[INFO] Tests are skipped.
[INFO] 
[INFO] --- animal-sniffer-maven-plugin:1.14:check (default) @ converter-gson ---
[INFO] Checking unresolved references to org.codehaus.mojo.signature:java16:1.1
[INFO] 
[INFO] --- maven-jar-plugin:2.4:jar (default-jar) @ converter-gson ---
[INFO] Building jar: /home/travis/build/square/retrofit/retrofit-converters/gson/target/converter-gson-2.4.0-SNAPSHOT.jar
[INFO] 
[INFO] --- maven-javadoc-plugin:2.10.3:jar (attach-javadocs) @ converter-gson ---
[INFO] Skipping javadoc generation
[INFO] 
[INFO] --- maven-checkstyle-plugin:2.17:checkstyle (default) @ converter-gson ---
[INFO] Starting audit...
Audit done.
[WARNING] Unable to locate Source XRef to link to - DISABLED
[INFO] 
[INFO] --- maven-install-plugin:2.4:install (default-install) @ converter-gson ---
[INFO] Installing /home/travis/build/square/retrofit/retrofit-converters/gson/target/converter-gson-2.4.0-SNAPSHOT.jar to /home/travis/.m2/repository/com/squareup/retrofit2/converter-gson/2.4.0-SNAPSHOT/converter-gson-2.4.0-SNAPSHOT.jar
[INFO] Installing /home/travis/build/square/retrofit/retrofit-converters/gson/pom.xml to /home/travis/.m2/repository/com/squareup/retrofit2/converter-gson/2.4.0-SNAPSHOT/converter-gson-2.4.0-SNAPSHOT.pom
[INFO] 
[INFO] ------------------------------------------------------------------------
[INFO] Building Converter: Guava 2.4.0-SNAPSHOT
[INFO] ------------------------------------------------------------------------
[INFO] 
[INFO] --- maven-enforcer-plugin:1.0:enforce (enforce-maven) @ converter-guava ---
[INFO] 
[INFO] --- maven-resources-plugin:2.6:resources (default-resources) @ converter-guava ---
[INFO] Using 'UTF-8' encoding to copy filtered resources.
[INFO] skip non existing resourceDirectory /home/travis/build/square/retrofit/retrofit-converters/guava/src/main/resources
[INFO] 
[INFO] --- maven-compiler-plugin:3.6.1:compile (default-compile) @ converter-guava ---
[INFO] Changes detected - recompiling the module!
[INFO] Compiling 3 source files to /home/travis/build/square/retrofit/retrofit-converters/guava/target/classes
[INFO] 
[INFO] --- maven-resources-plugin:2.6:testResources (default-testResources) @ converter-guava ---
[INFO] Using 'UTF-8' encoding to copy filtered resources.
[INFO] skip non existing resourceDirectory /home/travis/build/square/retrofit/retrofit-converters/guava/src/test/resources
[INFO] 
[INFO] --- maven-compiler-plugin:3.6.1:testCompile (default-testCompile) @ converter-guava ---
[INFO] Changes detected - recompiling the module!
[INFO] Compiling 2 source files to /home/travis/build/square/retrofit/retrofit-converters/guava/target/test-classes
[INFO] 
[INFO] --- maven-surefire-plugin:2.12.4:test (default-test) @ converter-guava ---
[INFO] Tests are skipped.
[INFO] 
[INFO] --- animal-sniffer-maven-plugin:1.14:check (default) @ converter-guava ---
[INFO] Checking unresolved references to org.codehaus.mojo.signature:java16:1.1
[INFO] 
[INFO] --- maven-jar-plugin:2.4:jar (default-jar) @ converter-guava ---
[INFO] Building jar: /home/travis/build/square/retrofit/retrofit-converters/guava/target/converter-guava-2.4.0-SNAPSHOT.jar
[INFO] 
[INFO] --- maven-javadoc-plugin:2.10.3:jar (attach-javadocs) @ converter-guava ---
[INFO] Skipping javadoc generation
[INFO] 
[INFO] --- maven-checkstyle-plugin:2.17:checkstyle (default) @ converter-guava ---
[INFO] Starting audit...
Audit done.
[WARNING] Unable to locate Source XRef to link to - DISABLED
[INFO] 
[INFO] --- maven-install-plugin:2.4:install (default-install) @ converter-guava ---
[INFO] Installing /home/travis/build/square/retrofit/retrofit-converters/guava/target/converter-guava-2.4.0-SNAPSHOT.jar to /home/travis/.m2/repository/com/squareup/retrofit2/converter-guava/2.4.0-SNAPSHOT/converter-guava-2.4.0-SNAPSHOT.jar
[INFO] Installing /home/travis/build/square/retrofit/retrofit-converters/guava/pom.xml to /home/travis/.m2/repository/com/squareup/retrofit2/converter-guava/2.4.0-SNAPSHOT/converter-guava-2.4.0-SNAPSHOT.pom
[INFO] 
[INFO] ------------------------------------------------------------------------
[INFO] Building Converter: Protocol Buffers 2.4.0-SNAPSHOT
[INFO] ------------------------------------------------------------------------
[INFO] 
[INFO] --- maven-enforcer-plugin:1.0:enforce (enforce-maven) @ converter-protobuf ---
[INFO] 
[INFO] --- maven-resources-plugin:2.6:resources (default-resources) @ converter-protobuf ---
[INFO] Using 'UTF-8' encoding to copy filtered resources.
[INFO] skip non existing resourceDirectory /home/travis/build/square/retrofit/retrofit-converters/protobuf/src/main/resources
[INFO] 
[INFO] --- maven-compiler-plugin:3.6.1:compile (default-compile) @ converter-protobuf ---
[INFO] Changes detected - recompiling the module!
[INFO] Compiling 4 source files to /home/travis/build/square/retrofit/retrofit-converters/protobuf/target/classes
Note: /home/travis/build/square/retrofit/retrofit-converters/protobuf/src/main/java/retrofit2/converter/protobuf/ProtoConverterFactory.java uses unchecked or unsafe operations.
Note: Recompile with -Xlint:unchecked for details.
[INFO] 
[INFO] --- maven-resources-plugin:2.6:testResources (default-testResources) @ converter-protobuf ---
[INFO] Using 'UTF-8' encoding to copy filtered resources.
[INFO] skip non existing resourceDirectory /home/travis/build/square/retrofit/retrofit-converters/protobuf/src/test/resources
[INFO] 
[INFO] --- maven-compiler-plugin:3.6.1:testCompile (default-testCompile) @ converter-protobuf ---
[INFO] Changes detected - recompiling the module!
[INFO] Compiling 3 source files to /home/travis/build/square/retrofit/retrofit-converters/protobuf/target/test-classes
[INFO] 
[INFO] --- maven-surefire-plugin:2.12.4:test (default-test) @ converter-protobuf ---
[INFO] Tests are skipped.
[INFO] 
[INFO] --- animal-sniffer-maven-plugin:1.14:check (default) @ converter-protobuf ---
[INFO] Checking unresolved references to org.codehaus.mojo.signature:java16:1.1
[INFO] 
[INFO] --- maven-jar-plugin:2.4:jar (default-jar) @ converter-protobuf ---
[INFO] Building jar: /home/travis/build/square/retrofit/retrofit-converters/protobuf/target/converter-protobuf-2.4.0-SNAPSHOT.jar
[INFO] 
[INFO] --- maven-javadoc-plugin:2.10.3:jar (attach-javadocs) @ converter-protobuf ---
[INFO] Skipping javadoc generation
[INFO] 
[INFO] --- maven-checkstyle-plugin:2.17:checkstyle (default) @ converter-protobuf ---
[INFO] Starting audit...
Audit done.
[WARNING] Unable to locate Source XRef to link to - DISABLED
[INFO] 
[INFO] --- maven-install-plugin:2.4:install (default-install) @ converter-protobuf ---
[INFO] Installing /home/travis/build/square/retrofit/retrofit-converters/protobuf/target/converter-protobuf-2.4.0-SNAPSHOT.jar to /home/travis/.m2/repository/com/squareup/retrofit2/converter-protobuf/2.4.0-SNAPSHOT/converter-protobuf-2.4.0-SNAPSHOT.jar
[INFO] Installing /home/travis/build/square/retrofit/retrofit-converters/protobuf/pom.xml to /home/travis/.m2/repository/com/squareup/retrofit2/converter-protobuf/2.4.0-SNAPSHOT/converter-protobuf-2.4.0-SNAPSHOT.pom
[INFO] 
[INFO] ------------------------------------------------------------------------
[INFO] Building Converter: Jackson 2.4.0-SNAPSHOT
[INFO] ------------------------------------------------------------------------
[INFO] 
[INFO] --- maven-enforcer-plugin:1.0:enforce (enforce-maven) @ converter-jackson ---
[INFO] 
[INFO] --- maven-resources-plugin:2.6:resources (default-resources) @ converter-jackson ---
[INFO] Using 'UTF-8' encoding to copy filtered resources.
[INFO] skip non existing resourceDirectory /home/travis/build/square/retrofit/retrofit-converters/jackson/src/main/resources
[INFO] 
[INFO] --- maven-compiler-plugin:3.6.1:compile (default-compile) @ converter-jackson ---
[INFO] Changes detected - recompiling the module!
[INFO] Compiling 4 source files to /home/travis/build/square/retrofit/retrofit-converters/jackson/target/classes
[INFO] 
[INFO] --- maven-resources-plugin:2.6:testResources (default-testResources) @ converter-jackson ---
[INFO] Using 'UTF-8' encoding to copy filtered resources.
[INFO] skip non existing resourceDirectory /home/travis/build/square/retrofit/retrofit-converters/jackson/src/test/resources
[INFO] 
[INFO] --- maven-compiler-plugin:3.6.1:testCompile (default-testCompile) @ converter-jackson ---
[INFO] Changes detected - recompiling the module!
[INFO] Compiling 1 source file to /home/travis/build/square/retrofit/retrofit-converters/jackson/target/test-classes
Note: /home/travis/build/square/retrofit/retrofit-converters/jackson/src/test/java/retrofit2/converter/jackson/JacksonConverterFactoryTest.java uses or overrides a deprecated API.
Note: Recompile with -Xlint:deprecation for details.
[INFO] 
[INFO] --- maven-surefire-plugin:2.12.4:test (default-test) @ converter-jackson ---
[INFO] Tests are skipped.
[INFO] 
[INFO] --- animal-sniffer-maven-plugin:1.14:check (default) @ converter-jackson ---
[INFO] Checking unresolved references to org.codehaus.mojo.signature:java16:1.1
[INFO] 
[INFO] --- maven-jar-plugin:2.4:jar (default-jar) @ converter-jackson ---
[INFO] Building jar: /home/travis/build/square/retrofit/retrofit-converters/jackson/target/converter-jackson-2.4.0-SNAPSHOT.jar
[INFO] 
[INFO] --- maven-javadoc-plugin:2.10.3:jar (attach-javadocs) @ converter-jackson ---
[INFO] Skipping javadoc generation
[INFO] 
[INFO] --- maven-checkstyle-plugin:2.17:checkstyle (default) @ converter-jackson ---
[INFO] Starting audit...
Audit done.
[WARNING] Unable to locate Source XRef to link to - DISABLED
[INFO] 
[INFO] --- maven-install-plugin:2.4:install (default-install) @ converter-jackson ---
[INFO] Installing /home/travis/build/square/retrofit/retrofit-converters/jackson/target/converter-jackson-2.4.0-SNAPSHOT.jar to /home/travis/.m2/repository/com/squareup/retrofit2/converter-jackson/2.4.0-SNAPSHOT/converter-jackson-2.4.0-SNAPSHOT.jar
[INFO] Installing /home/travis/build/square/retrofit/retrofit-converters/jackson/pom.xml to /home/travis/.m2/repository/com/squareup/retrofit2/converter-jackson/2.4.0-SNAPSHOT/converter-jackson-2.4.0-SNAPSHOT.pom
[INFO] 
[INFO] ------------------------------------------------------------------------
[INFO] Building Converter: Java 8 2.4.0-SNAPSHOT
[INFO] ------------------------------------------------------------------------
[INFO] 
[INFO] --- maven-enforcer-plugin:1.0:enforce (enforce-maven) @ converter-java8 ---
[INFO] 
[INFO] --- maven-resources-plugin:2.6:resources (default-resources) @ converter-java8 ---
[INFO] Using 'UTF-8' encoding to copy filtered resources.
[INFO] skip non existing resourceDirectory /home/travis/build/square/retrofit/retrofit-converters/java8/src/main/resources
[INFO] 
[INFO] --- maven-compiler-plugin:3.6.1:compile (default-compile) @ converter-java8 ---
[INFO] Changes detected - recompiling the module!
[INFO] Compiling 3 source files to /home/travis/build/square/retrofit/retrofit-converters/java8/target/classes
[INFO] 
[INFO] --- maven-resources-plugin:2.6:testResources (default-testResources) @ converter-java8 ---
[INFO] Using 'UTF-8' encoding to copy filtered resources.
[INFO] skip non existing resourceDirectory /home/travis/build/square/retrofit/retrofit-converters/java8/src/test/resources
[INFO] 
[INFO] --- maven-compiler-plugin:3.6.1:testCompile (default-testCompile) @ converter-java8 ---
[INFO] Changes detected - recompiling the module!
[INFO] Compiling 2 source files to /home/travis/build/square/retrofit/retrofit-converters/java8/target/test-classes
[INFO] 
[INFO] --- maven-surefire-plugin:2.12.4:test (default-test) @ converter-java8 ---
[INFO] Tests are skipped.
[INFO] 
[INFO] --- animal-sniffer-maven-plugin:1.14:check (default) @ converter-java8 ---
[INFO] Checking unresolved references to org.kaazing.mojo.signature:java18:1.0
[INFO] 
[INFO] --- maven-jar-plugin:2.4:jar (default-jar) @ converter-java8 ---
[INFO] Building jar: /home/travis/build/square/retrofit/retrofit-converters/java8/target/converter-java8-2.4.0-SNAPSHOT.jar
[INFO] 
[INFO] --- maven-javadoc-plugin:2.10.3:jar (attach-javadocs) @ converter-java8 ---
[INFO] Skipping javadoc generation
[INFO] 
[INFO] --- maven-checkstyle-plugin:2.17:checkstyle (default) @ converter-java8 ---
[INFO] Starting audit...
Audit done.
[WARNING] Unable to locate Source XRef to link to - DISABLED
[INFO] 
[INFO] --- maven-install-plugin:2.4:install (default-install) @ converter-java8 ---
[INFO] Installing /home/travis/build/square/retrofit/retrofit-converters/java8/target/converter-java8-2.4.0-SNAPSHOT.jar to /home/travis/.m2/repository/com/squareup/retrofit2/converter-java8/2.4.0-SNAPSHOT/converter-java8-2.4.0-SNAPSHOT.jar
[INFO] Installing /home/travis/build/square/retrofit/retrofit-converters/java8/pom.xml to /home/travis/.m2/repository/com/squareup/retrofit2/converter-java8/2.4.0-SNAPSHOT/converter-java8-2.4.0-SNAPSHOT.pom
[INFO] 
[INFO] ------------------------------------------------------------------------
[INFO] Building Converter: Wire Protocol Buffers 2.4.0-SNAPSHOT
[INFO] ------------------------------------------------------------------------
[INFO] 
[INFO] --- maven-enforcer-plugin:1.0:enforce (enforce-maven) @ converter-wire ---
[INFO] 
[INFO] --- maven-resources-plugin:2.6:resources (default-resources) @ converter-wire ---
[INFO] Using 'UTF-8' encoding to copy filtered resources.
[INFO] skip non existing resourceDirectory /home/travis/build/square/retrofit/retrofit-converters/wire/src/main/resources
[INFO] 
[INFO] --- maven-compiler-plugin:3.6.1:compile (default-compile) @ converter-wire ---
[INFO] Changes detected - recompiling the module!
[INFO] Compiling 4 source files to /home/travis/build/square/retrofit/retrofit-converters/wire/target/classes
Note: /home/travis/build/square/retrofit/retrofit-converters/wire/src/main/java/retrofit2/converter/wire/WireConverterFactory.java uses unchecked or unsafe operations.
Note: Recompile with -Xlint:unchecked for details.
[INFO] 
[INFO] --- maven-resources-plugin:2.6:testResources (default-testResources) @ converter-wire ---
[INFO] Using 'UTF-8' encoding to copy filtered resources.
[INFO] skip non existing resourceDirectory /home/travis/build/square/retrofit/retrofit-converters/wire/src/test/resources
[INFO] 
[INFO] --- maven-compiler-plugin:3.6.1:testCompile (default-testCompile) @ converter-wire ---
[INFO] Changes detected - recompiling the module!
[INFO] Compiling 2 source files to /home/travis/build/square/retrofit/retrofit-converters/wire/target/test-classes
[INFO] 
[INFO] --- maven-surefire-plugin:2.12.4:test (default-test) @ converter-wire ---
[INFO] Tests are skipped.
[INFO] 
[INFO] --- animal-sniffer-maven-plugin:1.14:check (default) @ converter-wire ---
[INFO] Checking unresolved references to org.codehaus.mojo.signature:java16:1.1
[INFO] 
[INFO] --- maven-jar-plugin:2.4:jar (default-jar) @ converter-wire ---
[INFO] Building jar: /home/travis/build/square/retrofit/retrofit-converters/wire/target/converter-wire-2.4.0-SNAPSHOT.jar
[INFO] 
[INFO] --- maven-javadoc-plugin:2.10.3:jar (attach-javadocs) @ converter-wire ---
[INFO] Skipping javadoc generation
[INFO] 
[INFO] --- maven-checkstyle-plugin:2.17:checkstyle (default) @ converter-wire ---
[INFO] Starting audit...
Audit done.
[WARNING] Unable to locate Source XRef to link to - DISABLED
[INFO] 
[INFO] --- maven-install-plugin:2.4:install (default-install) @ converter-wire ---
[INFO] Installing /home/travis/build/square/retrofit/retrofit-converters/wire/target/converter-wire-2.4.0-SNAPSHOT.jar to /home/travis/.m2/repository/com/squareup/retrofit2/converter-wire/2.4.0-SNAPSHOT/converter-wire-2.4.0-SNAPSHOT.jar
[INFO] Installing /home/travis/build/square/retrofit/retrofit-converters/wire/pom.xml to /home/travis/.m2/repository/com/squareup/retrofit2/converter-wire/2.4.0-SNAPSHOT/converter-wire-2.4.0-SNAPSHOT.pom
[INFO] 
[INFO] ------------------------------------------------------------------------
[INFO] Building Converter: SimpleXML 2.4.0-SNAPSHOT
[INFO] ------------------------------------------------------------------------
[INFO] 
[INFO] --- maven-enforcer-plugin:1.0:enforce (enforce-maven) @ converter-simplexml ---
[INFO] 
[INFO] --- maven-resources-plugin:2.6:resources (default-resources) @ converter-simplexml ---
[INFO] Using 'UTF-8' encoding to copy filtered resources.
[INFO] skip non existing resourceDirectory /home/travis/build/square/retrofit/retrofit-converters/simplexml/src/main/resources
[INFO] 
[INFO] --- maven-compiler-plugin:3.6.1:compile (default-compile) @ converter-simplexml ---
[INFO] Changes detected - recompiling the module!
[INFO] Compiling 4 source files to /home/travis/build/square/retrofit/retrofit-converters/simplexml/target/classes
[INFO] 
[INFO] --- maven-resources-plugin:2.6:testResources (default-testResources) @ converter-simplexml ---
[INFO] Using 'UTF-8' encoding to copy filtered resources.
[INFO] skip non existing resourceDirectory /home/travis/build/square/retrofit/retrofit-converters/simplexml/src/test/resources
[INFO] 
[INFO] --- maven-compiler-plugin:3.6.1:testCompile (default-testCompile) @ converter-simplexml ---
[INFO] Changes detected - recompiling the module!
[INFO] Compiling 2 source files to /home/travis/build/square/retrofit/retrofit-converters/simplexml/target/test-classes
[INFO] 
[INFO] --- maven-surefire-plugin:2.12.4:test (default-test) @ converter-simplexml ---
[INFO] Tests are skipped.
[INFO] 
[INFO] --- animal-sniffer-maven-plugin:1.14:check (default) @ converter-simplexml ---
[INFO] Checking unresolved references to org.codehaus.mojo.signature:java16:1.1
[INFO] 
[INFO] --- maven-jar-plugin:2.4:jar (default-jar) @ converter-simplexml ---
[INFO] Building jar: /home/travis/build/square/retrofit/retrofit-converters/simplexml/target/converter-simplexml-2.4.0-SNAPSHOT.jar
[INFO] 
[INFO] --- maven-javadoc-plugin:2.10.3:jar (attach-javadocs) @ converter-simplexml ---
[INFO] Skipping javadoc generation
[INFO] 
[INFO] --- maven-checkstyle-plugin:2.17:checkstyle (default) @ converter-simplexml ---
[INFO] Starting audit...
Audit done.
[WARNING] Unable to locate Source XRef to link to - DISABLED
[INFO] 
[INFO] --- maven-install-plugin:2.4:install (default-install) @ converter-simplexml ---
[INFO] Installing /home/travis/build/square/retrofit/retrofit-converters/simplexml/target/converter-simplexml-2.4.0-SNAPSHOT.jar to /home/travis/.m2/repository/com/squareup/retrofit2/converter-simplexml/2.4.0-SNAPSHOT/converter-simplexml-2.4.0-SNAPSHOT.jar
[INFO] Installing /home/travis/build/square/retrofit/retrofit-converters/simplexml/pom.xml to /home/travis/.m2/repository/com/squareup/retrofit2/converter-simplexml/2.4.0-SNAPSHOT/converter-simplexml-2.4.0-SNAPSHOT.pom
[INFO] 
[INFO] ------------------------------------------------------------------------
[INFO] Building Converter: Java Scalars 2.4.0-SNAPSHOT
[INFO] ------------------------------------------------------------------------
[INFO] 
[INFO] --- maven-enforcer-plugin:1.0:enforce (enforce-maven) @ converter-scalars ---
[INFO] 
[INFO] --- maven-resources-plugin:2.6:resources (default-resources) @ converter-scalars ---
[INFO] Using 'UTF-8' encoding to copy filtered resources.
[INFO] skip non existing resourceDirectory /home/travis/build/square/retrofit/retrofit-converters/scalars/src/main/resources
[INFO] 
[INFO] --- maven-compiler-plugin:3.6.1:compile (default-compile) @ converter-scalars ---
[INFO] Changes detected - recompiling the module!
[INFO] Compiling 4 source files to /home/travis/build/square/retrofit/retrofit-converters/scalars/target/classes
[INFO] 
[INFO] --- maven-resources-plugin:2.6:testResources (default-testResources) @ converter-scalars ---
[INFO] Using 'UTF-8' encoding to copy filtered resources.
[INFO] skip non existing resourceDirectory /home/travis/build/square/retrofit/retrofit-converters/scalars/src/test/resources
[INFO] 
[INFO] --- maven-compiler-plugin:3.6.1:testCompile (default-testCompile) @ converter-scalars ---
[INFO] Changes detected - recompiling the module!
[INFO] Compiling 2 source files to /home/travis/build/square/retrofit/retrofit-converters/scalars/target/test-classes
[INFO] 
[INFO] --- maven-surefire-plugin:2.12.4:test (default-test) @ converter-scalars ---
[INFO] Tests are skipped.
[INFO] 
[INFO] --- animal-sniffer-maven-plugin:1.14:check (default) @ converter-scalars ---
[INFO] Checking unresolved references to org.codehaus.mojo.signature:java16:1.1
[INFO] 
[INFO] --- maven-jar-plugin:2.4:jar (default-jar) @ converter-scalars ---
[INFO] Building jar: /home/travis/build/square/retrofit/retrofit-converters/scalars/target/converter-scalars-2.4.0-SNAPSHOT.jar
[INFO] 
[INFO] --- maven-javadoc-plugin:2.10.3:jar (attach-javadocs) @ converter-scalars ---
[INFO] Skipping javadoc generation
[INFO] 
[INFO] --- maven-checkstyle-plugin:2.17:checkstyle (default) @ converter-scalars ---
[INFO] Starting audit...
Audit done.
[WARNING] Unable to locate Source XRef to link to - DISABLED
[INFO] 
[INFO] --- maven-install-plugin:2.4:install (default-install) @ converter-scalars ---
[INFO] Installing /home/travis/build/square/retrofit/retrofit-converters/scalars/target/converter-scalars-2.4.0-SNAPSHOT.jar to /home/travis/.m2/repository/com/squareup/retrofit2/converter-scalars/2.4.0-SNAPSHOT/converter-scalars-2.4.0-SNAPSHOT.jar
[INFO] Installing /home/travis/build/square/retrofit/retrofit-converters/scalars/pom.xml to /home/travis/.m2/repository/com/squareup/retrofit2/converter-scalars/2.4.0-SNAPSHOT/converter-scalars-2.4.0-SNAPSHOT.pom
[INFO] 
[INFO] ------------------------------------------------------------------------
[INFO] Building Converter: Moshi 2.4.0-SNAPSHOT
[INFO] ------------------------------------------------------------------------
[INFO] 
[INFO] --- maven-enforcer-plugin:1.0:enforce (enforce-maven) @ converter-moshi ---
[INFO] 
[INFO] --- maven-resources-plugin:2.6:resources (default-resources) @ converter-moshi ---
[INFO] Using 'UTF-8' encoding to copy filtered resources.
[INFO] skip non existing resourceDirectory /home/travis/build/square/retrofit/retrofit-converters/moshi/src/main/resources
[INFO] 
[INFO] --- maven-compiler-plugin:3.6.1:compile (default-compile) @ converter-moshi ---
[INFO] Changes detected - recompiling the module!
[INFO] Compiling 4 source files to /home/travis/build/square/retrofit/retrofit-converters/moshi/target/classes
[INFO] 
[INFO] --- maven-resources-plugin:2.6:testResources (default-testResources) @ converter-moshi ---
[INFO] Using 'UTF-8' encoding to copy filtered resources.
[INFO] skip non existing resourceDirectory /home/travis/build/square/retrofit/retrofit-converters/moshi/src/test/resources
[INFO] 
[INFO] --- maven-compiler-plugin:3.6.1:testCompile (default-testCompile) @ converter-moshi ---
[INFO] Changes detected - recompiling the module!
[INFO] Compiling 1 source file to /home/travis/build/square/retrofit/retrofit-converters/moshi/target/test-classes
[INFO] 
[INFO] --- maven-surefire-plugin:2.12.4:test (default-test) @ converter-moshi ---
[INFO] Tests are skipped.
[INFO] 
[INFO] --- animal-sniffer-maven-plugin:1.14:check (default) @ converter-moshi ---
[INFO] Checking unresolved references to org.codehaus.mojo.signature:java16:1.1
[INFO] 
[INFO] --- maven-jar-plugin:2.4:jar (default-jar) @ converter-moshi ---
[INFO] Building jar: /home/travis/build/square/retrofit/retrofit-converters/moshi/target/converter-moshi-2.4.0-SNAPSHOT.jar
[INFO] 
[INFO] --- maven-javadoc-plugin:2.10.3:jar (attach-javadocs) @ converter-moshi ---
[INFO] Skipping javadoc generation
[INFO] 
[INFO] --- maven-checkstyle-plugin:2.17:checkstyle (default) @ converter-moshi ---
[INFO] Starting audit...
Audit done.
[WARNING] Unable to locate Source XRef to link to - DISABLED
[INFO] 
[INFO] --- maven-install-plugin:2.4:install (default-install) @ converter-moshi ---
[INFO] Installing /home/travis/build/square/retrofit/retrofit-converters/moshi/target/converter-moshi-2.4.0-SNAPSHOT.jar to /home/travis/.m2/repository/com/squareup/retrofit2/converter-moshi/2.4.0-SNAPSHOT/converter-moshi-2.4.0-SNAPSHOT.jar
[INFO] Installing /home/travis/build/square/retrofit/retrofit-converters/moshi/pom.xml to /home/travis/.m2/repository/com/squareup/retrofit2/converter-moshi/2.4.0-SNAPSHOT/converter-moshi-2.4.0-SNAPSHOT.pom
[INFO] 
[INFO] ------------------------------------------------------------------------
[INFO] Building Retrofit Mock Adapter 2.4.0-SNAPSHOT
[INFO] ------------------------------------------------------------------------
[INFO] 
[INFO] --- maven-enforcer-plugin:1.0:enforce (enforce-maven) @ retrofit-mock ---
[INFO] 
[INFO] --- maven-resources-plugin:2.6:resources (default-resources) @ retrofit-mock ---
[INFO] Using 'UTF-8' encoding to copy filtered resources.
[INFO] skip non existing resourceDirectory /home/travis/build/square/retrofit/retrofit-mock/src/main/resources
[INFO] 
[INFO] --- maven-compiler-plugin:3.6.1:compile (default-compile) @ retrofit-mock ---
[INFO] Changes detected - recompiling the module!
[INFO] Compiling 7 source files to /home/travis/build/square/retrofit/retrofit-mock/target/classes
Note: /home/travis/build/square/retrofit/retrofit-mock/src/main/java/retrofit2/mock/BehaviorCall.java uses unchecked or unsafe operations.
Note: Recompile with -Xlint:unchecked for details.
[INFO] 
[INFO] --- maven-resources-plugin:2.6:testResources (default-testResources) @ retrofit-mock ---
[INFO] Using 'UTF-8' encoding to copy filtered resources.
[INFO] skip non existing resourceDirectory /home/travis/build/square/retrofit/retrofit-mock/src/test/resources
[INFO] 
[INFO] --- maven-compiler-plugin:3.6.1:testCompile (default-testCompile) @ retrofit-mock ---
[INFO] Changes detected - recompiling the module!
[INFO] Compiling 4 source files to /home/travis/build/square/retrofit/retrofit-mock/target/test-classes
[INFO] 
[INFO] --- maven-surefire-plugin:2.12.4:test (default-test) @ retrofit-mock ---
[INFO] Tests are skipped.
[INFO] 
[INFO] --- animal-sniffer-maven-plugin:1.14:check (default) @ retrofit-mock ---
[INFO] Checking unresolved references to org.codehaus.mojo.signature:java16:1.1
[INFO] 
[INFO] --- maven-jar-plugin:2.4:jar (default-jar) @ retrofit-mock ---
[INFO] Building jar: /home/travis/build/square/retrofit/retrofit-mock/target/retrofit-mock-2.4.0-SNAPSHOT.jar
[INFO] 
[INFO] --- maven-javadoc-plugin:2.10.3:jar (attach-javadocs) @ retrofit-mock ---
[INFO] Skipping javadoc generation
[INFO] 
[INFO] --- maven-checkstyle-plugin:2.17:checkstyle (default) @ retrofit-mock ---
[INFO] Starting audit...
Audit done.
[WARNING] Unable to locate Source XRef to link to - DISABLED
[INFO] 
[INFO] --- maven-install-plugin:2.4:install (default-install) @ retrofit-mock ---
[INFO] Installing /home/travis/build/square/retrofit/retrofit-mock/target/retrofit-mock-2.4.0-SNAPSHOT.jar to /home/travis/.m2/repository/com/squareup/retrofit2/retrofit-mock/2.4.0-SNAPSHOT/retrofit-mock-2.4.0-SNAPSHOT.jar
[INFO] Installing /home/travis/build/square/retrofit/retrofit-mock/pom.xml to /home/travis/.m2/repository/com/squareup/retrofit2/retrofit-mock/2.4.0-SNAPSHOT/retrofit-mock-2.4.0-SNAPSHOT.pom
[INFO] 
[INFO] ------------------------------------------------------------------------
[INFO] Building Samples 2.4.0-SNAPSHOT
[INFO] ------------------------------------------------------------------------
[INFO] 
[INFO] --- maven-enforcer-plugin:1.0:enforce (enforce-maven) @ samples ---
[INFO] 
[INFO] --- maven-resources-plugin:2.6:resources (default-resources) @ samples ---
[INFO] Using 'UTF-8' encoding to copy filtered resources.
[INFO] skip non existing resourceDirectory /home/travis/build/square/retrofit/samples/src/main/resources
[INFO] 
[INFO] --- maven-compiler-plugin:3.6.1:compile (default-compile) @ samples ---
[INFO] Changes detected - recompiling the module!
[INFO] Compiling 11 source files to /home/travis/build/square/retrofit/samples/target/classes
Note: /home/travis/build/square/retrofit/samples/src/main/java/com/example/retrofit/RxJavaObserveOnMainThread.java uses unchecked or unsafe operations.
Note: Recompile with -Xlint:unchecked for details.
[INFO] 
[INFO] --- maven-resources-plugin:2.6:testResources (default-testResources) @ samples ---
[INFO] Using 'UTF-8' encoding to copy filtered resources.
[INFO] skip non existing resourceDirectory /home/travis/build/square/retrofit/samples/src/test/resources
[INFO] 
[INFO] --- maven-compiler-plugin:3.6.1:testCompile (default-testCompile) @ samples ---
[INFO] No sources to compile
[INFO] 
[INFO] --- maven-surefire-plugin:2.12.4:test (default-test) @ samples ---
[INFO] Tests are skipped.
[INFO] 
[INFO] --- animal-sniffer-maven-plugin:1.14:check (default) @ samples ---
[INFO] Checking unresolved references to org.codehaus.mojo.signature:java16:1.1
[INFO] 
[INFO] --- maven-jar-plugin:2.4:jar (default-jar) @ samples ---
[INFO] Building jar: /home/travis/build/square/retrofit/samples/target/samples-2.4.0-SNAPSHOT.jar
[INFO] 
[INFO] --- maven-javadoc-plugin:2.10.3:jar (attach-javadocs) @ samples ---
[INFO] Skipping javadoc generation
[INFO] 
[INFO] --- maven-checkstyle-plugin:2.17:checkstyle (default) @ samples ---
[INFO] Starting audit...
Audit done.
[WARNING] Unable to locate Source XRef to link to - DISABLED
[INFO] 
[INFO] --- maven-install-plugin:2.4:install (default-install) @ samples ---
[INFO] Installing /home/travis/build/square/retrofit/samples/target/samples-2.4.0-SNAPSHOT.jar to /home/travis/.m2/repository/com/squareup/retrofit2/samples/2.4.0-SNAPSHOT/samples-2.4.0-SNAPSHOT.jar
[INFO] Installing /home/travis/build/square/retrofit/samples/pom.xml to /home/travis/.m2/repository/com/squareup/retrofit2/samples/2.4.0-SNAPSHOT/samples-2.4.0-SNAPSHOT.pom
[INFO] ------------------------------------------------------------------------
[INFO] Reactor Summary:
[INFO] 
[INFO] Retrofit (Parent) .................................. SUCCESS [  3.656 s]
[INFO] Retrofit ........................................... SUCCESS [ 14.079 s]
[INFO] Adapters ........................................... SUCCESS [  0.337 s]
[INFO] Adapter: Guava ..................................... SUCCESS [  1.730 s]
[INFO] Adapter: Java 8 .................................... SUCCESS [  1.675 s]
[INFO] Adapter: RxJava .................................... SUCCESS [  2.382 s]
[INFO] Adapter: RxJava 2 .................................. SUCCESS [  2.785 s]
[INFO] Adapter: Scala ..................................... SUCCESS [  1.586 s]
[INFO] Converters ......................................... SUCCESS [  0.298 s]
[INFO] Converter: Gson .................................... SUCCESS [  0.931 s]
[INFO] Converter: Guava ................................... SUCCESS [  1.263 s]
[INFO] Converter: Protocol Buffers ........................ SUCCESS [  1.583 s]
[INFO] Converter: Jackson ................................. SUCCESS [  1.181 s]
[INFO] Converter: Java 8 .................................. SUCCESS [  1.024 s]
[INFO] Converter: Wire Protocol Buffers ................... SUCCESS [  1.178 s]
[INFO] Converter: SimpleXML ............................... SUCCESS [  0.994 s]
[INFO] Converter: Java Scalars ............................ SUCCESS [  1.190 s]
[INFO] Converter: Moshi ................................... SUCCESS [  1.138 s]
[INFO] Retrofit Mock Adapter .............................. SUCCESS [  1.352 s]
[INFO] Samples ............................................ SUCCESS [  2.224 s]
[INFO] ------------------------------------------------------------------------
[INFO] BUILD SUCCESS
[INFO] ------------------------------------------------------------------------
[INFO] Total time: 43.073 s
[INFO] Finished at: 2017-11-21T03:58:19Z
[INFO] Final Memory: 83M/953M
[INFO] ------------------------------------------------------------------------

travis_time:end:049f9088:start=1511236654637143335,finish=1511236700455157477,duration=45818014142[0Ktravis_fold:end:install[0Ktravis_time:start:08a4e36f[0K$ mvn test -B
Picked up _JAVA_OPTIONS: -Xmx2048m -Xms512m
[INFO] Scanning for projects...
[WARNING] 
[WARNING] Some problems were encountered while building the effective model for com.squareup.retrofit2:samples:jar:2.4.0-SNAPSHOT
[WARNING] 'build.plugins.plugin.version' for org.apache.maven.plugins:maven-deploy-plugin is missing. @ com.squareup.retrofit2:samples:[unknown-version], /home/travis/build/square/retrofit/samples/pom.xml, line 65, column 15
[WARNING] 
[WARNING] It is highly recommended to fix these problems because they threaten the stability of your build.
[WARNING] 
[WARNING] For this reason, future Maven versions might no longer support building such malformed projects.
[WARNING] 
[INFO] ------------------------------------------------------------------------
[INFO] Reactor Build Order:
[INFO] 
[INFO] Retrofit (Parent)
[INFO] Retrofit
[INFO] Adapters
[INFO] Adapter: Guava
[INFO] Adapter: Java 8
[INFO] Adapter: RxJava
[INFO] Adapter: RxJava 2
[INFO] Adapter: Scala
[INFO] Converters
[INFO] Converter: Gson
[INFO] Converter: Guava
[INFO] Converter: Protocol Buffers
[INFO] Converter: Jackson
[INFO] Converter: Java 8
[INFO] Converter: Wire Protocol Buffers
[INFO] Converter: SimpleXML
[INFO] Converter: Java Scalars
[INFO] Converter: Moshi
[INFO] Retrofit Mock Adapter
[INFO] Samples
[INFO] 
[INFO] ------------------------------------------------------------------------
[INFO] Building Retrofit (Parent) 2.4.0-SNAPSHOT
[INFO] ------------------------------------------------------------------------
[INFO] 
[INFO] --- maven-enforcer-plugin:1.0:enforce (enforce-maven) @ parent ---
[INFO] 
[INFO] --- animal-sniffer-maven-plugin:1.14:check (default) @ parent ---
[INFO] Checking unresolved references to org.codehaus.mojo.signature:java16:1.1
[INFO] 
[INFO] ------------------------------------------------------------------------
[INFO] Building Retrofit 2.4.0-SNAPSHOT
[INFO] ------------------------------------------------------------------------
[INFO] 
[INFO] --- maven-enforcer-plugin:1.0:enforce (enforce-maven) @ retrofit ---
[INFO] 
[INFO] --- maven-resources-plugin:2.6:resources (default-resources) @ retrofit ---
[INFO] Using 'UTF-8' encoding to copy filtered resources.
[INFO] skip non existing resourceDirectory /home/travis/build/square/retrofit/retrofit/src/main/resources
[INFO] 
[INFO] --- maven-compiler-plugin:3.6.1:compile (default-compile) @ retrofit ---
[INFO] Changes detected - recompiling the module!
[INFO] Compiling 42 source files to /home/travis/build/square/retrofit/retrofit/target/classes
Note: Some input files use unchecked or unsafe operations.
Note: Recompile with -Xlint:unchecked for details.
[INFO] 
[INFO] --- maven-resources-plugin:2.6:testResources (default-testResources) @ retrofit ---
[INFO] Using 'UTF-8' encoding to copy filtered resources.
[INFO] skip non existing resourceDirectory /home/travis/build/square/retrofit/retrofit/src/test/resources
[INFO] 
[INFO] --- maven-compiler-plugin:3.6.1:testCompile (default-testCompile) @ retrofit ---
[INFO] Nothing to compile - all classes are up to date
[INFO] 
[INFO] --- maven-surefire-plugin:2.12.4:test (default-test) @ retrofit ---
[INFO] Surefire report directory: /home/travis/build/square/retrofit/retrofit/target/surefire-reports

-------------------------------------------------------
 T E S T S
-------------------------------------------------------
Picked up _JAVA_OPTIONS: -Xmx2048m -Xms512m
Running retrofit2.CallTest
Nov 21, 2017 3:58:34 AM okhttp3.mockwebserver.MockWebServer$2 execute
INFO: MockWebServer[36473] starting to accept connections
Nov 21, 2017 3:58:34 AM okhttp3.mockwebserver.MockWebServer$2 acceptConnections
INFO: MockWebServer[36473] done accepting connections: Socket closed
Nov 21, 2017 3:58:34 AM okhttp3.mockwebserver.MockWebServer$2 execute
INFO: MockWebServer[52141] starting to accept connections
Nov 21, 2017 3:58:34 AM okhttp3.mockwebserver.MockWebServer$2 acceptConnections
INFO: MockWebServer[52141] done accepting connections: Socket closed
Nov 21, 2017 3:58:34 AM okhttp3.mockwebserver.MockWebServer$2 execute
INFO: MockWebServer[37849] starting to accept connections
Nov 21, 2017 3:58:34 AM okhttp3.mockwebserver.MockWebServer$3 processOneRequest
INFO: MockWebServer[37849] received request: GET / HTTP/1.1 and responded: HTTP/1.1 200 OK
Nov 21, 2017 3:58:34 AM okhttp3.mockwebserver.MockWebServer$2 acceptConnections
INFO: MockWebServer[37849] done accepting connections: Socket closed
Nov 21, 2017 3:58:34 AM okhttp3.mockwebserver.MockWebServer$2 execute
INFO: MockWebServer[45421] starting to accept connections
Nov 21, 2017 3:58:34 AM okhttp3.mockwebserver.MockWebServer$3 processOneRequest
INFO: MockWebServer[45421] received request: GET / HTTP/1.1 and responded: HTTP/1.1 404 Client Error
Nov 21, 2017 3:58:34 AM okhttp3.mockwebserver.MockWebServer$2 acceptConnections
INFO: MockWebServer[45421] done accepting connections: Socket closed
Nov 21, 2017 3:58:34 AM okhttp3.mockwebserver.MockWebServer$2 execute
INFO: MockWebServer[34391] starting to accept connections
Nov 21, 2017 3:58:34 AM okhttp3.mockwebserver.MockWebServer$3 processOneRequest
INFO: MockWebServer[34391] received request: POST /Hello HTTP/1.1 and responded: HTTP/1.1 200 OK
Nov 21, 2017 3:58:34 AM okhttp3.mockwebserver.MockWebServer$2 acceptConnections
INFO: MockWebServer[34391] done accepting connections: Socket closed
Nov 21, 2017 3:58:34 AM okhttp3.mockwebserver.MockWebServer$2 execute
INFO: MockWebServer[46561] starting to accept connections
Nov 21, 2017 3:58:34 AM okhttp3.mockwebserver.MockWebServer$2 acceptConnections
INFO: MockWebServer[46561] done accepting connections: Socket closed
Nov 21, 2017 3:58:34 AM okhttp3.mockwebserver.MockWebServer$2 execute
INFO: MockWebServer[35557] starting to accept connections
Nov 21, 2017 3:58:34 AM okhttp3.mockwebserver.MockWebServer$2 acceptConnections
INFO: MockWebServer[35557] done accepting connections: Socket closed
Nov 21, 2017 3:58:34 AM okhttp3.mockwebserver.MockWebServer$2 execute
INFO: MockWebServer[44379] starting to accept connections
Nov 21, 2017 3:58:34 AM okhttp3.mockwebserver.MockWebServer$3 processOneRequest
INFO: MockWebServer[44379] received request: GET / HTTP/1.1 and responded: HTTP/1.1 200 OK
Nov 21, 2017 3:58:34 AM okhttp3.mockwebserver.MockWebServer$2 acceptConnections
INFO: MockWebServer[44379] done accepting connections: Socket closed
Nov 21, 2017 3:58:34 AM okhttp3.mockwebserver.MockWebServer$2 execute
INFO: MockWebServer[55467] starting to accept connections
Nov 21, 2017 3:58:34 AM okhttp3.mockwebserver.MockWebServer$2 acceptConnections
INFO: MockWebServer[55467] done accepting connections: Socket closed
Nov 21, 2017 3:58:34 AM okhttp3.mockwebserver.MockWebServer$3 processOneRequest
INFO: MockWebServer[55467] received request: GET / HTTP/1.1 and responded: HTTP/1.1 200 OK
Nov 21, 2017 3:58:34 AM okhttp3.mockwebserver.MockWebServer$2 execute
INFO: MockWebServer[36335] starting to accept connections
Nov 21, 2017 3:58:34 AM okhttp3.mockwebserver.MockWebServer$2 acceptConnections
INFO: MockWebServer[36335] done accepting connections: Socket is closed
Nov 21, 2017 3:58:34 AM okhttp3.mockwebserver.MockWebServer$2 execute
INFO: MockWebServer[53687] starting to accept connections
Nov 21, 2017 3:58:34 AM okhttp3.mockwebserver.MockWebServer$3 processOneRequest
INFO: MockWebServer[53687] received request: POST /Hello HTTP/1.1 and responded: HTTP/1.1 200 OK
Nov 21, 2017 3:58:34 AM okhttp3.mockwebserver.MockWebServer$2 acceptConnections
INFO: MockWebServer[53687] done accepting connections: Socket closed
Nov 21, 2017 3:58:34 AM okhttp3.mockwebserver.MockWebServer$2 execute
INFO: MockWebServer[45195] starting to accept connections
Nov 21, 2017 3:58:34 AM okhttp3.mockwebserver.MockWebServer$3 processOneRequest
INFO: MockWebServer[45195] received request: POST /Hello HTTP/1.1 and responded: HTTP/1.1 200 OK
Nov 21, 2017 3:58:34 AM okhttp3.mockwebserver.MockWebServer$2 acceptConnections
INFO: MockWebServer[45195] done accepting connections: Socket closed
Nov 21, 2017 3:58:34 AM okhttp3.mockwebserver.MockWebServer$2 execute
INFO: MockWebServer[60027] starting to accept connections
Nov 21, 2017 3:58:34 AM okhttp3.mockwebserver.MockWebServer$2 acceptConnections
INFO: MockWebServer[60027] done accepting connections: Socket closed
Nov 21, 2017 3:58:34 AM okhttp3.mockwebserver.MockWebServer$2 execute
INFO: MockWebServer[43121] starting to accept connections
Nov 21, 2017 3:58:34 AM okhttp3.mockwebserver.MockWebServer$2 acceptConnections
INFO: MockWebServer[43121] done accepting connections: Socket is closed
Nov 21, 2017 3:58:34 AM okhttp3.mockwebserver.MockWebServer$2 execute
INFO: MockWebServer[41105] starting to accept connections
Nov 21, 2017 3:58:34 AM okhttp3.mockwebserver.MockWebServer$3 processOneRequest
INFO: MockWebServer[41105] received request: GET / HTTP/1.1 and responded: HTTP/1.1 404 Client Error
Nov 21, 2017 3:58:34 AM okhttp3.mockwebserver.MockWebServer$2 acceptConnections
INFO: MockWebServer[41105] done accepting connections: Socket closed
Nov 21, 2017 3:58:34 AM okhttp3.mockwebserver.MockWebServer$2 execute
INFO: MockWebServer[38075] starting to accept connections
Nov 21, 2017 3:58:34 AM okhttp3.mockwebserver.MockWebServer$2 acceptConnections
INFO: MockWebServer[38075] done accepting connections: Socket closed
Nov 21, 2017 3:58:34 AM okhttp3.mockwebserver.MockWebServer$3 processOneRequest
INFO: MockWebServer[38075] received request: POST / HTTP/1.1 and responded: HTTP/1.1 200 OK
Nov 21, 2017 3:58:34 AM okhttp3.mockwebserver.MockWebServer$2 execute
INFO: MockWebServer[48257] starting to accept connections
Nov 21, 2017 3:58:34 AM okhttp3.mockwebserver.MockWebServer$3 processOneRequest
INFO: MockWebServer[48257] received request: GET / HTTP/1.1 and responded: HTTP/1.1 204 Nothin
Nov 21, 2017 3:58:34 AM okhttp3.mockwebserver.MockWebServer$2 acceptConnections
INFO: MockWebServer[48257] done accepting connections: Socket closed
Nov 21, 2017 3:58:34 AM okhttp3.mockwebserver.MockWebServer$2 execute
INFO: MockWebServer[57617] starting to accept connections
Nov 21, 2017 3:58:34 AM okhttp3.mockwebserver.MockWebServer$2 acceptConnections
INFO: MockWebServer[57617] done accepting connections: Socket closed
Nov 21, 2017 3:58:34 AM okhttp3.mockwebserver.MockWebServer$2 execute
INFO: MockWebServer[52461] starting to accept connections
Nov 21, 2017 3:58:34 AM okhttp3.mockwebserver.MockWebServer$3 processOneRequest
INFO: MockWebServer[52461] received request: GET / HTTP/1.1 and responded: HTTP/1.1 200 OK
Nov 21, 2017 3:58:34 AM okhttp3.mockwebserver.MockWebServer$2 acceptConnections
INFO: MockWebServer[52461] done accepting connections: Socket closed
Nov 21, 2017 3:58:34 AM okhttp3.mockwebserver.MockWebServer$2 execute
INFO: MockWebServer[34623] starting to accept connections
Nov 21, 2017 3:58:34 AM okhttp3.mockwebserver.MockWebServer$3 processOneRequest
INFO: MockWebServer[34623] received request: POST /Hello HTTP/1.1 and responded: HTTP/1.1 200 OK
Nov 21, 2017 3:58:34 AM okhttp3.mockwebserver.MockWebServer$2 acceptConnections
INFO: MockWebServer[34623] done accepting connections: Socket closed
Nov 21, 2017 3:58:34 AM okhttp3.mockwebserver.MockWebServer$2 execute
INFO: MockWebServer[35429] starting to accept connections
Nov 21, 2017 3:58:34 AM okhttp3.mockwebserver.MockWebServer$3 processOneRequest
INFO: MockWebServer[35429] received request: GET / HTTP/1.1 and responded: HTTP/1.1 200 OK
Nov 21, 2017 3:58:34 AM okhttp3.mockwebserver.MockWebServer$2 acceptConnections
INFO: MockWebServer[35429] done accepting connections: Socket closed
Nov 21, 2017 3:58:34 AM okhttp3.mockwebserver.MockWebServer$2 execute
INFO: MockWebServer[59995] starting to accept connections
Nov 21, 2017 3:58:34 AM okhttp3.mockwebserver.MockWebServer$3 processOneRequest
INFO: MockWebServer[59995] received request: POST / HTTP/1.1 and responded: HTTP/1.1 200 OK
Nov 21, 2017 3:58:34 AM okhttp3.mockwebserver.MockWebServer$2 acceptConnections
INFO: MockWebServer[59995] done accepting connections: Socket closed
Nov 21, 2017 3:58:34 AM okhttp3.mockwebserver.MockWebServer$2 execute
INFO: MockWebServer[56645] starting to accept connections
Nov 21, 2017 3:58:34 AM okhttp3.mockwebserver.MockWebServer$2 acceptConnections
INFO: MockWebServer[56645] done accepting connections: Socket closed
Nov 21, 2017 3:58:34 AM okhttp3.mockwebserver.MockWebServer$2 execute
INFO: MockWebServer[54061] starting to accept connections
Nov 21, 2017 3:58:34 AM okhttp3.mockwebserver.MockWebServer$2 acceptConnections
INFO: MockWebServer[54061] done accepting connections: Socket closed
Nov 21, 2017 3:58:35 AM okhttp3.mockwebserver.MockWebServer$2 execute
INFO: MockWebServer[52003] starting to accept connections
Nov 21, 2017 3:58:35 AM okhttp3.mockwebserver.MockWebServer$2 acceptConnections
INFO: MockWebServer[52003] done accepting connections: Socket closed
Nov 21, 2017 3:58:35 AM okhttp3.mockwebserver.MockWebServer$2 execute
INFO: MockWebServer[59363] starting to accept connections
Nov 21, 2017 3:58:35 AM okhttp3.mockwebserver.MockWebServer$2 acceptConnections
INFO: MockWebServer[59363] done accepting connections: Socket closed
Nov 21, 2017 3:58:35 AM okhttp3.mockwebserver.MockWebServer$2 execute
INFO: MockWebServer[50311] starting to accept connections
Nov 21, 2017 3:58:35 AM okhttp3.mockwebserver.MockWebServer$2 acceptConnections
INFO: MockWebServer[50311] done accepting connections: Socket closed
Nov 21, 2017 3:58:35 AM okhttp3.mockwebserver.MockWebServer$3 processOneRequest
INFO: MockWebServer[50311] received request: GET / HTTP/1.1 and responded: HTTP/1.1 200 OK
Nov 21, 2017 3:58:35 AM okhttp3.mockwebserver.MockWebServer$2 execute
INFO: MockWebServer[34177] starting to accept connections
Nov 21, 2017 3:58:35 AM okhttp3.mockwebserver.MockWebServer$2 acceptConnections
INFO: MockWebServer[34177] done accepting connections: Socket closed
Nov 21, 2017 3:58:35 AM okhttp3.mockwebserver.MockWebServer$2 execute
INFO: MockWebServer[41325] starting to accept connections
Nov 21, 2017 3:58:35 AM okhttp3.mockwebserver.MockWebServer$3 processOneRequest
INFO: MockWebServer[41325] received request: GET / HTTP/1.1 and responded: HTTP/1.1 200 OK
Nov 21, 2017 3:58:35 AM okhttp3.mockwebserver.MockWebServer$2 acceptConnections
INFO: MockWebServer[41325] done accepting connections: Socket closed
Nov 21, 2017 3:58:35 AM okhttp3.mockwebserver.MockWebServer$2 execute
INFO: MockWebServer[50959] starting to accept connections
Nov 21, 2017 3:58:35 AM okhttp3.mockwebserver.MockWebServer$3 processOneRequest
INFO: MockWebServer[50959] received request: GET / HTTP/1.1 and responded: HTTP/1.1 205 Nothin
Nov 21, 2017 3:58:35 AM okhttp3.mockwebserver.MockWebServer$2 acceptConnections
INFO: MockWebServer[50959] done accepting connections: Socket closed
Nov 21, 2017 3:58:35 AM okhttp3.mockwebserver.MockWebServer$2 execute
INFO: MockWebServer[47595] starting to accept connections
Nov 21, 2017 3:58:35 AM okhttp3.mockwebserver.MockWebServer$3 processOneRequest
INFO: MockWebServer[47595] received request: GET / HTTP/1.1 and responded: HTTP/1.1 200 OK
Nov 21, 2017 3:58:35 AM okhttp3.mockwebserver.MockWebServer$3 processOneRequest
INFO: MockWebServer[47595] received request: GET / HTTP/1.1 and responded: HTTP/1.1 200 OK
Nov 21, 2017 3:58:35 AM okhttp3.mockwebserver.MockWebServer$2 acceptConnections
INFO: MockWebServer[47595] done accepting connections: Socket closed
Nov 21, 2017 3:58:35 AM okhttp3.mockwebserver.MockWebServer$2 execute
INFO: MockWebServer[39387] starting to accept connections
Nov 21, 2017 3:58:35 AM okhttp3.mockwebserver.MockWebServer$2 acceptConnections
INFO: MockWebServer[39387] done accepting connections: Socket is closed
Nov 21, 2017 3:58:35 AM okhttp3.mockwebserver.MockWebServer$2 execute
INFO: MockWebServer[56963] starting to accept connections
Nov 21, 2017 3:58:35 AM okhttp3.mockwebserver.MockWebServer$2 acceptConnections
INFO: MockWebServer[56963] done accepting connections: Socket closed
Nov 21, 2017 3:58:35 AM okhttp3.mockwebserver.MockWebServer$3 processOneRequest
INFO: MockWebServer[56963] received request: GET / HTTP/1.1 and responded: HTTP/1.1 200 OK
Nov 21, 2017 3:58:35 AM okhttp3.mockwebserver.MockWebServer$2 execute
INFO: MockWebServer[41191] starting to accept connections
Nov 21, 2017 3:58:35 AM okhttp3.mockwebserver.MockWebServer$2 acceptConnections
INFO: MockWebServer[41191] done accepting connections: Socket closed
Nov 21, 2017 3:58:35 AM okhttp3.mockwebserver.MockWebServer$2 execute
INFO: MockWebServer[54195] starting to accept connections
Nov 21, 2017 3:58:35 AM okhttp3.mockwebserver.MockWebServer$2 acceptConnections
INFO: MockWebServer[54195] done accepting connections: Socket is closed
Nov 21, 2017 3:58:35 AM okhttp3.mockwebserver.MockWebServer$2 execute
INFO: MockWebServer[57677] starting to accept connections
Nov 21, 2017 3:58:35 AM okhttp3.mockwebserver.MockWebServer$2 acceptConnections
INFO: MockWebServer[57677] done accepting connections: Socket is closed
Nov 21, 2017 3:58:35 AM okhttp3.mockwebserver.MockWebServer$2 execute
INFO: MockWebServer[51695] starting to accept connections
Nov 21, 2017 3:58:35 AM okhttp3.mockwebserver.MockWebServer$2 acceptConnections
INFO: MockWebServer[51695] done accepting connections: Socket is closed
Nov 21, 2017 3:58:35 AM okhttp3.mockwebserver.MockWebServer$2 execute
INFO: MockWebServer[35231] starting to accept connections
Nov 21, 2017 3:58:35 AM okhttp3.mockwebserver.MockWebServer$3 processOneRequest
INFO: MockWebServer[35231] received request: GET / HTTP/1.1 and responded: HTTP/1.1 200 OK
Nov 21, 2017 3:58:35 AM okhttp3.mockwebserver.MockWebServer$2 acceptConnections
INFO: MockWebServer[35231] done accepting connections: Socket closed
Nov 21, 2017 3:58:35 AM okhttp3.mockwebserver.MockWebServer$2 execute
INFO: MockWebServer[41901] starting to accept connections
Nov 21, 2017 3:58:35 AM okhttp3.mockwebserver.MockWebServer$3 processOneRequest
INFO: MockWebServer[41901] received request: GET / HTTP/1.1 and responded: HTTP/1.1 200 OK
Nov 21, 2017 3:58:35 AM okhttp3.mockwebserver.MockWebServer$2 acceptConnections
INFO: MockWebServer[41901] done accepting connections: Socket closed
Nov 21, 2017 3:58:35 AM okhttp3.mockwebserver.MockWebServer$2 execute
INFO: MockWebServer[48933] starting to accept connections
Nov 21, 2017 3:58:35 AM okhttp3.mockwebserver.MockWebServer$3 processOneRequest
INFO: MockWebServer[48933] received request: GET / HTTP/1.1 and responded: HTTP/1.1 200 OK
Nov 21, 2017 3:58:35 AM okhttp3.mockwebserver.MockWebServer$2 acceptConnections
INFO: MockWebServer[48933] done accepting connections: Socket closed
Tests run: 40, Failures: 1, Errors: 0, Skipped: 0, Time elapsed: 3.908 sec <<< FAILURE!
unrecoverableErrorsAreNotCaughtForCallback(retrofit2.CallTest)  Time elapsed: 0.014 sec  <<< FAILURE!
java.lang.AssertionError
	at org.junit.Assert.fail(Assert.java:86)
	at org.junit.Assert.fail(Assert.java:95)
	at retrofit2.CallTest.unrecoverableErrorsAreNotCaughtForCallback(CallTest.java:1160)
	at sun.reflect.NativeMethodAccessorImpl.invoke0(Native Method)
	at sun.reflect.NativeMethodAccessorImpl.invoke(NativeMethodAccessorImpl.java:62)
	at sun.reflect.DelegatingMethodAccessorImpl.invoke(DelegatingMethodAccessorImpl.java:43)
	at java.lang.reflect.Method.invoke(Method.java:498)
	at org.junit.runners.model.FrameworkMethod$1.runReflectiveCall(FrameworkMethod.java:50)
	at org.junit.internal.runners.model.ReflectiveCallable.run(ReflectiveCallable.java:12)
	at org.junit.runners.model.FrameworkMethod.invokeExplosively(FrameworkMethod.java:47)
	at org.junit.internal.runners.statements.InvokeMethod.evaluate(InvokeMethod.java:17)
	at org.junit.rules.ExternalResource$1.evaluate(ExternalResource.java:48)
	at org.junit.rules.RunRules.evaluate(RunRules.java:20)
	at org.junit.runners.ParentRunner.runLeaf(ParentRunner.java:325)
	at org.junit.runners.BlockJUnit4ClassRunner.runChild(BlockJUnit4ClassRunner.java:78)
	at org.junit.runners.BlockJUnit4ClassRunner.runChild(BlockJUnit4ClassRunner.java:57)
	at org.junit.runners.ParentRunner$3.run(ParentRunner.java:290)
	at org.junit.runners.ParentRunner$1.schedule(ParentRunner.java:71)
	at org.junit.runners.ParentRunner.runChildren(ParentRunner.java:288)
	at org.junit.runners.ParentRunner.access$000(ParentRunner.java:58)
	at org.junit.runners.ParentRunner$2.evaluate(ParentRunner.java:268)
	at org.junit.runners.ParentRunner.run(ParentRunner.java:363)
	at org.apache.maven.surefire.junit4.JUnit4Provider.execute(JUnit4Provider.java:252)
	at org.apache.maven.surefire.junit4.JUnit4Provider.executeTestSet(JUnit4Provider.java:141)
	at org.apache.maven.surefire.junit4.JUnit4Provider.invoke(JUnit4Provider.java:112)
	at sun.reflect.NativeMethodAccessorImpl.invoke0(Native Method)
	at sun.reflect.NativeMethodAccessorImpl.invoke(NativeMethodAccessorImpl.java:62)
	at sun.reflect.DelegatingMethodAccessorImpl.invoke(DelegatingMethodAccessorImpl.java:43)
	at java.lang.reflect.Method.invoke(Method.java:498)
	at org.apache.maven.surefire.util.ReflectionUtils.invokeMethodWithArray(ReflectionUtils.java:189)
	at org.apache.maven.surefire.booter.ProviderFactory$ProviderProxy.invoke(ProviderFactory.java:165)
	at org.apache.maven.surefire.booter.ProviderFactory.invokeProvider(ProviderFactory.java:85)
	at org.apache.maven.surefire.booter.ForkedBooter.runSuitesInProcess(ForkedBooter.java:115)
	at org.apache.maven.surefire.booter.ForkedBooter.main(ForkedBooter.java:75)

Running retrofit2.RequestBuilderTest
Tests run: 149, Failures: 0, Errors: 0, Skipped: 2, Time elapsed: 0.298 sec
Running retrofit2.ExecutorCallAdapterFactoryTest
Tests run: 7, Failures: 0, Errors: 0, Skipped: 0, Time elapsed: 0.094 sec
Running retrofit2.ServiceMethodTest
Tests run: 1, Failures: 0, Errors: 0, Skipped: 0, Time elapsed: 0.002 sec
Running retrofit2.HttpExceptionTest
Tests run: 2, Failures: 0, Errors: 0, Skipped: 0, Time elapsed: 0.015 sec
Running retrofit2.RetrofitTest
Nov 21, 2017 3:58:35 AM okhttp3.mockwebserver.MockWebServer$2 execute
INFO: MockWebServer[51243] starting to accept connections
Nov 21, 2017 3:58:35 AM okhttp3.mockwebserver.MockWebServer$2 acceptConnections
INFO: MockWebServer[51243] done accepting connections: Socket closed
Nov 21, 2017 3:58:35 AM okhttp3.mockwebserver.MockWebServer$2 execute
INFO: MockWebServer[56897] starting to accept connections
Nov 21, 2017 3:58:35 AM okhttp3.mockwebserver.MockWebServer$2 acceptConnections
INFO: MockWebServer[56897] done accepting connections: Socket is closed
Nov 21, 2017 3:58:35 AM okhttp3.mockwebserver.MockWebServer$2 execute
INFO: MockWebServer[37413] starting to accept connections
Nov 21, 2017 3:58:35 AM okhttp3.mockwebserver.MockWebServer$2 acceptConnections
INFO: MockWebServer[37413] done accepting connections: Socket closed
Nov 21, 2017 3:58:35 AM okhttp3.mockwebserver.MockWebServer$2 execute
INFO: MockWebServer[50953] starting to accept connections
Nov 21, 2017 3:58:35 AM okhttp3.mockwebserver.MockWebServer$2 acceptConnections
INFO: MockWebServer[50953] done accepting connections: Socket is closed
Nov 21, 2017 3:58:35 AM okhttp3.mockwebserver.MockWebServer$2 execute
INFO: MockWebServer[43615] starting to accept connections
Nov 21, 2017 3:58:35 AM okhttp3.mockwebserver.MockWebServer$2 acceptConnections
INFO: MockWebServer[43615] done accepting connections: Socket is closed
Nov 21, 2017 3:58:35 AM okhttp3.mockwebserver.MockWebServer$2 execute
INFO: MockWebServer[38627] starting to accept connections
Nov 21, 2017 3:58:36 AM okhttp3.mockwebserver.MockWebServer$3 processOneRequest
INFO: MockWebServer[38627] received request: GET / HTTP/1.1 and responded: HTTP/1.1 200 OK
Nov 21, 2017 3:58:36 AM okhttp3.mockwebserver.MockWebServer$2 acceptConnections
INFO: MockWebServer[38627] done accepting connections: Socket closed
Nov 21, 2017 3:58:36 AM okhttp3.mockwebserver.MockWebServer$2 execute
INFO: MockWebServer[36367] starting to accept connections
Nov 21, 2017 3:58:36 AM okhttp3.mockwebserver.MockWebServer$2 acceptConnections
INFO: MockWebServer[36367] done accepting connections: Socket closed
Nov 21, 2017 3:58:36 AM okhttp3.mockwebserver.MockWebServer$2 execute
INFO: MockWebServer[42701] starting to accept connections
Nov 21, 2017 3:58:36 AM okhttp3.mockwebserver.MockWebServer$2 acceptConnections
INFO: MockWebServer[42701] done accepting connections: Socket is closed
Nov 21, 2017 3:58:36 AM okhttp3.mockwebserver.MockWebServer$2 execute
INFO: MockWebServer[50725] starting to accept connections
Nov 21, 2017 3:58:36 AM okhttp3.mockwebserver.MockWebServer$2 acceptConnections
INFO: MockWebServer[50725] done accepting connections: Socket closed
Nov 21, 2017 3:58:36 AM okhttp3.mockwebserver.MockWebServer$2 execute
INFO: MockWebServer[46253] starting to accept connections
Nov 21, 2017 3:58:36 AM okhttp3.mockwebserver.MockWebServer$2 acceptConnections
INFO: MockWebServer[46253] done accepting connections: Socket closed
Nov 21, 2017 3:58:36 AM okhttp3.mockwebserver.MockWebServer$2 execute
INFO: MockWebServer[53833] starting to accept connections
Nov 21, 2017 3:58:36 AM okhttp3.mockwebserver.MockWebServer$2 acceptConnections
INFO: MockWebServer[53833] done accepting connections: Socket closed
Nov 21, 2017 3:58:36 AM okhttp3.mockwebserver.MockWebServer$2 execute
INFO: MockWebServer[34227] starting to accept connections
Nov 21, 2017 3:58:36 AM okhttp3.mockwebserver.MockWebServer$2 acceptConnections
INFO: MockWebServer[34227] done accepting connections: Socket is closed
Nov 21, 2017 3:58:36 AM okhttp3.mockwebserver.MockWebServer$2 execute
INFO: MockWebServer[60631] starting to accept connections
Nov 21, 2017 3:58:36 AM okhttp3.mockwebserver.MockWebServer$2 acceptConnections
INFO: MockWebServer[60631] done accepting connections: Socket is closed
Nov 21, 2017 3:58:36 AM okhttp3.mockwebserver.MockWebServer$2 execute
INFO: MockWebServer[35269] starting to accept connections
Nov 21, 2017 3:58:36 AM okhttp3.mockwebserver.MockWebServer$2 acceptConnections
INFO: MockWebServer[35269] done accepting connections: Socket closed
Nov 21, 2017 3:58:36 AM okhttp3.mockwebserver.MockWebServer$2 execute
INFO: MockWebServer[49155] starting to accept connections
Nov 21, 2017 3:58:36 AM okhttp3.mockwebserver.MockWebServer$2 acceptConnections
INFO: MockWebServer[49155] done accepting connections: Socket is closed
Nov 21, 2017 3:58:36 AM okhttp3.mockwebserver.MockWebServer$2 execute
INFO: MockWebServer[49859] starting to accept connections
Nov 21, 2017 3:58:36 AM okhttp3.mockwebserver.MockWebServer$2 acceptConnections
INFO: MockWebServer[49859] done accepting connections: Socket closed
Nov 21, 2017 3:58:36 AM okhttp3.mockwebserver.MockWebServer$2 execute
INFO: MockWebServer[60381] starting to accept connections
Nov 21, 2017 3:58:36 AM okhttp3.mockwebserver.MockWebServer$3 processOneRequest
INFO: MockWebServer[60381] received request: GET / HTTP/1.1 and responded: HTTP/1.1 200 OK
Nov 21, 2017 3:58:36 AM okhttp3.mockwebserver.MockWebServer$2 acceptConnections
INFO: MockWebServer[60381] done accepting connections: Socket closed
Nov 21, 2017 3:58:36 AM okhttp3.mockwebserver.MockWebServer$2 execute
INFO: MockWebServer[48965] starting to accept connections
Nov 21, 2017 3:58:36 AM okhttp3.mockwebserver.MockWebServer$2 acceptConnections
INFO: MockWebServer[48965] done accepting connections: Socket is closed
Nov 21, 2017 3:58:36 AM okhttp3.mockwebserver.MockWebServer$2 execute
INFO: MockWebServer[52577] starting to accept connections
Nov 21, 2017 3:58:36 AM okhttp3.mockwebserver.MockWebServer$2 acceptConnections
INFO: MockWebServer[52577] done accepting connections: Socket is closed
Nov 21, 2017 3:58:36 AM okhttp3.mockwebserver.MockWebServer$2 execute
INFO: MockWebServer[54485] starting to accept connections
Nov 21, 2017 3:58:36 AM okhttp3.mockwebserver.MockWebServer$2 acceptConnections
INFO: MockWebServer[54485] done accepting connections: Socket closed
Nov 21, 2017 3:58:36 AM okhttp3.mockwebserver.MockWebServer$3 processOneRequest
INFO: MockWebServer[54485] received request: GET / HTTP/1.1 and responded: HTTP/1.1 200 OK
Nov 21, 2017 3:58:36 AM okhttp3.mockwebserver.MockWebServer$2 execute
INFO: MockWebServer[35973] starting to accept connections
Nov 21, 2017 3:58:36 AM okhttp3.mockwebserver.MockWebServer$2 acceptConnections
INFO: MockWebServer[35973] done accepting connections: Socket is closed
Nov 21, 2017 3:58:36 AM okhttp3.mockwebserver.MockWebServer$2 execute
INFO: MockWebServer[53063] starting to accept connections
Nov 21, 2017 3:58:36 AM okhttp3.mockwebserver.MockWebServer$2 acceptConnections
INFO: MockWebServer[53063] done accepting connections: Socket closed
Nov 21, 2017 3:58:36 AM okhttp3.mockwebserver.MockWebServer$3 processOneRequest
INFO: MockWebServer[53063] received request: POST / HTTP/1.1 and responded: HTTP/1.1 200 OK
Nov 21, 2017 3:58:36 AM okhttp3.mockwebserver.MockWebServer$2 execute
INFO: MockWebServer[55069] starting to accept connections
Nov 21, 2017 3:58:36 AM okhttp3.mockwebserver.MockWebServer$2 acceptConnections
INFO: MockWebServer[55069] done accepting connections: Socket closed
Nov 21, 2017 3:58:36 AM okhttp3.mockwebserver.MockWebServer$2 execute
INFO: MockWebServer[39747] starting to accept connections
Nov 21, 2017 3:58:36 AM okhttp3.mockwebserver.MockWebServer$2 acceptConnections
INFO: MockWebServer[39747] done accepting connections: Socket is closed
Nov 21, 2017 3:58:36 AM okhttp3.mockwebserver.MockWebServer$2 execute
INFO: MockWebServer[47999] starting to accept connections
Nov 21, 2017 3:58:36 AM okhttp3.mockwebserver.MockWebServer$2 acceptConnections
INFO: MockWebServer[47999] done accepting connections: Socket is closed
Nov 21, 2017 3:58:36 AM okhttp3.mockwebserver.MockWebServer$2 execute
INFO: MockWebServer[50915] starting to accept connections
Nov 21, 2017 3:58:36 AM okhttp3.mockwebserver.MockWebServer$2 acceptConnections
INFO: MockWebServer[50915] done accepting connections: Socket is closed
Nov 21, 2017 3:58:36 AM okhttp3.mockwebserver.MockWebServer$2 execute
INFO: MockWebServer[59221] starting to accept connections
Nov 21, 2017 3:58:36 AM okhttp3.mockwebserver.MockWebServer$2 acceptConnections
INFO: MockWebServer[59221] done accepting connections: Socket is closed
Nov 21, 2017 3:58:36 AM okhttp3.mockwebserver.MockWebServer$2 execute
INFO: MockWebServer[52179] starting to accept connections
Nov 21, 2017 3:58:36 AM okhttp3.mockwebserver.MockWebServer$2 acceptConnections
INFO: MockWebServer[52179] done accepting connections: Socket is closed
Nov 21, 2017 3:58:36 AM okhttp3.mockwebserver.MockWebServer$2 execute
INFO: MockWebServer[43621] starting to accept connections
Nov 21, 2017 3:58:36 AM okhttp3.mockwebserver.MockWebServer$2 acceptConnections
INFO: MockWebServer[43621] done accepting connections: Socket is closed
Nov 21, 2017 3:58:36 AM okhttp3.mockwebserver.MockWebServer$2 execute
INFO: MockWebServer[53015] starting to accept connections
Nov 21, 2017 3:58:36 AM okhttp3.mockwebserver.MockWebServer$3 processOneRequest
INFO: MockWebServer[53015] received request: GET / HTTP/1.1 and responded: HTTP/1.1 200 OK
Nov 21, 2017 3:58:36 AM okhttp3.mockwebserver.MockWebServer$2 acceptConnections
INFO: MockWebServer[53015] done accepting connections: Socket closed
Nov 21, 2017 3:58:36 AM okhttp3.mockwebserver.MockWebServer$2 execute
INFO: MockWebServer[51331] starting to accept connections
Nov 21, 2017 3:58:36 AM okhttp3.mockwebserver.MockWebServer$2 acceptConnections
INFO: MockWebServer[51331] done accepting connections: Socket is closed
Nov 21, 2017 3:58:36 AM okhttp3.mockwebserver.MockWebServer$2 execute
INFO: MockWebServer[59113] starting to accept connections
Nov 21, 2017 3:58:36 AM okhttp3.mockwebserver.MockWebServer$2 acceptConnections
INFO: MockWebServer[59113] done accepting connections: Socket is closed
Nov 21, 2017 3:58:36 AM okhttp3.mockwebserver.MockWebServer$2 execute
INFO: MockWebServer[51303] starting to accept connections
Nov 21, 2017 3:58:36 AM okhttp3.mockwebserver.MockWebServer$2 acceptConnections
INFO: MockWebServer[51303] done accepting connections: Socket is closed
Nov 21, 2017 3:58:36 AM okhttp3.mockwebserver.MockWebServer$2 execute
INFO: MockWebServer[36031] starting to accept connections
Nov 21, 2017 3:58:36 AM okhttp3.mockwebserver.MockWebServer$2 acceptConnections
INFO: MockWebServer[36031] done accepting connections: Socket closed
Nov 21, 2017 3:58:36 AM okhttp3.mockwebserver.MockWebServer$2 execute
INFO: MockWebServer[38547] starting to accept connections
Nov 21, 2017 3:58:36 AM okhttp3.mockwebserver.MockWebServer$2 acceptConnections
INFO: MockWebServer[38547] done accepting connections: Socket is closed
Nov 21, 2017 3:58:36 AM okhttp3.mockwebserver.MockWebServer$2 execute
INFO: MockWebServer[41155] starting to accept connections
Nov 21, 2017 3:58:36 AM okhttp3.mockwebserver.MockWebServer$3 processOneRequest
INFO: MockWebServer[41155] received request: GET / HTTP/1.1 and responded: HTTP/1.1 200 OK
Nov 21, 2017 3:58:36 AM okhttp3.mockwebserver.MockWebServer$3 processOneRequest
INFO: MockWebServer[41155] received request: GET / HTTP/1.1 and responded: HTTP/1.1 200 OK
Nov 21, 2017 3:58:36 AM okhttp3.mockwebserver.MockWebServer$2 acceptConnections
INFO: MockWebServer[41155] done accepting connections: Socket closed
Nov 21, 2017 3:58:36 AM okhttp3.mockwebserver.MockWebServer$2 execute
INFO: MockWebServer[37145] starting to accept connections
Nov 21, 2017 3:58:36 AM okhttp3.mockwebserver.MockWebServer$2 acceptConnections
INFO: MockWebServer[37145] done accepting connections: Socket is closed
Nov 21, 2017 3:58:36 AM okhttp3.mockwebserver.MockWebServer$2 execute
INFO: MockWebServer[50277] starting to accept connections
Nov 21, 2017 3:58:36 AM okhttp3.mockwebserver.MockWebServer$2 acceptConnections
INFO: MockWebServer[50277] done accepting connections: Socket is closed
Nov 21, 2017 3:58:36 AM okhttp3.mockwebserver.MockWebServer$2 execute
INFO: MockWebServer[60455] starting to accept connections
Nov 21, 2017 3:58:36 AM okhttp3.mockwebserver.MockWebServer$2 acceptConnections
INFO: MockWebServer[60455] done accepting connections: Socket is closed
Nov 21, 2017 3:58:36 AM okhttp3.mockwebserver.MockWebServer$2 execute
INFO: MockWebServer[33245] starting to accept connections
Nov 21, 2017 3:58:36 AM okhttp3.mockwebserver.MockWebServer$2 acceptConnections
INFO: MockWebServer[33245] done accepting connections: Socket is closed
Nov 21, 2017 3:58:36 AM okhttp3.mockwebserver.MockWebServer$2 execute
INFO: MockWebServer[41583] starting to accept connections
Nov 21, 2017 3:58:36 AM okhttp3.mockwebserver.MockWebServer$2 acceptConnections
INFO: MockWebServer[41583] done accepting connections: Socket is closed
Nov 21, 2017 3:58:36 AM okhttp3.mockwebserver.MockWebServer$2 execute
INFO: MockWebServer[58151] starting to accept connections
Nov 21, 2017 3:58:36 AM okhttp3.mockwebserver.MockWebServer$2 acceptConnections
INFO: MockWebServer[58151] done accepting connections: Socket closed
Nov 21, 2017 3:58:36 AM okhttp3.mockwebserver.MockWebServer$2 execute
INFO: MockWebServer[34233] starting to accept connections
Nov 21, 2017 3:58:36 AM okhttp3.mockwebserver.MockWebServer$2 acceptConnections
INFO: MockWebServer[34233] done accepting connections: Socket is closed
Nov 21, 2017 3:58:36 AM okhttp3.mockwebserver.MockWebServer$2 execute
INFO: MockWebServer[58481] starting to accept connections
Nov 21, 2017 3:58:36 AM okhttp3.mockwebserver.MockWebServer$2 acceptConnections
INFO: MockWebServer[58481] done accepting connections: Socket is closed
Nov 21, 2017 3:58:36 AM okhttp3.mockwebserver.MockWebServer$2 execute
INFO: MockWebServer[53215] starting to accept connections
Nov 21, 2017 3:58:36 AM okhttp3.mockwebserver.MockWebServer$2 acceptConnections
INFO: MockWebServer[53215] done accepting connections: Socket is closed
Nov 21, 2017 3:58:36 AM okhttp3.mockwebserver.MockWebServer$2 execute
INFO: MockWebServer[39655] starting to accept connections
Nov 21, 2017 3:58:36 AM okhttp3.mockwebserver.MockWebServer$2 acceptConnections
INFO: MockWebServer[39655] done accepting connections: Socket is closed
Nov 21, 2017 3:58:36 AM okhttp3.mockwebserver.MockWebServer$2 execute
INFO: MockWebServer[46887] starting to accept connections
Nov 21, 2017 3:58:36 AM okhttp3.mockwebserver.MockWebServer$2 acceptConnections
INFO: MockWebServer[46887] done accepting connections: Socket is closed
Nov 21, 2017 3:58:36 AM okhttp3.mockwebserver.MockWebServer$2 execute
INFO: MockWebServer[39961] starting to accept connections
Nov 21, 2017 3:58:36 AM okhttp3.mockwebserver.MockWebServer$2 acceptConnections
INFO: MockWebServer[39961] done accepting connections: Socket is closed
Nov 21, 2017 3:58:36 AM okhttp3.mockwebserver.MockWebServer$2 execute
INFO: MockWebServer[39897] starting to accept connections
Nov 21, 2017 3:58:36 AM okhttp3.mockwebserver.MockWebServer$2 acceptConnections
INFO: MockWebServer[39897] done accepting connections: Socket is closed
Nov 21, 2017 3:58:36 AM okhttp3.mockwebserver.MockWebServer$2 execute
INFO: MockWebServer[51393] starting to accept connections
Nov 21, 2017 3:58:36 AM okhttp3.mockwebserver.MockWebServer$3 processOneRequest
INFO: MockWebServer[51393] received request: GET /?i=101 HTTP/1.1 and responded: HTTP/1.1 200 OK
Nov 21, 2017 3:58:36 AM okhttp3.mockwebserver.MockWebServer$3 processOneRequest
INFO: MockWebServer[51393] received request: GET /?i=201 HTTP/1.1 and responded: HTTP/1.1 200 OK
Nov 21, 2017 3:58:36 AM okhttp3.mockwebserver.MockWebServer$2 acceptConnections
INFO: MockWebServer[51393] done accepting connections: Socket closed
Nov 21, 2017 3:58:36 AM okhttp3.mockwebserver.MockWebServer$2 execute
INFO: MockWebServer[60549] starting to accept connections
Nov 21, 2017 3:58:36 AM okhttp3.mockwebserver.MockWebServer$2 acceptConnections
INFO: MockWebServer[60549] done accepting connections: Socket is closed
Nov 21, 2017 3:58:36 AM okhttp3.mockwebserver.MockWebServer$2 execute
INFO: MockWebServer[34793] starting to accept connections
Nov 21, 2017 3:58:36 AM okhttp3.mockwebserver.MockWebServer$2 acceptConnections
INFO: MockWebServer[34793] done accepting connections: Socket is closed
Nov 21, 2017 3:58:36 AM okhttp3.mockwebserver.MockWebServer$2 execute
INFO: MockWebServer[42825] starting to accept connections
Nov 21, 2017 3:58:36 AM okhttp3.mockwebserver.MockWebServer$2 acceptConnections
INFO: MockWebServer[42825] done accepting connections: Socket is closed
Nov 21, 2017 3:58:36 AM okhttp3.mockwebserver.MockWebServer$2 execute
INFO: MockWebServer[43517] starting to accept connections
Nov 21, 2017 3:58:36 AM okhttp3.mockwebserver.MockWebServer$2 acceptConnections
INFO: MockWebServer[43517] done accepting connections: Socket is closed
Nov 21, 2017 3:58:36 AM okhttp3.mockwebserver.MockWebServer$2 execute
INFO: MockWebServer[55417] starting to accept connections
Nov 21, 2017 3:58:36 AM okhttp3.mockwebserver.MockWebServer$2 acceptConnections
INFO: MockWebServer[55417] done accepting connections: Socket closed
Nov 21, 2017 3:58:36 AM okhttp3.mockwebserver.MockWebServer$2 execute
INFO: MockWebServer[36299] starting to accept connections
Nov 21, 2017 3:58:36 AM okhttp3.mockwebserver.MockWebServer$2 acceptConnections
INFO: MockWebServer[36299] done accepting connections: Socket is closed
Nov 21, 2017 3:58:36 AM okhttp3.mockwebserver.MockWebServer$2 execute
INFO: MockWebServer[40645] starting to accept connections
Nov 21, 2017 3:58:36 AM okhttp3.mockwebserver.MockWebServer$2 acceptConnections
INFO: MockWebServer[40645] done accepting connections: Socket is closed
Nov 21, 2017 3:58:36 AM okhttp3.mockwebserver.MockWebServer$2 execute
INFO: MockWebServer[34719] starting to accept connections
Nov 21, 2017 3:58:36 AM okhttp3.mockwebserver.MockWebServer$2 acceptConnections
INFO: MockWebServer[34719] done accepting connections: Socket closed
Nov 21, 2017 3:58:36 AM okhttp3.mockwebserver.MockWebServer$2 execute
INFO: MockWebServer[54343] starting to accept connections
Nov 21, 2017 3:58:36 AM okhttp3.mockwebserver.MockWebServer$2 acceptConnections
INFO: MockWebServer[54343] done accepting connections: Socket closed
Nov 21, 2017 3:58:36 AM okhttp3.mockwebserver.MockWebServer$2 execute
INFO: MockWebServer[48395] starting to accept connections
Nov 21, 2017 3:58:36 AM okhttp3.mockwebserver.MockWebServer$2 acceptConnections
INFO: MockWebServer[48395] done accepting connections: Socket closed
Nov 21, 2017 3:58:36 AM okhttp3.mockwebserver.MockWebServer$2 execute
INFO: MockWebServer[57043] starting to accept connections
Nov 21, 2017 3:58:36 AM okhttp3.mockwebserver.MockWebServer$2 acceptConnections
INFO: MockWebServer[57043] done accepting connections: Socket closed
Nov 21, 2017 3:58:36 AM okhttp3.mockwebserver.MockWebServer$2 execute
INFO: MockWebServer[47597] starting to accept connections
Nov 21, 2017 3:58:36 AM okhttp3.mockwebserver.MockWebServer$2 acceptConnections
INFO: MockWebServer[47597] done accepting connections: Socket closed
Nov 21, 2017 3:58:36 AM okhttp3.mockwebserver.MockWebServer$2 execute
INFO: MockWebServer[56295] starting to accept connections
Nov 21, 2017 3:58:36 AM okhttp3.mockwebserver.MockWebServer$2 acceptConnections
INFO: MockWebServer[56295] done accepting connections: Socket is closed
Nov 21, 2017 3:58:36 AM okhttp3.mockwebserver.MockWebServer$2 execute
INFO: MockWebServer[57345] starting to accept connections
Nov 21, 2017 3:58:36 AM okhttp3.mockwebserver.MockWebServer$2 acceptConnections
INFO: MockWebServer[57345] done accepting connections: Socket closed
Nov 21, 2017 3:58:36 AM okhttp3.mockwebserver.MockWebServer$2 execute
INFO: MockWebServer[36835] starting to accept connections
Nov 21, 2017 3:58:36 AM okhttp3.mockwebserver.MockWebServer$2 acceptConnections
INFO: MockWebServer[36835] done accepting connections: Socket is closed
Nov 21, 2017 3:58:36 AM okhttp3.mockwebserver.MockWebServer$2 execute
INFO: MockWebServer[36885] starting to accept connections
Nov 21, 2017 3:58:36 AM okhttp3.mockwebserver.MockWebServer$2 acceptConnections
INFO: MockWebServer[36885] done accepting connections: Socket is closed
Nov 21, 2017 3:58:36 AM okhttp3.mockwebserver.MockWebServer$2 execute
INFO: MockWebServer[37781] starting to accept connections
Nov 21, 2017 3:58:36 AM okhttp3.mockwebserver.MockWebServer$2 acceptConnections
INFO: MockWebServer[37781] done accepting connections: Socket closed
Nov 21, 2017 3:58:36 AM okhttp3.mockwebserver.MockWebServer$2 execute
INFO: MockWebServer[55763] starting to accept connections
Nov 21, 2017 3:58:36 AM okhttp3.mockwebserver.MockWebServer$2 acceptConnections
INFO: MockWebServer[55763] done accepting connections: Socket is closed
Tests run: 68, Failures: 0, Errors: 0, Skipped: 0, Time elapsed: 0.82 sec
Running retrofit2.RequestBuilderAndroidTest
WARNING: No manifest file found at ./AndroidManifest.xml.Falling back to the Android OS resources only.
To remove this warning, annotate your test class with @Config(manifest=Config.NONE).
WARNING: No manifest file found at ./AndroidManifest.xml.Falling back to the Android OS resources only.
To remove this warning, annotate your test class with @Config(manifest=Config.NONE).
Tests run: 2, Failures: 0, Errors: 0, Skipped: 0, Time elapsed: 2.949 sec
Running retrofit2.CallAdapterTest
Tests run: 4, Failures: 0, Errors: 0, Skipped: 0, Time elapsed: 0.007 sec
Running retrofit2.ResponseTest
Tests run: 14, Failures: 0, Errors: 0, Skipped: 0, Time elapsed: 0.011 sec

Results :

Failed tests:   unrecoverableErrorsAreNotCaughtForCallback(retrofit2.CallTest)

Tests run: 287, Failures: 1, Errors: 0, Skipped: 2

[INFO] ------------------------------------------------------------------------
[INFO] Reactor Summary:
[INFO] 
[INFO] Retrofit (Parent) .................................. SUCCESS [  1.616 s]
[INFO] Retrofit ........................................... FAILURE [ 15.168 s]
[INFO] Adapters ........................................... SKIPPED
[INFO] Adapter: Guava ..................................... SKIPPED
[INFO] Adapter: Java 8 .................................... SKIPPED
[INFO] Adapter: RxJava .................................... SKIPPED
[INFO] Adapter: RxJava 2 .................................. SKIPPED
[INFO] Adapter: Scala ..................................... SKIPPED
[INFO] Converters ......................................... SKIPPED
[INFO] Converter: Gson .................................... SKIPPED
[INFO] Converter: Guava ................................... SKIPPED
[INFO] Converter: Protocol Buffers ........................ SKIPPED
[INFO] Converter: Jackson ................................. SKIPPED
[INFO] Converter: Java 8 .................................. SKIPPED
[INFO] Converter: Wire Protocol Buffers ................... SKIPPED
[INFO] Converter: SimpleXML ............................... SKIPPED
[INFO] Converter: Java Scalars ............................ SKIPPED
[INFO] Converter: Moshi ................................... SKIPPED
[INFO] Retrofit Mock Adapter .............................. SKIPPED
[INFO] Samples ............................................ SKIPPED
[INFO] ------------------------------------------------------------------------
[INFO] BUILD FAILURE
[INFO] ------------------------------------------------------------------------
[INFO] Total time: 17.345 s
[INFO] Finished at: 2017-11-21T03:58:39Z
[INFO] Final Memory: 29M/594M
[INFO] ------------------------------------------------------------------------
[ERROR] Failed to execute goal org.apache.maven.plugins:maven-surefire-plugin:2.12.4:test (default-test) on project retrofit: There are test failures.
[ERROR] 
[ERROR] Please refer to /home/travis/build/square/retrofit/retrofit/target/surefire-reports for the individual test results.
[ERROR] -> [Help 1]
[ERROR] 
[ERROR] To see the full stack trace of the errors, re-run Maven with the -e switch.
[ERROR] Re-run Maven using the -X switch to enable full debug logging.
[ERROR] 
[ERROR] For more information about the errors and possible solutions, please read the following articles:
[ERROR] [Help 1] http://cwiki.apache.org/confluence/display/MAVEN/MojoFailureException
[ERROR] 
[ERROR] After correcting the problems, you can resume the build with the command
[ERROR]   mvn <goals> -rf :retrofit

travis_time:end:08a4e36f:start=1511236700463204301,finish=1511236720120379093,duration=19657174792[0K
[31;1mThe command "mvn test -B" exited with 1.[0m
travis_fold:start:cache.2[0Kstore build cache
travis_time:start:0573b8e2[0K
travis_time:end:0573b8e2:start=1511236720129000468,finish=1511236720135715882,duration=6715414[0Ktravis_time:start:15660764[0K[32;1mchange detected (content changed, file is created, or file is deleted):
/home/travis/.m2/repository/com/squareup/retrofit2/adapter-guava/2.4.0-SNAPSHOT/adapter-guava-2.4.0-SNAPSHOT.jar
/home/travis/.m2/repository/com/squareup/retrofit2/adapter-guava/2.4.0-SNAPSHOT/maven-metadata-local.xml
/home/travis/.m2/repository/com/squareup/retrofit2/adapter-guava/2.4.0-SNAPSHOT/_remote.repositories
/home/travis/.m2/repository/com/squareup/retrofit2/adapter-guava/maven-metadata-local.xml
/home/travis/.m2/repository/com/squareup/retrofit2/adapter-java8/2.4.0-SNAPSHOT/adapter-java8-2.4.0-SNAPSHOT.jar
/home/travis/.m2/repository/com/squareup/retrofit2/adapter-java8/2.4.0-SNAPSHOT/maven-metadata-local.xml
/home/travis/.m2/repository/com/squareup/retrofit2/adapter-java8/2.4.0-SNAPSHOT/_remote.repositories
/home/travis/.m2/repository/com/squareup/retrofit2/adapter-java8/maven-metadata-local.xml
/home/travis/.m2/repository/com/squareup/retrofit2/adapter-rxjava2/2.4.0-SNAPSHOT/adapter-rxjava2-2.4.0-SNAPSHOT.jar
/home/travis/.m2/repository/com/squareup/retrofit2/adapter-rxjava2
[0m
[32;1m...
[0m
[32;1mchanges detected, packing new archive[0m
.
[32;1muploading archive[0m

travis_time:end:15660764:start=1511236720143495302,finish=1511236732066757077,duration=11923261775[0Ktravis_fold:end:cache.2[0K
Done. Your build exited with 1.
