Using worker: worker-linux-docker-43cb4dba.prod.travis-ci.org:travis-linux-3

travis_fold:start:system_info[0K[33;1mBuild system information[0m
Build language: java
[34m[1mBuild image provisioning date and time[0m
Thu Feb  5 15:09:33 UTC 2015
[34m[1mOperating System Details[0m
Distributor ID:	Ubuntu
Description:	Ubuntu 12.04.5 LTS
Release:	12.04
Codename:	precise
[34m[1mLinux Version[0m
3.13.0-29-generic
[34m[1mCookbooks Version[0m
a68419e https://github.com/travis-ci/travis-cookbooks/tree/a68419e
[34m[1mGCC version[0m
gcc (Ubuntu/Linaro 4.6.3-1ubuntu5) 4.6.3
Copyright (C) 2011 Free Software Foundation, Inc.
This is free software; see the source for copying conditions.  There is NO
warranty; not even for MERCHANTABILITY or FITNESS FOR A PARTICULAR PURPOSE.

[34m[1mLLVM version[0m
clang version 3.4 (tags/RELEASE_34/final)
Target: x86_64-unknown-linux-gnu
Thread model: posix
[34m[1mPre-installed Ruby versions[0m
ruby-1.9.3-p551
[34m[1mPre-installed Node.js versions[0m
v0.10.36
[34m[1mPre-installed Go versions[0m
1.4.1
[34m[1mRedis version[0m
redis-server 2.8.19
[34m[1mriak version[0m
2.0.2
[34m[1mMongoDB version[0m
MongoDB 2.4.12
[34m[1mCouchDB version[0m
couchdb 1.6.1
[34m[1mNeo4j version[0m
1.9.4
[34m[1mRabbitMQ Version[0m
3.4.3
[34m[1mElasticSearch version[0m
1.4.0
[34m[1mInstalled Sphinx versions[0m
2.0.10
2.1.9
2.2.6
[34m[1mDefault Sphinx version[0m
2.2.6
[34m[1mInstalled Firefox version[0m
firefox 31.0esr
[34m[1mPhantomJS version[0m
1.9.8
[34m[1mant -version[0m
Apache Ant(TM) version 1.8.2 compiled on December 3 2011
[34m[1mmvn -version[0m
Apache Maven 3.2.5 (12a6b3acb947671f09b81f49094c53f426d8cea1; 2014-12-14T17:29:23+00:00)
Maven home: /usr/local/maven
Java version: 1.7.0_76, vendor: Oracle Corporation
Java home: /usr/lib/jvm/java-7-oracle/jre
Default locale: en_US, platform encoding: ANSI_X3.4-1968
OS name: "linux", version: "3.13.0-29-generic", arch: "amd64", family: "unix"
travis_fold:end:system_info[0K
travis_fold:start:git.checkout[0Ktravis_time:start:06703bf8[0K$ git clone --depth=50 --branch=issue/DATAJPA-765 https://github.com/spring-projects/spring-data-jpa.git spring-projects/spring-data-jpa
Cloning into 'spring-projects/spring-data-jpa'...
remote: Counting objects: 1072, done.[K
remote: Compressing objects:   0% (1/606)   [Kremote: Compressing objects:   1% (7/606)   [Kremote: Compressing objects:   2% (13/606)   [Kremote: Compressing objects:   3% (19/606)   [Kremote: Compressing objects:   4% (25/606)   [Kremote: Compressing objects:   5% (31/606)   [Kremote: Compressing objects:   6% (37/606)   [Kremote: Compressing objects:   7% (43/606)   [Kremote: Compressing objects:   8% (49/606)   [Kremote: Compressing objects:   9% (55/606)   [Kremote: Compressing objects:  10% (61/606)   [Kremote: Compressing objects:  11% (67/606)   [Kremote: Compressing objects:  12% (73/606)   [Kremote: Compressing objects:  13% (79/606)   [Kremote: Compressing objects:  14% (85/606)   [Kremote: Compressing objects:  15% (91/606)   [Kremote: Compressing objects:  16% (97/606)   [Kremote: Compressing objects:  17% (104/606)   [Kremote: Compressing objects:  18% (110/606)   [Kremote: Compressing objects:  19% (116/606)   [Kremote: Compressing objects:  20% (122/606)   [Kremote: Compressing objects:  21% (128/606)   [Kremote: Compressing objects:  22% (134/606)   [Kremote: Compressing objects:  23% (140/606)   [Kremote: Compressing objects:  24% (146/606)   [Kremote: Compressing objects:  25% (152/606)   [Kremote: Compressing objects:  26% (158/606)   [Kremote: Compressing objects:  27% (164/606)   [Kremote: Compressing objects:  28% (170/606)   [Kremote: Compressing objects:  29% (176/606)   [Kremote: Compressing objects:  30% (182/606)   [Kremote: Compressing objects:  31% (188/606)   [Kremote: Compressing objects:  32% (194/606)   [Kremote: Compressing objects:  33% (200/606)   [Kremote: Compressing objects:  34% (207/606)   [Kremote: Compressing objects:  35% (213/606)   [Kremote: Compressing objects:  36% (219/606)   [Kremote: Compressing objects:  37% (225/606)   [Kremote: Compressing objects:  38% (231/606)   [Kremote: Compressing objects:  39% (237/606)   [Kremote: Compressing objects:  40% (243/606)   [Kremote: Compressing objects:  41% (249/606)   [Kremote: Compressing objects:  42% (255/606)   [Kremote: Compressing objects:  43% (261/606)   [Kremote: Compressing objects:  44% (267/606)   [Kremote: Compressing objects:  45% (273/606)   [Kremote: Compressing objects:  46% (279/606)   [Kremote: Compressing objects:  47% (285/606)   [Kremote: Compressing objects:  48% (291/606)   [Kremote: Compressing objects:  49% (297/606)   [Kremote: Compressing objects:  50% (303/606)   [Kremote: Compressing objects:  51% (310/606)   [Kremote: Compressing objects:  52% (316/606)   [Kremote: Compressing objects:  53% (322/606)   [Kremote: Compressing objects:  54% (328/606)   [Kremote: Compressing objects:  55% (334/606)   [Kremote: Compressing objects:  56% (340/606)   [Kremote: Compressing objects:  57% (346/606)   [Kremote: Compressing objects:  58% (352/606)   [Kremote: Compressing objects:  59% (358/606)   [Kremote: Compressing objects:  60% (364/606)   [Kremote: Compressing objects:  61% (370/606)   [Kremote: Compressing objects:  62% (376/606)   [Kremote: Compressing objects:  63% (382/606)   [Kremote: Compressing objects:  64% (388/606)   [Kremote: Compressing objects:  65% (394/606)   [Kremote: Compressing objects:  66% (400/606)   [Kremote: Compressing objects:  67% (407/606)   [Kremote: Compressing objects:  68% (413/606)   [Kremote: Compressing objects:  69% (419/606)   [Kremote: Compressing objects:  70% (425/606)   [Kremote: Compressing objects:  71% (431/606)   [Kremote: Compressing objects:  72% (437/606)   [Kremote: Compressing objects:  73% (443/606)   [Kremote: Compressing objects:  74% (449/606)   [Kremote: Compressing objects:  75% (455/606)   [Kremote: Compressing objects:  76% (461/606)   [Kremote: Compressing objects:  77% (467/606)   [Kremote: Compressing objects:  78% (473/606)   [Kremote: Compressing objects:  79% (479/606)   [Kremote: Compressing objects:  80% (485/606)   [Kremote: Compressing objects:  81% (491/606)   [Kremote: Compressing objects:  82% (497/606)   [Kremote: Compressing objects:  83% (503/606)   [Kremote: Compressing objects:  84% (510/606)   [Kremote: Compressing objects:  85% (516/606)   [Kremote: Compressing objects:  86% (522/606)   [Kremote: Compressing objects:  87% (528/606)   [Kremote: Compressing objects:  88% (534/606)   [Kremote: Compressing objects:  89% (540/606)   [Kremote: Compressing objects:  90% (546/606)   [Kremote: Compressing objects:  91% (552/606)   [Kremote: Compressing objects:  92% (558/606)   [Kremote: Compressing objects:  93% (564/606)   [Kremote: Compressing objects:  94% (570/606)   [Kremote: Compressing objects:  95% (576/606)   [Kremote: Compressing objects:  96% (582/606)   [Kremote: Compressing objects:  97% (588/606)   [Kremote: Compressing objects:  98% (594/606)   [Kremote: Compressing objects:  99% (600/606)   [Kremote: Compressing objects: 100% (606/606)   [Kremote: Compressing objects: 100% (606/606), done.[K
Receiving objects:   0% (1/1072)   Receiving objects:   1% (11/1072)   Receiving objects:   2% (22/1072)   Receiving objects:   3% (33/1072)   Receiving objects:   4% (43/1072)   Receiving objects:   5% (54/1072)   Receiving objects:   6% (65/1072)   Receiving objects:   7% (76/1072)   Receiving objects:   8% (86/1072)   Receiving objects:   9% (97/1072)   Receiving objects:  10% (108/1072)   Receiving objects:  11% (118/1072)   Receiving objects:  12% (129/1072)   Receiving objects:  13% (140/1072)   Receiving objects:  14% (151/1072)   Receiving objects:  15% (161/1072)   Receiving objects:  16% (172/1072)   Receiving objects:  17% (183/1072)   Receiving objects:  18% (193/1072)   Receiving objects:  19% (204/1072)   Receiving objects:  20% (215/1072)   Receiving objects:  21% (226/1072)   Receiving objects:  22% (236/1072)   Receiving objects:  23% (247/1072)   Receiving objects:  24% (258/1072)   Receiving objects:  25% (268/1072)   Receiving objects:  26% (279/1072)   Receiving objects:  27% (290/1072)   Receiving objects:  28% (301/1072)   Receiving objects:  29% (311/1072)   Receiving objects:  30% (322/1072)   Receiving objects:  31% (333/1072)   Receiving objects:  32% (344/1072)   Receiving objects:  33% (354/1072)   Receiving objects:  34% (365/1072)   Receiving objects:  35% (376/1072)   Receiving objects:  36% (386/1072)   Receiving objects:  37% (397/1072)   Receiving objects:  38% (408/1072)   Receiving objects:  39% (419/1072)   Receiving objects:  40% (429/1072)   Receiving objects:  41% (440/1072)   Receiving objects:  42% (451/1072)   Receiving objects:  43% (461/1072)   Receiving objects:  44% (472/1072)   Receiving objects:  45% (483/1072)   remote: Total 1072 (delta 473), reused 726 (delta 264), pack-reused 0[K
Receiving objects:  46% (494/1072)   Receiving objects:  47% (504/1072)   Receiving objects:  48% (515/1072)   Receiving objects:  49% (526/1072)   Receiving objects:  50% (536/1072)   Receiving objects:  51% (547/1072)   Receiving objects:  52% (558/1072)   Receiving objects:  53% (569/1072)   Receiving objects:  54% (579/1072)   Receiving objects:  55% (590/1072)   Receiving objects:  56% (601/1072)   Receiving objects:  57% (612/1072)   Receiving objects:  58% (622/1072)   Receiving objects:  59% (633/1072)   Receiving objects:  60% (644/1072)   Receiving objects:  61% (654/1072)   Receiving objects:  62% (665/1072)   Receiving objects:  63% (676/1072)   Receiving objects:  64% (687/1072)   Receiving objects:  65% (697/1072)   Receiving objects:  66% (708/1072)   Receiving objects:  67% (719/1072)   Receiving objects:  68% (729/1072)   Receiving objects:  69% (740/1072)   Receiving objects:  70% (751/1072)   Receiving objects:  71% (762/1072)   Receiving objects:  72% (772/1072)   Receiving objects:  73% (783/1072)   Receiving objects:  74% (794/1072)   Receiving objects:  75% (804/1072)   Receiving objects:  76% (815/1072)   Receiving objects:  77% (826/1072)   Receiving objects:  78% (837/1072)   Receiving objects:  79% (847/1072)   Receiving objects:  80% (858/1072)   Receiving objects:  81% (869/1072)   Receiving objects:  82% (880/1072)   Receiving objects:  83% (890/1072)   Receiving objects:  84% (901/1072)   Receiving objects:  85% (912/1072)   Receiving objects:  86% (922/1072)   Receiving objects:  87% (933/1072)   Receiving objects:  88% (944/1072)   Receiving objects:  89% (955/1072)   Receiving objects:  90% (965/1072)   Receiving objects:  91% (976/1072)   Receiving objects:  92% (987/1072)   Receiving objects:  93% (997/1072)   Receiving objects:  94% (1008/1072)   Receiving objects:  95% (1019/1072)   Receiving objects:  96% (1030/1072)   Receiving objects:  97% (1040/1072)   Receiving objects:  98% (1051/1072)   Receiving objects:  99% (1062/1072)   Receiving objects: 100% (1072/1072)   Receiving objects: 100% (1072/1072), 393.63 KiB | 0 bytes/s, done.
Resolving deltas:   0% (0/473)   Resolving deltas:  10% (49/473)   Resolving deltas:  13% (64/473)   Resolving deltas:  14% (67/473)   Resolving deltas:  16% (77/473)   Resolving deltas:  17% (81/473)   Resolving deltas:  19% (90/473)   Resolving deltas:  20% (95/473)   Resolving deltas:  23% (112/473)   Resolving deltas:  26% (123/473)   Resolving deltas:  29% (141/473)   Resolving deltas:  30% (144/473)   Resolving deltas:  31% (149/473)   Resolving deltas:  32% (152/473)   Resolving deltas:  34% (164/473)   Resolving deltas:  35% (166/473)   Resolving deltas:  36% (175/473)   Resolving deltas:  37% (178/473)   Resolving deltas:  38% (183/473)   Resolving deltas:  39% (185/473)   Resolving deltas:  40% (190/473)   Resolving deltas:  41% (195/473)   Resolving deltas:  42% (202/473)   Resolving deltas:  43% (204/473)   Resolving deltas:  45% (215/473)   Resolving deltas:  46% (218/473)   Resolving deltas:  47% (227/473)   Resolving deltas:  49% (234/473)   Resolving deltas:  50% (240/473)   Resolving deltas:  52% (246/473)   Resolving deltas:  53% (251/473)   Resolving deltas:  54% (257/473)   Resolving deltas:  55% (261/473)   Resolving deltas:  56% (266/473)   Resolving deltas:  57% (273/473)   Resolving deltas:  58% (275/473)   Resolving deltas:  59% (280/473)   Resolving deltas:  60% (285/473)   Resolving deltas:  64% (305/473)   Resolving deltas:  65% (308/473)   Resolving deltas:  66% (313/473)   Resolving deltas:  70% (333/473)   Resolving deltas:  71% (336/473)   Resolving deltas:  76% (360/473)   Resolving deltas:  78% (369/473)   Resolving deltas:  79% (374/473)   Resolving deltas:  80% (380/473)   Resolving deltas:  81% (384/473)   Resolving deltas:  82% (388/473)   Resolving deltas:  83% (393/473)   Resolving deltas:  84% (402/473)   Resolving deltas:  85% (403/473)   Resolving deltas:  86% (408/473)   Resolving deltas:  87% (412/473)   Resolving deltas:  88% (417/473)   Resolving deltas:  89% (421/473)   Resolving deltas:  90% (428/473)   Resolving deltas:  91% (433/473)   Resolving deltas:  93% (444/473)   Resolving deltas:  94% (445/473)   Resolving deltas:  95% (452/473)   Resolving deltas:  97% (460/473)   Resolving deltas:  98% (467/473)   Resolving deltas:  99% (469/473)   Resolving deltas: 100% (473/473)   Resolving deltas: 100% (473/473), done.
Checking connectivity... done.
travis_time:end:06703bf8:start=1447694013450598714,finish=1447694014082799173,duration=632200459[0K$ cd spring-projects/spring-data-jpa
$ git checkout -qf 081d67aa2fb8402b54acb823876c40391b219c02
travis_fold:end:git.checkout[0K
[33;1mThis job is running on container-based infrastructure, which does not allow use of 'sudo', setuid and setguid executables.[0m
[33;1mIf you require sudo, add 'sudo: required' to your .travis.yml[0m
[33;1mSee http://docs.travis-ci.com/user/workers/container-based-infrastructure/ for details.[0m

[33;1mSetting environment variables from .travis.yml[0m
$ export PROFILE=hibernate-42

travis_fold:start:cache.1[0KSetting up build cache
$ export CASHER_DIR=$HOME/.casher
travis_time:start:06768cdf[0K$ Installing caching utilities
travis_time:end:06768cdf:start=1447694016015356039,finish=1447694016096785906,duration=81429867[0Ktravis_time:start:03675356[0Ktravis_time:end:03675356:start=1447694016102974376,finish=1447694016107675542,duration=4701166[0Ktravis_time:start:0597f30a[0Kattempting to download cache archive
fetching issueDATAJPA-765/cache--jdk-oraclejdk8.tgz
fetching issueDATAJPA-765/cache--jdk-oraclejdk8.tbz
fetching master/cache--jdk-oraclejdk8.tgz
found cache
travis_time:end:0597f30a:start=1447694016112872573,finish=1447694020321582836,duration=4208710263[0Ktravis_time:start:02ab6430[0Ktravis_time:end:02ab6430:start=1447694020327095410,finish=1447694020332071793,duration=4976383[0Ktravis_time:start:0dd94414[0Kadding /home/travis/.m2 to cache
travis_time:end:0dd94414:start=1447694020337614499,finish=1447694024436356440,duration=4098741941[0Ktravis_fold:end:cache.1[0K$ jdk_switcher use oraclejdk8
Switching to Oracle JDK8 (java-8-oracle), JAVA_HOME will be set to /usr/lib/jvm/java-8-oracle
$ java -Xmx32m -version
java version "1.8.0_31"
Java(TM) SE Runtime Environment (build 1.8.0_31-b13)
Java HotSpot(TM) 64-Bit Server VM (build 25.31-b07, mixed mode)
$ javac -J-Xmx32m -version
javac 1.8.0_31
travis_fold:start:install[0Ktravis_time:start:157c0840[0K$ true
travis_time:end:157c0840:start=1447694024942025549,finish=1447694024946397410,duration=4371861[0Ktravis_fold:end:install[0Ktravis_time:start:13873080[0K$ mvn clean dependency:list test -P${PROFILE} -Dsort
Java HotSpot(TM) 64-Bit Server VM warning: ignoring option MaxPermSize=192m; support was removed in 8.0
[INFO] Scanning for projects...
Downloading: https://repository.apache.org/snapshots/org/springframework/data/build/spring-data-parent/1.8.0.BUILD-SNAPSHOT/maven-metadata.xml
Downloading: https://nexus.codehaus.org/snapshots/org/springframework/data/build/spring-data-parent/1.8.0.BUILD-SNAPSHOT/maven-metadata.xml
[WARNING] Could not transfer metadata org.springframework.data.build:spring-data-parent:1.8.0.BUILD-SNAPSHOT/maven-metadata.xml from/to codehaus-snapshots (https://nexus.codehaus.org/snapshots/): nexus.codehaus.org: unknown error
Downloading: https://repository.apache.org/snapshots/org/springframework/data/build/spring-data-build/1.8.0.BUILD-SNAPSHOT/maven-metadata.xml
Downloading: https://nexus.codehaus.org/snapshots/org/springframework/data/build/spring-data-build/1.8.0.BUILD-SNAPSHOT/maven-metadata.xml
[WARNING] Could not transfer metadata org.springframework.data.build:spring-data-build:1.8.0.BUILD-SNAPSHOT/maven-metadata.xml from/to codehaus-snapshots (https://nexus.codehaus.org/snapshots/): nexus.codehaus.org
[INFO]                                                                         
[INFO] ------------------------------------------------------------------------
[INFO] Building Spring Data JPA 1.10.0.BUILD-SNAPSHOT
[INFO] ------------------------------------------------------------------------
Downloading: https://oss.sonatype.org/content/repositories/snapshots/org/springframework/data/spring-data-commons/1.12.0.DATACMNS-670-SNAPSHOT/maven-metadata.xml
Downloading: https://nexus.codehaus.org/snapshots/org/springframework/data/spring-data-commons/1.12.0.DATACMNS-670-SNAPSHOT/maven-metadata.xml
Downloading: https://repo.spring.io/libs-snapshot/org/springframework/data/spring-data-commons/1.12.0.DATACMNS-670-SNAPSHOT/maven-metadata.xml
Downloading: https://repository.apache.org/snapshots/org/springframework/data/spring-data-commons/1.12.0.DATACMNS-670-SNAPSHOT/maven-metadata.xml
3/3 KB            Downloaded: https://repo.spring.io/libs-snapshot/org/springframework/data/spring-data-commons/1.12.0.DATACMNS-670-SNAPSHOT/maven-metadata.xml (3 KB at 10.7 KB/sec)
         [WARNING] Could not transfer metadata org.springframework.data:spring-data-commons:1.12.0.DATACMNS-670-SNAPSHOT/maven-metadata.xml from/to codehaus-snapshots (https://nexus.codehaus.org/snapshots/): nexus.codehaus.org
[WARNING] Failure to transfer org.springframework.data:spring-data-commons:1.12.0.DATACMNS-670-SNAPSHOT/maven-metadata.xml from https://nexus.codehaus.org/snapshots/ was cached in the local repository, resolution will not be reattempted until the update interval of codehaus-snapshots has elapsed or updates are forced. Original error: Could not transfer metadata org.springframework.data:spring-data-commons:1.12.0.DATACMNS-670-SNAPSHOT/maven-metadata.xml from/to codehaus-snapshots (https://nexus.codehaus.org/snapshots/): nexus.codehaus.org
Downloading: https://oss.sonatype.org/content/repositories/snapshots/org/springframework/data/spring-data-commons/1.12.0.DATACMNS-670-SNAPSHOT/spring-data-commons-1.12.0.DATACMNS-670-20151116.165530-1.pom
         Downloading: https://repository.apache.org/snapshots/org/springframework/data/spring-data-commons/1.12.0.DATACMNS-670-SNAPSHOT/spring-data-commons-1.12.0.DATACMNS-670-20151116.165530-1.pom
         Downloading: https://nexus.codehaus.org/snapshots/org/springframework/data/spring-data-commons/1.12.0.DATACMNS-670-SNAPSHOT/spring-data-commons-1.12.0.DATACMNS-670-20151116.165530-1.pom
         Downloading: https://repo.spring.io/libs-snapshot/org/springframework/data/spring-data-commons/1.12.0.DATACMNS-670-SNAPSHOT/spring-data-commons-1.12.0.DATACMNS-670-20151116.165530-1.pom
4/7 KB   7/7 KB            Downloaded: https://repo.spring.io/libs-snapshot/org/springframework/data/spring-data-commons/1.12.0.DATACMNS-670-SNAPSHOT/spring-data-commons-1.12.0.DATACMNS-670-20151116.165530-1.pom (7 KB at 47.0 KB/sec)
[WARNING] Failure to transfer org.springframework.data.build:spring-data-parent:1.8.0.BUILD-SNAPSHOT/maven-metadata.xml from https://nexus.codehaus.org/snapshots/ was cached in the local repository, resolution will not be reattempted until the update interval of codehaus-snapshots has elapsed or updates are forced. Original error: Could not transfer metadata org.springframework.data.build:spring-data-parent:1.8.0.BUILD-SNAPSHOT/maven-metadata.xml from/to codehaus-snapshots (https://nexus.codehaus.org/snapshots/): nexus.codehaus.org: unknown error
[WARNING] Failure to transfer org.springframework.data.build:spring-data-build:1.8.0.BUILD-SNAPSHOT/maven-metadata.xml from https://nexus.codehaus.org/snapshots/ was cached in the local repository, resolution will not be reattempted until the update interval of codehaus-snapshots has elapsed or updates are forced. Original error: Could not transfer metadata org.springframework.data.build:spring-data-build:1.8.0.BUILD-SNAPSHOT/maven-metadata.xml from/to codehaus-snapshots (https://nexus.codehaus.org/snapshots/): nexus.codehaus.org
Downloading: http://repo.maven.apache.org/maven2/com/querydsl/querydsl-apt/4.0.0/querydsl-apt-4.0.0.pom
4/8 KB   8/8 KB            Downloaded: http://repo.maven.apache.org/maven2/com/querydsl/querydsl-apt/4.0.0/querydsl-apt-4.0.0.pom (8 KB at 25.5 KB/sec)
Downloading: http://repo.maven.apache.org/maven2/com/querydsl/querydsl-root/4.0.0/querydsl-root-4.0.0.pom
4/21 KB   8/21 KB   12/21 KB   14/21 KB   18/21 KB   21/21 KB              Downloaded: http://repo.maven.apache.org/maven2/com/querydsl/querydsl-root/4.0.0/querydsl-root-4.0.0.pom (21 KB at 300.2 KB/sec)
Downloading: http://repo.maven.apache.org/maven2/com/querydsl/querydsl-codegen/4.0.0/querydsl-codegen-4.0.0.pom
3/3 KB              Downloaded: http://repo.maven.apache.org/maven2/com/querydsl/querydsl-codegen/4.0.0/querydsl-codegen-4.0.0.pom (3 KB at 35.9 KB/sec)
Downloading: http://repo.maven.apache.org/maven2/com/querydsl/querydsl-core/4.0.0/querydsl-core-4.0.0.pom
4/5 KB   5/5 KB            Downloaded: http://repo.maven.apache.org/maven2/com/querydsl/querydsl-core/4.0.0/querydsl-core-4.0.0.pom (5 KB at 48.8 KB/sec)
Downloading: http://repo.maven.apache.org/maven2/org/reflections/reflections/0.9.9/reflections-0.9.9.pom
4/9 KB   8/9 KB   9/9 KB            Downloaded: http://repo.maven.apache.org/maven2/org/reflections/reflections/0.9.9/reflections-0.9.9.pom (9 KB at 148.6 KB/sec)
Downloading: http://repo.maven.apache.org/maven2/com/google/guava/guava/15.0/guava-15.0.pom
4/7 KB   7/7 KB            Downloaded: http://repo.maven.apache.org/maven2/com/google/guava/guava/15.0/guava-15.0.pom (7 KB at 129.9 KB/sec)
Downloading: http://repo.maven.apache.org/maven2/com/google/guava/guava-parent/15.0/guava-parent-15.0.pom
4/8 KB   8/8 KB            Downloaded: http://repo.maven.apache.org/maven2/com/google/guava/guava-parent/15.0/guava-parent-15.0.pom (8 KB at 159.2 KB/sec)
Downloading: http://repo.maven.apache.org/maven2/org/javassist/javassist/3.18.2-GA/javassist-3.18.2-GA.pom
4/10 KB   8/10 KB   10/10 KB              Downloaded: http://repo.maven.apache.org/maven2/org/javassist/javassist/3.18.2-GA/javassist-3.18.2-GA.pom (10 KB at 238.4 KB/sec)
Downloading: http://repo.maven.apache.org/maven2/com/google/code/findbugs/annotations/2.0.1/annotations-2.0.1.pom
764/764 B               Downloaded: http://repo.maven.apache.org/maven2/com/google/code/findbugs/annotations/2.0.1/annotations-2.0.1.pom (764 B at 17.0 KB/sec)
Downloading: http://repo.maven.apache.org/maven2/com/querydsl/querydsl-jpa/4.0.0/querydsl-jpa-4.0.0.pom
4/12 KB     8/12 KB   12/12 KB              Downloaded: http://repo.maven.apache.org/maven2/com/querydsl/querydsl-jpa/4.0.0/querydsl-jpa-4.0.0.pom (12 KB at 235.5 KB/sec)
Downloading: https://repo.spring.io/libs-snapshot/org/springframework/data/spring-data-commons/1.12.0.DATACMNS-670-SNAPSHOT/spring-data-commons-1.12.0.DATACMNS-670-20151116.165530-1.jar
4/631 KB   8/631 KB   12/631 KB   16/631 KB   20/631 KB   24/631 KB   28/631 KB   32/631 KB   36/631 KB   40/631 KB   44/631 KB   48/631 KB   48/631 KB   52/631 KB   56/631 KB   60/631 KB   64/631 KB   68/631 KB   72/631 KB   76/631 KB   76/631 KB   80/631 KB   84/631 KB   88/631 KB   92/631 KB   96/631 KB   100/631 KB   104/631 KB   105/631 KB   109/631 KB   113/631 KB   117/631 KB   121/631 KB   125/631 KB   129/631 KB   133/631 KB   137/631 KB   141/631 KB   145/631 KB   149/631 KB   153/631 KB   157/631 KB   161/631 KB   165/631 KB   169/631 KB   173/631 KB   177/631 KB   181/631 KB   185/631 KB   189/631 KB   193/631 KB   197/631 KB   201/631 KB   205/631 KB   209/631 KB   213/631 KB   217/631 KB   221/631 KB   225/631 KB   229/631 KB   233/631 KB   237/631 KB   241/631 KB   245/631 KB   249/631 KB   253/631 KB   257/631 KB   261/631 KB   265/631 KB   269/631 KB   273/631 KB   277/631 KB   281/631 KB   285/631 KB   289/631 KB   293/631 KB   297/631 KB   301/631 KB   305/631 KB   309/631 KB   313/631 KB   317/631 KB   321/631 KB   325/631 KB   329/631 KB   333/631 KB   337/631 KB   341/631 KB   345/631 KB   349/631 KB   353/631 KB   357/631 KB   361/631 KB   365/631 KB   369/631 KB   373/631 KB   377/631 KB   381/631 KB   385/631 KB   389/631 KB   393/631 KB   397/631 KB   401/631 KB   405/631 KB   409/631 KB   413/631 KB   417/631 KB   421/631 KB   425/631 KB   429/631 KB   433/631 KB   437/631 KB   441/631 KB   445/631 KB   449/631 KB   453/631 KB   457/631 KB   461/631 KB   465/631 KB   469/631 KB   473/631 KB   477/631 KB   481/631 KB   485/631 KB   489/631 KB   493/631 KB   497/631 KB   501/631 KB   505/631 KB   509/631 KB   513/631 KB   517/631 KB   521/631 KB   525/631 KB   529/631 KB   533/631 KB   537/631 KB   541/631 KB   545/631 KB   549/631 KB   553/631 KB   557/631 KB   561/631 KB   565/631 KB   569/631 KB   573/631 KB   577/631 KB   581/631 KB   585/631 KB   589/631 KB   593/631 KB   597/631 KB   601/631 KB   605/631 KB   609/631 KB   613/631 KB   617/631 KB   621/631 KB   625/631 KB   629/631 KB   631/631 KB                Downloaded: https://repo.spring.io/libs-snapshot/org/springframework/data/spring-data-commons/1.12.0.DATACMNS-670-SNAPSHOT/spring-data-commons-1.12.0.DATACMNS-670-20151116.165530-1.jar (631 KB at 994.0 KB/sec)
Downloading: http://repo.maven.apache.org/maven2/com/querydsl/querydsl-apt/4.0.0/querydsl-apt-4.0.0.jar
Downloading: http://repo.maven.apache.org/maven2/org/reflections/reflections/0.9.9/reflections-0.9.9.jar
Downloading: http://repo.maven.apache.org/maven2/com/google/code/findbugs/annotations/2.0.1/annotations-2.0.1.jar
Downloading: http://repo.maven.apache.org/maven2/com/querydsl/querydsl-codegen/4.0.0/querydsl-codegen-4.0.0.jar
Downloading: http://repo.maven.apache.org/maven2/com/querydsl/querydsl-jpa/4.0.0/querydsl-jpa-4.0.0.jar
2/64 KB      6/64 KB   10/64 KB   10/64 KB   4/139 KB   10/64 KB   8/139 KB   10/64 KB   12/139 KB   10/64 KB   13/139 KB   14/64 KB   13/139 KB   18/64 KB   13/139 KB   22/64 KB   13/139 KB   23/64 KB   13/139 KB   27/64 KB   13/139 KB   31/64 KB   13/139 KB   35/64 KB   13/139 KB   39/64 KB   13/139 KB   43/64 KB   13/139 KB   47/64 KB   13/139 KB   51/64 KB   13/139 KB   55/64 KB   13/139 KB   59/64 KB   13/139 KB   63/64 KB   13/139 KB   64/64 KB   13/139 KB   64/64 KB   4/73 KB   13/139 KB   64/64 KB   8/73 KB   13/139 KB   64/64 KB   12/73 KB   13/139 KB   64/64 KB   13/73 KB   13/139 KB   64/64 KB   13/73 KB   16/139 KB   64/64 KB   13/73 KB   20/139 KB   64/64 KB   13/73 KB   24/139 KB   64/64 KB   13/73 KB   28/139 KB   64/64 KB   17/73 KB   32/139 KB   64/64 KB   17/73 KB   36/139 KB   64/64 KB   17/73 KB   40/139 KB   64/64 KB   17/73 KB   41/139 KB   64/64 KB   17/73 KB   28/139 KB   64/64 KB   21/73 KB   41/139 KB   64/64 KB   25/73 KB   41/139 KB   64/64 KB   29/73 KB   41/139 KB   64/64 KB   33/73 KB   41/139 KB   64/64 KB   37/73 KB   41/139 KB   64/64 KB   41/73 KB   41/139 KB   64/64 KB   41/73 KB   41/139 KB   64/64 KB   45/73 KB   41/139 KB   64/64 KB   47/73 KB   41/139 KB   64/64 KB   50/73 KB   41/139 KB   64/64 KB   53/73 KB   41/139 KB   64/64 KB   57/73 KB   41/139 KB   64/64 KB   61/73 KB   41/139 KB   64/64 KB   65/73 KB   41/139 KB   64/64 KB   69/73 KB   41/139 KB   64/64 KB   73/73 KB   41/139 KB   64/64 KB   73/73 KB   41/139 KB   64/64 KB   73/73 KB   45/139 KB   64/64 KB   73/73 KB   49/139 KB   64/64 KB   73/73 KB   52/139 KB   64/64 KB   73/73 KB   55/139 KB   64/64 KB   73/73 KB   59/139 KB   64/64 KB   73/73 KB   62/139 KB   64/64 KB   73/73 KB   66/139 KB   64/64 KB   73/73 KB   70/139 KB   64/64 KB   73/73 KB   74/139 KB   64/64 KB   73/73 KB   78/139 KB   64/64 KB   73/73 KB   80/139 KB                                     Downloaded: http://repo.maven.apache.org/maven2/com/querydsl/querydsl-apt/4.0.0/querydsl-apt-4.0.0.jar (64 KB at 355.0 KB/sec)
Downloading: http://repo.maven.apache.org/maven2/com/querydsl/querydsl-core/4.0.0/querydsl-core-4.0.0.jar
4/109 KB   73/73 KB   80/139 KB   4/109 KB   73/73 KB   83/139 KB   4/109 KB   73/73 KB   87/139 KB   4/109 KB   73/73 KB   91/139 KB   4/109 KB   73/73 KB   95/139 KB   4/109 KB   73/73 KB   99/139 KB   4/109 KB   73/73 KB   103/139 KB   4/109 KB   73/73 KB   107/139 KB   4/109 KB   73/73 KB   111/139 KB   4/109 KB   73/73 KB   115/139 KB   4/109 KB   73/73 KB   119/139 KB   4/109 KB   73/73 KB   123/139 KB   4/109 KB   73/73 KB   127/139 KB   4/109 KB   73/73 KB   131/139 KB   4/109 KB   73/73 KB   135/139 KB   4/109 KB   73/73 KB   139/139 KB                                      Downloaded: http://repo.maven.apache.org/maven2/com/google/code/findbugs/annotations/2.0.1/annotations-2.0.1.jar (73 KB at 543.4 KB/sec)
8/109 KB   139/139 KB              12/109 KB   2/72 KB   139/139 KB   16/109 KB   2/72 KB   139/139 KB   20/109 KB   2/72 KB   139/139 KB   24/109 KB   2/72 KB   139/139 KB   28/109 KB   2/72 KB   139/139 KB   32/109 KB   2/72 KB   139/139 KB   36/109 KB   2/72 KB   139/139 KB   40/109 KB   2/72 KB   139/139 KB   43/109 KB   2/72 KB   139/139 KB   8/109 KB   2/72 KB   139/139 KB   43/109 KB   6/72 KB   139/139 KB   43/109 KB   10/72 KB   139/139 KB   43/109 KB   14/72 KB   139/139 KB   43/109 KB   18/72 KB   139/139 KB   43/109 KB   22/72 KB   139/139 KB   43/109 KB   26/72 KB   139/139 KB   43/109 KB   30/72 KB   139/139 KB   43/109 KB   34/72 KB   139/139 KB   43/109 KB   38/72 KB   139/139 KB   43/109 KB   42/72 KB   139/139 KB   43/109 KB   43/72 KB   139/139 KB   43/109 KB   43/72 KB   139/139 KB   1/423 KB   43/109 KB   43/72 KB   139/139 KB   5/423 KB   43/109 KB   43/72 KB   139/139 KB   9/423 KB   43/109 KB   43/72 KB   139/139 KB   13/423 KB   43/109 KB   43/72 KB   139/139 KB   17/423 KB   43/109 KB   43/72 KB   139/139 KB   21/423 KB   43/109 KB   43/72 KB   139/139 KB   25/423 KB   43/109 KB   43/72 KB   139/139 KB   29/423 KB   43/109 KB   43/72 KB   139/139 KB   33/423 KB   43/109 KB   43/72 KB   139/139 KB   37/423 KB   43/109 KB   43/72 KB   139/139 KB   41/423 KB   43/109 KB   43/72 KB   139/139 KB   45/423 KB   43/109 KB   43/72 KB   139/139 KB   48/423 KB                                                   Downloaded: http://repo.maven.apache.org/maven2/org/reflections/reflections/0.9.9/reflections-0.9.9.jar (139 KB at 833.9 KB/sec)
43/109 KB   47/72 KB   48/423 KB                43/109 KB   51/72 KB   48/423 KB   43/109 KB   55/72 KB   48/423 KB   43/109 KB   59/72 KB   48/423 KB   43/109 KB   63/72 KB   48/423 KB   47/109 KB   63/72 KB   48/423 KB   51/109 KB   63/72 KB   48/423 KB   55/109 KB   63/72 KB   48/423 KB   59/109 KB   63/72 KB   48/423 KB   63/109 KB   63/72 KB   48/423 KB   67/109 KB   63/72 KB   48/423 KB   71/109 KB   63/72 KB   48/423 KB   75/109 KB   63/72 KB   48/423 KB   79/109 KB   63/72 KB   48/423 KB   83/109 KB   63/72 KB   48/423 KB   87/109 KB   63/72 KB   48/423 KB   91/109 KB   67/72 KB   48/423 KB   95/109 KB   67/72 KB   48/423 KB   99/109 KB   67/72 KB   48/423 KB   99/109 KB   67/72 KB   48/423 KB   87/109 KB   67/72 KB   48/423 KB   99/109 KB   71/72 KB   48/423 KB   99/109 KB   72/72 KB   48/423 KB   99/109 KB   72/72 KB   52/423 KB   99/109 KB   72/72 KB   54/423 KB   99/109 KB   72/72 KB   55/423 KB   99/109 KB   72/72 KB   59/423 KB   99/109 KB   72/72 KB   63/423 KB   99/109 KB   72/72 KB   67/423 KB   99/109 KB   72/72 KB   71/423 KB   99/109 KB   72/72 KB   75/423 KB   99/109 KB   72/72 KB   79/423 KB   99/109 KB   72/72 KB   83/423 KB   99/109 KB   72/72 KB   87/423 KB   99/109 KB   72/72 KB   91/423 KB   99/109 KB   72/72 KB   95/423 KB   99/109 KB   72/72 KB   99/423 KB   99/109 KB   72/72 KB   103/423 KB   99/109 KB   72/72 KB   107/423 KB   99/109 KB   72/72 KB   111/423 KB   99/109 KB   72/72 KB   115/423 KB   99/109 KB   72/72 KB   119/423 KB   99/109 KB   72/72 KB   123/423 KB   99/109 KB   72/72 KB   127/423 KB   99/109 KB   72/72 KB   131/423 KB   99/109 KB   72/72 KB   135/423 KB   99/109 KB   72/72 KB   139/423 KB   99/109 KB   72/72 KB   143/423 KB   99/109 KB   72/72 KB   144/423 KB   103/109 KB   72/72 KB   144/423 KB   107/109 KB   72/72 KB   144/423 KB   109/109 KB   72/72 KB   144/423 KB                                        Downloaded: http://repo.maven.apache.org/maven2/com/querydsl/querydsl-codegen/4.0.0/querydsl-codegen-4.0.0.jar (72 KB at 347.5 KB/sec)
109/109 KB   148/423 KB              109/109 KB   152/423 KB   109/109 KB   156/423 KB   109/109 KB   160/423 KB   109/109 KB   164/423 KB   109/109 KB   168/423 KB   109/109 KB   172/423 KB   109/109 KB   176/423 KB   109/109 KB   180/423 KB   109/109 KB   184/423 KB   109/109 KB   188/423 KB   109/109 KB   192/423 KB   109/109 KB   196/423 KB   109/109 KB   200/423 KB   109/109 KB   204/423 KB   109/109 KB   208/423 KB   109/109 KB   212/423 KB   109/109 KB   216/423 KB   109/109 KB   220/423 KB   109/109 KB   224/423 KB   109/109 KB   228/423 KB   109/109 KB   232/423 KB   236/423 KB                240/423 KB   244/423 KB   248/423 KB   252/423 KB   256/423 KB   259/423 KB   263/423 KB   267/423 KB   271/423 KB   275/423 KB   279/423 KB   283/423 KB   287/423 KB   291/423 KB   295/423 KB   299/423 KB   303/423 KB   307/423 KB   311/423 KB   315/423 KB   319/423 KB   323/423 KB   327/423 KB   331/423 KB   335/423 KB   339/423 KB   343/423 KB   347/423 KB   351/423 KB   355/423 KB   359/423 KB   363/423 KB   367/423 KB   371/423 KB   375/423 KB   379/423 KB   383/423 KB   387/423 KB   391/423 KB   395/423 KB   399/423 KB   403/423 KB   407/423 KB   411/423 KB   415/423 KB   419/423 KB   423/423 KB   423/423 KB                             Downloaded: http://repo.maven.apache.org/maven2/com/querydsl/querydsl-jpa/4.0.0/querydsl-jpa-4.0.0.jar (109 KB at 619.0 KB/sec)
             Downloaded: http://repo.maven.apache.org/maven2/com/querydsl/querydsl-core/4.0.0/querydsl-core-4.0.0.jar (423 KB at 2486.5 KB/sec)
[INFO] 
[INFO] --- maven-clean-plugin:2.5:clean (default-clean) @ spring-data-jpa ---
[INFO] 
[INFO] --- maven-dependency-plugin:2.10:list (default-cli) @ spring-data-jpa ---
[INFO] 
[INFO] The following files have been resolved:
[INFO]    antlr:antlr:jar:2.7.7:compile
[INFO]    aopalliance:aopalliance:jar:1.0:compile
[INFO]    ch.qos.logback:logback-classic:jar:1.1.3:test
[INFO]    ch.qos.logback:logback-core:jar:1.1.3:test
[INFO]    com.google.code.findbugs:annotations:jar:2.0.1:provided
[INFO]    com.google.code.findbugs:jsr305:jar:1.3.9:compile
[INFO]    com.google.guava:guava:jar:17.0:test
[INFO]    com.infradna.tool:bridge-method-annotation:jar:1.13:compile
[INFO]    com.mysema.codegen:codegen:jar:0.6.6:provided
[INFO]    com.mysema.commons:mysema-commons-lang:jar:0.2.4:compile
[INFO]    com.querydsl:querydsl-apt:jar:4.0.0:provided
[INFO]    com.querydsl:querydsl-codegen:jar:4.0.0:provided
[INFO]    com.querydsl:querydsl-core:jar:4.0.0:compile
[INFO]    com.querydsl:querydsl-jpa:jar:4.0.0:compile
[INFO]    commons-collections:commons-collections:jar:3.2.1:compile
[INFO]    commons-lang:commons-lang:jar:2.4:compile
[INFO]    commons-pool:commons-pool:jar:1.5.4:compile
[INFO]    dom4j:dom4j:jar:1.6.1:compile
[INFO]    javax.annotation:jsr250-api:jar:1.0:provided
[INFO]    javax.el:el-api:jar:1.0:test
[INFO]    javax.enterprise:cdi-api:jar:1.0:provided
[INFO]    javax.inject:javax.inject:jar:1:provided
[INFO]    javax.servlet:javax.servlet-api:jar:3.0.1:test
[INFO]    joda-time:joda-time:jar:2.8.2:compile
[INFO]    junit:junit:jar:4.12:test
[INFO]    net.sourceforge.serp:serp:jar:1.15.1:compile
[INFO]    org.apache.geronimo.specs:geronimo-atinject_1.0_spec:jar:1.0:test
[INFO]    org.apache.geronimo.specs:geronimo-jcdi_1.0_spec:jar:1.0:test
[INFO]    org.apache.geronimo.specs:geronimo-jms_1.1_spec:jar:1.1.1:compile
[INFO]    org.apache.geronimo.specs:geronimo-jpa_2.0_spec:jar:1.1:compile
[INFO]    org.apache.geronimo.specs:geronimo-jta_1.1_spec:jar:1.1.1:compile
[INFO]    org.apache.openjpa:openjpa-jdbc:jar:2.4.0:compile
[INFO]    org.apache.openjpa:openjpa-kernel:jar:2.4.0:compile
[INFO]    org.apache.openjpa:openjpa-lib:jar:2.4.0:compile
[INFO]    org.apache.openjpa:openjpa-persistence-jdbc:jar:2.4.0:compile
[INFO]    org.apache.openjpa:openjpa-persistence:jar:2.4.0:compile
[INFO]    org.apache.openwebbeans.test:cditest-owb:jar:1.2.8:test
[INFO]    org.apache.openwebbeans.test:cditest:jar:1.2.8:test
[INFO]    org.apache.openwebbeans:openwebbeans-impl:jar:1.2.8:test
[INFO]    org.apache.openwebbeans:openwebbeans-spi:jar:1.2.8:test
[INFO]    org.apache.xbean:xbean-asm5-shaded:jar:4.1:compile
[INFO]    org.apache.xbean:xbean-finder-shaded:jar:4.1:test
[INFO]    org.aspectj:aspectjrt:jar:1.8.6:compile
[INFO]    org.aspectj:aspectjweaver:jar:1.8.6:test
[INFO]    org.eclipse.jdt.core.compiler:ecj:jar:4.3.1:provided
[INFO]    org.eclipse.persistence:javax.persistence:jar:2.1.0:compile
[INFO]    org.eclipse.persistence:org.eclipse.persistence.antlr:jar:2.6.1:compile
[INFO]    org.eclipse.persistence:org.eclipse.persistence.asm:jar:2.6.1:compile
[INFO]    org.eclipse.persistence:org.eclipse.persistence.core:jar:2.6.1:compile
[INFO]    org.eclipse.persistence:org.eclipse.persistence.jpa.jpql:jar:2.6.1:compile
[INFO]    org.eclipse.persistence:org.eclipse.persistence.jpa:jar:2.6.1:compile
[INFO]    org.glassfish:javax.json:jar:1.0.4:compile
[INFO]    org.hamcrest:hamcrest-core:jar:1.3:test
[INFO]    org.hamcrest:hamcrest-library:jar:1.3:test
[INFO]    org.hibernate.common:hibernate-commons-annotations:jar:4.0.2.Final:compile
[INFO]    org.hibernate.javax.persistence:hibernate-jpa-2.0-api:jar:1.0.1.Final:compile
[INFO]    org.hibernate:hibernate-core:jar:4.2.20.Final:compile
[INFO]    org.hibernate:hibernate-entitymanager:jar:4.2.20.Final:compile
[INFO]    org.hsqldb:hsqldb:jar:2.2.8:test
[INFO]    org.javassist:javassist:jar:3.18.1-GA:compile
[INFO]    org.jboss.interceptor:jboss-interceptor-api:jar:1.1:provided
[INFO]    org.jboss.logging:jboss-logging:jar:3.1.0.GA:compile
[INFO]    org.jboss.spec.javax.transaction:jboss-transaction-api_1.1_spec:jar:1.0.1.Final:compile
[INFO]    org.mockito:mockito-core:jar:1.10.19:test
[INFO]    org.objenesis:objenesis:jar:2.1:test
[INFO]    org.reflections:reflections:jar:0.9.9:provided
[INFO]    org.slf4j:jcl-over-slf4j:jar:1.7.12:runtime
[INFO]    org.slf4j:slf4j-api:jar:1.7.12:compile
[INFO]    org.springframework.data:spring-data-commons:jar:1.12.0.DATACMNS-670-SNAPSHOT:compile
[INFO]    org.springframework:spring-aop:jar:4.1.8.RELEASE:compile
[INFO]    org.springframework:spring-aspects:jar:4.1.8.RELEASE:compile
[INFO]    org.springframework:spring-beans:jar:4.1.8.RELEASE:compile
[INFO]    org.springframework:spring-context:jar:4.1.8.RELEASE:compile
[INFO]    org.springframework:spring-core:jar:4.1.8.RELEASE:compile
[INFO]    org.springframework:spring-expression:jar:4.1.8.RELEASE:compile
[INFO]    org.springframework:spring-instrument:jar:4.1.8.RELEASE:provided
[INFO]    org.springframework:spring-jdbc:jar:4.1.8.RELEASE:compile
[INFO]    org.springframework:spring-orm:jar:4.1.8.RELEASE:compile
[INFO]    org.springframework:spring-test:jar:4.1.8.RELEASE:test
[INFO]    org.springframework:spring-tx:jar:4.1.8.RELEASE:compile
[INFO]    org.threeten:threetenbp:jar:1.3:compile
[INFO] 
[INFO] 
[INFO] --- apt-maven-plugin:1.1.3:process (sources) @ spring-data-jpa ---
[INFO] 
[INFO] --- maven-resources-plugin:2.6:resources (default-resources) @ spring-data-jpa ---
[INFO] Using 'UTF-8' encoding to copy filtered resources.
[INFO] Copying 13 resources
[INFO] 
[INFO] --- maven-compiler-plugin:3.3:compile (default-compile) @ spring-data-jpa ---
[INFO] Changes detected - recompiling the module!
[INFO] Compiling 100 source files to /home/travis/build/spring-projects/spring-data-jpa/target/classes
[INFO] /home/travis/build/spring-projects/spring-data-jpa/target/generated-sources/annotations/org/springframework/data/jpa/domain/QAbstractPersistable.java: Some input files use unchecked or unsafe operations.
[INFO] /home/travis/build/spring-projects/spring-data-jpa/target/generated-sources/annotations/org/springframework/data/jpa/domain/QAbstractPersistable.java: Recompile with -Xlint:unchecked for details.
[INFO] 
[INFO] --- com.springsource.bundlor.maven:1.0.0.RELEASE:bundlor (bundlor) @ spring-data-jpa ---
Manifest written to '/home/travis/build/spring-projects/spring-data-jpa/target/classes/META-INF/MANIFEST.MF'
[INFO] 
[INFO] --- aspectj-maven-plugin:1.6:compile (default) @ spring-data-jpa ---
[INFO] 
[INFO] --- apt-maven-plugin:1.1.3:test-process (test-sources) @ spring-data-jpa ---
[INFO] 
[INFO] --- maven-resources-plugin:2.6:testResources (default-testResources) @ spring-data-jpa ---
[INFO] Using 'UTF-8' encoding to copy filtered resources.
[INFO] Copying 33 resources
[INFO] 
[INFO] --- maven-compiler-plugin:3.3:testCompile (default-testCompile) @ spring-data-jpa ---
[INFO] Changes detected - recompiling the module!
[INFO] Compiling 304 source files to /home/travis/build/spring-projects/spring-data-jpa/target/test-classes
[INFO] 
[INFO] --- maven-surefire-plugin:2.12:test (default-test) @ spring-data-jpa ---
[INFO] Surefire report directory: /home/travis/build/spring-projects/spring-data-jpa/target/surefire-reports

-------------------------------------------------------
 T E S T S
-------------------------------------------------------

Results :

Tests run: 0, Failures: 0, Errors: 0, Skipped: 0

[INFO] 
[INFO] --- maven-surefire-plugin:2.12:test (unit-tests) @ spring-data-jpa ---
[INFO] Surefire report directory: /home/travis/build/spring-projects/spring-data-jpa/target/surefire-reports

-------------------------------------------------------
 T E S T S
-------------------------------------------------------
Running org.springframework.data.jpa.repository.support.DefaultJpaContextUnitTests
Tests run: 2, Failures: 0, Errors: 0, Skipped: 0, Time elapsed: 0.178 sec
Running org.springframework.data.jpa.repository.support.JpaEntityInformationSupportUnitTests
Tests run: 2, Failures: 0, Errors: 0, Skipped: 0, Time elapsed: 0.633 sec
Running org.springframework.data.jpa.repository.support.EntityManagerBeanDefinitionRegistratPostProcessorUnitTests
Tests run: 1, Failures: 0, Errors: 0, Skipped: 0, Time elapsed: 0.459 sec
Running org.springframework.data.jpa.repository.support.JpaRepositoryFactoryBeanUnitTests
Tests run: 4, Failures: 0, Errors: 0, Skipped: 0, Time elapsed: 0.223 sec
Running org.springframework.data.jpa.repository.support.SimpleJpaRepositoryUnitTests
Tests run: 3, Failures: 0, Errors: 0, Skipped: 0, Time elapsed: 0.681 sec
Running org.springframework.data.jpa.repository.support.JpaRepositoryFactoryUnitTests
Tests run: 9, Failures: 0, Errors: 0, Skipped: 0, Time elapsed: 0.998 sec
Running org.springframework.data.jpa.repository.support.JpaPersistableEntityInformationUnitTests
Tests run: 1, Failures: 0, Errors: 0, Skipped: 0, Time elapsed: 0.05 sec
Running org.springframework.data.jpa.repository.support.EntityManagerFactoryRefUnitTests
Tests run: 1, Failures: 0, Errors: 0, Skipped: 0, Time elapsed: 1.28 sec
Running org.springframework.data.jpa.repository.support.JpaMetamodelEntityInformationUnitTests
Tests run: 1, Failures: 0, Errors: 0, Skipped: 0, Time elapsed: 0.161 sec
Running org.springframework.data.jpa.repository.support.CrudMethodMetadataPopulatingMethodInterceptorUnitTests
Tests run: 1, Failures: 0, Errors: 0, Skipped: 0, Time elapsed: 0.034 sec
Running org.springframework.data.jpa.repository.query.SimpleJpaQueryUnitTests
Tests run: 10, Failures: 0, Errors: 0, Skipped: 0, Time elapsed: 0.488 sec
Running org.springframework.data.jpa.repository.query.ParameterBinderUnitTests
Tests run: 15, Failures: 0, Errors: 0, Skipped: 0, Time elapsed: 0.084 sec
Running org.springframework.data.jpa.repository.query.JpaQueryExecutionUnitTests
Tests run: 8, Failures: 0, Errors: 0, Skipped: 0, Time elapsed: 0.088 sec
Running org.springframework.data.jpa.repository.query.JpaQueryLookupStrategyUnitTests
Tests run: 2, Failures: 0, Errors: 0, Skipped: 0, Time elapsed: 0.046 sec
Running org.springframework.data.jpa.repository.query.JpaParametersUnitTests
Tests run: 1, Failures: 0, Errors: 0, Skipped: 0, Time elapsed: 0.002 sec
Running org.springframework.data.jpa.repository.query.ExpressionBasedStringQueryUnitTests
Tests run: 2, Failures: 0, Errors: 0, Skipped: 0, Time elapsed: 0.033 sec
Running org.springframework.data.jpa.repository.query.StringQueryUnitTests
Tests run: 20, Failures: 0, Errors: 0, Skipped: 0, Time elapsed: 0.061 sec
Running org.springframework.data.jpa.repository.query.JpaQueryMethodUnitTests
Tests run: 27, Failures: 0, Errors: 0, Skipped: 0, Time elapsed: 0.252 sec
Running org.springframework.data.jpa.repository.query.Jpa21UtilsUnitTests
Tests run: 1, Failures: 0, Errors: 0, Skipped: 0, Time elapsed: 0.076 sec
Running org.springframework.data.jpa.repository.query.LikeBindingUnitTests
Tests run: 8, Failures: 0, Errors: 0, Skipped: 0, Time elapsed: 0.031 sec
Running org.springframework.data.jpa.repository.query.StoredProcedureAttributeSourceUnitTests
Tests run: 6, Failures: 0, Errors: 0, Skipped: 0, Time elapsed: 0.15 sec
Running org.springframework.data.jpa.repository.query.StoredProcedureAttributesUnitTests
Tests run: 1, Failures: 0, Errors: 0, Skipped: 0, Time elapsed: 0.003 sec
Running org.springframework.data.jpa.repository.query.QueryUtilsUnitTests
Tests run: 27, Failures: 0, Errors: 0, Skipped: 0, Time elapsed: 0.134 sec
Running org.springframework.data.jpa.repository.query.NamedQueryUnitTests
Tests run: 2, Failures: 0, Errors: 0, Skipped: 0, Time elapsed: 0.036 sec
Running org.springframework.data.jpa.repository.cdi.JpaRepositoryExtensionUnitTests
Tests run: 3, Failures: 0, Errors: 0, Skipped: 0, Time elapsed: 0.067 sec
Running org.springframework.data.jpa.repository.config.JpaRepositoryConfigExtensionUnitTests
Tests run: 4, Failures: 0, Errors: 0, Skipped: 0, Time elapsed: 0.158 sec
Running org.springframework.data.jpa.repository.config.JpaAuditingRegistrarUnitTests
Tests run: 2, Failures: 0, Errors: 0, Skipped: 0, Time elapsed: 0.042 sec
Running org.springframework.data.jpa.repository.config.JpaRepositoriesRegistrarUnitTests
Tests run: 1, Failures: 0, Errors: 0, Skipped: 0, Time elapsed: 0.502 sec
Running org.springframework.data.jpa.repository.CrudMethodMetadataUnitTests
Tests run: 3, Failures: 0, Errors: 0, Skipped: 0, Time elapsed: 0.578 sec
Running org.springframework.data.jpa.support.MergingPersistenceUnitManagerUnitTests
Tests run: 5, Failures: 0, Errors: 0, Skipped: 0, Time elapsed: 0.036 sec
Running org.springframework.data.jpa.support.ClasspathScanningPersistenceUnitPostProcessorUnitTests
Tests run: 8, Failures: 0, Errors: 0, Skipped: 0, Time elapsed: 0.028 sec
Running org.springframework.data.jpa.domain.support.AuditingNamespaceUnitTests
Tests run: 5, Failures: 0, Errors: 0, Skipped: 0, Time elapsed: 1.913 sec
Running org.springframework.data.jpa.domain.support.AuditingBeanFactoryPostProcessorUnitTests
Tests run: 4, Failures: 0, Errors: 0, Skipped: 0, Time elapsed: 0.865 sec
Running org.springframework.data.jpa.domain.support.AnnotationAuditingBeanFactoryPostProcessorUnitTests
Tests run: 4, Failures: 0, Errors: 0, Skipped: 0, Time elapsed: 0.254 sec
Running org.springframework.data.jpa.domain.SpecificationsUnitTests
Tests run: 8, Failures: 0, Errors: 0, Skipped: 0, Time elapsed: 0.506 sec
Running org.springframework.data.jpa.mapping.JpaPersistentPropertyImplUnitTests
Tests run: 13, Failures: 0, Errors: 0, Skipped: 0, Time elapsed: 0.303 sec
Running org.springframework.data.jpa.mapping.JpaMetamodelMappingContextUnitTests
Tests run: 1, Failures: 0, Errors: 0, Skipped: 0, Time elapsed: 0.01 sec
Running org.springframework.data.jpa.provider.PersistenceProviderUnitTests
Tests run: 5, Failures: 0, Errors: 0, Skipped: 0, Time elapsed: 0.218 sec

Results :

Tests run: 221, Failures: 0, Errors: 0, Skipped: 0

[INFO] 
[INFO] --- maven-surefire-plugin:2.12:test (integration-tests) @ spring-data-jpa ---
[INFO] Surefire report directory: /home/travis/build/spring-projects/spring-data-jpa/target/surefire-reports

-------------------------------------------------------
 T E S T S
-------------------------------------------------------
Running org.springframework.data.jpa.repository.support.EntityManagerBeanDefinitionRegistrarPostProcessorIntegrationTests
Tests run: 1, Failures: 0, Errors: 0, Skipped: 0, Time elapsed: 11.551 sec
Running org.springframework.data.jpa.repository.support.TransactionalRepositoryTests
Tests run: 5, Failures: 0, Errors: 0, Skipped: 0, Time elapsed: 7.266 sec
Running org.springframework.data.jpa.repository.support.JpaMetamodelEntityInformationIntegrationTests
Tests run: 15, Failures: 0, Errors: 0, Skipped: 2, Time elapsed: 3.887 sec
Running org.springframework.data.jpa.repository.support.QueryDslJpaRepositoryTests
Tests run: 18, Failures: 0, Errors: 0, Skipped: 0, Time elapsed: 1.572 sec
Running org.springframework.data.jpa.repository.support.MailMessageRepositoryIntegrationTests
Tests run: 4, Failures: 0, Errors: 0, Skipped: 0, Time elapsed: 7.555 sec
Running org.springframework.data.jpa.repository.support.JavaConfigDefaultTransactionDisablingIntegrationTests
Tests run: 3, Failures: 0, Errors: 0, Skipped: 0, Time elapsed: 6.413 sec
Running org.springframework.data.jpa.repository.support.XmlConfigDefaultTransactionDisablingIntegrationTests
Tests run: 3, Failures: 0, Errors: 0, Skipped: 0, Time elapsed: 4.014 sec
Running org.springframework.data.jpa.repository.support.QueryDslRepositorySupportTests
Tests run: 4, Failures: 0, Errors: 0, Skipped: 0, Time elapsed: 0.253 sec
Running org.springframework.data.jpa.repository.support.QueryDslRepositorySupportIntegrationTests
Tests run: 2, Failures: 0, Errors: 0, Skipped: 0, Time elapsed: 1.419 sec
Running org.springframework.data.jpa.repository.support.JpaRepositoryTests
Tests run: 4, Failures: 0, Errors: 0, Skipped: 0, Time elapsed: 0.289 sec
Running org.springframework.data.jpa.repository.support.QuerydslIntegrationTests
Tests run: 2, Failures: 0, Errors: 2, Skipped: 0, Time elapsed: 0.057 sec <<< FAILURE!
defaultOrderingShouldNotGenerateAnNullOrderingHint(org.springframework.data.jpa.repository.support.QuerydslIntegrationTests)  Time elapsed: 0.016 sec  <<< ERROR!
java.lang.IllegalArgumentException: No joins given
	at com.querydsl.jpa.JPAQueryBase.serialize(JPAQueryBase.java:48)
	at com.querydsl.jpa.JPAQueryBase.toString(JPAQueryBase.java:215)
	at org.springframework.data.jpa.repository.support.QuerydslIntegrationTests.defaultOrderingShouldNotGenerateAnNullOrderingHint(QuerydslIntegrationTests.java:71)
	at sun.reflect.NativeMethodAccessorImpl.invoke0(Native Method)
	at sun.reflect.NativeMethodAccessorImpl.invoke(NativeMethodAccessorImpl.java:62)
	at sun.reflect.DelegatingMethodAccessorImpl.invoke(DelegatingMethodAccessorImpl.java:43)
	at java.lang.reflect.Method.invoke(Method.java:483)
	at org.junit.runners.model.FrameworkMethod$1.runReflectiveCall(FrameworkMethod.java:50)
	at org.junit.internal.runners.model.ReflectiveCallable.run(ReflectiveCallable.java:12)
	at org.junit.runners.model.FrameworkMethod.invokeExplosively(FrameworkMethod.java:47)
	at org.junit.internal.runners.statements.InvokeMethod.evaluate(InvokeMethod.java:17)
	at org.junit.internal.runners.statements.RunBefores.evaluate(RunBefores.java:26)
	at org.springframework.test.context.junit4.statements.RunBeforeTestMethodCallbacks.evaluate(RunBeforeTestMethodCallbacks.java:75)
	at org.springframework.test.context.junit4.statements.RunAfterTestMethodCallbacks.evaluate(RunAfterTestMethodCallbacks.java:86)
	at org.springframework.test.context.junit4.statements.SpringRepeat.evaluate(SpringRepeat.java:70)
	at org.junit.runners.ParentRunner.runLeaf(ParentRunner.java:325)
	at org.springframework.test.context.junit4.SpringJUnit4ClassRunner.runChild(SpringJUnit4ClassRunner.java:224)
	at org.springframework.test.context.junit4.SpringJUnit4ClassRunner.runChild(SpringJUnit4ClassRunner.java:83)
	at org.junit.runners.ParentRunner$3.run(ParentRunner.java:290)
	at org.junit.runners.ParentRunner$1.schedule(ParentRunner.java:71)
	at org.junit.runners.ParentRunner.runChildren(ParentRunner.java:288)
	at org.junit.runners.ParentRunner.access$000(ParentRunner.java:58)
	at org.junit.runners.ParentRunner$2.evaluate(ParentRunner.java:268)
	at org.springframework.test.context.junit4.statements.RunBeforeTestClassCallbacks.evaluate(RunBeforeTestClassCallbacks.java:61)
	at org.springframework.test.context.junit4.statements.RunAfterTestClassCallbacks.evaluate(RunAfterTestClassCallbacks.java:70)
	at org.junit.runners.ParentRunner.run(ParentRunner.java:363)
	at org.springframework.test.context.junit4.SpringJUnit4ClassRunner.run(SpringJUnit4ClassRunner.java:163)
	at org.apache.maven.surefire.junit4.JUnit4Provider.execute(JUnit4Provider.java:236)
	at org.apache.maven.surefire.junit4.JUnit4Provider.executeTestSet(JUnit4Provider.java:134)
	at org.apache.maven.surefire.junit4.JUnit4Provider.invoke(JUnit4Provider.java:113)
	at sun.reflect.NativeMethodAccessorImpl.invoke0(Native Method)
	at sun.reflect.NativeMethodAccessorImpl.invoke(NativeMethodAccessorImpl.java:62)
	at sun.reflect.DelegatingMethodAccessorImpl.invoke(DelegatingMethodAccessorImpl.java:43)
	at java.lang.reflect.Method.invoke(Method.java:483)
	at org.apache.maven.surefire.util.ReflectionUtils.invokeMethodWithArray(ReflectionUtils.java:189)
	at org.apache.maven.surefire.booter.ProviderFactory$ProviderProxy.invoke(ProviderFactory.java:165)
	at org.apache.maven.surefire.booter.ProviderFactory.invokeProvider(ProviderFactory.java:85)
	at org.apache.maven.surefire.booter.ForkedBooter.runSuitesInProcess(ForkedBooter.java:103)
	at org.apache.maven.surefire.booter.ForkedBooter.main(ForkedBooter.java:74)
testname(org.springframework.data.jpa.repository.support.QuerydslIntegrationTests)  Time elapsed: 0.011 sec  <<< ERROR!
java.lang.IllegalArgumentException: No joins given
	at com.querydsl.jpa.JPAQueryBase.serialize(JPAQueryBase.java:48)
	at com.querydsl.jpa.JPAQueryBase.toString(JPAQueryBase.java:215)
	at org.springframework.data.jpa.repository.support.QuerydslIntegrationTests.testname(QuerydslIntegrationTests.java:77)
	at sun.reflect.NativeMethodAccessorImpl.invoke0(Native Method)
	at sun.reflect.NativeMethodAccessorImpl.invoke(NativeMethodAccessorImpl.java:62)
	at sun.reflect.DelegatingMethodAccessorImpl.invoke(DelegatingMethodAccessorImpl.java:43)
	at java.lang.reflect.Method.invoke(Method.java:483)
	at org.junit.runners.model.FrameworkMethod$1.runReflectiveCall(FrameworkMethod.java:50)
	at org.junit.internal.runners.model.ReflectiveCallable.run(ReflectiveCallable.java:12)
	at org.junit.runners.model.FrameworkMethod.invokeExplosively(FrameworkMethod.java:47)
	at org.junit.internal.runners.statements.InvokeMethod.evaluate(InvokeMethod.java:17)
	at org.junit.internal.runners.statements.RunBefores.evaluate(RunBefores.java:26)
	at org.springframework.test.context.junit4.statements.RunBeforeTestMethodCallbacks.evaluate(RunBeforeTestMethodCallbacks.java:75)
	at org.springframework.test.context.junit4.statements.RunAfterTestMethodCallbacks.evaluate(RunAfterTestMethodCallbacks.java:86)
	at org.springframework.test.context.junit4.statements.SpringRepeat.evaluate(SpringRepeat.java:70)
	at org.junit.runners.ParentRunner.runLeaf(ParentRunner.java:325)
	at org.springframework.test.context.junit4.SpringJUnit4ClassRunner.runChild(SpringJUnit4ClassRunner.java:224)
	at org.springframework.test.context.junit4.SpringJUnit4ClassRunner.runChild(SpringJUnit4ClassRunner.java:83)
	at org.junit.runners.ParentRunner$3.run(ParentRunner.java:290)
	at org.junit.runners.ParentRunner$1.schedule(ParentRunner.java:71)
	at org.junit.runners.ParentRunner.runChildren(ParentRunner.java:288)
	at org.junit.runners.ParentRunner.access$000(ParentRunner.java:58)
	at org.junit.runners.ParentRunner$2.evaluate(ParentRunner.java:268)
	at org.springframework.test.context.junit4.statements.RunBeforeTestClassCallbacks.evaluate(RunBeforeTestClassCallbacks.java:61)
	at org.springframework.test.context.junit4.statements.RunAfterTestClassCallbacks.evaluate(RunAfterTestClassCallbacks.java:70)
	at org.junit.runners.ParentRunner.run(ParentRunner.java:363)
	at org.springframework.test.context.junit4.SpringJUnit4ClassRunner.run(SpringJUnit4ClassRunner.java:163)
	at org.apache.maven.surefire.junit4.JUnit4Provider.execute(JUnit4Provider.java:236)
	at org.apache.maven.surefire.junit4.JUnit4Provider.executeTestSet(JUnit4Provider.java:134)
	at org.apache.maven.surefire.junit4.JUnit4Provider.invoke(JUnit4Provider.java:113)
	at sun.reflect.NativeMethodAccessorImpl.invoke0(Native Method)
	at sun.reflect.NativeMethodAccessorImpl.invoke(NativeMethodAccessorImpl.java:62)
	at sun.reflect.DelegatingMethodAccessorImpl.invoke(DelegatingMethodAccessorImpl.java:43)
	at java.lang.reflect.Method.invoke(Method.java:483)
	at org.apache.maven.surefire.util.ReflectionUtils.invokeMethodWithArray(ReflectionUtils.java:189)
	at org.apache.maven.surefire.booter.ProviderFactory$ProviderProxy.invoke(ProviderFactory.java:165)
	at org.apache.maven.surefire.booter.ProviderFactory.invokeProvider(ProviderFactory.java:85)
	at org.apache.maven.surefire.booter.ForkedBooter.runSuitesInProcess(ForkedBooter.java:103)
	at org.apache.maven.surefire.booter.ForkedBooter.main(ForkedBooter.java:74)
Running org.springframework.data.jpa.repository.support.EntityManagerFactoryRefTests
Tests run: 2, Failures: 0, Errors: 0, Skipped: 0, Time elapsed: 7.355 sec
Running org.springframework.data.jpa.repository.support.DefaultJpaContextIntegrationTests
Tests run: 3, Failures: 0, Errors: 0, Skipped: 0, Time elapsed: 0.991 sec
Running org.springframework.data.jpa.repository.query.PartTreeJpaQueryIntegrationTests
Tests run: 4, Failures: 0, Errors: 0, Skipped: 0, Time elapsed: 0.132 sec
Running org.springframework.data.jpa.repository.query.ParameterExpressionProviderTests
Tests run: 1, Failures: 0, Errors: 0, Skipped: 0, Time elapsed: 0.019 sec
Running org.springframework.data.jpa.repository.query.QueryUtilsIntegrationTests
Tests run: 6, Failures: 0, Errors: 0, Skipped: 0, Time elapsed: 0.975 sec
Running org.springframework.data.jpa.repository.query.ParameterMetadataProviderIntegrationTests
Tests run: 3, Failures: 0, Errors: 0, Skipped: 0, Time elapsed: 0.078 sec
Running org.springframework.data.jpa.repository.query.AbstractJpaQueryTests
Tests run: 5, Failures: 0, Errors: 0, Skipped: 2, Time elapsed: 0.371 sec
Running org.springframework.data.jpa.repository.cdi.CdiExtensionIntegrationTests
Nov 16, 2015 5:15:46 PM org.apache.webbeans.lifecycle.AbstractLifeCycle bootstrapApplication
INFO: OpenWebBeans Container is starting...
Nov 16, 2015 5:15:46 PM org.apache.webbeans.corespi.scanner.AbstractMetaDataDiscovery addWebBeansXmlLocation
INFO: added beans.xml marker: file:/home/travis/build/spring-projects/spring-data-jpa/target/test-classes/META-INF/beans.xml
Nov 16, 2015 5:15:49 PM org.apache.webbeans.config.BeansDeployer validateInjectionPoints
INFO: All injection points were validated successfully.
Nov 16, 2015 5:15:50 PM org.apache.webbeans.lifecycle.AbstractLifeCycle bootstrapApplication
INFO: OpenWebBeans Container has started, it took [4289] ms.
Tests run: 4, Failures: 0, Errors: 0, Skipped: 0, Time elapsed: 4.863 sec
Running org.springframework.data.jpa.repository.StoredProcedureIntegrationTests
Tests run: 12, Failures: 0, Errors: 0, Skipped: 12, Time elapsed: 4.503 sec
Running org.springframework.data.jpa.repository.UserRepositoryFinderTests
Tests run: 12, Failures: 0, Errors: 0, Skipped: 0, Time elapsed: 5.898 sec
Running org.springframework.data.jpa.repository.RoleRepositoryIntegrationTests
Tests run: 5, Failures: 0, Errors: 0, Skipped: 0, Time elapsed: 3.596 sec
Running org.springframework.data.jpa.repository.config.JpaRepositoryConfigDefinitionParserTests
Tests run: 1, Failures: 0, Errors: 0, Skipped: 0, Time elapsed: 0.632 sec
Running org.springframework.data.jpa.repository.config.JpaRepositoriesRegistrarIntegrationTests
Tests run: 2, Failures: 0, Errors: 0, Skipped: 0, Time elapsed: 2.728 sec
Running org.springframework.data.jpa.repository.config.RepositoryConfigTests
Tests run: 3, Failures: 0, Errors: 0, Skipped: 0, Time elapsed: 0.018 sec
Running org.springframework.data.jpa.repository.config.ExplicitAuditingViaJavaConfigRepositoriesTests
Tests run: 2, Failures: 0, Errors: 0, Skipped: 0, Time elapsed: 3.974 sec
Running org.springframework.data.jpa.repository.config.RepositoriesJavaConfigTests
Tests run: 1, Failures: 0, Errors: 0, Skipped: 0, Time elapsed: 2.862 sec
Running org.springframework.data.jpa.repository.config.AuditingBeanDefinitionParserTests
Tests run: 4, Failures: 0, Errors: 0, Skipped: 0, Time elapsed: 0.509 sec
Running org.springframework.data.jpa.repository.config.NestedRepositoriesJavaConfigTests
Tests run: 1, Failures: 0, Errors: 0, Skipped: 0, Time elapsed: 1.943 sec
Running org.springframework.data.jpa.repository.config.DefaultAuditingViaJavaConfigRepositoriesTests
Tests run: 2, Failures: 0, Errors: 0, Skipped: 0, Time elapsed: 2.925 sec
Running org.springframework.data.jpa.repository.config.AllowNestedRepositoriesRepositoryConfigTests
Tests run: 4, Failures: 0, Errors: 0, Skipped: 0, Time elapsed: 2.037 sec
Running org.springframework.data.jpa.repository.config.CustomRepositoryFactoryConfigTests
Tests run: 3, Failures: 0, Errors: 0, Skipped: 0, Time elapsed: 1.281 sec
Running org.springframework.data.jpa.repository.config.RepositoryAutoConfigTests
Tests run: 3, Failures: 0, Errors: 0, Skipped: 0, Time elapsed: 1.525 sec
Running org.springframework.data.jpa.repository.config.QueryLookupStrategyTests
Tests run: 1, Failures: 0, Errors: 0, Skipped: 0, Time elapsed: 1.377 sec
Running org.springframework.data.jpa.repository.config.TypeFilterConfigTests
Tests run: 3, Failures: 0, Errors: 0, Skipped: 0, Time elapsed: 2.318 sec
Running org.springframework.data.jpa.repository.CustomAbstractPersistableIntegrationTests
Tests run: 1, Failures: 0, Errors: 0, Skipped: 0, Time elapsed: 0.009 sec
Running org.springframework.data.jpa.repository.JavaConfigUserRepositoryTests
Tests run: 134, Failures: 0, Errors: 0, Skipped: 2, Time elapsed: 7.84 sec
Running org.springframework.data.jpa.repository.UserRepositoryTests
Tests run: 133, Failures: 0, Errors: 0, Skipped: 2, Time elapsed: 3.85 sec
Running org.springframework.data.jpa.repository.EntityGraphRepositoryMethodsIntegrationTests
Tests run: 4, Failures: 0, Errors: 0, Skipped: 4, Time elapsed: 0.054 sec
Running org.springframework.data.jpa.repository.UserRepositoryStoredProcedureTests
Tests run: 5, Failures: 0, Errors: 0, Skipped: 5, Time elapsed: 0.039 sec
Running org.springframework.data.jpa.repository.ParentRepositoryIntegrationTests
Tests run: 2, Failures: 0, Errors: 0, Skipped: 0, Time elapsed: 0.112 sec
Running org.springframework.data.jpa.repository.RepositoryWithCompositeKeyTests
Tests run: 8, Failures: 0, Errors: 0, Skipped: 0, Time elapsed: 0.226 sec
Running org.springframework.data.jpa.repository.NamespaceUserRepositoryTests
Tests run: 134, Failures: 0, Errors: 0, Skipped: 2, Time elapsed: 3.121 sec
Running org.springframework.data.jpa.repository.AbstractPersistableIntegrationTests
Tests run: 1, Failures: 0, Errors: 0, Skipped: 0, Time elapsed: 0.006 sec
Running org.springframework.data.jpa.repository.SPR8954Tests
Tests run: 1, Failures: 0, Errors: 0, Skipped: 0, Time elapsed: 0.019 sec
Running org.springframework.data.jpa.repository.RedeclaringRepositoryMethodsTests
Tests run: 2, Failures: 0, Errors: 0, Skipped: 0, Time elapsed: 0.008 sec
Running org.springframework.data.jpa.repository.ORMInfrastructureTests
Tests run: 1, Failures: 0, Errors: 0, Skipped: 0, Time elapsed: 0.017 sec
Running org.springframework.data.jpa.repository.MappedTypeRepositoryIntegrationTests
Tests run: 2, Failures: 0, Errors: 0, Skipped: 0, Time elapsed: 0.063 sec
Running org.springframework.data.jpa.repository.SimpleJpaParameterBindingTests
Tests run: 2, Failures: 0, Errors: 0, Skipped: 1, Time elapsed: 0.021 sec
Running org.springframework.data.jpa.domain.support.AuditingEntityListenerTests
Tests run: 4, Failures: 0, Errors: 0, Skipped: 0, Time elapsed: 1.654 sec
Running org.springframework.data.jpa.domain.JpaSortTests
Tests run: 17, Failures: 0, Errors: 0, Skipped: 0, Time elapsed: 0.011 sec
Running org.springframework.data.jpa.infrastructure.HibernateMetamodelIntegrationTests
Tests run: 3, Failures: 0, Errors: 0, Skipped: 2, Time elapsed: 0.006 sec
Running org.springframework.data.jpa.convert.threetenbp.ThreeTenBackPortJpaConvertersIntegrationTests
Tests run: 1, Failures: 0, Errors: 0, Skipped: 1, Time elapsed: 0.641 sec
Running org.springframework.data.jpa.convert.threeten.Jsr310JpaConvertersIntegrationTests
Tests run: 1, Failures: 0, Errors: 0, Skipped: 1, Time elapsed: 0.75 sec
Running org.springframework.data.jpa.mapping.JpaMetamodelMappingContextIntegrationTests
Tests run: 6, Failures: 0, Errors: 0, Skipped: 0, Time elapsed: 0.502 sec
Running org.springframework.data.jpa.provider.PersistenceProviderIntegrationTests
Tests run: 1, Failures: 0, Errors: 0, Skipped: 0, Time elapsed: 0.815 sec

Results :

Tests in error: 
  defaultOrderingShouldNotGenerateAnNullOrderingHint(org.springframework.data.jpa.repository.support.QuerydslIntegrationTests): No joins given
  testname(org.springframework.data.jpa.repository.support.QuerydslIntegrationTests): No joins given

Tests run: 611, Failures: 0, Errors: 2, Skipped: 36

[INFO] ------------------------------------------------------------------------
[INFO] BUILD FAILURE
[INFO] ------------------------------------------------------------------------
[INFO] Total time: 03:01 min
[INFO] Finished at: 2015-11-16T17:16:49+00:00
[INFO] Final Memory: 37M/453M
[INFO] ------------------------------------------------------------------------
[ERROR] Failed to execute goal org.apache.maven.plugins:maven-surefire-plugin:2.12:test (integration-tests) on project spring-data-jpa: There are test failures.
[ERROR] 
[ERROR] Please refer to /home/travis/build/spring-projects/spring-data-jpa/target/surefire-reports for the individual test results.
[ERROR] -> [Help 1]
[ERROR] 
[ERROR] To see the full stack trace of the errors, re-run Maven with the -e switch.
[ERROR] Re-run Maven using the -X switch to enable full debug logging.
[ERROR] 
[ERROR] For more information about the errors and possible solutions, please read the following articles:
[ERROR] [Help 1] http://cwiki.apache.org/confluence/display/MAVEN/MojoFailureException
travis_time:end:13873080:start=1447694024951972026,finish=1447694210583783190,duration=185631811164[0K
[31;1mThe command "mvn clean dependency:list test -P${PROFILE} -Dsort" exited with 1.[0m
travis_fold:start:cache.2[0Kstore build cache
travis_time:start:0b928578[0Ktravis_time:end:0b928578:start=1447694210589962875,finish=1447694210594883767,duration=4920892[0Ktravis_time:start:00122917[0Kchange detected:
/home/travis/.m2/repository/com/google/code/findbugs/annotations/2.0.1/annotations-2.0.1.jar
/home/travis/.m2/repository/com/google/code/findbugs/annotations/2.0.1/annotations-2.0.1.jar.sha1
/home/travis/.m2/repository/com/google/code/findbugs/annotations/2.0.1/annotations-2.0.1.pom
/home/travis/.m2/repository/com/google/code/findbugs/annotations/2.0.1/annotations-2.0.1.pom.sha1
/home/travis/.m2/repository/com/google/code/findbugs/annotations/2.0.1/_remote.repositories
/home/travis/.m2/repository/com/google/guava/guava/15.0/guava-15.0.pom
/home/travis/.m2/repository/com/google/guava/guava/15.0/guava-15.0.pom.sha1
/home/travis/.m2/repository/com/google/guava/guava/15.0/_remote.repositories
/home/travis/.m2/repository/com/google/guava/guava-parent/15.0/guava-parent-15.0.pom
/home/travis/.m2/repository/com/google/guava/guava-parent/15.0/guava-parent-15.0.pom.sha1
/home/travis/.m2/repository/com/google/guava/guava-parent/15.0/_remote.repositories
/home/travis/.m2/repository/com/querydsl/que
...
changes detected, packing new archive
.
.
.
uploading archive
travis_time:end:00122917:start=1447694210600575458,finish=1447694232506509037,duration=21905933579[0Ktravis_fold:end:cache.2[0K
Done. Your build exited with 1.
