Using worker: worker-linux-docker-41e83aa8.prod.travis-ci.org:travis-linux-6

travis_fold:start:system_info[0K[33;1mBuild system information[0m
Build language: java
[34m[1mBuild image provisioning date and time[0m
Thu Feb  5 15:09:33 UTC 2015
[34m[1mOperating System Details[0m
Distributor ID:	Ubuntu
Description:	Ubuntu 12.04.5 LTS
Release:	12.04
Codename:	precise
[34m[1mLinux Version[0m
3.13.0-29-generic
[34m[1mCookbooks Version[0m
a68419e https://github.com/travis-ci/travis-cookbooks/tree/a68419e
[34m[1mGCC version[0m
gcc (Ubuntu/Linaro 4.6.3-1ubuntu5) 4.6.3
Copyright (C) 2011 Free Software Foundation, Inc.
This is free software; see the source for copying conditions.  There is NO
warranty; not even for MERCHANTABILITY or FITNESS FOR A PARTICULAR PURPOSE.

[34m[1mLLVM version[0m
clang version 3.4 (tags/RELEASE_34/final)
Target: x86_64-unknown-linux-gnu
Thread model: posix
[34m[1mPre-installed Ruby versions[0m
ruby-1.9.3-p551
[34m[1mPre-installed Node.js versions[0m
v0.10.36
[34m[1mPre-installed Go versions[0m
1.4.1
[34m[1mRedis version[0m
redis-server 2.8.19
[34m[1mriak version[0m
2.0.2
[34m[1mMongoDB version[0m
MongoDB 2.4.12
[34m[1mCouchDB version[0m
couchdb 1.6.1
[34m[1mNeo4j version[0m
1.9.4
[34m[1mRabbitMQ Version[0m
3.4.3
[34m[1mElasticSearch version[0m
1.4.0
[34m[1mInstalled Sphinx versions[0m
2.0.10
2.1.9
2.2.6
[34m[1mDefault Sphinx version[0m
2.2.6
[34m[1mInstalled Firefox version[0m
firefox 31.0esr
[34m[1mPhantomJS version[0m
1.9.8
[34m[1mant -version[0m
Apache Ant(TM) version 1.8.2 compiled on December 3 2011
[34m[1mmvn -version[0m
Apache Maven 3.2.5 (12a6b3acb947671f09b81f49094c53f426d8cea1; 2014-12-14T17:29:23+00:00)
Maven home: /usr/local/maven
Java version: 1.7.0_76, vendor: Oracle Corporation
Java home: /usr/lib/jvm/java-7-oracle/jre
Default locale: en_US, platform encoding: ANSI_X3.4-1968
OS name: "linux", version: "3.13.0-29-generic", arch: "amd64", family: "unix"
travis_fold:end:system_info[0K
travis_fold:start:git.checkout[0Ktravis_time:start:2be33e98[0K$ git clone --depth=50 --branch=master git://github.com/spring-projects/spring-data-jpa.git spring-projects/spring-data-jpa
Cloning into 'spring-projects/spring-data-jpa'...
remote: Counting objects: 1137, done.[K
remote: Compressing objects:   0% (1/666)   [Kremote: Compressing objects:   1% (7/666)   [Kremote: Compressing objects:   2% (14/666)   [Kremote: Compressing objects:   3% (20/666)   [Kremote: Compressing objects:   4% (27/666)   [Kremote: Compressing objects:   5% (34/666)   [Kremote: Compressing objects:   6% (40/666)   [Kremote: Compressing objects:   7% (47/666)   [Kremote: Compressing objects:   8% (54/666)   [Kremote: Compressing objects:   9% (60/666)   [Kremote: Compressing objects:  10% (67/666)   [Kremote: Compressing objects:  11% (74/666)   [Kremote: Compressing objects:  12% (80/666)   [Kremote: Compressing objects:  13% (87/666)   [Kremote: Compressing objects:  14% (94/666)   [Kremote: Compressing objects:  15% (100/666)   [Kremote: Compressing objects:  16% (107/666)   [Kremote: Compressing objects:  17% (114/666)   [Kremote: Compressing objects:  18% (120/666)   [Kremote: Compressing objects:  19% (127/666)   [Kremote: Compressing objects:  20% (134/666)   [Kremote: Compressing objects:  21% (140/666)   [Kremote: Compressing objects:  22% (147/666)   [Kremote: Compressing objects:  23% (154/666)   [Kremote: Compressing objects:  24% (160/666)   [Kremote: Compressing objects:  25% (167/666)   [Kremote: Compressing objects:  26% (174/666)   [Kremote: Compressing objects:  27% (180/666)   [Kremote: Compressing objects:  28% (187/666)   [Kremote: Compressing objects:  29% (194/666)   [Kremote: Compressing objects:  30% (200/666)   [Kremote: Compressing objects:  31% (207/666)   [Kremote: Compressing objects:  32% (214/666)   [Kremote: Compressing objects:  33% (220/666)   [Kremote: Compressing objects:  34% (227/666)   [Kremote: Compressing objects:  35% (234/666)   [Kremote: Compressing objects:  36% (240/666)   [Kremote: Compressing objects:  37% (247/666)   [Kremote: Compressing objects:  38% (254/666)   [Kremote: Compressing objects:  39% (260/666)   [Kremote: Compressing objects:  40% (267/666)   [Kremote: Compressing objects:  41% (274/666)   [Kremote: Compressing objects:  42% (280/666)   [Kremote: Compressing objects:  43% (287/666)   [Kremote: Compressing objects:  44% (294/666)   [Kremote: Compressing objects:  45% (300/666)   [Kremote: Compressing objects:  46% (307/666)   [Kremote: Compressing objects:  47% (314/666)   [Kremote: Compressing objects:  48% (320/666)   [Kremote: Compressing objects:  49% (327/666)   [Kremote: Compressing objects:  50% (333/666)   [Kremote: Compressing objects:  51% (340/666)   [Kremote: Compressing objects:  52% (347/666)   [Kremote: Compressing objects:  53% (353/666)   [Kremote: Compressing objects:  54% (360/666)   [Kremote: Compressing objects:  55% (367/666)   [Kremote: Compressing objects:  56% (373/666)   [Kremote: Compressing objects:  57% (380/666)   [Kremote: Compressing objects:  58% (387/666)   [Kremote: Compressing objects:  59% (393/666)   [Kremote: Compressing objects:  60% (400/666)   [Kremote: Compressing objects:  61% (407/666)   [Kremote: Compressing objects:  62% (413/666)   [Kremote: Compressing objects:  63% (420/666)   [Kremote: Compressing objects:  64% (427/666)   [Kremote: Compressing objects:  65% (433/666)   [Kremote: Compressing objects:  66% (440/666)   [Kremote: Compressing objects:  67% (447/666)   [Kremote: Compressing objects:  68% (453/666)   [Kremote: Compressing objects:  69% (460/666)   [Kremote: Compressing objects:  70% (467/666)   [Kremote: Compressing objects:  71% (473/666)   [Kremote: Compressing objects:  72% (480/666)   [Kremote: Compressing objects:  73% (487/666)   [Kremote: Compressing objects:  74% (493/666)   [Kremote: Compressing objects:  75% (500/666)   [Kremote: Compressing objects:  76% (507/666)   [Kremote: Compressing objects:  77% (513/666)   [Kremote: Compressing objects:  78% (520/666)   [Kremote: Compressing objects:  79% (527/666)   [Kremote: Compressing objects:  80% (533/666)   [Kremote: Compressing objects:  81% (540/666)   [Kremote: Compressing objects:  82% (547/666)   [Kremote: Compressing objects:  83% (553/666)   [Kremote: Compressing objects:  84% (560/666)   [Kremote: Compressing objects:  85% (567/666)   [Kremote: Compressing objects:  86% (573/666)   [Kremote: Compressing objects:  87% (580/666)   [Kremote: Compressing objects:  88% (587/666)   [Kremote: Compressing objects:  89% (593/666)   [Kremote: Compressing objects:  90% (600/666)   [Kremote: Compressing objects:  91% (607/666)   [Kremote: Compressing objects:  92% (613/666)   [Kremote: Compressing objects:  93% (620/666)   [Kremote: Compressing objects:  94% (627/666)   [Kremote: Compressing objects:  95% (633/666)   [Kremote: Compressing objects:  96% (640/666)   [Kremote: Compressing objects:  97% (647/666)   [Kremote: Compressing objects:  98% (653/666)   [Kremote: Compressing objects:  99% (660/666)   [Kremote: Compressing objects: 100% (666/666)   [Kremote: Compressing objects: 100% (666/666), done.[K
Receiving objects:   0% (1/1137)   Receiving objects:   1% (12/1137)   Receiving objects:   2% (23/1137)   Receiving objects:   3% (35/1137)   Receiving objects:   4% (46/1137)   Receiving objects:   5% (57/1137)   Receiving objects:   6% (69/1137)   Receiving objects:   7% (80/1137)   Receiving objects:   8% (91/1137)   Receiving objects:   9% (103/1137)   Receiving objects:  10% (114/1137)   Receiving objects:  11% (126/1137)   Receiving objects:  12% (137/1137)   Receiving objects:  13% (148/1137)   Receiving objects:  14% (160/1137)   Receiving objects:  15% (171/1137)   Receiving objects:  16% (182/1137)   Receiving objects:  17% (194/1137)   Receiving objects:  18% (205/1137)   Receiving objects:  19% (217/1137)   Receiving objects:  20% (228/1137)   Receiving objects:  21% (239/1137)   Receiving objects:  22% (251/1137)   Receiving objects:  23% (262/1137)   Receiving objects:  24% (273/1137)   Receiving objects:  25% (285/1137)   Receiving objects:  26% (296/1137)   Receiving objects:  27% (307/1137)   Receiving objects:  28% (319/1137)   Receiving objects:  29% (330/1137)   Receiving objects:  30% (342/1137)   Receiving objects:  31% (353/1137)   Receiving objects:  32% (364/1137)   Receiving objects:  33% (376/1137)   Receiving objects:  34% (387/1137)   Receiving objects:  35% (398/1137)   Receiving objects:  36% (410/1137)   Receiving objects:  37% (421/1137)   Receiving objects:  38% (433/1137)   Receiving objects:  39% (444/1137)   Receiving objects:  40% (455/1137)   Receiving objects:  41% (467/1137)   Receiving objects:  42% (478/1137)   Receiving objects:  43% (489/1137)   Receiving objects:  44% (501/1137)   Receiving objects:  45% (512/1137)   Receiving objects:  46% (524/1137)   Receiving objects:  47% (535/1137)   Receiving objects:  48% (546/1137)   Receiving objects:  49% (558/1137)   Receiving objects:  50% (569/1137)   Receiving objects:  51% (580/1137)   Receiving objects:  52% (592/1137)   Receiving objects:  53% (603/1137)   Receiving objects:  54% (614/1137)   Receiving objects:  55% (626/1137)   Receiving objects:  56% (637/1137)   Receiving objects:  57% (649/1137)   Receiving objects:  58% (660/1137)   Receiving objects:  59% (671/1137)   Receiving objects:  60% (683/1137)   Receiving objects:  61% (694/1137)   Receiving objects:  62% (705/1137)   Receiving objects:  63% (717/1137)   Receiving objects:  64% (728/1137)   Receiving objects:  65% (740/1137)   Receiving objects:  66% (751/1137)   Receiving objects:  67% (762/1137)   Receiving objects:  68% (774/1137)   Receiving objects:  69% (785/1137)   Receiving objects:  70% (796/1137)   Receiving objects:  71% (808/1137)   Receiving objects:  72% (819/1137)   Receiving objects:  73% (831/1137)   Receiving objects:  74% (842/1137)   Receiving objects:  75% (853/1137)   Receiving objects:  76% (865/1137)   Receiving objects:  77% (876/1137)   Receiving objects:  78% (887/1137)   Receiving objects:  79% (899/1137)   Receiving objects:  80% (910/1137)   Receiving objects:  81% (921/1137)   Receiving objects:  82% (933/1137)   Receiving objects:  83% (944/1137)   Receiving objects:  84% (956/1137)   Receiving objects:  85% (967/1137)   Receiving objects:  86% (978/1137)   Receiving objects:  87% (990/1137)   Receiving objects:  88% (1001/1137)   Receiving objects:  89% (1012/1137)   remote: Total 1137 (delta 486), reused 788 (delta 253), pack-reused 0[K
Receiving objects:  90% (1024/1137)   Receiving objects:  91% (1035/1137)   Receiving objects:  92% (1047/1137)   Receiving objects:  93% (1058/1137)   Receiving objects:  94% (1069/1137)   Receiving objects:  95% (1081/1137)   Receiving objects:  96% (1092/1137)   Receiving objects:  97% (1103/1137)   Receiving objects:  98% (1115/1137)   Receiving objects:  99% (1126/1137)   Receiving objects: 100% (1137/1137)   Receiving objects: 100% (1137/1137), 407.54 KiB | 0 bytes/s, done.
Resolving deltas:   0% (0/486)   Resolving deltas:  10% (49/486)   Resolving deltas:  11% (56/486)   Resolving deltas:  12% (59/486)   Resolving deltas:  13% (67/486)   Resolving deltas:  14% (71/486)   Resolving deltas:  15% (75/486)   Resolving deltas:  16% (78/486)   Resolving deltas:  17% (86/486)   Resolving deltas:  19% (93/486)   Resolving deltas:  20% (98/486)   Resolving deltas:  21% (104/486)   Resolving deltas:  23% (113/486)   Resolving deltas:  25% (126/486)   Resolving deltas:  26% (128/486)   Resolving deltas:  27% (132/486)   Resolving deltas:  28% (137/486)   Resolving deltas:  29% (141/486)   Resolving deltas:  30% (150/486)   Resolving deltas:  31% (152/486)   Resolving deltas:  32% (157/486)   Resolving deltas:  35% (171/486)   Resolving deltas:  37% (182/486)   Resolving deltas:  38% (188/486)   Resolving deltas:  39% (192/486)   Resolving deltas:  40% (197/486)   Resolving deltas:  41% (201/486)   Resolving deltas:  42% (206/486)   Resolving deltas:  43% (210/486)   Resolving deltas:  46% (224/486)   Resolving deltas:  47% (233/486)   Resolving deltas:  48% (234/486)   Resolving deltas:  49% (239/486)   Resolving deltas:  50% (246/486)   Resolving deltas:  51% (249/486)   Resolving deltas:  53% (259/486)   Resolving deltas:  54% (265/486)   Resolving deltas:  55% (270/486)   Resolving deltas:  56% (273/486)   Resolving deltas:  57% (278/486)   Resolving deltas:  58% (282/486)   Resolving deltas:  60% (292/486)   Resolving deltas:  61% (298/486)   Resolving deltas:  62% (302/486)   Resolving deltas:  63% (307/486)   Resolving deltas:  64% (312/486)   Resolving deltas:  65% (317/486)   Resolving deltas:  67% (327/486)   Resolving deltas:  68% (333/486)   Resolving deltas:  69% (336/486)   Resolving deltas:  70% (343/486)   Resolving deltas:  71% (346/486)   Resolving deltas:  72% (353/486)   Resolving deltas:  73% (355/486)   Resolving deltas:  74% (360/486)   Resolving deltas:  75% (368/486)   Resolving deltas:  77% (376/486)   Resolving deltas:  78% (380/486)   Resolving deltas:  84% (411/486)   Resolving deltas:  86% (419/486)   Resolving deltas:  88% (428/486)   Resolving deltas:  89% (435/486)   Resolving deltas:  90% (440/486)   Resolving deltas:  92% (450/486)   Resolving deltas:  93% (453/486)   Resolving deltas:  94% (457/486)   Resolving deltas:  95% (463/486)   Resolving deltas:  96% (468/486)   Resolving deltas:  97% (472/486)   Resolving deltas:  98% (479/486)   Resolving deltas:  99% (482/486)   Resolving deltas: 100% (486/486)   Resolving deltas: 100% (486/486), done.
Checking connectivity... done.
travis_time:end:2be33e98:start=1433230130274655058,finish=1433230130537365765,duration=262710707[0K$ cd spring-projects/spring-data-jpa
$ git checkout -qf 0e49d8348199ab2b6b6fc4c0b2aeea1c004d70d6
travis_fold:end:git.checkout[0K
[33;1mThis job is running on container-based infrastructure, which does not allow use of 'sudo', setuid and setguid executables.[0m
[33;1mIf you require sudo, add 'sudo: required' to your .travis.yml[0m
[33;1mSee http://docs.travis-ci.com/user/workers/container-based-infrastructure/ for details.[0m

[33;1mSetting environment variables from .travis.yml[0m
$ export PROFILE=ci

travis_fold:start:cache.1[0KSetting up build cache
$ export CASHER_DIR=$HOME/.casher
travis_time:start:006f48fd[0K$ Installing caching utilities
travis_time:end:006f48fd:start=1433230133018034507,finish=1433230133100706318,duration=82671811[0Ktravis_time:start:1ddc0e26[0Kattempting to download cache archive
fetching master/cache--jdk-oraclejdk8.tbz
found cache
travis_time:end:1ddc0e26:start=1433230133105005598,finish=1433230135850062356,duration=2745056758[0Ktravis_time:start:1c12ff50[0Kadding /home/travis/.m2 to cache
travis_time:end:1c12ff50:start=1433230135853788414,finish=1433230152986164849,duration=17132376435[0Ktravis_fold:end:cache.1[0K$ jdk_switcher use oraclejdk8
Switching to Oracle JDK8 (java-8-oracle), JAVA_HOME will be set to /usr/lib/jvm/java-8-oracle
$ java -Xmx32m -version
java version "1.8.0_31"
Java(TM) SE Runtime Environment (build 1.8.0_31-b13)
Java HotSpot(TM) 64-Bit Server VM (build 25.31-b07, mixed mode)
$ javac -J-Xmx32m -version
javac 1.8.0_31
travis_fold:start:install[0Ktravis_time:start:07e69b64[0K$ true
travis_time:end:07e69b64:start=1433230153388984371,finish=1433230153392106284,duration=3121913[0Ktravis_fold:end:install[0Ktravis_time:start:1b64eca2[0K$ mvn clean dependency:list test -P${PROFILE} -Dsort
Java HotSpot(TM) 64-Bit Server VM warning: ignoring option MaxPermSize=192m; support was removed in 8.0
[INFO] Scanning for projects...
Downloading: http://repo.maven.apache.org/maven2/org/springframework/data/build/spring-data-parent/1.7.0.M1/spring-data-parent-1.7.0.M1.pom
Downloading: https://oss.sonatype.org/content/repositories/releases/org/springframework/data/build/spring-data-parent/1.7.0.M1/spring-data-parent-1.7.0.M1.pom
Downloading: https://repository.apache.org/releases/org/springframework/data/build/spring-data-parent/1.7.0.M1/spring-data-parent-1.7.0.M1.pom
Downloading: https://repo.spring.io/libs-milestone/org/springframework/data/build/spring-data-parent/1.7.0.M1/spring-data-parent-1.7.0.M1.pom
4/21 KB   8/21 KB   12/21 KB   14/21 KB   18/21 KB   21/21 KB              Downloaded: https://repo.spring.io/libs-milestone/org/springframework/data/build/spring-data-parent/1.7.0.M1/spring-data-parent-1.7.0.M1.pom (21 KB at 29.2 KB/sec)
Downloading: http://repo.maven.apache.org/maven2/org/springframework/data/build/spring-data-build/1.7.0.M1/spring-data-build-1.7.0.M1.pom
           Downloading: https://oss.sonatype.org/content/repositories/releases/org/springframework/data/build/spring-data-build/1.7.0.M1/spring-data-build-1.7.0.M1.pom
           Downloading: https://repository.apache.org/releases/org/springframework/data/build/spring-data-build/1.7.0.M1/spring-data-build-1.7.0.M1.pom
           Downloading: https://repo.spring.io/libs-milestone/org/springframework/data/build/spring-data-build/1.7.0.M1/spring-data-build-1.7.0.M1.pom
3/3 KB              Downloaded: https://repo.spring.io/libs-milestone/org/springframework/data/build/spring-data-build/1.7.0.M1/spring-data-build-1.7.0.M1.pom (3 KB at 33.5 KB/sec)
[INFO]                                                                         
[INFO] ------------------------------------------------------------------------
[INFO] Building Spring Data JPA 1.9.0.BUILD-SNAPSHOT
[INFO] ------------------------------------------------------------------------
Downloading: http://repo.maven.apache.org/maven2/org/springframework/data/spring-data-commons/1.11.0.M1/spring-data-commons-1.11.0.M1.pom
         Downloading: https://oss.sonatype.org/content/repositories/releases/org/springframework/data/spring-data-commons/1.11.0.M1/spring-data-commons-1.11.0.M1.pom
         Downloading: https://repository.apache.org/releases/org/springframework/data/spring-data-commons/1.11.0.M1/spring-data-commons-1.11.0.M1.pom
         Downloading: https://repo.spring.io/libs-milestone/org/springframework/data/spring-data-commons/1.11.0.M1/spring-data-commons-1.11.0.M1.pom
4/7 KB   7/7 KB            Downloaded: https://repo.spring.io/libs-milestone/org/springframework/data/spring-data-commons/1.11.0.M1/spring-data-commons-1.11.0.M1.pom (7 KB at 113.5 KB/sec)
Downloading: http://repo.maven.apache.org/maven2/org/slf4j/slf4j-api/1.7.12/slf4j-api-1.7.12.pom
3/3 KB            Downloaded: http://repo.maven.apache.org/maven2/org/slf4j/slf4j-api/1.7.12/slf4j-api-1.7.12.pom (3 KB at 49.0 KB/sec)
Downloading: http://repo.maven.apache.org/maven2/org/slf4j/slf4j-parent/1.7.12/slf4j-parent-1.7.12.pom
2/12 KB   6/12 KB   10/12 KB   12/12 KB              Downloaded: http://repo.maven.apache.org/maven2/org/slf4j/slf4j-parent/1.7.12/slf4j-parent-1.7.12.pom (12 KB at 257.1 KB/sec)
Downloading: http://repo.maven.apache.org/maven2/org/slf4j/jcl-over-slf4j/1.7.12/jcl-over-slf4j-1.7.12.pom
2/2 KB              Downloaded: http://repo.maven.apache.org/maven2/org/slf4j/jcl-over-slf4j/1.7.12/jcl-over-slf4j-1.7.12.pom (2 KB at 40.8 KB/sec)
Downloading: http://repo.maven.apache.org/maven2/joda-time/joda-time/2.8/joda-time-2.8.pom
4/29 KB   8/29 KB   12/29 KB   16/29 KB   20/29 KB   24/29 KB   28/29 KB   29/29 KB              Downloaded: http://repo.maven.apache.org/maven2/joda-time/joda-time/2.8/joda-time-2.8.pom (29 KB at 549.9 KB/sec)
Downloading: http://repo.maven.apache.org/maven2/com/mysema/querydsl/querydsl-apt/3.6.4/querydsl-apt-3.6.4.pom
4/8 KB     8/8 KB            Downloaded: http://repo.maven.apache.org/maven2/com/mysema/querydsl/querydsl-apt/3.6.4/querydsl-apt-3.6.4.pom (8 KB at 127.9 KB/sec)
Downloading: http://repo.maven.apache.org/maven2/com/mysema/querydsl/querydsl-root/3.6.4/querydsl-root-3.6.4.pom
4/20 KB   6/20 KB   10/20 KB   14/20 KB   18/20 KB   20/20 KB              Downloaded: http://repo.maven.apache.org/maven2/com/mysema/querydsl/querydsl-root/3.6.4/querydsl-root-3.6.4.pom (20 KB at 358.9 KB/sec)
Downloading: http://repo.maven.apache.org/maven2/com/mysema/querydsl/querydsl-codegen/3.6.4/querydsl-codegen-3.6.4.pom
3/3 KB              Downloaded: http://repo.maven.apache.org/maven2/com/mysema/querydsl/querydsl-codegen/3.6.4/querydsl-codegen-3.6.4.pom (3 KB at 64.0 KB/sec)
Downloading: http://repo.maven.apache.org/maven2/com/mysema/querydsl/querydsl-core/3.6.4/querydsl-core-3.6.4.pom
3/5 KB   5/5 KB            Downloaded: http://repo.maven.apache.org/maven2/com/mysema/querydsl/querydsl-core/3.6.4/querydsl-core-3.6.4.pom (5 KB at 98.9 KB/sec)
Downloading: http://repo.maven.apache.org/maven2/com/mysema/codegen/codegen/0.6.6/codegen-0.6.6.pom
4/4 KB            Downloaded: http://repo.maven.apache.org/maven2/com/mysema/codegen/codegen/0.6.6/codegen-0.6.6.pom (4 KB at 58.3 KB/sec)
Downloading: http://repo.maven.apache.org/maven2/com/mysema/querydsl/querydsl-jpa/3.6.4/querydsl-jpa-3.6.4.pom
4/12 KB   8/12 KB   12/12 KB              Downloaded: http://repo.maven.apache.org/maven2/com/mysema/querydsl/querydsl-jpa/3.6.4/querydsl-jpa-3.6.4.pom (12 KB at 209.9 KB/sec)
Downloading: http://repo.maven.apache.org/maven2/org/apache/openwebbeans/test/cditest-owb/1.2.8/cditest-owb-1.2.8.pom
2/4 KB     4/4 KB            Downloaded: http://repo.maven.apache.org/maven2/org/apache/openwebbeans/test/cditest-owb/1.2.8/cditest-owb-1.2.8.pom (4 KB at 43.2 KB/sec)
Downloading: http://repo.maven.apache.org/maven2/org/apache/openwebbeans/test/parent/1.2.8/parent-1.2.8.pom
2/2 KB            Downloaded: http://repo.maven.apache.org/maven2/org/apache/openwebbeans/test/parent/1.2.8/parent-1.2.8.pom (2 KB at 27.9 KB/sec)
Downloading: http://repo.maven.apache.org/maven2/org/apache/openwebbeans/openwebbeans/1.2.8/openwebbeans-1.2.8.pom
2/33 KB   6/33 KB   10/33 KB   14/33 KB   18/33 KB   22/33 KB   26/33 KB   27/33 KB   31/33 KB   31/33 KB   33/33 KB              Downloaded: http://repo.maven.apache.org/maven2/org/apache/openwebbeans/openwebbeans/1.2.8/openwebbeans-1.2.8.pom (33 KB at 379.3 KB/sec)
Downloading: http://repo.maven.apache.org/maven2/org/apache/openwebbeans/test/cditest/1.2.8/cditest-1.2.8.pom
3/3 KB              Downloaded: http://repo.maven.apache.org/maven2/org/apache/openwebbeans/test/cditest/1.2.8/cditest-1.2.8.pom (3 KB at 37.0 KB/sec)
Downloading: http://repo.maven.apache.org/maven2/org/apache/openwebbeans/openwebbeans-spi/1.2.8/openwebbeans-spi-1.2.8.pom
2/3 KB   3/3 KB            Downloaded: http://repo.maven.apache.org/maven2/org/apache/openwebbeans/openwebbeans-spi/1.2.8/openwebbeans-spi-1.2.8.pom (3 KB at 62.0 KB/sec)
Downloading: http://repo.maven.apache.org/maven2/org/apache/openwebbeans/openwebbeans-impl/1.2.8/openwebbeans-impl-1.2.8.pom
3/6 KB   6/6 KB            Downloaded: http://repo.maven.apache.org/maven2/org/apache/openwebbeans/openwebbeans-impl/1.2.8/openwebbeans-impl-1.2.8.pom (6 KB at 133.9 KB/sec)
Downloading: http://repo.maven.apache.org/maven2/ch/qos/logback/logback-classic/1.1.3/logback-classic-1.1.3.pom
2/13 KB   6/13 KB   10/13 KB   13/13 KB              Downloaded: http://repo.maven.apache.org/maven2/ch/qos/logback/logback-classic/1.1.3/logback-classic-1.1.3.pom (13 KB at 243.4 KB/sec)
Downloading: http://repo.maven.apache.org/maven2/ch/qos/logback/logback-parent/1.1.3/logback-parent-1.1.3.pom
2/16 KB    6/16 KB   10/16 KB   14/16 KB   16/16 KB              Downloaded: http://repo.maven.apache.org/maven2/ch/qos/logback/logback-parent/1.1.3/logback-parent-1.1.3.pom (16 KB at 376.8 KB/sec)
Downloading: http://repo.maven.apache.org/maven2/ch/qos/logback/logback-core/1.1.3/logback-core-1.1.3.pom
4/5 KB     5/5 KB            Downloaded: http://repo.maven.apache.org/maven2/ch/qos/logback/logback-core/1.1.3/logback-core-1.1.3.pom (5 KB at 102.3 KB/sec)
Downloading: http://repo.maven.apache.org/maven2/org/slf4j/slf4j-api/1.7.7/slf4j-api-1.7.7.pom
3/3 KB            Downloaded: http://repo.maven.apache.org/maven2/org/slf4j/slf4j-api/1.7.7/slf4j-api-1.7.7.pom (3 KB at 64.0 KB/sec)
Downloading: http://repo.maven.apache.org/maven2/org/slf4j/slf4j-parent/1.7.7/slf4j-parent-1.7.7.pom
4/12 KB   8/12 KB   12/12 KB              Downloaded: http://repo.maven.apache.org/maven2/org/slf4j/slf4j-parent/1.7.7/slf4j-parent-1.7.7.pom (12 KB at 323.0 KB/sec)
Downloading: http://repo.maven.apache.org/maven2/org/springframework/data/spring-data-commons/1.11.0.M1/spring-data-commons-1.11.0.M1.jar
Downloading: http://repo.maven.apache.org/maven2/joda-time/joda-time/2.8/joda-time-2.8.jar
Downloading: http://repo.maven.apache.org/maven2/com/mysema/querydsl/querydsl-apt/3.6.4/querydsl-apt-3.6.4.jar
Downloading: http://repo.maven.apache.org/maven2/com/mysema/querydsl/querydsl-codegen/3.6.4/querydsl-codegen-3.6.4.jar
Downloading: http://repo.maven.apache.org/maven2/com/mysema/codegen/codegen/0.6.6/codegen-0.6.6.jar
           Downloading: http://repo.maven.apache.org/maven2/com/mysema/querydsl/querydsl-jpa/3.6.4/querydsl-jpa-3.6.4.jar
4/72 KB    8/72 KB   12/72 KB   14/72 KB   3/66 KB   14/72 KB   7/66 KB   14/72 KB   11/66 KB   14/72 KB   14/66 KB   14/72 KB   14/66 KB   1/608 KB   14/72 KB   14/66 KB   5/608 KB   14/72 KB   14/66 KB   9/608 KB   14/72 KB   14/66 KB   13/608 KB   14/72 KB   14/66 KB   14/608 KB   14/72 KB   14/66 KB   14/608 KB   18/72 KB   18/66 KB   18/608 KB   22/72 KB   4/72 KB   18/66 KB   18/608 KB   26/72 KB   4/72 KB   18/66 KB   18/608 KB   30/72 KB   4/72 KB   18/66 KB   18/608 KB   34/72 KB   4/72 KB   18/66 KB   18/608 KB   38/72 KB   4/72 KB   18/66 KB   18/608 KB   42/72 KB   4/72 KB   18/66 KB   18/608 KB   43/72 KB   4/72 KB   18/66 KB   18/608 KB   18/72 KB   4/72 KB   18/66 KB   22/608 KB   43/72 KB   4/72 KB   18/66 KB   26/608 KB   43/72 KB   4/72 KB   18/66 KB   30/608 KB   43/72 KB   4/72 KB   18/66 KB   34/608 KB   43/72 KB   4/72 KB   18/66 KB   38/608 KB   43/72 KB   4/72 KB   18/66 KB   42/608 KB   43/72 KB   4/72 KB   18/66 KB   43/608 KB   43/72 KB   4/72 KB   18/66 KB   14/608 KB   18/72 KB   4/72 KB   22/66 KB   43/608 KB   43/72 KB   4/72 KB   26/66 KB   43/608 KB   43/72 KB   4/72 KB   30/66 KB   43/608 KB   43/72 KB   4/72 KB   34/66 KB   43/608 KB   43/72 KB   4/72 KB   38/66 KB   43/608 KB   43/72 KB   4/72 KB   42/66 KB   43/608 KB   43/72 KB   4/72 KB   43/66 KB   43/608 KB   43/72 KB   4/72 KB   14/66 KB   14/608 KB   18/72 KB   4/72 KB   43/66 KB   43/608 KB   43/72 KB   8/72 KB   43/66 KB   43/608 KB   43/72 KB   12/72 KB   43/66 KB   43/608 KB   43/72 KB   14/72 KB   43/66 KB   43/608 KB   45/72 KB   14/72 KB   43/66 KB   43/608 KB   49/72 KB   14/72 KB   43/66 KB   43/608 KB   53/72 KB   18/72 KB   43/66 KB   43/608 KB   57/72 KB   18/72 KB   43/66 KB   43/608 KB   61/72 KB   18/72 KB   43/66 KB   43/608 KB   65/72 KB   18/72 KB   43/66 KB   43/608 KB   69/72 KB   18/72 KB   43/66 KB   43/608 KB   72/72 KB   18/72 KB   43/66 KB   43/608 KB   49/72 KB   18/72 KB   43/66 KB   43/608 KB   72/72 KB   22/72 KB   43/66 KB   43/608 KB   72/72 KB   26/72 KB   43/66 KB   43/608 KB   72/72 KB   30/72 KB   43/66 KB   43/608 KB   72/72 KB   34/72 KB   43/66 KB   43/608 KB   72/72 KB   38/72 KB   43/66 KB   43/608 KB   72/72 KB   42/72 KB   43/66 KB   43/608 KB   72/72 KB   43/72 KB   43/66 KB   47/608 KB   72/72 KB   43/72 KB   43/66 KB   51/608 KB   72/72 KB   43/72 KB   43/66 KB   55/608 KB   72/72 KB   43/72 KB   43/66 KB   59/608 KB   72/72 KB   43/72 KB   47/66 KB   63/608 KB   72/72 KB   43/72 KB   47/66 KB   67/608 KB   72/72 KB   43/72 KB   47/66 KB   71/608 KB   72/72 KB   43/72 KB   47/66 KB   75/608 KB   72/72 KB   43/72 KB   47/66 KB   79/608 KB   72/72 KB   43/72 KB   47/66 KB   83/608 KB   72/72 KB   43/72 KB   47/66 KB   87/608 KB   72/72 KB   43/72 KB   47/66 KB   88/608 KB   72/72 KB   43/72 KB   47/66 KB   59/608 KB   72/72 KB   43/72 KB   51/66 KB   88/608 KB   72/72 KB   43/72 KB   55/66 KB   88/608 KB   72/72 KB   43/72 KB   59/66 KB   88/608 KB   72/72 KB   43/72 KB   63/66 KB   88/608 KB   72/72 KB   43/72 KB   66/66 KB   88/608 KB   72/72 KB   43/72 KB   66/66 KB   88/608 KB   72/72 KB   4/113 KB   43/72 KB   66/66 KB   88/608 KB   72/72 KB   8/113 KB   43/72 KB   66/66 KB   88/608 KB   72/72 KB   12/113 KB   43/72 KB   66/66 KB   88/608 KB   72/72 KB   14/113 KB   43/72 KB   66/66 KB   88/608 KB   72/72 KB   14/113 KB   47/72 KB   66/66 KB   88/608 KB   72/72 KB   14/113 KB   48/72 KB   66/66 KB   88/608 KB   72/72 KB   14/113 KB   51/72 KB   66/66 KB   88/608 KB   72/72 KB   14/113 KB   55/72 KB   66/66 KB   88/608 KB   72/72 KB   14/113 KB   59/72 KB   66/66 KB   88/608 KB   72/72 KB   14/113 KB   63/72 KB   66/66 KB   88/608 KB   72/72 KB   14/113 KB   67/72 KB   66/66 KB   88/608 KB   72/72 KB   14/113 KB   71/72 KB   66/66 KB   88/608 KB   72/72 KB   14/113 KB   72/72 KB   66/66 KB   91/608 KB   72/72 KB   14/113 KB   72/72 KB   66/66 KB   95/608 KB   72/72 KB   14/113 KB   72/72 KB   66/66 KB   99/608 KB   72/72 KB   14/113 KB   72/72 KB   66/66 KB   103/608 KB   72/72 KB   14/113 KB   72/72 KB   66/66 KB   107/608 KB   72/72 KB   14/113 KB   72/72 KB   66/66 KB   111/608 KB   72/72 KB   14/113 KB   72/72 KB   66/66 KB   115/608 KB   72/72 KB   14/113 KB   72/72 KB   66/66 KB   119/608 KB   72/72 KB   14/113 KB   72/72 KB   66/66 KB   123/608 KB   72/72 KB   14/113 KB   72/72 KB   66/66 KB   127/608 KB   72/72 KB   14/113 KB   72/72 KB   66/66 KB   131/608 KB   72/72 KB   14/113 KB   72/72 KB   66/66 KB   135/608 KB   72/72 KB   14/113 KB   72/72 KB   66/66 KB   139/608 KB   72/72 KB   14/113 KB   72/72 KB   66/66 KB   143/608 KB   72/72 KB   14/113 KB   72/72 KB   66/66 KB   147/608 KB   72/72 KB   14/113 KB   72/72 KB   66/66 KB   151/608 KB   72/72 KB   14/113 KB   72/72 KB   66/66 KB   155/608 KB   72/72 KB   14/113 KB   72/72 KB   66/66 KB   159/608 KB   72/72 KB   14/113 KB   72/72 KB   66/66 KB   163/608 KB   72/72 KB   14/113 KB   72/72 KB   66/66 KB   167/608 KB   72/72 KB   14/113 KB   72/72 KB   66/66 KB   171/608 KB   72/72 KB   14/113 KB   72/72 KB   66/66 KB   174/608 KB   72/72 KB   14/113 KB   72/72 KB   66/66 KB   174/608 KB   72/72 KB   18/113 KB   72/72 KB   66/66 KB   174/608 KB   72/72 KB   22/113 KB   72/72 KB   66/66 KB   174/608 KB   72/72 KB   26/113 KB   72/72 KB   66/66 KB   174/608 KB   72/72 KB   30/113 KB   72/72 KB   66/66 KB   174/608 KB   72/72 KB   34/113 KB   72/72 KB                                                             66/66 KB   174/608 KB   38/113 KB   72/72 KB              Downloaded: http://repo.maven.apache.org/maven2/com/mysema/codegen/codegen/0.6.6/codegen-0.6.6.jar (72 KB at 646.1 KB/sec)
Downloading: http://repo.maven.apache.org/maven2/com/mysema/querydsl/querydsl-core/3.6.4/querydsl-core-3.6.4.jar
66/66 KB   174/608 KB   42/113 KB   72/72 KB   66/66 KB   174/608 KB   43/113 KB   72/72 KB                                                  Downloaded: http://repo.maven.apache.org/maven2/com/mysema/querydsl/querydsl-apt/3.6.4/querydsl-apt-3.6.4.jar (66 KB at 573.8 KB/sec)
Downloading: http://repo.maven.apache.org/maven2/org/apache/openwebbeans/test/cditest-owb/1.2.8/cditest-owb-1.2.8.jar
                                               Downloaded: http://repo.maven.apache.org/maven2/com/mysema/querydsl/querydsl-codegen/3.6.4/querydsl-codegen-3.6.4.jar (72 KB at 597.9 KB/sec)
Downloading: http://repo.maven.apache.org/maven2/org/apache/openwebbeans/test/cditest/1.2.8/cditest-1.2.8.jar
178/608 KB   43/113 KB                         182/608 KB   43/113 KB   186/608 KB   43/113 KB   190/608 KB   43/113 KB   194/608 KB   43/113 KB   198/608 KB   43/113 KB   202/608 KB   43/113 KB   206/608 KB   43/113 KB   210/608 KB   43/113 KB   214/608 KB   43/113 KB   218/608 KB   43/113 KB   222/608 KB   43/113 KB   226/608 KB   43/113 KB   230/608 KB   43/113 KB   234/608 KB   43/113 KB   238/608 KB   43/113 KB   242/608 KB   43/113 KB   246/608 KB   43/113 KB   250/608 KB   43/113 KB   254/608 KB   43/113 KB   258/608 KB   43/113 KB   262/608 KB   43/113 KB   266/608 KB   43/113 KB   270/608 KB   43/113 KB   274/608 KB   43/113 KB   274/608 KB   45/113 KB   278/608 KB   45/113 KB   282/608 KB   49/113 KB   286/608 KB   49/113 KB   290/608 KB   49/113 KB   293/608 KB   49/113 KB   278/608 KB   49/113 KB   293/608 KB   53/113 KB   293/608 KB   57/113 KB   293/608 KB   61/113 KB   293/608 KB   65/113 KB   293/608 KB   69/113 KB   293/608 KB   73/113 KB   293/608 KB   77/113 KB   293/608 KB   81/113 KB   293/608 KB   85/113 KB   293/608 KB   89/113 KB   293/608 KB   93/113 KB   293/608 KB   97/113 KB   293/608 KB   99/113 KB   1/16 KB   293/608 KB   99/113 KB   5/16 KB   293/608 KB   99/113 KB   9/16 KB   293/608 KB   99/113 KB   13/16 KB   293/608 KB   99/113 KB   16/16 KB   293/608 KB   99/113 KB   16/16 KB   296/608 KB   99/113 KB   16/16 KB   300/608 KB   99/113 KB   16/16 KB   304/608 KB   99/113 KB   16/16 KB   308/608 KB   99/113 KB   16/16 KB   312/608 KB   99/113 KB   16/16 KB   316/608 KB   99/113 KB   16/16 KB   320/608 KB   99/113 KB   16/16 KB   324/608 KB   99/113 KB   16/16 KB   328/608 KB   99/113 KB   16/16 KB   332/608 KB   99/113 KB   16/16 KB   336/608 KB   99/113 KB   16/16 KB   340/608 KB   99/113 KB   16/16 KB   344/608 KB   99/113 KB   16/16 KB   348/608 KB   99/113 KB   16/16 KB   352/608 KB   99/113 KB   16/16 KB   356/608 KB   99/113 KB   4/10 KB   16/16 KB   360/608 KB   103/113 KB   4/10 KB   16/16 KB   364/608 KB   103/113 KB   4/10 KB   16/16 KB   368/608 KB   103/113 KB   4/10 KB   16/16 KB   372/608 KB   103/113 KB   4/10 KB   16/16 KB   376/608 KB   103/113 KB   4/10 KB   16/16 KB   380/608 KB   103/113 KB   4/10 KB   16/16 KB   384/608 KB   103/113 KB   4/10 KB   16/16 KB   388/608 KB   103/113 KB   4/10 KB   16/16 KB   392/608 KB   103/113 KB   4/10 KB   16/16 KB   396/608 KB   103/113 KB   4/10 KB   16/16 KB   400/608 KB   103/113 KB   4/10 KB   16/16 KB   404/608 KB   103/113 KB   4/10 KB   16/16 KB   408/608 KB   103/113 KB   4/10 KB   16/16 KB   412/608 KB   103/113 KB   4/10 KB   16/16 KB   416/608 KB   103/113 KB   4/10 KB   16/16 KB   420/608 KB   103/113 KB   4/10 KB   16/16 KB   424/608 KB   103/113 KB   4/10 KB   16/16 KB   428/608 KB   103/113 KB   4/10 KB   16/16 KB   432/608 KB   103/113 KB   4/10 KB   16/16 KB   436/608 KB   103/113 KB   4/10 KB   16/16 KB   440/608 KB   103/113 KB   4/10 KB   16/16 KB   444/608 KB   103/113 KB   4/10 KB   16/16 KB   448/608 KB   103/113 KB   4/10 KB   16/16 KB   452/608 KB   103/113 KB   4/10 KB   16/16 KB   454/608 KB   103/113 KB   4/10 KB   16/16 KB   356/608 KB   103/113 KB   8/10 KB   16/16 KB   454/608 KB   103/113 KB   10/10 KB   16/16 KB   454/608 KB   103/113 KB   16/16 KB   356/608 KB   103/113 KB   10/10 KB   16/16 KB   454/608 KB   107/113 KB   10/10 KB   16/16 KB   454/608 KB   111/113 KB   10/10 KB   16/16 KB   454/608 KB   113/113 KB   10/10 KB   16/16 KB   1/459 KB   454/608 KB   113/113 KB   10/10 KB   16/16 KB   5/459 KB   454/608 KB   113/113 KB   10/10 KB   16/16 KB   9/459 KB   454/608 KB   113/113 KB   10/10 KB   16/16 KB   13/459 KB   454/608 KB   113/113 KB   10/10 KB   16/16 KB   17/459 KB   454/608 KB   113/113 KB   10/10 KB   16/16 KB   21/459 KB   454/608 KB   113/113 KB   10/10 KB   16/16 KB   25/459 KB   454/608 KB   113/113 KB   10/10 KB   16/16 KB   29/459 KB   454/608 KB   113/113 KB   10/10 KB   16/16 KB   33/459 KB   454/608 KB   113/113 KB   10/10 KB   16/16 KB   37/459 KB   454/608 KB   113/113 KB   10/10 KB   16/16 KB   41/459 KB   454/608 KB   113/113 KB   10/10 KB   16/16 KB   45/459 KB   454/608 KB   113/113 KB   10/10 KB   16/16 KB   47/459 KB   454/608 KB   113/113 KB   10/10 KB   16/16 KB   47/459 KB   457/608 KB   113/113 KB   10/10 KB   16/16 KB   47/459 KB   461/608 KB   113/113 KB   10/10 KB   16/16 KB   47/459 KB   465/608 KB   113/113 KB   10/10 KB   16/16 KB   47/459 KB   469/608 KB   113/113 KB   10/10 KB   16/16 KB   47/459 KB   473/608 KB   113/113 KB   10/10 KB   16/16 KB   47/459 KB   477/608 KB   113/113 KB   10/10 KB   16/16 KB   47/459 KB   481/608 KB   113/113 KB   10/10 KB   16/16 KB   47/459 KB   485/608 KB   113/113 KB   10/10 KB   16/16 KB   47/459 KB   489/608 KB   113/113 KB   10/10 KB   16/16 KB   47/459 KB   493/608 KB   113/113 KB   10/10 KB   16/16 KB   47/459 KB   497/608 KB   113/113 KB   10/10 KB   16/16 KB   47/459 KB   501/608 KB   113/113 KB   10/10 KB   16/16 KB   47/459 KB   505/608 KB   113/113 KB   10/10 KB   16/16 KB   47/459 KB   509/608 KB   113/113 KB   10/10 KB   16/16 KB   47/459 KB   513/608 KB   113/113 KB   10/10 KB   16/16 KB   47/459 KB   517/608 KB   113/113 KB   10/10 KB   16/16 KB   47/459 KB   521/608 KB   113/113 KB   10/10 KB   16/16 KB   47/459 KB   525/608 KB   113/113 KB   10/10 KB   16/16 KB   47/459 KB   529/608 KB   113/113 KB   10/10 KB   16/16 KB   47/459 KB   533/608 KB   113/113 KB   10/10 KB   16/16 KB   47/459 KB   537/608 KB   113/113 KB   10/10 KB   16/16 KB   47/459 KB   541/608 KB   113/113 KB   10/10 KB   16/16 KB   47/459 KB   545/608 KB   113/113 KB   10/10 KB   16/16 KB   47/459 KB   549/608 KB   113/113 KB   10/10 KB   16/16 KB   47/459 KB   553/608 KB   113/113 KB   10/10 KB   16/16 KB   47/459 KB   557/608 KB   113/113 KB   10/10 KB   16/16 KB   47/459 KB   561/608 KB   113/113 KB   10/10 KB   16/16 KB   47/459 KB   565/608 KB   113/113 KB   10/10 KB   16/16 KB   47/459 KB   569/608 KB   113/113 KB   10/10 KB   16/16 KB   47/459 KB   573/608 KB   113/113 KB   10/10 KB   16/16 KB   47/459 KB   577/608 KB   113/113 KB   10/10 KB   16/16 KB   47/459 KB   581/608 KB   113/113 KB   10/10 KB   16/16 KB   47/459 KB   585/608 KB   113/113 KB   10/10 KB   16/16 KB   47/459 KB   589/608 KB   113/113 KB   10/10 KB   16/16 KB   47/459 KB   593/608 KB   113/113 KB   10/10 KB   16/16 KB   47/459 KB   597/608 KB   113/113 KB   10/10 KB   16/16 KB   47/459 KB   601/608 KB   113/113 KB   10/10 KB   16/16 KB   47/459 KB   605/608 KB   113/113 KB   10/10 KB   16/16 KB   47/459 KB   608/608 KB   113/113 KB                                                               Downloaded: http://repo.maven.apache.org/maven2/org/apache/openwebbeans/test/cditest/1.2.8/cditest-1.2.8.jar (10 KB at 62.0 KB/sec)
Downloading: http://repo.maven.apache.org/maven2/org/apache/openwebbeans/openwebbeans-spi/1.2.8/openwebbeans-spi-1.2.8.jar
                                                 16/16 KB   51/459 KB   608/608 KB   113/113 KB              Downloaded: http://repo.maven.apache.org/maven2/com/mysema/querydsl/querydsl-jpa/3.6.4/querydsl-jpa-3.6.4.jar (113 KB at 760.5 KB/sec)
16/16 KB   55/459 KB   608/608 KB                Downloading: http://repo.maven.apache.org/maven2/org/apache/openwebbeans/openwebbeans-impl/1.2.8/openwebbeans-impl-1.2.8.jar
16/16 KB   59/459 KB   608/608 KB   16/16 KB   63/459 KB   608/608 KB   16/16 KB   67/459 KB   608/608 KB   16/16 KB   71/459 KB   608/608 KB   16/16 KB   75/459 KB   608/608 KB                                       Downloaded: http://repo.maven.apache.org/maven2/joda-time/joda-time/2.8/joda-time-2.8.jar (608 KB at 3510.7 KB/sec)
Downloading: http://repo.maven.apache.org/maven2/org/slf4j/slf4j-api/1.7.12/slf4j-api-1.7.12.jar
                                    Downloaded: http://repo.maven.apache.org/maven2/org/apache/openwebbeans/test/cditest-owb/1.2.8/cditest-owb-1.2.8.jar (16 KB at 95.7 KB/sec)
Downloading: http://repo.maven.apache.org/maven2/org/slf4j/jcl-over-slf4j/1.7.12/jcl-over-slf4j-1.7.12.jar
79/459 KB                           83/459 KB   87/459 KB   91/459 KB   95/459 KB   99/459 KB   103/459 KB   106/459 KB   110/459 KB   114/459 KB   118/459 KB   122/459 KB   126/459 KB   130/459 KB   134/459 KB   138/459 KB   142/459 KB   146/459 KB   150/459 KB   153/459 KB   156/459 KB   160/459 KB   164/459 KB   166/459 KB   170/459 KB   174/459 KB   174/459 KB   1/20 KB   178/459 KB   5/20 KB   4/17 KB   4/32 KB   178/459 KB   9/20 KB   4/17 KB   4/32 KB   178/459 KB   13/20 KB   4/17 KB   4/32 KB   178/459 KB   17/20 KB   4/17 KB   4/32 KB   178/459 KB   20/20 KB   4/17 KB   4/32 KB   178/459 KB   1/20 KB   4/17 KB   4/32 KB   178/459 KB   20/20 KB   4/17 KB   8/32 KB   178/459 KB   20/20 KB   4/17 KB   12/32 KB   178/459 KB   20/20 KB   4/17 KB   16/32 KB   178/459 KB   20/20 KB   4/17 KB   20/32 KB   178/459 KB   20/20 KB   4/17 KB   24/32 KB   178/459 KB   20/20 KB   4/17 KB   28/32 KB   178/459 KB   20/20 KB   4/17 KB   32/32 KB   178/459 KB   1/20 KB   4/17 KB   178/459 KB   1/20 KB   178/459 KB   20/20 KB   8/17 KB   32/32 KB   182/459 KB   20/20 KB   8/17 KB   32/32 KB   182/459 KB   20/20 KB   12/17 KB   32/32 KB   186/459 KB   20/20 KB   12/17 KB   32/32 KB   186/459 KB   20/20 KB   16/17 KB   32/32 KB   186/459 KB   20/20 KB   17/17 KB   32/32 KB   190/459 KB   20/20 KB   17/17 KB   32/32 KB   194/459 KB   20/20 KB   17/17 KB   32/32 KB   198/459 KB   20/20 KB   17/17 KB   32/32 KB   202/459 KB   20/20 KB   17/17 KB   32/32 KB   206/459 KB   20/20 KB   17/17 KB   32/32 KB   210/459 KB   20/20 KB   17/17 KB   32/32 KB   214/459 KB   20/20 KB   17/17 KB   32/32 KB   218/459 KB   20/20 KB   17/17 KB   32/32 KB   222/459 KB   20/20 KB   17/17 KB   32/32 KB   226/459 KB   20/20 KB   17/17 KB   32/32 KB   226/459 KB   20/20 KB   17/17 KB   32/32 KB   230/459 KB   20/20 KB   17/17 KB   32/32 KB   234/459 KB   20/20 KB   17/17 KB   32/32 KB   238/459 KB   20/20 KB   17/17 KB   32/32 KB   242/459 KB   20/20 KB   17/17 KB   32/32 KB   245/459 KB   20/20 KB   17/17 KB   32/32 KB   248/459 KB   20/20 KB   17/17 KB   32/32 KB   252/459 KB   20/20 KB   17/17 KB   32/32 KB   256/459 KB   20/20 KB   17/17 KB   32/32 KB   260/459 KB   20/20 KB   17/17 KB   32/32 KB   264/459 KB   20/20 KB   17/17 KB   32/32 KB   268/459 KB   20/20 KB   17/17 KB   32/32 KB   272/459 KB   20/20 KB   17/17 KB   32/32 KB   276/459 KB   20/20 KB   17/17 KB   32/32 KB   280/459 KB   20/20 KB   17/17 KB   32/32 KB   284/459 KB   20/20 KB   17/17 KB   32/32 KB   288/459 KB   20/20 KB   17/17 KB   32/32 KB   292/459 KB   20/20 KB   17/17 KB   32/32 KB   296/459 KB   20/20 KB   17/17 KB   32/32 KB   300/459 KB   20/20 KB   17/17 KB   32/32 KB   304/459 KB   20/20 KB   17/17 KB   32/32 KB   308/459 KB   20/20 KB   17/17 KB   32/32 KB   312/459 KB   20/20 KB   17/17 KB   32/32 KB   316/459 KB   20/20 KB   17/17 KB   32/32 KB   320/459 KB   20/20 KB   17/17 KB   32/32 KB   321/459 KB   20/20 KB   17/17 KB   32/32 KB   324/459 KB   20/20 KB   17/17 KB   32/32 KB   328/459 KB   20/20 KB   17/17 KB   32/32 KB   332/459 KB   20/20 KB   17/17 KB   32/32 KB   332/459 KB   20/20 KB   17/17 KB   32/32 KB                                                 Downloaded: http://repo.maven.apache.org/maven2/org/apache/openwebbeans/openwebbeans-spi/1.2.8/openwebbeans-spi-1.2.8.jar (20 KB at 98.0 KB/sec)
Downloading: http://repo.maven.apache.org/maven2/ch/qos/logback/logback-classic/1.1.3/logback-classic-1.1.3.jar
332/459 KB   17/17 KB   32/32 KB   1/552 KB   332/459 KB   17/17 KB   32/32 KB   5/552 KB   332/459 KB   17/17 KB   32/32 KB   9/552 KB   332/459 KB   17/17 KB   32/32 KB   13/552 KB   332/459 KB   17/17 KB   32/32 KB   17/552 KB   332/459 KB   17/17 KB   32/32 KB   21/552 KB   332/459 KB   17/17 KB   32/32 KB   25/552 KB   332/459 KB   17/17 KB   32/32 KB   29/552 KB   332/459 KB   17/17 KB   32/32 KB   33/552 KB   332/459 KB   17/17 KB   32/32 KB   37/552 KB   332/459 KB   17/17 KB   32/32 KB   41/552 KB   332/459 KB   17/17 KB   32/32 KB   45/552 KB   335/459 KB   17/17 KB   32/32 KB   45/552 KB   339/459 KB   17/17 KB   32/32 KB   45/552 KB   341/459 KB   17/17 KB   32/32 KB   45/552 KB   345/459 KB   17/17 KB   32/32 KB   45/552 KB   349/459 KB   17/17 KB   32/32 KB   45/552 KB   353/459 KB   17/17 KB   32/32 KB   45/552 KB   357/459 KB   17/17 KB   32/32 KB   45/552 KB   359/459 KB   17/17 KB   32/32 KB   45/552 KB                                                  363/459 KB   17/17 KB   45/552 KB              367/459 KB   17/17 KB   45/552 KB   371/459 KB   45/552 KB              375/459 KB   45/552 KB   379/459 KB   45/552 KB   383/459 KB   45/552 KB   387/459 KB   45/552 KB   391/459 KB   45/552 KB   395/459 KB   45/552 KB   399/459 KB   45/552 KB   403/459 KB   45/552 KB   407/459 KB   45/552 KB   411/459 KB   45/552 KB   415/459 KB   45/552 KB   419/459 KB   45/552 KB   423/459 KB   45/552 KB   427/459 KB   45/552 KB   431/459 KB   45/552 KB   435/459 KB   45/552 KB   439/459 KB   45/552 KB   443/459 KB   45/552 KB   447/459 KB   45/552 KB   451/459 KB   45/552 KB   453/459 KB   45/552 KB   Downloaded: http://repo.maven.apache.org/maven2/org/slf4j/slf4j-api/1.7.12/slf4j-api-1.7.12.jar (32 KB at 152.3 KB/sec)
Downloading: http://repo.maven.apache.org/maven2/ch/qos/logback/logback-core/1.1.3/logback-core-1.1.3.jar
                                    Downloaded: http://repo.maven.apache.org/maven2/org/slf4j/jcl-over-slf4j/1.7.12/jcl-over-slf4j-1.7.12.jar (17 KB at 77.6 KB/sec)
457/459 KB   45/552 KB   459/459 KB   45/552 KB   459/459 KB   47/552 KB   459/459 KB   51/552 KB   459/459 KB   51/552 KB   459/459 KB   55/552 KB   459/459 KB   55/552 KB   459/459 KB   59/552 KB   459/459 KB   63/552 KB   4/275 KB   459/459 KB   67/552 KB   4/275 KB   459/459 KB   71/552 KB   4/275 KB   459/459 KB   75/552 KB   4/275 KB   459/459 KB   79/552 KB   4/275 KB   459/459 KB   83/552 KB   4/275 KB   459/459 KB   87/552 KB   4/275 KB   459/459 KB   91/552 KB   4/275 KB   459/459 KB   95/552 KB   4/275 KB   459/459 KB   99/552 KB   4/275 KB   459/459 KB   103/552 KB   4/275 KB   459/459 KB   107/552 KB   4/275 KB   459/459 KB   111/552 KB   4/275 KB   459/459 KB   115/552 KB   4/275 KB   459/459 KB   119/552 KB   4/275 KB   459/459 KB   123/552 KB   4/275 KB   459/459 KB   127/552 KB   4/275 KB   459/459 KB   131/552 KB   4/275 KB   459/459 KB   135/552 KB   4/275 KB   459/459 KB   136/552 KB   4/275 KB   459/459 KB   63/552 KB   8/275 KB   459/459 KB   136/552 KB   12/275 KB   459/459 KB   136/552 KB   16/275 KB   459/459 KB   136/552 KB   20/275 KB   459/459 KB   136/552 KB   24/275 KB   459/459 KB   136/552 KB   28/275 KB   459/459 KB   136/552 KB   32/275 KB   459/459 KB   136/552 KB   36/275 KB   459/459 KB   136/552 KB   40/275 KB   459/459 KB   136/552 KB   44/275 KB   459/459 KB   136/552 KB   48/275 KB   459/459 KB   136/552 KB   52/275 KB   459/459 KB   136/552 KB   56/275 KB   459/459 KB   136/552 KB   60/275 KB   459/459 KB   136/552 KB   64/275 KB   459/459 KB   136/552 KB   67/275 KB   459/459 KB   136/552 KB                                         67/275 KB   140/552 KB                Downloaded: http://repo.maven.apache.org/maven2/com/mysema/querydsl/querydsl-core/3.6.4/querydsl-core-3.6.4.jar (459 KB at 1991.4 KB/sec)
67/275 KB   144/552 KB   67/275 KB   148/552 KB   67/275 KB   152/552 KB   67/275 KB   156/552 KB   71/275 KB   156/552 KB   71/275 KB   160/552 KB   75/275 KB   160/552 KB   75/275 KB   164/552 KB   79/275 KB   168/552 KB   79/275 KB   172/552 KB   79/275 KB   176/552 KB   79/275 KB   180/552 KB   79/275 KB   184/552 KB   79/275 KB   4/445 KB   188/552 KB   79/275 KB   4/445 KB   192/552 KB   79/275 KB   4/445 KB   196/552 KB   79/275 KB   4/445 KB   200/552 KB   79/275 KB   4/445 KB   204/552 KB   79/275 KB   4/445 KB   208/552 KB   79/275 KB   4/445 KB   212/552 KB   79/275 KB   4/445 KB   216/552 KB   79/275 KB   4/445 KB   220/552 KB   79/275 KB   4/445 KB   224/552 KB   79/275 KB   4/445 KB   228/552 KB   79/275 KB   4/445 KB   232/552 KB   79/275 KB   4/445 KB   236/552 KB   79/275 KB   4/445 KB   240/552 KB   79/275 KB   4/445 KB   244/552 KB   79/275 KB   4/445 KB   248/552 KB   79/275 KB   4/445 KB   252/552 KB   79/275 KB   4/445 KB   256/552 KB   79/275 KB   4/445 KB   260/552 KB   79/275 KB   4/445 KB   264/552 KB   79/275 KB   4/445 KB   268/552 KB   79/275 KB   4/445 KB   272/552 KB   79/275 KB   4/445 KB   276/552 KB   79/275 KB   4/445 KB   280/552 KB   79/275 KB   4/445 KB   284/552 KB   79/275 KB   4/445 KB   288/552 KB   79/275 KB   4/445 KB   292/552 KB   79/275 KB   4/445 KB   296/552 KB   79/275 KB   4/445 KB   300/552 KB   79/275 KB   4/445 KB   300/552 KB   79/275 KB   164/552 KB   83/275 KB   4/445 KB   300/552 KB   87/275 KB   4/445 KB   300/552 KB   91/275 KB   4/445 KB   300/552 KB   95/275 KB   4/445 KB   300/552 KB   99/275 KB   4/445 KB   300/552 KB   103/275 KB   4/445 KB   300/552 KB   107/275 KB   4/445 KB   300/552 KB   111/275 KB   4/445 KB   300/552 KB   115/275 KB   4/445 KB   300/552 KB   119/275 KB   4/445 KB   300/552 KB   123/275 KB   4/445 KB   300/552 KB   127/275 KB   4/445 KB   300/552 KB   131/275 KB   4/445 KB   300/552 KB   135/275 KB   4/445 KB   300/552 KB   139/275 KB   4/445 KB   300/552 KB   143/275 KB   4/445 KB   300/552 KB   144/275 KB   4/445 KB   300/552 KB   79/275 KB   4/445 KB   184/552 KB   144/275 KB   6/445 KB   300/552 KB   144/275 KB   10/445 KB   300/552 KB   144/275 KB   14/445 KB   300/552 KB   144/275 KB   18/445 KB   300/552 KB   144/275 KB   22/445 KB   300/552 KB   144/275 KB   26/445 KB   300/552 KB   144/275 KB   30/445 KB   300/552 KB   144/275 KB   34/445 KB   300/552 KB   144/275 KB   38/445 KB   300/552 KB   144/275 KB   42/445 KB   300/552 KB   144/275 KB   44/445 KB   300/552 KB   144/275 KB   44/445 KB   304/552 KB   144/275 KB   44/445 KB   308/552 KB   144/275 KB   44/445 KB   312/552 KB   144/275 KB   44/445 KB   316/552 KB   144/275 KB   44/445 KB   320/552 KB   144/275 KB   44/445 KB   324/552 KB   144/275 KB   44/445 KB   328/552 KB   144/275 KB   44/445 KB   332/552 KB   148/275 KB   44/445 KB   336/552 KB   148/275 KB   44/445 KB   340/552 KB   148/275 KB   44/445 KB   344/552 KB   148/275 KB   44/445 KB   348/552 KB   148/275 KB   44/445 KB   352/552 KB   148/275 KB   44/445 KB   356/552 KB   148/275 KB   44/445 KB   360/552 KB   148/275 KB   44/445 KB   364/552 KB   148/275 KB   44/445 KB   368/552 KB   148/275 KB   44/445 KB   372/552 KB   148/275 KB   44/445 KB   376/552 KB   148/275 KB   44/445 KB   380/552 KB   148/275 KB   44/445 KB   384/552 KB   148/275 KB   45/445 KB   388/552 KB   148/275 KB   45/445 KB   392/552 KB   148/275 KB   45/445 KB   396/552 KB   148/275 KB   45/445 KB   400/552 KB   148/275 KB   45/445 KB   404/552 KB   148/275 KB   45/445 KB   408/552 KB   148/275 KB   45/445 KB   412/552 KB   148/275 KB   45/445 KB   416/552 KB   148/275 KB   45/445 KB   420/552 KB   148/275 KB   45/445 KB   424/552 KB   148/275 KB   45/445 KB   428/552 KB   148/275 KB   45/445 KB   432/552 KB   148/275 KB   45/445 KB   436/552 KB   148/275 KB   45/445 KB   440/552 KB   148/275 KB   45/445 KB   444/552 KB   148/275 KB   45/445 KB   448/552 KB   148/275 KB   45/445 KB   452/552 KB   148/275 KB   45/445 KB   456/552 KB   148/275 KB   45/445 KB   460/552 KB   148/275 KB   45/445 KB   464/552 KB   148/275 KB   45/445 KB   468/552 KB   148/275 KB   45/445 KB   472/552 KB   148/275 KB   45/445 KB   476/552 KB   148/275 KB   45/445 KB   480/552 KB   148/275 KB   45/445 KB   484/552 KB   148/275 KB   45/445 KB   488/552 KB   148/275 KB   44/445 KB   332/552 KB   152/275 KB   45/445 KB   488/552 KB   156/275 KB   45/445 KB   488/552 KB   160/275 KB   45/445 KB   488/552 KB   164/275 KB   45/445 KB   488/552 KB   168/275 KB   45/445 KB   488/552 KB   172/275 KB   45/445 KB   488/552 KB   176/275 KB   45/445 KB   488/552 KB   180/275 KB   45/445 KB   488/552 KB   184/275 KB   45/445 KB   488/552 KB   188/275 KB   45/445 KB   488/552 KB   192/275 KB   45/445 KB   488/552 KB   196/275 KB   45/445 KB   488/552 KB   200/275 KB   45/445 KB   488/552 KB   204/275 KB   45/445 KB   488/552 KB   208/275 KB   45/445 KB   488/552 KB   212/275 KB   45/445 KB   488/552 KB   215/275 KB   45/445 KB   488/552 KB   148/275 KB   45/445 KB   384/552 KB   215/275 KB   49/445 KB   488/552 KB   215/275 KB   51/445 KB   488/552 KB   215/275 KB   51/445 KB   491/552 KB   215/275 KB   55/445 KB   491/552 KB   215/275 KB   59/445 KB   491/552 KB   215/275 KB   63/445 KB   491/552 KB   215/275 KB   67/445 KB   491/552 KB   215/275 KB   71/445 KB   491/552 KB   215/275 KB   75/445 KB   491/552 KB   215/275 KB   79/445 KB   491/552 KB   215/275 KB   83/445 KB   491/552 KB   215/275 KB   87/445 KB   491/552 KB   215/275 KB   91/445 KB   491/552 KB   215/275 KB   91/445 KB   495/552 KB   215/275 KB   91/445 KB   496/552 KB   215/275 KB   91/445 KB   500/552 KB   215/275 KB   91/445 KB   504/552 KB   215/275 KB   91/445 KB   508/552 KB   215/275 KB   91/445 KB   512/552 KB   215/275 KB   91/445 KB   516/552 KB   215/275 KB   91/445 KB   520/552 KB   215/275 KB   91/445 KB   524/552 KB   215/275 KB   91/445 KB   528/552 KB   215/275 KB   91/445 KB   532/552 KB   215/275 KB   91/445 KB   536/552 KB   218/275 KB   91/445 KB   540/552 KB   218/275 KB   91/445 KB   544/552 KB   218/275 KB   91/445 KB   548/552 KB   218/275 KB   91/445 KB   552/552 KB   218/275 KB   91/445 KB   536/552 KB   222/275 KB   91/445 KB   552/552 KB   224/275 KB   91/445 KB   552/552 KB   224/275 KB   95/445 KB   552/552 KB   224/275 KB   95/445 KB   552/552 KB   228/275 KB   95/445 KB   552/552 KB   229/275 KB   95/445 KB   552/552 KB   233/275 KB   95/445 KB   552/552 KB   237/275 KB   95/445 KB   552/552 KB   241/275 KB   95/445 KB   552/552 KB   245/275 KB   95/445 KB   552/552 KB   249/275 KB   95/445 KB   552/552 KB   253/275 KB   95/445 KB   552/552 KB   257/275 KB   95/445 KB   552/552 KB   261/275 KB   95/445 KB   552/552 KB   265/275 KB   95/445 KB   552/552 KB   269/275 KB   95/445 KB   552/552 KB   273/275 KB   95/445 KB   552/552 KB   275/275 KB   95/445 KB   552/552 KB   275/275 KB   96/445 KB   552/552 KB   275/275 KB   100/445 KB   552/552 KB   275/275 KB   100/445 KB   552/552 KB   275/275 KB   104/445 KB   552/552 KB   275/275 KB   105/445 KB   552/552 KB   275/275 KB   108/445 KB   552/552 KB   275/275 KB   112/445 KB   552/552 KB   275/275 KB   113/445 KB   552/552 KB   275/275 KB   117/445 KB   552/552 KB   275/275 KB   121/445 KB   552/552 KB   275/275 KB   125/445 KB   552/552 KB   275/275 KB   129/445 KB   552/552 KB   275/275 KB   133/445 KB   552/552 KB   275/275 KB   137/445 KB   552/552 KB   275/275 KB   141/445 KB   552/552 KB   275/275 KB   145/445 KB   552/552 KB   275/275 KB   149/445 KB   552/552 KB                                          275/275 KB   153/445 KB                Downloaded: http://repo.maven.apache.org/maven2/org/apache/openwebbeans/openwebbeans-impl/1.2.8/openwebbeans-impl-1.2.8.jar (552 KB at 1985.1 KB/sec)
275/275 KB   153/445 KB   275/275 KB   157/445 KB   275/275 KB   161/445 KB   275/275 KB   161/445 KB                             Downloaded: http://repo.maven.apache.org/maven2/ch/qos/logback/logback-classic/1.1.3/logback-classic-1.1.3.jar (275 KB at 969.4 KB/sec)
165/445 KB                169/445 KB   173/445 KB   177/445 KB   181/445 KB   185/445 KB   189/445 KB   193/445 KB   197/445 KB   201/445 KB   205/445 KB   209/445 KB   213/445 KB   217/445 KB   221/445 KB   225/445 KB   228/445 KB   229/445 KB   233/445 KB   237/445 KB   241/445 KB   243/445 KB   247/445 KB   251/445 KB   255/445 KB   259/445 KB   263/445 KB   267/445 KB   271/445 KB   275/445 KB   279/445 KB   283/445 KB   287/445 KB   291/445 KB   295/445 KB   299/445 KB   303/445 KB   307/445 KB   311/445 KB   314/445 KB   317/445 KB   321/445 KB   322/445 KB   325/445 KB   329/445 KB   333/445 KB   337/445 KB   341/445 KB   344/445 KB   347/445 KB   351/445 KB   355/445 KB   359/445 KB   363/445 KB   367/445 KB   371/445 KB   375/445 KB   379/445 KB   383/445 KB   387/445 KB   391/445 KB   395/445 KB   399/445 KB   403/445 KB   407/445 KB   411/445 KB   415/445 KB   419/445 KB   423/445 KB   427/445 KB   429/445 KB   433/445 KB   437/445 KB   441/445 KB   441/445 KB   445/445 KB                Downloaded: http://repo.maven.apache.org/maven2/ch/qos/logback/logback-core/1.1.3/logback-core-1.1.3.jar (445 KB at 1273.3 KB/sec)
Downloading: https://oss.sonatype.org/content/repositories/releases/org/springframework/data/spring-data-commons/1.11.0.M1/spring-data-commons-1.11.0.M1.jar
             Downloading: https://repository.apache.org/releases/org/springframework/data/spring-data-commons/1.11.0.M1/spring-data-commons-1.11.0.M1.jar
             Downloading: https://repo.spring.io/libs-milestone/org/springframework/data/spring-data-commons/1.11.0.M1/spring-data-commons-1.11.0.M1.jar
4/581 KB     8/581 KB   12/581 KB   14/581 KB   18/581 KB   22/581 KB   26/581 KB   30/581 KB   34/581 KB   38/581 KB   42/581 KB   42/581 KB   46/581 KB   50/581 KB   54/581 KB   58/581 KB   62/581 KB   66/581 KB   70/581 KB   74/581 KB   78/581 KB   82/581 KB   86/581 KB   90/581 KB   94/581 KB   98/581 KB   102/581 KB   106/581 KB   110/581 KB   114/581 KB   118/581 KB   122/581 KB   126/581 KB   130/581 KB   134/581 KB   138/581 KB   142/581 KB   146/581 KB   150/581 KB   154/581 KB   158/581 KB   162/581 KB   166/581 KB   170/581 KB   174/581 KB   178/581 KB   182/581 KB   186/581 KB   190/581 KB   194/581 KB   198/581 KB   202/581 KB   206/581 KB   210/581 KB   214/581 KB   218/581 KB   222/581 KB   226/581 KB   230/581 KB   234/581 KB   238/581 KB   242/581 KB   246/581 KB   250/581 KB   254/581 KB   258/581 KB   262/581 KB   266/581 KB   270/581 KB   274/581 KB   278/581 KB   282/581 KB   286/581 KB   290/581 KB   294/581 KB   298/581 KB   302/581 KB   306/581 KB   310/581 KB   314/581 KB   318/581 KB   322/581 KB   326/581 KB   330/581 KB   334/581 KB   338/581 KB   342/581 KB   346/581 KB   350/581 KB   354/581 KB   358/581 KB   362/581 KB   366/581 KB   370/581 KB   374/581 KB   378/581 KB   382/581 KB   386/581 KB   390/581 KB   394/581 KB   398/581 KB   402/581 KB   406/581 KB   410/581 KB   414/581 KB   418/581 KB   422/581 KB   426/581 KB   430/581 KB   434/581 KB   438/581 KB   442/581 KB   446/581 KB   450/581 KB   454/581 KB   458/581 KB   462/581 KB   466/581 KB   470/581 KB   474/581 KB   478/581 KB   482/581 KB   486/581 KB   490/581 KB   494/581 KB   498/581 KB   502/581 KB   506/581 KB   510/581 KB   514/581 KB   518/581 KB   522/581 KB   526/581 KB   530/581 KB   534/581 KB   538/581 KB   542/581 KB   546/581 KB   550/581 KB   554/581 KB   558/581 KB   562/581 KB   566/581 KB   570/581 KB   574/581 KB   578/581 KB   581/581 KB                Downloaded: https://repo.spring.io/libs-milestone/org/springframework/data/spring-data-commons/1.11.0.M1/spring-data-commons-1.11.0.M1.jar (581 KB at 2268.2 KB/sec)
[INFO] 
[INFO] --- maven-clean-plugin:2.5:clean (default-clean) @ spring-data-jpa ---
[INFO] 
[INFO] --- maven-dependency-plugin:2.8:list (default-cli) @ spring-data-jpa ---
[INFO] 
[INFO] The following files have been resolved:
[INFO]    antlr:antlr:jar:2.7.6:compile
[INFO]    aopalliance:aopalliance:jar:1.0:compile
[INFO]    asm:asm:jar:3.1:compile
[INFO]    cglib:cglib:jar:2.2:compile
[INFO]    ch.qos.logback:logback-classic:jar:1.1.3:test
[INFO]    ch.qos.logback:logback-core:jar:1.1.3:test
[INFO]    com.google.code.findbugs:jsr305:jar:1.3.9:compile
[INFO]    com.google.guava:guava:jar:17.0:test
[INFO]    com.infradna.tool:bridge-method-annotation:jar:1.13:compile
[INFO]    com.mysema.codegen:codegen:jar:0.6.6:provided
[INFO]    com.mysema.commons:mysema-commons-lang:jar:0.2.4:compile
[INFO]    com.mysema.querydsl:querydsl-apt:jar:3.6.4:provided
[INFO]    com.mysema.querydsl:querydsl-codegen:jar:3.6.4:provided
[INFO]    com.mysema.querydsl:querydsl-core:jar:3.6.4:compile
[INFO]    com.mysema.querydsl:querydsl-jpa:jar:3.6.4:compile
[INFO]    commons-collections:commons-collections:jar:3.1:compile
[INFO]    commons-lang:commons-lang:jar:2.4:compile
[INFO]    commons-pool:commons-pool:jar:1.5.4:compile
[INFO]    dom4j:dom4j:jar:1.6.1:compile
[INFO]    javassist:javassist:jar:3.12.0.GA:compile
[INFO]    javax.annotation:jsr250-api:jar:1.0:provided
[INFO]    javax.el:el-api:jar:1.0:test
[INFO]    javax.enterprise:cdi-api:jar:1.0:provided
[INFO]    javax.inject:javax.inject:jar:1:provided
[INFO]    javax.servlet:javax.servlet-api:jar:3.0.1:test
[INFO]    javax.transaction:jta:jar:1.1:compile
[INFO]    joda-time:joda-time:jar:2.8:compile
[INFO]    junit:junit:jar:4.12:test
[INFO]    net.sourceforge.serp:serp:jar:1.14.1:compile
[INFO]    org.apache.geronimo.specs:geronimo-atinject_1.0_spec:jar:1.0:test
[INFO]    org.apache.geronimo.specs:geronimo-jcdi_1.0_spec:jar:1.0:test
[INFO]    org.apache.geronimo.specs:geronimo-jms_1.1_spec:jar:1.1.1:compile
[INFO]    org.apache.geronimo.specs:geronimo-jpa_2.0_spec:jar:1.1:compile
[INFO]    org.apache.geronimo.specs:geronimo-jta_1.1_spec:jar:1.1.1:compile
[INFO]    org.apache.openjpa:openjpa-jdbc:jar:2.3.0:compile
[INFO]    org.apache.openjpa:openjpa-kernel:jar:2.3.0:compile
[INFO]    org.apache.openjpa:openjpa-lib:jar:2.3.0:compile
[INFO]    org.apache.openjpa:openjpa-persistence-jdbc:jar:2.3.0:compile
[INFO]    org.apache.openjpa:openjpa-persistence:jar:2.3.0:compile
[INFO]    org.apache.openwebbeans.test:cditest-owb:jar:1.2.8:test
[INFO]    org.apache.openwebbeans.test:cditest:jar:1.2.8:test
[INFO]    org.apache.openwebbeans:openwebbeans-impl:jar:1.2.8:test
[INFO]    org.apache.openwebbeans:openwebbeans-spi:jar:1.2.8:test
[INFO]    org.apache.xbean:xbean-asm4-shaded:jar:3.14:compile
[INFO]    org.apache.xbean:xbean-asm5-shaded:jar:4.1:test
[INFO]    org.apache.xbean:xbean-finder-shaded:jar:4.1:test
[INFO]    org.aspectj:aspectjrt:jar:1.8.5:compile
[INFO]    org.aspectj:aspectjweaver:jar:1.8.5:test
[INFO]    org.eclipse.jdt.core.compiler:ecj:jar:4.3.1:provided
[INFO]    org.eclipse.persistence:javax.persistence:jar:2.1.0:compile
[INFO]    org.eclipse.persistence:org.eclipse.persistence.antlr:jar:2.6.0:compile
[INFO]    org.eclipse.persistence:org.eclipse.persistence.asm:jar:2.6.0:compile
[INFO]    org.eclipse.persistence:org.eclipse.persistence.core:jar:2.6.0:compile
[INFO]    org.eclipse.persistence:org.eclipse.persistence.jpa.jpql:jar:2.6.0:compile
[INFO]    org.eclipse.persistence:org.eclipse.persistence.jpa:jar:2.6.0:compile
[INFO]    org.glassfish:javax.json:jar:1.0.4:compile
[INFO]    org.hamcrest:hamcrest-core:jar:1.3:test
[INFO]    org.hamcrest:hamcrest-library:jar:1.3:test
[INFO]    org.hibernate.javax.persistence:hibernate-jpa-2.0-api:jar:1.0.1.Final:compile
[INFO]    org.hibernate:hibernate-commons-annotations:jar:3.2.0.Final:compile
[INFO]    org.hibernate:hibernate-core:jar:3.6.10.Final:compile
[INFO]    org.hibernate:hibernate-entitymanager:jar:3.6.10.Final:compile
[INFO]    org.hsqldb:hsqldb:jar:2.2.8:test
[INFO]    org.jboss.interceptor:jboss-interceptor-api:jar:1.1:provided
[INFO]    org.mockito:mockito-core:jar:1.10.19:test
[INFO]    org.objenesis:objenesis:jar:2.1:test
[INFO]    org.slf4j:jcl-over-slf4j:jar:1.7.12:runtime
[INFO]    org.slf4j:slf4j-api:jar:1.7.12:compile
[INFO]    org.springframework.data:spring-data-commons:jar:1.11.0.M1:compile
[INFO]    org.springframework:spring-aop:jar:4.1.6.RELEASE:compile
[INFO]    org.springframework:spring-aspects:jar:4.1.6.RELEASE:compile
[INFO]    org.springframework:spring-beans:jar:4.1.6.RELEASE:compile
[INFO]    org.springframework:spring-context:jar:4.1.6.RELEASE:compile
[INFO]    org.springframework:spring-core:jar:4.1.6.RELEASE:compile
[INFO]    org.springframework:spring-expression:jar:4.1.6.RELEASE:compile
[INFO]    org.springframework:spring-instrument:jar:4.1.6.RELEASE:provided
[INFO]    org.springframework:spring-jdbc:jar:4.1.6.RELEASE:compile
[INFO]    org.springframework:spring-orm:jar:4.1.6.RELEASE:compile
[INFO]    org.springframework:spring-test:jar:4.1.6.RELEASE:test
[INFO]    org.springframework:spring-tx:jar:4.1.6.RELEASE:compile
[INFO]    org.threeten:threetenbp:jar:1.2:compile
[INFO] 
[INFO] 
[INFO] --- apt-maven-plugin:1.1.3:process (sources) @ spring-data-jpa ---
[INFO] 
[INFO] --- maven-resources-plugin:2.6:resources (default-resources) @ spring-data-jpa ---
[INFO] Using 'UTF-8' encoding to copy filtered resources.
[INFO] Copying 13 resources
[INFO] 
[INFO] --- maven-compiler-plugin:3.1:compile (default-compile) @ spring-data-jpa ---
[INFO] Changes detected - recompiling the module!
[INFO] Compiling 98 source files to /home/travis/build/spring-projects/spring-data-jpa/target/classes
[WARNING] /home/travis/build/spring-projects/spring-data-jpa/target/generated-sources/annotations/org/springframework/data/jpa/domain/QAbstractPersistable.java: Some input files use unchecked or unsafe operations.
[WARNING] /home/travis/build/spring-projects/spring-data-jpa/target/generated-sources/annotations/org/springframework/data/jpa/domain/QAbstractPersistable.java: Recompile with -Xlint:unchecked for details.
[INFO] 
[INFO] --- com.springsource.bundlor.maven:1.0.0.RELEASE:bundlor (bundlor) @ spring-data-jpa ---
Manifest written to '/home/travis/build/spring-projects/spring-data-jpa/target/classes/META-INF/MANIFEST.MF'
[INFO] 
[INFO] --- aspectj-maven-plugin:1.6:compile (default) @ spring-data-jpa ---
[INFO] 
[INFO] --- apt-maven-plugin:1.1.3:test-process (test-sources) @ spring-data-jpa ---
[INFO] 
[INFO] --- maven-resources-plugin:2.6:testResources (default-testResources) @ spring-data-jpa ---
[INFO] Using 'UTF-8' encoding to copy filtered resources.
[INFO] Copying 33 resources
[INFO] 
[INFO] --- maven-compiler-plugin:3.1:testCompile (default-testCompile) @ spring-data-jpa ---
[INFO] Changes detected - recompiling the module!
[INFO] Compiling 297 source files to /home/travis/build/spring-projects/spring-data-jpa/target/test-classes
[INFO] 
[INFO] --- maven-surefire-plugin:2.12:test (default-test) @ spring-data-jpa ---
[INFO] Surefire report directory: /home/travis/build/spring-projects/spring-data-jpa/target/surefire-reports

-------------------------------------------------------
 T E S T S
-------------------------------------------------------

Results :

Tests run: 0, Failures: 0, Errors: 0, Skipped: 0

[INFO] 
[INFO] --- maven-surefire-plugin:2.12:test (unit-tests) @ spring-data-jpa ---
[INFO] Surefire report directory: /home/travis/build/spring-projects/spring-data-jpa/target/surefire-reports

-------------------------------------------------------
 T E S T S
-------------------------------------------------------
Running org.springframework.data.jpa.repository.support.JpaEntityInformationSupportUnitTests
Tests run: 2, Failures: 0, Errors: 0, Skipped: 0, Time elapsed: 0.891 sec
Running org.springframework.data.jpa.repository.support.EntityManagerBeanDefinitionRegistratPostProcessorUnitTests
Tests run: 1, Failures: 0, Errors: 0, Skipped: 0, Time elapsed: 0.386 sec
Running org.springframework.data.jpa.repository.support.JpaRepositoryFactoryBeanUnitTests
Tests run: 4, Failures: 0, Errors: 0, Skipped: 0, Time elapsed: 0.237 sec
Running org.springframework.data.jpa.repository.support.SimpleJpaRepositoryUnitTests
Tests run: 3, Failures: 0, Errors: 0, Skipped: 0, Time elapsed: 0.704 sec
Running org.springframework.data.jpa.repository.support.JpaRepositoryFactoryUnitTests
Tests run: 8, Failures: 0, Errors: 0, Skipped: 0, Time elapsed: 1.041 sec
Running org.springframework.data.jpa.repository.support.JpaPersistableEntityInformationUnitTests
Tests run: 1, Failures: 0, Errors: 0, Skipped: 0, Time elapsed: 0.052 sec
Running org.springframework.data.jpa.repository.support.EntityManagerFactoryRefUnitTests
Tests run: 1, Failures: 0, Errors: 0, Skipped: 0, Time elapsed: 1.435 sec
Running org.springframework.data.jpa.repository.support.JpaMetamodelEntityInformationUnitTests
Tests run: 1, Failures: 0, Errors: 0, Skipped: 0, Time elapsed: 0.147 sec
Running org.springframework.data.jpa.repository.support.CrudMethodMetadataPopulatingMethodInterceptorUnitTests
Tests run: 1, Failures: 0, Errors: 0, Skipped: 0, Time elapsed: 0.015 sec
Running org.springframework.data.jpa.repository.query.SimpleJpaQueryUnitTests
Tests run: 9, Failures: 0, Errors: 0, Skipped: 0, Time elapsed: 0.217 sec
Running org.springframework.data.jpa.repository.query.ParameterBinderUnitTests
Tests run: 14, Failures: 0, Errors: 0, Skipped: 0, Time elapsed: 0.09 sec
Running org.springframework.data.jpa.repository.query.JpaQueryExecutionUnitTests
Tests run: 8, Failures: 0, Errors: 0, Skipped: 0, Time elapsed: 0.13 sec
Running org.springframework.data.jpa.repository.query.JpaQueryLookupStrategyUnitTests
Tests run: 2, Failures: 0, Errors: 0, Skipped: 0, Time elapsed: 0.059 sec
Running org.springframework.data.jpa.repository.query.JpaParametersUnitTests
Tests run: 1, Failures: 0, Errors: 0, Skipped: 0, Time elapsed: 0 sec
Running org.springframework.data.jpa.repository.query.ExpressionBasedStringQueryUnitTests
Tests run: 2, Failures: 0, Errors: 0, Skipped: 0, Time elapsed: 0.159 sec
Running org.springframework.data.jpa.repository.query.StringQueryUnitTests
Tests run: 20, Failures: 0, Errors: 0, Skipped: 0, Time elapsed: 0.072 sec
Running org.springframework.data.jpa.repository.query.JpaQueryMethodUnitTests
Tests run: 26, Failures: 0, Errors: 0, Skipped: 0, Time elapsed: 0.209 sec
Running org.springframework.data.jpa.repository.query.Jpa21UtilsUnitTests
Tests run: 1, Failures: 0, Errors: 0, Skipped: 0, Time elapsed: 0.015 sec
Running org.springframework.data.jpa.repository.query.LikeBindingUnitTests
Tests run: 8, Failures: 0, Errors: 0, Skipped: 0, Time elapsed: 0.024 sec
Running org.springframework.data.jpa.repository.query.StoredProcedureAttributeSourceUnitTests
Tests run: 6, Failures: 0, Errors: 0, Skipped: 0, Time elapsed: 0.048 sec
Running org.springframework.data.jpa.repository.query.StoredProcedureAttributesUnitTests
Tests run: 1, Failures: 0, Errors: 0, Skipped: 0, Time elapsed: 0.017 sec
Running org.springframework.data.jpa.repository.query.QueryUtilsUnitTests
Tests run: 24, Failures: 0, Errors: 0, Skipped: 0, Time elapsed: 0.073 sec
Running org.springframework.data.jpa.repository.query.NamedQueryUnitTests
Tests run: 2, Failures: 0, Errors: 0, Skipped: 0, Time elapsed: 0.017 sec
Running org.springframework.data.jpa.repository.cdi.JpaRepositoryExtensionUnitTests
Tests run: 3, Failures: 0, Errors: 0, Skipped: 0, Time elapsed: 0.105 sec
Running org.springframework.data.jpa.repository.config.JpaRepositoryConfigExtensionUnitTests
Tests run: 4, Failures: 0, Errors: 0, Skipped: 0, Time elapsed: 0.143 sec
Running org.springframework.data.jpa.repository.config.JpaAuditingRegistrarUnitTests
Tests run: 2, Failures: 0, Errors: 0, Skipped: 0, Time elapsed: 0.055 sec
Running org.springframework.data.jpa.repository.config.JpaRepositoriesRegistrarUnitTests
Tests run: 1, Failures: 0, Errors: 0, Skipped: 0, Time elapsed: 0.442 sec
Running org.springframework.data.jpa.repository.CrudMethodMetadataUnitTests
Tests run: 3, Failures: 0, Errors: 0, Skipped: 0, Time elapsed: 0.354 sec
Running org.springframework.data.jpa.support.MergingPersistenceUnitManagerUnitTests
Tests run: 5, Failures: 0, Errors: 0, Skipped: 0, Time elapsed: 0.248 sec
Running org.springframework.data.jpa.support.ClasspathScanningPersistenceUnitPostProcessorUnitTests
Tests run: 8, Failures: 0, Errors: 0, Skipped: 0, Time elapsed: 0.101 sec
Running org.springframework.data.jpa.domain.support.AuditingNamespaceUnitTests
Tests run: 5, Failures: 0, Errors: 0, Skipped: 0, Time elapsed: 1.564 sec
Running org.springframework.data.jpa.domain.support.AuditingBeanFactoryPostProcessorUnitTests
Tests run: 4, Failures: 0, Errors: 0, Skipped: 0, Time elapsed: 0.607 sec
Running org.springframework.data.jpa.domain.support.AnnotationAuditingBeanFactoryPostProcessorUnitTests
Tests run: 4, Failures: 0, Errors: 0, Skipped: 0, Time elapsed: 0.177 sec
Running org.springframework.data.jpa.domain.SpecificationsUnitTests
Tests run: 8, Failures: 0, Errors: 0, Skipped: 0, Time elapsed: 0.383 sec
Running org.springframework.data.jpa.mapping.JpaPersistentPropertyImplUnitTests
Tests run: 14, Failures: 0, Errors: 0, Skipped: 0, Time elapsed: 0.526 sec
Running org.springframework.data.jpa.provider.PersistenceProviderUnitTests
Tests run: 5, Failures: 0, Errors: 0, Skipped: 0, Time elapsed: 0.536 sec

Results :

Tests run: 212, Failures: 0, Errors: 0, Skipped: 0

[INFO] 
[INFO] --- maven-surefire-plugin:2.12:test (integration-tests) @ spring-data-jpa ---
[INFO] Surefire report directory: /home/travis/build/spring-projects/spring-data-jpa/target/surefire-reports

-------------------------------------------------------
 T E S T S
-------------------------------------------------------
Running org.springframework.data.jpa.repository.support.EntityManagerBeanDefinitionRegistrarPostProcessorIntegrationTests
Tests run: 1, Failures: 0, Errors: 0, Skipped: 0, Time elapsed: 7.954 sec
Running org.springframework.data.jpa.repository.support.TransactionalRepositoryTests
Tests run: 5, Failures: 0, Errors: 0, Skipped: 0, Time elapsed: 3.706 sec
Running org.springframework.data.jpa.repository.support.JpaMetamodelEntityInformationIntegrationTests
Tests run: 14, Failures: 0, Errors: 0, Skipped: 1, Time elapsed: 2.456 sec
Running org.springframework.data.jpa.repository.support.QueryDslJpaRepositoryTests
Tests run: 17, Failures: 0, Errors: 1, Skipped: 0, Time elapsed: 0.594 sec <<< FAILURE!
shouldSupportExistsWithPredicate(org.springframework.data.jpa.repository.support.QueryDslJpaRepositoryTests)  Time elapsed: 0.061 sec  <<< ERROR!
java.lang.NoClassDefFoundError: org/hibernate/jpa/HibernateQuery
	at com.mysema.query.jpa.HibernateHandler.transform(HibernateHandler.java:83)
	at com.mysema.query.jpa.impl.AbstractJPAQuery.createQuery(AbstractJPAQuery.java:161)
	at com.mysema.query.jpa.impl.AbstractJPAQuery.uniqueResult(AbstractJPAQuery.java:311)
	at com.mysema.query.jpa.impl.AbstractJPAQuery.uniqueResult(AbstractJPAQuery.java:304)
	at com.mysema.query.support.ProjectableQuery.singleResult(ProjectableQuery.java:75)
	at com.mysema.query.jpa.JPAQueryBase.exists(JPAQueryBase.java:67)
	at org.springframework.data.jpa.repository.support.QueryDslJpaRepository.exists(QueryDslJpaRepository.java:162)
	at org.springframework.data.jpa.repository.support.QueryDslJpaRepositoryTests.shouldSupportExistsWithPredicate(QueryDslJpaRepositoryTests.java:335)
	at sun.reflect.NativeMethodAccessorImpl.invoke0(Native Method)
	at sun.reflect.NativeMethodAccessorImpl.invoke(NativeMethodAccessorImpl.java:62)
	at sun.reflect.DelegatingMethodAccessorImpl.invoke(DelegatingMethodAccessorImpl.java:43)
	at java.lang.reflect.Method.invoke(Method.java:483)
	at org.junit.runners.model.FrameworkMethod$1.runReflectiveCall(FrameworkMethod.java:50)
	at org.junit.internal.runners.model.ReflectiveCallable.run(ReflectiveCallable.java:12)
	at org.junit.runners.model.FrameworkMethod.invokeExplosively(FrameworkMethod.java:47)
	at org.junit.internal.runners.statements.InvokeMethod.evaluate(InvokeMethod.java:17)
	at org.junit.internal.runners.statements.RunBefores.evaluate(RunBefores.java:26)
	at org.springframework.test.context.junit4.statements.RunBeforeTestMethodCallbacks.evaluate(RunBeforeTestMethodCallbacks.java:73)
	at org.springframework.test.context.junit4.statements.RunAfterTestMethodCallbacks.evaluate(RunAfterTestMethodCallbacks.java:82)
	at org.springframework.test.context.junit4.statements.SpringRepeat.evaluate(SpringRepeat.java:73)
	at org.junit.runners.ParentRunner.runLeaf(ParentRunner.java:325)
	at org.springframework.test.context.junit4.SpringJUnit4ClassRunner.runChild(SpringJUnit4ClassRunner.java:224)
	at org.springframework.test.context.junit4.SpringJUnit4ClassRunner.runChild(SpringJUnit4ClassRunner.java:83)
	at org.junit.runners.ParentRunner$3.run(ParentRunner.java:290)
	at org.junit.runners.ParentRunner$1.schedule(ParentRunner.java:71)
	at org.junit.runners.ParentRunner.runChildren(ParentRunner.java:288)
	at org.junit.runners.ParentRunner.access$000(ParentRunner.java:58)
	at org.junit.runners.ParentRunner$2.evaluate(ParentRunner.java:268)
	at org.springframework.test.context.junit4.statements.RunBeforeTestClassCallbacks.evaluate(RunBeforeTestClassCallbacks.java:61)
	at org.springframework.test.context.junit4.statements.RunAfterTestClassCallbacks.evaluate(RunAfterTestClassCallbacks.java:68)
	at org.junit.runners.ParentRunner.run(ParentRunner.java:363)
	at org.springframework.test.context.junit4.SpringJUnit4ClassRunner.run(SpringJUnit4ClassRunner.java:163)
	at org.apache.maven.surefire.junit4.JUnit4Provider.execute(JUnit4Provider.java:236)
	at org.apache.maven.surefire.junit4.JUnit4Provider.executeTestSet(JUnit4Provider.java:134)
	at org.apache.maven.surefire.junit4.JUnit4Provider.invoke(JUnit4Provider.java:113)
	at sun.reflect.NativeMethodAccessorImpl.invoke0(Native Method)
	at sun.reflect.NativeMethodAccessorImpl.invoke(NativeMethodAccessorImpl.java:62)
	at sun.reflect.DelegatingMethodAccessorImpl.invoke(DelegatingMethodAccessorImpl.java:43)
	at java.lang.reflect.Method.invoke(Method.java:483)
	at org.apache.maven.surefire.util.ReflectionUtils.invokeMethodWithArray(ReflectionUtils.java:189)
	at org.apache.maven.surefire.booter.ProviderFactory$ProviderProxy.invoke(ProviderFactory.java:165)
	at org.apache.maven.surefire.booter.ProviderFactory.invokeProvider(ProviderFactory.java:85)
	at org.apache.maven.surefire.booter.ForkedBooter.runSuitesInProcess(ForkedBooter.java:103)
	at org.apache.maven.surefire.booter.ForkedBooter.main(ForkedBooter.java:74)
Caused by: java.lang.ClassNotFoundException: org.hibernate.jpa.HibernateQuery
	at java.net.URLClassLoader$1.run(URLClassLoader.java:372)
	at java.net.URLClassLoader$1.run(URLClassLoader.java:361)
	at java.security.AccessController.doPrivileged(Native Method)
	at java.net.URLClassLoader.findClass(URLClassLoader.java:360)
	at java.lang.ClassLoader.loadClass(ClassLoader.java:424)
	at sun.misc.Launcher$AppClassLoader.loadClass(Launcher.java:308)
	at java.lang.ClassLoader.loadClass(ClassLoader.java:357)
	... 44 more
Running org.springframework.data.jpa.repository.support.MailMessageRepositoryIntegrationTests
Tests run: 4, Failures: 0, Errors: 0, Skipped: 0, Time elapsed: 3.433 sec
Running org.springframework.data.jpa.repository.support.JavaConfigDefaultTransactionDisablingIntegrationTests
Tests run: 3, Failures: 0, Errors: 0, Skipped: 0, Time elapsed: 5.423 sec
Running org.springframework.data.jpa.repository.support.XmlConfigDefaultTransactionDisablingIntegrationTests
Tests run: 3, Failures: 0, Errors: 0, Skipped: 0, Time elapsed: 4.371 sec
Running org.springframework.data.jpa.repository.support.QueryDslRepositorySupportTests
Tests run: 4, Failures: 0, Errors: 0, Skipped: 0, Time elapsed: 0.357 sec
Running org.springframework.data.jpa.repository.support.QueryDslRepositorySupportIntegrationTests
Tests run: 2, Failures: 0, Errors: 0, Skipped: 0, Time elapsed: 1.098 sec
Running org.springframework.data.jpa.repository.support.JpaRepositoryTests
Tests run: 4, Failures: 0, Errors: 0, Skipped: 0, Time elapsed: 0.404 sec
Running org.springframework.data.jpa.repository.support.QuerydslIntegrationTests
Tests run: 1, Failures: 0, Errors: 0, Skipped: 0, Time elapsed: 0.042 sec
Running org.springframework.data.jpa.repository.support.EntityManagerFactoryRefTests
Tests run: 2, Failures: 0, Errors: 0, Skipped: 0, Time elapsed: 4.226 sec
Running org.springframework.data.jpa.repository.query.PartTreeJpaQueryIntegrationTests
Tests run: 4, Failures: 0, Errors: 0, Skipped: 0, Time elapsed: 0.144 sec
Running org.springframework.data.jpa.repository.query.ParameterExpressionProviderTests
Tests run: 1, Failures: 0, Errors: 0, Skipped: 0, Time elapsed: 0.021 sec
Running org.springframework.data.jpa.repository.query.QueryUtilsIntegrationTests
Tests run: 5, Failures: 0, Errors: 0, Skipped: 0, Time elapsed: 0.363 sec
Running org.springframework.data.jpa.repository.query.AbstractJpaQueryTests
Tests run: 5, Failures: 0, Errors: 0, Skipped: 2, Time elapsed: 0.893 sec
Running org.springframework.data.jpa.repository.cdi.CdiExtensionIntegrationTests
Jun 02, 2015 7:30:41 AM org.apache.webbeans.lifecycle.AbstractLifeCycle bootstrapApplication
INFO: OpenWebBeans Container is starting...
Jun 02, 2015 7:30:41 AM org.apache.webbeans.corespi.scanner.AbstractMetaDataDiscovery addWebBeansXmlLocation
INFO: added beans.xml marker: file:/home/travis/build/spring-projects/spring-data-jpa/target/test-classes/META-INF/beans.xml
Jun 02, 2015 7:30:44 AM org.apache.webbeans.config.BeansDeployer validateInjectionPoints
INFO: All injection points were validated successfully.
Jun 02, 2015 7:30:44 AM org.apache.webbeans.lifecycle.AbstractLifeCycle bootstrapApplication
INFO: OpenWebBeans Container has started, it took [3266] ms.
Tests run: 4, Failures: 0, Errors: 0, Skipped: 0, Time elapsed: 3.674 sec
Running org.springframework.data.jpa.repository.StoredProcedureIntegrationTests
Tests run: 12, Failures: 0, Errors: 0, Skipped: 12, Time elapsed: 2.99 sec
Running org.springframework.data.jpa.repository.UserRepositoryFinderTests
Tests run: 12, Failures: 0, Errors: 0, Skipped: 0, Time elapsed: 4.233 sec
Running org.springframework.data.jpa.repository.RoleRepositoryIntegrationTests
Tests run: 5, Failures: 0, Errors: 0, Skipped: 0, Time elapsed: 1.608 sec
Running org.springframework.data.jpa.repository.config.JpaRepositoryConfigDefinitionParserTests
Tests run: 1, Failures: 0, Errors: 0, Skipped: 0, Time elapsed: 0.452 sec
Running org.springframework.data.jpa.repository.config.JpaRepositoriesRegistrarIntegrationTests
Tests run: 2, Failures: 0, Errors: 0, Skipped: 0, Time elapsed: 2.054 sec
Running org.springframework.data.jpa.repository.config.RepositoryConfigTests
Tests run: 3, Failures: 0, Errors: 0, Skipped: 0, Time elapsed: 0.019 sec
Running org.springframework.data.jpa.repository.config.ExplicitAuditingViaJavaConfigRepositoriesTests
Tests run: 1, Failures: 0, Errors: 0, Skipped: 0, Time elapsed: 3.319 sec
Running org.springframework.data.jpa.repository.config.RepositoriesJavaConfigTests
Tests run: 1, Failures: 0, Errors: 0, Skipped: 0, Time elapsed: 3.145 sec
Running org.springframework.data.jpa.repository.config.AuditingBeanDefinitionParserTests
Tests run: 4, Failures: 0, Errors: 0, Skipped: 0, Time elapsed: 0.374 sec
Running org.springframework.data.jpa.repository.config.NestedRepositoriesJavaConfigTests
Tests run: 1, Failures: 0, Errors: 0, Skipped: 0, Time elapsed: 2.364 sec
Running org.springframework.data.jpa.repository.config.DefaultAuditingViaJavaConfigRepositoriesTests
Tests run: 1, Failures: 0, Errors: 0, Skipped: 0, Time elapsed: 2.099 sec
Running org.springframework.data.jpa.repository.config.AllowNestedRepositoriesRepositoryConfigTests
Tests run: 4, Failures: 0, Errors: 0, Skipped: 0, Time elapsed: 2.781 sec
Running org.springframework.data.jpa.repository.config.CustomRepositoryFactoryConfigTests
Tests run: 3, Failures: 0, Errors: 0, Skipped: 0, Time elapsed: 0.804 sec
Running org.springframework.data.jpa.repository.config.RepositoryAutoConfigTests
Tests run: 3, Failures: 0, Errors: 0, Skipped: 0, Time elapsed: 1.323 sec
Running org.springframework.data.jpa.repository.config.QueryLookupStrategyTests
Tests run: 1, Failures: 0, Errors: 0, Skipped: 0, Time elapsed: 0.764 sec
Running org.springframework.data.jpa.repository.config.TypeFilterConfigTests
Tests run: 3, Failures: 0, Errors: 0, Skipped: 0, Time elapsed: 1.802 sec
Running org.springframework.data.jpa.repository.CustomAbstractPersistableIntegrationTests
Tests run: 1, Failures: 0, Errors: 0, Skipped: 0, Time elapsed: 0.021 sec
Running org.springframework.data.jpa.repository.JavaConfigUserRepositoryTests
Tests run: 134, Failures: 0, Errors: 0, Skipped: 2, Time elapsed: 6.034 sec
Running org.springframework.data.jpa.repository.UserRepositoryTests
Tests run: 133, Failures: 0, Errors: 0, Skipped: 2, Time elapsed: 2.862 sec
Running org.springframework.data.jpa.repository.EntityGraphRepositoryMethodsIntegrationTests
Tests run: 4, Failures: 0, Errors: 0, Skipped: 4, Time elapsed: 0.04 sec
Running org.springframework.data.jpa.repository.UserRepositoryStoredProcedureTests
Tests run: 5, Failures: 0, Errors: 0, Skipped: 5, Time elapsed: 0.009 sec
Running org.springframework.data.jpa.repository.ParentRepositoryIntegrationTests
Tests run: 2, Failures: 0, Errors: 0, Skipped: 0, Time elapsed: 0.109 sec
Running org.springframework.data.jpa.repository.RepositoryWithCompositeKeyTests
Tests run: 8, Failures: 0, Errors: 0, Skipped: 0, Time elapsed: 0.117 sec
Running org.springframework.data.jpa.repository.NamespaceUserRepositoryTests
Tests run: 134, Failures: 0, Errors: 0, Skipped: 2, Time elapsed: 2.427 sec
Running org.springframework.data.jpa.repository.AbstractPersistableIntegrationTests
Tests run: 1, Failures: 0, Errors: 0, Skipped: 0, Time elapsed: 0.003 sec
Running org.springframework.data.jpa.repository.SPR8954Tests
Tests run: 1, Failures: 0, Errors: 0, Skipped: 0, Time elapsed: 0.002 sec
Running org.springframework.data.jpa.repository.RedeclaringRepositoryMethodsTests
Tests run: 2, Failures: 0, Errors: 0, Skipped: 0, Time elapsed: 0.005 sec
Running org.springframework.data.jpa.repository.ORMInfrastructureTests
Tests run: 1, Failures: 0, Errors: 0, Skipped: 0, Time elapsed: 0.002 sec
Running org.springframework.data.jpa.repository.MappedTypeRepositoryIntegrationTests
Tests run: 2, Failures: 0, Errors: 0, Skipped: 0, Time elapsed: 0.021 sec
Running org.springframework.data.jpa.repository.SimpleJpaParameterBindingTests
Tests run: 2, Failures: 0, Errors: 0, Skipped: 1, Time elapsed: 0.003 sec
Running org.springframework.data.jpa.domain.support.AuditingEntityListenerTests
Tests run: 4, Failures: 0, Errors: 0, Skipped: 0, Time elapsed: 2.316 sec
Running org.springframework.data.jpa.domain.JpaSortTests
Tests run: 17, Failures: 0, Errors: 0, Skipped: 0, Time elapsed: 0.022 sec
Running org.springframework.data.jpa.infrastructure.HibernateMetamodelIntegrationTests
Tests run: 3, Failures: 0, Errors: 0, Skipped: 2, Time elapsed: 0.012 sec
Running org.springframework.data.jpa.convert.threetenbp.ThreeTenBackPortJpaConvertersIntegrationTests
Tests run: 1, Failures: 0, Errors: 0, Skipped: 1, Time elapsed: 0.372 sec
Running org.springframework.data.jpa.convert.threeten.Jsr310JpaConvertersIntegrationTests
Tests run: 1, Failures: 0, Errors: 0, Skipped: 1, Time elapsed: 0.752 sec
Running org.springframework.data.jpa.mapping.JpaMetamodelMappingContextIntegrationTests
Tests run: 6, Failures: 0, Errors: 0, Skipped: 0, Time elapsed: 0.457 sec
Running org.springframework.data.jpa.provider.PersistenceProviderIntegrationTests
Tests run: 1, Failures: 0, Errors: 0, Skipped: 0, Time elapsed: 0.955 sec

Results :

Tests in error: 
  shouldSupportExistsWithPredicate(org.springframework.data.jpa.repository.support.QueryDslJpaRepositoryTests): org/hibernate/jpa/HibernateQuery

Tests run: 599, Failures: 0, Errors: 1, Skipped: 35

[INFO] ------------------------------------------------------------------------
[INFO] BUILD FAILURE
[INFO] ------------------------------------------------------------------------
[INFO] Total time: 02:16 min
[INFO] Finished at: 2015-06-02T07:31:31+00:00
[INFO] Final Memory: 35M/434M
[INFO] ------------------------------------------------------------------------
[ERROR] Failed to execute goal org.apache.maven.plugins:maven-surefire-plugin:2.12:test (integration-tests) on project spring-data-jpa: There are test failures.
[ERROR] 
[ERROR] Please refer to /home/travis/build/spring-projects/spring-data-jpa/target/surefire-reports for the individual test results.
[ERROR] -> [Help 1]
[ERROR] 
[ERROR] To see the full stack trace of the errors, re-run Maven with the -e switch.
[ERROR] Re-run Maven using the -X switch to enable full debug logging.
[ERROR] 
[ERROR] For more information about the errors and possible solutions, please read the following articles:
[ERROR] [Help 1] http://cwiki.apache.org/confluence/display/MAVEN/MojoFailureException
travis_time:end:1b64eca2:start=1433230153396210141,finish=1433230292642937473,duration=139246727332[0K
[31;1mThe command "mvn clean dependency:list test -P${PROFILE} -Dsort" exited with 1.[0m
travis_fold:start:cache.2[0Kstore build cache
travis_time:start:03495f42[0Kchange detected: /home/travis/.m2/repository/org/springframework/data/build/spring-data-parent/1.7.0.M1/spring-data-parent-1.7.0.M1.pom.lastUpdated
changes detected, packing new archive
uploading archive
travis_time:end:03495f42:start=1433230292649069838,finish=1433230340787772860,duration=48138703022[0Ktravis_fold:end:cache.2[0K
Done. Your build exited with 1.
