Using worker: worker-linux-docker-230747da.prod.travis-ci.org:travis-linux-1

travis_fold:start:system_info[0K[33;1mBuild system information[0m
Build language: java
Build group: stable
Build dist: precise
[34m[1mBuild image provisioning date and time[0m
Thu Feb  5 15:09:33 UTC 2015
[34m[1mOperating System Details[0m
Distributor ID:	Ubuntu
Description:	Ubuntu 12.04.5 LTS
Release:	12.04
Codename:	precise
[34m[1mLinux Version[0m
3.13.0-29-generic
[34m[1mCookbooks Version[0m
a68419e https://github.com/travis-ci/travis-cookbooks/tree/a68419e
[34m[1mGCC version[0m
gcc (Ubuntu/Linaro 4.6.3-1ubuntu5) 4.6.3
Copyright (C) 2011 Free Software Foundation, Inc.
This is free software; see the source for copying conditions.  There is NO
warranty; not even for MERCHANTABILITY or FITNESS FOR A PARTICULAR PURPOSE.

[34m[1mLLVM version[0m
clang version 3.4 (tags/RELEASE_34/final)
Target: x86_64-unknown-linux-gnu
Thread model: posix
[34m[1mPre-installed Ruby versions[0m
ruby-1.9.3-p551
[34m[1mPre-installed Node.js versions[0m
v0.10.36
[34m[1mPre-installed Go versions[0m
1.4.1
[34m[1mRedis version[0m
redis-server 2.8.19
[34m[1mriak version[0m
2.0.2
[34m[1mMongoDB version[0m
MongoDB 2.4.12
[34m[1mCouchDB version[0m
couchdb 1.6.1
[34m[1mNeo4j version[0m
1.9.4
[34m[1mRabbitMQ Version[0m
3.4.3
[34m[1mElasticSearch version[0m
1.4.0
[34m[1mInstalled Sphinx versions[0m
2.0.10
2.1.9
2.2.6
[34m[1mDefault Sphinx version[0m
2.2.6
[34m[1mInstalled Firefox version[0m
firefox 31.0esr
[34m[1mPhantomJS version[0m
1.9.8
[34m[1mant -version[0m
Apache Ant(TM) version 1.8.2 compiled on December 3 2011
[34m[1mmvn -version[0m
Apache Maven 3.2.5 (12a6b3acb947671f09b81f49094c53f426d8cea1; 2014-12-14T17:29:23+00:00)
Maven home: /usr/local/maven
Java version: 1.7.0_76, vendor: Oracle Corporation
Java home: /usr/lib/jvm/java-7-oracle/jre
Default locale: en_US, platform encoding: ANSI_X3.4-1968
OS name: "linux", version: "3.13.0-29-generic", arch: "amd64", family: "unix"
travis_fold:end:system_info[0K
travis_fold:start:git.checkout[0Ktravis_time:start:2484d956[0K$ git clone --depth=50 https://github.com/square/retrofit.git square/retrofit
Cloning into 'square/retrofit'...
remote: Counting objects: 1693, done.[K
remote: Compressing objects:   0% (1/785)   [Kremote: Compressing objects:   1% (8/785)   [Kremote: Compressing objects:   2% (16/785)   [Kremote: Compressing objects:   3% (24/785)   [Kremote: Compressing objects:   4% (32/785)   [Kremote: Compressing objects:   5% (40/785)   [Kremote: Compressing objects:   6% (48/785)   [Kremote: Compressing objects:   7% (55/785)   [Kremote: Compressing objects:   8% (63/785)   [Kremote: Compressing objects:   9% (71/785)   [Kremote: Compressing objects:  10% (79/785)   [Kremote: Compressing objects:  11% (87/785)   [Kremote: Compressing objects:  12% (95/785)   [Kremote: Compressing objects:  13% (103/785)   [Kremote: Compressing objects:  14% (110/785)   [Kremote: Compressing objects:  15% (118/785)   [Kremote: Compressing objects:  16% (126/785)   [Kremote: Compressing objects:  17% (134/785)   [Kremote: Compressing objects:  18% (142/785)   [Kremote: Compressing objects:  19% (150/785)   [Kremote: Compressing objects:  20% (157/785)   [Kremote: Compressing objects:  21% (165/785)   [Kremote: Compressing objects:  22% (173/785)   [Kremote: Compressing objects:  23% (181/785)   [Kremote: Compressing objects:  24% (189/785)   [Kremote: Compressing objects:  25% (197/785)   [Kremote: Compressing objects:  26% (205/785)   [Kremote: Compressing objects:  27% (212/785)   [Kremote: Compressing objects:  28% (220/785)   [Kremote: Compressing objects:  29% (228/785)   [Kremote: Compressing objects:  30% (236/785)   [Kremote: Compressing objects:  31% (244/785)   [Kremote: Compressing objects:  32% (252/785)   [Kremote: Compressing objects:  33% (260/785)   [Kremote: Compressing objects:  34% (267/785)   [Kremote: Compressing objects:  35% (275/785)   [Kremote: Compressing objects:  36% (283/785)   [Kremote: Compressing objects:  37% (291/785)   [Kremote: Compressing objects:  38% (299/785)   [Kremote: Compressing objects:  39% (307/785)   [Kremote: Compressing objects:  40% (314/785)   [Kremote: Compressing objects:  41% (322/785)   [Kremote: Compressing objects:  42% (330/785)   [Kremote: Compressing objects:  43% (338/785)   [Kremote: Compressing objects:  44% (346/785)   [Kremote: Compressing objects:  45% (354/785)   [Kremote: Compressing objects:  46% (362/785)   [Kremote: Compressing objects:  47% (369/785)   [Kremote: Compressing objects:  48% (377/785)   [Kremote: Compressing objects:  49% (385/785)   [Kremote: Compressing objects:  50% (393/785)   [Kremote: Compressing objects:  51% (401/785)   [Kremote: Compressing objects:  52% (409/785)   [Kremote: Compressing objects:  53% (417/785)   [Kremote: Compressing objects:  54% (424/785)   [Kremote: Compressing objects:  55% (432/785)   [Kremote: Compressing objects:  56% (440/785)   [Kremote: Compressing objects:  57% (448/785)   [Kremote: Compressing objects:  58% (456/785)   [Kremote: Compressing objects:  59% (464/785)   [Kremote: Compressing objects:  60% (471/785)   [Kremote: Compressing objects:  61% (479/785)   [Kremote: Compressing objects:  62% (487/785)   [Kremote: Compressing objects:  63% (495/785)   [Kremote: Compressing objects:  64% (503/785)   [Kremote: Compressing objects:  65% (511/785)   [Kremote: Compressing objects:  66% (519/785)   [Kremote: Compressing objects:  67% (526/785)   [Kremote: Compressing objects:  68% (534/785)   [Kremote: Compressing objects:  69% (542/785)   [Kremote: Compressing objects:  70% (550/785)   [Kremote: Compressing objects:  71% (558/785)   [Kremote: Compressing objects:  72% (566/785)   [Kremote: Compressing objects:  73% (574/785)   [Kremote: Compressing objects:  74% (581/785)   [Kremote: Compressing objects:  75% (589/785)   [Kremote: Compressing objects:  76% (597/785)   [Kremote: Compressing objects:  77% (605/785)   [Kremote: Compressing objects:  78% (613/785)   [Kremote: Compressing objects:  79% (621/785)   [Kremote: Compressing objects:  80% (628/785)   [Kremote: Compressing objects:  81% (636/785)   [Kremote: Compressing objects:  82% (644/785)   [Kremote: Compressing objects:  83% (652/785)   [Kremote: Compressing objects:  84% (660/785)   [Kremote: Compressing objects:  85% (668/785)   [Kremote: Compressing objects:  86% (676/785)   [Kremote: Compressing objects:  87% (683/785)   [Kremote: Compressing objects:  88% (691/785)   [Kremote: Compressing objects:  89% (699/785)   [Kremote: Compressing objects:  90% (707/785)   [Kremote: Compressing objects:  91% (715/785)   [Kremote: Compressing objects:  92% (723/785)   [Kremote: Compressing objects:  93% (731/785)   [Kremote: Compressing objects:  94% (738/785)   [Kremote: Compressing objects:  95% (746/785)   [Kremote: Compressing objects:  96% (754/785)   [Kremote: Compressing objects:  97% (762/785)   [Kremote: Compressing objects:  98% (770/785)   [Kremote: Compressing objects:  99% (778/785)   [Kremote: Compressing objects: 100% (785/785)   [Kremote: Compressing objects: 100% (785/785), done.[K
Receiving objects:   0% (1/1693)   Receiving objects:   1% (17/1693)   Receiving objects:   2% (34/1693)   Receiving objects:   3% (51/1693)   Receiving objects:   4% (68/1693)   Receiving objects:   5% (85/1693)   Receiving objects:   6% (102/1693)   Receiving objects:   7% (119/1693)   Receiving objects:   8% (136/1693)   Receiving objects:   9% (153/1693)   Receiving objects:  10% (170/1693)   Receiving objects:  11% (187/1693)   Receiving objects:  12% (204/1693)   Receiving objects:  13% (221/1693)   Receiving objects:  14% (238/1693)   Receiving objects:  15% (254/1693)   Receiving objects:  16% (271/1693)   Receiving objects:  17% (288/1693)   Receiving objects:  18% (305/1693)   Receiving objects:  19% (322/1693)   Receiving objects:  20% (339/1693)   Receiving objects:  21% (356/1693)   Receiving objects:  22% (373/1693)   Receiving objects:  23% (390/1693)   Receiving objects:  24% (407/1693)   Receiving objects:  25% (424/1693)   Receiving objects:  26% (441/1693)   Receiving objects:  27% (458/1693)   Receiving objects:  28% (475/1693)   Receiving objects:  29% (491/1693)   Receiving objects:  30% (508/1693)   Receiving objects:  31% (525/1693)   Receiving objects:  32% (542/1693)   Receiving objects:  33% (559/1693)   Receiving objects:  34% (576/1693)   Receiving objects:  35% (593/1693)   Receiving objects:  36% (610/1693)   Receiving objects:  37% (627/1693)   Receiving objects:  38% (644/1693)   Receiving objects:  39% (661/1693)   Receiving objects:  40% (678/1693)   Receiving objects:  41% (695/1693)   Receiving objects:  42% (712/1693)   Receiving objects:  43% (728/1693)   Receiving objects:  44% (745/1693)   Receiving objects:  45% (762/1693)   Receiving objects:  46% (779/1693)   Receiving objects:  47% (796/1693)   Receiving objects:  48% (813/1693)   Receiving objects:  49% (830/1693)   Receiving objects:  50% (847/1693)   Receiving objects:  51% (864/1693)   Receiving objects:  52% (881/1693)   Receiving objects:  53% (898/1693)   Receiving objects:  54% (915/1693)   Receiving objects:  55% (932/1693)   Receiving objects:  56% (949/1693)   Receiving objects:  57% (966/1693)   Receiving objects:  58% (982/1693)   Receiving objects:  59% (999/1693)   Receiving objects:  60% (1016/1693)   Receiving objects:  61% (1033/1693)   Receiving objects:  62% (1050/1693)   Receiving objects:  63% (1067/1693)   Receiving objects:  64% (1084/1693)   Receiving objects:  65% (1101/1693)   Receiving objects:  66% (1118/1693)   Receiving objects:  67% (1135/1693)   Receiving objects:  68% (1152/1693)   Receiving objects:  69% (1169/1693)   Receiving objects:  70% (1186/1693)   Receiving objects:  71% (1203/1693)   Receiving objects:  72% (1219/1693)   Receiving objects:  73% (1236/1693)   Receiving objects:  74% (1253/1693)   Receiving objects:  75% (1270/1693)   Receiving objects:  76% (1287/1693)   Receiving objects:  77% (1304/1693)   Receiving objects:  78% (1321/1693)   Receiving objects:  79% (1338/1693)   Receiving objects:  80% (1355/1693)   Receiving objects:  81% (1372/1693)   Receiving objects:  82% (1389/1693)   Receiving objects:  83% (1406/1693)   Receiving objects:  84% (1423/1693)   Receiving objects:  85% (1440/1693)   Receiving objects:  86% (1456/1693)   Receiving objects:  87% (1473/1693)   Receiving objects:  88% (1490/1693)   Receiving objects:  89% (1507/1693)   Receiving objects:  90% (1524/1693)   Receiving objects:  91% (1541/1693)   remote: Total 1693 (delta 661), reused 1479 (delta 480), pack-reused 0[K
Receiving objects:  92% (1558/1693)   Receiving objects:  93% (1575/1693)   Receiving objects:  94% (1592/1693)   Receiving objects:  95% (1609/1693)   Receiving objects:  96% (1626/1693)   Receiving objects:  97% (1643/1693)   Receiving objects:  98% (1660/1693)   Receiving objects:  99% (1677/1693)   Receiving objects: 100% (1693/1693)   Receiving objects: 100% (1693/1693), 379.08 KiB | 0 bytes/s, done.
Resolving deltas:   0% (0/661)   Resolving deltas:   3% (23/661)   Resolving deltas:   4% (27/661)   Resolving deltas:   5% (35/661)   Resolving deltas:   6% (46/661)   Resolving deltas:   7% (48/661)   Resolving deltas:   9% (61/661)   Resolving deltas:  11% (73/661)   Resolving deltas:  12% (81/661)   Resolving deltas:  13% (87/661)   Resolving deltas:  15% (103/661)   Resolving deltas:  18% (122/661)   Resolving deltas:  23% (153/661)   Resolving deltas:  24% (161/661)   Resolving deltas:  25% (166/661)   Resolving deltas:  27% (182/661)   Resolving deltas:  29% (195/661)   Resolving deltas:  30% (202/661)   Resolving deltas:  31% (206/661)   Resolving deltas:  32% (214/661)   Resolving deltas:  33% (223/661)   Resolving deltas:  36% (238/661)   Resolving deltas:  37% (246/661)   Resolving deltas:  39% (260/661)   Resolving deltas:  40% (270/661)   Resolving deltas:  44% (295/661)   Resolving deltas:  45% (298/661)   Resolving deltas:  46% (308/661)   Resolving deltas:  48% (323/661)   Resolving deltas:  49% (328/661)   Resolving deltas:  50% (335/661)   Resolving deltas:  51% (338/661)   Resolving deltas:  52% (346/661)   Resolving deltas:  53% (356/661)   Resolving deltas:  54% (357/661)   Resolving deltas:  57% (379/661)   Resolving deltas:  58% (386/661)   Resolving deltas:  59% (396/661)   Resolving deltas:  60% (400/661)   Resolving deltas:  61% (406/661)   Resolving deltas:  63% (417/661)   Resolving deltas:  69% (460/661)   Resolving deltas:  70% (465/661)   Resolving deltas:  72% (480/661)   Resolving deltas:  73% (483/661)   Resolving deltas:  75% (502/661)   Resolving deltas:  76% (503/661)   Resolving deltas:  77% (510/661)   Resolving deltas:  78% (517/661)   Resolving deltas:  79% (524/661)   Resolving deltas:  81% (541/661)   Resolving deltas:  82% (544/661)   Resolving deltas:  84% (557/661)   Resolving deltas:  85% (564/661)   Resolving deltas:  86% (570/661)   Resolving deltas:  87% (578/661)   Resolving deltas:  88% (582/661)   Resolving deltas:  90% (595/661)   Resolving deltas:  91% (602/661)   Resolving deltas:  94% (626/661)   Resolving deltas:  95% (631/661)   Resolving deltas:  96% (637/661)   Resolving deltas:  97% (642/661)   Resolving deltas:  98% (649/661)   Resolving deltas:  99% (658/661)   Resolving deltas: 100% (661/661)   Resolving deltas: 100% (661/661), done.
Checking connectivity... done.

travis_time:end:2484d956:start=1453616033123536038,finish=1453616033580058305,duration=456522267[0K$ cd square/retrofit
travis_time:start:008d3cc0[0K$ git fetch origin +refs/pull/1513/merge:
remote: Counting objects: 30, done.[K
remote: Compressing objects:   7% (1/14)   [Kremote: Compressing objects:  14% (2/14)   [Kremote: Compressing objects:  21% (3/14)   [Kremote: Compressing objects:  28% (4/14)   [Kremote: Compressing objects:  35% (5/14)   [Kremote: Compressing objects:  42% (6/14)   [Kremote: Compressing objects:  50% (7/14)   [Kremote: Compressing objects:  57% (8/14)   [Kremote: Compressing objects:  64% (9/14)   [Kremote: Compressing objects:  71% (10/14)   [Kremote: Compressing objects:  78% (11/14)   [Kremote: Compressing objects:  85% (12/14)   [Kremote: Compressing objects:  92% (13/14)   [Kremote: Compressing objects: 100% (14/14)   [Kremote: Compressing objects: 100% (14/14), done.[K
remote: Total 30 (delta 13), reused 27 (delta 10), pack-reused 0[K
Unpacking objects:   3% (1/30)   Unpacking objects:   6% (2/30)   Unpacking objects:  10% (3/30)   Unpacking objects:  13% (4/30)   Unpacking objects:  16% (5/30)   Unpacking objects:  20% (6/30)   Unpacking objects:  23% (7/30)   Unpacking objects:  26% (8/30)   Unpacking objects:  30% (9/30)   Unpacking objects:  33% (10/30)   Unpacking objects:  36% (11/30)   Unpacking objects:  40% (12/30)   Unpacking objects:  43% (13/30)   Unpacking objects:  46% (14/30)   Unpacking objects:  50% (15/30)   Unpacking objects:  53% (16/30)   Unpacking objects:  56% (17/30)   Unpacking objects:  60% (18/30)   Unpacking objects:  63% (19/30)   Unpacking objects:  66% (20/30)   Unpacking objects:  70% (21/30)   Unpacking objects:  73% (22/30)   Unpacking objects:  76% (23/30)   Unpacking objects:  80% (24/30)   Unpacking objects:  83% (25/30)   Unpacking objects:  86% (26/30)   Unpacking objects:  90% (27/30)   Unpacking objects:  93% (28/30)   Unpacking objects:  96% (29/30)   Unpacking objects: 100% (30/30)   Unpacking objects: 100% (30/30), done.
From https://github.com/square/retrofit
 * branch            refs/pull/1513/merge -> FETCH_HEAD

travis_time:end:008d3cc0:start=1453616033583631554,finish=1453616033901240732,duration=317609178[0K$ git checkout -qf FETCH_HEAD
travis_fold:end:git.checkout[0K
[33;1mThis job is running on container-based infrastructure, which does not allow use of 'sudo', setuid and setguid executables.[0m
[33;1mIf you require sudo, add 'sudo: required' to your .travis.yml[0m
[33;1mSee https://docs.travis-ci.com/user/workers/container-based-infrastructure/ for details.[0m

[33;1mSetting environment variables from .travis.yml[0m
$ export CI_DEPLOY_USERNAME=[secure]
$ export CI_DEPLOY_PASSWORD=[secure]

travis_fold:start:cache.1[0KSetting up build cache
$ export CASHER_DIR=$HOME/.casher
travis_time:start:04d1bc8e[0K$ Installing caching utilities

travis_time:end:04d1bc8e:start=1453616035387209003,finish=1453616035412159597,duration=24950594[0Ktravis_time:start:127c31b7[0K
travis_time:end:127c31b7:start=1453616035416399034,finish=1453616035419360550,duration=2961516[0Ktravis_time:start:058dbc20[0K[32;1mattempting to download cache archive[0m
[32;1mfetching PR.1513/cache--jdk-oraclejdk8.tgz[0m
[32;1mfound cache[0m

travis_time:end:058dbc20:start=1453616035422781308,finish=1453616037200863876,duration=1778082568[0Ktravis_time:start:27c0dd98[0K
travis_time:end:27c0dd98:start=1453616037204471733,finish=1453616037207608808,duration=3137075[0Ktravis_time:start:1865eb4c[0K[32;1madding /home/travis/.m2 to cache[0m

travis_time:end:1865eb4c:start=1453616037211127505,finish=1453616038761114100,duration=1549986595[0Ktravis_fold:end:cache.1[0K$ jdk_switcher use oraclejdk8
Switching to Oracle JDK8 (java-8-oracle), JAVA_HOME will be set to /usr/lib/jvm/java-8-oracle
$ java -Xmx32m -version
java version "1.8.0_31"
Java(TM) SE Runtime Environment (build 1.8.0_31-b13)
Java HotSpot(TM) 64-Bit Server VM (build 25.31-b07, mixed mode)
$ javac -J-Xmx32m -version
javac 1.8.0_31
travis_fold:start:install[0Ktravis_time:start:18a6d214[0K$ mvn install -DskipTests=true -Dmaven.javadoc.skip=true -B -V
Java HotSpot(TM) 64-Bit Server VM warning: ignoring option MaxPermSize=192m; support was removed in 8.0
Apache Maven 3.2.5 (12a6b3acb947671f09b81f49094c53f426d8cea1; 2014-12-14T17:29:23+00:00)
Maven home: /usr/local/maven
Java version: 1.8.0_31, vendor: Oracle Corporation
Java home: /usr/lib/jvm/java-8-oracle/jre
Default locale: en_US, platform encoding: UTF-8
OS name: "linux", version: "3.13.0-40-generic", arch: "amd64", family: "unix"
[INFO] Scanning for projects...
[WARNING] 
[WARNING] Some problems were encountered while building the effective model for com.squareup.retrofit2:samples:jar:2.0.0-SNAPSHOT
[WARNING] 'build.plugins.plugin.version' for org.apache.maven.plugins:maven-deploy-plugin is missing. @ com.squareup.retrofit2:samples:[unknown-version], /home/travis/build/square/retrofit/samples/pom.xml, line 45, column 15
[WARNING] 
[WARNING] It is highly recommended to fix these problems because they threaten the stability of your build.
[WARNING] 
[WARNING] For this reason, future Maven versions might no longer support building such malformed projects.
[WARNING] 
[INFO] ------------------------------------------------------------------------
[INFO] Reactor Build Order:
[INFO] 
[INFO] Retrofit (Parent)
[INFO] Retrofit
[INFO] Adapters
[INFO] Adapter: RxJava
[INFO] Converters
[INFO] Converter: Gson
[INFO] Converter: Protocol Buffers
[INFO] Converter: Jackson
[INFO] Converter: Wire Protocol Buffers
[INFO] Converter: SimpleXML
[INFO] Converter: Java Scalars
[INFO] Converter: Moshi
[INFO] Retrofit Mock Adapter
[INFO] Samples
[INFO]                                                                         
[INFO] ------------------------------------------------------------------------
[INFO] Building Retrofit (Parent) 2.0.0-SNAPSHOT
[INFO] ------------------------------------------------------------------------
[INFO] 
[INFO] --- maven-enforcer-plugin:1.0:enforce (enforce-maven) @ parent ---
[INFO] 
[INFO] --- animal-sniffer-maven-plugin:1.14:check (default) @ parent ---
[INFO] Checking unresolved references to org.codehaus.mojo.signature:java16:1.1
[INFO] 
[INFO] --- maven-javadoc-plugin:2.10.3:jar (attach-javadocs) @ parent ---
[INFO] Skipping javadoc generation
[INFO] 
[INFO] --- maven-checkstyle-plugin:2.15:checkstyle (default) @ parent ---
[INFO] 
[INFO] --- maven-install-plugin:2.4:install (default-install) @ parent ---
[INFO] Installing /home/travis/build/square/retrofit/pom.xml to /home/travis/.m2/repository/com/squareup/retrofit2/parent/2.0.0-SNAPSHOT/parent-2.0.0-SNAPSHOT.pom
[INFO]                                                                         
[INFO] ------------------------------------------------------------------------
[INFO] Building Retrofit 2.0.0-SNAPSHOT
[INFO] ------------------------------------------------------------------------
[INFO] 
[INFO] --- maven-enforcer-plugin:1.0:enforce (enforce-maven) @ retrofit ---
[INFO] 
[INFO] --- maven-resources-plugin:2.6:resources (default-resources) @ retrofit ---
[INFO] Using 'UTF-8' encoding to copy filtered resources.
[INFO] skip non existing resourceDirectory /home/travis/build/square/retrofit/retrofit/src/main/resources
[INFO] 
[INFO] --- maven-compiler-plugin:3.0:compile (default-compile) @ retrofit ---
[INFO] Changes detected - recompiling the module!
[INFO] Compiling 42 source files to /home/travis/build/square/retrofit/retrofit/target/classes
[WARNING] /home/travis/build/square/retrofit/retrofit/src/main/java/retrofit2/Retrofit.java: Some input files use unchecked or unsafe operations.
[WARNING] /home/travis/build/square/retrofit/retrofit/src/main/java/retrofit2/Retrofit.java: Recompile with -Xlint:unchecked for details.
[INFO] 
[INFO] --- maven-resources-plugin:2.6:testResources (default-testResources) @ retrofit ---
[INFO] Using 'UTF-8' encoding to copy filtered resources.
[INFO] skip non existing resourceDirectory /home/travis/build/square/retrofit/retrofit/src/test/resources
[INFO] 
[INFO] --- maven-compiler-plugin:3.0:testCompile (default-testCompile) @ retrofit ---
[INFO] Changes detected - recompiling the module!
[INFO] Compiling 12 source files to /home/travis/build/square/retrofit/retrofit/target/test-classes
[WARNING] /home/travis/build/square/retrofit/retrofit/src/test/java/retrofit2/RetrofitTest.java: /home/travis/build/square/retrofit/retrofit/src/test/java/retrofit2/RetrofitTest.java uses unchecked or unsafe operations.
[WARNING] /home/travis/build/square/retrofit/retrofit/src/test/java/retrofit2/RetrofitTest.java: Recompile with -Xlint:unchecked for details.
[INFO] 
[INFO] --- maven-surefire-plugin:2.12.4:test (default-test) @ retrofit ---
[INFO] Tests are skipped.
[INFO] 
[INFO] --- animal-sniffer-maven-plugin:1.14:check (default) @ retrofit ---
[INFO] Checking unresolved references to org.codehaus.mojo.signature:java16:1.1
[INFO] 
[INFO] --- maven-jar-plugin:2.4:jar (default-jar) @ retrofit ---
[INFO] Building jar: /home/travis/build/square/retrofit/retrofit/target/retrofit-2.0.0-SNAPSHOT.jar
[INFO] 
[INFO] --- maven-javadoc-plugin:2.10.3:jar (attach-javadocs) @ retrofit ---
[INFO] Skipping javadoc generation
[INFO] 
[INFO] --- maven-checkstyle-plugin:2.15:checkstyle (default) @ retrofit ---
[INFO] Starting audit...
Audit done.
[WARNING] Unable to locate Source XRef to link to - DISABLED
[INFO] 
[INFO] --- maven-install-plugin:2.4:install (default-install) @ retrofit ---
[INFO] Installing /home/travis/build/square/retrofit/retrofit/target/retrofit-2.0.0-SNAPSHOT.jar to /home/travis/.m2/repository/com/squareup/retrofit2/retrofit/2.0.0-SNAPSHOT/retrofit-2.0.0-SNAPSHOT.jar
[INFO] Installing /home/travis/build/square/retrofit/retrofit/pom.xml to /home/travis/.m2/repository/com/squareup/retrofit2/retrofit/2.0.0-SNAPSHOT/retrofit-2.0.0-SNAPSHOT.pom
[INFO]                                                                         
[INFO] ------------------------------------------------------------------------
[INFO] Building Adapters 2.0.0-SNAPSHOT
[INFO] ------------------------------------------------------------------------
[INFO] 
[INFO] --- maven-enforcer-plugin:1.0:enforce (enforce-maven) @ retrofit-adapters ---
[INFO] 
[INFO] --- animal-sniffer-maven-plugin:1.14:check (default) @ retrofit-adapters ---
[INFO] Checking unresolved references to org.codehaus.mojo.signature:java16:1.1
[INFO] 
[INFO] --- maven-javadoc-plugin:2.10.3:jar (attach-javadocs) @ retrofit-adapters ---
[INFO] Skipping javadoc generation
[INFO] 
[INFO] --- maven-checkstyle-plugin:2.15:checkstyle (default) @ retrofit-adapters ---
[INFO] 
[INFO] --- maven-install-plugin:2.4:install (default-install) @ retrofit-adapters ---
[INFO] Installing /home/travis/build/square/retrofit/retrofit-adapters/pom.xml to /home/travis/.m2/repository/com/squareup/retrofit2/retrofit-adapters/2.0.0-SNAPSHOT/retrofit-adapters-2.0.0-SNAPSHOT.pom
[INFO]                                                                         
[INFO] ------------------------------------------------------------------------
[INFO] Building Adapter: RxJava 2.0.0-SNAPSHOT
[INFO] ------------------------------------------------------------------------
[INFO] 
[INFO] --- maven-enforcer-plugin:1.0:enforce (enforce-maven) @ adapter-rxjava ---
[INFO] 
[INFO] --- maven-resources-plugin:2.6:resources (default-resources) @ adapter-rxjava ---
[INFO] Using 'UTF-8' encoding to copy filtered resources.
[INFO] skip non existing resourceDirectory /home/travis/build/square/retrofit/retrofit-adapters/rxjava/src/main/resources
[INFO] 
[INFO] --- maven-compiler-plugin:3.0:compile (default-compile) @ adapter-rxjava ---
[INFO] Changes detected - recompiling the module!
[INFO] Compiling 4 source files to /home/travis/build/square/retrofit/retrofit-adapters/rxjava/target/classes
[INFO] 
[INFO] --- maven-resources-plugin:2.6:testResources (default-testResources) @ adapter-rxjava ---
[INFO] Using 'UTF-8' encoding to copy filtered resources.
[INFO] skip non existing resourceDirectory /home/travis/build/square/retrofit/retrofit-adapters/rxjava/src/test/resources
[INFO] 
[INFO] --- maven-compiler-plugin:3.0:testCompile (default-testCompile) @ adapter-rxjava ---
[INFO] Changes detected - recompiling the module!
[INFO] Compiling 2 source files to /home/travis/build/square/retrofit/retrofit-adapters/rxjava/target/test-classes
[INFO] 
[INFO] --- maven-surefire-plugin:2.12.4:test (default-test) @ adapter-rxjava ---
[INFO] Tests are skipped.
[INFO] 
[INFO] --- animal-sniffer-maven-plugin:1.14:check (default) @ adapter-rxjava ---
[INFO] Checking unresolved references to org.codehaus.mojo.signature:java16:1.1
[INFO] 
[INFO] --- maven-jar-plugin:2.4:jar (default-jar) @ adapter-rxjava ---
[INFO] Building jar: /home/travis/build/square/retrofit/retrofit-adapters/rxjava/target/adapter-rxjava-2.0.0-SNAPSHOT.jar
[INFO] 
[INFO] --- maven-javadoc-plugin:2.10.3:jar (attach-javadocs) @ adapter-rxjava ---
[INFO] Skipping javadoc generation
[INFO] 
[INFO] --- maven-checkstyle-plugin:2.15:checkstyle (default) @ adapter-rxjava ---
[INFO] Starting audit...
Audit done.
[WARNING] Unable to locate Source XRef to link to - DISABLED
[INFO] 
[INFO] --- maven-install-plugin:2.4:install (default-install) @ adapter-rxjava ---
[INFO] Installing /home/travis/build/square/retrofit/retrofit-adapters/rxjava/target/adapter-rxjava-2.0.0-SNAPSHOT.jar to /home/travis/.m2/repository/com/squareup/retrofit2/adapter-rxjava/2.0.0-SNAPSHOT/adapter-rxjava-2.0.0-SNAPSHOT.jar
[INFO] Installing /home/travis/build/square/retrofit/retrofit-adapters/rxjava/pom.xml to /home/travis/.m2/repository/com/squareup/retrofit2/adapter-rxjava/2.0.0-SNAPSHOT/adapter-rxjava-2.0.0-SNAPSHOT.pom
[INFO]                                                                         
[INFO] ------------------------------------------------------------------------
[INFO] Building Converters 2.0.0-SNAPSHOT
[INFO] ------------------------------------------------------------------------
[INFO] 
[INFO] --- maven-enforcer-plugin:1.0:enforce (enforce-maven) @ retrofit-converters ---
[INFO] 
[INFO] --- animal-sniffer-maven-plugin:1.14:check (default) @ retrofit-converters ---
[INFO] Checking unresolved references to org.codehaus.mojo.signature:java16:1.1
[INFO] 
[INFO] --- maven-javadoc-plugin:2.10.3:jar (attach-javadocs) @ retrofit-converters ---
[INFO] Skipping javadoc generation
[INFO] 
[INFO] --- maven-checkstyle-plugin:2.15:checkstyle (default) @ retrofit-converters ---
[INFO] 
[INFO] --- maven-install-plugin:2.4:install (default-install) @ retrofit-converters ---
[INFO] Installing /home/travis/build/square/retrofit/retrofit-converters/pom.xml to /home/travis/.m2/repository/com/squareup/retrofit2/retrofit-converters/2.0.0-SNAPSHOT/retrofit-converters-2.0.0-SNAPSHOT.pom
[INFO]                                                                         
[INFO] ------------------------------------------------------------------------
[INFO] Building Converter: Gson 2.0.0-SNAPSHOT
[INFO] ------------------------------------------------------------------------
[INFO] 
[INFO] --- maven-enforcer-plugin:1.0:enforce (enforce-maven) @ converter-gson ---
[INFO] 
[INFO] --- maven-resources-plugin:2.6:resources (default-resources) @ converter-gson ---
[INFO] Using 'UTF-8' encoding to copy filtered resources.
[INFO] skip non existing resourceDirectory /home/travis/build/square/retrofit/retrofit-converters/gson/src/main/resources
[INFO] 
[INFO] --- maven-compiler-plugin:3.0:compile (default-compile) @ converter-gson ---
[INFO] Changes detected - recompiling the module!
[INFO] Compiling 3 source files to /home/travis/build/square/retrofit/retrofit-converters/gson/target/classes
[INFO] 
[INFO] --- maven-resources-plugin:2.6:testResources (default-testResources) @ converter-gson ---
[INFO] Using 'UTF-8' encoding to copy filtered resources.
[INFO] skip non existing resourceDirectory /home/travis/build/square/retrofit/retrofit-converters/gson/src/test/resources
[INFO] 
[INFO] --- maven-compiler-plugin:3.0:testCompile (default-testCompile) @ converter-gson ---
[INFO] Changes detected - recompiling the module!
[INFO] Compiling 1 source file to /home/travis/build/square/retrofit/retrofit-converters/gson/target/test-classes
[INFO] 
[INFO] --- maven-surefire-plugin:2.12.4:test (default-test) @ converter-gson ---
[INFO] Tests are skipped.
[INFO] 
[INFO] --- animal-sniffer-maven-plugin:1.14:check (default) @ converter-gson ---
[INFO] Checking unresolved references to org.codehaus.mojo.signature:java16:1.1
[INFO] 
[INFO] --- maven-jar-plugin:2.4:jar (default-jar) @ converter-gson ---
[INFO] Building jar: /home/travis/build/square/retrofit/retrofit-converters/gson/target/converter-gson-2.0.0-SNAPSHOT.jar
[INFO] 
[INFO] --- maven-javadoc-plugin:2.10.3:jar (attach-javadocs) @ converter-gson ---
[INFO] Skipping javadoc generation
[INFO] 
[INFO] --- maven-checkstyle-plugin:2.15:checkstyle (default) @ converter-gson ---
[INFO] Starting audit...
Audit done.
[WARNING] Unable to locate Source XRef to link to - DISABLED
[INFO] 
[INFO] --- maven-install-plugin:2.4:install (default-install) @ converter-gson ---
[INFO] Installing /home/travis/build/square/retrofit/retrofit-converters/gson/target/converter-gson-2.0.0-SNAPSHOT.jar to /home/travis/.m2/repository/com/squareup/retrofit2/converter-gson/2.0.0-SNAPSHOT/converter-gson-2.0.0-SNAPSHOT.jar
[INFO] Installing /home/travis/build/square/retrofit/retrofit-converters/gson/pom.xml to /home/travis/.m2/repository/com/squareup/retrofit2/converter-gson/2.0.0-SNAPSHOT/converter-gson-2.0.0-SNAPSHOT.pom
[INFO]                                                                         
[INFO] ------------------------------------------------------------------------
[INFO] Building Converter: Protocol Buffers 2.0.0-SNAPSHOT
[INFO] ------------------------------------------------------------------------
[INFO] 
[INFO] --- maven-enforcer-plugin:1.0:enforce (enforce-maven) @ converter-protobuf ---
[INFO] 
[INFO] --- maven-resources-plugin:2.6:resources (default-resources) @ converter-protobuf ---
[INFO] Using 'UTF-8' encoding to copy filtered resources.
[INFO] skip non existing resourceDirectory /home/travis/build/square/retrofit/retrofit-converters/protobuf/src/main/resources
[INFO] 
[INFO] --- maven-compiler-plugin:3.0:compile (default-compile) @ converter-protobuf ---
[INFO] Changes detected - recompiling the module!
[INFO] Compiling 3 source files to /home/travis/build/square/retrofit/retrofit-converters/protobuf/target/classes
[WARNING] /home/travis/build/square/retrofit/retrofit-converters/protobuf/src/main/java/retrofit2/ProtoConverterFactory.java: /home/travis/build/square/retrofit/retrofit-converters/protobuf/src/main/java/retrofit2/ProtoConverterFactory.java uses unchecked or unsafe operations.
[WARNING] /home/travis/build/square/retrofit/retrofit-converters/protobuf/src/main/java/retrofit2/ProtoConverterFactory.java: Recompile with -Xlint:unchecked for details.
[INFO] 
[INFO] --- maven-resources-plugin:2.6:testResources (default-testResources) @ converter-protobuf ---
[INFO] Using 'UTF-8' encoding to copy filtered resources.
[INFO] skip non existing resourceDirectory /home/travis/build/square/retrofit/retrofit-converters/protobuf/src/test/resources
[INFO] 
[INFO] --- maven-compiler-plugin:3.0:testCompile (default-testCompile) @ converter-protobuf ---
[INFO] Changes detected - recompiling the module!
[INFO] Compiling 2 source files to /home/travis/build/square/retrofit/retrofit-converters/protobuf/target/test-classes
[INFO] 
[INFO] --- maven-surefire-plugin:2.12.4:test (default-test) @ converter-protobuf ---
[INFO] Tests are skipped.
[INFO] 
[INFO] --- animal-sniffer-maven-plugin:1.14:check (default) @ converter-protobuf ---
[INFO] Checking unresolved references to org.codehaus.mojo.signature:java16:1.1
[INFO] 
[INFO] --- maven-jar-plugin:2.4:jar (default-jar) @ converter-protobuf ---
[INFO] Building jar: /home/travis/build/square/retrofit/retrofit-converters/protobuf/target/converter-protobuf-2.0.0-SNAPSHOT.jar
[INFO] 
[INFO] --- maven-javadoc-plugin:2.10.3:jar (attach-javadocs) @ converter-protobuf ---
[INFO] Skipping javadoc generation
[INFO] 
[INFO] --- maven-checkstyle-plugin:2.15:checkstyle (default) @ converter-protobuf ---
[INFO] Starting audit...
Audit done.
[WARNING] Unable to locate Source XRef to link to - DISABLED
[INFO] 
[INFO] --- maven-install-plugin:2.4:install (default-install) @ converter-protobuf ---
[INFO] Installing /home/travis/build/square/retrofit/retrofit-converters/protobuf/target/converter-protobuf-2.0.0-SNAPSHOT.jar to /home/travis/.m2/repository/com/squareup/retrofit2/converter-protobuf/2.0.0-SNAPSHOT/converter-protobuf-2.0.0-SNAPSHOT.jar
[INFO] Installing /home/travis/build/square/retrofit/retrofit-converters/protobuf/pom.xml to /home/travis/.m2/repository/com/squareup/retrofit2/converter-protobuf/2.0.0-SNAPSHOT/converter-protobuf-2.0.0-SNAPSHOT.pom
[INFO]                                                                         
[INFO] ------------------------------------------------------------------------
[INFO] Building Converter: Jackson 2.0.0-SNAPSHOT
[INFO] ------------------------------------------------------------------------
[INFO] 
[INFO] --- maven-enforcer-plugin:1.0:enforce (enforce-maven) @ converter-jackson ---
[INFO] 
[INFO] --- maven-resources-plugin:2.6:resources (default-resources) @ converter-jackson ---
[INFO] Using 'UTF-8' encoding to copy filtered resources.
[INFO] skip non existing resourceDirectory /home/travis/build/square/retrofit/retrofit-converters/jackson/src/main/resources
[INFO] 
[INFO] --- maven-compiler-plugin:3.0:compile (default-compile) @ converter-jackson ---
[INFO] Changes detected - recompiling the module!
[INFO] Compiling 3 source files to /home/travis/build/square/retrofit/retrofit-converters/jackson/target/classes
[INFO] 
[INFO] --- maven-resources-plugin:2.6:testResources (default-testResources) @ converter-jackson ---
[INFO] Using 'UTF-8' encoding to copy filtered resources.
[INFO] skip non existing resourceDirectory /home/travis/build/square/retrofit/retrofit-converters/jackson/src/test/resources
[INFO] 
[INFO] --- maven-compiler-plugin:3.0:testCompile (default-testCompile) @ converter-jackson ---
[INFO] Changes detected - recompiling the module!
[INFO] Compiling 1 source file to /home/travis/build/square/retrofit/retrofit-converters/jackson/target/test-classes
[INFO] 
[INFO] --- maven-surefire-plugin:2.12.4:test (default-test) @ converter-jackson ---
[INFO] Tests are skipped.
[INFO] 
[INFO] --- animal-sniffer-maven-plugin:1.14:check (default) @ converter-jackson ---
[INFO] Checking unresolved references to org.codehaus.mojo.signature:java16:1.1
[INFO] 
[INFO] --- maven-jar-plugin:2.4:jar (default-jar) @ converter-jackson ---
[INFO] Building jar: /home/travis/build/square/retrofit/retrofit-converters/jackson/target/converter-jackson-2.0.0-SNAPSHOT.jar
[INFO] 
[INFO] --- maven-javadoc-plugin:2.10.3:jar (attach-javadocs) @ converter-jackson ---
[INFO] Skipping javadoc generation
[INFO] 
[INFO] --- maven-checkstyle-plugin:2.15:checkstyle (default) @ converter-jackson ---
[INFO] Starting audit...
Audit done.
[WARNING] Unable to locate Source XRef to link to - DISABLED
[INFO] 
[INFO] --- maven-install-plugin:2.4:install (default-install) @ converter-jackson ---
[INFO] Installing /home/travis/build/square/retrofit/retrofit-converters/jackson/target/converter-jackson-2.0.0-SNAPSHOT.jar to /home/travis/.m2/repository/com/squareup/retrofit2/converter-jackson/2.0.0-SNAPSHOT/converter-jackson-2.0.0-SNAPSHOT.jar
[INFO] Installing /home/travis/build/square/retrofit/retrofit-converters/jackson/pom.xml to /home/travis/.m2/repository/com/squareup/retrofit2/converter-jackson/2.0.0-SNAPSHOT/converter-jackson-2.0.0-SNAPSHOT.pom
[INFO]                                                                         
[INFO] ------------------------------------------------------------------------
[INFO] Building Converter: Wire Protocol Buffers 2.0.0-SNAPSHOT
[INFO] ------------------------------------------------------------------------
[INFO] 
[INFO] --- maven-enforcer-plugin:1.0:enforce (enforce-maven) @ converter-wire ---
[INFO] 
[INFO] --- maven-resources-plugin:2.6:resources (default-resources) @ converter-wire ---
[INFO] Using 'UTF-8' encoding to copy filtered resources.
[INFO] skip non existing resourceDirectory /home/travis/build/square/retrofit/retrofit-converters/wire/src/main/resources
[INFO] 
[INFO] --- maven-compiler-plugin:3.0:compile (default-compile) @ converter-wire ---
[INFO] Changes detected - recompiling the module!
[INFO] Compiling 3 source files to /home/travis/build/square/retrofit/retrofit-converters/wire/target/classes
[WARNING] /home/travis/build/square/retrofit/retrofit-converters/wire/src/main/java/retrofit2/WireConverterFactory.java: /home/travis/build/square/retrofit/retrofit-converters/wire/src/main/java/retrofit2/WireConverterFactory.java uses unchecked or unsafe operations.
[WARNING] /home/travis/build/square/retrofit/retrofit-converters/wire/src/main/java/retrofit2/WireConverterFactory.java: Recompile with -Xlint:unchecked for details.
[INFO] 
[INFO] --- maven-resources-plugin:2.6:testResources (default-testResources) @ converter-wire ---
[INFO] Using 'UTF-8' encoding to copy filtered resources.
[INFO] skip non existing resourceDirectory /home/travis/build/square/retrofit/retrofit-converters/wire/src/test/resources
[INFO] 
[INFO] --- maven-compiler-plugin:3.0:testCompile (default-testCompile) @ converter-wire ---
[INFO] Changes detected - recompiling the module!
[INFO] Compiling 2 source files to /home/travis/build/square/retrofit/retrofit-converters/wire/target/test-classes
[INFO] 
[INFO] --- maven-surefire-plugin:2.12.4:test (default-test) @ converter-wire ---
[INFO] Tests are skipped.
[INFO] 
[INFO] --- animal-sniffer-maven-plugin:1.14:check (default) @ converter-wire ---
[INFO] Checking unresolved references to org.codehaus.mojo.signature:java16:1.1
[INFO] 
[INFO] --- maven-jar-plugin:2.4:jar (default-jar) @ converter-wire ---
[INFO] Building jar: /home/travis/build/square/retrofit/retrofit-converters/wire/target/converter-wire-2.0.0-SNAPSHOT.jar
[INFO] 
[INFO] --- maven-javadoc-plugin:2.10.3:jar (attach-javadocs) @ converter-wire ---
[INFO] Skipping javadoc generation
[INFO] 
[INFO] --- maven-checkstyle-plugin:2.15:checkstyle (default) @ converter-wire ---
[INFO] Starting audit...
Audit done.
[WARNING] Unable to locate Source XRef to link to - DISABLED
[INFO] 
[INFO] --- maven-install-plugin:2.4:install (default-install) @ converter-wire ---
[INFO] Installing /home/travis/build/square/retrofit/retrofit-converters/wire/target/converter-wire-2.0.0-SNAPSHOT.jar to /home/travis/.m2/repository/com/squareup/retrofit2/converter-wire/2.0.0-SNAPSHOT/converter-wire-2.0.0-SNAPSHOT.jar
[INFO] Installing /home/travis/build/square/retrofit/retrofit-converters/wire/pom.xml to /home/travis/.m2/repository/com/squareup/retrofit2/converter-wire/2.0.0-SNAPSHOT/converter-wire-2.0.0-SNAPSHOT.pom
[INFO]                                                                         
[INFO] ------------------------------------------------------------------------
[INFO] Building Converter: SimpleXML 2.0.0-SNAPSHOT
[INFO] ------------------------------------------------------------------------
[INFO] 
[INFO] --- maven-enforcer-plugin:1.0:enforce (enforce-maven) @ converter-simplexml ---
[INFO] 
[INFO] --- maven-resources-plugin:2.6:resources (default-resources) @ converter-simplexml ---
[INFO] Using 'UTF-8' encoding to copy filtered resources.
[INFO] skip non existing resourceDirectory /home/travis/build/square/retrofit/retrofit-converters/simplexml/src/main/resources
[INFO] 
[INFO] --- maven-compiler-plugin:3.0:compile (default-compile) @ converter-simplexml ---
[INFO] Changes detected - recompiling the module!
[INFO] Compiling 3 source files to /home/travis/build/square/retrofit/retrofit-converters/simplexml/target/classes
[INFO] 
[INFO] --- maven-resources-plugin:2.6:testResources (default-testResources) @ converter-simplexml ---
[INFO] Using 'UTF-8' encoding to copy filtered resources.
[INFO] skip non existing resourceDirectory /home/travis/build/square/retrofit/retrofit-converters/simplexml/src/test/resources
[INFO] 
[INFO] --- maven-compiler-plugin:3.0:testCompile (default-testCompile) @ converter-simplexml ---
[INFO] Changes detected - recompiling the module!
[INFO] Compiling 2 source files to /home/travis/build/square/retrofit/retrofit-converters/simplexml/target/test-classes
[INFO] 
[INFO] --- maven-surefire-plugin:2.12.4:test (default-test) @ converter-simplexml ---
[INFO] Tests are skipped.
[INFO] 
[INFO] --- animal-sniffer-maven-plugin:1.14:check (default) @ converter-simplexml ---
[INFO] Checking unresolved references to org.codehaus.mojo.signature:java16:1.1
[INFO] 
[INFO] --- maven-jar-plugin:2.4:jar (default-jar) @ converter-simplexml ---
[INFO] Building jar: /home/travis/build/square/retrofit/retrofit-converters/simplexml/target/converter-simplexml-2.0.0-SNAPSHOT.jar
[INFO] 
[INFO] --- maven-javadoc-plugin:2.10.3:jar (attach-javadocs) @ converter-simplexml ---
[INFO] Skipping javadoc generation
[INFO] 
[INFO] --- maven-checkstyle-plugin:2.15:checkstyle (default) @ converter-simplexml ---
[INFO] Starting audit...
Audit done.
[WARNING] Unable to locate Source XRef to link to - DISABLED
[INFO] 
[INFO] --- maven-install-plugin:2.4:install (default-install) @ converter-simplexml ---
[INFO] Installing /home/travis/build/square/retrofit/retrofit-converters/simplexml/target/converter-simplexml-2.0.0-SNAPSHOT.jar to /home/travis/.m2/repository/com/squareup/retrofit2/converter-simplexml/2.0.0-SNAPSHOT/converter-simplexml-2.0.0-SNAPSHOT.jar
[INFO] Installing /home/travis/build/square/retrofit/retrofit-converters/simplexml/pom.xml to /home/travis/.m2/repository/com/squareup/retrofit2/converter-simplexml/2.0.0-SNAPSHOT/converter-simplexml-2.0.0-SNAPSHOT.pom
[INFO]                                                                         
[INFO] ------------------------------------------------------------------------
[INFO] Building Converter: Java Scalars 2.0.0-SNAPSHOT
[INFO] ------------------------------------------------------------------------
[INFO] 
[INFO] --- maven-enforcer-plugin:1.0:enforce (enforce-maven) @ converter-scalars ---
[INFO] 
[INFO] --- maven-resources-plugin:2.6:resources (default-resources) @ converter-scalars ---
[INFO] Using 'UTF-8' encoding to copy filtered resources.
[INFO] skip non existing resourceDirectory /home/travis/build/square/retrofit/retrofit-converters/scalars/src/main/resources
[INFO] 
[INFO] --- maven-compiler-plugin:3.0:compile (default-compile) @ converter-scalars ---
[INFO] Changes detected - recompiling the module!
[INFO] Compiling 3 source files to /home/travis/build/square/retrofit/retrofit-converters/scalars/target/classes
[INFO] 
[INFO] --- maven-resources-plugin:2.6:testResources (default-testResources) @ converter-scalars ---
[INFO] Using 'UTF-8' encoding to copy filtered resources.
[INFO] skip non existing resourceDirectory /home/travis/build/square/retrofit/retrofit-converters/scalars/src/test/resources
[INFO] 
[INFO] --- maven-compiler-plugin:3.0:testCompile (default-testCompile) @ converter-scalars ---
[INFO] Changes detected - recompiling the module!
[INFO] Compiling 1 source file to /home/travis/build/square/retrofit/retrofit-converters/scalars/target/test-classes
[INFO] 
[INFO] --- maven-surefire-plugin:2.12.4:test (default-test) @ converter-scalars ---
[INFO] Tests are skipped.
[INFO] 
[INFO] --- animal-sniffer-maven-plugin:1.14:check (default) @ converter-scalars ---
[INFO] Checking unresolved references to org.codehaus.mojo.signature:java16:1.1
[INFO] 
[INFO] --- maven-jar-plugin:2.4:jar (default-jar) @ converter-scalars ---
[INFO] Building jar: /home/travis/build/square/retrofit/retrofit-converters/scalars/target/converter-scalars-2.0.0-SNAPSHOT.jar
[INFO] 
[INFO] --- maven-javadoc-plugin:2.10.3:jar (attach-javadocs) @ converter-scalars ---
[INFO] Skipping javadoc generation
[INFO] 
[INFO] --- maven-checkstyle-plugin:2.15:checkstyle (default) @ converter-scalars ---
[INFO] Starting audit...
Audit done.
[WARNING] Unable to locate Source XRef to link to - DISABLED
[INFO] 
[INFO] --- maven-install-plugin:2.4:install (default-install) @ converter-scalars ---
[INFO] Installing /home/travis/build/square/retrofit/retrofit-converters/scalars/target/converter-scalars-2.0.0-SNAPSHOT.jar to /home/travis/.m2/repository/com/squareup/retrofit2/converter-scalars/2.0.0-SNAPSHOT/converter-scalars-2.0.0-SNAPSHOT.jar
[INFO] Installing /home/travis/build/square/retrofit/retrofit-converters/scalars/pom.xml to /home/travis/.m2/repository/com/squareup/retrofit2/converter-scalars/2.0.0-SNAPSHOT/converter-scalars-2.0.0-SNAPSHOT.pom
[INFO]                                                                         
[INFO] ------------------------------------------------------------------------
[INFO] Building Converter: Moshi 2.0.0-SNAPSHOT
[INFO] ------------------------------------------------------------------------
[INFO] 
[INFO] --- maven-enforcer-plugin:1.0:enforce (enforce-maven) @ converter-moshi ---
[INFO] 
[INFO] --- maven-resources-plugin:2.6:resources (default-resources) @ converter-moshi ---
[INFO] Using 'UTF-8' encoding to copy filtered resources.
[INFO] skip non existing resourceDirectory /home/travis/build/square/retrofit/retrofit-converters/moshi/src/main/resources
[INFO] 
[INFO] --- maven-compiler-plugin:3.0:compile (default-compile) @ converter-moshi ---
[INFO] Changes detected - recompiling the module!
[INFO] Compiling 3 source files to /home/travis/build/square/retrofit/retrofit-converters/moshi/target/classes
[INFO] 
[INFO] --- maven-resources-plugin:2.6:testResources (default-testResources) @ converter-moshi ---
[INFO] Using 'UTF-8' encoding to copy filtered resources.
[INFO] skip non existing resourceDirectory /home/travis/build/square/retrofit/retrofit-converters/moshi/src/test/resources
[INFO] 
[INFO] --- maven-compiler-plugin:3.0:testCompile (default-testCompile) @ converter-moshi ---
[INFO] Changes detected - recompiling the module!
[INFO] Compiling 1 source file to /home/travis/build/square/retrofit/retrofit-converters/moshi/target/test-classes
[INFO] 
[INFO] --- maven-surefire-plugin:2.12.4:test (default-test) @ converter-moshi ---
[INFO] Tests are skipped.
[INFO] 
[INFO] --- animal-sniffer-maven-plugin:1.14:check (default) @ converter-moshi ---
[INFO] Checking unresolved references to org.codehaus.mojo.signature:java16:1.1
[INFO] 
[INFO] --- maven-jar-plugin:2.4:jar (default-jar) @ converter-moshi ---
[INFO] Building jar: /home/travis/build/square/retrofit/retrofit-converters/moshi/target/converter-moshi-2.0.0-SNAPSHOT.jar
[INFO] 
[INFO] --- maven-javadoc-plugin:2.10.3:jar (attach-javadocs) @ converter-moshi ---
[INFO] Skipping javadoc generation
[INFO] 
[INFO] --- maven-checkstyle-plugin:2.15:checkstyle (default) @ converter-moshi ---
[INFO] Starting audit...
Audit done.
[WARNING] Unable to locate Source XRef to link to - DISABLED
[INFO] 
[INFO] --- maven-install-plugin:2.4:install (default-install) @ converter-moshi ---
[INFO] Installing /home/travis/build/square/retrofit/retrofit-converters/moshi/target/converter-moshi-2.0.0-SNAPSHOT.jar to /home/travis/.m2/repository/com/squareup/retrofit2/converter-moshi/2.0.0-SNAPSHOT/converter-moshi-2.0.0-SNAPSHOT.jar
[INFO] Installing /home/travis/build/square/retrofit/retrofit-converters/moshi/pom.xml to /home/travis/.m2/repository/com/squareup/retrofit2/converter-moshi/2.0.0-SNAPSHOT/converter-moshi-2.0.0-SNAPSHOT.pom
[INFO]                                                                         
[INFO] ------------------------------------------------------------------------
[INFO] Building Retrofit Mock Adapter 2.0.0-SNAPSHOT
[INFO] ------------------------------------------------------------------------
[INFO] 
[INFO] --- maven-enforcer-plugin:1.0:enforce (enforce-maven) @ retrofit-mock ---
[INFO] 
[INFO] --- maven-resources-plugin:2.6:resources (default-resources) @ retrofit-mock ---
[INFO] Using 'UTF-8' encoding to copy filtered resources.
[INFO] skip non existing resourceDirectory /home/travis/build/square/retrofit/retrofit-mock/src/main/resources
[INFO] 
[INFO] --- maven-compiler-plugin:3.0:compile (default-compile) @ retrofit-mock ---
[INFO] Changes detected - recompiling the module!
[INFO] Compiling 5 source files to /home/travis/build/square/retrofit/retrofit-mock/target/classes
[INFO] 
[INFO] --- maven-resources-plugin:2.6:testResources (default-testResources) @ retrofit-mock ---
[INFO] Using 'UTF-8' encoding to copy filtered resources.
[INFO] skip non existing resourceDirectory /home/travis/build/square/retrofit/retrofit-mock/src/test/resources
[INFO] 
[INFO] --- maven-compiler-plugin:3.0:testCompile (default-testCompile) @ retrofit-mock ---
[INFO] Changes detected - recompiling the module!
[INFO] Compiling 3 source files to /home/travis/build/square/retrofit/retrofit-mock/target/test-classes
[INFO] 
[INFO] --- maven-surefire-plugin:2.12.4:test (default-test) @ retrofit-mock ---
[INFO] Tests are skipped.
[INFO] 
[INFO] --- animal-sniffer-maven-plugin:1.14:check (default) @ retrofit-mock ---
[INFO] Checking unresolved references to org.codehaus.mojo.signature:java16:1.1
[INFO] 
[INFO] --- maven-jar-plugin:2.4:jar (default-jar) @ retrofit-mock ---
[INFO] Building jar: /home/travis/build/square/retrofit/retrofit-mock/target/retrofit-mock-2.0.0-SNAPSHOT.jar
[INFO] 
[INFO] --- maven-javadoc-plugin:2.10.3:jar (attach-javadocs) @ retrofit-mock ---
[INFO] Skipping javadoc generation
[INFO] 
[INFO] --- maven-checkstyle-plugin:2.15:checkstyle (default) @ retrofit-mock ---
[INFO] Starting audit...
Audit done.
[WARNING] Unable to locate Source XRef to link to - DISABLED
[INFO] 
[INFO] --- maven-install-plugin:2.4:install (default-install) @ retrofit-mock ---
[INFO] Installing /home/travis/build/square/retrofit/retrofit-mock/target/retrofit-mock-2.0.0-SNAPSHOT.jar to /home/travis/.m2/repository/com/squareup/retrofit2/retrofit-mock/2.0.0-SNAPSHOT/retrofit-mock-2.0.0-SNAPSHOT.jar
[INFO] Installing /home/travis/build/square/retrofit/retrofit-mock/pom.xml to /home/travis/.m2/repository/com/squareup/retrofit2/retrofit-mock/2.0.0-SNAPSHOT/retrofit-mock-2.0.0-SNAPSHOT.pom
[INFO]                                                                         
[INFO] ------------------------------------------------------------------------
[INFO] Building Samples 2.0.0-SNAPSHOT
[INFO] ------------------------------------------------------------------------
[INFO] 
[INFO] --- maven-enforcer-plugin:1.0:enforce (enforce-maven) @ samples ---
[INFO] 
[INFO] --- maven-resources-plugin:2.6:resources (default-resources) @ samples ---
[INFO] Using 'UTF-8' encoding to copy filtered resources.
[INFO] skip non existing resourceDirectory /home/travis/build/square/retrofit/samples/src/main/resources
[INFO] 
[INFO] --- maven-compiler-plugin:3.0:compile (default-compile) @ samples ---
[INFO] Changes detected - recompiling the module!
[INFO] Compiling 6 source files to /home/travis/build/square/retrofit/samples/target/classes
[INFO] 
[INFO] --- maven-resources-plugin:2.6:testResources (default-testResources) @ samples ---
[INFO] Using 'UTF-8' encoding to copy filtered resources.
[INFO] skip non existing resourceDirectory /home/travis/build/square/retrofit/samples/src/test/resources
[INFO] 
[INFO] --- maven-compiler-plugin:3.0:testCompile (default-testCompile) @ samples ---
[INFO] No sources to compile
[INFO] 
[INFO] --- maven-surefire-plugin:2.12.4:test (default-test) @ samples ---
[INFO] Tests are skipped.
[INFO] 
[INFO] --- animal-sniffer-maven-plugin:1.14:check (default) @ samples ---
[INFO] Checking unresolved references to org.codehaus.mojo.signature:java16:1.1
[INFO] 
[INFO] --- maven-jar-plugin:2.4:jar (default-jar) @ samples ---
[INFO] Building jar: /home/travis/build/square/retrofit/samples/target/samples-2.0.0-SNAPSHOT.jar
[INFO] 
[INFO] --- maven-javadoc-plugin:2.10.3:jar (attach-javadocs) @ samples ---
[INFO] Skipping javadoc generation
[INFO] 
[INFO] --- maven-checkstyle-plugin:2.15:checkstyle (default) @ samples ---
[INFO] Starting audit...
Audit done.
[WARNING] Unable to locate Source XRef to link to - DISABLED
[INFO] 
[INFO] --- maven-install-plugin:2.4:install (default-install) @ samples ---
[INFO] Installing /home/travis/build/square/retrofit/samples/target/samples-2.0.0-SNAPSHOT.jar to /home/travis/.m2/repository/com/squareup/retrofit2/samples/2.0.0-SNAPSHOT/samples-2.0.0-SNAPSHOT.jar
[INFO] Installing /home/travis/build/square/retrofit/samples/pom.xml to /home/travis/.m2/repository/com/squareup/retrofit2/samples/2.0.0-SNAPSHOT/samples-2.0.0-SNAPSHOT.pom
[INFO] ------------------------------------------------------------------------
[INFO] Reactor Summary:
[INFO] 
[INFO] Retrofit (Parent) .................................. SUCCESS [  4.832 s]
[INFO] Retrofit ........................................... SUCCESS [ 14.699 s]
[INFO] Adapters ........................................... SUCCESS [  0.560 s]
[INFO] Adapter: RxJava .................................... SUCCESS [  2.802 s]
[INFO] Converters ......................................... SUCCESS [  0.326 s]
[INFO] Converter: Gson .................................... SUCCESS [  0.986 s]
[INFO] Converter: Protocol Buffers ........................ SUCCESS [  0.964 s]
[INFO] Converter: Jackson ................................. SUCCESS [  0.813 s]
[INFO] Converter: Wire Protocol Buffers ................... SUCCESS [  1.203 s]
[INFO] Converter: SimpleXML ............................... SUCCESS [  0.656 s]
[INFO] Converter: Java Scalars ............................ SUCCESS [  1.416 s]
[INFO] Converter: Moshi ................................... SUCCESS [  0.839 s]
[INFO] Retrofit Mock Adapter .............................. SUCCESS [  0.796 s]
[INFO] Samples ............................................ SUCCESS [  1.106 s]
[INFO] ------------------------------------------------------------------------
[INFO] BUILD SUCCESS
[INFO] ------------------------------------------------------------------------
[INFO] Total time: 32.407 s
[INFO] Finished at: 2016-01-24T06:14:33+00:00
[INFO] Final Memory: 42M/405M
[INFO] ------------------------------------------------------------------------

travis_time:end:18a6d214:start=1453616039137686449,finish=1453616073410088006,duration=34272401557[0Ktravis_fold:end:install[0Ktravis_time:start:2aab1999[0K$ mvn test -B
Java HotSpot(TM) 64-Bit Server VM warning: ignoring option MaxPermSize=192m; support was removed in 8.0
[INFO] Scanning for projects...
[WARNING] 
[WARNING] Some problems were encountered while building the effective model for com.squareup.retrofit2:samples:jar:2.0.0-SNAPSHOT
[WARNING] 'build.plugins.plugin.version' for org.apache.maven.plugins:maven-deploy-plugin is missing. @ com.squareup.retrofit2:samples:[unknown-version], /home/travis/build/square/retrofit/samples/pom.xml, line 45, column 15
[WARNING] 
[WARNING] It is highly recommended to fix these problems because they threaten the stability of your build.
[WARNING] 
[WARNING] For this reason, future Maven versions might no longer support building such malformed projects.
[WARNING] 
[INFO] ------------------------------------------------------------------------
[INFO] Reactor Build Order:
[INFO] 
[INFO] Retrofit (Parent)
[INFO] Retrofit
[INFO] Adapters
[INFO] Adapter: RxJava
[INFO] Converters
[INFO] Converter: Gson
[INFO] Converter: Protocol Buffers
[INFO] Converter: Jackson
[INFO] Converter: Wire Protocol Buffers
[INFO] Converter: SimpleXML
[INFO] Converter: Java Scalars
[INFO] Converter: Moshi
[INFO] Retrofit Mock Adapter
[INFO] Samples
[INFO]                                                                         
[INFO] ------------------------------------------------------------------------
[INFO] Building Retrofit (Parent) 2.0.0-SNAPSHOT
[INFO] ------------------------------------------------------------------------
[INFO] 
[INFO] --- maven-enforcer-plugin:1.0:enforce (enforce-maven) @ parent ---
[INFO] 
[INFO] --- animal-sniffer-maven-plugin:1.14:check (default) @ parent ---
[INFO] Checking unresolved references to org.codehaus.mojo.signature:java16:1.1
[INFO]                                                                         
[INFO] ------------------------------------------------------------------------
[INFO] Building Retrofit 2.0.0-SNAPSHOT
[INFO] ------------------------------------------------------------------------
[INFO] 
[INFO] --- maven-enforcer-plugin:1.0:enforce (enforce-maven) @ retrofit ---
[INFO] 
[INFO] --- maven-resources-plugin:2.6:resources (default-resources) @ retrofit ---
[INFO] Using 'UTF-8' encoding to copy filtered resources.
[INFO] skip non existing resourceDirectory /home/travis/build/square/retrofit/retrofit/src/main/resources
[INFO] 
[INFO] --- maven-compiler-plugin:3.0:compile (default-compile) @ retrofit ---
[INFO] Changes detected - recompiling the module!
[INFO] Compiling 42 source files to /home/travis/build/square/retrofit/retrofit/target/classes
[WARNING] /home/travis/build/square/retrofit/retrofit/src/main/java/retrofit2/Retrofit.java: Some input files use unchecked or unsafe operations.
[WARNING] /home/travis/build/square/retrofit/retrofit/src/main/java/retrofit2/Retrofit.java: Recompile with -Xlint:unchecked for details.
[INFO] 
[INFO] --- maven-resources-plugin:2.6:testResources (default-testResources) @ retrofit ---
[INFO] Using 'UTF-8' encoding to copy filtered resources.
[INFO] skip non existing resourceDirectory /home/travis/build/square/retrofit/retrofit/src/test/resources
[INFO] 
[INFO] --- maven-compiler-plugin:3.0:testCompile (default-testCompile) @ retrofit ---
[INFO] Changes detected - recompiling the module!
[INFO] Compiling 12 source files to /home/travis/build/square/retrofit/retrofit/target/test-classes
[WARNING] /home/travis/build/square/retrofit/retrofit/src/test/java/retrofit2/RetrofitTest.java: /home/travis/build/square/retrofit/retrofit/src/test/java/retrofit2/RetrofitTest.java uses unchecked or unsafe operations.
[WARNING] /home/travis/build/square/retrofit/retrofit/src/test/java/retrofit2/RetrofitTest.java: Recompile with -Xlint:unchecked for details.
[INFO] 
[INFO] --- maven-surefire-plugin:2.12.4:test (default-test) @ retrofit ---
[INFO] Surefire report directory: /home/travis/build/square/retrofit/retrofit/target/surefire-reports

-------------------------------------------------------
 T E S T S
-------------------------------------------------------
Running retrofit2.CallTest
Jan 24, 2016 6:14:44 AM okhttp3.mockwebserver.MockWebServer$3 execute
INFO: MockWebServer[42186] starting to accept connections
Jan 24, 2016 6:14:45 AM okhttp3.mockwebserver.MockWebServer$3 acceptConnections
INFO: MockWebServer[42186] done accepting connections: Socket closed
Jan 24, 2016 6:14:45 AM okhttp3.mockwebserver.MockWebServer$3 execute
INFO: MockWebServer[38231] starting to accept connections
Jan 24, 2016 6:14:45 AM okhttp3.mockwebserver.MockWebServer$4 processOneRequest
INFO: MockWebServer[38231] received request: GET / HTTP/1.1 and responded: HTTP/1.1 200 OK
Jan 24, 2016 6:14:45 AM okhttp3.mockwebserver.MockWebServer$3 acceptConnections
INFO: MockWebServer[38231] done accepting connections: Socket closed
Jan 24, 2016 6:14:45 AM okhttp3.mockwebserver.MockWebServer$3 execute
INFO: MockWebServer[46111] starting to accept connections
Jan 24, 2016 6:14:45 AM okhttp3.mockwebserver.MockWebServer$3 acceptConnections
INFO: MockWebServer[46111] done accepting connections: Socket closed
Jan 24, 2016 6:14:45 AM okhttp3.mockwebserver.MockWebServer$4 processOneRequest
INFO: MockWebServer[46111] received request: GET / HTTP/1.1 and responded: HTTP/1.1 404 Client Error
Jan 24, 2016 6:14:45 AM okhttp3.mockwebserver.MockWebServer$3 execute
INFO: MockWebServer[39019] starting to accept connections
Jan 24, 2016 6:14:45 AM okhttp3.mockwebserver.MockWebServer$4 processOneRequest
INFO: MockWebServer[39019] received request: POST /Hello HTTP/1.1 and responded: HTTP/1.1 200 OK
Jan 24, 2016 6:14:45 AM okhttp3.mockwebserver.MockWebServer$3 acceptConnections
INFO: MockWebServer[39019] done accepting connections: Socket closed
Jan 24, 2016 6:14:45 AM okhttp3.mockwebserver.MockWebServer$3 execute
INFO: MockWebServer[39695] starting to accept connections
Jan 24, 2016 6:14:45 AM okhttp3.mockwebserver.MockWebServer$3 acceptConnections
INFO: MockWebServer[39695] done accepting connections: Socket closed
Jan 24, 2016 6:14:45 AM okhttp3.mockwebserver.MockWebServer$3 execute
INFO: MockWebServer[49441] starting to accept connections
Jan 24, 2016 6:14:45 AM okhttp3.mockwebserver.MockWebServer$3 acceptConnections
INFO: MockWebServer[49441] done accepting connections: Socket closed
Jan 24, 2016 6:14:45 AM okhttp3.mockwebserver.MockWebServer$3 execute
INFO: MockWebServer[36608] starting to accept connections
Jan 24, 2016 6:14:45 AM okhttp3.mockwebserver.MockWebServer$3 acceptConnections
INFO: MockWebServer[36608] done accepting connections: Socket closed
Jan 24, 2016 6:14:45 AM okhttp3.mockwebserver.MockWebServer$4 processOneRequest
INFO: MockWebServer[36608] received request: GET / HTTP/1.1 and responded: HTTP/1.1 200 OK
Jan 24, 2016 6:14:45 AM okhttp3.mockwebserver.MockWebServer$3 execute
INFO: MockWebServer[52131] starting to accept connections
Jan 24, 2016 6:14:45 AM okhttp3.mockwebserver.MockWebServer$4 processOneRequest
INFO: MockWebServer[52131] received request: GET / HTTP/1.1 and responded: HTTP/1.1 200 OK
Jan 24, 2016 6:14:45 AM okhttp3.mockwebserver.MockWebServer$3 acceptConnections
INFO: MockWebServer[52131] done accepting connections: Socket closed
Jan 24, 2016 6:14:45 AM okhttp3.mockwebserver.MockWebServer$3 execute
INFO: MockWebServer[56376] starting to accept connections
Jan 24, 2016 6:14:45 AM okhttp3.mockwebserver.MockWebServer$3 acceptConnections
INFO: MockWebServer[56376] done accepting connections: Socket closed
Jan 24, 2016 6:14:45 AM okhttp3.mockwebserver.MockWebServer$3 execute
INFO: MockWebServer[34785] starting to accept connections
Jan 24, 2016 6:14:45 AM okhttp3.mockwebserver.MockWebServer$4 processOneRequest
INFO: MockWebServer[34785] received request: POST /Hello HTTP/1.1 and responded: HTTP/1.1 200 OK
Jan 24, 2016 6:14:45 AM okhttp3.mockwebserver.MockWebServer$3 acceptConnections
INFO: MockWebServer[34785] done accepting connections: Socket closed
Jan 24, 2016 6:14:45 AM okhttp3.mockwebserver.MockWebServer$3 execute
INFO: MockWebServer[50529] starting to accept connections
Jan 24, 2016 6:14:45 AM okhttp3.mockwebserver.MockWebServer$4 processOneRequest
INFO: MockWebServer[50529] received request: POST /Hello HTTP/1.1 and responded: HTTP/1.1 200 OK
Jan 24, 2016 6:14:45 AM okhttp3.mockwebserver.MockWebServer$3 acceptConnections
INFO: MockWebServer[50529] done accepting connections: Socket closed
Jan 24, 2016 6:14:45 AM okhttp3.mockwebserver.MockWebServer$3 execute
INFO: MockWebServer[39113] starting to accept connections
Jan 24, 2016 6:14:45 AM okhttp3.mockwebserver.MockWebServer$3 acceptConnections
INFO: MockWebServer[39113] done accepting connections: Socket is closed
Jan 24, 2016 6:14:45 AM okhttp3.mockwebserver.MockWebServer$3 execute
INFO: MockWebServer[51566] starting to accept connections
Jan 24, 2016 6:14:45 AM okhttp3.mockwebserver.MockWebServer$4 processOneRequest
INFO: MockWebServer[51566] received request: GET / HTTP/1.1 and responded: HTTP/1.1 404 Client Error
Jan 24, 2016 6:14:45 AM okhttp3.mockwebserver.MockWebServer$3 acceptConnections
INFO: MockWebServer[51566] done accepting connections: Socket closed
Jan 24, 2016 6:14:45 AM okhttp3.mockwebserver.MockWebServer$3 execute
INFO: MockWebServer[41883] starting to accept connections
Jan 24, 2016 6:14:45 AM okhttp3.mockwebserver.MockWebServer$4 processOneRequest
INFO: MockWebServer[41883] received request: POST / HTTP/1.1 and responded: HTTP/1.1 200 OK
Jan 24, 2016 6:14:45 AM okhttp3.mockwebserver.MockWebServer$3 acceptConnections
INFO: MockWebServer[41883] done accepting connections: Socket closed
Jan 24, 2016 6:14:45 AM okhttp3.mockwebserver.MockWebServer$3 execute
INFO: MockWebServer[40726] starting to accept connections
Jan 24, 2016 6:14:45 AM okhttp3.mockwebserver.MockWebServer$3 acceptConnections
INFO: MockWebServer[40726] done accepting connections: Socket closed
Jan 24, 2016 6:14:45 AM okhttp3.mockwebserver.MockWebServer$4 processOneRequest
INFO: MockWebServer[40726] received request: GET / HTTP/1.1 and responded: HTTP/1.1 204 Nothin
Jan 24, 2016 6:14:45 AM okhttp3.mockwebserver.MockWebServer$3 execute
INFO: MockWebServer[59257] starting to accept connections
Jan 24, 2016 6:14:45 AM okhttp3.mockwebserver.MockWebServer$3 acceptConnections
INFO: MockWebServer[59257] done accepting connections: Socket is closed
Jan 24, 2016 6:14:45 AM okhttp3.mockwebserver.MockWebServer$3 execute
INFO: MockWebServer[59866] starting to accept connections
Jan 24, 2016 6:14:45 AM okhttp3.mockwebserver.MockWebServer$3 acceptConnections
INFO: MockWebServer[59866] done accepting connections: Socket closed
Jan 24, 2016 6:14:45 AM okhttp3.mockwebserver.MockWebServer$4 processOneRequest
INFO: MockWebServer[59866] received request: GET / HTTP/1.1 and responded: HTTP/1.1 200 OK
Jan 24, 2016 6:14:45 AM okhttp3.mockwebserver.MockWebServer$3 execute
INFO: MockWebServer[37690] starting to accept connections
Jan 24, 2016 6:14:45 AM okhttp3.mockwebserver.MockWebServer$4 processOneRequest
INFO: MockWebServer[37690] received request: POST /Hello HTTP/1.1 and responded: HTTP/1.1 200 OK
Jan 24, 2016 6:14:45 AM okhttp3.mockwebserver.MockWebServer$3 acceptConnections
INFO: MockWebServer[37690] done accepting connections: Socket closed
Jan 24, 2016 6:14:45 AM okhttp3.mockwebserver.MockWebServer$3 execute
INFO: MockWebServer[50557] starting to accept connections
Jan 24, 2016 6:14:45 AM okhttp3.mockwebserver.MockWebServer$4 processOneRequest
INFO: MockWebServer[50557] received request: GET / HTTP/1.1 and responded: HTTP/1.1 200 OK
Jan 24, 2016 6:14:45 AM okhttp3.mockwebserver.MockWebServer$3 acceptConnections
INFO: MockWebServer[50557] done accepting connections: Socket closed
Jan 24, 2016 6:14:45 AM okhttp3.mockwebserver.MockWebServer$3 execute
INFO: MockWebServer[53435] starting to accept connections
Jan 24, 2016 6:14:45 AM okhttp3.mockwebserver.MockWebServer$3 acceptConnections
INFO: MockWebServer[53435] done accepting connections: Socket closed
Jan 24, 2016 6:14:45 AM okhttp3.mockwebserver.MockWebServer$4 processOneRequest
INFO: MockWebServer[53435] received request: POST / HTTP/1.1 and responded: HTTP/1.1 200 OK
Jan 24, 2016 6:14:45 AM okhttp3.mockwebserver.MockWebServer$3 execute
INFO: MockWebServer[40287] starting to accept connections
Jan 24, 2016 6:14:45 AM okhttp3.mockwebserver.MockWebServer$3 acceptConnections
INFO: MockWebServer[40287] done accepting connections: Socket is closed
Jan 24, 2016 6:14:45 AM okhttp3.mockwebserver.MockWebServer$3 execute
INFO: MockWebServer[46531] starting to accept connections
Jan 24, 2016 6:14:45 AM okhttp3.mockwebserver.MockWebServer$3 acceptConnections
INFO: MockWebServer[46531] done accepting connections: Socket is closed
Jan 24, 2016 6:14:45 AM okhttp3.mockwebserver.MockWebServer$3 execute
INFO: MockWebServer[46604] starting to accept connections
Jan 24, 2016 6:14:45 AM okhttp3.mockwebserver.MockWebServer$3 acceptConnections
INFO: MockWebServer[46604] done accepting connections: Socket closed
Jan 24, 2016 6:14:45 AM okhttp3.mockwebserver.MockWebServer$3 execute
INFO: MockWebServer[58863] starting to accept connections
Jan 24, 2016 6:14:45 AM okhttp3.mockwebserver.MockWebServer$4 processOneRequest
INFO: MockWebServer[58863] received request: GET / HTTP/1.1 and responded: HTTP/1.1 200 OK
Jan 24, 2016 6:14:45 AM okhttp3.mockwebserver.MockWebServer$3 acceptConnections
INFO: MockWebServer[58863] done accepting connections: Socket closed
Jan 24, 2016 6:14:45 AM okhttp3.mockwebserver.MockWebServer$3 execute
INFO: MockWebServer[41071] starting to accept connections
Jan 24, 2016 6:14:45 AM okhttp3.mockwebserver.MockWebServer$4 processOneRequest
INFO: MockWebServer[41071] received request: GET / HTTP/1.1 and responded: HTTP/1.1 200 OK
Jan 24, 2016 6:14:45 AM okhttp3.mockwebserver.MockWebServer$3 acceptConnections
INFO: MockWebServer[41071] done accepting connections: Socket closed
Jan 24, 2016 6:14:45 AM okhttp3.mockwebserver.MockWebServer$3 execute
INFO: MockWebServer[45737] starting to accept connections
Jan 24, 2016 6:14:45 AM okhttp3.mockwebserver.MockWebServer$3 acceptConnections
INFO: MockWebServer[45737] done accepting connections: Socket closed
Jan 24, 2016 6:14:45 AM okhttp3.mockwebserver.MockWebServer$4 processOneRequest
INFO: MockWebServer[45737] received request: GET / HTTP/1.1 and responded: HTTP/1.1 205 Nothin
Jan 24, 2016 6:14:45 AM okhttp3.mockwebserver.MockWebServer$3 execute
INFO: MockWebServer[36049] starting to accept connections
Jan 24, 2016 6:14:45 AM okhttp3.mockwebserver.MockWebServer$4 processOneRequest
INFO: MockWebServer[36049] received request: GET / HTTP/1.1 and responded: HTTP/1.1 200 OK
Jan 24, 2016 6:14:45 AM okhttp3.mockwebserver.MockWebServer$4 processOneRequest
INFO: MockWebServer[36049] received request: GET / HTTP/1.1 and responded: HTTP/1.1 200 OK
Jan 24, 2016 6:14:45 AM okhttp3.mockwebserver.MockWebServer$3 acceptConnections
INFO: MockWebServer[36049] done accepting connections: Socket closed
Jan 24, 2016 6:14:45 AM okhttp3.mockwebserver.MockWebServer$3 execute
INFO: MockWebServer[50421] starting to accept connections
Jan 24, 2016 6:14:45 AM okhttp3.mockwebserver.MockWebServer$4 processOneRequest
INFO: MockWebServer[50421] received request: GET / HTTP/1.1 and responded: HTTP/1.1 200 OK
Jan 24, 2016 6:14:45 AM okhttp3.mockwebserver.MockWebServer$3 acceptConnections
INFO: MockWebServer[50421] done accepting connections: Socket closed
Jan 24, 2016 6:14:45 AM okhttp3.mockwebserver.MockWebServer$3 execute
INFO: MockWebServer[60245] starting to accept connections
Jan 24, 2016 6:14:45 AM okhttp3.mockwebserver.MockWebServer$3 acceptConnections
INFO: MockWebServer[60245] done accepting connections: Socket is closed
Jan 24, 2016 6:14:45 AM okhttp3.mockwebserver.MockWebServer$3 execute
INFO: MockWebServer[33764] starting to accept connections
Jan 24, 2016 6:14:45 AM okhttp3.mockwebserver.MockWebServer$3 acceptConnections
INFO: MockWebServer[33764] done accepting connections: Socket closed
Jan 24, 2016 6:14:45 AM okhttp3.mockwebserver.MockWebServer$3 execute
INFO: MockWebServer[40798] starting to accept connections
Jan 24, 2016 6:14:45 AM okhttp3.mockwebserver.MockWebServer$3 acceptConnections
INFO: MockWebServer[40798] done accepting connections: Socket closed
Jan 24, 2016 6:14:45 AM okhttp3.mockwebserver.MockWebServer$3 execute
INFO: MockWebServer[40671] starting to accept connections
Jan 24, 2016 6:14:45 AM okhttp3.mockwebserver.MockWebServer$3 acceptConnections
INFO: MockWebServer[40671] done accepting connections: Socket closed
Jan 24, 2016 6:14:45 AM okhttp3.mockwebserver.MockWebServer$4 processOneRequest
INFO: MockWebServer[40671] received request: GET / HTTP/1.1 and responded: HTTP/1.1 200 OK
Jan 24, 2016 6:14:45 AM okhttp3.mockwebserver.MockWebServer$3 execute
INFO: MockWebServer[55142] starting to accept connections
Jan 24, 2016 6:14:45 AM okhttp3.mockwebserver.MockWebServer$3 acceptConnections
INFO: MockWebServer[55142] done accepting connections: Socket closed
Jan 24, 2016 6:14:45 AM okhttp3.mockwebserver.MockWebServer$4 processOneRequest
INFO: MockWebServer[55142] received request: GET / HTTP/1.1 and responded: HTTP/1.1 200 OK
Jan 24, 2016 6:14:45 AM okhttp3.mockwebserver.MockWebServer$3 execute
INFO: MockWebServer[45387] starting to accept connections
Jan 24, 2016 6:14:45 AM okhttp3.mockwebserver.MockWebServer$4 processOneRequest
INFO: MockWebServer[45387] received request: GET / HTTP/1.1 and responded: HTTP/1.1 200 OK
Jan 24, 2016 6:14:45 AM okhttp3.mockwebserver.MockWebServer$3 acceptConnections
INFO: MockWebServer[45387] done accepting connections: Socket closed
Tests run: 34, Failures: 0, Errors: 0, Skipped: 0, Time elapsed: 0.995 sec
Running retrofit2.RequestBuilderTest
Tests run: 103, Failures: 0, Errors: 0, Skipped: 2, Time elapsed: 0.199 sec
Running retrofit2.ExecutorCallAdapterFactoryTest
Tests run: 7, Failures: 0, Errors: 0, Skipped: 0, Time elapsed: 0.122 sec
Running retrofit2.RequestBuilderAndroidTest
WARNING: No manifest file found at ./AndroidManifest.xml.Falling back to the Android OS resources only.
To remove this warning, annotate your test class with @Config(manifest=Config.NONE).
WARNING: No manifest file found at ./AndroidManifest.xml.Falling back to the Android OS resources only.
To remove this warning, annotate your test class with @Config(manifest=Config.NONE).
Tests run: 2, Failures: 0, Errors: 0, Skipped: 0, Time elapsed: 6.129 sec
Running retrofit2.ResponseTest
Tests run: 12, Failures: 0, Errors: 0, Skipped: 0, Time elapsed: 0.033 sec
Running retrofit2.RequestFactoryParserTest
Tests run: 1, Failures: 0, Errors: 0, Skipped: 0, Time elapsed: 0.006 sec
Running retrofit2.RetrofitTest
Jan 24, 2016 6:14:52 AM okhttp3.mockwebserver.MockWebServer$3 execute
INFO: MockWebServer[49360] starting to accept connections
Jan 24, 2016 6:14:52 AM okhttp3.mockwebserver.MockWebServer$3 acceptConnections
INFO: MockWebServer[49360] done accepting connections: Socket closed
Jan 24, 2016 6:14:52 AM okhttp3.mockwebserver.MockWebServer$3 execute
INFO: MockWebServer[35654] starting to accept connections
Jan 24, 2016 6:14:52 AM okhttp3.mockwebserver.MockWebServer$3 acceptConnections
INFO: MockWebServer[35654] done accepting connections: Socket closed
Jan 24, 2016 6:14:52 AM okhttp3.mockwebserver.MockWebServer$3 execute
INFO: MockWebServer[32959] starting to accept connections
Jan 24, 2016 6:14:52 AM okhttp3.mockwebserver.MockWebServer$3 acceptConnections
INFO: MockWebServer[32959] done accepting connections: Socket is closed
Jan 24, 2016 6:14:52 AM okhttp3.mockwebserver.MockWebServer$3 execute
INFO: MockWebServer[37653] starting to accept connections
Jan 24, 2016 6:14:52 AM okhttp3.mockwebserver.MockWebServer$3 acceptConnections
INFO: MockWebServer[37653] done accepting connections: Socket is closed
Jan 24, 2016 6:14:52 AM okhttp3.mockwebserver.MockWebServer$3 execute
INFO: MockWebServer[43537] starting to accept connections
Jan 24, 2016 6:14:53 AM okhttp3.mockwebserver.MockWebServer$3 acceptConnections
INFO: MockWebServer[43537] done accepting connections: Socket closed
Jan 24, 2016 6:14:53 AM okhttp3.mockwebserver.MockWebServer$4 processOneRequest
INFO: MockWebServer[43537] received request: GET / HTTP/1.1 and responded: HTTP/1.1 200 OK
Jan 24, 2016 6:14:53 AM okhttp3.mockwebserver.MockWebServer$3 execute
INFO: MockWebServer[46008] starting to accept connections
Jan 24, 2016 6:14:53 AM okhttp3.mockwebserver.MockWebServer$3 acceptConnections
INFO: MockWebServer[46008] done accepting connections: Socket is closed
Jan 24, 2016 6:14:53 AM okhttp3.mockwebserver.MockWebServer$3 execute
INFO: MockWebServer[51687] starting to accept connections
Jan 24, 2016 6:14:53 AM okhttp3.mockwebserver.MockWebServer$3 acceptConnections
INFO: MockWebServer[51687] done accepting connections: Socket is closed
Jan 24, 2016 6:14:53 AM okhttp3.mockwebserver.MockWebServer$3 execute
INFO: MockWebServer[34951] starting to accept connections
Jan 24, 2016 6:14:53 AM okhttp3.mockwebserver.MockWebServer$3 acceptConnections
INFO: MockWebServer[34951] done accepting connections: Socket is closed
Jan 24, 2016 6:14:53 AM okhttp3.mockwebserver.MockWebServer$3 execute
INFO: MockWebServer[52111] starting to accept connections
Jan 24, 2016 6:14:53 AM okhttp3.mockwebserver.MockWebServer$3 acceptConnections
INFO: MockWebServer[52111] done accepting connections: Socket is closed
Jan 24, 2016 6:14:53 AM okhttp3.mockwebserver.MockWebServer$3 execute
INFO: MockWebServer[54430] starting to accept connections
Jan 24, 2016 6:14:53 AM okhttp3.mockwebserver.MockWebServer$3 acceptConnections
INFO: MockWebServer[54430] done accepting connections: Socket is closed
Jan 24, 2016 6:14:53 AM okhttp3.mockwebserver.MockWebServer$3 execute
INFO: MockWebServer[50507] starting to accept connections
Jan 24, 2016 6:14:53 AM okhttp3.mockwebserver.MockWebServer$3 acceptConnections
INFO: MockWebServer[50507] done accepting connections: Socket closed
Jan 24, 2016 6:14:53 AM okhttp3.mockwebserver.MockWebServer$3 execute
INFO: MockWebServer[48200] starting to accept connections
Jan 24, 2016 6:14:53 AM okhttp3.mockwebserver.MockWebServer$3 acceptConnections
INFO: MockWebServer[48200] done accepting connections: Socket closed
Jan 24, 2016 6:14:53 AM okhttp3.mockwebserver.MockWebServer$3 execute
INFO: MockWebServer[34805] starting to accept connections
Jan 24, 2016 6:14:53 AM okhttp3.mockwebserver.MockWebServer$3 acceptConnections
INFO: MockWebServer[34805] done accepting connections: Socket closed
Jan 24, 2016 6:14:53 AM okhttp3.mockwebserver.MockWebServer$3 execute
INFO: MockWebServer[39330] starting to accept connections
Jan 24, 2016 6:14:53 AM okhttp3.mockwebserver.MockWebServer$3 acceptConnections
INFO: MockWebServer[39330] done accepting connections: Socket closed
Jan 24, 2016 6:14:53 AM okhttp3.mockwebserver.MockWebServer$3 execute
INFO: MockWebServer[55402] starting to accept connections
Jan 24, 2016 6:14:53 AM okhttp3.mockwebserver.MockWebServer$3 acceptConnections
INFO: MockWebServer[55402] done accepting connections: Socket closed
Jan 24, 2016 6:14:53 AM okhttp3.mockwebserver.MockWebServer$4 processOneRequest
INFO: MockWebServer[55402] received request: GET / HTTP/1.1 and responded: HTTP/1.1 200 OK
Jan 24, 2016 6:14:53 AM okhttp3.mockwebserver.MockWebServer$3 execute
INFO: MockWebServer[32994] starting to accept connections
Jan 24, 2016 6:14:53 AM okhttp3.mockwebserver.MockWebServer$3 acceptConnections
INFO: MockWebServer[32994] done accepting connections: Socket is closed
Jan 24, 2016 6:14:53 AM okhttp3.mockwebserver.MockWebServer$3 execute
INFO: MockWebServer[46336] starting to accept connections
Jan 24, 2016 6:14:53 AM okhttp3.mockwebserver.MockWebServer$3 acceptConnections
INFO: MockWebServer[46336] done accepting connections: Socket is closed
Jan 24, 2016 6:14:53 AM okhttp3.mockwebserver.MockWebServer$3 execute
INFO: MockWebServer[45181] starting to accept connections
Jan 24, 2016 6:14:53 AM okhttp3.mockwebserver.MockWebServer$4 processOneRequest
INFO: MockWebServer[45181] received request: GET / HTTP/1.1 and responded: HTTP/1.1 200 OK
Jan 24, 2016 6:14:53 AM okhttp3.mockwebserver.MockWebServer$3 acceptConnections
INFO: MockWebServer[45181] done accepting connections: Socket closed
Jan 24, 2016 6:14:53 AM okhttp3.mockwebserver.MockWebServer$3 execute
INFO: MockWebServer[40858] starting to accept connections
Jan 24, 2016 6:14:53 AM okhttp3.mockwebserver.MockWebServer$3 acceptConnections
INFO: MockWebServer[40858] done accepting connections: Socket closed
Jan 24, 2016 6:14:54 AM okhttp3.mockwebserver.MockWebServer$3 execute
INFO: MockWebServer[55453] starting to accept connections
Jan 24, 2016 6:14:54 AM okhttp3.mockwebserver.MockWebServer$3 acceptConnections
INFO: MockWebServer[55453] done accepting connections: Socket closed
Jan 24, 2016 6:14:54 AM okhttp3.mockwebserver.MockWebServer$4 processOneRequest
INFO: MockWebServer[55453] received request: POST / HTTP/1.1 and responded: HTTP/1.1 200 OK
Jan 24, 2016 6:14:54 AM okhttp3.mockwebserver.MockWebServer$3 execute
INFO: MockWebServer[40210] starting to accept connections
Jan 24, 2016 6:14:54 AM okhttp3.mockwebserver.MockWebServer$3 acceptConnections
INFO: MockWebServer[40210] done accepting connections: Socket is closed
Jan 24, 2016 6:14:54 AM okhttp3.mockwebserver.MockWebServer$3 execute
INFO: MockWebServer[36682] starting to accept connections
Jan 24, 2016 6:14:54 AM okhttp3.mockwebserver.MockWebServer$3 acceptConnections
INFO: MockWebServer[36682] done accepting connections: Socket is closed
Jan 24, 2016 6:14:54 AM okhttp3.mockwebserver.MockWebServer$3 execute
INFO: MockWebServer[60964] starting to accept connections
Jan 24, 2016 6:14:54 AM okhttp3.mockwebserver.MockWebServer$3 acceptConnections
INFO: MockWebServer[60964] done accepting connections: Socket is closed
Jan 24, 2016 6:14:54 AM okhttp3.mockwebserver.MockWebServer$3 execute
INFO: MockWebServer[38632] starting to accept connections
Jan 24, 2016 6:14:54 AM okhttp3.mockwebserver.MockWebServer$3 acceptConnections
INFO: MockWebServer[38632] done accepting connections: Socket is closed
Jan 24, 2016 6:14:54 AM okhttp3.mockwebserver.MockWebServer$3 execute
INFO: MockWebServer[46742] starting to accept connections
Jan 24, 2016 6:14:54 AM okhttp3.mockwebserver.MockWebServer$3 acceptConnections
INFO: MockWebServer[46742] done accepting connections: Socket is closed
Jan 24, 2016 6:14:54 AM okhttp3.mockwebserver.MockWebServer$3 execute
INFO: MockWebServer[41055] starting to accept connections
Jan 24, 2016 6:14:54 AM okhttp3.mockwebserver.MockWebServer$3 acceptConnections
INFO: MockWebServer[41055] done accepting connections: Socket is closed
Jan 24, 2016 6:14:54 AM okhttp3.mockwebserver.MockWebServer$3 execute
INFO: MockWebServer[38956] starting to accept connections
Jan 24, 2016 6:14:54 AM okhttp3.mockwebserver.MockWebServer$3 acceptConnections
INFO: MockWebServer[38956] done accepting connections: Socket is closed
Jan 24, 2016 6:14:54 AM okhttp3.mockwebserver.MockWebServer$3 execute
INFO: MockWebServer[42259] starting to accept connections
Jan 24, 2016 6:14:54 AM okhttp3.mockwebserver.MockWebServer$3 acceptConnections
INFO: MockWebServer[42259] done accepting connections: Socket closed
Jan 24, 2016 6:14:54 AM okhttp3.mockwebserver.MockWebServer$4 processOneRequest
INFO: MockWebServer[42259] received request: GET / HTTP/1.1 and responded: HTTP/1.1 200 OK
Jan 24, 2016 6:14:54 AM okhttp3.mockwebserver.MockWebServer$3 execute
INFO: MockWebServer[39636] starting to accept connections
Jan 24, 2016 6:14:54 AM okhttp3.mockwebserver.MockWebServer$3 acceptConnections
INFO: MockWebServer[39636] done accepting connections: Socket is closed
Jan 24, 2016 6:14:54 AM okhttp3.mockwebserver.MockWebServer$3 execute
INFO: MockWebServer[49967] starting to accept connections
Jan 24, 2016 6:14:54 AM okhttp3.mockwebserver.MockWebServer$3 acceptConnections
INFO: MockWebServer[49967] done accepting connections: Socket is closed
Jan 24, 2016 6:14:54 AM okhttp3.mockwebserver.MockWebServer$3 execute
INFO: MockWebServer[45360] starting to accept connections
Jan 24, 2016 6:14:54 AM okhttp3.mockwebserver.MockWebServer$3 acceptConnections
INFO: MockWebServer[45360] done accepting connections: Socket is closed
Jan 24, 2016 6:14:54 AM okhttp3.mockwebserver.MockWebServer$3 execute
INFO: MockWebServer[34661] starting to accept connections
Jan 24, 2016 6:14:54 AM okhttp3.mockwebserver.MockWebServer$3 acceptConnections
INFO: MockWebServer[34661] done accepting connections: Socket is closed
Jan 24, 2016 6:14:54 AM okhttp3.mockwebserver.MockWebServer$3 execute
INFO: MockWebServer[33169] starting to accept connections
Jan 24, 2016 6:14:54 AM okhttp3.mockwebserver.MockWebServer$3 acceptConnections
INFO: MockWebServer[33169] done accepting connections: Socket is closed
Jan 24, 2016 6:14:54 AM okhttp3.mockwebserver.MockWebServer$3 execute
INFO: MockWebServer[57664] starting to accept connections
Jan 24, 2016 6:14:54 AM okhttp3.mockwebserver.MockWebServer$3 acceptConnections
INFO: MockWebServer[57664] done accepting connections: Socket is closed
Jan 24, 2016 6:14:54 AM okhttp3.mockwebserver.MockWebServer$3 execute
INFO: MockWebServer[36788] starting to accept connections
Jan 24, 2016 6:14:54 AM okhttp3.mockwebserver.MockWebServer$3 acceptConnections
INFO: MockWebServer[36788] done accepting connections: Socket is closed
Jan 24, 2016 6:14:54 AM okhttp3.mockwebserver.MockWebServer$3 execute
INFO: MockWebServer[45947] starting to accept connections
Jan 24, 2016 6:14:54 AM okhttp3.mockwebserver.MockWebServer$3 acceptConnections
INFO: MockWebServer[45947] done accepting connections: Socket closed
Jan 24, 2016 6:14:54 AM okhttp3.mockwebserver.MockWebServer$3 execute
INFO: MockWebServer[41752] starting to accept connections
Jan 24, 2016 6:14:54 AM okhttp3.mockwebserver.MockWebServer$3 acceptConnections
INFO: MockWebServer[41752] done accepting connections: Socket is closed
Jan 24, 2016 6:14:54 AM okhttp3.mockwebserver.MockWebServer$3 execute
INFO: MockWebServer[44177] starting to accept connections
Jan 24, 2016 6:14:54 AM okhttp3.mockwebserver.MockWebServer$3 acceptConnections
INFO: MockWebServer[44177] done accepting connections: Socket closed
Jan 24, 2016 6:14:54 AM okhttp3.mockwebserver.MockWebServer$3 execute
INFO: MockWebServer[49070] starting to accept connections
Jan 24, 2016 6:14:54 AM okhttp3.mockwebserver.MockWebServer$3 acceptConnections
INFO: MockWebServer[49070] done accepting connections: Socket closed
Jan 24, 2016 6:14:54 AM okhttp3.mockwebserver.MockWebServer$3 execute
INFO: MockWebServer[40934] starting to accept connections
Jan 24, 2016 6:14:54 AM okhttp3.mockwebserver.MockWebServer$3 acceptConnections
INFO: MockWebServer[40934] done accepting connections: Socket closed
Jan 24, 2016 6:14:54 AM okhttp3.mockwebserver.MockWebServer$3 execute
INFO: MockWebServer[55230] starting to accept connections
Jan 24, 2016 6:14:54 AM okhttp3.mockwebserver.MockWebServer$3 acceptConnections
INFO: MockWebServer[55230] done accepting connections: Socket closed
Jan 24, 2016 6:14:54 AM okhttp3.mockwebserver.MockWebServer$3 execute
INFO: MockWebServer[34019] starting to accept connections
Jan 24, 2016 6:14:54 AM okhttp3.mockwebserver.MockWebServer$3 acceptConnections
INFO: MockWebServer[34019] done accepting connections: Socket is closed
Jan 24, 2016 6:14:54 AM okhttp3.mockwebserver.MockWebServer$3 execute
INFO: MockWebServer[53965] starting to accept connections
Jan 24, 2016 6:14:54 AM okhttp3.mockwebserver.MockWebServer$3 acceptConnections
INFO: MockWebServer[53965] done accepting connections: Socket closed
Jan 24, 2016 6:14:54 AM okhttp3.mockwebserver.MockWebServer$3 execute
INFO: MockWebServer[55495] starting to accept connections
Jan 24, 2016 6:14:54 AM okhttp3.mockwebserver.MockWebServer$3 acceptConnections
INFO: MockWebServer[55495] done accepting connections: Socket is closed
Jan 24, 2016 6:14:54 AM okhttp3.mockwebserver.MockWebServer$3 execute
INFO: MockWebServer[34624] starting to accept connections
Jan 24, 2016 6:14:54 AM okhttp3.mockwebserver.MockWebServer$3 acceptConnections
INFO: MockWebServer[34624] done accepting connections: Socket is closed
Jan 24, 2016 6:14:54 AM okhttp3.mockwebserver.MockWebServer$3 execute
INFO: MockWebServer[32872] starting to accept connections
Jan 24, 2016 6:14:54 AM okhttp3.mockwebserver.MockWebServer$3 acceptConnections
INFO: MockWebServer[32872] done accepting connections: Socket is closed
Jan 24, 2016 6:14:54 AM okhttp3.mockwebserver.MockWebServer$3 execute
INFO: MockWebServer[48112] starting to accept connections
Jan 24, 2016 6:14:54 AM okhttp3.mockwebserver.MockWebServer$3 acceptConnections
INFO: MockWebServer[48112] done accepting connections: Socket closed
Jan 24, 2016 6:14:54 AM okhttp3.mockwebserver.MockWebServer$3 execute
INFO: MockWebServer[59232] starting to accept connections
Jan 24, 2016 6:14:54 AM okhttp3.mockwebserver.MockWebServer$3 acceptConnections
INFO: MockWebServer[59232] done accepting connections: Socket is closed
Jan 24, 2016 6:14:54 AM okhttp3.mockwebserver.MockWebServer$3 execute
INFO: MockWebServer[35025] starting to accept connections
Jan 24, 2016 6:14:54 AM okhttp3.mockwebserver.MockWebServer$3 acceptConnections
INFO: MockWebServer[35025] done accepting connections: Socket is closed
Jan 24, 2016 6:14:54 AM okhttp3.mockwebserver.MockWebServer$3 execute
INFO: MockWebServer[50014] starting to accept connections
Jan 24, 2016 6:14:54 AM okhttp3.mockwebserver.MockWebServer$3 acceptConnections
INFO: MockWebServer[50014] done accepting connections: Socket is closed
Jan 24, 2016 6:14:54 AM okhttp3.mockwebserver.MockWebServer$3 execute
INFO: MockWebServer[52944] starting to accept connections
Jan 24, 2016 6:14:54 AM okhttp3.mockwebserver.MockWebServer$3 acceptConnections
INFO: MockWebServer[52944] done accepting connections: Socket is closed
Jan 24, 2016 6:14:54 AM okhttp3.mockwebserver.MockWebServer$3 execute
INFO: MockWebServer[39263] starting to accept connections
Jan 24, 2016 6:14:54 AM okhttp3.mockwebserver.MockWebServer$3 acceptConnections
INFO: MockWebServer[39263] done accepting connections: Socket is closed
Jan 24, 2016 6:14:54 AM okhttp3.mockwebserver.MockWebServer$3 execute
INFO: MockWebServer[42202] starting to accept connections
Jan 24, 2016 6:14:54 AM okhttp3.mockwebserver.MockWebServer$3 acceptConnections
INFO: MockWebServer[42202] done accepting connections: Socket is closed
Jan 24, 2016 6:14:54 AM okhttp3.mockwebserver.MockWebServer$3 execute
INFO: MockWebServer[54458] starting to accept connections
Jan 24, 2016 6:14:54 AM okhttp3.mockwebserver.MockWebServer$3 acceptConnections
INFO: MockWebServer[54458] done accepting connections: Socket closed
Jan 24, 2016 6:14:54 AM okhttp3.mockwebserver.MockWebServer$3 execute
INFO: MockWebServer[43428] starting to accept connections
Jan 24, 2016 6:14:54 AM okhttp3.mockwebserver.MockWebServer$3 acceptConnections
INFO: MockWebServer[43428] done accepting connections: Socket closed
Jan 24, 2016 6:14:54 AM okhttp3.mockwebserver.MockWebServer$3 execute
INFO: MockWebServer[39838] starting to accept connections
Jan 24, 2016 6:14:54 AM okhttp3.mockwebserver.MockWebServer$3 acceptConnections
INFO: MockWebServer[39838] done accepting connections: Socket closed
Jan 24, 2016 6:14:54 AM okhttp3.mockwebserver.MockWebServer$3 execute
INFO: MockWebServer[39367] starting to accept connections
Jan 24, 2016 6:14:54 AM okhttp3.mockwebserver.MockWebServer$3 acceptConnections
INFO: MockWebServer[39367] done accepting connections: Socket closed
Jan 24, 2016 6:14:54 AM okhttp3.mockwebserver.MockWebServer$3 execute
INFO: MockWebServer[45235] starting to accept connections
Jan 24, 2016 6:14:54 AM okhttp3.mockwebserver.MockWebServer$3 acceptConnections
INFO: MockWebServer[45235] done accepting connections: Socket is closed
Jan 24, 2016 6:14:54 AM okhttp3.mockwebserver.MockWebServer$3 execute
INFO: MockWebServer[45595] starting to accept connections
Jan 24, 2016 6:14:54 AM okhttp3.mockwebserver.MockWebServer$3 acceptConnections
INFO: MockWebServer[45595] done accepting connections: Socket closed
Jan 24, 2016 6:14:54 AM okhttp3.mockwebserver.MockWebServer$3 execute
INFO: MockWebServer[49707] starting to accept connections
Jan 24, 2016 6:14:54 AM okhttp3.mockwebserver.MockWebServer$3 acceptConnections
INFO: MockWebServer[49707] done accepting connections: Socket closed
Jan 24, 2016 6:14:54 AM okhttp3.mockwebserver.MockWebServer$3 execute
INFO: MockWebServer[35015] starting to accept connections
Jan 24, 2016 6:14:54 AM okhttp3.mockwebserver.MockWebServer$3 acceptConnections
INFO: MockWebServer[35015] done accepting connections: Socket closed
Jan 24, 2016 6:14:54 AM okhttp3.mockwebserver.MockWebServer$3 execute
INFO: MockWebServer[54589] starting to accept connections
Jan 24, 2016 6:14:54 AM okhttp3.mockwebserver.MockWebServer$3 acceptConnections
INFO: MockWebServer[54589] done accepting connections: Socket closed
Tests run: 62, Failures: 0, Errors: 0, Skipped: 0, Time elapsed: 2.717 sec

Results :

Tests run: 221, Failures: 0, Errors: 0, Skipped: 2

[INFO] 
[INFO] --- animal-sniffer-maven-plugin:1.14:check (default) @ retrofit ---
[INFO] Checking unresolved references to org.codehaus.mojo.signature:java16:1.1
[INFO]                                                                         
[INFO] ------------------------------------------------------------------------
[INFO] Building Adapters 2.0.0-SNAPSHOT
[INFO] ------------------------------------------------------------------------
[INFO] 
[INFO] --- maven-enforcer-plugin:1.0:enforce (enforce-maven) @ retrofit-adapters ---
[INFO] 
[INFO] --- animal-sniffer-maven-plugin:1.14:check (default) @ retrofit-adapters ---
[INFO] Checking unresolved references to org.codehaus.mojo.signature:java16:1.1
[INFO]                                                                         
[INFO] ------------------------------------------------------------------------
[INFO] Building Adapter: RxJava 2.0.0-SNAPSHOT
[INFO] ------------------------------------------------------------------------
[INFO] 
[INFO] --- maven-enforcer-plugin:1.0:enforce (enforce-maven) @ adapter-rxjava ---
[INFO] 
[INFO] --- maven-resources-plugin:2.6:resources (default-resources) @ adapter-rxjava ---
[INFO] Using 'UTF-8' encoding to copy filtered resources.
[INFO] skip non existing resourceDirectory /home/travis/build/square/retrofit/retrofit-adapters/rxjava/src/main/resources
[INFO] 
[INFO] --- maven-compiler-plugin:3.0:compile (default-compile) @ adapter-rxjava ---
[INFO] Changes detected - recompiling the module!
[INFO] Compiling 4 source files to /home/travis/build/square/retrofit/retrofit-adapters/rxjava/target/classes
[INFO] 
[INFO] --- maven-resources-plugin:2.6:testResources (default-testResources) @ adapter-rxjava ---
[INFO] Using 'UTF-8' encoding to copy filtered resources.
[INFO] skip non existing resourceDirectory /home/travis/build/square/retrofit/retrofit-adapters/rxjava/src/test/resources
[INFO] 
[INFO] --- maven-compiler-plugin:3.0:testCompile (default-testCompile) @ adapter-rxjava ---
[INFO] Changes detected - recompiling the module!
[INFO] Compiling 2 source files to /home/travis/build/square/retrofit/retrofit-adapters/rxjava/target/test-classes
[INFO] 
[INFO] --- maven-surefire-plugin:2.12.4:test (default-test) @ adapter-rxjava ---
[INFO] Surefire report directory: /home/travis/build/square/retrofit/retrofit-adapters/rxjava/target/surefire-reports

-------------------------------------------------------
 T E S T S
-------------------------------------------------------
Running retrofit2.ResultTest
Tests run: 4, Failures: 0, Errors: 0, Skipped: 0, Time elapsed: 0.278 sec
Running retrofit2.RxJavaCallAdapterFactoryTest
Jan 24, 2016 6:14:57 AM okhttp3.mockwebserver.MockWebServer$3 execute
INFO: MockWebServer[38850] starting to accept connections
Jan 24, 2016 6:14:58 AM okhttp3.mockwebserver.MockWebServer$4 processConnection
WARNING: MockWebServer[38850] connection from /127.0.0.1 didn't make a request
Jan 24, 2016 6:14:58 AM okhttp3.mockwebserver.MockWebServer$3 acceptConnections
INFO: MockWebServer[38850] done accepting connections: Socket closed
Jan 24, 2016 6:14:58 AM okhttp3.mockwebserver.MockWebServer$3 execute
INFO: MockWebServer[56315] starting to accept connections
Jan 24, 2016 6:14:58 AM okhttp3.mockwebserver.MockWebServer$3 acceptConnections
INFO: MockWebServer[56315] done accepting connections: Socket closed
Jan 24, 2016 6:14:58 AM okhttp3.mockwebserver.MockWebServer$4 processOneRequest
INFO: MockWebServer[56315] received request: GET / HTTP/1.1 and responded: HTTP/1.1 200 OK
Jan 24, 2016 6:14:58 AM okhttp3.mockwebserver.MockWebServer$3 execute
INFO: MockWebServer[42807] starting to accept connections
Jan 24, 2016 6:14:58 AM okhttp3.mockwebserver.MockWebServer$4 processOneRequest
INFO: MockWebServer[42807] received request: GET / HTTP/1.1 and responded: HTTP/1.1 404 Client Error
Jan 24, 2016 6:14:58 AM okhttp3.mockwebserver.MockWebServer$3 acceptConnections
INFO: MockWebServer[42807] done accepting connections: Socket closed
Jan 24, 2016 6:14:58 AM okhttp3.mockwebserver.MockWebServer$3 execute
INFO: MockWebServer[36929] starting to accept connections
Jan 24, 2016 6:14:58 AM okhttp3.mockwebserver.MockWebServer$3 acceptConnections
INFO: MockWebServer[36929] done accepting connections: Socket closed
Jan 24, 2016 6:14:58 AM okhttp3.mockwebserver.MockWebServer$3 execute
INFO: MockWebServer[52545] starting to accept connections
Jan 24, 2016 6:14:58 AM okhttp3.mockwebserver.MockWebServer$4 processOneRequest
INFO: MockWebServer[52545] received request: GET / HTTP/1.1 and responded: HTTP/1.1 200 OK
Jan 24, 2016 6:14:58 AM okhttp3.mockwebserver.MockWebServer$3 acceptConnections
INFO: MockWebServer[52545] done accepting connections: Socket closed
Jan 24, 2016 6:14:58 AM okhttp3.mockwebserver.MockWebServer$3 execute
INFO: MockWebServer[46812] starting to accept connections
Jan 24, 2016 6:14:58 AM okhttp3.mockwebserver.MockWebServer$4 processOneRequest
INFO: MockWebServer[46812] received request: GET / HTTP/1.1 and responded: HTTP/1.1 404 Client Error
Jan 24, 2016 6:14:58 AM okhttp3.mockwebserver.MockWebServer$3 acceptConnections
INFO: MockWebServer[46812] done accepting connections: Socket closed
Jan 24, 2016 6:14:58 AM okhttp3.mockwebserver.MockWebServer$3 execute
INFO: MockWebServer[53519] starting to accept connections
Jan 24, 2016 6:14:58 AM okhttp3.mockwebserver.MockWebServer$4 processConnection
WARNING: MockWebServer[53519] connection from /127.0.0.1 didn't make a request
Jan 24, 2016 6:14:58 AM okhttp3.mockwebserver.MockWebServer$3 acceptConnections
INFO: MockWebServer[53519] done accepting connections: Socket closed
Jan 24, 2016 6:14:58 AM okhttp3.mockwebserver.MockWebServer$3 execute
INFO: MockWebServer[45895] starting to accept connections
Jan 24, 2016 6:14:58 AM okhttp3.mockwebserver.MockWebServer$3 acceptConnections
INFO: MockWebServer[45895] done accepting connections: Socket closed
Jan 24, 2016 6:14:58 AM okhttp3.mockwebserver.MockWebServer$4 processOneRequest
INFO: MockWebServer[45895] received request: GET / HTTP/1.1 and responded: HTTP/1.1 200 OK
Jan 24, 2016 6:14:58 AM okhttp3.mockwebserver.MockWebServer$3 execute
INFO: MockWebServer[39483] starting to accept connections
Jan 24, 2016 6:14:58 AM okhttp3.mockwebserver.MockWebServer$4 processOneRequest
INFO: MockWebServer[39483] received request: GET / HTTP/1.1 and responded: HTTP/1.1 404 Client Error
Jan 24, 2016 6:14:58 AM okhttp3.mockwebserver.MockWebServer$3 acceptConnections
INFO: MockWebServer[39483] done accepting connections: Socket closed
Jan 24, 2016 6:14:58 AM okhttp3.mockwebserver.MockWebServer$3 execute
INFO: MockWebServer[36945] starting to accept connections
Jan 24, 2016 6:14:58 AM okhttp3.mockwebserver.MockWebServer$3 acceptConnections
INFO: MockWebServer[36945] done accepting connections: Socket closed
Jan 24, 2016 6:14:58 AM okhttp3.mockwebserver.MockWebServer$4 processConnection
WARNING: MockWebServer[36945] connection from /127.0.0.1 didn't make a request
Jan 24, 2016 6:14:58 AM okhttp3.mockwebserver.MockWebServer$3 execute
INFO: MockWebServer[40204] starting to accept connections
Jan 24, 2016 6:14:58 AM okhttp3.mockwebserver.MockWebServer$4 processOneRequest
INFO: MockWebServer[40204] received request: GET / HTTP/1.1 and responded: HTTP/1.1 200 OK
Jan 24, 2016 6:14:58 AM okhttp3.mockwebserver.MockWebServer$3 acceptConnections
INFO: MockWebServer[40204] done accepting connections: Socket closed
Jan 24, 2016 6:14:58 AM okhttp3.mockwebserver.MockWebServer$3 execute
INFO: MockWebServer[42498] starting to accept connections
Jan 24, 2016 6:14:58 AM okhttp3.mockwebserver.MockWebServer$3 acceptConnections
INFO: MockWebServer[42498] done accepting connections: Socket closed
Jan 24, 2016 6:14:58 AM okhttp3.mockwebserver.MockWebServer$4 processOneRequest
INFO: MockWebServer[42498] received request: GET / HTTP/1.1 and responded: HTTP/1.1 404 Client Error
Jan 24, 2016 6:14:58 AM okhttp3.mockwebserver.MockWebServer$3 execute
INFO: MockWebServer[46606] starting to accept connections
Jan 24, 2016 6:14:58 AM okhttp3.mockwebserver.MockWebServer$3 acceptConnections
INFO: MockWebServer[46606] done accepting connections: Socket closed
Jan 24, 2016 6:14:58 AM okhttp3.mockwebserver.MockWebServer$3 execute
INFO: MockWebServer[54416] starting to accept connections
Jan 24, 2016 6:14:58 AM okhttp3.mockwebserver.MockWebServer$4 processConnection
WARNING: MockWebServer[54416] connection from /127.0.0.1 didn't make a request
Jan 24, 2016 6:14:58 AM okhttp3.mockwebserver.MockWebServer$3 acceptConnections
INFO: MockWebServer[54416] done accepting connections: Socket closed
Jan 24, 2016 6:14:58 AM okhttp3.mockwebserver.MockWebServer$3 execute
INFO: MockWebServer[40919] starting to accept connections
Jan 24, 2016 6:14:58 AM okhttp3.mockwebserver.MockWebServer$3 acceptConnections
INFO: MockWebServer[40919] done accepting connections: Socket closed
Jan 24, 2016 6:14:58 AM okhttp3.mockwebserver.MockWebServer$4 processConnection
WARNING: MockWebServer[40919] connection from /127.0.0.1 didn't make a request
Jan 24, 2016 6:14:58 AM okhttp3.mockwebserver.MockWebServer$3 execute
INFO: MockWebServer[43682] starting to accept connections
Jan 24, 2016 6:14:58 AM okhttp3.mockwebserver.MockWebServer$3 acceptConnections
INFO: MockWebServer[43682] done accepting connections: Socket closed
Jan 24, 2016 6:14:58 AM okhttp3.mockwebserver.MockWebServer$4 processOneRequest
INFO: MockWebServer[43682] received request: GET / HTTP/1.1 and responded: HTTP/1.1 200 OK
Jan 24, 2016 6:14:58 AM okhttp3.mockwebserver.MockWebServer$3 execute
INFO: MockWebServer[35412] starting to accept connections
Jan 24, 2016 6:14:58 AM okhttp3.mockwebserver.MockWebServer$3 acceptConnections
INFO: MockWebServer[35412] done accepting connections: Socket closed
Jan 24, 2016 6:14:58 AM okhttp3.mockwebserver.MockWebServer$4 processOneRequest
INFO: MockWebServer[35412] received request: GET / HTTP/1.1 and responded: HTTP/1.1 404 Client Error
Jan 24, 2016 6:14:59 AM okhttp3.mockwebserver.MockWebServer$3 execute
INFO: MockWebServer[51892] starting to accept connections
Jan 24, 2016 6:14:59 AM okhttp3.mockwebserver.MockWebServer$3 acceptConnections
INFO: MockWebServer[51892] done accepting connections: Socket closed
Jan 24, 2016 6:14:59 AM okhttp3.mockwebserver.MockWebServer$3 execute
INFO: MockWebServer[47299] starting to accept connections
Jan 24, 2016 6:14:59 AM okhttp3.mockwebserver.MockWebServer$3 acceptConnections
INFO: MockWebServer[47299] done accepting connections: Socket closed
Jan 24, 2016 6:14:59 AM okhttp3.mockwebserver.MockWebServer$3 execute
INFO: MockWebServer[32794] starting to accept connections
Jan 24, 2016 6:14:59 AM okhttp3.mockwebserver.MockWebServer$4 processConnection
WARNING: MockWebServer[32794] connection from /127.0.0.1 didn't make a request
Jan 24, 2016 6:14:59 AM okhttp3.mockwebserver.MockWebServer$3 acceptConnections
INFO: MockWebServer[32794] done accepting connections: Socket closed
Jan 24, 2016 6:14:59 AM okhttp3.mockwebserver.MockWebServer$3 execute
INFO: MockWebServer[45197] starting to accept connections
Jan 24, 2016 6:14:59 AM okhttp3.mockwebserver.MockWebServer$4 processOneRequest
INFO: MockWebServer[45197] received request: GET / HTTP/1.1 and responded: HTTP/1.1 200 OK
Jan 24, 2016 6:14:59 AM okhttp3.mockwebserver.MockWebServer$3 acceptConnections
INFO: MockWebServer[45197] done accepting connections: Socket closed
Jan 24, 2016 6:14:59 AM okhttp3.mockwebserver.MockWebServer$3 execute
INFO: MockWebServer[43849] starting to accept connections
Jan 24, 2016 6:14:59 AM okhttp3.mockwebserver.MockWebServer$4 processOneRequest
INFO: MockWebServer[43849] received request: GET / HTTP/1.1 and responded: HTTP/1.1 404 Client Error
Jan 24, 2016 6:14:59 AM okhttp3.mockwebserver.MockWebServer$3 acceptConnections
INFO: MockWebServer[43849] done accepting connections: Socket closed
Jan 24, 2016 6:14:59 AM okhttp3.mockwebserver.MockWebServer$3 execute
INFO: MockWebServer[56731] starting to accept connections
Jan 24, 2016 6:14:59 AM okhttp3.mockwebserver.MockWebServer$3 acceptConnections
INFO: MockWebServer[56731] done accepting connections: Socket closed
Tests run: 23, Failures: 0, Errors: 0, Skipped: 0, Time elapsed: 1.571 sec

Results :

Tests run: 27, Failures: 0, Errors: 0, Skipped: 0

[INFO] 
[INFO] --- animal-sniffer-maven-plugin:1.14:check (default) @ adapter-rxjava ---
[INFO] Checking unresolved references to org.codehaus.mojo.signature:java16:1.1
[INFO]                                                                         
[INFO] ------------------------------------------------------------------------
[INFO] Building Converters 2.0.0-SNAPSHOT
[INFO] ------------------------------------------------------------------------
[INFO] 
[INFO] --- maven-enforcer-plugin:1.0:enforce (enforce-maven) @ retrofit-converters ---
[INFO] 
[INFO] --- animal-sniffer-maven-plugin:1.14:check (default) @ retrofit-converters ---
[INFO] Checking unresolved references to org.codehaus.mojo.signature:java16:1.1
[INFO]                                                                         
[INFO] ------------------------------------------------------------------------
[INFO] Building Converter: Gson 2.0.0-SNAPSHOT
[INFO] ------------------------------------------------------------------------
[INFO] 
[INFO] --- maven-enforcer-plugin:1.0:enforce (enforce-maven) @ converter-gson ---
[INFO] 
[INFO] --- maven-resources-plugin:2.6:resources (default-resources) @ converter-gson ---
[INFO] Using 'UTF-8' encoding to copy filtered resources.
[INFO] skip non existing resourceDirectory /home/travis/build/square/retrofit/retrofit-converters/gson/src/main/resources
[INFO] 
[INFO] --- maven-compiler-plugin:3.0:compile (default-compile) @ converter-gson ---
[INFO] Changes detected - recompiling the module!
[INFO] Compiling 3 source files to /home/travis/build/square/retrofit/retrofit-converters/gson/target/classes
[INFO] 
[INFO] --- maven-resources-plugin:2.6:testResources (default-testResources) @ converter-gson ---
[INFO] Using 'UTF-8' encoding to copy filtered resources.
[INFO] skip non existing resourceDirectory /home/travis/build/square/retrofit/retrofit-converters/gson/src/test/resources
[INFO] 
[INFO] --- maven-compiler-plugin:3.0:testCompile (default-testCompile) @ converter-gson ---
[INFO] Changes detected - recompiling the module!
[INFO] Compiling 1 source file to /home/travis/build/square/retrofit/retrofit-converters/gson/target/test-classes
[INFO] 
[INFO] --- maven-surefire-plugin:2.12.4:test (default-test) @ converter-gson ---
[INFO] Surefire report directory: /home/travis/build/square/retrofit/retrofit-converters/gson/target/surefire-reports

-------------------------------------------------------
 T E S T S
-------------------------------------------------------
Running retrofit2.GsonConverterFactoryTest
Jan 24, 2016 6:15:00 AM okhttp3.mockwebserver.MockWebServer$3 execute
INFO: MockWebServer[33239] starting to accept connections
Jan 24, 2016 6:15:01 AM okhttp3.mockwebserver.MockWebServer$4 processOneRequest
INFO: MockWebServer[33239] received request: POST / HTTP/1.1 and responded: HTTP/1.1 200 OK
Jan 24, 2016 6:15:01 AM okhttp3.mockwebserver.MockWebServer$3 acceptConnections
INFO: MockWebServer[33239] done accepting connections: Socket closed
Jan 24, 2016 6:15:01 AM okhttp3.mockwebserver.MockWebServer$3 execute
INFO: MockWebServer[36594] starting to accept connections
Jan 24, 2016 6:15:01 AM okhttp3.mockwebserver.MockWebServer$3 acceptConnections
INFO: MockWebServer[36594] done accepting connections: Socket closed
Jan 24, 2016 6:15:01 AM okhttp3.mockwebserver.MockWebServer$4 processOneRequest
INFO: MockWebServer[36594] received request: POST / HTTP/1.1 and responded: HTTP/1.1 200 OK
Jan 24, 2016 6:15:01 AM okhttp3.mockwebserver.MockWebServer$3 execute
INFO: MockWebServer[55534] starting to accept connections
Jan 24, 2016 6:15:01 AM okhttp3.mockwebserver.MockWebServer$3 acceptConnections
INFO: MockWebServer[55534] done accepting connections: Socket closed
Jan 24, 2016 6:15:01 AM okhttp3.mockwebserver.MockWebServer$4 processOneRequest
INFO: MockWebServer[55534] received request: POST / HTTP/1.1 and responded: HTTP/1.1 200 OK
Tests run: 3, Failures: 0, Errors: 0, Skipped: 0, Time elapsed: 1.045 sec

Results :

Tests run: 3, Failures: 0, Errors: 0, Skipped: 0

[INFO] 
[INFO] --- animal-sniffer-maven-plugin:1.14:check (default) @ converter-gson ---
[INFO] Checking unresolved references to org.codehaus.mojo.signature:java16:1.1
[INFO]                                                                         
[INFO] ------------------------------------------------------------------------
[INFO] Building Converter: Protocol Buffers 2.0.0-SNAPSHOT
[INFO] ------------------------------------------------------------------------
[INFO] 
[INFO] --- maven-enforcer-plugin:1.0:enforce (enforce-maven) @ converter-protobuf ---
[INFO] 
[INFO] --- maven-resources-plugin:2.6:resources (default-resources) @ converter-protobuf ---
[INFO] Using 'UTF-8' encoding to copy filtered resources.
[INFO] skip non existing resourceDirectory /home/travis/build/square/retrofit/retrofit-converters/protobuf/src/main/resources
[INFO] 
[INFO] --- maven-compiler-plugin:3.0:compile (default-compile) @ converter-protobuf ---
[INFO] Changes detected - recompiling the module!
[INFO] Compiling 3 source files to /home/travis/build/square/retrofit/retrofit-converters/protobuf/target/classes
[WARNING] /home/travis/build/square/retrofit/retrofit-converters/protobuf/src/main/java/retrofit2/ProtoConverterFactory.java: /home/travis/build/square/retrofit/retrofit-converters/protobuf/src/main/java/retrofit2/ProtoConverterFactory.java uses unchecked or unsafe operations.
[WARNING] /home/travis/build/square/retrofit/retrofit-converters/protobuf/src/main/java/retrofit2/ProtoConverterFactory.java: Recompile with -Xlint:unchecked for details.
[INFO] 
[INFO] --- maven-resources-plugin:2.6:testResources (default-testResources) @ converter-protobuf ---
[INFO] Using 'UTF-8' encoding to copy filtered resources.
[INFO] skip non existing resourceDirectory /home/travis/build/square/retrofit/retrofit-converters/protobuf/src/test/resources
[INFO] 
[INFO] --- maven-compiler-plugin:3.0:testCompile (default-testCompile) @ converter-protobuf ---
[INFO] Changes detected - recompiling the module!
[INFO] Compiling 2 source files to /home/travis/build/square/retrofit/retrofit-converters/protobuf/target/test-classes
[INFO] 
[INFO] --- maven-surefire-plugin:2.12.4:test (default-test) @ converter-protobuf ---
[INFO] Surefire report directory: /home/travis/build/square/retrofit/retrofit-converters/protobuf/target/surefire-reports

-------------------------------------------------------
 T E S T S
-------------------------------------------------------
Running retrofit2.ProtoConverterFactoryTest
Jan 24, 2016 6:15:02 AM okhttp3.mockwebserver.MockWebServer$3 execute
INFO: MockWebServer[57486] starting to accept connections
Jan 24, 2016 6:15:02 AM okhttp3.mockwebserver.MockWebServer$4 processOneRequest
INFO: MockWebServer[57486] received request: POST / HTTP/1.1 and responded: HTTP/1.1 200 OK
Jan 24, 2016 6:15:02 AM okhttp3.mockwebserver.MockWebServer$3 acceptConnections
INFO: MockWebServer[57486] done accepting connections: Socket closed
Jan 24, 2016 6:15:02 AM okhttp3.mockwebserver.MockWebServer$3 execute
INFO: MockWebServer[52656] starting to accept connections
Jan 24, 2016 6:15:02 AM okhttp3.mockwebserver.MockWebServer$3 acceptConnections
INFO: MockWebServer[52656] done accepting connections: Socket closed
Jan 24, 2016 6:15:02 AM okhttp3.mockwebserver.MockWebServer$3 execute
INFO: MockWebServer[41781] starting to accept connections
Jan 24, 2016 6:15:02 AM okhttp3.mockwebserver.MockWebServer$4 processOneRequest
INFO: MockWebServer[41781] received request: GET / HTTP/1.1 and responded: HTTP/1.1 200 OK
Jan 24, 2016 6:15:02 AM okhttp3.mockwebserver.MockWebServer$3 acceptConnections
INFO: MockWebServer[41781] done accepting connections: Socket closed
Jan 24, 2016 6:15:02 AM okhttp3.mockwebserver.MockWebServer$3 execute
INFO: MockWebServer[53605] starting to accept connections
Jan 24, 2016 6:15:02 AM okhttp3.mockwebserver.MockWebServer$3 acceptConnections
INFO: MockWebServer[53605] done accepting connections: Socket closed
Jan 24, 2016 6:15:02 AM okhttp3.mockwebserver.MockWebServer$3 execute
INFO: MockWebServer[53511] starting to accept connections
Jan 24, 2016 6:15:02 AM okhttp3.mockwebserver.MockWebServer$4 processOneRequest
INFO: MockWebServer[53511] received request: GET / HTTP/1.1 and responded: HTTP/1.1 200 OK
Jan 24, 2016 6:15:02 AM okhttp3.mockwebserver.MockWebServer$3 acceptConnections
INFO: MockWebServer[53511] done accepting connections: Socket closed
Tests run: 5, Failures: 2, Errors: 0, Skipped: 0, Time elapsed: 0.574 sec <<< FAILURE!
deserializeWrongClass(retrofit2.ProtoConverterFactoryTest)  Time elapsed: 0.039 sec  <<< FAILURE!
java.lang.AssertionError: 
Expecting message:
 <"Could not locate ResponseBody converter for class java.lang.String. Tried:
 * retrofit2.BuiltInConverters
 * retrofit2.ProtoConverterFactory">
but was:
 <"Could not locate ResponseBody converter for class java.lang.String.
  Tried:
   * retrofit2.BuiltInConverters
   * retrofit2.ProtoConverterFactory">
	at retrofit2.ProtoConverterFactoryTest.deserializeWrongClass(ProtoConverterFactoryTest.java:90)
	at sun.reflect.NativeMethodAccessorImpl.invoke0(Native Method)
	at sun.reflect.NativeMethodAccessorImpl.invoke(NativeMethodAccessorImpl.java:62)
	at sun.reflect.DelegatingMethodAccessorImpl.invoke(DelegatingMethodAccessorImpl.java:43)
	at java.lang.reflect.Method.invoke(Method.java:483)
	at org.junit.runners.model.FrameworkMethod$1.runReflectiveCall(FrameworkMethod.java:50)
	at org.junit.internal.runners.model.ReflectiveCallable.run(ReflectiveCallable.java:12)
	at org.junit.runners.model.FrameworkMethod.invokeExplosively(FrameworkMethod.java:47)
	at org.junit.internal.runners.statements.InvokeMethod.evaluate(InvokeMethod.java:17)
	at org.junit.internal.runners.statements.RunBefores.evaluate(RunBefores.java:26)
	at okhttp3.mockwebserver.MockWebServer$2.evaluate(MockWebServer.java:154)
	at org.junit.rules.RunRules.evaluate(RunRules.java:20)
	at org.junit.runners.ParentRunner.runLeaf(ParentRunner.java:325)
	at org.junit.runners.BlockJUnit4ClassRunner.runChild(BlockJUnit4ClassRunner.java:78)
	at org.junit.runners.BlockJUnit4ClassRunner.runChild(BlockJUnit4ClassRunner.java:57)
	at org.junit.runners.ParentRunner$3.run(ParentRunner.java:290)
	at org.junit.runners.ParentRunner$1.schedule(ParentRunner.java:71)
	at org.junit.runners.ParentRunner.runChildren(ParentRunner.java:288)
	at org.junit.runners.ParentRunner.access$000(ParentRunner.java:58)
	at org.junit.runners.ParentRunner$2.evaluate(ParentRunner.java:268)
	at org.junit.runners.ParentRunner.run(ParentRunner.java:363)
	at org.apache.maven.surefire.junit4.JUnit4Provider.execute(JUnit4Provider.java:252)
	at org.apache.maven.surefire.junit4.JUnit4Provider.executeTestSet(JUnit4Provider.java:141)
	at org.apache.maven.surefire.junit4.JUnit4Provider.invoke(JUnit4Provider.java:112)
	at sun.reflect.NativeMethodAccessorImpl.invoke0(Native Method)
	at sun.reflect.NativeMethodAccessorImpl.invoke(NativeMethodAccessorImpl.java:62)
	at sun.reflect.DelegatingMethodAccessorImpl.invoke(DelegatingMethodAccessorImpl.java:43)
	at java.lang.reflect.Method.invoke(Method.java:483)
	at org.apache.maven.surefire.util.ReflectionUtils.invokeMethodWithArray(ReflectionUtils.java:189)
	at org.apache.maven.surefire.booter.ProviderFactory$ProviderProxy.invoke(ProviderFactory.java:165)
	at org.apache.maven.surefire.booter.ProviderFactory.invokeProvider(ProviderFactory.java:85)
	at org.apache.maven.surefire.booter.ForkedBooter.runSuitesInProcess(ForkedBooter.java:115)
	at org.apache.maven.surefire.booter.ForkedBooter.main(ForkedBooter.java:75)

deserializeWrongType(retrofit2.ProtoConverterFactoryTest)  Time elapsed: 0.006 sec  <<< FAILURE!
java.lang.AssertionError: 
Expecting message:
 <"Could not locate ResponseBody converter for java.util.List<java.lang.String>. Tried:
 * retrofit2.BuiltInConverters
 * retrofit2.ProtoConverterFactory">
but was:
 <"Could not locate ResponseBody converter for java.util.List<java.lang.String>.
  Tried:
   * retrofit2.BuiltInConverters
   * retrofit2.ProtoConverterFactory">
	at retrofit2.ProtoConverterFactoryTest.deserializeWrongType(ProtoConverterFactoryTest.java:107)
	at sun.reflect.NativeMethodAccessorImpl.invoke0(Native Method)
	at sun.reflect.NativeMethodAccessorImpl.invoke(NativeMethodAccessorImpl.java:62)
	at sun.reflect.DelegatingMethodAccessorImpl.invoke(DelegatingMethodAccessorImpl.java:43)
	at java.lang.reflect.Method.invoke(Method.java:483)
	at org.junit.runners.model.FrameworkMethod$1.runReflectiveCall(FrameworkMethod.java:50)
	at org.junit.internal.runners.model.ReflectiveCallable.run(ReflectiveCallable.java:12)
	at org.junit.runners.model.FrameworkMethod.invokeExplosively(FrameworkMethod.java:47)
	at org.junit.internal.runners.statements.InvokeMethod.evaluate(InvokeMethod.java:17)
	at org.junit.internal.runners.statements.RunBefores.evaluate(RunBefores.java:26)
	at okhttp3.mockwebserver.MockWebServer$2.evaluate(MockWebServer.java:154)
	at org.junit.rules.RunRules.evaluate(RunRules.java:20)
	at org.junit.runners.ParentRunner.runLeaf(ParentRunner.java:325)
	at org.junit.runners.BlockJUnit4ClassRunner.runChild(BlockJUnit4ClassRunner.java:78)
	at org.junit.runners.BlockJUnit4ClassRunner.runChild(BlockJUnit4ClassRunner.java:57)
	at org.junit.runners.ParentRunner$3.run(ParentRunner.java:290)
	at org.junit.runners.ParentRunner$1.schedule(ParentRunner.java:71)
	at org.junit.runners.ParentRunner.runChildren(ParentRunner.java:288)
	at org.junit.runners.ParentRunner.access$000(ParentRunner.java:58)
	at org.junit.runners.ParentRunner$2.evaluate(ParentRunner.java:268)
	at org.junit.runners.ParentRunner.run(ParentRunner.java:363)
	at org.apache.maven.surefire.junit4.JUnit4Provider.execute(JUnit4Provider.java:252)
	at org.apache.maven.surefire.junit4.JUnit4Provider.executeTestSet(JUnit4Provider.java:141)
	at org.apache.maven.surefire.junit4.JUnit4Provider.invoke(JUnit4Provider.java:112)
	at sun.reflect.NativeMethodAccessorImpl.invoke0(Native Method)
	at sun.reflect.NativeMethodAccessorImpl.invoke(NativeMethodAccessorImpl.java:62)
	at sun.reflect.DelegatingMethodAccessorImpl.invoke(DelegatingMethodAccessorImpl.java:43)
	at java.lang.reflect.Method.invoke(Method.java:483)
	at org.apache.maven.surefire.util.ReflectionUtils.invokeMethodWithArray(ReflectionUtils.java:189)
	at org.apache.maven.surefire.booter.ProviderFactory$ProviderProxy.invoke(ProviderFactory.java:165)
	at org.apache.maven.surefire.booter.ProviderFactory.invokeProvider(ProviderFactory.java:85)
	at org.apache.maven.surefire.booter.ForkedBooter.runSuitesInProcess(ForkedBooter.java:115)
	at org.apache.maven.surefire.booter.ForkedBooter.main(ForkedBooter.java:75)


Results :

Failed tests:   deserializeWrongClass(retrofit2.ProtoConverterFactoryTest): (..)
  deserializeWrongType(retrofit2.ProtoConverterFactoryTest): (..)

Tests run: 5, Failures: 2, Errors: 0, Skipped: 0

[INFO] ------------------------------------------------------------------------
[INFO] Reactor Summary:
[INFO] 
[INFO] Retrofit (Parent) .................................. SUCCESS [  1.754 s]
[INFO] Retrofit ........................................... SUCCESS [ 18.753 s]
[INFO] Adapters ........................................... SUCCESS [  0.176 s]
[INFO] Adapter: RxJava .................................... SUCCESS [  3.457 s]
[INFO] Converters ......................................... SUCCESS [  0.164 s]
[INFO] Converter: Gson .................................... SUCCESS [  2.184 s]
[INFO] Converter: Protocol Buffers ........................ FAILURE [  1.257 s]
[INFO] Converter: Jackson ................................. SKIPPED
[INFO] Converter: Wire Protocol Buffers ................... SKIPPED
[INFO] Converter: SimpleXML ............................... SKIPPED
[INFO] Converter: Java Scalars ............................ SKIPPED
[INFO] Converter: Moshi ................................... SKIPPED
[INFO] Retrofit Mock Adapter .............................. SKIPPED
[INFO] Samples ............................................ SKIPPED
[INFO] ------------------------------------------------------------------------
[INFO] BUILD FAILURE
[INFO] ------------------------------------------------------------------------
[INFO] Total time: 28.079 s
[INFO] Finished at: 2016-01-24T06:15:03+00:00
[INFO] Final Memory: 27M/355M
[INFO] ------------------------------------------------------------------------
[ERROR] Failed to execute goal org.apache.maven.plugins:maven-surefire-plugin:2.12.4:test (default-test) on project converter-protobuf: There are test failures.
[ERROR] 
[ERROR] Please refer to /home/travis/build/square/retrofit/retrofit-converters/protobuf/target/surefire-reports for the individual test results.
[ERROR] -> [Help 1]
[ERROR] 
[ERROR] To see the full stack trace of the errors, re-run Maven with the -e switch.
[ERROR] Re-run Maven using the -X switch to enable full debug logging.
[ERROR] 
[ERROR] For more information about the errors and possible solutions, please read the following articles:
[ERROR] [Help 1] http://cwiki.apache.org/confluence/display/MAVEN/MojoFailureException
[ERROR] 
[ERROR] After correcting the problems, you can resume the build with the command
[ERROR]   mvn <goals> -rf :converter-protobuf

travis_time:end:2aab1999:start=1453616073413912962,finish=1453616103676216127,duration=30262303165[0K
[31;1mThe command "mvn test -B" exited with 1.[0m
travis_fold:start:cache.2[0Kstore build cache
travis_time:start:0f9b20b0[0K
travis_time:end:0f9b20b0:start=1453616103680473468,finish=1453616103683742646,duration=3269178[0Ktravis_time:start:0c02c857[0K[32;1mchange detected:
/home/travis/.m2/repository/com/squareup/retrofit2/adapter-rxjava/2.0.0-SNAPSHOT/adapter-rxjava-2.0.0-SNAPSHOT.jar
/home/travis/.m2/repository/com/squareup/retrofit2/adapter-rxjava/2.0.0-SNAPSHOT/maven-metadata-local.xml
/home/travis/.m2/repository/com/squareup/retrofit2/adapter-rxjava/2.0.0-SNAPSHOT/_remote.repositories
/home/travis/.m2/repository/com/squareup/retrofit2/adapter-rxjava/maven-metadata-local.xml
/home/travis/.m2/repository/com/squareup/retrofit2/converter-gson/2.0.0-SNAPSHOT/converter-gson-2.0.0-SNAPSHOT.jar
/home/travis/.m2/repository/com/squareup/retrofit2/converter-gson/2.0.0-SNAPSHOT/maven-metadata-local.xml
/home/travis/.m2/repository/com/squareup/retrofit2/converter-gson/2.0.0-SNAPSHOT/_remote.repositories
/home/travis/.m2/repository/com/squareup/retrofit2/converter-gson/maven-metadata-local.xml
/home/travis/.m2/repository/com/squareup/retrofit2/converter-jackson/2.0.0-SNAPSHOT/converter-jackson-2.0.0-SNAPSHOT.jar
/home/travis/.m2/repository/com/squareup/retrofit2/c
[0m
[32;1m...
[0m
[32;1mchanges detected, packing new archive[0m
[32;1muploading archive[0m

travis_time:end:0c02c857:start=1453616103687635606,finish=1453616114446138947,duration=10758503341[0Ktravis_fold:end:cache.2[0K
Done. Your build exited with 1.
