Using worker: worker-linux-docker-d17231fe.prod.travis-ci.org:travis-linux-6

travis_fold:start:system_info[0K[33;1mBuild system information[0m
Build language: java
[34m[1mBuild image provisioning date and time[0m
Thu Feb  5 15:09:33 UTC 2015
[34m[1mOperating System Details[0m
Distributor ID:	Ubuntu
Description:	Ubuntu 12.04.5 LTS
Release:	12.04
Codename:	precise
[34m[1mLinux Version[0m
3.13.0-29-generic
[34m[1mCookbooks Version[0m
a68419e https://github.com/travis-ci/travis-cookbooks/tree/a68419e
[34m[1mGCC version[0m
gcc (Ubuntu/Linaro 4.6.3-1ubuntu5) 4.6.3
Copyright (C) 2011 Free Software Foundation, Inc.
This is free software; see the source for copying conditions.  There is NO
warranty; not even for MERCHANTABILITY or FITNESS FOR A PARTICULAR PURPOSE.

[34m[1mLLVM version[0m
clang version 3.4 (tags/RELEASE_34/final)
Target: x86_64-unknown-linux-gnu
Thread model: posix
[34m[1mPre-installed Ruby versions[0m
ruby-1.9.3-p551
[34m[1mPre-installed Node.js versions[0m
v0.10.36
[34m[1mPre-installed Go versions[0m
1.4.1
[34m[1mRedis version[0m
redis-server 2.8.19
[34m[1mriak version[0m
2.0.2
[34m[1mMongoDB version[0m
MongoDB 2.4.12
[34m[1mCouchDB version[0m
couchdb 1.6.1
[34m[1mNeo4j version[0m
1.9.4
[34m[1mRabbitMQ Version[0m
3.4.3
[34m[1mElasticSearch version[0m
1.4.0
[34m[1mInstalled Sphinx versions[0m
2.0.10
2.1.9
2.2.6
[34m[1mDefault Sphinx version[0m
2.2.6
[34m[1mInstalled Firefox version[0m
firefox 31.0esr
[34m[1mPhantomJS version[0m
1.9.8
[34m[1mant -version[0m
Apache Ant(TM) version 1.8.2 compiled on December 3 2011
[34m[1mmvn -version[0m
Apache Maven 3.2.5 (12a6b3acb947671f09b81f49094c53f426d8cea1; 2014-12-14T17:29:23+00:00)
Maven home: /usr/local/maven
Java version: 1.7.0_76, vendor: Oracle Corporation
Java home: /usr/lib/jvm/java-7-oracle/jre
Default locale: en_US, platform encoding: ANSI_X3.4-1968
OS name: "linux", version: "3.13.0-29-generic", arch: "amd64", family: "unix"
travis_fold:end:system_info[0K
travis_fold:start:git.checkout[0Ktravis_time:start:1c401a7a[0K$ git clone --depth=50 --branch=mattp/serializable git://github.com/square/wire.git square/wire
Cloning into 'square/wire'...
remote: Counting objects: 1192, done.[K
remote: Compressing objects:   0% (1/599)   [Kremote: Compressing objects:   1% (6/599)   [Kremote: Compressing objects:   2% (12/599)   [Kremote: Compressing objects:   3% (18/599)   [Kremote: Compressing objects:   4% (24/599)   [Kremote: Compressing objects:   5% (30/599)   [Kremote: Compressing objects:   6% (36/599)   [Kremote: Compressing objects:   7% (42/599)   [Kremote: Compressing objects:   8% (48/599)   [Kremote: Compressing objects:   9% (54/599)   [Kremote: Compressing objects:  10% (60/599)   [Kremote: Compressing objects:  11% (66/599)   [Kremote: Compressing objects:  12% (72/599)   [Kremote: Compressing objects:  13% (78/599)   [Kremote: Compressing objects:  14% (84/599)   [Kremote: Compressing objects:  15% (90/599)   [Kremote: Compressing objects:  16% (96/599)   [Kremote: Compressing objects:  17% (102/599)   [Kremote: Compressing objects:  18% (108/599)   [Kremote: Compressing objects:  19% (114/599)   [Kremote: Compressing objects:  20% (120/599)   [Kremote: Compressing objects:  21% (126/599)   [Kremote: Compressing objects:  22% (132/599)   [Kremote: Compressing objects:  23% (138/599)   [Kremote: Compressing objects:  24% (144/599)   [Kremote: Compressing objects:  25% (150/599)   [Kremote: Compressing objects:  26% (156/599)   [Kremote: Compressing objects:  27% (162/599)   [Kremote: Compressing objects:  28% (168/599)   [Kremote: Compressing objects:  29% (174/599)   [Kremote: Compressing objects:  30% (180/599)   [Kremote: Compressing objects:  31% (186/599)   [Kremote: Compressing objects:  32% (192/599)   [Kremote: Compressing objects:  33% (198/599)   [Kremote: Compressing objects:  34% (204/599)   [Kremote: Compressing objects:  35% (210/599)   [Kremote: Compressing objects:  36% (216/599)   [Kremote: Compressing objects:  37% (222/599)   [Kremote: Compressing objects:  38% (228/599)   [Kremote: Compressing objects:  39% (234/599)   [Kremote: Compressing objects:  40% (240/599)   [Kremote: Compressing objects:  41% (246/599)   [Kremote: Compressing objects:  42% (252/599)   [Kremote: Compressing objects:  43% (258/599)   [Kremote: Compressing objects:  44% (264/599)   [Kremote: Compressing objects:  45% (270/599)   [Kremote: Compressing objects:  46% (276/599)   [Kremote: Compressing objects:  47% (282/599)   [Kremote: Compressing objects:  48% (288/599)   [Kremote: Compressing objects:  49% (294/599)   [Kremote: Compressing objects:  50% (300/599)   [Kremote: Compressing objects:  51% (306/599)   [Kremote: Compressing objects:  52% (312/599)   [Kremote: Compressing objects:  53% (318/599)   [Kremote: Compressing objects:  54% (324/599)   [Kremote: Compressing objects:  55% (330/599)   [Kremote: Compressing objects:  56% (336/599)   [Kremote: Compressing objects:  57% (342/599)   [Kremote: Compressing objects:  58% (348/599)   [Kremote: Compressing objects:  59% (354/599)   [Kremote: Compressing objects:  60% (360/599)   [Kremote: Compressing objects:  61% (366/599)   [Kremote: Compressing objects:  62% (372/599)   [Kremote: Compressing objects:  63% (378/599)   [Kremote: Compressing objects:  64% (384/599)   [Kremote: Compressing objects:  65% (390/599)   [Kremote: Compressing objects:  66% (396/599)   [Kremote: Compressing objects:  67% (402/599)   [Kremote: Compressing objects:  68% (408/599)   [Kremote: Compressing objects:  69% (414/599)   [Kremote: Compressing objects:  70% (420/599)   [Kremote: Compressing objects:  71% (426/599)   [Kremote: Compressing objects:  72% (432/599)   [Kremote: Compressing objects:  73% (438/599)   [Kremote: Compressing objects:  74% (444/599)   [Kremote: Compressing objects:  75% (450/599)   [Kremote: Compressing objects:  76% (456/599)   [Kremote: Compressing objects:  77% (462/599)   [Kremote: Compressing objects:  78% (468/599)   [Kremote: Compressing objects:  79% (474/599)   [Kremote: Compressing objects:  80% (480/599)   [Kremote: Compressing objects:  81% (486/599)   [Kremote: Compressing objects:  82% (492/599)   [Kremote: Compressing objects:  83% (498/599)   [Kremote: Compressing objects:  84% (504/599)   [Kremote: Compressing objects:  85% (510/599)   [Kremote: Compressing objects:  86% (516/599)   [Kremote: Compressing objects:  87% (522/599)   [Kremote: Compressing objects:  88% (528/599)   [Kremote: Compressing objects:  89% (534/599)   [Kremote: Compressing objects:  90% (540/599)   [Kremote: Compressing objects:  91% (546/599)   [Kremote: Compressing objects:  92% (552/599)   [Kremote: Compressing objects:  93% (558/599)   [Kremote: Compressing objects:  94% (564/599)   [Kremote: Compressing objects:  95% (570/599)   [Kremote: Compressing objects:  96% (576/599)   [Kremote: Compressing objects:  97% (582/599)   [Kremote: Compressing objects:  98% (588/599)   [Kremote: Compressing objects:  99% (594/599)   [Kremote: Compressing objects: 100% (599/599)   [Kremote: Compressing objects: 100% (599/599), done.[K
Receiving objects:   0% (1/1192)   Receiving objects:   1% (12/1192)   Receiving objects:   2% (24/1192)   Receiving objects:   3% (36/1192)   Receiving objects:   4% (48/1192)   Receiving objects:   5% (60/1192)   Receiving objects:   6% (72/1192)   Receiving objects:   7% (84/1192)   Receiving objects:   8% (96/1192)   Receiving objects:   9% (108/1192)   Receiving objects:  10% (120/1192)   Receiving objects:  11% (132/1192)   Receiving objects:  12% (144/1192)   Receiving objects:  13% (155/1192)   Receiving objects:  14% (167/1192)   Receiving objects:  15% (179/1192)   Receiving objects:  16% (191/1192)   Receiving objects:  17% (203/1192)   Receiving objects:  18% (215/1192)   Receiving objects:  19% (227/1192)   Receiving objects:  20% (239/1192)   Receiving objects:  21% (251/1192)   Receiving objects:  22% (263/1192)   Receiving objects:  23% (275/1192)   Receiving objects:  24% (287/1192)   Receiving objects:  25% (298/1192)   Receiving objects:  26% (310/1192)   Receiving objects:  27% (322/1192)   Receiving objects:  28% (334/1192)   Receiving objects:  29% (346/1192)   Receiving objects:  30% (358/1192)   Receiving objects:  31% (370/1192)   Receiving objects:  32% (382/1192)   Receiving objects:  33% (394/1192)   Receiving objects:  34% (406/1192)   Receiving objects:  35% (418/1192)   Receiving objects:  36% (430/1192)   Receiving objects:  37% (442/1192)   Receiving objects:  38% (453/1192)   Receiving objects:  39% (465/1192)   Receiving objects:  40% (477/1192)   Receiving objects:  41% (489/1192)   Receiving objects:  42% (501/1192)   Receiving objects:  43% (513/1192)   Receiving objects:  44% (525/1192)   Receiving objects:  45% (537/1192)   Receiving objects:  46% (549/1192)   Receiving objects:  47% (561/1192)   Receiving objects:  48% (573/1192)   Receiving objects:  49% (585/1192)   Receiving objects:  50% (596/1192)   Receiving objects:  51% (608/1192)   Receiving objects:  52% (620/1192)   Receiving objects:  53% (632/1192)   Receiving objects:  54% (644/1192)   Receiving objects:  55% (656/1192)   Receiving objects:  56% (668/1192)   Receiving objects:  57% (680/1192)   Receiving objects:  58% (692/1192)   Receiving objects:  59% (704/1192)   Receiving objects:  60% (716/1192)   Receiving objects:  61% (728/1192)   Receiving objects:  62% (740/1192)   Receiving objects:  63% (751/1192)   Receiving objects:  64% (763/1192)   Receiving objects:  65% (775/1192)   Receiving objects:  66% (787/1192)   Receiving objects:  67% (799/1192)   Receiving objects:  68% (811/1192)   remote: Total 1192 (delta 451), reused 1013 (delta 323), pack-reused 0[K
Receiving objects:  69% (823/1192)   Receiving objects:  70% (835/1192)   Receiving objects:  71% (847/1192)   Receiving objects:  72% (859/1192)   Receiving objects:  73% (871/1192)   Receiving objects:  74% (883/1192)   Receiving objects:  75% (894/1192)   Receiving objects:  76% (906/1192)   Receiving objects:  77% (918/1192)   Receiving objects:  78% (930/1192)   Receiving objects:  79% (942/1192)   Receiving objects:  80% (954/1192)   Receiving objects:  81% (966/1192)   Receiving objects:  82% (978/1192)   Receiving objects:  83% (990/1192)   Receiving objects:  84% (1002/1192)   Receiving objects:  85% (1014/1192)   Receiving objects:  86% (1026/1192)   Receiving objects:  87% (1038/1192)   Receiving objects:  88% (1049/1192)   Receiving objects:  89% (1061/1192)   Receiving objects:  90% (1073/1192)   Receiving objects:  91% (1085/1192)   Receiving objects:  92% (1097/1192)   Receiving objects:  93% (1109/1192)   Receiving objects:  94% (1121/1192)   Receiving objects:  95% (1133/1192)   Receiving objects:  96% (1145/1192)   Receiving objects:  97% (1157/1192)   Receiving objects:  98% (1169/1192)   Receiving objects:  99% (1181/1192)   Receiving objects: 100% (1192/1192)   Receiving objects: 100% (1192/1192), 286.58 KiB | 0 bytes/s, done.
Resolving deltas:   0% (0/451)   Resolving deltas:   1% (5/451)   Resolving deltas:   2% (10/451)   Resolving deltas:   3% (16/451)   Resolving deltas:   4% (22/451)   Resolving deltas:   5% (23/451)   Resolving deltas:   9% (41/451)   Resolving deltas:  18% (85/451)   Resolving deltas:  20% (93/451)   Resolving deltas:  21% (98/451)   Resolving deltas:  23% (104/451)   Resolving deltas:  24% (112/451)   Resolving deltas:  25% (113/451)   Resolving deltas:  27% (124/451)   Resolving deltas:  28% (129/451)   Resolving deltas:  30% (136/451)   Resolving deltas:  32% (148/451)   Resolving deltas:  33% (150/451)   Resolving deltas:  36% (165/451)   Resolving deltas:  37% (167/451)   Resolving deltas:  38% (175/451)   Resolving deltas:  40% (184/451)   Resolving deltas:  41% (186/451)   Resolving deltas:  42% (190/451)   Resolving deltas:  43% (198/451)   Resolving deltas:  44% (201/451)   Resolving deltas:  45% (207/451)   Resolving deltas:  46% (208/451)   Resolving deltas:  47% (215/451)   Resolving deltas:  48% (218/451)   Resolving deltas:  60% (271/451)   Resolving deltas:  61% (278/451)   Resolving deltas:  62% (280/451)   Resolving deltas:  63% (287/451)   Resolving deltas:  70% (317/451)   Resolving deltas:  71% (323/451)   Resolving deltas:  73% (330/451)   Resolving deltas:  74% (334/451)   Resolving deltas:  76% (346/451)   Resolving deltas:  77% (348/451)   Resolving deltas:  78% (352/451)   Resolving deltas:  79% (357/451)   Resolving deltas:  80% (363/451)   Resolving deltas:  81% (366/451)   Resolving deltas:  83% (375/451)   Resolving deltas:  92% (416/451)   Resolving deltas:  94% (425/451)   Resolving deltas:  95% (429/451)   Resolving deltas:  98% (442/451)   Resolving deltas:  99% (449/451)   Resolving deltas: 100% (451/451)   Resolving deltas: 100% (451/451), done.
Checking connectivity... done.
travis_time:end:1c401a7a:start=1425584434024721624,finish=1425584434225637510,duration=200915886[0K$ cd square/wire
$ git checkout -qf 62232259ed0643aceb8ee62b7e2c46431545c796
travis_fold:end:git.checkout[0K
[33;1mThis job is running on container-based infrastructure, which does not allow use of 'sudo', setuid and setguid executables.[0m
[33;1mSee http://docs.travis-ci.com/user/workers/container-based-infrastructure/ for details.[0m

[33;1mSetting environment variables from .travis.yml[0m
$ export CI_DEPLOY_USERNAME=[secure]
$ export CI_DEPLOY_PASSWORD=[secure]

travis_fold:start:cache.1[0KSetting up build cache
$ export CASHER_DIR=$HOME/.casher
travis_time:start:25a5da2a[0K$ Installing caching utilities
travis_time:end:25a5da2a:start=1425584435890711945,finish=1425584435943076474,duration=52364529[0Ktravis_time:start:0835daab[0Kattempting to download cache archive
found cache
travis_time:end:0835daab:start=1425584435947593395,finish=1425584438129508495,duration=2181915100[0Ktravis_time:start:04282194[0Kadding /home/travis/.m2 to cache
travis_time:end:04282194:start=1425584438133337219,finish=1425584440271171048,duration=2137833829[0Ktravis_fold:end:cache.1[0K$ jdk_switcher use oraclejdk8
Switching to Oracle JDK8 (java-8-oracle), JAVA_HOME will be set to /usr/lib/jvm/java-8-oracle
$ java -version
java version "1.8.0_31"
Java(TM) SE Runtime Environment (build 1.8.0_31-b13)
Java HotSpot(TM) 64-Bit Server VM (build 25.31-b07, mixed mode)
$ javac -version
javac 1.8.0_31
travis_fold:start:install[0Ktravis_time:start:0266bc20[0K$ mvn install -DskipTests=true -Dmaven.javadoc.skip=true -B -V
Java HotSpot(TM) 64-Bit Server VM warning: ignoring option MaxPermSize=192m; support was removed in 8.0
Apache Maven 3.2.5 (12a6b3acb947671f09b81f49094c53f426d8cea1; 2014-12-14T17:29:23+00:00)
Maven home: /usr/local/maven
Java version: 1.8.0_31, vendor: Oracle Corporation
Java home: /usr/lib/jvm/java-8-oracle/jre
Default locale: en_US, platform encoding: UTF-8
OS name: "linux", version: "3.13.0-40-generic", arch: "amd64", family: "unix"
[INFO] Scanning for projects...
[INFO] ------------------------------------------------------------------------
[INFO] Reactor Build Order:
[INFO] 
[INFO] Wire Protocol Buffers
[INFO] Wire Protocol Buffer Runtime
[INFO] Wire Protocol Buffer Compiler
[INFO] Wire Protocol Buffer Gson Support
[INFO] Wire Protocol Buffer Maven Plugin
[INFO]                                                                         
[INFO] ------------------------------------------------------------------------
[INFO] Building Wire Protocol Buffers 1.6.2-SNAPSHOT
[INFO] ------------------------------------------------------------------------
[INFO] 
[INFO] --- maven-enforcer-plugin:1.0:enforce (enforce-maven) @ wire ---
[INFO] 
[INFO] --- maven-checkstyle-plugin:2.10:checkstyle (default) @ wire ---
[INFO] 
[INFO] --- maven-install-plugin:2.4:install (default-install) @ wire ---
[INFO] Installing /home/travis/build/square/wire/pom.xml to /home/travis/.m2/repository/com/squareup/wire/wire/1.6.2-SNAPSHOT/wire-1.6.2-SNAPSHOT.pom
[INFO]                                                                         
[INFO] ------------------------------------------------------------------------
[INFO] Building Wire Protocol Buffer Runtime 1.6.2-SNAPSHOT
[INFO] ------------------------------------------------------------------------
[INFO] 
[INFO] --- maven-enforcer-plugin:1.0:enforce (enforce-maven) @ wire-runtime ---
[INFO] 
[INFO] --- maven-resources-plugin:2.6:resources (default-resources) @ wire-runtime ---
[INFO] Using 'UTF-8' encoding to copy filtered resources.
[INFO] skip non existing resourceDirectory /home/travis/build/square/wire/wire-runtime/src/main/resources
[INFO] 
[INFO] --- maven-compiler-plugin:3.1:compile (default-compile) @ wire-runtime ---
[INFO] Changes detected - recompiling the module!
[INFO] Compiling 20 source files to /home/travis/build/square/wire/wire-runtime/target/classes
[WARNING] /home/travis/build/square/wire/wire-runtime/src/main/java/com/squareup/wire/Wire.java: Some input files use unchecked or unsafe operations.
[WARNING] /home/travis/build/square/wire/wire-runtime/src/main/java/com/squareup/wire/Wire.java: Recompile with -Xlint:unchecked for details.
[INFO] 
[INFO] --- maven-resources-plugin:2.6:testResources (default-testResources) @ wire-runtime ---
[INFO] Using 'UTF-8' encoding to copy filtered resources.
[INFO] skip non existing resourceDirectory /home/travis/build/square/wire/wire-runtime/src/test/resources
[INFO] 
[INFO] --- maven-compiler-plugin:3.1:testCompile (default-testCompile) @ wire-runtime ---
[INFO] Changes detected - recompiling the module!
[INFO] Compiling 82 source files to /home/travis/build/square/wire/wire-runtime/target/test-classes
[WARNING] /home/travis/build/square/wire/wire-runtime/src/test/java/com/squareup/wire/WireTest.java: /home/travis/build/square/wire/wire-runtime/src/test/java/com/squareup/wire/WireTest.java uses or overrides a deprecated API.
[WARNING] /home/travis/build/square/wire/wire-runtime/src/test/java/com/squareup/wire/WireTest.java: Recompile with -Xlint:deprecation for details.
[INFO] 
[INFO] --- maven-surefire-plugin:2.12.4:test (default-test) @ wire-runtime ---
[INFO] Tests are skipped.
[INFO] 
[INFO] --- maven-jar-plugin:2.4:jar (default-jar) @ wire-runtime ---
[INFO] Building jar: /home/travis/build/square/wire/wire-runtime/target/wire-runtime-1.6.2-SNAPSHOT.jar
[INFO] 
[INFO] --- maven-checkstyle-plugin:2.10:checkstyle (default) @ wire-runtime ---
[INFO] Starting audit...
Audit done.

[WARNING] Unable to locate Source XRef to link to - DISABLED
[INFO] 
[INFO] --- maven-install-plugin:2.4:install (default-install) @ wire-runtime ---
[INFO] Installing /home/travis/build/square/wire/wire-runtime/target/wire-runtime-1.6.2-SNAPSHOT.jar to /home/travis/.m2/repository/com/squareup/wire/wire-runtime/1.6.2-SNAPSHOT/wire-runtime-1.6.2-SNAPSHOT.jar
[INFO] Installing /home/travis/build/square/wire/wire-runtime/pom.xml to /home/travis/.m2/repository/com/squareup/wire/wire-runtime/1.6.2-SNAPSHOT/wire-runtime-1.6.2-SNAPSHOT.pom
[INFO]                                                                         
[INFO] ------------------------------------------------------------------------
[INFO] Building Wire Protocol Buffer Compiler 1.6.2-SNAPSHOT
[INFO] ------------------------------------------------------------------------
[INFO] 
[INFO] --- maven-enforcer-plugin:1.0:enforce (enforce-maven) @ wire-compiler ---
[INFO] 
[INFO] --- maven-resources-plugin:2.6:resources (default-resources) @ wire-compiler ---
[INFO] Using 'UTF-8' encoding to copy filtered resources.
[INFO] skip non existing resourceDirectory /home/travis/build/square/wire/wire-compiler/src/main/resources
[INFO] 
[INFO] --- maven-compiler-plugin:3.1:compile (default-compile) @ wire-compiler ---
[INFO] Changes detected - recompiling the module!
[INFO] Compiling 18 source files to /home/travis/build/square/wire/wire-compiler/target/classes
[INFO] 
[INFO] --- maven-resources-plugin:2.6:testResources (default-testResources) @ wire-compiler ---
[INFO] Using 'UTF-8' encoding to copy filtered resources.
[INFO] skip non existing resourceDirectory /home/travis/build/square/wire/wire-compiler/src/test/resources
[INFO] 
[INFO] --- maven-compiler-plugin:3.1:testCompile (default-testCompile) @ wire-compiler ---
[INFO] Changes detected - recompiling the module!
[INFO] Compiling 6 source files to /home/travis/build/square/wire/wire-compiler/target/test-classes
[INFO] 
[INFO] --- maven-surefire-plugin:2.12.4:test (default-test) @ wire-compiler ---
[INFO] Tests are skipped.
[INFO] 
[INFO] --- maven-jar-plugin:2.4:jar (default-jar) @ wire-compiler ---
[INFO] Building jar: /home/travis/build/square/wire/wire-compiler/target/wire-compiler-1.6.2-SNAPSHOT.jar
[INFO] 
[INFO] --- maven-assembly-plugin:2.2-beta-5:single (default) @ wire-compiler ---
[INFO] META-INF/ already added, skipping
[INFO] META-INF/MANIFEST.MF already added, skipping
[INFO] META-INF/maven/ already added, skipping
[INFO] META-INF/ already added, skipping
[INFO] META-INF/MANIFEST.MF already added, skipping
[INFO] com/ already added, skipping
[INFO] com/squareup/ already added, skipping
[INFO] META-INF/maven/ already added, skipping
[INFO] META-INF/ already added, skipping
[INFO] META-INF/MANIFEST.MF already added, skipping
[INFO] com/ already added, skipping
[INFO] com/squareup/ already added, skipping
[INFO] META-INF/maven/ already added, skipping
[INFO] META-INF/maven/com.squareup/ already added, skipping
[INFO] Building jar: /home/travis/build/square/wire/wire-compiler/target/wire-compiler-1.6.2-SNAPSHOT-jar-with-dependencies.jar
[INFO] META-INF/ already added, skipping
[INFO] META-INF/MANIFEST.MF already added, skipping
[INFO] META-INF/maven/ already added, skipping
[INFO] META-INF/ already added, skipping
[INFO] META-INF/MANIFEST.MF already added, skipping
[INFO] com/ already added, skipping
[INFO] com/squareup/ already added, skipping
[INFO] META-INF/maven/ already added, skipping
[INFO] META-INF/ already added, skipping
[INFO] META-INF/MANIFEST.MF already added, skipping
[INFO] com/ already added, skipping
[INFO] com/squareup/ already added, skipping
[INFO] META-INF/maven/ already added, skipping
[INFO] META-INF/maven/com.squareup/ already added, skipping
[INFO] 
[INFO] --- maven-checkstyle-plugin:2.10:checkstyle (default) @ wire-compiler ---
[INFO] Starting audit...
Audit done.

[WARNING] Unable to locate Source XRef to link to - DISABLED
[INFO] 
[INFO] --- maven-install-plugin:2.4:install (default-install) @ wire-compiler ---
[INFO] Installing /home/travis/build/square/wire/wire-compiler/target/wire-compiler-1.6.2-SNAPSHOT.jar to /home/travis/.m2/repository/com/squareup/wire/wire-compiler/1.6.2-SNAPSHOT/wire-compiler-1.6.2-SNAPSHOT.jar
[INFO] Installing /home/travis/build/square/wire/wire-compiler/pom.xml to /home/travis/.m2/repository/com/squareup/wire/wire-compiler/1.6.2-SNAPSHOT/wire-compiler-1.6.2-SNAPSHOT.pom
[INFO] Installing /home/travis/build/square/wire/wire-compiler/target/wire-compiler-1.6.2-SNAPSHOT-jar-with-dependencies.jar to /home/travis/.m2/repository/com/squareup/wire/wire-compiler/1.6.2-SNAPSHOT/wire-compiler-1.6.2-SNAPSHOT-jar-with-dependencies.jar
[INFO]                                                                         
[INFO] ------------------------------------------------------------------------
[INFO] Building Wire Protocol Buffer Gson Support 1.6.2-SNAPSHOT
[INFO] ------------------------------------------------------------------------
[INFO] 
[INFO] --- maven-enforcer-plugin:1.0:enforce (enforce-maven) @ wire-gson-support ---
[INFO] 
[INFO] --- maven-resources-plugin:2.6:resources (default-resources) @ wire-gson-support ---
[INFO] Using 'UTF-8' encoding to copy filtered resources.
[INFO] skip non existing resourceDirectory /home/travis/build/square/wire/wire-gson-support/src/main/resources
[INFO] 
[INFO] --- maven-compiler-plugin:3.1:compile (default-compile) @ wire-gson-support ---
[INFO] Changes detected - recompiling the module!
[INFO] Compiling 3 source files to /home/travis/build/square/wire/wire-gson-support/target/classes
[INFO] 
[INFO] --- maven-resources-plugin:2.6:testResources (default-testResources) @ wire-gson-support ---
[INFO] Using 'UTF-8' encoding to copy filtered resources.
[INFO] skip non existing resourceDirectory /home/travis/build/square/wire/wire-gson-support/src/test/resources
[INFO] 
[INFO] --- maven-compiler-plugin:3.1:testCompile (default-testCompile) @ wire-gson-support ---
[INFO] Changes detected - recompiling the module!
[INFO] Compiling 3 source files to /home/travis/build/square/wire/wire-gson-support/target/test-classes
[INFO] 
[INFO] --- maven-surefire-plugin:2.12.4:test (default-test) @ wire-gson-support ---
[INFO] Tests are skipped.
[INFO] 
[INFO] --- maven-jar-plugin:2.4:jar (default-jar) @ wire-gson-support ---
[INFO] Building jar: /home/travis/build/square/wire/wire-gson-support/target/wire-gson-support-1.6.2-SNAPSHOT.jar
[INFO] 
[INFO] --- maven-checkstyle-plugin:2.10:checkstyle (default) @ wire-gson-support ---
[INFO] Starting audit...
Audit done.

[WARNING] Unable to locate Source XRef to link to - DISABLED
[INFO] 
[INFO] --- maven-install-plugin:2.4:install (default-install) @ wire-gson-support ---
[INFO] Installing /home/travis/build/square/wire/wire-gson-support/target/wire-gson-support-1.6.2-SNAPSHOT.jar to /home/travis/.m2/repository/com/squareup/wire/wire-gson-support/1.6.2-SNAPSHOT/wire-gson-support-1.6.2-SNAPSHOT.jar
[INFO] Installing /home/travis/build/square/wire/wire-gson-support/pom.xml to /home/travis/.m2/repository/com/squareup/wire/wire-gson-support/1.6.2-SNAPSHOT/wire-gson-support-1.6.2-SNAPSHOT.pom
[INFO]                                                                         
[INFO] ------------------------------------------------------------------------
[INFO] Building Wire Protocol Buffer Maven Plugin 1.6.2-SNAPSHOT
[INFO] ------------------------------------------------------------------------
[INFO] 
[INFO] --- maven-enforcer-plugin:1.0:enforce (enforce-maven) @ wire-maven-plugin ---
[INFO] 
[INFO] --- maven-plugin-plugin:3.2:helpmojo (help-goal) @ wire-maven-plugin ---
[INFO] Using 'UTF-8' encoding to read mojo metadata.
[INFO] Applying mojo extractor for language: java
[INFO] Mojo extractor for language: java found 0 mojo descriptors.
[INFO] Applying mojo extractor for language: bsh
[INFO] Mojo extractor for language: bsh found 0 mojo descriptors.
[INFO] Applying mojo extractor for language: java-annotations
[INFO] Mojo extractor for language: java-annotations found 0 mojo descriptors.
[INFO] 
[INFO] --- maven-resources-plugin:2.6:resources (default-resources) @ wire-maven-plugin ---
[INFO] Using 'UTF-8' encoding to copy filtered resources.
[INFO] skip non existing resourceDirectory /home/travis/build/square/wire/wire-maven-plugin/src/main/resources
[INFO] 
[INFO] --- maven-compiler-plugin:3.1:compile (default-compile) @ wire-maven-plugin ---
[INFO] Changes detected - recompiling the module!
[INFO] Compiling 2 source files to /home/travis/build/square/wire/wire-maven-plugin/target/classes
[INFO] 
[INFO] --- maven-plugin-plugin:3.2:descriptor (default-descriptor) @ wire-maven-plugin ---
[INFO] Using 'UTF-8' encoding to read mojo metadata.
[INFO] Applying mojo extractor for language: java
[INFO] Mojo extractor for language: java found 0 mojo descriptors.
[INFO] Applying mojo extractor for language: bsh
[INFO] Mojo extractor for language: bsh found 0 mojo descriptors.
[INFO] Applying mojo extractor for language: java-annotations
[INFO] Mojo extractor for language: java-annotations found 2 mojo descriptors.
[INFO] 
[INFO] --- maven-plugin-plugin:3.2:descriptor (mojo-descriptor) @ wire-maven-plugin ---
[INFO] Using 'UTF-8' encoding to read mojo metadata.
[INFO] Applying mojo extractor for language: java
[INFO] Mojo extractor for language: java found 0 mojo descriptors.
[INFO] Applying mojo extractor for language: bsh
[INFO] Mojo extractor for language: bsh found 0 mojo descriptors.
[INFO] Applying mojo extractor for language: java-annotations
[INFO] Mojo extractor for language: java-annotations found 2 mojo descriptors.
[INFO] 
[INFO] --- maven-resources-plugin:2.6:testResources (default-testResources) @ wire-maven-plugin ---
[INFO] Using 'UTF-8' encoding to copy filtered resources.
[INFO] Copying 3 resources
[INFO] 
[INFO] --- maven-compiler-plugin:3.1:testCompile (default-testCompile) @ wire-maven-plugin ---
[INFO] No sources to compile
[INFO] 
[INFO] --- maven-surefire-plugin:2.12.4:test (default-test) @ wire-maven-plugin ---
[INFO] Tests are skipped.
[INFO] 
[INFO] --- maven-jar-plugin:2.4:jar (default-jar) @ wire-maven-plugin ---
[INFO] Building jar: /home/travis/build/square/wire/wire-maven-plugin/target/wire-maven-plugin-1.6.2-SNAPSHOT.jar
[INFO] 
[INFO] --- maven-plugin-plugin:3.2:addPluginArtifactMetadata (default-addPluginArtifactMetadata) @ wire-maven-plugin ---
[INFO] 
[INFO] --- maven-checkstyle-plugin:2.10:checkstyle (default) @ wire-maven-plugin ---
[INFO] Starting audit...
Audit done.

[WARNING] Unable to locate Source XRef to link to - DISABLED
[INFO] 
[INFO] --- maven-install-plugin:2.4:install (default-install) @ wire-maven-plugin ---
[INFO] Installing /home/travis/build/square/wire/wire-maven-plugin/target/wire-maven-plugin-1.6.2-SNAPSHOT.jar to /home/travis/.m2/repository/com/squareup/wire/wire-maven-plugin/1.6.2-SNAPSHOT/wire-maven-plugin-1.6.2-SNAPSHOT.jar
[INFO] Installing /home/travis/build/square/wire/wire-maven-plugin/pom.xml to /home/travis/.m2/repository/com/squareup/wire/wire-maven-plugin/1.6.2-SNAPSHOT/wire-maven-plugin-1.6.2-SNAPSHOT.pom
[INFO] ------------------------------------------------------------------------
[INFO] Reactor Summary:
[INFO] 
[INFO] Wire Protocol Buffers .............................. SUCCESS [  2.226 s]
[INFO] Wire Protocol Buffer Runtime ....................... SUCCESS [ 12.624 s]
[INFO] Wire Protocol Buffer Compiler ...................... SUCCESS [  5.515 s]
[INFO] Wire Protocol Buffer Gson Support .................. SUCCESS [  1.993 s]
[INFO] Wire Protocol Buffer Maven Plugin .................. SUCCESS [  5.691 s]
[INFO] ------------------------------------------------------------------------
[INFO] BUILD SUCCESS
[INFO] ------------------------------------------------------------------------
[INFO] Total time: 28.253 s
[INFO] Finished at: 2015-03-05T19:41:10+00:00
[INFO] Final Memory: 34M/402M
[INFO] ------------------------------------------------------------------------
travis_time:end:0266bc20:start=1425584440677350933,finish=1425584471953471187,duration=31276120254[0Ktravis_fold:end:install[0Ktravis_time:start:085882a0[0K$ mvn test -B
Java HotSpot(TM) 64-Bit Server VM warning: ignoring option MaxPermSize=192m; support was removed in 8.0
[INFO] Scanning for projects...
[INFO] ------------------------------------------------------------------------
[INFO] Reactor Build Order:
[INFO] 
[INFO] Wire Protocol Buffers
[INFO] Wire Protocol Buffer Runtime
[INFO] Wire Protocol Buffer Compiler
[INFO] Wire Protocol Buffer Gson Support
[INFO] Wire Protocol Buffer Maven Plugin
[INFO]                                                                         
[INFO] ------------------------------------------------------------------------
[INFO] Building Wire Protocol Buffers 1.6.2-SNAPSHOT
[INFO] ------------------------------------------------------------------------
[INFO] 
[INFO] --- maven-enforcer-plugin:1.0:enforce (enforce-maven) @ wire ---
[INFO]                                                                         
[INFO] ------------------------------------------------------------------------
[INFO] Building Wire Protocol Buffer Runtime 1.6.2-SNAPSHOT
[INFO] ------------------------------------------------------------------------
[INFO] 
[INFO] --- maven-enforcer-plugin:1.0:enforce (enforce-maven) @ wire-runtime ---
[INFO] 
[INFO] --- maven-resources-plugin:2.6:resources (default-resources) @ wire-runtime ---
[INFO] Using 'UTF-8' encoding to copy filtered resources.
[INFO] skip non existing resourceDirectory /home/travis/build/square/wire/wire-runtime/src/main/resources
[INFO] 
[INFO] --- maven-compiler-plugin:3.1:compile (default-compile) @ wire-runtime ---
[INFO] Changes detected - recompiling the module!
[INFO] Compiling 20 source files to /home/travis/build/square/wire/wire-runtime/target/classes
[WARNING] /home/travis/build/square/wire/wire-runtime/src/main/java/com/squareup/wire/Wire.java: Some input files use unchecked or unsafe operations.
[WARNING] /home/travis/build/square/wire/wire-runtime/src/main/java/com/squareup/wire/Wire.java: Recompile with -Xlint:unchecked for details.
[INFO] 
[INFO] --- maven-resources-plugin:2.6:testResources (default-testResources) @ wire-runtime ---
[INFO] Using 'UTF-8' encoding to copy filtered resources.
[INFO] skip non existing resourceDirectory /home/travis/build/square/wire/wire-runtime/src/test/resources
[INFO] 
[INFO] --- maven-compiler-plugin:3.1:testCompile (default-testCompile) @ wire-runtime ---
[INFO] Nothing to compile - all classes are up to date
[INFO] 
[INFO] --- maven-surefire-plugin:2.12.4:test (default-test) @ wire-runtime ---
[INFO] Surefire report directory: /home/travis/build/square/wire/wire-runtime/target/surefire-reports

-------------------------------------------------------
 T E S T S
-------------------------------------------------------
Running com.squareup.wire.SerializableTest
Tests run: 4, Failures: 0, Errors: 1, Skipped: 0, Time elapsed: 0.144 sec <<< FAILURE!
decodeGolden(com.squareup.wire.SerializableTest)  Time elapsed: 0.023 sec  <<< ERROR!
java.io.InvalidClassException: com.squareup.wire.MessageSerializedForm; local class incompatible: stream classdesc serialVersionUID = -5247647363964791047, local class serialVersionUID = 6395943899124210643
	at java.io.ObjectStreamClass.initNonProxy(ObjectStreamClass.java:621)
	at java.io.ObjectInputStream.readNonProxyDesc(ObjectInputStream.java:1623)
	at java.io.ObjectInputStream.readClassDesc(ObjectInputStream.java:1518)
	at java.io.ObjectInputStream.readOrdinaryObject(ObjectInputStream.java:1774)
	at java.io.ObjectInputStream.readObject0(ObjectInputStream.java:1351)
	at java.io.ObjectInputStream.readObject(ObjectInputStream.java:371)
	at com.squareup.wire.SerializableTest.decodeGolden(SerializableTest.java:75)
	at sun.reflect.NativeMethodAccessorImpl.invoke0(Native Method)
	at sun.reflect.NativeMethodAccessorImpl.invoke(NativeMethodAccessorImpl.java:62)
	at sun.reflect.DelegatingMethodAccessorImpl.invoke(DelegatingMethodAccessorImpl.java:43)
	at java.lang.reflect.Method.invoke(Method.java:483)
	at org.junit.runners.model.FrameworkMethod$1.runReflectiveCall(FrameworkMethod.java:45)
	at org.junit.internal.runners.model.ReflectiveCallable.run(ReflectiveCallable.java:15)
	at org.junit.runners.model.FrameworkMethod.invokeExplosively(FrameworkMethod.java:42)
	at org.junit.internal.runners.statements.InvokeMethod.evaluate(InvokeMethod.java:20)
	at org.junit.runners.ParentRunner.runLeaf(ParentRunner.java:263)
	at org.junit.runners.BlockJUnit4ClassRunner.runChild(BlockJUnit4ClassRunner.java:68)
	at org.junit.runners.BlockJUnit4ClassRunner.runChild(BlockJUnit4ClassRunner.java:47)
	at org.junit.runners.ParentRunner$3.run(ParentRunner.java:231)
	at org.junit.runners.ParentRunner$1.schedule(ParentRunner.java:60)
	at org.junit.runners.ParentRunner.runChildren(ParentRunner.java:229)
	at org.junit.runners.ParentRunner.access$000(ParentRunner.java:50)
	at org.junit.runners.ParentRunner$2.evaluate(ParentRunner.java:222)
	at org.junit.runners.ParentRunner.run(ParentRunner.java:300)
	at org.apache.maven.surefire.junit4.JUnit4Provider.execute(JUnit4Provider.java:252)
	at org.apache.maven.surefire.junit4.JUnit4Provider.executeTestSet(JUnit4Provider.java:141)
	at org.apache.maven.surefire.junit4.JUnit4Provider.invoke(JUnit4Provider.java:112)
	at sun.reflect.NativeMethodAccessorImpl.invoke0(Native Method)
	at sun.reflect.NativeMethodAccessorImpl.invoke(NativeMethodAccessorImpl.java:62)
	at sun.reflect.DelegatingMethodAccessorImpl.invoke(DelegatingMethodAccessorImpl.java:43)
	at java.lang.reflect.Method.invoke(Method.java:483)
	at org.apache.maven.surefire.util.ReflectionUtils.invokeMethodWithArray(ReflectionUtils.java:189)
	at org.apache.maven.surefire.booter.ProviderFactory$ProviderProxy.invoke(ProviderFactory.java:165)
	at org.apache.maven.surefire.booter.ProviderFactory.invokeProvider(ProviderFactory.java:85)
	at org.apache.maven.surefire.booter.ForkedBooter.runSuitesInProcess(ForkedBooter.java:115)
	at org.apache.maven.surefire.booter.ForkedBooter.main(ForkedBooter.java:75)

Running com.squareup.wire.protobuf.TestAllTypes
Tests run: 19, Failures: 0, Errors: 0, Skipped: 0, Time elapsed: 0.118 sec
Running com.squareup.wire.ByteStringTest
Tests run: 5, Failures: 0, Errors: 0, Skipped: 0, Time elapsed: 0.005 sec
Running com.squareup.wire.UnknownFieldsTest
Tests run: 1, Failures: 0, Errors: 0, Skipped: 0, Time elapsed: 0.004 sec
Running com.squareup.wire.ParseTest
Tests run: 8, Failures: 0, Errors: 0, Skipped: 0, Time elapsed: 0.007 sec
Running com.squareup.wire.RedactedTest
Tests run: 7, Failures: 0, Errors: 0, Skipped: 0, Time elapsed: 0.014 sec
Running com.squareup.wire.TagMapTest
Tests run: 4, Failures: 0, Errors: 0, Skipped: 0, Time elapsed: 0.003 sec
Running com.squareup.wire.CustomOptionsTest
Tests run: 1, Failures: 0, Errors: 0, Skipped: 0, Time elapsed: 0.008 sec
Running com.squareup.wire.WireTest
Tests run: 8, Failures: 0, Errors: 0, Skipped: 0, Time elapsed: 0.033 sec

Results :

Tests in error: 
  decodeGolden(com.squareup.wire.SerializableTest): com.squareup.wire.MessageSerializedForm; local class incompatible: stream classdesc serialVersionUID = -5247647363964791047, local class serialVersionUID = 6395943899124210643

Tests run: 57, Failures: 0, Errors: 1, Skipped: 0

[INFO] ------------------------------------------------------------------------
[INFO] Reactor Summary:
[INFO] 
[INFO] Wire Protocol Buffers .............................. SUCCESS [  0.446 s]
[INFO] Wire Protocol Buffer Runtime ....................... FAILURE [  4.744 s]
[INFO] Wire Protocol Buffer Compiler ...................... SKIPPED
[INFO] Wire Protocol Buffer Gson Support .................. SKIPPED
[INFO] Wire Protocol Buffer Maven Plugin .................. SKIPPED
[INFO] ------------------------------------------------------------------------
[INFO] BUILD FAILURE
[INFO] ------------------------------------------------------------------------
[INFO] Total time: 5.375 s
[INFO] Finished at: 2015-03-05T19:41:18+00:00
[INFO] Final Memory: 16M/340M
[INFO] ------------------------------------------------------------------------
[ERROR] Failed to execute goal org.apache.maven.plugins:maven-surefire-plugin:2.12.4:test (default-test) on project wire-runtime: There are test failures.
[ERROR] 
[ERROR] Please refer to /home/travis/build/square/wire/wire-runtime/target/surefire-reports for the individual test results.
[ERROR] -> [Help 1]
[ERROR] 
[ERROR] To see the full stack trace of the errors, re-run Maven with the -e switch.
[ERROR] Re-run Maven using the -X switch to enable full debug logging.
[ERROR] 
[ERROR] For more information about the errors and possible solutions, please read the following articles:
[ERROR] [Help 1] http://cwiki.apache.org/confluence/display/MAVEN/MojoFailureException
[ERROR] 
[ERROR] After correcting the problems, you can resume the build with the command
[ERROR]   mvn <goals> -rf :wire-runtime
travis_time:end:085882a0:start=1425584471957454772,finish=1425584479068564780,duration=7111110008[0K
[31;1mThe command "mvn test -B" exited with 1.[0m
travis_fold:start:cache.2[0Kstore build cache
travis_time:start:1f89a7ef[0Kchange detected: /home/travis/.m2/repository/com/squareup/wire/wire/maven-metadata-local.xml
changes detected, packing new archive
uploading archive
travis_time:end:1f89a7ef:start=1425584479072732899,finish=1425584484359377715,duration=5286644816[0Ktravis_fold:end:cache.2[0K
Done. Your build exited with 1.
