Using worker: worker-linux-docker-2bb7b104.prod.travis-ci.org:travis-linux-4

travis_fold:start:system_info[0K[33;1mBuild system information[0m
Build language: java
[34m[1mBuild image provisioning date and time[0m
Thu Feb  5 15:09:33 UTC 2015
[34m[1mOperating System Details[0m
Distributor ID:	Ubuntu
Description:	Ubuntu 12.04.5 LTS
Release:	12.04
Codename:	precise
[34m[1mLinux Version[0m
3.13.0-29-generic
[34m[1mCookbooks Version[0m
a68419e https://github.com/travis-ci/travis-cookbooks/tree/a68419e
[34m[1mGCC version[0m
gcc (Ubuntu/Linaro 4.6.3-1ubuntu5) 4.6.3
Copyright (C) 2011 Free Software Foundation, Inc.
This is free software; see the source for copying conditions.  There is NO
warranty; not even for MERCHANTABILITY or FITNESS FOR A PARTICULAR PURPOSE.

[34m[1mLLVM version[0m
clang version 3.4 (tags/RELEASE_34/final)
Target: x86_64-unknown-linux-gnu
Thread model: posix
[34m[1mPre-installed Ruby versions[0m
ruby-1.9.3-p551
[34m[1mPre-installed Node.js versions[0m
v0.10.36
[34m[1mPre-installed Go versions[0m
1.4.1
[34m[1mRedis version[0m
redis-server 2.8.19
[34m[1mriak version[0m
2.0.2
[34m[1mMongoDB version[0m
MongoDB 2.4.12
[34m[1mCouchDB version[0m
couchdb 1.6.1
[34m[1mNeo4j version[0m
1.9.4
[34m[1mRabbitMQ Version[0m
3.4.3
[34m[1mElasticSearch version[0m
1.4.0
[34m[1mInstalled Sphinx versions[0m
2.0.10
2.1.9
2.2.6
[34m[1mDefault Sphinx version[0m
2.2.6
[34m[1mInstalled Firefox version[0m
firefox 31.0esr
[34m[1mPhantomJS version[0m
1.9.8
[34m[1mant -version[0m
Apache Ant(TM) version 1.8.2 compiled on December 3 2011
[34m[1mmvn -version[0m
Apache Maven 3.2.5 (12a6b3acb947671f09b81f49094c53f426d8cea1; 2014-12-14T17:29:23+00:00)
Maven home: /usr/local/maven
Java version: 1.7.0_76, vendor: Oracle Corporation
Java home: /usr/lib/jvm/java-7-oracle/jre
Default locale: en_US, platform encoding: ANSI_X3.4-1968
OS name: "linux", version: "3.13.0-29-generic", arch: "amd64", family: "unix"
travis_fold:end:system_info[0K
travis_fold:start:git.checkout[0Ktravis_time:start:1c2dd626[0K$ git clone --depth=50 --branch=1.8.x git://github.com/spring-projects/spring-data-jpa.git spring-projects/spring-data-jpa
Cloning into 'spring-projects/spring-data-jpa'...
remote: Counting objects: 1042, done.[K
remote: Compressing objects:   0% (1/620)   [Kremote: Compressing objects:   1% (7/620)   [Kremote: Compressing objects:   2% (13/620)   [Kremote: Compressing objects:   3% (19/620)   [Kremote: Compressing objects:   4% (25/620)   [Kremote: Compressing objects:   5% (31/620)   [Kremote: Compressing objects:   6% (38/620)   [Kremote: Compressing objects:   7% (44/620)   [Kremote: Compressing objects:   8% (50/620)   [Kremote: Compressing objects:   9% (56/620)   [Kremote: Compressing objects:  10% (62/620)   [Kremote: Compressing objects:  11% (69/620)   [Kremote: Compressing objects:  12% (75/620)   [Kremote: Compressing objects:  13% (81/620)   [Kremote: Compressing objects:  14% (87/620)   [Kremote: Compressing objects:  15% (93/620)   [Kremote: Compressing objects:  16% (100/620)   [Kremote: Compressing objects:  17% (106/620)   [Kremote: Compressing objects:  18% (112/620)   [Kremote: Compressing objects:  19% (118/620)   [Kremote: Compressing objects:  20% (124/620)   [Kremote: Compressing objects:  21% (131/620)   [Kremote: Compressing objects:  22% (137/620)   [Kremote: Compressing objects:  23% (143/620)   [Kremote: Compressing objects:  24% (149/620)   [Kremote: Compressing objects:  25% (155/620)   [Kremote: Compressing objects:  26% (162/620)   [Kremote: Compressing objects:  27% (168/620)   [Kremote: Compressing objects:  28% (174/620)   [Kremote: Compressing objects:  29% (180/620)   [Kremote: Compressing objects:  30% (186/620)   [Kremote: Compressing objects:  31% (193/620)   [Kremote: Compressing objects:  32% (199/620)   [Kremote: Compressing objects:  33% (205/620)   [Kremote: Compressing objects:  34% (211/620)   [Kremote: Compressing objects:  35% (217/620)   [Kremote: Compressing objects:  36% (224/620)   [Kremote: Compressing objects:  37% (230/620)   [Kremote: Compressing objects:  38% (236/620)   [Kremote: Compressing objects:  39% (242/620)   [Kremote: Compressing objects:  40% (248/620)   [Kremote: Compressing objects:  41% (255/620)   [Kremote: Compressing objects:  42% (261/620)   [Kremote: Compressing objects:  43% (267/620)   [Kremote: Compressing objects:  44% (273/620)   [Kremote: Compressing objects:  45% (279/620)   [Kremote: Compressing objects:  46% (286/620)   [Kremote: Compressing objects:  47% (292/620)   [Kremote: Compressing objects:  48% (298/620)   [Kremote: Compressing objects:  49% (304/620)   [Kremote: Compressing objects:  50% (310/620)   [Kremote: Compressing objects:  51% (317/620)   [Kremote: Compressing objects:  52% (323/620)   [Kremote: Compressing objects:  53% (329/620)   [Kremote: Compressing objects:  54% (335/620)   [Kremote: Compressing objects:  55% (341/620)   [Kremote: Compressing objects:  56% (348/620)   [Kremote: Compressing objects:  57% (354/620)   [Kremote: Compressing objects:  58% (360/620)   [Kremote: Compressing objects:  59% (366/620)   [Kremote: Compressing objects:  60% (372/620)   [Kremote: Compressing objects:  61% (379/620)   [Kremote: Compressing objects:  62% (385/620)   [Kremote: Compressing objects:  63% (391/620)   [Kremote: Compressing objects:  64% (397/620)   [Kremote: Compressing objects:  65% (403/620)   [Kremote: Compressing objects:  66% (410/620)   [Kremote: Compressing objects:  67% (416/620)   [Kremote: Compressing objects:  68% (422/620)   [Kremote: Compressing objects:  69% (428/620)   [Kremote: Compressing objects:  70% (434/620)   [Kremote: Compressing objects:  71% (441/620)   [Kremote: Compressing objects:  72% (447/620)   [Kremote: Compressing objects:  73% (453/620)   [Kremote: Compressing objects:  74% (459/620)   [Kremote: Compressing objects:  75% (465/620)   [Kremote: Compressing objects:  76% (472/620)   [Kremote: Compressing objects:  77% (478/620)   [Kremote: Compressing objects:  78% (484/620)   [Kremote: Compressing objects:  79% (490/620)   [Kremote: Compressing objects:  80% (496/620)   [Kremote: Compressing objects:  81% (503/620)   [Kremote: Compressing objects:  82% (509/620)   [Kremote: Compressing objects:  83% (515/620)   [Kremote: Compressing objects:  84% (521/620)   [Kremote: Compressing objects:  85% (527/620)   [Kremote: Compressing objects:  86% (534/620)   [Kremote: Compressing objects:  87% (540/620)   [Kremote: Compressing objects:  88% (546/620)   [Kremote: Compressing objects:  89% (552/620)   [Kremote: Compressing objects:  90% (558/620)   [Kremote: Compressing objects:  91% (565/620)   [Kremote: Compressing objects:  92% (571/620)   [Kremote: Compressing objects:  93% (577/620)   [Kremote: Compressing objects:  94% (583/620)   [Kremote: Compressing objects:  95% (589/620)   [Kremote: Compressing objects:  96% (596/620)   [Kremote: Compressing objects:  97% (602/620)   [Kremote: Compressing objects:  98% (608/620)   [Kremote: Compressing objects:  99% (614/620)   [Kremote: Compressing objects: 100% (620/620)   [Kremote: Compressing objects: 100% (620/620), done.[K
Receiving objects:   0% (1/1042)   Receiving objects:   1% (11/1042)   Receiving objects:   2% (21/1042)   Receiving objects:   3% (32/1042)   Receiving objects:   4% (42/1042)   Receiving objects:   5% (53/1042)   Receiving objects:   6% (63/1042)   Receiving objects:   7% (73/1042)   Receiving objects:   8% (84/1042)   Receiving objects:   9% (94/1042)   Receiving objects:  10% (105/1042)   Receiving objects:  11% (115/1042)   Receiving objects:  12% (126/1042)   Receiving objects:  13% (136/1042)   Receiving objects:  14% (146/1042)   Receiving objects:  15% (157/1042)   Receiving objects:  16% (167/1042)   Receiving objects:  17% (178/1042)   Receiving objects:  18% (188/1042)   Receiving objects:  19% (198/1042)   Receiving objects:  20% (209/1042)   Receiving objects:  21% (219/1042)   Receiving objects:  22% (230/1042)   Receiving objects:  23% (240/1042)   Receiving objects:  24% (251/1042)   Receiving objects:  25% (261/1042)   Receiving objects:  26% (271/1042)   Receiving objects:  27% (282/1042)   Receiving objects:  28% (292/1042)   Receiving objects:  29% (303/1042)   Receiving objects:  30% (313/1042)   Receiving objects:  31% (324/1042)   Receiving objects:  32% (334/1042)   Receiving objects:  33% (344/1042)   Receiving objects:  34% (355/1042)   Receiving objects:  35% (365/1042)   Receiving objects:  36% (376/1042)   Receiving objects:  37% (386/1042)   Receiving objects:  38% (396/1042)   Receiving objects:  39% (407/1042)   Receiving objects:  40% (417/1042)   Receiving objects:  41% (428/1042)   Receiving objects:  42% (438/1042)   Receiving objects:  43% (449/1042)   Receiving objects:  44% (459/1042)   Receiving objects:  45% (469/1042)   Receiving objects:  46% (480/1042)   Receiving objects:  47% (490/1042)   Receiving objects:  48% (501/1042)   Receiving objects:  49% (511/1042)   Receiving objects:  50% (521/1042)   Receiving objects:  51% (532/1042)   Receiving objects:  52% (542/1042)   Receiving objects:  53% (553/1042)   Receiving objects:  54% (563/1042)   Receiving objects:  55% (574/1042)   Receiving objects:  56% (584/1042)   Receiving objects:  57% (594/1042)   Receiving objects:  58% (605/1042)   Receiving objects:  59% (615/1042)   Receiving objects:  60% (626/1042)   Receiving objects:  61% (636/1042)   Receiving objects:  62% (647/1042)   Receiving objects:  63% (657/1042)   Receiving objects:  64% (667/1042)   Receiving objects:  65% (678/1042)   Receiving objects:  66% (688/1042)   Receiving objects:  67% (699/1042)   Receiving objects:  68% (709/1042)   Receiving objects:  69% (719/1042)   Receiving objects:  70% (730/1042)   Receiving objects:  71% (740/1042)   Receiving objects:  72% (751/1042)   Receiving objects:  73% (761/1042)   Receiving objects:  74% (772/1042)   Receiving objects:  75% (782/1042)   Receiving objects:  76% (792/1042)   Receiving objects:  77% (803/1042)   Receiving objects:  78% (813/1042)   Receiving objects:  79% (824/1042)   Receiving objects:  80% (834/1042)   Receiving objects:  81% (845/1042)   Receiving objects:  82% (855/1042)   remote: Total 1042 (delta 432), reused 721 (delta 228), pack-reused 0[K
Receiving objects:  83% (865/1042)   Receiving objects:  84% (876/1042)   Receiving objects:  85% (886/1042)   Receiving objects:  86% (897/1042)   Receiving objects:  87% (907/1042)   Receiving objects:  88% (917/1042)   Receiving objects:  89% (928/1042)   Receiving objects:  90% (938/1042)   Receiving objects:  91% (949/1042)   Receiving objects:  92% (959/1042)   Receiving objects:  93% (970/1042)   Receiving objects:  94% (980/1042)   Receiving objects:  95% (990/1042)   Receiving objects:  96% (1001/1042)   Receiving objects:  97% (1011/1042)   Receiving objects:  98% (1022/1042)   Receiving objects:  99% (1032/1042)   Receiving objects: 100% (1042/1042)   Receiving objects: 100% (1042/1042), 386.38 KiB | 0 bytes/s, done.
Resolving deltas:   0% (0/432)   Resolving deltas:  11% (49/432)   Resolving deltas:  12% (52/432)   Resolving deltas:  13% (57/432)   Resolving deltas:  14% (63/432)   Resolving deltas:  15% (67/432)   Resolving deltas:  16% (70/432)   Resolving deltas:  19% (85/432)   Resolving deltas:  20% (89/432)   Resolving deltas:  21% (94/432)   Resolving deltas:  22% (99/432)   Resolving deltas:  23% (100/432)   Resolving deltas:  26% (113/432)   Resolving deltas:  27% (118/432)   Resolving deltas:  28% (121/432)   Resolving deltas:  29% (126/432)   Resolving deltas:  31% (134/432)   Resolving deltas:  32% (140/432)   Resolving deltas:  34% (147/432)   Resolving deltas:  35% (153/432)   Resolving deltas:  37% (160/432)   Resolving deltas:  38% (166/432)   Resolving deltas:  39% (170/432)   Resolving deltas:  40% (177/432)   Resolving deltas:  41% (178/432)   Resolving deltas:  42% (185/432)   Resolving deltas:  46% (200/432)   Resolving deltas:  47% (207/432)   Resolving deltas:  48% (208/432)   Resolving deltas:  49% (212/432)   Resolving deltas:  50% (217/432)   Resolving deltas:  51% (221/432)   Resolving deltas:  53% (229/432)   Resolving deltas:  54% (236/432)   Resolving deltas:  57% (247/432)   Resolving deltas:  58% (251/432)   Resolving deltas:  59% (255/432)   Resolving deltas:  60% (260/432)   Resolving deltas:  61% (265/432)   Resolving deltas:  62% (269/432)   Resolving deltas:  63% (273/432)   Resolving deltas:  64% (278/432)   Resolving deltas:  66% (289/432)   Resolving deltas:  67% (290/432)   Resolving deltas:  68% (295/432)   Resolving deltas:  69% (300/432)   Resolving deltas:  70% (305/432)   Resolving deltas:  71% (307/432)   Resolving deltas:  72% (315/432)   Resolving deltas:  73% (317/432)   Resolving deltas:  74% (320/432)   Resolving deltas:  76% (329/432)   Resolving deltas:  78% (337/432)   Resolving deltas:  82% (358/432)   Resolving deltas:  85% (371/432)   Resolving deltas:  87% (376/432)   Resolving deltas:  88% (381/432)   Resolving deltas:  89% (385/432)   Resolving deltas:  90% (389/432)   Resolving deltas:  91% (396/432)   Resolving deltas:  92% (398/432)   Resolving deltas:  93% (402/432)   Resolving deltas:  94% (407/432)   Resolving deltas:  95% (412/432)   Resolving deltas:  96% (415/432)   Resolving deltas:  98% (425/432)   Resolving deltas:  99% (428/432)   Resolving deltas: 100% (432/432)   Resolving deltas: 100% (432/432), done.
Checking connectivity... done.
travis_time:end:1c2dd626:start=1431434516368077751,finish=1431434517246670689,duration=878592938[0K$ cd spring-projects/spring-data-jpa
$ git checkout -qf f0e269ed6d2a3ca2aa718eb620fff49199a6624f
travis_fold:end:git.checkout[0K
[33;1mThis job is running on container-based infrastructure, which does not allow use of 'sudo', setuid and setguid executables.[0m
[33;1mIf you require sudo, add 'sudo: required' to your .travis.yml[0m
[33;1mSee http://docs.travis-ci.com/user/workers/container-based-infrastructure/ for details.[0m

[33;1mSetting environment variables from .travis.yml[0m
$ export PROFILE=querydsl-next

travis_fold:start:cache.1[0KSetting up build cache
$ export CASHER_DIR=$HOME/.casher
travis_time:start:164787b4[0K$ Installing caching utilities
travis_time:end:164787b4:start=1431434523885166954,finish=1431434524035980095,duration=150813141[0Ktravis_time:start:24d81928[0Kattempting to download cache archive
fetching 1.8.x/cache--jdk-oraclejdk8.tbz
found cache
travis_time:end:24d81928:start=1431434524040983707,finish=1431434525554698228,duration=1513714521[0Ktravis_time:start:04554138[0Kadding /home/travis/.m2 to cache
travis_time:end:04554138:start=1431434525558726390,finish=1431434536520593275,duration=10961866885[0Ktravis_fold:end:cache.1[0K$ jdk_switcher use oraclejdk8
Switching to Oracle JDK8 (java-8-oracle), JAVA_HOME will be set to /usr/lib/jvm/java-8-oracle
$ java -Xmx32m -version
java version "1.8.0_31"
Java(TM) SE Runtime Environment (build 1.8.0_31-b13)
Java HotSpot(TM) 64-Bit Server VM (build 25.31-b07, mixed mode)
$ javac -J-Xmx32m -version
javac 1.8.0_31
travis_fold:start:install[0Ktravis_time:start:199da02b[0K$ true
travis_time:end:199da02b:start=1431434536979845904,finish=1431434536982906048,duration=3060144[0Ktravis_fold:end:install[0Ktravis_time:start:150bcb7a[0K$ mvn clean dependency:list test -P${PROFILE} -Dsort
Java HotSpot(TM) 64-Bit Server VM warning: ignoring option MaxPermSize=192m; support was removed in 8.0
[INFO] Scanning for projects...
Downloading: https://repository.apache.org/snapshots/org/springframework/data/build/spring-data-parent/1.6.1.BUILD-SNAPSHOT/maven-metadata.xml
Downloading: https://repository.apache.org/snapshots/org/springframework/data/build/spring-data-build/1.6.1.BUILD-SNAPSHOT/maven-metadata.xml
Downloading: http://oss.sonatype.org/content/repositories/snapshots/org/springframework/data/build/spring-data-build/1.6.1.BUILD-SNAPSHOT/maven-metadata.xml
Downloading: http://oss.sonatype.org/content/repositories/snapshots/org/springframework/data/build/spring-data-parent/1.6.1.BUILD-SNAPSHOT/maven-metadata.xml
[INFO]                                                                         
[INFO] ------------------------------------------------------------------------
[INFO] Building Spring Data JPA 1.8.1.BUILD-SNAPSHOT
[INFO] ------------------------------------------------------------------------
Downloading: https://repository.apache.org/snapshots/org/springframework/data/spring-data-commons/1.10.1.BUILD-SNAPSHOT/maven-metadata.xml
Downloading: http://oss.sonatype.org/content/repositories/snapshots/org/springframework/data/spring-data-commons/1.10.1.BUILD-SNAPSHOT/maven-metadata.xml
Downloading: https://repository.apache.org/snapshots/com/mysema/querydsl/querydsl-apt/3.6.2.BUILD-SNAPSHOT/maven-metadata.xml
Downloading: https://repo.spring.io/libs-snapshot/com/mysema/querydsl/querydsl-apt/3.6.2.BUILD-SNAPSHOT/maven-metadata.xml
Downloading: http://oss.sonatype.org/content/repositories/snapshots/com/mysema/querydsl/querydsl-apt/3.6.2.BUILD-SNAPSHOT/maven-metadata.xml
3/3 KB            Downloaded: http://oss.sonatype.org/content/repositories/snapshots/com/mysema/querydsl/querydsl-apt/3.6.2.BUILD-SNAPSHOT/maven-metadata.xml (3 KB at 2.6 KB/sec)
Downloading: https://repository.apache.org/snapshots/com/mysema/querydsl/querydsl-root/3.6.2.BUILD-SNAPSHOT/maven-metadata.xml
Downloading: http://oss.sonatype.org/content/repositories/snapshots/com/mysema/querydsl/querydsl-root/3.6.2.BUILD-SNAPSHOT/maven-metadata.xml
Downloading: http://spring-roo-repository.springsource.org/release/com/mysema/querydsl/querydsl-root/3.6.2.BUILD-SNAPSHOT/maven-metadata.xml
Downloading: https://repo.spring.io/libs-snapshot/com/mysema/querydsl/querydsl-root/3.6.2.BUILD-SNAPSHOT/maven-metadata.xml
         623/623 B                                       Downloaded: http://oss.sonatype.org/content/repositories/snapshots/com/mysema/querydsl/querydsl-root/3.6.2.BUILD-SNAPSHOT/maven-metadata.xml (623 B at 1.9 KB/sec)
Downloading: https://repository.apache.org/snapshots/com/mysema/querydsl/querydsl-codegen/3.6.2.BUILD-SNAPSHOT/maven-metadata.xml
Downloading: https://repo.spring.io/libs-snapshot/com/mysema/querydsl/querydsl-codegen/3.6.2.BUILD-SNAPSHOT/maven-metadata.xml
Downloading: http://oss.sonatype.org/content/repositories/snapshots/com/mysema/querydsl/querydsl-codegen/3.6.2.BUILD-SNAPSHOT/maven-metadata.xml
Downloading: http://spring-roo-repository.springsource.org/release/com/mysema/querydsl/querydsl-codegen/3.6.2.BUILD-SNAPSHOT/maven-metadata.xml
            Downloading: http://www.querydsl.com/maven/com/mysema/querydsl/querydsl-codegen/3.6.2.BUILD-SNAPSHOT/maven-metadata.xml
2/2 KB                                          Downloaded: http://oss.sonatype.org/content/repositories/snapshots/com/mysema/querydsl/querydsl-codegen/3.6.2.BUILD-SNAPSHOT/maven-metadata.xml (2 KB at 3.7 KB/sec)
Downloading: https://repository.apache.org/snapshots/com/mysema/querydsl/querydsl-core/3.6.2.BUILD-SNAPSHOT/maven-metadata.xml
Downloading: https://repo.spring.io/libs-snapshot/com/mysema/querydsl/querydsl-core/3.6.2.BUILD-SNAPSHOT/maven-metadata.xml
Downloading: http://oss.sonatype.org/content/repositories/snapshots/com/mysema/querydsl/querydsl-core/3.6.2.BUILD-SNAPSHOT/maven-metadata.xml
Downloading: http://spring-roo-repository.springsource.org/release/com/mysema/querydsl/querydsl-core/3.6.2.BUILD-SNAPSHOT/maven-metadata.xml
         Downloading: http://www.querydsl.com/maven/com/mysema/querydsl/querydsl-core/3.6.2.BUILD-SNAPSHOT/maven-metadata.xml
         2/2 KB                              Downloaded: http://oss.sonatype.org/content/repositories/snapshots/com/mysema/querydsl/querydsl-core/3.6.2.BUILD-SNAPSHOT/maven-metadata.xml (2 KB at 4.2 KB/sec)
Downloading: https://repository.apache.org/snapshots/com/mysema/querydsl/querydsl-jpa/3.6.2.BUILD-SNAPSHOT/maven-metadata.xml
Downloading: https://repo.spring.io/libs-snapshot/com/mysema/querydsl/querydsl-jpa/3.6.2.BUILD-SNAPSHOT/maven-metadata.xml
Downloading: http://oss.sonatype.org/content/repositories/snapshots/com/mysema/querydsl/querydsl-jpa/3.6.2.BUILD-SNAPSHOT/maven-metadata.xml
3/3 KB                              Downloaded: http://oss.sonatype.org/content/repositories/snapshots/com/mysema/querydsl/querydsl-jpa/3.6.2.BUILD-SNAPSHOT/maven-metadata.xml (3 KB at 5.6 KB/sec)
[INFO] 
[INFO] --- maven-clean-plugin:2.5:clean (default-clean) @ spring-data-jpa ---
[INFO] 
[INFO] --- maven-dependency-plugin:2.8:list (default-cli) @ spring-data-jpa ---
[INFO] 
[INFO] The following files have been resolved:
[INFO]    antlr:antlr:jar:2.7.6:compile
[INFO]    aopalliance:aopalliance:jar:1.0:compile
[INFO]    asm:asm:jar:3.1:compile
[INFO]    cglib:cglib:jar:2.2:compile
[INFO]    ch.qos.logback:logback-classic:jar:1.1.2:test
[INFO]    ch.qos.logback:logback-core:jar:1.1.2:test
[INFO]    com.google.code.findbugs:jsr305:jar:1.3.9:compile
[INFO]    com.google.guava:guava:jar:17.0:test
[INFO]    com.infradna.tool:bridge-method-annotation:jar:1.13:compile
[INFO]    com.mysema.codegen:codegen:jar:0.6.5:provided
[INFO]    com.mysema.commons:mysema-commons-lang:jar:0.2.4:compile
[INFO]    com.mysema.querydsl:querydsl-apt:jar:3.6.2.BUILD-SNAPSHOT:provided
[INFO]    com.mysema.querydsl:querydsl-codegen:jar:3.6.2.BUILD-SNAPSHOT:provided
[INFO]    com.mysema.querydsl:querydsl-core:jar:3.6.2.BUILD-SNAPSHOT:compile
[INFO]    com.mysema.querydsl:querydsl-jpa:jar:3.6.2.BUILD-SNAPSHOT:compile
[INFO]    commons-collections:commons-collections:jar:3.1:compile
[INFO]    commons-lang:commons-lang:jar:2.4:compile
[INFO]    commons-pool:commons-pool:jar:1.5.4:compile
[INFO]    dom4j:dom4j:jar:1.6.1:compile
[INFO]    javassist:javassist:jar:3.12.0.GA:compile
[INFO]    javax.annotation:jsr250-api:jar:1.0:provided
[INFO]    javax.el:el-api:jar:1.0:test
[INFO]    javax.enterprise:cdi-api:jar:1.0:provided
[INFO]    javax.inject:javax.inject:jar:1:provided
[INFO]    javax.servlet:javax.servlet-api:jar:3.0.1:test
[INFO]    javax.transaction:jta:jar:1.1:compile
[INFO]    joda-time:joda-time:jar:2.7:compile
[INFO]    junit:junit:jar:4.12:test
[INFO]    net.sourceforge.serp:serp:jar:1.14.1:compile
[INFO]    org.apache.geronimo.specs:geronimo-atinject_1.0_spec:jar:1.0:test
[INFO]    org.apache.geronimo.specs:geronimo-jcdi_1.0_spec:jar:1.0:test
[INFO]    org.apache.geronimo.specs:geronimo-jms_1.1_spec:jar:1.1.1:compile
[INFO]    org.apache.geronimo.specs:geronimo-jpa_2.0_spec:jar:1.1:compile
[INFO]    org.apache.geronimo.specs:geronimo-jta_1.1_spec:jar:1.1.1:compile
[INFO]    org.apache.openjpa:openjpa-jdbc:jar:2.3.0:compile
[INFO]    org.apache.openjpa:openjpa-kernel:jar:2.3.0:compile
[INFO]    org.apache.openjpa:openjpa-lib:jar:2.3.0:compile
[INFO]    org.apache.openjpa:openjpa-persistence-jdbc:jar:2.3.0:compile
[INFO]    org.apache.openjpa:openjpa-persistence:jar:2.3.0:compile
[INFO]    org.apache.openwebbeans.test:cditest-owb:jar:1.2.7:test
[INFO]    org.apache.openwebbeans.test:cditest:jar:1.2.7:test
[INFO]    org.apache.openwebbeans:openwebbeans-impl:jar:1.2.7:test
[INFO]    org.apache.openwebbeans:openwebbeans-spi:jar:1.2.7:test
[INFO]    org.apache.xbean:xbean-asm4-shaded:jar:3.14:compile
[INFO]    org.apache.xbean:xbean-asm5-shaded:jar:4.1:test
[INFO]    org.apache.xbean:xbean-finder-shaded:jar:4.1:test
[INFO]    org.aspectj:aspectjrt:jar:1.8.5:compile
[INFO]    org.aspectj:aspectjweaver:jar:1.8.5:test
[INFO]    org.eclipse.jdt.core.compiler:ecj:jar:4.3.1:provided
[INFO]    org.eclipse.persistence:javax.persistence:jar:2.1.0:compile
[INFO]    org.eclipse.persistence:org.eclipse.persistence.antlr:jar:2.5.2:compile
[INFO]    org.eclipse.persistence:org.eclipse.persistence.asm:jar:2.5.2:compile
[INFO]    org.eclipse.persistence:org.eclipse.persistence.core:jar:2.5.2:compile
[INFO]    org.eclipse.persistence:org.eclipse.persistence.jpa.jpql:jar:2.5.2:compile
[INFO]    org.eclipse.persistence:org.eclipse.persistence.jpa:jar:2.5.2:compile
[INFO]    org.hamcrest:hamcrest-core:jar:1.3:test
[INFO]    org.hamcrest:hamcrest-library:jar:1.3:test
[INFO]    org.hibernate.javax.persistence:hibernate-jpa-2.0-api:jar:1.0.1.Final:compile
[INFO]    org.hibernate:hibernate-commons-annotations:jar:3.2.0.Final:compile
[INFO]    org.hibernate:hibernate-core:jar:3.6.10.Final:compile
[INFO]    org.hibernate:hibernate-entitymanager:jar:3.6.10.Final:compile
[INFO]    org.hsqldb:hsqldb:jar:2.2.8:test
[INFO]    org.jboss.interceptor:jboss-interceptor-api:jar:1.1:provided
[INFO]    org.mockito:mockito-core:jar:1.10.19:test
[INFO]    org.objenesis:objenesis:jar:2.1:test
[INFO]    org.slf4j:jcl-over-slf4j:jar:1.7.10:runtime
[INFO]    org.slf4j:slf4j-api:jar:1.7.10:compile
[INFO]    org.springframework.data:spring-data-commons:jar:1.10.1.BUILD-SNAPSHOT:compile
[INFO]    org.springframework:spring-aop:jar:4.0.9.RELEASE:compile
[INFO]    org.springframework:spring-aspects:jar:4.0.9.RELEASE:compile
[INFO]    org.springframework:spring-beans:jar:4.0.9.RELEASE:compile
[INFO]    org.springframework:spring-context:jar:4.0.9.RELEASE:compile
[INFO]    org.springframework:spring-core:jar:4.0.9.RELEASE:compile
[INFO]    org.springframework:spring-expression:jar:4.0.9.RELEASE:compile
[INFO]    org.springframework:spring-instrument:jar:4.0.9.RELEASE:provided
[INFO]    org.springframework:spring-jdbc:jar:4.0.9.RELEASE:compile
[INFO]    org.springframework:spring-orm:jar:4.0.9.RELEASE:compile
[INFO]    org.springframework:spring-test:jar:4.0.9.RELEASE:test
[INFO]    org.springframework:spring-tx:jar:4.0.9.RELEASE:compile
[INFO]    org.threeten:threetenbp:jar:1.2:compile
[INFO] 
[INFO] 
[INFO] --- apt-maven-plugin:1.1.3:process (sources) @ spring-data-jpa ---
[INFO] 
[INFO] --- maven-resources-plugin:2.6:resources (default-resources) @ spring-data-jpa ---
[INFO] Using 'UTF-8' encoding to copy filtered resources.
[INFO] Copying 13 resources
[INFO] 
[INFO] --- maven-compiler-plugin:3.1:compile (default-compile) @ spring-data-jpa ---
[INFO] Changes detected - recompiling the module!
[INFO] Compiling 98 source files to /home/travis/build/spring-projects/spring-data-jpa/target/classes
[WARNING] /home/travis/build/spring-projects/spring-data-jpa/target/generated-sources/annotations/org/springframework/data/jpa/domain/QAbstractPersistable.java: Some input files use unchecked or unsafe operations.
[WARNING] /home/travis/build/spring-projects/spring-data-jpa/target/generated-sources/annotations/org/springframework/data/jpa/domain/QAbstractPersistable.java: Recompile with -Xlint:unchecked for details.
[INFO] 
[INFO] --- com.springsource.bundlor.maven:1.0.0.RELEASE:bundlor (bundlor) @ spring-data-jpa ---
Manifest written to '/home/travis/build/spring-projects/spring-data-jpa/target/classes/META-INF/MANIFEST.MF'
[INFO] 
[INFO] --- aspectj-maven-plugin:1.6:compile (default) @ spring-data-jpa ---
[INFO] 
[INFO] --- apt-maven-plugin:1.1.3:test-process (test-sources) @ spring-data-jpa ---
[INFO] 
[INFO] --- maven-resources-plugin:2.6:testResources (default-testResources) @ spring-data-jpa ---
[INFO] Using 'UTF-8' encoding to copy filtered resources.
[INFO] Copying 33 resources
[INFO] 
[INFO] --- maven-compiler-plugin:3.1:testCompile (default-testCompile) @ spring-data-jpa ---
[INFO] Changes detected - recompiling the module!
[INFO] Compiling 296 source files to /home/travis/build/spring-projects/spring-data-jpa/target/test-classes
[INFO] 
[INFO] --- maven-surefire-plugin:2.12:test (default-test) @ spring-data-jpa ---
[INFO] Surefire report directory: /home/travis/build/spring-projects/spring-data-jpa/target/surefire-reports

-------------------------------------------------------
 T E S T S
-------------------------------------------------------

Results :

Tests run: 0, Failures: 0, Errors: 0, Skipped: 0

[INFO] 
[INFO] --- maven-surefire-plugin:2.12:test (unit-tests) @ spring-data-jpa ---
[INFO] Surefire report directory: /home/travis/build/spring-projects/spring-data-jpa/target/surefire-reports

-------------------------------------------------------
 T E S T S
-------------------------------------------------------
Running org.springframework.data.jpa.repository.support.JpaEntityInformationSupportUnitTests
Tests run: 2, Failures: 0, Errors: 0, Skipped: 0, Time elapsed: 0.358 sec
Running org.springframework.data.jpa.repository.support.EntityManagerBeanDefinitionRegistratPostProcessorUnitTests
Tests run: 1, Failures: 0, Errors: 0, Skipped: 0, Time elapsed: 0.65 sec
Running org.springframework.data.jpa.repository.support.JpaRepositoryFactoryBeanUnitTests
Tests run: 4, Failures: 0, Errors: 0, Skipped: 0, Time elapsed: 0.081 sec
Running org.springframework.data.jpa.repository.support.SimpleJpaRepositoryUnitTests
Tests run: 3, Failures: 0, Errors: 0, Skipped: 0, Time elapsed: 0.311 sec
Running org.springframework.data.jpa.repository.support.JpaRepositoryFactoryUnitTests
Tests run: 7, Failures: 0, Errors: 0, Skipped: 0, Time elapsed: 0.405 sec
Running org.springframework.data.jpa.repository.support.JpaPersistableEntityInformationUnitTests
Tests run: 1, Failures: 0, Errors: 0, Skipped: 0, Time elapsed: 0.03 sec
Running org.springframework.data.jpa.repository.support.EntityManagerFactoryRefUnitTests
Tests run: 1, Failures: 0, Errors: 0, Skipped: 0, Time elapsed: 0.657 sec
Running org.springframework.data.jpa.repository.support.JpaMetamodelEntityInformationUnitTests
Tests run: 1, Failures: 0, Errors: 0, Skipped: 0, Time elapsed: 0.057 sec
Running org.springframework.data.jpa.repository.support.CrudMethodMetadataPopulatingMethodInterceptorUnitTests
Tests run: 1, Failures: 0, Errors: 0, Skipped: 0, Time elapsed: 0.007 sec
Running org.springframework.data.jpa.repository.query.SimpleJpaQueryUnitTests
Tests run: 9, Failures: 0, Errors: 0, Skipped: 0, Time elapsed: 0.078 sec
Running org.springframework.data.jpa.repository.query.ParameterBinderUnitTests
Tests run: 14, Failures: 0, Errors: 0, Skipped: 0, Time elapsed: 0.093 sec
Running org.springframework.data.jpa.repository.query.JpaQueryExecutionUnitTests
Tests run: 8, Failures: 0, Errors: 0, Skipped: 0, Time elapsed: 0.053 sec
Running org.springframework.data.jpa.repository.query.JpaQueryLookupStrategyUnitTests
Tests run: 2, Failures: 0, Errors: 0, Skipped: 0, Time elapsed: 0.029 sec
Running org.springframework.data.jpa.repository.query.JpaParametersUnitTests
Tests run: 1, Failures: 0, Errors: 0, Skipped: 0, Time elapsed: 0.002 sec
Running org.springframework.data.jpa.repository.query.ExpressionBasedStringQueryUnitTests
Tests run: 2, Failures: 0, Errors: 0, Skipped: 0, Time elapsed: 0.102 sec
Running org.springframework.data.jpa.repository.query.StringQueryUnitTests
Tests run: 18, Failures: 0, Errors: 0, Skipped: 0, Time elapsed: 0.121 sec
Running org.springframework.data.jpa.repository.query.JpaQueryMethodUnitTests
Tests run: 25, Failures: 0, Errors: 0, Skipped: 0, Time elapsed: 0.145 sec
Running org.springframework.data.jpa.repository.query.LikeBindingUnitTests
Tests run: 8, Failures: 0, Errors: 0, Skipped: 0, Time elapsed: 0.025 sec
Running org.springframework.data.jpa.repository.query.StoredProcedureAttributeSourceUnitTests
Tests run: 6, Failures: 0, Errors: 0, Skipped: 0, Time elapsed: 0.086 sec
Running org.springframework.data.jpa.repository.query.StoredProcedureAttributesUnitTests
Tests run: 1, Failures: 0, Errors: 0, Skipped: 0, Time elapsed: 0.001 sec
Running org.springframework.data.jpa.repository.query.QueryUtilsUnitTests
Tests run: 23, Failures: 0, Errors: 0, Skipped: 0, Time elapsed: 0.034 sec
Running org.springframework.data.jpa.repository.query.NamedQueryUnitTests
Tests run: 2, Failures: 0, Errors: 0, Skipped: 0, Time elapsed: 0.018 sec
Running org.springframework.data.jpa.repository.cdi.JpaRepositoryExtensionUnitTests
Tests run: 3, Failures: 0, Errors: 0, Skipped: 0, Time elapsed: 0.056 sec
Running org.springframework.data.jpa.repository.config.JpaRepositoryConfigExtensionUnitTests
Tests run: 4, Failures: 0, Errors: 0, Skipped: 0, Time elapsed: 0.037 sec
Running org.springframework.data.jpa.repository.config.JpaAuditingRegistrarUnitTests
Tests run: 2, Failures: 0, Errors: 0, Skipped: 0, Time elapsed: 0.021 sec
Running org.springframework.data.jpa.repository.config.JpaRepositoriesRegistrarUnitTests
Tests run: 1, Failures: 0, Errors: 0, Skipped: 0, Time elapsed: 0.307 sec
Running org.springframework.data.jpa.repository.CrudMethodMetadataUnitTests
Tests run: 3, Failures: 0, Errors: 0, Skipped: 0, Time elapsed: 0.469 sec
Running org.springframework.data.jpa.support.MergingPersistenceUnitManagerUnitTests
Tests run: 5, Failures: 0, Errors: 0, Skipped: 0, Time elapsed: 0.075 sec
Running org.springframework.data.jpa.support.ClasspathScanningPersistenceUnitPostProcessorUnitTests
Tests run: 8, Failures: 0, Errors: 0, Skipped: 0, Time elapsed: 0.021 sec
Running org.springframework.data.jpa.domain.support.AuditingNamespaceUnitTests
Tests run: 5, Failures: 0, Errors: 0, Skipped: 0, Time elapsed: 1.553 sec
Running org.springframework.data.jpa.domain.support.AuditingBeanFactoryPostProcessorUnitTests
Tests run: 4, Failures: 0, Errors: 0, Skipped: 0, Time elapsed: 0.64 sec
Running org.springframework.data.jpa.domain.support.AnnotationAuditingBeanFactoryPostProcessorUnitTests
Tests run: 4, Failures: 0, Errors: 0, Skipped: 0, Time elapsed: 0.219 sec
Running org.springframework.data.jpa.domain.SpecificationsUnitTests
Tests run: 8, Failures: 0, Errors: 0, Skipped: 0, Time elapsed: 0.491 sec
Running org.springframework.data.jpa.mapping.JpaPersistentPropertyImplUnitTests
Tests run: 14, Failures: 0, Errors: 0, Skipped: 0, Time elapsed: 0.25 sec
Running org.springframework.data.jpa.provider.PersistenceProviderUnitTests
Tests run: 5, Failures: 0, Errors: 0, Skipped: 0, Time elapsed: 0.428 sec

Results :

Tests run: 206, Failures: 0, Errors: 0, Skipped: 0

[INFO] 
[INFO] --- maven-surefire-plugin:2.12:test (integration-tests) @ spring-data-jpa ---
[INFO] Surefire report directory: /home/travis/build/spring-projects/spring-data-jpa/target/surefire-reports

-------------------------------------------------------
 T E S T S
-------------------------------------------------------
Running org.springframework.data.jpa.repository.support.EntityManagerBeanDefinitionRegistrarPostProcessorIntegrationTests
Tests run: 1, Failures: 0, Errors: 0, Skipped: 0, Time elapsed: 7.564 sec
Running org.springframework.data.jpa.repository.support.TransactionalRepositoryTests
Tests run: 5, Failures: 0, Errors: 0, Skipped: 0, Time elapsed: 4.4 sec
Running org.springframework.data.jpa.repository.support.JpaMetamodelEntityInformationIntegrationTests
Tests run: 14, Failures: 0, Errors: 0, Skipped: 1, Time elapsed: 2.876 sec
Running org.springframework.data.jpa.repository.support.QueryDslJpaRepositoryTests
Tests run: 17, Failures: 0, Errors: 0, Skipped: 0, Time elapsed: 0.699 sec
Running org.springframework.data.jpa.repository.support.MailMessageRepositoryIntegrationTests
Tests run: 4, Failures: 0, Errors: 0, Skipped: 0, Time elapsed: 3.935 sec
Running org.springframework.data.jpa.repository.support.JavaConfigDefaultTransactionDisablingIntegrationTests
Tests run: 3, Failures: 0, Errors: 0, Skipped: 0, Time elapsed: 6.591 sec
Running org.springframework.data.jpa.repository.support.XmlConfigDefaultTransactionDisablingIntegrationTests
Tests run: 3, Failures: 0, Errors: 0, Skipped: 0, Time elapsed: 3.859 sec
Running org.springframework.data.jpa.repository.support.QueryDslRepositorySupportTests
Tests run: 4, Failures: 0, Errors: 0, Skipped: 0, Time elapsed: 0.101 sec
Running org.springframework.data.jpa.repository.support.QueryDslRepositorySupportIntegrationTests
Tests run: 2, Failures: 0, Errors: 0, Skipped: 0, Time elapsed: 1.029 sec
Running org.springframework.data.jpa.repository.support.JpaRepositoryTests
Tests run: 4, Failures: 0, Errors: 0, Skipped: 0, Time elapsed: 0.308 sec
Running org.springframework.data.jpa.repository.support.QuerydslIntegrationTests
Tests run: 1, Failures: 0, Errors: 0, Skipped: 0, Time elapsed: 0.067 sec
Running org.springframework.data.jpa.repository.support.EntityManagerFactoryRefTests
Tests run: 2, Failures: 0, Errors: 0, Skipped: 0, Time elapsed: 5.091 sec
Running org.springframework.data.jpa.repository.query.PartTreeJpaQueryIntegrationTests
Tests run: 4, Failures: 0, Errors: 0, Skipped: 0, Time elapsed: 0.103 sec
Running org.springframework.data.jpa.repository.query.ParameterExpressionProviderTests
Tests run: 1, Failures: 0, Errors: 0, Skipped: 0, Time elapsed: 0.019 sec
Running org.springframework.data.jpa.repository.query.QueryUtilsIntegrationTests
Tests run: 5, Failures: 0, Errors: 0, Skipped: 0, Time elapsed: 0.49 sec
Running org.springframework.data.jpa.repository.query.AbstractJpaQueryTests
Tests run: 5, Failures: 0, Errors: 0, Skipped: 2, Time elapsed: 0.51 sec
Running org.springframework.data.jpa.repository.cdi.CdiExtensionIntegrationTests
May 12, 2015 12:43:42 PM org.apache.webbeans.lifecycle.AbstractLifeCycle bootstrapApplication
INFO: OpenWebBeans Container is starting...
May 12, 2015 12:43:42 PM org.apache.webbeans.corespi.scanner.AbstractMetaDataDiscovery addWebBeansXmlLocation
INFO: added beans.xml marker: file:/home/travis/build/spring-projects/spring-data-jpa/target/test-classes/META-INF/beans.xml
May 12, 2015 12:43:43 PM org.apache.webbeans.config.BeansDeployer validateInjectionPoints
INFO: All injection points were validated successfully.
May 12, 2015 12:43:44 PM org.apache.webbeans.lifecycle.AbstractLifeCycle bootstrapApplication
INFO: OpenWebBeans Container has started, it took [2467] ms.
Tests run: 4, Failures: 0, Errors: 0, Skipped: 0, Time elapsed: 4.685 sec
Running org.springframework.data.jpa.repository.StoredProcedureIntegrationTests
Tests run: 12, Failures: 0, Errors: 0, Skipped: 12, Time elapsed: 3.056 sec
Running org.springframework.data.jpa.repository.UserRepositoryFinderTests
Tests run: 12, Failures: 0, Errors: 0, Skipped: 0, Time elapsed: 3.046 sec
Running org.springframework.data.jpa.repository.RoleRepositoryIntegrationTests
Tests run: 5, Failures: 0, Errors: 0, Skipped: 0, Time elapsed: 1.913 sec
Running org.springframework.data.jpa.repository.config.JpaRepositoryConfigDefinitionParserTests
Tests run: 1, Failures: 0, Errors: 0, Skipped: 0, Time elapsed: 0.384 sec
Running org.springframework.data.jpa.repository.config.JpaRepositoriesRegistrarIntegrationTests
Tests run: 2, Failures: 0, Errors: 0, Skipped: 0, Time elapsed: 1.793 sec
Running org.springframework.data.jpa.repository.config.RepositoryConfigTests
Tests run: 3, Failures: 0, Errors: 0, Skipped: 0, Time elapsed: 0.031 sec
Running org.springframework.data.jpa.repository.config.ExplicitAuditingViaJavaConfigRepositoriesTests
Tests run: 1, Failures: 0, Errors: 0, Skipped: 0, Time elapsed: 3.819 sec
Running org.springframework.data.jpa.repository.config.RepositoriesJavaConfigTests
Tests run: 1, Failures: 0, Errors: 0, Skipped: 0, Time elapsed: 3.71 sec
Running org.springframework.data.jpa.repository.config.AuditingBeanDefinitionParserTests
Tests run: 4, Failures: 0, Errors: 0, Skipped: 0, Time elapsed: 0.398 sec
Running org.springframework.data.jpa.repository.config.NestedRepositoriesJavaConfigTests
Tests run: 1, Failures: 0, Errors: 0, Skipped: 0, Time elapsed: 3.55 sec
Running org.springframework.data.jpa.repository.config.DefaultAuditingViaJavaConfigRepositoriesTests
Tests run: 1, Failures: 0, Errors: 0, Skipped: 0, Time elapsed: 2.94 sec
Running org.springframework.data.jpa.repository.config.AllowNestedRepositoriesRepositoryConfigTests
Tests run: 4, Failures: 0, Errors: 0, Skipped: 0, Time elapsed: 2.812 sec
Running org.springframework.data.jpa.repository.config.CustomRepositoryFactoryConfigTests
Tests run: 3, Failures: 0, Errors: 0, Skipped: 0, Time elapsed: 1.352 sec
Running org.springframework.data.jpa.repository.config.RepositoryAutoConfigTests
Tests run: 3, Failures: 0, Errors: 0, Skipped: 0, Time elapsed: 2.306 sec
Running org.springframework.data.jpa.repository.config.QueryLookupStrategyTests
Tests run: 1, Failures: 0, Errors: 0, Skipped: 0, Time elapsed: 1.398 sec
Running org.springframework.data.jpa.repository.config.TypeFilterConfigTests
Tests run: 3, Failures: 0, Errors: 0, Skipped: 0, Time elapsed: 1.779 sec
Running org.springframework.data.jpa.repository.CustomAbstractPersistableIntegrationTests
Tests run: 1, Failures: 0, Errors: 0, Skipped: 0, Time elapsed: 0.031 sec
Running org.springframework.data.jpa.repository.JavaConfigUserRepositoryTests
Tests run: 134, Failures: 0, Errors: 0, Skipped: 2, Time elapsed: 7.633 sec
Running org.springframework.data.jpa.repository.UserRepositoryTests
Tests run: 133, Failures: 0, Errors: 0, Skipped: 2, Time elapsed: 4.358 sec
Running org.springframework.data.jpa.repository.EntityGraphRepositoryMethodsIntegrationTests
Tests run: 2, Failures: 0, Errors: 0, Skipped: 2, Time elapsed: 0.014 sec
Running org.springframework.data.jpa.repository.UserRepositoryStoredProcedureTests
Tests run: 5, Failures: 0, Errors: 0, Skipped: 5, Time elapsed: 0.021 sec
Running org.springframework.data.jpa.repository.ParentRepositoryIntegrationTests
Tests run: 2, Failures: 0, Errors: 0, Skipped: 0, Time elapsed: 0.049 sec
Running org.springframework.data.jpa.repository.RepositoryWithCompositeKeyTests
Tests run: 8, Failures: 0, Errors: 0, Skipped: 0, Time elapsed: 0.106 sec
Running org.springframework.data.jpa.repository.NamespaceUserRepositoryTests
Tests run: 134, Failures: 0, Errors: 0, Skipped: 2, Time elapsed: 3.051 sec
Running org.springframework.data.jpa.repository.AbstractPersistableIntegrationTests
Tests run: 1, Failures: 0, Errors: 0, Skipped: 0, Time elapsed: 0.005 sec
Running org.springframework.data.jpa.repository.SPR8954Tests
Tests run: 1, Failures: 0, Errors: 0, Skipped: 0, Time elapsed: 0.004 sec
Running org.springframework.data.jpa.repository.RedeclaringRepositoryMethodsTests
Tests run: 2, Failures: 0, Errors: 0, Skipped: 0, Time elapsed: 0.007 sec
Running org.springframework.data.jpa.repository.ORMInfrastructureTests
Tests run: 1, Failures: 0, Errors: 0, Skipped: 0, Time elapsed: 0.003 sec
Running org.springframework.data.jpa.repository.MappedTypeRepositoryIntegrationTests
Tests run: 2, Failures: 0, Errors: 0, Skipped: 0, Time elapsed: 0.031 sec
Running org.springframework.data.jpa.repository.SimpleJpaParameterBindingTests
Tests run: 2, Failures: 0, Errors: 0, Skipped: 1, Time elapsed: 0.007 sec
Running org.springframework.data.jpa.domain.support.AuditingEntityListenerTests
Tests run: 4, Failures: 0, Errors: 0, Skipped: 0, Time elapsed: 4.327 sec
Running org.springframework.data.jpa.domain.JpaSortTests
Tests run: 17, Failures: 0, Errors: 0, Skipped: 0, Time elapsed: 0.024 sec
Running org.springframework.data.jpa.infrastructure.HibernateMetamodelIntegrationTests
Tests run: 3, Failures: 0, Errors: 0, Skipped: 2, Time elapsed: 0.005 sec
Running org.springframework.data.jpa.convert.threetenbp.ThreeTenBackPortJpaConvertersIntegrationTests
Tests run: 1, Failures: 0, Errors: 0, Skipped: 1, Time elapsed: 0.689 sec
Running org.springframework.data.jpa.convert.threeten.Jsr310JpaConvertersIntegrationTests
Tests run: 1, Failures: 0, Errors: 0, Skipped: 1, Time elapsed: 0.796 sec
Running org.springframework.data.jpa.mapping.JpaMetamodelMappingContextIntegrationTests
Tests run: 6, Failures: 0, Errors: 0, Skipped: 0, Time elapsed: 0.416 sec
Running org.springframework.data.jpa.provider.PersistenceProviderIntegrationTests
Tests run: 1, Failures: 0, Errors: 0, Skipped: 0, Time elapsed: 0.795 sec

Results :

Tests run: 597, Failures: 0, Errors: 0, Skipped: 33

[INFO] 
[INFO] --- maven-surefire-plugin:2.12:test (eclipselink-tests) @ spring-data-jpa ---
[INFO] Surefire report directory: /home/travis/build/spring-projects/spring-data-jpa/target/surefire-reports

-------------------------------------------------------
 T E S T S
-------------------------------------------------------
Running org.springframework.data.jpa.repository.support.EclipseLinkJpaMetamodelEntityInformationIntegrationTests
Tests run: 15, Failures: 0, Errors: 0, Skipped: 1, Time elapsed: 5.396 sec
Running org.springframework.data.jpa.repository.support.EclipseLinkJpaRepositoryTests
Tests run: 4, Failures: 0, Errors: 0, Skipped: 0, Time elapsed: 0.415 sec
Running org.springframework.data.jpa.repository.support.EclipseLinkProxyIdAccessorTests
Tests run: 1, Failures: 0, Errors: 0, Skipped: 0, Time elapsed: 3.06 sec
Running org.springframework.data.jpa.repository.query.EclipseLinkQueryUtilsIntegrationTests
Tests run: 5, Failures: 0, Errors: 0, Skipped: 0, Time elapsed: 2.351 sec
Running org.springframework.data.jpa.repository.EclipseLinkEntityGraphRepositoryMethodsIntegrationTests
Tests run: 2, Failures: 0, Errors: 0, Skipped: 0, Time elapsed: 4.535 sec
Running org.springframework.data.jpa.repository.EclipseLinkParentRepositoryIntegrationTests
Tests run: 2, Failures: 0, Errors: 0, Skipped: 0, Time elapsed: 1.934 sec
Running org.springframework.data.jpa.repository.EclipseLinkNamespaceUserRepositoryTests
Tests run: 134, Failures: 0, Errors: 0, Skipped: 2, Time elapsed: 5.273 sec
Running org.springframework.data.jpa.repository.EclipseLinkUserRepositoryFinderTests
Tests run: 12, Failures: 0, Errors: 0, Skipped: 0, Time elapsed: 0.26 sec
Running org.springframework.data.jpa.repository.EclipseLinkStoredProcedureIntegrationTests
Tests run: 1, Failures: 0, Errors: 1, Skipped: 0, Time elapsed: 0.016 sec <<< FAILURE!
initializationError(org.springframework.data.jpa.repository.EclipseLinkStoredProcedureIntegrationTests)  Time elapsed: 0.012 sec  <<< ERROR!
java.lang.IllegalStateException: Neither GenericXmlContextLoader nor AnnotationConfigContextLoader was able to detect defaults, and no ApplicationContextInitializers were declared for context configuration [ContextConfigurationAttributes@73b0ed03 declaringClass = 'org.springframework.data.jpa.repository.EclipseLinkStoredProcedureIntegrationTests', classes = '{}', locations = '{}', inheritLocations = true, initializers = '{}', inheritInitializers = true, name = [null], contextLoaderClass = 'org.springframework.test.context.ContextLoader']
	at org.springframework.test.context.support.AbstractDelegatingSmartContextLoader.processContextConfiguration(AbstractDelegatingSmartContextLoader.java:202)
	at org.springframework.test.context.ContextLoaderUtils.buildMergedContextConfiguration(ContextLoaderUtils.java:703)
	at org.springframework.test.context.ContextLoaderUtils.buildMergedContextConfiguration(ContextLoaderUtils.java:656)
	at org.springframework.test.context.DefaultTestContext.<init>(DefaultTestContext.java:92)
	at org.springframework.test.context.TestContextManager.<init>(TestContextManager.java:122)
	at org.springframework.test.context.junit4.SpringJUnit4ClassRunner.createTestContextManager(SpringJUnit4ClassRunner.java:118)
	at org.springframework.test.context.junit4.SpringJUnit4ClassRunner.<init>(SpringJUnit4ClassRunner.java:107)
	at sun.reflect.NativeConstructorAccessorImpl.newInstance0(Native Method)
	at sun.reflect.NativeConstructorAccessorImpl.newInstance(NativeConstructorAccessorImpl.java:62)
	at sun.reflect.DelegatingConstructorAccessorImpl.newInstance(DelegatingConstructorAccessorImpl.java:45)
	at java.lang.reflect.Constructor.newInstance(Constructor.java:408)
	at org.junit.internal.builders.AnnotatedBuilder.buildRunner(AnnotatedBuilder.java:104)
	at org.junit.internal.builders.AnnotatedBuilder.runnerForClass(AnnotatedBuilder.java:86)
	at org.junit.runners.model.RunnerBuilder.safeRunnerForClass(RunnerBuilder.java:59)
	at org.junit.internal.builders.AllDefaultPossibilitiesBuilder.runnerForClass(AllDefaultPossibilitiesBuilder.java:26)
	at org.junit.runners.model.RunnerBuilder.safeRunnerForClass(RunnerBuilder.java:59)
	at org.junit.internal.requests.ClassRequest.getRunner(ClassRequest.java:33)
	at org.apache.maven.surefire.junit4.JUnit4Provider.execute(JUnit4Provider.java:234)
	at org.apache.maven.surefire.junit4.JUnit4Provider.executeTestSet(JUnit4Provider.java:134)
	at org.apache.maven.surefire.junit4.JUnit4Provider.invoke(JUnit4Provider.java:113)
	at sun.reflect.NativeMethodAccessorImpl.invoke0(Native Method)
	at sun.reflect.NativeMethodAccessorImpl.invoke(NativeMethodAccessorImpl.java:62)
	at sun.reflect.DelegatingMethodAccessorImpl.invoke(DelegatingMethodAccessorImpl.java:43)
	at java.lang.reflect.Method.invoke(Method.java:483)
	at org.apache.maven.surefire.util.ReflectionUtils.invokeMethodWithArray(ReflectionUtils.java:189)
	at org.apache.maven.surefire.booter.ProviderFactory$ProviderProxy.invoke(ProviderFactory.java:165)
	at org.apache.maven.surefire.booter.ProviderFactory.invokeProvider(ProviderFactory.java:85)
	at org.apache.maven.surefire.booter.ForkedBooter.runSuitesInProcess(ForkedBooter.java:103)
	at org.apache.maven.surefire.booter.ForkedBooter.main(ForkedBooter.java:74)
Running org.springframework.data.jpa.infrastructure.EclipseLinkMetamodelIntegrationTests
Tests run: 3, Failures: 0, Errors: 0, Skipped: 2, Time elapsed: 0.031 sec

Results :

Tests in error: 
  initializationError(org.springframework.data.jpa.repository.EclipseLinkStoredProcedureIntegrationTests): Neither GenericXmlContextLoader nor AnnotationConfigContextLoader was able to detect defaults, and no ApplicationContextInitializers were declared for context configuration [ContextConfigurationAttributes@73b0ed03 declaringClass = 'org.springframework.data.jpa.repository.EclipseLinkStoredProcedureIntegrationTests', classes = '{}', locations = '{}', inheritLocations = true, initializers = '{}', inheritInitializers = true, name = [null], contextLoaderClass = 'org.springframework.test.context.ContextLoader']

Tests run: 179, Failures: 0, Errors: 1, Skipped: 5

[INFO] ------------------------------------------------------------------------
[INFO] BUILD FAILURE
[INFO] ------------------------------------------------------------------------
[INFO] Total time: 02:48 min
[INFO] Finished at: 2015-05-12T12:45:08+00:00
[INFO] Final Memory: 35M/420M
[INFO] ------------------------------------------------------------------------
[ERROR] Failed to execute goal org.apache.maven.plugins:maven-surefire-plugin:2.12:test (eclipselink-tests) on project spring-data-jpa: There are test failures.
[ERROR] 
[ERROR] Please refer to /home/travis/build/spring-projects/spring-data-jpa/target/surefire-reports for the individual test results.
[ERROR] -> [Help 1]
[ERROR] 
[ERROR] To see the full stack trace of the errors, re-run Maven with the -e switch.
[ERROR] Re-run Maven using the -X switch to enable full debug logging.
[ERROR] 
[ERROR] For more information about the errors and possible solutions, please read the following articles:
[ERROR] [Help 1] http://cwiki.apache.org/confluence/display/MAVEN/MojoFailureException
travis_time:end:150bcb7a:start=1431434536986641005,finish=1431434708919934231,duration=171933293226[0K
[31;1mThe command "mvn clean dependency:list test -P${PROFILE} -Dsort" exited with 1.[0m
travis_fold:start:cache.2[0Kstore build cache
travis_time:start:08b3a853[0Kchange detected: /home/travis/.m2/repository/org/springframework/data/build/spring-data-parent/1.6.1.BUILD-SNAPSHOT/resolver-status.properties
changes detected, packing new archive
uploading archive
travis_time:end:08b3a853:start=1431434708924450256,finish=1431434739576707346,duration=30652257090[0Ktravis_fold:end:cache.2[0K
Done. Your build exited with 1.
