Using worker: worker-linux-docker-acde6945.prod.travis-ci.org:travis-linux-8

travis_fold:start:system_info[0K[33;1mBuild system information[0m
Build language: java
[34m[1mBuild image provisioning date and time[0m
Thu Feb  5 15:09:33 UTC 2015
[34m[1mOperating System Details[0m
Distributor ID:	Ubuntu
Description:	Ubuntu 12.04.5 LTS
Release:	12.04
Codename:	precise
[34m[1mLinux Version[0m
3.13.0-29-generic
[34m[1mCookbooks Version[0m
a68419e https://github.com/travis-ci/travis-cookbooks/tree/a68419e
[34m[1mGCC version[0m
gcc (Ubuntu/Linaro 4.6.3-1ubuntu5) 4.6.3
Copyright (C) 2011 Free Software Foundation, Inc.
This is free software; see the source for copying conditions.  There is NO
warranty; not even for MERCHANTABILITY or FITNESS FOR A PARTICULAR PURPOSE.

[34m[1mLLVM version[0m
clang version 3.4 (tags/RELEASE_34/final)
Target: x86_64-unknown-linux-gnu
Thread model: posix
[34m[1mPre-installed Ruby versions[0m
ruby-1.9.3-p551
[34m[1mPre-installed Node.js versions[0m
v0.10.36
[34m[1mPre-installed Go versions[0m
1.4.1
[34m[1mRedis version[0m
redis-server 2.8.19
[34m[1mriak version[0m
2.0.2
[34m[1mMongoDB version[0m
MongoDB 2.4.12
[34m[1mCouchDB version[0m
couchdb 1.6.1
[34m[1mNeo4j version[0m
1.9.4
[34m[1mRabbitMQ Version[0m
3.4.3
[34m[1mElasticSearch version[0m
1.4.0
[34m[1mInstalled Sphinx versions[0m
2.0.10
2.1.9
2.2.6
[34m[1mDefault Sphinx version[0m
2.2.6
[34m[1mInstalled Firefox version[0m
firefox 31.0esr
[34m[1mPhantomJS version[0m
1.9.8
[34m[1mant -version[0m
Apache Ant(TM) version 1.8.2 compiled on December 3 2011
[34m[1mmvn -version[0m
Apache Maven 3.2.5 (12a6b3acb947671f09b81f49094c53f426d8cea1; 2014-12-14T17:29:23+00:00)
Maven home: /usr/local/maven
Java version: 1.7.0_76, vendor: Oracle Corporation
Java home: /usr/lib/jvm/java-7-oracle/jre
Default locale: en_US, platform encoding: ANSI_X3.4-1968
OS name: "linux", version: "3.13.0-29-generic", arch: "amd64", family: "unix"
travis_fold:end:system_info[0K
travis_fold:start:git.checkout[0Ktravis_time:start:1454a2e0[0K$ git clone --depth=50 --branch=DATAJPA-307 git://github.com/spring-projects/spring-data-jpa.git spring-projects/spring-data-jpa
Cloning into 'spring-projects/spring-data-jpa'...
remote: Counting objects: 1119, done.[K
remote: Compressing objects:   0% (1/648)   [Kremote: Compressing objects:   1% (7/648)   [Kremote: Compressing objects:   2% (13/648)   [Kremote: Compressing objects:   3% (20/648)   [Kremote: Compressing objects:   4% (26/648)   [Kremote: Compressing objects:   5% (33/648)   [Kremote: Compressing objects:   6% (39/648)   [Kremote: Compressing objects:   7% (46/648)   [Kremote: Compressing objects:   8% (52/648)   [Kremote: Compressing objects:   9% (59/648)   [Kremote: Compressing objects:  10% (65/648)   [Kremote: Compressing objects:  11% (72/648)   [Kremote: Compressing objects:  12% (78/648)   [Kremote: Compressing objects:  13% (85/648)   [Kremote: Compressing objects:  14% (91/648)   [Kremote: Compressing objects:  15% (98/648)   [Kremote: Compressing objects:  16% (104/648)   [Kremote: Compressing objects:  17% (111/648)   [Kremote: Compressing objects:  18% (117/648)   [Kremote: Compressing objects:  19% (124/648)   [Kremote: Compressing objects:  20% (130/648)   [Kremote: Compressing objects:  21% (137/648)   [Kremote: Compressing objects:  22% (143/648)   [Kremote: Compressing objects:  23% (150/648)   [Kremote: Compressing objects:  24% (156/648)   [Kremote: Compressing objects:  25% (162/648)   [Kremote: Compressing objects:  26% (169/648)   [Kremote: Compressing objects:  27% (175/648)   [Kremote: Compressing objects:  28% (182/648)   [Kremote: Compressing objects:  29% (188/648)   [Kremote: Compressing objects:  30% (195/648)   [Kremote: Compressing objects:  31% (201/648)   [Kremote: Compressing objects:  32% (208/648)   [Kremote: Compressing objects:  33% (214/648)   [Kremote: Compressing objects:  34% (221/648)   [Kremote: Compressing objects:  35% (227/648)   [Kremote: Compressing objects:  36% (234/648)   [Kremote: Compressing objects:  37% (240/648)   [Kremote: Compressing objects:  38% (247/648)   [Kremote: Compressing objects:  39% (253/648)   [Kremote: Compressing objects:  40% (260/648)   [Kremote: Compressing objects:  41% (266/648)   [Kremote: Compressing objects:  42% (273/648)   [Kremote: Compressing objects:  43% (279/648)   [Kremote: Compressing objects:  44% (286/648)   [Kremote: Compressing objects:  45% (292/648)   [Kremote: Compressing objects:  46% (299/648)   [Kremote: Compressing objects:  47% (305/648)   [Kremote: Compressing objects:  48% (312/648)   [Kremote: Compressing objects:  49% (318/648)   [Kremote: Compressing objects:  50% (324/648)   [Kremote: Compressing objects:  51% (331/648)   [Kremote: Compressing objects:  52% (337/648)   [Kremote: Compressing objects:  53% (344/648)   [Kremote: Compressing objects:  54% (350/648)   [Kremote: Compressing objects:  55% (357/648)   [Kremote: Compressing objects:  56% (363/648)   [Kremote: Compressing objects:  57% (370/648)   [Kremote: Compressing objects:  58% (376/648)   [Kremote: Compressing objects:  59% (383/648)   [Kremote: Compressing objects:  60% (389/648)   [Kremote: Compressing objects:  61% (396/648)   [Kremote: Compressing objects:  62% (402/648)   [Kremote: Compressing objects:  63% (409/648)   [Kremote: Compressing objects:  64% (415/648)   [Kremote: Compressing objects:  65% (422/648)   [Kremote: Compressing objects:  66% (428/648)   [Kremote: Compressing objects:  67% (435/648)   [Kremote: Compressing objects:  68% (441/648)   [Kremote: Compressing objects:  69% (448/648)   [Kremote: Compressing objects:  70% (454/648)   [Kremote: Compressing objects:  71% (461/648)   [Kremote: Compressing objects:  72% (467/648)   [Kremote: Compressing objects:  73% (474/648)   [Kremote: Compressing objects:  74% (480/648)   [Kremote: Compressing objects:  75% (486/648)   [Kremote: Compressing objects:  76% (493/648)   [Kremote: Compressing objects:  77% (499/648)   [Kremote: Compressing objects:  78% (506/648)   [Kremote: Compressing objects:  79% (512/648)   [Kremote: Compressing objects:  80% (519/648)   [Kremote: Compressing objects:  81% (525/648)   [Kremote: Compressing objects:  82% (532/648)   [Kremote: Compressing objects:  83% (538/648)   [Kremote: Compressing objects:  84% (545/648)   [Kremote: Compressing objects:  85% (551/648)   [Kremote: Compressing objects:  86% (558/648)   [Kremote: Compressing objects:  87% (564/648)   [Kremote: Compressing objects:  88% (571/648)   [Kremote: Compressing objects:  89% (577/648)   [Kremote: Compressing objects:  90% (584/648)   [Kremote: Compressing objects:  91% (590/648)   [Kremote: Compressing objects:  92% (597/648)   [Kremote: Compressing objects:  93% (603/648)   [Kremote: Compressing objects:  94% (610/648)   [Kremote: Compressing objects:  95% (616/648)   [Kremote: Compressing objects:  96% (623/648)   [Kremote: Compressing objects:  97% (629/648)   [Kremote: Compressing objects:  98% (636/648)   [Kremote: Compressing objects:  99% (642/648)   [Kremote: Compressing objects: 100% (648/648)   [Kremote: Compressing objects: 100% (648/648), done.[K
Receiving objects:   0% (1/1119)   Receiving objects:   1% (12/1119)   Receiving objects:   2% (23/1119)   Receiving objects:   3% (34/1119)   Receiving objects:   4% (45/1119)   Receiving objects:   5% (56/1119)   Receiving objects:   6% (68/1119)   Receiving objects:   7% (79/1119)   Receiving objects:   8% (90/1119)   Receiving objects:   9% (101/1119)   Receiving objects:  10% (112/1119)   Receiving objects:  11% (124/1119)   Receiving objects:  12% (135/1119)   Receiving objects:  13% (146/1119)   Receiving objects:  14% (157/1119)   Receiving objects:  15% (168/1119)   Receiving objects:  16% (180/1119)   Receiving objects:  17% (191/1119)   Receiving objects:  18% (202/1119)   Receiving objects:  19% (213/1119)   Receiving objects:  20% (224/1119)   Receiving objects:  21% (235/1119)   Receiving objects:  22% (247/1119)   Receiving objects:  23% (258/1119)   Receiving objects:  24% (269/1119)   Receiving objects:  25% (280/1119)   Receiving objects:  26% (291/1119)   Receiving objects:  27% (303/1119)   Receiving objects:  28% (314/1119)   Receiving objects:  29% (325/1119)   Receiving objects:  30% (336/1119)   Receiving objects:  31% (347/1119)   Receiving objects:  32% (359/1119)   Receiving objects:  33% (370/1119)   Receiving objects:  34% (381/1119)   Receiving objects:  35% (392/1119)   Receiving objects:  36% (403/1119)   Receiving objects:  37% (415/1119)   Receiving objects:  38% (426/1119)   Receiving objects:  39% (437/1119)   Receiving objects:  40% (448/1119)   Receiving objects:  41% (459/1119)   Receiving objects:  42% (470/1119)   Receiving objects:  43% (482/1119)   Receiving objects:  44% (493/1119)   Receiving objects:  45% (504/1119)   Receiving objects:  46% (515/1119)   Receiving objects:  47% (526/1119)   Receiving objects:  48% (538/1119)   Receiving objects:  49% (549/1119)   Receiving objects:  50% (560/1119)   Receiving objects:  51% (571/1119)   Receiving objects:  52% (582/1119)   Receiving objects:  53% (594/1119)   Receiving objects:  54% (605/1119)   Receiving objects:  55% (616/1119)   Receiving objects:  56% (627/1119)   Receiving objects:  57% (638/1119)   Receiving objects:  58% (650/1119)   Receiving objects:  59% (661/1119)   Receiving objects:  60% (672/1119)   Receiving objects:  61% (683/1119)   Receiving objects:  62% (694/1119)   Receiving objects:  63% (705/1119)   Receiving objects:  64% (717/1119)   Receiving objects:  65% (728/1119)   Receiving objects:  66% (739/1119)   Receiving objects:  67% (750/1119)   Receiving objects:  68% (761/1119)   Receiving objects:  69% (773/1119)   Receiving objects:  70% (784/1119)   Receiving objects:  71% (795/1119)   Receiving objects:  72% (806/1119)   Receiving objects:  73% (817/1119)   Receiving objects:  74% (829/1119)   Receiving objects:  75% (840/1119)   Receiving objects:  76% (851/1119)   Receiving objects:  77% (862/1119)   Receiving objects:  78% (873/1119)   Receiving objects:  79% (885/1119)   Receiving objects:  80% (896/1119)   Receiving objects:  81% (907/1119)   Receiving objects:  82% (918/1119)   Receiving objects:  83% (929/1119)   Receiving objects:  84% (940/1119)   Receiving objects:  85% (952/1119)   Receiving objects:  86% (963/1119)   Receiving objects:  87% (974/1119)   Receiving objects:  88% (985/1119)   Receiving objects:  89% (996/1119)   Receiving objects:  90% (1008/1119)   Receiving objects:  91% (1019/1119)   Receiving objects:  92% (1030/1119)   remote: Total 1119 (delta 509), reused 763 (delta 269), pack-reused 0[K
Receiving objects:  93% (1041/1119)   Receiving objects:  94% (1052/1119)   Receiving objects:  95% (1064/1119)   Receiving objects:  96% (1075/1119)   Receiving objects:  97% (1086/1119)   Receiving objects:  98% (1097/1119)   Receiving objects:  99% (1108/1119)   Receiving objects: 100% (1119/1119)   Receiving objects: 100% (1119/1119), 409.04 KiB | 0 bytes/s, done.
Resolving deltas:   0% (0/509)   Resolving deltas:   1% (7/509)   Resolving deltas:   2% (15/509)   Resolving deltas:   3% (18/509)   Resolving deltas:   4% (21/509)   Resolving deltas:   6% (32/509)   Resolving deltas:   8% (42/509)   Resolving deltas:  19% (99/509)   Resolving deltas:  23% (119/509)   Resolving deltas:  24% (127/509)   Resolving deltas:  28% (147/509)   Resolving deltas:  30% (157/509)   Resolving deltas:  32% (165/509)   Resolving deltas:  33% (168/509)   Resolving deltas:  35% (181/509)   Resolving deltas:  36% (184/509)   Resolving deltas:  37% (189/509)   Resolving deltas:  38% (196/509)   Resolving deltas:  39% (199/509)   Resolving deltas:  40% (204/509)   Resolving deltas:  41% (210/509)   Resolving deltas:  42% (214/509)   Resolving deltas:  43% (219/509)   Resolving deltas:  44% (224/509)   Resolving deltas:  45% (233/509)   Resolving deltas:  48% (246/509)   Resolving deltas:  50% (256/509)   Resolving deltas:  51% (260/509)   Resolving deltas:  52% (266/509)   Resolving deltas:  55% (280/509)   Resolving deltas:  56% (289/509)   Resolving deltas:  57% (292/509)   Resolving deltas:  58% (299/509)   Resolving deltas:  59% (301/509)   Resolving deltas:  61% (311/509)   Resolving deltas:  62% (320/509)   Resolving deltas:  63% (323/509)   Resolving deltas:  64% (326/509)   Resolving deltas:  65% (335/509)   Resolving deltas:  66% (336/509)   Resolving deltas:  67% (343/509)   Resolving deltas:  69% (355/509)   Resolving deltas:  70% (357/509)   Resolving deltas:  71% (363/509)   Resolving deltas:  72% (369/509)   Resolving deltas:  73% (372/509)   Resolving deltas:  74% (378/509)   Resolving deltas:  75% (382/509)   Resolving deltas:  77% (392/509)   Resolving deltas:  79% (403/509)   Resolving deltas:  80% (409/509)   Resolving deltas:  85% (437/509)   Resolving deltas:  87% (445/509)   Resolving deltas:  88% (451/509)   Resolving deltas:  89% (454/509)   Resolving deltas:  90% (463/509)   Resolving deltas:  91% (464/509)   Resolving deltas:  92% (469/509)   Resolving deltas:  93% (474/509)   Resolving deltas:  94% (481/509)   Resolving deltas:  95% (485/509)   Resolving deltas:  96% (490/509)   Resolving deltas:  97% (497/509)   Resolving deltas:  98% (502/509)   Resolving deltas:  99% (504/509)   Resolving deltas: 100% (509/509)   Resolving deltas: 100% (509/509), done.
Checking connectivity... done.
travis_time:end:1454a2e0:start=1435669427477275487,finish=1435669427728680361,duration=251404874[0K$ cd spring-projects/spring-data-jpa
$ git checkout -qf 98afea38c7e9061b66b1ddf21b52fa5d5af6a3fd
travis_fold:end:git.checkout[0K
[33;1mThis job is running on container-based infrastructure, which does not allow use of 'sudo', setuid and setguid executables.[0m
[33;1mIf you require sudo, add 'sudo: required' to your .travis.yml[0m
[33;1mSee http://docs.travis-ci.com/user/workers/container-based-infrastructure/ for details.[0m

[33;1mSetting environment variables from .travis.yml[0m
$ export PROFILE=spring42-next

travis_fold:start:cache.1[0KSetting up build cache
$ export CASHER_DIR=$HOME/.casher
travis_time:start:147f9480[0K$ Installing caching utilities
travis_time:end:147f9480:start=1435669429562895031,finish=1435669429650298586,duration=87403555[0Ktravis_time:start:01a75994[0Kattempting to download cache archive
fetching DATAJPA-307/cache--jdk-oraclejdk8.tbz
found cache
travis_time:end:01a75994:start=1435669429656709710,finish=1435669433416571908,duration=3759862198[0Ktravis_time:start:2af7cf04[0Kadding /home/travis/.m2 to cache
travis_time:end:2af7cf04:start=1435669433421939567,finish=1435669454895420722,duration=21473481155[0Ktravis_fold:end:cache.1[0K$ jdk_switcher use oraclejdk8
Switching to Oracle JDK8 (java-8-oracle), JAVA_HOME will be set to /usr/lib/jvm/java-8-oracle
$ java -Xmx32m -version
java version "1.8.0_31"
Java(TM) SE Runtime Environment (build 1.8.0_31-b13)
Java HotSpot(TM) 64-Bit Server VM (build 25.31-b07, mixed mode)
$ javac -J-Xmx32m -version
javac 1.8.0_31
travis_fold:start:install[0Ktravis_time:start:257f6622[0K$ true
travis_time:end:257f6622:start=1435669455269228011,finish=1435669455272241188,duration=3013177[0Ktravis_fold:end:install[0Ktravis_time:start:00e2a460[0K$ mvn clean dependency:list test -P${PROFILE} -Dsort
Java HotSpot(TM) 64-Bit Server VM warning: ignoring option MaxPermSize=192m; support was removed in 8.0
[INFO] Scanning for projects...
Downloading: https://repo.spring.io/libs-snapshot/org/springframework/data/build/spring-data-parent/1.7.0.BUILD-SNAPSHOT/maven-metadata.xml
Downloading: https://repository.apache.org/snapshots/org/springframework/data/build/spring-data-parent/1.7.0.BUILD-SNAPSHOT/maven-metadata.xml
812/812 B               Downloaded: https://repo.spring.io/libs-snapshot/org/springframework/data/build/spring-data-parent/1.7.0.BUILD-SNAPSHOT/maven-metadata.xml (812 B at 1.1 KB/sec)
            Downloading: https://repo.spring.io/libs-snapshot/org/springframework/data/build/spring-data-parent/1.7.0.BUILD-SNAPSHOT/spring-data-parent-1.7.0.BUILD-20150630.083757-21.pom
4/21 KB     8/21 KB   12/21 KB   14/21 KB   18/21 KB   21/21 KB              Downloaded: https://repo.spring.io/libs-snapshot/org/springframework/data/build/spring-data-parent/1.7.0.BUILD-SNAPSHOT/spring-data-parent-1.7.0.BUILD-20150630.083757-21.pom (21 KB at 275.1 KB/sec)
Downloading: https://repository.apache.org/snapshots/org/springframework/data/build/spring-data-build/1.7.0.BUILD-SNAPSHOT/maven-metadata.xml
Downloading: https://repo.spring.io/libs-snapshot/org/springframework/data/build/spring-data-build/1.7.0.BUILD-SNAPSHOT/maven-metadata.xml
811/811 B               Downloaded: https://repo.spring.io/libs-snapshot/org/springframework/data/build/spring-data-build/1.7.0.BUILD-SNAPSHOT/maven-metadata.xml (811 B at 15.8 KB/sec)
            Downloading: https://repo.spring.io/libs-snapshot/org/springframework/data/build/spring-data-build/1.7.0.BUILD-SNAPSHOT/spring-data-build-1.7.0.BUILD-20150630.083757-21.pom
3/3 KB               Downloaded: https://repo.spring.io/libs-snapshot/org/springframework/data/build/spring-data-build/1.7.0.BUILD-SNAPSHOT/spring-data-build-1.7.0.BUILD-20150630.083757-21.pom (3 KB at 42.1 KB/sec)
Downloading: https://repository.apache.org/snapshots/org/springframework/spring-framework-bom/4.2.0.BUILD-SNAPSHOT/maven-metadata.xml
Downloading: https://repo.spring.io/libs-snapshot/org/springframework/spring-framework-bom/4.2.0.BUILD-SNAPSHOT/maven-metadata.xml
2/2 KB            Downloaded: https://repo.spring.io/libs-snapshot/org/springframework/spring-framework-bom/4.2.0.BUILD-SNAPSHOT/maven-metadata.xml (2 KB at 15.3 KB/sec)
         Downloading: https://repo.spring.io/libs-snapshot/org/springframework/spring-framework-bom/4.2.0.BUILD-SNAPSHOT/spring-framework-bom-4.2.0.BUILD-20150630.104748-508.pom
4/6 KB   6/6 KB            Downloaded: https://repo.spring.io/libs-snapshot/org/springframework/spring-framework-bom/4.2.0.BUILD-SNAPSHOT/spring-framework-bom-4.2.0.BUILD-20150630.104748-508.pom (6 KB at 64.3 KB/sec)
[INFO]                                                                         
[INFO] ------------------------------------------------------------------------
[INFO] Building Spring Data JPA 1.9.0.DATAJPA-307-SNAPSHOT
[INFO] ------------------------------------------------------------------------
Downloading: https://repo.spring.io/libs-snapshot/org/springframework/data/spring-data-commons/1.11.0.DATACMNS-293-SNAPSHOT/maven-metadata.xml
Downloading: https://repository.apache.org/snapshots/org/springframework/data/spring-data-commons/1.11.0.DATACMNS-293-SNAPSHOT/maven-metadata.xml
3/3 KB            Downloaded: https://repo.spring.io/libs-snapshot/org/springframework/data/spring-data-commons/1.11.0.DATACMNS-293-SNAPSHOT/maven-metadata.xml (3 KB at 28.4 KB/sec)
         Downloading: https://oss.sonatype.org/content/repositories/snapshots/org/springframework/data/spring-data-commons/1.11.0.DATACMNS-293-SNAPSHOT/spring-data-commons-1.11.0.DATACMNS-293-20150630.070156-6.pom
         Downloading: https://repository.apache.org/snapshots/org/springframework/data/spring-data-commons/1.11.0.DATACMNS-293-SNAPSHOT/spring-data-commons-1.11.0.DATACMNS-293-20150630.070156-6.pom
         Downloading: https://nexus.codehaus.org/snapshots/org/springframework/data/spring-data-commons/1.11.0.DATACMNS-293-SNAPSHOT/spring-data-commons-1.11.0.DATACMNS-293-20150630.070156-6.pom
         Downloading: https://repo.spring.io/libs-snapshot/org/springframework/data/spring-data-commons/1.11.0.DATACMNS-293-SNAPSHOT/spring-data-commons-1.11.0.DATACMNS-293-20150630.070156-6.pom
4/7 KB   7/7 KB            Downloaded: https://repo.spring.io/libs-snapshot/org/springframework/data/spring-data-commons/1.11.0.DATACMNS-293-SNAPSHOT/spring-data-commons-1.11.0.DATACMNS-293-20150630.070156-6.pom (7 KB at 134.3 KB/sec)
Downloading: https://repository.apache.org/snapshots/org/springframework/spring-core/4.2.0.BUILD-SNAPSHOT/maven-metadata.xml
Downloading: https://repo.spring.io/libs-snapshot/org/springframework/spring-core/4.2.0.BUILD-SNAPSHOT/maven-metadata.xml
3/3 KB            Downloaded: https://repo.spring.io/libs-snapshot/org/springframework/spring-core/4.2.0.BUILD-SNAPSHOT/maven-metadata.xml (3 KB at 31.4 KB/sec)
         Downloading: https://oss.sonatype.org/content/repositories/snapshots/org/springframework/spring-core/4.2.0.BUILD-SNAPSHOT/spring-core-4.2.0.BUILD-20150630.104748-508.pom
         Downloading: https://repository.apache.org/snapshots/org/springframework/spring-core/4.2.0.BUILD-SNAPSHOT/spring-core-4.2.0.BUILD-20150630.104748-508.pom
         Downloading: https://nexus.codehaus.org/snapshots/org/springframework/spring-core/4.2.0.BUILD-SNAPSHOT/spring-core-4.2.0.BUILD-20150630.104748-508.pom
         Downloading: https://repo.spring.io/libs-snapshot/org/springframework/spring-core/4.2.0.BUILD-SNAPSHOT/spring-core-4.2.0.BUILD-20150630.104748-508.pom
3/3 KB            Downloaded: https://repo.spring.io/libs-snapshot/org/springframework/spring-core/4.2.0.BUILD-SNAPSHOT/spring-core-4.2.0.BUILD-20150630.104748-508.pom (3 KB at 33.9 KB/sec)
Downloading: https://repository.apache.org/snapshots/org/springframework/spring-beans/4.2.0.BUILD-SNAPSHOT/maven-metadata.xml
Downloading: https://repo.spring.io/libs-snapshot/org/springframework/spring-beans/4.2.0.BUILD-SNAPSHOT/maven-metadata.xml
3/3 KB            Downloaded: https://repo.spring.io/libs-snapshot/org/springframework/spring-beans/4.2.0.BUILD-SNAPSHOT/maven-metadata.xml (3 KB at 45.7 KB/sec)
         Downloading: https://oss.sonatype.org/content/repositories/snapshots/org/springframework/spring-beans/4.2.0.BUILD-SNAPSHOT/spring-beans-4.2.0.BUILD-20150630.104748-508.pom
         Downloading: https://repository.apache.org/snapshots/org/springframework/spring-beans/4.2.0.BUILD-SNAPSHOT/spring-beans-4.2.0.BUILD-20150630.104748-508.pom
         Downloading: https://nexus.codehaus.org/snapshots/org/springframework/spring-beans/4.2.0.BUILD-SNAPSHOT/spring-beans-4.2.0.BUILD-20150630.104748-508.pom
         Downloading: https://repo.spring.io/libs-snapshot/org/springframework/spring-beans/4.2.0.BUILD-SNAPSHOT/spring-beans-4.2.0.BUILD-20150630.104748-508.pom
3/3 KB            Downloaded: https://repo.spring.io/libs-snapshot/org/springframework/spring-beans/4.2.0.BUILD-SNAPSHOT/spring-beans-4.2.0.BUILD-20150630.104748-508.pom (3 KB at 32.7 KB/sec)
Downloading: https://repository.apache.org/snapshots/org/springframework/spring-orm/4.2.0.BUILD-SNAPSHOT/maven-metadata.xml
Downloading: https://repo.spring.io/libs-snapshot/org/springframework/spring-orm/4.2.0.BUILD-SNAPSHOT/maven-metadata.xml
3/3 KB            Downloaded: https://repo.spring.io/libs-snapshot/org/springframework/spring-orm/4.2.0.BUILD-SNAPSHOT/maven-metadata.xml (3 KB at 44.7 KB/sec)
         Downloading: https://oss.sonatype.org/content/repositories/snapshots/org/springframework/spring-orm/4.2.0.BUILD-SNAPSHOT/spring-orm-4.2.0.BUILD-20150630.104748-508.pom
         Downloading: https://repository.apache.org/snapshots/org/springframework/spring-orm/4.2.0.BUILD-SNAPSHOT/spring-orm-4.2.0.BUILD-20150630.104748-508.pom
         Downloading: https://nexus.codehaus.org/snapshots/org/springframework/spring-orm/4.2.0.BUILD-SNAPSHOT/spring-orm-4.2.0.BUILD-20150630.104748-508.pom
         Downloading: https://repo.spring.io/libs-snapshot/org/springframework/spring-orm/4.2.0.BUILD-SNAPSHOT/spring-orm-4.2.0.BUILD-20150630.104748-508.pom
4/8 KB   8/8 KB            Downloaded: https://repo.spring.io/libs-snapshot/org/springframework/spring-orm/4.2.0.BUILD-SNAPSHOT/spring-orm-4.2.0.BUILD-20150630.104748-508.pom (8 KB at 114.3 KB/sec)
Downloading: https://repository.apache.org/snapshots/org/springframework/spring-jdbc/4.2.0.BUILD-SNAPSHOT/maven-metadata.xml
Downloading: https://repo.spring.io/libs-snapshot/org/springframework/spring-jdbc/4.2.0.BUILD-SNAPSHOT/maven-metadata.xml
3/3 KB            Downloaded: https://repo.spring.io/libs-snapshot/org/springframework/spring-jdbc/4.2.0.BUILD-SNAPSHOT/maven-metadata.xml (3 KB at 6.6 KB/sec)
         Downloading: https://oss.sonatype.org/content/repositories/snapshots/org/springframework/spring-jdbc/4.2.0.BUILD-SNAPSHOT/spring-jdbc-4.2.0.BUILD-20150630.104748-508.pom
         Downloading: https://repository.apache.org/snapshots/org/springframework/spring-jdbc/4.2.0.BUILD-SNAPSHOT/spring-jdbc-4.2.0.BUILD-20150630.104748-508.pom
         Downloading: https://nexus.codehaus.org/snapshots/org/springframework/spring-jdbc/4.2.0.BUILD-SNAPSHOT/spring-jdbc-4.2.0.BUILD-20150630.104748-508.pom
         Downloading: https://repo.spring.io/libs-snapshot/org/springframework/spring-jdbc/4.2.0.BUILD-SNAPSHOT/spring-jdbc-4.2.0.BUILD-20150630.104748-508.pom
4/4 KB            Downloaded: https://repo.spring.io/libs-snapshot/org/springframework/spring-jdbc/4.2.0.BUILD-SNAPSHOT/spring-jdbc-4.2.0.BUILD-20150630.104748-508.pom (4 KB at 55.3 KB/sec)
Downloading: https://repository.apache.org/snapshots/org/springframework/spring-tx/4.2.0.BUILD-SNAPSHOT/maven-metadata.xml
Downloading: https://repo.spring.io/libs-snapshot/org/springframework/spring-tx/4.2.0.BUILD-SNAPSHOT/maven-metadata.xml
3/3 KB            Downloaded: https://repo.spring.io/libs-snapshot/org/springframework/spring-tx/4.2.0.BUILD-SNAPSHOT/maven-metadata.xml (3 KB at 38.6 KB/sec)
         Downloading: https://oss.sonatype.org/content/repositories/snapshots/org/springframework/spring-tx/4.2.0.BUILD-SNAPSHOT/spring-tx-4.2.0.BUILD-20150630.104748-508.pom
         Downloading: https://repository.apache.org/snapshots/org/springframework/spring-tx/4.2.0.BUILD-SNAPSHOT/spring-tx-4.2.0.BUILD-20150630.104748-508.pom
         Downloading: https://nexus.codehaus.org/snapshots/org/springframework/spring-tx/4.2.0.BUILD-SNAPSHOT/spring-tx-4.2.0.BUILD-20150630.104748-508.pom
         Downloading: https://repo.spring.io/libs-snapshot/org/springframework/spring-tx/4.2.0.BUILD-SNAPSHOT/spring-tx-4.2.0.BUILD-20150630.104748-508.pom
4/4 KB            Downloaded: https://repo.spring.io/libs-snapshot/org/springframework/spring-tx/4.2.0.BUILD-SNAPSHOT/spring-tx-4.2.0.BUILD-20150630.104748-508.pom (4 KB at 46.8 KB/sec)
Downloading: https://repo.spring.io/libs-snapshot/org/springframework/spring-context/4.2.0.BUILD-SNAPSHOT/maven-metadata.xml
Downloading: https://repository.apache.org/snapshots/org/springframework/spring-context/4.2.0.BUILD-SNAPSHOT/maven-metadata.xml
3/3 KB            Downloaded: https://repo.spring.io/libs-snapshot/org/springframework/spring-context/4.2.0.BUILD-SNAPSHOT/maven-metadata.xml (3 KB at 41.1 KB/sec)
         Downloading: https://oss.sonatype.org/content/repositories/snapshots/org/springframework/spring-context/4.2.0.BUILD-SNAPSHOT/spring-context-4.2.0.BUILD-20150630.104748-508.pom
         Downloading: https://repository.apache.org/snapshots/org/springframework/spring-context/4.2.0.BUILD-SNAPSHOT/spring-context-4.2.0.BUILD-20150630.104748-508.pom
         Downloading: https://nexus.codehaus.org/snapshots/org/springframework/spring-context/4.2.0.BUILD-SNAPSHOT/spring-context-4.2.0.BUILD-20150630.104748-508.pom
         Downloading: https://repo.spring.io/libs-snapshot/org/springframework/spring-context/4.2.0.BUILD-SNAPSHOT/spring-context-4.2.0.BUILD-20150630.104748-508.pom
4/5 KB   5/5 KB            Downloaded: https://repo.spring.io/libs-snapshot/org/springframework/spring-context/4.2.0.BUILD-SNAPSHOT/spring-context-4.2.0.BUILD-20150630.104748-508.pom (5 KB at 103.3 KB/sec)
Downloading: https://repository.apache.org/snapshots/org/springframework/spring-aop/4.2.0.BUILD-SNAPSHOT/maven-metadata.xml
Downloading: https://repo.spring.io/libs-snapshot/org/springframework/spring-aop/4.2.0.BUILD-SNAPSHOT/maven-metadata.xml
3/3 KB            Downloaded: https://repo.spring.io/libs-snapshot/org/springframework/spring-aop/4.2.0.BUILD-SNAPSHOT/maven-metadata.xml (3 KB at 46.8 KB/sec)
         Downloading: https://oss.sonatype.org/content/repositories/snapshots/org/springframework/spring-aop/4.2.0.BUILD-SNAPSHOT/spring-aop-4.2.0.BUILD-20150630.104748-508.pom
         Downloading: https://repository.apache.org/snapshots/org/springframework/spring-aop/4.2.0.BUILD-SNAPSHOT/spring-aop-4.2.0.BUILD-20150630.104748-508.pom
         Downloading: https://nexus.codehaus.org/snapshots/org/springframework/spring-aop/4.2.0.BUILD-SNAPSHOT/spring-aop-4.2.0.BUILD-20150630.104748-508.pom
         Downloading: https://repo.spring.io/libs-snapshot/org/springframework/spring-aop/4.2.0.BUILD-SNAPSHOT/spring-aop-4.2.0.BUILD-20150630.104748-508.pom
3/3 KB            Downloaded: https://repo.spring.io/libs-snapshot/org/springframework/spring-aop/4.2.0.BUILD-SNAPSHOT/spring-aop-4.2.0.BUILD-20150630.104748-508.pom (3 KB at 55.3 KB/sec)
Downloading: https://repository.apache.org/snapshots/org/springframework/spring-expression/4.2.0.BUILD-SNAPSHOT/maven-metadata.xml
Downloading: https://repo.spring.io/libs-snapshot/org/springframework/spring-expression/4.2.0.BUILD-SNAPSHOT/maven-metadata.xml
3/3 KB            Downloaded: https://repo.spring.io/libs-snapshot/org/springframework/spring-expression/4.2.0.BUILD-SNAPSHOT/maven-metadata.xml (3 KB at 45.9 KB/sec)
         Downloading: https://oss.sonatype.org/content/repositories/snapshots/org/springframework/spring-expression/4.2.0.BUILD-SNAPSHOT/spring-expression-4.2.0.BUILD-20150630.104748-508.pom
         Downloading: https://repository.apache.org/snapshots/org/springframework/spring-expression/4.2.0.BUILD-SNAPSHOT/spring-expression-4.2.0.BUILD-20150630.104748-508.pom
         Downloading: https://nexus.codehaus.org/snapshots/org/springframework/spring-expression/4.2.0.BUILD-SNAPSHOT/spring-expression-4.2.0.BUILD-20150630.104748-508.pom
         Downloading: https://repo.spring.io/libs-snapshot/org/springframework/spring-expression/4.2.0.BUILD-SNAPSHOT/spring-expression-4.2.0.BUILD-20150630.104748-508.pom
2/2 KB            Downloaded: https://repo.spring.io/libs-snapshot/org/springframework/spring-expression/4.2.0.BUILD-SNAPSHOT/spring-expression-4.2.0.BUILD-20150630.104748-508.pom (2 KB at 32.6 KB/sec)
Downloading: https://repository.apache.org/snapshots/org/springframework/spring-instrument/4.2.0.BUILD-SNAPSHOT/maven-metadata.xml
Downloading: https://repo.spring.io/libs-snapshot/org/springframework/spring-instrument/4.2.0.BUILD-SNAPSHOT/maven-metadata.xml
3/3 KB            Downloaded: https://repo.spring.io/libs-snapshot/org/springframework/spring-instrument/4.2.0.BUILD-SNAPSHOT/maven-metadata.xml (3 KB at 38.8 KB/sec)
         Downloading: https://oss.sonatype.org/content/repositories/snapshots/org/springframework/spring-instrument/4.2.0.BUILD-SNAPSHOT/spring-instrument-4.2.0.BUILD-20150630.104748-508.pom
         Downloading: https://repository.apache.org/snapshots/org/springframework/spring-instrument/4.2.0.BUILD-SNAPSHOT/spring-instrument-4.2.0.BUILD-20150630.104748-508.pom
         Downloading: https://nexus.codehaus.org/snapshots/org/springframework/spring-instrument/4.2.0.BUILD-SNAPSHOT/spring-instrument-4.2.0.BUILD-20150630.104748-508.pom
         Downloading: https://repo.spring.io/libs-snapshot/org/springframework/spring-instrument/4.2.0.BUILD-SNAPSHOT/spring-instrument-4.2.0.BUILD-20150630.104748-508.pom
2/2 KB            Downloaded: https://repo.spring.io/libs-snapshot/org/springframework/spring-instrument/4.2.0.BUILD-SNAPSHOT/spring-instrument-4.2.0.BUILD-20150630.104748-508.pom (2 KB at 18.9 KB/sec)
Downloading: https://repo.spring.io/libs-snapshot/org/springframework/spring-aspects/4.2.0.BUILD-SNAPSHOT/maven-metadata.xml
Downloading: https://repository.apache.org/snapshots/org/springframework/spring-aspects/4.2.0.BUILD-SNAPSHOT/maven-metadata.xml
3/3 KB            Downloaded: https://repo.spring.io/libs-snapshot/org/springframework/spring-aspects/4.2.0.BUILD-SNAPSHOT/maven-metadata.xml (3 KB at 49.1 KB/sec)
         Downloading: https://oss.sonatype.org/content/repositories/snapshots/org/springframework/spring-aspects/4.2.0.BUILD-SNAPSHOT/spring-aspects-4.2.0.BUILD-20150630.104748-508.pom
         Downloading: https://repository.apache.org/snapshots/org/springframework/spring-aspects/4.2.0.BUILD-SNAPSHOT/spring-aspects-4.2.0.BUILD-20150630.104748-508.pom
         Downloading: https://nexus.codehaus.org/snapshots/org/springframework/spring-aspects/4.2.0.BUILD-SNAPSHOT/spring-aspects-4.2.0.BUILD-20150630.104748-508.pom
         Downloading: https://repo.spring.io/libs-snapshot/org/springframework/spring-aspects/4.2.0.BUILD-SNAPSHOT/spring-aspects-4.2.0.BUILD-20150630.104748-508.pom
4/4 KB            Downloaded: https://repo.spring.io/libs-snapshot/org/springframework/spring-aspects/4.2.0.BUILD-SNAPSHOT/spring-aspects-4.2.0.BUILD-20150630.104748-508.pom (4 KB at 72.0 KB/sec)
Downloading: https://repository.apache.org/snapshots/org/springframework/spring-test/4.2.0.BUILD-SNAPSHOT/maven-metadata.xml
Downloading: https://repo.spring.io/libs-snapshot/org/springframework/spring-test/4.2.0.BUILD-SNAPSHOT/maven-metadata.xml
3/3 KB            Downloaded: https://repo.spring.io/libs-snapshot/org/springframework/spring-test/4.2.0.BUILD-SNAPSHOT/maven-metadata.xml (3 KB at 35.3 KB/sec)
         Downloading: https://oss.sonatype.org/content/repositories/snapshots/org/springframework/spring-test/4.2.0.BUILD-SNAPSHOT/spring-test-4.2.0.BUILD-20150630.104748-508.pom
         Downloading: https://repository.apache.org/snapshots/org/springframework/spring-test/4.2.0.BUILD-SNAPSHOT/spring-test-4.2.0.BUILD-20150630.104748-508.pom
         Downloading: https://nexus.codehaus.org/snapshots/org/springframework/spring-test/4.2.0.BUILD-SNAPSHOT/spring-test-4.2.0.BUILD-20150630.104748-508.pom
         Downloading: https://repo.spring.io/libs-snapshot/org/springframework/spring-test/4.2.0.BUILD-SNAPSHOT/spring-test-4.2.0.BUILD-20150630.104748-508.pom
4/7 KB   7/7 KB            Downloaded: https://repo.spring.io/libs-snapshot/org/springframework/spring-test/4.2.0.BUILD-SNAPSHOT/spring-test-4.2.0.BUILD-20150630.104748-508.pom (7 KB at 132.5 KB/sec)
Downloading: https://repo.spring.io/libs-snapshot/org/springframework/data/spring-data-commons/1.11.0.DATACMNS-293-SNAPSHOT/spring-data-commons-1.11.0.DATACMNS-293-20150630.070156-6.jar
Downloading: https://repo.spring.io/libs-snapshot/org/springframework/spring-orm/4.2.0.BUILD-SNAPSHOT/spring-orm-4.2.0.BUILD-20150630.104748-508.jar
Downloading: https://repo.spring.io/libs-snapshot/org/springframework/spring-jdbc/4.2.0.BUILD-SNAPSHOT/spring-jdbc-4.2.0.BUILD-20150630.104748-508.jar
Downloading: https://repo.spring.io/libs-snapshot/org/springframework/spring-context/4.2.0.BUILD-SNAPSHOT/spring-context-4.2.0.BUILD-20150630.104748-508.jar
Downloading: https://repo.spring.io/libs-snapshot/org/springframework/spring-expression/4.2.0.BUILD-SNAPSHOT/spring-expression-4.2.0.BUILD-20150630.104748-508.jar
4/455 KB   8/455 KB   12/455 KB   14/455 KB   18/455 KB   20/455 KB   24/455 KB   28/455 KB   31/455 KB   35/455 KB   37/455 KB   37/455 KB   4/610 KB   37/455 KB   8/610 KB   37/455 KB   12/610 KB   37/455 KB   14/610 KB   37/455 KB   18/610 KB   37/455 KB   20/610 KB   4/1058 KB   37/455 KB   20/610 KB   7/1058 KB   37/455 KB   20/610 KB   7/1058 KB   41/455 KB   20/610 KB   7/1058 KB   45/455 KB   20/610 KB   7/1058 KB   48/455 KB   20/610 KB   11/1058 KB   48/455 KB   20/610 KB   14/1058 KB   48/455 KB   20/610 KB   14/1058 KB   52/455 KB   20/610 KB   18/1058 KB   54/455 KB   4/412 KB   24/610 KB   18/1058 KB   58/455 KB   4/412 KB   24/610 KB   18/1058 KB   52/455 KB   4/412 KB   24/610 KB   22/1058 KB   58/455 KB   4/412 KB   24/610 KB   4/257 KB   26/1058 KB   58/455 KB   4/412 KB   24/610 KB   4/257 KB   28/1058 KB   58/455 KB   4/412 KB   24/610 KB   4/257 KB   32/1058 KB   58/455 KB   4/412 KB   24/610 KB   4/257 KB   34/1058 KB   58/455 KB   4/412 KB   24/610 KB   4/257 KB   14/1058 KB   52/455 KB   4/412 KB   24/610 KB   34/1058 KB   58/455 KB   4/412 KB   28/610 KB   4/257 KB   34/1058 KB   58/455 KB   4/412 KB   32/610 KB   4/257 KB   34/1058 KB   58/455 KB   4/412 KB   34/610 KB   4/257 KB   38/1058 KB   58/455 KB   4/412 KB   34/610 KB   4/257 KB   42/1058 KB   62/455 KB   4/412 KB   34/610 KB   4/257 KB   14/1058 KB   52/455 KB   4/412 KB   20/610 KB   46/1058 KB   62/455 KB   8/412 KB   34/610 KB   4/257 KB   46/1058 KB   62/455 KB   12/412 KB   34/610 KB   4/257 KB   46/1058 KB   62/455 KB   14/412 KB   34/610 KB   4/257 KB   46/1058 KB   62/455 KB   17/412 KB   34/610 KB   4/257 KB   46/1058 KB   62/455 KB   21/412 KB   34/610 KB   4/257 KB   46/1058 KB   62/455 KB   4/412 KB   34/610 KB   4/257 KB   38/1058 KB   62/455 KB   4/412 KB   34/610 KB   4/257 KB   46/1058 KB   62/455 KB   25/412 KB   38/610 KB   4/257 KB   18/1058 KB   58/455 KB   4/412 KB   24/610 KB   4/257 KB   46/1058 KB   62/455 KB   25/412 KB   38/610 KB   4/257 KB   46/1058 KB   62/455 KB   25/412 KB   38/610 KB   8/257 KB   46/1058 KB   66/455 KB   25/412 KB   38/610 KB   12/257 KB   46/1058 KB   66/455 KB   25/412 KB   38/610 KB   14/257 KB   46/1058 KB   66/455 KB   25/412 KB   38/610 KB   18/257 KB   46/1058 KB   62/455 KB   21/412 KB   38/610 KB   4/257 KB   46/1058 KB   66/455 KB   29/412 KB   42/610 KB   22/257 KB   46/1058 KB   66/455 KB   29/412 KB   38/610 KB   18/257 KB   46/1058 KB   66/455 KB   25/412 KB   38/610 KB   8/257 KB   50/1058 KB   70/455 KB   29/412 KB   42/610 KB   26/257 KB   50/1058 KB   70/455 KB   33/412 KB   42/610 KB   26/257 KB   50/1058 KB   70/455 KB   37/412 KB   42/610 KB   26/257 KB   50/1058 KB   70/455 KB   41/412 KB   42/610 KB   26/257 KB   50/1058 KB   74/455 KB   41/412 KB   42/610 KB   26/257 KB   50/1058 KB   78/455 KB   41/412 KB   42/610 KB   26/257 KB   50/1058 KB   82/455 KB   41/412 KB   42/610 KB   26/257 KB   50/1058 KB   83/455 KB   41/412 KB   42/610 KB   26/257 KB   50/1058 KB   83/455 KB   45/412 KB   42/610 KB   26/257 KB   50/1058 KB   83/455 KB   49/412 KB   42/610 KB   26/257 KB   50/1058 KB   83/455 KB   53/412 KB   42/610 KB   26/257 KB   50/1058 KB   83/455 KB   57/412 KB   42/610 KB   26/257 KB   50/1058 KB   87/455 KB   57/412 KB   42/610 KB   26/257 KB   50/1058 KB   91/455 KB   57/412 KB   42/610 KB   26/257 KB   50/1058 KB   95/455 KB   57/412 KB   42/610 KB   26/257 KB   50/1058 KB   99/455 KB   57/412 KB   42/610 KB   26/257 KB   50/1058 KB   99/455 KB   61/412 KB   42/610 KB   26/257 KB   50/1058 KB   99/455 KB   65/412 KB   42/610 KB   26/257 KB   50/1058 KB   99/455 KB   69/412 KB   42/610 KB   26/257 KB   50/1058 KB   99/455 KB   73/412 KB   42/610 KB   26/257 KB   50/1058 KB   103/455 KB   73/412 KB   42/610 KB   26/257 KB   50/1058 KB   107/455 KB   73/412 KB   42/610 KB   26/257 KB   50/1058 KB   111/455 KB   73/412 KB   42/610 KB   26/257 KB   50/1058 KB   115/455 KB   73/412 KB   42/610 KB   26/257 KB   50/1058 KB   117/455 KB   73/412 KB   42/610 KB   26/257 KB   50/1058 KB   121/455 KB   73/412 KB   42/610 KB   26/257 KB   50/1058 KB   66/455 KB   29/412 KB   42/610 KB   26/257 KB   46/1058 KB   66/455 KB   29/412 KB   42/610 KB   26/257 KB   50/1058 KB   121/455 KB   73/412 KB   42/610 KB   30/257 KB   50/1058 KB   121/455 KB   73/412 KB   42/610 KB   34/257 KB   46/1058 KB   66/455 KB   29/412 KB   42/610 KB   22/257 KB   54/1058 KB   125/455 KB   73/412 KB   42/610 KB   38/257 KB   54/1058 KB   121/455 KB   73/412 KB   42/610 KB   38/257 KB   54/1058 KB   125/455 KB   73/412 KB   46/610 KB   38/257 KB   54/1058 KB   125/455 KB   73/412 KB   50/610 KB   38/257 KB   58/1058 KB   125/455 KB   73/412 KB   50/610 KB   38/257 KB   50/1058 KB   121/455 KB   73/412 KB   42/610 KB   38/257 KB   58/1058 KB   125/455 KB   73/412 KB   50/610 KB   42/257 KB   58/1058 KB   125/455 KB   73/412 KB   50/610 KB   46/257 KB   58/1058 KB   125/455 KB   73/412 KB   50/610 KB   50/257 KB   58/1058 KB   125/455 KB   73/412 KB   54/610 KB   50/257 KB   58/1058 KB   125/455 KB   73/412 KB   58/610 KB   50/257 KB   58/1058 KB   125/455 KB   73/412 KB   62/610 KB   50/257 KB   58/1058 KB   125/455 KB   73/412 KB   66/610 KB   50/257 KB   58/1058 KB   125/455 KB   73/412 KB   66/610 KB   54/257 KB   62/1058 KB   125/455 KB   73/412 KB   66/610 KB   58/257 KB   62/1058 KB   125/455 KB   73/412 KB   66/610 KB   62/257 KB   62/1058 KB   125/455 KB   73/412 KB   66/610 KB   65/257 KB   62/1058 KB   125/455 KB   73/412 KB   66/610 KB   54/257 KB   66/1058 KB   125/455 KB   73/412 KB   66/610 KB   65/257 KB   70/1058 KB   125/455 KB   73/412 KB   66/610 KB   65/257 KB   70/1058 KB   125/455 KB   73/412 KB   70/610 KB   65/257 KB   70/1058 KB   125/455 KB   73/412 KB   74/610 KB   65/257 KB   70/1058 KB   125/455 KB   73/412 KB   78/610 KB   65/257 KB   70/1058 KB   125/455 KB   73/412 KB   82/610 KB   65/257 KB   70/1058 KB   125/455 KB   73/412 KB   86/610 KB   65/257 KB   74/1058 KB   129/455 KB   77/412 KB   90/610 KB   69/257 KB   74/1058 KB   129/455 KB   77/412 KB   94/610 KB   69/257 KB   74/1058 KB   129/455 KB   77/412 KB   98/610 KB   69/257 KB   74/1058 KB   129/455 KB   77/412 KB   102/610 KB   69/257 KB   74/1058 KB   129/455 KB   77/412 KB   86/610 KB   69/257 KB   78/1058 KB   129/455 KB   77/412 KB   102/610 KB   69/257 KB   82/1058 KB   129/455 KB   77/412 KB   102/610 KB   69/257 KB   86/1058 KB   129/455 KB   77/412 KB   102/610 KB   69/257 KB   70/1058 KB   125/455 KB   77/412 KB   86/610 KB   65/257 KB   86/1058 KB   129/455 KB   81/412 KB   102/610 KB   69/257 KB   86/1058 KB   129/455 KB   85/412 KB   102/610 KB   69/257 KB   86/1058 KB   129/455 KB   89/412 KB   102/610 KB   69/257 KB   90/1058 KB   129/455 KB   89/412 KB   102/610 KB   69/257 KB   70/1058 KB   129/455 KB   77/412 KB   86/610 KB   69/257 KB   90/1058 KB   133/455 KB   89/412 KB   102/610 KB   69/257 KB   90/1058 KB   136/455 KB   89/412 KB   102/610 KB   69/257 KB   90/1058 KB   136/455 KB   93/412 KB   102/610 KB   69/257 KB   90/1058 KB   136/455 KB   97/412 KB   102/610 KB   69/257 KB   90/1058 KB   136/455 KB   101/412 KB   102/610 KB   69/257 KB   90/1058 KB   136/455 KB   105/412 KB   102/610 KB   69/257 KB   90/1058 KB   140/455 KB   105/412 KB   102/610 KB   69/257 KB   90/1058 KB   144/455 KB   105/412 KB   102/610 KB   69/257 KB   90/1058 KB   148/455 KB   105/412 KB   102/610 KB   69/257 KB   90/1058 KB   152/455 KB   105/412 KB   102/610 KB   69/257 KB   90/1058 KB   156/455 KB   105/412 KB   102/610 KB   69/257 KB   70/1058 KB   125/455 KB   77/412 KB   86/610 KB   69/257 KB   90/1058 KB   156/455 KB   105/412 KB   102/610 KB   73/257 KB   90/1058 KB   156/455 KB   105/412 KB   102/610 KB   77/257 KB   90/1058 KB   156/455 KB   105/412 KB   102/610 KB   81/257 KB   90/1058 KB   156/455 KB   109/412 KB   102/610 KB   81/257 KB   90/1058 KB   156/455 KB   113/412 KB   102/610 KB   81/257 KB   90/1058 KB   156/455 KB   117/412 KB   102/610 KB   81/257 KB   90/1058 KB   156/455 KB   121/412 KB   102/610 KB   81/257 KB   90/1058 KB   156/455 KB   121/412 KB   102/610 KB   85/257 KB   94/1058 KB   157/455 KB   121/412 KB   102/610 KB   89/257 KB   94/1058 KB   157/455 KB   121/412 KB   102/610 KB   93/257 KB   94/1058 KB   157/455 KB   121/412 KB   106/610 KB   97/257 KB   94/1058 KB   157/455 KB   125/412 KB   106/610 KB   97/257 KB   94/1058 KB   157/455 KB   127/412 KB   106/610 KB   97/257 KB   94/1058 KB   157/455 KB   127/412 KB   106/610 KB   101/257 KB   94/1058 KB   157/455 KB   121/412 KB   102/610 KB   85/257 KB   98/1058 KB   157/455 KB   127/412 KB   106/610 KB   101/257 KB   102/1058 KB   157/455 KB   127/412 KB   106/610 KB   101/257 KB   102/1058 KB   157/455 KB   131/412 KB   106/610 KB   101/257 KB   102/1058 KB   157/455 KB   135/412 KB   106/610 KB   101/257 KB   102/1058 KB   157/455 KB   139/412 KB   106/610 KB   101/257 KB   102/1058 KB   157/455 KB   143/412 KB   106/610 KB   101/257 KB   90/1058 KB   157/455 KB   121/412 KB   102/610 KB   85/257 KB   102/1058 KB   158/455 KB   143/412 KB   106/610 KB   101/257 KB   106/1058 KB   158/455 KB   143/412 KB   106/610 KB   101/257 KB   94/1058 KB   157/455 KB   121/412 KB   106/610 KB   93/257 KB   106/1058 KB   158/455 KB   143/412 KB   110/610 KB   101/257 KB   106/1058 KB   158/455 KB   143/412 KB   114/610 KB   101/257 KB   106/1058 KB   158/455 KB   143/412 KB   118/610 KB   101/257 KB   110/1058 KB   162/455 KB   143/412 KB   118/610 KB   105/257 KB   110/1058 KB   162/455 KB   147/412 KB   122/610 KB   109/257 KB   110/1058 KB   162/455 KB   147/412 KB   122/610 KB   113/257 KB   110/1058 KB   162/455 KB   143/412 KB   118/610 KB   101/257 KB   114/1058 KB   162/455 KB   147/412 KB   122/610 KB   113/257 KB   118/1058 KB   162/455 KB   147/412 KB   122/610 KB   113/257 KB   122/1058 KB   162/455 KB   147/412 KB   122/610 KB   113/257 KB   106/1058 KB   162/455 KB   143/412 KB   118/610 KB   101/257 KB   122/1058 KB   162/455 KB   147/412 KB   122/610 KB   117/257 KB   110/1058 KB   162/455 KB   147/412 KB   122/610 KB   105/257 KB   110/1058 KB   162/455 KB   143/412 KB   122/610 KB   105/257 KB   126/1058 KB   166/455 KB   148/412 KB   122/610 KB   117/257 KB   126/1058 KB   166/455 KB   152/412 KB   126/610 KB   117/257 KB   126/1058 KB   166/455 KB   156/412 KB   126/610 KB   117/257 KB   126/1058 KB   166/455 KB   160/412 KB   126/610 KB   117/257 KB   126/1058 KB   166/455 KB   161/412 KB   126/610 KB   117/257 KB   126/1058 KB   166/455 KB   165/412 KB   126/610 KB   117/257 KB   126/1058 KB   166/455 KB   147/412 KB   122/610 KB   117/257 KB   122/1058 KB   166/455 KB   147/412 KB   122/610 KB   117/257 KB   126/1058 KB   166/455 KB   169/412 KB   126/610 KB   121/257 KB   126/1058 KB   166/455 KB   165/412 KB   126/610 KB   121/257 KB   126/1058 KB   166/455 KB   169/412 KB   126/610 KB   125/257 KB   126/1058 KB   166/455 KB   169/412 KB   126/610 KB   129/257 KB   126/1058 KB   170/455 KB   169/412 KB   126/610 KB   129/257 KB   126/1058 KB   174/455 KB   169/412 KB   126/610 KB   129/257 KB   126/1058 KB   166/455 KB   148/412 KB   126/610 KB   117/257 KB   126/1058 KB   174/455 KB   169/412 KB   130/610 KB   129/257 KB   126/1058 KB   178/455 KB   169/412 KB   130/610 KB   129/257 KB   126/1058 KB   180/455 KB   169/412 KB   130/610 KB   133/257 KB   126/1058 KB   180/455 KB   173/412 KB   130/610 KB   137/257 KB   126/1058 KB   180/455 KB   173/412 KB   130/610 KB   141/257 KB   126/1058 KB   180/455 KB   173/412 KB   130/610 KB   145/257 KB   126/1058 KB   180/455 KB   173/412 KB   134/610 KB   145/257 KB   126/1058 KB   180/455 KB   173/412 KB   130/610 KB   133/257 KB   130/1058 KB   180/455 KB   173/412 KB   138/610 KB   145/257 KB   126/1058 KB   180/455 KB   169/412 KB   130/610 KB   133/257 KB   134/1058 KB   180/455 KB   177/412 KB   138/610 KB   145/257 KB   134/1058 KB   180/455 KB   181/412 KB   138/610 KB   145/257 KB   134/1058 KB   180/455 KB   173/412 KB   138/610 KB   145/257 KB   134/1058 KB   184/455 KB   182/412 KB   138/610 KB   149/257 KB   134/1058 KB   184/455 KB   184/412 KB   138/610 KB   149/257 KB   138/1058 KB   184/455 KB   184/412 KB   138/610 KB   149/257 KB   126/1058 KB   180/455 KB   173/412 KB   138/610 KB   145/257 KB   138/1058 KB   184/455 KB   184/412 KB   142/610 KB   149/257 KB   138/1058 KB   184/455 KB   184/412 KB   146/610 KB   149/257 KB   138/1058 KB   184/455 KB   188/412 KB   146/610 KB   149/257 KB   138/1058 KB   184/455 KB   192/412 KB   146/610 KB   149/257 KB   138/1058 KB   184/455 KB   196/412 KB   146/610 KB   149/257 KB   138/1058 KB   184/455 KB   200/412 KB   150/610 KB   149/257 KB   134/1058 KB   184/455 KB   181/412 KB   138/610 KB   149/257 KB   142/1058 KB   184/455 KB   200/412 KB   150/610 KB   153/257 KB   142/1058 KB   184/455 KB   200/412 KB   150/610 KB   157/257 KB   142/1058 KB   184/455 KB   200/412 KB   150/610 KB   161/257 KB   142/1058 KB   184/455 KB   204/412 KB   150/610 KB   161/257 KB   142/1058 KB   184/455 KB   205/412 KB   150/610 KB   161/257 KB   142/1058 KB   184/455 KB   205/412 KB   150/610 KB   165/257 KB   134/1058 KB   184/455 KB   181/412 KB   138/610 KB   145/257 KB   142/1058 KB   188/455 KB   205/412 KB   150/610 KB   165/257 KB   142/1058 KB   192/455 KB   205/412 KB   150/610 KB   165/257 KB   142/1058 KB   196/455 KB   205/412 KB   150/610 KB   165/257 KB   142/1058 KB   200/455 KB   209/412 KB   150/610 KB   165/257 KB   142/1058 KB   184/455 KB   200/412 KB   150/610 KB   149/257 KB   142/1058 KB   200/455 KB   213/412 KB   150/610 KB   165/257 KB   146/1058 KB   200/455 KB   213/412 KB   150/610 KB   169/257 KB   138/1058 KB   184/455 KB   196/412 KB   150/610 KB   149/257 KB   146/1058 KB   200/455 KB   217/412 KB   150/610 KB   169/257 KB   146/1058 KB   200/455 KB   217/412 KB   154/610 KB   169/257 KB   146/1058 KB   200/455 KB   221/412 KB   154/610 KB   169/257 KB   146/1058 KB   200/455 KB   221/412 KB   158/610 KB   169/257 KB   146/1058 KB   200/455 KB   221/412 KB   162/610 KB   169/257 KB   146/1058 KB   200/455 KB   213/412 KB   150/610 KB   165/257 KB   150/1058 KB   200/455 KB   221/412 KB   162/610 KB   169/257 KB   153/1058 KB   200/455 KB   221/412 KB   162/610 KB   169/257 KB   153/1058 KB   200/455 KB   221/412 KB   166/610 KB   169/257 KB   142/1058 KB   200/455 KB   209/412 KB   150/610 KB   165/257 KB   153/1058 KB   201/455 KB   221/412 KB   166/610 KB   173/257 KB   157/1058 KB   201/455 KB   221/412 KB   166/610 KB   173/257 KB   161/1058 KB   201/455 KB   225/412 KB   166/610 KB   173/257 KB   165/1058 KB   201/455 KB   225/412 KB   166/610 KB   173/257 KB   169/1058 KB   201/455 KB   225/412 KB   166/610 KB   173/257 KB   169/1058 KB   205/455 KB   225/412 KB   166/610 KB   173/257 KB   169/1058 KB   209/455 KB   225/412 KB   166/610 KB   173/257 KB   171/1058 KB   209/455 KB   225/412 KB   166/610 KB   173/257 KB   171/1058 KB   213/455 KB   225/412 KB   166/610 KB   173/257 KB   171/1058 KB   217/455 KB   225/412 KB   166/610 KB   173/257 KB   171/1058 KB   221/455 KB   225/412 KB   166/610 KB   173/257 KB   171/1058 KB   223/455 KB   225/412 KB   170/610 KB   173/257 KB   175/1058 KB   223/455 KB   225/412 KB   170/610 KB   173/257 KB   179/1058 KB   223/455 KB   225/412 KB   170/610 KB   173/257 KB   183/1058 KB   223/455 KB   225/412 KB   170/610 KB   173/257 KB   185/1058 KB   223/455 KB   225/412 KB   170/610 KB   173/257 KB   189/1058 KB   223/455 KB   225/412 KB   170/610 KB   173/257 KB   192/1058 KB   223/455 KB   225/412 KB   170/610 KB   173/257 KB   192/1058 KB   227/455 KB   225/412 KB   170/610 KB   173/257 KB   153/1058 KB   200/455 KB   221/412 KB   166/610 KB   173/257 KB   192/1058 KB   227/455 KB   225/412 KB   170/610 KB   177/257 KB   192/1058 KB   227/455 KB   225/412 KB   170/610 KB   181/257 KB   192/1058 KB   227/455 KB   225/412 KB   170/610 KB   185/257 KB   192/1058 KB   227/455 KB   225/412 KB   170/610 KB   185/257 KB   196/1058 KB   227/455 KB   225/412 KB   170/610 KB   185/257 KB   200/1058 KB   227/455 KB   225/412 KB   170/610 KB   185/257 KB   204/1058 KB   227/455 KB   225/412 KB   170/610 KB   185/257 KB   208/1058 KB   227/455 KB   225/412 KB   170/610 KB   185/257 KB   208/1058 KB   227/455 KB   225/412 KB   170/610 KB   189/257 KB   171/1058 KB   221/455 KB   225/412 KB   170/610 KB   173/257 KB   208/1058 KB   227/455 KB   225/412 KB   174/610 KB   189/257 KB   208/1058 KB   227/455 KB   225/412 KB   178/610 KB   189/257 KB   157/1058 KB   201/455 KB   225/412 KB   166/610 KB   173/257 KB   208/1058 KB   227/455 KB   229/412 KB   178/610 KB   189/257 KB   208/1058 KB   227/455 KB   233/412 KB   178/610 KB   189/257 KB   208/1058 KB   227/455 KB   237/412 KB   178/610 KB   189/257 KB   208/1058 KB   227/455 KB   237/412 KB   182/610 KB   189/257 KB   208/1058 KB   227/455 KB   237/412 KB   186/610 KB   189/257 KB   208/1058 KB   227/455 KB   237/412 KB   190/610 KB   189/257 KB   208/1058 KB   227/455 KB   237/412 KB   194/610 KB   189/257 KB   208/1058 KB   227/455 KB   241/412 KB   194/610 KB   192/257 KB   208/1058 KB   227/455 KB   245/412 KB   194/610 KB   192/257 KB   208/1058 KB   227/455 KB   249/412 KB   194/610 KB   192/257 KB   208/1058 KB   227/455 KB   253/412 KB   194/610 KB   192/257 KB   208/1058 KB   227/455 KB   253/412 KB   198/610 KB   192/257 KB   208/1058 KB   227/455 KB   237/412 KB   194/610 KB   192/257 KB   208/1058 KB   231/455 KB   257/412 KB   198/610 KB   192/257 KB   208/1058 KB   231/455 KB   261/412 KB   198/610 KB   192/257 KB   208/1058 KB   231/455 KB   265/412 KB   198/610 KB   192/257 KB   208/1058 KB   231/455 KB   269/412 KB   198/610 KB   192/257 KB   208/1058 KB   231/455 KB   269/412 KB   198/610 KB   196/257 KB   208/1058 KB   231/455 KB   269/412 KB   198/610 KB   200/257 KB   208/1058 KB   231/455 KB   269/412 KB   198/610 KB   204/257 KB   208/1058 KB   231/455 KB   269/412 KB   198/610 KB   205/257 KB   208/1058 KB   231/455 KB   269/412 KB   198/610 KB   209/257 KB   208/1058 KB   231/455 KB   253/412 KB   198/610 KB   192/257 KB   208/1058 KB   235/455 KB   269/412 KB   202/610 KB   209/257 KB   208/1058 KB   239/455 KB   269/412 KB   202/610 KB   209/257 KB   208/1058 KB   239/455 KB   273/412 KB   202/610 KB   209/257 KB   208/1058 KB   231/455 KB   269/412 KB   202/610 KB   209/257 KB   212/1058 KB   243/455 KB   273/412 KB   206/610 KB   213/257 KB   212/1058 KB   243/455 KB   273/412 KB   202/610 KB   213/257 KB   212/1058 KB   243/455 KB   277/412 KB   210/610 KB   213/257 KB   216/1058 KB   243/455 KB   277/412 KB   210/610 KB   213/257 KB   220/1058 KB   243/455 KB   277/412 KB   210/610 KB   213/257 KB   224/1058 KB   243/455 KB   277/412 KB   210/610 KB   213/257 KB   224/1058 KB   243/455 KB   277/412 KB   214/610 KB   213/257 KB   224/1058 KB   243/455 KB   277/412 KB   218/610 KB   213/257 KB   224/1058 KB   243/455 KB   277/412 KB   222/610 KB   213/257 KB   224/1058 KB   243/455 KB   277/412 KB   226/610 KB   213/257 KB   228/1058 KB   243/455 KB   277/412 KB   226/610 KB   213/257 KB   232/1058 KB   243/455 KB   277/412 KB   226/610 KB   213/257 KB   236/1058 KB   243/455 KB   277/412 KB   226/610 KB   213/257 KB   240/1058 KB   243/455 KB   277/412 KB   226/610 KB   213/257 KB   240/1058 KB   243/455 KB   277/412 KB   230/610 KB   213/257 KB   208/1058 KB   243/455 KB   273/412 KB   202/610 KB   213/257 KB   240/1058 KB   243/455 KB   277/412 KB   230/610 KB   217/257 KB   240/1058 KB   243/455 KB   277/412 KB   230/610 KB   221/257 KB   244/1058 KB   243/455 KB   277/412 KB   230/610 KB   221/257 KB   248/1058 KB   243/455 KB   277/412 KB   230/610 KB   221/257 KB   252/1058 KB   243/455 KB   277/412 KB   230/610 KB   221/257 KB   256/1058 KB   243/455 KB   277/412 KB   230/610 KB   221/257 KB   256/1058 KB   243/455 KB   277/412 KB   230/610 KB   225/257 KB   208/1058 KB   243/455 KB   273/412 KB   202/610 KB   209/257 KB   212/1058 KB   243/455 KB   277/412 KB   206/610 KB   213/257 KB   256/1058 KB   247/455 KB   277/412 KB   230/610 KB   225/257 KB   256/1058 KB   247/455 KB   281/412 KB   230/610 KB   225/257 KB   256/1058 KB   251/455 KB   281/412 KB   230/610 KB   225/257 KB   256/1058 KB   251/455 KB   285/412 KB   230/610 KB   225/257 KB   256/1058 KB   255/455 KB   285/412 KB   230/610 KB   225/257 KB   256/1058 KB   259/455 KB   285/412 KB   230/610 KB   225/257 KB   256/1058 KB   263/455 KB   285/412 KB   230/610 KB   225/257 KB   256/1058 KB   267/455 KB   285/412 KB   230/610 KB   225/257 KB   256/1058 KB   271/455 KB   285/412 KB   230/610 KB   225/257 KB   256/1058 KB   271/455 KB   289/412 KB   230/610 KB   225/257 KB   256/1058 KB   271/455 KB   293/412 KB   230/610 KB   225/257 KB   256/1058 KB   271/455 KB   297/412 KB   230/610 KB   225/257 KB   256/1058 KB   271/455 KB   301/412 KB   230/610 KB   225/257 KB   256/1058 KB   271/455 KB   301/412 KB   230/610 KB   229/257 KB   256/1058 KB   271/455 KB   301/412 KB   230/610 KB   233/257 KB   256/1058 KB   271/455 KB   301/412 KB   230/610 KB   237/257 KB   256/1058 KB   275/455 KB   301/412 KB   230/610 KB   237/257 KB   256/1058 KB   279/455 KB   301/412 KB   234/610 KB   241/257 KB   256/1058 KB   283/455 KB   301/412 KB   234/610 KB   241/257 KB   256/1058 KB   287/455 KB   301/412 KB   234/610 KB   241/257 KB   260/1058 KB   287/455 KB   301/412 KB   234/610 KB   241/257 KB   264/1058 KB   287/455 KB   305/412 KB   234/610 KB   241/257 KB   268/1058 KB   287/455 KB   305/412 KB   234/610 KB   241/257 KB   272/1058 KB   287/455 KB   305/412 KB   234/610 KB   241/257 KB   272/1058 KB   291/455 KB   305/412 KB   234/610 KB   241/257 KB   256/1058 KB   275/455 KB   301/412 KB   234/610 KB   241/257 KB   272/1058 KB   291/455 KB   305/412 KB   238/610 KB   241/257 KB   272/1058 KB   291/455 KB   305/412 KB   242/610 KB   241/257 KB   276/1058 KB   291/455 KB   305/412 KB   242/610 KB   241/257 KB   280/1058 KB   291/455 KB   305/412 KB   246/610 KB   241/257 KB   280/1058 KB   291/455 KB   305/412 KB   250/610 KB   241/257 KB   280/1058 KB   291/455 KB   305/412 KB   254/610 KB   241/257 KB   280/1058 KB   291/455 KB   305/412 KB   258/610 KB   241/257 KB   280/1058 KB   291/455 KB   305/412 KB   262/610 KB   241/257 KB   256/1058 KB   275/455 KB   301/412 KB   230/610 KB   241/257 KB   280/1058 KB   295/455 KB   305/412 KB   262/610 KB   245/257 KB   280/1058 KB   295/455 KB   305/412 KB   262/610 KB   249/257 KB   280/1058 KB   295/455 KB   305/412 KB   262/610 KB   253/257 KB   280/1058 KB   291/455 KB   305/412 KB   262/610 KB   253/257 KB   284/1058 KB   295/455 KB   305/412 KB   262/610 KB   253/257 KB   288/1058 KB   295/455 KB   305/412 KB   262/610 KB   253/257 KB   288/1058 KB   295/455 KB   305/412 KB   262/610 KB   257/257 KB   280/1058 KB   295/455 KB   305/412 KB   262/610 KB   241/257 KB   260/1058 KB   287/455 KB   305/412 KB   234/610 KB   241/257 KB   288/1058 KB   299/455 KB   305/412 KB   262/610 KB   257/257 KB   288/1058 KB   303/455 KB   309/412 KB   262/610 KB   257/257 KB   288/1058 KB   303/455 KB   309/412 KB   262/610 KB   257/257 KB   288/1058 KB   303/455 KB   313/412 KB   262/610 KB   257/257 KB   288/1058 KB   303/455 KB   317/412 KB   262/610 KB   257/257 KB   288/1058 KB   303/455 KB   321/412 KB   262/610 KB   257/257 KB   288/1058 KB   307/455 KB   321/412 KB   262/610 KB   257/257 KB   288/1058 KB   311/455 KB   325/412 KB   266/610 KB   257/257 KB   288/1058 KB   315/455 KB   325/412 KB   266/610 KB   257/257 KB   288/1058 KB   319/455 KB   325/412 KB   266/610 KB   257/257 KB   288/1058 KB   307/455 KB   325/412 KB   262/610 KB   257/257 KB   288/1058 KB   319/455 KB   329/412 KB   266/610 KB   257/257 KB   288/1058 KB   319/455 KB   333/412 KB   266/610 KB   257/257 KB   288/1058 KB   323/455 KB   333/412 KB   266/610 KB   257/257 KB   288/1058 KB   307/455 KB   325/412 KB   266/610 KB   257/257 KB   288/1058 KB   327/455 KB   333/412 KB   266/610 KB   257/257 KB   288/1058 KB   331/455 KB   333/412 KB   266/610 KB   257/257 KB   288/1058 KB   331/455 KB   333/412 KB   270/610 KB   257/257 KB   288/1058 KB   335/455 KB   333/412 KB   270/610 KB   257/257 KB   288/1058 KB   335/455 KB   333/412 KB   274/610 KB   257/257 KB   288/1058 KB   335/455 KB   333/412 KB   278/610 KB   257/257 KB   292/1058 KB   339/455 KB   337/412 KB   278/610 KB   257/257 KB   288/1058 KB   339/455 KB   337/412 KB   278/610 KB   257/257 KB   288/1058 KB   339/455 KB   333/412 KB   278/610 KB   257/257 KB   292/1058 KB   339/455 KB   341/412 KB   282/610 KB   257/257 KB   292/1058 KB   339/455 KB   345/412 KB   282/610 KB   257/257 KB   292/1058 KB   339/455 KB   349/412 KB   282/610 KB   257/257 KB   292/1058 KB   343/455 KB   349/412 KB   282/610 KB   257/257 KB   296/1058 KB   347/455 KB   349/412 KB   282/610 KB   257/257 KB   296/1058 KB   351/455 KB   349/412 KB   282/610 KB   257/257 KB   296/1058 KB   351/455 KB   353/412 KB   282/610 KB   257/257 KB   292/1058 KB   339/455 KB   337/412 KB   282/610 KB   257/257 KB   296/1058 KB   351/455 KB   353/412 KB   286/610 KB   257/257 KB   296/1058 KB   343/455 KB   349/412 KB   282/610 KB   257/257 KB   296/1058 KB   351/455 KB   357/412 KB   290/610 KB   257/257 KB   296/1058 KB   351/455 KB   353/412 KB   290/610 KB   257/257 KB   300/1058 KB   351/455 KB   357/412 KB   290/610 KB   257/257 KB   304/1058 KB   351/455 KB   357/412 KB   290/610 KB   257/257 KB                                                                     Downloaded: https://repo.spring.io/libs-snapshot/org/springframework/spring-expression/4.2.0.BUILD-SNAPSHOT/spring-expression-4.2.0.BUILD-20150630.104748-508.jar (257 KB at 674.4 KB/sec)
Downloading: https://repo.spring.io/libs-snapshot/org/springframework/spring-aop/4.2.0.BUILD-SNAPSHOT/spring-aop-4.2.0.BUILD-20150630.104748-508.jar
304/1058 KB   351/455 KB   357/412 KB   294/610 KB                304/1058 KB   351/455 KB   361/412 KB   298/610 KB   304/1058 KB   351/455 KB   361/412 KB   302/610 KB   304/1058 KB   351/455 KB   361/412 KB   306/610 KB   308/1058 KB   351/455 KB   361/412 KB   306/610 KB   312/1058 KB   355/455 KB   361/412 KB   306/610 KB   316/1058 KB   355/455 KB   361/412 KB   306/610 KB   320/1058 KB   355/455 KB   361/412 KB   306/610 KB   320/1058 KB   355/455 KB   361/412 KB   310/610 KB   304/1058 KB   351/455 KB   361/412 KB   294/610 KB   308/1058 KB   355/455 KB   361/412 KB   306/610 KB   320/1058 KB   355/455 KB   365/412 KB   314/610 KB   320/1058 KB   355/455 KB   365/412 KB   310/610 KB   320/1058 KB   355/455 KB   369/412 KB   318/610 KB   320/1058 KB   355/455 KB   365/412 KB   318/610 KB   324/1058 KB   359/455 KB   373/412 KB   318/610 KB   324/1058 KB   359/455 KB   377/412 KB   318/610 KB   324/1058 KB   359/455 KB   381/412 KB   322/610 KB   324/1058 KB   359/455 KB   385/412 KB   322/610 KB   324/1058 KB   359/455 KB   389/412 KB   322/610 KB   324/1058 KB   359/455 KB   393/412 KB   322/610 KB   324/1058 KB   359/455 KB   397/412 KB   322/610 KB   324/1058 KB   359/455 KB   369/412 KB   318/610 KB   320/1058 KB   359/455 KB   369/412 KB   318/610 KB   328/1058 KB   359/455 KB   397/412 KB   322/610 KB   332/1058 KB   359/455 KB   397/412 KB   322/610 KB   332/1058 KB   363/455 KB   397/412 KB   322/610 KB   4/356 KB   336/1058 KB   367/455 KB   401/412 KB   322/610 KB   4/356 KB   336/1058 KB   371/455 KB   401/412 KB   322/610 KB   4/356 KB   336/1058 KB   375/455 KB   401/412 KB   322/610 KB   4/356 KB   336/1058 KB   379/455 KB   401/412 KB   322/610 KB   4/356 KB   336/1058 KB   383/455 KB   401/412 KB   322/610 KB   4/356 KB   336/1058 KB   387/455 KB   401/412 KB   322/610 KB   4/356 KB   336/1058 KB   391/455 KB   401/412 KB   322/610 KB   4/356 KB   336/1058 KB   395/455 KB   401/412 KB   322/610 KB   4/356 KB   336/1058 KB   399/455 KB   401/412 KB   322/610 KB   4/356 KB   336/1058 KB   403/455 KB   401/412 KB   322/610 KB   324/1058 KB   359/455 KB   381/412 KB   322/610 KB   4/356 KB   336/1058 KB   363/455 KB   401/412 KB   322/610 KB   4/356 KB   336/1058 KB   363/455 KB   397/412 KB   322/610 KB   8/356 KB   336/1058 KB   403/455 KB   401/412 KB   322/610 KB   12/356 KB   336/1058 KB   403/455 KB   401/412 KB   322/610 KB   16/356 KB   336/1058 KB   403/455 KB   401/412 KB   322/610 KB   16/356 KB   336/1058 KB   403/455 KB   401/412 KB   326/610 KB   336/1058 KB   363/455 KB   397/412 KB   322/610 KB   16/356 KB   336/1058 KB   407/455 KB   401/412 KB   330/610 KB   16/356 KB   336/1058 KB   411/455 KB   401/412 KB   330/610 KB   16/356 KB   336/1058 KB   415/455 KB   401/412 KB   330/610 KB   16/356 KB   336/1058 KB   419/455 KB   401/412 KB   330/610 KB   16/356 KB   336/1058 KB   423/455 KB   401/412 KB   330/610 KB   16/356 KB   336/1058 KB   427/455 KB   401/412 KB   330/610 KB   16/356 KB   336/1058 KB   431/455 KB   401/412 KB   330/610 KB   16/356 KB   340/1058 KB   431/455 KB   401/412 KB   330/610 KB   20/356 KB   344/1058 KB   431/455 KB   401/412 KB   330/610 KB   20/356 KB   348/1058 KB   431/455 KB   401/412 KB   330/610 KB   20/356 KB   352/1058 KB   431/455 KB   401/412 KB   330/610 KB   20/356 KB   352/1058 KB   435/455 KB   401/412 KB   330/610 KB   20/356 KB   352/1058 KB   439/455 KB   401/412 KB   330/610 KB   20/356 KB   352/1058 KB   439/455 KB   405/412 KB   330/610 KB   16/356 KB   336/1058 KB   403/455 KB   401/412 KB   330/610 KB   20/356 KB   352/1058 KB   443/455 KB   409/412 KB   330/610 KB   20/356 KB   352/1058 KB   443/455 KB   412/412 KB   334/610 KB   20/356 KB   352/1058 KB   443/455 KB   405/412 KB   330/610 KB   20/356 KB   352/1058 KB   447/455 KB   412/412 KB   334/610 KB   20/356 KB   356/1058 KB   447/455 KB   412/412 KB   334/610 KB   20/356 KB   360/1058 KB   447/455 KB   412/412 KB   334/610 KB   20/356 KB   364/1058 KB   447/455 KB   412/412 KB   334/610 KB   20/356 KB   368/1058 KB   447/455 KB   412/412 KB   334/610 KB   20/356 KB   372/1058 KB   447/455 KB   412/412 KB   334/610 KB   20/356 KB   340/1058 KB   431/455 KB   401/412 KB   330/610 KB   20/356 KB   376/1058 KB   447/455 KB   412/412 KB   334/610 KB   24/356 KB   380/1058 KB   447/455 KB   412/412 KB   334/610 KB   24/356 KB   384/1058 KB   447/455 KB   412/412 KB   334/610 KB   24/356 KB   384/1058 KB   451/455 KB   412/412 KB   334/610 KB   20/356 KB   352/1058 KB   443/455 KB   412/412 KB   334/610 KB   24/356 KB   384/1058 KB   455/455 KB   412/412 KB   338/610 KB   24/356 KB   384/1058 KB   455/455 KB   412/412 KB   342/610 KB   24/356 KB   384/1058 KB   455/455 KB   412/412 KB   334/610 KB   24/356 KB   376/1058 KB   447/455 KB   412/412 KB   334/610 KB   28/356 KB   388/1058 KB   455/455 KB   412/412 KB   346/610 KB   30/356 KB   388/1058 KB   455/455 KB   412/412 KB   346/610 KB   34/356 KB   388/1058 KB   455/455 KB   412/412 KB   346/610 KB   38/356 KB   388/1058 KB   455/455 KB   412/412 KB   346/610 KB                                                                    Downloaded: https://repo.spring.io/libs-snapshot/org/springframework/spring-jdbc/4.2.0.BUILD-SNAPSHOT/spring-jdbc-4.2.0.BUILD-20150630.104748-508.jar (412 KB at 852.3 KB/sec)
Downloading: https://repo.spring.io/libs-snapshot/org/springframework/spring-tx/4.2.0.BUILD-SNAPSHOT/spring-tx-4.2.0.BUILD-20150630.104748-508.jar
24/356 KB   388/1058 KB   455/455 KB   412/412 KB   346/610 KB   38/356 KB   388/1058 KB   455/455 KB   350/610 KB                38/356 KB   388/1058 KB   455/455 KB   354/610 KB   42/356 KB   388/1058 KB   455/455 KB   354/610 KB   46/356 KB   388/1058 KB   455/455 KB   354/610 KB   50/356 KB   388/1058 KB   455/455 KB   354/610 KB   54/356 KB   388/1058 KB   455/455 KB   354/610 KB   54/356 KB   388/1058 KB   455/455 KB   358/610 KB   54/356 KB   388/1058 KB   455/455 KB   362/610 KB   54/356 KB   388/1058 KB   455/455 KB   366/610 KB   54/356 KB   388/1058 KB   455/455 KB   370/610 KB   58/356 KB   388/1058 KB   455/455 KB   370/610 KB   62/356 KB   388/1058 KB   455/455 KB   370/610 KB   66/356 KB   388/1058 KB   455/455 KB   370/610 KB   70/356 KB   388/1058 KB   455/455 KB   370/610 KB   74/356 KB   388/1058 KB   455/455 KB   370/610 KB   74/356 KB   388/1058 KB   455/455 KB   370/610 KB   24/356 KB   388/1058 KB   455/455 KB   412/412 KB   342/610 KB   74/356 KB   392/1058 KB   455/455 KB   374/610 KB   74/356 KB   396/1058 KB   455/455 KB   374/610 KB   74/356 KB   400/1058 KB   455/455 KB   374/610 KB   74/356 KB   404/1058 KB   455/455 KB   374/610 KB   74/356 KB   408/1058 KB   455/455 KB   374/610 KB   74/356 KB   412/1058 KB   455/455 KB   374/610 KB   74/356 KB   416/1058 KB   455/455 KB   374/610 KB   78/356 KB   416/1058 KB   455/455 KB   374/610 KB   82/356 KB   416/1058 KB   455/455 KB   374/610 KB   86/356 KB   416/1058 KB   455/455 KB   374/610 KB   90/356 KB   416/1058 KB   455/455 KB   374/610 KB   94/356 KB   416/1058 KB   455/455 KB   374/610 KB                                                       Downloaded: https://repo.spring.io/libs-snapshot/org/springframework/spring-orm/4.2.0.BUILD-SNAPSHOT/spring-orm-4.2.0.BUILD-20150630.104748-508.jar (455 KB at 889.5 KB/sec)
Downloading: https://repo.spring.io/libs-snapshot/org/springframework/spring-beans/4.2.0.BUILD-SNAPSHOT/spring-beans-4.2.0.BUILD-20150630.104748-508.jar
74/356 KB   388/1058 KB   455/455 KB   374/610 KB   98/356 KB   416/1058 KB   374/610 KB                101/356 KB   416/1058 KB   378/610 KB   101/356 KB   420/1058 KB   378/610 KB   98/356 KB   416/1058 KB   378/610 KB   101/356 KB   424/1058 KB   378/610 KB   101/356 KB   428/1058 KB   378/610 KB   101/356 KB   432/1058 KB   378/610 KB   101/356 KB   432/1058 KB   382/610 KB   101/356 KB   432/1058 KB   386/610 KB   101/356 KB   432/1058 KB   390/610 KB   105/356 KB   436/1058 KB   390/610 KB   4/257 KB   109/356 KB   436/1058 KB   390/610 KB   4/257 KB   113/356 KB   436/1058 KB   390/610 KB   4/257 KB   117/356 KB   436/1058 KB   394/610 KB   4/257 KB   121/356 KB   436/1058 KB   394/610 KB   4/257 KB   123/356 KB   436/1058 KB   394/610 KB   4/257 KB   101/356 KB   432/1058 KB   390/610 KB   4/257 KB   123/356 KB   436/1058 KB   394/610 KB   8/257 KB   123/356 KB   436/1058 KB   394/610 KB   12/257 KB   123/356 KB   436/1058 KB   394/610 KB   14/257 KB   123/356 KB   436/1058 KB   394/610 KB   18/257 KB   123/356 KB   436/1058 KB   394/610 KB   20/257 KB   101/356 KB   436/1058 KB   390/610 KB   4/257 KB   123/356 KB   436/1058 KB   394/610 KB   4/713 KB   24/257 KB   123/356 KB   436/1058 KB   394/610 KB   4/713 KB   28/257 KB   123/356 KB   436/1058 KB   394/610 KB   4/713 KB   28/257 KB   123/356 KB   436/1058 KB   394/610 KB   4/713 KB   20/257 KB   123/356 KB   436/1058 KB   394/610 KB   8/713 KB   28/257 KB   123/356 KB   436/1058 KB   394/610 KB   12/713 KB   28/257 KB   123/356 KB   436/1058 KB   394/610 KB   16/713 KB   28/257 KB   123/356 KB   436/1058 KB   394/610 KB   16/713 KB   32/257 KB   123/356 KB   436/1058 KB   394/610 KB   16/713 KB   36/257 KB   123/356 KB   436/1058 KB   394/610 KB   16/713 KB   37/257 KB   123/356 KB   436/1058 KB   394/610 KB   16/713 KB   41/257 KB   123/356 KB   440/1058 KB   394/610 KB   16/713 KB   45/257 KB   123/356 KB   440/1058 KB   394/610 KB   16/713 KB   45/257 KB   123/356 KB   440/1058 KB   394/610 KB   20/713 KB   45/257 KB   123/356 KB   440/1058 KB   394/610 KB   24/713 KB   45/257 KB   123/356 KB   440/1058 KB   394/610 KB   28/713 KB   45/257 KB   127/356 KB   440/1058 KB   394/610 KB   32/713 KB   49/257 KB   127/356 KB   440/1058 KB   394/610 KB   33/713 KB   49/257 KB   127/356 KB   440/1058 KB   394/610 KB   37/713 KB   49/257 KB   113/356 KB   436/1058 KB   394/610 KB   4/257 KB   127/356 KB   440/1058 KB   394/610 KB   41/713 KB   49/257 KB   127/356 KB   440/1058 KB   394/610 KB   28/713 KB   49/257 KB   131/356 KB   440/1058 KB   394/610 KB   45/713 KB   49/257 KB   135/356 KB   440/1058 KB   398/610 KB   45/713 KB   49/257 KB   139/356 KB   440/1058 KB   398/610 KB   45/713 KB   49/257 KB   143/356 KB   440/1058 KB   398/610 KB   45/713 KB   49/257 KB   123/356 KB   440/1058 KB   394/610 KB   28/713 KB   49/257 KB   143/356 KB   440/1058 KB   398/610 KB   45/713 KB   53/257 KB   143/356 KB   440/1058 KB   398/610 KB   45/713 KB   55/257 KB   143/356 KB   440/1058 KB   398/610 KB   45/713 KB   59/257 KB   123/356 KB   440/1058 KB   394/610 KB   16/713 KB   41/257 KB   131/356 KB   440/1058 KB   398/610 KB   45/713 KB   49/257 KB   143/356 KB   444/1058 KB   398/610 KB   45/713 KB   63/257 KB   143/356 KB   444/1058 KB   398/610 KB   45/713 KB   65/257 KB   127/356 KB   440/1058 KB   394/610 KB   45/713 KB   49/257 KB   143/356 KB   444/1058 KB   402/610 KB   48/713 KB   65/257 KB   143/356 KB   444/1058 KB   402/610 KB   48/713 KB   69/257 KB   144/356 KB   444/1058 KB   402/610 KB   48/713 KB   73/257 KB   144/356 KB   444/1058 KB   402/610 KB   48/713 KB   77/257 KB   144/356 KB   444/1058 KB   402/610 KB   48/713 KB   81/257 KB   144/356 KB   444/1058 KB   402/610 KB   52/713 KB   81/257 KB   143/356 KB   444/1058 KB   398/610 KB   45/713 KB   59/257 KB   144/356 KB   448/1058 KB   402/610 KB   52/713 KB   81/257 KB   144/356 KB   448/1058 KB   402/610 KB   52/713 KB   85/257 KB   144/356 KB   448/1058 KB   402/610 KB   52/713 KB   89/257 KB   144/356 KB   448/1058 KB   402/610 KB   52/713 KB   93/257 KB   144/356 KB   448/1058 KB   402/610 KB   52/713 KB   93/257 KB   144/356 KB   452/1058 KB   402/610 KB   52/713 KB   93/257 KB   144/356 KB   456/1058 KB   402/610 KB   52/713 KB   93/257 KB   144/356 KB   460/1058 KB   402/610 KB   52/713 KB   93/257 KB   144/356 KB   464/1058 KB   402/610 KB   52/713 KB   93/257 KB   144/356 KB   464/1058 KB   402/610 KB   52/713 KB   97/257 KB   144/356 KB   464/1058 KB   402/610 KB   52/713 KB   101/257 KB   144/356 KB   464/1058 KB   402/610 KB   52/713 KB   105/257 KB   144/356 KB   464/1058 KB   402/610 KB   52/713 KB   109/257 KB   144/356 KB   468/1058 KB   402/610 KB   52/713 KB   109/257 KB   143/356 KB   444/1058 KB   402/610 KB   52/713 KB   81/257 KB   144/356 KB   444/1058 KB   402/610 KB   48/713 KB   69/257 KB   148/356 KB   468/1058 KB   402/610 KB   56/713 KB   109/257 KB   152/356 KB   468/1058 KB   402/610 KB   56/713 KB   109/257 KB   156/356 KB   468/1058 KB   402/610 KB   56/713 KB   109/257 KB   160/356 KB   468/1058 KB   402/610 KB   56/713 KB   109/257 KB   160/356 KB   468/1058 KB   406/610 KB   56/713 KB   109/257 KB   160/356 KB   472/1058 KB   410/610 KB   56/713 KB   109/257 KB   160/356 KB   472/1058 KB   414/610 KB   56/713 KB   109/257 KB   160/356 KB   472/1058 KB   418/610 KB   56/713 KB   109/257 KB   164/356 KB   472/1058 KB   418/610 KB   56/713 KB   109/257 KB   168/356 KB   472/1058 KB   418/610 KB   56/713 KB   109/257 KB   172/356 KB   472/1058 KB   418/610 KB   56/713 KB   109/257 KB   176/356 KB   472/1058 KB   418/610 KB   56/713 KB   109/257 KB   176/356 KB   472/1058 KB   422/610 KB   56/713 KB   109/257 KB   144/356 KB   468/1058 KB   402/610 KB   56/713 KB   109/257 KB   176/356 KB   472/1058 KB   426/610 KB   56/713 KB   109/257 KB   160/356 KB   472/1058 KB   406/610 KB   56/713 KB   109/257 KB   176/356 KB   472/1058 KB   426/610 KB   60/713 KB   109/257 KB   176/356 KB   476/1058 KB   426/610 KB   60/713 KB   109/257 KB   176/356 KB   480/1058 KB   426/610 KB   60/713 KB   109/257 KB   176/356 KB   480/1058 KB   426/610 KB   64/713 KB   109/257 KB   176/356 KB   480/1058 KB   426/610 KB   68/713 KB   109/257 KB   180/356 KB   484/1058 KB   430/610 KB   72/713 KB   109/257 KB   180/356 KB   484/1058 KB   430/610 KB   76/713 KB   109/257 KB   180/356 KB   484/1058 KB   430/610 KB   80/713 KB   109/257 KB   180/356 KB   484/1058 KB   430/610 KB   80/713 KB   113/257 KB   180/356 KB   484/1058 KB   430/610 KB   80/713 KB   117/257 KB   180/356 KB   484/1058 KB   430/610 KB   80/713 KB   121/257 KB   180/356 KB   484/1058 KB   430/610 KB   80/713 KB   123/257 KB   180/356 KB   484/1058 KB   430/610 KB   84/713 KB   123/257 KB   180/356 KB   484/1058 KB   430/610 KB   86/713 KB   123/257 KB   176/356 KB   484/1058 KB   426/610 KB   68/713 KB   109/257 KB   180/356 KB   488/1058 KB   430/610 KB   86/713 KB   123/257 KB   180/356 KB   492/1058 KB   430/610 KB   86/713 KB   123/257 KB   180/356 KB   496/1058 KB   430/610 KB   86/713 KB   123/257 KB   180/356 KB   496/1058 KB   430/610 KB   86/713 KB   127/257 KB   180/356 KB   496/1058 KB   430/610 KB   86/713 KB   131/257 KB   180/356 KB   496/1058 KB   430/610 KB   86/713 KB   135/257 KB   180/356 KB   496/1058 KB   430/610 KB   86/713 KB   139/257 KB   180/356 KB   496/1058 KB   430/610 KB   86/713 KB   143/257 KB   180/356 KB   496/1058 KB   430/610 KB   86/713 KB   147/257 KB   180/356 KB   496/1058 KB   430/610 KB   86/713 KB   151/257 KB   180/356 KB   496/1058 KB   430/610 KB   86/713 KB   153/257 KB   180/356 KB   500/1058 KB   430/610 KB   86/713 KB   153/257 KB   180/356 KB   504/1058 KB   430/610 KB   86/713 KB   153/257 KB   180/356 KB   508/1058 KB   430/610 KB   86/713 KB   153/257 KB   180/356 KB   512/1058 KB   430/610 KB   86/713 KB   153/257 KB   180/356 KB   484/1058 KB   430/610 KB   68/713 KB   109/257 KB   184/356 KB   512/1058 KB   430/610 KB   86/713 KB   153/257 KB   188/356 KB   512/1058 KB   430/610 KB   86/713 KB   153/257 KB   192/356 KB   512/1058 KB   430/610 KB   86/713 KB   153/257 KB   192/356 KB   512/1058 KB   430/610 KB   86/713 KB   157/257 KB   192/356 KB   512/1058 KB   430/610 KB   86/713 KB   161/257 KB   192/356 KB   512/1058 KB   430/610 KB   86/713 KB   165/257 KB   192/356 KB   512/1058 KB   430/610 KB   86/713 KB   169/257 KB   196/356 KB   512/1058 KB   430/610 KB   86/713 KB   169/257 KB   176/356 KB   484/1058 KB   430/610 KB   68/713 KB   109/257 KB   196/356 KB   516/1058 KB   434/610 KB   90/713 KB   173/257 KB   200/356 KB   516/1058 KB   434/610 KB   90/713 KB   173/257 KB   204/356 KB   516/1058 KB   434/610 KB   90/713 KB   173/257 KB   208/356 KB   516/1058 KB   434/610 KB   90/713 KB   173/257 KB   208/356 KB   516/1058 KB   438/610 KB   90/713 KB   173/257 KB   208/356 KB   516/1058 KB   442/610 KB   90/713 KB   173/257 KB   208/356 KB   516/1058 KB   446/610 KB   90/713 KB   173/257 KB   208/356 KB   516/1058 KB   450/610 KB   90/713 KB   173/257 KB   212/356 KB   516/1058 KB   450/610 KB   90/713 KB   173/257 KB   216/356 KB   516/1058 KB   450/610 KB   90/713 KB   173/257 KB   220/356 KB   516/1058 KB   450/610 KB   90/713 KB   173/257 KB   224/356 KB   516/1058 KB   450/610 KB   90/713 KB   173/257 KB   224/356 KB   516/1058 KB   454/610 KB   90/713 KB   173/257 KB   224/356 KB   516/1058 KB   458/610 KB   90/713 KB   173/257 KB   224/356 KB   516/1058 KB   462/610 KB   90/713 KB   173/257 KB   224/356 KB   516/1058 KB   466/610 KB   90/713 KB   173/257 KB   228/356 KB   516/1058 KB   466/610 KB   90/713 KB   173/257 KB   196/356 KB   516/1058 KB   430/610 KB   90/713 KB   173/257 KB   228/356 KB   520/1058 KB   466/610 KB   90/713 KB   173/257 KB   228/356 KB   524/1058 KB   466/610 KB   90/713 KB   173/257 KB   228/356 KB   528/1058 KB   466/610 KB   90/713 KB   173/257 KB   228/356 KB   528/1058 KB   470/610 KB   90/713 KB   173/257 KB   228/356 KB   528/1058 KB   474/610 KB   90/713 KB   173/257 KB   228/356 KB   528/1058 KB   478/610 KB   90/713 KB   173/257 KB   228/356 KB   528/1058 KB   482/610 KB   90/713 KB   173/257 KB   196/356 KB   512/1058 KB   430/610 KB   90/713 KB   173/257 KB   196/356 KB   512/1058 KB   430/610 KB   90/713 KB   169/257 KB   228/356 KB   528/1058 KB   482/610 KB   90/713 KB   177/257 KB   228/356 KB   528/1058 KB   482/610 KB   94/713 KB   181/257 KB   228/356 KB   528/1058 KB   482/610 KB   97/713 KB   181/257 KB   228/356 KB   532/1058 KB   482/610 KB   97/713 KB   181/257 KB   228/356 KB   528/1058 KB   482/610 KB   94/713 KB   181/257 KB   232/356 KB   536/1058 KB   482/610 KB   97/713 KB   181/257 KB   232/356 KB   536/1058 KB   482/610 KB   97/713 KB   185/257 KB   236/356 KB   536/1058 KB   482/610 KB   97/713 KB   189/257 KB   236/356 KB   536/1058 KB   482/610 KB   101/713 KB   193/257 KB   236/356 KB   536/1058 KB   482/610 KB   101/713 KB   197/257 KB   236/356 KB   536/1058 KB   482/610 KB   101/713 KB   201/257 KB   236/356 KB   536/1058 KB   482/610 KB   101/713 KB   205/257 KB   236/356 KB   536/1058 KB   482/610 KB   101/713 KB   209/257 KB   236/356 KB   536/1058 KB   482/610 KB   101/713 KB   213/257 KB   236/356 KB   536/1058 KB   482/610 KB   101/713 KB   217/257 KB   236/356 KB   536/1058 KB   482/610 KB   101/713 KB   221/257 KB   228/356 KB   536/1058 KB   482/610 KB   97/713 KB   181/257 KB   236/356 KB   536/1058 KB   486/610 KB   101/713 KB   225/257 KB   236/356 KB   536/1058 KB   486/610 KB   101/713 KB   229/257 KB   236/356 KB   540/1058 KB   486/610 KB   101/713 KB   229/257 KB   236/356 KB   536/1058 KB   486/610 KB   101/713 KB   221/257 KB   236/356 KB   536/1058 KB   482/610 KB   101/713 KB   189/257 KB   236/356 KB   540/1058 KB   486/610 KB   105/713 KB   233/257 KB   236/356 KB   544/1058 KB   486/610 KB   109/713 KB   233/257 KB   236/356 KB   544/1058 KB   486/610 KB   113/713 KB   233/257 KB   236/356 KB   536/1058 KB   482/610 KB   97/713 KB   185/257 KB   236/356 KB   544/1058 KB   486/610 KB   105/713 KB   233/257 KB   236/356 KB   544/1058 KB   486/610 KB   117/713 KB   233/257 KB   236/356 KB   544/1058 KB   486/610 KB   121/713 KB   233/257 KB   236/356 KB   544/1058 KB   486/610 KB   125/713 KB   233/257 KB   236/356 KB   544/1058 KB   486/610 KB   129/713 KB   233/257 KB   236/356 KB   548/1058 KB   486/610 KB   129/713 KB   233/257 KB   240/356 KB   552/1058 KB   486/610 KB   129/713 KB   233/257 KB   240/356 KB   556/1058 KB   486/610 KB   129/713 KB   233/257 KB   240/356 KB   560/1058 KB   486/610 KB   129/713 KB   233/257 KB   240/356 KB   560/1058 KB   486/610 KB   133/713 KB   233/257 KB   240/356 KB   560/1058 KB   490/610 KB   137/713 KB   233/257 KB   240/356 KB   560/1058 KB   490/610 KB   139/713 KB   233/257 KB   236/356 KB   540/1058 KB   486/610 KB   101/713 KB   233/257 KB   240/356 KB   560/1058 KB   490/610 KB   143/713 KB   233/257 KB   240/356 KB   560/1058 KB   490/610 KB   133/713 KB   233/257 KB   240/356 KB   560/1058 KB   494/610 KB   143/713 KB   233/257 KB   240/356 KB   560/1058 KB   498/610 KB   143/713 KB   233/257 KB   240/356 KB   564/1058 KB   498/610 KB   143/713 KB   233/257 KB   240/356 KB   568/1058 KB   498/610 KB   143/713 KB   237/257 KB   240/356 KB   572/1058 KB   498/610 KB   143/713 KB   237/257 KB   240/356 KB   576/1058 KB   498/610 KB   143/713 KB   237/257 KB   240/356 KB   576/1058 KB   502/610 KB   143/713 KB   237/257 KB   240/356 KB   576/1058 KB   506/610 KB   143/713 KB   237/257 KB   240/356 KB   576/1058 KB   510/610 KB   143/713 KB   237/257 KB   240/356 KB   576/1058 KB   514/610 KB   143/713 KB   237/257 KB   240/356 KB   580/1058 KB   514/610 KB   143/713 KB   237/257 KB   240/356 KB   548/1058 KB   486/610 KB   129/713 KB   233/257 KB   240/356 KB   584/1058 KB   514/610 KB   143/713 KB   237/257 KB   240/356 KB   564/1058 KB   498/610 KB   143/713 KB   237/257 KB   240/356 KB   584/1058 KB   514/610 KB   143/713 KB   241/257 KB   240/356 KB   584/1058 KB   514/610 KB   143/713 KB   245/257 KB   240/356 KB   584/1058 KB   514/610 KB   143/713 KB   249/257 KB   240/356 KB   584/1058 KB   514/610 KB   143/713 KB   253/257 KB   240/356 KB   584/1058 KB   514/610 KB   143/713 KB   257/257 KB   240/356 KB   584/1058 KB   514/610 KB   143/713 KB   257/257 KB   240/356 KB   584/1058 KB   514/610 KB   147/713 KB   257/257 KB   240/356 KB   584/1058 KB   514/610 KB   151/713 KB   257/257 KB   240/356 KB   584/1058 KB   514/610 KB   155/713 KB   257/257 KB   240/356 KB   588/1058 KB   514/610 KB   155/713 KB   257/257 KB   240/356 KB   592/1058 KB   514/610 KB   155/713 KB   257/257 KB   244/356 KB   592/1058 KB   514/610 KB   155/713 KB   257/257 KB   248/356 KB   592/1058 KB   514/610 KB   159/713 KB   257/257 KB   252/356 KB   592/1058 KB   514/610 KB   159/713 KB   257/257 KB   256/356 KB   592/1058 KB   514/610 KB   159/713 KB   257/257 KB   256/356 KB   596/1058 KB   514/610 KB   159/713 KB   257/257 KB   256/356 KB   600/1058 KB   514/610 KB   159/713 KB   257/257 KB   256/356 KB   604/1058 KB   514/610 KB   159/713 KB   257/257 KB   256/356 KB   608/1058 KB   514/610 KB   159/713 KB   257/257 KB   256/356 KB   608/1058 KB   518/610 KB   159/713 KB   257/257 KB   256/356 KB   608/1058 KB   522/610 KB   159/713 KB   257/257 KB   256/356 KB   608/1058 KB   526/610 KB   159/713 KB   257/257 KB   256/356 KB   608/1058 KB   530/610 KB   159/713 KB   257/257 KB   260/356 KB   608/1058 KB   530/610 KB   159/713 KB   257/257 KB   244/356 KB   592/1058 KB   514/610 KB   159/713 KB   257/257 KB   260/356 KB   612/1058 KB   534/610 KB   163/713 KB   257/257 KB   264/356 KB   612/1058 KB   534/610 KB   167/713 KB   257/257 KB   264/356 KB   612/1058 KB   534/610 KB   171/713 KB   257/257 KB   264/356 KB   612/1058 KB   534/610 KB   175/713 KB   257/257 KB   264/356 KB   612/1058 KB   534/610 KB   179/713 KB   257/257 KB   264/356 KB   612/1058 KB   534/610 KB   183/713 KB   257/257 KB   264/356 KB   612/1058 KB   534/610 KB   187/713 KB   257/257 KB   264/356 KB   612/1058 KB   534/610 KB   191/713 KB   257/257 KB   260/356 KB   612/1058 KB   534/610 KB   159/713 KB   257/257 KB   264/356 KB   612/1058 KB   538/610 KB   191/713 KB   257/257 KB   264/356 KB   612/1058 KB   542/610 KB   191/713 KB   257/257 KB   264/356 KB   612/1058 KB   546/610 KB   191/713 KB   257/257 KB                                                                     Downloaded: https://repo.spring.io/libs-snapshot/org/springframework/spring-tx/4.2.0.BUILD-SNAPSHOT/spring-tx-4.2.0.BUILD-20150630.104748-508.jar (257 KB at 354.6 KB/sec)
Downloading: https://repo.spring.io/libs-snapshot/org/springframework/spring-instrument/4.2.0.BUILD-SNAPSHOT/spring-instrument-4.2.0.BUILD-20150630.104748-508.jar
260/356 KB   612/1058 KB   530/610 KB   159/713 KB   257/257 KB   264/356 KB   612/1058 KB   534/610 KB   163/713 KB   257/257 KB   264/356 KB   616/1058 KB   546/610 KB   191/713 KB                264/356 KB   620/1058 KB   546/610 KB   191/713 KB   264/356 KB   624/1058 KB   546/610 KB   191/713 KB   264/356 KB   624/1058 KB   550/610 KB   191/713 KB   264/356 KB   624/1058 KB   554/610 KB   191/713 KB   264/356 KB   624/1058 KB   558/610 KB   191/713 KB   264/356 KB   624/1058 KB   562/610 KB   191/713 KB   264/356 KB   628/1058 KB   562/610 KB   191/713 KB   264/356 KB   632/1058 KB   562/610 KB   191/713 KB   264/356 KB   636/1058 KB   562/610 KB   191/713 KB   264/356 KB   640/1058 KB   562/610 KB   191/713 KB   264/356 KB   640/1058 KB   566/610 KB   191/713 KB   264/356 KB   640/1058 KB   570/610 KB   195/713 KB   264/356 KB   640/1058 KB   574/610 KB   195/713 KB   264/356 KB   640/1058 KB   578/610 KB   195/713 KB   264/356 KB   644/1058 KB   578/610 KB   195/713 KB   264/356 KB   648/1058 KB   578/610 KB   195/713 KB   264/356 KB   652/1058 KB   578/610 KB   195/713 KB   264/356 KB   656/1058 KB   578/610 KB   195/713 KB   268/356 KB   656/1058 KB   582/610 KB   195/713 KB   264/356 KB   640/1058 KB   566/610 KB   195/713 KB   268/356 KB   656/1058 KB   578/610 KB   195/713 KB   268/356 KB   656/1058 KB   582/610 KB   199/713 KB   268/356 KB   656/1058 KB   582/610 KB   203/713 KB   272/356 KB   656/1058 KB   582/610 KB   203/713 KB   276/356 KB   656/1058 KB   582/610 KB   203/713 KB   280/356 KB   660/1058 KB   586/610 KB   207/713 KB   276/356 KB   660/1058 KB   586/610 KB   207/713 KB   280/356 KB   664/1058 KB   586/610 KB   207/713 KB   284/356 KB   668/1058 KB   586/610 KB   207/713 KB   284/356 KB   672/1058 KB   586/610 KB   207/713 KB   276/356 KB   656/1058 KB   586/610 KB   207/713 KB   284/356 KB   672/1058 KB   590/610 KB   207/713 KB   284/356 KB   672/1058 KB   594/610 KB   207/713 KB   284/356 KB   672/1058 KB   598/610 KB   207/713 KB   276/356 KB   656/1058 KB   582/610 KB   207/713 KB   284/356 KB   676/1058 KB   602/610 KB   207/713 KB   284/356 KB   676/1058 KB   606/610 KB   207/713 KB   284/356 KB   676/1058 KB   610/610 KB   207/713 KB   284/356 KB   676/1058 KB   610/610 KB   211/713 KB   284/356 KB   676/1058 KB   610/610 KB   215/713 KB   284/356 KB   676/1058 KB   610/610 KB   219/713 KB   284/356 KB   676/1058 KB   598/610 KB   207/713 KB   284/356 KB   680/1058 KB   610/610 KB   219/713 KB   284/356 KB   684/1058 KB   610/610 KB   219/713 KB   284/356 KB   688/1058 KB   610/610 KB   219/713 KB   284/356 KB   688/1058 KB   610/610 KB   223/713 KB   284/356 KB   688/1058 KB   610/610 KB   227/713 KB   284/356 KB   688/1058 KB   610/610 KB   231/713 KB   284/356 KB   688/1058 KB   610/610 KB   235/713 KB   284/356 KB   688/1058 KB   4/8 KB   610/610 KB   235/713 KB   284/356 KB   668/1058 KB   586/610 KB   207/713 KB   284/356 KB   688/1058 KB   8/8 KB   610/610 KB   235/713 KB   288/356 KB   688/1058 KB   8/8 KB   610/610 KB   235/713 KB   288/356 KB   692/1058 KB   8/8 KB   610/610 KB   235/713 KB   288/356 KB   696/1058 KB   8/8 KB   610/610 KB   235/713 KB   288/356 KB   700/1058 KB   8/8 KB   610/610 KB   235/713 KB   288/356 KB   704/1058 KB   8/8 KB   610/610 KB   235/713 KB   292/356 KB   704/1058 KB   8/8 KB   610/610 KB   235/713 KB   296/356 KB   708/1058 KB   8/8 KB   610/610 KB   239/713 KB   300/356 KB   708/1058 KB   8/8 KB   610/610 KB   239/713 KB   304/356 KB   708/1058 KB   8/8 KB   610/610 KB   239/713 KB   308/356 KB   708/1058 KB   8/8 KB   610/610 KB   239/713 KB   292/356 KB   708/1058 KB   8/8 KB   610/610 KB   239/713 KB   292/356 KB   708/1058 KB   8/8 KB   610/610 KB   235/713 KB   308/356 KB   708/1058 KB   8/8 KB   610/610 KB   243/713 KB   312/356 KB   708/1058 KB   8/8 KB   610/610 KB   243/713 KB   316/356 KB   708/1058 KB   8/8 KB   610/610 KB   243/713 KB   316/356 KB   708/1058 KB   8/8 KB   610/610 KB   247/713 KB   320/356 KB   708/1058 KB   8/8 KB   610/610 KB   247/713 KB   320/356 KB   708/1058 KB   8/8 KB   610/610 KB   251/713 KB   324/356 KB   708/1058 KB   8/8 KB   610/610 KB   251/713 KB   328/356 KB   708/1058 KB   8/8 KB   610/610 KB   251/713 KB   332/356 KB   708/1058 KB   8/8 KB   610/610 KB   251/713 KB   336/356 KB   708/1058 KB   8/8 KB   610/610 KB   251/713 KB   336/356 KB   708/1058 KB   8/8 KB   610/610 KB   255/713 KB   336/356 KB   708/1058 KB   8/8 KB   610/610 KB   259/713 KB   336/356 KB   708/1058 KB   8/8 KB   610/610 KB   263/713 KB   336/356 KB   708/1058 KB   8/8 KB   610/610 KB   267/713 KB                                                                 336/356 KB   712/1058 KB   271/713 KB                                                                     Downloaded: https://repo.spring.io/libs-snapshot/org/springframework/spring-instrument/4.2.0.BUILD-SNAPSHOT/spring-instrument-4.2.0.BUILD-20150630.104748-508.jar (8 KB at 8.8 KB/sec)
336/356 KB   712/1058 KB   610/610 KB   267/713 KB            Downloading: https://repo.spring.io/libs-snapshot/org/springframework/spring-core/4.2.0.BUILD-SNAPSHOT/spring-core-4.2.0.BUILD-20150630.104748-508.jar
336/356 KB   712/1058 KB   275/713 KB   Downloaded: https://repo.spring.io/libs-snapshot/org/springframework/data/spring-data-commons/1.11.0.DATACMNS-293-SNAPSHOT/spring-data-commons-1.11.0.DATACMNS-293-20150630.070156-6.jar (610 KB at 743.0 KB/sec)
Downloading: https://repo.spring.io/libs-snapshot/org/springframework/spring-aspects/4.2.0.BUILD-SNAPSHOT/spring-aspects-4.2.0.BUILD-20150630.104748-508.jar
336/356 KB   716/1058 KB   275/713 KB   336/356 KB   720/1058 KB   275/713 KB   336/356 KB   720/1058 KB   279/713 KB   336/356 KB   720/1058 KB   283/713 KB   340/356 KB   720/1058 KB   283/713 KB   340/356 KB   724/1058 KB   283/713 KB   340/356 KB   728/1058 KB   283/713 KB   340/356 KB   732/1058 KB   283/713 KB   340/356 KB   736/1058 KB   283/713 KB   340/356 KB   736/1058 KB   287/713 KB   340/356 KB   736/1058 KB   291/713 KB   340/356 KB   736/1058 KB   295/713 KB   340/356 KB   736/1058 KB   299/713 KB   340/356 KB   736/1058 KB   303/713 KB   340/356 KB   736/1058 KB   307/713 KB   340/356 KB   736/1058 KB   311/713 KB   340/356 KB   736/1058 KB   315/713 KB   340/356 KB   736/1058 KB   319/713 KB   340/356 KB   736/1058 KB   323/713 KB   340/356 KB   736/1058 KB   327/713 KB   340/356 KB   736/1058 KB   331/713 KB   340/356 KB   740/1058 KB   331/713 KB   340/356 KB   744/1058 KB   331/713 KB   340/356 KB   748/1058 KB   331/713 KB   340/356 KB   752/1058 KB   331/713 KB   340/356 KB   752/1058 KB   335/713 KB   340/356 KB   752/1058 KB   339/713 KB   340/356 KB   752/1058 KB   343/713 KB   340/356 KB   752/1058 KB   347/713 KB   340/356 KB   756/1058 KB   347/713 KB   344/356 KB   760/1058 KB   347/713 KB   344/356 KB   764/1058 KB   347/713 KB   344/356 KB   768/1058 KB   347/713 KB   344/356 KB   768/1058 KB   351/713 KB   344/356 KB   756/1058 KB   347/713 KB   348/356 KB   768/1058 KB   355/713 KB   352/356 KB   768/1058 KB   355/713 KB   356/356 KB   768/1058 KB   355/713 KB   356/356 KB   1/58 KB   772/1058 KB   355/713 KB   344/356 KB   768/1058 KB   355/713 KB   356/356 KB   1/58 KB   772/1058 KB   359/713 KB   356/356 KB   1/58 KB   772/1058 KB   363/713 KB   356/356 KB   1/58 KB   772/1058 KB   355/713 KB   356/356 KB   1/58 KB   768/1058 KB   355/713 KB   356/356 KB   4/1027 KB   1/58 KB   776/1058 KB   367/713 KB   356/356 KB   4/1027 KB   1/58 KB   780/1058 KB   367/713 KB   356/356 KB   4/1027 KB   1/58 KB   784/1058 KB   367/713 KB   356/356 KB   4/1027 KB   5/58 KB   784/1058 KB   367/713 KB   356/356 KB   4/1027 KB   9/58 KB   784/1058 KB   367/713 KB   356/356 KB   4/1027 KB   13/58 KB   784/1058 KB   367/713 KB   356/356 KB   4/1027 KB   17/58 KB   784/1058 KB   367/713 KB   356/356 KB   4/1027 KB   17/58 KB   788/1058 KB   367/713 KB   356/356 KB   4/1027 KB   1/58 KB   772/1058 KB   367/713 KB   356/356 KB   4/1027 KB   21/58 KB   792/1058 KB   371/713 KB   356/356 KB   4/1027 KB   21/58 KB   792/1058 KB   375/713 KB   356/356 KB   4/1027 KB   21/58 KB   792/1058 KB   379/713 KB   356/356 KB   4/1027 KB   21/58 KB   792/1058 KB   383/713 KB   356/356 KB   4/1027 KB   1/58 KB   772/1058 KB   363/713 KB   356/356 KB   4/1027 KB   21/58 KB   792/1058 KB   367/713 KB   356/356 KB   8/1027 KB   21/58 KB   792/1058 KB   387/713 KB   356/356 KB   8/1027 KB   21/58 KB   792/1058 KB   391/713 KB   356/356 KB   8/1027 KB   21/58 KB   796/1058 KB   391/713 KB   356/356 KB   8/1027 KB   21/58 KB   800/1058 KB   395/713 KB                                                                  Downloaded: https://repo.spring.io/libs-snapshot/org/springframework/spring-aop/4.2.0.BUILD-SNAPSHOT/spring-aop-4.2.0.BUILD-20150630.104748-508.jar (356 KB at 401.2 KB/sec)
Downloading: https://repo.spring.io/libs-snapshot/org/springframework/spring-test/4.2.0.BUILD-SNAPSHOT/spring-test-4.2.0.BUILD-20150630.104748-508.jar
356/356 KB   4/1027 KB   21/58 KB   788/1058 KB   367/713 KB   8/1027 KB   25/58 KB   800/1058 KB   395/713 KB                8/1027 KB   29/58 KB   800/1058 KB   395/713 KB   8/1027 KB   32/58 KB   800/1058 KB   395/713 KB   8/1027 KB   36/58 KB   800/1058 KB   395/713 KB   8/1027 KB   40/58 KB   800/1058 KB   395/713 KB   8/1027 KB   44/58 KB   800/1058 KB   395/713 KB   8/1027 KB   48/58 KB   800/1058 KB   395/713 KB   356/356 KB   8/1027 KB   21/58 KB   796/1058 KB   395/713 KB   356/356 KB   8/1027 KB   21/58 KB   792/1058 KB   383/713 KB   8/1027 KB   48/58 KB   804/1058 KB   395/713 KB   12/1027 KB   52/58 KB   808/1058 KB   395/713 KB   12/1027 KB   52/58 KB   812/1058 KB   395/713 KB   12/1027 KB   52/58 KB   816/1058 KB   395/713 KB   12/1027 KB   52/58 KB   804/1058 KB   395/713 KB   12/1027 KB   48/58 KB   804/1058 KB   395/713 KB   16/1027 KB   52/58 KB   816/1058 KB   395/713 KB   16/1027 KB   56/58 KB   816/1058 KB   395/713 KB   16/1027 KB   58/58 KB   816/1058 KB   395/713 KB   20/1027 KB   58/58 KB   816/1058 KB   395/713 KB   24/1027 KB   58/58 KB   820/1058 KB   395/713 KB   28/1027 KB   58/58 KB   820/1058 KB   395/713 KB   32/1027 KB   58/58 KB   820/1058 KB   395/713 KB   20/1027 KB   58/58 KB   820/1058 KB   395/713 KB   32/1027 KB   58/58 KB   824/1058 KB   395/713 KB   32/1027 KB   58/58 KB   828/1058 KB   395/713 KB   32/1027 KB   58/58 KB   832/1058 KB   395/713 KB   36/1027 KB   58/58 KB   832/1058 KB   395/713 KB   39/1027 KB   58/58 KB   832/1058 KB   395/713 KB   43/1027 KB   58/58 KB   832/1058 KB   395/713 KB   47/1027 KB   58/58 KB   832/1058 KB   399/713 KB   51/1027 KB   58/58 KB   832/1058 KB   399/713 KB   55/1027 KB   58/58 KB   832/1058 KB   399/713 KB   55/1027 KB   58/58 KB   832/1058 KB   4/506 KB   399/713 KB   55/1027 KB   58/58 KB   832/1058 KB   8/506 KB   399/713 KB   55/1027 KB   58/58 KB   832/1058 KB   12/506 KB   399/713 KB   55/1027 KB   58/58 KB   832/1058 KB   14/506 KB   399/713 KB   59/1027 KB   58/58 KB   832/1058 KB   14/506 KB   399/713 KB   43/1027 KB   58/58 KB   832/1058 KB   399/713 KB   59/1027 KB   58/58 KB   832/1058 KB   14/506 KB   403/713 KB   59/1027 KB   58/58 KB   832/1058 KB   14/506 KB   407/713 KB   59/1027 KB   58/58 KB   832/1058 KB   14/506 KB   411/713 KB   59/1027 KB   58/58 KB   832/1058 KB   18/506 KB   411/713 KB   59/1027 KB   58/58 KB   832/1058 KB   22/506 KB   411/713 KB   59/1027 KB   58/58 KB   832/1058 KB   26/506 KB   411/713 KB   59/1027 KB   58/58 KB   832/1058 KB   30/506 KB   411/713 KB   59/1027 KB   58/58 KB   832/1058 KB   30/506 KB   415/713 KB   63/1027 KB   58/58 KB   832/1058 KB   30/506 KB   419/713 KB   63/1027 KB   58/58 KB   832/1058 KB   30/506 KB   423/713 KB   63/1027 KB   58/58 KB   832/1058 KB   30/506 KB   427/713 KB   63/1027 KB   58/58 KB   832/1058 KB   34/506 KB   427/713 KB   63/1027 KB   58/58 KB   832/1058 KB   30/506 KB   415/713 KB   63/1027 KB   58/58 KB   836/1058 KB   34/506 KB   427/713 KB   67/1027 KB   58/58 KB   840/1058 KB   34/506 KB   427/713 KB   67/1027 KB   58/58 KB   844/1058 KB   34/506 KB   427/713 KB   67/1027 KB   58/58 KB   848/1058 KB   34/506 KB   427/713 KB   67/1027 KB   58/58 KB   848/1058 KB   34/506 KB   431/713 KB   67/1027 KB   58/58 KB   836/1058 KB   34/506 KB   427/713 KB   71/1027 KB   58/58 KB   848/1058 KB   34/506 KB   431/713 KB                                                                  Downloaded: https://repo.spring.io/libs-snapshot/org/springframework/spring-aspects/4.2.0.BUILD-SNAPSHOT/spring-aspects-4.2.0.BUILD-20150630.104748-508.jar (58 KB at 61.5 KB/sec)
75/1027 KB   848/1058 KB   34/506 KB   431/713 KB              79/1027 KB   848/1058 KB   34/506 KB   431/713 KB   83/1027 KB   848/1058 KB   34/506 KB   431/713 KB   87/1027 KB   848/1058 KB   34/506 KB   431/713 KB   91/1027 KB   848/1058 KB   34/506 KB   431/713 KB   95/1027 KB   848/1058 KB   34/506 KB   435/713 KB   99/1027 KB   848/1058 KB   34/506 KB   435/713 KB   100/1027 KB   848/1058 KB   34/506 KB   435/713 KB   103/1027 KB   848/1058 KB   34/506 KB   435/713 KB   91/1027 KB   848/1058 KB   34/506 KB   435/713 KB   103/1027 KB   848/1058 KB   34/506 KB   439/713 KB   103/1027 KB   848/1058 KB   34/506 KB   443/713 KB   103/1027 KB   852/1058 KB   34/506 KB   443/713 KB   103/1027 KB   856/1058 KB   38/506 KB   443/713 KB   103/1027 KB   860/1058 KB   38/506 KB   443/713 KB   103/1027 KB   864/1058 KB   38/506 KB   443/713 KB   103/1027 KB   864/1058 KB   38/506 KB   447/713 KB   103/1027 KB   852/1058 KB   38/506 KB   443/713 KB   107/1027 KB   868/1058 KB   38/506 KB   451/713 KB   107/1027 KB   868/1058 KB   38/506 KB   455/713 KB   107/1027 KB   868/1058 KB   38/506 KB   459/713 KB   107/1027 KB   868/1058 KB   42/506 KB   459/713 KB   107/1027 KB   868/1058 KB   46/506 KB   459/713 KB   107/1027 KB   868/1058 KB   50/506 KB   459/713 KB   107/1027 KB   868/1058 KB   50/506 KB   463/713 KB   107/1027 KB   868/1058 KB   50/506 KB   467/713 KB   107/1027 KB   868/1058 KB   50/506 KB   471/713 KB   107/1027 KB   868/1058 KB   50/506 KB   475/713 KB   107/1027 KB   868/1058 KB   54/506 KB   475/713 KB   107/1027 KB   868/1058 KB   58/506 KB   475/713 KB   107/1027 KB   868/1058 KB   62/506 KB   475/713 KB   107/1027 KB   868/1058 KB   64/506 KB   475/713 KB   107/1027 KB   868/1058 KB   64/506 KB   479/713 KB   107/1027 KB   868/1058 KB   38/506 KB   447/713 KB   111/1027 KB   868/1058 KB   64/506 KB   479/713 KB   103/1027 KB   868/1058 KB   38/506 KB   447/713 KB   115/1027 KB   868/1058 KB   64/506 KB   483/713 KB   115/1027 KB   868/1058 KB   64/506 KB   479/713 KB   119/1027 KB   868/1058 KB   64/506 KB   483/713 KB   119/1027 KB   872/1058 KB   64/506 KB   483/713 KB   119/1027 KB   876/1058 KB   64/506 KB   483/713 KB   119/1027 KB   880/1058 KB   64/506 KB   483/713 KB   123/1027 KB   880/1058 KB   64/506 KB   483/713 KB   127/1027 KB   880/1058 KB   64/506 KB   483/713 KB   131/1027 KB   880/1058 KB   64/506 KB   483/713 KB   135/1027 KB   880/1058 KB   64/506 KB   483/713 KB   135/1027 KB   880/1058 KB   68/506 KB   483/713 KB   135/1027 KB   884/1058 KB   72/506 KB   483/713 KB   135/1027 KB   884/1058 KB   76/506 KB   483/713 KB   135/1027 KB   884/1058 KB   80/506 KB   483/713 KB   139/1027 KB   884/1058 KB   80/506 KB   483/713 KB   143/1027 KB   884/1058 KB   80/506 KB   487/713 KB   147/1027 KB   884/1058 KB   80/506 KB   487/713 KB   151/1027 KB   884/1058 KB   80/506 KB   487/713 KB   151/1027 KB   884/1058 KB   84/506 KB   487/713 KB   135/1027 KB   884/1058 KB   68/506 KB   483/713 KB   139/1027 KB   884/1058 KB   80/506 KB   487/713 KB   151/1027 KB   884/1058 KB   84/506 KB   491/713 KB   151/1027 KB   888/1058 KB   84/506 KB   491/713 KB   151/1027 KB   892/1058 KB   84/506 KB   491/713 KB   151/1027 KB   896/1058 KB   84/506 KB   491/713 KB   151/1027 KB   896/1058 KB   84/506 KB   495/713 KB   151/1027 KB   896/1058 KB   84/506 KB   499/713 KB   151/1027 KB   896/1058 KB   84/506 KB   503/713 KB   151/1027 KB   896/1058 KB   84/506 KB   507/713 KB   151/1027 KB   896/1058 KB   88/506 KB   507/713 KB   151/1027 KB   896/1058 KB   92/506 KB   507/713 KB   151/1027 KB   896/1058 KB   93/506 KB   507/713 KB   151/1027 KB   900/1058 KB   93/506 KB   511/713 KB   151/1027 KB   900/1058 KB   93/506 KB   507/713 KB   155/1027 KB   900/1058 KB   93/506 KB   515/713 KB   155/1027 KB   900/1058 KB   93/506 KB   519/713 KB   155/1027 KB   900/1058 KB   93/506 KB   523/713 KB   155/1027 KB   904/1058 KB   93/506 KB   523/713 KB   155/1027 KB   908/1058 KB   93/506 KB   523/713 KB   155/1027 KB   912/1058 KB   93/506 KB   523/713 KB   155/1027 KB   912/1058 KB   93/506 KB   527/713 KB   155/1027 KB   900/1058 KB   93/506 KB   511/713 KB   159/1027 KB   912/1058 KB   93/506 KB   527/713 KB   163/1027 KB   912/1058 KB   93/506 KB   527/713 KB   167/1027 KB   912/1058 KB   93/506 KB   527/713 KB   167/1027 KB   912/1058 KB   97/506 KB   527/713 KB   167/1027 KB   912/1058 KB   101/506 KB   527/713 KB   167/1027 KB   912/1058 KB   105/506 KB   527/713 KB   167/1027 KB   912/1058 KB   109/506 KB   527/713 KB   171/1027 KB   912/1058 KB   109/506 KB   527/713 KB   175/1027 KB   912/1058 KB   109/506 KB   527/713 KB   179/1027 KB   912/1058 KB   109/506 KB   527/713 KB   183/1027 KB   912/1058 KB   109/506 KB   527/713 KB   183/1027 KB   916/1058 KB   109/506 KB   527/713 KB   187/1027 KB   916/1058 KB   113/506 KB   527/713 KB   183/1027 KB   916/1058 KB   113/506 KB   527/713 KB   191/1027 KB   920/1058 KB   113/506 KB   531/713 KB   195/1027 KB   920/1058 KB   113/506 KB   531/713 KB   199/1027 KB   920/1058 KB   113/506 KB   531/713 KB   199/1027 KB   920/1058 KB   117/506 KB   531/713 KB   199/1027 KB   920/1058 KB   120/506 KB   531/713 KB   199/1027 KB   920/1058 KB   123/506 KB   531/713 KB   203/1027 KB   920/1058 KB   123/506 KB   531/713 KB   187/1027 KB   920/1058 KB   113/506 KB   531/713 KB   203/1027 KB   920/1058 KB   123/506 KB   535/713 KB   187/1027 KB   920/1058 KB   113/506 KB   527/713 KB   207/1027 KB   920/1058 KB   123/506 KB   539/713 KB   203/1027 KB   920/1058 KB   123/506 KB   539/713 KB   207/1027 KB   924/1058 KB   123/506 KB   539/713 KB   207/1027 KB   928/1058 KB   123/506 KB   539/713 KB   207/1027 KB   928/1058 KB   123/506 KB   543/713 KB   207/1027 KB   928/1058 KB   123/506 KB   547/713 KB   207/1027 KB   928/1058 KB   123/506 KB   551/713 KB   207/1027 KB   928/1058 KB   123/506 KB   555/713 KB   207/1027 KB   928/1058 KB   123/506 KB   559/713 KB   211/1027 KB   928/1058 KB   123/506 KB   563/713 KB   211/1027 KB   928/1058 KB   123/506 KB   567/713 KB   211/1027 KB   928/1058 KB   123/506 KB   571/713 KB   211/1027 KB   928/1058 KB   123/506 KB   575/713 KB   211/1027 KB   928/1058 KB   123/506 KB   559/713 KB   215/1027 KB   928/1058 KB   123/506 KB   575/713 KB   215/1027 KB   932/1058 KB   123/506 KB   575/713 KB   215/1027 KB   936/1058 KB   123/506 KB   575/713 KB   215/1027 KB   940/1058 KB   123/506 KB   575/713 KB   215/1027 KB   944/1058 KB   123/506 KB   575/713 KB   219/1027 KB   944/1058 KB   123/506 KB   575/713 KB   223/1027 KB   944/1058 KB   123/506 KB   575/713 KB   227/1027 KB   944/1058 KB   123/506 KB   575/713 KB   231/1027 KB   944/1058 KB   123/506 KB   575/713 KB   231/1027 KB   948/1058 KB   123/506 KB   575/713 KB   231/1027 KB   952/1058 KB   123/506 KB   575/713 KB   231/1027 KB   956/1058 KB   123/506 KB   575/713 KB   231/1027 KB   960/1058 KB   123/506 KB   575/713 KB   235/1027 KB   960/1058 KB   123/506 KB   575/713 KB   239/1027 KB   960/1058 KB   123/506 KB   575/713 KB   243/1027 KB   960/1058 KB   123/506 KB   575/713 KB   247/1027 KB   960/1058 KB   127/506 KB   579/713 KB   247/1027 KB   964/1058 KB   127/506 KB   579/713 KB   247/1027 KB   968/1058 KB   127/506 KB   579/713 KB   247/1027 KB   972/1058 KB   127/506 KB   579/713 KB   247/1027 KB   976/1058 KB   127/506 KB   579/713 KB   251/1027 KB   976/1058 KB   127/506 KB   579/713 KB   255/1027 KB   976/1058 KB   127/506 KB   579/713 KB   259/1027 KB   976/1058 KB   127/506 KB   579/713 KB   263/1027 KB   976/1058 KB   127/506 KB   579/713 KB   263/1027 KB   980/1058 KB   127/506 KB   579/713 KB   263/1027 KB   984/1058 KB   127/506 KB   579/713 KB   263/1027 KB   988/1058 KB   127/506 KB   579/713 KB   263/1027 KB   992/1058 KB   127/506 KB   579/713 KB   267/1027 KB   992/1058 KB   127/506 KB   579/713 KB   243/1027 KB   960/1058 KB   127/506 KB   579/713 KB   267/1027 KB   992/1058 KB   131/506 KB   579/713 KB   267/1027 KB   992/1058 KB   135/506 KB   579/713 KB   267/1027 KB   992/1058 KB   139/506 KB   579/713 KB   267/1027 KB   992/1058 KB   143/506 KB   579/713 KB   243/1027 KB   960/1058 KB   123/506 KB   579/713 KB   267/1027 KB   992/1058 KB   143/506 KB   583/713 KB   267/1027 KB   992/1058 KB   143/506 KB   587/713 KB   267/1027 KB   996/1058 KB   143/506 KB   587/713 KB   267/1027 KB   1000/1058 KB   143/506 KB   587/713 KB   267/1027 KB   1004/1058 KB   143/506 KB   587/713 KB   267/1027 KB   1008/1058 KB   143/506 KB   587/713 KB   267/1027 KB   1008/1058 KB   143/506 KB   591/713 KB   267/1027 KB   1008/1058 KB   143/506 KB   595/713 KB   267/1027 KB   1008/1058 KB   143/506 KB   599/713 KB   267/1027 KB   1008/1058 KB   143/506 KB   603/713 KB   267/1027 KB   1012/1058 KB   143/506 KB   603/713 KB   267/1027 KB   1016/1058 KB   143/506 KB   603/713 KB   267/1027 KB   1020/1058 KB   143/506 KB   603/713 KB   267/1027 KB   1024/1058 KB   143/506 KB   603/713 KB   267/1027 KB   1024/1058 KB   143/506 KB   607/713 KB   267/1027 KB   1024/1058 KB   147/506 KB   611/713 KB   271/1027 KB   1024/1058 KB   147/506 KB   615/713 KB   271/1027 KB   1024/1058 KB   147/506 KB   619/713 KB   271/1027 KB   1024/1058 KB   147/506 KB   623/713 KB   267/1027 KB   1024/1058 KB   147/506 KB   607/713 KB   271/1027 KB   1024/1058 KB   151/506 KB   623/713 KB   271/1027 KB   1024/1058 KB   153/506 KB   623/713 KB   271/1027 KB   1028/1058 KB   153/506 KB   623/713 KB   271/1027 KB   1032/1058 KB   153/506 KB   623/713 KB   271/1027 KB   1036/1058 KB   153/506 KB   623/713 KB   271/1027 KB   1040/1058 KB   153/506 KB   623/713 KB   271/1027 KB   1040/1058 KB   157/506 KB   623/713 KB   271/1027 KB   1040/1058 KB   161/506 KB   623/713 KB   271/1027 KB   1040/1058 KB   165/506 KB   623/713 KB   271/1027 KB   1040/1058 KB   169/506 KB   623/713 KB   271/1027 KB   1044/1058 KB   169/506 KB   623/713 KB   271/1027 KB   1048/1058 KB   169/506 KB   623/713 KB   271/1027 KB   1052/1058 KB   169/506 KB   623/713 KB   271/1027 KB   1056/1058 KB   169/506 KB   623/713 KB   271/1027 KB   1058/1058 KB   169/506 KB   623/713 KB   271/1027 KB   1058/1058 KB   173/506 KB   623/713 KB   271/1027 KB   1024/1058 KB   147/506 KB   611/713 KB   275/1027 KB   1058/1058 KB   173/506 KB   627/713 KB   279/1027 KB   1058/1058 KB   173/506 KB   627/713 KB   283/1027 KB   1058/1058 KB   173/506 KB   627/713 KB   287/1027 KB   1058/1058 KB   173/506 KB   627/713 KB   291/1027 KB   1058/1058 KB   173/506 KB   627/713 KB   295/1027 KB   1058/1058 KB   173/506 KB   627/713 KB   299/1027 KB   1058/1058 KB   173/506 KB   627/713 KB   271/1027 KB   1058/1058 KB   173/506 KB   627/713 KB   299/1027 KB   1058/1058 KB   177/506 KB   627/713 KB   303/1027 KB   1058/1058 KB   177/506 KB   627/713 KB   303/1027 KB   1058/1058 KB   177/506 KB   631/713 KB   303/1027 KB   1058/1058 KB   181/506 KB   631/713 KB   307/1027 KB   1058/1058 KB   181/506 KB   635/713 KB   303/1027 KB   1058/1058 KB   181/506 KB   635/713 KB   307/1027 KB   1058/1058 KB   185/506 KB   635/713 KB   307/1027 KB   1058/1058 KB   185/506 KB   639/713 KB   307/1027 KB   1058/1058 KB   185/506 KB   643/713 KB   307/1027 KB   1058/1058 KB   185/506 KB   647/713 KB   307/1027 KB   1058/1058 KB   185/506 KB   651/713 KB   311/1027 KB   1058/1058 KB   189/506 KB   651/713 KB   311/1027 KB   1058/1058 KB   193/506 KB   651/713 KB   311/1027 KB   1058/1058 KB   197/506 KB   651/713 KB   311/1027 KB   1058/1058 KB   201/506 KB   651/713 KB   311/1027 KB   1058/1058 KB   201/506 KB   655/713 KB   311/1027 KB   1058/1058 KB   185/506 KB   651/713 KB   315/1027 KB   1058/1058 KB   201/506 KB   655/713 KB   319/1027 KB   1058/1058 KB   201/506 KB   659/713 KB   323/1027 KB   1058/1058 KB   201/506 KB   659/713 KB   327/1027 KB   1058/1058 KB   201/506 KB   659/713 KB   327/1027 KB   1058/1058 KB   205/506 KB   659/713 KB   327/1027 KB   1058/1058 KB   209/506 KB   659/713 KB   327/1027 KB   1058/1058 KB   213/506 KB   659/713 KB   327/1027 KB   1058/1058 KB   217/506 KB   659/713 KB   315/1027 KB   1058/1058 KB   201/506 KB   659/713 KB   327/1027 KB   1058/1058 KB   217/506 KB   663/713 KB   327/1027 KB   1058/1058 KB   217/506 KB   667/713 KB   327/1027 KB   1058/1058 KB   221/506 KB   667/713 KB   327/1027 KB   1058/1058 KB   225/506 KB   667/713 KB   327/1027 KB   1058/1058 KB   229/506 KB   667/713 KB   327/1027 KB   1058/1058 KB   233/506 KB   667/713 KB   327/1027 KB   1058/1058 KB   233/506 KB   671/713 KB   331/1027 KB   1058/1058 KB   237/506 KB   675/713 KB   331/1027 KB   1058/1058 KB   237/506 KB   679/713 KB   331/1027 KB   1058/1058 KB   237/506 KB   683/713 KB   331/1027 KB   1058/1058 KB   237/506 KB   671/713 KB   335/1027 KB   237/506 KB   683/713 KB                  339/1027 KB   237/506 KB   683/713 KB   343/1027 KB   237/506 KB   683/713 KB   347/1027 KB   237/506 KB   683/713 KB   327/1027 KB   1058/1058 KB   237/506 KB   671/713 KB   347/1027 KB   241/506 KB   687/713 KB   347/1027 KB   245/506 KB   687/713 KB   347/1027 KB   249/506 KB   687/713 KB   347/1027 KB   253/506 KB   687/713 KB   351/1027 KB   257/506 KB   687/713 KB   351/1027 KB   261/506 KB   687/713 KB   351/1027 KB   265/506 KB   687/713 KB   347/1027 KB   237/506 KB   687/713 KB                                                          Downloaded: https://repo.spring.io/libs-snapshot/org/springframework/spring-context/4.2.0.BUILD-SNAPSHOT/spring-context-4.2.0.BUILD-20150630.104748-508.jar (1058 KB at 924.9 KB/sec)
351/1027 KB   253/506 KB   687/713 KB   355/1027 KB   265/506 KB   687/713 KB   359/1027 KB   265/506 KB   687/713 KB   359/1027 KB   269/506 KB   687/713 KB   359/1027 KB   273/506 KB   687/713 KB   359/1027 KB   277/506 KB   687/713 KB   359/1027 KB   281/506 KB   687/713 KB   359/1027 KB   281/506 KB   691/713 KB   359/1027 KB   281/506 KB   695/713 KB   359/1027 KB   281/506 KB   699/713 KB   363/1027 KB   281/506 KB   699/713 KB   367/1027 KB   281/506 KB   699/713 KB   371/1027 KB   281/506 KB   699/713 KB   375/1027 KB   281/506 KB   699/713 KB   375/1027 KB   285/506 KB   699/713 KB   375/1027 KB   289/506 KB   699/713 KB   375/1027 KB   293/506 KB   699/713 KB   375/1027 KB   297/506 KB   699/713 KB   379/1027 KB   297/506 KB   699/713 KB   383/1027 KB   297/506 KB   699/713 KB   387/1027 KB   297/506 KB   699/713 KB   391/1027 KB   297/506 KB   699/713 KB   391/1027 KB   297/506 KB   703/713 KB   391/1027 KB   297/506 KB   707/713 KB   391/1027 KB   297/506 KB   711/713 KB   391/1027 KB   297/506 KB   713/713 KB   391/1027 KB   301/506 KB   713/713 KB   391/1027 KB   305/506 KB   713/713 KB   391/1027 KB   309/506 KB   713/713 KB   391/1027 KB   313/506 KB   713/713 KB   395/1027 KB   313/506 KB   713/713 KB   399/1027 KB   313/506 KB   713/713 KB   403/1027 KB   313/506 KB   713/713 KB   407/1027 KB   313/506 KB   713/713 KB   407/1027 KB   317/506 KB   713/713 KB   407/1027 KB   321/506 KB   713/713 KB   407/1027 KB   325/506 KB   713/713 KB   407/1027 KB   329/506 KB   713/713 KB   411/1027 KB   329/506 KB   713/713 KB   415/1027 KB   329/506 KB   713/713 KB   419/1027 KB   329/506 KB   713/713 KB   423/1027 KB   329/506 KB   713/713 KB   423/1027 KB   333/506 KB   713/713 KB   423/1027 KB   337/506 KB   713/713 KB   423/1027 KB   341/506 KB   713/713 KB   423/1027 KB   345/506 KB   713/713 KB                                           Downloaded: https://repo.spring.io/libs-snapshot/org/springframework/spring-beans/4.2.0.BUILD-SNAPSHOT/spring-beans-4.2.0.BUILD-20150630.104748-508.jar (713 KB at 594.1 KB/sec)
427/1027 KB   345/506 KB                431/1027 KB   349/506 KB   435/1027 KB   349/506 KB   439/1027 KB   349/506 KB   443/1027 KB   349/506 KB   447/1027 KB   349/506 KB   451/1027 KB   349/506 KB   455/1027 KB   349/506 KB   459/1027 KB   349/506 KB   427/1027 KB   349/506 KB   459/1027 KB   353/506 KB   459/1027 KB   357/506 KB   459/1027 KB   361/506 KB   459/1027 KB   365/506 KB   459/1027 KB   369/506 KB   459/1027 KB   373/506 KB   459/1027 KB   377/506 KB   459/1027 KB   381/506 KB   463/1027 KB   381/506 KB   463/1027 KB   385/506 KB   463/1027 KB   389/506 KB   467/1027 KB   389/506 KB   467/1027 KB   393/506 KB   471/1027 KB   393/506 KB   471/1027 KB   397/506 KB   471/1027 KB   401/506 KB   471/1027 KB   405/506 KB   471/1027 KB   409/506 KB   475/1027 KB   409/506 KB   479/1027 KB   409/506 KB   483/1027 KB   409/506 KB   487/1027 KB   409/506 KB   487/1027 KB   413/506 KB   487/1027 KB   417/506 KB   487/1027 KB   421/506 KB   487/1027 KB   425/506 KB   491/1027 KB   425/506 KB   495/1027 KB   425/506 KB   499/1027 KB   425/506 KB   503/1027 KB   425/506 KB   503/1027 KB   429/506 KB   503/1027 KB   433/506 KB   503/1027 KB   437/506 KB   503/1027 KB   441/506 KB   507/1027 KB   441/506 KB   511/1027 KB   441/506 KB   515/1027 KB   441/506 KB   519/1027 KB   441/506 KB   519/1027 KB   445/506 KB   519/1027 KB   449/506 KB   519/1027 KB   453/506 KB   519/1027 KB   457/506 KB   519/1027 KB   461/506 KB   519/1027 KB   465/506 KB   519/1027 KB   469/506 KB   519/1027 KB   473/506 KB   523/1027 KB   473/506 KB   527/1027 KB   473/506 KB   531/1027 KB   473/506 KB   535/1027 KB   473/506 KB   535/1027 KB   477/506 KB   535/1027 KB   481/506 KB   535/1027 KB   485/506 KB   535/1027 KB   489/506 KB   539/1027 KB   489/506 KB   543/1027 KB   489/506 KB   547/1027 KB   489/506 KB   551/1027 KB   489/506 KB   551/1027 KB   493/506 KB   551/1027 KB   497/506 KB   551/1027 KB   501/506 KB   551/1027 KB   505/506 KB   551/1027 KB   506/506 KB   555/1027 KB   506/506 KB   559/1027 KB   506/506 KB   563/1027 KB   506/506 KB   567/1027 KB   506/506 KB   571/1027 KB   506/506 KB   575/1027 KB   506/506 KB   579/1027 KB   506/506 KB   583/1027 KB   506/506 KB   587/1027 KB   506/506 KB   591/1027 KB   506/506 KB   595/1027 KB   506/506 KB   599/1027 KB   506/506 KB   603/1027 KB   506/506 KB   607/1027 KB   506/506 KB   611/1027 KB   506/506 KB   615/1027 KB   506/506 KB                              Downloaded: https://repo.spring.io/libs-snapshot/org/springframework/spring-test/4.2.0.BUILD-SNAPSHOT/spring-test-4.2.0.BUILD-20150630.104748-508.jar (506 KB at 394.9 KB/sec)
619/1027 KB                623/1027 KB   627/1027 KB   631/1027 KB   635/1027 KB   639/1027 KB   643/1027 KB   647/1027 KB   651/1027 KB   655/1027 KB   659/1027 KB   663/1027 KB   667/1027 KB   671/1027 KB   675/1027 KB   679/1027 KB   683/1027 KB   687/1027 KB   691/1027 KB   695/1027 KB   699/1027 KB   703/1027 KB   707/1027 KB   711/1027 KB   715/1027 KB   719/1027 KB   723/1027 KB   727/1027 KB   731/1027 KB   735/1027 KB   739/1027 KB   743/1027 KB   747/1027 KB   751/1027 KB   755/1027 KB   759/1027 KB   763/1027 KB   767/1027 KB   771/1027 KB   775/1027 KB   779/1027 KB   783/1027 KB   787/1027 KB   791/1027 KB   795/1027 KB   799/1027 KB   803/1027 KB   807/1027 KB   811/1027 KB   815/1027 KB   819/1027 KB   823/1027 KB   827/1027 KB   831/1027 KB   835/1027 KB   839/1027 KB   843/1027 KB   847/1027 KB   851/1027 KB   855/1027 KB   859/1027 KB   863/1027 KB   867/1027 KB   871/1027 KB   875/1027 KB   879/1027 KB   883/1027 KB   887/1027 KB   891/1027 KB   895/1027 KB   899/1027 KB   903/1027 KB   907/1027 KB   911/1027 KB   915/1027 KB   919/1027 KB   923/1027 KB   927/1027 KB   931/1027 KB   935/1027 KB   939/1027 KB   943/1027 KB   947/1027 KB   951/1027 KB   955/1027 KB   959/1027 KB   963/1027 KB   967/1027 KB   971/1027 KB   975/1027 KB   979/1027 KB   983/1027 KB   987/1027 KB   991/1027 KB   995/1027 KB   999/1027 KB   1003/1027 KB   1007/1027 KB   1011/1027 KB   1015/1027 KB   1019/1027 KB   1023/1027 KB   1027/1027 KB   1027/1027 KB                  Downloaded: https://repo.spring.io/libs-snapshot/org/springframework/spring-core/4.2.0.BUILD-SNAPSHOT/spring-core-4.2.0.BUILD-20150630.104748-508.jar (1027 KB at 699.0 KB/sec)
[INFO] 
[INFO] --- maven-clean-plugin:2.5:clean (default-clean) @ spring-data-jpa ---
[INFO] 
[INFO] --- maven-dependency-plugin:2.8:list (default-cli) @ spring-data-jpa ---
[INFO] 
[INFO] The following files have been resolved:
[INFO]    antlr:antlr:jar:2.7.7:compile
[INFO]    aopalliance:aopalliance:jar:1.0:compile
[INFO]    ch.qos.logback:logback-classic:jar:1.1.3:test
[INFO]    ch.qos.logback:logback-core:jar:1.1.3:test
[INFO]    com.google.code.findbugs:jsr305:jar:1.3.9:compile
[INFO]    com.google.guava:guava:jar:17.0:test
[INFO]    com.h2database:h2:jar:1.3.172:test
[INFO]    com.infradna.tool:bridge-method-annotation:jar:1.13:compile
[INFO]    com.mysema.codegen:codegen:jar:0.6.6:provided
[INFO]    com.mysema.commons:mysema-commons-lang:jar:0.2.4:compile
[INFO]    com.mysema.querydsl:querydsl-apt:jar:3.6.3:provided
[INFO]    com.mysema.querydsl:querydsl-codegen:jar:3.6.3:provided
[INFO]    com.mysema.querydsl:querydsl-core:jar:3.6.3:compile
[INFO]    com.mysema.querydsl:querydsl-jpa:jar:3.6.3:compile
[INFO]    commons-collections:commons-collections:jar:3.2.1:compile
[INFO]    commons-lang:commons-lang:jar:2.4:compile
[INFO]    commons-pool:commons-pool:jar:1.5.4:compile
[INFO]    dom4j:dom4j:jar:1.6.1:compile
[INFO]    javax.annotation:jsr250-api:jar:1.0:provided
[INFO]    javax.el:el-api:jar:1.0:test
[INFO]    javax.enterprise:cdi-api:jar:1.0:provided
[INFO]    javax.inject:javax.inject:jar:1:provided
[INFO]    javax.servlet:javax.servlet-api:jar:3.0.1:test
[INFO]    joda-time:joda-time:jar:2.8.1:compile
[INFO]    junit:junit:jar:4.12:test
[INFO]    net.sourceforge.serp:serp:jar:1.14.1:compile
[INFO]    org.apache.geronimo.specs:geronimo-atinject_1.0_spec:jar:1.0:test
[INFO]    org.apache.geronimo.specs:geronimo-jcdi_1.0_spec:jar:1.0:test
[INFO]    org.apache.geronimo.specs:geronimo-jms_1.1_spec:jar:1.1.1:compile
[INFO]    org.apache.geronimo.specs:geronimo-jpa_2.0_spec:jar:1.1:compile
[INFO]    org.apache.geronimo.specs:geronimo-jta_1.1_spec:jar:1.1.1:compile
[INFO]    org.apache.openjpa:openjpa-jdbc:jar:2.3.0:compile
[INFO]    org.apache.openjpa:openjpa-kernel:jar:2.3.0:compile
[INFO]    org.apache.openjpa:openjpa-lib:jar:2.3.0:compile
[INFO]    org.apache.openjpa:openjpa-persistence-jdbc:jar:2.3.0:compile
[INFO]    org.apache.openjpa:openjpa-persistence:jar:2.3.0:compile
[INFO]    org.apache.openwebbeans.test:cditest-owb:jar:1.2.8:test
[INFO]    org.apache.openwebbeans.test:cditest:jar:1.2.8:test
[INFO]    org.apache.openwebbeans:openwebbeans-impl:jar:1.2.8:test
[INFO]    org.apache.openwebbeans:openwebbeans-spi:jar:1.2.8:test
[INFO]    org.apache.xbean:xbean-asm4-shaded:jar:3.14:compile
[INFO]    org.apache.xbean:xbean-asm5-shaded:jar:4.1:test
[INFO]    org.apache.xbean:xbean-finder-shaded:jar:4.1:test
[INFO]    org.aspectj:aspectjrt:jar:1.8.5:compile
[INFO]    org.aspectj:aspectjweaver:jar:1.8.5:test
[INFO]    org.eclipse.jdt.core.compiler:ecj:jar:4.3.1:provided
[INFO]    org.eclipse.persistence:javax.persistence:jar:2.1.0:compile
[INFO]    org.eclipse.persistence:org.eclipse.persistence.antlr:jar:2.6.0:compile
[INFO]    org.eclipse.persistence:org.eclipse.persistence.asm:jar:2.6.0:compile
[INFO]    org.eclipse.persistence:org.eclipse.persistence.core:jar:2.6.0:compile
[INFO]    org.eclipse.persistence:org.eclipse.persistence.jpa.jpql:jar:2.6.0:compile
[INFO]    org.eclipse.persistence:org.eclipse.persistence.jpa:jar:2.6.0:compile
[INFO]    org.glassfish:javax.json:jar:1.0.4:compile
[INFO]    org.hamcrest:hamcrest-core:jar:1.3:test
[INFO]    org.hamcrest:hamcrest-library:jar:1.3:test
[INFO]    org.hibernate.common:hibernate-commons-annotations:jar:4.0.1.Final:compile
[INFO]    org.hibernate.javax.persistence:hibernate-jpa-2.0-api:jar:1.0.1.Final:compile
[INFO]    org.hibernate:hibernate-core:jar:4.1.12.Final:compile
[INFO]    org.hibernate:hibernate-entitymanager:jar:4.1.12.Final:compile
[INFO]    org.hsqldb:hsqldb:jar:2.2.8:test
[INFO]    org.javassist:javassist:jar:3.15.0-GA:compile
[INFO]    org.jboss.interceptor:jboss-interceptor-api:jar:1.1:provided
[INFO]    org.jboss.logging:jboss-logging:jar:3.1.0.GA:compile
[INFO]    org.jboss.spec.javax.transaction:jboss-transaction-api_1.1_spec:jar:1.0.0.Final:compile
[INFO]    org.mockito:mockito-core:jar:1.10.19:test
[INFO]    org.objenesis:objenesis:jar:2.1:test
[INFO]    org.slf4j:jcl-over-slf4j:jar:1.7.12:runtime
[INFO]    org.slf4j:slf4j-api:jar:1.7.12:compile
[INFO]    org.springframework.data:spring-data-commons:jar:1.11.0.DATACMNS-293-SNAPSHOT:compile
[INFO]    org.springframework:spring-aop:jar:4.2.0.BUILD-SNAPSHOT:compile
[INFO]    org.springframework:spring-aspects:jar:4.2.0.BUILD-SNAPSHOT:compile
[INFO]    org.springframework:spring-beans:jar:4.2.0.BUILD-SNAPSHOT:compile
[INFO]    org.springframework:spring-context:jar:4.2.0.BUILD-SNAPSHOT:compile
[INFO]    org.springframework:spring-core:jar:4.2.0.BUILD-SNAPSHOT:compile
[INFO]    org.springframework:spring-expression:jar:4.2.0.BUILD-SNAPSHOT:compile
[INFO]    org.springframework:spring-instrument:jar:4.2.0.BUILD-SNAPSHOT:provided
[INFO]    org.springframework:spring-jdbc:jar:4.2.0.BUILD-SNAPSHOT:compile
[INFO]    org.springframework:spring-orm:jar:4.2.0.BUILD-SNAPSHOT:compile
[INFO]    org.springframework:spring-test:jar:4.2.0.BUILD-SNAPSHOT:test
[INFO]    org.springframework:spring-tx:jar:4.2.0.BUILD-SNAPSHOT:compile
[INFO]    org.threeten:threetenbp:jar:1.2:compile
[INFO] 
[INFO] 
[INFO] --- apt-maven-plugin:1.1.3:process (sources) @ spring-data-jpa ---
[INFO] 
[INFO] --- maven-resources-plugin:2.6:resources (default-resources) @ spring-data-jpa ---
[INFO] Using 'UTF-8' encoding to copy filtered resources.
[INFO] Copying 13 resources
[INFO] 
[INFO] --- maven-compiler-plugin:3.1:compile (default-compile) @ spring-data-jpa ---
[INFO] Changes detected - recompiling the module!
[INFO] Compiling 111 source files to /home/travis/build/spring-projects/spring-data-jpa/target/classes
[WARNING] /home/travis/build/spring-projects/spring-data-jpa/target/generated-sources/annotations/org/springframework/data/jpa/domain/QAbstractPersistable.java: Some input files use unchecked or unsafe operations.
[WARNING] /home/travis/build/spring-projects/spring-data-jpa/target/generated-sources/annotations/org/springframework/data/jpa/domain/QAbstractPersistable.java: Recompile with -Xlint:unchecked for details.
[INFO] 
[INFO] --- com.springsource.bundlor.maven:1.0.0.RELEASE:bundlor (bundlor) @ spring-data-jpa ---
Manifest written to '/home/travis/build/spring-projects/spring-data-jpa/target/classes/META-INF/MANIFEST.MF'
[INFO] 
[INFO] --- aspectj-maven-plugin:1.6:compile (default) @ spring-data-jpa ---
[INFO] 
[INFO] --- apt-maven-plugin:1.1.3:test-process (test-sources) @ spring-data-jpa ---
[INFO] 
[INFO] --- maven-resources-plugin:2.6:testResources (default-testResources) @ spring-data-jpa ---
[INFO] Using 'UTF-8' encoding to copy filtered resources.
[INFO] Copying 33 resources
[INFO] 
[INFO] --- maven-compiler-plugin:3.1:testCompile (default-testCompile) @ spring-data-jpa ---
[INFO] Changes detected - recompiling the module!
[INFO] Compiling 300 source files to /home/travis/build/spring-projects/spring-data-jpa/target/test-classes
[INFO] 
[INFO] --- maven-surefire-plugin:2.12:test (default-test) @ spring-data-jpa ---
Downloading: https://repo.spring.io/plugins-release/org/springframework/spring-instrument/4.2.0.BUILD-SNAPSHOT/maven-metadata.xml
               [INFO] Surefire report directory: /home/travis/build/spring-projects/spring-data-jpa/target/surefire-reports

-------------------------------------------------------
 T E S T S
-------------------------------------------------------

Results :

Tests run: 0, Failures: 0, Errors: 0, Skipped: 0

[INFO] 
[INFO] --- maven-surefire-plugin:2.12:test (unit-tests) @ spring-data-jpa ---
[INFO] Surefire report directory: /home/travis/build/spring-projects/spring-data-jpa/target/surefire-reports

-------------------------------------------------------
 T E S T S
-------------------------------------------------------
Running org.springframework.data.jpa.repository.support.JpaEntityInformationSupportUnitTests
Tests run: 2, Failures: 0, Errors: 0, Skipped: 0, Time elapsed: 0.324 sec
Running org.springframework.data.jpa.repository.support.EntityManagerBeanDefinitionRegistratPostProcessorUnitTests
Tests run: 1, Failures: 0, Errors: 0, Skipped: 0, Time elapsed: 0.513 sec
Running org.springframework.data.jpa.repository.support.JpaRepositoryFactoryBeanUnitTests
Tests run: 4, Failures: 0, Errors: 0, Skipped: 0, Time elapsed: 0.123 sec
Running org.springframework.data.jpa.repository.support.SimpleJpaRepositoryUnitTests
Tests run: 3, Failures: 0, Errors: 0, Skipped: 0, Time elapsed: 0.245 sec
Running org.springframework.data.jpa.repository.support.JpaRepositoryFactoryUnitTests
Tests run: 8, Failures: 0, Errors: 0, Skipped: 0, Time elapsed: 0.468 sec
Running org.springframework.data.jpa.repository.support.JpaPersistableEntityInformationUnitTests
Tests run: 1, Failures: 0, Errors: 0, Skipped: 0, Time elapsed: 0.052 sec
Running org.springframework.data.jpa.repository.support.EntityManagerFactoryRefUnitTests
Tests run: 1, Failures: 0, Errors: 0, Skipped: 0, Time elapsed: 0.754 sec
Running org.springframework.data.jpa.repository.support.JpaMetamodelEntityInformationUnitTests
Tests run: 1, Failures: 0, Errors: 0, Skipped: 0, Time elapsed: 0.038 sec
Running org.springframework.data.jpa.repository.support.CrudMethodMetadataPopulatingMethodInterceptorUnitTests
Tests run: 1, Failures: 0, Errors: 0, Skipped: 0, Time elapsed: 0.004 sec
Running org.springframework.data.jpa.repository.query.SimpleJpaQueryUnitTests
Tests run: 9, Failures: 1, Errors: 8, Skipped: 0, Time elapsed: 0.121 sec <<< FAILURE!
createsANativeJpaQueryFromAnnotation(org.springframework.data.jpa.repository.query.SimpleJpaQueryUnitTests)  Time elapsed: 0.016 sec  <<< ERROR!
java.lang.IllegalArgumentException: [Assertion failed] - this argument is required; it must not be null
	at org.springframework.util.Assert.notNull(Assert.java:115)
	at org.springframework.util.Assert.notNull(Assert.java:126)
	at org.springframework.data.jpa.repository.support.JpaMetamodelEntityInformation.<init>(JpaMetamodelEntityInformation.java:65)
	at org.springframework.data.jpa.repository.support.JpaEntityInformationSupport.getEntityInformation(JpaEntityInformationSupport.java:67)
	at org.springframework.data.jpa.repository.query.AbstractStringBasedJpaQuery.<init>(AbstractStringBasedJpaQuery.java:72)
	at org.springframework.data.jpa.repository.query.NativeJpaQuery.<init>(NativeJpaQuery.java:46)
	at org.springframework.data.jpa.repository.query.JpaQueryFactory.fromMethodWithQueryString(JpaQueryFactory.java:72)
	at org.springframework.data.jpa.repository.query.JpaQueryFactory.fromQueryAnnotation(JpaQueryFactory.java:53)
	at org.springframework.data.jpa.repository.query.SimpleJpaQueryUnitTests.createJpaQuery(SimpleJpaQueryUnitTests.java:211)
	at org.springframework.data.jpa.repository.query.SimpleJpaQueryUnitTests.createsANativeJpaQueryFromAnnotation(SimpleJpaQueryUnitTests.java:204)
	at sun.reflect.NativeMethodAccessorImpl.invoke0(Native Method)
	at sun.reflect.NativeMethodAccessorImpl.invoke(NativeMethodAccessorImpl.java:62)
	at sun.reflect.DelegatingMethodAccessorImpl.invoke(DelegatingMethodAccessorImpl.java:43)
	at java.lang.reflect.Method.invoke(Method.java:483)
	at org.junit.runners.model.FrameworkMethod$1.runReflectiveCall(FrameworkMethod.java:50)
	at org.junit.internal.runners.model.ReflectiveCallable.run(ReflectiveCallable.java:12)
	at org.junit.runners.model.FrameworkMethod.invokeExplosively(FrameworkMethod.java:47)
	at org.junit.internal.runners.statements.InvokeMethod.evaluate(InvokeMethod.java:17)
	at org.junit.internal.runners.statements.RunBefores.evaluate(RunBefores.java:26)
	at org.junit.rules.ExpectedException$ExpectedExceptionStatement.evaluate(ExpectedException.java:239)
	at org.junit.rules.RunRules.evaluate(RunRules.java:20)
	at org.junit.runners.ParentRunner.runLeaf(ParentRunner.java:325)
	at org.junit.runners.BlockJUnit4ClassRunner.runChild(BlockJUnit4ClassRunner.java:78)
	at org.junit.runners.BlockJUnit4ClassRunner.runChild(BlockJUnit4ClassRunner.java:57)
	at org.junit.runners.ParentRunner$3.run(ParentRunner.java:290)
	at org.junit.runners.ParentRunner$1.schedule(ParentRunner.java:71)
	at org.junit.runners.ParentRunner.runChildren(ParentRunner.java:288)
	at org.junit.runners.ParentRunner.access$000(ParentRunner.java:58)
	at org.junit.runners.ParentRunner$2.evaluate(ParentRunner.java:268)
	at org.junit.runners.ParentRunner.run(ParentRunner.java:363)
	at org.mockito.internal.runners.JUnit45AndHigherRunnerImpl.run(JUnit45AndHigherRunnerImpl.java:37)
	at org.mockito.runners.MockitoJUnitRunner.run(MockitoJUnitRunner.java:62)
	at org.apache.maven.surefire.junit4.JUnit4Provider.execute(JUnit4Provider.java:236)
	at org.apache.maven.surefire.junit4.JUnit4Provider.executeTestSet(JUnit4Provider.java:134)
	at org.apache.maven.surefire.junit4.JUnit4Provider.invoke(JUnit4Provider.java:113)
	at sun.reflect.NativeMethodAccessorImpl.invoke0(Native Method)
	at sun.reflect.NativeMethodAccessorImpl.invoke(NativeMethodAccessorImpl.java:62)
	at sun.reflect.DelegatingMethodAccessorImpl.invoke(DelegatingMethodAccessorImpl.java:43)
	at java.lang.reflect.Method.invoke(Method.java:483)
	at org.apache.maven.surefire.util.ReflectionUtils.invokeMethodWithArray(ReflectionUtils.java:189)
	at org.apache.maven.surefire.booter.ProviderFactory$ProviderProxy.invoke(ProviderFactory.java:165)
	at org.apache.maven.surefire.booter.ProviderFactory.invokeProvider(ProviderFactory.java:85)
	at org.apache.maven.surefire.booter.ForkedBooter.runSuitesInProcess(ForkedBooter.java:103)
	at org.apache.maven.surefire.booter.ForkedBooter.main(ForkedBooter.java:74)
doesNotApplyPaginationToCountQuery(org.springframework.data.jpa.repository.query.SimpleJpaQueryUnitTests)  Time elapsed: 0.002 sec  <<< ERROR!
java.lang.IllegalArgumentException: [Assertion failed] - this argument is required; it must not be null
	at org.springframework.util.Assert.notNull(Assert.java:115)
	at org.springframework.util.Assert.notNull(Assert.java:126)
	at org.springframework.data.jpa.repository.support.JpaMetamodelEntityInformation.<init>(JpaMetamodelEntityInformation.java:65)
	at org.springframework.data.jpa.repository.support.JpaEntityInformationSupport.getEntityInformation(JpaEntityInformationSupport.java:67)
	at org.springframework.data.jpa.repository.query.AbstractStringBasedJpaQuery.<init>(AbstractStringBasedJpaQuery.java:72)
	at org.springframework.data.jpa.repository.query.SimpleJpaQuery.<init>(SimpleJpaQuery.java:60)
	at org.springframework.data.jpa.repository.query.SimpleJpaQueryUnitTests.doesNotApplyPaginationToCountQuery(SimpleJpaQueryUnitTests.java:115)
	at sun.reflect.NativeMethodAccessorImpl.invoke0(Native Method)
	at sun.reflect.NativeMethodAccessorImpl.invoke(NativeMethodAccessorImpl.java:62)
	at sun.reflect.DelegatingMethodAccessorImpl.invoke(DelegatingMethodAccessorImpl.java:43)
	at java.lang.reflect.Method.invoke(Method.java:483)
	at org.junit.runners.model.FrameworkMethod$1.runReflectiveCall(FrameworkMethod.java:50)
	at org.junit.internal.runners.model.ReflectiveCallable.run(ReflectiveCallable.java:12)
	at org.junit.runners.model.FrameworkMethod.invokeExplosively(FrameworkMethod.java:47)
	at org.junit.internal.runners.statements.InvokeMethod.evaluate(InvokeMethod.java:17)
	at org.junit.internal.runners.statements.RunBefores.evaluate(RunBefores.java:26)
	at org.junit.rules.ExpectedException$ExpectedExceptionStatement.evaluate(ExpectedException.java:239)
	at org.junit.rules.RunRules.evaluate(RunRules.java:20)
	at org.junit.runners.ParentRunner.runLeaf(ParentRunner.java:325)
	at org.junit.runners.BlockJUnit4ClassRunner.runChild(BlockJUnit4ClassRunner.java:78)
	at org.junit.runners.BlockJUnit4ClassRunner.runChild(BlockJUnit4ClassRunner.java:57)
	at org.junit.runners.ParentRunner$3.run(ParentRunner.java:290)
	at org.junit.runners.ParentRunner$1.schedule(ParentRunner.java:71)
	at org.junit.runners.ParentRunner.runChildren(ParentRunner.java:288)
	at org.junit.runners.ParentRunner.access$000(ParentRunner.java:58)
	at org.junit.runners.ParentRunner$2.evaluate(ParentRunner.java:268)
	at org.junit.runners.ParentRunner.run(ParentRunner.java:363)
	at org.mockito.internal.runners.JUnit45AndHigherRunnerImpl.run(JUnit45AndHigherRunnerImpl.java:37)
	at org.mockito.runners.MockitoJUnitRunner.run(MockitoJUnitRunner.java:62)
	at org.apache.maven.surefire.junit4.JUnit4Provider.execute(JUnit4Provider.java:236)
	at org.apache.maven.surefire.junit4.JUnit4Provider.executeTestSet(JUnit4Provider.java:134)
	at org.apache.maven.surefire.junit4.JUnit4Provider.invoke(JUnit4Provider.java:113)
	at sun.reflect.NativeMethodAccessorImpl.invoke0(Native Method)
	at sun.reflect.NativeMethodAccessorImpl.invoke(NativeMethodAccessorImpl.java:62)
	at sun.reflect.DelegatingMethodAccessorImpl.invoke(DelegatingMethodAccessorImpl.java:43)
	at java.lang.reflect.Method.invoke(Method.java:483)
	at org.apache.maven.surefire.util.ReflectionUtils.invokeMethodWithArray(ReflectionUtils.java:189)
	at org.apache.maven.surefire.booter.ProviderFactory$ProviderProxy.invoke(ProviderFactory.java:165)
	at org.apache.maven.surefire.booter.ProviderFactory.invokeProvider(ProviderFactory.java:85)
	at org.apache.maven.surefire.booter.ForkedBooter.runSuitesInProcess(ForkedBooter.java:103)
	at org.apache.maven.surefire.booter.ForkedBooter.main(ForkedBooter.java:74)
rejectsNativeQueryWithPageable(org.springframework.data.jpa.repository.query.SimpleJpaQueryUnitTests)  Time elapsed: 0.002 sec  <<< ERROR!
java.lang.Exception: Unexpected exception, expected<org.springframework.data.jpa.repository.query.InvalidJpaQueryMethodException> but was<java.lang.IllegalArgumentException>
	at org.junit.internal.runners.statements.ExpectException.evaluate(ExpectException.java:28)
	at org.junit.internal.runners.statements.RunBefores.evaluate(RunBefores.java:26)
	at org.junit.rules.ExpectedException$ExpectedExceptionStatement.evaluate(ExpectedException.java:239)
	at org.junit.rules.RunRules.evaluate(RunRules.java:20)
	at org.junit.runners.ParentRunner.runLeaf(ParentRunner.java:325)
	at org.junit.runners.BlockJUnit4ClassRunner.runChild(BlockJUnit4ClassRunner.java:78)
	at org.junit.runners.BlockJUnit4ClassRunner.runChild(BlockJUnit4ClassRunner.java:57)
	at org.junit.runners.ParentRunner$3.run(ParentRunner.java:290)
	at org.junit.runners.ParentRunner$1.schedule(ParentRunner.java:71)
	at org.junit.runners.ParentRunner.runChildren(ParentRunner.java:288)
	at org.junit.runners.ParentRunner.access$000(ParentRunner.java:58)
	at org.junit.runners.ParentRunner$2.evaluate(ParentRunner.java:268)
	at org.junit.runners.ParentRunner.run(ParentRunner.java:363)
	at org.mockito.internal.runners.JUnit45AndHigherRunnerImpl.run(JUnit45AndHigherRunnerImpl.java:37)
	at org.mockito.runners.MockitoJUnitRunner.run(MockitoJUnitRunner.java:62)
	at org.apache.maven.surefire.junit4.JUnit4Provider.execute(JUnit4Provider.java:236)
	at org.apache.maven.surefire.junit4.JUnit4Provider.executeTestSet(JUnit4Provider.java:134)
	at org.apache.maven.surefire.junit4.JUnit4Provider.invoke(JUnit4Provider.java:113)
	at sun.reflect.NativeMethodAccessorImpl.invoke0(Native Method)
	at sun.reflect.NativeMethodAccessorImpl.invoke(NativeMethodAccessorImpl.java:62)
	at sun.reflect.DelegatingMethodAccessorImpl.invoke(DelegatingMethodAccessorImpl.java:43)
	at java.lang.reflect.Method.invoke(Method.java:483)
	at org.apache.maven.surefire.util.ReflectionUtils.invokeMethodWithArray(ReflectionUtils.java:189)
	at org.apache.maven.surefire.booter.ProviderFactory$ProviderProxy.invoke(ProviderFactory.java:165)
	at org.apache.maven.surefire.booter.ProviderFactory.invokeProvider(ProviderFactory.java:85)
	at org.apache.maven.surefire.booter.ForkedBooter.runSuitesInProcess(ForkedBooter.java:103)
	at org.apache.maven.surefire.booter.ForkedBooter.main(ForkedBooter.java:74)
Caused by: java.lang.IllegalArgumentException: [Assertion failed] - this argument is required; it must not be null
	at org.springframework.util.Assert.notNull(Assert.java:115)
	at org.springframework.util.Assert.notNull(Assert.java:126)
	at org.springframework.data.jpa.repository.support.JpaMetamodelEntityInformation.<init>(JpaMetamodelEntityInformation.java:65)
	at org.springframework.data.jpa.repository.support.JpaEntityInformationSupport.getEntityInformation(JpaEntityInformationSupport.java:67)
	at org.springframework.data.jpa.repository.query.AbstractStringBasedJpaQuery.<init>(AbstractStringBasedJpaQuery.java:72)
	at org.springframework.data.jpa.repository.query.NativeJpaQuery.<init>(NativeJpaQuery.java:46)
	at org.springframework.data.jpa.repository.query.JpaQueryFactory.fromMethodWithQueryString(JpaQueryFactory.java:72)
	at org.springframework.data.jpa.repository.query.JpaQueryFactory.fromQueryAnnotation(JpaQueryFactory.java:53)
	at org.springframework.data.jpa.repository.query.SimpleJpaQueryUnitTests.createJpaQuery(SimpleJpaQueryUnitTests.java:211)
	at org.springframework.data.jpa.repository.query.SimpleJpaQueryUnitTests.rejectsNativeQueryWithPageable(SimpleJpaQueryUnitTests.java:160)
	at sun.reflect.NativeMethodAccessorImpl.invoke0(Native Method)
	at sun.reflect.NativeMethodAccessorImpl.invoke(NativeMethodAccessorImpl.java:62)
	at sun.reflect.DelegatingMethodAccessorImpl.invoke(DelegatingMethodAccessorImpl.java:43)
	at java.lang.reflect.Method.invoke(Method.java:483)
	at org.junit.runners.model.FrameworkMethod$1.runReflectiveCall(FrameworkMethod.java:50)
	at org.junit.internal.runners.model.ReflectiveCallable.run(ReflectiveCallable.java:12)
	at org.junit.runners.model.FrameworkMethod.invokeExplosively(FrameworkMethod.java:47)
	at org.junit.internal.runners.statements.InvokeMethod.evaluate(InvokeMethod.java:17)
	at org.junit.internal.runners.statements.ExpectException.evaluate(ExpectException.java:19)
	... 26 more
validatesAndRejectsCountQueryIfPagingMethod(org.springframework.data.jpa.repository.query.SimpleJpaQueryUnitTests)  Time elapsed: 0.014 sec  <<< FAILURE!
java.lang.AssertionError: 
Expected: (an instance of java.lang.IllegalArgumentException and exception with message a string containing "Count" and exception with message a string containing "pageByAnnotatedQuery")
     but: exception with message a string containing "Count" message was "[Assertion failed] - this argument is required; it must not be null"
Stacktrace was: java.lang.IllegalArgumentException: [Assertion failed] - this argument is required; it must not be null
	at org.springframework.util.Assert.notNull(Assert.java:115)
	at org.springframework.util.Assert.notNull(Assert.java:126)
	at org.springframework.data.jpa.repository.support.JpaMetamodelEntityInformation.<init>(JpaMetamodelEntityInformation.java:65)
	at org.springframework.data.jpa.repository.support.JpaEntityInformationSupport.getEntityInformation(JpaEntityInformationSupport.java:67)
	at org.springframework.data.jpa.repository.query.AbstractStringBasedJpaQuery.<init>(AbstractStringBasedJpaQuery.java:72)
	at org.springframework.data.jpa.repository.query.SimpleJpaQuery.<init>(SimpleJpaQuery.java:60)
	at org.springframework.data.jpa.repository.query.JpaQueryFactory.fromMethodWithQueryString(JpaQueryFactory.java:72)
	at org.springframework.data.jpa.repository.query.JpaQueryFactory.fromQueryAnnotation(JpaQueryFactory.java:53)
	at org.springframework.data.jpa.repository.query.SimpleJpaQueryUnitTests.createJpaQuery(SimpleJpaQueryUnitTests.java:211)
	at org.springframework.data.jpa.repository.query.SimpleJpaQueryUnitTests.validatesAndRejectsCountQueryIfPagingMethod(SimpleJpaQueryUnitTests.java:191)
	at sun.reflect.NativeMethodAccessorImpl.invoke0(Native Method)
	at sun.reflect.NativeMethodAccessorImpl.invoke(NativeMethodAccessorImpl.java:62)
	at sun.reflect.DelegatingMethodAccessorImpl.invoke(DelegatingMethodAccessorImpl.java:43)
	at java.lang.reflect.Method.invoke(Method.java:483)
	at org.junit.runners.model.FrameworkMethod$1.runReflectiveCall(FrameworkMethod.java:50)
	at org.junit.internal.runners.model.ReflectiveCallable.run(ReflectiveCallable.java:12)
	at org.junit.runners.model.FrameworkMethod.invokeExplosively(FrameworkMethod.java:47)
	at org.junit.internal.runners.statements.InvokeMethod.evaluate(InvokeMethod.java:17)
	at org.junit.internal.runners.statements.RunBefores.evaluate(RunBefores.java:26)
	at org.junit.rules.ExpectedException$ExpectedExceptionStatement.evaluate(ExpectedException.java:239)
	at org.junit.rules.RunRules.evaluate(RunRules.java:20)
	at org.junit.runners.ParentRunner.runLeaf(ParentRunner.java:325)
	at org.junit.runners.BlockJUnit4ClassRunner.runChild(BlockJUnit4ClassRunner.java:78)
	at org.junit.runners.BlockJUnit4ClassRunner.runChild(BlockJUnit4ClassRunner.java:57)
	at org.junit.runners.ParentRunner$3.run(ParentRunner.java:290)
	at org.junit.runners.ParentRunner$1.schedule(ParentRunner.java:71)
	at org.junit.runners.ParentRunner.runChildren(ParentRunner.java:288)
	at org.junit.runners.ParentRunner.access$000(ParentRunner.java:58)
	at org.junit.runners.ParentRunner$2.evaluate(ParentRunner.java:268)
	at org.junit.runners.ParentRunner.run(ParentRunner.java:363)
	at org.mockito.internal.runners.JUnit45AndHigherRunnerImpl.run(JUnit45AndHigherRunnerImpl.java:37)
	at org.mockito.runners.MockitoJUnitRunner.run(MockitoJUnitRunner.java:62)
	at org.apache.maven.surefire.junit4.JUnit4Provider.execute(JUnit4Provider.java:236)
	at org.apache.maven.surefire.junit4.JUnit4Provider.executeTestSet(JUnit4Provider.java:134)
	at org.apache.maven.surefire.junit4.JUnit4Provider.invoke(JUnit4Provider.java:113)
	at sun.reflect.NativeMethodAccessorImpl.invoke0(Native Method)
	at sun.reflect.NativeMethodAccessorImpl.invoke(NativeMethodAccessorImpl.java:62)
	at sun.reflect.DelegatingMethodAccessorImpl.invoke(DelegatingMethodAccessorImpl.java:43)
	at java.lang.reflect.Method.invoke(Method.java:483)
	at org.apache.maven.surefire.util.ReflectionUtils.invokeMethodWithArray(ReflectionUtils.java:189)
	at org.apache.maven.surefire.booter.ProviderFactory$ProviderProxy.invoke(ProviderFactory.java:165)
	at org.apache.maven.surefire.booter.ProviderFactory.invokeProvider(ProviderFactory.java:85)
	at org.apache.maven.surefire.booter.ForkedBooter.runSuitesInProcess(ForkedBooter.java:103)
	at org.apache.maven.surefire.booter.ForkedBooter.main(ForkedBooter.java:74)

	at org.hamcrest.MatcherAssert.assertThat(MatcherAssert.java:20)
	at org.junit.Assert.assertThat(Assert.java:956)
	at org.junit.Assert.assertThat(Assert.java:923)
	at org.junit.rules.ExpectedException.handleException(ExpectedException.java:252)
	at org.junit.rules.ExpectedException.access$000(ExpectedException.java:106)
	at org.junit.rules.ExpectedException$ExpectedExceptionStatement.evaluate(ExpectedException.java:241)
	at org.junit.rules.RunRules.evaluate(RunRules.java:20)
	at org.junit.runners.ParentRunner.runLeaf(ParentRunner.java:325)
	at org.junit.runners.BlockJUnit4ClassRunner.runChild(BlockJUnit4ClassRunner.java:78)
	at org.junit.runners.BlockJUnit4ClassRunner.runChild(BlockJUnit4ClassRunner.java:57)
	at org.junit.runners.ParentRunner$3.run(ParentRunner.java:290)
	at org.junit.runners.ParentRunner$1.schedule(ParentRunner.java:71)
	at org.junit.runners.ParentRunner.runChildren(ParentRunner.java:288)
	at org.junit.runners.ParentRunner.access$000(ParentRunner.java:58)
	at org.junit.runners.ParentRunner$2.evaluate(ParentRunner.java:268)
	at org.junit.runners.ParentRunner.run(ParentRunner.java:363)
	at org.mockito.internal.runners.JUnit45AndHigherRunnerImpl.run(JUnit45AndHigherRunnerImpl.java:37)
	at org.mockito.runners.MockitoJUnitRunner.run(MockitoJUnitRunner.java:62)
	at org.apache.maven.surefire.junit4.JUnit4Provider.execute(JUnit4Provider.java:236)
	at org.apache.maven.surefire.junit4.JUnit4Provider.executeTestSet(JUnit4Provider.java:134)
	at org.apache.maven.surefire.junit4.JUnit4Provider.invoke(JUnit4Provider.java:113)
	at sun.reflect.NativeMethodAccessorImpl.invoke0(Native Method)
	at sun.reflect.NativeMethodAccessorImpl.invoke(NativeMethodAccessorImpl.java:62)
	at sun.reflect.DelegatingMethodAccessorImpl.invoke(DelegatingMethodAccessorImpl.java:43)
	at java.lang.reflect.Method.invoke(Method.java:483)
	at org.apache.maven.surefire.util.ReflectionUtils.invokeMethodWithArray(ReflectionUtils.java:189)
	at org.apache.maven.surefire.booter.ProviderFactory$ProviderProxy.invoke(ProviderFactory.java:165)
	at org.apache.maven.surefire.booter.ProviderFactory.invokeProvider(ProviderFactory.java:85)
	at org.apache.maven.surefire.booter.ForkedBooter.runSuitesInProcess(ForkedBooter.java:103)
	at org.apache.maven.surefire.booter.ForkedBooter.main(ForkedBooter.java:74)
createsASimpleJpaQueryFromAnnotation(org.springframework.data.jpa.repository.query.SimpleJpaQueryUnitTests)  Time elapsed: 0.003 sec  <<< ERROR!
java.lang.IllegalArgumentException: [Assertion failed] - this argument is required; it must not be null
	at org.springframework.util.Assert.notNull(Assert.java:115)
	at org.springframework.util.Assert.notNull(Assert.java:126)
	at org.springframework.data.jpa.repository.support.JpaMetamodelEntityInformation.<init>(JpaMetamodelEntityInformation.java:65)
	at org.springframework.data.jpa.repository.support.JpaEntityInformationSupport.getEntityInformation(JpaEntityInformationSupport.java:67)
	at org.springframework.data.jpa.repository.query.AbstractStringBasedJpaQuery.<init>(AbstractStringBasedJpaQuery.java:72)
	at org.springframework.data.jpa.repository.query.SimpleJpaQuery.<init>(SimpleJpaQuery.java:60)
	at org.springframework.data.jpa.repository.query.JpaQueryFactory.fromMethodWithQueryString(JpaQueryFactory.java:72)
	at org.springframework.data.jpa.repository.query.JpaQueryFactory.fromQueryAnnotation(JpaQueryFactory.java:53)
	at org.springframework.data.jpa.repository.query.SimpleJpaQueryUnitTests.createJpaQuery(SimpleJpaQueryUnitTests.java:211)
	at org.springframework.data.jpa.repository.query.SimpleJpaQueryUnitTests.createsASimpleJpaQueryFromAnnotation(SimpleJpaQueryUnitTests.java:197)
	at sun.reflect.NativeMethodAccessorImpl.invoke0(Native Method)
	at sun.reflect.NativeMethodAccessorImpl.invoke(NativeMethodAccessorImpl.java:62)
	at sun.reflect.DelegatingMethodAccessorImpl.invoke(DelegatingMethodAccessorImpl.java:43)
	at java.lang.reflect.Method.invoke(Method.java:483)
	at org.junit.runners.model.FrameworkMethod$1.runReflectiveCall(FrameworkMethod.java:50)
	at org.junit.internal.runners.model.ReflectiveCallable.run(ReflectiveCallable.java:12)
	at org.junit.runners.model.FrameworkMethod.invokeExplosively(FrameworkMethod.java:47)
	at org.junit.internal.runners.statements.InvokeMethod.evaluate(InvokeMethod.java:17)
	at org.junit.internal.runners.statements.RunBefores.evaluate(RunBefores.java:26)
	at org.junit.rules.ExpectedException$ExpectedExceptionStatement.evaluate(ExpectedException.java:239)
	at org.junit.rules.RunRules.evaluate(RunRules.java:20)
	at org.junit.runners.ParentRunner.runLeaf(ParentRunner.java:325)
	at org.junit.runners.BlockJUnit4ClassRunner.runChild(BlockJUnit4ClassRunner.java:78)
	at org.junit.runners.BlockJUnit4ClassRunner.runChild(BlockJUnit4ClassRunner.java:57)
	at org.junit.runners.ParentRunner$3.run(ParentRunner.java:290)
	at org.junit.runners.ParentRunner$1.schedule(ParentRunner.java:71)
	at org.junit.runners.ParentRunner.runChildren(ParentRunner.java:288)
	at org.junit.runners.ParentRunner.access$000(ParentRunner.java:58)
	at org.junit.runners.ParentRunner$2.evaluate(ParentRunner.java:268)
	at org.junit.runners.ParentRunner.run(ParentRunner.java:363)
	at org.mockito.internal.runners.JUnit45AndHigherRunnerImpl.run(JUnit45AndHigherRunnerImpl.java:37)
	at org.mockito.runners.MockitoJUnitRunner.run(MockitoJUnitRunner.java:62)
	at org.apache.maven.surefire.junit4.JUnit4Provider.execute(JUnit4Provider.java:236)
	at org.apache.maven.surefire.junit4.JUnit4Provider.executeTestSet(JUnit4Provider.java:134)
	at org.apache.maven.surefire.junit4.JUnit4Provider.invoke(JUnit4Provider.java:113)
	at sun.reflect.NativeMethodAccessorImpl.invoke0(Native Method)
	at sun.reflect.NativeMethodAccessorImpl.invoke(NativeMethodAccessorImpl.java:62)
	at sun.reflect.DelegatingMethodAccessorImpl.invoke(DelegatingMethodAccessorImpl.java:43)
	at java.lang.reflect.Method.invoke(Method.java:483)
	at org.apache.maven.surefire.util.ReflectionUtils.invokeMethodWithArray(ReflectionUtils.java:189)
	at org.apache.maven.surefire.booter.ProviderFactory$ProviderProxy.invoke(ProviderFactory.java:165)
	at org.apache.maven.surefire.booter.ProviderFactory.invokeProvider(ProviderFactory.java:85)
	at org.apache.maven.surefire.booter.ForkedBooter.runSuitesInProcess(ForkedBooter.java:103)
	at org.apache.maven.surefire.booter.ForkedBooter.main(ForkedBooter.java:74)
rejectsNativeQueryWithDynamicSort(org.springframework.data.jpa.repository.query.SimpleJpaQueryUnitTests)  Time elapsed: 0.002 sec  <<< ERROR!
java.lang.Exception: Unexpected exception, expected<org.springframework.data.jpa.repository.query.InvalidJpaQueryMethodException> but was<java.lang.IllegalArgumentException>
	at org.junit.internal.runners.statements.ExpectException.evaluate(ExpectException.java:28)
	at org.junit.internal.runners.statements.RunBefores.evaluate(RunBefores.java:26)
	at org.junit.rules.ExpectedException$ExpectedExceptionStatement.evaluate(ExpectedException.java:239)
	at org.junit.rules.RunRules.evaluate(RunRules.java:20)
	at org.junit.runners.ParentRunner.runLeaf(ParentRunner.java:325)
	at org.junit.runners.BlockJUnit4ClassRunner.runChild(BlockJUnit4ClassRunner.java:78)
	at org.junit.runners.BlockJUnit4ClassRunner.runChild(BlockJUnit4ClassRunner.java:57)
	at org.junit.runners.ParentRunner$3.run(ParentRunner.java:290)
	at org.junit.runners.ParentRunner$1.schedule(ParentRunner.java:71)
	at org.junit.runners.ParentRunner.runChildren(ParentRunner.java:288)
	at org.junit.runners.ParentRunner.access$000(ParentRunner.java:58)
	at org.junit.runners.ParentRunner$2.evaluate(ParentRunner.java:268)
	at org.junit.runners.ParentRunner.run(ParentRunner.java:363)
	at org.mockito.internal.runners.JUnit45AndHigherRunnerImpl.run(JUnit45AndHigherRunnerImpl.java:37)
	at org.mockito.runners.MockitoJUnitRunner.run(MockitoJUnitRunner.java:62)
	at org.apache.maven.surefire.junit4.JUnit4Provider.execute(JUnit4Provider.java:236)
	at org.apache.maven.surefire.junit4.JUnit4Provider.executeTestSet(JUnit4Provider.java:134)
	at org.apache.maven.surefire.junit4.JUnit4Provider.invoke(JUnit4Provider.java:113)
	at sun.reflect.NativeMethodAccessorImpl.invoke0(Native Method)
	at sun.reflect.NativeMethodAccessorImpl.invoke(NativeMethodAccessorImpl.java:62)
	at sun.reflect.DelegatingMethodAccessorImpl.invoke(DelegatingMethodAccessorImpl.java:43)
	at java.lang.reflect.Method.invoke(Method.java:483)
	at org.apache.maven.surefire.util.ReflectionUtils.invokeMethodWithArray(ReflectionUtils.java:189)
	at org.apache.maven.surefire.booter.ProviderFactory$ProviderProxy.invoke(ProviderFactory.java:165)
	at org.apache.maven.surefire.booter.ProviderFactory.invokeProvider(ProviderFactory.java:85)
	at org.apache.maven.surefire.booter.ForkedBooter.runSuitesInProcess(ForkedBooter.java:103)
	at org.apache.maven.surefire.booter.ForkedBooter.main(ForkedBooter.java:74)
Caused by: java.lang.IllegalArgumentException: [Assertion failed] - this argument is required; it must not be null
	at org.springframework.util.Assert.notNull(Assert.java:115)
	at org.springframework.util.Assert.notNull(Assert.java:126)
	at org.springframework.data.jpa.repository.support.JpaMetamodelEntityInformation.<init>(JpaMetamodelEntityInformation.java:65)
	at org.springframework.data.jpa.repository.support.JpaEntityInformationSupport.getEntityInformation(JpaEntityInformationSupport.java:67)
	at org.springframework.data.jpa.repository.query.AbstractStringBasedJpaQuery.<init>(AbstractStringBasedJpaQuery.java:72)
	at org.springframework.data.jpa.repository.query.NativeJpaQuery.<init>(NativeJpaQuery.java:46)
	at org.springframework.data.jpa.repository.query.JpaQueryFactory.fromMethodWithQueryString(JpaQueryFactory.java:72)
	at org.springframework.data.jpa.repository.query.JpaQueryFactory.fromQueryAnnotation(JpaQueryFactory.java:53)
	at org.springframework.data.jpa.repository.query.SimpleJpaQueryUnitTests.createJpaQuery(SimpleJpaQueryUnitTests.java:211)
	at org.springframework.data.jpa.repository.query.SimpleJpaQueryUnitTests.rejectsNativeQueryWithDynamicSort(SimpleJpaQueryUnitTests.java:150)
	at sun.reflect.NativeMethodAccessorImpl.invoke0(Native Method)
	at sun.reflect.NativeMethodAccessorImpl.invoke(NativeMethodAccessorImpl.java:62)
	at sun.reflect.DelegatingMethodAccessorImpl.invoke(DelegatingMethodAccessorImpl.java:43)
	at java.lang.reflect.Method.invoke(Method.java:483)
	at org.junit.runners.model.FrameworkMethod$1.runReflectiveCall(FrameworkMethod.java:50)
	at org.junit.internal.runners.model.ReflectiveCallable.run(ReflectiveCallable.java:12)
	at org.junit.runners.model.FrameworkMethod.invokeExplosively(FrameworkMethod.java:47)
	at org.junit.internal.runners.statements.InvokeMethod.evaluate(InvokeMethod.java:17)
	at org.junit.internal.runners.statements.ExpectException.evaluate(ExpectException.java:19)
	... 26 more
prefersDeclaredCountQueryOverCreatingOne(org.springframework.data.jpa.repository.query.SimpleJpaQueryUnitTests)  Time elapsed: 0.014 sec  <<< ERROR!
java.lang.IllegalArgumentException: [Assertion failed] - this argument is required; it must not be null
	at org.springframework.util.Assert.notNull(Assert.java:115)
	at org.springframework.util.Assert.notNull(Assert.java:126)
	at org.springframework.data.jpa.repository.support.JpaMetamodelEntityInformation.<init>(JpaMetamodelEntityInformation.java:65)
	at org.springframework.data.jpa.repository.support.JpaEntityInformationSupport.getEntityInformation(JpaEntityInformationSupport.java:67)
	at org.springframework.data.jpa.repository.query.AbstractStringBasedJpaQuery.<init>(AbstractStringBasedJpaQuery.java:72)
	at org.springframework.data.jpa.repository.query.SimpleJpaQuery.<init>(SimpleJpaQuery.java:60)
	at org.springframework.data.jpa.repository.query.SimpleJpaQueryUnitTests.prefersDeclaredCountQueryOverCreatingOne(SimpleJpaQueryUnitTests.java:98)
	at sun.reflect.NativeMethodAccessorImpl.invoke0(Native Method)
	at sun.reflect.NativeMethodAccessorImpl.invoke(NativeMethodAccessorImpl.java:62)
	at sun.reflect.DelegatingMethodAccessorImpl.invoke(DelegatingMethodAccessorImpl.java:43)
	at java.lang.reflect.Method.invoke(Method.java:483)
	at org.junit.runners.model.FrameworkMethod$1.runReflectiveCall(FrameworkMethod.java:50)
	at org.junit.internal.runners.model.ReflectiveCallable.run(ReflectiveCallable.java:12)
	at org.junit.runners.model.FrameworkMethod.invokeExplosively(FrameworkMethod.java:47)
	at org.junit.internal.runners.statements.InvokeMethod.evaluate(InvokeMethod.java:17)
	at org.junit.internal.runners.statements.RunBefores.evaluate(RunBefores.java:26)
	at org.junit.rules.ExpectedException$ExpectedExceptionStatement.evaluate(ExpectedException.java:239)
	at org.junit.rules.RunRules.evaluate(RunRules.java:20)
	at org.junit.runners.ParentRunner.runLeaf(ParentRunner.java:325)
	at org.junit.runners.BlockJUnit4ClassRunner.runChild(BlockJUnit4ClassRunner.java:78)
	at org.junit.runners.BlockJUnit4ClassRunner.runChild(BlockJUnit4ClassRunner.java:57)
	at org.junit.runners.ParentRunner$3.run(ParentRunner.java:290)
	at org.junit.runners.ParentRunner$1.schedule(ParentRunner.java:71)
	at org.junit.runners.ParentRunner.runChildren(ParentRunner.java:288)
	at org.junit.runners.ParentRunner.access$000(ParentRunner.java:58)
	at org.junit.runners.ParentRunner$2.evaluate(ParentRunner.java:268)
	at org.junit.runners.ParentRunner.run(ParentRunner.java:363)
	at org.mockito.internal.runners.JUnit45AndHigherRunnerImpl.run(JUnit45AndHigherRunnerImpl.java:37)
	at org.mockito.runners.MockitoJUnitRunner.run(MockitoJUnitRunner.java:62)
	at org.apache.maven.surefire.junit4.JUnit4Provider.execute(JUnit4Provider.java:236)
	at org.apache.maven.surefire.junit4.JUnit4Provider.executeTestSet(JUnit4Provider.java:134)
	at org.apache.maven.surefire.junit4.JUnit4Provider.invoke(JUnit4Provider.java:113)
	at sun.reflect.NativeMethodAccessorImpl.invoke0(Native Method)
	at sun.reflect.NativeMethodAccessorImpl.invoke(NativeMethodAccessorImpl.java:62)
	at sun.reflect.DelegatingMethodAccessorImpl.invoke(DelegatingMethodAccessorImpl.java:43)
	at java.lang.reflect.Method.invoke(Method.java:483)
	at org.apache.maven.surefire.util.ReflectionUtils.invokeMethodWithArray(ReflectionUtils.java:189)
	at org.apache.maven.surefire.booter.ProviderFactory$ProviderProxy.invoke(ProviderFactory.java:165)
	at org.apache.maven.surefire.booter.ProviderFactory.invokeProvider(ProviderFactory.java:85)
	at org.apache.maven.surefire.booter.ForkedBooter.runSuitesInProcess(ForkedBooter.java:103)
	at org.apache.maven.surefire.booter.ForkedBooter.main(ForkedBooter.java:74)
discoversNativeQuery(org.springframework.data.jpa.repository.query.SimpleJpaQueryUnitTests)  Time elapsed: 0.002 sec  <<< ERROR!
java.lang.IllegalArgumentException: [Assertion failed] - this argument is required; it must not be null
	at org.springframework.util.Assert.notNull(Assert.java:115)
	at org.springframework.util.Assert.notNull(Assert.java:126)
	at org.springframework.data.jpa.repository.support.JpaMetamodelEntityInformation.<init>(JpaMetamodelEntityInformation.java:65)
	at org.springframework.data.jpa.repository.support.JpaEntityInformationSupport.getEntityInformation(JpaEntityInformationSupport.java:67)
	at org.springframework.data.jpa.repository.query.AbstractStringBasedJpaQuery.<init>(AbstractStringBasedJpaQuery.java:72)
	at org.springframework.data.jpa.repository.query.NativeJpaQuery.<init>(NativeJpaQuery.java:46)
	at org.springframework.data.jpa.repository.query.JpaQueryFactory.fromMethodWithQueryString(JpaQueryFactory.java:72)
	at org.springframework.data.jpa.repository.query.JpaQueryFactory.fromQueryAnnotation(JpaQueryFactory.java:53)
	at org.springframework.data.jpa.repository.query.SimpleJpaQueryUnitTests.discoversNativeQuery(SimpleJpaQueryUnitTests.java:129)
	at sun.reflect.NativeMethodAccessorImpl.invoke0(Native Method)
	at sun.reflect.NativeMethodAccessorImpl.invoke(NativeMethodAccessorImpl.java:62)
	at sun.reflect.DelegatingMethodAccessorImpl.invoke(DelegatingMethodAccessorImpl.java:43)
	at java.lang.reflect.Method.invoke(Method.java:483)
	at org.junit.runners.model.FrameworkMethod$1.runReflectiveCall(FrameworkMethod.java:50)
	at org.junit.internal.runners.model.ReflectiveCallable.run(ReflectiveCallable.java:12)
	at org.junit.runners.model.FrameworkMethod.invokeExplosively(FrameworkMethod.java:47)
	at org.junit.internal.runners.statements.InvokeMethod.evaluate(InvokeMethod.java:17)
	at org.junit.internal.runners.statements.RunBefores.evaluate(RunBefores.java:26)
	at org.junit.rules.ExpectedException$ExpectedExceptionStatement.evaluate(ExpectedException.java:239)
	at org.junit.rules.RunRules.evaluate(RunRules.java:20)
	at org.junit.runners.ParentRunner.runLeaf(ParentRunner.java:325)
	at org.junit.runners.BlockJUnit4ClassRunner.runChild(BlockJUnit4ClassRunner.java:78)
	at org.junit.runners.BlockJUnit4ClassRunner.runChild(BlockJUnit4ClassRunner.java:57)
	at org.junit.runners.ParentRunner$3.run(ParentRunner.java:290)
	at org.junit.runners.ParentRunner$1.schedule(ParentRunner.java:71)
	at org.junit.runners.ParentRunner.runChildren(ParentRunner.java:288)
	at org.junit.runners.ParentRunner.access$000(ParentRunner.java:58)
	at org.junit.runners.ParentRunner$2.evaluate(ParentRunner.java:268)
	at org.junit.runners.ParentRunner.run(ParentRunner.java:363)
	at org.mockito.internal.runners.JUnit45AndHigherRunnerImpl.run(JUnit45AndHigherRunnerImpl.java:37)
	at org.mockito.runners.MockitoJUnitRunner.run(MockitoJUnitRunner.java:62)
	at org.apache.maven.surefire.junit4.JUnit4Provider.execute(JUnit4Provider.java:236)
	at org.apache.maven.surefire.junit4.JUnit4Provider.executeTestSet(JUnit4Provider.java:134)
	at org.apache.maven.surefire.junit4.JUnit4Provider.invoke(JUnit4Provider.java:113)
	at sun.reflect.NativeMethodAccessorImpl.invoke0(Native Method)
	at sun.reflect.NativeMethodAccessorImpl.invoke(NativeMethodAccessorImpl.java:62)
	at sun.reflect.DelegatingMethodAccessorImpl.invoke(DelegatingMethodAccessorImpl.java:43)
	at java.lang.reflect.Method.invoke(Method.java:483)
	at org.apache.maven.surefire.util.ReflectionUtils.invokeMethodWithArray(ReflectionUtils.java:189)
	at org.apache.maven.surefire.booter.ProviderFactory$ProviderProxy.invoke(ProviderFactory.java:165)
	at org.apache.maven.surefire.booter.ProviderFactory.invokeProvider(ProviderFactory.java:85)
	at org.apache.maven.surefire.booter.ForkedBooter.runSuitesInProcess(ForkedBooter.java:103)
	at org.apache.maven.surefire.booter.ForkedBooter.main(ForkedBooter.java:74)
doesNotValidateCountQueryIfNotPagingMethod(org.springframework.data.jpa.repository.query.SimpleJpaQueryUnitTests)  Time elapsed: 0.002 sec  <<< ERROR!
java.lang.IllegalArgumentException: [Assertion failed] - this argument is required; it must not be null
	at org.springframework.util.Assert.notNull(Assert.java:115)
	at org.springframework.util.Assert.notNull(Assert.java:126)
	at org.springframework.data.jpa.repository.support.JpaMetamodelEntityInformation.<init>(JpaMetamodelEntityInformation.java:65)
	at org.springframework.data.jpa.repository.support.JpaEntityInformationSupport.getEntityInformation(JpaEntityInformationSupport.java:67)
	at org.springframework.data.jpa.repository.query.AbstractStringBasedJpaQuery.<init>(AbstractStringBasedJpaQuery.java:72)
	at org.springframework.data.jpa.repository.query.SimpleJpaQuery.<init>(SimpleJpaQuery.java:60)
	at org.springframework.data.jpa.repository.query.JpaQueryFactory.fromMethodWithQueryString(JpaQueryFactory.java:72)
	at org.springframework.data.jpa.repository.query.JpaQueryFactory.fromQueryAnnotation(JpaQueryFactory.java:53)
	at org.springframework.data.jpa.repository.query.SimpleJpaQueryUnitTests.createJpaQuery(SimpleJpaQueryUnitTests.java:211)
	at org.springframework.data.jpa.repository.query.SimpleJpaQueryUnitTests.doesNotValidateCountQueryIfNotPagingMethod(SimpleJpaQueryUnitTests.java:174)
	at sun.reflect.NativeMethodAccessorImpl.invoke0(Native Method)
	at sun.reflect.NativeMethodAccessorImpl.invoke(NativeMethodAccessorImpl.java:62)
	at sun.reflect.DelegatingMethodAccessorImpl.invoke(DelegatingMethodAccessorImpl.java:43)
	at java.lang.reflect.Method.invoke(Method.java:483)
	at org.junit.runners.model.FrameworkMethod$1.runReflectiveCall(FrameworkMethod.java:50)
	at org.junit.internal.runners.model.ReflectiveCallable.run(ReflectiveCallable.java:12)
	at org.junit.runners.model.FrameworkMethod.invokeExplosively(FrameworkMethod.java:47)
	at org.junit.internal.runners.statements.InvokeMethod.evaluate(InvokeMethod.java:17)
	at org.junit.internal.runners.statements.RunBefores.evaluate(RunBefores.java:26)
	at org.junit.rules.ExpectedException$ExpectedExceptionStatement.evaluate(ExpectedException.java:239)
	at org.junit.rules.RunRules.evaluate(RunRules.java:20)
	at org.junit.runners.ParentRunner.runLeaf(ParentRunner.java:325)
	at org.junit.runners.BlockJUnit4ClassRunner.runChild(BlockJUnit4ClassRunner.java:78)
	at org.junit.runners.BlockJUnit4ClassRunner.runChild(BlockJUnit4ClassRunner.java:57)
	at org.junit.runners.ParentRunner$3.run(ParentRunner.java:290)
	at org.junit.runners.ParentRunner$1.schedule(ParentRunner.java:71)
	at org.junit.runners.ParentRunner.runChildren(ParentRunner.java:288)
	at org.junit.runners.ParentRunner.access$000(ParentRunner.java:58)
	at org.junit.runners.ParentRunner$2.evaluate(ParentRunner.java:268)
	at org.junit.runners.ParentRunner.run(ParentRunner.java:363)
	at org.mockito.internal.runners.JUnit45AndHigherRunnerImpl.run(JUnit45AndHigherRunnerImpl.java:37)
	at org.mockito.runners.MockitoJUnitRunner.run(MockitoJUnitRunner.java:62)
	at org.apache.maven.surefire.junit4.JUnit4Provider.execute(JUnit4Provider.java:236)
	at org.apache.maven.surefire.junit4.JUnit4Provider.executeTestSet(JUnit4Provider.java:134)
	at org.apache.maven.surefire.junit4.JUnit4Provider.invoke(JUnit4Provider.java:113)
	at sun.reflect.NativeMethodAccessorImpl.invoke0(Native Method)
	at sun.reflect.NativeMethodAccessorImpl.invoke(NativeMethodAccessorImpl.java:62)
	at sun.reflect.DelegatingMethodAccessorImpl.invoke(DelegatingMethodAccessorImpl.java:43)
	at java.lang.reflect.Method.invoke(Method.java:483)
	at org.apache.maven.surefire.util.ReflectionUtils.invokeMethodWithArray(ReflectionUtils.java:189)
	at org.apache.maven.surefire.booter.ProviderFactory$ProviderProxy.invoke(ProviderFactory.java:165)
	at org.apache.maven.surefire.booter.ProviderFactory.invokeProvider(ProviderFactory.java:85)
	at org.apache.maven.surefire.booter.ForkedBooter.runSuitesInProcess(ForkedBooter.java:103)
	at org.apache.maven.surefire.booter.ForkedBooter.main(ForkedBooter.java:74)
Running org.springframework.data.jpa.repository.query.ParameterBinderUnitTests
Tests run: 14, Failures: 0, Errors: 0, Skipped: 0, Time elapsed: 0.084 sec
Running org.springframework.data.jpa.repository.query.JpaQueryExecutionUnitTests
Tests run: 8, Failures: 0, Errors: 0, Skipped: 0, Time elapsed: 0.036 sec
Running org.springframework.data.jpa.repository.query.JpaQueryLookupStrategyUnitTests
Tests run: 2, Failures: 2, Errors: 0, Skipped: 0, Time elapsed: 0.024 sec <<< FAILURE!
sholdThrowMorePreciseExceptionIfTryingToUsePaginationInNativeQueries(org.springframework.data.jpa.repository.query.JpaQueryLookupStrategyUnitTests)  Time elapsed: 0.014 sec  <<< FAILURE!
java.lang.AssertionError: 
Expected: (an instance of org.springframework.data.jpa.repository.query.InvalidJpaQueryMethodException and exception with message a string containing "Cannot use native queries with dynamic sorting and/or pagination in method" and exception with message a string containing "public abstract org.springframework.data.domain.Page org.springframework.data.jpa.repository.query.JpaQueryLookupStrategyUnitTests$UserRepository.findByInvalidNativeQuery(java.lang.String,org.springframework.data.domain.Pageable)")
     but: an instance of org.springframework.data.jpa.repository.query.InvalidJpaQueryMethodException <java.lang.IllegalArgumentException: [Assertion failed] - this argument is required; it must not be null> is a java.lang.IllegalArgumentException
Stacktrace was: java.lang.IllegalArgumentException: [Assertion failed] - this argument is required; it must not be null
	at org.springframework.util.Assert.notNull(Assert.java:115)
	at org.springframework.util.Assert.notNull(Assert.java:126)
	at org.springframework.data.jpa.repository.support.JpaMetamodelEntityInformation.<init>(JpaMetamodelEntityInformation.java:65)
	at org.springframework.data.jpa.repository.support.JpaEntityInformationSupport.getEntityInformation(JpaEntityInformationSupport.java:67)
	at org.springframework.data.jpa.repository.query.AbstractStringBasedJpaQuery.<init>(AbstractStringBasedJpaQuery.java:72)
	at org.springframework.data.jpa.repository.query.NativeJpaQuery.<init>(NativeJpaQuery.java:46)
	at org.springframework.data.jpa.repository.query.JpaQueryFactory.fromMethodWithQueryString(JpaQueryFactory.java:72)
	at org.springframework.data.jpa.repository.query.JpaQueryFactory.fromQueryAnnotation(JpaQueryFactory.java:53)
	at org.springframework.data.jpa.repository.query.JpaQueryLookupStrategy$DeclaredQueryLookupStrategy.resolveQuery(JpaQueryLookupStrategy.java:136)
	at org.springframework.data.jpa.repository.query.JpaQueryLookupStrategy$CreateIfNotFoundQueryLookupStrategy.resolveQuery(JpaQueryLookupStrategy.java:204)
	at org.springframework.data.jpa.repository.query.JpaQueryLookupStrategy$AbstractQueryLookupStrategy.resolveQuery(JpaQueryLookupStrategy.java:73)
	at org.springframework.data.jpa.repository.query.JpaQueryLookupStrategyUnitTests.sholdThrowMorePreciseExceptionIfTryingToUsePaginationInNativeQueries(JpaQueryLookupStrategyUnitTests.java:110)
	at sun.reflect.NativeMethodAccessorImpl.invoke0(Native Method)
	at sun.reflect.NativeMethodAccessorImpl.invoke(NativeMethodAccessorImpl.java:62)
	at sun.reflect.DelegatingMethodAccessorImpl.invoke(DelegatingMethodAccessorImpl.java:43)
	at java.lang.reflect.Method.invoke(Method.java:483)
	at org.junit.runners.model.FrameworkMethod$1.runReflectiveCall(FrameworkMethod.java:50)
	at org.junit.internal.runners.model.ReflectiveCallable.run(ReflectiveCallable.java:12)
	at org.junit.runners.model.FrameworkMethod.invokeExplosively(FrameworkMethod.java:47)
	at org.junit.internal.runners.statements.InvokeMethod.evaluate(InvokeMethod.java:17)
	at org.junit.internal.runners.statements.RunBefores.evaluate(RunBefores.java:26)
	at org.junit.rules.ExpectedException$ExpectedExceptionStatement.evaluate(ExpectedException.java:239)
	at org.junit.rules.RunRules.evaluate(RunRules.java:20)
	at org.junit.runners.ParentRunner.runLeaf(ParentRunner.java:325)
	at org.junit.runners.BlockJUnit4ClassRunner.runChild(BlockJUnit4ClassRunner.java:78)
	at org.junit.runners.BlockJUnit4ClassRunner.runChild(BlockJUnit4ClassRunner.java:57)
	at org.junit.runners.ParentRunner$3.run(ParentRunner.java:290)
	at org.junit.runners.ParentRunner$1.schedule(ParentRunner.java:71)
	at org.junit.runners.ParentRunner.runChildren(ParentRunner.java:288)
	at org.junit.runners.ParentRunner.access$000(ParentRunner.java:58)
	at org.junit.runners.ParentRunner$2.evaluate(ParentRunner.java:268)
	at org.junit.runners.ParentRunner.run(ParentRunner.java:363)
	at org.mockito.internal.runners.JUnit45AndHigherRunnerImpl.run(JUnit45AndHigherRunnerImpl.java:37)
	at org.mockito.runners.MockitoJUnitRunner.run(MockitoJUnitRunner.java:62)
	at org.apache.maven.surefire.junit4.JUnit4Provider.execute(JUnit4Provider.java:236)
	at org.apache.maven.surefire.junit4.JUnit4Provider.executeTestSet(JUnit4Provider.java:134)
	at org.apache.maven.surefire.junit4.JUnit4Provider.invoke(JUnit4Provider.java:113)
	at sun.reflect.NativeMethodAccessorImpl.invoke0(Native Method)
	at sun.reflect.NativeMethodAccessorImpl.invoke(NativeMethodAccessorImpl.java:62)
	at sun.reflect.DelegatingMethodAccessorImpl.invoke(DelegatingMethodAccessorImpl.java:43)
	at java.lang.reflect.Method.invoke(Method.java:483)
	at org.apache.maven.surefire.util.ReflectionUtils.invokeMethodWithArray(ReflectionUtils.java:189)
	at org.apache.maven.surefire.booter.ProviderFactory$ProviderProxy.invoke(ProviderFactory.java:165)
	at org.apache.maven.surefire.booter.ProviderFactory.invokeProvider(ProviderFactory.java:85)
	at org.apache.maven.surefire.booter.ForkedBooter.runSuitesInProcess(ForkedBooter.java:103)
	at org.apache.maven.surefire.booter.ForkedBooter.main(ForkedBooter.java:74)

	at org.hamcrest.MatcherAssert.assertThat(MatcherAssert.java:20)
	at org.junit.Assert.assertThat(Assert.java:956)
	at org.junit.Assert.assertThat(Assert.java:923)
	at org.junit.rules.ExpectedException.handleException(ExpectedException.java:252)
	at org.junit.rules.ExpectedException.access$000(ExpectedException.java:106)
	at org.junit.rules.ExpectedException$ExpectedExceptionStatement.evaluate(ExpectedException.java:241)
	at org.junit.rules.RunRules.evaluate(RunRules.java:20)
	at org.junit.runners.ParentRunner.runLeaf(ParentRunner.java:325)
	at org.junit.runners.BlockJUnit4ClassRunner.runChild(BlockJUnit4ClassRunner.java:78)
	at org.junit.runners.BlockJUnit4ClassRunner.runChild(BlockJUnit4ClassRunner.java:57)
	at org.junit.runners.ParentRunner$3.run(ParentRunner.java:290)
	at org.junit.runners.ParentRunner$1.schedule(ParentRunner.java:71)
	at org.junit.runners.ParentRunner.runChildren(ParentRunner.java:288)
	at org.junit.runners.ParentRunner.access$000(ParentRunner.java:58)
	at org.junit.runners.ParentRunner$2.evaluate(ParentRunner.java:268)
	at org.junit.runners.ParentRunner.run(ParentRunner.java:363)
	at org.mockito.internal.runners.JUnit45AndHigherRunnerImpl.run(JUnit45AndHigherRunnerImpl.java:37)
	at org.mockito.runners.MockitoJUnitRunner.run(MockitoJUnitRunner.java:62)
	at org.apache.maven.surefire.junit4.JUnit4Provider.execute(JUnit4Provider.java:236)
	at org.apache.maven.surefire.junit4.JUnit4Provider.executeTestSet(JUnit4Provider.java:134)
	at org.apache.maven.surefire.junit4.JUnit4Provider.invoke(JUnit4Provider.java:113)
	at sun.reflect.NativeMethodAccessorImpl.invoke0(Native Method)
	at sun.reflect.NativeMethodAccessorImpl.invoke(NativeMethodAccessorImpl.java:62)
	at sun.reflect.DelegatingMethodAccessorImpl.invoke(DelegatingMethodAccessorImpl.java:43)
	at java.lang.reflect.Method.invoke(Method.java:483)
	at org.apache.maven.surefire.util.ReflectionUtils.invokeMethodWithArray(ReflectionUtils.java:189)
	at org.apache.maven.surefire.booter.ProviderFactory$ProviderProxy.invoke(ProviderFactory.java:165)
	at org.apache.maven.surefire.booter.ProviderFactory.invokeProvider(ProviderFactory.java:85)
	at org.apache.maven.surefire.booter.ForkedBooter.runSuitesInProcess(ForkedBooter.java:103)
	at org.apache.maven.surefire.booter.ForkedBooter.main(ForkedBooter.java:74)
invalidAnnotatedQueryCausesException(org.springframework.data.jpa.repository.query.JpaQueryLookupStrategyUnitTests)  Time elapsed: 0.002 sec  <<< FAILURE!
java.lang.AssertionError: 
Expected: is <java.lang.RuntimeException>
     but: was null
	at org.hamcrest.MatcherAssert.assertThat(MatcherAssert.java:20)
	at org.junit.Assert.assertThat(Assert.java:956)
	at org.junit.Assert.assertThat(Assert.java:923)
	at org.springframework.data.jpa.repository.query.JpaQueryLookupStrategyUnitTests.invalidAnnotatedQueryCausesException(JpaQueryLookupStrategyUnitTests.java:91)
	at sun.reflect.NativeMethodAccessorImpl.invoke0(Native Method)
	at sun.reflect.NativeMethodAccessorImpl.invoke(NativeMethodAccessorImpl.java:62)
	at sun.reflect.DelegatingMethodAccessorImpl.invoke(DelegatingMethodAccessorImpl.java:43)
	at java.lang.reflect.Method.invoke(Method.java:483)
	at org.junit.runners.model.FrameworkMethod$1.runReflectiveCall(FrameworkMethod.java:50)
	at org.junit.internal.runners.model.ReflectiveCallable.run(ReflectiveCallable.java:12)
	at org.junit.runners.model.FrameworkMethod.invokeExplosively(FrameworkMethod.java:47)
	at org.junit.internal.runners.statements.InvokeMethod.evaluate(InvokeMethod.java:17)
	at org.junit.internal.runners.statements.RunBefores.evaluate(RunBefores.java:26)
	at org.junit.rules.ExpectedException$ExpectedExceptionStatement.evaluate(ExpectedException.java:239)
	at org.junit.rules.RunRules.evaluate(RunRules.java:20)
	at org.junit.runners.ParentRunner.runLeaf(ParentRunner.java:325)
	at org.junit.runners.BlockJUnit4ClassRunner.runChild(BlockJUnit4ClassRunner.java:78)
	at org.junit.runners.BlockJUnit4ClassRunner.runChild(BlockJUnit4ClassRunner.java:57)
	at org.junit.runners.ParentRunner$3.run(ParentRunner.java:290)
	at org.junit.runners.ParentRunner$1.schedule(ParentRunner.java:71)
	at org.junit.runners.ParentRunner.runChildren(ParentRunner.java:288)
	at org.junit.runners.ParentRunner.access$000(ParentRunner.java:58)
	at org.junit.runners.ParentRunner$2.evaluate(ParentRunner.java:268)
	at org.junit.runners.ParentRunner.run(ParentRunner.java:363)
	at org.mockito.internal.runners.JUnit45AndHigherRunnerImpl.run(JUnit45AndHigherRunnerImpl.java:37)
	at org.mockito.runners.MockitoJUnitRunner.run(MockitoJUnitRunner.java:62)
	at org.apache.maven.surefire.junit4.JUnit4Provider.execute(JUnit4Provider.java:236)
	at org.apache.maven.surefire.junit4.JUnit4Provider.executeTestSet(JUnit4Provider.java:134)
	at org.apache.maven.surefire.junit4.JUnit4Provider.invoke(JUnit4Provider.java:113)
	at sun.reflect.NativeMethodAccessorImpl.invoke0(Native Method)
	at sun.reflect.NativeMethodAccessorImpl.invoke(NativeMethodAccessorImpl.java:62)
	at sun.reflect.DelegatingMethodAccessorImpl.invoke(DelegatingMethodAccessorImpl.java:43)
	at java.lang.reflect.Method.invoke(Method.java:483)
	at org.apache.maven.surefire.util.ReflectionUtils.invokeMethodWithArray(ReflectionUtils.java:189)
	at org.apache.maven.surefire.booter.ProviderFactory$ProviderProxy.invoke(ProviderFactory.java:165)
	at org.apache.maven.surefire.booter.ProviderFactory.invokeProvider(ProviderFactory.java:85)
	at org.apache.maven.surefire.booter.ForkedBooter.runSuitesInProcess(ForkedBooter.java:103)
	at org.apache.maven.surefire.booter.ForkedBooter.main(ForkedBooter.java:74)
Running org.springframework.data.jpa.repository.query.JpaParametersUnitTests
Tests run: 1, Failures: 0, Errors: 0, Skipped: 0, Time elapsed: 0.001 sec
Running org.springframework.data.jpa.repository.query.ExpressionBasedStringQueryUnitTests
Tests run: 2, Failures: 0, Errors: 0, Skipped: 0, Time elapsed: 0.041 sec
Running org.springframework.data.jpa.repository.query.StringQueryUnitTests
Tests run: 20, Failures: 0, Errors: 0, Skipped: 0, Time elapsed: 0.042 sec
Running org.springframework.data.jpa.repository.query.JpaQueryMethodUnitTests
Tests run: 26, Failures: 0, Errors: 0, Skipped: 0, Time elapsed: 0.127 sec
Running org.springframework.data.jpa.repository.query.Jpa21UtilsUnitTests
Tests run: 1, Failures: 0, Errors: 0, Skipped: 0, Time elapsed: 0.007 sec
Running org.springframework.data.jpa.repository.query.LikeBindingUnitTests
Tests run: 8, Failures: 0, Errors: 0, Skipped: 0, Time elapsed: 0.014 sec
Running org.springframework.data.jpa.repository.query.StoredProcedureAttributeSourceUnitTests
Tests run: 6, Failures: 0, Errors: 0, Skipped: 0, Time elapsed: 0.027 sec
Running org.springframework.data.jpa.repository.query.StoredProcedureAttributesUnitTests
Tests run: 1, Failures: 0, Errors: 0, Skipped: 0, Time elapsed: 0.002 sec
Running org.springframework.data.jpa.repository.query.QueryUtilsUnitTests
Tests run: 26, Failures: 0, Errors: 0, Skipped: 0, Time elapsed: 0.019 sec
Running org.springframework.data.jpa.repository.query.NamedQueryUnitTests
Tests run: 2, Failures: 0, Errors: 0, Skipped: 0, Time elapsed: 0.01 sec
Running org.springframework.data.jpa.repository.cdi.JpaRepositoryExtensionUnitTests
Tests run: 3, Failures: 0, Errors: 0, Skipped: 0, Time elapsed: 0.018 sec
Running org.springframework.data.jpa.repository.config.JpaRepositoryConfigExtensionUnitTests
Tests run: 4, Failures: 0, Errors: 0, Skipped: 0, Time elapsed: 0.056 sec
Running org.springframework.data.jpa.repository.config.JpaAuditingRegistrarUnitTests
Tests run: 2, Failures: 0, Errors: 0, Skipped: 0, Time elapsed: 0.014 sec
Running org.springframework.data.jpa.repository.config.JpaRepositoriesRegistrarUnitTests
Tests run: 1, Failures: 0, Errors: 0, Skipped: 0, Time elapsed: 0.399 sec
Running org.springframework.data.jpa.repository.CrudMethodMetadataUnitTests
Tests run: 3, Failures: 0, Errors: 0, Skipped: 0, Time elapsed: 0.624 sec
Running org.springframework.data.jpa.support.MergingPersistenceUnitManagerUnitTests
Tests run: 5, Failures: 0, Errors: 0, Skipped: 0, Time elapsed: 0.044 sec
Running org.springframework.data.jpa.support.ClasspathScanningPersistenceUnitPostProcessorUnitTests
Tests run: 8, Failures: 0, Errors: 0, Skipped: 0, Time elapsed: 0.019 sec
Running org.springframework.data.jpa.domain.support.AuditingNamespaceUnitTests
Tests run: 5, Failures: 0, Errors: 0, Skipped: 0, Time elapsed: 1.155 sec
Running org.springframework.data.jpa.domain.support.AuditingBeanFactoryPostProcessorUnitTests
Tests run: 4, Failures: 0, Errors: 0, Skipped: 0, Time elapsed: 0.439 sec
Running org.springframework.data.jpa.domain.support.AnnotationAuditingBeanFactoryPostProcessorUnitTests
Tests run: 4, Failures: 0, Errors: 0, Skipped: 0, Time elapsed: 0.187 sec
Running org.springframework.data.jpa.domain.SpecificationsUnitTests
Tests run: 8, Failures: 0, Errors: 0, Skipped: 0, Time elapsed: 0.186 sec
Running org.springframework.data.jpa.mapping.JpaPersistentPropertyImplUnitTests
Tests run: 14, Failures: 0, Errors: 0, Skipped: 0, Time elapsed: 0.236 sec
Running org.springframework.data.jpa.provider.PersistenceProviderUnitTests
Tests run: 5, Failures: 0, Errors: 0, Skipped: 0, Time elapsed: 0.307 sec

Results :

Failed tests:   validatesAndRejectsCountQueryIfPagingMethod(org.springframework.data.jpa.repository.query.SimpleJpaQueryUnitTests): (..)
  sholdThrowMorePreciseExceptionIfTryingToUsePaginationInNativeQueries(org.springframework.data.jpa.repository.query.JpaQueryLookupStrategyUnitTests): (..)
  invalidAnnotatedQueryCausesException(org.springframework.data.jpa.repository.query.JpaQueryLookupStrategyUnitTests): (..)

Tests in error: 
  createsANativeJpaQueryFromAnnotation(org.springframework.data.jpa.repository.query.SimpleJpaQueryUnitTests): [Assertion failed] - this argument is required; it must not be null
  doesNotApplyPaginationToCountQuery(org.springframework.data.jpa.repository.query.SimpleJpaQueryUnitTests): [Assertion failed] - this argument is required; it must not be null
  rejectsNativeQueryWithPageable(org.springframework.data.jpa.repository.query.SimpleJpaQueryUnitTests): Unexpected exception, expected<org.springframework.data.jpa.repository.query.InvalidJpaQueryMethodException> but was<java.lang.IllegalArgumentException>
  createsASimpleJpaQueryFromAnnotation(org.springframework.data.jpa.repository.query.SimpleJpaQueryUnitTests): [Assertion failed] - this argument is required; it must not be null
  rejectsNativeQueryWithDynamicSort(org.springframework.data.jpa.repository.query.SimpleJpaQueryUnitTests): Unexpected exception, expected<org.springframework.data.jpa.repository.query.InvalidJpaQueryMethodException> but was<java.lang.IllegalArgumentException>
  prefersDeclaredCountQueryOverCreatingOne(org.springframework.data.jpa.repository.query.SimpleJpaQueryUnitTests): [Assertion failed] - this argument is required; it must not be null
  discoversNativeQuery(org.springframework.data.jpa.repository.query.SimpleJpaQueryUnitTests): [Assertion failed] - this argument is required; it must not be null
  doesNotValidateCountQueryIfNotPagingMethod(org.springframework.data.jpa.repository.query.SimpleJpaQueryUnitTests): [Assertion failed] - this argument is required; it must not be null

Tests run: 214, Failures: 3, Errors: 8, Skipped: 0

[INFO] ------------------------------------------------------------------------
[INFO] BUILD FAILURE
[INFO] ------------------------------------------------------------------------
[INFO] Total time: 48.479 s
[INFO] Finished at: 2015-06-30T13:05:05+00:00
[INFO] Final Memory: 36M/359M
[INFO] ------------------------------------------------------------------------
[ERROR] Failed to execute goal org.apache.maven.plugins:maven-surefire-plugin:2.12:test (unit-tests) on project spring-data-jpa: There are test failures.
[ERROR] 
[ERROR] Please refer to /home/travis/build/spring-projects/spring-data-jpa/target/surefire-reports for the individual test results.
[ERROR] -> [Help 1]
[ERROR] 
[ERROR] To see the full stack trace of the errors, re-run Maven with the -e switch.
[ERROR] Re-run Maven using the -X switch to enable full debug logging.
[ERROR] 
[ERROR] For more information about the errors and possible solutions, please read the following articles:
[ERROR] [Help 1] http://cwiki.apache.org/confluence/display/MAVEN/MojoFailureException
travis_time:end:00e2a460:start=1435669455276033310,finish=1435669506038218034,duration=50762184724[0K
[31;1mThe command "mvn clean dependency:list test -P${PROFILE} -Dsort" exited with 1.[0m
travis_fold:start:cache.2[0Kstore build cache
travis_time:start:00cc7cdf[0Kchange detected: /home/travis/.m2/repository/org/springframework/data/build/spring-data-parent/1.7.0.BUILD-SNAPSHOT/resolver-status.properties
changes detected, packing new archive
uploading archive
travis_time:end:00cc7cdf:start=1435669506042367910,finish=1435669562289366578,duration=56246998668[0Ktravis_fold:end:cache.2[0K
Done. Your build exited with 1.
