Using worker: worker-linux-docker-9d81228b.prod.travis-ci.org:travis-linux-1

travis_fold:start:system_info[0K[33;1mBuild system information[0m
Build language: java
Build group: stable
Build dist: precise
Build id: 166781983
Job id: 166781984
travis-build version: c31595e05
[34m[1mBuild image provisioning date and time[0m
Thu Feb  5 15:09:33 UTC 2015
[34m[1mOperating System Details[0m
Distributor ID:	Ubuntu
Description:	Ubuntu 12.04.5 LTS
Release:	12.04
Codename:	precise
[34m[1mLinux Version[0m
3.13.0-29-generic
[34m[1mCookbooks Version[0m
a68419e https://github.com/travis-ci/travis-cookbooks/tree/a68419e
[34m[1mGCC version[0m
gcc (Ubuntu/Linaro 4.6.3-1ubuntu5) 4.6.3
Copyright (C) 2011 Free Software Foundation, Inc.
This is free software; see the source for copying conditions.  There is NO
warranty; not even for MERCHANTABILITY or FITNESS FOR A PARTICULAR PURPOSE.

[34m[1mLLVM version[0m
clang version 3.4 (tags/RELEASE_34/final)
Target: x86_64-unknown-linux-gnu
Thread model: posix
[34m[1mPre-installed Ruby versions[0m
ruby-1.9.3-p551
[34m[1mPre-installed Node.js versions[0m
v0.10.36
[34m[1mPre-installed Go versions[0m
1.4.1
[34m[1mRedis version[0m
redis-server 2.8.19
[34m[1mriak version[0m
2.0.2
[34m[1mMongoDB version[0m
MongoDB 2.4.12
[34m[1mCouchDB version[0m
couchdb 1.6.1
[34m[1mNeo4j version[0m
1.9.4
[34m[1mRabbitMQ Version[0m
3.4.3
[34m[1mElasticSearch version[0m
1.4.0
[34m[1mInstalled Sphinx versions[0m
2.0.10
2.1.9
2.2.6
[34m[1mDefault Sphinx version[0m
2.2.6
[34m[1mInstalled Firefox version[0m
firefox 31.0esr
[34m[1mPhantomJS version[0m
1.9.8
[34m[1mant -version[0m
Apache Ant(TM) version 1.8.2 compiled on December 3 2011
[34m[1mmvn -version[0m
Apache Maven 3.2.5 (12a6b3acb947671f09b81f49094c53f426d8cea1; 2014-12-14T17:29:23+00:00)
Maven home: /usr/local/maven
Java version: 1.7.0_76, vendor: Oracle Corporation
Java home: /usr/lib/jvm/java-7-oracle/jre
Default locale: en_US, platform encoding: ANSI_X3.4-1968
OS name: "linux", version: "3.13.0-29-generic", arch: "amd64", family: "unix"
travis_fold:end:system_info[0K
travis_fold:start:fix.CVE-2015-7547[0K$ export DEBIAN_FRONTEND=noninteractive
W: Size of file /var/lib/apt/lists/us.archive.ubuntu.com_ubuntu_dists_precise-backports_multiverse_source_Sources.gz is not what the server reported 5886 5888
W: Size of file /var/lib/apt/lists/ppa.launchpad.net_travis-ci_zero-mq_ubuntu_dists_precise_main_binary-amd64_Packages.gz is not what the server reported 832 1195
W: Size of file /var/lib/apt/lists/ppa.launchpad.net_ubuntugis_ppa_ubuntu_dists_precise_main_binary-amd64_Packages.gz is not what the server reported 33653 36677
W: Size of file /var/lib/apt/lists/ppa.launchpad.net_ubuntugis_ppa_ubuntu_dists_precise_main_binary-i386_Packages.gz is not what the server reported 33699 36733
Reading package lists...
Building dependency tree...
Reading state information...
The following extra packages will be installed:
  libc-bin libc-dev-bin libc6-dev
Suggested packages:
  glibc-doc
The following packages will be upgraded:
  libc-bin libc-dev-bin libc6 libc6-dev
4 upgraded, 0 newly installed, 0 to remove and 258 not upgraded.
Need to get 8,840 kB of archives.
After this operation, 14.3 kB disk space will be freed.
Get:1 http://us.archive.ubuntu.com/ubuntu/ precise-updates/main libc6-dev amd64 2.15-0ubuntu10.15 [2,943 kB]
Get:2 http://us.archive.ubuntu.com/ubuntu/ precise-updates/main libc-dev-bin amd64 2.15-0ubuntu10.15 [84.7 kB]
Get:3 http://us.archive.ubuntu.com/ubuntu/ precise-updates/main libc-bin amd64 2.15-0ubuntu10.15 [1,177 kB]
Get:4 http://us.archive.ubuntu.com/ubuntu/ precise-updates/main libc6 amd64 2.15-0ubuntu10.15 [4,636 kB]
Fetched 8,840 kB in 0s (38.0 MB/s)
Preconfiguring packages ...
(Reading database ... (Reading database ... 5%(Reading database ... 10%(Reading database ... 15%(Reading database ... 20%(Reading database ... 25%(Reading database ... 30%(Reading database ... 35%(Reading database ... 40%(Reading database ... 45%(Reading database ... 50%(Reading database ... 55%(Reading database ... 60%(Reading database ... 65%(Reading database ... 70%(Reading database ... 75%(Reading database ... 80%(Reading database ... 85%(Reading database ... 90%(Reading database ... 95%(Reading database ... 100%(Reading database ... 72019 files and directories currently installed.)
Preparing to replace libc6-dev 2.15-0ubuntu10.10 (using .../libc6-dev_2.15-0ubuntu10.15_amd64.deb) ...
Unpacking replacement libc6-dev ...
Preparing to replace libc-dev-bin 2.15-0ubuntu10.10 (using .../libc-dev-bin_2.15-0ubuntu10.15_amd64.deb) ...
Unpacking replacement libc-dev-bin ...
Preparing to replace libc-bin 2.15-0ubuntu10.10 (using .../libc-bin_2.15-0ubuntu10.15_amd64.deb) ...
Unpacking replacement libc-bin ...
Processing triggers for man-db ...
Setting up libc-bin (2.15-0ubuntu10.15) ...
(Reading database ... (Reading database ... 5%(Reading database ... 10%(Reading database ... 15%(Reading database ... 20%(Reading database ... 25%(Reading database ... 30%(Reading database ... 35%(Reading database ... 40%(Reading database ... 45%(Reading database ... 50%(Reading database ... 55%(Reading database ... 60%(Reading database ... 65%(Reading database ... 70%(Reading database ... 75%(Reading database ... 80%(Reading database ... 85%(Reading database ... 90%(Reading database ... 95%(Reading database ... 100%(Reading database ... 72018 files and directories currently installed.)
Preparing to replace libc6 2.15-0ubuntu10.10 (using .../libc6_2.15-0ubuntu10.15_amd64.deb) ...
Unpacking replacement libc6 ...
Setting up libc6 (2.15-0ubuntu10.15) ...
Setting up libc-dev-bin (2.15-0ubuntu10.15) ...
Setting up libc6-dev (2.15-0ubuntu10.15) ...
Processing triggers for libc-bin ...
ldconfig deferred processing now taking place
travis_fold:end:fix.CVE-2015-7547[0Ktravis_fold:start:git.checkout[0Ktravis_time:start:23717220[0K$ git clone --depth=50 --branch=SONARPHP-601 https://github.com/SonarSource/sonar-php.git SonarSource/sonar-php
Cloning into 'SonarSource/sonar-php'...
remote: Counting objects: 3740, done.[K
remote: Compressing objects:   0% (1/1663)   [Kremote: Compressing objects:   1% (17/1663)   [Kremote: Compressing objects:   2% (34/1663)   [Kremote: Compressing objects:   3% (50/1663)   [Kremote: Compressing objects:   4% (67/1663)   [Kremote: Compressing objects:   5% (84/1663)   [Kremote: Compressing objects:   6% (100/1663)   [Kremote: Compressing objects:   7% (117/1663)   [Kremote: Compressing objects:   8% (134/1663)   [Kremote: Compressing objects:   9% (150/1663)   [Kremote: Compressing objects:  10% (167/1663)   [Kremote: Compressing objects:  11% (183/1663)   [Kremote: Compressing objects:  12% (200/1663)   [Kremote: Compressing objects:  13% (217/1663)   [Kremote: Compressing objects:  14% (233/1663)   [Kremote: Compressing objects:  15% (250/1663)   [Kremote: Compressing objects:  16% (267/1663)   [Kremote: Compressing objects:  17% (283/1663)   [Kremote: Compressing objects:  18% (300/1663)   [Kremote: Compressing objects:  19% (316/1663)   [Kremote: Compressing objects:  20% (333/1663)   [Kremote: Compressing objects:  21% (350/1663)   [Kremote: Compressing objects:  22% (366/1663)   [Kremote: Compressing objects:  23% (383/1663)   [Kremote: Compressing objects:  24% (400/1663)   [Kremote: Compressing objects:  25% (416/1663)   [Kremote: Compressing objects:  26% (433/1663)   [Kremote: Compressing objects:  27% (450/1663)   [Kremote: Compressing objects:  28% (466/1663)   [Kremote: Compressing objects:  29% (483/1663)   [Kremote: Compressing objects:  30% (499/1663)   [Kremote: Compressing objects:  31% (516/1663)   [Kremote: Compressing objects:  32% (533/1663)   [Kremote: Compressing objects:  33% (549/1663)   [Kremote: Compressing objects:  34% (566/1663)   [Kremote: Compressing objects:  35% (583/1663)   [Kremote: Compressing objects:  36% (599/1663)   [Kremote: Compressing objects:  37% (616/1663)   [Kremote: Compressing objects:  38% (632/1663)   [Kremote: Compressing objects:  39% (649/1663)   [Kremote: Compressing objects:  40% (666/1663)   [Kremote: Compressing objects:  41% (682/1663)   [Kremote: Compressing objects:  42% (699/1663)   [Kremote: Compressing objects:  43% (716/1663)   [Kremote: Compressing objects:  44% (732/1663)   [Kremote: Compressing objects:  45% (749/1663)   [Kremote: Compressing objects:  46% (765/1663)   [Kremote: Compressing objects:  47% (782/1663)   [Kremote: Compressing objects:  48% (799/1663)   [Kremote: Compressing objects:  49% (815/1663)   [Kremote: Compressing objects:  50% (832/1663)   [Kremote: Compressing objects:  51% (849/1663)   [Kremote: Compressing objects:  52% (865/1663)   [Kremote: Compressing objects:  53% (882/1663)   [Kremote: Compressing objects:  54% (899/1663)   [Kremote: Compressing objects:  55% (915/1663)   [Kremote: Compressing objects:  56% (932/1663)   [Kremote: Compressing objects:  57% (948/1663)   [Kremote: Compressing objects:  58% (965/1663)   [Kremote: Compressing objects:  59% (982/1663)   [Kremote: Compressing objects:  60% (998/1663)   [Kremote: Compressing objects:  61% (1015/1663)   [Kremote: Compressing objects:  62% (1032/1663)   [Kremote: Compressing objects:  63% (1048/1663)   [Kremote: Compressing objects:  64% (1065/1663)   [Kremote: Compressing objects:  65% (1081/1663)   [Kremote: Compressing objects:  66% (1098/1663)   [Kremote: Compressing objects:  67% (1115/1663)   [Kremote: Compressing objects:  68% (1131/1663)   [Kremote: Compressing objects:  69% (1148/1663)   [Kremote: Compressing objects:  70% (1165/1663)   [Kremote: Compressing objects:  71% (1181/1663)   [Kremote: Compressing objects:  72% (1198/1663)   [Kremote: Compressing objects:  73% (1214/1663)   [Kremote: Compressing objects:  74% (1231/1663)   [Kremote: Compressing objects:  75% (1248/1663)   [Kremote: Compressing objects:  76% (1264/1663)   [Kremote: Compressing objects:  77% (1281/1663)   [Kremote: Compressing objects:  78% (1298/1663)   [Kremote: Compressing objects:  79% (1314/1663)   [Kremote: Compressing objects:  80% (1331/1663)   [Kremote: Compressing objects:  81% (1348/1663)   [Kremote: Compressing objects:  82% (1364/1663)   [Kremote: Compressing objects:  83% (1381/1663)   [Kremote: Compressing objects:  84% (1397/1663)   [Kremote: Compressing objects:  85% (1414/1663)   [Kremote: Compressing objects:  86% (1431/1663)   [Kremote: Compressing objects:  87% (1447/1663)   [Kremote: Compressing objects:  88% (1464/1663)   [Kremote: Compressing objects:  89% (1481/1663)   [Kremote: Compressing objects:  90% (1497/1663)   [Kremote: Compressing objects:  91% (1514/1663)   [Kremote: Compressing objects:  92% (1530/1663)   [Kremote: Compressing objects:  93% (1547/1663)   [Kremote: Compressing objects:  94% (1564/1663)   [Kremote: Compressing objects:  95% (1580/1663)   [Kremote: Compressing objects:  96% (1597/1663)   [Kremote: Compressing objects:  97% (1614/1663)   [Kremote: Compressing objects:  98% (1630/1663)   [Kremote: Compressing objects:  99% (1647/1663)   [Kremote: Compressing objects: 100% (1663/1663)   [Kremote: Compressing objects: 100% (1663/1663), done.[K
Receiving objects:   0% (1/3740)   Receiving objects:   1% (38/3740)   Receiving objects:   2% (75/3740)   Receiving objects:   3% (113/3740)   Receiving objects:   4% (150/3740)   Receiving objects:   5% (187/3740)   Receiving objects:   6% (225/3740)   Receiving objects:   7% (262/3740)   Receiving objects:   8% (300/3740)   Receiving objects:   9% (337/3740)   Receiving objects:  10% (374/3740)   Receiving objects:  11% (412/3740)   Receiving objects:  12% (449/3740)   Receiving objects:  13% (487/3740)   Receiving objects:  14% (524/3740)   Receiving objects:  15% (561/3740)   Receiving objects:  16% (599/3740)   Receiving objects:  17% (636/3740)   Receiving objects:  18% (674/3740)   Receiving objects:  19% (711/3740)   Receiving objects:  20% (748/3740)   Receiving objects:  21% (786/3740)   Receiving objects:  22% (823/3740)   Receiving objects:  23% (861/3740)   Receiving objects:  24% (898/3740)   Receiving objects:  25% (935/3740)   Receiving objects:  26% (973/3740)   Receiving objects:  27% (1010/3740)   Receiving objects:  28% (1048/3740)   Receiving objects:  29% (1085/3740)   Receiving objects:  30% (1122/3740)   Receiving objects:  31% (1160/3740)   Receiving objects:  32% (1197/3740)   Receiving objects:  33% (1235/3740)   Receiving objects:  34% (1272/3740)   Receiving objects:  35% (1309/3740)   Receiving objects:  36% (1347/3740)   Receiving objects:  37% (1384/3740)   Receiving objects:  38% (1422/3740)   Receiving objects:  39% (1459/3740)   Receiving objects:  40% (1496/3740)   Receiving objects:  41% (1534/3740)   Receiving objects:  42% (1571/3740)   Receiving objects:  43% (1609/3740)   Receiving objects:  44% (1646/3740)   Receiving objects:  45% (1683/3740)   Receiving objects:  46% (1721/3740)   Receiving objects:  47% (1758/3740)   Receiving objects:  48% (1796/3740)   Receiving objects:  49% (1833/3740)   Receiving objects:  50% (1870/3740)   Receiving objects:  51% (1908/3740)   Receiving objects:  52% (1945/3740)   Receiving objects:  53% (1983/3740)   Receiving objects:  54% (2020/3740)   Receiving objects:  55% (2057/3740)   Receiving objects:  56% (2095/3740)   Receiving objects:  57% (2132/3740)   Receiving objects:  58% (2170/3740)   Receiving objects:  59% (2207/3740)   Receiving objects:  60% (2244/3740)   Receiving objects:  61% (2282/3740)   Receiving objects:  62% (2319/3740)   Receiving objects:  63% (2357/3740)   Receiving objects:  64% (2394/3740)   Receiving objects:  65% (2431/3740)   Receiving objects:  66% (2469/3740)   Receiving objects:  67% (2506/3740)   Receiving objects:  68% (2544/3740)   Receiving objects:  69% (2581/3740)   Receiving objects:  70% (2618/3740)   Receiving objects:  71% (2656/3740)   Receiving objects:  72% (2693/3740)   Receiving objects:  73% (2731/3740)   Receiving objects:  74% (2768/3740)   Receiving objects:  75% (2805/3740)   Receiving objects:  76% (2843/3740)   Receiving objects:  77% (2880/3740)   Receiving objects:  78% (2918/3740)   Receiving objects:  79% (2955/3740)   Receiving objects:  80% (2992/3740)   Receiving objects:  81% (3030/3740)   Receiving objects:  82% (3067/3740)   Receiving objects:  83% (3105/3740)   Receiving objects:  84% (3142/3740)   Receiving objects:  85% (3179/3740)   Receiving objects:  86% (3217/3740)   Receiving objects:  87% (3254/3740)   Receiving objects:  88% (3292/3740)   Receiving objects:  89% (3329/3740)   Receiving objects:  90% (3366/3740)   Receiving objects:  91% (3404/3740)   Receiving objects:  92% (3441/3740)   Receiving objects:  93% (3479/3740)   Receiving objects:  94% (3516/3740)   Receiving objects:  95% (3553/3740)   Receiving objects:  96% (3591/3740)   Receiving objects:  97% (3628/3740)   remote: Total 3740 (delta 2229), reused 2842 (delta 1601), pack-reused 0[K
Receiving objects:  98% (3666/3740)   Receiving objects:  99% (3703/3740)   Receiving objects: 100% (3740/3740)   Receiving objects: 100% (3740/3740), 1.18 MiB | 0 bytes/s, done.
Resolving deltas:   0% (0/2229)   Resolving deltas:   1% (31/2229)   Resolving deltas:   2% (45/2229)   Resolving deltas:   4% (107/2229)   Resolving deltas:   5% (113/2229)   Resolving deltas:   6% (136/2229)   Resolving deltas:   7% (157/2229)   Resolving deltas:   8% (179/2229)   Resolving deltas:   9% (201/2229)   Resolving deltas:  10% (227/2229)   Resolving deltas:  11% (246/2229)   Resolving deltas:  12% (268/2229)   Resolving deltas:  13% (294/2229)   Resolving deltas:  14% (326/2229)   Resolving deltas:  15% (337/2229)   Resolving deltas:  16% (361/2229)   Resolving deltas:  17% (398/2229)   Resolving deltas:  18% (423/2229)   Resolving deltas:  20% (446/2229)   Resolving deltas:  22% (495/2229)   Resolving deltas:  23% (515/2229)   Resolving deltas:  24% (549/2229)   Resolving deltas:  26% (601/2229)   Resolving deltas:  27% (604/2229)   Resolving deltas:  29% (647/2229)   Resolving deltas:  30% (677/2229)   Resolving deltas:  31% (710/2229)   Resolving deltas:  32% (716/2229)   Resolving deltas:  33% (738/2229)   Resolving deltas:  36% (806/2229)   Resolving deltas:  38% (856/2229)   Resolving deltas:  48% (1071/2229)   Resolving deltas:  52% (1176/2229)   Resolving deltas:  53% (1195/2229)   Resolving deltas:  54% (1204/2229)   Resolving deltas:  55% (1226/2229)   Resolving deltas:  56% (1253/2229)   Resolving deltas:  60% (1349/2229)   Resolving deltas:  63% (1417/2229)   Resolving deltas:  64% (1427/2229)   Resolving deltas:  65% (1449/2229)   Resolving deltas:  66% (1488/2229)   Resolving deltas:  68% (1532/2229)   Resolving deltas:  69% (1540/2229)   Resolving deltas:  70% (1568/2229)   Resolving deltas:  72% (1619/2229)   Resolving deltas:  75% (1693/2229)   Resolving deltas:  76% (1705/2229)   Resolving deltas:  80% (1803/2229)   Resolving deltas:  81% (1811/2229)   Resolving deltas:  83% (1870/2229)   Resolving deltas:  84% (1882/2229)   Resolving deltas:  91% (2034/2229)   Resolving deltas:  92% (2059/2229)   Resolving deltas:  93% (2074/2229)   Resolving deltas:  94% (2098/2229)   Resolving deltas:  95% (2118/2229)   Resolving deltas:  96% (2140/2229)   Resolving deltas:  97% (2169/2229)   Resolving deltas:  98% (2194/2229)   Resolving deltas:  99% (2207/2229)   Resolving deltas: 100% (2229/2229)   Resolving deltas: 100% (2229/2229), done.
Checking connectivity... done.

travis_time:end:23717220:start=1476198633149155542,finish=1476198633874805386,duration=725649844[0K$ cd SonarSource/sonar-php
$ git checkout -qf 11683fff0733bc6c209c2b8f8954025a093066cb
travis_fold:end:git.checkout[0Ktravis_fold:start:git.submodule[0Ktravis_time:start:0096659d[0K$ git submodule update --init --recursive
Submodule 'its/sources' (https://github.com/SonarCommunity/php-test-sources.git) registered for path 'its/sources'
Cloning into 'its/sources'...
remote: Counting objects: 4341, done.[K
Receiving objects:   0% (1/4341)   Receiving objects:   1% (44/4341)   Receiving objects:   2% (87/4341)   Receiving objects:   3% (131/4341)   Receiving objects:   4% (174/4341)   Receiving objects:   5% (218/4341)   Receiving objects:   6% (261/4341)   Receiving objects:   7% (304/4341)   Receiving objects:   8% (348/4341)   Receiving objects:   9% (391/4341)   Receiving objects:  10% (435/4341)   Receiving objects:  11% (478/4341)   Receiving objects:  12% (521/4341)   Receiving objects:  13% (565/4341)   Receiving objects:  14% (608/4341)   Receiving objects:  15% (652/4341)   Receiving objects:  16% (695/4341)   Receiving objects:  17% (738/4341)   Receiving objects:  18% (782/4341)   Receiving objects:  19% (825/4341)   Receiving objects:  20% (869/4341)   Receiving objects:  21% (912/4341)   Receiving objects:  22% (956/4341)   Receiving objects:  23% (999/4341)   Receiving objects:  24% (1042/4341)   Receiving objects:  25% (1086/4341)   Receiving objects:  26% (1129/4341)   Receiving objects:  27% (1173/4341)   Receiving objects:  28% (1216/4341)   Receiving objects:  29% (1259/4341)   Receiving objects:  30% (1303/4341)   Receiving objects:  31% (1346/4341)   Receiving objects:  32% (1390/4341)   Receiving objects:  33% (1433/4341)   Receiving objects:  34% (1476/4341)   Receiving objects:  35% (1520/4341)   Receiving objects:  36% (1563/4341)   Receiving objects:  37% (1607/4341)   Receiving objects:  38% (1650/4341)   Receiving objects:  39% (1693/4341)   Receiving objects:  40% (1737/4341)   Receiving objects:  41% (1780/4341)   Receiving objects:  42% (1824/4341)   Receiving objects:  43% (1867/4341)   Receiving objects:  44% (1911/4341)   Receiving objects:  45% (1954/4341)   Receiving objects:  46% (1997/4341)   Receiving objects:  47% (2041/4341)   Receiving objects:  48% (2084/4341)   Receiving objects:  49% (2128/4341)   Receiving objects:  50% (2171/4341)   Receiving objects:  51% (2214/4341)   Receiving objects:  52% (2258/4341)   Receiving objects:  53% (2301/4341)   Receiving objects:  54% (2345/4341)   Receiving objects:  55% (2388/4341)   Receiving objects:  56% (2431/4341)   Receiving objects:  57% (2475/4341)   Receiving objects:  58% (2518/4341)   Receiving objects:  59% (2562/4341)   Receiving objects:  60% (2605/4341)   Receiving objects:  61% (2649/4341)   Receiving objects:  62% (2692/4341)   Receiving objects:  63% (2735/4341)   Receiving objects:  64% (2779/4341)   Receiving objects:  65% (2822/4341)   Receiving objects:  66% (2866/4341)   Receiving objects:  67% (2909/4341)   Receiving objects:  68% (2952/4341)   Receiving objects:  69% (2996/4341)   Receiving objects:  70% (3039/4341)   Receiving objects:  71% (3083/4341)   Receiving objects:  72% (3126/4341)   Receiving objects:  73% (3169/4341)   Receiving objects:  74% (3213/4341)   Receiving objects:  75% (3256/4341)   Receiving objects:  76% (3300/4341)   Receiving objects:  77% (3343/4341)   Receiving objects:  78% (3386/4341)   Receiving objects:  79% (3430/4341)   Receiving objects:  80% (3473/4341)   Receiving objects:  81% (3517/4341)   Receiving objects:  82% (3560/4341)   Receiving objects:  83% (3604/4341)   Receiving objects:  84% (3647/4341)   Receiving objects:  85% (3690/4341)   Receiving objects:  86% (3734/4341)   Receiving objects:  87% (3777/4341)   Receiving objects:  88% (3821/4341)   Receiving objects:  89% (3864/4341)   Receiving objects:  90% (3907/4341)   Receiving objects:  91% (3951/4341)   Receiving objects:  92% (3994/4341)   Receiving objects:  93% (4038/4341)   Receiving objects:  94% (4081/4341)   Receiving objects:  95% (4124/4341)   Receiving objects:  96% (4168/4341)   Receiving objects:  97% (4211/4341)   remote: Total 4341 (delta 0), reused 0 (delta 0), pack-reused 4341[K
Receiving objects:  98% (4255/4341)   Receiving objects:  99% (4298/4341)   Receiving objects: 100% (4341/4341)   Receiving objects: 100% (4341/4341), 3.26 MiB | 0 bytes/s, done.
Resolving deltas:   0% (0/1589)   Resolving deltas:   1% (16/1589)   Resolving deltas:   2% (32/1589)   Resolving deltas:   3% (48/1589)   Resolving deltas:   4% (64/1589)   Resolving deltas:   5% (83/1589)   Resolving deltas:   7% (121/1589)   Resolving deltas:   8% (131/1589)   Resolving deltas:   9% (144/1589)   Resolving deltas:  11% (180/1589)   Resolving deltas:  12% (197/1589)   Resolving deltas:  17% (284/1589)   Resolving deltas:  19% (309/1589)   Resolving deltas:  24% (384/1589)   Resolving deltas:  25% (402/1589)   Resolving deltas:  26% (416/1589)   Resolving deltas:  27% (430/1589)   Resolving deltas:  28% (447/1589)   Resolving deltas:  29% (469/1589)   Resolving deltas:  30% (477/1589)   Resolving deltas:  31% (495/1589)   Resolving deltas:  32% (510/1589)   Resolving deltas:  33% (528/1589)   Resolving deltas:  34% (544/1589)   Resolving deltas:  35% (560/1589)   Resolving deltas:  36% (573/1589)   Resolving deltas:  37% (592/1589)   Resolving deltas:  38% (605/1589)   Resolving deltas:  39% (621/1589)   Resolving deltas:  40% (636/1589)   Resolving deltas:  41% (652/1589)   Resolving deltas:  42% (668/1589)   Resolving deltas:  43% (685/1589)   Resolving deltas:  44% (701/1589)   Resolving deltas:  45% (718/1589)   Resolving deltas:  46% (735/1589)   Resolving deltas:  47% (751/1589)   Resolving deltas:  48% (764/1589)   Resolving deltas:  49% (790/1589)   Resolving deltas:  50% (795/1589)   Resolving deltas:  51% (812/1589)   Resolving deltas:  52% (827/1589)   Resolving deltas:  53% (845/1589)   Resolving deltas:  54% (862/1589)   Resolving deltas:  55% (879/1589)   Resolving deltas:  56% (890/1589)   Resolving deltas:  57% (911/1589)   Resolving deltas:  58% (922/1589)   Resolving deltas:  59% (946/1589)   Resolving deltas:  60% (954/1589)   Resolving deltas:  61% (973/1589)   Resolving deltas:  62% (989/1589)   Resolving deltas:  63% (1002/1589)   Resolving deltas:  64% (1017/1589)   Resolving deltas:  65% (1034/1589)   Resolving deltas:  66% (1052/1589)   Resolving deltas:  67% (1066/1589)   Resolving deltas:  68% (1083/1589)   Resolving deltas:  69% (1097/1589)   Resolving deltas:  70% (1114/1589)   Resolving deltas:  71% (1129/1589)   Resolving deltas:  72% (1145/1589)   Resolving deltas:  73% (1162/1589)   Resolving deltas:  74% (1176/1589)   Resolving deltas:  75% (1194/1589)   Resolving deltas:  76% (1209/1589)   Resolving deltas:  77% (1224/1589)   Resolving deltas:  78% (1240/1589)   Resolving deltas:  79% (1256/1589)   Resolving deltas:  80% (1274/1589)   Resolving deltas:  81% (1288/1589)   Resolving deltas:  82% (1306/1589)   Resolving deltas:  83% (1319/1589)   Resolving deltas:  84% (1340/1589)   Resolving deltas:  85% (1351/1589)   Resolving deltas:  86% (1367/1589)   Resolving deltas:  87% (1388/1589)   Resolving deltas:  88% (1399/1589)   Resolving deltas:  89% (1415/1589)   Resolving deltas:  90% (1431/1589)   Resolving deltas:  91% (1446/1589)   Resolving deltas:  92% (1463/1589)   Resolving deltas:  93% (1479/1589)   Resolving deltas:  94% (1498/1589)   Resolving deltas:  95% (1511/1589)   Resolving deltas:  96% (1527/1589)   Resolving deltas:  97% (1542/1589)   Resolving deltas:  98% (1565/1589)   Resolving deltas:  99% (1574/1589)   Resolving deltas: 100% (1589/1589)   Resolving deltas: 100% (1589/1589), done.
Checking connectivity... done.
Submodule path 'its/sources': checked out '4f1f094d3505e8ea70e70fa565e56ef45e2acfda'

travis_time:end:0096659d:start=1476198633930916500,finish=1476198634811105061,duration=880188561[0Ktravis_fold:end:git.submodule[0K
[33;1mThis job is running on container-based infrastructure, which does not allow use of 'sudo', setuid and setguid executables.[0m
[33;1mIf you require sudo, add 'sudo: required' to your .travis.yml[0m
[33;1mSee https://docs.travis-ci.com/user/workers/container-based-infrastructure/ for details.[0m

[33;1mSetting environment variables from repository settings[0m
$ export ARTIFACTORY_URL=[secure]
$ export ARTIFACTORY_DEPLOY_REPO=[secure]
$ export ARTIFACTORY_DEPLOY_USERNAME=[secure]
$ export ARTIFACTORY_DEPLOY_PASSWORD=[secure]
$ export GITHUB_TOKEN=[secure]
$ export SONAR_TOKEN=[secure]
$ export SONAR_HOST_URL=[secure]
$ export DEPLOY_PULL_REQUEST=true

[33;1mSetting environment variables from .travis.yml[0m
$ export TEST=ci

$ jdk_switcher use oraclejdk8
Switching to Oracle JDK8 (java-8-oracle), JAVA_HOME will be set to /usr/lib/jvm/java-8-oracle
travis_fold:start:cache.1[0KSetting up build cache
$ export CASHER_DIR=$HOME/.casher
travis_time:start:126e108c[0K$ Installing caching utilities

travis_time:end:126e108c:start=1476198636613254532,finish=1476198636659895710,duration=46641178[0Ktravis_time:start:100f97a4[0K
travis_time:end:100f97a4:start=1476198636664702132,finish=1476198636668051431,duration=3349299[0Ktravis_time:start:0a0f7010[0K[32;1mattempting to download cache archive[0m
[32;1mfetching SONARPHP-601/cache-linux-precise-aaf0f2a7697dc26eaa8f7fe2f6db204894f90918909ca69314e3747c529d7f1c--jdk-oraclejdk8.tgz[0m
[32;1mfetching SONARPHP-601/cache--jdk-oraclejdk8.tgz[0m
[32;1mfetching master/cache-linux-precise-aaf0f2a7697dc26eaa8f7fe2f6db204894f90918909ca69314e3747c529d7f1c--jdk-oraclejdk8.tgz[0m
[32;1mfound cache[0m

travis_time:end:0a0f7010:start=1476198636671864303,finish=1476198638002275073,duration=1330410770[0Ktravis_time:start:002ebefc[0K
travis_time:end:002ebefc:start=1476198638006331403,finish=1476198638009759535,duration=3428132[0Ktravis_time:start:14f58b15[0K[32;1madding /home/travis/.m2/repository to cache[0m

travis_time:end:14f58b15:start=1476198638013688847,finish=1476198639593928848,duration=1580240001[0Ktravis_fold:end:cache.1[0K$ java -Xmx32m -version
java version "1.8.0_31"
Java(TM) SE Runtime Environment (build 1.8.0_31-b13)
Java HotSpot(TM) 64-Bit Server VM (build 25.31-b07, mixed mode)
$ javac -J-Xmx32m -version
javac 1.8.0_31
travis_fold:start:install[0Ktravis_time:start:2e7f2e24[0K$ true

travis_time:end:2e7f2e24:start=1476198640147097505,finish=1476198640150225635,duration=3128130[0Ktravis_fold:end:install[0Ktravis_time:start:0cfb268d[0K$ ./travis.sh
Copy public Maven settings
Setting .npmrc
======= Build, no analysis, no deploy
Java HotSpot(TM) 64-Bit Server VM warning: ignoring option MaxPermSize=192m; support was removed in 8.0
Apache Maven 3.2.5 (12a6b3acb947671f09b81f49094c53f426d8cea1; 2014-12-14T17:29:23+00:00)
Maven home: /usr/local/maven
Java version: 1.8.0_31, vendor: Oracle Corporation
Java home: /usr/lib/jvm/java-8-oracle/jre
Default locale: en_US, platform encoding: UTF-8
OS name: "linux", version: "3.13.0-40-generic", arch: "amd64", family: "unix"
[INFO] Error stacktraces are turned on.
[INFO] Scanning for projects...
[INFO] ------------------------------------------------------------------------
[INFO] Reactor Build Order:
[INFO] 
[INFO] PHP
[INFO] PHP :: Frontend
[INFO] PHP :: Checks
[INFO] PHP :: Sonar Plugin
[INFO]                                                                         
[INFO] ------------------------------------------------------------------------
[INFO] Building PHP 2.9-SNAPSHOT
[INFO] ------------------------------------------------------------------------
[INFO] 
[INFO] --- buildnumber-maven-plugin:1.4:create (default) @ php ---
[INFO] Executing: /bin/sh -c cd '/home/travis/build/SonarSource/sonar-php' && 'git' 'rev-parse' '--verify' 'HEAD'
[INFO] Working directory: /home/travis/build/SonarSource/sonar-php
[INFO] Storing buildNumber: 11683fff0733bc6c209c2b8f8954025a093066cb at timestamp: 1476198644605
[WARNING] Cannot get the branch information from the git repository: 
Detecting the current branch failed: fatal: ref HEAD is not a symbolic ref

[INFO] Executing: /bin/sh -c cd '/home/travis/build/SonarSource/sonar-php' && 'git' 'rev-parse' '--verify' 'HEAD'
[INFO] Working directory: /home/travis/build/SonarSource/sonar-php
[INFO] Storing buildScmBranch: UNKNOWN
[INFO] 
[INFO] --- maven-enforcer-plugin:1.4.1:enforce (enforce) @ php ---
[INFO] 
[INFO] --- license-maven-plugin:2.11:check (enforce-license-headers) @ php ---
[INFO] Checking licenses...
[INFO] 
[INFO] --- maven-source-plugin:2.4:jar-no-fork (attach-sources) @ php ---
[INFO]                                                                         
[INFO] ------------------------------------------------------------------------
[INFO] Building PHP :: Frontend 2.9-SNAPSHOT
[INFO] ------------------------------------------------------------------------
[INFO] 
[INFO] --- buildnumber-maven-plugin:1.4:create (default) @ php-frontend ---
[INFO] 
[INFO] --- maven-enforcer-plugin:1.4.1:enforce (enforce) @ php-frontend ---
[INFO] 
[INFO] --- license-maven-plugin:2.11:check (enforce-license-headers) @ php-frontend ---
[INFO] Checking licenses...
[INFO] 
[INFO] --- maven-resources-plugin:2.7:resources (default-resources) @ php-frontend ---
[INFO] Using 'UTF-8' encoding to copy filtered resources.
[INFO] skip non existing resourceDirectory /home/travis/build/SonarSource/sonar-php/php-frontend/src/main/resources
[INFO] 
[INFO] --- maven-compiler-plugin:3.5.1:compile (default-compile) @ php-frontend ---
[INFO] Changes detected - recompiling the module!
[INFO] Compiling 228 source files to /home/travis/build/SonarSource/sonar-php/php-frontend/target/classes
[INFO] /home/travis/build/SonarSource/sonar-php/php-frontend/src/main/java/org/sonar/php/tree/impl/lexical/InternalSyntaxToken.java: Some input files use unchecked or unsafe operations.
[INFO] /home/travis/build/SonarSource/sonar-php/php-frontend/src/main/java/org/sonar/php/tree/impl/lexical/InternalSyntaxToken.java: Recompile with -Xlint:unchecked for details.
[INFO] 
[INFO] --- maven-resources-plugin:2.7:testResources (default-testResources) @ php-frontend ---
[INFO] Using 'UTF-8' encoding to copy filtered resources.
[INFO] Copying 14 resources
[INFO] 
[INFO] --- maven-compiler-plugin:3.5.1:testCompile (default-testCompile) @ php-frontend ---
[INFO] Changes detected - recompiling the module!
[INFO] Compiling 204 source files to /home/travis/build/SonarSource/sonar-php/php-frontend/target/test-classes
[INFO] /home/travis/build/SonarSource/sonar-php/php-frontend/src/test/java/org/sonar/php/PHPTreeModelTest.java: Some input files use unchecked or unsafe operations.
[INFO] /home/travis/build/SonarSource/sonar-php/php-frontend/src/test/java/org/sonar/php/PHPTreeModelTest.java: Recompile with -Xlint:unchecked for details.
[INFO] 
[INFO] --- maven-surefire-plugin:2.18:test (default-test) @ php-frontend ---
[INFO] Surefire report directory: /home/travis/build/SonarSource/sonar-php/php-frontend/target/surefire-reports

-------------------------------------------------------
 T E S T S
-------------------------------------------------------
Running org.sonar.php.tree.impl.expression.PrefixExpressionTreeTest
Tests run: 7, Failures: 0, Errors: 0, Skipped: 0, Time elapsed: 0.999 sec - in org.sonar.php.tree.impl.expression.PrefixExpressionTreeTest
Running org.sonar.php.parser.statement.StaticVariableTest
Tests run: 1, Failures: 0, Errors: 0, Skipped: 0, Time elapsed: 0.034 sec - in org.sonar.php.parser.statement.StaticVariableTest
Running org.sonar.php.tree.impl.declaration.FunctionDeclarationTreeTest
Tests run: 3, Failures: 0, Errors: 0, Skipped: 0, Time elapsed: 0.105 sec - in org.sonar.php.tree.impl.declaration.FunctionDeclarationTreeTest
Running org.sonar.php.tree.impl.expression.CompoundVariableTreeTest
Tests run: 1, Failures: 0, Errors: 0, Skipped: 0, Time elapsed: 0.022 sec - in org.sonar.php.tree.impl.expression.CompoundVariableTreeTest
Running org.sonar.php.parser.declaration.TraitPrecedenceTest
Tests run: 1, Failures: 0, Errors: 0, Skipped: 0, Time elapsed: 0.012 sec - in org.sonar.php.parser.declaration.TraitPrecedenceTest
Running org.sonar.php.parser.expression.VariableWithoutObjectsTest
Tests run: 1, Failures: 0, Errors: 0, Skipped: 0, Time elapsed: 0.056 sec - in org.sonar.php.parser.expression.VariableWithoutObjectsTest
Running org.sonar.php.parser.statement.DoWhileStatementTest
Tests run: 1, Failures: 0, Errors: 0, Skipped: 0, Time elapsed: 0.013 sec - in org.sonar.php.parser.statement.DoWhileStatementTest
Running org.sonar.php.parser.declaration.TypeNameTest
Tests run: 1, Failures: 0, Errors: 0, Skipped: 0, Time elapsed: 0.177 sec - in org.sonar.php.parser.declaration.TypeNameTest
Running org.sonar.php.tree.symbols.UsagesTest
Tests run: 1, Failures: 0, Errors: 0, Skipped: 0, Time elapsed: 0.222 sec - in org.sonar.php.tree.symbols.UsagesTest
Running org.sonar.php.PHPAnalyzerTest
Tests run: 1, Failures: 0, Errors: 0, Skipped: 0, Time elapsed: 0.113 sec - in org.sonar.php.PHPAnalyzerTest
Running org.sonar.php.parser.statement.DeclareStatementTest
Tests run: 1, Failures: 0, Errors: 0, Skipped: 0, Time elapsed: 0.006 sec - in org.sonar.php.parser.statement.DeclareStatementTest
Running org.sonar.php.parser.statement.UseClauseTest
Tests run: 2, Failures: 0, Errors: 0, Skipped: 0, Time elapsed: 0.028 sec - in org.sonar.php.parser.statement.UseClauseTest
Running org.sonar.php.tree.impl.lexical.InternalSyntaxTokenTest
Tests run: 2, Failures: 0, Errors: 0, Skipped: 0, Time elapsed: 0.009 sec - in org.sonar.php.tree.impl.lexical.InternalSyntaxTokenTest
Running org.sonar.php.tree.impl.expression.CastExpressionTreeTest
Tests run: 1, Failures: 0, Errors: 0, Skipped: 0, Time elapsed: 0.002 sec - in org.sonar.php.tree.impl.expression.CastExpressionTreeTest
Running org.sonar.php.tree.impl.declaration.ClassDeclarationTreeTest
Tests run: 5, Failures: 0, Errors: 0, Skipped: 0, Time elapsed: 0.141 sec - in org.sonar.php.tree.impl.declaration.ClassDeclarationTreeTest
Running org.sonar.php.parser.statement.GotoStatementTest
Tests run: 1, Failures: 0, Errors: 0, Skipped: 0, Time elapsed: 0.014 sec - in org.sonar.php.parser.statement.GotoStatementTest
Running org.sonar.php.tree.impl.statement.GotoStatementTreeTest
Tests run: 1, Failures: 0, Errors: 0, Skipped: 0, Time elapsed: 0.031 sec - in org.sonar.php.tree.impl.statement.GotoStatementTreeTest
Running org.sonar.php.parser.expression.ExitExprTest
Tests run: 1, Failures: 0, Errors: 0, Skipped: 0, Time elapsed: 0 sec - in org.sonar.php.parser.expression.ExitExprTest
Running org.sonar.php.parser.declaration.TraitMethodReferenceFullyQualifiedTest
Tests run: 1, Failures: 0, Errors: 0, Skipped: 0, Time elapsed: 0 sec - in org.sonar.php.parser.declaration.TraitMethodReferenceFullyQualifiedTest
Running org.sonar.php.parser.expression.FunctionExpressionTest
Tests run: 1, Failures: 0, Errors: 0, Skipped: 0, Time elapsed: 0 sec - in org.sonar.php.parser.expression.FunctionExpressionTest
Running org.sonar.php.tree.impl.expression.SpreadArgumentTreeTest
Tests run: 1, Failures: 0, Errors: 0, Skipped: 0, Time elapsed: 0.002 sec - in org.sonar.php.tree.impl.expression.SpreadArgumentTreeTest
Running org.sonar.php.parser.statement.ForeachStatementTest
Tests run: 1, Failures: 0, Errors: 0, Skipped: 0, Time elapsed: 0.09 sec - in org.sonar.php.parser.statement.ForeachStatementTest
Running org.sonar.php.tree.impl.declaration.ParameterListTreeTest
Tests run: 2, Failures: 0, Errors: 0, Skipped: 0, Time elapsed: 0.04 sec - in org.sonar.php.tree.impl.declaration.ParameterListTreeTest
Running org.sonar.php.parser.expression.LogicalAndExpressionTest
Tests run: 1, Failures: 0, Errors: 0, Skipped: 0, Time elapsed: 0.006 sec - in org.sonar.php.parser.expression.LogicalAndExpressionTest
Running org.sonar.php.parser.expression.ConditionalExpressionTest
Tests run: 1, Failures: 0, Errors: 0, Skipped: 0, Time elapsed: 0.045 sec - in org.sonar.php.parser.expression.ConditionalExpressionTest
Running org.sonar.php.parser.expression.UnaryExprTest
Tests run: 1, Failures: 0, Errors: 0, Skipped: 0, Time elapsed: 0.024 sec - in org.sonar.php.parser.expression.UnaryExprTest
Running org.sonar.php.parser.statement.BlockTest
Tests run: 1, Failures: 0, Errors: 0, Skipped: 0, Time elapsed: 0.019 sec - in org.sonar.php.parser.statement.BlockTest
Running org.sonar.php.parser.expression.MultiplicativeExpressionTest
Tests run: 1, Failures: 0, Errors: 0, Skipped: 0, Time elapsed: 0 sec - in org.sonar.php.parser.expression.MultiplicativeExpressionTest
Running org.sonar.php.tree.impl.declaration.MethodDeclarationTreeTest
Tests run: 2, Failures: 0, Errors: 0, Skipped: 0, Time elapsed: 0.025 sec - in org.sonar.php.tree.impl.declaration.MethodDeclarationTreeTest
Running org.sonar.php.parser.expression.BooleanLiteralTest
Tests run: 1, Failures: 0, Errors: 0, Skipped: 0, Time elapsed: 0.016 sec - in org.sonar.php.parser.expression.BooleanLiteralTest
Running org.sonar.php.parser.declaration.TraitDeclarationTest
Tests run: 1, Failures: 0, Errors: 0, Skipped: 0, Time elapsed: 0.003 sec - in org.sonar.php.parser.declaration.TraitDeclarationTest
Running org.sonar.php.parser.expression.ArrayPairTest
Tests run: 1, Failures: 0, Errors: 0, Skipped: 0, Time elapsed: 0.02 sec - in org.sonar.php.parser.expression.ArrayPairTest
Running org.sonar.php.tree.impl.statement.YieldStatementTreeTest
Tests run: 1, Failures: 0, Errors: 0, Skipped: 0, Time elapsed: 0.017 sec - in org.sonar.php.tree.impl.statement.YieldStatementTreeTest
Running org.sonar.php.parser.expression.MemberExpressionTest
Tests run: 1, Failures: 0, Errors: 0, Skipped: 0, Time elapsed: 0.062 sec - in org.sonar.php.parser.expression.MemberExpressionTest
Running org.sonar.php.tree.impl.expression.YieldExpressionTreeTest
Tests run: 4, Failures: 0, Errors: 0, Skipped: 0, Time elapsed: 0.055 sec - in org.sonar.php.tree.impl.expression.YieldExpressionTreeTest
Running org.sonar.php.tree.impl.expression.VariableIdentifierTreeTest
Tests run: 1, Failures: 0, Errors: 0, Skipped: 0, Time elapsed: 0.011 sec - in org.sonar.php.tree.impl.expression.VariableIdentifierTreeTest
Running org.sonar.php.parser.expression.DimensionalOffsetTest
Tests run: 1, Failures: 0, Errors: 0, Skipped: 0, Time elapsed: 0.009 sec - in org.sonar.php.parser.expression.DimensionalOffsetTest
Running org.sonar.php.parser.statement.IfStatementTest
Tests run: 2, Failures: 0, Errors: 0, Skipped: 0, Time elapsed: 0.058 sec - in org.sonar.php.parser.statement.IfStatementTest
Running org.sonar.php.parser.expression.AnonymousClassTest
Tests run: 1, Failures: 0, Errors: 0, Skipped: 0, Time elapsed: 0.005 sec - in org.sonar.php.parser.expression.AnonymousClassTest
Running org.sonar.php.parser.statement.UnsetVariableStatementTest
Tests run: 1, Failures: 0, Errors: 0, Skipped: 0, Time elapsed: 0.008 sec - in org.sonar.php.parser.statement.UnsetVariableStatementTest
Running org.sonar.php.tree.impl.expression.ParenthesizedExpressionTreeTest
Tests run: 2, Failures: 0, Errors: 0, Skipped: 0, Time elapsed: 0.008 sec - in org.sonar.php.tree.impl.expression.ParenthesizedExpressionTreeTest
Running org.sonar.php.parser.expression.ArrayInitializerTest
Tests run: 1, Failures: 0, Errors: 0, Skipped: 0, Time elapsed: 0.016 sec - in org.sonar.php.parser.expression.ArrayInitializerTest
Running org.sonar.php.tree.visitors.PHPSubscriptionCheckTest
Tests run: 1, Failures: 0, Errors: 0, Skipped: 0, Time elapsed: 0.014 sec - in org.sonar.php.tree.visitors.PHPSubscriptionCheckTest
Running org.sonar.php.parser.expression.AdditiveExpressionTest
Tests run: 1, Failures: 0, Errors: 0, Skipped: 0, Time elapsed: 0.008 sec - in org.sonar.php.parser.expression.AdditiveExpressionTest
Running org.sonar.php.parser.declaration.ParameterListTest
Tests run: 1, Failures: 0, Errors: 0, Skipped: 0, Time elapsed: 0.007 sec - in org.sonar.php.parser.declaration.ParameterListTest
Running org.sonar.php.tree.impl.expression.AssignmentExpressionTreeTest
Tests run: 2, Failures: 0, Errors: 0, Skipped: 0, Time elapsed: 0.021 sec - in org.sonar.php.tree.impl.expression.AssignmentExpressionTreeTest
Running org.sonar.php.parser.declaration.ClassVariableDeclarationTest
Tests run: 1, Failures: 0, Errors: 0, Skipped: 0, Time elapsed: 0.003 sec - in org.sonar.php.parser.declaration.ClassVariableDeclarationTest
Running org.sonar.php.parser.declaration.FunctionDeclarationTest
Tests run: 1, Failures: 0, Errors: 0, Skipped: 0, Time elapsed: 0.019 sec - in org.sonar.php.parser.declaration.FunctionDeclarationTest
Running org.sonar.php.tree.impl.statement.SwitchClauseTreeTest
Tests run: 2, Failures: 0, Errors: 0, Skipped: 0, Time elapsed: 0.027 sec - in org.sonar.php.tree.impl.statement.SwitchClauseTreeTest
Running org.sonar.php.parser.expression.LogicalXorExpressionTest
Tests run: 1, Failures: 0, Errors: 0, Skipped: 0, Time elapsed: 0.003 sec - in org.sonar.php.parser.expression.LogicalXorExpressionTest
Running org.sonar.php.parser.expression.PrimaryExpressionTest
Tests run: 1, Failures: 0, Errors: 0, Skipped: 0, Time elapsed: 0.01 sec - in org.sonar.php.parser.expression.PrimaryExpressionTest
Running org.sonar.php.parser.expression.NamespaceNameTest
Tests run: 1, Failures: 0, Errors: 0, Skipped: 0, Time elapsed: 0.009 sec - in org.sonar.php.parser.expression.NamespaceNameTest
Running org.sonar.php.tree.impl.statement.InlineHTMLTreeTest
Tests run: 1, Failures: 0, Errors: 0, Skipped: 0, Time elapsed: 0.01 sec - in org.sonar.php.tree.impl.statement.InlineHTMLTreeTest
Running org.sonar.php.tree.impl.statement.BreakStatementTreeTest
Tests run: 2, Failures: 0, Errors: 0, Skipped: 0, Time elapsed: 0.019 sec - in org.sonar.php.tree.impl.statement.BreakStatementTreeTest
Running org.sonar.php.tree.impl.expression.AnonymousClassTreeTest
Tests run: 1, Failures: 0, Errors: 0, Skipped: 0, Time elapsed: 0.004 sec - in org.sonar.php.tree.impl.expression.AnonymousClassTreeTest
Running org.sonar.php.parser.expression.ShiftExpressionTest
Tests run: 1, Failures: 0, Errors: 0, Skipped: 0, Time elapsed: 0.007 sec - in org.sonar.php.parser.expression.ShiftExpressionTest
Running org.sonar.php.parser.expression.NewExpressionTest
Tests run: 1, Failures: 0, Errors: 0, Skipped: 0, Time elapsed: 0.003 sec - in org.sonar.php.parser.expression.NewExpressionTest
Running org.sonar.php.tree.impl.expression.ReferenceVariableTreeTest
Tests run: 1, Failures: 0, Errors: 0, Skipped: 0, Time elapsed: 0.017 sec - in org.sonar.php.tree.impl.expression.ReferenceVariableTreeTest
Running org.sonar.php.tree.impl.expression.ExpandableStringLiteralTreeTest
Tests run: 4, Failures: 0, Errors: 0, Skipped: 0, Time elapsed: 0.055 sec - in org.sonar.php.tree.impl.expression.ExpandableStringLiteralTreeTest
Running org.sonar.php.tree.impl.statement.ContinueStatementTreeTest
Tests run: 2, Failures: 0, Errors: 0, Skipped: 0, Time elapsed: 0.012 sec - in org.sonar.php.tree.impl.statement.ContinueStatementTreeTest
Running org.sonar.php.parser.declaration.MemberConstDeclarationTest
Tests run: 1, Failures: 0, Errors: 0, Skipped: 0, Time elapsed: 0.021 sec - in org.sonar.php.parser.declaration.MemberConstDeclarationTest
Running org.sonar.php.parser.expression.BitwiseXorExpressionTest
Tests run: 1, Failures: 0, Errors: 0, Skipped: 0, Time elapsed: 0.004 sec - in org.sonar.php.parser.expression.BitwiseXorExpressionTest
Running org.sonar.php.parser.declaration.TraitMethodReferenceTest
Tests run: 1, Failures: 0, Errors: 0, Skipped: 0, Time elapsed: 0.003 sec - in org.sonar.php.parser.declaration.TraitMethodReferenceTest
Running org.sonar.php.tree.impl.expression.ConditionalExpressionTreeTest
Tests run: 2, Failures: 0, Errors: 0, Skipped: 0, Time elapsed: 0.011 sec - in org.sonar.php.tree.impl.expression.ConditionalExpressionTreeTest
Running org.sonar.php.tree.impl.expression.ArrayInitializerBracketTreeTest
Tests run: 3, Failures: 0, Errors: 0, Skipped: 0, Time elapsed: 0.013 sec - in org.sonar.php.tree.impl.expression.ArrayInitializerBracketTreeTest
Running org.sonar.php.parser.expression.ObjectDimListTest
Tests run: 1, Failures: 0, Errors: 0, Skipped: 0, Time elapsed: 0.008 sec - in org.sonar.php.parser.expression.ObjectDimListTest
Running org.sonar.php.tree.impl.expression.ListExpressionTreeTest
Tests run: 4, Failures: 0, Errors: 0, Skipped: 0, Time elapsed: 0.019 sec - in org.sonar.php.tree.impl.expression.ListExpressionTreeTest
Running org.sonar.php.parser.declaration.MemberModifierTest
Tests run: 1, Failures: 0, Errors: 0, Skipped: 0, Time elapsed: 0.004 sec - in org.sonar.php.parser.declaration.MemberModifierTest
Running org.sonar.php.tree.impl.statement.TryStatementTreeTest
Tests run: 2, Failures: 0, Errors: 0, Skipped: 0, Time elapsed: 0.011 sec - in org.sonar.php.tree.impl.statement.TryStatementTreeTest
Running org.sonar.php.tree.impl.statement.NamespaceStatementTreeTest
Tests run: 2, Failures: 0, Errors: 0, Skipped: 0, Time elapsed: 0.028 sec - in org.sonar.php.tree.impl.statement.NamespaceStatementTreeTest
Running org.sonar.php.parser.lexical.RegularStringLiteralTest
Tests run: 2, Failures: 0, Errors: 0, Skipped: 0, Time elapsed: 0.004 sec - in org.sonar.php.parser.lexical.RegularStringLiteralTest
Running org.sonar.php.tree.impl.expression.ExpandableStringCharactersTreeTest
Tests run: 1, Failures: 0, Errors: 0, Skipped: 0, Time elapsed: 0.002 sec - in org.sonar.php.tree.impl.expression.ExpandableStringCharactersTreeTest
Running org.sonar.php.parser.statement.YieldStatementTest
Tests run: 1, Failures: 0, Errors: 0, Skipped: 0, Time elapsed: 0.01 sec - in org.sonar.php.parser.statement.YieldStatementTest
Running org.sonar.php.tree.symbols.ClassMemberUsagesTest
Tests run: 8, Failures: 0, Errors: 0, Skipped: 0, Time elapsed: 0.844 sec - in org.sonar.php.tree.symbols.ClassMemberUsagesTest
Running org.sonar.php.parser.statement.SwitchStatementTest
Tests run: 1, Failures: 0, Errors: 0, Skipped: 0, Time elapsed: 0.007 sec - in org.sonar.php.parser.statement.SwitchStatementTest
Running org.sonar.php.parser.expression.YieldExpressionTest
Tests run: 1, Failures: 0, Errors: 0, Skipped: 0, Time elapsed: 0.003 sec - in org.sonar.php.parser.expression.YieldExpressionTest
Running org.sonar.php.parser.declaration.InterfaceDeclarationTest
Tests run: 1, Failures: 0, Errors: 0, Skipped: 0, Time elapsed: 0.025 sec - in org.sonar.php.parser.declaration.InterfaceDeclarationTest
Running org.sonar.php.tree.impl.statement.ExpressionStatementTreeTest
Tests run: 1, Failures: 0, Errors: 0, Skipped: 0, Time elapsed: 0.002 sec - in org.sonar.php.tree.impl.statement.ExpressionStatementTreeTest
Running org.sonar.php.tree.impl.statement.EmptyStatementTreeTest
Tests run: 1, Failures: 0, Errors: 0, Skipped: 0, Time elapsed: 0.002 sec - in org.sonar.php.tree.impl.statement.EmptyStatementTreeTest
Running org.sonar.php.tree.impl.expression.ArrayAccessTreeTest
Tests run: 2, Failures: 0, Errors: 0, Skipped: 0, Time elapsed: 0.025 sec - in org.sonar.php.tree.impl.expression.ArrayAccessTreeTest
Running org.sonar.php.parser.expression.LexicalVarTest
Tests run: 1, Failures: 0, Errors: 0, Skipped: 0, Time elapsed: 0.002 sec - in org.sonar.php.parser.expression.LexicalVarTest
Running org.sonar.php.tree.impl.declaration.ConstantDeclarationTreeTest
Tests run: 1, Failures: 0, Errors: 0, Skipped: 0, Time elapsed: 0.006 sec - in org.sonar.php.tree.impl.declaration.ConstantDeclarationTreeTest
Running org.sonar.php.parser.expression.BitwiseAndExpressionTest
Tests run: 1, Failures: 0, Errors: 0, Skipped: 0, Time elapsed: 0.005 sec - in org.sonar.php.parser.expression.BitwiseAndExpressionTest
Running org.sonar.php.parser.statement.GlobalStatementTest
Tests run: 1, Failures: 0, Errors: 0, Skipped: 0, Time elapsed: 0.003 sec - in org.sonar.php.parser.statement.GlobalStatementTest
Running org.sonar.plugins.php.api.tests.PhpCheckTestUtilsTest
Tests run: 16, Failures: 0, Errors: 0, Skipped: 0, Time elapsed: 0.055 sec - in org.sonar.plugins.php.api.tests.PhpCheckTestUtilsTest
Running org.sonar.php.metrics.MetricsVisitorTest
Tests run: 1, Failures: 0, Errors: 0, Skipped: 0, Time elapsed: 0.219 sec - in org.sonar.php.metrics.MetricsVisitorTest
Running org.sonar.php.parser.lexical.VarIdentifierTest
Tests run: 1, Failures: 0, Errors: 0, Skipped: 0, Time elapsed: 0.002 sec - in org.sonar.php.parser.lexical.VarIdentifierTest
Running org.sonar.php.tree.impl.statement.ForEachStatementTreeTest
Tests run: 3, Failures: 0, Errors: 0, Skipped: 0, Time elapsed: 0.028 sec - in org.sonar.php.tree.impl.statement.ForEachStatementTreeTest
Running org.sonar.php.parser.statement.TryStatementTest
Tests run: 1, Failures: 0, Errors: 0, Skipped: 0, Time elapsed: 0.021 sec - in org.sonar.php.parser.statement.TryStatementTest
Running org.sonar.php.parser.expression.ExpandableStringLiteralTest
Tests run: 2, Failures: 0, Errors: 0, Skipped: 0, Time elapsed: 0.007 sec - in org.sonar.php.parser.expression.ExpandableStringLiteralTest
Running org.sonar.php.metrics.CounterVisitorTest
Tests run: 3, Failures: 0, Errors: 0, Skipped: 0, Time elapsed: 0.044 sec - in org.sonar.php.metrics.CounterVisitorTest
Running org.sonar.php.parser.expression.StaticMemberAccessTest
Tests run: 1, Failures: 0, Errors: 0, Skipped: 0, Time elapsed: 0.003 sec - in org.sonar.php.parser.expression.StaticMemberAccessTest
Running org.sonar.php.parser.declaration.ConstantDeclarationTest
Tests run: 1, Failures: 0, Errors: 0, Skipped: 0, Time elapsed: 0.003 sec - in org.sonar.php.parser.declaration.ConstantDeclarationTest
Running org.sonar.php.tree.impl.statement.BlockTreeTest
Tests run: 2, Failures: 0, Errors: 0, Skipped: 0, Time elapsed: 0.023 sec - in org.sonar.php.tree.impl.statement.BlockTreeTest
Running org.sonar.php.tree.impl.expression.FunctionCallTreeTest
Tests run: 2, Failures: 0, Errors: 0, Skipped: 0, Time elapsed: 0.007 sec - in org.sonar.php.tree.impl.expression.FunctionCallTreeTest
Running org.sonar.php.tree.impl.declaration.UseStatementTreeTest
Tests run: 5, Failures: 0, Errors: 0, Skipped: 0, Time elapsed: 0.013 sec - in org.sonar.php.tree.impl.declaration.UseStatementTreeTest
Running org.sonar.php.parser.statement.ThrowStatementTest
Tests run: 1, Failures: 0, Errors: 0, Skipped: 0, Time elapsed: 0.002 sec - in org.sonar.php.parser.statement.ThrowStatementTest
Running org.sonar.php.parser.declaration.ClassMemberTest
Tests run: 1, Failures: 0, Errors: 0, Skipped: 0, Time elapsed: 0.004 sec - in org.sonar.php.parser.declaration.ClassMemberTest
Running org.sonar.php.tree.impl.expression.NewExpressionTreeTest
Tests run: 1, Failures: 0, Errors: 0, Skipped: 0, Time elapsed: 0.002 sec - in org.sonar.php.tree.impl.expression.NewExpressionTreeTest
Running org.sonar.php.tree.impl.statement.ThrowStatementTreeTest
Tests run: 1, Failures: 0, Errors: 0, Skipped: 0, Time elapsed: 0.003 sec - in org.sonar.php.tree.impl.statement.ThrowStatementTreeTest
Running org.sonar.php.parser.lexical.EncapsStringLiteralTest
Tests run: 1, Failures: 0, Errors: 0, Skipped: 0, Time elapsed: 0.002 sec - in org.sonar.php.parser.lexical.EncapsStringLiteralTest
Running org.sonar.php.tree.impl.statement.ReturnStatementTreeTest
Tests run: 2, Failures: 0, Errors: 0, Skipped: 0, Time elapsed: 0.005 sec - in org.sonar.php.tree.impl.statement.ReturnStatementTreeTest
Running org.sonar.php.parser.statement.EOSTest
Tests run: 1, Failures: 0, Errors: 0, Skipped: 0, Time elapsed: 0.001 sec - in org.sonar.php.parser.statement.EOSTest
Running org.sonar.php.parser.expression.BitwiseOrExpressionTest
Tests run: 1, Failures: 0, Errors: 0, Skipped: 0, Time elapsed: 0.002 sec - in org.sonar.php.parser.expression.BitwiseOrExpressionTest
Running org.sonar.php.tree.impl.expression.LiteralTreeTest
Tests run: 6, Failures: 0, Errors: 0, Skipped: 0, Time elapsed: 0.021 sec - in org.sonar.php.tree.impl.expression.LiteralTreeTest
Running org.sonar.php.parser.expression.SimpleEncapsVariableTest
Tests run: 3, Failures: 0, Errors: 0, Skipped: 0, Time elapsed: 0.007 sec - in org.sonar.php.parser.expression.SimpleEncapsVariableTest
Running org.sonar.php.parser.statement.ReturnStatementTest
Tests run: 1, Failures: 0, Errors: 0, Skipped: 0, Time elapsed: 0.002 sec - in org.sonar.php.parser.statement.ReturnStatementTest
Running org.sonar.php.tree.impl.declaration.TraitMethodReferenceTreeTest
Tests run: 2, Failures: 0, Errors: 0, Skipped: 0, Time elapsed: 0.004 sec - in org.sonar.php.tree.impl.declaration.TraitMethodReferenceTreeTest
Running org.sonar.php.parser.declaration.ClassDeclarationTest
Tests run: 1, Failures: 0, Errors: 0, Skipped: 0, Time elapsed: 0.002 sec - in org.sonar.php.parser.declaration.ClassDeclarationTest
Running org.sonar.php.highlighter.SymbolHighlighterTest
Tests run: 5, Failures: 0, Errors: 0, Skipped: 0, Time elapsed: 0.249 sec - in org.sonar.php.highlighter.SymbolHighlighterTest
Running org.sonar.php.parser.expression.CommonScalarTest
Tests run: 1, Failures: 0, Errors: 0, Skipped: 0, Time elapsed: 0.025 sec - in org.sonar.php.parser.expression.CommonScalarTest
Running org.sonar.php.parser.expression.ConcatenationExpressionTest
Tests run: 1, Failures: 0, Errors: 0, Skipped: 0, Time elapsed: 0.013 sec - in org.sonar.php.parser.expression.ConcatenationExpressionTest
Running org.sonar.php.tree.impl.expression.PostfixExpressionTreeTest
Tests run: 2, Failures: 0, Errors: 0, Skipped: 0, Time elapsed: 0.012 sec - in org.sonar.php.tree.impl.expression.PostfixExpressionTreeTest
Running org.sonar.php.metrics.LineVisitorTest
Tests run: 3, Failures: 0, Errors: 0, Skipped: 0, Time elapsed: 0.031 sec - in org.sonar.php.metrics.LineVisitorTest
Running org.sonar.php.tree.impl.expression.ComputedVariableTreeTest
Tests run: 1, Failures: 0, Errors: 0, Skipped: 0, Time elapsed: 0.006 sec - in org.sonar.php.tree.impl.expression.ComputedVariableTreeTest
Running org.sonar.php.parser.lexical.IdentifierTest
Tests run: 1, Failures: 0, Errors: 0, Skipped: 0, Time elapsed: 0.006 sec - in org.sonar.php.parser.lexical.IdentifierTest
Running org.sonar.php.tree.impl.ScriptTreeTest
Tests run: 3, Failures: 0, Errors: 0, Skipped: 0, Time elapsed: 0.021 sec - in org.sonar.php.tree.impl.ScriptTreeTest
Running org.sonar.php.parser.lexical.InlineHtmlTest
Tests run: 2, Failures: 0, Errors: 0, Skipped: 0, Time elapsed: 0.005 sec - in org.sonar.php.parser.lexical.InlineHtmlTest
Running org.sonar.php.parser.statement.EmptyStatementTest
Tests run: 1, Failures: 0, Errors: 0, Skipped: 0, Time elapsed: 0.002 sec - in org.sonar.php.parser.statement.EmptyStatementTest
Running org.sonar.php.parser.statement.NamespaceStatementTest
Tests run: 1, Failures: 0, Errors: 0, Skipped: 0, Time elapsed: 0.002 sec - in org.sonar.php.parser.statement.NamespaceStatementTest
Running org.sonar.php.parser.lexical.FileOpeningTagTest
Tests run: 1, Failures: 0, Errors: 0, Skipped: 0, Time elapsed: 0.001 sec - in org.sonar.php.parser.lexical.FileOpeningTagTest
Running org.sonar.php.tree.impl.expression.ArrayInitializerFunctionTreeTest
Tests run: 3, Failures: 0, Errors: 0, Skipped: 0, Time elapsed: 0.007 sec - in org.sonar.php.tree.impl.expression.ArrayInitializerFunctionTreeTest
Running org.sonar.php.tree.impl.statement.IfStatementTreeTest
Tests run: 4, Failures: 0, Errors: 0, Skipped: 0, Time elapsed: 0.016 sec - in org.sonar.php.tree.impl.statement.IfStatementTreeTest
Running org.sonar.php.parser.declaration.ParameterTest
Tests run: 1, Failures: 0, Errors: 0, Skipped: 0, Time elapsed: 0.003 sec - in org.sonar.php.parser.declaration.ParameterTest
Running org.sonar.php.parser.expression.ListExpressionTest
Tests run: 1, Failures: 0, Errors: 0, Skipped: 0, Time elapsed: 0.003 sec - in org.sonar.php.parser.expression.ListExpressionTest
Running org.sonar.php.parser.lexical.NumericLiteralTest
Tests run: 1, Failures: 0, Errors: 0, Skipped: 0, Time elapsed: 0.002 sec - in org.sonar.php.parser.lexical.NumericLiteralTest
Running org.sonar.php.parser.expression.LexicalVarsTest
Tests run: 1, Failures: 0, Errors: 0, Skipped: 0, Time elapsed: 0.002 sec - in org.sonar.php.parser.expression.LexicalVarsTest
Running org.sonar.php.parser.ScriptTest
Tests run: 1, Failures: 0, Errors: 0, Skipped: 0, Time elapsed: 0.003 sec - in org.sonar.php.parser.ScriptTest
Running org.sonar.php.tree.impl.statement.SwitchStatementTreeTest
Tests run: 2, Failures: 0, Errors: 0, Skipped: 0, Time elapsed: 0.007 sec - in org.sonar.php.tree.impl.statement.SwitchStatementTreeTest
Running org.sonar.php.parser.expression.RelationalExpressionTest
Tests run: 1, Failures: 0, Errors: 0, Skipped: 0, Time elapsed: 0.003 sec - in org.sonar.php.parser.expression.RelationalExpressionTest
Running org.sonar.php.parser.lexical.HeredocTest
Tests run: 1, Failures: 0, Errors: 0, Skipped: 0, Time elapsed: 0.002 sec - in org.sonar.php.parser.lexical.HeredocTest
Running org.sonar.php.parser.statement.GlobalVarTest
Tests run: 1, Failures: 0, Errors: 0, Skipped: 0, Time elapsed: 0.004 sec - in org.sonar.php.parser.statement.GlobalVarTest
Running org.sonar.php.tree.symbols.ScopeTest
Tests run: 8, Failures: 0, Errors: 0, Skipped: 0, Time elapsed: 0.107 sec - in org.sonar.php.tree.symbols.ScopeTest
Running org.sonar.php.tree.impl.expression.LexicalVariablesTreeTest
Tests run: 2, Failures: 0, Errors: 0, Skipped: 0, Time elapsed: 0.004 sec - in org.sonar.php.tree.impl.expression.LexicalVariablesTreeTest
Running org.sonar.php.tree.impl.declaration.TypeNameTreeTest
Tests run: 4, Failures: 0, Errors: 0, Skipped: 0, Time elapsed: 0.007 sec - in org.sonar.php.tree.impl.declaration.TypeNameTreeTest
Running org.sonar.php.parser.expression.InternalFunctionTest
Tests run: 1, Failures: 0, Errors: 0, Skipped: 0, Time elapsed: 0.003 sec - in org.sonar.php.parser.expression.InternalFunctionTest
Running org.sonar.php.tree.impl.declaration.NamespaceNameTreeTest
Tests run: 4, Failures: 0, Errors: 0, Skipped: 0, Time elapsed: 0.018 sec - in org.sonar.php.tree.impl.declaration.NamespaceNameTreeTest
Running org.sonar.php.parser.expression.EncapsVarTest
Tests run: 1, Failures: 0, Errors: 0, Skipped: 0, Time elapsed: 0.003 sec - in org.sonar.php.parser.expression.EncapsVarTest
Running org.sonar.php.tree.impl.declaration.UseTraitDeclarationTreeTest
Tests run: 2, Failures: 0, Errors: 0, Skipped: 0, Time elapsed: 0.004 sec - in org.sonar.php.tree.impl.declaration.UseTraitDeclarationTreeTest
Running org.sonar.php.parser.statement.EchoStatementTest
Tests run: 1, Failures: 0, Errors: 0, Skipped: 0, Time elapsed: 0.003 sec - in org.sonar.php.parser.statement.EchoStatementTest
Running org.sonar.php.parser.expression.ListAssignmentExpressionTest
Tests run: 1, Failures: 0, Errors: 0, Skipped: 0, Time elapsed: 0.003 sec - in org.sonar.php.parser.expression.ListAssignmentExpressionTest
Running org.sonar.php.parser.expression.ObjectMemberAccessTest
Tests run: 1, Failures: 0, Errors: 0, Skipped: 0, Time elapsed: 0.003 sec - in org.sonar.php.parser.expression.ObjectMemberAccessTest
Running org.sonar.php.metrics.CommentLineVisitorTest
Tests run: 1, Failures: 0, Errors: 0, Skipped: 0, Time elapsed: 0.005 sec - in org.sonar.php.metrics.CommentLineVisitorTest
Running org.sonar.php.highlighter.SyntaxHighlighterVisitorTest
Tests run: 11, Failures: 0, Errors: 0, Skipped: 0, Time elapsed: 0.023 sec - in org.sonar.php.highlighter.SyntaxHighlighterVisitorTest
Running org.sonar.php.parser.declaration.UseTraitDeclarationTest
Tests run: 1, Failures: 0, Errors: 0, Skipped: 0, Time elapsed: 0.002 sec - in org.sonar.php.parser.declaration.UseTraitDeclarationTest
Running org.sonar.php.tree.impl.expression.ArrayPairTreeTest
Tests run: 2, Failures: 0, Errors: 0, Skipped: 0, Time elapsed: 0.333 sec - in org.sonar.php.tree.impl.expression.ArrayPairTreeTest
Running org.sonar.php.metrics.ComplexityVisitorTest
Tests run: 4, Failures: 0, Errors: 0, Skipped: 0, Time elapsed: 0.054 sec - in org.sonar.php.metrics.ComplexityVisitorTest
Running org.sonar.php.parser.expression.AssignmentExpressionTest
Tests run: 1, Failures: 0, Errors: 0, Skipped: 0, Time elapsed: 0.039 sec - in org.sonar.php.parser.expression.AssignmentExpressionTest
Running org.sonar.php.tree.impl.declaration.ParameterTreeTest
Tests run: 2, Failures: 0, Errors: 0, Skipped: 0, Time elapsed: 0.004 sec - in org.sonar.php.tree.impl.declaration.ParameterTreeTest
Running org.sonar.php.tree.impl.expression.MemberAccessTreeTest
Tests run: 2, Failures: 0, Errors: 0, Skipped: 0, Time elapsed: 0.003 sec - in org.sonar.php.tree.impl.expression.MemberAccessTreeTest
Running org.sonar.php.tree.impl.statement.GlobalStatementTreeTest
Tests run: 1, Failures: 0, Errors: 0, Skipped: 0, Time elapsed: 0.026 sec - in org.sonar.php.tree.impl.statement.GlobalStatementTreeTest
Running org.sonar.php.parser.expression.SemiComplexEncapsVariableTest
Tests run: 3, Failures: 0, Errors: 0, Skipped: 0, Time elapsed: 0.024 sec - in org.sonar.php.parser.expression.SemiComplexEncapsVariableTest
Running org.sonar.php.parser.statement.BreakStatementTest
Tests run: 1, Failures: 0, Errors: 0, Skipped: 0, Time elapsed: 0.001 sec - in org.sonar.php.parser.statement.BreakStatementTest
Running org.sonar.php.parser.declaration.TraitAliasTest
Tests run: 1, Failures: 0, Errors: 0, Skipped: 0, Time elapsed: 0.001 sec - in org.sonar.php.parser.declaration.TraitAliasTest
Running org.sonar.plugins.php.api.PHPCustomRulesDefinitionTest
Tests run: 1, Failures: 0, Errors: 0, Skipped: 0, Time elapsed: 0.116 sec - in org.sonar.plugins.php.api.PHPCustomRulesDefinitionTest
Running org.sonar.php.parser.statement.ContinueStatementTest
Tests run: 1, Failures: 0, Errors: 0, Skipped: 0, Time elapsed: 0.015 sec - in org.sonar.php.parser.statement.ContinueStatementTest
Running org.sonar.php.parser.statement.UseStatementTest
Tests run: 2, Failures: 0, Errors: 0, Skipped: 0, Time elapsed: 0.006 sec - in org.sonar.php.parser.statement.UseStatementTest
Running org.sonar.php.tree.impl.expression.VariableVariableTreeTest
Tests run: 2, Failures: 0, Errors: 0, Skipped: 0, Time elapsed: 0.02 sec - in org.sonar.php.tree.impl.expression.VariableVariableTreeTest
Running org.sonar.php.tree.impl.statement.ElseClauseTreeTest
Tests run: 2, Failures: 0, Errors: 0, Skipped: 0, Time elapsed: 0.005 sec - in org.sonar.php.tree.impl.statement.ElseClauseTreeTest
Running org.sonar.php.parser.statement.StaticStatementTest
Tests run: 1, Failures: 0, Errors: 0, Skipped: 0, Time elapsed: 0.011 sec - in org.sonar.php.parser.statement.StaticStatementTest
Running org.sonar.php.parser.expression.LogicalOrExpressionTest
Tests run: 1, Failures: 0, Errors: 0, Skipped: 0, Time elapsed: 0.011 sec - in org.sonar.php.parser.expression.LogicalOrExpressionTest
Running org.sonar.php.tree.impl.declaration.UseDeclarationTreeTest
Tests run: 2, Failures: 0, Errors: 0, Skipped: 0, Time elapsed: 0.004 sec - in org.sonar.php.tree.impl.declaration.UseDeclarationTreeTest
Running org.sonar.php.parser.expression.StaticScalarTest
Tests run: 1, Failures: 0, Errors: 0, Skipped: 0, Time elapsed: 0.003 sec - in org.sonar.php.parser.expression.StaticScalarTest
Running org.sonar.php.tree.impl.expression.BinaryExpressionTreeTest
Tests run: 15, Failures: 0, Errors: 0, Skipped: 0, Time elapsed: 0.058 sec - in org.sonar.php.tree.impl.expression.BinaryExpressionTreeTest
Running org.sonar.php.parser.statement.WhileStatementTest
Tests run: 1, Failures: 0, Errors: 0, Skipped: 0, Time elapsed: 0.004 sec - in org.sonar.php.parser.statement.WhileStatementTest
Running org.sonar.php.tree.impl.statement.LabelTreeTest
Tests run: 1, Failures: 0, Errors: 0, Skipped: 0, Time elapsed: 0.003 sec - in org.sonar.php.tree.impl.statement.LabelTreeTest
Running org.sonar.php.tree.impl.declaration.ClassPropertyDeclarationTreeTest
Tests run: 2, Failures: 0, Errors: 0, Skipped: 0, Time elapsed: 0.006 sec - in org.sonar.php.tree.impl.declaration.ClassPropertyDeclarationTreeTest
Running org.sonar.php.parser.statement.StatementTest
Tests run: 3, Failures: 0, Errors: 0, Skipped: 0, Time elapsed: 0.009 sec - in org.sonar.php.parser.statement.StatementTest
Running org.sonar.php.parser.expression.PostfixExprTest
Tests run: 1, Failures: 0, Errors: 0, Skipped: 0, Time elapsed: 0.003 sec - in org.sonar.php.parser.expression.PostfixExprTest
Running org.sonar.php.parser.declaration.ClassConstDeclarationTest
Tests run: 1, Failures: 0, Errors: 0, Skipped: 0, Time elapsed: 0.002 sec - in org.sonar.php.parser.declaration.ClassConstDeclarationTest
Running org.sonar.php.parser.expression.ComplexEncapsVariableTest
Tests run: 3, Failures: 0, Errors: 0, Skipped: 0, Time elapsed: 0.009 sec - in org.sonar.php.parser.expression.ComplexEncapsVariableTest
Running org.sonar.php.parser.statement.LabelTest
Tests run: 1, Failures: 0, Errors: 0, Skipped: 0, Time elapsed: 0.002 sec - in org.sonar.php.parser.statement.LabelTest
Running org.sonar.php.tree.impl.statement.StaticStatementTreeTest
Tests run: 1, Failures: 0, Errors: 0, Skipped: 0, Time elapsed: 0.005 sec - in org.sonar.php.tree.impl.statement.StaticStatementTreeTest
Running org.sonar.php.tree.impl.expression.FunctionExpressionTreeTest
Tests run: 5, Failures: 0, Errors: 0, Skipped: 0, Time elapsed: 0.014 sec - in org.sonar.php.tree.impl.expression.FunctionExpressionTreeTest
Running org.sonar.php.tree.impl.statement.CatchBlockTreeTest
Tests run: 1, Failures: 0, Errors: 0, Skipped: 0, Time elapsed: 0.003 sec - in org.sonar.php.tree.impl.statement.CatchBlockTreeTest
Running org.sonar.php.parser.expression.NullCoalescingExpressionTest
Tests run: 1, Failures: 0, Errors: 0, Skipped: 0, Time elapsed: 0.003 sec - in org.sonar.php.parser.expression.NullCoalescingExpressionTest
Running org.sonar.php.parser.declaration.MethodDeclarationTest
Tests run: 2, Failures: 0, Errors: 0, Skipped: 0, Time elapsed: 0.005 sec - in org.sonar.php.parser.declaration.MethodDeclarationTest
Running org.sonar.php.tree.impl.statement.UnsetVariableStatementTreeTest
Tests run: 1, Failures: 0, Errors: 0, Skipped: 0, Time elapsed: 0.002 sec - in org.sonar.php.tree.impl.statement.UnsetVariableStatementTreeTest
Running org.sonar.php.tree.symbols.SymbolTableImplTest
Tests run: 6, Failures: 0, Errors: 0, Skipped: 0, Time elapsed: 0.106 sec - in org.sonar.php.tree.symbols.SymbolTableImplTest
Running org.sonar.php.parser.KeywordTest
Tests run: 2, Failures: 0, Errors: 0, Skipped: 0, Time elapsed: 0.003 sec - in org.sonar.php.parser.KeywordTest
Running org.sonar.php.tree.impl.statement.ForStatementTreeTest
Tests run: 2, Failures: 0, Errors: 0, Skipped: 0, Time elapsed: 0.006 sec - in org.sonar.php.tree.impl.statement.ForStatementTreeTest
Running org.sonar.php.tree.impl.statement.ElseifClauseTreeTest
Tests run: 2, Failures: 0, Errors: 0, Skipped: 0, Time elapsed: 0.006 sec - in org.sonar.php.tree.impl.statement.ElseifClauseTreeTest
Running org.sonar.php.parser.statement.SwitchCaseClauseTest
Tests run: 1, Failures: 0, Errors: 0, Skipped: 0, Time elapsed: 0.003 sec - in org.sonar.php.parser.statement.SwitchCaseClauseTest
Running org.sonar.php.parser.expression.FunctionCallParameterListTest
Tests run: 1, Failures: 0, Errors: 0, Skipped: 0, Time elapsed: 0.003 sec - in org.sonar.php.parser.expression.FunctionCallParameterListTest
Running org.sonar.php.tree.impl.declaration.TraitPrecedenceTreeTest
Tests run: 1, Failures: 0, Errors: 0, Skipped: 0, Time elapsed: 0.002 sec - in org.sonar.php.tree.impl.declaration.TraitPrecedenceTreeTest
Running org.sonar.php.tree.impl.statement.WhileStatementTreeTest
Tests run: 2, Failures: 0, Errors: 0, Skipped: 0, Time elapsed: 0.004 sec - in org.sonar.php.tree.impl.statement.WhileStatementTreeTest
Running org.sonar.php.parser.CompilationUnitTest
Tests run: 1, Failures: 0, Errors: 0, Skipped: 0, Time elapsed: 0.003 sec - in org.sonar.php.parser.CompilationUnitTest
Running org.sonar.php.tree.visitors.PHPVisitorCheckTest
Tests run: 1, Failures: 0, Errors: 0, Skipped: 0, Time elapsed: 0.007 sec - in org.sonar.php.tree.visitors.PHPVisitorCheckTest
Running org.sonar.php.parser.expression.CompoundVariableTest
Tests run: 1, Failures: 0, Errors: 0, Skipped: 0, Time elapsed: 0.003 sec - in org.sonar.php.parser.expression.CompoundVariableTest
Running org.sonar.php.parser.expression.EqualityExpressionTest
Tests run: 1, Failures: 0, Errors: 0, Skipped: 0, Time elapsed: 0.003 sec - in org.sonar.php.parser.expression.EqualityExpressionTest
Running org.sonar.php.parser.statement.ForStatementTest
Tests run: 1, Failures: 0, Errors: 0, Skipped: 0, Time elapsed: 0.005 sec - in org.sonar.php.parser.statement.ForStatementTest
Running org.sonar.php.tree.visitors.PHPIssueTest
Tests run: 4, Failures: 0, Errors: 0, Skipped: 0, Time elapsed: 0.002 sec - in org.sonar.php.tree.visitors.PHPIssueTest
Running org.sonar.php.tree.impl.declaration.TraitAliasTreeTest
Tests run: 3, Failures: 0, Errors: 0, Skipped: 0, Time elapsed: 0.019 sec - in org.sonar.php.tree.impl.declaration.TraitAliasTreeTest
Running org.sonar.php.tree.impl.statement.DeclareStatementTreeTest
Tests run: 3, Failures: 0, Errors: 0, Skipped: 0, Time elapsed: 0.062 sec - in org.sonar.php.tree.impl.statement.DeclareStatementTreeTest
Running org.sonar.php.tree.impl.statement.DoWhileStatementTreeTest
Tests run: 1, Failures: 0, Errors: 0, Skipped: 0, Time elapsed: 0.001 sec - in org.sonar.php.tree.impl.statement.DoWhileStatementTreeTest
Running org.sonar.php.parser.declaration.VariableDeclarationTest
Tests run: 1, Failures: 0, Errors: 0, Skipped: 0, Time elapsed: 0.094 sec - in org.sonar.php.parser.declaration.VariableDeclarationTest

Results :




Tests run: 369, Failures: 0, Errors: 0, Skipped: 0

[INFO] 
[INFO] --- maven-jar-plugin:2.6:jar (default-jar) @ php-frontend ---
[INFO] Building jar: /home/travis/build/SonarSource/sonar-php/php-frontend/target/php-frontend-2.9-SNAPSHOT.jar
[INFO] 
[INFO] --- maven-jar-plugin:2.6:test-jar (default) @ php-frontend ---
[INFO] Building jar: /home/travis/build/SonarSource/sonar-php/php-frontend/target/php-frontend-2.9-SNAPSHOT-tests.jar
[INFO] 
[INFO] --- maven-source-plugin:2.4:jar-no-fork (attach-sources) @ php-frontend ---
[INFO] Building jar: /home/travis/build/SonarSource/sonar-php/php-frontend/target/php-frontend-2.9-SNAPSHOT-sources.jar
[INFO]                                                                         
[INFO] ------------------------------------------------------------------------
[INFO] Building PHP :: Checks 2.9-SNAPSHOT
[INFO] ------------------------------------------------------------------------
[INFO] 
[INFO] --- buildnumber-maven-plugin:1.4:create (default) @ php-checks ---
[INFO] 
[INFO] --- maven-enforcer-plugin:1.4.1:enforce (enforce) @ php-checks ---
[INFO] 
[INFO] --- license-maven-plugin:2.11:check (enforce-license-headers) @ php-checks ---
[INFO] Checking licenses...
[INFO] 
[INFO] --- maven-resources-plugin:2.7:resources (default-resources) @ php-checks ---
[INFO] Using 'UTF-8' encoding to copy filtered resources.
[INFO] Copying 114 resources
[INFO] 
[INFO] --- maven-compiler-plugin:3.5.1:compile (default-compile) @ php-checks ---
[INFO] Changes detected - recompiling the module!
[INFO] Compiling 132 source files to /home/travis/build/SonarSource/sonar-php/php-checks/target/classes
[INFO] /home/travis/build/SonarSource/sonar-php/php-checks/src/main/java/org/sonar/php/checks/formatting/IndentationCheck.java: /home/travis/build/SonarSource/sonar-php/php-checks/src/main/java/org/sonar/php/checks/formatting/IndentationCheck.java uses unchecked or unsafe operations.
[INFO] /home/travis/build/SonarSource/sonar-php/php-checks/src/main/java/org/sonar/php/checks/formatting/IndentationCheck.java: Recompile with -Xlint:unchecked for details.
[INFO] 
[INFO] --- maven-resources-plugin:2.7:testResources (default-testResources) @ php-checks ---
[INFO] Using 'UTF-8' encoding to copy filtered resources.
[INFO] Copying 149 resources
[INFO] 
[INFO] --- maven-compiler-plugin:3.5.1:testCompile (default-testCompile) @ php-checks ---
[INFO] Changes detected - recompiling the module!
[INFO] Compiling 121 source files to /home/travis/build/SonarSource/sonar-php/php-checks/target/test-classes
[INFO] 
[INFO] --- maven-surefire-plugin:2.18:test (default-test) @ php-checks ---
[INFO] Surefire report directory: /home/travis/build/SonarSource/sonar-php/php-checks/target/surefire-reports

-------------------------------------------------------
 T E S T S
-------------------------------------------------------
Running org.sonar.php.checks.OneStatementPerLineCheckTest
Tests run: 1, Failures: 0, Errors: 0, Skipped: 0, Time elapsed: 0.996 sec - in org.sonar.php.checks.OneStatementPerLineCheckTest
Running org.sonar.php.checks.TooManyReturnCheckTest
Tests run: 2, Failures: 0, Errors: 0, Skipped: 0, Time elapsed: 0.123 sec - in org.sonar.php.checks.TooManyReturnCheckTest
Running org.sonar.php.checks.FieldNameCheckTest
Tests run: 2, Failures: 0, Errors: 0, Skipped: 0, Time elapsed: 0.014 sec - in org.sonar.php.checks.FieldNameCheckTest
Running org.sonar.php.checks.utils.EqualityTest
Tests run: 1, Failures: 0, Errors: 0, Skipped: 0, Time elapsed: 0.176 sec - in org.sonar.php.checks.utils.EqualityTest
Running org.sonar.php.checks.ForLoopCounterChangedCheckTest
Tests run: 1, Failures: 0, Errors: 0, Skipped: 0, Time elapsed: 0.152 sec - in org.sonar.php.checks.ForLoopCounterChangedCheckTest
Running org.sonar.php.checks.DeprecatedPredefinedVariablesUseCheckTest
Tests run: 1, Failures: 0, Errors: 0, Skipped: 0, Time elapsed: 0.019 sec - in org.sonar.php.checks.DeprecatedPredefinedVariablesUseCheckTest
Running org.sonar.php.checks.TrailingWhitespaceCheckTest
Tests run: 1, Failures: 0, Errors: 0, Skipped: 0, Time elapsed: 0.015 sec - in org.sonar.php.checks.TrailingWhitespaceCheckTest
Running org.sonar.php.checks.TrailingCommentCheckTest
Tests run: 2, Failures: 0, Errors: 0, Skipped: 0, Time elapsed: 0.036 sec - in org.sonar.php.checks.TrailingCommentCheckTest
Running org.sonar.php.checks.GlobalKeywordAndArrayUsageCheckTest
Tests run: 1, Failures: 0, Errors: 0, Skipped: 0, Time elapsed: 0.02 sec - in org.sonar.php.checks.GlobalKeywordAndArrayUsageCheckTest
Running org.sonar.php.checks.InterfaceNameCheckTest
Tests run: 1, Failures: 0, Errors: 0, Skipped: 0, Time elapsed: 0.005 sec - in org.sonar.php.checks.InterfaceNameCheckTest
Running org.sonar.php.checks.ConstructorDeclarationCheckTest
Tests run: 1, Failures: 0, Errors: 0, Skipped: 0, Time elapsed: 0.009 sec - in org.sonar.php.checks.ConstructorDeclarationCheckTest
Running org.sonar.php.checks.AtLeastThreeCasesInSwitchCheckTest
Tests run: 1, Failures: 0, Errors: 0, Skipped: 0, Time elapsed: 0.033 sec - in org.sonar.php.checks.AtLeastThreeCasesInSwitchCheckTest
Running org.sonar.php.checks.OpeningPHPTagCheckTest
Tests run: 4, Failures: 0, Errors: 0, Skipped: 0, Time elapsed: 0.012 sec - in org.sonar.php.checks.OpeningPHPTagCheckTest
Running org.sonar.php.checks.CallParentConstructorCheckTest
Tests run: 1, Failures: 0, Errors: 0, Skipped: 0, Time elapsed: 0.1 sec - in org.sonar.php.checks.CallParentConstructorCheckTest
Running org.sonar.php.checks.RightCurlyBraceStartsLineCheckTest
Tests run: 1, Failures: 0, Errors: 0, Skipped: 0, Time elapsed: 0.085 sec - in org.sonar.php.checks.RightCurlyBraceStartsLineCheckTest
Running org.sonar.php.checks.ConstantNameCheckTest
Tests run: 2, Failures: 0, Errors: 0, Skipped: 0, Time elapsed: 0.056 sec - in org.sonar.php.checks.ConstantNameCheckTest
Running org.sonar.php.checks.formatting.PunctuatorSpacingCheckTest
Tests run: 2, Failures: 0, Errors: 0, Skipped: 0, Time elapsed: 0.135 sec - in org.sonar.php.checks.formatting.PunctuatorSpacingCheckTest
Running org.sonar.php.checks.IncrementDecrementInSubExpressionCheckTest
Tests run: 1, Failures: 0, Errors: 0, Skipped: 0, Time elapsed: 0.021 sec - in org.sonar.php.checks.IncrementDecrementInSubExpressionCheckTest
Running org.sonar.php.checks.formatting.CurlyBraceCheckTest
Tests run: 2, Failures: 0, Errors: 0, Skipped: 0, Time elapsed: 0.08 sec - in org.sonar.php.checks.formatting.CurlyBraceCheckTest
Running org.sonar.php.checks.SwitchWithoutDefaultCheckTest
Tests run: 1, Failures: 0, Errors: 0, Skipped: 0, Time elapsed: 0.015 sec - in org.sonar.php.checks.SwitchWithoutDefaultCheckTest
Running org.sonar.php.checks.LeftCurlyBraceStartsLineCheckTest
Tests run: 1, Failures: 0, Errors: 0, Skipped: 0, Time elapsed: 0.032 sec - in org.sonar.php.checks.LeftCurlyBraceStartsLineCheckTest
Running org.sonar.php.checks.ElseIfWithoutElseCheckTest
Tests run: 1, Failures: 0, Errors: 0, Skipped: 0, Time elapsed: 0.038 sec - in org.sonar.php.checks.ElseIfWithoutElseCheckTest
Running org.sonar.php.checks.EmptyNestedBlockCheckTest
Tests run: 1, Failures: 0, Errors: 0, Skipped: 0, Time elapsed: 0.019 sec - in org.sonar.php.checks.EmptyNestedBlockCheckTest
Running org.sonar.php.checks.PhpSapiNameFunctionUsageCheckTest
Tests run: 1, Failures: 0, Errors: 0, Skipped: 0, Time elapsed: 0.013 sec - in org.sonar.php.checks.PhpSapiNameFunctionUsageCheckTest
Running org.sonar.php.checks.CheckListTest
Tests run: 2, Failures: 0, Errors: 0, Skipped: 0, Time elapsed: 0.088 sec - in org.sonar.php.checks.CheckListTest
Running org.sonar.php.checks.ModifiersOrderCheckTest
Tests run: 1, Failures: 0, Errors: 0, Skipped: 0, Time elapsed: 0.005 sec - in org.sonar.php.checks.ModifiersOrderCheckTest
Running org.sonar.php.checks.IdenticalOperandsInBinaryExpressionCheckTest
Tests run: 1, Failures: 0, Errors: 0, Skipped: 0, Time elapsed: 0.018 sec - in org.sonar.php.checks.IdenticalOperandsInBinaryExpressionCheckTest
Running org.sonar.php.checks.UnusedPrivateMethodCheckTest
Tests run: 1, Failures: 0, Errors: 0, Skipped: 0, Time elapsed: 0.017 sec - in org.sonar.php.checks.UnusedPrivateMethodCheckTest
Running org.sonar.php.checks.SilencedErrorsCheckTest
Tests run: 1, Failures: 0, Errors: 0, Skipped: 0, Time elapsed: 0.002 sec - in org.sonar.php.checks.SilencedErrorsCheckTest
Running org.sonar.php.checks.formatting.ExtendsImplementsLineCheckTest
Tests run: 2, Failures: 0, Errors: 0, Skipped: 0, Time elapsed: 0.019 sec - in org.sonar.php.checks.formatting.ExtendsImplementsLineCheckTest
Running org.sonar.php.checks.SelfAssignmentCheckTest
Tests run: 1, Failures: 0, Errors: 0, Skipped: 0, Time elapsed: 0.004 sec - in org.sonar.php.checks.SelfAssignmentCheckTest
Running org.sonar.php.checks.ArgumentWithDefaultValueNotLastCheckTest
Tests run: 1, Failures: 0, Errors: 0, Skipped: 0, Time elapsed: 0.011 sec - in org.sonar.php.checks.ArgumentWithDefaultValueNotLastCheckTest
Running org.sonar.php.checks.NullDereferenceInConditionalCheckTest
Tests run: 1, Failures: 0, Errors: 0, Skipped: 0, Time elapsed: 0.038 sec - in org.sonar.php.checks.NullDereferenceInConditionalCheckTest
Running org.sonar.php.checks.TooManyLinesInFileCheckTest
Tests run: 2, Failures: 0, Errors: 0, Skipped: 0, Time elapsed: 0.004 sec - in org.sonar.php.checks.TooManyLinesInFileCheckTest
Running org.sonar.php.checks.ClassComplexityCheckTest
Tests run: 2, Failures: 0, Errors: 0, Skipped: 0, Time elapsed: 0.044 sec - in org.sonar.php.checks.ClassComplexityCheckTest
Running org.sonar.php.checks.ConstructorDependencyInversionCheckTest
Tests run: 1, Failures: 0, Errors: 0, Skipped: 0, Time elapsed: 0.008 sec - in org.sonar.php.checks.ConstructorDependencyInversionCheckTest
Running org.sonar.php.checks.HardCodedCredentialsCheckTest
Tests run: 1, Failures: 0, Errors: 0, Skipped: 0, Time elapsed: 0.026 sec - in org.sonar.php.checks.HardCodedCredentialsCheckTest
Running org.sonar.php.checks.RequireInsteadOfRequireOnceCheckTest
Tests run: 1, Failures: 0, Errors: 0, Skipped: 0, Time elapsed: 0.013 sec - in org.sonar.php.checks.RequireInsteadOfRequireOnceCheckTest
Running org.sonar.php.checks.TooManyFunctionParametersCheckTest
Tests run: 3, Failures: 0, Errors: 0, Skipped: 0, Time elapsed: 0.02 sec - in org.sonar.php.checks.TooManyFunctionParametersCheckTest
Running org.sonar.php.checks.EvalUseCheckTest
Tests run: 1, Failures: 0, Errors: 0, Skipped: 0, Time elapsed: 0 sec - in org.sonar.php.checks.EvalUseCheckTest
Running org.sonar.php.checks.TooManyMethodsInClassCheckTest
Tests run: 3, Failures: 0, Errors: 0, Skipped: 0, Time elapsed: 0.006 sec - in org.sonar.php.checks.TooManyMethodsInClassCheckTest
Running org.sonar.php.checks.VariableVariablesCheckTest
Tests run: 1, Failures: 0, Errors: 0, Skipped: 0, Time elapsed: 0.001 sec - in org.sonar.php.checks.VariableVariablesCheckTest
Running org.sonar.php.checks.PHP5DeprecatedFunctionUsageCheckTest
Tests run: 1, Failures: 0, Errors: 0, Skipped: 0, Time elapsed: 0.048 sec - in org.sonar.php.checks.PHP5DeprecatedFunctionUsageCheckTest
Running org.sonar.php.checks.LocalVariableAndParameterNameCheckTest
Tests run: 2, Failures: 0, Errors: 0, Skipped: 0, Time elapsed: 0.027 sec - in org.sonar.php.checks.LocalVariableAndParameterNameCheckTest
Running org.sonar.php.checks.TooManyLinesInFunctionCheckTest
Tests run: 2, Failures: 0, Errors: 0, Skipped: 0, Time elapsed: 0.045 sec - in org.sonar.php.checks.TooManyLinesInFunctionCheckTest
Running org.sonar.php.checks.NestedFunctionDepthCheckTest
Tests run: 2, Failures: 0, Errors: 0, Skipped: 0, Time elapsed: 0.003 sec - in org.sonar.php.checks.NestedFunctionDepthCheckTest
Running org.sonar.php.checks.EchoWithParenthesisCheckTest
Tests run: 1, Failures: 0, Errors: 0, Skipped: 0, Time elapsed: 0 sec - in org.sonar.php.checks.EchoWithParenthesisCheckTest
Running org.sonar.php.checks.UnusedPrivateFieldCheckTest
Tests run: 1, Failures: 0, Errors: 0, Skipped: 0, Time elapsed: 0.019 sec - in org.sonar.php.checks.UnusedPrivateFieldCheckTest
Running org.sonar.php.checks.ThisVariableUsageInStaticContextCheckTest
Tests run: 1, Failures: 0, Errors: 0, Skipped: 0, Time elapsed: 0.019 sec - in org.sonar.php.checks.ThisVariableUsageInStaticContextCheckTest
Running org.sonar.php.checks.FunctionDefineOutsideClassCheckTest
Tests run: 1, Failures: 0, Errors: 0, Skipped: 0, Time elapsed: 0.007 sec - in org.sonar.php.checks.FunctionDefineOutsideClassCheckTest
Running org.sonar.php.checks.FunctionNameCheckTest
Tests run: 2, Failures: 0, Errors: 0, Skipped: 0, Time elapsed: 0.018 sec - in org.sonar.php.checks.FunctionNameCheckTest
Running org.sonar.php.checks.LowerCaseColorCheckTest
Tests run: 1, Failures: 0, Errors: 0, Skipped: 0, Time elapsed: 0.021 sec - in org.sonar.php.checks.LowerCaseColorCheckTest
Running org.sonar.php.checks.RedundantFinalCheckTest
Tests run: 1, Failures: 0, Errors: 0, Skipped: 0, Time elapsed: 0.001 sec - in org.sonar.php.checks.RedundantFinalCheckTest
Running org.sonar.php.checks.ForHidingWhileCheckTest
Tests run: 1, Failures: 0, Errors: 0, Skipped: 0, Time elapsed: 0.006 sec - in org.sonar.php.checks.ForHidingWhileCheckTest
Running org.sonar.php.checks.SleepFunctionUsageCheckTest
Tests run: 1, Failures: 0, Errors: 0, Skipped: 0, Time elapsed: 0.004 sec - in org.sonar.php.checks.SleepFunctionUsageCheckTest
Running org.sonar.php.checks.TodoTagPresenceCheckTest
Tests run: 1, Failures: 0, Errors: 0, Skipped: 0, Time elapsed: 0.008 sec - in org.sonar.php.checks.TodoTagPresenceCheckTest
Running org.sonar.php.checks.LogicalWordOperatorUsageCheckTest
Tests run: 1, Failures: 0, Errors: 0, Skipped: 0, Time elapsed: 0.002 sec - in org.sonar.php.checks.LogicalWordOperatorUsageCheckTest
Running org.sonar.php.checks.TooManyFieldsInClassCheckTest
Tests run: 3, Failures: 0, Errors: 0, Skipped: 0, Time elapsed: 0.023 sec - in org.sonar.php.checks.TooManyFieldsInClassCheckTest
Running org.sonar.php.checks.SwitchCaseTooBigCheckTest
Tests run: 2, Failures: 0, Errors: 0, Skipped: 0, Time elapsed: 0.01 sec - in org.sonar.php.checks.SwitchCaseTooBigCheckTest
Running org.sonar.php.checks.SelfKeywordUsageCheckTest
Tests run: 1, Failures: 0, Errors: 0, Skipped: 0, Time elapsed: 0.011 sec - in org.sonar.php.checks.SelfKeywordUsageCheckTest
Running org.sonar.php.checks.CharacterBeforeOpeningPHPTagCheckTest
Tests run: 2, Failures: 0, Errors: 0, Skipped: 0, Time elapsed: 0 sec - in org.sonar.php.checks.CharacterBeforeOpeningPHPTagCheckTest
Running org.sonar.php.checks.MoreThanOneClassInFileCheckTest
Tests run: 4, Failures: 0, Errors: 0, Skipped: 0, Time elapsed: 0 sec - in org.sonar.php.checks.MoreThanOneClassInFileCheckTest
Running org.sonar.php.checks.formatting.IndentationCheckTest
Tests run: 2, Failures: 0, Errors: 0, Skipped: 0, Time elapsed: 0.059 sec - in org.sonar.php.checks.formatting.IndentationCheckTest
Running org.sonar.php.checks.PerlStyleCommentsUsageCheckTest
Tests run: 1, Failures: 0, Errors: 0, Skipped: 0, Time elapsed: 0.007 sec - in org.sonar.php.checks.PerlStyleCommentsUsageCheckTest
Running org.sonar.php.checks.IfConditionAlwaysTrueOrFalseCheckTest
Tests run: 1, Failures: 0, Errors: 0, Skipped: 0, Time elapsed: 0.002 sec - in org.sonar.php.checks.IfConditionAlwaysTrueOrFalseCheckTest
Running org.sonar.php.checks.NonLFCharAsEOLCheckTest
Tests run: 2, Failures: 0, Errors: 0, Skipped: 0, Time elapsed: 0.03 sec - in org.sonar.php.checks.NonLFCharAsEOLCheckTest
Running org.sonar.php.checks.MissingMethodVisibilityCheckTest
Tests run: 1, Failures: 0, Errors: 0, Skipped: 0, Time elapsed: 0.007 sec - in org.sonar.php.checks.MissingMethodVisibilityCheckTest
Running org.sonar.php.checks.EmptyStatementCheckTest
Tests run: 1, Failures: 0, Errors: 0, Skipped: 0, Time elapsed: 0.004 sec - in org.sonar.php.checks.EmptyStatementCheckTest
Running org.sonar.php.checks.FixmeTagPresenceCheckTest
Tests run: 1, Failures: 0, Errors: 0, Skipped: 0, Time elapsed: 0.006 sec - in org.sonar.php.checks.FixmeTagPresenceCheckTest
Running org.sonar.php.checks.LocalVariableShadowsClassFieldCheckTest
Tests run: 1, Failures: 0, Errors: 0, Skipped: 0, Time elapsed: 0.018 sec - in org.sonar.php.checks.LocalVariableShadowsClassFieldCheckTest
Running org.sonar.php.checks.AlwaysUseCurlyBracesCheckTest
Tests run: 1, Failures: 0, Errors: 0, Skipped: 0, Time elapsed: 0.015 sec - in org.sonar.php.checks.AlwaysUseCurlyBracesCheckTest
Running org.sonar.php.checks.LineLengthCheckTest
Tests run: 2, Failures: 0, Errors: 0, Skipped: 0, Time elapsed: 0.002 sec - in org.sonar.php.checks.LineLengthCheckTest
Running org.sonar.php.checks.ConcatenatedStringLiteralCheckTest
Tests run: 1, Failures: 0, Errors: 0, Skipped: 0, Time elapsed: 0.004 sec - in org.sonar.php.checks.ConcatenatedStringLiteralCheckTest
Running org.sonar.php.checks.NestedControlFlowDepthCheckTest
Tests run: 2, Failures: 0, Errors: 0, Skipped: 0, Time elapsed: 0.014 sec - in org.sonar.php.checks.NestedControlFlowDepthCheckTest
Running org.sonar.php.checks.UselessObjectCreationCheckTest
Tests run: 1, Failures: 0, Errors: 0, Skipped: 0, Time elapsed: 0.004 sec - in org.sonar.php.checks.UselessObjectCreationCheckTest
Running org.sonar.php.checks.OnePropertyDeclarationPerStatementCheckTest
Tests run: 1, Failures: 0, Errors: 0, Skipped: 0, Time elapsed: 0.002 sec - in org.sonar.php.checks.OnePropertyDeclarationPerStatementCheckTest
Running org.sonar.php.checks.ReferenceInFunctionCallCheckTest
Tests run: 1, Failures: 0, Errors: 0, Skipped: 0, Time elapsed: 0.024 sec - in org.sonar.php.checks.ReferenceInFunctionCallCheckTest
Running org.sonar.php.checks.StringLiteralDuplicatedCheckTest
Tests run: 2, Failures: 0, Errors: 0, Skipped: 0, Time elapsed: 0.008 sec - in org.sonar.php.checks.StringLiteralDuplicatedCheckTest
Running org.sonar.php.checks.MethodNameReturningBooleanCheckTest
Tests run: 1, Failures: 0, Errors: 0, Skipped: 0, Time elapsed: 0.002 sec - in org.sonar.php.checks.MethodNameReturningBooleanCheckTest
Running org.sonar.php.checks.NonEmptyCaseWithoutBreakCheckTest
Tests run: 1, Failures: 0, Errors: 0, Skipped: 0, Time elapsed: 0.013 sec - in org.sonar.php.checks.NonEmptyCaseWithoutBreakCheckTest
Running org.sonar.php.checks.GenericExceptionCheckTest
Tests run: 6, Failures: 0, Errors: 0, Skipped: 0, Time elapsed: 0.033 sec - in org.sonar.php.checks.GenericExceptionCheckTest
Running org.sonar.php.checks.CallToIniSetCheckTest
Tests run: 1, Failures: 0, Errors: 0, Skipped: 0, Time elapsed: 0.004 sec - in org.sonar.php.checks.CallToIniSetCheckTest
Running org.sonar.php.checks.GotoUseCheckTest
Tests run: 1, Failures: 0, Errors: 0, Skipped: 0, Time elapsed: 0.001 sec - in org.sonar.php.checks.GotoUseCheckTest
Running org.sonar.php.checks.FunctionComplexityCheckTest
Tests run: 2, Failures: 0, Errors: 0, Skipped: 0, Time elapsed: 0.018 sec - in org.sonar.php.checks.FunctionComplexityCheckTest
Running org.sonar.php.checks.ClassCouplingCheckTest
Tests run: 2, Failures: 0, Errors: 0, Skipped: 0, Time elapsed: 0.062 sec - in org.sonar.php.checks.ClassCouplingCheckTest
Running org.sonar.php.checks.FileWithSymbolsAndSideEffectsCheckTest
Tests run: 8, Failures: 0, Errors: 0, Skipped: 0, Time elapsed: 0.008 sec - in org.sonar.php.checks.FileWithSymbolsAndSideEffectsCheckTest
Running org.sonar.php.checks.TooManyCasesInSwitchCheckTest
Tests run: 2, Failures: 0, Errors: 0, Skipped: 0, Time elapsed: 0.009 sec - in org.sonar.php.checks.TooManyCasesInSwitchCheckTest
Running org.sonar.php.checks.CollapsibleIfStatementCheckTest
Tests run: 1, Failures: 0, Errors: 0, Skipped: 0, Time elapsed: 0.01 sec - in org.sonar.php.checks.CollapsibleIfStatementCheckTest
Running org.sonar.php.checks.DuplicateBranchImplementationCheckTest
Tests run: 1, Failures: 0, Errors: 0, Skipped: 0, Time elapsed: 0.037 sec - in org.sonar.php.checks.DuplicateBranchImplementationCheckTest
Running org.sonar.php.checks.ImmediatelyReturnedVariableCheckTest
Tests run: 1, Failures: 0, Errors: 0, Skipped: 0, Time elapsed: 0.019 sec - in org.sonar.php.checks.ImmediatelyReturnedVariableCheckTest
Running org.sonar.php.checks.InlineHTMLInFileCheckTest
Tests run: 4, Failures: 0, Errors: 0, Skipped: 0, Time elapsed: 0.003 sec - in org.sonar.php.checks.InlineHTMLInFileCheckTest
Running org.sonar.php.checks.formatting.NamespaceAndUseStatementCheckTest
Tests run: 3, Failures: 0, Errors: 0, Skipped: 0, Time elapsed: 0.011 sec - in org.sonar.php.checks.formatting.NamespaceAndUseStatementCheckTest
Running org.sonar.php.checks.DuplicateConditionCheckTest
Tests run: 1, Failures: 0, Errors: 0, Skipped: 0, Time elapsed: 0.006 sec - in org.sonar.php.checks.DuplicateConditionCheckTest
Running org.sonar.php.checks.DuplicatedFunctionArgumentCheckTest
Tests run: 1, Failures: 0, Errors: 0, Skipped: 0, Time elapsed: 0.002 sec - in org.sonar.php.checks.DuplicatedFunctionArgumentCheckTest
Running org.sonar.php.checks.VarKeywordUsageCheckTest
Tests run: 1, Failures: 0, Errors: 0, Skipped: 0, Time elapsed: 0.002 sec - in org.sonar.php.checks.VarKeywordUsageCheckTest
Running org.sonar.php.checks.UnusedFunctionParametersCheckTest
Tests run: 1, Failures: 0, Errors: 0, Skipped: 0, Time elapsed: 0.011 sec - in org.sonar.php.checks.UnusedFunctionParametersCheckTest
Running org.sonar.php.checks.FileHeaderCheckTest
Tests run: 1, Failures: 0, Errors: 0, Skipped: 0, Time elapsed: 0.007 sec - in org.sonar.php.checks.FileHeaderCheckTest
Running org.sonar.php.checks.UnusedLocalVariableCheckTest
Tests run: 1, Failures: 0, Errors: 0, Skipped: 0, Time elapsed: 0.077 sec - in org.sonar.php.checks.UnusedLocalVariableCheckTest
Running org.sonar.php.checks.KeywordsAndConstantsNotLowerCaseCheckTest
Tests run: 1, Failures: 0, Errors: 0, Skipped: 0, Time elapsed: 0.005 sec - in org.sonar.php.checks.KeywordsAndConstantsNotLowerCaseCheckTest
Running org.sonar.php.checks.formatting.FunctionSpacingCheckTest
Tests run: 2, Failures: 0, Errors: 0, Skipped: 0, Time elapsed: 0.013 sec - in org.sonar.php.checks.formatting.FunctionSpacingCheckTest
Running org.sonar.php.checks.FileNameCheckTest
Tests run: 4, Failures: 0, Errors: 0, Skipped: 0, Time elapsed: 0.002 sec - in org.sonar.php.checks.FileNameCheckTest
Running org.sonar.php.checks.ClassNameCheckTest
Tests run: 2, Failures: 0, Errors: 0, Skipped: 0, Time elapsed: 0.002 sec - in org.sonar.php.checks.ClassNameCheckTest
Running org.sonar.php.checks.ReturnOfBooleanExpressionCheckTest
Tests run: 1, Failures: 0, Errors: 0, Skipped: 0, Time elapsed: 0.011 sec - in org.sonar.php.checks.ReturnOfBooleanExpressionCheckTest
Running org.sonar.php.checks.formatting.ControlStructureSpacingTest
Tests run: 2, Failures: 0, Errors: 0, Skipped: 0, Time elapsed: 0.019 sec - in org.sonar.php.checks.formatting.ControlStructureSpacingTest
Running org.sonar.php.checks.TooManyLinesInClassCheckTest
Tests run: 2, Failures: 0, Errors: 0, Skipped: 0, Time elapsed: 0.003 sec - in org.sonar.php.checks.TooManyLinesInClassCheckTest
Running org.sonar.php.checks.LeftCurlyBraceEndsLineCheckTest
Tests run: 1, Failures: 0, Errors: 0, Skipped: 0, Time elapsed: 0.023 sec - in org.sonar.php.checks.LeftCurlyBraceEndsLineCheckTest
Running org.sonar.php.checks.BooleanEqualityComparisonCheckTest
Tests run: 1, Failures: 0, Errors: 0, Skipped: 0, Time elapsed: 0.007 sec - in org.sonar.php.checks.BooleanEqualityComparisonCheckTest
Running org.sonar.php.checks.MissingNewLineAtEOFCheckTest
Tests run: 3, Failures: 0, Errors: 0, Skipped: 0, Time elapsed: 0.001 sec - in org.sonar.php.checks.MissingNewLineAtEOFCheckTest
Running org.sonar.php.checks.TabCharacterCheckTest
Tests run: 1, Failures: 0, Errors: 0, Skipped: 0, Time elapsed: 0 sec - in org.sonar.php.checks.TabCharacterCheckTest
Running org.sonar.php.checks.CommentedOutCodeCheckTest
Tests run: 1, Failures: 0, Errors: 0, Skipped: 0, Time elapsed: 0.009 sec - in org.sonar.php.checks.CommentedOutCodeCheckTest
Running org.sonar.php.checks.MultilineBlocksCurlyBracesCheckTest
Tests run: 1, Failures: 0, Errors: 0, Skipped: 0, Time elapsed: 0.017 sec - in org.sonar.php.checks.MultilineBlocksCurlyBracesCheckTest
Running org.sonar.php.checks.OverridingMethodSimplyCallParentCheckTest
Tests run: 1, Failures: 0, Errors: 0, Skipped: 0, Time elapsed: 0.014 sec - in org.sonar.php.checks.OverridingMethodSimplyCallParentCheckTest
Running org.sonar.php.checks.ElseIfSequenceKeywordUsageCheckTest
Tests run: 1, Failures: 0, Errors: 0, Skipped: 0, Time elapsed: 0.003 sec - in org.sonar.php.checks.ElseIfSequenceKeywordUsageCheckTest
Running org.sonar.php.checks.ExitOrDieUsageCheckTest
Tests run: 1, Failures: 0, Errors: 0, Skipped: 0, Time elapsed: 0.033 sec - in org.sonar.php.checks.ExitOrDieUsageCheckTest
Running org.sonar.php.checks.ExpressionComplexityCheckTest
Tests run: 2, Failures: 0, Errors: 0, Skipped: 0, Time elapsed: 0.053 sec - in org.sonar.php.checks.ExpressionComplexityCheckTest
Running org.sonar.php.checks.UselessExpressionStatementCheckTest
Tests run: 2, Failures: 0, Errors: 0, Skipped: 0, Time elapsed: 0.005 sec - in org.sonar.php.checks.UselessExpressionStatementCheckTest
Running org.sonar.php.checks.ClosingTagInFullPHPFileCheckTest
Tests run: 2, Failures: 0, Errors: 0, Skipped: 0, Time elapsed: 0.003 sec - in org.sonar.php.checks.ClosingTagInFullPHPFileCheckTest
Running org.sonar.php.checks.DirectlyAccessingSuperGlobalCheckTest
Tests run: 1, Failures: 0, Errors: 0, Skipped: 0, Time elapsed: 0 sec - in org.sonar.php.checks.DirectlyAccessingSuperGlobalCheckTest
Running org.sonar.php.checks.CodeFollowingJumpStatementCheckTest
Tests run: 1, Failures: 0, Errors: 0, Skipped: 0, Time elapsed: 0.014 sec - in org.sonar.php.checks.CodeFollowingJumpStatementCheckTest

Results :




Tests run: 184, Failures: 0, Errors: 0, Skipped: 0

[INFO] 
[INFO] --- maven-jar-plugin:2.6:jar (default-jar) @ php-checks ---
[INFO] Building jar: /home/travis/build/SonarSource/sonar-php/php-checks/target/php-checks-2.9-SNAPSHOT.jar
[INFO] 
[INFO] --- maven-source-plugin:2.4:jar-no-fork (attach-sources) @ php-checks ---
[INFO] Building jar: /home/travis/build/SonarSource/sonar-php/php-checks/target/php-checks-2.9-SNAPSHOT-sources.jar
[INFO]                                                                         
[INFO] ------------------------------------------------------------------------
[INFO] Building PHP :: Sonar Plugin 2.9-SNAPSHOT
[INFO] ------------------------------------------------------------------------
[INFO] 
[INFO] --- buildnumber-maven-plugin:1.4:create (default) @ sonar-php-plugin ---
[INFO] 
[INFO] --- maven-enforcer-plugin:1.4.1:enforce (enforce) @ sonar-php-plugin ---
[INFO] 
[INFO] --- license-maven-plugin:2.11:check (enforce-license-headers) @ sonar-php-plugin ---
[INFO] Checking licenses...
[INFO] 
[INFO] --- sonar-packaging-maven-plugin:1.16:check (default-check) @ sonar-php-plugin ---
[INFO] 
[INFO] --- maven-resources-plugin:2.7:resources (default-resources) @ sonar-php-plugin ---
[INFO] Using 'UTF-8' encoding to copy filtered resources.
[INFO] Copying 2 resources
[INFO] 
[INFO] --- maven-compiler-plugin:3.5.1:compile (default-compile) @ sonar-php-plugin ---
[INFO] Changes detected - recompiling the module!
[INFO] Compiling 33 source files to /home/travis/build/SonarSource/sonar-php/sonar-php-plugin/target/classes
[INFO] /home/travis/build/SonarSource/sonar-php/sonar-php-plugin/src/main/java/org/sonar/plugins/php/duplications/PhpCPDMapping.java: Some input files use or override a deprecated API.
[INFO] /home/travis/build/SonarSource/sonar-php/sonar-php-plugin/src/main/java/org/sonar/plugins/php/duplications/PhpCPDMapping.java: Recompile with -Xlint:deprecation for details.
[INFO] 
[INFO] --- maven-resources-plugin:2.7:testResources (default-testResources) @ sonar-php-plugin ---
[INFO] Using 'UTF-8' encoding to copy filtered resources.
[INFO] Copying 21 resources
[INFO] 
[INFO] --- maven-compiler-plugin:3.5.1:testCompile (default-testCompile) @ sonar-php-plugin ---
[INFO] Changes detected - recompiling the module!
[INFO] Compiling 19 source files to /home/travis/build/SonarSource/sonar-php/sonar-php-plugin/target/test-classes
[INFO] /home/travis/build/SonarSource/sonar-php/sonar-php-plugin/src/test/java/org/sonar/plugins/php/FakeProfileParser.java: Some input files use or override a deprecated API.
[INFO] /home/travis/build/SonarSource/sonar-php/sonar-php-plugin/src/test/java/org/sonar/plugins/php/FakeProfileParser.java: Recompile with -Xlint:deprecation for details.
[INFO] /home/travis/build/SonarSource/sonar-php/sonar-php-plugin/src/test/java/org/sonar/plugins/php/PhpPluginTest.java: /home/travis/build/SonarSource/sonar-php/sonar-php-plugin/src/test/java/org/sonar/plugins/php/PhpPluginTest.java uses unchecked or unsafe operations.
[INFO] /home/travis/build/SonarSource/sonar-php/sonar-php-plugin/src/test/java/org/sonar/plugins/php/PhpPluginTest.java: Recompile with -Xlint:unchecked for details.
[INFO] 
[INFO] --- maven-surefire-plugin:2.18:test (default-test) @ sonar-php-plugin ---
[INFO] Surefire report directory: /home/travis/build/SonarSource/sonar-php/sonar-php-plugin/target/surefire-reports

-------------------------------------------------------
 T E S T S
-------------------------------------------------------
Running org.sonar.plugins.php.PHPProfileTest
Tests run: 1, Failures: 1, Errors: 0, Skipped: 0, Time elapsed: 0.642 sec <<< FAILURE! - in org.sonar.plugins.php.PHPProfileTest
should_create_sonar_way_profile(org.sonar.plugins.php.PHPProfileTest)  Time elapsed: 0.634 sec  <<< FAILURE!
java.lang.AssertionError: 
Expected size:<64> but was:<65> in:
<[org.sonar.api.rules.ActiveRule@3ec300f1[id=<null>,rule=Rule[id=<null>,name=S1523,key=S1523,configKey=S1523,plugin=php,severity=MAJOR,isTemplate=false,status=READY,language=<null>,template=<null>],priority=MAJOR,params=[]],
    org.sonar.api.rules.ActiveRule@2893de87[id=<null>,rule=Rule[id=<null>,name=S1479,key=S1479,configKey=S1479,plugin=php,severity=MAJOR,isTemplate=false,status=READY,language=<null>,template=<null>],priority=MAJOR,params=[]],
    org.sonar.api.rules.ActiveRule@55ca8de8[id=<null>,rule=Rule[id=<null>,name=S1116,key=S1116,configKey=S1116,plugin=php,severity=MAJOR,isTemplate=false,status=READY,language=<null>,template=<null>],priority=MAJOR,params=[]],
    org.sonar.api.rules.ActiveRule@2c34f934[id=<null>,rule=Rule[id=<null>,name=S1145,key=S1145,configKey=S1145,plugin=php,severity=MAJOR,isTemplate=false,status=READY,language=<null>,template=<null>],priority=MAJOR,params=[]],
    org.sonar.api.rules.ActiveRule@12d3a4e9[id=<null>,rule=Rule[id=<null>,name=S1066,key=S1066,configKey=S1066,plugin=php,severity=MAJOR,isTemplate=false,status=READY,language=<null>,template=<null>],priority=MAJOR,params=[]],
    org.sonar.api.rules.ActiveRule@240237d2[id=<null>,rule=Rule[id=<null>,name=S1151,key=S1151,configKey=S1151,plugin=php,severity=MAJOR,isTemplate=false,status=READY,language=<null>,template=<null>],priority=MAJOR,params=[]],
    org.sonar.api.rules.ActiveRule@25a65b77[id=<null>,rule=Rule[id=<null>,name=S1142,key=S1142,configKey=S1142,plugin=php,severity=MAJOR,isTemplate=false,status=READY,language=<null>,template=<null>],priority=MAJOR,params=[]],
    org.sonar.api.rules.ActiveRule@2ed0fbae[id=<null>,rule=Rule[id=<null>,name=S1126,key=S1126,configKey=S1126,plugin=php,severity=MAJOR,isTemplate=false,status=READY,language=<null>,template=<null>],priority=MAJOR,params=[]],
    org.sonar.api.rules.ActiveRule@212bf671[id=<null>,rule=Rule[id=<null>,name=S1125,key=S1125,configKey=S1125,plugin=php,severity=MAJOR,isTemplate=false,status=READY,language=<null>,template=<null>],priority=MAJOR,params=[]],
    org.sonar.api.rules.ActiveRule@14a2f921[id=<null>,rule=Rule[id=<null>,name=S1599,key=S1599,configKey=S1599,plugin=php,severity=MAJOR,isTemplate=false,status=READY,language=<null>,template=<null>],priority=MAJOR,params=[]],
    org.sonar.api.rules.ActiveRule@3c87521[id=<null>,rule=Rule[id=<null>,name=S131,key=S131,configKey=S131,plugin=php,severity=MAJOR,isTemplate=false,status=READY,language=<null>,template=<null>],priority=MAJOR,params=[]],
    org.sonar.api.rules.ActiveRule@2aece37d[id=<null>,rule=Rule[id=<null>,name=S1301,key=S1301,configKey=S1301,plugin=php,severity=MAJOR,isTemplate=false,status=READY,language=<null>,template=<null>],priority=MAJOR,params=[]],
    org.sonar.api.rules.ActiveRule@548a102f[id=<null>,rule=Rule[id=<null>,name=S1264,key=S1264,configKey=S1264,plugin=php,severity=MAJOR,isTemplate=false,status=READY,language=<null>,template=<null>],priority=MAJOR,params=[]],
    org.sonar.api.rules.ActiveRule@5762806e[id=<null>,rule=Rule[id=<null>,name=S139,key=S139,configKey=S139,plugin=php,severity=MAJOR,isTemplate=false,status=READY,language=<null>,template=<null>],priority=MAJOR,params=[]],
    org.sonar.api.rules.ActiveRule@17c386de[id=<null>,rule=Rule[id=<null>,name=S104,key=S104,configKey=S104,plugin=php,severity=MAJOR,isTemplate=false,status=READY,language=<null>,template=<null>],priority=MAJOR,params=[]],
    org.sonar.api.rules.ActiveRule@5af97850[id=<null>,rule=Rule[id=<null>,name=S108,key=S108,configKey=S108,plugin=php,severity=MAJOR,isTemplate=false,status=READY,language=<null>,template=<null>],priority=MAJOR,params=[]],
    org.sonar.api.rules.ActiveRule@5ef60048[id=<null>,rule=Rule[id=<null>,name=S1600,key=S1600,configKey=S1600,plugin=php,severity=MAJOR,isTemplate=false,status=READY,language=<null>,template=<null>],priority=MAJOR,params=[]],
    org.sonar.api.rules.ActiveRule@1d548a08[id=<null>,rule=Rule[id=<null>,name=S134,key=S134,configKey=S134,plugin=php,severity=MAJOR,isTemplate=false,status=READY,language=<null>,template=<null>],priority=MAJOR,params=[]],
    org.sonar.api.rules.ActiveRule@16aa0a0a[id=<null>,rule=Rule[id=<null>,name=S1192,key=S1192,configKey=S1192,plugin=php,severity=MAJOR,isTemplate=false,status=READY,language=<null>,template=<null>],priority=MAJOR,params=[]],
    org.sonar.api.rules.ActiveRule@780cb77[id=<null>,rule=Rule[id=<null>,name=S1541,key=S1541,configKey=S1541,plugin=php,severity=MAJOR,isTemplate=false,status=READY,language=<null>,template=<null>],priority=MAJOR,params=[]],
    org.sonar.api.rules.ActiveRule@691a7f8f[id=<null>,rule=Rule[id=<null>,name=S105,key=S105,configKey=S105,plugin=php,severity=MAJOR,isTemplate=false,status=READY,language=<null>,template=<null>],priority=MAJOR,params=[]],
    org.sonar.api.rules.ActiveRule@50a7bc6e[id=<null>,rule=Rule[id=<null>,name=S121,key=S121,configKey=S121,plugin=php,severity=MAJOR,isTemplate=false,status=READY,language=<null>,template=<null>],priority=MAJOR,params=[]],
    org.sonar.api.rules.ActiveRule@161b062a[id=<null>,rule=Rule[id=<null>,name=S1109,key=S1109,configKey=S1109,plugin=php,severity=MAJOR,isTemplate=false,status=READY,language=<null>,template=<null>],priority=MAJOR,params=[]],
    org.sonar.api.rules.ActiveRule@17c1bced[id=<null>,rule=Rule[id=<null>,name=S907,key=S907,configKey=S907,plugin=php,severity=MAJOR,isTemplate=false,status=READY,language=<null>,template=<null>],priority=MAJOR,params=[]],
    org.sonar.api.rules.ActiveRule@2d9d4f9d[id=<null>,rule=Rule[id=<null>,name=S101,key=S101,configKey=S101,plugin=php,severity=MAJOR,isTemplate=false,status=READY,language=<null>,template=<null>],priority=MAJOR,params=[]],
    org.sonar.api.rules.ActiveRule@4034c28c[id=<null>,rule=Rule[id=<null>,name=S1172,key=S1172,configKey=S1172,plugin=php,severity=MAJOR,isTemplate=false,status=READY,language=<null>,template=<null>],priority=MAJOR,params=[]],
    org.sonar.api.rules.ActiveRule@e50a6f6[id=<null>,rule=Rule[id=<null>,name=S1067,key=S1067,configKey=S1067,plugin=php,severity=MAJOR,isTemplate=false,status=READY,language=<null>,template=<null>],priority=MAJOR,params=[]],
    org.sonar.api.rules.ActiveRule@14ec4505[id=<null>,rule=Rule[id=<null>,name=S127,key=S127,configKey=S127,plugin=php,severity=MAJOR,isTemplate=false,status=READY,language=<null>,template=<null>],priority=MAJOR,params=[]],
    org.sonar.api.rules.ActiveRule@53ca01a2[id=<null>,rule=Rule[id=<null>,name=S115,key=S115,configKey=S115,plugin=php,severity=MAJOR,isTemplate=false,status=READY,language=<null>,template=<null>],priority=MAJOR,params=[]],
    org.sonar.api.rules.ActiveRule@358c99f5[id=<null>,rule=Rule[id=<null>,name=S138,key=S138,configKey=S138,plugin=php,severity=MAJOR,isTemplate=false,status=READY,language=<null>,template=<null>],priority=MAJOR,params=[]],
    org.sonar.api.rules.ActiveRule@3ee0fea4[id=<null>,rule=Rule[id=<null>,name=S1448,key=S1448,configKey=S1448,plugin=php,severity=MAJOR,isTemplate=false,status=READY,language=<null>,template=<null>],priority=MAJOR,params=[]],
    org.sonar.api.rules.ActiveRule@48524010[id=<null>,rule=Rule[id=<null>,name=S1135,key=S1135,configKey=S1135,plugin=php,severity=MAJOR,isTemplate=false,status=READY,language=<null>,template=<null>],priority=MAJOR,params=[]],
    org.sonar.api.rules.ActiveRule@4b168fa9[id=<null>,rule=Rule[id=<null>,name=S1134,key=S1134,configKey=S1134,plugin=php,severity=MAJOR,isTemplate=false,status=READY,language=<null>,template=<null>],priority=MAJOR,params=[]],
    org.sonar.api.rules.ActiveRule@1a84f40f[id=<null>,rule=Rule[id=<null>,name=S1603,key=S1603,configKey=S1603,plugin=php,severity=MAJOR,isTemplate=false,status=READY,language=<null>,template=<null>],priority=MAJOR,params=[]],
    org.sonar.api.rules.ActiveRule@23282c25[id=<null>,rule=Rule[id=<null>,name=S1605,key=S1605,configKey=S1605,plugin=php,severity=MAJOR,isTemplate=false,status=READY,language=<null>,template=<null>],priority=MAJOR,params=[]],
    org.sonar.api.rules.ActiveRule@7920ba90[id=<null>,rule=Rule[id=<null>,name=S1068,key=S1068,configKey=S1068,plugin=php,severity=MAJOR,isTemplate=false,status=READY,language=<null>,template=<null>],priority=MAJOR,params=[]],
    org.sonar.api.rules.ActiveRule@6b419da[id=<null>,rule=Rule[id=<null>,name=S1481,key=S1481,configKey=S1481,plugin=php,severity=MAJOR,isTemplate=false,status=READY,language=<null>,template=<null>],priority=MAJOR,params=[]],
    org.sonar.api.rules.ActiveRule@3b2da18f[id=<null>,rule=Rule[id=<null>,name=S122,key=S122,configKey=S122,plugin=php,severity=MAJOR,isTemplate=false,status=READY,language=<null>,template=<null>],priority=MAJOR,params=[]],
    org.sonar.api.rules.ActiveRule@5906ebcb[id=<null>,rule=Rule[id=<null>,name=S881,key=S881,configKey=S881,plugin=php,severity=MAJOR,isTemplate=false,status=READY,language=<null>,template=<null>],priority=MAJOR,params=[]],
    org.sonar.api.rules.ActiveRule@258e2e41[id=<null>,rule=Rule[id=<null>,name=S1488,key=S1488,configKey=S1488,plugin=php,severity=MAJOR,isTemplate=false,status=READY,language=<null>,template=<null>],priority=MAJOR,params=[]],
    org.sonar.api.rules.ActiveRule@3d299e3[id=<null>,rule=Rule[id=<null>,name=S125,key=S125,configKey=S125,plugin=php,severity=MAJOR,isTemplate=false,status=READY,language=<null>,template=<null>],priority=MAJOR,params=[]],
    org.sonar.api.rules.ActiveRule@55a561cf[id=<null>,rule=Rule[id=<null>,name=S1788,key=S1788,configKey=S1788,plugin=php,severity=MAJOR,isTemplate=false,status=READY,language=<null>,template=<null>],priority=MAJOR,params=[]],
    org.sonar.api.rules.ActiveRule@3b938003[id=<null>,rule=Rule[id=<null>,name=S2041,key=S2041,configKey=S2041,plugin=php,severity=MAJOR,isTemplate=false,status=READY,language=<null>,template=<null>],priority=MAJOR,params=[]],
    org.sonar.api.rules.ActiveRule@6f3b5d16[id=<null>,rule=Rule[id=<null>,name=S2014,key=S2014,configKey=S2014,plugin=php,severity=MAJOR,isTemplate=false,status=READY,language=<null>,template=<null>],priority=MAJOR,params=[]],
    org.sonar.api.rules.ActiveRule@78b1cc93[id=<null>,rule=Rule[id=<null>,name=S1998,key=S1998,configKey=S1998,plugin=php,severity=MAJOR,isTemplate=false,status=READY,language=<null>,template=<null>],priority=MAJOR,params=[]],
    org.sonar.api.rules.ActiveRule@6646153[id=<null>,rule=Rule[id=<null>,name=S2010,key=S2010,configKey=S2010,plugin=php,severity=MAJOR,isTemplate=false,status=READY,language=<null>,template=<null>],priority=MAJOR,params=[]],
    org.sonar.api.rules.ActiveRule@21507a04[id=<null>,rule=Rule[id=<null>,name=S1536,key=S1536,configKey=S1536,plugin=php,severity=MAJOR,isTemplate=false,status=READY,language=<null>,template=<null>],priority=MAJOR,params=[]],
    org.sonar.api.rules.ActiveRule@143640d5[id=<null>,rule=Rule[id=<null>,name=S1763,key=S1763,configKey=S1763,plugin=php,severity=MAJOR,isTemplate=false,status=READY,language=<null>,template=<null>],priority=MAJOR,params=[]],
    org.sonar.api.rules.ActiveRule@6295d394[id=<null>,rule=Rule[id=<null>,name=S1144,key=S1144,configKey=S1144,plugin=php,severity=MAJOR,isTemplate=false,status=READY,language=<null>,template=<null>],priority=MAJOR,params=[]],
    org.sonar.api.rules.ActiveRule@475e586c[id=<null>,rule=Rule[id=<null>,name=S2037,key=S2037,configKey=S2037,plugin=php,severity=MAJOR,isTemplate=false,status=READY,language=<null>,template=<null>],priority=MAJOR,params=[]],
    org.sonar.api.rules.ActiveRule@657c8ad9[id=<null>,rule=Rule[id=<null>,name=S1697,key=S1697,configKey=S1697,plugin=php,severity=MAJOR,isTemplate=false,status=READY,language=<null>,template=<null>],priority=MAJOR,params=[]],
    org.sonar.api.rules.ActiveRule@436a4e4b[id=<null>,rule=Rule[id=<null>,name=S112,key=S112,configKey=S112,plugin=php,severity=MAJOR,isTemplate=false,status=READY,language=<null>,template=<null>],priority=MAJOR,params=[]],
    org.sonar.api.rules.ActiveRule@f2f2cc1[id=<null>,rule=Rule[id=<null>,name=S1185,key=S1185,configKey=S1185,plugin=php,severity=MAJOR,isTemplate=false,status=READY,language=<null>,template=<null>],priority=MAJOR,params=[]],
    org.sonar.api.rules.ActiveRule@3a079870[id=<null>,rule=Rule[id=<null>,name=S107,key=S107,configKey=S107,plugin=php,severity=MAJOR,isTemplate=false,status=READY,language=<null>,template=<null>],priority=MAJOR,params=[]],
    org.sonar.api.rules.ActiveRule@3b2cf7ab[id=<null>,rule=Rule[id=<null>,name=S905,key=S905,configKey=S905,plugin=php,severity=MAJOR,isTemplate=false,status=READY,language=<null>,template=<null>],priority=MAJOR,params=[]],
    org.sonar.api.rules.ActiveRule@2aa5fe93[id=<null>,rule=Rule[id=<null>,name=S1656,key=S1656,configKey=S1656,plugin=php,severity=MAJOR,isTemplate=false,status=READY,language=<null>,template=<null>],priority=MAJOR,params=[]],
    org.sonar.api.rules.ActiveRule@5c1a8622[id=<null>,rule=Rule[id=<null>,name=S1848,key=S1848,configKey=S1848,plugin=php,severity=MAJOR,isTemplate=false,status=READY,language=<null>,template=<null>],priority=MAJOR,params=[]],
    org.sonar.api.rules.ActiveRule@5ad851c9[id=<null>,rule=Rule[id=<null>,name=S1862,key=S1862,configKey=S1862,plugin=php,severity=MAJOR,isTemplate=false,status=READY,language=<null>,template=<null>],priority=MAJOR,params=[]],
    org.sonar.api.rules.ActiveRule@6156496[id=<null>,rule=Rule[id=<null>,name=S1871,key=S1871,configKey=S1871,plugin=php,severity=MAJOR,isTemplate=false,status=READY,language=<null>,template=<null>],priority=MAJOR,params=[]],
    org.sonar.api.rules.ActiveRule@3c153a1[id=<null>,rule=Rule[id=<null>,name=S114,key=S114,configKey=S114,plugin=php,severity=MAJOR,isTemplate=false,status=READY,language=<null>,template=<null>],priority=MAJOR,params=[]],
    org.sonar.api.rules.ActiveRule@b62fe6d[id=<null>,rule=Rule[id=<null>,name=S2068,key=S2068,configKey=S2068,plugin=php,severity=MAJOR,isTemplate=false,status=READY,language=<null>,template=<null>],priority=MAJOR,params=[]],
    org.sonar.api.rules.ActiveRule@13acb0d1[id=<null>,rule=Rule[id=<null>,name=S2681,key=S2681,configKey=S2681,plugin=php,severity=MAJOR,isTemplate=false,status=READY,language=<null>,template=<null>],priority=MAJOR,params=[]],
    org.sonar.api.rules.ActiveRule@3e3047e6[id=<null>,rule=Rule[id=<null>,name=S2260,key=S2260,configKey=S2260,plugin=php,severity=MAJOR,isTemplate=false,status=READY,language=<null>,template=<null>],priority=MAJOR,params=[]],
    org.sonar.api.rules.ActiveRule@37e547da[id=<null>,rule=Rule[id=<null>,name=S1764,key=S1764,configKey=S1764,plugin=php,severity=MAJOR,isTemplate=false,status=READY,language=<null>,template=<null>],priority=MAJOR,params=[]],
    org.sonar.api.rules.ActiveRule@2b6856dd[id=<null>,rule=Rule[id=<null>,name=DuplicatedBlocks,key=DuplicatedBlocks,configKey=DuplicatedBlocks,plugin=common-php,severity=MAJOR,isTemplate=false,status=READY,language=<null>,template=<null>],priority=MAJOR,params=[]]]>
	at org.sonar.plugins.php.PHPProfileTest.should_create_sonar_way_profile(PHPProfileTest.java:51)

Running org.sonar.plugins.php.PHPRulesDefinitionTest
Tests run: 1, Failures: 0, Errors: 0, Skipped: 0, Time elapsed: 0.38 sec - in org.sonar.plugins.php.PHPRulesDefinitionTest
Running org.sonar.plugins.php.phpunit.xml.TestSuitesTest
SLF4J: Failed to load class "org.slf4j.impl.StaticLoggerBinder".
SLF4J: Defaulting to no-operation (NOP) logger implementation
SLF4J: See http://www.slf4j.org/codes.html#StaticLoggerBinder for further details.
Tests run: 4, Failures: 0, Errors: 0, Skipped: 0, Time elapsed: 0.022 sec - in org.sonar.plugins.php.phpunit.xml.TestSuitesTest
Running org.sonar.plugins.php.PhpPluginTest
Tests run: 1, Failures: 0, Errors: 0, Skipped: 0, Time elapsed: 0.011 sec - in org.sonar.plugins.php.PhpPluginTest
Running org.sonar.plugins.php.api.PhpTest
Tests run: 2, Failures: 0, Errors: 0, Skipped: 0, Time elapsed: 0.006 sec - in org.sonar.plugins.php.api.PhpTest
Running org.sonar.plugins.php.PHPSensorTest
Tests run: 9, Failures: 0, Errors: 0, Skipped: 0, Time elapsed: 0.994 sec - in org.sonar.plugins.php.PHPSensorTest
Running org.sonar.plugins.php.phpunit.PhpUnitTestReportTest
Tests run: 1, Failures: 0, Errors: 0, Skipped: 0, Time elapsed: 0.008 sec - in org.sonar.plugins.php.phpunit.PhpUnitTestReportTest
Running org.sonar.plugins.php.duplications.PHPTokenProducerTest
Tests run: 19, Failures: 0, Errors: 0, Skipped: 0, Time elapsed: 0.133 sec - in org.sonar.plugins.php.duplications.PHPTokenProducerTest
Running org.sonar.plugins.php.core.NoSonarAndCommentedOutLocSensorTest
Tests run: 7, Failures: 0, Errors: 0, Skipped: 0, Time elapsed: 0.194 sec - in org.sonar.plugins.php.core.NoSonarAndCommentedOutLocSensorTest
Running org.sonar.plugins.php.phpunit.PhpUnitItCoverageResultParserTest
Tests run: 1, Failures: 0, Errors: 0, Skipped: 0, Time elapsed: 0.001 sec - in org.sonar.plugins.php.phpunit.PhpUnitItCoverageResultParserTest
Running org.sonar.plugins.php.phpunit.PhpUnitOverallCoverageResultParserTest
Tests run: 1, Failures: 0, Errors: 0, Skipped: 0, Time elapsed: 0.003 sec - in org.sonar.plugins.php.phpunit.PhpUnitOverallCoverageResultParserTest
Running org.sonar.plugins.php.phpunit.PhpUnitResultParserTest
Tests run: 5, Failures: 0, Errors: 0, Skipped: 0, Time elapsed: 0.239 sec - in org.sonar.plugins.php.phpunit.PhpUnitResultParserTest
Running org.sonar.plugins.php.duplications.PHPCPDMappingTest
Tests run: 2, Failures: 0, Errors: 0, Skipped: 0, Time elapsed: 0.073 sec - in org.sonar.plugins.php.duplications.PHPCPDMappingTest
Running org.sonar.plugins.php.phpunit.PhpUnitServiceTest
Tests run: 5, Failures: 0, Errors: 0, Skipped: 0, Time elapsed: 0.086 sec - in org.sonar.plugins.php.phpunit.PhpUnitServiceTest
Running org.sonar.plugins.php.phpunit.PhpUnitCoverageResultParserTest
Tests run: 6, Failures: 0, Errors: 0, Skipped: 0, Time elapsed: 0.145 sec - in org.sonar.plugins.php.phpunit.PhpUnitCoverageResultParserTest
Running org.sonar.plugins.php.DrupalProfileTest
Tests run: 1, Failures: 0, Errors: 0, Skipped: 0, Time elapsed: 0.071 sec - in org.sonar.plugins.php.DrupalProfileTest
Running org.sonar.plugins.php.PSR2ProfileTest
Tests run: 1, Failures: 0, Errors: 0, Skipped: 0, Time elapsed: 0.011 sec - in org.sonar.plugins.php.PSR2ProfileTest

Results :

Failed tests: 
  PHPProfileTest.should_create_sonar_way_profile:51 
Expected size:<64> but was:<65> in:
<[org.sonar.api.rules.ActiveRule@3ec300f1[id=<null>,rule=Rule[id=<null>,name=S1523,key=S1523,configKey=S1523,plugin=php,severity=MAJOR,isTemplate=false,status=READY,language=<null>,template=<null>],priority=MAJOR,params=[]],
    org.sonar.api.rules.ActiveRule@2893de87[id=<null>,rule=Rule[id=<null>,name=S1479,key=S1479,configKey=S1479,plugin=php,severity=MAJOR,isTemplate=false,status=READY,language=<null>,template=<null>],priority=MAJOR,params=[]],
    org.sonar.api.rules.ActiveRule@55ca8de8[id=<null>,rule=Rule[id=<null>,name=S1116,key=S1116,configKey=S1116,plugin=php,severity=MAJOR,isTemplate=false,status=READY,language=<null>,template=<null>],priority=MAJOR,params=[]],
    org.sonar.api.rules.ActiveRule@2c34f934[id=<null>,rule=Rule[id=<null>,name=S1145,key=S1145,configKey=S1145,plugin=php,severity=MAJOR,isTemplate=false,status=READY,language=<null>,template=<null>],priority=MAJOR,params=[]],
    org.sonar.api.rules.ActiveRule@12d3a4e9[id=<null>,rule=Rule[id=<null>,name=S1066,key=S1066,configKey=S1066,plugin=php,severity=MAJOR,isTemplate=false,status=READY,language=<null>,template=<null>],priority=MAJOR,params=[]],
    org.sonar.api.rules.ActiveRule@240237d2[id=<null>,rule=Rule[id=<null>,name=S1151,key=S1151,configKey=S1151,plugin=php,severity=MAJOR,isTemplate=false,status=READY,language=<null>,template=<null>],priority=MAJOR,params=[]],
    org.sonar.api.rules.ActiveRule@25a65b77[id=<null>,rule=Rule[id=<null>,name=S1142,key=S1142,configKey=S1142,plugin=php,severity=MAJOR,isTemplate=false,status=READY,language=<null>,template=<null>],priority=MAJOR,params=[]],
    org.sonar.api.rules.ActiveRule@2ed0fbae[id=<null>,rule=Rule[id=<null>,name=S1126,key=S1126,configKey=S1126,plugin=php,severity=MAJOR,isTemplate=false,status=READY,language=<null>,template=<null>],priority=MAJOR,params=[]],
    org.sonar.api.rules.ActiveRule@212bf671[id=<null>,rule=Rule[id=<null>,name=S1125,key=S1125,configKey=S1125,plugin=php,severity=MAJOR,isTemplate=false,status=READY,language=<null>,template=<null>],priority=MAJOR,params=[]],
    org.sonar.api.rules.ActiveRule@14a2f921[id=<null>,rule=Rule[id=<null>,name=S1599,key=S1599,configKey=S1599,plugin=php,severity=MAJOR,isTemplate=false,status=READY,language=<null>,template=<null>],priority=MAJOR,params=[]],
    org.sonar.api.rules.ActiveRule@3c87521[id=<null>,rule=Rule[id=<null>,name=S131,key=S131,configKey=S131,plugin=php,severity=MAJOR,isTemplate=false,status=READY,language=<null>,template=<null>],priority=MAJOR,params=[]],
    org.sonar.api.rules.ActiveRule@2aece37d[id=<null>,rule=Rule[id=<null>,name=S1301,key=S1301,configKey=S1301,plugin=php,severity=MAJOR,isTemplate=false,status=READY,language=<null>,template=<null>],priority=MAJOR,params=[]],
    org.sonar.api.rules.ActiveRule@548a102f[id=<null>,rule=Rule[id=<null>,name=S1264,key=S1264,configKey=S1264,plugin=php,severity=MAJOR,isTemplate=false,status=READY,language=<null>,template=<null>],priority=MAJOR,params=[]],
    org.sonar.api.rules.ActiveRule@5762806e[id=<null>,rule=Rule[id=<null>,name=S139,key=S139,configKey=S139,plugin=php,severity=MAJOR,isTemplate=false,status=READY,language=<null>,template=<null>],priority=MAJOR,params=[]],
    org.sonar.api.rules.ActiveRule@17c386de[id=<null>,rule=Rule[id=<null>,name=S104,key=S104,configKey=S104,plugin=php,severity=MAJOR,isTemplate=false,status=READY,language=<null>,template=<null>],priority=MAJOR,params=[]],
    org.sonar.api.rules.ActiveRule@5af97850[id=<null>,rule=Rule[id=<null>,name=S108,key=S108,configKey=S108,plugin=php,severity=MAJOR,isTemplate=false,status=READY,language=<null>,template=<null>],priority=MAJOR,params=[]],
    org.sonar.api.rules.ActiveRule@5ef60048[id=<null>,rule=Rule[id=<null>,name=S1600,key=S1600,configKey=S1600,plugin=php,severity=MAJOR,isTemplate=false,status=READY,language=<null>,template=<null>],priority=MAJOR,params=[]],
    org.sonar.api.rules.ActiveRule@1d548a08[id=<null>,rule=Rule[id=<null>,name=S134,key=S134,configKey=S134,plugin=php,severity=MAJOR,isTemplate=false,status=READY,language=<null>,template=<null>],priority=MAJOR,params=[]],
    org.sonar.api.rules.ActiveRule@16aa0a0a[id=<null>,rule=Rule[id=<null>,name=S1192,key=S1192,configKey=S1192,plugin=php,severity=MAJOR,isTemplate=false,status=READY,language=<null>,template=<null>],priority=MAJOR,params=[]],
    org.sonar.api.rules.ActiveRule@780cb77[id=<null>,rule=Rule[id=<null>,name=S1541,key=S1541,configKey=S1541,plugin=php,severity=MAJOR,isTemplate=false,status=READY,language=<null>,template=<null>],priority=MAJOR,params=[]],
    org.sonar.api.rules.ActiveRule@691a7f8f[id=<null>,rule=Rule[id=<null>,name=S105,key=S105,configKey=S105,plugin=php,severity=MAJOR,isTemplate=false,status=READY,language=<null>,template=<null>],priority=MAJOR,params=[]],
    org.sonar.api.rules.ActiveRule@50a7bc6e[id=<null>,rule=Rule[id=<null>,name=S121,key=S121,configKey=S121,plugin=php,severity=MAJOR,isTemplate=false,status=READY,language=<null>,template=<null>],priority=MAJOR,params=[]],
    org.sonar.api.rules.ActiveRule@161b062a[id=<null>,rule=Rule[id=<null>,name=S1109,key=S1109,configKey=S1109,plugin=php,severity=MAJOR,isTemplate=false,status=READY,language=<null>,template=<null>],priority=MAJOR,params=[]],
    org.sonar.api.rules.ActiveRule@17c1bced[id=<null>,rule=Rule[id=<null>,name=S907,key=S907,configKey=S907,plugin=php,severity=MAJOR,isTemplate=false,status=READY,language=<null>,template=<null>],priority=MAJOR,params=[]],
    org.sonar.api.rules.ActiveRule@2d9d4f9d[id=<null>,rule=Rule[id=<null>,name=S101,key=S101,configKey=S101,plugin=php,severity=MAJOR,isTemplate=false,status=READY,language=<null>,template=<null>],priority=MAJOR,params=[]],
    org.sonar.api.rules.ActiveRule@4034c28c[id=<null>,rule=Rule[id=<null>,name=S1172,key=S1172,configKey=S1172,plugin=php,severity=MAJOR,isTemplate=false,status=READY,language=<null>,template=<null>],priority=MAJOR,params=[]],
    org.sonar.api.rules.ActiveRule@e50a6f6[id=<null>,rule=Rule[id=<null>,name=S1067,key=S1067,configKey=S1067,plugin=php,severity=MAJOR,isTemplate=false,status=READY,language=<null>,template=<null>],priority=MAJOR,params=[]],
    org.sonar.api.rules.ActiveRule@14ec4505[id=<null>,rule=Rule[id=<null>,name=S127,key=S127,configKey=S127,plugin=php,severity=MAJOR,isTemplate=false,status=READY,language=<null>,template=<null>],priority=MAJOR,params=[]],
    org.sonar.api.rules.ActiveRule@53ca01a2[id=<null>,rule=Rule[id=<null>,name=S115,key=S115,configKey=S115,plugin=php,severity=MAJOR,isTemplate=false,status=READY,language=<null>,template=<null>],priority=MAJOR,params=[]],
    org.sonar.api.rules.ActiveRule@358c99f5[id=<null>,rule=Rule[id=<null>,name=S138,key=S138,configKey=S138,plugin=php,severity=MAJOR,isTemplate=false,status=READY,language=<null>,template=<null>],priority=MAJOR,params=[]],
    org.sonar.api.rules.ActiveRule@3ee0fea4[id=<null>,rule=Rule[id=<null>,name=S1448,key=S1448,configKey=S1448,plugin=php,severity=MAJOR,isTemplate=false,status=READY,language=<null>,template=<null>],priority=MAJOR,params=[]],
    org.sonar.api.rules.ActiveRule@48524010[id=<null>,rule=Rule[id=<null>,name=S1135,key=S1135,configKey=S1135,plugin=php,severity=MAJOR,isTemplate=false,status=READY,language=<null>,template=<null>],priority=MAJOR,params=[]],
    org.sonar.api.rules.ActiveRule@4b168fa9[id=<null>,rule=Rule[id=<null>,name=S1134,key=S1134,configKey=S1134,plugin=php,severity=MAJOR,isTemplate=false,status=READY,language=<null>,template=<null>],priority=MAJOR,params=[]],
    org.sonar.api.rules.ActiveRule@1a84f40f[id=<null>,rule=Rule[id=<null>,name=S1603,key=S1603,configKey=S1603,plugin=php,severity=MAJOR,isTemplate=false,status=READY,language=<null>,template=<null>],priority=MAJOR,params=[]],
    org.sonar.api.rules.ActiveRule@23282c25[id=<null>,rule=Rule[id=<null>,name=S1605,key=S1605,configKey=S1605,plugin=php,severity=MAJOR,isTemplate=false,status=READY,language=<null>,template=<null>],priority=MAJOR,params=[]],
    org.sonar.api.rules.ActiveRule@7920ba90[id=<null>,rule=Rule[id=<null>,name=S1068,key=S1068,configKey=S1068,plugin=php,severity=MAJOR,isTemplate=false,status=READY,language=<null>,template=<null>],priority=MAJOR,params=[]],
    org.sonar.api.rules.ActiveRule@6b419da[id=<null>,rule=Rule[id=<null>,name=S1481,key=S1481,configKey=S1481,plugin=php,severity=MAJOR,isTemplate=false,status=READY,language=<null>,template=<null>],priority=MAJOR,params=[]],
    org.sonar.api.rules.ActiveRule@3b2da18f[id=<null>,rule=Rule[id=<null>,name=S122,key=S122,configKey=S122,plugin=php,severity=MAJOR,isTemplate=false,status=READY,language=<null>,template=<null>],priority=MAJOR,params=[]],
    org.sonar.api.rules.ActiveRule@5906ebcb[id=<null>,rule=Rule[id=<null>,name=S881,key=S881,configKey=S881,plugin=php,severity=MAJOR,isTemplate=false,status=READY,language=<null>,template=<null>],priority=MAJOR,params=[]],
    org.sonar.api.rules.ActiveRule@258e2e41[id=<null>,rule=Rule[id=<null>,name=S1488,key=S1488,configKey=S1488,plugin=php,severity=MAJOR,isTemplate=false,status=READY,language=<null>,template=<null>],priority=MAJOR,params=[]],
    org.sonar.api.rules.ActiveRule@3d299e3[id=<null>,rule=Rule[id=<null>,name=S125,key=S125,configKey=S125,plugin=php,severity=MAJOR,isTemplate=false,status=READY,language=<null>,template=<null>],priority=MAJOR,params=[]],
    org.sonar.api.rules.ActiveRule@55a561cf[id=<null>,rule=Rule[id=<null>,name=S1788,key=S1788,configKey=S1788,plugin=php,severity=MAJOR,isTemplate=false,status=READY,language=<null>,template=<null>],priority=MAJOR,params=[]],
    org.sonar.api.rules.ActiveRule@3b938003[id=<null>,rule=Rule[id=<null>,name=S2041,key=S2041,configKey=S2041,plugin=php,severity=MAJOR,isTemplate=false,status=READY,language=<null>,template=<null>],priority=MAJOR,params=[]],
    org.sonar.api.rules.ActiveRule@6f3b5d16[id=<null>,rule=Rule[id=<null>,name=S2014,key=S2014,configKey=S2014,plugin=php,severity=MAJOR,isTemplate=false,status=READY,language=<null>,template=<null>],priority=MAJOR,params=[]],
    org.sonar.api.rules.ActiveRule@78b1cc93[id=<null>,rule=Rule[id=<null>,name=S1998,key=S1998,configKey=S1998,plugin=php,severity=MAJOR,isTemplate=false,status=READY,language=<null>,template=<null>],priority=MAJOR,params=[]],
    org.sonar.api.rules.ActiveRule@6646153[id=<null>,rule=Rule[id=<null>,name=S2010,key=S2010,configKey=S2010,plugin=php,severity=MAJOR,isTemplate=false,status=READY,language=<null>,template=<null>],priority=MAJOR,params=[]],
    org.sonar.api.rules.ActiveRule@21507a04[id=<null>,rule=Rule[id=<null>,name=S1536,key=S1536,configKey=S1536,plugin=php,severity=MAJOR,isTemplate=false,status=READY,language=<null>,template=<null>],priority=MAJOR,params=[]],
    org.sonar.api.rules.ActiveRule@143640d5[id=<null>,rule=Rule[id=<null>,name=S1763,key=S1763,configKey=S1763,plugin=php,severity=MAJOR,isTemplate=false,status=READY,language=<null>,template=<null>],priority=MAJOR,params=[]],
    org.sonar.api.rules.ActiveRule@6295d394[id=<null>,rule=Rule[id=<null>,name=S1144,key=S1144,configKey=S1144,plugin=php,severity=MAJOR,isTemplate=false,status=READY,language=<null>,template=<null>],priority=MAJOR,params=[]],
    org.sonar.api.rules.ActiveRule@475e586c[id=<null>,rule=Rule[id=<null>,name=S2037,key=S2037,configKey=S2037,plugin=php,severity=MAJOR,isTemplate=false,status=READY,language=<null>,template=<null>],priority=MAJOR,params=[]],
    org.sonar.api.rules.ActiveRule@657c8ad9[id=<null>,rule=Rule[id=<null>,name=S1697,key=S1697,configKey=S1697,plugin=php,severity=MAJOR,isTemplate=false,status=READY,language=<null>,template=<null>],priority=MAJOR,params=[]],
    org.sonar.api.rules.ActiveRule@436a4e4b[id=<null>,rule=Rule[id=<null>,name=S112,key=S112,configKey=S112,plugin=php,severity=MAJOR,isTemplate=false,status=READY,language=<null>,template=<null>],priority=MAJOR,params=[]],
    org.sonar.api.rules.ActiveRule@f2f2cc1[id=<null>,rule=Rule[id=<null>,name=S1185,key=S1185,configKey=S1185,plugin=php,severity=MAJOR,isTemplate=false,status=READY,language=<null>,template=<null>],priority=MAJOR,params=[]],
    org.sonar.api.rules.ActiveRule@3a079870[id=<null>,rule=Rule[id=<null>,name=S107,key=S107,configKey=S107,plugin=php,severity=MAJOR,isTemplate=false,status=READY,language=<null>,template=<null>],priority=MAJOR,params=[]],
    org.sonar.api.rules.ActiveRule@3b2cf7ab[id=<null>,rule=Rule[id=<null>,name=S905,key=S905,configKey=S905,plugin=php,severity=MAJOR,isTemplate=false,status=READY,language=<null>,template=<null>],priority=MAJOR,params=[]],
    org.sonar.api.rules.ActiveRule@2aa5fe93[id=<null>,rule=Rule[id=<null>,name=S1656,key=S1656,configKey=S1656,plugin=php,severity=MAJOR,isTemplate=false,status=READY,language=<null>,template=<null>],priority=MAJOR,params=[]],
    org.sonar.api.rules.ActiveRule@5c1a8622[id=<null>,rule=Rule[id=<null>,name=S1848,key=S1848,configKey=S1848,plugin=php,severity=MAJOR,isTemplate=false,status=READY,language=<null>,template=<null>],priority=MAJOR,params=[]],
    org.sonar.api.rules.ActiveRule@5ad851c9[id=<null>,rule=Rule[id=<null>,name=S1862,key=S1862,configKey=S1862,plugin=php,severity=MAJOR,isTemplate=false,status=READY,language=<null>,template=<null>],priority=MAJOR,params=[]],
    org.sonar.api.rules.ActiveRule@6156496[id=<null>,rule=Rule[id=<null>,name=S1871,key=S1871,configKey=S1871,plugin=php,severity=MAJOR,isTemplate=false,status=READY,language=<null>,template=<null>],priority=MAJOR,params=[]],
    org.sonar.api.rules.ActiveRule@3c153a1[id=<null>,rule=Rule[id=<null>,name=S114,key=S114,configKey=S114,plugin=php,severity=MAJOR,isTemplate=false,status=READY,language=<null>,template=<null>],priority=MAJOR,params=[]],
    org.sonar.api.rules.ActiveRule@b62fe6d[id=<null>,rule=Rule[id=<null>,name=S2068,key=S2068,configKey=S2068,plugin=php,severity=MAJOR,isTemplate=false,status=READY,language=<null>,template=<null>],priority=MAJOR,params=[]],
    org.sonar.api.rules.ActiveRule@13acb0d1[id=<null>,rule=Rule[id=<null>,name=S2681,key=S2681,configKey=S2681,plugin=php,severity=MAJOR,isTemplate=false,status=READY,language=<null>,template=<null>],priority=MAJOR,params=[]],
    org.sonar.api.rules.ActiveRule@3e3047e6[id=<null>,rule=Rule[id=<null>,name=S2260,key=S2260,configKey=S2260,plugin=php,severity=MAJOR,isTemplate=false,status=READY,language=<null>,template=<null>],priority=MAJOR,params=[]],
    org.sonar.api.rules.ActiveRule@37e547da[id=<null>,rule=Rule[id=<null>,name=S1764,key=S1764,configKey=S1764,plugin=php,severity=MAJOR,isTemplate=false,status=READY,language=<null>,template=<null>],priority=MAJOR,params=[]],
    org.sonar.api.rules.ActiveRule@2b6856dd[id=<null>,rule=Rule[id=<null>,name=DuplicatedBlocks,key=DuplicatedBlocks,configKey=DuplicatedBlocks,plugin=common-php,severity=MAJOR,isTemplate=false,status=READY,language=<null>,template=<null>],priority=MAJOR,params=[]]]>



Tests run: 67, Failures: 1, Errors: 0, Skipped: 0

[INFO] ------------------------------------------------------------------------
[INFO] Reactor Summary:
[INFO] 
[INFO] PHP ................................................ SUCCESS [  3.534 s]
[INFO] PHP :: Frontend .................................... SUCCESS [ 28.715 s]
[INFO] PHP :: Checks ...................................... SUCCESS [ 10.430 s]
[INFO] PHP :: Sonar Plugin ................................ FAILURE [  7.646 s]
[INFO] ------------------------------------------------------------------------
[INFO] BUILD FAILURE
[INFO] ------------------------------------------------------------------------
[INFO] Total time: 51.532 s
[INFO] Finished at: 2016-10-11T15:11:33+00:00
[INFO] Final Memory: 31M/333M
[INFO] ------------------------------------------------------------------------
[ERROR] Failed to execute goal org.apache.maven.plugins:maven-surefire-plugin:2.18:test (default-test) on project sonar-php-plugin: There are test failures.
[ERROR] 
[ERROR] Please refer to /home/travis/build/SonarSource/sonar-php/sonar-php-plugin/target/surefire-reports for the individual test results.
[ERROR] -> [Help 1]
org.apache.maven.lifecycle.LifecycleExecutionException: Failed to execute goal org.apache.maven.plugins:maven-surefire-plugin:2.18:test (default-test) on project sonar-php-plugin: There are test failures.

Please refer to /home/travis/build/SonarSource/sonar-php/sonar-php-plugin/target/surefire-reports for the individual test results.
	at org.apache.maven.lifecycle.internal.MojoExecutor.execute(MojoExecutor.java:212)
	at org.apache.maven.lifecycle.internal.MojoExecutor.execute(MojoExecutor.java:153)
	at org.apache.maven.lifecycle.internal.MojoExecutor.execute(MojoExecutor.java:145)
	at org.apache.maven.lifecycle.internal.LifecycleModuleBuilder.buildProject(LifecycleModuleBuilder.java:116)
	at org.apache.maven.lifecycle.internal.LifecycleModuleBuilder.buildProject(LifecycleModuleBuilder.java:80)
	at org.apache.maven.lifecycle.internal.builder.singlethreaded.SingleThreadedBuilder.build(SingleThreadedBuilder.java:51)
	at org.apache.maven.lifecycle.internal.LifecycleStarter.execute(LifecycleStarter.java:120)
	at org.apache.maven.DefaultMaven.doExecute(DefaultMaven.java:355)
	at org.apache.maven.DefaultMaven.execute(DefaultMaven.java:155)
	at org.apache.maven.cli.MavenCli.execute(MavenCli.java:584)
	at org.apache.maven.cli.MavenCli.doMain(MavenCli.java:216)
	at org.apache.maven.cli.MavenCli.main(MavenCli.java:160)
	at sun.reflect.NativeMethodAccessorImpl.invoke0(Native Method)
	at sun.reflect.NativeMethodAccessorImpl.invoke(NativeMethodAccessorImpl.java:62)
	at sun.reflect.DelegatingMethodAccessorImpl.invoke(DelegatingMethodAccessorImpl.java:43)
	at java.lang.reflect.Method.invoke(Method.java:483)
	at org.codehaus.plexus.classworlds.launcher.Launcher.launchEnhanced(Launcher.java:289)
	at org.codehaus.plexus.classworlds.launcher.Launcher.launch(Launcher.java:229)
	at org.codehaus.plexus.classworlds.launcher.Launcher.mainWithExitCode(Launcher.java:415)
	at org.codehaus.plexus.classworlds.launcher.Launcher.main(Launcher.java:356)
Caused by: org.apache.maven.plugin.MojoFailureException: There are test failures.

Please refer to /home/travis/build/SonarSource/sonar-php/sonar-php-plugin/target/surefire-reports for the individual test results.
	at org.apache.maven.plugin.surefire.SurefireHelper.reportExecution(SurefireHelper.java:82)
	at org.apache.maven.plugin.surefire.SurefirePlugin.handleSummary(SurefirePlugin.java:213)
	at org.apache.maven.plugin.surefire.AbstractSurefireMojo.executeAfterPreconditionsChecked(AbstractSurefireMojo.java:883)
	at org.apache.maven.plugin.surefire.AbstractSurefireMojo.execute(AbstractSurefireMojo.java:751)
	at org.apache.maven.plugin.DefaultBuildPluginManager.executeMojo(DefaultBuildPluginManager.java:132)
	at org.apache.maven.lifecycle.internal.MojoExecutor.execute(MojoExecutor.java:208)
	... 19 more
[ERROR] 
[ERROR] Re-run Maven using the -X switch to enable full debug logging.
[ERROR] 
[ERROR] For more information about the errors and possible solutions, please read the following articles:
[ERROR] [Help 1] http://cwiki.apache.org/confluence/display/MAVEN/MojoFailureException
[ERROR] 
[ERROR] After correcting the problems, you can resume the build with the command
[ERROR]   mvn <goals> -rf :sonar-php-plugin

travis_time:end:0cfb268d:start=1476198640154157788,finish=1476198694819703459,duration=54665545671[0K
[31;1mThe command "./travis.sh" exited with 1.[0m
travis_fold:start:cache.2[0Kstore build cache
travis_time:start:109d03fa[0K
travis_time:end:109d03fa:start=1476198694824146149,finish=1476198694827736213,duration=3590064[0Ktravis_time:start:07a4336a[0K[32;1mnothing changed, not updating cache[0m

travis_time:end:07a4336a:start=1476198694831769542,finish=1476198695425223907,duration=593454365[0Ktravis_fold:end:cache.2[0K
Done. Your build exited with 1.
