Using worker: worker-linux-docker-a044e458.prod.travis-ci.org:travis-linux-14

travis_fold:start:system_info[0K[33;1mBuild system information[0m
Build language: java
Build group: stable
Build dist: precise
[34m[1mBuild image provisioning date and time[0m
Thu Feb  5 15:09:33 UTC 2015
[34m[1mOperating System Details[0m
Distributor ID:	Ubuntu
Description:	Ubuntu 12.04.5 LTS
Release:	12.04
Codename:	precise
[34m[1mLinux Version[0m
3.13.0-29-generic
[34m[1mCookbooks Version[0m
a68419e https://github.com/travis-ci/travis-cookbooks/tree/a68419e
[34m[1mGCC version[0m
gcc (Ubuntu/Linaro 4.6.3-1ubuntu5) 4.6.3
Copyright (C) 2011 Free Software Foundation, Inc.
This is free software; see the source for copying conditions.  There is NO
warranty; not even for MERCHANTABILITY or FITNESS FOR A PARTICULAR PURPOSE.

[34m[1mLLVM version[0m
clang version 3.4 (tags/RELEASE_34/final)
Target: x86_64-unknown-linux-gnu
Thread model: posix
[34m[1mPre-installed Ruby versions[0m
ruby-1.9.3-p551
[34m[1mPre-installed Node.js versions[0m
v0.10.36
[34m[1mPre-installed Go versions[0m
1.4.1
[34m[1mRedis version[0m
redis-server 2.8.19
[34m[1mriak version[0m
2.0.2
[34m[1mMongoDB version[0m
MongoDB 2.4.12
[34m[1mCouchDB version[0m
couchdb 1.6.1
[34m[1mNeo4j version[0m
1.9.4
[34m[1mRabbitMQ Version[0m
3.4.3
[34m[1mElasticSearch version[0m
1.4.0
[34m[1mInstalled Sphinx versions[0m
2.0.10
2.1.9
2.2.6
[34m[1mDefault Sphinx version[0m
2.2.6
[34m[1mInstalled Firefox version[0m
firefox 31.0esr
[34m[1mPhantomJS version[0m
1.9.8
[34m[1mant -version[0m
Apache Ant(TM) version 1.8.2 compiled on December 3 2011
[34m[1mmvn -version[0m
Apache Maven 3.2.5 (12a6b3acb947671f09b81f49094c53f426d8cea1; 2014-12-14T17:29:23+00:00)
Maven home: /usr/local/maven
Java version: 1.7.0_76, vendor: Oracle Corporation
Java home: /usr/lib/jvm/java-7-oracle/jre
Default locale: en_US, platform encoding: ANSI_X3.4-1968
OS name: "linux", version: "3.13.0-29-generic", arch: "amd64", family: "unix"
travis_fold:end:system_info[0K
travis_fold:start:fix.CVE-2015-7547[0K$ export DEBIAN_FRONTEND=noninteractive
W: Size of file /var/lib/apt/lists/us.archive.ubuntu.com_ubuntu_dists_precise-backports_multiverse_source_Sources.gz is not what the server reported 5886 5888
W: Size of file /var/lib/apt/lists/ppa.launchpad.net_ubuntugis_ppa_ubuntu_dists_precise_main_binary-amd64_Packages.gz is not what the server reported 36669 36677
W: Size of file /var/lib/apt/lists/ppa.launchpad.net_ubuntugis_ppa_ubuntu_dists_precise_main_binary-i386_Packages.gz is not what the server reported 36729 36733
Reading package lists...
Building dependency tree...
Reading state information...
The following extra packages will be installed:
  libc-bin libc-dev-bin libc6-dev
Suggested packages:
  glibc-doc
The following packages will be upgraded:
  libc-bin libc-dev-bin libc6 libc6-dev
4 upgraded, 0 newly installed, 0 to remove and 247 not upgraded.
Need to get 8,840 kB of archives.
After this operation, 14.3 kB disk space will be freed.
Get:1 http://us.archive.ubuntu.com/ubuntu/ precise-updates/main libc6-dev amd64 2.15-0ubuntu10.15 [2,943 kB]
Get:2 http://us.archive.ubuntu.com/ubuntu/ precise-updates/main libc-dev-bin amd64 2.15-0ubuntu10.15 [84.7 kB]
Get:3 http://us.archive.ubuntu.com/ubuntu/ precise-updates/main libc-bin amd64 2.15-0ubuntu10.15 [1,177 kB]
Get:4 http://us.archive.ubuntu.com/ubuntu/ precise-updates/main libc6 amd64 2.15-0ubuntu10.15 [4,636 kB]
Fetched 8,840 kB in 0s (33.9 MB/s)
Preconfiguring packages ...
(Reading database ... (Reading database ... 5%(Reading database ... 10%(Reading database ... 15%(Reading database ... 20%(Reading database ... 25%(Reading database ... 30%(Reading database ... 35%(Reading database ... 40%(Reading database ... 45%(Reading database ... 50%(Reading database ... 55%(Reading database ... 60%(Reading database ... 65%(Reading database ... 70%(Reading database ... 75%(Reading database ... 80%(Reading database ... 85%(Reading database ... 90%(Reading database ... 95%(Reading database ... 100%(Reading database ... 72019 files and directories currently installed.)
Preparing to replace libc6-dev 2.15-0ubuntu10.10 (using .../libc6-dev_2.15-0ubuntu10.15_amd64.deb) ...
Unpacking replacement libc6-dev ...
Preparing to replace libc-dev-bin 2.15-0ubuntu10.10 (using .../libc-dev-bin_2.15-0ubuntu10.15_amd64.deb) ...
Unpacking replacement libc-dev-bin ...
Preparing to replace libc-bin 2.15-0ubuntu10.10 (using .../libc-bin_2.15-0ubuntu10.15_amd64.deb) ...
Unpacking replacement libc-bin ...
Processing triggers for man-db ...
Setting up libc-bin (2.15-0ubuntu10.15) ...
(Reading database ... (Reading database ... 5%(Reading database ... 10%(Reading database ... 15%(Reading database ... 20%(Reading database ... 25%(Reading database ... 30%(Reading database ... 35%(Reading database ... 40%(Reading database ... 45%(Reading database ... 50%(Reading database ... 55%(Reading database ... 60%(Reading database ... 65%(Reading database ... 70%(Reading database ... 75%(Reading database ... 80%(Reading database ... 85%(Reading database ... 90%(Reading database ... 95%(Reading database ... 100%(Reading database ... 72018 files and directories currently installed.)
Preparing to replace libc6 2.15-0ubuntu10.10 (using .../libc6_2.15-0ubuntu10.15_amd64.deb) ...
Unpacking replacement libc6 ...
Setting up libc6 (2.15-0ubuntu10.15) ...
Setting up libc-dev-bin (2.15-0ubuntu10.15) ...
Setting up libc6-dev (2.15-0ubuntu10.15) ...
Processing triggers for libc-bin ...
ldconfig deferred processing now taking place
travis_fold:end:fix.CVE-2015-7547[0Ktravis_fold:start:git.checkout[0Ktravis_time:start:115f7a0c[0K$ git clone --depth=50 https://github.com/square/okio.git square/okio
Cloning into 'square/okio'...
remote: Counting objects: 629, done.[K
remote: Compressing objects:   0% (1/368)   [Kremote: Compressing objects:   1% (4/368)   [Kremote: Compressing objects:   2% (8/368)   [Kremote: Compressing objects:   3% (12/368)   [Kremote: Compressing objects:   4% (15/368)   [Kremote: Compressing objects:   5% (19/368)   [Kremote: Compressing objects:   6% (23/368)   [Kremote: Compressing objects:   7% (26/368)   [Kremote: Compressing objects:   8% (30/368)   [Kremote: Compressing objects:   9% (34/368)   [Kremote: Compressing objects:  10% (37/368)   [Kremote: Compressing objects:  11% (41/368)   [Kremote: Compressing objects:  12% (45/368)   [Kremote: Compressing objects:  13% (48/368)   [Kremote: Compressing objects:  14% (52/368)   [Kremote: Compressing objects:  15% (56/368)   [Kremote: Compressing objects:  16% (59/368)   [Kremote: Compressing objects:  17% (63/368)   [Kremote: Compressing objects:  18% (67/368)   [Kremote: Compressing objects:  19% (70/368)   [Kremote: Compressing objects:  20% (74/368)   [Kremote: Compressing objects:  21% (78/368)   [Kremote: Compressing objects:  22% (81/368)   [Kremote: Compressing objects:  23% (85/368)   [Kremote: Compressing objects:  24% (89/368)   [Kremote: Compressing objects:  25% (92/368)   [Kremote: Compressing objects:  26% (96/368)   [Kremote: Compressing objects:  27% (100/368)   [Kremote: Compressing objects:  28% (104/368)   [Kremote: Compressing objects:  29% (107/368)   [Kremote: Compressing objects:  30% (111/368)   [Kremote: Compressing objects:  31% (115/368)   [Kremote: Compressing objects:  32% (118/368)   [Kremote: Compressing objects:  33% (122/368)   [Kremote: Compressing objects:  34% (126/368)   [Kremote: Compressing objects:  35% (129/368)   [Kremote: Compressing objects:  36% (133/368)   [Kremote: Compressing objects:  37% (137/368)   [Kremote: Compressing objects:  38% (140/368)   [Kremote: Compressing objects:  39% (144/368)   [Kremote: Compressing objects:  40% (148/368)   [Kremote: Compressing objects:  41% (151/368)   [Kremote: Compressing objects:  42% (155/368)   [Kremote: Compressing objects:  43% (159/368)   [Kremote: Compressing objects:  44% (162/368)   [Kremote: Compressing objects:  45% (166/368)   [Kremote: Compressing objects:  46% (170/368)   [Kremote: Compressing objects:  47% (173/368)   [Kremote: Compressing objects:  48% (177/368)   [Kremote: Compressing objects:  49% (181/368)   [Kremote: Compressing objects:  50% (184/368)   [Kremote: Compressing objects:  51% (188/368)   [Kremote: Compressing objects:  52% (192/368)   [Kremote: Compressing objects:  53% (196/368)   [Kremote: Compressing objects:  54% (199/368)   [Kremote: Compressing objects:  55% (203/368)   [Kremote: Compressing objects:  56% (207/368)   [Kremote: Compressing objects:  57% (210/368)   [Kremote: Compressing objects:  58% (214/368)   [Kremote: Compressing objects:  59% (218/368)   [Kremote: Compressing objects:  60% (221/368)   [Kremote: Compressing objects:  61% (225/368)   [Kremote: Compressing objects:  62% (229/368)   [Kremote: Compressing objects:  63% (232/368)   [Kremote: Compressing objects:  64% (236/368)   [Kremote: Compressing objects:  65% (240/368)   [Kremote: Compressing objects:  66% (243/368)   [Kremote: Compressing objects:  67% (247/368)   [Kremote: Compressing objects:  68% (251/368)   [Kremote: Compressing objects:  69% (254/368)   [Kremote: Compressing objects:  70% (258/368)   [Kremote: Compressing objects:  71% (262/368)   [Kremote: Compressing objects:  72% (265/368)   [Kremote: Compressing objects:  73% (269/368)   [Kremote: Compressing objects:  74% (273/368)   [Kremote: Compressing objects:  75% (276/368)   [Kremote: Compressing objects:  76% (280/368)   [Kremote: Compressing objects:  77% (284/368)   [Kremote: Compressing objects:  78% (288/368)   [Kremote: Compressing objects:  79% (291/368)   [Kremote: Compressing objects:  80% (295/368)   [Kremote: Compressing objects:  81% (299/368)   [Kremote: Compressing objects:  82% (302/368)   [Kremote: Compressing objects:  83% (306/368)   [Kremote: Compressing objects:  84% (310/368)   [Kremote: Compressing objects:  85% (313/368)   [Kremote: Compressing objects:  86% (317/368)   [Kremote: Compressing objects:  87% (321/368)   [Kremote: Compressing objects:  88% (324/368)   [Kremote: Compressing objects:  89% (328/368)   [Kremote: Compressing objects:  90% (332/368)   [Kremote: Compressing objects:  91% (335/368)   [Kremote: Compressing objects:  92% (339/368)   [Kremote: Compressing objects:  93% (343/368)   [Kremote: Compressing objects:  94% (346/368)   [Kremote: Compressing objects:  95% (350/368)   [Kremote: Compressing objects:  96% (354/368)   [Kremote: Compressing objects:  97% (357/368)   [Kremote: Compressing objects:  98% (361/368)   [Kremote: Compressing objects:  99% (365/368)   [Kremote: Compressing objects: 100% (368/368)   [Kremote: Compressing objects: 100% (368/368), done.[K
Receiving objects:   0% (1/629)   Receiving objects:   1% (7/629)   Receiving objects:   2% (13/629)   Receiving objects:   3% (19/629)   Receiving objects:   4% (26/629)   Receiving objects:   5% (32/629)   Receiving objects:   6% (38/629)   Receiving objects:   7% (45/629)   Receiving objects:   8% (51/629)   Receiving objects:   9% (57/629)   Receiving objects:  10% (63/629)   Receiving objects:  11% (70/629)   Receiving objects:  12% (76/629)   Receiving objects:  13% (82/629)   Receiving objects:  14% (89/629)   Receiving objects:  15% (95/629)   Receiving objects:  16% (101/629)   Receiving objects:  17% (107/629)   Receiving objects:  18% (114/629)   Receiving objects:  19% (120/629)   Receiving objects:  20% (126/629)   Receiving objects:  21% (133/629)   Receiving objects:  22% (139/629)   Receiving objects:  23% (145/629)   Receiving objects:  24% (151/629)   Receiving objects:  25% (158/629)   Receiving objects:  26% (164/629)   Receiving objects:  27% (170/629)   Receiving objects:  28% (177/629)   Receiving objects:  29% (183/629)   Receiving objects:  30% (189/629)   Receiving objects:  31% (195/629)   Receiving objects:  32% (202/629)   Receiving objects:  33% (208/629)   Receiving objects:  34% (214/629)   Receiving objects:  35% (221/629)   Receiving objects:  36% (227/629)   Receiving objects:  37% (233/629)   Receiving objects:  38% (240/629)   Receiving objects:  39% (246/629)   Receiving objects:  40% (252/629)   Receiving objects:  41% (258/629)   Receiving objects:  42% (265/629)   Receiving objects:  43% (271/629)   Receiving objects:  44% (277/629)   Receiving objects:  45% (284/629)   Receiving objects:  46% (290/629)   Receiving objects:  47% (296/629)   Receiving objects:  48% (302/629)   Receiving objects:  49% (309/629)   Receiving objects:  50% (315/629)   Receiving objects:  51% (321/629)   Receiving objects:  52% (328/629)   Receiving objects:  53% (334/629)   Receiving objects:  54% (340/629)   Receiving objects:  55% (346/629)   Receiving objects:  56% (353/629)   Receiving objects:  57% (359/629)   Receiving objects:  58% (365/629)   Receiving objects:  59% (372/629)   Receiving objects:  60% (378/629)   Receiving objects:  61% (384/629)   Receiving objects:  62% (390/629)   Receiving objects:  63% (397/629)   Receiving objects:  64% (403/629)   Receiving objects:  65% (409/629)   Receiving objects:  66% (416/629)   Receiving objects:  67% (422/629)   Receiving objects:  68% (428/629)   Receiving objects:  69% (435/629)   Receiving objects:  70% (441/629)   Receiving objects:  71% (447/629)   Receiving objects:  72% (453/629)   Receiving objects:  73% (460/629)   Receiving objects:  74% (466/629)   Receiving objects:  75% (472/629)   Receiving objects:  76% (479/629)   Receiving objects:  77% (485/629)   Receiving objects:  78% (491/629)   Receiving objects:  79% (497/629)   Receiving objects:  80% (504/629)   remote: Total 629 (delta 254), reused 482 (delta 135), pack-reused 0[K
Receiving objects:  81% (510/629)   Receiving objects:  82% (516/629)   Receiving objects:  83% (523/629)   Receiving objects:  84% (529/629)   Receiving objects:  85% (535/629)   Receiving objects:  86% (541/629)   Receiving objects:  87% (548/629)   Receiving objects:  88% (554/629)   Receiving objects:  89% (560/629)   Receiving objects:  90% (567/629)   Receiving objects:  91% (573/629)   Receiving objects:  92% (579/629)   Receiving objects:  93% (585/629)   Receiving objects:  94% (592/629)   Receiving objects:  95% (598/629)   Receiving objects:  96% (604/629)   Receiving objects:  97% (611/629)   Receiving objects:  98% (617/629)   Receiving objects:  99% (623/629)   Receiving objects: 100% (629/629)   Receiving objects: 100% (629/629), 194.71 KiB | 0 bytes/s, done.
Resolving deltas:   0% (0/254)   Resolving deltas:  24% (62/254)   Resolving deltas:  27% (70/254)   Resolving deltas:  29% (75/254)   Resolving deltas:  36% (93/254)   Resolving deltas:  50% (127/254)   Resolving deltas:  51% (130/254)   Resolving deltas:  56% (144/254)   Resolving deltas:  57% (145/254)   Resolving deltas:  59% (151/254)   Resolving deltas:  62% (160/254)   Resolving deltas:  63% (161/254)   Resolving deltas:  64% (163/254)   Resolving deltas:  65% (166/254)   Resolving deltas:  67% (171/254)   Resolving deltas:  68% (174/254)   Resolving deltas:  71% (181/254)   Resolving deltas:  72% (183/254)   Resolving deltas:  74% (188/254)   Resolving deltas:  75% (191/254)   Resolving deltas:  83% (212/254)   Resolving deltas:  85% (218/254)   Resolving deltas:  87% (221/254)   Resolving deltas:  89% (228/254)   Resolving deltas:  92% (234/254)   Resolving deltas:  94% (239/254)   Resolving deltas:  95% (242/254)   Resolving deltas:  99% (252/254)   Resolving deltas: 100% (254/254)   Resolving deltas: 100% (254/254), done.
Checking connectivity... done.

travis_time:end:115f7a0c:start=1467003605514755032,finish=1467003609696178167,duration=4181423135[0K$ cd square/okio
travis_time:start:00f28ae4[0K$ git fetch origin +refs/pull/232/merge:
remote: Counting objects: 15, done.[K
remote: Compressing objects:  25% (1/4)   [Kremote: Compressing objects:  50% (2/4)   [Kremote: Compressing objects:  75% (3/4)   [Kremote: Compressing objects: 100% (4/4)   [Kremote: Compressing objects: 100% (4/4), done.[K
remote: Total 15 (delta 7), reused 15 (delta 7), pack-reused 0[K
Unpacking objects:   6% (1/15)   Unpacking objects:  13% (2/15)   Unpacking objects:  20% (3/15)   Unpacking objects:  26% (4/15)   Unpacking objects:  33% (5/15)   Unpacking objects:  40% (6/15)   Unpacking objects:  46% (7/15)   Unpacking objects:  53% (8/15)   Unpacking objects:  60% (9/15)   Unpacking objects:  66% (10/15)   Unpacking objects:  73% (11/15)   Unpacking objects:  80% (12/15)   Unpacking objects:  86% (13/15)   Unpacking objects:  93% (14/15)   Unpacking objects: 100% (15/15)   Unpacking objects: 100% (15/15), done.
From https://github.com/square/okio
 * branch            refs/pull/232/merge -> FETCH_HEAD

travis_time:end:00f28ae4:start=1467003609699762795,finish=1467003610483298724,duration=783535929[0K$ git checkout -qf FETCH_HEAD
travis_fold:end:git.checkout[0K
[33;1mThis job is running on container-based infrastructure, which does not allow use of 'sudo', setuid and setguid executables.[0m
[33;1mIf you require sudo, add 'sudo: required' to your .travis.yml[0m
[33;1mSee https://docs.travis-ci.com/user/workers/container-based-infrastructure/ for details.[0m

[33;1mSetting environment variables from .travis.yml[0m
$ export CI_DEPLOY_USERNAME=[secure]
$ export CI_DEPLOY_PASSWORD=[secure]

$ jdk_switcher use oraclejdk7
Switching to Oracle JDK7 (java-7-oracle), JAVA_HOME will be set to /usr/lib/jvm/java-7-oracle
travis_fold:start:cache.1[0KSetting up build cache
$ export CASHER_DIR=$HOME/.casher
travis_time:start:00b81adc[0K$ Installing caching utilities

travis_time:end:00b81adc:start=1467003612059913205,finish=1467003612105914393,duration=46001188[0Ktravis_time:start:0961fe78[0K
travis_time:end:0961fe78:start=1467003612110341226,finish=1467003612113381219,duration=3039993[0Ktravis_time:start:07b26bdb[0K[32;1mattempting to download cache archive[0m
[32;1mfetching PR.232/cache-linux-precise-e3b0c44298fc1c149afbf4c8996fb92427ae41e4649b934ca495991b7852b855--jdk-oraclejdk7.tgz[0m
[32;1mfound cache[0m

travis_time:end:07b26bdb:start=1467003612116986928,finish=1467003612669091687,duration=552104759[0Ktravis_time:start:25653e37[0K
travis_time:end:25653e37:start=1467003612672742701,finish=1467003612675915402,duration=3172701[0Ktravis_time:start:094ccda0[0K[32;1madding /home/travis/.m2 to cache[0m

travis_time:end:094ccda0:start=1467003612679546079,finish=1467003614007942565,duration=1328396486[0Ktravis_fold:end:cache.1[0K$ java -Xmx32m -version
java version "1.7.0_76"
Java(TM) SE Runtime Environment (build 1.7.0_76-b13)
Java HotSpot(TM) 64-Bit Server VM (build 24.76-b04, mixed mode)
$ javac -J-Xmx32m -version
javac 1.7.0_76
travis_fold:start:install[0Ktravis_time:start:1d142a7e[0K$ mvn install -DskipTests=true -Dmaven.javadoc.skip=true -B -V
Apache Maven 3.2.5 (12a6b3acb947671f09b81f49094c53f426d8cea1; 2014-12-14T17:29:23+00:00)
Maven home: /usr/local/maven
Java version: 1.7.0_76, vendor: Oracle Corporation
Java home: /usr/lib/jvm/java-7-oracle/jre
Default locale: en_US, platform encoding: UTF-8
OS name: "linux", version: "3.13.0-40-generic", arch: "amd64", family: "unix"
[INFO] Scanning for projects...
[INFO] ------------------------------------------------------------------------
[INFO] Reactor Build Order:
[INFO] 
[INFO] Okio (Parent)
[INFO] Okio
[INFO] Okio Performance Benchmarks
[INFO]                                                                         
[INFO] ------------------------------------------------------------------------
[INFO] Building Okio (Parent) 1.9.0-SNAPSHOT
[INFO] ------------------------------------------------------------------------
[INFO] 
[INFO] --- maven-enforcer-plugin:1.0:enforce (enforce-maven) @ okio-parent ---
[INFO] 
[INFO] --- maven-install-plugin:2.4:install (default-install) @ okio-parent ---
[INFO] Installing /home/travis/build/square/okio/pom.xml to /home/travis/.m2/repository/com/squareup/okio/okio-parent/1.9.0-SNAPSHOT/okio-parent-1.9.0-SNAPSHOT.pom
[INFO]                                                                         
[INFO] ------------------------------------------------------------------------
[INFO] Building Okio 1.9.0-SNAPSHOT
[INFO] ------------------------------------------------------------------------
[INFO] 
[INFO] --- maven-enforcer-plugin:1.0:enforce (enforce-maven) @ okio ---
[INFO] 
[INFO] --- maven-resources-plugin:2.6:resources (default-resources) @ okio ---
[INFO] Using 'UTF-8' encoding to copy filtered resources.
[INFO] skip non existing resourceDirectory /home/travis/build/square/okio/okio/src/main/resources
[INFO] 
[INFO] --- maven-compiler-plugin:3.0:compile (default-compile) @ okio ---
[INFO] Changes detected - recompiling the module!
[INFO] Compiling 27 source files to /home/travis/build/square/okio/okio/target/classes
[INFO] 
[INFO] --- maven-resources-plugin:2.6:testResources (default-testResources) @ okio ---
[INFO] Using 'UTF-8' encoding to copy filtered resources.
[INFO] skip non existing resourceDirectory /home/travis/build/square/okio/okio/src/test/resources
[INFO] 
[INFO] --- maven-compiler-plugin:3.0:testCompile (default-testCompile) @ okio ---
[INFO] Changes detected - recompiling the module!
[INFO] Compiling 21 source files to /home/travis/build/square/okio/okio/target/test-classes
[INFO] 
[INFO] --- maven-surefire-plugin:2.12.4:test (default-test) @ okio ---
[INFO] Tests are skipped.
[INFO] 
[INFO] --- animal-sniffer-maven-plugin:1.10:check (default) @ okio ---
[INFO] Checking unresolved references to org.codehaus.mojo.signature:java16:1.1
[INFO] 
[INFO] --- maven-jar-plugin:2.4:jar (default-jar) @ okio ---
[INFO] Building jar: /home/travis/build/square/okio/okio/target/okio-1.9.0-SNAPSHOT.jar
[INFO] 
[INFO] --- maven-install-plugin:2.4:install (default-install) @ okio ---
[INFO] Installing /home/travis/build/square/okio/okio/target/okio-1.9.0-SNAPSHOT.jar to /home/travis/.m2/repository/com/squareup/okio/okio/1.9.0-SNAPSHOT/okio-1.9.0-SNAPSHOT.jar
[INFO] Installing /home/travis/build/square/okio/okio/pom.xml to /home/travis/.m2/repository/com/squareup/okio/okio/1.9.0-SNAPSHOT/okio-1.9.0-SNAPSHOT.pom
[INFO]                                                                         
[INFO] ------------------------------------------------------------------------
[INFO] Building Okio Performance Benchmarks 1.9.0-SNAPSHOT
[INFO] ------------------------------------------------------------------------
[INFO] 
[INFO] --- maven-enforcer-plugin:1.0:enforce (enforce-maven) @ benchmarks ---
[INFO] 
[INFO] --- maven-resources-plugin:2.6:resources (default-resources) @ benchmarks ---
[INFO] Using 'UTF-8' encoding to copy filtered resources.
[INFO] skip non existing resourceDirectory /home/travis/build/square/okio/benchmarks/src/main/resources
[INFO] 
[INFO] --- maven-compiler-plugin:3.0:compile (default-compile) @ benchmarks ---
[INFO] Changes detected - recompiling the module!
[INFO] Compiling 2 source files to /home/travis/build/square/okio/benchmarks/target/classes
[INFO] 
[INFO] --- maven-resources-plugin:2.6:testResources (default-testResources) @ benchmarks ---
[INFO] Using 'UTF-8' encoding to copy filtered resources.
[INFO] skip non existing resourceDirectory /home/travis/build/square/okio/benchmarks/src/test/resources
[INFO] 
[INFO] --- maven-compiler-plugin:3.0:testCompile (default-testCompile) @ benchmarks ---
[INFO] No sources to compile
[INFO] 
[INFO] --- maven-surefire-plugin:2.12.4:test (default-test) @ benchmarks ---
[INFO] Tests are skipped.
[INFO] 
[INFO] --- maven-jar-plugin:2.4:jar (default-jar) @ benchmarks ---
[INFO] Building jar: /home/travis/build/square/okio/benchmarks/target/benchmarks-1.9.0-SNAPSHOT.jar
[INFO] 
[INFO] --- maven-shade-plugin:2.2:shade (default) @ benchmarks ---
[INFO] Including org.openjdk.jmh:jmh-core:jar:1.4.1 in the shaded jar.
[INFO] Including net.sf.jopt-simple:jopt-simple:jar:4.6 in the shaded jar.
[INFO] Including org.apache.commons:commons-math3:jar:3.2 in the shaded jar.
[INFO] Including com.squareup.okio:okio:jar:1.9.0-SNAPSHOT in the shaded jar.
[INFO] Replacing /home/travis/build/square/okio/benchmarks/target/benchmarks.jar with /home/travis/build/square/okio/benchmarks/target/benchmarks-1.9.0-SNAPSHOT-shaded.jar
[INFO] 
[INFO] --- maven-install-plugin:2.4:install (default-install) @ benchmarks ---
[INFO] Installing /home/travis/build/square/okio/benchmarks/target/benchmarks-1.9.0-SNAPSHOT.jar to /home/travis/.m2/repository/com/squareup/okio/benchmarks/1.9.0-SNAPSHOT/benchmarks-1.9.0-SNAPSHOT.jar
[INFO] Installing /home/travis/build/square/okio/benchmarks/pom.xml to /home/travis/.m2/repository/com/squareup/okio/benchmarks/1.9.0-SNAPSHOT/benchmarks-1.9.0-SNAPSHOT.pom
[INFO] ------------------------------------------------------------------------
[INFO] Reactor Summary:
[INFO] 
[INFO] Okio (Parent) ...................................... SUCCESS [  0.540 s]
[INFO] Okio ............................................... SUCCESS [  5.239 s]
[INFO] Okio Performance Benchmarks ........................ SUCCESS [  2.394 s]
[INFO] ------------------------------------------------------------------------
[INFO] BUILD SUCCESS
[INFO] ------------------------------------------------------------------------
[INFO] Total time: 8.332 s
[INFO] Finished at: 2016-06-27T05:00:24+00:00
[INFO] Final Memory: 21M/491M
[INFO] ------------------------------------------------------------------------

travis_time:end:1d142a7e:start=1467003614311642174,finish=1467003624797741820,duration=10486099646[0Ktravis_fold:end:install[0Ktravis_time:start:07a8d481[0K$ mvn test -B
[INFO] Scanning for projects...
[INFO] ------------------------------------------------------------------------
[INFO] Reactor Build Order:
[INFO] 
[INFO] Okio (Parent)
[INFO] Okio
[INFO] Okio Performance Benchmarks
[INFO]                                                                         
[INFO] ------------------------------------------------------------------------
[INFO] Building Okio (Parent) 1.9.0-SNAPSHOT
[INFO] ------------------------------------------------------------------------
[INFO] 
[INFO] --- maven-enforcer-plugin:1.0:enforce (enforce-maven) @ okio-parent ---
[INFO]                                                                         
[INFO] ------------------------------------------------------------------------
[INFO] Building Okio 1.9.0-SNAPSHOT
[INFO] ------------------------------------------------------------------------
[INFO] 
[INFO] --- maven-enforcer-plugin:1.0:enforce (enforce-maven) @ okio ---
[INFO] 
[INFO] --- maven-resources-plugin:2.6:resources (default-resources) @ okio ---
[INFO] Using 'UTF-8' encoding to copy filtered resources.
[INFO] skip non existing resourceDirectory /home/travis/build/square/okio/okio/src/main/resources
[INFO] 
[INFO] --- maven-compiler-plugin:3.0:compile (default-compile) @ okio ---
[INFO] Changes detected - recompiling the module!
[INFO] Compiling 27 source files to /home/travis/build/square/okio/okio/target/classes
[INFO] 
[INFO] --- maven-resources-plugin:2.6:testResources (default-testResources) @ okio ---
[INFO] Using 'UTF-8' encoding to copy filtered resources.
[INFO] skip non existing resourceDirectory /home/travis/build/square/okio/okio/src/test/resources
[INFO] 
[INFO] --- maven-compiler-plugin:3.0:testCompile (default-testCompile) @ okio ---
[INFO] Changes detected - recompiling the module!
[INFO] Compiling 21 source files to /home/travis/build/square/okio/okio/target/test-classes
[INFO] 
[INFO] --- maven-surefire-plugin:2.12.4:test (default-test) @ okio ---
[INFO] Surefire report directory: /home/travis/build/square/okio/okio/target/surefire-reports

-------------------------------------------------------
 T E S T S
-------------------------------------------------------
Running okio.GzipSourceTest
Tests run: 11, Failures: 0, Errors: 0, Skipped: 0, Time elapsed: 0.115 sec
Running okio.DeflaterSinkTest
Tests run: 7, Failures: 0, Errors: 0, Skipped: 0, Time elapsed: 1.554 sec
Running okio.ReadUtf8LineTest
Tests run: 18, Failures: 0, Errors: 0, Skipped: 0, Time elapsed: 0.055 sec
Running okio.SocketTimeoutTest
Tests run: 4, Failures: 0, Errors: 0, Skipped: 0, Time elapsed: 0.961 sec
Running okio.ByteStringTest
Tests run: 90, Failures: 0, Errors: 0, Skipped: 0, Time elapsed: 0.177 sec
Running okio.RealBufferedSourceTest
Tests run: 10, Failures: 0, Errors: 0, Skipped: 0, Time elapsed: 0.006 sec
Running okio.BufferTest
Tests run: 46, Failures: 0, Errors: 0, Skipped: 0, Time elapsed: 0.074 sec
Running okio.SegmentSharingTest
Tests run: 14, Failures: 0, Errors: 0, Skipped: 0, Time elapsed: 0.154 sec
Running okio.HashingTest
Tests run: 7, Failures: 0, Errors: 0, Skipped: 0, Time elapsed: 0.029 sec
Running okio.Utf8Test
Tests run: 19, Failures: 0, Errors: 0, Skipped: 0, Time elapsed: 0.033 sec
Running okio.GzipSinkTest
Tests run: 2, Failures: 0, Errors: 0, Skipped: 0, Time elapsed: 0.002 sec
Running okio.HashingSinkTest
Tests run: 7, Failures: 0, Errors: 0, Skipped: 0, Time elapsed: 0.007 sec
Running okio.AsyncTimeoutTest
Tests run: 18, Failures: 0, Errors: 0, Skipped: 0, Time elapsed: 8.561 sec
Running okio.BufferedSourceTest
Tests run: 240, Failures: 0, Errors: 2, Skipped: 2, Time elapsed: 3.176 sec <<< FAILURE!
rangeEquals[Buffer](okio.BufferedSourceTest)  Time elapsed: 0.004 sec  <<< ERROR!
java.lang.ArrayIndexOutOfBoundsException: size=31 offset=24 byteCount=23
	at okio.Util.checkOffsetAndCount(Util.java:29)
	at okio.Buffer.rangeEquals(Buffer.java:1460)
	at okio.Buffer.rangeEquals(Buffer.java:1455)
	at okio.BufferedSourceTest.rangeEquals(BufferedSourceTest.java:926)
	at sun.reflect.NativeMethodAccessorImpl.invoke0(Native Method)
	at sun.reflect.NativeMethodAccessorImpl.invoke(NativeMethodAccessorImpl.java:57)
	at sun.reflect.DelegatingMethodAccessorImpl.invoke(DelegatingMethodAccessorImpl.java:43)
	at java.lang.reflect.Method.invoke(Method.java:606)
	at org.junit.runners.model.FrameworkMethod$1.runReflectiveCall(FrameworkMethod.java:47)
	at org.junit.internal.runners.model.ReflectiveCallable.run(ReflectiveCallable.java:12)
	at org.junit.runners.model.FrameworkMethod.invokeExplosively(FrameworkMethod.java:44)
	at org.junit.internal.runners.statements.InvokeMethod.evaluate(InvokeMethod.java:17)
	at org.junit.internal.runners.statements.RunBefores.evaluate(RunBefores.java:26)
	at org.junit.runners.ParentRunner.runLeaf(ParentRunner.java:271)
	at org.junit.runners.BlockJUnit4ClassRunner.runChild(BlockJUnit4ClassRunner.java:70)
	at org.junit.runners.BlockJUnit4ClassRunner.runChild(BlockJUnit4ClassRunner.java:50)
	at org.junit.runners.ParentRunner$3.run(ParentRunner.java:238)
	at org.junit.runners.ParentRunner$1.schedule(ParentRunner.java:63)
	at org.junit.runners.ParentRunner.runChildren(ParentRunner.java:236)
	at org.junit.runners.ParentRunner.access$000(ParentRunner.java:53)
	at org.junit.runners.ParentRunner$2.evaluate(ParentRunner.java:229)
	at org.junit.runners.ParentRunner.run(ParentRunner.java:309)
	at org.junit.runners.Suite.runChild(Suite.java:127)
	at org.junit.runners.Suite.runChild(Suite.java:26)
	at org.junit.runners.ParentRunner$3.run(ParentRunner.java:238)
	at org.junit.runners.ParentRunner$1.schedule(ParentRunner.java:63)
	at org.junit.runners.ParentRunner.runChildren(ParentRunner.java:236)
	at org.junit.runners.ParentRunner.access$000(ParentRunner.java:53)
	at org.junit.runners.ParentRunner$2.evaluate(ParentRunner.java:229)
	at org.junit.runners.ParentRunner.run(ParentRunner.java:309)
	at org.apache.maven.surefire.junit4.JUnit4Provider.execute(JUnit4Provider.java:252)
	at org.apache.maven.surefire.junit4.JUnit4Provider.executeTestSet(JUnit4Provider.java:141)
	at org.apache.maven.surefire.junit4.JUnit4Provider.invoke(JUnit4Provider.java:112)
	at sun.reflect.NativeMethodAccessorImpl.invoke0(Native Method)
	at sun.reflect.NativeMethodAccessorImpl.invoke(NativeMethodAccessorImpl.java:57)
	at sun.reflect.DelegatingMethodAccessorImpl.invoke(DelegatingMethodAccessorImpl.java:43)
	at java.lang.reflect.Method.invoke(Method.java:606)
	at org.apache.maven.surefire.util.ReflectionUtils.invokeMethodWithArray(ReflectionUtils.java:189)
	at org.apache.maven.surefire.booter.ProviderFactory$ProviderProxy.invoke(ProviderFactory.java:165)
	at org.apache.maven.surefire.booter.ProviderFactory.invokeProvider(ProviderFactory.java:85)
	at org.apache.maven.surefire.booter.ForkedBooter.runSuitesInProcess(ForkedBooter.java:115)
	at org.apache.maven.surefire.booter.ForkedBooter.main(ForkedBooter.java:75)

rangeEqualsWithOffsetAndCount[Buffer](okio.BufferedSourceTest)  Time elapsed: 0.007 sec  <<< ERROR!
java.lang.ArrayIndexOutOfBoundsException: size=31 offset=24 byteCount=10
	at okio.Util.checkOffsetAndCount(Util.java:29)
	at okio.Buffer.rangeEquals(Buffer.java:1460)
	at okio.BufferedSourceTest.rangeEqualsWithOffsetAndCount(BufferedSourceTest.java:933)
	at sun.reflect.NativeMethodAccessorImpl.invoke0(Native Method)
	at sun.reflect.NativeMethodAccessorImpl.invoke(NativeMethodAccessorImpl.java:57)
	at sun.reflect.DelegatingMethodAccessorImpl.invoke(DelegatingMethodAccessorImpl.java:43)
	at java.lang.reflect.Method.invoke(Method.java:606)
	at org.junit.runners.model.FrameworkMethod$1.runReflectiveCall(FrameworkMethod.java:47)
	at org.junit.internal.runners.model.ReflectiveCallable.run(ReflectiveCallable.java:12)
	at org.junit.runners.model.FrameworkMethod.invokeExplosively(FrameworkMethod.java:44)
	at org.junit.internal.runners.statements.InvokeMethod.evaluate(InvokeMethod.java:17)
	at org.junit.internal.runners.statements.RunBefores.evaluate(RunBefores.java:26)
	at org.junit.runners.ParentRunner.runLeaf(ParentRunner.java:271)
	at org.junit.runners.BlockJUnit4ClassRunner.runChild(BlockJUnit4ClassRunner.java:70)
	at org.junit.runners.BlockJUnit4ClassRunner.runChild(BlockJUnit4ClassRunner.java:50)
	at org.junit.runners.ParentRunner$3.run(ParentRunner.java:238)
	at org.junit.runners.ParentRunner$1.schedule(ParentRunner.java:63)
	at org.junit.runners.ParentRunner.runChildren(ParentRunner.java:236)
	at org.junit.runners.ParentRunner.access$000(ParentRunner.java:53)
	at org.junit.runners.ParentRunner$2.evaluate(ParentRunner.java:229)
	at org.junit.runners.ParentRunner.run(ParentRunner.java:309)
	at org.junit.runners.Suite.runChild(Suite.java:127)
	at org.junit.runners.Suite.runChild(Suite.java:26)
	at org.junit.runners.ParentRunner$3.run(ParentRunner.java:238)
	at org.junit.runners.ParentRunner$1.schedule(ParentRunner.java:63)
	at org.junit.runners.ParentRunner.runChildren(ParentRunner.java:236)
	at org.junit.runners.ParentRunner.access$000(ParentRunner.java:53)
	at org.junit.runners.ParentRunner$2.evaluate(ParentRunner.java:229)
	at org.junit.runners.ParentRunner.run(ParentRunner.java:309)
	at org.apache.maven.surefire.junit4.JUnit4Provider.execute(JUnit4Provider.java:252)
	at org.apache.maven.surefire.junit4.JUnit4Provider.executeTestSet(JUnit4Provider.java:141)
	at org.apache.maven.surefire.junit4.JUnit4Provider.invoke(JUnit4Provider.java:112)
	at sun.reflect.NativeMethodAccessorImpl.invoke0(Native Method)
	at sun.reflect.NativeMethodAccessorImpl.invoke(NativeMethodAccessorImpl.java:57)
	at sun.reflect.DelegatingMethodAccessorImpl.invoke(DelegatingMethodAccessorImpl.java:43)
	at java.lang.reflect.Method.invoke(Method.java:606)
	at org.apache.maven.surefire.util.ReflectionUtils.invokeMethodWithArray(ReflectionUtils.java:189)
	at org.apache.maven.surefire.booter.ProviderFactory$ProviderProxy.invoke(ProviderFactory.java:165)
	at org.apache.maven.surefire.booter.ProviderFactory.invokeProvider(ProviderFactory.java:85)
	at org.apache.maven.surefire.booter.ForkedBooter.runSuitesInProcess(ForkedBooter.java:115)
	at org.apache.maven.surefire.booter.ForkedBooter.main(ForkedBooter.java:75)

Running okio.InflaterSourceTest
Tests run: 5, Failures: 0, Errors: 0, Skipped: 0, Time elapsed: 0.247 sec
Running okio.BufferedSinkTest
Tests run: 52, Failures: 0, Errors: 0, Skipped: 0, Time elapsed: 0.053 sec
Running okio.HashingSourceTest
Tests run: 7, Failures: 0, Errors: 0, Skipped: 0, Time elapsed: 0.003 sec
Running okio.OkioTest
Tests run: 6, Failures: 0, Errors: 0, Skipped: 0, Time elapsed: 0.016 sec
Running okio.RealBufferedSinkTest
Tests run: 16, Failures: 0, Errors: 0, Skipped: 0, Time elapsed: 0.007 sec

Results :

Tests in error: 
  rangeEquals[Buffer](okio.BufferedSourceTest): size=31 offset=24 byteCount=23
  rangeEqualsWithOffsetAndCount[Buffer](okio.BufferedSourceTest): size=31 offset=24 byteCount=10

Tests run: 579, Failures: 0, Errors: 2, Skipped: 2

[INFO] ------------------------------------------------------------------------
[INFO] Reactor Summary:
[INFO] 
[INFO] Okio (Parent) ...................................... SUCCESS [  0.351 s]
[INFO] Okio ............................................... FAILURE [ 18.995 s]
[INFO] Okio Performance Benchmarks ........................ SKIPPED
[INFO] ------------------------------------------------------------------------
[INFO] BUILD FAILURE
[INFO] ------------------------------------------------------------------------
[INFO] Total time: 19.501 s
[INFO] Finished at: 2016-06-27T05:00:45+00:00
[INFO] Final Memory: 15M/491M
[INFO] ------------------------------------------------------------------------
[ERROR] Failed to execute goal org.apache.maven.plugins:maven-surefire-plugin:2.12.4:test (default-test) on project okio: There are test failures.
[ERROR] 
[ERROR] Please refer to /home/travis/build/square/okio/okio/target/surefire-reports for the individual test results.
[ERROR] -> [Help 1]
[ERROR] 
[ERROR] To see the full stack trace of the errors, re-run Maven with the -e switch.
[ERROR] Re-run Maven using the -X switch to enable full debug logging.
[ERROR] 
[ERROR] For more information about the errors and possible solutions, please read the following articles:
[ERROR] [Help 1] http://cwiki.apache.org/confluence/display/MAVEN/MojoFailureException
[ERROR] 
[ERROR] After correcting the problems, you can resume the build with the command
[ERROR]   mvn <goals> -rf :okio

travis_time:end:07a8d481:start=1467003624801573000,finish=1467003645850695706,duration=21049122706[0K
[31;1mThe command "mvn test -B" exited with 1.[0m
travis_fold:start:cache.2[0Kstore build cache
travis_time:start:0cb45148[0K
travis_time:end:0cb45148:start=1467003645854728154,finish=1467003645857917110,duration=3188956[0Ktravis_time:start:042fa7ae[0K[32;1mchange detected (content changed, file is created, or file is deleted):
/home/travis/.m2/repository/com/squareup/okio/benchmarks/1.9.0-SNAPSHOT/benchmarks-1.9.0-SNAPSHOT.jar
/home/travis/.m2/repository/com/squareup/okio/benchmarks/1.9.0-SNAPSHOT/maven-metadata-local.xml
/home/travis/.m2/repository/com/squareup/okio/benchmarks/1.9.0-SNAPSHOT/_remote.repositories
/home/travis/.m2/repository/com/squareup/okio/benchmarks/maven-metadata-local.xml
/home/travis/.m2/repository/com/squareup/okio/okio/1.9.0-SNAPSHOT/maven-metadata-local.xml
/home/travis/.m2/repository/com/squareup/okio/okio/1.9.0-SNAPSHOT/okio-1.9.0-SNAPSHOT.jar
/home/travis/.m2/repository/com/squareup/okio/okio/1.9.0-SNAPSHOT/_remote.repositories
/home/travis/.m2/repository/com/squareup/okio/okio/maven-metadata-local.xml
/home/travis/.m2/repository/com/squareup/okio/okio-parent/1.9.0-SNAPSHOT/maven-metadata-local.xml
/home/travis/.m2/repository/com/squareup/okio/okio-parent/1.9.0-SNAPSHOT/_remote.repositories
/home/travis/.m2/repository/com/squareup/okio/okio-parent/maven-metadata-local.xml

[0m
[32;1mchanges detected, packing new archive[0m
[32;1muploading archive[0m

travis_time:end:042fa7ae:start=1467003645861577488,finish=1467003651423881539,duration=5562304051[0Ktravis_fold:end:cache.2[0K
Done. Your build exited with 1.
