Using worker: worker-linux-docker-e5c9911c.prod.travis-ci.org:travis-linux-8

travis_fold:start:system_info[0K[33;1mBuild system information[0m
Build language: java
Build group: stable
Build dist: precise
[34m[1mBuild image provisioning date and time[0m
Thu Feb  5 15:09:33 UTC 2015
[34m[1mOperating System Details[0m
Distributor ID:	Ubuntu
Description:	Ubuntu 12.04.5 LTS
Release:	12.04
Codename:	precise
[34m[1mLinux Version[0m
3.13.0-29-generic
[34m[1mCookbooks Version[0m
a68419e https://github.com/travis-ci/travis-cookbooks/tree/a68419e
[34m[1mGCC version[0m
gcc (Ubuntu/Linaro 4.6.3-1ubuntu5) 4.6.3
Copyright (C) 2011 Free Software Foundation, Inc.
This is free software; see the source for copying conditions.  There is NO
warranty; not even for MERCHANTABILITY or FITNESS FOR A PARTICULAR PURPOSE.

[34m[1mLLVM version[0m
clang version 3.4 (tags/RELEASE_34/final)
Target: x86_64-unknown-linux-gnu
Thread model: posix
[34m[1mPre-installed Ruby versions[0m
ruby-1.9.3-p551
[34m[1mPre-installed Node.js versions[0m
v0.10.36
[34m[1mPre-installed Go versions[0m
1.4.1
[34m[1mRedis version[0m
redis-server 2.8.19
[34m[1mriak version[0m
2.0.2
[34m[1mMongoDB version[0m
MongoDB 2.4.12
[34m[1mCouchDB version[0m
couchdb 1.6.1
[34m[1mNeo4j version[0m
1.9.4
[34m[1mRabbitMQ Version[0m
3.4.3
[34m[1mElasticSearch version[0m
1.4.0
[34m[1mInstalled Sphinx versions[0m
2.0.10
2.1.9
2.2.6
[34m[1mDefault Sphinx version[0m
2.2.6
[34m[1mInstalled Firefox version[0m
firefox 31.0esr
[34m[1mPhantomJS version[0m
1.9.8
[34m[1mant -version[0m
Apache Ant(TM) version 1.8.2 compiled on December 3 2011
[34m[1mmvn -version[0m
Apache Maven 3.2.5 (12a6b3acb947671f09b81f49094c53f426d8cea1; 2014-12-14T17:29:23+00:00)
Maven home: /usr/local/maven
Java version: 1.7.0_76, vendor: Oracle Corporation
Java home: /usr/lib/jvm/java-7-oracle/jre
Default locale: en_US, platform encoding: ANSI_X3.4-1968
OS name: "linux", version: "3.13.0-29-generic", arch: "amd64", family: "unix"
travis_fold:end:system_info[0K
travis_fold:start:fix.CVE-2015-7547[0K$ export DEBIAN_FRONTEND=noninteractive
W: Size of file /var/lib/apt/lists/us.archive.ubuntu.com_ubuntu_dists_precise-backports_multiverse_source_Sources.gz is not what the server reported 5886 5888
W: Size of file /var/lib/apt/lists/ppa.launchpad.net_ubuntugis_ppa_ubuntu_dists_precise_main_binary-amd64_Packages.gz is not what the server reported 36669 36677
W: Size of file /var/lib/apt/lists/ppa.launchpad.net_ubuntugis_ppa_ubuntu_dists_precise_main_binary-i386_Packages.gz is not what the server reported 36729 36733
Reading package lists...
Building dependency tree...
Reading state information...
The following extra packages will be installed:
  libc-bin libc-dev-bin libc6-dev
Suggested packages:
  glibc-doc
The following packages will be upgraded:
  libc-bin libc-dev-bin libc6 libc6-dev
4 upgraded, 0 newly installed, 0 to remove and 221 not upgraded.
Need to get 8,844 kB of archives.
After this operation, 9,216 B disk space will be freed.
Get:1 http://us.archive.ubuntu.com/ubuntu/ precise-updates/main libc6-dev amd64 2.15-0ubuntu10.13 [2,943 kB]
Get:2 http://us.archive.ubuntu.com/ubuntu/ precise-updates/main libc-dev-bin amd64 2.15-0ubuntu10.13 [84.7 kB]
Get:3 http://us.archive.ubuntu.com/ubuntu/ precise-updates/main libc-bin amd64 2.15-0ubuntu10.13 [1,179 kB]
Get:4 http://us.archive.ubuntu.com/ubuntu/ precise-updates/main libc6 amd64 2.15-0ubuntu10.13 [4,637 kB]
Fetched 8,844 kB in 0s (17.3 MB/s)
Preconfiguring packages ...
(Reading database ... (Reading database ... 5%(Reading database ... 10%(Reading database ... 15%(Reading database ... 20%(Reading database ... 25%(Reading database ... 30%(Reading database ... 35%(Reading database ... 40%(Reading database ... 45%(Reading database ... 50%(Reading database ... 55%(Reading database ... 60%(Reading database ... 65%(Reading database ... 70%(Reading database ... 75%(Reading database ... 80%(Reading database ... 85%(Reading database ... 90%(Reading database ... 95%(Reading database ... 100%(Reading database ... 72019 files and directories currently installed.)
Preparing to replace libc6-dev 2.15-0ubuntu10.10 (using .../libc6-dev_2.15-0ubuntu10.13_amd64.deb) ...
Unpacking replacement libc6-dev ...
Preparing to replace libc-dev-bin 2.15-0ubuntu10.10 (using .../libc-dev-bin_2.15-0ubuntu10.13_amd64.deb) ...
Unpacking replacement libc-dev-bin ...
Preparing to replace libc-bin 2.15-0ubuntu10.10 (using .../libc-bin_2.15-0ubuntu10.13_amd64.deb) ...
Unpacking replacement libc-bin ...
Processing triggers for man-db ...
Setting up libc-bin (2.15-0ubuntu10.13) ...
(Reading database ... (Reading database ... 5%(Reading database ... 10%(Reading database ... 15%(Reading database ... 20%(Reading database ... 25%(Reading database ... 30%(Reading database ... 35%(Reading database ... 40%(Reading database ... 45%(Reading database ... 50%(Reading database ... 55%(Reading database ... 60%(Reading database ... 65%(Reading database ... 70%(Reading database ... 75%(Reading database ... 80%(Reading database ... 85%(Reading database ... 90%(Reading database ... 95%(Reading database ... 100%(Reading database ... 72019 files and directories currently installed.)
Preparing to replace libc6 2.15-0ubuntu10.10 (using .../libc6_2.15-0ubuntu10.13_amd64.deb) ...
Unpacking replacement libc6 ...
Setting up libc6 (2.15-0ubuntu10.13) ...
Setting up libc-dev-bin (2.15-0ubuntu10.13) ...
Setting up libc6-dev (2.15-0ubuntu10.13) ...
Processing triggers for libc-bin ...
ldconfig deferred processing now taking place
travis_fold:end:fix.CVE-2015-7547[0Ktravis_fold:start:git.checkout[0Ktravis_time:start:0084c714[0K$ git clone --depth=50 --branch=travis-ci/fix-unittests https://github.com/[secure]/GCViewer.git [secure]/GCViewer
Cloning into '[secure]/GCViewer'...
remote: Counting objects: 4912, done.[K
remote: Compressing objects:   0% (1/1884)   [Kremote: Compressing objects:   1% (19/1884)   [Kremote: Compressing objects:   2% (38/1884)   [Kremote: Compressing objects:   3% (57/1884)   [Kremote: Compressing objects:   4% (76/1884)   [Kremote: Compressing objects:   5% (95/1884)   [Kremote: Compressing objects:   6% (114/1884)   [Kremote: Compressing objects:   7% (132/1884)   [Kremote: Compressing objects:   8% (151/1884)   [Kremote: Compressing objects:   9% (170/1884)   [Kremote: Compressing objects:  10% (189/1884)   [Kremote: Compressing objects:  11% (208/1884)   [Kremote: Compressing objects:  12% (227/1884)   [Kremote: Compressing objects:  13% (245/1884)   [Kremote: Compressing objects:  14% (264/1884)   [Kremote: Compressing objects:  15% (283/1884)   [Kremote: Compressing objects:  16% (302/1884)   [Kremote: Compressing objects:  17% (321/1884)   [Kremote: Compressing objects:  18% (340/1884)   [Kremote: Compressing objects:  19% (358/1884)   [Kremote: Compressing objects:  20% (377/1884)   [Kremote: Compressing objects:  21% (396/1884)   [Kremote: Compressing objects:  22% (415/1884)   [Kremote: Compressing objects:  23% (434/1884)   [Kremote: Compressing objects:  24% (453/1884)   [Kremote: Compressing objects:  25% (471/1884)   [Kremote: Compressing objects:  26% (490/1884)   [Kremote: Compressing objects:  27% (509/1884)   [Kremote: Compressing objects:  28% (528/1884)   [Kremote: Compressing objects:  29% (547/1884)   [Kremote: Compressing objects:  30% (566/1884)   [Kremote: Compressing objects:  31% (585/1884)   [Kremote: Compressing objects:  32% (603/1884)   [Kremote: Compressing objects:  33% (622/1884)   [Kremote: Compressing objects:  34% (641/1884)   [Kremote: Compressing objects:  35% (660/1884)   [Kremote: Compressing objects:  36% (679/1884)   [Kremote: Compressing objects:  37% (698/1884)   [Kremote: Compressing objects:  38% (716/1884)   [Kremote: Compressing objects:  39% (735/1884)   [Kremote: Compressing objects:  40% (754/1884)   [Kremote: Compressing objects:  41% (773/1884)   [Kremote: Compressing objects:  42% (792/1884)   [Kremote: Compressing objects:  43% (811/1884)   [Kremote: Compressing objects:  44% (829/1884)   [Kremote: Compressing objects:  45% (848/1884)   [Kremote: Compressing objects:  46% (867/1884)   [Kremote: Compressing objects:  47% (886/1884)   [Kremote: Compressing objects:  48% (905/1884)   [Kremote: Compressing objects:  49% (924/1884)   [Kremote: Compressing objects:  50% (942/1884)   [Kremote: Compressing objects:  51% (961/1884)   [Kremote: Compressing objects:  52% (980/1884)   [Kremote: Compressing objects:  53% (999/1884)   [Kremote: Compressing objects:  54% (1018/1884)   [Kremote: Compressing objects:  55% (1037/1884)   [Kremote: Compressing objects:  56% (1056/1884)   [Kremote: Compressing objects:  57% (1074/1884)   [Kremote: Compressing objects:  58% (1093/1884)   [Kremote: Compressing objects:  59% (1112/1884)   [Kremote: Compressing objects:  60% (1131/1884)   [Kremote: Compressing objects:  61% (1150/1884)   [Kremote: Compressing objects:  62% (1169/1884)   [Kremote: Compressing objects:  63% (1187/1884)   [Kremote: Compressing objects:  64% (1206/1884)   [Kremote: Compressing objects:  65% (1225/1884)   [Kremote: Compressing objects:  66% (1244/1884)   [Kremote: Compressing objects:  67% (1263/1884)   [Kremote: Compressing objects:  68% (1282/1884)   [Kremote: Compressing objects:  69% (1300/1884)   [Kremote: Compressing objects:  70% (1319/1884)   [Kremote: Compressing objects:  71% (1338/1884)   [Kremote: Compressing objects:  72% (1357/1884)   [Kremote: Compressing objects:  73% (1376/1884)   [Kremote: Compressing objects:  74% (1395/1884)   [Kremote: Compressing objects:  75% (1413/1884)   [Kremote: Compressing objects:  76% (1432/1884)   [Kremote: Compressing objects:  77% (1451/1884)   [Kremote: Compressing objects:  78% (1470/1884)   [Kremote: Compressing objects:  79% (1489/1884)   [Kremote: Compressing objects:  80% (1508/1884)   [Kremote: Compressing objects:  81% (1527/1884)   [Kremote: Compressing objects:  82% (1545/1884)   [Kremote: Compressing objects:  83% (1564/1884)   [Kremote: Compressing objects:  84% (1583/1884)   [Kremote: Compressing objects:  85% (1602/1884)   [Kremote: Compressing objects:  86% (1621/1884)   [Kremote: Compressing objects:  87% (1640/1884)   [Kremote: Compressing objects:  88% (1658/1884)   [Kremote: Compressing objects:  89% (1677/1884)   [Kremote: Compressing objects:  90% (1696/1884)   [Kremote: Compressing objects:  91% (1715/1884)   [Kremote: Compressing objects:  92% (1734/1884)   [Kremote: Compressing objects:  93% (1753/1884)   [Kremote: Compressing objects:  94% (1771/1884)   [Kremote: Compressing objects:  95% (1790/1884)   [Kremote: Compressing objects:  96% (1809/1884)   [Kremote: Compressing objects:  97% (1828/1884)   [Kremote: Compressing objects:  98% (1847/1884)   [Kremote: Compressing objects:  99% (1866/1884)   [Kremote: Compressing objects: 100% (1884/1884)   [Kremote: Compressing objects: 100% (1884/1884), done.[K
Receiving objects:   0% (1/4912)   Receiving objects:   1% (50/4912)   Receiving objects:   2% (99/4912)   Receiving objects:   3% (148/4912)   Receiving objects:   4% (197/4912)   Receiving objects:   5% (246/4912)   Receiving objects:   6% (295/4912)   Receiving objects:   7% (344/4912)   Receiving objects:   8% (393/4912)   Receiving objects:   9% (443/4912)   Receiving objects:  10% (492/4912)   Receiving objects:  11% (541/4912)   Receiving objects:  12% (590/4912)   Receiving objects:  13% (639/4912)   Receiving objects:  14% (688/4912)   Receiving objects:  15% (737/4912)   Receiving objects:  16% (786/4912)   Receiving objects:  17% (836/4912)   Receiving objects:  18% (885/4912)   Receiving objects:  19% (934/4912)   Receiving objects:  20% (983/4912)   Receiving objects:  21% (1032/4912)   Receiving objects:  22% (1081/4912)   Receiving objects:  23% (1130/4912)   Receiving objects:  24% (1179/4912)   Receiving objects:  25% (1228/4912)   Receiving objects:  26% (1278/4912)   Receiving objects:  27% (1327/4912)   Receiving objects:  28% (1376/4912)   Receiving objects:  29% (1425/4912)   Receiving objects:  30% (1474/4912)   Receiving objects:  31% (1523/4912)   Receiving objects:  32% (1572/4912)   Receiving objects:  33% (1621/4912)   Receiving objects:  34% (1671/4912)   Receiving objects:  35% (1720/4912)   Receiving objects:  36% (1769/4912)   Receiving objects:  37% (1818/4912)   Receiving objects:  38% (1867/4912)   Receiving objects:  39% (1916/4912)   Receiving objects:  40% (1965/4912)   Receiving objects:  41% (2014/4912)   Receiving objects:  42% (2064/4912)   Receiving objects:  43% (2113/4912)   Receiving objects:  44% (2162/4912)   Receiving objects:  45% (2211/4912)   Receiving objects:  46% (2260/4912)   Receiving objects:  47% (2309/4912)   Receiving objects:  48% (2358/4912)   Receiving objects:  49% (2407/4912)   Receiving objects:  50% (2456/4912)   Receiving objects:  51% (2506/4912)   Receiving objects:  52% (2555/4912)   Receiving objects:  53% (2604/4912)   Receiving objects:  54% (2653/4912)   Receiving objects:  55% (2702/4912)   Receiving objects:  56% (2751/4912)   Receiving objects:  57% (2800/4912)   Receiving objects:  58% (2849/4912)   Receiving objects:  59% (2899/4912)   Receiving objects:  60% (2948/4912)   Receiving objects:  61% (2997/4912)   Receiving objects:  62% (3046/4912)   Receiving objects:  63% (3095/4912)   Receiving objects:  64% (3144/4912)   Receiving objects:  65% (3193/4912)   Receiving objects:  66% (3242/4912)   Receiving objects:  67% (3292/4912)   Receiving objects:  68% (3341/4912)   Receiving objects:  69% (3390/4912)   Receiving objects:  70% (3439/4912)   Receiving objects:  71% (3488/4912)   Receiving objects:  72% (3537/4912)   Receiving objects:  73% (3586/4912)   Receiving objects:  74% (3635/4912)   Receiving objects:  75% (3684/4912)   Receiving objects:  76% (3734/4912)   Receiving objects:  77% (3783/4912)   Receiving objects:  78% (3832/4912)   Receiving objects:  79% (3881/4912)   Receiving objects:  80% (3930/4912)   Receiving objects:  81% (3979/4912)   Receiving objects:  82% (4028/4912)   Receiving objects:  83% (4077/4912)   Receiving objects:  84% (4127/4912)   Receiving objects:  85% (4176/4912)   Receiving objects:  86% (4225/4912)   Receiving objects:  87% (4274/4912)   Receiving objects:  88% (4323/4912)   Receiving objects:  89% (4372/4912)   Receiving objects:  90% (4421/4912)   Receiving objects:  91% (4470/4912)   Receiving objects:  92% (4520/4912)   remote: Total 4912 (delta 2335), reused 4339 (delta 1825), pack-reused 0[K
Receiving objects:  93% (4569/4912)   Receiving objects:  94% (4618/4912)   Receiving objects:  95% (4667/4912)   Receiving objects:  96% (4716/4912)   Receiving objects:  97% (4765/4912)   Receiving objects:  98% (4814/4912)   Receiving objects:  99% (4863/4912)   Receiving objects: 100% (4912/4912)   Receiving objects: 100% (4912/4912), 4.01 MiB | 0 bytes/s, done.
Resolving deltas:   0% (0/2335)   Resolving deltas:   4% (97/2335)   Resolving deltas:   7% (165/2335)   Resolving deltas:   8% (188/2335)   Resolving deltas:   9% (213/2335)   Resolving deltas:  10% (242/2335)   Resolving deltas:  11% (258/2335)   Resolving deltas:  12% (283/2335)   Resolving deltas:  13% (306/2335)   Resolving deltas:  14% (332/2335)   Resolving deltas:  15% (356/2335)   Resolving deltas:  16% (378/2335)   Resolving deltas:  17% (407/2335)   Resolving deltas:  18% (430/2335)   Resolving deltas:  19% (451/2335)   Resolving deltas:  21% (507/2335)   Resolving deltas:  22% (515/2335)   Resolving deltas:  23% (543/2335)   Resolving deltas:  24% (563/2335)   Resolving deltas:  25% (599/2335)   Resolving deltas:  26% (613/2335)   Resolving deltas:  27% (631/2335)   Resolving deltas:  28% (667/2335)   Resolving deltas:  29% (685/2335)   Resolving deltas:  30% (709/2335)   Resolving deltas:  31% (724/2335)   Resolving deltas:  32% (755/2335)   Resolving deltas:  33% (779/2335)   Resolving deltas:  34% (805/2335)   Resolving deltas:  35% (827/2335)   Resolving deltas:  36% (843/2335)   Resolving deltas:  37% (866/2335)   Resolving deltas:  38% (890/2335)   Resolving deltas:  40% (937/2335)   Resolving deltas:  41% (964/2335)   Resolving deltas:  43% (1025/2335)   Resolving deltas:  44% (1029/2335)   Resolving deltas:  45% (1051/2335)   Resolving deltas:  46% (1083/2335)   Resolving deltas:  47% (1101/2335)   Resolving deltas:  48% (1137/2335)   Resolving deltas:  50% (1181/2335)   Resolving deltas:  51% (1191/2335)   Resolving deltas:  52% (1219/2335)   Resolving deltas:  53% (1238/2335)   Resolving deltas:  54% (1261/2335)   Resolving deltas:  55% (1285/2335)   Resolving deltas:  56% (1309/2335)   Resolving deltas:  59% (1380/2335)   Resolving deltas:  60% (1401/2335)   Resolving deltas:  61% (1435/2335)   Resolving deltas:  62% (1453/2335)   Resolving deltas:  63% (1475/2335)   Resolving deltas:  64% (1512/2335)   Resolving deltas:  65% (1533/2335)   Resolving deltas:  66% (1542/2335)   Resolving deltas:  67% (1576/2335)   Resolving deltas:  68% (1590/2335)   Resolving deltas:  69% (1633/2335)   Resolving deltas:  70% (1641/2335)   Resolving deltas:  71% (1667/2335)   Resolving deltas:  72% (1682/2335)   Resolving deltas:  73% (1706/2335)   Resolving deltas:  74% (1729/2335)   Resolving deltas:  75% (1763/2335)   Resolving deltas:  76% (1779/2335)   Resolving deltas:  77% (1799/2335)   Resolving deltas:  78% (1828/2335)   Resolving deltas:  79% (1845/2335)   Resolving deltas:  80% (1876/2335)   Resolving deltas:  81% (1892/2335)   Resolving deltas:  82% (1915/2335)   Resolving deltas:  84% (1974/2335)   Resolving deltas:  86% (2015/2335)   Resolving deltas:  87% (2036/2335)   Resolving deltas:  88% (2062/2335)   Resolving deltas:  89% (2095/2335)   Resolving deltas:  90% (2109/2335)   Resolving deltas:  91% (2131/2335)   Resolving deltas:  92% (2158/2335)   Resolving deltas:  93% (2173/2335)   Resolving deltas:  94% (2195/2335)   Resolving deltas:  95% (2221/2335)   Resolving deltas:  96% (2247/2335)   Resolving deltas:  97% (2266/2335)   Resolving deltas:  98% (2289/2335)   Resolving deltas:  99% (2313/2335)   Resolving deltas: 100% (2335/2335)   Resolving deltas: 100% (2335/2335), done.
Checking connectivity... done.

travis_time:end:0084c714:start=1455815931371442359,finish=1455815932428533606,duration=1057091247[0K$ cd [secure]/GCViewer
$ git checkout -qf cbe1f1d68b53b95034b38bfc884855639d499e09
travis_fold:end:git.checkout[0K
[33;1mThis job is running on container-based infrastructure, which does not allow use of 'sudo', setuid and setguid executables.[0m
[33;1mIf you require sudo, add 'sudo: required' to your .travis.yml[0m
[33;1mSee https://docs.travis-ci.com/user/workers/container-based-infrastructure/ for details.[0m

[33;1mSetting environment variables from .travis.yml[0m
$ export CI_DEPLOY_USERNAME=[secure]
$ export CI_DEPLOY_PASSWORD=[secure]
$ export SCP_USERNAME=[secure]
$ export SCP_PASSWORD=[secure]

travis_fold:start:cache.1[0KSetting up build cache
$ export CASHER_DIR=$HOME/.casher
travis_time:start:11b963a4[0K$ Installing caching utilities

travis_time:end:11b963a4:start=1455815934340506023,finish=1455815934407497548,duration=66991525[0Ktravis_time:start:01e547ae[0K
travis_time:end:01e547ae:start=1455815934412715578,finish=1455815934416447353,duration=3731775[0Ktravis_time:start:10459bbb[0K[32;1mattempting to download cache archive[0m
[32;1mfetching travis-cifix-unittests/cache--jdk-oraclejdk8.tgz[0m
[32;1mfound cache[0m

travis_time:end:10459bbb:start=1455815934420608848,finish=1455815935627121426,duration=1206512578[0Ktravis_time:start:221d6dec[0K
travis_time:end:221d6dec:start=1455815935632799889,finish=1455815935637559095,duration=4759206[0Ktravis_time:start:02620500[0K[32;1madding /home/travis/.m2/repository to cache[0m

travis_time:end:02620500:start=1455815935642979550,finish=1455815937121989611,duration=1479010061[0Ktravis_fold:end:cache.1[0K$ jdk_switcher use oraclejdk8
Switching to Oracle JDK8 (java-8-oracle), JAVA_HOME will be set to /usr/lib/jvm/java-8-oracle
$ java -Xmx32m -version
java version "1.8.0_31"
Java(TM) SE Runtime Environment (build 1.8.0_31-b13)
Java HotSpot(TM) 64-Bit Server VM (build 25.31-b07, mixed mode)
$ javac -J-Xmx32m -version
javac 1.8.0_31
travis_fold:start:before_install.1[0Ktravis_time:start:2fffa4b3[0K$ git clone -b travis `git config --get remote.origin.url` target/travis
Cloning into 'target/travis'...
remote: Counting objects: 9734, done.[K
remote: Compressing objects:   0% (1/156)   [Kremote: Compressing objects:   1% (2/156)   [Kremote: Compressing objects:   2% (4/156)   [Kremote: Compressing objects:   3% (5/156)   [Kremote: Compressing objects:   4% (7/156)   [Kremote: Compressing objects:   5% (8/156)   [Kremote: Compressing objects:   6% (10/156)   [Kremote: Compressing objects:   7% (11/156)   [Kremote: Compressing objects:   8% (13/156)   [Kremote: Compressing objects:   9% (15/156)   [Kremote: Compressing objects:  10% (16/156)   [Kremote: Compressing objects:  11% (18/156)   [Kremote: Compressing objects:  12% (19/156)   [Kremote: Compressing objects:  13% (21/156)   [Kremote: Compressing objects:  14% (22/156)   [Kremote: Compressing objects:  15% (24/156)   [Kremote: Compressing objects:  16% (25/156)   [Kremote: Compressing objects:  17% (27/156)   [Kremote: Compressing objects:  18% (29/156)   [Kremote: Compressing objects:  19% (30/156)   [Kremote: Compressing objects:  20% (32/156)   [Kremote: Compressing objects:  21% (33/156)   [Kremote: Compressing objects:  22% (35/156)   [Kremote: Compressing objects:  23% (36/156)   [Kremote: Compressing objects:  24% (38/156)   [Kremote: Compressing objects:  25% (39/156)   [Kremote: Compressing objects:  26% (41/156)   [Kremote: Compressing objects:  27% (43/156)   [Kremote: Compressing objects:  28% (44/156)   [Kremote: Compressing objects:  29% (46/156)   [Kremote: Compressing objects:  30% (47/156)   [Kremote: Compressing objects:  31% (49/156)   [Kremote: Compressing objects:  32% (50/156)   [Kremote: Compressing objects:  33% (52/156)   [Kremote: Compressing objects:  34% (54/156)   [Kremote: Compressing objects:  35% (55/156)   [Kremote: Compressing objects:  36% (57/156)   [Kremote: Compressing objects:  37% (58/156)   [Kremote: Compressing objects:  38% (60/156)   [Kremote: Compressing objects:  39% (61/156)   [Kremote: Compressing objects:  40% (63/156)   [Kremote: Compressing objects:  41% (64/156)   [Kremote: Compressing objects:  42% (66/156)   [Kremote: Compressing objects:  43% (68/156)   [Kremote: Compressing objects:  44% (69/156)   [Kremote: Compressing objects:  45% (71/156)   [Kremote: Compressing objects:  46% (72/156)   [Kremote: Compressing objects:  47% (74/156)   [Kremote: Compressing objects:  48% (75/156)   [Kremote: Compressing objects:  49% (77/156)   [Kremote: Compressing objects:  50% (78/156)   [Kremote: Compressing objects:  51% (80/156)   [Kremote: Compressing objects:  52% (82/156)   [Kremote: Compressing objects:  53% (83/156)   [Kremote: Compressing objects:  54% (85/156)   [Kremote: Compressing objects:  55% (86/156)   [Kremote: Compressing objects:  56% (88/156)   [Kremote: Compressing objects:  57% (89/156)   [Kremote: Compressing objects:  58% (91/156)   [Kremote: Compressing objects:  59% (93/156)   [Kremote: Compressing objects:  60% (94/156)   [Kremote: Compressing objects:  61% (96/156)   [Kremote: Compressing objects:  62% (97/156)   [Kremote: Compressing objects:  63% (99/156)   [Kremote: Compressing objects:  64% (100/156)   [Kremote: Compressing objects:  65% (102/156)   [Kremote: Compressing objects:  66% (103/156)   [Kremote: Compressing objects:  67% (105/156)   [Kremote: Compressing objects:  68% (107/156)   [Kremote: Compressing objects:  69% (108/156)   [Kremote: Compressing objects:  70% (110/156)   [Kremote: Compressing objects:  71% (111/156)   [Kremote: Compressing objects:  72% (113/156)   [Kremote: Compressing objects:  73% (114/156)   [Kremote: Compressing objects:  74% (116/156)   [Kremote: Compressing objects:  75% (117/156)   [Kremote: Compressing objects:  76% (119/156)   [Kremote: Compressing objects:  77% (121/156)   [Kremote: Compressing objects:  78% (122/156)   [Kremote: Compressing objects:  79% (124/156)   [Kremote: Compressing objects:  80% (125/156)   [Kremote: Compressing objects:  81% (127/156)   [Kremote: Compressing objects:  82% (128/156)   [Kremote: Compressing objects:  83% (130/156)   [Kremote: Compressing objects:  84% (132/156)   [Kremote: Compressing objects:  85% (133/156)   [Kremote: Compressing objects:  86% (135/156)   [Kremote: Compressing objects:  87% (136/156)   [Kremote: Compressing objects:  88% (138/156)   [Kremote: Compressing objects:  89% (139/156)   [Kremote: Compressing objects:  90% (141/156)   [Kremote: Compressing objects:  91% (142/156)   [Kremote: Compressing objects:  92% (144/156)   [Kremote: Compressing objects:  93% (146/156)   [Kremote: Compressing objects:  94% (147/156)   [Kremote: Compressing objects:  95% (149/156)   [Kremote: Compressing objects:  96% (150/156)   [Kremote: Compressing objects:  97% (152/156)   [Kremote: Compressing objects:  98% (153/156)   [Kremote: Compressing objects:  99% (155/156)   [Kremote: Compressing objects: 100% (156/156)   [Kremote: Compressing objects: 100% (156/156), done.[K
Receiving objects:   0% (1/9734)   Receiving objects:   1% (98/9734)   Receiving objects:   2% (195/9734)   Receiving objects:   3% (293/9734)   Receiving objects:   4% (390/9734)   Receiving objects:   5% (487/9734)   Receiving objects:   6% (585/9734)   Receiving objects:   7% (682/9734)   Receiving objects:   8% (779/9734)   Receiving objects:   9% (877/9734)   Receiving objects:  10% (974/9734)   Receiving objects:  11% (1071/9734)   Receiving objects:  12% (1169/9734)   Receiving objects:  13% (1266/9734)   Receiving objects:  14% (1363/9734)   Receiving objects:  15% (1461/9734)   Receiving objects:  16% (1558/9734)   Receiving objects:  17% (1655/9734)   Receiving objects:  18% (1753/9734)   Receiving objects:  19% (1850/9734)   Receiving objects:  20% (1947/9734)   Receiving objects:  21% (2045/9734)   Receiving objects:  22% (2142/9734)   Receiving objects:  23% (2239/9734)   Receiving objects:  24% (2337/9734)   Receiving objects:  25% (2434/9734)   Receiving objects:  26% (2531/9734)   Receiving objects:  27% (2629/9734)   Receiving objects:  28% (2726/9734)   Receiving objects:  29% (2823/9734)   Receiving objects:  30% (2921/9734)   Receiving objects:  31% (3018/9734)   Receiving objects:  32% (3115/9734)   Receiving objects:  33% (3213/9734)   Receiving objects:  34% (3310/9734)   Receiving objects:  35% (3407/9734)   Receiving objects:  36% (3505/9734)   Receiving objects:  37% (3602/9734)   Receiving objects:  38% (3699/9734)   Receiving objects:  39% (3797/9734)   Receiving objects:  40% (3894/9734)   Receiving objects:  41% (3991/9734)   Receiving objects:  42% (4089/9734)   Receiving objects:  43% (4186/9734)   Receiving objects:  44% (4283/9734)   Receiving objects:  45% (4381/9734)   Receiving objects:  46% (4478/9734)   Receiving objects:  47% (4575/9734)   Receiving objects:  48% (4673/9734)   Receiving objects:  49% (4770/9734)   Receiving objects:  50% (4867/9734)   Receiving objects:  51% (4965/9734)   Receiving objects:  52% (5062/9734)   Receiving objects:  53% (5160/9734)   Receiving objects:  54% (5257/9734)   Receiving objects:  55% (5354/9734)   Receiving objects:  56% (5452/9734)   Receiving objects:  57% (5549/9734)   Receiving objects:  58% (5646/9734)   Receiving objects:  59% (5744/9734)   Receiving objects:  60% (5841/9734)   Receiving objects:  61% (5938/9734)   Receiving objects:  62% (6036/9734)   Receiving objects:  63% (6133/9734)   Receiving objects:  64% (6230/9734)   Receiving objects:  65% (6328/9734)   Receiving objects:  66% (6425/9734)   Receiving objects:  67% (6522/9734)   Receiving objects:  68% (6620/9734)   Receiving objects:  69% (6717/9734)   Receiving objects:  70% (6814/9734)   Receiving objects:  71% (6912/9734)   Receiving objects:  72% (7009/9734)   Receiving objects:  73% (7106/9734)   Receiving objects:  74% (7204/9734)   Receiving objects:  75% (7301/9734)   Receiving objects:  76% (7398/9734)   Receiving objects:  77% (7496/9734)   Receiving objects:  78% (7593/9734)   Receiving objects:  79% (7690/9734)   Receiving objects:  80% (7788/9734)   Receiving objects:  81% (7885/9734)   Receiving objects:  82% (7982/9734)   Receiving objects:  83% (8080/9734)   Receiving objects:  84% (8177/9734)   Receiving objects:  85% (8274/9734)   Receiving objects:  86% (8372/9734)   Receiving objects:  87% (8469/9734)   Receiving objects:  88% (8566/9734)   Receiving objects:  89% (8664/9734)   Receiving objects:  90% (8761/9734)   Receiving objects:  91% (8858/9734)   Receiving objects:  92% (8956/9734)   Receiving objects:  93% (9053/9734)   Receiving objects:  94% (9150/9734)   Receiving objects:  95% (9248/9734)   remote: Total 9734 (delta 78), reused 0 (delta 0), pack-reused 9497[K
Receiving objects:  96% (9345/9734)   Receiving objects:  97% (9442/9734)   Receiving objects:  98% (9540/9734)   Receiving objects:  99% (9637/9734)   Receiving objects: 100% (9734/9734)   Receiving objects: 100% (9734/9734), 6.70 MiB | 0 bytes/s, done.
Resolving deltas:   0% (0/3861)   Resolving deltas:   1% (62/3861)   Resolving deltas:   2% (84/3861)   Resolving deltas:   3% (128/3861)   Resolving deltas:   4% (162/3861)   Resolving deltas:   5% (196/3861)   Resolving deltas:   6% (234/3861)   Resolving deltas:   7% (289/3861)   Resolving deltas:   8% (311/3861)   Resolving deltas:   9% (349/3861)   Resolving deltas:  10% (394/3861)   Resolving deltas:  11% (433/3861)   Resolving deltas:  12% (473/3861)   Resolving deltas:  14% (572/3861)   Resolving deltas:  15% (581/3861)   Resolving deltas:  16% (634/3861)   Resolving deltas:  17% (658/3861)   Resolving deltas:  18% (696/3861)   Resolving deltas:  19% (738/3861)   Resolving deltas:  21% (814/3861)   Resolving deltas:  22% (858/3861)   Resolving deltas:  23% (890/3861)   Resolving deltas:  24% (928/3861)   Resolving deltas:  25% (981/3861)   Resolving deltas:  26% (1006/3861)   Resolving deltas:  27% (1043/3861)   Resolving deltas:  28% (1085/3861)   Resolving deltas:  29% (1124/3861)   Resolving deltas:  30% (1160/3861)   Resolving deltas:  31% (1198/3861)   Resolving deltas:  32% (1239/3861)   Resolving deltas:  33% (1275/3861)   Resolving deltas:  34% (1313/3861)   Resolving deltas:  35% (1359/3861)   Resolving deltas:  36% (1397/3861)   Resolving deltas:  37% (1430/3861)   Resolving deltas:  38% (1468/3861)   Resolving deltas:  39% (1528/3861)   Resolving deltas:  40% (1545/3861)   Resolving deltas:  41% (1586/3861)   Resolving deltas:  42% (1628/3861)   Resolving deltas:  43% (1664/3861)   Resolving deltas:  44% (1703/3861)   Resolving deltas:  45% (1747/3861)   Resolving deltas:  46% (1777/3861)   Resolving deltas:  47% (1822/3861)   Resolving deltas:  48% (1856/3861)   Resolving deltas:  49% (1894/3861)   Resolving deltas:  50% (1934/3861)   Resolving deltas:  51% (1983/3861)   Resolving deltas:  52% (2011/3861)   Resolving deltas:  53% (2059/3861)   Resolving deltas:  54% (2088/3861)   Resolving deltas:  55% (2140/3861)   Resolving deltas:  56% (2187/3861)   Resolving deltas:  57% (2204/3861)   Resolving deltas:  58% (2240/3861)   Resolving deltas:  59% (2284/3861)   Resolving deltas:  60% (2320/3861)   Resolving deltas:  61% (2363/3861)   Resolving deltas:  62% (2396/3861)   Resolving deltas:  63% (2457/3861)   Resolving deltas:  64% (2472/3861)   Resolving deltas:  65% (2510/3861)   Resolving deltas:  66% (2549/3861)   Resolving deltas:  67% (2599/3861)   Resolving deltas:  68% (2628/3861)   Resolving deltas:  69% (2665/3861)   Resolving deltas:  70% (2706/3861)   Resolving deltas:  71% (2769/3861)   Resolving deltas:  72% (2782/3861)   Resolving deltas:  73% (2820/3861)   Resolving deltas:  74% (2859/3861)   Resolving deltas:  75% (2902/3861)   Resolving deltas:  76% (2937/3861)   Resolving deltas:  77% (2995/3861)   Resolving deltas:  78% (3016/3861)   Resolving deltas:  79% (3052/3861)   Resolving deltas:  81% (3140/3861)   Resolving deltas:  82% (3179/3861)   Resolving deltas:  83% (3216/3861)   Resolving deltas:  84% (3246/3861)   Resolving deltas:  85% (3295/3861)   Resolving deltas:  86% (3324/3861)   Resolving deltas:  87% (3372/3861)   Resolving deltas:  88% (3398/3861)   Resolving deltas:  89% (3438/3861)   Resolving deltas:  90% (3476/3861)   Resolving deltas:  91% (3514/3861)   Resolving deltas:  92% (3555/3861)   Resolving deltas:  93% (3597/3861)   Resolving deltas:  94% (3630/3861)   Resolving deltas:  95% (3688/3861)   Resolving deltas:  96% (3720/3861)   Resolving deltas:  97% (3746/3861)   Resolving deltas:  98% (3791/3861)   Resolving deltas:  99% (3823/3861)   Resolving deltas: 100% (3861/3861)   Resolving deltas: 100% (3861/3861), done.
Checking connectivity... done.

travis_time:end:2fffa4b3:start=1455815939721996792,finish=1455815940763928587,duration=1041931795[0Ktravis_fold:end:before_install.1[0Ktravis_fold:start:before_install.2[0Ktravis_time:start:13d88868[0K$ pip install --user codecov
[33mYou are using pip version 6.0.8, however version 8.0.2 is available.
You should consider upgrading via the 'pip install --upgrade pip' command.[0m
Collecting codecov
  Downloading codecov-1.6.3-py2.py3-none-any.whl
Collecting coverage (from codecov)
  Downloading coverage-4.0.3.tar.gz (354kB)
[?25l[K    1% |                                | 4.1kB 36.9MB/s eta 0:00:01[K    2% |                                | 8.2kB 25.5MB/s eta 0:00:01[K    3% |#                               | 12kB 25.4MB/s eta 0:00:01[K    4% |#                               | 16kB 2.8MB/s eta 0:00:01[K    5% |#                               | 20kB 3.4MB/s eta 0:00:01[K    6% |##                              | 24kB 3.9MB/s eta 0:00:01[K    8% |##                              | 28kB 4.4MB/s eta 0:00:01[K    9% |##                              | 32kB 4.9MB/s eta 0:00:01[K    10% |###                             | 36kB 5.4MB/s eta 0:00:01[K    11% |###                             | 40kB 5.8MB/s eta 0:00:01[K    12% |####                            | 45kB 5.8MB/s eta 0:00:01[K    13% |####                            | 49kB 3.1MB/s eta 0:00:01[K    15% |####                            | 53kB 3.1MB/s eta 0:00:01[K    16% |#####                           | 57kB 5.1MB/s eta 0:00:01[K    17% |#####                           | 61kB 5.2MB/s eta 0:00:01[K    18% |#####                           | 65kB 5.2MB/s eta 0:00:01[K    19% |######                          | 69kB 5.2MB/s eta 0:00:01[K    20% |######                          | 73kB 5.3MB/s eta 0:00:01[K    21% |#######                         | 77kB 5.3MB/s eta 0:00:01[K    23% |#######                         | 81kB 5.2MB/s eta 0:00:01[K    24% |#######                         | 86kB 5.2MB/s eta 0:00:01[K    25% |########                        | 90kB 23.6MB/s eta 0:00:01[K    26% |########                        | 94kB 24.8MB/s eta 0:00:01[K    27% |########                        | 98kB 23.8MB/s eta 0:00:01[K    28% |#########                       | 102kB 23.6MB/s eta 0:00:01[K    30% |#########                       | 106kB 24.3MB/s eta 0:00:01[K    31% |#########                       | 110kB 24.1MB/s eta 0:00:01[K    32% |##########                      | 114kB 6.8MB/s eta 0:00:01[K    33% |##########                      | 118kB 6.7MB/s eta 0:00:01[K    34% |###########                     | 122kB 6.8MB/s eta 0:00:01[K    35% |###########                     | 126kB 6.8MB/s eta 0:00:01[K    36% |###########                     | 131kB 6.7MB/s eta 0:00:01[K    38% |############                    | 135kB 6.7MB/s eta 0:00:01[K    39% |############                    | 139kB 6.7MB/s eta 0:00:01[K    40% |############                    | 143kB 6.7MB/s eta 0:00:01[K    41% |#############                   | 147kB 6.6MB/s eta 0:00:01[K    42% |#############                   | 151kB 6.6MB/s eta 0:00:01[K    43% |##############                  | 155kB 21.8MB/s eta 0:00:01[K    45% |##############                  | 159kB 22.5MB/s eta 0:00:01[K    46% |##############                  | 163kB 22.4MB/s eta 0:00:01[K    47% |###############                 | 167kB 22.5MB/s eta 0:00:01[K    48% |###############                 | 172kB 23.2MB/s eta 0:00:01[K    49% |###############                 | 176kB 24.0MB/s eta 0:00:01[K    50% |################                | 180kB 23.8MB/s eta 0:00:01[K    51% |################                | 184kB 24.5MB/s eta 0:00:01[K    53% |#################               | 188kB 26.2MB/s eta 0:00:01[K    54% |#################               | 192kB 27.1MB/s eta 0:00:01[K    55% |#################               | 196kB 26.7MB/s eta 0:00:01[K    56% |##################              | 200kB 27.2MB/s eta 0:00:01[K    57% |##################              | 204kB 28.3MB/s eta 0:00:01[K    58% |##################              | 208kB 27.9MB/s eta 0:00:01[K    60% |###################             | 212kB 26.9MB/s eta 0:00:01[K    61% |###################             | 217kB 26.5MB/s eta 0:00:01[K    62% |###################             | 221kB 26.9MB/s eta 0:00:01[K    63% |####################            | 225kB 26.6MB/s eta 0:00:01[K    64% |####################            | 229kB 25.2MB/s eta 0:00:01[K    65% |#####################           | 233kB 24.4MB/s eta 0:00:01[K    67% |#####################           | 237kB 25.1MB/s eta 0:00:01[K    68% |#####################           | 241kB 24.8MB/s eta 0:00:01[K    69% |######################          | 245kB 10.8MB/s eta 0:00:01[K    70% |######################          | 249kB 10.9MB/s eta 0:00:01[K    71% |######################          | 253kB 11.1MB/s eta 0:00:01[K    72% |#######################         | 258kB 11.2MB/s eta 0:00:01[K    73% |#######################         | 262kB 11.0MB/s eta 0:00:01[K    75% |########################        | 266kB 11.1MB/s eta 0:00:01[K    76% |########################        | 270kB 11.2MB/s eta 0:00:01[K    77% |########################        | 274kB 11.4MB/s eta 0:00:01[K    78% |#########################       | 278kB 11.2MB/s eta 0:00:01[K    79% |#########################       | 282kB 11.2MB/s eta 0:00:01[K    80% |#########################       | 286kB 26.8MB/s eta 0:00:01[K    82% |##########################      | 290kB 27.2MB/s eta 0:00:01[K    83% |##########################      | 294kB 26.4MB/s eta 0:00:01[K    84% |##########################      | 299kB 26.4MB/s eta 0:00:01[K    85% |###########################     | 303kB 27.7MB/s eta 0:00:01[K    86% |###########################     | 307kB 27.5MB/s eta 0:00:01[K    87% |############################    | 311kB 27.2MB/s eta 0:00:01[K    88% |############################    | 315kB 27.2MB/s eta 0:00:01[K    90% |############################    | 319kB 28.6MB/s eta 0:00:01[K    91% |#############################   | 323kB 29.1MB/s eta 0:00:01[K    92% |#############################   | 327kB 28.2MB/s eta 0:00:01[K    93% |#############################   | 331kB 27.8MB/s eta 0:00:01[K    94% |##############################  | 335kB 28.7MB/s eta 0:00:01[K    95% |##############################  | 339kB 28.8MB/s eta 0:00:01[K    97% |############################### | 344kB 28.1MB/s eta 0:00:01[K    98% |############################### | 348kB 28.3MB/s eta 0:00:01[K    99% |############################### | 352kB 29.4MB/s eta 0:00:01[K    100% |################################| 356kB 1.4MB/s 
[?25hCollecting requests>=2.0.0 (from codecov)
  Downloading requests-2.9.1-py2.py3-none-any.whl (501kB)
[?25l[K    0% |                                | 4.1kB 15.9MB/s eta 0:00:01[K    1% |                                | 8.2kB 15.8MB/s eta 0:00:01[K    2% |                                | 12kB 16.0MB/s eta 0:00:01[K    3% |#                               | 16kB 16.3MB/s eta 0:00:01[K    4% |#                               | 20kB 15.3MB/s eta 0:00:01[K    4% |#                               | 24kB 15.7MB/s eta 0:00:01[K    5% |#                               | 28kB 16.1MB/s eta 0:00:01[K    6% |##                              | 32kB 16.2MB/s eta 0:00:01[K    7% |##                              | 36kB 15.6MB/s eta 0:00:01[K    8% |##                              | 40kB 15.8MB/s eta 0:00:01[K    8% |##                              | 45kB 16.0MB/s eta 0:00:01[K    9% |###                             | 49kB 16.2MB/s eta 0:00:01[K    10% |###                             | 53kB 15.9MB/s eta 0:00:01[K    11% |###                             | 57kB 16.0MB/s eta 0:00:01[K    12% |###                             | 61kB 16.5MB/s eta 0:00:01[K    13% |####                            | 65kB 16.6MB/s eta 0:00:01[K    13% |####                            | 69kB 16.0MB/s eta 0:00:01[K    14% |####                            | 73kB 16.1MB/s eta 0:00:01[K    15% |####                            | 77kB 17.0MB/s eta 0:00:01[K    16% |#####                           | 81kB 17.2MB/s eta 0:00:01[K    17% |#####                           | 86kB 16.7MB/s eta 0:00:01[K    17% |#####                           | 90kB 16.7MB/s eta 0:00:01[K    18% |######                          | 94kB 17.3MB/s eta 0:00:01[K    19% |######                          | 98kB 17.3MB/s eta 0:00:01[K    20% |######                          | 102kB 16.8MB/s eta 0:00:01[K    21% |######                          | 106kB 16.8MB/s eta 0:00:01[K    22% |#######                         | 110kB 17.5MB/s eta 0:00:01[K    22% |#######                         | 114kB 17.7MB/s eta 0:00:01[K    23% |#######                         | 118kB 17.1MB/s eta 0:00:01[K    24% |#######                         | 122kB 17.1MB/s eta 0:00:01[K    25% |########                        | 126kB 17.8MB/s eta 0:00:01[K    26% |########                        | 131kB 17.6MB/s eta 0:00:01[K    26% |########                        | 135kB 16.8MB/s eta 0:00:01[K    27% |########                        | 139kB 16.8MB/s eta 0:00:01[K    28% |#########                       | 143kB 17.7MB/s eta 0:00:01[K    29% |#########                       | 147kB 17.9MB/s eta 0:00:01[K    30% |#########                       | 151kB 17.2MB/s eta 0:00:01[K    31% |#########                       | 155kB 17.1MB/s eta 0:00:01[K    31% |##########                      | 159kB 17.6MB/s eta 0:00:01[K    32% |##########                      | 163kB 17.7MB/s eta 0:00:01[K    33% |##########                      | 167kB 17.1MB/s eta 0:00:01[K    34% |##########                      | 172kB 17.3MB/s eta 0:00:01[K    35% |###########                     | 176kB 18.2MB/s eta 0:00:01[K    35% |###########                     | 180kB 18.4MB/s eta 0:00:01[K    36% |###########                     | 184kB 17.7MB/s eta 0:00:01[K    37% |############                    | 188kB 17.5MB/s eta 0:00:01[K    38% |############                    | 192kB 18.1MB/s eta 0:00:01[K    39% |############                    | 196kB 18.1MB/s eta 0:00:01[K    40% |############                    | 200kB 17.1MB/s eta 0:00:01[K    40% |#############                   | 204kB 17.0MB/s eta 0:00:01[K    41% |#############                   | 208kB 17.6MB/s eta 0:00:01[K    42% |#############                   | 212kB 17.8MB/s eta 0:00:01[K    43% |#############                   | 217kB 17.0MB/s eta 0:00:01[K    44% |##############                  | 221kB 16.8MB/s eta 0:00:01[K    44% |##############                  | 225kB 17.5MB/s eta 0:00:01[K    45% |##############                  | 229kB 17.7MB/s eta 0:00:01[K    46% |##############                  | 233kB 17.1MB/s eta 0:00:01[K    47% |###############                 | 237kB 17.2MB/s eta 0:00:01[K    48% |###############                 | 241kB 18.2MB/s eta 0:00:01[K    49% |###############                 | 245kB 18.3MB/s eta 0:00:01[K    49% |###############                 | 249kB 17.6MB/s eta 0:00:01[K    50% |################                | 253kB 17.5MB/s eta 0:00:01[K    51% |################                | 258kB 18.3MB/s eta 0:00:01[K    52% |################                | 262kB 18.5MB/s eta 0:00:01[K    53% |################                | 266kB 17.8MB/s eta 0:00:01[K    53% |#################               | 270kB 17.5MB/s eta 0:00:01[K    54% |#################               | 274kB 18.0MB/s eta 0:00:01[K    55% |#################               | 278kB 17.9MB/s eta 0:00:01[K    56% |##################              | 282kB 17.2MB/s eta 0:00:01[K    57% |##################              | 286kB 17.2MB/s eta 0:00:01[K    58% |##################              | 290kB 17.8MB/s eta 0:00:01[K    58% |##################              | 294kB 18.0MB/s eta 0:00:01[K    59% |###################             | 299kB 17.4MB/s eta 0:00:01[K    60% |###################             | 303kB 17.1MB/s eta 0:00:01[K    61% |###################             | 307kB 17.7MB/s eta 0:00:01[K    62% |###################             | 311kB 17.9MB/s eta 0:00:01[K    62% |####################            | 315kB 17.4MB/s eta 0:00:01[K    63% |####################            | 319kB 17.4MB/s eta 0:00:01[K    64% |####################            | 323kB 18.1MB/s eta 0:00:01[K    65% |####################            | 327kB 18.2MB/s eta 0:00:01[K    66% |#####################           | 331kB 17.5MB/s eta 0:00:01[K    67% |#####################           | 335kB 17.2MB/s eta 0:00:01[K    67% |#####################           | 339kB 17.9MB/s eta 0:00:01[K    68% |#####################           | 344kB 17.7MB/s eta 0:00:01[K    69% |######################          | 348kB 17.0MB/s eta 0:00:01[K    70% |######################          | 352kB 17.0MB/s eta 0:00:01[K    71% |######################          | 356kB 17.5MB/s eta 0:00:01[K    71% |#######################         | 360kB 17.5MB/s eta 0:00:01[K    72% |#######################         | 364kB 16.9MB/s eta 0:00:01[K    73% |#######################         | 368kB 16.8MB/s eta 0:00:01[K    74% |#######################         | 372kB 17.6MB/s eta 0:00:01[K    75% |########################        | 376kB 17.9MB/s eta 0:00:01[K    76% |########################        | 380kB 17.2MB/s eta 0:00:01[K    76% |########################        | 385kB 17.5MB/s eta 0:00:01[K    77% |########################        | 389kB 18.2MB/s eta 0:00:01[K    78% |#########################       | 393kB 18.4MB/s eta 0:00:01[K    79% |#########################       | 397kB 17.8MB/s eta 0:00:01[K    80% |#########################       | 401kB 17.8MB/s eta 0:00:01[K    80% |#########################       | 405kB 18.5MB/s eta 0:00:01[K    81% |##########################      | 409kB 18.6MB/s eta 0:00:01[K    82% |##########################      | 413kB 17.7MB/s eta 0:00:01[K    83% |##########################      | 417kB 17.3MB/s eta 0:00:01[K    84% |##########################      | 421kB 17.9MB/s eta 0:00:01[K    84% |###########################     | 425kB 17.8MB/s eta 0:00:01[K    85% |###########################     | 430kB 17.2MB/s eta 0:00:01[K    86% |###########################     | 434kB 17.1MB/s eta 0:00:01[K    87% |###########################     | 438kB 17.6MB/s eta 0:00:01[K    88% |############################    | 442kB 17.7MB/s eta 0:00:01[K    89% |############################    | 446kB 17.0MB/s eta 0:00:01[K    89% |############################    | 450kB 16.9MB/s eta 0:00:01[K    90% |#############################   | 454kB 17.6MB/s eta 0:00:01[K    91% |#############################   | 458kB 17.7MB/s eta 0:00:01[K    92% |#############################   | 462kB 17.0MB/s eta 0:00:01[K    93% |#############################   | 466kB 17.0MB/s eta 0:00:01[K    93% |##############################  | 471kB 17.7MB/s eta 0:00:01[K    94% |##############################  | 475kB 17.8MB/s eta 0:00:01[K    95% |##############################  | 479kB 17.2MB/s eta 0:00:01[K    96% |##############################  | 483kB 17.0MB/s eta 0:00:01[K    97% |############################### | 487kB 17.6MB/s eta 0:00:01[K    98% |############################### | 491kB 17.6MB/s eta 0:00:01[K    98% |############################### | 495kB 17.2MB/s eta 0:00:01[K    99% |############################### | 499kB 17.2MB/s eta 0:00:01[K    100% |################################| 503kB 734kB/s 
[?25hInstalling collected packages: requests, coverage, codecov

  Running setup.py install for coverage
    building 'coverage.tracer' extension
    gcc -pthread -fno-strict-aliasing -DNDEBUG -g -fwrapv -O2 -Wall -Wstrict-prototypes -fPIC -I/usr/include/python2.7 -c coverage/ctracer/datastack.c -o build/temp.linux-x86_64-2.7/coverage/ctracer/datastack.o
    gcc -pthread -fno-strict-aliasing -DNDEBUG -g -fwrapv -O2 -Wall -Wstrict-prototypes -fPIC -I/usr/include/python2.7 -c coverage/ctracer/filedisp.c -o build/temp.linux-x86_64-2.7/coverage/ctracer/filedisp.o
    gcc -pthread -fno-strict-aliasing -DNDEBUG -g -fwrapv -O2 -Wall -Wstrict-prototypes -fPIC -I/usr/include/python2.7 -c coverage/ctracer/module.c -o build/temp.linux-x86_64-2.7/coverage/ctracer/module.o
    gcc -pthread -fno-strict-aliasing -DNDEBUG -g -fwrapv -O2 -Wall -Wstrict-prototypes -fPIC -I/usr/include/python2.7 -c coverage/ctracer/tracer.c -o build/temp.linux-x86_64-2.7/coverage/ctracer/tracer.o
    gcc -pthread -shared -Wl,-O1 -Wl,-Bsymbolic-functions -Wl,-Bsymbolic-functions -Wl,-z,relro build/temp.linux-x86_64-2.7/coverage/ctracer/datastack.o build/temp.linux-x86_64-2.7/coverage/ctracer/filedisp.o build/temp.linux-x86_64-2.7/coverage/ctracer/module.o build/temp.linux-x86_64-2.7/coverage/ctracer/tracer.o -o build/lib.linux-x86_64-2.7/coverage/tracer.so
    Installing coverage2 script to /home/travis/.local/bin
    Installing coverage-2.7 script to /home/travis/.local/bin
    Installing coverage script to /home/travis/.local/bin

Successfully installed codecov coverage requests

travis_time:end:13d88868:start=1455815940769233525,finish=1455815945338511055,duration=4569277530[0Ktravis_fold:end:before_install.2[0Ktravis_fold:start:install[0Ktravis_time:start:08479d26[0K$ true

travis_time:end:08479d26:start=1455815945342916702,finish=1455815945346327975,duration=3411273[0Ktravis_fold:end:install[0Ktravis_fold:start:before_script.1[0Ktravis_time:start:18fe6d78[0K$ export DISPLAY=:99.0

travis_time:end:18fe6d78:start=1455815945351196846,finish=1455815945355147430,duration=3950584[0Ktravis_fold:end:before_script.1[0Ktravis_fold:start:before_script.2[0Ktravis_time:start:1437943e[0K$ /sbin/start-stop-daemon --start --quiet --pidfile /tmp/custom_xvfb_99.pid --make-pidfile --background --exec /usr/bin/Xvfb -- :99 -ac -screen 0 1280x1024x16

travis_time:end:1437943e:start=1455815945359736527,finish=1455815945372226896,duration=12490369[0Ktravis_fold:end:before_script.2[0Ktravis_time:start:05620d80[0K$ ./target/travis/[secure]-script.sh
echo "TRAVIS_PULL_REQUEST = ${TRAVIS_PULL_REQUEST}"
TRAVIS_PULL_REQUEST = false
echo "TRAVIS_BRANCH = ${TRAVIS_BRANCH}"
TRAVIS_BRANCH = travis-ci/fix-unittests
if [ "${TRAVIS_PULL_REQUEST}" = "false" ] && [ "${TRAVIS_BRANCH}" = "develop" ]
then
  echo build and deploy
  mvn clean deploy javadoc:javadoc -P sourceforge-release --settings ./target/travis/settings.xml
else
  echo only verify
  mvn clean verify javadoc:javadoc
fi
only verify
Java HotSpot(TM) 64-Bit Server VM warning: ignoring option MaxPermSize=192m; support was removed in 8.0
[INFO] Scanning for projects...
[INFO]                                                                         
[INFO] ------------------------------------------------------------------------
[INFO] Building GCViewer 1.35-SNAPSHOT
[INFO] ------------------------------------------------------------------------
[INFO] 
[INFO] --- maven-clean-plugin:2.5:clean (default-clean) @ [secure] ---
[INFO] Deleting /home/travis/build/[secure]/GCViewer/target
[INFO] 
[INFO] --- maven-enforcer-plugin:1.2:enforce (enforce-maven) @ [secure] ---
[INFO] 
[INFO] --- buildnumber-maven-plugin:1.3:create (create-build-metadata) @ [secure] ---
[INFO] Executing: /bin/sh -c cd /home/travis/build/[secure]/GCViewer && git rev-parse --verify HEAD
[INFO] Working directory: /home/travis/build/[secure]/GCViewer
[INFO] Storing buildNumber: cbe1f1d68b53b95034b38bfc884855639d499e09 at timestamp: 2016-02-18T17:19:11+0000
[WARNING] Cannot get the branch information from the git repository: 
Detecting the current branch failed: fatal: ref HEAD is not a symbolic ref

[INFO] Executing: /bin/sh -c cd /home/travis/build/[secure]/GCViewer && git rev-parse --verify HEAD
[INFO] Working directory: /home/travis/build/[secure]/GCViewer
[INFO] Storing buildScmBranch: UNKNOWN
[INFO] 
[INFO] --- jacoco-maven-plugin:0.7.5.201505241946:prepare-agent (prepare-agent) @ [secure] ---
[INFO] argLine set to -javaagent:/home/travis/.m2/repository/org/jacoco/org.jacoco.agent/0.7.5.201505241946/org.jacoco.agent-0.7.5.201505241946-runtime.jar=destfile=/home/travis/build/[secure]/GCViewer/target/jacoco.exec
[INFO] 
[INFO] --- tools-maven-plugin:1.4:copy-legal-files (install-legal-files) @ [secure] ---
[INFO] Created dir: /home/travis/build/[secure]/GCViewer/target/classes/META-INF
[INFO] Copying 2 files to /home/travis/build/[secure]/GCViewer/target/classes/META-INF
[INFO] 
[INFO] --- maven-resources-plugin:2.6:resources (default-resources) @ [secure] ---
[INFO] Using 'UTF-8' encoding to copy filtered resources.
[INFO] Copying 24 resources
[INFO] Copying 1 resource to /home/travis/build/[secure]/GCViewer/target/mac
[INFO] Copying 4 resources to /home/travis/build/[secure]/GCViewer/target/mac
[INFO] Copying 0 resource to /home/travis/build/[secure]/GCViewer/target
[INFO] 
[INFO] --- maven-compiler-plugin:3.3:compile (default-compile) @ [secure] ---
[INFO] Changes detected - recompiling the module!
[INFO] Compiling 141 source files to /home/travis/build/[secure]/GCViewer/target/classes
[INFO] /home/travis/build/[secure]/GCViewer/src/main/java/com/tagtraum/perf/[secure]/view/ModelChartImpl.java: /home/travis/build/[secure]/GCViewer/src/main/java/com/tagtraum/perf/[secure]/view/ModelChartImpl.java uses or overrides a deprecated API.
[INFO] /home/travis/build/[secure]/GCViewer/src/main/java/com/tagtraum/perf/[secure]/view/ModelChartImpl.java: Recompile with -Xlint:deprecation for details.
[INFO] /home/travis/build/[secure]/GCViewer/src/main/java/com/tagtraum/perf/[secure]/view/AutoCompletionTextField.java: Some input files use unchecked or unsafe operations.
[INFO] /home/travis/build/[secure]/GCViewer/src/main/java/com/tagtraum/perf/[secure]/view/AutoCompletionTextField.java: Recompile with -Xlint:unchecked for details.
[INFO] 
[INFO] --- maven-resources-plugin:2.6:testResources (default-testResources) @ [secure] ---
[INFO] Using 'UTF-8' encoding to copy filtered resources.
[INFO] Copying 109 resources
[INFO] 
[INFO] --- maven-compiler-plugin:3.3:testCompile (default-testCompile) @ [secure] ---
[INFO] Changes detected - recompiling the module!
[INFO] Compiling 48 source files to /home/travis/build/[secure]/GCViewer/target/test-classes
[INFO] 
[INFO] --- maven-surefire-plugin:2.18.1:test (default-test) @ [secure] ---
[INFO] Surefire report directory: /home/travis/build/[secure]/GCViewer/target/surefire-reports

-------------------------------------------------------
 T E S T S
-------------------------------------------------------
Running com.tagtraum.perf.[secure].imp.TestDataReaderIBM_J9_R26
Feb 18, 2016 5:19:39 PM com.tagtraum.perf.[secure].imp.DataReaderIBM_J9_R28 handleVerboseGC
INFO: gc log version = R26_Java626_GA_FP1_20110418_1915_B80450_CMPRSS
Feb 18, 2016 5:19:39 PM com.tagtraum.perf.[secure].imp.DataReaderIBM_J9_R28 handleInitialized
INFO: gcPolicy = -Xgcpolicy:gencon
Feb 18, 2016 5:19:39 PM com.tagtraum.perf.[secure].imp.DataReaderIBM_J9_R28 read
WARNING: line 134: javax.xml.stream.XMLStreamException: ParseError at [row,col]:[135,1]
Message: XML document structures must start and end within the same entity.
Feb 18, 2016 5:19:39 PM com.tagtraum.perf.[secure].imp.DataReaderIBM_J9_R28 handleVerboseGC
INFO: gc log version = R26_Java626_GA_FP1_20110418_1915_B80450_CMPRSS
Tests run: 2, Failures: 0, Errors: 0, Skipped: 0, Time elapsed: 0.656 sec - in com.tagtraum.perf.[secure].imp.TestDataReaderIBM_J9_R26
Running com.tagtraum.perf.[secure].imp.TestDataReaderSun1_2_2
Feb 18, 2016 5:19:40 PM com.tagtraum.perf.[secure].imp.DataReaderSun1_2_2 read
INFO: Reading Sun 1.2.2 format...
Feb 18, 2016 5:19:40 PM com.tagtraum.perf.[secure].imp.DataReaderSun1_2_2 read
INFO: Done reading.
0.0: [GC: 817K->187K(819K), 0.008 secs]
0.02: [GC: 775K->188K(819K), 0.005 secs]
0.741: [GC: 1213K->1213K(1639K), 0.0 secs]
Tests run: 1, Failures: 0, Errors: 0, Skipped: 0, Time elapsed: 0.027 sec - in com.tagtraum.perf.[secure].imp.TestDataReaderSun1_2_2
Running com.tagtraum.perf.[secure].imp.TestDataReaderSun1_8_0G1
Feb 18, 2016 5:19:40 PM com.tagtraum.perf.[secure].imp.DataReaderSun1_6_0G1 read
INFO: Reading Sun 1.6.x / 1.7.x G1 format...
Feb 18, 2016 5:19:40 PM com.tagtraum.perf.[secure].imp.DataReaderSun1_6_0G1 read
INFO: Java HotSpot(TM) 64-Bit Server VM (25.20-b23) for windows-amd64 JRE (1.8.0_20-b26), built on Jul 30 2014 13:51:23 by "java_re" with MS VC++ 10.0 (VS2010)
Feb 18, 2016 5:19:40 PM com.tagtraum.perf.[secure].imp.DataReaderSun1_6_0G1 read
INFO: Memory: 4k page, physical 4193296k(1247428k free), swap 8384728k(4916632k free)
Feb 18, 2016 5:19:40 PM com.tagtraum.perf.[secure].imp.DataReaderSun1_6_0G1 read
INFO: CommandLine flags: -XX:InitialHeapSize=67092736 -XX:MaxHeapSize=134217728 -XX:-PrintAdaptiveSizePolicy -XX:+PrintGC -XX:-PrintGCApplicationConcurrentTime -XX:-PrintGCApplicationStoppedTime -XX:+PrintGCDateStamps -XX:+PrintGCDetails -XX:-PrintGCTimeStamps -XX:+PrintHeapAtGC -XX:+PrintTenuringDistribution -XX:+UseCompressedClassPointers -XX:+UseCompressedOops -XX:+UseG1GC -XX:-UseLargePagesIndividualAllocation 
Feb 18, 2016 5:19:40 PM com.tagtraum.perf.[secure].imp.DataReaderSun1_6_0G1 read
INFO: Done reading.
Feb 18, 2016 5:19:40 PM com.tagtraum.perf.[secure].imp.DataReaderSun1_6_0G1 read
INFO: Reading Sun 1.6.x / 1.7.x G1 format...
Feb 18, 2016 5:19:40 PM com.tagtraum.perf.[secure].imp.DataReaderSun1_6_0G1 read
INFO: Done reading.
Feb 18, 2016 5:19:40 PM com.tagtraum.perf.[secure].imp.DataReaderSun1_6_0G1 read
INFO: Reading Sun 1.6.x / 1.7.x G1 format...
Feb 18, 2016 5:19:40 PM com.tagtraum.perf.[secure].imp.DataReaderSun1_6_0G1 read
WARNING: com.tagtraum.perf.[secure].imp.ParseException: java.lang.StringIndexOutOfBoundsException: String index out of range: 153 Line 2: 2015-05-01T11:26:29.687+0200: 160770.873: [GC pause (G1 Humongous Allocation) (young)2015-05-01T11:26:29.701+0200: 160770.887: [GC concurrent-mark-start]
Feb 18, 2016 5:19:40 PM com.tagtraum.perf.[secure].imp.DataReaderSun1_6_0G1 read
WARNING: com.tagtraum.perf.[secure].imp.UnknownGcTypeException: Unknown gc type: '' Line 3: , 0.0470136 secs]
Feb 18, 2016 5:19:40 PM com.tagtraum.perf.[secure].imp.DataReaderSun1_6_0G1 read
INFO: Done reading.
Feb 18, 2016 5:19:40 PM com.tagtraum.perf.[secure].imp.DataReaderSun1_6_0G1 read
INFO: Reading Sun 1.6.x / 1.7.x G1 format...
Feb 18, 2016 5:19:40 PM com.tagtraum.perf.[secure].imp.DataReaderSun1_6_0G1 read
INFO: Done reading.
Feb 18, 2016 5:19:40 PM com.tagtraum.perf.[secure].imp.DataReaderSun1_6_0G1 read
INFO: Reading Sun 1.6.x / 1.7.x G1 format...
Feb 18, 2016 5:19:40 PM com.tagtraum.perf.[secure].imp.DataReaderSun1_6_0G1 read
INFO: Done reading.
Feb 18, 2016 5:19:40 PM com.tagtraum.perf.[secure].imp.DataReaderSun1_6_0G1 read
INFO: Reading Sun 1.6.x / 1.7.x G1 format...
Feb 18, 2016 5:19:40 PM com.tagtraum.perf.[secure].imp.DataReaderSun1_6_0G1 read
INFO: OpenJDK 64-Bit Server VM (25.5-b02) for linux-amd64 JRE (1.8.0_05-b13), built on May 16 2014 13:04:33 by "mockbuild" with gcc 4.8.2 20131212 (Red Hat 4.8.2-7)
Feb 18, 2016 5:19:40 PM com.tagtraum.perf.[secure].imp.DataReaderSun1_6_0G1 read
INFO: Memory: 4k page, physical 98979696k(96364364k free), swap 8191996k(8008108k free)
Feb 18, 2016 5:19:40 PM com.tagtraum.perf.[secure].imp.DataReaderSun1_6_0G1 read
INFO: CommandLine flags: -XX:InitialHeapSize=85899345920 -XX:MaxGCPauseMillis=200 -XX:MaxHeapSize=85899345920 -XX:NewRatio=3 -XX:+ParallelRefProcEnabled -XX:+PrintGC -XX:+PrintGCDetails -XX:+PrintGCTimeStamps -XX:+PrintTenuringDistribution -XX:-ResizePLAB -XX:+UseG1GC
Feb 18, 2016 5:19:40 PM com.tagtraum.perf.[secure].imp.DataReaderSun1_6_0G1 read
INFO: Done reading.
Tests run: 6, Failures: 0, Errors: 0, Skipped: 0, Time elapsed: 0.084 sec - in com.tagtraum.perf.[secure].imp.TestDataReaderSun1_8_0G1
Running com.tagtraum.perf.[secure].imp.TestDataReaderJRockit1_5_0
Feb 18, 2016 5:19:40 PM com.tagtraum.perf.[secure].imp.DataReaderJRockit1_5_0 read
INFO: Reading JRockit 1.5 format...
Feb 18, 2016 5:19:40 PM com.tagtraum.perf.[secure].imp.DataReaderJRockit1_5_0 read
INFO: GC mode: Static, strategy: Concurrent Mark & Sweep
Feb 18, 2016 5:19:40 PM com.tagtraum.perf.[secure].imp.DataReaderJRockit1_5_0 read
INFO: heap size: 3145728K, maximal heap size: 3145728K
Feb 18, 2016 5:19:40 PM com.tagtraum.perf.[secure].imp.DataReaderJRockit1_5_0 read
INFO: Changing GC strategy to Concurrent Mark, Parallel Sweep
Feb 18, 2016 5:19:40 PM com.tagtraum.perf.[secure].imp.DataReaderJRockit1_5_0 read
INFO: Changing GC strategy to Concurrent Mark & Sweep
Feb 18, 2016 5:19:40 PM com.tagtraum.perf.[secure].imp.DataReaderJRockit1_5_0 read
INFO: Changing GC strategy to Concurrent Mark, Parallel Sweep
Feb 18, 2016 5:19:40 PM com.tagtraum.perf.[secure].imp.DataReaderJRockit1_5_0 read
INFO: Reading done.
Feb 18, 2016 5:19:40 PM com.tagtraum.perf.[secure].imp.DataReaderJRockit1_5_0 read
INFO: Reading JRockit 1.5 format...
Feb 18, 2016 5:19:40 PM com.tagtraum.perf.[secure].imp.DataReaderJRockit1_5_0 read
INFO: Failed to determine type: 6.290-6.424: GC-malformed 3128161K->296406K (3145728K), sum of pauses 59.084 ms
Feb 18, 2016 5:19:40 PM com.tagtraum.perf.[secure].imp.DataReaderJRockit1_5_0 read
INFO: Reading done.
Feb 18, 2016 5:19:40 PM com.tagtraum.perf.[secure].imp.DataReaderJRockit1_5_0 read
INFO: Reading JRockit 1.5 format...
Feb 18, 2016 5:19:40 PM com.tagtraum.perf.[secure].imp.DataReaderJRockit1_5_0 read
INFO: GC mode: Garbage collection optimized for short pausetimes, initial strategy: Concurrent Mark & Sweep
Feb 18, 2016 5:19:40 PM com.tagtraum.perf.[secure].imp.DataReaderJRockit1_5_0 read
INFO: heap size: 3145728K, maximal heap size: 3145728K
Feb 18, 2016 5:19:40 PM com.tagtraum.perf.[secure].imp.DataReaderJRockit1_5_0 read
INFO: Changing GC strategy to Concurrent Mark, Parallel Sweep
Feb 18, 2016 5:19:40 PM com.tagtraum.perf.[secure].imp.DataReaderJRockit1_5_0 read
INFO: Changing GC strategy to Generational Concurrent Mark, Parallel Sweep
Feb 18, 2016 5:19:40 PM com.tagtraum.perf.[secure].imp.DataReaderJRockit1_5_0 read
WARNING: GC log contains OutOfMemory error: Throwing OutOfMemory: allocLargeObjectOrArray - Object size: 10016, Num elements: 10000
Feb 18, 2016 5:19:40 PM com.tagtraum.perf.[secure].imp.DataReaderJRockit1_5_0 read
INFO: Changing GC strategy to Generational Concurrent Mark, Parallel Sweep
Feb 18, 2016 5:19:40 PM com.tagtraum.perf.[secure].imp.DataReaderJRockit1_5_0 read
INFO: Changing GC strategy to Concurrent Mark, Parallel Sweep
Feb 18, 2016 5:19:40 PM com.tagtraum.perf.[secure].imp.DataReaderJRockit1_5_0 read
WARNING: GC log contains OutOfMemory error: Throwing OutOfMemory: allocLargeObjectOrArray - Object size: 10016, Num elements: 10000
Feb 18, 2016 5:19:40 PM com.tagtraum.perf.[secure].imp.DataReaderJRockit1_5_0 read
INFO: Changing GC strategy to Generational Concurrent Mark, Parallel Sweep
Feb 18, 2016 5:19:40 PM com.tagtraum.perf.[secure].imp.DataReaderJRockit1_5_0 read
WARNING: GC log contains OutOfMemory error: Throwing OutOfMemory: allocLargeObjectOrArray - Object size: 10016, Num elements: 10000
Feb 18, 2016 5:19:40 PM com.tagtraum.perf.[secure].imp.DataReaderJRockit1_5_0 read
WARNING: GC log contains OutOfMemory error: Throwing OutOfMemory: allocLargeObjectOrArray - Object size: 10016, Num elements: 10000
Feb 18, 2016 5:19:40 PM com.tagtraum.perf.[secure].imp.DataReaderJRockit1_5_0 read
WARNING: GC log contains OutOfMemory error: Throwing OutOfMemory: allocLargeObjectOrArray - Object size: 10016, Num elements: 10000
Feb 18, 2016 5:19:40 PM com.tagtraum.perf.[secure].imp.DataReaderJRockit1_5_0 read
WARNING: GC log contains OutOfMemory error: Throwing OutOfMemory: allocLargeObjectOrArray - Object size: 10016, Num elements: 10000
Feb 18, 2016 5:19:40 PM com.tagtraum.perf.[secure].imp.DataReaderJRockit1_5_0 read
INFO: Reading done.
Feb 18, 2016 5:19:40 PM com.tagtraum.perf.[secure].imp.DataReaderJRockit1_5_0 read
INFO: Reading JRockit 1.5 format...
Feb 18, 2016 5:19:40 PM com.tagtraum.perf.[secure].imp.DataReaderJRockit1_5_0 read
INFO: Prefetch distance in balanced tree: 4
Feb 18, 2016 5:19:40 PM com.tagtraum.perf.[secure].imp.DataReaderJRockit1_5_0 read
INFO: GC mode: Garbage collection optimized for throughput, initial strategy: Generational Parallel Mark & Sweep
Feb 18, 2016 5:19:40 PM com.tagtraum.perf.[secure].imp.DataReaderJRockit1_5_0 read
INFO: heap size: 3145728K, maximal heap size: 3145728K, nursery size: 1572864K
Feb 18, 2016 5:19:40 PM com.tagtraum.perf.[secure].imp.DataReaderJRockit1_5_0 read
INFO: Changing GC strategy to Parallel Mark & Sweep
Feb 18, 2016 5:19:40 PM com.tagtraum.perf.[secure].imp.DataReaderJRockit1_5_0 read
INFO: Changing GC strategy to Generational Parallel Mark & Sweep
Feb 18, 2016 5:19:40 PM com.tagtraum.perf.[secure].imp.DataReaderJRockit1_5_0 read
INFO: Changing GC strategy to Parallel Mark & Sweep
Feb 18, 2016 5:19:40 PM com.tagtraum.perf.[secure].imp.DataReaderJRockit1_5_0 read
INFO: Changing GC strategy to Generational Parallel Mark & Sweep
Feb 18, 2016 5:19:40 PM com.tagtraum.perf.[secure].imp.DataReaderJRockit1_5_0 read
INFO: Changing GC strategy to Generational Parallel Mark & Sweep
Feb 18, 2016 5:19:40 PM com.tagtraum.perf.[secure].imp.DataReaderJRockit1_5_0 read
INFO: Changing GC strategy to Parallel Mark & Sweep
Feb 18, 2016 5:19:40 PM com.tagtraum.perf.[secure].imp.DataReaderJRockit1_5_0 read
INFO: Memory usage report
Feb 18, 2016 5:19:40 PM com.tagtraum.perf.[secure].imp.DataReaderJRockit1_5_0 read
INFO: 
Feb 18, 2016 5:19:40 PM com.tagtraum.perf.[secure].imp.DataReaderJRockit1_5_0 read
INFO: young collections
Feb 18, 2016 5:19:40 PM com.tagtraum.perf.[secure].imp.DataReaderJRockit1_5_0 read
INFO:     number of collections = 11
Feb 18, 2016 5:19:40 PM com.tagtraum.perf.[secure].imp.DataReaderJRockit1_5_0 read
INFO:     total promoted =        329 (size 670848)
Feb 18, 2016 5:19:40 PM com.tagtraum.perf.[secure].imp.DataReaderJRockit1_5_0 read
INFO:     max promoted =          137 (size 613400)
Feb 18, 2016 5:19:40 PM com.tagtraum.perf.[secure].imp.DataReaderJRockit1_5_0 read
INFO:     total GC time =         0.029 s
Feb 18, 2016 5:19:40 PM com.tagtraum.perf.[secure].imp.DataReaderJRockit1_5_0 read
INFO:     mean GC time =          2.674 ms
Feb 18, 2016 5:19:40 PM com.tagtraum.perf.[secure].imp.DataReaderJRockit1_5_0 read
INFO:     maximum GC Pauses =      3.080 , 4.273, 5.870 ms
Feb 18, 2016 5:19:40 PM com.tagtraum.perf.[secure].imp.DataReaderJRockit1_5_0 read
INFO: 
Feb 18, 2016 5:19:40 PM com.tagtraum.perf.[secure].imp.DataReaderJRockit1_5_0 read
INFO: old collections
Feb 18, 2016 5:19:40 PM com.tagtraum.perf.[secure].imp.DataReaderJRockit1_5_0 read
INFO:     number of collections = 391
Feb 18, 2016 5:19:40 PM com.tagtraum.perf.[secure].imp.DataReaderJRockit1_5_0 read
INFO:     total promoted =        0 (size 0)
Feb 18, 2016 5:19:40 PM com.tagtraum.perf.[secure].imp.DataReaderJRockit1_5_0 read
INFO:     max promoted =          0 (size 0)
Feb 18, 2016 5:19:40 PM com.tagtraum.perf.[secure].imp.DataReaderJRockit1_5_0 read
INFO:     total GC time =         27.698 s (pause 27.698 s)
Feb 18, 2016 5:19:40 PM com.tagtraum.perf.[secure].imp.DataReaderJRockit1_5_0 read
INFO:     mean GC time =          70.839 ms (pause 70.838 ms)
Feb 18, 2016 5:19:40 PM com.tagtraum.perf.[secure].imp.DataReaderJRockit1_5_0 read
INFO:     maximum GC Pauses =      811.020 , 825.014, 917.905 ms
Feb 18, 2016 5:19:40 PM com.tagtraum.perf.[secure].imp.DataReaderJRockit1_5_0 read
INFO: 
Feb 18, 2016 5:19:40 PM com.tagtraum.perf.[secure].imp.DataReaderJRockit1_5_0 read
INFO:     number of parallel mark phases  = 391
Feb 18, 2016 5:19:40 PM com.tagtraum.perf.[secure].imp.DataReaderJRockit1_5_0 read
INFO:     number of parallel sweep phases  = 391
Feb 18, 2016 5:19:40 PM com.tagtraum.perf.[secure].imp.DataReaderJRockit1_5_0 read
INFO: Reading done.
Feb 18, 2016 5:19:40 PM com.tagtraum.perf.[secure].imp.DataReaderJRockit1_5_0 read
INFO: Reading JRockit 1.5 format...
Feb 18, 2016 5:19:40 PM com.tagtraum.perf.[secure].imp.DataReaderJRockit1_5_0 read
INFO: GC mode: Static, strategy: Generational Concurrent Mark & Sweep
Feb 18, 2016 5:19:40 PM com.tagtraum.perf.[secure].imp.DataReaderJRockit1_5_0 read
INFO: heap size: 3145728K, maximal heap size: 3145728K, nursery size: 81920K
Feb 18, 2016 5:19:40 PM com.tagtraum.perf.[secure].imp.DataReaderJRockit1_5_0 read
INFO: Changing GC strategy to Generational Concurrent Mark, Parallel Sweep
Feb 18, 2016 5:19:40 PM com.tagtraum.perf.[secure].imp.DataReaderJRockit1_5_0 read
INFO: Reading done.
Feb 18, 2016 5:19:40 PM com.tagtraum.perf.[secure].imp.DataReaderJRockit1_5_0 read
INFO: Reading JRockit 1.5 format...
Feb 18, 2016 5:19:40 PM com.tagtraum.perf.[secure].imp.DataReaderJRockit1_5_0 read
INFO: GC mode: Static, strategy: Generational Parallel Mark & Sweep
Feb 18, 2016 5:19:40 PM com.tagtraum.perf.[secure].imp.DataReaderJRockit1_5_0 read
INFO: heap size: 3145728K, maximal heap size: 3145728K, nursery size: 1572864K
Feb 18, 2016 5:19:40 PM com.tagtraum.perf.[secure].imp.DataReaderJRockit1_5_0 read
INFO: Reading done.
Feb 18, 2016 5:19:40 PM com.tagtraum.perf.[secure].imp.DataReaderJRockit1_6_0 read
INFO: Reading JRockit 1.6.0 format...
Feb 18, 2016 5:19:40 PM com.tagtraum.perf.[secure].imp.DataReaderJRockit1_6_0 read
INFO: [Sat Nov 17 16:36:45 2012][20346] GC mode: Garbage collection optimized for short pausetimes, strategy: Generational Concurrent Mark & Sweep.
Feb 18, 2016 5:19:40 PM com.tagtraum.perf.[secure].imp.DataReaderJRockit1_6_0 read
INFO: [Sat Nov 17 16:36:45 2012][20346] Heap size: 25165824KB, maximal heap size: 25165824KB, nursery size: 4194304KB.
Feb 18, 2016 5:19:40 PM com.tagtraum.perf.[secure].imp.DataReaderJRockit1_6_0 read
INFO: Reading done.
Tests run: 7, Failures: 0, Errors: 0, Skipped: 0, Time elapsed: 0.16 sec - in com.tagtraum.perf.[secure].imp.TestDataReaderJRockit1_5_0
Running com.tagtraum.perf.[secure].imp.TestDataReaderJRockit1_6_0
Feb 18, 2016 5:19:40 PM com.tagtraum.perf.[secure].imp.DataReaderJRockit1_6_0 read
INFO: Reading JRockit 1.6.0 format...
Feb 18, 2016 5:19:40 PM com.tagtraum.perf.[secure].imp.DataReaderJRockit1_6_0 read
INFO:  GC mode: Garbage collection optimized for short pausetimes, strategy: Generational Concurrent Mark & Sweep.
Feb 18, 2016 5:19:40 PM com.tagtraum.perf.[secure].imp.DataReaderJRockit1_6_0 read
INFO:  Heap size: 524288KB, maximal heap size: 524288KB, nursery size: 262144KB.
Feb 18, 2016 5:19:40 PM com.tagtraum.perf.[secure].imp.DataReaderJRockit1_6_0 read
INFO:  [OC#1] Changing GC strategy from: genconcon to: genconpar, reason: Emergency parallel sweep requested.
Feb 18, 2016 5:19:40 PM com.tagtraum.perf.[secure].imp.DataReaderJRockit1_6_0 read
INFO:  [OC#2] Changing GC strategy from: genconpar to: genconcon, reason: Return to basic strategy.
Feb 18, 2016 5:19:40 PM com.tagtraum.perf.[secure].imp.DataReaderJRockit1_6_0 read
INFO:  [OC#3] Changing GC strategy from: genconcon to: genconpar, reason: Emergency parallel sweep requested.
Feb 18, 2016 5:19:40 PM com.tagtraum.perf.[secure].imp.DataReaderJRockit1_6_0 read
WARNING: GC log contains OutOfMemory error:  Throwing OutOfMemory: allocLargeObjectOrArray: [C, size 249424544
Feb 18, 2016 5:19:40 PM com.tagtraum.perf.[secure].imp.DataReaderJRockit1_6_0 read
INFO:  [OC#4] Changing GC strategy from: genconpar to: genconcon, reason: Return to basic strategy.
Feb 18, 2016 5:19:40 PM com.tagtraum.perf.[secure].imp.DataReaderJRockit1_6_0 read
INFO:  [OC#5] Changing GC strategy from: genconcon to: genconpar, reason: Emergency parallel sweep requested.
Feb 18, 2016 5:19:40 PM com.tagtraum.perf.[secure].imp.DataReaderJRockit1_6_0 read
INFO:  [OC#6] Changing GC strategy from: genconpar to: genconcon, reason: Return to basic strategy.
Feb 18, 2016 5:19:40 PM com.tagtraum.perf.[secure].imp.DataReaderJRockit1_6_0 read
WARNING: GC log contains OutOfMemory error:  Throwing OutOfMemory: allocLargeObjectOrArray: [C, size 249424544
Feb 18, 2016 5:19:40 PM com.tagtraum.perf.[secure].imp.DataReaderJRockit1_6_0 read
INFO:  [OC#7] Changing GC strategy from: genconcon to: genconpar, reason: Emergency parallel sweep requested.
Feb 18, 2016 5:19:40 PM com.tagtraum.perf.[secure].imp.DataReaderJRockit1_6_0 read
INFO:  [OC#8] Changing GC strategy from: genconpar to: genconcon, reason: Return to basic strategy.
Feb 18, 2016 5:19:40 PM com.tagtraum.perf.[secure].imp.DataReaderJRockit1_6_0 read
INFO:  [OC#9] Changing GC strategy from: genconcon to: genconpar, reason: Emergency parallel sweep requested.
Feb 18, 2016 5:19:40 PM com.tagtraum.perf.[secure].imp.DataReaderJRockit1_6_0 read
WARNING: GC log contains OutOfMemory error:  Throwing OutOfMemory: allocLargeObjectOrArray: [C, size 249424544
Feb 18, 2016 5:19:40 PM com.tagtraum.perf.[secure].imp.DataReaderJRockit1_6_0 read
INFO:  [OC#10] Changing GC strategy from: genconpar to: genconcon, reason: Return to basic strategy.
Feb 18, 2016 5:19:40 PM com.tagtraum.perf.[secure].imp.DataReaderJRockit1_6_0 read
INFO:  [OC#11] Changing GC strategy from: genconcon to: genconpar, reason: Emergency parallel sweep requested.
Feb 18, 2016 5:19:40 PM com.tagtraum.perf.[secure].imp.DataReaderJRockit1_6_0 read
INFO:  [OC#12] Changing GC strategy from: genconpar to: genconcon, reason: Return to basic strategy.
Feb 18, 2016 5:19:40 PM com.tagtraum.perf.[secure].imp.DataReaderJRockit1_6_0 read
WARNING: GC log contains OutOfMemory error:  Throwing OutOfMemory: allocLargeObjectOrArray: [C, size 249424544
Feb 18, 2016 5:19:40 PM com.tagtraum.perf.[secure].imp.DataReaderJRockit1_6_0 read
INFO:  [OC#13] Changing GC strategy from: genconcon to: genconpar, reason: Emergency parallel sweep requested.
Feb 18, 2016 5:19:40 PM com.tagtraum.perf.[secure].imp.DataReaderJRockit1_6_0 read
INFO:  [OC#14] Changing GC strategy from: genconpar to: genconcon, reason: Return to basic strategy.
Feb 18, 2016 5:19:40 PM com.tagtraum.perf.[secure].imp.DataReaderJRockit1_6_0 read
INFO:  [OC#15] Changing GC strategy from: genconcon to: genconpar, reason: Emergency parallel sweep requested.
Feb 18, 2016 5:19:40 PM com.tagtraum.perf.[secure].imp.DataReaderJRockit1_6_0 read
WARNING: GC log contains OutOfMemory error:  Throwing OutOfMemory: allocLargeObjectOrArray: [C, size 249424544
Feb 18, 2016 5:19:40 PM com.tagtraum.perf.[secure].imp.DataReaderJRockit1_6_0 read
INFO: Reading done.
Feb 18, 2016 5:19:40 PM com.tagtraum.perf.[secure].imp.DataReaderJRockit1_6_0 read
INFO: Reading JRockit 1.6.0 format...
Feb 18, 2016 5:19:40 PM com.tagtraum.perf.[secure].imp.DataReaderJRockit1_6_0 read
INFO: Failed to determine type:  9.743-9.793: YC-malformed 294974KB->122557KB (524288KB), 0.050 s, sum of pauses 49.692 ms, longest pause 49.692 ms.
Feb 18, 2016 5:19:40 PM com.tagtraum.perf.[secure].imp.DataReaderJRockit1_6_0 read
INFO: Reading done.
Feb 18, 2016 5:19:40 PM com.tagtraum.perf.[secure].imp.DataReaderJRockit1_6_0 read
INFO: Reading JRockit 1.6.0 format...
Feb 18, 2016 5:19:40 PM com.tagtraum.perf.[secure].imp.DataReaderJRockit1_6_0 read
INFO: Reading done.
Feb 18, 2016 5:19:40 PM com.tagtraum.perf.[secure].imp.DataReaderJRockit1_6_0 read
INFO: Reading JRockit 1.6.0 format...
Feb 18, 2016 5:19:40 PM com.tagtraum.perf.[secure].imp.DataReaderJRockit1_6_0 read
INFO: [Fri Feb 15 14:02:28 2013][17611] Prefetch distance in workpacket: 4. Packet size: 493 objects.
Feb 18, 2016 5:19:40 PM com.tagtraum.perf.[secure].imp.DataReaderJRockit1_6_0 read
INFO: [Fri Feb 15 14:02:28 2013][17611] GC mode: Garbage collection optimized for throughput, strategy: Generational Parallel Mark & Sweep.
Feb 18, 2016 5:19:40 PM com.tagtraum.perf.[secure].imp.DataReaderJRockit1_6_0 read
INFO: [Fri Feb 15 14:02:28 2013][17611] Heap size: 786432KB, maximal heap size: 1572864KB, nursery size: 393216KB.
Feb 18, 2016 5:19:40 PM com.tagtraum.perf.[secure].imp.DataReaderJRockit1_6_0 read
INFO: Reading done.
Feb 18, 2016 5:19:40 PM com.tagtraum.perf.[secure].imp.DataReaderJRockit1_6_0 read
INFO: Reading JRockit 1.6.0 format...
Feb 18, 2016 5:19:40 PM com.tagtraum.perf.[secure].imp.DataReaderJRockit1_6_0 read
INFO:  GC mode: Garbage collection optimized for short pausetimes, strategy: Parallel Mark, Concurrent Sweep.
Feb 18, 2016 5:19:40 PM com.tagtraum.perf.[secure].imp.DataReaderJRockit1_6_0 read
INFO:  Heap size: 524288KB, maximal heap size: 524288KB.
Feb 18, 2016 5:19:40 PM com.tagtraum.perf.[secure].imp.DataReaderJRockit1_6_0 read
INFO:  [OC#1] Changing GC strategy from: singleparcon to: singleparpar, reason: Emergency parallel sweep requested.
Feb 18, 2016 5:19:40 PM com.tagtraum.perf.[secure].imp.DataReaderJRockit1_6_0 read
INFO:  [OC#2] Changing GC strategy from: singleparpar to: singleparcon, reason: Return to basic strategy.
Feb 18, 2016 5:19:40 PM com.tagtraum.perf.[secure].imp.DataReaderJRockit1_6_0 read
INFO:  [OC#3] Changing GC strategy from: singleparcon to: singleparpar, reason: Emergency parallel sweep requested.
Feb 18, 2016 5:19:40 PM com.tagtraum.perf.[secure].imp.DataReaderJRockit1_6_0 read
INFO:  [OC#4] Changing GC strategy from: singleparpar to: singleparcon, reason: Return to basic strategy.
Feb 18, 2016 5:19:40 PM com.tagtraum.perf.[secure].imp.DataReaderJRockit1_6_0 read
INFO:  [OC#10] Changing GC strategy from: singleparcon to: singleparpar, reason: Emergency parallel sweep requested.
Feb 18, 2016 5:19:40 PM com.tagtraum.perf.[secure].imp.DataReaderJRockit1_6_0 read
INFO:  [OC#11] Changing GC strategy from: singleparpar to: singleparcon, reason: Return to basic strategy.
Feb 18, 2016 5:19:40 PM com.tagtraum.perf.[secure].imp.DataReaderJRockit1_6_0 read
INFO:  [OC#12] Changing GC strategy from: singleparcon to: singleparpar, reason: Emergency parallel sweep requested.
Feb 18, 2016 5:19:40 PM com.tagtraum.perf.[secure].imp.DataReaderJRockit1_6_0 read
WARNING: GC log contains OutOfMemory error:  Throwing OutOfMemory: allocLargeObjectOrArray: [B, size 124712280
Feb 18, 2016 5:19:40 PM com.tagtraum.perf.[secure].imp.DataReaderJRockit1_6_0 read
INFO:  [OC#13] Changing GC strategy from: singleparpar to: singleparcon, reason: Return to basic strategy.
Feb 18, 2016 5:19:40 PM com.tagtraum.perf.[secure].imp.DataReaderJRockit1_6_0 read
INFO:  [OC#14] Changing GC strategy from: singleparcon to: singleparpar, reason: Emergency parallel sweep requested.
Feb 18, 2016 5:19:40 PM com.tagtraum.perf.[secure].imp.DataReaderJRockit1_6_0 read
INFO:  [OC#15] Changing GC strategy from: singleparpar to: singleparcon, reason: Return to basic strategy.
Feb 18, 2016 5:19:40 PM com.tagtraum.perf.[secure].imp.DataReaderJRockit1_6_0 read
INFO:  [OC#16] Changing GC strategy from: singleparcon to: singleparpar, reason: Emergency parallel sweep requested.
Feb 18, 2016 5:19:40 PM com.tagtraum.perf.[secure].imp.DataReaderJRockit1_6_0 read
WARNING: GC log contains OutOfMemory error:  Throwing OutOfMemory: allocLargeObjectOrArray: [C, size 234478896
Feb 18, 2016 5:19:40 PM com.tagtraum.perf.[secure].imp.DataReaderJRockit1_6_0 read
INFO:  [OC#17] Changing GC strategy from: singleparpar to: singleparcon, reason: Return to basic strategy.
Feb 18, 2016 5:19:40 PM com.tagtraum.perf.[secure].imp.DataReaderJRockit1_6_0 read
INFO:  [OC#26] Changing GC strategy from: singleparcon to: singleparpar, reason: Emergency parallel sweep requested.
Feb 18, 2016 5:19:40 PM com.tagtraum.perf.[secure].imp.DataReaderJRockit1_6_0 read
INFO:  [OC#27] Changing GC strategy from: singleparpar to: singleparcon, reason: Return to basic strategy.
Feb 18, 2016 5:19:40 PM com.tagtraum.perf.[secure].imp.DataReaderJRockit1_6_0 read
INFO:  [OC#28] Changing GC strategy from: singleparcon to: singleparpar, reason: Emergency parallel sweep requested.
Feb 18, 2016 5:19:40 PM com.tagtraum.perf.[secure].imp.DataReaderJRockit1_6_0 read
WARNING: GC log contains OutOfMemory error:  Throwing OutOfMemory: allocLargeObjectOrArray: [C, size 234478896
Feb 18, 2016 5:19:40 PM com.tagtraum.perf.[secure].imp.DataReaderJRockit1_6_0 read
INFO:  [OC#29] Changing GC strategy from: singleparpar to: singleparcon, reason: Return to basic strategy.
Feb 18, 2016 5:19:40 PM com.tagtraum.perf.[secure].imp.DataReaderJRockit1_6_0 read
INFO:  [OC#38] Changing GC strategy from: singleparcon to: singleparpar, reason: Emergency parallel sweep requested.
Feb 18, 2016 5:19:40 PM com.tagtraum.perf.[secure].imp.DataReaderJRockit1_6_0 read
INFO:  [OC#39] Changing GC strategy from: singleparpar to: singleparcon, reason: Return to basic strategy.
Feb 18, 2016 5:19:40 PM com.tagtraum.perf.[secure].imp.DataReaderJRockit1_6_0 read
INFO:  [OC#40] Changing GC strategy from: singleparcon to: singleparpar, reason: Emergency parallel sweep requested.
Feb 18, 2016 5:19:40 PM com.tagtraum.perf.[secure].imp.DataReaderJRockit1_6_0 read
WARNING: GC log contains OutOfMemory error:  Throwing OutOfMemory: allocLargeObjectOrArray: [C, size 234478896
Feb 18, 2016 5:19:40 PM com.tagtraum.perf.[secure].imp.DataReaderJRockit1_6_0 read
INFO:  [OC#41] Changing GC strategy from: singleparpar to: singleparcon, reason: Return to basic strategy.
Feb 18, 2016 5:19:40 PM com.tagtraum.perf.[secure].imp.DataReaderJRockit1_6_0 read
INFO:  [OC#50] Changing GC strategy from: singleparcon to: singleparpar, reason: Emergency parallel sweep requested.
Feb 18, 2016 5:19:40 PM com.tagtraum.perf.[secure].imp.DataReaderJRockit1_6_0 read
INFO:  [OC#51] Changing GC strategy from: singleparpar to: singleparcon, reason: Return to basic strategy.
Feb 18, 2016 5:19:40 PM com.tagtraum.perf.[secure].imp.DataReaderJRockit1_6_0 read
INFO:  [OC#52] Changing GC strategy from: singleparcon to: singleparpar, reason: Emergency parallel sweep requested.
Feb 18, 2016 5:19:40 PM com.tagtraum.perf.[secure].imp.DataReaderJRockit1_6_0 read
WARNING: GC log contains OutOfMemory error:  Throwing OutOfMemory: allocLargeObjectOrArray: [C, size 234478896
Feb 18, 2016 5:19:40 PM com.tagtraum.perf.[secure].imp.DataReaderJRockit1_6_0 read
INFO: Reading done.
Feb 18, 2016 5:19:40 PM com.tagtraum.perf.[secure].imp.DataReaderJRockit1_6_0 read
INFO: Reading JRockit 1.6.0 format...
Feb 18, 2016 5:19:40 PM com.tagtraum.perf.[secure].imp.DataReaderJRockit1_6_0 read
INFO:  GC mode: Garbage collection optimized for short pausetimes, strategy: Parallel Mark, Concurrent Sweep.
Feb 18, 2016 5:19:40 PM com.tagtraum.perf.[secure].imp.DataReaderJRockit1_6_0 read
INFO:  Heap size: 524288KB, maximal heap size: 524288KB.
Feb 18, 2016 5:19:40 PM com.tagtraum.perf.[secure].imp.DataReaderJRockit1_6_0 read
INFO:  [OC#3] Changing GC strategy from: singleparcon to: singleparpar, reason: Emergency parallel sweep requested.
Feb 18, 2016 5:19:40 PM com.tagtraum.perf.[secure].imp.DataReaderJRockit1_6_0 read
INFO:  [OC#4] Changing GC strategy from: singleparpar to: singleparcon, reason: Return to basic strategy.
Feb 18, 2016 5:19:40 PM com.tagtraum.perf.[secure].imp.DataReaderJRockit1_6_0 read
INFO:  [OC#5] Changing GC strategy from: singleparcon to: singleparpar, reason: Emergency parallel sweep requested.
Feb 18, 2016 5:19:40 PM com.tagtraum.perf.[secure].imp.DataReaderJRockit1_6_0 read
INFO:  [OC#6] Changing GC strategy from: singleparpar to: singleparcon, reason: Return to basic strategy.
Feb 18, 2016 5:19:40 PM com.tagtraum.perf.[secure].imp.DataReaderJRockit1_6_0 read
INFO:  [OC#7] Changing GC strategy from: singleparcon to: singleparpar, reason: Emergency parallel sweep requested.
Feb 18, 2016 5:19:40 PM com.tagtraum.perf.[secure].imp.DataReaderJRockit1_6_0 read
INFO:  [OC#8] Changing GC strategy from: singleparpar to: singleparcon, reason: Return to basic strategy.
Feb 18, 2016 5:19:40 PM com.tagtraum.perf.[secure].imp.DataReaderJRockit1_6_0 read
INFO:  [OC#9] Changing GC strategy from: singleparcon to: singleparpar, reason: Emergency parallel sweep requested.
Feb 18, 2016 5:19:40 PM com.tagtraum.perf.[secure].imp.DataReaderJRockit1_6_0 read
INFO:  [OC#10] Changing GC strategy from: singleparpar to: singleparcon, reason: Return to basic strategy.
Feb 18, 2016 5:19:40 PM com.tagtraum.perf.[secure].imp.DataReaderJRockit1_6_0 read
WARNING: GC log contains OutOfMemory error:  Throwing OutOfMemory: allocLargeObjectOrArray: [B, size 118101136
Feb 18, 2016 5:19:40 PM com.tagtraum.perf.[secure].imp.DataReaderJRockit1_6_0 read
INFO:  [OC#11] Changing GC strategy from: singleparcon to: singleparpar, reason: Emergency parallel sweep requested.
Feb 18, 2016 5:19:40 PM com.tagtraum.perf.[secure].imp.DataReaderJRockit1_6_0 read
INFO:  [OC#12] Changing GC strategy from: singleparpar to: singleparcon, reason: Return to basic strategy.
Feb 18, 2016 5:19:40 PM com.tagtraum.perf.[secure].imp.DataReaderJRockit1_6_0 read
INFO:  [OC#13] Changing GC strategy from: singleparcon to: singleparpar, reason: Emergency parallel sweep requested.
Feb 18, 2016 5:19:40 PM com.tagtraum.perf.[secure].imp.DataReaderJRockit1_6_0 read
INFO:  [OC#14] Changing GC strategy from: singleparpar to: singleparcon, reason: Return to basic strategy.
Feb 18, 2016 5:19:40 PM com.tagtraum.perf.[secure].imp.DataReaderJRockit1_6_0 read
INFO:  [OC#15] Changing GC strategy from: singleparcon to: singleparpar, reason: Emergency parallel sweep requested.
Feb 18, 2016 5:19:40 PM com.tagtraum.perf.[secure].imp.DataReaderJRockit1_6_0 read
INFO:  [OC#16] Changing GC strategy from: singleparpar to: singleparcon, reason: Return to basic strategy.
Feb 18, 2016 5:19:40 PM com.tagtraum.perf.[secure].imp.DataReaderJRockit1_6_0 read
INFO:  [OC#17] Changing GC strategy from: singleparcon to: singleparpar, reason: Emergency parallel sweep requested.
Feb 18, 2016 5:19:40 PM com.tagtraum.perf.[secure].imp.DataReaderJRockit1_6_0 read
INFO:  [OC#18] Changing GC strategy from: singleparpar to: singleparcon, reason: Return to basic strategy.
Feb 18, 2016 5:19:40 PM com.tagtraum.perf.[secure].imp.DataReaderJRockit1_6_0 read
WARNING: GC log contains OutOfMemory error:  Throwing OutOfMemory: allocLargeObjectOrArray: [B, size 118101136
Feb 18, 2016 5:19:40 PM com.tagtraum.perf.[secure].imp.DataReaderJRockit1_6_0 read
INFO:  [OC#19] Changing GC strategy from: singleparcon to: singleparpar, reason: Emergency parallel sweep requested.
Feb 18, 2016 5:19:40 PM com.tagtraum.perf.[secure].imp.DataReaderJRockit1_6_0 read
INFO:  [OC#20] Changing GC strategy from: singleparpar to: singleparcon, reason: Return to basic strategy.
Feb 18, 2016 5:19:40 PM com.tagtraum.perf.[secure].imp.DataReaderJRockit1_6_0 read
INFO:  [OC#21] Changing GC strategy from: singleparcon to: singleparpar, reason: Emergency parallel sweep requested.
Feb 18, 2016 5:19:40 PM com.tagtraum.perf.[secure].imp.DataReaderJRockit1_6_0 read
INFO:  [OC#22] Changing GC strategy from: singleparpar to: singleparcon, reason: Return to basic strategy.
Feb 18, 2016 5:19:40 PM com.tagtraum.perf.[secure].imp.DataReaderJRockit1_6_0 read
INFO:  [OC#23] Changing GC strategy from: singleparcon to: singleparpar, reason: Emergency parallel sweep requested.
Feb 18, 2016 5:19:40 PM com.tagtraum.perf.[secure].imp.DataReaderJRockit1_6_0 read
INFO:  [OC#24] Changing GC strategy from: singleparpar to: singleparcon, reason: Return to basic strategy.
Feb 18, 2016 5:19:40 PM com.tagtraum.perf.[secure].imp.DataReaderJRockit1_6_0 read
INFO:  [OC#25] Changing GC strategy from: singleparcon to: singleparpar, reason: Emergency parallel sweep requested.
Feb 18, 2016 5:19:40 PM com.tagtraum.perf.[secure].imp.DataReaderJRockit1_6_0 read
INFO:  [OC#26] Changing GC strategy from: singleparpar to: singleparcon, reason: Return to basic strategy.
Feb 18, 2016 5:19:40 PM com.tagtraum.perf.[secure].imp.DataReaderJRockit1_6_0 read
WARNING: GC log contains OutOfMemory error:  Throwing OutOfMemory: allocLargeObjectOrArray: [B, size 118101136
Feb 18, 2016 5:19:40 PM com.tagtraum.perf.[secure].imp.DataReaderJRockit1_6_0 read
INFO:  [OC#27] Changing GC strategy from: singleparcon to: singleparpar, reason: Emergency parallel sweep requested.
Feb 18, 2016 5:19:40 PM com.tagtraum.perf.[secure].imp.DataReaderJRockit1_6_0 read
INFO:  [OC#28] Changing GC strategy from: singleparpar to: singleparcon, reason: Return to basic strategy.
Feb 18, 2016 5:19:40 PM com.tagtraum.perf.[secure].imp.DataReaderJRockit1_6_0 read
INFO:  [OC#29] Changing GC strategy from: singleparcon to: singleparpar, reason: Emergency parallel sweep requested.
Feb 18, 2016 5:19:40 PM com.tagtraum.perf.[secure].imp.DataReaderJRockit1_6_0 read
INFO:  [OC#30] Changing GC strategy from: singleparpar to: singleparcon, reason: Return to basic strategy.
Feb 18, 2016 5:19:40 PM com.tagtraum.perf.[secure].imp.DataReaderJRockit1_6_0 read
INFO:  [OC#31] Changing GC strategy from: singleparcon to: singleparpar, reason: Emergency parallel sweep requested.
Feb 18, 2016 5:19:40 PM com.tagtraum.perf.[secure].imp.DataReaderJRockit1_6_0 read
INFO:  [OC#32] Changing GC strategy from: singleparpar to: singleparcon, reason: Return to basic strategy.
Feb 18, 2016 5:19:40 PM com.tagtraum.perf.[secure].imp.DataReaderJRockit1_6_0 read
INFO:  [OC#33] Changing GC strategy from: singleparcon to: singleparpar, reason: Emergency parallel sweep requested.
Feb 18, 2016 5:19:40 PM com.tagtraum.perf.[secure].imp.DataReaderJRockit1_6_0 read
INFO:  [OC#34] Changing GC strategy from: singleparpar to: singleparcon, reason: Return to basic strategy.
Feb 18, 2016 5:19:40 PM com.tagtraum.perf.[secure].imp.DataReaderJRockit1_6_0 read
WARNING: GC log contains OutOfMemory error:  Throwing OutOfMemory: allocLargeObjectOrArray: [B, size 118101136
Feb 18, 2016 5:19:40 PM com.tagtraum.perf.[secure].imp.DataReaderJRockit1_6_0 read
INFO:  [OC#35] Changing GC strategy from: singleparcon to: singleparpar, reason: Emergency parallel sweep requested.
Feb 18, 2016 5:19:40 PM com.tagtraum.perf.[secure].imp.DataReaderJRockit1_6_0 read
INFO:  [OC#36] Changing GC strategy from: singleparpar to: singleparcon, reason: Return to basic strategy.
Feb 18, 2016 5:19:40 PM com.tagtraum.perf.[secure].imp.DataReaderJRockit1_6_0 read
INFO:  [OC#37] Changing GC strategy from: singleparcon to: singleparpar, reason: Emergency parallel sweep requested.
Feb 18, 2016 5:19:40 PM com.tagtraum.perf.[secure].imp.DataReaderJRockit1_6_0 read
INFO:  [OC#38] Changing GC strategy from: singleparpar to: singleparcon, reason: Return to basic strategy.
Feb 18, 2016 5:19:40 PM com.tagtraum.perf.[secure].imp.DataReaderJRockit1_6_0 read
INFO:  [OC#39] Changing GC strategy from: singleparcon to: singleparpar, reason: Emergency parallel sweep requested.
Feb 18, 2016 5:19:40 PM com.tagtraum.perf.[secure].imp.DataReaderJRockit1_6_0 read
INFO:  [OC#40] Changing GC strategy from: singleparpar to: singleparcon, reason: Return to basic strategy.
Feb 18, 2016 5:19:40 PM com.tagtraum.perf.[secure].imp.DataReaderJRockit1_6_0 read
INFO:  [OC#41] Changing GC strategy from: singleparcon to: singleparpar, reason: Emergency parallel sweep requested.
Feb 18, 2016 5:19:40 PM com.tagtraum.perf.[secure].imp.DataReaderJRockit1_6_0 read
INFO:  [OC#42] Changing GC strategy from: singleparpar to: singleparcon, reason: Return to basic strategy.
Feb 18, 2016 5:19:40 PM com.tagtraum.perf.[secure].imp.DataReaderJRockit1_6_0 read
WARNING: GC log contains OutOfMemory error:  Throwing OutOfMemory: allocLargeObjectOrArray: [B, size 118101136
Feb 18, 2016 5:19:40 PM com.tagtraum.perf.[secure].imp.DataReaderJRockit1_6_0 read
INFO: Reading done.
Tests run: 6, Failures: 0, Errors: 0, Skipped: 0, Time elapsed: 0.167 sec - in com.tagtraum.perf.[secure].imp.TestDataReaderJRockit1_6_0
Running com.tagtraum.perf.[secure].imp.TestDataReaderIBMJ9_5_0
Feb 18, 2016 5:19:40 PM com.tagtraum.perf.[secure].imp.DataReaderIBM_J9_5_0 read
INFO: Reading IBM J9 5.0 format...
In AF endElement!
Feb 18, 2016 5:19:40 PM com.tagtraum.perf.[secure].imp.DataReaderIBM_J9_5_0 read
INFO: Done reading.
Feb 18, 2016 5:19:40 PM com.tagtraum.perf.[secure].imp.DataReaderIBM_J9_5_0 read
INFO: Reading IBM J9 5.0 format...
In AF endElement!
Feb 18, 2016 5:19:40 PM com.tagtraum.perf.[secure].imp.DataReaderIBM_J9_5_0 read
INFO: Done reading.
Tests run: 2, Failures: 0, Errors: 0, Skipped: 0, Time elapsed: 0.144 sec - in com.tagtraum.perf.[secure].imp.TestDataReaderIBMJ9_5_0
Running com.tagtraum.perf.[secure].imp.TestDataReaderIBM1_3_1
Feb 18, 2016 5:19:40 PM com.tagtraum.perf.[secure].imp.DataReaderIBM1_3_1 read
INFO: Reading IBM 1.3.1 format...
Feb 18, 2016 5:19:40 PM com.tagtraum.perf.[secure].imp.DataReaderIBM1_3_1 read
INFO: Done reading.
Tests run: 1, Failures: 0, Errors: 0, Skipped: 0, Time elapsed: 0.038 sec - in com.tagtraum.perf.[secure].imp.TestDataReaderIBM1_3_1
Running com.tagtraum.perf.[secure].imp.TestAbstractDataReaderSun
Tests run: 4, Failures: 0, Errors: 0, Skipped: 0, Time elapsed: 0.024 sec - in com.tagtraum.perf.[secure].imp.TestAbstractDataReaderSun
Running com.tagtraum.perf.[secure].imp.TestDataReaderSun1_6_0G1
Feb 18, 2016 5:19:40 PM com.tagtraum.perf.[secure].imp.DataReaderSun1_6_0G1 read
INFO: Reading Sun 1.6.x / 1.7.x G1 format...
Feb 18, 2016 5:19:40 PM com.tagtraum.perf.[secure].imp.DataReaderSun1_6_0G1 read
INFO: Done reading.
Feb 18, 2016 5:19:40 PM com.tagtraum.perf.[secure].imp.DataReaderSun1_6_0G1 read
INFO: Reading Sun 1.6.x / 1.7.x G1 format...
Feb 18, 2016 5:19:40 PM com.tagtraum.perf.[secure].imp.DataReaderSun1_6_0G1 read
INFO: Done reading.
Feb 18, 2016 5:19:40 PM com.tagtraum.perf.[secure].imp.DataReaderSun1_6_0G1 read
INFO: Reading Sun 1.6.x / 1.7.x G1 format...
Feb 18, 2016 5:19:40 PM com.tagtraum.perf.[secure].imp.DataReaderSun1_6_0G1 read
INFO: Done reading.
Feb 18, 2016 5:19:40 PM com.tagtraum.perf.[secure].imp.DataReaderSun1_6_0G1 read
INFO: Reading Sun 1.6.x / 1.7.x G1 format...
Feb 18, 2016 5:19:40 PM com.tagtraum.perf.[secure].imp.DataReaderSun1_6_0G1 read
INFO: Done reading.
Feb 18, 2016 5:19:40 PM com.tagtraum.perf.[secure].imp.DataReaderSun1_6_0G1 read
INFO: Reading Sun 1.6.x / 1.7.x G1 format...
Feb 18, 2016 5:19:40 PM com.tagtraum.perf.[secure].imp.DataReaderSun1_6_0G1 read
INFO: Done reading.
Feb 18, 2016 5:19:40 PM com.tagtraum.perf.[secure].imp.DataReaderSun1_6_0G1 read
INFO: Reading Sun 1.6.x / 1.7.x G1 format...
Feb 18, 2016 5:19:40 PM com.tagtraum.perf.[secure].imp.DataReaderSun1_6_0G1 read
INFO: Done reading.
Feb 18, 2016 5:19:40 PM com.tagtraum.perf.[secure].imp.DataReaderSun1_6_0G1 read
INFO: Reading Sun 1.6.x / 1.7.x G1 format...
Feb 18, 2016 5:19:40 PM com.tagtraum.perf.[secure].imp.DataReaderSun1_6_0G1 read
INFO: Done reading.
Feb 18, 2016 5:19:40 PM com.tagtraum.perf.[secure].imp.DataReaderSun1_6_0G1 read
INFO: Reading Sun 1.6.x / 1.7.x G1 format...
Feb 18, 2016 5:19:40 PM com.tagtraum.perf.[secure].imp.DataReaderSun1_6_0G1 read
INFO: Done reading.
Feb 18, 2016 5:19:40 PM com.tagtraum.perf.[secure].imp.DataReaderSun1_6_0G1 read
INFO: Reading Sun 1.6.x / 1.7.x G1 format...
Feb 18, 2016 5:19:40 PM com.tagtraum.perf.[secure].imp.DataReaderSun1_6_0G1 read
INFO: Done reading.
Feb 18, 2016 5:19:40 PM com.tagtraum.perf.[secure].imp.DataReaderSun1_6_0G1 read
INFO: Reading Sun 1.6.x / 1.7.x G1 format...
Feb 18, 2016 5:19:40 PM com.tagtraum.perf.[secure].imp.DataReaderSun1_6_0G1 read
INFO: Done reading.
Feb 18, 2016 5:19:40 PM com.tagtraum.perf.[secure].imp.DataReaderSun1_6_0G1 read
INFO: Reading Sun 1.6.x / 1.7.x G1 format...
Feb 18, 2016 5:19:40 PM com.tagtraum.perf.[secure].imp.DataReaderSun1_6_0G1 read
INFO: Done reading.
Feb 18, 2016 5:19:40 PM com.tagtraum.perf.[secure].imp.DataReaderSun1_6_0G1 read
INFO: Reading Sun 1.6.x / 1.7.x G1 format...
Feb 18, 2016 5:19:40 PM com.tagtraum.perf.[secure].imp.DataReaderSun1_6_0G1 read
INFO: Done reading.
Feb 18, 2016 5:19:40 PM com.tagtraum.perf.[secure].imp.DataReaderSun1_6_0G1 read
INFO: Reading Sun 1.6.x / 1.7.x G1 format...
Feb 18, 2016 5:19:40 PM com.tagtraum.perf.[secure].imp.DataReaderSun1_6_0G1 read
INFO: Done reading.
Feb 18, 2016 5:19:40 PM com.tagtraum.perf.[secure].imp.DataReaderSun1_6_0G1 read
INFO: Reading Sun 1.6.x / 1.7.x G1 format...
Feb 18, 2016 5:19:40 PM com.tagtraum.perf.[secure].imp.DataReaderSun1_6_0G1 read
INFO: Done reading.
Feb 18, 2016 5:19:40 PM com.tagtraum.perf.[secure].imp.DataReaderSun1_6_0G1 read
INFO: Reading Sun 1.6.x / 1.7.x G1 format...
Feb 18, 2016 5:19:40 PM com.tagtraum.perf.[secure].imp.DataReaderSun1_6_0G1 read
INFO: Done reading.
Feb 18, 2016 5:19:40 PM com.tagtraum.perf.[secure].imp.DataReaderSun1_6_0G1 read
INFO: Reading Sun 1.6.x / 1.7.x G1 format...
Feb 18, 2016 5:19:40 PM com.tagtraum.perf.[secure].imp.DataReaderSun1_6_0G1 read
INFO: Done reading.
Feb 18, 2016 5:19:40 PM com.tagtraum.perf.[secure].imp.DataReaderSun1_6_0G1 read
INFO: Reading Sun 1.6.x / 1.7.x G1 format...
Feb 18, 2016 5:19:40 PM com.tagtraum.perf.[secure].imp.DataReaderSun1_6_0G1 read
INFO: Done reading.
Feb 18, 2016 5:19:40 PM com.tagtraum.perf.[secure].imp.DataReaderSun1_6_0G1 read
INFO: Reading Sun 1.6.x / 1.7.x G1 format...
Feb 18, 2016 5:19:40 PM com.tagtraum.perf.[secure].imp.DataReaderSun1_6_0G1 read
INFO: Done reading.
Feb 18, 2016 5:19:40 PM com.tagtraum.perf.[secure].imp.DataReaderSun1_6_0G1 read
INFO: Reading Sun 1.6.x / 1.7.x G1 format...
Feb 18, 2016 5:19:41 PM com.tagtraum.perf.[secure].imp.DataReaderSun1_6_0G1 read
INFO: Done reading.
Feb 18, 2016 5:19:41 PM com.tagtraum.perf.[secure].imp.DataReaderSun1_6_0G1 read
INFO: Reading Sun 1.6.x / 1.7.x G1 format...
Feb 18, 2016 5:19:41 PM com.tagtraum.perf.[secure].imp.DataReaderSun1_6_0G1 read
INFO: Done reading.
Feb 18, 2016 5:19:41 PM com.tagtraum.perf.[secure].imp.DataReaderSun1_6_0G1 read
INFO: Reading Sun 1.6.x / 1.7.x G1 format...
Feb 18, 2016 5:19:41 PM com.tagtraum.perf.[secure].imp.DataReaderSun1_6_0G1 read
INFO: Done reading.
Feb 18, 2016 5:19:41 PM com.tagtraum.perf.[secure].imp.DataReaderSun1_6_0G1 read
INFO: Reading Sun 1.6.x / 1.7.x G1 format...
Feb 18, 2016 5:19:41 PM com.tagtraum.perf.[secure].imp.DataReaderSun1_6_0G1 read
INFO: Done reading.
Feb 18, 2016 5:19:41 PM com.tagtraum.perf.[secure].imp.DataReaderSun1_6_0G1 read
INFO: Reading Sun 1.6.x / 1.7.x G1 format...
Feb 18, 2016 5:19:41 PM com.tagtraum.perf.[secure].imp.DataReaderSun1_6_0G1 read
INFO: Done reading.
Tests run: 23, Failures: 0, Errors: 0, Skipped: 0, Time elapsed: 0.651 sec - in com.tagtraum.perf.[secure].imp.TestDataReaderSun1_6_0G1
Running com.tagtraum.perf.[secure].imp.TestDataReaderSun1_4_0
Feb 18, 2016 5:19:41 PM com.tagtraum.perf.[secure].imp.DataReaderSun1_6_0 read
INFO: Reading Sun / Oracle 1.4.x / 1.5.x / 1.6.x / 1.7.x / 1.8.x format...
Feb 18, 2016 5:19:41 PM com.tagtraum.perf.[secure].imp.DataReaderSun1_6_0 read
INFO: Done reading.
Feb 18, 2016 5:19:41 PM com.tagtraum.perf.[secure].imp.DataReaderSun1_6_0 read
INFO: Reading Sun / Oracle 1.4.x / 1.5.x / 1.6.x / 1.7.x / 1.8.x format...
Feb 18, 2016 5:19:41 PM com.tagtraum.perf.[secure].imp.DataReaderSun1_6_0 read
INFO: Done reading.
Feb 18, 2016 5:19:41 PM com.tagtraum.perf.[secure].imp.DataReaderSun1_6_0 read
INFO: Reading Sun / Oracle 1.4.x / 1.5.x / 1.6.x / 1.7.x / 1.8.x format...
Feb 18, 2016 5:19:41 PM com.tagtraum.perf.[secure].imp.DataReaderSun1_6_0 read
INFO: Done reading.
Feb 18, 2016 5:19:41 PM com.tagtraum.perf.[secure].imp.DataReaderSun1_6_0 read
INFO: Reading Sun / Oracle 1.4.x / 1.5.x / 1.6.x / 1.7.x / 1.8.x format...
Feb 18, 2016 5:19:41 PM com.tagtraum.perf.[secure].imp.DataReaderSun1_6_0 read
INFO: Done reading.
Feb 18, 2016 5:19:41 PM com.tagtraum.perf.[secure].imp.DataReaderSun1_6_0 read
INFO: Reading Sun / Oracle 1.4.x / 1.5.x / 1.6.x / 1.7.x / 1.8.x format...
Feb 18, 2016 5:19:41 PM com.tagtraum.perf.[secure].imp.DataReaderSun1_6_0 read
INFO: Done reading.
Tests run: 5, Failures: 0, Errors: 0, Skipped: 0, Time elapsed: 0.117 sec - in com.tagtraum.perf.[secure].imp.TestDataReaderSun1_4_0
Running com.tagtraum.perf.[secure].imp.TestDataReaderIBM_J9_R28
Feb 18, 2016 5:19:41 PM com.tagtraum.perf.[secure].imp.DataReaderIBM_J9_R28 handleVerboseGC
INFO: gc log version = R28_Java8_GA_20150116_2030_B231420_CMPRSS
Feb 18, 2016 5:19:41 PM com.tagtraum.perf.[secure].imp.DataReaderIBM_J9_R28 handleInitialized
INFO: gcPolicy = -Xgcpolicy:gencon
Feb 18, 2016 5:19:41 PM com.tagtraum.perf.[secure].imp.DataReaderIBM_J9_R28 handleVerboseGC
INFO: gc log version = R28_Java8_GA_20150116_2030_B231420_CMPRSS
Tests run: 2, Failures: 0, Errors: 0, Skipped: 0, Time elapsed: 0.056 sec - in com.tagtraum.perf.[secure].imp.TestDataReaderIBM_J9_R28
Running com.tagtraum.perf.[secure].imp.TestDataReaderIBM1_2_2
Feb 18, 2016 5:19:41 PM com.tagtraum.perf.[secure].imp.DataReaderIBM1_3_0 read
INFO: Reading IBM 1.3.0 format...
Feb 18, 2016 5:19:41 PM com.tagtraum.perf.[secure].imp.DataReaderIBM1_3_0 read
INFO: Reading done.
Tests run: 1, Failures: 0, Errors: 0, Skipped: 0, Time elapsed: 0.03 sec - in com.tagtraum.perf.[secure].imp.TestDataReaderIBM1_2_2
Running com.tagtraum.perf.[secure].imp.TestDataReaderSun1_6_0
Feb 18, 2016 5:19:41 PM com.tagtraum.perf.[secure].imp.DataReaderSun1_6_0 read
INFO: Reading Sun / Oracle 1.4.x / 1.5.x / 1.6.x / 1.7.x / 1.8.x format...
Feb 18, 2016 5:19:41 PM com.tagtraum.perf.[secure].imp.DataReaderSun1_6_0 read
INFO: Done reading.
Feb 18, 2016 5:19:41 PM com.tagtraum.perf.[secure].imp.DataReaderSun1_6_0 read
INFO: Reading Sun / Oracle 1.4.x / 1.5.x / 1.6.x / 1.7.x / 1.8.x format...
Feb 18, 2016 5:19:41 PM com.tagtraum.perf.[secure].imp.DataReaderSun1_6_0 read
INFO: Done reading.
Feb 18, 2016 5:19:41 PM com.tagtraum.perf.[secure].imp.DataReaderSun1_6_0 read
INFO: Reading Sun / Oracle 1.4.x / 1.5.x / 1.6.x / 1.7.x / 1.8.x format...
Feb 18, 2016 5:19:41 PM com.tagtraum.perf.[secure].imp.DataReaderSun1_6_0 read
INFO: Done reading.
Feb 18, 2016 5:19:41 PM com.tagtraum.perf.[secure].imp.DataReaderSun1_6_0 read
INFO: Reading Sun / Oracle 1.4.x / 1.5.x / 1.6.x / 1.7.x / 1.8.x format...
Feb 18, 2016 5:19:41 PM com.tagtraum.perf.[secure].imp.DataReaderSun1_6_0 read
INFO: Done reading.
Feb 18, 2016 5:19:41 PM com.tagtraum.perf.[secure].imp.DataReaderSun1_6_0 read
INFO: Reading Sun / Oracle 1.4.x / 1.5.x / 1.6.x / 1.7.x / 1.8.x format...
Feb 18, 2016 5:19:41 PM com.tagtraum.perf.[secure].imp.DataReaderSun1_6_0 read
INFO: Done reading.
Feb 18, 2016 5:19:41 PM com.tagtraum.perf.[secure].imp.DataReaderSun1_6_0 read
INFO: Reading Sun / Oracle 1.4.x / 1.5.x / 1.6.x / 1.7.x / 1.8.x format...
Feb 18, 2016 5:19:41 PM com.tagtraum.perf.[secure].imp.DataReaderSun1_6_0 read
INFO: Done reading.
Feb 18, 2016 5:19:41 PM com.tagtraum.perf.[secure].imp.DataReaderSun1_6_0 read
INFO: Reading Sun / Oracle 1.4.x / 1.5.x / 1.6.x / 1.7.x / 1.8.x format...
Feb 18, 2016 5:19:41 PM com.tagtraum.perf.[secure].imp.DataReaderSun1_6_0 read
INFO: Done reading.
Feb 18, 2016 5:19:41 PM com.tagtraum.perf.[secure].imp.DataReaderSun1_6_0 read
INFO: Reading Sun / Oracle 1.4.x / 1.5.x / 1.6.x / 1.7.x / 1.8.x format...
Feb 18, 2016 5:19:41 PM com.tagtraum.perf.[secure].imp.DataReaderSun1_6_0 read
INFO: Done reading.
Feb 18, 2016 5:19:41 PM com.tagtraum.perf.[secure].imp.DataReaderSun1_6_0 read
INFO: Reading Sun / Oracle 1.4.x / 1.5.x / 1.6.x / 1.7.x / 1.8.x format...
Feb 18, 2016 5:19:41 PM com.tagtraum.perf.[secure].imp.DataReaderSun1_6_0 read
INFO: Done reading.
Feb 18, 2016 5:19:41 PM com.tagtraum.perf.[secure].imp.DataReaderSun1_6_0 read
INFO: Reading Sun / Oracle 1.4.x / 1.5.x / 1.6.x / 1.7.x / 1.8.x format...
Feb 18, 2016 5:19:41 PM com.tagtraum.perf.[secure].imp.DataReaderSun1_6_0 read
INFO: Done reading.
Feb 18, 2016 5:19:41 PM com.tagtraum.perf.[secure].imp.DataReaderSun1_6_0 read
INFO: Reading Sun / Oracle 1.4.x / 1.5.x / 1.6.x / 1.7.x / 1.8.x format...
Feb 18, 2016 5:19:41 PM com.tagtraum.perf.[secure].imp.DataReaderSun1_6_0 read
INFO: Done reading.
Feb 18, 2016 5:19:41 PM com.tagtraum.perf.[secure].imp.DataReaderSun1_6_0 read
INFO: Reading Sun / Oracle 1.4.x / 1.5.x / 1.6.x / 1.7.x / 1.8.x format...
Feb 18, 2016 5:19:41 PM com.tagtraum.perf.[secure].imp.DataReaderSun1_6_0 read
INFO: Done reading.
Feb 18, 2016 5:19:41 PM com.tagtraum.perf.[secure].imp.DataReaderSun1_6_0 read
INFO: Reading Sun / Oracle 1.4.x / 1.5.x / 1.6.x / 1.7.x / 1.8.x format...
Feb 18, 2016 5:19:41 PM com.tagtraum.perf.[secure].imp.DataReaderSun1_6_0 read
INFO: Done reading.
Feb 18, 2016 5:19:41 PM com.tagtraum.perf.[secure].imp.DataReaderSun1_6_0 read
INFO: Reading Sun / Oracle 1.4.x / 1.5.x / 1.6.x / 1.7.x / 1.8.x format...
Feb 18, 2016 5:19:41 PM com.tagtraum.perf.[secure].imp.DataReaderSun1_6_0 read
INFO: Done reading.
Feb 18, 2016 5:19:41 PM com.tagtraum.perf.[secure].imp.DataReaderSun1_6_0 read
INFO: Reading Sun / Oracle 1.4.x / 1.5.x / 1.6.x / 1.7.x / 1.8.x format...
Feb 18, 2016 5:19:41 PM com.tagtraum.perf.[secure].imp.DataReaderSun1_6_0 read
INFO: Done reading.
Feb 18, 2016 5:19:41 PM com.tagtraum.perf.[secure].imp.DataReaderSun1_6_0 read
INFO: Reading Sun / Oracle 1.4.x / 1.5.x / 1.6.x / 1.7.x / 1.8.x format...
Feb 18, 2016 5:19:41 PM com.tagtraum.perf.[secure].imp.DataReaderSun1_6_0 read
INFO: Done reading.
Feb 18, 2016 5:19:41 PM com.tagtraum.perf.[secure].imp.DataReaderSun1_6_0 read
INFO: Reading Sun / Oracle 1.4.x / 1.5.x / 1.6.x / 1.7.x / 1.8.x format...
Feb 18, 2016 5:19:41 PM com.tagtraum.perf.[secure].imp.DataReaderSun1_6_0 read
INFO: Done reading.
Feb 18, 2016 5:19:41 PM com.tagtraum.perf.[secure].imp.DataReaderSun1_6_0 read
INFO: Reading Sun / Oracle 1.4.x / 1.5.x / 1.6.x / 1.7.x / 1.8.x format...
Feb 18, 2016 5:19:41 PM com.tagtraum.perf.[secure].imp.DataReaderSun1_6_0 read
INFO: Done reading.
Feb 18, 2016 5:19:41 PM com.tagtraum.perf.[secure].imp.DataReaderSun1_6_0 read
INFO: Reading Sun / Oracle 1.4.x / 1.5.x / 1.6.x / 1.7.x / 1.8.x format...
Feb 18, 2016 5:19:41 PM com.tagtraum.perf.[secure].imp.DataReaderSun1_6_0 read
INFO: Done reading.
Feb 18, 2016 5:19:41 PM com.tagtraum.perf.[secure].imp.DataReaderSun1_6_0 read
INFO: Reading Sun / Oracle 1.4.x / 1.5.x / 1.6.x / 1.7.x / 1.8.x format...
Feb 18, 2016 5:19:41 PM com.tagtraum.perf.[secure].imp.DataReaderSun1_6_0 read
INFO: Done reading.
Feb 18, 2016 5:19:41 PM com.tagtraum.perf.[secure].imp.DataReaderSun1_6_0 read
INFO: Reading Sun / Oracle 1.4.x / 1.5.x / 1.6.x / 1.7.x / 1.8.x format...
Feb 18, 2016 5:19:41 PM com.tagtraum.perf.[secure].imp.DataReaderSun1_6_0 read
INFO: Done reading.
Feb 18, 2016 5:19:41 PM com.tagtraum.perf.[secure].imp.DataReaderSun1_6_0 read
INFO: Reading Sun / Oracle 1.4.x / 1.5.x / 1.6.x / 1.7.x / 1.8.x format...
Feb 18, 2016 5:19:41 PM com.tagtraum.perf.[secure].imp.DataReaderSun1_6_0 read
INFO: Done reading.
Feb 18, 2016 5:19:41 PM com.tagtraum.perf.[secure].imp.DataReaderSun1_6_0 read
INFO: Reading Sun / Oracle 1.4.x / 1.5.x / 1.6.x / 1.7.x / 1.8.x format...
Feb 18, 2016 5:19:41 PM com.tagtraum.perf.[secure].imp.DataReaderSun1_6_0 read
INFO: Done reading.
Feb 18, 2016 5:19:41 PM com.tagtraum.perf.[secure].imp.DataReaderSun1_6_0 read
INFO: Reading Sun / Oracle 1.4.x / 1.5.x / 1.6.x / 1.7.x / 1.8.x format...
Feb 18, 2016 5:19:41 PM com.tagtraum.perf.[secure].imp.DataReaderSun1_6_0 read
INFO: Done reading.
Feb 18, 2016 5:19:41 PM com.tagtraum.perf.[secure].imp.DataReaderSun1_6_0 read
INFO: Reading Sun / Oracle 1.4.x / 1.5.x / 1.6.x / 1.7.x / 1.8.x format...
Feb 18, 2016 5:19:41 PM com.tagtraum.perf.[secure].imp.DataReaderSun1_6_0 read
INFO: Done reading.
Feb 18, 2016 5:19:41 PM com.tagtraum.perf.[secure].imp.DataReaderSun1_6_0 read
INFO: Reading Sun / Oracle 1.4.x / 1.5.x / 1.6.x / 1.7.x / 1.8.x format...
Feb 18, 2016 5:19:41 PM com.tagtraum.perf.[secure].imp.DataReaderSun1_6_0 read
INFO: Done reading.
Feb 18, 2016 5:19:41 PM com.tagtraum.perf.[secure].imp.DataReaderSun1_6_0 read
INFO: Reading Sun / Oracle 1.4.x / 1.5.x / 1.6.x / 1.7.x / 1.8.x format...
Feb 18, 2016 5:19:41 PM com.tagtraum.perf.[secure].imp.DataReaderSun1_6_0 read
INFO: Done reading.
Feb 18, 2016 5:19:41 PM com.tagtraum.perf.[secure].imp.DataReaderSun1_6_0 read
INFO: Reading Sun / Oracle 1.4.x / 1.5.x / 1.6.x / 1.7.x / 1.8.x format...
Feb 18, 2016 5:19:41 PM com.tagtraum.perf.[secure].imp.DataReaderSun1_6_0 read
INFO: Done reading.
Feb 18, 2016 5:19:41 PM com.tagtraum.perf.[secure].imp.DataReaderSun1_6_0 read
INFO: Reading Sun / Oracle 1.4.x / 1.5.x / 1.6.x / 1.7.x / 1.8.x format...
Feb 18, 2016 5:19:41 PM com.tagtraum.perf.[secure].imp.DataReaderSun1_6_0 read
INFO: Done reading.
Feb 18, 2016 5:19:41 PM com.tagtraum.perf.[secure].imp.DataReaderSun1_6_0 read
INFO: Reading Sun / Oracle 1.4.x / 1.5.x / 1.6.x / 1.7.x / 1.8.x format...
Feb 18, 2016 5:19:41 PM com.tagtraum.perf.[secure].imp.DataReaderSun1_6_0 read
INFO: Done reading.
Feb 18, 2016 5:19:41 PM com.tagtraum.perf.[secure].imp.DataReaderSun1_6_0 read
INFO: Reading Sun / Oracle 1.4.x / 1.5.x / 1.6.x / 1.7.x / 1.8.x format...
Feb 18, 2016 5:19:41 PM com.tagtraum.perf.[secure].imp.DataReaderSun1_6_0 read
INFO: Done reading.
Feb 18, 2016 5:19:41 PM com.tagtraum.perf.[secure].imp.DataReaderSun1_6_0 read
INFO: Reading Sun / Oracle 1.4.x / 1.5.x / 1.6.x / 1.7.x / 1.8.x format...
Feb 18, 2016 5:19:41 PM com.tagtraum.perf.[secure].imp.DataReaderSun1_6_0 read
INFO: Done reading.
Feb 18, 2016 5:19:41 PM com.tagtraum.perf.[secure].imp.DataReaderSun1_6_0 read
INFO: Reading Sun / Oracle 1.4.x / 1.5.x / 1.6.x / 1.7.x / 1.8.x format...
Feb 18, 2016 5:19:41 PM com.tagtraum.perf.[secure].imp.DataReaderSun1_6_0 read
INFO: Done reading.
Feb 18, 2016 5:19:41 PM com.tagtraum.perf.[secure].imp.DataReaderSun1_6_0 read
INFO: Reading Sun / Oracle 1.4.x / 1.5.x / 1.6.x / 1.7.x / 1.8.x format...
Feb 18, 2016 5:19:41 PM com.tagtraum.perf.[secure].imp.DataReaderSun1_6_0 read
INFO: Done reading.
Feb 18, 2016 5:19:41 PM com.tagtraum.perf.[secure].imp.DataReaderSun1_6_0 read
INFO: Reading Sun / Oracle 1.4.x / 1.5.x / 1.6.x / 1.7.x / 1.8.x format...
Feb 18, 2016 5:19:41 PM com.tagtraum.perf.[secure].imp.DataReaderSun1_6_0 read
INFO: Done reading.
Feb 18, 2016 5:19:41 PM com.tagtraum.perf.[secure].imp.DataReaderSun1_6_0 read
INFO: Reading Sun / Oracle 1.4.x / 1.5.x / 1.6.x / 1.7.x / 1.8.x format...
Feb 18, 2016 5:19:41 PM com.tagtraum.perf.[secure].imp.DataReaderSun1_6_0 read
INFO: Done reading.
Feb 18, 2016 5:19:41 PM com.tagtraum.perf.[secure].imp.DataReaderSun1_6_0 read
INFO: Reading Sun / Oracle 1.4.x / 1.5.x / 1.6.x / 1.7.x / 1.8.x format...
Feb 18, 2016 5:19:41 PM com.tagtraum.perf.[secure].imp.DataReaderSun1_6_0 read
INFO: Done reading.
Feb 18, 2016 5:19:41 PM com.tagtraum.perf.[secure].imp.DataReaderSun1_6_0 read
INFO: Reading Sun / Oracle 1.4.x / 1.5.x / 1.6.x / 1.7.x / 1.8.x format...
Feb 18, 2016 5:19:41 PM com.tagtraum.perf.[secure].imp.DataReaderSun1_6_0 read
INFO: Done reading.
Feb 18, 2016 5:19:41 PM com.tagtraum.perf.[secure].imp.DataReaderSun1_6_0 read
INFO: Reading Sun / Oracle 1.4.x / 1.5.x / 1.6.x / 1.7.x / 1.8.x format...
Feb 18, 2016 5:19:41 PM com.tagtraum.perf.[secure].imp.DataReaderSun1_6_0 read
INFO: Done reading.
Feb 18, 2016 5:19:41 PM com.tagtraum.perf.[secure].imp.DataReaderSun1_6_0 read
INFO: Reading Sun / Oracle 1.4.x / 1.5.x / 1.6.x / 1.7.x / 1.8.x format...
Feb 18, 2016 5:19:41 PM com.tagtraum.perf.[secure].imp.DataReaderSun1_6_0 read
INFO: Done reading.
Feb 18, 2016 5:19:41 PM com.tagtraum.perf.[secure].imp.DataReaderSun1_6_0 read
INFO: Reading Sun / Oracle 1.4.x / 1.5.x / 1.6.x / 1.7.x / 1.8.x format...
Feb 18, 2016 5:19:41 PM com.tagtraum.perf.[secure].imp.DataReaderSun1_6_0 read
INFO: Done reading.
Feb 18, 2016 5:19:41 PM com.tagtraum.perf.[secure].imp.DataReaderSun1_6_0 read
INFO: Reading Sun / Oracle 1.4.x / 1.5.x / 1.6.x / 1.7.x / 1.8.x format...
Feb 18, 2016 5:19:41 PM com.tagtraum.perf.[secure].imp.DataReaderSun1_6_0 read
INFO: Done reading.
Feb 18, 2016 5:19:41 PM com.tagtraum.perf.[secure].imp.DataReaderSun1_6_0 read
INFO: Reading Sun / Oracle 1.4.x / 1.5.x / 1.6.x / 1.7.x / 1.8.x format...
Feb 18, 2016 5:19:41 PM com.tagtraum.perf.[secure].imp.DataReaderSun1_6_0 read
INFO: Done reading.
Feb 18, 2016 5:19:41 PM com.tagtraum.perf.[secure].imp.DataReaderSun1_6_0 read
INFO: Reading Sun / Oracle 1.4.x / 1.5.x / 1.6.x / 1.7.x / 1.8.x format...
Feb 18, 2016 5:19:41 PM com.tagtraum.perf.[secure].imp.DataReaderSun1_6_0 read
INFO: Done reading.
Feb 18, 2016 5:19:41 PM com.tagtraum.perf.[secure].imp.DataReaderSun1_6_0 read
INFO: Reading Sun / Oracle 1.4.x / 1.5.x / 1.6.x / 1.7.x / 1.8.x format...
Feb 18, 2016 5:19:41 PM com.tagtraum.perf.[secure].imp.DataReaderSun1_6_0 read
INFO: Done reading.
Feb 18, 2016 5:19:41 PM com.tagtraum.perf.[secure].imp.DataReaderSun1_6_0 read
INFO: Reading Sun / Oracle 1.4.x / 1.5.x / 1.6.x / 1.7.x / 1.8.x format...
Feb 18, 2016 5:19:41 PM com.tagtraum.perf.[secure].imp.DataReaderSun1_6_0 read
INFO: Done reading.
Feb 18, 2016 5:19:41 PM com.tagtraum.perf.[secure].imp.DataReaderSun1_6_0 read
INFO: Reading Sun / Oracle 1.4.x / 1.5.x / 1.6.x / 1.7.x / 1.8.x format...
Feb 18, 2016 5:19:41 PM com.tagtraum.perf.[secure].imp.DataReaderSun1_6_0 read
INFO: Done reading.
Feb 18, 2016 5:19:41 PM com.tagtraum.perf.[secure].imp.DataReaderSun1_6_0 read
INFO: Reading Sun / Oracle 1.4.x / 1.5.x / 1.6.x / 1.7.x / 1.8.x format...
Feb 18, 2016 5:19:41 PM com.tagtraum.perf.[secure].imp.DataReaderSun1_6_0 read
INFO: Done reading.
Feb 18, 2016 5:19:41 PM com.tagtraum.perf.[secure].imp.DataReaderSun1_6_0 read
INFO: Reading Sun / Oracle 1.4.x / 1.5.x / 1.6.x / 1.7.x / 1.8.x format...
Feb 18, 2016 5:19:41 PM com.tagtraum.perf.[secure].imp.DataReaderSun1_6_0 read
INFO: Done reading.
Feb 18, 2016 5:19:41 PM com.tagtraum.perf.[secure].imp.DataReaderSun1_6_0 read
INFO: Reading Sun / Oracle 1.4.x / 1.5.x / 1.6.x / 1.7.x / 1.8.x format...
Feb 18, 2016 5:19:41 PM com.tagtraum.perf.[secure].imp.DataReaderSun1_6_0 read
INFO: Done reading.
Feb 18, 2016 5:19:41 PM com.tagtraum.perf.[secure].imp.DataReaderSun1_6_0 read
INFO: Reading Sun / Oracle 1.4.x / 1.5.x / 1.6.x / 1.7.x / 1.8.x format...
Feb 18, 2016 5:19:41 PM com.tagtraum.perf.[secure].imp.DataReaderSun1_6_0 read
INFO: Done reading.
Feb 18, 2016 5:19:41 PM com.tagtraum.perf.[secure].imp.DataReaderSun1_6_0 read
INFO: Reading Sun / Oracle 1.4.x / 1.5.x / 1.6.x / 1.7.x / 1.8.x format...
Feb 18, 2016 5:19:41 PM com.tagtraum.perf.[secure].imp.DataReaderSun1_6_0 read
INFO: Done reading.
Feb 18, 2016 5:19:41 PM com.tagtraum.perf.[secure].imp.DataReaderSun1_6_0 read
INFO: Reading Sun / Oracle 1.4.x / 1.5.x / 1.6.x / 1.7.x / 1.8.x format...
Feb 18, 2016 5:19:41 PM com.tagtraum.perf.[secure].imp.DataReaderSun1_6_0 read
INFO: Done reading.
Tests run: 53, Failures: 0, Errors: 0, Skipped: 0, Time elapsed: 0.279 sec - in com.tagtraum.perf.[secure].imp.TestDataReaderSun1_6_0
Running com.tagtraum.perf.[secure].imp.TestDataReaderHPUX1_2
Feb 18, 2016 5:19:41 PM com.tagtraum.perf.[secure].imp.DataReaderHPUX1_2 read
INFO: Reading HP-UX 1.2-1.4.0 format...
Feb 18, 2016 5:19:41 PM com.tagtraum.perf.[secure].imp.DataReaderHPUX1_2 read
INFO: Reading done.
Tests run: 1, Failures: 0, Errors: 0, Skipped: 0, Time elapsed: 0.033 sec - in com.tagtraum.perf.[secure].imp.TestDataReaderHPUX1_2
Running com.tagtraum.perf.[secure].imp.TestDataReaderSun1_5_0
Feb 18, 2016 5:19:41 PM com.tagtraum.perf.[secure].imp.DataReaderSun1_6_0 read
INFO: Reading Sun / Oracle 1.4.x / 1.5.x / 1.6.x / 1.7.x / 1.8.x format...
Feb 18, 2016 5:19:41 PM com.tagtraum.perf.[secure].imp.DataReaderSun1_6_0 read
INFO: Done reading.
Feb 18, 2016 5:19:41 PM com.tagtraum.perf.[secure].imp.DataReaderSun1_6_0 read
INFO: Reading Sun / Oracle 1.4.x / 1.5.x / 1.6.x / 1.7.x / 1.8.x format...
Feb 18, 2016 5:19:41 PM com.tagtraum.perf.[secure].imp.DataReaderSun1_6_0 read
INFO: Done reading.
Feb 18, 2016 5:19:41 PM com.tagtraum.perf.[secure].imp.DataReaderSun1_6_0 read
INFO: Reading Sun / Oracle 1.4.x / 1.5.x / 1.6.x / 1.7.x / 1.8.x format...
Feb 18, 2016 5:19:42 PM com.tagtraum.perf.[secure].imp.DataReaderSun1_6_0 read
INFO: Done reading.
Feb 18, 2016 5:19:42 PM com.tagtraum.perf.[secure].imp.DataReaderSun1_6_0 read
INFO: Reading Sun / Oracle 1.4.x / 1.5.x / 1.6.x / 1.7.x / 1.8.x format...
Feb 18, 2016 5:19:42 PM com.tagtraum.perf.[secure].imp.DataReaderSun1_6_0 read
INFO: Done reading.
Feb 18, 2016 5:19:42 PM com.tagtraum.perf.[secure].imp.DataReaderSun1_6_0 read
INFO: Reading Sun / Oracle 1.4.x / 1.5.x / 1.6.x / 1.7.x / 1.8.x format...
Feb 18, 2016 5:19:42 PM com.tagtraum.perf.[secure].imp.DataReaderSun1_6_0 read
INFO: Done reading.
Feb 18, 2016 5:19:42 PM com.tagtraum.perf.[secure].imp.DataReaderSun1_6_0 read
INFO: Reading Sun / Oracle 1.4.x / 1.5.x / 1.6.x / 1.7.x / 1.8.x format...
Feb 18, 2016 5:19:42 PM com.tagtraum.perf.[secure].imp.DataReaderSun1_6_0 read
INFO: Done reading.
Feb 18, 2016 5:19:42 PM com.tagtraum.perf.[secure].imp.DataReaderSun1_6_0 read
INFO: Reading Sun / Oracle 1.4.x / 1.5.x / 1.6.x / 1.7.x / 1.8.x format...
Feb 18, 2016 5:19:42 PM com.tagtraum.perf.[secure].imp.DataReaderSun1_6_0 read
INFO: Done reading.
Tests run: 7, Failures: 0, Errors: 0, Skipped: 0, Time elapsed: 0.585 sec - in com.tagtraum.perf.[secure].imp.TestDataReaderSun1_5_0
Running com.tagtraum.perf.[secure].imp.TestDataReaderSun1_7_0
Feb 18, 2016 5:19:42 PM com.tagtraum.perf.[secure].imp.DataReaderSun1_6_0 read
INFO: Reading Sun / Oracle 1.4.x / 1.5.x / 1.6.x / 1.7.x / 1.8.x format...
Feb 18, 2016 5:19:42 PM com.tagtraum.perf.[secure].imp.DataReaderSun1_6_0 read
INFO: Done reading.
Feb 18, 2016 5:19:42 PM com.tagtraum.perf.[secure].imp.DataReaderSun1_6_0 read
INFO: Reading Sun / Oracle 1.4.x / 1.5.x / 1.6.x / 1.7.x / 1.8.x format...
Feb 18, 2016 5:19:42 PM com.tagtraum.perf.[secure].imp.DataReaderSun1_6_0 read
INFO: Done reading.
Feb 18, 2016 5:19:42 PM com.tagtraum.perf.[secure].imp.DataReaderSun1_6_0 read
INFO: Reading Sun / Oracle 1.4.x / 1.5.x / 1.6.x / 1.7.x / 1.8.x format...
Feb 18, 2016 5:19:42 PM com.tagtraum.perf.[secure].imp.DataReaderSun1_6_0 read
INFO: Done reading.
Feb 18, 2016 5:19:42 PM com.tagtraum.perf.[secure].imp.DataReaderSun1_6_0 read
INFO: Reading Sun / Oracle 1.4.x / 1.5.x / 1.6.x / 1.7.x / 1.8.x format...
Feb 18, 2016 5:19:42 PM com.tagtraum.perf.[secure].imp.DataReaderSun1_6_0 read
INFO: Done reading.
Feb 18, 2016 5:19:42 PM com.tagtraum.perf.[secure].imp.DataReaderSun1_6_0 read
INFO: Reading Sun / Oracle 1.4.x / 1.5.x / 1.6.x / 1.7.x / 1.8.x format...
Feb 18, 2016 5:19:42 PM com.tagtraum.perf.[secure].imp.DataReaderSun1_6_0 read
INFO: Done reading.
Feb 18, 2016 5:19:42 PM com.tagtraum.perf.[secure].imp.DataReaderSun1_6_0 read
INFO: Reading Sun / Oracle 1.4.x / 1.5.x / 1.6.x / 1.7.x / 1.8.x format...
Feb 18, 2016 5:19:42 PM com.tagtraum.perf.[secure].imp.DataReaderSun1_6_0 read
INFO: Done reading.
Feb 18, 2016 5:19:42 PM com.tagtraum.perf.[secure].imp.DataReaderSun1_6_0 read
INFO: Reading Sun / Oracle 1.4.x / 1.5.x / 1.6.x / 1.7.x / 1.8.x format...
Feb 18, 2016 5:19:42 PM com.tagtraum.perf.[secure].imp.DataReaderSun1_6_0 read
INFO: Done reading.
Feb 18, 2016 5:19:42 PM com.tagtraum.perf.[secure].imp.DataReaderSun1_6_0 read
INFO: Reading Sun / Oracle 1.4.x / 1.5.x / 1.6.x / 1.7.x / 1.8.x format...
Feb 18, 2016 5:19:42 PM com.tagtraum.perf.[secure].imp.DataReaderSun1_6_0 read
INFO: Done reading.
Feb 18, 2016 5:19:42 PM com.tagtraum.perf.[secure].imp.DataReaderSun1_6_0 read
INFO: Reading Sun / Oracle 1.4.x / 1.5.x / 1.6.x / 1.7.x / 1.8.x format...
Feb 18, 2016 5:19:42 PM com.tagtraum.perf.[secure].imp.DataReaderSun1_6_0 read
INFO: Done reading.
Feb 18, 2016 5:19:42 PM com.tagtraum.perf.[secure].imp.DataReaderSun1_6_0 read
INFO: Reading Sun / Oracle 1.4.x / 1.5.x / 1.6.x / 1.7.x / 1.8.x format...
Feb 18, 2016 5:19:42 PM com.tagtraum.perf.[secure].imp.DataReaderSun1_6_0 read
INFO: Done reading.
Feb 18, 2016 5:19:42 PM com.tagtraum.perf.[secure].imp.DataReaderSun1_6_0 read
INFO: Reading Sun / Oracle 1.4.x / 1.5.x / 1.6.x / 1.7.x / 1.8.x format...
Feb 18, 2016 5:19:42 PM com.tagtraum.perf.[secure].imp.DataReaderSun1_6_0 read
INFO: Done reading.
Feb 18, 2016 5:19:42 PM com.tagtraum.perf.[secure].imp.DataReaderSun1_6_0 read
INFO: Reading Sun / Oracle 1.4.x / 1.5.x / 1.6.x / 1.7.x / 1.8.x format...
Feb 18, 2016 5:19:42 PM com.tagtraum.perf.[secure].imp.DataReaderSun1_6_0 read
INFO: Done reading.
Feb 18, 2016 5:19:42 PM com.tagtraum.perf.[secure].imp.DataReaderSun1_6_0 read
INFO: Reading Sun / Oracle 1.4.x / 1.5.x / 1.6.x / 1.7.x / 1.8.x format...
Feb 18, 2016 5:19:42 PM com.tagtraum.perf.[secure].imp.DataReaderSun1_6_0 read
INFO: Done reading.
Feb 18, 2016 5:19:42 PM com.tagtraum.perf.[secure].imp.DataReaderSun1_6_0 read
INFO: Reading Sun / Oracle 1.4.x / 1.5.x / 1.6.x / 1.7.x / 1.8.x format...
Feb 18, 2016 5:19:42 PM com.tagtraum.perf.[secure].imp.DataReaderSun1_6_0 read
INFO: Done reading.
Feb 18, 2016 5:19:42 PM com.tagtraum.perf.[secure].imp.DataReaderSun1_6_0 read
INFO: Reading Sun / Oracle 1.4.x / 1.5.x / 1.6.x / 1.7.x / 1.8.x format...
Feb 18, 2016 5:19:42 PM com.tagtraum.perf.[secure].imp.DataReaderSun1_6_0 read
INFO: Done reading.
Feb 18, 2016 5:19:42 PM com.tagtraum.perf.[secure].imp.DataReaderSun1_6_0 read
INFO: Reading Sun / Oracle 1.4.x / 1.5.x / 1.6.x / 1.7.x / 1.8.x format...
Feb 18, 2016 5:19:42 PM com.tagtraum.perf.[secure].imp.DataReaderSun1_6_0 read
INFO: Done reading.
Feb 18, 2016 5:19:42 PM com.tagtraum.perf.[secure].imp.DataReaderSun1_6_0 read
INFO: Reading Sun / Oracle 1.4.x / 1.5.x / 1.6.x / 1.7.x / 1.8.x format...
Feb 18, 2016 5:19:42 PM com.tagtraum.perf.[secure].imp.DataReaderSun1_6_0 read
INFO: Done reading.
Feb 18, 2016 5:19:42 PM com.tagtraum.perf.[secure].imp.DataReaderSun1_6_0 read
INFO: Reading Sun / Oracle 1.4.x / 1.5.x / 1.6.x / 1.7.x / 1.8.x format...
Feb 18, 2016 5:19:42 PM com.tagtraum.perf.[secure].imp.DataReaderSun1_6_0 read
INFO: Done reading.
Feb 18, 2016 5:19:42 PM com.tagtraum.perf.[secure].imp.DataReaderSun1_6_0 read
INFO: Reading Sun / Oracle 1.4.x / 1.5.x / 1.6.x / 1.7.x / 1.8.x format...
Feb 18, 2016 5:19:42 PM com.tagtraum.perf.[secure].imp.DataReaderSun1_6_0 read
INFO: Done reading.
Feb 18, 2016 5:19:42 PM com.tagtraum.perf.[secure].imp.DataReaderSun1_6_0 read
INFO: Reading Sun / Oracle 1.4.x / 1.5.x / 1.6.x / 1.7.x / 1.8.x format...
Feb 18, 2016 5:19:42 PM com.tagtraum.perf.[secure].imp.DataReaderSun1_6_0 read
INFO: Done reading.
Feb 18, 2016 5:19:42 PM com.tagtraum.perf.[secure].imp.DataReaderSun1_6_0 read
INFO: Reading Sun / Oracle 1.4.x / 1.5.x / 1.6.x / 1.7.x / 1.8.x format...
Feb 18, 2016 5:19:42 PM com.tagtraum.perf.[secure].imp.DataReaderSun1_6_0 read
INFO: Done reading.
Feb 18, 2016 5:19:42 PM com.tagtraum.perf.[secure].imp.DataReaderSun1_6_0 read
INFO: Reading Sun / Oracle 1.4.x / 1.5.x / 1.6.x / 1.7.x / 1.8.x format...
Feb 18, 2016 5:19:42 PM com.tagtraum.perf.[secure].imp.DataReaderSun1_6_0 read
INFO: Done reading.
Tests run: 22, Failures: 0, Errors: 0, Skipped: 0, Time elapsed: 0.293 sec - in com.tagtraum.perf.[secure].imp.TestDataReaderSun1_7_0
Running com.tagtraum.perf.[secure].imp.TestDataReaderSun1_8_0
Feb 18, 2016 5:19:42 PM com.tagtraum.perf.[secure].imp.DataReaderSun1_6_0 read
INFO: Reading Sun / Oracle 1.4.x / 1.5.x / 1.6.x / 1.7.x / 1.8.x format...
Feb 18, 2016 5:19:42 PM com.tagtraum.perf.[secure].imp.DataReaderSun1_6_0 read
INFO: Done reading.
Feb 18, 2016 5:19:42 PM com.tagtraum.perf.[secure].imp.DataReaderSun1_6_0 read
INFO: Reading Sun / Oracle 1.4.x / 1.5.x / 1.6.x / 1.7.x / 1.8.x format...
Feb 18, 2016 5:19:42 PM com.tagtraum.perf.[secure].imp.DataReaderSun1_6_0 read
INFO: Done reading.
Feb 18, 2016 5:19:42 PM com.tagtraum.perf.[secure].imp.DataReaderSun1_6_0 read
INFO: Reading Sun / Oracle 1.4.x / 1.5.x / 1.6.x / 1.7.x / 1.8.x format...
Feb 18, 2016 5:19:42 PM com.tagtraum.perf.[secure].imp.DataReaderSun1_6_0 read
INFO: Done reading.
Feb 18, 2016 5:19:42 PM com.tagtraum.perf.[secure].imp.DataReaderSun1_6_0 read
INFO: Reading Sun / Oracle 1.4.x / 1.5.x / 1.6.x / 1.7.x / 1.8.x format...
Feb 18, 2016 5:19:42 PM com.tagtraum.perf.[secure].imp.DataReaderSun1_6_0 read
INFO: Java HotSpot(TM) 64-Bit Server VM (25.45-b02) for bsd-amd64 JRE (1.8.0_45-b14), built on Apr 10 2015 10:46:38 by "java_re" with gcc 4.2.1 (Based on Apple Inc. build 5658) (LLVM build 2336.11.00)
Feb 18, 2016 5:19:42 PM com.tagtraum.perf.[secure].imp.DataReaderSun1_6_0 read
INFO: Memory: 4k page, physical 16777216k(737100k free)
Feb 18, 2016 5:19:42 PM com.tagtraum.perf.[secure].imp.DataReaderSun1_6_0 read
INFO: CommandLine flags: -XX:InitialHeapSize=268435456 -XX:MaxHeapSize=4294967296 -XX:+PrintGC -XX:+PrintGCDateStamps -XX:+PrintGCDetails -XX:+PrintGCTimeStamps -XX:+UseCompressedClassPointers -XX:+UseCompressedOops -XX:+UseParallelGC
Feb 18, 2016 5:19:42 PM com.tagtraum.perf.[secure].imp.DataReaderSun1_6_0 read
INFO: Done reading.
Feb 18, 2016 5:19:42 PM com.tagtraum.perf.[secure].imp.DataReaderSun1_6_0 read
INFO: Reading Sun / Oracle 1.4.x / 1.5.x / 1.6.x / 1.7.x / 1.8.x format...
Feb 18, 2016 5:19:42 PM com.tagtraum.perf.[secure].imp.DataReaderSun1_6_0 read
INFO: Java HotSpot(TM) 64-Bit Server VM (25.0-b65) for windows-amd64 JRE (1.8.0-ea-b123), built on Jan 10 2014 01:03:51 by "java_re" with MS VC++ 10.0 (VS2010)
Feb 18, 2016 5:19:42 PM com.tagtraum.perf.[secure].imp.DataReaderSun1_6_0 read
INFO: Memory: 4k page, physical 4193296k(2404612k free), swap 8384728k(6313200k free)
Feb 18, 2016 5:19:42 PM com.tagtraum.perf.[secure].imp.DataReaderSun1_6_0 read
INFO: CommandLine flags: -XX:InitialHeapSize=67092736 -XX:MaxHeapSize=100663296 -XX:+PrintGC -XX:+PrintGCDateStamps -XX:+PrintGCDetails -XX:+PrintGCTimeStamps -XX:+UseCompressedClassPointers -XX:+UseCompressedOops -XX:-UseLargePagesIndividualAllocation -XX:+UseSerialGC 
Feb 18, 2016 5:19:42 PM com.tagtraum.perf.[secure].imp.DataReaderSun1_6_0 read
INFO: Done reading.
Feb 18, 2016 5:19:42 PM com.tagtraum.perf.[secure].imp.DataReaderSun1_6_0 read
INFO: Reading Sun / Oracle 1.4.x / 1.5.x / 1.6.x / 1.7.x / 1.8.x format...
Feb 18, 2016 5:19:42 PM com.tagtraum.perf.[secure].imp.DataReaderSun1_6_0 read
INFO: Done reading.
Tests run: 6, Failures: 0, Errors: 0, Skipped: 0, Time elapsed: 0.034 sec - in com.tagtraum.perf.[secure].imp.TestDataReaderSun1_8_0
Running com.tagtraum.perf.[secure].imp.TestDataReaderSun1_3_1
Feb 18, 2016 5:19:42 PM com.tagtraum.perf.[secure].imp.DataReaderSun1_3_1 read
INFO: Reading Sun 1.3.1 format...
Feb 18, 2016 5:19:42 PM com.tagtraum.perf.[secure].imp.DataReaderSun1_3_1 read
INFO: Done reading.
Tests run: 1, Failures: 0, Errors: 0, Skipped: 0, Time elapsed: 0.004 sec - in com.tagtraum.perf.[secure].imp.TestDataReaderSun1_3_1
Running com.tagtraum.perf.[secure].imp.TestDataReaderFactory
Feb 18, 2016 5:19:42 PM com.tagtraum.perf.[secure].imp.DataReaderFactory getDataReaderBySample
INFO: File format: JRockit 1.4.2
Feb 18, 2016 5:19:42 PM com.tagtraum.perf.[secure].imp.DataReaderFactory getDataReaderBySample
INFO: File format: JRockit 1.4.2
Feb 18, 2016 5:19:42 PM com.tagtraum.perf.[secure].imp.DataReaderFactory getDataReaderBySample
INFO: File format: JRockit 1.6
Feb 18, 2016 5:19:42 PM com.tagtraum.perf.[secure].imp.DataReaderFactory getDataReader
INFO: GZip stream detected
Feb 18, 2016 5:19:42 PM com.tagtraum.perf.[secure].imp.DataReaderFactory getDataReaderBySample
INFO: File format: Sun 1.6.x
Feb 18, 2016 5:19:42 PM com.tagtraum.perf.[secure].imp.DataReaderSun1_6_0 read
INFO: Reading Sun / Oracle 1.4.x / 1.5.x / 1.6.x / 1.7.x / 1.8.x format...
Feb 18, 2016 5:19:42 PM com.tagtraum.perf.[secure].imp.DataReaderSun1_6_0 read
INFO: Done reading.
Feb 18, 2016 5:19:42 PM com.tagtraum.perf.[secure].imp.DataReaderFactory getDataReaderBySample
INFO: File format: JRockit 1.4.2
Feb 18, 2016 5:19:42 PM com.tagtraum.perf.[secure].imp.DataReaderFactory getDataReaderBySample
INFO: File format: JRockit 1.6
Feb 18, 2016 5:19:42 PM com.tagtraum.perf.[secure].imp.DataReaderFactory getDataReaderBySample
INFO: File format: JRockit 1.5
Feb 18, 2016 5:19:42 PM com.tagtraum.perf.[secure].imp.DataReaderFactory getDataReaderBySample
INFO: File format: JRockit 1.6
Feb 18, 2016 5:19:42 PM com.tagtraum.perf.[secure].imp.DataReaderFactory getDataReaderBySample
INFO: File format: Sun 1.3.1
Feb 18, 2016 5:19:43 PM com.tagtraum.perf.[secure].imp.DataReaderFactory getDataReaderBySample
INFO: File format: Sun 1.3.1
Feb 18, 2016 5:19:43 PM com.tagtraum.perf.[secure].imp.DataReaderFactory getDataReaderBySample
INFO: File format: Sun 1.4.x
Feb 18, 2016 5:19:43 PM com.tagtraum.perf.[secure].imp.DataReaderFactory getDataReaderBySample
INFO: File format: JRockit 1.6
Feb 18, 2016 5:19:43 PM com.tagtraum.perf.[secure].imp.DataReaderFactory getDataReaderBySample
INFO: File format: JRockit 1.5
Feb 18, 2016 5:19:43 PM com.tagtraum.perf.[secure].imp.DataReaderFactory getDataReaderBySample
INFO: File format: JRockit 1.5
Feb 18, 2016 5:19:43 PM com.tagtraum.perf.[secure].imp.DataReaderFactory getDataReaderBySample
INFO: File format: JRockit 1.5
Feb 18, 2016 5:19:43 PM com.tagtraum.perf.[secure].imp.DataReaderFactory getDataReaderBySample
INFO: File format: JRockit 1.4.2
Feb 18, 2016 5:19:43 PM com.tagtraum.perf.[secure].imp.DataReaderFactory getDataReaderBySample
INFO: File format: JRockit 1.5
Feb 18, 2016 5:19:43 PM com.tagtraum.perf.[secure].imp.DataReaderFactory getDataReaderBySample
INFO: File format: JRockit 1.4.2
Feb 18, 2016 5:19:43 PM com.tagtraum.perf.[secure].imp.DataReaderFactory getDataReaderBySample
INFO: File format: JRockit 1.5
Feb 18, 2016 5:19:43 PM com.tagtraum.perf.[secure].imp.DataReaderFactory getDataReaderBySample
INFO: File format: IBM J9 5.0
Feb 18, 2016 5:19:43 PM com.tagtraum.perf.[secure].imp.DataReaderFactory getDataReaderBySample
INFO: File format: IBM J9 R26 / R27 / R28
Feb 18, 2016 5:19:43 PM com.tagtraum.perf.[secure].imp.DataReaderFactory getDataReaderBySample
INFO: File format: IBM J9 R26 / R27 / R28
Feb 18, 2016 5:19:43 PM com.tagtraum.perf.[secure].imp.DataReaderFactory getDataReaderBySample
INFO: File format: JRockit 1.6
Feb 18, 2016 5:19:43 PM com.tagtraum.perf.[secure].imp.DataReaderFactory getDataReaderBySample
INFO: File format: JRockit 1.5
Feb 18, 2016 5:19:43 PM com.tagtraum.perf.[secure].imp.DataReaderFactory getDataReaderBySample
INFO: File format: JRockit 1.5
Feb 18, 2016 5:19:43 PM com.tagtraum.perf.[secure].imp.DataReaderFactory getDataReaderBySample
INFO: File format: JRockit 1.5
Feb 18, 2016 5:19:43 PM com.tagtraum.perf.[secure].imp.DataReaderFactory getDataReaderBySample
INFO: File format: IBM i5/OS 1.4.2
Feb 18, 2016 5:19:43 PM com.tagtraum.perf.[secure].imp.DataReaderFactory getDataReaderBySample
INFO: File format: Sun 1.6.x G1 collector
Feb 18, 2016 5:19:43 PM com.tagtraum.perf.[secure].imp.DataReaderSun1_6_0G1 read
INFO: Reading Sun 1.6.x / 1.7.x G1 format...
Feb 18, 2016 5:19:43 PM com.tagtraum.perf.[secure].imp.DataReaderSun1_6_0G1 read
INFO: Done reading.
Tests run: 27, Failures: 0, Errors: 0, Skipped: 0, Time elapsed: 0.213 sec - in com.tagtraum.perf.[secure].imp.TestDataReaderFactory
Running com.tagtraum.perf.[secure].imp.TestDataReaderIBM_J9_R27
Feb 18, 2016 5:19:43 PM com.tagtraum.perf.[secure].imp.DataReaderIBM_J9_R28 handleVerboseGC
INFO: gc log version = R27_Java727_SR1_20140707_1408_B205525_CMPRSS
Feb 18, 2016 5:19:43 PM com.tagtraum.perf.[secure].imp.DataReaderIBM_J9_R28 handleInitialized
INFO: gcPolicy = -Xgcpolicy:gencon
Feb 18, 2016 5:19:43 PM com.tagtraum.perf.[secure].imp.DataReaderIBM_J9_R28 read
WARNING: line 233: javax.xml.stream.XMLStreamException: ParseError at [row,col]:[234,1]
Message: XML document structures must start and end within the same entity.
Feb 18, 2016 5:19:43 PM com.tagtraum.perf.[secure].imp.DataReaderIBM_J9_R28 handleVerboseGC
INFO: gc log version = R27_Java727_SR1_20140707_1408_B205525_CMPRSS
Tests run: 2, Failures: 0, Errors: 0, Skipped: 0, Time elapsed: 0.063 sec - in com.tagtraum.perf.[secure].imp.TestDataReaderIBM_J9_R27
Running com.tagtraum.perf.[secure].imp.TestDataReaderJRockit1_4_2
Feb 18, 2016 5:19:43 PM com.tagtraum.perf.[secure].imp.DataReaderJRockit1_5_0 read
INFO: Reading JRockit 1.5 format...
Feb 18, 2016 5:19:43 PM com.tagtraum.perf.[secure].imp.DataReaderJRockit1_5_0 read
INFO: GC strategy: parallel
Feb 18, 2016 5:19:43 PM com.tagtraum.perf.[secure].imp.DataReaderJRockit1_5_0 read
INFO: heap size: 1048576K, maximal heap size: 1048576K
Feb 18, 2016 5:19:43 PM com.tagtraum.perf.[secure].imp.DataReaderJRockit1_5_0 read
INFO: Reading done.
Feb 18, 2016 5:19:43 PM com.tagtraum.perf.[secure].imp.DataReaderJRockit1_4_2 read
INFO: Reading JRockit 1.4.2 format...
Feb 18, 2016 5:19:43 PM com.tagtraum.perf.[secure].imp.DataReaderJRockit1_4_2 read
INFO: GC strategy: gencon
Feb 18, 2016 5:19:43 PM com.tagtraum.perf.[secure].imp.DataReaderJRockit1_4_2 read
INFO: heap size: 32768K, maximal heap size: 65536K, nursery size: 10240K
Feb 18, 2016 5:19:43 PM com.tagtraum.perf.[secure].imp.DataReaderJRockit1_4_2 read
INFO: Memory usage report
Feb 18, 2016 5:19:43 PM com.tagtraum.perf.[secure].imp.DataReaderJRockit1_4_2 read
INFO: young collections
Feb 18, 2016 5:19:43 PM com.tagtraum.perf.[secure].imp.DataReaderJRockit1_4_2 read
INFO:     number of collections = 26
Feb 18, 2016 5:19:43 PM com.tagtraum.perf.[secure].imp.DataReaderJRockit1_4_2 read
INFO:     total promoted =        265168 (size 12026352)
Feb 18, 2016 5:19:43 PM com.tagtraum.perf.[secure].imp.DataReaderJRockit1_4_2 read
INFO:     max promoted =          36498 (size 1853688)
Feb 18, 2016 5:19:43 PM com.tagtraum.perf.[secure].imp.DataReaderJRockit1_4_2 read
INFO:     total GC time =         0.623 s
Feb 18, 2016 5:19:43 PM com.tagtraum.perf.[secure].imp.DataReaderJRockit1_4_2 read
INFO:     mean GC time =          23.947 ms
Feb 18, 2016 5:19:43 PM com.tagtraum.perf.[secure].imp.DataReaderJRockit1_4_2 read
INFO:     maximum GC Pauses =      36.329 , 49.772, 53.505 ms
Feb 18, 2016 5:19:43 PM com.tagtraum.perf.[secure].imp.DataReaderJRockit1_4_2 read
INFO: old collections
Feb 18, 2016 5:19:43 PM com.tagtraum.perf.[secure].imp.DataReaderJRockit1_4_2 read
INFO:     number of collections = 37
Feb 18, 2016 5:19:43 PM com.tagtraum.perf.[secure].imp.DataReaderJRockit1_4_2 read
INFO:     total promoted =        0 (size 0)
Feb 18, 2016 5:19:43 PM com.tagtraum.perf.[secure].imp.DataReaderJRockit1_4_2 read
INFO:     max promoted =          0 (size 0)
Feb 18, 2016 5:19:43 PM com.tagtraum.perf.[secure].imp.DataReaderJRockit1_4_2 read
INFO:     total GC time =         18.184 s (pause 6.692 s)
Feb 18, 2016 5:19:43 PM com.tagtraum.perf.[secure].imp.DataReaderJRockit1_4_2 read
INFO:     mean GC time =          491.459 ms (pause 180.872 ms)
Feb 18, 2016 5:19:43 PM com.tagtraum.perf.[secure].imp.DataReaderJRockit1_4_2 read
INFO:     maximum GC Pauses =      377.321 , 526.206, 587.949 ms
Feb 18, 2016 5:19:43 PM com.tagtraum.perf.[secure].imp.DataReaderJRockit1_4_2 read
INFO:     number of concurrent mark phases  = 37
Feb 18, 2016 5:19:43 PM com.tagtraum.perf.[secure].imp.DataReaderJRockit1_4_2 read
INFO:     number of concurrent sweep phases = 34
Feb 18, 2016 5:19:43 PM com.tagtraum.perf.[secure].imp.DataReaderJRockit1_4_2 read
INFO:     number of parallel sweep phases   = 3
Feb 18, 2016 5:19:43 PM com.tagtraum.perf.[secure].imp.DataReaderJRockit1_4_2 read
INFO: Reading done.
Feb 18, 2016 5:19:43 PM com.tagtraum.perf.[secure].imp.DataReaderJRockit1_5_0 read
INFO: Reading JRockit 1.5 format...
Feb 18, 2016 5:19:43 PM com.tagtraum.perf.[secure].imp.DataReaderJRockit1_5_0 read
INFO: GC strategy: gencon
Feb 18, 2016 5:19:43 PM com.tagtraum.perf.[secure].imp.DataReaderJRockit1_5_0 read
INFO: heap size: 1048576K, maximal heap size: 1048576K, nursery size: 524288K
Feb 18, 2016 5:19:43 PM com.tagtraum.perf.[secure].imp.DataReaderJRockit1_5_0 read
INFO: Reading done.
Feb 18, 2016 5:19:43 PM com.tagtraum.perf.[secure].imp.DataReaderJRockit1_4_2 read
INFO: Reading JRockit 1.4.2 format...
Feb 18, 2016 5:19:43 PM com.tagtraum.perf.[secure].imp.DataReaderJRockit1_4_2 read
INFO: GC strategy: parallel
Feb 18, 2016 5:19:43 PM com.tagtraum.perf.[secure].imp.DataReaderJRockit1_4_2 read
INFO: heap size: 32768K, maximal heap size: 65536K
Feb 18, 2016 5:19:43 PM com.tagtraum.perf.[secure].imp.DataReaderJRockit1_4_2 read
INFO: Memory usage report
Feb 18, 2016 5:19:43 PM com.tagtraum.perf.[secure].imp.DataReaderJRockit1_4_2 read
INFO: old collections
Feb 18, 2016 5:19:43 PM com.tagtraum.perf.[secure].imp.DataReaderJRockit1_4_2 read
INFO:     number of collections = 31
Feb 18, 2016 5:19:43 PM com.tagtraum.perf.[secure].imp.DataReaderJRockit1_4_2 read
INFO:     total promoted =        0 (size 0)
Feb 18, 2016 5:19:43 PM com.tagtraum.perf.[secure].imp.DataReaderJRockit1_4_2 read
INFO:     max promoted =          0 (size 0)
Feb 18, 2016 5:19:43 PM com.tagtraum.perf.[secure].imp.DataReaderJRockit1_4_2 read
INFO:     total GC time =         7.789 s (pause 7.789 s)
Feb 18, 2016 5:19:43 PM com.tagtraum.perf.[secure].imp.DataReaderJRockit1_4_2 read
INFO:     mean GC time =          251.258 ms (pause 251.257 ms)
Feb 18, 2016 5:19:43 PM com.tagtraum.perf.[secure].imp.DataReaderJRockit1_4_2 read
INFO:     maximum GC Pauses =      326.701 , 572.220, 787.557 ms
Feb 18, 2016 5:19:43 PM com.tagtraum.perf.[secure].imp.DataReaderJRockit1_4_2 read
INFO:     number of parallel mark phases    = 31
Feb 18, 2016 5:19:43 PM com.tagtraum.perf.[secure].imp.DataReaderJRockit1_4_2 read
INFO:     number of parallel sweep phases   = 31
Feb 18, 2016 5:19:43 PM com.tagtraum.perf.[secure].imp.DataReaderJRockit1_4_2 read
INFO: Reading done.
Feb 18, 2016 5:19:43 PM com.tagtraum.perf.[secure].imp.DataReaderJRockit1_5_0 read
INFO: Reading JRockit 1.5 format...
Feb 18, 2016 5:19:43 PM com.tagtraum.perf.[secure].imp.DataReaderJRockit1_5_0 read
INFO: GC strategy: System optimized over pausetime
Feb 18, 2016 5:19:43 PM com.tagtraum.perf.[secure].imp.DataReaderJRockit1_5_0 read
INFO: heap size: 358400K, maximal heap size: 358400K, nursery size: 40960K
Feb 18, 2016 5:19:43 PM com.tagtraum.perf.[secure].imp.DataReaderJRockit1_5_0 read
INFO: Changing GC strategy to generational, concurrent mark and concurrent sweep
Feb 18, 2016 5:19:43 PM com.tagtraum.perf.[secure].imp.DataReaderJRockit1_5_0 read
INFO: Reading done.
Feb 18, 2016 5:19:43 PM com.tagtraum.perf.[secure].imp.DataReaderJRockit1_5_0 read
INFO: Reading JRockit 1.5 format...
Feb 18, 2016 5:19:43 PM com.tagtraum.perf.[secure].imp.DataReaderJRockit1_5_0 read
INFO: GC strategy: gencon
Feb 18, 2016 5:19:43 PM com.tagtraum.perf.[secure].imp.DataReaderJRockit1_5_0 read
INFO: heap size: 1048576K, maximal heap size: 1048576K, nursery size: 102400K
Feb 18, 2016 5:19:44 PM com.tagtraum.perf.[secure].imp.DataReaderJRockit1_5_0 read
INFO: Reading done.
Feb 18, 2016 5:19:44 PM com.tagtraum.perf.[secure].imp.DataReaderFactory getDataReaderBySample
INFO: File format: JRockit 1.4.2
Feb 18, 2016 5:19:44 PM com.tagtraum.perf.[secure].imp.DataReaderJRockit1_4_2 read
INFO: Reading JRockit 1.4.2 format...
Feb 18, 2016 5:19:44 PM com.tagtraum.perf.[secure].imp.DataReaderJRockit1_4_2 read
INFO: GC strategy: System optimized over pausetime
Feb 18, 2016 5:19:44 PM com.tagtraum.perf.[secure].imp.DataReaderJRockit1_4_2 read
INFO: heap size: 32768K, maximal heap size: 65536K, nursery size: 10240K
Feb 18, 2016 5:19:44 PM com.tagtraum.perf.[secure].imp.DataReaderJRockit1_4_2 read
INFO: Changing GC strategy to single generation, concurrent mark and parallel sweep
Feb 18, 2016 5:19:44 PM com.tagtraum.perf.[secure].imp.DataReaderJRockit1_4_2 read
INFO: Changing GC strategy to generational, concurrent mark and parallel sweep
Feb 18, 2016 5:19:44 PM com.tagtraum.perf.[secure].imp.DataReaderJRockit1_4_2 read
INFO: Changing GC strategy to generational, concurrent mark and concurrent sweep
Feb 18, 2016 5:19:44 PM com.tagtraum.perf.[secure].imp.DataReaderJRockit1_4_2 read
INFO: Changing GC strategy to generational, concurrent mark and parallel sweep
Feb 18, 2016 5:19:44 PM com.tagtraum.perf.[secure].imp.DataReaderJRockit1_4_2 read
INFO: Changing GC strategy to generational, concurrent mark and concurrent sweep
Feb 18, 2016 5:19:44 PM com.tagtraum.perf.[secure].imp.DataReaderJRockit1_4_2 read
INFO: Changing GC strategy to generational, concurrent mark and parallel sweep
Feb 18, 2016 5:19:44 PM com.tagtraum.perf.[secure].imp.DataReaderJRockit1_4_2 read
INFO: Changing GC strategy to generational, concurrent mark and concurrent sweep
Feb 18, 2016 5:19:44 PM com.tagtraum.perf.[secure].imp.DataReaderJRockit1_4_2 read
INFO: Changing GC strategy to generational, concurrent mark and parallel sweep
Feb 18, 2016 5:19:44 PM com.tagtraum.perf.[secure].imp.DataReaderJRockit1_4_2 read
INFO: Changing GC strategy to generational, concurrent mark and concurrent sweep
Feb 18, 2016 5:19:44 PM com.tagtraum.perf.[secure].imp.DataReaderJRockit1_4_2 read
INFO: Changing GC strategy to generational, concurrent mark and parallel sweep
Feb 18, 2016 5:19:44 PM com.tagtraum.perf.[secure].imp.DataReaderJRockit1_4_2 read
INFO: Changing GC strategy to generational, concurrent mark and concurrent sweep
Feb 18, 2016 5:19:44 PM com.tagtraum.perf.[secure].imp.DataReaderJRockit1_4_2 read
INFO: Memory usage report
Feb 18, 2016 5:19:44 PM com.tagtraum.perf.[secure].imp.DataReaderJRockit1_4_2 read
INFO: young collections
Feb 18, 2016 5:19:44 PM com.tagtraum.perf.[secure].imp.DataReaderJRockit1_4_2 read
INFO:     number of collections = 24
Feb 18, 2016 5:19:44 PM com.tagtraum.perf.[secure].imp.DataReaderJRockit1_4_2 read
INFO:     total promoted =        178499 (size 8226160)
Feb 18, 2016 5:19:44 PM com.tagtraum.perf.[secure].imp.DataReaderJRockit1_4_2 read
INFO:     max promoted =          30884 (size 1517000)
Feb 18, 2016 5:19:44 PM com.tagtraum.perf.[secure].imp.DataReaderJRockit1_4_2 read
INFO:     total GC time =         0.547 s
Feb 18, 2016 5:19:44 PM com.tagtraum.perf.[secure].imp.DataReaderJRockit1_4_2 read
INFO:     mean GC time =          22.799 ms
Feb 18, 2016 5:19:44 PM com.tagtraum.perf.[secure].imp.DataReaderJRockit1_4_2 read
INFO:     maximum GC Pauses =      34.289 , 34.773, 47.713 ms
Feb 18, 2016 5:19:44 PM com.tagtraum.perf.[secure].imp.DataReaderJRockit1_4_2 read
INFO: old collections
Feb 18, 2016 5:19:44 PM com.tagtraum.perf.[secure].imp.DataReaderJRockit1_4_2 read
INFO:     number of collections = 40
Feb 18, 2016 5:19:44 PM com.tagtraum.perf.[secure].imp.DataReaderJRockit1_4_2 read
INFO:     total promoted =        0 (size 0)
Feb 18, 2016 5:19:44 PM com.tagtraum.perf.[secure].imp.DataReaderJRockit1_4_2 read
INFO:     max promoted =          0 (size 0)
Feb 18, 2016 5:19:44 PM com.tagtraum.perf.[secure].imp.DataReaderJRockit1_4_2 read
INFO:     total GC time =         13.674 s (pause 4.199 s)
Feb 18, 2016 5:19:44 PM com.tagtraum.perf.[secure].imp.DataReaderJRockit1_4_2 read
INFO:     mean GC time =          341.850 ms (pause 104.987 ms)
Feb 18, 2016 5:19:44 PM com.tagtraum.perf.[secure].imp.DataReaderJRockit1_4_2 read
INFO:     maximum GC Pauses =      206.634 , 463.938, 495.542 ms
Feb 18, 2016 5:19:44 PM com.tagtraum.perf.[secure].imp.DataReaderJRockit1_4_2 read
INFO:     number of concurrent mark phases  = 40
Feb 18, 2016 5:19:44 PM com.tagtraum.perf.[secure].imp.DataReaderJRockit1_4_2 read
INFO:     number of concurrent sweep phases = 32
Feb 18, 2016 5:19:44 PM com.tagtraum.perf.[secure].imp.DataReaderJRockit1_4_2 read
INFO:     number of parallel sweep phases   = 8
Feb 18, 2016 5:19:44 PM com.tagtraum.perf.[secure].imp.DataReaderJRockit1_4_2 read
INFO: Reading done.
Feb 18, 2016 5:19:44 PM com.tagtraum.perf.[secure].imp.DataReaderJRockit1_4_2 read
INFO: Reading JRockit 1.4.2 format...
Feb 18, 2016 5:19:44 PM com.tagtraum.perf.[secure].imp.DataReaderJRockit1_4_2 read
INFO: GC strategy: System optimized over throughput
Feb 18, 2016 5:19:44 PM com.tagtraum.perf.[secure].imp.DataReaderJRockit1_4_2 read
INFO: heap size: 32768K, maximal heap size: 65536K, nursery size: 10240K
Feb 18, 2016 5:19:44 PM com.tagtraum.perf.[secure].imp.DataReaderJRockit1_4_2 read
INFO: Changing GC strategy to generational, parallel mark and parallel sweep
Feb 18, 2016 5:19:44 PM com.tagtraum.perf.[secure].imp.DataReaderJRockit1_4_2 read
INFO: Memory usage report
Feb 18, 2016 5:19:44 PM com.tagtraum.perf.[secure].imp.DataReaderJRockit1_4_2 read
INFO: young collections
Feb 18, 2016 5:19:44 PM com.tagtraum.perf.[secure].imp.DataReaderJRockit1_4_2 read
INFO:     number of collections = 39
Feb 18, 2016 5:19:44 PM com.tagtraum.perf.[secure].imp.DataReaderJRockit1_4_2 read
INFO:     total promoted =        232931 (size 10818232)
Feb 18, 2016 5:19:44 PM com.tagtraum.perf.[secure].imp.DataReaderJRockit1_4_2 read
INFO:     max promoted =          24421 (size 1185024)
Feb 18, 2016 5:19:44 PM com.tagtraum.perf.[secure].imp.DataReaderJRockit1_4_2 read
INFO:     total GC time =         1.361 s
Feb 18, 2016 5:19:44 PM com.tagtraum.perf.[secure].imp.DataReaderJRockit1_4_2 read
INFO:     mean GC time =          34.887 ms
Feb 18, 2016 5:19:44 PM com.tagtraum.perf.[secure].imp.DataReaderJRockit1_4_2 read
INFO:     maximum GC Pauses =      81.598 , 83.437, 186.836 ms
Feb 18, 2016 5:19:44 PM com.tagtraum.perf.[secure].imp.DataReaderJRockit1_4_2 read
INFO: old collections
Feb 18, 2016 5:19:44 PM com.tagtraum.perf.[secure].imp.DataReaderJRockit1_4_2 read
INFO:     number of collections = 31
Feb 18, 2016 5:19:44 PM com.tagtraum.perf.[secure].imp.DataReaderJRockit1_4_2 read
INFO:     total promoted =        0 (size 0)
Feb 18, 2016 5:19:44 PM com.tagtraum.perf.[secure].imp.DataReaderJRockit1_4_2 read
INFO:     max promoted =          0 (size 0)
Feb 18, 2016 5:19:44 PM com.tagtraum.perf.[secure].imp.DataReaderJRockit1_4_2 read
INFO:     total GC time =         6.968 s (pause 6.972 s)
Feb 18, 2016 5:19:44 PM com.tagtraum.perf.[secure].imp.DataReaderJRockit1_4_2 read
INFO:     mean GC time =          224.774 ms (pause 224.887 ms)
Feb 18, 2016 5:19:44 PM com.tagtraum.perf.[secure].imp.DataReaderJRockit1_4_2 read
INFO:     maximum GC Pauses =      316.364 , 319.358, 357.990 ms
Feb 18, 2016 5:19:44 PM com.tagtraum.perf.[secure].imp.DataReaderJRockit1_4_2 read
INFO:     number of parallel mark phases    = 31
Feb 18, 2016 5:19:44 PM com.tagtraum.perf.[secure].imp.DataReaderJRockit1_4_2 read
INFO:     number of parallel sweep phases   = 31
Feb 18, 2016 5:19:44 PM com.tagtraum.perf.[secure].imp.DataReaderJRockit1_4_2 read
INFO: Reading done.
Feb 18, 2016 5:19:44 PM com.tagtraum.perf.[secure].imp.DataReaderJRockit1_4_2 read
INFO: Reading JRockit 1.4.2 format...
Feb 18, 2016 5:19:44 PM com.tagtraum.perf.[secure].imp.DataReaderJRockit1_4_2 read
INFO: GC strategy: singlecon
Feb 18, 2016 5:19:44 PM com.tagtraum.perf.[secure].imp.DataReaderJRockit1_4_2 read
INFO: heap size: 32768K, maximal heap size: 65536K
Feb 18, 2016 5:19:44 PM com.tagtraum.perf.[secure].imp.DataReaderJRockit1_4_2 read
INFO: Memory usage report
Feb 18, 2016 5:19:44 PM com.tagtraum.perf.[secure].imp.DataReaderJRockit1_4_2 read
INFO: old collections
Feb 18, 2016 5:19:44 PM com.tagtraum.perf.[secure].imp.DataReaderJRockit1_4_2 read
INFO:     number of collections = 41
Feb 18, 2016 5:19:44 PM com.tagtraum.perf.[secure].imp.DataReaderJRockit1_4_2 read
INFO:     total promoted =        0 (size 0)
Feb 18, 2016 5:19:44 PM com.tagtraum.perf.[secure].imp.DataReaderJRockit1_4_2 read
INFO:     max promoted =          0 (size 0)
Feb 18, 2016 5:19:44 PM com.tagtraum.perf.[secure].imp.DataReaderJRockit1_4_2 read
INFO:     total GC time =         12.046 s (pause 2.632 s)
Feb 18, 2016 5:19:44 PM com.tagtraum.perf.[secure].imp.DataReaderJRockit1_4_2 read
INFO:     mean GC time =          293.805 ms (pause 64.197 ms)
Feb 18, 2016 5:19:44 PM com.tagtraum.perf.[secure].imp.DataReaderJRockit1_4_2 read
INFO:     maximum GC Pauses =      95.952 , 110.700, 486.296 ms
Feb 18, 2016 5:19:44 PM com.tagtraum.perf.[secure].imp.DataReaderJRockit1_4_2 read
INFO:     number of concurrent mark phases  = 41
Feb 18, 2016 5:19:44 PM com.tagtraum.perf.[secure].imp.DataReaderJRockit1_4_2 read
INFO:     number of concurrent sweep phases = 35
Feb 18, 2016 5:19:44 PM com.tagtraum.perf.[secure].imp.DataReaderJRockit1_4_2 read
INFO:     number of parallel sweep phases   = 6
Feb 18, 2016 5:19:44 PM com.tagtraum.perf.[secure].imp.DataReaderJRockit1_4_2 read
INFO: Reading done.
Tests run: 9, Failures: 0, Errors: 0, Skipped: 0, Time elapsed: 1.029 sec - in com.tagtraum.perf.[secure].imp.TestDataReaderJRockit1_4_2
Running com.tagtraum.perf.[secure].imp.TestDataReaderFacade
Feb 18, 2016 5:19:44 PM com.tagtraum.perf.[secure].imp.DataReaderFacade loadModel
INFO: GCViewer version n/a (n/a)
Feb 18, 2016 5:19:44 PM com.tagtraum.perf.[secure].imp.DataReaderFacade loadModel
WARNING: Failed to read file.
java.net.MalformedURLException: no protocol: httpblabla no protocol: httpblabla
Feb 18, 2016 5:19:44 PM com.tagtraum.perf.[secure].imp.DataReaderFacade loadModel
INFO: GCViewer version n/a (n/a)
Feb 18, 2016 5:19:44 PM com.tagtraum.perf.[secure].imp.DataReaderFactory getDataReaderBySample
INFO: File format: Sun 1.6.x
Feb 18, 2016 5:19:44 PM com.tagtraum.perf.[secure].imp.DataReaderSun1_6_0 read
INFO: Reading Sun / Oracle 1.4.x / 1.5.x / 1.6.x / 1.7.x / 1.8.x format...
Feb 18, 2016 5:19:44 PM com.tagtraum.perf.[secure].imp.DataReaderSun1_6_0 read
INFO: Done reading.
Feb 18, 2016 5:19:44 PM com.tagtraum.perf.[secure].imp.DataReaderFacade loadModel
INFO: GCViewer version n/a (n/a)
Feb 18, 2016 5:19:44 PM com.tagtraum.perf.[secure].imp.DataReaderFacade loadModel
WARNING: Failed to read file.
java.lang.IllegalArgumentException: protocol = http host = null protocol = http host = null
Feb 18, 2016 5:19:44 PM com.tagtraum.perf.[secure].imp.DataReaderFacade loadModel
INFO: GCViewer version n/a (n/a)
Feb 18, 2016 5:19:44 PM com.tagtraum.perf.[secure].imp.DataReaderFacade loadModel
WARNING: Failed to read file.
java.io.FileNotFoundException: /home/travis/build/[secure]/GCViewer/dummy.txt (No such file or directory) /home/travis/build/[secure]/GCViewer/dummy.txt (No such file or directory)
Tests run: 4, Failures: 0, Errors: 0, Skipped: 0, Time elapsed: 0.138 sec - in com.tagtraum.perf.[secure].imp.TestDataReaderFacade
Running com.tagtraum.perf.[secure].imp.TestDataReaderSun1_7_0G1
Feb 18, 2016 5:19:44 PM com.tagtraum.perf.[secure].imp.DataReaderSun1_6_0G1 read
INFO: Reading Sun 1.6.x / 1.7.x G1 format...
Feb 18, 2016 5:19:44 PM com.tagtraum.perf.[secure].imp.DataReaderSun1_6_0G1 read
INFO: Done reading.
Feb 18, 2016 5:19:44 PM com.tagtraum.perf.[secure].imp.DataReaderSun1_6_0G1 read
INFO: Reading Sun 1.6.x / 1.7.x G1 format...
Feb 18, 2016 5:19:44 PM com.tagtraum.perf.[secure].imp.DataReaderSun1_6_0G1 read
INFO: Done reading.
Feb 18, 2016 5:19:44 PM com.tagtraum.perf.[secure].imp.DataReaderSun1_6_0G1 read
INFO: Reading Sun 1.6.x / 1.7.x G1 format...
Feb 18, 2016 5:19:44 PM com.tagtraum.perf.[secure].imp.DataReaderSun1_6_0G1 read
INFO: Done reading.
Feb 18, 2016 5:19:44 PM com.tagtraum.perf.[secure].imp.DataReaderSun1_6_0G1 read
INFO: Reading Sun 1.6.x / 1.7.x G1 format...
Feb 18, 2016 5:19:44 PM com.tagtraum.perf.[secure].imp.DataReaderSun1_6_0G1 read
WARNING: com.tagtraum.perf.[secure].imp.UnknownGcTypeException: Unknown gc type: '-' Line 36: 2015-02-25T12:47:08.028+0100: 2015-02-25T12:47:08.028+0100: 6616,888: Total time for which application threads were stopped: 0,1003470 seconds
Feb 18, 2016 5:19:44 PM com.tagtraum.perf.[secure].imp.DataReaderSun1_6_0G1 read
INFO: Done reading.
Feb 18, 2016 5:19:44 PM com.tagtraum.perf.[secure].imp.DataReaderSun1_6_0G1 read
INFO: Reading Sun 1.6.x / 1.7.x G1 format...
Feb 18, 2016 5:19:44 PM com.tagtraum.perf.[secure].imp.DataReaderSun1_6_0G1 read
INFO: Done reading.
Feb 18, 2016 5:19:44 PM com.tagtraum.perf.[secure].imp.DataReaderSun1_6_0G1 read
INFO: Reading Sun 1.6.x / 1.7.x G1 format...
Feb 18, 2016 5:19:44 PM com.tagtraum.perf.[secure].imp.DataReaderSun1_6_0G1 read
INFO: Done reading.
Feb 18, 2016 5:19:44 PM com.tagtraum.perf.[secure].imp.DataReaderSun1_6_0G1 read
INFO: Reading Sun 1.6.x / 1.7.x G1 format...
Feb 18, 2016 5:19:44 PM com.tagtraum.perf.[secure].imp.DataReaderSun1_6_0G1 read
INFO: Done reading.
Feb 18, 2016 5:19:44 PM com.tagtraum.perf.[secure].imp.DataReaderSun1_6_0G1 read
INFO: Reading Sun 1.6.x / 1.7.x G1 format...
Feb 18, 2016 5:19:44 PM com.tagtraum.perf.[secure].imp.DataReaderSun1_6_0G1 read
INFO: Done reading.
Feb 18, 2016 5:19:44 PM com.tagtraum.perf.[secure].imp.DataReaderSun1_6_0G1 read
INFO: Reading Sun 1.6.x / 1.7.x G1 format...
Feb 18, 2016 5:19:44 PM com.tagtraum.perf.[secure].imp.DataReaderSun1_6_0G1 read
INFO: Done reading.
Feb 18, 2016 5:19:44 PM com.tagtraum.perf.[secure].imp.DataReaderSun1_6_0G1 read
INFO: Reading Sun 1.6.x / 1.7.x G1 format...
Feb 18, 2016 5:19:44 PM com.tagtraum.perf.[secure].imp.DataReaderSun1_6_0G1 read
INFO: Done reading.
Feb 18, 2016 5:19:44 PM com.tagtraum.perf.[secure].imp.DataReaderSun1_6_0G1 read
INFO: Reading Sun 1.6.x / 1.7.x G1 format...
Feb 18, 2016 5:19:44 PM com.tagtraum.perf.[secure].imp.DataReaderSun1_6_0G1 read
INFO: Done reading.
Feb 18, 2016 5:19:44 PM com.tagtraum.perf.[secure].imp.DataReaderSun1_6_0G1 read
INFO: Reading Sun 1.6.x / 1.7.x G1 format...
Feb 18, 2016 5:19:44 PM com.tagtraum.perf.[secure].imp.DataReaderSun1_6_0G1 read
INFO: Done reading.
Feb 18, 2016 5:19:44 PM com.tagtraum.perf.[secure].imp.DataReaderSun1_6_0G1 read
INFO: Reading Sun 1.6.x / 1.7.x G1 format...
Feb 18, 2016 5:19:44 PM com.tagtraum.perf.[secure].imp.DataReaderSun1_6_0G1 read
INFO: Done reading.
Feb 18, 2016 5:19:44 PM com.tagtraum.perf.[secure].imp.DataReaderSun1_6_0G1 read
INFO: Reading Sun 1.6.x / 1.7.x G1 format...
Feb 18, 2016 5:19:44 PM com.tagtraum.perf.[secure].imp.DataReaderSun1_6_0G1 read
INFO: Done reading.
Feb 18, 2016 5:19:44 PM com.tagtraum.perf.[secure].imp.DataReaderSun1_6_0G1 read
INFO: Reading Sun 1.6.x / 1.7.x G1 format...
Feb 18, 2016 5:19:44 PM com.tagtraum.perf.[secure].imp.DataReaderSun1_6_0G1 read
INFO: Done reading.
Feb 18, 2016 5:19:44 PM com.tagtraum.perf.[secure].imp.DataReaderSun1_6_0G1 read
INFO: Reading Sun 1.6.x / 1.7.x G1 format...
Feb 18, 2016 5:19:44 PM com.tagtraum.perf.[secure].imp.DataReaderSun1_6_0G1 read
INFO: Done reading.
Feb 18, 2016 5:19:44 PM com.tagtraum.perf.[secure].imp.DataReaderSun1_6_0G1 read
INFO: Reading Sun 1.6.x / 1.7.x G1 format...
Feb 18, 2016 5:19:44 PM com.tagtraum.perf.[secure].imp.DataReaderSun1_6_0G1 read
INFO: Done reading.
Feb 18, 2016 5:19:44 PM com.tagtraum.perf.[secure].imp.DataReaderSun1_6_0G1 read
INFO: Reading Sun 1.6.x / 1.7.x G1 format...
Feb 18, 2016 5:19:44 PM com.tagtraum.perf.[secure].imp.DataReaderSun1_6_0G1 read
INFO: Done reading.
Feb 18, 2016 5:19:44 PM com.tagtraum.perf.[secure].imp.DataReaderSun1_6_0G1 read
INFO: Reading Sun 1.6.x / 1.7.x G1 format...
Feb 18, 2016 5:19:44 PM com.tagtraum.perf.[secure].imp.DataReaderSun1_6_0G1 read
INFO: Done reading.
Feb 18, 2016 5:19:44 PM com.tagtraum.perf.[secure].imp.DataReaderSun1_6_0G1 read
INFO: Reading Sun 1.6.x / 1.7.x G1 format...
Feb 18, 2016 5:19:44 PM com.tagtraum.perf.[secure].imp.DataReaderSun1_6_0G1 read
INFO: Done reading.
Feb 18, 2016 5:19:44 PM com.tagtraum.perf.[secure].imp.DataReaderSun1_6_0G1 read
INFO: Reading Sun 1.6.x / 1.7.x G1 format...
Feb 18, 2016 5:19:44 PM com.tagtraum.perf.[secure].imp.DataReaderSun1_6_0G1 read
INFO: Done reading.
Feb 18, 2016 5:19:44 PM com.tagtraum.perf.[secure].imp.DataReaderSun1_6_0G1 read
INFO: Reading Sun 1.6.x / 1.7.x G1 format...
Feb 18, 2016 5:19:44 PM com.tagtraum.perf.[secure].imp.DataReaderSun1_6_0G1 read
INFO: Done reading.
Feb 18, 2016 5:19:44 PM com.tagtraum.perf.[secure].imp.DataReaderSun1_6_0G1 read
INFO: Reading Sun 1.6.x / 1.7.x G1 format...
Feb 18, 2016 5:19:44 PM com.tagtraum.perf.[secure].imp.DataReaderSun1_6_0G1 read
INFO: Done reading.
Feb 18, 2016 5:19:44 PM com.tagtraum.perf.[secure].imp.DataReaderSun1_6_0G1 read
INFO: Reading Sun 1.6.x / 1.7.x G1 format...
Feb 18, 2016 5:19:44 PM com.tagtraum.perf.[secure].imp.DataReaderSun1_6_0G1 read
INFO: Done reading.
Feb 18, 2016 5:19:44 PM com.tagtraum.perf.[secure].imp.DataReaderSun1_6_0G1 read
INFO: Reading Sun 1.6.x / 1.7.x G1 format...
Feb 18, 2016 5:19:44 PM com.tagtraum.perf.[secure].imp.DataReaderSun1_6_0G1 read
INFO: Done reading.
Feb 18, 2016 5:19:44 PM com.tagtraum.perf.[secure].imp.DataReaderSun1_6_0G1 read
INFO: Reading Sun 1.6.x / 1.7.x G1 format...
Feb 18, 2016 5:19:44 PM com.tagtraum.perf.[secure].imp.DataReaderSun1_6_0G1 read
INFO: Done reading.
Feb 18, 2016 5:19:44 PM com.tagtraum.perf.[secure].imp.DataReaderSun1_6_0G1 read
INFO: Reading Sun 1.6.x / 1.7.x G1 format...
Feb 18, 2016 5:19:44 PM com.tagtraum.perf.[secure].imp.DataReaderSun1_6_0G1 read
INFO: Done reading.
Feb 18, 2016 5:19:44 PM com.tagtraum.perf.[secure].imp.DataReaderSun1_6_0G1 read
INFO: Reading Sun 1.6.x / 1.7.x G1 format...
Feb 18, 2016 5:19:44 PM com.tagtraum.perf.[secure].imp.DataReaderSun1_6_0G1 read
INFO: Done reading.
Feb 18, 2016 5:19:44 PM com.tagtraum.perf.[secure].imp.DataReaderSun1_6_0G1 read
INFO: Reading Sun 1.6.x / 1.7.x G1 format...
Feb 18, 2016 5:19:44 PM com.tagtraum.perf.[secure].imp.DataReaderSun1_6_0G1 read
INFO: Done reading.
Tests run: 30, Failures: 0, Errors: 0, Skipped: 0, Time elapsed: 0.192 sec - in com.tagtraum.perf.[secure].imp.TestDataReaderSun1_7_0G1
Running com.tagtraum.perf.[secure].imp.TestDataReaderIBM1_4_2
Tests run: 1, Failures: 0, Errors: 0, Skipped: 1, Time elapsed: 0.011 sec - in com.tagtraum.perf.[secure].imp.TestDataReaderIBM1_4_2
Running com.tagtraum.perf.[secure].imp.TestDataReaderSun1_3_1_19
Tests run: 1, Failures: 0, Errors: 0, Skipped: 1, Time elapsed: 0 sec - in com.tagtraum.perf.[secure].imp.TestDataReaderSun1_3_1_19
Running com.tagtraum.perf.[secure].imp.TestDataReaderIBMi5OS1_4_2
Feb 18, 2016 5:19:44 PM com.tagtraum.perf.[secure].imp.DataReaderIBMi5OS1_4_2 read
INFO: Reading IBM i5/OS 1.4.2 format...
Feb 18, 2016 5:19:44 PM com.tagtraum.perf.[secure].imp.DataReaderIBMi5OS1_4_2 read
INFO: Done reading.
Tests run: 1, Failures: 0, Errors: 0, Skipped: 0, Time elapsed: 0.026 sec - in com.tagtraum.perf.[secure].imp.TestDataReaderIBMi5OS1_4_2
Running com.tagtraum.perf.[secure].imp.TestDataReaderHPUX1_4_1
Feb 18, 2016 5:19:44 PM com.tagtraum.perf.[secure].imp.DataReaderHPUX1_4_1 read
INFO: Reading HP-UX 1.4.1-1.4.2 format...
Feb 18, 2016 5:19:44 PM com.tagtraum.perf.[secure].imp.DataReaderHPUX1_4_1 read
WARNING: Malformed line (5). Wrong number of tokens (0): 
Feb 18, 2016 5:19:44 PM com.tagtraum.perf.[secure].imp.DataReaderHPUX1_4_1 read
INFO: Reading done.
Tests run: 1, Failures: 0, Errors: 0, Skipped: 0, Time elapsed: 0.004 sec - in com.tagtraum.perf.[secure].imp.TestDataReaderHPUX1_4_1
Running com.tagtraum.perf.[secure].math.TestDoubleData
Tests run: 1, Failures: 0, Errors: 0, Skipped: 0, Time elapsed: 0.01 sec - in com.tagtraum.perf.[secure].math.TestDoubleData
Running com.tagtraum.perf.[secure].math.TestRegressionLine
Tests run: 1, Failures: 0, Errors: 0, Skipped: 0, Time elapsed: 0.001 sec - in com.tagtraum.perf.[secure].math.TestRegressionLine
Running com.tagtraum.perf.[secure].math.TestIntData
Tests run: 1, Failures: 0, Errors: 0, Skipped: 0, Time elapsed: 0.001 sec - in com.tagtraum.perf.[secure].math.TestIntData
Running com.tagtraum.perf.[secure].TestBuildInfoReader
Tests run: 2, Failures: 0, Errors: 0, Skipped: 0, Time elapsed: 0.021 sec - in com.tagtraum.perf.[secure].TestBuildInfoReader
Running com.tagtraum.perf.[secure].view.model.TestRecentGCResourcesModel
nameAsUrlString: file:/home/travis/build/[secure]/GCViewer/temp
prefix: home/travis/build/[secure]/GCViewer/
nameAsUrlString: file:/home/travis/build/[secure]/GCViewer/temp
prefix: home/travis/build/[secure]/GCViewer/
path=temp/test.log
filePath=file:/home/travis/build/[secure]/GCViewer/temp/test.log
path->file: temp/test.log
filepath->url: file:/home/travis/build/[secure]/GCViewer/temp/test.log
filepath->file: file:/home/travis/build/[secure]/GCViewer/temp/test.log
filepath->url(file): file:/home/travis/build/[secure]/GCViewer/temp/test.log
path->file->url: file:/home/travis/build/[secure]/GCViewer/temp/test.log
path->url(file): file:/temp/test.log
filepath->file->url: file:/home/travis/build/[secure]/GCViewer/file:/home/travis/build/[secure]/GCViewer/temp/test.log
RecentGCResourcesModel{resourceNameGroupList=[RecentGCResourceGroup [gcResourceList=[GCResource [resourceNameAsUrlString=file:/home/travis/build/[secure]/GCViewer/temp/test.log, isReload=false, logger=java.util.logging.Logger@2f6bcf87, model=GCModel[size=0]: []]]], RecentGCResourceGroup [gcResourceList=[GCResource [resourceNameAsUrlString=file:/home/travis/build/[secure]/GCViewer/home/travis/build/[secure]/GCViewer/temp/test.log, isReload=false, logger=java.util.logging.Logger@58f174d9, model=GCModel[size=0]: []]]]]}
Tests run: 2, Failures: 1, Errors: 0, Skipped: 0, Time elapsed: 0.059 sec <<< FAILURE! - in com.tagtraum.perf.[secure].view.model.TestRecentGCResourcesModel
addString(com.tagtraum.perf.[secure].view.model.TestRecentGCResourcesModel)  Time elapsed: 0.025 sec  <<< FAILURE!
java.lang.AssertionError: add url entry of same file
Expected: is <1>
     but: was <2>
	at org.hamcrest.MatcherAssert.assertThat(MatcherAssert.java:20)
	at org.junit.Assert.assertThat(Assert.java:865)
	at com.tagtraum.perf.[secure].view.model.TestRecentGCResourcesModel.addString(TestRecentGCResourcesModel.java:54)

Running com.tagtraum.perf.[secure].view.model.TestGCResourceGroup
Tests run: 4, Failures: 0, Errors: 0, Skipped: 0, Time elapsed: 0.015 sec - in com.tagtraum.perf.[secure].view.model.TestGCResourceGroup
Running com.tagtraum.perf.[secure].view.ModelMetricsPanelTest
Tests run: 4, Failures: 0, Errors: 0, Skipped: 0, Time elapsed: 0.716 sec - in com.tagtraum.perf.[secure].view.ModelMetricsPanelTest
Running com.tagtraum.perf.[secure].view.ModelChartImplTest
Tests run: 1, Failures: 0, Errors: 0, Skipped: 0, Time elapsed: 1.468 sec - in com.tagtraum.perf.[secure].view.ModelChartImplTest
Running com.tagtraum.perf.[secure].util.TestHttpUrlConnectionHelper
Feb 18, 2016 5:19:47 PM com.tagtraum.perf.[secure].util.HttpUrlConnectionHelper openInputStream
INFO: Reading 559 bytes from http://localhost/gclog.txt; contentType = text/plain; contentEncoding = gzip; last modified = Thu Feb 18 17:18:52 UTC 2016
Feb 18, 2016 5:19:47 PM com.tagtraum.perf.[secure].util.HttpUrlConnectionHelper openInputStream
INFO: Reading 0 bytes from http://localhost/gclog.txt; contentType = text/html; charset=UTF-8; contentEncoding = gzip; last modified = -
Feb 18, 2016 5:19:47 PM com.tagtraum.perf.[secure].util.HttpUrlConnectionHelper openInputStream
INFO: Server sent 404: Not found
Feb 18, 2016 5:19:47 PM com.tagtraum.perf.[secure].util.HttpUrlConnectionHelper openInputStream
INFO: Reading 2944 bytes from http://localhost/gclog.txt; contentType = text/plain; contentEncoding = null; last modified = Thu Feb 18 17:18:52 UTC 2016
Feb 18, 2016 5:19:47 PM com.tagtraum.perf.[secure].util.HttpUrlConnectionHelper openInputStream
INFO: Reading 0 bytes from http://localhost/gclog.txt; contentType = text/html; charset=UTF-8; contentEncoding = null; last modified = -
Feb 18, 2016 5:19:47 PM com.tagtraum.perf.[secure].util.HttpUrlConnectionHelper openInputStream
INFO: Server sent 404: Not found
Tests run: 4, Failures: 0, Errors: 0, Skipped: 0, Time elapsed: 0.232 sec - in com.tagtraum.perf.[secure].util.TestHttpUrlConnectionHelper
Running com.tagtraum.perf.[secure].util.TestLocalisationHelper
Tests run: 2, Failures: 0, Errors: 0, Skipped: 0, Time elapsed: 0 sec - in com.tagtraum.perf.[secure].util.TestLocalisationHelper
Running com.tagtraum.perf.[secure].model.TestAbstractGCEvent
Tests run: 6, Failures: 0, Errors: 0, Skipped: 0, Time elapsed: 0.03 sec - in com.tagtraum.perf.[secure].model.TestAbstractGCEvent
Running com.tagtraum.perf.[secure].model.TestGcEvent
Tests run: 4, Failures: 0, Errors: 0, Skipped: 0, Time elapsed: 0.012 sec - in com.tagtraum.perf.[secure].model.TestGcEvent
Running com.tagtraum.perf.[secure].model.TestGCResource
Tests run: 1, Failures: 0, Errors: 0, Skipped: 0, Time elapsed: 0.013 sec - in com.tagtraum.perf.[secure].model.TestGCResource
Running com.tagtraum.perf.[secure].ctrl.impl.TestGCModelLoaderController
Xlib:  extension "RANDR" missing on display ":99.0".
févr. 18, 2016 5:19:50 PM com.tagtraum.perf.[secure].imp.DataReaderFacade loadModel
INFOS: GCViewer version n/a (n/a)
févr. 18, 2016 5:19:50 PM com.tagtraum.perf.[secure].imp.DataReaderFactory getDataReaderBySample
INFOS: File format: Sun 1.6.x
févr. 18, 2016 5:19:50 PM com.tagtraum.perf.[secure].imp.DataReaderSun1_6_0 read
INFOS: Reading Sun / Oracle 1.4.x / 1.5.x / 1.6.x / 1.7.x / 1.8.x format...
févr. 18, 2016 5:19:50 PM com.tagtraum.perf.[secure].imp.DataReaderSun1_6_0 read
INFOS: Done reading.
GC; CMS-initial-mark [n, avg, sum, min, max]:	3	2.778666666666667E-4	8.336E-4	2.073E-4	4.006E-4
GC; CMS-remark [n, avg, sum, min, max]:	1	5.792E-4	5.792E-4	5.792E-4	5.792E-4
GC; ParNew [n, avg, sum, min, max]:	13	0.015894646153846153	0.2066304	0.0013621	0.0307281
GC; ParNew; CMS (concurrent mode failure); CMS Perm [n, avg, sum, min, max]:	2	0.0204334	0.0408668	0.0187293	0.0221375
CMS-concurrent-abortable-preclean [n, avg, sum, min, max]:	3	0.0013333333333333333	0.004	0.001	0.002
CMS-concurrent-abortable-preclean-start [n, avg, sum, min, max]:	3	0.0	0.0	0.0	4.9E-324
CMS-concurrent-mark [n, avg, sum, min, max]:	3	0.005666666666666667	0.017	0.005	0.006
CMS-concurrent-mark-start [n, avg, sum, min, max]:	3	0.0	0.0	0.0	4.9E-324
CMS-concurrent-preclean [n, avg, sum, min, max]:	3	0.001	0.003	0.001	0.001
CMS-concurrent-preclean-start [n, avg, sum, min, max]:	3	0.0	0.0	0.0	4.9E-324
CMS-concurrent-reset [n, avg, sum, min, max]:	1	0.001	0.001	0.001	0.001
CMS-concurrent-reset-start [n, avg, sum, min, max]:	1	0.0	0.0	0.0	4.9E-324
CMS-concurrent-sweep [n, avg, sum, min, max]:	1	0.001	0.001	0.001	0.001
CMS-concurrent-sweep-start [n, avg, sum, min, max]:	1	0.0	0.0	0.0	4.9E-324
initiatingOccupancyFraction (n, avg, stddev, min, max):	3	0.5937143961588541	0.10083852065643324	0.5009841918945312	0.7010650634765625
heap size used (n, avg, stddev, min, max):	19	148681.7894736842	37175.62043056795	80841	209896
perm size used (n, avg, stddev, min, max):	2	2560.5	0.7071067811865476	2560	2561
tenured size used (n, avg, stddev, min, max):	19	55705.42105263158	29548.824028707673	0	115034
young size used (n, avg, stddev, min, max):	19	92976.31578947368	41317.097447065324	15160	118010
févr. 18, 2016 5:19:51 PM com.tagtraum.perf.[secure].imp.DataReaderFacade loadModel
INFOS: GCViewer version n/a (n/a)
févr. 18, 2016 5:19:51 PM com.tagtraum.perf.[secure].imp.DataReaderFactory getDataReaderBySample
INFOS: File format: Sun 1.6.x G1 collector
févr. 18, 2016 5:19:51 PM com.tagtraum.perf.[secure].imp.DataReaderSun1_6_0G1 read
INFOS: Reading Sun 1.6.x / 1.7.x G1 format...
févr. 18, 2016 5:19:51 PM com.tagtraum.perf.[secure].imp.DataReaderSun1_6_0G1 read
INFOS: Done reading.
GC pause (young)Mark stack is full. [n, avg, sum, min, max]:	1	0.0803215	0.0803215	0.0803215	0.0803215
initiatingOccupancyFraction	java.lang.IllegalStateException: n == 0
heap size used (n, avg, stddev, min, max):	1	2830336.0	0.0	2830336	2830336
perm size used	java.lang.IllegalStateException: n == 0
tenured size used	java.lang.IllegalStateException: n == 0
young size used	java.lang.IllegalStateException: n == 0
Tests run: 3, Failures: 0, Errors: 0, Skipped: 0, Time elapsed: 5.25 sec - in com.tagtraum.perf.[secure].ctrl.impl.TestGCModelLoaderController
Running com.tagtraum.perf.[secure].ctrl.impl.TestGCModelLoader
févr. 18, 2016 5:19:52 PM com.tagtraum.perf.[secure].imp.DataReaderFacade loadModel
INFOS: GCViewer version n/a (n/a)
févr. 18, 2016 5:19:52 PM com.tagtraum.perf.[secure].imp.DataReaderFacade loadModel
AVERTISSEMENT: Failed to read file.
java.io.FileNotFoundException: /home/travis/build/[secure]/GCViewer/does_not_exist (No such file or directory) /home/travis/build/[secure]/GCViewer/does_not_exist (No such file or directory)
févr. 18, 2016 5:19:52 PM com.tagtraum.perf.[secure].imp.DataReaderFacade loadModel
INFOS: GCViewer version n/a (n/a)
févr. 18, 2016 5:19:52 PM com.tagtraum.perf.[secure].imp.DataReaderFactory getDataReaderBySample
INFOS: File format: Sun 1.6.x
févr. 18, 2016 5:19:52 PM com.tagtraum.perf.[secure].imp.DataReaderSun1_6_0 read
INFOS: Reading Sun / Oracle 1.4.x / 1.5.x / 1.6.x / 1.7.x / 1.8.x format...
févr. 18, 2016 5:19:52 PM com.tagtraum.perf.[secure].imp.DataReaderSun1_6_0 read
INFOS: Done reading.
Tests run: 1, Failures: 0, Errors: 0, Skipped: 0, Time elapsed: 0.021 sec - in com.tagtraum.perf.[secure].ctrl.impl.TestGCModelLoader
Running com.tagtraum.perf.[secure].TestGCViewerArgsParser
Tests run: 6, Failures: 0, Errors: 0, Skipped: 0, Time elapsed: 0 sec - in com.tagtraum.perf.[secure].TestGCViewerArgsParser
Running com.tagtraum.perf.[secure].exp.SimpleGcWriterTest
Tests run: 2, Failures: 0, Errors: 0, Skipped: 0, Time elapsed: 0.006 sec - in com.tagtraum.perf.[secure].exp.SimpleGcWriterTest

Results :

Failed tests: 
  TestRecentGCResourcesModel.addString:54 add url entry of same file
Expected: is <1>
     but: was <2>

Tests run: 271, Failures: 1, Errors: 0, Skipped: 2

[INFO] ------------------------------------------------------------------------
[INFO] BUILD FAILURE
[INFO] ------------------------------------------------------------------------
[INFO] Total time: 44.588 s
[INFO] Finished at: 2016-02-18T17:19:52+00:00
[INFO] Final Memory: 25M/332M
[INFO] ------------------------------------------------------------------------
[ERROR] Failed to execute goal org.apache.maven.plugins:maven-surefire-plugin:2.18.1:test (default-test) on project [secure]: There are test failures.
[ERROR] 
[ERROR] Please refer to /home/travis/build/[secure]/GCViewer/target/surefire-reports for the individual test results.
[ERROR] -> [Help 1]
[ERROR] 
[ERROR] To see the full stack trace of the errors, re-run Maven with the -e switch.
[ERROR] Re-run Maven using the -X switch to enable full debug logging.
[ERROR] 
[ERROR] For more information about the errors and possible solutions, please read the following articles:
[ERROR] [Help 1] http://cwiki.apache.org/confluence/display/MAVEN/MojoFailureException

travis_time:end:05620d80:start=1455815945378365509,finish=1455815995110718107,duration=49732352598[0K
[31;1mThe command "./target/travis/[secure]-script.sh" exited with 1.[0m
travis_fold:start:cache.2[0Kstore build cache
travis_time:start:028705cc[0K
travis_time:end:028705cc:start=1455815995116567273,finish=1455815995120632198,duration=4064925[0Ktravis_time:start:0986b821[0K[32;1mnothing changed, not updating cache[0m

travis_time:end:0986b821:start=1455815995125393811,finish=1455815995608654304,duration=483260493[0Ktravis_fold:end:cache.2[0K
Done. Your build exited with 1.
