Using worker: worker-linux-docker-69c14790.prod.travis-ci.org:travis-linux-6

travis_fold:start:system_info[0K[33;1mBuild system information[0m
Build language: java
[34m[1mBuild image provisioning date and time[0m
Thu Feb  5 15:09:33 UTC 2015
[34m[1mOperating System Details[0m
Distributor ID:	Ubuntu
Description:	Ubuntu 12.04.5 LTS
Release:	12.04
Codename:	precise
[34m[1mLinux Version[0m
3.13.0-29-generic
[34m[1mCookbooks Version[0m
a68419e https://github.com/travis-ci/travis-cookbooks/tree/a68419e
[34m[1mGCC version[0m
gcc (Ubuntu/Linaro 4.6.3-1ubuntu5) 4.6.3
Copyright (C) 2011 Free Software Foundation, Inc.
This is free software; see the source for copying conditions.  There is NO
warranty; not even for MERCHANTABILITY or FITNESS FOR A PARTICULAR PURPOSE.

[34m[1mLLVM version[0m
clang version 3.4 (tags/RELEASE_34/final)
Target: x86_64-unknown-linux-gnu
Thread model: posix
[34m[1mPre-installed Ruby versions[0m
ruby-1.9.3-p551
[34m[1mPre-installed Node.js versions[0m
v0.10.36
[34m[1mPre-installed Go versions[0m
1.4.1
[34m[1mRedis version[0m
redis-server 2.8.19
[34m[1mriak version[0m
2.0.2
[34m[1mMongoDB version[0m
MongoDB 2.4.12
[34m[1mCouchDB version[0m
couchdb 1.6.1
[34m[1mNeo4j version[0m
1.9.4
[34m[1mRabbitMQ Version[0m
3.4.3
[34m[1mElasticSearch version[0m
1.4.0
[34m[1mInstalled Sphinx versions[0m
2.0.10
2.1.9
2.2.6
[34m[1mDefault Sphinx version[0m
2.2.6
[34m[1mInstalled Firefox version[0m
firefox 31.0esr
[34m[1mPhantomJS version[0m
1.9.8
[34m[1mant -version[0m
Apache Ant(TM) version 1.8.2 compiled on December 3 2011
[34m[1mmvn -version[0m
Apache Maven 3.2.5 (12a6b3acb947671f09b81f49094c53f426d8cea1; 2014-12-14T17:29:23+00:00)
Maven home: /usr/local/maven
Java version: 1.7.0_76, vendor: Oracle Corporation
Java home: /usr/lib/jvm/java-7-oracle/jre
Default locale: en_US, platform encoding: ANSI_X3.4-1968
OS name: "linux", version: "3.13.0-29-generic", arch: "amd64", family: "unix"
travis_fold:end:system_info[0K
travis_fold:start:git.checkout[0Ktravis_time:start:17bb4b0f[0K$ git clone --depth=50 --branch=issue/DATAJPA-765 https://github.com/spring-projects/spring-data-jpa.git spring-projects/spring-data-jpa
Cloning into 'spring-projects/spring-data-jpa'...
remote: Counting objects: 1072, done.[K
remote: Compressing objects:   0% (1/606)   [Kremote: Compressing objects:   1% (7/606)   [Kremote: Compressing objects:   2% (13/606)   [Kremote: Compressing objects:   3% (19/606)   [Kremote: Compressing objects:   4% (25/606)   [Kremote: Compressing objects:   5% (31/606)   [Kremote: Compressing objects:   6% (37/606)   [Kremote: Compressing objects:   7% (43/606)   [Kremote: Compressing objects:   8% (49/606)   [Kremote: Compressing objects:   9% (55/606)   [Kremote: Compressing objects:  10% (61/606)   [Kremote: Compressing objects:  11% (67/606)   [Kremote: Compressing objects:  12% (73/606)   [Kremote: Compressing objects:  13% (79/606)   [Kremote: Compressing objects:  14% (85/606)   [Kremote: Compressing objects:  15% (91/606)   [Kremote: Compressing objects:  16% (97/606)   [Kremote: Compressing objects:  17% (104/606)   [Kremote: Compressing objects:  18% (110/606)   [Kremote: Compressing objects:  19% (116/606)   [Kremote: Compressing objects:  20% (122/606)   [Kremote: Compressing objects:  21% (128/606)   [Kremote: Compressing objects:  22% (134/606)   [Kremote: Compressing objects:  23% (140/606)   [Kremote: Compressing objects:  24% (146/606)   [Kremote: Compressing objects:  25% (152/606)   [Kremote: Compressing objects:  26% (158/606)   [Kremote: Compressing objects:  27% (164/606)   [Kremote: Compressing objects:  28% (170/606)   [Kremote: Compressing objects:  29% (176/606)   [Kremote: Compressing objects:  30% (182/606)   [Kremote: Compressing objects:  31% (188/606)   [Kremote: Compressing objects:  32% (194/606)   [Kremote: Compressing objects:  33% (200/606)   [Kremote: Compressing objects:  34% (207/606)   [Kremote: Compressing objects:  35% (213/606)   [Kremote: Compressing objects:  36% (219/606)   [Kremote: Compressing objects:  37% (225/606)   [Kremote: Compressing objects:  38% (231/606)   [Kremote: Compressing objects:  39% (237/606)   [Kremote: Compressing objects:  40% (243/606)   [Kremote: Compressing objects:  41% (249/606)   [Kremote: Compressing objects:  42% (255/606)   [Kremote: Compressing objects:  43% (261/606)   [Kremote: Compressing objects:  44% (267/606)   [Kremote: Compressing objects:  45% (273/606)   [Kremote: Compressing objects:  46% (279/606)   [Kremote: Compressing objects:  47% (285/606)   [Kremote: Compressing objects:  48% (291/606)   [Kremote: Compressing objects:  49% (297/606)   [Kremote: Compressing objects:  50% (303/606)   [Kremote: Compressing objects:  51% (310/606)   [Kremote: Compressing objects:  52% (316/606)   [Kremote: Compressing objects:  53% (322/606)   [Kremote: Compressing objects:  54% (328/606)   [Kremote: Compressing objects:  55% (334/606)   [Kremote: Compressing objects:  56% (340/606)   [Kremote: Compressing objects:  57% (346/606)   [Kremote: Compressing objects:  58% (352/606)   [Kremote: Compressing objects:  59% (358/606)   [Kremote: Compressing objects:  60% (364/606)   [Kremote: Compressing objects:  61% (370/606)   [Kremote: Compressing objects:  62% (376/606)   [Kremote: Compressing objects:  63% (382/606)   [Kremote: Compressing objects:  64% (388/606)   [Kremote: Compressing objects:  65% (394/606)   [Kremote: Compressing objects:  66% (400/606)   [Kremote: Compressing objects:  67% (407/606)   [Kremote: Compressing objects:  68% (413/606)   [Kremote: Compressing objects:  69% (419/606)   [Kremote: Compressing objects:  70% (425/606)   [Kremote: Compressing objects:  71% (431/606)   [Kremote: Compressing objects:  72% (437/606)   [Kremote: Compressing objects:  73% (443/606)   [Kremote: Compressing objects:  74% (449/606)   [Kremote: Compressing objects:  75% (455/606)   [Kremote: Compressing objects:  76% (461/606)   [Kremote: Compressing objects:  77% (467/606)   [Kremote: Compressing objects:  78% (473/606)   [Kremote: Compressing objects:  79% (479/606)   [Kremote: Compressing objects:  80% (485/606)   [Kremote: Compressing objects:  81% (491/606)   [Kremote: Compressing objects:  82% (497/606)   [Kremote: Compressing objects:  83% (503/606)   [Kremote: Compressing objects:  84% (510/606)   [Kremote: Compressing objects:  85% (516/606)   [Kremote: Compressing objects:  86% (522/606)   [Kremote: Compressing objects:  87% (528/606)   [Kremote: Compressing objects:  88% (534/606)   [Kremote: Compressing objects:  89% (540/606)   [Kremote: Compressing objects:  90% (546/606)   [Kremote: Compressing objects:  91% (552/606)   [Kremote: Compressing objects:  92% (558/606)   [Kremote: Compressing objects:  93% (564/606)   [Kremote: Compressing objects:  94% (570/606)   [Kremote: Compressing objects:  95% (576/606)   [Kremote: Compressing objects:  96% (582/606)   [Kremote: Compressing objects:  97% (588/606)   [Kremote: Compressing objects:  98% (594/606)   [Kremote: Compressing objects:  99% (600/606)   [Kremote: Compressing objects: 100% (606/606)   [Kremote: Compressing objects: 100% (606/606), done.[K
Receiving objects:   0% (1/1072)   Receiving objects:   1% (11/1072)   Receiving objects:   2% (22/1072)   Receiving objects:   3% (33/1072)   Receiving objects:   4% (43/1072)   Receiving objects:   5% (54/1072)   Receiving objects:   6% (65/1072)   Receiving objects:   7% (76/1072)   Receiving objects:   8% (86/1072)   Receiving objects:   9% (97/1072)   Receiving objects:  10% (108/1072)   Receiving objects:  11% (118/1072)   Receiving objects:  12% (129/1072)   Receiving objects:  13% (140/1072)   Receiving objects:  14% (151/1072)   Receiving objects:  15% (161/1072)   Receiving objects:  16% (172/1072)   Receiving objects:  17% (183/1072)   Receiving objects:  18% (193/1072)   Receiving objects:  19% (204/1072)   Receiving objects:  20% (215/1072)   Receiving objects:  21% (226/1072)   Receiving objects:  22% (236/1072)   Receiving objects:  23% (247/1072)   Receiving objects:  24% (258/1072)   Receiving objects:  25% (268/1072)   Receiving objects:  26% (279/1072)   Receiving objects:  27% (290/1072)   Receiving objects:  28% (301/1072)   Receiving objects:  29% (311/1072)   Receiving objects:  30% (322/1072)   Receiving objects:  31% (333/1072)   Receiving objects:  32% (344/1072)   Receiving objects:  33% (354/1072)   Receiving objects:  34% (365/1072)   Receiving objects:  35% (376/1072)   Receiving objects:  36% (386/1072)   Receiving objects:  37% (397/1072)   Receiving objects:  38% (408/1072)   Receiving objects:  39% (419/1072)   Receiving objects:  40% (429/1072)   Receiving objects:  41% (440/1072)   Receiving objects:  42% (451/1072)   Receiving objects:  43% (461/1072)   Receiving objects:  44% (472/1072)   Receiving objects:  45% (483/1072)   Receiving objects:  46% (494/1072)   Receiving objects:  47% (504/1072)   Receiving objects:  48% (515/1072)   Receiving objects:  49% (526/1072)   Receiving objects:  50% (536/1072)   Receiving objects:  51% (547/1072)   Receiving objects:  52% (558/1072)   Receiving objects:  53% (569/1072)   Receiving objects:  54% (579/1072)   Receiving objects:  55% (590/1072)   Receiving objects:  56% (601/1072)   Receiving objects:  57% (612/1072)   Receiving objects:  58% (622/1072)   Receiving objects:  59% (633/1072)   Receiving objects:  60% (644/1072)   Receiving objects:  61% (654/1072)   Receiving objects:  62% (665/1072)   Receiving objects:  63% (676/1072)   Receiving objects:  64% (687/1072)   Receiving objects:  65% (697/1072)   Receiving objects:  66% (708/1072)   Receiving objects:  67% (719/1072)   Receiving objects:  68% (729/1072)   Receiving objects:  69% (740/1072)   Receiving objects:  70% (751/1072)   Receiving objects:  71% (762/1072)   Receiving objects:  72% (772/1072)   Receiving objects:  73% (783/1072)   Receiving objects:  74% (794/1072)   Receiving objects:  75% (804/1072)   Receiving objects:  76% (815/1072)   Receiving objects:  77% (826/1072)   Receiving objects:  78% (837/1072)   remote: Total 1072 (delta 473), reused 726 (delta 264), pack-reused 0[K
Receiving objects:  79% (847/1072)   Receiving objects:  80% (858/1072)   Receiving objects:  81% (869/1072)   Receiving objects:  82% (880/1072)   Receiving objects:  83% (890/1072)   Receiving objects:  84% (901/1072)   Receiving objects:  85% (912/1072)   Receiving objects:  86% (922/1072)   Receiving objects:  87% (933/1072)   Receiving objects:  88% (944/1072)   Receiving objects:  89% (955/1072)   Receiving objects:  90% (965/1072)   Receiving objects:  91% (976/1072)   Receiving objects:  92% (987/1072)   Receiving objects:  93% (997/1072)   Receiving objects:  94% (1008/1072)   Receiving objects:  95% (1019/1072)   Receiving objects:  96% (1030/1072)   Receiving objects:  97% (1040/1072)   Receiving objects:  98% (1051/1072)   Receiving objects:  99% (1062/1072)   Receiving objects: 100% (1072/1072)   Receiving objects: 100% (1072/1072), 393.63 KiB | 0 bytes/s, done.
Resolving deltas:   0% (0/473)   Resolving deltas:   1% (9/473)   Resolving deltas:  10% (51/473)   Resolving deltas:  11% (53/473)   Resolving deltas:  12% (60/473)   Resolving deltas:  15% (71/473)   Resolving deltas:  16% (77/473)   Resolving deltas:  17% (85/473)   Resolving deltas:  18% (89/473)   Resolving deltas:  19% (90/473)   Resolving deltas:  20% (95/473)   Resolving deltas:  24% (116/473)   Resolving deltas:  28% (136/473)   Resolving deltas:  29% (139/473)   Resolving deltas:  30% (142/473)   Resolving deltas:  31% (148/473)   Resolving deltas:  32% (156/473)   Resolving deltas:  34% (161/473)   Resolving deltas:  35% (166/473)   Resolving deltas:  36% (171/473)   Resolving deltas:  37% (176/473)   Resolving deltas:  38% (181/473)   Resolving deltas:  39% (186/473)   Resolving deltas:  40% (193/473)   Resolving deltas:  42% (199/473)   Resolving deltas:  44% (212/473)   Resolving deltas:  45% (213/473)   Resolving deltas:  47% (225/473)   Resolving deltas:  49% (232/473)   Resolving deltas:  50% (238/473)   Resolving deltas:  51% (244/473)   Resolving deltas:  52% (249/473)   Resolving deltas:  53% (251/473)   Resolving deltas:  54% (256/473)   Resolving deltas:  55% (261/473)   Resolving deltas:  56% (268/473)   Resolving deltas:  57% (271/473)   Resolving deltas:  58% (275/473)   Resolving deltas:  59% (280/473)   Resolving deltas:  60% (287/473)   Resolving deltas:  61% (289/473)   Resolving deltas:  62% (295/473)   Resolving deltas:  63% (302/473)   Resolving deltas:  68% (324/473)   Resolving deltas:  69% (327/473)   Resolving deltas:  71% (336/473)   Resolving deltas:  72% (345/473)   Resolving deltas:  73% (346/473)   Resolving deltas:  74% (351/473)   Resolving deltas:  75% (356/473)   Resolving deltas:  76% (360/473)   Resolving deltas:  77% (365/473)   Resolving deltas:  78% (372/473)   Resolving deltas:  79% (377/473)   Resolving deltas:  80% (381/473)   Resolving deltas:  81% (384/473)   Resolving deltas:  82% (389/473)   Resolving deltas:  83% (395/473)   Resolving deltas:  85% (403/473)   Resolving deltas:  86% (408/473)   Resolving deltas:  88% (419/473)   Resolving deltas:  89% (421/473)   Resolving deltas:  90% (427/473)   Resolving deltas:  91% (435/473)   Resolving deltas:  93% (442/473)   Resolving deltas:  94% (445/473)   Resolving deltas:  99% (469/473)   Resolving deltas: 100% (473/473)   Resolving deltas: 100% (473/473), done.
Checking connectivity... done.
travis_time:end:17bb4b0f:start=1447693977011286785,finish=1447693980399246302,duration=3387959517[0K$ cd spring-projects/spring-data-jpa
$ git checkout -qf 081d67aa2fb8402b54acb823876c40391b219c02
travis_fold:end:git.checkout[0K
[33;1mThis job is running on container-based infrastructure, which does not allow use of 'sudo', setuid and setguid executables.[0m
[33;1mIf you require sudo, add 'sudo: required' to your .travis.yml[0m
[33;1mSee http://docs.travis-ci.com/user/workers/container-based-infrastructure/ for details.[0m

[33;1mSetting environment variables from .travis.yml[0m
$ export PROFILE=ci

travis_fold:start:cache.1[0KSetting up build cache
$ export CASHER_DIR=$HOME/.casher
travis_time:start:0f079800[0K$ Installing caching utilities
travis_time:end:0f079800:start=1447693983691062621,finish=1447693983741092629,duration=50030008[0Ktravis_time:start:18f5b6f4[0Ktravis_time:end:18f5b6f4:start=1447693983747598172,finish=1447693983751792129,duration=4193957[0Ktravis_time:start:022e691b[0Kattempting to download cache archive
fetching issueDATAJPA-765/cache--jdk-oraclejdk8.tgz
fetching issueDATAJPA-765/cache--jdk-oraclejdk8.tbz
fetching master/cache--jdk-oraclejdk8.tgz
found cache
travis_time:end:022e691b:start=1447693983756942907,finish=1447693987833970696,duration=4077027789[0Ktravis_time:start:00ea0b20[0Ktravis_time:end:00ea0b20:start=1447693987839364054,finish=1447693987843872665,duration=4508611[0Ktravis_time:start:00907312[0Kadding /home/travis/.m2 to cache
travis_time:end:00907312:start=1447693987849142314,finish=1447693992456007031,duration=4606864717[0Ktravis_fold:end:cache.1[0K$ jdk_switcher use oraclejdk8
Switching to Oracle JDK8 (java-8-oracle), JAVA_HOME will be set to /usr/lib/jvm/java-8-oracle
$ java -Xmx32m -version
java version "1.8.0_31"
Java(TM) SE Runtime Environment (build 1.8.0_31-b13)
Java HotSpot(TM) 64-Bit Server VM (build 25.31-b07, mixed mode)
$ javac -J-Xmx32m -version
javac 1.8.0_31
travis_fold:start:install[0Ktravis_time:start:090b0376[0K$ true
travis_time:end:090b0376:start=1447693993797727880,finish=1447693993802111409,duration=4383529[0Ktravis_fold:end:install[0Ktravis_time:start:0729ac96[0K$ mvn clean dependency:list test -P${PROFILE} -Dsort
Java HotSpot(TM) 64-Bit Server VM warning: ignoring option MaxPermSize=192m; support was removed in 8.0
[INFO] Scanning for projects...
Downloading: https://nexus.codehaus.org/snapshots/org/springframework/data/build/spring-data-parent/1.8.0.BUILD-SNAPSHOT/maven-metadata.xml
Downloading: https://repository.apache.org/snapshots/org/springframework/data/build/spring-data-parent/1.8.0.BUILD-SNAPSHOT/maven-metadata.xml
[WARNING] Could not transfer metadata org.springframework.data.build:spring-data-parent:1.8.0.BUILD-SNAPSHOT/maven-metadata.xml from/to codehaus-snapshots (https://nexus.codehaus.org/snapshots/): nexus.codehaus.org: unknown error
Downloading: https://repository.apache.org/snapshots/org/springframework/data/build/spring-data-build/1.8.0.BUILD-SNAPSHOT/maven-metadata.xml
Downloading: https://nexus.codehaus.org/snapshots/org/springframework/data/build/spring-data-build/1.8.0.BUILD-SNAPSHOT/maven-metadata.xml
[WARNING] Could not transfer metadata org.springframework.data.build:spring-data-build:1.8.0.BUILD-SNAPSHOT/maven-metadata.xml from/to codehaus-snapshots (https://nexus.codehaus.org/snapshots/): nexus.codehaus.org
[INFO]                                                                         
[INFO] ------------------------------------------------------------------------
[INFO] Building Spring Data JPA 1.10.0.BUILD-SNAPSHOT
[INFO] ------------------------------------------------------------------------
Downloading: https://oss.sonatype.org/content/repositories/snapshots/org/springframework/data/spring-data-commons/1.12.0.DATACMNS-670-SNAPSHOT/maven-metadata.xml
Downloading: https://repository.apache.org/snapshots/org/springframework/data/spring-data-commons/1.12.0.DATACMNS-670-SNAPSHOT/maven-metadata.xml
Downloading: https://nexus.codehaus.org/snapshots/org/springframework/data/spring-data-commons/1.12.0.DATACMNS-670-SNAPSHOT/maven-metadata.xml
Downloading: https://repo.spring.io/libs-snapshot/org/springframework/data/spring-data-commons/1.12.0.DATACMNS-670-SNAPSHOT/maven-metadata.xml
3/3 KB            Downloaded: https://repo.spring.io/libs-snapshot/org/springframework/data/spring-data-commons/1.12.0.DATACMNS-670-SNAPSHOT/maven-metadata.xml (3 KB at 9.2 KB/sec)
         [WARNING] Could not transfer metadata org.springframework.data:spring-data-commons:1.12.0.DATACMNS-670-SNAPSHOT/maven-metadata.xml from/to codehaus-snapshots (https://nexus.codehaus.org/snapshots/): nexus.codehaus.org
[WARNING] Failure to transfer org.springframework.data:spring-data-commons:1.12.0.DATACMNS-670-SNAPSHOT/maven-metadata.xml from https://nexus.codehaus.org/snapshots/ was cached in the local repository, resolution will not be reattempted until the update interval of codehaus-snapshots has elapsed or updates are forced. Original error: Could not transfer metadata org.springframework.data:spring-data-commons:1.12.0.DATACMNS-670-SNAPSHOT/maven-metadata.xml from/to codehaus-snapshots (https://nexus.codehaus.org/snapshots/): nexus.codehaus.org
Downloading: https://oss.sonatype.org/content/repositories/snapshots/org/springframework/data/spring-data-commons/1.12.0.DATACMNS-670-SNAPSHOT/spring-data-commons-1.12.0.DATACMNS-670-20151116.165530-1.pom
         Downloading: https://repository.apache.org/snapshots/org/springframework/data/spring-data-commons/1.12.0.DATACMNS-670-SNAPSHOT/spring-data-commons-1.12.0.DATACMNS-670-20151116.165530-1.pom
         Downloading: https://nexus.codehaus.org/snapshots/org/springframework/data/spring-data-commons/1.12.0.DATACMNS-670-SNAPSHOT/spring-data-commons-1.12.0.DATACMNS-670-20151116.165530-1.pom
         Downloading: https://repo.spring.io/libs-snapshot/org/springframework/data/spring-data-commons/1.12.0.DATACMNS-670-SNAPSHOT/spring-data-commons-1.12.0.DATACMNS-670-20151116.165530-1.pom
4/7 KB   7/7 KB            Downloaded: https://repo.spring.io/libs-snapshot/org/springframework/data/spring-data-commons/1.12.0.DATACMNS-670-SNAPSHOT/spring-data-commons-1.12.0.DATACMNS-670-20151116.165530-1.pom (7 KB at 46.1 KB/sec)
[WARNING] Failure to transfer org.springframework.data.build:spring-data-parent:1.8.0.BUILD-SNAPSHOT/maven-metadata.xml from https://nexus.codehaus.org/snapshots/ was cached in the local repository, resolution will not be reattempted until the update interval of codehaus-snapshots has elapsed or updates are forced. Original error: Could not transfer metadata org.springframework.data.build:spring-data-parent:1.8.0.BUILD-SNAPSHOT/maven-metadata.xml from/to codehaus-snapshots (https://nexus.codehaus.org/snapshots/): nexus.codehaus.org: unknown error
[WARNING] Failure to transfer org.springframework.data.build:spring-data-build:1.8.0.BUILD-SNAPSHOT/maven-metadata.xml from https://nexus.codehaus.org/snapshots/ was cached in the local repository, resolution will not be reattempted until the update interval of codehaus-snapshots has elapsed or updates are forced. Original error: Could not transfer metadata org.springframework.data.build:spring-data-build:1.8.0.BUILD-SNAPSHOT/maven-metadata.xml from/to codehaus-snapshots (https://nexus.codehaus.org/snapshots/): nexus.codehaus.org
Downloading: http://repo.maven.apache.org/maven2/com/querydsl/querydsl-apt/4.0.0/querydsl-apt-4.0.0.pom
4/8 KB   7/8 KB   8/8 KB            Downloaded: http://repo.maven.apache.org/maven2/com/querydsl/querydsl-apt/4.0.0/querydsl-apt-4.0.0.pom (8 KB at 88.7 KB/sec)
Downloading: http://repo.maven.apache.org/maven2/com/querydsl/querydsl-root/4.0.0/querydsl-root-4.0.0.pom
4/21 KB   8/21 KB   12/21 KB   14/21 KB   18/21 KB   21/21 KB              Downloaded: http://repo.maven.apache.org/maven2/com/querydsl/querydsl-root/4.0.0/querydsl-root-4.0.0.pom (21 KB at 314.1 KB/sec)
Downloading: http://repo.maven.apache.org/maven2/com/querydsl/querydsl-codegen/4.0.0/querydsl-codegen-4.0.0.pom
3/3 KB              Downloaded: http://repo.maven.apache.org/maven2/com/querydsl/querydsl-codegen/4.0.0/querydsl-codegen-4.0.0.pom (3 KB at 44.8 KB/sec)
Downloading: http://repo.maven.apache.org/maven2/com/querydsl/querydsl-core/4.0.0/querydsl-core-4.0.0.pom
4/5 KB   5/5 KB            Downloaded: http://repo.maven.apache.org/maven2/com/querydsl/querydsl-core/4.0.0/querydsl-core-4.0.0.pom (5 KB at 8.6 KB/sec)
Downloading: http://repo.maven.apache.org/maven2/org/reflections/reflections/0.9.9/reflections-0.9.9.pom
4/9 KB   8/9 KB   9/9 KB            Downloaded: http://repo.maven.apache.org/maven2/org/reflections/reflections/0.9.9/reflections-0.9.9.pom (9 KB at 107.4 KB/sec)
Downloading: http://repo.maven.apache.org/maven2/com/google/guava/guava/15.0/guava-15.0.pom
4/7 KB   7/7 KB            Downloaded: http://repo.maven.apache.org/maven2/com/google/guava/guava/15.0/guava-15.0.pom (7 KB at 145.4 KB/sec)
Downloading: http://repo.maven.apache.org/maven2/com/google/guava/guava-parent/15.0/guava-parent-15.0.pom
2/8 KB   6/8 KB   8/8 KB            Downloaded: http://repo.maven.apache.org/maven2/com/google/guava/guava-parent/15.0/guava-parent-15.0.pom (8 KB at 155.7 KB/sec)
Downloading: http://repo.maven.apache.org/maven2/org/javassist/javassist/3.18.2-GA/javassist-3.18.2-GA.pom
4/10 KB   8/10 KB   10/10 KB              Downloaded: http://repo.maven.apache.org/maven2/org/javassist/javassist/3.18.2-GA/javassist-3.18.2-GA.pom (10 KB at 211.3 KB/sec)
Downloading: http://repo.maven.apache.org/maven2/com/google/code/findbugs/annotations/2.0.1/annotations-2.0.1.pom
764/764 B               Downloaded: http://repo.maven.apache.org/maven2/com/google/code/findbugs/annotations/2.0.1/annotations-2.0.1.pom (764 B at 18.2 KB/sec)
Downloading: http://repo.maven.apache.org/maven2/com/querydsl/querydsl-jpa/4.0.0/querydsl-jpa-4.0.0.pom
4/12 KB     8/12 KB   12/12 KB              Downloaded: http://repo.maven.apache.org/maven2/com/querydsl/querydsl-jpa/4.0.0/querydsl-jpa-4.0.0.pom (12 KB at 135.0 KB/sec)
Downloading: https://repo.spring.io/libs-snapshot/org/springframework/data/spring-data-commons/1.12.0.DATACMNS-670-SNAPSHOT/spring-data-commons-1.12.0.DATACMNS-670-20151116.165530-1.jar
4/631 KB   8/631 KB   12/631 KB   16/631 KB   20/631 KB   21/631 KB   25/631 KB   29/631 KB   33/631 KB   37/631 KB   41/631 KB   45/631 KB   49/631 KB   53/631 KB   57/631 KB   61/631 KB   65/631 KB   69/631 KB   73/631 KB   77/631 KB   81/631 KB   85/631 KB   89/631 KB   93/631 KB   97/631 KB   101/631 KB   105/631 KB   109/631 KB   113/631 KB   117/631 KB   121/631 KB   125/631 KB   129/631 KB   133/631 KB   137/631 KB   141/631 KB   145/631 KB   149/631 KB   153/631 KB   157/631 KB   161/631 KB   165/631 KB   169/631 KB   173/631 KB   177/631 KB   181/631 KB   185/631 KB   189/631 KB   193/631 KB   197/631 KB   201/631 KB   205/631 KB   209/631 KB   213/631 KB   217/631 KB   221/631 KB   225/631 KB   229/631 KB   233/631 KB   237/631 KB   241/631 KB   245/631 KB   249/631 KB   253/631 KB   257/631 KB   261/631 KB   265/631 KB   269/631 KB   273/631 KB   277/631 KB   281/631 KB   285/631 KB   289/631 KB   293/631 KB   297/631 KB   301/631 KB   305/631 KB   309/631 KB   313/631 KB   317/631 KB   321/631 KB   325/631 KB   329/631 KB   333/631 KB   337/631 KB   341/631 KB   345/631 KB   349/631 KB   353/631 KB   357/631 KB   361/631 KB   365/631 KB   369/631 KB   373/631 KB   377/631 KB   381/631 KB   385/631 KB   389/631 KB   393/631 KB   397/631 KB   401/631 KB   405/631 KB   409/631 KB   413/631 KB   417/631 KB   421/631 KB   425/631 KB   429/631 KB   433/631 KB   437/631 KB   441/631 KB   445/631 KB   449/631 KB   453/631 KB   457/631 KB   461/631 KB   465/631 KB   469/631 KB   473/631 KB   477/631 KB   481/631 KB   485/631 KB   489/631 KB   493/631 KB   497/631 KB   501/631 KB   505/631 KB   509/631 KB   513/631 KB   517/631 KB   521/631 KB   525/631 KB   529/631 KB   533/631 KB   537/631 KB   541/631 KB   545/631 KB   549/631 KB   553/631 KB   557/631 KB   561/631 KB   565/631 KB   569/631 KB   573/631 KB   577/631 KB   581/631 KB   585/631 KB   589/631 KB   593/631 KB   597/631 KB   601/631 KB   605/631 KB   609/631 KB   613/631 KB   617/631 KB   621/631 KB   625/631 KB   629/631 KB   631/631 KB                Downloaded: https://repo.spring.io/libs-snapshot/org/springframework/data/spring-data-commons/1.12.0.DATACMNS-670-SNAPSHOT/spring-data-commons-1.12.0.DATACMNS-670-20151116.165530-1.jar (631 KB at 1214.3 KB/sec)
Downloading: http://repo.maven.apache.org/maven2/com/querydsl/querydsl-apt/4.0.0/querydsl-apt-4.0.0.jar
Downloading: http://repo.maven.apache.org/maven2/com/querydsl/querydsl-codegen/4.0.0/querydsl-codegen-4.0.0.jar
Downloading: http://repo.maven.apache.org/maven2/org/reflections/reflections/0.9.9/reflections-0.9.9.jar
Downloading: http://repo.maven.apache.org/maven2/org/javassist/javassist/3.18.2-GA/javassist-3.18.2-GA.jar
Downloading: http://repo.maven.apache.org/maven2/com/google/code/findbugs/annotations/2.0.1/annotations-2.0.1.jar
4/72 KB      8/72 KB   12/72 KB   16/72 KB   20/72 KB   22/72 KB   4/139 KB   22/72 KB   8/139 KB   22/72 KB   12/139 KB   22/72 KB   13/139 KB   22/72 KB   4/64 KB   13/139 KB   22/72 KB   8/64 KB   13/139 KB   22/72 KB   12/64 KB   13/139 KB   22/72 KB   14/64 KB   13/139 KB   22/72 KB   14/64 KB   13/139 KB   26/72 KB   14/64 KB   13/139 KB   30/72 KB   14/64 KB   13/139 KB   34/72 KB   14/64 KB   13/139 KB   38/72 KB   14/64 KB   13/139 KB   42/72 KB   14/64 KB   13/139 KB   46/72 KB   14/64 KB   13/139 KB   50/72 KB   14/64 KB   13/139 KB   54/72 KB   14/64 KB   13/139 KB   58/72 KB   14/64 KB   13/139 KB   62/72 KB   14/64 KB   13/139 KB   66/72 KB   14/64 KB   13/139 KB   67/72 KB   14/64 KB   17/139 KB   67/72 KB   14/64 KB   21/139 KB   67/72 KB   18/64 KB   25/139 KB   67/72 KB   18/64 KB   29/139 KB   67/72 KB   18/64 KB   33/139 KB   67/72 KB   18/64 KB   37/139 KB   67/72 KB   18/64 KB   41/139 KB   67/72 KB   18/64 KB   42/139 KB   67/72 KB   18/64 KB   21/139 KB   67/72 KB   22/64 KB   42/139 KB   67/72 KB   26/64 KB   42/139 KB   67/72 KB   30/64 KB   42/139 KB   67/72 KB   34/64 KB   42/139 KB   67/72 KB   38/64 KB   42/139 KB   67/72 KB   42/64 KB   42/139 KB   67/72 KB   43/64 KB   42/139 KB   67/72 KB   43/64 KB   42/139 KB   71/72 KB   43/64 KB   42/139 KB   72/72 KB   43/64 KB   42/139 KB   72/72 KB   4/698 KB   43/64 KB   42/139 KB   72/72 KB   8/698 KB   43/64 KB   42/139 KB   72/72 KB   12/698 KB   43/64 KB   42/139 KB   72/72 KB   16/698 KB   43/64 KB   42/139 KB   72/72 KB   20/698 KB   43/64 KB   42/139 KB   72/72 KB   24/698 KB   43/64 KB   42/139 KB   72/72 KB   28/698 KB   43/64 KB   42/139 KB   72/72 KB   32/698 KB   43/64 KB   42/139 KB   72/72 KB   36/698 KB   43/64 KB   42/139 KB   72/72 KB   40/698 KB   43/64 KB   42/139 KB   72/72 KB   42/698 KB   43/64 KB   42/139 KB   4/73 KB   72/72 KB   42/698 KB   43/64 KB   42/139 KB   8/73 KB   72/72 KB   42/698 KB   43/64 KB   42/139 KB   12/73 KB   72/72 KB   42/698 KB   43/64 KB   42/139 KB   16/73 KB   72/72 KB   42/698 KB   43/64 KB   42/139 KB   20/73 KB   72/72 KB   42/698 KB   43/64 KB   42/139 KB   24/73 KB   72/72 KB   42/698 KB   43/64 KB   42/139 KB   28/73 KB   72/72 KB   42/698 KB   43/64 KB   42/139 KB   32/73 KB   72/72 KB   42/698 KB   43/64 KB   42/139 KB   36/73 KB   72/72 KB   42/698 KB   43/64 KB   42/139 KB   40/73 KB   72/72 KB   42/698 KB   43/64 KB   42/139 KB   41/73 KB   72/72 KB   42/698 KB   43/64 KB   46/139 KB   41/73 KB   72/72 KB   42/698 KB   43/64 KB   50/139 KB   41/73 KB   72/72 KB   42/698 KB   43/64 KB   54/139 KB   41/73 KB   72/72 KB   42/698 KB   43/64 KB   58/139 KB   41/73 KB   72/72 KB   42/698 KB   43/64 KB   62/139 KB   41/73 KB   72/72 KB   42/698 KB   43/64 KB   66/139 KB   41/73 KB   72/72 KB   42/698 KB   43/64 KB   70/139 KB   41/73 KB   72/72 KB   42/698 KB   43/64 KB   74/139 KB   41/73 KB   72/72 KB   42/698 KB   43/64 KB   78/139 KB   41/73 KB   72/72 KB   42/698 KB   43/64 KB   82/139 KB   41/73 KB   72/72 KB   42/698 KB   43/64 KB   86/139 KB   41/73 KB   72/72 KB   42/698 KB   43/64 KB   90/139 KB   41/73 KB   72/72 KB   42/698 KB   43/64 KB   94/139 KB   41/73 KB   72/72 KB   42/698 KB   43/64 KB   97/139 KB   41/73 KB   72/72 KB   42/698 KB   43/64 KB   97/139 KB   45/73 KB   72/72 KB   42/698 KB   43/64 KB   97/139 KB   49/73 KB   72/72 KB   42/698 KB   43/64 KB   97/139 KB   53/73 KB   72/72 KB   46/698 KB   43/64 KB   97/139 KB   53/73 KB   72/72 KB   47/698 KB   43/64 KB   97/139 KB   53/73 KB   72/72 KB   42/698 KB   43/64 KB   97/139 KB   57/73 KB   72/72 KB   47/698 KB   43/64 KB   97/139 KB   61/73 KB   72/72 KB   47/698 KB   43/64 KB   97/139 KB   61/73 KB   72/72 KB   50/698 KB   43/64 KB   97/139 KB   61/73 KB   72/72 KB   54/698 KB   43/64 KB   97/139 KB   61/73 KB   72/72 KB   58/698 KB   45/64 KB   97/139 KB   61/73 KB   72/72 KB   58/698 KB   49/64 KB   97/139 KB   61/73 KB   72/72 KB   58/698 KB   53/64 KB   97/139 KB   61/73 KB   72/72 KB   58/698 KB   57/64 KB   97/139 KB   61/73 KB   72/72 KB   58/698 KB   61/64 KB   97/139 KB   61/73 KB   72/72 KB   58/698 KB   64/64 KB   97/139 KB   61/73 KB   72/72 KB   58/698 KB   64/64 KB   97/139 KB   61/73 KB   72/72 KB   62/698 KB   64/64 KB   97/139 KB   61/73 KB   72/72 KB   66/698 KB   64/64 KB   97/139 KB   61/73 KB   72/72 KB   70/698 KB   64/64 KB   97/139 KB   61/73 KB   72/72 KB   74/698 KB   64/64 KB   97/139 KB   61/73 KB   72/72 KB   78/698 KB   64/64 KB   97/139 KB   61/73 KB   72/72 KB   79/698 KB   64/64 KB   97/139 KB   65/73 KB   72/72 KB   79/698 KB   64/64 KB   97/139 KB   69/73 KB   72/72 KB   79/698 KB   64/64 KB   97/139 KB   73/73 KB   72/72 KB   79/698 KB   64/64 KB   97/139 KB   73/73 KB   72/72 KB   79/698 KB                                                            Downloaded: http://repo.maven.apache.org/maven2/com/querydsl/querydsl-codegen/4.0.0/querydsl-codegen-4.0.0.jar (72 KB at 862.5 KB/sec)
Downloading: http://repo.maven.apache.org/maven2/com/querydsl/querydsl-jpa/4.0.0/querydsl-jpa-4.0.0.jar
64/64 KB   99/139 KB   73/73 KB   79/698 KB              64/64 KB   103/139 KB   73/73 KB   79/698 KB   64/64 KB   107/139 KB   73/73 KB   79/698 KB   64/64 KB   111/139 KB   73/73 KB   79/698 KB   64/64 KB   115/139 KB   73/73 KB   79/698 KB   64/64 KB   119/139 KB   73/73 KB   79/698 KB   64/64 KB   123/139 KB   73/73 KB   79/698 KB   64/64 KB   127/139 KB   73/73 KB   79/698 KB   64/64 KB   131/139 KB   73/73 KB   79/698 KB   64/64 KB   135/139 KB   73/73 KB   79/698 KB   64/64 KB   139/139 KB   73/73 KB   79/698 KB   64/64 KB   139/139 KB   73/73 KB   83/698 KB   64/64 KB   139/139 KB   73/73 KB   87/698 KB   64/64 KB   139/139 KB   73/73 KB   91/698 KB   64/64 KB   139/139 KB   73/73 KB   94/698 KB   64/64 KB   139/139 KB   73/73 KB   96/698 KB   64/64 KB   139/139 KB   73/73 KB   100/698 KB   64/64 KB   139/139 KB   73/73 KB   104/698 KB   64/64 KB   139/139 KB   73/73 KB   108/698 KB   64/64 KB   139/139 KB   73/73 KB   112/698 KB   64/64 KB   139/139 KB   73/73 KB   116/698 KB   64/64 KB   139/139 KB   73/73 KB   120/698 KB   64/64 KB   139/139 KB   73/73 KB   124/698 KB   64/64 KB   139/139 KB   73/73 KB   128/698 KB   64/64 KB   139/139 KB   73/73 KB   132/698 KB   64/64 KB   139/139 KB   73/73 KB   136/698 KB   64/64 KB   139/139 KB   73/73 KB   140/698 KB   64/64 KB   139/139 KB   73/73 KB   144/698 KB   64/64 KB   139/139 KB   73/73 KB   148/698 KB   64/64 KB   139/139 KB   73/73 KB   150/698 KB                                                   Downloaded: http://repo.maven.apache.org/maven2/com/querydsl/querydsl-apt/4.0.0/querydsl-apt-4.0.0.jar (64 KB at 676.0 KB/sec)
Downloading: http://repo.maven.apache.org/maven2/com/querydsl/querydsl-core/4.0.0/querydsl-core-4.0.0.jar
                                                Downloaded: http://repo.maven.apache.org/maven2/com/google/code/findbugs/annotations/2.0.1/annotations-2.0.1.jar (73 KB at 774.6 KB/sec)
139/139 KB   154/698 KB                         139/139 KB   158/698 KB                             Downloaded: http://repo.maven.apache.org/maven2/org/reflections/reflections/0.9.9/reflections-0.9.9.jar (139 KB at 1357.1 KB/sec)
162/698 KB                166/698 KB   170/698 KB   174/698 KB   178/698 KB   182/698 KB   186/698 KB   190/698 KB   194/698 KB   198/698 KB   202/698 KB   206/698 KB   210/698 KB   214/698 KB   218/698 KB   222/698 KB   226/698 KB   230/698 KB   234/698 KB   238/698 KB   242/698 KB   246/698 KB   250/698 KB   254/698 KB   258/698 KB   262/698 KB   266/698 KB   270/698 KB   274/698 KB   278/698 KB   282/698 KB   286/698 KB   287/698 KB   4/423 KB   287/698 KB   6/423 KB   287/698 KB   10/423 KB   287/698 KB   14/423 KB   287/698 KB   18/423 KB   287/698 KB   22/423 KB   287/698 KB   26/423 KB   287/698 KB   30/423 KB   287/698 KB   34/423 KB   287/698 KB   38/423 KB   287/698 KB   42/423 KB   287/698 KB   43/423 KB   287/698 KB   43/423 KB   291/698 KB   43/423 KB   295/698 KB   43/423 KB   299/698 KB   43/423 KB   303/698 KB   43/423 KB   4/109 KB   303/698 KB   43/423 KB   4/109 KB   307/698 KB   43/423 KB   8/109 KB   307/698 KB   43/423 KB   8/109 KB   311/698 KB   43/423 KB   12/109 KB   311/698 KB   43/423 KB   12/109 KB   315/698 KB   43/423 KB   16/109 KB   315/698 KB   43/423 KB   16/109 KB   319/698 KB   43/423 KB   20/109 KB   319/698 KB   43/423 KB   20/109 KB   323/698 KB   43/423 KB   24/109 KB   323/698 KB   43/423 KB   24/109 KB   327/698 KB   43/423 KB   28/109 KB   327/698 KB   43/423 KB   28/109 KB   331/698 KB   43/423 KB   32/109 KB   331/698 KB   43/423 KB   32/109 KB   335/698 KB   43/423 KB   36/109 KB   335/698 KB   43/423 KB   36/109 KB   339/698 KB   43/423 KB   40/109 KB   339/698 KB   43/423 KB   40/109 KB   343/698 KB   43/423 KB   40/109 KB   344/698 KB   43/423 KB   44/109 KB   344/698 KB   43/423 KB   48/109 KB   344/698 KB   43/423 KB   52/109 KB   344/698 KB   43/423 KB   56/109 KB   344/698 KB   43/423 KB   56/109 KB   348/698 KB   43/423 KB   60/109 KB   348/698 KB   43/423 KB   60/109 KB   352/698 KB   43/423 KB   64/109 KB   352/698 KB   43/423 KB   64/109 KB   356/698 KB   43/423 KB   68/109 KB   356/698 KB   43/423 KB   68/109 KB   360/698 KB   43/423 KB   72/109 KB   360/698 KB   43/423 KB   72/109 KB   364/698 KB   43/423 KB   76/109 KB   364/698 KB   43/423 KB   76/109 KB   368/698 KB   43/423 KB   80/109 KB   368/698 KB   43/423 KB   80/109 KB   372/698 KB   43/423 KB   84/109 KB   372/698 KB   43/423 KB   84/109 KB   376/698 KB   43/423 KB   88/109 KB   376/698 KB   43/423 KB   88/109 KB   380/698 KB   43/423 KB   91/109 KB   380/698 KB   43/423 KB   91/109 KB   384/698 KB   43/423 KB   91/109 KB   388/698 KB   43/423 KB   91/109 KB   392/698 KB   43/423 KB   91/109 KB   396/698 KB   43/423 KB   91/109 KB   400/698 KB   43/423 KB   91/109 KB   404/698 KB   43/423 KB   91/109 KB   408/698 KB   43/423 KB   91/109 KB   412/698 KB   43/423 KB   91/109 KB   416/698 KB   43/423 KB   91/109 KB   420/698 KB   43/423 KB   91/109 KB   424/698 KB   43/423 KB   91/109 KB   428/698 KB   43/423 KB   91/109 KB   432/698 KB   43/423 KB   91/109 KB   436/698 KB   43/423 KB   91/109 KB   440/698 KB   43/423 KB   91/109 KB   444/698 KB   43/423 KB   91/109 KB   448/698 KB   43/423 KB   91/109 KB   452/698 KB   43/423 KB   91/109 KB   456/698 KB   43/423 KB   91/109 KB   460/698 KB   43/423 KB   91/109 KB   464/698 KB   43/423 KB   91/109 KB   468/698 KB   43/423 KB   91/109 KB   472/698 KB   43/423 KB   91/109 KB   476/698 KB   43/423 KB   91/109 KB   480/698 KB   43/423 KB   91/109 KB   484/698 KB   43/423 KB   91/109 KB   488/698 KB   43/423 KB   91/109 KB   492/698 KB   43/423 KB   91/109 KB   496/698 KB   43/423 KB   91/109 KB   500/698 KB   43/423 KB   91/109 KB   504/698 KB   43/423 KB   91/109 KB   506/698 KB   45/423 KB   91/109 KB   506/698 KB   49/423 KB   91/109 KB   506/698 KB   53/423 KB   91/109 KB   506/698 KB   57/423 KB   91/109 KB   506/698 KB   59/423 KB   91/109 KB   506/698 KB   63/423 KB   91/109 KB   506/698 KB   67/423 KB   91/109 KB   506/698 KB   71/423 KB   91/109 KB   506/698 KB   75/423 KB   91/109 KB   506/698 KB   79/423 KB   91/109 KB   506/698 KB   83/423 KB   91/109 KB   506/698 KB   87/423 KB   91/109 KB   506/698 KB   91/423 KB   91/109 KB   506/698 KB   95/423 KB   91/109 KB   506/698 KB   99/423 KB   91/109 KB   506/698 KB   103/423 KB   91/109 KB   506/698 KB   107/423 KB   91/109 KB   506/698 KB   111/423 KB   91/109 KB   506/698 KB   115/423 KB   91/109 KB   506/698 KB   119/423 KB   91/109 KB   506/698 KB   123/423 KB   91/109 KB   506/698 KB   127/423 KB   91/109 KB   506/698 KB   127/423 KB   91/109 KB   506/698 KB   127/423 KB   93/109 KB   506/698 KB   127/423 KB   97/109 KB   506/698 KB   127/423 KB   101/109 KB   506/698 KB   127/423 KB   105/109 KB   506/698 KB   127/423 KB   109/109 KB   506/698 KB   127/423 KB   109/109 KB   510/698 KB   127/423 KB   109/109 KB   512/698 KB   127/423 KB   109/109 KB   516/698 KB   127/423 KB   109/109 KB   520/698 KB   127/423 KB   109/109 KB   524/698 KB   127/423 KB   109/109 KB   528/698 KB   127/423 KB   109/109 KB   532/698 KB   127/423 KB   109/109 KB   536/698 KB   127/423 KB   109/109 KB   540/698 KB   127/423 KB   109/109 KB   544/698 KB   127/423 KB   109/109 KB   548/698 KB   127/423 KB   109/109 KB   552/698 KB   127/423 KB   109/109 KB   556/698 KB   127/423 KB   109/109 KB   560/698 KB   127/423 KB   109/109 KB   564/698 KB   127/423 KB   109/109 KB   568/698 KB   127/423 KB   109/109 KB   572/698 KB   127/423 KB   109/109 KB   576/698 KB   127/423 KB   109/109 KB   580/698 KB   127/423 KB   109/109 KB   584/698 KB   127/423 KB   109/109 KB   588/698 KB   127/423 KB   109/109 KB   592/698 KB   127/423 KB   109/109 KB   596/698 KB   127/423 KB   109/109 KB   600/698 KB   127/423 KB   109/109 KB   604/698 KB   127/423 KB   109/109 KB   608/698 KB   127/423 KB   109/109 KB   612/698 KB   127/423 KB   109/109 KB   616/698 KB   127/423 KB   109/109 KB   620/698 KB   127/423 KB   109/109 KB   624/698 KB   127/423 KB   109/109 KB   628/698 KB   127/423 KB   109/109 KB   632/698 KB   127/423 KB   109/109 KB   636/698 KB   127/423 KB   109/109 KB   640/698 KB   127/423 KB   109/109 KB   644/698 KB   127/423 KB   109/109 KB   648/698 KB   127/423 KB   109/109 KB   652/698 KB   127/423 KB   109/109 KB   656/698 KB   127/423 KB   109/109 KB   660/698 KB   127/423 KB   109/109 KB   664/698 KB   127/423 KB   109/109 KB   668/698 KB   127/423 KB   109/109 KB   672/698 KB   127/423 KB   109/109 KB   676/698 KB   127/423 KB   109/109 KB   680/698 KB   127/423 KB   109/109 KB   684/698 KB   127/423 KB   109/109 KB   688/698 KB   127/423 KB   109/109 KB   692/698 KB   127/423 KB   109/109 KB   696/698 KB   127/423 KB   109/109 KB   698/698 KB   131/423 KB   109/109 KB   698/698 KB   135/423 KB   109/109 KB   698/698 KB   139/423 KB   109/109 KB   698/698 KB   143/423 KB   109/109 KB   698/698 KB   147/423 KB   109/109 KB   698/698 KB   151/423 KB   109/109 KB   698/698 KB   155/423 KB   109/109 KB   698/698 KB   159/423 KB   109/109 KB   698/698 KB   161/423 KB   109/109 KB   698/698 KB   165/423 KB   109/109 KB   698/698 KB   169/423 KB   109/109 KB   698/698 KB   173/423 KB   109/109 KB   698/698 KB   175/423 KB   109/109 KB   698/698 KB   179/423 KB   109/109 KB   698/698 KB   183/423 KB   109/109 KB   698/698 KB   187/423 KB   109/109 KB   698/698 KB   191/423 KB   109/109 KB   698/698 KB   195/423 KB   109/109 KB   698/698 KB   199/423 KB   109/109 KB   698/698 KB   203/423 KB   109/109 KB   698/698 KB   207/423 KB   109/109 KB   698/698 KB   211/423 KB   109/109 KB   698/698 KB   215/423 KB   109/109 KB   698/698 KB   219/423 KB   109/109 KB   698/698 KB   223/423 KB   109/109 KB   698/698 KB   227/423 KB   109/109 KB   698/698 KB   231/423 KB   109/109 KB   698/698 KB   235/423 KB   109/109 KB   698/698 KB   239/423 KB   109/109 KB   698/698 KB   243/423 KB   109/109 KB   698/698 KB   247/423 KB   109/109 KB   698/698 KB   251/423 KB   109/109 KB   698/698 KB   255/423 KB   109/109 KB   698/698 KB   259/423 KB   109/109 KB   698/698 KB   262/423 KB   109/109 KB   698/698 KB   266/423 KB   109/109 KB   698/698 KB   270/423 KB   109/109 KB   698/698 KB   274/423 KB   109/109 KB   698/698 KB   278/423 KB   109/109 KB   698/698 KB   282/423 KB   109/109 KB   698/698 KB   286/423 KB   109/109 KB   698/698 KB   290/423 KB   109/109 KB   698/698 KB   294/423 KB   109/109 KB   698/698 KB   298/423 KB   109/109 KB   698/698 KB   302/423 KB   109/109 KB   698/698 KB   306/423 KB   109/109 KB   698/698 KB   310/423 KB   109/109 KB   698/698 KB   314/423 KB   109/109 KB   698/698 KB   318/423 KB   109/109 KB   698/698 KB   322/423 KB   109/109 KB   698/698 KB   326/423 KB   109/109 KB   698/698 KB   330/423 KB   109/109 KB   698/698 KB   334/423 KB   109/109 KB   698/698 KB   338/423 KB   109/109 KB   698/698 KB   342/423 KB   109/109 KB   698/698 KB   346/423 KB   109/109 KB   698/698 KB   350/423 KB   109/109 KB   698/698 KB   354/423 KB   109/109 KB   698/698 KB   358/423 KB   109/109 KB   698/698 KB                                          362/423 KB   109/109 KB                366/423 KB   109/109 KB   370/423 KB   109/109 KB   Downloaded: http://repo.maven.apache.org/maven2/org/javassist/javassist/3.18.2-GA/javassist-3.18.2-GA.jar (698 KB at 4388.5 KB/sec)
374/423 KB   109/109 KB   378/423 KB   109/109 KB   382/423 KB   109/109 KB   386/423 KB   109/109 KB   390/423 KB   109/109 KB   394/423 KB   109/109 KB   398/423 KB   109/109 KB   402/423 KB   109/109 KB   406/423 KB   109/109 KB   410/423 KB   109/109 KB   414/423 KB   109/109 KB   418/423 KB   109/109 KB   422/423 KB   109/109 KB   423/423 KB   109/109 KB                             Downloaded: http://repo.maven.apache.org/maven2/com/querydsl/querydsl-jpa/4.0.0/querydsl-jpa-4.0.0.jar (109 KB at 660.5 KB/sec)
                          Downloaded: http://repo.maven.apache.org/maven2/com/querydsl/querydsl-core/4.0.0/querydsl-core-4.0.0.jar (423 KB at 2388.1 KB/sec)
[INFO] 
[INFO] --- maven-clean-plugin:2.5:clean (default-clean) @ spring-data-jpa ---
[INFO] 
[INFO] --- maven-dependency-plugin:2.10:list (default-cli) @ spring-data-jpa ---
[INFO] 
[INFO] The following files have been resolved:
[INFO]    antlr:antlr:jar:2.7.6:compile
[INFO]    aopalliance:aopalliance:jar:1.0:compile
[INFO]    asm:asm:jar:3.1:compile
[INFO]    cglib:cglib:jar:2.2:compile
[INFO]    ch.qos.logback:logback-classic:jar:1.1.3:test
[INFO]    ch.qos.logback:logback-core:jar:1.1.3:test
[INFO]    com.google.code.findbugs:annotations:jar:2.0.1:provided
[INFO]    com.google.code.findbugs:jsr305:jar:1.3.9:compile
[INFO]    com.google.guava:guava:jar:17.0:test
[INFO]    com.infradna.tool:bridge-method-annotation:jar:1.13:compile
[INFO]    com.mysema.codegen:codegen:jar:0.6.6:provided
[INFO]    com.mysema.commons:mysema-commons-lang:jar:0.2.4:compile
[INFO]    com.querydsl:querydsl-apt:jar:4.0.0:provided
[INFO]    com.querydsl:querydsl-codegen:jar:4.0.0:provided
[INFO]    com.querydsl:querydsl-core:jar:4.0.0:compile
[INFO]    com.querydsl:querydsl-jpa:jar:4.0.0:compile
[INFO]    commons-collections:commons-collections:jar:3.1:compile
[INFO]    commons-lang:commons-lang:jar:2.4:compile
[INFO]    commons-pool:commons-pool:jar:1.5.4:compile
[INFO]    dom4j:dom4j:jar:1.6.1:compile
[INFO]    javassist:javassist:jar:3.12.0.GA:compile
[INFO]    javax.annotation:jsr250-api:jar:1.0:provided
[INFO]    javax.el:el-api:jar:1.0:test
[INFO]    javax.enterprise:cdi-api:jar:1.0:provided
[INFO]    javax.inject:javax.inject:jar:1:provided
[INFO]    javax.servlet:javax.servlet-api:jar:3.0.1:test
[INFO]    javax.transaction:jta:jar:1.1:compile
[INFO]    joda-time:joda-time:jar:2.8.2:compile
[INFO]    junit:junit:jar:4.12:test
[INFO]    net.sourceforge.serp:serp:jar:1.15.1:compile
[INFO]    org.apache.geronimo.specs:geronimo-atinject_1.0_spec:jar:1.0:test
[INFO]    org.apache.geronimo.specs:geronimo-jcdi_1.0_spec:jar:1.0:test
[INFO]    org.apache.geronimo.specs:geronimo-jms_1.1_spec:jar:1.1.1:compile
[INFO]    org.apache.geronimo.specs:geronimo-jpa_2.0_spec:jar:1.1:compile
[INFO]    org.apache.geronimo.specs:geronimo-jta_1.1_spec:jar:1.1.1:compile
[INFO]    org.apache.openjpa:openjpa-jdbc:jar:2.4.0:compile
[INFO]    org.apache.openjpa:openjpa-kernel:jar:2.4.0:compile
[INFO]    org.apache.openjpa:openjpa-lib:jar:2.4.0:compile
[INFO]    org.apache.openjpa:openjpa-persistence-jdbc:jar:2.4.0:compile
[INFO]    org.apache.openjpa:openjpa-persistence:jar:2.4.0:compile
[INFO]    org.apache.openwebbeans.test:cditest-owb:jar:1.2.8:test
[INFO]    org.apache.openwebbeans.test:cditest:jar:1.2.8:test
[INFO]    org.apache.openwebbeans:openwebbeans-impl:jar:1.2.8:test
[INFO]    org.apache.openwebbeans:openwebbeans-spi:jar:1.2.8:test
[INFO]    org.apache.xbean:xbean-asm5-shaded:jar:4.1:compile
[INFO]    org.apache.xbean:xbean-finder-shaded:jar:4.1:test
[INFO]    org.aspectj:aspectjrt:jar:1.8.6:compile
[INFO]    org.aspectj:aspectjweaver:jar:1.8.6:test
[INFO]    org.eclipse.jdt.core.compiler:ecj:jar:4.3.1:provided
[INFO]    org.eclipse.persistence:javax.persistence:jar:2.1.0:compile
[INFO]    org.eclipse.persistence:org.eclipse.persistence.antlr:jar:2.6.1:compile
[INFO]    org.eclipse.persistence:org.eclipse.persistence.asm:jar:2.6.1:compile
[INFO]    org.eclipse.persistence:org.eclipse.persistence.core:jar:2.6.1:compile
[INFO]    org.eclipse.persistence:org.eclipse.persistence.jpa.jpql:jar:2.6.1:compile
[INFO]    org.eclipse.persistence:org.eclipse.persistence.jpa:jar:2.6.1:compile
[INFO]    org.glassfish:javax.json:jar:1.0.4:compile
[INFO]    org.hamcrest:hamcrest-core:jar:1.3:test
[INFO]    org.hamcrest:hamcrest-library:jar:1.3:test
[INFO]    org.hibernate.javax.persistence:hibernate-jpa-2.0-api:jar:1.0.1.Final:compile
[INFO]    org.hibernate:hibernate-commons-annotations:jar:3.2.0.Final:compile
[INFO]    org.hibernate:hibernate-core:jar:3.6.10.Final:compile
[INFO]    org.hibernate:hibernate-entitymanager:jar:3.6.10.Final:compile
[INFO]    org.hsqldb:hsqldb:jar:2.2.8:test
[INFO]    org.javassist:javassist:jar:3.18.2-GA:provided
[INFO]    org.jboss.interceptor:jboss-interceptor-api:jar:1.1:provided
[INFO]    org.mockito:mockito-core:jar:1.10.19:test
[INFO]    org.objenesis:objenesis:jar:2.1:test
[INFO]    org.reflections:reflections:jar:0.9.9:provided
[INFO]    org.slf4j:jcl-over-slf4j:jar:1.7.12:runtime
[INFO]    org.slf4j:slf4j-api:jar:1.7.12:compile
[INFO]    org.springframework.data:spring-data-commons:jar:1.12.0.DATACMNS-670-SNAPSHOT:compile
[INFO]    org.springframework:spring-aop:jar:4.1.8.RELEASE:compile
[INFO]    org.springframework:spring-aspects:jar:4.1.8.RELEASE:compile
[INFO]    org.springframework:spring-beans:jar:4.1.8.RELEASE:compile
[INFO]    org.springframework:spring-context:jar:4.1.8.RELEASE:compile
[INFO]    org.springframework:spring-core:jar:4.1.8.RELEASE:compile
[INFO]    org.springframework:spring-expression:jar:4.1.8.RELEASE:compile
[INFO]    org.springframework:spring-instrument:jar:4.1.8.RELEASE:provided
[INFO]    org.springframework:spring-jdbc:jar:4.1.8.RELEASE:compile
[INFO]    org.springframework:spring-orm:jar:4.1.8.RELEASE:compile
[INFO]    org.springframework:spring-test:jar:4.1.8.RELEASE:test
[INFO]    org.springframework:spring-tx:jar:4.1.8.RELEASE:compile
[INFO]    org.threeten:threetenbp:jar:1.3:compile
[INFO] 
[INFO] 
[INFO] --- apt-maven-plugin:1.1.3:process (sources) @ spring-data-jpa ---
[INFO] 
[INFO] --- maven-resources-plugin:2.6:resources (default-resources) @ spring-data-jpa ---
[INFO] Using 'UTF-8' encoding to copy filtered resources.
[INFO] Copying 13 resources
[INFO] 
[INFO] --- maven-compiler-plugin:3.3:compile (default-compile) @ spring-data-jpa ---
[INFO] Changes detected - recompiling the module!
[INFO] Compiling 100 source files to /home/travis/build/spring-projects/spring-data-jpa/target/classes
[INFO] /home/travis/build/spring-projects/spring-data-jpa/target/generated-sources/annotations/org/springframework/data/jpa/domain/QAbstractPersistable.java: Some input files use unchecked or unsafe operations.
[INFO] /home/travis/build/spring-projects/spring-data-jpa/target/generated-sources/annotations/org/springframework/data/jpa/domain/QAbstractPersistable.java: Recompile with -Xlint:unchecked for details.
[INFO] 
[INFO] --- com.springsource.bundlor.maven:1.0.0.RELEASE:bundlor (bundlor) @ spring-data-jpa ---
Manifest written to '/home/travis/build/spring-projects/spring-data-jpa/target/classes/META-INF/MANIFEST.MF'
[INFO] 
[INFO] --- aspectj-maven-plugin:1.6:compile (default) @ spring-data-jpa ---
[INFO] 
[INFO] --- apt-maven-plugin:1.1.3:test-process (test-sources) @ spring-data-jpa ---
[INFO] 
[INFO] --- maven-resources-plugin:2.6:testResources (default-testResources) @ spring-data-jpa ---
[INFO] Using 'UTF-8' encoding to copy filtered resources.
[INFO] Copying 33 resources
[INFO] 
[INFO] --- maven-compiler-plugin:3.3:testCompile (default-testCompile) @ spring-data-jpa ---
[INFO] Changes detected - recompiling the module!
[INFO] Compiling 304 source files to /home/travis/build/spring-projects/spring-data-jpa/target/test-classes
[INFO] 
[INFO] --- maven-surefire-plugin:2.12:test (default-test) @ spring-data-jpa ---
[INFO] Surefire report directory: /home/travis/build/spring-projects/spring-data-jpa/target/surefire-reports

-------------------------------------------------------
 T E S T S
-------------------------------------------------------

Results :

Tests run: 0, Failures: 0, Errors: 0, Skipped: 0

[INFO] 
[INFO] --- maven-surefire-plugin:2.12:test (unit-tests) @ spring-data-jpa ---
[INFO] Surefire report directory: /home/travis/build/spring-projects/spring-data-jpa/target/surefire-reports

-------------------------------------------------------
 T E S T S
-------------------------------------------------------
Running org.springframework.data.jpa.repository.support.DefaultJpaContextUnitTests
Tests run: 2, Failures: 0, Errors: 0, Skipped: 0, Time elapsed: 0.205 sec
Running org.springframework.data.jpa.repository.support.JpaEntityInformationSupportUnitTests
Tests run: 2, Failures: 0, Errors: 0, Skipped: 0, Time elapsed: 0.571 sec
Running org.springframework.data.jpa.repository.support.EntityManagerBeanDefinitionRegistratPostProcessorUnitTests
Tests run: 1, Failures: 0, Errors: 0, Skipped: 0, Time elapsed: 0.453 sec
Running org.springframework.data.jpa.repository.support.JpaRepositoryFactoryBeanUnitTests
Tests run: 4, Failures: 0, Errors: 0, Skipped: 0, Time elapsed: 0.217 sec
Running org.springframework.data.jpa.repository.support.SimpleJpaRepositoryUnitTests
Tests run: 3, Failures: 0, Errors: 0, Skipped: 0, Time elapsed: 0.632 sec
Running org.springframework.data.jpa.repository.support.JpaRepositoryFactoryUnitTests
Tests run: 9, Failures: 0, Errors: 0, Skipped: 0, Time elapsed: 0.996 sec
Running org.springframework.data.jpa.repository.support.JpaPersistableEntityInformationUnitTests
Tests run: 1, Failures: 0, Errors: 0, Skipped: 0, Time elapsed: 0.042 sec
Running org.springframework.data.jpa.repository.support.EntityManagerFactoryRefUnitTests
Tests run: 1, Failures: 0, Errors: 0, Skipped: 0, Time elapsed: 1.444 sec
Running org.springframework.data.jpa.repository.support.JpaMetamodelEntityInformationUnitTests
Tests run: 1, Failures: 0, Errors: 0, Skipped: 0, Time elapsed: 0.109 sec
Running org.springframework.data.jpa.repository.support.CrudMethodMetadataPopulatingMethodInterceptorUnitTests
Tests run: 1, Failures: 0, Errors: 0, Skipped: 0, Time elapsed: 0.013 sec
Running org.springframework.data.jpa.repository.query.SimpleJpaQueryUnitTests
Tests run: 10, Failures: 0, Errors: 0, Skipped: 0, Time elapsed: 0.263 sec
Running org.springframework.data.jpa.repository.query.ParameterBinderUnitTests
Tests run: 15, Failures: 0, Errors: 0, Skipped: 0, Time elapsed: 0.074 sec
Running org.springframework.data.jpa.repository.query.JpaQueryExecutionUnitTests
Tests run: 8, Failures: 0, Errors: 0, Skipped: 0, Time elapsed: 0.17 sec
Running org.springframework.data.jpa.repository.query.JpaQueryLookupStrategyUnitTests
Tests run: 2, Failures: 0, Errors: 0, Skipped: 0, Time elapsed: 0.057 sec
Running org.springframework.data.jpa.repository.query.JpaParametersUnitTests
Tests run: 1, Failures: 0, Errors: 0, Skipped: 0, Time elapsed: 0.002 sec
Running org.springframework.data.jpa.repository.query.ExpressionBasedStringQueryUnitTests
Tests run: 2, Failures: 0, Errors: 0, Skipped: 0, Time elapsed: 0.036 sec
Running org.springframework.data.jpa.repository.query.StringQueryUnitTests
Tests run: 20, Failures: 0, Errors: 0, Skipped: 0, Time elapsed: 0.101 sec
Running org.springframework.data.jpa.repository.query.JpaQueryMethodUnitTests
Tests run: 27, Failures: 0, Errors: 0, Skipped: 0, Time elapsed: 0.17 sec
Running org.springframework.data.jpa.repository.query.Jpa21UtilsUnitTests
Tests run: 1, Failures: 0, Errors: 0, Skipped: 0, Time elapsed: 0 sec
Running org.springframework.data.jpa.repository.query.LikeBindingUnitTests
Tests run: 8, Failures: 0, Errors: 0, Skipped: 0, Time elapsed: 0.021 sec
Running org.springframework.data.jpa.repository.query.StoredProcedureAttributeSourceUnitTests
Tests run: 6, Failures: 0, Errors: 0, Skipped: 0, Time elapsed: 0.059 sec
Running org.springframework.data.jpa.repository.query.StoredProcedureAttributesUnitTests
Tests run: 1, Failures: 0, Errors: 0, Skipped: 0, Time elapsed: 0.002 sec
Running org.springframework.data.jpa.repository.query.QueryUtilsUnitTests
Tests run: 27, Failures: 0, Errors: 0, Skipped: 0, Time elapsed: 0.08 sec
Running org.springframework.data.jpa.repository.query.NamedQueryUnitTests
Tests run: 2, Failures: 0, Errors: 0, Skipped: 0, Time elapsed: 0.027 sec
Running org.springframework.data.jpa.repository.cdi.JpaRepositoryExtensionUnitTests
Tests run: 3, Failures: 0, Errors: 0, Skipped: 0, Time elapsed: 0.021 sec
Running org.springframework.data.jpa.repository.config.JpaRepositoryConfigExtensionUnitTests
Tests run: 4, Failures: 0, Errors: 0, Skipped: 0, Time elapsed: 0.066 sec
Running org.springframework.data.jpa.repository.config.JpaAuditingRegistrarUnitTests
Tests run: 2, Failures: 0, Errors: 0, Skipped: 0, Time elapsed: 0.178 sec
Running org.springframework.data.jpa.repository.config.JpaRepositoriesRegistrarUnitTests
Tests run: 1, Failures: 0, Errors: 0, Skipped: 0, Time elapsed: 0.514 sec
Running org.springframework.data.jpa.repository.CrudMethodMetadataUnitTests
Tests run: 3, Failures: 0, Errors: 0, Skipped: 0, Time elapsed: 0.707 sec
Running org.springframework.data.jpa.support.MergingPersistenceUnitManagerUnitTests
Tests run: 5, Failures: 0, Errors: 0, Skipped: 0, Time elapsed: 0.035 sec
Running org.springframework.data.jpa.support.ClasspathScanningPersistenceUnitPostProcessorUnitTests
Tests run: 8, Failures: 0, Errors: 0, Skipped: 0, Time elapsed: 0.091 sec
Running org.springframework.data.jpa.domain.support.AuditingNamespaceUnitTests
Tests run: 5, Failures: 0, Errors: 0, Skipped: 0, Time elapsed: 1.992 sec
Running org.springframework.data.jpa.domain.support.AuditingBeanFactoryPostProcessorUnitTests
Tests run: 4, Failures: 0, Errors: 0, Skipped: 0, Time elapsed: 0.653 sec
Running org.springframework.data.jpa.domain.support.AnnotationAuditingBeanFactoryPostProcessorUnitTests
Tests run: 4, Failures: 0, Errors: 0, Skipped: 0, Time elapsed: 0.167 sec
Running org.springframework.data.jpa.domain.SpecificationsUnitTests
Tests run: 8, Failures: 0, Errors: 0, Skipped: 0, Time elapsed: 0.373 sec
Running org.springframework.data.jpa.mapping.JpaPersistentPropertyImplUnitTests
Tests run: 13, Failures: 0, Errors: 0, Skipped: 0, Time elapsed: 0.249 sec
Running org.springframework.data.jpa.mapping.JpaMetamodelMappingContextUnitTests
Tests run: 1, Failures: 0, Errors: 0, Skipped: 0, Time elapsed: 0.01 sec
Running org.springframework.data.jpa.provider.PersistenceProviderUnitTests
Tests run: 5, Failures: 0, Errors: 0, Skipped: 0, Time elapsed: 0.366 sec

Results :

Tests run: 221, Failures: 0, Errors: 0, Skipped: 0

[INFO] 
[INFO] --- maven-surefire-plugin:2.12:test (integration-tests) @ spring-data-jpa ---
[INFO] Surefire report directory: /home/travis/build/spring-projects/spring-data-jpa/target/surefire-reports

-------------------------------------------------------
 T E S T S
-------------------------------------------------------
Running org.springframework.data.jpa.repository.support.EntityManagerBeanDefinitionRegistrarPostProcessorIntegrationTests
Tests run: 1, Failures: 0, Errors: 0, Skipped: 0, Time elapsed: 11.028 sec
Running org.springframework.data.jpa.repository.support.TransactionalRepositoryTests
Tests run: 5, Failures: 0, Errors: 0, Skipped: 0, Time elapsed: 5.634 sec
Running org.springframework.data.jpa.repository.support.JpaMetamodelEntityInformationIntegrationTests
Tests run: 15, Failures: 0, Errors: 0, Skipped: 2, Time elapsed: 2.897 sec
Running org.springframework.data.jpa.repository.support.QueryDslJpaRepositoryTests
Tests run: 18, Failures: 0, Errors: 0, Skipped: 0, Time elapsed: 0.601 sec
Running org.springframework.data.jpa.repository.support.MailMessageRepositoryIntegrationTests
Tests run: 4, Failures: 0, Errors: 0, Skipped: 0, Time elapsed: 5.41 sec
Running org.springframework.data.jpa.repository.support.JavaConfigDefaultTransactionDisablingIntegrationTests
Tests run: 3, Failures: 0, Errors: 0, Skipped: 0, Time elapsed: 5.814 sec
Running org.springframework.data.jpa.repository.support.XmlConfigDefaultTransactionDisablingIntegrationTests
Tests run: 3, Failures: 0, Errors: 0, Skipped: 0, Time elapsed: 4.196 sec
Running org.springframework.data.jpa.repository.support.QueryDslRepositorySupportTests
Tests run: 4, Failures: 0, Errors: 0, Skipped: 0, Time elapsed: 0.164 sec
Running org.springframework.data.jpa.repository.support.QueryDslRepositorySupportIntegrationTests
Tests run: 2, Failures: 0, Errors: 0, Skipped: 0, Time elapsed: 1.243 sec
Running org.springframework.data.jpa.repository.support.JpaRepositoryTests
Tests run: 4, Failures: 0, Errors: 0, Skipped: 0, Time elapsed: 0.326 sec
Running org.springframework.data.jpa.repository.support.QuerydslIntegrationTests
Tests run: 2, Failures: 0, Errors: 2, Skipped: 0, Time elapsed: 0.079 sec <<< FAILURE!
defaultOrderingShouldNotGenerateAnNullOrderingHint(org.springframework.data.jpa.repository.support.QuerydslIntegrationTests)  Time elapsed: 0.043 sec  <<< ERROR!
java.lang.IllegalArgumentException: No joins given
	at com.querydsl.jpa.JPAQueryBase.serialize(JPAQueryBase.java:48)
	at com.querydsl.jpa.JPAQueryBase.toString(JPAQueryBase.java:215)
	at org.springframework.data.jpa.repository.support.QuerydslIntegrationTests.defaultOrderingShouldNotGenerateAnNullOrderingHint(QuerydslIntegrationTests.java:71)
	at sun.reflect.NativeMethodAccessorImpl.invoke0(Native Method)
	at sun.reflect.NativeMethodAccessorImpl.invoke(NativeMethodAccessorImpl.java:62)
	at sun.reflect.DelegatingMethodAccessorImpl.invoke(DelegatingMethodAccessorImpl.java:43)
	at java.lang.reflect.Method.invoke(Method.java:483)
	at org.junit.runners.model.FrameworkMethod$1.runReflectiveCall(FrameworkMethod.java:50)
	at org.junit.internal.runners.model.ReflectiveCallable.run(ReflectiveCallable.java:12)
	at org.junit.runners.model.FrameworkMethod.invokeExplosively(FrameworkMethod.java:47)
	at org.junit.internal.runners.statements.InvokeMethod.evaluate(InvokeMethod.java:17)
	at org.junit.internal.runners.statements.RunBefores.evaluate(RunBefores.java:26)
	at org.springframework.test.context.junit4.statements.RunBeforeTestMethodCallbacks.evaluate(RunBeforeTestMethodCallbacks.java:75)
	at org.springframework.test.context.junit4.statements.RunAfterTestMethodCallbacks.evaluate(RunAfterTestMethodCallbacks.java:86)
	at org.springframework.test.context.junit4.statements.SpringRepeat.evaluate(SpringRepeat.java:70)
	at org.junit.runners.ParentRunner.runLeaf(ParentRunner.java:325)
	at org.springframework.test.context.junit4.SpringJUnit4ClassRunner.runChild(SpringJUnit4ClassRunner.java:224)
	at org.springframework.test.context.junit4.SpringJUnit4ClassRunner.runChild(SpringJUnit4ClassRunner.java:83)
	at org.junit.runners.ParentRunner$3.run(ParentRunner.java:290)
	at org.junit.runners.ParentRunner$1.schedule(ParentRunner.java:71)
	at org.junit.runners.ParentRunner.runChildren(ParentRunner.java:288)
	at org.junit.runners.ParentRunner.access$000(ParentRunner.java:58)
	at org.junit.runners.ParentRunner$2.evaluate(ParentRunner.java:268)
	at org.springframework.test.context.junit4.statements.RunBeforeTestClassCallbacks.evaluate(RunBeforeTestClassCallbacks.java:61)
	at org.springframework.test.context.junit4.statements.RunAfterTestClassCallbacks.evaluate(RunAfterTestClassCallbacks.java:70)
	at org.junit.runners.ParentRunner.run(ParentRunner.java:363)
	at org.springframework.test.context.junit4.SpringJUnit4ClassRunner.run(SpringJUnit4ClassRunner.java:163)
	at org.apache.maven.surefire.junit4.JUnit4Provider.execute(JUnit4Provider.java:236)
	at org.apache.maven.surefire.junit4.JUnit4Provider.executeTestSet(JUnit4Provider.java:134)
	at org.apache.maven.surefire.junit4.JUnit4Provider.invoke(JUnit4Provider.java:113)
	at sun.reflect.NativeMethodAccessorImpl.invoke0(Native Method)
	at sun.reflect.NativeMethodAccessorImpl.invoke(NativeMethodAccessorImpl.java:62)
	at sun.reflect.DelegatingMethodAccessorImpl.invoke(DelegatingMethodAccessorImpl.java:43)
	at java.lang.reflect.Method.invoke(Method.java:483)
	at org.apache.maven.surefire.util.ReflectionUtils.invokeMethodWithArray(ReflectionUtils.java:189)
	at org.apache.maven.surefire.booter.ProviderFactory$ProviderProxy.invoke(ProviderFactory.java:165)
	at org.apache.maven.surefire.booter.ProviderFactory.invokeProvider(ProviderFactory.java:85)
	at org.apache.maven.surefire.booter.ForkedBooter.runSuitesInProcess(ForkedBooter.java:103)
	at org.apache.maven.surefire.booter.ForkedBooter.main(ForkedBooter.java:74)
testname(org.springframework.data.jpa.repository.support.QuerydslIntegrationTests)  Time elapsed: 0.003 sec  <<< ERROR!
java.lang.IllegalArgumentException: No joins given
	at com.querydsl.jpa.JPAQueryBase.serialize(JPAQueryBase.java:48)
	at com.querydsl.jpa.JPAQueryBase.toString(JPAQueryBase.java:215)
	at org.springframework.data.jpa.repository.support.QuerydslIntegrationTests.testname(QuerydslIntegrationTests.java:77)
	at sun.reflect.NativeMethodAccessorImpl.invoke0(Native Method)
	at sun.reflect.NativeMethodAccessorImpl.invoke(NativeMethodAccessorImpl.java:62)
	at sun.reflect.DelegatingMethodAccessorImpl.invoke(DelegatingMethodAccessorImpl.java:43)
	at java.lang.reflect.Method.invoke(Method.java:483)
	at org.junit.runners.model.FrameworkMethod$1.runReflectiveCall(FrameworkMethod.java:50)
	at org.junit.internal.runners.model.ReflectiveCallable.run(ReflectiveCallable.java:12)
	at org.junit.runners.model.FrameworkMethod.invokeExplosively(FrameworkMethod.java:47)
	at org.junit.internal.runners.statements.InvokeMethod.evaluate(InvokeMethod.java:17)
	at org.junit.internal.runners.statements.RunBefores.evaluate(RunBefores.java:26)
	at org.springframework.test.context.junit4.statements.RunBeforeTestMethodCallbacks.evaluate(RunBeforeTestMethodCallbacks.java:75)
	at org.springframework.test.context.junit4.statements.RunAfterTestMethodCallbacks.evaluate(RunAfterTestMethodCallbacks.java:86)
	at org.springframework.test.context.junit4.statements.SpringRepeat.evaluate(SpringRepeat.java:70)
	at org.junit.runners.ParentRunner.runLeaf(ParentRunner.java:325)
	at org.springframework.test.context.junit4.SpringJUnit4ClassRunner.runChild(SpringJUnit4ClassRunner.java:224)
	at org.springframework.test.context.junit4.SpringJUnit4ClassRunner.runChild(SpringJUnit4ClassRunner.java:83)
	at org.junit.runners.ParentRunner$3.run(ParentRunner.java:290)
	at org.junit.runners.ParentRunner$1.schedule(ParentRunner.java:71)
	at org.junit.runners.ParentRunner.runChildren(ParentRunner.java:288)
	at org.junit.runners.ParentRunner.access$000(ParentRunner.java:58)
	at org.junit.runners.ParentRunner$2.evaluate(ParentRunner.java:268)
	at org.springframework.test.context.junit4.statements.RunBeforeTestClassCallbacks.evaluate(RunBeforeTestClassCallbacks.java:61)
	at org.springframework.test.context.junit4.statements.RunAfterTestClassCallbacks.evaluate(RunAfterTestClassCallbacks.java:70)
	at org.junit.runners.ParentRunner.run(ParentRunner.java:363)
	at org.springframework.test.context.junit4.SpringJUnit4ClassRunner.run(SpringJUnit4ClassRunner.java:163)
	at org.apache.maven.surefire.junit4.JUnit4Provider.execute(JUnit4Provider.java:236)
	at org.apache.maven.surefire.junit4.JUnit4Provider.executeTestSet(JUnit4Provider.java:134)
	at org.apache.maven.surefire.junit4.JUnit4Provider.invoke(JUnit4Provider.java:113)
	at sun.reflect.NativeMethodAccessorImpl.invoke0(Native Method)
	at sun.reflect.NativeMethodAccessorImpl.invoke(NativeMethodAccessorImpl.java:62)
	at sun.reflect.DelegatingMethodAccessorImpl.invoke(DelegatingMethodAccessorImpl.java:43)
	at java.lang.reflect.Method.invoke(Method.java:483)
	at org.apache.maven.surefire.util.ReflectionUtils.invokeMethodWithArray(ReflectionUtils.java:189)
	at org.apache.maven.surefire.booter.ProviderFactory$ProviderProxy.invoke(ProviderFactory.java:165)
	at org.apache.maven.surefire.booter.ProviderFactory.invokeProvider(ProviderFactory.java:85)
	at org.apache.maven.surefire.booter.ForkedBooter.runSuitesInProcess(ForkedBooter.java:103)
	at org.apache.maven.surefire.booter.ForkedBooter.main(ForkedBooter.java:74)
Running org.springframework.data.jpa.repository.support.EntityManagerFactoryRefTests
Tests run: 2, Failures: 0, Errors: 0, Skipped: 0, Time elapsed: 6.284 sec
Running org.springframework.data.jpa.repository.support.DefaultJpaContextIntegrationTests
Tests run: 3, Failures: 0, Errors: 0, Skipped: 0, Time elapsed: 1.135 sec
Running org.springframework.data.jpa.repository.query.PartTreeJpaQueryIntegrationTests
Tests run: 4, Failures: 0, Errors: 0, Skipped: 0, Time elapsed: 0.093 sec
Running org.springframework.data.jpa.repository.query.ParameterExpressionProviderTests
Tests run: 1, Failures: 0, Errors: 0, Skipped: 0, Time elapsed: 0.031 sec
Running org.springframework.data.jpa.repository.query.QueryUtilsIntegrationTests
Tests run: 6, Failures: 0, Errors: 0, Skipped: 0, Time elapsed: 0.962 sec
Running org.springframework.data.jpa.repository.query.ParameterMetadataProviderIntegrationTests
Tests run: 3, Failures: 0, Errors: 0, Skipped: 0, Time elapsed: 0.056 sec
Running org.springframework.data.jpa.repository.query.AbstractJpaQueryTests
Tests run: 5, Failures: 0, Errors: 0, Skipped: 2, Time elapsed: 0.272 sec
Running org.springframework.data.jpa.repository.cdi.CdiExtensionIntegrationTests
Nov 16, 2015 5:15:06 PM org.apache.webbeans.lifecycle.AbstractLifeCycle bootstrapApplication
INFO: OpenWebBeans Container is starting...
Nov 16, 2015 5:15:06 PM org.apache.webbeans.corespi.scanner.AbstractMetaDataDiscovery addWebBeansXmlLocation
INFO: added beans.xml marker: file:/home/travis/build/spring-projects/spring-data-jpa/target/test-classes/META-INF/beans.xml
Nov 16, 2015 5:15:09 PM org.apache.webbeans.config.BeansDeployer validateInjectionPoints
INFO: All injection points were validated successfully.
Nov 16, 2015 5:15:10 PM org.apache.webbeans.lifecycle.AbstractLifeCycle bootstrapApplication
INFO: OpenWebBeans Container has started, it took [4402] ms.
Tests run: 4, Failures: 0, Errors: 0, Skipped: 0, Time elapsed: 4.98 sec
Running org.springframework.data.jpa.repository.StoredProcedureIntegrationTests
Tests run: 12, Failures: 0, Errors: 0, Skipped: 12, Time elapsed: 5.099 sec
Running org.springframework.data.jpa.repository.UserRepositoryFinderTests
Tests run: 12, Failures: 0, Errors: 0, Skipped: 0, Time elapsed: 5.477 sec
Running org.springframework.data.jpa.repository.RoleRepositoryIntegrationTests
Tests run: 5, Failures: 0, Errors: 0, Skipped: 0, Time elapsed: 3.81 sec
Running org.springframework.data.jpa.repository.config.JpaRepositoryConfigDefinitionParserTests
Tests run: 1, Failures: 0, Errors: 0, Skipped: 0, Time elapsed: 0.925 sec
Running org.springframework.data.jpa.repository.config.JpaRepositoriesRegistrarIntegrationTests
Tests run: 2, Failures: 0, Errors: 0, Skipped: 0, Time elapsed: 2.709 sec
Running org.springframework.data.jpa.repository.config.RepositoryConfigTests
Tests run: 3, Failures: 0, Errors: 0, Skipped: 0, Time elapsed: 0.034 sec
Running org.springframework.data.jpa.repository.config.ExplicitAuditingViaJavaConfigRepositoriesTests
Tests run: 2, Failures: 0, Errors: 0, Skipped: 0, Time elapsed: 4.339 sec
Running org.springframework.data.jpa.repository.config.RepositoriesJavaConfigTests
Tests run: 1, Failures: 0, Errors: 0, Skipped: 0, Time elapsed: 3.185 sec
Running org.springframework.data.jpa.repository.config.AuditingBeanDefinitionParserTests
Tests run: 4, Failures: 0, Errors: 0, Skipped: 0, Time elapsed: 0.39 sec
Running org.springframework.data.jpa.repository.config.NestedRepositoriesJavaConfigTests
Tests run: 1, Failures: 0, Errors: 0, Skipped: 0, Time elapsed: 2.82 sec
Running org.springframework.data.jpa.repository.config.DefaultAuditingViaJavaConfigRepositoriesTests
Tests run: 2, Failures: 0, Errors: 0, Skipped: 0, Time elapsed: 2.619 sec
Running org.springframework.data.jpa.repository.config.AllowNestedRepositoriesRepositoryConfigTests
Tests run: 4, Failures: 0, Errors: 0, Skipped: 0, Time elapsed: 2.33 sec
Running org.springframework.data.jpa.repository.config.CustomRepositoryFactoryConfigTests
Tests run: 3, Failures: 0, Errors: 0, Skipped: 0, Time elapsed: 1.264 sec
Running org.springframework.data.jpa.repository.config.RepositoryAutoConfigTests
Tests run: 3, Failures: 0, Errors: 0, Skipped: 0, Time elapsed: 1.974 sec
Running org.springframework.data.jpa.repository.config.QueryLookupStrategyTests
Tests run: 1, Failures: 0, Errors: 0, Skipped: 0, Time elapsed: 1.337 sec
Running org.springframework.data.jpa.repository.config.TypeFilterConfigTests
Tests run: 3, Failures: 0, Errors: 0, Skipped: 0, Time elapsed: 1.57 sec
Running org.springframework.data.jpa.repository.CustomAbstractPersistableIntegrationTests
Tests run: 1, Failures: 0, Errors: 0, Skipped: 0, Time elapsed: 0.007 sec
Running org.springframework.data.jpa.repository.JavaConfigUserRepositoryTests
Tests run: 134, Failures: 0, Errors: 0, Skipped: 2, Time elapsed: 6.789 sec
Running org.springframework.data.jpa.repository.UserRepositoryTests
Tests run: 133, Failures: 0, Errors: 0, Skipped: 2, Time elapsed: 4.189 sec
Running org.springframework.data.jpa.repository.EntityGraphRepositoryMethodsIntegrationTests
Tests run: 4, Failures: 0, Errors: 0, Skipped: 4, Time elapsed: 0.03 sec
Running org.springframework.data.jpa.repository.UserRepositoryStoredProcedureTests
Tests run: 5, Failures: 0, Errors: 0, Skipped: 5, Time elapsed: 0.008 sec
Running org.springframework.data.jpa.repository.ParentRepositoryIntegrationTests
Tests run: 2, Failures: 0, Errors: 0, Skipped: 0, Time elapsed: 0.108 sec
Running org.springframework.data.jpa.repository.RepositoryWithCompositeKeyTests
Tests run: 8, Failures: 0, Errors: 0, Skipped: 0, Time elapsed: 0.237 sec
Running org.springframework.data.jpa.repository.NamespaceUserRepositoryTests
Tests run: 134, Failures: 0, Errors: 0, Skipped: 2, Time elapsed: 2.855 sec
Running org.springframework.data.jpa.repository.AbstractPersistableIntegrationTests
Tests run: 1, Failures: 0, Errors: 0, Skipped: 0, Time elapsed: 0.007 sec
Running org.springframework.data.jpa.repository.SPR8954Tests
Tests run: 1, Failures: 0, Errors: 0, Skipped: 0, Time elapsed: 0.002 sec
Running org.springframework.data.jpa.repository.RedeclaringRepositoryMethodsTests
Tests run: 2, Failures: 0, Errors: 0, Skipped: 0, Time elapsed: 0.007 sec
Running org.springframework.data.jpa.repository.ORMInfrastructureTests
Tests run: 1, Failures: 0, Errors: 0, Skipped: 0, Time elapsed: 0.004 sec
Running org.springframework.data.jpa.repository.MappedTypeRepositoryIntegrationTests
Tests run: 2, Failures: 0, Errors: 0, Skipped: 0, Time elapsed: 0.034 sec
Running org.springframework.data.jpa.repository.SimpleJpaParameterBindingTests
Tests run: 2, Failures: 0, Errors: 0, Skipped: 1, Time elapsed: 0.005 sec
Running org.springframework.data.jpa.domain.support.AuditingEntityListenerTests
Tests run: 4, Failures: 0, Errors: 0, Skipped: 0, Time elapsed: 2.353 sec
Running org.springframework.data.jpa.domain.JpaSortTests
Tests run: 17, Failures: 0, Errors: 0, Skipped: 0, Time elapsed: 0.011 sec
Running org.springframework.data.jpa.infrastructure.HibernateMetamodelIntegrationTests
Tests run: 3, Failures: 0, Errors: 0, Skipped: 2, Time elapsed: 0.008 sec
Running org.springframework.data.jpa.convert.threetenbp.ThreeTenBackPortJpaConvertersIntegrationTests
Tests run: 1, Failures: 0, Errors: 0, Skipped: 1, Time elapsed: 0.665 sec
Running org.springframework.data.jpa.convert.threeten.Jsr310JpaConvertersIntegrationTests
Tests run: 1, Failures: 0, Errors: 0, Skipped: 1, Time elapsed: 0.804 sec
Running org.springframework.data.jpa.mapping.JpaMetamodelMappingContextIntegrationTests
Tests run: 6, Failures: 0, Errors: 0, Skipped: 0, Time elapsed: 0.618 sec
Running org.springframework.data.jpa.provider.PersistenceProviderIntegrationTests
Tests run: 1, Failures: 0, Errors: 0, Skipped: 0, Time elapsed: 1.144 sec

Results :

Tests in error: 
  defaultOrderingShouldNotGenerateAnNullOrderingHint(org.springframework.data.jpa.repository.support.QuerydslIntegrationTests): No joins given
  testname(org.springframework.data.jpa.repository.support.QuerydslIntegrationTests): No joins given

Tests run: 611, Failures: 0, Errors: 2, Skipped: 36

[INFO] ------------------------------------------------------------------------
[INFO] BUILD FAILURE
[INFO] ------------------------------------------------------------------------
[INFO] Total time: 02:54 min
[INFO] Finished at: 2015-11-16T17:16:10+00:00
[INFO] Final Memory: 37M/464M
[INFO] ------------------------------------------------------------------------
[ERROR] Failed to execute goal org.apache.maven.plugins:maven-surefire-plugin:2.12:test (integration-tests) on project spring-data-jpa: There are test failures.
[ERROR] 
[ERROR] Please refer to /home/travis/build/spring-projects/spring-data-jpa/target/surefire-reports for the individual test results.
[ERROR] -> [Help 1]
[ERROR] 
[ERROR] To see the full stack trace of the errors, re-run Maven with the -e switch.
[ERROR] Re-run Maven using the -X switch to enable full debug logging.
[ERROR] 
[ERROR] For more information about the errors and possible solutions, please read the following articles:
[ERROR] [Help 1] http://cwiki.apache.org/confluence/display/MAVEN/MojoFailureException
travis_time:end:0729ac96:start=1447693993807832203,finish=1447694172617405082,duration=178809572879[0K
[31;1mThe command "mvn clean dependency:list test -P${PROFILE} -Dsort" exited with 1.[0m
travis_fold:start:cache.2[0Kstore build cache
travis_time:start:0b6f1156[0Ktravis_time:end:0b6f1156:start=1447694172623895398,finish=1447694172628587698,duration=4692300[0Ktravis_time:start:0e026320[0Kchange detected:
/home/travis/.m2/repository/com/google/code/findbugs/annotations/2.0.1/annotations-2.0.1.jar
/home/travis/.m2/repository/com/google/code/findbugs/annotations/2.0.1/annotations-2.0.1.jar.sha1
/home/travis/.m2/repository/com/google/code/findbugs/annotations/2.0.1/annotations-2.0.1.pom
/home/travis/.m2/repository/com/google/code/findbugs/annotations/2.0.1/annotations-2.0.1.pom.sha1
/home/travis/.m2/repository/com/google/code/findbugs/annotations/2.0.1/_remote.repositories
/home/travis/.m2/repository/com/google/guava/guava/15.0/guava-15.0.pom
/home/travis/.m2/repository/com/google/guava/guava/15.0/guava-15.0.pom.sha1
/home/travis/.m2/repository/com/google/guava/guava/15.0/_remote.repositories
/home/travis/.m2/repository/com/google/guava/guava-parent/15.0/guava-parent-15.0.pom
/home/travis/.m2/repository/com/google/guava/guava-parent/15.0/guava-parent-15.0.pom.sha1
/home/travis/.m2/repository/com/google/guava/guava-parent/15.0/_remote.repositories
/home/travis/.m2/repository/com/querydsl/que
...
changes detected, packing new archive
.
.
.
uploading archive
travis_time:end:0e026320:start=1447694172633905625,finish=1447694196253601905,duration=23619696280[0Ktravis_fold:end:cache.2[0K
Done. Your build exited with 1.
