travis_fold:start:worker_info[0K[33;1mWorker information[0m
hostname: i-06af0ab-precise-production-2-worker-org-docker.travisci.net:1aed988d-d7ca-4970-9c3f-74c2cf2db83d
version: v2.5.0 https://github.com/travis-ci/worker/tree/da3a43228dffc0fcca5a46569ca786b22991979f
instance: cb54eb3:travis:java
startup: 549.622836ms
travis_fold:end:worker_info[0Ktravis_fold:start:system_info[0K[33;1mBuild system information[0m
Build language: java
Build group: stable
Build dist: precise
Build id: 206563527
Job id: 206563528
travis-build version: c56b13141
[34m[1mBuild image provisioning date and time[0m
Thu Feb  5 15:09:33 UTC 2015
[34m[1mOperating System Details[0m
Distributor ID:	Ubuntu
Description:	Ubuntu 12.04.5 LTS
Release:	12.04
Codename:	precise
[34m[1mLinux Version[0m
3.13.0-29-generic
[34m[1mCookbooks Version[0m
a68419e https://github.com/travis-ci/travis-cookbooks/tree/a68419e
[34m[1mGCC version[0m
gcc (Ubuntu/Linaro 4.6.3-1ubuntu5) 4.6.3
Copyright (C) 2011 Free Software Foundation, Inc.
This is free software; see the source for copying conditions.  There is NO
warranty; not even for MERCHANTABILITY or FITNESS FOR A PARTICULAR PURPOSE.

[34m[1mLLVM version[0m
clang version 3.4 (tags/RELEASE_34/final)
Target: x86_64-unknown-linux-gnu
Thread model: posix
[34m[1mPre-installed Ruby versions[0m
ruby-1.9.3-p551
[34m[1mPre-installed Node.js versions[0m
v0.10.36
[34m[1mPre-installed Go versions[0m
1.4.1
[34m[1mRedis version[0m
redis-server 2.8.19
[34m[1mriak version[0m
2.0.2
[34m[1mMongoDB version[0m
MongoDB 2.4.12
[34m[1mCouchDB version[0m
couchdb 1.6.1
[34m[1mNeo4j version[0m
1.9.4
[34m[1mRabbitMQ Version[0m
3.4.3
[34m[1mElasticSearch version[0m
1.4.0
[34m[1mInstalled Sphinx versions[0m
2.0.10
2.1.9
2.2.6
[34m[1mDefault Sphinx version[0m
2.2.6
[34m[1mInstalled Firefox version[0m
firefox 31.0esr
[34m[1mPhantomJS version[0m
1.9.8
[34m[1mant -version[0m
Apache Ant(TM) version 1.8.2 compiled on December 3 2011
[34m[1mmvn -version[0m
Apache Maven 3.2.5 (12a6b3acb947671f09b81f49094c53f426d8cea1; 2014-12-14T17:29:23+00:00)
Maven home: /usr/local/maven
Java version: 1.7.0_76, vendor: Oracle Corporation
Java home: /usr/lib/jvm/java-7-oracle/jre
Default locale: en_US, platform encoding: ANSI_X3.4-1968
OS name: "linux", version: "3.13.0-29-generic", arch: "amd64", family: "unix"
travis_fold:end:system_info[0K
travis_fold:start:fix.CVE-2015-7547[0K$ export DEBIAN_FRONTEND=noninteractive
Reading package lists...
Building dependency tree...
Reading state information...
The following extra packages will be installed:
  libc-bin libc-dev-bin libc6-dev
Suggested packages:
  glibc-doc
The following packages will be upgraded:
  libc-bin libc-dev-bin libc6 libc6-dev
4 upgraded, 0 newly installed, 0 to remove and 271 not upgraded.
Need to get 8,840 kB of archives.
After this operation, 14.3 kB disk space will be freed.
Get:1 http://us.archive.ubuntu.com/ubuntu/ precise-updates/main libc6-dev amd64 2.15-0ubuntu10.15 [2,943 kB]
Get:2 http://us.archive.ubuntu.com/ubuntu/ precise-updates/main libc-dev-bin amd64 2.15-0ubuntu10.15 [84.7 kB]
Get:3 http://us.archive.ubuntu.com/ubuntu/ precise-updates/main libc-bin amd64 2.15-0ubuntu10.15 [1,177 kB]
Get:4 http://us.archive.ubuntu.com/ubuntu/ precise-updates/main libc6 amd64 2.15-0ubuntu10.15 [4,636 kB]
Fetched 8,840 kB in 0s (30.6 MB/s)
Preconfiguring packages ...
(Reading database ... (Reading database ... 5%(Reading database ... 10%(Reading database ... 15%(Reading database ... 20%(Reading database ... 25%(Reading database ... 30%(Reading database ... 35%(Reading database ... 40%(Reading database ... 45%(Reading database ... 50%(Reading database ... 55%(Reading database ... 60%(Reading database ... 65%(Reading database ... 70%(Reading database ... 75%(Reading database ... 80%(Reading database ... 85%(Reading database ... 90%(Reading database ... 95%(Reading database ... 100%(Reading database ... 72019 files and directories currently installed.)
Preparing to replace libc6-dev 2.15-0ubuntu10.10 (using .../libc6-dev_2.15-0ubuntu10.15_amd64.deb) ...
Unpacking replacement libc6-dev ...
Preparing to replace libc-dev-bin 2.15-0ubuntu10.10 (using .../libc-dev-bin_2.15-0ubuntu10.15_amd64.deb) ...
Unpacking replacement libc-dev-bin ...
Preparing to replace libc-bin 2.15-0ubuntu10.10 (using .../libc-bin_2.15-0ubuntu10.15_amd64.deb) ...
Unpacking replacement libc-bin ...
Processing triggers for man-db ...
Setting up libc-bin (2.15-0ubuntu10.15) ...
(Reading database ... (Reading database ... 5%(Reading database ... 10%(Reading database ... 15%(Reading database ... 20%(Reading database ... 25%(Reading database ... 30%(Reading database ... 35%(Reading database ... 40%(Reading database ... 45%(Reading database ... 50%(Reading database ... 55%(Reading database ... 60%(Reading database ... 65%(Reading database ... 70%(Reading database ... 75%(Reading database ... 80%(Reading database ... 85%(Reading database ... 90%(Reading database ... 95%(Reading database ... 100%(Reading database ... 72018 files and directories currently installed.)
Preparing to replace libc6 2.15-0ubuntu10.10 (using .../libc6_2.15-0ubuntu10.15_amd64.deb) ...
Unpacking replacement libc6 ...
Setting up libc6 (2.15-0ubuntu10.15) ...
Setting up libc-dev-bin (2.15-0ubuntu10.15) ...
Setting up libc6-dev (2.15-0ubuntu10.15) ...
Processing triggers for libc-bin ...
ldconfig deferred processing now taking place
travis_fold:end:fix.CVE-2015-7547[0K$ jdk_switcher use oraclejdk8
Switching to Oracle JDK8 (java-8-oracle), JAVA_HOME will be set to /usr/lib/jvm/java-8-oracle
travis_fold:start:git.checkout[0Ktravis_time:start:18494406[0K$ git clone --depth=50 --branch=SONARPHP-684 https://github.com/SonarSource/sonar-php.git SonarSource/sonar-php
Cloning into 'SonarSource/sonar-php'...
remote: Counting objects: 3818, done.[K
remote: Compressing objects:   0% (1/1448)   [Kremote: Compressing objects:   1% (15/1448)   [Kremote: Compressing objects:   2% (29/1448)   [Kremote: Compressing objects:   3% (44/1448)   [Kremote: Compressing objects:   4% (58/1448)   [Kremote: Compressing objects:   5% (73/1448)   [Kremote: Compressing objects:   6% (87/1448)   [Kremote: Compressing objects:   7% (102/1448)   [Kremote: Compressing objects:   8% (116/1448)   [Kremote: Compressing objects:   9% (131/1448)   [Kremote: Compressing objects:  10% (145/1448)   [Kremote: Compressing objects:  11% (160/1448)   [Kremote: Compressing objects:  12% (174/1448)   [Kremote: Compressing objects:  13% (189/1448)   [Kremote: Compressing objects:  14% (203/1448)   [Kremote: Compressing objects:  15% (218/1448)   [Kremote: Compressing objects:  16% (232/1448)   [Kremote: Compressing objects:  17% (247/1448)   [Kremote: Compressing objects:  18% (261/1448)   [Kremote: Compressing objects:  19% (276/1448)   [Kremote: Compressing objects:  20% (290/1448)   [Kremote: Compressing objects:  21% (305/1448)   [Kremote: Compressing objects:  22% (319/1448)   [Kremote: Compressing objects:  23% (334/1448)   [Kremote: Compressing objects:  24% (348/1448)   [Kremote: Compressing objects:  25% (362/1448)   [Kremote: Compressing objects:  26% (377/1448)   [Kremote: Compressing objects:  27% (391/1448)   [Kremote: Compressing objects:  28% (406/1448)   [Kremote: Compressing objects:  29% (420/1448)   [Kremote: Compressing objects:  30% (435/1448)   [Kremote: Compressing objects:  31% (449/1448)   [Kremote: Compressing objects:  32% (464/1448)   [Kremote: Compressing objects:  33% (478/1448)   [Kremote: Compressing objects:  34% (493/1448)   [Kremote: Compressing objects:  35% (507/1448)   [Kremote: Compressing objects:  36% (522/1448)   [Kremote: Compressing objects:  37% (536/1448)   [Kremote: Compressing objects:  38% (551/1448)   [Kremote: Compressing objects:  39% (565/1448)   [Kremote: Compressing objects:  40% (580/1448)   [Kremote: Compressing objects:  41% (594/1448)   [Kremote: Compressing objects:  42% (609/1448)   [Kremote: Compressing objects:  43% (623/1448)   [Kremote: Compressing objects:  44% (638/1448)   [Kremote: Compressing objects:  45% (652/1448)   [Kremote: Compressing objects:  46% (667/1448)   [Kremote: Compressing objects:  47% (681/1448)   [Kremote: Compressing objects:  48% (696/1448)   [Kremote: Compressing objects:  49% (710/1448)   [Kremote: Compressing objects:  50% (724/1448)   [Kremote: Compressing objects:  51% (739/1448)   [Kremote: Compressing objects:  52% (753/1448)   [Kremote: Compressing objects:  53% (768/1448)   [Kremote: Compressing objects:  54% (782/1448)   [Kremote: Compressing objects:  55% (797/1448)   [Kremote: Compressing objects:  56% (811/1448)   [Kremote: Compressing objects:  57% (826/1448)   [Kremote: Compressing objects:  58% (840/1448)   [Kremote: Compressing objects:  59% (855/1448)   [Kremote: Compressing objects:  60% (869/1448)   [Kremote: Compressing objects:  61% (884/1448)   [Kremote: Compressing objects:  62% (898/1448)   [Kremote: Compressing objects:  63% (913/1448)   [Kremote: Compressing objects:  64% (927/1448)   [Kremote: Compressing objects:  65% (942/1448)   [Kremote: Compressing objects:  66% (956/1448)   [Kremote: Compressing objects:  67% (971/1448)   [Kremote: Compressing objects:  68% (985/1448)   [Kremote: Compressing objects:  69% (1000/1448)   [Kremote: Compressing objects:  70% (1014/1448)   [Kremote: Compressing objects:  71% (1029/1448)   [Kremote: Compressing objects:  72% (1043/1448)   [Kremote: Compressing objects:  73% (1058/1448)   [Kremote: Compressing objects:  74% (1072/1448)   [Kremote: Compressing objects:  75% (1086/1448)   [Kremote: Compressing objects:  76% (1101/1448)   [Kremote: Compressing objects:  77% (1115/1448)   [Kremote: Compressing objects:  78% (1130/1448)   [Kremote: Compressing objects:  79% (1144/1448)   [Kremote: Compressing objects:  80% (1159/1448)   [Kremote: Compressing objects:  81% (1173/1448)   [Kremote: Compressing objects:  82% (1188/1448)   [Kremote: Compressing objects:  83% (1202/1448)   [Kremote: Compressing objects:  84% (1217/1448)   [Kremote: Compressing objects:  85% (1231/1448)   [Kremote: Compressing objects:  86% (1246/1448)   [Kremote: Compressing objects:  87% (1260/1448)   [Kremote: Compressing objects:  88% (1275/1448)   [Kremote: Compressing objects:  89% (1289/1448)   [Kremote: Compressing objects:  90% (1304/1448)   [Kremote: Compressing objects:  91% (1318/1448)   [Kremote: Compressing objects:  92% (1333/1448)   [Kremote: Compressing objects:  93% (1347/1448)   [Kremote: Compressing objects:  94% (1362/1448)   [Kremote: Compressing objects:  95% (1376/1448)   [Kremote: Compressing objects:  96% (1391/1448)   [Kremote: Compressing objects:  97% (1405/1448)   [Kremote: Compressing objects:  98% (1420/1448)   [Kremote: Compressing objects:  99% (1434/1448)   [Kremote: Compressing objects: 100% (1448/1448)   [Kremote: Compressing objects: 100% (1448/1448), done.[K
Receiving objects:   0% (1/3818)   Receiving objects:   1% (39/3818)   Receiving objects:   2% (77/3818)   Receiving objects:   3% (115/3818)   Receiving objects:   4% (153/3818)   Receiving objects:   5% (191/3818)   Receiving objects:   6% (230/3818)   Receiving objects:   7% (268/3818)   Receiving objects:   8% (306/3818)   Receiving objects:   9% (344/3818)   Receiving objects:  10% (382/3818)   Receiving objects:  11% (420/3818)   Receiving objects:  12% (459/3818)   Receiving objects:  13% (497/3818)   Receiving objects:  14% (535/3818)   Receiving objects:  15% (573/3818)   Receiving objects:  16% (611/3818)   Receiving objects:  17% (650/3818)   Receiving objects:  18% (688/3818)   Receiving objects:  19% (726/3818)   Receiving objects:  20% (764/3818)   Receiving objects:  21% (802/3818)   Receiving objects:  22% (840/3818)   Receiving objects:  23% (879/3818)   Receiving objects:  24% (917/3818)   Receiving objects:  25% (955/3818)   Receiving objects:  26% (993/3818)   Receiving objects:  27% (1031/3818)   Receiving objects:  28% (1070/3818)   Receiving objects:  29% (1108/3818)   Receiving objects:  30% (1146/3818)   Receiving objects:  31% (1184/3818)   Receiving objects:  32% (1222/3818)   Receiving objects:  33% (1260/3818)   Receiving objects:  34% (1299/3818)   Receiving objects:  35% (1337/3818)   Receiving objects:  36% (1375/3818)   Receiving objects:  37% (1413/3818)   Receiving objects:  38% (1451/3818)   Receiving objects:  39% (1490/3818)   Receiving objects:  40% (1528/3818)   Receiving objects:  41% (1566/3818)   Receiving objects:  42% (1604/3818)   Receiving objects:  43% (1642/3818)   Receiving objects:  44% (1680/3818)   Receiving objects:  45% (1719/3818)   Receiving objects:  46% (1757/3818)   Receiving objects:  47% (1795/3818)   Receiving objects:  48% (1833/3818)   Receiving objects:  49% (1871/3818)   Receiving objects:  50% (1909/3818)   Receiving objects:  51% (1948/3818)   Receiving objects:  52% (1986/3818)   Receiving objects:  53% (2024/3818)   Receiving objects:  54% (2062/3818)   Receiving objects:  55% (2100/3818)   Receiving objects:  56% (2139/3818)   Receiving objects:  57% (2177/3818)   Receiving objects:  58% (2215/3818)   Receiving objects:  59% (2253/3818)   Receiving objects:  60% (2291/3818)   Receiving objects:  61% (2329/3818)   Receiving objects:  62% (2368/3818)   Receiving objects:  63% (2406/3818)   Receiving objects:  64% (2444/3818)   Receiving objects:  65% (2482/3818)   Receiving objects:  66% (2520/3818)   Receiving objects:  67% (2559/3818)   Receiving objects:  68% (2597/3818)   Receiving objects:  69% (2635/3818)   Receiving objects:  70% (2673/3818)   Receiving objects:  71% (2711/3818)   Receiving objects:  72% (2749/3818)   Receiving objects:  73% (2788/3818)   Receiving objects:  74% (2826/3818)   Receiving objects:  75% (2864/3818)   Receiving objects:  76% (2902/3818)   Receiving objects:  77% (2940/3818)   Receiving objects:  78% (2979/3818)   Receiving objects:  79% (3017/3818)   Receiving objects:  80% (3055/3818)   Receiving objects:  81% (3093/3818)   Receiving objects:  82% (3131/3818)   Receiving objects:  83% (3169/3818)   Receiving objects:  84% (3208/3818)   Receiving objects:  85% (3246/3818)   Receiving objects:  86% (3284/3818)   Receiving objects:  87% (3322/3818)   Receiving objects:  88% (3360/3818)   Receiving objects:  89% (3399/3818)   Receiving objects:  90% (3437/3818)   Receiving objects:  91% (3475/3818)   Receiving objects:  92% (3513/3818)   Receiving objects:  93% (3551/3818)   Receiving objects:  94% (3589/3818)   Receiving objects:  95% (3628/3818)   Receiving objects:  96% (3666/3818)   Receiving objects:  97% (3704/3818)   Receiving objects:  98% (3742/3818)   remote: Total 3818 (delta 2224), reused 3094 (delta 1880), pack-reused 0[K
Receiving objects:  99% (3780/3818)   Receiving objects: 100% (3818/3818)   Receiving objects: 100% (3818/3818), 1.15 MiB | 0 bytes/s, done.
Resolving deltas:   0% (0/2224)   Resolving deltas:   1% (25/2224)   Resolving deltas:   2% (50/2224)   Resolving deltas:   3% (69/2224)   Resolving deltas:   4% (89/2224)   Resolving deltas:   5% (112/2224)   Resolving deltas:   6% (136/2224)   Resolving deltas:   7% (157/2224)   Resolving deltas:   8% (179/2224)   Resolving deltas:   9% (201/2224)   Resolving deltas:  11% (245/2224)   Resolving deltas:  14% (322/2224)   Resolving deltas:  15% (334/2224)   Resolving deltas:  16% (372/2224)   Resolving deltas:  17% (379/2224)   Resolving deltas:  18% (409/2224)   Resolving deltas:  19% (441/2224)   Resolving deltas:  20% (459/2224)   Resolving deltas:  21% (468/2224)   Resolving deltas:  22% (494/2224)   Resolving deltas:  23% (521/2224)   Resolving deltas:  24% (536/2224)   Resolving deltas:  25% (570/2224)   Resolving deltas:  26% (582/2224)   Resolving deltas:  27% (605/2224)   Resolving deltas:  28% (624/2224)   Resolving deltas:  29% (645/2224)   Resolving deltas:  30% (669/2224)   Resolving deltas:  31% (697/2224)   Resolving deltas:  32% (713/2224)   Resolving deltas:  33% (754/2224)   Resolving deltas:  34% (757/2224)   Resolving deltas:  35% (782/2224)   Resolving deltas:  36% (813/2224)   Resolving deltas:  37% (836/2224)   Resolving deltas:  38% (856/2224)   Resolving deltas:  39% (868/2224)   Resolving deltas:  40% (896/2224)   Resolving deltas:  41% (914/2224)   Resolving deltas:  42% (935/2224)   Resolving deltas:  44% (994/2224)   Resolving deltas:  45% (1006/2224)   Resolving deltas:  52% (1159/2224)   Resolving deltas:  53% (1185/2224)   Resolving deltas:  54% (1209/2224)   Resolving deltas:  55% (1224/2224)   Resolving deltas:  56% (1247/2224)   Resolving deltas:  57% (1279/2224)   Resolving deltas:  61% (1373/2224)   Resolving deltas:  62% (1381/2224)   Resolving deltas:  63% (1402/2224)   Resolving deltas:  64% (1424/2224)   Resolving deltas:  66% (1478/2224)   Resolving deltas:  67% (1494/2224)   Resolving deltas:  68% (1522/2224)   Resolving deltas:  72% (1617/2224)   Resolving deltas:  73% (1640/2224)   Resolving deltas:  74% (1653/2224)   Resolving deltas:  77% (1721/2224)   Resolving deltas:  83% (1852/2224)   Resolving deltas:  84% (1880/2224)   Resolving deltas:  85% (1892/2224)   Resolving deltas:  86% (1915/2224)   Resolving deltas:  88% (1960/2224)   Resolving deltas:  89% (1987/2224)   Resolving deltas:  90% (2004/2224)   Resolving deltas:  91% (2045/2224)   Resolving deltas:  92% (2064/2224)   Resolving deltas:  93% (2082/2224)   Resolving deltas:  94% (2109/2224)   Resolving deltas:  95% (2118/2224)   Resolving deltas:  96% (2151/2224)   Resolving deltas:  97% (2171/2224)   Resolving deltas:  98% (2181/2224)   Resolving deltas:  99% (2206/2224)   Resolving deltas: 100% (2224/2224)   Resolving deltas: 100% (2224/2224), done.
Checking connectivity... done.

travis_time:end:18494406:start=1488366337108218646,finish=1488366337889290375,duration=781071729[0K$ cd SonarSource/sonar-php
$ git checkout -qf aa2914a7dc9b825dc5766f51c673d0264a67a50c
travis_fold:end:git.checkout[0Ktravis_fold:start:git.submodule[0Ktravis_time:start:0318f5e3[0K$ git submodule update --init --recursive
Submodule 'its/sources' (https://github.com/SonarCommunity/php-test-sources.git) registered for path 'its/sources'
Cloning into 'its/sources'...
remote: Counting objects: 4359, done.[K
Receiving objects:   0% (1/4359)   Receiving objects:   1% (44/4359)   Receiving objects:   2% (88/4359)   Receiving objects:   3% (131/4359)   Receiving objects:   4% (175/4359)   Receiving objects:   5% (218/4359)   Receiving objects:   6% (262/4359)   Receiving objects:   7% (306/4359)   Receiving objects:   8% (349/4359)   Receiving objects:   9% (393/4359)   Receiving objects:  10% (436/4359)   Receiving objects:  11% (480/4359)   Receiving objects:  12% (524/4359)   Receiving objects:  13% (567/4359)   Receiving objects:  14% (611/4359)   Receiving objects:  15% (654/4359)   Receiving objects:  16% (698/4359)   Receiving objects:  17% (742/4359)   Receiving objects:  18% (785/4359)   Receiving objects:  19% (829/4359)   Receiving objects:  20% (872/4359)   Receiving objects:  21% (916/4359)   Receiving objects:  22% (959/4359)   Receiving objects:  23% (1003/4359)   Receiving objects:  24% (1047/4359)   Receiving objects:  25% (1090/4359)   Receiving objects:  26% (1134/4359)   Receiving objects:  27% (1177/4359)   Receiving objects:  28% (1221/4359)   Receiving objects:  29% (1265/4359)   Receiving objects:  30% (1308/4359)   Receiving objects:  31% (1352/4359)   Receiving objects:  32% (1395/4359)   Receiving objects:  33% (1439/4359)   Receiving objects:  34% (1483/4359)   Receiving objects:  35% (1526/4359)   Receiving objects:  36% (1570/4359)   Receiving objects:  37% (1613/4359)   Receiving objects:  38% (1657/4359)   Receiving objects:  39% (1701/4359)   Receiving objects:  40% (1744/4359)   Receiving objects:  41% (1788/4359)   Receiving objects:  42% (1831/4359)   Receiving objects:  43% (1875/4359)   Receiving objects:  44% (1918/4359)   Receiving objects:  45% (1962/4359)   Receiving objects:  46% (2006/4359)   Receiving objects:  47% (2049/4359)   Receiving objects:  48% (2093/4359)   Receiving objects:  49% (2136/4359)   Receiving objects:  50% (2180/4359)   Receiving objects:  51% (2224/4359)   Receiving objects:  52% (2267/4359)   Receiving objects:  53% (2311/4359)   Receiving objects:  54% (2354/4359)   Receiving objects:  55% (2398/4359)   Receiving objects:  56% (2442/4359)   Receiving objects:  57% (2485/4359)   Receiving objects:  58% (2529/4359)   Receiving objects:  59% (2572/4359)   Receiving objects:  60% (2616/4359)   Receiving objects:  61% (2659/4359)   Receiving objects:  62% (2703/4359)   Receiving objects:  63% (2747/4359)   Receiving objects:  64% (2790/4359)   Receiving objects:  65% (2834/4359)   Receiving objects:  66% (2877/4359)   Receiving objects:  67% (2921/4359)   Receiving objects:  68% (2965/4359)   Receiving objects:  69% (3008/4359)   Receiving objects:  70% (3052/4359)   Receiving objects:  71% (3095/4359)   Receiving objects:  72% (3139/4359)   Receiving objects:  73% (3183/4359)   Receiving objects:  74% (3226/4359)   Receiving objects:  75% (3270/4359)   Receiving objects:  76% (3313/4359)   Receiving objects:  77% (3357/4359)   Receiving objects:  78% (3401/4359)   Receiving objects:  79% (3444/4359)   Receiving objects:  80% (3488/4359)   Receiving objects:  81% (3531/4359)   Receiving objects:  82% (3575/4359)   Receiving objects:  83% (3618/4359)   Receiving objects:  84% (3662/4359)   Receiving objects:  85% (3706/4359)   Receiving objects:  86% (3749/4359)   Receiving objects:  87% (3793/4359)   Receiving objects:  88% (3836/4359)   Receiving objects:  89% (3880/4359)   Receiving objects:  90% (3924/4359)   Receiving objects:  91% (3967/4359)   Receiving objects:  92% (4011/4359)   Receiving objects:  93% (4054/4359)   Receiving objects:  94% (4098/4359)   Receiving objects:  95% (4142/4359)   Receiving objects:  96% (4185/4359)   Receiving objects:  97% (4229/4359)   remote: Total 4359 (delta 0), reused 0 (delta 0), pack-reused 4359[K
Receiving objects:  98% (4272/4359)   Receiving objects:  99% (4316/4359)   Receiving objects: 100% (4359/4359)   Receiving objects: 100% (4359/4359), 3.26 MiB | 0 bytes/s, done.
Resolving deltas:   0% (0/1594)   Resolving deltas:   1% (16/1594)   Resolving deltas:   2% (32/1594)   Resolving deltas:   3% (50/1594)   Resolving deltas:   4% (65/1594)   Resolving deltas:   5% (81/1594)   Resolving deltas:   6% (97/1594)   Resolving deltas:   7% (121/1594)   Resolving deltas:   8% (131/1594)   Resolving deltas:   9% (144/1594)   Resolving deltas:  12% (205/1594)   Resolving deltas:  13% (212/1594)   Resolving deltas:  15% (252/1594)   Resolving deltas:  18% (289/1594)   Resolving deltas:  21% (336/1594)   Resolving deltas:  22% (352/1594)   Resolving deltas:  23% (369/1594)   Resolving deltas:  24% (386/1594)   Resolving deltas:  26% (418/1594)   Resolving deltas:  27% (433/1594)   Resolving deltas:  28% (449/1594)   Resolving deltas:  29% (463/1594)   Resolving deltas:  30% (479/1594)   Resolving deltas:  31% (499/1594)   Resolving deltas:  32% (511/1594)   Resolving deltas:  33% (527/1594)   Resolving deltas:  34% (550/1594)   Resolving deltas:  35% (565/1594)   Resolving deltas:  36% (578/1594)   Resolving deltas:  37% (590/1594)   Resolving deltas:  38% (606/1594)   Resolving deltas:  39% (625/1594)   Resolving deltas:  40% (640/1594)   Resolving deltas:  41% (654/1594)   Resolving deltas:  42% (671/1594)   Resolving deltas:  43% (689/1594)   Resolving deltas:  44% (703/1594)   Resolving deltas:  45% (718/1594)   Resolving deltas:  46% (734/1594)   Resolving deltas:  47% (750/1594)   Resolving deltas:  48% (770/1594)   Resolving deltas:  49% (782/1594)   Resolving deltas:  50% (797/1594)   Resolving deltas:  51% (815/1594)   Resolving deltas:  52% (829/1594)   Resolving deltas:  53% (845/1594)   Resolving deltas:  54% (861/1594)   Resolving deltas:  55% (878/1594)   Resolving deltas:  56% (894/1594)   Resolving deltas:  57% (909/1594)   Resolving deltas:  58% (925/1594)   Resolving deltas:  59% (942/1594)   Resolving deltas:  60% (959/1594)   Resolving deltas:  61% (973/1594)   Resolving deltas:  62% (990/1594)   Resolving deltas:  63% (1005/1594)   Resolving deltas:  64% (1021/1594)   Resolving deltas:  65% (1039/1594)   Resolving deltas:  66% (1053/1594)   Resolving deltas:  67% (1073/1594)   Resolving deltas:  68% (1089/1594)   Resolving deltas:  69% (1100/1594)   Resolving deltas:  70% (1117/1594)   Resolving deltas:  71% (1133/1594)   Resolving deltas:  72% (1149/1594)   Resolving deltas:  73% (1164/1594)   Resolving deltas:  74% (1180/1594)   Resolving deltas:  75% (1197/1594)   Resolving deltas:  76% (1216/1594)   Resolving deltas:  77% (1228/1594)   Resolving deltas:  78% (1246/1594)   Resolving deltas:  79% (1260/1594)   Resolving deltas:  80% (1276/1594)   Resolving deltas:  81% (1293/1594)   Resolving deltas:  82% (1314/1594)   Resolving deltas:  83% (1325/1594)   Resolving deltas:  84% (1339/1594)   Resolving deltas:  85% (1356/1594)   Resolving deltas:  86% (1378/1594)   Resolving deltas:  87% (1391/1594)   Resolving deltas:  88% (1403/1594)   Resolving deltas:  89% (1419/1594)   Resolving deltas:  90% (1436/1594)   Resolving deltas:  91% (1451/1594)   Resolving deltas:  92% (1467/1594)   Resolving deltas:  93% (1486/1594)   Resolving deltas:  94% (1505/1594)   Resolving deltas:  95% (1515/1594)   Resolving deltas:  96% (1532/1594)   Resolving deltas:  97% (1547/1594)   Resolving deltas:  98% (1565/1594)   Resolving deltas:  99% (1582/1594)   Resolving deltas: 100% (1594/1594)   Resolving deltas: 100% (1594/1594), done.
Checking connectivity... done.
Submodule path 'its/sources': checked out '6cda465572511fd99e4da2969fb4ed64f02c9587'

travis_time:end:0318f5e3:start=1488366337952698844,finish=1488366338978532784,duration=1025833940[0Ktravis_fold:end:git.submodule[0K
[33;1mThis job is running on container-based infrastructure, which does not allow use of 'sudo', setuid and setguid executables.[0m
[33;1mIf you require sudo, add 'sudo: required' to your .travis.yml[0m
[33;1mSee https://docs.travis-ci.com/user/workers/container-based-infrastructure/ for details.[0m

[33;1mSetting environment variables from repository settings[0m
$ export ARTIFACTORY_URL=[secure]
$ export ARTIFACTORY_DEPLOY_REPO=[secure]
$ export ARTIFACTORY_DEPLOY_USERNAME=[secure]
$ export ARTIFACTORY_DEPLOY_PASSWORD=[secure]
$ export GITHUB_TOKEN=[secure]
$ export SONAR_TOKEN=[secure]
$ export DEPLOY_PULL_REQUEST=true
$ export SONAR_HOST_URL=[secure]

[33;1mSetting environment variables from .travis.yml[0m
$ export TEST=ci

travis_fold:start:cache.1[0KSetting up build cache
$ export CASHER_DIR=$HOME/.casher
travis_time:start:1e4d5242[0K$ Installing caching utilities

travis_time:end:1e4d5242:start=1488366342179436272,finish=1488366342259006436,duration=79570164[0Ktravis_time:start:05ffaa60[0K
travis_time:end:05ffaa60:start=1488366342265073929,finish=1488366342269475237,duration=4401308[0Ktravis_time:start:04d57b1e[0K[32;1mattempting to download cache archive[0m
[32;1mfetching SONARPHP-684/cache-linux-precise-aaf0f2a7697dc26eaa8f7fe2f6db204894f90918909ca69314e3747c529d7f1c--jdk-oraclejdk8.tgz[0m
[32;1mfetching SONARPHP-684/cache--jdk-oraclejdk8.tgz[0m
[32;1mfetching master/cache-linux-precise-aaf0f2a7697dc26eaa8f7fe2f6db204894f90918909ca69314e3747c529d7f1c--jdk-oraclejdk8.tgz[0m
[32;1mfound cache[0m

travis_time:end:04d57b1e:start=1488366342274472632,finish=1488366360632027799,duration=18357555167[0Ktravis_time:start:0c17426a[0K
travis_time:end:0c17426a:start=1488366360638353737,finish=1488366360643476901,duration=5123164[0Ktravis_time:start:00100f22[0K[32;1madding /home/travis/.m2/repository to cache[0m

travis_time:end:00100f22:start=1488366360648995662,finish=1488366380196558638,duration=19547562976[0Ktravis_fold:end:cache.1[0K$ java -Xmx32m -version
java version "1.8.0_31"
Java(TM) SE Runtime Environment (build 1.8.0_31-b13)
Java HotSpot(TM) 64-Bit Server VM (build 25.31-b07, mixed mode)
$ javac -J-Xmx32m -version
javac 1.8.0_31
travis_fold:start:install[0Ktravis_time:start:2401a30a[0K$ true

travis_time:end:2401a30a:start=1488366381066198436,finish=1488366381070164560,duration=3966124[0Ktravis_fold:end:install[0Ktravis_time:start:09da44fe[0K$ ./travis.sh
Copy public Maven settings
Setting .npmrc
======= Build, no analysis, no deploy
Java HotSpot(TM) 64-Bit Server VM warning: ignoring option MaxPermSize=192m; support was removed in 8.0
Apache Maven 3.2.5 (12a6b3acb947671f09b81f49094c53f426d8cea1; 2014-12-14T17:29:23+00:00)
Maven home: /usr/local/maven
Java version: 1.8.0_31, vendor: Oracle Corporation
Java home: /usr/lib/jvm/java-8-oracle/jre
Default locale: en_US, platform encoding: UTF-8
OS name: "linux", version: "4.8.12-040812-generic", arch: "amd64", family: "unix"
[INFO] Error stacktraces are turned on.
[INFO] Scanning for projects...
[INFO] ------------------------------------------------------------------------
[INFO] Reactor Build Order:
[INFO] 
[INFO] PHP
[INFO] PHP :: Frontend
[INFO] PHP :: Checks
[INFO] PHP :: Sonar Plugin
[INFO]                                                                         
[INFO] ------------------------------------------------------------------------
[INFO] Building PHP 2.10-SNAPSHOT
[INFO] ------------------------------------------------------------------------
[INFO] 
[INFO] --- buildnumber-maven-plugin:1.4:create (default) @ php ---
[INFO] Executing: /bin/sh -c cd '/home/travis/build/SonarSource/sonar-php' && 'git' 'rev-parse' '--verify' 'HEAD'
[INFO] Working directory: /home/travis/build/SonarSource/sonar-php
[INFO] Storing buildNumber: aa2914a7dc9b825dc5766f51c673d0264a67a50c at timestamp: 1488366386498
[WARNING] Cannot get the branch information from the git repository: 
Detecting the current branch failed: fatal: ref HEAD is not a symbolic ref

[INFO] Executing: /bin/sh -c cd '/home/travis/build/SonarSource/sonar-php' && 'git' 'rev-parse' '--verify' 'HEAD'
[INFO] Working directory: /home/travis/build/SonarSource/sonar-php
[INFO] Storing buildScmBranch: UNKNOWN
[INFO] 
[INFO] --- maven-enforcer-plugin:1.4.1:enforce (enforce) @ php ---
[INFO] 
[INFO] --- license-maven-plugin:2.11:check (enforce-license-headers) @ php ---
[INFO] Checking licenses...
[INFO] 
[INFO] --- maven-source-plugin:2.4:jar-no-fork (attach-sources) @ php ---
[INFO]                                                                         
[INFO] ------------------------------------------------------------------------
[INFO] Building PHP :: Frontend 2.10-SNAPSHOT
[INFO] ------------------------------------------------------------------------
[INFO] 
[INFO] --- buildnumber-maven-plugin:1.4:create (default) @ php-frontend ---
[INFO] 
[INFO] --- maven-enforcer-plugin:1.4.1:enforce (enforce) @ php-frontend ---
[INFO] 
[INFO] --- license-maven-plugin:2.11:check (enforce-license-headers) @ php-frontend ---
[INFO] Checking licenses...
[INFO] 
[INFO] --- maven-resources-plugin:2.7:resources (default-resources) @ php-frontend ---
[INFO] Using 'UTF-8' encoding to copy filtered resources.
[INFO] skip non existing resourceDirectory /home/travis/build/SonarSource/sonar-php/php-frontend/src/main/resources
[INFO] 
[INFO] --- maven-compiler-plugin:3.5.1:compile (default-compile) @ php-frontend ---
[INFO] Changes detected - recompiling the module!
[INFO] Compiling 255 source files to /home/travis/build/SonarSource/sonar-php/php-frontend/target/classes
[INFO] /home/travis/build/SonarSource/sonar-php/php-frontend/src/main/java/org/sonar/plugins/php/api/visitors/PHPCustomRulesDefinition.java: Some input files use or override a deprecated API.
[INFO] /home/travis/build/SonarSource/sonar-php/php-frontend/src/main/java/org/sonar/plugins/php/api/visitors/PHPCustomRulesDefinition.java: Recompile with -Xlint:deprecation for details.
[INFO] /home/travis/build/SonarSource/sonar-php/php-frontend/src/main/java/org/sonar/php/tree/impl/lexical/InternalSyntaxToken.java: Some input files use unchecked or unsafe operations.
[INFO] /home/travis/build/SonarSource/sonar-php/php-frontend/src/main/java/org/sonar/php/tree/impl/lexical/InternalSyntaxToken.java: Recompile with -Xlint:unchecked for details.
[INFO] 
[INFO] --- maven-resources-plugin:2.7:testResources (default-testResources) @ php-frontend ---
[INFO] Using 'UTF-8' encoding to copy filtered resources.
[INFO] Copying 15 resources
[INFO] 
[INFO] --- maven-compiler-plugin:3.5.1:testCompile (default-testCompile) @ php-frontend ---
[INFO] Changes detected - recompiling the module!
[INFO] Compiling 215 source files to /home/travis/build/SonarSource/sonar-php/php-frontend/target/test-classes
[INFO] /home/travis/build/SonarSource/sonar-php/php-frontend/src/test/java/org/sonar/php/PHPTreeModelTest.java: Some input files use unchecked or unsafe operations.
[INFO] /home/travis/build/SonarSource/sonar-php/php-frontend/src/test/java/org/sonar/php/PHPTreeModelTest.java: Recompile with -Xlint:unchecked for details.
[INFO] 
[INFO] --- maven-surefire-plugin:2.18:test (default-test) @ php-frontend ---
[INFO] Surefire report directory: /home/travis/build/SonarSource/sonar-php/php-frontend/target/surefire-reports

-------------------------------------------------------
 T E S T S
-------------------------------------------------------
Running org.sonar.php.tree.impl.declaration.ClassPropertyDeclarationTreeTest
Tests run: 2, Failures: 0, Errors: 0, Skipped: 0, Time elapsed: 0.609 sec - in org.sonar.php.tree.impl.declaration.ClassPropertyDeclarationTreeTest
Running org.sonar.php.parser.expression.EqualityExpressionTest
Tests run: 1, Failures: 0, Errors: 0, Skipped: 0, Time elapsed: 0.015 sec - in org.sonar.php.parser.expression.EqualityExpressionTest
Running org.sonar.php.tree.impl.statement.DoWhileStatementTreeTest
Tests run: 1, Failures: 0, Errors: 0, Skipped: 0, Time elapsed: 0.016 sec - in org.sonar.php.tree.impl.statement.DoWhileStatementTreeTest
Running org.sonar.php.tree.impl.statement.ElseifClauseTreeTest
Tests run: 2, Failures: 0, Errors: 0, Skipped: 0, Time elapsed: 0.042 sec - in org.sonar.php.tree.impl.statement.ElseifClauseTreeTest
Running org.sonar.php.tree.impl.statement.GlobalStatementTreeTest
Tests run: 1, Failures: 0, Errors: 0, Skipped: 0, Time elapsed: 0.007 sec - in org.sonar.php.tree.impl.statement.GlobalStatementTreeTest
Running org.sonar.php.tree.impl.declaration.ConstantDeclarationTreeTest
Tests run: 1, Failures: 0, Errors: 0, Skipped: 0, Time elapsed: 0.016 sec - in org.sonar.php.tree.impl.declaration.ConstantDeclarationTreeTest
Running org.sonar.php.tree.impl.statement.CatchBlockTreeTest
Tests run: 1, Failures: 0, Errors: 0, Skipped: 0, Time elapsed: 0.032 sec - in org.sonar.php.tree.impl.statement.CatchBlockTreeTest
Running org.sonar.php.parser.statement.EOSTest
Tests run: 1, Failures: 0, Errors: 0, Skipped: 0, Time elapsed: 0.013 sec - in org.sonar.php.parser.statement.EOSTest
Running org.sonar.php.parser.statement.UnsetVariableStatementTest
Tests run: 1, Failures: 0, Errors: 0, Skipped: 0, Time elapsed: 0.024 sec - in org.sonar.php.parser.statement.UnsetVariableStatementTest
Running org.sonar.php.parser.KeywordTest
Tests run: 2, Failures: 0, Errors: 0, Skipped: 0, Time elapsed: 0.016 sec - in org.sonar.php.parser.KeywordTest
Running org.sonar.php.tree.impl.declaration.UseStatementTreeTest
Tests run: 5, Failures: 0, Errors: 0, Skipped: 0, Time elapsed: 0.092 sec - in org.sonar.php.tree.impl.declaration.UseStatementTreeTest
Running org.sonar.php.tree.symbols.ScopeTest
Tests run: 9, Failures: 0, Errors: 0, Skipped: 0, Time elapsed: 0.364 sec - in org.sonar.php.tree.symbols.ScopeTest
Running org.sonar.php.parser.expression.FunctionExpressionTest
Tests run: 1, Failures: 0, Errors: 0, Skipped: 0, Time elapsed: 0.011 sec - in org.sonar.php.parser.expression.FunctionExpressionTest
Running org.sonar.php.parser.declaration.InterfaceDeclarationTest
Tests run: 1, Failures: 0, Errors: 0, Skipped: 0, Time elapsed: 0.05 sec - in org.sonar.php.parser.declaration.InterfaceDeclarationTest
Running org.sonar.plugins.php.api.visitors.PreciseIssueTest
Tests run: 3, Failures: 0, Errors: 0, Skipped: 0, Time elapsed: 0.006 sec - in org.sonar.plugins.php.api.visitors.PreciseIssueTest
Running org.sonar.php.parser.declaration.ConstantDeclarationTest
Tests run: 1, Failures: 0, Errors: 0, Skipped: 0, Time elapsed: 0.01 sec - in org.sonar.php.parser.declaration.ConstantDeclarationTest
Running org.sonar.php.tree.impl.declaration.TraitAliasTreeTest
Tests run: 3, Failures: 0, Errors: 0, Skipped: 0, Time elapsed: 0.015 sec - in org.sonar.php.tree.impl.declaration.TraitAliasTreeTest
Running org.sonar.php.parser.expression.BitwiseXorExpressionTest
Tests run: 1, Failures: 0, Errors: 0, Skipped: 0, Time elapsed: 0.009 sec - in org.sonar.php.parser.expression.BitwiseXorExpressionTest
Running org.sonar.php.parser.expression.BitwiseOrExpressionTest
Tests run: 1, Failures: 0, Errors: 0, Skipped: 0, Time elapsed: 0.01 sec - in org.sonar.php.parser.expression.BitwiseOrExpressionTest
Running org.sonar.php.parser.ScriptTest
Tests run: 1, Failures: 0, Errors: 0, Skipped: 0, Time elapsed: 0.008 sec - in org.sonar.php.parser.ScriptTest
Running org.sonar.php.tree.impl.expression.LexicalVariablesTreeTest
Tests run: 2, Failures: 0, Errors: 0, Skipped: 0, Time elapsed: 0.011 sec - in org.sonar.php.tree.impl.expression.LexicalVariablesTreeTest
Running org.sonar.php.parser.statement.DeclareStatementTest
Tests run: 1, Failures: 0, Errors: 0, Skipped: 0, Time elapsed: 0.005 sec - in org.sonar.php.parser.statement.DeclareStatementTest
Running org.sonar.php.parser.expression.BitwiseAndExpressionTest
Tests run: 1, Failures: 0, Errors: 0, Skipped: 0, Time elapsed: 0.005 sec - in org.sonar.php.parser.expression.BitwiseAndExpressionTest
Running org.sonar.php.parser.statement.ReturnStatementTest
Tests run: 1, Failures: 0, Errors: 0, Skipped: 0, Time elapsed: 0.006 sec - in org.sonar.php.parser.statement.ReturnStatementTest
Running org.sonar.php.parser.expression.RelationalExpressionTest
Tests run: 1, Failures: 0, Errors: 0, Skipped: 0, Time elapsed: 0.006 sec - in org.sonar.php.parser.expression.RelationalExpressionTest
Running org.sonar.php.parser.expression.FunctionCallParameterListTest
Tests run: 1, Failures: 0, Errors: 0, Skipped: 0, Time elapsed: 0.008 sec - in org.sonar.php.parser.expression.FunctionCallParameterListTest
Running org.sonar.php.parser.expression.NullCoalescingExpressionTest
Tests run: 1, Failures: 0, Errors: 0, Skipped: 0, Time elapsed: 0.007 sec - in org.sonar.php.parser.expression.NullCoalescingExpressionTest
Running org.sonar.php.tree.impl.declaration.NamespaceNameTreeTest
Tests run: 4, Failures: 0, Errors: 0, Skipped: 0, Time elapsed: 0.036 sec - in org.sonar.php.tree.impl.declaration.NamespaceNameTreeTest
Running org.sonar.php.tree.impl.statement.YieldStatementTreeTest
Tests run: 1, Failures: 0, Errors: 0, Skipped: 0, Time elapsed: 0.01 sec - in org.sonar.php.tree.impl.statement.YieldStatementTreeTest
Running org.sonar.php.tree.impl.declaration.ParameterTreeTest
Tests run: 2, Failures: 0, Errors: 0, Skipped: 0, Time elapsed: 0.014 sec - in org.sonar.php.tree.impl.declaration.ParameterTreeTest
Running org.sonar.php.parser.lexical.IdentifierTest
Tests run: 1, Failures: 0, Errors: 0, Skipped: 0, Time elapsed: 0.005 sec - in org.sonar.php.parser.lexical.IdentifierTest
Running org.sonar.php.parser.expression.DimensionalOffsetTest
Tests run: 1, Failures: 0, Errors: 0, Skipped: 0, Time elapsed: 0.01 sec - in org.sonar.php.parser.expression.DimensionalOffsetTest
Running org.sonar.php.parser.expression.NamespaceNameTest
Tests run: 1, Failures: 0, Errors: 0, Skipped: 0, Time elapsed: 0.008 sec - in org.sonar.php.parser.expression.NamespaceNameTest
Running org.sonar.php.parser.expression.StaticMemberAccessTest
Tests run: 1, Failures: 0, Errors: 0, Skipped: 0, Time elapsed: 0.008 sec - in org.sonar.php.parser.expression.StaticMemberAccessTest
Running org.sonar.php.parser.declaration.ClassMemberTest
Tests run: 1, Failures: 0, Errors: 0, Skipped: 0, Time elapsed: 0.005 sec - in org.sonar.php.parser.declaration.ClassMemberTest
Running org.sonar.php.parser.expression.ExpandableStringLiteralTest
Tests run: 2, Failures: 0, Errors: 0, Skipped: 0, Time elapsed: 0.016 sec - in org.sonar.php.parser.expression.ExpandableStringLiteralTest
Running org.sonar.php.tree.impl.statement.ThrowStatementTreeTest
Tests run: 1, Failures: 0, Errors: 0, Skipped: 0, Time elapsed: 0.006 sec - in org.sonar.php.tree.impl.statement.ThrowStatementTreeTest
Running org.sonar.php.tree.visitors.PHPVisitorCheckTest
Tests run: 1, Failures: 0, Errors: 0, Skipped: 0, Time elapsed: 0.192 sec - in org.sonar.php.tree.visitors.PHPVisitorCheckTest
Running org.sonar.php.parser.expression.BooleanLiteralTest
Tests run: 1, Failures: 0, Errors: 0, Skipped: 0, Time elapsed: 0.004 sec - in org.sonar.php.parser.expression.BooleanLiteralTest
Running org.sonar.php.parser.statement.StatementTest
Tests run: 3, Failures: 0, Errors: 0, Skipped: 0, Time elapsed: 0.031 sec - in org.sonar.php.parser.statement.StatementTest
Running org.sonar.php.parser.declaration.ParameterListTest
Tests run: 1, Failures: 0, Errors: 0, Skipped: 0, Time elapsed: 0.008 sec - in org.sonar.php.parser.declaration.ParameterListTest
Running org.sonar.php.parser.statement.YieldStatementTest
Tests run: 1, Failures: 0, Errors: 0, Skipped: 0, Time elapsed: 0.01 sec - in org.sonar.php.parser.statement.YieldStatementTest
Running org.sonar.php.parser.expression.ArrayPairTest
Tests run: 1, Failures: 0, Errors: 0, Skipped: 0, Time elapsed: 0.01 sec - in org.sonar.php.parser.expression.ArrayPairTest
Running org.sonar.php.parser.declaration.ParameterTest
Tests run: 1, Failures: 0, Errors: 0, Skipped: 0, Time elapsed: 0.027 sec - in org.sonar.php.parser.declaration.ParameterTest
Running org.sonar.php.parser.declaration.TraitMethodReferenceFullyQualifiedTest
Tests run: 1, Failures: 0, Errors: 0, Skipped: 0, Time elapsed: 0.01 sec - in org.sonar.php.parser.declaration.TraitMethodReferenceFullyQualifiedTest
Running org.sonar.php.tree.impl.ScriptTreeTest
Tests run: 3, Failures: 0, Errors: 0, Skipped: 0, Time elapsed: 0.048 sec - in org.sonar.php.tree.impl.ScriptTreeTest
Running org.sonar.php.tree.impl.expression.ConditionalExpressionTreeTest
Tests run: 2, Failures: 0, Errors: 0, Skipped: 0, Time elapsed: 0.025 sec - in org.sonar.php.tree.impl.expression.ConditionalExpressionTreeTest
Running org.sonar.php.tree.impl.expression.AnonymousClassTreeTest
Tests run: 1, Failures: 0, Errors: 0, Skipped: 0, Time elapsed: 0.029 sec - in org.sonar.php.tree.impl.expression.AnonymousClassTreeTest
Running org.sonar.php.parser.declaration.MethodDeclarationTest
Tests run: 2, Failures: 0, Errors: 0, Skipped: 0, Time elapsed: 0.024 sec - in org.sonar.php.parser.declaration.MethodDeclarationTest
Running org.sonar.php.parser.statement.BlockTest
Tests run: 1, Failures: 0, Errors: 0, Skipped: 0, Time elapsed: 0.005 sec - in org.sonar.php.parser.statement.BlockTest
Running org.sonar.php.parser.statement.TryStatementTest
Tests run: 1, Failures: 0, Errors: 0, Skipped: 0, Time elapsed: 0.018 sec - in org.sonar.php.parser.statement.TryStatementTest
Running org.sonar.php.parser.CompilationUnitTest
Tests run: 1, Failures: 0, Errors: 0, Skipped: 0, Time elapsed: 0.013 sec - in org.sonar.php.parser.CompilationUnitTest
Running org.sonar.php.tree.impl.statement.WhileStatementTreeTest
Tests run: 2, Failures: 0, Errors: 0, Skipped: 0, Time elapsed: 0.021 sec - in org.sonar.php.tree.impl.statement.WhileStatementTreeTest
Running org.sonar.php.tree.impl.declaration.TypeTreeTest
Tests run: 2, Failures: 0, Errors: 0, Skipped: 0, Time elapsed: 0.01 sec - in org.sonar.php.tree.impl.declaration.TypeTreeTest
Running org.sonar.php.parser.declaration.TraitMethodReferenceTest
Tests run: 1, Failures: 0, Errors: 0, Skipped: 0, Time elapsed: 0 sec - in org.sonar.php.parser.declaration.TraitMethodReferenceTest
Running org.sonar.php.tree.impl.expression.ListExpressionTreeTest
Tests run: 4, Failures: 0, Errors: 0, Skipped: 0, Time elapsed: 0.001 sec - in org.sonar.php.tree.impl.expression.ListExpressionTreeTest
Running org.sonar.php.tree.impl.expression.PostfixExpressionTreeTest
Tests run: 2, Failures: 0, Errors: 0, Skipped: 0, Time elapsed: 0.001 sec - in org.sonar.php.tree.impl.expression.PostfixExpressionTreeTest
Running org.sonar.php.parser.declaration.TraitDeclarationTest
Tests run: 1, Failures: 0, Errors: 0, Skipped: 0, Time elapsed: 0 sec - in org.sonar.php.parser.declaration.TraitDeclarationTest
Running org.sonar.php.parser.expression.SemiComplexEncapsVariableTest
Tests run: 3, Failures: 0, Errors: 0, Skipped: 0, Time elapsed: 0 sec - in org.sonar.php.parser.expression.SemiComplexEncapsVariableTest
Running org.sonar.php.metrics.ComplexityVisitorTest
Tests run: 4, Failures: 0, Errors: 0, Skipped: 0, Time elapsed: 0.049 sec - in org.sonar.php.metrics.ComplexityVisitorTest
Running org.sonar.php.tree.impl.statement.BreakStatementTreeTest
Tests run: 2, Failures: 0, Errors: 0, Skipped: 0, Time elapsed: 0.02 sec - in org.sonar.php.tree.impl.statement.BreakStatementTreeTest
Running org.sonar.php.tree.impl.expression.PrefixExpressionTreeTest
Tests run: 7, Failures: 0, Errors: 0, Skipped: 0, Time elapsed: 0.029 sec - in org.sonar.php.tree.impl.expression.PrefixExpressionTreeTest
Running org.sonar.php.tree.impl.statement.GotoStatementTreeTest
Tests run: 1, Failures: 0, Errors: 0, Skipped: 0, Time elapsed: 0.002 sec - in org.sonar.php.tree.impl.statement.GotoStatementTreeTest
Running org.sonar.php.parser.expression.AnonymousClassTest
Tests run: 1, Failures: 0, Errors: 0, Skipped: 0, Time elapsed: 0.007 sec - in org.sonar.php.parser.expression.AnonymousClassTest
Running org.sonar.php.tree.impl.expression.VariableIdentifierTreeTest
Tests run: 1, Failures: 0, Errors: 0, Skipped: 0, Time elapsed: 0.197 sec - in org.sonar.php.tree.impl.expression.VariableIdentifierTreeTest
Running org.sonar.php.tree.impl.statement.ElseClauseTreeTest
Tests run: 2, Failures: 0, Errors: 0, Skipped: 0, Time elapsed: 0.015 sec - in org.sonar.php.tree.impl.statement.ElseClauseTreeTest
Running org.sonar.php.tree.impl.statement.ExpressionStatementTreeTest
Tests run: 1, Failures: 0, Errors: 0, Skipped: 0, Time elapsed: 0.006 sec - in org.sonar.php.tree.impl.statement.ExpressionStatementTreeTest
Running org.sonar.php.parser.statement.UseClauseTest
Tests run: 2, Failures: 0, Errors: 0, Skipped: 0, Time elapsed: 0.012 sec - in org.sonar.php.parser.statement.UseClauseTest
Running org.sonar.php.tree.impl.expression.FunctionCallTreeTest
Tests run: 2, Failures: 0, Errors: 0, Skipped: 0, Time elapsed: 0.015 sec - in org.sonar.php.tree.impl.expression.FunctionCallTreeTest
Running org.sonar.php.parser.statement.NamespaceStatementTest
Tests run: 1, Failures: 0, Errors: 0, Skipped: 0, Time elapsed: 0.009 sec - in org.sonar.php.parser.statement.NamespaceStatementTest
Running org.sonar.php.parser.expression.LexicalVarsTest
Tests run: 1, Failures: 0, Errors: 0, Skipped: 0, Time elapsed: 0.005 sec - in org.sonar.php.parser.expression.LexicalVarsTest
Running org.sonar.php.tree.visitors.PHPSubscriptionCheckTest
Tests run: 1, Failures: 0, Errors: 0, Skipped: 0, Time elapsed: 0.008 sec - in org.sonar.php.tree.visitors.PHPSubscriptionCheckTest
Running org.sonar.php.parser.statement.StaticStatementTest
Tests run: 1, Failures: 0, Errors: 0, Skipped: 0, Time elapsed: 0.005 sec - in org.sonar.php.parser.statement.StaticStatementTest
Running org.sonar.php.tree.impl.declaration.UseTraitDeclarationTreeTest
Tests run: 2, Failures: 0, Errors: 0, Skipped: 0, Time elapsed: 0.008 sec - in org.sonar.php.tree.impl.declaration.UseTraitDeclarationTreeTest
Running org.sonar.php.tree.visitors.LegacyIssueTest
Tests run: 4, Failures: 0, Errors: 0, Skipped: 0, Time elapsed: 0.002 sec - in org.sonar.php.tree.visitors.LegacyIssueTest
Running org.sonar.php.tree.symbols.SymbolTableImplTest
Tests run: 6, Failures: 0, Errors: 0, Skipped: 0, Time elapsed: 0.062 sec - in org.sonar.php.tree.symbols.SymbolTableImplTest
Running org.sonar.php.parser.expression.VariableWithoutObjectsTest
Tests run: 1, Failures: 0, Errors: 0, Skipped: 0, Time elapsed: 0.004 sec - in org.sonar.php.parser.expression.VariableWithoutObjectsTest
Running org.sonar.php.tree.impl.statement.ForStatementTreeTest
Tests run: 2, Failures: 0, Errors: 0, Skipped: 0, Time elapsed: 0.006 sec - in org.sonar.php.tree.impl.statement.ForStatementTreeTest
Running org.sonar.php.parser.declaration.MemberModifierTest
Tests run: 1, Failures: 0, Errors: 0, Skipped: 0, Time elapsed: 0.002 sec - in org.sonar.php.parser.declaration.MemberModifierTest
Running org.sonar.php.tree.symbols.UsagesTest
Tests run: 1, Failures: 0, Errors: 0, Skipped: 0, Time elapsed: 0.032 sec - in org.sonar.php.tree.symbols.UsagesTest
Running org.sonar.php.parser.declaration.FunctionDeclarationTest
Tests run: 1, Failures: 0, Errors: 0, Skipped: 0, Time elapsed: 0.003 sec - in org.sonar.php.parser.declaration.FunctionDeclarationTest
Running org.sonar.php.tree.impl.statement.UnsetVariableStatementTreeTest
Tests run: 1, Failures: 0, Errors: 0, Skipped: 0, Time elapsed: 0.002 sec - in org.sonar.php.tree.impl.statement.UnsetVariableStatementTreeTest
Running org.sonar.php.parser.statement.UseStatementTest
Tests run: 2, Failures: 0, Errors: 0, Skipped: 0, Time elapsed: 0.008 sec - in org.sonar.php.parser.statement.UseStatementTest
Running org.sonar.php.tree.impl.expression.ArrayInitializerBracketTreeTest
Tests run: 3, Failures: 0, Errors: 0, Skipped: 0, Time elapsed: 0.011 sec - in org.sonar.php.tree.impl.expression.ArrayInitializerBracketTreeTest
Running org.sonar.php.tree.impl.statement.SwitchStatementTreeTest
Tests run: 2, Failures: 0, Errors: 0, Skipped: 0, Time elapsed: 0.017 sec - in org.sonar.php.tree.impl.statement.SwitchStatementTreeTest
Running org.sonar.php.parser.expression.ArrayInitializerTest
Tests run: 1, Failures: 0, Errors: 0, Skipped: 0, Time elapsed: 0.008 sec - in org.sonar.php.parser.expression.ArrayInitializerTest
Running org.sonar.php.tree.impl.statement.InlineHTMLTreeTest
Tests run: 1, Failures: 0, Errors: 0, Skipped: 0, Time elapsed: 0.005 sec - in org.sonar.php.tree.impl.statement.InlineHTMLTreeTest
Running org.sonar.php.tree.impl.expression.CastExpressionTreeTest
Tests run: 1, Failures: 0, Errors: 0, Skipped: 0, Time elapsed: 0.01 sec - in org.sonar.php.tree.impl.expression.CastExpressionTreeTest
Running org.sonar.php.parser.expression.LogicalAndExpressionTest
Tests run: 1, Failures: 0, Errors: 0, Skipped: 0, Time elapsed: 0.011 sec - in org.sonar.php.parser.expression.LogicalAndExpressionTest
Running org.sonar.php.tree.impl.statement.TryStatementTreeTest
Tests run: 2, Failures: 0, Errors: 0, Skipped: 0, Time elapsed: 0.012 sec - in org.sonar.php.tree.impl.statement.TryStatementTreeTest
Running org.sonar.php.tree.impl.expression.ParenthesizedExpressionTreeTest
Tests run: 2, Failures: 0, Errors: 0, Skipped: 0, Time elapsed: 0.004 sec - in org.sonar.php.tree.impl.expression.ParenthesizedExpressionTreeTest
Running org.sonar.php.tree.impl.lexical.InternalSyntaxTokenTest
Tests run: 2, Failures: 0, Errors: 0, Skipped: 0, Time elapsed: 0.003 sec - in org.sonar.php.tree.impl.lexical.InternalSyntaxTokenTest
Running org.sonar.php.tree.impl.expression.MemberAccessTreeTest
Tests run: 2, Failures: 0, Errors: 0, Skipped: 0, Time elapsed: 0.004 sec - in org.sonar.php.tree.impl.expression.MemberAccessTreeTest
Running org.sonar.php.tree.impl.statement.ForEachStatementTreeTest
Tests run: 3, Failures: 0, Errors: 0, Skipped: 0, Time elapsed: 0.005 sec - in org.sonar.php.tree.impl.statement.ForEachStatementTreeTest
Running org.sonar.php.tree.impl.declaration.UseDeclarationTreeTest
Tests run: 2, Failures: 0, Errors: 0, Skipped: 0, Time elapsed: 0.013 sec - in org.sonar.php.tree.impl.declaration.UseDeclarationTreeTest
Running org.sonar.php.parser.expression.StaticScalarTest
Tests run: 1, Failures: 0, Errors: 0, Skipped: 0, Time elapsed: 0.005 sec - in org.sonar.php.parser.expression.StaticScalarTest
Running org.sonar.php.parser.expression.ListAssignmentExpressionTest
Tests run: 1, Failures: 0, Errors: 0, Skipped: 0, Time elapsed: 0.003 sec - in org.sonar.php.parser.expression.ListAssignmentExpressionTest
Running org.sonar.php.parser.statement.DoWhileStatementTest
Tests run: 1, Failures: 0, Errors: 0, Skipped: 0, Time elapsed: 0.005 sec - in org.sonar.php.parser.statement.DoWhileStatementTest
Running org.sonar.php.parser.expression.AdditiveExpressionTest
Tests run: 1, Failures: 0, Errors: 0, Skipped: 0, Time elapsed: 0.005 sec - in org.sonar.php.parser.expression.AdditiveExpressionTest
Running org.sonar.php.tree.impl.statement.ContinueStatementTreeTest
Tests run: 2, Failures: 0, Errors: 0, Skipped: 0, Time elapsed: 0.007 sec - in org.sonar.php.tree.impl.statement.ContinueStatementTreeTest
Running org.sonar.php.parser.expression.CommonScalarTest
Tests run: 1, Failures: 0, Errors: 0, Skipped: 0, Time elapsed: 0.008 sec - in org.sonar.php.parser.expression.CommonScalarTest
Running org.sonar.php.parser.declaration.VariableDeclarationTest
Tests run: 1, Failures: 0, Errors: 0, Skipped: 0, Time elapsed: 0.003 sec - in org.sonar.php.parser.declaration.VariableDeclarationTest
Running org.sonar.php.PHPAnalyzerTest
Tests run: 2, Failures: 0, Errors: 0, Skipped: 0, Time elapsed: 0.645 sec - in org.sonar.php.PHPAnalyzerTest
Running org.sonar.php.parser.expression.CompoundVariableTest
Tests run: 1, Failures: 0, Errors: 0, Skipped: 0, Time elapsed: 0.003 sec - in org.sonar.php.parser.expression.CompoundVariableTest
Running org.sonar.php.parser.expression.ListExpressionTest
Tests run: 1, Failures: 0, Errors: 0, Skipped: 0, Time elapsed: 0.003 sec - in org.sonar.php.parser.expression.ListExpressionTest
Running org.sonar.php.parser.statement.ForeachStatementTest
Tests run: 1, Failures: 0, Errors: 0, Skipped: 0, Time elapsed: 0.007 sec - in org.sonar.php.parser.statement.ForeachStatementTest
Running org.sonar.php.parser.declaration.ClassDeclarationTest
Tests run: 1, Failures: 0, Errors: 0, Skipped: 0, Time elapsed: 0.003 sec - in org.sonar.php.parser.declaration.ClassDeclarationTest
Running org.sonar.php.parser.expression.InternalFunctionTest
Tests run: 1, Failures: 0, Errors: 0, Skipped: 0, Time elapsed: 0.003 sec - in org.sonar.php.parser.expression.InternalFunctionTest
Running org.sonar.php.parser.expression.ObjectDimListTest
Tests run: 1, Failures: 0, Errors: 0, Skipped: 0, Time elapsed: 0.003 sec - in org.sonar.php.parser.expression.ObjectDimListTest
Running org.sonar.php.tree.impl.expression.SpreadArgumentTreeTest
Tests run: 1, Failures: 0, Errors: 0, Skipped: 0, Time elapsed: 0.002 sec - in org.sonar.php.tree.impl.expression.SpreadArgumentTreeTest
Running org.sonar.plugins.php.api.visitors.IssueLocationTest
Tests run: 3, Failures: 0, Errors: 0, Skipped: 0, Time elapsed: 0.001 sec - in org.sonar.plugins.php.api.visitors.IssueLocationTest
Running org.sonar.php.parser.statement.EmptyStatementTest
Tests run: 1, Failures: 0, Errors: 0, Skipped: 0, Time elapsed: 0.003 sec - in org.sonar.php.parser.statement.EmptyStatementTest
Running org.sonar.plugins.php.api.tests.PhpCheckTestTest
Tests run: 26, Failures: 0, Errors: 0, Skipped: 0, Time elapsed: 0.239 sec - in org.sonar.plugins.php.api.tests.PhpCheckTestTest
Running org.sonar.php.parser.lexical.FileOpeningTagTest
Tests run: 1, Failures: 0, Errors: 0, Skipped: 0, Time elapsed: 0.001 sec - in org.sonar.php.parser.lexical.FileOpeningTagTest
Running org.sonar.php.parser.lexical.HeredocTest
Tests run: 1, Failures: 0, Errors: 0, Skipped: 0, Time elapsed: 0.001 sec - in org.sonar.php.parser.lexical.HeredocTest
Running org.sonar.php.parser.declaration.UseTraitDeclarationTest
Tests run: 1, Failures: 0, Errors: 0, Skipped: 0, Time elapsed: 0.002 sec - in org.sonar.php.parser.declaration.UseTraitDeclarationTest
Running org.sonar.php.parser.expression.MultiplicativeExpressionTest
Tests run: 1, Failures: 0, Errors: 0, Skipped: 0, Time elapsed: 0.002 sec - in org.sonar.php.parser.expression.MultiplicativeExpressionTest
Running org.sonar.php.parser.expression.ConditionalExpressionTest
Tests run: 1, Failures: 0, Errors: 0, Skipped: 0, Time elapsed: 0.003 sec - in org.sonar.php.parser.expression.ConditionalExpressionTest
Running org.sonar.php.parser.expression.MemberExpressionTest
Tests run: 1, Failures: 0, Errors: 0, Skipped: 0, Time elapsed: 0.009 sec - in org.sonar.php.parser.expression.MemberExpressionTest
Running org.sonar.php.metrics.CommentLineVisitorTest
Tests run: 1, Failures: 0, Errors: 0, Skipped: 0, Time elapsed: 0.013 sec - in org.sonar.php.metrics.CommentLineVisitorTest
Running org.sonar.php.parser.statement.IfStatementTest
Tests run: 2, Failures: 0, Errors: 0, Skipped: 0, Time elapsed: 0.016 sec - in org.sonar.php.parser.statement.IfStatementTest
Running org.sonar.php.parser.declaration.TraitPrecedenceTest
Tests run: 1, Failures: 0, Errors: 0, Skipped: 0, Time elapsed: 0.003 sec - in org.sonar.php.parser.declaration.TraitPrecedenceTest
Running org.sonar.php.parser.lexical.NumericLiteralTest
Tests run: 1, Failures: 0, Errors: 0, Skipped: 0, Time elapsed: 0.003 sec - in org.sonar.php.parser.lexical.NumericLiteralTest
Running org.sonar.php.tree.impl.declaration.TypeNameTreeTest
Tests run: 4, Failures: 0, Errors: 0, Skipped: 0, Time elapsed: 0.012 sec - in org.sonar.php.tree.impl.declaration.TypeNameTreeTest
Running org.sonar.php.parser.declaration.TraitAliasTest
Tests run: 1, Failures: 0, Errors: 0, Skipped: 0, Time elapsed: 0.003 sec - in org.sonar.php.parser.declaration.TraitAliasTest
Running org.sonar.php.parser.lexical.InlineHtmlTest
Tests run: 2, Failures: 0, Errors: 0, Skipped: 0, Time elapsed: 0.005 sec - in org.sonar.php.parser.lexical.InlineHtmlTest
Running org.sonar.php.parser.expression.NewExpressionTest
Tests run: 1, Failures: 0, Errors: 0, Skipped: 0, Time elapsed: 0.002 sec - in org.sonar.php.parser.expression.NewExpressionTest
Running org.sonar.php.parser.expression.ConcatenationExpressionTest
Tests run: 1, Failures: 0, Errors: 0, Skipped: 0, Time elapsed: 0.001 sec - in org.sonar.php.parser.expression.ConcatenationExpressionTest
Running org.sonar.php.tree.impl.expression.AssignmentExpressionTreeTest
Tests run: 2, Failures: 0, Errors: 0, Skipped: 0, Time elapsed: 0.005 sec - in org.sonar.php.tree.impl.expression.AssignmentExpressionTreeTest
Running org.sonar.php.tree.impl.expression.ComputedVariableTreeTest
Tests run: 1, Failures: 0, Errors: 0, Skipped: 0, Time elapsed: 0.003 sec - in org.sonar.php.tree.impl.expression.ComputedVariableTreeTest
Running org.sonar.php.tree.impl.declaration.TraitPrecedenceTreeTest
Tests run: 1, Failures: 0, Errors: 0, Skipped: 0, Time elapsed: 0.003 sec - in org.sonar.php.tree.impl.declaration.TraitPrecedenceTreeTest
Running org.sonar.php.parser.statement.StaticVariableTest
Tests run: 1, Failures: 0, Errors: 0, Skipped: 0, Time elapsed: 0.003 sec - in org.sonar.php.parser.statement.StaticVariableTest
Running org.sonar.php.tree.impl.expression.ReferenceVariableTreeTest
Tests run: 1, Failures: 0, Errors: 0, Skipped: 0, Time elapsed: 0.003 sec - in org.sonar.php.tree.impl.expression.ReferenceVariableTreeTest
Running org.sonar.plugins.php.api.visitors.FileIssueTest
Tests run: 2, Failures: 0, Errors: 0, Skipped: 0, Time elapsed: 0.001 sec - in org.sonar.plugins.php.api.visitors.FileIssueTest
Running org.sonar.php.tree.impl.expression.ExpandableStringCharactersTreeTest
Tests run: 1, Failures: 0, Errors: 0, Skipped: 0, Time elapsed: 0.003 sec - in org.sonar.php.tree.impl.expression.ExpandableStringCharactersTreeTest
Running org.sonar.php.parser.statement.WhileStatementTest
Tests run: 1, Failures: 0, Errors: 0, Skipped: 0, Time elapsed: 0.003 sec - in org.sonar.php.parser.statement.WhileStatementTest
Running org.sonar.php.tree.impl.declaration.ParameterListTreeTest
Tests run: 2, Failures: 0, Errors: 0, Skipped: 0, Time elapsed: 0.009 sec - in org.sonar.php.tree.impl.declaration.ParameterListTreeTest
Running org.sonar.php.tree.impl.expression.BinaryExpressionTreeTest
Tests run: 15, Failures: 0, Errors: 0, Skipped: 0, Time elapsed: 0.101 sec - in org.sonar.php.tree.impl.expression.BinaryExpressionTreeTest
Running org.sonar.php.tree.impl.statement.ReturnStatementTreeTest
Tests run: 2, Failures: 0, Errors: 0, Skipped: 0, Time elapsed: 0.008 sec - in org.sonar.php.tree.impl.statement.ReturnStatementTreeTest
Running org.sonar.php.tree.impl.declaration.FunctionDeclarationTreeTest
Tests run: 3, Failures: 0, Errors: 0, Skipped: 0, Time elapsed: 0.007 sec - in org.sonar.php.tree.impl.declaration.FunctionDeclarationTreeTest
Running org.sonar.php.parser.expression.AssignmentExpressionTest
Tests run: 1, Failures: 0, Errors: 0, Skipped: 0, Time elapsed: 0.008 sec - in org.sonar.php.parser.expression.AssignmentExpressionTest
Running org.sonar.php.parser.declaration.TypeTest
Tests run: 1, Failures: 0, Errors: 0, Skipped: 0, Time elapsed: 0.004 sec - in org.sonar.php.parser.declaration.TypeTest
Running org.sonar.php.tree.impl.expression.LiteralTreeTest
Tests run: 6, Failures: 0, Errors: 0, Skipped: 0, Time elapsed: 0.014 sec - in org.sonar.php.tree.impl.expression.LiteralTreeTest
Running org.sonar.php.tree.impl.declaration.ClassDeclarationTreeTest
Tests run: 5, Failures: 0, Errors: 0, Skipped: 0, Time elapsed: 0.016 sec - in org.sonar.php.tree.impl.declaration.ClassDeclarationTreeTest
Running org.sonar.plugins.php.api.visitors.LineIssueTest
Tests run: 2, Failures: 0, Errors: 0, Skipped: 0, Time elapsed: 0 sec - in org.sonar.plugins.php.api.visitors.LineIssueTest
Running org.sonar.php.metrics.LineVisitorTest
Tests run: 3, Failures: 0, Errors: 0, Skipped: 0, Time elapsed: 0.015 sec - in org.sonar.php.metrics.LineVisitorTest
Running org.sonar.php.parser.expression.PostfixExprTest
Tests run: 1, Failures: 0, Errors: 0, Skipped: 0, Time elapsed: 0.003 sec - in org.sonar.php.parser.expression.PostfixExprTest
Running org.sonar.php.tree.impl.expression.HeredocStringLiteralTreeTest
Tests run: 4, Failures: 0, Errors: 0, Skipped: 0, Time elapsed: 0.098 sec - in org.sonar.php.tree.impl.expression.HeredocStringLiteralTreeTest
Running org.sonar.php.tree.impl.declaration.TraitMethodReferenceTreeTest
Tests run: 2, Failures: 0, Errors: 0, Skipped: 0, Time elapsed: 0.006 sec - in org.sonar.php.tree.impl.declaration.TraitMethodReferenceTreeTest
Running org.sonar.php.tree.impl.statement.DeclareStatementTreeTest
Tests run: 3, Failures: 0, Errors: 0, Skipped: 0, Time elapsed: 0.428 sec - in org.sonar.php.tree.impl.statement.DeclareStatementTreeTest
Running org.sonar.php.tree.impl.expression.YieldExpressionTreeTest
Tests run: 4, Failures: 0, Errors: 0, Skipped: 0, Time elapsed: 0.011 sec - in org.sonar.php.tree.impl.expression.YieldExpressionTreeTest
Running org.sonar.php.metrics.MetricsVisitorTest
Tests run: 2, Failures: 0, Errors: 0, Skipped: 0, Time elapsed: 0.052 sec - in org.sonar.php.metrics.MetricsVisitorTest
Running org.sonar.php.tree.impl.statement.IfStatementTreeTest
Tests run: 4, Failures: 0, Errors: 0, Skipped: 0, Time elapsed: 0.01 sec - in org.sonar.php.tree.impl.statement.IfStatementTreeTest
Running org.sonar.php.tree.impl.expression.NewExpressionTreeTest
Tests run: 1, Failures: 0, Errors: 0, Skipped: 0, Time elapsed: 0.002 sec - in org.sonar.php.tree.impl.expression.NewExpressionTreeTest
Running org.sonar.php.ini.PhpIniParserTest
Tests run: 21, Failures: 0, Errors: 0, Skipped: 0, Time elapsed: 0.021 sec - in org.sonar.php.ini.PhpIniParserTest
Running org.sonar.php.tree.impl.expression.FunctionExpressionTreeTest
Tests run: 5, Failures: 0, Errors: 0, Skipped: 0, Time elapsed: 0.02 sec - in org.sonar.php.tree.impl.expression.FunctionExpressionTreeTest
Running org.sonar.php.parser.lexical.RegularStringLiteralTest
Tests run: 2, Failures: 0, Errors: 0, Skipped: 0, Time elapsed: 0.006 sec - in org.sonar.php.parser.lexical.RegularStringLiteralTest
Running org.sonar.php.tree.impl.expression.ArrayPairTreeTest
Tests run: 2, Failures: 0, Errors: 0, Skipped: 0, Time elapsed: 0.01 sec - in org.sonar.php.tree.impl.expression.ArrayPairTreeTest
Running org.sonar.php.parser.declaration.ClassVariableDeclarationTest
Tests run: 1, Failures: 0, Errors: 0, Skipped: 0, Time elapsed: 0.004 sec - in org.sonar.php.parser.declaration.ClassVariableDeclarationTest
Running org.sonar.php.parser.lexical.VarIdentifierTest
Tests run: 1, Failures: 0, Errors: 0, Skipped: 0, Time elapsed: 0.003 sec - in org.sonar.php.parser.lexical.VarIdentifierTest
Running org.sonar.php.parser.declaration.TypeNameTest
Tests run: 1, Failures: 0, Errors: 0, Skipped: 0, Time elapsed: 0.005 sec - in org.sonar.php.parser.declaration.TypeNameTest
Running org.sonar.php.parser.statement.SwitchCaseClauseTest
Tests run: 1, Failures: 0, Errors: 0, Skipped: 0, Time elapsed: 0.005 sec - in org.sonar.php.parser.statement.SwitchCaseClauseTest
Running org.sonar.php.tree.impl.statement.LabelTreeTest
Tests run: 1, Failures: 0, Errors: 0, Skipped: 0, Time elapsed: 0.003 sec - in org.sonar.php.tree.impl.statement.LabelTreeTest
Running org.sonar.php.parser.statement.BreakStatementTest
Tests run: 1, Failures: 0, Errors: 0, Skipped: 0, Time elapsed: 0.003 sec - in org.sonar.php.parser.statement.BreakStatementTest
Running org.sonar.php.parser.declaration.ClassConstDeclarationTest
Tests run: 1, Failures: 0, Errors: 0, Skipped: 0, Time elapsed: 0.004 sec - in org.sonar.php.parser.declaration.ClassConstDeclarationTest
Running org.sonar.php.parser.statement.ForStatementTest
Tests run: 1, Failures: 0, Errors: 0, Skipped: 0, Time elapsed: 0.01 sec - in org.sonar.php.parser.statement.ForStatementTest
Running org.sonar.php.ini.BasePhpIniIssueTest
Tests run: 1, Failures: 0, Errors: 0, Skipped: 0, Time elapsed: 0.005 sec - in org.sonar.php.ini.BasePhpIniIssueTest
Running org.sonar.php.tree.impl.expression.CompoundVariableTreeTest
Tests run: 1, Failures: 0, Errors: 0, Skipped: 0, Time elapsed: 0.004 sec - in org.sonar.php.tree.impl.expression.CompoundVariableTreeTest
Running org.sonar.php.parser.statement.EchoStatementTest
Tests run: 1, Failures: 0, Errors: 0, Skipped: 0, Time elapsed: 0.004 sec - in org.sonar.php.parser.statement.EchoStatementTest
Running org.sonar.php.parser.expression.ExitExprTest
Tests run: 1, Failures: 0, Errors: 0, Skipped: 0, Time elapsed: 0.003 sec - in org.sonar.php.parser.expression.ExitExprTest
Running org.sonar.php.tree.impl.expression.ArrayAccessTreeTest
Tests run: 2, Failures: 0, Errors: 0, Skipped: 0, Time elapsed: 0.008 sec - in org.sonar.php.tree.impl.expression.ArrayAccessTreeTest
Running org.sonar.php.tree.impl.declaration.MethodDeclarationTreeTest
Tests run: 2, Failures: 0, Errors: 0, Skipped: 0, Time elapsed: 0.007 sec - in org.sonar.php.tree.impl.declaration.MethodDeclarationTreeTest
Running org.sonar.php.parser.statement.GlobalVarTest
Tests run: 1, Failures: 0, Errors: 0, Skipped: 0, Time elapsed: 0.002 sec - in org.sonar.php.parser.statement.GlobalVarTest
Running org.sonar.php.parser.expression.ComplexEncapsVariableTest
Tests run: 3, Failures: 0, Errors: 0, Skipped: 0, Time elapsed: 0.014 sec - in org.sonar.php.parser.expression.ComplexEncapsVariableTest
Running org.sonar.plugins.php.api.PHPCustomRulesDefinitionTest
Tests run: 1, Failures: 0, Errors: 0, Skipped: 0, Time elapsed: 0.071 sec - in org.sonar.plugins.php.api.PHPCustomRulesDefinitionTest
Running org.sonar.php.parser.expression.SimpleEncapsVariableTest
Tests run: 3, Failures: 0, Errors: 0, Skipped: 0, Time elapsed: 0.014 sec - in org.sonar.php.parser.expression.SimpleEncapsVariableTest
Running org.sonar.php.parser.statement.GotoStatementTest
Tests run: 1, Failures: 0, Errors: 0, Skipped: 0, Time elapsed: 0.005 sec - in org.sonar.php.parser.statement.GotoStatementTest
Running org.sonar.php.parser.statement.ContinueStatementTest
Tests run: 1, Failures: 0, Errors: 0, Skipped: 0, Time elapsed: 0.004 sec - in org.sonar.php.parser.statement.ContinueStatementTest
Running org.sonar.php.tree.impl.expression.ExpandableStringLiteralTreeTest
Tests run: 5, Failures: 0, Errors: 0, Skipped: 0, Time elapsed: 0.017 sec - in org.sonar.php.tree.impl.expression.ExpandableStringLiteralTreeTest
Running org.sonar.php.parser.lexical.EncapsStringLiteralTest
Tests run: 1, Failures: 0, Errors: 0, Skipped: 0, Time elapsed: 0.001 sec - in org.sonar.php.parser.lexical.EncapsStringLiteralTest
Running org.sonar.php.tree.impl.statement.BlockTreeTest
Tests run: 2, Failures: 0, Errors: 0, Skipped: 0, Time elapsed: 0.006 sec - in org.sonar.php.tree.impl.statement.BlockTreeTest
Running org.sonar.php.tree.impl.expression.VariableVariableTreeTest
Tests run: 2, Failures: 0, Errors: 0, Skipped: 0, Time elapsed: 0.003 sec - in org.sonar.php.tree.impl.expression.VariableVariableTreeTest
Running org.sonar.php.parser.expression.LogicalXorExpressionTest
Tests run: 1, Failures: 0, Errors: 0, Skipped: 0, Time elapsed: 0.002 sec - in org.sonar.php.parser.expression.LogicalXorExpressionTest
Running org.sonar.php.highlighter.SyntaxHighlighterVisitorTest
Tests run: 11, Failures: 0, Errors: 0, Skipped: 0, Time elapsed: 0.033 sec - in org.sonar.php.highlighter.SyntaxHighlighterVisitorTest
Running org.sonar.php.parser.expression.YieldExpressionTest
Tests run: 1, Failures: 0, Errors: 0, Skipped: 0, Time elapsed: 0.006 sec - in org.sonar.php.parser.expression.YieldExpressionTest
Running org.sonar.php.parser.statement.ThrowStatementTest
Tests run: 1, Failures: 0, Errors: 0, Skipped: 0, Time elapsed: 0.004 sec - in org.sonar.php.parser.statement.ThrowStatementTest
Running org.sonar.php.tree.impl.statement.NamespaceStatementTreeTest
Tests run: 2, Failures: 0, Errors: 0, Skipped: 0, Time elapsed: 0.006 sec - in org.sonar.php.tree.impl.statement.NamespaceStatementTreeTest
Running org.sonar.php.parser.expression.ShiftExpressionTest
Tests run: 1, Failures: 0, Errors: 0, Skipped: 0, Time elapsed: 0.003 sec - in org.sonar.php.parser.expression.ShiftExpressionTest
Running org.sonar.php.parser.expression.UnaryExprTest
Tests run: 1, Failures: 0, Errors: 0, Skipped: 0, Time elapsed: 0.007 sec - in org.sonar.php.parser.expression.UnaryExprTest
Running org.sonar.php.parser.declaration.MemberConstDeclarationTest
Tests run: 1, Failures: 0, Errors: 0, Skipped: 0, Time elapsed: 0.004 sec - in org.sonar.php.parser.declaration.MemberConstDeclarationTest
Running org.sonar.php.tree.impl.statement.EmptyStatementTreeTest
Tests run: 1, Failures: 0, Errors: 0, Skipped: 0, Time elapsed: 0.004 sec - in org.sonar.php.tree.impl.statement.EmptyStatementTreeTest
Running org.sonar.php.tree.impl.expression.ArrayInitializerFunctionTreeTest
Tests run: 3, Failures: 0, Errors: 0, Skipped: 0, Time elapsed: 0.015 sec - in org.sonar.php.tree.impl.expression.ArrayInitializerFunctionTreeTest
Running org.sonar.php.parser.expression.EncapsVarTest
Tests run: 1, Failures: 0, Errors: 0, Skipped: 0, Time elapsed: 0.004 sec - in org.sonar.php.parser.expression.EncapsVarTest
Running org.sonar.php.parser.expression.PrimaryExpressionTest
Tests run: 1, Failures: 0, Errors: 0, Skipped: 0, Time elapsed: 0.004 sec - in org.sonar.php.parser.expression.PrimaryExpressionTest
Running org.sonar.php.tree.symbols.ClassMemberUsagesTest
Tests run: 8, Failures: 0, Errors: 0, Skipped: 0, Time elapsed: 0.309 sec - in org.sonar.php.tree.symbols.ClassMemberUsagesTest
Running org.sonar.php.metrics.CounterVisitorTest
Tests run: 3, Failures: 0, Errors: 0, Skipped: 0, Time elapsed: 0.019 sec - in org.sonar.php.metrics.CounterVisitorTest
Running org.sonar.php.parser.statement.LabelTest
Tests run: 1, Failures: 0, Errors: 0, Skipped: 0, Time elapsed: 0.001 sec - in org.sonar.php.parser.statement.LabelTest
Running org.sonar.php.parser.expression.ObjectMemberAccessTest
Tests run: 1, Failures: 0, Errors: 0, Skipped: 0, Time elapsed: 0.002 sec - in org.sonar.php.parser.expression.ObjectMemberAccessTest
Running org.sonar.php.parser.expression.LexicalVarTest
Tests run: 1, Failures: 0, Errors: 0, Skipped: 0, Time elapsed: 0.001 sec - in org.sonar.php.parser.expression.LexicalVarTest
Running org.sonar.php.metrics.CpdVisitorTest
Tests run: 4, Failures: 0, Errors: 0, Skipped: 0, Time elapsed: 0.053 sec - in org.sonar.php.metrics.CpdVisitorTest
Running org.sonar.php.parser.expression.LogicalOrExpressionTest
Tests run: 1, Failures: 0, Errors: 0, Skipped: 0, Time elapsed: 0.004 sec - in org.sonar.php.parser.expression.LogicalOrExpressionTest
Running org.sonar.php.parser.statement.SwitchStatementTest
Tests run: 1, Failures: 0, Errors: 0, Skipped: 0, Time elapsed: 0.002 sec - in org.sonar.php.parser.statement.SwitchStatementTest
Running org.sonar.php.highlighter.SymbolHighlighterTest
Tests run: 5, Failures: 0, Errors: 0, Skipped: 0, Time elapsed: 0.051 sec - in org.sonar.php.highlighter.SymbolHighlighterTest
Running org.sonar.php.tree.impl.statement.SwitchClauseTreeTest
Tests run: 2, Failures: 0, Errors: 0, Skipped: 0, Time elapsed: 0.007 sec - in org.sonar.php.tree.impl.statement.SwitchClauseTreeTest
Running org.sonar.php.parser.expression.HeredocStringLiteralTest
Tests run: 1, Failures: 0, Errors: 0, Skipped: 0, Time elapsed: 0.011 sec - in org.sonar.php.parser.expression.HeredocStringLiteralTest
Running org.sonar.php.tree.impl.CompilationUnitTreeTest
Tests run: 4, Failures: 0, Errors: 0, Skipped: 0, Time elapsed: 0.009 sec - in org.sonar.php.tree.impl.CompilationUnitTreeTest
Running org.sonar.php.parser.statement.GlobalStatementTest
Tests run: 1, Failures: 0, Errors: 0, Skipped: 0, Time elapsed: 0.003 sec - in org.sonar.php.parser.statement.GlobalStatementTest
Running org.sonar.php.tree.impl.statement.StaticStatementTreeTest
Tests run: 1, Failures: 0, Errors: 0, Skipped: 0, Time elapsed: 0.002 sec - in org.sonar.php.tree.impl.statement.StaticStatementTreeTest

Results :




Tests run: 431, Failures: 0, Errors: 0, Skipped: 0

[INFO] 
[INFO] --- maven-jar-plugin:2.6:jar (default-jar) @ php-frontend ---
[INFO] Building jar: /home/travis/build/SonarSource/sonar-php/php-frontend/target/php-frontend-2.10-SNAPSHOT.jar
[INFO] 
[INFO] --- maven-jar-plugin:2.6:test-jar (default) @ php-frontend ---
[INFO] Building jar: /home/travis/build/SonarSource/sonar-php/php-frontend/target/php-frontend-2.10-SNAPSHOT-tests.jar
[INFO] 
[INFO] --- maven-source-plugin:2.4:jar-no-fork (attach-sources) @ php-frontend ---
[INFO] Building jar: /home/travis/build/SonarSource/sonar-php/php-frontend/target/php-frontend-2.10-SNAPSHOT-sources.jar
[INFO]                                                                         
[INFO] ------------------------------------------------------------------------
[INFO] Building PHP :: Checks 2.10-SNAPSHOT
[INFO] ------------------------------------------------------------------------
[INFO] 
[INFO] --- buildnumber-maven-plugin:1.4:create (default) @ php-checks ---
[INFO] 
[INFO] --- maven-enforcer-plugin:1.4.1:enforce (enforce) @ php-checks ---
[INFO] 
[INFO] --- license-maven-plugin:2.11:check (enforce-license-headers) @ php-checks ---
[INFO] Checking licenses...
[INFO] 
[INFO] --- maven-resources-plugin:2.7:resources (default-resources) @ php-checks ---
[INFO] Using 'UTF-8' encoding to copy filtered resources.
[INFO] Copying 242 resources
[INFO] 
[INFO] --- maven-compiler-plugin:3.5.1:compile (default-compile) @ php-checks ---
[INFO] Changes detected - recompiling the module!
[INFO] Compiling 143 source files to /home/travis/build/SonarSource/sonar-php/php-checks/target/classes
[INFO] 
[INFO] --- maven-resources-plugin:2.7:testResources (default-testResources) @ php-checks ---
[INFO] Using 'UTF-8' encoding to copy filtered resources.
[INFO] Copying 159 resources
[INFO] 
[INFO] --- maven-compiler-plugin:3.5.1:testCompile (default-testCompile) @ php-checks ---
[INFO] Changes detected - recompiling the module!
[INFO] Compiling 131 source files to /home/travis/build/SonarSource/sonar-php/php-checks/target/test-classes
[INFO] 
[INFO] --- maven-surefire-plugin:2.18:test (default-test) @ php-checks ---
[INFO] Surefire report directory: /home/travis/build/SonarSource/sonar-php/php-checks/target/surefire-reports

-------------------------------------------------------
 T E S T S
-------------------------------------------------------
Running org.sonar.php.checks.SelfKeywordUsageCheckTest
Tests run: 1, Failures: 0, Errors: 0, Skipped: 0, Time elapsed: 0.885 sec - in org.sonar.php.checks.SelfKeywordUsageCheckTest
Running org.sonar.php.checks.VarKeywordUsageCheckTest
Tests run: 1, Failures: 0, Errors: 0, Skipped: 0, Time elapsed: 0.005 sec - in org.sonar.php.checks.VarKeywordUsageCheckTest
Running org.sonar.php.checks.MethodNameReturningBooleanCheckTest
Tests run: 1, Failures: 0, Errors: 0, Skipped: 0, Time elapsed: 0.017 sec - in org.sonar.php.checks.MethodNameReturningBooleanCheckTest
Running org.sonar.php.checks.StringLiteralDuplicatedCheckTest
Tests run: 2, Failures: 0, Errors: 0, Skipped: 0, Time elapsed: 0.033 sec - in org.sonar.php.checks.StringLiteralDuplicatedCheckTest
Running org.sonar.php.checks.IncrementDecrementInSubExpressionCheckTest
Tests run: 1, Failures: 0, Errors: 0, Skipped: 0, Time elapsed: 0.013 sec - in org.sonar.php.checks.IncrementDecrementInSubExpressionCheckTest
Running org.sonar.php.checks.MoreThanOneClassInFileCheckTest
Tests run: 4, Failures: 0, Errors: 0, Skipped: 0, Time elapsed: 0.009 sec - in org.sonar.php.checks.MoreThanOneClassInFileCheckTest
Running org.sonar.php.checks.TooManyMethodsInClassCheckTest
Tests run: 3, Failures: 0, Errors: 0, Skipped: 0, Time elapsed: 0.018 sec - in org.sonar.php.checks.TooManyMethodsInClassCheckTest
Running org.sonar.php.checks.TrailingWhitespaceCheckTest
Tests run: 1, Failures: 0, Errors: 0, Skipped: 0, Time elapsed: 0.011 sec - in org.sonar.php.checks.TrailingWhitespaceCheckTest
Running org.sonar.php.checks.SwitchWithoutDefaultCheckTest
Tests run: 1, Failures: 0, Errors: 0, Skipped: 0, Time elapsed: 0.011 sec - in org.sonar.php.checks.SwitchWithoutDefaultCheckTest
Running org.sonar.php.checks.RightCurlyBraceStartsLineCheckTest
Tests run: 1, Failures: 0, Errors: 0, Skipped: 0, Time elapsed: 0.021 sec - in org.sonar.php.checks.RightCurlyBraceStartsLineCheckTest
Running org.sonar.php.checks.PhpSapiNameFunctionUsageCheckTest
Tests run: 1, Failures: 0, Errors: 0, Skipped: 0, Time elapsed: 0.006 sec - in org.sonar.php.checks.PhpSapiNameFunctionUsageCheckTest
Running org.sonar.php.checks.GlobalKeywordAndArrayUsageCheckTest
Tests run: 1, Failures: 0, Errors: 0, Skipped: 0, Time elapsed: 0.005 sec - in org.sonar.php.checks.GlobalKeywordAndArrayUsageCheckTest
Running org.sonar.php.checks.ExpressionComplexityCheckTest
Tests run: 2, Failures: 0, Errors: 0, Skipped: 0, Time elapsed: 0.092 sec - in org.sonar.php.checks.ExpressionComplexityCheckTest
Running org.sonar.php.checks.PHP5DeprecatedFunctionUsageCheckTest
Tests run: 1, Failures: 0, Errors: 0, Skipped: 0, Time elapsed: 0.02 sec - in org.sonar.php.checks.PHP5DeprecatedFunctionUsageCheckTest
Running org.sonar.php.checks.ForLoopCounterChangedCheckTest
Tests run: 1, Failures: 0, Errors: 0, Skipped: 0, Time elapsed: 0.043 sec - in org.sonar.php.checks.ForLoopCounterChangedCheckTest
Running org.sonar.php.checks.LineLengthCheckTest
Tests run: 2, Failures: 0, Errors: 0, Skipped: 0, Time elapsed: 0.008 sec - in org.sonar.php.checks.LineLengthCheckTest
Running org.sonar.php.checks.EvalUseCheckTest
Tests run: 1, Failures: 0, Errors: 0, Skipped: 0, Time elapsed: 0.003 sec - in org.sonar.php.checks.EvalUseCheckTest
Running org.sonar.php.checks.CollapsibleIfStatementCheckTest
Tests run: 1, Failures: 0, Errors: 0, Skipped: 0, Time elapsed: 0.024 sec - in org.sonar.php.checks.CollapsibleIfStatementCheckTest
Running org.sonar.php.checks.TrailingCommentCheckTest
Tests run: 2, Failures: 0, Errors: 0, Skipped: 0, Time elapsed: 0.011 sec - in org.sonar.php.checks.TrailingCommentCheckTest
Running org.sonar.php.checks.OneStatementPerLineCheckTest
Tests run: 1, Failures: 0, Errors: 0, Skipped: 0, Time elapsed: 0.021 sec - in org.sonar.php.checks.OneStatementPerLineCheckTest
Running org.sonar.php.checks.TooManyLinesInFunctionCheckTest
Tests run: 2, Failures: 0, Errors: 0, Skipped: 0, Time elapsed: 0.021 sec - in org.sonar.php.checks.TooManyLinesInFunctionCheckTest
Running org.sonar.php.checks.PerlStyleCommentsUsageCheckTest
Tests run: 1, Failures: 0, Errors: 0, Skipped: 0, Time elapsed: 0.003 sec - in org.sonar.php.checks.PerlStyleCommentsUsageCheckTest
Running org.sonar.php.checks.OverridingMethodSimplyCallParentCheckTest
Tests run: 1, Failures: 0, Errors: 0, Skipped: 0, Time elapsed: 0.031 sec - in org.sonar.php.checks.OverridingMethodSimplyCallParentCheckTest
Running org.sonar.php.checks.ModifiersOrderCheckTest
Tests run: 1, Failures: 0, Errors: 0, Skipped: 0, Time elapsed: 0.005 sec - in org.sonar.php.checks.ModifiersOrderCheckTest
Running org.sonar.php.checks.AliasFunctionUsageCheckTest
Tests run: 1, Failures: 0, Errors: 0, Skipped: 0, Time elapsed: 0.018 sec - in org.sonar.php.checks.AliasFunctionUsageCheckTest
Running org.sonar.php.checks.ForHidingWhileCheckTest
Tests run: 1, Failures: 0, Errors: 0, Skipped: 0, Time elapsed: 0.006 sec - in org.sonar.php.checks.ForHidingWhileCheckTest
Running org.sonar.php.checks.ClosingTagInFullPHPFileCheckTest
Tests run: 2, Failures: 0, Errors: 0, Skipped: 0, Time elapsed: 0.005 sec - in org.sonar.php.checks.ClosingTagInFullPHPFileCheckTest
Running org.sonar.php.checks.IfConditionAlwaysTrueOrFalseCheckTest
Tests run: 1, Failures: 0, Errors: 0, Skipped: 0, Time elapsed: 0.005 sec - in org.sonar.php.checks.IfConditionAlwaysTrueOrFalseCheckTest
Running org.sonar.php.checks.ElseIfWithoutElseCheckTest
Tests run: 1, Failures: 0, Errors: 0, Skipped: 0, Time elapsed: 0.014 sec - in org.sonar.php.checks.ElseIfWithoutElseCheckTest
Running org.sonar.php.checks.LocalVariableShadowsClassFieldCheckTest
Tests run: 1, Failures: 0, Errors: 0, Skipped: 0, Time elapsed: 0.025 sec - in org.sonar.php.checks.LocalVariableShadowsClassFieldCheckTest
Running org.sonar.php.checks.FileHeaderCheckTest
Tests run: 1, Failures: 0, Errors: 0, Skipped: 0, Time elapsed: 0.017 sec - in org.sonar.php.checks.FileHeaderCheckTest
Running org.sonar.php.checks.ClassCouplingCheckTest
Tests run: 2, Failures: 0, Errors: 0, Skipped: 0, Time elapsed: 0.047 sec - in org.sonar.php.checks.ClassCouplingCheckTest
Running org.sonar.php.checks.ClassComplexityCheckTest
Tests run: 2, Failures: 0, Errors: 0, Skipped: 0, Time elapsed: 0.031 sec - in org.sonar.php.checks.ClassComplexityCheckTest
Running org.sonar.php.checks.MultilineBlocksCurlyBracesCheckTest
Tests run: 1, Failures: 0, Errors: 0, Skipped: 0, Time elapsed: 0.034 sec - in org.sonar.php.checks.MultilineBlocksCurlyBracesCheckTest
Running org.sonar.php.checks.KeywordsAndConstantsNotLowerCaseCheckTest
Tests run: 1, Failures: 0, Errors: 0, Skipped: 0, Time elapsed: 0.008 sec - in org.sonar.php.checks.KeywordsAndConstantsNotLowerCaseCheckTest
Running org.sonar.php.checks.ThisVariableUsageInStaticContextCheckTest
Tests run: 1, Failures: 0, Errors: 0, Skipped: 0, Time elapsed: 0.006 sec - in org.sonar.php.checks.ThisVariableUsageInStaticContextCheckTest
Running org.sonar.php.checks.OpeningPHPTagCheckTest
Tests run: 4, Failures: 0, Errors: 0, Skipped: 0, Time elapsed: 0.007 sec - in org.sonar.php.checks.OpeningPHPTagCheckTest
Running org.sonar.php.checks.NestedControlFlowDepthCheckTest
Tests run: 2, Failures: 0, Errors: 0, Skipped: 0, Time elapsed: 0.016 sec - in org.sonar.php.checks.NestedControlFlowDepthCheckTest
Running org.sonar.php.checks.OnePropertyDeclarationPerStatementCheckTest
Tests run: 1, Failures: 0, Errors: 0, Skipped: 0, Time elapsed: 0.002 sec - in org.sonar.php.checks.OnePropertyDeclarationPerStatementCheckTest
Running org.sonar.php.checks.FileWithSymbolsAndSideEffectsCheckTest
Tests run: 8, Failures: 0, Errors: 0, Skipped: 0, Time elapsed: 0.015 sec - in org.sonar.php.checks.FileWithSymbolsAndSideEffectsCheckTest
Running org.sonar.php.checks.ConstructorDependencyInversionCheckTest
Tests run: 1, Failures: 0, Errors: 0, Skipped: 0, Time elapsed: 0.011 sec - in org.sonar.php.checks.ConstructorDependencyInversionCheckTest
Running org.sonar.php.checks.FunctionNameCheckTest
Tests run: 2, Failures: 0, Errors: 0, Skipped: 0, Time elapsed: 0.01 sec - in org.sonar.php.checks.FunctionNameCheckTest
Running org.sonar.php.checks.UnusedLocalVariableCheckTest
Tests run: 1, Failures: 0, Errors: 0, Skipped: 0, Time elapsed: 0.072 sec - in org.sonar.php.checks.UnusedLocalVariableCheckTest
Running org.sonar.php.checks.RequireInsteadOfRequireOnceCheckTest
Tests run: 1, Failures: 0, Errors: 0, Skipped: 0, Time elapsed: 0.003 sec - in org.sonar.php.checks.RequireInsteadOfRequireOnceCheckTest
Running org.sonar.php.checks.TooManyCasesInSwitchCheckTest
Tests run: 2, Failures: 0, Errors: 0, Skipped: 0, Time elapsed: 0.016 sec - in org.sonar.php.checks.TooManyCasesInSwitchCheckTest
Running org.sonar.php.checks.MissingNewLineAtEOFCheckTest
Tests run: 3, Failures: 0, Errors: 0, Skipped: 0, Time elapsed: 0.005 sec - in org.sonar.php.checks.MissingNewLineAtEOFCheckTest
Running org.sonar.php.checks.MissingMethodVisibilityCheckTest
Tests run: 1, Failures: 0, Errors: 0, Skipped: 0, Time elapsed: 0.007 sec - in org.sonar.php.checks.MissingMethodVisibilityCheckTest
Running org.sonar.php.checks.CharacterBeforeOpeningPHPTagCheckTest
Tests run: 2, Failures: 0, Errors: 0, Skipped: 0, Time elapsed: 0.005 sec - in org.sonar.php.checks.CharacterBeforeOpeningPHPTagCheckTest
Running org.sonar.php.checks.IdenticalOperandsInBinaryExpressionCheckTest
Tests run: 1, Failures: 0, Errors: 0, Skipped: 0, Time elapsed: 0.021 sec - in org.sonar.php.checks.IdenticalOperandsInBinaryExpressionCheckTest
Running org.sonar.php.checks.SelfAssignmentCheckTest
Tests run: 1, Failures: 0, Errors: 0, Skipped: 0, Time elapsed: 0.005 sec - in org.sonar.php.checks.SelfAssignmentCheckTest
Running org.sonar.php.checks.InlineHTMLInFileCheckTest
Tests run: 4, Failures: 0, Errors: 0, Skipped: 0, Time elapsed: 0.008 sec - in org.sonar.php.checks.InlineHTMLInFileCheckTest
Running org.sonar.php.checks.SleepFunctionUsageCheckTest
Tests run: 1, Failures: 0, Errors: 0, Skipped: 0, Time elapsed: 0.005 sec - in org.sonar.php.checks.SleepFunctionUsageCheckTest
Running org.sonar.php.checks.FixmeTagPresenceCheckTest
Tests run: 1, Failures: 0, Errors: 0, Skipped: 0, Time elapsed: 0.004 sec - in org.sonar.php.checks.FixmeTagPresenceCheckTest
Running org.sonar.php.checks.VariableVariablesCheckTest
Tests run: 1, Failures: 0, Errors: 0, Skipped: 0, Time elapsed: 0.004 sec - in org.sonar.php.checks.VariableVariablesCheckTest
Running org.sonar.php.checks.GenericExceptionCheckTest
Tests run: 6, Failures: 0, Errors: 0, Skipped: 0, Time elapsed: 0.053 sec - in org.sonar.php.checks.GenericExceptionCheckTest
Running org.sonar.php.checks.CheckListTest
Tests run: 2, Failures: 0, Errors: 0, Skipped: 0, Time elapsed: 0.108 sec - in org.sonar.php.checks.CheckListTest
Running org.sonar.php.checks.EmptyStatementCheckTest
Tests run: 1, Failures: 0, Errors: 0, Skipped: 0, Time elapsed: 0.006 sec - in org.sonar.php.checks.EmptyStatementCheckTest
Running org.sonar.php.checks.SilencedErrorsCheckTest
Tests run: 1, Failures: 0, Errors: 0, Skipped: 0, Time elapsed: 0.004 sec - in org.sonar.php.checks.SilencedErrorsCheckTest
Running org.sonar.php.checks.ReferenceInFunctionCallCheckTest
Tests run: 1, Failures: 0, Errors: 0, Skipped: 0, Time elapsed: 0.004 sec - in org.sonar.php.checks.ReferenceInFunctionCallCheckTest
Running org.sonar.php.checks.LeftCurlyBraceEndsLineCheckTest
Tests run: 1, Failures: 0, Errors: 0, Skipped: 0, Time elapsed: 0.031 sec - in org.sonar.php.checks.LeftCurlyBraceEndsLineCheckTest
Running org.sonar.php.checks.formatting.IndentationCheckTest
Tests run: 2, Failures: 0, Errors: 0, Skipped: 0, Time elapsed: 0.064 sec - in org.sonar.php.checks.formatting.IndentationCheckTest
Running org.sonar.php.checks.phpini.AllowUrlCheckTest
Tests run: 2, Failures: 0, Errors: 0, Skipped: 0, Time elapsed: 0.035 sec - in org.sonar.php.checks.phpini.AllowUrlCheckTest
Running org.sonar.php.checks.DuplicateBranchImplementationCheckTest
Tests run: 1, Failures: 0, Errors: 0, Skipped: 0, Time elapsed: 0.034 sec - in org.sonar.php.checks.DuplicateBranchImplementationCheckTest
Running org.sonar.php.checks.formatting.CurlyBraceCheckTest
Tests run: 2, Failures: 0, Errors: 0, Skipped: 0, Time elapsed: 0.034 sec - in org.sonar.php.checks.formatting.CurlyBraceCheckTest
Running org.sonar.php.checks.UnusedPrivateMethodCheckTest
Tests run: 1, Failures: 0, Errors: 0, Skipped: 0, Time elapsed: 0.025 sec - in org.sonar.php.checks.UnusedPrivateMethodCheckTest
Running org.sonar.php.checks.TooManyFieldsInClassCheckTest
Tests run: 3, Failures: 0, Errors: 0, Skipped: 0, Time elapsed: 0.01 sec - in org.sonar.php.checks.TooManyFieldsInClassCheckTest
Running org.sonar.php.checks.FunctionComplexityCheckTest
Tests run: 2, Failures: 0, Errors: 0, Skipped: 0, Time elapsed: 0.031 sec - in org.sonar.php.checks.FunctionComplexityCheckTest
Running org.sonar.php.checks.phpini.CgiForceRedirectCheckTest
Tests run: 2, Failures: 0, Errors: 0, Skipped: 0, Time elapsed: 0.005 sec - in org.sonar.php.checks.phpini.CgiForceRedirectCheckTest
Running org.sonar.php.checks.formatting.NamespaceAndUseStatementCheckTest
Tests run: 3, Failures: 0, Errors: 0, Skipped: 0, Time elapsed: 0.015 sec - in org.sonar.php.checks.formatting.NamespaceAndUseStatementCheckTest
Running org.sonar.php.checks.AlwaysUseCurlyBracesCheckTest
Tests run: 1, Failures: 0, Errors: 0, Skipped: 0, Time elapsed: 0.024 sec - in org.sonar.php.checks.AlwaysUseCurlyBracesCheckTest
Running org.sonar.php.checks.UnusedPrivateFieldCheckTest
Tests run: 1, Failures: 0, Errors: 0, Skipped: 0, Time elapsed: 0.02 sec - in org.sonar.php.checks.UnusedPrivateFieldCheckTest
Running org.sonar.php.checks.TooManyLinesInFileCheckTest
Tests run: 2, Failures: 0, Errors: 0, Skipped: 0, Time elapsed: 0.006 sec - in org.sonar.php.checks.TooManyLinesInFileCheckTest
Running org.sonar.php.checks.CallParentConstructorCheckTest
Tests run: 1, Failures: 0, Errors: 0, Skipped: 0, Time elapsed: 0.009 sec - in org.sonar.php.checks.CallParentConstructorCheckTest
Running org.sonar.php.checks.formatting.ExtendsImplementsLineCheckTest
Tests run: 2, Failures: 0, Errors: 0, Skipped: 0, Time elapsed: 0.006 sec - in org.sonar.php.checks.formatting.ExtendsImplementsLineCheckTest
Running org.sonar.php.checks.RedundantFinalCheckTest
Tests run: 1, Failures: 0, Errors: 0, Skipped: 0, Time elapsed: 0.003 sec - in org.sonar.php.checks.RedundantFinalCheckTest
Running org.sonar.php.checks.LeftCurlyBraceStartsLineCheckTest
Tests run: 1, Failures: 0, Errors: 0, Skipped: 0, Time elapsed: 0.009 sec - in org.sonar.php.checks.LeftCurlyBraceStartsLineCheckTest
Running org.sonar.php.checks.ConcatenatedStringLiteralCheckTest
Tests run: 1, Failures: 0, Errors: 0, Skipped: 0, Time elapsed: 0.005 sec - in org.sonar.php.checks.ConcatenatedStringLiteralCheckTest
Running org.sonar.php.checks.EmptyNestedBlockCheckTest
Tests run: 1, Failures: 0, Errors: 0, Skipped: 0, Time elapsed: 0.007 sec - in org.sonar.php.checks.EmptyNestedBlockCheckTest
Running org.sonar.php.checks.SwitchCaseTooBigCheckTest
Tests run: 2, Failures: 0, Errors: 0, Skipped: 0, Time elapsed: 0.013 sec - in org.sonar.php.checks.SwitchCaseTooBigCheckTest
Running org.sonar.php.checks.formatting.FunctionSpacingCheckTest
Tests run: 2, Failures: 0, Errors: 0, Skipped: 0, Time elapsed: 0.021 sec - in org.sonar.php.checks.formatting.FunctionSpacingCheckTest
Running org.sonar.php.checks.LocalVariableAndParameterNameCheckTest
Tests run: 2, Failures: 0, Errors: 0, Skipped: 0, Time elapsed: 0.019 sec - in org.sonar.php.checks.LocalVariableAndParameterNameCheckTest
Running org.sonar.php.checks.BooleanEqualityComparisonCheckTest
Tests run: 1, Failures: 0, Errors: 0, Skipped: 0, Time elapsed: 0.013 sec - in org.sonar.php.checks.BooleanEqualityComparisonCheckTest
Running org.sonar.php.checks.formatting.PunctuatorSpacingCheckTest
Tests run: 2, Failures: 0, Errors: 0, Skipped: 0, Time elapsed: 0.016 sec - in org.sonar.php.checks.formatting.PunctuatorSpacingCheckTest
Running org.sonar.php.checks.CodeFollowingJumpStatementCheckTest
Tests run: 1, Failures: 0, Errors: 0, Skipped: 0, Time elapsed: 0.011 sec - in org.sonar.php.checks.CodeFollowingJumpStatementCheckTest
Running org.sonar.php.checks.ElseIfSequenceKeywordUsageCheckTest
Tests run: 1, Failures: 0, Errors: 0, Skipped: 0, Time elapsed: 0.004 sec - in org.sonar.php.checks.ElseIfSequenceKeywordUsageCheckTest
Running org.sonar.php.checks.TodoTagPresenceCheckTest
Tests run: 1, Failures: 0, Errors: 0, Skipped: 0, Time elapsed: 0.001 sec - in org.sonar.php.checks.TodoTagPresenceCheckTest
Running org.sonar.php.checks.NestedFunctionDepthCheckTest
Tests run: 2, Failures: 0, Errors: 0, Skipped: 0, Time elapsed: 0.006 sec - in org.sonar.php.checks.NestedFunctionDepthCheckTest
Running org.sonar.php.checks.SessionCookiePersistenceCheckTest
Tests run: 3, Failures: 0, Errors: 0, Skipped: 0, Time elapsed: 0.006 sec - in org.sonar.php.checks.SessionCookiePersistenceCheckTest
Running org.sonar.php.checks.phpini.PhpIniBooleanTest
Tests run: 3, Failures: 0, Errors: 0, Skipped: 0, Time elapsed: 0.001 sec - in org.sonar.php.checks.phpini.PhpIniBooleanTest
Running org.sonar.php.checks.phpini.EnableDlCheckTest
Tests run: 2, Failures: 0, Errors: 0, Skipped: 0, Time elapsed: 0.002 sec - in org.sonar.php.checks.phpini.EnableDlCheckTest
Running org.sonar.php.checks.ImmediatelyReturnedVariableCheckTest
Tests run: 1, Failures: 0, Errors: 0, Skipped: 0, Time elapsed: 0.016 sec - in org.sonar.php.checks.ImmediatelyReturnedVariableCheckTest
Running org.sonar.php.checks.phpini.OpenBasedirCheckTest
Tests run: 2, Failures: 0, Errors: 0, Skipped: 0, Time elapsed: 0.003 sec - in org.sonar.php.checks.phpini.OpenBasedirCheckTest
Running org.sonar.php.checks.ExitOrDieUsageCheckTest
Tests run: 1, Failures: 0, Errors: 0, Skipped: 0, Time elapsed: 0.003 sec - in org.sonar.php.checks.ExitOrDieUsageCheckTest
Running org.sonar.php.checks.CallToIniSetCheckTest
Tests run: 1, Failures: 0, Errors: 0, Skipped: 0, Time elapsed: 0.004 sec - in org.sonar.php.checks.CallToIniSetCheckTest
Running org.sonar.php.checks.phpini.FileUploadsCheckTest
Tests run: 2, Failures: 0, Errors: 0, Skipped: 0, Time elapsed: 0.003 sec - in org.sonar.php.checks.phpini.FileUploadsCheckTest
Running org.sonar.php.checks.utils.EqualityTest
Tests run: 1, Failures: 0, Errors: 0, Skipped: 0, Time elapsed: 0.015 sec - in org.sonar.php.checks.utils.EqualityTest
Running org.sonar.php.checks.FunctionDefineOutsideClassCheckTest
Tests run: 1, Failures: 0, Errors: 0, Skipped: 0, Time elapsed: 0.01 sec - in org.sonar.php.checks.FunctionDefineOutsideClassCheckTest
Running org.sonar.php.checks.UselessObjectCreationCheckTest
Tests run: 1, Failures: 0, Errors: 0, Skipped: 0, Time elapsed: 0.006 sec - in org.sonar.php.checks.UselessObjectCreationCheckTest
Running org.sonar.php.checks.ArgumentWithDefaultValueNotLastCheckTest
Tests run: 1, Failures: 0, Errors: 0, Skipped: 0, Time elapsed: 0.005 sec - in org.sonar.php.checks.ArgumentWithDefaultValueNotLastCheckTest
Running org.sonar.php.checks.UselessExpressionStatementCheckTest
Tests run: 2, Failures: 0, Errors: 0, Skipped: 0, Time elapsed: 0.009 sec - in org.sonar.php.checks.UselessExpressionStatementCheckTest
Running org.sonar.php.checks.NonLFCharAsEOLCheckTest
Tests run: 2, Failures: 0, Errors: 0, Skipped: 0, Time elapsed: 0.012 sec - in org.sonar.php.checks.NonLFCharAsEOLCheckTest
Running org.sonar.php.checks.FileNameCheckTest
Tests run: 4, Failures: 0, Errors: 0, Skipped: 0, Time elapsed: 0.006 sec - in org.sonar.php.checks.FileNameCheckTest
Running org.sonar.php.checks.CommentedOutCodeCheckTest
Tests run: 1, Failures: 0, Errors: 0, Skipped: 0, Time elapsed: 0.007 sec - in org.sonar.php.checks.CommentedOutCodeCheckTest
Running org.sonar.php.checks.GotoUseCheckTest
Tests run: 1, Failures: 0, Errors: 0, Skipped: 0, Time elapsed: 0.005 sec - in org.sonar.php.checks.GotoUseCheckTest
Running org.sonar.php.checks.TabCharacterCheckTest
Tests run: 1, Failures: 0, Errors: 0, Skipped: 0, Time elapsed: 0.011 sec - in org.sonar.php.checks.TabCharacterCheckTest
Running org.sonar.php.checks.TooManyFunctionParametersCheckTest
Tests run: 3, Failures: 0, Errors: 0, Skipped: 0, Time elapsed: 0.021 sec - in org.sonar.php.checks.TooManyFunctionParametersCheckTest
Running org.sonar.php.checks.FieldNameCheckTest
Tests run: 2, Failures: 0, Errors: 0, Skipped: 0, Time elapsed: 0.005 sec - in org.sonar.php.checks.FieldNameCheckTest
Running org.sonar.php.checks.EchoWithParenthesisCheckTest
Tests run: 1, Failures: 0, Errors: 0, Skipped: 0, Time elapsed: 0.003 sec - in org.sonar.php.checks.EchoWithParenthesisCheckTest
Running org.sonar.php.checks.TooManyReturnCheckTest
Tests run: 2, Failures: 0, Errors: 0, Skipped: 0, Time elapsed: 0.024 sec - in org.sonar.php.checks.TooManyReturnCheckTest
Running org.sonar.php.checks.UnusedFunctionParametersCheckTest
Tests run: 1, Failures: 0, Errors: 0, Skipped: 0, Time elapsed: 0.013 sec - in org.sonar.php.checks.UnusedFunctionParametersCheckTest
Running org.sonar.php.checks.DuplicatedFunctionArgumentCheckTest
Tests run: 1, Failures: 0, Errors: 0, Skipped: 0, Time elapsed: 0.004 sec - in org.sonar.php.checks.DuplicatedFunctionArgumentCheckTest
Running org.sonar.php.checks.formatting.ControlStructureSpacingTest
Tests run: 2, Failures: 0, Errors: 0, Skipped: 0, Time elapsed: 0.026 sec - in org.sonar.php.checks.formatting.ControlStructureSpacingTest
Running org.sonar.php.checks.AtLeastThreeCasesInSwitchCheckTest
Tests run: 1, Failures: 0, Errors: 0, Skipped: 0, Time elapsed: 0.01 sec - in org.sonar.php.checks.AtLeastThreeCasesInSwitchCheckTest
Running org.sonar.php.checks.LogicalWordOperatorUsageCheckTest
Tests run: 1, Failures: 0, Errors: 0, Skipped: 0, Time elapsed: 0.006 sec - in org.sonar.php.checks.LogicalWordOperatorUsageCheckTest
Running org.sonar.php.checks.DuplicateConditionCheckTest
Tests run: 1, Failures: 0, Errors: 0, Skipped: 0, Time elapsed: 0.006 sec - in org.sonar.php.checks.DuplicateConditionCheckTest
Running org.sonar.php.checks.ConstructorDeclarationCheckTest
Tests run: 1, Failures: 0, Errors: 0, Skipped: 0, Time elapsed: 0.004 sec - in org.sonar.php.checks.ConstructorDeclarationCheckTest
Running org.sonar.php.checks.ConstantNameCheckTest
Tests run: 2, Failures: 0, Errors: 0, Skipped: 0, Time elapsed: 0.013 sec - in org.sonar.php.checks.ConstantNameCheckTest
Running org.sonar.php.checks.DirectlyAccessingSuperGlobalCheckTest
Tests run: 1, Failures: 0, Errors: 0, Skipped: 0, Time elapsed: 0.002 sec - in org.sonar.php.checks.DirectlyAccessingSuperGlobalCheckTest
Running org.sonar.php.checks.NonEmptyCaseWithoutBreakCheckTest
Tests run: 1, Failures: 0, Errors: 0, Skipped: 0, Time elapsed: 0.018 sec - in org.sonar.php.checks.NonEmptyCaseWithoutBreakCheckTest
Running org.sonar.php.checks.NullDereferenceInConditionalCheckTest
Tests run: 1, Failures: 0, Errors: 0, Skipped: 0, Time elapsed: 0.028 sec - in org.sonar.php.checks.NullDereferenceInConditionalCheckTest
Running org.sonar.php.checks.HardCodedCredentialsCheckTest
Tests run: 1, Failures: 0, Errors: 0, Skipped: 0, Time elapsed: 0.008 sec - in org.sonar.php.checks.HardCodedCredentialsCheckTest
Running org.sonar.php.checks.ReturnOfBooleanExpressionCheckTest
Tests run: 1, Failures: 0, Errors: 0, Skipped: 0, Time elapsed: 0.018 sec - in org.sonar.php.checks.ReturnOfBooleanExpressionCheckTest
Running org.sonar.php.checks.phpini.SessionUseTransSidCheckTest
Tests run: 2, Failures: 0, Errors: 0, Skipped: 0, Time elapsed: 0.004 sec - in org.sonar.php.checks.phpini.SessionUseTransSidCheckTest
Running org.sonar.php.checks.TooManyLinesInClassCheckTest
Tests run: 2, Failures: 0, Errors: 0, Skipped: 0, Time elapsed: 0.009 sec - in org.sonar.php.checks.TooManyLinesInClassCheckTest
Running org.sonar.php.checks.DeprecatedPredefinedVariablesUseCheckTest
Tests run: 1, Failures: 0, Errors: 0, Skipped: 0, Time elapsed: 0.004 sec - in org.sonar.php.checks.DeprecatedPredefinedVariablesUseCheckTest
Running org.sonar.php.checks.ClassNameCheckTest
Tests run: 2, Failures: 0, Errors: 0, Skipped: 0, Time elapsed: 0.002 sec - in org.sonar.php.checks.ClassNameCheckTest
Running org.sonar.php.checks.InterfaceNameCheckTest
Tests run: 1, Failures: 0, Errors: 0, Skipped: 0, Time elapsed: 0.002 sec - in org.sonar.php.checks.InterfaceNameCheckTest
Running org.sonar.php.checks.LowerCaseColorCheckTest
Tests run: 1, Failures: 0, Errors: 0, Skipped: 0, Time elapsed: 0.003 sec - in org.sonar.php.checks.LowerCaseColorCheckTest

Results :




Tests run: 203, Failures: 0, Errors: 0, Skipped: 0

[INFO] 
[INFO] --- maven-jar-plugin:2.6:jar (default-jar) @ php-checks ---
[INFO] Building jar: /home/travis/build/SonarSource/sonar-php/php-checks/target/php-checks-2.10-SNAPSHOT.jar
[INFO] 
[INFO] --- maven-source-plugin:2.4:jar-no-fork (attach-sources) @ php-checks ---
[INFO] Building jar: /home/travis/build/SonarSource/sonar-php/php-checks/target/php-checks-2.10-SNAPSHOT-sources.jar
[INFO]                                                                         
[INFO] ------------------------------------------------------------------------
[INFO] Building PHP :: Sonar Plugin 2.10-SNAPSHOT
[INFO] ------------------------------------------------------------------------
[INFO] 
[INFO] --- buildnumber-maven-plugin:1.4:create (default) @ sonar-php-plugin ---
[INFO] 
[INFO] --- maven-enforcer-plugin:1.4.1:enforce (enforce) @ sonar-php-plugin ---
[INFO] 
[INFO] --- license-maven-plugin:2.11:check (enforce-license-headers) @ sonar-php-plugin ---
[INFO] Checking licenses...
[INFO] 
[INFO] --- sonar-packaging-maven-plugin:1.17:check (default-check) @ sonar-php-plugin ---
[INFO] 
[INFO] --- maven-resources-plugin:2.7:resources (default-resources) @ sonar-php-plugin ---
[INFO] Using 'UTF-8' encoding to copy filtered resources.
[INFO] Copying 2 resources
[INFO] 
[INFO] --- maven-compiler-plugin:3.5.1:compile (default-compile) @ sonar-php-plugin ---
[INFO] Changes detected - recompiling the module!
[INFO] Compiling 33 source files to /home/travis/build/SonarSource/sonar-php/sonar-php-plugin/target/classes
[INFO] /home/travis/build/SonarSource/sonar-php/sonar-php-plugin/src/main/java/org/sonar/plugins/php/phpunit/PhpUnitOverallCoverageResultImporter.java: Some input files use or override a deprecated API.
[INFO] /home/travis/build/SonarSource/sonar-php/sonar-php-plugin/src/main/java/org/sonar/plugins/php/phpunit/PhpUnitOverallCoverageResultImporter.java: Recompile with -Xlint:deprecation for details.
[INFO] 
[INFO] --- maven-resources-plugin:2.7:testResources (default-testResources) @ sonar-php-plugin ---
[INFO] Using 'UTF-8' encoding to copy filtered resources.
[INFO] Copying 22 resources
[INFO] 
[INFO] --- maven-compiler-plugin:3.5.1:testCompile (default-testCompile) @ sonar-php-plugin ---
[INFO] Changes detected - recompiling the module!
[INFO] Compiling 21 source files to /home/travis/build/SonarSource/sonar-php/sonar-php-plugin/target/test-classes
[INFO] /home/travis/build/SonarSource/sonar-php/sonar-php-plugin/src/test/java/org/sonar/plugins/php/FakeProfileParser.java: Some input files use or override a deprecated API.
[INFO] /home/travis/build/SonarSource/sonar-php/sonar-php-plugin/src/test/java/org/sonar/plugins/php/FakeProfileParser.java: Recompile with -Xlint:deprecation for details.
[INFO] 
[INFO] --- maven-surefire-plugin:2.18:test (default-test) @ sonar-php-plugin ---
[INFO] Surefire report directory: /home/travis/build/SonarSource/sonar-php/sonar-php-plugin/target/surefire-reports

-------------------------------------------------------
 T E S T S
-------------------------------------------------------
Running org.sonar.plugins.php.phpunit.xml.TestSuiteTest
SLF4J: Failed to load class "org.slf4j.impl.StaticLoggerBinder".
SLF4J: Defaulting to no-operation (NOP) logger implementation
SLF4J: See http://www.slf4j.org/codes.html#StaticLoggerBinder for further details.
Tests run: 4, Failures: 0, Errors: 0, Skipped: 0, Time elapsed: 0.121 sec - in org.sonar.plugins.php.phpunit.xml.TestSuiteTest
Running org.sonar.plugins.php.phpunit.xml.TestCaseTest
Tests run: 1, Failures: 0, Errors: 0, Skipped: 0, Time elapsed: 0.203 sec - in org.sonar.plugins.php.phpunit.xml.TestCaseTest
Running org.sonar.plugins.php.core.NoSonarSensorTest
Tests run: 6, Failures: 0, Errors: 0, Skipped: 0, Time elapsed: 0.275 sec - in org.sonar.plugins.php.core.NoSonarSensorTest
Running org.sonar.plugins.php.PhpPluginTest
Tests run: 2, Failures: 0, Errors: 0, Skipped: 0, Time elapsed: 0.02 sec - in org.sonar.plugins.php.PhpPluginTest
Running org.sonar.plugins.php.phpunit.PhpUnitServiceTest
Tests run: 5, Failures: 0, Errors: 0, Skipped: 0, Time elapsed: 0.093 sec - in org.sonar.plugins.php.phpunit.PhpUnitServiceTest
Running org.sonar.plugins.php.PSR2ProfileDefinitionTest
Tests run: 1, Failures: 0, Errors: 0, Skipped: 0, Time elapsed: 0.114 sec - in org.sonar.plugins.php.PSR2ProfileDefinitionTest
Running org.sonar.plugins.php.phpunit.PhpUnitTestFileReportTest
Tests run: 4, Failures: 0, Errors: 4, Skipped: 0, Time elapsed: 0.011 sec <<< FAILURE! - in org.sonar.plugins.php.phpunit.PhpUnitTestFileReportTest
shouldReportStatusCounts(org.sonar.plugins.php.phpunit.PhpUnitTestFileReportTest)  Time elapsed: 0.009 sec  <<< ERROR!
java.lang.NullPointerException: null
	at org.sonar.plugins.php.phpunit.PhpUnitTestFileReportTest.setUp(PhpUnitTestFileReportTest.java:47)

shouldReportZeroTestsIfEmpty(org.sonar.plugins.php.phpunit.PhpUnitTestFileReportTest)  Time elapsed: 0 sec  <<< ERROR!
java.lang.NullPointerException: null
	at org.sonar.plugins.php.phpunit.PhpUnitTestFileReportTest.setUp(PhpUnitTestFileReportTest.java:47)

shouldNotCountSkippedTests(org.sonar.plugins.php.phpunit.PhpUnitTestFileReportTest)  Time elapsed: 0 sec  <<< ERROR!
java.lang.NullPointerException: null
	at org.sonar.plugins.php.phpunit.PhpUnitTestFileReportTest.setUp(PhpUnitTestFileReportTest.java:47)

shouldReportNoSuccessDensityIfNoLiveTests(org.sonar.plugins.php.phpunit.PhpUnitTestFileReportTest)  Time elapsed: 0 sec  <<< ERROR!
java.lang.NullPointerException: null
	at org.sonar.plugins.php.phpunit.PhpUnitTestFileReportTest.setUp(PhpUnitTestFileReportTest.java:47)

Running org.sonar.plugins.php.phpunit.PhpUnitCoverageResultParserTest
Tests run: 7, Failures: 0, Errors: 0, Skipped: 0, Time elapsed: 0.14 sec - in org.sonar.plugins.php.phpunit.PhpUnitCoverageResultParserTest
Running org.sonar.plugins.php.api.PhpTest
Tests run: 2, Failures: 0, Errors: 0, Skipped: 0, Time elapsed: 0.008 sec - in org.sonar.plugins.php.api.PhpTest
Running org.sonar.plugins.php.phpunit.PhpUnitOverallCoverageResultParserTest
Tests run: 1, Failures: 0, Errors: 0, Skipped: 0, Time elapsed: 0.001 sec - in org.sonar.plugins.php.phpunit.PhpUnitOverallCoverageResultParserTest
Running org.sonar.plugins.php.PHPRulesDefinitionTest
Tests run: 2, Failures: 0, Errors: 0, Skipped: 0, Time elapsed: 0.524 sec - in org.sonar.plugins.php.PHPRulesDefinitionTest
Running org.sonar.plugins.php.DrupalProfileDefinitionTest
Tests run: 1, Failures: 0, Errors: 0, Skipped: 0, Time elapsed: 0.012 sec - in org.sonar.plugins.php.DrupalProfileDefinitionTest
Running org.sonar.plugins.php.phpunit.PhpUnitTestResultImporterTest
Tests run: 1, Failures: 0, Errors: 0, Skipped: 0, Time elapsed: 0.013 sec - in org.sonar.plugins.php.phpunit.PhpUnitTestResultImporterTest
Running org.sonar.plugins.php.phpunit.JUnitLogParserForPhpUnitTest
Tests run: 4, Failures: 0, Errors: 0, Skipped: 0, Time elapsed: 0.016 sec - in org.sonar.plugins.php.phpunit.JUnitLogParserForPhpUnitTest
Running org.sonar.plugins.php.PhpIniSensorTest
ERROR Unable to parse file: /home/travis/build/SonarSource/sonar-php/sonar-php-plugin/src/test/resources/phpini-error/php.ini
ERROR Cannot parse directive at line 1:
invalid content with = and again =...
Tests run: 3, Failures: 0, Errors: 0, Skipped: 0, Time elapsed: 0.072 sec - in org.sonar.plugins.php.PhpIniSensorTest
Running org.sonar.plugins.php.phpunit.PhpUnitItCoverageResultParserTest
Tests run: 1, Failures: 0, Errors: 0, Skipped: 0, Time elapsed: 0 sec - in org.sonar.plugins.php.phpunit.PhpUnitItCoverageResultParserTest
Running org.sonar.plugins.php.PHPSensorTest
Tests run: 15, Failures: 0, Errors: 0, Skipped: 0, Time elapsed: 1.182 sec - in org.sonar.plugins.php.PHPSensorTest
Running org.sonar.plugins.php.phpunit.xml.TestSuitesTest
Tests run: 2, Failures: 0, Errors: 0, Skipped: 0, Time elapsed: 0 sec - in org.sonar.plugins.php.phpunit.xml.TestSuitesTest
Running org.sonar.plugins.php.PHPProfileDefinitionTest
Tests run: 1, Failures: 0, Errors: 0, Skipped: 0, Time elapsed: 0.014 sec - in org.sonar.plugins.php.PHPProfileDefinitionTest

Results :


Tests in error: 
  PhpUnitTestFileReportTest.setUp:47 NullPointer
  PhpUnitTestFileReportTest.setUp:47 NullPointer
  PhpUnitTestFileReportTest.setUp:47 NullPointer
  PhpUnitTestFileReportTest.setUp:47 NullPointer


Tests run: 63, Failures: 0, Errors: 4, Skipped: 0

[INFO] ------------------------------------------------------------------------
[INFO] Reactor Summary:
[INFO] 
[INFO] PHP ................................................ SUCCESS [  1.588 s]
[INFO] PHP :: Frontend .................................... SUCCESS [ 19.404 s]
[INFO] PHP :: Checks ...................................... SUCCESS [  5.430 s]
[INFO] PHP :: Sonar Plugin ................................ FAILURE [  4.548 s]
[INFO] ------------------------------------------------------------------------
[INFO] BUILD FAILURE
[INFO] ------------------------------------------------------------------------
[INFO] Total time: 32.267 s
[INFO] Finished at: 2017-03-01T11:06:56+00:00
[INFO] Final Memory: 31M/325M
[INFO] ------------------------------------------------------------------------
[ERROR] Failed to execute goal org.apache.maven.plugins:maven-surefire-plugin:2.18:test (default-test) on project sonar-php-plugin: There are test failures.
[ERROR] 
[ERROR] Please refer to /home/travis/build/SonarSource/sonar-php/sonar-php-plugin/target/surefire-reports for the individual test results.
[ERROR] -> [Help 1]
org.apache.maven.lifecycle.LifecycleExecutionException: Failed to execute goal org.apache.maven.plugins:maven-surefire-plugin:2.18:test (default-test) on project sonar-php-plugin: There are test failures.

Please refer to /home/travis/build/SonarSource/sonar-php/sonar-php-plugin/target/surefire-reports for the individual test results.
	at org.apache.maven.lifecycle.internal.MojoExecutor.execute(MojoExecutor.java:212)
	at org.apache.maven.lifecycle.internal.MojoExecutor.execute(MojoExecutor.java:153)
	at org.apache.maven.lifecycle.internal.MojoExecutor.execute(MojoExecutor.java:145)
	at org.apache.maven.lifecycle.internal.LifecycleModuleBuilder.buildProject(LifecycleModuleBuilder.java:116)
	at org.apache.maven.lifecycle.internal.LifecycleModuleBuilder.buildProject(LifecycleModuleBuilder.java:80)
	at org.apache.maven.lifecycle.internal.builder.singlethreaded.SingleThreadedBuilder.build(SingleThreadedBuilder.java:51)
	at org.apache.maven.lifecycle.internal.LifecycleStarter.execute(LifecycleStarter.java:120)
	at org.apache.maven.DefaultMaven.doExecute(DefaultMaven.java:355)
	at org.apache.maven.DefaultMaven.execute(DefaultMaven.java:155)
	at org.apache.maven.cli.MavenCli.execute(MavenCli.java:584)
	at org.apache.maven.cli.MavenCli.doMain(MavenCli.java:216)
	at org.apache.maven.cli.MavenCli.main(MavenCli.java:160)
	at sun.reflect.NativeMethodAccessorImpl.invoke0(Native Method)
	at sun.reflect.NativeMethodAccessorImpl.invoke(NativeMethodAccessorImpl.java:62)
	at sun.reflect.DelegatingMethodAccessorImpl.invoke(DelegatingMethodAccessorImpl.java:43)
	at java.lang.reflect.Method.invoke(Method.java:483)
	at org.codehaus.plexus.classworlds.launcher.Launcher.launchEnhanced(Launcher.java:289)
	at org.codehaus.plexus.classworlds.launcher.Launcher.launch(Launcher.java:229)
	at org.codehaus.plexus.classworlds.launcher.Launcher.mainWithExitCode(Launcher.java:415)
	at org.codehaus.plexus.classworlds.launcher.Launcher.main(Launcher.java:356)
Caused by: org.apache.maven.plugin.MojoFailureException: There are test failures.

Please refer to /home/travis/build/SonarSource/sonar-php/sonar-php-plugin/target/surefire-reports for the individual test results.
	at org.apache.maven.plugin.surefire.SurefireHelper.reportExecution(SurefireHelper.java:82)
	at org.apache.maven.plugin.surefire.SurefirePlugin.handleSummary(SurefirePlugin.java:213)
	at org.apache.maven.plugin.surefire.AbstractSurefireMojo.executeAfterPreconditionsChecked(AbstractSurefireMojo.java:883)
	at org.apache.maven.plugin.surefire.AbstractSurefireMojo.execute(AbstractSurefireMojo.java:751)
	at org.apache.maven.plugin.DefaultBuildPluginManager.executeMojo(DefaultBuildPluginManager.java:132)
	at org.apache.maven.lifecycle.internal.MojoExecutor.execute(MojoExecutor.java:208)
	... 19 more
[ERROR] 
[ERROR] Re-run Maven using the -X switch to enable full debug logging.
[ERROR] 
[ERROR] For more information about the errors and possible solutions, please read the following articles:
[ERROR] [Help 1] http://cwiki.apache.org/confluence/display/MAVEN/MojoFailureException
[ERROR] 
[ERROR] After correcting the problems, you can resume the build with the command
[ERROR]   mvn <goals> -rf :sonar-php-plugin

travis_time:end:09da44fe:start=1488366381075252192,finish=1488366416949284511,duration=35874032319[0K
[31;1mThe command "./travis.sh" exited with 1.[0m
travis_fold:start:cache.2[0Kstore build cache
travis_time:start:2700ee00[0K
travis_time:end:2700ee00:start=1488366416955776448,finish=1488366416961044661,duration=5268213[0Ktravis_time:start:0e33ecb8[0K[32;1mnothing changed, not updating cache[0m

travis_time:end:0e33ecb8:start=1488366416967187957,finish=1488366423000082326,duration=6032894369[0Ktravis_fold:end:cache.2[0K
Done. Your build exited with 1.
