Using worker: worker-linux-docker-587e37b1.prod.travis-ci.org:travis-linux-3

travis_fold:start:system_info[0K[33;1mBuild system information[0m
Build language: java
[34m[1mBuild image provisioning date and time[0m
Thu Feb  5 15:09:33 UTC 2015
[34m[1mOperating System Details[0m
Distributor ID:	Ubuntu
Description:	Ubuntu 12.04.5 LTS
Release:	12.04
Codename:	precise
[34m[1mLinux Version[0m
3.13.0-29-generic
[34m[1mCookbooks Version[0m
a68419e https://github.com/travis-ci/travis-cookbooks/tree/a68419e
[34m[1mGCC version[0m
gcc (Ubuntu/Linaro 4.6.3-1ubuntu5) 4.6.3
Copyright (C) 2011 Free Software Foundation, Inc.
This is free software; see the source for copying conditions.  There is NO
warranty; not even for MERCHANTABILITY or FITNESS FOR A PARTICULAR PURPOSE.

[34m[1mLLVM version[0m
clang version 3.4 (tags/RELEASE_34/final)
Target: x86_64-unknown-linux-gnu
Thread model: posix
[34m[1mPre-installed Ruby versions[0m
ruby-1.9.3-p551
[34m[1mPre-installed Node.js versions[0m
v0.10.36
[34m[1mPre-installed Go versions[0m
1.4.1
[34m[1mRedis version[0m
redis-server 2.8.19
[34m[1mriak version[0m
2.0.2
[34m[1mMongoDB version[0m
MongoDB 2.4.12
[34m[1mCouchDB version[0m
couchdb 1.6.1
[34m[1mNeo4j version[0m
1.9.4
[34m[1mRabbitMQ Version[0m
3.4.3
[34m[1mElasticSearch version[0m
1.4.0
[34m[1mInstalled Sphinx versions[0m
2.0.10
2.1.9
2.2.6
[34m[1mDefault Sphinx version[0m
2.2.6
[34m[1mInstalled Firefox version[0m
firefox 31.0esr
[34m[1mPhantomJS version[0m
1.9.8
[34m[1mant -version[0m
Apache Ant(TM) version 1.8.2 compiled on December 3 2011
[34m[1mmvn -version[0m
Apache Maven 3.2.5 (12a6b3acb947671f09b81f49094c53f426d8cea1; 2014-12-14T17:29:23+00:00)
Maven home: /usr/local/maven
Java version: 1.7.0_76, vendor: Oracle Corporation
Java home: /usr/lib/jvm/java-7-oracle/jre
Default locale: en_US, platform encoding: ANSI_X3.4-1968
OS name: "linux", version: "3.13.0-29-generic", arch: "amd64", family: "unix"
travis_fold:end:system_info[0K
travis_fold:start:git.checkout[0Ktravis_time:start:2cad89e5[0K$ git clone --depth=50 https://github.com/square/retrofit.git square/retrofit
Cloning into 'square/retrofit'...
remote: Counting objects: 1492, done.[K
remote: Compressing objects:   0% (1/683)   [Kremote: Compressing objects:   1% (7/683)   [Kremote: Compressing objects:   2% (14/683)   [Kremote: Compressing objects:   3% (21/683)   [Kremote: Compressing objects:   4% (28/683)   [Kremote: Compressing objects:   5% (35/683)   [Kremote: Compressing objects:   6% (41/683)   [Kremote: Compressing objects:   7% (48/683)   [Kremote: Compressing objects:   8% (55/683)   [Kremote: Compressing objects:   9% (62/683)   [Kremote: Compressing objects:  10% (69/683)   [Kremote: Compressing objects:  11% (76/683)   [Kremote: Compressing objects:  12% (82/683)   [Kremote: Compressing objects:  13% (89/683)   [Kremote: Compressing objects:  14% (96/683)   [Kremote: Compressing objects:  15% (103/683)   [Kremote: Compressing objects:  16% (110/683)   [Kremote: Compressing objects:  17% (117/683)   [Kremote: Compressing objects:  18% (123/683)   [Kremote: Compressing objects:  19% (130/683)   [Kremote: Compressing objects:  20% (137/683)   [Kremote: Compressing objects:  21% (144/683)   [Kremote: Compressing objects:  22% (151/683)   [Kremote: Compressing objects:  23% (158/683)   [Kremote: Compressing objects:  24% (164/683)   [Kremote: Compressing objects:  25% (171/683)   [Kremote: Compressing objects:  26% (178/683)   [Kremote: Compressing objects:  27% (185/683)   [Kremote: Compressing objects:  28% (192/683)   [Kremote: Compressing objects:  29% (199/683)   [Kremote: Compressing objects:  30% (205/683)   [Kremote: Compressing objects:  31% (212/683)   [Kremote: Compressing objects:  32% (219/683)   [Kremote: Compressing objects:  33% (226/683)   [Kremote: Compressing objects:  34% (233/683)   [Kremote: Compressing objects:  35% (240/683)   [Kremote: Compressing objects:  36% (246/683)   [Kremote: Compressing objects:  37% (253/683)   [Kremote: Compressing objects:  38% (260/683)   [Kremote: Compressing objects:  39% (267/683)   [Kremote: Compressing objects:  40% (274/683)   [Kremote: Compressing objects:  41% (281/683)   [Kremote: Compressing objects:  42% (287/683)   [Kremote: Compressing objects:  43% (294/683)   [Kremote: Compressing objects:  44% (301/683)   [Kremote: Compressing objects:  45% (308/683)   [Kremote: Compressing objects:  46% (315/683)   [Kremote: Compressing objects:  47% (322/683)   [Kremote: Compressing objects:  48% (328/683)   [Kremote: Compressing objects:  49% (335/683)   [Kremote: Compressing objects:  50% (342/683)   [Kremote: Compressing objects:  51% (349/683)   [Kremote: Compressing objects:  52% (356/683)   [Kremote: Compressing objects:  53% (362/683)   [Kremote: Compressing objects:  54% (369/683)   [Kremote: Compressing objects:  55% (376/683)   [Kremote: Compressing objects:  56% (383/683)   [Kremote: Compressing objects:  57% (390/683)   [Kremote: Compressing objects:  58% (397/683)   [Kremote: Compressing objects:  59% (403/683)   [Kremote: Compressing objects:  60% (410/683)   [Kremote: Compressing objects:  61% (417/683)   [Kremote: Compressing objects:  62% (424/683)   [Kremote: Compressing objects:  63% (431/683)   [Kremote: Compressing objects:  64% (438/683)   [Kremote: Compressing objects:  65% (444/683)   [Kremote: Compressing objects:  66% (451/683)   [Kremote: Compressing objects:  67% (458/683)   [Kremote: Compressing objects:  68% (465/683)   [Kremote: Compressing objects:  69% (472/683)   [Kremote: Compressing objects:  70% (479/683)   [Kremote: Compressing objects:  71% (485/683)   [Kremote: Compressing objects:  72% (492/683)   [Kremote: Compressing objects:  73% (499/683)   [Kremote: Compressing objects:  74% (506/683)   [Kremote: Compressing objects:  75% (513/683)   [Kremote: Compressing objects:  76% (520/683)   [Kremote: Compressing objects:  77% (526/683)   [Kremote: Compressing objects:  78% (533/683)   [Kremote: Compressing objects:  79% (540/683)   [Kremote: Compressing objects:  80% (547/683)   [Kremote: Compressing objects:  81% (554/683)   [Kremote: Compressing objects:  82% (561/683)   [Kremote: Compressing objects:  83% (567/683)   [Kremote: Compressing objects:  84% (574/683)   [Kremote: Compressing objects:  85% (581/683)   [Kremote: Compressing objects:  86% (588/683)   [Kremote: Compressing objects:  87% (595/683)   [Kremote: Compressing objects:  88% (602/683)   [Kremote: Compressing objects:  89% (608/683)   [Kremote: Compressing objects:  90% (615/683)   [Kremote: Compressing objects:  91% (622/683)   [Kremote: Compressing objects:  92% (629/683)   [Kremote: Compressing objects:  93% (636/683)   [Kremote: Compressing objects:  94% (643/683)   [Kremote: Compressing objects:  95% (649/683)   [Kremote: Compressing objects:  96% (656/683)   [Kremote: Compressing objects:  97% (663/683)   [Kremote: Compressing objects:  98% (670/683)   [Kremote: Compressing objects:  99% (677/683)   [Kremote: Compressing objects: 100% (683/683)   [Kremote: Compressing objects: 100% (683/683), done.[K
Receiving objects:   0% (1/1492)   Receiving objects:   1% (15/1492)   Receiving objects:   2% (30/1492)   Receiving objects:   3% (45/1492)   Receiving objects:   4% (60/1492)   Receiving objects:   5% (75/1492)   Receiving objects:   6% (90/1492)   Receiving objects:   7% (105/1492)   Receiving objects:   8% (120/1492)   Receiving objects:   9% (135/1492)   Receiving objects:  10% (150/1492)   Receiving objects:  11% (165/1492)   Receiving objects:  12% (180/1492)   Receiving objects:  13% (194/1492)   Receiving objects:  14% (209/1492)   Receiving objects:  15% (224/1492)   Receiving objects:  16% (239/1492)   Receiving objects:  17% (254/1492)   Receiving objects:  18% (269/1492)   Receiving objects:  19% (284/1492)   Receiving objects:  20% (299/1492)   Receiving objects:  21% (314/1492)   Receiving objects:  22% (329/1492)   Receiving objects:  23% (344/1492)   Receiving objects:  24% (359/1492)   Receiving objects:  25% (373/1492)   Receiving objects:  26% (388/1492)   Receiving objects:  27% (403/1492)   Receiving objects:  28% (418/1492)   Receiving objects:  29% (433/1492)   Receiving objects:  30% (448/1492)   Receiving objects:  31% (463/1492)   Receiving objects:  32% (478/1492)   Receiving objects:  33% (493/1492)   Receiving objects:  34% (508/1492)   Receiving objects:  35% (523/1492)   Receiving objects:  36% (538/1492)   Receiving objects:  37% (553/1492)   Receiving objects:  38% (567/1492)   Receiving objects:  39% (582/1492)   Receiving objects:  40% (597/1492)   Receiving objects:  41% (612/1492)   Receiving objects:  42% (627/1492)   Receiving objects:  43% (642/1492)   Receiving objects:  44% (657/1492)   Receiving objects:  45% (672/1492)   Receiving objects:  46% (687/1492)   Receiving objects:  47% (702/1492)   Receiving objects:  48% (717/1492)   Receiving objects:  49% (732/1492)   Receiving objects:  50% (746/1492)   Receiving objects:  51% (761/1492)   Receiving objects:  52% (776/1492)   Receiving objects:  53% (791/1492)   Receiving objects:  54% (806/1492)   Receiving objects:  55% (821/1492)   Receiving objects:  56% (836/1492)   Receiving objects:  57% (851/1492)   Receiving objects:  58% (866/1492)   Receiving objects:  59% (881/1492)   Receiving objects:  60% (896/1492)   Receiving objects:  61% (911/1492)   Receiving objects:  62% (926/1492)   remote: Total 1492 (delta 574), reused 1304 (delta 420), pack-reused 0[K
Receiving objects:  63% (940/1492)   Receiving objects:  64% (955/1492)   Receiving objects:  65% (970/1492)   Receiving objects:  66% (985/1492)   Receiving objects:  67% (1000/1492)   Receiving objects:  68% (1015/1492)   Receiving objects:  69% (1030/1492)   Receiving objects:  70% (1045/1492)   Receiving objects:  71% (1060/1492)   Receiving objects:  72% (1075/1492)   Receiving objects:  73% (1090/1492)   Receiving objects:  74% (1105/1492)   Receiving objects:  75% (1119/1492)   Receiving objects:  76% (1134/1492)   Receiving objects:  77% (1149/1492)   Receiving objects:  78% (1164/1492)   Receiving objects:  79% (1179/1492)   Receiving objects:  80% (1194/1492)   Receiving objects:  81% (1209/1492)   Receiving objects:  82% (1224/1492)   Receiving objects:  83% (1239/1492)   Receiving objects:  84% (1254/1492)   Receiving objects:  85% (1269/1492)   Receiving objects:  86% (1284/1492)   Receiving objects:  87% (1299/1492)   Receiving objects:  88% (1313/1492)   Receiving objects:  89% (1328/1492)   Receiving objects:  90% (1343/1492)   Receiving objects:  91% (1358/1492)   Receiving objects:  92% (1373/1492)   Receiving objects:  93% (1388/1492)   Receiving objects:  94% (1403/1492)   Receiving objects:  95% (1418/1492)   Receiving objects:  96% (1433/1492)   Receiving objects:  97% (1448/1492)   Receiving objects:  98% (1463/1492)   Receiving objects:  99% (1478/1492)   Receiving objects: 100% (1492/1492)   Receiving objects: 100% (1492/1492), 326.61 KiB | 0 bytes/s, done.
Resolving deltas:   0% (0/574)   Resolving deltas:   7% (43/574)   Resolving deltas:   8% (48/574)   Resolving deltas:   9% (57/574)   Resolving deltas:  10% (62/574)   Resolving deltas:  11% (66/574)   Resolving deltas:  16% (92/574)   Resolving deltas:  18% (105/574)   Resolving deltas:  19% (111/574)   Resolving deltas:  22% (127/574)   Resolving deltas:  24% (140/574)   Resolving deltas:  26% (152/574)   Resolving deltas:  27% (159/574)   Resolving deltas:  28% (161/574)   Resolving deltas:  33% (190/574)   Resolving deltas:  34% (196/574)   Resolving deltas:  35% (206/574)   Resolving deltas:  39% (229/574)   Resolving deltas:  40% (235/574)   Resolving deltas:  41% (241/574)   Resolving deltas:  43% (248/574)   Resolving deltas:  44% (256/574)   Resolving deltas:  45% (262/574)   Resolving deltas:  46% (269/574)   Resolving deltas:  47% (271/574)   Resolving deltas:  48% (276/574)   Resolving deltas:  51% (293/574)   Resolving deltas:  52% (299/574)   Resolving deltas:  54% (313/574)   Resolving deltas:  56% (322/574)   Resolving deltas:  57% (330/574)   Resolving deltas:  58% (336/574)   Resolving deltas:  59% (341/574)   Resolving deltas:  60% (346/574)   Resolving deltas:  61% (352/574)   Resolving deltas:  62% (356/574)   Resolving deltas:  63% (367/574)   Resolving deltas:  64% (369/574)   Resolving deltas:  67% (386/574)   Resolving deltas:  68% (394/574)   Resolving deltas:  69% (399/574)   Resolving deltas:  70% (404/574)   Resolving deltas:  72% (419/574)   Resolving deltas:  75% (431/574)   Resolving deltas:  79% (458/574)   Resolving deltas:  81% (469/574)   Resolving deltas:  84% (486/574)   Resolving deltas:  85% (488/574)   Resolving deltas:  86% (495/574)   Resolving deltas:  87% (502/574)   Resolving deltas:  88% (509/574)   Resolving deltas:  89% (511/574)   Resolving deltas:  90% (521/574)   Resolving deltas:  91% (526/574)   Resolving deltas:  92% (529/574)   Resolving deltas:  95% (546/574)   Resolving deltas:  96% (555/574)   Resolving deltas:  98% (563/574)   Resolving deltas: 100% (574/574)   Resolving deltas: 100% (574/574), done.
Checking connectivity... done.
travis_time:end:2cad89e5:start=1443248240189934626,finish=1443248240650487637,duration=460553011[0K$ cd square/retrofit
travis_time:start:11444e70[0K$ git fetch origin +refs/pull/1126/merge:
remote: Counting objects: 14, done.[K
remote: Compressing objects:  20% (1/5)   [Kremote: Compressing objects:  40% (2/5)   [Kremote: Compressing objects:  60% (3/5)   [Kremote: Compressing objects:  80% (4/5)   [Kremote: Compressing objects: 100% (5/5)   [Kremote: Compressing objects: 100% (5/5), done.[K
remote: Total 14 (delta 5), reused 13 (delta 5), pack-reused 0[K
Unpacking objects:   7% (1/14)   Unpacking objects:  14% (2/14)   Unpacking objects:  21% (3/14)   Unpacking objects:  28% (4/14)   Unpacking objects:  35% (5/14)   Unpacking objects:  42% (6/14)   Unpacking objects:  50% (7/14)   Unpacking objects:  57% (8/14)   Unpacking objects:  64% (9/14)   Unpacking objects:  71% (10/14)   Unpacking objects:  78% (11/14)   Unpacking objects:  85% (12/14)   Unpacking objects:  92% (13/14)   Unpacking objects: 100% (14/14)   Unpacking objects: 100% (14/14), done.
From https://github.com/square/retrofit
 * branch            refs/pull/1126/merge -> FETCH_HEAD
travis_time:end:11444e70:start=1443248240654215033,finish=1443248240950156065,duration=295941032[0K$ git checkout -qf FETCH_HEAD
travis_fold:end:git.checkout[0K
[33;1mThis job is running on container-based infrastructure, which does not allow use of 'sudo', setuid and setguid executables.[0m
[33;1mIf you require sudo, add 'sudo: required' to your .travis.yml[0m
[33;1mSee http://docs.travis-ci.com/user/workers/container-based-infrastructure/ for details.[0m

[33;1mSetting environment variables from .travis.yml[0m
$ export CI_DEPLOY_USERNAME=[secure]
$ export CI_DEPLOY_PASSWORD=[secure]

travis_fold:start:cache.1[0KSetting up build cache
$ export CASHER_DIR=$HOME/.casher
travis_time:start:03865b70[0K$ Installing caching utilities
travis_time:end:03865b70:start=1443248243202238964,finish=1443248243253553802,duration=51314838[0Ktravis_time:start:1385b79e[0Kattempting to download cache archive
fetching PR.1126/cache--jdk-oraclejdk8.tgz
fetching PR.1126/cache--jdk-oraclejdk8.tbz
fetching master/cache--jdk-oraclejdk8.tgz
found cache
travis_time:end:1385b79e:start=1443248243257845021,finish=1443248244184300547,duration=926455526[0Ktravis_time:start:0d45b080[0Kadding /home/travis/.m2 to cache
travis_time:end:0d45b080:start=1443248244187756150,finish=1443248245594008638,duration=1406252488[0Ktravis_fold:end:cache.1[0K$ jdk_switcher use oraclejdk8
Switching to Oracle JDK8 (java-8-oracle), JAVA_HOME will be set to /usr/lib/jvm/java-8-oracle
$ java -Xmx32m -version
java version "1.8.0_31"
Java(TM) SE Runtime Environment (build 1.8.0_31-b13)
Java HotSpot(TM) 64-Bit Server VM (build 25.31-b07, mixed mode)
$ javac -J-Xmx32m -version
javac 1.8.0_31
travis_fold:start:install[0Ktravis_time:start:0c0425c0[0K$ mvn install -DskipTests=true -Dmaven.javadoc.skip=true -B -V
Java HotSpot(TM) 64-Bit Server VM warning: ignoring option MaxPermSize=192m; support was removed in 8.0
Apache Maven 3.2.5 (12a6b3acb947671f09b81f49094c53f426d8cea1; 2014-12-14T17:29:23+00:00)
Maven home: /usr/local/maven
Java version: 1.8.0_31, vendor: Oracle Corporation
Java home: /usr/lib/jvm/java-8-oracle/jre
Default locale: en_US, platform encoding: UTF-8
OS name: "linux", version: "3.13.0-40-generic", arch: "amd64", family: "unix"
[INFO] Scanning for projects...
[WARNING] 
[WARNING] Some problems were encountered while building the effective model for com.squareup.retrofit:samples:jar:2.0.0-SNAPSHOT
[WARNING] 'build.plugins.plugin.version' for org.apache.maven.plugins:maven-deploy-plugin is missing. @ com.squareup.retrofit:samples:[unknown-version], /home/travis/build/square/retrofit/samples/pom.xml, line 45, column 15
[WARNING] 
[WARNING] It is highly recommended to fix these problems because they threaten the stability of your build.
[WARNING] 
[WARNING] For this reason, future Maven versions might no longer support building such malformed projects.
[WARNING] 
[INFO] ------------------------------------------------------------------------
[INFO] Reactor Build Order:
[INFO] 
[INFO] Retrofit (Parent)
[INFO] Retrofit
[INFO] Adapters
[INFO] Adapter: RxJava
[INFO] Retrofit Mock Adapter
[INFO] Adapter: RxJava Mock
[INFO] Converters
[INFO] Converter: Gson
[INFO] Converter: Protocol Buffers
[INFO] Converter: Jackson
[INFO] Converter: Wire Protocol Buffers
[INFO] Converter: SimpleXML
[INFO] Converter: Moshi
[INFO] Samples
[INFO]                                                                         
[INFO] ------------------------------------------------------------------------
[INFO] Building Retrofit (Parent) 2.0.0-SNAPSHOT
[INFO] ------------------------------------------------------------------------
[INFO] 
[INFO] --- maven-enforcer-plugin:1.0:enforce (enforce-maven) @ parent ---
[INFO] 
[INFO] --- animal-sniffer-maven-plugin:1.14:check (default) @ parent ---
[INFO] Checking unresolved references to org.codehaus.mojo.signature:java16:1.1
[INFO] 
[INFO] --- maven-checkstyle-plugin:2.15:checkstyle (default) @ parent ---
[INFO] 
[INFO] --- maven-install-plugin:2.4:install (default-install) @ parent ---
[INFO] Installing /home/travis/build/square/retrofit/pom.xml to /home/travis/.m2/repository/com/squareup/retrofit/parent/2.0.0-SNAPSHOT/parent-2.0.0-SNAPSHOT.pom
[INFO]                                                                         
[INFO] ------------------------------------------------------------------------
[INFO] Building Retrofit 2.0.0-SNAPSHOT
[INFO] ------------------------------------------------------------------------
[INFO] 
[INFO] --- maven-enforcer-plugin:1.0:enforce (enforce-maven) @ retrofit ---
[INFO] 
[INFO] --- maven-resources-plugin:2.6:resources (default-resources) @ retrofit ---
[INFO] Using 'UTF-8' encoding to copy filtered resources.
[INFO] skip non existing resourceDirectory /home/travis/build/square/retrofit/retrofit/src/main/resources
[INFO] 
[INFO] --- maven-compiler-plugin:3.0:compile (default-compile) @ retrofit ---
[INFO] Changes detected - recompiling the module!
[INFO] Compiling 43 source files to /home/travis/build/square/retrofit/retrofit/target/classes
[WARNING] /home/travis/build/square/retrofit/retrofit/src/main/java/retrofit/Retrofit.java: Some input files use unchecked or unsafe operations.
[WARNING] /home/travis/build/square/retrofit/retrofit/src/main/java/retrofit/Retrofit.java: Recompile with -Xlint:unchecked for details.
[INFO] 
[INFO] --- maven-resources-plugin:2.6:testResources (default-testResources) @ retrofit ---
[INFO] Using 'UTF-8' encoding to copy filtered resources.
[INFO] skip non existing resourceDirectory /home/travis/build/square/retrofit/retrofit/src/test/resources
[INFO] 
[INFO] --- maven-compiler-plugin:3.0:testCompile (default-testCompile) @ retrofit ---
[INFO] Changes detected - recompiling the module!
[INFO] Compiling 7 source files to /home/travis/build/square/retrofit/retrofit/target/test-classes
[WARNING] /home/travis/build/square/retrofit/retrofit/src/test/java/retrofit/RetrofitTest.java: /home/travis/build/square/retrofit/retrofit/src/test/java/retrofit/RetrofitTest.java uses unchecked or unsafe operations.
[WARNING] /home/travis/build/square/retrofit/retrofit/src/test/java/retrofit/RetrofitTest.java: Recompile with -Xlint:unchecked for details.
[INFO] 
[INFO] --- maven-surefire-plugin:2.12.4:test (default-test) @ retrofit ---
[INFO] Tests are skipped.
[INFO] 
[INFO] --- animal-sniffer-maven-plugin:1.14:check (default) @ retrofit ---
[INFO] Checking unresolved references to org.codehaus.mojo.signature:java16:1.1
[INFO] 
[INFO] --- maven-jar-plugin:2.4:jar (default-jar) @ retrofit ---
[INFO] Building jar: /home/travis/build/square/retrofit/retrofit/target/retrofit-2.0.0-SNAPSHOT.jar
[INFO] 
[INFO] --- maven-checkstyle-plugin:2.15:checkstyle (default) @ retrofit ---
[INFO] Starting audit...
Audit done.
[WARNING] Unable to locate Source XRef to link to - DISABLED
[INFO] 
[INFO] --- maven-install-plugin:2.4:install (default-install) @ retrofit ---
[INFO] Installing /home/travis/build/square/retrofit/retrofit/target/retrofit-2.0.0-SNAPSHOT.jar to /home/travis/.m2/repository/com/squareup/retrofit/retrofit/2.0.0-SNAPSHOT/retrofit-2.0.0-SNAPSHOT.jar
[INFO] Installing /home/travis/build/square/retrofit/retrofit/pom.xml to /home/travis/.m2/repository/com/squareup/retrofit/retrofit/2.0.0-SNAPSHOT/retrofit-2.0.0-SNAPSHOT.pom
[INFO]                                                                         
[INFO] ------------------------------------------------------------------------
[INFO] Building Adapters 2.0.0-SNAPSHOT
[INFO] ------------------------------------------------------------------------
[INFO] 
[INFO] --- maven-enforcer-plugin:1.0:enforce (enforce-maven) @ retrofit-adapters ---
[INFO] 
[INFO] --- animal-sniffer-maven-plugin:1.14:check (default) @ retrofit-adapters ---
[INFO] Checking unresolved references to org.codehaus.mojo.signature:java16:1.1
[INFO] 
[INFO] --- maven-checkstyle-plugin:2.15:checkstyle (default) @ retrofit-adapters ---
[INFO] 
[INFO] --- maven-install-plugin:2.4:install (default-install) @ retrofit-adapters ---
[INFO] Installing /home/travis/build/square/retrofit/retrofit-adapters/pom.xml to /home/travis/.m2/repository/com/squareup/retrofit/retrofit-adapters/2.0.0-SNAPSHOT/retrofit-adapters-2.0.0-SNAPSHOT.pom
[INFO]                                                                         
[INFO] ------------------------------------------------------------------------
[INFO] Building Adapter: RxJava 2.0.0-SNAPSHOT
[INFO] ------------------------------------------------------------------------
[INFO] 
[INFO] --- maven-enforcer-plugin:1.0:enforce (enforce-maven) @ adapter-rxjava ---
[INFO] 
[INFO] --- maven-resources-plugin:2.6:resources (default-resources) @ adapter-rxjava ---
[INFO] Using 'UTF-8' encoding to copy filtered resources.
[INFO] skip non existing resourceDirectory /home/travis/build/square/retrofit/retrofit-adapters/rxjava/src/main/resources
[INFO] 
[INFO] --- maven-compiler-plugin:3.0:compile (default-compile) @ adapter-rxjava ---
[INFO] Changes detected - recompiling the module!
[INFO] Compiling 4 source files to /home/travis/build/square/retrofit/retrofit-adapters/rxjava/target/classes
[INFO] 
[INFO] --- maven-resources-plugin:2.6:testResources (default-testResources) @ adapter-rxjava ---
[INFO] Using 'UTF-8' encoding to copy filtered resources.
[INFO] skip non existing resourceDirectory /home/travis/build/square/retrofit/retrofit-adapters/rxjava/src/test/resources
[INFO] 
[INFO] --- maven-compiler-plugin:3.0:testCompile (default-testCompile) @ adapter-rxjava ---
[INFO] Changes detected - recompiling the module!
[INFO] Compiling 2 source files to /home/travis/build/square/retrofit/retrofit-adapters/rxjava/target/test-classes
[INFO] 
[INFO] --- maven-surefire-plugin:2.12.4:test (default-test) @ adapter-rxjava ---
[INFO] Tests are skipped.
[INFO] 
[INFO] --- animal-sniffer-maven-plugin:1.14:check (default) @ adapter-rxjava ---
[INFO] Checking unresolved references to org.codehaus.mojo.signature:java16:1.1
[INFO] 
[INFO] --- maven-jar-plugin:2.4:jar (default-jar) @ adapter-rxjava ---
[INFO] Building jar: /home/travis/build/square/retrofit/retrofit-adapters/rxjava/target/adapter-rxjava-2.0.0-SNAPSHOT.jar
[INFO] 
[INFO] --- maven-checkstyle-plugin:2.15:checkstyle (default) @ adapter-rxjava ---
[INFO] Starting audit...
Audit done.
[WARNING] Unable to locate Source XRef to link to - DISABLED
[INFO] 
[INFO] --- maven-install-plugin:2.4:install (default-install) @ adapter-rxjava ---
[INFO] Installing /home/travis/build/square/retrofit/retrofit-adapters/rxjava/target/adapter-rxjava-2.0.0-SNAPSHOT.jar to /home/travis/.m2/repository/com/squareup/retrofit/adapter-rxjava/2.0.0-SNAPSHOT/adapter-rxjava-2.0.0-SNAPSHOT.jar
[INFO] Installing /home/travis/build/square/retrofit/retrofit-adapters/rxjava/pom.xml to /home/travis/.m2/repository/com/squareup/retrofit/adapter-rxjava/2.0.0-SNAPSHOT/adapter-rxjava-2.0.0-SNAPSHOT.pom
[INFO]                                                                         
[INFO] ------------------------------------------------------------------------
[INFO] Building Retrofit Mock Adapter 2.0.0-SNAPSHOT
[INFO] ------------------------------------------------------------------------
[INFO] 
[INFO] --- maven-enforcer-plugin:1.0:enforce (enforce-maven) @ retrofit-mock ---
[INFO] 
[INFO] --- maven-resources-plugin:2.6:resources (default-resources) @ retrofit-mock ---
[INFO] Using 'UTF-8' encoding to copy filtered resources.
[INFO] skip non existing resourceDirectory /home/travis/build/square/retrofit/retrofit-mock/src/main/resources
[INFO] 
[INFO] --- maven-compiler-plugin:3.0:compile (default-compile) @ retrofit-mock ---
[INFO] Changes detected - recompiling the module!
[INFO] Compiling 5 source files to /home/travis/build/square/retrofit/retrofit-mock/target/classes
[INFO] 
[INFO] --- maven-resources-plugin:2.6:testResources (default-testResources) @ retrofit-mock ---
[INFO] Using 'UTF-8' encoding to copy filtered resources.
[INFO] skip non existing resourceDirectory /home/travis/build/square/retrofit/retrofit-mock/src/test/resources
[INFO] 
[INFO] --- maven-compiler-plugin:3.0:testCompile (default-testCompile) @ retrofit-mock ---
[INFO] Changes detected - recompiling the module!
[INFO] Compiling 2 source files to /home/travis/build/square/retrofit/retrofit-mock/target/test-classes
[INFO] 
[INFO] --- maven-surefire-plugin:2.12.4:test (default-test) @ retrofit-mock ---
[INFO] Tests are skipped.
[INFO] 
[INFO] --- animal-sniffer-maven-plugin:1.14:check (default) @ retrofit-mock ---
[INFO] Checking unresolved references to org.codehaus.mojo.signature:java16:1.1
[INFO] 
[INFO] --- maven-jar-plugin:2.4:jar (default-jar) @ retrofit-mock ---
[INFO] Building jar: /home/travis/build/square/retrofit/retrofit-mock/target/retrofit-mock-2.0.0-SNAPSHOT.jar
[INFO] 
[INFO] --- maven-checkstyle-plugin:2.15:checkstyle (default) @ retrofit-mock ---
[INFO] Starting audit...
Audit done.
[WARNING] Unable to locate Source XRef to link to - DISABLED
[INFO] 
[INFO] --- maven-install-plugin:2.4:install (default-install) @ retrofit-mock ---
[INFO] Installing /home/travis/build/square/retrofit/retrofit-mock/target/retrofit-mock-2.0.0-SNAPSHOT.jar to /home/travis/.m2/repository/com/squareup/retrofit/retrofit-mock/2.0.0-SNAPSHOT/retrofit-mock-2.0.0-SNAPSHOT.jar
[INFO] Installing /home/travis/build/square/retrofit/retrofit-mock/pom.xml to /home/travis/.m2/repository/com/squareup/retrofit/retrofit-mock/2.0.0-SNAPSHOT/retrofit-mock-2.0.0-SNAPSHOT.pom
[INFO]                                                                         
[INFO] ------------------------------------------------------------------------
[INFO] Building Adapter: RxJava Mock 2.0.0-SNAPSHOT
[INFO] ------------------------------------------------------------------------
[INFO] 
[INFO] --- maven-enforcer-plugin:1.0:enforce (enforce-maven) @ adapter-rxjava-mock ---
[INFO] 
[INFO] --- maven-resources-plugin:2.6:resources (default-resources) @ adapter-rxjava-mock ---
[INFO] Using 'UTF-8' encoding to copy filtered resources.
[INFO] skip non existing resourceDirectory /home/travis/build/square/retrofit/retrofit-adapters/rxjava-mock/src/main/resources
[INFO] 
[INFO] --- maven-compiler-plugin:3.0:compile (default-compile) @ adapter-rxjava-mock ---
[INFO] Changes detected - recompiling the module!
[INFO] Compiling 2 source files to /home/travis/build/square/retrofit/retrofit-adapters/rxjava-mock/target/classes
[INFO] 
[INFO] --- maven-resources-plugin:2.6:testResources (default-testResources) @ adapter-rxjava-mock ---
[INFO] Using 'UTF-8' encoding to copy filtered resources.
[INFO] skip non existing resourceDirectory /home/travis/build/square/retrofit/retrofit-adapters/rxjava-mock/src/test/resources
[INFO] 
[INFO] --- maven-compiler-plugin:3.0:testCompile (default-testCompile) @ adapter-rxjava-mock ---
[INFO] Changes detected - recompiling the module!
[INFO] Compiling 1 source file to /home/travis/build/square/retrofit/retrofit-adapters/rxjava-mock/target/test-classes
[INFO] 
[INFO] --- maven-surefire-plugin:2.12.4:test (default-test) @ adapter-rxjava-mock ---
[INFO] Tests are skipped.
[INFO] 
[INFO] --- animal-sniffer-maven-plugin:1.14:check (default) @ adapter-rxjava-mock ---
[INFO] Checking unresolved references to org.codehaus.mojo.signature:java16:1.1
[INFO] 
[INFO] --- maven-jar-plugin:2.4:jar (default-jar) @ adapter-rxjava-mock ---
[INFO] Building jar: /home/travis/build/square/retrofit/retrofit-adapters/rxjava-mock/target/adapter-rxjava-mock-2.0.0-SNAPSHOT.jar
[INFO] 
[INFO] --- maven-checkstyle-plugin:2.15:checkstyle (default) @ adapter-rxjava-mock ---
[INFO] Starting audit...
Audit done.
[WARNING] Unable to locate Source XRef to link to - DISABLED
[INFO] 
[INFO] --- maven-install-plugin:2.4:install (default-install) @ adapter-rxjava-mock ---
[INFO] Installing /home/travis/build/square/retrofit/retrofit-adapters/rxjava-mock/target/adapter-rxjava-mock-2.0.0-SNAPSHOT.jar to /home/travis/.m2/repository/com/squareup/retrofit/adapter-rxjava-mock/2.0.0-SNAPSHOT/adapter-rxjava-mock-2.0.0-SNAPSHOT.jar
[INFO] Installing /home/travis/build/square/retrofit/retrofit-adapters/rxjava-mock/pom.xml to /home/travis/.m2/repository/com/squareup/retrofit/adapter-rxjava-mock/2.0.0-SNAPSHOT/adapter-rxjava-mock-2.0.0-SNAPSHOT.pom
[INFO]                                                                         
[INFO] ------------------------------------------------------------------------
[INFO] Building Converters 2.0.0-SNAPSHOT
[INFO] ------------------------------------------------------------------------
[INFO] 
[INFO] --- maven-enforcer-plugin:1.0:enforce (enforce-maven) @ retrofit-converters ---
[INFO] 
[INFO] --- animal-sniffer-maven-plugin:1.14:check (default) @ retrofit-converters ---
[INFO] Checking unresolved references to org.codehaus.mojo.signature:java16:1.1
[INFO] 
[INFO] --- maven-checkstyle-plugin:2.15:checkstyle (default) @ retrofit-converters ---
[INFO] 
[INFO] --- maven-install-plugin:2.4:install (default-install) @ retrofit-converters ---
[INFO] Installing /home/travis/build/square/retrofit/retrofit-converters/pom.xml to /home/travis/.m2/repository/com/squareup/retrofit/retrofit-converters/2.0.0-SNAPSHOT/retrofit-converters-2.0.0-SNAPSHOT.pom
[INFO]                                                                         
[INFO] ------------------------------------------------------------------------
[INFO] Building Converter: Gson 2.0.0-SNAPSHOT
[INFO] ------------------------------------------------------------------------
[INFO] 
[INFO] --- maven-enforcer-plugin:1.0:enforce (enforce-maven) @ converter-gson ---
[INFO] 
[INFO] --- maven-resources-plugin:2.6:resources (default-resources) @ converter-gson ---
[INFO] Using 'UTF-8' encoding to copy filtered resources.
[INFO] skip non existing resourceDirectory /home/travis/build/square/retrofit/retrofit-converters/gson/src/main/resources
[INFO] 
[INFO] --- maven-compiler-plugin:3.0:compile (default-compile) @ converter-gson ---
[INFO] Changes detected - recompiling the module!
[INFO] Compiling 3 source files to /home/travis/build/square/retrofit/retrofit-converters/gson/target/classes
[INFO] 
[INFO] --- maven-resources-plugin:2.6:testResources (default-testResources) @ converter-gson ---
[INFO] Using 'UTF-8' encoding to copy filtered resources.
[INFO] skip non existing resourceDirectory /home/travis/build/square/retrofit/retrofit-converters/gson/src/test/resources
[INFO] 
[INFO] --- maven-compiler-plugin:3.0:testCompile (default-testCompile) @ converter-gson ---
[INFO] Changes detected - recompiling the module!
[INFO] Compiling 1 source file to /home/travis/build/square/retrofit/retrofit-converters/gson/target/test-classes
[INFO] 
[INFO] --- maven-surefire-plugin:2.12.4:test (default-test) @ converter-gson ---
[INFO] Tests are skipped.
[INFO] 
[INFO] --- animal-sniffer-maven-plugin:1.14:check (default) @ converter-gson ---
[INFO] Checking unresolved references to org.codehaus.mojo.signature:java16:1.1
[INFO] 
[INFO] --- maven-jar-plugin:2.4:jar (default-jar) @ converter-gson ---
[INFO] Building jar: /home/travis/build/square/retrofit/retrofit-converters/gson/target/converter-gson-2.0.0-SNAPSHOT.jar
[INFO] 
[INFO] --- maven-checkstyle-plugin:2.15:checkstyle (default) @ converter-gson ---
[INFO] Starting audit...
Audit done.
[WARNING] Unable to locate Source XRef to link to - DISABLED
[INFO] 
[INFO] --- maven-install-plugin:2.4:install (default-install) @ converter-gson ---
[INFO] Installing /home/travis/build/square/retrofit/retrofit-converters/gson/target/converter-gson-2.0.0-SNAPSHOT.jar to /home/travis/.m2/repository/com/squareup/retrofit/converter-gson/2.0.0-SNAPSHOT/converter-gson-2.0.0-SNAPSHOT.jar
[INFO] Installing /home/travis/build/square/retrofit/retrofit-converters/gson/pom.xml to /home/travis/.m2/repository/com/squareup/retrofit/converter-gson/2.0.0-SNAPSHOT/converter-gson-2.0.0-SNAPSHOT.pom
[INFO]                                                                         
[INFO] ------------------------------------------------------------------------
[INFO] Building Converter: Protocol Buffers 2.0.0-SNAPSHOT
[INFO] ------------------------------------------------------------------------
[INFO] 
[INFO] --- maven-enforcer-plugin:1.0:enforce (enforce-maven) @ converter-protobuf ---
[INFO] 
[INFO] --- maven-resources-plugin:2.6:resources (default-resources) @ converter-protobuf ---
[INFO] Using 'UTF-8' encoding to copy filtered resources.
[INFO] skip non existing resourceDirectory /home/travis/build/square/retrofit/retrofit-converters/protobuf/src/main/resources
[INFO] 
[INFO] --- maven-compiler-plugin:3.0:compile (default-compile) @ converter-protobuf ---
[INFO] Changes detected - recompiling the module!
[INFO] Compiling 3 source files to /home/travis/build/square/retrofit/retrofit-converters/protobuf/target/classes
[WARNING] /home/travis/build/square/retrofit/retrofit-converters/protobuf/src/main/java/retrofit/ProtoConverterFactory.java: /home/travis/build/square/retrofit/retrofit-converters/protobuf/src/main/java/retrofit/ProtoConverterFactory.java uses unchecked or unsafe operations.
[WARNING] /home/travis/build/square/retrofit/retrofit-converters/protobuf/src/main/java/retrofit/ProtoConverterFactory.java: Recompile with -Xlint:unchecked for details.
[INFO] 
[INFO] --- maven-resources-plugin:2.6:testResources (default-testResources) @ converter-protobuf ---
[INFO] Using 'UTF-8' encoding to copy filtered resources.
[INFO] skip non existing resourceDirectory /home/travis/build/square/retrofit/retrofit-converters/protobuf/src/test/resources
[INFO] 
[INFO] --- maven-compiler-plugin:3.0:testCompile (default-testCompile) @ converter-protobuf ---
[INFO] Changes detected - recompiling the module!
[INFO] Compiling 2 source files to /home/travis/build/square/retrofit/retrofit-converters/protobuf/target/test-classes
[INFO] 
[INFO] --- maven-surefire-plugin:2.12.4:test (default-test) @ converter-protobuf ---
[INFO] Tests are skipped.
[INFO] 
[INFO] --- animal-sniffer-maven-plugin:1.14:check (default) @ converter-protobuf ---
[INFO] Checking unresolved references to org.codehaus.mojo.signature:java16:1.1
[INFO] 
[INFO] --- maven-jar-plugin:2.4:jar (default-jar) @ converter-protobuf ---
[INFO] Building jar: /home/travis/build/square/retrofit/retrofit-converters/protobuf/target/converter-protobuf-2.0.0-SNAPSHOT.jar
[INFO] 
[INFO] --- maven-checkstyle-plugin:2.15:checkstyle (default) @ converter-protobuf ---
[INFO] Starting audit...
Audit done.
[WARNING] Unable to locate Source XRef to link to - DISABLED
[INFO] 
[INFO] --- maven-install-plugin:2.4:install (default-install) @ converter-protobuf ---
[INFO] Installing /home/travis/build/square/retrofit/retrofit-converters/protobuf/target/converter-protobuf-2.0.0-SNAPSHOT.jar to /home/travis/.m2/repository/com/squareup/retrofit/converter-protobuf/2.0.0-SNAPSHOT/converter-protobuf-2.0.0-SNAPSHOT.jar
[INFO] Installing /home/travis/build/square/retrofit/retrofit-converters/protobuf/pom.xml to /home/travis/.m2/repository/com/squareup/retrofit/converter-protobuf/2.0.0-SNAPSHOT/converter-protobuf-2.0.0-SNAPSHOT.pom
[INFO]                                                                         
[INFO] ------------------------------------------------------------------------
[INFO] Building Converter: Jackson 2.0.0-SNAPSHOT
[INFO] ------------------------------------------------------------------------
[INFO] 
[INFO] --- maven-enforcer-plugin:1.0:enforce (enforce-maven) @ converter-jackson ---
[INFO] 
[INFO] --- maven-resources-plugin:2.6:resources (default-resources) @ converter-jackson ---
[INFO] Using 'UTF-8' encoding to copy filtered resources.
[INFO] skip non existing resourceDirectory /home/travis/build/square/retrofit/retrofit-converters/jackson/src/main/resources
[INFO] 
[INFO] --- maven-compiler-plugin:3.0:compile (default-compile) @ converter-jackson ---
[INFO] Changes detected - recompiling the module!
[INFO] Compiling 3 source files to /home/travis/build/square/retrofit/retrofit-converters/jackson/target/classes
[INFO] 
[INFO] --- maven-resources-plugin:2.6:testResources (default-testResources) @ converter-jackson ---
[INFO] Using 'UTF-8' encoding to copy filtered resources.
[INFO] skip non existing resourceDirectory /home/travis/build/square/retrofit/retrofit-converters/jackson/src/test/resources
[INFO] 
[INFO] --- maven-compiler-plugin:3.0:testCompile (default-testCompile) @ converter-jackson ---
[INFO] Changes detected - recompiling the module!
[INFO] Compiling 1 source file to /home/travis/build/square/retrofit/retrofit-converters/jackson/target/test-classes
[INFO] 
[INFO] --- maven-surefire-plugin:2.12.4:test (default-test) @ converter-jackson ---
[INFO] Tests are skipped.
[INFO] 
[INFO] --- animal-sniffer-maven-plugin:1.14:check (default) @ converter-jackson ---
[INFO] Checking unresolved references to org.codehaus.mojo.signature:java16:1.1
[INFO] 
[INFO] --- maven-jar-plugin:2.4:jar (default-jar) @ converter-jackson ---
[INFO] Building jar: /home/travis/build/square/retrofit/retrofit-converters/jackson/target/converter-jackson-2.0.0-SNAPSHOT.jar
[INFO] 
[INFO] --- maven-checkstyle-plugin:2.15:checkstyle (default) @ converter-jackson ---
[INFO] Starting audit...
Audit done.
[WARNING] Unable to locate Source XRef to link to - DISABLED
[INFO] 
[INFO] --- maven-install-plugin:2.4:install (default-install) @ converter-jackson ---
[INFO] Installing /home/travis/build/square/retrofit/retrofit-converters/jackson/target/converter-jackson-2.0.0-SNAPSHOT.jar to /home/travis/.m2/repository/com/squareup/retrofit/converter-jackson/2.0.0-SNAPSHOT/converter-jackson-2.0.0-SNAPSHOT.jar
[INFO] Installing /home/travis/build/square/retrofit/retrofit-converters/jackson/pom.xml to /home/travis/.m2/repository/com/squareup/retrofit/converter-jackson/2.0.0-SNAPSHOT/converter-jackson-2.0.0-SNAPSHOT.pom
[INFO]                                                                         
[INFO] ------------------------------------------------------------------------
[INFO] Building Converter: Wire Protocol Buffers 2.0.0-SNAPSHOT
[INFO] ------------------------------------------------------------------------
[INFO] 
[INFO] --- maven-enforcer-plugin:1.0:enforce (enforce-maven) @ converter-wire ---
[INFO] 
[INFO] --- maven-resources-plugin:2.6:resources (default-resources) @ converter-wire ---
[INFO] Using 'UTF-8' encoding to copy filtered resources.
[INFO] skip non existing resourceDirectory /home/travis/build/square/retrofit/retrofit-converters/wire/src/main/resources
[INFO] 
[INFO] --- maven-compiler-plugin:3.0:compile (default-compile) @ converter-wire ---
[INFO] Changes detected - recompiling the module!
[INFO] Compiling 3 source files to /home/travis/build/square/retrofit/retrofit-converters/wire/target/classes
[WARNING] /home/travis/build/square/retrofit/retrofit-converters/wire/src/main/java/retrofit/WireConverterFactory.java: /home/travis/build/square/retrofit/retrofit-converters/wire/src/main/java/retrofit/WireConverterFactory.java uses unchecked or unsafe operations.
[WARNING] /home/travis/build/square/retrofit/retrofit-converters/wire/src/main/java/retrofit/WireConverterFactory.java: Recompile with -Xlint:unchecked for details.
[INFO] 
[INFO] --- maven-resources-plugin:2.6:testResources (default-testResources) @ converter-wire ---
[INFO] Using 'UTF-8' encoding to copy filtered resources.
[INFO] skip non existing resourceDirectory /home/travis/build/square/retrofit/retrofit-converters/wire/src/test/resources
[INFO] 
[INFO] --- maven-compiler-plugin:3.0:testCompile (default-testCompile) @ converter-wire ---
[INFO] Changes detected - recompiling the module!
[INFO] Compiling 2 source files to /home/travis/build/square/retrofit/retrofit-converters/wire/target/test-classes
[INFO] 
[INFO] --- maven-surefire-plugin:2.12.4:test (default-test) @ converter-wire ---
[INFO] Tests are skipped.
[INFO] 
[INFO] --- animal-sniffer-maven-plugin:1.14:check (default) @ converter-wire ---
[INFO] Checking unresolved references to org.codehaus.mojo.signature:java16:1.1
[INFO] 
[INFO] --- maven-jar-plugin:2.4:jar (default-jar) @ converter-wire ---
[INFO] Building jar: /home/travis/build/square/retrofit/retrofit-converters/wire/target/converter-wire-2.0.0-SNAPSHOT.jar
[INFO] 
[INFO] --- maven-checkstyle-plugin:2.15:checkstyle (default) @ converter-wire ---
[INFO] Starting audit...
Audit done.
[WARNING] Unable to locate Source XRef to link to - DISABLED
[INFO] 
[INFO] --- maven-install-plugin:2.4:install (default-install) @ converter-wire ---
[INFO] Installing /home/travis/build/square/retrofit/retrofit-converters/wire/target/converter-wire-2.0.0-SNAPSHOT.jar to /home/travis/.m2/repository/com/squareup/retrofit/converter-wire/2.0.0-SNAPSHOT/converter-wire-2.0.0-SNAPSHOT.jar
[INFO] Installing /home/travis/build/square/retrofit/retrofit-converters/wire/pom.xml to /home/travis/.m2/repository/com/squareup/retrofit/converter-wire/2.0.0-SNAPSHOT/converter-wire-2.0.0-SNAPSHOT.pom
[INFO]                                                                         
[INFO] ------------------------------------------------------------------------
[INFO] Building Converter: SimpleXML 2.0.0-SNAPSHOT
[INFO] ------------------------------------------------------------------------
[INFO] 
[INFO] --- maven-enforcer-plugin:1.0:enforce (enforce-maven) @ converter-simplexml ---
[INFO] 
[INFO] --- maven-resources-plugin:2.6:resources (default-resources) @ converter-simplexml ---
[INFO] Using 'UTF-8' encoding to copy filtered resources.
[INFO] skip non existing resourceDirectory /home/travis/build/square/retrofit/retrofit-converters/simplexml/src/main/resources
[INFO] 
[INFO] --- maven-compiler-plugin:3.0:compile (default-compile) @ converter-simplexml ---
[INFO] Changes detected - recompiling the module!
[INFO] Compiling 3 source files to /home/travis/build/square/retrofit/retrofit-converters/simplexml/target/classes
[INFO] 
[INFO] --- maven-resources-plugin:2.6:testResources (default-testResources) @ converter-simplexml ---
[INFO] Using 'UTF-8' encoding to copy filtered resources.
[INFO] skip non existing resourceDirectory /home/travis/build/square/retrofit/retrofit-converters/simplexml/src/test/resources
[INFO] 
[INFO] --- maven-compiler-plugin:3.0:testCompile (default-testCompile) @ converter-simplexml ---
[INFO] Changes detected - recompiling the module!
[INFO] Compiling 2 source files to /home/travis/build/square/retrofit/retrofit-converters/simplexml/target/test-classes
[INFO] 
[INFO] --- maven-surefire-plugin:2.12.4:test (default-test) @ converter-simplexml ---
[INFO] Tests are skipped.
[INFO] 
[INFO] --- animal-sniffer-maven-plugin:1.14:check (default) @ converter-simplexml ---
[INFO] Checking unresolved references to org.codehaus.mojo.signature:java16:1.1
[INFO] 
[INFO] --- maven-jar-plugin:2.4:jar (default-jar) @ converter-simplexml ---
[INFO] Building jar: /home/travis/build/square/retrofit/retrofit-converters/simplexml/target/converter-simplexml-2.0.0-SNAPSHOT.jar
[INFO] 
[INFO] --- maven-checkstyle-plugin:2.15:checkstyle (default) @ converter-simplexml ---
[INFO] Starting audit...
Audit done.
[WARNING] Unable to locate Source XRef to link to - DISABLED
[INFO] 
[INFO] --- maven-install-plugin:2.4:install (default-install) @ converter-simplexml ---
[INFO] Installing /home/travis/build/square/retrofit/retrofit-converters/simplexml/target/converter-simplexml-2.0.0-SNAPSHOT.jar to /home/travis/.m2/repository/com/squareup/retrofit/converter-simplexml/2.0.0-SNAPSHOT/converter-simplexml-2.0.0-SNAPSHOT.jar
[INFO] Installing /home/travis/build/square/retrofit/retrofit-converters/simplexml/pom.xml to /home/travis/.m2/repository/com/squareup/retrofit/converter-simplexml/2.0.0-SNAPSHOT/converter-simplexml-2.0.0-SNAPSHOT.pom
[INFO]                                                                         
[INFO] ------------------------------------------------------------------------
[INFO] Building Converter: Moshi 2.0.0-SNAPSHOT
[INFO] ------------------------------------------------------------------------
[INFO] 
[INFO] --- maven-enforcer-plugin:1.0:enforce (enforce-maven) @ converter-moshi ---
[INFO] 
[INFO] --- maven-resources-plugin:2.6:resources (default-resources) @ converter-moshi ---
[INFO] Using 'UTF-8' encoding to copy filtered resources.
[INFO] skip non existing resourceDirectory /home/travis/build/square/retrofit/retrofit-converters/moshi/src/main/resources
[INFO] 
[INFO] --- maven-compiler-plugin:3.0:compile (default-compile) @ converter-moshi ---
[INFO] Changes detected - recompiling the module!
[INFO] Compiling 3 source files to /home/travis/build/square/retrofit/retrofit-converters/moshi/target/classes
[INFO] 
[INFO] --- maven-resources-plugin:2.6:testResources (default-testResources) @ converter-moshi ---
[INFO] Using 'UTF-8' encoding to copy filtered resources.
[INFO] skip non existing resourceDirectory /home/travis/build/square/retrofit/retrofit-converters/moshi/src/test/resources
[INFO] 
[INFO] --- maven-compiler-plugin:3.0:testCompile (default-testCompile) @ converter-moshi ---
[INFO] Changes detected - recompiling the module!
[INFO] Compiling 1 source file to /home/travis/build/square/retrofit/retrofit-converters/moshi/target/test-classes
[INFO] 
[INFO] --- maven-surefire-plugin:2.12.4:test (default-test) @ converter-moshi ---
[INFO] Tests are skipped.
[INFO] 
[INFO] --- animal-sniffer-maven-plugin:1.14:check (default) @ converter-moshi ---
[INFO] Checking unresolved references to org.codehaus.mojo.signature:java16:1.1
[INFO] 
[INFO] --- maven-jar-plugin:2.4:jar (default-jar) @ converter-moshi ---
[INFO] Building jar: /home/travis/build/square/retrofit/retrofit-converters/moshi/target/converter-moshi-2.0.0-SNAPSHOT.jar
[INFO] 
[INFO] --- maven-checkstyle-plugin:2.15:checkstyle (default) @ converter-moshi ---
[INFO] Starting audit...
Audit done.
[WARNING] Unable to locate Source XRef to link to - DISABLED
[INFO] 
[INFO] --- maven-install-plugin:2.4:install (default-install) @ converter-moshi ---
[INFO] Installing /home/travis/build/square/retrofit/retrofit-converters/moshi/target/converter-moshi-2.0.0-SNAPSHOT.jar to /home/travis/.m2/repository/com/squareup/retrofit/converter-moshi/2.0.0-SNAPSHOT/converter-moshi-2.0.0-SNAPSHOT.jar
[INFO] Installing /home/travis/build/square/retrofit/retrofit-converters/moshi/pom.xml to /home/travis/.m2/repository/com/squareup/retrofit/converter-moshi/2.0.0-SNAPSHOT/converter-moshi-2.0.0-SNAPSHOT.pom
[INFO]                                                                         
[INFO] ------------------------------------------------------------------------
[INFO] Building Samples 2.0.0-SNAPSHOT
[INFO] ------------------------------------------------------------------------
[INFO] 
[INFO] --- maven-enforcer-plugin:1.0:enforce (enforce-maven) @ samples ---
[INFO] 
[INFO] --- maven-resources-plugin:2.6:resources (default-resources) @ samples ---
[INFO] Using 'UTF-8' encoding to copy filtered resources.
[INFO] skip non existing resourceDirectory /home/travis/build/square/retrofit/samples/src/main/resources
[INFO] 
[INFO] --- maven-compiler-plugin:3.0:compile (default-compile) @ samples ---
[INFO] Changes detected - recompiling the module!
[INFO] Compiling 4 source files to /home/travis/build/square/retrofit/samples/target/classes
[INFO] 
[INFO] --- maven-resources-plugin:2.6:testResources (default-testResources) @ samples ---
[INFO] Using 'UTF-8' encoding to copy filtered resources.
[INFO] skip non existing resourceDirectory /home/travis/build/square/retrofit/samples/src/test/resources
[INFO] 
[INFO] --- maven-compiler-plugin:3.0:testCompile (default-testCompile) @ samples ---
[INFO] No sources to compile
[INFO] 
[INFO] --- maven-surefire-plugin:2.12.4:test (default-test) @ samples ---
[INFO] Tests are skipped.
[INFO] 
[INFO] --- animal-sniffer-maven-plugin:1.14:check (default) @ samples ---
[INFO] Checking unresolved references to org.codehaus.mojo.signature:java16:1.1
[INFO] 
[INFO] --- maven-jar-plugin:2.4:jar (default-jar) @ samples ---
[INFO] Building jar: /home/travis/build/square/retrofit/samples/target/samples-2.0.0-SNAPSHOT.jar
[INFO] 
[INFO] --- maven-checkstyle-plugin:2.15:checkstyle (default) @ samples ---
[INFO] Starting audit...
Audit done.
[WARNING] Unable to locate Source XRef to link to - DISABLED
[INFO] 
[INFO] --- maven-install-plugin:2.4:install (default-install) @ samples ---
[INFO] Installing /home/travis/build/square/retrofit/samples/target/samples-2.0.0-SNAPSHOT.jar to /home/travis/.m2/repository/com/squareup/retrofit/samples/2.0.0-SNAPSHOT/samples-2.0.0-SNAPSHOT.jar
[INFO] Installing /home/travis/build/square/retrofit/samples/pom.xml to /home/travis/.m2/repository/com/squareup/retrofit/samples/2.0.0-SNAPSHOT/samples-2.0.0-SNAPSHOT.pom
[INFO] ------------------------------------------------------------------------
[INFO] Reactor Summary:
[INFO] 
[INFO] Retrofit (Parent) .................................. SUCCESS [  3.966 s]
[INFO] Retrofit ........................................... SUCCESS [ 17.302 s]
[INFO] Adapters ........................................... SUCCESS [  0.772 s]
[INFO] Adapter: RxJava .................................... SUCCESS [  2.734 s]
[INFO] Retrofit Mock Adapter .............................. SUCCESS [  2.353 s]
[INFO] Adapter: RxJava Mock ............................... SUCCESS [  1.524 s]
[INFO] Converters ......................................... SUCCESS [  0.318 s]
[INFO] Converter: Gson .................................... SUCCESS [  1.675 s]
[INFO] Converter: Protocol Buffers ........................ SUCCESS [  1.602 s]
[INFO] Converter: Jackson ................................. SUCCESS [  1.428 s]
[INFO] Converter: Wire Protocol Buffers ................... SUCCESS [  0.996 s]
[INFO] Converter: SimpleXML ............................... SUCCESS [  1.132 s]
[INFO] Converter: Moshi ................................... SUCCESS [  0.765 s]
[INFO] Samples ............................................ SUCCESS [  2.341 s]
[INFO] ------------------------------------------------------------------------
[INFO] BUILD SUCCESS
[INFO] ------------------------------------------------------------------------
[INFO] Total time: 39.451 s
[INFO] Finished at: 2015-09-26T06:18:07+00:00
[INFO] Final Memory: 38M/331M
[INFO] ------------------------------------------------------------------------
travis_time:end:0c0425c0:start=1443248246238712138,finish=1443248288372161040,duration=42133448902[0Ktravis_fold:end:install[0Ktravis_time:start:294b45ac[0K$ mvn test -B
Java HotSpot(TM) 64-Bit Server VM warning: ignoring option MaxPermSize=192m; support was removed in 8.0
[INFO] Scanning for projects...
[WARNING] 
[WARNING] Some problems were encountered while building the effective model for com.squareup.retrofit:samples:jar:2.0.0-SNAPSHOT
[WARNING] 'build.plugins.plugin.version' for org.apache.maven.plugins:maven-deploy-plugin is missing. @ com.squareup.retrofit:samples:[unknown-version], /home/travis/build/square/retrofit/samples/pom.xml, line 45, column 15
[WARNING] 
[WARNING] It is highly recommended to fix these problems because they threaten the stability of your build.
[WARNING] 
[WARNING] For this reason, future Maven versions might no longer support building such malformed projects.
[WARNING] 
[INFO] ------------------------------------------------------------------------
[INFO] Reactor Build Order:
[INFO] 
[INFO] Retrofit (Parent)
[INFO] Retrofit
[INFO] Adapters
[INFO] Adapter: RxJava
[INFO] Retrofit Mock Adapter
[INFO] Adapter: RxJava Mock
[INFO] Converters
[INFO] Converter: Gson
[INFO] Converter: Protocol Buffers
[INFO] Converter: Jackson
[INFO] Converter: Wire Protocol Buffers
[INFO] Converter: SimpleXML
[INFO] Converter: Moshi
[INFO] Samples
[INFO]                                                                         
[INFO] ------------------------------------------------------------------------
[INFO] Building Retrofit (Parent) 2.0.0-SNAPSHOT
[INFO] ------------------------------------------------------------------------
[INFO] 
[INFO] --- maven-enforcer-plugin:1.0:enforce (enforce-maven) @ parent ---
[INFO] 
[INFO] --- animal-sniffer-maven-plugin:1.14:check (default) @ parent ---
[INFO] Checking unresolved references to org.codehaus.mojo.signature:java16:1.1
[INFO]                                                                         
[INFO] ------------------------------------------------------------------------
[INFO] Building Retrofit 2.0.0-SNAPSHOT
[INFO] ------------------------------------------------------------------------
[INFO] 
[INFO] --- maven-enforcer-plugin:1.0:enforce (enforce-maven) @ retrofit ---
[INFO] 
[INFO] --- maven-resources-plugin:2.6:resources (default-resources) @ retrofit ---
[INFO] Using 'UTF-8' encoding to copy filtered resources.
[INFO] skip non existing resourceDirectory /home/travis/build/square/retrofit/retrofit/src/main/resources
[INFO] 
[INFO] --- maven-compiler-plugin:3.0:compile (default-compile) @ retrofit ---
[INFO] Changes detected - recompiling the module!
[INFO] Compiling 43 source files to /home/travis/build/square/retrofit/retrofit/target/classes
[WARNING] /home/travis/build/square/retrofit/retrofit/src/main/java/retrofit/Retrofit.java: Some input files use unchecked or unsafe operations.
[WARNING] /home/travis/build/square/retrofit/retrofit/src/main/java/retrofit/Retrofit.java: Recompile with -Xlint:unchecked for details.
[INFO] 
[INFO] --- maven-resources-plugin:2.6:testResources (default-testResources) @ retrofit ---
[INFO] Using 'UTF-8' encoding to copy filtered resources.
[INFO] skip non existing resourceDirectory /home/travis/build/square/retrofit/retrofit/src/test/resources
[INFO] 
[INFO] --- maven-compiler-plugin:3.0:testCompile (default-testCompile) @ retrofit ---
[INFO] Changes detected - recompiling the module!
[INFO] Compiling 7 source files to /home/travis/build/square/retrofit/retrofit/target/test-classes
[WARNING] /home/travis/build/square/retrofit/retrofit/src/test/java/retrofit/RetrofitTest.java: /home/travis/build/square/retrofit/retrofit/src/test/java/retrofit/RetrofitTest.java uses unchecked or unsafe operations.
[WARNING] /home/travis/build/square/retrofit/retrofit/src/test/java/retrofit/RetrofitTest.java: Recompile with -Xlint:unchecked for details.
[INFO] 
[INFO] --- maven-surefire-plugin:2.12.4:test (default-test) @ retrofit ---
[INFO] Surefire report directory: /home/travis/build/square/retrofit/retrofit/target/surefire-reports

-------------------------------------------------------
 T E S T S
-------------------------------------------------------
Running retrofit.RequestBuilderTest
Tests run: 98, Failures: 0, Errors: 0, Skipped: 2, Time elapsed: 0.902 sec
Running retrofit.ExecutorCallAdapterFactoryTest
Tests run: 8, Failures: 0, Errors: 0, Skipped: 0, Time elapsed: 0.17 sec
Running retrofit.CallTest
Sep 26, 2015 6:18:23 AM com.squareup.okhttp.mockwebserver.MockWebServer$3 execute
INFO: MockWebServer[33284] starting to accept connections
Sep 26, 2015 6:18:23 AM com.squareup.okhttp.mockwebserver.MockWebServer$3 acceptConnections
INFO: MockWebServer[33284] done accepting connections: Socket is closed
Sep 26, 2015 6:18:23 AM com.squareup.okhttp.mockwebserver.MockWebServer$3 execute
INFO: MockWebServer[51007] starting to accept connections
Sep 26, 2015 6:18:23 AM com.squareup.okhttp.mockwebserver.MockWebServer$4 processOneRequest
INFO: MockWebServer[51007] received request: GET / HTTP/1.1 and responded: HTTP/1.1 200 OK
Sep 26, 2015 6:18:23 AM com.squareup.okhttp.mockwebserver.MockWebServer$3 acceptConnections
INFO: MockWebServer[51007] done accepting connections: Socket closed
Sep 26, 2015 6:18:23 AM com.squareup.okhttp.mockwebserver.MockWebServer$3 execute
INFO: MockWebServer[39720] starting to accept connections
Sep 26, 2015 6:18:23 AM com.squareup.okhttp.mockwebserver.MockWebServer$4 processOneRequest
INFO: MockWebServer[39720] received request: GET / HTTP/1.1 and responded: HTTP/1.1 404 OK
Sep 26, 2015 6:18:23 AM com.squareup.okhttp.mockwebserver.MockWebServer$3 acceptConnections
INFO: MockWebServer[39720] done accepting connections: Socket closed
Sep 26, 2015 6:18:23 AM com.squareup.okhttp.mockwebserver.MockWebServer$3 execute
INFO: MockWebServer[39073] starting to accept connections
Sep 26, 2015 6:18:23 AM com.squareup.okhttp.mockwebserver.MockWebServer$3 acceptConnections
INFO: MockWebServer[39073] done accepting connections: Socket closed
Sep 26, 2015 6:18:23 AM com.squareup.okhttp.mockwebserver.MockWebServer$3 execute
INFO: MockWebServer[45904] starting to accept connections
Sep 26, 2015 6:18:23 AM com.squareup.okhttp.mockwebserver.MockWebServer$3 acceptConnections
INFO: MockWebServer[45904] done accepting connections: Socket closed
Sep 26, 2015 6:18:23 AM com.squareup.okhttp.mockwebserver.MockWebServer$3 execute
INFO: MockWebServer[53049] starting to accept connections
Sep 26, 2015 6:18:23 AM com.squareup.okhttp.mockwebserver.MockWebServer$4 processOneRequest
INFO: MockWebServer[53049] received request: GET / HTTP/1.1 and responded: HTTP/1.1 200 OK
Sep 26, 2015 6:18:23 AM com.squareup.okhttp.mockwebserver.MockWebServer$3 acceptConnections
INFO: MockWebServer[53049] done accepting connections: Socket closed
Sep 26, 2015 6:18:23 AM com.squareup.okhttp.mockwebserver.MockWebServer$3 execute
INFO: MockWebServer[39454] starting to accept connections
Sep 26, 2015 6:18:23 AM com.squareup.okhttp.mockwebserver.MockWebServer$3 acceptConnections
INFO: MockWebServer[39454] done accepting connections: Socket is closed
Sep 26, 2015 6:18:23 AM com.squareup.okhttp.mockwebserver.MockWebServer$3 execute
INFO: MockWebServer[50337] starting to accept connections
Sep 26, 2015 6:18:23 AM com.squareup.okhttp.mockwebserver.MockWebServer$4 processOneRequest
INFO: MockWebServer[50337] received request: GET / HTTP/1.1 and responded: HTTP/1.1 404 OK
Sep 26, 2015 6:18:23 AM com.squareup.okhttp.mockwebserver.MockWebServer$3 acceptConnections
INFO: MockWebServer[50337] done accepting connections: Socket closed
Sep 26, 2015 6:18:23 AM com.squareup.okhttp.mockwebserver.MockWebServer$3 execute
INFO: MockWebServer[45214] starting to accept connections
Sep 26, 2015 6:18:23 AM com.squareup.okhttp.mockwebserver.MockWebServer$3 acceptConnections
INFO: MockWebServer[45214] done accepting connections: Socket closed
Sep 26, 2015 6:18:23 AM com.squareup.okhttp.mockwebserver.MockWebServer$4 processOneRequest
INFO: MockWebServer[45214] received request: POST / HTTP/1.1 and responded: HTTP/1.1 200 OK
Sep 26, 2015 6:18:23 AM com.squareup.okhttp.mockwebserver.MockWebServer$3 execute
INFO: MockWebServer[42430] starting to accept connections
Sep 26, 2015 6:18:23 AM com.squareup.okhttp.mockwebserver.MockWebServer$4 processOneRequest
INFO: MockWebServer[42430] received request: GET / HTTP/1.1 and responded: HTTP/1.1 204 Nothin
Sep 26, 2015 6:18:23 AM com.squareup.okhttp.mockwebserver.MockWebServer$3 acceptConnections
INFO: MockWebServer[42430] done accepting connections: Socket closed
Sep 26, 2015 6:18:23 AM com.squareup.okhttp.mockwebserver.MockWebServer$3 execute
INFO: MockWebServer[36839] starting to accept connections
Sep 26, 2015 6:18:23 AM com.squareup.okhttp.mockwebserver.MockWebServer$3 acceptConnections
INFO: MockWebServer[36839] done accepting connections: Socket closed
Sep 26, 2015 6:18:23 AM com.squareup.okhttp.mockwebserver.MockWebServer$4 processOneRequest
INFO: MockWebServer[36839] received request: GET / HTTP/1.1 and responded: HTTP/1.1 200 OK
Sep 26, 2015 6:18:23 AM com.squareup.okhttp.mockwebserver.MockWebServer$3 execute
INFO: MockWebServer[42318] starting to accept connections
Sep 26, 2015 6:18:23 AM com.squareup.okhttp.mockwebserver.MockWebServer$3 acceptConnections
INFO: MockWebServer[42318] done accepting connections: Socket closed
Sep 26, 2015 6:18:23 AM com.squareup.okhttp.mockwebserver.MockWebServer$4 processOneRequest
INFO: MockWebServer[42318] received request: GET / HTTP/1.1 and responded: HTTP/1.1 200 OK
Sep 26, 2015 6:18:23 AM com.squareup.okhttp.mockwebserver.MockWebServer$3 execute
INFO: MockWebServer[39673] starting to accept connections
Sep 26, 2015 6:18:23 AM com.squareup.okhttp.mockwebserver.MockWebServer$3 acceptConnections
INFO: MockWebServer[39673] done accepting connections: Socket closed
Sep 26, 2015 6:18:23 AM com.squareup.okhttp.mockwebserver.MockWebServer$4 processOneRequest
INFO: MockWebServer[39673] received request: POST / HTTP/1.1 and responded: HTTP/1.1 200 OK
Sep 26, 2015 6:18:23 AM com.squareup.okhttp.mockwebserver.MockWebServer$3 execute
INFO: MockWebServer[40395] starting to accept connections
Sep 26, 2015 6:18:23 AM com.squareup.okhttp.mockwebserver.MockWebServer$3 acceptConnections
INFO: MockWebServer[40395] done accepting connections: Socket is closed
Sep 26, 2015 6:18:23 AM com.squareup.okhttp.mockwebserver.MockWebServer$3 execute
INFO: MockWebServer[59761] starting to accept connections
Sep 26, 2015 6:18:23 AM com.squareup.okhttp.mockwebserver.MockWebServer$3 acceptConnections
INFO: MockWebServer[59761] done accepting connections: Socket closed
Sep 26, 2015 6:18:23 AM com.squareup.okhttp.mockwebserver.MockWebServer$4 processOneRequest
INFO: MockWebServer[59761] received request: GET / HTTP/1.1 and responded: HTTP/1.1 200 OK
Sep 26, 2015 6:18:23 AM com.squareup.okhttp.mockwebserver.MockWebServer$3 execute
INFO: MockWebServer[48969] starting to accept connections
Sep 26, 2015 6:18:23 AM com.squareup.okhttp.mockwebserver.MockWebServer$3 acceptConnections
INFO: MockWebServer[48969] done accepting connections: Socket closed
Sep 26, 2015 6:18:23 AM com.squareup.okhttp.mockwebserver.MockWebServer$4 processOneRequest
INFO: MockWebServer[48969] received request: GET / HTTP/1.1 and responded: HTTP/1.1 200 OK
Sep 26, 2015 6:18:23 AM com.squareup.okhttp.mockwebserver.MockWebServer$3 execute
INFO: MockWebServer[46938] starting to accept connections
Sep 26, 2015 6:18:23 AM com.squareup.okhttp.mockwebserver.MockWebServer$3 acceptConnections
INFO: MockWebServer[46938] done accepting connections: Socket closed
Sep 26, 2015 6:18:23 AM com.squareup.okhttp.mockwebserver.MockWebServer$4 processOneRequest
INFO: MockWebServer[46938] received request: GET / HTTP/1.1 and responded: HTTP/1.1 205 Nothin
Sep 26, 2015 6:18:23 AM com.squareup.okhttp.mockwebserver.MockWebServer$3 execute
INFO: MockWebServer[49049] starting to accept connections
Sep 26, 2015 6:18:23 AM com.squareup.okhttp.mockwebserver.MockWebServer$4 processOneRequest
INFO: MockWebServer[49049] received request: GET / HTTP/1.1 and responded: HTTP/1.1 200 OK
Sep 26, 2015 6:18:23 AM com.squareup.okhttp.mockwebserver.MockWebServer$4 processOneRequest
INFO: MockWebServer[49049] received request: GET / HTTP/1.1 and responded: HTTP/1.1 200 OK
Sep 26, 2015 6:18:23 AM com.squareup.okhttp.mockwebserver.MockWebServer$3 acceptConnections
INFO: MockWebServer[49049] done accepting connections: Socket closed
Sep 26, 2015 6:18:23 AM com.squareup.okhttp.mockwebserver.MockWebServer$3 execute
INFO: MockWebServer[40916] starting to accept connections
Sep 26, 2015 6:18:23 AM com.squareup.okhttp.mockwebserver.MockWebServer$4 processOneRequest
INFO: MockWebServer[40916] received request: GET / HTTP/1.1 and responded: HTTP/1.1 200 OK
Sep 26, 2015 6:18:23 AM com.squareup.okhttp.mockwebserver.MockWebServer$3 acceptConnections
INFO: MockWebServer[40916] done accepting connections: Socket closed
Sep 26, 2015 6:18:23 AM com.squareup.okhttp.mockwebserver.MockWebServer$3 execute
INFO: MockWebServer[59550] starting to accept connections
Sep 26, 2015 6:18:23 AM com.squareup.okhttp.mockwebserver.MockWebServer$3 acceptConnections
INFO: MockWebServer[59550] done accepting connections: Socket closed
Sep 26, 2015 6:18:23 AM com.squareup.okhttp.mockwebserver.MockWebServer$3 execute
INFO: MockWebServer[49683] starting to accept connections
Sep 26, 2015 6:18:23 AM com.squareup.okhttp.mockwebserver.MockWebServer$3 acceptConnections
INFO: MockWebServer[49683] done accepting connections: Socket closed
Sep 26, 2015 6:18:23 AM com.squareup.okhttp.mockwebserver.MockWebServer$3 execute
INFO: MockWebServer[60089] starting to accept connections
Sep 26, 2015 6:18:23 AM com.squareup.okhttp.mockwebserver.MockWebServer$3 acceptConnections
INFO: MockWebServer[60089] done accepting connections: Socket closed
Sep 26, 2015 6:18:23 AM com.squareup.okhttp.mockwebserver.MockWebServer$4 processOneRequest
INFO: MockWebServer[60089] received request: GET / HTTP/1.1 and responded: HTTP/1.1 200 OK
Sep 26, 2015 6:18:23 AM com.squareup.okhttp.mockwebserver.MockWebServer$3 execute
INFO: MockWebServer[53003] starting to accept connections
Sep 26, 2015 6:18:23 AM com.squareup.okhttp.mockwebserver.MockWebServer$3 acceptConnections
INFO: MockWebServer[53003] done accepting connections: Socket closed
Sep 26, 2015 6:18:23 AM com.squareup.okhttp.mockwebserver.MockWebServer$4 processOneRequest
INFO: MockWebServer[53003] received request: GET / HTTP/1.1 and responded: HTTP/1.1 200 OK
Tests run: 23, Failures: 0, Errors: 0, Skipped: 0, Time elapsed: 0.366 sec
Running retrofit.RequestFactoryParserTest
Tests run: 1, Failures: 0, Errors: 0, Skipped: 0, Time elapsed: 0.006 sec
Running retrofit.RetrofitTest
Sep 26, 2015 6:18:23 AM com.squareup.okhttp.mockwebserver.MockWebServer$3 execute
INFO: MockWebServer[49746] starting to accept connections
Sep 26, 2015 6:18:23 AM com.squareup.okhttp.mockwebserver.MockWebServer$3 acceptConnections
INFO: MockWebServer[49746] done accepting connections: Socket is closed
Sep 26, 2015 6:18:23 AM com.squareup.okhttp.mockwebserver.MockWebServer$3 execute
INFO: MockWebServer[37815] starting to accept connections
Sep 26, 2015 6:18:23 AM com.squareup.okhttp.mockwebserver.MockWebServer$3 acceptConnections
INFO: MockWebServer[37815] done accepting connections: Socket is closed
Sep 26, 2015 6:18:23 AM com.squareup.okhttp.mockwebserver.MockWebServer$3 execute
INFO: MockWebServer[50535] starting to accept connections
Sep 26, 2015 6:18:23 AM com.squareup.okhttp.mockwebserver.MockWebServer$3 acceptConnections
INFO: MockWebServer[50535] done accepting connections: Socket is closed
Sep 26, 2015 6:18:23 AM com.squareup.okhttp.mockwebserver.MockWebServer$3 execute
INFO: MockWebServer[41275] starting to accept connections
Sep 26, 2015 6:18:23 AM com.squareup.okhttp.mockwebserver.MockWebServer$3 acceptConnections
INFO: MockWebServer[41275] done accepting connections: Socket is closed
Sep 26, 2015 6:18:23 AM com.squareup.okhttp.mockwebserver.MockWebServer$3 execute
INFO: MockWebServer[47744] starting to accept connections
Sep 26, 2015 6:18:23 AM com.squareup.okhttp.mockwebserver.MockWebServer$3 acceptConnections
INFO: MockWebServer[47744] done accepting connections: Socket is closed
Sep 26, 2015 6:18:23 AM com.squareup.okhttp.mockwebserver.MockWebServer$3 execute
INFO: MockWebServer[48689] starting to accept connections
Sep 26, 2015 6:18:23 AM com.squareup.okhttp.mockwebserver.MockWebServer$3 acceptConnections
INFO: MockWebServer[48689] done accepting connections: Socket is closed
Sep 26, 2015 6:18:23 AM com.squareup.okhttp.mockwebserver.MockWebServer$3 execute
INFO: MockWebServer[37144] starting to accept connections
Sep 26, 2015 6:18:23 AM com.squareup.okhttp.mockwebserver.MockWebServer$3 acceptConnections
INFO: MockWebServer[37144] done accepting connections: Socket is closed
Sep 26, 2015 6:18:23 AM com.squareup.okhttp.mockwebserver.MockWebServer$3 execute
INFO: MockWebServer[33032] starting to accept connections
Sep 26, 2015 6:18:23 AM com.squareup.okhttp.mockwebserver.MockWebServer$3 acceptConnections
INFO: MockWebServer[33032] done accepting connections: Socket is closed
Sep 26, 2015 6:18:23 AM com.squareup.okhttp.mockwebserver.MockWebServer$3 execute
INFO: MockWebServer[34918] starting to accept connections
Sep 26, 2015 6:18:23 AM com.squareup.okhttp.mockwebserver.MockWebServer$3 acceptConnections
INFO: MockWebServer[34918] done accepting connections: Socket is closed
Sep 26, 2015 6:18:23 AM com.squareup.okhttp.mockwebserver.MockWebServer$3 execute
INFO: MockWebServer[51414] starting to accept connections
Sep 26, 2015 6:18:23 AM com.squareup.okhttp.mockwebserver.MockWebServer$3 acceptConnections
INFO: MockWebServer[51414] done accepting connections: Socket is closed
Sep 26, 2015 6:18:23 AM com.squareup.okhttp.mockwebserver.MockWebServer$3 execute
INFO: MockWebServer[40746] starting to accept connections
Sep 26, 2015 6:18:23 AM com.squareup.okhttp.mockwebserver.MockWebServer$3 acceptConnections
INFO: MockWebServer[40746] done accepting connections: Socket closed
Sep 26, 2015 6:18:23 AM com.squareup.okhttp.mockwebserver.MockWebServer$3 execute
INFO: MockWebServer[45383] starting to accept connections
Sep 26, 2015 6:18:23 AM com.squareup.okhttp.mockwebserver.MockWebServer$3 acceptConnections
INFO: MockWebServer[45383] done accepting connections: Socket closed
Sep 26, 2015 6:18:23 AM com.squareup.okhttp.mockwebserver.MockWebServer$4 processOneRequest
INFO: MockWebServer[45383] received request: GET / HTTP/1.1 and responded: HTTP/1.1 200 OK
Sep 26, 2015 6:18:23 AM com.squareup.okhttp.mockwebserver.MockWebServer$3 execute
INFO: MockWebServer[55083] starting to accept connections
Sep 26, 2015 6:18:23 AM com.squareup.okhttp.mockwebserver.MockWebServer$3 acceptConnections
INFO: MockWebServer[55083] done accepting connections: Socket is closed
Sep 26, 2015 6:18:23 AM com.squareup.okhttp.mockwebserver.MockWebServer$3 execute
INFO: MockWebServer[55410] starting to accept connections
Sep 26, 2015 6:18:23 AM com.squareup.okhttp.mockwebserver.MockWebServer$3 acceptConnections
INFO: MockWebServer[55410] done accepting connections: Socket is closed
Sep 26, 2015 6:18:23 AM com.squareup.okhttp.mockwebserver.MockWebServer$3 execute
INFO: MockWebServer[59493] starting to accept connections
Sep 26, 2015 6:18:23 AM com.squareup.okhttp.mockwebserver.MockWebServer$3 acceptConnections
INFO: MockWebServer[59493] done accepting connections: Socket closed
Sep 26, 2015 6:18:23 AM com.squareup.okhttp.mockwebserver.MockWebServer$4 processOneRequest
INFO: MockWebServer[59493] received request: GET / HTTP/1.1 and responded: HTTP/1.1 200 OK
Sep 26, 2015 6:18:23 AM com.squareup.okhttp.mockwebserver.MockWebServer$3 execute
INFO: MockWebServer[54573] starting to accept connections
Sep 26, 2015 6:18:23 AM com.squareup.okhttp.mockwebserver.MockWebServer$3 acceptConnections
INFO: MockWebServer[54573] done accepting connections: Socket is closed
Sep 26, 2015 6:18:23 AM com.squareup.okhttp.mockwebserver.MockWebServer$3 execute
INFO: MockWebServer[48452] starting to accept connections
Sep 26, 2015 6:18:23 AM com.squareup.okhttp.mockwebserver.MockWebServer$3 acceptConnections
INFO: MockWebServer[48452] done accepting connections: Socket closed
Sep 26, 2015 6:18:23 AM com.squareup.okhttp.mockwebserver.MockWebServer$4 processOneRequest
INFO: MockWebServer[48452] received request: POST / HTTP/1.1 and responded: HTTP/1.1 200 OK
Sep 26, 2015 6:18:23 AM com.squareup.okhttp.mockwebserver.MockWebServer$3 execute
INFO: MockWebServer[46030] starting to accept connections
Sep 26, 2015 6:18:23 AM com.squareup.okhttp.mockwebserver.MockWebServer$3 acceptConnections
INFO: MockWebServer[46030] done accepting connections: Socket is closed
Sep 26, 2015 6:18:23 AM com.squareup.okhttp.mockwebserver.MockWebServer$3 execute
INFO: MockWebServer[36633] starting to accept connections
Sep 26, 2015 6:18:23 AM com.squareup.okhttp.mockwebserver.MockWebServer$3 acceptConnections
INFO: MockWebServer[36633] done accepting connections: Socket is closed
Sep 26, 2015 6:18:23 AM com.squareup.okhttp.mockwebserver.MockWebServer$3 execute
INFO: MockWebServer[51121] starting to accept connections
Sep 26, 2015 6:18:23 AM com.squareup.okhttp.mockwebserver.MockWebServer$3 acceptConnections
INFO: MockWebServer[51121] done accepting connections: Socket is closed
Sep 26, 2015 6:18:23 AM com.squareup.okhttp.mockwebserver.MockWebServer$3 execute
INFO: MockWebServer[58836] starting to accept connections
Sep 26, 2015 6:18:23 AM com.squareup.okhttp.mockwebserver.MockWebServer$3 acceptConnections
INFO: MockWebServer[58836] done accepting connections: Socket is closed
Sep 26, 2015 6:18:23 AM com.squareup.okhttp.mockwebserver.MockWebServer$3 execute
INFO: MockWebServer[46377] starting to accept connections
Sep 26, 2015 6:18:23 AM com.squareup.okhttp.mockwebserver.MockWebServer$3 acceptConnections
INFO: MockWebServer[46377] done accepting connections: Socket is closed
Sep 26, 2015 6:18:23 AM com.squareup.okhttp.mockwebserver.MockWebServer$3 execute
INFO: MockWebServer[60731] starting to accept connections
Sep 26, 2015 6:18:23 AM com.squareup.okhttp.mockwebserver.MockWebServer$3 acceptConnections
INFO: MockWebServer[60731] done accepting connections: Socket closed
Sep 26, 2015 6:18:23 AM com.squareup.okhttp.mockwebserver.MockWebServer$4 processOneRequest
INFO: MockWebServer[60731] received request: GET / HTTP/1.1 and responded: HTTP/1.1 200 OK
Sep 26, 2015 6:18:23 AM com.squareup.okhttp.mockwebserver.MockWebServer$3 execute
INFO: MockWebServer[57057] starting to accept connections
Sep 26, 2015 6:18:23 AM com.squareup.okhttp.mockwebserver.MockWebServer$3 acceptConnections
INFO: MockWebServer[57057] done accepting connections: Socket is closed
Sep 26, 2015 6:18:23 AM com.squareup.okhttp.mockwebserver.MockWebServer$3 execute
INFO: MockWebServer[55224] starting to accept connections
Sep 26, 2015 6:18:23 AM com.squareup.okhttp.mockwebserver.MockWebServer$3 acceptConnections
INFO: MockWebServer[55224] done accepting connections: Socket is closed
Sep 26, 2015 6:18:23 AM com.squareup.okhttp.mockwebserver.MockWebServer$3 execute
INFO: MockWebServer[37034] starting to accept connections
Sep 26, 2015 6:18:23 AM com.squareup.okhttp.mockwebserver.MockWebServer$3 acceptConnections
INFO: MockWebServer[37034] done accepting connections: Socket closed
Sep 26, 2015 6:18:23 AM com.squareup.okhttp.mockwebserver.MockWebServer$3 execute
INFO: MockWebServer[57955] starting to accept connections
Sep 26, 2015 6:18:23 AM com.squareup.okhttp.mockwebserver.MockWebServer$3 acceptConnections
INFO: MockWebServer[57955] done accepting connections: Socket is closed
Sep 26, 2015 6:18:23 AM com.squareup.okhttp.mockwebserver.MockWebServer$3 execute
INFO: MockWebServer[54838] starting to accept connections
Sep 26, 2015 6:18:23 AM com.squareup.okhttp.mockwebserver.MockWebServer$3 acceptConnections
INFO: MockWebServer[54838] done accepting connections: Socket closed
Sep 26, 2015 6:18:23 AM com.squareup.okhttp.mockwebserver.MockWebServer$3 execute
INFO: MockWebServer[55112] starting to accept connections
Sep 26, 2015 6:18:23 AM com.squareup.okhttp.mockwebserver.MockWebServer$3 acceptConnections
INFO: MockWebServer[55112] done accepting connections: Socket closed
Sep 26, 2015 6:18:23 AM com.squareup.okhttp.mockwebserver.MockWebServer$3 execute
INFO: MockWebServer[40986] starting to accept connections
Sep 26, 2015 6:18:23 AM com.squareup.okhttp.mockwebserver.MockWebServer$3 acceptConnections
INFO: MockWebServer[40986] done accepting connections: Socket is closed
Sep 26, 2015 6:18:23 AM com.squareup.okhttp.mockwebserver.MockWebServer$3 execute
INFO: MockWebServer[47113] starting to accept connections
Sep 26, 2015 6:18:23 AM com.squareup.okhttp.mockwebserver.MockWebServer$3 acceptConnections
INFO: MockWebServer[47113] done accepting connections: Socket closed
Sep 26, 2015 6:18:23 AM com.squareup.okhttp.mockwebserver.MockWebServer$3 execute
INFO: MockWebServer[51041] starting to accept connections
Sep 26, 2015 6:18:23 AM com.squareup.okhttp.mockwebserver.MockWebServer$3 acceptConnections
INFO: MockWebServer[51041] done accepting connections: Socket closed
Sep 26, 2015 6:18:23 AM com.squareup.okhttp.mockwebserver.MockWebServer$3 execute
INFO: MockWebServer[49077] starting to accept connections
Sep 26, 2015 6:18:23 AM com.squareup.okhttp.mockwebserver.MockWebServer$3 acceptConnections
INFO: MockWebServer[49077] done accepting connections: Socket is closed
Sep 26, 2015 6:18:23 AM com.squareup.okhttp.mockwebserver.MockWebServer$3 execute
INFO: MockWebServer[48587] starting to accept connections
Sep 26, 2015 6:18:23 AM com.squareup.okhttp.mockwebserver.MockWebServer$3 acceptConnections
INFO: MockWebServer[48587] done accepting connections: Socket is closed
Sep 26, 2015 6:18:23 AM com.squareup.okhttp.mockwebserver.MockWebServer$3 execute
INFO: MockWebServer[38719] starting to accept connections
Sep 26, 2015 6:18:23 AM com.squareup.okhttp.mockwebserver.MockWebServer$3 acceptConnections
INFO: MockWebServer[38719] done accepting connections: Socket is closed
Sep 26, 2015 6:18:23 AM com.squareup.okhttp.mockwebserver.MockWebServer$3 execute
INFO: MockWebServer[57309] starting to accept connections
Sep 26, 2015 6:18:23 AM com.squareup.okhttp.mockwebserver.MockWebServer$3 acceptConnections
INFO: MockWebServer[57309] done accepting connections: Socket is closed
Sep 26, 2015 6:18:23 AM com.squareup.okhttp.mockwebserver.MockWebServer$3 execute
INFO: MockWebServer[50466] starting to accept connections
Sep 26, 2015 6:18:23 AM com.squareup.okhttp.mockwebserver.MockWebServer$3 acceptConnections
INFO: MockWebServer[50466] done accepting connections: Socket is closed
Sep 26, 2015 6:18:23 AM com.squareup.okhttp.mockwebserver.MockWebServer$3 execute
INFO: MockWebServer[47442] starting to accept connections
Sep 26, 2015 6:18:23 AM com.squareup.okhttp.mockwebserver.MockWebServer$3 acceptConnections
INFO: MockWebServer[47442] done accepting connections: Socket is closed
Sep 26, 2015 6:18:23 AM com.squareup.okhttp.mockwebserver.MockWebServer$3 execute
INFO: MockWebServer[49791] starting to accept connections
Sep 26, 2015 6:18:23 AM com.squareup.okhttp.mockwebserver.MockWebServer$3 acceptConnections
INFO: MockWebServer[49791] done accepting connections: Socket is closed
Sep 26, 2015 6:18:23 AM com.squareup.okhttp.mockwebserver.MockWebServer$3 execute
INFO: MockWebServer[51326] starting to accept connections
Sep 26, 2015 6:18:23 AM com.squareup.okhttp.mockwebserver.MockWebServer$3 acceptConnections
INFO: MockWebServer[51326] done accepting connections: Socket is closed
Sep 26, 2015 6:18:23 AM com.squareup.okhttp.mockwebserver.MockWebServer$3 execute
INFO: MockWebServer[39005] starting to accept connections
Sep 26, 2015 6:18:23 AM com.squareup.okhttp.mockwebserver.MockWebServer$3 acceptConnections
INFO: MockWebServer[39005] done accepting connections: Socket is closed
Sep 26, 2015 6:18:23 AM com.squareup.okhttp.mockwebserver.MockWebServer$3 execute
INFO: MockWebServer[40949] starting to accept connections
Sep 26, 2015 6:18:23 AM com.squareup.okhttp.mockwebserver.MockWebServer$3 acceptConnections
INFO: MockWebServer[40949] done accepting connections: Socket is closed
Sep 26, 2015 6:18:23 AM com.squareup.okhttp.mockwebserver.MockWebServer$3 execute
INFO: MockWebServer[36048] starting to accept connections
Sep 26, 2015 6:18:23 AM com.squareup.okhttp.mockwebserver.MockWebServer$3 acceptConnections
INFO: MockWebServer[36048] done accepting connections: Socket is closed
Sep 26, 2015 6:18:23 AM com.squareup.okhttp.mockwebserver.MockWebServer$3 execute
INFO: MockWebServer[41729] starting to accept connections
Sep 26, 2015 6:18:23 AM com.squareup.okhttp.mockwebserver.MockWebServer$3 acceptConnections
INFO: MockWebServer[41729] done accepting connections: Socket is closed
Sep 26, 2015 6:18:23 AM com.squareup.okhttp.mockwebserver.MockWebServer$3 execute
INFO: MockWebServer[59748] starting to accept connections
Sep 26, 2015 6:18:23 AM com.squareup.okhttp.mockwebserver.MockWebServer$3 acceptConnections
INFO: MockWebServer[59748] done accepting connections: Socket is closed
Sep 26, 2015 6:18:23 AM com.squareup.okhttp.mockwebserver.MockWebServer$3 execute
INFO: MockWebServer[56134] starting to accept connections
Sep 26, 2015 6:18:23 AM com.squareup.okhttp.mockwebserver.MockWebServer$3 acceptConnections
INFO: MockWebServer[56134] done accepting connections: Socket is closed
Sep 26, 2015 6:18:23 AM com.squareup.okhttp.mockwebserver.MockWebServer$3 execute
INFO: MockWebServer[56795] starting to accept connections
Sep 26, 2015 6:18:23 AM com.squareup.okhttp.mockwebserver.MockWebServer$3 acceptConnections
INFO: MockWebServer[56795] done accepting connections: Socket is closed
Tests run: 47, Failures: 0, Errors: 0, Skipped: 0, Time elapsed: 0.438 sec

Results :

Tests run: 177, Failures: 0, Errors: 0, Skipped: 2

[INFO] 
[INFO] --- animal-sniffer-maven-plugin:1.14:check (default) @ retrofit ---
[INFO] Checking unresolved references to org.codehaus.mojo.signature:java16:1.1
[INFO]                                                                         
[INFO] ------------------------------------------------------------------------
[INFO] Building Adapters 2.0.0-SNAPSHOT
[INFO] ------------------------------------------------------------------------
[INFO] 
[INFO] --- maven-enforcer-plugin:1.0:enforce (enforce-maven) @ retrofit-adapters ---
[INFO] 
[INFO] --- animal-sniffer-maven-plugin:1.14:check (default) @ retrofit-adapters ---
[INFO] Checking unresolved references to org.codehaus.mojo.signature:java16:1.1
[INFO]                                                                         
[INFO] ------------------------------------------------------------------------
[INFO] Building Adapter: RxJava 2.0.0-SNAPSHOT
[INFO] ------------------------------------------------------------------------
[INFO] 
[INFO] --- maven-enforcer-plugin:1.0:enforce (enforce-maven) @ adapter-rxjava ---
[INFO] 
[INFO] --- maven-resources-plugin:2.6:resources (default-resources) @ adapter-rxjava ---
[INFO] Using 'UTF-8' encoding to copy filtered resources.
[INFO] skip non existing resourceDirectory /home/travis/build/square/retrofit/retrofit-adapters/rxjava/src/main/resources
[INFO] 
[INFO] --- maven-compiler-plugin:3.0:compile (default-compile) @ adapter-rxjava ---
[INFO] Changes detected - recompiling the module!
[INFO] Compiling 4 source files to /home/travis/build/square/retrofit/retrofit-adapters/rxjava/target/classes
[INFO] 
[INFO] --- maven-resources-plugin:2.6:testResources (default-testResources) @ adapter-rxjava ---
[INFO] Using 'UTF-8' encoding to copy filtered resources.
[INFO] skip non existing resourceDirectory /home/travis/build/square/retrofit/retrofit-adapters/rxjava/src/test/resources
[INFO] 
[INFO] --- maven-compiler-plugin:3.0:testCompile (default-testCompile) @ adapter-rxjava ---
[INFO] Changes detected - recompiling the module!
[INFO] Compiling 2 source files to /home/travis/build/square/retrofit/retrofit-adapters/rxjava/target/test-classes
[INFO] 
[INFO] --- maven-surefire-plugin:2.12.4:test (default-test) @ adapter-rxjava ---
[INFO] Surefire report directory: /home/travis/build/square/retrofit/retrofit-adapters/rxjava/target/surefire-reports

-------------------------------------------------------
 T E S T S
-------------------------------------------------------
Running retrofit.ResultTest
Tests run: 4, Failures: 0, Errors: 0, Skipped: 0, Time elapsed: 0.269 sec
Running retrofit.RxJavaCallAdapterFactoryTest
Sep 26, 2015 6:18:26 AM com.squareup.okhttp.mockwebserver.MockWebServer$3 execute
INFO: MockWebServer[42330] starting to accept connections
Sep 26, 2015 6:18:27 AM com.squareup.okhttp.mockwebserver.MockWebServer$4 processConnection
WARNING: MockWebServer[42330] connection from /127.0.0.1 didn't make a request
Sep 26, 2015 6:18:27 AM com.squareup.okhttp.mockwebserver.MockWebServer$3 acceptConnections
INFO: MockWebServer[42330] done accepting connections: Socket closed
Sep 26, 2015 6:18:27 AM com.squareup.okhttp.mockwebserver.MockWebServer$3 execute
INFO: MockWebServer[43921] starting to accept connections
Sep 26, 2015 6:18:27 AM com.squareup.okhttp.mockwebserver.MockWebServer$4 processOneRequest
INFO: MockWebServer[43921] received request: GET / HTTP/1.1 and responded: HTTP/1.1 200 OK
Sep 26, 2015 6:18:27 AM com.squareup.okhttp.mockwebserver.MockWebServer$3 acceptConnections
INFO: MockWebServer[43921] done accepting connections: Socket closed
Sep 26, 2015 6:18:27 AM com.squareup.okhttp.mockwebserver.MockWebServer$3 execute
INFO: MockWebServer[57158] starting to accept connections
Sep 26, 2015 6:18:27 AM com.squareup.okhttp.mockwebserver.MockWebServer$3 acceptConnections
INFO: MockWebServer[57158] done accepting connections: Socket closed
Sep 26, 2015 6:18:27 AM com.squareup.okhttp.mockwebserver.MockWebServer$4 processOneRequest
INFO: MockWebServer[57158] received request: GET / HTTP/1.1 and responded: HTTP/1.1 404 OK
Sep 26, 2015 6:18:27 AM com.squareup.okhttp.mockwebserver.MockWebServer$3 execute
INFO: MockWebServer[40005] starting to accept connections
Sep 26, 2015 6:18:27 AM com.squareup.okhttp.mockwebserver.MockWebServer$3 acceptConnections
INFO: MockWebServer[40005] done accepting connections: Socket is closed
Sep 26, 2015 6:18:27 AM com.squareup.okhttp.mockwebserver.MockWebServer$3 execute
INFO: MockWebServer[34495] starting to accept connections
Sep 26, 2015 6:18:27 AM com.squareup.okhttp.mockwebserver.MockWebServer$3 acceptConnections
INFO: MockWebServer[34495] done accepting connections: Socket is closed
Sep 26, 2015 6:18:27 AM com.squareup.okhttp.mockwebserver.MockWebServer$3 execute
INFO: MockWebServer[47146] starting to accept connections
Sep 26, 2015 6:18:27 AM com.squareup.okhttp.mockwebserver.MockWebServer$3 acceptConnections
INFO: MockWebServer[47146] done accepting connections: Socket closed
Sep 26, 2015 6:18:27 AM com.squareup.okhttp.mockwebserver.MockWebServer$4 processConnection
WARNING: MockWebServer[47146] connection from /127.0.0.1 didn't make a request
Sep 26, 2015 6:18:27 AM com.squareup.okhttp.mockwebserver.MockWebServer$3 execute
INFO: MockWebServer[44957] starting to accept connections
Sep 26, 2015 6:18:27 AM com.squareup.okhttp.mockwebserver.MockWebServer$3 acceptConnections
INFO: MockWebServer[44957] done accepting connections: Socket closed
Sep 26, 2015 6:18:27 AM com.squareup.okhttp.mockwebserver.MockWebServer$4 processOneRequest
INFO: MockWebServer[44957] received request: GET / HTTP/1.1 and responded: HTTP/1.1 200 OK
Sep 26, 2015 6:18:27 AM com.squareup.okhttp.mockwebserver.MockWebServer$3 execute
INFO: MockWebServer[53686] starting to accept connections
Sep 26, 2015 6:18:27 AM com.squareup.okhttp.mockwebserver.MockWebServer$3 acceptConnections
INFO: MockWebServer[53686] done accepting connections: Socket closed
Sep 26, 2015 6:18:27 AM com.squareup.okhttp.mockwebserver.MockWebServer$4 processOneRequest
INFO: MockWebServer[53686] received request: GET / HTTP/1.1 and responded: HTTP/1.1 404 OK
Sep 26, 2015 6:18:27 AM com.squareup.okhttp.mockwebserver.MockWebServer$3 execute
INFO: MockWebServer[57845] starting to accept connections
Sep 26, 2015 6:18:27 AM com.squareup.okhttp.mockwebserver.MockWebServer$3 acceptConnections
INFO: MockWebServer[57845] done accepting connections: Socket is closed
Sep 26, 2015 6:18:27 AM com.squareup.okhttp.mockwebserver.MockWebServer$3 execute
INFO: MockWebServer[55238] starting to accept connections
Sep 26, 2015 6:18:27 AM com.squareup.okhttp.mockwebserver.MockWebServer$3 acceptConnections
INFO: MockWebServer[55238] done accepting connections: Socket closed
Sep 26, 2015 6:18:27 AM com.squareup.okhttp.mockwebserver.MockWebServer$4 processConnection
WARNING: MockWebServer[55238] connection from /127.0.0.1 didn't make a request
Sep 26, 2015 6:18:27 AM com.squareup.okhttp.mockwebserver.MockWebServer$3 execute
INFO: MockWebServer[36666] starting to accept connections
Sep 26, 2015 6:18:27 AM com.squareup.okhttp.mockwebserver.MockWebServer$3 acceptConnections
INFO: MockWebServer[36666] done accepting connections: Socket is closed
Sep 26, 2015 6:18:27 AM com.squareup.okhttp.mockwebserver.MockWebServer$3 execute
INFO: MockWebServer[46250] starting to accept connections
Sep 26, 2015 6:18:27 AM com.squareup.okhttp.mockwebserver.MockWebServer$3 acceptConnections
INFO: MockWebServer[46250] done accepting connections: Socket is closed
Sep 26, 2015 6:18:27 AM com.squareup.okhttp.mockwebserver.MockWebServer$3 execute
INFO: MockWebServer[58586] starting to accept connections
Sep 26, 2015 6:18:27 AM com.squareup.okhttp.mockwebserver.MockWebServer$3 acceptConnections
INFO: MockWebServer[58586] done accepting connections: Socket closed
Sep 26, 2015 6:18:27 AM com.squareup.okhttp.mockwebserver.MockWebServer$4 processOneRequest
INFO: MockWebServer[58586] received request: GET / HTTP/1.1 and responded: HTTP/1.1 200 OK
Sep 26, 2015 6:18:27 AM com.squareup.okhttp.mockwebserver.MockWebServer$3 execute
INFO: MockWebServer[41245] starting to accept connections
Sep 26, 2015 6:18:27 AM com.squareup.okhttp.mockwebserver.MockWebServer$3 acceptConnections
INFO: MockWebServer[41245] done accepting connections: Socket closed
Sep 26, 2015 6:18:27 AM com.squareup.okhttp.mockwebserver.MockWebServer$4 processOneRequest
INFO: MockWebServer[41245] received request: GET / HTTP/1.1 and responded: HTTP/1.1 404 OK
Sep 26, 2015 6:18:27 AM com.squareup.okhttp.mockwebserver.MockWebServer$3 execute
INFO: MockWebServer[37936] starting to accept connections
Sep 26, 2015 6:18:27 AM com.squareup.okhttp.mockwebserver.MockWebServer$3 acceptConnections
INFO: MockWebServer[37936] done accepting connections: Socket is closed
Tests run: 15, Failures: 0, Errors: 0, Skipped: 0, Time elapsed: 0.773 sec

Results :

Tests run: 19, Failures: 0, Errors: 0, Skipped: 0

[INFO] 
[INFO] --- animal-sniffer-maven-plugin:1.14:check (default) @ adapter-rxjava ---
[INFO] Checking unresolved references to org.codehaus.mojo.signature:java16:1.1
[INFO]                                                                         
[INFO] ------------------------------------------------------------------------
[INFO] Building Retrofit Mock Adapter 2.0.0-SNAPSHOT
[INFO] ------------------------------------------------------------------------
[INFO] 
[INFO] --- maven-enforcer-plugin:1.0:enforce (enforce-maven) @ retrofit-mock ---
[INFO] 
[INFO] --- maven-resources-plugin:2.6:resources (default-resources) @ retrofit-mock ---
[INFO] Using 'UTF-8' encoding to copy filtered resources.
[INFO] skip non existing resourceDirectory /home/travis/build/square/retrofit/retrofit-mock/src/main/resources
[INFO] 
[INFO] --- maven-compiler-plugin:3.0:compile (default-compile) @ retrofit-mock ---
[INFO] Changes detected - recompiling the module!
[INFO] Compiling 5 source files to /home/travis/build/square/retrofit/retrofit-mock/target/classes
[INFO] 
[INFO] --- maven-resources-plugin:2.6:testResources (default-testResources) @ retrofit-mock ---
[INFO] Using 'UTF-8' encoding to copy filtered resources.
[INFO] skip non existing resourceDirectory /home/travis/build/square/retrofit/retrofit-mock/src/test/resources
[INFO] 
[INFO] --- maven-compiler-plugin:3.0:testCompile (default-testCompile) @ retrofit-mock ---
[INFO] Changes detected - recompiling the module!
[INFO] Compiling 2 source files to /home/travis/build/square/retrofit/retrofit-mock/target/test-classes
[INFO] 
[INFO] --- maven-surefire-plugin:2.12.4:test (default-test) @ retrofit-mock ---
[INFO] Surefire report directory: /home/travis/build/square/retrofit/retrofit-mock/target/surefire-reports

-------------------------------------------------------
 T E S T S
-------------------------------------------------------
Running retrofit.MockRetrofitTest
Tests run: 10, Failures: 0, Errors: 0, Skipped: 0, Time elapsed: 1.23 sec
Running retrofit.NetworkBehaviorTest
Tests run: 5, Failures: 0, Errors: 0, Skipped: 0, Time elapsed: 0.081 sec

Results :

Tests run: 15, Failures: 0, Errors: 0, Skipped: 0

[INFO] 
[INFO] --- animal-sniffer-maven-plugin:1.14:check (default) @ retrofit-mock ---
[INFO] Checking unresolved references to org.codehaus.mojo.signature:java16:1.1
[INFO]                                                                         
[INFO] ------------------------------------------------------------------------
[INFO] Building Adapter: RxJava Mock 2.0.0-SNAPSHOT
[INFO] ------------------------------------------------------------------------
[INFO] 
[INFO] --- maven-enforcer-plugin:1.0:enforce (enforce-maven) @ adapter-rxjava-mock ---
[INFO] 
[INFO] --- maven-resources-plugin:2.6:resources (default-resources) @ adapter-rxjava-mock ---
[INFO] Using 'UTF-8' encoding to copy filtered resources.
[INFO] skip non existing resourceDirectory /home/travis/build/square/retrofit/retrofit-adapters/rxjava-mock/src/main/resources
[INFO] 
[INFO] --- maven-compiler-plugin:3.0:compile (default-compile) @ adapter-rxjava-mock ---
[INFO] Changes detected - recompiling the module!
[INFO] Compiling 2 source files to /home/travis/build/square/retrofit/retrofit-adapters/rxjava-mock/target/classes
[INFO] 
[INFO] --- maven-resources-plugin:2.6:testResources (default-testResources) @ adapter-rxjava-mock ---
[INFO] Using 'UTF-8' encoding to copy filtered resources.
[INFO] skip non existing resourceDirectory /home/travis/build/square/retrofit/retrofit-adapters/rxjava-mock/src/test/resources
[INFO] 
[INFO] --- maven-compiler-plugin:3.0:testCompile (default-testCompile) @ adapter-rxjava-mock ---
[INFO] Changes detected - recompiling the module!
[INFO] Compiling 1 source file to /home/travis/build/square/retrofit/retrofit-adapters/rxjava-mock/target/test-classes
[INFO] 
[INFO] --- maven-surefire-plugin:2.12.4:test (default-test) @ adapter-rxjava-mock ---
[INFO] Surefire report directory: /home/travis/build/square/retrofit/retrofit-adapters/rxjava-mock/target/surefire-reports

-------------------------------------------------------
 T E S T S
-------------------------------------------------------
Running retrofit.mock.RxJavaBehaviorAdapterTest
Tests run: 4, Failures: 0, Errors: 0, Skipped: 0, Time elapsed: 0.639 sec

Results :

Tests run: 4, Failures: 0, Errors: 0, Skipped: 0

[INFO] 
[INFO] --- animal-sniffer-maven-plugin:1.14:check (default) @ adapter-rxjava-mock ---
[INFO] Checking unresolved references to org.codehaus.mojo.signature:java16:1.1
[INFO]                                                                         
[INFO] ------------------------------------------------------------------------
[INFO] Building Converters 2.0.0-SNAPSHOT
[INFO] ------------------------------------------------------------------------
[INFO] 
[INFO] --- maven-enforcer-plugin:1.0:enforce (enforce-maven) @ retrofit-converters ---
[INFO] 
[INFO] --- animal-sniffer-maven-plugin:1.14:check (default) @ retrofit-converters ---
[INFO] Checking unresolved references to org.codehaus.mojo.signature:java16:1.1
[INFO]                                                                         
[INFO] ------------------------------------------------------------------------
[INFO] Building Converter: Gson 2.0.0-SNAPSHOT
[INFO] ------------------------------------------------------------------------
[INFO] 
[INFO] --- maven-enforcer-plugin:1.0:enforce (enforce-maven) @ converter-gson ---
[INFO] 
[INFO] --- maven-resources-plugin:2.6:resources (default-resources) @ converter-gson ---
[INFO] Using 'UTF-8' encoding to copy filtered resources.
[INFO] skip non existing resourceDirectory /home/travis/build/square/retrofit/retrofit-converters/gson/src/main/resources
[INFO] 
[INFO] --- maven-compiler-plugin:3.0:compile (default-compile) @ converter-gson ---
[INFO] Changes detected - recompiling the module!
[INFO] Compiling 3 source files to /home/travis/build/square/retrofit/retrofit-converters/gson/target/classes
[INFO] 
[INFO] --- maven-resources-plugin:2.6:testResources (default-testResources) @ converter-gson ---
[INFO] Using 'UTF-8' encoding to copy filtered resources.
[INFO] skip non existing resourceDirectory /home/travis/build/square/retrofit/retrofit-converters/gson/src/test/resources
[INFO] 
[INFO] --- maven-compiler-plugin:3.0:testCompile (default-testCompile) @ converter-gson ---
[INFO] Changes detected - recompiling the module!
[INFO] Compiling 1 source file to /home/travis/build/square/retrofit/retrofit-converters/gson/target/test-classes
[INFO] 
[INFO] --- maven-surefire-plugin:2.12.4:test (default-test) @ converter-gson ---
[INFO] Surefire report directory: /home/travis/build/square/retrofit/retrofit-converters/gson/target/surefire-reports

-------------------------------------------------------
 T E S T S
-------------------------------------------------------
Running retrofit.GsonConverterFactoryTest
Sep 26, 2015 6:18:33 AM com.squareup.okhttp.mockwebserver.MockWebServer$3 execute
INFO: MockWebServer[39143] starting to accept connections
Sep 26, 2015 6:18:33 AM com.squareup.okhttp.mockwebserver.MockWebServer$4 processOneRequest
INFO: MockWebServer[39143] received request: POST / HTTP/1.1 and responded: HTTP/1.1 200 OK
Sep 26, 2015 6:18:33 AM com.squareup.okhttp.mockwebserver.MockWebServer$3 acceptConnections
INFO: MockWebServer[39143] done accepting connections: Socket closed
Sep 26, 2015 6:18:33 AM com.squareup.okhttp.mockwebserver.MockWebServer$3 execute
INFO: MockWebServer[42717] starting to accept connections
Sep 26, 2015 6:18:33 AM com.squareup.okhttp.mockwebserver.MockWebServer$4 processOneRequest
INFO: MockWebServer[42717] received request: POST / HTTP/1.1 and responded: HTTP/1.1 200 OK
Sep 26, 2015 6:18:33 AM com.squareup.okhttp.mockwebserver.MockWebServer$3 acceptConnections
INFO: MockWebServer[42717] done accepting connections: Socket closed
Tests run: 2, Failures: 0, Errors: 0, Skipped: 0, Time elapsed: 0.618 sec

Results :

Tests run: 2, Failures: 0, Errors: 0, Skipped: 0

[INFO] 
[INFO] --- animal-sniffer-maven-plugin:1.14:check (default) @ converter-gson ---
[INFO] Checking unresolved references to org.codehaus.mojo.signature:java16:1.1
[INFO]                                                                         
[INFO] ------------------------------------------------------------------------
[INFO] Building Converter: Protocol Buffers 2.0.0-SNAPSHOT
[INFO] ------------------------------------------------------------------------
[INFO] 
[INFO] --- maven-enforcer-plugin:1.0:enforce (enforce-maven) @ converter-protobuf ---
[INFO] 
[INFO] --- maven-resources-plugin:2.6:resources (default-resources) @ converter-protobuf ---
[INFO] Using 'UTF-8' encoding to copy filtered resources.
[INFO] skip non existing resourceDirectory /home/travis/build/square/retrofit/retrofit-converters/protobuf/src/main/resources
[INFO] 
[INFO] --- maven-compiler-plugin:3.0:compile (default-compile) @ converter-protobuf ---
[INFO] Changes detected - recompiling the module!
[INFO] Compiling 3 source files to /home/travis/build/square/retrofit/retrofit-converters/protobuf/target/classes
[WARNING] /home/travis/build/square/retrofit/retrofit-converters/protobuf/src/main/java/retrofit/ProtoConverterFactory.java: /home/travis/build/square/retrofit/retrofit-converters/protobuf/src/main/java/retrofit/ProtoConverterFactory.java uses unchecked or unsafe operations.
[WARNING] /home/travis/build/square/retrofit/retrofit-converters/protobuf/src/main/java/retrofit/ProtoConverterFactory.java: Recompile with -Xlint:unchecked for details.
[INFO] 
[INFO] --- maven-resources-plugin:2.6:testResources (default-testResources) @ converter-protobuf ---
[INFO] Using 'UTF-8' encoding to copy filtered resources.
[INFO] skip non existing resourceDirectory /home/travis/build/square/retrofit/retrofit-converters/protobuf/src/test/resources
[INFO] 
[INFO] --- maven-compiler-plugin:3.0:testCompile (default-testCompile) @ converter-protobuf ---
[INFO] Changes detected - recompiling the module!
[INFO] Compiling 2 source files to /home/travis/build/square/retrofit/retrofit-converters/protobuf/target/test-classes
[INFO] 
[INFO] --- maven-surefire-plugin:2.12.4:test (default-test) @ converter-protobuf ---
[INFO] Surefire report directory: /home/travis/build/square/retrofit/retrofit-converters/protobuf/target/surefire-reports

-------------------------------------------------------
 T E S T S
-------------------------------------------------------
Running retrofit.ProtoConverterFactoryTest
Sep 26, 2015 6:18:34 AM com.squareup.okhttp.mockwebserver.MockWebServer$3 execute
INFO: MockWebServer[48684] starting to accept connections
Sep 26, 2015 6:18:35 AM com.squareup.okhttp.mockwebserver.MockWebServer$4 processOneRequest
INFO: MockWebServer[48684] received request: POST / HTTP/1.1 and responded: HTTP/1.1 200 OK
Sep 26, 2015 6:18:35 AM com.squareup.okhttp.mockwebserver.MockWebServer$3 acceptConnections
INFO: MockWebServer[48684] done accepting connections: Socket closed
Sep 26, 2015 6:18:35 AM com.squareup.okhttp.mockwebserver.MockWebServer$3 execute
INFO: MockWebServer[55179] starting to accept connections
Sep 26, 2015 6:18:35 AM com.squareup.okhttp.mockwebserver.MockWebServer$3 acceptConnections
INFO: MockWebServer[55179] done accepting connections: Socket is closed
Sep 26, 2015 6:18:35 AM com.squareup.okhttp.mockwebserver.MockWebServer$3 execute
INFO: MockWebServer[40212] starting to accept connections
Sep 26, 2015 6:18:35 AM com.squareup.okhttp.mockwebserver.MockWebServer$3 acceptConnections
INFO: MockWebServer[40212] done accepting connections: Socket closed
Sep 26, 2015 6:18:35 AM com.squareup.okhttp.mockwebserver.MockWebServer$4 processOneRequest
INFO: MockWebServer[40212] received request: GET / HTTP/1.1 and responded: HTTP/1.1 200 OK
Sep 26, 2015 6:18:35 AM com.squareup.okhttp.mockwebserver.MockWebServer$3 execute
INFO: MockWebServer[35837] starting to accept connections
Sep 26, 2015 6:18:35 AM com.squareup.okhttp.mockwebserver.MockWebServer$3 acceptConnections
INFO: MockWebServer[35837] done accepting connections: Socket is closed
Sep 26, 2015 6:18:35 AM com.squareup.okhttp.mockwebserver.MockWebServer$3 execute
INFO: MockWebServer[50764] starting to accept connections
Sep 26, 2015 6:18:35 AM com.squareup.okhttp.mockwebserver.MockWebServer$3 acceptConnections
INFO: MockWebServer[50764] done accepting connections: Socket closed
Sep 26, 2015 6:18:35 AM com.squareup.okhttp.mockwebserver.MockWebServer$4 processOneRequest
INFO: MockWebServer[50764] received request: GET / HTTP/1.1 and responded: HTTP/1.1 200 OK
Tests run: 5, Failures: 2, Errors: 0, Skipped: 0, Time elapsed: 0.636 sec <<< FAILURE!
deserializeWrongClass(retrofit.ProtoConverterFactoryTest)  Time elapsed: 0.018 sec  <<< FAILURE!
java.lang.AssertionError: 
Expecting message:
 <"Could not locate ResponseBody converter for class java.lang.String. Tried:
 * retrofit.BuiltInConverterFactory
 * retrofit.ProtoConverterFactory">
but was:
 <"Could not locate ResponseBody converter for class java.lang.String. Tried:
 * retrofit.BuiltInConverters
 * retrofit.ProtoConverterFactory">
	at retrofit.ProtoConverterFactoryTest.deserializeWrongClass(ProtoConverterFactoryTest.java:90)
	at sun.reflect.NativeMethodAccessorImpl.invoke0(Native Method)
	at sun.reflect.NativeMethodAccessorImpl.invoke(NativeMethodAccessorImpl.java:62)
	at sun.reflect.DelegatingMethodAccessorImpl.invoke(DelegatingMethodAccessorImpl.java:43)
	at java.lang.reflect.Method.invoke(Method.java:483)
	at org.junit.runners.model.FrameworkMethod$1.runReflectiveCall(FrameworkMethod.java:50)
	at org.junit.internal.runners.model.ReflectiveCallable.run(ReflectiveCallable.java:12)
	at org.junit.runners.model.FrameworkMethod.invokeExplosively(FrameworkMethod.java:47)
	at org.junit.internal.runners.statements.InvokeMethod.evaluate(InvokeMethod.java:17)
	at org.junit.internal.runners.statements.RunBefores.evaluate(RunBefores.java:26)
	at com.squareup.okhttp.mockwebserver.MockWebServer$2.evaluate(MockWebServer.java:148)
	at org.junit.rules.RunRules.evaluate(RunRules.java:20)
	at org.junit.runners.ParentRunner.runLeaf(ParentRunner.java:325)
	at org.junit.runners.BlockJUnit4ClassRunner.runChild(BlockJUnit4ClassRunner.java:78)
	at org.junit.runners.BlockJUnit4ClassRunner.runChild(BlockJUnit4ClassRunner.java:57)
	at org.junit.runners.ParentRunner$3.run(ParentRunner.java:290)
	at org.junit.runners.ParentRunner$1.schedule(ParentRunner.java:71)
	at org.junit.runners.ParentRunner.runChildren(ParentRunner.java:288)
	at org.junit.runners.ParentRunner.access$000(ParentRunner.java:58)
	at org.junit.runners.ParentRunner$2.evaluate(ParentRunner.java:268)
	at org.junit.runners.ParentRunner.run(ParentRunner.java:363)
	at org.apache.maven.surefire.junit4.JUnit4Provider.execute(JUnit4Provider.java:252)
	at org.apache.maven.surefire.junit4.JUnit4Provider.executeTestSet(JUnit4Provider.java:141)
	at org.apache.maven.surefire.junit4.JUnit4Provider.invoke(JUnit4Provider.java:112)
	at sun.reflect.NativeMethodAccessorImpl.invoke0(Native Method)
	at sun.reflect.NativeMethodAccessorImpl.invoke(NativeMethodAccessorImpl.java:62)
	at sun.reflect.DelegatingMethodAccessorImpl.invoke(DelegatingMethodAccessorImpl.java:43)
	at java.lang.reflect.Method.invoke(Method.java:483)
	at org.apache.maven.surefire.util.ReflectionUtils.invokeMethodWithArray(ReflectionUtils.java:189)
	at org.apache.maven.surefire.booter.ProviderFactory$ProviderProxy.invoke(ProviderFactory.java:165)
	at org.apache.maven.surefire.booter.ProviderFactory.invokeProvider(ProviderFactory.java:85)
	at org.apache.maven.surefire.booter.ForkedBooter.runSuitesInProcess(ForkedBooter.java:115)
	at org.apache.maven.surefire.booter.ForkedBooter.main(ForkedBooter.java:75)

deserializeWrongType(retrofit.ProtoConverterFactoryTest)  Time elapsed: 0.004 sec  <<< FAILURE!
java.lang.AssertionError: 
Expecting message:
 <"Could not locate ResponseBody converter for java.util.List<java.lang.String>. Tried:
 * retrofit.BuiltInConverterFactory
 * retrofit.ProtoConverterFactory">
but was:
 <"Could not locate ResponseBody converter for java.util.List<java.lang.String>. Tried:
 * retrofit.BuiltInConverters
 * retrofit.ProtoConverterFactory">
	at retrofit.ProtoConverterFactoryTest.deserializeWrongType(ProtoConverterFactoryTest.java:107)
	at sun.reflect.NativeMethodAccessorImpl.invoke0(Native Method)
	at sun.reflect.NativeMethodAccessorImpl.invoke(NativeMethodAccessorImpl.java:62)
	at sun.reflect.DelegatingMethodAccessorImpl.invoke(DelegatingMethodAccessorImpl.java:43)
	at java.lang.reflect.Method.invoke(Method.java:483)
	at org.junit.runners.model.FrameworkMethod$1.runReflectiveCall(FrameworkMethod.java:50)
	at org.junit.internal.runners.model.ReflectiveCallable.run(ReflectiveCallable.java:12)
	at org.junit.runners.model.FrameworkMethod.invokeExplosively(FrameworkMethod.java:47)
	at org.junit.internal.runners.statements.InvokeMethod.evaluate(InvokeMethod.java:17)
	at org.junit.internal.runners.statements.RunBefores.evaluate(RunBefores.java:26)
	at com.squareup.okhttp.mockwebserver.MockWebServer$2.evaluate(MockWebServer.java:148)
	at org.junit.rules.RunRules.evaluate(RunRules.java:20)
	at org.junit.runners.ParentRunner.runLeaf(ParentRunner.java:325)
	at org.junit.runners.BlockJUnit4ClassRunner.runChild(BlockJUnit4ClassRunner.java:78)
	at org.junit.runners.BlockJUnit4ClassRunner.runChild(BlockJUnit4ClassRunner.java:57)
	at org.junit.runners.ParentRunner$3.run(ParentRunner.java:290)
	at org.junit.runners.ParentRunner$1.schedule(ParentRunner.java:71)
	at org.junit.runners.ParentRunner.runChildren(ParentRunner.java:288)
	at org.junit.runners.ParentRunner.access$000(ParentRunner.java:58)
	at org.junit.runners.ParentRunner$2.evaluate(ParentRunner.java:268)
	at org.junit.runners.ParentRunner.run(ParentRunner.java:363)
	at org.apache.maven.surefire.junit4.JUnit4Provider.execute(JUnit4Provider.java:252)
	at org.apache.maven.surefire.junit4.JUnit4Provider.executeTestSet(JUnit4Provider.java:141)
	at org.apache.maven.surefire.junit4.JUnit4Provider.invoke(JUnit4Provider.java:112)
	at sun.reflect.NativeMethodAccessorImpl.invoke0(Native Method)
	at sun.reflect.NativeMethodAccessorImpl.invoke(NativeMethodAccessorImpl.java:62)
	at sun.reflect.DelegatingMethodAccessorImpl.invoke(DelegatingMethodAccessorImpl.java:43)
	at java.lang.reflect.Method.invoke(Method.java:483)
	at org.apache.maven.surefire.util.ReflectionUtils.invokeMethodWithArray(ReflectionUtils.java:189)
	at org.apache.maven.surefire.booter.ProviderFactory$ProviderProxy.invoke(ProviderFactory.java:165)
	at org.apache.maven.surefire.booter.ProviderFactory.invokeProvider(ProviderFactory.java:85)
	at org.apache.maven.surefire.booter.ForkedBooter.runSuitesInProcess(ForkedBooter.java:115)
	at org.apache.maven.surefire.booter.ForkedBooter.main(ForkedBooter.java:75)


Results :

Failed tests:   deserializeWrongClass(retrofit.ProtoConverterFactoryTest): (..)
  deserializeWrongType(retrofit.ProtoConverterFactoryTest): (..)

Tests run: 5, Failures: 2, Errors: 0, Skipped: 0

[INFO] ------------------------------------------------------------------------
[INFO] Reactor Summary:
[INFO] 
[INFO] Retrofit (Parent) .................................. SUCCESS [  2.443 s]
[INFO] Retrofit ........................................... SUCCESS [ 11.774 s]
[INFO] Adapters ........................................... SUCCESS [  0.324 s]
[INFO] Adapter: RxJava .................................... SUCCESS [  2.237 s]
[INFO] Retrofit Mock Adapter .............................. SUCCESS [  3.063 s]
[INFO] Adapter: RxJava Mock ............................... SUCCESS [  1.783 s]
[INFO] Converters ......................................... SUCCESS [  0.149 s]
[INFO] Converter: Gson .................................... SUCCESS [  1.557 s]
[INFO] Converter: Protocol Buffers ........................ FAILURE [  1.517 s]
[INFO] Converter: Jackson ................................. SKIPPED
[INFO] Converter: Wire Protocol Buffers ................... SKIPPED
[INFO] Converter: SimpleXML ............................... SKIPPED
[INFO] Converter: Moshi ................................... SKIPPED
[INFO] Samples ............................................ SKIPPED
[INFO] ------------------------------------------------------------------------
[INFO] BUILD FAILURE
[INFO] ------------------------------------------------------------------------
[INFO] Total time: 25.268 s
[INFO] Finished at: 2015-09-26T06:18:35+00:00
[INFO] Final Memory: 26M/317M
[INFO] ------------------------------------------------------------------------
[ERROR] Failed to execute goal org.apache.maven.plugins:maven-surefire-plugin:2.12.4:test (default-test) on project converter-protobuf: There are test failures.
[ERROR] 
[ERROR] Please refer to /home/travis/build/square/retrofit/retrofit-converters/protobuf/target/surefire-reports for the individual test results.
[ERROR] -> [Help 1]
[ERROR] 
[ERROR] To see the full stack trace of the errors, re-run Maven with the -e switch.
[ERROR] Re-run Maven using the -X switch to enable full debug logging.
[ERROR] 
[ERROR] For more information about the errors and possible solutions, please read the following articles:
[ERROR] [Help 1] http://cwiki.apache.org/confluence/display/MAVEN/MojoFailureException
[ERROR] 
[ERROR] After correcting the problems, you can resume the build with the command
[ERROR]   mvn <goals> -rf :converter-protobuf
travis_time:end:294b45ac:start=1443248288375780926,finish=1443248316076155675,duration=27700374749[0K
[31;1mThe command "mvn test -B" exited with 1.[0m
travis_fold:start:cache.2[0Kstore build cache
travis_time:start:019b12f0[0Kchange detected:
/home/travis/.m2/repository/com/squareup/retrofit/adapter-rxjava/2.0.0-SNAPSHOT/adapter-rxjava-2.0.0-SNAPSHOT.jar
/home/travis/.m2/repository/com/squareup/retrofit/adapter-rxjava/2.0.0-SNAPSHOT/adapter-rxjava-2.0.0-SNAPSHOT.jar
/home/travis/.m2/repository/com/squareup/retrofit/adapter-rxjava/2.0.0-SNAPSHOT/maven-metadata-local.xml
/home/travis/.m2/repository/com/squareup/retrofit/adapter-rxjava/2.0.0-SNAPSHOT/maven-metadata-local.xml
/home/travis/.m2/repository/com/squareup/retrofit/adapter-rxjava/2.0.0-SNAPSHOT/_remote.repositories
/home/travis/.m2/repository/com/squareup/retrofit/adapter-rxjava/2.0.0-SNAPSHOT/_remote.repositories
/home/travis/.m2/repository/com/squareup/retrofit/adapter-rxjava/maven-metadata-local.xml
/home/travis/.m2/repository/com/squareup/retrofit/adapter-rxjava/maven-metadata-local.xml
/home/travis/.m2/repository/com/squareup/retrofit/adapter-rxjava-mock/2.0.0-SNAPSHOT/adapter-rxjava-mock-2.0.0-SNAPSHOT.jar
/home/travis/.m2/repository/com/squareup/retrofit/adapter
...
changes detected, packing new archive
uploading archive
travis_time:end:019b12f0:start=1443248316080276274,finish=1443248320590486906,duration=4510210632[0Ktravis_fold:end:cache.2[0K
Done. Your build exited with 1.
