Using worker: worker-linux-docker-925dc67b.prod.travis-ci.org:travis-linux-3

travis_fold:start:system_info[0K[33;1mBuild system information[0m
Build language: java
[34m[1mBuild image provisioning date and time[0m
Thu Feb  5 15:09:33 UTC 2015
[34m[1mOperating System Details[0m
Distributor ID:	Ubuntu
Description:	Ubuntu 12.04.5 LTS
Release:	12.04
Codename:	precise
[34m[1mLinux Version[0m
3.13.0-29-generic
[34m[1mCookbooks Version[0m
a68419e https://github.com/travis-ci/travis-cookbooks/tree/a68419e
[34m[1mGCC version[0m
gcc (Ubuntu/Linaro 4.6.3-1ubuntu5) 4.6.3
Copyright (C) 2011 Free Software Foundation, Inc.
This is free software; see the source for copying conditions.  There is NO
warranty; not even for MERCHANTABILITY or FITNESS FOR A PARTICULAR PURPOSE.

[34m[1mLLVM version[0m
clang version 3.4 (tags/RELEASE_34/final)
Target: x86_64-unknown-linux-gnu
Thread model: posix
[34m[1mPre-installed Ruby versions[0m
ruby-1.9.3-p551
[34m[1mPre-installed Node.js versions[0m
v0.10.36
[34m[1mPre-installed Go versions[0m
1.4.1
[34m[1mRedis version[0m
redis-server 2.8.19
[34m[1mriak version[0m
2.0.2
[34m[1mMongoDB version[0m
MongoDB 2.4.12
[34m[1mCouchDB version[0m
couchdb 1.6.1
[34m[1mNeo4j version[0m
1.9.4
[34m[1mRabbitMQ Version[0m
3.4.3
[34m[1mElasticSearch version[0m
1.4.0
[34m[1mInstalled Sphinx versions[0m
2.0.10
2.1.9
2.2.6
[34m[1mDefault Sphinx version[0m
2.2.6
[34m[1mInstalled Firefox version[0m
firefox 31.0esr
[34m[1mPhantomJS version[0m
1.9.8
[34m[1mant -version[0m
Apache Ant(TM) version 1.8.2 compiled on December 3 2011
[34m[1mmvn -version[0m
Apache Maven 3.2.5 (12a6b3acb947671f09b81f49094c53f426d8cea1; 2014-12-14T17:29:23+00:00)
Maven home: /usr/local/maven
Java version: 1.7.0_76, vendor: Oracle Corporation
Java home: /usr/lib/jvm/java-7-oracle/jre
Default locale: en_US, platform encoding: ANSI_X3.4-1968
OS name: "linux", version: "3.13.0-29-generic", arch: "amd64", family: "unix"
travis_fold:end:system_info[0K
travis_fold:start:git.checkout[0Ktravis_time:start:11154067[0K$ git clone --depth=50 --branch=master git://github.com/checkstyle/checkstyle.git checkstyle/checkstyle
Cloning into 'checkstyle/checkstyle'...
remote: Counting objects: 2723, done.[K
remote: Compressing objects:   0% (1/1683)   [Kremote: Compressing objects:   1% (17/1683)   [Kremote: Compressing objects:   2% (34/1683)   [Kremote: Compressing objects:   3% (51/1683)   [Kremote: Compressing objects:   4% (68/1683)   [Kremote: Compressing objects:   5% (85/1683)   [Kremote: Compressing objects:   6% (101/1683)   [Kremote: Compressing objects:   7% (118/1683)   [Kremote: Compressing objects:   8% (135/1683)   [Kremote: Compressing objects:   9% (152/1683)   [Kremote: Compressing objects:  10% (169/1683)   [Kremote: Compressing objects:  11% (186/1683)   [Kremote: Compressing objects:  12% (202/1683)   [Kremote: Compressing objects:  13% (219/1683)   [Kremote: Compressing objects:  14% (236/1683)   [Kremote: Compressing objects:  15% (253/1683)   [Kremote: Compressing objects:  16% (270/1683)   [Kremote: Compressing objects:  17% (287/1683)   [Kremote: Compressing objects:  18% (303/1683)   [Kremote: Compressing objects:  19% (320/1683)   [Kremote: Compressing objects:  20% (337/1683)   [Kremote: Compressing objects:  21% (354/1683)   [Kremote: Compressing objects:  22% (371/1683)   [Kremote: Compressing objects:  23% (388/1683)   [Kremote: Compressing objects:  24% (404/1683)   [Kremote: Compressing objects:  25% (421/1683)   [Kremote: Compressing objects:  26% (438/1683)   [Kremote: Compressing objects:  27% (455/1683)   [Kremote: Compressing objects:  28% (472/1683)   [Kremote: Compressing objects:  29% (489/1683)   [Kremote: Compressing objects:  30% (505/1683)   [Kremote: Compressing objects:  31% (522/1683)   [Kremote: Compressing objects:  32% (539/1683)   [Kremote: Compressing objects:  33% (556/1683)   [Kremote: Compressing objects:  34% (573/1683)   [Kremote: Compressing objects:  35% (590/1683)   [Kremote: Compressing objects:  36% (606/1683)   [Kremote: Compressing objects:  37% (623/1683)   [Kremote: Compressing objects:  38% (640/1683)   [Kremote: Compressing objects:  39% (657/1683)   [Kremote: Compressing objects:  40% (674/1683)   [Kremote: Compressing objects:  41% (691/1683)   [Kremote: Compressing objects:  42% (707/1683)   [Kremote: Compressing objects:  43% (724/1683)   [Kremote: Compressing objects:  44% (741/1683)   [Kremote: Compressing objects:  45% (758/1683)   [Kremote: Compressing objects:  46% (775/1683)   [Kremote: Compressing objects:  47% (792/1683)   [Kremote: Compressing objects:  48% (808/1683)   [Kremote: Compressing objects:  49% (825/1683)   [Kremote: Compressing objects:  50% (842/1683)   [Kremote: Compressing objects:  51% (859/1683)   [Kremote: Compressing objects:  52% (876/1683)   [Kremote: Compressing objects:  53% (892/1683)   [Kremote: Compressing objects:  54% (909/1683)   [Kremote: Compressing objects:  55% (926/1683)   [Kremote: Compressing objects:  56% (943/1683)   [Kremote: Compressing objects:  57% (960/1683)   [Kremote: Compressing objects:  58% (977/1683)   [Kremote: Compressing objects:  59% (993/1683)   [Kremote: Compressing objects:  60% (1010/1683)   [Kremote: Compressing objects:  61% (1027/1683)   [Kremote: Compressing objects:  62% (1044/1683)   [Kremote: Compressing objects:  63% (1061/1683)   [Kremote: Compressing objects:  64% (1078/1683)   [Kremote: Compressing objects:  65% (1094/1683)   [Kremote: Compressing objects:  66% (1111/1683)   [Kremote: Compressing objects:  67% (1128/1683)   [Kremote: Compressing objects:  68% (1145/1683)   [Kremote: Compressing objects:  69% (1162/1683)   [Kremote: Compressing objects:  70% (1179/1683)   [Kremote: Compressing objects:  71% (1195/1683)   [Kremote: Compressing objects:  72% (1212/1683)   [Kremote: Compressing objects:  73% (1229/1683)   [Kremote: Compressing objects:  74% (1246/1683)   [Kremote: Compressing objects:  75% (1263/1683)   [Kremote: Compressing objects:  76% (1280/1683)   [Kremote: Compressing objects:  77% (1296/1683)   [Kremote: Compressing objects:  78% (1313/1683)   [Kremote: Compressing objects:  79% (1330/1683)   [Kremote: Compressing objects:  80% (1347/1683)   [Kremote: Compressing objects:  81% (1364/1683)   [Kremote: Compressing objects:  82% (1381/1683)   [Kremote: Compressing objects:  83% (1397/1683)   [Kremote: Compressing objects:  84% (1414/1683)   [Kremote: Compressing objects:  85% (1431/1683)   [Kremote: Compressing objects:  86% (1448/1683)   [Kremote: Compressing objects:  87% (1465/1683)   [Kremote: Compressing objects:  88% (1482/1683)   [Kremote: Compressing objects:  89% (1498/1683)   [Kremote: Compressing objects:  90% (1515/1683)   [Kremote: Compressing objects:  91% (1532/1683)   [Kremote: Compressing objects:  92% (1549/1683)   [Kremote: Compressing objects:  93% (1566/1683)   [Kremote: Compressing objects:  94% (1583/1683)   [Kremote: Compressing objects:  95% (1599/1683)   [Kremote: Compressing objects:  96% (1616/1683)   [Kremote: Compressing objects:  97% (1633/1683)   [Kremote: Compressing objects:  98% (1650/1683)   [Kremote: Compressing objects:  99% (1667/1683)   [Kremote: Compressing objects: 100% (1683/1683)   [Kremote: Compressing objects: 100% (1683/1683), done.[K
Receiving objects:   0% (1/2723)   Receiving objects:   1% (28/2723)   Receiving objects:   2% (55/2723)   Receiving objects:   3% (82/2723)   Receiving objects:   4% (109/2723)   Receiving objects:   5% (137/2723)   Receiving objects:   6% (164/2723)   Receiving objects:   7% (191/2723)   Receiving objects:   8% (218/2723)   Receiving objects:   9% (246/2723)   Receiving objects:  10% (273/2723)   Receiving objects:  11% (300/2723)   Receiving objects:  12% (327/2723)   Receiving objects:  13% (354/2723)   Receiving objects:  14% (382/2723)   Receiving objects:  15% (409/2723)   Receiving objects:  16% (436/2723)   Receiving objects:  17% (463/2723)   Receiving objects:  18% (491/2723)   Receiving objects:  19% (518/2723)   Receiving objects:  20% (545/2723)   Receiving objects:  21% (572/2723)   Receiving objects:  22% (600/2723)   Receiving objects:  23% (627/2723)   Receiving objects:  24% (654/2723)   Receiving objects:  25% (681/2723)   Receiving objects:  26% (708/2723)   Receiving objects:  27% (736/2723)   Receiving objects:  28% (763/2723)   Receiving objects:  29% (790/2723)   Receiving objects:  30% (817/2723)   Receiving objects:  31% (845/2723)   Receiving objects:  32% (872/2723)   Receiving objects:  33% (899/2723)   Receiving objects:  34% (926/2723)   Receiving objects:  35% (954/2723)   Receiving objects:  36% (981/2723)   Receiving objects:  37% (1008/2723)   Receiving objects:  38% (1035/2723)   Receiving objects:  39% (1062/2723)   Receiving objects:  40% (1090/2723)   Receiving objects:  41% (1117/2723)   Receiving objects:  42% (1144/2723)   Receiving objects:  43% (1171/2723)   Receiving objects:  44% (1199/2723)   Receiving objects:  45% (1226/2723)   Receiving objects:  46% (1253/2723)   Receiving objects:  47% (1280/2723)   Receiving objects:  48% (1308/2723)   Receiving objects:  49% (1335/2723)   Receiving objects:  50% (1362/2723)   Receiving objects:  51% (1389/2723)   Receiving objects:  52% (1416/2723)   Receiving objects:  53% (1444/2723)   Receiving objects:  54% (1471/2723)   Receiving objects:  55% (1498/2723)   Receiving objects:  56% (1525/2723)   Receiving objects:  57% (1553/2723)   Receiving objects:  58% (1580/2723)   Receiving objects:  59% (1607/2723)   Receiving objects:  60% (1634/2723)   Receiving objects:  61% (1662/2723)   Receiving objects:  62% (1689/2723)   Receiving objects:  63% (1716/2723)   Receiving objects:  64% (1743/2723)   Receiving objects:  65% (1770/2723)   Receiving objects:  66% (1798/2723)   Receiving objects:  67% (1825/2723)   Receiving objects:  68% (1852/2723)   Receiving objects:  69% (1879/2723)   Receiving objects:  70% (1907/2723)   Receiving objects:  71% (1934/2723)   Receiving objects:  72% (1961/2723)   Receiving objects:  73% (1988/2723)   Receiving objects:  74% (2016/2723)   Receiving objects:  75% (2043/2723)   Receiving objects:  76% (2070/2723)   Receiving objects:  77% (2097/2723)   Receiving objects:  78% (2124/2723)   Receiving objects:  79% (2152/2723)   Receiving objects:  80% (2179/2723)   Receiving objects:  81% (2206/2723)   Receiving objects:  82% (2233/2723)   Receiving objects:  83% (2261/2723)   Receiving objects:  84% (2288/2723)   Receiving objects:  85% (2315/2723)   Receiving objects:  86% (2342/2723)   Receiving objects:  87% (2370/2723)   Receiving objects:  88% (2397/2723)   Receiving objects:  89% (2424/2723)   Receiving objects:  90% (2451/2723)   Receiving objects:  91% (2478/2723)   Receiving objects:  92% (2506/2723)   Receiving objects:  93% (2533/2723)   Receiving objects:  94% (2560/2723)   Receiving objects:  95% (2587/2723)   Receiving objects:  96% (2615/2723)   Receiving objects:  97% (2642/2723)   Receiving objects:  98% (2669/2723)   Receiving objects:  99% (2696/2723)   remote: Total 2723 (delta 1191), reused 1687 (delta 739), pack-reused 0[K
Receiving objects: 100% (2723/2723)   Receiving objects: 100% (2723/2723), 2.94 MiB | 0 bytes/s, done.
Resolving deltas:   0% (0/1191)   Resolving deltas:   4% (53/1191)   Resolving deltas:   5% (62/1191)   Resolving deltas:   6% (72/1191)   Resolving deltas:   7% (90/1191)   Resolving deltas:   8% (98/1191)   Resolving deltas:   9% (114/1191)   Resolving deltas:  10% (120/1191)   Resolving deltas:  11% (132/1191)   Resolving deltas:  12% (145/1191)   Resolving deltas:  13% (155/1191)   Resolving deltas:  14% (168/1191)   Resolving deltas:  15% (181/1191)   Resolving deltas:  17% (209/1191)   Resolving deltas:  18% (215/1191)   Resolving deltas:  20% (245/1191)   Resolving deltas:  21% (251/1191)   Resolving deltas:  22% (270/1191)   Resolving deltas:  23% (276/1191)   Resolving deltas:  24% (292/1191)   Resolving deltas:  25% (299/1191)   Resolving deltas:  26% (310/1191)   Resolving deltas:  28% (340/1191)   Resolving deltas:  29% (346/1191)   Resolving deltas:  31% (380/1191)   Resolving deltas:  32% (384/1191)   Resolving deltas:  33% (400/1191)   Resolving deltas:  34% (406/1191)   Resolving deltas:  35% (417/1191)   Resolving deltas:  36% (432/1191)   Resolving deltas:  37% (444/1191)   Resolving deltas:  38% (458/1191)   Resolving deltas:  39% (468/1191)   Resolving deltas:  40% (479/1191)   Resolving deltas:  41% (494/1191)   Resolving deltas:  42% (501/1191)   Resolving deltas:  43% (513/1191)   Resolving deltas:  44% (525/1191)   Resolving deltas:  45% (540/1191)   Resolving deltas:  46% (550/1191)   Resolving deltas:  47% (561/1191)   Resolving deltas:  48% (572/1191)   Resolving deltas:  49% (593/1191)   Resolving deltas:  50% (599/1191)   Resolving deltas:  51% (611/1191)   Resolving deltas:  52% (621/1191)   Resolving deltas:  53% (632/1191)   Resolving deltas:  55% (662/1191)   Resolving deltas:  56% (669/1191)   Resolving deltas:  57% (679/1191)   Resolving deltas:  58% (692/1191)   Resolving deltas:  59% (703/1191)   Resolving deltas:  60% (715/1191)   Resolving deltas:  61% (729/1191)   Resolving deltas:  62% (739/1191)   Resolving deltas:  64% (765/1191)   Resolving deltas:  65% (778/1191)   Resolving deltas:  66% (788/1191)   Resolving deltas:  67% (798/1191)   Resolving deltas:  68% (810/1191)   Resolving deltas:  69% (826/1191)   Resolving deltas:  70% (835/1191)   Resolving deltas:  71% (847/1191)   Resolving deltas:  75% (899/1191)   Resolving deltas:  76% (911/1191)   Resolving deltas:  78% (940/1191)   Resolving deltas:  81% (974/1191)   Resolving deltas:  82% (987/1191)   Resolving deltas:  83% (991/1191)   Resolving deltas:  84% (1001/1191)   Resolving deltas:  85% (1013/1191)   Resolving deltas:  86% (1030/1191)   Resolving deltas:  87% (1037/1191)   Resolving deltas:  88% (1055/1191)   Resolving deltas:  89% (1061/1191)   Resolving deltas:  90% (1072/1191)   Resolving deltas:  91% (1085/1191)   Resolving deltas:  92% (1102/1191)   Resolving deltas:  93% (1114/1191)   Resolving deltas:  94% (1123/1191)   Resolving deltas:  95% (1132/1191)   Resolving deltas:  96% (1145/1191)   Resolving deltas:  97% (1156/1191)   Resolving deltas:  98% (1168/1191)   Resolving deltas:  99% (1181/1191)   Resolving deltas: 100% (1191/1191)   Resolving deltas: 100% (1191/1191), done.
Checking connectivity... done.
travis_time:end:11154067:start=1439619560859267682,finish=1439619561591237746,duration=731970064[0K$ cd checkstyle/checkstyle
$ git checkout -qf 6370bd4a8ad7f2affeece4bcfcfa0dcd9b13a01d
travis_fold:end:git.checkout[0K
[33;1mThis job is running on container-based infrastructure, which does not allow use of 'sudo', setuid and setguid executables.[0m
[33;1mIf you require sudo, add 'sudo: required' to your .travis.yml[0m
[33;1mSee http://docs.travis-ci.com/user/workers/container-based-infrastructure/ for details.[0m

[33;1mSetting environment variables from .travis.yml[0m
$ export DESC="tests"
$ export CMD="mvn clean integration-test failsafe:verify"
$ export COVERAGE_CMD=""

travis_fold:start:cache.1[0KSetting up build cache
$ export CASHER_DIR=$HOME/.casher
travis_time:start:06ae2247[0K$ Installing caching utilities
travis_time:end:06ae2247:start=1439619563109603801,finish=1439619563139951611,duration=30347810[0Ktravis_time:start:0816f4c3[0Kattempting to download cache archive
fetching master/cache--jdk-oraclejdk8.tgz
found cache
travis_time:end:0816f4c3:start=1439619563144290179,finish=1439619565226609868,duration=2082319689[0Ktravis_time:start:1622c079[0Kadding /home/travis/.m2 to cache
travis_time:end:1622c079:start=1439619565230244226,finish=1439619567911706345,duration=2681462119[0Ktravis_fold:end:cache.1[0K$ jdk_switcher use oraclejdk8
Switching to Oracle JDK8 (java-8-oracle), JAVA_HOME will be set to /usr/lib/jvm/java-8-oracle
$ java -Xmx32m -version
java version "1.8.0_31"
Java(TM) SE Runtime Environment (build 1.8.0_31-b13)
Java HotSpot(TM) 64-Bit Server VM (build 25.31-b07, mixed mode)
$ javac -J-Xmx32m -version
javac 1.8.0_31
travis_fold:start:install[0Ktravis_time:start:162cd8e4[0K$ 
travis_time:end:162cd8e4:start=1439619568296339958,finish=1439619568299314508,duration=2974550[0Ktravis_fold:end:install[0Ktravis_time:start:0fac197b[0K$ eval $CMD
Java HotSpot(TM) 64-Bit Server VM warning: ignoring option MaxPermSize=192m; support was removed in 8.0
[INFO] Scanning for projects...
[INFO]                                                                         
[INFO] ------------------------------------------------------------------------
[INFO] Building checkstyle 6.10-SNAPSHOT
[INFO] ------------------------------------------------------------------------
Downloading: https://oss.sonatype.org/content/repositories/releases/junit/junit-dep/maven-metadata.xml
Downloading: https://repository.apache.org/snapshots/junit/junit-dep/maven-metadata.xml
Downloading: https://repository.apache.org/releases/junit/junit-dep/maven-metadata.xml
Downloading: https://nexus.codehaus.org/snapshots/junit/junit-dep/maven-metadata.xml
563/563 B               Downloaded: https://oss.sonatype.org/content/repositories/releases/junit/junit-dep/maven-metadata.xml (563 B at 1.3 KB/sec)
                        [WARNING] Could not transfer metadata junit:junit-dep/maven-metadata.xml from/to codehaus-snapshots (https://nexus.codehaus.org/snapshots/): nexus.codehaus.org: unknown error
Downloading: https://oss.sonatype.org/content/repositories/releases/commons-io/commons-io/maven-metadata.xml
Downloading: https://repository.apache.org/releases/commons-io/commons-io/maven-metadata.xml
Downloading: https://repository.apache.org/snapshots/commons-io/commons-io/maven-metadata.xml
Downloading: https://nexus.codehaus.org/snapshots/commons-io/commons-io/maven-metadata.xml
                                    312/312 B               Downloaded: https://repository.apache.org/snapshots/commons-io/commons-io/maven-metadata.xml (312 B at 0.0 KB/sec)
[WARNING] Could not transfer metadata commons-io:commons-io/maven-metadata.xml from/to codehaus-snapshots (https://nexus.codehaus.org/snapshots/): nexus.codehaus.org
Downloading: https://repository.apache.org/snapshots/commons-io/commons-io/2.5-SNAPSHOT/maven-metadata.xml
Downloading: https://nexus.codehaus.org/snapshots/commons-io/commons-io/2.5-SNAPSHOT/maven-metadata.xml
            3/3 KB               Downloaded: https://repository.apache.org/snapshots/commons-io/commons-io/2.5-SNAPSHOT/maven-metadata.xml (3 KB at 2.5 KB/sec)
[WARNING] Could not transfer metadata commons-io:commons-io:2.5-SNAPSHOT/maven-metadata.xml from/to codehaus-snapshots (https://nexus.codehaus.org/snapshots/): nexus.codehaus.org: unknown error
[WARNING] Failure to transfer commons-io:commons-io:2.5-SNAPSHOT/maven-metadata.xml from https://nexus.codehaus.org/snapshots/ was cached in the local repository, resolution will not be reattempted until the update interval of codehaus-snapshots has elapsed or updates are forced. Original error: Could not transfer metadata commons-io:commons-io:2.5-SNAPSHOT/maven-metadata.xml from/to codehaus-snapshots (https://nexus.codehaus.org/snapshots/): nexus.codehaus.org: unknown error
[INFO] 
[INFO] --- maven-clean-plugin:2.6.1:clean (default-clean) @ checkstyle ---
[INFO] 
[INFO] --- maven-enforcer-plugin:1.4:enforce (enforce-maven) @ checkstyle ---
[INFO] 
[INFO] --- maven-enforcer-plugin:1.4:enforce (enforce-versions) @ checkstyle ---
[INFO] 
[INFO] --- antlr-maven-plugin:2.2:generate (default) @ checkstyle ---
[INFO] performing grammar generation [java.g]
ANTLR Parser Generator   Version 2.7.7 (20060906)   1989-2005
/home/travis/build/checkstyle/checkstyle/src/main/resources/com/puppycrawl/tools/checkstyle/grammars/java.g:623:17: warning:nondeterminism between alts 1 and 2 of block upon
/home/travis/build/checkstyle/checkstyle/src/main/resources/com/puppycrawl/tools/checkstyle/grammars/java.g:623:17:     k==1:AT
/home/travis/build/checkstyle/checkstyle/src/main/resources/com/puppycrawl/tools/checkstyle/grammars/java.g:623:17:     k==2:IDENT
/home/travis/build/checkstyle/checkstyle/src/main/resources/com/puppycrawl/tools/checkstyle/grammars/java.g:770:17: warning:nondeterminism between alts 1 and 2 of block upon
/home/travis/build/checkstyle/checkstyle/src/main/resources/com/puppycrawl/tools/checkstyle/grammars/java.g:770:17:     k==1:AT
/home/travis/build/checkstyle/checkstyle/src/main/resources/com/puppycrawl/tools/checkstyle/grammars/java.g:770:17:     k==2:IDENT
/home/travis/build/checkstyle/checkstyle/src/main/resources/com/puppycrawl/tools/checkstyle/grammars/java.g:806:65: warning:nondeterminism between alts 1 and 2 of block upon
/home/travis/build/checkstyle/checkstyle/src/main/resources/com/puppycrawl/tools/checkstyle/grammars/java.g:806:65:     k==1:SEMI
/home/travis/build/checkstyle/checkstyle/src/main/resources/com/puppycrawl/tools/checkstyle/grammars/java.g:806:65:     k==2:"final","abstract","strictfp",SEMI,"void","boolean","byte","char","short","int","float","long","double",IDENT,"private","public","protected","static","transient","native","synchronized","volatile","class","interface",LCURLY,RCURLY,"default",LT,ENUM,AT
/home/travis/build/checkstyle/checkstyle/src/main/resources/com/puppycrawl/tools/checkstyle/grammars/java.g:695:17: warning:nondeterminism between alts 1 and 2 of block upon
/home/travis/build/checkstyle/checkstyle/src/main/resources/com/puppycrawl/tools/checkstyle/grammars/java.g:695:17:     k==1:AT
/home/travis/build/checkstyle/checkstyle/src/main/resources/com/puppycrawl/tools/checkstyle/grammars/java.g:695:17:     k==2:IDENT
/home/travis/build/checkstyle/checkstyle/src/main/resources/com/puppycrawl/tools/checkstyle/grammars/java.g:947: warning:Syntactic predicate superfluous for single alternative
/home/travis/build/checkstyle/checkstyle/src/main/resources/com/puppycrawl/tools/checkstyle/grammars/java.g:972:38: warning:nondeterminism between alts 1 and 2 of block upon
/home/travis/build/checkstyle/checkstyle/src/main/resources/com/puppycrawl/tools/checkstyle/grammars/java.g:972:38:     k==1:IDENT
/home/travis/build/checkstyle/checkstyle/src/main/resources/com/puppycrawl/tools/checkstyle/grammars/java.g:972:38:     k==2:LBRACK
/home/travis/build/checkstyle/checkstyle/src/main/resources/com/puppycrawl/tools/checkstyle/grammars/java.g:1027:54: warning:nondeterminism between alts 1 and 2 of block upon
/home/travis/build/checkstyle/checkstyle/src/main/resources/com/puppycrawl/tools/checkstyle/grammars/java.g:1027:54:     k==1:SEMI
/home/travis/build/checkstyle/checkstyle/src/main/resources/com/puppycrawl/tools/checkstyle/grammars/java.g:1027:54:     k==2:"final","abstract","strictfp",SEMI,"void","boolean","byte","char","short","int","float","long","double",IDENT,"private","public","protected","static","transient","native","synchronized","volatile","class",LCURLY,RCURLY,LPAREN,RPAREN,"this","super",COLON,"if","while","do","break","continue","return","switch","throw","for","else","case","default","try",PLUS,MINUS,INC,DEC,BNOT,LNOT,"true","false","null","new",NUM_INT,CHAR_LITERAL,STRING_LITERAL,NUM_FLOAT,NUM_LONG,NUM_DOUBLE,ASSERT,AT
/home/travis/build/checkstyle/checkstyle/src/main/resources/com/puppycrawl/tools/checkstyle/grammars/java.g:1127:17: warning:nondeterminism between alts 1 and 2 of block upon
/home/travis/build/checkstyle/checkstyle/src/main/resources/com/puppycrawl/tools/checkstyle/grammars/java.g:1127:17:     k==1:"default"
/home/travis/build/checkstyle/checkstyle/src/main/resources/com/puppycrawl/tools/checkstyle/grammars/java.g:1127:17:     k==2:"final","abstract","strictfp",SEMI,"void","boolean","byte","char","short","int","float","long","double",IDENT,"private","public","protected","static","transient","native","synchronized","volatile","class",LCURLY,RCURLY,LPAREN,RPAREN,"this","super",COLON,"if","while","do","break","continue","return","switch","throw","for","case","default","try",PLUS,MINUS,INC,DEC,BNOT,LNOT,"true","false","null","new",NUM_INT,CHAR_LITERAL,STRING_LITERAL,NUM_FLOAT,NUM_LONG,NUM_DOUBLE,ASSERT,AT
/home/travis/build/checkstyle/checkstyle/src/main/resources/com/puppycrawl/tools/checkstyle/grammars/java.g:1411:25: warning:nondeterminism between alts 1 and 4 of block upon
/home/travis/build/checkstyle/checkstyle/src/main/resources/com/puppycrawl/tools/checkstyle/grammars/java.g:1411:25:     k==1:IDENT,"this","super",LT
/home/travis/build/checkstyle/checkstyle/src/main/resources/com/puppycrawl/tools/checkstyle/grammars/java.g:1411:25:     k==2:"final","abstract","strictfp",SEMI,LBRACK,RBRACK,"void","boolean","byte","char","short","int","float","long","double",IDENT,DOT,STAR,"private","public","protected","static","transient","native","synchronized","volatile","class","interface",LCURLY,RCURLY,COMMA,LPAREN,RPAREN,"this","super",ASSIGN,COLON,"if","while","do","break","continue","return","switch","throw","for","else","case","default","try",PLUS_ASSIGN,MINUS_ASSIGN,STAR_ASSIGN,DIV_ASSIGN,MOD_ASSIGN,SR_ASSIGN,BSR_ASSIGN,SL_ASSIGN,BAND_ASSIGN,BXOR_ASSIGN,BOR_ASSIGN,QUESTION,LOR,LAND,BOR,BXOR,BAND,NOT_EQUAL,EQUAL,LT,GT,LE,GE,"instanceof",SL,SR,BSR,PLUS,MINUS,DIV,MOD,INC,DEC,BNOT,LNOT,"true","false","null","new",NUM_INT,CHAR_LITERAL,STRING_LITERAL,NUM_FLOAT,NUM_LONG,NUM_DOUBLE,ASSERT,ENUM,AT,DOUBLE_COLON
/home/travis/build/checkstyle/checkstyle/src/main/resources/com/puppycrawl/tools/checkstyle/grammars/java.g:1411:25: warning:nondeterminism between alts 2 and 4 of block upon
/home/travis/build/checkstyle/checkstyle/src/main/resources/com/puppycrawl/tools/checkstyle/grammars/java.g:1411:25:     k==1:"class"
/home/travis/build/checkstyle/checkstyle/src/main/resources/com/puppycrawl/tools/checkstyle/grammars/java.g:1411:25:     k==2:"final","abstract","strictfp",SEMI,LBRACK,RBRACK,"void","boolean","byte","char","short","int","float","long","double",IDENT,DOT,STAR,"private","public","protected","static","transient","native","synchronized","volatile","class","interface",LCURLY,RCURLY,COMMA,LPAREN,RPAREN,"this","super",ASSIGN,COLON,"if","while","do","break","continue","return","switch","throw","for","else","case","default","try",PLUS_ASSIGN,MINUS_ASSIGN,STAR_ASSIGN,DIV_ASSIGN,MOD_ASSIGN,SR_ASSIGN,BSR_ASSIGN,SL_ASSIGN,BAND_ASSIGN,BXOR_ASSIGN,BOR_ASSIGN,QUESTION,LOR,LAND,BOR,BXOR,BAND,NOT_EQUAL,EQUAL,LT,GT,LE,GE,"instanceof",SL,SR,BSR,PLUS,MINUS,DIV,MOD,INC,DEC,BNOT,LNOT,"true","false","null","new",NUM_INT,CHAR_LITERAL,STRING_LITERAL,NUM_FLOAT,NUM_LONG,NUM_DOUBLE,ASSERT,ENUM,AT,DOUBLE_COLON
/home/travis/build/checkstyle/checkstyle/src/main/resources/com/puppycrawl/tools/checkstyle/grammars/java.g:1411:25: warning:nondeterminism between alts 3 and 4 of block upon
/home/travis/build/checkstyle/checkstyle/src/main/resources/com/puppycrawl/tools/checkstyle/grammars/java.g:1411:25:     k==1:"new"
/home/travis/build/checkstyle/checkstyle/src/main/resources/com/puppycrawl/tools/checkstyle/grammars/java.g:1411:25:     k==2:"void","boolean","byte","char","short","int","float","long","double",IDENT,LT,AT
/home/travis/build/checkstyle/checkstyle/src/main/resources/com/puppycrawl/tools/checkstyle/grammars/java.g:1456:17: warning:nondeterminism between alts 1 and 3 of block upon
/home/travis/build/checkstyle/checkstyle/src/main/resources/com/puppycrawl/tools/checkstyle/grammars/java.g:1456:17:     k==1:INC
/home/travis/build/checkstyle/checkstyle/src/main/resources/com/puppycrawl/tools/checkstyle/grammars/java.g:1456:17:     k==2:"final","abstract","strictfp",SEMI,RBRACK,"void","boolean","byte","char","short","int","float","long","double",IDENT,STAR,"private","public","protected","static","transient","native","synchronized","volatile","class","interface",LCURLY,RCURLY,COMMA,LPAREN,RPAREN,"this","super",ASSIGN,COLON,"if","while","do","break","continue","return","switch","throw","for","else","case","default","try",PLUS_ASSIGN,MINUS_ASSIGN,STAR_ASSIGN,DIV_ASSIGN,MOD_ASSIGN,SR_ASSIGN,BSR_ASSIGN,SL_ASSIGN,BAND_ASSIGN,BXOR_ASSIGN,BOR_ASSIGN,QUESTION,LOR,LAND,BOR,BXOR,BAND,NOT_EQUAL,EQUAL,LT,GT,LE,GE,"instanceof",SL,SR,BSR,PLUS,MINUS,DIV,MOD,INC,DEC,BNOT,LNOT,"true","false","null","new",NUM_INT,CHAR_LITERAL,STRING_LITERAL,NUM_FLOAT,NUM_LONG,NUM_DOUBLE,ASSERT,ENUM,AT
/home/travis/build/checkstyle/checkstyle/src/main/resources/com/puppycrawl/tools/checkstyle/grammars/java.g:1456:17: warning:nondeterminism between alts 2 and 3 of block upon
/home/travis/build/checkstyle/checkstyle/src/main/resources/com/puppycrawl/tools/checkstyle/grammars/java.g:1456:17:     k==1:DEC
/home/travis/build/checkstyle/checkstyle/src/main/resources/com/puppycrawl/tools/checkstyle/grammars/java.g:1456:17:     k==2:"final","abstract","strictfp",SEMI,RBRACK,"void","boolean","byte","char","short","int","float","long","double",IDENT,STAR,"private","public","protected","static","transient","native","synchronized","volatile","class","interface",LCURLY,RCURLY,COMMA,LPAREN,RPAREN,"this","super",ASSIGN,COLON,"if","while","do","break","continue","return","switch","throw","for","else","case","default","try",PLUS_ASSIGN,MINUS_ASSIGN,STAR_ASSIGN,DIV_ASSIGN,MOD_ASSIGN,SR_ASSIGN,BSR_ASSIGN,SL_ASSIGN,BAND_ASSIGN,BXOR_ASSIGN,BOR_ASSIGN,QUESTION,LOR,LAND,BOR,BXOR,BAND,NOT_EQUAL,EQUAL,LT,GT,LE,GE,"instanceof",SL,SR,BSR,PLUS,MINUS,DIV,MOD,INC,DEC,BNOT,LNOT,"true","false","null","new",NUM_INT,CHAR_LITERAL,STRING_LITERAL,NUM_FLOAT,NUM_LONG,NUM_DOUBLE,ASSERT,ENUM,AT
/home/travis/build/checkstyle/checkstyle/src/main/resources/com/puppycrawl/tools/checkstyle/grammars/java.g:1534:47: warning:nondeterminism between alts 1 and 2 of block upon
/home/travis/build/checkstyle/checkstyle/src/main/resources/com/puppycrawl/tools/checkstyle/grammars/java.g:1534:47:     k==1:LCURLY
/home/travis/build/checkstyle/checkstyle/src/main/resources/com/puppycrawl/tools/checkstyle/grammars/java.g:1534:47:     k==2:"final","abstract","strictfp",SEMI,"void","boolean","byte","char","short","int","float","long","double",IDENT,"private","public","protected","static","transient","native","synchronized","volatile","class","interface",LCURLY,RCURLY,"default",LT,ENUM,AT
/home/travis/build/checkstyle/checkstyle/src/main/resources/com/puppycrawl/tools/checkstyle/grammars/java.g:1544:44: warning:nondeterminism between alts 1 and 2 of block upon
/home/travis/build/checkstyle/checkstyle/src/main/resources/com/puppycrawl/tools/checkstyle/grammars/java.g:1544:44:     k==1:LCURLY
/home/travis/build/checkstyle/checkstyle/src/main/resources/com/puppycrawl/tools/checkstyle/grammars/java.g:1544:44:     k==2:"void","boolean","byte","char","short","int","float","long","double",IDENT,LCURLY,RCURLY,COMMA,LPAREN,"this","super",PLUS,MINUS,INC,DEC,BNOT,LNOT,"true","false","null","new",NUM_INT,CHAR_LITERAL,STRING_LITERAL,NUM_FLOAT,NUM_LONG,NUM_DOUBLE
/home/travis/build/checkstyle/checkstyle/src/main/resources/com/puppycrawl/tools/checkstyle/grammars/java.g:1585: warning:nondeterminism between alts 2 and 3 of block upon
/home/travis/build/checkstyle/checkstyle/src/main/resources/com/puppycrawl/tools/checkstyle/grammars/java.g:1585:     k==1:LPAREN
/home/travis/build/checkstyle/checkstyle/src/main/resources/com/puppycrawl/tools/checkstyle/grammars/java.g:1585:     k==2:IDENT
/home/travis/build/checkstyle/checkstyle/src/main/resources/com/puppycrawl/tools/checkstyle/grammars/java.g:1587:24: warning:nondeterminism between alts 1 and 2 of block upon
/home/travis/build/checkstyle/checkstyle/src/main/resources/com/puppycrawl/tools/checkstyle/grammars/java.g:1587:24:     k==1:RPAREN
/home/travis/build/checkstyle/checkstyle/src/main/resources/com/puppycrawl/tools/checkstyle/grammars/java.g:1587:24:     k==2:LAMBDA

[INFO] 
[INFO] --- antlr4-maven-plugin:4.5.1:antlr4 (default) @ checkstyle ---
[INFO] ANTLR 4: Processing source directory /home/travis/build/checkstyle/checkstyle/src/main/resources
[INFO] Processing grammar: com/puppycrawl/tools/checkstyle/grammars/javadoc/JavadocLexer.g4
[INFO] Processing grammar: com/puppycrawl/tools/checkstyle/grammars/javadoc/JavadocParser.g4
[INFO] 
[INFO] --- build-helper-maven-plugin:1.9.1:add-source (add-source) @ checkstyle ---
[INFO] Source directory: /home/travis/build/checkstyle/checkstyle/target/generated-sources/antlr added.
[INFO] 
[INFO] --- maven-resources-plugin:2.7:resources (default-resources) @ checkstyle ---
[INFO] Using 'UTF-8' encoding to copy filtered resources.
[INFO] Copying 137 resources
[INFO] Copying 1 resource
[INFO] 
[INFO] --- build-helper-maven-plugin:1.9.1:add-test-source (add-test-source) @ checkstyle ---
[INFO] Test Source directory: /home/travis/build/checkstyle/checkstyle/src/test/resources added.
[INFO] 
[INFO] --- build-helper-maven-plugin:1.9.1:add-test-source (add-ittest-source) @ checkstyle ---
[INFO] Test Source directory: /home/travis/build/checkstyle/checkstyle/src/it/java added.
[INFO] 
[INFO] --- build-helper-maven-plugin:1.9.1:add-test-source (add-ittest-resource) @ checkstyle ---
[INFO] Test Source directory: /home/travis/build/checkstyle/checkstyle/src/it/resources added.
[INFO] 
[INFO] --- maven-compiler-plugin:3.3:compile (default-compile) @ checkstyle ---
[INFO] Changes detected - recompiling the module!
[INFO] Compiling 330 source files to /home/travis/build/checkstyle/checkstyle/target/classes
[INFO] /home/travis/build/checkstyle/checkstyle/src/main/java/com/puppycrawl/tools/checkstyle/checks/javadoc/JavadocMethodCheck.java: /home/travis/build/checkstyle/checkstyle/src/main/java/com/puppycrawl/tools/checkstyle/checks/javadoc/JavadocMethodCheck.java uses or overrides a deprecated API.
[INFO] /home/travis/build/checkstyle/checkstyle/src/main/java/com/puppycrawl/tools/checkstyle/checks/javadoc/JavadocMethodCheck.java: Recompile with -Xlint:deprecation for details.
[INFO] /home/travis/build/checkstyle/checkstyle/src/main/java/com/puppycrawl/tools/checkstyle/api/AutomaticBean.java: Some input files use unchecked or unsafe operations.
[INFO] /home/travis/build/checkstyle/checkstyle/src/main/java/com/puppycrawl/tools/checkstyle/api/AutomaticBean.java: Recompile with -Xlint:unchecked for details.
[INFO] 
[INFO] --- maven-antrun-plugin:1.8:run (ant-phase-compile) @ checkstyle ---
[INFO] Executing tasks

main:

execute:
[propertyfile] Creating new property file: /home/travis/build/checkstyle/checkstyle/target/classes/checkstylecompilation.properties
  [javadoc] Generating Javadoc
  [javadoc] Javadoc execution
  [javadoc] Loading source file /home/travis/build/checkstyle/checkstyle/src/main/java/com/puppycrawl/tools/checkstyle/api/TokenTypes.java...
  [javadoc] Constructing Javadoc information...
[INFO] Executed tasks
[INFO] 
[INFO] --- maven-resources-plugin:2.7:testResources (default-testResources) @ checkstyle ---
[INFO] Using 'UTF-8' encoding to copy filtered resources.
[INFO] Copying 485 resources
[INFO] 
[INFO] --- maven-compiler-plugin:3.3:testCompile (default-testCompile) @ checkstyle ---
[INFO] Changes detected - recompiling the module!
[INFO] Compiling 789 source files to /home/travis/build/checkstyle/checkstyle/target/test-classes
[INFO] /home/travis/build/checkstyle/checkstyle/src/it/resources/com/google/checkstyle/test/chapter3filestructure/rule333orderingandsoacing/CustomImportOrderValidInput.java: Some input files use or override a deprecated API.
[INFO] /home/travis/build/checkstyle/checkstyle/src/it/resources/com/google/checkstyle/test/chapter3filestructure/rule333orderingandsoacing/CustomImportOrderValidInput.java: Recompile with -Xlint:deprecation for details.
[INFO] /home/travis/build/checkstyle/checkstyle/src/test/java/com/puppycrawl/tools/checkstyle/MainTest.java: Some input files use unchecked or unsafe operations.
[INFO] /home/travis/build/checkstyle/checkstyle/src/test/java/com/puppycrawl/tools/checkstyle/MainTest.java: Recompile with -Xlint:unchecked for details.
[INFO] 
[INFO] --- maven-surefire-plugin:2.18.1:test (default-test) @ checkstyle ---
[INFO] Surefire report directory: /home/travis/build/checkstyle/checkstyle/target/surefire-reports

-------------------------------------------------------
 T E S T S
-------------------------------------------------------
Java HotSpot(TM) 64-Bit Server VM warning: ignoring option UseSplitVerifier; support was removed in 8.0
Running com.puppycrawl.tools.checkstyle.checks.coding.FinalLocalVariableCheckTest
Tests run: 9, Failures: 0, Errors: 0, Skipped: 0, Time elapsed: 0.94 sec - in com.puppycrawl.tools.checkstyle.checks.coding.FinalLocalVariableCheckTest
Running com.puppycrawl.tools.checkstyle.checks.coding.OverloadMethodsDeclarationOrderCheckTest
Tests run: 2, Failures: 0, Errors: 0, Skipped: 0, Time elapsed: 0.084 sec - in com.puppycrawl.tools.checkstyle.checks.coding.OverloadMethodsDeclarationOrderCheckTest
Running com.puppycrawl.tools.checkstyle.checks.coding.AvoidInlineConditionalsCheckTest
Tests run: 2, Failures: 0, Errors: 0, Skipped: 0, Time elapsed: 0.137 sec - in com.puppycrawl.tools.checkstyle.checks.coding.AvoidInlineConditionalsCheckTest
Running com.puppycrawl.tools.checkstyle.checks.coding.UnnecessaryParenthesesCheckTest
Tests run: 3, Failures: 0, Errors: 0, Skipped: 0, Time elapsed: 0.286 sec - in com.puppycrawl.tools.checkstyle.checks.coding.UnnecessaryParenthesesCheckTest
Running com.puppycrawl.tools.checkstyle.checks.coding.NoFinalizerCheckTest
Tests run: 2, Failures: 0, Errors: 0, Skipped: 0, Time elapsed: 0.158 sec - in com.puppycrawl.tools.checkstyle.checks.coding.NoFinalizerCheckTest
Running com.puppycrawl.tools.checkstyle.checks.coding.MultipleVariableDeclarationsCheckTest
Tests run: 2, Failures: 0, Errors: 0, Skipped: 0, Time elapsed: 0.069 sec - in com.puppycrawl.tools.checkstyle.checks.coding.MultipleVariableDeclarationsCheckTest
Running com.puppycrawl.tools.checkstyle.checks.coding.SimplifyBooleanReturnCheckTest
Tests run: 2, Failures: 0, Errors: 0, Skipped: 0, Time elapsed: 0.097 sec - in com.puppycrawl.tools.checkstyle.checks.coding.SimplifyBooleanReturnCheckTest
Running com.puppycrawl.tools.checkstyle.checks.coding.NestedForDepthCheckTest
Tests run: 3, Failures: 0, Errors: 0, Skipped: 0, Time elapsed: 0.057 sec - in com.puppycrawl.tools.checkstyle.checks.coding.NestedForDepthCheckTest
Running com.puppycrawl.tools.checkstyle.checks.coding.PackageDeclarationCheckTest
Tests run: 4, Failures: 0, Errors: 0, Skipped: 0, Time elapsed: 0.052 sec - in com.puppycrawl.tools.checkstyle.checks.coding.PackageDeclarationCheckTest
Running com.puppycrawl.tools.checkstyle.checks.coding.MagicNumberCheckTest
Tests run: 8, Failures: 0, Errors: 0, Skipped: 0, Time elapsed: 0.633 sec - in com.puppycrawl.tools.checkstyle.checks.coding.MagicNumberCheckTest
Running com.puppycrawl.tools.checkstyle.checks.coding.ReturnCountCheckTest
Tests run: 7, Failures: 0, Errors: 0, Skipped: 0, Time elapsed: 0.06 sec - in com.puppycrawl.tools.checkstyle.checks.coding.ReturnCountCheckTest
Running com.puppycrawl.tools.checkstyle.checks.coding.HiddenFieldCheckTest
Tests run: 8, Failures: 0, Errors: 0, Skipped: 0, Time elapsed: 0.19 sec - in com.puppycrawl.tools.checkstyle.checks.coding.HiddenFieldCheckTest
Running com.puppycrawl.tools.checkstyle.checks.coding.DeclarationOrderCheckTest
Tests run: 4, Failures: 0, Errors: 0, Skipped: 0, Time elapsed: 0.062 sec - in com.puppycrawl.tools.checkstyle.checks.coding.DeclarationOrderCheckTest
Running com.puppycrawl.tools.checkstyle.checks.coding.SimplifyBooleanExpressionCheckTest
Tests run: 2, Failures: 0, Errors: 0, Skipped: 0, Time elapsed: 0.023 sec - in com.puppycrawl.tools.checkstyle.checks.coding.SimplifyBooleanExpressionCheckTest
Running com.puppycrawl.tools.checkstyle.checks.coding.DefaultComesLastCheckTest
Tests run: 3, Failures: 0, Errors: 0, Skipped: 0, Time elapsed: 0.023 sec - in com.puppycrawl.tools.checkstyle.checks.coding.DefaultComesLastCheckTest
Running com.puppycrawl.tools.checkstyle.checks.coding.EmptyStatementCheckTest
Tests run: 2, Failures: 0, Errors: 0, Skipped: 0, Time elapsed: 0.044 sec - in com.puppycrawl.tools.checkstyle.checks.coding.EmptyStatementCheckTest
Running com.puppycrawl.tools.checkstyle.checks.coding.ExplicitInitializationCheckTest
Tests run: 2, Failures: 0, Errors: 0, Skipped: 0, Time elapsed: 0.059 sec - in com.puppycrawl.tools.checkstyle.checks.coding.ExplicitInitializationCheckTest
Running com.puppycrawl.tools.checkstyle.checks.coding.MissingSwitchDefaultCheckTest
Tests run: 2, Failures: 0, Errors: 0, Skipped: 0, Time elapsed: 0.046 sec - in com.puppycrawl.tools.checkstyle.checks.coding.MissingSwitchDefaultCheckTest
Running com.puppycrawl.tools.checkstyle.checks.coding.IllegalTypeCheckTest
Tests run: 11, Failures: 0, Errors: 0, Skipped: 0, Time elapsed: 0.145 sec - in com.puppycrawl.tools.checkstyle.checks.coding.IllegalTypeCheckTest
Running com.puppycrawl.tools.checkstyle.checks.coding.NoCloneCheckTest
Tests run: 2, Failures: 0, Errors: 0, Skipped: 0, Time elapsed: 0.014 sec - in com.puppycrawl.tools.checkstyle.checks.coding.NoCloneCheckTest
Running com.puppycrawl.tools.checkstyle.checks.coding.EqualsAvoidNullCheckTest
Tests run: 3, Failures: 0, Errors: 0, Skipped: 0, Time elapsed: 0.042 sec - in com.puppycrawl.tools.checkstyle.checks.coding.EqualsAvoidNullCheckTest
Running com.puppycrawl.tools.checkstyle.checks.coding.SuperFinalizeCheckTest
Tests run: 1, Failures: 0, Errors: 0, Skipped: 0, Time elapsed: 0.015 sec - in com.puppycrawl.tools.checkstyle.checks.coding.SuperFinalizeCheckTest
Running com.puppycrawl.tools.checkstyle.checks.coding.VariableDeclarationUsageDistanceCheckTest
Tests run: 7, Failures: 0, Errors: 0, Skipped: 0, Time elapsed: 0.669 sec - in com.puppycrawl.tools.checkstyle.checks.coding.VariableDeclarationUsageDistanceCheckTest
Running com.puppycrawl.tools.checkstyle.checks.coding.NestedIfDepthCheckTest
Tests run: 3, Failures: 0, Errors: 0, Skipped: 0, Time elapsed: 0.067 sec - in com.puppycrawl.tools.checkstyle.checks.coding.NestedIfDepthCheckTest
Running com.puppycrawl.tools.checkstyle.checks.coding.IllegalTokenCheckTest
Tests run: 3, Failures: 0, Errors: 0, Skipped: 0, Time elapsed: 0.108 sec - in com.puppycrawl.tools.checkstyle.checks.coding.IllegalTokenCheckTest
Running com.puppycrawl.tools.checkstyle.checks.coding.MissingCtorCheckTest
Tests run: 2, Failures: 0, Errors: 0, Skipped: 0, Time elapsed: 0.033 sec - in com.puppycrawl.tools.checkstyle.checks.coding.MissingCtorCheckTest
Running com.puppycrawl.tools.checkstyle.checks.coding.IllegalInstantiationCheckTest
Tests run: 8, Failures: 0, Errors: 0, Skipped: 0, Time elapsed: 0.126 sec - in com.puppycrawl.tools.checkstyle.checks.coding.IllegalInstantiationCheckTest
Running com.puppycrawl.tools.checkstyle.checks.coding.ArrayTrailingCommaCheckTest
Tests run: 2, Failures: 0, Errors: 0, Skipped: 0, Time elapsed: 0.02 sec - in com.puppycrawl.tools.checkstyle.checks.coding.ArrayTrailingCommaCheckTest
Running com.puppycrawl.tools.checkstyle.checks.coding.MultipleStringLiteralsCheckTest
Tests run: 7, Failures: 0, Errors: 0, Skipped: 0, Time elapsed: 0.307 sec - in com.puppycrawl.tools.checkstyle.checks.coding.MultipleStringLiteralsCheckTest
Running com.puppycrawl.tools.checkstyle.checks.coding.NestedTryDepthCheckTest
Tests run: 3, Failures: 0, Errors: 0, Skipped: 0, Time elapsed: 0.062 sec - in com.puppycrawl.tools.checkstyle.checks.coding.NestedTryDepthCheckTest
Running com.puppycrawl.tools.checkstyle.checks.coding.InnerAssignmentCheckTest
Tests run: 3, Failures: 0, Errors: 0, Skipped: 0, Time elapsed: 0.287 sec - in com.puppycrawl.tools.checkstyle.checks.coding.InnerAssignmentCheckTest
Running com.puppycrawl.tools.checkstyle.checks.coding.FallThroughCheckTest
Tests run: 5, Failures: 0, Errors: 0, Skipped: 0, Time elapsed: 0.25 sec - in com.puppycrawl.tools.checkstyle.checks.coding.FallThroughCheckTest
Running com.puppycrawl.tools.checkstyle.checks.coding.IllegalCatchCheckTest
Tests run: 4, Failures: 0, Errors: 0, Skipped: 0, Time elapsed: 0.102 sec - in com.puppycrawl.tools.checkstyle.checks.coding.IllegalCatchCheckTest
Running com.puppycrawl.tools.checkstyle.checks.coding.CovariantEqualsCheckTest
Tests run: 2, Failures: 0, Errors: 0, Skipped: 0, Time elapsed: 0.033 sec - in com.puppycrawl.tools.checkstyle.checks.coding.CovariantEqualsCheckTest
Running com.puppycrawl.tools.checkstyle.checks.coding.ParameterAssignmentCheckTest
Tests run: 3, Failures: 0, Errors: 0, Skipped: 0, Time elapsed: 0.023 sec - in com.puppycrawl.tools.checkstyle.checks.coding.ParameterAssignmentCheckTest
Running com.puppycrawl.tools.checkstyle.checks.coding.OneStatementPerLineCheckTest
Tests run: 4, Failures: 0, Errors: 0, Skipped: 0, Time elapsed: 0.09 sec - in com.puppycrawl.tools.checkstyle.checks.coding.OneStatementPerLineCheckTest
Running com.puppycrawl.tools.checkstyle.checks.coding.SuperCloneCheckTest
Tests run: 3, Failures: 0, Errors: 0, Skipped: 0, Time elapsed: 0.065 sec - in com.puppycrawl.tools.checkstyle.checks.coding.SuperCloneCheckTest
Running com.puppycrawl.tools.checkstyle.checks.coding.ModifiedControlVariableCheckTest
Tests run: 5, Failures: 0, Errors: 0, Skipped: 0, Time elapsed: 0.073 sec - in com.puppycrawl.tools.checkstyle.checks.coding.ModifiedControlVariableCheckTest
Running com.puppycrawl.tools.checkstyle.checks.coding.IllegalThrowsCheckTest
Tests run: 7, Failures: 0, Errors: 0, Skipped: 0, Time elapsed: 0.115 sec - in com.puppycrawl.tools.checkstyle.checks.coding.IllegalThrowsCheckTest
Running com.puppycrawl.tools.checkstyle.checks.coding.IllegalTokenTextCheckTest
Tests run: 5, Failures: 0, Errors: 0, Skipped: 0, Time elapsed: 0.077 sec - in com.puppycrawl.tools.checkstyle.checks.coding.IllegalTokenTextCheckTest
Running com.puppycrawl.tools.checkstyle.checks.coding.RequireThisCheckTest
Tests run: 6, Failures: 0, Errors: 0, Skipped: 0, Time elapsed: 0.122 sec - in com.puppycrawl.tools.checkstyle.checks.coding.RequireThisCheckTest
Running com.puppycrawl.tools.checkstyle.checks.coding.EqualsHashCodeCheckTest
Tests run: 3, Failures: 0, Errors: 0, Skipped: 0, Time elapsed: 0.037 sec - in com.puppycrawl.tools.checkstyle.checks.coding.EqualsHashCodeCheckTest
Running com.puppycrawl.tools.checkstyle.checks.coding.StringLiteralEqualityCheckTest
Tests run: 2, Failures: 0, Errors: 0, Skipped: 0, Time elapsed: 0.027 sec - in com.puppycrawl.tools.checkstyle.checks.coding.StringLiteralEqualityCheckTest
Running com.puppycrawl.tools.checkstyle.checks.javadoc.JavadocParseTreeTest
Tests run: 22, Failures: 0, Errors: 0, Skipped: 0, Time elapsed: 1.737 sec - in com.puppycrawl.tools.checkstyle.checks.javadoc.JavadocParseTreeTest
Running com.puppycrawl.tools.checkstyle.checks.javadoc.JavadocTypeCheckTest
Tests run: 22, Failures: 0, Errors: 0, Skipped: 0, Time elapsed: 0.494 sec - in com.puppycrawl.tools.checkstyle.checks.javadoc.JavadocTypeCheckTest
Running com.puppycrawl.tools.checkstyle.checks.javadoc.JavadocParagraphCheckTest
Tests run: 3, Failures: 0, Errors: 0, Skipped: 0, Time elapsed: 0.89 sec - in com.puppycrawl.tools.checkstyle.checks.javadoc.JavadocParagraphCheckTest
Running com.puppycrawl.tools.checkstyle.checks.javadoc.JavadocMethodCheckTest
Tests run: 34, Failures: 0, Errors: 0, Skipped: 0, Time elapsed: 0.401 sec - in com.puppycrawl.tools.checkstyle.checks.javadoc.JavadocMethodCheckTest
Running com.puppycrawl.tools.checkstyle.checks.javadoc.JavadocTagContinuationIndentationCheckTest
Tests run: 3, Failures: 0, Errors: 0, Skipped: 0, Time elapsed: 0.371 sec - in com.puppycrawl.tools.checkstyle.checks.javadoc.JavadocTagContinuationIndentationCheckTest
Running com.puppycrawl.tools.checkstyle.checks.javadoc.NonEmptyAtclauseDescriptionCheckTest
Tests run: 1, Failures: 0, Errors: 0, Skipped: 0, Time elapsed: 0.153 sec - in com.puppycrawl.tools.checkstyle.checks.javadoc.NonEmptyAtclauseDescriptionCheckTest
Running com.puppycrawl.tools.checkstyle.checks.javadoc.AtclauseOrderCheckTest
Tests run: 3, Failures: 0, Errors: 0, Skipped: 0, Time elapsed: 0.671 sec - in com.puppycrawl.tools.checkstyle.checks.javadoc.AtclauseOrderCheckTest
Running com.puppycrawl.tools.checkstyle.checks.javadoc.WriteTagCheckTest
Tests run: 13, Failures: 0, Errors: 0, Skipped: 0, Time elapsed: 0.053 sec - in com.puppycrawl.tools.checkstyle.checks.javadoc.WriteTagCheckTest
Running com.puppycrawl.tools.checkstyle.checks.javadoc.JavadocNodeImplTest
Tests run: 1, Failures: 0, Errors: 0, Skipped: 0, Time elapsed: 0.001 sec - in com.puppycrawl.tools.checkstyle.checks.javadoc.JavadocNodeImplTest
Running com.puppycrawl.tools.checkstyle.checks.javadoc.JavadocPackageCheckTest
Tests run: 7, Failures: 0, Errors: 0, Skipped: 0, Time elapsed: 0.019 sec - in com.puppycrawl.tools.checkstyle.checks.javadoc.JavadocPackageCheckTest
Running com.puppycrawl.tools.checkstyle.checks.javadoc.JavadocTagTest
Tests run: 1, Failures: 0, Errors: 0, Skipped: 0, Time elapsed: 0.001 sec - in com.puppycrawl.tools.checkstyle.checks.javadoc.JavadocTagTest
Running com.puppycrawl.tools.checkstyle.checks.javadoc.JavadocStyleCheckTest
Tests run: 16, Failures: 0, Errors: 0, Skipped: 0, Time elapsed: 0.096 sec - in com.puppycrawl.tools.checkstyle.checks.javadoc.JavadocStyleCheckTest
Running com.puppycrawl.tools.checkstyle.checks.javadoc.JavadocVariableCheckTest
Tests run: 11, Failures: 0, Errors: 0, Skipped: 0, Time elapsed: 0.051 sec - in com.puppycrawl.tools.checkstyle.checks.javadoc.JavadocVariableCheckTest
Running com.puppycrawl.tools.checkstyle.checks.javadoc.SummaryJavadocCheckTest
Tests run: 5, Failures: 0, Errors: 0, Skipped: 0, Time elapsed: 0.228 sec - in com.puppycrawl.tools.checkstyle.checks.javadoc.SummaryJavadocCheckTest
Running com.puppycrawl.tools.checkstyle.checks.javadoc.AbstractJavadocCheckTest
Tests run: 4, Failures: 0, Errors: 0, Skipped: 0, Time elapsed: 0.164 sec - in com.puppycrawl.tools.checkstyle.checks.javadoc.AbstractJavadocCheckTest
Running com.puppycrawl.tools.checkstyle.checks.javadoc.JavadocUtilsTest
Tests run: 16, Failures: 0, Errors: 0, Skipped: 0, Time elapsed: 0.003 sec - in com.puppycrawl.tools.checkstyle.checks.javadoc.JavadocUtilsTest
Running com.puppycrawl.tools.checkstyle.checks.javadoc.SingleLineJavadocCheckTest
Tests run: 2, Failures: 0, Errors: 0, Skipped: 0, Time elapsed: 0.067 sec - in com.puppycrawl.tools.checkstyle.checks.javadoc.SingleLineJavadocCheckTest
Running com.puppycrawl.tools.checkstyle.checks.annotation.AnnotationUseStyleTest
Tests run: 14, Failures: 0, Errors: 0, Skipped: 0, Time elapsed: 0.057 sec - in com.puppycrawl.tools.checkstyle.checks.annotation.AnnotationUseStyleTest
Running com.puppycrawl.tools.checkstyle.checks.annotation.SuppressWarningsCheckTest
Tests run: 24, Failures: 0, Errors: 0, Skipped: 0, Time elapsed: 0.238 sec - in com.puppycrawl.tools.checkstyle.checks.annotation.SuppressWarningsCheckTest
Running com.puppycrawl.tools.checkstyle.checks.annotation.PackageAnnotationTest
Tests run: 4, Failures: 0, Errors: 0, Skipped: 0, Time elapsed: 0.057 sec - in com.puppycrawl.tools.checkstyle.checks.annotation.PackageAnnotationTest
Running com.puppycrawl.tools.checkstyle.checks.annotation.AnnotationLocationCheckTest
Tests run: 6, Failures: 0, Errors: 0, Skipped: 0, Time elapsed: 0.06 sec - in com.puppycrawl.tools.checkstyle.checks.annotation.AnnotationLocationCheckTest
Running com.puppycrawl.tools.checkstyle.checks.annotation.MissingOverrideCheckTest
Tests run: 14, Failures: 0, Errors: 0, Skipped: 0, Time elapsed: 0.181 sec - in com.puppycrawl.tools.checkstyle.checks.annotation.MissingOverrideCheckTest
Running com.puppycrawl.tools.checkstyle.checks.annotation.MissingDeprecatedTest
Tests run: 6, Failures: 0, Errors: 0, Skipped: 0, Time elapsed: 0.092 sec - in com.puppycrawl.tools.checkstyle.checks.annotation.MissingDeprecatedTest
Running com.puppycrawl.tools.checkstyle.checks.sizes.MethodCountCheckTest
Tests run: 5, Failures: 0, Errors: 0, Skipped: 0, Time elapsed: 0.124 sec - in com.puppycrawl.tools.checkstyle.checks.sizes.MethodCountCheckTest
Running com.puppycrawl.tools.checkstyle.checks.sizes.ParameterNumberCheckTest
Tests run: 5, Failures: 0, Errors: 0, Skipped: 0, Time elapsed: 0.081 sec - in com.puppycrawl.tools.checkstyle.checks.sizes.ParameterNumberCheckTest
Running com.puppycrawl.tools.checkstyle.checks.sizes.AnonInnerLengthCheckTest
Tests run: 3, Failures: 0, Errors: 0, Skipped: 0, Time elapsed: 0.068 sec - in com.puppycrawl.tools.checkstyle.checks.sizes.AnonInnerLengthCheckTest
Running com.puppycrawl.tools.checkstyle.checks.sizes.MethodLengthCheckTest
Tests run: 4, Failures: 0, Errors: 0, Skipped: 0, Time elapsed: 0.057 sec - in com.puppycrawl.tools.checkstyle.checks.sizes.MethodLengthCheckTest
Running com.puppycrawl.tools.checkstyle.checks.sizes.LineLengthCheckTest
Tests run: 2, Failures: 0, Errors: 0, Skipped: 0, Time elapsed: 0.04 sec - in com.puppycrawl.tools.checkstyle.checks.sizes.LineLengthCheckTest
Running com.puppycrawl.tools.checkstyle.checks.sizes.OuterTypeNumberCheckTest
Tests run: 4, Failures: 0, Errors: 0, Skipped: 0, Time elapsed: 0.04 sec - in com.puppycrawl.tools.checkstyle.checks.sizes.OuterTypeNumberCheckTest
Running com.puppycrawl.tools.checkstyle.checks.sizes.FileLengthCheckTest
Tests run: 5, Failures: 0, Errors: 0, Skipped: 0, Time elapsed: 0.031 sec - in com.puppycrawl.tools.checkstyle.checks.sizes.FileLengthCheckTest
Running com.puppycrawl.tools.checkstyle.checks.sizes.ExecutableStatementCountCheckTest
Tests run: 8, Failures: 0, Errors: 0, Skipped: 0, Time elapsed: 0.079 sec - in com.puppycrawl.tools.checkstyle.checks.sizes.ExecutableStatementCountCheckTest
Running com.puppycrawl.tools.checkstyle.checks.naming.AbbreviationAsWordInNameCheckTest
Tests run: 11, Failures: 0, Errors: 0, Skipped: 0, Time elapsed: 0.094 sec - in com.puppycrawl.tools.checkstyle.checks.naming.AbbreviationAsWordInNameCheckTest
Running com.puppycrawl.tools.checkstyle.checks.naming.ConstantNameCheckTest
Tests run: 8, Failures: 0, Errors: 0, Skipped: 0, Time elapsed: 0.061 sec - in com.puppycrawl.tools.checkstyle.checks.naming.ConstantNameCheckTest
Running com.puppycrawl.tools.checkstyle.checks.naming.TypeParameterNameTest
Tests run: 7, Failures: 0, Errors: 0, Skipped: 0, Time elapsed: 0.065 sec - in com.puppycrawl.tools.checkstyle.checks.naming.TypeParameterNameTest
Running com.puppycrawl.tools.checkstyle.checks.naming.LocalVariableNameCheckTest
Tests run: 4, Failures: 0, Errors: 0, Skipped: 0, Time elapsed: 0.037 sec - in com.puppycrawl.tools.checkstyle.checks.naming.LocalVariableNameCheckTest
Running com.puppycrawl.tools.checkstyle.checks.naming.TypeNameCheckTest
Tests run: 6, Failures: 0, Errors: 0, Skipped: 0, Time elapsed: 0.037 sec - in com.puppycrawl.tools.checkstyle.checks.naming.TypeNameCheckTest
Running com.puppycrawl.tools.checkstyle.checks.naming.MethodNameCheckTest
Tests run: 7, Failures: 0, Errors: 0, Skipped: 0, Time elapsed: 0.022 sec - in com.puppycrawl.tools.checkstyle.checks.naming.MethodNameCheckTest
Running com.puppycrawl.tools.checkstyle.checks.naming.LocalFinalVariableNameCheckTest
Tests run: 4, Failures: 0, Errors: 0, Skipped: 0, Time elapsed: 0.033 sec - in com.puppycrawl.tools.checkstyle.checks.naming.LocalFinalVariableNameCheckTest
Running com.puppycrawl.tools.checkstyle.checks.naming.AbstractClassNameCheckTest
Tests run: 6, Failures: 0, Errors: 0, Skipped: 0, Time elapsed: 0.015 sec - in com.puppycrawl.tools.checkstyle.checks.naming.AbstractClassNameCheckTest
Running com.puppycrawl.tools.checkstyle.checks.naming.PackageNameCheckTest
Tests run: 3, Failures: 0, Errors: 0, Skipped: 0, Time elapsed: 0.012 sec - in com.puppycrawl.tools.checkstyle.checks.naming.PackageNameCheckTest
Running com.puppycrawl.tools.checkstyle.checks.naming.MemberNameCheckTest
Tests run: 11, Failures: 0, Errors: 0, Skipped: 0, Time elapsed: 0.103 sec - in com.puppycrawl.tools.checkstyle.checks.naming.MemberNameCheckTest
Running com.puppycrawl.tools.checkstyle.checks.naming.StaticVariableNameCheckTest
Tests run: 4, Failures: 0, Errors: 0, Skipped: 0, Time elapsed: 0.013 sec - in com.puppycrawl.tools.checkstyle.checks.naming.StaticVariableNameCheckTest
Running com.puppycrawl.tools.checkstyle.checks.naming.ParameterNameCheckTest
Tests run: 4, Failures: 0, Errors: 0, Skipped: 0, Time elapsed: 0.025 sec - in com.puppycrawl.tools.checkstyle.checks.naming.ParameterNameCheckTest
Running com.puppycrawl.tools.checkstyle.checks.TodoCommentCheckTest
Tests run: 2, Failures: 0, Errors: 0, Skipped: 0, Time elapsed: 0.025 sec - in com.puppycrawl.tools.checkstyle.checks.TodoCommentCheckTest
Running com.puppycrawl.tools.checkstyle.checks.whitespace.NoWhitespaceAfterCheckTest
Tests run: 5, Failures: 0, Errors: 0, Skipped: 0, Time elapsed: 0.081 sec - in com.puppycrawl.tools.checkstyle.checks.whitespace.NoWhitespaceAfterCheckTest
Running com.puppycrawl.tools.checkstyle.checks.whitespace.OperatorWrapCheckTest
Tests run: 3, Failures: 0, Errors: 0, Skipped: 0, Time elapsed: 0.07 sec - in com.puppycrawl.tools.checkstyle.checks.whitespace.OperatorWrapCheckTest
Running com.puppycrawl.tools.checkstyle.checks.whitespace.MethodParamPadCheckTest
Tests run: 5, Failures: 0, Errors: 0, Skipped: 0, Time elapsed: 0.051 sec - in com.puppycrawl.tools.checkstyle.checks.whitespace.MethodParamPadCheckTest
Running com.puppycrawl.tools.checkstyle.checks.whitespace.EmptyLineSeparatorCheckTest
Tests run: 9, Failures: 0, Errors: 0, Skipped: 0, Time elapsed: 0.056 sec - in com.puppycrawl.tools.checkstyle.checks.whitespace.EmptyLineSeparatorCheckTest
Running com.puppycrawl.tools.checkstyle.checks.whitespace.SeparatorWrapCheckTest
Tests run: 3, Failures: 0, Errors: 0, Skipped: 0, Time elapsed: 0.011 sec - in com.puppycrawl.tools.checkstyle.checks.whitespace.SeparatorWrapCheckTest
Running com.puppycrawl.tools.checkstyle.checks.whitespace.FileTabCharacterCheckTest
Tests run: 3, Failures: 0, Errors: 0, Skipped: 0, Time elapsed: 0.01 sec - in com.puppycrawl.tools.checkstyle.checks.whitespace.FileTabCharacterCheckTest
Running com.puppycrawl.tools.checkstyle.checks.whitespace.NoWhitespaceBeforeCheckTest
Tests run: 3, Failures: 0, Errors: 0, Skipped: 0, Time elapsed: 0.019 sec - in com.puppycrawl.tools.checkstyle.checks.whitespace.NoWhitespaceBeforeCheckTest
Running com.puppycrawl.tools.checkstyle.checks.whitespace.EmptyForIteratorPadCheckTest
Tests run: 3, Failures: 0, Errors: 0, Skipped: 0, Time elapsed: 0.009 sec - in com.puppycrawl.tools.checkstyle.checks.whitespace.EmptyForIteratorPadCheckTest
Running com.puppycrawl.tools.checkstyle.checks.whitespace.ParenPadCheckTest
Tests run: 7, Failures: 0, Errors: 0, Skipped: 0, Time elapsed: 0.073 sec - in com.puppycrawl.tools.checkstyle.checks.whitespace.ParenPadCheckTest
Running com.puppycrawl.tools.checkstyle.checks.whitespace.TypecastParenPadCheckTest
Tests run: 4, Failures: 0, Errors: 0, Skipped: 0, Time elapsed: 0.025 sec - in com.puppycrawl.tools.checkstyle.checks.whitespace.TypecastParenPadCheckTest
Running com.puppycrawl.tools.checkstyle.checks.whitespace.WhitespaceAroundTest
Tests run: 13, Failures: 0, Errors: 0, Skipped: 0, Time elapsed: 0.066 sec - in com.puppycrawl.tools.checkstyle.checks.whitespace.WhitespaceAroundTest
Running com.puppycrawl.tools.checkstyle.checks.whitespace.WhitespaceAfterCheckTest
Tests run: 6, Failures: 0, Errors: 0, Skipped: 0, Time elapsed: 0.022 sec - in com.puppycrawl.tools.checkstyle.checks.whitespace.WhitespaceAfterCheckTest
Running com.puppycrawl.tools.checkstyle.checks.whitespace.NoLineWrapCheckTest
Tests run: 3, Failures: 0, Errors: 0, Skipped: 0, Time elapsed: 0.005 sec - in com.puppycrawl.tools.checkstyle.checks.whitespace.NoLineWrapCheckTest
Running com.puppycrawl.tools.checkstyle.checks.whitespace.EmptyForInitializerPadCheckTest
Tests run: 3, Failures: 0, Errors: 0, Skipped: 0, Time elapsed: 0.008 sec - in com.puppycrawl.tools.checkstyle.checks.whitespace.EmptyForInitializerPadCheckTest
Running com.puppycrawl.tools.checkstyle.checks.whitespace.GenericWhitespaceCheckTest
Tests run: 7, Failures: 0, Errors: 0, Skipped: 0, Time elapsed: 0.019 sec - in com.puppycrawl.tools.checkstyle.checks.whitespace.GenericWhitespaceCheckTest
Running com.puppycrawl.tools.checkstyle.checks.FinalParametersCheckTest
Tests run: 6, Failures: 0, Errors: 0, Skipped: 0, Time elapsed: 0.026 sec - in com.puppycrawl.tools.checkstyle.checks.FinalParametersCheckTest
Running com.puppycrawl.tools.checkstyle.checks.metrics.BooleanExpressionComplexityCheckTest
Tests run: 4, Failures: 0, Errors: 0, Skipped: 0, Time elapsed: 0.013 sec - in com.puppycrawl.tools.checkstyle.checks.metrics.BooleanExpressionComplexityCheckTest
Running com.puppycrawl.tools.checkstyle.checks.metrics.NPathComplexityCheckTest
Tests run: 6, Failures: 0, Errors: 0, Skipped: 0, Time elapsed: 0.017 sec - in com.puppycrawl.tools.checkstyle.checks.metrics.NPathComplexityCheckTest
Running com.puppycrawl.tools.checkstyle.checks.metrics.CyclomaticComplexityCheckTest
Tests run: 2, Failures: 0, Errors: 0, Skipped: 0, Time elapsed: 0.008 sec - in com.puppycrawl.tools.checkstyle.checks.metrics.CyclomaticComplexityCheckTest
Running com.puppycrawl.tools.checkstyle.checks.metrics.JavaNCSSCheckTest
Tests run: 4, Failures: 0, Errors: 0, Skipped: 0, Time elapsed: 0.014 sec - in com.puppycrawl.tools.checkstyle.checks.metrics.JavaNCSSCheckTest
Running com.puppycrawl.tools.checkstyle.checks.metrics.ClassFanOutComplexityCheckTest
Tests run: 4, Failures: 0, Errors: 0, Skipped: 0, Time elapsed: 0.016 sec - in com.puppycrawl.tools.checkstyle.checks.metrics.ClassFanOutComplexityCheckTest
Running com.puppycrawl.tools.checkstyle.checks.metrics.ClassDataAbstractionCouplingCheckTest
Tests run: 3, Failures: 0, Errors: 0, Skipped: 0, Time elapsed: 0.011 sec - in com.puppycrawl.tools.checkstyle.checks.metrics.ClassDataAbstractionCouplingCheckTest
Running com.puppycrawl.tools.checkstyle.checks.design.InnerTypeLastCheckTest
Tests run: 2, Failures: 0, Errors: 0, Skipped: 0, Time elapsed: 0.01 sec - in com.puppycrawl.tools.checkstyle.checks.design.InnerTypeLastCheckTest
Running com.puppycrawl.tools.checkstyle.checks.design.ThrowsCountCheckTest
Tests run: 6, Failures: 0, Errors: 0, Skipped: 0, Time elapsed: 0.019 sec - in com.puppycrawl.tools.checkstyle.checks.design.ThrowsCountCheckTest
Running com.puppycrawl.tools.checkstyle.checks.design.InterfaceIsTypeCheckTest
Tests run: 4, Failures: 0, Errors: 0, Skipped: 0, Time elapsed: 0.007 sec - in com.puppycrawl.tools.checkstyle.checks.design.InterfaceIsTypeCheckTest
Running com.puppycrawl.tools.checkstyle.checks.design.FinalClassCheckTest
Tests run: 2, Failures: 0, Errors: 0, Skipped: 0, Time elapsed: 0.006 sec - in com.puppycrawl.tools.checkstyle.checks.design.FinalClassCheckTest
Running com.puppycrawl.tools.checkstyle.checks.design.OneTopLevelClassCheckTest
Tests run: 10, Failures: 0, Errors: 0, Skipped: 0, Time elapsed: 0.108 sec - in com.puppycrawl.tools.checkstyle.checks.design.OneTopLevelClassCheckTest
Running com.puppycrawl.tools.checkstyle.checks.design.DesignForExtensionCheckTest
Tests run: 2, Failures: 0, Errors: 0, Skipped: 0, Time elapsed: 0.019 sec - in com.puppycrawl.tools.checkstyle.checks.design.DesignForExtensionCheckTest
Running com.puppycrawl.tools.checkstyle.checks.design.MutableExceptionCheckTest
Tests run: 5, Failures: 0, Errors: 0, Skipped: 0, Time elapsed: 0.012 sec - in com.puppycrawl.tools.checkstyle.checks.design.MutableExceptionCheckTest
Running com.puppycrawl.tools.checkstyle.checks.design.HideUtilityClassConstructorCheckTest
Tests run: 11, Failures: 0, Errors: 0, Skipped: 0, Time elapsed: 0.046 sec - in com.puppycrawl.tools.checkstyle.checks.design.HideUtilityClassConstructorCheckTest
Running com.puppycrawl.tools.checkstyle.checks.design.VisibilityModifierCheckTest
Tests run: 18, Failures: 0, Errors: 0, Skipped: 0, Time elapsed: 0.056 sec - in com.puppycrawl.tools.checkstyle.checks.design.VisibilityModifierCheckTest
Running com.puppycrawl.tools.checkstyle.checks.modifier.RedundantModifierTest
Tests run: 7, Failures: 0, Errors: 0, Skipped: 0, Time elapsed: 0.017 sec - in com.puppycrawl.tools.checkstyle.checks.modifier.RedundantModifierTest
Running com.puppycrawl.tools.checkstyle.checks.modifier.ModifierOrderCheckTest
Tests run: 4, Failures: 0, Errors: 0, Skipped: 0, Time elapsed: 0.008 sec - in com.puppycrawl.tools.checkstyle.checks.modifier.ModifierOrderCheckTest
Running com.puppycrawl.tools.checkstyle.checks.ArrayTypeStyleCheckTest
Tests run: 3, Failures: 0, Errors: 0, Skipped: 0, Time elapsed: 0.007 sec - in com.puppycrawl.tools.checkstyle.checks.ArrayTypeStyleCheckTest
Running com.puppycrawl.tools.checkstyle.checks.UpperEllCheckTest
Tests run: 2, Failures: 0, Errors: 0, Skipped: 0, Time elapsed: 0.005 sec - in com.puppycrawl.tools.checkstyle.checks.UpperEllCheckTest
Running com.puppycrawl.tools.checkstyle.checks.regexp.RegexpCheckTest
Tests run: 23, Failures: 0, Errors: 0, Skipped: 0, Time elapsed: 0.096 sec - in com.puppycrawl.tools.checkstyle.checks.regexp.RegexpCheckTest
Running com.puppycrawl.tools.checkstyle.checks.regexp.RegexpSinglelineJavaCheckTest
Tests run: 18, Failures: 0, Errors: 0, Skipped: 0, Time elapsed: 0.154 sec - in com.puppycrawl.tools.checkstyle.checks.regexp.RegexpSinglelineJavaCheckTest
Running com.puppycrawl.tools.checkstyle.checks.regexp.RegexpSinglelineCheckTest
Tests run: 6, Failures: 0, Errors: 0, Skipped: 0, Time elapsed: 0.073 sec - in com.puppycrawl.tools.checkstyle.checks.regexp.RegexpSinglelineCheckTest
Running com.puppycrawl.tools.checkstyle.checks.regexp.RegexpMultilineCheckTest
Tests run: 12, Failures: 0, Errors: 0, Skipped: 0, Time elapsed: 0.141 sec - in com.puppycrawl.tools.checkstyle.checks.regexp.RegexpMultilineCheckTest
Running com.puppycrawl.tools.checkstyle.checks.ClassResolverTest
Tests run: 1, Failures: 0, Errors: 0, Skipped: 0, Time elapsed: 0.005 sec - in com.puppycrawl.tools.checkstyle.checks.ClassResolverTest
Running com.puppycrawl.tools.checkstyle.checks.AvoidEscapedUnicodeCharactersCheckTest
Tests run: 6, Failures: 0, Errors: 0, Skipped: 0, Time elapsed: 0.044 sec - in com.puppycrawl.tools.checkstyle.checks.AvoidEscapedUnicodeCharactersCheckTest
Running com.puppycrawl.tools.checkstyle.checks.indentation.NewHandlerTest
Tests run: 1, Failures: 0, Errors: 0, Skipped: 0, Time elapsed: 0.039 sec - in com.puppycrawl.tools.checkstyle.checks.indentation.NewHandlerTest
Running com.puppycrawl.tools.checkstyle.checks.indentation.CommentsIndentationCheckTest
Tests run: 4, Failures: 0, Errors: 0, Skipped: 0, Time elapsed: 0.037 sec - in com.puppycrawl.tools.checkstyle.checks.indentation.CommentsIndentationCheckTest
Running com.puppycrawl.tools.checkstyle.checks.indentation.LineSetTest
Tests run: 1, Failures: 0, Errors: 0, Skipped: 0, Time elapsed: 0.001 sec - in com.puppycrawl.tools.checkstyle.checks.indentation.LineSetTest
Running com.puppycrawl.tools.checkstyle.checks.indentation.IndentationCheckTest
Tests run: 57, Failures: 0, Errors: 0, Skipped: 0, Time elapsed: 0.853 sec - in com.puppycrawl.tools.checkstyle.checks.indentation.IndentationCheckTest
Running com.puppycrawl.tools.checkstyle.checks.imports.RedundantImportCheckTest
Tests run: 3, Failures: 0, Errors: 0, Skipped: 0, Time elapsed: 0.027 sec - in com.puppycrawl.tools.checkstyle.checks.imports.RedundantImportCheckTest
Running com.puppycrawl.tools.checkstyle.checks.imports.PkgControlRegExpTest
Tests run: 4, Failures: 0, Errors: 0, Skipped: 0, Time elapsed: 0.002 sec - in com.puppycrawl.tools.checkstyle.checks.imports.PkgControlRegExpTest
Running com.puppycrawl.tools.checkstyle.checks.imports.ImportControlLoaderTest
Tests run: 5, Failures: 0, Errors: 0, Skipped: 0, Time elapsed: 0.059 sec - in com.puppycrawl.tools.checkstyle.checks.imports.ImportControlLoaderTest
Running com.puppycrawl.tools.checkstyle.checks.imports.ImportOrderCheckTest
Tests run: 31, Failures: 0, Errors: 0, Skipped: 0, Time elapsed: 4.029 sec - in com.puppycrawl.tools.checkstyle.checks.imports.ImportOrderCheckTest
Running com.puppycrawl.tools.checkstyle.checks.imports.UnusedImportsCheckTest
Tests run: 7, Failures: 0, Errors: 0, Skipped: 0, Time elapsed: 0.169 sec - in com.puppycrawl.tools.checkstyle.checks.imports.UnusedImportsCheckTest
Running com.puppycrawl.tools.checkstyle.checks.imports.PkgControlTest
Tests run: 4, Failures: 0, Errors: 0, Skipped: 0, Time elapsed: 0.004 sec - in com.puppycrawl.tools.checkstyle.checks.imports.PkgControlTest
Running com.puppycrawl.tools.checkstyle.checks.imports.ImportControlCheckTest
Tests run: 11, Failures: 0, Errors: 0, Skipped: 0, Time elapsed: 0.215 sec - in com.puppycrawl.tools.checkstyle.checks.imports.ImportControlCheckTest
Running com.puppycrawl.tools.checkstyle.checks.imports.GuardTest
Tests run: 9, Failures: 0, Errors: 0, Skipped: 0, Time elapsed: 0.02 sec - in com.puppycrawl.tools.checkstyle.checks.imports.GuardTest
Running com.puppycrawl.tools.checkstyle.checks.imports.IllegalImportCheckTest
Tests run: 3, Failures: 0, Errors: 0, Skipped: 0, Time elapsed: 0.064 sec - in com.puppycrawl.tools.checkstyle.checks.imports.IllegalImportCheckTest
Running com.puppycrawl.tools.checkstyle.checks.imports.AvoidStaticImportTest
Tests run: 6, Failures: 0, Errors: 0, Skipped: 0, Time elapsed: 0.1 sec - in com.puppycrawl.tools.checkstyle.checks.imports.AvoidStaticImportTest
Running com.puppycrawl.tools.checkstyle.checks.imports.CustomImportOrderCheckTest
Tests run: 24, Failures: 0, Errors: 0, Skipped: 0, Time elapsed: 0.282 sec - in com.puppycrawl.tools.checkstyle.checks.imports.CustomImportOrderCheckTest
Running com.puppycrawl.tools.checkstyle.checks.imports.AvoidStarImportTest
Tests run: 6, Failures: 0, Errors: 0, Skipped: 0, Time elapsed: 0.072 sec - in com.puppycrawl.tools.checkstyle.checks.imports.AvoidStarImportTest
Running com.puppycrawl.tools.checkstyle.checks.SuppressWarningsHolderTest
Tests run: 2, Failures: 0, Errors: 0, Skipped: 0, Time elapsed: 0.04 sec - in com.puppycrawl.tools.checkstyle.checks.SuppressWarningsHolderTest
Running com.puppycrawl.tools.checkstyle.checks.UncommentedMainCheckTest
Tests run: 7, Failures: 0, Errors: 0, Skipped: 0, Time elapsed: 0.042 sec - in com.puppycrawl.tools.checkstyle.checks.UncommentedMainCheckTest
Running com.puppycrawl.tools.checkstyle.checks.UniquePropertiesCheckTest
Tests run: 3, Failures: 0, Errors: 0, Skipped: 0, Time elapsed: 0.022 sec - in com.puppycrawl.tools.checkstyle.checks.UniquePropertiesCheckTest
Running com.puppycrawl.tools.checkstyle.checks.DescendantTokenCheckTest
Tests run: 18, Failures: 0, Errors: 0, Skipped: 0, Time elapsed: 0.194 sec - in com.puppycrawl.tools.checkstyle.checks.DescendantTokenCheckTest
Running com.puppycrawl.tools.checkstyle.checks.header.HeaderCheckTest
Tests run: 7, Failures: 0, Errors: 0, Skipped: 0, Time elapsed: 0.04 sec - in com.puppycrawl.tools.checkstyle.checks.header.HeaderCheckTest
Running com.puppycrawl.tools.checkstyle.checks.header.RegexpHeaderCheckTest
Tests run: 20, Failures: 0, Errors: 0, Skipped: 0, Time elapsed: 0.095 sec - in com.puppycrawl.tools.checkstyle.checks.header.RegexpHeaderCheckTest
Running com.puppycrawl.tools.checkstyle.checks.blocks.LeftCurlyCheckTest
Tests run: 16, Failures: 0, Errors: 0, Skipped: 0, Time elapsed: 0.12 sec - in com.puppycrawl.tools.checkstyle.checks.blocks.LeftCurlyCheckTest
Running com.puppycrawl.tools.checkstyle.checks.blocks.RightCurlyCheckTest
Tests run: 13, Failures: 0, Errors: 0, Skipped: 0, Time elapsed: 0.108 sec - in com.puppycrawl.tools.checkstyle.checks.blocks.RightCurlyCheckTest
Running com.puppycrawl.tools.checkstyle.checks.blocks.EmptyCatchBlockCheckTest
Tests run: 3, Failures: 0, Errors: 0, Skipped: 0, Time elapsed: 0.034 sec - in com.puppycrawl.tools.checkstyle.checks.blocks.EmptyCatchBlockCheckTest
Running com.puppycrawl.tools.checkstyle.checks.blocks.AvoidNestedBlocksCheckTest
Tests run: 3, Failures: 0, Errors: 0, Skipped: 0, Time elapsed: 0.021 sec - in com.puppycrawl.tools.checkstyle.checks.blocks.AvoidNestedBlocksCheckTest
Running com.puppycrawl.tools.checkstyle.checks.blocks.EmptyBlockCheckTest
Tests run: 5, Failures: 0, Errors: 0, Skipped: 0, Time elapsed: 0.026 sec - in com.puppycrawl.tools.checkstyle.checks.blocks.EmptyBlockCheckTest
Running com.puppycrawl.tools.checkstyle.checks.blocks.NeedBracesCheckTest
Tests run: 6, Failures: 0, Errors: 0, Skipped: 0, Time elapsed: 0.022 sec - in com.puppycrawl.tools.checkstyle.checks.blocks.NeedBracesCheckTest
Running com.puppycrawl.tools.checkstyle.checks.TranslationCheckTest
Tests run: 2, Failures: 0, Errors: 0, Skipped: 0, Time elapsed: 0.007 sec - in com.puppycrawl.tools.checkstyle.checks.TranslationCheckTest
Running com.puppycrawl.tools.checkstyle.checks.FileSetCheckLifecycleTest
Tests run: 2, Failures: 0, Errors: 0, Skipped: 0, Time elapsed: 0.008 sec - in com.puppycrawl.tools.checkstyle.checks.FileSetCheckLifecycleTest
Running com.puppycrawl.tools.checkstyle.checks.OuterTypeFilenameCheckTest
Tests run: 8, Failures: 0, Errors: 0, Skipped: 0, Time elapsed: 0.02 sec - in com.puppycrawl.tools.checkstyle.checks.OuterTypeFilenameCheckTest
Running com.puppycrawl.tools.checkstyle.checks.TrailingCommentCheckTest
Tests run: 3, Failures: 0, Errors: 0, Skipped: 0, Time elapsed: 0.013 sec - in com.puppycrawl.tools.checkstyle.checks.TrailingCommentCheckTest
Running com.puppycrawl.tools.checkstyle.checks.CheckUtilsTest
Tests run: 4, Failures: 1, Errors: 0, Skipped: 0, Time elapsed: 0.011 sec <<< FAILURE! - in com.puppycrawl.tools.checkstyle.checks.CheckUtilsTest
testIsProperUtilsClass(com.puppycrawl.tools.checkstyle.checks.CheckUtilsTest)  Time elapsed: 0.004 sec  <<< FAILURE!
java.lang.AssertionError: null
	at org.junit.Assert.fail(Assert.java:86)
	at org.junit.Assert.fail(Assert.java:95)
	at com.puppycrawl.tools.checkstyle.checks.CheckUtilsTest.testIsProperUtilsClass(CheckUtilsTest.java:38)

Running com.puppycrawl.tools.checkstyle.checks.NewlineAtEndOfFileCheckTest
Tests run: 8, Failures: 0, Errors: 0, Skipped: 0, Time elapsed: 0.042 sec - in com.puppycrawl.tools.checkstyle.checks.NewlineAtEndOfFileCheckTest
Running com.puppycrawl.tools.checkstyle.comments.CommentsTest
Tests run: 3, Failures: 0, Errors: 0, Skipped: 0, Time elapsed: 0.026 sec - in com.puppycrawl.tools.checkstyle.comments.CommentsTest
Running com.puppycrawl.tools.checkstyle.comments.AllSinglelineCommentsTest
Tests run: 1, Failures: 0, Errors: 0, Skipped: 0, Time elapsed: 0.027 sec - in com.puppycrawl.tools.checkstyle.comments.AllSinglelineCommentsTest
Running com.puppycrawl.tools.checkstyle.comments.AllBlockCommentsTest
Tests run: 1, Failures: 0, Errors: 0, Skipped: 0, Time elapsed: 0.022 sec - in com.puppycrawl.tools.checkstyle.comments.AllBlockCommentsTest
Running com.puppycrawl.tools.checkstyle.filters.FilterSetTest
Tests run: 8, Failures: 0, Errors: 0, Skipped: 0, Time elapsed: 0.428 sec - in com.puppycrawl.tools.checkstyle.filters.FilterSetTest
Running com.puppycrawl.tools.checkstyle.filters.SeverityMatchFilterTest
Tests run: 3, Failures: 0, Errors: 0, Skipped: 0, Time elapsed: 0 sec - in com.puppycrawl.tools.checkstyle.filters.SeverityMatchFilterTest
Running com.puppycrawl.tools.checkstyle.filters.SuppressElementTest
Tests run: 15, Failures: 0, Errors: 0, Skipped: 0, Time elapsed: 0.071 sec - in com.puppycrawl.tools.checkstyle.filters.SuppressElementTest
Running com.puppycrawl.tools.checkstyle.filters.SuppressionsLoaderTest
Tests run: 15, Failures: 0, Errors: 0, Skipped: 0, Time elapsed: 1.664 sec - in com.puppycrawl.tools.checkstyle.filters.SuppressionsLoaderTest
Running com.puppycrawl.tools.checkstyle.filters.CSVFilterTest
Tests run: 6, Failures: 0, Errors: 0, Skipped: 0, Time elapsed: 0.016 sec - in com.puppycrawl.tools.checkstyle.filters.CSVFilterTest
Running com.puppycrawl.tools.checkstyle.filters.SuppressionFilterTest
Tests run: 2, Failures: 0, Errors: 0, Skipped: 0, Time elapsed: 0.027 sec - in com.puppycrawl.tools.checkstyle.filters.SuppressionFilterTest
Running com.puppycrawl.tools.checkstyle.filters.IntRangeFilterTest
Tests run: 5, Failures: 0, Errors: 0, Skipped: 0, Time elapsed: 0.009 sec - in com.puppycrawl.tools.checkstyle.filters.IntRangeFilterTest
Running com.puppycrawl.tools.checkstyle.filters.IntMatchFilterTest
Tests run: 3, Failures: 0, Errors: 0, Skipped: 0, Time elapsed: 0.001 sec - in com.puppycrawl.tools.checkstyle.filters.IntMatchFilterTest
Running com.puppycrawl.tools.checkstyle.filters.SuppressionCommentFilterTest
Tests run: 15, Failures: 0, Errors: 0, Skipped: 0, Time elapsed: 0.326 sec - in com.puppycrawl.tools.checkstyle.filters.SuppressionCommentFilterTest
Running com.puppycrawl.tools.checkstyle.filters.SuppressWithNearbyCommentFilterTest
Tests run: 15, Failures: 0, Errors: 0, Skipped: 0, Time elapsed: 0.142 sec - in com.puppycrawl.tools.checkstyle.filters.SuppressWithNearbyCommentFilterTest
Running com.puppycrawl.tools.checkstyle.filters.SuppressWarningsFilterTest
Tests run: 2, Failures: 0, Errors: 0, Skipped: 0, Time elapsed: 0.014 sec - in com.puppycrawl.tools.checkstyle.filters.SuppressWarningsFilterTest
Running com.puppycrawl.tools.checkstyle.grammars.java8.LambdaTest
Tests run: 18, Failures: 0, Errors: 0, Skipped: 0, Time elapsed: 0.056 sec - in com.puppycrawl.tools.checkstyle.grammars.java8.LambdaTest
Running com.puppycrawl.tools.checkstyle.grammars.java8.AnnotationTest
Tests run: 10, Failures: 0, Errors: 0, Skipped: 0, Time elapsed: 0.02 sec - in com.puppycrawl.tools.checkstyle.grammars.java8.AnnotationTest
Running com.puppycrawl.tools.checkstyle.grammars.java8.DefaulMethodsTest
Tests run: 2, Failures: 0, Errors: 0, Skipped: 0, Time elapsed: 0.027 sec - in com.puppycrawl.tools.checkstyle.grammars.java8.DefaulMethodsTest
Running com.puppycrawl.tools.checkstyle.grammars.java8.MethodReferencesTest
Tests run: 3, Failures: 0, Errors: 0, Skipped: 0, Time elapsed: 0.007 sec - in com.puppycrawl.tools.checkstyle.grammars.java8.MethodReferencesTest
Running com.puppycrawl.tools.checkstyle.grammars.UnicodeEscapeTest
Tests run: 1, Failures: 0, Errors: 0, Skipped: 0, Time elapsed: 0.011 sec - in com.puppycrawl.tools.checkstyle.grammars.UnicodeEscapeTest
Running com.puppycrawl.tools.checkstyle.grammars.Java7DiamondTest
Tests run: 1, Failures: 0, Errors: 0, Skipped: 0, Time elapsed: 0 sec - in com.puppycrawl.tools.checkstyle.grammars.Java7DiamondTest
Running com.puppycrawl.tools.checkstyle.grammars.LineCommentAtTheEndOfFileTest
Tests run: 1, Failures: 0, Errors: 0, Skipped: 0, Time elapsed: 0.001 sec - in com.puppycrawl.tools.checkstyle.grammars.LineCommentAtTheEndOfFileTest
Running com.puppycrawl.tools.checkstyle.grammars.Java7MultiCatchTest
Tests run: 1, Failures: 0, Errors: 0, Skipped: 0, Time elapsed: 0.003 sec - in com.puppycrawl.tools.checkstyle.grammars.Java7MultiCatchTest
Running com.puppycrawl.tools.checkstyle.grammars.HexFloatsTest
Tests run: 1, Failures: 0, Errors: 0, Skipped: 0, Time elapsed: 0.019 sec - in com.puppycrawl.tools.checkstyle.grammars.HexFloatsTest
Running com.puppycrawl.tools.checkstyle.grammars.MultiDimensionalArraysInGenericsTest
Tests run: 1, Failures: 0, Errors: 0, Skipped: 0, Time elapsed: 0.009 sec - in com.puppycrawl.tools.checkstyle.grammars.MultiDimensionalArraysInGenericsTest
Running com.puppycrawl.tools.checkstyle.grammars.EmbeddedNullCharTest
Tests run: 1, Failures: 0, Errors: 0, Skipped: 0, Time elapsed: 0.003 sec - in com.puppycrawl.tools.checkstyle.grammars.EmbeddedNullCharTest
Running com.puppycrawl.tools.checkstyle.grammars.Java7NumericalLiteralsTest
Tests run: 1, Failures: 0, Errors: 0, Skipped: 0, Time elapsed: 0.006 sec - in com.puppycrawl.tools.checkstyle.grammars.Java7NumericalLiteralsTest
Running com.puppycrawl.tools.checkstyle.grammars.GeneratedJava14LexerTest
Tests run: 2, Failures: 0, Errors: 0, Skipped: 0, Time elapsed: 0.006 sec - in com.puppycrawl.tools.checkstyle.grammars.GeneratedJava14LexerTest
Running com.puppycrawl.tools.checkstyle.grammars.Java7TryWithResourcesTest
Tests run: 1, Failures: 0, Errors: 0, Skipped: 0, Time elapsed: 0.003 sec - in com.puppycrawl.tools.checkstyle.grammars.Java7TryWithResourcesTest
Running com.puppycrawl.tools.checkstyle.grammars.Java7StringSwitchTest
Tests run: 1, Failures: 0, Errors: 0, Skipped: 0, Time elapsed: 0.003 sec - in com.puppycrawl.tools.checkstyle.grammars.Java7StringSwitchTest
Running com.puppycrawl.tools.checkstyle.grammars.VarargTest
Tests run: 1, Failures: 0, Errors: 0, Skipped: 0, Time elapsed: 0.003 sec - in com.puppycrawl.tools.checkstyle.grammars.VarargTest
Running com.puppycrawl.tools.checkstyle.api.LineColumnTest
Tests run: 4, Failures: 0, Errors: 0, Skipped: 0, Time elapsed: 0.064 sec - in com.puppycrawl.tools.checkstyle.api.LineColumnTest
Running com.puppycrawl.tools.checkstyle.api.JavadocTagInfoTest
Tests run: 12, Failures: 0, Errors: 0, Skipped: 0, Time elapsed: 0.002 sec - in com.puppycrawl.tools.checkstyle.api.JavadocTagInfoTest
Running com.puppycrawl.tools.checkstyle.api.TokenTypesTest
Tests run: 2, Failures: 0, Errors: 0, Skipped: 0, Time elapsed: 0.001 sec - in com.puppycrawl.tools.checkstyle.api.TokenTypesTest
Running com.puppycrawl.tools.checkstyle.api.DetailASTTest
Tests run: 4, Failures: 0, Errors: 0, Skipped: 0, Time elapsed: 0.618 sec - in com.puppycrawl.tools.checkstyle.api.DetailASTTest
Running com.puppycrawl.tools.checkstyle.api.AbstractViolationReporterTest
Tests run: 6, Failures: 0, Errors: 0, Skipped: 0, Time elapsed: 0.002 sec - in com.puppycrawl.tools.checkstyle.api.AbstractViolationReporterTest
Running com.puppycrawl.tools.checkstyle.api.ScopeTest
Tests run: 9, Failures: 0, Errors: 0, Skipped: 0, Time elapsed: 0.002 sec - in com.puppycrawl.tools.checkstyle.api.ScopeTest
Running com.puppycrawl.tools.checkstyle.api.LocalizedMessageTest
Tests run: 9, Failures: 0, Errors: 0, Skipped: 0, Time elapsed: 0.207 sec - in com.puppycrawl.tools.checkstyle.api.LocalizedMessageTest
Running com.puppycrawl.tools.checkstyle.api.FileContentsTest
Tests run: 3, Failures: 0, Errors: 0, Skipped: 0, Time elapsed: 0 sec - in com.puppycrawl.tools.checkstyle.api.FileContentsTest
Running com.puppycrawl.tools.checkstyle.api.JavadocTokenTypesTest
Tests run: 1, Failures: 0, Errors: 0, Skipped: 0, Time elapsed: 0 sec - in com.puppycrawl.tools.checkstyle.api.JavadocTokenTypesTest
Running com.puppycrawl.tools.checkstyle.api.FullIdentTest
Tests run: 1, Failures: 0, Errors: 0, Skipped: 0, Time elapsed: 0 sec - in com.puppycrawl.tools.checkstyle.api.FullIdentTest
Running com.puppycrawl.tools.checkstyle.api.AutomaticBeanTest
Tests run: 5, Failures: 0, Errors: 0, Skipped: 0, Time elapsed: 0.024 sec - in com.puppycrawl.tools.checkstyle.api.AutomaticBeanTest
Running com.puppycrawl.tools.checkstyle.api.SeverityLevelTest
Tests run: 3, Failures: 0, Errors: 0, Skipped: 0, Time elapsed: 0.001 sec - in com.puppycrawl.tools.checkstyle.api.SeverityLevelTest
Running com.puppycrawl.tools.checkstyle.api.SeverityLevelCounterTest
Tests run: 3, Failures: 0, Errors: 0, Skipped: 0, Time elapsed: 0.001 sec - in com.puppycrawl.tools.checkstyle.api.SeverityLevelCounterTest
Running com.puppycrawl.tools.checkstyle.api.CheckTest
Tests run: 2, Failures: 0, Errors: 0, Skipped: 0, Time elapsed: 0.001 sec - in com.puppycrawl.tools.checkstyle.api.CheckTest
Running com.puppycrawl.tools.checkstyle.api.FileTextTest
Tests run: 2, Failures: 0, Errors: 0, Skipped: 0, Time elapsed: 0.002 sec - in com.puppycrawl.tools.checkstyle.api.FileTextTest
Running com.puppycrawl.tools.checkstyle.AnnotationUtilityTest
Tests run: 10, Failures: 0, Errors: 0, Skipped: 0, Time elapsed: 0.002 sec - in com.puppycrawl.tools.checkstyle.AnnotationUtilityTest
Running com.puppycrawl.tools.checkstyle.PropertiesExpanderTest
Tests run: 1, Failures: 0, Errors: 0, Skipped: 0, Time elapsed: 0 sec - in com.puppycrawl.tools.checkstyle.PropertiesExpanderTest
Running com.puppycrawl.tools.checkstyle.MainTest
Tests run: 24, Failures: 0, Errors: 0, Skipped: 0, Time elapsed: 0.522 sec - in com.puppycrawl.tools.checkstyle.MainTest
Running com.puppycrawl.tools.checkstyle.PackageNamesLoaderTest
Tests run: 5, Failures: 0, Errors: 0, Skipped: 0, Time elapsed: 0.029 sec - in com.puppycrawl.tools.checkstyle.PackageNamesLoaderTest
Running com.puppycrawl.tools.checkstyle.ConfigurationLoaderTest
Tests run: 24, Failures: 0, Errors: 0, Skipped: 0, Time elapsed: 1.204 sec - in com.puppycrawl.tools.checkstyle.ConfigurationLoaderTest
Running com.puppycrawl.tools.checkstyle.XMLLoggerTest
Tests run: 10, Failures: 0, Errors: 0, Skipped: 0, Time elapsed: 0.003 sec - in com.puppycrawl.tools.checkstyle.XMLLoggerTest
Running com.puppycrawl.tools.checkstyle.CheckerTest
Tests run: 12, Failures: 0, Errors: 0, Skipped: 0, Time elapsed: 0.005 sec - in com.puppycrawl.tools.checkstyle.CheckerTest
Running com.puppycrawl.tools.checkstyle.ScopeUtilsTest
Tests run: 12, Failures: 0, Errors: 0, Skipped: 0, Time elapsed: 0.001 sec - in com.puppycrawl.tools.checkstyle.ScopeUtilsTest
Running com.puppycrawl.tools.checkstyle.DefaultLoggerTest
Tests run: 1, Failures: 0, Errors: 0, Skipped: 0, Time elapsed: 0 sec - in com.puppycrawl.tools.checkstyle.DefaultLoggerTest
Running com.puppycrawl.tools.checkstyle.PackageObjectFactoryTest
Tests run: 5, Failures: 0, Errors: 0, Skipped: 0, Time elapsed: 0 sec - in com.puppycrawl.tools.checkstyle.PackageObjectFactoryTest
Running com.puppycrawl.tools.checkstyle.PropertyCacheFileTest
Tests run: 4, Failures: 0, Errors: 0, Skipped: 0, Time elapsed: 0.262 sec - in com.puppycrawl.tools.checkstyle.PropertyCacheFileTest
Running com.puppycrawl.tools.checkstyle.DefinitionsTest
Tests run: 1, Failures: 0, Errors: 0, Skipped: 0, Time elapsed: 0.001 sec - in com.puppycrawl.tools.checkstyle.DefinitionsTest
Running com.puppycrawl.tools.checkstyle.DefaultConfigurationTest
Tests run: 1, Failures: 0, Errors: 0, Skipped: 0, Time elapsed: 0.001 sec - in com.puppycrawl.tools.checkstyle.DefaultConfigurationTest
Running com.puppycrawl.tools.checkstyle.TreeWalkerTest
Aug 15, 2015 6:21:07 AM com.puppycrawl.tools.checkstyle.TreeWalker processFiltered
SEVERE: TokenStreamRecognitionException occurred during the analysis of file /tmp/junit2907950169332792032/file.java.
Aug 15, 2015 6:21:07 AM com.puppycrawl.tools.checkstyle.TreeWalker processFiltered
SEVERE: NoViableAltException occurred during the analysis of file /tmp/junit2132911819536553411/file.java.
/tmp/junit2132911819536553411/file.java:1:2: unexpected token: classD
	at com.puppycrawl.tools.checkstyle.grammars.GeneratedJavaRecognizer.compilationUnit(GeneratedJavaRecognizer.java:180)
	at com.puppycrawl.tools.checkstyle.TreeWalker.parse(TreeWalker.java:459)
	at com.puppycrawl.tools.checkstyle.TreeWalker.processFiltered(TreeWalker.java:197)
	at com.puppycrawl.tools.checkstyle.TreeWalkerTest.testProcessWithParserTrowable(TreeWalkerTest.java:278)
	at sun.reflect.NativeMethodAccessorImpl.invoke0(Native Method)
	at sun.reflect.NativeMethodAccessorImpl.invoke(NativeMethodAccessorImpl.java:62)
	at sun.reflect.DelegatingMethodAccessorImpl.invoke(DelegatingMethodAccessorImpl.java:43)
	at java.lang.reflect.Method.invoke(Method.java:483)
	at org.junit.runners.model.FrameworkMethod$1.runReflectiveCall(FrameworkMethod.java:50)
	at org.junit.internal.runners.model.ReflectiveCallable.run(ReflectiveCallable.java:12)
	at org.junit.runners.model.FrameworkMethod.invokeExplosively(FrameworkMethod.java:47)
	at org.junit.internal.runners.statements.InvokeMethod.evaluate(InvokeMethod.java:17)
	at org.junit.rules.ExternalResource$1.evaluate(ExternalResource.java:48)
	at org.junit.rules.RunRules.evaluate(RunRules.java:20)
	at org.junit.runners.ParentRunner.runLeaf(ParentRunner.java:325)
	at org.junit.runners.BlockJUnit4ClassRunner.runChild(BlockJUnit4ClassRunner.java:78)
	at org.junit.runners.BlockJUnit4ClassRunner.runChild(BlockJUnit4ClassRunner.java:57)
	at org.junit.runners.ParentRunner$3.run(ParentRunner.java:290)
	at org.junit.runners.ParentRunner$1.schedule(ParentRunner.java:71)
	at org.junit.runners.ParentRunner.runChildren(ParentRunner.java:288)
	at org.junit.runners.ParentRunner.access$000(ParentRunner.java:58)
	at org.junit.runners.ParentRunner$2.evaluate(ParentRunner.java:268)
	at org.junit.runners.ParentRunner.run(ParentRunner.java:363)
	at org.apache.maven.surefire.junit4.JUnit4Provider.execute(JUnit4Provider.java:283)
	at org.apache.maven.surefire.junit4.JUnit4Provider.executeWithRerun(JUnit4Provider.java:173)
	at org.apache.maven.surefire.junit4.JUnit4Provider.executeTestSet(JUnit4Provider.java:153)
	at org.apache.maven.surefire.junit4.JUnit4Provider.invoke(JUnit4Provider.java:128)
	at org.apache.maven.surefire.booter.ForkedBooter.invokeProviderInSameClassLoader(ForkedBooter.java:203)
	at org.apache.maven.surefire.booter.ForkedBooter.runSuitesInProcess(ForkedBooter.java:155)
	at org.apache.maven.surefire.booter.ForkedBooter.main(ForkedBooter.java:103)

Aug 15, 2015 6:21:07 AM com.puppycrawl.tools.checkstyle.TreeWalker registerCheck
WARNING: Check 'com.puppycrawl.tools.checkstyle.TreeWalkerTest$BadJavaDocCheck' waits for comment type token ('SINGLE_LINE_COMMENT') and should override 'isCommentNodesRequred()' method to return 'true'
Tests run: 14, Failures: 0, Errors: 0, Skipped: 0, Time elapsed: 0.12 sec - in com.puppycrawl.tools.checkstyle.TreeWalkerTest
Running com.puppycrawl.tools.checkstyle.UtilsTest
Tests run: 21, Failures: 0, Errors: 0, Skipped: 0, Time elapsed: 0.012 sec - in com.puppycrawl.tools.checkstyle.UtilsTest
Running com.puppycrawl.tools.checkstyle.AllChecksPresentOnAvailableChecksPageTest
Tests run: 1, Failures: 0, Errors: 0, Skipped: 0, Time elapsed: 0.172 sec - in com.puppycrawl.tools.checkstyle.AllChecksPresentOnAvailableChecksPageTest

Results :

Failed tests: 
  CheckUtilsTest.testIsProperUtilsClass:38 null

Tests run: 1422, Failures: 1, Errors: 0, Skipped: 0

[INFO] ------------------------------------------------------------------------
[INFO] BUILD FAILURE
[INFO] ------------------------------------------------------------------------
[INFO] Total time: 01:38 min
[INFO] Finished at: 2015-08-15T06:21:07+00:00
[INFO] Final Memory: 34M/417M
[INFO] ------------------------------------------------------------------------
[ERROR] Failed to execute goal org.apache.maven.plugins:maven-surefire-plugin:2.18.1:test (default-test) on project checkstyle: There are test failures.
[ERROR] 
[ERROR] Please refer to /home/travis/build/checkstyle/checkstyle/target/surefire-reports for the individual test results.
[ERROR] -> [Help 1]
[ERROR] 
[ERROR] To see the full stack trace of the errors, re-run Maven with the -e switch.
[ERROR] Re-run Maven using the -X switch to enable full debug logging.
[ERROR] 
[ERROR] For more information about the errors and possible solutions, please read the following articles:
[ERROR] [Help 1] http://cwiki.apache.org/confluence/display/MAVEN/MojoFailureException
travis_time:end:0fac197b:start=1439619568303050245,finish=1439619668342632003,duration=100039581758[0K
[31;1mThe command "eval $CMD" exited with 1.[0m
travis_fold:start:cache.2[0Kstore build cache
travis_time:start:06eb5eec[0Kchange detected:
/home/travis/.m2/repository/commons-io/commons-io/2.5-SNAPSHOT/resolver-status.properties
/home/travis/.m2/repository/commons-io/commons-io/2.5-SNAPSHOT/resolver-status.properties
/home/travis/.m2/repository/commons-io/commons-io/resolver-status.properties
/home/travis/.m2/repository/commons-io/commons-io/resolver-status.properties
/home/travis/.m2/repository/junit/junit-dep/resolver-status.properties
/home/travis/.m2/repository/junit/junit-dep/resolver-status.properties

changes detected, packing new archive
.
uploading archive
travis_time:end:06eb5eec:start=1439619668346754091,finish=1439619678182243279,duration=9835489188[0Ktravis_fold:end:cache.2[0K
Done. Your build exited with 1.
