Using worker: worker-linux-docker-f1471918.prod.travis-ci.org:travis-linux-4

travis_fold:start:system_info[0K[33;1mBuild system information[0m
Build language: java
[34m[1mBuild image provisioning date and time[0m
Thu Feb  5 15:09:33 UTC 2015
[34m[1mOperating System Details[0m
Distributor ID:	Ubuntu
Description:	Ubuntu 12.04.5 LTS
Release:	12.04
Codename:	precise
[34m[1mLinux Version[0m
3.13.0-29-generic
[34m[1mCookbooks Version[0m
a68419e https://github.com/travis-ci/travis-cookbooks/tree/a68419e
[34m[1mGCC version[0m
gcc (Ubuntu/Linaro 4.6.3-1ubuntu5) 4.6.3
Copyright (C) 2011 Free Software Foundation, Inc.
This is free software; see the source for copying conditions.  There is NO
warranty; not even for MERCHANTABILITY or FITNESS FOR A PARTICULAR PURPOSE.

[34m[1mLLVM version[0m
clang version 3.4 (tags/RELEASE_34/final)
Target: x86_64-unknown-linux-gnu
Thread model: posix
[34m[1mPre-installed Ruby versions[0m
ruby-1.9.3-p551
[34m[1mPre-installed Node.js versions[0m
v0.10.36
[34m[1mPre-installed Go versions[0m
1.4.1
[34m[1mRedis version[0m
redis-server 2.8.19
[34m[1mriak version[0m
2.0.2
[34m[1mMongoDB version[0m
MongoDB 2.4.12
[34m[1mCouchDB version[0m
couchdb 1.6.1
[34m[1mNeo4j version[0m
1.9.4
[34m[1mRabbitMQ Version[0m
3.4.3
[34m[1mElasticSearch version[0m
1.4.0
[34m[1mInstalled Sphinx versions[0m
2.0.10
2.1.9
2.2.6
[34m[1mDefault Sphinx version[0m
2.2.6
[34m[1mInstalled Firefox version[0m
firefox 31.0esr
[34m[1mPhantomJS version[0m
1.9.8
[34m[1mant -version[0m
Apache Ant(TM) version 1.8.2 compiled on December 3 2011
[34m[1mmvn -version[0m
Apache Maven 3.2.5 (12a6b3acb947671f09b81f49094c53f426d8cea1; 2014-12-14T17:29:23+00:00)
Maven home: /usr/local/maven
Java version: 1.7.0_76, vendor: Oracle Corporation
Java home: /usr/lib/jvm/java-7-oracle/jre
Default locale: en_US, platform encoding: ANSI_X3.4-1968
OS name: "linux", version: "3.13.0-29-generic", arch: "amd64", family: "unix"
travis_fold:end:system_info[0K
travis_fold:start:git.checkout[0Ktravis_time:start:0331fea4[0K$ git clone --depth=50 --branch=master https://github.com/checkstyle/checkstyle.git checkstyle/checkstyle
Cloning into 'checkstyle/checkstyle'...
remote: Counting objects: 2328, done.[K
remote: Compressing objects:   0% (1/1671)   [Kremote: Compressing objects:   1% (17/1671)   [Kremote: Compressing objects:   2% (34/1671)   [Kremote: Compressing objects:   3% (51/1671)   [Kremote: Compressing objects:   4% (67/1671)   [Kremote: Compressing objects:   5% (84/1671)   [Kremote: Compressing objects:   6% (101/1671)   [Kremote: Compressing objects:   7% (117/1671)   [Kremote: Compressing objects:   8% (134/1671)   [Kremote: Compressing objects:   9% (151/1671)   [Kremote: Compressing objects:  10% (168/1671)   [Kremote: Compressing objects:  11% (184/1671)   [Kremote: Compressing objects:  12% (201/1671)   [Kremote: Compressing objects:  13% (218/1671)   [Kremote: Compressing objects:  14% (234/1671)   [Kremote: Compressing objects:  15% (251/1671)   [Kremote: Compressing objects:  16% (268/1671)   [Kremote: Compressing objects:  17% (285/1671)   [Kremote: Compressing objects:  18% (301/1671)   [Kremote: Compressing objects:  19% (318/1671)   [Kremote: Compressing objects:  20% (335/1671)   [Kremote: Compressing objects:  21% (351/1671)   [Kremote: Compressing objects:  22% (368/1671)   [Kremote: Compressing objects:  23% (385/1671)   [Kremote: Compressing objects:  24% (402/1671)   [Kremote: Compressing objects:  25% (418/1671)   [Kremote: Compressing objects:  26% (435/1671)   [Kremote: Compressing objects:  27% (452/1671)   [Kremote: Compressing objects:  28% (468/1671)   [Kremote: Compressing objects:  29% (485/1671)   [Kremote: Compressing objects:  30% (502/1671)   [Kremote: Compressing objects:  31% (519/1671)   [Kremote: Compressing objects:  32% (535/1671)   [Kremote: Compressing objects:  33% (552/1671)   [Kremote: Compressing objects:  34% (569/1671)   [Kremote: Compressing objects:  35% (585/1671)   [Kremote: Compressing objects:  36% (602/1671)   [Kremote: Compressing objects:  37% (619/1671)   [Kremote: Compressing objects:  38% (635/1671)   [Kremote: Compressing objects:  39% (652/1671)   [Kremote: Compressing objects:  40% (669/1671)   [Kremote: Compressing objects:  41% (686/1671)   [Kremote: Compressing objects:  42% (702/1671)   [Kremote: Compressing objects:  43% (719/1671)   [Kremote: Compressing objects:  44% (736/1671)   [Kremote: Compressing objects:  45% (752/1671)   [Kremote: Compressing objects:  46% (769/1671)   [Kremote: Compressing objects:  47% (786/1671)   [Kremote: Compressing objects:  48% (803/1671)   [Kremote: Compressing objects:  49% (819/1671)   [Kremote: Compressing objects:  50% (836/1671)   [Kremote: Compressing objects:  51% (853/1671)   [Kremote: Compressing objects:  52% (869/1671)   [Kremote: Compressing objects:  53% (886/1671)   [Kremote: Compressing objects:  54% (903/1671)   [Kremote: Compressing objects:  55% (920/1671)   [Kremote: Compressing objects:  56% (936/1671)   [Kremote: Compressing objects:  57% (953/1671)   [Kremote: Compressing objects:  58% (970/1671)   [Kremote: Compressing objects:  59% (986/1671)   [Kremote: Compressing objects:  60% (1003/1671)   [Kremote: Compressing objects:  61% (1020/1671)   [Kremote: Compressing objects:  62% (1037/1671)   [Kremote: Compressing objects:  63% (1053/1671)   [Kremote: Compressing objects:  64% (1070/1671)   [Kremote: Compressing objects:  65% (1087/1671)   [Kremote: Compressing objects:  66% (1103/1671)   [Kremote: Compressing objects:  67% (1120/1671)   [Kremote: Compressing objects:  68% (1137/1671)   [Kremote: Compressing objects:  69% (1153/1671)   [Kremote: Compressing objects:  70% (1170/1671)   [Kremote: Compressing objects:  71% (1187/1671)   [Kremote: Compressing objects:  72% (1204/1671)   [Kremote: Compressing objects:  73% (1220/1671)   [Kremote: Compressing objects:  74% (1237/1671)   [Kremote: Compressing objects:  75% (1254/1671)   [Kremote: Compressing objects:  76% (1270/1671)   [Kremote: Compressing objects:  77% (1287/1671)   [Kremote: Compressing objects:  78% (1304/1671)   [Kremote: Compressing objects:  79% (1321/1671)   [Kremote: Compressing objects:  80% (1337/1671)   [Kremote: Compressing objects:  81% (1354/1671)   [Kremote: Compressing objects:  82% (1371/1671)   [Kremote: Compressing objects:  83% (1387/1671)   [Kremote: Compressing objects:  84% (1404/1671)   [Kremote: Compressing objects:  85% (1421/1671)   [Kremote: Compressing objects:  86% (1438/1671)   [Kremote: Compressing objects:  87% (1454/1671)   [Kremote: Compressing objects:  88% (1471/1671)   [Kremote: Compressing objects:  89% (1488/1671)   [Kremote: Compressing objects:  90% (1504/1671)   [Kremote: Compressing objects:  91% (1521/1671)   [Kremote: Compressing objects:  92% (1538/1671)   [Kremote: Compressing objects:  93% (1555/1671)   [Kremote: Compressing objects:  94% (1571/1671)   [Kremote: Compressing objects:  95% (1588/1671)   [Kremote: Compressing objects:  96% (1605/1671)   [Kremote: Compressing objects:  97% (1621/1671)   [Kremote: Compressing objects:  98% (1638/1671)   [Kremote: Compressing objects:  99% (1655/1671)   [Kremote: Compressing objects: 100% (1671/1671)   [Kremote: Compressing objects: 100% (1671/1671), done.[K
Receiving objects:   0% (1/2328)   Receiving objects:   1% (24/2328)   Receiving objects:   2% (47/2328)   Receiving objects:   3% (70/2328)   Receiving objects:   4% (94/2328)   Receiving objects:   5% (117/2328)   Receiving objects:   6% (140/2328)   Receiving objects:   7% (163/2328)   Receiving objects:   8% (187/2328)   Receiving objects:   9% (210/2328)   Receiving objects:  10% (233/2328)   Receiving objects:  11% (257/2328)   Receiving objects:  12% (280/2328)   Receiving objects:  13% (303/2328)   Receiving objects:  14% (326/2328)   Receiving objects:  15% (350/2328)   Receiving objects:  16% (373/2328)   Receiving objects:  17% (396/2328)   Receiving objects:  18% (420/2328)   Receiving objects:  19% (443/2328)   Receiving objects:  20% (466/2328)   Receiving objects:  21% (489/2328)   Receiving objects:  22% (513/2328)   Receiving objects:  23% (536/2328)   Receiving objects:  24% (559/2328)   Receiving objects:  25% (582/2328)   Receiving objects:  26% (606/2328)   Receiving objects:  27% (629/2328)   Receiving objects:  28% (652/2328)   Receiving objects:  29% (676/2328)   Receiving objects:  30% (699/2328)   Receiving objects:  31% (722/2328)   Receiving objects:  32% (745/2328)   Receiving objects:  33% (769/2328)   Receiving objects:  34% (792/2328)   Receiving objects:  35% (815/2328)   Receiving objects:  36% (839/2328)   Receiving objects:  37% (862/2328)   Receiving objects:  38% (885/2328)   Receiving objects:  39% (908/2328)   Receiving objects:  40% (932/2328)   Receiving objects:  41% (955/2328)   Receiving objects:  42% (978/2328)   Receiving objects:  43% (1002/2328)   Receiving objects:  44% (1025/2328)   Receiving objects:  45% (1048/2328)   Receiving objects:  46% (1071/2328)   Receiving objects:  47% (1095/2328)   Receiving objects:  48% (1118/2328)   Receiving objects:  49% (1141/2328)   Receiving objects:  50% (1164/2328)   Receiving objects:  51% (1188/2328)   Receiving objects:  52% (1211/2328)   Receiving objects:  53% (1234/2328)   Receiving objects:  54% (1258/2328)   Receiving objects:  55% (1281/2328)   Receiving objects:  56% (1304/2328)   Receiving objects:  57% (1327/2328)   Receiving objects:  58% (1351/2328)   Receiving objects:  59% (1374/2328)   Receiving objects:  60% (1397/2328)   Receiving objects:  61% (1421/2328)   Receiving objects:  62% (1444/2328)   Receiving objects:  63% (1467/2328)   Receiving objects:  64% (1490/2328)   Receiving objects:  65% (1514/2328)   Receiving objects:  66% (1537/2328)   Receiving objects:  67% (1560/2328)   Receiving objects:  68% (1584/2328)   Receiving objects:  69% (1607/2328)   Receiving objects:  70% (1630/2328)   Receiving objects:  71% (1653/2328)   Receiving objects:  72% (1677/2328)   Receiving objects:  73% (1700/2328)   Receiving objects:  74% (1723/2328)   Receiving objects:  75% (1746/2328)   Receiving objects:  76% (1770/2328)   Receiving objects:  77% (1793/2328)   Receiving objects:  78% (1816/2328)   Receiving objects:  79% (1840/2328)   Receiving objects:  80% (1863/2328)   Receiving objects:  81% (1886/2328)   Receiving objects:  82% (1909/2328)   Receiving objects:  83% (1933/2328)   Receiving objects:  84% (1956/2328)   Receiving objects:  85% (1979/2328)   Receiving objects:  86% (2003/2328)   Receiving objects:  87% (2026/2328)   Receiving objects:  88% (2049/2328)   Receiving objects:  89% (2072/2328)   Receiving objects:  90% (2096/2328)   Receiving objects:  91% (2119/2328)   Receiving objects:  92% (2142/2328)   Receiving objects:  93% (2166/2328)   Receiving objects:  94% (2189/2328)   remote: Total 2328 (delta 878), reused 1277 (delta 453), pack-reused 0[K
Receiving objects:  95% (2212/2328)   Receiving objects:  96% (2235/2328)   Receiving objects:  97% (2259/2328)   Receiving objects:  98% (2282/2328)   Receiving objects:  99% (2305/2328)   Receiving objects: 100% (2328/2328)   Receiving objects: 100% (2328/2328), 3.40 MiB | 0 bytes/s, done.
Resolving deltas:   0% (0/878)   Resolving deltas:   5% (48/878)   Resolving deltas:   6% (56/878)   Resolving deltas:   7% (62/878)   Resolving deltas:   8% (72/878)   Resolving deltas:   9% (81/878)   Resolving deltas:  11% (97/878)   Resolving deltas:  12% (111/878)   Resolving deltas:  13% (116/878)   Resolving deltas:  14% (123/878)   Resolving deltas:  15% (132/878)   Resolving deltas:  16% (141/878)   Resolving deltas:  17% (151/878)   Resolving deltas:  18% (160/878)   Resolving deltas:  19% (169/878)   Resolving deltas:  20% (176/878)   Resolving deltas:  21% (186/878)   Resolving deltas:  22% (200/878)   Resolving deltas:  24% (215/878)   Resolving deltas:  25% (222/878)   Resolving deltas:  27% (238/878)   Resolving deltas:  28% (248/878)   Resolving deltas:  29% (256/878)   Resolving deltas:  30% (264/878)   Resolving deltas:  32% (288/878)   Resolving deltas:  33% (291/878)   Resolving deltas:  34% (303/878)   Resolving deltas:  35% (311/878)   Resolving deltas:  36% (318/878)   Resolving deltas:  37% (325/878)   Resolving deltas:  38% (336/878)   Resolving deltas:  39% (343/878)   Resolving deltas:  40% (355/878)   Resolving deltas:  41% (363/878)   Resolving deltas:  42% (369/878)   Resolving deltas:  43% (378/878)   Resolving deltas:  44% (389/878)   Resolving deltas:  45% (398/878)   Resolving deltas:  46% (412/878)   Resolving deltas:  48% (425/878)   Resolving deltas:  49% (432/878)   Resolving deltas:  50% (440/878)   Resolving deltas:  51% (449/878)   Resolving deltas:  52% (461/878)   Resolving deltas:  53% (467/878)   Resolving deltas:  54% (476/878)   Resolving deltas:  55% (485/878)   Resolving deltas:  56% (492/878)   Resolving deltas:  57% (501/878)   Resolving deltas:  58% (510/878)   Resolving deltas:  59% (522/878)   Resolving deltas:  60% (527/878)   Resolving deltas:  61% (536/878)   Resolving deltas:  62% (545/878)   Resolving deltas:  63% (558/878)   Resolving deltas:  64% (564/878)   Resolving deltas:  65% (573/878)   Resolving deltas:  72% (638/878)   Resolving deltas:  73% (641/878)   Resolving deltas:  74% (652/878)   Resolving deltas:  77% (684/878)   Resolving deltas:  78% (685/878)   Resolving deltas:  80% (704/878)   Resolving deltas:  81% (712/878)   Resolving deltas:  82% (722/878)   Resolving deltas:  83% (729/878)   Resolving deltas:  84% (740/878)   Resolving deltas:  85% (747/878)   Resolving deltas:  86% (756/878)   Resolving deltas:  87% (764/878)   Resolving deltas:  88% (774/878)   Resolving deltas:  89% (785/878)   Resolving deltas:  90% (793/878)   Resolving deltas:  92% (811/878)   Resolving deltas:  93% (818/878)   Resolving deltas:  94% (829/878)   Resolving deltas:  95% (836/878)   Resolving deltas:  96% (843/878)   Resolving deltas:  97% (853/878)   Resolving deltas:  98% (869/878)   Resolving deltas:  99% (871/878)   Resolving deltas: 100% (878/878)   Resolving deltas: 100% (878/878), done.
Checking connectivity... done.
travis_time:end:0331fea4:start=1444527907178122955,finish=1444527908234375526,duration=1056252571[0K$ cd checkstyle/checkstyle
$ git checkout -qf 885d998eeb01d71db0c4080b36ad0cb0949e4839
travis_fold:end:git.checkout[0K
[33;1mThis job is running on container-based infrastructure, which does not allow use of 'sudo', setuid and setguid executables.[0m
[33;1mIf you require sudo, add 'sudo: required' to your .travis.yml[0m
[33;1mSee http://docs.travis-ci.com/user/workers/container-based-infrastructure/ for details.[0m

[33;1mSetting environment variables from repository settings[0m
$ export CI_DEPLOY_USERNAME=[secure]
$ export CI_DEPLOY_PASSWORD=[secure]

[33;1mSetting environment variables from .travis.yml[0m
$ export DESC="tests"
$ export CMD="mvn clean integration-test failsafe:verify -DargLine='-Duser.language=de -Duser.country=DE'"
$ export COVERAGE_CMD=""

travis_fold:start:cache.1[0KSetting up build cache
$ export CASHER_DIR=$HOME/.casher
travis_time:start:1d88d18b[0K$ Installing caching utilities
travis_time:end:1d88d18b:start=1444527909692067400,finish=1444527909745958395,duration=53890995[0Ktravis_time:start:1b2f80ac[0Kattempting to download cache archive
fetching master/cache--jdk-oraclejdk8.tgz
found cache
travis_time:end:1b2f80ac:start=1444527909750425226,finish=1444527912580865265,duration=2830440039[0Ktravis_time:start:004ee671[0Kadding /home/travis/.m2 to cache
travis_time:end:004ee671:start=1444527912584558281,finish=1444527915366222979,duration=2781664698[0Ktravis_fold:end:cache.1[0K$ jdk_switcher use oraclejdk8
Switching to Oracle JDK8 (java-8-oracle), JAVA_HOME will be set to /usr/lib/jvm/java-8-oracle
$ java -Xmx32m -version
java version "1.8.0_31"
Java(TM) SE Runtime Environment (build 1.8.0_31-b13)
Java HotSpot(TM) 64-Bit Server VM (build 25.31-b07, mixed mode)
$ javac -J-Xmx32m -version
javac 1.8.0_31
travis_fold:start:install[0Ktravis_time:start:03d58388[0K$ 
travis_time:end:03d58388:start=1444527915735756970,finish=1444527915738690895,duration=2933925[0Ktravis_fold:end:install[0Ktravis_time:start:0f5cf594[0K$ eval $CMD
Java HotSpot(TM) 64-Bit Server VM warning: ignoring option MaxPermSize=192m; support was removed in 8.0
[INFO] Scanning for projects...
[INFO]                                                                         
[INFO] ------------------------------------------------------------------------
[INFO] Building checkstyle 6.12-SNAPSHOT
[INFO] ------------------------------------------------------------------------
Downloading: https://nexus.codehaus.org/snapshots/junit/junit-dep/maven-metadata.xml
Downloading: https://repository.apache.org/releases/junit/junit-dep/maven-metadata.xml
Downloading: https://repository.apache.org/snapshots/junit/junit-dep/maven-metadata.xml
Downloading: https://oss.sonatype.org/content/repositories/releases/junit/junit-dep/maven-metadata.xml
563/563 B               Downloaded: https://oss.sonatype.org/content/repositories/releases/junit/junit-dep/maven-metadata.xml (563 B at 0.6 KB/sec)
                        [WARNING] Could not transfer metadata junit:junit-dep/maven-metadata.xml from/to codehaus-snapshots (https://nexus.codehaus.org/snapshots/): nexus.codehaus.org: unknown error
Downloading: https://oss.sonatype.org/content/repositories/releases/commons-io/commons-io/maven-metadata.xml
Downloading: https://repository.apache.org/releases/commons-io/commons-io/maven-metadata.xml
            Downloading: https://repository.apache.org/snapshots/commons-io/commons-io/maven-metadata.xml
Downloading: https://nexus.codehaus.org/snapshots/commons-io/commons-io/maven-metadata.xml
                        350/350 B               Downloaded: https://repository.apache.org/snapshots/commons-io/commons-io/maven-metadata.xml (350 B at 0.6 KB/sec)
[WARNING] Could not transfer metadata commons-io:commons-io/maven-metadata.xml from/to codehaus-snapshots (https://nexus.codehaus.org/snapshots/): nexus.codehaus.org
Downloading: https://repository.apache.org/snapshots/commons-io/commons-io/2.5-SNAPSHOT/maven-metadata.xml
Downloading: https://nexus.codehaus.org/snapshots/commons-io/commons-io/2.5-SNAPSHOT/maven-metadata.xml
            3/3 KB               Downloaded: https://repository.apache.org/snapshots/commons-io/commons-io/2.5-SNAPSHOT/maven-metadata.xml (3 KB at 4.2 KB/sec)
[WARNING] Could not transfer metadata commons-io:commons-io:2.5-SNAPSHOT/maven-metadata.xml from/to codehaus-snapshots (https://nexus.codehaus.org/snapshots/): nexus.codehaus.org
[WARNING] Failure to transfer commons-io:commons-io:2.5-SNAPSHOT/maven-metadata.xml from https://nexus.codehaus.org/snapshots/ was cached in the local repository, resolution will not be reattempted until the update interval of codehaus-snapshots has elapsed or updates are forced. Original error: Could not transfer metadata commons-io:commons-io:2.5-SNAPSHOT/maven-metadata.xml from/to codehaus-snapshots (https://nexus.codehaus.org/snapshots/): nexus.codehaus.org
Downloading: https://repository.apache.org/snapshots/commons-io/commons-io/2.6-SNAPSHOT/maven-metadata.xml
Downloading: https://nexus.codehaus.org/snapshots/commons-io/commons-io/2.6-SNAPSHOT/maven-metadata.xml
         3/3 KB            Downloaded: https://repository.apache.org/snapshots/commons-io/commons-io/2.6-SNAPSHOT/maven-metadata.xml (3 KB at 3.7 KB/sec)
[WARNING] Could not transfer metadata commons-io:commons-io:2.6-SNAPSHOT/maven-metadata.xml from/to codehaus-snapshots (https://nexus.codehaus.org/snapshots/): nexus.codehaus.org
[WARNING] Failure to transfer commons-io:commons-io:2.6-SNAPSHOT/maven-metadata.xml from https://nexus.codehaus.org/snapshots/ was cached in the local repository, resolution will not be reattempted until the update interval of codehaus-snapshots has elapsed or updates are forced. Original error: Could not transfer metadata commons-io:commons-io:2.6-SNAPSHOT/maven-metadata.xml from/to codehaus-snapshots (https://nexus.codehaus.org/snapshots/): nexus.codehaus.org
[INFO] 
[INFO] --- maven-clean-plugin:2.6.1:clean (default-clean) @ checkstyle ---
[INFO] 
[INFO] --- maven-enforcer-plugin:1.4.1:enforce (enforce-maven) @ checkstyle ---
[INFO] 
[INFO] --- maven-enforcer-plugin:1.4.1:enforce (enforce-versions) @ checkstyle ---
[INFO] 
[INFO] --- antlr-maven-plugin:2.2:generate (default) @ checkstyle ---
[INFO] performing grammar generation [java.g]
ANTLR Parser Generator   Version 2.7.7 (20060906)   1989-2005
/home/travis/build/checkstyle/checkstyle/src/main/resources/com/puppycrawl/tools/checkstyle/grammars/java.g:623:9: warning:nondeterminism between alts 1 and 2 of block upon
/home/travis/build/checkstyle/checkstyle/src/main/resources/com/puppycrawl/tools/checkstyle/grammars/java.g:623:9:     k==1:AT
/home/travis/build/checkstyle/checkstyle/src/main/resources/com/puppycrawl/tools/checkstyle/grammars/java.g:623:9:     k==2:IDENT
/home/travis/build/checkstyle/checkstyle/src/main/resources/com/puppycrawl/tools/checkstyle/grammars/java.g:770:16: warning:nondeterminism between alts 1 and 2 of block upon
/home/travis/build/checkstyle/checkstyle/src/main/resources/com/puppycrawl/tools/checkstyle/grammars/java.g:770:16:     k==1:AT
/home/travis/build/checkstyle/checkstyle/src/main/resources/com/puppycrawl/tools/checkstyle/grammars/java.g:770:16:     k==2:IDENT
/home/travis/build/checkstyle/checkstyle/src/main/resources/com/puppycrawl/tools/checkstyle/grammars/java.g:806:61: warning:nondeterminism between alts 1 and 2 of block upon
/home/travis/build/checkstyle/checkstyle/src/main/resources/com/puppycrawl/tools/checkstyle/grammars/java.g:806:61:     k==1:SEMI
/home/travis/build/checkstyle/checkstyle/src/main/resources/com/puppycrawl/tools/checkstyle/grammars/java.g:806:61:     k==2:"final","abstract","strictfp",SEMI,"void","boolean","byte","char","short","int","float","long","double",IDENT,"private","public","protected","static","transient","native","synchronized","volatile","class","interface",LCURLY,RCURLY,"default",LT,ENUM,AT
/home/travis/build/checkstyle/checkstyle/src/main/resources/com/puppycrawl/tools/checkstyle/grammars/java.g:695:9: warning:nondeterminism between alts 1 and 2 of block upon
/home/travis/build/checkstyle/checkstyle/src/main/resources/com/puppycrawl/tools/checkstyle/grammars/java.g:695:9:     k==1:AT
/home/travis/build/checkstyle/checkstyle/src/main/resources/com/puppycrawl/tools/checkstyle/grammars/java.g:695:9:     k==2:IDENT
/home/travis/build/checkstyle/checkstyle/src/main/resources/com/puppycrawl/tools/checkstyle/grammars/java.g:947: warning:Syntactic predicate superfluous for single alternative
/home/travis/build/checkstyle/checkstyle/src/main/resources/com/puppycrawl/tools/checkstyle/grammars/java.g:972:31: warning:nondeterminism between alts 1 and 2 of block upon
/home/travis/build/checkstyle/checkstyle/src/main/resources/com/puppycrawl/tools/checkstyle/grammars/java.g:972:31:     k==1:IDENT
/home/travis/build/checkstyle/checkstyle/src/main/resources/com/puppycrawl/tools/checkstyle/grammars/java.g:972:31:     k==2:LBRACK
/home/travis/build/checkstyle/checkstyle/src/main/resources/com/puppycrawl/tools/checkstyle/grammars/java.g:1027:43: warning:nondeterminism between alts 1 and 2 of block upon
/home/travis/build/checkstyle/checkstyle/src/main/resources/com/puppycrawl/tools/checkstyle/grammars/java.g:1027:43:     k==1:SEMI
/home/travis/build/checkstyle/checkstyle/src/main/resources/com/puppycrawl/tools/checkstyle/grammars/java.g:1027:43:     k==2:"final","abstract","strictfp",SEMI,"void","boolean","byte","char","short","int","float","long","double",IDENT,"private","public","protected","static","transient","native","synchronized","volatile","class",LCURLY,RCURLY,LPAREN,RPAREN,"this","super",COLON,"if","while","do","break","continue","return","switch","throw","for","else","case","default","try",PLUS,MINUS,INC,DEC,BNOT,LNOT,"true","false","null","new",NUM_INT,CHAR_LITERAL,STRING_LITERAL,NUM_FLOAT,NUM_LONG,NUM_DOUBLE,ASSERT,AT
/home/travis/build/checkstyle/checkstyle/src/main/resources/com/puppycrawl/tools/checkstyle/grammars/java.g:1127:9: warning:nondeterminism between alts 1 and 2 of block upon
/home/travis/build/checkstyle/checkstyle/src/main/resources/com/puppycrawl/tools/checkstyle/grammars/java.g:1127:9:     k==1:"default"
/home/travis/build/checkstyle/checkstyle/src/main/resources/com/puppycrawl/tools/checkstyle/grammars/java.g:1127:9:     k==2:"final","abstract","strictfp",SEMI,"void","boolean","byte","char","short","int","float","long","double",IDENT,"private","public","protected","static","transient","native","synchronized","volatile","class",LCURLY,RCURLY,LPAREN,RPAREN,"this","super",COLON,"if","while","do","break","continue","return","switch","throw","for","case","default","try",PLUS,MINUS,INC,DEC,BNOT,LNOT,"true","false","null","new",NUM_INT,CHAR_LITERAL,STRING_LITERAL,NUM_FLOAT,NUM_LONG,NUM_DOUBLE,ASSERT,AT
/home/travis/build/checkstyle/checkstyle/src/main/resources/com/puppycrawl/tools/checkstyle/grammars/java.g:1411:13: warning:nondeterminism between alts 1 and 4 of block upon
/home/travis/build/checkstyle/checkstyle/src/main/resources/com/puppycrawl/tools/checkstyle/grammars/java.g:1411:13:     k==1:IDENT,"this","super",LT
/home/travis/build/checkstyle/checkstyle/src/main/resources/com/puppycrawl/tools/checkstyle/grammars/java.g:1411:13:     k==2:"final","abstract","strictfp",SEMI,LBRACK,RBRACK,"void","boolean","byte","char","short","int","float","long","double",IDENT,DOT,STAR,"private","public","protected","static","transient","native","synchronized","volatile","class","interface",LCURLY,RCURLY,COMMA,LPAREN,RPAREN,"this","super",ASSIGN,COLON,"if","while","do","break","continue","return","switch","throw","for","else","case","default","try",PLUS_ASSIGN,MINUS_ASSIGN,STAR_ASSIGN,DIV_ASSIGN,MOD_ASSIGN,SR_ASSIGN,BSR_ASSIGN,SL_ASSIGN,BAND_ASSIGN,BXOR_ASSIGN,BOR_ASSIGN,QUESTION,LOR,LAND,BOR,BXOR,BAND,NOT_EQUAL,EQUAL,LT,GT,LE,GE,"instanceof",SL,SR,BSR,PLUS,MINUS,DIV,MOD,INC,DEC,BNOT,LNOT,"true","false","null","new",NUM_INT,CHAR_LITERAL,STRING_LITERAL,NUM_FLOAT,NUM_LONG,NUM_DOUBLE,ASSERT,ENUM,AT,DOUBLE_COLON
/home/travis/build/checkstyle/checkstyle/src/main/resources/com/puppycrawl/tools/checkstyle/grammars/java.g:1411:13: warning:nondeterminism between alts 2 and 4 of block upon
/home/travis/build/checkstyle/checkstyle/src/main/resources/com/puppycrawl/tools/checkstyle/grammars/java.g:1411:13:     k==1:"class"
/home/travis/build/checkstyle/checkstyle/src/main/resources/com/puppycrawl/tools/checkstyle/grammars/java.g:1411:13:     k==2:"final","abstract","strictfp",SEMI,LBRACK,RBRACK,"void","boolean","byte","char","short","int","float","long","double",IDENT,DOT,STAR,"private","public","protected","static","transient","native","synchronized","volatile","class","interface",LCURLY,RCURLY,COMMA,LPAREN,RPAREN,"this","super",ASSIGN,COLON,"if","while","do","break","continue","return","switch","throw","for","else","case","default","try",PLUS_ASSIGN,MINUS_ASSIGN,STAR_ASSIGN,DIV_ASSIGN,MOD_ASSIGN,SR_ASSIGN,BSR_ASSIGN,SL_ASSIGN,BAND_ASSIGN,BXOR_ASSIGN,BOR_ASSIGN,QUESTION,LOR,LAND,BOR,BXOR,BAND,NOT_EQUAL,EQUAL,LT,GT,LE,GE,"instanceof",SL,SR,BSR,PLUS,MINUS,DIV,MOD,INC,DEC,BNOT,LNOT,"true","false","null","new",NUM_INT,CHAR_LITERAL,STRING_LITERAL,NUM_FLOAT,NUM_LONG,NUM_DOUBLE,ASSERT,ENUM,AT,DOUBLE_COLON
/home/travis/build/checkstyle/checkstyle/src/main/resources/com/puppycrawl/tools/checkstyle/grammars/java.g:1411:13: warning:nondeterminism between alts 3 and 4 of block upon
/home/travis/build/checkstyle/checkstyle/src/main/resources/com/puppycrawl/tools/checkstyle/grammars/java.g:1411:13:     k==1:"new"
/home/travis/build/checkstyle/checkstyle/src/main/resources/com/puppycrawl/tools/checkstyle/grammars/java.g:1411:13:     k==2:"void","boolean","byte","char","short","int","float","long","double",IDENT,LT,AT
/home/travis/build/checkstyle/checkstyle/src/main/resources/com/puppycrawl/tools/checkstyle/grammars/java.g:1456:9: warning:nondeterminism between alts 1 and 3 of block upon
/home/travis/build/checkstyle/checkstyle/src/main/resources/com/puppycrawl/tools/checkstyle/grammars/java.g:1456:9:     k==1:INC
/home/travis/build/checkstyle/checkstyle/src/main/resources/com/puppycrawl/tools/checkstyle/grammars/java.g:1456:9:     k==2:"final","abstract","strictfp",SEMI,RBRACK,"void","boolean","byte","char","short","int","float","long","double",IDENT,STAR,"private","public","protected","static","transient","native","synchronized","volatile","class","interface",LCURLY,RCURLY,COMMA,LPAREN,RPAREN,"this","super",ASSIGN,COLON,"if","while","do","break","continue","return","switch","throw","for","else","case","default","try",PLUS_ASSIGN,MINUS_ASSIGN,STAR_ASSIGN,DIV_ASSIGN,MOD_ASSIGN,SR_ASSIGN,BSR_ASSIGN,SL_ASSIGN,BAND_ASSIGN,BXOR_ASSIGN,BOR_ASSIGN,QUESTION,LOR,LAND,BOR,BXOR,BAND,NOT_EQUAL,EQUAL,LT,GT,LE,GE,"instanceof",SL,SR,BSR,PLUS,MINUS,DIV,MOD,INC,DEC,BNOT,LNOT,"true","false","null","new",NUM_INT,CHAR_LITERAL,STRING_LITERAL,NUM_FLOAT,NUM_LONG,NUM_DOUBLE,ASSERT,ENUM,AT
/home/travis/build/checkstyle/checkstyle/src/main/resources/com/puppycrawl/tools/checkstyle/grammars/java.g:1456:9: warning:nondeterminism between alts 2 and 3 of block upon
/home/travis/build/checkstyle/checkstyle/src/main/resources/com/puppycrawl/tools/checkstyle/grammars/java.g:1456:9:     k==1:DEC
/home/travis/build/checkstyle/checkstyle/src/main/resources/com/puppycrawl/tools/checkstyle/grammars/java.g:1456:9:     k==2:"final","abstract","strictfp",SEMI,RBRACK,"void","boolean","byte","char","short","int","float","long","double",IDENT,STAR,"private","public","protected","static","transient","native","synchronized","volatile","class","interface",LCURLY,RCURLY,COMMA,LPAREN,RPAREN,"this","super",ASSIGN,COLON,"if","while","do","break","continue","return","switch","throw","for","else","case","default","try",PLUS_ASSIGN,MINUS_ASSIGN,STAR_ASSIGN,DIV_ASSIGN,MOD_ASSIGN,SR_ASSIGN,BSR_ASSIGN,SL_ASSIGN,BAND_ASSIGN,BXOR_ASSIGN,BOR_ASSIGN,QUESTION,LOR,LAND,BOR,BXOR,BAND,NOT_EQUAL,EQUAL,LT,GT,LE,GE,"instanceof",SL,SR,BSR,PLUS,MINUS,DIV,MOD,INC,DEC,BNOT,LNOT,"true","false","null","new",NUM_INT,CHAR_LITERAL,STRING_LITERAL,NUM_FLOAT,NUM_LONG,NUM_DOUBLE,ASSERT,ENUM,AT
/home/travis/build/checkstyle/checkstyle/src/main/resources/com/puppycrawl/tools/checkstyle/grammars/java.g:1534:36: warning:nondeterminism between alts 1 and 2 of block upon
/home/travis/build/checkstyle/checkstyle/src/main/resources/com/puppycrawl/tools/checkstyle/grammars/java.g:1534:36:     k==1:LCURLY
/home/travis/build/checkstyle/checkstyle/src/main/resources/com/puppycrawl/tools/checkstyle/grammars/java.g:1534:36:     k==2:"final","abstract","strictfp",SEMI,"void","boolean","byte","char","short","int","float","long","double",IDENT,"private","public","protected","static","transient","native","synchronized","volatile","class","interface",LCURLY,RCURLY,"default",LT,ENUM,AT
/home/travis/build/checkstyle/checkstyle/src/main/resources/com/puppycrawl/tools/checkstyle/grammars/java.g:1544:33: warning:nondeterminism between alts 1 and 2 of block upon
/home/travis/build/checkstyle/checkstyle/src/main/resources/com/puppycrawl/tools/checkstyle/grammars/java.g:1544:33:     k==1:LCURLY
/home/travis/build/checkstyle/checkstyle/src/main/resources/com/puppycrawl/tools/checkstyle/grammars/java.g:1544:33:     k==2:"void","boolean","byte","char","short","int","float","long","double",IDENT,LCURLY,RCURLY,COMMA,LPAREN,"this","super",PLUS,MINUS,INC,DEC,BNOT,LNOT,"true","false","null","new",NUM_INT,CHAR_LITERAL,STRING_LITERAL,NUM_FLOAT,NUM_LONG,NUM_DOUBLE
/home/travis/build/checkstyle/checkstyle/src/main/resources/com/puppycrawl/tools/checkstyle/grammars/java.g:1585: warning:nondeterminism between alts 2 and 3 of block upon
/home/travis/build/checkstyle/checkstyle/src/main/resources/com/puppycrawl/tools/checkstyle/grammars/java.g:1585:     k==1:LPAREN
/home/travis/build/checkstyle/checkstyle/src/main/resources/com/puppycrawl/tools/checkstyle/grammars/java.g:1585:     k==2:IDENT
/home/travis/build/checkstyle/checkstyle/src/main/resources/com/puppycrawl/tools/checkstyle/grammars/java.g:1587:17: warning:nondeterminism between alts 1 and 2 of block upon
/home/travis/build/checkstyle/checkstyle/src/main/resources/com/puppycrawl/tools/checkstyle/grammars/java.g:1587:17:     k==1:RPAREN
/home/travis/build/checkstyle/checkstyle/src/main/resources/com/puppycrawl/tools/checkstyle/grammars/java.g:1587:17:     k==2:LAMBDA

[INFO] 
[INFO] --- antlr4-maven-plugin:4.5.1-1:antlr4 (default) @ checkstyle ---
[INFO] ANTLR 4: Processing source directory /home/travis/build/checkstyle/checkstyle/src/main/resources
[INFO] Processing grammar: com/puppycrawl/tools/checkstyle/grammars/javadoc/JavadocLexer.g4
[INFO] Processing grammar: com/puppycrawl/tools/checkstyle/grammars/javadoc/JavadocParser.g4
[INFO] 
[INFO] --- build-helper-maven-plugin:1.9.1:add-source (add-source) @ checkstyle ---
[INFO] Source directory: /home/travis/build/checkstyle/checkstyle/target/generated-sources/antlr added.
[INFO] 
[INFO] --- maven-resources-plugin:2.7:resources (default-resources) @ checkstyle ---
[INFO] Using 'UTF-8' encoding to copy filtered resources.
[INFO] Copying 145 resources
[INFO] Copying 1 resource
[INFO] 
[INFO] --- build-helper-maven-plugin:1.9.1:add-test-source (add-test-source) @ checkstyle ---
[INFO] Test Source directory: /home/travis/build/checkstyle/checkstyle/src/test/resources added.
[INFO] 
[INFO] --- build-helper-maven-plugin:1.9.1:add-test-source (add-it-test-source) @ checkstyle ---
[INFO] Test Source directory: /home/travis/build/checkstyle/checkstyle/src/it/java added.
[INFO] 
[INFO] --- build-helper-maven-plugin:1.9.1:add-test-source (add-it-test-resource) @ checkstyle ---
[INFO] Test Source directory: /home/travis/build/checkstyle/checkstyle/src/it/resources added.
[INFO] 
[INFO] --- maven-compiler-plugin:3.3:compile (default-compile) @ checkstyle ---
[INFO] Changes detected - recompiling the module!
[INFO] Compiling 335 source files to /home/travis/build/checkstyle/checkstyle/target/classes
[INFO] /home/travis/build/checkstyle/checkstyle/src/main/java/com/puppycrawl/tools/checkstyle/checks/javadoc/JavadocMethodCheck.java: /home/travis/build/checkstyle/checkstyle/src/main/java/com/puppycrawl/tools/checkstyle/checks/javadoc/JavadocMethodCheck.java uses or overrides a deprecated API.
[INFO] /home/travis/build/checkstyle/checkstyle/src/main/java/com/puppycrawl/tools/checkstyle/checks/javadoc/JavadocMethodCheck.java: Recompile with -Xlint:deprecation for details.
[INFO] /home/travis/build/checkstyle/checkstyle/src/main/java/com/puppycrawl/tools/checkstyle/api/AutomaticBean.java: Some input files use unchecked or unsafe operations.
[INFO] /home/travis/build/checkstyle/checkstyle/src/main/java/com/puppycrawl/tools/checkstyle/api/AutomaticBean.java: Recompile with -Xlint:unchecked for details.
[INFO] 
[INFO] --- maven-antrun-plugin:1.8:run (ant-phase-compile) @ checkstyle ---
[INFO] Executing tasks

main:

execute:
[propertyfile] Creating new property file: /home/travis/build/checkstyle/checkstyle/target/classes/checkstylecompilation.properties
  [javadoc] Generating Javadoc
  [javadoc] Javadoc execution
  [javadoc] Loading source file /home/travis/build/checkstyle/checkstyle/src/main/java/com/puppycrawl/tools/checkstyle/api/TokenTypes.java...
  [javadoc] Constructing Javadoc information...
[INFO] Executed tasks
[INFO] 
[INFO] --- maven-resources-plugin:2.7:testResources (default-testResources) @ checkstyle ---
[INFO] Using 'UTF-8' encoding to copy filtered resources.
[INFO] Copying 511 resources
[INFO] 
[INFO] --- maven-compiler-plugin:3.3:testCompile (default-testCompile) @ checkstyle ---
[INFO] Changes detected - recompiling the module!
[INFO] Compiling 815 source files to /home/travis/build/checkstyle/checkstyle/target/test-classes
[INFO] /home/travis/build/checkstyle/checkstyle/src/test/java/com/puppycrawl/tools/checkstyle/checks/javadoc/AbstractTypeAwareCheckTest.java: /home/travis/build/checkstyle/checkstyle/src/test/java/com/puppycrawl/tools/checkstyle/checks/javadoc/AbstractTypeAwareCheckTest.java uses or overrides a deprecated API.
[INFO] /home/travis/build/checkstyle/checkstyle/src/test/java/com/puppycrawl/tools/checkstyle/checks/javadoc/AbstractTypeAwareCheckTest.java: Recompile with -Xlint:deprecation for details.
[INFO] 
[INFO] --- maven-surefire-plugin:2.18.1:test (default-test) @ checkstyle ---
[INFO] Surefire report directory: /home/travis/build/checkstyle/checkstyle/target/surefire-reports

-------------------------------------------------------
 T E S T S
-------------------------------------------------------
Java HotSpot(TM) 64-Bit Server VM warning: ignoring option UseSplitVerifier; support was removed in 8.0
Running com.puppycrawl.tools.checkstyle.checks.coding.FinalLocalVariableCheckTest
Tests run: 9, Failures: 0, Errors: 0, Skipped: 0, Time elapsed: 0.763 sec - in com.puppycrawl.tools.checkstyle.checks.coding.FinalLocalVariableCheckTest
Running com.puppycrawl.tools.checkstyle.checks.coding.OverloadMethodsDeclarationOrderCheckTest
Tests run: 2, Failures: 0, Errors: 0, Skipped: 0, Time elapsed: 0.112 sec - in com.puppycrawl.tools.checkstyle.checks.coding.OverloadMethodsDeclarationOrderCheckTest
Running com.puppycrawl.tools.checkstyle.checks.coding.AvoidInlineConditionalsCheckTest
Tests run: 2, Failures: 0, Errors: 0, Skipped: 0, Time elapsed: 0.129 sec - in com.puppycrawl.tools.checkstyle.checks.coding.AvoidInlineConditionalsCheckTest
Running com.puppycrawl.tools.checkstyle.checks.coding.UnnecessaryParenthesesCheckTest
Tests run: 3, Failures: 0, Errors: 0, Skipped: 0, Time elapsed: 0.121 sec - in com.puppycrawl.tools.checkstyle.checks.coding.UnnecessaryParenthesesCheckTest
Running com.puppycrawl.tools.checkstyle.checks.coding.NoFinalizerCheckTest
Tests run: 2, Failures: 0, Errors: 0, Skipped: 0, Time elapsed: 0.126 sec - in com.puppycrawl.tools.checkstyle.checks.coding.NoFinalizerCheckTest
Running com.puppycrawl.tools.checkstyle.checks.coding.MultipleVariableDeclarationsCheckTest
Tests run: 2, Failures: 0, Errors: 0, Skipped: 0, Time elapsed: 0.04 sec - in com.puppycrawl.tools.checkstyle.checks.coding.MultipleVariableDeclarationsCheckTest
Running com.puppycrawl.tools.checkstyle.checks.coding.SimplifyBooleanReturnCheckTest
Tests run: 2, Failures: 0, Errors: 0, Skipped: 0, Time elapsed: 0.017 sec - in com.puppycrawl.tools.checkstyle.checks.coding.SimplifyBooleanReturnCheckTest
Running com.puppycrawl.tools.checkstyle.checks.coding.NestedForDepthCheckTest
Tests run: 3, Failures: 0, Errors: 0, Skipped: 0, Time elapsed: 0.053 sec - in com.puppycrawl.tools.checkstyle.checks.coding.NestedForDepthCheckTest
Running com.puppycrawl.tools.checkstyle.checks.coding.PackageDeclarationCheckTest
Tests run: 4, Failures: 0, Errors: 0, Skipped: 0, Time elapsed: 0.03 sec - in com.puppycrawl.tools.checkstyle.checks.coding.PackageDeclarationCheckTest
Running com.puppycrawl.tools.checkstyle.checks.coding.MagicNumberCheckTest
Tests run: 8, Failures: 0, Errors: 0, Skipped: 0, Time elapsed: 0.442 sec - in com.puppycrawl.tools.checkstyle.checks.coding.MagicNumberCheckTest
Running com.puppycrawl.tools.checkstyle.checks.coding.ReturnCountCheckTest
Tests run: 7, Failures: 0, Errors: 0, Skipped: 0, Time elapsed: 0.099 sec - in com.puppycrawl.tools.checkstyle.checks.coding.ReturnCountCheckTest
Running com.puppycrawl.tools.checkstyle.checks.coding.HiddenFieldCheckTest
Tests run: 10, Failures: 0, Errors: 0, Skipped: 0, Time elapsed: 0.254 sec - in com.puppycrawl.tools.checkstyle.checks.coding.HiddenFieldCheckTest
Running com.puppycrawl.tools.checkstyle.checks.coding.DeclarationOrderCheckTest
Tests run: 6, Failures: 0, Errors: 0, Skipped: 0, Time elapsed: 0.031 sec - in com.puppycrawl.tools.checkstyle.checks.coding.DeclarationOrderCheckTest
Running com.puppycrawl.tools.checkstyle.checks.coding.SimplifyBooleanExpressionCheckTest
Tests run: 2, Failures: 0, Errors: 0, Skipped: 0, Time elapsed: 0.018 sec - in com.puppycrawl.tools.checkstyle.checks.coding.SimplifyBooleanExpressionCheckTest
Running com.puppycrawl.tools.checkstyle.checks.coding.DefaultComesLastCheckTest
Tests run: 3, Failures: 0, Errors: 0, Skipped: 0, Time elapsed: 0.07 sec - in com.puppycrawl.tools.checkstyle.checks.coding.DefaultComesLastCheckTest
Running com.puppycrawl.tools.checkstyle.checks.coding.EmptyStatementCheckTest
Tests run: 2, Failures: 0, Errors: 0, Skipped: 0, Time elapsed: 0.03 sec - in com.puppycrawl.tools.checkstyle.checks.coding.EmptyStatementCheckTest
Running com.puppycrawl.tools.checkstyle.checks.coding.ExplicitInitializationCheckTest
Tests run: 2, Failures: 0, Errors: 0, Skipped: 0, Time elapsed: 0.017 sec - in com.puppycrawl.tools.checkstyle.checks.coding.ExplicitInitializationCheckTest
Running com.puppycrawl.tools.checkstyle.checks.coding.MissingSwitchDefaultCheckTest
Tests run: 2, Failures: 0, Errors: 0, Skipped: 0, Time elapsed: 0.008 sec - in com.puppycrawl.tools.checkstyle.checks.coding.MissingSwitchDefaultCheckTest
Running com.puppycrawl.tools.checkstyle.checks.coding.IllegalTypeCheckTest
Tests run: 13, Failures: 0, Errors: 0, Skipped: 0, Time elapsed: 0.062 sec - in com.puppycrawl.tools.checkstyle.checks.coding.IllegalTypeCheckTest
Running com.puppycrawl.tools.checkstyle.checks.coding.NoCloneCheckTest
Tests run: 2, Failures: 0, Errors: 0, Skipped: 0, Time elapsed: 0.007 sec - in com.puppycrawl.tools.checkstyle.checks.coding.NoCloneCheckTest
Running com.puppycrawl.tools.checkstyle.checks.coding.EqualsAvoidNullCheckTest
Tests run: 3, Failures: 0, Errors: 0, Skipped: 0, Time elapsed: 0.055 sec - in com.puppycrawl.tools.checkstyle.checks.coding.EqualsAvoidNullCheckTest
Running com.puppycrawl.tools.checkstyle.checks.coding.SuperFinalizeCheckTest
Tests run: 1, Failures: 0, Errors: 0, Skipped: 0, Time elapsed: 0.008 sec - in com.puppycrawl.tools.checkstyle.checks.coding.SuperFinalizeCheckTest
Running com.puppycrawl.tools.checkstyle.checks.coding.VariableDeclarationUsageDistanceCheckTest
Tests run: 7, Failures: 0, Errors: 0, Skipped: 0, Time elapsed: 0.767 sec - in com.puppycrawl.tools.checkstyle.checks.coding.VariableDeclarationUsageDistanceCheckTest
Running com.puppycrawl.tools.checkstyle.checks.coding.NestedIfDepthCheckTest
Tests run: 3, Failures: 0, Errors: 0, Skipped: 0, Time elapsed: 0.065 sec - in com.puppycrawl.tools.checkstyle.checks.coding.NestedIfDepthCheckTest
Running com.puppycrawl.tools.checkstyle.checks.coding.IllegalTokenCheckTest
Tests run: 3, Failures: 0, Errors: 0, Skipped: 0, Time elapsed: 0.092 sec - in com.puppycrawl.tools.checkstyle.checks.coding.IllegalTokenCheckTest
Running com.puppycrawl.tools.checkstyle.checks.coding.MissingCtorCheckTest
Tests run: 2, Failures: 0, Errors: 0, Skipped: 0, Time elapsed: 0.026 sec - in com.puppycrawl.tools.checkstyle.checks.coding.MissingCtorCheckTest
Running com.puppycrawl.tools.checkstyle.checks.coding.IllegalInstantiationCheckTest
Tests run: 8, Failures: 0, Errors: 0, Skipped: 0, Time elapsed: 0.214 sec - in com.puppycrawl.tools.checkstyle.checks.coding.IllegalInstantiationCheckTest
Running com.puppycrawl.tools.checkstyle.checks.coding.ArrayTrailingCommaCheckTest
Tests run: 2, Failures: 0, Errors: 0, Skipped: 0, Time elapsed: 0.059 sec - in com.puppycrawl.tools.checkstyle.checks.coding.ArrayTrailingCommaCheckTest
Running com.puppycrawl.tools.checkstyle.checks.coding.MultipleStringLiteralsCheckTest
Tests run: 7, Failures: 0, Errors: 0, Skipped: 0, Time elapsed: 0.316 sec - in com.puppycrawl.tools.checkstyle.checks.coding.MultipleStringLiteralsCheckTest
Running com.puppycrawl.tools.checkstyle.checks.coding.NestedTryDepthCheckTest
Tests run: 3, Failures: 0, Errors: 0, Skipped: 0, Time elapsed: 0.071 sec - in com.puppycrawl.tools.checkstyle.checks.coding.NestedTryDepthCheckTest
Running com.puppycrawl.tools.checkstyle.checks.coding.InnerAssignmentCheckTest
Tests run: 3, Failures: 0, Errors: 0, Skipped: 0, Time elapsed: 0.074 sec - in com.puppycrawl.tools.checkstyle.checks.coding.InnerAssignmentCheckTest
Running com.puppycrawl.tools.checkstyle.checks.coding.FallThroughCheckTest
Tests run: 5, Failures: 0, Errors: 0, Skipped: 0, Time elapsed: 0.174 sec - in com.puppycrawl.tools.checkstyle.checks.coding.FallThroughCheckTest
Running com.puppycrawl.tools.checkstyle.checks.coding.IllegalCatchCheckTest
Tests run: 4, Failures: 0, Errors: 0, Skipped: 0, Time elapsed: 0.053 sec - in com.puppycrawl.tools.checkstyle.checks.coding.IllegalCatchCheckTest
Running com.puppycrawl.tools.checkstyle.checks.coding.CovariantEqualsCheckTest
Tests run: 2, Failures: 0, Errors: 0, Skipped: 0, Time elapsed: 0.047 sec - in com.puppycrawl.tools.checkstyle.checks.coding.CovariantEqualsCheckTest
Running com.puppycrawl.tools.checkstyle.checks.coding.ParameterAssignmentCheckTest
Tests run: 3, Failures: 0, Errors: 0, Skipped: 0, Time elapsed: 0.037 sec - in com.puppycrawl.tools.checkstyle.checks.coding.ParameterAssignmentCheckTest
Running com.puppycrawl.tools.checkstyle.checks.coding.OneStatementPerLineCheckTest
Tests run: 4, Failures: 0, Errors: 0, Skipped: 0, Time elapsed: 0.069 sec - in com.puppycrawl.tools.checkstyle.checks.coding.OneStatementPerLineCheckTest
Running com.puppycrawl.tools.checkstyle.checks.coding.SuperCloneCheckTest
Tests run: 3, Failures: 0, Errors: 0, Skipped: 0, Time elapsed: 0.032 sec - in com.puppycrawl.tools.checkstyle.checks.coding.SuperCloneCheckTest
Running com.puppycrawl.tools.checkstyle.checks.coding.ModifiedControlVariableCheckTest
Tests run: 5, Failures: 0, Errors: 0, Skipped: 0, Time elapsed: 0.079 sec - in com.puppycrawl.tools.checkstyle.checks.coding.ModifiedControlVariableCheckTest
Running com.puppycrawl.tools.checkstyle.checks.coding.IllegalThrowsCheckTest
Tests run: 7, Failures: 0, Errors: 0, Skipped: 0, Time elapsed: 0.051 sec - in com.puppycrawl.tools.checkstyle.checks.coding.IllegalThrowsCheckTest
Running com.puppycrawl.tools.checkstyle.checks.coding.IllegalTokenTextCheckTest
Tests run: 5, Failures: 0, Errors: 0, Skipped: 0, Time elapsed: 0.022 sec - in com.puppycrawl.tools.checkstyle.checks.coding.IllegalTokenTextCheckTest
Running com.puppycrawl.tools.checkstyle.checks.coding.RequireThisCheckTest
Tests run: 7, Failures: 0, Errors: 0, Skipped: 0, Time elapsed: 0.119 sec - in com.puppycrawl.tools.checkstyle.checks.coding.RequireThisCheckTest
Running com.puppycrawl.tools.checkstyle.checks.coding.EqualsHashCodeCheckTest
Tests run: 3, Failures: 0, Errors: 0, Skipped: 0, Time elapsed: 0.057 sec - in com.puppycrawl.tools.checkstyle.checks.coding.EqualsHashCodeCheckTest
Running com.puppycrawl.tools.checkstyle.checks.coding.StringLiteralEqualityCheckTest
Tests run: 2, Failures: 0, Errors: 0, Skipped: 0, Time elapsed: 0.017 sec - in com.puppycrawl.tools.checkstyle.checks.coding.StringLiteralEqualityCheckTest
Running com.puppycrawl.tools.checkstyle.checks.imports.RedundantImportCheckTest
Tests run: 4, Failures: 0, Errors: 0, Skipped: 0, Time elapsed: 0.045 sec - in com.puppycrawl.tools.checkstyle.checks.imports.RedundantImportCheckTest
Running com.puppycrawl.tools.checkstyle.checks.imports.PkgControlRegExpTest
Tests run: 4, Failures: 0, Errors: 0, Skipped: 0, Time elapsed: 0.004 sec - in com.puppycrawl.tools.checkstyle.checks.imports.PkgControlRegExpTest
Running com.puppycrawl.tools.checkstyle.checks.imports.ImportControlLoaderTest
Tests run: 5, Failures: 0, Errors: 0, Skipped: 0, Time elapsed: 0.036 sec - in com.puppycrawl.tools.checkstyle.checks.imports.ImportControlLoaderTest
Running com.puppycrawl.tools.checkstyle.checks.imports.ImportOrderCheckTest
Tests run: 32, Failures: 0, Errors: 0, Skipped: 0, Time elapsed: 4.072 sec - in com.puppycrawl.tools.checkstyle.checks.imports.ImportOrderCheckTest
Running com.puppycrawl.tools.checkstyle.checks.imports.UnusedImportsCheckTest
Tests run: 7, Failures: 0, Errors: 0, Skipped: 0, Time elapsed: 0.205 sec - in com.puppycrawl.tools.checkstyle.checks.imports.UnusedImportsCheckTest
Running com.puppycrawl.tools.checkstyle.checks.imports.PkgControlTest
Tests run: 4, Failures: 0, Errors: 0, Skipped: 0, Time elapsed: 0.002 sec - in com.puppycrawl.tools.checkstyle.checks.imports.PkgControlTest
Running com.puppycrawl.tools.checkstyle.checks.imports.ImportControlCheckTest
Tests run: 15, Failures: 0, Errors: 0, Skipped: 0, Time elapsed: 0.468 sec - in com.puppycrawl.tools.checkstyle.checks.imports.ImportControlCheckTest
Running com.puppycrawl.tools.checkstyle.checks.imports.GuardTest
Tests run: 11, Failures: 0, Errors: 0, Skipped: 0, Time elapsed: 0.009 sec - in com.puppycrawl.tools.checkstyle.checks.imports.GuardTest
Running com.puppycrawl.tools.checkstyle.checks.imports.IllegalImportCheckTest
Tests run: 4, Failures: 0, Errors: 0, Skipped: 0, Time elapsed: 0.038 sec - in com.puppycrawl.tools.checkstyle.checks.imports.IllegalImportCheckTest
Running com.puppycrawl.tools.checkstyle.checks.imports.AvoidStaticImportTest
Tests run: 7, Failures: 0, Errors: 0, Skipped: 0, Time elapsed: 0.034 sec - in com.puppycrawl.tools.checkstyle.checks.imports.AvoidStaticImportTest
Running com.puppycrawl.tools.checkstyle.checks.imports.CustomImportOrderCheckTest
Tests run: 30, Failures: 0, Errors: 0, Skipped: 0, Time elapsed: 0.277 sec - in com.puppycrawl.tools.checkstyle.checks.imports.CustomImportOrderCheckTest
Running com.puppycrawl.tools.checkstyle.checks.imports.AvoidStarImportTest
Tests run: 6, Failures: 0, Errors: 0, Skipped: 0, Time elapsed: 0.022 sec - in com.puppycrawl.tools.checkstyle.checks.imports.AvoidStarImportTest
Running com.puppycrawl.tools.checkstyle.checks.javadoc.JavadocParseTreeTest
Tests run: 22, Failures: 0, Errors: 0, Skipped: 0, Time elapsed: 1.839 sec - in com.puppycrawl.tools.checkstyle.checks.javadoc.JavadocParseTreeTest
Running com.puppycrawl.tools.checkstyle.checks.javadoc.JavadocTypeCheckTest
Tests run: 23, Failures: 0, Errors: 0, Skipped: 0, Time elapsed: 0.434 sec - in com.puppycrawl.tools.checkstyle.checks.javadoc.JavadocTypeCheckTest
Running com.puppycrawl.tools.checkstyle.checks.javadoc.JavadocTagInfoTest
Tests run: 15, Failures: 0, Errors: 0, Skipped: 0, Time elapsed: 0.009 sec - in com.puppycrawl.tools.checkstyle.checks.javadoc.JavadocTagInfoTest
Running com.puppycrawl.tools.checkstyle.checks.javadoc.JavadocParagraphCheckTest
Tests run: 4, Failures: 0, Errors: 0, Skipped: 0, Time elapsed: 0.556 sec - in com.puppycrawl.tools.checkstyle.checks.javadoc.JavadocParagraphCheckTest
Running com.puppycrawl.tools.checkstyle.checks.javadoc.JavadocMethodCheckTest
Tests run: 34, Failures: 0, Errors: 0, Skipped: 0, Time elapsed: 0.255 sec - in com.puppycrawl.tools.checkstyle.checks.javadoc.JavadocMethodCheckTest
Running com.puppycrawl.tools.checkstyle.checks.javadoc.JavadocTagContinuationIndentationCheckTest
Tests run: 4, Failures: 0, Errors: 0, Skipped: 0, Time elapsed: 0.241 sec - in com.puppycrawl.tools.checkstyle.checks.javadoc.JavadocTagContinuationIndentationCheckTest
Running com.puppycrawl.tools.checkstyle.checks.javadoc.NonEmptyAtclauseDescriptionCheckTest
Tests run: 3, Failures: 0, Errors: 0, Skipped: 0, Time elapsed: 0.121 sec - in com.puppycrawl.tools.checkstyle.checks.javadoc.NonEmptyAtclauseDescriptionCheckTest
Running com.puppycrawl.tools.checkstyle.checks.javadoc.AtclauseOrderCheckTest
Tests run: 5, Failures: 0, Errors: 0, Skipped: 0, Time elapsed: 0.688 sec - in com.puppycrawl.tools.checkstyle.checks.javadoc.AtclauseOrderCheckTest
Running com.puppycrawl.tools.checkstyle.checks.javadoc.WriteTagCheckTest
Tests run: 14, Failures: 0, Errors: 0, Skipped: 0, Time elapsed: 0.106 sec - in com.puppycrawl.tools.checkstyle.checks.javadoc.WriteTagCheckTest
Running com.puppycrawl.tools.checkstyle.checks.javadoc.JavadocNodeImplTest
Tests run: 2, Failures: 0, Errors: 0, Skipped: 0, Time elapsed: 0.001 sec - in com.puppycrawl.tools.checkstyle.checks.javadoc.JavadocNodeImplTest
Running com.puppycrawl.tools.checkstyle.checks.javadoc.JavadocPackageCheckTest
Tests run: 7, Failures: 0, Errors: 0, Skipped: 0, Time elapsed: 0.02 sec - in com.puppycrawl.tools.checkstyle.checks.javadoc.JavadocPackageCheckTest
Running com.puppycrawl.tools.checkstyle.checks.javadoc.JavadocTagTest
Tests run: 3, Failures: 0, Errors: 0, Skipped: 0, Time elapsed: 0.001 sec - in com.puppycrawl.tools.checkstyle.checks.javadoc.JavadocTagTest
Running com.puppycrawl.tools.checkstyle.checks.javadoc.JavadocStyleCheckTest
Tests run: 17, Failures: 0, Errors: 0, Skipped: 0, Time elapsed: 0.103 sec - in com.puppycrawl.tools.checkstyle.checks.javadoc.JavadocStyleCheckTest
Running com.puppycrawl.tools.checkstyle.checks.javadoc.AbstractTypeAwareCheckTest
Tests run: 6, Failures: 0, Errors: 0, Skipped: 0, Time elapsed: 0.066 sec - in com.puppycrawl.tools.checkstyle.checks.javadoc.AbstractTypeAwareCheckTest
Running com.puppycrawl.tools.checkstyle.checks.javadoc.JavadocVariableCheckTest
Tests run: 12, Failures: 0, Errors: 0, Skipped: 0, Time elapsed: 0.186 sec - in com.puppycrawl.tools.checkstyle.checks.javadoc.JavadocVariableCheckTest
Running com.puppycrawl.tools.checkstyle.checks.javadoc.SummaryJavadocCheckTest
Tests run: 6, Failures: 0, Errors: 0, Skipped: 0, Time elapsed: 0.251 sec - in com.puppycrawl.tools.checkstyle.checks.javadoc.SummaryJavadocCheckTest
Running com.puppycrawl.tools.checkstyle.checks.javadoc.AbstractJavadocCheckTest
Tests run: 4, Failures: 0, Errors: 0, Skipped: 0, Time elapsed: 0.156 sec - in com.puppycrawl.tools.checkstyle.checks.javadoc.AbstractJavadocCheckTest
Running com.puppycrawl.tools.checkstyle.checks.javadoc.SingleLineJavadocCheckTest
Tests run: 4, Failures: 0, Errors: 0, Skipped: 0, Time elapsed: 0.121 sec - in com.puppycrawl.tools.checkstyle.checks.javadoc.SingleLineJavadocCheckTest
Running com.puppycrawl.tools.checkstyle.checks.annotation.AnnotationUseStyleTest
Tests run: 17, Failures: 0, Errors: 0, Skipped: 0, Time elapsed: 0.278 sec - in com.puppycrawl.tools.checkstyle.checks.annotation.AnnotationUseStyleTest
Running com.puppycrawl.tools.checkstyle.checks.annotation.SuppressWarningsCheckTest
Tests run: 24, Failures: 0, Errors: 0, Skipped: 0, Time elapsed: 0.471 sec - in com.puppycrawl.tools.checkstyle.checks.annotation.SuppressWarningsCheckTest
Running com.puppycrawl.tools.checkstyle.checks.annotation.PackageAnnotationTest
Tests run: 4, Failures: 0, Errors: 0, Skipped: 0, Time elapsed: 0.084 sec - in com.puppycrawl.tools.checkstyle.checks.annotation.PackageAnnotationTest
Running com.puppycrawl.tools.checkstyle.checks.annotation.AnnotationLocationCheckTest
Tests run: 7, Failures: 0, Errors: 0, Skipped: 0, Time elapsed: 0.136 sec - in com.puppycrawl.tools.checkstyle.checks.annotation.AnnotationLocationCheckTest
Running com.puppycrawl.tools.checkstyle.checks.annotation.MissingOverrideCheckTest
Tests run: 14, Failures: 0, Errors: 0, Skipped: 0, Time elapsed: 0.179 sec - in com.puppycrawl.tools.checkstyle.checks.annotation.MissingOverrideCheckTest
Running com.puppycrawl.tools.checkstyle.checks.annotation.MissingDeprecatedTest
Tests run: 7, Failures: 0, Errors: 0, Skipped: 0, Time elapsed: 0.072 sec - in com.puppycrawl.tools.checkstyle.checks.annotation.MissingDeprecatedTest
Running com.puppycrawl.tools.checkstyle.checks.sizes.MethodCountCheckTest
Tests run: 6, Failures: 0, Errors: 0, Skipped: 0, Time elapsed: 0.088 sec - in com.puppycrawl.tools.checkstyle.checks.sizes.MethodCountCheckTest
Running com.puppycrawl.tools.checkstyle.checks.sizes.ParameterNumberCheckTest
Tests run: 6, Failures: 0, Errors: 0, Skipped: 0, Time elapsed: 0.059 sec - in com.puppycrawl.tools.checkstyle.checks.sizes.ParameterNumberCheckTest
Running com.puppycrawl.tools.checkstyle.checks.sizes.AnonInnerLengthCheckTest
Tests run: 4, Failures: 0, Errors: 0, Skipped: 0, Time elapsed: 0.035 sec - in com.puppycrawl.tools.checkstyle.checks.sizes.AnonInnerLengthCheckTest
Running com.puppycrawl.tools.checkstyle.checks.sizes.MethodLengthCheckTest
Tests run: 5, Failures: 0, Errors: 0, Skipped: 0, Time elapsed: 0.052 sec - in com.puppycrawl.tools.checkstyle.checks.sizes.MethodLengthCheckTest
Running com.puppycrawl.tools.checkstyle.checks.sizes.LineLengthCheckTest
Tests run: 4, Failures: 0, Errors: 0, Skipped: 0, Time elapsed: 0.033 sec - in com.puppycrawl.tools.checkstyle.checks.sizes.LineLengthCheckTest
Running com.puppycrawl.tools.checkstyle.checks.sizes.OuterTypeNumberCheckTest
Tests run: 5, Failures: 0, Errors: 0, Skipped: 0, Time elapsed: 0.049 sec - in com.puppycrawl.tools.checkstyle.checks.sizes.OuterTypeNumberCheckTest
Running com.puppycrawl.tools.checkstyle.checks.sizes.FileLengthCheckTest
Tests run: 5, Failures: 0, Errors: 0, Skipped: 0, Time elapsed: 0.035 sec - in com.puppycrawl.tools.checkstyle.checks.sizes.FileLengthCheckTest
Running com.puppycrawl.tools.checkstyle.checks.sizes.ExecutableStatementCountCheckTest
Tests run: 8, Failures: 0, Errors: 0, Skipped: 0, Time elapsed: 0.118 sec - in com.puppycrawl.tools.checkstyle.checks.sizes.ExecutableStatementCountCheckTest
Running com.puppycrawl.tools.checkstyle.checks.naming.AbbreviationAsWordInNameCheckTest
Tests run: 11, Failures: 0, Errors: 0, Skipped: 0, Time elapsed: 0.131 sec - in com.puppycrawl.tools.checkstyle.checks.naming.AbbreviationAsWordInNameCheckTest
Running com.puppycrawl.tools.checkstyle.checks.naming.ConstantNameCheckTest
Tests run: 9, Failures: 0, Errors: 0, Skipped: 0, Time elapsed: 0.039 sec - in com.puppycrawl.tools.checkstyle.checks.naming.ConstantNameCheckTest
Running com.puppycrawl.tools.checkstyle.checks.naming.TypeParameterNameTest
Tests run: 10, Failures: 0, Errors: 0, Skipped: 0, Time elapsed: 0.038 sec - in com.puppycrawl.tools.checkstyle.checks.naming.TypeParameterNameTest
Running com.puppycrawl.tools.checkstyle.checks.naming.LocalVariableNameCheckTest
Tests run: 4, Failures: 0, Errors: 0, Skipped: 0, Time elapsed: 0.027 sec - in com.puppycrawl.tools.checkstyle.checks.naming.LocalVariableNameCheckTest
Running com.puppycrawl.tools.checkstyle.checks.naming.TypeNameCheckTest
Tests run: 6, Failures: 0, Errors: 0, Skipped: 0, Time elapsed: 0.027 sec - in com.puppycrawl.tools.checkstyle.checks.naming.TypeNameCheckTest
Running com.puppycrawl.tools.checkstyle.checks.naming.MethodNameCheckTest
Tests run: 8, Failures: 0, Errors: 0, Skipped: 0, Time elapsed: 0.028 sec - in com.puppycrawl.tools.checkstyle.checks.naming.MethodNameCheckTest
Running com.puppycrawl.tools.checkstyle.checks.naming.LocalFinalVariableNameCheckTest
Tests run: 5, Failures: 0, Errors: 0, Skipped: 0, Time elapsed: 0.016 sec - in com.puppycrawl.tools.checkstyle.checks.naming.LocalFinalVariableNameCheckTest
Running com.puppycrawl.tools.checkstyle.checks.naming.AbstractClassNameCheckTest
Tests run: 6, Failures: 0, Errors: 0, Skipped: 0, Time elapsed: 0.017 sec - in com.puppycrawl.tools.checkstyle.checks.naming.AbstractClassNameCheckTest
Running com.puppycrawl.tools.checkstyle.checks.naming.PackageNameCheckTest
Tests run: 4, Failures: 0, Errors: 0, Skipped: 0, Time elapsed: 0.011 sec - in com.puppycrawl.tools.checkstyle.checks.naming.PackageNameCheckTest
Running com.puppycrawl.tools.checkstyle.checks.naming.MemberNameCheckTest
Tests run: 12, Failures: 0, Errors: 0, Skipped: 0, Time elapsed: 0.06 sec - in com.puppycrawl.tools.checkstyle.checks.naming.MemberNameCheckTest
Running com.puppycrawl.tools.checkstyle.checks.naming.StaticVariableNameCheckTest
Tests run: 5, Failures: 0, Errors: 0, Skipped: 0, Time elapsed: 0.032 sec - in com.puppycrawl.tools.checkstyle.checks.naming.StaticVariableNameCheckTest
Running com.puppycrawl.tools.checkstyle.checks.naming.ParameterNameCheckTest
Tests run: 5, Failures: 0, Errors: 0, Skipped: 0, Time elapsed: 0.035 sec - in com.puppycrawl.tools.checkstyle.checks.naming.ParameterNameCheckTest
Running com.puppycrawl.tools.checkstyle.checks.TodoCommentCheckTest
Tests run: 3, Failures: 0, Errors: 0, Skipped: 0, Time elapsed: 0.017 sec - in com.puppycrawl.tools.checkstyle.checks.TodoCommentCheckTest
Running com.puppycrawl.tools.checkstyle.checks.whitespace.NoWhitespaceAfterCheckTest
Tests run: 5, Failures: 0, Errors: 0, Skipped: 0, Time elapsed: 0.054 sec - in com.puppycrawl.tools.checkstyle.checks.whitespace.NoWhitespaceAfterCheckTest
Running com.puppycrawl.tools.checkstyle.checks.whitespace.OperatorWrapCheckTest
Tests run: 3, Failures: 0, Errors: 0, Skipped: 0, Time elapsed: 0.018 sec - in com.puppycrawl.tools.checkstyle.checks.whitespace.OperatorWrapCheckTest
Running com.puppycrawl.tools.checkstyle.checks.whitespace.MethodParamPadCheckTest
Tests run: 6, Failures: 0, Errors: 0, Skipped: 0, Time elapsed: 0.052 sec - in com.puppycrawl.tools.checkstyle.checks.whitespace.MethodParamPadCheckTest
Running com.puppycrawl.tools.checkstyle.checks.whitespace.EmptyLineSeparatorCheckTest
Tests run: 10, Failures: 0, Errors: 0, Skipped: 0, Time elapsed: 0.136 sec - in com.puppycrawl.tools.checkstyle.checks.whitespace.EmptyLineSeparatorCheckTest
Running com.puppycrawl.tools.checkstyle.checks.whitespace.SeparatorWrapCheckTest
Tests run: 3, Failures: 0, Errors: 0, Skipped: 0, Time elapsed: 0.036 sec - in com.puppycrawl.tools.checkstyle.checks.whitespace.SeparatorWrapCheckTest
Running com.puppycrawl.tools.checkstyle.checks.whitespace.FileTabCharacterCheckTest
Tests run: 3, Failures: 0, Errors: 0, Skipped: 0, Time elapsed: 0.032 sec - in com.puppycrawl.tools.checkstyle.checks.whitespace.FileTabCharacterCheckTest
Running com.puppycrawl.tools.checkstyle.checks.whitespace.NoWhitespaceBeforeCheckTest
Tests run: 3, Failures: 0, Errors: 0, Skipped: 0, Time elapsed: 0.059 sec - in com.puppycrawl.tools.checkstyle.checks.whitespace.NoWhitespaceBeforeCheckTest
Running com.puppycrawl.tools.checkstyle.checks.whitespace.EmptyForIteratorPadCheckTest
Tests run: 4, Failures: 0, Errors: 0, Skipped: 0, Time elapsed: 0.036 sec - in com.puppycrawl.tools.checkstyle.checks.whitespace.EmptyForIteratorPadCheckTest
Running com.puppycrawl.tools.checkstyle.checks.whitespace.ParenPadCheckTest
Tests run: 7, Failures: 0, Errors: 0, Skipped: 0, Time elapsed: 0.155 sec - in com.puppycrawl.tools.checkstyle.checks.whitespace.ParenPadCheckTest
Running com.puppycrawl.tools.checkstyle.checks.whitespace.TypecastParenPadCheckTest
Tests run: 4, Failures: 0, Errors: 0, Skipped: 0, Time elapsed: 0.051 sec - in com.puppycrawl.tools.checkstyle.checks.whitespace.TypecastParenPadCheckTest
Running com.puppycrawl.tools.checkstyle.checks.whitespace.WhitespaceAroundTest
Tests run: 14, Failures: 0, Errors: 0, Skipped: 0, Time elapsed: 0.165 sec - in com.puppycrawl.tools.checkstyle.checks.whitespace.WhitespaceAroundTest
Running com.puppycrawl.tools.checkstyle.checks.whitespace.WhitespaceAfterCheckTest
Tests run: 7, Failures: 0, Errors: 0, Skipped: 0, Time elapsed: 0.054 sec - in com.puppycrawl.tools.checkstyle.checks.whitespace.WhitespaceAfterCheckTest
Running com.puppycrawl.tools.checkstyle.checks.whitespace.NoLineWrapCheckTest
Tests run: 3, Failures: 0, Errors: 0, Skipped: 0, Time elapsed: 0.067 sec - in com.puppycrawl.tools.checkstyle.checks.whitespace.NoLineWrapCheckTest
Running com.puppycrawl.tools.checkstyle.checks.whitespace.EmptyForInitializerPadCheckTest
Tests run: 6, Failures: 0, Errors: 0, Skipped: 0, Time elapsed: 0.018 sec - in com.puppycrawl.tools.checkstyle.checks.whitespace.EmptyForInitializerPadCheckTest
Running com.puppycrawl.tools.checkstyle.checks.whitespace.GenericWhitespaceCheckTest
Tests run: 8, Failures: 0, Errors: 0, Skipped: 0, Time elapsed: 0.028 sec - in com.puppycrawl.tools.checkstyle.checks.whitespace.GenericWhitespaceCheckTest
Running com.puppycrawl.tools.checkstyle.checks.FinalParametersCheckTest
Tests run: 6, Failures: 0, Errors: 0, Skipped: 0, Time elapsed: 0.04 sec - in com.puppycrawl.tools.checkstyle.checks.FinalParametersCheckTest
Running com.puppycrawl.tools.checkstyle.checks.metrics.BooleanExpressionComplexityCheckTest
Tests run: 4, Failures: 0, Errors: 0, Skipped: 0, Time elapsed: 0.015 sec - in com.puppycrawl.tools.checkstyle.checks.metrics.BooleanExpressionComplexityCheckTest
Running com.puppycrawl.tools.checkstyle.checks.metrics.NPathComplexityCheckTest
Tests run: 6, Failures: 0, Errors: 0, Skipped: 0, Time elapsed: 0.021 sec - in com.puppycrawl.tools.checkstyle.checks.metrics.NPathComplexityCheckTest
Running com.puppycrawl.tools.checkstyle.checks.metrics.CyclomaticComplexityCheckTest
Tests run: 4, Failures: 0, Errors: 0, Skipped: 0, Time elapsed: 0.015 sec - in com.puppycrawl.tools.checkstyle.checks.metrics.CyclomaticComplexityCheckTest
Running com.puppycrawl.tools.checkstyle.checks.metrics.JavaNCSSCheckTest
Tests run: 4, Failures: 0, Errors: 0, Skipped: 0, Time elapsed: 0.012 sec - in com.puppycrawl.tools.checkstyle.checks.metrics.JavaNCSSCheckTest
Running com.puppycrawl.tools.checkstyle.checks.metrics.ClassFanOutComplexityCheckTest
Tests run: 4, Failures: 0, Errors: 0, Skipped: 0, Time elapsed: 0.016 sec - in com.puppycrawl.tools.checkstyle.checks.metrics.ClassFanOutComplexityCheckTest
Running com.puppycrawl.tools.checkstyle.checks.metrics.ClassDataAbstractionCouplingCheckTest
Tests run: 3, Failures: 0, Errors: 0, Skipped: 0, Time elapsed: 0.012 sec - in com.puppycrawl.tools.checkstyle.checks.metrics.ClassDataAbstractionCouplingCheckTest
Running com.puppycrawl.tools.checkstyle.checks.design.InnerTypeLastCheckTest
Tests run: 3, Failures: 0, Errors: 0, Skipped: 0, Time elapsed: 0.008 sec - in com.puppycrawl.tools.checkstyle.checks.design.InnerTypeLastCheckTest
Running com.puppycrawl.tools.checkstyle.checks.design.ThrowsCountCheckTest
Tests run: 6, Failures: 0, Errors: 0, Skipped: 0, Time elapsed: 0.015 sec - in com.puppycrawl.tools.checkstyle.checks.design.ThrowsCountCheckTest
Running com.puppycrawl.tools.checkstyle.checks.design.InterfaceIsTypeCheckTest
Tests run: 4, Failures: 0, Errors: 0, Skipped: 0, Time elapsed: 0.009 sec - in com.puppycrawl.tools.checkstyle.checks.design.InterfaceIsTypeCheckTest
Running com.puppycrawl.tools.checkstyle.checks.design.FinalClassCheckTest
Tests run: 3, Failures: 0, Errors: 0, Skipped: 0, Time elapsed: 0.005 sec - in com.puppycrawl.tools.checkstyle.checks.design.FinalClassCheckTest
Running com.puppycrawl.tools.checkstyle.checks.design.OneTopLevelClassCheckTest
Tests run: 11, Failures: 0, Errors: 0, Skipped: 0, Time elapsed: 0.033 sec - in com.puppycrawl.tools.checkstyle.checks.design.OneTopLevelClassCheckTest
Running com.puppycrawl.tools.checkstyle.checks.design.DesignForExtensionCheckTest
Tests run: 3, Failures: 0, Errors: 0, Skipped: 0, Time elapsed: 0.007 sec - in com.puppycrawl.tools.checkstyle.checks.design.DesignForExtensionCheckTest
Running com.puppycrawl.tools.checkstyle.checks.design.MutableExceptionCheckTest
Tests run: 6, Failures: 0, Errors: 0, Skipped: 0, Time elapsed: 0.014 sec - in com.puppycrawl.tools.checkstyle.checks.design.MutableExceptionCheckTest
Running com.puppycrawl.tools.checkstyle.checks.design.HideUtilityClassConstructorCheckTest
Tests run: 12, Failures: 0, Errors: 0, Skipped: 0, Time elapsed: 0.079 sec - in com.puppycrawl.tools.checkstyle.checks.design.HideUtilityClassConstructorCheckTest
Running com.puppycrawl.tools.checkstyle.checks.design.VisibilityModifierCheckTest
Tests run: 19, Failures: 0, Errors: 0, Skipped: 0, Time elapsed: 0.091 sec - in com.puppycrawl.tools.checkstyle.checks.design.VisibilityModifierCheckTest
Running com.puppycrawl.tools.checkstyle.checks.modifier.RedundantModifierTest
Tests run: 11, Failures: 0, Errors: 0, Skipped: 0, Time elapsed: 0.048 sec - in com.puppycrawl.tools.checkstyle.checks.modifier.RedundantModifierTest
Running com.puppycrawl.tools.checkstyle.checks.modifier.ModifierOrderCheckTest
Tests run: 5, Failures: 0, Errors: 0, Skipped: 0, Time elapsed: 0.041 sec - in com.puppycrawl.tools.checkstyle.checks.modifier.ModifierOrderCheckTest
Running com.puppycrawl.tools.checkstyle.checks.ArrayTypeStyleCheckTest
Tests run: 4, Failures: 0, Errors: 0, Skipped: 0, Time elapsed: 0.008 sec - in com.puppycrawl.tools.checkstyle.checks.ArrayTypeStyleCheckTest
Running com.puppycrawl.tools.checkstyle.checks.UpperEllCheckTest
Tests run: 3, Failures: 0, Errors: 0, Skipped: 0, Time elapsed: 0.007 sec - in com.puppycrawl.tools.checkstyle.checks.UpperEllCheckTest
Running com.puppycrawl.tools.checkstyle.checks.regexp.RegexpCheckTest
Tests run: 24, Failures: 0, Errors: 0, Skipped: 0, Time elapsed: 0.137 sec - in com.puppycrawl.tools.checkstyle.checks.regexp.RegexpCheckTest
Running com.puppycrawl.tools.checkstyle.checks.regexp.RegexpSinglelineJavaCheckTest
Tests run: 19, Failures: 0, Errors: 0, Skipped: 0, Time elapsed: 0.171 sec - in com.puppycrawl.tools.checkstyle.checks.regexp.RegexpSinglelineJavaCheckTest
Running com.puppycrawl.tools.checkstyle.checks.regexp.RegexpSinglelineCheckTest
Tests run: 6, Failures: 0, Errors: 0, Skipped: 0, Time elapsed: 0.034 sec - in com.puppycrawl.tools.checkstyle.checks.regexp.RegexpSinglelineCheckTest
Running com.puppycrawl.tools.checkstyle.checks.regexp.RegexpMultilineCheckTest
Tests run: 12, Failures: 0, Errors: 0, Skipped: 0, Time elapsed: 0.077 sec - in com.puppycrawl.tools.checkstyle.checks.regexp.RegexpMultilineCheckTest
Running com.puppycrawl.tools.checkstyle.checks.ClassResolverTest
Tests run: 5, Failures: 0, Errors: 0, Skipped: 0, Time elapsed: 0.453 sec - in com.puppycrawl.tools.checkstyle.checks.ClassResolverTest
Running com.puppycrawl.tools.checkstyle.checks.AvoidEscapedUnicodeCharactersCheckTest
Tests run: 7, Failures: 0, Errors: 0, Skipped: 0, Time elapsed: 0.023 sec - in com.puppycrawl.tools.checkstyle.checks.AvoidEscapedUnicodeCharactersCheckTest
Running com.puppycrawl.tools.checkstyle.checks.indentation.NewHandlerTest
Tests run: 1, Failures: 0, Errors: 0, Skipped: 0, Time elapsed: 0.016 sec - in com.puppycrawl.tools.checkstyle.checks.indentation.NewHandlerTest
Running com.puppycrawl.tools.checkstyle.checks.indentation.CommentsIndentationCheckTest
Tests run: 4, Failures: 0, Errors: 0, Skipped: 0, Time elapsed: 0.015 sec - in com.puppycrawl.tools.checkstyle.checks.indentation.CommentsIndentationCheckTest
Running com.puppycrawl.tools.checkstyle.checks.indentation.LineSetTest
Tests run: 1, Failures: 0, Errors: 0, Skipped: 0, Time elapsed: 0 sec - in com.puppycrawl.tools.checkstyle.checks.indentation.LineSetTest
Running com.puppycrawl.tools.checkstyle.checks.indentation.IndentationCheckTest
Tests run: 61, Failures: 0, Errors: 0, Skipped: 0, Time elapsed: 0.629 sec - in com.puppycrawl.tools.checkstyle.checks.indentation.IndentationCheckTest
Running com.puppycrawl.tools.checkstyle.checks.SuppressWarningsHolderTest
Tests run: 16, Failures: 0, Errors: 0, Skipped: 0, Time elapsed: 1.609 sec - in com.puppycrawl.tools.checkstyle.checks.SuppressWarningsHolderTest
Running com.puppycrawl.tools.checkstyle.checks.UncommentedMainCheckTest
Tests run: 7, Failures: 0, Errors: 0, Skipped: 0, Time elapsed: 0.017 sec - in com.puppycrawl.tools.checkstyle.checks.UncommentedMainCheckTest
Running com.puppycrawl.tools.checkstyle.checks.UniquePropertiesCheckTest
Tests run: 5, Failures: 0, Errors: 0, Skipped: 0, Time elapsed: 0.036 sec - in com.puppycrawl.tools.checkstyle.checks.UniquePropertiesCheckTest
Running com.puppycrawl.tools.checkstyle.checks.DescendantTokenCheckTest
Tests run: 18, Failures: 0, Errors: 0, Skipped: 0, Time elapsed: 0.076 sec - in com.puppycrawl.tools.checkstyle.checks.DescendantTokenCheckTest
Running com.puppycrawl.tools.checkstyle.checks.header.HeaderCheckTest
Tests run: 10, Failures: 0, Errors: 0, Skipped: 0, Time elapsed: 1.064 sec - in com.puppycrawl.tools.checkstyle.checks.header.HeaderCheckTest
Running com.puppycrawl.tools.checkstyle.checks.header.RegexpHeaderCheckTest
Tests run: 20, Failures: 0, Errors: 0, Skipped: 0, Time elapsed: 0.049 sec - in com.puppycrawl.tools.checkstyle.checks.header.RegexpHeaderCheckTest
Running com.puppycrawl.tools.checkstyle.checks.blocks.LeftCurlyCheckTest
Tests run: 18, Failures: 0, Errors: 0, Skipped: 0, Time elapsed: 0.113 sec - in com.puppycrawl.tools.checkstyle.checks.blocks.LeftCurlyCheckTest
Running com.puppycrawl.tools.checkstyle.checks.blocks.RightCurlyCheckTest
Tests run: 15, Failures: 0, Errors: 0, Skipped: 0, Time elapsed: 0.234 sec - in com.puppycrawl.tools.checkstyle.checks.blocks.RightCurlyCheckTest
Running com.puppycrawl.tools.checkstyle.checks.blocks.EmptyCatchBlockCheckTest
Tests run: 4, Failures: 0, Errors: 0, Skipped: 0, Time elapsed: 0.033 sec - in com.puppycrawl.tools.checkstyle.checks.blocks.EmptyCatchBlockCheckTest
Running com.puppycrawl.tools.checkstyle.checks.blocks.AvoidNestedBlocksCheckTest
Tests run: 4, Failures: 0, Errors: 0, Skipped: 0, Time elapsed: 0.031 sec - in com.puppycrawl.tools.checkstyle.checks.blocks.AvoidNestedBlocksCheckTest
Running com.puppycrawl.tools.checkstyle.checks.blocks.EmptyBlockCheckTest
Tests run: 6, Failures: 0, Errors: 0, Skipped: 0, Time elapsed: 0.08 sec - in com.puppycrawl.tools.checkstyle.checks.blocks.EmptyBlockCheckTest
Running com.puppycrawl.tools.checkstyle.checks.blocks.NeedBracesCheckTest
Tests run: 6, Failures: 0, Errors: 0, Skipped: 0, Time elapsed: 0.083 sec - in com.puppycrawl.tools.checkstyle.checks.blocks.NeedBracesCheckTest
Running com.puppycrawl.tools.checkstyle.checks.TranslationCheckTest
Tests run: 10, Failures: 0, Errors: 0, Skipped: 0, Time elapsed: 0.11 sec - in com.puppycrawl.tools.checkstyle.checks.TranslationCheckTest
Running com.puppycrawl.tools.checkstyle.checks.FileSetCheckLifecycleTest
Tests run: 3, Failures: 0, Errors: 0, Skipped: 0, Time elapsed: 0.024 sec - in com.puppycrawl.tools.checkstyle.checks.FileSetCheckLifecycleTest
Running com.puppycrawl.tools.checkstyle.checks.OuterTypeFilenameCheckTest
Tests run: 9, Failures: 0, Errors: 0, Skipped: 0, Time elapsed: 0.056 sec - in com.puppycrawl.tools.checkstyle.checks.OuterTypeFilenameCheckTest
Running com.puppycrawl.tools.checkstyle.checks.TrailingCommentCheckTest
Tests run: 5, Failures: 0, Errors: 0, Skipped: 0, Time elapsed: 0.011 sec - in com.puppycrawl.tools.checkstyle.checks.TrailingCommentCheckTest
Running com.puppycrawl.tools.checkstyle.checks.NewlineAtEndOfFileCheckTest
Tests run: 10, Failures: 0, Errors: 0, Skipped: 0, Time elapsed: 0.14 sec - in com.puppycrawl.tools.checkstyle.checks.NewlineAtEndOfFileCheckTest
Running com.puppycrawl.tools.checkstyle.comments.CommentsTest
Tests run: 3, Failures: 0, Errors: 0, Skipped: 0, Time elapsed: 0.008 sec - in com.puppycrawl.tools.checkstyle.comments.CommentsTest
Running com.puppycrawl.tools.checkstyle.comments.AllSinglelineCommentsTest
Tests run: 1, Failures: 0, Errors: 0, Skipped: 0, Time elapsed: 0.024 sec - in com.puppycrawl.tools.checkstyle.comments.AllSinglelineCommentsTest
Running com.puppycrawl.tools.checkstyle.comments.AllBlockCommentsTest
Tests run: 1, Failures: 0, Errors: 0, Skipped: 0, Time elapsed: 0.007 sec - in com.puppycrawl.tools.checkstyle.comments.AllBlockCommentsTest
Running com.puppycrawl.tools.checkstyle.doclets.TokenTypesDocletTest
Tests run: 6, Failures: 0, Errors: 0, Skipped: 0, Time elapsed: 0.69 sec - in com.puppycrawl.tools.checkstyle.doclets.TokenTypesDocletTest
Running com.puppycrawl.tools.checkstyle.filters.FilterSetTest
Tests run: 7, Failures: 0, Errors: 0, Skipped: 0, Time elapsed: 0.37 sec - in com.puppycrawl.tools.checkstyle.filters.FilterSetTest
Running com.puppycrawl.tools.checkstyle.filters.SeverityMatchFilterTest
Tests run: 3, Failures: 0, Errors: 0, Skipped: 0, Time elapsed: 0 sec - in com.puppycrawl.tools.checkstyle.filters.SeverityMatchFilterTest
Running com.puppycrawl.tools.checkstyle.filters.SuppressElementTest
Tests run: 15, Failures: 0, Errors: 0, Skipped: 0, Time elapsed: 0.194 sec - in com.puppycrawl.tools.checkstyle.filters.SuppressElementTest
Running com.puppycrawl.tools.checkstyle.filters.SuppressionsLoaderTest
Tests run: 14, Failures: 0, Errors: 0, Skipped: 0, Time elapsed: 0.666 sec - in com.puppycrawl.tools.checkstyle.filters.SuppressionsLoaderTest
Running com.puppycrawl.tools.checkstyle.filters.CSVFilterTest
Tests run: 6, Failures: 0, Errors: 0, Skipped: 0, Time elapsed: 0.049 sec - in com.puppycrawl.tools.checkstyle.filters.CSVFilterTest
Running com.puppycrawl.tools.checkstyle.filters.SuppressionFilterTest
Tests run: 2, Failures: 0, Errors: 0, Skipped: 0, Time elapsed: 0.04 sec - in com.puppycrawl.tools.checkstyle.filters.SuppressionFilterTest
Running com.puppycrawl.tools.checkstyle.filters.IntRangeFilterTest
Tests run: 4, Failures: 0, Errors: 0, Skipped: 0, Time elapsed: 0.03 sec - in com.puppycrawl.tools.checkstyle.filters.IntRangeFilterTest
Running com.puppycrawl.tools.checkstyle.filters.IntMatchFilterTest
Tests run: 3, Failures: 0, Errors: 0, Skipped: 0, Time elapsed: 0.051 sec - in com.puppycrawl.tools.checkstyle.filters.IntMatchFilterTest
Running com.puppycrawl.tools.checkstyle.filters.SuppressionCommentFilterTest
Tests run: 15, Failures: 0, Errors: 0, Skipped: 0, Time elapsed: 0.624 sec - in com.puppycrawl.tools.checkstyle.filters.SuppressionCommentFilterTest
Running com.puppycrawl.tools.checkstyle.filters.SuppressWithNearbyCommentFilterTest
Tests run: 15, Failures: 0, Errors: 0, Skipped: 0, Time elapsed: 0.3 sec - in com.puppycrawl.tools.checkstyle.filters.SuppressWithNearbyCommentFilterTest
Running com.puppycrawl.tools.checkstyle.filters.SuppressWarningsFilterTest
Tests run: 2, Failures: 0, Errors: 0, Skipped: 0, Time elapsed: 0.052 sec - in com.puppycrawl.tools.checkstyle.filters.SuppressWarningsFilterTest
Running com.puppycrawl.tools.checkstyle.grammars.java8.DefaultMethodsTest
Tests run: 2, Failures: 0, Errors: 0, Skipped: 0, Time elapsed: 0.007 sec - in com.puppycrawl.tools.checkstyle.grammars.java8.DefaultMethodsTest
Running com.puppycrawl.tools.checkstyle.grammars.java8.LambdaTest
Tests run: 18, Failures: 0, Errors: 0, Skipped: 0, Time elapsed: 0.073 sec - in com.puppycrawl.tools.checkstyle.grammars.java8.LambdaTest
Running com.puppycrawl.tools.checkstyle.grammars.java8.AnnotationTest
Tests run: 10, Failures: 0, Errors: 0, Skipped: 0, Time elapsed: 0.037 sec - in com.puppycrawl.tools.checkstyle.grammars.java8.AnnotationTest
Running com.puppycrawl.tools.checkstyle.grammars.java8.MethodReferencesTest
Tests run: 3, Failures: 0, Errors: 0, Skipped: 0, Time elapsed: 0.015 sec - in com.puppycrawl.tools.checkstyle.grammars.java8.MethodReferencesTest
Running com.puppycrawl.tools.checkstyle.grammars.UnicodeEscapeTest
Tests run: 1, Failures: 0, Errors: 0, Skipped: 0, Time elapsed: 0.009 sec - in com.puppycrawl.tools.checkstyle.grammars.UnicodeEscapeTest
Running com.puppycrawl.tools.checkstyle.grammars.Java7DiamondTest
Tests run: 1, Failures: 0, Errors: 0, Skipped: 0, Time elapsed: 0.006 sec - in com.puppycrawl.tools.checkstyle.grammars.Java7DiamondTest
Running com.puppycrawl.tools.checkstyle.grammars.LineCommentAtTheEndOfFileTest
Tests run: 1, Failures: 0, Errors: 0, Skipped: 0, Time elapsed: 0.003 sec - in com.puppycrawl.tools.checkstyle.grammars.LineCommentAtTheEndOfFileTest
Running com.puppycrawl.tools.checkstyle.grammars.Java7MultiCatchTest
Tests run: 1, Failures: 0, Errors: 0, Skipped: 0, Time elapsed: 0.003 sec - in com.puppycrawl.tools.checkstyle.grammars.Java7MultiCatchTest
Running com.puppycrawl.tools.checkstyle.grammars.HexFloatsTest
Tests run: 1, Failures: 0, Errors: 0, Skipped: 0, Time elapsed: 0.004 sec - in com.puppycrawl.tools.checkstyle.grammars.HexFloatsTest
Running com.puppycrawl.tools.checkstyle.grammars.MultiDimensionalArraysInGenericsTest
Tests run: 1, Failures: 0, Errors: 0, Skipped: 0, Time elapsed: 0.003 sec - in com.puppycrawl.tools.checkstyle.grammars.MultiDimensionalArraysInGenericsTest
Running com.puppycrawl.tools.checkstyle.grammars.EmbeddedNullCharTest
Tests run: 1, Failures: 0, Errors: 0, Skipped: 0, Time elapsed: 0.004 sec - in com.puppycrawl.tools.checkstyle.grammars.EmbeddedNullCharTest
Running com.puppycrawl.tools.checkstyle.grammars.Java7NumericalLiteralsTest
Tests run: 1, Failures: 0, Errors: 0, Skipped: 0, Time elapsed: 0.027 sec - in com.puppycrawl.tools.checkstyle.grammars.Java7NumericalLiteralsTest
Running com.puppycrawl.tools.checkstyle.grammars.GeneratedJava14LexerTest
Tests run: 2, Failures: 0, Errors: 0, Skipped: 0, Time elapsed: 0.017 sec - in com.puppycrawl.tools.checkstyle.grammars.GeneratedJava14LexerTest
Running com.puppycrawl.tools.checkstyle.grammars.Java7TryWithResourcesTest
Tests run: 1, Failures: 0, Errors: 0, Skipped: 0, Time elapsed: 0.011 sec - in com.puppycrawl.tools.checkstyle.grammars.Java7TryWithResourcesTest
Running com.puppycrawl.tools.checkstyle.grammars.Java7StringSwitchTest
Tests run: 1, Failures: 0, Errors: 0, Skipped: 0, Time elapsed: 0.004 sec - in com.puppycrawl.tools.checkstyle.grammars.Java7StringSwitchTest
Running com.puppycrawl.tools.checkstyle.grammars.VarargTest
Tests run: 1, Failures: 0, Errors: 0, Skipped: 0, Time elapsed: 0.004 sec - in com.puppycrawl.tools.checkstyle.grammars.VarargTest
Running com.puppycrawl.tools.checkstyle.api.LineColumnTest
Tests run: 4, Failures: 0, Errors: 0, Skipped: 0, Time elapsed: 0.023 sec - in com.puppycrawl.tools.checkstyle.api.LineColumnTest
Running com.puppycrawl.tools.checkstyle.api.TokenTypesTest
Tests run: 2, Failures: 0, Errors: 0, Skipped: 0, Time elapsed: 0.002 sec - in com.puppycrawl.tools.checkstyle.api.TokenTypesTest
Running com.puppycrawl.tools.checkstyle.api.DetailASTTest
Tests run: 4, Failures: 0, Errors: 0, Skipped: 0, Time elapsed: 0.99 sec - in com.puppycrawl.tools.checkstyle.api.DetailASTTest
Running com.puppycrawl.tools.checkstyle.api.AbstractViolationReporterTest
Tests run: 6, Failures: 0, Errors: 0, Skipped: 0, Time elapsed: 0.001 sec - in com.puppycrawl.tools.checkstyle.api.AbstractViolationReporterTest
Running com.puppycrawl.tools.checkstyle.api.ScopeTest
Tests run: 10, Failures: 0, Errors: 0, Skipped: 0, Time elapsed: 0.002 sec - in com.puppycrawl.tools.checkstyle.api.ScopeTest
Running com.puppycrawl.tools.checkstyle.api.LocalizedMessageTest
Tests run: 9, Failures: 0, Errors: 0, Skipped: 0, Time elapsed: 0.361 sec - in com.puppycrawl.tools.checkstyle.api.LocalizedMessageTest
Running com.puppycrawl.tools.checkstyle.api.FileContentsTest
Tests run: 3, Failures: 0, Errors: 0, Skipped: 0, Time elapsed: 0 sec - in com.puppycrawl.tools.checkstyle.api.FileContentsTest
Running com.puppycrawl.tools.checkstyle.api.JavadocTokenTypesTest
Tests run: 1, Failures: 0, Errors: 0, Skipped: 0, Time elapsed: 0 sec - in com.puppycrawl.tools.checkstyle.api.JavadocTokenTypesTest
Running com.puppycrawl.tools.checkstyle.api.FullIdentTest
Tests run: 1, Failures: 0, Errors: 0, Skipped: 0, Time elapsed: 0 sec - in com.puppycrawl.tools.checkstyle.api.FullIdentTest
Running com.puppycrawl.tools.checkstyle.api.AutomaticBeanTest
Tests run: 6, Failures: 0, Errors: 0, Skipped: 0, Time elapsed: 0.031 sec - in com.puppycrawl.tools.checkstyle.api.AutomaticBeanTest
Running com.puppycrawl.tools.checkstyle.api.SeverityLevelTest
Tests run: 4, Failures: 0, Errors: 0, Skipped: 0, Time elapsed: 0 sec - in com.puppycrawl.tools.checkstyle.api.SeverityLevelTest
Running com.puppycrawl.tools.checkstyle.api.SeverityLevelCounterTest
Tests run: 3, Failures: 0, Errors: 0, Skipped: 0, Time elapsed: 0 sec - in com.puppycrawl.tools.checkstyle.api.SeverityLevelCounterTest
Running com.puppycrawl.tools.checkstyle.api.CheckTest
Tests run: 3, Failures: 0, Errors: 0, Skipped: 0, Time elapsed: 0 sec - in com.puppycrawl.tools.checkstyle.api.CheckTest
Running com.puppycrawl.tools.checkstyle.api.FileTextTest
Tests run: 2, Failures: 0, Errors: 0, Skipped: 0, Time elapsed: 0.008 sec - in com.puppycrawl.tools.checkstyle.api.FileTextTest
Running com.puppycrawl.tools.checkstyle.PropertiesExpanderTest
Tests run: 1, Failures: 0, Errors: 0, Skipped: 0, Time elapsed: 0 sec - in com.puppycrawl.tools.checkstyle.PropertiesExpanderTest
Running com.puppycrawl.tools.checkstyle.MainTest
Tests run: 26, Failures: 0, Errors: 0, Skipped: 0, Time elapsed: 0.693 sec - in com.puppycrawl.tools.checkstyle.MainTest
Running com.puppycrawl.tools.checkstyle.PackageNamesLoaderTest
Tests run: 5, Failures: 0, Errors: 0, Skipped: 0, Time elapsed: 0.033 sec - in com.puppycrawl.tools.checkstyle.PackageNamesLoaderTest
Running com.puppycrawl.tools.checkstyle.ConfigurationLoaderTest
Tests run: 24, Failures: 0, Errors: 0, Skipped: 0, Time elapsed: 0.045 sec - in com.puppycrawl.tools.checkstyle.ConfigurationLoaderTest
Running com.puppycrawl.tools.checkstyle.utils.JavadocUtilsTest
Tests run: 16, Failures: 0, Errors: 0, Skipped: 0, Time elapsed: 0.019 sec - in com.puppycrawl.tools.checkstyle.utils.JavadocUtilsTest
Running com.puppycrawl.tools.checkstyle.utils.AnnotationUtilityTest
Tests run: 10, Failures: 0, Errors: 0, Skipped: 0, Time elapsed: 0.002 sec - in com.puppycrawl.tools.checkstyle.utils.AnnotationUtilityTest
Running com.puppycrawl.tools.checkstyle.utils.CommonUtilsTest
Tests run: 17, Failures: 0, Errors: 0, Skipped: 0, Time elapsed: 2.452 sec - in com.puppycrawl.tools.checkstyle.utils.CommonUtilsTest
Running com.puppycrawl.tools.checkstyle.utils.ScopeUtilsTest
Tests run: 12, Failures: 0, Errors: 0, Skipped: 0, Time elapsed: 0.002 sec - in com.puppycrawl.tools.checkstyle.utils.ScopeUtilsTest
Running com.puppycrawl.tools.checkstyle.utils.CheckUtilsTest
Tests run: 4, Failures: 0, Errors: 0, Skipped: 0, Time elapsed: 0.001 sec - in com.puppycrawl.tools.checkstyle.utils.CheckUtilsTest
Running com.puppycrawl.tools.checkstyle.utils.TokenUtilsTest
Tests run: 8, Failures: 0, Errors: 0, Skipped: 0, Time elapsed: 0.002 sec - in com.puppycrawl.tools.checkstyle.utils.TokenUtilsTest
Running com.puppycrawl.tools.checkstyle.XMLLoggerTest
Tests run: 10, Failures: 0, Errors: 0, Skipped: 0, Time elapsed: 0 sec - in com.puppycrawl.tools.checkstyle.XMLLoggerTest
Running com.puppycrawl.tools.checkstyle.CheckerTest
Tests run: 12, Failures: 0, Errors: 0, Skipped: 0, Time elapsed: 0 sec - in com.puppycrawl.tools.checkstyle.CheckerTest
Running com.puppycrawl.tools.checkstyle.DefaultLoggerTest
Tests run: 2, Failures: 0, Errors: 0, Skipped: 0, Time elapsed: 0 sec - in com.puppycrawl.tools.checkstyle.DefaultLoggerTest
Running com.puppycrawl.tools.checkstyle.PackageObjectFactoryTest
Tests run: 4, Failures: 0, Errors: 0, Skipped: 0, Time elapsed: 0 sec - in com.puppycrawl.tools.checkstyle.PackageObjectFactoryTest
Running com.puppycrawl.tools.checkstyle.PropertyCacheFileTest
Tests run: 4, Failures: 0, Errors: 0, Skipped: 0, Time elapsed: 0.351 sec - in com.puppycrawl.tools.checkstyle.PropertyCacheFileTest
Running com.puppycrawl.tools.checkstyle.DefinitionsTest
Tests run: 1, Failures: 0, Errors: 0, Skipped: 0, Time elapsed: 0 sec - in com.puppycrawl.tools.checkstyle.DefinitionsTest
Running com.puppycrawl.tools.checkstyle.DefaultConfigurationTest
Tests run: 1, Failures: 0, Errors: 0, Skipped: 0, Time elapsed: 0.001 sec - in com.puppycrawl.tools.checkstyle.DefaultConfigurationTest
Running com.puppycrawl.tools.checkstyle.TreeWalkerTest
Tests run: 16, Failures: 0, Errors: 0, Skipped: 0, Time elapsed: 0.054 sec - in com.puppycrawl.tools.checkstyle.TreeWalkerTest
Running com.puppycrawl.tools.checkstyle.CommitValidationTest
Tests run: 2, Failures: 1, Errors: 0, Skipped: 0, Time elapsed: 0.229 sec <<< FAILURE! - in com.puppycrawl.tools.checkstyle.CommitValidationTest
testCommitMessageHasProperStructure(com.puppycrawl.tools.checkstyle.CommitValidationTest)  Time elapsed: 0.028 sec  <<< FAILURE!
java.lang.AssertionError: Commit 885d998eeb01d71db0c4080b36ad0cb0949e4839 message: "Deploy snapshots versions in CI
" is invalid
Proper commit message should adhere to the following rules:
    1) Must match one of the following patterns:
        ^Issue #\d*: .*$
        ^Pull #\d*: .*$
        ^(minor|config|infra|doc|spelling): .*$
    2) It contains only one line
	at org.junit.Assert.fail(Assert.java:88)
	at org.junit.Assert.assertTrue(Assert.java:41)
	at com.puppycrawl.tools.checkstyle.CommitValidationTest.testCommitMessageHasProperStructure(CommitValidationTest.java:115)

Running com.puppycrawl.tools.checkstyle.AllChecksPresentOnAvailableChecksPageTest
Tests run: 1, Failures: 0, Errors: 0, Skipped: 0, Time elapsed: 0.173 sec - in com.puppycrawl.tools.checkstyle.AllChecksPresentOnAvailableChecksPageTest
Running com.puppycrawl.tools.checkstyle.AllChecksTest
Tests run: 6, Failures: 0, Errors: 0, Skipped: 0, Time elapsed: 2.716 sec - in com.puppycrawl.tools.checkstyle.AllChecksTest

Results :

Failed tests: 
  CommitValidationTest.testCommitMessageHasProperStructure:115 Commit 885d998eeb01d71db0c4080b36ad0cb0949e4839 message: "Deploy snapshots versions in CI
" is invalid
Proper commit message should adhere to the following rules:
    1) Must match one of the following patterns:
        ^Issue #\d*: .*$
        ^Pull #\d*: .*$
        ^(minor|config|infra|doc|spelling): .*$
    2) It contains only one line

Tests run: 1592, Failures: 1, Errors: 0, Skipped: 0

[INFO] ------------------------------------------------------------------------
[INFO] BUILD FAILURE
[INFO] ------------------------------------------------------------------------
[INFO] Total time: 01:25 min
[INFO] Finished at: 2015-10-11T01:46:43+00:00
[INFO] Final Memory: 35M/448M
[INFO] ------------------------------------------------------------------------
[ERROR] Failed to execute goal org.apache.maven.plugins:maven-surefire-plugin:2.18.1:test (default-test) on project checkstyle: There are test failures.
[ERROR] 
[ERROR] Please refer to /home/travis/build/checkstyle/checkstyle/target/surefire-reports for the individual test results.
[ERROR] -> [Help 1]
[ERROR] 
[ERROR] To see the full stack trace of the errors, re-run Maven with the -e switch.
[ERROR] Re-run Maven using the -X switch to enable full debug logging.
[ERROR] 
[ERROR] For more information about the errors and possible solutions, please read the following articles:
[ERROR] [Help 1] http://cwiki.apache.org/confluence/display/MAVEN/MojoFailureException
travis_time:end:0f5cf594:start=1444527915742465313,finish=1444528004488451328,duration=88745986015[0K
[31;1mThe command "eval $CMD" exited with 1.[0m
travis_fold:start:cache.2[0Kstore build cache
travis_time:start:03a14b83[0Kchange detected:
/home/travis/.m2/repository/commons-io/commons-io/2.5-SNAPSHOT/resolver-status.properties
/home/travis/.m2/repository/commons-io/commons-io/2.5-SNAPSHOT/resolver-status.properties
/home/travis/.m2/repository/commons-io/commons-io/2.6-SNAPSHOT/resolver-status.properties
/home/travis/.m2/repository/commons-io/commons-io/2.6-SNAPSHOT/resolver-status.properties
/home/travis/.m2/repository/commons-io/commons-io/resolver-status.properties
/home/travis/.m2/repository/commons-io/commons-io/resolver-status.properties
/home/travis/.m2/repository/junit/junit-dep/resolver-status.properties
/home/travis/.m2/repository/junit/junit-dep/resolver-status.properties

changes detected, packing new archive
.
uploading archive
travis_time:end:03a14b83:start=1444528004492557606,finish=1444528026519176221,duration=22026618615[0Ktravis_fold:end:cache.2[0K
Done. Your build exited with 1.
