Using worker: worker-linux-docker-d8ef5831.prod.travis-ci.org:travis-linux-5

travis_fold:start:system_info[0K[33;1mBuild system information[0m
Build language: java
[34m[1mBuild image provisioning date and time[0m
Thu Feb  5 15:09:33 UTC 2015
[34m[1mOperating System Details[0m
Distributor ID:	Ubuntu
Description:	Ubuntu 12.04.5 LTS
Release:	12.04
Codename:	precise
[34m[1mLinux Version[0m
3.13.0-29-generic
[34m[1mCookbooks Version[0m
a68419e https://github.com/travis-ci/travis-cookbooks/tree/a68419e
[34m[1mGCC version[0m
gcc (Ubuntu/Linaro 4.6.3-1ubuntu5) 4.6.3
Copyright (C) 2011 Free Software Foundation, Inc.
This is free software; see the source for copying conditions.  There is NO
warranty; not even for MERCHANTABILITY or FITNESS FOR A PARTICULAR PURPOSE.

[34m[1mLLVM version[0m
clang version 3.4 (tags/RELEASE_34/final)
Target: x86_64-unknown-linux-gnu
Thread model: posix
[34m[1mPre-installed Ruby versions[0m
ruby-1.9.3-p551
[34m[1mPre-installed Node.js versions[0m
v0.10.36
[34m[1mPre-installed Go versions[0m
1.4.1
[34m[1mRedis version[0m
redis-server 2.8.19
[34m[1mriak version[0m
2.0.2
[34m[1mMongoDB version[0m
MongoDB 2.4.12
[34m[1mCouchDB version[0m
couchdb 1.6.1
[34m[1mNeo4j version[0m
1.9.4
[34m[1mRabbitMQ Version[0m
3.4.3
[34m[1mElasticSearch version[0m
1.4.0
[34m[1mInstalled Sphinx versions[0m
2.0.10
2.1.9
2.2.6
[34m[1mDefault Sphinx version[0m
2.2.6
[34m[1mInstalled Firefox version[0m
firefox 31.0esr
[34m[1mPhantomJS version[0m
1.9.8
[34m[1mant -version[0m
Apache Ant(TM) version 1.8.2 compiled on December 3 2011
[34m[1mmvn -version[0m
Apache Maven 3.2.5 (12a6b3acb947671f09b81f49094c53f426d8cea1; 2014-12-14T17:29:23+00:00)
Maven home: /usr/local/maven
Java version: 1.7.0_76, vendor: Oracle Corporation
Java home: /usr/lib/jvm/java-7-oracle/jre
Default locale: en_US, platform encoding: ANSI_X3.4-1968
OS name: "linux", version: "3.13.0-29-generic", arch: "amd64", family: "unix"
travis_fold:end:system_info[0K
travis_fold:start:git.checkout[0Ktravis_time:start:053ab4c9[0K$ git clone --depth=50 --branch=DATAJPA-307 git://github.com/spring-projects/spring-data-jpa.git spring-projects/spring-data-jpa
Cloning into 'spring-projects/spring-data-jpa'...
remote: Counting objects: 1119, done.[K
remote: Compressing objects:   0% (1/648)   [Kremote: Compressing objects:   1% (7/648)   [Kremote: Compressing objects:   2% (13/648)   [Kremote: Compressing objects:   3% (20/648)   [Kremote: Compressing objects:   4% (26/648)   [Kremote: Compressing objects:   5% (33/648)   [Kremote: Compressing objects:   6% (39/648)   [Kremote: Compressing objects:   7% (46/648)   [Kremote: Compressing objects:   8% (52/648)   [Kremote: Compressing objects:   9% (59/648)   [Kremote: Compressing objects:  10% (65/648)   [Kremote: Compressing objects:  11% (72/648)   [Kremote: Compressing objects:  12% (78/648)   [Kremote: Compressing objects:  13% (85/648)   [Kremote: Compressing objects:  14% (91/648)   [Kremote: Compressing objects:  15% (98/648)   [Kremote: Compressing objects:  16% (104/648)   [Kremote: Compressing objects:  17% (111/648)   [Kremote: Compressing objects:  18% (117/648)   [Kremote: Compressing objects:  19% (124/648)   [Kremote: Compressing objects:  20% (130/648)   [Kremote: Compressing objects:  21% (137/648)   [Kremote: Compressing objects:  22% (143/648)   [Kremote: Compressing objects:  23% (150/648)   [Kremote: Compressing objects:  24% (156/648)   [Kremote: Compressing objects:  25% (162/648)   [Kremote: Compressing objects:  26% (169/648)   [Kremote: Compressing objects:  27% (175/648)   [Kremote: Compressing objects:  28% (182/648)   [Kremote: Compressing objects:  29% (188/648)   [Kremote: Compressing objects:  30% (195/648)   [Kremote: Compressing objects:  31% (201/648)   [Kremote: Compressing objects:  32% (208/648)   [Kremote: Compressing objects:  33% (214/648)   [Kremote: Compressing objects:  34% (221/648)   [Kremote: Compressing objects:  35% (227/648)   [Kremote: Compressing objects:  36% (234/648)   [Kremote: Compressing objects:  37% (240/648)   [Kremote: Compressing objects:  38% (247/648)   [Kremote: Compressing objects:  39% (253/648)   [Kremote: Compressing objects:  40% (260/648)   [Kremote: Compressing objects:  41% (266/648)   [Kremote: Compressing objects:  42% (273/648)   [Kremote: Compressing objects:  43% (279/648)   [Kremote: Compressing objects:  44% (286/648)   [Kremote: Compressing objects:  45% (292/648)   [Kremote: Compressing objects:  46% (299/648)   [Kremote: Compressing objects:  47% (305/648)   [Kremote: Compressing objects:  48% (312/648)   [Kremote: Compressing objects:  49% (318/648)   [Kremote: Compressing objects:  50% (324/648)   [Kremote: Compressing objects:  51% (331/648)   [Kremote: Compressing objects:  52% (337/648)   [Kremote: Compressing objects:  53% (344/648)   [Kremote: Compressing objects:  54% (350/648)   [Kremote: Compressing objects:  55% (357/648)   [Kremote: Compressing objects:  56% (363/648)   [Kremote: Compressing objects:  57% (370/648)   [Kremote: Compressing objects:  58% (376/648)   [Kremote: Compressing objects:  59% (383/648)   [Kremote: Compressing objects:  60% (389/648)   [Kremote: Compressing objects:  61% (396/648)   [Kremote: Compressing objects:  62% (402/648)   [Kremote: Compressing objects:  63% (409/648)   [Kremote: Compressing objects:  64% (415/648)   [Kremote: Compressing objects:  65% (422/648)   [Kremote: Compressing objects:  66% (428/648)   [Kremote: Compressing objects:  67% (435/648)   [Kremote: Compressing objects:  68% (441/648)   [Kremote: Compressing objects:  69% (448/648)   [Kremote: Compressing objects:  70% (454/648)   [Kremote: Compressing objects:  71% (461/648)   [Kremote: Compressing objects:  72% (467/648)   [Kremote: Compressing objects:  73% (474/648)   [Kremote: Compressing objects:  74% (480/648)   [Kremote: Compressing objects:  75% (486/648)   [Kremote: Compressing objects:  76% (493/648)   [Kremote: Compressing objects:  77% (499/648)   [Kremote: Compressing objects:  78% (506/648)   [Kremote: Compressing objects:  79% (512/648)   [Kremote: Compressing objects:  80% (519/648)   [Kremote: Compressing objects:  81% (525/648)   [Kremote: Compressing objects:  82% (532/648)   [Kremote: Compressing objects:  83% (538/648)   [Kremote: Compressing objects:  84% (545/648)   [Kremote: Compressing objects:  85% (551/648)   [Kremote: Compressing objects:  86% (558/648)   [Kremote: Compressing objects:  87% (564/648)   [Kremote: Compressing objects:  88% (571/648)   [Kremote: Compressing objects:  89% (577/648)   [Kremote: Compressing objects:  90% (584/648)   [Kremote: Compressing objects:  91% (590/648)   [Kremote: Compressing objects:  92% (597/648)   [Kremote: Compressing objects:  93% (603/648)   [Kremote: Compressing objects:  94% (610/648)   [Kremote: Compressing objects:  95% (616/648)   [Kremote: Compressing objects:  96% (623/648)   [Kremote: Compressing objects:  97% (629/648)   [Kremote: Compressing objects:  98% (636/648)   [Kremote: Compressing objects:  99% (642/648)   [Kremote: Compressing objects: 100% (648/648)   [Kremote: Compressing objects: 100% (648/648), done.[K
Receiving objects:   0% (1/1119)   Receiving objects:   1% (12/1119)   Receiving objects:   2% (23/1119)   Receiving objects:   3% (34/1119)   Receiving objects:   4% (45/1119)   Receiving objects:   5% (56/1119)   Receiving objects:   6% (68/1119)   Receiving objects:   7% (79/1119)   Receiving objects:   8% (90/1119)   Receiving objects:   9% (101/1119)   Receiving objects:  10% (112/1119)   Receiving objects:  11% (124/1119)   Receiving objects:  12% (135/1119)   Receiving objects:  13% (146/1119)   Receiving objects:  14% (157/1119)   Receiving objects:  15% (168/1119)   Receiving objects:  16% (180/1119)   Receiving objects:  17% (191/1119)   Receiving objects:  18% (202/1119)   Receiving objects:  19% (213/1119)   Receiving objects:  20% (224/1119)   Receiving objects:  21% (235/1119)   Receiving objects:  22% (247/1119)   Receiving objects:  23% (258/1119)   Receiving objects:  24% (269/1119)   Receiving objects:  25% (280/1119)   Receiving objects:  26% (291/1119)   Receiving objects:  27% (303/1119)   Receiving objects:  28% (314/1119)   Receiving objects:  29% (325/1119)   Receiving objects:  30% (336/1119)   Receiving objects:  31% (347/1119)   Receiving objects:  32% (359/1119)   Receiving objects:  33% (370/1119)   Receiving objects:  34% (381/1119)   Receiving objects:  35% (392/1119)   Receiving objects:  36% (403/1119)   Receiving objects:  37% (415/1119)   Receiving objects:  38% (426/1119)   Receiving objects:  39% (437/1119)   Receiving objects:  40% (448/1119)   Receiving objects:  41% (459/1119)   Receiving objects:  42% (470/1119)   Receiving objects:  43% (482/1119)   Receiving objects:  44% (493/1119)   Receiving objects:  45% (504/1119)   Receiving objects:  46% (515/1119)   Receiving objects:  47% (526/1119)   Receiving objects:  48% (538/1119)   Receiving objects:  49% (549/1119)   Receiving objects:  50% (560/1119)   Receiving objects:  51% (571/1119)   Receiving objects:  52% (582/1119)   Receiving objects:  53% (594/1119)   Receiving objects:  54% (605/1119)   Receiving objects:  55% (616/1119)   Receiving objects:  56% (627/1119)   Receiving objects:  57% (638/1119)   Receiving objects:  58% (650/1119)   Receiving objects:  59% (661/1119)   Receiving objects:  60% (672/1119)   Receiving objects:  61% (683/1119)   Receiving objects:  62% (694/1119)   Receiving objects:  63% (705/1119)   Receiving objects:  64% (717/1119)   Receiving objects:  65% (728/1119)   Receiving objects:  66% (739/1119)   Receiving objects:  67% (750/1119)   Receiving objects:  68% (761/1119)   Receiving objects:  69% (773/1119)   Receiving objects:  70% (784/1119)   Receiving objects:  71% (795/1119)   Receiving objects:  72% (806/1119)   Receiving objects:  73% (817/1119)   Receiving objects:  74% (829/1119)   Receiving objects:  75% (840/1119)   Receiving objects:  76% (851/1119)   Receiving objects:  77% (862/1119)   Receiving objects:  78% (873/1119)   Receiving objects:  79% (885/1119)   Receiving objects:  80% (896/1119)   Receiving objects:  81% (907/1119)   Receiving objects:  82% (918/1119)   Receiving objects:  83% (929/1119)   Receiving objects:  84% (940/1119)   Receiving objects:  85% (952/1119)   Receiving objects:  86% (963/1119)   Receiving objects:  87% (974/1119)   Receiving objects:  88% (985/1119)   Receiving objects:  89% (996/1119)   Receiving objects:  90% (1008/1119)   Receiving objects:  91% (1019/1119)   Receiving objects:  92% (1030/1119)   Receiving objects:  93% (1041/1119)   remote: Total 1119 (delta 509), reused 763 (delta 269), pack-reused 0[K
Receiving objects:  94% (1052/1119)   Receiving objects:  95% (1064/1119)   Receiving objects:  96% (1075/1119)   Receiving objects:  97% (1086/1119)   Receiving objects:  98% (1097/1119)   Receiving objects:  99% (1108/1119)   Receiving objects: 100% (1119/1119)   Receiving objects: 100% (1119/1119), 409.04 KiB | 0 bytes/s, done.
Resolving deltas:   0% (0/509)   Resolving deltas:   1% (7/509)   Resolving deltas:   3% (17/509)   Resolving deltas:   4% (21/509)   Resolving deltas:   7% (36/509)   Resolving deltas:   8% (45/509)   Resolving deltas:   9% (49/509)   Resolving deltas:  11% (56/509)   Resolving deltas:  20% (105/509)   Resolving deltas:  24% (123/509)   Resolving deltas:  28% (144/509)   Resolving deltas:  31% (159/509)   Resolving deltas:  33% (171/509)   Resolving deltas:  34% (175/509)   Resolving deltas:  35% (179/509)   Resolving deltas:  36% (185/509)   Resolving deltas:  37% (189/509)   Resolving deltas:  38% (194/509)   Resolving deltas:  39% (199/509)   Resolving deltas:  40% (205/509)   Resolving deltas:  41% (209/509)   Resolving deltas:  44% (226/509)   Resolving deltas:  45% (231/509)   Resolving deltas:  46% (235/509)   Resolving deltas:  47% (241/509)   Resolving deltas:  49% (251/509)   Resolving deltas:  50% (257/509)   Resolving deltas:  51% (261/509)   Resolving deltas:  52% (266/509)   Resolving deltas:  55% (280/509)   Resolving deltas:  57% (291/509)   Resolving deltas:  58% (296/509)   Resolving deltas:  59% (301/509)   Resolving deltas:  60% (307/509)   Resolving deltas:  62% (320/509)   Resolving deltas:  63% (322/509)   Resolving deltas:  64% (328/509)   Resolving deltas:  65% (332/509)   Resolving deltas:  66% (337/509)   Resolving deltas:  67% (346/509)   Resolving deltas:  68% (347/509)   Resolving deltas:  69% (352/509)   Resolving deltas:  71% (363/509)   Resolving deltas:  72% (367/509)   Resolving deltas:  73% (372/509)   Resolving deltas:  74% (378/509)   Resolving deltas:  75% (385/509)   Resolving deltas:  76% (387/509)   Resolving deltas:  77% (392/509)   Resolving deltas:  78% (399/509)   Resolving deltas:  79% (405/509)   Resolving deltas:  85% (433/509)   Resolving deltas:  86% (441/509)   Resolving deltas:  87% (447/509)   Resolving deltas:  88% (449/509)   Resolving deltas:  89% (454/509)   Resolving deltas:  90% (459/509)   Resolving deltas:  91% (464/509)   Resolving deltas:  92% (470/509)   Resolving deltas:  93% (475/509)   Resolving deltas:  94% (479/509)   Resolving deltas:  95% (484/509)   Resolving deltas:  96% (491/509)   Resolving deltas:  97% (496/509)   Resolving deltas: 100% (509/509)   Resolving deltas: 100% (509/509), done.
Checking connectivity... done.
travis_time:end:053ab4c9:start=1435669582071718625,finish=1435669582312574473,duration=240855848[0K$ cd spring-projects/spring-data-jpa
$ git checkout -qf 98afea38c7e9061b66b1ddf21b52fa5d5af6a3fd
travis_fold:end:git.checkout[0K
[33;1mThis job is running on container-based infrastructure, which does not allow use of 'sudo', setuid and setguid executables.[0m
[33;1mIf you require sudo, add 'sudo: required' to your .travis.yml[0m
[33;1mSee http://docs.travis-ci.com/user/workers/container-based-infrastructure/ for details.[0m

[33;1mSetting environment variables from .travis.yml[0m
$ export PROFILE=hibernate-5

travis_fold:start:cache.1[0KSetting up build cache
$ export CASHER_DIR=$HOME/.casher
travis_time:start:3923dd60[0K$ Installing caching utilities
travis_time:end:3923dd60:start=1435669584086076762,finish=1435669584114964537,duration=28887775[0Ktravis_time:start:10c9fc3c[0Kattempting to download cache archive
fetching DATAJPA-307/cache--jdk-oraclejdk8.tbz
found cache
travis_time:end:10c9fc3c:start=1435669584119777239,finish=1435669587626329750,duration=3506552511[0Ktravis_time:start:3a3d5f14[0Kadding /home/travis/.m2 to cache
travis_time:end:3a3d5f14:start=1435669587631149542,finish=1435669607319113493,duration=19687963951[0Ktravis_fold:end:cache.1[0K$ jdk_switcher use oraclejdk8
Switching to Oracle JDK8 (java-8-oracle), JAVA_HOME will be set to /usr/lib/jvm/java-8-oracle
$ java -Xmx32m -version
java version "1.8.0_31"
Java(TM) SE Runtime Environment (build 1.8.0_31-b13)
Java HotSpot(TM) 64-Bit Server VM (build 25.31-b07, mixed mode)
$ javac -J-Xmx32m -version
javac 1.8.0_31
travis_fold:start:install[0Ktravis_time:start:17bdf37c[0K$ true
travis_time:end:17bdf37c:start=1435669607772930118,finish=1435669607775908718,duration=2978600[0Ktravis_fold:end:install[0Ktravis_time:start:06da8427[0K$ mvn clean dependency:list test -P${PROFILE} -Dsort
Java HotSpot(TM) 64-Bit Server VM warning: ignoring option MaxPermSize=192m; support was removed in 8.0
[INFO] Scanning for projects...
Downloading: https://repository.apache.org/snapshots/org/springframework/data/build/spring-data-parent/1.7.0.BUILD-SNAPSHOT/maven-metadata.xml
Downloading: https://repository.apache.org/snapshots/org/springframework/data/build/spring-data-build/1.7.0.BUILD-SNAPSHOT/maven-metadata.xml
[INFO]                                                                         
[INFO] ------------------------------------------------------------------------
[INFO] Building Spring Data JPA 1.9.0.DATAJPA-307-SNAPSHOT
[INFO] ------------------------------------------------------------------------
Downloading: https://repository.apache.org/snapshots/org/springframework/data/spring-data-commons/1.11.0.DATACMNS-293-SNAPSHOT/maven-metadata.xml
[INFO] 
[INFO] --- maven-clean-plugin:2.5:clean (default-clean) @ spring-data-jpa ---
[INFO] 
[INFO] --- maven-dependency-plugin:2.8:list (default-cli) @ spring-data-jpa ---
[INFO] 
[INFO] The following files have been resolved:
[INFO]    antlr:antlr:jar:2.7.7:compile
[INFO]    aopalliance:aopalliance:jar:1.0:compile
[INFO]    ch.qos.logback:logback-classic:jar:1.1.3:test
[INFO]    ch.qos.logback:logback-core:jar:1.1.3:test
[INFO]    com.google.code.findbugs:jsr305:jar:1.3.9:compile
[INFO]    com.google.guava:guava:jar:17.0:test
[INFO]    com.h2database:h2:jar:1.3.172:test
[INFO]    com.infradna.tool:bridge-method-annotation:jar:1.13:compile
[INFO]    com.mysema.codegen:codegen:jar:0.6.6:provided
[INFO]    com.mysema.commons:mysema-commons-lang:jar:0.2.4:compile
[INFO]    com.mysema.querydsl:querydsl-apt:jar:3.6.3:provided
[INFO]    com.mysema.querydsl:querydsl-codegen:jar:3.6.3:provided
[INFO]    com.mysema.querydsl:querydsl-core:jar:3.6.3:compile
[INFO]    com.mysema.querydsl:querydsl-jpa:jar:3.6.3:compile
[INFO]    commons-collections:commons-collections:jar:3.2.1:compile
[INFO]    commons-lang:commons-lang:jar:2.4:compile
[INFO]    commons-pool:commons-pool:jar:1.5.4:compile
[INFO]    dom4j:dom4j:jar:1.6.1:compile
[INFO]    javax.annotation:jsr250-api:jar:1.0:provided
[INFO]    javax.el:el-api:jar:1.0:test
[INFO]    javax.enterprise:cdi-api:jar:1.0:provided
[INFO]    javax.inject:javax.inject:jar:1:provided
[INFO]    javax.servlet:javax.servlet-api:jar:3.0.1:test
[INFO]    joda-time:joda-time:jar:2.8.1:compile
[INFO]    junit:junit:jar:4.12:test
[INFO]    net.sourceforge.serp:serp:jar:1.14.1:compile
[INFO]    org.apache.geronimo.specs:geronimo-atinject_1.0_spec:jar:1.0:test
[INFO]    org.apache.geronimo.specs:geronimo-jcdi_1.0_spec:jar:1.0:test
[INFO]    org.apache.geronimo.specs:geronimo-jms_1.1_spec:jar:1.1.1:compile
[INFO]    org.apache.geronimo.specs:geronimo-jpa_2.0_spec:jar:1.1:compile
[INFO]    org.apache.geronimo.specs:geronimo-jta_1.1_spec:jar:1.1.1:compile
[INFO]    org.apache.openjpa:openjpa-jdbc:jar:2.3.0:compile
[INFO]    org.apache.openjpa:openjpa-kernel:jar:2.3.0:compile
[INFO]    org.apache.openjpa:openjpa-lib:jar:2.3.0:compile
[INFO]    org.apache.openjpa:openjpa-persistence-jdbc:jar:2.3.0:compile
[INFO]    org.apache.openjpa:openjpa-persistence:jar:2.3.0:compile
[INFO]    org.apache.openwebbeans.test:cditest-owb:jar:1.2.8:test
[INFO]    org.apache.openwebbeans.test:cditest:jar:1.2.8:test
[INFO]    org.apache.openwebbeans:openwebbeans-impl:jar:1.2.8:test
[INFO]    org.apache.openwebbeans:openwebbeans-spi:jar:1.2.8:test
[INFO]    org.apache.xbean:xbean-asm4-shaded:jar:3.14:compile
[INFO]    org.apache.xbean:xbean-asm5-shaded:jar:4.1:test
[INFO]    org.apache.xbean:xbean-finder-shaded:jar:4.1:test
[INFO]    org.aspectj:aspectjrt:jar:1.8.5:compile
[INFO]    org.aspectj:aspectjweaver:jar:1.8.5:test
[INFO]    org.eclipse.jdt.core.compiler:ecj:jar:4.3.1:provided
[INFO]    org.eclipse.persistence:javax.persistence:jar:2.1.0:compile
[INFO]    org.eclipse.persistence:org.eclipse.persistence.antlr:jar:2.6.0:compile
[INFO]    org.eclipse.persistence:org.eclipse.persistence.asm:jar:2.6.0:compile
[INFO]    org.eclipse.persistence:org.eclipse.persistence.core:jar:2.6.0:compile
[INFO]    org.eclipse.persistence:org.eclipse.persistence.jpa.jpql:jar:2.6.0:compile
[INFO]    org.eclipse.persistence:org.eclipse.persistence.jpa:jar:2.6.0:compile
[INFO]    org.glassfish:javax.json:jar:1.0.4:compile
[INFO]    org.hamcrest:hamcrest-core:jar:1.3:test
[INFO]    org.hamcrest:hamcrest-library:jar:1.3:test
[INFO]    org.hibernate.common:hibernate-commons-annotations:jar:4.0.5.Final:compile
[INFO]    org.hibernate.javax.persistence:hibernate-jpa-2.1-api:jar:1.0.0.Final:compile
[INFO]    org.hibernate:hibernate-core:jar:5.0.0.Beta2:compile
[INFO]    org.hibernate:hibernate-entitymanager:jar:5.0.0.Beta2:compile
[INFO]    org.hsqldb:hsqldb:jar:2.2.8:test
[INFO]    org.javassist:javassist:jar:3.18.1-GA:compile
[INFO]    org.jboss.interceptor:jboss-interceptor-api:jar:1.1:provided
[INFO]    org.jboss.jdeparser:jdeparser:jar:1.0.0.Final:compile
[INFO]    org.jboss.logging:jboss-logging-annotations:jar:1.2.0.Final:compile
[INFO]    org.jboss.logging:jboss-logging-processor:jar:1.2.0.Final:compile
[INFO]    org.jboss.logging:jboss-logging:jar:3.2.1.Final:compile
[INFO]    org.jboss.spec.javax.transaction:jboss-transaction-api_1.2_spec:jar:1.0.0.Final:compile
[INFO]    org.jboss:jandex:jar:1.1.0.Final:compile
[INFO]    org.mockito:mockito-core:jar:1.10.19:test
[INFO]    org.objenesis:objenesis:jar:2.1:test
[INFO]    org.slf4j:jcl-over-slf4j:jar:1.7.12:runtime
[INFO]    org.slf4j:slf4j-api:jar:1.7.12:compile
[INFO]    org.springframework.data:spring-data-commons:jar:1.11.0.DATACMNS-293-SNAPSHOT:compile
[INFO]    org.springframework:spring-aop:jar:4.1.6.RELEASE:compile
[INFO]    org.springframework:spring-aspects:jar:4.1.6.RELEASE:compile
[INFO]    org.springframework:spring-beans:jar:4.1.6.RELEASE:compile
[INFO]    org.springframework:spring-context:jar:4.1.6.RELEASE:compile
[INFO]    org.springframework:spring-core:jar:4.1.6.RELEASE:compile
[INFO]    org.springframework:spring-expression:jar:4.1.6.RELEASE:compile
[INFO]    org.springframework:spring-instrument:jar:4.1.6.RELEASE:provided
[INFO]    org.springframework:spring-jdbc:jar:4.1.6.RELEASE:compile
[INFO]    org.springframework:spring-orm:jar:4.1.6.RELEASE:compile
[INFO]    org.springframework:spring-test:jar:4.1.6.RELEASE:test
[INFO]    org.springframework:spring-tx:jar:4.1.6.RELEASE:compile
[INFO]    org.threeten:threetenbp:jar:1.2:compile
[INFO]    xml-apis:xml-apis:jar:1.0.b2:compile
[INFO] 
[INFO] 
[INFO] --- apt-maven-plugin:1.1.3:process (sources) @ spring-data-jpa ---
[INFO] 
[INFO] --- maven-resources-plugin:2.6:resources (default-resources) @ spring-data-jpa ---
[INFO] Using 'UTF-8' encoding to copy filtered resources.
[INFO] Copying 13 resources
[INFO] 
[INFO] --- maven-compiler-plugin:3.1:compile (default-compile) @ spring-data-jpa ---
[INFO] Changes detected - recompiling the module!
[INFO] Compiling 111 source files to /home/travis/build/spring-projects/spring-data-jpa/target/classes
[WARNING] /home/travis/build/spring-projects/spring-data-jpa/src/main/java/org/springframework/data/jpa/provider/PersistenceProvider.java: /home/travis/build/spring-projects/spring-data-jpa/src/main/java/org/springframework/data/jpa/provider/PersistenceProvider.java uses or overrides a deprecated API.
[WARNING] /home/travis/build/spring-projects/spring-data-jpa/src/main/java/org/springframework/data/jpa/provider/PersistenceProvider.java: Recompile with -Xlint:deprecation for details.
[WARNING] /home/travis/build/spring-projects/spring-data-jpa/target/generated-sources/annotations/org/springframework/data/jpa/domain/QAbstractPersistable.java: Some input files use unchecked or unsafe operations.
[WARNING] /home/travis/build/spring-projects/spring-data-jpa/target/generated-sources/annotations/org/springframework/data/jpa/domain/QAbstractPersistable.java: Recompile with -Xlint:unchecked for details.
[INFO] 
[INFO] --- com.springsource.bundlor.maven:1.0.0.RELEASE:bundlor (bundlor) @ spring-data-jpa ---
Manifest written to '/home/travis/build/spring-projects/spring-data-jpa/target/classes/META-INF/MANIFEST.MF'
[INFO] 
[INFO] --- aspectj-maven-plugin:1.6:compile (default) @ spring-data-jpa ---
[INFO] 
[INFO] --- apt-maven-plugin:1.1.3:test-process (test-sources) @ spring-data-jpa ---
[INFO] 
[INFO] --- maven-resources-plugin:2.6:testResources (default-testResources) @ spring-data-jpa ---
[INFO] Using 'UTF-8' encoding to copy filtered resources.
[INFO] Copying 33 resources
[INFO] 
[INFO] --- maven-compiler-plugin:3.1:testCompile (default-testCompile) @ spring-data-jpa ---
[INFO] Changes detected - recompiling the module!
[INFO] Compiling 300 source files to /home/travis/build/spring-projects/spring-data-jpa/target/test-classes
[WARNING] /home/travis/build/spring-projects/spring-data-jpa/src/test/java/org/springframework/data/jpa/repository/query/PartTreeJpaQueryIntegrationTests.java: Some input files use or override a deprecated API.
[WARNING] /home/travis/build/spring-projects/spring-data-jpa/src/test/java/org/springframework/data/jpa/repository/query/PartTreeJpaQueryIntegrationTests.java: Recompile with -Xlint:deprecation for details.
[INFO] 
[INFO] --- maven-surefire-plugin:2.12:test (default-test) @ spring-data-jpa ---
[INFO] Surefire report directory: /home/travis/build/spring-projects/spring-data-jpa/target/surefire-reports

-------------------------------------------------------
 T E S T S
-------------------------------------------------------

Results :

Tests run: 0, Failures: 0, Errors: 0, Skipped: 0

[INFO] 
[INFO] --- maven-surefire-plugin:2.12:test (unit-tests) @ spring-data-jpa ---
[INFO] Surefire report directory: /home/travis/build/spring-projects/spring-data-jpa/target/surefire-reports

-------------------------------------------------------
 T E S T S
-------------------------------------------------------
Running org.springframework.data.jpa.repository.support.JpaEntityInformationSupportUnitTests
Tests run: 2, Failures: 0, Errors: 0, Skipped: 0, Time elapsed: 0.582 sec
Running org.springframework.data.jpa.repository.support.EntityManagerBeanDefinitionRegistratPostProcessorUnitTests
Tests run: 1, Failures: 0, Errors: 0, Skipped: 0, Time elapsed: 0.303 sec
Running org.springframework.data.jpa.repository.support.JpaRepositoryFactoryBeanUnitTests
Tests run: 4, Failures: 0, Errors: 0, Skipped: 0, Time elapsed: 0.183 sec
Running org.springframework.data.jpa.repository.support.SimpleJpaRepositoryUnitTests
Tests run: 3, Failures: 0, Errors: 0, Skipped: 0, Time elapsed: 0.464 sec
Running org.springframework.data.jpa.repository.support.JpaRepositoryFactoryUnitTests
Tests run: 8, Failures: 0, Errors: 0, Skipped: 0, Time elapsed: 0.711 sec
Running org.springframework.data.jpa.repository.support.JpaPersistableEntityInformationUnitTests
Tests run: 1, Failures: 0, Errors: 0, Skipped: 0, Time elapsed: 0.051 sec
Running org.springframework.data.jpa.repository.support.EntityManagerFactoryRefUnitTests
Tests run: 1, Failures: 0, Errors: 0, Skipped: 0, Time elapsed: 1.003 sec
Running org.springframework.data.jpa.repository.support.JpaMetamodelEntityInformationUnitTests
Tests run: 1, Failures: 0, Errors: 0, Skipped: 0, Time elapsed: 0.114 sec
Running org.springframework.data.jpa.repository.support.CrudMethodMetadataPopulatingMethodInterceptorUnitTests
Tests run: 1, Failures: 0, Errors: 0, Skipped: 0, Time elapsed: 0.013 sec
Running org.springframework.data.jpa.repository.query.SimpleJpaQueryUnitTests
Tests run: 9, Failures: 1, Errors: 8, Skipped: 0, Time elapsed: 0.331 sec <<< FAILURE!
createsANativeJpaQueryFromAnnotation(org.springframework.data.jpa.repository.query.SimpleJpaQueryUnitTests)  Time elapsed: 0.06 sec  <<< ERROR!
java.lang.IllegalArgumentException: [Assertion failed] - this argument is required; it must not be null
	at org.springframework.util.Assert.notNull(Assert.java:112)
	at org.springframework.util.Assert.notNull(Assert.java:123)
	at org.springframework.data.jpa.repository.support.JpaMetamodelEntityInformation.<init>(JpaMetamodelEntityInformation.java:65)
	at org.springframework.data.jpa.repository.support.JpaEntityInformationSupport.getEntityInformation(JpaEntityInformationSupport.java:67)
	at org.springframework.data.jpa.repository.query.AbstractStringBasedJpaQuery.<init>(AbstractStringBasedJpaQuery.java:72)
	at org.springframework.data.jpa.repository.query.NativeJpaQuery.<init>(NativeJpaQuery.java:46)
	at org.springframework.data.jpa.repository.query.JpaQueryFactory.fromMethodWithQueryString(JpaQueryFactory.java:72)
	at org.springframework.data.jpa.repository.query.JpaQueryFactory.fromQueryAnnotation(JpaQueryFactory.java:53)
	at org.springframework.data.jpa.repository.query.SimpleJpaQueryUnitTests.createJpaQuery(SimpleJpaQueryUnitTests.java:211)
	at org.springframework.data.jpa.repository.query.SimpleJpaQueryUnitTests.createsANativeJpaQueryFromAnnotation(SimpleJpaQueryUnitTests.java:204)
	at sun.reflect.NativeMethodAccessorImpl.invoke0(Native Method)
	at sun.reflect.NativeMethodAccessorImpl.invoke(NativeMethodAccessorImpl.java:62)
	at sun.reflect.DelegatingMethodAccessorImpl.invoke(DelegatingMethodAccessorImpl.java:43)
	at java.lang.reflect.Method.invoke(Method.java:483)
	at org.junit.runners.model.FrameworkMethod$1.runReflectiveCall(FrameworkMethod.java:50)
	at org.junit.internal.runners.model.ReflectiveCallable.run(ReflectiveCallable.java:12)
	at org.junit.runners.model.FrameworkMethod.invokeExplosively(FrameworkMethod.java:47)
	at org.junit.internal.runners.statements.InvokeMethod.evaluate(InvokeMethod.java:17)
	at org.junit.internal.runners.statements.RunBefores.evaluate(RunBefores.java:26)
	at org.junit.rules.ExpectedException$ExpectedExceptionStatement.evaluate(ExpectedException.java:239)
	at org.junit.rules.RunRules.evaluate(RunRules.java:20)
	at org.junit.runners.ParentRunner.runLeaf(ParentRunner.java:325)
	at org.junit.runners.BlockJUnit4ClassRunner.runChild(BlockJUnit4ClassRunner.java:78)
	at org.junit.runners.BlockJUnit4ClassRunner.runChild(BlockJUnit4ClassRunner.java:57)
	at org.junit.runners.ParentRunner$3.run(ParentRunner.java:290)
	at org.junit.runners.ParentRunner$1.schedule(ParentRunner.java:71)
	at org.junit.runners.ParentRunner.runChildren(ParentRunner.java:288)
	at org.junit.runners.ParentRunner.access$000(ParentRunner.java:58)
	at org.junit.runners.ParentRunner$2.evaluate(ParentRunner.java:268)
	at org.junit.runners.ParentRunner.run(ParentRunner.java:363)
	at org.mockito.internal.runners.JUnit45AndHigherRunnerImpl.run(JUnit45AndHigherRunnerImpl.java:37)
	at org.mockito.runners.MockitoJUnitRunner.run(MockitoJUnitRunner.java:62)
	at org.apache.maven.surefire.junit4.JUnit4Provider.execute(JUnit4Provider.java:236)
	at org.apache.maven.surefire.junit4.JUnit4Provider.executeTestSet(JUnit4Provider.java:134)
	at org.apache.maven.surefire.junit4.JUnit4Provider.invoke(JUnit4Provider.java:113)
	at sun.reflect.NativeMethodAccessorImpl.invoke0(Native Method)
	at sun.reflect.NativeMethodAccessorImpl.invoke(NativeMethodAccessorImpl.java:62)
	at sun.reflect.DelegatingMethodAccessorImpl.invoke(DelegatingMethodAccessorImpl.java:43)
	at java.lang.reflect.Method.invoke(Method.java:483)
	at org.apache.maven.surefire.util.ReflectionUtils.invokeMethodWithArray(ReflectionUtils.java:189)
	at org.apache.maven.surefire.booter.ProviderFactory$ProviderProxy.invoke(ProviderFactory.java:165)
	at org.apache.maven.surefire.booter.ProviderFactory.invokeProvider(ProviderFactory.java:85)
	at org.apache.maven.surefire.booter.ForkedBooter.runSuitesInProcess(ForkedBooter.java:103)
	at org.apache.maven.surefire.booter.ForkedBooter.main(ForkedBooter.java:74)
doesNotApplyPaginationToCountQuery(org.springframework.data.jpa.repository.query.SimpleJpaQueryUnitTests)  Time elapsed: 0.009 sec  <<< ERROR!
java.lang.IllegalArgumentException: [Assertion failed] - this argument is required; it must not be null
	at org.springframework.util.Assert.notNull(Assert.java:112)
	at org.springframework.util.Assert.notNull(Assert.java:123)
	at org.springframework.data.jpa.repository.support.JpaMetamodelEntityInformation.<init>(JpaMetamodelEntityInformation.java:65)
	at org.springframework.data.jpa.repository.support.JpaEntityInformationSupport.getEntityInformation(JpaEntityInformationSupport.java:67)
	at org.springframework.data.jpa.repository.query.AbstractStringBasedJpaQuery.<init>(AbstractStringBasedJpaQuery.java:72)
	at org.springframework.data.jpa.repository.query.SimpleJpaQuery.<init>(SimpleJpaQuery.java:60)
	at org.springframework.data.jpa.repository.query.SimpleJpaQueryUnitTests.doesNotApplyPaginationToCountQuery(SimpleJpaQueryUnitTests.java:115)
	at sun.reflect.NativeMethodAccessorImpl.invoke0(Native Method)
	at sun.reflect.NativeMethodAccessorImpl.invoke(NativeMethodAccessorImpl.java:62)
	at sun.reflect.DelegatingMethodAccessorImpl.invoke(DelegatingMethodAccessorImpl.java:43)
	at java.lang.reflect.Method.invoke(Method.java:483)
	at org.junit.runners.model.FrameworkMethod$1.runReflectiveCall(FrameworkMethod.java:50)
	at org.junit.internal.runners.model.ReflectiveCallable.run(ReflectiveCallable.java:12)
	at org.junit.runners.model.FrameworkMethod.invokeExplosively(FrameworkMethod.java:47)
	at org.junit.internal.runners.statements.InvokeMethod.evaluate(InvokeMethod.java:17)
	at org.junit.internal.runners.statements.RunBefores.evaluate(RunBefores.java:26)
	at org.junit.rules.ExpectedException$ExpectedExceptionStatement.evaluate(ExpectedException.java:239)
	at org.junit.rules.RunRules.evaluate(RunRules.java:20)
	at org.junit.runners.ParentRunner.runLeaf(ParentRunner.java:325)
	at org.junit.runners.BlockJUnit4ClassRunner.runChild(BlockJUnit4ClassRunner.java:78)
	at org.junit.runners.BlockJUnit4ClassRunner.runChild(BlockJUnit4ClassRunner.java:57)
	at org.junit.runners.ParentRunner$3.run(ParentRunner.java:290)
	at org.junit.runners.ParentRunner$1.schedule(ParentRunner.java:71)
	at org.junit.runners.ParentRunner.runChildren(ParentRunner.java:288)
	at org.junit.runners.ParentRunner.access$000(ParentRunner.java:58)
	at org.junit.runners.ParentRunner$2.evaluate(ParentRunner.java:268)
	at org.junit.runners.ParentRunner.run(ParentRunner.java:363)
	at org.mockito.internal.runners.JUnit45AndHigherRunnerImpl.run(JUnit45AndHigherRunnerImpl.java:37)
	at org.mockito.runners.MockitoJUnitRunner.run(MockitoJUnitRunner.java:62)
	at org.apache.maven.surefire.junit4.JUnit4Provider.execute(JUnit4Provider.java:236)
	at org.apache.maven.surefire.junit4.JUnit4Provider.executeTestSet(JUnit4Provider.java:134)
	at org.apache.maven.surefire.junit4.JUnit4Provider.invoke(JUnit4Provider.java:113)
	at sun.reflect.NativeMethodAccessorImpl.invoke0(Native Method)
	at sun.reflect.NativeMethodAccessorImpl.invoke(NativeMethodAccessorImpl.java:62)
	at sun.reflect.DelegatingMethodAccessorImpl.invoke(DelegatingMethodAccessorImpl.java:43)
	at java.lang.reflect.Method.invoke(Method.java:483)
	at org.apache.maven.surefire.util.ReflectionUtils.invokeMethodWithArray(ReflectionUtils.java:189)
	at org.apache.maven.surefire.booter.ProviderFactory$ProviderProxy.invoke(ProviderFactory.java:165)
	at org.apache.maven.surefire.booter.ProviderFactory.invokeProvider(ProviderFactory.java:85)
	at org.apache.maven.surefire.booter.ForkedBooter.runSuitesInProcess(ForkedBooter.java:103)
	at org.apache.maven.surefire.booter.ForkedBooter.main(ForkedBooter.java:74)
rejectsNativeQueryWithPageable(org.springframework.data.jpa.repository.query.SimpleJpaQueryUnitTests)  Time elapsed: 0.01 sec  <<< ERROR!
java.lang.Exception: Unexpected exception, expected<org.springframework.data.jpa.repository.query.InvalidJpaQueryMethodException> but was<java.lang.IllegalArgumentException>
	at org.junit.internal.runners.statements.ExpectException.evaluate(ExpectException.java:28)
	at org.junit.internal.runners.statements.RunBefores.evaluate(RunBefores.java:26)
	at org.junit.rules.ExpectedException$ExpectedExceptionStatement.evaluate(ExpectedException.java:239)
	at org.junit.rules.RunRules.evaluate(RunRules.java:20)
	at org.junit.runners.ParentRunner.runLeaf(ParentRunner.java:325)
	at org.junit.runners.BlockJUnit4ClassRunner.runChild(BlockJUnit4ClassRunner.java:78)
	at org.junit.runners.BlockJUnit4ClassRunner.runChild(BlockJUnit4ClassRunner.java:57)
	at org.junit.runners.ParentRunner$3.run(ParentRunner.java:290)
	at org.junit.runners.ParentRunner$1.schedule(ParentRunner.java:71)
	at org.junit.runners.ParentRunner.runChildren(ParentRunner.java:288)
	at org.junit.runners.ParentRunner.access$000(ParentRunner.java:58)
	at org.junit.runners.ParentRunner$2.evaluate(ParentRunner.java:268)
	at org.junit.runners.ParentRunner.run(ParentRunner.java:363)
	at org.mockito.internal.runners.JUnit45AndHigherRunnerImpl.run(JUnit45AndHigherRunnerImpl.java:37)
	at org.mockito.runners.MockitoJUnitRunner.run(MockitoJUnitRunner.java:62)
	at org.apache.maven.surefire.junit4.JUnit4Provider.execute(JUnit4Provider.java:236)
	at org.apache.maven.surefire.junit4.JUnit4Provider.executeTestSet(JUnit4Provider.java:134)
	at org.apache.maven.surefire.junit4.JUnit4Provider.invoke(JUnit4Provider.java:113)
	at sun.reflect.NativeMethodAccessorImpl.invoke0(Native Method)
	at sun.reflect.NativeMethodAccessorImpl.invoke(NativeMethodAccessorImpl.java:62)
	at sun.reflect.DelegatingMethodAccessorImpl.invoke(DelegatingMethodAccessorImpl.java:43)
	at java.lang.reflect.Method.invoke(Method.java:483)
	at org.apache.maven.surefire.util.ReflectionUtils.invokeMethodWithArray(ReflectionUtils.java:189)
	at org.apache.maven.surefire.booter.ProviderFactory$ProviderProxy.invoke(ProviderFactory.java:165)
	at org.apache.maven.surefire.booter.ProviderFactory.invokeProvider(ProviderFactory.java:85)
	at org.apache.maven.surefire.booter.ForkedBooter.runSuitesInProcess(ForkedBooter.java:103)
	at org.apache.maven.surefire.booter.ForkedBooter.main(ForkedBooter.java:74)
Caused by: java.lang.IllegalArgumentException: [Assertion failed] - this argument is required; it must not be null
	at org.springframework.util.Assert.notNull(Assert.java:112)
	at org.springframework.util.Assert.notNull(Assert.java:123)
	at org.springframework.data.jpa.repository.support.JpaMetamodelEntityInformation.<init>(JpaMetamodelEntityInformation.java:65)
	at org.springframework.data.jpa.repository.support.JpaEntityInformationSupport.getEntityInformation(JpaEntityInformationSupport.java:67)
	at org.springframework.data.jpa.repository.query.AbstractStringBasedJpaQuery.<init>(AbstractStringBasedJpaQuery.java:72)
	at org.springframework.data.jpa.repository.query.NativeJpaQuery.<init>(NativeJpaQuery.java:46)
	at org.springframework.data.jpa.repository.query.JpaQueryFactory.fromMethodWithQueryString(JpaQueryFactory.java:72)
	at org.springframework.data.jpa.repository.query.JpaQueryFactory.fromQueryAnnotation(JpaQueryFactory.java:53)
	at org.springframework.data.jpa.repository.query.SimpleJpaQueryUnitTests.createJpaQuery(SimpleJpaQueryUnitTests.java:211)
	at org.springframework.data.jpa.repository.query.SimpleJpaQueryUnitTests.rejectsNativeQueryWithPageable(SimpleJpaQueryUnitTests.java:160)
	at sun.reflect.NativeMethodAccessorImpl.invoke0(Native Method)
	at sun.reflect.NativeMethodAccessorImpl.invoke(NativeMethodAccessorImpl.java:62)
	at sun.reflect.DelegatingMethodAccessorImpl.invoke(DelegatingMethodAccessorImpl.java:43)
	at java.lang.reflect.Method.invoke(Method.java:483)
	at org.junit.runners.model.FrameworkMethod$1.runReflectiveCall(FrameworkMethod.java:50)
	at org.junit.internal.runners.model.ReflectiveCallable.run(ReflectiveCallable.java:12)
	at org.junit.runners.model.FrameworkMethod.invokeExplosively(FrameworkMethod.java:47)
	at org.junit.internal.runners.statements.InvokeMethod.evaluate(InvokeMethod.java:17)
	at org.junit.internal.runners.statements.ExpectException.evaluate(ExpectException.java:19)
	... 26 more
validatesAndRejectsCountQueryIfPagingMethod(org.springframework.data.jpa.repository.query.SimpleJpaQueryUnitTests)  Time elapsed: 0.042 sec  <<< FAILURE!
java.lang.AssertionError: 
Expected: (an instance of java.lang.IllegalArgumentException and exception with message a string containing "Count" and exception with message a string containing "pageByAnnotatedQuery")
     but: exception with message a string containing "Count" message was "[Assertion failed] - this argument is required; it must not be null"
Stacktrace was: java.lang.IllegalArgumentException: [Assertion failed] - this argument is required; it must not be null
	at org.springframework.util.Assert.notNull(Assert.java:112)
	at org.springframework.util.Assert.notNull(Assert.java:123)
	at org.springframework.data.jpa.repository.support.JpaMetamodelEntityInformation.<init>(JpaMetamodelEntityInformation.java:65)
	at org.springframework.data.jpa.repository.support.JpaEntityInformationSupport.getEntityInformation(JpaEntityInformationSupport.java:67)
	at org.springframework.data.jpa.repository.query.AbstractStringBasedJpaQuery.<init>(AbstractStringBasedJpaQuery.java:72)
	at org.springframework.data.jpa.repository.query.SimpleJpaQuery.<init>(SimpleJpaQuery.java:60)
	at org.springframework.data.jpa.repository.query.JpaQueryFactory.fromMethodWithQueryString(JpaQueryFactory.java:72)
	at org.springframework.data.jpa.repository.query.JpaQueryFactory.fromQueryAnnotation(JpaQueryFactory.java:53)
	at org.springframework.data.jpa.repository.query.SimpleJpaQueryUnitTests.createJpaQuery(SimpleJpaQueryUnitTests.java:211)
	at org.springframework.data.jpa.repository.query.SimpleJpaQueryUnitTests.validatesAndRejectsCountQueryIfPagingMethod(SimpleJpaQueryUnitTests.java:191)
	at sun.reflect.NativeMethodAccessorImpl.invoke0(Native Method)
	at sun.reflect.NativeMethodAccessorImpl.invoke(NativeMethodAccessorImpl.java:62)
	at sun.reflect.DelegatingMethodAccessorImpl.invoke(DelegatingMethodAccessorImpl.java:43)
	at java.lang.reflect.Method.invoke(Method.java:483)
	at org.junit.runners.model.FrameworkMethod$1.runReflectiveCall(FrameworkMethod.java:50)
	at org.junit.internal.runners.model.ReflectiveCallable.run(ReflectiveCallable.java:12)
	at org.junit.runners.model.FrameworkMethod.invokeExplosively(FrameworkMethod.java:47)
	at org.junit.internal.runners.statements.InvokeMethod.evaluate(InvokeMethod.java:17)
	at org.junit.internal.runners.statements.RunBefores.evaluate(RunBefores.java:26)
	at org.junit.rules.ExpectedException$ExpectedExceptionStatement.evaluate(ExpectedException.java:239)
	at org.junit.rules.RunRules.evaluate(RunRules.java:20)
	at org.junit.runners.ParentRunner.runLeaf(ParentRunner.java:325)
	at org.junit.runners.BlockJUnit4ClassRunner.runChild(BlockJUnit4ClassRunner.java:78)
	at org.junit.runners.BlockJUnit4ClassRunner.runChild(BlockJUnit4ClassRunner.java:57)
	at org.junit.runners.ParentRunner$3.run(ParentRunner.java:290)
	at org.junit.runners.ParentRunner$1.schedule(ParentRunner.java:71)
	at org.junit.runners.ParentRunner.runChildren(ParentRunner.java:288)
	at org.junit.runners.ParentRunner.access$000(ParentRunner.java:58)
	at org.junit.runners.ParentRunner$2.evaluate(ParentRunner.java:268)
	at org.junit.runners.ParentRunner.run(ParentRunner.java:363)
	at org.mockito.internal.runners.JUnit45AndHigherRunnerImpl.run(JUnit45AndHigherRunnerImpl.java:37)
	at org.mockito.runners.MockitoJUnitRunner.run(MockitoJUnitRunner.java:62)
	at org.apache.maven.surefire.junit4.JUnit4Provider.execute(JUnit4Provider.java:236)
	at org.apache.maven.surefire.junit4.JUnit4Provider.executeTestSet(JUnit4Provider.java:134)
	at org.apache.maven.surefire.junit4.JUnit4Provider.invoke(JUnit4Provider.java:113)
	at sun.reflect.NativeMethodAccessorImpl.invoke0(Native Method)
	at sun.reflect.NativeMethodAccessorImpl.invoke(NativeMethodAccessorImpl.java:62)
	at sun.reflect.DelegatingMethodAccessorImpl.invoke(DelegatingMethodAccessorImpl.java:43)
	at java.lang.reflect.Method.invoke(Method.java:483)
	at org.apache.maven.surefire.util.ReflectionUtils.invokeMethodWithArray(ReflectionUtils.java:189)
	at org.apache.maven.surefire.booter.ProviderFactory$ProviderProxy.invoke(ProviderFactory.java:165)
	at org.apache.maven.surefire.booter.ProviderFactory.invokeProvider(ProviderFactory.java:85)
	at org.apache.maven.surefire.booter.ForkedBooter.runSuitesInProcess(ForkedBooter.java:103)
	at org.apache.maven.surefire.booter.ForkedBooter.main(ForkedBooter.java:74)

	at org.hamcrest.MatcherAssert.assertThat(MatcherAssert.java:20)
	at org.junit.Assert.assertThat(Assert.java:956)
	at org.junit.Assert.assertThat(Assert.java:923)
	at org.junit.rules.ExpectedException.handleException(ExpectedException.java:252)
	at org.junit.rules.ExpectedException.access$000(ExpectedException.java:106)
	at org.junit.rules.ExpectedException$ExpectedExceptionStatement.evaluate(ExpectedException.java:241)
	at org.junit.rules.RunRules.evaluate(RunRules.java:20)
	at org.junit.runners.ParentRunner.runLeaf(ParentRunner.java:325)
	at org.junit.runners.BlockJUnit4ClassRunner.runChild(BlockJUnit4ClassRunner.java:78)
	at org.junit.runners.BlockJUnit4ClassRunner.runChild(BlockJUnit4ClassRunner.java:57)
	at org.junit.runners.ParentRunner$3.run(ParentRunner.java:290)
	at org.junit.runners.ParentRunner$1.schedule(ParentRunner.java:71)
	at org.junit.runners.ParentRunner.runChildren(ParentRunner.java:288)
	at org.junit.runners.ParentRunner.access$000(ParentRunner.java:58)
	at org.junit.runners.ParentRunner$2.evaluate(ParentRunner.java:268)
	at org.junit.runners.ParentRunner.run(ParentRunner.java:363)
	at org.mockito.internal.runners.JUnit45AndHigherRunnerImpl.run(JUnit45AndHigherRunnerImpl.java:37)
	at org.mockito.runners.MockitoJUnitRunner.run(MockitoJUnitRunner.java:62)
	at org.apache.maven.surefire.junit4.JUnit4Provider.execute(JUnit4Provider.java:236)
	at org.apache.maven.surefire.junit4.JUnit4Provider.executeTestSet(JUnit4Provider.java:134)
	at org.apache.maven.surefire.junit4.JUnit4Provider.invoke(JUnit4Provider.java:113)
	at sun.reflect.NativeMethodAccessorImpl.invoke0(Native Method)
	at sun.reflect.NativeMethodAccessorImpl.invoke(NativeMethodAccessorImpl.java:62)
	at sun.reflect.DelegatingMethodAccessorImpl.invoke(DelegatingMethodAccessorImpl.java:43)
	at java.lang.reflect.Method.invoke(Method.java:483)
	at org.apache.maven.surefire.util.ReflectionUtils.invokeMethodWithArray(ReflectionUtils.java:189)
	at org.apache.maven.surefire.booter.ProviderFactory$ProviderProxy.invoke(ProviderFactory.java:165)
	at org.apache.maven.surefire.booter.ProviderFactory.invokeProvider(ProviderFactory.java:85)
	at org.apache.maven.surefire.booter.ForkedBooter.runSuitesInProcess(ForkedBooter.java:103)
	at org.apache.maven.surefire.booter.ForkedBooter.main(ForkedBooter.java:74)
createsASimpleJpaQueryFromAnnotation(org.springframework.data.jpa.repository.query.SimpleJpaQueryUnitTests)  Time elapsed: 0.028 sec  <<< ERROR!
java.lang.IllegalArgumentException: [Assertion failed] - this argument is required; it must not be null
	at org.springframework.util.Assert.notNull(Assert.java:112)
	at org.springframework.util.Assert.notNull(Assert.java:123)
	at org.springframework.data.jpa.repository.support.JpaMetamodelEntityInformation.<init>(JpaMetamodelEntityInformation.java:65)
	at org.springframework.data.jpa.repository.support.JpaEntityInformationSupport.getEntityInformation(JpaEntityInformationSupport.java:67)
	at org.springframework.data.jpa.repository.query.AbstractStringBasedJpaQuery.<init>(AbstractStringBasedJpaQuery.java:72)
	at org.springframework.data.jpa.repository.query.SimpleJpaQuery.<init>(SimpleJpaQuery.java:60)
	at org.springframework.data.jpa.repository.query.JpaQueryFactory.fromMethodWithQueryString(JpaQueryFactory.java:72)
	at org.springframework.data.jpa.repository.query.JpaQueryFactory.fromQueryAnnotation(JpaQueryFactory.java:53)
	at org.springframework.data.jpa.repository.query.SimpleJpaQueryUnitTests.createJpaQuery(SimpleJpaQueryUnitTests.java:211)
	at org.springframework.data.jpa.repository.query.SimpleJpaQueryUnitTests.createsASimpleJpaQueryFromAnnotation(SimpleJpaQueryUnitTests.java:197)
	at sun.reflect.NativeMethodAccessorImpl.invoke0(Native Method)
	at sun.reflect.NativeMethodAccessorImpl.invoke(NativeMethodAccessorImpl.java:62)
	at sun.reflect.DelegatingMethodAccessorImpl.invoke(DelegatingMethodAccessorImpl.java:43)
	at java.lang.reflect.Method.invoke(Method.java:483)
	at org.junit.runners.model.FrameworkMethod$1.runReflectiveCall(FrameworkMethod.java:50)
	at org.junit.internal.runners.model.ReflectiveCallable.run(ReflectiveCallable.java:12)
	at org.junit.runners.model.FrameworkMethod.invokeExplosively(FrameworkMethod.java:47)
	at org.junit.internal.runners.statements.InvokeMethod.evaluate(InvokeMethod.java:17)
	at org.junit.internal.runners.statements.RunBefores.evaluate(RunBefores.java:26)
	at org.junit.rules.ExpectedException$ExpectedExceptionStatement.evaluate(ExpectedException.java:239)
	at org.junit.rules.RunRules.evaluate(RunRules.java:20)
	at org.junit.runners.ParentRunner.runLeaf(ParentRunner.java:325)
	at org.junit.runners.BlockJUnit4ClassRunner.runChild(BlockJUnit4ClassRunner.java:78)
	at org.junit.runners.BlockJUnit4ClassRunner.runChild(BlockJUnit4ClassRunner.java:57)
	at org.junit.runners.ParentRunner$3.run(ParentRunner.java:290)
	at org.junit.runners.ParentRunner$1.schedule(ParentRunner.java:71)
	at org.junit.runners.ParentRunner.runChildren(ParentRunner.java:288)
	at org.junit.runners.ParentRunner.access$000(ParentRunner.java:58)
	at org.junit.runners.ParentRunner$2.evaluate(ParentRunner.java:268)
	at org.junit.runners.ParentRunner.run(ParentRunner.java:363)
	at org.mockito.internal.runners.JUnit45AndHigherRunnerImpl.run(JUnit45AndHigherRunnerImpl.java:37)
	at org.mockito.runners.MockitoJUnitRunner.run(MockitoJUnitRunner.java:62)
	at org.apache.maven.surefire.junit4.JUnit4Provider.execute(JUnit4Provider.java:236)
	at org.apache.maven.surefire.junit4.JUnit4Provider.executeTestSet(JUnit4Provider.java:134)
	at org.apache.maven.surefire.junit4.JUnit4Provider.invoke(JUnit4Provider.java:113)
	at sun.reflect.NativeMethodAccessorImpl.invoke0(Native Method)
	at sun.reflect.NativeMethodAccessorImpl.invoke(NativeMethodAccessorImpl.java:62)
	at sun.reflect.DelegatingMethodAccessorImpl.invoke(DelegatingMethodAccessorImpl.java:43)
	at java.lang.reflect.Method.invoke(Method.java:483)
	at org.apache.maven.surefire.util.ReflectionUtils.invokeMethodWithArray(ReflectionUtils.java:189)
	at org.apache.maven.surefire.booter.ProviderFactory$ProviderProxy.invoke(ProviderFactory.java:165)
	at org.apache.maven.surefire.booter.ProviderFactory.invokeProvider(ProviderFactory.java:85)
	at org.apache.maven.surefire.booter.ForkedBooter.runSuitesInProcess(ForkedBooter.java:103)
	at org.apache.maven.surefire.booter.ForkedBooter.main(ForkedBooter.java:74)
rejectsNativeQueryWithDynamicSort(org.springframework.data.jpa.repository.query.SimpleJpaQueryUnitTests)  Time elapsed: 0.056 sec  <<< ERROR!
java.lang.Exception: Unexpected exception, expected<org.springframework.data.jpa.repository.query.InvalidJpaQueryMethodException> but was<java.lang.IllegalArgumentException>
	at org.junit.internal.runners.statements.ExpectException.evaluate(ExpectException.java:28)
	at org.junit.internal.runners.statements.RunBefores.evaluate(RunBefores.java:26)
	at org.junit.rules.ExpectedException$ExpectedExceptionStatement.evaluate(ExpectedException.java:239)
	at org.junit.rules.RunRules.evaluate(RunRules.java:20)
	at org.junit.runners.ParentRunner.runLeaf(ParentRunner.java:325)
	at org.junit.runners.BlockJUnit4ClassRunner.runChild(BlockJUnit4ClassRunner.java:78)
	at org.junit.runners.BlockJUnit4ClassRunner.runChild(BlockJUnit4ClassRunner.java:57)
	at org.junit.runners.ParentRunner$3.run(ParentRunner.java:290)
	at org.junit.runners.ParentRunner$1.schedule(ParentRunner.java:71)
	at org.junit.runners.ParentRunner.runChildren(ParentRunner.java:288)
	at org.junit.runners.ParentRunner.access$000(ParentRunner.java:58)
	at org.junit.runners.ParentRunner$2.evaluate(ParentRunner.java:268)
	at org.junit.runners.ParentRunner.run(ParentRunner.java:363)
	at org.mockito.internal.runners.JUnit45AndHigherRunnerImpl.run(JUnit45AndHigherRunnerImpl.java:37)
	at org.mockito.runners.MockitoJUnitRunner.run(MockitoJUnitRunner.java:62)
	at org.apache.maven.surefire.junit4.JUnit4Provider.execute(JUnit4Provider.java:236)
	at org.apache.maven.surefire.junit4.JUnit4Provider.executeTestSet(JUnit4Provider.java:134)
	at org.apache.maven.surefire.junit4.JUnit4Provider.invoke(JUnit4Provider.java:113)
	at sun.reflect.NativeMethodAccessorImpl.invoke0(Native Method)
	at sun.reflect.NativeMethodAccessorImpl.invoke(NativeMethodAccessorImpl.java:62)
	at sun.reflect.DelegatingMethodAccessorImpl.invoke(DelegatingMethodAccessorImpl.java:43)
	at java.lang.reflect.Method.invoke(Method.java:483)
	at org.apache.maven.surefire.util.ReflectionUtils.invokeMethodWithArray(ReflectionUtils.java:189)
	at org.apache.maven.surefire.booter.ProviderFactory$ProviderProxy.invoke(ProviderFactory.java:165)
	at org.apache.maven.surefire.booter.ProviderFactory.invokeProvider(ProviderFactory.java:85)
	at org.apache.maven.surefire.booter.ForkedBooter.runSuitesInProcess(ForkedBooter.java:103)
	at org.apache.maven.surefire.booter.ForkedBooter.main(ForkedBooter.java:74)
Caused by: java.lang.IllegalArgumentException: [Assertion failed] - this argument is required; it must not be null
	at org.springframework.util.Assert.notNull(Assert.java:112)
	at org.springframework.util.Assert.notNull(Assert.java:123)
	at org.springframework.data.jpa.repository.support.JpaMetamodelEntityInformation.<init>(JpaMetamodelEntityInformation.java:65)
	at org.springframework.data.jpa.repository.support.JpaEntityInformationSupport.getEntityInformation(JpaEntityInformationSupport.java:67)
	at org.springframework.data.jpa.repository.query.AbstractStringBasedJpaQuery.<init>(AbstractStringBasedJpaQuery.java:72)
	at org.springframework.data.jpa.repository.query.NativeJpaQuery.<init>(NativeJpaQuery.java:46)
	at org.springframework.data.jpa.repository.query.JpaQueryFactory.fromMethodWithQueryString(JpaQueryFactory.java:72)
	at org.springframework.data.jpa.repository.query.JpaQueryFactory.fromQueryAnnotation(JpaQueryFactory.java:53)
	at org.springframework.data.jpa.repository.query.SimpleJpaQueryUnitTests.createJpaQuery(SimpleJpaQueryUnitTests.java:211)
	at org.springframework.data.jpa.repository.query.SimpleJpaQueryUnitTests.rejectsNativeQueryWithDynamicSort(SimpleJpaQueryUnitTests.java:150)
	at sun.reflect.NativeMethodAccessorImpl.invoke0(Native Method)
	at sun.reflect.NativeMethodAccessorImpl.invoke(NativeMethodAccessorImpl.java:62)
	at sun.reflect.DelegatingMethodAccessorImpl.invoke(DelegatingMethodAccessorImpl.java:43)
	at java.lang.reflect.Method.invoke(Method.java:483)
	at org.junit.runners.model.FrameworkMethod$1.runReflectiveCall(FrameworkMethod.java:50)
	at org.junit.internal.runners.model.ReflectiveCallable.run(ReflectiveCallable.java:12)
	at org.junit.runners.model.FrameworkMethod.invokeExplosively(FrameworkMethod.java:47)
	at org.junit.internal.runners.statements.InvokeMethod.evaluate(InvokeMethod.java:17)
	at org.junit.internal.runners.statements.ExpectException.evaluate(ExpectException.java:19)
	... 26 more
prefersDeclaredCountQueryOverCreatingOne(org.springframework.data.jpa.repository.query.SimpleJpaQueryUnitTests)  Time elapsed: 0 sec  <<< ERROR!
java.lang.IllegalArgumentException: [Assertion failed] - this argument is required; it must not be null
	at org.springframework.util.Assert.notNull(Assert.java:112)
	at org.springframework.util.Assert.notNull(Assert.java:123)
	at org.springframework.data.jpa.repository.support.JpaMetamodelEntityInformation.<init>(JpaMetamodelEntityInformation.java:65)
	at org.springframework.data.jpa.repository.support.JpaEntityInformationSupport.getEntityInformation(JpaEntityInformationSupport.java:67)
	at org.springframework.data.jpa.repository.query.AbstractStringBasedJpaQuery.<init>(AbstractStringBasedJpaQuery.java:72)
	at org.springframework.data.jpa.repository.query.SimpleJpaQuery.<init>(SimpleJpaQuery.java:60)
	at org.springframework.data.jpa.repository.query.SimpleJpaQueryUnitTests.prefersDeclaredCountQueryOverCreatingOne(SimpleJpaQueryUnitTests.java:98)
	at sun.reflect.NativeMethodAccessorImpl.invoke0(Native Method)
	at sun.reflect.NativeMethodAccessorImpl.invoke(NativeMethodAccessorImpl.java:62)
	at sun.reflect.DelegatingMethodAccessorImpl.invoke(DelegatingMethodAccessorImpl.java:43)
	at java.lang.reflect.Method.invoke(Method.java:483)
	at org.junit.runners.model.FrameworkMethod$1.runReflectiveCall(FrameworkMethod.java:50)
	at org.junit.internal.runners.model.ReflectiveCallable.run(ReflectiveCallable.java:12)
	at org.junit.runners.model.FrameworkMethod.invokeExplosively(FrameworkMethod.java:47)
	at org.junit.internal.runners.statements.InvokeMethod.evaluate(InvokeMethod.java:17)
	at org.junit.internal.runners.statements.RunBefores.evaluate(RunBefores.java:26)
	at org.junit.rules.ExpectedException$ExpectedExceptionStatement.evaluate(ExpectedException.java:239)
	at org.junit.rules.RunRules.evaluate(RunRules.java:20)
	at org.junit.runners.ParentRunner.runLeaf(ParentRunner.java:325)
	at org.junit.runners.BlockJUnit4ClassRunner.runChild(BlockJUnit4ClassRunner.java:78)
	at org.junit.runners.BlockJUnit4ClassRunner.runChild(BlockJUnit4ClassRunner.java:57)
	at org.junit.runners.ParentRunner$3.run(ParentRunner.java:290)
	at org.junit.runners.ParentRunner$1.schedule(ParentRunner.java:71)
	at org.junit.runners.ParentRunner.runChildren(ParentRunner.java:288)
	at org.junit.runners.ParentRunner.access$000(ParentRunner.java:58)
	at org.junit.runners.ParentRunner$2.evaluate(ParentRunner.java:268)
	at org.junit.runners.ParentRunner.run(ParentRunner.java:363)
	at org.mockito.internal.runners.JUnit45AndHigherRunnerImpl.run(JUnit45AndHigherRunnerImpl.java:37)
	at org.mockito.runners.MockitoJUnitRunner.run(MockitoJUnitRunner.java:62)
	at org.apache.maven.surefire.junit4.JUnit4Provider.execute(JUnit4Provider.java:236)
	at org.apache.maven.surefire.junit4.JUnit4Provider.executeTestSet(JUnit4Provider.java:134)
	at org.apache.maven.surefire.junit4.JUnit4Provider.invoke(JUnit4Provider.java:113)
	at sun.reflect.NativeMethodAccessorImpl.invoke0(Native Method)
	at sun.reflect.NativeMethodAccessorImpl.invoke(NativeMethodAccessorImpl.java:62)
	at sun.reflect.DelegatingMethodAccessorImpl.invoke(DelegatingMethodAccessorImpl.java:43)
	at java.lang.reflect.Method.invoke(Method.java:483)
	at org.apache.maven.surefire.util.ReflectionUtils.invokeMethodWithArray(ReflectionUtils.java:189)
	at org.apache.maven.surefire.booter.ProviderFactory$ProviderProxy.invoke(ProviderFactory.java:165)
	at org.apache.maven.surefire.booter.ProviderFactory.invokeProvider(ProviderFactory.java:85)
	at org.apache.maven.surefire.booter.ForkedBooter.runSuitesInProcess(ForkedBooter.java:103)
	at org.apache.maven.surefire.booter.ForkedBooter.main(ForkedBooter.java:74)
discoversNativeQuery(org.springframework.data.jpa.repository.query.SimpleJpaQueryUnitTests)  Time elapsed: 0.013 sec  <<< ERROR!
java.lang.IllegalArgumentException: [Assertion failed] - this argument is required; it must not be null
	at org.springframework.util.Assert.notNull(Assert.java:112)
	at org.springframework.util.Assert.notNull(Assert.java:123)
	at org.springframework.data.jpa.repository.support.JpaMetamodelEntityInformation.<init>(JpaMetamodelEntityInformation.java:65)
	at org.springframework.data.jpa.repository.support.JpaEntityInformationSupport.getEntityInformation(JpaEntityInformationSupport.java:67)
	at org.springframework.data.jpa.repository.query.AbstractStringBasedJpaQuery.<init>(AbstractStringBasedJpaQuery.java:72)
	at org.springframework.data.jpa.repository.query.NativeJpaQuery.<init>(NativeJpaQuery.java:46)
	at org.springframework.data.jpa.repository.query.JpaQueryFactory.fromMethodWithQueryString(JpaQueryFactory.java:72)
	at org.springframework.data.jpa.repository.query.JpaQueryFactory.fromQueryAnnotation(JpaQueryFactory.java:53)
	at org.springframework.data.jpa.repository.query.SimpleJpaQueryUnitTests.discoversNativeQuery(SimpleJpaQueryUnitTests.java:129)
	at sun.reflect.NativeMethodAccessorImpl.invoke0(Native Method)
	at sun.reflect.NativeMethodAccessorImpl.invoke(NativeMethodAccessorImpl.java:62)
	at sun.reflect.DelegatingMethodAccessorImpl.invoke(DelegatingMethodAccessorImpl.java:43)
	at java.lang.reflect.Method.invoke(Method.java:483)
	at org.junit.runners.model.FrameworkMethod$1.runReflectiveCall(FrameworkMethod.java:50)
	at org.junit.internal.runners.model.ReflectiveCallable.run(ReflectiveCallable.java:12)
	at org.junit.runners.model.FrameworkMethod.invokeExplosively(FrameworkMethod.java:47)
	at org.junit.internal.runners.statements.InvokeMethod.evaluate(InvokeMethod.java:17)
	at org.junit.internal.runners.statements.RunBefores.evaluate(RunBefores.java:26)
	at org.junit.rules.ExpectedException$ExpectedExceptionStatement.evaluate(ExpectedException.java:239)
	at org.junit.rules.RunRules.evaluate(RunRules.java:20)
	at org.junit.runners.ParentRunner.runLeaf(ParentRunner.java:325)
	at org.junit.runners.BlockJUnit4ClassRunner.runChild(BlockJUnit4ClassRunner.java:78)
	at org.junit.runners.BlockJUnit4ClassRunner.runChild(BlockJUnit4ClassRunner.java:57)
	at org.junit.runners.ParentRunner$3.run(ParentRunner.java:290)
	at org.junit.runners.ParentRunner$1.schedule(ParentRunner.java:71)
	at org.junit.runners.ParentRunner.runChildren(ParentRunner.java:288)
	at org.junit.runners.ParentRunner.access$000(ParentRunner.java:58)
	at org.junit.runners.ParentRunner$2.evaluate(ParentRunner.java:268)
	at org.junit.runners.ParentRunner.run(ParentRunner.java:363)
	at org.mockito.internal.runners.JUnit45AndHigherRunnerImpl.run(JUnit45AndHigherRunnerImpl.java:37)
	at org.mockito.runners.MockitoJUnitRunner.run(MockitoJUnitRunner.java:62)
	at org.apache.maven.surefire.junit4.JUnit4Provider.execute(JUnit4Provider.java:236)
	at org.apache.maven.surefire.junit4.JUnit4Provider.executeTestSet(JUnit4Provider.java:134)
	at org.apache.maven.surefire.junit4.JUnit4Provider.invoke(JUnit4Provider.java:113)
	at sun.reflect.NativeMethodAccessorImpl.invoke0(Native Method)
	at sun.reflect.NativeMethodAccessorImpl.invoke(NativeMethodAccessorImpl.java:62)
	at sun.reflect.DelegatingMethodAccessorImpl.invoke(DelegatingMethodAccessorImpl.java:43)
	at java.lang.reflect.Method.invoke(Method.java:483)
	at org.apache.maven.surefire.util.ReflectionUtils.invokeMethodWithArray(ReflectionUtils.java:189)
	at org.apache.maven.surefire.booter.ProviderFactory$ProviderProxy.invoke(ProviderFactory.java:165)
	at org.apache.maven.surefire.booter.ProviderFactory.invokeProvider(ProviderFactory.java:85)
	at org.apache.maven.surefire.booter.ForkedBooter.runSuitesInProcess(ForkedBooter.java:103)
	at org.apache.maven.surefire.booter.ForkedBooter.main(ForkedBooter.java:74)
doesNotValidateCountQueryIfNotPagingMethod(org.springframework.data.jpa.repository.query.SimpleJpaQueryUnitTests)  Time elapsed: 0.014 sec  <<< ERROR!
java.lang.IllegalArgumentException: [Assertion failed] - this argument is required; it must not be null
	at org.springframework.util.Assert.notNull(Assert.java:112)
	at org.springframework.util.Assert.notNull(Assert.java:123)
	at org.springframework.data.jpa.repository.support.JpaMetamodelEntityInformation.<init>(JpaMetamodelEntityInformation.java:65)
	at org.springframework.data.jpa.repository.support.JpaEntityInformationSupport.getEntityInformation(JpaEntityInformationSupport.java:67)
	at org.springframework.data.jpa.repository.query.AbstractStringBasedJpaQuery.<init>(AbstractStringBasedJpaQuery.java:72)
	at org.springframework.data.jpa.repository.query.SimpleJpaQuery.<init>(SimpleJpaQuery.java:60)
	at org.springframework.data.jpa.repository.query.JpaQueryFactory.fromMethodWithQueryString(JpaQueryFactory.java:72)
	at org.springframework.data.jpa.repository.query.JpaQueryFactory.fromQueryAnnotation(JpaQueryFactory.java:53)
	at org.springframework.data.jpa.repository.query.SimpleJpaQueryUnitTests.createJpaQuery(SimpleJpaQueryUnitTests.java:211)
	at org.springframework.data.jpa.repository.query.SimpleJpaQueryUnitTests.doesNotValidateCountQueryIfNotPagingMethod(SimpleJpaQueryUnitTests.java:174)
	at sun.reflect.NativeMethodAccessorImpl.invoke0(Native Method)
	at sun.reflect.NativeMethodAccessorImpl.invoke(NativeMethodAccessorImpl.java:62)
	at sun.reflect.DelegatingMethodAccessorImpl.invoke(DelegatingMethodAccessorImpl.java:43)
	at java.lang.reflect.Method.invoke(Method.java:483)
	at org.junit.runners.model.FrameworkMethod$1.runReflectiveCall(FrameworkMethod.java:50)
	at org.junit.internal.runners.model.ReflectiveCallable.run(ReflectiveCallable.java:12)
	at org.junit.runners.model.FrameworkMethod.invokeExplosively(FrameworkMethod.java:47)
	at org.junit.internal.runners.statements.InvokeMethod.evaluate(InvokeMethod.java:17)
	at org.junit.internal.runners.statements.RunBefores.evaluate(RunBefores.java:26)
	at org.junit.rules.ExpectedException$ExpectedExceptionStatement.evaluate(ExpectedException.java:239)
	at org.junit.rules.RunRules.evaluate(RunRules.java:20)
	at org.junit.runners.ParentRunner.runLeaf(ParentRunner.java:325)
	at org.junit.runners.BlockJUnit4ClassRunner.runChild(BlockJUnit4ClassRunner.java:78)
	at org.junit.runners.BlockJUnit4ClassRunner.runChild(BlockJUnit4ClassRunner.java:57)
	at org.junit.runners.ParentRunner$3.run(ParentRunner.java:290)
	at org.junit.runners.ParentRunner$1.schedule(ParentRunner.java:71)
	at org.junit.runners.ParentRunner.runChildren(ParentRunner.java:288)
	at org.junit.runners.ParentRunner.access$000(ParentRunner.java:58)
	at org.junit.runners.ParentRunner$2.evaluate(ParentRunner.java:268)
	at org.junit.runners.ParentRunner.run(ParentRunner.java:363)
	at org.mockito.internal.runners.JUnit45AndHigherRunnerImpl.run(JUnit45AndHigherRunnerImpl.java:37)
	at org.mockito.runners.MockitoJUnitRunner.run(MockitoJUnitRunner.java:62)
	at org.apache.maven.surefire.junit4.JUnit4Provider.execute(JUnit4Provider.java:236)
	at org.apache.maven.surefire.junit4.JUnit4Provider.executeTestSet(JUnit4Provider.java:134)
	at org.apache.maven.surefire.junit4.JUnit4Provider.invoke(JUnit4Provider.java:113)
	at sun.reflect.NativeMethodAccessorImpl.invoke0(Native Method)
	at sun.reflect.NativeMethodAccessorImpl.invoke(NativeMethodAccessorImpl.java:62)
	at sun.reflect.DelegatingMethodAccessorImpl.invoke(DelegatingMethodAccessorImpl.java:43)
	at java.lang.reflect.Method.invoke(Method.java:483)
	at org.apache.maven.surefire.util.ReflectionUtils.invokeMethodWithArray(ReflectionUtils.java:189)
	at org.apache.maven.surefire.booter.ProviderFactory$ProviderProxy.invoke(ProviderFactory.java:165)
	at org.apache.maven.surefire.booter.ProviderFactory.invokeProvider(ProviderFactory.java:85)
	at org.apache.maven.surefire.booter.ForkedBooter.runSuitesInProcess(ForkedBooter.java:103)
	at org.apache.maven.surefire.booter.ForkedBooter.main(ForkedBooter.java:74)
Running org.springframework.data.jpa.repository.query.ParameterBinderUnitTests
Tests run: 14, Failures: 0, Errors: 0, Skipped: 0, Time elapsed: 0.134 sec
Running org.springframework.data.jpa.repository.query.JpaQueryExecutionUnitTests
Tests run: 8, Failures: 0, Errors: 0, Skipped: 0, Time elapsed: 0.181 sec
Running org.springframework.data.jpa.repository.query.JpaQueryLookupStrategyUnitTests
Tests run: 2, Failures: 2, Errors: 0, Skipped: 0, Time elapsed: 0.067 sec <<< FAILURE!
sholdThrowMorePreciseExceptionIfTryingToUsePaginationInNativeQueries(org.springframework.data.jpa.repository.query.JpaQueryLookupStrategyUnitTests)  Time elapsed: 0.027 sec  <<< FAILURE!
java.lang.AssertionError: 
Expected: (an instance of org.springframework.data.jpa.repository.query.InvalidJpaQueryMethodException and exception with message a string containing "Cannot use native queries with dynamic sorting and/or pagination in method" and exception with message a string containing "public abstract org.springframework.data.domain.Page org.springframework.data.jpa.repository.query.JpaQueryLookupStrategyUnitTests$UserRepository.findByInvalidNativeQuery(java.lang.String,org.springframework.data.domain.Pageable)")
     but: an instance of org.springframework.data.jpa.repository.query.InvalidJpaQueryMethodException <java.lang.IllegalArgumentException: [Assertion failed] - this argument is required; it must not be null> is a java.lang.IllegalArgumentException
Stacktrace was: java.lang.IllegalArgumentException: [Assertion failed] - this argument is required; it must not be null
	at org.springframework.util.Assert.notNull(Assert.java:112)
	at org.springframework.util.Assert.notNull(Assert.java:123)
	at org.springframework.data.jpa.repository.support.JpaMetamodelEntityInformation.<init>(JpaMetamodelEntityInformation.java:65)
	at org.springframework.data.jpa.repository.support.JpaEntityInformationSupport.getEntityInformation(JpaEntityInformationSupport.java:67)
	at org.springframework.data.jpa.repository.query.AbstractStringBasedJpaQuery.<init>(AbstractStringBasedJpaQuery.java:72)
	at org.springframework.data.jpa.repository.query.NativeJpaQuery.<init>(NativeJpaQuery.java:46)
	at org.springframework.data.jpa.repository.query.JpaQueryFactory.fromMethodWithQueryString(JpaQueryFactory.java:72)
	at org.springframework.data.jpa.repository.query.JpaQueryFactory.fromQueryAnnotation(JpaQueryFactory.java:53)
	at org.springframework.data.jpa.repository.query.JpaQueryLookupStrategy$DeclaredQueryLookupStrategy.resolveQuery(JpaQueryLookupStrategy.java:136)
	at org.springframework.data.jpa.repository.query.JpaQueryLookupStrategy$CreateIfNotFoundQueryLookupStrategy.resolveQuery(JpaQueryLookupStrategy.java:204)
	at org.springframework.data.jpa.repository.query.JpaQueryLookupStrategy$AbstractQueryLookupStrategy.resolveQuery(JpaQueryLookupStrategy.java:73)
	at org.springframework.data.jpa.repository.query.JpaQueryLookupStrategyUnitTests.sholdThrowMorePreciseExceptionIfTryingToUsePaginationInNativeQueries(JpaQueryLookupStrategyUnitTests.java:110)
	at sun.reflect.NativeMethodAccessorImpl.invoke0(Native Method)
	at sun.reflect.NativeMethodAccessorImpl.invoke(NativeMethodAccessorImpl.java:62)
	at sun.reflect.DelegatingMethodAccessorImpl.invoke(DelegatingMethodAccessorImpl.java:43)
	at java.lang.reflect.Method.invoke(Method.java:483)
	at org.junit.runners.model.FrameworkMethod$1.runReflectiveCall(FrameworkMethod.java:50)
	at org.junit.internal.runners.model.ReflectiveCallable.run(ReflectiveCallable.java:12)
	at org.junit.runners.model.FrameworkMethod.invokeExplosively(FrameworkMethod.java:47)
	at org.junit.internal.runners.statements.InvokeMethod.evaluate(InvokeMethod.java:17)
	at org.junit.internal.runners.statements.RunBefores.evaluate(RunBefores.java:26)
	at org.junit.rules.ExpectedException$ExpectedExceptionStatement.evaluate(ExpectedException.java:239)
	at org.junit.rules.RunRules.evaluate(RunRules.java:20)
	at org.junit.runners.ParentRunner.runLeaf(ParentRunner.java:325)
	at org.junit.runners.BlockJUnit4ClassRunner.runChild(BlockJUnit4ClassRunner.java:78)
	at org.junit.runners.BlockJUnit4ClassRunner.runChild(BlockJUnit4ClassRunner.java:57)
	at org.junit.runners.ParentRunner$3.run(ParentRunner.java:290)
	at org.junit.runners.ParentRunner$1.schedule(ParentRunner.java:71)
	at org.junit.runners.ParentRunner.runChildren(ParentRunner.java:288)
	at org.junit.runners.ParentRunner.access$000(ParentRunner.java:58)
	at org.junit.runners.ParentRunner$2.evaluate(ParentRunner.java:268)
	at org.junit.runners.ParentRunner.run(ParentRunner.java:363)
	at org.mockito.internal.runners.JUnit45AndHigherRunnerImpl.run(JUnit45AndHigherRunnerImpl.java:37)
	at org.mockito.runners.MockitoJUnitRunner.run(MockitoJUnitRunner.java:62)
	at org.apache.maven.surefire.junit4.JUnit4Provider.execute(JUnit4Provider.java:236)
	at org.apache.maven.surefire.junit4.JUnit4Provider.executeTestSet(JUnit4Provider.java:134)
	at org.apache.maven.surefire.junit4.JUnit4Provider.invoke(JUnit4Provider.java:113)
	at sun.reflect.NativeMethodAccessorImpl.invoke0(Native Method)
	at sun.reflect.NativeMethodAccessorImpl.invoke(NativeMethodAccessorImpl.java:62)
	at sun.reflect.DelegatingMethodAccessorImpl.invoke(DelegatingMethodAccessorImpl.java:43)
	at java.lang.reflect.Method.invoke(Method.java:483)
	at org.apache.maven.surefire.util.ReflectionUtils.invokeMethodWithArray(ReflectionUtils.java:189)
	at org.apache.maven.surefire.booter.ProviderFactory$ProviderProxy.invoke(ProviderFactory.java:165)
	at org.apache.maven.surefire.booter.ProviderFactory.invokeProvider(ProviderFactory.java:85)
	at org.apache.maven.surefire.booter.ForkedBooter.runSuitesInProcess(ForkedBooter.java:103)
	at org.apache.maven.surefire.booter.ForkedBooter.main(ForkedBooter.java:74)

	at org.hamcrest.MatcherAssert.assertThat(MatcherAssert.java:20)
	at org.junit.Assert.assertThat(Assert.java:956)
	at org.junit.Assert.assertThat(Assert.java:923)
	at org.junit.rules.ExpectedException.handleException(ExpectedException.java:252)
	at org.junit.rules.ExpectedException.access$000(ExpectedException.java:106)
	at org.junit.rules.ExpectedException$ExpectedExceptionStatement.evaluate(ExpectedException.java:241)
	at org.junit.rules.RunRules.evaluate(RunRules.java:20)
	at org.junit.runners.ParentRunner.runLeaf(ParentRunner.java:325)
	at org.junit.runners.BlockJUnit4ClassRunner.runChild(BlockJUnit4ClassRunner.java:78)
	at org.junit.runners.BlockJUnit4ClassRunner.runChild(BlockJUnit4ClassRunner.java:57)
	at org.junit.runners.ParentRunner$3.run(ParentRunner.java:290)
	at org.junit.runners.ParentRunner$1.schedule(ParentRunner.java:71)
	at org.junit.runners.ParentRunner.runChildren(ParentRunner.java:288)
	at org.junit.runners.ParentRunner.access$000(ParentRunner.java:58)
	at org.junit.runners.ParentRunner$2.evaluate(ParentRunner.java:268)
	at org.junit.runners.ParentRunner.run(ParentRunner.java:363)
	at org.mockito.internal.runners.JUnit45AndHigherRunnerImpl.run(JUnit45AndHigherRunnerImpl.java:37)
	at org.mockito.runners.MockitoJUnitRunner.run(MockitoJUnitRunner.java:62)
	at org.apache.maven.surefire.junit4.JUnit4Provider.execute(JUnit4Provider.java:236)
	at org.apache.maven.surefire.junit4.JUnit4Provider.executeTestSet(JUnit4Provider.java:134)
	at org.apache.maven.surefire.junit4.JUnit4Provider.invoke(JUnit4Provider.java:113)
	at sun.reflect.NativeMethodAccessorImpl.invoke0(Native Method)
	at sun.reflect.NativeMethodAccessorImpl.invoke(NativeMethodAccessorImpl.java:62)
	at sun.reflect.DelegatingMethodAccessorImpl.invoke(DelegatingMethodAccessorImpl.java:43)
	at java.lang.reflect.Method.invoke(Method.java:483)
	at org.apache.maven.surefire.util.ReflectionUtils.invokeMethodWithArray(ReflectionUtils.java:189)
	at org.apache.maven.surefire.booter.ProviderFactory$ProviderProxy.invoke(ProviderFactory.java:165)
	at org.apache.maven.surefire.booter.ProviderFactory.invokeProvider(ProviderFactory.java:85)
	at org.apache.maven.surefire.booter.ForkedBooter.runSuitesInProcess(ForkedBooter.java:103)
	at org.apache.maven.surefire.booter.ForkedBooter.main(ForkedBooter.java:74)
invalidAnnotatedQueryCausesException(org.springframework.data.jpa.repository.query.JpaQueryLookupStrategyUnitTests)  Time elapsed: 0.001 sec  <<< FAILURE!
java.lang.AssertionError: 
Expected: is <java.lang.RuntimeException>
     but: was null
	at org.hamcrest.MatcherAssert.assertThat(MatcherAssert.java:20)
	at org.junit.Assert.assertThat(Assert.java:956)
	at org.junit.Assert.assertThat(Assert.java:923)
	at org.springframework.data.jpa.repository.query.JpaQueryLookupStrategyUnitTests.invalidAnnotatedQueryCausesException(JpaQueryLookupStrategyUnitTests.java:91)
	at sun.reflect.NativeMethodAccessorImpl.invoke0(Native Method)
	at sun.reflect.NativeMethodAccessorImpl.invoke(NativeMethodAccessorImpl.java:62)
	at sun.reflect.DelegatingMethodAccessorImpl.invoke(DelegatingMethodAccessorImpl.java:43)
	at java.lang.reflect.Method.invoke(Method.java:483)
	at org.junit.runners.model.FrameworkMethod$1.runReflectiveCall(FrameworkMethod.java:50)
	at org.junit.internal.runners.model.ReflectiveCallable.run(ReflectiveCallable.java:12)
	at org.junit.runners.model.FrameworkMethod.invokeExplosively(FrameworkMethod.java:47)
	at org.junit.internal.runners.statements.InvokeMethod.evaluate(InvokeMethod.java:17)
	at org.junit.internal.runners.statements.RunBefores.evaluate(RunBefores.java:26)
	at org.junit.rules.ExpectedException$ExpectedExceptionStatement.evaluate(ExpectedException.java:239)
	at org.junit.rules.RunRules.evaluate(RunRules.java:20)
	at org.junit.runners.ParentRunner.runLeaf(ParentRunner.java:325)
	at org.junit.runners.BlockJUnit4ClassRunner.runChild(BlockJUnit4ClassRunner.java:78)
	at org.junit.runners.BlockJUnit4ClassRunner.runChild(BlockJUnit4ClassRunner.java:57)
	at org.junit.runners.ParentRunner$3.run(ParentRunner.java:290)
	at org.junit.runners.ParentRunner$1.schedule(ParentRunner.java:71)
	at org.junit.runners.ParentRunner.runChildren(ParentRunner.java:288)
	at org.junit.runners.ParentRunner.access$000(ParentRunner.java:58)
	at org.junit.runners.ParentRunner$2.evaluate(ParentRunner.java:268)
	at org.junit.runners.ParentRunner.run(ParentRunner.java:363)
	at org.mockito.internal.runners.JUnit45AndHigherRunnerImpl.run(JUnit45AndHigherRunnerImpl.java:37)
	at org.mockito.runners.MockitoJUnitRunner.run(MockitoJUnitRunner.java:62)
	at org.apache.maven.surefire.junit4.JUnit4Provider.execute(JUnit4Provider.java:236)
	at org.apache.maven.surefire.junit4.JUnit4Provider.executeTestSet(JUnit4Provider.java:134)
	at org.apache.maven.surefire.junit4.JUnit4Provider.invoke(JUnit4Provider.java:113)
	at sun.reflect.NativeMethodAccessorImpl.invoke0(Native Method)
	at sun.reflect.NativeMethodAccessorImpl.invoke(NativeMethodAccessorImpl.java:62)
	at sun.reflect.DelegatingMethodAccessorImpl.invoke(DelegatingMethodAccessorImpl.java:43)
	at java.lang.reflect.Method.invoke(Method.java:483)
	at org.apache.maven.surefire.util.ReflectionUtils.invokeMethodWithArray(ReflectionUtils.java:189)
	at org.apache.maven.surefire.booter.ProviderFactory$ProviderProxy.invoke(ProviderFactory.java:165)
	at org.apache.maven.surefire.booter.ProviderFactory.invokeProvider(ProviderFactory.java:85)
	at org.apache.maven.surefire.booter.ForkedBooter.runSuitesInProcess(ForkedBooter.java:103)
	at org.apache.maven.surefire.booter.ForkedBooter.main(ForkedBooter.java:74)
Running org.springframework.data.jpa.repository.query.JpaParametersUnitTests
Tests run: 1, Failures: 0, Errors: 0, Skipped: 0, Time elapsed: 0 sec
Running org.springframework.data.jpa.repository.query.ExpressionBasedStringQueryUnitTests
Tests run: 2, Failures: 0, Errors: 0, Skipped: 0, Time elapsed: 0.139 sec
Running org.springframework.data.jpa.repository.query.StringQueryUnitTests
Tests run: 20, Failures: 0, Errors: 0, Skipped: 0, Time elapsed: 0.07 sec
Running org.springframework.data.jpa.repository.query.JpaQueryMethodUnitTests
Tests run: 26, Failures: 0, Errors: 0, Skipped: 0, Time elapsed: 0.201 sec
Running org.springframework.data.jpa.repository.query.Jpa21UtilsUnitTests
Tests run: 1, Failures: 0, Errors: 0, Skipped: 0, Time elapsed: 0.061 sec
Running org.springframework.data.jpa.repository.query.LikeBindingUnitTests
Tests run: 8, Failures: 0, Errors: 0, Skipped: 0, Time elapsed: 0.026 sec
Running org.springframework.data.jpa.repository.query.StoredProcedureAttributeSourceUnitTests
Tests run: 6, Failures: 0, Errors: 0, Skipped: 0, Time elapsed: 0.11 sec
Running org.springframework.data.jpa.repository.query.StoredProcedureAttributesUnitTests
Tests run: 1, Failures: 0, Errors: 0, Skipped: 0, Time elapsed: 0 sec
Running org.springframework.data.jpa.repository.query.QueryUtilsUnitTests
Tests run: 26, Failures: 0, Errors: 0, Skipped: 0, Time elapsed: 0.08 sec
Running org.springframework.data.jpa.repository.query.NamedQueryUnitTests
Tests run: 2, Failures: 0, Errors: 0, Skipped: 0, Time elapsed: 0.015 sec
Running org.springframework.data.jpa.repository.cdi.JpaRepositoryExtensionUnitTests
Tests run: 3, Failures: 0, Errors: 0, Skipped: 0, Time elapsed: 0.102 sec
Running org.springframework.data.jpa.repository.config.JpaRepositoryConfigExtensionUnitTests
Tests run: 4, Failures: 0, Errors: 0, Skipped: 0, Time elapsed: 0.187 sec
Running org.springframework.data.jpa.repository.config.JpaAuditingRegistrarUnitTests
Tests run: 2, Failures: 0, Errors: 0, Skipped: 0, Time elapsed: 0.056 sec
Running org.springframework.data.jpa.repository.config.JpaRepositoriesRegistrarUnitTests
Tests run: 1, Failures: 0, Errors: 0, Skipped: 0, Time elapsed: 0.721 sec
Running org.springframework.data.jpa.repository.CrudMethodMetadataUnitTests
Tests run: 3, Failures: 0, Errors: 0, Skipped: 0, Time elapsed: 0.463 sec
Running org.springframework.data.jpa.support.MergingPersistenceUnitManagerUnitTests
Tests run: 5, Failures: 0, Errors: 0, Skipped: 0, Time elapsed: 0.301 sec
Running org.springframework.data.jpa.support.ClasspathScanningPersistenceUnitPostProcessorUnitTests
Tests run: 8, Failures: 0, Errors: 0, Skipped: 0, Time elapsed: 0.028 sec
Running org.springframework.data.jpa.domain.support.AuditingNamespaceUnitTests
Tests run: 5, Failures: 0, Errors: 0, Skipped: 0, Time elapsed: 1.062 sec
Running org.springframework.data.jpa.domain.support.AuditingBeanFactoryPostProcessorUnitTests
Tests run: 4, Failures: 0, Errors: 0, Skipped: 0, Time elapsed: 0.49 sec
Running org.springframework.data.jpa.domain.support.AnnotationAuditingBeanFactoryPostProcessorUnitTests
Tests run: 4, Failures: 0, Errors: 0, Skipped: 0, Time elapsed: 0.12 sec
Running org.springframework.data.jpa.domain.SpecificationsUnitTests
Tests run: 8, Failures: 0, Errors: 0, Skipped: 0, Time elapsed: 0.324 sec
Running org.springframework.data.jpa.mapping.JpaPersistentPropertyImplUnitTests
Tests run: 14, Failures: 0, Errors: 0, Skipped: 0, Time elapsed: 0.417 sec
Running org.springframework.data.jpa.provider.PersistenceProviderUnitTests
Tests run: 5, Failures: 0, Errors: 0, Skipped: 0, Time elapsed: 0.589 sec

Results :

Failed tests:   validatesAndRejectsCountQueryIfPagingMethod(org.springframework.data.jpa.repository.query.SimpleJpaQueryUnitTests): (..)
  sholdThrowMorePreciseExceptionIfTryingToUsePaginationInNativeQueries(org.springframework.data.jpa.repository.query.JpaQueryLookupStrategyUnitTests): (..)
  invalidAnnotatedQueryCausesException(org.springframework.data.jpa.repository.query.JpaQueryLookupStrategyUnitTests): (..)

Tests in error: 
  createsANativeJpaQueryFromAnnotation(org.springframework.data.jpa.repository.query.SimpleJpaQueryUnitTests): [Assertion failed] - this argument is required; it must not be null
  doesNotApplyPaginationToCountQuery(org.springframework.data.jpa.repository.query.SimpleJpaQueryUnitTests): [Assertion failed] - this argument is required; it must not be null
  rejectsNativeQueryWithPageable(org.springframework.data.jpa.repository.query.SimpleJpaQueryUnitTests): Unexpected exception, expected<org.springframework.data.jpa.repository.query.InvalidJpaQueryMethodException> but was<java.lang.IllegalArgumentException>
  createsASimpleJpaQueryFromAnnotation(org.springframework.data.jpa.repository.query.SimpleJpaQueryUnitTests): [Assertion failed] - this argument is required; it must not be null
  rejectsNativeQueryWithDynamicSort(org.springframework.data.jpa.repository.query.SimpleJpaQueryUnitTests): Unexpected exception, expected<org.springframework.data.jpa.repository.query.InvalidJpaQueryMethodException> but was<java.lang.IllegalArgumentException>
  prefersDeclaredCountQueryOverCreatingOne(org.springframework.data.jpa.repository.query.SimpleJpaQueryUnitTests): [Assertion failed] - this argument is required; it must not be null
  discoversNativeQuery(org.springframework.data.jpa.repository.query.SimpleJpaQueryUnitTests): [Assertion failed] - this argument is required; it must not be null
  doesNotValidateCountQueryIfNotPagingMethod(org.springframework.data.jpa.repository.query.SimpleJpaQueryUnitTests): [Assertion failed] - this argument is required; it must not be null

Tests run: 214, Failures: 3, Errors: 8, Skipped: 0

[INFO] ------------------------------------------------------------------------
[INFO] BUILD FAILURE
[INFO] ------------------------------------------------------------------------
[INFO] Total time: 53.788 s
[INFO] Finished at: 2015-06-30T13:07:43+00:00
[INFO] Final Memory: 36M/422M
[INFO] ------------------------------------------------------------------------
[ERROR] Failed to execute goal org.apache.maven.plugins:maven-surefire-plugin:2.12:test (unit-tests) on project spring-data-jpa: There are test failures.
[ERROR] 
[ERROR] Please refer to /home/travis/build/spring-projects/spring-data-jpa/target/surefire-reports for the individual test results.
[ERROR] -> [Help 1]
[ERROR] 
[ERROR] To see the full stack trace of the errors, re-run Maven with the -e switch.
[ERROR] Re-run Maven using the -X switch to enable full debug logging.
[ERROR] 
[ERROR] For more information about the errors and possible solutions, please read the following articles:
[ERROR] [Help 1] http://cwiki.apache.org/confluence/display/MAVEN/MojoFailureException
travis_time:end:06da8427:start=1435669607779632252,finish=1435669664490060414,duration=56710428162[0K
[31;1mThe command "mvn clean dependency:list test -P${PROFILE} -Dsort" exited with 1.[0m
travis_fold:start:cache.2[0Kstore build cache
travis_time:start:3b08391a[0Kchange detected: /home/travis/.m2/repository/org/springframework/data/build/spring-data-parent/1.7.0.BUILD-SNAPSHOT/resolver-status.properties
changes detected, packing new archive
uploading archive
travis_time:end:3b08391a:start=1435669664494486861,finish=1435669715963657314,duration=51469170453[0Ktravis_fold:end:cache.2[0K
Done. Your build exited with 1.
