Using worker: worker-linux-docker-b33725a4.prod.travis-ci.org:travis-linux-9

travis_fold:start:system_info[0K[33;1mBuild system information[0m
Build language: java
Build group: stable
Build dist: precise
Build id: 162367684
Job id: 162367685
travis-build version: fd1e9a5e3
[34m[1mBuild image provisioning date and time[0m
Thu Feb  5 15:09:33 UTC 2015
[34m[1mOperating System Details[0m
Distributor ID:	Ubuntu
Description:	Ubuntu 12.04.5 LTS
Release:	12.04
Codename:	precise
[34m[1mLinux Version[0m
3.13.0-29-generic
[34m[1mCookbooks Version[0m
a68419e https://github.com/travis-ci/travis-cookbooks/tree/a68419e
[34m[1mGCC version[0m
gcc (Ubuntu/Linaro 4.6.3-1ubuntu5) 4.6.3
Copyright (C) 2011 Free Software Foundation, Inc.
This is free software; see the source for copying conditions.  There is NO
warranty; not even for MERCHANTABILITY or FITNESS FOR A PARTICULAR PURPOSE.

[34m[1mLLVM version[0m
clang version 3.4 (tags/RELEASE_34/final)
Target: x86_64-unknown-linux-gnu
Thread model: posix
[34m[1mPre-installed Ruby versions[0m
ruby-1.9.3-p551
[34m[1mPre-installed Node.js versions[0m
v0.10.36
[34m[1mPre-installed Go versions[0m
1.4.1
[34m[1mRedis version[0m
redis-server 2.8.19
[34m[1mriak version[0m
2.0.2
[34m[1mMongoDB version[0m
MongoDB 2.4.12
[34m[1mCouchDB version[0m
couchdb 1.6.1
[34m[1mNeo4j version[0m
1.9.4
[34m[1mRabbitMQ Version[0m
3.4.3
[34m[1mElasticSearch version[0m
1.4.0
[34m[1mInstalled Sphinx versions[0m
2.0.10
2.1.9
2.2.6
[34m[1mDefault Sphinx version[0m
2.2.6
[34m[1mInstalled Firefox version[0m
firefox 31.0esr
[34m[1mPhantomJS version[0m
1.9.8
[34m[1mant -version[0m
Apache Ant(TM) version 1.8.2 compiled on December 3 2011
[34m[1mmvn -version[0m
Apache Maven 3.2.5 (12a6b3acb947671f09b81f49094c53f426d8cea1; 2014-12-14T17:29:23+00:00)
Maven home: /usr/local/maven
Java version: 1.7.0_76, vendor: Oracle Corporation
Java home: /usr/lib/jvm/java-7-oracle/jre
Default locale: en_US, platform encoding: ANSI_X3.4-1968
OS name: "linux", version: "3.13.0-29-generic", arch: "amd64", family: "unix"
travis_fold:end:system_info[0K
travis_fold:start:fix.CVE-2015-7547[0K$ export DEBIAN_FRONTEND=noninteractive
W: Size of file /var/lib/apt/lists/us.archive.ubuntu.com_ubuntu_dists_precise-backports_multiverse_source_Sources.gz is not what the server reported 5886 5888
W: Size of file /var/lib/apt/lists/ppa.launchpad.net_ubuntugis_ppa_ubuntu_dists_precise_main_binary-amd64_Packages.gz is not what the server reported 33653 36677
W: Size of file /var/lib/apt/lists/ppa.launchpad.net_ubuntugis_ppa_ubuntu_dists_precise_main_binary-i386_Packages.gz is not what the server reported 33699 36733
Reading package lists...
Building dependency tree...
Reading state information...
The following extra packages will be installed:
  libc-bin libc-dev-bin libc6-dev
Suggested packages:
  glibc-doc
The following packages will be upgraded:
  libc-bin libc-dev-bin libc6 libc6-dev
4 upgraded, 0 newly installed, 0 to remove and 258 not upgraded.
Need to get 8,840 kB of archives.
After this operation, 14.3 kB disk space will be freed.
Get:1 http://us.archive.ubuntu.com/ubuntu/ precise-updates/main libc6-dev amd64 2.15-0ubuntu10.15 [2,943 kB]
Get:2 http://us.archive.ubuntu.com/ubuntu/ precise-updates/main libc-dev-bin amd64 2.15-0ubuntu10.15 [84.7 kB]
Get:3 http://us.archive.ubuntu.com/ubuntu/ precise-updates/main libc-bin amd64 2.15-0ubuntu10.15 [1,177 kB]
Get:4 http://us.archive.ubuntu.com/ubuntu/ precise-updates/main libc6 amd64 2.15-0ubuntu10.15 [4,636 kB]
Fetched 8,840 kB in 0s (35.7 MB/s)
Preconfiguring packages ...
(Reading database ... (Reading database ... 5%(Reading database ... 10%(Reading database ... 15%(Reading database ... 20%(Reading database ... 25%(Reading database ... 30%(Reading database ... 35%(Reading database ... 40%(Reading database ... 45%(Reading database ... 50%(Reading database ... 55%(Reading database ... 60%(Reading database ... 65%(Reading database ... 70%(Reading database ... 75%(Reading database ... 80%(Reading database ... 85%(Reading database ... 90%(Reading database ... 95%(Reading database ... 100%(Reading database ... 72019 files and directories currently installed.)
Preparing to replace libc6-dev 2.15-0ubuntu10.10 (using .../libc6-dev_2.15-0ubuntu10.15_amd64.deb) ...
Unpacking replacement libc6-dev ...
Preparing to replace libc-dev-bin 2.15-0ubuntu10.10 (using .../libc-dev-bin_2.15-0ubuntu10.15_amd64.deb) ...
Unpacking replacement libc-dev-bin ...
Preparing to replace libc-bin 2.15-0ubuntu10.10 (using .../libc-bin_2.15-0ubuntu10.15_amd64.deb) ...
Unpacking replacement libc-bin ...
Processing triggers for man-db ...
Setting up libc-bin (2.15-0ubuntu10.15) ...
(Reading database ... (Reading database ... 5%(Reading database ... 10%(Reading database ... 15%(Reading database ... 20%(Reading database ... 25%(Reading database ... 30%(Reading database ... 35%(Reading database ... 40%(Reading database ... 45%(Reading database ... 50%(Reading database ... 55%(Reading database ... 60%(Reading database ... 65%(Reading database ... 70%(Reading database ... 75%(Reading database ... 80%(Reading database ... 85%(Reading database ... 90%(Reading database ... 95%(Reading database ... 100%(Reading database ... 72018 files and directories currently installed.)
Preparing to replace libc6 2.15-0ubuntu10.10 (using .../libc6_2.15-0ubuntu10.15_amd64.deb) ...
Unpacking replacement libc6 ...
Setting up libc6 (2.15-0ubuntu10.15) ...
Setting up libc-dev-bin (2.15-0ubuntu10.15) ...
Setting up libc6-dev (2.15-0ubuntu10.15) ...
Processing triggers for libc-bin ...
ldconfig deferred processing now taking place
travis_fold:end:fix.CVE-2015-7547[0Ktravis_fold:start:git.checkout[0Ktravis_time:start:13731198[0K$ git clone --depth=50 --branch=master https://github.com/winder/Universal-G-Code-Sender.git winder/Universal-G-Code-Sender
Cloning into 'winder/Universal-G-Code-Sender'...
remote: Counting objects: 1516, done.[K
remote: Compressing objects:   0% (1/726)   [Kremote: Compressing objects:   1% (8/726)   [Kremote: Compressing objects:   2% (15/726)   [Kremote: Compressing objects:   3% (22/726)   [Kremote: Compressing objects:   4% (30/726)   [Kremote: Compressing objects:   5% (37/726)   [Kremote: Compressing objects:   6% (44/726)   [Kremote: Compressing objects:   7% (51/726)   [Kremote: Compressing objects:   8% (59/726)   [Kremote: Compressing objects:   9% (66/726)   [Kremote: Compressing objects:  10% (73/726)   [Kremote: Compressing objects:  11% (80/726)   [Kremote: Compressing objects:  12% (88/726)   [Kremote: Compressing objects:  13% (95/726)   [Kremote: Compressing objects:  14% (102/726)   [Kremote: Compressing objects:  15% (109/726)   [Kremote: Compressing objects:  16% (117/726)   [Kremote: Compressing objects:  17% (124/726)   [Kremote: Compressing objects:  18% (131/726)   [Kremote: Compressing objects:  19% (138/726)   [Kremote: Compressing objects:  20% (146/726)   [Kremote: Compressing objects:  21% (153/726)   [Kremote: Compressing objects:  22% (160/726)   [Kremote: Compressing objects:  23% (167/726)   [Kremote: Compressing objects:  24% (175/726)   [Kremote: Compressing objects:  25% (182/726)   [Kremote: Compressing objects:  26% (189/726)   [Kremote: Compressing objects:  27% (197/726)   [Kremote: Compressing objects:  28% (204/726)   [Kremote: Compressing objects:  29% (211/726)   [Kremote: Compressing objects:  30% (218/726)   [Kremote: Compressing objects:  31% (226/726)   [Kremote: Compressing objects:  32% (233/726)   [Kremote: Compressing objects:  33% (240/726)   [Kremote: Compressing objects:  34% (247/726)   [Kremote: Compressing objects:  35% (255/726)   [Kremote: Compressing objects:  36% (262/726)   [Kremote: Compressing objects:  37% (269/726)   [Kremote: Compressing objects:  38% (276/726)   [Kremote: Compressing objects:  39% (284/726)   [Kremote: Compressing objects:  40% (291/726)   [Kremote: Compressing objects:  41% (298/726)   [Kremote: Compressing objects:  42% (305/726)   [Kremote: Compressing objects:  43% (313/726)   [Kremote: Compressing objects:  44% (320/726)   [Kremote: Compressing objects:  45% (327/726)   [Kremote: Compressing objects:  46% (334/726)   [Kremote: Compressing objects:  47% (342/726)   [Kremote: Compressing objects:  48% (349/726)   [Kremote: Compressing objects:  49% (356/726)   [Kremote: Compressing objects:  50% (363/726)   [Kremote: Compressing objects:  51% (371/726)   [Kremote: Compressing objects:  52% (378/726)   [Kremote: Compressing objects:  53% (385/726)   [Kremote: Compressing objects:  54% (393/726)   [Kremote: Compressing objects:  55% (400/726)   [Kremote: Compressing objects:  56% (407/726)   [Kremote: Compressing objects:  57% (414/726)   [Kremote: Compressing objects:  58% (422/726)   [Kremote: Compressing objects:  59% (429/726)   [Kremote: Compressing objects:  60% (436/726)   [Kremote: Compressing objects:  61% (443/726)   [Kremote: Compressing objects:  62% (451/726)   [Kremote: Compressing objects:  63% (458/726)   [Kremote: Compressing objects:  64% (465/726)   [Kremote: Compressing objects:  65% (472/726)   [Kremote: Compressing objects:  66% (480/726)   [Kremote: Compressing objects:  67% (487/726)   [Kremote: Compressing objects:  68% (494/726)   [Kremote: Compressing objects:  69% (501/726)   [Kremote: Compressing objects:  70% (509/726)   [Kremote: Compressing objects:  71% (516/726)   [Kremote: Compressing objects:  72% (523/726)   [Kremote: Compressing objects:  73% (530/726)   [Kremote: Compressing objects:  74% (538/726)   [Kremote: Compressing objects:  75% (545/726)   [Kremote: Compressing objects:  76% (552/726)   [Kremote: Compressing objects:  77% (560/726)   [Kremote: Compressing objects:  78% (567/726)   [Kremote: Compressing objects:  79% (574/726)   [Kremote: Compressing objects:  80% (581/726)   [Kremote: Compressing objects:  81% (589/726)   [Kremote: Compressing objects:  82% (596/726)   [Kremote: Compressing objects:  83% (603/726)   [Kremote: Compressing objects:  84% (610/726)   [Kremote: Compressing objects:  85% (618/726)   [Kremote: Compressing objects:  86% (625/726)   [Kremote: Compressing objects:  87% (632/726)   [Kremote: Compressing objects:  88% (639/726)   [Kremote: Compressing objects:  89% (647/726)   [Kremote: Compressing objects:  90% (654/726)   [Kremote: Compressing objects:  91% (661/726)   [Kremote: Compressing objects:  92% (668/726)   [Kremote: Compressing objects:  93% (676/726)   [Kremote: Compressing objects:  94% (683/726)   [Kremote: Compressing objects:  95% (690/726)   [Kremote: Compressing objects:  96% (697/726)   [Kremote: Compressing objects:  97% (705/726)   [Kremote: Compressing objects:  98% (712/726)   [Kremote: Compressing objects:  99% (719/726)   [Kremote: Compressing objects: 100% (726/726)   [Kremote: Compressing objects: 100% (726/726), done.[K
Receiving objects:   0% (1/1516)   Receiving objects:   1% (16/1516)   Receiving objects:   2% (31/1516)   Receiving objects:   3% (46/1516)   Receiving objects:   4% (61/1516)   Receiving objects:   5% (76/1516)   Receiving objects:   6% (91/1516)   Receiving objects:   7% (107/1516)   Receiving objects:   8% (122/1516)   Receiving objects:   9% (137/1516)   Receiving objects:  10% (152/1516)   Receiving objects:  11% (167/1516)   Receiving objects:  12% (182/1516)   Receiving objects:  13% (198/1516)   Receiving objects:  14% (213/1516)   Receiving objects:  15% (228/1516)   Receiving objects:  16% (243/1516)   Receiving objects:  17% (258/1516)   Receiving objects:  18% (273/1516)   Receiving objects:  19% (289/1516)   Receiving objects:  20% (304/1516)   Receiving objects:  21% (319/1516)   Receiving objects:  22% (334/1516)   Receiving objects:  23% (349/1516)   Receiving objects:  24% (364/1516)   Receiving objects:  25% (379/1516)   Receiving objects:  26% (395/1516)   Receiving objects:  27% (410/1516)   Receiving objects:  28% (425/1516)   Receiving objects:  29% (440/1516)   Receiving objects:  30% (455/1516)   Receiving objects:  31% (470/1516)   Receiving objects:  32% (486/1516)   Receiving objects:  33% (501/1516)   Receiving objects:  34% (516/1516)   Receiving objects:  35% (531/1516)   Receiving objects:  36% (546/1516)   Receiving objects:  37% (561/1516)   Receiving objects:  38% (577/1516)   Receiving objects:  39% (592/1516)   Receiving objects:  40% (607/1516)   Receiving objects:  41% (622/1516)   Receiving objects:  42% (637/1516)   Receiving objects:  43% (652/1516)   Receiving objects:  44% (668/1516)   Receiving objects:  45% (683/1516)   Receiving objects:  46% (698/1516)   Receiving objects:  47% (713/1516)   Receiving objects:  48% (728/1516)   Receiving objects:  49% (743/1516)   Receiving objects:  50% (758/1516)   Receiving objects:  51% (774/1516)   Receiving objects:  52% (789/1516)   Receiving objects:  53% (804/1516)   Receiving objects:  54% (819/1516)   Receiving objects:  55% (834/1516)   Receiving objects:  56% (849/1516)   Receiving objects:  57% (865/1516)   Receiving objects:  58% (880/1516)   Receiving objects:  59% (895/1516)   Receiving objects:  60% (910/1516)   Receiving objects:  61% (925/1516)   Receiving objects:  62% (940/1516)   Receiving objects:  63% (956/1516)   Receiving objects:  64% (971/1516)   Receiving objects:  65% (986/1516)   Receiving objects:  66% (1001/1516)   Receiving objects:  67% (1016/1516)   Receiving objects:  68% (1031/1516)   Receiving objects:  69% (1047/1516)   Receiving objects:  70% (1062/1516)   Receiving objects:  71% (1077/1516)   Receiving objects:  72% (1092/1516)   Receiving objects:  73% (1107/1516)   Receiving objects:  74% (1122/1516)   Receiving objects:  75% (1137/1516)   Receiving objects:  76% (1153/1516)   Receiving objects:  77% (1168/1516)   Receiving objects:  78% (1183/1516)   Receiving objects:  79% (1198/1516)   Receiving objects:  80% (1213/1516)   Receiving objects:  81% (1228/1516)   Receiving objects:  82% (1244/1516)   Receiving objects:  83% (1259/1516)   Receiving objects:  84% (1274/1516)   Receiving objects:  85% (1289/1516)   remote: Total 1516 (delta 629), reused 1153 (delta 453), pack-reused 0[K
Receiving objects:  86% (1304/1516)   Receiving objects:  87% (1319/1516)   Receiving objects:  88% (1335/1516)   Receiving objects:  89% (1350/1516)   Receiving objects:  90% (1365/1516)   Receiving objects:  91% (1380/1516)   Receiving objects:  92% (1395/1516)   Receiving objects:  93% (1410/1516)   Receiving objects:  94% (1426/1516)   Receiving objects:  95% (1441/1516)   Receiving objects:  96% (1456/1516)   Receiving objects:  97% (1471/1516)   Receiving objects:  98% (1486/1516)   Receiving objects:  99% (1501/1516)   Receiving objects: 100% (1516/1516)   Receiving objects: 100% (1516/1516), 2.27 MiB | 0 bytes/s, done.
Resolving deltas:   0% (0/629)   Resolving deltas:  10% (67/629)   Resolving deltas:  11% (75/629)   Resolving deltas:  12% (80/629)   Resolving deltas:  13% (87/629)   Resolving deltas:  15% (95/629)   Resolving deltas:  16% (102/629)   Resolving deltas:  17% (111/629)   Resolving deltas:  19% (124/629)   Resolving deltas:  20% (127/629)   Resolving deltas:  29% (184/629)   Resolving deltas:  34% (218/629)   Resolving deltas:  36% (228/629)   Resolving deltas:  39% (246/629)   Resolving deltas:  40% (252/629)   Resolving deltas:  41% (260/629)   Resolving deltas:  43% (275/629)   Resolving deltas:  44% (278/629)   Resolving deltas:  45% (289/629)   Resolving deltas:  46% (294/629)   Resolving deltas:  47% (299/629)   Resolving deltas:  48% (304/629)   Resolving deltas:  49% (309/629)   Resolving deltas:  50% (315/629)   Resolving deltas:  51% (322/629)   Resolving deltas:  52% (329/629)   Resolving deltas:  53% (335/629)   Resolving deltas:  55% (346/629)   Resolving deltas:  56% (353/629)   Resolving deltas:  57% (362/629)   Resolving deltas:  58% (365/629)   Resolving deltas:  59% (372/629)   Resolving deltas:  60% (383/629)   Resolving deltas:  61% (384/629)   Resolving deltas:  62% (390/629)   Resolving deltas:  63% (398/629)   Resolving deltas:  64% (403/629)   Resolving deltas:  65% (409/629)   Resolving deltas:  66% (417/629)   Resolving deltas:  67% (422/629)   Resolving deltas:  68% (431/629)   Resolving deltas:  69% (438/629)   Resolving deltas:  70% (446/629)   Resolving deltas:  71% (449/629)   Resolving deltas:  72% (453/629)   Resolving deltas:  75% (475/629)   Resolving deltas:  76% (481/629)   Resolving deltas:  77% (485/629)   Resolving deltas:  78% (491/629)   Resolving deltas:  79% (499/629)   Resolving deltas:  80% (506/629)   Resolving deltas:  81% (511/629)   Resolving deltas:  83% (523/629)   Resolving deltas:  86% (544/629)   Resolving deltas:  87% (551/629)   Resolving deltas:  89% (560/629)   Resolving deltas:  92% (584/629)   Resolving deltas:  93% (588/629)   Resolving deltas:  94% (596/629)   Resolving deltas:  95% (598/629)   Resolving deltas:  96% (606/629)   Resolving deltas:  97% (611/629)   Resolving deltas:  98% (622/629)   Resolving deltas:  99% (624/629)   Resolving deltas: 100% (629/629)   Resolving deltas: 100% (629/629), done.
Checking connectivity... done.

travis_time:end:13731198:start=1474685602861330037,finish=1474685603527807769,duration=666477732[0K$ cd winder/Universal-G-Code-Sender
$ git checkout -qf 2029fc7d8e93ecbb759d7ae2188d9e96a7be78af
travis_fold:end:git.checkout[0K
[33;1mThis job is running on container-based infrastructure, which does not allow use of 'sudo', setuid and setguid executables.[0m
[33;1mIf you require sudo, add 'sudo: required' to your .travis.yml[0m
[33;1mSee https://docs.travis-ci.com/user/workers/container-based-infrastructure/ for details.[0m
$ jdk_switcher use oraclejdk8
Switching to Oracle JDK8 (java-8-oracle), JAVA_HOME will be set to /usr/lib/jvm/java-8-oracle
travis_fold:start:cache.1[0KSetting up build cache
$ export CASHER_DIR=$HOME/.casher
travis_time:start:0a169fd0[0K$ Installing caching utilities

travis_time:end:0a169fd0:start=1474685605166327793,finish=1474685605215853191,duration=49525398[0Ktravis_time:start:1476da76[0K
travis_time:end:1476da76:start=1474685605220377608,finish=1474685605223389919,duration=3012311[0Ktravis_time:start:149a15fa[0K[32;1mattempting to download cache archive[0m
[32;1mfetching master/cache-linux-precise-e3b0c44298fc1c149afbf4c8996fb92427ae41e4649b934ca495991b7852b855--jdk-oraclejdk8.tgz[0m
[32;1mfound cache[0m

travis_time:end:149a15fa:start=1474685605226987186,finish=1474685607393790790,duration=2166803604[0Ktravis_time:start:016e149a[0K
travis_time:end:016e149a:start=1474685607397459611,finish=1474685607400567640,duration=3108029[0Ktravis_time:start:08947a87[0K[32;1madding /home/travis/.m2 to cache[0m

travis_time:end:08947a87:start=1474685607404166415,finish=1474685610043596753,duration=2639430338[0Ktravis_fold:end:cache.1[0K$ java -Xmx32m -version
java version "1.8.0_31"
Java(TM) SE Runtime Environment (build 1.8.0_31-b13)
Java HotSpot(TM) 64-Bit Server VM (build 25.31-b07, mixed mode)
$ javac -J-Xmx32m -version
javac 1.8.0_31
travis_fold:start:install[0Ktravis_time:start:2798929e[0K$ mvn install -DskipTests=true -Dmaven.javadoc.skip=true -B -V
Java HotSpot(TM) 64-Bit Server VM warning: ignoring option MaxPermSize=192m; support was removed in 8.0
Apache Maven 3.2.5 (12a6b3acb947671f09b81f49094c53f426d8cea1; 2014-12-14T17:29:23+00:00)
Maven home: /usr/local/maven
Java version: 1.8.0_31, vendor: Oracle Corporation
Java home: /usr/lib/jvm/java-8-oracle/jre
Default locale: en_US, platform encoding: UTF-8
OS name: "linux", version: "3.13.0-40-generic", arch: "amd64", family: "unix"
[INFO] Scanning for projects...
[INFO] ------------------------------------------------------------------------
[INFO] Reactor Build Order:
[INFO] 
[INFO] ugs-core
[INFO] ugs-platform-parent
[INFO] ugs-platform-branding
[INFO] ugs-platform-ugslib
[INFO] ugs-platform-central-lookup
[INFO] ugs-platform-visualizer
[INFO] ugs-platform-ugscore
[INFO] ugs-platform-plugin-workflow
[INFO] ugs-platform-gcode-editor
[INFO] ugs-platform-app
[INFO] UGS
[INFO]                                                                         
[INFO] ------------------------------------------------------------------------
[INFO] Building ugs-core 2.0
[INFO] ------------------------------------------------------------------------
[INFO] 
[INFO] --- jacoco-maven-plugin:0.7.5.201505241946:prepare-agent (default) @ ugs-core ---
[INFO] argLine set to -javaagent:/home/travis/.m2/repository/org/jacoco/org.jacoco.agent/0.7.5.201505241946/org.jacoco.agent-0.7.5.201505241946-runtime.jar=destfile=/home/travis/build/winder/Universal-G-Code-Sender/ugs-core/target/jacoco.exec
[INFO] 
[INFO] --- maven-resources-plugin:2.6:resources (default-resources) @ ugs-core ---
[INFO] Using 'UTF-8' encoding to copy filtered resources.
[INFO] Copying 38 resources
[INFO] Copying 1 resource
[INFO] 
[INFO] --- maven-compiler-plugin:3.1:compile (default-compile) @ ugs-core ---
[INFO] Changes detected - recompiling the module!
[INFO] Compiling 126 source files to /home/travis/build/winder/Universal-G-Code-Sender/ugs-core/target/classes
[WARNING] /home/travis/build/winder/Universal-G-Code-Sender/ugs-core/src/com/willwinder/universalgcodesender/BufferedCommunicator.java: Some input files use or override a deprecated API.
[WARNING] /home/travis/build/winder/Universal-G-Code-Sender/ugs-core/src/com/willwinder/universalgcodesender/BufferedCommunicator.java: Recompile with -Xlint:deprecation for details.
[WARNING] /home/travis/build/winder/Universal-G-Code-Sender/ugs-core/src/com/willwinder/universalgcodesender/utils/Settings.java: Some input files use unchecked or unsafe operations.
[WARNING] /home/travis/build/winder/Universal-G-Code-Sender/ugs-core/src/com/willwinder/universalgcodesender/utils/Settings.java: Recompile with -Xlint:unchecked for details.
[INFO] 
[INFO] --- maven-resources-plugin:2.6:testResources (default-testResources) @ ugs-core ---
[INFO] Using 'UTF-8' encoding to copy filtered resources.
[INFO] skip non existing resourceDirectory /home/travis/build/winder/Universal-G-Code-Sender/ugs-core/src/test/resources
[INFO] 
[INFO] --- maven-compiler-plugin:3.1:testCompile (default-testCompile) @ ugs-core ---
[INFO] Changes detected - recompiling the module!
[INFO] Compiling 21 source files to /home/travis/build/winder/Universal-G-Code-Sender/ugs-core/target/test-classes
[WARNING] /home/travis/build/winder/Universal-G-Code-Sender/ugs-core/test/com/willwinder/universalgcodesender/AbstractControllerTest.java: /home/travis/build/winder/Universal-G-Code-Sender/ugs-core/test/com/willwinder/universalgcodesender/AbstractControllerTest.java uses or overrides a deprecated API.
[WARNING] /home/travis/build/winder/Universal-G-Code-Sender/ugs-core/test/com/willwinder/universalgcodesender/AbstractControllerTest.java: Recompile with -Xlint:deprecation for details.
[INFO] 
[INFO] --- maven-surefire-plugin:2.12.4:test (default-test) @ ugs-core ---
[INFO] Tests are skipped.
[INFO] 
[INFO] --- jacoco-maven-plugin:0.7.5.201505241946:report (report) @ ugs-core ---
[INFO] Skipping JaCoCo execution due to missing execution data file:/home/travis/build/winder/Universal-G-Code-Sender/ugs-core/target/jacoco.exec
[INFO] 
[INFO] --- maven-jar-plugin:2.5:jar (default-jar) @ ugs-core ---
[INFO] Building jar: /home/travis/build/winder/Universal-G-Code-Sender/ugs-core/target/ugs-core-2.0.jar
[INFO] 
[INFO] --- maven-shade-plugin:2.4.1:shade (default) @ ugs-core ---
[INFO] Including net.glxn:qrgen:jar:1.3 in the shaded jar.
[INFO] Including org.jogamp.gluegen:gluegen-rt-main:jar:2.3.2 in the shaded jar.
[INFO] Including org.jogamp.gluegen:gluegen-rt:jar:2.3.2 in the shaded jar.
[INFO] Including org.jogamp.gluegen:gluegen-rt:jar:natives-android-aarch64:2.3.2 in the shaded jar.
[INFO] Including org.jogamp.gluegen:gluegen-rt:jar:natives-android-armv6:2.3.2 in the shaded jar.
[INFO] Including org.jogamp.gluegen:gluegen-rt:jar:natives-linux-amd64:2.3.2 in the shaded jar.
[INFO] Including org.jogamp.gluegen:gluegen-rt:jar:natives-linux-armv6:2.3.2 in the shaded jar.
[INFO] Including org.jogamp.gluegen:gluegen-rt:jar:natives-linux-armv6hf:2.3.2 in the shaded jar.
[INFO] Including org.jogamp.gluegen:gluegen-rt:jar:natives-linux-i586:2.3.2 in the shaded jar.
[INFO] Including org.jogamp.gluegen:gluegen-rt:jar:natives-macosx-universal:2.3.2 in the shaded jar.
[INFO] Including org.jogamp.gluegen:gluegen-rt:jar:natives-solaris-amd64:2.3.2 in the shaded jar.
[INFO] Including org.jogamp.gluegen:gluegen-rt:jar:natives-solaris-i586:2.3.2 in the shaded jar.
[INFO] Including org.jogamp.gluegen:gluegen-rt:jar:natives-windows-amd64:2.3.2 in the shaded jar.
[INFO] Including org.jogamp.gluegen:gluegen-rt:jar:natives-windows-i586:2.3.2 in the shaded jar.
[INFO] Including org.jogamp.jogl:jogl-all-main:jar:2.3.2 in the shaded jar.
[INFO] Including org.jogamp.jogl:jogl-all:jar:2.3.2 in the shaded jar.
[INFO] Including org.jogamp.jogl:jogl-all:jar:natives-android-aarch64:2.3.2 in the shaded jar.
[INFO] Including org.jogamp.jogl:jogl-all:jar:natives-android-armv6:2.3.2 in the shaded jar.
[INFO] Including org.jogamp.jogl:jogl-all:jar:natives-linux-amd64:2.3.2 in the shaded jar.
[INFO] Including org.jogamp.jogl:jogl-all:jar:natives-linux-armv6:2.3.2 in the shaded jar.
[INFO] Including org.jogamp.jogl:jogl-all:jar:natives-linux-armv6hf:2.3.2 in the shaded jar.
[INFO] Including org.jogamp.jogl:jogl-all:jar:natives-linux-i586:2.3.2 in the shaded jar.
[INFO] Including org.jogamp.jogl:jogl-all:jar:natives-macosx-universal:2.3.2 in the shaded jar.
[INFO] Including org.jogamp.jogl:jogl-all:jar:natives-solaris-amd64:2.3.2 in the shaded jar.
[INFO] Including org.jogamp.jogl:jogl-all:jar:natives-solaris-i586:2.3.2 in the shaded jar.
[INFO] Including org.jogamp.jogl:jogl-all:jar:natives-windows-amd64:2.3.2 in the shaded jar.
[INFO] Including org.jogamp.jogl:jogl-all:jar:natives-windows-i586:2.3.2 in the shaded jar.
[INFO] Including javax.vecmath:vecmath:jar:1.5.2 in the shaded jar.
[INFO] Including javax.media:jmf:jar:2.1.1e in the shaded jar.
[INFO] Including org.swinglabs:swing-layout:jar:1.0.3 in the shaded jar.
[INFO] Including org.eclipse.jetty:jetty-server:jar:8.1.16.v20140903 in the shaded jar.
[INFO] Including org.eclipse.jetty.orbit:javax.servlet:jar:3.0.0.v201112011016 in the shaded jar.
[INFO] Including org.eclipse.jetty:jetty-continuation:jar:8.1.16.v20140903 in the shaded jar.
[INFO] Including org.eclipse.jetty:jetty-http:jar:8.1.16.v20140903 in the shaded jar.
[INFO] Including org.eclipse.jetty:jetty-io:jar:8.1.16.v20140903 in the shaded jar.
[INFO] Including org.eclipse.jetty:jetty-util:jar:8.1.16.v20140903 in the shaded jar.
[INFO] Including com.google.code.gson:gson:jar:2.2.4 in the shaded jar.
[INFO] Including org.apache.commons:commons-lang3:jar:3.3.1 in the shaded jar.
[INFO] Including org.scream3r:jssc:jar:2.8.0 in the shaded jar.
[INFO] Including com.google.zxing:javase:jar:3.2.0 in the shaded jar.
[INFO] Including com.google.zxing:core:jar:3.2.0 in the shaded jar.
[INFO] Including com.google.guava:guava:jar:19.0 in the shaded jar.
[INFO] Including com.miglayout:miglayout:jar:3.7.4 in the shaded jar.
[INFO] Including commons-io:commons-io:jar:2.4 in the shaded jar.
[INFO] Replacing /home/travis/build/winder/Universal-G-Code-Sender/ugs-core/target/UniversalGcodeSender.jar with /home/travis/build/winder/Universal-G-Code-Sender/ugs-core/target/ugs-core-2.0-shaded.jar
[INFO] 
[INFO] --- maven-install-plugin:2.4:install (default-install) @ ugs-core ---
[INFO] Installing /home/travis/build/winder/Universal-G-Code-Sender/ugs-core/target/ugs-core-2.0.jar to /home/travis/.m2/repository/com/willwinder/universalgcodesender/ugs-core/2.0/ugs-core-2.0.jar
[INFO] Installing /home/travis/build/winder/Universal-G-Code-Sender/ugs-core/pom.xml to /home/travis/.m2/repository/com/willwinder/universalgcodesender/ugs-core/2.0/ugs-core-2.0.pom
[INFO]                                                                         
[INFO] ------------------------------------------------------------------------
[INFO] Building ugs-platform-parent 2.0-SNAPSHOT
[INFO] ------------------------------------------------------------------------
[INFO] 
[INFO] --- maven-install-plugin:2.4:install (default-install) @ ugs-platform-parent ---
[INFO] Installing /home/travis/build/winder/Universal-G-Code-Sender/ugs-platform/pom.xml to /home/travis/.m2/repository/com/willwinder/ugs-platform-parent/2.0-SNAPSHOT/ugs-platform-parent-2.0-SNAPSHOT.pom
[INFO]                                                                         
[INFO] ------------------------------------------------------------------------
[INFO] Building ugs-platform-branding 2.0-SNAPSHOT
[INFO] ------------------------------------------------------------------------
[INFO] 
[INFO] --- maven-resources-plugin:3.0.1:resources (default-resources) @ ugs-platform-branding ---
[INFO] Using 'UTF-8' encoding to copy filtered resources.
[INFO] Copying 1 resource
[INFO] 
[INFO] --- maven-compiler-plugin:2.5.1:compile (default-compile) @ ugs-platform-branding ---
[INFO] No sources to compile
[INFO] 
[INFO] --- nbm-maven-plugin:4.1:manifest (default-manifest) @ ugs-platform-branding ---
[INFO] NBM Plugin generates manifest
[INFO] 
[INFO] --- maven-resources-plugin:3.0.1:testResources (default-testResources) @ ugs-platform-branding ---
[INFO] Using 'UTF-8' encoding to copy filtered resources.
[INFO] skip non existing resourceDirectory /home/travis/build/winder/Universal-G-Code-Sender/ugs-platform/branding/src/test/resources
[INFO] 
[INFO] --- maven-compiler-plugin:2.5.1:testCompile (default-testCompile) @ ugs-platform-branding ---
[INFO] No sources to compile
[INFO] 
[INFO] --- maven-surefire-plugin:2.19.1:test (default-test) @ ugs-platform-branding ---
[INFO] Tests are skipped.
[INFO] 
[INFO] --- maven-jar-plugin:2.4:jar (default-jar) @ ugs-platform-branding ---
[INFO] Adding existing MANIFEST to archive. Found under: /home/travis/build/winder/Universal-G-Code-Sender/ugs-platform/branding/target/classes/META-INF/MANIFEST.MF
[INFO] Building jar: /home/travis/build/winder/Universal-G-Code-Sender/ugs-platform/branding/target/ugs-platform-branding-2.0-SNAPSHOT.jar
[INFO] 
[INFO] --- nbm-maven-plugin:4.1:branding (default-branding) @ ugs-platform-branding ---
[INFO] Building jar: /home/travis/build/winder/Universal-G-Code-Sender/ugs-platform/branding/target/nbm/netbeans/ugsplatform/core/locale/core_ugsplatform.jar
[INFO] Building jar: /home/travis/build/winder/Universal-G-Code-Sender/ugs-platform/branding/target/nbm/netbeans/ugsplatform/modules/locale/org-netbeans-core-windows_ugsplatform.jar
[INFO] Building jar: /home/travis/build/winder/Universal-G-Code-Sender/ugs-platform/branding/target/nbm/netbeans/ugsplatform/modules/locale/org-netbeans-core_ugsplatform.jar
[INFO] 
[INFO] --- nbm-maven-plugin:4.1:nbm (default-nbm) @ ugs-platform-branding ---
[INFO] Copying module JAR to /home/travis/build/winder/Universal-G-Code-Sender/ugs-platform/branding/target/nbm/netbeans/ugsplatform/modules
[INFO] Generating Auto Update information for com.willwinder.ugs.platform.branding
[WARNING] No updater.jar specified, cannot validate Info.xml against DTD
[INFO] Building jar: /home/travis/build/winder/Universal-G-Code-Sender/ugs-platform/branding/target/nbm/ugs-platform-branding-2.0-SNAPSHOT.nbm
[INFO] 
[INFO] --- maven-install-plugin:2.5.2:install (default-install) @ ugs-platform-branding ---
[INFO] Installing /home/travis/build/winder/Universal-G-Code-Sender/ugs-platform/branding/target/ugs-platform-branding-2.0-SNAPSHOT.jar to /home/travis/.m2/repository/com/willwinder/ugs-platform-branding/2.0-SNAPSHOT/ugs-platform-branding-2.0-SNAPSHOT.jar
[INFO] Installing /home/travis/build/winder/Universal-G-Code-Sender/ugs-platform/branding/pom.xml to /home/travis/.m2/repository/com/willwinder/ugs-platform-branding/2.0-SNAPSHOT/ugs-platform-branding-2.0-SNAPSHOT.pom
[INFO] Installing /home/travis/build/winder/Universal-G-Code-Sender/ugs-platform/branding/target/ugs-platform-branding-2.0-SNAPSHOT.nbm to /home/travis/.m2/repository/com/willwinder/ugs-platform-branding/2.0-SNAPSHOT/ugs-platform-branding-2.0-SNAPSHOT.nbm
[INFO]                                                                         
[INFO] ------------------------------------------------------------------------
[INFO] Building ugs-platform-ugslib 2.0-SNAPSHOT
[INFO] ------------------------------------------------------------------------
[INFO] 
[INFO] --- maven-resources-plugin:3.0.1:resources (default-resources) @ ugs-platform-ugslib ---
[INFO] Using 'UTF-8' encoding to copy filtered resources.
[INFO] Copying 8 resources
[INFO] 
[INFO] --- maven-compiler-plugin:2.5.1:compile (default-compile) @ ugs-platform-ugslib ---
[INFO] Compiling 11 source files to /home/travis/build/winder/Universal-G-Code-Sender/ugs-platform/ugs-platform-ugslib/target/classes
[INFO] 
[INFO] --- nbm-maven-plugin:4.1:manifest (default-manifest) @ ugs-platform-ugslib ---
[INFO] NBM Plugin generates manifest
[INFO] Adding on module's Class-Path:
[INFO]     com.willwinder.universalgcodesender:ugs-core:jar:2.0
[INFO]     net.glxn:qrgen:jar:1.3
[INFO]     org.jogamp.gluegen:gluegen-rt-main:jar:2.3.2
[INFO]     org.jogamp.gluegen:gluegen-rt:jar:2.3.2
[INFO]     org.jogamp.gluegen:gluegen-rt:jar:natives-android-aarch64:2.3.2
[INFO]     org.jogamp.gluegen:gluegen-rt:jar:natives-android-armv6:2.3.2
[INFO]     org.jogamp.gluegen:gluegen-rt:jar:natives-linux-amd64:2.3.2
[INFO]     org.jogamp.gluegen:gluegen-rt:jar:natives-linux-armv6:2.3.2
[INFO]     org.jogamp.gluegen:gluegen-rt:jar:natives-linux-armv6hf:2.3.2
[INFO]     org.jogamp.gluegen:gluegen-rt:jar:natives-linux-i586:2.3.2
[INFO]     org.jogamp.gluegen:gluegen-rt:jar:natives-macosx-universal:2.3.2
[INFO]     org.jogamp.gluegen:gluegen-rt:jar:natives-solaris-amd64:2.3.2
[INFO]     org.jogamp.gluegen:gluegen-rt:jar:natives-solaris-i586:2.3.2
[INFO]     org.jogamp.gluegen:gluegen-rt:jar:natives-windows-amd64:2.3.2
[INFO]     org.jogamp.gluegen:gluegen-rt:jar:natives-windows-i586:2.3.2
[INFO]     org.jogamp.jogl:jogl-all-main:jar:2.3.2
[INFO]     org.jogamp.jogl:jogl-all:jar:2.3.2
[INFO]     org.jogamp.jogl:jogl-all:jar:natives-android-aarch64:2.3.2
[INFO]     org.jogamp.jogl:jogl-all:jar:natives-android-armv6:2.3.2
[INFO]     org.jogamp.jogl:jogl-all:jar:natives-linux-amd64:2.3.2
[INFO]     org.jogamp.jogl:jogl-all:jar:natives-linux-armv6:2.3.2
[INFO]     org.jogamp.jogl:jogl-all:jar:natives-linux-armv6hf:2.3.2
[INFO]     org.jogamp.jogl:jogl-all:jar:natives-linux-i586:2.3.2
[INFO]     org.jogamp.jogl:jogl-all:jar:natives-macosx-universal:2.3.2
[INFO]     org.jogamp.jogl:jogl-all:jar:natives-solaris-amd64:2.3.2
[INFO]     org.jogamp.jogl:jogl-all:jar:natives-solaris-i586:2.3.2
[INFO]     org.jogamp.jogl:jogl-all:jar:natives-windows-amd64:2.3.2
[INFO]     org.jogamp.jogl:jogl-all:jar:natives-windows-i586:2.3.2
[INFO]     javax.vecmath:vecmath:jar:1.5.2
[INFO]     javax.media:jmf:jar:2.1.1e
[INFO]     org.swinglabs:swing-layout:jar:1.0.3
[INFO]     org.eclipse.jetty:jetty-server:jar:8.1.16.v20140903
[INFO]     org.eclipse.jetty.orbit:javax.servlet:jar:3.0.0.v201112011016
[INFO]     org.eclipse.jetty:jetty-continuation:jar:8.1.16.v20140903
[INFO]     org.eclipse.jetty:jetty-http:jar:8.1.16.v20140903
[INFO]     org.eclipse.jetty:jetty-io:jar:8.1.16.v20140903
[INFO]     org.eclipse.jetty:jetty-util:jar:8.1.16.v20140903
[INFO]     com.google.code.gson:gson:jar:2.2.4
[INFO]     org.apache.commons:commons-lang3:jar:3.3.1
[INFO]     org.scream3r:jssc:jar:2.8.0
[INFO]     com.google.zxing:javase:jar:3.2.0
[INFO]     com.google.zxing:core:jar:3.2.0
[INFO]     com.google.guava:guava:jar:19.0
[INFO]     com.miglayout:miglayout:jar:3.7.4
[INFO]     commons-io:commons-io:jar:2.4
[INFO] 
[INFO] --- maven-resources-plugin:3.0.1:testResources (default-testResources) @ ugs-platform-ugslib ---
[INFO] Using 'UTF-8' encoding to copy filtered resources.
[INFO] skip non existing resourceDirectory /home/travis/build/winder/Universal-G-Code-Sender/ugs-platform/ugs-platform-ugslib/src/test/resources
[INFO] 
[INFO] --- maven-compiler-plugin:2.5.1:testCompile (default-testCompile) @ ugs-platform-ugslib ---
[INFO] No sources to compile
[INFO] 
[INFO] --- maven-surefire-plugin:2.19.1:test (default-test) @ ugs-platform-ugslib ---
[INFO] Tests are skipped.
[INFO] 
[INFO] --- maven-jar-plugin:2.4:jar (default-jar) @ ugs-platform-ugslib ---
[INFO] Adding existing MANIFEST to archive. Found under: /home/travis/build/winder/Universal-G-Code-Sender/ugs-platform/ugs-platform-ugslib/target/classes/META-INF/MANIFEST.MF
[INFO] Building jar: /home/travis/build/winder/Universal-G-Code-Sender/ugs-platform/ugs-platform-ugslib/target/ugs-platform-ugslib-2.0-SNAPSHOT.jar
[INFO] 
[INFO] --- nbm-maven-plugin:4.1:branding (default-branding) @ ugs-platform-ugslib ---
[INFO] No branding to process.
[INFO] 
[INFO] --- nbm-maven-plugin:4.1:nbm (default-nbm) @ ugs-platform-ugslib ---
[INFO] Copying module JAR to /home/travis/build/winder/Universal-G-Code-Sender/ugs-platform/ugs-platform-ugslib/target/nbm/netbeans/ugsplatform/modules with manifest updates
[INFO] Generating Auto Update information for com.willwinder.ugs.platform.ugslib
[WARNING] No updater.jar specified, cannot validate Info.xml against DTD
[INFO] Building jar: /home/travis/build/winder/Universal-G-Code-Sender/ugs-platform/ugs-platform-ugslib/target/nbm/ugs-platform-ugslib-2.0-SNAPSHOT.nbm
[INFO] 
[INFO] --- maven-install-plugin:2.5.2:install (default-install) @ ugs-platform-ugslib ---
[INFO] Installing /home/travis/build/winder/Universal-G-Code-Sender/ugs-platform/ugs-platform-ugslib/target/ugs-platform-ugslib-2.0-SNAPSHOT.jar to /home/travis/.m2/repository/com/willwinder/ugs-platform-ugslib/2.0-SNAPSHOT/ugs-platform-ugslib-2.0-SNAPSHOT.jar
[INFO] Installing /home/travis/build/winder/Universal-G-Code-Sender/ugs-platform/ugs-platform-ugslib/pom.xml to /home/travis/.m2/repository/com/willwinder/ugs-platform-ugslib/2.0-SNAPSHOT/ugs-platform-ugslib-2.0-SNAPSHOT.pom
[INFO] Installing /home/travis/build/winder/Universal-G-Code-Sender/ugs-platform/ugs-platform-ugslib/target/ugs-platform-ugslib-2.0-SNAPSHOT.nbm to /home/travis/.m2/repository/com/willwinder/ugs-platform-ugslib/2.0-SNAPSHOT/ugs-platform-ugslib-2.0-SNAPSHOT.nbm
[INFO]                                                                         
[INFO] ------------------------------------------------------------------------
[INFO] Building ugs-platform-central-lookup 2.0-SNAPSHOT
[INFO] ------------------------------------------------------------------------
[INFO] 
[INFO] --- maven-resources-plugin:3.0.1:resources (default-resources) @ ugs-platform-central-lookup ---
[INFO] Using 'UTF-8' encoding to copy filtered resources.
[INFO] Copying 1 resource
[INFO] 
[INFO] --- maven-compiler-plugin:2.5.1:compile (default-compile) @ ugs-platform-central-lookup ---
[INFO] Compiling 1 source file to /home/travis/build/winder/Universal-G-Code-Sender/ugs-platform/ugs-platform-central-lookup/target/classes
[INFO] 
[INFO] --- nbm-maven-plugin:4.1:manifest (default-manifest) @ ugs-platform-central-lookup ---
[INFO] NBM Plugin generates manifest
[INFO] 
[INFO] --- maven-resources-plugin:3.0.1:testResources (default-testResources) @ ugs-platform-central-lookup ---
[INFO] Using 'UTF-8' encoding to copy filtered resources.
[INFO] skip non existing resourceDirectory /home/travis/build/winder/Universal-G-Code-Sender/ugs-platform/ugs-platform-central-lookup/src/test/resources
[INFO] 
[INFO] --- maven-compiler-plugin:2.5.1:testCompile (default-testCompile) @ ugs-platform-central-lookup ---
[INFO] No sources to compile
[INFO] 
[INFO] --- maven-surefire-plugin:2.19.1:test (default-test) @ ugs-platform-central-lookup ---
[INFO] Tests are skipped.
[INFO] 
[INFO] --- maven-jar-plugin:2.4:jar (default-jar) @ ugs-platform-central-lookup ---
[INFO] Adding existing MANIFEST to archive. Found under: /home/travis/build/winder/Universal-G-Code-Sender/ugs-platform/ugs-platform-central-lookup/target/classes/META-INF/MANIFEST.MF
[INFO] Building jar: /home/travis/build/winder/Universal-G-Code-Sender/ugs-platform/ugs-platform-central-lookup/target/ugs-platform-central-lookup-2.0-SNAPSHOT.jar
[INFO] 
[INFO] --- nbm-maven-plugin:4.1:branding (default-branding) @ ugs-platform-central-lookup ---
[INFO] No branding to process.
[INFO] 
[INFO] --- nbm-maven-plugin:4.1:nbm (default-nbm) @ ugs-platform-central-lookup ---
[INFO] Copying module JAR to /home/travis/build/winder/Universal-G-Code-Sender/ugs-platform/ugs-platform-central-lookup/target/nbm/netbeans/ugsplatform/modules
[INFO] Generating Auto Update information for com.willwinder.ugs.platform.central.lookup
[WARNING] No updater.jar specified, cannot validate Info.xml against DTD
[INFO] Building jar: /home/travis/build/winder/Universal-G-Code-Sender/ugs-platform/ugs-platform-central-lookup/target/nbm/ugs-platform-central-lookup-2.0-SNAPSHOT.nbm
[INFO] 
[INFO] --- maven-install-plugin:2.5.2:install (default-install) @ ugs-platform-central-lookup ---
[INFO] Installing /home/travis/build/winder/Universal-G-Code-Sender/ugs-platform/ugs-platform-central-lookup/target/ugs-platform-central-lookup-2.0-SNAPSHOT.jar to /home/travis/.m2/repository/com/willwinder/ugs-platform-central-lookup/2.0-SNAPSHOT/ugs-platform-central-lookup-2.0-SNAPSHOT.jar
[INFO] Installing /home/travis/build/winder/Universal-G-Code-Sender/ugs-platform/ugs-platform-central-lookup/pom.xml to /home/travis/.m2/repository/com/willwinder/ugs-platform-central-lookup/2.0-SNAPSHOT/ugs-platform-central-lookup-2.0-SNAPSHOT.pom
[INFO] Installing /home/travis/build/winder/Universal-G-Code-Sender/ugs-platform/ugs-platform-central-lookup/target/ugs-platform-central-lookup-2.0-SNAPSHOT.nbm to /home/travis/.m2/repository/com/willwinder/ugs-platform-central-lookup/2.0-SNAPSHOT/ugs-platform-central-lookup-2.0-SNAPSHOT.nbm
[INFO]                                                                         
[INFO] ------------------------------------------------------------------------
[INFO] Building ugs-platform-visualizer 2.0-SNAPSHOT
[INFO] ------------------------------------------------------------------------
[INFO] 
[INFO] --- maven-resources-plugin:3.0.1:resources (default-resources) @ ugs-platform-visualizer ---
[INFO] Using 'UTF-8' encoding to copy filtered resources.
[INFO] Copying 1 resource
[INFO] 
[INFO] --- maven-compiler-plugin:2.5.1:compile (default-compile) @ ugs-platform-visualizer ---
[INFO] Compiling 17 source files to /home/travis/build/winder/Universal-G-Code-Sender/ugs-platform/ugs-platform-visualizer/target/classes
[INFO] 
[INFO] --- nbm-maven-plugin:4.1:manifest (default-manifest) @ ugs-platform-visualizer ---
[INFO] NBM Plugin generates manifest
[INFO] 
[INFO] --- maven-resources-plugin:3.0.1:testResources (default-testResources) @ ugs-platform-visualizer ---
[INFO] Using 'UTF-8' encoding to copy filtered resources.
[INFO] skip non existing resourceDirectory /home/travis/build/winder/Universal-G-Code-Sender/ugs-platform/ugs-platform-visualizer/src/test/resources
[INFO] 
[INFO] --- maven-compiler-plugin:2.5.1:testCompile (default-testCompile) @ ugs-platform-visualizer ---
[INFO] No sources to compile
[INFO] 
[INFO] --- maven-surefire-plugin:2.19.1:test (default-test) @ ugs-platform-visualizer ---
[INFO] Tests are skipped.
[INFO] 
[INFO] --- maven-jar-plugin:2.4:jar (default-jar) @ ugs-platform-visualizer ---
[INFO] Adding existing MANIFEST to archive. Found under: /home/travis/build/winder/Universal-G-Code-Sender/ugs-platform/ugs-platform-visualizer/target/classes/META-INF/MANIFEST.MF
[INFO] Building jar: /home/travis/build/winder/Universal-G-Code-Sender/ugs-platform/ugs-platform-visualizer/target/ugs-platform-visualizer-2.0-SNAPSHOT.jar
[INFO] 
[INFO] --- nbm-maven-plugin:4.1:branding (default-branding) @ ugs-platform-visualizer ---
[INFO] No branding to process.
[INFO] 
[INFO] --- nbm-maven-plugin:4.1:nbm (default-nbm) @ ugs-platform-visualizer ---
[INFO] Copying module JAR to /home/travis/build/winder/Universal-G-Code-Sender/ugs-platform/ugs-platform-visualizer/target/nbm/netbeans/ugsplatform/modules
[INFO] Generating Auto Update information for com.willwinder.ugs.platform.visualizer
[WARNING] No updater.jar specified, cannot validate Info.xml against DTD
[INFO] Building jar: /home/travis/build/winder/Universal-G-Code-Sender/ugs-platform/ugs-platform-visualizer/target/nbm/ugs-platform-visualizer-2.0-SNAPSHOT.nbm
[INFO] 
[INFO] --- maven-install-plugin:2.5.2:install (default-install) @ ugs-platform-visualizer ---
[INFO] Installing /home/travis/build/winder/Universal-G-Code-Sender/ugs-platform/ugs-platform-visualizer/target/ugs-platform-visualizer-2.0-SNAPSHOT.jar to /home/travis/.m2/repository/com/willwinder/ugs-platform-visualizer/2.0-SNAPSHOT/ugs-platform-visualizer-2.0-SNAPSHOT.jar
[INFO] Installing /home/travis/build/winder/Universal-G-Code-Sender/ugs-platform/ugs-platform-visualizer/pom.xml to /home/travis/.m2/repository/com/willwinder/ugs-platform-visualizer/2.0-SNAPSHOT/ugs-platform-visualizer-2.0-SNAPSHOT.pom
[INFO] Installing /home/travis/build/winder/Universal-G-Code-Sender/ugs-platform/ugs-platform-visualizer/target/ugs-platform-visualizer-2.0-SNAPSHOT.nbm to /home/travis/.m2/repository/com/willwinder/ugs-platform-visualizer/2.0-SNAPSHOT/ugs-platform-visualizer-2.0-SNAPSHOT.nbm
[INFO]                                                                         
[INFO] ------------------------------------------------------------------------
[INFO] Building ugs-platform-ugscore 2.0-SNAPSHOT
[INFO] ------------------------------------------------------------------------
[INFO] 
[INFO] --- maven-resources-plugin:3.0.1:resources (default-resources) @ ugs-platform-ugscore ---
[INFO] Using 'UTF-8' encoding to copy filtered resources.
[INFO] Copying 8 resources
[INFO] 
[INFO] --- maven-compiler-plugin:2.3.2:compile (default-compile) @ ugs-platform-ugscore ---
[INFO] Compiling 36 source files to /home/travis/build/winder/Universal-G-Code-Sender/ugs-platform/ugs-platform-ugscore/target/classes
[INFO] 
[INFO] --- nbm-maven-plugin:4.1:manifest (default-manifest) @ ugs-platform-ugscore ---
[INFO] NBM Plugin generates manifest
[INFO] 
[INFO] --- maven-resources-plugin:3.0.1:testResources (default-testResources) @ ugs-platform-ugscore ---
[INFO] Using 'UTF-8' encoding to copy filtered resources.
[INFO] skip non existing resourceDirectory /home/travis/build/winder/Universal-G-Code-Sender/ugs-platform/ugs-platform-ugscore/src/test/resources
[INFO] 
[INFO] --- maven-compiler-plugin:2.3.2:testCompile (default-testCompile) @ ugs-platform-ugscore ---
[INFO] No sources to compile
[INFO] 
[INFO] --- maven-surefire-plugin:2.19.1:test (default-test) @ ugs-platform-ugscore ---
[INFO] Tests are skipped.
[INFO] 
[INFO] --- maven-jar-plugin:2.4:jar (default-jar) @ ugs-platform-ugscore ---
[INFO] Adding existing MANIFEST to archive. Found under: /home/travis/build/winder/Universal-G-Code-Sender/ugs-platform/ugs-platform-ugscore/target/classes/META-INF/MANIFEST.MF
[INFO] Building jar: /home/travis/build/winder/Universal-G-Code-Sender/ugs-platform/ugs-platform-ugscore/target/ugs-platform-ugscore-2.0-SNAPSHOT.jar
[INFO] 
[INFO] --- nbm-maven-plugin:4.1:branding (default-branding) @ ugs-platform-ugscore ---
[INFO] No branding to process.
[INFO] 
[INFO] --- nbm-maven-plugin:4.1:nbm (default-nbm) @ ugs-platform-ugscore ---
[INFO] Copying module JAR to /home/travis/build/winder/Universal-G-Code-Sender/ugs-platform/ugs-platform-ugscore/target/nbm/netbeans/ugsplatform/modules
[INFO] Generating Auto Update information for com.willwinder.ugs.platform.ugscore
[WARNING] No updater.jar specified, cannot validate Info.xml against DTD
[INFO] Building jar: /home/travis/build/winder/Universal-G-Code-Sender/ugs-platform/ugs-platform-ugscore/target/nbm/ugs-platform-ugscore-2.0-SNAPSHOT.nbm
[INFO] 
[INFO] --- maven-install-plugin:2.5.2:install (default-install) @ ugs-platform-ugscore ---
[INFO] Installing /home/travis/build/winder/Universal-G-Code-Sender/ugs-platform/ugs-platform-ugscore/target/ugs-platform-ugscore-2.0-SNAPSHOT.jar to /home/travis/.m2/repository/com/willwinder/ugs-platform-ugscore/2.0-SNAPSHOT/ugs-platform-ugscore-2.0-SNAPSHOT.jar
[INFO] Installing /home/travis/build/winder/Universal-G-Code-Sender/ugs-platform/ugs-platform-ugscore/pom.xml to /home/travis/.m2/repository/com/willwinder/ugs-platform-ugscore/2.0-SNAPSHOT/ugs-platform-ugscore-2.0-SNAPSHOT.pom
[INFO] Installing /home/travis/build/winder/Universal-G-Code-Sender/ugs-platform/ugs-platform-ugscore/target/ugs-platform-ugscore-2.0-SNAPSHOT.nbm to /home/travis/.m2/repository/com/willwinder/ugs-platform-ugscore/2.0-SNAPSHOT/ugs-platform-ugscore-2.0-SNAPSHOT.nbm
[INFO]                                                                         
[INFO] ------------------------------------------------------------------------
[INFO] Building ugs-platform-plugin-workflow 2.0-SNAPSHOT
[INFO] ------------------------------------------------------------------------
[INFO] 
[INFO] --- maven-resources-plugin:3.0.1:resources (default-resources) @ ugs-platform-plugin-workflow ---
[INFO] Using 'UTF-8' encoding to copy filtered resources.
[INFO] Copying 3 resources
[INFO] 
[INFO] --- maven-compiler-plugin:2.3.2:compile (default-compile) @ ugs-platform-plugin-workflow ---
[INFO] Compiling 1 source file to /home/travis/build/winder/Universal-G-Code-Sender/ugs-platform/ugs-platform-plugin-workflow/target/classes
[INFO] 
[INFO] --- nbm-maven-plugin:4.1:manifest (default-manifest) @ ugs-platform-plugin-workflow ---
[INFO] NBM Plugin generates manifest
[INFO] 
[INFO] --- maven-resources-plugin:3.0.1:testResources (default-testResources) @ ugs-platform-plugin-workflow ---
[INFO] Using 'UTF-8' encoding to copy filtered resources.
[INFO] skip non existing resourceDirectory /home/travis/build/winder/Universal-G-Code-Sender/ugs-platform/ugs-platform-plugin-workflow/src/test/resources
[INFO] 
[INFO] --- maven-compiler-plugin:2.3.2:testCompile (default-testCompile) @ ugs-platform-plugin-workflow ---
[INFO] No sources to compile
[INFO] 
[INFO] --- maven-surefire-plugin:2.19.1:test (default-test) @ ugs-platform-plugin-workflow ---
[INFO] Tests are skipped.
[INFO] 
[INFO] --- maven-jar-plugin:2.4:jar (default-jar) @ ugs-platform-plugin-workflow ---
[INFO] Adding existing MANIFEST to archive. Found under: /home/travis/build/winder/Universal-G-Code-Sender/ugs-platform/ugs-platform-plugin-workflow/target/classes/META-INF/MANIFEST.MF
[INFO] Building jar: /home/travis/build/winder/Universal-G-Code-Sender/ugs-platform/ugs-platform-plugin-workflow/target/ugs-platform-plugin-workflow-2.0-SNAPSHOT.jar
[INFO] 
[INFO] --- nbm-maven-plugin:4.1:branding (default-branding) @ ugs-platform-plugin-workflow ---
[INFO] No branding to process.
[INFO] 
[INFO] --- nbm-maven-plugin:4.1:nbm (default-nbm) @ ugs-platform-plugin-workflow ---
[INFO] Copying module JAR to /home/travis/build/winder/Universal-G-Code-Sender/ugs-platform/ugs-platform-plugin-workflow/target/nbm/netbeans/ugsplatform/modules
[INFO] Generating Auto Update information for com.willwinder.ugs.platform.plugin.workflow
[WARNING] No updater.jar specified, cannot validate Info.xml against DTD
[INFO] Building jar: /home/travis/build/winder/Universal-G-Code-Sender/ugs-platform/ugs-platform-plugin-workflow/target/nbm/ugs-platform-plugin-workflow-2.0-SNAPSHOT.nbm
[INFO] 
[INFO] --- maven-install-plugin:2.5.2:install (default-install) @ ugs-platform-plugin-workflow ---
[INFO] Installing /home/travis/build/winder/Universal-G-Code-Sender/ugs-platform/ugs-platform-plugin-workflow/target/ugs-platform-plugin-workflow-2.0-SNAPSHOT.jar to /home/travis/.m2/repository/com/willwinder/ugs-platform-plugin-workflow/2.0-SNAPSHOT/ugs-platform-plugin-workflow-2.0-SNAPSHOT.jar
[INFO] Installing /home/travis/build/winder/Universal-G-Code-Sender/ugs-platform/ugs-platform-plugin-workflow/pom.xml to /home/travis/.m2/repository/com/willwinder/ugs-platform-plugin-workflow/2.0-SNAPSHOT/ugs-platform-plugin-workflow-2.0-SNAPSHOT.pom
[INFO] Installing /home/travis/build/winder/Universal-G-Code-Sender/ugs-platform/ugs-platform-plugin-workflow/target/ugs-platform-plugin-workflow-2.0-SNAPSHOT.nbm to /home/travis/.m2/repository/com/willwinder/ugs-platform-plugin-workflow/2.0-SNAPSHOT/ugs-platform-plugin-workflow-2.0-SNAPSHOT.nbm
[INFO]                                                                         
[INFO] ------------------------------------------------------------------------
[INFO] Building ugs-platform-gcode-editor 2.0-SNAPSHOT
[INFO] ------------------------------------------------------------------------
[INFO] 
[INFO] --- maven-resources-plugin:3.0.1:resources (default-resources) @ ugs-platform-gcode-editor ---
[INFO] Using 'UTF-8' encoding to copy filtered resources.
[INFO] Copying 3 resources
[INFO] 
[INFO] --- maven-compiler-plugin:2.5.1:compile (default-compile) @ ugs-platform-gcode-editor ---
[INFO] Compiling 5 source files to /home/travis/build/winder/Universal-G-Code-Sender/ugs-platform/ugs-platform-gcode-editor/target/classes
[INFO] 
[INFO] --- nbm-maven-plugin:4.1:manifest (default-manifest) @ ugs-platform-gcode-editor ---
[INFO] NBM Plugin generates manifest
[INFO] 
[INFO] --- maven-resources-plugin:3.0.1:testResources (default-testResources) @ ugs-platform-gcode-editor ---
[INFO] Using 'UTF-8' encoding to copy filtered resources.
[INFO] skip non existing resourceDirectory /home/travis/build/winder/Universal-G-Code-Sender/ugs-platform/ugs-platform-gcode-editor/src/test/resources
[INFO] 
[INFO] --- maven-compiler-plugin:2.5.1:testCompile (default-testCompile) @ ugs-platform-gcode-editor ---
[INFO] No sources to compile
[INFO] 
[INFO] --- maven-surefire-plugin:2.19.1:test (default-test) @ ugs-platform-gcode-editor ---
[INFO] Tests are skipped.
[INFO] 
[INFO] --- maven-jar-plugin:2.4:jar (default-jar) @ ugs-platform-gcode-editor ---
[INFO] Adding existing MANIFEST to archive. Found under: /home/travis/build/winder/Universal-G-Code-Sender/ugs-platform/ugs-platform-gcode-editor/target/classes/META-INF/MANIFEST.MF
[INFO] Building jar: /home/travis/build/winder/Universal-G-Code-Sender/ugs-platform/ugs-platform-gcode-editor/target/ugs-platform-gcode-editor-2.0-SNAPSHOT.jar
[INFO] 
[INFO] --- nbm-maven-plugin:4.1:branding (default-branding) @ ugs-platform-gcode-editor ---
[INFO] No branding to process.
[INFO] 
[INFO] --- nbm-maven-plugin:4.1:nbm (default-nbm) @ ugs-platform-gcode-editor ---
[INFO] Copying module JAR to /home/travis/build/winder/Universal-G-Code-Sender/ugs-platform/ugs-platform-gcode-editor/target/nbm/netbeans/ugsplatform/modules
[INFO] Generating Auto Update information for com.willwinder.ugs.platform.gcode.editor
[WARNING] No updater.jar specified, cannot validate Info.xml against DTD
[INFO] Building jar: /home/travis/build/winder/Universal-G-Code-Sender/ugs-platform/ugs-platform-gcode-editor/target/nbm/ugs-platform-gcode-editor-2.0-SNAPSHOT.nbm
[INFO] 
[INFO] --- maven-install-plugin:2.5.2:install (default-install) @ ugs-platform-gcode-editor ---
[INFO] Installing /home/travis/build/winder/Universal-G-Code-Sender/ugs-platform/ugs-platform-gcode-editor/target/ugs-platform-gcode-editor-2.0-SNAPSHOT.jar to /home/travis/.m2/repository/com/willwinder/ugs-platform-gcode-editor/2.0-SNAPSHOT/ugs-platform-gcode-editor-2.0-SNAPSHOT.jar
[INFO] Installing /home/travis/build/winder/Universal-G-Code-Sender/ugs-platform/ugs-platform-gcode-editor/pom.xml to /home/travis/.m2/repository/com/willwinder/ugs-platform-gcode-editor/2.0-SNAPSHOT/ugs-platform-gcode-editor-2.0-SNAPSHOT.pom
[INFO] Installing /home/travis/build/winder/Universal-G-Code-Sender/ugs-platform/ugs-platform-gcode-editor/target/ugs-platform-gcode-editor-2.0-SNAPSHOT.nbm to /home/travis/.m2/repository/com/willwinder/ugs-platform-gcode-editor/2.0-SNAPSHOT/ugs-platform-gcode-editor-2.0-SNAPSHOT.nbm
[INFO]                                                                         
[INFO] ------------------------------------------------------------------------
[INFO] Building ugs-platform-app 2.0-SNAPSHOT
[INFO] ------------------------------------------------------------------------
[INFO] 
[INFO] --- maven-resources-plugin:3.0.1:testResources (default-testResources) @ ugs-platform-app ---
[INFO] Using 'UTF-8' encoding to copy filtered resources.
[INFO] skip non existing resourceDirectory /home/travis/build/winder/Universal-G-Code-Sender/ugs-platform/application/src/test/resources
[INFO] 
[INFO] --- maven-compiler-plugin:2.5.1:testCompile (default-testCompile) @ ugs-platform-app ---
[INFO] Compiling 1 source file to /home/travis/build/winder/Universal-G-Code-Sender/ugs-platform/application/target/test-classes
[INFO] 
[INFO] --- nbm-maven-plugin:4.1:cluster-app (default-cluster-app) @ ugs-platform-app ---
[INFO] Generating Auto Update information for org.netbeans.core.startup.base
[INFO] Generating Auto Update information for org.netbeans.core.startup
[INFO] Generating Auto Update information for org.netbeans.libs.asm
[INFO] Generating Auto Update information for org.openide.filesystems.compat8
[INFO] Generating Auto Update information for org.openide.filesystems
[INFO] Generating Auto Update information for org.netbeans.bootstrap
[INFO] Generating Auto Update information for org.openide.modules
[INFO] Generating Auto Update information for org.openide.util.lookup
[INFO] Generating Auto Update information for org.openide.util.ui
[INFO] Generating Auto Update information for org.openide.util
[INFO] Generating Auto Update information for org.jdesktop.layout
[INFO] Generating Auto Update information for org.netbeans.api.annotations.common
[INFO] Generating Auto Update information for org.netbeans.api.htmlui
[INFO] Generating Auto Update information for org.netbeans.api.intent
[INFO] Generating Auto Update information for org.netbeans.api.io
[INFO] Generating Auto Update information for org.netbeans.api.progress.compat8
[INFO] Generating Auto Update information for org.netbeans.api.progress.nb
[INFO] Generating Auto Update information for org.netbeans.api.progress
[INFO] Generating Auto Update information for org.netbeans.api.search
[INFO] Generating Auto Update information for org.netbeans.api.templates
[INFO] Generating Auto Update information for org.netbeans.api.visual
[INFO] Generating Auto Update information for org.netbeans.core.execution
[INFO] Generating Auto Update information for org.netbeans.core.io.ui
[INFO] Generating Auto Update information for org.netbeans.core.multitabs
[INFO] Generating Auto Update information for org.netbeans.core.multiview
[INFO] Generating Auto Update information for org.netbeans.core.nativeaccess
[INFO] Generating Auto Update information for org.netbeans.core.netigso
[INFO] Generating Auto Update information for org.netbeans.core.network
[INFO] Generating Auto Update information for org.netbeans.core.osgi
[INFO] Generating Auto Update information for org.netbeans.core.output2
[INFO] Generating Auto Update information for org.netbeans.core.ui
[INFO] Generating Auto Update information for org.netbeans.core.windows
[INFO] Generating Auto Update information for org.netbeans.core
[INFO] Generating Auto Update information for org.netbeans.lib.uihandler
[INFO] Generating Auto Update information for org.netbeans.libs.felix
[INFO] Generating Auto Update information for org.netbeans.libs.javafx
[INFO] Generating Auto Update information for org.netbeans.libs.jna.platform
[INFO] Generating Auto Update information for org.netbeans.libs.jna
[INFO] Generating Auto Update information for org.netbeans.libs.jsr223
[INFO] Generating Auto Update information for org.netbeans.libs.junit4
[INFO] Generating Auto Update information for org.netbeans.libs.osgi
[INFO] Generating Auto Update information for org.netbeans.libs.testng
[INFO] Generating Auto Update information for org.netbeans.modules.applemenu
[INFO] Generating Auto Update information for org.netbeans.modules.autoupdate.cli
[INFO] Generating Auto Update information for org.netbeans.modules.autoupdate.services
[INFO] Generating Auto Update information for org.netbeans.modules.autoupdate.ui
[INFO] Generating Auto Update information for org.netbeans.modules.core.kit
[INFO] Generating Auto Update information for org.netbeans.modules.editor.mimelookup.impl
[INFO] Generating Auto Update information for org.netbeans.modules.editor.mimelookup
[INFO] Generating Auto Update information for org.netbeans.modules.favorites
[INFO] Generating Auto Update information for org.netbeans.modules.javahelp
[INFO] Generating Auto Update information for org.netbeans.modules.junitlib
[INFO] Generating Auto Update information for org.netbeans.modules.keyring.fallback
[INFO] Generating Auto Update information for org.netbeans.modules.keyring.impl
[INFO] Generating Auto Update information for org.netbeans.modules.keyring
[INFO] Generating Auto Update information for org.netbeans.modules.masterfs.linux
[INFO] Generating Auto Update information for org.netbeans.modules.masterfs.macosx
[INFO] Generating Auto Update information for org.netbeans.modules.masterfs.nio2
[INFO] Generating Auto Update information for org.netbeans.modules.masterfs.ui
[INFO] Generating Auto Update information for org.netbeans.modules.masterfs.windows
[INFO] Generating Auto Update information for org.netbeans.modules.masterfs
[INFO] Generating Auto Update information for org.netbeans.modules.netbinox
[INFO] Generating Auto Update information for org.netbeans.modules.options.api
[INFO] Generating Auto Update information for org.netbeans.modules.options.keymap
[INFO] Generating Auto Update information for org.netbeans.modules.print
[INFO] Generating Auto Update information for org.netbeans.modules.progress.ui
[INFO] Generating Auto Update information for org.netbeans.modules.queries
[INFO] Generating Auto Update information for org.netbeans.modules.sampler
[INFO] Generating Auto Update information for org.netbeans.modules.sendopts
[INFO] Generating Auto Update information for org.netbeans.modules.settings
[INFO] Generating Auto Update information for org.netbeans.modules.spi.actions
[INFO] Generating Auto Update information for org.netbeans.modules.templates
[INFO] Generating Auto Update information for org.netbeans.modules.templatesui
[INFO] Generating Auto Update information for org.netbeans.modules.uihandler
[INFO] Generating Auto Update information for org.netbeans.spi.quicksearch
[INFO] Generating Auto Update information for org.netbeans.swing.outline
[INFO] Generating Auto Update information for org.netbeans.swing.plaf
[INFO] Generating Auto Update information for org.netbeans.swing.tabcontrol
[INFO] Generating Auto Update information for org.openide.actions
[INFO] Generating Auto Update information for org.openide.awt
[INFO] Generating Auto Update information for org.openide.compat
[INFO] Generating Auto Update information for org.openide.dialogs
[INFO] Generating Auto Update information for org.openide.execution.compat8
[INFO] Generating Auto Update information for org.openide.execution
[INFO] Generating Auto Update information for org.openide.explorer
[INFO] Generating Auto Update information for org.openide.filesystems.nb
[INFO] Generating Auto Update information for org.openide.io
[INFO] Generating Auto Update information for org.openide.loaders
[INFO] Generating Auto Update information for org.openide.nodes
[INFO] Generating Auto Update information for org.openide.options
[INFO] Generating Auto Update information for org.openide.text
[INFO] Generating Auto Update information for org.openide.util.enumerations
[INFO] Generating Auto Update information for org.openide.windows
[INFO] Generating Auto Update information for com.willwinder.ugs.platform.branding
[INFO] Generating Auto Update information for org.netbeans.api.annotations.common
[INFO] Generating Auto Update information for com.willwinder.ugs.platform.central.lookup
[INFO] Generating Auto Update information for org.openide.util.lookup
[INFO] Generating Auto Update information for com.willwinder.ugs.platform.visualizer
[INFO] Generating Auto Update information for org.netbeans.modules.settings
[INFO] Generating Auto Update information for org.netbeans.bootstrap
[INFO] Generating Auto Update information for org.netbeans.core.startup
[INFO] Generating Auto Update information for org.netbeans.libs.asm
[INFO] Generating Auto Update information for org.netbeans.core.startup.base
[INFO] Generating Auto Update information for org.openide.actions
[INFO] Generating Auto Update information for org.openide.filesystems.nb
[INFO] Generating Auto Update information for org.openide.modules
[INFO] Generating Auto Update information for org.openide.util
[INFO] Generating Auto Update information for org.openide.windows
[INFO] Generating Auto Update information for com.willwinder.ugs.platform.ugscore
[INFO] Generating Auto Update information for org.openide.awt
[INFO] Generating Auto Update information for org.openide.filesystems
[INFO] Generating Auto Update information for org.openide.util.ui
[INFO] Generating Auto Update information for org.netbeans.modules.options.api
[INFO] Generating Auto Update information for org.netbeans.api.progress
[INFO] Generating Auto Update information for org.netbeans.api.progress.nb
[INFO] Generating Auto Update information for org.netbeans.core
[INFO] Generating Auto Update information for org.netbeans.modules.keyring
[INFO] Generating Auto Update information for org.netbeans.modules.sampler
[INFO] Generating Auto Update information for org.netbeans.swing.plaf
[INFO] Generating Auto Update information for org.openide.io
[INFO] Generating Auto Update information for org.netbeans.api.intent
[INFO] Generating Auto Update information for org.netbeans.api.io
[INFO] Generating Auto Update information for org.netbeans.spi.quicksearch
[INFO] Generating Auto Update information for org.netbeans.swing.outline
[INFO] Generating Auto Update information for org.openide.explorer
[INFO] Generating Auto Update information for org.netbeans.swing.tabcontrol
[INFO] Generating Auto Update information for org.openide.dialogs
[INFO] Generating Auto Update information for org.netbeans.modules.sendopts
[INFO] Generating Auto Update information for com.willwinder.ugs.platform.ugslib
[INFO] Generating Auto Update information for com.willwinder.ugs.platform.plugin.workflow
[INFO] Generating Auto Update information for com.willwinder.ugs.platform.gcode.editor
[INFO] Generating Auto Update information for org.openide.nodes
[INFO] Generating Auto Update information for org.openide.text
[INFO] Generating Auto Update information for org.netbeans.modules.editor.mimelookup
[INFO] Generating Auto Update information for org.openide.loaders
[INFO] Generating Auto Update information for org.netbeans.modules.queries
[INFO] Generating Auto Update information for org.netbeans.api.templates
[INFO] Generating Auto Update information for org.netbeans.core.multiview
[INFO] Generating Auto Update information for org.netbeans.modules.masterfs.ui
[INFO] Generating Auto Update information for org.netbeans.modules.masterfs
[INFO] Generating Auto Update information for org.netbeans.modules.editor.util
[INFO] Generating Auto Update information for org.netbeans.modules.editor.plain
[INFO] Generating Auto Update information for org.netbeans.modules.editor
[INFO] Generating Auto Update information for org.netbeans.modules.editor.fold.nbui
[INFO] Generating Auto Update information for org.netbeans.modules.editor.settings.storage
[INFO] Generating Auto Update information for org.netbeans.modules.options.keymap
[INFO] Generating Auto Update information for org.netbeans.modules.editor.guards
[INFO] Generating Auto Update information for org.netbeans.modules.editor.indent
[INFO] Generating Auto Update information for org.netbeans.modules.lexer
[INFO] Generating Auto Update information for org.netbeans.modules.editor.lib
[INFO] Generating Auto Update information for org.netbeans.modules.editor.plain.lib
[INFO] Generating Auto Update information for org.netbeans.modules.editor.actions
[INFO] Generating Auto Update information for org.netbeans.modules.editor.document
[INFO] Generating Auto Update information for org.netbeans.modules.editor.fold
[INFO] Generating Auto Update information for org.netbeans.modules.editor.settings.lib
[INFO] Generating Auto Update information for org.netbeans.modules.editor.lib2
[INFO] Generating Auto Update information for org.netbeans.modules.editor.settings
[INFO] Integrity verification passed.
[INFO] Copying org.netbeans.external:net-java-html-boot-fx:jar:RELEASE81 to cluster platform
[INFO] Copying org.netbeans.external:net-java-html-boot-script:jar:RELEASE81 to cluster extra
[INFO] Copying org.netbeans.external:net-java-html-boot:jar:RELEASE81 to cluster platform
[INFO] Copying org.netbeans.external:net-java-html-geo:jar:RELEASE81 to cluster extra
[INFO] Copying org.netbeans.external:net-java-html-json:jar:RELEASE81 to cluster platform
[INFO] Copying org.netbeans.external:net-java-html-sound:jar:RELEASE81 to cluster extra
[INFO] Copying org.netbeans.external:net-java-html:jar:RELEASE81 to cluster platform
[INFO] Copying org.netbeans.external:org-netbeans-html-ko4j:jar:RELEASE81 to cluster platform
[INFO] Created NetBeans module cluster(s) at /home/travis/build/winder/Universal-G-Code-Sender/ugs-platform/application/target/ugsplatform
[INFO] 
[INFO] --- nbm-maven-plugin:4.1:standalone-zip (default-standalone-zip) @ ugs-platform-app ---
[INFO] Building zip: /home/travis/build/winder/Universal-G-Code-Sender/ugs-platform/application/target/ugs-platform-app-2.0-SNAPSHOT.zip
[INFO] 
[INFO] --- maven-surefire-plugin:2.12.2:test (default-test) @ ugs-platform-app ---
[INFO] Tests are skipped.
[INFO] 
[INFO] --- maven-install-plugin:2.5.2:install (default-install) @ ugs-platform-app ---
[INFO] Installing /home/travis/build/winder/Universal-G-Code-Sender/ugs-platform/application/target/ugs-platform-app-2.0-SNAPSHOT.zip to /home/travis/.m2/repository/com/willwinder/ugs-platform-app/2.0-SNAPSHOT/ugs-platform-app-2.0-SNAPSHOT.zip
[INFO] Installing /home/travis/build/winder/Universal-G-Code-Sender/ugs-platform/application/pom.xml to /home/travis/.m2/repository/com/willwinder/ugs-platform-app/2.0-SNAPSHOT/ugs-platform-app-2.0-SNAPSHOT.pom
[INFO]                                                                         
[INFO] ------------------------------------------------------------------------
[INFO] Building UGS 2.0
[INFO] ------------------------------------------------------------------------
[INFO] 
[INFO] --- maven-install-plugin:2.4:install (default-install) @ UGS ---
[INFO] Installing /home/travis/build/winder/Universal-G-Code-Sender/pom.xml to /home/travis/.m2/repository/com/willwinder/universalgcodesender/UGS/2.0/UGS-2.0.pom
[INFO] ------------------------------------------------------------------------
[INFO] Reactor Summary:
[INFO] 
[INFO] ugs-core ........................................... SUCCESS [ 26.249 s]
[INFO] ugs-platform-parent ................................ SUCCESS [  0.022 s]
[INFO] ugs-platform-branding .............................. SUCCESS [  4.634 s]
[INFO] ugs-platform-ugslib ................................ SUCCESS [ 10.140 s]
[INFO] ugs-platform-central-lookup ........................ SUCCESS [  1.522 s]
[INFO] ugs-platform-visualizer ............................ SUCCESS [  3.457 s]
[INFO] ugs-platform-ugscore ............................... SUCCESS [  5.275 s]
[INFO] ugs-platform-plugin-workflow ....................... SUCCESS [  4.213 s]
[INFO] ugs-platform-gcode-editor .......................... SUCCESS [  2.199 s]
[INFO] ugs-platform-app ................................... SUCCESS [ 10.674 s]
[INFO] UGS ................................................ SUCCESS [  0.030 s]
[INFO] ------------------------------------------------------------------------
[INFO] BUILD SUCCESS
[INFO] ------------------------------------------------------------------------
[INFO] Total time: 01:10 min
[INFO] Finished at: 2016-09-24T02:54:43+00:00
[INFO] Final Memory: 62M/464M
[INFO] ------------------------------------------------------------------------

travis_time:end:2798929e:start=1474685610457580865,finish=1474685684684075024,duration=74226494159[0Ktravis_fold:end:install[0Ktravis_fold:start:before_script[0Ktravis_time:start:31429a4e[0K$ pip install --user codecov
[33mYou are using pip version 6.0.8, however version 8.1.2 is available.
You should consider upgrading via the 'pip install --upgrade pip' command.[0m
Collecting codecov
  Downloading codecov-2.0.5-py2.py3-none-any.whl
Requirement already satisfied (use --upgrade to upgrade): argparse in /usr/lib/python2.7 (from codecov)
Collecting coverage (from codecov)
  Downloading coverage-4.2.tar.gz (359kB)
[?25l[K    1% |                                | 4.1kB 47.6MB/s eta 0:00:01[K    2% |                                | 8.2kB 36.9MB/s eta 0:00:01[K    3% |#                               | 12kB 36.6MB/s eta 0:00:01[K    4% |#                               | 16kB 32.1MB/s eta 0:00:01[K    5% |#                               | 20kB 32.8MB/s eta 0:00:01[K    6% |##                              | 24kB 34.0MB/s eta 0:00:01[K    7% |##                              | 28kB 34.8MB/s eta 0:00:01[K    9% |##                              | 32kB 33.9MB/s eta 0:00:01[K    10% |###                             | 36kB 34.4MB/s eta 0:00:01[K    11% |###                             | 40kB 35.2MB/s eta 0:00:01[K    12% |####                            | 45kB 34.7MB/s eta 0:00:01[K    13% |####                            | 49kB 6.8MB/s eta 0:00:01[K    14% |####                            | 53kB 6.8MB/s eta 0:00:01[K    15% |#####                           | 57kB 6.9MB/s eta 0:00:01[K    17% |#####                           | 61kB 6.9MB/s eta 0:00:01[K    18% |#####                           | 65kB 6.7MB/s eta 0:00:01[K    19% |######                          | 69kB 6.7MB/s eta 0:00:01[K    20% |######                          | 73kB 6.8MB/s eta 0:00:01[K    21% |######                          | 77kB 6.8MB/s eta 0:00:01[K    22% |#######                         | 81kB 6.7MB/s eta 0:00:01[K    23% |#######                         | 86kB 6.7MB/s eta 0:00:01[K    25% |########                        | 90kB 34.7MB/s eta 0:00:01[K    26% |########                        | 94kB 35.1MB/s eta 0:00:01[K    27% |########                        | 98kB 33.8MB/s eta 0:00:01[K    28% |#########                       | 102kB 33.7MB/s eta 0:00:01[K    29% |#########                       | 106kB 37.3MB/s eta 0:00:01[K    30% |#########                       | 110kB 36.6MB/s eta 0:00:01[K    31% |##########                      | 114kB 34.5MB/s eta 0:00:01[K    33% |##########                      | 118kB 34.4MB/s eta 0:00:01[K    34% |##########                      | 122kB 36.0MB/s eta 0:00:01[K    35% |###########                     | 126kB 36.1MB/s eta 0:00:01[K    36% |###########                     | 131kB 34.6MB/s eta 0:00:01[K    37% |############                    | 135kB 34.6MB/s eta 0:00:01[K    38% |############                    | 139kB 36.0MB/s eta 0:00:01[K    39% |############                    | 143kB 36.2MB/s eta 0:00:01[K    40% |#############                   | 147kB 35.3MB/s eta 0:00:01[K    42% |#############                   | 151kB 36.3MB/s eta 0:00:01[K    43% |#############                   | 155kB 38.7MB/s eta 0:00:01[K    44% |##############                  | 159kB 38.9MB/s eta 0:00:01[K    45% |##############                  | 163kB 37.2MB/s eta 0:00:01[K    46% |##############                  | 167kB 37.1MB/s eta 0:00:01[K    47% |###############                 | 172kB 38.9MB/s eta 0:00:01[K    48% |###############                 | 176kB 39.1MB/s eta 0:00:01[K    50% |################                | 180kB 37.4MB/s eta 0:00:01[K    51% |################                | 184kB 37.3MB/s eta 0:00:01[K    52% |################                | 188kB 38.9MB/s eta 0:00:01[K    53% |#################               | 192kB 38.8MB/s eta 0:00:01[K    54% |#################               | 196kB 8.3MB/s eta 0:00:01[K    55% |#################               | 200kB 8.3MB/s eta 0:00:01[K    56% |##################              | 204kB 8.4MB/s eta 0:00:01[K    58% |##################              | 208kB 8.4MB/s eta 0:00:01[K    59% |##################              | 212kB 8.3MB/s eta 0:00:01[K    60% |###################             | 217kB 8.3MB/s eta 0:00:01[K    61% |###################             | 221kB 8.4MB/s eta 0:00:01[K    62% |####################            | 225kB 8.4MB/s eta 0:00:01[K    63% |####################            | 229kB 8.3MB/s eta 0:00:01[K    64% |####################            | 233kB 8.3MB/s eta 0:00:01[K    66% |#####################           | 237kB 38.1MB/s eta 0:00:01[K    67% |#####################           | 241kB 38.7MB/s eta 0:00:01[K    68% |#####################           | 245kB 36.6MB/s eta 0:00:01[K    69% |######################          | 249kB 36.4MB/s eta 0:00:01[K    70% |######################          | 253kB 38.0MB/s eta 0:00:01[K    71% |######################          | 258kB 38.0MB/s eta 0:00:01[K    72% |#######################         | 262kB 34.8MB/s eta 0:00:01[K    73% |#######################         | 266kB 34.4MB/s eta 0:00:01[K    75% |########################        | 270kB 35.7MB/s eta 0:00:01[K    76% |########################        | 274kB 35.8MB/s eta 0:00:01[K    77% |########################        | 278kB 34.4MB/s eta 0:00:01[K    78% |#########################       | 282kB 34.3MB/s eta 0:00:01[K    79% |#########################       | 286kB 36.3MB/s eta 0:00:01[K    80% |#########################       | 290kB 36.5MB/s eta 0:00:01[K    81% |##########################      | 294kB 35.1MB/s eta 0:00:01[K    83% |##########################      | 299kB 35.0MB/s eta 0:00:01[K    84% |##########################      | 303kB 38.1MB/s eta 0:00:01[K    85% |###########################     | 307kB 38.5MB/s eta 0:00:01[K    86% |###########################     | 311kB 36.9MB/s eta 0:00:01[K    87% |############################    | 315kB 36.9MB/s eta 0:00:01[K    88% |############################    | 319kB 38.6MB/s eta 0:00:01[K    89% |############################    | 323kB 38.7MB/s eta 0:00:01[K    91% |#############################   | 327kB 37.1MB/s eta 0:00:01[K    92% |#############################   | 331kB 37.0MB/s eta 0:00:01[K    93% |#############################   | 335kB 38.6MB/s eta 0:00:01[K    94% |##############################  | 339kB 38.7MB/s eta 0:00:01[K    95% |##############################  | 344kB 37.3MB/s eta 0:00:01[K    96% |##############################  | 348kB 37.3MB/s eta 0:00:01[K    97% |############################### | 352kB 39.0MB/s eta 0:00:01[K    99% |############################### | 356kB 39.0MB/s eta 0:00:01[K    100% |################################| 360kB 1.5MB/s 
[?25hCollecting requests>=2.0.0 (from codecov)
  Downloading requests-2.11.1-py2.py3-none-any.whl (514kB)
[?25l[K    0% |                                | 4.1kB 50.5MB/s eta 0:00:01[K    1% |                                | 8.2kB 37.8MB/s eta 0:00:01[K    2% |                                | 12kB 37.2MB/s eta 0:00:01[K    3% |#                               | 16kB 32.9MB/s eta 0:00:01[K    3% |#                               | 20kB 33.7MB/s eta 0:00:01[K    4% |#                               | 24kB 34.8MB/s eta 0:00:01[K    5% |#                               | 28kB 35.5MB/s eta 0:00:01[K    6% |##                              | 32kB 34.4MB/s eta 0:00:01[K    7% |##                              | 36kB 34.9MB/s eta 0:00:01[K    7% |##                              | 40kB 35.7MB/s eta 0:00:01[K    8% |##                              | 45kB 35.1MB/s eta 0:00:01[K    9% |###                             | 49kB 35.0MB/s eta 0:00:01[K    10% |###                             | 53kB 35.4MB/s eta 0:00:01[K    11% |###                             | 57kB 38.0MB/s eta 0:00:01[K    11% |###                             | 61kB 38.4MB/s eta 0:00:01[K    12% |####                            | 65kB 37.1MB/s eta 0:00:01[K    13% |####                            | 69kB 37.0MB/s eta 0:00:01[K    14% |####                            | 73kB 38.9MB/s eta 0:00:01[K    15% |####                            | 77kB 39.3MB/s eta 0:00:01[K    15% |#####                           | 81kB 37.5MB/s eta 0:00:01[K    16% |#####                           | 86kB 37.7MB/s eta 0:00:01[K    17% |#####                           | 90kB 39.5MB/s eta 0:00:01[K    18% |#####                           | 94kB 39.4MB/s eta 0:00:01[K    19% |######                          | 98kB 37.7MB/s eta 0:00:01[K    19% |######                          | 102kB 37.7MB/s eta 0:00:01[K    20% |######                          | 106kB 39.4MB/s eta 0:00:01[K    21% |######                          | 110kB 39.6MB/s eta 0:00:01[K    22% |#######                         | 114kB 38.0MB/s eta 0:00:01[K    23% |#######                         | 118kB 37.8MB/s eta 0:00:01[K    23% |#######                         | 122kB 39.6MB/s eta 0:00:01[K    24% |#######                         | 126kB 39.7MB/s eta 0:00:01[K    25% |########                        | 131kB 36.2MB/s eta 0:00:01[K    26% |########                        | 135kB 36.0MB/s eta 0:00:01[K    27% |########                        | 139kB 37.5MB/s eta 0:00:01[K    27% |########                        | 143kB 37.6MB/s eta 0:00:01[K    28% |#########                       | 147kB 36.0MB/s eta 0:00:01[K    29% |#########                       | 151kB 36.0MB/s eta 0:00:01[K    30% |#########                       | 155kB 37.5MB/s eta 0:00:01[K    31% |#########                       | 159kB 37.6MB/s eta 0:00:01[K    31% |##########                      | 163kB 36.1MB/s eta 0:00:01[K    32% |##########                      | 167kB 36.0MB/s eta 0:00:01[K    33% |##########                      | 172kB 39.5MB/s eta 0:00:01[K    34% |##########                      | 176kB 40.0MB/s eta 0:00:01[K    35% |###########                     | 180kB 34.9MB/s eta 0:00:01[K    35% |###########                     | 184kB 34.6MB/s eta 0:00:01[K    36% |###########                     | 188kB 36.0MB/s eta 0:00:01[K    37% |###########                     | 192kB 36.1MB/s eta 0:00:01[K    38% |############                    | 196kB 34.5MB/s eta 0:00:01[K    38% |############                    | 200kB 34.3MB/s eta 0:00:01[K    39% |############                    | 204kB 35.5MB/s eta 0:00:01[K    40% |############                    | 208kB 35.5MB/s eta 0:00:01[K    41% |#############                   | 212kB 34.1MB/s eta 0:00:01[K    42% |#############                   | 217kB 33.9MB/s eta 0:00:01[K    42% |#############                   | 221kB 38.7MB/s eta 0:00:01[K    43% |##############                  | 225kB 38.8MB/s eta 0:00:01[K    44% |##############                  | 229kB 37.2MB/s eta 0:00:01[K    45% |##############                  | 233kB 37.1MB/s eta 0:00:01[K    46% |##############                  | 237kB 38.8MB/s eta 0:00:01[K    46% |###############                 | 241kB 38.9MB/s eta 0:00:01[K    47% |###############                 | 245kB 36.6MB/s eta 0:00:01[K    48% |###############                 | 249kB 36.4MB/s eta 0:00:01[K    49% |###############                 | 253kB 37.9MB/s eta 0:00:01[K    50% |################                | 258kB 38.0MB/s eta 0:00:01[K    50% |################                | 262kB 36.5MB/s eta 0:00:01[K    51% |################                | 266kB 36.4MB/s eta 0:00:01[K    52% |################                | 270kB 37.9MB/s eta 0:00:01[K    53% |#################               | 274kB 38.1MB/s eta 0:00:01[K    54% |#################               | 278kB 35.0MB/s eta 0:00:01[K    54% |#################               | 282kB 34.9MB/s eta 0:00:01[K    55% |#################               | 286kB 37.0MB/s eta 0:00:01[K    56% |##################              | 290kB 37.1MB/s eta 0:00:01[K    57% |##################              | 294kB 35.6MB/s eta 0:00:01[K    58% |##################              | 299kB 35.6MB/s eta 0:00:01[K    58% |##################              | 303kB 36.7MB/s eta 0:00:01[K    59% |###################             | 307kB 36.7MB/s eta 0:00:01[K    60% |###################             | 311kB 35.3MB/s eta 0:00:01[K    61% |###################             | 315kB 35.2MB/s eta 0:00:01[K    62% |###################             | 319kB 38.3MB/s eta 0:00:01[K    62% |####################            | 323kB 38.6MB/s eta 0:00:01[K    63% |####################            | 327kB 37.0MB/s eta 0:00:01[K    64% |####################            | 331kB 37.0MB/s eta 0:00:01[K    65% |####################            | 335kB 38.6MB/s eta 0:00:01[K    66% |#####################           | 339kB 38.6MB/s eta 0:00:01[K    66% |#####################           | 344kB 37.1MB/s eta 0:00:01[K    67% |#####################           | 348kB 37.1MB/s eta 0:00:01[K    68% |#####################           | 352kB 38.7MB/s eta 0:00:01[K    69% |######################          | 356kB 38.9MB/s eta 0:00:01[K    70% |######################          | 360kB 37.3MB/s eta 0:00:01[K    70% |######################          | 364kB 37.1MB/s eta 0:00:01[K    71% |######################          | 368kB 38.7MB/s eta 0:00:01[K    72% |#######################         | 372kB 38.7MB/s eta 0:00:01[K    73% |#######################         | 376kB 37.0MB/s eta 0:00:01[K    73% |#######################         | 380kB 37.0MB/s eta 0:00:01[K    74% |#######################         | 385kB 38.7MB/s eta 0:00:01[K    75% |########################        | 389kB 38.8MB/s eta 0:00:01[K    76% |########################        | 393kB 37.1MB/s eta 0:00:01[K    77% |########################        | 397kB 37.0MB/s eta 0:00:01[K    77% |########################        | 401kB 38.5MB/s eta 0:00:01[K    78% |#########################       | 405kB 38.6MB/s eta 0:00:01[K    79% |#########################       | 409kB 37.2MB/s eta 0:00:01[K    80% |#########################       | 413kB 37.2MB/s eta 0:00:01[K    81% |#########################       | 417kB 38.9MB/s eta 0:00:01[K    81% |##########################      | 421kB 39.0MB/s eta 0:00:01[K    82% |##########################      | 425kB 36.0MB/s eta 0:00:01[K    83% |##########################      | 430kB 35.6MB/s eta 0:00:01[K    84% |##########################      | 434kB 37.1MB/s eta 0:00:01[K    85% |###########################     | 438kB 37.2MB/s eta 0:00:01[K    85% |###########################     | 442kB 35.7MB/s eta 0:00:01[K    86% |###########################     | 446kB 35.6MB/s eta 0:00:01[K    87% |############################    | 450kB 37.1MB/s eta 0:00:01[K    88% |############################    | 454kB 37.2MB/s eta 0:00:01[K    89% |############################    | 458kB 35.6MB/s eta 0:00:01[K    89% |############################    | 462kB 35.4MB/s eta 0:00:01[K    90% |#############################   | 466kB 38.3MB/s eta 0:00:01[K    91% |#############################   | 471kB 38.8MB/s eta 0:00:01[K    92% |#############################   | 475kB 37.2MB/s eta 0:00:01[K    93% |#############################   | 479kB 37.2MB/s eta 0:00:01[K    93% |##############################  | 483kB 38.8MB/s eta 0:00:01[K    94% |##############################  | 487kB 38.9MB/s eta 0:00:01[K    95% |##############################  | 491kB 37.2MB/s eta 0:00:01[K    96% |##############################  | 495kB 37.0MB/s eta 0:00:01[K    97% |############################### | 499kB 38.7MB/s eta 0:00:01[K    97% |############################### | 503kB 38.9MB/s eta 0:00:01[K    98% |############################### | 507kB 37.7MB/s eta 0:00:01[K    99% |############################### | 512kB 37.7MB/s eta 0:00:01[K    100% |################################| 516kB 1.1MB/s 
[?25hInstalling collected packages: requests, coverage, codecov

  Running setup.py install for coverage
    building 'coverage.tracer' extension
    gcc -pthread -fno-strict-aliasing -DNDEBUG -g -fwrapv -O2 -Wall -Wstrict-prototypes -fPIC -I/usr/include/python2.7 -c coverage/ctracer/datastack.c -o build/temp.linux-x86_64-2.7/coverage/ctracer/datastack.o
    gcc -pthread -fno-strict-aliasing -DNDEBUG -g -fwrapv -O2 -Wall -Wstrict-prototypes -fPIC -I/usr/include/python2.7 -c coverage/ctracer/filedisp.c -o build/temp.linux-x86_64-2.7/coverage/ctracer/filedisp.o
    gcc -pthread -fno-strict-aliasing -DNDEBUG -g -fwrapv -O2 -Wall -Wstrict-prototypes -fPIC -I/usr/include/python2.7 -c coverage/ctracer/module.c -o build/temp.linux-x86_64-2.7/coverage/ctracer/module.o
    gcc -pthread -fno-strict-aliasing -DNDEBUG -g -fwrapv -O2 -Wall -Wstrict-prototypes -fPIC -I/usr/include/python2.7 -c coverage/ctracer/tracer.c -o build/temp.linux-x86_64-2.7/coverage/ctracer/tracer.o
    gcc -pthread -shared -Wl,-O1 -Wl,-Bsymbolic-functions -Wl,-Bsymbolic-functions -Wl,-z,relro build/temp.linux-x86_64-2.7/coverage/ctracer/datastack.o build/temp.linux-x86_64-2.7/coverage/ctracer/filedisp.o build/temp.linux-x86_64-2.7/coverage/ctracer/module.o build/temp.linux-x86_64-2.7/coverage/ctracer/tracer.o -o build/lib.linux-x86_64-2.7/coverage/tracer.so
    Installing coverage2 script to /home/travis/.local/bin
    Installing coverage-2.7 script to /home/travis/.local/bin
    Installing coverage script to /home/travis/.local/bin

Successfully installed codecov coverage requests

travis_time:end:31429a4e:start=1474685684688165197,finish=1474685687299518779,duration=2611353582[0Ktravis_fold:end:before_script[0Ktravis_time:start:38b96b00[0K$ mvn test -B
Java HotSpot(TM) 64-Bit Server VM warning: ignoring option MaxPermSize=192m; support was removed in 8.0
[INFO] Scanning for projects...
[INFO] ------------------------------------------------------------------------
[INFO] Reactor Build Order:
[INFO] 
[INFO] ugs-core
[INFO] ugs-platform-parent
[INFO] ugs-platform-branding
[INFO] ugs-platform-ugslib
[INFO] ugs-platform-central-lookup
[INFO] ugs-platform-visualizer
[INFO] ugs-platform-ugscore
[INFO] ugs-platform-plugin-workflow
[INFO] ugs-platform-gcode-editor
[INFO] ugs-platform-app
[INFO] UGS
[INFO]                                                                         
[INFO] ------------------------------------------------------------------------
[INFO] Building ugs-core 2.0
[INFO] ------------------------------------------------------------------------
[INFO] 
[INFO] --- jacoco-maven-plugin:0.7.5.201505241946:prepare-agent (default) @ ugs-core ---
[INFO] argLine set to -javaagent:/home/travis/.m2/repository/org/jacoco/org.jacoco.agent/0.7.5.201505241946/org.jacoco.agent-0.7.5.201505241946-runtime.jar=destfile=/home/travis/build/winder/Universal-G-Code-Sender/ugs-core/target/jacoco.exec
[INFO] 
[INFO] --- maven-resources-plugin:2.6:resources (default-resources) @ ugs-core ---
[INFO] Using 'UTF-8' encoding to copy filtered resources.
[INFO] Copying 38 resources
[INFO] Copying 1 resource
[INFO] 
[INFO] --- maven-compiler-plugin:3.1:compile (default-compile) @ ugs-core ---
[INFO] Nothing to compile - all classes are up to date
[INFO] 
[INFO] --- maven-resources-plugin:2.6:testResources (default-testResources) @ ugs-core ---
[INFO] Using 'UTF-8' encoding to copy filtered resources.
[INFO] skip non existing resourceDirectory /home/travis/build/winder/Universal-G-Code-Sender/ugs-core/src/test/resources
[INFO] 
[INFO] --- maven-compiler-plugin:3.1:testCompile (default-testCompile) @ ugs-core ---
[INFO] Nothing to compile - all classes are up to date
[INFO] 
[INFO] --- maven-surefire-plugin:2.12.4:test (default-test) @ ugs-core ---
[INFO] Surefire report directory: /home/travis/build/winder/Universal-G-Code-Sender/ugs-core/target/surefire-reports

-------------------------------------------------------
 T E S T S
-------------------------------------------------------
Running com.willwinder.universalgcodesender.gcode.processors.ArcExpanderTest
arcExpandBadCommand
expandArcG17
expandArcG18
expandArcG19
arcExpandIgnoreNonArc
arcExpandBadState
Tests run: 6, Failures: 0, Errors: 0, Skipped: 0, Time elapsed: 0.403 sec
Running com.willwinder.universalgcodesender.gcode.util.CommandProcessorLoaderTest
InvalidProcessor
InvalidProcessor
initializeWithProcessors
Tests run: 3, Failures: 0, Errors: 0, Skipped: 0, Time elapsed: 0.216 sec
Running com.willwinder.universalgcodesender.gcode.GcodeParserTest
addCommand
preprocessCommandException?!
preprocessCommandFeedOverride
getCurrentPoint
addCommand
resetCommandProcessors
preprocessCommandGood
addCommandProcessor
Tests run: 9, Failures: 0, Errors: 0, Skipped: 1, Time elapsed: 0.04 sec
Running com.willwinder.universalgcodesender.GcodePreprocessorUtilsTest
parseCodes
overrideSpeed
parseComment
truncateDecimals
Tests run: 4, Failures: 0, Errors: 0, Skipped: 0, Time elapsed: 0.02 sec
Running com.willwinder.universalgcodesender.GrblCommunicatorTest
closeCommPort
-not testing RXTX.
softReset
openCommPort
-not testing RXTX.
pauseSend
streamCommands
areActiveCommands
streamCommands
cancelSend
sendByteImmediately
queueStringForComm
Tests run: 10, Failures: 0, Errors: 0, Skipped: 0, Time elapsed: 0.081 sec
Running com.willwinder.universalgcodesender.uielements.CommandTextAreaTest
Tests run: 3, Failures: 0, Errors: 0, Skipped: 0, Time elapsed: 0.402 sec
Running com.willwinder.universalgcodesender.uielements.LengthLimitedDocumentTest
insertString
Tests run: 1, Failures: 0, Errors: 0, Skipped: 0, Time elapsed: 0.013 sec
Running com.willwinder.universalgcodesender.utils.GcodeStreamTest
Tests run: 1, Failures: 0, Errors: 0, Skipped: 0, Time elapsed: 1.921 sec
Running com.willwinder.universalgcodesender.GrblUtilsTest
getKillAlarmLockCommand
getVersionDouble
getVersionLetter
isGrblStatusString
getViewParserStateCommand
getGrblStatusCapabilities
getWorkPositionFromStatusString
isRealTimeCapable
isGrblVersionString
getResetCoordCommand
getStateFromStatusString
getMachinePositionFromStatusString
getReturnToHomeCommands
getHomingCommand
getToggleCheckModeCommand
Tests run: 15, Failures: 2, Errors: 0, Skipped: 0, Time elapsed: 0.058 sec <<< FAILURE!
testGetVersionLetter(com.willwinder.universalgcodesender.GrblUtilsTest)  Time elapsed: 0.005 sec  <<< FAILURE!
java.lang.AssertionError: expected: java.lang.String<c> but was: java.lang.Character<c>
	at org.junit.Assert.fail(Assert.java:88)
	at org.junit.Assert.failNotEquals(Assert.java:834)
	at org.junit.Assert.assertEquals(Assert.java:118)
	at org.junit.Assert.assertEquals(Assert.java:144)
	at com.willwinder.universalgcodesender.GrblUtilsTest.testGetVersionLetter(GrblUtilsTest.java:89)
	at sun.reflect.NativeMethodAccessorImpl.invoke0(Native Method)
	at sun.reflect.NativeMethodAccessorImpl.invoke(NativeMethodAccessorImpl.java:62)
	at sun.reflect.DelegatingMethodAccessorImpl.invoke(DelegatingMethodAccessorImpl.java:43)
	at java.lang.reflect.Method.invoke(Method.java:483)
	at org.junit.runners.model.FrameworkMethod$1.runReflectiveCall(FrameworkMethod.java:50)
	at org.junit.internal.runners.model.ReflectiveCallable.run(ReflectiveCallable.java:12)
	at org.junit.runners.model.FrameworkMethod.invokeExplosively(FrameworkMethod.java:47)
	at org.junit.internal.runners.statements.InvokeMethod.evaluate(InvokeMethod.java:17)
	at org.junit.runners.ParentRunner.runLeaf(ParentRunner.java:325)
	at org.junit.runners.BlockJUnit4ClassRunner.runChild(BlockJUnit4ClassRunner.java:78)
	at org.junit.runners.BlockJUnit4ClassRunner.runChild(BlockJUnit4ClassRunner.java:57)
	at org.junit.runners.ParentRunner$3.run(ParentRunner.java:290)
	at org.junit.runners.ParentRunner$1.schedule(ParentRunner.java:71)
	at org.junit.runners.ParentRunner.runChildren(ParentRunner.java:288)
	at org.junit.runners.ParentRunner.access$000(ParentRunner.java:58)
	at org.junit.runners.ParentRunner$2.evaluate(ParentRunner.java:268)
	at org.junit.runners.ParentRunner.run(ParentRunner.java:363)
	at org.apache.maven.surefire.junit4.JUnit4Provider.execute(JUnit4Provider.java:252)
	at org.apache.maven.surefire.junit4.JUnit4Provider.executeTestSet(JUnit4Provider.java:141)
	at org.apache.maven.surefire.junit4.JUnit4Provider.invoke(JUnit4Provider.java:112)
	at sun.reflect.NativeMethodAccessorImpl.invoke0(Native Method)
	at sun.reflect.NativeMethodAccessorImpl.invoke(NativeMethodAccessorImpl.java:62)
	at sun.reflect.DelegatingMethodAccessorImpl.invoke(DelegatingMethodAccessorImpl.java:43)
	at java.lang.reflect.Method.invoke(Method.java:483)
	at org.apache.maven.surefire.util.ReflectionUtils.invokeMethodWithArray(ReflectionUtils.java:189)
	at org.apache.maven.surefire.booter.ProviderFactory$ProviderProxy.invoke(ProviderFactory.java:165)
	at org.apache.maven.surefire.booter.ProviderFactory.invokeProvider(ProviderFactory.java:85)
	at org.apache.maven.surefire.booter.ForkedBooter.runSuitesInProcess(ForkedBooter.java:115)
	at org.apache.maven.surefire.booter.ForkedBooter.main(ForkedBooter.java:75)

testGetGrblStatusCapabilities(com.willwinder.universalgcodesender.GrblUtilsTest)  Time elapsed: 0.001 sec  <<< FAILURE!
java.lang.AssertionError: expected:<true> but was:<false>
	at org.junit.Assert.fail(Assert.java:88)
	at org.junit.Assert.failNotEquals(Assert.java:834)
	at org.junit.Assert.assertEquals(Assert.java:118)
	at org.junit.Assert.assertEquals(Assert.java:144)
	at com.willwinder.universalgcodesender.GrblUtilsTest.testGetGrblStatusCapabilities(GrblUtilsTest.java:303)
	at sun.reflect.NativeMethodAccessorImpl.invoke0(Native Method)
	at sun.reflect.NativeMethodAccessorImpl.invoke(NativeMethodAccessorImpl.java:62)
	at sun.reflect.DelegatingMethodAccessorImpl.invoke(DelegatingMethodAccessorImpl.java:43)
	at java.lang.reflect.Method.invoke(Method.java:483)
	at org.junit.runners.model.FrameworkMethod$1.runReflectiveCall(FrameworkMethod.java:50)
	at org.junit.internal.runners.model.ReflectiveCallable.run(ReflectiveCallable.java:12)
	at org.junit.runners.model.FrameworkMethod.invokeExplosively(FrameworkMethod.java:47)
	at org.junit.internal.runners.statements.InvokeMethod.evaluate(InvokeMethod.java:17)
	at org.junit.runners.ParentRunner.runLeaf(ParentRunner.java:325)
	at org.junit.runners.BlockJUnit4ClassRunner.runChild(BlockJUnit4ClassRunner.java:78)
	at org.junit.runners.BlockJUnit4ClassRunner.runChild(BlockJUnit4ClassRunner.java:57)
	at org.junit.runners.ParentRunner$3.run(ParentRunner.java:290)
	at org.junit.runners.ParentRunner$1.schedule(ParentRunner.java:71)
	at org.junit.runners.ParentRunner.runChildren(ParentRunner.java:288)
	at org.junit.runners.ParentRunner.access$000(ParentRunner.java:58)
	at org.junit.runners.ParentRunner$2.evaluate(ParentRunner.java:268)
	at org.junit.runners.ParentRunner.run(ParentRunner.java:363)
	at org.apache.maven.surefire.junit4.JUnit4Provider.execute(JUnit4Provider.java:252)
	at org.apache.maven.surefire.junit4.JUnit4Provider.executeTestSet(JUnit4Provider.java:141)
	at org.apache.maven.surefire.junit4.JUnit4Provider.invoke(JUnit4Provider.java:112)
	at sun.reflect.NativeMethodAccessorImpl.invoke0(Native Method)
	at sun.reflect.NativeMethodAccessorImpl.invoke(NativeMethodAccessorImpl.java:62)
	at sun.reflect.DelegatingMethodAccessorImpl.invoke(DelegatingMethodAccessorImpl.java:43)
	at java.lang.reflect.Method.invoke(Method.java:483)
	at org.apache.maven.surefire.util.ReflectionUtils.invokeMethodWithArray(ReflectionUtils.java:189)
	at org.apache.maven.surefire.booter.ProviderFactory$ProviderProxy.invoke(ProviderFactory.java:165)
	at org.apache.maven.surefire.booter.ProviderFactory.invokeProvider(ProviderFactory.java:85)
	at org.apache.maven.surefire.booter.ForkedBooter.runSuitesInProcess(ForkedBooter.java:115)
	at org.apache.maven.surefire.booter.ForkedBooter.main(ForkedBooter.java:75)

Running com.willwinder.universalgcodesender.MacroHelperTest
substituteValues
Tests run: 3, Failures: 0, Errors: 0, Skipped: 2, Time elapsed: 0.037 sec
Running com.willwinder.universalgcodesender.model.GUIBackendTest
Tests run: 1, Failures: 0, Errors: 0, Skipped: 1, Time elapsed: 0 sec
Running com.willwinder.universalgcodesender.CommUtilsTest
checkRoomInBuffer
getSizeOfBuffer
Tests run: 3, Failures: 0, Errors: 0, Skipped: 0, Time elapsed: 0 sec
Running com.willwinder.universalgcodesender.UtilsTest
formattedMillis
processFile
timeSince
millisSince
Tests run: 4, Failures: 0, Errors: 0, Skipped: 0, Time elapsed: 0 sec
Running com.willwinder.universalgcodesender.AbstractControllerTest
commandSent
queueStream
rawResponseHandler
-N/A Abstract Function-
rowsStatExceptions
queueStream
isStreamingFile
queueCommands
commandComplete
commandSent
softReset
-N/A Implementation Specific Function-
queueStream
beginStreaming
-Covered by testQueueCommands-
getSendDuration
resetCoordinatesToZero
-N/A Implementation Specific Function-
queueCommands
performHomingCycle
-N/A Implementation Specific Function-
viewParserState
-N/A Implementation Specific Function-
queueStream
getCommandCreator
issueSoftReset
-N/A Implementation Specific Function-
statusUpdatesRateValueChanged
-N/A Abstract Function-
resetCoordinateToZero
-N/A Implementation Specific Function-
queueCommand
toggleCheckMode
-N/A Implementation Specific Function-
returnToHome
-N/A Implementation Specific Function-
killAlarmLock
-N/A Implementation Specific Function-
statusUpdatesEnabledValueChanged
-N/A Abstract Function-
Tests run: 33, Failures: 0, Errors: 0, Skipped: 9, Time elapsed: 3.67 sec
Running com.willwinder.universalgcodesender.pendantui.PendantUITest
2016-09-24 02:55:03.302:INFO:oejs.Server:jetty-8.1.16.v20140903
2016-09-24 02:55:03.716:INFO:oejs.AbstractConnector:Started SelectChannelConnector@0.0.0.0:23123
Listening on: http://172.17.7.78:23123
2016-09-24 02:55:04.405:INFO:oejsh.ContextHandler:stopped o.e.j.s.h.ContextHandler{/getSystemState,file:/home/travis/build/winder/Universal-G-Code-Sender/ugs-core/target/classes/resources/pendantUI/}
2016-09-24 02:55:04.405:INFO:oejsh.ContextHandler:stopped o.e.j.s.h.ContextHandler{/adjustManualLocation,file:/home/travis/build/winder/Universal-G-Code-Sender/ugs-core/target/classes/resources/pendantUI/}
2016-09-24 02:55:04.406:INFO:oejsh.ContextHandler:stopped o.e.j.s.h.ContextHandler{/sendGcode,file:/home/travis/build/winder/Universal-G-Code-Sender/ugs-core/target/classes/resources/pendantUI/}
2016-09-24 02:55:04.406:INFO:oejsh.ContextHandler:stopped o.e.j.s.h.ContextHandler{/config,file:/home/travis/build/winder/Universal-G-Code-Sender/ugs-core/target/classes/resources/pendantUI/}
Listening on: http://172.17.7.78:8080
Tests run: 7, Failures: 0, Errors: 0, Skipped: 0, Time elapsed: 1.587 sec
Running com.willwinder.universalgcodesender.BufferedCommunicatorTest
closeCommPort
pauseSend
streamCommands
openCommPort
getBufferSize
processedCommand
-N/A for abstract class-
sendingCommand
-N/A for abstract class-
areActiveCommands
cancelSend
responseMessage
sendByteImmediately
queueStringForComm
Tests run: 15, Failures: 0, Errors: 0, Skipped: 1, Time elapsed: 0.036 sec
Running com.willwinder.universalgcodesender.GrblControllerTest
appendGcodeFile
rawResponseListener
closeCommPort/isCommOpen
isStreamingFile
commandComplete
Pause + cancelSend
openCommPort/isCommOpen
verboseMessageForConsole
testRowsAsteriskMethods
beginStreaming
messageForConsole
preprocessAndAppendGcodeCommand
resumeStreaming
addListener
getSendDuration
queueStringForComm
performHomingCycle
pauseStreaming
cancelSend
getGrblVersion
issueSoftReset
isReadyToStreamFile
Tests run: 22, Failures: 0, Errors: 0, Skipped: 0, Time elapsed: 6.086 sec

Results :

Failed tests:   testGetVersionLetter(com.willwinder.universalgcodesender.GrblUtilsTest): expected: java.lang.String<c> but was: java.lang.Character<c>
  testGetGrblStatusCapabilities(com.willwinder.universalgcodesender.GrblUtilsTest): expected:<true> but was:<false>

Tests run: 140, Failures: 2, Errors: 0, Skipped: 14

[INFO] ------------------------------------------------------------------------
[INFO] Reactor Summary:
[INFO] 
[INFO] ugs-core ........................................... FAILURE [ 20.266 s]
[INFO] ugs-platform-parent ................................ SKIPPED
[INFO] ugs-platform-branding .............................. SKIPPED
[INFO] ugs-platform-ugslib ................................ SKIPPED
[INFO] ugs-platform-central-lookup ........................ SKIPPED
[INFO] ugs-platform-visualizer ............................ SKIPPED
[INFO] ugs-platform-ugscore ............................... SKIPPED
[INFO] ugs-platform-plugin-workflow ....................... SKIPPED
[INFO] ugs-platform-gcode-editor .......................... SKIPPED
[INFO] ugs-platform-app ................................... SKIPPED
[INFO] UGS ................................................ SKIPPED
[INFO] ------------------------------------------------------------------------
[INFO] BUILD FAILURE
[INFO] ------------------------------------------------------------------------
[INFO] Total time: 21.829 s
[INFO] Finished at: 2016-09-24T02:55:10+00:00
[INFO] Final Memory: 15M/491M
[INFO] ------------------------------------------------------------------------
[ERROR] Failed to execute goal org.apache.maven.plugins:maven-surefire-plugin:2.12.4:test (default-test) on project ugs-core: There are test failures.
[ERROR] 
[ERROR] Please refer to /home/travis/build/winder/Universal-G-Code-Sender/ugs-core/target/surefire-reports for the individual test results.
[ERROR] -> [Help 1]
[ERROR] 
[ERROR] To see the full stack trace of the errors, re-run Maven with the -e switch.
[ERROR] Re-run Maven using the -X switch to enable full debug logging.
[ERROR] 
[ERROR] For more information about the errors and possible solutions, please read the following articles:
[ERROR] [Help 1] http://cwiki.apache.org/confluence/display/MAVEN/MojoFailureException

travis_time:end:38b96b00:start=1474685687303399985,finish=1474685711093842720,duration=23790442735[0K
[31;1mThe command "mvn test -B" exited with 1.[0m
travis_fold:start:cache.2[0Kstore build cache
travis_time:start:19f59bc1[0K
travis_time:end:19f59bc1:start=1474685711097986476,finish=1474685711101253672,duration=3267196[0Ktravis_time:start:25f33d40[0K[32;1mchange detected (content changed, file is created, or file is deleted):
/home/travis/.m2/repository/com/willwinder/ugs-platform-app/2.0-SNAPSHOT/maven-metadata-local.xml
/home/travis/.m2/repository/com/willwinder/ugs-platform-app/2.0-SNAPSHOT/_remote.repositories
/home/travis/.m2/repository/com/willwinder/ugs-platform-app/2.0-SNAPSHOT/ugs-platform-app-2.0-SNAPSHOT.zip
/home/travis/.m2/repository/com/willwinder/ugs-platform-app/maven-metadata-local.xml
/home/travis/.m2/repository/com/willwinder/ugs-platform-branding/2.0-SNAPSHOT/maven-metadata-local.xml
/home/travis/.m2/repository/com/willwinder/ugs-platform-branding/2.0-SNAPSHOT/_remote.repositories
/home/travis/.m2/repository/com/willwinder/ugs-platform-branding/2.0-SNAPSHOT/ugs-platform-branding-2.0-SNAPSHOT.jar
/home/travis/.m2/repository/com/willwinder/ugs-platform-branding/2.0-SNAPSHOT/ugs-platform-branding-2.0-SNAPSHOT.nbm
/home/travis/.m2/repository/com/willwinder/ugs-platform-branding/maven-metadata-local.xml
/home/travis/.m2/repository/com/willwinder/ugs-platform-central-lookup/2.0-SNAPSHOT/maven-m
[0m
[32;1m...
[0m
[32;1mchanges detected, packing new archive[0m
.
[32;1muploading archive[0m

travis_time:end:25f33d40:start=1474685711104952184,finish=1474685721601443269,duration=10496491085[0Ktravis_fold:end:cache.2[0K
Done. Your build exited with 1.
