travis_fold:start:worker_info[0K[33;1mWorker information[0m
hostname: i-0749794-precise-production-2-worker-org-docker.travisci.net:cfeb0e9e-6de7-498c-837e-95ee855fa529
version: v2.5.0-8-g19ea9c2 https://github.com/travis-ci/worker/tree/19ea9c20425c78100500c7cc935892b47024922c
instance: 3cf0cbf:travis:java
startup: 646.886129ms
travis_fold:end:worker_info[0Ktravis_fold:start:system_info[0K[33;1mBuild system information[0m
Build language: java
Build group: stable
Build dist: precise
Build id: 192008925
Job id: 192008926
travis-build version: c4c841b3c
[34m[1mBuild image provisioning date and time[0m
Thu Feb  5 15:09:33 UTC 2015
[34m[1mOperating System Details[0m
Distributor ID:	Ubuntu
Description:	Ubuntu 12.04.5 LTS
Release:	12.04
Codename:	precise
[34m[1mLinux Version[0m
3.13.0-29-generic
[34m[1mCookbooks Version[0m
a68419e https://github.com/travis-ci/travis-cookbooks/tree/a68419e
[34m[1mGCC version[0m
gcc (Ubuntu/Linaro 4.6.3-1ubuntu5) 4.6.3
Copyright (C) 2011 Free Software Foundation, Inc.
This is free software; see the source for copying conditions.  There is NO
warranty; not even for MERCHANTABILITY or FITNESS FOR A PARTICULAR PURPOSE.

[34m[1mLLVM version[0m
clang version 3.4 (tags/RELEASE_34/final)
Target: x86_64-unknown-linux-gnu
Thread model: posix
[34m[1mPre-installed Ruby versions[0m
ruby-1.9.3-p551
[34m[1mPre-installed Node.js versions[0m
v0.10.36
[34m[1mPre-installed Go versions[0m
1.4.1
[34m[1mRedis version[0m
redis-server 2.8.19
[34m[1mriak version[0m
2.0.2
[34m[1mMongoDB version[0m
MongoDB 2.4.12
[34m[1mCouchDB version[0m
couchdb 1.6.1
[34m[1mNeo4j version[0m
1.9.4
[34m[1mRabbitMQ Version[0m
3.4.3
[34m[1mElasticSearch version[0m
1.4.0
[34m[1mInstalled Sphinx versions[0m
2.0.10
2.1.9
2.2.6
[34m[1mDefault Sphinx version[0m
2.2.6
[34m[1mInstalled Firefox version[0m
firefox 31.0esr
[34m[1mPhantomJS version[0m
1.9.8
[34m[1mant -version[0m
Apache Ant(TM) version 1.8.2 compiled on December 3 2011
[34m[1mmvn -version[0m
Apache Maven 3.2.5 (12a6b3acb947671f09b81f49094c53f426d8cea1; 2014-12-14T17:29:23+00:00)
Maven home: /usr/local/maven
Java version: 1.7.0_76, vendor: Oracle Corporation
Java home: /usr/lib/jvm/java-7-oracle/jre
Default locale: en_US, platform encoding: ANSI_X3.4-1968
OS name: "linux", version: "3.13.0-29-generic", arch: "amd64", family: "unix"
travis_fold:end:system_info[0K
travis_fold:start:fix.CVE-2015-7547[0K$ export DEBIAN_FRONTEND=noninteractive
W: Size of file /var/lib/apt/lists/us.archive.ubuntu.com_ubuntu_dists_precise-updates_restricted_binary-amd64_Packages.gz is not what the server reported 19576 20785
W: Size of file /var/lib/apt/lists/us.archive.ubuntu.com_ubuntu_dists_precise-updates_restricted_binary-i386_Packages.gz is not what the server reported 19521 20707
W: Size of file /var/lib/apt/lists/us.archive.ubuntu.com_ubuntu_dists_precise-backports_multiverse_source_Sources.gz is not what the server reported 5886 5888
W: Size of file /var/lib/apt/lists/ppa.launchpad.net_travis-ci_zero-mq_ubuntu_dists_precise_main_binary-amd64_Packages.gz is not what the server reported 832 1195
W: Size of file /var/lib/apt/lists/ppa.launchpad.net_ubuntugis_ppa_ubuntu_dists_precise_main_binary-amd64_Packages.gz is not what the server reported 33653 36677
W: Size of file /var/lib/apt/lists/ppa.launchpad.net_ubuntugis_ppa_ubuntu_dists_precise_main_binary-i386_Packages.gz is not what the server reported 33699 36733
W: Size of file /var/lib/apt/lists/security.ubuntu.com_ubuntu_dists_precise-security_restricted_binary-amd64_Packages.gz is not what the server reported 13782 14904
W: Size of file /var/lib/apt/lists/security.ubuntu.com_ubuntu_dists_precise-security_restricted_binary-i386_Packages.gz is not what the server reported 13751 14885
Reading package lists...
Building dependency tree...
Reading state information...
The following extra packages will be installed:
  libc-bin libc-dev-bin libc6-dev
Suggested packages:
  glibc-doc
The following packages will be upgraded:
  libc-bin libc-dev-bin libc6 libc6-dev
4 upgraded, 0 newly installed, 0 to remove and 267 not upgraded.
Need to get 8,840 kB of archives.
After this operation, 14.3 kB disk space will be freed.
Get:1 http://us.archive.ubuntu.com/ubuntu/ precise-updates/main libc6-dev amd64 2.15-0ubuntu10.15 [2,943 kB]
Get:2 http://us.archive.ubuntu.com/ubuntu/ precise-updates/main libc-dev-bin amd64 2.15-0ubuntu10.15 [84.7 kB]
Get:3 http://us.archive.ubuntu.com/ubuntu/ precise-updates/main libc-bin amd64 2.15-0ubuntu10.15 [1,177 kB]
Get:4 http://us.archive.ubuntu.com/ubuntu/ precise-updates/main libc6 amd64 2.15-0ubuntu10.15 [4,636 kB]
Fetched 8,840 kB in 0s (34.8 MB/s)
Preconfiguring packages ...
(Reading database ... (Reading database ... 5%(Reading database ... 10%(Reading database ... 15%(Reading database ... 20%(Reading database ... 25%(Reading database ... 30%(Reading database ... 35%(Reading database ... 40%(Reading database ... 45%(Reading database ... 50%(Reading database ... 55%(Reading database ... 60%(Reading database ... 65%(Reading database ... 70%(Reading database ... 75%(Reading database ... 80%(Reading database ... 85%(Reading database ... 90%(Reading database ... 95%(Reading database ... 100%(Reading database ... 72019 files and directories currently installed.)
Preparing to replace libc6-dev 2.15-0ubuntu10.10 (using .../libc6-dev_2.15-0ubuntu10.15_amd64.deb) ...
Unpacking replacement libc6-dev ...
Preparing to replace libc-dev-bin 2.15-0ubuntu10.10 (using .../libc-dev-bin_2.15-0ubuntu10.15_amd64.deb) ...
Unpacking replacement libc-dev-bin ...
Preparing to replace libc-bin 2.15-0ubuntu10.10 (using .../libc-bin_2.15-0ubuntu10.15_amd64.deb) ...
Unpacking replacement libc-bin ...
Processing triggers for man-db ...
Setting up libc-bin (2.15-0ubuntu10.15) ...
(Reading database ... (Reading database ... 5%(Reading database ... 10%(Reading database ... 15%(Reading database ... 20%(Reading database ... 25%(Reading database ... 30%(Reading database ... 35%(Reading database ... 40%(Reading database ... 45%(Reading database ... 50%(Reading database ... 55%(Reading database ... 60%(Reading database ... 65%(Reading database ... 70%(Reading database ... 75%(Reading database ... 80%(Reading database ... 85%(Reading database ... 90%(Reading database ... 95%(Reading database ... 100%(Reading database ... 72018 files and directories currently installed.)
Preparing to replace libc6 2.15-0ubuntu10.10 (using .../libc6_2.15-0ubuntu10.15_amd64.deb) ...
Unpacking replacement libc6 ...
Setting up libc6 (2.15-0ubuntu10.15) ...
Setting up libc-dev-bin (2.15-0ubuntu10.15) ...
Setting up libc6-dev (2.15-0ubuntu10.15) ...
Processing triggers for libc-bin ...
ldconfig deferred processing now taking place
travis_fold:end:fix.CVE-2015-7547[0Ktravis_fold:start:git.checkout[0Ktravis_time:start:10e6dfa0[0K$ git clone --depth=50 --branch=master https://github.com/owlcs/owlapi.git owlcs/owlapi
Cloning into 'owlcs/owlapi'...
remote: Counting objects: 4046, done.[K
remote: Compressing objects:   0% (1/2044)   [Kremote: Compressing objects:   1% (21/2044)   [Kremote: Compressing objects:   2% (41/2044)   [Kremote: Compressing objects:   3% (62/2044)   [Kremote: Compressing objects:   4% (82/2044)   [Kremote: Compressing objects:   5% (103/2044)   [Kremote: Compressing objects:   6% (123/2044)   [Kremote: Compressing objects:   7% (144/2044)   [Kremote: Compressing objects:   8% (164/2044)   [Kremote: Compressing objects:   9% (184/2044)   [Kremote: Compressing objects:  10% (205/2044)   [Kremote: Compressing objects:  11% (225/2044)   [Kremote: Compressing objects:  12% (246/2044)   [Kremote: Compressing objects:  13% (266/2044)   [Kremote: Compressing objects:  14% (287/2044)   [Kremote: Compressing objects:  15% (307/2044)   [Kremote: Compressing objects:  16% (328/2044)   [Kremote: Compressing objects:  17% (348/2044)   [Kremote: Compressing objects:  18% (368/2044)   [Kremote: Compressing objects:  19% (389/2044)   [Kremote: Compressing objects:  20% (409/2044)   [Kremote: Compressing objects:  21% (430/2044)   [Kremote: Compressing objects:  22% (450/2044)   [Kremote: Compressing objects:  23% (471/2044)   [Kremote: Compressing objects:  24% (491/2044)   [Kremote: Compressing objects:  25% (511/2044)   [Kremote: Compressing objects:  26% (532/2044)   [Kremote: Compressing objects:  27% (552/2044)   [Kremote: Compressing objects:  28% (573/2044)   [Kremote: Compressing objects:  29% (593/2044)   [Kremote: Compressing objects:  30% (614/2044)   [Kremote: Compressing objects:  31% (634/2044)   [Kremote: Compressing objects:  32% (655/2044)   [Kremote: Compressing objects:  33% (675/2044)   [Kremote: Compressing objects:  34% (695/2044)   [Kremote: Compressing objects:  35% (716/2044)   [Kremote: Compressing objects:  36% (736/2044)   [Kremote: Compressing objects:  37% (757/2044)   [Kremote: Compressing objects:  38% (777/2044)   [Kremote: Compressing objects:  39% (798/2044)   [Kremote: Compressing objects:  40% (818/2044)   [Kremote: Compressing objects:  41% (839/2044)   [Kremote: Compressing objects:  42% (859/2044)   [Kremote: Compressing objects:  43% (879/2044)   [Kremote: Compressing objects:  44% (900/2044)   [Kremote: Compressing objects:  45% (920/2044)   [Kremote: Compressing objects:  46% (941/2044)   [Kremote: Compressing objects:  47% (961/2044)   [Kremote: Compressing objects:  48% (982/2044)   [Kremote: Compressing objects:  49% (1002/2044)   [Kremote: Compressing objects:  50% (1022/2044)   [Kremote: Compressing objects:  51% (1043/2044)   [Kremote: Compressing objects:  52% (1063/2044)   [Kremote: Compressing objects:  53% (1084/2044)   [Kremote: Compressing objects:  54% (1104/2044)   [Kremote: Compressing objects:  55% (1125/2044)   [Kremote: Compressing objects:  56% (1145/2044)   [Kremote: Compressing objects:  57% (1166/2044)   [Kremote: Compressing objects:  58% (1186/2044)   [Kremote: Compressing objects:  59% (1206/2044)   [Kremote: Compressing objects:  60% (1227/2044)   [Kremote: Compressing objects:  61% (1247/2044)   [Kremote: Compressing objects:  62% (1268/2044)   [Kremote: Compressing objects:  63% (1288/2044)   [Kremote: Compressing objects:  64% (1309/2044)   [Kremote: Compressing objects:  65% (1329/2044)   [Kremote: Compressing objects:  66% (1350/2044)   [Kremote: Compressing objects:  67% (1370/2044)   [Kremote: Compressing objects:  68% (1390/2044)   [Kremote: Compressing objects:  69% (1411/2044)   [Kremote: Compressing objects:  70% (1431/2044)   [Kremote: Compressing objects:  71% (1452/2044)   [Kremote: Compressing objects:  72% (1472/2044)   [Kremote: Compressing objects:  73% (1493/2044)   [Kremote: Compressing objects:  74% (1513/2044)   [Kremote: Compressing objects:  75% (1533/2044)   [Kremote: Compressing objects:  76% (1554/2044)   [Kremote: Compressing objects:  77% (1574/2044)   [Kremote: Compressing objects:  78% (1595/2044)   [Kremote: Compressing objects:  79% (1615/2044)   [Kremote: Compressing objects:  80% (1636/2044)   [Kremote: Compressing objects:  81% (1656/2044)   [Kremote: Compressing objects:  82% (1677/2044)   [Kremote: Compressing objects:  83% (1697/2044)   [Kremote: Compressing objects:  84% (1717/2044)   [Kremote: Compressing objects:  85% (1738/2044)   [Kremote: Compressing objects:  86% (1758/2044)   [Kremote: Compressing objects:  87% (1779/2044)   [Kremote: Compressing objects:  88% (1799/2044)   [Kremote: Compressing objects:  89% (1820/2044)   [Kremote: Compressing objects:  90% (1840/2044)   [Kremote: Compressing objects:  91% (1861/2044)   [Kremote: Compressing objects:  92% (1881/2044)   [Kremote: Compressing objects:  93% (1901/2044)   [Kremote: Compressing objects:  94% (1922/2044)   [Kremote: Compressing objects:  95% (1942/2044)   [Kremote: Compressing objects:  96% (1963/2044)   [Kremote: Compressing objects:  97% (1983/2044)   [Kremote: Compressing objects:  98% (2004/2044)   [Kremote: Compressing objects:  99% (2024/2044)   [Kremote: Compressing objects: 100% (2044/2044)   [Kremote: Compressing objects: 100% (2044/2044), done.[K
Receiving objects:   0% (1/4046)   Receiving objects:   1% (41/4046)   Receiving objects:   2% (81/4046)   Receiving objects:   3% (122/4046)   Receiving objects:   4% (162/4046)   Receiving objects:   5% (203/4046)   Receiving objects:   6% (243/4046)   Receiving objects:   7% (284/4046)   Receiving objects:   8% (324/4046)   Receiving objects:   9% (365/4046)   Receiving objects:  10% (405/4046)   Receiving objects:  11% (446/4046)   Receiving objects:  12% (486/4046)   Receiving objects:  13% (526/4046)   Receiving objects:  14% (567/4046)   Receiving objects:  15% (607/4046)   Receiving objects:  16% (648/4046)   Receiving objects:  17% (688/4046)   Receiving objects:  18% (729/4046)   Receiving objects:  19% (769/4046)   Receiving objects:  20% (810/4046)   Receiving objects:  21% (850/4046)   Receiving objects:  22% (891/4046)   Receiving objects:  23% (931/4046)   Receiving objects:  24% (972/4046)   Receiving objects:  25% (1012/4046)   Receiving objects:  26% (1052/4046)   Receiving objects:  27% (1093/4046)   Receiving objects:  28% (1133/4046)   Receiving objects:  29% (1174/4046)   Receiving objects:  30% (1214/4046)   Receiving objects:  31% (1255/4046)   Receiving objects:  32% (1295/4046)   Receiving objects:  33% (1336/4046)   Receiving objects:  34% (1376/4046)   Receiving objects:  35% (1417/4046)   Receiving objects:  36% (1457/4046)   Receiving objects:  37% (1498/4046)   Receiving objects:  38% (1538/4046)   Receiving objects:  39% (1578/4046)   Receiving objects:  40% (1619/4046)   Receiving objects:  41% (1659/4046)   Receiving objects:  42% (1700/4046)   Receiving objects:  43% (1740/4046)   Receiving objects:  44% (1781/4046)   Receiving objects:  45% (1821/4046)   Receiving objects:  46% (1862/4046)   Receiving objects:  47% (1902/4046)   Receiving objects:  48% (1943/4046)   Receiving objects:  49% (1983/4046)   Receiving objects:  50% (2023/4046)   Receiving objects:  51% (2064/4046)   Receiving objects:  52% (2104/4046)   Receiving objects:  53% (2145/4046)   Receiving objects:  54% (2185/4046)   Receiving objects:  55% (2226/4046)   Receiving objects:  56% (2266/4046)   Receiving objects:  57% (2307/4046)   Receiving objects:  58% (2347/4046)   Receiving objects:  59% (2388/4046)   Receiving objects:  60% (2428/4046)   Receiving objects:  61% (2469/4046)   Receiving objects:  62% (2509/4046)   Receiving objects:  63% (2549/4046)   Receiving objects:  64% (2590/4046)   Receiving objects:  65% (2630/4046)   Receiving objects:  66% (2671/4046)   Receiving objects:  67% (2711/4046)   Receiving objects:  68% (2752/4046)   Receiving objects:  69% (2792/4046)   Receiving objects:  70% (2833/4046)   Receiving objects:  71% (2873/4046)   Receiving objects:  72% (2914/4046)   Receiving objects:  73% (2954/4046)   Receiving objects:  74% (2995/4046)   Receiving objects:  75% (3035/4046)   Receiving objects:  76% (3075/4046)   Receiving objects:  77% (3116/4046)   Receiving objects:  78% (3156/4046)   Receiving objects:  79% (3197/4046)   Receiving objects:  80% (3237/4046)   Receiving objects:  81% (3278/4046)   Receiving objects:  82% (3318/4046)   Receiving objects:  83% (3359/4046)   Receiving objects:  84% (3399/4046)   Receiving objects:  85% (3440/4046)   Receiving objects:  86% (3480/4046)   Receiving objects:  87% (3521/4046)   Receiving objects:  88% (3561/4046)   Receiving objects:  89% (3601/4046)   Receiving objects:  90% (3642/4046)   Receiving objects:  91% (3682/4046)   Receiving objects:  92% (3723/4046)   remote: Total 4046 (delta 2239), reused 2844 (delta 1582), pack-reused 0[K
Receiving objects:  93% (3763/4046)   Receiving objects:  94% (3804/4046)   Receiving objects:  95% (3844/4046)   Receiving objects:  96% (3885/4046)   Receiving objects:  97% (3925/4046)   Receiving objects:  98% (3966/4046)   Receiving objects:  99% (4006/4046)   Receiving objects: 100% (4046/4046)   Receiving objects: 100% (4046/4046), 2.28 MiB | 0 bytes/s, done.
Resolving deltas:   0% (0/2239)   Resolving deltas:   5% (119/2239)   Resolving deltas:   8% (183/2239)   Resolving deltas:   9% (202/2239)   Resolving deltas:  10% (224/2239)   Resolving deltas:  11% (248/2239)   Resolving deltas:  12% (275/2239)   Resolving deltas:  13% (299/2239)   Resolving deltas:  14% (315/2239)   Resolving deltas:  16% (363/2239)   Resolving deltas:  17% (383/2239)   Resolving deltas:  18% (412/2239)   Resolving deltas:  19% (440/2239)   Resolving deltas:  21% (478/2239)   Resolving deltas:  22% (495/2239)   Resolving deltas:  24% (544/2239)   Resolving deltas:  25% (569/2239)   Resolving deltas:  26% (585/2239)   Resolving deltas:  27% (606/2239)   Resolving deltas:  28% (637/2239)   Resolving deltas:  29% (657/2239)   Resolving deltas:  30% (673/2239)   Resolving deltas:  31% (703/2239)   Resolving deltas:  32% (723/2239)   Resolving deltas:  33% (741/2239)   Resolving deltas:  34% (770/2239)   Resolving deltas:  35% (784/2239)   Resolving deltas:  37% (841/2239)   Resolving deltas:  38% (854/2239)   Resolving deltas:  39% (874/2239)   Resolving deltas:  40% (897/2239)   Resolving deltas:  41% (927/2239)   Resolving deltas:  42% (942/2239)   Resolving deltas:  43% (964/2239)   Resolving deltas:  44% (993/2239)   Resolving deltas:  45% (1019/2239)   Resolving deltas:  46% (1040/2239)   Resolving deltas:  47% (1054/2239)   Resolving deltas:  48% (1076/2239)   Resolving deltas:  49% (1107/2239)   Resolving deltas:  50% (1121/2239)   Resolving deltas:  51% (1155/2239)   Resolving deltas:  52% (1165/2239)   Resolving deltas:  53% (1189/2239)   Resolving deltas:  54% (1210/2239)   Resolving deltas:  55% (1232/2239)   Resolving deltas:  56% (1255/2239)   Resolving deltas:  57% (1285/2239)   Resolving deltas:  58% (1300/2239)   Resolving deltas:  59% (1322/2239)   Resolving deltas:  60% (1346/2239)   Resolving deltas:  61% (1369/2239)   Resolving deltas:  62% (1393/2239)   Resolving deltas:  63% (1418/2239)   Resolving deltas:  64% (1436/2239)   Resolving deltas:  66% (1483/2239)   Resolving deltas:  67% (1502/2239)   Resolving deltas:  68% (1523/2239)   Resolving deltas:  69% (1565/2239)   Resolving deltas:  70% (1579/2239)   Resolving deltas:  71% (1594/2239)   Resolving deltas:  72% (1614/2239)   Resolving deltas:  73% (1635/2239)   Resolving deltas:  74% (1658/2239)   Resolving deltas:  75% (1685/2239)   Resolving deltas:  76% (1704/2239)   Resolving deltas:  77% (1725/2239)   Resolving deltas:  78% (1752/2239)   Resolving deltas:  79% (1771/2239)   Resolving deltas:  80% (1793/2239)   Resolving deltas:  83% (1865/2239)   Resolving deltas:  84% (1881/2239)   Resolving deltas:  85% (1904/2239)   Resolving deltas:  86% (1926/2239)   Resolving deltas:  87% (1948/2239)   Resolving deltas:  88% (1971/2239)   Resolving deltas:  89% (1993/2239)   Resolving deltas:  90% (2017/2239)   Resolving deltas:  91% (2042/2239)   Resolving deltas:  92% (2064/2239)   Resolving deltas:  93% (2084/2239)   Resolving deltas:  94% (2107/2239)   Resolving deltas:  95% (2130/2239)   Resolving deltas:  96% (2154/2239)   Resolving deltas:  97% (2174/2239)   Resolving deltas:  98% (2199/2239)   Resolving deltas:  99% (2225/2239)   Resolving deltas: 100% (2239/2239)   Resolving deltas: 100% (2239/2239), done.
Checking connectivity... done.

travis_time:end:10e6dfa0:start=1484436079045682454,finish=1484436080249378955,duration=1203696501[0K$ cd owlcs/owlapi
$ git checkout -qf 7e42dea7059e16e202471d862135c4728365a6a6
travis_fold:end:git.checkout[0Ktravis_fold:start:apt[0K[33;1mInstalling APT Packages (BETA)[0m
$ export DEBIAN_FRONTEND=noninteractive
travis_time:start:11d5481c[0K$ sudo -E apt-get -yq update &>> ~/apt-get-update.log

travis_time:end:11d5481c:start=1484436080373651278,finish=1484436085174769594,duration=4801118316[0Ktravis_time:start:09008570[0K$ sudo -E apt-get -yq --no-install-suggests --no-install-recommends --force-yes install oracle-java8-installer
Reading package lists...
Building dependency tree...
Reading state information...
Suggested packages:
  binfmt-support visualvm ttf-baekmuk ttf-unfonts ttf-unfonts-core
  ttf-kochi-gothic ttf-sazanami-gothic ttf-kochi-mincho ttf-sazanami-mincho
  ttf-arphic-uming
Recommended packages:
  oracle-java8-set-default
The following packages will be upgraded:
  oracle-java8-installer
1 upgraded, 0 newly installed, 0 to remove and 266 not upgraded.
Need to get 23.5 kB of archives.
After this operation, 128 kB disk space will be freed.
Get:1 http://ppa.launchpad.net/webupd8team/java/ubuntu/ precise/main oracle-java8-installer all 8u111+8u111arm-1~webupd8~0 [23.5 kB]
Fetched 23.5 kB in 0s (103 kB/s)
Preconfiguring packages ...
(Reading database ... (Reading database ... 5%(Reading database ... 10%(Reading database ... 15%(Reading database ... 20%(Reading database ... 25%(Reading database ... 30%(Reading database ... 35%(Reading database ... 40%(Reading database ... 45%(Reading database ... 50%(Reading database ... 55%(Reading database ... 60%(Reading database ... 65%(Reading database ... 70%(Reading database ... 75%(Reading database ... 80%(Reading database ... 85%(Reading database ... 90%(Reading database ... 95%(Reading database ... 100%(Reading database ... 72018 files and directories currently installed.)
Preparing to replace oracle-java8-installer 8u31+8u33arm-1~webupd8~1 (using .../oracle-java8-installer_8u111+8u111arm-1~webupd8~0_all.deb) ...
oracle-license-v1-1 license has already been accepted
Unpacking replacement oracle-java8-installer ...
Processing triggers for shared-mime-info ...
Setting up oracle-java8-installer (8u111+8u111arm-1~webupd8~0) ...
No /var/cache/oracle-jdk8-installer/wgetrc file found.
Creating /var/cache/oracle-jdk8-installer/wgetrc and
using default oracle-java8-installer wgetrc settings for it.
Downloading Oracle Java 8...
--2017-01-14 23:21:31--  http://download.oracle.com/otn-pub/java/jdk/8u111-b14/jdk-8u111-linux-x64.tar.gz
Resolving download.oracle.com (download.oracle.com)... 104.96.220.162, 104.96.220.152
Connecting to download.oracle.com (download.oracle.com)|104.96.220.162|:80... connected.
HTTP request sent, awaiting response... 302 Moved Temporarily
Location: https://edelivery.oracle.com/otn-pub/java/jdk/8u111-b14/jdk-8u111-linux-x64.tar.gz [following]
--2017-01-14 23:21:31--  https://edelivery.oracle.com/otn-pub/java/jdk/8u111-b14/jdk-8u111-linux-x64.tar.gz
Resolving edelivery.oracle.com (edelivery.oracle.com)... 184.30.70.138, 2600:1408:10:184::2d3e, 2600:1408:10:185::2d3e
Connecting to edelivery.oracle.com (edelivery.oracle.com)|184.30.70.138|:443... connected.
HTTP request sent, awaiting response... 302 Moved Temporarily
Location: http://download.oracle.com/otn-pub/java/jdk/8u111-b14/jdk-8u111-linux-x64.tar.gz?AuthParam=1484436212_bc845447ad90a81ec8b0cedc4457996b [following]
--2017-01-14 23:21:31--  http://download.oracle.com/otn-pub/java/jdk/8u111-b14/jdk-8u111-linux-x64.tar.gz?AuthParam=1484436212_bc845447ad90a81ec8b0cedc4457996b
Connecting to download.oracle.com (download.oracle.com)|104.96.220.162|:80... connected.
HTTP request sent, awaiting response... 200 OK
Length: 181442359 (173M) [application/x-gzip]
Saving to: `jdk-8u111-linux-x64.tar.gz'

     0K ........ ........ ........ ........ ........ ........  1% 19.3M 9s
  3072K ........ ........ ........ ........ ........ ........  3% 17.8M 9s
  6144K ........ ........ ........ ........ ........ ........  5% 19.4M 9s
  9216K ........ ........ ........ ........ ........ ........  6% 17.9M 9s
 12288K ........ ........ ........ ........ ........ ........  8% 19.6M 8s
 15360K ........ ........ ........ ........ ........ ........ 10% 17.5M 8s
 18432K ........ ........ ........ ........ ........ ........ 12% 19.6M 8s
 21504K ........ ........ ........ ........ ........ ........ 13% 18.1M 8s
 24576K ........ ........ ........ ........ ........ ........ 15% 19.3M 8s
 27648K ........ ........ ........ ........ ........ ........ 17% 18.1M 8s
 30720K ........ ........ ........ ........ ........ ........ 19% 19.0M 8s
 33792K ........ ........ ........ ........ ........ ........ 20% 17.9M 7s
 36864K ........ ........ ........ ........ ........ ........ 22% 19.3M 7s
 39936K ........ ........ ........ ........ ........ ........ 24% 18.0M 7s
 43008K ........ ........ ........ ........ ........ ........ 26% 18.7M 7s
 46080K ........ ........ ........ ........ ........ ........ 27% 17.6M 7s
 49152K ........ ........ ........ ........ ........ ........ 29% 18.1M 7s
 52224K ........ ........ ........ ........ ........ ........ 31% 18.1M 6s
 55296K ........ ........ ........ ........ ........ ........ 32% 21.6M 6s
 58368K ........ ........ ........ ........ ........ ........ 34% 16.4M 6s
 61440K ........ ........ ........ ........ ........ ........ 36% 18.6M 6s
 64512K ........ ........ ........ ........ ........ ........ 38% 17.9M 6s
 67584K ........ ........ ........ ........ ........ ........ 39% 19.4M 6s
 70656K ........ ........ ........ ........ ........ ........ 41% 18.0M 5s
 73728K ........ ........ ........ ........ ........ ........ 43% 19.4M 5s
 76800K ........ ........ ........ ........ ........ ........ 45% 17.8M 5s
 79872K ........ ........ ........ ........ ........ ........ 46% 19.5M 5s
 82944K ........ ........ ........ ........ ........ ........ 48% 18.1M 5s
 86016K ........ ........ ........ ........ ........ ........ 50% 17.0M 5s
 89088K ........ ........ ........ ........ ........ ........ 52% 17.9M 5s
 92160K ........ ........ ........ ........ ........ ........ 53% 19.5M 4s
 95232K ........ ........ ........ ........ ........ ........ 55% 17.3M 4s
 98304K ........ ........ ........ ........ ........ ........ 57% 19.1M 4s
101376K ........ ........ ........ ........ ........ ........ 58% 18.1M 4s
104448K ........ ........ ........ ........ ........ ........ 60% 17.3M 4s
107520K ........ ........ ........ ........ ........ ........ 62% 17.5M 4s
110592K ........ ........ ........ ........ ........ ........ 64% 19.4M 3s
113664K ........ ........ ........ ........ ........ ........ 65% 18.0M 3s
116736K ........ ........ ........ ........ ........ ........ 67% 17.5M 3s
119808K ........ ........ ........ ........ ........ ........ 69% 17.9M 3s
122880K ........ ........ ........ ........ ........ ........ 71% 18.5M 3s
125952K ........ ........ ........ ........ ........ ........ 72% 18.0M 3s
129024K ........ ........ ........ ........ ........ ........ 74% 19.7M 2s
132096K ........ ........ ........ ........ ........ ........ 76% 17.7M 2s
135168K ........ ........ ........ ........ ........ ........ 78% 19.3M 2s
138240K ........ ........ ........ ........ ........ ........ 79% 15.1M 2s
141312K ........ ........ ........ ........ ........ ........ 81% 6.80M 2s
144384K ........ ........ ........ ........ ........ ........ 83% 18.1M 2s
147456K ........ ........ ........ ........ ........ ........ 84% 19.4M 1s
150528K ........ ........ ........ ........ ........ ........ 86% 17.8M 1s
153600K ........ ........ ........ ........ ........ ........ 88% 19.6M 1s
156672K ........ ........ ........ ........ ........ ........ 90% 43.5M 1s
159744K ........ ........ ........ ........ ........ ........ 91%  262M 1s
162816K ........ ........ ........ ........ ........ ........ 93%  368M 1s
165888K ........ ........ ........ ........ ........ ........ 95%  291M 0s
168960K ........ ........ ........ ........ ........ ........ 97%  356M 0s
172032K ........ ........ ........ ........ ........ ........ 98%  416M 0s
175104K ........ ........ ........ ........                  100% 35.9M=8.8s

2017-01-14 23:21:40 (19.7 MB/s) - `jdk-8u111-linux-x64.tar.gz' saved [181442359/181442359]

Download done.
Removing outdated cached downloads...
Oracle JRE 8 browser plugin installed
Oracle JDK 8 installed

#####Important########
To set Oracle JDK8 as default, install the "oracle-java8-set-default" package.
E.g.: sudo apt install oracle-java8-set-default.

travis_time:end:09008570:start=1484436085178780198,finish=1484436105953701801,duration=20774921603[0Ktravis_fold:end:apt[0K
[33;1mThis job is running on container-based infrastructure, which does not allow use of 'sudo', setuid and setguid executables.[0m
[33;1mIf you require sudo, add 'sudo: required' to your .travis.yml[0m
[33;1mSee https://docs.travis-ci.com/user/workers/container-based-infrastructure/ for details.[0m
$ jdk_switcher use oraclejdk8
Switching to Oracle JDK8 (java-8-oracle), JAVA_HOME will be set to /usr/lib/jvm/java-8-oracle
travis_fold:start:cache.1[0KSetting up build cache
$ export CASHER_DIR=$HOME/.casher
travis_time:start:0d3f499a[0K$ Installing caching utilities

travis_time:end:0d3f499a:start=1484436108194014142,finish=1484436108228360337,duration=34346195[0Ktravis_time:start:020ed4a0[0K
travis_time:end:020ed4a0:start=1484436108233950856,finish=1484436108237530983,duration=3580127[0Ktravis_time:start:15cd5fa0[0K[32;1mattempting to download cache archive[0m
[32;1mfetching master/cache-linux-precise-e3b0c44298fc1c149afbf4c8996fb92427ae41e4649b934ca495991b7852b855--jdk-oraclejdk8.tgz[0m
[32;1mfetching master/cache--jdk-oraclejdk8.tgz[0m
[32;1mfetching version5/cache-linux-precise-e3b0c44298fc1c149afbf4c8996fb92427ae41e4649b934ca495991b7852b855--jdk-oraclejdk8.tgz[0m
[32;1mfound cache[0m

travis_time:end:15cd5fa0:start=1484436108241618928,finish=1484436110406866487,duration=2165247559[0Ktravis_time:start:105392dc[0K
travis_time:end:105392dc:start=1484436110411291239,finish=1484436110415114377,duration=3823138[0Ktravis_time:start:063e8da4[0K[32;1madding /home/travis/.m2 to cache[0m

travis_time:end:063e8da4:start=1484436110419554050,finish=1484436113273594897,duration=2854040847[0Ktravis_fold:end:cache.1[0K$ java -Xmx32m -version
java version "1.8.0_111"
Java(TM) SE Runtime Environment (build 1.8.0_111-b14)
Java HotSpot(TM) 64-Bit Server VM (build 25.111-b14, mixed mode)
$ javac -J-Xmx32m -version
javac 1.8.0_111
travis_fold:start:install[0Ktravis_time:start:1376d15e[0K$ mvn install -DskipTests=true -Dmaven.javadoc.skip=true -B -V
Java HotSpot(TM) 64-Bit Server VM warning: ignoring option MaxPermSize=192m; support was removed in 8.0
Apache Maven 3.2.5 (12a6b3acb947671f09b81f49094c53f426d8cea1; 2014-12-14T17:29:23+00:00)
Maven home: /usr/local/maven
Java version: 1.8.0_111, vendor: Oracle Corporation
Java home: /usr/lib/jvm/java-8-oracle/jre
Default locale: en_US, platform encoding: UTF-8
OS name: "linux", version: "4.8.12-040812-generic", arch: "amd64", family: "unix"
[INFO] Scanning for projects...
[INFO] Inspecting build with total of 12 modules...
[INFO] Installing Nexus Staging features:
[INFO]   ... total of 12 executions of maven-deploy-plugin replaced with nexus-staging-maven-plugin
[INFO] ------------------------------------------------------------------------
[INFO] Reactor Build Order:
[INFO] 
[INFO] OWLAPI
[INFO] OWLAPI :: Interfaces
[INFO] OWLAPI :: Default Implementation
[INFO] OWLAPI :: Atomic Decomposition and Explanation
[INFO] OWLAPI :: Parsers
[INFO] OWLAPI :: OBO Format
[INFO] OWLAPI :: RDF4J Rio
[INFO] OWLAPI :: Binding and Config
[INFO] OWLAPI :: Compatibility
[INFO] OWLAPI :: Tests and Tutorials
[INFO] OWLAPI :: Distribution
[INFO] OWLAPI :: OSGi and Compatibility Distribution
[INFO]                                                                         
[INFO] ------------------------------------------------------------------------
[INFO] Building OWLAPI 6.0.0-SNAPSHOT
[INFO] ------------------------------------------------------------------------
[INFO] 
[INFO] --- maven-enforcer-plugin:1.0:enforce (enforce-maven) @ owlapi-parent ---
[INFO] 
[INFO] >>> maven-source-plugin:3.0.1:jar (attach-sources) > generate-sources @ owlapi-parent >>>
[INFO] 
[INFO] --- maven-enforcer-plugin:1.0:enforce (enforce-maven) @ owlapi-parent ---
[INFO] 
[INFO] <<< maven-source-plugin:3.0.1:jar (attach-sources) < generate-sources @ owlapi-parent <<<
[INFO] 
[INFO] --- maven-source-plugin:3.0.1:jar (attach-sources) @ owlapi-parent ---
[INFO] 
[INFO] --- maven-javadoc-plugin:2.10.4:jar (attach-javadocs) @ owlapi-parent ---
[INFO] Skipping javadoc generation
[INFO] 
[INFO] --- maven-failsafe-plugin:2.19.1:integration-test (default) @ owlapi-parent ---
[INFO] Tests are skipped.
[INFO] 
[INFO] --- maven-failsafe-plugin:2.19.1:verify (default) @ owlapi-parent ---
[INFO] Tests are skipped.
[INFO] 
[INFO] --- maven-install-plugin:2.4:install (default-install) @ owlapi-parent ---
[INFO] Installing /home/travis/build/owlcs/owlapi/pom.xml to /home/travis/.m2/repository/net/sourceforge/owlapi/owlapi-parent/6.0.0-SNAPSHOT/owlapi-parent-6.0.0-SNAPSHOT.pom
[INFO]                                                                         
[INFO] ------------------------------------------------------------------------
[INFO] Building OWLAPI :: Interfaces 6.0.0-SNAPSHOT
[INFO] ------------------------------------------------------------------------
[INFO] 
[INFO] --- maven-enforcer-plugin:1.0:enforce (enforce-maven) @ owlapi-api ---
[INFO] 
[INFO] --- maven-resources-plugin:2.6:resources (default-resources) @ owlapi-api ---
[INFO] Using 'UTF-8' encoding to copy filtered resources.
[INFO] skip non existing resourceDirectory /home/travis/build/owlcs/owlapi/api/src/main/resources
[INFO] 
[INFO] --- maven-compiler-plugin:3.6.0:compile (default-compile) @ owlapi-api ---
[INFO] Changes detected - recompiling the module!
[INFO] Compiling 839 source files to /home/travis/build/owlcs/owlapi/api/target/classes
[INFO] /home/travis/build/owlcs/owlapi/api/src/main/java/org/semanticweb/owlapi/model/OWLDeclarationAxiom.java: Some input files use unchecked or unsafe operations.
[INFO] /home/travis/build/owlcs/owlapi/api/src/main/java/org/semanticweb/owlapi/model/OWLDeclarationAxiom.java: Recompile with -Xlint:unchecked for details.
[INFO] 
[INFO] --- maven-resources-plugin:2.6:testResources (default-testResources) @ owlapi-api ---
[INFO] Using 'UTF-8' encoding to copy filtered resources.
[INFO] Copying 1 resource
[INFO] 
[INFO] --- maven-compiler-plugin:3.6.0:testCompile (default-testCompile) @ owlapi-api ---
[INFO] Changes detected - recompiling the module!
[INFO] Compiling 8 source files to /home/travis/build/owlcs/owlapi/api/target/test-classes
[INFO] 
[INFO] --- maven-surefire-plugin:2.19.1:test (default-test) @ owlapi-api ---
[INFO] Tests are skipped.
[INFO] 
[INFO] --- maven-jar-plugin:2.4:jar (default-jar) @ owlapi-api ---
[INFO] Building jar: /home/travis/build/owlcs/owlapi/api/target/owlapi-api-6.0.0-SNAPSHOT.jar
[INFO] 
[INFO] >>> maven-source-plugin:3.0.1:jar (attach-sources) > generate-sources @ owlapi-api >>>
[INFO] 
[INFO] --- maven-enforcer-plugin:1.0:enforce (enforce-maven) @ owlapi-api ---
[INFO] 
[INFO] <<< maven-source-plugin:3.0.1:jar (attach-sources) < generate-sources @ owlapi-api <<<
[INFO] 
[INFO] --- maven-source-plugin:3.0.1:jar (attach-sources) @ owlapi-api ---
[INFO] Building jar: /home/travis/build/owlcs/owlapi/api/target/owlapi-api-6.0.0-SNAPSHOT-sources.jar
[INFO] 
[INFO] --- maven-javadoc-plugin:2.10.4:jar (attach-javadocs) @ owlapi-api ---
[INFO] Skipping javadoc generation
[INFO] 
[INFO] --- maven-failsafe-plugin:2.19.1:integration-test (default) @ owlapi-api ---
[INFO] Tests are skipped.
[INFO] 
[INFO] --- maven-failsafe-plugin:2.19.1:verify (default) @ owlapi-api ---
[INFO] Tests are skipped.
[INFO] 
[INFO] --- maven-install-plugin:2.4:install (default-install) @ owlapi-api ---
[INFO] Installing /home/travis/build/owlcs/owlapi/api/target/owlapi-api-6.0.0-SNAPSHOT.jar to /home/travis/.m2/repository/net/sourceforge/owlapi/owlapi-api/6.0.0-SNAPSHOT/owlapi-api-6.0.0-SNAPSHOT.jar
[INFO] Installing /home/travis/build/owlcs/owlapi/api/pom.xml to /home/travis/.m2/repository/net/sourceforge/owlapi/owlapi-api/6.0.0-SNAPSHOT/owlapi-api-6.0.0-SNAPSHOT.pom
[INFO] Installing /home/travis/build/owlcs/owlapi/api/target/owlapi-api-6.0.0-SNAPSHOT-sources.jar to /home/travis/.m2/repository/net/sourceforge/owlapi/owlapi-api/6.0.0-SNAPSHOT/owlapi-api-6.0.0-SNAPSHOT-sources.jar
[INFO]                                                                         
[INFO] ------------------------------------------------------------------------
[INFO] Building OWLAPI :: Default Implementation 6.0.0-SNAPSHOT
[INFO] ------------------------------------------------------------------------
[INFO] 
[INFO] --- maven-enforcer-plugin:1.0:enforce (enforce-maven) @ owlapi-impl ---
[INFO] 
[INFO] --- maven-resources-plugin:2.6:resources (default-resources) @ owlapi-impl ---
[INFO] Using 'UTF-8' encoding to copy filtered resources.
[INFO] skip non existing resourceDirectory /home/travis/build/owlcs/owlapi/impl/src/main/resources
[INFO] 
[INFO] --- maven-compiler-plugin:3.6.0:compile (default-compile) @ owlapi-impl ---
[INFO] Changes detected - recompiling the module!
[INFO] Compiling 173 source files to /home/travis/build/owlcs/owlapi/impl/target/classes
[INFO] /home/travis/build/owlcs/owlapi/impl/src/main/java/uk/ac/manchester/cs/owl/owlapi/Internals.java: Some input files use or override a deprecated API.
[INFO] /home/travis/build/owlcs/owlapi/impl/src/main/java/uk/ac/manchester/cs/owl/owlapi/Internals.java: Recompile with -Xlint:deprecation for details.
[INFO] /home/travis/build/owlcs/owlapi/impl/src/main/java/uk/ac/manchester/cs/owl/owlapi/OWLDisjointClassesAxiomImpl.java: Some input files use unchecked or unsafe operations.
[INFO] /home/travis/build/owlcs/owlapi/impl/src/main/java/uk/ac/manchester/cs/owl/owlapi/OWLDisjointClassesAxiomImpl.java: Recompile with -Xlint:unchecked for details.
[INFO] 
[INFO] --- maven-resources-plugin:2.6:testResources (default-testResources) @ owlapi-impl ---
[INFO] Using 'UTF-8' encoding to copy filtered resources.
[INFO] skip non existing resourceDirectory /home/travis/build/owlcs/owlapi/impl/src/test/resources
[INFO] 
[INFO] --- maven-compiler-plugin:3.6.0:testCompile (default-testCompile) @ owlapi-impl ---
[INFO] Changes detected - recompiling the module!
[INFO] Compiling 9 source files to /home/travis/build/owlcs/owlapi/impl/target/test-classes
[INFO] /home/travis/build/owlcs/owlapi/impl/src/test/java/uk/ac/manchester/cs/owl/owlapi/concurrent/OWLOntologyManager_Concurrent_TestCase.java: /home/travis/build/owlcs/owlapi/impl/src/test/java/uk/ac/manchester/cs/owl/owlapi/concurrent/OWLOntologyManager_Concurrent_TestCase.java uses or overrides a deprecated API.
[INFO] /home/travis/build/owlcs/owlapi/impl/src/test/java/uk/ac/manchester/cs/owl/owlapi/concurrent/OWLOntologyManager_Concurrent_TestCase.java: Recompile with -Xlint:deprecation for details.
[INFO] 
[INFO] --- maven-surefire-plugin:2.19.1:test (default-test) @ owlapi-impl ---
[INFO] Tests are skipped.
[INFO] 
[INFO] --- maven-jar-plugin:2.4:jar (default-jar) @ owlapi-impl ---
[INFO] Building jar: /home/travis/build/owlcs/owlapi/impl/target/owlapi-impl-6.0.0-SNAPSHOT.jar
[INFO] 
[INFO] >>> maven-source-plugin:3.0.1:jar (attach-sources) > generate-sources @ owlapi-impl >>>
[INFO] 
[INFO] --- maven-enforcer-plugin:1.0:enforce (enforce-maven) @ owlapi-impl ---
[INFO] 
[INFO] <<< maven-source-plugin:3.0.1:jar (attach-sources) < generate-sources @ owlapi-impl <<<
[INFO] 
[INFO] --- maven-source-plugin:3.0.1:jar (attach-sources) @ owlapi-impl ---
[INFO] Building jar: /home/travis/build/owlcs/owlapi/impl/target/owlapi-impl-6.0.0-SNAPSHOT-sources.jar
[INFO] 
[INFO] --- maven-javadoc-plugin:2.10.4:jar (attach-javadocs) @ owlapi-impl ---
[INFO] Skipping javadoc generation
[INFO] 
[INFO] --- maven-failsafe-plugin:2.19.1:integration-test (default) @ owlapi-impl ---
[INFO] Tests are skipped.
[INFO] 
[INFO] --- maven-failsafe-plugin:2.19.1:verify (default) @ owlapi-impl ---
[INFO] Tests are skipped.
[INFO] 
[INFO] --- maven-install-plugin:2.4:install (default-install) @ owlapi-impl ---
[INFO] Installing /home/travis/build/owlcs/owlapi/impl/target/owlapi-impl-6.0.0-SNAPSHOT.jar to /home/travis/.m2/repository/net/sourceforge/owlapi/owlapi-impl/6.0.0-SNAPSHOT/owlapi-impl-6.0.0-SNAPSHOT.jar
[INFO] Installing /home/travis/build/owlcs/owlapi/impl/pom.xml to /home/travis/.m2/repository/net/sourceforge/owlapi/owlapi-impl/6.0.0-SNAPSHOT/owlapi-impl-6.0.0-SNAPSHOT.pom
[INFO] Installing /home/travis/build/owlcs/owlapi/impl/target/owlapi-impl-6.0.0-SNAPSHOT-sources.jar to /home/travis/.m2/repository/net/sourceforge/owlapi/owlapi-impl/6.0.0-SNAPSHOT/owlapi-impl-6.0.0-SNAPSHOT-sources.jar
[INFO]                                                                         
[INFO] ------------------------------------------------------------------------
[INFO] Building OWLAPI :: Atomic Decomposition and Explanation 6.0.0-SNAPSHOT
[INFO] ------------------------------------------------------------------------
[INFO] 
[INFO] --- maven-enforcer-plugin:1.0:enforce (enforce-maven) @ owlapi-tools ---
[INFO] 
[INFO] --- maven-resources-plugin:2.6:resources (default-resources) @ owlapi-tools ---
[INFO] Using 'UTF-8' encoding to copy filtered resources.
[INFO] skip non existing resourceDirectory /home/travis/build/owlcs/owlapi/tools/src/main/resources
[INFO] 
[INFO] --- maven-compiler-plugin:3.6.0:compile (default-compile) @ owlapi-tools ---
[INFO] Changes detected - recompiling the module!
[INFO] Compiling 123 source files to /home/travis/build/owlcs/owlapi/tools/target/classes
[INFO] 
[INFO] --- maven-resources-plugin:2.6:testResources (default-testResources) @ owlapi-tools ---
[INFO] Using 'UTF-8' encoding to copy filtered resources.
[INFO] skip non existing resourceDirectory /home/travis/build/owlcs/owlapi/tools/src/test/resources
[INFO] 
[INFO] --- maven-compiler-plugin:3.6.0:testCompile (default-testCompile) @ owlapi-tools ---
[INFO] No sources to compile
[INFO] 
[INFO] --- maven-surefire-plugin:2.19.1:test (default-test) @ owlapi-tools ---
[INFO] Tests are skipped.
[INFO] 
[INFO] --- maven-jar-plugin:2.4:jar (default-jar) @ owlapi-tools ---
[INFO] Building jar: /home/travis/build/owlcs/owlapi/tools/target/owlapi-tools-6.0.0-SNAPSHOT.jar
[INFO] 
[INFO] >>> maven-source-plugin:3.0.1:jar (attach-sources) > generate-sources @ owlapi-tools >>>
[INFO] 
[INFO] --- maven-enforcer-plugin:1.0:enforce (enforce-maven) @ owlapi-tools ---
[INFO] 
[INFO] <<< maven-source-plugin:3.0.1:jar (attach-sources) < generate-sources @ owlapi-tools <<<
[INFO] 
[INFO] --- maven-source-plugin:3.0.1:jar (attach-sources) @ owlapi-tools ---
[INFO] Building jar: /home/travis/build/owlcs/owlapi/tools/target/owlapi-tools-6.0.0-SNAPSHOT-sources.jar
[INFO] 
[INFO] --- maven-javadoc-plugin:2.10.4:jar (attach-javadocs) @ owlapi-tools ---
[INFO] Skipping javadoc generation
[INFO] 
[INFO] --- maven-failsafe-plugin:2.19.1:integration-test (default) @ owlapi-tools ---
[INFO] Tests are skipped.
[INFO] 
[INFO] --- maven-failsafe-plugin:2.19.1:verify (default) @ owlapi-tools ---
[INFO] Tests are skipped.
[INFO] 
[INFO] --- maven-install-plugin:2.4:install (default-install) @ owlapi-tools ---
[INFO] Installing /home/travis/build/owlcs/owlapi/tools/target/owlapi-tools-6.0.0-SNAPSHOT.jar to /home/travis/.m2/repository/net/sourceforge/owlapi/owlapi-tools/6.0.0-SNAPSHOT/owlapi-tools-6.0.0-SNAPSHOT.jar
[INFO] Installing /home/travis/build/owlcs/owlapi/tools/pom.xml to /home/travis/.m2/repository/net/sourceforge/owlapi/owlapi-tools/6.0.0-SNAPSHOT/owlapi-tools-6.0.0-SNAPSHOT.pom
[INFO] Installing /home/travis/build/owlcs/owlapi/tools/target/owlapi-tools-6.0.0-SNAPSHOT-sources.jar to /home/travis/.m2/repository/net/sourceforge/owlapi/owlapi-tools/6.0.0-SNAPSHOT/owlapi-tools-6.0.0-SNAPSHOT-sources.jar
[INFO]                                                                         
[INFO] ------------------------------------------------------------------------
[INFO] Building OWLAPI :: Parsers 6.0.0-SNAPSHOT
[INFO] ------------------------------------------------------------------------
[INFO] 
[INFO] --- maven-enforcer-plugin:1.0:enforce (enforce-maven) @ owlapi-parsers ---
[INFO] 
[INFO] --- maven-resources-plugin:2.6:resources (default-resources) @ owlapi-parsers ---
[INFO] Using 'UTF-8' encoding to copy filtered resources.
[INFO] Copying 2 resources
[INFO] 
[INFO] --- maven-compiler-plugin:3.6.0:compile (default-compile) @ owlapi-parsers ---
[INFO] Changes detected - recompiling the module!
[INFO] Compiling 195 source files to /home/travis/build/owlcs/owlapi/parsers/target/classes
[INFO] /home/travis/build/owlcs/owlapi/parsers/src/main/java/org/semanticweb/owlapi/functional/parser/OWLFunctionalSyntaxParser.java: Some input files use or override a deprecated API.
[INFO] /home/travis/build/owlcs/owlapi/parsers/src/main/java/org/semanticweb/owlapi/functional/parser/OWLFunctionalSyntaxParser.java: Recompile with -Xlint:deprecation for details.
[INFO] /home/travis/build/owlcs/owlapi/parsers/src/main/java/org/semanticweb/owlapi/rdf/model/AbstractTranslator.java: Some input files use unchecked or unsafe operations.
[INFO] /home/travis/build/owlcs/owlapi/parsers/src/main/java/org/semanticweb/owlapi/rdf/model/AbstractTranslator.java: Recompile with -Xlint:unchecked for details.
[INFO] 
[INFO] --- maven-resources-plugin:2.6:testResources (default-testResources) @ owlapi-parsers ---
[INFO] Using 'UTF-8' encoding to copy filtered resources.
[INFO] skip non existing resourceDirectory /home/travis/build/owlcs/owlapi/parsers/src/test/resources
[INFO] 
[INFO] --- maven-compiler-plugin:3.6.0:testCompile (default-testCompile) @ owlapi-parsers ---
[INFO] Changes detected - recompiling the module!
[INFO] Compiling 1 source file to /home/travis/build/owlcs/owlapi/parsers/target/test-classes
[INFO] 
[INFO] --- maven-surefire-plugin:2.19.1:test (default-test) @ owlapi-parsers ---
[INFO] Tests are skipped.
[INFO] 
[INFO] --- maven-jar-plugin:2.4:jar (default-jar) @ owlapi-parsers ---
[INFO] Building jar: /home/travis/build/owlcs/owlapi/parsers/target/owlapi-parsers-6.0.0-SNAPSHOT.jar
[INFO] 
[INFO] >>> maven-source-plugin:3.0.1:jar (attach-sources) > generate-sources @ owlapi-parsers >>>
[INFO] 
[INFO] --- maven-enforcer-plugin:1.0:enforce (enforce-maven) @ owlapi-parsers ---
[INFO] 
[INFO] <<< maven-source-plugin:3.0.1:jar (attach-sources) < generate-sources @ owlapi-parsers <<<
[INFO] 
[INFO] --- maven-source-plugin:3.0.1:jar (attach-sources) @ owlapi-parsers ---
[INFO] Building jar: /home/travis/build/owlcs/owlapi/parsers/target/owlapi-parsers-6.0.0-SNAPSHOT-sources.jar
[INFO] 
[INFO] --- maven-javadoc-plugin:2.10.4:jar (attach-javadocs) @ owlapi-parsers ---
[INFO] Skipping javadoc generation
[INFO] 
[INFO] --- maven-failsafe-plugin:2.19.1:integration-test (default) @ owlapi-parsers ---
[INFO] Tests are skipped.
[INFO] 
[INFO] --- maven-failsafe-plugin:2.19.1:verify (default) @ owlapi-parsers ---
[INFO] Tests are skipped.
[INFO] 
[INFO] --- maven-install-plugin:2.4:install (default-install) @ owlapi-parsers ---
[INFO] Installing /home/travis/build/owlcs/owlapi/parsers/target/owlapi-parsers-6.0.0-SNAPSHOT.jar to /home/travis/.m2/repository/net/sourceforge/owlapi/owlapi-parsers/6.0.0-SNAPSHOT/owlapi-parsers-6.0.0-SNAPSHOT.jar
[INFO] Installing /home/travis/build/owlcs/owlapi/parsers/pom.xml to /home/travis/.m2/repository/net/sourceforge/owlapi/owlapi-parsers/6.0.0-SNAPSHOT/owlapi-parsers-6.0.0-SNAPSHOT.pom
[INFO] Installing /home/travis/build/owlcs/owlapi/parsers/target/owlapi-parsers-6.0.0-SNAPSHOT-sources.jar to /home/travis/.m2/repository/net/sourceforge/owlapi/owlapi-parsers/6.0.0-SNAPSHOT/owlapi-parsers-6.0.0-SNAPSHOT-sources.jar
[INFO]                                                                         
[INFO] ------------------------------------------------------------------------
[INFO] Building OWLAPI :: OBO Format 6.0.0-SNAPSHOT
[INFO] ------------------------------------------------------------------------
[INFO] 
[INFO] --- maven-enforcer-plugin:1.0:enforce (enforce-maven) @ owlapi-oboformat ---
[INFO] 
[INFO] --- maven-resources-plugin:2.6:resources (default-resources) @ owlapi-oboformat ---
[INFO] Using 'UTF-8' encoding to copy filtered resources.
[INFO] Copying 2 resources
[INFO] 
[INFO] --- maven-compiler-plugin:3.6.0:compile (default-compile) @ owlapi-oboformat ---
[INFO] Changes detected - recompiling the module!
[INFO] Compiling 41 source files to /home/travis/build/owlcs/owlapi/oboformat/target/classes
[INFO] 
[INFO] --- maven-resources-plugin:2.6:testResources (default-testResources) @ owlapi-oboformat ---
[INFO] Using 'UTF-8' encoding to copy filtered resources.
[INFO] skip non existing resourceDirectory /home/travis/build/owlcs/owlapi/oboformat/src/test/resources
[INFO] 
[INFO] --- maven-compiler-plugin:3.6.0:testCompile (default-testCompile) @ owlapi-oboformat ---
[INFO] Changes detected - recompiling the module!
[INFO] Compiling 1 source file to /home/travis/build/owlcs/owlapi/oboformat/target/test-classes
[INFO] 
[INFO] --- maven-surefire-plugin:2.19.1:test (default-test) @ owlapi-oboformat ---
[INFO] Tests are skipped.
[INFO] 
[INFO] --- maven-jar-plugin:2.4:jar (default-jar) @ owlapi-oboformat ---
[INFO] Building jar: /home/travis/build/owlcs/owlapi/oboformat/target/owlapi-oboformat-6.0.0-SNAPSHOT.jar
[INFO] 
[INFO] >>> maven-source-plugin:3.0.1:jar (attach-sources) > generate-sources @ owlapi-oboformat >>>
[INFO] 
[INFO] --- maven-enforcer-plugin:1.0:enforce (enforce-maven) @ owlapi-oboformat ---
[INFO] 
[INFO] <<< maven-source-plugin:3.0.1:jar (attach-sources) < generate-sources @ owlapi-oboformat <<<
[INFO] 
[INFO] --- maven-source-plugin:3.0.1:jar (attach-sources) @ owlapi-oboformat ---
[INFO] Building jar: /home/travis/build/owlcs/owlapi/oboformat/target/owlapi-oboformat-6.0.0-SNAPSHOT-sources.jar
[INFO] 
[INFO] --- maven-javadoc-plugin:2.10.4:jar (attach-javadocs) @ owlapi-oboformat ---
[INFO] Skipping javadoc generation
[INFO] 
[INFO] --- maven-failsafe-plugin:2.19.1:integration-test (default) @ owlapi-oboformat ---
[INFO] Tests are skipped.
[INFO] 
[INFO] --- maven-failsafe-plugin:2.19.1:verify (default) @ owlapi-oboformat ---
[INFO] Tests are skipped.
[INFO] 
[INFO] --- maven-install-plugin:2.4:install (default-install) @ owlapi-oboformat ---
[INFO] Installing /home/travis/build/owlcs/owlapi/oboformat/target/owlapi-oboformat-6.0.0-SNAPSHOT.jar to /home/travis/.m2/repository/net/sourceforge/owlapi/owlapi-oboformat/6.0.0-SNAPSHOT/owlapi-oboformat-6.0.0-SNAPSHOT.jar
[INFO] Installing /home/travis/build/owlcs/owlapi/oboformat/pom.xml to /home/travis/.m2/repository/net/sourceforge/owlapi/owlapi-oboformat/6.0.0-SNAPSHOT/owlapi-oboformat-6.0.0-SNAPSHOT.pom
[INFO] Installing /home/travis/build/owlcs/owlapi/oboformat/target/owlapi-oboformat-6.0.0-SNAPSHOT-sources.jar to /home/travis/.m2/repository/net/sourceforge/owlapi/owlapi-oboformat/6.0.0-SNAPSHOT/owlapi-oboformat-6.0.0-SNAPSHOT-sources.jar
[INFO]                                                                         
[INFO] ------------------------------------------------------------------------
[INFO] Building OWLAPI :: RDF4J Rio 6.0.0-SNAPSHOT
[INFO] ------------------------------------------------------------------------
[INFO] 
[INFO] --- maven-enforcer-plugin:1.0:enforce (enforce-maven) @ owlapi-rio ---
[INFO] 
[INFO] --- maven-resources-plugin:2.6:resources (default-resources) @ owlapi-rio ---
[INFO] Using 'UTF-8' encoding to copy filtered resources.
[INFO] Copying 5 resources
[INFO] 
[INFO] --- maven-compiler-plugin:3.6.0:compile (default-compile) @ owlapi-rio ---
[INFO] Changes detected - recompiling the module!
[INFO] Compiling 65 source files to /home/travis/build/owlcs/owlapi/rio/target/classes
[INFO] 
[INFO] --- maven-resources-plugin:2.6:testResources (default-testResources) @ owlapi-rio ---
[INFO] Using 'UTF-8' encoding to copy filtered resources.
[INFO] skip non existing resourceDirectory /home/travis/build/owlcs/owlapi/rio/src/test/resources
[INFO] 
[INFO] --- maven-compiler-plugin:3.6.0:testCompile (default-testCompile) @ owlapi-rio ---
[INFO] No sources to compile
[INFO] 
[INFO] --- maven-surefire-plugin:2.19.1:test (default-test) @ owlapi-rio ---
[INFO] Tests are skipped.
[INFO] 
[INFO] --- maven-jar-plugin:2.4:jar (default-jar) @ owlapi-rio ---
[INFO] Building jar: /home/travis/build/owlcs/owlapi/rio/target/owlapi-rio-6.0.0-SNAPSHOT.jar
[INFO] 
[INFO] >>> maven-source-plugin:3.0.1:jar (attach-sources) > generate-sources @ owlapi-rio >>>
[INFO] 
[INFO] --- maven-enforcer-plugin:1.0:enforce (enforce-maven) @ owlapi-rio ---
[INFO] 
[INFO] <<< maven-source-plugin:3.0.1:jar (attach-sources) < generate-sources @ owlapi-rio <<<
[INFO] 
[INFO] --- maven-source-plugin:3.0.1:jar (attach-sources) @ owlapi-rio ---
[INFO] Building jar: /home/travis/build/owlcs/owlapi/rio/target/owlapi-rio-6.0.0-SNAPSHOT-sources.jar
[INFO] 
[INFO] --- maven-javadoc-plugin:2.10.4:jar (attach-javadocs) @ owlapi-rio ---
[INFO] Skipping javadoc generation
[INFO] 
[INFO] --- maven-failsafe-plugin:2.19.1:integration-test (default) @ owlapi-rio ---
[INFO] Tests are skipped.
[INFO] 
[INFO] --- maven-failsafe-plugin:2.19.1:verify (default) @ owlapi-rio ---
[INFO] Tests are skipped.
[INFO] 
[INFO] --- maven-install-plugin:2.4:install (default-install) @ owlapi-rio ---
[INFO] Installing /home/travis/build/owlcs/owlapi/rio/target/owlapi-rio-6.0.0-SNAPSHOT.jar to /home/travis/.m2/repository/net/sourceforge/owlapi/owlapi-rio/6.0.0-SNAPSHOT/owlapi-rio-6.0.0-SNAPSHOT.jar
[INFO] Installing /home/travis/build/owlcs/owlapi/rio/pom.xml to /home/travis/.m2/repository/net/sourceforge/owlapi/owlapi-rio/6.0.0-SNAPSHOT/owlapi-rio-6.0.0-SNAPSHOT.pom
[INFO] Installing /home/travis/build/owlcs/owlapi/rio/target/owlapi-rio-6.0.0-SNAPSHOT-sources.jar to /home/travis/.m2/repository/net/sourceforge/owlapi/owlapi-rio/6.0.0-SNAPSHOT/owlapi-rio-6.0.0-SNAPSHOT-sources.jar
[INFO]                                                                         
[INFO] ------------------------------------------------------------------------
[INFO] Building OWLAPI :: Binding and Config 6.0.0-SNAPSHOT
[INFO] ------------------------------------------------------------------------
[INFO] 
[INFO] --- maven-enforcer-plugin:1.0:enforce (enforce-maven) @ owlapi-apibinding ---
[INFO] 
[INFO] --- maven-resources-plugin:2.6:resources (default-resources) @ owlapi-apibinding ---
[INFO] Using 'UTF-8' encoding to copy filtered resources.
[INFO] Copying 1 resource
[INFO] 
[INFO] --- maven-compiler-plugin:3.6.0:compile (default-compile) @ owlapi-apibinding ---
[INFO] Changes detected - recompiling the module!
[INFO] Compiling 3 source files to /home/travis/build/owlcs/owlapi/apibinding/target/classes
[INFO] 
[INFO] --- maven-resources-plugin:2.6:testResources (default-testResources) @ owlapi-apibinding ---
[INFO] Using 'UTF-8' encoding to copy filtered resources.
[INFO] skip non existing resourceDirectory /home/travis/build/owlcs/owlapi/apibinding/src/test/resources
[INFO] 
[INFO] --- maven-compiler-plugin:3.6.0:testCompile (default-testCompile) @ owlapi-apibinding ---
[INFO] No sources to compile
[INFO] 
[INFO] --- maven-surefire-plugin:2.19.1:test (default-test) @ owlapi-apibinding ---
[INFO] Tests are skipped.
[INFO] 
[INFO] --- maven-jar-plugin:2.4:jar (default-jar) @ owlapi-apibinding ---
[INFO] Building jar: /home/travis/build/owlcs/owlapi/apibinding/target/owlapi-apibinding-6.0.0-SNAPSHOT.jar
[INFO] 
[INFO] >>> maven-source-plugin:3.0.1:jar (attach-sources) > generate-sources @ owlapi-apibinding >>>
[INFO] 
[INFO] --- maven-enforcer-plugin:1.0:enforce (enforce-maven) @ owlapi-apibinding ---
[INFO] 
[INFO] <<< maven-source-plugin:3.0.1:jar (attach-sources) < generate-sources @ owlapi-apibinding <<<
[INFO] 
[INFO] --- maven-source-plugin:3.0.1:jar (attach-sources) @ owlapi-apibinding ---
[INFO] Building jar: /home/travis/build/owlcs/owlapi/apibinding/target/owlapi-apibinding-6.0.0-SNAPSHOT-sources.jar
[INFO] 
[INFO] --- maven-javadoc-plugin:2.10.4:jar (attach-javadocs) @ owlapi-apibinding ---
[INFO] Skipping javadoc generation
[INFO] 
[INFO] --- maven-failsafe-plugin:2.19.1:integration-test (default) @ owlapi-apibinding ---
[INFO] Tests are skipped.
[INFO] 
[INFO] --- maven-failsafe-plugin:2.19.1:verify (default) @ owlapi-apibinding ---
[INFO] Tests are skipped.
[INFO] 
[INFO] --- maven-install-plugin:2.4:install (default-install) @ owlapi-apibinding ---
[INFO] Installing /home/travis/build/owlcs/owlapi/apibinding/target/owlapi-apibinding-6.0.0-SNAPSHOT.jar to /home/travis/.m2/repository/net/sourceforge/owlapi/owlapi-apibinding/6.0.0-SNAPSHOT/owlapi-apibinding-6.0.0-SNAPSHOT.jar
[INFO] Installing /home/travis/build/owlcs/owlapi/apibinding/pom.xml to /home/travis/.m2/repository/net/sourceforge/owlapi/owlapi-apibinding/6.0.0-SNAPSHOT/owlapi-apibinding-6.0.0-SNAPSHOT.pom
[INFO] Installing /home/travis/build/owlcs/owlapi/apibinding/target/owlapi-apibinding-6.0.0-SNAPSHOT-sources.jar to /home/travis/.m2/repository/net/sourceforge/owlapi/owlapi-apibinding/6.0.0-SNAPSHOT/owlapi-apibinding-6.0.0-SNAPSHOT-sources.jar
[INFO]                                                                         
[INFO] ------------------------------------------------------------------------
[INFO] Building OWLAPI :: Compatibility 6.0.0-SNAPSHOT
[INFO] ------------------------------------------------------------------------
[INFO] 
[INFO] --- maven-enforcer-plugin:1.0:enforce (enforce-maven) @ owlapi-compatibility ---
[INFO] 
[INFO] --- maven-resources-plugin:2.6:resources (default-resources) @ owlapi-compatibility ---
[INFO] Using 'UTF-8' encoding to copy filtered resources.
[INFO] Copying 1 resource
[INFO] 
[INFO] --- maven-compiler-plugin:3.6.0:compile (default-compile) @ owlapi-compatibility ---
[INFO] Changes detected - recompiling the module!
[INFO] Compiling 67 source files to /home/travis/build/owlcs/owlapi/compatibility/target/classes
[INFO] /home/travis/build/owlcs/owlapi/compatibility/src/main/java/de/uulm/ecs/ai/owlapi/krssparser/KRSS2OntologyFormat.java: Some input files use or override a deprecated API.
[INFO] /home/travis/build/owlcs/owlapi/compatibility/src/main/java/de/uulm/ecs/ai/owlapi/krssparser/KRSS2OntologyFormat.java: Recompile with -Xlint:deprecation for details.
[INFO] 
[INFO] --- maven-resources-plugin:2.6:testResources (default-testResources) @ owlapi-compatibility ---
[INFO] Using 'UTF-8' encoding to copy filtered resources.
[INFO] skip non existing resourceDirectory /home/travis/build/owlcs/owlapi/compatibility/src/test/resources
[INFO] 
[INFO] --- maven-compiler-plugin:3.6.0:testCompile (default-testCompile) @ owlapi-compatibility ---
[INFO] No sources to compile
[INFO] 
[INFO] --- maven-surefire-plugin:2.19.1:test (default-test) @ owlapi-compatibility ---
[INFO] Tests are skipped.
[INFO] 
[INFO] --- maven-jar-plugin:2.4:jar (default-jar) @ owlapi-compatibility ---
[INFO] Building jar: /home/travis/build/owlcs/owlapi/compatibility/target/owlapi-compatibility-6.0.0-SNAPSHOT.jar
[INFO] 
[INFO] >>> maven-source-plugin:3.0.1:jar (attach-sources) > generate-sources @ owlapi-compatibility >>>
[INFO] 
[INFO] --- maven-enforcer-plugin:1.0:enforce (enforce-maven) @ owlapi-compatibility ---
[INFO] 
[INFO] <<< maven-source-plugin:3.0.1:jar (attach-sources) < generate-sources @ owlapi-compatibility <<<
[INFO] 
[INFO] --- maven-source-plugin:3.0.1:jar (attach-sources) @ owlapi-compatibility ---
[INFO] Building jar: /home/travis/build/owlcs/owlapi/compatibility/target/owlapi-compatibility-6.0.0-SNAPSHOT-sources.jar
[INFO] 
[INFO] --- maven-javadoc-plugin:2.10.4:jar (attach-javadocs) @ owlapi-compatibility ---
[INFO] Skipping javadoc generation
[INFO] 
[INFO] --- maven-failsafe-plugin:2.19.1:integration-test (default) @ owlapi-compatibility ---
[INFO] Tests are skipped.
[INFO] 
[INFO] --- maven-failsafe-plugin:2.19.1:verify (default) @ owlapi-compatibility ---
[INFO] Tests are skipped.
[INFO] 
[INFO] --- maven-install-plugin:2.4:install (default-install) @ owlapi-compatibility ---
[INFO] Installing /home/travis/build/owlcs/owlapi/compatibility/target/owlapi-compatibility-6.0.0-SNAPSHOT.jar to /home/travis/.m2/repository/net/sourceforge/owlapi/owlapi-compatibility/6.0.0-SNAPSHOT/owlapi-compatibility-6.0.0-SNAPSHOT.jar
[INFO] Installing /home/travis/build/owlcs/owlapi/compatibility/pom.xml to /home/travis/.m2/repository/net/sourceforge/owlapi/owlapi-compatibility/6.0.0-SNAPSHOT/owlapi-compatibility-6.0.0-SNAPSHOT.pom
[INFO] Installing /home/travis/build/owlcs/owlapi/compatibility/target/owlapi-compatibility-6.0.0-SNAPSHOT-sources.jar to /home/travis/.m2/repository/net/sourceforge/owlapi/owlapi-compatibility/6.0.0-SNAPSHOT/owlapi-compatibility-6.0.0-SNAPSHOT-sources.jar
[INFO]                                                                         
[INFO] ------------------------------------------------------------------------
[INFO] Building OWLAPI :: Tests and Tutorials 6.0.0-SNAPSHOT
[INFO] ------------------------------------------------------------------------
[INFO] 
[INFO] --- maven-enforcer-plugin:1.0:enforce (enforce-maven) @ owlapi-contract ---
[INFO] 
[INFO] --- maven-resources-plugin:2.6:resources (default-resources) @ owlapi-contract ---
[INFO] Using 'UTF-8' encoding to copy filtered resources.
[INFO] skip non existing resourceDirectory /home/travis/build/owlcs/owlapi/contract/src/main/resources
[INFO] 
[INFO] --- maven-compiler-plugin:3.6.0:compile (default-compile) @ owlapi-contract ---
[INFO] Changes detected - recompiling the module!
[INFO] Compiling 9 source files to /home/travis/build/owlcs/owlapi/contract/target/classes
[INFO] 
[INFO] --- maven-resources-plugin:2.6:testResources (default-testResources) @ owlapi-contract ---
[INFO] Using 'UTF-8' encoding to copy filtered resources.
[INFO] Copying 172 resources
[INFO] 
[INFO] --- maven-compiler-plugin:3.6.0:testCompile (default-testCompile) @ owlapi-contract ---
[INFO] Changes detected - recompiling the module!
[INFO] Compiling 240 source files to /home/travis/build/owlcs/owlapi/contract/target/test-classes
[INFO] /home/travis/build/owlcs/owlapi/contract/src/test/java/org/semanticweb/owlapi/api/test/DelegatingObjectVisitorExTestCase.java: /home/travis/build/owlcs/owlapi/contract/src/test/java/org/semanticweb/owlapi/api/test/DelegatingObjectVisitorExTestCase.java uses unchecked or unsafe operations.
[INFO] /home/travis/build/owlcs/owlapi/contract/src/test/java/org/semanticweb/owlapi/api/test/DelegatingObjectVisitorExTestCase.java: Recompile with -Xlint:unchecked for details.
[INFO] 
[INFO] --- maven-surefire-plugin:2.19.1:test (default-test) @ owlapi-contract ---
[INFO] Tests are skipped.
[INFO] 
[INFO] --- maven-jar-plugin:2.4:jar (default-jar) @ owlapi-contract ---
[INFO] Building jar: /home/travis/build/owlcs/owlapi/contract/target/owlapi-contract-6.0.0-SNAPSHOT.jar
[INFO] 
[INFO] >>> maven-source-plugin:3.0.1:jar (attach-sources) > generate-sources @ owlapi-contract >>>
[INFO] 
[INFO] --- maven-enforcer-plugin:1.0:enforce (enforce-maven) @ owlapi-contract ---
[INFO] 
[INFO] <<< maven-source-plugin:3.0.1:jar (attach-sources) < generate-sources @ owlapi-contract <<<
[INFO] 
[INFO] --- maven-source-plugin:3.0.1:jar (attach-sources) @ owlapi-contract ---
[INFO] Building jar: /home/travis/build/owlcs/owlapi/contract/target/owlapi-contract-6.0.0-SNAPSHOT-sources.jar
[INFO] 
[INFO] --- maven-javadoc-plugin:2.10.4:jar (attach-javadocs) @ owlapi-contract ---
[INFO] Skipping javadoc generation
[INFO] 
[INFO] --- maven-failsafe-plugin:2.19.1:integration-test (default) @ owlapi-contract ---
[INFO] Tests are skipped.
[INFO] 
[INFO] --- maven-failsafe-plugin:2.19.1:verify (default) @ owlapi-contract ---
[INFO] Tests are skipped.
[INFO] 
[INFO] --- maven-install-plugin:2.4:install (default-install) @ owlapi-contract ---
[INFO] Installing /home/travis/build/owlcs/owlapi/contract/target/owlapi-contract-6.0.0-SNAPSHOT.jar to /home/travis/.m2/repository/net/sourceforge/owlapi/owlapi-contract/6.0.0-SNAPSHOT/owlapi-contract-6.0.0-SNAPSHOT.jar
[INFO] Installing /home/travis/build/owlcs/owlapi/contract/pom.xml to /home/travis/.m2/repository/net/sourceforge/owlapi/owlapi-contract/6.0.0-SNAPSHOT/owlapi-contract-6.0.0-SNAPSHOT.pom
[INFO] Installing /home/travis/build/owlcs/owlapi/contract/target/owlapi-contract-6.0.0-SNAPSHOT-sources.jar to /home/travis/.m2/repository/net/sourceforge/owlapi/owlapi-contract/6.0.0-SNAPSHOT/owlapi-contract-6.0.0-SNAPSHOT-sources.jar
[INFO]                                                                         
[INFO] ------------------------------------------------------------------------
[INFO] Building OWLAPI :: Distribution 6.0.0-SNAPSHOT
[INFO] ------------------------------------------------------------------------
[INFO] 
[INFO] --- maven-enforcer-plugin:1.0:enforce (enforce-maven) @ owlapi-distribution ---
[INFO] 
[INFO] --- maven-resources-plugin:3.0.1:resources (default-resources) @ owlapi-distribution ---
[INFO] Using 'UTF-8' encoding to copy filtered resources.
[INFO] skip non existing resourceDirectory /home/travis/build/owlcs/owlapi/distribution/src/main/resources
[INFO] 
[INFO] --- maven-compiler-plugin:3.6.0:compile (default-compile) @ owlapi-distribution ---
[INFO] No sources to compile
[INFO] 
[INFO] --- maven-resources-plugin:3.0.1:testResources (default-testResources) @ owlapi-distribution ---
[INFO] Using 'UTF-8' encoding to copy filtered resources.
[INFO] skip non existing resourceDirectory /home/travis/build/owlcs/owlapi/distribution/src/test/resources
[INFO] 
[INFO] --- maven-compiler-plugin:3.6.0:testCompile (default-testCompile) @ owlapi-distribution ---
[INFO] No sources to compile
[INFO] 
[INFO] --- maven-surefire-plugin:2.19.1:test (default-test) @ owlapi-distribution ---
[INFO] Tests are skipped.
[INFO] 
[INFO] --- maven-bundle-plugin:3.2.0:bundle (default-bundle) @ owlapi-distribution ---
[WARNING] Bundle net.sourceforge.owlapi:owlapi-distribution:bundle:6.0.0-SNAPSHOT : Unused Import-Package instructions: [org.apache.commons.logging.*] 
[INFO] 
[INFO] >>> maven-source-plugin:3.0.1:jar (attach-sources) > generate-sources @ owlapi-distribution >>>
[INFO] 
[INFO] --- maven-enforcer-plugin:1.0:enforce (enforce-maven) @ owlapi-distribution ---
[INFO] 
[INFO] <<< maven-source-plugin:3.0.1:jar (attach-sources) < generate-sources @ owlapi-distribution <<<
[INFO] 
[INFO] --- maven-source-plugin:3.0.1:jar (attach-sources) @ owlapi-distribution ---
[INFO] No sources in project. Archive not created.
[INFO] 
[INFO] --- maven-shade-plugin:2.4.3:shade (default) @ owlapi-distribution ---
[INFO] Including net.sourceforge.owlapi:owlapi-apibinding:jar:6.0.0-SNAPSHOT in the shaded jar.
[INFO] Including net.sourceforge.owlapi:owlapi-tools:jar:6.0.0-SNAPSHOT in the shaded jar.
[INFO] Including net.sourceforge.owlapi:owlapi-impl:jar:6.0.0-SNAPSHOT in the shaded jar.
[INFO] Including net.sourceforge.owlapi:owlapi-parsers:jar:6.0.0-SNAPSHOT in the shaded jar.
[INFO] Including net.sourceforge.owlapi:owlapi-oboformat:jar:6.0.0-SNAPSHOT in the shaded jar.
[INFO] Including net.sourceforge.owlapi:owlapi-rio:jar:6.0.0-SNAPSHOT in the shaded jar.
[INFO] Including net.sourceforge.owlapi:owlapi-api:jar:6.0.0-SNAPSHOT in the shaded jar.
[INFO] Excluding net.sourceforge.owlapi:owlapi-compatibility:jar:6.0.0-SNAPSHOT from the shaded jar.
[INFO] Excluding com.fasterxml.jackson.core:jackson-core:jar:2.8.5 from the shaded jar.
[INFO] Excluding com.fasterxml.jackson.core:jackson-databind:jar:2.8.5 from the shaded jar.
[INFO] Excluding com.fasterxml.jackson.core:jackson-annotations:jar:2.8.5 from the shaded jar.
[INFO] Excluding org.apache.commons:commons-rdf-api:jar:0.3.0-incubating from the shaded jar.
[INFO] Excluding org.tukaani:xz:jar:1.6 from the shaded jar.
[INFO] Excluding org.slf4j:slf4j-api:jar:1.7.22 from the shaded jar.
[INFO] Excluding org.slf4j:jcl-over-slf4j:jar:1.7.22 from the shaded jar.
[INFO] Excluding org.eclipse.rdf4j:rdf4j-model:jar:2.1.4 from the shaded jar.
[INFO] Excluding org.eclipse.rdf4j:rdf4j-rio-api:jar:2.1.4 from the shaded jar.
[INFO] Excluding org.eclipse.rdf4j:rdf4j-rio-languages:jar:2.1.4 from the shaded jar.
[INFO] Excluding org.eclipse.rdf4j:rdf4j-rio-datatypes:jar:2.1.4 from the shaded jar.
[INFO] Excluding org.eclipse.rdf4j:rdf4j-rio-binary:jar:2.1.4 from the shaded jar.
[INFO] Excluding org.eclipse.rdf4j:rdf4j-rio-n3:jar:2.1.4 from the shaded jar.
[INFO] Excluding org.eclipse.rdf4j:rdf4j-rio-nquads:jar:2.1.4 from the shaded jar.
[INFO] Excluding org.eclipse.rdf4j:rdf4j-rio-ntriples:jar:2.1.4 from the shaded jar.
[INFO] Excluding org.eclipse.rdf4j:rdf4j-rio-rdfjson:jar:2.1.4 from the shaded jar.
[INFO] Excluding org.eclipse.rdf4j:rdf4j-rio-jsonld:jar:2.1.4 from the shaded jar.
[INFO] Excluding org.eclipse.rdf4j:rdf4j-rio-rdfxml:jar:2.1.4 from the shaded jar.
[INFO] Excluding org.eclipse.rdf4j:rdf4j-rio-trix:jar:2.1.4 from the shaded jar.
[INFO] Excluding org.eclipse.rdf4j:rdf4j-rio-turtle:jar:2.1.4 from the shaded jar.
[INFO] Excluding org.eclipse.rdf4j:rdf4j-rio-trig:jar:2.1.4 from the shaded jar.
[INFO] Excluding org.eclipse.rdf4j:rdf4j-util:jar:2.1.4 from the shaded jar.
[INFO] Excluding com.github.jsonld-java:jsonld-java:jar:0.9.0 from the shaded jar.
[INFO] Excluding org.apache.httpcomponents:httpclient-osgi:jar:4.5.2 from the shaded jar.
[INFO] Excluding org.apache.httpcomponents:httpclient:jar:4.5.2 from the shaded jar.
[INFO] Excluding commons-codec:commons-codec:jar:1.9 from the shaded jar.
[INFO] Excluding org.apache.httpcomponents:httpmime:jar:4.5.2 from the shaded jar.
[INFO] Excluding org.apache.httpcomponents:httpclient-cache:jar:4.5.2 from the shaded jar.
[INFO] Excluding org.apache.httpcomponents:fluent-hc:jar:4.5.2 from the shaded jar.
[INFO] Excluding org.apache.httpcomponents:httpcore-osgi:jar:4.4.5 from the shaded jar.
[INFO] Excluding org.apache.httpcomponents:httpcore:jar:4.4.5 from the shaded jar.
[INFO] Excluding org.apache.httpcomponents:httpcore-nio:jar:4.4.5 from the shaded jar.
[INFO] Excluding net.sf.trove4j:trove4j:jar:3.0.3 from the shaded jar.
[INFO] Excluding com.github.ben-manes.caffeine:caffeine:jar:2.3.5 from the shaded jar.
[INFO] Excluding com.google.guava:guava:jar:20.0 from the shaded jar.
[INFO] Excluding com.google.inject:guice:jar:4.1.0 from the shaded jar.
[INFO] Excluding javax.inject:javax.inject:jar:1 from the shaded jar.
[INFO] Excluding aopalliance:aopalliance:jar:1.0 from the shaded jar.
[INFO] Excluding com.google.inject.extensions:guice-assistedinject:jar:4.1.0 from the shaded jar.
[INFO] Excluding com.google.inject.extensions:guice-multibindings:jar:4.1.0 from the shaded jar.
[INFO] Excluding com.google.code.findbugs:jsr305:jar:3.0.1 from the shaded jar.
[INFO] Excluding commons-io:commons-io:jar:2.5 from the shaded jar.
[WARNING] owlapi-distribution-6.0.0-SNAPSHOT.jar, owlapi-oboformat-6.0.0-SNAPSHOT.jar define 76 overlapping classes: 
[WARNING]   - org.obolibrary.oboformat.parser.OBOFormatException
[WARNING]   - org.obolibrary.obo2owl.OWLAPIOwl2Obo
[WARNING]   - org.obolibrary.macro.MacroExpansionGCIVisitor$MacroExpansions
[WARNING]   - org.obolibrary.oboformat.diff.Diff
[WARNING]   - org.semanticweb.owlapi.oboformat.OBOFormatRenderer$1
[WARNING]   - org.obolibrary.obo2owl.IdTranslator
[WARNING]   - org.obolibrary.oboformat.model.Clause
[WARNING]   - org.obolibrary.oboformat.parser.XrefExpander$ReverseGenusDifferentiaExpansion
[WARNING]   - org.obolibrary.owl.LabelFunctionalSyntaxStorer
[WARNING]   - org.obolibrary.oboformat.model.FrameStructureException
[WARNING]   - 66 more...
[WARNING] owlapi-distribution-6.0.0-SNAPSHOT.jar, owlapi-tools-6.0.0-SNAPSHOT.jar define 136 overlapping classes: 
[WARNING]   - com.clarkparsia.owlapi.explanation.util.SilentExplanationProgressMonitor
[WARNING]   - uk.ac.manchester.cs.atomicdecomposition.package-info
[WARNING]   - uk.ac.manchester.cs.factplusplusad.OntologyBasedModularizer
[WARNING]   - org.semanticweb.owlapi.metrics.HiddenGCICount
[WARNING]   - org.semanticweb.owlapitools.decomposition.Modularizer
[WARNING]   - com.clarkparsia.owlapi.modularity.locality.SemanticLocalityEvaluator
[WARNING]   - uk.ac.manchester.cs.factplusplusad.Signature
[WARNING]   - org.semanticweb.owlapi.metrics.DoubleValuedMetric
[WARNING]   - org.semanticweb.owlapitools.decomposition.SigIndex
[WARNING]   - com.clarkparsia.owlapi.explanation.io.ExplanationRenderer
[WARNING]   - 126 more...
[WARNING] owlapi-distribution-6.0.0-SNAPSHOT.jar, owlapi-rio-6.0.0-SNAPSHOT.jar define 68 overlapping classes: 
[WARNING]   - org.semanticweb.owlapi.formats.N3DocumentFormatFactory
[WARNING]   - org.semanticweb.owlapi.formats.RioTurtleDocumentFormatFactory
[WARNING]   - org.semanticweb.owlapi.rio.RioStorer
[WARNING]   - org.semanticweb.owlapi.rio.RioOWLRDFParser
[WARNING]   - org.semanticweb.owlapi.rio.OWLAPIRDFFormat
[WARNING]   - org.semanticweb.owlapi.formats.N3DocumentFormat
[WARNING]   - org.semanticweb.owlapi.rio.RioFunctionalSyntaxParserFactory
[WARNING]   - org.semanticweb.owlapi.rio.RioTrigStorerFactory
[WARNING]   - org.semanticweb.owlapi.rio.RioManchesterSyntaxParserFactory
[WARNING]   - org.semanticweb.owlapi.rio.AbstractRioStorerFactory
[WARNING]   - 58 more...
[WARNING] owlapi-distribution-6.0.0-SNAPSHOT.jar, owlapi-apibinding-6.0.0-SNAPSHOT.jar define 3 overlapping classes: 
[WARNING]   - org.semanticweb.owlapi.apibinding.OWLManager
[WARNING]   - org.semanticweb.owlapi.apibinding.package-info
[WARNING]   - org.semanticweb.owlapi.apibinding.OWLFunctionalSyntaxFactory
[WARNING] owlapi-distribution-6.0.0-SNAPSHOT.jar, owlapi-api-6.0.0-SNAPSHOT.jar define 907 overlapping classes: 
[WARNING]   - org.semanticweb.owlapi.model.OWLPropertyAssertionObject
[WARNING]   - org.semanticweb.owlapi.model.OWLAnonymousClassExpression
[WARNING]   - org.semanticweb.owlapi.model.HasApplyChange
[WARNING]   - org.semanticweb.owlapi.util.InferredIndividualAxiomGenerator
[WARNING]   - org.semanticweb.owlapi.model.SWRLDArgument
[WARNING]   - org.semanticweb.owlapi.util.OWLOntologyWalkerVisitor
[WARNING]   - org.semanticweb.owlapi.model.providers.ExistentialProvider
[WARNING]   - org.semanticweb.owlapi.model.axiomproviders.PropertyCharacteristicAxiomProvider
[WARNING]   - org.semanticweb.owlapi.model.OWLObjectPropertyDomainAxiom
[WARNING]   - org.semanticweb.owlapi.io.SystemOutDocumentTarget
[WARNING]   - 897 more...
[WARNING] owlapi-distribution-6.0.0-SNAPSHOT.jar, owlapi-parsers-6.0.0-SNAPSHOT.jar define 442 overlapping classes: 
[WARNING]   - org.semanticweb.owlapi.rdf.rdfxml.parser.TripleHandlers$TPOneOfHandler
[WARNING]   - org.semanticweb.owlapi.krss2.renderer.KRSS2SyntaxRenderer
[WARNING]   - org.semanticweb.owlapi.owlxml.parser.DataOneOfEH
[WARNING]   - org.semanticweb.owlapi.rdf.rdfxml.renderer.package-info
[WARNING]   - org.semanticweb.owlapi.rdf.rdfxml.parser.Translators$ObjectMinCardinalityTranslator
[WARNING]   - org.semanticweb.owlapi.rdf.turtle.parser.TurtleParserException
[WARNING]   - org.semanticweb.owlapi.latex.renderer.LatexOWLObjectRenderer
[WARNING]   - org.semanticweb.owlapi.rdf.turtle.parser.OWLRDFConsumerAdapter
[WARNING]   - org.semanticweb.owlapi.owlxml.renderer.OWLXMLObjectRenderer
[WARNING]   - org.semanticweb.owlapi.owlxml.parser.IndividualEH
[WARNING]   - 432 more...
[WARNING] owlapi-distribution-6.0.0-SNAPSHOT.jar, owlapi-impl-6.0.0-SNAPSHOT.jar define 199 overlapping classes: 
[WARNING]   - org.semanticweb.owlapi.reasoner.impl.OWLNamedIndividualNodeSet
[WARNING]   - uk.ac.manchester.cs.owl.owlapi.SWRLIndividualArgumentImpl
[WARNING]   - uk.ac.manchester.cs.owl.owlapi.InitVisitorFactory$InitIndividualVisitor
[WARNING]   - uk.ac.manchester.cs.owl.owlapi.OWLDataAllValuesFromImpl
[WARNING]   - uk.ac.manchester.cs.owl.owlapi.concurrent.NonConcurrentOWLOntologyBuilder
[WARNING]   - uk.ac.manchester.cs.owl.owlapi.OWLImportsDeclarationImpl
[WARNING]   - uk.ac.manchester.cs.owl.owlapi.OWLSubPropertyAxiomImpl
[WARNING]   - uk.ac.manchester.cs.owl.owlapi.OWLSameIndividualAxiomImpl
[WARNING]   - uk.ac.manchester.cs.owl.owlapi.Internals$RemoveAxiomVisitor
[WARNING]   - uk.ac.manchester.cs.owl.owlapi.SWRLSameIndividualAtomImpl
[WARNING]   - 189 more...
[WARNING] maven-shade-plugin has detected that some class files are
[WARNING] present in two or more JARs. When this happens, only one
[WARNING] single version of the class is copied to the uber jar.
[WARNING] Usually this is not harmful and you can skip these warnings,
[WARNING] otherwise try to manually exclude artifacts based on
[WARNING] mvn dependency:tree -Ddetail=true and the above output.
[WARNING] See http://maven.apache.org/plugins/maven-shade-plugin/
[INFO] Replacing original artifact with shaded artifact.
[INFO] Replacing /home/travis/build/owlcs/owlapi/distribution/target/owlapi-distribution-6.0.0-SNAPSHOT.jar with /home/travis/build/owlcs/owlapi/distribution/target/owlapi-distribution-6.0.0-SNAPSHOT-shaded.jar
[INFO] Dependency-reduced POM written at: /home/travis/build/owlcs/owlapi/distribution/dependency-reduced-pom.xml
[INFO] 
[INFO] --- maven-javadoc-plugin:2.10.4:jar (attach-javadocs) @ owlapi-distribution ---
[INFO] Skipping javadoc generation
[INFO] 
[INFO] --- maven-javadoc-plugin:2.10.4:jar (attach-javadoc) @ owlapi-distribution ---
[INFO] Skipping javadoc generation
[INFO] 
[INFO] --- maven-assembly-plugin:3.0.0:single (attach-sources) @ owlapi-distribution ---
[INFO] Reading assembly descriptor: src/assembly/sources.xml
[INFO] Building jar: /home/travis/build/owlcs/owlapi/distribution/target/owlapi-distribution-6.0.0-SNAPSHOT-sources.jar
[INFO] 
[INFO] --- maven-failsafe-plugin:2.19.1:integration-test (default) @ owlapi-distribution ---
[INFO] Tests are skipped.
[INFO] 
[INFO] --- maven-failsafe-plugin:2.19.1:verify (default) @ owlapi-distribution ---
[INFO] Tests are skipped.
[INFO] 
[INFO] --- maven-install-plugin:2.5.2:install (default-install) @ owlapi-distribution ---
[INFO] Installing /home/travis/build/owlcs/owlapi/distribution/target/owlapi-distribution-6.0.0-SNAPSHOT.jar to /home/travis/.m2/repository/net/sourceforge/owlapi/owlapi-distribution/6.0.0-SNAPSHOT/owlapi-distribution-6.0.0-SNAPSHOT.jar
[INFO] Installing /home/travis/build/owlcs/owlapi/distribution/dependency-reduced-pom.xml to /home/travis/.m2/repository/net/sourceforge/owlapi/owlapi-distribution/6.0.0-SNAPSHOT/owlapi-distribution-6.0.0-SNAPSHOT.pom
[INFO] Installing /home/travis/build/owlcs/owlapi/distribution/target/owlapi-distribution-6.0.0-SNAPSHOT-sources.jar to /home/travis/.m2/repository/net/sourceforge/owlapi/owlapi-distribution/6.0.0-SNAPSHOT/owlapi-distribution-6.0.0-SNAPSHOT-sources.jar
[INFO] 
[INFO] --- maven-bundle-plugin:3.2.0:install (default-install) @ owlapi-distribution ---
[INFO] Installing net/sourceforge/owlapi/owlapi-distribution/6.0.0-SNAPSHOT/owlapi-distribution-6.0.0-SNAPSHOT.jar
[INFO] Installing net/sourceforge/owlapi/owlapi-distribution/6.0.0-SNAPSHOT/owlapi-distribution-6.0.0-SNAPSHOT-sources.jar
[INFO] Writing OBR metadata
[INFO]                                                                         
[INFO] ------------------------------------------------------------------------
[INFO] Building OWLAPI :: OSGi and Compatibility Distribution 6.0.0-SNAPSHOT
[INFO] ------------------------------------------------------------------------
[INFO] 
[INFO] --- maven-enforcer-plugin:1.0:enforce (enforce-maven) @ owlapi-osgidistribution ---
[INFO] 
[INFO] --- maven-resources-plugin:3.0.1:resources (default-resources) @ owlapi-osgidistribution ---
[INFO] Using 'UTF-8' encoding to copy filtered resources.
[INFO] skip non existing resourceDirectory /home/travis/build/owlcs/owlapi/osgidistribution/src/main/resources
[INFO] 
[INFO] --- maven-compiler-plugin:3.6.0:compile (default-compile) @ owlapi-osgidistribution ---
[INFO] Changes detected - recompiling the module!
[INFO] Compiling 1 source file to /home/travis/build/owlcs/owlapi/osgidistribution/target/classes
[INFO] 
[INFO] --- maven-resources-plugin:3.0.1:testResources (default-testResources) @ owlapi-osgidistribution ---
[INFO] Using 'UTF-8' encoding to copy filtered resources.
[INFO] Copying 2 resources
[INFO] 
[INFO] --- maven-compiler-plugin:3.6.0:testCompile (default-testCompile) @ owlapi-osgidistribution ---
[INFO] Changes detected - recompiling the module!
[INFO] Compiling 4 source files to /home/travis/build/owlcs/owlapi/osgidistribution/target/test-classes
[INFO] 
[INFO] --- maven-surefire-plugin:2.19.1:test (default-test) @ owlapi-osgidistribution ---
[INFO] Tests are skipped.
[INFO] 
[INFO] --- maven-bundle-plugin:3.2.0:bundle (default-bundle) @ owlapi-osgidistribution ---
[WARNING] Bundle net.sourceforge.owlapi:owlapi-osgidistribution:bundle:6.0.0-SNAPSHOT : Export com.clarkparsia.owlapi.explanation,  has 1,  private references [javax.annotation], 
[WARNING] Bundle net.sourceforge.owlapi:owlapi-osgidistribution:bundle:6.0.0-SNAPSHOT : Export com.clarkparsia.owlapi.explanation.io,  has 1,  private references [javax.annotation], 
[WARNING] Bundle net.sourceforge.owlapi:owlapi-osgidistribution:bundle:6.0.0-SNAPSHOT : Export org.semanticweb.owlapi,  has 1,  private references [javax.annotation], 
[WARNING] Bundle net.sourceforge.owlapi:owlapi-osgidistribution:bundle:6.0.0-SNAPSHOT : Export org.semanticweb.owlapi.apibinding,  has 1,  private references [javax.annotation], 
[WARNING] Bundle net.sourceforge.owlapi:owlapi-osgidistribution:bundle:6.0.0-SNAPSHOT : Export org.semanticweb.owlapi.change,  has 1,  private references [javax.annotation], 
[WARNING] Bundle net.sourceforge.owlapi:owlapi-osgidistribution:bundle:6.0.0-SNAPSHOT : Export org.semanticweb.owlapi.debugging,  has 1,  private references [javax.annotation], 
[WARNING] Bundle net.sourceforge.owlapi:owlapi-osgidistribution:bundle:6.0.0-SNAPSHOT : Export org.semanticweb.owlapi.dlsyntax.renderer,  has 1,  private references [javax.annotation], 
[WARNING] Bundle net.sourceforge.owlapi:owlapi-osgidistribution:bundle:6.0.0-SNAPSHOT : Export org.semanticweb.owlapi.expression,  has 1,  private references [javax.annotation], 
[WARNING] Bundle net.sourceforge.owlapi:owlapi-osgidistribution:bundle:6.0.0-SNAPSHOT : Export org.semanticweb.owlapi.formats,  has 2,  private references [javax.annotation, org.eclipse.rdf4j.rio], 
[WARNING] Bundle net.sourceforge.owlapi:owlapi-osgidistribution:bundle:6.0.0-SNAPSHOT : Export org.semanticweb.owlapi.functional.renderer,  has 1,  private references [javax.annotation], 
[WARNING] Bundle net.sourceforge.owlapi:owlapi-osgidistribution:bundle:6.0.0-SNAPSHOT : Export org.semanticweb.owlapi.io,  has 3,  private references [javax.annotation, org.apache.commons.rdf.api, org.tukaani.xz], 
[WARNING] Bundle net.sourceforge.owlapi:owlapi-osgidistribution:bundle:6.0.0-SNAPSHOT : Export org.semanticweb.owlapi.krss2.renderer,  has 1,  private references [javax.annotation], 
[WARNING] Bundle net.sourceforge.owlapi:owlapi-osgidistribution:bundle:6.0.0-SNAPSHOT : Export org.semanticweb.owlapi.manchestersyntax.parser,  has 1,  private references [javax.annotation], 
[WARNING] Bundle net.sourceforge.owlapi:owlapi-osgidistribution:bundle:6.0.0-SNAPSHOT : Export org.semanticweb.owlapi.manchestersyntax.renderer,  has 1,  private references [javax.annotation], 
[WARNING] Bundle net.sourceforge.owlapi:owlapi-osgidistribution:bundle:6.0.0-SNAPSHOT : Export org.semanticweb.owlapi.model,  has 2,  private references [javax.annotation, org.apache.commons.rdf.api], 
[WARNING] Bundle net.sourceforge.owlapi:owlapi-osgidistribution:bundle:6.0.0-SNAPSHOT : Export org.semanticweb.owlapi.model.parameters,  has 1,  private references [javax.annotation], 
[WARNING] Bundle net.sourceforge.owlapi:owlapi-osgidistribution:bundle:6.0.0-SNAPSHOT : Export org.semanticweb.owlapi.model.providers,  has 1,  private references [javax.annotation], 
[WARNING] Bundle net.sourceforge.owlapi:owlapi-osgidistribution:bundle:6.0.0-SNAPSHOT : Export org.semanticweb.owlapi.profiles,  has 1,  private references [javax.annotation], 
[WARNING] Bundle net.sourceforge.owlapi:owlapi-osgidistribution:bundle:6.0.0-SNAPSHOT : Export org.semanticweb.owlapi.profiles.violations,  has 1,  private references [javax.annotation], 
[WARNING] Bundle net.sourceforge.owlapi:owlapi-osgidistribution:bundle:6.0.0-SNAPSHOT : Export org.semanticweb.owlapi.rdf,  has 1,  private references [javax.annotation], 
[WARNING] Bundle net.sourceforge.owlapi:owlapi-osgidistribution:bundle:6.0.0-SNAPSHOT : Export org.semanticweb.owlapi.rdf.model,  has 1,  private references [javax.annotation], 
[WARNING] Bundle net.sourceforge.owlapi:owlapi-osgidistribution:bundle:6.0.0-SNAPSHOT : Export org.semanticweb.owlapi.rdf.rdfxml.parser,  has 1,  private references [javax.annotation], 
[WARNING] Bundle net.sourceforge.owlapi:owlapi-osgidistribution:bundle:6.0.0-SNAPSHOT : Export org.semanticweb.owlapi.rdf.rdfxml.renderer,  has 1,  private references [javax.annotation], 
[WARNING] Bundle net.sourceforge.owlapi:owlapi-osgidistribution:bundle:6.0.0-SNAPSHOT : Export org.semanticweb.owlapi.rdf.turtle.parser,  has 1,  private references [javax.annotation], 
[WARNING] Bundle net.sourceforge.owlapi:owlapi-osgidistribution:bundle:6.0.0-SNAPSHOT : Export org.semanticweb.owlapi.reasoner,  has 1,  private references [javax.annotation], 
[WARNING] Bundle net.sourceforge.owlapi:owlapi-osgidistribution:bundle:6.0.0-SNAPSHOT : Export org.semanticweb.owlapi.reasoner.impl,  has 1,  private references [javax.annotation], 
[WARNING] Bundle net.sourceforge.owlapi:owlapi-osgidistribution:bundle:6.0.0-SNAPSHOT : Export org.semanticweb.owlapi.rio,  has 6,  private references [org.eclipse.rdf4j, org.eclipse.rdf4j.rio.helpers, javax.annotation, org.eclipse.rdf4j.model, org.eclipse.rdf4j.rio, org.eclipse.rdf4j.common.iteration], 
[WARNING] Bundle net.sourceforge.owlapi:owlapi-osgidistribution:bundle:6.0.0-SNAPSHOT : Export org.semanticweb.owlapi.rio.utils,  has 2,  private references [javax.annotation, org.eclipse.rdf4j.model], 
[WARNING] Bundle net.sourceforge.owlapi:owlapi-osgidistribution:bundle:6.0.0-SNAPSHOT : Export org.semanticweb.owlapi.search,  has 1,  private references [javax.annotation], 
[WARNING] Bundle net.sourceforge.owlapi:owlapi-osgidistribution:bundle:6.0.0-SNAPSHOT : Export org.semanticweb.owlapi.util,  has 1,  private references [javax.annotation], 
[WARNING] Bundle net.sourceforge.owlapi:owlapi-osgidistribution:bundle:6.0.0-SNAPSHOT : Export org.semanticweb.owlapi.util.mansyntax,  has 1,  private references [javax.annotation], 
[WARNING] Bundle net.sourceforge.owlapi:owlapi-osgidistribution:bundle:6.0.0-SNAPSHOT : Export org.semanticweb.owlapi.vocab,  has 1,  private references [javax.annotation], 
[WARNING] Bundle net.sourceforge.owlapi:owlapi-osgidistribution:bundle:6.0.0-SNAPSHOT : Export org.semanticweb.owlapitools.builders,  has 1,  private references [javax.annotation], 
[WARNING] Bundle net.sourceforge.owlapi:owlapi-osgidistribution:bundle:6.0.0-SNAPSHOT : Export org.semanticweb.owlapitools.decomposition,  has 1,  private references [javax.annotation], 
[WARNING] Bundle net.sourceforge.owlapi:owlapi-osgidistribution:bundle:6.0.0-SNAPSHOT : Export uk.ac.manchester.cs.atomicdecomposition,  has 1,  private references [javax.annotation], 
[WARNING] Bundle net.sourceforge.owlapi:owlapi-osgidistribution:bundle:6.0.0-SNAPSHOT : Export uk.ac.manchester.cs.chainsaw,  has 2,  private references [javax.annotation, gnu.trove.list], 
[WARNING] Bundle net.sourceforge.owlapi:owlapi-osgidistribution:bundle:6.0.0-SNAPSHOT : Export uk.ac.manchester.cs.owl.explanation.ordering,  has 1,  private references [javax.annotation], 
[WARNING] Bundle net.sourceforge.owlapi:owlapi-osgidistribution:bundle:6.0.0-SNAPSHOT : Export uk.ac.manchester.cs.owl.owlapi,  has 2,  private references [com.github.benmanes.caffeine.cache, javax.annotation], 
[WARNING] Bundle net.sourceforge.owlapi:owlapi-osgidistribution:bundle:6.0.0-SNAPSHOT : Export uk.ac.manchester.cs.owl.owlapi.concurrent,  has 1,  private references [javax.annotation], 
[WARNING] Bundle net.sourceforge.owlapi:owlapi-osgidistribution:bundle:6.0.0-SNAPSHOT : Export uk.ac.manchester.cs.owlapi.modularity,  has 1,  private references [javax.annotation], 
[WARNING] Bundle net.sourceforge.owlapi:owlapi-osgidistribution:bundle:6.0.0-SNAPSHOT : Export org.obolibrary.macro,  has 1,  private references [javax.annotation], 
[WARNING] Bundle net.sourceforge.owlapi:owlapi-osgidistribution:bundle:6.0.0-SNAPSHOT : Export org.obolibrary.obo2owl,  has 1,  private references [javax.annotation], 
[WARNING] Bundle net.sourceforge.owlapi:owlapi-osgidistribution:bundle:6.0.0-SNAPSHOT : Export org.obolibrary.oboformat.diff,  has 1,  private references [javax.annotation], 
[WARNING] Bundle net.sourceforge.owlapi:owlapi-osgidistribution:bundle:6.0.0-SNAPSHOT : Export org.obolibrary.oboformat.model,  has 1,  private references [javax.annotation], 
[WARNING] Bundle net.sourceforge.owlapi:owlapi-osgidistribution:bundle:6.0.0-SNAPSHOT : Export org.obolibrary.oboformat.parser,  has 1,  private references [javax.annotation], 
[WARNING] Bundle net.sourceforge.owlapi:owlapi-osgidistribution:bundle:6.0.0-SNAPSHOT : Export org.obolibrary.oboformat.writer,  has 2,  private references [javax.annotation, gnu.trove.map.hash], 
[WARNING] Bundle net.sourceforge.owlapi:owlapi-osgidistribution:bundle:6.0.0-SNAPSHOT : Export org.obolibrary.owl,  has 1,  private references [javax.annotation], 
[WARNING] Bundle net.sourceforge.owlapi:owlapi-osgidistribution:bundle:6.0.0-SNAPSHOT : Export org.coode.owlapi.manchesterowlsyntax,  has 1,  private references [javax.annotation], 
[WARNING] Bundle net.sourceforge.owlapi:owlapi-osgidistribution:bundle:6.0.0-SNAPSHOT : Export org.coode.owlapi.obo12.parser,  has 1,  private references [javax.annotation], 
[INFO] 
[INFO] >>> maven-source-plugin:3.0.1:jar (attach-sources) > generate-sources @ owlapi-osgidistribution >>>
[INFO] 
[INFO] --- maven-enforcer-plugin:1.0:enforce (enforce-maven) @ owlapi-osgidistribution ---
[INFO] 
[INFO] <<< maven-source-plugin:3.0.1:jar (attach-sources) < generate-sources @ owlapi-osgidistribution <<<
[INFO] 
[INFO] --- maven-source-plugin:3.0.1:jar (attach-sources) @ owlapi-osgidistribution ---
[INFO] Building jar: /home/travis/build/owlcs/owlapi/osgidistribution/target/owlapi-osgidistribution-6.0.0-SNAPSHOT-sources.jar
[INFO] 
[INFO] --- maven-javadoc-plugin:2.10.4:jar (attach-javadocs) @ owlapi-osgidistribution ---
[INFO] Skipping javadoc generation
[INFO] 
[INFO] --- maven-javadoc-plugin:2.10.4:jar (attach-javadoc) @ owlapi-osgidistribution ---
[INFO] Skipping javadoc generation
[INFO] 
[INFO] --- maven-shade-plugin:2.4.3:shade (default) @ owlapi-osgidistribution ---
[INFO] Including net.sourceforge.owlapi:owlapi-apibinding:jar:6.0.0-SNAPSHOT in the shaded jar.
[INFO] Including net.sourceforge.owlapi:owlapi-tools:jar:6.0.0-SNAPSHOT in the shaded jar.
[INFO] Including net.sourceforge.owlapi:owlapi-impl:jar:6.0.0-SNAPSHOT in the shaded jar.
[INFO] Including net.sourceforge.owlapi:owlapi-parsers:jar:6.0.0-SNAPSHOT in the shaded jar.
[INFO] Including net.sourceforge.owlapi:owlapi-oboformat:jar:6.0.0-SNAPSHOT in the shaded jar.
[INFO] Including net.sourceforge.owlapi:owlapi-rio:jar:6.0.0-SNAPSHOT in the shaded jar.
[INFO] Including net.sourceforge.owlapi:owlapi-api:jar:6.0.0-SNAPSHOT in the shaded jar.
[INFO] Including net.sourceforge.owlapi:owlapi-compatibility:jar:6.0.0-SNAPSHOT in the shaded jar.
[INFO] Excluding com.google.code.findbugs:jsr305:jar:3.0.1 from the shaded jar.
[INFO] Excluding com.fasterxml.jackson.core:jackson-core:jar:2.8.5 from the shaded jar.
[INFO] Excluding com.fasterxml.jackson.core:jackson-databind:jar:2.8.5 from the shaded jar.
[INFO] Excluding com.fasterxml.jackson.core:jackson-annotations:jar:2.8.5 from the shaded jar.
[INFO] Excluding org.apache.commons:commons-rdf-api:jar:0.3.0-incubating from the shaded jar.
[INFO] Excluding org.tukaani:xz:jar:1.6 from the shaded jar.
[INFO] Excluding org.slf4j:slf4j-api:jar:1.7.22 from the shaded jar.
[INFO] Excluding org.slf4j:jcl-over-slf4j:jar:1.7.22 from the shaded jar.
[INFO] Excluding org.eclipse.rdf4j:rdf4j-model:jar:2.1.4 from the shaded jar.
[INFO] Excluding org.eclipse.rdf4j:rdf4j-rio-api:jar:2.1.4 from the shaded jar.
[INFO] Excluding org.eclipse.rdf4j:rdf4j-rio-languages:jar:2.1.4 from the shaded jar.
[INFO] Excluding org.eclipse.rdf4j:rdf4j-rio-datatypes:jar:2.1.4 from the shaded jar.
[INFO] Excluding org.eclipse.rdf4j:rdf4j-rio-binary:jar:2.1.4 from the shaded jar.
[INFO] Excluding org.eclipse.rdf4j:rdf4j-rio-n3:jar:2.1.4 from the shaded jar.
[INFO] Excluding org.eclipse.rdf4j:rdf4j-rio-nquads:jar:2.1.4 from the shaded jar.
[INFO] Excluding org.eclipse.rdf4j:rdf4j-rio-ntriples:jar:2.1.4 from the shaded jar.
[INFO] Excluding org.eclipse.rdf4j:rdf4j-rio-rdfjson:jar:2.1.4 from the shaded jar.
[INFO] Excluding org.eclipse.rdf4j:rdf4j-rio-jsonld:jar:2.1.4 from the shaded jar.
[INFO] Excluding org.eclipse.rdf4j:rdf4j-rio-rdfxml:jar:2.1.4 from the shaded jar.
[INFO] Excluding org.eclipse.rdf4j:rdf4j-rio-trix:jar:2.1.4 from the shaded jar.
[INFO] Excluding org.eclipse.rdf4j:rdf4j-rio-turtle:jar:2.1.4 from the shaded jar.
[INFO] Excluding org.eclipse.rdf4j:rdf4j-rio-trig:jar:2.1.4 from the shaded jar.
[INFO] Excluding org.eclipse.rdf4j:rdf4j-util:jar:2.1.4 from the shaded jar.
[INFO] Excluding com.github.jsonld-java:jsonld-java:jar:0.9.0 from the shaded jar.
[INFO] Excluding org.apache.httpcomponents:httpclient-osgi:jar:4.5.2 from the shaded jar.
[INFO] Excluding org.apache.httpcomponents:httpmime:jar:4.5.2 from the shaded jar.
[INFO] Excluding org.apache.httpcomponents:fluent-hc:jar:4.5.2 from the shaded jar.
[INFO] Excluding org.apache.httpcomponents:httpcore-osgi:jar:4.4.5 from the shaded jar.
[INFO] Excluding org.apache.httpcomponents:httpcore-nio:jar:4.4.5 from the shaded jar.
[INFO] Excluding org.apache.httpcomponents:httpclient:jar:4.5.2 from the shaded jar.
[INFO] Excluding org.apache.httpcomponents:httpclient-cache:jar:4.5.2 from the shaded jar.
[INFO] Excluding org.apache.httpcomponents:httpcore:jar:4.4.5 from the shaded jar.
[INFO] Excluding commons-codec:commons-codec:jar:1.10 from the shaded jar.
[INFO] Excluding commons-logging:commons-logging:jar:1.2 from the shaded jar.
[INFO] Excluding commons-io:commons-io:jar:2.5 from the shaded jar.
[INFO] Excluding net.sf.trove4j:trove4j:jar:3.0.3 from the shaded jar.
[INFO] Excluding com.google.guava:guava:jar:20.0 from the shaded jar.
[INFO] Excluding com.google.inject:guice:jar:4.1.0 from the shaded jar.
[INFO] Excluding javax.inject:javax.inject:jar:1 from the shaded jar.
[INFO] Excluding aopalliance:aopalliance:jar:1.0 from the shaded jar.
[INFO] Excluding com.google.inject.extensions:guice-assistedinject:jar:4.1.0 from the shaded jar.
[INFO] Excluding com.google.inject.extensions:guice-multibindings:jar:4.1.0 from the shaded jar.
[INFO] Excluding com.github.ben-manes.caffeine:caffeine:jar:2.3.5 from the shaded jar.
[INFO] Excluding org.apache.servicemix.bundles:org.apache.servicemix.bundles.javax-inject:jar:1_2 from the shaded jar.
[INFO] Excluding org.apache.servicemix.bundles:org.apache.servicemix.bundles.aopalliance:jar:1.0_6 from the shaded jar.
[WARNING] owlapi-osgidistribution-6.0.0-SNAPSHOT.jar, owlapi-impl-6.0.0-SNAPSHOT.jar define 199 overlapping classes: 
[WARNING]   - org.semanticweb.owlapi.reasoner.impl.OWLNamedIndividualNodeSet
[WARNING]   - uk.ac.manchester.cs.owl.owlapi.SWRLIndividualArgumentImpl
[WARNING]   - uk.ac.manchester.cs.owl.owlapi.InitVisitorFactory$InitIndividualVisitor
[WARNING]   - uk.ac.manchester.cs.owl.owlapi.OWLDataAllValuesFromImpl
[WARNING]   - uk.ac.manchester.cs.owl.owlapi.concurrent.NonConcurrentOWLOntologyBuilder
[WARNING]   - uk.ac.manchester.cs.owl.owlapi.OWLImportsDeclarationImpl
[WARNING]   - uk.ac.manchester.cs.owl.owlapi.OWLSubPropertyAxiomImpl
[WARNING]   - uk.ac.manchester.cs.owl.owlapi.OWLSameIndividualAxiomImpl
[WARNING]   - uk.ac.manchester.cs.owl.owlapi.Internals$RemoveAxiomVisitor
[WARNING]   - uk.ac.manchester.cs.owl.owlapi.SWRLSameIndividualAtomImpl
[WARNING]   - 189 more...
[WARNING] owlapi-osgidistribution-6.0.0-SNAPSHOT.jar, owlapi-parsers-6.0.0-SNAPSHOT.jar define 442 overlapping classes: 
[WARNING]   - org.semanticweb.owlapi.rdf.rdfxml.parser.TripleHandlers$TPOneOfHandler
[WARNING]   - org.semanticweb.owlapi.krss2.renderer.KRSS2SyntaxRenderer
[WARNING]   - org.semanticweb.owlapi.owlxml.parser.DataOneOfEH
[WARNING]   - org.semanticweb.owlapi.rdf.rdfxml.renderer.package-info
[WARNING]   - org.semanticweb.owlapi.rdf.rdfxml.parser.Translators$ObjectMinCardinalityTranslator
[WARNING]   - org.semanticweb.owlapi.rdf.turtle.parser.TurtleParserException
[WARNING]   - org.semanticweb.owlapi.latex.renderer.LatexOWLObjectRenderer
[WARNING]   - org.semanticweb.owlapi.rdf.turtle.parser.OWLRDFConsumerAdapter
[WARNING]   - org.semanticweb.owlapi.owlxml.renderer.OWLXMLObjectRenderer
[WARNING]   - org.semanticweb.owlapi.owlxml.parser.IndividualEH
[WARNING]   - 432 more...
[WARNING] owlapi-api-6.0.0-SNAPSHOT.jar, owlapi-osgidistribution-6.0.0-SNAPSHOT.jar define 907 overlapping classes: 
[WARNING]   - org.semanticweb.owlapi.model.OWLPropertyAssertionObject
[WARNING]   - org.semanticweb.owlapi.model.OWLAnonymousClassExpression
[WARNING]   - org.semanticweb.owlapi.model.HasApplyChange
[WARNING]   - org.semanticweb.owlapi.util.InferredIndividualAxiomGenerator
[WARNING]   - org.semanticweb.owlapi.model.SWRLDArgument
[WARNING]   - org.semanticweb.owlapi.util.OWLOntologyWalkerVisitor
[WARNING]   - org.semanticweb.owlapi.model.providers.ExistentialProvider
[WARNING]   - org.semanticweb.owlapi.model.axiomproviders.PropertyCharacteristicAxiomProvider
[WARNING]   - org.semanticweb.owlapi.model.OWLObjectPropertyDomainAxiom
[WARNING]   - org.semanticweb.owlapi.io.SystemOutDocumentTarget
[WARNING]   - 897 more...
[WARNING] owlapi-osgidistribution-6.0.0-SNAPSHOT.jar, owlapi-oboformat-6.0.0-SNAPSHOT.jar define 76 overlapping classes: 
[WARNING]   - org.obolibrary.oboformat.parser.OBOFormatException
[WARNING]   - org.obolibrary.obo2owl.OWLAPIOwl2Obo
[WARNING]   - org.obolibrary.macro.MacroExpansionGCIVisitor$MacroExpansions
[WARNING]   - org.obolibrary.oboformat.diff.Diff
[WARNING]   - org.semanticweb.owlapi.oboformat.OBOFormatRenderer$1
[WARNING]   - org.obolibrary.obo2owl.IdTranslator
[WARNING]   - org.obolibrary.oboformat.model.Clause
[WARNING]   - org.obolibrary.oboformat.parser.XrefExpander$ReverseGenusDifferentiaExpansion
[WARNING]   - org.obolibrary.owl.LabelFunctionalSyntaxStorer
[WARNING]   - org.obolibrary.oboformat.model.FrameStructureException
[WARNING]   - 66 more...
[WARNING] owlapi-osgidistribution-6.0.0-SNAPSHOT.jar, owlapi-tools-6.0.0-SNAPSHOT.jar define 136 overlapping classes: 
[WARNING]   - com.clarkparsia.owlapi.explanation.util.SilentExplanationProgressMonitor
[WARNING]   - uk.ac.manchester.cs.atomicdecomposition.package-info
[WARNING]   - uk.ac.manchester.cs.factplusplusad.OntologyBasedModularizer
[WARNING]   - org.semanticweb.owlapi.metrics.HiddenGCICount
[WARNING]   - org.semanticweb.owlapitools.decomposition.Modularizer
[WARNING]   - com.clarkparsia.owlapi.modularity.locality.SemanticLocalityEvaluator
[WARNING]   - uk.ac.manchester.cs.factplusplusad.Signature
[WARNING]   - org.semanticweb.owlapi.metrics.DoubleValuedMetric
[WARNING]   - org.semanticweb.owlapitools.decomposition.SigIndex
[WARNING]   - com.clarkparsia.owlapi.explanation.io.ExplanationRenderer
[WARNING]   - 126 more...
[WARNING] owlapi-compatibility-6.0.0-SNAPSHOT.jar, owlapi-osgidistribution-6.0.0-SNAPSHOT.jar define 98 overlapping classes: 
[WARNING]   - org.coode.owlapi.obo12.parser.OBOIdType$1
[WARNING]   - uk.ac.manchester.cs.owlapi.dlsyntax.DLSyntaxHTMLOntologyFormat
[WARNING]   - org.coode.owl.krssparser.KRSSOntologyFormat
[WARNING]   - org.coode.owlapi.obo12.parser.XRefTagHandler
[WARNING]   - org.coode.owlapi.obo12.parser.IDSpaceTagValueHandler
[WARNING]   - org.coode.owlapi.obo12.parser.OBOIdTranslator
[WARNING]   - org.coode.owlapi.obo12.parser.OntologyTagValueHandler
[WARNING]   - org.coode.owlapi.obo12.parser.OBOIdType$OBOIIdTranslator
[WARNING]   - org.coode.owlapi.obo12.parser.OBO12DocumentFormat
[WARNING]   - org.coode.owlapi.obo12.parser.PartOfTagValueHandler
[WARNING]   - 88 more...
[WARNING] owlapi-rio-6.0.0-SNAPSHOT.jar, owlapi-osgidistribution-6.0.0-SNAPSHOT.jar define 68 overlapping classes: 
[WARNING]   - org.semanticweb.owlapi.formats.N3DocumentFormatFactory
[WARNING]   - org.semanticweb.owlapi.formats.RioTurtleDocumentFormatFactory
[WARNING]   - org.semanticweb.owlapi.rio.RioStorer
[WARNING]   - org.semanticweb.owlapi.rio.RioOWLRDFParser
[WARNING]   - org.semanticweb.owlapi.rio.OWLAPIRDFFormat
[WARNING]   - org.semanticweb.owlapi.formats.N3DocumentFormat
[WARNING]   - org.semanticweb.owlapi.rio.RioFunctionalSyntaxParserFactory
[WARNING]   - org.semanticweb.owlapi.rio.RioTrigStorerFactory
[WARNING]   - org.semanticweb.owlapi.rio.RioManchesterSyntaxParserFactory
[WARNING]   - org.semanticweb.owlapi.rio.AbstractRioStorerFactory
[WARNING]   - 58 more...
[WARNING] owlapi-osgidistribution-6.0.0-SNAPSHOT.jar, owlapi-apibinding-6.0.0-SNAPSHOT.jar define 3 overlapping classes: 
[WARNING]   - org.semanticweb.owlapi.apibinding.OWLManager
[WARNING]   - org.semanticweb.owlapi.apibinding.package-info
[WARNING]   - org.semanticweb.owlapi.apibinding.OWLFunctionalSyntaxFactory
[WARNING] maven-shade-plugin has detected that some class files are
[WARNING] present in two or more JARs. When this happens, only one
[WARNING] single version of the class is copied to the uber jar.
[WARNING] Usually this is not harmful and you can skip these warnings,
[WARNING] otherwise try to manually exclude artifacts based on
[WARNING] mvn dependency:tree -Ddetail=true and the above output.
[WARNING] See http://maven.apache.org/plugins/maven-shade-plugin/
[INFO] Replacing original artifact with shaded artifact.
[INFO] Replacing /home/travis/build/owlcs/owlapi/osgidistribution/target/owlapi-osgidistribution-6.0.0-SNAPSHOT.jar with /home/travis/build/owlcs/owlapi/osgidistribution/target/owlapi-osgidistribution-6.0.0-SNAPSHOT-shaded.jar
[INFO] Dependency-reduced POM written at: /home/travis/build/owlcs/owlapi/osgidistribution/dependency-reduced-pom.xml
[INFO] 
[INFO] --- maven-assembly-plugin:3.0.0:single (attach-sources) @ owlapi-osgidistribution ---
[INFO] Reading assembly descriptor: src/assembly/sources.xml
[INFO] Building jar: /home/travis/build/owlcs/owlapi/osgidistribution/target/owlapi-osgidistribution-6.0.0-SNAPSHOT-sources.jar
[INFO] 
[INFO] --- maven-failsafe-plugin:2.19.1:integration-test (default) @ owlapi-osgidistribution ---
[INFO] Tests are skipped.
[INFO] 
[INFO] --- maven-failsafe-plugin:2.19.1:verify (default) @ owlapi-osgidistribution ---
[INFO] Tests are skipped.
[INFO] 
[INFO] --- maven-install-plugin:2.5.2:install (default-install) @ owlapi-osgidistribution ---
[INFO] Installing /home/travis/build/owlcs/owlapi/osgidistribution/target/owlapi-osgidistribution-6.0.0-SNAPSHOT.jar to /home/travis/.m2/repository/net/sourceforge/owlapi/owlapi-osgidistribution/6.0.0-SNAPSHOT/owlapi-osgidistribution-6.0.0-SNAPSHOT.jar
[INFO] Installing /home/travis/build/owlcs/owlapi/osgidistribution/dependency-reduced-pom.xml to /home/travis/.m2/repository/net/sourceforge/owlapi/owlapi-osgidistribution/6.0.0-SNAPSHOT/owlapi-osgidistribution-6.0.0-SNAPSHOT.pom
[INFO] Installing /home/travis/build/owlcs/owlapi/osgidistribution/target/owlapi-osgidistribution-6.0.0-SNAPSHOT-sources.jar to /home/travis/.m2/repository/net/sourceforge/owlapi/owlapi-osgidistribution/6.0.0-SNAPSHOT/owlapi-osgidistribution-6.0.0-SNAPSHOT-sources.jar
[INFO] Installing /home/travis/build/owlcs/owlapi/osgidistribution/target/owlapi-osgidistribution-6.0.0-SNAPSHOT-sources.jar to /home/travis/.m2/repository/net/sourceforge/owlapi/owlapi-osgidistribution/6.0.0-SNAPSHOT/owlapi-osgidistribution-6.0.0-SNAPSHOT-sources.jar
[INFO] 
[INFO] --- maven-bundle-plugin:3.2.0:install (default-install) @ owlapi-osgidistribution ---
[INFO] Installing net/sourceforge/owlapi/owlapi-osgidistribution/6.0.0-SNAPSHOT/owlapi-osgidistribution-6.0.0-SNAPSHOT.jar
[INFO] Installing net/sourceforge/owlapi/owlapi-osgidistribution/6.0.0-SNAPSHOT/owlapi-osgidistribution-6.0.0-SNAPSHOT-sources.jar
[INFO] Writing OBR metadata
[INFO] ------------------------------------------------------------------------
[INFO] Reactor Summary:
[INFO] 
[INFO] OWLAPI ............................................. SUCCESS [  1.251 s]
[INFO] OWLAPI :: Interfaces ............................... SUCCESS [  9.667 s]
[INFO] OWLAPI :: Default Implementation ................... SUCCESS [  4.489 s]
[INFO] OWLAPI :: Atomic Decomposition and Explanation ..... SUCCESS [  1.187 s]
[INFO] OWLAPI :: Parsers .................................. SUCCESS [  2.886 s]
[INFO] OWLAPI :: OBO Format ............................... SUCCESS [  0.538 s]
[INFO] OWLAPI :: RDF4J Rio ................................ SUCCESS [  0.349 s]
[INFO] OWLAPI :: Binding and Config ....................... SUCCESS [  0.125 s]
[INFO] OWLAPI :: Compatibility ............................ SUCCESS [  0.517 s]
[INFO] OWLAPI :: Tests and Tutorials ...................... SUCCESS [  4.253 s]
[INFO] OWLAPI :: Distribution ............................. SUCCESS [  7.426 s]
[INFO] OWLAPI :: OSGi and Compatibility Distribution ...... SUCCESS [  8.032 s]
[INFO] ------------------------------------------------------------------------
[INFO] BUILD SUCCESS
[INFO] ------------------------------------------------------------------------
[INFO] Total time: 42.089 s
[INFO] Finished at: 2017-01-14T23:22:37+00:00
[INFO] Final Memory: 63M/446M
[INFO] ------------------------------------------------------------------------

travis_time:end:1376d15e:start=1484436113553203012,finish=1484436157463912526,duration=43910709514[0Ktravis_fold:end:install[0Ktravis_time:start:0b1467e2[0K$ mvn verify
Java HotSpot(TM) 64-Bit Server VM warning: ignoring option MaxPermSize=192m; support was removed in 8.0
[INFO] Scanning for projects...
[INFO] Inspecting build with total of 12 modules...
[INFO] Installing Nexus Staging features:
[INFO]   ... total of 12 executions of maven-deploy-plugin replaced with nexus-staging-maven-plugin
[INFO] ------------------------------------------------------------------------
[INFO] Reactor Build Order:
[INFO] 
[INFO] OWLAPI
[INFO] OWLAPI :: Interfaces
[INFO] OWLAPI :: Default Implementation
[INFO] OWLAPI :: Atomic Decomposition and Explanation
[INFO] OWLAPI :: Parsers
[INFO] OWLAPI :: OBO Format
[INFO] OWLAPI :: RDF4J Rio
[INFO] OWLAPI :: Binding and Config
[INFO] OWLAPI :: Compatibility
[INFO] OWLAPI :: Tests and Tutorials
[INFO] OWLAPI :: Distribution
[INFO] OWLAPI :: OSGi and Compatibility Distribution
[INFO]                                                                         
[INFO] ------------------------------------------------------------------------
[INFO] Building OWLAPI 6.0.0-SNAPSHOT
[INFO] ------------------------------------------------------------------------
[INFO] 
[INFO] --- maven-enforcer-plugin:1.0:enforce (enforce-maven) @ owlapi-parent ---
[INFO] 
[INFO] >>> maven-source-plugin:3.0.1:jar (attach-sources) > generate-sources @ owlapi-parent >>>
[INFO] 
[INFO] --- maven-enforcer-plugin:1.0:enforce (enforce-maven) @ owlapi-parent ---
[INFO] 
[INFO] <<< maven-source-plugin:3.0.1:jar (attach-sources) < generate-sources @ owlapi-parent <<<
[INFO] 
[INFO] --- maven-source-plugin:3.0.1:jar (attach-sources) @ owlapi-parent ---
[INFO] 
[INFO] --- maven-javadoc-plugin:2.10.4:jar (attach-javadocs) @ owlapi-parent ---
[INFO] Skipping javadoc generation
[INFO] 
[INFO] --- maven-failsafe-plugin:2.19.1:integration-test (default) @ owlapi-parent ---
[INFO] No tests to run.
[INFO] 
[INFO] --- maven-failsafe-plugin:2.19.1:verify (default) @ owlapi-parent ---
[INFO]                                                                         
[INFO] ------------------------------------------------------------------------
[INFO] Building OWLAPI :: Interfaces 6.0.0-SNAPSHOT
[INFO] ------------------------------------------------------------------------
[INFO] 
[INFO] --- maven-enforcer-plugin:1.0:enforce (enforce-maven) @ owlapi-api ---
[INFO] 
[INFO] --- maven-resources-plugin:2.6:resources (default-resources) @ owlapi-api ---
[INFO] Using 'UTF-8' encoding to copy filtered resources.
[INFO] skip non existing resourceDirectory /home/travis/build/owlcs/owlapi/api/src/main/resources
[INFO] 
[INFO] --- maven-compiler-plugin:3.6.0:compile (default-compile) @ owlapi-api ---
[INFO] Changes detected - recompiling the module!
[INFO] Compiling 839 source files to /home/travis/build/owlcs/owlapi/api/target/classes
[INFO] /home/travis/build/owlcs/owlapi/api/src/main/java/org/semanticweb/owlapi/model/OWLDeclarationAxiom.java: Some input files use unchecked or unsafe operations.
[INFO] /home/travis/build/owlcs/owlapi/api/src/main/java/org/semanticweb/owlapi/model/OWLDeclarationAxiom.java: Recompile with -Xlint:unchecked for details.
[INFO] 
[INFO] --- maven-resources-plugin:2.6:testResources (default-testResources) @ owlapi-api ---
[INFO] Using 'UTF-8' encoding to copy filtered resources.
[INFO] Copying 1 resource
[INFO] 
[INFO] --- maven-compiler-plugin:3.6.0:testCompile (default-testCompile) @ owlapi-api ---
[INFO] Nothing to compile - all classes are up to date
[INFO] 
[INFO] --- maven-surefire-plugin:2.19.1:test (default-test) @ owlapi-api ---

-------------------------------------------------------
 T E S T S
-------------------------------------------------------
Tests run: 889, Failures: 0, Errors: 0, Skipped: 3

[INFO] 
[INFO] --- maven-jar-plugin:2.4:jar (default-jar) @ owlapi-api ---
[INFO] Building jar: /home/travis/build/owlcs/owlapi/api/target/owlapi-api-6.0.0-SNAPSHOT.jar
[INFO] 
[INFO] >>> maven-source-plugin:3.0.1:jar (attach-sources) > generate-sources @ owlapi-api >>>
[INFO] 
[INFO] --- maven-enforcer-plugin:1.0:enforce (enforce-maven) @ owlapi-api ---
[INFO] 
[INFO] <<< maven-source-plugin:3.0.1:jar (attach-sources) < generate-sources @ owlapi-api <<<
[INFO] 
[INFO] --- maven-source-plugin:3.0.1:jar (attach-sources) @ owlapi-api ---
[INFO] Building jar: /home/travis/build/owlcs/owlapi/api/target/owlapi-api-6.0.0-SNAPSHOT-sources.jar
[INFO] 
[INFO] --- maven-javadoc-plugin:2.10.4:jar (attach-javadocs) @ owlapi-api ---
[INFO] Skipping javadoc generation
[INFO] 
[INFO] --- maven-failsafe-plugin:2.19.1:integration-test (default) @ owlapi-api ---
[INFO] 
[INFO] --- maven-failsafe-plugin:2.19.1:verify (default) @ owlapi-api ---
[INFO]                                                                         
[INFO] ------------------------------------------------------------------------
[INFO] Building OWLAPI :: Default Implementation 6.0.0-SNAPSHOT
[INFO] ------------------------------------------------------------------------
[INFO] 
[INFO] --- maven-enforcer-plugin:1.0:enforce (enforce-maven) @ owlapi-impl ---
[INFO] 
[INFO] --- maven-resources-plugin:2.6:resources (default-resources) @ owlapi-impl ---
[INFO] Using 'UTF-8' encoding to copy filtered resources.
[INFO] skip non existing resourceDirectory /home/travis/build/owlcs/owlapi/impl/src/main/resources
[INFO] 
[INFO] --- maven-compiler-plugin:3.6.0:compile (default-compile) @ owlapi-impl ---
[INFO] Nothing to compile - all classes are up to date
[INFO] 
[INFO] --- maven-resources-plugin:2.6:testResources (default-testResources) @ owlapi-impl ---
[INFO] Using 'UTF-8' encoding to copy filtered resources.
[INFO] skip non existing resourceDirectory /home/travis/build/owlcs/owlapi/impl/src/test/resources
[INFO] 
[INFO] --- maven-compiler-plugin:3.6.0:testCompile (default-testCompile) @ owlapi-impl ---
[INFO] Nothing to compile - all classes are up to date
[INFO] 
[INFO] --- maven-surefire-plugin:2.19.1:test (default-test) @ owlapi-impl ---

-------------------------------------------------------
 T E S T S
-------------------------------------------------------
[main] WARN uk.ac.manchester.cs.owl.owlapi.OWLOntologyManagerImpl - Runtime Warning: Parsers should load imported ontologies using the makeImportLoadRequest method.
[main] WARN uk.ac.manchester.cs.owl.owlapi.OWLOntologyManagerImpl - Runtime Warning: Parsers should load imported ontologies using the makeImportLoadRequest method.
Tests run: 548, Failures: 0, Errors: 0, Skipped: 0

[INFO] 
[INFO] --- maven-jar-plugin:2.4:jar (default-jar) @ owlapi-impl ---
[INFO] 
[INFO] >>> maven-source-plugin:3.0.1:jar (attach-sources) > generate-sources @ owlapi-impl >>>
[INFO] 
[INFO] --- maven-enforcer-plugin:1.0:enforce (enforce-maven) @ owlapi-impl ---
[INFO] 
[INFO] <<< maven-source-plugin:3.0.1:jar (attach-sources) < generate-sources @ owlapi-impl <<<
[INFO] 
[INFO] --- maven-source-plugin:3.0.1:jar (attach-sources) @ owlapi-impl ---
[INFO] Building jar: /home/travis/build/owlcs/owlapi/impl/target/owlapi-impl-6.0.0-SNAPSHOT-sources.jar
[INFO] 
[INFO] --- maven-javadoc-plugin:2.10.4:jar (attach-javadocs) @ owlapi-impl ---
[INFO] Skipping javadoc generation
[INFO] 
[INFO] --- maven-failsafe-plugin:2.19.1:integration-test (default) @ owlapi-impl ---
[INFO] 
[INFO] --- maven-failsafe-plugin:2.19.1:verify (default) @ owlapi-impl ---
[INFO]                                                                         
[INFO] ------------------------------------------------------------------------
[INFO] Building OWLAPI :: Atomic Decomposition and Explanation 6.0.0-SNAPSHOT
[INFO] ------------------------------------------------------------------------
[INFO] 
[INFO] --- maven-enforcer-plugin:1.0:enforce (enforce-maven) @ owlapi-tools ---
[INFO] 
[INFO] --- maven-resources-plugin:2.6:resources (default-resources) @ owlapi-tools ---
[INFO] Using 'UTF-8' encoding to copy filtered resources.
[INFO] skip non existing resourceDirectory /home/travis/build/owlcs/owlapi/tools/src/main/resources
[INFO] 
[INFO] --- maven-compiler-plugin:3.6.0:compile (default-compile) @ owlapi-tools ---
[INFO] Nothing to compile - all classes are up to date
[INFO] 
[INFO] --- maven-resources-plugin:2.6:testResources (default-testResources) @ owlapi-tools ---
[INFO] Using 'UTF-8' encoding to copy filtered resources.
[INFO] skip non existing resourceDirectory /home/travis/build/owlcs/owlapi/tools/src/test/resources
[INFO] 
[INFO] --- maven-compiler-plugin:3.6.0:testCompile (default-testCompile) @ owlapi-tools ---
[INFO] No sources to compile
[INFO] 
[INFO] --- maven-surefire-plugin:2.19.1:test (default-test) @ owlapi-tools ---
[INFO] No tests to run.
[INFO] 
[INFO] --- maven-jar-plugin:2.4:jar (default-jar) @ owlapi-tools ---
[INFO] 
[INFO] >>> maven-source-plugin:3.0.1:jar (attach-sources) > generate-sources @ owlapi-tools >>>
[INFO] 
[INFO] --- maven-enforcer-plugin:1.0:enforce (enforce-maven) @ owlapi-tools ---
[INFO] 
[INFO] <<< maven-source-plugin:3.0.1:jar (attach-sources) < generate-sources @ owlapi-tools <<<
[INFO] 
[INFO] --- maven-source-plugin:3.0.1:jar (attach-sources) @ owlapi-tools ---
[INFO] Building jar: /home/travis/build/owlcs/owlapi/tools/target/owlapi-tools-6.0.0-SNAPSHOT-sources.jar
[INFO] 
[INFO] --- maven-javadoc-plugin:2.10.4:jar (attach-javadocs) @ owlapi-tools ---
[INFO] Skipping javadoc generation
[INFO] 
[INFO] --- maven-failsafe-plugin:2.19.1:integration-test (default) @ owlapi-tools ---
[INFO] No tests to run.
[INFO] 
[INFO] --- maven-failsafe-plugin:2.19.1:verify (default) @ owlapi-tools ---
[INFO]                                                                         
[INFO] ------------------------------------------------------------------------
[INFO] Building OWLAPI :: Parsers 6.0.0-SNAPSHOT
[INFO] ------------------------------------------------------------------------
[INFO] 
[INFO] --- maven-enforcer-plugin:1.0:enforce (enforce-maven) @ owlapi-parsers ---
[INFO] 
[INFO] --- maven-resources-plugin:2.6:resources (default-resources) @ owlapi-parsers ---
[INFO] Using 'UTF-8' encoding to copy filtered resources.
[INFO] Copying 2 resources
[INFO] 
[INFO] --- maven-compiler-plugin:3.6.0:compile (default-compile) @ owlapi-parsers ---
[INFO] Changes detected - recompiling the module!
[INFO] Compiling 195 source files to /home/travis/build/owlcs/owlapi/parsers/target/classes
[INFO] /home/travis/build/owlcs/owlapi/parsers/src/main/java/org/semanticweb/owlapi/functional/parser/OWLFunctionalSyntaxParser.java: Some input files use or override a deprecated API.
[INFO] /home/travis/build/owlcs/owlapi/parsers/src/main/java/org/semanticweb/owlapi/functional/parser/OWLFunctionalSyntaxParser.java: Recompile with -Xlint:deprecation for details.
[INFO] /home/travis/build/owlcs/owlapi/parsers/src/main/java/org/semanticweb/owlapi/rdf/model/AbstractTranslator.java: Some input files use unchecked or unsafe operations.
[INFO] /home/travis/build/owlcs/owlapi/parsers/src/main/java/org/semanticweb/owlapi/rdf/model/AbstractTranslator.java: Recompile with -Xlint:unchecked for details.
[INFO] 
[INFO] --- maven-resources-plugin:2.6:testResources (default-testResources) @ owlapi-parsers ---
[INFO] Using 'UTF-8' encoding to copy filtered resources.
[INFO] skip non existing resourceDirectory /home/travis/build/owlcs/owlapi/parsers/src/test/resources
[INFO] 
[INFO] --- maven-compiler-plugin:3.6.0:testCompile (default-testCompile) @ owlapi-parsers ---
[INFO] Nothing to compile - all classes are up to date
[INFO] 
[INFO] --- maven-surefire-plugin:2.19.1:test (default-test) @ owlapi-parsers ---

-------------------------------------------------------
 T E S T S
-------------------------------------------------------
Tests run: 2, Failures: 0, Errors: 0, Skipped: 0

[INFO] 
[INFO] --- maven-jar-plugin:2.4:jar (default-jar) @ owlapi-parsers ---
[INFO] Building jar: /home/travis/build/owlcs/owlapi/parsers/target/owlapi-parsers-6.0.0-SNAPSHOT.jar
[INFO] 
[INFO] >>> maven-source-plugin:3.0.1:jar (attach-sources) > generate-sources @ owlapi-parsers >>>
[INFO] 
[INFO] --- maven-enforcer-plugin:1.0:enforce (enforce-maven) @ owlapi-parsers ---
[INFO] 
[INFO] <<< maven-source-plugin:3.0.1:jar (attach-sources) < generate-sources @ owlapi-parsers <<<
[INFO] 
[INFO] --- maven-source-plugin:3.0.1:jar (attach-sources) @ owlapi-parsers ---
[INFO] Building jar: /home/travis/build/owlcs/owlapi/parsers/target/owlapi-parsers-6.0.0-SNAPSHOT-sources.jar
[INFO] 
[INFO] --- maven-javadoc-plugin:2.10.4:jar (attach-javadocs) @ owlapi-parsers ---
[INFO] Skipping javadoc generation
[INFO] 
[INFO] --- maven-failsafe-plugin:2.19.1:integration-test (default) @ owlapi-parsers ---
[INFO] 
[INFO] --- maven-failsafe-plugin:2.19.1:verify (default) @ owlapi-parsers ---
[INFO]                                                                         
[INFO] ------------------------------------------------------------------------
[INFO] Building OWLAPI :: OBO Format 6.0.0-SNAPSHOT
[INFO] ------------------------------------------------------------------------
[INFO] 
[INFO] --- maven-enforcer-plugin:1.0:enforce (enforce-maven) @ owlapi-oboformat ---
[INFO] 
[INFO] --- maven-resources-plugin:2.6:resources (default-resources) @ owlapi-oboformat ---
[INFO] Using 'UTF-8' encoding to copy filtered resources.
[INFO] Copying 2 resources
[INFO] 
[INFO] --- maven-compiler-plugin:3.6.0:compile (default-compile) @ owlapi-oboformat ---
[INFO] Nothing to compile - all classes are up to date
[INFO] 
[INFO] --- maven-resources-plugin:2.6:testResources (default-testResources) @ owlapi-oboformat ---
[INFO] Using 'UTF-8' encoding to copy filtered resources.
[INFO] skip non existing resourceDirectory /home/travis/build/owlcs/owlapi/oboformat/src/test/resources
[INFO] 
[INFO] --- maven-compiler-plugin:3.6.0:testCompile (default-testCompile) @ owlapi-oboformat ---
[INFO] Nothing to compile - all classes are up to date
[INFO] 
[INFO] --- maven-surefire-plugin:2.19.1:test (default-test) @ owlapi-oboformat ---

-------------------------------------------------------
 T E S T S
-------------------------------------------------------
Tests run: 1, Failures: 0, Errors: 0, Skipped: 0

[INFO] 
[INFO] --- maven-jar-plugin:2.4:jar (default-jar) @ owlapi-oboformat ---
[INFO] 
[INFO] >>> maven-source-plugin:3.0.1:jar (attach-sources) > generate-sources @ owlapi-oboformat >>>
[INFO] 
[INFO] --- maven-enforcer-plugin:1.0:enforce (enforce-maven) @ owlapi-oboformat ---
[INFO] 
[INFO] <<< maven-source-plugin:3.0.1:jar (attach-sources) < generate-sources @ owlapi-oboformat <<<
[INFO] 
[INFO] --- maven-source-plugin:3.0.1:jar (attach-sources) @ owlapi-oboformat ---
[INFO] Building jar: /home/travis/build/owlcs/owlapi/oboformat/target/owlapi-oboformat-6.0.0-SNAPSHOT-sources.jar
[INFO] 
[INFO] --- maven-javadoc-plugin:2.10.4:jar (attach-javadocs) @ owlapi-oboformat ---
[INFO] Skipping javadoc generation
[INFO] 
[INFO] --- maven-failsafe-plugin:2.19.1:integration-test (default) @ owlapi-oboformat ---
[INFO] 
[INFO] --- maven-failsafe-plugin:2.19.1:verify (default) @ owlapi-oboformat ---
[INFO]                                                                         
[INFO] ------------------------------------------------------------------------
[INFO] Building OWLAPI :: RDF4J Rio 6.0.0-SNAPSHOT
[INFO] ------------------------------------------------------------------------
[INFO] 
[INFO] --- maven-enforcer-plugin:1.0:enforce (enforce-maven) @ owlapi-rio ---
[INFO] 
[INFO] --- maven-resources-plugin:2.6:resources (default-resources) @ owlapi-rio ---
[INFO] Using 'UTF-8' encoding to copy filtered resources.
[INFO] Copying 5 resources
[INFO] 
[INFO] --- maven-compiler-plugin:3.6.0:compile (default-compile) @ owlapi-rio ---
[INFO] Nothing to compile - all classes are up to date
[INFO] 
[INFO] --- maven-resources-plugin:2.6:testResources (default-testResources) @ owlapi-rio ---
[INFO] Using 'UTF-8' encoding to copy filtered resources.
[INFO] skip non existing resourceDirectory /home/travis/build/owlcs/owlapi/rio/src/test/resources
[INFO] 
[INFO] --- maven-compiler-plugin:3.6.0:testCompile (default-testCompile) @ owlapi-rio ---
[INFO] No sources to compile
[INFO] 
[INFO] --- maven-surefire-plugin:2.19.1:test (default-test) @ owlapi-rio ---
[INFO] No tests to run.
[INFO] 
[INFO] --- maven-jar-plugin:2.4:jar (default-jar) @ owlapi-rio ---
[INFO] 
[INFO] >>> maven-source-plugin:3.0.1:jar (attach-sources) > generate-sources @ owlapi-rio >>>
[INFO] 
[INFO] --- maven-enforcer-plugin:1.0:enforce (enforce-maven) @ owlapi-rio ---
[INFO] 
[INFO] <<< maven-source-plugin:3.0.1:jar (attach-sources) < generate-sources @ owlapi-rio <<<
[INFO] 
[INFO] --- maven-source-plugin:3.0.1:jar (attach-sources) @ owlapi-rio ---
[INFO] Building jar: /home/travis/build/owlcs/owlapi/rio/target/owlapi-rio-6.0.0-SNAPSHOT-sources.jar
[INFO] 
[INFO] --- maven-javadoc-plugin:2.10.4:jar (attach-javadocs) @ owlapi-rio ---
[INFO] Skipping javadoc generation
[INFO] 
[INFO] --- maven-failsafe-plugin:2.19.1:integration-test (default) @ owlapi-rio ---
[INFO] No tests to run.
[INFO] 
[INFO] --- maven-failsafe-plugin:2.19.1:verify (default) @ owlapi-rio ---
[INFO]                                                                         
[INFO] ------------------------------------------------------------------------
[INFO] Building OWLAPI :: Binding and Config 6.0.0-SNAPSHOT
[INFO] ------------------------------------------------------------------------
[INFO] 
[INFO] --- maven-enforcer-plugin:1.0:enforce (enforce-maven) @ owlapi-apibinding ---
[INFO] 
[INFO] --- maven-resources-plugin:2.6:resources (default-resources) @ owlapi-apibinding ---
[INFO] Using 'UTF-8' encoding to copy filtered resources.
[INFO] Copying 1 resource
[INFO] 
[INFO] --- maven-compiler-plugin:3.6.0:compile (default-compile) @ owlapi-apibinding ---
[INFO] Nothing to compile - all classes are up to date
[INFO] 
[INFO] --- maven-resources-plugin:2.6:testResources (default-testResources) @ owlapi-apibinding ---
[INFO] Using 'UTF-8' encoding to copy filtered resources.
[INFO] skip non existing resourceDirectory /home/travis/build/owlcs/owlapi/apibinding/src/test/resources
[INFO] 
[INFO] --- maven-compiler-plugin:3.6.0:testCompile (default-testCompile) @ owlapi-apibinding ---
[INFO] No sources to compile
[INFO] 
[INFO] --- maven-surefire-plugin:2.19.1:test (default-test) @ owlapi-apibinding ---
[INFO] No tests to run.
[INFO] 
[INFO] --- maven-jar-plugin:2.4:jar (default-jar) @ owlapi-apibinding ---
[INFO] 
[INFO] >>> maven-source-plugin:3.0.1:jar (attach-sources) > generate-sources @ owlapi-apibinding >>>
[INFO] 
[INFO] --- maven-enforcer-plugin:1.0:enforce (enforce-maven) @ owlapi-apibinding ---
[INFO] 
[INFO] <<< maven-source-plugin:3.0.1:jar (attach-sources) < generate-sources @ owlapi-apibinding <<<
[INFO] 
[INFO] --- maven-source-plugin:3.0.1:jar (attach-sources) @ owlapi-apibinding ---
[INFO] Building jar: /home/travis/build/owlcs/owlapi/apibinding/target/owlapi-apibinding-6.0.0-SNAPSHOT-sources.jar
[INFO] 
[INFO] --- maven-javadoc-plugin:2.10.4:jar (attach-javadocs) @ owlapi-apibinding ---
[INFO] Skipping javadoc generation
[INFO] 
[INFO] --- maven-failsafe-plugin:2.19.1:integration-test (default) @ owlapi-apibinding ---
[INFO] No tests to run.
[INFO] 
[INFO] --- maven-failsafe-plugin:2.19.1:verify (default) @ owlapi-apibinding ---
[INFO]                                                                         
[INFO] ------------------------------------------------------------------------
[INFO] Building OWLAPI :: Compatibility 6.0.0-SNAPSHOT
[INFO] ------------------------------------------------------------------------
[INFO] 
[INFO] --- maven-enforcer-plugin:1.0:enforce (enforce-maven) @ owlapi-compatibility ---
[INFO] 
[INFO] --- maven-resources-plugin:2.6:resources (default-resources) @ owlapi-compatibility ---
[INFO] Using 'UTF-8' encoding to copy filtered resources.
[INFO] Copying 1 resource
[INFO] 
[INFO] --- maven-compiler-plugin:3.6.0:compile (default-compile) @ owlapi-compatibility ---
[INFO] Nothing to compile - all classes are up to date
[INFO] 
[INFO] --- maven-resources-plugin:2.6:testResources (default-testResources) @ owlapi-compatibility ---
[INFO] Using 'UTF-8' encoding to copy filtered resources.
[INFO] skip non existing resourceDirectory /home/travis/build/owlcs/owlapi/compatibility/src/test/resources
[INFO] 
[INFO] --- maven-compiler-plugin:3.6.0:testCompile (default-testCompile) @ owlapi-compatibility ---
[INFO] No sources to compile
[INFO] 
[INFO] --- maven-surefire-plugin:2.19.1:test (default-test) @ owlapi-compatibility ---
[INFO] No tests to run.
[INFO] 
[INFO] --- maven-jar-plugin:2.4:jar (default-jar) @ owlapi-compatibility ---
[INFO] 
[INFO] >>> maven-source-plugin:3.0.1:jar (attach-sources) > generate-sources @ owlapi-compatibility >>>
[INFO] 
[INFO] --- maven-enforcer-plugin:1.0:enforce (enforce-maven) @ owlapi-compatibility ---
[INFO] 
[INFO] <<< maven-source-plugin:3.0.1:jar (attach-sources) < generate-sources @ owlapi-compatibility <<<
[INFO] 
[INFO] --- maven-source-plugin:3.0.1:jar (attach-sources) @ owlapi-compatibility ---
[INFO] Building jar: /home/travis/build/owlcs/owlapi/compatibility/target/owlapi-compatibility-6.0.0-SNAPSHOT-sources.jar
[INFO] 
[INFO] --- maven-javadoc-plugin:2.10.4:jar (attach-javadocs) @ owlapi-compatibility ---
[INFO] Skipping javadoc generation
[INFO] 
[INFO] --- maven-failsafe-plugin:2.19.1:integration-test (default) @ owlapi-compatibility ---
[INFO] No tests to run.
[INFO] 
[INFO] --- maven-failsafe-plugin:2.19.1:verify (default) @ owlapi-compatibility ---
[INFO]                                                                         
[INFO] ------------------------------------------------------------------------
[INFO] Building OWLAPI :: Tests and Tutorials 6.0.0-SNAPSHOT
[INFO] ------------------------------------------------------------------------
[INFO] 
[INFO] --- maven-enforcer-plugin:1.0:enforce (enforce-maven) @ owlapi-contract ---
[INFO] 
[INFO] --- maven-resources-plugin:2.6:resources (default-resources) @ owlapi-contract ---
[INFO] Using 'UTF-8' encoding to copy filtered resources.
[INFO] skip non existing resourceDirectory /home/travis/build/owlcs/owlapi/contract/src/main/resources
[INFO] 
[INFO] --- maven-compiler-plugin:3.6.0:compile (default-compile) @ owlapi-contract ---
[INFO] Changes detected - recompiling the module!
[INFO] Compiling 9 source files to /home/travis/build/owlcs/owlapi/contract/target/classes
[INFO] 
[INFO] --- maven-resources-plugin:2.6:testResources (default-testResources) @ owlapi-contract ---
[INFO] Using 'UTF-8' encoding to copy filtered resources.
[INFO] Copying 172 resources
[INFO] 
[INFO] --- maven-compiler-plugin:3.6.0:testCompile (default-testCompile) @ owlapi-contract ---
[INFO] Nothing to compile - all classes are up to date
[INFO] 
[INFO] --- maven-surefire-plugin:2.19.1:test (default-test) @ owlapi-contract ---

-------------------------------------------------------
 T E S T S
-------------------------------------------------------
roundtrip fail: Manchester OWL Syntax AnnotationAssertion(Annotation(<urn:test#ann> "test"^^xsd:string) <urn:test#ann> <urn:test#iri> "false"^^xsd:boolean)
Prefix: owl: <http://www.w3.org/2002/07/owl#>
Prefix: rdf: <http://www.w3.org/1999/02/22-rdf-syntax-ns#>
Prefix: rdfs: <http://www.w3.org/2000/01/rdf-schema#>
Prefix: xml: <http://www.w3.org/XML/1998/namespace>
Prefix: xsd: <http://www.w3.org/2001/XMLSchema#>



Ontology: 

AnnotationProperty: <urn:test#ann>

    
Datatype: xsd:boolean

    
Datatype: xsd:string

    

Declaration(Datatype(xsd:boolean))
Declaration(Datatype(xsd:string))
Declaration(AnnotationProperty(<urn:test#ann>))
end of roundtrip failure
parse fail: DL Syntax Format AsymmetricObjectProperty(<urn:test#op>)
op ⊑ ¬ op⁻
roundtrip fail: DL Syntax Format ClassAssertion(<urn:test#c> <urn:test#i>)
c(i)
ClassAssertion(<http://www.sematicweb.org/ontologies/Ontology109666015988698#c> <http://www.sematicweb.org/ontologies/Ontology109666015988698#i>)
end of roundtrip failure
parse fail: DL Syntax Format ClassAssertion(ObjectIntersectionOf(<urn:test#c> <urn:test#iri>) <urn:test#i>)
(c ⊓ iri)(i)
parse fail: DL Syntax Format ClassAssertion(ObjectUnionOf(<urn:test#c> <urn:test#iri>) <urn:test#i>)
(c ⊔ iri)(i)
roundtrip fail: DL Syntax Format DataPropertyRange(<urn:test#dp> DataIntersectionOf(<urn:test#datatype> DataOneOf("false"^^xsd:boolean ) ))
⊤ ⊑ ∀ dp.(datatype ⊓ ({false}))
ObjectPropertyRange(<http://www.sematicweb.org/ontologies/Ontology109666055915422#dp> ObjectIntersectionOf(<http://www.sematicweb.org/ontologies/Ontology109666055915422#datatype> ObjectOneOf(<http://www.sematicweb.org/ontologies/Ontology109666055915422#false>)))
end of roundtrip failure
roundtrip fail: DL Syntax Format DataPropertyRange(<urn:test#dp> DataUnionOf(<urn:test#datatype> DataOneOf("false"^^xsd:boolean ) ))
⊤ ⊑ ∀ dp.(datatype ⊔ ({false}))
ObjectPropertyRange(<http://www.sematicweb.org/ontologies/Ontology109666069201143#dp> ObjectUnionOf(<http://www.sematicweb.org/ontologies/Ontology109666069201143#datatype> ObjectOneOf(<http://www.sematicweb.org/ontologies/Ontology109666069201143#false>)))
end of roundtrip failure
roundtrip fail: DL Syntax Format ClassAssertion(ObjectComplementOf(<urn:test#c>) <urn:test#i>)
(¬c)(i)
ClassAssertion(ObjectComplementOf(<http://www.sematicweb.org/ontologies/Ontology109666083192201#c>) <http://www.sematicweb.org/ontologies/Ontology109666083192201#i>)
end of roundtrip failure
parse fail: DL Syntax Format ClassAssertion(ObjectComplementOf(<urn:test#c>) _:id)
(¬c)()
parse fail: DL Syntax Format ClassAssertion(ObjectSomeValuesFrom(<urn:test#op> <urn:test#c>) <urn:test#i>)
(∃ op.c)(i)
parse fail: DL Syntax Format ClassAssertion(ObjectAllValuesFrom(<urn:test#op> <urn:test#c>) <urn:test#i>)
(∀ op.c)(i)
parse fail: DL Syntax Format ClassAssertion(ObjectHasValue(<urn:test#op> <urn:test#i>) <urn:test#i>)
(∃ op.{i})(i)
parse fail: DL Syntax Format ClassAssertion(ObjectMinCardinality(1 <urn:test#op> <urn:test#c>) <urn:test#i>)
(≥ 1 op.c)(i)
parse fail: DL Syntax Format ClassAssertion(ObjectMaxCardinality(1 <urn:test#op> <urn:test#c>) <urn:test#i>)
(≤ 1 op.c)(i)
parse fail: DL Syntax Format ClassAssertion(ObjectExactCardinality(1 <urn:test#op> <urn:test#c>) <urn:test#i>)
(= 1 op.c)(i)
parse fail: DL Syntax Format ClassAssertion(ObjectHasSelf(<urn:test#op>) <urn:test#i>)
(∃ op .self)(i)
parse fail: DL Syntax Format ClassAssertion(ObjectOneOf(<urn:test#i>) <urn:test#i>)
({i})(i)
parse fail: DL Syntax Format ClassAssertion(DataSomeValuesFrom(<urn:test#dp> <urn:test#datatype>) <urn:test#i>)
(∃ dp.datatype)(i)
parse fail: DL Syntax Format ClassAssertion(DataAllValuesFrom(<urn:test#dp> <urn:test#datatype>) <urn:test#i>)
(∀ dp.datatype)(i)
parse fail: DL Syntax Format ClassAssertion(DataHasValue(<urn:test#dp> "false"^^xsd:boolean) <urn:test#i>)
(∃ dp.{false})(i)
parse fail: DL Syntax Format ClassAssertion(DataMinCardinality(1 <urn:test#dp> <urn:test#datatype>) <urn:test#i>)
(≥ 1 dp.datatype)(i)
parse fail: DL Syntax Format ClassAssertion(DataMaxCardinality(1 <urn:test#dp> <urn:test#datatype>) <urn:test#i>)
(≤ 1 dp.datatype)(i)
parse fail: DL Syntax Format ClassAssertion(DataExactCardinality(1 <urn:test#dp> <urn:test#datatype>) <urn:test#i>)
(= 1 dp.datatype)(i)
roundtrip fail: DL Syntax Format DataPropertyRange(<urn:test#dp> DataOneOf("false"^^xsd:boolean ))
⊤ ⊑ ∀ dp.({false})
ObjectPropertyRange(<http://www.sematicweb.org/ontologies/Ontology109666277413399#dp> ObjectOneOf(<http://www.sematicweb.org/ontologies/Ontology109666277413399#false>))
end of roundtrip failure
roundtrip fail: DL Syntax Format DataPropertyRange(<urn:test#dp> DataComplementOf(DataOneOf("false"^^xsd:boolean )))
⊤ ⊑ ∀ dp.(¬{false})
ObjectPropertyRange(<http://www.sematicweb.org/ontologies/Ontology109666288953570#dp> ObjectComplementOf(ObjectOneOf(<http://www.sematicweb.org/ontologies/Ontology109666288953570#false>)))
end of roundtrip failure
parse fail: DL Syntax Format DataPropertyRange(<urn:test#dp> DataRangeRestriction(xsd:double facetRestriction(minExclusive "5.0"^^xsd:double) facetRestriction(maxExclusive "6.0"^^xsd:double)))
⊤ ⊑ ∀ dp.()
roundtrip fail: DL Syntax Format DataPropertyAssertion(<urn:test#dp> <urn:test#i> "false"^^xsd:boolean)
dp(i, false)
ObjectPropertyAssertion(<http://www.sematicweb.org/ontologies/Ontology109666311545213#dp> <http://www.sematicweb.org/ontologies/Ontology109666311545213#i> <http://www.sematicweb.org/ontologies/Ontology109666311545213#false>)
end of roundtrip failure
roundtrip fail: DL Syntax Format DataPropertyAssertion(<urn:test#dp> <urn:test#i> "string"@en)
dp(i, string)
ObjectPropertyAssertion(<http://www.sematicweb.org/ontologies/Ontology109666321554975#dp> <http://www.sematicweb.org/ontologies/Ontology109666321554975#i> <http://www.sematicweb.org/ontologies/Ontology109666321554975#string>)
end of roundtrip failure
roundtrip fail: DL Syntax Format DataPropertyDomain(<urn:test#dp> <urn:test#c>)
∃ dp.⊤ ⊑ c
ObjectPropertyDomain(<http://www.sematicweb.org/ontologies/Ontology109666331971616#dp> <http://www.sematicweb.org/ontologies/Ontology109666331971616#c>)
end of roundtrip failure
roundtrip fail: DL Syntax Format DataPropertyRange(<urn:test#dp> <urn:test#datatype>)
⊤ ⊑ ∀ dp.datatype
ObjectPropertyRange(<http://www.sematicweb.org/ontologies/Ontology109666341840173#dp> <http://www.sematicweb.org/ontologies/Ontology109666341840173#datatype>)
end of roundtrip failure
parse fail: DL Syntax Format DatatypeDefinition(<urn:test#datatype> xsd:double)

roundtrip fail: DL Syntax Format DifferentIndividuals(<urn:test#i> <urn:test#iri> )
i ≠ iri
DifferentIndividuals(<http://www.sematicweb.org/ontologies/Ontology109666410595207#i> <http://www.sematicweb.org/ontologies/Ontology109666410595207#iri> )
end of roundtrip failure
roundtrip fail: DL Syntax Format DisjointClasses(<urn:test#c> <urn:test#iri>)
c ⊑ ¬ iri
SubClassOf(<http://www.sematicweb.org/ontologies/Ontology109666420843734#c> ObjectComplementOf(<http://www.sematicweb.org/ontologies/Ontology109666420843734#iri>))
end of roundtrip failure
roundtrip fail: DL Syntax Format DisjointDataProperties(<urn:test#dp> <urn:test#iri> )
dp ⊑ ¬ iri
SubClassOf(<http://www.sematicweb.org/ontologies/Ontology109666429665272#dp> ObjectComplementOf(<http://www.sematicweb.org/ontologies/Ontology109666429665272#iri>))
end of roundtrip failure
roundtrip fail: DL Syntax Format DisjointObjectProperties(<urn:test#iri> <urn:test#op> )
iri ⊑ ¬ op
SubClassOf(<http://www.sematicweb.org/ontologies/Ontology109666440360026#iri> ObjectComplementOf(<http://www.sematicweb.org/ontologies/Ontology109666440360026#op>))
end of roundtrip failure
parse fail: DL Syntax Format DisjointUnion(<urn:test#c> <urn:test#c> <urn:test#iri> )
c=c ⊔ iri
roundtrip fail: DL Syntax Format EquivalentClasses(<urn:test#c> <urn:test#iri> )
c ≡ iri
EquivalentClasses(<http://www.sematicweb.org/ontologies/Ontology109666465723754#c> <http://www.sematicweb.org/ontologies/Ontology109666465723754#iri> )
end of roundtrip failure
roundtrip fail: DL Syntax Format EquivalentDataProperties(<urn:test#dp> <urn:test#iri> )
dp ≡ iri
EquivalentClasses(<http://www.sematicweb.org/ontologies/Ontology109666475955093#dp> <http://www.sematicweb.org/ontologies/Ontology109666475955093#iri> )
end of roundtrip failure
roundtrip fail: DL Syntax Format EquivalentObjectProperties(<urn:test#iri> <urn:test#op> )
iri ≡ op
EquivalentClasses(<http://www.sematicweb.org/ontologies/Ontology109666486938407#iri> <http://www.sematicweb.org/ontologies/Ontology109666486938407#op> )
end of roundtrip failure
roundtrip fail: DL Syntax Format FunctionalDataProperty(<urn:test#dp>)
⊤ ⊑ ≤ 1 dp
FunctionalObjectProperty(<http://www.sematicweb.org/ontologies/Ontology109666504765814#dp>)
end of roundtrip failure
roundtrip fail: DL Syntax Format FunctionalObjectProperty(<urn:test#op>)
⊤ ⊑ ≤ 1 op
FunctionalObjectProperty(<http://www.sematicweb.org/ontologies/Ontology109666514700060#op>)
end of roundtrip failure
roundtrip fail: DL Syntax Format InverseFunctionalObjectProperty(<urn:test#op>)
⊤ ⊑ ≤ 1 op⁻
FunctionalObjectProperty(InverseOf(<http://www.sematicweb.org/ontologies/Ontology109666523808164#op>))
end of roundtrip failure
parse fail: DL Syntax Format InverseObjectProperties(<urn:test#op> <urn:test#op>)
op ≡ op⁻
parse fail: DL Syntax Format IrreflexiveObjectProperty(<urn:test#op>)
⊤ ⊑ ¬∃ op .self
parse fail: DL Syntax Format NegativeDataPropertyAssertion(<urn:test#dp> <urn:test#i> "false"^^xsd:boolean)
¬¬dp(i, false)
parse fail: DL Syntax Format NegativeObjectPropertyAssertion(<urn:test#op> <urn:test#i> <urn:test#i>)
¬¬op(i, i)
roundtrip fail: DL Syntax Format ObjectPropertyAssertion(<urn:test#op> <urn:test#i> <urn:test#i>)
op(i, i)
ObjectPropertyAssertion(<http://www.sematicweb.org/ontologies/Ontology109666574212981#op> <http://www.sematicweb.org/ontologies/Ontology109666574212981#i> <http://www.sematicweb.org/ontologies/Ontology109666574212981#i>)
end of roundtrip failure
roundtrip fail: DL Syntax Format ObjectPropertyAssertion(InverseOf(<urn:test#op>) <urn:test#i> <urn:test#i>)
op⁻(i, i)
ObjectPropertyAssertion(InverseOf(<http://www.sematicweb.org/ontologies/Ontology109666584041302#op>) <http://www.sematicweb.org/ontologies/Ontology109666584041302#i> <http://www.sematicweb.org/ontologies/Ontology109666584041302#i>)
end of roundtrip failure
roundtrip fail: DL Syntax Format ObjectPropertyAssertion(InverseOf(<urn:test#op>) <urn:test#i> <urn:test#j>)
op⁻(i, j)
ObjectPropertyAssertion(InverseOf(<http://www.sematicweb.org/ontologies/Ontology109666593051724#op>) <http://www.sematicweb.org/ontologies/Ontology109666593051724#i> <http://www.sematicweb.org/ontologies/Ontology109666593051724#j>)
end of roundtrip failure
roundtrip fail: DL Syntax Format ObjectPropertyDomain(<urn:test#op> <urn:test#c>)
∃ op.⊤ ⊑ c
ObjectPropertyDomain(<http://www.sematicweb.org/ontologies/Ontology109666603395077#op> <http://www.sematicweb.org/ontologies/Ontology109666603395077#c>)
end of roundtrip failure
roundtrip fail: DL Syntax Format ObjectPropertyRange(<urn:test#op> <urn:test#c>)
⊤ ⊑ ∀ op.c
ObjectPropertyRange(<http://www.sematicweb.org/ontologies/Ontology109666613269982#op> <http://www.sematicweb.org/ontologies/Ontology109666613269982#c>)
end of roundtrip failure
parse fail: DL Syntax Format SubObjectPropertyOf(ObjectPropertyChain( <urn:test#iri> <urn:test#op> ) <urn:test#op>)
iri ∘ op ⊑ op
roundtrip fail: DL Syntax Format ReflexiveObjectProperty(<urn:test#op>)
⊤ ⊑ ∃ op .self
SubClassOf(owl:Thing ObjectSomeValuesFrom(<http://www.sematicweb.org/ontologies/Ontology109666631835141#op> <http://www.sematicweb.org/ontologies/Ontology109666631835141#self>))
end of roundtrip failure
roundtrip fail: DL Syntax Format SameIndividual(<urn:test#i> <urn:test#iri> )
i = iri
SameIndividual(<http://www.sematicweb.org/ontologies/Ontology109666640917940#i> <http://www.sematicweb.org/ontologies/Ontology109666640917940#iri> )
end of roundtrip failure
roundtrip fail: DL Syntax Format SubClassOf(<urn:test#c> owl:Thing)
c ⊑ ⊤
SubClassOf(<http://www.sematicweb.org/ontologies/Ontology109666658599857#c> owl:Thing)
end of roundtrip failure
parse fail: DL Syntax Format SubDataPropertyOf(<urn:test#dp> owl:topDataProperty)
dp⊑topDataProperty
roundtrip fail: DL Syntax Format SubObjectPropertyOf(<urn:test#op> owl:topObjectProperty)
op ⊑ topObjectProperty
SubClassOf(<http://www.sematicweb.org/ontologies/Ontology109666674771394#op> <http://www.sematicweb.org/ontologies/Ontology109666674771394#topObjectProperty>)
end of roundtrip failure
parse fail: DL Syntax Format DLSafeRule( Body(BuiltInAtom(<urn:swrl#v1> Variable(<urn:swrl#var3>) Variable(<urn:swrl#var4>) )) Head(BuiltInAtom(<urn:swrl#v2> Variable(<urn:swrl#var5>) Variable(<urn:swrl#var6>) )) )

parse fail: DL Syntax Format SymmetricObjectProperty(<urn:test#op>)
op ≡ op⁻
parse fail: DL Syntax Format TransitiveObjectProperty(<urn:test#op>)
op ∈ R⁺
parse fail: DL Syntax Format HasKey(<urn:test#c> (<urn:test#iri> <urn:test#op> ) (<urn:test#dp> ))

parse fail: DL Syntax Format DLSafeRule( Body(BuiltInAtom(<urn:swrl#v1> Variable(<urn:swrl#var3>) Variable(<urn:swrl#var4>) ) ClassAtom(<urn:test#c> Variable(<urn:swrl#var2>)) DataRangeAtom(<urn:test#datatype> Variable(<urn:swrl#var1>)) BuiltInAtom(<urn:test#iri> Variable(<urn:swrl#var1>) ) DifferentFromAtom(Variable(<urn:swrl#var2>) <urn:test#i>) SameAsAtom(Variable(<urn:swrl#var2>) <urn:test#iri>)) Head(BuiltInAtom(<urn:swrl#v2> Variable(<urn:swrl#var5>) Variable(<urn:swrl#var6>) ) DataPropertyAtom(<urn:test#dp> Variable(<urn:swrl#var2>) "false"^^xsd:boolean) ObjectPropertyAtom(<urn:test#op> Variable(<urn:swrl#var2>) Variable(<urn:swrl#var2>))) )
urn:swrl#v2((?var5) , (?var6)) ⋀ dp(?var2, false) ⋀ op(?var2, ?var2) ← urn:swrl#v1((?var3) , (?var4)) ⋀ c(?var2) ⋀ datatype(?var1) ⋀ urn:test#iri((?var1)) ⋀ differentFrom(?var2, i) ⋀ sameAs(?var2, iri)
elapsed time (ms): 2460
Successful threads: 25	 expected: 25

Tests run: 5130, Failures: 0, Errors: 0, Skipped: 40

[INFO] 
[INFO] --- maven-jar-plugin:2.4:jar (default-jar) @ owlapi-contract ---
[INFO] Building jar: /home/travis/build/owlcs/owlapi/contract/target/owlapi-contract-6.0.0-SNAPSHOT.jar
[INFO] 
[INFO] >>> maven-source-plugin:3.0.1:jar (attach-sources) > generate-sources @ owlapi-contract >>>
[INFO] 
[INFO] --- maven-enforcer-plugin:1.0:enforce (enforce-maven) @ owlapi-contract ---
[INFO] 
[INFO] <<< maven-source-plugin:3.0.1:jar (attach-sources) < generate-sources @ owlapi-contract <<<
[INFO] 
[INFO] --- maven-source-plugin:3.0.1:jar (attach-sources) @ owlapi-contract ---
[INFO] Building jar: /home/travis/build/owlcs/owlapi/contract/target/owlapi-contract-6.0.0-SNAPSHOT-sources.jar
[INFO] 
[INFO] --- maven-javadoc-plugin:2.10.4:jar (attach-javadocs) @ owlapi-contract ---
[INFO] Skipping javadoc generation
[INFO] 
[INFO] --- maven-failsafe-plugin:2.19.1:integration-test (default) @ owlapi-contract ---
[INFO] 
[INFO] --- maven-failsafe-plugin:2.19.1:verify (default) @ owlapi-contract ---
[INFO]                                                                         
[INFO] ------------------------------------------------------------------------
[INFO] Building OWLAPI :: Distribution 6.0.0-SNAPSHOT
[INFO] ------------------------------------------------------------------------
[INFO] 
[INFO] --- maven-enforcer-plugin:1.0:enforce (enforce-maven) @ owlapi-distribution ---
[INFO] 
[INFO] --- maven-resources-plugin:3.0.1:resources (default-resources) @ owlapi-distribution ---
[INFO] Using 'UTF-8' encoding to copy filtered resources.
[INFO] skip non existing resourceDirectory /home/travis/build/owlcs/owlapi/distribution/src/main/resources
[INFO] 
[INFO] --- maven-compiler-plugin:3.6.0:compile (default-compile) @ owlapi-distribution ---
[INFO] No sources to compile
[INFO] 
[INFO] --- maven-resources-plugin:3.0.1:testResources (default-testResources) @ owlapi-distribution ---
[INFO] Using 'UTF-8' encoding to copy filtered resources.
[INFO] skip non existing resourceDirectory /home/travis/build/owlcs/owlapi/distribution/src/test/resources
[INFO] 
[INFO] --- maven-compiler-plugin:3.6.0:testCompile (default-testCompile) @ owlapi-distribution ---
[INFO] No sources to compile
[INFO] 
[INFO] --- maven-surefire-plugin:2.19.1:test (default-test) @ owlapi-distribution ---
[INFO] No tests to run.
[INFO] 
[INFO] --- maven-bundle-plugin:3.2.0:bundle (default-bundle) @ owlapi-distribution ---
[WARNING] Bundle net.sourceforge.owlapi:owlapi-distribution:bundle:6.0.0-SNAPSHOT : Unused Import-Package instructions: [org.apache.commons.logging.*] 
[INFO] 
[INFO] >>> maven-source-plugin:3.0.1:jar (attach-sources) > generate-sources @ owlapi-distribution >>>
[INFO] 
[INFO] --- maven-enforcer-plugin:1.0:enforce (enforce-maven) @ owlapi-distribution ---
[INFO] 
[INFO] <<< maven-source-plugin:3.0.1:jar (attach-sources) < generate-sources @ owlapi-distribution <<<
[INFO] 
[INFO] --- maven-source-plugin:3.0.1:jar (attach-sources) @ owlapi-distribution ---
[INFO] No sources in project. Archive not created.
[INFO] 
[INFO] --- maven-shade-plugin:2.4.3:shade (default) @ owlapi-distribution ---
[INFO] Including net.sourceforge.owlapi:owlapi-apibinding:jar:6.0.0-SNAPSHOT in the shaded jar.
[INFO] Including net.sourceforge.owlapi:owlapi-tools:jar:6.0.0-SNAPSHOT in the shaded jar.
[INFO] Including net.sourceforge.owlapi:owlapi-impl:jar:6.0.0-SNAPSHOT in the shaded jar.
[INFO] Including net.sourceforge.owlapi:owlapi-parsers:jar:6.0.0-SNAPSHOT in the shaded jar.
[INFO] Including net.sourceforge.owlapi:owlapi-oboformat:jar:6.0.0-SNAPSHOT in the shaded jar.
[INFO] Including net.sourceforge.owlapi:owlapi-rio:jar:6.0.0-SNAPSHOT in the shaded jar.
[INFO] Including net.sourceforge.owlapi:owlapi-api:jar:6.0.0-SNAPSHOT in the shaded jar.
[INFO] Excluding net.sourceforge.owlapi:owlapi-compatibility:jar:6.0.0-SNAPSHOT from the shaded jar.
[INFO] Excluding com.fasterxml.jackson.core:jackson-core:jar:2.8.5 from the shaded jar.
[INFO] Excluding com.fasterxml.jackson.core:jackson-databind:jar:2.8.5 from the shaded jar.
[INFO] Excluding com.fasterxml.jackson.core:jackson-annotations:jar:2.8.5 from the shaded jar.
[INFO] Excluding org.apache.commons:commons-rdf-api:jar:0.3.0-incubating from the shaded jar.
[INFO] Excluding org.tukaani:xz:jar:1.6 from the shaded jar.
[INFO] Excluding org.slf4j:slf4j-api:jar:1.7.22 from the shaded jar.
[INFO] Excluding org.slf4j:jcl-over-slf4j:jar:1.7.22 from the shaded jar.
[INFO] Excluding org.eclipse.rdf4j:rdf4j-model:jar:2.1.4 from the shaded jar.
[INFO] Excluding org.eclipse.rdf4j:rdf4j-rio-api:jar:2.1.4 from the shaded jar.
[INFO] Excluding org.eclipse.rdf4j:rdf4j-rio-languages:jar:2.1.4 from the shaded jar.
[INFO] Excluding org.eclipse.rdf4j:rdf4j-rio-datatypes:jar:2.1.4 from the shaded jar.
[INFO] Excluding org.eclipse.rdf4j:rdf4j-rio-binary:jar:2.1.4 from the shaded jar.
[INFO] Excluding org.eclipse.rdf4j:rdf4j-rio-n3:jar:2.1.4 from the shaded jar.
[INFO] Excluding org.eclipse.rdf4j:rdf4j-rio-nquads:jar:2.1.4 from the shaded jar.
[INFO] Excluding org.eclipse.rdf4j:rdf4j-rio-ntriples:jar:2.1.4 from the shaded jar.
[INFO] Excluding org.eclipse.rdf4j:rdf4j-rio-rdfjson:jar:2.1.4 from the shaded jar.
[INFO] Excluding org.eclipse.rdf4j:rdf4j-rio-jsonld:jar:2.1.4 from the shaded jar.
[INFO] Excluding org.eclipse.rdf4j:rdf4j-rio-rdfxml:jar:2.1.4 from the shaded jar.
[INFO] Excluding org.eclipse.rdf4j:rdf4j-rio-trix:jar:2.1.4 from the shaded jar.
[INFO] Excluding org.eclipse.rdf4j:rdf4j-rio-turtle:jar:2.1.4 from the shaded jar.
[INFO] Excluding org.eclipse.rdf4j:rdf4j-rio-trig:jar:2.1.4 from the shaded jar.
[INFO] Excluding org.eclipse.rdf4j:rdf4j-util:jar:2.1.4 from the shaded jar.
[INFO] Excluding com.github.jsonld-java:jsonld-java:jar:0.9.0 from the shaded jar.
[INFO] Excluding org.apache.httpcomponents:httpclient-osgi:jar:4.5.2 from the shaded jar.
[INFO] Excluding org.apache.httpcomponents:httpclient:jar:4.5.2 from the shaded jar.
[INFO] Excluding commons-codec:commons-codec:jar:1.9 from the shaded jar.
[INFO] Excluding org.apache.httpcomponents:httpmime:jar:4.5.2 from the shaded jar.
[INFO] Excluding org.apache.httpcomponents:httpclient-cache:jar:4.5.2 from the shaded jar.
[INFO] Excluding org.apache.httpcomponents:fluent-hc:jar:4.5.2 from the shaded jar.
[INFO] Excluding org.apache.httpcomponents:httpcore-osgi:jar:4.4.5 from the shaded jar.
[INFO] Excluding org.apache.httpcomponents:httpcore:jar:4.4.5 from the shaded jar.
[INFO] Excluding org.apache.httpcomponents:httpcore-nio:jar:4.4.5 from the shaded jar.
[INFO] Excluding net.sf.trove4j:trove4j:jar:3.0.3 from the shaded jar.
[INFO] Excluding com.github.ben-manes.caffeine:caffeine:jar:2.3.5 from the shaded jar.
[INFO] Excluding com.google.guava:guava:jar:20.0 from the shaded jar.
[INFO] Excluding com.google.inject:guice:jar:4.1.0 from the shaded jar.
[INFO] Excluding javax.inject:javax.inject:jar:1 from the shaded jar.
[INFO] Excluding aopalliance:aopalliance:jar:1.0 from the shaded jar.
[INFO] Excluding com.google.inject.extensions:guice-assistedinject:jar:4.1.0 from the shaded jar.
[INFO] Excluding com.google.inject.extensions:guice-multibindings:jar:4.1.0 from the shaded jar.
[INFO] Excluding com.google.code.findbugs:jsr305:jar:3.0.1 from the shaded jar.
[INFO] Excluding commons-io:commons-io:jar:2.5 from the shaded jar.
[WARNING] owlapi-distribution-6.0.0-SNAPSHOT.jar, owlapi-oboformat-6.0.0-SNAPSHOT.jar define 76 overlapping classes: 
[WARNING]   - org.obolibrary.oboformat.parser.OBOFormatException
[WARNING]   - org.obolibrary.obo2owl.OWLAPIOwl2Obo
[WARNING]   - org.obolibrary.macro.MacroExpansionGCIVisitor$MacroExpansions
[WARNING]   - org.obolibrary.oboformat.diff.Diff
[WARNING]   - org.semanticweb.owlapi.oboformat.OBOFormatRenderer$1
[WARNING]   - org.obolibrary.obo2owl.IdTranslator
[WARNING]   - org.obolibrary.oboformat.model.Clause
[WARNING]   - org.obolibrary.oboformat.parser.XrefExpander$ReverseGenusDifferentiaExpansion
[WARNING]   - org.obolibrary.owl.LabelFunctionalSyntaxStorer
[WARNING]   - org.obolibrary.oboformat.model.FrameStructureException
[WARNING]   - 66 more...
[WARNING] owlapi-distribution-6.0.0-SNAPSHOT.jar, owlapi-tools-6.0.0-SNAPSHOT.jar define 136 overlapping classes: 
[WARNING]   - com.clarkparsia.owlapi.explanation.util.SilentExplanationProgressMonitor
[WARNING]   - uk.ac.manchester.cs.atomicdecomposition.package-info
[WARNING]   - uk.ac.manchester.cs.factplusplusad.OntologyBasedModularizer
[WARNING]   - org.semanticweb.owlapi.metrics.HiddenGCICount
[WARNING]   - org.semanticweb.owlapitools.decomposition.Modularizer
[WARNING]   - com.clarkparsia.owlapi.modularity.locality.SemanticLocalityEvaluator
[WARNING]   - uk.ac.manchester.cs.factplusplusad.Signature
[WARNING]   - org.semanticweb.owlapi.metrics.DoubleValuedMetric
[WARNING]   - org.semanticweb.owlapitools.decomposition.SigIndex
[WARNING]   - com.clarkparsia.owlapi.explanation.io.ExplanationRenderer
[WARNING]   - 126 more...
[WARNING] owlapi-distribution-6.0.0-SNAPSHOT.jar, owlapi-rio-6.0.0-SNAPSHOT.jar define 68 overlapping classes: 
[WARNING]   - org.semanticweb.owlapi.formats.N3DocumentFormatFactory
[WARNING]   - org.semanticweb.owlapi.formats.RioTurtleDocumentFormatFactory
[WARNING]   - org.semanticweb.owlapi.rio.RioStorer
[WARNING]   - org.semanticweb.owlapi.rio.RioOWLRDFParser
[WARNING]   - org.semanticweb.owlapi.rio.OWLAPIRDFFormat
[WARNING]   - org.semanticweb.owlapi.formats.N3DocumentFormat
[WARNING]   - org.semanticweb.owlapi.rio.RioFunctionalSyntaxParserFactory
[WARNING]   - org.semanticweb.owlapi.rio.RioTrigStorerFactory
[WARNING]   - org.semanticweb.owlapi.rio.RioManchesterSyntaxParserFactory
[WARNING]   - org.semanticweb.owlapi.rio.AbstractRioStorerFactory
[WARNING]   - 58 more...
[WARNING] owlapi-distribution-6.0.0-SNAPSHOT.jar, owlapi-apibinding-6.0.0-SNAPSHOT.jar define 3 overlapping classes: 
[WARNING]   - org.semanticweb.owlapi.apibinding.OWLManager
[WARNING]   - org.semanticweb.owlapi.apibinding.package-info
[WARNING]   - org.semanticweb.owlapi.apibinding.OWLFunctionalSyntaxFactory
[WARNING] owlapi-distribution-6.0.0-SNAPSHOT.jar, owlapi-api-6.0.0-SNAPSHOT.jar define 907 overlapping classes: 
[WARNING]   - org.semanticweb.owlapi.model.OWLPropertyAssertionObject
[WARNING]   - org.semanticweb.owlapi.model.OWLAnonymousClassExpression
[WARNING]   - org.semanticweb.owlapi.model.HasApplyChange
[WARNING]   - org.semanticweb.owlapi.util.InferredIndividualAxiomGenerator
[WARNING]   - org.semanticweb.owlapi.model.SWRLDArgument
[WARNING]   - org.semanticweb.owlapi.util.OWLOntologyWalkerVisitor
[WARNING]   - org.semanticweb.owlapi.model.providers.ExistentialProvider
[WARNING]   - org.semanticweb.owlapi.model.axiomproviders.PropertyCharacteristicAxiomProvider
[WARNING]   - org.semanticweb.owlapi.model.OWLObjectPropertyDomainAxiom
[WARNING]   - org.semanticweb.owlapi.io.SystemOutDocumentTarget
[WARNING]   - 897 more...
[WARNING] owlapi-distribution-6.0.0-SNAPSHOT.jar, owlapi-parsers-6.0.0-SNAPSHOT.jar define 442 overlapping classes: 
[WARNING]   - org.semanticweb.owlapi.rdf.rdfxml.parser.TripleHandlers$TPOneOfHandler
[WARNING]   - org.semanticweb.owlapi.krss2.renderer.KRSS2SyntaxRenderer
[WARNING]   - org.semanticweb.owlapi.owlxml.parser.DataOneOfEH
[WARNING]   - org.semanticweb.owlapi.rdf.rdfxml.renderer.package-info
[WARNING]   - org.semanticweb.owlapi.rdf.rdfxml.parser.Translators$ObjectMinCardinalityTranslator
[WARNING]   - org.semanticweb.owlapi.rdf.turtle.parser.TurtleParserException
[WARNING]   - org.semanticweb.owlapi.latex.renderer.LatexOWLObjectRenderer
[WARNING]   - org.semanticweb.owlapi.rdf.turtle.parser.OWLRDFConsumerAdapter
[WARNING]   - org.semanticweb.owlapi.owlxml.renderer.OWLXMLObjectRenderer
[WARNING]   - org.semanticweb.owlapi.owlxml.parser.IndividualEH
[WARNING]   - 432 more...
[WARNING] owlapi-distribution-6.0.0-SNAPSHOT.jar, owlapi-impl-6.0.0-SNAPSHOT.jar define 199 overlapping classes: 
[WARNING]   - org.semanticweb.owlapi.reasoner.impl.OWLNamedIndividualNodeSet
[WARNING]   - uk.ac.manchester.cs.owl.owlapi.SWRLIndividualArgumentImpl
[WARNING]   - uk.ac.manchester.cs.owl.owlapi.InitVisitorFactory$InitIndividualVisitor
[WARNING]   - uk.ac.manchester.cs.owl.owlapi.OWLDataAllValuesFromImpl
[WARNING]   - uk.ac.manchester.cs.owl.owlapi.concurrent.NonConcurrentOWLOntologyBuilder
[WARNING]   - uk.ac.manchester.cs.owl.owlapi.OWLImportsDeclarationImpl
[WARNING]   - uk.ac.manchester.cs.owl.owlapi.OWLSubPropertyAxiomImpl
[WARNING]   - uk.ac.manchester.cs.owl.owlapi.OWLSameIndividualAxiomImpl
[WARNING]   - uk.ac.manchester.cs.owl.owlapi.Internals$RemoveAxiomVisitor
[WARNING]   - uk.ac.manchester.cs.owl.owlapi.SWRLSameIndividualAtomImpl
[WARNING]   - 189 more...
[WARNING] maven-shade-plugin has detected that some class files are
[WARNING] present in two or more JARs. When this happens, only one
[WARNING] single version of the class is copied to the uber jar.
[WARNING] Usually this is not harmful and you can skip these warnings,
[WARNING] otherwise try to manually exclude artifacts based on
[WARNING] mvn dependency:tree -Ddetail=true and the above output.
[WARNING] See http://maven.apache.org/plugins/maven-shade-plugin/
[INFO] Replacing original artifact with shaded artifact.
[INFO] Replacing /home/travis/build/owlcs/owlapi/distribution/target/owlapi-distribution-6.0.0-SNAPSHOT.jar with /home/travis/build/owlcs/owlapi/distribution/target/owlapi-distribution-6.0.0-SNAPSHOT-shaded.jar
[INFO] Dependency-reduced POM written at: /home/travis/build/owlcs/owlapi/distribution/dependency-reduced-pom.xml
[INFO] 
[INFO] --- maven-javadoc-plugin:2.10.4:jar (attach-javadocs) @ owlapi-distribution ---
[INFO] Skipping javadoc generation
[INFO] 
[INFO] --- maven-javadoc-plugin:2.10.4:jar (attach-javadoc) @ owlapi-distribution ---
[INFO] Skipping javadoc generation
[INFO] 
[INFO] --- maven-assembly-plugin:3.0.0:single (attach-sources) @ owlapi-distribution ---
[INFO] Reading assembly descriptor: src/assembly/sources.xml
[INFO] Building jar: /home/travis/build/owlcs/owlapi/distribution/target/owlapi-distribution-6.0.0-SNAPSHOT-sources.jar
[INFO] 
[INFO] --- maven-failsafe-plugin:2.19.1:integration-test (default) @ owlapi-distribution ---
[INFO] No tests to run.
[INFO] 
[INFO] --- maven-failsafe-plugin:2.19.1:verify (default) @ owlapi-distribution ---
[INFO]                                                                         
[INFO] ------------------------------------------------------------------------
[INFO] Building OWLAPI :: OSGi and Compatibility Distribution 6.0.0-SNAPSHOT
[INFO] ------------------------------------------------------------------------
[INFO] 
[INFO] --- maven-enforcer-plugin:1.0:enforce (enforce-maven) @ owlapi-osgidistribution ---
[INFO] 
[INFO] --- maven-resources-plugin:3.0.1:resources (default-resources) @ owlapi-osgidistribution ---
[INFO] Using 'UTF-8' encoding to copy filtered resources.
[INFO] skip non existing resourceDirectory /home/travis/build/owlcs/owlapi/osgidistribution/src/main/resources
[INFO] 
[INFO] --- maven-compiler-plugin:3.6.0:compile (default-compile) @ owlapi-osgidistribution ---
[INFO] Nothing to compile - all classes are up to date
[INFO] 
[INFO] --- maven-resources-plugin:3.0.1:testResources (default-testResources) @ owlapi-osgidistribution ---
[INFO] Using 'UTF-8' encoding to copy filtered resources.
[INFO] Copying 2 resources
[INFO] 
[INFO] --- maven-compiler-plugin:3.6.0:testCompile (default-testCompile) @ owlapi-osgidistribution ---
[INFO] Nothing to compile - all classes are up to date
[INFO] 
[INFO] --- maven-surefire-plugin:2.19.1:test (default-test) @ owlapi-osgidistribution ---

-------------------------------------------------------
 T E S T S
-------------------------------------------------------
Tests run: 3, Failures: 0, Errors: 0, Skipped: 0

[INFO] 
[INFO] --- maven-bundle-plugin:3.2.0:bundle (default-bundle) @ owlapi-osgidistribution ---
[WARNING] Bundle net.sourceforge.owlapi:owlapi-osgidistribution:bundle:6.0.0-SNAPSHOT : Export com.clarkparsia.owlapi.explanation,  has 1,  private references [javax.annotation], 
[WARNING] Bundle net.sourceforge.owlapi:owlapi-osgidistribution:bundle:6.0.0-SNAPSHOT : Export com.clarkparsia.owlapi.explanation.io,  has 1,  private references [javax.annotation], 
[WARNING] Bundle net.sourceforge.owlapi:owlapi-osgidistribution:bundle:6.0.0-SNAPSHOT : Export org.semanticweb.owlapi,  has 1,  private references [javax.annotation], 
[WARNING] Bundle net.sourceforge.owlapi:owlapi-osgidistribution:bundle:6.0.0-SNAPSHOT : Export org.semanticweb.owlapi.apibinding,  has 1,  private references [javax.annotation], 
[WARNING] Bundle net.sourceforge.owlapi:owlapi-osgidistribution:bundle:6.0.0-SNAPSHOT : Export org.semanticweb.owlapi.change,  has 1,  private references [javax.annotation], 
[WARNING] Bundle net.sourceforge.owlapi:owlapi-osgidistribution:bundle:6.0.0-SNAPSHOT : Export org.semanticweb.owlapi.debugging,  has 1,  private references [javax.annotation], 
[WARNING] Bundle net.sourceforge.owlapi:owlapi-osgidistribution:bundle:6.0.0-SNAPSHOT : Export org.semanticweb.owlapi.dlsyntax.renderer,  has 1,  private references [javax.annotation], 
[WARNING] Bundle net.sourceforge.owlapi:owlapi-osgidistribution:bundle:6.0.0-SNAPSHOT : Export org.semanticweb.owlapi.expression,  has 1,  private references [javax.annotation], 
[WARNING] Bundle net.sourceforge.owlapi:owlapi-osgidistribution:bundle:6.0.0-SNAPSHOT : Export org.semanticweb.owlapi.formats,  has 2,  private references [javax.annotation, org.eclipse.rdf4j.rio], 
[WARNING] Bundle net.sourceforge.owlapi:owlapi-osgidistribution:bundle:6.0.0-SNAPSHOT : Export org.semanticweb.owlapi.functional.renderer,  has 1,  private references [javax.annotation], 
[WARNING] Bundle net.sourceforge.owlapi:owlapi-osgidistribution:bundle:6.0.0-SNAPSHOT : Export org.semanticweb.owlapi.io,  has 3,  private references [javax.annotation, org.apache.commons.rdf.api, org.tukaani.xz], 
[WARNING] Bundle net.sourceforge.owlapi:owlapi-osgidistribution:bundle:6.0.0-SNAPSHOT : Export org.semanticweb.owlapi.krss2.renderer,  has 1,  private references [javax.annotation], 
[WARNING] Bundle net.sourceforge.owlapi:owlapi-osgidistribution:bundle:6.0.0-SNAPSHOT : Export org.semanticweb.owlapi.manchestersyntax.parser,  has 1,  private references [javax.annotation], 
[WARNING] Bundle net.sourceforge.owlapi:owlapi-osgidistribution:bundle:6.0.0-SNAPSHOT : Export org.semanticweb.owlapi.manchestersyntax.renderer,  has 1,  private references [javax.annotation], 
[WARNING] Bundle net.sourceforge.owlapi:owlapi-osgidistribution:bundle:6.0.0-SNAPSHOT : Export org.semanticweb.owlapi.model,  has 2,  private references [javax.annotation, org.apache.commons.rdf.api], 
[WARNING] Bundle net.sourceforge.owlapi:owlapi-osgidistribution:bundle:6.0.0-SNAPSHOT : Export org.semanticweb.owlapi.model.parameters,  has 1,  private references [javax.annotation], 
[WARNING] Bundle net.sourceforge.owlapi:owlapi-osgidistribution:bundle:6.0.0-SNAPSHOT : Export org.semanticweb.owlapi.model.providers,  has 1,  private references [javax.annotation], 
[WARNING] Bundle net.sourceforge.owlapi:owlapi-osgidistribution:bundle:6.0.0-SNAPSHOT : Export org.semanticweb.owlapi.profiles,  has 1,  private references [javax.annotation], 
[WARNING] Bundle net.sourceforge.owlapi:owlapi-osgidistribution:bundle:6.0.0-SNAPSHOT : Export org.semanticweb.owlapi.profiles.violations,  has 1,  private references [javax.annotation], 
[WARNING] Bundle net.sourceforge.owlapi:owlapi-osgidistribution:bundle:6.0.0-SNAPSHOT : Export org.semanticweb.owlapi.rdf,  has 1,  private references [javax.annotation], 
[WARNING] Bundle net.sourceforge.owlapi:owlapi-osgidistribution:bundle:6.0.0-SNAPSHOT : Export org.semanticweb.owlapi.rdf.model,  has 1,  private references [javax.annotation], 
[WARNING] Bundle net.sourceforge.owlapi:owlapi-osgidistribution:bundle:6.0.0-SNAPSHOT : Export org.semanticweb.owlapi.rdf.rdfxml.parser,  has 1,  private references [javax.annotation], 
[WARNING] Bundle net.sourceforge.owlapi:owlapi-osgidistribution:bundle:6.0.0-SNAPSHOT : Export org.semanticweb.owlapi.rdf.rdfxml.renderer,  has 1,  private references [javax.annotation], 
[WARNING] Bundle net.sourceforge.owlapi:owlapi-osgidistribution:bundle:6.0.0-SNAPSHOT : Export org.semanticweb.owlapi.rdf.turtle.parser,  has 1,  private references [javax.annotation], 
[WARNING] Bundle net.sourceforge.owlapi:owlapi-osgidistribution:bundle:6.0.0-SNAPSHOT : Export org.semanticweb.owlapi.reasoner,  has 1,  private references [javax.annotation], 
[WARNING] Bundle net.sourceforge.owlapi:owlapi-osgidistribution:bundle:6.0.0-SNAPSHOT : Export org.semanticweb.owlapi.reasoner.impl,  has 1,  private references [javax.annotation], 
[WARNING] Bundle net.sourceforge.owlapi:owlapi-osgidistribution:bundle:6.0.0-SNAPSHOT : Export org.semanticweb.owlapi.rio,  has 6,  private references [org.eclipse.rdf4j.model, org.eclipse.rdf4j, org.eclipse.rdf4j.rio, javax.annotation, org.eclipse.rdf4j.common.iteration, org.eclipse.rdf4j.rio.helpers], 
[WARNING] Bundle net.sourceforge.owlapi:owlapi-osgidistribution:bundle:6.0.0-SNAPSHOT : Export org.semanticweb.owlapi.rio.utils,  has 2,  private references [org.eclipse.rdf4j.model, javax.annotation], 
[WARNING] Bundle net.sourceforge.owlapi:owlapi-osgidistribution:bundle:6.0.0-SNAPSHOT : Export org.semanticweb.owlapi.search,  has 1,  private references [javax.annotation], 
[WARNING] Bundle net.sourceforge.owlapi:owlapi-osgidistribution:bundle:6.0.0-SNAPSHOT : Export org.semanticweb.owlapi.util,  has 1,  private references [javax.annotation], 
[WARNING] Bundle net.sourceforge.owlapi:owlapi-osgidistribution:bundle:6.0.0-SNAPSHOT : Export org.semanticweb.owlapi.util.mansyntax,  has 1,  private references [javax.annotation], 
[WARNING] Bundle net.sourceforge.owlapi:owlapi-osgidistribution:bundle:6.0.0-SNAPSHOT : Export org.semanticweb.owlapi.vocab,  has 1,  private references [javax.annotation], 
[WARNING] Bundle net.sourceforge.owlapi:owlapi-osgidistribution:bundle:6.0.0-SNAPSHOT : Export org.semanticweb.owlapitools.builders,  has 1,  private references [javax.annotation], 
[WARNING] Bundle net.sourceforge.owlapi:owlapi-osgidistribution:bundle:6.0.0-SNAPSHOT : Export org.semanticweb.owlapitools.decomposition,  has 1,  private references [javax.annotation], 
[WARNING] Bundle net.sourceforge.owlapi:owlapi-osgidistribution:bundle:6.0.0-SNAPSHOT : Export uk.ac.manchester.cs.atomicdecomposition,  has 1,  private references [javax.annotation], 
[WARNING] Bundle net.sourceforge.owlapi:owlapi-osgidistribution:bundle:6.0.0-SNAPSHOT : Export uk.ac.manchester.cs.chainsaw,  has 2,  private references [gnu.trove.list, javax.annotation], 
[WARNING] Bundle net.sourceforge.owlapi:owlapi-osgidistribution:bundle:6.0.0-SNAPSHOT : Export uk.ac.manchester.cs.owl.explanation.ordering,  has 1,  private references [javax.annotation], 
[WARNING] Bundle net.sourceforge.owlapi:owlapi-osgidistribution:bundle:6.0.0-SNAPSHOT : Export uk.ac.manchester.cs.owl.owlapi,  has 2,  private references [javax.annotation, com.github.benmanes.caffeine.cache], 
[WARNING] Bundle net.sourceforge.owlapi:owlapi-osgidistribution:bundle:6.0.0-SNAPSHOT : Export uk.ac.manchester.cs.owl.owlapi.concurrent,  has 1,  private references [javax.annotation], 
[WARNING] Bundle net.sourceforge.owlapi:owlapi-osgidistribution:bundle:6.0.0-SNAPSHOT : Export uk.ac.manchester.cs.owlapi.modularity,  has 1,  private references [javax.annotation], 
[WARNING] Bundle net.sourceforge.owlapi:owlapi-osgidistribution:bundle:6.0.0-SNAPSHOT : Export org.obolibrary.macro,  has 1,  private references [javax.annotation], 
[WARNING] Bundle net.sourceforge.owlapi:owlapi-osgidistribution:bundle:6.0.0-SNAPSHOT : Export org.obolibrary.obo2owl,  has 1,  private references [javax.annotation], 
[WARNING] Bundle net.sourceforge.owlapi:owlapi-osgidistribution:bundle:6.0.0-SNAPSHOT : Export org.obolibrary.oboformat.diff,  has 1,  private references [javax.annotation], 
[WARNING] Bundle net.sourceforge.owlapi:owlapi-osgidistribution:bundle:6.0.0-SNAPSHOT : Export org.obolibrary.oboformat.model,  has 1,  private references [javax.annotation], 
[WARNING] Bundle net.sourceforge.owlapi:owlapi-osgidistribution:bundle:6.0.0-SNAPSHOT : Export org.obolibrary.oboformat.parser,  has 1,  private references [javax.annotation], 
[WARNING] Bundle net.sourceforge.owlapi:owlapi-osgidistribution:bundle:6.0.0-SNAPSHOT : Export org.obolibrary.oboformat.writer,  has 2,  private references [javax.annotation, gnu.trove.map.hash], 
[WARNING] Bundle net.sourceforge.owlapi:owlapi-osgidistribution:bundle:6.0.0-SNAPSHOT : Export org.obolibrary.owl,  has 1,  private references [javax.annotation], 
[WARNING] Bundle net.sourceforge.owlapi:owlapi-osgidistribution:bundle:6.0.0-SNAPSHOT : Export org.coode.owlapi.manchesterowlsyntax,  has 1,  private references [javax.annotation], 
[WARNING] Bundle net.sourceforge.owlapi:owlapi-osgidistribution:bundle:6.0.0-SNAPSHOT : Export org.coode.owlapi.obo12.parser,  has 1,  private references [javax.annotation], 
[INFO] 
[INFO] >>> maven-source-plugin:3.0.1:jar (attach-sources) > generate-sources @ owlapi-osgidistribution >>>
[INFO] 
[INFO] --- maven-enforcer-plugin:1.0:enforce (enforce-maven) @ owlapi-osgidistribution ---
[INFO] 
[INFO] <<< maven-source-plugin:3.0.1:jar (attach-sources) < generate-sources @ owlapi-osgidistribution <<<
[INFO] 
[INFO] --- maven-source-plugin:3.0.1:jar (attach-sources) @ owlapi-osgidistribution ---
[INFO] Building jar: /home/travis/build/owlcs/owlapi/osgidistribution/target/owlapi-osgidistribution-6.0.0-SNAPSHOT-sources.jar
[INFO] 
[INFO] --- maven-javadoc-plugin:2.10.4:jar (attach-javadocs) @ owlapi-osgidistribution ---
[INFO] Skipping javadoc generation
[INFO] 
[INFO] --- maven-javadoc-plugin:2.10.4:jar (attach-javadoc) @ owlapi-osgidistribution ---
[INFO] Skipping javadoc generation
[INFO] 
[INFO] --- maven-shade-plugin:2.4.3:shade (default) @ owlapi-osgidistribution ---
[INFO] Including net.sourceforge.owlapi:owlapi-apibinding:jar:6.0.0-SNAPSHOT in the shaded jar.
[INFO] Including net.sourceforge.owlapi:owlapi-tools:jar:6.0.0-SNAPSHOT in the shaded jar.
[INFO] Including net.sourceforge.owlapi:owlapi-impl:jar:6.0.0-SNAPSHOT in the shaded jar.
[INFO] Including net.sourceforge.owlapi:owlapi-parsers:jar:6.0.0-SNAPSHOT in the shaded jar.
[INFO] Including net.sourceforge.owlapi:owlapi-oboformat:jar:6.0.0-SNAPSHOT in the shaded jar.
[INFO] Including net.sourceforge.owlapi:owlapi-rio:jar:6.0.0-SNAPSHOT in the shaded jar.
[INFO] Including net.sourceforge.owlapi:owlapi-api:jar:6.0.0-SNAPSHOT in the shaded jar.
[INFO] Including net.sourceforge.owlapi:owlapi-compatibility:jar:6.0.0-SNAPSHOT in the shaded jar.
[INFO] Excluding com.google.code.findbugs:jsr305:jar:3.0.1 from the shaded jar.
[INFO] Excluding com.fasterxml.jackson.core:jackson-core:jar:2.8.5 from the shaded jar.
[INFO] Excluding com.fasterxml.jackson.core:jackson-databind:jar:2.8.5 from the shaded jar.
[INFO] Excluding com.fasterxml.jackson.core:jackson-annotations:jar:2.8.5 from the shaded jar.
[INFO] Excluding org.apache.commons:commons-rdf-api:jar:0.3.0-incubating from the shaded jar.
[INFO] Excluding org.tukaani:xz:jar:1.6 from the shaded jar.
[INFO] Excluding org.slf4j:slf4j-api:jar:1.7.22 from the shaded jar.
[INFO] Excluding org.slf4j:jcl-over-slf4j:jar:1.7.22 from the shaded jar.
[INFO] Excluding org.eclipse.rdf4j:rdf4j-model:jar:2.1.4 from the shaded jar.
[INFO] Excluding org.eclipse.rdf4j:rdf4j-rio-api:jar:2.1.4 from the shaded jar.
[INFO] Excluding org.eclipse.rdf4j:rdf4j-rio-languages:jar:2.1.4 from the shaded jar.
[INFO] Excluding org.eclipse.rdf4j:rdf4j-rio-datatypes:jar:2.1.4 from the shaded jar.
[INFO] Excluding org.eclipse.rdf4j:rdf4j-rio-binary:jar:2.1.4 from the shaded jar.
[INFO] Excluding org.eclipse.rdf4j:rdf4j-rio-n3:jar:2.1.4 from the shaded jar.
[INFO] Excluding org.eclipse.rdf4j:rdf4j-rio-nquads:jar:2.1.4 from the shaded jar.
[INFO] Excluding org.eclipse.rdf4j:rdf4j-rio-ntriples:jar:2.1.4 from the shaded jar.
[INFO] Excluding org.eclipse.rdf4j:rdf4j-rio-rdfjson:jar:2.1.4 from the shaded jar.
[INFO] Excluding org.eclipse.rdf4j:rdf4j-rio-jsonld:jar:2.1.4 from the shaded jar.
[INFO] Excluding org.eclipse.rdf4j:rdf4j-rio-rdfxml:jar:2.1.4 from the shaded jar.
[INFO] Excluding org.eclipse.rdf4j:rdf4j-rio-trix:jar:2.1.4 from the shaded jar.
[INFO] Excluding org.eclipse.rdf4j:rdf4j-rio-turtle:jar:2.1.4 from the shaded jar.
[INFO] Excluding org.eclipse.rdf4j:rdf4j-rio-trig:jar:2.1.4 from the shaded jar.
[INFO] Excluding org.eclipse.rdf4j:rdf4j-util:jar:2.1.4 from the shaded jar.
[INFO] Excluding com.github.jsonld-java:jsonld-java:jar:0.9.0 from the shaded jar.
[INFO] Excluding org.apache.httpcomponents:httpclient-osgi:jar:4.5.2 from the shaded jar.
[INFO] Excluding org.apache.httpcomponents:httpmime:jar:4.5.2 from the shaded jar.
[INFO] Excluding org.apache.httpcomponents:fluent-hc:jar:4.5.2 from the shaded jar.
[INFO] Excluding org.apache.httpcomponents:httpcore-osgi:jar:4.4.5 from the shaded jar.
[INFO] Excluding org.apache.httpcomponents:httpcore-nio:jar:4.4.5 from the shaded jar.
[INFO] Excluding org.apache.httpcomponents:httpclient:jar:4.5.2 from the shaded jar.
[INFO] Excluding org.apache.httpcomponents:httpclient-cache:jar:4.5.2 from the shaded jar.
[INFO] Excluding org.apache.httpcomponents:httpcore:jar:4.4.5 from the shaded jar.
[INFO] Excluding commons-codec:commons-codec:jar:1.10 from the shaded jar.
[INFO] Excluding commons-logging:commons-logging:jar:1.2 from the shaded jar.
[INFO] Excluding commons-io:commons-io:jar:2.5 from the shaded jar.
[INFO] Excluding net.sf.trove4j:trove4j:jar:3.0.3 from the shaded jar.
[INFO] Excluding com.google.guava:guava:jar:20.0 from the shaded jar.
[INFO] Excluding com.google.inject:guice:jar:4.1.0 from the shaded jar.
[INFO] Excluding javax.inject:javax.inject:jar:1 from the shaded jar.
[INFO] Excluding aopalliance:aopalliance:jar:1.0 from the shaded jar.
[INFO] Excluding com.google.inject.extensions:guice-assistedinject:jar:4.1.0 from the shaded jar.
[INFO] Excluding com.google.inject.extensions:guice-multibindings:jar:4.1.0 from the shaded jar.
[INFO] Excluding com.github.ben-manes.caffeine:caffeine:jar:2.3.5 from the shaded jar.
[INFO] Excluding org.apache.servicemix.bundles:org.apache.servicemix.bundles.javax-inject:jar:1_2 from the shaded jar.
[INFO] Excluding org.apache.servicemix.bundles:org.apache.servicemix.bundles.aopalliance:jar:1.0_6 from the shaded jar.
[WARNING] owlapi-osgidistribution-6.0.0-SNAPSHOT.jar, owlapi-impl-6.0.0-SNAPSHOT.jar define 199 overlapping classes: 
[WARNING]   - org.semanticweb.owlapi.reasoner.impl.OWLNamedIndividualNodeSet
[WARNING]   - uk.ac.manchester.cs.owl.owlapi.SWRLIndividualArgumentImpl
[WARNING]   - uk.ac.manchester.cs.owl.owlapi.InitVisitorFactory$InitIndividualVisitor
[WARNING]   - uk.ac.manchester.cs.owl.owlapi.OWLDataAllValuesFromImpl
[WARNING]   - uk.ac.manchester.cs.owl.owlapi.concurrent.NonConcurrentOWLOntologyBuilder
[WARNING]   - uk.ac.manchester.cs.owl.owlapi.OWLImportsDeclarationImpl
[WARNING]   - uk.ac.manchester.cs.owl.owlapi.OWLSubPropertyAxiomImpl
[WARNING]   - uk.ac.manchester.cs.owl.owlapi.OWLSameIndividualAxiomImpl
[WARNING]   - uk.ac.manchester.cs.owl.owlapi.Internals$RemoveAxiomVisitor
[WARNING]   - uk.ac.manchester.cs.owl.owlapi.SWRLSameIndividualAtomImpl
[WARNING]   - 189 more...
[WARNING] owlapi-osgidistribution-6.0.0-SNAPSHOT.jar, owlapi-parsers-6.0.0-SNAPSHOT.jar define 442 overlapping classes: 
[WARNING]   - org.semanticweb.owlapi.rdf.rdfxml.parser.TripleHandlers$TPOneOfHandler
[WARNING]   - org.semanticweb.owlapi.krss2.renderer.KRSS2SyntaxRenderer
[WARNING]   - org.semanticweb.owlapi.owlxml.parser.DataOneOfEH
[WARNING]   - org.semanticweb.owlapi.rdf.rdfxml.renderer.package-info
[WARNING]   - org.semanticweb.owlapi.rdf.rdfxml.parser.Translators$ObjectMinCardinalityTranslator
[WARNING]   - org.semanticweb.owlapi.rdf.turtle.parser.TurtleParserException
[WARNING]   - org.semanticweb.owlapi.latex.renderer.LatexOWLObjectRenderer
[WARNING]   - org.semanticweb.owlapi.rdf.turtle.parser.OWLRDFConsumerAdapter
[WARNING]   - org.semanticweb.owlapi.owlxml.renderer.OWLXMLObjectRenderer
[WARNING]   - org.semanticweb.owlapi.owlxml.parser.IndividualEH
[WARNING]   - 432 more...
[WARNING] owlapi-api-6.0.0-SNAPSHOT.jar, owlapi-osgidistribution-6.0.0-SNAPSHOT.jar define 907 overlapping classes: 
[WARNING]   - org.semanticweb.owlapi.model.OWLPropertyAssertionObject
[WARNING]   - org.semanticweb.owlapi.model.OWLAnonymousClassExpression
[WARNING]   - org.semanticweb.owlapi.model.HasApplyChange
[WARNING]   - org.semanticweb.owlapi.util.InferredIndividualAxiomGenerator
[WARNING]   - org.semanticweb.owlapi.model.SWRLDArgument
[WARNING]   - org.semanticweb.owlapi.util.OWLOntologyWalkerVisitor
[WARNING]   - org.semanticweb.owlapi.model.providers.ExistentialProvider
[WARNING]   - org.semanticweb.owlapi.model.axiomproviders.PropertyCharacteristicAxiomProvider
[WARNING]   - org.semanticweb.owlapi.model.OWLObjectPropertyDomainAxiom
[WARNING]   - org.semanticweb.owlapi.io.SystemOutDocumentTarget
[WARNING]   - 897 more...
[WARNING] owlapi-osgidistribution-6.0.0-SNAPSHOT.jar, owlapi-oboformat-6.0.0-SNAPSHOT.jar define 76 overlapping classes: 
[WARNING]   - org.obolibrary.oboformat.parser.OBOFormatException
[WARNING]   - org.obolibrary.obo2owl.OWLAPIOwl2Obo
[WARNING]   - org.obolibrary.macro.MacroExpansionGCIVisitor$MacroExpansions
[WARNING]   - org.obolibrary.oboformat.diff.Diff
[WARNING]   - org.semanticweb.owlapi.oboformat.OBOFormatRenderer$1
[WARNING]   - org.obolibrary.obo2owl.IdTranslator
[WARNING]   - org.obolibrary.oboformat.model.Clause
[WARNING]   - org.obolibrary.oboformat.parser.XrefExpander$ReverseGenusDifferentiaExpansion
[WARNING]   - org.obolibrary.owl.LabelFunctionalSyntaxStorer
[WARNING]   - org.obolibrary.oboformat.model.FrameStructureException
[WARNING]   - 66 more...
[WARNING] owlapi-osgidistribution-6.0.0-SNAPSHOT.jar, owlapi-tools-6.0.0-SNAPSHOT.jar define 136 overlapping classes: 
[WARNING]   - com.clarkparsia.owlapi.explanation.util.SilentExplanationProgressMonitor
[WARNING]   - uk.ac.manchester.cs.atomicdecomposition.package-info
[WARNING]   - uk.ac.manchester.cs.factplusplusad.OntologyBasedModularizer
[WARNING]   - org.semanticweb.owlapi.metrics.HiddenGCICount
[WARNING]   - org.semanticweb.owlapitools.decomposition.Modularizer
[WARNING]   - com.clarkparsia.owlapi.modularity.locality.SemanticLocalityEvaluator
[WARNING]   - uk.ac.manchester.cs.factplusplusad.Signature
[WARNING]   - org.semanticweb.owlapi.metrics.DoubleValuedMetric
[WARNING]   - org.semanticweb.owlapitools.decomposition.SigIndex
[WARNING]   - com.clarkparsia.owlapi.explanation.io.ExplanationRenderer
[WARNING]   - 126 more...
[WARNING] owlapi-compatibility-6.0.0-SNAPSHOT.jar, owlapi-osgidistribution-6.0.0-SNAPSHOT.jar define 98 overlapping classes: 
[WARNING]   - org.coode.owlapi.obo12.parser.OBOIdType$1
[WARNING]   - uk.ac.manchester.cs.owlapi.dlsyntax.DLSyntaxHTMLOntologyFormat
[WARNING]   - org.coode.owl.krssparser.KRSSOntologyFormat
[WARNING]   - org.coode.owlapi.obo12.parser.XRefTagHandler
[WARNING]   - org.coode.owlapi.obo12.parser.IDSpaceTagValueHandler
[WARNING]   - org.coode.owlapi.obo12.parser.OBOIdTranslator
[WARNING]   - org.coode.owlapi.obo12.parser.OntologyTagValueHandler
[WARNING]   - org.coode.owlapi.obo12.parser.OBOIdType$OBOIIdTranslator
[WARNING]   - org.coode.owlapi.obo12.parser.OBO12DocumentFormat
[WARNING]   - org.coode.owlapi.obo12.parser.PartOfTagValueHandler
[WARNING]   - 88 more...
[WARNING] owlapi-rio-6.0.0-SNAPSHOT.jar, owlapi-osgidistribution-6.0.0-SNAPSHOT.jar define 68 overlapping classes: 
[WARNING]   - org.semanticweb.owlapi.formats.N3DocumentFormatFactory
[WARNING]   - org.semanticweb.owlapi.formats.RioTurtleDocumentFormatFactory
[WARNING]   - org.semanticweb.owlapi.rio.RioStorer
[WARNING]   - org.semanticweb.owlapi.rio.RioOWLRDFParser
[WARNING]   - org.semanticweb.owlapi.rio.OWLAPIRDFFormat
[WARNING]   - org.semanticweb.owlapi.formats.N3DocumentFormat
[WARNING]   - org.semanticweb.owlapi.rio.RioFunctionalSyntaxParserFactory
[WARNING]   - org.semanticweb.owlapi.rio.RioTrigStorerFactory
[WARNING]   - org.semanticweb.owlapi.rio.RioManchesterSyntaxParserFactory
[WARNING]   - org.semanticweb.owlapi.rio.AbstractRioStorerFactory
[WARNING]   - 58 more...
[WARNING] owlapi-osgidistribution-6.0.0-SNAPSHOT.jar, owlapi-apibinding-6.0.0-SNAPSHOT.jar define 3 overlapping classes: 
[WARNING]   - org.semanticweb.owlapi.apibinding.OWLManager
[WARNING]   - org.semanticweb.owlapi.apibinding.package-info
[WARNING]   - org.semanticweb.owlapi.apibinding.OWLFunctionalSyntaxFactory
[WARNING] maven-shade-plugin has detected that some class files are
[WARNING] present in two or more JARs. When this happens, only one
[WARNING] single version of the class is copied to the uber jar.
[WARNING] Usually this is not harmful and you can skip these warnings,
[WARNING] otherwise try to manually exclude artifacts based on
[WARNING] mvn dependency:tree -Ddetail=true and the above output.
[WARNING] See http://maven.apache.org/plugins/maven-shade-plugin/
[INFO] Replacing original artifact with shaded artifact.
[INFO] Replacing /home/travis/build/owlcs/owlapi/osgidistribution/target/owlapi-osgidistribution-6.0.0-SNAPSHOT.jar with /home/travis/build/owlcs/owlapi/osgidistribution/target/owlapi-osgidistribution-6.0.0-SNAPSHOT-shaded.jar
[INFO] Dependency-reduced POM written at: /home/travis/build/owlcs/owlapi/osgidistribution/dependency-reduced-pom.xml
[INFO] 
[INFO] --- maven-assembly-plugin:3.0.0:single (attach-sources) @ owlapi-osgidistribution ---
[INFO] Reading assembly descriptor: src/assembly/sources.xml
[INFO] Building jar: /home/travis/build/owlcs/owlapi/osgidistribution/target/owlapi-osgidistribution-6.0.0-SNAPSHOT-sources.jar
[INFO] 
[INFO] --- maven-failsafe-plugin:2.19.1:integration-test (default) @ owlapi-osgidistribution ---
[WARNING] useSystemClassloader setting has no effect when not forking
Running org.semanticweb.owlapi.BundleIsLoadableIntegrationTestCase
DEBUG: FRAGMENT WIRE: [slf4j.simple [3](R 3.0)] osgi.wiring.host; (&(osgi.wiring.host=slf4j.api)(bundle-version>=0.0.0)) -> [slf4j.api [4](R 4.0)]
DEBUG: FRAGMENT WIRE: [slf4j.simple [3](R 3.0)] osgi.ee; (&(osgi.ee=JavaSE)(version=1.5.0)) -> [org.apache.felix.framework [0](R 0)]
DEBUG: WIRE: [slf4j.api [4](R 4.0)] osgi.ee; (&(osgi.ee=JavaSE)(version=1.5.0)) -> [org.apache.felix.framework [0](R 0)]
DEBUG: WIRE: [com.github.ben-manes.caffeine [5](R 5.0)] osgi.ee; (&(osgi.ee=JavaSE)(version=1.8)) -> [org.apache.felix.framework [0](R 0)]
DEBUG: WIRE: [com.google.guava [6](R 6.0)] osgi.wiring.package; (osgi.wiring.package=javax.annotation) -> [org.apache.felix.framework [0](R 0)]
DEBUG: WIRE: [com.google.guava [6](R 6.0)] osgi.wiring.package; (osgi.wiring.package=javax.crypto) -> [org.apache.felix.framework [0](R 0)]
DEBUG: WIRE: [com.google.guava [6](R 6.0)] osgi.wiring.package; (osgi.wiring.package=javax.crypto.spec) -> [org.apache.felix.framework [0](R 0)]
DEBUG: WIRE: [com.google.guava [6](R 6.0)] osgi.ee; (&(osgi.ee=JavaSE)(version=1.6)) -> [org.apache.felix.framework [0](R 0)]
DEBUG: WIRE: [com.google.inject [10](R 10.0)] osgi.wiring.package; (&(osgi.wiring.package=com.google.common.base)(version>=19.0.0)) -> [com.google.guava [6](R 6.0)]
DEBUG: WIRE: [com.google.inject [10](R 10.0)] osgi.wiring.package; (&(osgi.wiring.package=com.google.common.cache)(version>=19.0.0)) -> [com.google.guava [6](R 6.0)]
DEBUG: WIRE: [com.google.inject [10](R 10.0)] osgi.wiring.package; (&(osgi.wiring.package=com.google.common.collect)(version>=19.0.0)) -> [com.google.guava [6](R 6.0)]
DEBUG: WIRE: [com.google.inject [10](R 10.0)] osgi.wiring.package; (osgi.wiring.package=javax.inject) -> [org.apache.servicemix.bundles.javax-inject [1](R 1.0)]
DEBUG: WIRE: [com.google.inject [10](R 10.0)] osgi.wiring.package; (osgi.wiring.package=org.aopalliance.intercept) -> [org.apache.servicemix.bundles.aopalliance [2](R 2.0)]
DEBUG: WIRE: [com.google.inject.assistedinject [9](R 9.0)] osgi.wiring.package; (&(osgi.wiring.package=com.google.common.base)(version>=19.0.0)) -> [com.google.guava [6](R 6.0)]
DEBUG: WIRE: [com.google.inject.assistedinject [9](R 9.0)] osgi.wiring.package; (&(osgi.wiring.package=com.google.common.collect)(version>=19.0.0)) -> [com.google.guava [6](R 6.0)]
DEBUG: WIRE: [com.google.inject.assistedinject [9](R 9.0)] osgi.wiring.package; (osgi.wiring.package=javax.inject) -> [org.apache.servicemix.bundles.javax-inject [1](R 1.0)]
DEBUG: WIRE: [com.google.inject.multibindings [8](R 8.0)] osgi.wiring.package; (&(osgi.wiring.package=com.google.common.base)(version>=19.0.0)) -> [com.google.guava [6](R 6.0)]
DEBUG: WIRE: [com.google.inject.multibindings [8](R 8.0)] osgi.wiring.package; (&(osgi.wiring.package=com.google.common.collect)(version>=19.0.0)) -> [com.google.guava [6](R 6.0)]
DEBUG: WIRE: [com.google.inject.multibindings [8](R 8.0)] osgi.wiring.package; (&(osgi.wiring.package=com.google.common.primitives)(version>=19.0.0)) -> [com.google.guava [6](R 6.0)]
DEBUG: WIRE: [com.google.inject.multibindings [8](R 8.0)] osgi.wiring.package; (osgi.wiring.package=javax.inject) -> [org.apache.servicemix.bundles.javax-inject [1](R 1.0)]
DEBUG: WIRE: [com.google.inject [10](R 10.0)] osgi.ee; (&(osgi.ee=JavaSE)(version=1.6.0)) -> [org.apache.felix.framework [0](R 0)]
DEBUG: FRAGMENT WIRE: [com.google.inject.assistedinject [9](R 9.0)] osgi.wiring.host; (&(osgi.wiring.host=com.google.inject)(bundle-version>=0.0.0)) -> [com.google.inject [10](R 10.0)]
DEBUG: FRAGMENT WIRE: [com.google.inject.assistedinject [9](R 9.0)] osgi.ee; (&(osgi.ee=JavaSE)(version=1.6.0)) -> [org.apache.felix.framework [0](R 0)]
DEBUG: FRAGMENT WIRE: [com.google.inject.multibindings [8](R 8.0)] osgi.wiring.host; (&(osgi.wiring.host=com.google.inject)(bundle-version>=0.0.0)) -> [com.google.inject [10](R 10.0)]
DEBUG: FRAGMENT WIRE: [com.google.inject.multibindings [8](R 8.0)] osgi.ee; (&(osgi.ee=JavaSE)(version=1.6.0)) -> [org.apache.felix.framework [0](R 0)]
DEBUG: WIRE: [org.apache.commons.io [11](R 11.0)] osgi.ee; (&(osgi.ee=JavaSE)(version=1.6)) -> [org.apache.felix.framework [0](R 0)]
DEBUG: WIRE: [org.apache.commons.codec [12](R 12.0)] osgi.wiring.package; (osgi.wiring.package=javax.crypto) -> [org.apache.felix.framework [0](R 0)]
DEBUG: WIRE: [org.apache.commons.codec [12](R 12.0)] osgi.wiring.package; (osgi.wiring.package=javax.crypto.spec) -> [org.apache.felix.framework [0](R 0)]
DEBUG: WIRE: [org.apache.commons.codec [12](R 12.0)] osgi.ee; (&(osgi.ee=JavaSE)(version=1.6)) -> [org.apache.felix.framework [0](R 0)]
DEBUG: WIRE: [jcl.over.slf4j [13](R 13.0)] osgi.wiring.package; (&(osgi.wiring.package=org.slf4j)(version>=1.7.22)) -> [slf4j.api [4](R 4.0)]
DEBUG: WIRE: [jcl.over.slf4j [13](R 13.0)] osgi.wiring.package; (&(osgi.wiring.package=org.slf4j.spi)(version>=1.7.22)) -> [slf4j.api [4](R 4.0)]
DEBUG: WIRE: [jcl.over.slf4j [13](R 13.0)] osgi.ee; (&(osgi.ee=JavaSE)(version=1.5.0)) -> [org.apache.felix.framework [0](R 0)]
DEBUG: WIRE: [org.semanticweb.owl.owlapi [14](R 14.0)] osgi.wiring.package; (&(osgi.wiring.package=com.google.common.base)(version>=20.0.0)(!(version>=21.0.0))) -> [com.google.guava [6](R 6.0)]
DEBUG: WIRE: [org.semanticweb.owl.owlapi [14](R 14.0)] osgi.wiring.package; (&(osgi.wiring.package=com.google.common.cache)(version>=20.0.0)(!(version>=21.0.0))) -> [com.google.guava [6](R 6.0)]
DEBUG: WIRE: [org.semanticweb.owl.owlapi [14](R 14.0)] osgi.wiring.package; (&(osgi.wiring.package=com.google.common.collect)(version>=20.0.0)(!(version>=21.0.0))) -> [com.google.guava [6](R 6.0)]
DEBUG: WIRE: [org.semanticweb.owl.owlapi [14](R 14.0)] osgi.wiring.package; (&(osgi.wiring.package=com.google.common.io)(version>=20.0.0)(!(version>=21.0.0))) -> [com.google.guava [6](R 6.0)]
DEBUG: WIRE: [org.semanticweb.owl.owlapi [14](R 14.0)] osgi.wiring.package; (&(osgi.wiring.package=com.google.inject)(version>=1.4.0)(!(version>=2.0.0))) -> [com.google.inject [10](R 10.0)]
DEBUG: WIRE: [org.semanticweb.owl.owlapi [14](R 14.0)] osgi.wiring.package; (&(osgi.wiring.package=com.google.inject.assistedinject)(version>=1.4.0)(!(version>=2.0.0))) -> [com.google.inject [10](R 10.0)]
DEBUG: WIRE: [org.semanticweb.owl.owlapi [14](R 14.0)] osgi.wiring.package; (&(osgi.wiring.package=com.google.inject.binder)(version>=1.4.0)(!(version>=2.0.0))) -> [com.google.inject [10](R 10.0)]
DEBUG: WIRE: [org.semanticweb.owl.owlapi [14](R 14.0)] osgi.wiring.package; (&(osgi.wiring.package=com.google.inject.multibindings)(version>=1.4.0)(!(version>=2.0.0))) -> [com.google.inject [10](R 10.0)]
DEBUG: WIRE: [org.semanticweb.owl.owlapi [14](R 14.0)] osgi.wiring.package; (osgi.wiring.package=javax.crypto) -> [org.apache.felix.framework [0](R 0)]
DEBUG: WIRE: [org.semanticweb.owl.owlapi [14](R 14.0)] osgi.wiring.package; (osgi.wiring.package=javax.crypto.spec) -> [org.apache.felix.framework [0](R 0)]
DEBUG: WIRE: [org.semanticweb.owl.owlapi [14](R 14.0)] osgi.wiring.package; (osgi.wiring.package=javax.imageio) -> [org.apache.felix.framework [0](R 0)]
DEBUG: WIRE: [org.semanticweb.owl.owlapi [14](R 14.0)] osgi.wiring.package; (osgi.wiring.package=javax.inject) -> [org.apache.servicemix.bundles.javax-inject [1](R 1.0)]
DEBUG: WIRE: [org.semanticweb.owl.owlapi [14](R 14.0)] osgi.wiring.package; (osgi.wiring.package=javax.naming) -> [org.apache.felix.framework [0](R 0)]
DEBUG: WIRE: [org.semanticweb.owl.owlapi [14](R 14.0)] osgi.wiring.package; (osgi.wiring.package=javax.naming.directory) -> [org.apache.felix.framework [0](R 0)]
DEBUG: WIRE: [org.semanticweb.owl.owlapi [14](R 14.0)] osgi.wiring.package; (osgi.wiring.package=javax.naming.ldap) -> [org.apache.felix.framework [0](R 0)]
DEBUG: WIRE: [org.semanticweb.owl.owlapi [14](R 14.0)] osgi.wiring.package; (osgi.wiring.package=javax.net) -> [org.apache.felix.framework [0](R 0)]
DEBUG: WIRE: [org.semanticweb.owl.owlapi [14](R 14.0)] osgi.wiring.package; (osgi.wiring.package=javax.net.ssl) -> [org.apache.felix.framework [0](R 0)]
DEBUG: WIRE: [org.semanticweb.owl.owlapi [14](R 14.0)] osgi.wiring.package; (osgi.wiring.package=javax.security.auth.x500) -> [org.apache.felix.framework [0](R 0)]
DEBUG: WIRE: [org.semanticweb.owl.owlapi [14](R 14.0)] osgi.wiring.package; (osgi.wiring.package=javax.swing) -> [org.apache.felix.framework [0](R 0)]
DEBUG: WIRE: [org.semanticweb.owl.owlapi [14](R 14.0)] osgi.wiring.package; (osgi.wiring.package=javax.xml.bind.annotation.adapters) -> [org.apache.felix.framework [0](R 0)]
DEBUG: WIRE: [org.semanticweb.owl.owlapi [14](R 14.0)] osgi.wiring.package; (osgi.wiring.package=javax.xml.datatype) -> [org.apache.felix.framework [0](R 0)]
DEBUG: WIRE: [org.semanticweb.owl.owlapi [14](R 14.0)] osgi.wiring.package; (osgi.wiring.package=javax.xml.namespace) -> [org.apache.felix.framework [0](R 0)]
DEBUG: WIRE: [org.semanticweb.owl.owlapi [14](R 14.0)] osgi.wiring.package; (osgi.wiring.package=javax.xml.parsers) -> [org.apache.felix.framework [0](R 0)]
DEBUG: WIRE: [org.semanticweb.owl.owlapi [14](R 14.0)] osgi.wiring.package; (osgi.wiring.package=javax.xml.transform.sax) -> [org.apache.felix.framework [0](R 0)]
DEBUG: WIRE: [org.semanticweb.owl.owlapi [14](R 14.0)] osgi.wiring.package; (osgi.wiring.package=javax.xml.validation) -> [org.apache.felix.framework [0](R 0)]
DEBUG: WIRE: [org.semanticweb.owl.owlapi [14](R 14.0)] osgi.wiring.package; (&(osgi.wiring.package=org.apache.commons.codec.binary)(version>=1.10.0)(!(version>=2.0.0))) -> [org.apache.commons.codec [12](R 12.0)]
DEBUG: WIRE: [org.semanticweb.owl.owlapi [14](R 14.0)] osgi.wiring.package; (&(osgi.wiring.package=org.apache.commons.io)(version>=1.4.0)(!(version>=2.0.0))) -> [org.apache.commons.io [11](R 11.0)]
DEBUG: WIRE: [org.semanticweb.owl.owlapi [14](R 14.0)] osgi.wiring.package; (&(osgi.wiring.package=org.apache.commons.io.input)(version>=1.4.0)(!(version>=2.0.0))) -> [org.apache.commons.io [11](R 11.0)]
DEBUG: WIRE: [org.semanticweb.owl.owlapi [14](R 14.0)] osgi.wiring.package; (osgi.wiring.package=org.ietf.jgss) -> [org.apache.felix.framework [0](R 0)]
DEBUG: WIRE: [org.semanticweb.owl.owlapi [14](R 14.0)] osgi.wiring.package; (&(osgi.wiring.package=org.slf4j)(version>=1.7.0)(!(version>=2.0.0))) -> [slf4j.api [4](R 4.0)]
DEBUG: WIRE: [org.semanticweb.owl.owlapi [14](R 14.0)] osgi.wiring.package; (&(osgi.wiring.package=org.slf4j.spi)(version>=1.7.0)(!(version>=2.0.0))) -> [slf4j.api [4](R 4.0)]
DEBUG: WIRE: [org.semanticweb.owl.owlapi [14](R 14.0)] osgi.wiring.package; (osgi.wiring.package=org.w3c.dom) -> [org.apache.felix.framework [0](R 0)]
DEBUG: WIRE: [org.semanticweb.owl.owlapi [14](R 14.0)] osgi.wiring.package; (osgi.wiring.package=org.w3c.dom.bootstrap) -> [org.apache.felix.framework [0](R 0)]
DEBUG: WIRE: [org.semanticweb.owl.owlapi [14](R 14.0)] osgi.wiring.package; (osgi.wiring.package=org.w3c.dom.ls) -> [org.apache.felix.framework [0](R 0)]
DEBUG: WIRE: [org.semanticweb.owl.owlapi [14](R 14.0)] osgi.wiring.package; (osgi.wiring.package=org.xml.sax) -> [org.apache.felix.framework [0](R 0)]
DEBUG: WIRE: [org.semanticweb.owl.owlapi [14](R 14.0)] osgi.wiring.package; (osgi.wiring.package=org.xml.sax.ext) -> [org.apache.felix.framework [0](R 0)]
DEBUG: WIRE: [org.semanticweb.owl.owlapi [14](R 14.0)] osgi.wiring.package; (osgi.wiring.package=org.xml.sax.helpers) -> [org.apache.felix.framework [0](R 0)]
DEBUG: WIRE: [org.semanticweb.owl.owlapi [14](R 14.0)] osgi.ee; (&(osgi.ee=JavaSE)(version=1.8)) -> [org.apache.felix.framework [0](R 0)]
Tests run: 1, Failures: 0, Errors: 0, Skipped: 0, Time elapsed: 0.362 sec - in org.semanticweb.owlapi.BundleIsLoadableIntegrationTestCase
Running org.semanticweb.owlapi.api.test.VerifyVersionInfoIntegrationTestCase
Tests run: 1, Failures: 1, Errors: 0, Skipped: 0, Time elapsed: 0.003 sec <<< FAILURE! - in org.semanticweb.owlapi.api.test.VerifyVersionInfoIntegrationTestCase
checkMatchVersion(org.semanticweb.owlapi.api.test.VerifyVersionInfoIntegrationTestCase)  Time elapsed: 0.003 sec  <<< FAILURE!
java.lang.AssertionError
	at org.semanticweb.owlapi.api.test.VerifyVersionInfoIntegrationTestCase.checkMatchVersion(VerifyVersionInfoIntegrationTestCase.java:32)

Running org.semanticweb.owlapi.io.LoadXZOntologyViaHTTPIntegrationTestCase
[main] INFO org.semanticweb.owlapi.io.DocumentSources - URL connection has no content encoding but name ends with .xz
[main] INFO org.semanticweb.owlapi.io.DocumentSources - URL connection has no content encoding but name ends with .xz
Tests run: 1, Failures: 0, Errors: 0, Skipped: 0, Time elapsed: 1.67 sec - in org.semanticweb.owlapi.io.LoadXZOntologyViaHTTPIntegrationTestCase

Results :

Failed tests: 
  VerifyVersionInfoIntegrationTestCase.checkMatchVersion:32

Tests run: 3, Failures: 1, Errors: 0, Skipped: 0

[INFO] 
[INFO] --- maven-failsafe-plugin:2.19.1:verify (default) @ owlapi-osgidistribution ---
[INFO] ------------------------------------------------------------------------
[INFO] Reactor Summary:
[INFO] 
[INFO] OWLAPI ............................................. SUCCESS [  1.097 s]
[INFO] OWLAPI :: Interfaces ............................... SUCCESS [ 11.181 s]
[INFO] OWLAPI :: Default Implementation ................... SUCCESS [  3.579 s]
[INFO] OWLAPI :: Atomic Decomposition and Explanation ..... SUCCESS [  0.128 s]
[INFO] OWLAPI :: Parsers .................................. SUCCESS [  3.973 s]
[INFO] OWLAPI :: OBO Format ............................... SUCCESS [  0.621 s]
[INFO] OWLAPI :: RDF4J Rio ................................ SUCCESS [  0.135 s]
[INFO] OWLAPI :: Binding and Config ....................... SUCCESS [  0.054 s]
[INFO] OWLAPI :: Compatibility ............................ SUCCESS [  0.135 s]
[INFO] OWLAPI :: Tests and Tutorials ...................... SUCCESS [ 34.066 s]
[INFO] OWLAPI :: Distribution ............................. SUCCESS [  6.852 s]
[INFO] OWLAPI :: OSGi and Compatibility Distribution ...... FAILURE [ 12.297 s]
[INFO] ------------------------------------------------------------------------
[INFO] BUILD FAILURE
[INFO] ------------------------------------------------------------------------
[INFO] Total time: 01:15 min
[INFO] Finished at: 2017-01-14T23:23:53+00:00
[INFO] Final Memory: 46M/477M
[INFO] ------------------------------------------------------------------------
[ERROR] Failed to execute goal org.apache.maven.plugins:maven-failsafe-plugin:2.19.1:verify (default) on project owlapi-osgidistribution: There are test failures.
[ERROR] 
[ERROR] Please refer to /home/travis/build/owlcs/owlapi/osgidistribution/target/failsafe-reports for the individual test results.
[ERROR] -> [Help 1]
[ERROR] 
[ERROR] To see the full stack trace of the errors, re-run Maven with the -e switch.
[ERROR] Re-run Maven using the -X switch to enable full debug logging.
[ERROR] 
[ERROR] For more information about the errors and possible solutions, please read the following articles:
[ERROR] [Help 1] http://cwiki.apache.org/confluence/display/MAVEN/MojoFailureException
[ERROR] 
[ERROR] After correcting the problems, you can resume the build with the command
[ERROR]   mvn <goals> -rf :owlapi-osgidistribution

travis_time:end:0b1467e2:start=1484436157468624345,finish=1484436234204154606,duration=76735530261[0K
[31;1mThe command "mvn verify" exited with 1.[0m
travis_fold:start:cache.2[0Kstore build cache
travis_time:start:096b3ae7[0K
travis_time:end:096b3ae7:start=1484436234209800968,finish=1484436234213867622,duration=4066654[0Ktravis_time:start:1a0d31e4[0K[32;1mchange detected (content changed, file is created, or file is deleted):
/home/travis/.m2/repository/net/sourceforge/owlapi/owlapi-api/6.0.0-SNAPSHOT/maven-metadata-local.xml
/home/travis/.m2/repository/net/sourceforge/owlapi/owlapi-api/6.0.0-SNAPSHOT/owlapi-api-6.0.0-SNAPSHOT.jar
/home/travis/.m2/repository/net/sourceforge/owlapi/owlapi-api/6.0.0-SNAPSHOT/owlapi-api-6.0.0-SNAPSHOT.pom
/home/travis/.m2/repository/net/sourceforge/owlapi/owlapi-api/6.0.0-SNAPSHOT/owlapi-api-6.0.0-SNAPSHOT-sources.jar
/home/travis/.m2/repository/net/sourceforge/owlapi/owlapi-api/6.0.0-SNAPSHOT/_remote.repositories
/home/travis/.m2/repository/net/sourceforge/owlapi/owlapi-apibinding/6.0.0-SNAPSHOT/maven-metadata-local.xml
/home/travis/.m2/repository/net/sourceforge/owlapi/owlapi-apibinding/6.0.0-SNAPSHOT/owlapi-apibinding-6.0.0-SNAPSHOT.jar
/home/travis/.m2/repository/net/sourceforge/owlapi/owlapi-apibinding/6.0.0-SNAPSHOT/owlapi-apibinding-6.0.0-SNAPSHOT.pom
/home/travis/.m2/repository/net/sourceforge/owlapi/owlapi-apibinding/6.0.0-SNAPSHOT/owlapi-apibinding-6.0.0-SNAPSHOT-sour
[0m
[32;1m...
[0m
[32;1mchanges detected, packing new archive[0m
.
[32;1muploading archive[0m

travis_time:end:1a0d31e4:start=1484436234218504151,finish=1484436247356502507,duration=13137998356[0Ktravis_fold:end:cache.2[0K
Done. Your build exited with 1.
