Using worker: worker-linux-docker-917f0978.prod.travis-ci.org:travis-linux-3

travis_fold:start:system_info[0K[33;1mBuild system information[0m
Build language: java
[34m[1mBuild image provisioning date and time[0m
Thu Feb  5 15:09:33 UTC 2015
[34m[1mOperating System Details[0m
Distributor ID:	Ubuntu
Description:	Ubuntu 12.04.5 LTS
Release:	12.04
Codename:	precise
[34m[1mLinux Version[0m
3.13.0-29-generic
[34m[1mCookbooks Version[0m
a68419e https://github.com/travis-ci/travis-cookbooks/tree/a68419e
[34m[1mGCC version[0m
gcc (Ubuntu/Linaro 4.6.3-1ubuntu5) 4.6.3
Copyright (C) 2011 Free Software Foundation, Inc.
This is free software; see the source for copying conditions.  There is NO
warranty; not even for MERCHANTABILITY or FITNESS FOR A PARTICULAR PURPOSE.

[34m[1mLLVM version[0m
clang version 3.4 (tags/RELEASE_34/final)
Target: x86_64-unknown-linux-gnu
Thread model: posix
[34m[1mPre-installed Ruby versions[0m
ruby-1.9.3-p551
[34m[1mPre-installed Node.js versions[0m
v0.10.36
[34m[1mPre-installed Go versions[0m
1.4.1
[34m[1mRedis version[0m
redis-server 2.8.19
[34m[1mriak version[0m
2.0.2
[34m[1mMongoDB version[0m
MongoDB 2.4.12
[34m[1mCouchDB version[0m
couchdb 1.6.1
[34m[1mNeo4j version[0m
1.9.4
[34m[1mRabbitMQ Version[0m
3.4.3
[34m[1mElasticSearch version[0m
1.4.0
[34m[1mInstalled Sphinx versions[0m
2.0.10
2.1.9
2.2.6
[34m[1mDefault Sphinx version[0m
2.2.6
[34m[1mInstalled Firefox version[0m
firefox 31.0esr
[34m[1mPhantomJS version[0m
1.9.8
[34m[1mant -version[0m
Apache Ant(TM) version 1.8.2 compiled on December 3 2011
[34m[1mmvn -version[0m
Apache Maven 3.2.5 (12a6b3acb947671f09b81f49094c53f426d8cea1; 2014-12-14T17:29:23+00:00)
Maven home: /usr/local/maven
Java version: 1.7.0_76, vendor: Oracle Corporation
Java home: /usr/lib/jvm/java-7-oracle/jre
Default locale: en_US, platform encoding: ANSI_X3.4-1968
OS name: "linux", version: "3.13.0-29-generic", arch: "amd64", family: "unix"
travis_fold:end:system_info[0K
travis_fold:start:git.checkout[0Ktravis_time:start:0f8514ae[0K$ git clone --depth=50 --branch=master git://github.com/spring-projects/spring-hateoas.git spring-projects/spring-hateoas
Cloning into 'spring-projects/spring-hateoas'...
remote: Counting objects: 740, done.[K
remote: Compressing objects:   0% (1/419)   [Kremote: Compressing objects:   1% (5/419)   [Kremote: Compressing objects:   2% (9/419)   [Kremote: Compressing objects:   3% (13/419)   [Kremote: Compressing objects:   4% (17/419)   [Kremote: Compressing objects:   5% (21/419)   [Kremote: Compressing objects:   6% (26/419)   [Kremote: Compressing objects:   7% (30/419)   [Kremote: Compressing objects:   8% (34/419)   [Kremote: Compressing objects:   9% (38/419)   [Kremote: Compressing objects:  10% (42/419)   [Kremote: Compressing objects:  11% (47/419)   [Kremote: Compressing objects:  12% (51/419)   [Kremote: Compressing objects:  13% (55/419)   [Kremote: Compressing objects:  14% (59/419)   [Kremote: Compressing objects:  15% (63/419)   [Kremote: Compressing objects:  16% (68/419)   [Kremote: Compressing objects:  17% (72/419)   [Kremote: Compressing objects:  18% (76/419)   [Kremote: Compressing objects:  19% (80/419)   [Kremote: Compressing objects:  20% (84/419)   [Kremote: Compressing objects:  21% (88/419)   [Kremote: Compressing objects:  22% (93/419)   [Kremote: Compressing objects:  23% (97/419)   [Kremote: Compressing objects:  24% (101/419)   [Kremote: Compressing objects:  25% (105/419)   [Kremote: Compressing objects:  26% (109/419)   [Kremote: Compressing objects:  27% (114/419)   [Kremote: Compressing objects:  28% (118/419)   [Kremote: Compressing objects:  29% (122/419)   [Kremote: Compressing objects:  30% (126/419)   [Kremote: Compressing objects:  31% (130/419)   [Kremote: Compressing objects:  32% (135/419)   [Kremote: Compressing objects:  33% (139/419)   [Kremote: Compressing objects:  34% (143/419)   [Kremote: Compressing objects:  35% (147/419)   [Kremote: Compressing objects:  36% (151/419)   [Kremote: Compressing objects:  37% (156/419)   [Kremote: Compressing objects:  38% (160/419)   [Kremote: Compressing objects:  39% (164/419)   [Kremote: Compressing objects:  40% (168/419)   [Kremote: Compressing objects:  41% (172/419)   [Kremote: Compressing objects:  42% (176/419)   [Kremote: Compressing objects:  43% (181/419)   [Kremote: Compressing objects:  44% (185/419)   [Kremote: Compressing objects:  45% (189/419)   [Kremote: Compressing objects:  46% (193/419)   [Kremote: Compressing objects:  47% (197/419)   [Kremote: Compressing objects:  48% (202/419)   [Kremote: Compressing objects:  49% (206/419)   [Kremote: Compressing objects:  50% (210/419)   [Kremote: Compressing objects:  51% (214/419)   [Kremote: Compressing objects:  52% (218/419)   [Kremote: Compressing objects:  53% (223/419)   [Kremote: Compressing objects:  54% (227/419)   [Kremote: Compressing objects:  55% (231/419)   [Kremote: Compressing objects:  56% (235/419)   [Kremote: Compressing objects:  57% (239/419)   [Kremote: Compressing objects:  58% (244/419)   [Kremote: Compressing objects:  59% (248/419)   [Kremote: Compressing objects:  60% (252/419)   [Kremote: Compressing objects:  61% (256/419)   [Kremote: Compressing objects:  62% (260/419)   [Kremote: Compressing objects:  63% (264/419)   [Kremote: Compressing objects:  64% (269/419)   [Kremote: Compressing objects:  65% (273/419)   [Kremote: Compressing objects:  66% (277/419)   [Kremote: Compressing objects:  67% (281/419)   [Kremote: Compressing objects:  68% (285/419)   [Kremote: Compressing objects:  69% (290/419)   [Kremote: Compressing objects:  70% (294/419)   [Kremote: Compressing objects:  71% (298/419)   [Kremote: Compressing objects:  72% (302/419)   [Kremote: Compressing objects:  73% (306/419)   [Kremote: Compressing objects:  74% (311/419)   [Kremote: Compressing objects:  75% (315/419)   [Kremote: Compressing objects:  76% (319/419)   [Kremote: Compressing objects:  77% (323/419)   [Kremote: Compressing objects:  78% (327/419)   [Kremote: Compressing objects:  79% (332/419)   [Kremote: Compressing objects:  80% (336/419)   [Kremote: Compressing objects:  81% (340/419)   [Kremote: Compressing objects:  82% (344/419)   [Kremote: Compressing objects:  83% (348/419)   [Kremote: Compressing objects:  84% (352/419)   [Kremote: Compressing objects:  85% (357/419)   [Kremote: Compressing objects:  86% (361/419)   [Kremote: Compressing objects:  87% (365/419)   [Kremote: Compressing objects:  88% (369/419)   [Kremote: Compressing objects:  89% (373/419)   [Kremote: Compressing objects:  90% (378/419)   [Kremote: Compressing objects:  91% (382/419)   [Kremote: Compressing objects:  92% (386/419)   [Kremote: Compressing objects:  93% (390/419)   [Kremote: Compressing objects:  94% (394/419)   [Kremote: Compressing objects:  95% (399/419)   [Kremote: Compressing objects:  96% (403/419)   [Kremote: Compressing objects:  97% (407/419)   [Kremote: Compressing objects:  98% (411/419)   [Kremote: Compressing objects:  99% (415/419)   [Kremote: Compressing objects: 100% (419/419)   [Kremote: Compressing objects: 100% (419/419), done.[K
Receiving objects:   0% (1/740)   Receiving objects:   1% (8/740)   Receiving objects:   2% (15/740)   Receiving objects:   3% (23/740)   Receiving objects:   4% (30/740)   Receiving objects:   5% (37/740)   Receiving objects:   6% (45/740)   Receiving objects:   7% (52/740)   Receiving objects:   8% (60/740)   Receiving objects:   9% (67/740)   Receiving objects:  10% (74/740)   Receiving objects:  11% (82/740)   Receiving objects:  12% (89/740)   Receiving objects:  13% (97/740)   Receiving objects:  14% (104/740)   Receiving objects:  15% (111/740)   Receiving objects:  16% (119/740)   Receiving objects:  17% (126/740)   Receiving objects:  18% (134/740)   Receiving objects:  19% (141/740)   Receiving objects:  20% (148/740)   Receiving objects:  21% (156/740)   Receiving objects:  22% (163/740)   Receiving objects:  23% (171/740)   Receiving objects:  24% (178/740)   Receiving objects:  25% (185/740)   Receiving objects:  26% (193/740)   Receiving objects:  27% (200/740)   Receiving objects:  28% (208/740)   Receiving objects:  29% (215/740)   Receiving objects:  30% (222/740)   Receiving objects:  31% (230/740)   Receiving objects:  32% (237/740)   Receiving objects:  33% (245/740)   Receiving objects:  34% (252/740)   Receiving objects:  35% (259/740)   Receiving objects:  36% (267/740)   Receiving objects:  37% (274/740)   Receiving objects:  38% (282/740)   Receiving objects:  39% (289/740)   Receiving objects:  40% (296/740)   Receiving objects:  41% (304/740)   Receiving objects:  42% (311/740)   Receiving objects:  43% (319/740)   Receiving objects:  44% (326/740)   Receiving objects:  45% (333/740)   Receiving objects:  46% (341/740)   Receiving objects:  47% (348/740)   Receiving objects:  48% (356/740)   Receiving objects:  49% (363/740)   Receiving objects:  50% (370/740)   Receiving objects:  51% (378/740)   Receiving objects:  52% (385/740)   Receiving objects:  53% (393/740)   Receiving objects:  54% (400/740)   Receiving objects:  55% (407/740)   Receiving objects:  56% (415/740)   Receiving objects:  57% (422/740)   Receiving objects:  58% (430/740)   Receiving objects:  59% (437/740)   Receiving objects:  60% (444/740)   Receiving objects:  61% (452/740)   Receiving objects:  62% (459/740)   Receiving objects:  63% (467/740)   Receiving objects:  64% (474/740)   remote: Total 740 (delta 265), reused 569 (delta 156), pack-reused 0[K
Receiving objects:  65% (481/740)   Receiving objects:  66% (489/740)   Receiving objects:  67% (496/740)   Receiving objects:  68% (504/740)   Receiving objects:  69% (511/740)   Receiving objects:  70% (518/740)   Receiving objects:  71% (526/740)   Receiving objects:  72% (533/740)   Receiving objects:  73% (541/740)   Receiving objects:  74% (548/740)   Receiving objects:  75% (555/740)   Receiving objects:  76% (563/740)   Receiving objects:  77% (570/740)   Receiving objects:  78% (578/740)   Receiving objects:  79% (585/740)   Receiving objects:  80% (592/740)   Receiving objects:  81% (600/740)   Receiving objects:  82% (607/740)   Receiving objects:  83% (615/740)   Receiving objects:  84% (622/740)   Receiving objects:  85% (629/740)   Receiving objects:  86% (637/740)   Receiving objects:  87% (644/740)   Receiving objects:  88% (652/740)   Receiving objects:  89% (659/740)   Receiving objects:  90% (666/740)   Receiving objects:  91% (674/740)   Receiving objects:  92% (681/740)   Receiving objects:  93% (689/740)   Receiving objects:  94% (696/740)   Receiving objects:  95% (703/740)   Receiving objects:  96% (711/740)   Receiving objects:  97% (718/740)   Receiving objects:  98% (726/740)   Receiving objects:  99% (733/740)   Receiving objects: 100% (740/740)   Receiving objects: 100% (740/740), 255.74 KiB | 0 bytes/s, done.
Resolving deltas:   0% (0/265)   Resolving deltas:   5% (15/265)   Resolving deltas:   6% (17/265)   Resolving deltas:   9% (25/265)   Resolving deltas:  10% (27/265)   Resolving deltas:  19% (52/265)   Resolving deltas:  21% (56/265)   Resolving deltas:  23% (61/265)   Resolving deltas:  24% (66/265)   Resolving deltas:  27% (72/265)   Resolving deltas:  28% (75/265)   Resolving deltas:  30% (81/265)   Resolving deltas:  31% (83/265)   Resolving deltas:  34% (92/265)   Resolving deltas:  35% (95/265)   Resolving deltas:  36% (98/265)   Resolving deltas:  37% (99/265)   Resolving deltas:  38% (103/265)   Resolving deltas:  40% (106/265)   Resolving deltas:  43% (114/265)   Resolving deltas:  44% (119/265)   Resolving deltas:  45% (120/265)   Resolving deltas:  47% (125/265)   Resolving deltas:  48% (128/265)   Resolving deltas:  51% (136/265)   Resolving deltas:  52% (139/265)   Resolving deltas:  53% (142/265)   Resolving deltas:  62% (166/265)   Resolving deltas:  64% (170/265)   Resolving deltas:  65% (173/265)   Resolving deltas:  66% (176/265)   Resolving deltas:  67% (178/265)   Resolving deltas:  68% (181/265)   Resolving deltas:  69% (183/265)   Resolving deltas:  70% (187/265)   Resolving deltas:  71% (189/265)   Resolving deltas:  72% (193/265)   Resolving deltas:  73% (194/265)   Resolving deltas:  74% (198/265)   Resolving deltas:  75% (199/265)   Resolving deltas:  79% (210/265)   Resolving deltas:  80% (212/265)   Resolving deltas:  81% (216/265)   Resolving deltas:  82% (219/265)   Resolving deltas:  83% (221/265)   Resolving deltas:  84% (224/265)   Resolving deltas:  85% (226/265)   Resolving deltas:  86% (228/265)   Resolving deltas:  89% (238/265)   Resolving deltas:  90% (239/265)   Resolving deltas:  91% (242/265)   Resolving deltas:  92% (246/265)   Resolving deltas:  93% (248/265)   Resolving deltas:  94% (250/265)   Resolving deltas:  96% (255/265)   Resolving deltas:  99% (263/265)   Resolving deltas: 100% (265/265)   Resolving deltas: 100% (265/265), done.
Checking connectivity... done.
travis_time:end:0f8514ae:start=1441175463092734883,finish=1441175463271865234,duration=179130351[0K$ cd spring-projects/spring-hateoas
$ git checkout -qf 9d35670e77167c4becfa2af6bf5ca7f7c8b909e8
travis_fold:end:git.checkout[0K
[33;1mThis job is running on container-based infrastructure, which does not allow use of 'sudo', setuid and setguid executables.[0m
[33;1mIf you require sudo, add 'sudo: required' to your .travis.yml[0m
[33;1mSee http://docs.travis-ci.com/user/workers/container-based-infrastructure/ for details.[0m

[33;1mSetting environment variables from .travis.yml[0m
$ export PROFILE=spring42

travis_fold:start:cache.1[0KSetting up build cache
$ export CASHER_DIR=$HOME/.casher
travis_time:start:098b2bd6[0K$ Installing caching utilities
travis_time:end:098b2bd6:start=1441175464762462738,finish=1441175464850378630,duration=87915892[0Ktravis_time:start:0f7b88db[0Kattempting to download cache archive
fetching master/cache--jdk-oraclejdk8.tgz
found cache
travis_time:end:0f7b88db:start=1441175464854941091,finish=1441175466724955625,duration=1870014534[0Ktravis_time:start:0e0a42dc[0Kadding /home/travis/.m2 to cache
travis_time:end:0e0a42dc:start=1441175466728697259,finish=1441175468267394295,duration=1538697036[0Ktravis_fold:end:cache.1[0K$ jdk_switcher use oraclejdk8
Switching to Oracle JDK8 (java-8-oracle), JAVA_HOME will be set to /usr/lib/jvm/java-8-oracle
$ java -Xmx32m -version
java version "1.8.0_31"
Java(TM) SE Runtime Environment (build 1.8.0_31-b13)
Java HotSpot(TM) 64-Bit Server VM (build 25.31-b07, mixed mode)
$ javac -J-Xmx32m -version
javac 1.8.0_31
travis_fold:start:install[0Ktravis_time:start:1d729dc8[0K$ true
travis_time:end:1d729dc8:start=1441175468674444436,finish=1441175468677517059,duration=3072623[0Ktravis_fold:end:install[0Ktravis_time:start:0e99d4c0[0K$ mvn clean dependency:list test -P${PROFILE} -Dsort
Java HotSpot(TM) 64-Bit Server VM warning: ignoring option MaxPermSize=192m; support was removed in 8.0
[INFO] Scanning for projects...
[INFO]                                                                         
[INFO] ------------------------------------------------------------------------
[INFO] Building Spring HATEOAS 0.20.0.BUILD-SNAPSHOT
[INFO] ------------------------------------------------------------------------
[INFO] 
[INFO] --- maven-clean-plugin:2.5:clean (default-clean) @ spring-hateoas ---
[INFO] 
[INFO] --- maven-dependency-plugin:2.8:list (default-cli) @ spring-hateoas ---
[INFO] 
[INFO] The following files have been resolved:
[INFO]    aopalliance:aopalliance:jar:1.0:compile
[INFO]    asm:asm:jar:3.3.1:compile
[INFO]    ch.qos.logback:logback-classic:jar:1.1.3:test
[INFO]    ch.qos.logback:logback-core:jar:1.1.3:test
[INFO]    com.fasterxml.jackson.core:jackson-annotations:jar:2.6.1:compile
[INFO]    com.fasterxml.jackson.core:jackson-core:jar:2.6.1:compile
[INFO]    com.fasterxml.jackson.core:jackson-databind:jar:2.6.1:compile
[INFO]    com.jayway.jsonpath:json-path:jar:2.0.0:compile
[INFO]    commons-collections:commons-collections:jar:3.2.1:test
[INFO]    commons-io:commons-io:jar:2.4:test
[INFO]    commons-lang:commons-lang:jar:2.6:test
[INFO]    javax.servlet:servlet-api:jar:2.5:provided
[INFO]    javax.ws.rs:javax.ws.rs-api:jar:2.0.1:compile
[INFO]    joda-time:joda-time:jar:2.8.1:test
[INFO]    junit:junit:jar:4.12:test
[INFO]    net.jadler:jadler-all:jar:1.1.1:test
[INFO]    net.jadler:jadler-core:jar:1.1.1:test
[INFO]    net.jadler:jadler-jetty:jar:1.1.1:test
[INFO]    net.jadler:jadler-junit:jar:1.1.1:test
[INFO]    net.minidev:asm:jar:1.0.2:compile
[INFO]    net.minidev:json-smart:jar:2.1.1:compile
[INFO]    org.atteo:evo-inflector:jar:1.2.1:compile
[INFO]    org.eclipse.jetty.orbit:javax.servlet:jar:3.0.0.v201112011016:test
[INFO]    org.eclipse.jetty:jetty-continuation:jar:8.1.11.v20130520:test
[INFO]    org.eclipse.jetty:jetty-http:jar:8.1.11.v20130520:test
[INFO]    org.eclipse.jetty:jetty-io:jar:8.1.11.v20130520:test
[INFO]    org.eclipse.jetty:jetty-server:jar:8.1.11.v20130520:test
[INFO]    org.eclipse.jetty:jetty-util:jar:8.1.11.v20130520:test
[INFO]    org.hamcrest:hamcrest-core:jar:1.3:test
[INFO]    org.hamcrest:hamcrest-library:jar:1.3:test
[INFO]    org.mockito:mockito-all:jar:1.10.19:test
[INFO]    org.projectlombok:lombok:jar:1.16.4:provided
[INFO]    org.slf4j:jcl-over-slf4j:jar:1.7.12:test
[INFO]    org.slf4j:slf4j-api:jar:1.7.12:compile
[INFO]    org.springframework.plugin:spring-plugin-core:jar:1.2.0.RELEASE:compile
[INFO]    org.springframework:spring-aop:jar:4.2.0.RELEASE:compile
[INFO]    org.springframework:spring-beans:jar:4.2.0.RELEASE:compile
[INFO]    org.springframework:spring-context:jar:4.2.0.RELEASE:compile
[INFO]    org.springframework:spring-core:jar:4.2.0.RELEASE:compile
[INFO]    org.springframework:spring-expression:jar:4.2.0.RELEASE:compile
[INFO]    org.springframework:spring-test:jar:4.2.0.RELEASE:test
[INFO]    org.springframework:spring-web:jar:4.2.0.RELEASE:compile
[INFO]    org.springframework:spring-webmvc:jar:4.2.0.RELEASE:compile
[INFO]    xmlunit:xmlunit:jar:1.6:test
[INFO] 
[INFO] 
[INFO] --- maven-resources-plugin:2.6:resources (default-resources) @ spring-hateoas ---
[INFO] Using 'UTF-8' encoding to copy filtered resources.
[INFO] Copying 3 resources
[INFO] 
[INFO] --- maven-compiler-plugin:3.3:compile (default-compile) @ spring-hateoas ---
[INFO] Changes detected - recompiling the module!
[INFO] Compiling 85 source files to /home/travis/build/spring-projects/spring-hateoas/target/classes
[INFO] /home/travis/build/spring-projects/spring-hateoas/src/main/java/org/springframework/hateoas/config/HypermediaSupportBeanDefinitionRegistrar.java: Some input files use or override a deprecated API.
[INFO] /home/travis/build/spring-projects/spring-hateoas/src/main/java/org/springframework/hateoas/config/HypermediaSupportBeanDefinitionRegistrar.java: Recompile with -Xlint:deprecation for details.
[INFO] 
[INFO] --- com.springsource.bundlor.maven:1.0.0.RELEASE:bundlor (bundlor) @ spring-hateoas ---
Manifest written to '/home/travis/build/spring-projects/spring-hateoas/target/classes/META-INF/MANIFEST.MF'
[INFO] 
[INFO] --- maven-resources-plugin:2.6:testResources (default-testResources) @ spring-hateoas ---
[INFO] Using 'UTF-8' encoding to copy filtered resources.
[INFO] Copying 11 resources
[INFO] 
[INFO] --- maven-compiler-plugin:3.3:testCompile (default-testCompile) @ spring-hateoas ---
[INFO] Changes detected - recompiling the module!
[INFO] Compiling 59 source files to /home/travis/build/spring-projects/spring-hateoas/target/test-classes
[INFO] /home/travis/build/spring-projects/spring-hateoas/src/test/java/org/springframework/hateoas/config/EnableHypermediaSupportIntegrationTest.java: Some input files use or override a deprecated API.
[INFO] /home/travis/build/spring-projects/spring-hateoas/src/test/java/org/springframework/hateoas/config/EnableHypermediaSupportIntegrationTest.java: Recompile with -Xlint:deprecation for details.
[INFO] 
[INFO] --- maven-surefire-plugin:2.12.4:test (default-test) @ spring-hateoas ---
[INFO] Surefire report directory: /home/travis/build/spring-projects/spring-hateoas/target/surefire-reports

-------------------------------------------------------
 T E S T S
-------------------------------------------------------
Running org.springframework.hateoas.alps.JacksonSerializationTest
Tests run: 1, Failures: 0, Errors: 0, Skipped: 0, Time elapsed: 0.771 sec
Running org.springframework.hateoas.config.XmlConfigurationIntegrationTest
Tests run: 1, Failures: 0, Errors: 0, Skipped: 0, Time elapsed: 1.822 sec
Running org.springframework.hateoas.config.EnableHypermediaSupportIntegrationTest
Tests run: 6, Failures: 0, Errors: 0, Skipped: 0, Time elapsed: 3.056 sec
Running org.springframework.hateoas.config.EnableEntityLinksIntegrationTest
Tests run: 1, Failures: 0, Errors: 0, Skipped: 0, Time elapsed: 0.246 sec
Running org.springframework.hateoas.client.TraversonTest
Tests run: 18, Failures: 0, Errors: 0, Skipped: 0, Time elapsed: 4.429 sec
Running org.springframework.hateoas.client.HopUnitTest
Tests run: 7, Failures: 0, Errors: 0, Skipped: 0, Time elapsed: 0.01 sec
Running org.springframework.hateoas.PagedResourcesMarshallingTest
Tests run: 1, Failures: 0, Errors: 0, Skipped: 0, Time elapsed: 0.078 sec
Running org.springframework.hateoas.mvc.IdentifiableResourceAssemblerSupportUnitTest
Tests run: 4, Failures: 0, Errors: 0, Skipped: 0, Time elapsed: 0.021 sec
Running org.springframework.hateoas.mvc.ControllerLinkBuilderUnitTest
Tests run: 36, Failures: 0, Errors: 0, Skipped: 0, Time elapsed: 0.246 sec
Running org.springframework.hateoas.mvc.ControllerLinkBuilderFactoryUnitTest
Tests run: 8, Failures: 0, Errors: 0, Skipped: 0, Time elapsed: 0.092 sec
Running org.springframework.hateoas.mvc.HeaderLinksResponseEntityUnitTest
Tests run: 2, Failures: 0, Errors: 0, Skipped: 0, Time elapsed: 0.003 sec
Running org.springframework.hateoas.mvc.DummyInvocationUtilsUnitTest
Tests run: 1, Failures: 0, Errors: 0, Skipped: 0, Time elapsed: 0.006 sec
Running org.springframework.hateoas.mvc.TypeConstrainedMappingJackson2HttpMessageConverterUnitTest
Tests run: 3, Failures: 0, Errors: 0, Skipped: 0, Time elapsed: 0.036 sec
Running org.springframework.hateoas.mvc.TypeReferencesIntegrationTest
Tests run: 3, Failures: 0, Errors: 0, Skipped: 0, Time elapsed: 0.158 sec
Running org.springframework.hateoas.mvc.ControllerLinkBuilderOutsideSpringMvcUnitTest
Tests run: 1, Failures: 0, Errors: 0, Skipped: 0, Time elapsed: 0.001 sec
Running org.springframework.hateoas.Jackson2ResourceIntegrationTest
Tests run: 2, Failures: 0, Errors: 0, Skipped: 0, Time elapsed: 0.006 sec
Running org.springframework.hateoas.core.JsonPathLinkDiscovererUnitTest
Tests run: 3, Failures: 0, Errors: 0, Skipped: 0, Time elapsed: 0.015 sec
Running org.springframework.hateoas.core.DelegatingEntityLinksUnitTest
Tests run: 4, Failures: 0, Errors: 0, Skipped: 0, Time elapsed: 0.096 sec
Running org.springframework.hateoas.core.EmbeddedWrappersUnitTest
Tests run: 3, Failures: 0, Errors: 0, Skipped: 0, Time elapsed: 0.022 sec
Running org.springframework.hateoas.core.EvoInflectorRelProviderUnitTest
Tests run: 1, Failures: 0, Errors: 0, Skipped: 0, Time elapsed: 0.002 sec
Running org.springframework.hateoas.core.DelegatingRelProviderUnitTest
Tests run: 1, Failures: 0, Errors: 0, Skipped: 0, Time elapsed: 0.008 sec
Running org.springframework.hateoas.core.ControllerEntityLinksUnitTest
Tests run: 6, Failures: 0, Errors: 0, Skipped: 0, Time elapsed: 0.052 sec
Running org.springframework.hateoas.core.ControllerEntityLinksFactoryBeanUnitTest
Tests run: 2, Failures: 0, Errors: 0, Skipped: 0, Time elapsed: 0.019 sec
Running org.springframework.hateoas.core.AnnotationMappingDiscovererUnitTest
Tests run: 9, Failures: 0, Errors: 0, Skipped: 0, Time elapsed: 0.044 sec
Running org.springframework.hateoas.core.LinkBuilderSupportUnitTest
Tests run: 2, Failures: 0, Errors: 0, Skipped: 0, Time elapsed: 0.004 sec
Running org.springframework.hateoas.core.MethodParametersUnitTest
Tests run: 2, Failures: 0, Errors: 0, Skipped: 0, Time elapsed: 0.003 sec
Running org.springframework.hateoas.hal.Jackson2HalIntegrationTest
Tests run: 24, Failures: 0, Errors: 0, Skipped: 0, Time elapsed: 0.179 sec
Running org.springframework.hateoas.hal.HalLinkDiscovererUnitTest
Tests run: 7, Failures: 0, Errors: 0, Skipped: 0, Time elapsed: 0.011 sec
Running org.springframework.hateoas.hal.DefaultCurieProviderUnitTest
Tests run: 13, Failures: 0, Errors: 0, Skipped: 0, Time elapsed: 0.017 sec
Running org.springframework.hateoas.hal.HalEmbeddedBuilderUnitTest
Tests run: 11, Failures: 0, Errors: 0, Skipped: 0, Time elapsed: 0.009 sec
Running org.springframework.hateoas.PagedResourcesUnitTest
Tests run: 8, Failures: 0, Errors: 0, Skipped: 0, Time elapsed: 0.003 sec
Running org.springframework.hateoas.TemplateVariablesUnitTest
Tests run: 15, Failures: 0, Errors: 0, Skipped: 0, Time elapsed: 0.004 sec
Running org.springframework.hateoas.ResourceSupportUnitTest
Tests run: 11, Failures: 0, Errors: 0, Skipped: 0, Time elapsed: 0.007 sec
Running org.springframework.hateoas.LinkUnitTest
Tests run: 19, Failures: 0, Errors: 0, Skipped: 0, Time elapsed: 0.014 sec
Running org.springframework.hateoas.jaxrs.JaxRsLinkBuilderFactoryUnitTest
Tests run: 3, Failures: 0, Errors: 0, Skipped: 0, Time elapsed: 0.006 sec
Running org.springframework.hateoas.ResourceSupportIntegrationTest
Tests run: 2, Failures: 0, Errors: 0, Skipped: 0, Time elapsed: 0.005 sec
Running org.springframework.hateoas.VndErrorsUnitTest
Tests run: 1, Failures: 0, Errors: 0, Skipped: 0, Time elapsed: 0 sec
Running org.springframework.hateoas.Jackson2ResourceSupportIntegrationTest
Tests run: 2, Failures: 0, Errors: 0, Skipped: 0, Time elapsed: 0 sec
Running org.springframework.hateoas.LinkDiscoverersUnitTest
Tests run: 2, Failures: 0, Errors: 0, Skipped: 0, Time elapsed: 0 sec
Running org.springframework.hateoas.Jackson2PagedResourcesIntegrationTest
Tests run: 1, Failures: 1, Errors: 0, Skipped: 0, Time elapsed: 0.018 sec <<< FAILURE!
serializesPagedResourcesCorrectly(org.springframework.hateoas.Jackson2PagedResourcesIntegrationTest)  Time elapsed: 0.017 sec  <<< FAILURE!
java.lang.AssertionError: 
Expected: is "{\"links\":[],\"content\":[{\"firstname\":\"Dave\",\"lastname\":\"Matthews\"}],\"page\":{\"size\":1,\"totalElements\":2,\"totalPages\":2,\"number\":0}}"
     but: was "{\"links\":[],\"content\":[{\"firstname\":\"Dave\",\"lastname\":\"Matthews\"}]}"
	at org.hamcrest.MatcherAssert.assertThat(MatcherAssert.java:20)
	at org.junit.Assert.assertThat(Assert.java:956)
	at org.junit.Assert.assertThat(Assert.java:923)
	at org.springframework.hateoas.Jackson2PagedResourcesIntegrationTest.serializesPagedResourcesCorrectly(Jackson2PagedResourcesIntegrationTest.java:83)
	at sun.reflect.NativeMethodAccessorImpl.invoke0(Native Method)
	at sun.reflect.NativeMethodAccessorImpl.invoke(NativeMethodAccessorImpl.java:62)
	at sun.reflect.DelegatingMethodAccessorImpl.invoke(DelegatingMethodAccessorImpl.java:43)
	at java.lang.reflect.Method.invoke(Method.java:483)
	at org.junit.runners.model.FrameworkMethod$1.runReflectiveCall(FrameworkMethod.java:50)
	at org.junit.internal.runners.model.ReflectiveCallable.run(ReflectiveCallable.java:12)
	at org.junit.runners.model.FrameworkMethod.invokeExplosively(FrameworkMethod.java:47)
	at org.junit.internal.runners.statements.InvokeMethod.evaluate(InvokeMethod.java:17)
	at org.junit.runners.ParentRunner.runLeaf(ParentRunner.java:325)
	at org.junit.runners.BlockJUnit4ClassRunner.runChild(BlockJUnit4ClassRunner.java:78)
	at org.junit.runners.BlockJUnit4ClassRunner.runChild(BlockJUnit4ClassRunner.java:57)
	at org.junit.runners.ParentRunner$3.run(ParentRunner.java:290)
	at org.junit.runners.ParentRunner$1.schedule(ParentRunner.java:71)
	at org.junit.runners.ParentRunner.runChildren(ParentRunner.java:288)
	at org.junit.runners.ParentRunner.access$000(ParentRunner.java:58)
	at org.junit.runners.ParentRunner$2.evaluate(ParentRunner.java:268)
	at org.junit.runners.ParentRunner.run(ParentRunner.java:363)
	at org.apache.maven.surefire.junit4.JUnit4Provider.execute(JUnit4Provider.java:252)
	at org.apache.maven.surefire.junit4.JUnit4Provider.executeTestSet(JUnit4Provider.java:141)
	at org.apache.maven.surefire.junit4.JUnit4Provider.invoke(JUnit4Provider.java:112)
	at sun.reflect.NativeMethodAccessorImpl.invoke0(Native Method)
	at sun.reflect.NativeMethodAccessorImpl.invoke(NativeMethodAccessorImpl.java:62)
	at sun.reflect.DelegatingMethodAccessorImpl.invoke(DelegatingMethodAccessorImpl.java:43)
	at java.lang.reflect.Method.invoke(Method.java:483)
	at org.apache.maven.surefire.util.ReflectionUtils.invokeMethodWithArray(ReflectionUtils.java:189)
	at org.apache.maven.surefire.booter.ProviderFactory$ProviderProxy.invoke(ProviderFactory.java:165)
	at org.apache.maven.surefire.booter.ProviderFactory.invokeProvider(ProviderFactory.java:85)
	at org.apache.maven.surefire.booter.ForkedBooter.runSuitesInProcess(ForkedBooter.java:115)
	at org.apache.maven.surefire.booter.ForkedBooter.main(ForkedBooter.java:75)

Running org.springframework.hateoas.ResourceIntegrationTest
Tests run: 3, Failures: 0, Errors: 0, Skipped: 0, Time elapsed: 0.017 sec
Running org.springframework.hateoas.Jackson2LinkIntegrationTest
Tests run: 2, Failures: 0, Errors: 0, Skipped: 0, Time elapsed: 0.015 sec
Running org.springframework.hateoas.LinkIntegrationTest
Tests run: 2, Failures: 0, Errors: 0, Skipped: 0, Time elapsed: 0 sec
Running org.springframework.hateoas.LinksUnitTest
Tests run: 4, Failures: 0, Errors: 0, Skipped: 0, Time elapsed: 0.001 sec
Running org.springframework.hateoas.UriTemplateUnitTest
Tests run: 20, Failures: 0, Errors: 0, Skipped: 0, Time elapsed: 0 sec
Running org.springframework.hateoas.ResourcesUnitTest
Tests run: 4, Failures: 0, Errors: 0, Skipped: 0, Time elapsed: 0 sec
Running org.springframework.hateoas.ResourceUnitTest
Tests run: 5, Failures: 0, Errors: 0, Skipped: 0, Time elapsed: 0 sec
Running org.springframework.hateoas.VndErrorsMarshallingTest
Tests run: 4, Failures: 0, Errors: 0, Skipped: 0, Time elapsed: 0.096 sec

Results :

Failed tests:   serializesPagedResourcesCorrectly(org.springframework.hateoas.Jackson2PagedResourcesIntegrationTest): (..)

Tests run: 291, Failures: 1, Errors: 0, Skipped: 0

[INFO] ------------------------------------------------------------------------
[INFO] BUILD FAILURE
[INFO] ------------------------------------------------------------------------
[INFO] Total time: 35.941 s
[INFO] Finished at: 2015-09-02T06:31:46+00:00
[INFO] Final Memory: 26M/317M
[INFO] ------------------------------------------------------------------------
[ERROR] Failed to execute goal org.apache.maven.plugins:maven-surefire-plugin:2.12.4:test (default-test) on project spring-hateoas: There are test failures.
[ERROR] 
[ERROR] Please refer to /home/travis/build/spring-projects/spring-hateoas/target/surefire-reports for the individual test results.
[ERROR] -> [Help 1]
[ERROR] 
[ERROR] To see the full stack trace of the errors, re-run Maven with the -e switch.
[ERROR] Re-run Maven using the -X switch to enable full debug logging.
[ERROR] 
[ERROR] For more information about the errors and possible solutions, please read the following articles:
[ERROR] [Help 1] http://cwiki.apache.org/confluence/display/MAVEN/MojoFailureException
travis_time:end:0e99d4c0:start=1441175468681507911,finish=1441175507306370429,duration=38624862518[0K
[31;1mThe command "mvn clean dependency:list test -P${PROFILE} -Dsort" exited with 1.[0m
travis_fold:start:cache.2[0Kstore build cache
travis_time:start:05743210[0Knothing changed, not updating cache
travis_time:end:05743210:start=1441175507310608626,finish=1441175507842991231,duration=532382605[0Ktravis_fold:end:cache.2[0K
Done. Your build exited with 1.
