Using worker: worker-linux-docker-e080c3cf.prod.travis-ci.org:travis-linux-8

travis_fold:start:system_info[0K[33;1mBuild system information[0m
Build language: java
[34m[1mBuild image provisioning date and time[0m
Thu Feb  5 15:09:33 UTC 2015
[34m[1mOperating System Details[0m
Distributor ID:	Ubuntu
Description:	Ubuntu 12.04.5 LTS
Release:	12.04
Codename:	precise
[34m[1mLinux Version[0m
3.13.0-29-generic
[34m[1mCookbooks Version[0m
a68419e https://github.com/travis-ci/travis-cookbooks/tree/a68419e
[34m[1mGCC version[0m
gcc (Ubuntu/Linaro 4.6.3-1ubuntu5) 4.6.3
Copyright (C) 2011 Free Software Foundation, Inc.
This is free software; see the source for copying conditions.  There is NO
warranty; not even for MERCHANTABILITY or FITNESS FOR A PARTICULAR PURPOSE.

[34m[1mLLVM version[0m
clang version 3.4 (tags/RELEASE_34/final)
Target: x86_64-unknown-linux-gnu
Thread model: posix
[34m[1mPre-installed Ruby versions[0m
ruby-1.9.3-p551
[34m[1mPre-installed Node.js versions[0m
v0.10.36
[34m[1mPre-installed Go versions[0m
1.4.1
[34m[1mRedis version[0m
redis-server 2.8.19
[34m[1mriak version[0m
2.0.2
[34m[1mMongoDB version[0m
MongoDB 2.4.12
[34m[1mCouchDB version[0m
couchdb 1.6.1
[34m[1mNeo4j version[0m
1.9.4
[34m[1mRabbitMQ Version[0m
3.4.3
[34m[1mElasticSearch version[0m
1.4.0
[34m[1mInstalled Sphinx versions[0m
2.0.10
2.1.9
2.2.6
[34m[1mDefault Sphinx version[0m
2.2.6
[34m[1mInstalled Firefox version[0m
firefox 31.0esr
[34m[1mPhantomJS version[0m
1.9.8
[34m[1mant -version[0m
Apache Ant(TM) version 1.8.2 compiled on December 3 2011
[34m[1mmvn -version[0m
Apache Maven 3.2.5 (12a6b3acb947671f09b81f49094c53f426d8cea1; 2014-12-14T17:29:23+00:00)
Maven home: /usr/local/maven
Java version: 1.7.0_76, vendor: Oracle Corporation
Java home: /usr/lib/jvm/java-7-oracle/jre
Default locale: en_US, platform encoding: ANSI_X3.4-1968
OS name: "linux", version: "3.13.0-29-generic", arch: "amd64", family: "unix"
travis_fold:end:system_info[0K
travis_fold:start:git.checkout[0Ktravis_time:start:24babf94[0K$ git clone --depth=50 git://github.com/square/wire.git square/wire
Cloning into 'square/wire'...
remote: Counting objects: 1179, done.[K
remote: Compressing objects:   0% (1/592)   [Kremote: Compressing objects:   1% (6/592)   [Kremote: Compressing objects:   2% (12/592)   [Kremote: Compressing objects:   3% (18/592)   [Kremote: Compressing objects:   4% (24/592)   [Kremote: Compressing objects:   5% (30/592)   [Kremote: Compressing objects:   6% (36/592)   [Kremote: Compressing objects:   7% (42/592)   [Kremote: Compressing objects:   8% (48/592)   [Kremote: Compressing objects:   9% (54/592)   [Kremote: Compressing objects:  10% (60/592)   [Kremote: Compressing objects:  11% (66/592)   [Kremote: Compressing objects:  12% (72/592)   [Kremote: Compressing objects:  13% (77/592)   [Kremote: Compressing objects:  14% (83/592)   [Kremote: Compressing objects:  15% (89/592)   [Kremote: Compressing objects:  16% (95/592)   [Kremote: Compressing objects:  17% (101/592)   [Kremote: Compressing objects:  18% (107/592)   [Kremote: Compressing objects:  19% (113/592)   [Kremote: Compressing objects:  20% (119/592)   [Kremote: Compressing objects:  21% (125/592)   [Kremote: Compressing objects:  22% (131/592)   [Kremote: Compressing objects:  23% (137/592)   [Kremote: Compressing objects:  24% (143/592)   [Kremote: Compressing objects:  25% (148/592)   [Kremote: Compressing objects:  26% (154/592)   [Kremote: Compressing objects:  27% (160/592)   [Kremote: Compressing objects:  28% (166/592)   [Kremote: Compressing objects:  29% (172/592)   [Kremote: Compressing objects:  30% (178/592)   [Kremote: Compressing objects:  31% (184/592)   [Kremote: Compressing objects:  32% (190/592)   [Kremote: Compressing objects:  33% (196/592)   [Kremote: Compressing objects:  34% (202/592)   [Kremote: Compressing objects:  35% (208/592)   [Kremote: Compressing objects:  36% (214/592)   [Kremote: Compressing objects:  37% (220/592)   [Kremote: Compressing objects:  38% (225/592)   [Kremote: Compressing objects:  39% (231/592)   [Kremote: Compressing objects:  40% (237/592)   [Kremote: Compressing objects:  41% (243/592)   [Kremote: Compressing objects:  42% (249/592)   [Kremote: Compressing objects:  43% (255/592)   [Kremote: Compressing objects:  44% (261/592)   [Kremote: Compressing objects:  45% (267/592)   [Kremote: Compressing objects:  46% (273/592)   [Kremote: Compressing objects:  47% (279/592)   [Kremote: Compressing objects:  48% (285/592)   [Kremote: Compressing objects:  49% (291/592)   [Kremote: Compressing objects:  50% (296/592)   [Kremote: Compressing objects:  51% (302/592)   [Kremote: Compressing objects:  52% (308/592)   [Kremote: Compressing objects:  53% (314/592)   [Kremote: Compressing objects:  54% (320/592)   [Kremote: Compressing objects:  55% (326/592)   [Kremote: Compressing objects:  56% (332/592)   [Kremote: Compressing objects:  57% (338/592)   [Kremote: Compressing objects:  58% (344/592)   [Kremote: Compressing objects:  59% (350/592)   [Kremote: Compressing objects:  60% (356/592)   [Kremote: Compressing objects:  61% (362/592)   [Kremote: Compressing objects:  62% (368/592)   [Kremote: Compressing objects:  63% (373/592)   [Kremote: Compressing objects:  64% (379/592)   [Kremote: Compressing objects:  65% (385/592)   [Kremote: Compressing objects:  66% (391/592)   [Kremote: Compressing objects:  67% (397/592)   [Kremote: Compressing objects:  68% (403/592)   [Kremote: Compressing objects:  69% (409/592)   [Kremote: Compressing objects:  70% (415/592)   [Kremote: Compressing objects:  71% (421/592)   [Kremote: Compressing objects:  72% (427/592)   [Kremote: Compressing objects:  73% (433/592)   [Kremote: Compressing objects:  74% (439/592)   [Kremote: Compressing objects:  75% (444/592)   [Kremote: Compressing objects:  76% (450/592)   [Kremote: Compressing objects:  77% (456/592)   [Kremote: Compressing objects:  78% (462/592)   [Kremote: Compressing objects:  79% (468/592)   [Kremote: Compressing objects:  80% (474/592)   [Kremote: Compressing objects:  81% (480/592)   [Kremote: Compressing objects:  82% (486/592)   [Kremote: Compressing objects:  83% (492/592)   [Kremote: Compressing objects:  84% (498/592)   [Kremote: Compressing objects:  85% (504/592)   [Kremote: Compressing objects:  86% (510/592)   [Kremote: Compressing objects:  87% (516/592)   [Kremote: Compressing objects:  88% (521/592)   [Kremote: Compressing objects:  89% (527/592)   [Kremote: Compressing objects:  90% (533/592)   [Kremote: Compressing objects:  91% (539/592)   [Kremote: Compressing objects:  92% (545/592)   [Kremote: Compressing objects:  93% (551/592)   [Kremote: Compressing objects:  94% (557/592)   [Kremote: Compressing objects:  95% (563/592)   [Kremote: Compressing objects:  96% (569/592)   [Kremote: Compressing objects:  97% (575/592)   [Kremote: Compressing objects:  98% (581/592)   [Kremote: Compressing objects:  99% (587/592)   [Kremote: Compressing objects: 100% (592/592)   [Kremote: Compressing objects: 100% (592/592), done.[K
Receiving objects:   0% (1/1179)   Receiving objects:   1% (12/1179)   Receiving objects:   2% (24/1179)   Receiving objects:   3% (36/1179)   Receiving objects:   4% (48/1179)   Receiving objects:   5% (59/1179)   Receiving objects:   6% (71/1179)   Receiving objects:   7% (83/1179)   Receiving objects:   8% (95/1179)   Receiving objects:   9% (107/1179)   Receiving objects:  10% (118/1179)   Receiving objects:  11% (130/1179)   Receiving objects:  12% (142/1179)   Receiving objects:  13% (154/1179)   Receiving objects:  14% (166/1179)   Receiving objects:  15% (177/1179)   Receiving objects:  16% (189/1179)   Receiving objects:  17% (201/1179)   Receiving objects:  18% (213/1179)   Receiving objects:  19% (225/1179)   Receiving objects:  20% (236/1179)   Receiving objects:  21% (248/1179)   Receiving objects:  22% (260/1179)   Receiving objects:  23% (272/1179)   Receiving objects:  24% (283/1179)   Receiving objects:  25% (295/1179)   Receiving objects:  26% (307/1179)   Receiving objects:  27% (319/1179)   Receiving objects:  28% (331/1179)   Receiving objects:  29% (342/1179)   Receiving objects:  30% (354/1179)   Receiving objects:  31% (366/1179)   Receiving objects:  32% (378/1179)   Receiving objects:  33% (390/1179)   Receiving objects:  34% (401/1179)   Receiving objects:  35% (413/1179)   Receiving objects:  36% (425/1179)   Receiving objects:  37% (437/1179)   Receiving objects:  38% (449/1179)   Receiving objects:  39% (460/1179)   Receiving objects:  40% (472/1179)   Receiving objects:  41% (484/1179)   Receiving objects:  42% (496/1179)   Receiving objects:  43% (507/1179)   Receiving objects:  44% (519/1179)   Receiving objects:  45% (531/1179)   Receiving objects:  46% (543/1179)   Receiving objects:  47% (555/1179)   Receiving objects:  48% (566/1179)   Receiving objects:  49% (578/1179)   Receiving objects:  50% (590/1179)   Receiving objects:  51% (602/1179)   remote: Total 1179 (delta 447), reused 1002 (delta 322), pack-reused 0[K
Receiving objects:  52% (614/1179)   Receiving objects:  53% (625/1179)   Receiving objects:  54% (637/1179)   Receiving objects:  55% (649/1179)   Receiving objects:  56% (661/1179)   Receiving objects:  57% (673/1179)   Receiving objects:  58% (684/1179)   Receiving objects:  59% (696/1179)   Receiving objects:  60% (708/1179)   Receiving objects:  61% (720/1179)   Receiving objects:  62% (731/1179)   Receiving objects:  63% (743/1179)   Receiving objects:  64% (755/1179)   Receiving objects:  65% (767/1179)   Receiving objects:  66% (779/1179)   Receiving objects:  67% (790/1179)   Receiving objects:  68% (802/1179)   Receiving objects:  69% (814/1179)   Receiving objects:  70% (826/1179)   Receiving objects:  71% (838/1179)   Receiving objects:  72% (849/1179)   Receiving objects:  73% (861/1179)   Receiving objects:  74% (873/1179)   Receiving objects:  75% (885/1179)   Receiving objects:  76% (897/1179)   Receiving objects:  77% (908/1179)   Receiving objects:  78% (920/1179)   Receiving objects:  79% (932/1179)   Receiving objects:  80% (944/1179)   Receiving objects:  81% (955/1179)   Receiving objects:  82% (967/1179)   Receiving objects:  83% (979/1179)   Receiving objects:  84% (991/1179)   Receiving objects:  85% (1003/1179)   Receiving objects:  86% (1014/1179)   Receiving objects:  87% (1026/1179)   Receiving objects:  88% (1038/1179)   Receiving objects:  89% (1050/1179)   Receiving objects:  90% (1062/1179)   Receiving objects:  91% (1073/1179)   Receiving objects:  92% (1085/1179)   Receiving objects:  93% (1097/1179)   Receiving objects:  94% (1109/1179)   Receiving objects:  95% (1121/1179)   Receiving objects:  96% (1132/1179)   Receiving objects:  97% (1144/1179)   Receiving objects:  98% (1156/1179)   Receiving objects:  99% (1168/1179)   Receiving objects: 100% (1179/1179)   Receiving objects: 100% (1179/1179), 284.03 KiB | 0 bytes/s, done.
Resolving deltas:   0% (0/447)   Resolving deltas:   1% (5/447)   Resolving deltas:   2% (9/447)   Resolving deltas:   3% (16/447)   Resolving deltas:   5% (23/447)   Resolving deltas:   8% (39/447)   Resolving deltas:  18% (83/447)   Resolving deltas:  20% (91/447)   Resolving deltas:  21% (96/447)   Resolving deltas:  22% (102/447)   Resolving deltas:  23% (104/447)   Resolving deltas:  24% (110/447)   Resolving deltas:  25% (112/447)   Resolving deltas:  27% (122/447)   Resolving deltas:  28% (127/447)   Resolving deltas:  29% (134/447)   Resolving deltas:  30% (136/447)   Resolving deltas:  32% (146/447)   Resolving deltas:  33% (149/447)   Resolving deltas:  34% (153/447)   Resolving deltas:  35% (160/447)   Resolving deltas:  37% (169/447)   Resolving deltas:  38% (171/447)   Resolving deltas:  39% (175/447)   Resolving deltas:  40% (183/447)   Resolving deltas:  41% (186/447)   Resolving deltas:  42% (189/447)   Resolving deltas:  43% (193/447)   Resolving deltas:  44% (199/447)   Resolving deltas:  45% (202/447)   Resolving deltas:  57% (255/447)   Resolving deltas:  58% (261/447)   Resolving deltas:  59% (264/447)   Resolving deltas:  60% (270/447)   Resolving deltas:  67% (300/447)   Resolving deltas:  68% (306/447)   Resolving deltas:  70% (313/447)   Resolving deltas:  71% (319/447)   Resolving deltas:  73% (328/447)   Resolving deltas:  74% (331/447)   Resolving deltas:  75% (339/447)   Resolving deltas:  76% (340/447)   Resolving deltas:  77% (345/447)   Resolving deltas:  78% (350/447)   Resolving deltas:  79% (357/447)   Resolving deltas:  80% (358/447)   Resolving deltas:  82% (371/447)   Resolving deltas:  83% (373/447)   Resolving deltas:  92% (412/447)   Resolving deltas:  94% (421/447)   Resolving deltas:  95% (425/447)   Resolving deltas:  97% (438/447)   Resolving deltas:  98% (439/447)   Resolving deltas:  99% (445/447)   Resolving deltas: 100% (447/447)   Resolving deltas: 100% (447/447), done.
Checking connectivity... done.
travis_time:end:24babf94:start=1425584437397974968,finish=1425584437621970279,duration=223995311[0K$ cd square/wire
travis_time:start:0cffc9d6[0K$ git fetch origin +refs/pull/192/merge:
remote: Counting objects: 18, done.[K
remote: Compressing objects:   7% (1/13)   [Kremote: Compressing objects:  15% (2/13)   [Kremote: Compressing objects:  23% (3/13)   [Kremote: Compressing objects:  30% (4/13)   [Kremote: Compressing objects:  38% (5/13)   [Kremote: Compressing objects:  46% (6/13)   [Kremote: Compressing objects:  53% (7/13)   [Kremote: Compressing objects:  61% (8/13)   [Kremote: Compressing objects:  69% (9/13)   [Kremote: Compressing objects:  76% (10/13)   [Kremote: Compressing objects:  84% (11/13)   [Kremote: Compressing objects:  92% (12/13)   [Kremote: Compressing objects: 100% (13/13)   [Kremote: Compressing objects: 100% (13/13), done.[K
remote: Total 18 (delta 3), reused 13 (delta 0), pack-reused 0[K
Unpacking objects:   5% (1/18)   Unpacking objects:  11% (2/18)   Unpacking objects:  16% (3/18)   Unpacking objects:  22% (4/18)   Unpacking objects:  27% (5/18)   Unpacking objects:  33% (6/18)   Unpacking objects:  38% (7/18)   Unpacking objects:  44% (8/18)   Unpacking objects:  50% (9/18)   Unpacking objects:  55% (10/18)   Unpacking objects:  61% (11/18)   Unpacking objects:  66% (12/18)   Unpacking objects:  72% (13/18)   Unpacking objects:  77% (14/18)   Unpacking objects:  83% (15/18)   Unpacking objects:  88% (16/18)   Unpacking objects:  94% (17/18)   Unpacking objects: 100% (18/18)   Unpacking objects: 100% (18/18), done.
From git://github.com/square/wire
 * branch            refs/pull/192/merge -> FETCH_HEAD
travis_time:end:0cffc9d6:start=1425584437625880181,finish=1425584437714018509,duration=88138328[0K$ git checkout -qf FETCH_HEAD
travis_fold:end:git.checkout[0K
[33;1mThis job is running on container-based infrastructure, which does not allow use of 'sudo', setuid and setguid executables.[0m
[33;1mSee http://docs.travis-ci.com/user/workers/container-based-infrastructure/ for details.[0m

[33;1mSetting environment variables from .travis.yml[0m
$ export CI_DEPLOY_USERNAME=[secure]
$ export CI_DEPLOY_PASSWORD=[secure]

travis_fold:start:cache.1[0KSetting up build cache
$ export CASHER_DIR=$HOME/.casher
travis_time:start:012adfe8[0K$ Installing caching utilities
travis_time:end:012adfe8:start=1425584439314785650,finish=1425584439407618662,duration=92833012[0Ktravis_time:start:052c6b60[0Kattempting to download cache archive
found cache
travis_time:end:052c6b60:start=1425584439412372689,finish=1425584441816324654,duration=2403951965[0Ktravis_time:start:1e323f6f[0Kadding /home/travis/.m2 to cache
travis_time:end:1e323f6f:start=1425584441820008409,finish=1425584444116459283,duration=2296450874[0Ktravis_fold:end:cache.1[0K$ jdk_switcher use oraclejdk7
Switching to Oracle JDK7 (java-7-oracle), JAVA_HOME will be set to /usr/lib/jvm/java-7-oracle
$ java -version
java version "1.7.0_76"
Java(TM) SE Runtime Environment (build 1.7.0_76-b13)
Java HotSpot(TM) 64-Bit Server VM (build 24.76-b04, mixed mode)
$ javac -version
javac 1.7.0_76
travis_fold:start:install[0Ktravis_time:start:0ef1f10a[0K$ mvn install -DskipTests=true -Dmaven.javadoc.skip=true -B -V
Apache Maven 3.2.5 (12a6b3acb947671f09b81f49094c53f426d8cea1; 2014-12-14T17:29:23+00:00)
Maven home: /usr/local/maven
Java version: 1.7.0_76, vendor: Oracle Corporation
Java home: /usr/lib/jvm/java-7-oracle/jre
Default locale: en_US, platform encoding: UTF-8
OS name: "linux", version: "3.13.0-40-generic", arch: "amd64", family: "unix"
[INFO] Scanning for projects...
[INFO] ------------------------------------------------------------------------
[INFO] Reactor Build Order:
[INFO] 
[INFO] Wire Protocol Buffers
[INFO] Wire Protocol Buffer Runtime
[INFO] Wire Protocol Buffer Compiler
[INFO] Wire Protocol Buffer Gson Support
[INFO] Wire Protocol Buffer Maven Plugin
[INFO]                                                                         
[INFO] ------------------------------------------------------------------------
[INFO] Building Wire Protocol Buffers 1.6.2-SNAPSHOT
[INFO] ------------------------------------------------------------------------
[INFO] 
[INFO] --- maven-enforcer-plugin:1.0:enforce (enforce-maven) @ wire ---
[INFO] 
[INFO] --- maven-checkstyle-plugin:2.10:checkstyle (default) @ wire ---
[INFO] 
[INFO] --- maven-install-plugin:2.4:install (default-install) @ wire ---
[INFO] Installing /home/travis/build/square/wire/pom.xml to /home/travis/.m2/repository/com/squareup/wire/wire/1.6.2-SNAPSHOT/wire-1.6.2-SNAPSHOT.pom
[INFO]                                                                         
[INFO] ------------------------------------------------------------------------
[INFO] Building Wire Protocol Buffer Runtime 1.6.2-SNAPSHOT
[INFO] ------------------------------------------------------------------------
[INFO] 
[INFO] --- maven-enforcer-plugin:1.0:enforce (enforce-maven) @ wire-runtime ---
[INFO] 
[INFO] --- maven-resources-plugin:2.6:resources (default-resources) @ wire-runtime ---
[INFO] Using 'UTF-8' encoding to copy filtered resources.
[INFO] skip non existing resourceDirectory /home/travis/build/square/wire/wire-runtime/src/main/resources
[INFO] 
[INFO] --- maven-compiler-plugin:3.1:compile (default-compile) @ wire-runtime ---
[INFO] Changes detected - recompiling the module!
[INFO] Compiling 20 source files to /home/travis/build/square/wire/wire-runtime/target/classes
[WARNING] /home/travis/build/square/wire/wire-runtime/src/main/java/com/squareup/wire/Wire.java: Some input files use unchecked or unsafe operations.
[WARNING] /home/travis/build/square/wire/wire-runtime/src/main/java/com/squareup/wire/Wire.java: Recompile with -Xlint:unchecked for details.
[INFO] 
[INFO] --- maven-resources-plugin:2.6:testResources (default-testResources) @ wire-runtime ---
[INFO] Using 'UTF-8' encoding to copy filtered resources.
[INFO] skip non existing resourceDirectory /home/travis/build/square/wire/wire-runtime/src/test/resources
[INFO] 
[INFO] --- maven-compiler-plugin:3.1:testCompile (default-testCompile) @ wire-runtime ---
[INFO] Changes detected - recompiling the module!
[INFO] Compiling 82 source files to /home/travis/build/square/wire/wire-runtime/target/test-classes
[WARNING] /home/travis/build/square/wire/wire-runtime/src/test/java/com/squareup/wire/WireTest.java: /home/travis/build/square/wire/wire-runtime/src/test/java/com/squareup/wire/WireTest.java uses or overrides a deprecated API.
[WARNING] /home/travis/build/square/wire/wire-runtime/src/test/java/com/squareup/wire/WireTest.java: Recompile with -Xlint:deprecation for details.
[INFO] 
[INFO] --- maven-surefire-plugin:2.12.4:test (default-test) @ wire-runtime ---
[INFO] Tests are skipped.
[INFO] 
[INFO] --- maven-jar-plugin:2.4:jar (default-jar) @ wire-runtime ---
[INFO] Building jar: /home/travis/build/square/wire/wire-runtime/target/wire-runtime-1.6.2-SNAPSHOT.jar
[INFO] 
[INFO] --- maven-checkstyle-plugin:2.10:checkstyle (default) @ wire-runtime ---
[INFO] Starting audit...
Audit done.

[WARNING] Unable to locate Source XRef to link to - DISABLED
[INFO] 
[INFO] --- maven-install-plugin:2.4:install (default-install) @ wire-runtime ---
[INFO] Installing /home/travis/build/square/wire/wire-runtime/target/wire-runtime-1.6.2-SNAPSHOT.jar to /home/travis/.m2/repository/com/squareup/wire/wire-runtime/1.6.2-SNAPSHOT/wire-runtime-1.6.2-SNAPSHOT.jar
[INFO] Installing /home/travis/build/square/wire/wire-runtime/pom.xml to /home/travis/.m2/repository/com/squareup/wire/wire-runtime/1.6.2-SNAPSHOT/wire-runtime-1.6.2-SNAPSHOT.pom
[INFO]                                                                         
[INFO] ------------------------------------------------------------------------
[INFO] Building Wire Protocol Buffer Compiler 1.6.2-SNAPSHOT
[INFO] ------------------------------------------------------------------------
[INFO] 
[INFO] --- maven-enforcer-plugin:1.0:enforce (enforce-maven) @ wire-compiler ---
[INFO] 
[INFO] --- maven-resources-plugin:2.6:resources (default-resources) @ wire-compiler ---
[INFO] Using 'UTF-8' encoding to copy filtered resources.
[INFO] skip non existing resourceDirectory /home/travis/build/square/wire/wire-compiler/src/main/resources
[INFO] 
[INFO] --- maven-compiler-plugin:3.1:compile (default-compile) @ wire-compiler ---
[INFO] Changes detected - recompiling the module!
[INFO] Compiling 18 source files to /home/travis/build/square/wire/wire-compiler/target/classes
[INFO] 
[INFO] --- maven-resources-plugin:2.6:testResources (default-testResources) @ wire-compiler ---
[INFO] Using 'UTF-8' encoding to copy filtered resources.
[INFO] skip non existing resourceDirectory /home/travis/build/square/wire/wire-compiler/src/test/resources
[INFO] 
[INFO] --- maven-compiler-plugin:3.1:testCompile (default-testCompile) @ wire-compiler ---
[INFO] Changes detected - recompiling the module!
[INFO] Compiling 6 source files to /home/travis/build/square/wire/wire-compiler/target/test-classes
[INFO] 
[INFO] --- maven-surefire-plugin:2.12.4:test (default-test) @ wire-compiler ---
[INFO] Tests are skipped.
[INFO] 
[INFO] --- maven-jar-plugin:2.4:jar (default-jar) @ wire-compiler ---
[INFO] Building jar: /home/travis/build/square/wire/wire-compiler/target/wire-compiler-1.6.2-SNAPSHOT.jar
[INFO] 
[INFO] --- maven-assembly-plugin:2.2-beta-5:single (default) @ wire-compiler ---
[INFO] META-INF/ already added, skipping
[INFO] META-INF/MANIFEST.MF already added, skipping
[INFO] META-INF/maven/ already added, skipping
[INFO] META-INF/ already added, skipping
[INFO] META-INF/MANIFEST.MF already added, skipping
[INFO] com/ already added, skipping
[INFO] com/squareup/ already added, skipping
[INFO] META-INF/maven/ already added, skipping
[INFO] META-INF/ already added, skipping
[INFO] META-INF/MANIFEST.MF already added, skipping
[INFO] com/ already added, skipping
[INFO] com/squareup/ already added, skipping
[INFO] META-INF/maven/ already added, skipping
[INFO] META-INF/maven/com.squareup/ already added, skipping
[INFO] Building jar: /home/travis/build/square/wire/wire-compiler/target/wire-compiler-1.6.2-SNAPSHOT-jar-with-dependencies.jar
[INFO] META-INF/ already added, skipping
[INFO] META-INF/MANIFEST.MF already added, skipping
[INFO] META-INF/maven/ already added, skipping
[INFO] META-INF/ already added, skipping
[INFO] META-INF/MANIFEST.MF already added, skipping
[INFO] com/ already added, skipping
[INFO] com/squareup/ already added, skipping
[INFO] META-INF/maven/ already added, skipping
[INFO] META-INF/ already added, skipping
[INFO] META-INF/MANIFEST.MF already added, skipping
[INFO] com/ already added, skipping
[INFO] com/squareup/ already added, skipping
[INFO] META-INF/maven/ already added, skipping
[INFO] META-INF/maven/com.squareup/ already added, skipping
[INFO] 
[INFO] --- maven-checkstyle-plugin:2.10:checkstyle (default) @ wire-compiler ---
[INFO] Starting audit...
Audit done.

[WARNING] Unable to locate Source XRef to link to - DISABLED
[INFO] 
[INFO] --- maven-install-plugin:2.4:install (default-install) @ wire-compiler ---
[INFO] Installing /home/travis/build/square/wire/wire-compiler/target/wire-compiler-1.6.2-SNAPSHOT.jar to /home/travis/.m2/repository/com/squareup/wire/wire-compiler/1.6.2-SNAPSHOT/wire-compiler-1.6.2-SNAPSHOT.jar
[INFO] Installing /home/travis/build/square/wire/wire-compiler/pom.xml to /home/travis/.m2/repository/com/squareup/wire/wire-compiler/1.6.2-SNAPSHOT/wire-compiler-1.6.2-SNAPSHOT.pom
[INFO] Installing /home/travis/build/square/wire/wire-compiler/target/wire-compiler-1.6.2-SNAPSHOT-jar-with-dependencies.jar to /home/travis/.m2/repository/com/squareup/wire/wire-compiler/1.6.2-SNAPSHOT/wire-compiler-1.6.2-SNAPSHOT-jar-with-dependencies.jar
[INFO]                                                                         
[INFO] ------------------------------------------------------------------------
[INFO] Building Wire Protocol Buffer Gson Support 1.6.2-SNAPSHOT
[INFO] ------------------------------------------------------------------------
[INFO] 
[INFO] --- maven-enforcer-plugin:1.0:enforce (enforce-maven) @ wire-gson-support ---
[INFO] 
[INFO] --- maven-resources-plugin:2.6:resources (default-resources) @ wire-gson-support ---
[INFO] Using 'UTF-8' encoding to copy filtered resources.
[INFO] skip non existing resourceDirectory /home/travis/build/square/wire/wire-gson-support/src/main/resources
[INFO] 
[INFO] --- maven-compiler-plugin:3.1:compile (default-compile) @ wire-gson-support ---
[INFO] Changes detected - recompiling the module!
[INFO] Compiling 3 source files to /home/travis/build/square/wire/wire-gson-support/target/classes
[INFO] 
[INFO] --- maven-resources-plugin:2.6:testResources (default-testResources) @ wire-gson-support ---
[INFO] Using 'UTF-8' encoding to copy filtered resources.
[INFO] skip non existing resourceDirectory /home/travis/build/square/wire/wire-gson-support/src/test/resources
[INFO] 
[INFO] --- maven-compiler-plugin:3.1:testCompile (default-testCompile) @ wire-gson-support ---
[INFO] Changes detected - recompiling the module!
[INFO] Compiling 3 source files to /home/travis/build/square/wire/wire-gson-support/target/test-classes
[INFO] 
[INFO] --- maven-surefire-plugin:2.12.4:test (default-test) @ wire-gson-support ---
[INFO] Tests are skipped.
[INFO] 
[INFO] --- maven-jar-plugin:2.4:jar (default-jar) @ wire-gson-support ---
[INFO] Building jar: /home/travis/build/square/wire/wire-gson-support/target/wire-gson-support-1.6.2-SNAPSHOT.jar
[INFO] 
[INFO] --- maven-checkstyle-plugin:2.10:checkstyle (default) @ wire-gson-support ---
[INFO] Starting audit...
Audit done.

[WARNING] Unable to locate Source XRef to link to - DISABLED
[INFO] 
[INFO] --- maven-install-plugin:2.4:install (default-install) @ wire-gson-support ---
[INFO] Installing /home/travis/build/square/wire/wire-gson-support/target/wire-gson-support-1.6.2-SNAPSHOT.jar to /home/travis/.m2/repository/com/squareup/wire/wire-gson-support/1.6.2-SNAPSHOT/wire-gson-support-1.6.2-SNAPSHOT.jar
[INFO] Installing /home/travis/build/square/wire/wire-gson-support/pom.xml to /home/travis/.m2/repository/com/squareup/wire/wire-gson-support/1.6.2-SNAPSHOT/wire-gson-support-1.6.2-SNAPSHOT.pom
[INFO]                                                                         
[INFO] ------------------------------------------------------------------------
[INFO] Building Wire Protocol Buffer Maven Plugin 1.6.2-SNAPSHOT
[INFO] ------------------------------------------------------------------------
[INFO] 
[INFO] --- maven-enforcer-plugin:1.0:enforce (enforce-maven) @ wire-maven-plugin ---
[INFO] 
[INFO] --- maven-plugin-plugin:3.2:helpmojo (help-goal) @ wire-maven-plugin ---
[INFO] Using 'UTF-8' encoding to read mojo metadata.
[INFO] Applying mojo extractor for language: java-annotations
[INFO] Mojo extractor for language: java-annotations found 0 mojo descriptors.
[INFO] Applying mojo extractor for language: java
[INFO] Mojo extractor for language: java found 0 mojo descriptors.
[INFO] Applying mojo extractor for language: bsh
[INFO] Mojo extractor for language: bsh found 0 mojo descriptors.
[INFO] 
[INFO] --- maven-resources-plugin:2.6:resources (default-resources) @ wire-maven-plugin ---
[INFO] Using 'UTF-8' encoding to copy filtered resources.
[INFO] skip non existing resourceDirectory /home/travis/build/square/wire/wire-maven-plugin/src/main/resources
[INFO] 
[INFO] --- maven-compiler-plugin:3.1:compile (default-compile) @ wire-maven-plugin ---
[INFO] Changes detected - recompiling the module!
[INFO] Compiling 2 source files to /home/travis/build/square/wire/wire-maven-plugin/target/classes
[INFO] 
[INFO] --- maven-plugin-plugin:3.2:descriptor (default-descriptor) @ wire-maven-plugin ---
[INFO] Using 'UTF-8' encoding to read mojo metadata.
[INFO] Applying mojo extractor for language: java-annotations
[INFO] Mojo extractor for language: java-annotations found 2 mojo descriptors.
[INFO] Applying mojo extractor for language: java
[INFO] Mojo extractor for language: java found 0 mojo descriptors.
[INFO] Applying mojo extractor for language: bsh
[INFO] Mojo extractor for language: bsh found 0 mojo descriptors.
[INFO] 
[INFO] --- maven-plugin-plugin:3.2:descriptor (mojo-descriptor) @ wire-maven-plugin ---
[INFO] Using 'UTF-8' encoding to read mojo metadata.
[INFO] Applying mojo extractor for language: java-annotations
[INFO] Mojo extractor for language: java-annotations found 2 mojo descriptors.
[INFO] Applying mojo extractor for language: java
[INFO] Mojo extractor for language: java found 0 mojo descriptors.
[INFO] Applying mojo extractor for language: bsh
[INFO] Mojo extractor for language: bsh found 0 mojo descriptors.
[INFO] 
[INFO] --- maven-resources-plugin:2.6:testResources (default-testResources) @ wire-maven-plugin ---
[INFO] Using 'UTF-8' encoding to copy filtered resources.
[INFO] Copying 3 resources
[INFO] 
[INFO] --- maven-compiler-plugin:3.1:testCompile (default-testCompile) @ wire-maven-plugin ---
[INFO] No sources to compile
[INFO] 
[INFO] --- maven-surefire-plugin:2.12.4:test (default-test) @ wire-maven-plugin ---
[INFO] Tests are skipped.
[INFO] 
[INFO] --- maven-jar-plugin:2.4:jar (default-jar) @ wire-maven-plugin ---
[INFO] Building jar: /home/travis/build/square/wire/wire-maven-plugin/target/wire-maven-plugin-1.6.2-SNAPSHOT.jar
[INFO] 
[INFO] --- maven-plugin-plugin:3.2:addPluginArtifactMetadata (default-addPluginArtifactMetadata) @ wire-maven-plugin ---
[INFO] 
[INFO] --- maven-checkstyle-plugin:2.10:checkstyle (default) @ wire-maven-plugin ---
[INFO] Starting audit...
Audit done.

[WARNING] Unable to locate Source XRef to link to - DISABLED
[INFO] 
[INFO] --- maven-install-plugin:2.4:install (default-install) @ wire-maven-plugin ---
[INFO] Installing /home/travis/build/square/wire/wire-maven-plugin/target/wire-maven-plugin-1.6.2-SNAPSHOT.jar to /home/travis/.m2/repository/com/squareup/wire/wire-maven-plugin/1.6.2-SNAPSHOT/wire-maven-plugin-1.6.2-SNAPSHOT.jar
[INFO] Installing /home/travis/build/square/wire/wire-maven-plugin/pom.xml to /home/travis/.m2/repository/com/squareup/wire/wire-maven-plugin/1.6.2-SNAPSHOT/wire-maven-plugin-1.6.2-SNAPSHOT.pom
[INFO] ------------------------------------------------------------------------
[INFO] Reactor Summary:
[INFO] 
[INFO] Wire Protocol Buffers .............................. SUCCESS [  1.209 s]
[INFO] Wire Protocol Buffer Runtime ....................... SUCCESS [  6.969 s]
[INFO] Wire Protocol Buffer Compiler ...................... SUCCESS [  2.956 s]
[INFO] Wire Protocol Buffer Gson Support .................. SUCCESS [  0.577 s]
[INFO] Wire Protocol Buffer Maven Plugin .................. SUCCESS [  3.046 s]
[INFO] ------------------------------------------------------------------------
[INFO] BUILD SUCCESS
[INFO] ------------------------------------------------------------------------
[INFO] Total time: 14.956 s
[INFO] Finished at: 2015-03-05T19:41:00+00:00
[INFO] Final Memory: 31M/421M
[INFO] ------------------------------------------------------------------------
travis_time:end:0ef1f10a:start=1425584444431120520,finish=1425584461216382288,duration=16785261768[0Ktravis_fold:end:install[0Ktravis_time:start:1586a2c1[0K$ mvn test -B
[INFO] Scanning for projects...
[INFO] ------------------------------------------------------------------------
[INFO] Reactor Build Order:
[INFO] 
[INFO] Wire Protocol Buffers
[INFO] Wire Protocol Buffer Runtime
[INFO] Wire Protocol Buffer Compiler
[INFO] Wire Protocol Buffer Gson Support
[INFO] Wire Protocol Buffer Maven Plugin
[INFO]                                                                         
[INFO] ------------------------------------------------------------------------
[INFO] Building Wire Protocol Buffers 1.6.2-SNAPSHOT
[INFO] ------------------------------------------------------------------------
[INFO] 
[INFO] --- maven-enforcer-plugin:1.0:enforce (enforce-maven) @ wire ---
[INFO]                                                                         
[INFO] ------------------------------------------------------------------------
[INFO] Building Wire Protocol Buffer Runtime 1.6.2-SNAPSHOT
[INFO] ------------------------------------------------------------------------
[INFO] 
[INFO] --- maven-enforcer-plugin:1.0:enforce (enforce-maven) @ wire-runtime ---
[INFO] 
[INFO] --- maven-resources-plugin:2.6:resources (default-resources) @ wire-runtime ---
[INFO] Using 'UTF-8' encoding to copy filtered resources.
[INFO] skip non existing resourceDirectory /home/travis/build/square/wire/wire-runtime/src/main/resources
[INFO] 
[INFO] --- maven-compiler-plugin:3.1:compile (default-compile) @ wire-runtime ---
[INFO] Changes detected - recompiling the module!
[INFO] Compiling 20 source files to /home/travis/build/square/wire/wire-runtime/target/classes
[WARNING] /home/travis/build/square/wire/wire-runtime/src/main/java/com/squareup/wire/Wire.java: Some input files use unchecked or unsafe operations.
[WARNING] /home/travis/build/square/wire/wire-runtime/src/main/java/com/squareup/wire/Wire.java: Recompile with -Xlint:unchecked for details.
[INFO] 
[INFO] --- maven-resources-plugin:2.6:testResources (default-testResources) @ wire-runtime ---
[INFO] Using 'UTF-8' encoding to copy filtered resources.
[INFO] skip non existing resourceDirectory /home/travis/build/square/wire/wire-runtime/src/test/resources
[INFO] 
[INFO] --- maven-compiler-plugin:3.1:testCompile (default-testCompile) @ wire-runtime ---
[INFO] Nothing to compile - all classes are up to date
[INFO] 
[INFO] --- maven-surefire-plugin:2.12.4:test (default-test) @ wire-runtime ---
[INFO] Surefire report directory: /home/travis/build/square/wire/wire-runtime/target/surefire-reports

-------------------------------------------------------
 T E S T S
-------------------------------------------------------
Running com.squareup.wire.RedactedTest
Tests run: 7, Failures: 0, Errors: 0, Skipped: 0, Time elapsed: 0.073 sec
Running com.squareup.wire.ByteStringTest
Tests run: 5, Failures: 0, Errors: 0, Skipped: 0, Time elapsed: 0 sec
Running com.squareup.wire.TagMapTest
Tests run: 4, Failures: 0, Errors: 0, Skipped: 0, Time elapsed: 0.001 sec
Running com.squareup.wire.protobuf.TestAllTypes
Tests run: 19, Failures: 0, Errors: 0, Skipped: 0, Time elapsed: 0.213 sec
Running com.squareup.wire.SerializableTest
Tests run: 4, Failures: 0, Errors: 1, Skipped: 0, Time elapsed: 0.054 sec <<< FAILURE!
decodeGolden(com.squareup.wire.SerializableTest)  Time elapsed: 0.004 sec  <<< ERROR!
java.io.InvalidClassException: com.squareup.wire.MessageSerializedForm; local class incompatible: stream classdesc serialVersionUID = -5247647363964791047, local class serialVersionUID = 6395943899124210643
	at java.io.ObjectStreamClass.initNonProxy(ObjectStreamClass.java:617)
	at java.io.ObjectInputStream.readNonProxyDesc(ObjectInputStream.java:1622)
	at java.io.ObjectInputStream.readClassDesc(ObjectInputStream.java:1517)
	at java.io.ObjectInputStream.readOrdinaryObject(ObjectInputStream.java:1771)
	at java.io.ObjectInputStream.readObject0(ObjectInputStream.java:1350)
	at java.io.ObjectInputStream.readObject(ObjectInputStream.java:370)
	at com.squareup.wire.SerializableTest.decodeGolden(SerializableTest.java:75)
	at sun.reflect.NativeMethodAccessorImpl.invoke0(Native Method)
	at sun.reflect.NativeMethodAccessorImpl.invoke(NativeMethodAccessorImpl.java:57)
	at sun.reflect.DelegatingMethodAccessorImpl.invoke(DelegatingMethodAccessorImpl.java:43)
	at java.lang.reflect.Method.invoke(Method.java:606)
	at org.junit.runners.model.FrameworkMethod$1.runReflectiveCall(FrameworkMethod.java:45)
	at org.junit.internal.runners.model.ReflectiveCallable.run(ReflectiveCallable.java:15)
	at org.junit.runners.model.FrameworkMethod.invokeExplosively(FrameworkMethod.java:42)
	at org.junit.internal.runners.statements.InvokeMethod.evaluate(InvokeMethod.java:20)
	at org.junit.runners.ParentRunner.runLeaf(ParentRunner.java:263)
	at org.junit.runners.BlockJUnit4ClassRunner.runChild(BlockJUnit4ClassRunner.java:68)
	at org.junit.runners.BlockJUnit4ClassRunner.runChild(BlockJUnit4ClassRunner.java:47)
	at org.junit.runners.ParentRunner$3.run(ParentRunner.java:231)
	at org.junit.runners.ParentRunner$1.schedule(ParentRunner.java:60)
	at org.junit.runners.ParentRunner.runChildren(ParentRunner.java:229)
	at org.junit.runners.ParentRunner.access$000(ParentRunner.java:50)
	at org.junit.runners.ParentRunner$2.evaluate(ParentRunner.java:222)
	at org.junit.runners.ParentRunner.run(ParentRunner.java:300)
	at org.apache.maven.surefire.junit4.JUnit4Provider.execute(JUnit4Provider.java:252)
	at org.apache.maven.surefire.junit4.JUnit4Provider.executeTestSet(JUnit4Provider.java:141)
	at org.apache.maven.surefire.junit4.JUnit4Provider.invoke(JUnit4Provider.java:112)
	at sun.reflect.NativeMethodAccessorImpl.invoke0(Native Method)
	at sun.reflect.NativeMethodAccessorImpl.invoke(NativeMethodAccessorImpl.java:57)
	at sun.reflect.DelegatingMethodAccessorImpl.invoke(DelegatingMethodAccessorImpl.java:43)
	at java.lang.reflect.Method.invoke(Method.java:606)
	at org.apache.maven.surefire.util.ReflectionUtils.invokeMethodWithArray(ReflectionUtils.java:189)
	at org.apache.maven.surefire.booter.ProviderFactory$ProviderProxy.invoke(ProviderFactory.java:165)
	at org.apache.maven.surefire.booter.ProviderFactory.invokeProvider(ProviderFactory.java:85)
	at org.apache.maven.surefire.booter.ForkedBooter.runSuitesInProcess(ForkedBooter.java:115)
	at org.apache.maven.surefire.booter.ForkedBooter.main(ForkedBooter.java:75)

Running com.squareup.wire.UnknownFieldsTest
Tests run: 1, Failures: 0, Errors: 0, Skipped: 0, Time elapsed: 0.006 sec
Running com.squareup.wire.CustomOptionsTest
Tests run: 1, Failures: 0, Errors: 0, Skipped: 0, Time elapsed: 0.024 sec
Running com.squareup.wire.WireTest
Tests run: 8, Failures: 0, Errors: 0, Skipped: 0, Time elapsed: 0.031 sec
Running com.squareup.wire.ParseTest
Tests run: 8, Failures: 0, Errors: 0, Skipped: 0, Time elapsed: 0.01 sec

Results :

Tests in error: 
  decodeGolden(com.squareup.wire.SerializableTest): com.squareup.wire.MessageSerializedForm; local class incompatible: stream classdesc serialVersionUID = -5247647363964791047, local class serialVersionUID = 6395943899124210643

Tests run: 57, Failures: 0, Errors: 1, Skipped: 0

[INFO] ------------------------------------------------------------------------
[INFO] Reactor Summary:
[INFO] 
[INFO] Wire Protocol Buffers .............................. SUCCESS [  0.413 s]
[INFO] Wire Protocol Buffer Runtime ....................... FAILURE [  3.321 s]
[INFO] Wire Protocol Buffer Compiler ...................... SKIPPED
[INFO] Wire Protocol Buffer Gson Support .................. SKIPPED
[INFO] Wire Protocol Buffer Maven Plugin .................. SKIPPED
[INFO] ------------------------------------------------------------------------
[INFO] BUILD FAILURE
[INFO] ------------------------------------------------------------------------
[INFO] Total time: 3.924 s
[INFO] Finished at: 2015-03-05T19:41:06+00:00
[INFO] Final Memory: 15M/465M
[INFO] ------------------------------------------------------------------------
[ERROR] Failed to execute goal org.apache.maven.plugins:maven-surefire-plugin:2.12.4:test (default-test) on project wire-runtime: There are test failures.
[ERROR] 
[ERROR] Please refer to /home/travis/build/square/wire/wire-runtime/target/surefire-reports for the individual test results.
[ERROR] -> [Help 1]
[ERROR] 
[ERROR] To see the full stack trace of the errors, re-run Maven with the -e switch.
[ERROR] Re-run Maven using the -X switch to enable full debug logging.
[ERROR] 
[ERROR] For more information about the errors and possible solutions, please read the following articles:
[ERROR] [Help 1] http://cwiki.apache.org/confluence/display/MAVEN/MojoFailureException
[ERROR] 
[ERROR] After correcting the problems, you can resume the build with the command
[ERROR]   mvn <goals> -rf :wire-runtime
travis_time:end:1586a2c1:start=1425584461220476758,finish=1425584466864370048,duration=5643893290[0K
[31;1mThe command "mvn test -B" exited with 1.[0m
travis_fold:start:cache.2[0Kstore build cache
travis_time:start:0d4f07e1[0Kchange detected: /home/travis/.m2/repository/com/squareup/wire/wire/maven-metadata-local.xml
changes detected, packing new archive
uploading archive
travis_time:end:0d4f07e1:start=1425584466869159409,finish=1425584472535563117,duration=5666403708[0Ktravis_fold:end:cache.2[0K
Done. Your build exited with 1.
