Using worker: worker-linux-docker-c8641521.prod.travis-ci.org:travis-linux-5

travis_fold:start:system_info[0K[33;1mBuild system information[0m
Build language: java
[34m[1mBuild image provisioning date and time[0m
Thu Feb  5 15:09:33 UTC 2015
[34m[1mOperating System Details[0m
Distributor ID:	Ubuntu
Description:	Ubuntu 12.04.5 LTS
Release:	12.04
Codename:	precise
[34m[1mLinux Version[0m
3.13.0-29-generic
[34m[1mCookbooks Version[0m
a68419e https://github.com/travis-ci/travis-cookbooks/tree/a68419e
[34m[1mGCC version[0m
gcc (Ubuntu/Linaro 4.6.3-1ubuntu5) 4.6.3
Copyright (C) 2011 Free Software Foundation, Inc.
This is free software; see the source for copying conditions.  There is NO
warranty; not even for MERCHANTABILITY or FITNESS FOR A PARTICULAR PURPOSE.

[34m[1mLLVM version[0m
clang version 3.4 (tags/RELEASE_34/final)
Target: x86_64-unknown-linux-gnu
Thread model: posix
[34m[1mPre-installed Ruby versions[0m
ruby-1.9.3-p551
[34m[1mPre-installed Node.js versions[0m
v0.10.36
[34m[1mPre-installed Go versions[0m
1.4.1
[34m[1mRedis version[0m
redis-server 2.8.19
[34m[1mriak version[0m
2.0.2
[34m[1mMongoDB version[0m
MongoDB 2.4.12
[34m[1mCouchDB version[0m
couchdb 1.6.1
[34m[1mNeo4j version[0m
1.9.4
[34m[1mRabbitMQ Version[0m
3.4.3
[34m[1mElasticSearch version[0m
1.4.0
[34m[1mInstalled Sphinx versions[0m
2.0.10
2.1.9
2.2.6
[34m[1mDefault Sphinx version[0m
2.2.6
[34m[1mInstalled Firefox version[0m
firefox 31.0esr
[34m[1mPhantomJS version[0m
1.9.8
[34m[1mant -version[0m
Apache Ant(TM) version 1.8.2 compiled on December 3 2011
[34m[1mmvn -version[0m
Apache Maven 3.2.5 (12a6b3acb947671f09b81f49094c53f426d8cea1; 2014-12-14T17:29:23+00:00)
Maven home: /usr/local/maven
Java version: 1.7.0_76, vendor: Oracle Corporation
Java home: /usr/lib/jvm/java-7-oracle/jre
Default locale: en_US, platform encoding: ANSI_X3.4-1968
OS name: "linux", version: "3.13.0-29-generic", arch: "amd64", family: "unix"
travis_fold:end:system_info[0K
travis_fold:start:git.checkout[0Ktravis_time:start:2f7ad957[0K$ git clone --depth=50 --branch=jw/void-converter git://github.com/square/retrofit.git square/retrofit
Cloning into 'square/retrofit'...
remote: Counting objects: 1478, done.[K
remote: Compressing objects:   0% (1/650)   [Kremote: Compressing objects:   1% (7/650)   [Kremote: Compressing objects:   2% (13/650)   [Kremote: Compressing objects:   3% (20/650)   [Kremote: Compressing objects:   4% (26/650)   [Kremote: Compressing objects:   5% (33/650)   [Kremote: Compressing objects:   6% (39/650)   [Kremote: Compressing objects:   7% (46/650)   [Kremote: Compressing objects:   8% (52/650)   [Kremote: Compressing objects:   9% (59/650)   [Kremote: Compressing objects:  10% (65/650)   [Kremote: Compressing objects:  11% (72/650)   [Kremote: Compressing objects:  12% (78/650)   [Kremote: Compressing objects:  13% (85/650)   [Kremote: Compressing objects:  14% (91/650)   [Kremote: Compressing objects:  15% (98/650)   [Kremote: Compressing objects:  16% (104/650)   [Kremote: Compressing objects:  17% (111/650)   [Kremote: Compressing objects:  18% (117/650)   [Kremote: Compressing objects:  19% (124/650)   [Kremote: Compressing objects:  20% (130/650)   [Kremote: Compressing objects:  21% (137/650)   [Kremote: Compressing objects:  22% (143/650)   [Kremote: Compressing objects:  23% (150/650)   [Kremote: Compressing objects:  24% (156/650)   [Kremote: Compressing objects:  25% (163/650)   [Kremote: Compressing objects:  26% (169/650)   [Kremote: Compressing objects:  27% (176/650)   [Kremote: Compressing objects:  28% (182/650)   [Kremote: Compressing objects:  29% (189/650)   [Kremote: Compressing objects:  30% (195/650)   [Kremote: Compressing objects:  31% (202/650)   [Kremote: Compressing objects:  32% (208/650)   [Kremote: Compressing objects:  33% (215/650)   [Kremote: Compressing objects:  34% (221/650)   [Kremote: Compressing objects:  35% (228/650)   [Kremote: Compressing objects:  36% (234/650)   [Kremote: Compressing objects:  37% (241/650)   [Kremote: Compressing objects:  38% (247/650)   [Kremote: Compressing objects:  39% (254/650)   [Kremote: Compressing objects:  40% (260/650)   [Kremote: Compressing objects:  41% (267/650)   [Kremote: Compressing objects:  42% (273/650)   [Kremote: Compressing objects:  43% (280/650)   [Kremote: Compressing objects:  44% (286/650)   [Kremote: Compressing objects:  45% (293/650)   [Kremote: Compressing objects:  46% (299/650)   [Kremote: Compressing objects:  47% (306/650)   [Kremote: Compressing objects:  48% (312/650)   [Kremote: Compressing objects:  49% (319/650)   [Kremote: Compressing objects:  50% (325/650)   [Kremote: Compressing objects:  51% (332/650)   [Kremote: Compressing objects:  52% (338/650)   [Kremote: Compressing objects:  53% (345/650)   [Kremote: Compressing objects:  54% (351/650)   [Kremote: Compressing objects:  55% (358/650)   [Kremote: Compressing objects:  56% (364/650)   [Kremote: Compressing objects:  57% (371/650)   [Kremote: Compressing objects:  58% (377/650)   [Kremote: Compressing objects:  59% (384/650)   [Kremote: Compressing objects:  60% (390/650)   [Kremote: Compressing objects:  61% (397/650)   [Kremote: Compressing objects:  62% (403/650)   [Kremote: Compressing objects:  63% (410/650)   [Kremote: Compressing objects:  64% (416/650)   [Kremote: Compressing objects:  65% (423/650)   [Kremote: Compressing objects:  66% (429/650)   [Kremote: Compressing objects:  67% (436/650)   [Kremote: Compressing objects:  68% (442/650)   [Kremote: Compressing objects:  69% (449/650)   [Kremote: Compressing objects:  70% (455/650)   [Kremote: Compressing objects:  71% (462/650)   [Kremote: Compressing objects:  72% (468/650)   [Kremote: Compressing objects:  73% (475/650)   [Kremote: Compressing objects:  74% (481/650)   [Kremote: Compressing objects:  75% (488/650)   [Kremote: Compressing objects:  76% (494/650)   [Kremote: Compressing objects:  77% (501/650)   [Kremote: Compressing objects:  78% (507/650)   [Kremote: Compressing objects:  79% (514/650)   [Kremote: Compressing objects:  80% (520/650)   [Kremote: Compressing objects:  81% (527/650)   [Kremote: Compressing objects:  82% (533/650)   [Kremote: Compressing objects:  83% (540/650)   [Kremote: Compressing objects:  84% (546/650)   [Kremote: Compressing objects:  85% (553/650)   [Kremote: Compressing objects:  86% (559/650)   [Kremote: Compressing objects:  87% (566/650)   [Kremote: Compressing objects:  88% (572/650)   [Kremote: Compressing objects:  89% (579/650)   [Kremote: Compressing objects:  90% (585/650)   [Kremote: Compressing objects:  91% (592/650)   [Kremote: Compressing objects:  92% (598/650)   [Kremote: Compressing objects:  93% (605/650)   [Kremote: Compressing objects:  94% (611/650)   [Kremote: Compressing objects:  95% (618/650)   [Kremote: Compressing objects:  96% (624/650)   [Kremote: Compressing objects:  97% (631/650)   [Kremote: Compressing objects:  98% (637/650)   [Kremote: Compressing objects:  99% (644/650)   [Kremote: Compressing objects: 100% (650/650)   [Kremote: Compressing objects: 100% (650/650), done.[K
Receiving objects:   0% (1/1478)   Receiving objects:   1% (15/1478)   Receiving objects:   2% (30/1478)   Receiving objects:   3% (45/1478)   Receiving objects:   4% (60/1478)   Receiving objects:   5% (74/1478)   Receiving objects:   6% (89/1478)   Receiving objects:   7% (104/1478)   Receiving objects:   8% (119/1478)   Receiving objects:   9% (134/1478)   Receiving objects:  10% (148/1478)   Receiving objects:  11% (163/1478)   Receiving objects:  12% (178/1478)   Receiving objects:  13% (193/1478)   Receiving objects:  14% (207/1478)   Receiving objects:  15% (222/1478)   Receiving objects:  16% (237/1478)   Receiving objects:  17% (252/1478)   Receiving objects:  18% (267/1478)   Receiving objects:  19% (281/1478)   Receiving objects:  20% (296/1478)   Receiving objects:  21% (311/1478)   Receiving objects:  22% (326/1478)   Receiving objects:  23% (340/1478)   Receiving objects:  24% (355/1478)   Receiving objects:  25% (370/1478)   Receiving objects:  26% (385/1478)   Receiving objects:  27% (400/1478)   Receiving objects:  28% (414/1478)   Receiving objects:  29% (429/1478)   Receiving objects:  30% (444/1478)   Receiving objects:  31% (459/1478)   Receiving objects:  32% (473/1478)   Receiving objects:  33% (488/1478)   Receiving objects:  34% (503/1478)   Receiving objects:  35% (518/1478)   Receiving objects:  36% (533/1478)   Receiving objects:  37% (547/1478)   Receiving objects:  38% (562/1478)   Receiving objects:  39% (577/1478)   Receiving objects:  40% (592/1478)   Receiving objects:  41% (606/1478)   Receiving objects:  42% (621/1478)   Receiving objects:  43% (636/1478)   Receiving objects:  44% (651/1478)   Receiving objects:  45% (666/1478)   Receiving objects:  46% (680/1478)   Receiving objects:  47% (695/1478)   Receiving objects:  48% (710/1478)   Receiving objects:  49% (725/1478)   Receiving objects:  50% (739/1478)   Receiving objects:  51% (754/1478)   Receiving objects:  52% (769/1478)   Receiving objects:  53% (784/1478)   Receiving objects:  54% (799/1478)   Receiving objects:  55% (813/1478)   Receiving objects:  56% (828/1478)   Receiving objects:  57% (843/1478)   Receiving objects:  58% (858/1478)   Receiving objects:  59% (873/1478)   Receiving objects:  60% (887/1478)   Receiving objects:  61% (902/1478)   Receiving objects:  62% (917/1478)   Receiving objects:  63% (932/1478)   Receiving objects:  64% (946/1478)   Receiving objects:  65% (961/1478)   Receiving objects:  66% (976/1478)   Receiving objects:  67% (991/1478)   Receiving objects:  68% (1006/1478)   Receiving objects:  69% (1020/1478)   remote: Total 1478 (delta 546), reused 1332 (delta 440), pack-reused 0[K
Receiving objects:  70% (1035/1478)   Receiving objects:  71% (1050/1478)   Receiving objects:  72% (1065/1478)   Receiving objects:  73% (1079/1478)   Receiving objects:  74% (1094/1478)   Receiving objects:  75% (1109/1478)   Receiving objects:  76% (1124/1478)   Receiving objects:  77% (1139/1478)   Receiving objects:  78% (1153/1478)   Receiving objects:  79% (1168/1478)   Receiving objects:  80% (1183/1478)   Receiving objects:  81% (1198/1478)   Receiving objects:  82% (1212/1478)   Receiving objects:  83% (1227/1478)   Receiving objects:  84% (1242/1478)   Receiving objects:  85% (1257/1478)   Receiving objects:  86% (1272/1478)   Receiving objects:  87% (1286/1478)   Receiving objects:  88% (1301/1478)   Receiving objects:  89% (1316/1478)   Receiving objects:  90% (1331/1478)   Receiving objects:  91% (1345/1478)   Receiving objects:  92% (1360/1478)   Receiving objects:  93% (1375/1478)   Receiving objects:  94% (1390/1478)   Receiving objects:  95% (1405/1478)   Receiving objects:  96% (1419/1478)   Receiving objects:  97% (1434/1478)   Receiving objects:  98% (1449/1478)   Receiving objects:  99% (1464/1478)   Receiving objects: 100% (1478/1478)   Receiving objects: 100% (1478/1478), 341.74 KiB | 0 bytes/s, done.
Resolving deltas:   0% (0/546)   Resolving deltas:   1% (7/546)   Resolving deltas:   2% (11/546)   Resolving deltas:   3% (18/546)   Resolving deltas:   5% (28/546)   Resolving deltas:   6% (34/546)   Resolving deltas:   7% (39/546)   Resolving deltas:  10% (59/546)   Resolving deltas:  11% (64/546)   Resolving deltas:  12% (66/546)   Resolving deltas:  13% (73/546)   Resolving deltas:  17% (96/546)   Resolving deltas:  18% (99/546)   Resolving deltas:  19% (106/546)   Resolving deltas:  26% (145/546)   Resolving deltas:  30% (169/546)   Resolving deltas:  31% (172/546)   Resolving deltas:  32% (175/546)   Resolving deltas:  33% (183/546)   Resolving deltas:  34% (186/546)   Resolving deltas:  35% (194/546)   Resolving deltas:  36% (197/546)   Resolving deltas:  37% (203/546)   Resolving deltas:  38% (212/546)   Resolving deltas:  39% (217/546)   Resolving deltas:  40% (220/546)   Resolving deltas:  41% (225/546)   Resolving deltas:  42% (230/546)   Resolving deltas:  43% (239/546)   Resolving deltas:  46% (256/546)   Resolving deltas:  48% (263/546)   Resolving deltas:  51% (282/546)   Resolving deltas:  52% (285/546)   Resolving deltas:  54% (298/546)   Resolving deltas:  55% (303/546)   Resolving deltas:  57% (314/546)   Resolving deltas:  60% (328/546)   Resolving deltas:  61% (338/546)   Resolving deltas:  62% (342/546)   Resolving deltas:  63% (344/546)   Resolving deltas:  67% (369/546)   Resolving deltas:  68% (376/546)   Resolving deltas:  69% (381/546)   Resolving deltas:  70% (384/546)   Resolving deltas:  74% (408/546)   Resolving deltas:  76% (415/546)   Resolving deltas:  77% (421/546)   Resolving deltas:  82% (448/546)   Resolving deltas:  83% (454/546)   Resolving deltas:  84% (464/546)   Resolving deltas:  86% (471/546)   Resolving deltas:  87% (476/546)   Resolving deltas:  88% (482/546)   Resolving deltas:  89% (487/546)   Resolving deltas:  92% (507/546)   Resolving deltas:  93% (509/546)   Resolving deltas:  94% (514/546)   Resolving deltas:  95% (519/546)   Resolving deltas:  96% (525/546)   Resolving deltas:  97% (530/546)   Resolving deltas:  98% (536/546)   Resolving deltas:  99% (541/546)   Resolving deltas: 100% (546/546)   Resolving deltas: 100% (546/546), done.
Checking connectivity... done.
travis_time:end:2f7ad957:start=1441238109775869844,finish=1441238109962979008,duration=187109164[0K$ cd square/retrofit
$ git checkout -qf 75c2d2570939061b88927d7800b0d46ec364dd9d
travis_fold:end:git.checkout[0K
[33;1mThis job is running on container-based infrastructure, which does not allow use of 'sudo', setuid and setguid executables.[0m
[33;1mIf you require sudo, add 'sudo: required' to your .travis.yml[0m
[33;1mSee http://docs.travis-ci.com/user/workers/container-based-infrastructure/ for details.[0m

[33;1mSetting environment variables from .travis.yml[0m
$ export CI_DEPLOY_USERNAME=[secure]
$ export CI_DEPLOY_PASSWORD=[secure]

travis_fold:start:cache.1[0KSetting up build cache
$ export CASHER_DIR=$HOME/.casher
travis_time:start:17471260[0K$ Installing caching utilities
travis_time:end:17471260:start=1441238111366680126,finish=1441238111394751408,duration=28071282[0Ktravis_time:start:0b26b1ef[0Kattempting to download cache archive
fetching jwvoid-converter/cache--jdk-oraclejdk8.tgz
fetching jwvoid-converter/cache--jdk-oraclejdk8.tbz
fetching master/cache--jdk-oraclejdk8.tgz
found cache
travis_time:end:0b26b1ef:start=1441238111399277386,finish=1441238112581854588,duration=1182577202[0Ktravis_time:start:05f3888c[0Kadding /home/travis/.m2 to cache
travis_time:end:05f3888c:start=1441238112585509787,finish=1441238113992259167,duration=1406749380[0Ktravis_fold:end:cache.1[0K$ jdk_switcher use oraclejdk8
Switching to Oracle JDK8 (java-8-oracle), JAVA_HOME will be set to /usr/lib/jvm/java-8-oracle
$ java -Xmx32m -version
java version "1.8.0_31"
Java(TM) SE Runtime Environment (build 1.8.0_31-b13)
Java HotSpot(TM) 64-Bit Server VM (build 25.31-b07, mixed mode)
$ javac -J-Xmx32m -version
javac 1.8.0_31
travis_fold:start:install[0Ktravis_time:start:05e8fceb[0K$ mvn install -DskipTests=true -Dmaven.javadoc.skip=true -B -V
Java HotSpot(TM) 64-Bit Server VM warning: ignoring option MaxPermSize=192m; support was removed in 8.0
Apache Maven 3.2.5 (12a6b3acb947671f09b81f49094c53f426d8cea1; 2014-12-14T17:29:23+00:00)
Maven home: /usr/local/maven
Java version: 1.8.0_31, vendor: Oracle Corporation
Java home: /usr/lib/jvm/java-8-oracle/jre
Default locale: en_US, platform encoding: UTF-8
OS name: "linux", version: "3.13.0-40-generic", arch: "amd64", family: "unix"
[INFO] Scanning for projects...
[WARNING] 
[WARNING] Some problems were encountered while building the effective model for com.squareup.retrofit:samples:jar:2.0.0-SNAPSHOT
[WARNING] 'build.plugins.plugin.version' for org.apache.maven.plugins:maven-deploy-plugin is missing. @ com.squareup.retrofit:samples:[unknown-version], /home/travis/build/square/retrofit/samples/pom.xml, line 41, column 15
[WARNING] 
[WARNING] It is highly recommended to fix these problems because they threaten the stability of your build.
[WARNING] 
[WARNING] For this reason, future Maven versions might no longer support building such malformed projects.
[WARNING] 
[INFO] ------------------------------------------------------------------------
[INFO] Reactor Build Order:
[INFO] 
[INFO] Retrofit (Parent)
[INFO] Retrofit
[INFO] Adapters
[INFO] Adapter: RxJava
[INFO] Retrofit Mock Adapter
[INFO] Adapter: RxJava Mock
[INFO] Converters
[INFO] Converter: Gson
[INFO] Converter: Protocol Buffers
[INFO] Converter: Jackson
[INFO] Converter: Wire Protocol Buffers
[INFO] Converter: SimpleXML
[INFO] Converter: Moshi
[INFO] Samples
[INFO]                                                                         
[INFO] ------------------------------------------------------------------------
[INFO] Building Retrofit (Parent) 2.0.0-SNAPSHOT
[INFO] ------------------------------------------------------------------------
[INFO] 
[INFO] --- maven-enforcer-plugin:1.0:enforce (enforce-maven) @ parent ---
[INFO] 
[INFO] --- animal-sniffer-maven-plugin:1.14:check (default) @ parent ---
[INFO] Checking unresolved references to org.codehaus.mojo.signature:java16:1.1
[INFO] 
[INFO] --- maven-checkstyle-plugin:2.15:checkstyle (default) @ parent ---
[INFO] 
[INFO] --- maven-install-plugin:2.4:install (default-install) @ parent ---
[INFO] Installing /home/travis/build/square/retrofit/pom.xml to /home/travis/.m2/repository/com/squareup/retrofit/parent/2.0.0-SNAPSHOT/parent-2.0.0-SNAPSHOT.pom
[INFO]                                                                         
[INFO] ------------------------------------------------------------------------
[INFO] Building Retrofit 2.0.0-SNAPSHOT
[INFO] ------------------------------------------------------------------------
[INFO] 
[INFO] --- maven-enforcer-plugin:1.0:enforce (enforce-maven) @ retrofit ---
[INFO] 
[INFO] --- maven-resources-plugin:2.6:resources (default-resources) @ retrofit ---
[INFO] Using 'UTF-8' encoding to copy filtered resources.
[INFO] skip non existing resourceDirectory /home/travis/build/square/retrofit/retrofit/src/main/resources
[INFO] 
[INFO] --- maven-compiler-plugin:3.0:compile (default-compile) @ retrofit ---
[INFO] Changes detected - recompiling the module!
[INFO] Compiling 46 source files to /home/travis/build/square/retrofit/retrofit/target/classes
[WARNING] /home/travis/build/square/retrofit/retrofit/src/main/java/retrofit/RequestBuilderAction.java: /home/travis/build/square/retrofit/retrofit/src/main/java/retrofit/RequestBuilderAction.java uses unchecked or unsafe operations.
[WARNING] /home/travis/build/square/retrofit/retrofit/src/main/java/retrofit/RequestBuilderAction.java: Recompile with -Xlint:unchecked for details.
[INFO] 
[INFO] --- maven-resources-plugin:2.6:testResources (default-testResources) @ retrofit ---
[INFO] Using 'UTF-8' encoding to copy filtered resources.
[INFO] skip non existing resourceDirectory /home/travis/build/square/retrofit/retrofit/src/test/resources
[INFO] 
[INFO] --- maven-compiler-plugin:3.0:testCompile (default-testCompile) @ retrofit ---
[INFO] Changes detected - recompiling the module!
[INFO] Compiling 7 source files to /home/travis/build/square/retrofit/retrofit/target/test-classes
[INFO] 
[INFO] --- maven-surefire-plugin:2.12.4:test (default-test) @ retrofit ---
[INFO] Tests are skipped.
[INFO] 
[INFO] --- animal-sniffer-maven-plugin:1.14:check (default) @ retrofit ---
[INFO] Checking unresolved references to org.codehaus.mojo.signature:java16:1.1
[INFO] 
[INFO] --- maven-jar-plugin:2.4:jar (default-jar) @ retrofit ---
[INFO] Building jar: /home/travis/build/square/retrofit/retrofit/target/retrofit-2.0.0-SNAPSHOT.jar
[INFO] 
[INFO] --- maven-checkstyle-plugin:2.15:checkstyle (default) @ retrofit ---
[INFO] Starting audit...
Audit done.
[WARNING] Unable to locate Source XRef to link to - DISABLED
[INFO] 
[INFO] --- maven-install-plugin:2.4:install (default-install) @ retrofit ---
[INFO] Installing /home/travis/build/square/retrofit/retrofit/target/retrofit-2.0.0-SNAPSHOT.jar to /home/travis/.m2/repository/com/squareup/retrofit/retrofit/2.0.0-SNAPSHOT/retrofit-2.0.0-SNAPSHOT.jar
[INFO] Installing /home/travis/build/square/retrofit/retrofit/pom.xml to /home/travis/.m2/repository/com/squareup/retrofit/retrofit/2.0.0-SNAPSHOT/retrofit-2.0.0-SNAPSHOT.pom
[INFO]                                                                         
[INFO] ------------------------------------------------------------------------
[INFO] Building Adapters 2.0.0-SNAPSHOT
[INFO] ------------------------------------------------------------------------
[INFO] 
[INFO] --- maven-enforcer-plugin:1.0:enforce (enforce-maven) @ retrofit-adapters ---
[INFO] 
[INFO] --- animal-sniffer-maven-plugin:1.14:check (default) @ retrofit-adapters ---
[INFO] Checking unresolved references to org.codehaus.mojo.signature:java16:1.1
[INFO] 
[INFO] --- maven-checkstyle-plugin:2.15:checkstyle (default) @ retrofit-adapters ---
[INFO] 
[INFO] --- maven-install-plugin:2.4:install (default-install) @ retrofit-adapters ---
[INFO] Installing /home/travis/build/square/retrofit/retrofit-adapters/pom.xml to /home/travis/.m2/repository/com/squareup/retrofit/retrofit-adapters/2.0.0-SNAPSHOT/retrofit-adapters-2.0.0-SNAPSHOT.pom
[INFO]                                                                         
[INFO] ------------------------------------------------------------------------
[INFO] Building Adapter: RxJava 2.0.0-SNAPSHOT
[INFO] ------------------------------------------------------------------------
[INFO] 
[INFO] --- maven-enforcer-plugin:1.0:enforce (enforce-maven) @ adapter-rxjava ---
[INFO] 
[INFO] --- maven-resources-plugin:2.6:resources (default-resources) @ adapter-rxjava ---
[INFO] Using 'UTF-8' encoding to copy filtered resources.
[INFO] skip non existing resourceDirectory /home/travis/build/square/retrofit/retrofit-adapters/rxjava/src/main/resources
[INFO] 
[INFO] --- maven-compiler-plugin:3.0:compile (default-compile) @ adapter-rxjava ---
[INFO] Changes detected - recompiling the module!
[INFO] Compiling 4 source files to /home/travis/build/square/retrofit/retrofit-adapters/rxjava/target/classes
[INFO] 
[INFO] --- maven-resources-plugin:2.6:testResources (default-testResources) @ adapter-rxjava ---
[INFO] Using 'UTF-8' encoding to copy filtered resources.
[INFO] skip non existing resourceDirectory /home/travis/build/square/retrofit/retrofit-adapters/rxjava/src/test/resources
[INFO] 
[INFO] --- maven-compiler-plugin:3.0:testCompile (default-testCompile) @ adapter-rxjava ---
[INFO] Changes detected - recompiling the module!
[INFO] Compiling 2 source files to /home/travis/build/square/retrofit/retrofit-adapters/rxjava/target/test-classes
[INFO] 
[INFO] --- maven-surefire-plugin:2.12.4:test (default-test) @ adapter-rxjava ---
[INFO] Tests are skipped.
[INFO] 
[INFO] --- animal-sniffer-maven-plugin:1.14:check (default) @ adapter-rxjava ---
[INFO] Checking unresolved references to org.codehaus.mojo.signature:java16:1.1
[INFO] 
[INFO] --- maven-jar-plugin:2.4:jar (default-jar) @ adapter-rxjava ---
[INFO] Building jar: /home/travis/build/square/retrofit/retrofit-adapters/rxjava/target/adapter-rxjava-2.0.0-SNAPSHOT.jar
[INFO] 
[INFO] --- maven-checkstyle-plugin:2.15:checkstyle (default) @ adapter-rxjava ---
[INFO] Starting audit...
Audit done.
[WARNING] Unable to locate Source XRef to link to - DISABLED
[INFO] 
[INFO] --- maven-install-plugin:2.4:install (default-install) @ adapter-rxjava ---
[INFO] Installing /home/travis/build/square/retrofit/retrofit-adapters/rxjava/target/adapter-rxjava-2.0.0-SNAPSHOT.jar to /home/travis/.m2/repository/com/squareup/retrofit/adapter-rxjava/2.0.0-SNAPSHOT/adapter-rxjava-2.0.0-SNAPSHOT.jar
[INFO] Installing /home/travis/build/square/retrofit/retrofit-adapters/rxjava/pom.xml to /home/travis/.m2/repository/com/squareup/retrofit/adapter-rxjava/2.0.0-SNAPSHOT/adapter-rxjava-2.0.0-SNAPSHOT.pom
[INFO]                                                                         
[INFO] ------------------------------------------------------------------------
[INFO] Building Retrofit Mock Adapter 2.0.0-SNAPSHOT
[INFO] ------------------------------------------------------------------------
[INFO] 
[INFO] --- maven-enforcer-plugin:1.0:enforce (enforce-maven) @ retrofit-mock ---
[INFO] 
[INFO] --- maven-resources-plugin:2.6:resources (default-resources) @ retrofit-mock ---
[INFO] Using 'UTF-8' encoding to copy filtered resources.
[INFO] skip non existing resourceDirectory /home/travis/build/square/retrofit/retrofit-mock/src/main/resources
[INFO] 
[INFO] --- maven-compiler-plugin:3.0:compile (default-compile) @ retrofit-mock ---
[INFO] Changes detected - recompiling the module!
[INFO] Compiling 5 source files to /home/travis/build/square/retrofit/retrofit-mock/target/classes
[INFO] 
[INFO] --- maven-resources-plugin:2.6:testResources (default-testResources) @ retrofit-mock ---
[INFO] Using 'UTF-8' encoding to copy filtered resources.
[INFO] skip non existing resourceDirectory /home/travis/build/square/retrofit/retrofit-mock/src/test/resources
[INFO] 
[INFO] --- maven-compiler-plugin:3.0:testCompile (default-testCompile) @ retrofit-mock ---
[INFO] Changes detected - recompiling the module!
[INFO] Compiling 2 source files to /home/travis/build/square/retrofit/retrofit-mock/target/test-classes
[INFO] 
[INFO] --- maven-surefire-plugin:2.12.4:test (default-test) @ retrofit-mock ---
[INFO] Tests are skipped.
[INFO] 
[INFO] --- animal-sniffer-maven-plugin:1.14:check (default) @ retrofit-mock ---
[INFO] Checking unresolved references to org.codehaus.mojo.signature:java16:1.1
[INFO] 
[INFO] --- maven-jar-plugin:2.4:jar (default-jar) @ retrofit-mock ---
[INFO] Building jar: /home/travis/build/square/retrofit/retrofit-mock/target/retrofit-mock-2.0.0-SNAPSHOT.jar
[INFO] 
[INFO] --- maven-checkstyle-plugin:2.15:checkstyle (default) @ retrofit-mock ---
[INFO] Starting audit...
Audit done.
[WARNING] Unable to locate Source XRef to link to - DISABLED
[INFO] 
[INFO] --- maven-install-plugin:2.4:install (default-install) @ retrofit-mock ---
[INFO] Installing /home/travis/build/square/retrofit/retrofit-mock/target/retrofit-mock-2.0.0-SNAPSHOT.jar to /home/travis/.m2/repository/com/squareup/retrofit/retrofit-mock/2.0.0-SNAPSHOT/retrofit-mock-2.0.0-SNAPSHOT.jar
[INFO] Installing /home/travis/build/square/retrofit/retrofit-mock/pom.xml to /home/travis/.m2/repository/com/squareup/retrofit/retrofit-mock/2.0.0-SNAPSHOT/retrofit-mock-2.0.0-SNAPSHOT.pom
[INFO]                                                                         
[INFO] ------------------------------------------------------------------------
[INFO] Building Adapter: RxJava Mock 2.0.0-SNAPSHOT
[INFO] ------------------------------------------------------------------------
[INFO] 
[INFO] --- maven-enforcer-plugin:1.0:enforce (enforce-maven) @ adapter-rxjava-mock ---
[INFO] 
[INFO] --- maven-resources-plugin:2.6:resources (default-resources) @ adapter-rxjava-mock ---
[INFO] Using 'UTF-8' encoding to copy filtered resources.
[INFO] skip non existing resourceDirectory /home/travis/build/square/retrofit/retrofit-adapters/rxjava-mock/src/main/resources
[INFO] 
[INFO] --- maven-compiler-plugin:3.0:compile (default-compile) @ adapter-rxjava-mock ---
[INFO] Changes detected - recompiling the module!
[INFO] Compiling 2 source files to /home/travis/build/square/retrofit/retrofit-adapters/rxjava-mock/target/classes
[INFO] 
[INFO] --- maven-resources-plugin:2.6:testResources (default-testResources) @ adapter-rxjava-mock ---
[INFO] Using 'UTF-8' encoding to copy filtered resources.
[INFO] skip non existing resourceDirectory /home/travis/build/square/retrofit/retrofit-adapters/rxjava-mock/src/test/resources
[INFO] 
[INFO] --- maven-compiler-plugin:3.0:testCompile (default-testCompile) @ adapter-rxjava-mock ---
[INFO] Changes detected - recompiling the module!
[INFO] Compiling 1 source file to /home/travis/build/square/retrofit/retrofit-adapters/rxjava-mock/target/test-classes
[INFO] 
[INFO] --- maven-surefire-plugin:2.12.4:test (default-test) @ adapter-rxjava-mock ---
[INFO] Tests are skipped.
[INFO] 
[INFO] --- animal-sniffer-maven-plugin:1.14:check (default) @ adapter-rxjava-mock ---
[INFO] Checking unresolved references to org.codehaus.mojo.signature:java16:1.1
[INFO] 
[INFO] --- maven-jar-plugin:2.4:jar (default-jar) @ adapter-rxjava-mock ---
[INFO] Building jar: /home/travis/build/square/retrofit/retrofit-adapters/rxjava-mock/target/adapter-rxjava-mock-2.0.0-SNAPSHOT.jar
[INFO] 
[INFO] --- maven-checkstyle-plugin:2.15:checkstyle (default) @ adapter-rxjava-mock ---
[INFO] Starting audit...
Audit done.
[WARNING] Unable to locate Source XRef to link to - DISABLED
[INFO] 
[INFO] --- maven-install-plugin:2.4:install (default-install) @ adapter-rxjava-mock ---
[INFO] Installing /home/travis/build/square/retrofit/retrofit-adapters/rxjava-mock/target/adapter-rxjava-mock-2.0.0-SNAPSHOT.jar to /home/travis/.m2/repository/com/squareup/retrofit/adapter-rxjava-mock/2.0.0-SNAPSHOT/adapter-rxjava-mock-2.0.0-SNAPSHOT.jar
[INFO] Installing /home/travis/build/square/retrofit/retrofit-adapters/rxjava-mock/pom.xml to /home/travis/.m2/repository/com/squareup/retrofit/adapter-rxjava-mock/2.0.0-SNAPSHOT/adapter-rxjava-mock-2.0.0-SNAPSHOT.pom
[INFO]                                                                         
[INFO] ------------------------------------------------------------------------
[INFO] Building Converters 2.0.0-SNAPSHOT
[INFO] ------------------------------------------------------------------------
[INFO] 
[INFO] --- maven-enforcer-plugin:1.0:enforce (enforce-maven) @ retrofit-converters ---
[INFO] 
[INFO] --- animal-sniffer-maven-plugin:1.14:check (default) @ retrofit-converters ---
[INFO] Checking unresolved references to org.codehaus.mojo.signature:java16:1.1
[INFO] 
[INFO] --- maven-checkstyle-plugin:2.15:checkstyle (default) @ retrofit-converters ---
[INFO] 
[INFO] --- maven-install-plugin:2.4:install (default-install) @ retrofit-converters ---
[INFO] Installing /home/travis/build/square/retrofit/retrofit-converters/pom.xml to /home/travis/.m2/repository/com/squareup/retrofit/retrofit-converters/2.0.0-SNAPSHOT/retrofit-converters-2.0.0-SNAPSHOT.pom
[INFO]                                                                         
[INFO] ------------------------------------------------------------------------
[INFO] Building Converter: Gson 2.0.0-SNAPSHOT
[INFO] ------------------------------------------------------------------------
[INFO] 
[INFO] --- maven-enforcer-plugin:1.0:enforce (enforce-maven) @ converter-gson ---
[INFO] 
[INFO] --- maven-resources-plugin:2.6:resources (default-resources) @ converter-gson ---
[INFO] Using 'UTF-8' encoding to copy filtered resources.
[INFO] skip non existing resourceDirectory /home/travis/build/square/retrofit/retrofit-converters/gson/src/main/resources
[INFO] 
[INFO] --- maven-compiler-plugin:3.0:compile (default-compile) @ converter-gson ---
[INFO] Changes detected - recompiling the module!
[INFO] Compiling 2 source files to /home/travis/build/square/retrofit/retrofit-converters/gson/target/classes
[INFO] 
[INFO] --- maven-resources-plugin:2.6:testResources (default-testResources) @ converter-gson ---
[INFO] Using 'UTF-8' encoding to copy filtered resources.
[INFO] skip non existing resourceDirectory /home/travis/build/square/retrofit/retrofit-converters/gson/src/test/resources
[INFO] 
[INFO] --- maven-compiler-plugin:3.0:testCompile (default-testCompile) @ converter-gson ---
[INFO] Changes detected - recompiling the module!
[INFO] Compiling 1 source file to /home/travis/build/square/retrofit/retrofit-converters/gson/target/test-classes
[INFO] 
[INFO] --- maven-surefire-plugin:2.12.4:test (default-test) @ converter-gson ---
[INFO] Tests are skipped.
[INFO] 
[INFO] --- animal-sniffer-maven-plugin:1.14:check (default) @ converter-gson ---
[INFO] Checking unresolved references to org.codehaus.mojo.signature:java16:1.1
[INFO] 
[INFO] --- maven-jar-plugin:2.4:jar (default-jar) @ converter-gson ---
[INFO] Building jar: /home/travis/build/square/retrofit/retrofit-converters/gson/target/converter-gson-2.0.0-SNAPSHOT.jar
[INFO] 
[INFO] --- maven-checkstyle-plugin:2.15:checkstyle (default) @ converter-gson ---
[INFO] Starting audit...
Audit done.
[WARNING] Unable to locate Source XRef to link to - DISABLED
[INFO] 
[INFO] --- maven-install-plugin:2.4:install (default-install) @ converter-gson ---
[INFO] Installing /home/travis/build/square/retrofit/retrofit-converters/gson/target/converter-gson-2.0.0-SNAPSHOT.jar to /home/travis/.m2/repository/com/squareup/retrofit/converter-gson/2.0.0-SNAPSHOT/converter-gson-2.0.0-SNAPSHOT.jar
[INFO] Installing /home/travis/build/square/retrofit/retrofit-converters/gson/pom.xml to /home/travis/.m2/repository/com/squareup/retrofit/converter-gson/2.0.0-SNAPSHOT/converter-gson-2.0.0-SNAPSHOT.pom
[INFO]                                                                         
[INFO] ------------------------------------------------------------------------
[INFO] Building Converter: Protocol Buffers 2.0.0-SNAPSHOT
[INFO] ------------------------------------------------------------------------
[INFO] 
[INFO] --- maven-enforcer-plugin:1.0:enforce (enforce-maven) @ converter-protobuf ---
[INFO] 
[INFO] --- maven-resources-plugin:2.6:resources (default-resources) @ converter-protobuf ---
[INFO] Using 'UTF-8' encoding to copy filtered resources.
[INFO] skip non existing resourceDirectory /home/travis/build/square/retrofit/retrofit-converters/protobuf/src/main/resources
[INFO] 
[INFO] --- maven-compiler-plugin:3.0:compile (default-compile) @ converter-protobuf ---
[INFO] Changes detected - recompiling the module!
[INFO] Compiling 2 source files to /home/travis/build/square/retrofit/retrofit-converters/protobuf/target/classes
[WARNING] /home/travis/build/square/retrofit/retrofit-converters/protobuf/src/main/java/retrofit/ProtoConverterFactory.java: /home/travis/build/square/retrofit/retrofit-converters/protobuf/src/main/java/retrofit/ProtoConverterFactory.java uses unchecked or unsafe operations.
[WARNING] /home/travis/build/square/retrofit/retrofit-converters/protobuf/src/main/java/retrofit/ProtoConverterFactory.java: Recompile with -Xlint:unchecked for details.
[INFO] 
[INFO] --- maven-resources-plugin:2.6:testResources (default-testResources) @ converter-protobuf ---
[INFO] Using 'UTF-8' encoding to copy filtered resources.
[INFO] skip non existing resourceDirectory /home/travis/build/square/retrofit/retrofit-converters/protobuf/src/test/resources
[INFO] 
[INFO] --- maven-compiler-plugin:3.0:testCompile (default-testCompile) @ converter-protobuf ---
[INFO] Changes detected - recompiling the module!
[INFO] Compiling 2 source files to /home/travis/build/square/retrofit/retrofit-converters/protobuf/target/test-classes
[INFO] 
[INFO] --- maven-surefire-plugin:2.12.4:test (default-test) @ converter-protobuf ---
[INFO] Tests are skipped.
[INFO] 
[INFO] --- animal-sniffer-maven-plugin:1.14:check (default) @ converter-protobuf ---
[INFO] Checking unresolved references to org.codehaus.mojo.signature:java16:1.1
[INFO] 
[INFO] --- maven-jar-plugin:2.4:jar (default-jar) @ converter-protobuf ---
[INFO] Building jar: /home/travis/build/square/retrofit/retrofit-converters/protobuf/target/converter-protobuf-2.0.0-SNAPSHOT.jar
[INFO] 
[INFO] --- maven-checkstyle-plugin:2.15:checkstyle (default) @ converter-protobuf ---
[INFO] Starting audit...
Audit done.
[WARNING] Unable to locate Source XRef to link to - DISABLED
[INFO] 
[INFO] --- maven-install-plugin:2.4:install (default-install) @ converter-protobuf ---
[INFO] Installing /home/travis/build/square/retrofit/retrofit-converters/protobuf/target/converter-protobuf-2.0.0-SNAPSHOT.jar to /home/travis/.m2/repository/com/squareup/retrofit/converter-protobuf/2.0.0-SNAPSHOT/converter-protobuf-2.0.0-SNAPSHOT.jar
[INFO] Installing /home/travis/build/square/retrofit/retrofit-converters/protobuf/pom.xml to /home/travis/.m2/repository/com/squareup/retrofit/converter-protobuf/2.0.0-SNAPSHOT/converter-protobuf-2.0.0-SNAPSHOT.pom
[INFO]                                                                         
[INFO] ------------------------------------------------------------------------
[INFO] Building Converter: Jackson 2.0.0-SNAPSHOT
[INFO] ------------------------------------------------------------------------
[INFO] 
[INFO] --- maven-enforcer-plugin:1.0:enforce (enforce-maven) @ converter-jackson ---
[INFO] 
[INFO] --- maven-resources-plugin:2.6:resources (default-resources) @ converter-jackson ---
[INFO] Using 'UTF-8' encoding to copy filtered resources.
[INFO] skip non existing resourceDirectory /home/travis/build/square/retrofit/retrofit-converters/jackson/src/main/resources
[INFO] 
[INFO] --- maven-compiler-plugin:3.0:compile (default-compile) @ converter-jackson ---
[INFO] Changes detected - recompiling the module!
[INFO] Compiling 2 source files to /home/travis/build/square/retrofit/retrofit-converters/jackson/target/classes
[INFO] 
[INFO] --- maven-resources-plugin:2.6:testResources (default-testResources) @ converter-jackson ---
[INFO] Using 'UTF-8' encoding to copy filtered resources.
[INFO] skip non existing resourceDirectory /home/travis/build/square/retrofit/retrofit-converters/jackson/src/test/resources
[INFO] 
[INFO] --- maven-compiler-plugin:3.0:testCompile (default-testCompile) @ converter-jackson ---
[INFO] Changes detected - recompiling the module!
[INFO] Compiling 1 source file to /home/travis/build/square/retrofit/retrofit-converters/jackson/target/test-classes
[INFO] 
[INFO] --- maven-surefire-plugin:2.12.4:test (default-test) @ converter-jackson ---
[INFO] Tests are skipped.
[INFO] 
[INFO] --- animal-sniffer-maven-plugin:1.14:check (default) @ converter-jackson ---
[INFO] Checking unresolved references to org.codehaus.mojo.signature:java16:1.1
[INFO] 
[INFO] --- maven-jar-plugin:2.4:jar (default-jar) @ converter-jackson ---
[INFO] Building jar: /home/travis/build/square/retrofit/retrofit-converters/jackson/target/converter-jackson-2.0.0-SNAPSHOT.jar
[INFO] 
[INFO] --- maven-checkstyle-plugin:2.15:checkstyle (default) @ converter-jackson ---
[INFO] Starting audit...
Audit done.
[WARNING] Unable to locate Source XRef to link to - DISABLED
[INFO] 
[INFO] --- maven-install-plugin:2.4:install (default-install) @ converter-jackson ---
[INFO] Installing /home/travis/build/square/retrofit/retrofit-converters/jackson/target/converter-jackson-2.0.0-SNAPSHOT.jar to /home/travis/.m2/repository/com/squareup/retrofit/converter-jackson/2.0.0-SNAPSHOT/converter-jackson-2.0.0-SNAPSHOT.jar
[INFO] Installing /home/travis/build/square/retrofit/retrofit-converters/jackson/pom.xml to /home/travis/.m2/repository/com/squareup/retrofit/converter-jackson/2.0.0-SNAPSHOT/converter-jackson-2.0.0-SNAPSHOT.pom
[INFO]                                                                         
[INFO] ------------------------------------------------------------------------
[INFO] Building Converter: Wire Protocol Buffers 2.0.0-SNAPSHOT
[INFO] ------------------------------------------------------------------------
[INFO] 
[INFO] --- maven-enforcer-plugin:1.0:enforce (enforce-maven) @ converter-wire ---
[INFO] 
[INFO] --- maven-resources-plugin:2.6:resources (default-resources) @ converter-wire ---
[INFO] Using 'UTF-8' encoding to copy filtered resources.
[INFO] skip non existing resourceDirectory /home/travis/build/square/retrofit/retrofit-converters/wire/src/main/resources
[INFO] 
[INFO] --- maven-compiler-plugin:3.0:compile (default-compile) @ converter-wire ---
[INFO] Changes detected - recompiling the module!
[INFO] Compiling 2 source files to /home/travis/build/square/retrofit/retrofit-converters/wire/target/classes
[WARNING] /home/travis/build/square/retrofit/retrofit-converters/wire/src/main/java/retrofit/WireConverterFactory.java: /home/travis/build/square/retrofit/retrofit-converters/wire/src/main/java/retrofit/WireConverterFactory.java uses unchecked or unsafe operations.
[WARNING] /home/travis/build/square/retrofit/retrofit-converters/wire/src/main/java/retrofit/WireConverterFactory.java: Recompile with -Xlint:unchecked for details.
[INFO] 
[INFO] --- maven-resources-plugin:2.6:testResources (default-testResources) @ converter-wire ---
[INFO] Using 'UTF-8' encoding to copy filtered resources.
[INFO] skip non existing resourceDirectory /home/travis/build/square/retrofit/retrofit-converters/wire/src/test/resources
[INFO] 
[INFO] --- maven-compiler-plugin:3.0:testCompile (default-testCompile) @ converter-wire ---
[INFO] Changes detected - recompiling the module!
[INFO] Compiling 2 source files to /home/travis/build/square/retrofit/retrofit-converters/wire/target/test-classes
[INFO] 
[INFO] --- maven-surefire-plugin:2.12.4:test (default-test) @ converter-wire ---
[INFO] Tests are skipped.
[INFO] 
[INFO] --- animal-sniffer-maven-plugin:1.14:check (default) @ converter-wire ---
[INFO] Checking unresolved references to org.codehaus.mojo.signature:java16:1.1
[INFO] 
[INFO] --- maven-jar-plugin:2.4:jar (default-jar) @ converter-wire ---
[INFO] Building jar: /home/travis/build/square/retrofit/retrofit-converters/wire/target/converter-wire-2.0.0-SNAPSHOT.jar
[INFO] 
[INFO] --- maven-checkstyle-plugin:2.15:checkstyle (default) @ converter-wire ---
[INFO] Starting audit...
Audit done.
[WARNING] Unable to locate Source XRef to link to - DISABLED
[INFO] 
[INFO] --- maven-install-plugin:2.4:install (default-install) @ converter-wire ---
[INFO] Installing /home/travis/build/square/retrofit/retrofit-converters/wire/target/converter-wire-2.0.0-SNAPSHOT.jar to /home/travis/.m2/repository/com/squareup/retrofit/converter-wire/2.0.0-SNAPSHOT/converter-wire-2.0.0-SNAPSHOT.jar
[INFO] Installing /home/travis/build/square/retrofit/retrofit-converters/wire/pom.xml to /home/travis/.m2/repository/com/squareup/retrofit/converter-wire/2.0.0-SNAPSHOT/converter-wire-2.0.0-SNAPSHOT.pom
[INFO]                                                                         
[INFO] ------------------------------------------------------------------------
[INFO] Building Converter: SimpleXML 2.0.0-SNAPSHOT
[INFO] ------------------------------------------------------------------------
[INFO] 
[INFO] --- maven-enforcer-plugin:1.0:enforce (enforce-maven) @ converter-simplexml ---
[INFO] 
[INFO] --- maven-resources-plugin:2.6:resources (default-resources) @ converter-simplexml ---
[INFO] Using 'UTF-8' encoding to copy filtered resources.
[INFO] skip non existing resourceDirectory /home/travis/build/square/retrofit/retrofit-converters/simplexml/src/main/resources
[INFO] 
[INFO] --- maven-compiler-plugin:3.0:compile (default-compile) @ converter-simplexml ---
[INFO] Changes detected - recompiling the module!
[INFO] Compiling 2 source files to /home/travis/build/square/retrofit/retrofit-converters/simplexml/target/classes
[INFO] 
[INFO] --- maven-resources-plugin:2.6:testResources (default-testResources) @ converter-simplexml ---
[INFO] Using 'UTF-8' encoding to copy filtered resources.
[INFO] skip non existing resourceDirectory /home/travis/build/square/retrofit/retrofit-converters/simplexml/src/test/resources
[INFO] 
[INFO] --- maven-compiler-plugin:3.0:testCompile (default-testCompile) @ converter-simplexml ---
[INFO] Changes detected - recompiling the module!
[INFO] Compiling 2 source files to /home/travis/build/square/retrofit/retrofit-converters/simplexml/target/test-classes
[INFO] 
[INFO] --- maven-surefire-plugin:2.12.4:test (default-test) @ converter-simplexml ---
[INFO] Tests are skipped.
[INFO] 
[INFO] --- animal-sniffer-maven-plugin:1.14:check (default) @ converter-simplexml ---
[INFO] Checking unresolved references to org.codehaus.mojo.signature:java16:1.1
[INFO] 
[INFO] --- maven-jar-plugin:2.4:jar (default-jar) @ converter-simplexml ---
[INFO] Building jar: /home/travis/build/square/retrofit/retrofit-converters/simplexml/target/converter-simplexml-2.0.0-SNAPSHOT.jar
[INFO] 
[INFO] --- maven-checkstyle-plugin:2.15:checkstyle (default) @ converter-simplexml ---
[INFO] Starting audit...
Audit done.
[WARNING] Unable to locate Source XRef to link to - DISABLED
[INFO] 
[INFO] --- maven-install-plugin:2.4:install (default-install) @ converter-simplexml ---
[INFO] Installing /home/travis/build/square/retrofit/retrofit-converters/simplexml/target/converter-simplexml-2.0.0-SNAPSHOT.jar to /home/travis/.m2/repository/com/squareup/retrofit/converter-simplexml/2.0.0-SNAPSHOT/converter-simplexml-2.0.0-SNAPSHOT.jar
[INFO] Installing /home/travis/build/square/retrofit/retrofit-converters/simplexml/pom.xml to /home/travis/.m2/repository/com/squareup/retrofit/converter-simplexml/2.0.0-SNAPSHOT/converter-simplexml-2.0.0-SNAPSHOT.pom
[INFO]                                                                         
[INFO] ------------------------------------------------------------------------
[INFO] Building Converter: Moshi 2.0.0-SNAPSHOT
[INFO] ------------------------------------------------------------------------
[INFO] 
[INFO] --- maven-enforcer-plugin:1.0:enforce (enforce-maven) @ converter-moshi ---
[INFO] 
[INFO] --- maven-resources-plugin:2.6:resources (default-resources) @ converter-moshi ---
[INFO] Using 'UTF-8' encoding to copy filtered resources.
[INFO] skip non existing resourceDirectory /home/travis/build/square/retrofit/retrofit-converters/moshi/src/main/resources
[INFO] 
[INFO] --- maven-compiler-plugin:3.0:compile (default-compile) @ converter-moshi ---
[INFO] Changes detected - recompiling the module!
[INFO] Compiling 2 source files to /home/travis/build/square/retrofit/retrofit-converters/moshi/target/classes
[INFO] 
[INFO] --- maven-resources-plugin:2.6:testResources (default-testResources) @ converter-moshi ---
[INFO] Using 'UTF-8' encoding to copy filtered resources.
[INFO] skip non existing resourceDirectory /home/travis/build/square/retrofit/retrofit-converters/moshi/src/test/resources
[INFO] 
[INFO] --- maven-compiler-plugin:3.0:testCompile (default-testCompile) @ converter-moshi ---
[INFO] Changes detected - recompiling the module!
[INFO] Compiling 1 source file to /home/travis/build/square/retrofit/retrofit-converters/moshi/target/test-classes
[INFO] 
[INFO] --- maven-surefire-plugin:2.12.4:test (default-test) @ converter-moshi ---
[INFO] Tests are skipped.
[INFO] 
[INFO] --- animal-sniffer-maven-plugin:1.14:check (default) @ converter-moshi ---
[INFO] Checking unresolved references to org.codehaus.mojo.signature:java16:1.1
[INFO] 
[INFO] --- maven-jar-plugin:2.4:jar (default-jar) @ converter-moshi ---
[INFO] Building jar: /home/travis/build/square/retrofit/retrofit-converters/moshi/target/converter-moshi-2.0.0-SNAPSHOT.jar
[INFO] 
[INFO] --- maven-checkstyle-plugin:2.15:checkstyle (default) @ converter-moshi ---
[INFO] Starting audit...
Audit done.
[WARNING] Unable to locate Source XRef to link to - DISABLED
[INFO] 
[INFO] --- maven-install-plugin:2.4:install (default-install) @ converter-moshi ---
[INFO] Installing /home/travis/build/square/retrofit/retrofit-converters/moshi/target/converter-moshi-2.0.0-SNAPSHOT.jar to /home/travis/.m2/repository/com/squareup/retrofit/converter-moshi/2.0.0-SNAPSHOT/converter-moshi-2.0.0-SNAPSHOT.jar
[INFO] Installing /home/travis/build/square/retrofit/retrofit-converters/moshi/pom.xml to /home/travis/.m2/repository/com/squareup/retrofit/converter-moshi/2.0.0-SNAPSHOT/converter-moshi-2.0.0-SNAPSHOT.pom
[INFO]                                                                         
[INFO] ------------------------------------------------------------------------
[INFO] Building Samples 2.0.0-SNAPSHOT
[INFO] ------------------------------------------------------------------------
[INFO] 
[INFO] --- maven-enforcer-plugin:1.0:enforce (enforce-maven) @ samples ---
[INFO] 
[INFO] --- maven-resources-plugin:2.6:resources (default-resources) @ samples ---
[INFO] Using 'UTF-8' encoding to copy filtered resources.
[INFO] skip non existing resourceDirectory /home/travis/build/square/retrofit/samples/src/main/resources
[INFO] 
[INFO] --- maven-compiler-plugin:3.0:compile (default-compile) @ samples ---
[INFO] Changes detected - recompiling the module!
[INFO] Compiling 3 source files to /home/travis/build/square/retrofit/samples/target/classes
[INFO] 
[INFO] --- maven-resources-plugin:2.6:testResources (default-testResources) @ samples ---
[INFO] Using 'UTF-8' encoding to copy filtered resources.
[INFO] skip non existing resourceDirectory /home/travis/build/square/retrofit/samples/src/test/resources
[INFO] 
[INFO] --- maven-compiler-plugin:3.0:testCompile (default-testCompile) @ samples ---
[INFO] No sources to compile
[INFO] 
[INFO] --- maven-surefire-plugin:2.12.4:test (default-test) @ samples ---
[INFO] Tests are skipped.
[INFO] 
[INFO] --- animal-sniffer-maven-plugin:1.14:check (default) @ samples ---
[INFO] Checking unresolved references to org.codehaus.mojo.signature:java16:1.1
[INFO] 
[INFO] --- maven-jar-plugin:2.4:jar (default-jar) @ samples ---
[INFO] Building jar: /home/travis/build/square/retrofit/samples/target/samples-2.0.0-SNAPSHOT.jar
[INFO] 
[INFO] --- maven-checkstyle-plugin:2.15:checkstyle (default) @ samples ---
[INFO] Starting audit...
Audit done.
[WARNING] Unable to locate Source XRef to link to - DISABLED
[INFO] 
[INFO] --- maven-install-plugin:2.4:install (default-install) @ samples ---
[INFO] Installing /home/travis/build/square/retrofit/samples/target/samples-2.0.0-SNAPSHOT.jar to /home/travis/.m2/repository/com/squareup/retrofit/samples/2.0.0-SNAPSHOT/samples-2.0.0-SNAPSHOT.jar
[INFO] Installing /home/travis/build/square/retrofit/samples/pom.xml to /home/travis/.m2/repository/com/squareup/retrofit/samples/2.0.0-SNAPSHOT/samples-2.0.0-SNAPSHOT.pom
[INFO] ------------------------------------------------------------------------
[INFO] Reactor Summary:
[INFO] 
[INFO] Retrofit (Parent) .................................. SUCCESS [  3.216 s]
[INFO] Retrofit ........................................... SUCCESS [ 13.376 s]
[INFO] Adapters ........................................... SUCCESS [  0.471 s]
[INFO] Adapter: RxJava .................................... SUCCESS [  2.403 s]
[INFO] Retrofit Mock Adapter .............................. SUCCESS [  2.138 s]
[INFO] Adapter: RxJava Mock ............................... SUCCESS [  1.399 s]
[INFO] Converters ......................................... SUCCESS [  0.156 s]
[INFO] Converter: Gson .................................... SUCCESS [  0.668 s]
[INFO] Converter: Protocol Buffers ........................ SUCCESS [  1.334 s]
[INFO] Converter: Jackson ................................. SUCCESS [  1.009 s]
[INFO] Converter: Wire Protocol Buffers ................... SUCCESS [  0.716 s]
[INFO] Converter: SimpleXML ............................... SUCCESS [  0.678 s]
[INFO] Converter: Moshi ................................... SUCCESS [  0.517 s]
[INFO] Samples ............................................ SUCCESS [  0.617 s]
[INFO] ------------------------------------------------------------------------
[INFO] BUILD SUCCESS
[INFO] ------------------------------------------------------------------------
[INFO] Total time: 29.024 s
[INFO] Finished at: 2015-09-02T23:55:44+00:00
[INFO] Final Memory: 38M/351M
[INFO] ------------------------------------------------------------------------
travis_time:end:05e8fceb:start=1441238114362722497,finish=1441238145411035287,duration=31048312790[0Ktravis_fold:end:install[0Ktravis_time:start:23b0531e[0K$ mvn test -B
Java HotSpot(TM) 64-Bit Server VM warning: ignoring option MaxPermSize=192m; support was removed in 8.0
[INFO] Scanning for projects...
[WARNING] 
[WARNING] Some problems were encountered while building the effective model for com.squareup.retrofit:samples:jar:2.0.0-SNAPSHOT
[WARNING] 'build.plugins.plugin.version' for org.apache.maven.plugins:maven-deploy-plugin is missing. @ com.squareup.retrofit:samples:[unknown-version], /home/travis/build/square/retrofit/samples/pom.xml, line 41, column 15
[WARNING] 
[WARNING] It is highly recommended to fix these problems because they threaten the stability of your build.
[WARNING] 
[WARNING] For this reason, future Maven versions might no longer support building such malformed projects.
[WARNING] 
[INFO] ------------------------------------------------------------------------
[INFO] Reactor Build Order:
[INFO] 
[INFO] Retrofit (Parent)
[INFO] Retrofit
[INFO] Adapters
[INFO] Adapter: RxJava
[INFO] Retrofit Mock Adapter
[INFO] Adapter: RxJava Mock
[INFO] Converters
[INFO] Converter: Gson
[INFO] Converter: Protocol Buffers
[INFO] Converter: Jackson
[INFO] Converter: Wire Protocol Buffers
[INFO] Converter: SimpleXML
[INFO] Converter: Moshi
[INFO] Samples
[INFO]                                                                         
[INFO] ------------------------------------------------------------------------
[INFO] Building Retrofit (Parent) 2.0.0-SNAPSHOT
[INFO] ------------------------------------------------------------------------
[INFO] 
[INFO] --- maven-enforcer-plugin:1.0:enforce (enforce-maven) @ parent ---
[INFO] 
[INFO] --- animal-sniffer-maven-plugin:1.14:check (default) @ parent ---
[INFO] Checking unresolved references to org.codehaus.mojo.signature:java16:1.1
[INFO]                                                                         
[INFO] ------------------------------------------------------------------------
[INFO] Building Retrofit 2.0.0-SNAPSHOT
[INFO] ------------------------------------------------------------------------
[INFO] 
[INFO] --- maven-enforcer-plugin:1.0:enforce (enforce-maven) @ retrofit ---
[INFO] 
[INFO] --- maven-resources-plugin:2.6:resources (default-resources) @ retrofit ---
[INFO] Using 'UTF-8' encoding to copy filtered resources.
[INFO] skip non existing resourceDirectory /home/travis/build/square/retrofit/retrofit/src/main/resources
[INFO] 
[INFO] --- maven-compiler-plugin:3.0:compile (default-compile) @ retrofit ---
[INFO] Changes detected - recompiling the module!
[INFO] Compiling 46 source files to /home/travis/build/square/retrofit/retrofit/target/classes
[WARNING] /home/travis/build/square/retrofit/retrofit/src/main/java/retrofit/RequestBuilderAction.java: /home/travis/build/square/retrofit/retrofit/src/main/java/retrofit/RequestBuilderAction.java uses unchecked or unsafe operations.
[WARNING] /home/travis/build/square/retrofit/retrofit/src/main/java/retrofit/RequestBuilderAction.java: Recompile with -Xlint:unchecked for details.
[INFO] 
[INFO] --- maven-resources-plugin:2.6:testResources (default-testResources) @ retrofit ---
[INFO] Using 'UTF-8' encoding to copy filtered resources.
[INFO] skip non existing resourceDirectory /home/travis/build/square/retrofit/retrofit/src/test/resources
[INFO] 
[INFO] --- maven-compiler-plugin:3.0:testCompile (default-testCompile) @ retrofit ---
[INFO] Changes detected - recompiling the module!
[INFO] Compiling 7 source files to /home/travis/build/square/retrofit/retrofit/target/test-classes
[INFO] 
[INFO] --- maven-surefire-plugin:2.12.4:test (default-test) @ retrofit ---
[INFO] Surefire report directory: /home/travis/build/square/retrofit/retrofit/target/surefire-reports

-------------------------------------------------------
 T E S T S
-------------------------------------------------------
Running retrofit.RequestBuilderTest
Tests run: 97, Failures: 0, Errors: 0, Skipped: 2, Time elapsed: 0.93 sec
Running retrofit.ExecutorCallAdapterFactoryTest
Tests run: 8, Failures: 0, Errors: 0, Skipped: 0, Time elapsed: 0.314 sec
Running retrofit.CallTest
Sep 02, 2015 11:55:57 PM com.squareup.okhttp.mockwebserver.MockWebServer$3 execute
INFO: MockWebServer[34505] starting to accept connections
Sep 02, 2015 11:55:57 PM com.squareup.okhttp.mockwebserver.MockWebServer$3 acceptConnections
INFO: MockWebServer[34505] done accepting connections: Socket closed
Sep 02, 2015 11:55:57 PM com.squareup.okhttp.mockwebserver.MockWebServer$3 execute
INFO: MockWebServer[36535] starting to accept connections
Sep 02, 2015 11:55:57 PM com.squareup.okhttp.mockwebserver.MockWebServer$4 processOneRequest
INFO: MockWebServer[36535] received request: GET / HTTP/1.1 and responded: HTTP/1.1 200 OK
Sep 02, 2015 11:55:57 PM com.squareup.okhttp.mockwebserver.MockWebServer$3 acceptConnections
INFO: MockWebServer[36535] done accepting connections: Socket closed
Sep 02, 2015 11:55:57 PM com.squareup.okhttp.mockwebserver.MockWebServer$3 execute
INFO: MockWebServer[46194] starting to accept connections
Sep 02, 2015 11:55:57 PM com.squareup.okhttp.mockwebserver.MockWebServer$4 processOneRequest
INFO: MockWebServer[46194] received request: GET / HTTP/1.1 and responded: HTTP/1.1 404 OK
Sep 02, 2015 11:55:57 PM com.squareup.okhttp.mockwebserver.MockWebServer$3 acceptConnections
INFO: MockWebServer[46194] done accepting connections: Socket closed
Sep 02, 2015 11:55:57 PM com.squareup.okhttp.mockwebserver.MockWebServer$3 execute
INFO: MockWebServer[49545] starting to accept connections
Sep 02, 2015 11:55:57 PM com.squareup.okhttp.mockwebserver.MockWebServer$3 acceptConnections
INFO: MockWebServer[49545] done accepting connections: Socket closed
Sep 02, 2015 11:55:57 PM com.squareup.okhttp.mockwebserver.MockWebServer$3 execute
INFO: MockWebServer[42270] starting to accept connections
Sep 02, 2015 11:55:57 PM com.squareup.okhttp.mockwebserver.MockWebServer$3 acceptConnections
INFO: MockWebServer[42270] done accepting connections: Socket closed
Sep 02, 2015 11:55:57 PM com.squareup.okhttp.mockwebserver.MockWebServer$3 execute
INFO: MockWebServer[37098] starting to accept connections
Sep 02, 2015 11:55:57 PM com.squareup.okhttp.mockwebserver.MockWebServer$3 acceptConnections
INFO: MockWebServer[37098] done accepting connections: Socket closed
Sep 02, 2015 11:55:57 PM com.squareup.okhttp.mockwebserver.MockWebServer$4 processOneRequest
INFO: MockWebServer[37098] received request: GET / HTTP/1.1 and responded: HTTP/1.1 200 OK
Sep 02, 2015 11:55:57 PM com.squareup.okhttp.mockwebserver.MockWebServer$3 execute
INFO: MockWebServer[34191] starting to accept connections
Sep 02, 2015 11:55:57 PM com.squareup.okhttp.mockwebserver.MockWebServer$3 acceptConnections
INFO: MockWebServer[34191] done accepting connections: Socket is closed
Sep 02, 2015 11:55:57 PM com.squareup.okhttp.mockwebserver.MockWebServer$3 execute
INFO: MockWebServer[55419] starting to accept connections
Sep 02, 2015 11:55:57 PM com.squareup.okhttp.mockwebserver.MockWebServer$4 processOneRequest
INFO: MockWebServer[55419] received request: GET / HTTP/1.1 and responded: HTTP/1.1 404 OK
Sep 02, 2015 11:55:57 PM com.squareup.okhttp.mockwebserver.MockWebServer$3 acceptConnections
INFO: MockWebServer[55419] done accepting connections: Socket closed
Sep 02, 2015 11:55:57 PM com.squareup.okhttp.mockwebserver.MockWebServer$3 execute
INFO: MockWebServer[36103] starting to accept connections
Sep 02, 2015 11:55:57 PM com.squareup.okhttp.mockwebserver.MockWebServer$4 processOneRequest
INFO: MockWebServer[36103] received request: POST / HTTP/1.1 and responded: HTTP/1.1 200 OK
Sep 02, 2015 11:55:57 PM com.squareup.okhttp.mockwebserver.MockWebServer$3 acceptConnections
INFO: MockWebServer[36103] done accepting connections: Socket closed
Sep 02, 2015 11:55:57 PM com.squareup.okhttp.mockwebserver.MockWebServer$3 execute
INFO: MockWebServer[60726] starting to accept connections
Sep 02, 2015 11:55:57 PM com.squareup.okhttp.mockwebserver.MockWebServer$3 acceptConnections
INFO: MockWebServer[60726] done accepting connections: Socket closed
Sep 02, 2015 11:55:57 PM com.squareup.okhttp.mockwebserver.MockWebServer$4 processOneRequest
INFO: MockWebServer[60726] received request: GET / HTTP/1.1 and responded: HTTP/1.1 204 Nothin
Sep 02, 2015 11:55:57 PM com.squareup.okhttp.mockwebserver.MockWebServer$3 execute
INFO: MockWebServer[36901] starting to accept connections
Sep 02, 2015 11:55:57 PM com.squareup.okhttp.mockwebserver.MockWebServer$3 acceptConnections
INFO: MockWebServer[36901] done accepting connections: Socket closed
Sep 02, 2015 11:55:57 PM com.squareup.okhttp.mockwebserver.MockWebServer$4 processOneRequest
INFO: MockWebServer[36901] received request: GET / HTTP/1.1 and responded: HTTP/1.1 200 OK
Sep 02, 2015 11:55:57 PM com.squareup.okhttp.mockwebserver.MockWebServer$3 execute
INFO: MockWebServer[43382] starting to accept connections
Sep 02, 2015 11:55:57 PM com.squareup.okhttp.mockwebserver.MockWebServer$4 processOneRequest
INFO: MockWebServer[43382] received request: GET / HTTP/1.1 and responded: HTTP/1.1 200 OK
Sep 02, 2015 11:55:57 PM com.squareup.okhttp.mockwebserver.MockWebServer$3 acceptConnections
INFO: MockWebServer[43382] done accepting connections: Socket closed
Sep 02, 2015 11:55:57 PM com.squareup.okhttp.mockwebserver.MockWebServer$3 execute
INFO: MockWebServer[56667] starting to accept connections
Sep 02, 2015 11:55:57 PM com.squareup.okhttp.mockwebserver.MockWebServer$4 processOneRequest
INFO: MockWebServer[56667] received request: POST / HTTP/1.1 and responded: HTTP/1.1 200 OK
Sep 02, 2015 11:55:57 PM com.squareup.okhttp.mockwebserver.MockWebServer$3 acceptConnections
INFO: MockWebServer[56667] done accepting connections: Socket closed
Sep 02, 2015 11:55:57 PM com.squareup.okhttp.mockwebserver.MockWebServer$3 execute
INFO: MockWebServer[43163] starting to accept connections
Sep 02, 2015 11:55:57 PM com.squareup.okhttp.mockwebserver.MockWebServer$3 acceptConnections
INFO: MockWebServer[43163] done accepting connections: Socket is closed
Sep 02, 2015 11:55:57 PM com.squareup.okhttp.mockwebserver.MockWebServer$3 execute
INFO: MockWebServer[54301] starting to accept connections
Sep 02, 2015 11:55:57 PM com.squareup.okhttp.mockwebserver.MockWebServer$3 acceptConnections
INFO: MockWebServer[54301] done accepting connections: Socket closed
Sep 02, 2015 11:55:57 PM com.squareup.okhttp.mockwebserver.MockWebServer$4 processOneRequest
INFO: MockWebServer[54301] received request: GET / HTTP/1.1 and responded: HTTP/1.1 200 OK
Sep 02, 2015 11:55:57 PM com.squareup.okhttp.mockwebserver.MockWebServer$3 execute
INFO: MockWebServer[60995] starting to accept connections
Sep 02, 2015 11:55:57 PM com.squareup.okhttp.mockwebserver.MockWebServer$3 acceptConnections
INFO: MockWebServer[60995] done accepting connections: Socket closed
Sep 02, 2015 11:55:57 PM com.squareup.okhttp.mockwebserver.MockWebServer$4 processOneRequest
INFO: MockWebServer[60995] received request: GET / HTTP/1.1 and responded: HTTP/1.1 200 OK
Sep 02, 2015 11:55:57 PM com.squareup.okhttp.mockwebserver.MockWebServer$3 execute
INFO: MockWebServer[39690] starting to accept connections
Sep 02, 2015 11:55:57 PM com.squareup.okhttp.mockwebserver.MockWebServer$4 processOneRequest
INFO: MockWebServer[39690] received request: GET / HTTP/1.1 and responded: HTTP/1.1 205 Nothin
Sep 02, 2015 11:55:57 PM com.squareup.okhttp.mockwebserver.MockWebServer$3 acceptConnections
INFO: MockWebServer[39690] done accepting connections: Socket closed
Sep 02, 2015 11:55:57 PM com.squareup.okhttp.mockwebserver.MockWebServer$3 execute
INFO: MockWebServer[46621] starting to accept connections
Sep 02, 2015 11:55:57 PM com.squareup.okhttp.mockwebserver.MockWebServer$4 processOneRequest
INFO: MockWebServer[46621] received request: GET / HTTP/1.1 and responded: HTTP/1.1 200 OK
Sep 02, 2015 11:55:57 PM com.squareup.okhttp.mockwebserver.MockWebServer$4 processOneRequest
INFO: MockWebServer[46621] received request: GET / HTTP/1.1 and responded: HTTP/1.1 200 OK
Sep 02, 2015 11:55:57 PM com.squareup.okhttp.mockwebserver.MockWebServer$3 acceptConnections
INFO: MockWebServer[46621] done accepting connections: Socket closed
Sep 02, 2015 11:55:57 PM com.squareup.okhttp.mockwebserver.MockWebServer$3 execute
INFO: MockWebServer[39910] starting to accept connections
Sep 02, 2015 11:55:57 PM com.squareup.okhttp.mockwebserver.MockWebServer$3 acceptConnections
INFO: MockWebServer[39910] done accepting connections: Socket closed
Sep 02, 2015 11:55:57 PM com.squareup.okhttp.mockwebserver.MockWebServer$4 processOneRequest
INFO: MockWebServer[39910] received request: GET / HTTP/1.1 and responded: HTTP/1.1 200 OK
Sep 02, 2015 11:55:57 PM com.squareup.okhttp.mockwebserver.MockWebServer$3 execute
INFO: MockWebServer[59573] starting to accept connections
Sep 02, 2015 11:55:57 PM com.squareup.okhttp.mockwebserver.MockWebServer$3 acceptConnections
INFO: MockWebServer[59573] done accepting connections: Socket is closed
Sep 02, 2015 11:55:58 PM com.squareup.okhttp.mockwebserver.MockWebServer$3 execute
INFO: MockWebServer[59516] starting to accept connections
Sep 02, 2015 11:55:58 PM com.squareup.okhttp.mockwebserver.MockWebServer$3 acceptConnections
INFO: MockWebServer[59516] done accepting connections: Socket closed
Sep 02, 2015 11:55:58 PM com.squareup.okhttp.mockwebserver.MockWebServer$3 execute
INFO: MockWebServer[49434] starting to accept connections
Sep 02, 2015 11:55:58 PM com.squareup.okhttp.mockwebserver.MockWebServer$3 acceptConnections
INFO: MockWebServer[49434] done accepting connections: Socket closed
Sep 02, 2015 11:55:58 PM com.squareup.okhttp.mockwebserver.MockWebServer$4 processOneRequest
INFO: MockWebServer[49434] received request: GET / HTTP/1.1 and responded: HTTP/1.1 200 OK
Sep 02, 2015 11:55:58 PM com.squareup.okhttp.mockwebserver.MockWebServer$3 execute
INFO: MockWebServer[51177] starting to accept connections
Sep 02, 2015 11:55:58 PM com.squareup.okhttp.mockwebserver.MockWebServer$4 processOneRequest
INFO: MockWebServer[51177] received request: GET / HTTP/1.1 and responded: HTTP/1.1 200 OK
Sep 02, 2015 11:55:58 PM com.squareup.okhttp.mockwebserver.MockWebServer$3 acceptConnections
INFO: MockWebServer[51177] done accepting connections: Socket closed
Tests run: 23, Failures: 0, Errors: 0, Skipped: 0, Time elapsed: 1.071 sec
Running retrofit.RequestFactoryParserTest
Tests run: 1, Failures: 0, Errors: 0, Skipped: 0, Time elapsed: 0.005 sec
Running retrofit.RetrofitTest
Sep 02, 2015 11:55:58 PM com.squareup.okhttp.mockwebserver.MockWebServer$3 execute
INFO: MockWebServer[36907] starting to accept connections
Sep 02, 2015 11:55:58 PM com.squareup.okhttp.mockwebserver.MockWebServer$3 acceptConnections
INFO: MockWebServer[36907] done accepting connections: Socket closed
Sep 02, 2015 11:55:58 PM com.squareup.okhttp.mockwebserver.MockWebServer$3 execute
INFO: MockWebServer[52850] starting to accept connections
Sep 02, 2015 11:55:58 PM com.squareup.okhttp.mockwebserver.MockWebServer$3 acceptConnections
INFO: MockWebServer[52850] done accepting connections: Socket closed
Sep 02, 2015 11:55:58 PM com.squareup.okhttp.mockwebserver.MockWebServer$3 execute
INFO: MockWebServer[59576] starting to accept connections
Sep 02, 2015 11:55:58 PM com.squareup.okhttp.mockwebserver.MockWebServer$3 acceptConnections
INFO: MockWebServer[59576] done accepting connections: Socket is closed
Sep 02, 2015 11:55:58 PM com.squareup.okhttp.mockwebserver.MockWebServer$3 execute
INFO: MockWebServer[55903] starting to accept connections
Sep 02, 2015 11:55:58 PM com.squareup.okhttp.mockwebserver.MockWebServer$3 acceptConnections
INFO: MockWebServer[55903] done accepting connections: Socket is closed
Sep 02, 2015 11:55:58 PM com.squareup.okhttp.mockwebserver.MockWebServer$3 execute
INFO: MockWebServer[58477] starting to accept connections
Sep 02, 2015 11:55:58 PM com.squareup.okhttp.mockwebserver.MockWebServer$3 acceptConnections
INFO: MockWebServer[58477] done accepting connections: Socket is closed
Sep 02, 2015 11:55:58 PM com.squareup.okhttp.mockwebserver.MockWebServer$3 execute
INFO: MockWebServer[45173] starting to accept connections
Sep 02, 2015 11:55:58 PM com.squareup.okhttp.mockwebserver.MockWebServer$3 acceptConnections
INFO: MockWebServer[45173] done accepting connections: Socket is closed
Sep 02, 2015 11:55:58 PM com.squareup.okhttp.mockwebserver.MockWebServer$3 execute
INFO: MockWebServer[60611] starting to accept connections
Sep 02, 2015 11:55:58 PM com.squareup.okhttp.mockwebserver.MockWebServer$3 acceptConnections
INFO: MockWebServer[60611] done accepting connections: Socket is closed
Sep 02, 2015 11:55:58 PM com.squareup.okhttp.mockwebserver.MockWebServer$3 execute
INFO: MockWebServer[59180] starting to accept connections
Sep 02, 2015 11:55:58 PM com.squareup.okhttp.mockwebserver.MockWebServer$3 acceptConnections
INFO: MockWebServer[59180] done accepting connections: Socket is closed
Sep 02, 2015 11:55:58 PM com.squareup.okhttp.mockwebserver.MockWebServer$3 execute
INFO: MockWebServer[49583] starting to accept connections
Sep 02, 2015 11:55:58 PM com.squareup.okhttp.mockwebserver.MockWebServer$3 acceptConnections
INFO: MockWebServer[49583] done accepting connections: Socket is closed
Sep 02, 2015 11:55:58 PM com.squareup.okhttp.mockwebserver.MockWebServer$3 execute
INFO: MockWebServer[47849] starting to accept connections
Sep 02, 2015 11:55:58 PM com.squareup.okhttp.mockwebserver.MockWebServer$3 acceptConnections
INFO: MockWebServer[47849] done accepting connections: Socket closed
Sep 02, 2015 11:55:58 PM com.squareup.okhttp.mockwebserver.MockWebServer$4 processOneRequest
INFO: MockWebServer[47849] received request: GET / HTTP/1.1 and responded: HTTP/1.1 200 OK
Sep 02, 2015 11:55:58 PM com.squareup.okhttp.mockwebserver.MockWebServer$3 execute
INFO: MockWebServer[46305] starting to accept connections
Sep 02, 2015 11:55:58 PM com.squareup.okhttp.mockwebserver.MockWebServer$3 acceptConnections
INFO: MockWebServer[46305] done accepting connections: Socket is closed
Sep 02, 2015 11:55:58 PM com.squareup.okhttp.mockwebserver.MockWebServer$3 execute
INFO: MockWebServer[55193] starting to accept connections
Sep 02, 2015 11:55:58 PM com.squareup.okhttp.mockwebserver.MockWebServer$3 acceptConnections
INFO: MockWebServer[55193] done accepting connections: Socket is closed
Sep 02, 2015 11:55:58 PM com.squareup.okhttp.mockwebserver.MockWebServer$3 execute
INFO: MockWebServer[58316] starting to accept connections
Sep 02, 2015 11:55:58 PM com.squareup.okhttp.mockwebserver.MockWebServer$4 processOneRequest
INFO: MockWebServer[58316] received request: GET / HTTP/1.1 and responded: HTTP/1.1 200 OK
Sep 02, 2015 11:55:58 PM com.squareup.okhttp.mockwebserver.MockWebServer$3 acceptConnections
INFO: MockWebServer[58316] done accepting connections: Socket closed
Sep 02, 2015 11:55:58 PM com.squareup.okhttp.mockwebserver.MockWebServer$3 execute
INFO: MockWebServer[36316] starting to accept connections
Sep 02, 2015 11:55:58 PM com.squareup.okhttp.mockwebserver.MockWebServer$3 acceptConnections
INFO: MockWebServer[36316] done accepting connections: Socket closed
Sep 02, 2015 11:55:58 PM com.squareup.okhttp.mockwebserver.MockWebServer$4 processOneRequest
INFO: MockWebServer[36316] received request: POST / HTTP/1.1 and responded: HTTP/1.1 200 OK
Sep 02, 2015 11:55:58 PM com.squareup.okhttp.mockwebserver.MockWebServer$3 execute
INFO: MockWebServer[58688] starting to accept connections
Sep 02, 2015 11:55:58 PM com.squareup.okhttp.mockwebserver.MockWebServer$3 acceptConnections
INFO: MockWebServer[58688] done accepting connections: Socket is closed
Sep 02, 2015 11:55:58 PM com.squareup.okhttp.mockwebserver.MockWebServer$3 execute
INFO: MockWebServer[57598] starting to accept connections
Sep 02, 2015 11:55:58 PM com.squareup.okhttp.mockwebserver.MockWebServer$3 acceptConnections
INFO: MockWebServer[57598] done accepting connections: Socket is closed
Sep 02, 2015 11:55:58 PM com.squareup.okhttp.mockwebserver.MockWebServer$3 execute
INFO: MockWebServer[48300] starting to accept connections
Sep 02, 2015 11:55:58 PM com.squareup.okhttp.mockwebserver.MockWebServer$3 acceptConnections
INFO: MockWebServer[48300] done accepting connections: Socket is closed
Sep 02, 2015 11:55:58 PM com.squareup.okhttp.mockwebserver.MockWebServer$3 execute
INFO: MockWebServer[47712] starting to accept connections
Sep 02, 2015 11:55:58 PM com.squareup.okhttp.mockwebserver.MockWebServer$3 acceptConnections
INFO: MockWebServer[47712] done accepting connections: Socket is closed
Sep 02, 2015 11:55:58 PM com.squareup.okhttp.mockwebserver.MockWebServer$3 execute
INFO: MockWebServer[54068] starting to accept connections
Sep 02, 2015 11:55:58 PM com.squareup.okhttp.mockwebserver.MockWebServer$4 processOneRequest
INFO: MockWebServer[54068] received request: GET / HTTP/1.1 and responded: HTTP/1.1 200 OK
Sep 02, 2015 11:55:58 PM com.squareup.okhttp.mockwebserver.MockWebServer$3 acceptConnections
INFO: MockWebServer[54068] done accepting connections: Socket closed
Sep 02, 2015 11:55:58 PM com.squareup.okhttp.mockwebserver.MockWebServer$3 execute
INFO: MockWebServer[36455] starting to accept connections
Sep 02, 2015 11:55:58 PM com.squareup.okhttp.mockwebserver.MockWebServer$4 processOneRequest
INFO: MockWebServer[36455] received request: POST /a HTTP/1.1 and responded: HTTP/1.1 200 OK
Sep 02, 2015 11:55:58 PM com.squareup.okhttp.mockwebserver.MockWebServer$4 processOneRequest
INFO: MockWebServer[36455] received request: POST /b HTTP/1.1 and responded: HTTP/1.1 200 OK
Sep 02, 2015 11:55:58 PM com.squareup.okhttp.mockwebserver.MockWebServer$3 acceptConnections
INFO: MockWebServer[36455] done accepting connections: Socket closed
Sep 02, 2015 11:55:58 PM com.squareup.okhttp.mockwebserver.MockWebServer$3 execute
INFO: MockWebServer[49167] starting to accept connections
Sep 02, 2015 11:55:58 PM com.squareup.okhttp.mockwebserver.MockWebServer$3 acceptConnections
INFO: MockWebServer[49167] done accepting connections: Socket is closed
Sep 02, 2015 11:55:58 PM com.squareup.okhttp.mockwebserver.MockWebServer$3 execute
INFO: MockWebServer[49256] starting to accept connections
Sep 02, 2015 11:55:58 PM com.squareup.okhttp.mockwebserver.MockWebServer$3 acceptConnections
INFO: MockWebServer[49256] done accepting connections: Socket is closed
Sep 02, 2015 11:55:58 PM com.squareup.okhttp.mockwebserver.MockWebServer$3 execute
INFO: MockWebServer[33497] starting to accept connections
Sep 02, 2015 11:55:58 PM com.squareup.okhttp.mockwebserver.MockWebServer$3 acceptConnections
INFO: MockWebServer[33497] done accepting connections: Socket is closed
Sep 02, 2015 11:55:58 PM com.squareup.okhttp.mockwebserver.MockWebServer$3 execute
INFO: MockWebServer[59357] starting to accept connections
Sep 02, 2015 11:55:58 PM com.squareup.okhttp.mockwebserver.MockWebServer$3 acceptConnections
INFO: MockWebServer[59357] done accepting connections: Socket is closed
Sep 02, 2015 11:55:58 PM com.squareup.okhttp.mockwebserver.MockWebServer$3 execute
INFO: MockWebServer[60458] starting to accept connections
Sep 02, 2015 11:55:58 PM com.squareup.okhttp.mockwebserver.MockWebServer$3 acceptConnections
INFO: MockWebServer[60458] done accepting connections: Socket is closed
Sep 02, 2015 11:55:58 PM com.squareup.okhttp.mockwebserver.MockWebServer$3 execute
INFO: MockWebServer[51045] starting to accept connections
Sep 02, 2015 11:55:58 PM com.squareup.okhttp.mockwebserver.MockWebServer$3 acceptConnections
INFO: MockWebServer[51045] done accepting connections: Socket closed
Sep 02, 2015 11:55:58 PM com.squareup.okhttp.mockwebserver.MockWebServer$3 execute
INFO: MockWebServer[50727] starting to accept connections
Sep 02, 2015 11:55:58 PM com.squareup.okhttp.mockwebserver.MockWebServer$3 acceptConnections
INFO: MockWebServer[50727] done accepting connections: Socket is closed
Sep 02, 2015 11:55:58 PM com.squareup.okhttp.mockwebserver.MockWebServer$3 execute
INFO: MockWebServer[48871] starting to accept connections
Sep 02, 2015 11:55:58 PM com.squareup.okhttp.mockwebserver.MockWebServer$3 acceptConnections
INFO: MockWebServer[48871] done accepting connections: Socket is closed
Sep 02, 2015 11:55:58 PM com.squareup.okhttp.mockwebserver.MockWebServer$3 execute
INFO: MockWebServer[38762] starting to accept connections
Sep 02, 2015 11:55:58 PM com.squareup.okhttp.mockwebserver.MockWebServer$3 acceptConnections
INFO: MockWebServer[38762] done accepting connections: Socket is closed
Sep 02, 2015 11:55:58 PM com.squareup.okhttp.mockwebserver.MockWebServer$3 execute
INFO: MockWebServer[46087] starting to accept connections
Sep 02, 2015 11:55:58 PM com.squareup.okhttp.mockwebserver.MockWebServer$3 acceptConnections
INFO: MockWebServer[46087] done accepting connections: Socket is closed
Sep 02, 2015 11:55:58 PM com.squareup.okhttp.mockwebserver.MockWebServer$3 execute
INFO: MockWebServer[34651] starting to accept connections
Sep 02, 2015 11:55:58 PM com.squareup.okhttp.mockwebserver.MockWebServer$3 acceptConnections
INFO: MockWebServer[34651] done accepting connections: Socket is closed
Sep 02, 2015 11:55:58 PM com.squareup.okhttp.mockwebserver.MockWebServer$3 execute
INFO: MockWebServer[56238] starting to accept connections
Sep 02, 2015 11:55:58 PM com.squareup.okhttp.mockwebserver.MockWebServer$3 acceptConnections
INFO: MockWebServer[56238] done accepting connections: Socket is closed
Sep 02, 2015 11:55:58 PM com.squareup.okhttp.mockwebserver.MockWebServer$3 execute
INFO: MockWebServer[59539] starting to accept connections
Sep 02, 2015 11:55:58 PM com.squareup.okhttp.mockwebserver.MockWebServer$3 acceptConnections
INFO: MockWebServer[59539] done accepting connections: Socket closed
Sep 02, 2015 11:55:58 PM com.squareup.okhttp.mockwebserver.MockWebServer$3 execute
INFO: MockWebServer[33743] starting to accept connections
Sep 02, 2015 11:55:58 PM com.squareup.okhttp.mockwebserver.MockWebServer$3 acceptConnections
INFO: MockWebServer[33743] done accepting connections: Socket is closed
Sep 02, 2015 11:55:58 PM com.squareup.okhttp.mockwebserver.MockWebServer$3 execute
INFO: MockWebServer[57800] starting to accept connections
Sep 02, 2015 11:55:58 PM com.squareup.okhttp.mockwebserver.MockWebServer$3 acceptConnections
INFO: MockWebServer[57800] done accepting connections: Socket closed
Sep 02, 2015 11:55:58 PM com.squareup.okhttp.mockwebserver.MockWebServer$3 execute
INFO: MockWebServer[35144] starting to accept connections
Sep 02, 2015 11:55:58 PM com.squareup.okhttp.mockwebserver.MockWebServer$3 acceptConnections
INFO: MockWebServer[35144] done accepting connections: Socket is closed
Sep 02, 2015 11:55:58 PM com.squareup.okhttp.mockwebserver.MockWebServer$3 execute
INFO: MockWebServer[37539] starting to accept connections
Sep 02, 2015 11:55:58 PM com.squareup.okhttp.mockwebserver.MockWebServer$3 acceptConnections
INFO: MockWebServer[37539] done accepting connections: Socket is closed
Sep 02, 2015 11:55:58 PM com.squareup.okhttp.mockwebserver.MockWebServer$3 execute
INFO: MockWebServer[46731] starting to accept connections
Sep 02, 2015 11:55:58 PM com.squareup.okhttp.mockwebserver.MockWebServer$3 acceptConnections
INFO: MockWebServer[46731] done accepting connections: Socket is closed
Sep 02, 2015 11:55:58 PM com.squareup.okhttp.mockwebserver.MockWebServer$3 execute
INFO: MockWebServer[47786] starting to accept connections
Sep 02, 2015 11:55:58 PM com.squareup.okhttp.mockwebserver.MockWebServer$3 acceptConnections
INFO: MockWebServer[47786] done accepting connections: Socket is closed
Sep 02, 2015 11:55:58 PM com.squareup.okhttp.mockwebserver.MockWebServer$3 execute
INFO: MockWebServer[33443] starting to accept connections
Sep 02, 2015 11:55:58 PM com.squareup.okhttp.mockwebserver.MockWebServer$3 acceptConnections
INFO: MockWebServer[33443] done accepting connections: Socket is closed
Tests run: 40, Failures: 0, Errors: 0, Skipped: 0, Time elapsed: 0.515 sec

Results :

Tests run: 169, Failures: 0, Errors: 0, Skipped: 2

[INFO] 
[INFO] --- animal-sniffer-maven-plugin:1.14:check (default) @ retrofit ---
[INFO] Checking unresolved references to org.codehaus.mojo.signature:java16:1.1
[INFO]                                                                         
[INFO] ------------------------------------------------------------------------
[INFO] Building Adapters 2.0.0-SNAPSHOT
[INFO] ------------------------------------------------------------------------
[INFO] 
[INFO] --- maven-enforcer-plugin:1.0:enforce (enforce-maven) @ retrofit-adapters ---
[INFO] 
[INFO] --- animal-sniffer-maven-plugin:1.14:check (default) @ retrofit-adapters ---
[INFO] Checking unresolved references to org.codehaus.mojo.signature:java16:1.1
[INFO]                                                                         
[INFO] ------------------------------------------------------------------------
[INFO] Building Adapter: RxJava 2.0.0-SNAPSHOT
[INFO] ------------------------------------------------------------------------
[INFO] 
[INFO] --- maven-enforcer-plugin:1.0:enforce (enforce-maven) @ adapter-rxjava ---
[INFO] 
[INFO] --- maven-resources-plugin:2.6:resources (default-resources) @ adapter-rxjava ---
[INFO] Using 'UTF-8' encoding to copy filtered resources.
[INFO] skip non existing resourceDirectory /home/travis/build/square/retrofit/retrofit-adapters/rxjava/src/main/resources
[INFO] 
[INFO] --- maven-compiler-plugin:3.0:compile (default-compile) @ adapter-rxjava ---
[INFO] Changes detected - recompiling the module!
[INFO] Compiling 4 source files to /home/travis/build/square/retrofit/retrofit-adapters/rxjava/target/classes
[INFO] 
[INFO] --- maven-resources-plugin:2.6:testResources (default-testResources) @ adapter-rxjava ---
[INFO] Using 'UTF-8' encoding to copy filtered resources.
[INFO] skip non existing resourceDirectory /home/travis/build/square/retrofit/retrofit-adapters/rxjava/src/test/resources
[INFO] 
[INFO] --- maven-compiler-plugin:3.0:testCompile (default-testCompile) @ adapter-rxjava ---
[INFO] Changes detected - recompiling the module!
[INFO] Compiling 2 source files to /home/travis/build/square/retrofit/retrofit-adapters/rxjava/target/test-classes
[INFO] 
[INFO] --- maven-surefire-plugin:2.12.4:test (default-test) @ adapter-rxjava ---
[INFO] Surefire report directory: /home/travis/build/square/retrofit/retrofit-adapters/rxjava/target/surefire-reports

-------------------------------------------------------
 T E S T S
-------------------------------------------------------
Running retrofit.ResultTest
Tests run: 4, Failures: 0, Errors: 0, Skipped: 0, Time elapsed: 0.173 sec
Running retrofit.RxJavaCallAdapterFactoryTest
Sep 02, 2015 11:56:00 PM com.squareup.okhttp.mockwebserver.MockWebServer$3 execute
INFO: MockWebServer[38669] starting to accept connections
Sep 02, 2015 11:56:01 PM com.squareup.okhttp.mockwebserver.MockWebServer$4 processConnection
WARNING: MockWebServer[38669] connection from /127.0.0.1 didn't make a request
Sep 02, 2015 11:56:01 PM com.squareup.okhttp.mockwebserver.MockWebServer$3 acceptConnections
INFO: MockWebServer[38669] done accepting connections: Socket closed
Sep 02, 2015 11:56:01 PM com.squareup.okhttp.mockwebserver.MockWebServer$3 execute
INFO: MockWebServer[55389] starting to accept connections
Sep 02, 2015 11:56:01 PM com.squareup.okhttp.mockwebserver.MockWebServer$4 processOneRequest
INFO: MockWebServer[55389] received request: GET / HTTP/1.1 and responded: HTTP/1.1 200 OK
Sep 02, 2015 11:56:01 PM com.squareup.okhttp.mockwebserver.MockWebServer$3 acceptConnections
INFO: MockWebServer[55389] done accepting connections: Socket closed
Sep 02, 2015 11:56:01 PM com.squareup.okhttp.mockwebserver.MockWebServer$3 execute
INFO: MockWebServer[58399] starting to accept connections
Sep 02, 2015 11:56:01 PM com.squareup.okhttp.mockwebserver.MockWebServer$4 processOneRequest
INFO: MockWebServer[58399] received request: GET / HTTP/1.1 and responded: HTTP/1.1 404 OK
Sep 02, 2015 11:56:01 PM com.squareup.okhttp.mockwebserver.MockWebServer$3 acceptConnections
INFO: MockWebServer[58399] done accepting connections: Socket closed
Sep 02, 2015 11:56:01 PM com.squareup.okhttp.mockwebserver.MockWebServer$3 execute
INFO: MockWebServer[34601] starting to accept connections
Sep 02, 2015 11:56:01 PM com.squareup.okhttp.mockwebserver.MockWebServer$3 acceptConnections
INFO: MockWebServer[34601] done accepting connections: Socket closed
Sep 02, 2015 11:56:01 PM com.squareup.okhttp.mockwebserver.MockWebServer$3 execute
INFO: MockWebServer[37109] starting to accept connections
Sep 02, 2015 11:56:01 PM com.squareup.okhttp.mockwebserver.MockWebServer$3 acceptConnections
INFO: MockWebServer[37109] done accepting connections: Socket is closed
Sep 02, 2015 11:56:01 PM com.squareup.okhttp.mockwebserver.MockWebServer$3 execute
INFO: MockWebServer[55247] starting to accept connections
Sep 02, 2015 11:56:01 PM com.squareup.okhttp.mockwebserver.MockWebServer$4 processConnection
WARNING: MockWebServer[55247] connection from /127.0.0.1 didn't make a request
Sep 02, 2015 11:56:01 PM com.squareup.okhttp.mockwebserver.MockWebServer$3 acceptConnections
INFO: MockWebServer[55247] done accepting connections: Socket closed
Sep 02, 2015 11:56:01 PM com.squareup.okhttp.mockwebserver.MockWebServer$3 execute
INFO: MockWebServer[48290] starting to accept connections
Sep 02, 2015 11:56:01 PM com.squareup.okhttp.mockwebserver.MockWebServer$4 processOneRequest
INFO: MockWebServer[48290] received request: GET / HTTP/1.1 and responded: HTTP/1.1 200 OK
Sep 02, 2015 11:56:01 PM com.squareup.okhttp.mockwebserver.MockWebServer$3 acceptConnections
INFO: MockWebServer[48290] done accepting connections: Socket closed
Sep 02, 2015 11:56:01 PM com.squareup.okhttp.mockwebserver.MockWebServer$3 execute
INFO: MockWebServer[51194] starting to accept connections
Sep 02, 2015 11:56:01 PM com.squareup.okhttp.mockwebserver.MockWebServer$4 processOneRequest
INFO: MockWebServer[51194] received request: GET / HTTP/1.1 and responded: HTTP/1.1 404 OK
Sep 02, 2015 11:56:01 PM com.squareup.okhttp.mockwebserver.MockWebServer$3 acceptConnections
INFO: MockWebServer[51194] done accepting connections: Socket closed
Sep 02, 2015 11:56:01 PM com.squareup.okhttp.mockwebserver.MockWebServer$3 execute
INFO: MockWebServer[51285] starting to accept connections
Sep 02, 2015 11:56:01 PM com.squareup.okhttp.mockwebserver.MockWebServer$3 acceptConnections
INFO: MockWebServer[51285] done accepting connections: Socket is closed
Sep 02, 2015 11:56:01 PM com.squareup.okhttp.mockwebserver.MockWebServer$3 execute
INFO: MockWebServer[39575] starting to accept connections
Sep 02, 2015 11:56:01 PM com.squareup.okhttp.mockwebserver.MockWebServer$3 acceptConnections
INFO: MockWebServer[39575] done accepting connections: Socket closed
Sep 02, 2015 11:56:01 PM com.squareup.okhttp.mockwebserver.MockWebServer$4 processConnection
WARNING: MockWebServer[39575] connection from /127.0.0.1 didn't make a request
Sep 02, 2015 11:56:01 PM com.squareup.okhttp.mockwebserver.MockWebServer$3 execute
INFO: MockWebServer[50253] starting to accept connections
Sep 02, 2015 11:56:01 PM com.squareup.okhttp.mockwebserver.MockWebServer$3 acceptConnections
INFO: MockWebServer[50253] done accepting connections: Socket is closed
Sep 02, 2015 11:56:01 PM com.squareup.okhttp.mockwebserver.MockWebServer$3 execute
INFO: MockWebServer[41958] starting to accept connections
Sep 02, 2015 11:56:01 PM com.squareup.okhttp.mockwebserver.MockWebServer$3 acceptConnections
INFO: MockWebServer[41958] done accepting connections: Socket closed
Sep 02, 2015 11:56:01 PM com.squareup.okhttp.mockwebserver.MockWebServer$3 execute
INFO: MockWebServer[51388] starting to accept connections
Sep 02, 2015 11:56:01 PM com.squareup.okhttp.mockwebserver.MockWebServer$4 processOneRequest
INFO: MockWebServer[51388] received request: GET / HTTP/1.1 and responded: HTTP/1.1 200 OK
Sep 02, 2015 11:56:01 PM com.squareup.okhttp.mockwebserver.MockWebServer$3 acceptConnections
INFO: MockWebServer[51388] done accepting connections: Socket closed
Sep 02, 2015 11:56:01 PM com.squareup.okhttp.mockwebserver.MockWebServer$3 execute
INFO: MockWebServer[59178] starting to accept connections
Sep 02, 2015 11:56:01 PM com.squareup.okhttp.mockwebserver.MockWebServer$4 processOneRequest
INFO: MockWebServer[59178] received request: GET / HTTP/1.1 and responded: HTTP/1.1 404 OK
Sep 02, 2015 11:56:01 PM com.squareup.okhttp.mockwebserver.MockWebServer$3 acceptConnections
INFO: MockWebServer[59178] done accepting connections: Socket closed
Sep 02, 2015 11:56:01 PM com.squareup.okhttp.mockwebserver.MockWebServer$3 execute
INFO: MockWebServer[44074] starting to accept connections
Sep 02, 2015 11:56:01 PM com.squareup.okhttp.mockwebserver.MockWebServer$3 acceptConnections
INFO: MockWebServer[44074] done accepting connections: Socket is closed
Tests run: 15, Failures: 0, Errors: 0, Skipped: 0, Time elapsed: 0.496 sec

Results :

Tests run: 19, Failures: 0, Errors: 0, Skipped: 0

[INFO] 
[INFO] --- animal-sniffer-maven-plugin:1.14:check (default) @ adapter-rxjava ---
[INFO] Checking unresolved references to org.codehaus.mojo.signature:java16:1.1
[INFO]                                                                         
[INFO] ------------------------------------------------------------------------
[INFO] Building Retrofit Mock Adapter 2.0.0-SNAPSHOT
[INFO] ------------------------------------------------------------------------
[INFO] 
[INFO] --- maven-enforcer-plugin:1.0:enforce (enforce-maven) @ retrofit-mock ---
[INFO] 
[INFO] --- maven-resources-plugin:2.6:resources (default-resources) @ retrofit-mock ---
[INFO] Using 'UTF-8' encoding to copy filtered resources.
[INFO] skip non existing resourceDirectory /home/travis/build/square/retrofit/retrofit-mock/src/main/resources
[INFO] 
[INFO] --- maven-compiler-plugin:3.0:compile (default-compile) @ retrofit-mock ---
[INFO] Changes detected - recompiling the module!
[INFO] Compiling 5 source files to /home/travis/build/square/retrofit/retrofit-mock/target/classes
[INFO] 
[INFO] --- maven-resources-plugin:2.6:testResources (default-testResources) @ retrofit-mock ---
[INFO] Using 'UTF-8' encoding to copy filtered resources.
[INFO] skip non existing resourceDirectory /home/travis/build/square/retrofit/retrofit-mock/src/test/resources
[INFO] 
[INFO] --- maven-compiler-plugin:3.0:testCompile (default-testCompile) @ retrofit-mock ---
[INFO] Changes detected - recompiling the module!
[INFO] Compiling 2 source files to /home/travis/build/square/retrofit/retrofit-mock/target/test-classes
[INFO] 
[INFO] --- maven-surefire-plugin:2.12.4:test (default-test) @ retrofit-mock ---
[INFO] Surefire report directory: /home/travis/build/square/retrofit/retrofit-mock/target/surefire-reports

-------------------------------------------------------
 T E S T S
-------------------------------------------------------
Running retrofit.MockRetrofitTest
Tests run: 10, Failures: 0, Errors: 0, Skipped: 0, Time elapsed: 1.031 sec
Running retrofit.NetworkBehaviorTest
Tests run: 5, Failures: 0, Errors: 0, Skipped: 0, Time elapsed: 0.024 sec

Results :

Tests run: 15, Failures: 0, Errors: 0, Skipped: 0

[INFO] 
[INFO] --- animal-sniffer-maven-plugin:1.14:check (default) @ retrofit-mock ---
[INFO] Checking unresolved references to org.codehaus.mojo.signature:java16:1.1
[INFO]                                                                         
[INFO] ------------------------------------------------------------------------
[INFO] Building Adapter: RxJava Mock 2.0.0-SNAPSHOT
[INFO] ------------------------------------------------------------------------
[INFO] 
[INFO] --- maven-enforcer-plugin:1.0:enforce (enforce-maven) @ adapter-rxjava-mock ---
[INFO] 
[INFO] --- maven-resources-plugin:2.6:resources (default-resources) @ adapter-rxjava-mock ---
[INFO] Using 'UTF-8' encoding to copy filtered resources.
[INFO] skip non existing resourceDirectory /home/travis/build/square/retrofit/retrofit-adapters/rxjava-mock/src/main/resources
[INFO] 
[INFO] --- maven-compiler-plugin:3.0:compile (default-compile) @ adapter-rxjava-mock ---
[INFO] Changes detected - recompiling the module!
[INFO] Compiling 2 source files to /home/travis/build/square/retrofit/retrofit-adapters/rxjava-mock/target/classes
[INFO] 
[INFO] --- maven-resources-plugin:2.6:testResources (default-testResources) @ adapter-rxjava-mock ---
[INFO] Using 'UTF-8' encoding to copy filtered resources.
[INFO] skip non existing resourceDirectory /home/travis/build/square/retrofit/retrofit-adapters/rxjava-mock/src/test/resources
[INFO] 
[INFO] --- maven-compiler-plugin:3.0:testCompile (default-testCompile) @ adapter-rxjava-mock ---
[INFO] Changes detected - recompiling the module!
[INFO] Compiling 1 source file to /home/travis/build/square/retrofit/retrofit-adapters/rxjava-mock/target/test-classes
[INFO] 
[INFO] --- maven-surefire-plugin:2.12.4:test (default-test) @ adapter-rxjava-mock ---
[INFO] Surefire report directory: /home/travis/build/square/retrofit/retrofit-adapters/rxjava-mock/target/surefire-reports

-------------------------------------------------------
 T E S T S
-------------------------------------------------------
Running retrofit.mock.RxJavaBehaviorAdapterTest
Tests run: 4, Failures: 0, Errors: 0, Skipped: 0, Time elapsed: 0.622 sec

Results :

Tests run: 4, Failures: 0, Errors: 0, Skipped: 0

[INFO] 
[INFO] --- animal-sniffer-maven-plugin:1.14:check (default) @ adapter-rxjava-mock ---
[INFO] Checking unresolved references to org.codehaus.mojo.signature:java16:1.1
[INFO]                                                                         
[INFO] ------------------------------------------------------------------------
[INFO] Building Converters 2.0.0-SNAPSHOT
[INFO] ------------------------------------------------------------------------
[INFO] 
[INFO] --- maven-enforcer-plugin:1.0:enforce (enforce-maven) @ retrofit-converters ---
[INFO] 
[INFO] --- animal-sniffer-maven-plugin:1.14:check (default) @ retrofit-converters ---
[INFO] Checking unresolved references to org.codehaus.mojo.signature:java16:1.1
[INFO]                                                                         
[INFO] ------------------------------------------------------------------------
[INFO] Building Converter: Gson 2.0.0-SNAPSHOT
[INFO] ------------------------------------------------------------------------
[INFO] 
[INFO] --- maven-enforcer-plugin:1.0:enforce (enforce-maven) @ converter-gson ---
[INFO] 
[INFO] --- maven-resources-plugin:2.6:resources (default-resources) @ converter-gson ---
[INFO] Using 'UTF-8' encoding to copy filtered resources.
[INFO] skip non existing resourceDirectory /home/travis/build/square/retrofit/retrofit-converters/gson/src/main/resources
[INFO] 
[INFO] --- maven-compiler-plugin:3.0:compile (default-compile) @ converter-gson ---
[INFO] Changes detected - recompiling the module!
[INFO] Compiling 2 source files to /home/travis/build/square/retrofit/retrofit-converters/gson/target/classes
[INFO] 
[INFO] --- maven-resources-plugin:2.6:testResources (default-testResources) @ converter-gson ---
[INFO] Using 'UTF-8' encoding to copy filtered resources.
[INFO] skip non existing resourceDirectory /home/travis/build/square/retrofit/retrofit-converters/gson/src/test/resources
[INFO] 
[INFO] --- maven-compiler-plugin:3.0:testCompile (default-testCompile) @ converter-gson ---
[INFO] Changes detected - recompiling the module!
[INFO] Compiling 1 source file to /home/travis/build/square/retrofit/retrofit-converters/gson/target/test-classes
[INFO] 
[INFO] --- maven-surefire-plugin:2.12.4:test (default-test) @ converter-gson ---
[INFO] Surefire report directory: /home/travis/build/square/retrofit/retrofit-converters/gson/target/surefire-reports

-------------------------------------------------------
 T E S T S
-------------------------------------------------------
Running retrofit.GsonConverterFactoryTest
Sep 02, 2015 11:56:05 PM com.squareup.okhttp.mockwebserver.MockWebServer$3 execute
INFO: MockWebServer[57330] starting to accept connections
Sep 02, 2015 11:56:06 PM com.squareup.okhttp.mockwebserver.MockWebServer$4 processOneRequest
INFO: MockWebServer[57330] received request: POST / HTTP/1.1 and responded: HTTP/1.1 200 OK
Sep 02, 2015 11:56:06 PM com.squareup.okhttp.mockwebserver.MockWebServer$3 acceptConnections
INFO: MockWebServer[57330] done accepting connections: Socket closed
Sep 02, 2015 11:56:06 PM com.squareup.okhttp.mockwebserver.MockWebServer$3 execute
INFO: MockWebServer[50869] starting to accept connections
Sep 02, 2015 11:56:06 PM com.squareup.okhttp.mockwebserver.MockWebServer$4 processOneRequest
INFO: MockWebServer[50869] received request: POST / HTTP/1.1 and responded: HTTP/1.1 200 OK
Sep 02, 2015 11:56:06 PM com.squareup.okhttp.mockwebserver.MockWebServer$3 acceptConnections
INFO: MockWebServer[50869] done accepting connections: Socket closed
Tests run: 2, Failures: 0, Errors: 0, Skipped: 0, Time elapsed: 0.56 sec

Results :

Tests run: 2, Failures: 0, Errors: 0, Skipped: 0

[INFO] 
[INFO] --- animal-sniffer-maven-plugin:1.14:check (default) @ converter-gson ---
[INFO] Checking unresolved references to org.codehaus.mojo.signature:java16:1.1
[INFO]                                                                         
[INFO] ------------------------------------------------------------------------
[INFO] Building Converter: Protocol Buffers 2.0.0-SNAPSHOT
[INFO] ------------------------------------------------------------------------
[INFO] 
[INFO] --- maven-enforcer-plugin:1.0:enforce (enforce-maven) @ converter-protobuf ---
[INFO] 
[INFO] --- maven-resources-plugin:2.6:resources (default-resources) @ converter-protobuf ---
[INFO] Using 'UTF-8' encoding to copy filtered resources.
[INFO] skip non existing resourceDirectory /home/travis/build/square/retrofit/retrofit-converters/protobuf/src/main/resources
[INFO] 
[INFO] --- maven-compiler-plugin:3.0:compile (default-compile) @ converter-protobuf ---
[INFO] Changes detected - recompiling the module!
[INFO] Compiling 2 source files to /home/travis/build/square/retrofit/retrofit-converters/protobuf/target/classes
[WARNING] /home/travis/build/square/retrofit/retrofit-converters/protobuf/src/main/java/retrofit/ProtoConverterFactory.java: /home/travis/build/square/retrofit/retrofit-converters/protobuf/src/main/java/retrofit/ProtoConverterFactory.java uses unchecked or unsafe operations.
[WARNING] /home/travis/build/square/retrofit/retrofit-converters/protobuf/src/main/java/retrofit/ProtoConverterFactory.java: Recompile with -Xlint:unchecked for details.
[INFO] 
[INFO] --- maven-resources-plugin:2.6:testResources (default-testResources) @ converter-protobuf ---
[INFO] Using 'UTF-8' encoding to copy filtered resources.
[INFO] skip non existing resourceDirectory /home/travis/build/square/retrofit/retrofit-converters/protobuf/src/test/resources
[INFO] 
[INFO] --- maven-compiler-plugin:3.0:testCompile (default-testCompile) @ converter-protobuf ---
[INFO] Changes detected - recompiling the module!
[INFO] Compiling 2 source files to /home/travis/build/square/retrofit/retrofit-converters/protobuf/target/test-classes
[INFO] 
[INFO] --- maven-surefire-plugin:2.12.4:test (default-test) @ converter-protobuf ---
[INFO] Surefire report directory: /home/travis/build/square/retrofit/retrofit-converters/protobuf/target/surefire-reports

-------------------------------------------------------
 T E S T S
-------------------------------------------------------
Running retrofit.ProtoConverterFactoryTest
Sep 02, 2015 11:56:07 PM com.squareup.okhttp.mockwebserver.MockWebServer$3 execute
INFO: MockWebServer[37805] starting to accept connections
Sep 02, 2015 11:56:07 PM com.squareup.okhttp.mockwebserver.MockWebServer$4 processOneRequest
INFO: MockWebServer[37805] received request: POST / HTTP/1.1 and responded: HTTP/1.1 200 OK
Sep 02, 2015 11:56:07 PM com.squareup.okhttp.mockwebserver.MockWebServer$3 acceptConnections
INFO: MockWebServer[37805] done accepting connections: Socket closed
Sep 02, 2015 11:56:07 PM com.squareup.okhttp.mockwebserver.MockWebServer$3 execute
INFO: MockWebServer[46015] starting to accept connections
Sep 02, 2015 11:56:07 PM com.squareup.okhttp.mockwebserver.MockWebServer$3 acceptConnections
INFO: MockWebServer[46015] done accepting connections: Socket is closed
Sep 02, 2015 11:56:07 PM com.squareup.okhttp.mockwebserver.MockWebServer$3 execute
INFO: MockWebServer[51147] starting to accept connections
Sep 02, 2015 11:56:07 PM com.squareup.okhttp.mockwebserver.MockWebServer$4 processOneRequest
INFO: MockWebServer[51147] received request: GET / HTTP/1.1 and responded: HTTP/1.1 200 OK
Sep 02, 2015 11:56:07 PM com.squareup.okhttp.mockwebserver.MockWebServer$3 acceptConnections
INFO: MockWebServer[51147] done accepting connections: Socket closed
Sep 02, 2015 11:56:07 PM com.squareup.okhttp.mockwebserver.MockWebServer$3 execute
INFO: MockWebServer[58174] starting to accept connections
Sep 02, 2015 11:56:07 PM com.squareup.okhttp.mockwebserver.MockWebServer$3 acceptConnections
INFO: MockWebServer[58174] done accepting connections: Socket is closed
Sep 02, 2015 11:56:07 PM com.squareup.okhttp.mockwebserver.MockWebServer$3 execute
INFO: MockWebServer[46857] starting to accept connections
Sep 02, 2015 11:56:07 PM com.squareup.okhttp.mockwebserver.MockWebServer$4 processOneRequest
INFO: MockWebServer[46857] received request: GET / HTTP/1.1 and responded: HTTP/1.1 200 OK
Sep 02, 2015 11:56:07 PM com.squareup.okhttp.mockwebserver.MockWebServer$3 acceptConnections
INFO: MockWebServer[46857] done accepting connections: Socket closed
Tests run: 5, Failures: 2, Errors: 0, Skipped: 0, Time elapsed: 0.54 sec <<< FAILURE!
deserializeWrongClass(retrofit.ProtoConverterFactoryTest)  Time elapsed: 0.018 sec  <<< FAILURE!
java.lang.AssertionError: 
Expecting message:
 <"Could not locate converter for class java.lang.String. Tried:
 * retrofit.ProtoConverterFactory
 * retrofit.OkHttpBodyConverterFactory">
but was:
 <"Could not locate converter for class java.lang.String. Tried:
 * retrofit.BuiltInConverterFactory
 * retrofit.ProtoConverterFactory">
	at retrofit.ProtoConverterFactoryTest.deserializeWrongClass(ProtoConverterFactoryTest.java:90)
	at sun.reflect.NativeMethodAccessorImpl.invoke0(Native Method)
	at sun.reflect.NativeMethodAccessorImpl.invoke(NativeMethodAccessorImpl.java:62)
	at sun.reflect.DelegatingMethodAccessorImpl.invoke(DelegatingMethodAccessorImpl.java:43)
	at java.lang.reflect.Method.invoke(Method.java:483)
	at org.junit.runners.model.FrameworkMethod$1.runReflectiveCall(FrameworkMethod.java:50)
	at org.junit.internal.runners.model.ReflectiveCallable.run(ReflectiveCallable.java:12)
	at org.junit.runners.model.FrameworkMethod.invokeExplosively(FrameworkMethod.java:47)
	at org.junit.internal.runners.statements.InvokeMethod.evaluate(InvokeMethod.java:17)
	at org.junit.internal.runners.statements.RunBefores.evaluate(RunBefores.java:26)
	at com.squareup.okhttp.mockwebserver.MockWebServer$2.evaluate(MockWebServer.java:148)
	at org.junit.rules.RunRules.evaluate(RunRules.java:20)
	at org.junit.runners.ParentRunner.runLeaf(ParentRunner.java:325)
	at org.junit.runners.BlockJUnit4ClassRunner.runChild(BlockJUnit4ClassRunner.java:78)
	at org.junit.runners.BlockJUnit4ClassRunner.runChild(BlockJUnit4ClassRunner.java:57)
	at org.junit.runners.ParentRunner$3.run(ParentRunner.java:290)
	at org.junit.runners.ParentRunner$1.schedule(ParentRunner.java:71)
	at org.junit.runners.ParentRunner.runChildren(ParentRunner.java:288)
	at org.junit.runners.ParentRunner.access$000(ParentRunner.java:58)
	at org.junit.runners.ParentRunner$2.evaluate(ParentRunner.java:268)
	at org.junit.runners.ParentRunner.run(ParentRunner.java:363)
	at org.apache.maven.surefire.junit4.JUnit4Provider.execute(JUnit4Provider.java:252)
	at org.apache.maven.surefire.junit4.JUnit4Provider.executeTestSet(JUnit4Provider.java:141)
	at org.apache.maven.surefire.junit4.JUnit4Provider.invoke(JUnit4Provider.java:112)
	at sun.reflect.NativeMethodAccessorImpl.invoke0(Native Method)
	at sun.reflect.NativeMethodAccessorImpl.invoke(NativeMethodAccessorImpl.java:62)
	at sun.reflect.DelegatingMethodAccessorImpl.invoke(DelegatingMethodAccessorImpl.java:43)
	at java.lang.reflect.Method.invoke(Method.java:483)
	at org.apache.maven.surefire.util.ReflectionUtils.invokeMethodWithArray(ReflectionUtils.java:189)
	at org.apache.maven.surefire.booter.ProviderFactory$ProviderProxy.invoke(ProviderFactory.java:165)
	at org.apache.maven.surefire.booter.ProviderFactory.invokeProvider(ProviderFactory.java:85)
	at org.apache.maven.surefire.booter.ForkedBooter.runSuitesInProcess(ForkedBooter.java:115)
	at org.apache.maven.surefire.booter.ForkedBooter.main(ForkedBooter.java:75)

deserializeWrongType(retrofit.ProtoConverterFactoryTest)  Time elapsed: 0.004 sec  <<< FAILURE!
java.lang.AssertionError: 
Expecting message:
 <"Could not locate converter for java.util.List<java.lang.String>. Tried:
 * retrofit.ProtoConverterFactory
 * retrofit.OkHttpBodyConverterFactory">
but was:
 <"Could not locate converter for java.util.List<java.lang.String>. Tried:
 * retrofit.BuiltInConverterFactory
 * retrofit.ProtoConverterFactory">
	at retrofit.ProtoConverterFactoryTest.deserializeWrongType(ProtoConverterFactoryTest.java:107)
	at sun.reflect.NativeMethodAccessorImpl.invoke0(Native Method)
	at sun.reflect.NativeMethodAccessorImpl.invoke(NativeMethodAccessorImpl.java:62)
	at sun.reflect.DelegatingMethodAccessorImpl.invoke(DelegatingMethodAccessorImpl.java:43)
	at java.lang.reflect.Method.invoke(Method.java:483)
	at org.junit.runners.model.FrameworkMethod$1.runReflectiveCall(FrameworkMethod.java:50)
	at org.junit.internal.runners.model.ReflectiveCallable.run(ReflectiveCallable.java:12)
	at org.junit.runners.model.FrameworkMethod.invokeExplosively(FrameworkMethod.java:47)
	at org.junit.internal.runners.statements.InvokeMethod.evaluate(InvokeMethod.java:17)
	at org.junit.internal.runners.statements.RunBefores.evaluate(RunBefores.java:26)
	at com.squareup.okhttp.mockwebserver.MockWebServer$2.evaluate(MockWebServer.java:148)
	at org.junit.rules.RunRules.evaluate(RunRules.java:20)
	at org.junit.runners.ParentRunner.runLeaf(ParentRunner.java:325)
	at org.junit.runners.BlockJUnit4ClassRunner.runChild(BlockJUnit4ClassRunner.java:78)
	at org.junit.runners.BlockJUnit4ClassRunner.runChild(BlockJUnit4ClassRunner.java:57)
	at org.junit.runners.ParentRunner$3.run(ParentRunner.java:290)
	at org.junit.runners.ParentRunner$1.schedule(ParentRunner.java:71)
	at org.junit.runners.ParentRunner.runChildren(ParentRunner.java:288)
	at org.junit.runners.ParentRunner.access$000(ParentRunner.java:58)
	at org.junit.runners.ParentRunner$2.evaluate(ParentRunner.java:268)
	at org.junit.runners.ParentRunner.run(ParentRunner.java:363)
	at org.apache.maven.surefire.junit4.JUnit4Provider.execute(JUnit4Provider.java:252)
	at org.apache.maven.surefire.junit4.JUnit4Provider.executeTestSet(JUnit4Provider.java:141)
	at org.apache.maven.surefire.junit4.JUnit4Provider.invoke(JUnit4Provider.java:112)
	at sun.reflect.NativeMethodAccessorImpl.invoke0(Native Method)
	at sun.reflect.NativeMethodAccessorImpl.invoke(NativeMethodAccessorImpl.java:62)
	at sun.reflect.DelegatingMethodAccessorImpl.invoke(DelegatingMethodAccessorImpl.java:43)
	at java.lang.reflect.Method.invoke(Method.java:483)
	at org.apache.maven.surefire.util.ReflectionUtils.invokeMethodWithArray(ReflectionUtils.java:189)
	at org.apache.maven.surefire.booter.ProviderFactory$ProviderProxy.invoke(ProviderFactory.java:165)
	at org.apache.maven.surefire.booter.ProviderFactory.invokeProvider(ProviderFactory.java:85)
	at org.apache.maven.surefire.booter.ForkedBooter.runSuitesInProcess(ForkedBooter.java:115)
	at org.apache.maven.surefire.booter.ForkedBooter.main(ForkedBooter.java:75)


Results :

Failed tests:   deserializeWrongClass(retrofit.ProtoConverterFactoryTest): (..)
  deserializeWrongType(retrofit.ProtoConverterFactoryTest): (..)

Tests run: 5, Failures: 2, Errors: 0, Skipped: 0

[INFO] ------------------------------------------------------------------------
[INFO] Reactor Summary:
[INFO] 
[INFO] Retrofit (Parent) .................................. SUCCESS [  1.586 s]
[INFO] Retrofit ........................................... SUCCESS [ 10.953 s]
[INFO] Adapters ........................................... SUCCESS [  0.264 s]
[INFO] Adapter: RxJava .................................... SUCCESS [  1.674 s]
[INFO] Retrofit Mock Adapter .............................. SUCCESS [  2.237 s]
[INFO] Adapter: RxJava Mock ............................... SUCCESS [  1.239 s]
[INFO] Converters ......................................... SUCCESS [  0.160 s]
[INFO] Converter: Gson .................................... SUCCESS [  1.141 s]
[INFO] Converter: Protocol Buffers ........................ FAILURE [  1.035 s]
[INFO] Converter: Jackson ................................. SKIPPED
[INFO] Converter: Wire Protocol Buffers ................... SKIPPED
[INFO] Converter: SimpleXML ............................... SKIPPED
[INFO] Converter: Moshi ................................... SKIPPED
[INFO] Samples ............................................ SKIPPED
[INFO] ------------------------------------------------------------------------
[INFO] BUILD FAILURE
[INFO] ------------------------------------------------------------------------
[INFO] Total time: 20.612 s
[INFO] Finished at: 2015-09-02T23:56:07+00:00
[INFO] Final Memory: 26M/343M
[INFO] ------------------------------------------------------------------------
[ERROR] Failed to execute goal org.apache.maven.plugins:maven-surefire-plugin:2.12.4:test (default-test) on project converter-protobuf: There are test failures.
[ERROR] 
[ERROR] Please refer to /home/travis/build/square/retrofit/retrofit-converters/protobuf/target/surefire-reports for the individual test results.
[ERROR] -> [Help 1]
[ERROR] 
[ERROR] To see the full stack trace of the errors, re-run Maven with the -e switch.
[ERROR] Re-run Maven using the -X switch to enable full debug logging.
[ERROR] 
[ERROR] For more information about the errors and possible solutions, please read the following articles:
[ERROR] [Help 1] http://cwiki.apache.org/confluence/display/MAVEN/MojoFailureException
[ERROR] 
[ERROR] After correcting the problems, you can resume the build with the command
[ERROR]   mvn <goals> -rf :converter-protobuf
travis_time:end:23b0531e:start=1441238145414860708,finish=1441238167995893226,duration=22581032518[0K
[31;1mThe command "mvn test -B" exited with 1.[0m
travis_fold:start:cache.2[0Kstore build cache
travis_time:start:02852efb[0Kchange detected:
/home/travis/.m2/repository/com/squareup/retrofit/adapter-rxjava/2.0.0-SNAPSHOT/adapter-rxjava-2.0.0-SNAPSHOT.jar
/home/travis/.m2/repository/com/squareup/retrofit/adapter-rxjava/2.0.0-SNAPSHOT/adapter-rxjava-2.0.0-SNAPSHOT.jar
/home/travis/.m2/repository/com/squareup/retrofit/adapter-rxjava/2.0.0-SNAPSHOT/maven-metadata-local.xml
/home/travis/.m2/repository/com/squareup/retrofit/adapter-rxjava/2.0.0-SNAPSHOT/maven-metadata-local.xml
/home/travis/.m2/repository/com/squareup/retrofit/adapter-rxjava/2.0.0-SNAPSHOT/_remote.repositories
/home/travis/.m2/repository/com/squareup/retrofit/adapter-rxjava/2.0.0-SNAPSHOT/_remote.repositories
/home/travis/.m2/repository/com/squareup/retrofit/adapter-rxjava/maven-metadata-local.xml
/home/travis/.m2/repository/com/squareup/retrofit/adapter-rxjava/maven-metadata-local.xml
/home/travis/.m2/repository/com/squareup/retrofit/adapter-rxjava-mock/2.0.0-SNAPSHOT/adapter-rxjava-mock-2.0.0-SNAPSHOT.jar
/home/travis/.m2/repository/com/squareup/retrofit/adapter
...
changes detected, packing new archive
uploading archive
travis_time:end:02852efb:start=1441238168000025684,finish=1441238172317301453,duration=4317275769[0Ktravis_fold:end:cache.2[0K
Done. Your build exited with 1.
