Using worker: worker-linux-docker-01d832f9.prod.travis-ci.org:travis-linux-12

travis_fold:start:system_info[0K[33;1mBuild system information[0m
Build language: java
Build group: stable
Build dist: precise
[34m[1mBuild image provisioning date and time[0m
Thu Feb  5 15:09:33 UTC 2015
[34m[1mOperating System Details[0m
Distributor ID:	Ubuntu
Description:	Ubuntu 12.04.5 LTS
Release:	12.04
Codename:	precise
[34m[1mLinux Version[0m
3.13.0-29-generic
[34m[1mCookbooks Version[0m
a68419e https://github.com/travis-ci/travis-cookbooks/tree/a68419e
[34m[1mGCC version[0m
gcc (Ubuntu/Linaro 4.6.3-1ubuntu5) 4.6.3
Copyright (C) 2011 Free Software Foundation, Inc.
This is free software; see the source for copying conditions.  There is NO
warranty; not even for MERCHANTABILITY or FITNESS FOR A PARTICULAR PURPOSE.

[34m[1mLLVM version[0m
clang version 3.4 (tags/RELEASE_34/final)
Target: x86_64-unknown-linux-gnu
Thread model: posix
[34m[1mPre-installed Ruby versions[0m
ruby-1.9.3-p551
[34m[1mPre-installed Node.js versions[0m
v0.10.36
[34m[1mPre-installed Go versions[0m
1.4.1
[34m[1mRedis version[0m
redis-server 2.8.19
[34m[1mriak version[0m
2.0.2
[34m[1mMongoDB version[0m
MongoDB 2.4.12
[34m[1mCouchDB version[0m
couchdb 1.6.1
[34m[1mNeo4j version[0m
1.9.4
[34m[1mRabbitMQ Version[0m
3.4.3
[34m[1mElasticSearch version[0m
1.4.0
[34m[1mInstalled Sphinx versions[0m
2.0.10
2.1.9
2.2.6
[34m[1mDefault Sphinx version[0m
2.2.6
[34m[1mInstalled Firefox version[0m
firefox 31.0esr
[34m[1mPhantomJS version[0m
1.9.8
[34m[1mant -version[0m
Apache Ant(TM) version 1.8.2 compiled on December 3 2011
[34m[1mmvn -version[0m
Apache Maven 3.2.5 (12a6b3acb947671f09b81f49094c53f426d8cea1; 2014-12-14T17:29:23+00:00)
Maven home: /usr/local/maven
Java version: 1.7.0_76, vendor: Oracle Corporation
Java home: /usr/lib/jvm/java-7-oracle/jre
Default locale: en_US, platform encoding: ANSI_X3.4-1968
OS name: "linux", version: "3.13.0-29-generic", arch: "amd64", family: "unix"
travis_fold:end:system_info[0K
travis_fold:start:fix.CVE-2015-7547[0K$ export DEBIAN_FRONTEND=noninteractive
W: Size of file /var/lib/apt/lists/us.archive.ubuntu.com_ubuntu_dists_precise-backports_multiverse_source_Sources.gz is not what the server reported 5886 5888
W: Size of file /var/lib/apt/lists/ppa.launchpad.net_ubuntugis_ppa_ubuntu_dists_precise_main_binary-amd64_Packages.gz is not what the server reported 36669 36677
W: Size of file /var/lib/apt/lists/ppa.launchpad.net_ubuntugis_ppa_ubuntu_dists_precise_main_binary-i386_Packages.gz is not what the server reported 36729 36733
Reading package lists...
Building dependency tree...
Reading state information...
The following extra packages will be installed:
  libc-bin libc-dev-bin libc6-dev
Suggested packages:
  glibc-doc
The following packages will be upgraded:
  libc-bin libc-dev-bin libc6 libc6-dev
4 upgraded, 0 newly installed, 0 to remove and 237 not upgraded.
Need to get 8,844 kB of archives.
After this operation, 9,216 B disk space will be freed.
Get:1 http://us.archive.ubuntu.com/ubuntu/ precise-updates/main libc6-dev amd64 2.15-0ubuntu10.13 [2,943 kB]
Get:2 http://us.archive.ubuntu.com/ubuntu/ precise-updates/main libc-dev-bin amd64 2.15-0ubuntu10.13 [84.7 kB]
Get:3 http://us.archive.ubuntu.com/ubuntu/ precise-updates/main libc-bin amd64 2.15-0ubuntu10.13 [1,179 kB]
Get:4 http://us.archive.ubuntu.com/ubuntu/ precise-updates/main libc6 amd64 2.15-0ubuntu10.13 [4,637 kB]
Fetched 8,844 kB in 0s (37.8 MB/s)
Preconfiguring packages ...
(Reading database ... (Reading database ... 5%(Reading database ... 10%(Reading database ... 15%(Reading database ... 20%(Reading database ... 25%(Reading database ... 30%(Reading database ... 35%(Reading database ... 40%(Reading database ... 45%(Reading database ... 50%(Reading database ... 55%(Reading database ... 60%(Reading database ... 65%(Reading database ... 70%(Reading database ... 75%(Reading database ... 80%(Reading database ... 85%(Reading database ... 90%(Reading database ... 95%(Reading database ... 100%(Reading database ... 72019 files and directories currently installed.)
Preparing to replace libc6-dev 2.15-0ubuntu10.10 (using .../libc6-dev_2.15-0ubuntu10.13_amd64.deb) ...
Unpacking replacement libc6-dev ...
Preparing to replace libc-dev-bin 2.15-0ubuntu10.10 (using .../libc-dev-bin_2.15-0ubuntu10.13_amd64.deb) ...
Unpacking replacement libc-dev-bin ...
Preparing to replace libc-bin 2.15-0ubuntu10.10 (using .../libc-bin_2.15-0ubuntu10.13_amd64.deb) ...
Unpacking replacement libc-bin ...
Processing triggers for man-db ...
Setting up libc-bin (2.15-0ubuntu10.13) ...
(Reading database ... (Reading database ... 5%(Reading database ... 10%(Reading database ... 15%(Reading database ... 20%(Reading database ... 25%(Reading database ... 30%(Reading database ... 35%(Reading database ... 40%(Reading database ... 45%(Reading database ... 50%(Reading database ... 55%(Reading database ... 60%(Reading database ... 65%(Reading database ... 70%(Reading database ... 75%(Reading database ... 80%(Reading database ... 85%(Reading database ... 90%(Reading database ... 95%(Reading database ... 100%(Reading database ... 72019 files and directories currently installed.)
Preparing to replace libc6 2.15-0ubuntu10.10 (using .../libc6_2.15-0ubuntu10.13_amd64.deb) ...
Unpacking replacement libc6 ...
Setting up libc6 (2.15-0ubuntu10.13) ...
Setting up libc-dev-bin (2.15-0ubuntu10.13) ...
Setting up libc6-dev (2.15-0ubuntu10.13) ...
Processing triggers for libc-bin ...
ldconfig deferred processing now taking place
travis_fold:end:fix.CVE-2015-7547[0Ktravis_fold:start:git.checkout[0Ktravis_time:start:002c846e[0K$ git clone --depth=50 https://github.com/checkstyle/checkstyle.git checkstyle/checkstyle
Cloning into 'checkstyle/checkstyle'...
remote: Counting objects: 2528, done.[K
remote: Compressing objects:   0% (1/1794)   [Kremote: Compressing objects:   1% (18/1794)   [Kremote: Compressing objects:   2% (36/1794)   [Kremote: Compressing objects:   3% (54/1794)   [Kremote: Compressing objects:   4% (72/1794)   [Kremote: Compressing objects:   5% (90/1794)   [Kremote: Compressing objects:   6% (108/1794)   [Kremote: Compressing objects:   7% (126/1794)   [Kremote: Compressing objects:   8% (144/1794)   [Kremote: Compressing objects:   9% (162/1794)   [Kremote: Compressing objects:  10% (180/1794)   [Kremote: Compressing objects:  11% (198/1794)   [Kremote: Compressing objects:  12% (216/1794)   [Kremote: Compressing objects:  13% (234/1794)   [Kremote: Compressing objects:  14% (252/1794)   [Kremote: Compressing objects:  15% (270/1794)   [Kremote: Compressing objects:  16% (288/1794)   [Kremote: Compressing objects:  17% (305/1794)   [Kremote: Compressing objects:  18% (323/1794)   [Kremote: Compressing objects:  19% (341/1794)   [Kremote: Compressing objects:  20% (359/1794)   [Kremote: Compressing objects:  21% (377/1794)   [Kremote: Compressing objects:  22% (395/1794)   [Kremote: Compressing objects:  23% (413/1794)   [Kremote: Compressing objects:  24% (431/1794)   [Kremote: Compressing objects:  25% (449/1794)   [Kremote: Compressing objects:  26% (467/1794)   [Kremote: Compressing objects:  27% (485/1794)   [Kremote: Compressing objects:  28% (503/1794)   [Kremote: Compressing objects:  29% (521/1794)   [Kremote: Compressing objects:  30% (539/1794)   [Kremote: Compressing objects:  31% (557/1794)   [Kremote: Compressing objects:  32% (575/1794)   [Kremote: Compressing objects:  33% (593/1794)   [Kremote: Compressing objects:  34% (610/1794)   [Kremote: Compressing objects:  35% (628/1794)   [Kremote: Compressing objects:  36% (646/1794)   [Kremote: Compressing objects:  37% (664/1794)   [Kremote: Compressing objects:  38% (682/1794)   [Kremote: Compressing objects:  39% (700/1794)   [Kremote: Compressing objects:  40% (718/1794)   [Kremote: Compressing objects:  41% (736/1794)   [Kremote: Compressing objects:  42% (754/1794)   [Kremote: Compressing objects:  43% (772/1794)   [Kremote: Compressing objects:  44% (790/1794)   [Kremote: Compressing objects:  45% (808/1794)   [Kremote: Compressing objects:  46% (826/1794)   [Kremote: Compressing objects:  47% (844/1794)   [Kremote: Compressing objects:  48% (862/1794)   [Kremote: Compressing objects:  49% (880/1794)   [Kremote: Compressing objects:  50% (897/1794)   [Kremote: Compressing objects:  51% (915/1794)   [Kremote: Compressing objects:  52% (933/1794)   [Kremote: Compressing objects:  53% (951/1794)   [Kremote: Compressing objects:  54% (969/1794)   [Kremote: Compressing objects:  55% (987/1794)   [Kremote: Compressing objects:  56% (1005/1794)   [Kremote: Compressing objects:  57% (1023/1794)   [Kremote: Compressing objects:  58% (1041/1794)   [Kremote: Compressing objects:  59% (1059/1794)   [Kremote: Compressing objects:  60% (1077/1794)   [Kremote: Compressing objects:  61% (1095/1794)   [Kremote: Compressing objects:  62% (1113/1794)   [Kremote: Compressing objects:  63% (1131/1794)   [Kremote: Compressing objects:  64% (1149/1794)   [Kremote: Compressing objects:  65% (1167/1794)   [Kremote: Compressing objects:  66% (1185/1794)   [Kremote: Compressing objects:  67% (1202/1794)   [Kremote: Compressing objects:  68% (1220/1794)   [Kremote: Compressing objects:  69% (1238/1794)   [Kremote: Compressing objects:  70% (1256/1794)   [Kremote: Compressing objects:  71% (1274/1794)   [Kremote: Compressing objects:  72% (1292/1794)   [Kremote: Compressing objects:  73% (1310/1794)   [Kremote: Compressing objects:  74% (1328/1794)   [Kremote: Compressing objects:  75% (1346/1794)   [Kremote: Compressing objects:  76% (1364/1794)   [Kremote: Compressing objects:  77% (1382/1794)   [Kremote: Compressing objects:  78% (1400/1794)   [Kremote: Compressing objects:  79% (1418/1794)   [Kremote: Compressing objects:  80% (1436/1794)   [Kremote: Compressing objects:  81% (1454/1794)   [Kremote: Compressing objects:  82% (1472/1794)   [Kremote: Compressing objects:  83% (1490/1794)   [Kremote: Compressing objects:  84% (1507/1794)   [Kremote: Compressing objects:  85% (1525/1794)   [Kremote: Compressing objects:  86% (1543/1794)   [Kremote: Compressing objects:  87% (1561/1794)   [Kremote: Compressing objects:  88% (1579/1794)   [Kremote: Compressing objects:  89% (1597/1794)   [Kremote: Compressing objects:  90% (1615/1794)   [Kremote: Compressing objects:  91% (1633/1794)   [Kremote: Compressing objects:  92% (1651/1794)   [Kremote: Compressing objects:  93% (1669/1794)   [Kremote: Compressing objects:  94% (1687/1794)   [Kremote: Compressing objects:  95% (1705/1794)   [Kremote: Compressing objects:  96% (1723/1794)   [Kremote: Compressing objects:  97% (1741/1794)   [Kremote: Compressing objects:  98% (1759/1794)   [Kremote: Compressing objects:  99% (1777/1794)   [Kremote: Compressing objects: 100% (1794/1794)   [Kremote: Compressing objects: 100% (1794/1794), done.[K
Receiving objects:   0% (1/2528)   Receiving objects:   1% (26/2528)   Receiving objects:   2% (51/2528)   Receiving objects:   3% (76/2528)   Receiving objects:   4% (102/2528)   Receiving objects:   5% (127/2528)   Receiving objects:   6% (152/2528)   Receiving objects:   7% (177/2528)   Receiving objects:   8% (203/2528)   Receiving objects:   9% (228/2528)   Receiving objects:  10% (253/2528)   Receiving objects:  11% (279/2528)   Receiving objects:  12% (304/2528)   Receiving objects:  13% (329/2528)   Receiving objects:  14% (354/2528)   Receiving objects:  15% (380/2528)   Receiving objects:  16% (405/2528)   Receiving objects:  17% (430/2528)   Receiving objects:  18% (456/2528)   Receiving objects:  19% (481/2528)   Receiving objects:  20% (506/2528)   Receiving objects:  21% (531/2528)   Receiving objects:  22% (557/2528)   Receiving objects:  23% (582/2528)   Receiving objects:  24% (607/2528)   Receiving objects:  25% (632/2528)   Receiving objects:  26% (658/2528)   Receiving objects:  27% (683/2528)   Receiving objects:  28% (708/2528)   Receiving objects:  29% (734/2528)   Receiving objects:  30% (759/2528)   Receiving objects:  31% (784/2528)   Receiving objects:  32% (809/2528)   Receiving objects:  33% (835/2528)   Receiving objects:  34% (860/2528)   Receiving objects:  35% (885/2528)   Receiving objects:  36% (911/2528)   Receiving objects:  37% (936/2528)   Receiving objects:  38% (961/2528)   Receiving objects:  39% (986/2528)   Receiving objects:  40% (1012/2528)   Receiving objects:  41% (1037/2528)   Receiving objects:  42% (1062/2528)   Receiving objects:  43% (1088/2528)   Receiving objects:  44% (1113/2528)   Receiving objects:  45% (1138/2528)   Receiving objects:  46% (1163/2528)   Receiving objects:  47% (1189/2528)   Receiving objects:  48% (1214/2528)   Receiving objects:  49% (1239/2528)   Receiving objects:  50% (1264/2528)   Receiving objects:  51% (1290/2528)   Receiving objects:  52% (1315/2528)   Receiving objects:  53% (1340/2528)   Receiving objects:  54% (1366/2528)   Receiving objects:  55% (1391/2528)   Receiving objects:  56% (1416/2528)   Receiving objects:  57% (1441/2528)   Receiving objects:  58% (1467/2528)   Receiving objects:  59% (1492/2528)   Receiving objects:  60% (1517/2528)   Receiving objects:  61% (1543/2528)   Receiving objects:  62% (1568/2528)   Receiving objects:  63% (1593/2528)   Receiving objects:  64% (1618/2528)   Receiving objects:  65% (1644/2528)   Receiving objects:  66% (1669/2528)   Receiving objects:  67% (1694/2528)   Receiving objects:  68% (1720/2528)   Receiving objects:  69% (1745/2528)   Receiving objects:  70% (1770/2528)   Receiving objects:  71% (1795/2528)   Receiving objects:  72% (1821/2528)   Receiving objects:  73% (1846/2528)   Receiving objects:  74% (1871/2528)   Receiving objects:  75% (1896/2528)   Receiving objects:  76% (1922/2528)   Receiving objects:  77% (1947/2528)   Receiving objects:  78% (1972/2528)   Receiving objects:  79% (1998/2528)   Receiving objects:  80% (2023/2528)   Receiving objects:  81% (2048/2528)   Receiving objects:  82% (2073/2528)   Receiving objects:  83% (2099/2528)   Receiving objects:  84% (2124/2528)   Receiving objects:  85% (2149/2528)   Receiving objects:  86% (2175/2528)   Receiving objects:  87% (2200/2528)   Receiving objects:  88% (2225/2528)   Receiving objects:  89% (2250/2528)   Receiving objects:  90% (2276/2528)   Receiving objects:  91% (2301/2528)   Receiving objects:  92% (2326/2528)   Receiving objects:  93% (2352/2528)   Receiving objects:  94% (2377/2528)   Receiving objects:  95% (2402/2528)   Receiving objects:  96% (2427/2528)   Receiving objects:  97% (2453/2528)   Receiving objects:  98% (2478/2528)   remote: Total 2528 (delta 960), reused 1364 (delta 517), pack-reused 0[K
Receiving objects:  99% (2503/2528)   Receiving objects: 100% (2528/2528)   Receiving objects: 100% (2528/2528), 3.64 MiB | 0 bytes/s, done.
Resolving deltas:   0% (0/960)   Resolving deltas:   5% (49/960)   Resolving deltas:   6% (59/960)   Resolving deltas:   7% (69/960)   Resolving deltas:  11% (107/960)   Resolving deltas:  12% (118/960)   Resolving deltas:  14% (138/960)   Resolving deltas:  15% (144/960)   Resolving deltas:  16% (155/960)   Resolving deltas:  17% (164/960)   Resolving deltas:  18% (173/960)   Resolving deltas:  19% (186/960)   Resolving deltas:  20% (192/960)   Resolving deltas:  21% (202/960)   Resolving deltas:  22% (212/960)   Resolving deltas:  23% (222/960)   Resolving deltas:  24% (232/960)   Resolving deltas:  25% (240/960)   Resolving deltas:  26% (250/960)   Resolving deltas:  27% (264/960)   Resolving deltas:  28% (271/960)   Resolving deltas:  29% (283/960)   Resolving deltas:  30% (288/960)   Resolving deltas:  31% (298/960)   Resolving deltas:  32% (309/960)   Resolving deltas:  33% (318/960)   Resolving deltas:  34% (327/960)   Resolving deltas:  35% (337/960)   Resolving deltas:  36% (349/960)   Resolving deltas:  37% (357/960)   Resolving deltas:  38% (368/960)   Resolving deltas:  39% (376/960)   Resolving deltas:  40% (387/960)   Resolving deltas:  41% (394/960)   Resolving deltas:  42% (405/960)   Resolving deltas:  43% (413/960)   Resolving deltas:  44% (425/960)   Resolving deltas:  45% (432/960)   Resolving deltas:  46% (442/960)   Resolving deltas:  47% (452/960)   Resolving deltas:  48% (461/960)   Resolving deltas:  49% (471/960)   Resolving deltas:  50% (480/960)   Resolving deltas:  51% (490/960)   Resolving deltas:  52% (501/960)   Resolving deltas:  53% (513/960)   Resolving deltas:  54% (521/960)   Resolving deltas:  55% (530/960)   Resolving deltas:  56% (539/960)   Resolving deltas:  58% (562/960)   Resolving deltas:  59% (568/960)   Resolving deltas:  65% (626/960)   Resolving deltas:  66% (639/960)   Resolving deltas:  67% (645/960)   Resolving deltas:  68% (653/960)   Resolving deltas:  69% (666/960)   Resolving deltas:  70% (672/960)   Resolving deltas:  71% (688/960)   Resolving deltas:  72% (692/960)   Resolving deltas:  73% (701/960)   Resolving deltas:  74% (715/960)   Resolving deltas:  75% (720/960)   Resolving deltas:  76% (731/960)   Resolving deltas:  77% (740/960)   Resolving deltas:  78% (749/960)   Resolving deltas:  80% (771/960)   Resolving deltas:  81% (780/960)   Resolving deltas:  82% (788/960)   Resolving deltas:  83% (799/960)   Resolving deltas:  84% (809/960)   Resolving deltas:  85% (816/960)   Resolving deltas:  86% (826/960)   Resolving deltas:  87% (838/960)   Resolving deltas:  88% (846/960)   Resolving deltas:  89% (859/960)   Resolving deltas:  91% (877/960)   Resolving deltas:  92% (886/960)   Resolving deltas:  93% (893/960)   Resolving deltas:  94% (903/960)   Resolving deltas:  95% (912/960)   Resolving deltas:  97% (932/960)   Resolving deltas:  98% (942/960)   Resolving deltas:  99% (951/960)   Resolving deltas: 100% (960/960)   Resolving deltas: 100% (960/960), done.
Checking connectivity... done.

travis_time:end:002c846e:start=1462370558565960483,finish=1462370559684341952,duration=1118381469[0K$ cd checkstyle/checkstyle
travis_time:start:0187ddd2[0K$ git fetch origin +refs/pull/3154/merge:
remote: Counting objects: 51, done.[K
remote: Compressing objects:   4% (1/22)   [Kremote: Compressing objects:   9% (2/22)   [Kremote: Compressing objects:  13% (3/22)   [Kremote: Compressing objects:  18% (4/22)   [Kremote: Compressing objects:  22% (5/22)   [Kremote: Compressing objects:  27% (6/22)   [Kremote: Compressing objects:  31% (7/22)   [Kremote: Compressing objects:  36% (8/22)   [Kremote: Compressing objects:  40% (9/22)   [Kremote: Compressing objects:  45% (10/22)   [Kremote: Compressing objects:  50% (11/22)   [Kremote: Compressing objects:  54% (12/22)   [Kremote: Compressing objects:  59% (13/22)   [Kremote: Compressing objects:  63% (14/22)   [Kremote: Compressing objects:  68% (15/22)   [Kremote: Compressing objects:  72% (16/22)   [Kremote: Compressing objects:  77% (17/22)   [Kremote: Compressing objects:  81% (18/22)   [Kremote: Compressing objects:  86% (19/22)   [Kremote: Compressing objects:  90% (20/22)   [Kremote: Compressing objects:  95% (21/22)   [Kremote: Compressing objects: 100% (22/22)   [Kremote: Compressing objects: 100% (22/22), done.[K
remote: Total 51 (delta 16), reused 44 (delta 9), pack-reused 0[K
Unpacking objects:   1% (1/51)   Unpacking objects:   3% (2/51)   Unpacking objects:   5% (3/51)   Unpacking objects:   7% (4/51)   Unpacking objects:   9% (5/51)   Unpacking objects:  11% (6/51)   Unpacking objects:  13% (7/51)   Unpacking objects:  15% (8/51)   Unpacking objects:  17% (9/51)   Unpacking objects:  19% (10/51)   Unpacking objects:  21% (11/51)   Unpacking objects:  23% (12/51)   Unpacking objects:  25% (13/51)   Unpacking objects:  27% (14/51)   Unpacking objects:  29% (15/51)   Unpacking objects:  31% (16/51)   Unpacking objects:  33% (17/51)   Unpacking objects:  35% (18/51)   Unpacking objects:  37% (19/51)   Unpacking objects:  39% (20/51)   Unpacking objects:  41% (21/51)   Unpacking objects:  43% (22/51)   Unpacking objects:  45% (23/51)   Unpacking objects:  47% (24/51)   Unpacking objects:  49% (25/51)   Unpacking objects:  50% (26/51)   Unpacking objects:  52% (27/51)   Unpacking objects:  54% (28/51)   Unpacking objects:  56% (29/51)   Unpacking objects:  58% (30/51)   Unpacking objects:  60% (31/51)   Unpacking objects:  62% (32/51)   Unpacking objects:  64% (33/51)   Unpacking objects:  66% (34/51)   Unpacking objects:  68% (35/51)   Unpacking objects:  70% (36/51)   Unpacking objects:  72% (37/51)   Unpacking objects:  74% (38/51)   Unpacking objects:  76% (39/51)   Unpacking objects:  78% (40/51)   Unpacking objects:  80% (41/51)   Unpacking objects:  82% (42/51)   Unpacking objects:  84% (43/51)   Unpacking objects:  86% (44/51)   Unpacking objects:  88% (45/51)   Unpacking objects:  90% (46/51)   Unpacking objects:  92% (47/51)   Unpacking objects:  94% (48/51)   Unpacking objects:  96% (49/51)   Unpacking objects:  98% (50/51)   Unpacking objects: 100% (51/51)   Unpacking objects: 100% (51/51), done.
From https://github.com/checkstyle/checkstyle
 * branch            refs/pull/3154/merge -> FETCH_HEAD

travis_time:end:0187ddd2:start=1462370559687942267,finish=1462370560051548613,duration=363606346[0K$ git checkout -qf FETCH_HEAD
travis_fold:end:git.checkout[0K
[33;1mThis job is running on container-based infrastructure, which does not allow use of 'sudo', setuid and setguid executables.[0m
[33;1mIf you require sudo, add 'sudo: required' to your .travis.yml[0m
[33;1mSee https://docs.travis-ci.com/user/workers/container-based-infrastructure/ for details.[0m

[33;1mSetting environment variables from repository settings[0m
$ export CI_DEPLOY_USERNAME=[secure]
$ export CI_DEPLOY_PASSWORD=[secure]
$ export GITHUB_AUTH_TOKEN=[secure]

[33;1mSetting environment variables from .travis.yml[0m
$ export DESC="tests and deploy"
$ export CMD="mvn clean integration-test failsafe:verify"
$ export COVERAGE_CMD=""
$ export DEPLOY="true"

$ jdk_switcher use oraclejdk8
Switching to Oracle JDK8 (java-8-oracle), JAVA_HOME will be set to /usr/lib/jvm/java-8-oracle
travis_fold:start:cache.1[0KSetting up build cache
$ export CASHER_DIR=$HOME/.casher
travis_time:start:0f2f3458[0K$ Installing caching utilities

travis_time:end:0f2f3458:start=1462370562020634987,finish=1462370562071647103,duration=51012116[0Ktravis_time:start:1fe6ca80[0K
travis_time:end:1fe6ca80:start=1462370562076265352,finish=1462370562079484694,duration=3219342[0Ktravis_time:start:06c22efe[0K[32;1mattempting to download cache archive[0m
[32;1mfetching PR.3154/cache--jdk-oraclejdk8.tgz[0m
[32;1mfound cache[0m

travis_time:end:06c22efe:start=1462370562083084210,finish=1462370565643117355,duration=3560033145[0Ktravis_time:start:00570423[0K
travis_time:end:00570423:start=1462370565647073714,finish=1462370565650331826,duration=3258112[0Ktravis_time:start:15b25488[0K[32;1madding /home/travis/.m2 to cache[0m

travis_time:end:15b25488:start=1462370565654035706,finish=1462370569710893632,duration=4056857926[0Ktravis_fold:end:cache.1[0K$ java -Xmx32m -version
java version "1.8.0_31"
Java(TM) SE Runtime Environment (build 1.8.0_31-b13)
Java HotSpot(TM) 64-Bit Server VM (build 25.31-b07, mixed mode)
$ javac -J-Xmx32m -version
javac 1.8.0_31
travis_fold:start:install[0Ktravis_time:start:292db3b8[0K$ 

travis_time:end:292db3b8:start=1462370570242375019,finish=1462370570245559839,duration=3184820[0Ktravis_fold:end:install[0Ktravis_time:start:0fb66748[0K$ eval $CMD
Java HotSpot(TM) 64-Bit Server VM warning: ignoring option MaxPermSize=192m; support was removed in 8.0
[INFO] Scanning for projects...
[INFO] Inspecting build with total of 1 modules...
[INFO] Installing Nexus Staging features:
[INFO]   ... total of 1 executions of maven-deploy-plugin replaced with nexus-staging-maven-plugin
[INFO]                                                                         
[INFO] ------------------------------------------------------------------------
[INFO] Building checkstyle 6.19-SNAPSHOT
[INFO] ------------------------------------------------------------------------
Downloading: https://repository.apache.org/snapshots/junit/junit-dep/maven-metadata.xml
Downloading: http://repo.maven.apache.org/maven2/junit/junit-dep/maven-metadata.xml
Downloading: https://oss.sonatype.org/content/repositories/releases/junit/junit-dep/maven-metadata.xml
Downloading: https://repository.apache.org/releases/junit/junit-dep/maven-metadata.xml
563/563 B               Downloaded: http://repo.maven.apache.org/maven2/junit/junit-dep/maven-metadata.xml (563 B at 2.0 KB/sec)
Downloading: https://nexus.codehaus.org/snapshots/junit/junit-dep/maven-metadata.xml
            Downloading: https://oss.sonatype.org/content/repositories/snapshots/junit/junit-dep/maven-metadata.xml
            563/563 B               Downloaded: https://oss.sonatype.org/content/repositories/releases/junit/junit-dep/maven-metadata.xml (563 B at 0.3 KB/sec)
                        [WARNING] Could not transfer metadata junit:junit-dep/maven-metadata.xml from/to codehaus-snapshots (https://nexus.codehaus.org/snapshots/): nexus.codehaus.org: unknown error
[INFO] 
[INFO] --- maven-clean-plugin:3.0.0:clean (default-clean) @ checkstyle ---
[INFO] 
[INFO] --- maven-enforcer-plugin:1.4.1:enforce (enforce-maven) @ checkstyle ---
[INFO] 
[INFO] --- maven-enforcer-plugin:1.4.1:enforce (enforce-versions) @ checkstyle ---
[INFO] 
[INFO] --- antlr-maven-plugin:2.2:generate (default) @ checkstyle ---
[INFO] performing grammar generation [java.g]
ANTLR Parser Generator   Version 2.7.7 (20060906)   1989-2005
/home/travis/build/checkstyle/checkstyle/src/main/resources/com/puppycrawl/tools/checkstyle/grammars/java.g:632:9: warning:nondeterminism between alts 1 and 2 of block upon
/home/travis/build/checkstyle/checkstyle/src/main/resources/com/puppycrawl/tools/checkstyle/grammars/java.g:632:9:     k==1:AT
/home/travis/build/checkstyle/checkstyle/src/main/resources/com/puppycrawl/tools/checkstyle/grammars/java.g:632:9:     k==2:IDENT
/home/travis/build/checkstyle/checkstyle/src/main/resources/com/puppycrawl/tools/checkstyle/grammars/java.g:779:16: warning:nondeterminism between alts 1 and 2 of block upon
/home/travis/build/checkstyle/checkstyle/src/main/resources/com/puppycrawl/tools/checkstyle/grammars/java.g:779:16:     k==1:AT
/home/travis/build/checkstyle/checkstyle/src/main/resources/com/puppycrawl/tools/checkstyle/grammars/java.g:779:16:     k==2:IDENT
/home/travis/build/checkstyle/checkstyle/src/main/resources/com/puppycrawl/tools/checkstyle/grammars/java.g:815:61: warning:nondeterminism between alts 1 and 2 of block upon
/home/travis/build/checkstyle/checkstyle/src/main/resources/com/puppycrawl/tools/checkstyle/grammars/java.g:815:61:     k==1:SEMI
/home/travis/build/checkstyle/checkstyle/src/main/resources/com/puppycrawl/tools/checkstyle/grammars/java.g:815:61:     k==2:"final","abstract","strictfp",SEMI,"void","boolean","byte","char","short","int","float","long","double",IDENT,"private","public","protected","static","transient","native","synchronized","volatile","class","interface",LCURLY,RCURLY,"default",LT,ENUM,AT
/home/travis/build/checkstyle/checkstyle/src/main/resources/com/puppycrawl/tools/checkstyle/grammars/java.g:704:9: warning:nondeterminism between alts 1 and 2 of block upon
/home/travis/build/checkstyle/checkstyle/src/main/resources/com/puppycrawl/tools/checkstyle/grammars/java.g:704:9:     k==1:AT
/home/travis/build/checkstyle/checkstyle/src/main/resources/com/puppycrawl/tools/checkstyle/grammars/java.g:704:9:     k==2:IDENT
/home/travis/build/checkstyle/checkstyle/src/main/resources/com/puppycrawl/tools/checkstyle/grammars/java.g:960: warning:Syntactic predicate superfluous for single alternative
/home/travis/build/checkstyle/checkstyle/src/main/resources/com/puppycrawl/tools/checkstyle/grammars/java.g:986:31: warning:nondeterminism between alts 1 and 2 of block upon
/home/travis/build/checkstyle/checkstyle/src/main/resources/com/puppycrawl/tools/checkstyle/grammars/java.g:986:31:     k==1:IDENT
/home/travis/build/checkstyle/checkstyle/src/main/resources/com/puppycrawl/tools/checkstyle/grammars/java.g:986:31:     k==2:LBRACK
/home/travis/build/checkstyle/checkstyle/src/main/resources/com/puppycrawl/tools/checkstyle/grammars/java.g:1042:84: warning:nondeterminism between alts 1 and 2 of block upon
/home/travis/build/checkstyle/checkstyle/src/main/resources/com/puppycrawl/tools/checkstyle/grammars/java.g:1042:84:     k==1:SEMI
/home/travis/build/checkstyle/checkstyle/src/main/resources/com/puppycrawl/tools/checkstyle/grammars/java.g:1042:84:     k==2:"final","abstract","strictfp",SEMI,"void","boolean","byte","char","short","int","float","long","double",IDENT,STAR,"private","public","protected","static","transient","native","synchronized","volatile","class",LCURLY,RCURLY,LPAREN,RPAREN,"this","super",COLON,"if","while","do","break","continue","return","switch","throw","for","else","case","default","try",LT,GT,LE,GE,"instanceof",SL,SR,BSR,PLUS,MINUS,DIV,MOD,INC,DEC,BNOT,LNOT,"true","false","null","new",NUM_INT,CHAR_LITERAL,STRING_LITERAL,NUM_FLOAT,NUM_LONG,NUM_DOUBLE,ASSERT,AT
/home/travis/build/checkstyle/checkstyle/src/main/resources/com/puppycrawl/tools/checkstyle/grammars/java.g:1142:9: warning:nondeterminism between alts 1 and 2 of block upon
/home/travis/build/checkstyle/checkstyle/src/main/resources/com/puppycrawl/tools/checkstyle/grammars/java.g:1142:9:     k==1:"default"
/home/travis/build/checkstyle/checkstyle/src/main/resources/com/puppycrawl/tools/checkstyle/grammars/java.g:1142:9:     k==2:"final","abstract","strictfp",SEMI,"void","boolean","byte","char","short","int","float","long","double",IDENT,STAR,"private","public","protected","static","transient","native","synchronized","volatile","class",LCURLY,RCURLY,LPAREN,RPAREN,"this","super",COLON,"if","while","do","break","continue","return","switch","throw","for","case","default","try",LT,GT,LE,GE,"instanceof",SL,SR,BSR,PLUS,MINUS,DIV,MOD,INC,DEC,BNOT,LNOT,"true","false","null","new",NUM_INT,CHAR_LITERAL,STRING_LITERAL,NUM_FLOAT,NUM_LONG,NUM_DOUBLE,ASSERT,AT
/home/travis/build/checkstyle/checkstyle/src/main/resources/com/puppycrawl/tools/checkstyle/grammars/java.g:1350:26: warning:nondeterminism between alts 1 and 2 of block upon
/home/travis/build/checkstyle/checkstyle/src/main/resources/com/puppycrawl/tools/checkstyle/grammars/java.g:1350:26:     k==1:"instanceof"
/home/travis/build/checkstyle/checkstyle/src/main/resources/com/puppycrawl/tools/checkstyle/grammars/java.g:1350:26:     k==2:"void","boolean","byte","char","short","int","float","long","double",IDENT,AT
/home/travis/build/checkstyle/checkstyle/src/main/resources/com/puppycrawl/tools/checkstyle/grammars/java.g:1365: warning:nondeterminism upon
/home/travis/build/checkstyle/checkstyle/src/main/resources/com/puppycrawl/tools/checkstyle/grammars/java.g:1365:     k==1:SL,SR,BSR
/home/travis/build/checkstyle/checkstyle/src/main/resources/com/puppycrawl/tools/checkstyle/grammars/java.g:1365:     k==2:"void","boolean","byte","char","short","int","float","long","double",IDENT,LPAREN,"this","super",PLUS,MINUS,INC,DEC,BNOT,LNOT,"true","false","null","new",NUM_INT,CHAR_LITERAL,STRING_LITERAL,NUM_FLOAT,NUM_LONG,NUM_DOUBLE,AT
/home/travis/build/checkstyle/checkstyle/src/main/resources/com/puppycrawl/tools/checkstyle/grammars/java.g:1365:     between alt 1 and exit branch of block
/home/travis/build/checkstyle/checkstyle/src/main/resources/com/puppycrawl/tools/checkstyle/grammars/java.g:1378: warning:nondeterminism upon
/home/travis/build/checkstyle/checkstyle/src/main/resources/com/puppycrawl/tools/checkstyle/grammars/java.g:1378:     k==1:STAR,DIV,MOD
/home/travis/build/checkstyle/checkstyle/src/main/resources/com/puppycrawl/tools/checkstyle/grammars/java.g:1378:     k==2:"void","boolean","byte","char","short","int","float","long","double",IDENT,LPAREN,"this","super",PLUS,MINUS,INC,DEC,BNOT,LNOT,"true","false","null","new",NUM_INT,CHAR_LITERAL,STRING_LITERAL,NUM_FLOAT,NUM_LONG,NUM_DOUBLE,AT
/home/travis/build/checkstyle/checkstyle/src/main/resources/com/puppycrawl/tools/checkstyle/grammars/java.g:1378:     between alt 1 and exit branch of block
/home/travis/build/checkstyle/checkstyle/src/main/resources/com/puppycrawl/tools/checkstyle/grammars/java.g:1476:9: warning:nondeterminism between alts 1 and 3 of block upon
/home/travis/build/checkstyle/checkstyle/src/main/resources/com/puppycrawl/tools/checkstyle/grammars/java.g:1476:9:     k==1:INC
/home/travis/build/checkstyle/checkstyle/src/main/resources/com/puppycrawl/tools/checkstyle/grammars/java.g:1476:9:     k==2:"final","abstract","strictfp",SEMI,RBRACK,"void","boolean","byte","char","short","int","float","long","double",IDENT,STAR,"private","public","protected","static","transient","native","synchronized","volatile","class","interface",LCURLY,RCURLY,COMMA,LPAREN,RPAREN,"this","super",ASSIGN,COLON,"if","while","do","break","continue","return","switch","throw","for","else","case","default","try",PLUS_ASSIGN,MINUS_ASSIGN,STAR_ASSIGN,DIV_ASSIGN,MOD_ASSIGN,SR_ASSIGN,BSR_ASSIGN,SL_ASSIGN,BAND_ASSIGN,BXOR_ASSIGN,BOR_ASSIGN,QUESTION,LOR,LAND,BOR,BXOR,BAND,NOT_EQUAL,EQUAL,LT,GT,LE,GE,"instanceof",SL,SR,BSR,PLUS,MINUS,DIV,MOD,INC,DEC,BNOT,LNOT,"true","false","null","new",NUM_INT,CHAR_LITERAL,STRING_LITERAL,NUM_FLOAT,NUM_LONG,NUM_DOUBLE,ASSERT,ENUM,AT
/home/travis/build/checkstyle/checkstyle/src/main/resources/com/puppycrawl/tools/checkstyle/grammars/java.g:1476:9: warning:nondeterminism between alts 2 and 3 of block upon
/home/travis/build/checkstyle/checkstyle/src/main/resources/com/puppycrawl/tools/checkstyle/grammars/java.g:1476:9:     k==1:DEC
/home/travis/build/checkstyle/checkstyle/src/main/resources/com/puppycrawl/tools/checkstyle/grammars/java.g:1476:9:     k==2:"final","abstract","strictfp",SEMI,RBRACK,"void","boolean","byte","char","short","int","float","long","double",IDENT,STAR,"private","public","protected","static","transient","native","synchronized","volatile","class","interface",LCURLY,RCURLY,COMMA,LPAREN,RPAREN,"this","super",ASSIGN,COLON,"if","while","do","break","continue","return","switch","throw","for","else","case","default","try",PLUS_ASSIGN,MINUS_ASSIGN,STAR_ASSIGN,DIV_ASSIGN,MOD_ASSIGN,SR_ASSIGN,BSR_ASSIGN,SL_ASSIGN,BAND_ASSIGN,BXOR_ASSIGN,BOR_ASSIGN,QUESTION,LOR,LAND,BOR,BXOR,BAND,NOT_EQUAL,EQUAL,LT,GT,LE,GE,"instanceof",SL,SR,BSR,PLUS,MINUS,DIV,MOD,INC,DEC,BNOT,LNOT,"true","false","null","new",NUM_INT,CHAR_LITERAL,STRING_LITERAL,NUM_FLOAT,NUM_LONG,NUM_DOUBLE,ASSERT,ENUM,AT
/home/travis/build/checkstyle/checkstyle/src/main/resources/com/puppycrawl/tools/checkstyle/grammars/java.g:1556:36: warning:nondeterminism between alts 1 and 2 of block upon
/home/travis/build/checkstyle/checkstyle/src/main/resources/com/puppycrawl/tools/checkstyle/grammars/java.g:1556:36:     k==1:LCURLY
/home/travis/build/checkstyle/checkstyle/src/main/resources/com/puppycrawl/tools/checkstyle/grammars/java.g:1556:36:     k==2:"final","abstract","strictfp",SEMI,"void","boolean","byte","char","short","int","float","long","double",IDENT,"private","public","protected","static","transient","native","synchronized","volatile","class","interface",LCURLY,RCURLY,"default",LT,ENUM,AT
/home/travis/build/checkstyle/checkstyle/src/main/resources/com/puppycrawl/tools/checkstyle/grammars/java.g:1566:33: warning:nondeterminism between alts 1 and 2 of block upon
/home/travis/build/checkstyle/checkstyle/src/main/resources/com/puppycrawl/tools/checkstyle/grammars/java.g:1566:33:     k==1:LCURLY
/home/travis/build/checkstyle/checkstyle/src/main/resources/com/puppycrawl/tools/checkstyle/grammars/java.g:1566:33:     k==2:"void","boolean","byte","char","short","int","float","long","double",IDENT,LCURLY,RCURLY,COMMA,LPAREN,"this","super",PLUS,MINUS,INC,DEC,BNOT,LNOT,"true","false","null","new",NUM_INT,CHAR_LITERAL,STRING_LITERAL,NUM_FLOAT,NUM_LONG,NUM_DOUBLE,AT
/home/travis/build/checkstyle/checkstyle/src/main/resources/com/puppycrawl/tools/checkstyle/grammars/java.g:1609:17: warning:nondeterminism between alts 1 and 2 of block upon
/home/travis/build/checkstyle/checkstyle/src/main/resources/com/puppycrawl/tools/checkstyle/grammars/java.g:1609:17:     k==1:RPAREN
/home/travis/build/checkstyle/checkstyle/src/main/resources/com/puppycrawl/tools/checkstyle/grammars/java.g:1609:17:     k==2:LAMBDA

[INFO] 
[INFO] --- antlr4-maven-plugin:4.5.3:antlr4 (default) @ checkstyle ---
[INFO] ANTLR 4: Processing source directory /home/travis/build/checkstyle/checkstyle/src/main/resources
[INFO] Processing grammar: com/puppycrawl/tools/checkstyle/grammars/javadoc/JavadocLexer.g4
[INFO] Processing grammar: com/puppycrawl/tools/checkstyle/grammars/javadoc/JavadocParser.g4
[INFO] 
[INFO] --- build-helper-maven-plugin:1.10:add-source (add-source) @ checkstyle ---
[INFO] Source directory: /home/travis/build/checkstyle/checkstyle/target/generated-sources/antlr added.
[INFO] 
[INFO] --- maven-resources-plugin:2.7:resources (default-resources) @ checkstyle ---
[INFO] Using 'UTF-8' encoding to copy filtered resources.
[INFO] Copying 161 resources
[INFO] Copying 1 resource
[INFO] 
[INFO] --- build-helper-maven-plugin:1.10:add-test-source (add-test-source) @ checkstyle ---
[INFO] Test Source directory: /home/travis/build/checkstyle/checkstyle/src/test/resources added.
[INFO] 
[INFO] --- build-helper-maven-plugin:1.10:add-test-source (add-it-test-source) @ checkstyle ---
[INFO] Test Source directory: /home/travis/build/checkstyle/checkstyle/src/it/java added.
[INFO] 
[INFO] --- build-helper-maven-plugin:1.10:add-test-source (add-it-test-resource) @ checkstyle ---
[INFO] Test Source directory: /home/travis/build/checkstyle/checkstyle/src/it/resources added.
[INFO] 
[INFO] --- maven-compiler-plugin:3.5.1:compile (default-compile) @ checkstyle ---
[INFO] Changes detected - recompiling the module!
[INFO] Compiling 343 source files to /home/travis/build/checkstyle/checkstyle/target/classes
[INFO] /home/travis/build/checkstyle/checkstyle/src/main/java/com/puppycrawl/tools/checkstyle/checks/javadoc/JavadocMethodCheck.java: /home/travis/build/checkstyle/checkstyle/src/main/java/com/puppycrawl/tools/checkstyle/checks/javadoc/JavadocMethodCheck.java uses or overrides a deprecated API.
[INFO] /home/travis/build/checkstyle/checkstyle/src/main/java/com/puppycrawl/tools/checkstyle/checks/javadoc/JavadocMethodCheck.java: Recompile with -Xlint:deprecation for details.
[INFO] /home/travis/build/checkstyle/checkstyle/src/main/java/com/puppycrawl/tools/checkstyle/api/AutomaticBean.java: Some input files use unchecked or unsafe operations.
[INFO] /home/travis/build/checkstyle/checkstyle/src/main/java/com/puppycrawl/tools/checkstyle/api/AutomaticBean.java: Recompile with -Xlint:unchecked for details.
[INFO] 
[INFO] --- maven-antrun-plugin:1.8:run (ant-phase-compile) @ checkstyle ---
[INFO] Executing tasks

main:

execute:
[propertyfile] Creating new property file: /home/travis/build/checkstyle/checkstyle/target/classes/checkstylecompilation.properties
  [javadoc] Generating Javadoc
  [javadoc] Javadoc execution
  [javadoc] Loading source file /home/travis/build/checkstyle/checkstyle/src/main/java/com/puppycrawl/tools/checkstyle/api/TokenTypes.java...
  [javadoc] Constructing Javadoc information...
[INFO] Executed tasks
[INFO] 
[INFO] --- maven-resources-plugin:2.7:testResources (default-testResources) @ checkstyle ---
[INFO] Using 'UTF-8' encoding to copy filtered resources.
[INFO] Copying 623 resources
[INFO] 
[INFO] --- maven-compiler-plugin:3.5.1:testCompile (default-testCompile) @ checkstyle ---
[INFO] Changes detected - recompiling the module!
[INFO] Compiling 912 source files to /home/travis/build/checkstyle/checkstyle/target/test-classes
[INFO] /home/travis/build/checkstyle/checkstyle/src/test/java/com/puppycrawl/tools/checkstyle/checks/javadoc/AbstractTypeAwareCheckTest.java: Some input files use or override a deprecated API.
[INFO] /home/travis/build/checkstyle/checkstyle/src/test/java/com/puppycrawl/tools/checkstyle/checks/javadoc/AbstractTypeAwareCheckTest.java: Recompile with -Xlint:deprecation for details.
[INFO] 
[INFO] --- maven-surefire-plugin:2.19.1:test (default-test) @ checkstyle ---

-------------------------------------------------------
 T E S T S
-------------------------------------------------------
Running com.puppycrawl.tools.checkstyle.ant.CheckstyleAntTaskTest
Tests run: 27, Failures: 0, Errors: 0, Skipped: 0, Time elapsed: 7.234 sec - in com.puppycrawl.tools.checkstyle.ant.CheckstyleAntTaskTest
Running com.puppycrawl.tools.checkstyle.api.LineColumnTest
Tests run: 4, Failures: 0, Errors: 0, Skipped: 0, Time elapsed: 3.704 sec - in com.puppycrawl.tools.checkstyle.api.LineColumnTest
Running com.puppycrawl.tools.checkstyle.api.TokenTypesTest
Tests run: 2, Failures: 0, Errors: 0, Skipped: 0, Time elapsed: 0.003 sec - in com.puppycrawl.tools.checkstyle.api.TokenTypesTest
Running com.puppycrawl.tools.checkstyle.api.AbstractCheckTest
Tests run: 3, Failures: 0, Errors: 0, Skipped: 0, Time elapsed: 0.004 sec - in com.puppycrawl.tools.checkstyle.api.AbstractCheckTest
Running com.puppycrawl.tools.checkstyle.api.DetailASTTest
Tests run: 4, Failures: 0, Errors: 0, Skipped: 0, Time elapsed: 6.637 sec - in com.puppycrawl.tools.checkstyle.api.DetailASTTest
Running com.puppycrawl.tools.checkstyle.api.LocalizedMessagesTest
Tests run: 1, Failures: 0, Errors: 0, Skipped: 0, Time elapsed: 0 sec - in com.puppycrawl.tools.checkstyle.api.LocalizedMessagesTest
Running com.puppycrawl.tools.checkstyle.api.AbstractViolationReporterTest
Tests run: 6, Failures: 0, Errors: 0, Skipped: 0, Time elapsed: 0.007 sec - in com.puppycrawl.tools.checkstyle.api.AbstractViolationReporterTest
Running com.puppycrawl.tools.checkstyle.api.ScopeTest
Tests run: 10, Failures: 0, Errors: 0, Skipped: 0, Time elapsed: 0.012 sec - in com.puppycrawl.tools.checkstyle.api.ScopeTest
Running com.puppycrawl.tools.checkstyle.api.LocalizedMessageTest
Tests run: 9, Failures: 0, Errors: 0, Skipped: 0, Time elapsed: 0.99 sec - in com.puppycrawl.tools.checkstyle.api.LocalizedMessageTest
Running com.puppycrawl.tools.checkstyle.api.FileContentsTest
Tests run: 3, Failures: 0, Errors: 0, Skipped: 0, Time elapsed: 0.004 sec - in com.puppycrawl.tools.checkstyle.api.FileContentsTest
Running com.puppycrawl.tools.checkstyle.api.JavadocTokenTypesTest
Tests run: 1, Failures: 0, Errors: 0, Skipped: 0, Time elapsed: 0.002 sec - in com.puppycrawl.tools.checkstyle.api.JavadocTokenTypesTest
Running com.puppycrawl.tools.checkstyle.api.FullIdentTest
Tests run: 1, Failures: 0, Errors: 0, Skipped: 0, Time elapsed: 0.003 sec - in com.puppycrawl.tools.checkstyle.api.FullIdentTest
Running com.puppycrawl.tools.checkstyle.api.AutomaticBeanTest
Tests run: 7, Failures: 0, Errors: 0, Skipped: 0, Time elapsed: 0.04 sec - in com.puppycrawl.tools.checkstyle.api.AutomaticBeanTest
Running com.puppycrawl.tools.checkstyle.api.SeverityLevelTest
Tests run: 4, Failures: 0, Errors: 0, Skipped: 0, Time elapsed: 0.001 sec - in com.puppycrawl.tools.checkstyle.api.SeverityLevelTest
Running com.puppycrawl.tools.checkstyle.api.SeverityLevelCounterTest
Tests run: 3, Failures: 0, Errors: 0, Skipped: 0, Time elapsed: 0 sec - in com.puppycrawl.tools.checkstyle.api.SeverityLevelCounterTest
Running com.puppycrawl.tools.checkstyle.api.CheckTest
Tests run: 1, Failures: 0, Errors: 0, Skipped: 0, Time elapsed: 0 sec - in com.puppycrawl.tools.checkstyle.api.CheckTest
Running com.puppycrawl.tools.checkstyle.api.FileTextTest
Tests run: 4, Failures: 0, Errors: 0, Skipped: 0, Time elapsed: 0.055 sec - in com.puppycrawl.tools.checkstyle.api.FileTextTest
Running com.puppycrawl.tools.checkstyle.checks.annotation.SuppressWarningsCheckTest
Tests run: 24, Failures: 0, Errors: 0, Skipped: 0, Time elapsed: 1.116 sec - in com.puppycrawl.tools.checkstyle.checks.annotation.SuppressWarningsCheckTest
Running com.puppycrawl.tools.checkstyle.checks.annotation.AnnotationLocationCheckTest
Tests run: 8, Failures: 0, Errors: 0, Skipped: 0, Time elapsed: 0.092 sec - in com.puppycrawl.tools.checkstyle.checks.annotation.AnnotationLocationCheckTest
Running com.puppycrawl.tools.checkstyle.checks.annotation.MissingDeprecatedCheckTest
Tests run: 8, Failures: 0, Errors: 0, Skipped: 0, Time elapsed: 0.104 sec - in com.puppycrawl.tools.checkstyle.checks.annotation.MissingDeprecatedCheckTest
Running com.puppycrawl.tools.checkstyle.checks.annotation.MissingOverrideCheckTest
Tests run: 14, Failures: 0, Errors: 0, Skipped: 0, Time elapsed: 0.125 sec - in com.puppycrawl.tools.checkstyle.checks.annotation.MissingOverrideCheckTest
Running com.puppycrawl.tools.checkstyle.checks.annotation.PackageAnnotationCheckTest
Tests run: 4, Failures: 0, Errors: 0, Skipped: 0, Time elapsed: 0.021 sec - in com.puppycrawl.tools.checkstyle.checks.annotation.PackageAnnotationCheckTest
Running com.puppycrawl.tools.checkstyle.checks.annotation.AnnotationUseStyleCheckTest
Tests run: 17, Failures: 0, Errors: 0, Skipped: 0, Time elapsed: 0.159 sec - in com.puppycrawl.tools.checkstyle.checks.annotation.AnnotationUseStyleCheckTest
Running com.puppycrawl.tools.checkstyle.checks.blocks.LeftCurlyCheckTest
Tests run: 21, Failures: 0, Errors: 0, Skipped: 0, Time elapsed: 0.28 sec - in com.puppycrawl.tools.checkstyle.checks.blocks.LeftCurlyCheckTest
Running com.puppycrawl.tools.checkstyle.checks.blocks.RightCurlyCheckTest
Tests run: 16, Failures: 0, Errors: 0, Skipped: 0, Time elapsed: 0.433 sec - in com.puppycrawl.tools.checkstyle.checks.blocks.RightCurlyCheckTest
Running com.puppycrawl.tools.checkstyle.checks.blocks.EmptyCatchBlockCheckTest
Tests run: 4, Failures: 0, Errors: 0, Skipped: 0, Time elapsed: 0.056 sec - in com.puppycrawl.tools.checkstyle.checks.blocks.EmptyCatchBlockCheckTest
Running com.puppycrawl.tools.checkstyle.checks.blocks.AvoidNestedBlocksCheckTest
Tests run: 4, Failures: 0, Errors: 0, Skipped: 0, Time elapsed: 0.049 sec - in com.puppycrawl.tools.checkstyle.checks.blocks.AvoidNestedBlocksCheckTest
Running com.puppycrawl.tools.checkstyle.checks.blocks.EmptyBlockCheckTest
Tests run: 7, Failures: 0, Errors: 0, Skipped: 0, Time elapsed: 0.123 sec - in com.puppycrawl.tools.checkstyle.checks.blocks.EmptyBlockCheckTest
Running com.puppycrawl.tools.checkstyle.checks.blocks.NeedBracesCheckTest
Tests run: 8, Failures: 0, Errors: 0, Skipped: 0, Time elapsed: 0.167 sec - in com.puppycrawl.tools.checkstyle.checks.blocks.NeedBracesCheckTest
Running com.puppycrawl.tools.checkstyle.checks.coding.FinalLocalVariableCheckTest
Tests run: 10, Failures: 0, Errors: 0, Skipped: 0, Time elapsed: 0.269 sec - in com.puppycrawl.tools.checkstyle.checks.coding.FinalLocalVariableCheckTest
Running com.puppycrawl.tools.checkstyle.checks.coding.OverloadMethodsDeclarationOrderCheckTest
Tests run: 2, Failures: 0, Errors: 0, Skipped: 0, Time elapsed: 0.032 sec - in com.puppycrawl.tools.checkstyle.checks.coding.OverloadMethodsDeclarationOrderCheckTest
Running com.puppycrawl.tools.checkstyle.checks.coding.AvoidInlineConditionalsCheckTest
Tests run: 2, Failures: 0, Errors: 0, Skipped: 0, Time elapsed: 0.025 sec - in com.puppycrawl.tools.checkstyle.checks.coding.AvoidInlineConditionalsCheckTest
Running com.puppycrawl.tools.checkstyle.checks.coding.UnnecessaryParenthesesCheckTest
Tests run: 3, Failures: 0, Errors: 0, Skipped: 0, Time elapsed: 0.065 sec - in com.puppycrawl.tools.checkstyle.checks.coding.UnnecessaryParenthesesCheckTest
Running com.puppycrawl.tools.checkstyle.checks.coding.NoFinalizerCheckTest
Tests run: 2, Failures: 0, Errors: 0, Skipped: 0, Time elapsed: 0.048 sec - in com.puppycrawl.tools.checkstyle.checks.coding.NoFinalizerCheckTest
Running com.puppycrawl.tools.checkstyle.checks.coding.MultipleVariableDeclarationsCheckTest
Tests run: 2, Failures: 0, Errors: 0, Skipped: 0, Time elapsed: 0.031 sec - in com.puppycrawl.tools.checkstyle.checks.coding.MultipleVariableDeclarationsCheckTest
Running com.puppycrawl.tools.checkstyle.checks.coding.SimplifyBooleanReturnCheckTest
Tests run: 2, Failures: 0, Errors: 0, Skipped: 0, Time elapsed: 0.018 sec - in com.puppycrawl.tools.checkstyle.checks.coding.SimplifyBooleanReturnCheckTest
Running com.puppycrawl.tools.checkstyle.checks.coding.NestedForDepthCheckTest
Tests run: 3, Failures: 0, Errors: 0, Skipped: 0, Time elapsed: 0.059 sec - in com.puppycrawl.tools.checkstyle.checks.coding.NestedForDepthCheckTest
Running com.puppycrawl.tools.checkstyle.checks.coding.PackageDeclarationCheckTest
Tests run: 4, Failures: 0, Errors: 0, Skipped: 0, Time elapsed: 0.025 sec - in com.puppycrawl.tools.checkstyle.checks.coding.PackageDeclarationCheckTest
Running com.puppycrawl.tools.checkstyle.checks.coding.MagicNumberCheckTest
Tests run: 8, Failures: 0, Errors: 0, Skipped: 0, Time elapsed: 0.418 sec - in com.puppycrawl.tools.checkstyle.checks.coding.MagicNumberCheckTest
Running com.puppycrawl.tools.checkstyle.checks.coding.ReturnCountCheckTest
Tests run: 7, Failures: 0, Errors: 0, Skipped: 0, Time elapsed: 0.079 sec - in com.puppycrawl.tools.checkstyle.checks.coding.ReturnCountCheckTest
Running com.puppycrawl.tools.checkstyle.checks.coding.HiddenFieldCheckTest
Tests run: 10, Failures: 0, Errors: 0, Skipped: 0, Time elapsed: 0.114 sec - in com.puppycrawl.tools.checkstyle.checks.coding.HiddenFieldCheckTest
Running com.puppycrawl.tools.checkstyle.checks.coding.DeclarationOrderCheckTest
Tests run: 8, Failures: 0, Errors: 0, Skipped: 0, Time elapsed: 0.094 sec - in com.puppycrawl.tools.checkstyle.checks.coding.DeclarationOrderCheckTest
Running com.puppycrawl.tools.checkstyle.checks.coding.SimplifyBooleanExpressionCheckTest
Tests run: 2, Failures: 0, Errors: 0, Skipped: 0, Time elapsed: 0.021 sec - in com.puppycrawl.tools.checkstyle.checks.coding.SimplifyBooleanExpressionCheckTest
Running com.puppycrawl.tools.checkstyle.checks.coding.DefaultComesLastCheckTest
Tests run: 3, Failures: 0, Errors: 0, Skipped: 0, Time elapsed: 0.024 sec - in com.puppycrawl.tools.checkstyle.checks.coding.DefaultComesLastCheckTest
Running com.puppycrawl.tools.checkstyle.checks.coding.EmptyStatementCheckTest
Tests run: 2, Failures: 0, Errors: 0, Skipped: 0, Time elapsed: 0.023 sec - in com.puppycrawl.tools.checkstyle.checks.coding.EmptyStatementCheckTest
Running com.puppycrawl.tools.checkstyle.checks.coding.ExplicitInitializationCheckTest
Tests run: 2, Failures: 0, Errors: 0, Skipped: 0, Time elapsed: 0.016 sec - in com.puppycrawl.tools.checkstyle.checks.coding.ExplicitInitializationCheckTest
Running com.puppycrawl.tools.checkstyle.checks.coding.MissingSwitchDefaultCheckTest
Tests run: 2, Failures: 0, Errors: 0, Skipped: 0, Time elapsed: 0.018 sec - in com.puppycrawl.tools.checkstyle.checks.coding.MissingSwitchDefaultCheckTest
Running com.puppycrawl.tools.checkstyle.checks.coding.IllegalTypeCheckTest
Tests run: 13, Failures: 0, Errors: 0, Skipped: 0, Time elapsed: 0.089 sec - in com.puppycrawl.tools.checkstyle.checks.coding.IllegalTypeCheckTest
Running com.puppycrawl.tools.checkstyle.checks.coding.NoCloneCheckTest
Tests run: 2, Failures: 0, Errors: 0, Skipped: 0, Time elapsed: 0.013 sec - in com.puppycrawl.tools.checkstyle.checks.coding.NoCloneCheckTest
Running com.puppycrawl.tools.checkstyle.checks.coding.EqualsAvoidNullCheckTest
Tests run: 3, Failures: 0, Errors: 0, Skipped: 0, Time elapsed: 0.065 sec - in com.puppycrawl.tools.checkstyle.checks.coding.EqualsAvoidNullCheckTest
Running com.puppycrawl.tools.checkstyle.checks.coding.SuperFinalizeCheckTest
Tests run: 1, Failures: 0, Errors: 0, Skipped: 0, Time elapsed: 0.017 sec - in com.puppycrawl.tools.checkstyle.checks.coding.SuperFinalizeCheckTest
Running com.puppycrawl.tools.checkstyle.checks.coding.VariableDeclarationUsageDistanceCheckTest
Tests run: 7, Failures: 0, Errors: 0, Skipped: 0, Time elapsed: 0.248 sec - in com.puppycrawl.tools.checkstyle.checks.coding.VariableDeclarationUsageDistanceCheckTest
Running com.puppycrawl.tools.checkstyle.checks.coding.NestedIfDepthCheckTest
Tests run: 3, Failures: 0, Errors: 0, Skipped: 0, Time elapsed: 0.011 sec - in com.puppycrawl.tools.checkstyle.checks.coding.NestedIfDepthCheckTest
Running com.puppycrawl.tools.checkstyle.checks.coding.IllegalTokenCheckTest
Tests run: 4, Failures: 1, Errors: 0, Skipped: 0, Time elapsed: 0.023 sec <<< FAILURE! - in com.puppycrawl.tools.checkstyle.checks.coding.IllegalTokenCheckTest
testCommentToken(com.puppycrawl.tools.checkstyle.checks.coding.IllegalTokenCheckTest)  Time elapsed: 0.009 sec  <<< FAILURE!
org.junit.ComparisonFailure: 
error message 0 expected:<...s.java:3:3: Using '*[
 * Test for illegal tokens
 ' is not allowed.]> but was:<...s.java:3:3: Using '*[]>
	at com.puppycrawl.tools.checkstyle.checks.coding.IllegalTokenCheckTest.testCommentToken(IllegalTokenCheckTest.java:91)

Running com.puppycrawl.tools.checkstyle.checks.coding.MissingCtorCheckTest
Tests run: 2, Failures: 0, Errors: 0, Skipped: 0, Time elapsed: 0.006 sec - in com.puppycrawl.tools.checkstyle.checks.coding.MissingCtorCheckTest
Running com.puppycrawl.tools.checkstyle.checks.coding.IllegalInstantiationCheckTest
Tests run: 8, Failures: 0, Errors: 0, Skipped: 0, Time elapsed: 0.044 sec - in com.puppycrawl.tools.checkstyle.checks.coding.IllegalInstantiationCheckTest
Running com.puppycrawl.tools.checkstyle.checks.coding.ArrayTrailingCommaCheckTest
Tests run: 2, Failures: 0, Errors: 0, Skipped: 0, Time elapsed: 0.017 sec - in com.puppycrawl.tools.checkstyle.checks.coding.ArrayTrailingCommaCheckTest
Running com.puppycrawl.tools.checkstyle.checks.coding.MultipleStringLiteralsCheckTest
Tests run: 7, Failures: 0, Errors: 0, Skipped: 0, Time elapsed: 0.063 sec - in com.puppycrawl.tools.checkstyle.checks.coding.MultipleStringLiteralsCheckTest
Running com.puppycrawl.tools.checkstyle.checks.coding.NestedTryDepthCheckTest
Tests run: 3, Failures: 0, Errors: 0, Skipped: 0, Time elapsed: 0.022 sec - in com.puppycrawl.tools.checkstyle.checks.coding.NestedTryDepthCheckTest
Running com.puppycrawl.tools.checkstyle.checks.coding.InnerAssignmentCheckTest
Tests run: 3, Failures: 0, Errors: 0, Skipped: 0, Time elapsed: 0.036 sec - in com.puppycrawl.tools.checkstyle.checks.coding.InnerAssignmentCheckTest
Running com.puppycrawl.tools.checkstyle.checks.coding.FallThroughCheckTest
Tests run: 5, Failures: 0, Errors: 0, Skipped: 0, Time elapsed: 0.168 sec - in com.puppycrawl.tools.checkstyle.checks.coding.FallThroughCheckTest
Running com.puppycrawl.tools.checkstyle.checks.coding.IllegalCatchCheckTest
Tests run: 5, Failures: 0, Errors: 0, Skipped: 0, Time elapsed: 0.033 sec - in com.puppycrawl.tools.checkstyle.checks.coding.IllegalCatchCheckTest
Running com.puppycrawl.tools.checkstyle.checks.coding.CovariantEqualsCheckTest
Tests run: 2, Failures: 0, Errors: 0, Skipped: 0, Time elapsed: 0.017 sec - in com.puppycrawl.tools.checkstyle.checks.coding.CovariantEqualsCheckTest
Running com.puppycrawl.tools.checkstyle.checks.coding.ParameterAssignmentCheckTest
Tests run: 3, Failures: 0, Errors: 0, Skipped: 0, Time elapsed: 0.018 sec - in com.puppycrawl.tools.checkstyle.checks.coding.ParameterAssignmentCheckTest
Running com.puppycrawl.tools.checkstyle.checks.coding.OneStatementPerLineCheckTest
Tests run: 4, Failures: 0, Errors: 0, Skipped: 0, Time elapsed: 0.142 sec - in com.puppycrawl.tools.checkstyle.checks.coding.OneStatementPerLineCheckTest
Running com.puppycrawl.tools.checkstyle.checks.coding.SuperCloneCheckTest
Tests run: 3, Failures: 0, Errors: 0, Skipped: 0, Time elapsed: 0.088 sec - in com.puppycrawl.tools.checkstyle.checks.coding.SuperCloneCheckTest
Running com.puppycrawl.tools.checkstyle.checks.coding.ModifiedControlVariableCheckTest
Tests run: 5, Failures: 0, Errors: 0, Skipped: 0, Time elapsed: 0.104 sec - in com.puppycrawl.tools.checkstyle.checks.coding.ModifiedControlVariableCheckTest
Running com.puppycrawl.tools.checkstyle.checks.coding.IllegalThrowsCheckTest
Tests run: 7, Failures: 0, Errors: 0, Skipped: 0, Time elapsed: 0.19 sec - in com.puppycrawl.tools.checkstyle.checks.coding.IllegalThrowsCheckTest
Running com.puppycrawl.tools.checkstyle.checks.coding.IllegalTokenTextCheckTest
Tests run: 6, Failures: 0, Errors: 0, Skipped: 0, Time elapsed: 0.137 sec - in com.puppycrawl.tools.checkstyle.checks.coding.IllegalTokenTextCheckTest
Running com.puppycrawl.tools.checkstyle.checks.coding.RequireThisCheckTest
Tests run: 10, Failures: 0, Errors: 0, Skipped: 0, Time elapsed: 0.633 sec - in com.puppycrawl.tools.checkstyle.checks.coding.RequireThisCheckTest
Running com.puppycrawl.tools.checkstyle.checks.coding.EqualsHashCodeCheckTest
Tests run: 3, Failures: 0, Errors: 0, Skipped: 0, Time elapsed: 0.031 sec - in com.puppycrawl.tools.checkstyle.checks.coding.EqualsHashCodeCheckTest
Running com.puppycrawl.tools.checkstyle.checks.coding.StringLiteralEqualityCheckTest
Tests run: 2, Failures: 0, Errors: 0, Skipped: 0, Time elapsed: 0.016 sec - in com.puppycrawl.tools.checkstyle.checks.coding.StringLiteralEqualityCheckTest
Running com.puppycrawl.tools.checkstyle.checks.design.InnerTypeLastCheckTest
Tests run: 3, Failures: 0, Errors: 0, Skipped: 0, Time elapsed: 0.025 sec - in com.puppycrawl.tools.checkstyle.checks.design.InnerTypeLastCheckTest
Running com.puppycrawl.tools.checkstyle.checks.design.ThrowsCountCheckTest
Tests run: 6, Failures: 0, Errors: 0, Skipped: 0, Time elapsed: 0.06 sec - in com.puppycrawl.tools.checkstyle.checks.design.ThrowsCountCheckTest
Running com.puppycrawl.tools.checkstyle.checks.design.InterfaceIsTypeCheckTest
Tests run: 4, Failures: 0, Errors: 0, Skipped: 0, Time elapsed: 0.021 sec - in com.puppycrawl.tools.checkstyle.checks.design.InterfaceIsTypeCheckTest
Running com.puppycrawl.tools.checkstyle.checks.design.FinalClassCheckTest
Tests run: 6, Failures: 0, Errors: 0, Skipped: 0, Time elapsed: 0.042 sec - in com.puppycrawl.tools.checkstyle.checks.design.FinalClassCheckTest
Running com.puppycrawl.tools.checkstyle.checks.design.OneTopLevelClassCheckTest
Tests run: 11, Failures: 0, Errors: 0, Skipped: 0, Time elapsed: 0.103 sec - in com.puppycrawl.tools.checkstyle.checks.design.OneTopLevelClassCheckTest
Running com.puppycrawl.tools.checkstyle.checks.design.DesignForExtensionCheckTest
Tests run: 3, Failures: 0, Errors: 0, Skipped: 0, Time elapsed: 0.032 sec - in com.puppycrawl.tools.checkstyle.checks.design.DesignForExtensionCheckTest
Running com.puppycrawl.tools.checkstyle.checks.design.MutableExceptionCheckTest
Tests run: 6, Failures: 0, Errors: 0, Skipped: 0, Time elapsed: 0.071 sec - in com.puppycrawl.tools.checkstyle.checks.design.MutableExceptionCheckTest
Running com.puppycrawl.tools.checkstyle.checks.design.HideUtilityClassConstructorCheckTest
Tests run: 12, Failures: 0, Errors: 0, Skipped: 0, Time elapsed: 0.147 sec - in com.puppycrawl.tools.checkstyle.checks.design.HideUtilityClassConstructorCheckTest
Running com.puppycrawl.tools.checkstyle.checks.design.VisibilityModifierCheckTest
Tests run: 19, Failures: 0, Errors: 0, Skipped: 0, Time elapsed: 0.238 sec - in com.puppycrawl.tools.checkstyle.checks.design.VisibilityModifierCheckTest
Running com.puppycrawl.tools.checkstyle.checks.header.HeaderCheckTest
Tests run: 12, Failures: 0, Errors: 0, Skipped: 0, Time elapsed: 5.831 sec - in com.puppycrawl.tools.checkstyle.checks.header.HeaderCheckTest
Running com.puppycrawl.tools.checkstyle.checks.header.RegexpHeaderCheckTest
Tests run: 20, Failures: 0, Errors: 0, Skipped: 0, Time elapsed: 0.484 sec - in com.puppycrawl.tools.checkstyle.checks.header.RegexpHeaderCheckTest
Running com.puppycrawl.tools.checkstyle.checks.imports.AvoidStarImportCheckTest
Tests run: 6, Failures: 0, Errors: 0, Skipped: 0, Time elapsed: 0.162 sec - in com.puppycrawl.tools.checkstyle.checks.imports.AvoidStarImportCheckTest
Running com.puppycrawl.tools.checkstyle.checks.imports.RedundantImportCheckTest
Tests run: 4, Failures: 0, Errors: 0, Skipped: 0, Time elapsed: 0.072 sec - in com.puppycrawl.tools.checkstyle.checks.imports.RedundantImportCheckTest
Running com.puppycrawl.tools.checkstyle.checks.imports.PkgControlRegExpTest
Tests run: 3, Failures: 0, Errors: 0, Skipped: 0, Time elapsed: 0.009 sec - in com.puppycrawl.tools.checkstyle.checks.imports.PkgControlRegExpTest
Running com.puppycrawl.tools.checkstyle.checks.imports.ImportControlLoaderTest
Tests run: 5, Failures: 0, Errors: 0, Skipped: 0, Time elapsed: 0.021 sec - in com.puppycrawl.tools.checkstyle.checks.imports.ImportControlLoaderTest
Running com.puppycrawl.tools.checkstyle.checks.imports.ImportOrderCheckTest
Tests run: 32, Failures: 0, Errors: 0, Skipped: 0, Time elapsed: 8.164 sec - in com.puppycrawl.tools.checkstyle.checks.imports.ImportOrderCheckTest
Running com.puppycrawl.tools.checkstyle.checks.imports.AvoidStaticImportCheckTest
Tests run: 7, Failures: 0, Errors: 0, Skipped: 0, Time elapsed: 0.086 sec - in com.puppycrawl.tools.checkstyle.checks.imports.AvoidStaticImportCheckTest
Running com.puppycrawl.tools.checkstyle.checks.imports.UnusedImportsCheckTest
Tests run: 7, Failures: 0, Errors: 0, Skipped: 0, Time elapsed: 0.062 sec - in com.puppycrawl.tools.checkstyle.checks.imports.UnusedImportsCheckTest
Running com.puppycrawl.tools.checkstyle.checks.imports.PkgControlTest
Tests run: 3, Failures: 0, Errors: 0, Skipped: 0, Time elapsed: 0.001 sec - in com.puppycrawl.tools.checkstyle.checks.imports.PkgControlTest
Running com.puppycrawl.tools.checkstyle.checks.imports.ImportControlCheckTest
Tests run: 17, Failures: 0, Errors: 0, Skipped: 0, Time elapsed: 0.772 sec - in com.puppycrawl.tools.checkstyle.checks.imports.ImportControlCheckTest
Running com.puppycrawl.tools.checkstyle.checks.imports.GuardTest
Tests run: 11, Failures: 0, Errors: 0, Skipped: 0, Time elapsed: 0.003 sec - in com.puppycrawl.tools.checkstyle.checks.imports.GuardTest
Running com.puppycrawl.tools.checkstyle.checks.imports.IllegalImportCheckTest
Tests run: 4, Failures: 0, Errors: 0, Skipped: 0, Time elapsed: 0.017 sec - in com.puppycrawl.tools.checkstyle.checks.imports.IllegalImportCheckTest
Running com.puppycrawl.tools.checkstyle.checks.imports.CustomImportOrderCheckTest
Tests run: 30, Failures: 0, Errors: 0, Skipped: 0, Time elapsed: 0.241 sec - in com.puppycrawl.tools.checkstyle.checks.imports.CustomImportOrderCheckTest
Running com.puppycrawl.tools.checkstyle.checks.indentation.NewHandlerTest
Tests run: 1, Failures: 0, Errors: 0, Skipped: 0, Time elapsed: 0.017 sec - in com.puppycrawl.tools.checkstyle.checks.indentation.NewHandlerTest
Running com.puppycrawl.tools.checkstyle.checks.indentation.CommentsIndentationCheckTest
Tests run: 8, Failures: 0, Errors: 0, Skipped: 0, Time elapsed: 0.185 sec - in com.puppycrawl.tools.checkstyle.checks.indentation.CommentsIndentationCheckTest
Running com.puppycrawl.tools.checkstyle.checks.indentation.LineSetTest
Tests run: 1, Failures: 0, Errors: 0, Skipped: 0, Time elapsed: 0 sec - in com.puppycrawl.tools.checkstyle.checks.indentation.LineSetTest
Running com.puppycrawl.tools.checkstyle.checks.indentation.IndentationCheckTest
Tests run: 67, Failures: 0, Errors: 0, Skipped: 0, Time elapsed: 1.662 sec - in com.puppycrawl.tools.checkstyle.checks.indentation.IndentationCheckTest
Running com.puppycrawl.tools.checkstyle.checks.javadoc.JavadocTypeCheckTest
Tests run: 25, Failures: 0, Errors: 0, Skipped: 0, Time elapsed: 0.357 sec - in com.puppycrawl.tools.checkstyle.checks.javadoc.JavadocTypeCheckTest
Running com.puppycrawl.tools.checkstyle.checks.javadoc.JavadocTagInfoTest
Tests run: 15, Failures: 0, Errors: 0, Skipped: 0, Time elapsed: 0.005 sec - in com.puppycrawl.tools.checkstyle.checks.javadoc.JavadocTagInfoTest
Running com.puppycrawl.tools.checkstyle.checks.javadoc.JavadocParagraphCheckTest
Tests run: 4, Failures: 0, Errors: 0, Skipped: 0, Time elapsed: 2.815 sec - in com.puppycrawl.tools.checkstyle.checks.javadoc.JavadocParagraphCheckTest
Running com.puppycrawl.tools.checkstyle.checks.javadoc.JavadocMethodCheckTest
Tests run: 36, Failures: 0, Errors: 0, Skipped: 0, Time elapsed: 0.228 sec - in com.puppycrawl.tools.checkstyle.checks.javadoc.JavadocMethodCheckTest
Running com.puppycrawl.tools.checkstyle.checks.javadoc.JavadocTagContinuationIndentationCheckTest
Tests run: 4, Failures: 0, Errors: 0, Skipped: 0, Time elapsed: 0.078 sec - in com.puppycrawl.tools.checkstyle.checks.javadoc.JavadocTagContinuationIndentationCheckTest
Running com.puppycrawl.tools.checkstyle.checks.javadoc.NonEmptyAtclauseDescriptionCheckTest
Tests run: 3, Failures: 0, Errors: 0, Skipped: 0, Time elapsed: 0.035 sec - in com.puppycrawl.tools.checkstyle.checks.javadoc.NonEmptyAtclauseDescriptionCheckTest
Running com.puppycrawl.tools.checkstyle.checks.javadoc.AtclauseOrderCheckTest
Tests run: 5, Failures: 0, Errors: 0, Skipped: 0, Time elapsed: 0.487 sec - in com.puppycrawl.tools.checkstyle.checks.javadoc.AtclauseOrderCheckTest
Running com.puppycrawl.tools.checkstyle.checks.javadoc.WriteTagCheckTest
Tests run: 13, Failures: 0, Errors: 0, Skipped: 0, Time elapsed: 0.152 sec - in com.puppycrawl.tools.checkstyle.checks.javadoc.WriteTagCheckTest
Running com.puppycrawl.tools.checkstyle.checks.javadoc.JavadocNodeImplTest
Tests run: 2, Failures: 0, Errors: 0, Skipped: 0, Time elapsed: 0 sec - in com.puppycrawl.tools.checkstyle.checks.javadoc.JavadocNodeImplTest
Running com.puppycrawl.tools.checkstyle.checks.javadoc.JavadocPackageCheckTest
Tests run: 7, Failures: 0, Errors: 0, Skipped: 0, Time elapsed: 0.097 sec - in com.puppycrawl.tools.checkstyle.checks.javadoc.JavadocPackageCheckTest
Running com.puppycrawl.tools.checkstyle.checks.javadoc.JavadocTagTest
Tests run: 3, Failures: 0, Errors: 0, Skipped: 0, Time elapsed: 0.007 sec - in com.puppycrawl.tools.checkstyle.checks.javadoc.JavadocTagTest
Running com.puppycrawl.tools.checkstyle.checks.javadoc.JavadocStyleCheckTest
Tests run: 18, Failures: 0, Errors: 0, Skipped: 0, Time elapsed: 0.233 sec - in com.puppycrawl.tools.checkstyle.checks.javadoc.JavadocStyleCheckTest
Running com.puppycrawl.tools.checkstyle.checks.javadoc.AbstractTypeAwareCheckTest
Tests run: 6, Failures: 0, Errors: 0, Skipped: 0, Time elapsed: 0.034 sec - in com.puppycrawl.tools.checkstyle.checks.javadoc.AbstractTypeAwareCheckTest
Running com.puppycrawl.tools.checkstyle.checks.javadoc.JavadocVariableCheckTest
Tests run: 12, Failures: 0, Errors: 0, Skipped: 0, Time elapsed: 0.108 sec - in com.puppycrawl.tools.checkstyle.checks.javadoc.JavadocVariableCheckTest
Running com.puppycrawl.tools.checkstyle.checks.javadoc.SummaryJavadocCheckTest
Tests run: 6, Failures: 0, Errors: 0, Skipped: 0, Time elapsed: 0.055 sec - in com.puppycrawl.tools.checkstyle.checks.javadoc.SummaryJavadocCheckTest
Running com.puppycrawl.tools.checkstyle.checks.javadoc.AbstractJavadocCheckTest
Tests run: 11, Failures: 0, Errors: 0, Skipped: 0, Time elapsed: 0.263 sec - in com.puppycrawl.tools.checkstyle.checks.javadoc.AbstractJavadocCheckTest
Running com.puppycrawl.tools.checkstyle.checks.javadoc.SingleLineJavadocCheckTest
Tests run: 4, Failures: 0, Errors: 0, Skipped: 0, Time elapsed: 0.095 sec - in com.puppycrawl.tools.checkstyle.checks.javadoc.SingleLineJavadocCheckTest
Running com.puppycrawl.tools.checkstyle.checks.metrics.BooleanExpressionComplexityCheckTest
Tests run: 4, Failures: 0, Errors: 0, Skipped: 0, Time elapsed: 0.027 sec - in com.puppycrawl.tools.checkstyle.checks.metrics.BooleanExpressionComplexityCheckTest
Running com.puppycrawl.tools.checkstyle.checks.metrics.NPathComplexityCheckTest
Tests run: 6, Failures: 0, Errors: 0, Skipped: 0, Time elapsed: 0.049 sec - in com.puppycrawl.tools.checkstyle.checks.metrics.NPathComplexityCheckTest
Running com.puppycrawl.tools.checkstyle.checks.metrics.CyclomaticComplexityCheckTest
Tests run: 5, Failures: 0, Errors: 0, Skipped: 0, Time elapsed: 0.095 sec - in com.puppycrawl.tools.checkstyle.checks.metrics.CyclomaticComplexityCheckTest
Running com.puppycrawl.tools.checkstyle.checks.metrics.JavaNCSSCheckTest
Tests run: 4, Failures: 0, Errors: 0, Skipped: 0, Time elapsed: 0.057 sec - in com.puppycrawl.tools.checkstyle.checks.metrics.JavaNCSSCheckTest
Running com.puppycrawl.tools.checkstyle.checks.metrics.ClassFanOutComplexityCheckTest
Tests run: 4, Failures: 0, Errors: 0, Skipped: 0, Time elapsed: 0.084 sec - in com.puppycrawl.tools.checkstyle.checks.metrics.ClassFanOutComplexityCheckTest
Running com.puppycrawl.tools.checkstyle.checks.metrics.ClassDataAbstractionCouplingCheckTest
Tests run: 3, Failures: 0, Errors: 0, Skipped: 0, Time elapsed: 0.055 sec - in com.puppycrawl.tools.checkstyle.checks.metrics.ClassDataAbstractionCouplingCheckTest
Running com.puppycrawl.tools.checkstyle.checks.modifier.RedundantModifierCheckTest
Tests run: 12, Failures: 0, Errors: 0, Skipped: 0, Time elapsed: 0.124 sec - in com.puppycrawl.tools.checkstyle.checks.modifier.RedundantModifierCheckTest
Running com.puppycrawl.tools.checkstyle.checks.modifier.ModifierOrderCheckTest
Tests run: 7, Failures: 0, Errors: 0, Skipped: 0, Time elapsed: 0.055 sec - in com.puppycrawl.tools.checkstyle.checks.modifier.ModifierOrderCheckTest
Running com.puppycrawl.tools.checkstyle.checks.naming.AbbreviationAsWordInNameCheckTest
Tests run: 11, Failures: 0, Errors: 0, Skipped: 0, Time elapsed: 0.057 sec - in com.puppycrawl.tools.checkstyle.checks.naming.AbbreviationAsWordInNameCheckTest
Running com.puppycrawl.tools.checkstyle.checks.naming.CatchParameterNameCheckTest
Tests run: 5, Failures: 0, Errors: 0, Skipped: 0, Time elapsed: 0.018 sec - in com.puppycrawl.tools.checkstyle.checks.naming.CatchParameterNameCheckTest
Running com.puppycrawl.tools.checkstyle.checks.naming.ConstantNameCheckTest
Tests run: 9, Failures: 0, Errors: 0, Skipped: 0, Time elapsed: 0.033 sec - in com.puppycrawl.tools.checkstyle.checks.naming.ConstantNameCheckTest
Running com.puppycrawl.tools.checkstyle.checks.naming.InterfaceTypeParameterNameCheckTest
Tests run: 3, Failures: 0, Errors: 0, Skipped: 0, Time elapsed: 0.016 sec - in com.puppycrawl.tools.checkstyle.checks.naming.InterfaceTypeParameterNameCheckTest
Running com.puppycrawl.tools.checkstyle.checks.naming.LocalVariableNameCheckTest
Tests run: 3, Failures: 0, Errors: 0, Skipped: 0, Time elapsed: 0.03 sec - in com.puppycrawl.tools.checkstyle.checks.naming.LocalVariableNameCheckTest
Running com.puppycrawl.tools.checkstyle.checks.naming.TypeNameCheckTest
Tests run: 6, Failures: 0, Errors: 0, Skipped: 0, Time elapsed: 0.075 sec - in com.puppycrawl.tools.checkstyle.checks.naming.TypeNameCheckTest
Running com.puppycrawl.tools.checkstyle.checks.naming.MethodNameCheckTest
Tests run: 8, Failures: 0, Errors: 0, Skipped: 0, Time elapsed: 0.076 sec - in com.puppycrawl.tools.checkstyle.checks.naming.MethodNameCheckTest
Running com.puppycrawl.tools.checkstyle.checks.naming.LocalFinalVariableNameCheckTest
Tests run: 5, Failures: 0, Errors: 0, Skipped: 0, Time elapsed: 0.02 sec - in com.puppycrawl.tools.checkstyle.checks.naming.LocalFinalVariableNameCheckTest
Running com.puppycrawl.tools.checkstyle.checks.naming.MethodTypeParameterNameCheckTest
Tests run: 3, Failures: 0, Errors: 0, Skipped: 0, Time elapsed: 0.019 sec - in com.puppycrawl.tools.checkstyle.checks.naming.MethodTypeParameterNameCheckTest
Running com.puppycrawl.tools.checkstyle.checks.naming.AbstractClassNameCheckTest
Tests run: 7, Failures: 0, Errors: 0, Skipped: 0, Time elapsed: 0.054 sec - in com.puppycrawl.tools.checkstyle.checks.naming.AbstractClassNameCheckTest
Running com.puppycrawl.tools.checkstyle.checks.naming.PackageNameCheckTest
Tests run: 4, Failures: 0, Errors: 0, Skipped: 0, Time elapsed: 0.019 sec - in com.puppycrawl.tools.checkstyle.checks.naming.PackageNameCheckTest
Running com.puppycrawl.tools.checkstyle.checks.naming.MemberNameCheckTest
Tests run: 12, Failures: 0, Errors: 0, Skipped: 0, Time elapsed: 0.044 sec - in com.puppycrawl.tools.checkstyle.checks.naming.MemberNameCheckTest
Running com.puppycrawl.tools.checkstyle.checks.naming.ClassTypeParameterNameCheckTest
Tests run: 4, Failures: 0, Errors: 0, Skipped: 0, Time elapsed: 0.009 sec - in com.puppycrawl.tools.checkstyle.checks.naming.ClassTypeParameterNameCheckTest
Running com.puppycrawl.tools.checkstyle.checks.naming.StaticVariableNameCheckTest
Tests run: 5, Failures: 0, Errors: 0, Skipped: 0, Time elapsed: 0.026 sec - in com.puppycrawl.tools.checkstyle.checks.naming.StaticVariableNameCheckTest
Running com.puppycrawl.tools.checkstyle.checks.naming.ParameterNameCheckTest
Tests run: 8, Failures: 0, Errors: 0, Skipped: 0, Time elapsed: 0.042 sec - in com.puppycrawl.tools.checkstyle.checks.naming.ParameterNameCheckTest
Running com.puppycrawl.tools.checkstyle.checks.regexp.RegexpCheckTest
Tests run: 24, Failures: 0, Errors: 0, Skipped: 0, Time elapsed: 0.268 sec - in com.puppycrawl.tools.checkstyle.checks.regexp.RegexpCheckTest
Running com.puppycrawl.tools.checkstyle.checks.regexp.RegexpSinglelineJavaCheckTest
Tests run: 19, Failures: 0, Errors: 0, Skipped: 0, Time elapsed: 0.223 sec - in com.puppycrawl.tools.checkstyle.checks.regexp.RegexpSinglelineJavaCheckTest
Running com.puppycrawl.tools.checkstyle.checks.regexp.RegexpSinglelineCheckTest
Tests run: 6, Failures: 0, Errors: 0, Skipped: 0, Time elapsed: 0.031 sec - in com.puppycrawl.tools.checkstyle.checks.regexp.RegexpSinglelineCheckTest
Running com.puppycrawl.tools.checkstyle.checks.regexp.RegexpMultilineCheckTest
Tests run: 12, Failures: 0, Errors: 0, Skipped: 0, Time elapsed: 0.091 sec - in com.puppycrawl.tools.checkstyle.checks.regexp.RegexpMultilineCheckTest
Running com.puppycrawl.tools.checkstyle.checks.regexp.RegexpOnFilenameCheckTest
Tests run: 20, Failures: 0, Errors: 0, Skipped: 0, Time elapsed: 0.05 sec - in com.puppycrawl.tools.checkstyle.checks.regexp.RegexpOnFilenameCheckTest
Running com.puppycrawl.tools.checkstyle.checks.sizes.MethodCountCheckTest
Tests run: 6, Failures: 0, Errors: 0, Skipped: 0, Time elapsed: 0.026 sec - in com.puppycrawl.tools.checkstyle.checks.sizes.MethodCountCheckTest
Running com.puppycrawl.tools.checkstyle.checks.sizes.ParameterNumberCheckTest
Tests run: 6, Failures: 0, Errors: 0, Skipped: 0, Time elapsed: 0.019 sec - in com.puppycrawl.tools.checkstyle.checks.sizes.ParameterNumberCheckTest
Running com.puppycrawl.tools.checkstyle.checks.sizes.AnonInnerLengthCheckTest
Tests run: 4, Failures: 0, Errors: 0, Skipped: 0, Time elapsed: 0.042 sec - in com.puppycrawl.tools.checkstyle.checks.sizes.AnonInnerLengthCheckTest
Running com.puppycrawl.tools.checkstyle.checks.sizes.MethodLengthCheckTest
Tests run: 5, Failures: 0, Errors: 0, Skipped: 0, Time elapsed: 0.017 sec - in com.puppycrawl.tools.checkstyle.checks.sizes.MethodLengthCheckTest
Running com.puppycrawl.tools.checkstyle.checks.sizes.LineLengthCheckTest
Tests run: 6, Failures: 0, Errors: 0, Skipped: 0, Time elapsed: 0.035 sec - in com.puppycrawl.tools.checkstyle.checks.sizes.LineLengthCheckTest
Running com.puppycrawl.tools.checkstyle.checks.sizes.OuterTypeNumberCheckTest
Tests run: 5, Failures: 0, Errors: 0, Skipped: 0, Time elapsed: 0.044 sec - in com.puppycrawl.tools.checkstyle.checks.sizes.OuterTypeNumberCheckTest
Running com.puppycrawl.tools.checkstyle.checks.sizes.FileLengthCheckTest
Tests run: 5, Failures: 0, Errors: 0, Skipped: 0, Time elapsed: 0.021 sec - in com.puppycrawl.tools.checkstyle.checks.sizes.FileLengthCheckTest
Running com.puppycrawl.tools.checkstyle.checks.sizes.ExecutableStatementCountCheckTest
Tests run: 8, Failures: 0, Errors: 0, Skipped: 0, Time elapsed: 0.034 sec - in com.puppycrawl.tools.checkstyle.checks.sizes.ExecutableStatementCountCheckTest
Running com.puppycrawl.tools.checkstyle.checks.whitespace.NoWhitespaceAfterCheckTest
Tests run: 8, Failures: 0, Errors: 0, Skipped: 0, Time elapsed: 0.043 sec - in com.puppycrawl.tools.checkstyle.checks.whitespace.NoWhitespaceAfterCheckTest
Running com.puppycrawl.tools.checkstyle.checks.whitespace.OperatorWrapCheckTest
Tests run: 4, Failures: 0, Errors: 0, Skipped: 0, Time elapsed: 0.018 sec - in com.puppycrawl.tools.checkstyle.checks.whitespace.OperatorWrapCheckTest
Running com.puppycrawl.tools.checkstyle.checks.whitespace.MethodParamPadCheckTest
Tests run: 7, Failures: 0, Errors: 0, Skipped: 0, Time elapsed: 0.045 sec - in com.puppycrawl.tools.checkstyle.checks.whitespace.MethodParamPadCheckTest
Running com.puppycrawl.tools.checkstyle.checks.whitespace.EmptyLineSeparatorCheckTest
Tests run: 12, Failures: 0, Errors: 0, Skipped: 0, Time elapsed: 0.052 sec - in com.puppycrawl.tools.checkstyle.checks.whitespace.EmptyLineSeparatorCheckTest
Running com.puppycrawl.tools.checkstyle.checks.whitespace.SeparatorWrapCheckTest
Tests run: 4, Failures: 0, Errors: 0, Skipped: 0, Time elapsed: 0.013 sec - in com.puppycrawl.tools.checkstyle.checks.whitespace.SeparatorWrapCheckTest
Running com.puppycrawl.tools.checkstyle.checks.whitespace.FileTabCharacterCheckTest
Tests run: 3, Failures: 0, Errors: 0, Skipped: 0, Time elapsed: 0.01 sec - in com.puppycrawl.tools.checkstyle.checks.whitespace.FileTabCharacterCheckTest
Running com.puppycrawl.tools.checkstyle.checks.whitespace.NoWhitespaceBeforeCheckTest
Tests run: 3, Failures: 0, Errors: 0, Skipped: 0, Time elapsed: 0.02 sec - in com.puppycrawl.tools.checkstyle.checks.whitespace.NoWhitespaceBeforeCheckTest
Running com.puppycrawl.tools.checkstyle.checks.whitespace.WhitespaceAroundCheckTest
Tests run: 20, Failures: 0, Errors: 0, Skipped: 0, Time elapsed: 0.09 sec - in com.puppycrawl.tools.checkstyle.checks.whitespace.WhitespaceAroundCheckTest
Running com.puppycrawl.tools.checkstyle.checks.whitespace.EmptyForIteratorPadCheckTest
Tests run: 5, Failures: 0, Errors: 0, Skipped: 0, Time elapsed: 0.013 sec - in com.puppycrawl.tools.checkstyle.checks.whitespace.EmptyForIteratorPadCheckTest
Running com.puppycrawl.tools.checkstyle.checks.whitespace.ParenPadCheckTest
Tests run: 8, Failures: 0, Errors: 0, Skipped: 0, Time elapsed: 0.049 sec - in com.puppycrawl.tools.checkstyle.checks.whitespace.ParenPadCheckTest
Running com.puppycrawl.tools.checkstyle.checks.whitespace.TypecastParenPadCheckTest
Tests run: 4, Failures: 0, Errors: 0, Skipped: 0, Time elapsed: 0.019 sec - in com.puppycrawl.tools.checkstyle.checks.whitespace.TypecastParenPadCheckTest
Running com.puppycrawl.tools.checkstyle.checks.whitespace.WhitespaceAfterCheckTest
Tests run: 7, Failures: 0, Errors: 0, Skipped: 0, Time elapsed: 0.028 sec - in com.puppycrawl.tools.checkstyle.checks.whitespace.WhitespaceAfterCheckTest
Running com.puppycrawl.tools.checkstyle.checks.whitespace.NoLineWrapCheckTest
Tests run: 3, Failures: 0, Errors: 0, Skipped: 0, Time elapsed: 0.013 sec - in com.puppycrawl.tools.checkstyle.checks.whitespace.NoLineWrapCheckTest
Running com.puppycrawl.tools.checkstyle.checks.whitespace.EmptyForInitializerPadCheckTest
Tests run: 7, Failures: 0, Errors: 0, Skipped: 0, Time elapsed: 0.016 sec - in com.puppycrawl.tools.checkstyle.checks.whitespace.EmptyForInitializerPadCheckTest
Running com.puppycrawl.tools.checkstyle.checks.whitespace.GenericWhitespaceCheckTest
Tests run: 9, Failures: 0, Errors: 0, Skipped: 0, Time elapsed: 0.026 sec - in com.puppycrawl.tools.checkstyle.checks.whitespace.GenericWhitespaceCheckTest
Running com.puppycrawl.tools.checkstyle.checks.TodoCommentCheckTest
Tests run: 3, Failures: 0, Errors: 0, Skipped: 0, Time elapsed: 0.007 sec - in com.puppycrawl.tools.checkstyle.checks.TodoCommentCheckTest
Running com.puppycrawl.tools.checkstyle.checks.FinalParametersCheckTest
Tests run: 6, Failures: 0, Errors: 0, Skipped: 0, Time elapsed: 0.031 sec - in com.puppycrawl.tools.checkstyle.checks.FinalParametersCheckTest
Running com.puppycrawl.tools.checkstyle.checks.ArrayTypeStyleCheckTest
Tests run: 4, Failures: 0, Errors: 0, Skipped: 0, Time elapsed: 0.01 sec - in com.puppycrawl.tools.checkstyle.checks.ArrayTypeStyleCheckTest
Running com.puppycrawl.tools.checkstyle.checks.UpperEllCheckTest
Tests run: 3, Failures: 0, Errors: 0, Skipped: 0, Time elapsed: 0.007 sec - in com.puppycrawl.tools.checkstyle.checks.UpperEllCheckTest
Running com.puppycrawl.tools.checkstyle.checks.ClassResolverTest
Tests run: 6, Failures: 0, Errors: 0, Skipped: 0, Time elapsed: 1.27 sec - in com.puppycrawl.tools.checkstyle.checks.ClassResolverTest
Running com.puppycrawl.tools.checkstyle.checks.AvoidEscapedUnicodeCharactersCheckTest
Tests run: 7, Failures: 0, Errors: 0, Skipped: 0, Time elapsed: 0.057 sec - in com.puppycrawl.tools.checkstyle.checks.AvoidEscapedUnicodeCharactersCheckTest
Running com.puppycrawl.tools.checkstyle.checks.SuppressWarningsHolderTest
Tests run: 16, Failures: 0, Errors: 0, Skipped: 0, Time elapsed: 2.497 sec - in com.puppycrawl.tools.checkstyle.checks.SuppressWarningsHolderTest
Running com.puppycrawl.tools.checkstyle.checks.UncommentedMainCheckTest
Tests run: 7, Failures: 0, Errors: 0, Skipped: 0, Time elapsed: 0.317 sec - in com.puppycrawl.tools.checkstyle.checks.UncommentedMainCheckTest
Running com.puppycrawl.tools.checkstyle.checks.UniquePropertiesCheckTest
Tests run: 5, Failures: 0, Errors: 0, Skipped: 0, Time elapsed: 0.022 sec - in com.puppycrawl.tools.checkstyle.checks.UniquePropertiesCheckTest
Running com.puppycrawl.tools.checkstyle.checks.DescendantTokenCheckTest
Tests run: 18, Failures: 0, Errors: 0, Skipped: 0, Time elapsed: 0.194 sec - in com.puppycrawl.tools.checkstyle.checks.DescendantTokenCheckTest
Running com.puppycrawl.tools.checkstyle.checks.TranslationCheckTest
Tests run: 17, Failures: 0, Errors: 0, Skipped: 0, Time elapsed: 0.211 sec - in com.puppycrawl.tools.checkstyle.checks.TranslationCheckTest
Running com.puppycrawl.tools.checkstyle.checks.FileSetCheckLifecycleTest
Tests run: 3, Failures: 0, Errors: 0, Skipped: 0, Time elapsed: 0.009 sec - in com.puppycrawl.tools.checkstyle.checks.FileSetCheckLifecycleTest
Running com.puppycrawl.tools.checkstyle.checks.OuterTypeFilenameCheckTest
Tests run: 9, Failures: 0, Errors: 0, Skipped: 0, Time elapsed: 0.031 sec - in com.puppycrawl.tools.checkstyle.checks.OuterTypeFilenameCheckTest
Running com.puppycrawl.tools.checkstyle.checks.TrailingCommentCheckTest
Tests run: 5, Failures: 0, Errors: 0, Skipped: 0, Time elapsed: 0.014 sec - in com.puppycrawl.tools.checkstyle.checks.TrailingCommentCheckTest
Running com.puppycrawl.tools.checkstyle.checks.NewlineAtEndOfFileCheckTest
Tests run: 10, Failures: 0, Errors: 0, Skipped: 0, Time elapsed: 0.039 sec - in com.puppycrawl.tools.checkstyle.checks.NewlineAtEndOfFileCheckTest
Running com.puppycrawl.tools.checkstyle.doclets.TokenTypesDocletTest
Tests run: 6, Failures: 0, Errors: 0, Skipped: 0, Time elapsed: 0.643 sec - in com.puppycrawl.tools.checkstyle.doclets.TokenTypesDocletTest
Running com.puppycrawl.tools.checkstyle.filters.FilterSetTest
Tests run: 7, Failures: 0, Errors: 0, Skipped: 0, Time elapsed: 0.048 sec - in com.puppycrawl.tools.checkstyle.filters.FilterSetTest
Running com.puppycrawl.tools.checkstyle.filters.SeverityMatchFilterTest
Tests run: 3, Failures: 0, Errors: 0, Skipped: 0, Time elapsed: 0.001 sec - in com.puppycrawl.tools.checkstyle.filters.SeverityMatchFilterTest
Running com.puppycrawl.tools.checkstyle.filters.SuppressElementTest
Tests run: 15, Failures: 0, Errors: 0, Skipped: 0, Time elapsed: 0.22 sec - in com.puppycrawl.tools.checkstyle.filters.SuppressElementTest
Running com.puppycrawl.tools.checkstyle.filters.SuppressionsLoaderTest
Tests run: 14, Failures: 0, Errors: 0, Skipped: 0, Time elapsed: 0.96 sec - in com.puppycrawl.tools.checkstyle.filters.SuppressionsLoaderTest
Running com.puppycrawl.tools.checkstyle.filters.SuppressionFilterTest
Tests run: 9, Failures: 0, Errors: 0, Skipped: 0, Time elapsed: 3.584 sec - in com.puppycrawl.tools.checkstyle.filters.SuppressionFilterTest
Running com.puppycrawl.tools.checkstyle.filters.IntRangeFilterTest
Tests run: 4, Failures: 0, Errors: 0, Skipped: 0, Time elapsed: 0.043 sec - in com.puppycrawl.tools.checkstyle.filters.IntRangeFilterTest
Running com.puppycrawl.tools.checkstyle.filters.IntMatchFilterTest
Tests run: 3, Failures: 0, Errors: 0, Skipped: 0, Time elapsed: 0.018 sec - in com.puppycrawl.tools.checkstyle.filters.IntMatchFilterTest
Running com.puppycrawl.tools.checkstyle.filters.SuppressionCommentFilterTest
Tests run: 16, Failures: 0, Errors: 0, Skipped: 0, Time elapsed: 0.681 sec - in com.puppycrawl.tools.checkstyle.filters.SuppressionCommentFilterTest
Running com.puppycrawl.tools.checkstyle.filters.CsvFilterTest
Tests run: 6, Failures: 0, Errors: 0, Skipped: 0, Time elapsed: 0.026 sec - in com.puppycrawl.tools.checkstyle.filters.CsvFilterTest
Running com.puppycrawl.tools.checkstyle.filters.SuppressWithNearbyCommentFilterTest
Tests run: 16, Failures: 0, Errors: 0, Skipped: 0, Time elapsed: 0.445 sec - in com.puppycrawl.tools.checkstyle.filters.SuppressWithNearbyCommentFilterTest
Running com.puppycrawl.tools.checkstyle.filters.SuppressWarningsFilterTest
Tests run: 3, Failures: 0, Errors: 0, Skipped: 0, Time elapsed: 0.059 sec - in com.puppycrawl.tools.checkstyle.filters.SuppressWarningsFilterTest
Running com.puppycrawl.tools.checkstyle.grammars.comments.AllBlockCommentsTest
Tests run: 2, Failures: 0, Errors: 0, Skipped: 0, Time elapsed: 0.02 sec - in com.puppycrawl.tools.checkstyle.grammars.comments.AllBlockCommentsTest
Running com.puppycrawl.tools.checkstyle.grammars.comments.AllSinglelineCommentsTest
Tests run: 2, Failures: 0, Errors: 0, Skipped: 0, Time elapsed: 0.012 sec - in com.puppycrawl.tools.checkstyle.grammars.comments.AllSinglelineCommentsTest
Running com.puppycrawl.tools.checkstyle.grammars.comments.CommentsTest
Tests run: 3, Failures: 0, Errors: 0, Skipped: 0, Time elapsed: 0.002 sec - in com.puppycrawl.tools.checkstyle.grammars.comments.CommentsTest
Running com.puppycrawl.tools.checkstyle.grammars.java8.DefaultMethodsTest
Tests run: 2, Failures: 0, Errors: 0, Skipped: 0, Time elapsed: 0.01 sec - in com.puppycrawl.tools.checkstyle.grammars.java8.DefaultMethodsTest
Running com.puppycrawl.tools.checkstyle.grammars.java8.LambdaTest
Tests run: 18, Failures: 0, Errors: 0, Skipped: 0, Time elapsed: 0.104 sec - in com.puppycrawl.tools.checkstyle.grammars.java8.LambdaTest
Running com.puppycrawl.tools.checkstyle.grammars.java8.AnnotationTest
Tests run: 10, Failures: 0, Errors: 0, Skipped: 0, Time elapsed: 0.046 sec - in com.puppycrawl.tools.checkstyle.grammars.java8.AnnotationTest
Running com.puppycrawl.tools.checkstyle.grammars.java8.TypeUseAnnotationsOnQualifiedTypesTest
Tests run: 1, Failures: 0, Errors: 0, Skipped: 0, Time elapsed: 0.006 sec - in com.puppycrawl.tools.checkstyle.grammars.java8.TypeUseAnnotationsOnQualifiedTypesTest
Running com.puppycrawl.tools.checkstyle.grammars.java8.AnnotationsOnArrayTest
Tests run: 1, Failures: 0, Errors: 0, Skipped: 0, Time elapsed: 0.005 sec - in com.puppycrawl.tools.checkstyle.grammars.java8.AnnotationsOnArrayTest
Running com.puppycrawl.tools.checkstyle.grammars.java8.MethodReferencesTest
Tests run: 7, Failures: 0, Errors: 0, Skipped: 0, Time elapsed: 0.035 sec - in com.puppycrawl.tools.checkstyle.grammars.java8.MethodReferencesTest
Running com.puppycrawl.tools.checkstyle.grammars.javadoc.JavadocParseTreeTest
Tests run: 23, Failures: 0, Errors: 0, Skipped: 0, Time elapsed: 0.311 sec - in com.puppycrawl.tools.checkstyle.grammars.javadoc.JavadocParseTreeTest
Running com.puppycrawl.tools.checkstyle.grammars.AstRegressionTest
Tests run: 15, Failures: 0, Errors: 0, Skipped: 0, Time elapsed: 0.232 sec - in com.puppycrawl.tools.checkstyle.grammars.AstRegressionTest
Running com.puppycrawl.tools.checkstyle.grammars.UnicodeEscapeTest
Tests run: 1, Failures: 0, Errors: 0, Skipped: 0, Time elapsed: 0.028 sec - in com.puppycrawl.tools.checkstyle.grammars.UnicodeEscapeTest
Running com.puppycrawl.tools.checkstyle.grammars.Java7DiamondTest
Tests run: 1, Failures: 0, Errors: 0, Skipped: 0, Time elapsed: 0.004 sec - in com.puppycrawl.tools.checkstyle.grammars.Java7DiamondTest
Running com.puppycrawl.tools.checkstyle.grammars.LineCommentAtTheEndOfFileTest
Tests run: 1, Failures: 0, Errors: 0, Skipped: 0, Time elapsed: 0.042 sec - in com.puppycrawl.tools.checkstyle.grammars.LineCommentAtTheEndOfFileTest
Running com.puppycrawl.tools.checkstyle.grammars.Java7MultiCatchTest
Tests run: 1, Failures: 0, Errors: 0, Skipped: 0, Time elapsed: 0.004 sec - in com.puppycrawl.tools.checkstyle.grammars.Java7MultiCatchTest
Running com.puppycrawl.tools.checkstyle.grammars.HexFloatsTest
Tests run: 1, Failures: 0, Errors: 0, Skipped: 0, Time elapsed: 0.027 sec - in com.puppycrawl.tools.checkstyle.grammars.HexFloatsTest
Running com.puppycrawl.tools.checkstyle.grammars.Java9TryWithResourcesTest
Tests run: 1, Failures: 0, Errors: 0, Skipped: 0, Time elapsed: 0.013 sec - in com.puppycrawl.tools.checkstyle.grammars.Java9TryWithResourcesTest
Running com.puppycrawl.tools.checkstyle.grammars.MultiDimensionalArraysInGenericsTest
Tests run: 1, Failures: 0, Errors: 0, Skipped: 0, Time elapsed: 0.028 sec - in com.puppycrawl.tools.checkstyle.grammars.MultiDimensionalArraysInGenericsTest
Running com.puppycrawl.tools.checkstyle.grammars.EmbeddedNullCharTest
Tests run: 1, Failures: 0, Errors: 0, Skipped: 0, Time elapsed: 0.006 sec - in com.puppycrawl.tools.checkstyle.grammars.EmbeddedNullCharTest
Running com.puppycrawl.tools.checkstyle.grammars.GeneratedJavaTokenTypesTest
Tests run: 1, Failures: 0, Errors: 0, Skipped: 0, Time elapsed: 0.002 sec - in com.puppycrawl.tools.checkstyle.grammars.GeneratedJavaTokenTypesTest
Running com.puppycrawl.tools.checkstyle.grammars.Java7NumericalLiteralsTest
Tests run: 1, Failures: 0, Errors: 0, Skipped: 0, Time elapsed: 0.038 sec - in com.puppycrawl.tools.checkstyle.grammars.Java7NumericalLiteralsTest
Running com.puppycrawl.tools.checkstyle.grammars.GeneratedJava14LexerTest
Tests run: 2, Failures: 0, Errors: 0, Skipped: 0, Time elapsed: 0.051 sec - in com.puppycrawl.tools.checkstyle.grammars.GeneratedJava14LexerTest
Running com.puppycrawl.tools.checkstyle.grammars.Java7TryWithResourcesTest
Tests run: 1, Failures: 0, Errors: 0, Skipped: 0, Time elapsed: 0.017 sec - in com.puppycrawl.tools.checkstyle.grammars.Java7TryWithResourcesTest
Running com.puppycrawl.tools.checkstyle.grammars.Java7StringSwitchTest
Tests run: 1, Failures: 0, Errors: 0, Skipped: 0, Time elapsed: 0.013 sec - in com.puppycrawl.tools.checkstyle.grammars.Java7StringSwitchTest
Running com.puppycrawl.tools.checkstyle.grammars.VarargTest
Tests run: 1, Failures: 0, Errors: 0, Skipped: 0, Time elapsed: 0.021 sec - in com.puppycrawl.tools.checkstyle.grammars.VarargTest
Running com.puppycrawl.tools.checkstyle.internal.AllChecksTest
Tests run: 9, Failures: 0, Errors: 0, Skipped: 0, Time elapsed: 5.525 sec - in com.puppycrawl.tools.checkstyle.internal.AllChecksTest
Running com.puppycrawl.tools.checkstyle.internal.CommitValidationTest
Tests run: 2, Failures: 0, Errors: 0, Skipped: 0, Time elapsed: 0.481 sec - in com.puppycrawl.tools.checkstyle.internal.CommitValidationTest
Running com.puppycrawl.tools.checkstyle.internal.XDocsPagesTest
Tests run: 4, Failures: 0, Errors: 0, Skipped: 0, Time elapsed: 7.721 sec - in com.puppycrawl.tools.checkstyle.internal.XDocsPagesTest
Running com.puppycrawl.tools.checkstyle.PropertiesExpanderTest
Tests run: 2, Failures: 0, Errors: 0, Skipped: 0, Time elapsed: 0.002 sec - in com.puppycrawl.tools.checkstyle.PropertiesExpanderTest
Running com.puppycrawl.tools.checkstyle.MainTest
Tests run: 38, Failures: 0, Errors: 0, Skipped: 0, Time elapsed: 0.468 sec - in com.puppycrawl.tools.checkstyle.MainTest
Running com.puppycrawl.tools.checkstyle.PackageNamesLoaderTest
Tests run: 5, Failures: 0, Errors: 0, Skipped: 0, Time elapsed: 0.076 sec - in com.puppycrawl.tools.checkstyle.PackageNamesLoaderTest
Running com.puppycrawl.tools.checkstyle.ConfigurationLoaderTest
Tests run: 24, Failures: 0, Errors: 0, Skipped: 0, Time elapsed: 0.055 sec - in com.puppycrawl.tools.checkstyle.ConfigurationLoaderTest
Running com.puppycrawl.tools.checkstyle.utils.JavadocUtilsTest
Tests run: 16, Failures: 0, Errors: 0, Skipped: 0, Time elapsed: 0.007 sec - in com.puppycrawl.tools.checkstyle.utils.JavadocUtilsTest
Running com.puppycrawl.tools.checkstyle.utils.AnnotationUtilityTest
Tests run: 10, Failures: 0, Errors: 0, Skipped: 0, Time elapsed: 0 sec - in com.puppycrawl.tools.checkstyle.utils.AnnotationUtilityTest
Running com.puppycrawl.tools.checkstyle.utils.CommonUtilsTest
Tests run: 18, Failures: 0, Errors: 0, Skipped: 0, Time elapsed: 3.112 sec - in com.puppycrawl.tools.checkstyle.utils.CommonUtilsTest
Running com.puppycrawl.tools.checkstyle.utils.ScopeUtilsTest
Tests run: 12, Failures: 0, Errors: 0, Skipped: 0, Time elapsed: 0.002 sec - in com.puppycrawl.tools.checkstyle.utils.ScopeUtilsTest
Running com.puppycrawl.tools.checkstyle.utils.CheckUtilsTest
Tests run: 4, Failures: 0, Errors: 0, Skipped: 0, Time elapsed: 0.004 sec - in com.puppycrawl.tools.checkstyle.utils.CheckUtilsTest
Running com.puppycrawl.tools.checkstyle.utils.TokenUtilsTest
Tests run: 8, Failures: 0, Errors: 0, Skipped: 0, Time elapsed: 0.002 sec - in com.puppycrawl.tools.checkstyle.utils.TokenUtilsTest
Running com.puppycrawl.tools.checkstyle.XMLLoggerTest
Tests run: 10, Failures: 0, Errors: 0, Skipped: 0, Time elapsed: 0.025 sec - in com.puppycrawl.tools.checkstyle.XMLLoggerTest
Running com.puppycrawl.tools.checkstyle.CheckerTest
Tests run: 21, Failures: 0, Errors: 0, Skipped: 1, Time elapsed: 0.152 sec - in com.puppycrawl.tools.checkstyle.CheckerTest
Running com.puppycrawl.tools.checkstyle.DefaultLoggerTest
Tests run: 2, Failures: 0, Errors: 0, Skipped: 0, Time elapsed: 0.021 sec - in com.puppycrawl.tools.checkstyle.DefaultLoggerTest
Running com.puppycrawl.tools.checkstyle.PackageObjectFactoryTest
Tests run: 3, Failures: 0, Errors: 0, Skipped: 0, Time elapsed: 0.009 sec - in com.puppycrawl.tools.checkstyle.PackageObjectFactoryTest
Running com.puppycrawl.tools.checkstyle.PropertyCacheFileTest
Tests run: 8, Failures: 0, Errors: 0, Skipped: 0, Time elapsed: 1.058 sec - in com.puppycrawl.tools.checkstyle.PropertyCacheFileTest
Running com.puppycrawl.tools.checkstyle.DefinitionsTest
Tests run: 1, Failures: 0, Errors: 0, Skipped: 0, Time elapsed: 0.001 sec - in com.puppycrawl.tools.checkstyle.DefinitionsTest
Running com.puppycrawl.tools.checkstyle.DefaultConfigurationTest
Tests run: 1, Failures: 0, Errors: 0, Skipped: 0, Time elapsed: 0 sec - in com.puppycrawl.tools.checkstyle.DefaultConfigurationTest
Running com.puppycrawl.tools.checkstyle.TreeWalkerTest
Tests run: 13, Failures: 0, Errors: 0, Skipped: 0, Time elapsed: 0.056 sec - in com.puppycrawl.tools.checkstyle.TreeWalkerTest
Running com.puppycrawl.tools.checkstyle.AstTreeStringPrinterTest
Tests run: 5, Failures: 0, Errors: 0, Skipped: 0, Time elapsed: 0.023 sec - in com.puppycrawl.tools.checkstyle.AstTreeStringPrinterTest
Running com.puppycrawl.tools.checkstyle.DetailNodeTreeStringPrinterTest
Tests run: 2, Failures: 0, Errors: 0, Skipped: 0, Time elapsed: 0.003 sec - in com.puppycrawl.tools.checkstyle.DetailNodeTreeStringPrinterTest
Running com.puppycrawl.tools.checkstyle.AuditEventDefaultFormatterTest
Tests run: 4, Failures: 0, Errors: 0, Skipped: 0, Time elapsed: 0.65 sec - in com.puppycrawl.tools.checkstyle.AuditEventDefaultFormatterTest

Results :

Failed tests: 
  IllegalTokenCheckTest.testCommentToken:91->BaseCheckTestSupport.verify:121->BaseCheckTestSupport.verify:134->BaseCheckTestSupport.verify:162 error message 0 expected:<...s.java:3:3: Using '*[
 * Test for illegal tokens
 ' is not allowed.]> but was:<...s.java:3:3: Using '*[]>

Tests run: 1804, Failures: 1, Errors: 0, Skipped: 1

[INFO] ------------------------------------------------------------------------
[INFO] BUILD FAILURE
[INFO] ------------------------------------------------------------------------
[INFO] Total time: 02:29 min
[INFO] Finished at: 2016-05-04T14:05:23+00:00
[INFO] Final Memory: 39M/455M
[INFO] ------------------------------------------------------------------------
[ERROR] Failed to execute goal org.apache.maven.plugins:maven-surefire-plugin:2.19.1:test (default-test) on project checkstyle: There are test failures.
[ERROR] 
[ERROR] Please refer to /home/travis/build/checkstyle/checkstyle/target/surefire-reports for the individual test results.
[ERROR] -> [Help 1]
[ERROR] 
[ERROR] To see the full stack trace of the errors, re-run Maven with the -e switch.
[ERROR] Re-run Maven using the -X switch to enable full debug logging.
[ERROR] 
[ERROR] For more information about the errors and possible solutions, please read the following articles:
[ERROR] [Help 1] http://cwiki.apache.org/confluence/display/MAVEN/MojoFailureException

travis_time:end:0fb66748:start=1462370570249501737,finish=1462370725516215748,duration=155266714011[0K
[31;1mThe command "eval $CMD" exited with 1.[0m
travis_fold:start:cache.2[0Kstore build cache
travis_time:start:0a7ee810[0K
travis_time:end:0a7ee810:start=1462370725521034895,finish=1462370725524661031,duration=3626136[0Ktravis_time:start:234875d0[0K[32;1mchange detected:
/home/travis/.m2/repository/junit/junit-dep/resolver-status.properties

[0m
[32;1mchanges detected, packing new archive[0m
.
[32;1muploading archive[0m

travis_time:end:234875d0:start=1462370725529154957,finish=1462370742931682562,duration=17402527605[0Ktravis_fold:end:cache.2[0K
Done. Your build exited with 1.
