travis_fold:start:worker_info[0K[33;1mWorker information[0m
hostname: 3c6880d9-7a2f-4431-91f7-512188639da7@1.i-001de4d-production-2-worker-org-ec2.travisci.net
version: v3.3.1 https://github.com/travis-ci/worker/tree/1153e5010ef9863bf96264b75fba506109633460
instance: 1bddcdf travisci/ci-garnet:packer-1503972846 (via amqp)
startup: 511.508469ms
travis_fold:end:worker_info[0Ktravis_fold:start:system_info[0K[33;1mBuild system information[0m
Build language: java
Build group: stable
Build dist: trusty
Build id: 298224248
Job id: 298224252
Runtime kernel version: 4.11.6-041106-generic
travis-build version: d1a96d134
[34m[1mBuild image provisioning date and time[0m
Tue Aug 29 02:50:02 UTC 2017
[34m[1mOperating System Details[0m
Distributor ID:	Ubuntu
Description:	Ubuntu 14.04.5 LTS
Release:	14.04
Codename:	trusty
[34m[1mCookbooks Version[0m
4642454 https://github.com/travis-ci/travis-cookbooks/tree/4642454
[34m[1mgit version[0m
git version 2.14.1
[34m[1mbash version[0m
GNU bash, version 4.3.11(1)-release (x86_64-pc-linux-gnu)
[34m[1mgcc version[0m
gcc (Ubuntu 4.8.4-2ubuntu1~14.04.3) 4.8.4
Copyright (C) 2013 Free Software Foundation, Inc.
This is free software; see the source for copying conditions.  There is NO
warranty; not even for MERCHANTABILITY or FITNESS FOR A PARTICULAR PURPOSE.

[34m[1mdocker version[0m
Client:
 Version:      17.03.1-ce
 API version:  1.27
 Go version:   go1.7.5
 Git commit:   c6d412e
 Built:        Mon Mar 27 16:58:30 2017
 OS/Arch:      linux/amd64
[34m[1mclang version[0m
clang version 3.9.0 (tags/RELEASE_390/final)
Target: x86_64-unknown-linux-gnu
Thread model: posix
InstalledDir: /usr/local/clang-3.9.0/bin
[34m[1mjq version[0m
jq-1.5
[34m[1mbats version[0m
Bats 0.4.0
[34m[1mshellcheck version[0m
0.4.6
[34m[1mshfmt version[0m
v1.3.1
[34m[1mccache version[0m
ccache version 3.1.9

Copyright (C) 2002-2007 Andrew Tridgell
Copyright (C) 2009-2011 Joel Rosdahl

This program is free software; you can redistribute it and/or modify it under
the terms of the GNU General Public License as published by the Free Software
Foundation; either version 3 of the License, or (at your option) any later
version.
[34m[1mcmake version[0m
cmake version 3.2.2

CMake suite maintained and supported by Kitware (kitware.com/cmake).
[34m[1mheroku version[0m
heroku-cli/6.13.19-6cd27b3 (linux-x64) node-v8.3.0
[34m[1mimagemagick version[0m
Version: ImageMagick 6.7.7-10 2017-07-31 Q16 http://www.imagemagick.org
[34m[1mmd5deep version[0m
4.2
[34m[1mmercurial version[0m
Mercurial Distributed SCM (version 4.2.2)
(see https://mercurial-scm.org for more information)

Copyright (C) 2005-2017 Matt Mackall and others
This is free software; see the source for copying conditions. There is NO
warranty; not even for MERCHANTABILITY or FITNESS FOR A PARTICULAR PURPOSE.
[34m[1mmysql version[0m
mysql  Ver 14.14 Distrib 5.6.33, for debian-linux-gnu (x86_64) using  EditLine wrapper
[34m[1mopenssl version[0m
OpenSSL 1.0.1f 6 Jan 2014
[34m[1mpacker version[0m
Packer v1.0.2

Your version of Packer is out of date! The latest version
is 1.0.4. You can update by downloading from www.packer.io
[34m[1mpostgresql client version[0m
psql (PostgreSQL) 9.6.4
[34m[1mragel version[0m
Ragel State Machine Compiler version 6.8 Feb 2013
Copyright (c) 2001-2009 by Adrian Thurston
[34m[1msubversion version[0m
svn, version 1.8.8 (r1568071)
   compiled Aug 10 2017, 17:20:39 on x86_64-pc-linux-gnu

Copyright (C) 2013 The Apache Software Foundation.
This software consists of contributions made by many people;
see the NOTICE file for more information.
Subversion is open source software, see http://subversion.apache.org/

The following repository access (RA) modules are available:

* ra_svn : Module for accessing a repository using the svn network protocol.
  - with Cyrus SASL authentication
  - handles 'svn' scheme
* ra_local : Module for accessing a repository on local disk.
  - handles 'file' scheme
* ra_serf : Module for accessing a repository via WebDAV protocol using serf.
  - using serf 1.3.3
  - handles 'http' scheme
  - handles 'https' scheme

[34m[1msudo version[0m
Sudo version 1.8.9p5
Configure options: --prefix=/usr -v --with-all-insults --with-pam --with-fqdn --with-logging=syslog --with-logfac=authpriv --with-env-editor --with-editor=/usr/bin/editor --with-timeout=15 --with-password-timeout=0 --with-passprompt=[sudo] password for %p:  --without-lecture --with-tty-tickets --disable-root-mailer --enable-admin-flag --with-sendmail=/usr/sbin/sendmail --with-timedir=/var/lib/sudo --mandir=/usr/share/man --libexecdir=/usr/lib/sudo --with-sssd --with-sssd-lib=/usr/lib/x86_64-linux-gnu --with-selinux
Sudoers policy plugin version 1.8.9p5
Sudoers file grammar version 43

Sudoers path: /etc/sudoers
Authentication methods: 'pam'
Syslog facility if syslog is being used for logging: authpriv
Syslog priority to use when user authenticates successfully: notice
Syslog priority to use when user authenticates unsuccessfully: alert
Send mail if the user is not in sudoers
Use a separate timestamp for each user/tty combo
Lecture user the first time they run sudo
Root may run sudo
Allow some information gathering to give useful error messages
Require fully-qualified hostnames in the sudoers file
Visudo will honor the EDITOR environment variable
Set the LOGNAME and USER environment variables
Length at which to wrap log file lines (0 for no wrap): 80
Authentication timestamp timeout: 15.0 minutes
Password prompt timeout: 0.0 minutes
Number of tries to enter a password: 3
Umask to use or 0777 to use user's: 022
Path to mail program: /usr/sbin/sendmail
Flags for mail program: -t
Address to send mail to: root
Subject line for mail messages: *** SECURITY information for %h ***
Incorrect password message: Sorry, try again.
Path to authentication timestamp dir: /var/lib/sudo
Default password prompt: [sudo] password for %p: 
Default user to run commands as: root
Value to override user's $PATH with: /usr/local/sbin:/usr/local/bin:/usr/sbin:/usr/bin:/sbin:/bin:/snap/bin
Path to the editor for use by visudo: /usr/bin/editor
When to require a password for 'list' pseudocommand: any
When to require a password for 'verify' pseudocommand: all
File descriptors >= 3 will be closed before executing a command
Environment variables to check for sanity:
	TZ
	TERM
	LINGUAS
	LC_*
	LANGUAGE
	LANG
	COLORTERM
Environment variables to remove:
	RUBYOPT
	RUBYLIB
	PYTHONUSERBASE
	PYTHONINSPECT
	PYTHONPATH
	PYTHONHOME
	TMPPREFIX
	ZDOTDIR
	READNULLCMD
	NULLCMD
	FPATH
	PERL5DB
	PERL5OPT
	PERL5LIB
	PERLLIB
	PERLIO_DEBUG 
	JAVA_TOOL_OPTIONS
	SHELLOPTS
	GLOBIGNORE
	PS4
	BASH_ENV
	ENV
	TERMCAP
	TERMPATH
	TERMINFO_DIRS
	TERMINFO
	_RLD*
	LD_*
	PATH_LOCALE
	NLSPATH
	HOSTALIASES
	RES_OPTIONS
	LOCALDOMAIN
	CDPATH
	IFS
Environment variables to preserve:
	JAVA_HOME
	TRAVIS
	CI
	DEBIAN_FRONTEND
	XAUTHORIZATION
	XAUTHORITY
	PS2
	PS1
	PATH
	LS_COLORS
	KRB5CCNAME
	HOSTNAME
	HOME
	DISPLAY
	COLORS
Locale to use while parsing sudoers: C
Directory in which to store input/output logs: /var/log/sudo-io
File in which to store the input/output log: %{seq}
Add an entry to the utmp/utmpx file when allocating a pty
PAM service name to use
PAM service name to use for login shells
Create a new PAM session for the command to run in
Maximum I/O log sequence number: 0

Local IP address and netmask pairs:
	172.17.0.2/255.255.0.0

Sudoers I/O plugin version 1.8.9p5
[34m[1mgzip version[0m
gzip 1.6
Copyright (C) 2007, 2010, 2011 Free Software Foundation, Inc.
Copyright (C) 1993 Jean-loup Gailly.
This is free software.  You may redistribute copies of it under the terms of
the GNU General Public License <http://www.gnu.org/licenses/gpl.html>.
There is NO WARRANTY, to the extent permitted by law.

Written by Jean-loup Gailly.
[34m[1mzip version[0m
Copyright (c) 1990-2008 Info-ZIP - Type 'zip "-L"' for software license.
This is Zip 3.0 (July 5th 2008), by Info-ZIP.
Currently maintained by E. Gordon.  Please send bug reports to
the authors using the web page at www.info-zip.org; see README for details.

Latest sources and executables are at ftp://ftp.info-zip.org/pub/infozip,
as of above date; see http://www.info-zip.org/ for other sites.

Compiled with gcc 4.8.2 for Unix (Linux ELF) on Oct 21 2013.

Zip special compilation options:
	USE_EF_UT_TIME       (store Universal Time)
	BZIP2_SUPPORT        (bzip2 library version 1.0.6, 6-Sept-2010)
	    bzip2 code and library copyright (c) Julian R Seward
	    (See the bzip2 license for terms of use)
	SYMLINK_SUPPORT      (symbolic links supported)
	LARGE_FILE_SUPPORT   (can read and write large files on file system)
	ZIP64_SUPPORT        (use Zip64 to store large files in archives)
	UNICODE_SUPPORT      (store and read UTF-8 Unicode paths)
	STORE_UNIX_UIDs_GIDs (store UID/GID sizes/values using new extra field)
	UIDGID_NOT_16BIT     (old Unix 16-bit UID/GID extra field not used)
	[encryption, version 2.91 of 05 Jan 2007] (modified for Zip 3)

Encryption notice:
	The encryption code of this program is not copyrighted and is
	put in the public domain.  It was originally written in Europe
	and, to the best of our knowledge, can be freely distributed
	in both source and object forms from any country, including
	the USA under License Exception TSU of the U.S. Export
	Administration Regulations (section 740.13(e)) of 6 June 2002.

Zip environment options:
             ZIP:  [none]
          ZIPOPT:  [none]
[34m[1mvim version[0m
VIM - Vi IMproved 7.4 (2013 Aug 10, compiled Nov 24 2016 16:43:18)
Included patches: 1-52
Extra patches: 8.0.0056
Modified by pkg-vim-maintainers@lists.alioth.debian.org
Compiled by buildd@
Huge version without GUI.  Features included (+) or not (-):
+acl             +farsi           +mouse_netterm   +syntax
+arabic          +file_in_path    +mouse_sgr       +tag_binary
+autocmd         +find_in_path    -mouse_sysmouse  +tag_old_static
-balloon_eval    +float           +mouse_urxvt     -tag_any_white
-browse          +folding         +mouse_xterm     -tcl
++builtin_terms  -footer          +multi_byte      +terminfo
+byte_offset     +fork()          +multi_lang      +termresponse
+cindent         +gettext         -mzscheme        +textobjects
-clientserver    -hangul_input    +netbeans_intg   +title
-clipboard       +iconv           +path_extra      -toolbar
+cmdline_compl   +insert_expand   -perl            +user_commands
+cmdline_hist    +jumplist        +persistent_undo +vertsplit
+cmdline_info    +keymap          +postscript      +virtualedit
+comments        +langmap         +printer         +visual
+conceal         +libcall         +profile         +visualextra
+cryptv          +linebreak       +python          +viminfo
+cscope          +lispindent      -python3         +vreplace
+cursorbind      +listcmds        +quickfix        +wildignore
+cursorshape     +localmap        +reltime         +wildmenu
+dialog_con      -lua             +rightleft       +windows
+diff            +menu            -ruby            +writebackup
+digraphs        +mksession       +scrollbind      -X11
-dnd             +modify_fname    +signs           -xfontset
-ebcdic          +mouse           +smartindent     -xim
+emacs_tags      -mouseshape      -sniff           -xsmp
+eval            +mouse_dec       +startuptime     -xterm_clipboard
+ex_extra        +mouse_gpm       +statusline      -xterm_save
+extra_search    -mouse_jsbterm   -sun_workshop    -xpm
   system vimrc file: "$VIM/vimrc"
     user vimrc file: "$HOME/.vimrc"
 2nd user vimrc file: "~/.vim/vimrc"
      user exrc file: "$HOME/.exrc"
  fall-back for $VIM: "/usr/share/vim"
Compilation: gcc -c -I. -Iproto -DHAVE_CONFIG_H     -g -O2 -fstack-protector --param=ssp-buffer-size=4 -Wformat -Werror=format-security -U_FORTIFY_SOURCE -D_FORTIFY_SOURCE=1      
Linking: gcc   -Wl,-Bsymbolic-functions -Wl,-z,relro -Wl,--as-needed -o vim        -lm -ltinfo -lnsl  -lselinux  -lacl -lattr -lgpm -ldl    -L/usr/lib/python2.7/config-x86_64-linux-gnu -lpython2.7 -lpthread -ldl -lutil -lm -Xlinker -export-dynamic -Wl,-O1 -Wl,-Bsymbolic-functions      
[34m[1miptables version[0m
iptables v1.4.21
[34m[1mcurl version[0m
curl 7.35.0 (x86_64-pc-linux-gnu) libcurl/7.35.0 OpenSSL/1.0.1f zlib/1.2.8 libidn/1.28 librtmp/2.3
[34m[1mwget version[0m
GNU Wget 1.15 built on linux-gnu.
[34m[1mrsync version[0m
rsync  version 3.1.0  protocol version 31
[34m[1mgimme version[0m
v1.2.0
[34m[1mnvm version[0m
0.33.2
[34m[1mperlbrew version[0m
/home/travis/perl5/perlbrew/bin/perlbrew  - App::perlbrew/0.80
[34m[1mphpenv version[0m
rbenv 1.1.1-4-g4ebd1bd
[34m[1mrvm version[0m
rvm 1.29.2 (latest) by Michal Papis, Piotr Kuczynski, Wayne E. Seguin [https://rvm.io/]
[34m[1mdefault ruby version[0m
ruby 2.4.1p111 (2017-03-22 revision 58053) [x86_64-linux]
[34m[1mCouchDB version[0m
couchdb 1.6.1
[34m[1mElasticSearch version[0m
5.5.0
[34m[1mInstalled Firefox version[0m
firefox 55.0.2
[34m[1mMongoDB version[0m
MongoDB 3.2.16
[34m[1mPre-installed PostgreSQL versions[0m
9.2.22
9.3.18
9.4.13
9.5.8
9.6.4
[34m[1mRabbitMQ Version[0m
3.6.11
[34m[1mRedis version[0m
redis-server 4.0.1
[34m[1mriak version[0m
2.2.3
[34m[1mPre-installed Go versions[0m
1.7.4
[34m[1mant version[0m
Apache Ant(TM) version 1.9.3 compiled on April 8 2014
[34m[1mmvn version[0m
Apache Maven 3.5.0 (ff8f5e7444045639af65f6095c62210b5713f426; 2017-04-03T19:39:06Z)
Maven home: /usr/local/maven-3.5.0
Java version: 1.8.0_144, vendor: Oracle Corporation
Java home: /usr/lib/jvm/java-8-oracle/jre
Default locale: en_US, platform encoding: UTF-8
OS name: "linux", version: "4.4.0-92-generic", arch: "amd64", family: "unix"
[34m[1mgradle version[0m

------------------------------------------------------------
Gradle 4.0.1
------------------------------------------------------------

Build time:   2017-07-07 14:02:41 UTC
Revision:     38e5dc0f772daecca1d2681885d3d85414eb6826

Groovy:       2.4.11
Ant:          Apache Ant(TM) version 1.9.6 compiled on June 29 2015
JVM:          1.8.0_144 (Oracle Corporation 25.144-b01)
OS:           Linux 4.4.0-92-generic amd64

[34m[1mlein version[0m
WARNING: You're currently running as root; probably by accident.
Press control-C to abort or Enter to continue as root.
Set LEIN_ROOT to disable this warning.
Leiningen 2.7.1 on Java 1.8.0_144 Java HotSpot(TM) 64-Bit Server VM
[34m[1mPre-installed Node.js versions[0m
v4.8.4
v6.11.2
v6.9.4
v7.4.0
v8.4
[34m[1mphpenv versions[0m
  system
  5.6
* 5.6.31 (set by /home/travis/.phpenv/version)
  7.0
  7.0.22
  hhvm
  hhvm-stable
[34m[1mcomposer --version[0m
Composer version 1.4.2 2017-05-17 08:17:52
[34m[1mPre-installed Ruby versions[0m
ruby-2.2.7
ruby-2.3.4
ruby-2.4.1
travis_fold:end:system_info[0K
removed ‘/etc/apt/sources.list.d/basho_riak.list’
Executing: /tmp/tmp.CJGLW2smNY/gpg.1.sh --keyserver
hkp://keyserver.ubuntu.com:80
--recv
EA312927
gpg: requesting key EA312927 from hkp server keyserver.ubuntu.com
gpg: key EA312927: "MongoDB 3.2 Release Signing Key <packaging@mongodb.com>" 1 new signature
gpg: Total number processed: 1
gpg:         new signatures: 1
W: http://dl.hhvm.com/ubuntu/dists/trusty/InRelease: Signature by key 36AEF64D0207E7EEE352D4875A16E7281BE7A449 uses weak digest algorithm (SHA1)
W: http://ppa.launchpad.net/couchdb/stable/ubuntu/dists/trusty/Release.gpg: Signature by key 15866BAFD9BCC4F3C1E0DFC7D69548E1C17EAB57 uses weak digest algorithm (SHA1)
$ jdk_switcher use oraclejdk8
Switching to Oracle JDK8 (java-8-oracle), JAVA_HOME will be set to /usr/lib/jvm/java-8-oracle
travis_fold:start:git.checkout[0Ktravis_time:start:1426bce0[0K$ git clone --depth=50 https://github.com/spring-projects/spring-hateoas.git spring-projects/spring-hateoas
Cloning into 'spring-projects/spring-hateoas'...
remote: Counting objects: 906, done.[K
remote: Compressing objects:   0% (1/405)   [Kremote: Compressing objects:   1% (5/405)   [Kremote: Compressing objects:   2% (9/405)   [Kremote: Compressing objects:   3% (13/405)   [Kremote: Compressing objects:   4% (17/405)   [Kremote: Compressing objects:   5% (21/405)   [Kremote: Compressing objects:   6% (25/405)   [Kremote: Compressing objects:   7% (29/405)   [Kremote: Compressing objects:   8% (33/405)   [Kremote: Compressing objects:   9% (37/405)   [Kremote: Compressing objects:  10% (41/405)   [Kremote: Compressing objects:  11% (45/405)   [Kremote: Compressing objects:  12% (49/405)   [Kremote: Compressing objects:  13% (53/405)   [Kremote: Compressing objects:  14% (57/405)   [Kremote: Compressing objects:  15% (61/405)   [Kremote: Compressing objects:  16% (65/405)   [Kremote: Compressing objects:  17% (69/405)   [Kremote: Compressing objects:  18% (73/405)   [Kremote: Compressing objects:  19% (77/405)   [Kremote: Compressing objects:  20% (81/405)   [Kremote: Compressing objects:  21% (86/405)   [Kremote: Compressing objects:  22% (90/405)   [Kremote: Compressing objects:  23% (94/405)   [Kremote: Compressing objects:  24% (98/405)   [Kremote: Compressing objects:  25% (102/405)   [Kremote: Compressing objects:  26% (106/405)   [Kremote: Compressing objects:  27% (110/405)   [Kremote: Compressing objects:  28% (114/405)   [Kremote: Compressing objects:  29% (118/405)   [Kremote: Compressing objects:  30% (122/405)   [Kremote: Compressing objects:  31% (126/405)   [Kremote: Compressing objects:  32% (130/405)   [Kremote: Compressing objects:  33% (134/405)   [Kremote: Compressing objects:  34% (138/405)   [Kremote: Compressing objects:  35% (142/405)   [Kremote: Compressing objects:  36% (146/405)   [Kremote: Compressing objects:  37% (150/405)   [Kremote: Compressing objects:  38% (154/405)   [Kremote: Compressing objects:  39% (158/405)   [Kremote: Compressing objects:  40% (162/405)   [Kremote: Compressing objects:  41% (167/405)   [Kremote: Compressing objects:  42% (171/405)   [Kremote: Compressing objects:  43% (175/405)   [Kremote: Compressing objects:  44% (179/405)   [Kremote: Compressing objects:  45% (183/405)   [Kremote: Compressing objects:  46% (187/405)   [Kremote: Compressing objects:  47% (191/405)   [Kremote: Compressing objects:  48% (195/405)   [Kremote: Compressing objects:  49% (199/405)   [Kremote: Compressing objects:  50% (203/405)   [Kremote: Compressing objects:  51% (207/405)   [Kremote: Compressing objects:  52% (211/405)   [Kremote: Compressing objects:  53% (215/405)   [Kremote: Compressing objects:  54% (219/405)   [Kremote: Compressing objects:  55% (223/405)   [Kremote: Compressing objects:  56% (227/405)   [Kremote: Compressing objects:  57% (231/405)   [Kremote: Compressing objects:  58% (235/405)   [Kremote: Compressing objects:  59% (239/405)   [Kremote: Compressing objects:  60% (243/405)   [Kremote: Compressing objects:  61% (248/405)   [Kremote: Compressing objects:  62% (252/405)   [Kremote: Compressing objects:  63% (256/405)   [Kremote: Compressing objects:  64% (260/405)   [Kremote: Compressing objects:  65% (264/405)   [Kremote: Compressing objects:  66% (268/405)   [Kremote: Compressing objects:  67% (272/405)   [Kremote: Compressing objects:  68% (276/405)   [Kremote: Compressing objects:  69% (280/405)   [Kremote: Compressing objects:  70% (284/405)   [Kremote: Compressing objects:  71% (288/405)   [Kremote: Compressing objects:  72% (292/405)   [Kremote: Compressing objects:  73% (296/405)   [Kremote: Compressing objects:  74% (300/405)   [Kremote: Compressing objects:  75% (304/405)   [Kremote: Compressing objects:  76% (308/405)   [Kremote: Compressing objects:  77% (312/405)   [Kremote: Compressing objects:  78% (316/405)   [Kremote: Compressing objects:  79% (320/405)   [Kremote: Compressing objects:  80% (324/405)   [Kremote: Compressing objects:  81% (329/405)   [Kremote: Compressing objects:  82% (333/405)   [Kremote: Compressing objects:  83% (337/405)   [Kremote: Compressing objects:  84% (341/405)   [Kremote: Compressing objects:  85% (345/405)   [Kremote: Compressing objects:  86% (349/405)   [Kremote: Compressing objects:  87% (353/405)   [Kremote: Compressing objects:  88% (357/405)   [Kremote: Compressing objects:  89% (361/405)   [Kremote: Compressing objects:  90% (365/405)   [Kremote: Compressing objects:  91% (369/405)   [Kremote: Compressing objects:  92% (373/405)   [Kremote: Compressing objects:  93% (377/405)   [Kremote: Compressing objects:  94% (381/405)   [Kremote: Compressing objects:  95% (385/405)   [Kremote: Compressing objects:  96% (389/405)   [Kremote: Compressing objects:  97% (393/405)   [Kremote: Compressing objects:  98% (397/405)   [Kremote: Compressing objects:  99% (401/405)   [Kremote: Compressing objects: 100% (405/405)   [Kremote: Compressing objects: 100% (405/405), done.[K
Receiving objects:   0% (1/906)   Receiving objects:   1% (10/906)   Receiving objects:   2% (19/906)   Receiving objects:   3% (28/906)   Receiving objects:   4% (37/906)   Receiving objects:   5% (46/906)   Receiving objects:   6% (55/906)   Receiving objects:   7% (64/906)   Receiving objects:   8% (73/906)   Receiving objects:   9% (82/906)   Receiving objects:  10% (91/906)   Receiving objects:  11% (100/906)   Receiving objects:  12% (109/906)   Receiving objects:  13% (118/906)   Receiving objects:  14% (127/906)   Receiving objects:  15% (136/906)   Receiving objects:  16% (145/906)   Receiving objects:  17% (155/906)   Receiving objects:  18% (164/906)   Receiving objects:  19% (173/906)   Receiving objects:  20% (182/906)   Receiving objects:  21% (191/906)   Receiving objects:  22% (200/906)   Receiving objects:  23% (209/906)   Receiving objects:  24% (218/906)   Receiving objects:  25% (227/906)   Receiving objects:  26% (236/906)   Receiving objects:  27% (245/906)   Receiving objects:  28% (254/906)   Receiving objects:  29% (263/906)   Receiving objects:  30% (272/906)   Receiving objects:  31% (281/906)   Receiving objects:  32% (290/906)   Receiving objects:  33% (299/906)   Receiving objects:  34% (309/906)   Receiving objects:  35% (318/906)   Receiving objects:  36% (327/906)   Receiving objects:  37% (336/906)   Receiving objects:  38% (345/906)   Receiving objects:  39% (354/906)   Receiving objects:  40% (363/906)   Receiving objects:  41% (372/906)   Receiving objects:  42% (381/906)   Receiving objects:  43% (390/906)   Receiving objects:  44% (399/906)   Receiving objects:  45% (408/906)   Receiving objects:  46% (417/906)   Receiving objects:  47% (426/906)   Receiving objects:  48% (435/906)   Receiving objects:  49% (444/906)   Receiving objects:  50% (453/906)   Receiving objects:  51% (463/906)   Receiving objects:  52% (472/906)   Receiving objects:  53% (481/906)   Receiving objects:  54% (490/906)   Receiving objects:  55% (499/906)   Receiving objects:  56% (508/906)   Receiving objects:  57% (517/906)   Receiving objects:  58% (526/906)   Receiving objects:  59% (535/906)   Receiving objects:  60% (544/906)   Receiving objects:  61% (553/906)   Receiving objects:  62% (562/906)   Receiving objects:  63% (571/906)   Receiving objects:  64% (580/906)   Receiving objects:  65% (589/906)   Receiving objects:  66% (598/906)   Receiving objects:  67% (608/906)   Receiving objects:  68% (617/906)   Receiving objects:  69% (626/906)   Receiving objects:  70% (635/906)   Receiving objects:  71% (644/906)   Receiving objects:  72% (653/906)   Receiving objects:  73% (662/906)   Receiving objects:  74% (671/906)   Receiving objects:  75% (680/906)   Receiving objects:  76% (689/906)   Receiving objects:  77% (698/906)   Receiving objects:  78% (707/906)   Receiving objects:  79% (716/906)   Receiving objects:  80% (725/906)   Receiving objects:  81% (734/906)   Receiving objects:  82% (743/906)   Receiving objects:  83% (752/906)   Receiving objects:  84% (762/906)   Receiving objects:  85% (771/906)   Receiving objects:  86% (780/906)   remote: Total 906 (delta 421), reused 736 (delta 326), pack-reused 0[K
Receiving objects:  87% (789/906)   Receiving objects:  88% (798/906)   Receiving objects:  89% (807/906)   Receiving objects:  90% (816/906)   Receiving objects:  91% (825/906)   Receiving objects:  92% (834/906)   Receiving objects:  93% (843/906)   Receiving objects:  94% (852/906)   Receiving objects:  95% (861/906)   Receiving objects:  96% (870/906)   Receiving objects:  97% (879/906)   Receiving objects:  98% (888/906)   Receiving objects:  99% (897/906)   Receiving objects: 100% (906/906)   Receiving objects: 100% (906/906), 286.40 KiB | 2.19 MiB/s, done.
Resolving deltas:   0% (0/421)   Resolving deltas:   3% (15/421)   Resolving deltas:   5% (23/421)   Resolving deltas:   6% (27/421)   Resolving deltas:   7% (30/421)   Resolving deltas:   9% (42/421)   Resolving deltas:  13% (57/421)   Resolving deltas:  15% (66/421)   Resolving deltas:  16% (68/421)   Resolving deltas:  18% (76/421)   Resolving deltas:  20% (88/421)   Resolving deltas:  22% (95/421)   Resolving deltas:  23% (100/421)   Resolving deltas:  24% (104/421)   Resolving deltas:  26% (111/421)   Resolving deltas:  27% (116/421)   Resolving deltas:  28% (119/421)   Resolving deltas:  29% (123/421)   Resolving deltas:  31% (133/421)   Resolving deltas:  33% (143/421)   Resolving deltas:  34% (147/421)   Resolving deltas:  35% (151/421)   Resolving deltas:  36% (153/421)   Resolving deltas:  40% (170/421)   Resolving deltas:  41% (174/421)   Resolving deltas:  43% (182/421)   Resolving deltas:  44% (186/421)   Resolving deltas:  45% (192/421)   Resolving deltas:  47% (199/421)   Resolving deltas:  48% (203/421)   Resolving deltas:  50% (214/421)   Resolving deltas:  52% (223/421)   Resolving deltas:  54% (228/421)   Resolving deltas:  55% (234/421)   Resolving deltas:  56% (236/421)   Resolving deltas:  57% (240/421)   Resolving deltas:  59% (252/421)   Resolving deltas:  60% (254/421)   Resolving deltas:  61% (257/421)   Resolving deltas:  62% (264/421)   Resolving deltas:  63% (266/421)   Resolving deltas:  64% (271/421)   Resolving deltas:  65% (275/421)   Resolving deltas:  66% (278/421)   Resolving deltas:  67% (283/421)   Resolving deltas:  68% (287/421)   Resolving deltas:  69% (291/421)   Resolving deltas:  70% (297/421)   Resolving deltas:  71% (299/421)   Resolving deltas:  72% (304/421)   Resolving deltas:  73% (309/421)   Resolving deltas:  74% (313/421)   Resolving deltas:  75% (317/421)   Resolving deltas:  76% (320/421)   Resolving deltas:  77% (325/421)   Resolving deltas:  80% (337/421)   Resolving deltas:  81% (343/421)   Resolving deltas:  82% (347/421)   Resolving deltas:  83% (351/421)   Resolving deltas:  84% (357/421)   Resolving deltas:  85% (358/421)   Resolving deltas:  86% (363/421)   Resolving deltas:  89% (378/421)   Resolving deltas:  90% (379/421)   Resolving deltas:  92% (388/421)   Resolving deltas:  93% (393/421)   Resolving deltas: 100% (421/421)   Resolving deltas: 100% (421/421), done.

travis_time:end:1426bce0:start=1510005293565787174,finish=1510005294379314009,duration=813526835[0K$ cd spring-projects/spring-hateoas
travis_time:start:300cd1e5[0K$ git fetch origin +refs/pull/612/merge:
remote: Counting objects: 202, done.[K
remote: Compressing objects:   1% (1/70)   [Kremote: Compressing objects:   2% (2/70)   [Kremote: Compressing objects:   4% (3/70)   [Kremote: Compressing objects:   5% (4/70)   [Kremote: Compressing objects:   7% (5/70)   [Kremote: Compressing objects:   8% (6/70)   [Kremote: Compressing objects:  10% (7/70)   [Kremote: Compressing objects:  11% (8/70)   [Kremote: Compressing objects:  12% (9/70)   [Kremote: Compressing objects:  14% (10/70)   [Kremote: Compressing objects:  15% (11/70)   [Kremote: Compressing objects:  17% (12/70)   [Kremote: Compressing objects:  18% (13/70)   [Kremote: Compressing objects:  20% (14/70)   [Kremote: Compressing objects:  21% (15/70)   [Kremote: Compressing objects:  22% (16/70)   [Kremote: Compressing objects:  24% (17/70)   [Kremote: Compressing objects:  25% (18/70)   [Kremote: Compressing objects:  27% (19/70)   [Kremote: Compressing objects:  28% (20/70)   [Kremote: Compressing objects:  30% (21/70)   [Kremote: Compressing objects:  31% (22/70)   [Kremote: Compressing objects:  32% (23/70)   [Kremote: Compressing objects:  34% (24/70)   [Kremote: Compressing objects:  35% (25/70)   [Kremote: Compressing objects:  37% (26/70)   [Kremote: Compressing objects:  38% (27/70)   [Kremote: Compressing objects:  40% (28/70)   [Kremote: Compressing objects:  41% (29/70)   [Kremote: Compressing objects:  42% (30/70)   [Kremote: Compressing objects:  44% (31/70)   [Kremote: Compressing objects:  45% (32/70)   [Kremote: Compressing objects:  47% (33/70)   [Kremote: Compressing objects:  48% (34/70)   [Kremote: Compressing objects:  50% (35/70)   [Kremote: Compressing objects:  51% (36/70)   [Kremote: Compressing objects:  52% (37/70)   [Kremote: Compressing objects:  54% (38/70)   [Kremote: Compressing objects:  55% (39/70)   [Kremote: Compressing objects:  57% (40/70)   [Kremote: Compressing objects:  58% (41/70)   [Kremote: Compressing objects:  60% (42/70)   [Kremote: Compressing objects:  61% (43/70)   [Kremote: Compressing objects:  62% (44/70)   [Kremote: Compressing objects:  64% (45/70)   [Kremote: Compressing objects:  65% (46/70)   [Kremote: Compressing objects:  67% (47/70)   [Kremote: Compressing objects:  68% (48/70)   [Kremote: Compressing objects:  70% (49/70)   [Kremote: Compressing objects:  71% (50/70)   [Kremote: Compressing objects:  72% (51/70)   [Kremote: Compressing objects:  74% (52/70)   [Kremote: Compressing objects:  75% (53/70)   [Kremote: Compressing objects:  77% (54/70)   [Kremote: Compressing objects:  78% (55/70)   [Kremote: Compressing objects:  80% (56/70)   [Kremote: Compressing objects:  81% (57/70)   [Kremote: Compressing objects:  82% (58/70)   [Kremote: Compressing objects:  84% (59/70)   [Kremote: Compressing objects:  85% (60/70)   [Kremote: Compressing objects:  87% (61/70)   [Kremote: Compressing objects:  88% (62/70)   [Kremote: Compressing objects:  90% (63/70)   [Kremote: Compressing objects:  91% (64/70)   [Kremote: Compressing objects:  92% (65/70)   [Kremote: Compressing objects:  94% (66/70)   [Kremote: Compressing objects:  95% (67/70)   [Kremote: Compressing objects:  97% (68/70)   [Kremote: Compressing objects:  98% (69/70)   [Kremote: Compressing objects: 100% (70/70)   [Kremote: Compressing objects: 100% (70/70), done.[K
Receiving objects:   0% (1/202)   Receiving objects:   1% (3/202)   Receiving objects:   2% (5/202)   Receiving objects:   3% (7/202)   Receiving objects:   4% (9/202)   Receiving objects:   5% (11/202)   Receiving objects:   6% (13/202)   Receiving objects:   7% (15/202)   Receiving objects:   8% (17/202)   Receiving objects:   9% (19/202)   Receiving objects:  10% (21/202)   Receiving objects:  11% (23/202)   Receiving objects:  12% (25/202)   Receiving objects:  13% (27/202)   Receiving objects:  14% (29/202)   Receiving objects:  15% (31/202)   Receiving objects:  16% (33/202)   Receiving objects:  17% (35/202)   Receiving objects:  18% (37/202)   Receiving objects:  19% (39/202)   Receiving objects:  20% (41/202)   Receiving objects:  21% (43/202)   Receiving objects:  22% (45/202)   Receiving objects:  23% (47/202)   Receiving objects:  24% (49/202)   Receiving objects:  25% (51/202)   Receiving objects:  26% (53/202)   Receiving objects:  27% (55/202)   remote: Total 202 (delta 114), reused 188 (delta 106), pack-reused 0[K
Receiving objects:  28% (57/202)   Receiving objects:  29% (59/202)   Receiving objects:  30% (61/202)   Receiving objects:  31% (63/202)   Receiving objects:  32% (65/202)   Receiving objects:  33% (67/202)   Receiving objects:  34% (69/202)   Receiving objects:  35% (71/202)   Receiving objects:  36% (73/202)   Receiving objects:  37% (75/202)   Receiving objects:  38% (77/202)   Receiving objects:  39% (79/202)   Receiving objects:  40% (81/202)   Receiving objects:  41% (83/202)   Receiving objects:  42% (85/202)   Receiving objects:  43% (87/202)   Receiving objects:  44% (89/202)   Receiving objects:  45% (91/202)   Receiving objects:  46% (93/202)   Receiving objects:  47% (95/202)   Receiving objects:  48% (97/202)   Receiving objects:  49% (99/202)   Receiving objects:  50% (101/202)   Receiving objects:  51% (104/202)   Receiving objects:  52% (106/202)   Receiving objects:  53% (108/202)   Receiving objects:  54% (110/202)   Receiving objects:  55% (112/202)   Receiving objects:  56% (114/202)   Receiving objects:  57% (116/202)   Receiving objects:  58% (118/202)   Receiving objects:  59% (120/202)   Receiving objects:  60% (122/202)   Receiving objects:  61% (124/202)   Receiving objects:  62% (126/202)   Receiving objects:  63% (128/202)   Receiving objects:  64% (130/202)   Receiving objects:  65% (132/202)   Receiving objects:  66% (134/202)   Receiving objects:  67% (136/202)   Receiving objects:  68% (138/202)   Receiving objects:  69% (140/202)   Receiving objects:  70% (142/202)   Receiving objects:  71% (144/202)   Receiving objects:  72% (146/202)   Receiving objects:  73% (148/202)   Receiving objects:  74% (150/202)   Receiving objects:  75% (152/202)   Receiving objects:  76% (154/202)   Receiving objects:  77% (156/202)   Receiving objects:  78% (158/202)   Receiving objects:  79% (160/202)   Receiving objects:  80% (162/202)   Receiving objects:  81% (164/202)   Receiving objects:  82% (166/202)   Receiving objects:  83% (168/202)   Receiving objects:  84% (170/202)   Receiving objects:  85% (172/202)   Receiving objects:  86% (174/202)   Receiving objects:  87% (176/202)   Receiving objects:  88% (178/202)   Receiving objects:  89% (180/202)   Receiving objects:  90% (182/202)   Receiving objects:  91% (184/202)   Receiving objects:  92% (186/202)   Receiving objects:  93% (188/202)   Receiving objects:  94% (190/202)   Receiving objects:  95% (192/202)   Receiving objects:  96% (194/202)   Receiving objects:  97% (196/202)   Receiving objects:  98% (198/202)   Receiving objects:  99% (200/202)   Receiving objects: 100% (202/202)   Receiving objects: 100% (202/202), 80.51 KiB | 13.42 MiB/s, done.
Resolving deltas:   0% (0/114)   Resolving deltas:   2% (3/114)   Resolving deltas:   5% (6/114)   Resolving deltas:   6% (7/114)   Resolving deltas:   7% (8/114)   Resolving deltas:   9% (11/114)   Resolving deltas:  11% (13/114)   Resolving deltas:  12% (14/114)   Resolving deltas:  14% (17/114)   Resolving deltas:  15% (18/114)   Resolving deltas:  16% (19/114)   Resolving deltas:  17% (20/114)   Resolving deltas:  18% (21/114)   Resolving deltas:  19% (22/114)   Resolving deltas:  21% (24/114)   Resolving deltas:  22% (26/114)   Resolving deltas:  23% (27/114)   Resolving deltas:  24% (28/114)   Resolving deltas:  26% (30/114)   Resolving deltas:  28% (33/114)   Resolving deltas:  29% (34/114)   Resolving deltas:  30% (35/114)   Resolving deltas:  35% (40/114)   Resolving deltas:  36% (42/114)   Resolving deltas:  37% (43/114)   Resolving deltas:  38% (44/114)   Resolving deltas:  39% (45/114)   Resolving deltas:  40% (46/114)   Resolving deltas:  44% (51/114)   Resolving deltas:  46% (53/114)   Resolving deltas:  47% (54/114)   Resolving deltas:  50% (57/114)   Resolving deltas:  52% (60/114)   Resolving deltas:  54% (62/114)   Resolving deltas:  55% (63/114)   Resolving deltas:  57% (65/114)   Resolving deltas:  58% (67/114)   Resolving deltas:  60% (69/114)   Resolving deltas:  62% (71/114)   Resolving deltas:  66% (76/114)   Resolving deltas:  68% (78/114)   Resolving deltas:  70% (80/114)   Resolving deltas:  71% (82/114)   Resolving deltas:  73% (84/114)   Resolving deltas:  75% (86/114)   Resolving deltas:  76% (87/114)   Resolving deltas:  79% (91/114)   Resolving deltas:  81% (93/114)   Resolving deltas:  83% (95/114)   Resolving deltas:  84% (96/114)   Resolving deltas:  85% (97/114)   Resolving deltas:  87% (100/114)   Resolving deltas:  90% (103/114)   Resolving deltas:  91% (104/114)   Resolving deltas:  92% (105/114)   Resolving deltas:  93% (107/114)   Resolving deltas:  94% (108/114)   Resolving deltas:  95% (109/114)   Resolving deltas:  96% (110/114)   Resolving deltas:  98% (112/114)   Resolving deltas: 100% (114/114)   Resolving deltas: 100% (114/114), completed with 32 local objects.
From https://github.com/spring-projects/spring-hateoas
 * branch            refs/pull/612/merge -> FETCH_HEAD

travis_time:end:300cd1e5:start=1510005294387373461,finish=1510005294689519903,duration=302146442[0K$ git checkout -qf FETCH_HEAD
travis_fold:end:git.checkout[0Ktravis_fold:start:apt[0K[33;1mInstalling APT Packages (BETA)[0m
$ export DEBIAN_FRONTEND=noninteractive
travis_time:start:0e3ef21c[0K$ sudo -E apt-get -yq update &>> ~/apt-get-update.log

travis_time:end:0e3ef21c:start=1510005294726371171,finish=1510005301720198103,duration=6993826932[0Ktravis_time:start:0a1645ac[0K$ sudo -E apt-get -yq --no-install-suggests --no-install-recommends --force-yes install oracle-java8-installer
Reading package lists...
Building dependency tree...
Reading state information...
Suggested packages:
  visualvm ttf-baekmuk | ttf-unfonts | ttf-unfonts-core ttf-kochi-gothic
  | ttf-sazanami-gothic ttf-kochi-mincho | ttf-sazanami-mincho
  ttf-arphic-uming
Recommended packages:
  oracle-java8-set-default
The following packages will be upgraded:
  oracle-java8-installer
1 upgraded, 0 newly installed, 0 to remove and 97 not upgraded.
Need to get 32.9 kB of archives.
After this operation, 0 B of additional disk space will be used.
Get:1 http://ppa.launchpad.net/webupd8team/java/ubuntu trusty/main amd64 oracle-java8-installer all 8u151-1~webupd8~0 [32.9 kB]
Fetched 32.9 kB in 0s (79.6 kB/s)
Preconfiguring packages ...
(Reading database ... (Reading database ... 5%(Reading database ... 10%(Reading database ... 15%(Reading database ... 20%(Reading database ... 25%(Reading database ... 30%(Reading database ... 35%(Reading database ... 40%(Reading database ... 45%(Reading database ... 50%(Reading database ... 55%(Reading database ... 60%(Reading database ... 65%(Reading database ... 70%(Reading database ... 75%(Reading database ... 80%(Reading database ... 85%(Reading database ... 90%(Reading database ... 95%(Reading database ... 100%(Reading database ... 74154 files and directories currently installed.)
Preparing to unpack .../oracle-java8-installer_8u151-1~webupd8~0_all.deb ...
oracle-license-v1-1 license has already been accepted
Unpacking oracle-java8-installer (8u151-1~webupd8~0) over (8u144-1~webupd8~0) ...
Processing triggers for mime-support (3.54ubuntu1.1) ...
Processing triggers for hicolor-icon-theme (0.13-1) ...
Processing triggers for shared-mime-info (1.2-0ubuntu3) ...
Setting up oracle-java8-installer (8u151-1~webupd8~0) ...
No /var/cache/oracle-jdk8-installer/wgetrc file found.
Creating /var/cache/oracle-jdk8-installer/wgetrc and
using default oracle-java8-installer wgetrc settings for it.
Downloading Oracle Java 8...
--2017-11-06 21:55:13--  http://download.oracle.com/otn-pub/java/jdk/8u151-b12/e758a0de34e24606bca991d704f6dcbf/jdk-8u151-linux-x64.tar.gz
Resolving download.oracle.com (download.oracle.com)... 23.72.224.217
Connecting to download.oracle.com (download.oracle.com)|23.72.224.217|:80... connected.
HTTP request sent, awaiting response... 302 Moved Temporarily
Location: https://edelivery.oracle.com/otn-pub/java/jdk/8u151-b12/e758a0de34e24606bca991d704f6dcbf/jdk-8u151-linux-x64.tar.gz [following]
--2017-11-06 21:55:13--  https://edelivery.oracle.com/otn-pub/java/jdk/8u151-b12/e758a0de34e24606bca991d704f6dcbf/jdk-8u151-linux-x64.tar.gz
Resolving edelivery.oracle.com (edelivery.oracle.com)... 23.49.182.138, 2600:1408:10:297::2d3e, 2600:1408:10:286::2d3e
Connecting to edelivery.oracle.com (edelivery.oracle.com)|23.49.182.138|:443... connected.
HTTP request sent, awaiting response... 302 Moved Temporarily
Location: http://download.oracle.com/otn-pub/java/jdk/8u151-b12/e758a0de34e24606bca991d704f6dcbf/jdk-8u151-linux-x64.tar.gz?AuthParam=1510005434_3ef8f55579ef5fdc3718fcb8758c3ae8 [following]
--2017-11-06 21:55:13--  http://download.oracle.com/otn-pub/java/jdk/8u151-b12/e758a0de34e24606bca991d704f6dcbf/jdk-8u151-linux-x64.tar.gz?AuthParam=1510005434_3ef8f55579ef5fdc3718fcb8758c3ae8
Connecting to download.oracle.com (download.oracle.com)|23.72.224.217|:80... connected.
HTTP request sent, awaiting response... 200 OK
Length: 189736377 (181M) [application/x-gzip]
Saving to: ‘jdk-8u151-linux-x64.tar.gz’

     0K ........ ........ ........ ........ ........ ........  1% 14.8M 12s
  3072K ........ ........ ........ ........ ........ ........  3% 25.1M 9s
  6144K ........ ........ ........ ........ ........ ........  4% 7.12M 14s
  9216K ........ ........ ........ ........ ........ ........  6% 15.6M 13s
 12288K ........ ........ ........ ........ ........ ........  8% 6.37M 16s
 15360K ........ ........ ........ ........ ........ ........  9% 24.4M 14s
 18432K ........ ........ ........ ........ ........ ........ 11% 24.9M 13s
 21504K ........ ........ ........ ........ ........ ........ 13% 24.0M 12s
 24576K ........ ........ ........ ........ ........ ........ 14% 4.58M 14s
 27648K ........ ........ ........ ........ ........ ........ 16% 35.4M 13s
 30720K ........ ........ ........ ........ ........ ........ 18% 11.7M 12s
 33792K ........ ........ ........ ........ ........ ........ 19% 34.7M 11s
 36864K ........ ........ ........ ........ ........ ........ 21% 26.4M 11s
 39936K ........ ........ ........ ........ ........ ........ 23% 32.9M 10s
 43008K ........ ........ ........ ........ ........ ........ 24% 34.2M 10s
 46080K ........ ........ ........ ........ ........ ........ 26% 12.4M 9s
 49152K ........ ........ ........ ........ ........ ........ 28% 10.3M 9s
 52224K ........ ........ ........ ........ ........ ........ 29% 10.4M 9s
 55296K ........ ........ ........ ........ ........ ........ 31% 13.2M 9s
 58368K ........ ........ ........ ........ ........ ........ 33% 44.7M 9s
 61440K ........ ........ ........ ........ ........ ........ 34% 32.1M 8s
 64512K ........ ........ ........ ........ ........ ........ 36% 29.6M 8s
 67584K ........ ........ ........ ........ ........ ........ 38% 8.33M 8s
 70656K ........ ........ ........ ........ ........ ........ 39% 12.7M 8s
 73728K ........ ........ ........ ........ ........ ........ 41% 36.7M 7s
 76800K ........ ........ ........ ........ ........ ........ 43% 43.2M 7s
 79872K ........ ........ ........ ........ ........ ........ 44% 38.9M 7s
 82944K ........ ........ ........ ........ ........ ........ 46% 46.6M 6s
 86016K ........ ........ ........ ........ ........ ........ 48% 36.1M 6s
 89088K ........ ........ ........ ........ ........ ........ 49% 37.6M 6s
 92160K ........ ........ ........ ........ ........ ........ 51% 23.0M 5s
 95232K ........ ........ ........ ........ ........ ........ 53% 32.2M 5s
 98304K ........ ........ ........ ........ ........ ........ 54% 11.2M 5s
101376K ........ ........ ........ ........ ........ ........ 56% 9.33M 5s
104448K ........ ........ ........ ........ ........ ........ 58% 23.1M 5s
107520K ........ ........ ........ ........ ........ ........ 59% 9.15M 5s
110592K ........ ........ ........ ........ ........ ........ 61% 9.78M 4s
113664K ........ ........ ........ ........ ........ ........ 63% 37.8M 4s
116736K ........ ........ ........ ........ ........ ........ 64% 29.1M 4s
119808K ........ ........ ........ ........ ........ ........ 66% 20.9M 4s
122880K ........ ........ ........ ........ ........ ........ 67% 20.7M 4s
125952K ........ ........ ........ ........ ........ ........ 69% 20.5M 3s
129024K ........ ........ ........ ........ ........ ........ 71% 27.3M 3s
132096K ........ ........ ........ ........ ........ ........ 72% 9.32M 3s
135168K ........ ........ ........ ........ ........ ........ 74% 9.58M 3s
138240K ........ ........ ........ ........ ........ ........ 76% 17.4M 3s
141312K ........ ........ ........ ........ ........ ........ 77% 9.36M 3s
144384K ........ ........ ........ ........ ........ ........ 79% 36.5M 2s
147456K ........ ........ ........ ........ ........ ........ 81% 24.4M 2s
150528K ........ ........ ........ ........ ........ ........ 82% 40.5M 2s
153600K ........ ........ ........ ........ ........ ........ 84% 24.4M 2s
156672K ........ ........ ........ ........ ........ ........ 86% 9.78M 2s
159744K ........ ........ ........ ........ ........ ........ 87% 27.9M 1s
162816K ........ ........ ........ ........ ........ ........ 89% 29.3M 1s
165888K ........ ........ ........ ........ ........ ........ 91% 21.8M 1s
168960K ........ ........ ........ ........ ........ ........ 92% 40.2M 1s
172032K ........ ........ ........ ........ ........ ........ 94% 28.1M 1s
175104K ........ ........ ........ ........ ........ ........ 96% 34.1M 0s
178176K ........ ........ ........ ........ ........ ........ 97% 9.50M 0s
181248K ........ ........ ........ ........ ........ ........ 99% 41.7M 0s
184320K ........ .......                                     100% 38.2M=11s

2017-11-06 21:55:24 (16.9 MB/s) - ‘jdk-8u151-linux-x64.tar.gz’ saved [189736377/189736377]

Download done.
Removing outdated cached downloads...
update-binfmts: warning: current package is oracle-java8, but binary format already installed by openjdk-7
Oracle JDK 8 installed

#####Important########
To set Oracle JDK8 as default, install the "oracle-java8-set-default" package.
E.g.: sudo apt install oracle-java8-set-default
On Ubuntu systems, oracle-java8-set-default is most probably installed
automatically with this package.
######################

W: --force-yes is deprecated, use one of the options starting with --allow instead.

travis_time:end:0a1645ac:start=1510005301726572012,finish=1510005331713598223,duration=29987026211[0Ktravis_fold:end:apt[0K
[33;1mSetting environment variables from .travis.yml[0m
$ export PROFILE=spring5-next

[33;1mDisabling Gradle daemon[0m
travis_time:start:1a197f60[0K$ mkdir -p ~/.gradle && echo "org.gradle.daemon=false" >> ~/.gradle/gradle.properties

travis_time:end:1a197f60:start=1510005337625264276,finish=1510005337632075011,duration=6810735[0K$ export PATH=$JAVA_HOME/bin:$PATH
travis_fold:start:cache.1[0KSetting up build cache
$ export CASHER_DIR=$HOME/.casher
travis_time:start:0c6e4040[0K$ Installing caching utilities

travis_time:end:0c6e4040:start=1510005342970555712,finish=1510005343029397381,duration=58841669[0Ktravis_time:start:012d6e63[0K
travis_time:end:012d6e63:start=1510005343037319086,finish=1510005343043135063,duration=5815977[0Ktravis_time:start:0e26504e[0K[32;1mattempting to download cache archive[0m
[32;1mfetching PR.612/cache-linux-trusty-7822de047f91a47f1cb91da3406212ce92edf828cc10f9349efdd88e974c5a71--jdk-oraclejdk8.tgz[0m
[32;1mfound cache[0m

travis_time:end:0e26504e:start=1510005343049568846,finish=1510005352056940224,duration=9007371378[0Ktravis_time:start:22175490[0K
travis_time:end:22175490:start=1510005352064193738,finish=1510005352070624266,duration=6430528[0Ktravis_time:start:1ff3d2c4[0K[32;1madding /home/travis/.m2 to cache[0m
sh: 1: sw_vers: not found

travis_time:end:1ff3d2c4:start=1510005352077710648,finish=1510005355931022494,duration=3853311846[0Ktravis_fold:end:cache.1[0K$ java -Xmx32m -version
Picked up _JAVA_OPTIONS: -Xmx2048m -Xms512m
java version "1.8.0_151"
Java(TM) SE Runtime Environment (build 1.8.0_151-b12)
Java HotSpot(TM) 64-Bit Server VM (build 25.151-b12, mixed mode)
$ javac -J-Xmx32m -version
Picked up _JAVA_OPTIONS: -Xmx2048m -Xms512m
javac 1.8.0_151
travis_fold:start:install[0Ktravis_time:start:0176eafc[0K$ true

travis_time:end:0176eafc:start=1510005356480951272,finish=1510005356486780455,duration=5829183[0Ktravis_fold:end:install[0Ktravis_time:start:00ececc8[0K$ mvn clean dependency:list test -P${PROFILE} -Dsort
Picked up _JAVA_OPTIONS: -Xmx2048m -Xms512m
[[1;34mINFO[m] Scanning for projects...
[[1;34mINFO[m] 
[[1;34mINFO[m] [1m------------------------------------------------------------------------[m
[[1;34mINFO[m] [1mBuilding Spring HATEOAS 1.0.0.BUILD-SNAPSHOT[m
[[1;34mINFO[m] [1m------------------------------------------------------------------------[m
Downloading: https://repository.apache.org/snapshots/org/springframework/spring-aop/5.0.2.BUILD-SNAPSHOT/maven-metadata.xml
Downloading: https://repository.apache.org/snapshots/org/springframework/spring-beans/5.0.2.BUILD-SNAPSHOT/maven-metadata.xml
Downloading: https://repository.apache.org/snapshots/org/springframework/spring-core/5.0.2.BUILD-SNAPSHOT/maven-metadata.xml
Downloading: https://repository.apache.org/snapshots/org/springframework/spring-jcl/5.0.2.BUILD-SNAPSHOT/maven-metadata.xml
Downloading: https://repository.apache.org/snapshots/org/springframework/spring-context/5.0.2.BUILD-SNAPSHOT/maven-metadata.xml
Downloading: https://repository.apache.org/snapshots/org/springframework/spring-expression/5.0.2.BUILD-SNAPSHOT/maven-metadata.xml
Downloading: https://repository.apache.org/snapshots/org/springframework/spring-web/5.0.2.BUILD-SNAPSHOT/maven-metadata.xml
Downloading: https://repository.apache.org/snapshots/org/springframework/spring-webmvc/5.0.2.BUILD-SNAPSHOT/maven-metadata.xml
Downloading: https://repository.apache.org/snapshots/org/springframework/plugin/spring-plugin-core/2.0.0.BUILD-SNAPSHOT/maven-metadata.xml
Downloading: https://repository.apache.org/snapshots/org/springframework/plugin/spring-plugin/2.0.0.BUILD-SNAPSHOT/maven-metadata.xml
Downloading: https://repository.apache.org/snapshots/org/springframework/spring-test/5.0.2.BUILD-SNAPSHOT/maven-metadata.xml
[[1;34mINFO[m] 
[[1;34mINFO[m] [1m--- [0;32mmaven-clean-plugin:2.5:clean[m [1m(default-clean)[m @ [36mspring-hateoas[0;1m ---[m
[[1;34mINFO[m] 
[[1;34mINFO[m] [1m--- [0;32mmaven-dependency-plugin:2.8:list[m [1m(default-cli)[m @ [36mspring-hateoas[0;1m ---[m
[[1;34mINFO[m] 
[[1;34mINFO[m] The following files have been resolved:
[[1;34mINFO[m]    ch.qos.logback:logback-classic:jar:1.2.3:test
[[1;34mINFO[m]    ch.qos.logback:logback-core:jar:1.2.3:test
[[1;34mINFO[m]    com.fasterxml.jackson.core:jackson-annotations:jar:2.9.1:compile
[[1;34mINFO[m]    com.fasterxml.jackson.core:jackson-core:jar:2.9.1:compile
[[1;34mINFO[m]    com.fasterxml.jackson.core:jackson-databind:jar:2.9.1:compile
[[1;34mINFO[m]    com.jayway.jsonpath:json-path:jar:2.2.0:compile
[[1;34mINFO[m]    commons-collections:commons-collections:jar:3.2.2:test
[[1;34mINFO[m]    commons-io:commons-io:jar:2.4:test
[[1;34mINFO[m]    commons-lang:commons-lang:jar:2.6:test
[[1;34mINFO[m]    javax.servlet:javax.servlet-api:jar:3.1.0:provided
[[1;34mINFO[m]    javax.ws.rs:javax.ws.rs-api:jar:2.0.1:compile
[[1;34mINFO[m]    joda-time:joda-time:jar:2.9.9:test
[[1;34mINFO[m]    junit:junit:jar:4.12:test
[[1;34mINFO[m]    net.bytebuddy:byte-buddy-agent:jar:1.7.4:test
[[1;34mINFO[m]    net.bytebuddy:byte-buddy:jar:1.7.4:test
[[1;34mINFO[m]    net.jadler:jadler-all:jar:1.3.0:test
[[1;34mINFO[m]    net.jadler:jadler-core:jar:1.3.0:test
[[1;34mINFO[m]    net.jadler:jadler-jetty:jar:1.3.0:test
[[1;34mINFO[m]    net.jadler:jadler-junit:jar:1.3.0:test
[[1;34mINFO[m]    net.minidev:accessors-smart:jar:1.1:compile
[[1;34mINFO[m]    net.minidev:json-smart:jar:2.2.1:compile
[[1;34mINFO[m]    org.assertj:assertj-core:jar:3.8.0:test
[[1;34mINFO[m]    org.atteo:evo-inflector:jar:1.2.2:compile
[[1;34mINFO[m]    org.eclipse.jetty.orbit:javax.servlet:jar:3.0.0.v201112011016:test
[[1;34mINFO[m]    org.eclipse.jetty:jetty-continuation:jar:8.1.11.v20130520:test
[[1;34mINFO[m]    org.eclipse.jetty:jetty-http:jar:8.1.11.v20130520:test
[[1;34mINFO[m]    org.eclipse.jetty:jetty-io:jar:8.1.11.v20130520:test
[[1;34mINFO[m]    org.eclipse.jetty:jetty-server:jar:8.1.11.v20130520:test
[[1;34mINFO[m]    org.eclipse.jetty:jetty-util:jar:8.1.11.v20130520:test
[[1;34mINFO[m]    org.hamcrest:hamcrest-core:jar:1.3:test
[[1;34mINFO[m]    org.hamcrest:hamcrest-library:jar:1.3:test
[[1;34mINFO[m]    org.mockito:mockito-core:jar:2.10.0:test
[[1;34mINFO[m]    org.objenesis:objenesis:jar:2.6:test
[[1;34mINFO[m]    org.ow2.asm:asm:jar:5.0.3:compile
[[1;34mINFO[m]    org.projectlombok:lombok:jar:1.16.18:provided
[[1;34mINFO[m]    org.slf4j:jcl-over-slf4j:jar:1.7.25:test
[[1;34mINFO[m]    org.slf4j:slf4j-api:jar:1.7.25:compile
[[1;34mINFO[m]    org.springframework.plugin:spring-plugin-core:jar:2.0.0.BUILD-SNAPSHOT:compile
[[1;34mINFO[m]    org.springframework:spring-aop:jar:5.0.2.BUILD-SNAPSHOT:compile
[[1;34mINFO[m]    org.springframework:spring-beans:jar:5.0.2.BUILD-SNAPSHOT:compile
[[1;34mINFO[m]    org.springframework:spring-context:jar:5.0.2.BUILD-SNAPSHOT:compile
[[1;34mINFO[m]    org.springframework:spring-core:jar:5.0.2.BUILD-SNAPSHOT:compile
[[1;34mINFO[m]    org.springframework:spring-expression:jar:5.0.2.BUILD-SNAPSHOT:compile
[[1;34mINFO[m]    org.springframework:spring-jcl:jar:5.0.2.BUILD-SNAPSHOT:compile
[[1;34mINFO[m]    org.springframework:spring-test:jar:5.0.2.BUILD-SNAPSHOT:test
[[1;34mINFO[m]    org.springframework:spring-web:jar:5.0.2.BUILD-SNAPSHOT:compile
[[1;34mINFO[m]    org.springframework:spring-webmvc:jar:5.0.2.BUILD-SNAPSHOT:compile
[[1;34mINFO[m]    xmlunit:xmlunit:jar:1.6:test
[[1;34mINFO[m] 
[[1;34mINFO[m] 
[[1;34mINFO[m] [1m--- [0;32mmaven-resources-plugin:2.6:resources[m [1m(default-resources)[m @ [36mspring-hateoas[0;1m ---[m
[[1;34mINFO[m] Using 'UTF-8' encoding to copy filtered resources.
[[1;34mINFO[m] Copying 4 resources
[[1;34mINFO[m] 
[[1;34mINFO[m] [1m--- [0;32mmaven-compiler-plugin:3.6.1:compile[m [1m(default-compile)[m @ [36mspring-hateoas[0;1m ---[m
[[1;34mINFO[m] Changes detected - recompiling the module!
[[1;34mINFO[m] Compiling 109 source files to /home/travis/build/spring-projects/spring-hateoas/target/classes
[[1;34mINFO[m] /home/travis/build/spring-projects/spring-hateoas/src/main/java/org/springframework/hateoas/jaxrs/JaxRsLinkBuilder.java: Some input files use or override a deprecated API.
[[1;34mINFO[m] /home/travis/build/spring-projects/spring-hateoas/src/main/java/org/springframework/hateoas/jaxrs/JaxRsLinkBuilder.java: Recompile with -Xlint:deprecation for details.
[[1;34mINFO[m] 
[[1;34mINFO[m] [1m--- [0;32mmaven-resources-plugin:2.6:testResources[m [1m(default-testResources)[m @ [36mspring-hateoas[0;1m ---[m
[[1;34mINFO[m] Using 'UTF-8' encoding to copy filtered resources.
[[1;34mINFO[m] Copying 29 resources
[[1;34mINFO[m] 
[[1;34mINFO[m] [1m--- [0;32mmaven-compiler-plugin:3.6.1:testCompile[m [1m(default-testCompile)[m @ [36mspring-hateoas[0;1m ---[m
[[1;34mINFO[m] Changes detected - recompiling the module!
[[1;34mINFO[m] Compiling 71 source files to /home/travis/build/spring-projects/spring-hateoas/target/test-classes
[[1;34mINFO[m] 
[[1;34mINFO[m] [1m--- [0;32mmaven-surefire-plugin:2.12.4:test[m [1m(default-test)[m @ [36mspring-hateoas[0;1m ---[m
[[1;34mINFO[m] Surefire report directory: /home/travis/build/spring-projects/spring-hateoas/target/surefire-reports

-------------------------------------------------------
 T E S T S
-------------------------------------------------------
Picked up _JAVA_OPTIONS: -Xmx2048m -Xms512m
Running org.springframework.hateoas.alps.JacksonSerializationTest
Tests run: 1, Failures: 1, Errors: 0, Skipped: 0, Time elapsed: 0.455 sec <<< FAILURE!
writesSampleDocument(org.springframework.hateoas.alps.JacksonSerializationTest)  Time elapsed: 0.366 sec  <<< FAILURE!
org.junit.ComparisonFailure: expected:<"{
  "[doc" : {
    "href" : "http://example.org/samples/full/doc.html"
  },
  "descriptors" : [ {
    "id" : "search",
    "doc" : {
      "value" : "A search form with two inputs.",
      "format" : "TEXT"
    },
    "type" : "SAFE",
    "descriptors" : [ {
      "href" : "#resultType"
    }, {
      "id" : "value",
      "name" : "search",
      "type" : "SEMANTIC"
    } ]
  }, {
    "id" : "resultType",
    "doc" : {
      "value" : "results format"
    },
    "type" : "SEMANTIC",
    "ext" : {
      "id" : "#ext-range",
      "href" : "http://alps.io/ext/range",
      "value" : "summary,detail"
    }
  } ],
  "version" : "1.0"]
}"> but was:<"{
  "[version" : "1.0",
  "doc" : {
    "href" : "http://example.org/samples/full/doc.html"
  },
  "descriptors" : [ {
    "id" : "search",
    "doc" : {
      "value" : "A search form with two inputs.",
      "format" : "TEXT"
    },
    "type" : "SAFE",
    "descriptors" : [ {
      "href" : "#resultType"
    }, {
      "id" : "value",
      "name" : "search",
      "type" : "SEMANTIC"
    } ]
  }, {
    "id" : "resultType",
    "doc" : {
      "value" : "results format"
    },
    "type" : "SEMANTIC",
    "ext" : {
      "id" : "#ext-range",
      "href" : "http://alps.io/ext/range",
      "value" : "summary,detail"
    }
  } ]]
}">
	at sun.reflect.NativeConstructorAccessorImpl.newInstance0(Native Method)
	at sun.reflect.NativeConstructorAccessorImpl.newInstance(NativeConstructorAccessorImpl.java:62)
	at sun.reflect.DelegatingConstructorAccessorImpl.newInstance(DelegatingConstructorAccessorImpl.java:45)
	at org.springframework.hateoas.alps.JacksonSerializationTest.writesSampleDocument(JacksonSerializationTest.java:72)
	at sun.reflect.NativeMethodAccessorImpl.invoke0(Native Method)
	at sun.reflect.NativeMethodAccessorImpl.invoke(NativeMethodAccessorImpl.java:62)
	at sun.reflect.DelegatingMethodAccessorImpl.invoke(DelegatingMethodAccessorImpl.java:43)
	at java.lang.reflect.Method.invoke(Method.java:498)
	at org.junit.runners.model.FrameworkMethod$1.runReflectiveCall(FrameworkMethod.java:50)
	at org.junit.internal.runners.model.ReflectiveCallable.run(ReflectiveCallable.java:12)
	at org.junit.runners.model.FrameworkMethod.invokeExplosively(FrameworkMethod.java:47)
	at org.junit.internal.runners.statements.InvokeMethod.evaluate(InvokeMethod.java:17)
	at org.junit.internal.runners.statements.RunBefores.evaluate(RunBefores.java:26)
	at org.junit.runners.ParentRunner.runLeaf(ParentRunner.java:325)
	at org.junit.runners.BlockJUnit4ClassRunner.runChild(BlockJUnit4ClassRunner.java:78)
	at org.junit.runners.BlockJUnit4ClassRunner.runChild(BlockJUnit4ClassRunner.java:57)
	at org.junit.runners.ParentRunner$3.run(ParentRunner.java:290)
	at org.junit.runners.ParentRunner$1.schedule(ParentRunner.java:71)
	at org.junit.runners.ParentRunner.runChildren(ParentRunner.java:288)
	at org.junit.runners.ParentRunner.access$000(ParentRunner.java:58)
	at org.junit.runners.ParentRunner$2.evaluate(ParentRunner.java:268)
	at org.junit.runners.ParentRunner.run(ParentRunner.java:363)
	at org.apache.maven.surefire.junit4.JUnit4Provider.execute(JUnit4Provider.java:252)
	at org.apache.maven.surefire.junit4.JUnit4Provider.executeTestSet(JUnit4Provider.java:141)
	at org.apache.maven.surefire.junit4.JUnit4Provider.invoke(JUnit4Provider.java:112)
	at sun.reflect.NativeMethodAccessorImpl.invoke0(Native Method)
	at sun.reflect.NativeMethodAccessorImpl.invoke(NativeMethodAccessorImpl.java:62)
	at sun.reflect.DelegatingMethodAccessorImpl.invoke(DelegatingMethodAccessorImpl.java:43)
	at java.lang.reflect.Method.invoke(Method.java:498)
	at org.apache.maven.surefire.util.ReflectionUtils.invokeMethodWithArray(ReflectionUtils.java:189)
	at org.apache.maven.surefire.booter.ProviderFactory$ProviderProxy.invoke(ProviderFactory.java:165)
	at org.apache.maven.surefire.booter.ProviderFactory.invokeProvider(ProviderFactory.java:85)
	at org.apache.maven.surefire.booter.ForkedBooter.runSuitesInProcess(ForkedBooter.java:115)
	at org.apache.maven.surefire.booter.ForkedBooter.main(ForkedBooter.java:75)

Running org.springframework.hateoas.alps.AlpsLinkDiscoverUnitTest
Tests run: 7, Failures: 0, Errors: 0, Skipped: 0, Time elapsed: 0.417 sec
Running org.springframework.hateoas.config.XmlConfigurationIntegrationTest
Tests run: 1, Failures: 0, Errors: 0, Skipped: 0, Time elapsed: 1.032 sec
Running org.springframework.hateoas.config.EnableHypermediaSupportIntegrationTest
Tests run: 13, Failures: 0, Errors: 0, Skipped: 0, Time elapsed: 2.088 sec
Running org.springframework.hateoas.config.EnableEntityLinksIntegrationTest
Tests run: 1, Failures: 0, Errors: 0, Skipped: 0, Time elapsed: 0.127 sec
Running org.springframework.hateoas.hal.forms.Jackson2HalFormsIntegrationTest
Tests run: 26, Failures: 0, Errors: 0, Skipped: 0, Time elapsed: 0.293 sec
Running org.springframework.hateoas.hal.forms.HalFormsValidationIntegrationTest
Tests run: 2, Failures: 0, Errors: 0, Skipped: 0, Time elapsed: 1.001 sec
Running org.springframework.hateoas.hal.forms.HalFormsLinkDiscovererUnitTest
Tests run: 7, Failures: 0, Errors: 0, Skipped: 0, Time elapsed: 0.024 sec
Running org.springframework.hateoas.hal.forms.HalFormsWebMvcIntegrationTest
Tests run: 2, Failures: 0, Errors: 0, Skipped: 0, Time elapsed: 0.35 sec
Running org.springframework.hateoas.hal.forms.HalFormsMessageConverterUnitTest
Tests run: 3, Failures: 0, Errors: 0, Skipped: 0, Time elapsed: 0.094 sec
Running org.springframework.hateoas.hal.Jackson2HalIntegrationTest
Tests run: 27, Failures: 0, Errors: 0, Skipped: 0, Time elapsed: 0.187 sec
Running org.springframework.hateoas.hal.HalLinkDiscovererUnitTest
Tests run: 8, Failures: 0, Errors: 0, Skipped: 0, Time elapsed: 0.012 sec
Running org.springframework.hateoas.hal.DefaultCurieProviderUnitTest
Tests run: 15, Failures: 0, Errors: 0, Skipped: 0, Time elapsed: 0.058 sec
Running org.springframework.hateoas.hal.HalEmbeddedBuilderUnitTest
Tests run: 11, Failures: 0, Errors: 0, Skipped: 0, Time elapsed: 0.646 sec
Running org.springframework.hateoas.client.TraversonTest
Tests run: 19, Failures: 0, Errors: 0, Skipped: 0, Time elapsed: 2.309 sec
Running org.springframework.hateoas.client.HopUnitTest
Tests run: 7, Failures: 0, Errors: 0, Skipped: 0, Time elapsed: 0.01 sec
Running org.springframework.hateoas.PagedResourcesMarshallingTest
Tests run: 1, Failures: 0, Errors: 0, Skipped: 0, Time elapsed: 0.053 sec
Running org.springframework.hateoas.core.JsonPathLinkDiscovererUnitTest
Tests run: 3, Failures: 0, Errors: 0, Skipped: 0, Time elapsed: 0 sec
Running org.springframework.hateoas.core.DelegatingEntityLinksUnitTest
Tests run: 4, Failures: 0, Errors: 0, Skipped: 0, Time elapsed: 0.091 sec
Running org.springframework.hateoas.core.EmbeddedWrappersUnitTest
Tests run: 3, Failures: 0, Errors: 0, Skipped: 0, Time elapsed: 0.005 sec
Running org.springframework.hateoas.core.EvoInflectorRelProviderUnitTest
Tests run: 1, Failures: 0, Errors: 0, Skipped: 0, Time elapsed: 0.001 sec
Running org.springframework.hateoas.core.DelegatingRelProviderUnitTest
Tests run: 1, Failures: 0, Errors: 0, Skipped: 0, Time elapsed: 0.001 sec
Running org.springframework.hateoas.core.ControllerEntityLinksUnitTest
Tests run: 6, Failures: 0, Errors: 0, Skipped: 0, Time elapsed: 0.055 sec
Running org.springframework.hateoas.core.ControllerEntityLinksFactoryBeanUnitTest
Tests run: 2, Failures: 0, Errors: 0, Skipped: 0, Time elapsed: 0.007 sec
Running org.springframework.hateoas.core.AnnotationMappingDiscovererUnitTest
Tests run: 13, Failures: 0, Errors: 0, Skipped: 0, Time elapsed: 0.013 sec
Running org.springframework.hateoas.core.LinkBuilderSupportUnitTest
Tests run: 3, Failures: 0, Errors: 0, Skipped: 0, Time elapsed: 0.002 sec
Running org.springframework.hateoas.core.MethodParametersUnitTest
Tests run: 2, Failures: 0, Errors: 0, Skipped: 0, Time elapsed: 0.004 sec
Running org.springframework.hateoas.mvc.IdentifiableResourceAssemblerSupportUnitTest
Tests run: 4, Failures: 0, Errors: 0, Skipped: 0, Time elapsed: 0.008 sec
Running org.springframework.hateoas.mvc.ControllerLinkBuilderUnitTest
Tests run: 45, Failures: 0, Errors: 0, Skipped: 0, Time elapsed: 0.131 sec
Running org.springframework.hateoas.mvc.ControllerLinkBuilderFactoryUnitTest
Tests run: 9, Failures: 0, Errors: 0, Skipped: 0, Time elapsed: 0.057 sec
Running org.springframework.hateoas.mvc.HeaderLinksResponseEntityUnitTest
Tests run: 2, Failures: 0, Errors: 0, Skipped: 0, Time elapsed: 0.003 sec
Running org.springframework.hateoas.mvc.ForwardedHeaderUnitTest
Tests run: 3, Failures: 0, Errors: 0, Skipped: 0, Time elapsed: 0.01 sec
Running org.springframework.hateoas.mvc.DummyInvocationUtilsUnitTest
Tests run: 2, Failures: 0, Errors: 0, Skipped: 0, Time elapsed: 0.009 sec
Running org.springframework.hateoas.mvc.ResourceProcessorHandlerMethodReturnValueHandlerUnitTest
Tests run: 18, Failures: 0, Errors: 0, Skipped: 0, Time elapsed: 0.29 sec
Running org.springframework.hateoas.mvc.SpringMvcAffordanceBuilderUnitTest
Tests run: 2, Failures: 0, Errors: 0, Skipped: 0, Time elapsed: 0.003 sec
Running org.springframework.hateoas.mvc.TypeConstrainedMappingJackson2HttpMessageConverterUnitTest
Tests run: 3, Failures: 0, Errors: 0, Skipped: 0, Time elapsed: 0.012 sec
Running org.springframework.hateoas.mvc.TypeReferencesIntegrationTest
Tests run: 3, Failures: 0, Errors: 0, Skipped: 0, Time elapsed: 0.133 sec
Running org.springframework.hateoas.mvc.ControllerLinkBuilderOutsideSpringMvcUnitTest
Tests run: 1, Failures: 0, Errors: 0, Skipped: 0, Time elapsed: 0.001 sec
Running org.springframework.hateoas.Jackson2ResourceIntegrationTest
Tests run: 2, Failures: 0, Errors: 0, Skipped: 0, Time elapsed: 0.007 sec
Running org.springframework.hateoas.PagedResourcesUnitTest
Tests run: 8, Failures: 0, Errors: 0, Skipped: 0, Time elapsed: 0.004 sec
Running org.springframework.hateoas.TemplateVariablesUnitTest
Tests run: 15, Failures: 0, Errors: 0, Skipped: 0, Time elapsed: 0.005 sec
Running org.springframework.hateoas.ResourceSupportUnitTest
Tests run: 12, Failures: 0, Errors: 0, Skipped: 0, Time elapsed: 0.007 sec
Running org.springframework.hateoas.LinkUnitTest
Tests run: 23, Failures: 0, Errors: 0, Skipped: 0, Time elapsed: 0.029 sec
Running org.springframework.hateoas.jaxrs.JaxRsLinkBuilderFactoryUnitTest
Tests run: 4, Failures: 0, Errors: 0, Skipped: 0, Time elapsed: 0.008 sec
Running org.springframework.hateoas.ResourceSupportIntegrationTest
Tests run: 2, Failures: 0, Errors: 0, Skipped: 0, Time elapsed: 0.011 sec
Running org.springframework.hateoas.VndErrorsUnitTest
Tests run: 1, Failures: 0, Errors: 0, Skipped: 0, Time elapsed: 0.003 sec
Running org.springframework.hateoas.Jackson2ResourceSupportIntegrationTest
Tests run: 2, Failures: 0, Errors: 0, Skipped: 0, Time elapsed: 0.008 sec
Running org.springframework.hateoas.LinkDiscoverersUnitTest
Tests run: 2, Failures: 0, Errors: 0, Skipped: 0, Time elapsed: 0.002 sec
Running org.springframework.hateoas.Jackson2PagedResourcesIntegrationTest
Tests run: 1, Failures: 0, Errors: 0, Skipped: 0, Time elapsed: 0.029 sec
Running org.springframework.hateoas.ResourceIntegrationTest
Tests run: 3, Failures: 0, Errors: 0, Skipped: 0, Time elapsed: 0.037 sec
Running org.springframework.hateoas.Jackson2LinkIntegrationTest
Tests run: 2, Failures: 0, Errors: 0, Skipped: 0, Time elapsed: 0.004 sec
Running org.springframework.hateoas.LinkIntegrationTest
Tests run: 2, Failures: 0, Errors: 0, Skipped: 0, Time elapsed: 0.012 sec
Running org.springframework.hateoas.LinksUnitTest
Tests run: 5, Failures: 0, Errors: 0, Skipped: 0, Time elapsed: 0.006 sec
Running org.springframework.hateoas.UriTemplateUnitTest
Tests run: 20, Failures: 0, Errors: 0, Skipped: 0, Time elapsed: 0.01 sec
Running org.springframework.hateoas.ResourcesUnitTest
Tests run: 4, Failures: 0, Errors: 0, Skipped: 0, Time elapsed: 0.001 sec
Running org.springframework.hateoas.ResourceUnitTest
Tests run: 5, Failures: 0, Errors: 0, Skipped: 0, Time elapsed: 0.001 sec
Running org.springframework.hateoas.VndErrorsMarshallingTest
Tests run: 4, Failures: 0, Errors: 0, Skipped: 0, Time elapsed: 0.058 sec

Results :

Failed tests:   writesSampleDocument(org.springframework.hateoas.alps.JacksonSerializationTest): expected:<"{(..)

Tests run: 398, Failures: 1, Errors: 0, Skipped: 0

[[1;34mINFO[m] [1m------------------------------------------------------------------------[m
[[1;34mINFO[m] [1;31mBUILD FAILURE[m
[[1;34mINFO[m] [1m------------------------------------------------------------------------[m
[[1;34mINFO[m] Total time: 25.689 s
[[1;34mINFO[m] Finished at: 2017-11-06T21:56:24Z
[[1;34mINFO[m] Final Memory: 41M/920M
[[1;34mINFO[m] [1m------------------------------------------------------------------------[m
[[1;31mERROR[m] Failed to execute goal [32morg.apache.maven.plugins:maven-surefire-plugin:2.12.4:test[m [1m(default-test)[m on project [36mspring-hateoas[m: [1;31mThere are test failures.[m
[[1;31mERROR[m] [1;31m[m
[[1;31mERROR[m] [1;31mPlease refer to /home/travis/build/spring-projects/spring-hateoas/target/surefire-reports for the individual test results.[m
[[1;31mERROR[m] -> [1m[Help 1][m
[[1;31mERROR[m] 
[[1;31mERROR[m] To see the full stack trace of the errors, re-run Maven with the [1m-e[m switch.
[[1;31mERROR[m] Re-run Maven using the [1m-X[m switch to enable full debug logging.
[[1;31mERROR[m] 
[[1;31mERROR[m] For more information about the errors and possible solutions, please read the following articles:
[[1;31mERROR[m] [1m[Help 1][m http://cwiki.apache.org/confluence/display/MAVEN/MojoFailureException

travis_time:end:00ececc8:start=1510005356494157100,finish=1510005384994898451,duration=28500741351[0K
[31;1mThe command "mvn clean dependency:list test -P${PROFILE} -Dsort" exited with 1.[0m
travis_fold:start:cache.2[0Kstore build cache
travis_time:start:126d94be[0K
travis_time:end:126d94be:start=1510005385002597951,finish=1510005385009333829,duration=6735878[0Ktravis_time:start:221f9171[0K[32;1mchange detected (content changed, file is created, or file is deleted):
/home/travis/.m2/repository/org/springframework/plugin/spring-plugin/2.0.0.BUILD-SNAPSHOT/resolver-status.properties
/home/travis/.m2/repository/org/springframework/plugin/spring-plugin-core/2.0.0.BUILD-SNAPSHOT/resolver-status.properties
/home/travis/.m2/repository/org/springframework/spring-aop/5.0.2.BUILD-SNAPSHOT/resolver-status.properties
/home/travis/.m2/repository/org/springframework/spring-beans/5.0.2.BUILD-SNAPSHOT/resolver-status.properties
/home/travis/.m2/repository/org/springframework/spring-context/5.0.2.BUILD-SNAPSHOT/resolver-status.properties
/home/travis/.m2/repository/org/springframework/spring-core/5.0.2.BUILD-SNAPSHOT/resolver-status.properties
/home/travis/.m2/repository/org/springframework/spring-expression/5.0.2.BUILD-SNAPSHOT/resolver-status.properties
/home/travis/.m2/repository/org/springframework/spring-jcl/5.0.2.BUILD-SNAPSHOT/resolver-status.properties
/home/travis/.m2/repository/org/springframework/spring-test/5.0.2.BUILD-SNAPSHOT/resolver-status.propertie
[0m
[32;1m...
[0m
[32;1mchanges detected, packing new archive[0m
sh: 1: sw_vers: not found
.
[32;1muploading archive[0m

travis_time:end:221f9171:start=1510005385016968527,finish=1510005399045179797,duration=14028211270[0Ktravis_fold:end:cache.2[0K
Done. Your build exited with 1.
