travis_fold:start:worker_info[0K[33;1mWorker information[0m
hostname: i-0ee2ce1-precise-production-2-worker-org-docker.travisci.net:048c6031-122f-4961-816e-b626f3437e21
version: v2.5.0-8-g19ea9c2 https://github.com/travis-ci/worker/tree/19ea9c20425c78100500c7cc935892b47024922c
instance: 40e3489:travis:java
startup: 484.836967ms
travis_fold:end:worker_info[0Ktravis_fold:start:system_info[0K[33;1mBuild system information[0m
Build language: java
Build group: stable
Build dist: precise
Build id: 197273852
Job id: 197273853
travis-build version: aecdcbb9e
[34m[1mBuild image provisioning date and time[0m
Thu Feb  5 15:09:33 UTC 2015
[34m[1mOperating System Details[0m
Distributor ID:	Ubuntu
Description:	Ubuntu 12.04.5 LTS
Release:	12.04
Codename:	precise
[34m[1mLinux Version[0m
3.13.0-29-generic
[34m[1mCookbooks Version[0m
a68419e https://github.com/travis-ci/travis-cookbooks/tree/a68419e
[34m[1mGCC version[0m
gcc (Ubuntu/Linaro 4.6.3-1ubuntu5) 4.6.3
Copyright (C) 2011 Free Software Foundation, Inc.
This is free software; see the source for copying conditions.  There is NO
warranty; not even for MERCHANTABILITY or FITNESS FOR A PARTICULAR PURPOSE.

[34m[1mLLVM version[0m
clang version 3.4 (tags/RELEASE_34/final)
Target: x86_64-unknown-linux-gnu
Thread model: posix
[34m[1mPre-installed Ruby versions[0m
ruby-1.9.3-p551
[34m[1mPre-installed Node.js versions[0m
v0.10.36
[34m[1mPre-installed Go versions[0m
1.4.1
[34m[1mRedis version[0m
redis-server 2.8.19
[34m[1mriak version[0m
2.0.2
[34m[1mMongoDB version[0m
MongoDB 2.4.12
[34m[1mCouchDB version[0m
couchdb 1.6.1
[34m[1mNeo4j version[0m
1.9.4
[34m[1mRabbitMQ Version[0m
3.4.3
[34m[1mElasticSearch version[0m
1.4.0
[34m[1mInstalled Sphinx versions[0m
2.0.10
2.1.9
2.2.6
[34m[1mDefault Sphinx version[0m
2.2.6
[34m[1mInstalled Firefox version[0m
firefox 31.0esr
[34m[1mPhantomJS version[0m
1.9.8
[34m[1mant -version[0m
Apache Ant(TM) version 1.8.2 compiled on December 3 2011
[34m[1mmvn -version[0m
Apache Maven 3.2.5 (12a6b3acb947671f09b81f49094c53f426d8cea1; 2014-12-14T17:29:23+00:00)
Maven home: /usr/local/maven
Java version: 1.7.0_76, vendor: Oracle Corporation
Java home: /usr/lib/jvm/java-7-oracle/jre
Default locale: en_US, platform encoding: ANSI_X3.4-1968
OS name: "linux", version: "3.13.0-29-generic", arch: "amd64", family: "unix"
travis_fold:end:system_info[0K
travis_fold:start:fix.CVE-2015-7547[0K$ export DEBIAN_FRONTEND=noninteractive
W: Size of file /var/lib/apt/lists/us.archive.ubuntu.com_ubuntu_dists_precise-updates_restricted_binary-amd64_Packages.gz is not what the server reported 19578 20785
W: Size of file /var/lib/apt/lists/us.archive.ubuntu.com_ubuntu_dists_precise-updates_restricted_binary-i386_Packages.gz is not what the server reported 19540 20707
W: Size of file /var/lib/apt/lists/us.archive.ubuntu.com_ubuntu_dists_precise-backports_multiverse_source_Sources.gz is not what the server reported 5886 5888
W: Size of file /var/lib/apt/lists/ppa.launchpad.net_travis-ci_zero-mq_ubuntu_dists_precise_main_binary-amd64_Packages.gz is not what the server reported 832 1195
W: Size of file /var/lib/apt/lists/ppa.launchpad.net_ubuntugis_ppa_ubuntu_dists_precise_main_binary-amd64_Packages.gz is not what the server reported 33645 36677
W: Size of file /var/lib/apt/lists/security.ubuntu.com_ubuntu_dists_precise-security_restricted_binary-amd64_Packages.gz is not what the server reported 13782 14904
W: Size of file /var/lib/apt/lists/ppa.launchpad.net_ubuntugis_ppa_ubuntu_dists_precise_main_binary-i386_Packages.gz is not what the server reported 33703 36733
W: Size of file /var/lib/apt/lists/security.ubuntu.com_ubuntu_dists_precise-security_restricted_binary-i386_Packages.gz is not what the server reported 13762 14885
Reading package lists...
Building dependency tree...
Reading state information...
The following extra packages will be installed:
  libc-bin libc-dev-bin libc6-dev
Suggested packages:
  glibc-doc
The following packages will be upgraded:
  libc-bin libc-dev-bin libc6 libc6-dev
4 upgraded, 0 newly installed, 0 to remove and 268 not upgraded.
Need to get 8,840 kB of archives.
After this operation, 14.3 kB disk space will be freed.
Get:1 http://us.archive.ubuntu.com/ubuntu/ precise-updates/main libc6-dev amd64 2.15-0ubuntu10.15 [2,943 kB]
Get:2 http://us.archive.ubuntu.com/ubuntu/ precise-updates/main libc-dev-bin amd64 2.15-0ubuntu10.15 [84.7 kB]
Get:3 http://us.archive.ubuntu.com/ubuntu/ precise-updates/main libc-bin amd64 2.15-0ubuntu10.15 [1,177 kB]
Get:4 http://us.archive.ubuntu.com/ubuntu/ precise-updates/main libc6 amd64 2.15-0ubuntu10.15 [4,636 kB]
Fetched 8,840 kB in 0s (34.9 MB/s)
Preconfiguring packages ...
(Reading database ... (Reading database ... 5%(Reading database ... 10%(Reading database ... 15%(Reading database ... 20%(Reading database ... 25%(Reading database ... 30%(Reading database ... 35%(Reading database ... 40%(Reading database ... 45%(Reading database ... 50%(Reading database ... 55%(Reading database ... 60%(Reading database ... 65%(Reading database ... 70%(Reading database ... 75%(Reading database ... 80%(Reading database ... 85%(Reading database ... 90%(Reading database ... 95%(Reading database ... 100%(Reading database ... 72019 files and directories currently installed.)
Preparing to replace libc6-dev 2.15-0ubuntu10.10 (using .../libc6-dev_2.15-0ubuntu10.15_amd64.deb) ...
Unpacking replacement libc6-dev ...
Preparing to replace libc-dev-bin 2.15-0ubuntu10.10 (using .../libc-dev-bin_2.15-0ubuntu10.15_amd64.deb) ...
Unpacking replacement libc-dev-bin ...
Preparing to replace libc-bin 2.15-0ubuntu10.10 (using .../libc-bin_2.15-0ubuntu10.15_amd64.deb) ...
Unpacking replacement libc-bin ...
Processing triggers for man-db ...
Setting up libc-bin (2.15-0ubuntu10.15) ...
(Reading database ... (Reading database ... 5%(Reading database ... 10%(Reading database ... 15%(Reading database ... 20%(Reading database ... 25%(Reading database ... 30%(Reading database ... 35%(Reading database ... 40%(Reading database ... 45%(Reading database ... 50%(Reading database ... 55%(Reading database ... 60%(Reading database ... 65%(Reading database ... 70%(Reading database ... 75%(Reading database ... 80%(Reading database ... 85%(Reading database ... 90%(Reading database ... 95%(Reading database ... 100%(Reading database ... 72018 files and directories currently installed.)
Preparing to replace libc6 2.15-0ubuntu10.10 (using .../libc6_2.15-0ubuntu10.15_amd64.deb) ...
Unpacking replacement libc6 ...
Setting up libc6 (2.15-0ubuntu10.15) ...
Setting up libc-dev-bin (2.15-0ubuntu10.15) ...
Setting up libc6-dev (2.15-0ubuntu10.15) ...
Processing triggers for libc-bin ...
ldconfig deferred processing now taking place
travis_fold:end:fix.CVE-2015-7547[0K$ jdk_switcher use oraclejdk8
Switching to Oracle JDK8 (java-8-oracle), JAVA_HOME will be set to /usr/lib/jvm/java-8-oracle
travis_fold:start:git.checkout[0Ktravis_time:start:02c5c4dc[0K$ git clone --depth=50 https://github.com/NitorCreations/nflow.git NitorCreations/nflow
Cloning into 'NitorCreations/nflow'...
remote: Counting objects: 2672, done.[K
remote: Compressing objects:   0% (1/1239)   [Kremote: Compressing objects:   1% (13/1239)   [Kremote: Compressing objects:   2% (25/1239)   [Kremote: Compressing objects:   3% (38/1239)   [Kremote: Compressing objects:   4% (50/1239)   [Kremote: Compressing objects:   5% (62/1239)   [Kremote: Compressing objects:   6% (75/1239)   [Kremote: Compressing objects:   7% (87/1239)   [Kremote: Compressing objects:   8% (100/1239)   [Kremote: Compressing objects:   9% (112/1239)   [Kremote: Compressing objects:  10% (124/1239)   [Kremote: Compressing objects:  11% (137/1239)   [Kremote: Compressing objects:  12% (149/1239)   [Kremote: Compressing objects:  13% (162/1239)   [Kremote: Compressing objects:  14% (174/1239)   [Kremote: Compressing objects:  15% (186/1239)   [Kremote: Compressing objects:  16% (199/1239)   [Kremote: Compressing objects:  17% (211/1239)   [Kremote: Compressing objects:  18% (224/1239)   [Kremote: Compressing objects:  19% (236/1239)   [Kremote: Compressing objects:  20% (248/1239)   [Kremote: Compressing objects:  21% (261/1239)   [Kremote: Compressing objects:  22% (273/1239)   [Kremote: Compressing objects:  23% (285/1239)   [Kremote: Compressing objects:  24% (298/1239)   [Kremote: Compressing objects:  25% (310/1239)   [Kremote: Compressing objects:  26% (323/1239)   [Kremote: Compressing objects:  27% (335/1239)   [Kremote: Compressing objects:  28% (347/1239)   [Kremote: Compressing objects:  29% (360/1239)   [Kremote: Compressing objects:  30% (372/1239)   [Kremote: Compressing objects:  31% (385/1239)   [Kremote: Compressing objects:  32% (397/1239)   [Kremote: Compressing objects:  33% (409/1239)   [Kremote: Compressing objects:  34% (422/1239)   [Kremote: Compressing objects:  35% (434/1239)   [Kremote: Compressing objects:  36% (447/1239)   [Kremote: Compressing objects:  37% (459/1239)   [Kremote: Compressing objects:  38% (471/1239)   [Kremote: Compressing objects:  39% (484/1239)   [Kremote: Compressing objects:  40% (496/1239)   [Kremote: Compressing objects:  41% (508/1239)   [Kremote: Compressing objects:  42% (521/1239)   [Kremote: Compressing objects:  43% (533/1239)   [Kremote: Compressing objects:  44% (546/1239)   [Kremote: Compressing objects:  45% (558/1239)   [Kremote: Compressing objects:  46% (570/1239)   [Kremote: Compressing objects:  47% (583/1239)   [Kremote: Compressing objects:  48% (595/1239)   [Kremote: Compressing objects:  49% (608/1239)   [Kremote: Compressing objects:  50% (620/1239)   [Kremote: Compressing objects:  51% (632/1239)   [Kremote: Compressing objects:  52% (645/1239)   [Kremote: Compressing objects:  53% (657/1239)   [Kremote: Compressing objects:  54% (670/1239)   [Kremote: Compressing objects:  55% (682/1239)   [Kremote: Compressing objects:  56% (694/1239)   [Kremote: Compressing objects:  57% (707/1239)   [Kremote: Compressing objects:  58% (719/1239)   [Kremote: Compressing objects:  59% (732/1239)   [Kremote: Compressing objects:  60% (744/1239)   [Kremote: Compressing objects:  61% (756/1239)   [Kremote: Compressing objects:  62% (769/1239)   [Kremote: Compressing objects:  63% (781/1239)   [Kremote: Compressing objects:  64% (793/1239)   [Kremote: Compressing objects:  65% (806/1239)   [Kremote: Compressing objects:  66% (818/1239)   [Kremote: Compressing objects:  67% (831/1239)   [Kremote: Compressing objects:  68% (843/1239)   [Kremote: Compressing objects:  69% (855/1239)   [Kremote: Compressing objects:  70% (868/1239)   [Kremote: Compressing objects:  71% (880/1239)   [Kremote: Compressing objects:  72% (893/1239)   [Kremote: Compressing objects:  73% (905/1239)   [Kremote: Compressing objects:  74% (917/1239)   [Kremote: Compressing objects:  75% (930/1239)   [Kremote: Compressing objects:  76% (942/1239)   [Kremote: Compressing objects:  77% (955/1239)   [Kremote: Compressing objects:  78% (967/1239)   [Kremote: Compressing objects:  79% (979/1239)   [Kremote: Compressing objects:  80% (992/1239)   [Kremote: Compressing objects:  81% (1004/1239)   [Kremote: Compressing objects:  82% (1016/1239)   [Kremote: Compressing objects:  83% (1029/1239)   [Kremote: Compressing objects:  84% (1041/1239)   [Kremote: Compressing objects:  85% (1054/1239)   [Kremote: Compressing objects:  86% (1066/1239)   [Kremote: Compressing objects:  87% (1078/1239)   [Kremote: Compressing objects:  88% (1091/1239)   [Kremote: Compressing objects:  89% (1103/1239)   [Kremote: Compressing objects:  90% (1116/1239)   [Kremote: Compressing objects:  91% (1128/1239)   [Kremote: Compressing objects:  92% (1140/1239)   [Kremote: Compressing objects:  93% (1153/1239)   [Kremote: Compressing objects:  94% (1165/1239)   [Kremote: Compressing objects:  95% (1178/1239)   [Kremote: Compressing objects:  96% (1190/1239)   [Kremote: Compressing objects:  97% (1202/1239)   [Kremote: Compressing objects:  98% (1215/1239)   [Kremote: Compressing objects:  99% (1227/1239)   [Kremote: Compressing objects: 100% (1239/1239)   [Kremote: Compressing objects: 100% (1239/1239), done.[K
Receiving objects:   0% (1/2672)   Receiving objects:   1% (27/2672)   Receiving objects:   2% (54/2672)   Receiving objects:   3% (81/2672)   Receiving objects:   4% (107/2672)   Receiving objects:   5% (134/2672)   Receiving objects:   6% (161/2672)   Receiving objects:   7% (188/2672)   Receiving objects:   8% (214/2672)   Receiving objects:   9% (241/2672)   Receiving objects:  10% (268/2672)   Receiving objects:  11% (294/2672)   Receiving objects:  12% (321/2672)   Receiving objects:  13% (348/2672)   Receiving objects:  14% (375/2672)   Receiving objects:  15% (401/2672)   Receiving objects:  16% (428/2672)   Receiving objects:  17% (455/2672)   Receiving objects:  18% (481/2672)   Receiving objects:  19% (508/2672)   Receiving objects:  20% (535/2672)   Receiving objects:  21% (562/2672)   Receiving objects:  22% (588/2672)   Receiving objects:  23% (615/2672)   Receiving objects:  24% (642/2672)   Receiving objects:  25% (668/2672)   Receiving objects:  26% (695/2672)   Receiving objects:  27% (722/2672)   Receiving objects:  28% (749/2672)   Receiving objects:  29% (775/2672)   Receiving objects:  30% (802/2672)   Receiving objects:  31% (829/2672)   Receiving objects:  32% (856/2672)   Receiving objects:  33% (882/2672)   Receiving objects:  34% (909/2672)   Receiving objects:  35% (936/2672)   Receiving objects:  36% (962/2672)   Receiving objects:  37% (989/2672)   Receiving objects:  38% (1016/2672)   Receiving objects:  39% (1043/2672)   Receiving objects:  40% (1069/2672)   Receiving objects:  41% (1096/2672)   Receiving objects:  42% (1123/2672)   Receiving objects:  43% (1149/2672)   Receiving objects:  44% (1176/2672)   Receiving objects:  45% (1203/2672)   Receiving objects:  46% (1230/2672)   Receiving objects:  47% (1256/2672)   Receiving objects:  48% (1283/2672)   Receiving objects:  49% (1310/2672)   Receiving objects:  50% (1336/2672)   Receiving objects:  51% (1363/2672)   Receiving objects:  52% (1390/2672)   Receiving objects:  53% (1417/2672)   Receiving objects:  54% (1443/2672)   Receiving objects:  55% (1470/2672)   Receiving objects:  56% (1497/2672)   Receiving objects:  57% (1524/2672)   Receiving objects:  58% (1550/2672)   Receiving objects:  59% (1577/2672)   Receiving objects:  60% (1604/2672)   Receiving objects:  61% (1630/2672)   Receiving objects:  62% (1657/2672)   Receiving objects:  63% (1684/2672)   Receiving objects:  64% (1711/2672)   Receiving objects:  65% (1737/2672)   Receiving objects:  66% (1764/2672)   Receiving objects:  67% (1791/2672)   Receiving objects:  68% (1817/2672)   Receiving objects:  69% (1844/2672)   Receiving objects:  70% (1871/2672)   Receiving objects:  71% (1898/2672)   Receiving objects:  72% (1924/2672)   Receiving objects:  73% (1951/2672)   Receiving objects:  74% (1978/2672)   Receiving objects:  75% (2004/2672)   Receiving objects:  76% (2031/2672)   Receiving objects:  77% (2058/2672)   Receiving objects:  78% (2085/2672)   Receiving objects:  79% (2111/2672)   Receiving objects:  80% (2138/2672)   Receiving objects:  81% (2165/2672)   Receiving objects:  82% (2192/2672)   Receiving objects:  83% (2218/2672)   remote: Total 2672 (delta 1155), reused 2244 (delta 895), pack-reused 0[K
Receiving objects:  84% (2245/2672)   Receiving objects:  85% (2272/2672)   Receiving objects:  86% (2298/2672)   Receiving objects:  87% (2325/2672)   Receiving objects:  88% (2352/2672)   Receiving objects:  89% (2379/2672)   Receiving objects:  90% (2405/2672)   Receiving objects:  91% (2432/2672)   Receiving objects:  92% (2459/2672)   Receiving objects:  93% (2485/2672)   Receiving objects:  94% (2512/2672)   Receiving objects:  95% (2539/2672)   Receiving objects:  96% (2566/2672)   Receiving objects:  97% (2592/2672)   Receiving objects:  98% (2619/2672)   Receiving objects:  99% (2646/2672)   Receiving objects: 100% (2672/2672)   Receiving objects: 100% (2672/2672), 1.39 MiB | 0 bytes/s, done.
Resolving deltas:   0% (0/1155)   Resolving deltas:   1% (12/1155)   Resolving deltas:   2% (26/1155)   Resolving deltas:   3% (36/1155)   Resolving deltas:   6% (77/1155)   Resolving deltas:   7% (83/1155)   Resolving deltas:   8% (93/1155)   Resolving deltas:  11% (132/1155)   Resolving deltas:  14% (165/1155)   Resolving deltas:  15% (174/1155)   Resolving deltas:  16% (187/1155)   Resolving deltas:  17% (206/1155)   Resolving deltas:  18% (211/1155)   Resolving deltas:  19% (227/1155)   Resolving deltas:  20% (231/1155)   Resolving deltas:  21% (244/1155)   Resolving deltas:  22% (257/1155)   Resolving deltas:  23% (268/1155)   Resolving deltas:  24% (278/1155)   Resolving deltas:  25% (298/1155)   Resolving deltas:  26% (302/1155)   Resolving deltas:  27% (312/1155)   Resolving deltas:  29% (345/1155)   Resolving deltas:  30% (351/1155)   Resolving deltas:  31% (362/1155)   Resolving deltas:  32% (376/1155)   Resolving deltas:  35% (410/1155)   Resolving deltas:  36% (419/1155)   Resolving deltas:  37% (430/1155)   Resolving deltas:  38% (441/1155)   Resolving deltas:  39% (452/1155)   Resolving deltas:  40% (464/1155)   Resolving deltas:  41% (476/1155)   Resolving deltas:  42% (486/1155)   Resolving deltas:  43% (497/1155)   Resolving deltas:  44% (511/1155)   Resolving deltas:  45% (522/1155)   Resolving deltas:  46% (532/1155)   Resolving deltas:  47% (544/1155)   Resolving deltas:  50% (588/1155)   Resolving deltas:  51% (590/1155)   Resolving deltas:  52% (605/1155)   Resolving deltas:  53% (613/1155)   Resolving deltas:  54% (630/1155)   Resolving deltas:  55% (642/1155)   Resolving deltas:  56% (647/1155)   Resolving deltas:  57% (660/1155)   Resolving deltas:  58% (676/1155)   Resolving deltas:  60% (695/1155)   Resolving deltas:  61% (712/1155)   Resolving deltas:  62% (720/1155)   Resolving deltas:  63% (730/1155)   Resolving deltas:  64% (740/1155)   Resolving deltas:  65% (755/1155)   Resolving deltas:  66% (763/1155)   Resolving deltas:  67% (777/1155)   Resolving deltas:  68% (787/1155)   Resolving deltas:  69% (797/1155)   Resolving deltas:  70% (814/1155)   Resolving deltas:  71% (824/1155)   Resolving deltas:  72% (834/1155)   Resolving deltas:  73% (846/1155)   Resolving deltas:  74% (855/1155)   Resolving deltas:  75% (867/1155)   Resolving deltas:  76% (880/1155)   Resolving deltas:  77% (895/1155)   Resolving deltas:  78% (904/1155)   Resolving deltas:  79% (913/1155)   Resolving deltas:  80% (924/1155)   Resolving deltas:  81% (937/1155)   Resolving deltas:  82% (948/1155)   Resolving deltas:  83% (959/1155)   Resolving deltas:  84% (972/1155)   Resolving deltas:  85% (984/1155)   Resolving deltas:  86% (995/1155)   Resolving deltas:  87% (1007/1155)   Resolving deltas:  88% (1018/1155)   Resolving deltas:  89% (1031/1155)   Resolving deltas:  90% (1041/1155)   Resolving deltas:  91% (1054/1155)   Resolving deltas:  92% (1063/1155)   Resolving deltas:  93% (1078/1155)   Resolving deltas:  94% (1087/1155)   Resolving deltas:  95% (1099/1155)   Resolving deltas:  96% (1109/1155)   Resolving deltas:  97% (1122/1155)   Resolving deltas:  98% (1132/1155)   Resolving deltas: 100% (1155/1155)   Resolving deltas: 100% (1155/1155), done.
Checking connectivity... done.

travis_time:end:02c5c4dc:start=1485950081153610986,finish=1485950081715649653,duration=562038667[0K$ cd NitorCreations/nflow
travis_time:start:1f591fd8[0K$ git fetch origin +refs/pull/213/merge:
remote: Counting objects: 43, done.[K
remote: Compressing objects:   5% (1/17)   [Kremote: Compressing objects:  11% (2/17)   [Kremote: Compressing objects:  17% (3/17)   [Kremote: Compressing objects:  23% (4/17)   [Kremote: Compressing objects:  29% (5/17)   [Kremote: Compressing objects:  35% (6/17)   [Kremote: Compressing objects:  41% (7/17)   [Kremote: Compressing objects:  47% (8/17)   [Kremote: Compressing objects:  52% (9/17)   [Kremote: Compressing objects:  58% (10/17)   [Kremote: Compressing objects:  64% (11/17)   [Kremote: Compressing objects:  70% (12/17)   [Kremote: Compressing objects:  76% (13/17)   [Kremote: Compressing objects:  82% (14/17)   [Kremote: Compressing objects:  88% (15/17)   [Kremote: Compressing objects:  94% (16/17)   [Kremote: Compressing objects: 100% (17/17)   [Kremote: Compressing objects: 100% (17/17), done.[K
remote: Total 43 (delta 14), reused 36 (delta 12), pack-reused 0[K
Unpacking objects:   2% (1/43)   Unpacking objects:   4% (2/43)   Unpacking objects:   6% (3/43)   Unpacking objects:   9% (4/43)   Unpacking objects:  11% (5/43)   Unpacking objects:  13% (6/43)   Unpacking objects:  16% (7/43)   Unpacking objects:  18% (8/43)   Unpacking objects:  20% (9/43)   Unpacking objects:  23% (10/43)   Unpacking objects:  25% (11/43)   Unpacking objects:  27% (12/43)   Unpacking objects:  30% (13/43)   Unpacking objects:  32% (14/43)   Unpacking objects:  34% (15/43)   Unpacking objects:  37% (16/43)   Unpacking objects:  39% (17/43)   Unpacking objects:  41% (18/43)   Unpacking objects:  44% (19/43)   Unpacking objects:  46% (20/43)   Unpacking objects:  48% (21/43)   Unpacking objects:  51% (22/43)   Unpacking objects:  53% (23/43)   Unpacking objects:  55% (24/43)   Unpacking objects:  58% (25/43)   Unpacking objects:  60% (26/43)   Unpacking objects:  62% (27/43)   Unpacking objects:  65% (28/43)   Unpacking objects:  67% (29/43)   Unpacking objects:  69% (30/43)   Unpacking objects:  72% (31/43)   Unpacking objects:  74% (32/43)   Unpacking objects:  76% (33/43)   Unpacking objects:  79% (34/43)   Unpacking objects:  81% (35/43)   Unpacking objects:  83% (36/43)   Unpacking objects:  86% (37/43)   Unpacking objects:  88% (38/43)   Unpacking objects:  90% (39/43)   Unpacking objects:  93% (40/43)   Unpacking objects:  95% (41/43)   Unpacking objects:  97% (42/43)   Unpacking objects: 100% (43/43)   Unpacking objects: 100% (43/43), done.
From https://github.com/NitorCreations/nflow
 * branch            refs/pull/213/merge -> FETCH_HEAD

travis_time:end:1f591fd8:start=1485950081720862805,finish=1485950082022648615,duration=301785810[0K$ git checkout -qf FETCH_HEAD
travis_fold:end:git.checkout[0Ktravis_fold:start:postgresql[0K[33;1mStarting PostgreSQL v9.4[0m
travis_time:start:14d7a00a[0K$ sudo service postgresql stop
 * Stopping PostgreSQL 9.1 database server       [80G [74G[ OK ]
 * Stopping PostgreSQL 9.2 database server       [80G [74G[ OK ]
 * Stopping PostgreSQL 9.3 database server       [80G [74G[ OK ]
 * Stopping PostgreSQL 9.4 database server       [80G [74G[ OK ]

travis_time:end:14d7a00a:start=1485950082058749815,finish=1485950083607284578,duration=1548534763[0Ktravis_time:start:1b3b6307[0K$ sudo service postgresql start 9.4
 * Starting PostgreSQL 9.4 database server       [80G [74G[ OK ]

travis_time:end:1b3b6307:start=1485950083612586404,finish=1485950085837229006,duration=2224642602[0Ktravis_time:start:1d1d151a[0K$ sudo -u postgres createuser -s -p 5432 travis &>/dev/null

travis_time:end:1d1d151a:start=1485950085842227040,finish=1485950085893872704,duration=51645664[0Ktravis_time:start:04fc7814[0K$ sudo -u postgres createdb -O travis -p 5432 travis &>/dev/null

travis_time:end:04fc7814:start=1485950085898694607,finish=1485950086164176948,duration=265482341[0Ktravis_time:start:0f33a45f[0K$ sudo -u postgres createuser -s -p 5433 travis &>/dev/null

travis_time:end:0f33a45f:start=1485950086169009463,finish=1485950086210589133,duration=41579670[0Ktravis_time:start:0512d599[0K$ sudo -u postgres createdb -O travis -p 5433 travis &>/dev/null

travis_time:end:0512d599:start=1485950086215251639,finish=1485950086261696220,duration=46444581[0Ktravis_fold:end:postgresql[0K
[33;1mThis job is running on container-based infrastructure, which does not allow use of 'sudo', setuid and setguid executables.[0m
[33;1mIf you require sudo, add 'sudo: required' to your .travis.yml[0m
[33;1mSee https://docs.travis-ci.com/user/workers/container-based-infrastructure/ for details.[0m

[33;1mSetting environment variables from .travis.yml[0m
$ export BUILD_SYSTEM=travis
$ export SPRING_PROFILES_ACTIVE=nflow.db.h2

travis_fold:start:cache.1[0KSetting up build cache
$ export CASHER_DIR=$HOME/.casher
travis_time:start:066b6f10[0K$ Installing caching utilities

travis_time:end:066b6f10:start=1485950089451657305,finish=1485950089481765236,duration=30107931[0Ktravis_time:start:1fe9e890[0K
travis_time:end:1fe9e890:start=1485950089488622148,finish=1485950089492743315,duration=4121167[0Ktravis_time:start:22a6a7ec[0K[32;1mattempting to download cache archive[0m
[32;1mfetching PR.213/cache-linux-precise-0bcf94688e0690b961de413476867ad2bdd328f1352ca561b63ebf4fc2926523--jdk-oraclejdk8.tgz[0m
[32;1mfound cache[0m

travis_time:end:22a6a7ec:start=1485950089497487053,finish=1485950091552264497,duration=2054777444[0Ktravis_time:start:006c13dc[0K
travis_time:end:006c13dc:start=1485950091557494401,finish=1485950091561873681,duration=4379280[0Ktravis_time:start:08afef6c[0K[32;1madding /home/travis/.m2 to cache[0m

travis_time:end:08afef6c:start=1485950091566581080,finish=1485950094550064639,duration=2983483559[0Ktravis_fold:end:cache.1[0K$ java -Xmx32m -version
java version "1.8.0_31"
Java(TM) SE Runtime Environment (build 1.8.0_31-b13)
Java HotSpot(TM) 64-Bit Server VM (build 25.31-b07, mixed mode)
$ javac -J-Xmx32m -version
javac 1.8.0_31
travis_fold:start:install[0Ktravis_time:start:1a6800e4[0K$ mvn install -DskipTests=true -Dmaven.javadoc.skip=true -B -V
Java HotSpot(TM) 64-Bit Server VM warning: ignoring option MaxPermSize=192m; support was removed in 8.0
Apache Maven 3.2.5 (12a6b3acb947671f09b81f49094c53f426d8cea1; 2014-12-14T17:29:23+00:00)
Maven home: /usr/local/maven
Java version: 1.8.0_31, vendor: Oracle Corporation
Java home: /usr/lib/jvm/java-8-oracle/jre
Default locale: en_US, platform encoding: UTF-8
OS name: "linux", version: "4.8.12-040812-generic", arch: "amd64", family: "unix"
[INFO] Scanning for projects...
[WARNING] 
[WARNING] Some problems were encountered while building the effective model for io.nflow:nflow-jetty:jar:4.0.1-SNAPSHOT
[WARNING] 'profiles.profile[oracle].dependencies.dependency.systemPath' for com.oracle:ojdbc7:jar should not point at files within the project directory, ${basedir}/../ojdbc7.jar will be unresolvable by dependent projects @ io.nflow:nflow-jetty:[unknown-version], /home/travis/build/NitorCreations/nflow/nflow-jetty/pom.xml, line 302, column 23
[WARNING] 
[WARNING] Some problems were encountered while building the effective model for io.nflow:nflow-tests:jar:4.0.1-SNAPSHOT
[WARNING] 'profiles.profile[oracle].dependencies.dependency.systemPath' for com.oracle:ojdbc7:jar should not point at files within the project directory, ${basedir}/../ojdbc7.jar will be unresolvable by dependent projects @ io.nflow:nflow-tests:[unknown-version], /home/travis/build/NitorCreations/nflow/nflow-tests/pom.xml, line 89, column 23
[WARNING] 
[WARNING] It is highly recommended to fix these problems because they threaten the stability of your build.
[WARNING] 
[WARNING] For this reason, future Maven versions might no longer support building such malformed projects.
[WARNING] 
[INFO] Inspecting build with total of 8 modules...
[INFO] Installing Nexus Staging features:
[INFO]   ... total of 8 executions of maven-deploy-plugin replaced with nexus-staging-maven-plugin
[INFO] ------------------------------------------------------------------------
[INFO] Reactor Build Order:
[INFO] 
[INFO] nflow
[INFO] nflow-engine
[INFO] nflow-rest-api
[INFO] nflow-jetty
[INFO] nflow-metrics
[INFO] nflow-tests
[INFO] nflow-perf-test
[INFO] nflow-guice
[INFO]                                                                         
[INFO] ------------------------------------------------------------------------
[INFO] Building nflow 4.0.1-SNAPSHOT
[INFO] ------------------------------------------------------------------------
[INFO] 
[INFO] --- maven-enforcer-plugin:1.4.1:enforce (ban-unwanted-dependencies) @ nflow-root ---
[INFO] 
[INFO] --- maven-source-plugin:3.0.1:jar-no-fork (attach-sources) @ nflow-root ---
[INFO] 
[INFO] --- maven-javadoc-plugin:2.10.4:jar (attach-javadocs) @ nflow-root ---
[INFO] Skipping javadoc generation
[INFO] 
[INFO] --- maven-install-plugin:2.5.2:install (default-install) @ nflow-root ---
[INFO] Installing /home/travis/build/NitorCreations/nflow/pom.xml to /home/travis/.m2/repository/io/nflow/nflow-root/4.0.1-SNAPSHOT/nflow-root-4.0.1-SNAPSHOT.pom
[INFO]                                                                         
[INFO] ------------------------------------------------------------------------
[INFO] Building nflow-engine 4.0.1-SNAPSHOT
[INFO] ------------------------------------------------------------------------
[INFO] 
[INFO] --- maven-enforcer-plugin:1.4.1:enforce (ban-unwanted-dependencies) @ nflow-engine ---
[INFO] 
[INFO] --- maven-resources-plugin:3.0.1:resources (default-resources) @ nflow-engine ---
[INFO] Using 'UTF-8' encoding to copy filtered resources.
[INFO] Copying 30 resources
[INFO] 
[INFO] --- maven-compiler-plugin:3.5.1:compile (default-compile) @ nflow-engine ---
[INFO] Changes detected - recompiling the module!
[INFO] Compiling 69 source files to /home/travis/build/NitorCreations/nflow/nflow-engine/target/classes
[INFO] 
[INFO] --- maven-resources-plugin:3.0.1:testResources (default-testResources) @ nflow-engine ---
[INFO] Using 'UTF-8' encoding to copy filtered resources.
[INFO] Copying 6 resources
[INFO] 
[INFO] --- maven-compiler-plugin:3.5.1:testCompile (default-testCompile) @ nflow-engine ---
[INFO] Changes detected - recompiling the module!
[INFO] Compiling 43 source files to /home/travis/build/NitorCreations/nflow/nflow-engine/target/test-classes
[INFO] 
[INFO] --- maven-surefire-plugin:2.19.1:test (default-test) @ nflow-engine ---
[INFO] Tests are skipped.
[INFO] 
[INFO] --- maven-jar-plugin:3.0.2:jar (default-jar) @ nflow-engine ---
[INFO] Building jar: /home/travis/build/NitorCreations/nflow/nflow-engine/target/nflow-engine-4.0.1-SNAPSHOT.jar
[INFO] 
[INFO] --- maven-source-plugin:3.0.1:jar-no-fork (attach-sources) @ nflow-engine ---
[INFO] Building jar: /home/travis/build/NitorCreations/nflow/nflow-engine/target/nflow-engine-4.0.1-SNAPSHOT-sources.jar
[INFO] 
[INFO] --- maven-javadoc-plugin:2.10.4:jar (attach-javadocs) @ nflow-engine ---
[INFO] Skipping javadoc generation
[INFO] 
[INFO] --- maven-install-plugin:2.5.2:install (default-install) @ nflow-engine ---
[INFO] Installing /home/travis/build/NitorCreations/nflow/nflow-engine/target/nflow-engine-4.0.1-SNAPSHOT.jar to /home/travis/.m2/repository/io/nflow/nflow-engine/4.0.1-SNAPSHOT/nflow-engine-4.0.1-SNAPSHOT.jar
[INFO] Installing /home/travis/build/NitorCreations/nflow/nflow-engine/pom.xml to /home/travis/.m2/repository/io/nflow/nflow-engine/4.0.1-SNAPSHOT/nflow-engine-4.0.1-SNAPSHOT.pom
[INFO] Installing /home/travis/build/NitorCreations/nflow/nflow-engine/target/nflow-engine-4.0.1-SNAPSHOT-sources.jar to /home/travis/.m2/repository/io/nflow/nflow-engine/4.0.1-SNAPSHOT/nflow-engine-4.0.1-SNAPSHOT-sources.jar
[INFO]                                                                         
[INFO] ------------------------------------------------------------------------
[INFO] Building nflow-rest-api 4.0.1-SNAPSHOT
[INFO] ------------------------------------------------------------------------
[INFO] 
[INFO] --- maven-enforcer-plugin:1.4.1:enforce (ban-unwanted-dependencies) @ nflow-rest-api ---
[INFO] 
[INFO] --- maven-resources-plugin:3.0.1:resources (default-resources) @ nflow-rest-api ---
[INFO] Using 'UTF-8' encoding to copy filtered resources.
[INFO] Copying 1 resource
[INFO] 
[INFO] --- maven-compiler-plugin:3.5.1:compile (default-compile) @ nflow-rest-api ---
[INFO] Changes detected - recompiling the module!
[INFO] Compiling 32 source files to /home/travis/build/NitorCreations/nflow/nflow-rest-api/target/classes
[INFO] 
[INFO] --- maven-resources-plugin:3.0.1:testResources (default-testResources) @ nflow-rest-api ---
[INFO] Using 'UTF-8' encoding to copy filtered resources.
[INFO] skip non existing resourceDirectory /home/travis/build/NitorCreations/nflow/nflow-rest-api/src/test/resources
[INFO] 
[INFO] --- maven-compiler-plugin:3.5.1:testCompile (default-testCompile) @ nflow-rest-api ---
[INFO] Changes detected - recompiling the module!
[INFO] Compiling 15 source files to /home/travis/build/NitorCreations/nflow/nflow-rest-api/target/test-classes
[INFO] 
[INFO] --- maven-surefire-plugin:2.19.1:test (default-test) @ nflow-rest-api ---
[INFO] Tests are skipped.
[INFO] 
[INFO] --- maven-jar-plugin:3.0.2:jar (default-jar) @ nflow-rest-api ---
[INFO] Building jar: /home/travis/build/NitorCreations/nflow/nflow-rest-api/target/nflow-rest-api-4.0.1-SNAPSHOT.jar
[INFO] 
[INFO] --- maven-source-plugin:3.0.1:jar-no-fork (attach-sources) @ nflow-rest-api ---
[INFO] Building jar: /home/travis/build/NitorCreations/nflow/nflow-rest-api/target/nflow-rest-api-4.0.1-SNAPSHOT-sources.jar
[INFO] 
[INFO] --- maven-javadoc-plugin:2.10.4:jar (attach-javadocs) @ nflow-rest-api ---
[INFO] Skipping javadoc generation
[INFO] 
[INFO] --- maven-install-plugin:2.5.2:install (default-install) @ nflow-rest-api ---
[INFO] Installing /home/travis/build/NitorCreations/nflow/nflow-rest-api/target/nflow-rest-api-4.0.1-SNAPSHOT.jar to /home/travis/.m2/repository/io/nflow/nflow-rest-api/4.0.1-SNAPSHOT/nflow-rest-api-4.0.1-SNAPSHOT.jar
[INFO] Installing /home/travis/build/NitorCreations/nflow/nflow-rest-api/pom.xml to /home/travis/.m2/repository/io/nflow/nflow-rest-api/4.0.1-SNAPSHOT/nflow-rest-api-4.0.1-SNAPSHOT.pom
[INFO] Installing /home/travis/build/NitorCreations/nflow/nflow-rest-api/target/nflow-rest-api-4.0.1-SNAPSHOT-sources.jar to /home/travis/.m2/repository/io/nflow/nflow-rest-api/4.0.1-SNAPSHOT/nflow-rest-api-4.0.1-SNAPSHOT-sources.jar
[INFO]                                                                         
[INFO] ------------------------------------------------------------------------
[INFO] Building nflow-jetty 4.0.1-SNAPSHOT
[INFO] ------------------------------------------------------------------------
[INFO] 
[INFO] --- maven-enforcer-plugin:1.4.1:enforce (ban-unwanted-dependencies) @ nflow-jetty ---
[INFO] 
[INFO] --- maven-dependency-plugin:2.10:unpack (unpack) @ nflow-jetty ---
[INFO] Configured Artifact: com.nitorcreations:nflow-explorer:1.2.3:tar.gz
[INFO] Unpacking /home/travis/.m2/repository/com/nitorcreations/nflow-explorer/1.2.3/nflow-explorer-1.2.3.tar.gz to /home/travis/build/NitorCreations/nflow/nflow-jetty/target/explorer with includes "" and excludes ""
[INFO] Expanding: /home/travis/.m2/repository/com/nitorcreations/nflow-explorer/1.2.3/nflow-explorer-1.2.3.tar.gz into /home/travis/build/NitorCreations/nflow/nflow-jetty/target/explorer
[INFO] 
[INFO] --- download-maven-plugin:1.3.0:wget (unpack-swagger-ui) @ nflow-jetty ---
[INFO] Got from cache: /home/travis/.m2/repository/.cache/download-maven-plugin/v2.1.4.tar.gz_de9920813a355cf20826ccb76acc6430
[INFO] Expanding: /home/travis/build/NitorCreations/nflow/nflow-jetty/target/swagger/v2.1.4.tar.gz into /home/travis/build/NitorCreations/nflow/nflow-jetty/target/swagger
[INFO] 
[INFO] --- maven-resources-plugin:3.0.1:resources (default-resources) @ nflow-jetty ---
[INFO] Using 'UTF-8' encoding to copy filtered resources.
[INFO] Copying 7 resources
[INFO] 
[INFO] --- maven-resources-plugin:3.0.1:copy-resources (copy-swagger-resources) @ nflow-jetty ---
[INFO] Using 'UTF-8' encoding to copy filtered resources.
[INFO] Copying 43 resources
[INFO] 
[INFO] --- maven-resources-plugin:3.0.1:copy-resources (copy-explorer-resources) @ nflow-jetty ---
[INFO] Using 'UTF-8' encoding to copy filtered resources.
[INFO] Copying 48 resources
[INFO] 
[INFO] --- maven-compiler-plugin:3.5.1:compile (default-compile) @ nflow-jetty ---
[INFO] Changes detected - recompiling the module!
[INFO] Compiling 16 source files to /home/travis/build/NitorCreations/nflow/nflow-jetty/target/classes
[INFO] 
[INFO] --- maven-resources-plugin:3.0.1:testResources (default-testResources) @ nflow-jetty ---
[INFO] Using 'UTF-8' encoding to copy filtered resources.
[INFO] Copying 3 resources
[INFO] 
[INFO] --- maven-compiler-plugin:3.5.1:testCompile (default-testCompile) @ nflow-jetty ---
[INFO] Changes detected - recompiling the module!
[INFO] Compiling 6 source files to /home/travis/build/NitorCreations/nflow/nflow-jetty/target/test-classes
[INFO] 
[INFO] --- maven-surefire-plugin:2.19.1:test (default-test) @ nflow-jetty ---
[INFO] Tests are skipped.
[INFO] 
[INFO] --- maven-jar-plugin:3.0.2:jar (default-jar) @ nflow-jetty ---
[INFO] Building jar: /home/travis/build/NitorCreations/nflow/nflow-jetty/target/nflow-jetty-4.0.1-SNAPSHOT.jar
[INFO] 
[INFO] --- maven-source-plugin:3.0.1:jar-no-fork (attach-sources) @ nflow-jetty ---
[INFO] Building jar: /home/travis/build/NitorCreations/nflow/nflow-jetty/target/nflow-jetty-4.0.1-SNAPSHOT-sources.jar
[INFO] 
[INFO] --- maven-javadoc-plugin:2.10.4:jar (attach-javadocs) @ nflow-jetty ---
[INFO] Skipping javadoc generation
[INFO] 
[INFO] --- maven-install-plugin:2.5.2:install (default-install) @ nflow-jetty ---
[INFO] Installing /home/travis/build/NitorCreations/nflow/nflow-jetty/target/nflow-jetty-4.0.1-SNAPSHOT.jar to /home/travis/.m2/repository/io/nflow/nflow-jetty/4.0.1-SNAPSHOT/nflow-jetty-4.0.1-SNAPSHOT.jar
[INFO] Installing /home/travis/build/NitorCreations/nflow/nflow-jetty/pom.xml to /home/travis/.m2/repository/io/nflow/nflow-jetty/4.0.1-SNAPSHOT/nflow-jetty-4.0.1-SNAPSHOT.pom
[INFO] Installing /home/travis/build/NitorCreations/nflow/nflow-jetty/target/nflow-jetty-4.0.1-SNAPSHOT-sources.jar to /home/travis/.m2/repository/io/nflow/nflow-jetty/4.0.1-SNAPSHOT/nflow-jetty-4.0.1-SNAPSHOT-sources.jar
[INFO]                                                                         
[INFO] ------------------------------------------------------------------------
[INFO] Building nflow-metrics 4.0.1-SNAPSHOT
[INFO] ------------------------------------------------------------------------
[INFO] 
[INFO] --- maven-enforcer-plugin:1.4.1:enforce (ban-unwanted-dependencies) @ nflow-metrics ---
[INFO] 
[INFO] --- maven-resources-plugin:3.0.1:resources (default-resources) @ nflow-metrics ---
[INFO] Using 'UTF-8' encoding to copy filtered resources.
[INFO] skip non existing resourceDirectory /home/travis/build/NitorCreations/nflow/nflow-metrics/src/main/resources
[INFO] 
[INFO] --- maven-compiler-plugin:3.5.1:compile (default-compile) @ nflow-metrics ---
[INFO] Changes detected - recompiling the module!
[INFO] Compiling 4 source files to /home/travis/build/NitorCreations/nflow/nflow-metrics/target/classes
[INFO] 
[INFO] --- maven-resources-plugin:3.0.1:testResources (default-testResources) @ nflow-metrics ---
[INFO] Using 'UTF-8' encoding to copy filtered resources.
[INFO] skip non existing resourceDirectory /home/travis/build/NitorCreations/nflow/nflow-metrics/src/test/resources
[INFO] 
[INFO] --- maven-compiler-plugin:3.5.1:testCompile (default-testCompile) @ nflow-metrics ---
[INFO] Changes detected - recompiling the module!
[INFO] Compiling 2 source files to /home/travis/build/NitorCreations/nflow/nflow-metrics/target/test-classes
[INFO] 
[INFO] --- maven-surefire-plugin:2.19.1:test (default-test) @ nflow-metrics ---
[INFO] Tests are skipped.
[INFO] 
[INFO] --- maven-jar-plugin:3.0.2:jar (default-jar) @ nflow-metrics ---
[INFO] Building jar: /home/travis/build/NitorCreations/nflow/nflow-metrics/target/nflow-metrics-4.0.1-SNAPSHOT.jar
[INFO] 
[INFO] --- maven-source-plugin:3.0.1:jar-no-fork (attach-sources) @ nflow-metrics ---
[INFO] Building jar: /home/travis/build/NitorCreations/nflow/nflow-metrics/target/nflow-metrics-4.0.1-SNAPSHOT-sources.jar
[INFO] 
[INFO] --- maven-javadoc-plugin:2.10.4:jar (attach-javadocs) @ nflow-metrics ---
[INFO] Skipping javadoc generation
[INFO] 
[INFO] --- maven-install-plugin:2.5.2:install (default-install) @ nflow-metrics ---
[INFO] Installing /home/travis/build/NitorCreations/nflow/nflow-metrics/target/nflow-metrics-4.0.1-SNAPSHOT.jar to /home/travis/.m2/repository/io/nflow/nflow-metrics/4.0.1-SNAPSHOT/nflow-metrics-4.0.1-SNAPSHOT.jar
[INFO] Installing /home/travis/build/NitorCreations/nflow/nflow-metrics/pom.xml to /home/travis/.m2/repository/io/nflow/nflow-metrics/4.0.1-SNAPSHOT/nflow-metrics-4.0.1-SNAPSHOT.pom
[INFO] Installing /home/travis/build/NitorCreations/nflow/nflow-metrics/target/nflow-metrics-4.0.1-SNAPSHOT-sources.jar to /home/travis/.m2/repository/io/nflow/nflow-metrics/4.0.1-SNAPSHOT/nflow-metrics-4.0.1-SNAPSHOT-sources.jar
[INFO]                                                                         
[INFO] ------------------------------------------------------------------------
[INFO] Building nflow-tests 4.0.1-SNAPSHOT
[INFO] ------------------------------------------------------------------------
[INFO] 
[INFO] --- maven-enforcer-plugin:1.4.1:enforce (ban-unwanted-dependencies) @ nflow-tests ---
[INFO] 
[INFO] --- maven-resources-plugin:3.0.1:resources (default-resources) @ nflow-tests ---
[INFO] Using 'UTF-8' encoding to copy filtered resources.
[INFO] Copying 3 resources
[INFO] 
[INFO] --- maven-compiler-plugin:3.5.1:compile (default-compile) @ nflow-tests ---
[INFO] Changes detected - recompiling the module!
[INFO] Compiling 10 source files to /home/travis/build/NitorCreations/nflow/nflow-tests/target/classes
[INFO] 
[INFO] --- maven-resources-plugin:3.0.1:testResources (default-testResources) @ nflow-tests ---
[INFO] Using 'UTF-8' encoding to copy filtered resources.
[INFO] Copying 1 resource
[INFO] 
[INFO] --- maven-compiler-plugin:3.5.1:testCompile (default-testCompile) @ nflow-tests ---
[INFO] Changes detected - recompiling the module!
[INFO] Compiling 18 source files to /home/travis/build/NitorCreations/nflow/nflow-tests/target/test-classes
[INFO] 
[INFO] --- maven-surefire-plugin:2.19.1:test (default-test) @ nflow-tests ---
[INFO] Tests are skipped.
[INFO] 
[INFO] --- maven-jar-plugin:3.0.2:jar (default-jar) @ nflow-tests ---
[INFO] Building jar: /home/travis/build/NitorCreations/nflow/nflow-tests/target/nflow-tests-4.0.1-SNAPSHOT.jar
[INFO] 
[INFO] --- asciidoctor-maven-plugin:1.5.3:process-asciidoc (generate-docs) @ nflow-tests ---
asciidoctor: WARNING: index.adoc: line 9: include file not found: /home/travis/build/NitorCreations/nflow/nflow-tests/src/main/asciidoc/swagger2markup/overview.adoc
asciidoctor: WARNING: index.adoc: line 10: include file not found: /home/travis/build/NitorCreations/nflow/nflow-tests/src/main/asciidoc/swagger2markup/paths.adoc
asciidoctor: WARNING: index.adoc: line 11: include file not found: /home/travis/build/NitorCreations/nflow/nflow-tests/src/main/asciidoc/swagger2markup/definitions.adoc
[INFO] Rendered /home/travis/build/NitorCreations/nflow/nflow-tests/src/main/asciidoc/swagger2markup/index.adoc
[INFO] 
[INFO] --- maven-shade-plugin:2.4.3:shade (default) @ nflow-tests ---
[INFO] Including io.nflow:nflow-jetty:jar:4.0.1-SNAPSHOT in the shaded jar.
[INFO] Including io.nflow:nflow-rest-api:jar:4.0.1-SNAPSHOT in the shaded jar.
[INFO] Including javax.ws.rs:javax.ws.rs-api:jar:2.0.1 in the shaded jar.
[INFO] Including io.swagger:swagger-annotations:jar:1.5.9 in the shaded jar.
[INFO] Including javax.validation:validation-api:jar:1.1.0.Final in the shaded jar.
[INFO] Including org.glassfish:javax.el:jar:3.0.0 in the shaded jar.
[INFO] Including org.hibernate:hibernate-validator:jar:5.2.4.Final in the shaded jar.
[INFO] Including org.jboss.logging:jboss-logging:jar:3.2.1.Final in the shaded jar.
[INFO] Including com.fasterxml:classmate:jar:1.1.0 in the shaded jar.
[INFO] Including com.nitorcreations:core-utils:jar:1.4 in the shaded jar.
[INFO] Including org.eclipse.jetty:jetty-server:jar:9.3.10.v20160621 in the shaded jar.
[INFO] Including org.eclipse.jetty:jetty-http:jar:9.3.10.v20160621 in the shaded jar.
[INFO] Including org.eclipse.jetty:jetty-io:jar:9.3.10.v20160621 in the shaded jar.
[INFO] Including org.eclipse.jetty:jetty-servlet:jar:9.3.10.v20160621 in the shaded jar.
[INFO] Including org.eclipse.jetty:jetty-security:jar:9.3.10.v20160621 in the shaded jar.
[INFO] Including org.eclipse.jetty:jetty-jmx:jar:9.3.10.v20160621 in the shaded jar.
[INFO] Including org.eclipse.jetty:jetty-util:jar:9.3.10.v20160621 in the shaded jar.
[INFO] Including org.apache.cxf:cxf-rt-frontend-jaxrs:jar:3.1.6 in the shaded jar.
[INFO] Including javax.annotation:javax.annotation-api:jar:1.2 in the shaded jar.
[INFO] Including org.apache.cxf:cxf-rt-management:jar:3.1.6 in the shaded jar.
[INFO] Including org.apache.cxf:cxf-rt-rs-service-description:jar:3.1.6 in the shaded jar.
[INFO] Including io.swagger:swagger-jaxrs:jar:1.5.9 in the shaded jar.
[INFO] Including com.fasterxml.jackson.dataformat:jackson-dataformat-yaml:jar:2.4.5 in the shaded jar.
[INFO] Including org.yaml:snakeyaml:jar:1.12 in the shaded jar.
[INFO] Including com.fasterxml.jackson.dataformat:jackson-dataformat-xml:jar:2.4.5 in the shaded jar.
[INFO] Including org.codehaus.woodstox:stax2-api:jar:3.1.4 in the shaded jar.
[INFO] Including io.swagger:swagger-core:jar:1.5.9 in the shaded jar.
[INFO] Including io.swagger:swagger-models:jar:1.5.9 in the shaded jar.
[INFO] Including org.reflections:reflections:jar:0.9.10 in the shaded jar.
[INFO] Including org.javassist:javassist:jar:3.20.0-GA in the shaded jar.
[INFO] Including com.google.guava:guava:jar:18.0 in the shaded jar.
[INFO] Including com.fasterxml.jackson.jaxrs:jackson-jaxrs-json-provider:jar:2.8.0 in the shaded jar.
[INFO] Including com.fasterxml.jackson.jaxrs:jackson-jaxrs-base:jar:2.8.0 in the shaded jar.
[INFO] Including com.fasterxml.jackson.module:jackson-module-jaxb-annotations:jar:2.8.0 in the shaded jar.
[INFO] Including org.springframework:spring-web:jar:4.3.1.RELEASE in the shaded jar.
[INFO] Including org.springframework:spring-aop:jar:4.3.1.RELEASE in the shaded jar.
[INFO] Including org.springframework:spring-beans:jar:4.3.1.RELEASE in the shaded jar.
[INFO] Including org.springframework:spring-context:jar:4.3.1.RELEASE in the shaded jar.
[INFO] Including org.springframework:spring-expression:jar:4.3.1.RELEASE in the shaded jar.
[INFO] Including org.slf4j:slf4j-api:jar:1.7.21 in the shaded jar.
[INFO] Including org.slf4j:log4j-over-slf4j:jar:1.7.21 in the shaded jar.
[INFO] Including org.slf4j:jcl-over-slf4j:jar:1.7.21 in the shaded jar.
[INFO] Including ch.qos.logback:logback-classic:jar:1.1.7 in the shaded jar.
[INFO] Including ch.qos.logback:logback-core:jar:1.1.7 in the shaded jar.
[INFO] Including org.slf4j:jul-to-slf4j:jar:1.7.21 in the shaded jar.
[INFO] Including org.apache.commons:commons-lang3:jar:3.4 in the shaded jar.
[INFO] Including com.h2database:h2:jar:1.4.192 in the shaded jar.
[INFO] Including io.dropwizard.metrics:metrics-servlets:jar:3.1.2 in the shaded jar.
[INFO] Including io.dropwizard.metrics:metrics-json:jar:3.1.2 in the shaded jar.
[INFO] Including io.dropwizard.metrics:metrics-jvm:jar:3.1.2 in the shaded jar.
[INFO] Including io.nflow:nflow-metrics:jar:4.0.1-SNAPSHOT in the shaded jar.
[INFO] Including io.dropwizard.metrics:metrics-core:jar:3.1.2 in the shaded jar.
[INFO] Including io.dropwizard.metrics:metrics-healthchecks:jar:3.1.2 in the shaded jar.
[INFO] Including io.nflow:nflow-engine:jar:4.0.1-SNAPSHOT in the shaded jar.
[INFO] Including org.springframework:spring-jdbc:jar:4.3.1.RELEASE in the shaded jar.
[INFO] Including org.springframework:spring-tx:jar:4.3.1.RELEASE in the shaded jar.
[INFO] Including javax.inject:javax.inject:jar:1 in the shaded jar.
[INFO] Including com.zaxxer:HikariCP-java6:jar:2.3.13 in the shaded jar.
[INFO] Including org.apache.cxf:cxf-rt-rs-client:jar:3.1.6 in the shaded jar.
[INFO] Including org.apache.cxf:cxf-rt-transports-http:jar:3.1.6 in the shaded jar.
[INFO] Including org.apache.cxf:cxf-core:jar:3.1.6 in the shaded jar.
[INFO] Including org.codehaus.woodstox:woodstox-core-asl:jar:4.4.1 in the shaded jar.
[INFO] Including org.apache.ws.xmlschema:xmlschema-core:jar:2.2.1 in the shaded jar.
[INFO] Including com.fasterxml.jackson.datatype:jackson-datatype-joda:jar:2.8.0 in the shaded jar.
[INFO] Including com.fasterxml.jackson.core:jackson-annotations:jar:2.8.0 in the shaded jar.
[INFO] Including com.fasterxml.jackson.core:jackson-core:jar:2.8.0 in the shaded jar.
[INFO] Including com.fasterxml.jackson.core:jackson-databind:jar:2.8.0 in the shaded jar.
[INFO] Including joda-time:joda-time:jar:2.9.4 in the shaded jar.
[INFO] Including com.google.code.findbugs:jsr305:jar:3.0.1 in the shaded jar.
[INFO] Including io.github.robwin:swagger2markup:jar:0.9.2 in the shaded jar.
[INFO] Including io.github.robwin:markup-document-builder:jar:0.1.5 in the shaded jar.
[INFO] Including io.swagger:swagger-compat-spec-parser:jar:1.0.13 in the shaded jar.
[INFO] Including io.swagger:swagger-parser:jar:1.0.13 in the shaded jar.
[INFO] Including org.slf4j:slf4j-ext:jar:1.6.3 in the shaded jar.
[INFO] Including ch.qos.cal10n:cal10n-api:jar:0.7.4 in the shaded jar.
[INFO] Including com.github.fge:json-schema-validator:jar:2.2.3 in the shaded jar.
[INFO] Including com.github.fge:json-schema-core:jar:1.2.1 in the shaded jar.
[INFO] Including com.github.fge:uri-template:jar:0.9 in the shaded jar.
[INFO] Including org.mozilla:rhino:jar:1.7R4 in the shaded jar.
[INFO] Including com.googlecode.libphonenumber:libphonenumber:jar:6.0 in the shaded jar.
[INFO] Including javax.mail:mailapi:jar:1.4.3 in the shaded jar.
[INFO] Including javax.activation:activation:jar:1.1 in the shaded jar.
[INFO] Including net.sf.jopt-simple:jopt-simple:jar:4.6 in the shaded jar.
[INFO] Including com.github.fge:json-patch:jar:1.6 in the shaded jar.
[INFO] Including com.github.fge:jackson-coreutils:jar:1.6 in the shaded jar.
[INFO] Including com.github.fge:msg-simple:jar:1.1 in the shaded jar.
[INFO] Including com.github.fge:btf:jar:1.2 in the shaded jar.
[INFO] Including org.apache.httpcomponents:httpclient:jar:4.3.3 in the shaded jar.
[INFO] Including org.apache.httpcomponents:httpcore:jar:4.3.2 in the shaded jar.
[INFO] Including commons-codec:commons-codec:jar:1.6 in the shaded jar.
[INFO] Including commons-collections:commons-collections:jar:3.2.1 in the shaded jar.
[INFO] Including commons-io:commons-io:jar:2.4 in the shaded jar.
[INFO] Including org.springframework:spring-core:jar:4.3.1.RELEASE in the shaded jar.
[INFO] Including org.postgresql:postgresql:jar:9.4.1208 in the shaded jar.
[INFO] Including mysql:mysql-connector-java:jar:5.1.38 in the shaded jar.
[INFO] Including javax.servlet:javax.servlet-api:jar:3.1.0 in the shaded jar.
[INFO] Including ru.yandex.qatools.embed:postgresql-embedded:jar:1.10 in the shaded jar.
[INFO] Including de.flapdoodle.embed:de.flapdoodle.embed.process:jar:1.50.1 in the shaded jar.
[INFO] Including net.java.dev.jna:jna:jar:4.0.0 in the shaded jar.
[INFO] Including net.java.dev.jna:jna-platform:jar:4.0.0 in the shaded jar.
[INFO] Including org.apache.commons:commons-compress:jar:1.3 in the shaded jar.
[INFO] Replacing original artifact with shaded artifact.
[INFO] Replacing /home/travis/build/NitorCreations/nflow/nflow-tests/target/nflow-tests-4.0.1-SNAPSHOT.jar with /home/travis/build/NitorCreations/nflow/nflow-tests/target/nflow-tests-4.0.1-SNAPSHOT-shaded.jar
[INFO] 
[INFO] --- maven-source-plugin:3.0.1:jar-no-fork (attach-sources) @ nflow-tests ---
[INFO] Building jar: /home/travis/build/NitorCreations/nflow/nflow-tests/target/nflow-tests-4.0.1-SNAPSHOT-sources.jar
[INFO] 
[INFO] --- maven-javadoc-plugin:2.10.4:jar (attach-javadocs) @ nflow-tests ---
[INFO] Skipping javadoc generation
[INFO] 
[INFO] --- maven-install-plugin:2.5.2:install (default-install) @ nflow-tests ---
[INFO] Installing /home/travis/build/NitorCreations/nflow/nflow-tests/target/nflow-tests-4.0.1-SNAPSHOT.jar to /home/travis/.m2/repository/io/nflow/nflow-tests/4.0.1-SNAPSHOT/nflow-tests-4.0.1-SNAPSHOT.jar
[INFO] Installing /home/travis/build/NitorCreations/nflow/nflow-tests/pom.xml to /home/travis/.m2/repository/io/nflow/nflow-tests/4.0.1-SNAPSHOT/nflow-tests-4.0.1-SNAPSHOT.pom
[INFO] Installing /home/travis/build/NitorCreations/nflow/nflow-tests/target/nflow-tests-4.0.1-SNAPSHOT-sources.jar to /home/travis/.m2/repository/io/nflow/nflow-tests/4.0.1-SNAPSHOT/nflow-tests-4.0.1-SNAPSHOT-sources.jar
[INFO]                                                                         
[INFO] ------------------------------------------------------------------------
[INFO] Building nflow-perf-test 4.0.1-SNAPSHOT
[INFO] ------------------------------------------------------------------------
[INFO] 
[INFO] --- maven-enforcer-plugin:1.4.1:enforce (ban-unwanted-dependencies) @ nflow-perf-test ---
[INFO] 
[INFO] --- maven-resources-plugin:3.0.1:resources (default-resources) @ nflow-perf-test ---
[INFO] Using 'UTF-8' encoding to copy filtered resources.
[INFO] Copying 1 resource
[INFO] 
[INFO] --- maven-compiler-plugin:3.5.1:compile (default-compile) @ nflow-perf-test ---
[INFO] Changes detected - recompiling the module!
[INFO] Compiling 13 source files to /home/travis/build/NitorCreations/nflow/nflow-perf-test/target/classes
[INFO] 
[INFO] --- maven-resources-plugin:3.0.1:testResources (default-testResources) @ nflow-perf-test ---
[INFO] Using 'UTF-8' encoding to copy filtered resources.
[INFO] skip non existing resourceDirectory /home/travis/build/NitorCreations/nflow/nflow-perf-test/src/test/resources
[INFO] 
[INFO] --- maven-compiler-plugin:3.5.1:testCompile (default-testCompile) @ nflow-perf-test ---
[INFO] No sources to compile
[INFO] 
[INFO] --- maven-surefire-plugin:2.19.1:test (default-test) @ nflow-perf-test ---
[INFO] Tests are skipped.
[INFO] 
[INFO] --- maven-jar-plugin:3.0.2:jar (default-jar) @ nflow-perf-test ---
[INFO] Building jar: /home/travis/build/NitorCreations/nflow/nflow-perf-test/target/nflow-perf-test-4.0.1-SNAPSHOT.jar
[INFO] 
[INFO] --- maven-shade-plugin:2.4.3:shade (default) @ nflow-perf-test ---
[INFO] Including io.nflow:nflow-jetty:jar:4.0.1-SNAPSHOT in the shaded jar.
[INFO] Including io.nflow:nflow-rest-api:jar:4.0.1-SNAPSHOT in the shaded jar.
[INFO] Including javax.ws.rs:javax.ws.rs-api:jar:2.0.1 in the shaded jar.
[INFO] Including io.swagger:swagger-annotations:jar:1.5.9 in the shaded jar.
[INFO] Including javax.validation:validation-api:jar:1.1.0.Final in the shaded jar.
[INFO] Including org.glassfish:javax.el:jar:3.0.0 in the shaded jar.
[INFO] Including org.hibernate:hibernate-validator:jar:5.2.4.Final in the shaded jar.
[INFO] Including org.jboss.logging:jboss-logging:jar:3.2.1.Final in the shaded jar.
[INFO] Including com.fasterxml:classmate:jar:1.1.0 in the shaded jar.
[INFO] Including com.nitorcreations:core-utils:jar:1.4 in the shaded jar.
[INFO] Including org.eclipse.jetty:jetty-server:jar:9.3.10.v20160621 in the shaded jar.
[INFO] Including org.eclipse.jetty:jetty-http:jar:9.3.10.v20160621 in the shaded jar.
[INFO] Including org.eclipse.jetty:jetty-io:jar:9.3.10.v20160621 in the shaded jar.
[INFO] Including org.eclipse.jetty:jetty-servlet:jar:9.3.10.v20160621 in the shaded jar.
[INFO] Including org.eclipse.jetty:jetty-security:jar:9.3.10.v20160621 in the shaded jar.
[INFO] Including org.eclipse.jetty:jetty-jmx:jar:9.3.10.v20160621 in the shaded jar.
[INFO] Including org.eclipse.jetty:jetty-util:jar:9.3.10.v20160621 in the shaded jar.
[INFO] Including org.apache.cxf:cxf-rt-frontend-jaxrs:jar:3.1.6 in the shaded jar.
[INFO] Including javax.annotation:javax.annotation-api:jar:1.2 in the shaded jar.
[INFO] Including org.apache.cxf:cxf-rt-management:jar:3.1.6 in the shaded jar.
[INFO] Including org.apache.cxf:cxf-rt-rs-service-description:jar:3.1.6 in the shaded jar.
[INFO] Including io.swagger:swagger-jaxrs:jar:1.5.9 in the shaded jar.
[INFO] Including com.fasterxml.jackson.dataformat:jackson-dataformat-yaml:jar:2.4.5 in the shaded jar.
[INFO] Including org.yaml:snakeyaml:jar:1.12 in the shaded jar.
[INFO] Including com.fasterxml.jackson.dataformat:jackson-dataformat-xml:jar:2.4.5 in the shaded jar.
[INFO] Including org.codehaus.woodstox:stax2-api:jar:3.1.4 in the shaded jar.
[INFO] Including io.swagger:swagger-core:jar:1.5.9 in the shaded jar.
[INFO] Including com.fasterxml.jackson.core:jackson-annotations:jar:2.8.0 in the shaded jar.
[INFO] Including io.swagger:swagger-models:jar:1.5.9 in the shaded jar.
[INFO] Including org.reflections:reflections:jar:0.9.10 in the shaded jar.
[INFO] Including org.javassist:javassist:jar:3.20.0-GA in the shaded jar.
[INFO] Including com.google.guava:guava:jar:18.0 in the shaded jar.
[INFO] Including com.fasterxml.jackson.jaxrs:jackson-jaxrs-json-provider:jar:2.8.0 in the shaded jar.
[INFO] Including com.fasterxml.jackson.jaxrs:jackson-jaxrs-base:jar:2.8.0 in the shaded jar.
[INFO] Including com.fasterxml.jackson.core:jackson-core:jar:2.8.0 in the shaded jar.
[INFO] Including com.fasterxml.jackson.core:jackson-databind:jar:2.8.0 in the shaded jar.
[INFO] Including com.fasterxml.jackson.module:jackson-module-jaxb-annotations:jar:2.8.0 in the shaded jar.
[INFO] Including org.springframework:spring-web:jar:4.3.1.RELEASE in the shaded jar.
[INFO] Including org.springframework:spring-aop:jar:4.3.1.RELEASE in the shaded jar.
[INFO] Including org.springframework:spring-beans:jar:4.3.1.RELEASE in the shaded jar.
[INFO] Including org.springframework:spring-context:jar:4.3.1.RELEASE in the shaded jar.
[INFO] Including org.springframework:spring-expression:jar:4.3.1.RELEASE in the shaded jar.
[INFO] Including org.springframework:spring-core:jar:4.3.1.RELEASE in the shaded jar.
[INFO] Including org.slf4j:slf4j-api:jar:1.7.21 in the shaded jar.
[INFO] Including org.slf4j:log4j-over-slf4j:jar:1.7.21 in the shaded jar.
[INFO] Including org.slf4j:jcl-over-slf4j:jar:1.7.21 in the shaded jar.
[INFO] Including ch.qos.logback:logback-classic:jar:1.1.7 in the shaded jar.
[INFO] Including ch.qos.logback:logback-core:jar:1.1.7 in the shaded jar.
[INFO] Including org.slf4j:jul-to-slf4j:jar:1.7.21 in the shaded jar.
[INFO] Including org.apache.commons:commons-lang3:jar:3.4 in the shaded jar.
[INFO] Including com.h2database:h2:jar:1.4.192 in the shaded jar.
[INFO] Including io.dropwizard.metrics:metrics-servlets:jar:3.1.2 in the shaded jar.
[INFO] Including io.dropwizard.metrics:metrics-json:jar:3.1.2 in the shaded jar.
[INFO] Including io.dropwizard.metrics:metrics-jvm:jar:3.1.2 in the shaded jar.
[INFO] Including io.nflow:nflow-metrics:jar:4.0.1-SNAPSHOT in the shaded jar.
[INFO] Including io.dropwizard.metrics:metrics-core:jar:3.1.2 in the shaded jar.
[INFO] Including io.dropwizard.metrics:metrics-healthchecks:jar:3.1.2 in the shaded jar.
[INFO] Including io.nflow:nflow-engine:jar:4.0.1-SNAPSHOT in the shaded jar.
[INFO] Including org.springframework:spring-jdbc:jar:4.3.1.RELEASE in the shaded jar.
[INFO] Including org.springframework:spring-tx:jar:4.3.1.RELEASE in the shaded jar.
[INFO] Including com.fasterxml.jackson.datatype:jackson-datatype-joda:jar:2.8.0 in the shaded jar.
[INFO] Including joda-time:joda-time:jar:2.9.4 in the shaded jar.
[INFO] Including javax.inject:javax.inject:jar:1 in the shaded jar.
[INFO] Including com.zaxxer:HikariCP-java6:jar:2.3.13 in the shaded jar.
[INFO] Including javax.servlet:javax.servlet-api:jar:3.1.0 in the shaded jar.
[INFO] Including org.apache.cxf:cxf-rt-rs-client:jar:3.1.6 in the shaded jar.
[INFO] Including org.apache.cxf:cxf-rt-transports-http:jar:3.1.6 in the shaded jar.
[INFO] Including org.apache.cxf:cxf-core:jar:3.1.6 in the shaded jar.
[INFO] Including org.codehaus.woodstox:woodstox-core-asl:jar:4.4.1 in the shaded jar.
[INFO] Including org.apache.ws.xmlschema:xmlschema-core:jar:2.2.1 in the shaded jar.
[INFO] Including org.postgresql:postgresql:jar:9.4.1208 in the shaded jar.
[INFO] Replacing original artifact with shaded artifact.
[INFO] Replacing /home/travis/build/NitorCreations/nflow/nflow-perf-test/target/nflow-perf-test-4.0.1-SNAPSHOT.jar with /home/travis/build/NitorCreations/nflow/nflow-perf-test/target/nflow-perf-test-4.0.1-SNAPSHOT-shaded.jar
[INFO] 
[INFO] --- maven-source-plugin:3.0.1:jar-no-fork (attach-sources) @ nflow-perf-test ---
[INFO] Building jar: /home/travis/build/NitorCreations/nflow/nflow-perf-test/target/nflow-perf-test-4.0.1-SNAPSHOT-sources.jar
[INFO] 
[INFO] --- maven-javadoc-plugin:2.10.4:jar (attach-javadocs) @ nflow-perf-test ---
[INFO] Skipping javadoc generation
[INFO] 
[INFO] --- maven-install-plugin:2.5.2:install (default-install) @ nflow-perf-test ---
[INFO] Installing /home/travis/build/NitorCreations/nflow/nflow-perf-test/target/nflow-perf-test-4.0.1-SNAPSHOT.jar to /home/travis/.m2/repository/io/nflow/nflow-perf-test/4.0.1-SNAPSHOT/nflow-perf-test-4.0.1-SNAPSHOT.jar
[INFO] Installing /home/travis/build/NitorCreations/nflow/nflow-perf-test/pom.xml to /home/travis/.m2/repository/io/nflow/nflow-perf-test/4.0.1-SNAPSHOT/nflow-perf-test-4.0.1-SNAPSHOT.pom
[INFO] Installing /home/travis/build/NitorCreations/nflow/nflow-perf-test/target/nflow-perf-test-4.0.1-SNAPSHOT-sources.jar to /home/travis/.m2/repository/io/nflow/nflow-perf-test/4.0.1-SNAPSHOT/nflow-perf-test-4.0.1-SNAPSHOT-sources.jar
[INFO]                                                                         
[INFO] ------------------------------------------------------------------------
[INFO] Building nflow-guice 4.0.1-SNAPSHOT
[INFO] ------------------------------------------------------------------------
[INFO] 
[INFO] --- maven-enforcer-plugin:1.4.1:enforce (ban-unwanted-dependencies) @ nflow-guice ---
[INFO] 
[INFO] --- maven-resources-plugin:3.0.1:resources (default-resources) @ nflow-guice ---
[INFO] Using 'UTF-8' encoding to copy filtered resources.
[INFO] skip non existing resourceDirectory /home/travis/build/NitorCreations/nflow/nflow-guice/src/main/resources
[INFO] 
[INFO] --- maven-compiler-plugin:3.5.1:compile (default-compile) @ nflow-guice ---
[INFO] Changes detected - recompiling the module!
[INFO] Compiling 1 source file to /home/travis/build/NitorCreations/nflow/nflow-guice/target/classes
[INFO] 
[INFO] --- maven-resources-plugin:3.0.1:testResources (default-testResources) @ nflow-guice ---
[INFO] Using 'UTF-8' encoding to copy filtered resources.
[INFO] Copying 2 resources
[INFO] 
[INFO] --- maven-compiler-plugin:3.5.1:testCompile (default-testCompile) @ nflow-guice ---
[INFO] Changes detected - recompiling the module!
[INFO] Compiling 2 source files to /home/travis/build/NitorCreations/nflow/nflow-guice/target/test-classes
[INFO] 
[INFO] --- maven-surefire-plugin:2.19.1:test (default-test) @ nflow-guice ---
[INFO] Tests are skipped.
[INFO] 
[INFO] --- maven-jar-plugin:3.0.2:jar (default-jar) @ nflow-guice ---
[INFO] Building jar: /home/travis/build/NitorCreations/nflow/nflow-guice/target/nflow-guice-4.0.1-SNAPSHOT.jar
[INFO] 
[INFO] --- maven-source-plugin:3.0.1:jar-no-fork (attach-sources) @ nflow-guice ---
[INFO] Building jar: /home/travis/build/NitorCreations/nflow/nflow-guice/target/nflow-guice-4.0.1-SNAPSHOT-sources.jar
[INFO] 
[INFO] --- maven-javadoc-plugin:2.10.4:jar (attach-javadocs) @ nflow-guice ---
[INFO] Skipping javadoc generation
[INFO] 
[INFO] --- maven-install-plugin:2.5.2:install (default-install) @ nflow-guice ---
[INFO] Installing /home/travis/build/NitorCreations/nflow/nflow-guice/target/nflow-guice-4.0.1-SNAPSHOT.jar to /home/travis/.m2/repository/io/nflow/nflow-guice/4.0.1-SNAPSHOT/nflow-guice-4.0.1-SNAPSHOT.jar
[INFO] Installing /home/travis/build/NitorCreations/nflow/nflow-guice/pom.xml to /home/travis/.m2/repository/io/nflow/nflow-guice/4.0.1-SNAPSHOT/nflow-guice-4.0.1-SNAPSHOT.pom
[INFO] Installing /home/travis/build/NitorCreations/nflow/nflow-guice/target/nflow-guice-4.0.1-SNAPSHOT-sources.jar to /home/travis/.m2/repository/io/nflow/nflow-guice/4.0.1-SNAPSHOT/nflow-guice-4.0.1-SNAPSHOT-sources.jar
[INFO] ------------------------------------------------------------------------
[INFO] Reactor Summary:
[INFO] 
[INFO] nflow .............................................. SUCCESS [  1.490 s]
[INFO] nflow-engine ....................................... SUCCESS [  5.895 s]
[INFO] nflow-rest-api ..................................... SUCCESS [  0.905 s]
[INFO] nflow-jetty ........................................ SUCCESS [  1.547 s]
[INFO] nflow-metrics ...................................... SUCCESS [  0.314 s]
[INFO] nflow-tests ........................................ SUCCESS [  9.563 s]
[INFO] nflow-perf-test .................................... SUCCESS [  3.345 s]
[INFO] nflow-guice ........................................ SUCCESS [  0.240 s]
[INFO] ------------------------------------------------------------------------
[INFO] BUILD SUCCESS
[INFO] ------------------------------------------------------------------------
[INFO] Total time: 24.262 s
[INFO] Finished at: 2017-02-01T11:55:21+00:00
[INFO] Final Memory: 61M/447M
[INFO] ------------------------------------------------------------------------

travis_time:end:1a6800e4:start=1485950095554377999,finish=1485950122048918411,duration=26494540412[0Ktravis_fold:end:install[0Ktravis_fold:start:before_script.1[0Ktravis_time:start:0d463f71[0K$ if [[ "$SPRING_PROFILES_ACTIVE" =~ postgre ]]; then psql -c "create user nflow with password 'nflow';" -U postgres; fi

travis_time:end:0d463f71:start=1485950122054492330,finish=1485950122058932573,duration=4440243[0Ktravis_fold:end:before_script.1[0Ktravis_fold:start:before_script.2[0Ktravis_time:start:01171d9f[0K$ if [[ "$SPRING_PROFILES_ACTIVE" =~ postgre ]]; then psql -c "create database nflow owner nflow;" -U postgres; fi

travis_time:end:01171d9f:start=1485950122064376727,finish=1485950122068764632,duration=4387905[0Ktravis_fold:end:before_script.2[0Ktravis_fold:start:before_script.3[0Ktravis_time:start:1755d248[0K$ if [[ "$SPRING_PROFILES_ACTIVE" =~ mysql ]]; then mysql -v -e "create database nflow character set utf8mb4;" -u root; fi

travis_time:end:1755d248:start=1485950122074250487,finish=1485950122078429393,duration=4178906[0Ktravis_fold:end:before_script.3[0Ktravis_fold:start:before_script.4[0Ktravis_time:start:085f4300[0K$ if [[ "$SPRING_PROFILES_ACTIVE" =~ mysql ]]; then mysql -v -e "create user 'nflow'@'%' identified by 'nflow';" -u root; fi

travis_time:end:085f4300:start=1485950122083794737,finish=1485950122088418102,duration=4623365[0Ktravis_fold:end:before_script.4[0Ktravis_fold:start:before_script.5[0Ktravis_time:start:0f5cbbd2[0K$ if [[ "$SPRING_PROFILES_ACTIVE" =~ mysql ]]; then mysql -v -e "create user 'nflow'@'localhost' identified by 'nflow';" -u root; fi

travis_time:end:0f5cbbd2:start=1485950122093782732,finish=1485950122097828205,duration=4045473[0Ktravis_fold:end:before_script.5[0Ktravis_fold:start:before_script.6[0Ktravis_time:start:083e12b2[0K$ if [[ "$SPRING_PROFILES_ACTIVE" =~ mysql ]]; then mysql -v -e "grant all on nflow.* TO 'nflow'@'%';" -u root; fi

travis_time:end:083e12b2:start=1485950122102890531,finish=1485950122106930946,duration=4040415[0Ktravis_fold:end:before_script.6[0Ktravis_fold:start:before_script.7[0Ktravis_time:start:13d37924[0K$ if [[ "$SPRING_PROFILES_ACTIVE" =~ mysql ]]; then mysql -v -e "grant all on nflow.* TO 'nflow'@'localhost';" -u root; fi

travis_time:end:13d37924:start=1485950122112708362,finish=1485950122116812846,duration=4104484[0Ktravis_fold:end:before_script.7[0Ktravis_fold:start:before_script.8[0Ktravis_time:start:1424a4a2[0K$ if [[ "$SPRING_PROFILES_ACTIVE" =~ mysql ]]; then mysql -v -e "flush privileges;" -u root; fi

travis_time:end:1424a4a2:start=1485950122122004492,finish=1485950122126109626,duration=4105134[0Ktravis_fold:end:before_script.8[0Ktravis_time:start:13f5f2b5[0K$ mvn test -B
Java HotSpot(TM) 64-Bit Server VM warning: ignoring option MaxPermSize=192m; support was removed in 8.0
[INFO] Scanning for projects...
[WARNING] 
[WARNING] Some problems were encountered while building the effective model for io.nflow:nflow-jetty:jar:4.0.1-SNAPSHOT
[WARNING] 'profiles.profile[oracle].dependencies.dependency.systemPath' for com.oracle:ojdbc7:jar should not point at files within the project directory, ${basedir}/../ojdbc7.jar will be unresolvable by dependent projects @ io.nflow:nflow-jetty:[unknown-version], /home/travis/build/NitorCreations/nflow/nflow-jetty/pom.xml, line 302, column 23
[WARNING] 
[WARNING] Some problems were encountered while building the effective model for io.nflow:nflow-tests:jar:4.0.1-SNAPSHOT
[WARNING] 'profiles.profile[oracle].dependencies.dependency.systemPath' for com.oracle:ojdbc7:jar should not point at files within the project directory, ${basedir}/../ojdbc7.jar will be unresolvable by dependent projects @ io.nflow:nflow-tests:[unknown-version], /home/travis/build/NitorCreations/nflow/nflow-tests/pom.xml, line 89, column 23
[WARNING] 
[WARNING] It is highly recommended to fix these problems because they threaten the stability of your build.
[WARNING] 
[WARNING] For this reason, future Maven versions might no longer support building such malformed projects.
[WARNING] 
[INFO] Inspecting build with total of 8 modules...
[INFO] Installing Nexus Staging features:
[INFO]   ... total of 8 executions of maven-deploy-plugin replaced with nexus-staging-maven-plugin
[INFO] ------------------------------------------------------------------------
[INFO] Reactor Build Order:
[INFO] 
[INFO] nflow
[INFO] nflow-engine
[INFO] nflow-rest-api
[INFO] nflow-jetty
[INFO] nflow-metrics
[INFO] nflow-tests
[INFO] nflow-perf-test
[INFO] nflow-guice
[INFO]                                                                         
[INFO] ------------------------------------------------------------------------
[INFO] Building nflow 4.0.1-SNAPSHOT
[INFO] ------------------------------------------------------------------------
[INFO] 
[INFO] --- maven-enforcer-plugin:1.4.1:enforce (ban-unwanted-dependencies) @ nflow-root ---
[INFO]                                                                         
[INFO] ------------------------------------------------------------------------
[INFO] Building nflow-engine 4.0.1-SNAPSHOT
[INFO] ------------------------------------------------------------------------
[INFO] 
[INFO] --- maven-enforcer-plugin:1.4.1:enforce (ban-unwanted-dependencies) @ nflow-engine ---
[INFO] 
[INFO] --- maven-resources-plugin:3.0.1:resources (default-resources) @ nflow-engine ---
[INFO] Using 'UTF-8' encoding to copy filtered resources.
[INFO] Copying 30 resources
[INFO] 
[INFO] --- maven-compiler-plugin:3.5.1:compile (default-compile) @ nflow-engine ---
[INFO] Changes detected - recompiling the module!
[INFO] Compiling 69 source files to /home/travis/build/NitorCreations/nflow/nflow-engine/target/classes
[INFO] 
[INFO] --- maven-resources-plugin:3.0.1:testResources (default-testResources) @ nflow-engine ---
[INFO] Using 'UTF-8' encoding to copy filtered resources.
[INFO] Copying 6 resources
[INFO] 
[INFO] --- maven-compiler-plugin:3.5.1:testCompile (default-testCompile) @ nflow-engine ---
[INFO] Nothing to compile - all classes are up to date
[INFO] 
[INFO] --- maven-surefire-plugin:2.19.1:test (default-test) @ nflow-engine ---

-------------------------------------------------------
 T E S T S
-------------------------------------------------------
Running io.nflow.engine.internal.config.EngineConfigurationTest
Tests run: 6, Failures: 0, Errors: 0, Skipped: 0, Time elapsed: 0.615 sec - in io.nflow.engine.internal.config.EngineConfigurationTest
Running io.nflow.engine.internal.config.PropertiesConfigurationTest
Tests run: 1, Failures: 0, Errors: 0, Skipped: 0, Time elapsed: 0 sec - in io.nflow.engine.internal.config.PropertiesConfigurationTest
Running io.nflow.engine.internal.config.WorkflowLifecycleTest
Tests run: 5, Failures: 0, Errors: 0, Skipped: 0, Time elapsed: 0.011 sec - in io.nflow.engine.internal.config.WorkflowLifecycleTest
Running io.nflow.engine.internal.workflow.WorkflowDefinitionScannerTest
Tests run: 7, Failures: 0, Errors: 0, Skipped: 0, Time elapsed: 0.026 sec - in io.nflow.engine.internal.workflow.WorkflowDefinitionScannerTest
Running io.nflow.engine.internal.workflow.StateExecutionImplTest
Tests run: 16, Failures: 0, Errors: 0, Skipped: 0, Time elapsed: 0.148 sec - in io.nflow.engine.internal.workflow.StateExecutionImplTest
Running io.nflow.engine.internal.util.PeriodicLoggerTest
Tests run: 3, Failures: 0, Errors: 0, Skipped: 0, Time elapsed: 0.016 sec - in io.nflow.engine.internal.util.PeriodicLoggerTest
Running io.nflow.engine.internal.executor.WorkflowStateProcessorTest
Tests run: 35, Failures: 0, Errors: 0, Skipped: 0, Time elapsed: 0.498 sec - in io.nflow.engine.internal.executor.WorkflowStateProcessorTest
Running io.nflow.engine.internal.executor.WorkflowStateProcessorFactoryTest
Tests run: 3, Failures: 0, Errors: 0, Skipped: 0, Time elapsed: 0.016 sec - in io.nflow.engine.internal.executor.WorkflowStateProcessorFactoryTest
Running io.nflow.engine.internal.executor.WorkflowDispatcherTest
Tests run: 9, Failures: 0, Errors: 0, Skipped: 0, Time elapsed: 0.475 sec - in io.nflow.engine.internal.executor.WorkflowDispatcherTest
Running io.nflow.engine.internal.executor.ThresholdBlockingQueueTest
Tests run: 4, Failures: 0, Errors: 0, Skipped: 0, Time elapsed: 7.012 sec - in io.nflow.engine.internal.executor.ThresholdBlockingQueueTest
Running io.nflow.engine.internal.executor.WorkflowInstanceExecutorTest
Tests run: 5, Failures: 0, Errors: 0, Skipped: 0, Time elapsed: 0.006 sec - in io.nflow.engine.internal.executor.WorkflowInstanceExecutorTest
Running io.nflow.engine.internal.dao.TableMetadataCheckerTest
Tests run: 8, Failures: 0, Errors: 0, Skipped: 0, Time elapsed: 1.201 sec - in io.nflow.engine.internal.dao.TableMetadataCheckerTest
Running io.nflow.engine.internal.dao.ExecutorDaoTest
Tests run: 3, Failures: 0, Errors: 0, Skipped: 0, Time elapsed: 0.321 sec - in io.nflow.engine.internal.dao.ExecutorDaoTest
Running io.nflow.engine.internal.dao.WorkflowDefinitionDaoTest
Tests run: 4, Failures: 0, Errors: 0, Skipped: 0, Time elapsed: 0.323 sec - in io.nflow.engine.internal.dao.WorkflowDefinitionDaoTest
Running io.nflow.engine.internal.dao.ArchiveDaoTest
Tests run: 5, Failures: 0, Errors: 0, Skipped: 0, Time elapsed: 0.344 sec - in io.nflow.engine.internal.dao.ArchiveDaoTest
Running io.nflow.engine.internal.dao.DaoUtilTest
Tests run: 2, Failures: 0, Errors: 0, Skipped: 0, Time elapsed: 0 sec - in io.nflow.engine.internal.dao.DaoUtilTest
Running io.nflow.engine.internal.dao.HealthCheckDaoTest
Tests run: 1, Failures: 0, Errors: 0, Skipped: 0, Time elapsed: 0.01 sec - in io.nflow.engine.internal.dao.HealthCheckDaoTest
Running io.nflow.engine.internal.dao.StatisticsDaoTest
Tests run: 5, Failures: 0, Errors: 0, Skipped: 0, Time elapsed: 0.06 sec - in io.nflow.engine.internal.dao.StatisticsDaoTest
Running io.nflow.engine.internal.dao.WorkflowInstanceDaoTest
Tests run: 35, Failures: 0, Errors: 3, Skipped: 0, Time elapsed: 0.61 sec <<< FAILURE! - in io.nflow.engine.internal.dao.WorkflowInstanceDaoTest
fakePostgreSQLinsertWorkflowInstance(io.nflow.engine.internal.dao.WorkflowInstanceDaoTest)  Time elapsed: 0.024 sec  <<< ERROR!
java.lang.NullPointerException
	at io.nflow.engine.internal.dao.WorkflowInstanceDaoTest.preparePostgreSQLDao(WorkflowInstanceDaoTest.java:622)
	at io.nflow.engine.internal.dao.WorkflowInstanceDaoTest.fakePostgreSQLinsertWorkflowInstance(WorkflowInstanceDaoTest.java:533)

fakePostgreSQLupdateWorkflowInstance(io.nflow.engine.internal.dao.WorkflowInstanceDaoTest)  Time elapsed: 0.004 sec  <<< ERROR!
java.lang.NullPointerException
	at io.nflow.engine.internal.dao.WorkflowInstanceDaoTest.preparePostgreSQLDao(WorkflowInstanceDaoTest.java:622)
	at io.nflow.engine.internal.dao.WorkflowInstanceDaoTest.fakePostgreSQLupdateWorkflowInstance(WorkflowInstanceDaoTest.java:490)

fakePostgreSQLpollNextWorkflowInstances(io.nflow.engine.internal.dao.WorkflowInstanceDaoTest)  Time elapsed: 0.003 sec  <<< ERROR!
java.lang.NullPointerException
	at io.nflow.engine.internal.dao.WorkflowInstanceDaoTest.preparePostgreSQLDao(WorkflowInstanceDaoTest.java:622)
	at io.nflow.engine.internal.dao.WorkflowInstanceDaoTest.fakePostgreSQLpollNextWorkflowInstances(WorkflowInstanceDaoTest.java:605)

Running io.nflow.engine.internal.storage.db.DatabaseInitializerTest
Tests run: 3, Failures: 0, Errors: 0, Skipped: 0, Time elapsed: 0.07 sec - in io.nflow.engine.internal.storage.db.DatabaseInitializerTest
Running io.nflow.engine.workflow.definition.MutableTest
Tests run: 3, Failures: 0, Errors: 0, Skipped: 0, Time elapsed: 0.001 sec - in io.nflow.engine.workflow.definition.MutableTest
Running io.nflow.engine.workflow.definition.WorkflowDefinitionTest
Tests run: 13, Failures: 0, Errors: 0, Skipped: 0, Time elapsed: 0.032 sec - in io.nflow.engine.workflow.definition.WorkflowDefinitionTest
Running io.nflow.engine.workflow.definition.AbstractWorkflowDefinitionTest
Tests run: 10, Failures: 0, Errors: 0, Skipped: 0, Time elapsed: 0.005 sec - in io.nflow.engine.workflow.definition.AbstractWorkflowDefinitionTest
Running io.nflow.engine.workflow.definition.NextActionTest
Tests run: 6, Failures: 0, Errors: 0, Skipped: 0, Time elapsed: 0.001 sec - in io.nflow.engine.workflow.definition.NextActionTest
Running io.nflow.engine.workflow.definition.WorkflowSettingsTest
Tests run: 5, Failures: 0, Errors: 0, Skipped: 0, Time elapsed: 0.006 sec - in io.nflow.engine.workflow.definition.WorkflowSettingsTest
Running io.nflow.engine.workflow.definition.WorkflowStateTypeTest
Tests run: 4, Failures: 0, Errors: 0, Skipped: 0, Time elapsed: 0 sec - in io.nflow.engine.workflow.definition.WorkflowStateTypeTest
Running io.nflow.engine.workflow.instance.WorkflowInstanceFactoryTest
Tests run: 1, Failures: 0, Errors: 0, Skipped: 0, Time elapsed: 0 sec - in io.nflow.engine.workflow.instance.WorkflowInstanceFactoryTest
Running io.nflow.engine.workflow.instance.WorkflowInstanceTest
Tests run: 5, Failures: 0, Errors: 0, Skipped: 0, Time elapsed: 0 sec - in io.nflow.engine.workflow.instance.WorkflowInstanceTest
Running io.nflow.engine.workflow.WorkflowInstancePreProcessorTest
Tests run: 5, Failures: 0, Errors: 0, Skipped: 0, Time elapsed: 0.006 sec - in io.nflow.engine.workflow.WorkflowInstancePreProcessorTest
Running io.nflow.engine.service.StatisticsServiceTest
Tests run: 2, Failures: 0, Errors: 0, Skipped: 0, Time elapsed: 0.013 sec - in io.nflow.engine.service.StatisticsServiceTest
Running io.nflow.engine.service.WorkflowDefinitionServiceTest
Tests run: 5, Failures: 0, Errors: 0, Skipped: 0, Time elapsed: 0.023 sec - in io.nflow.engine.service.WorkflowDefinitionServiceTest
Running io.nflow.engine.service.WorkflowInstanceServiceTest
Tests run: 9, Failures: 0, Errors: 0, Skipped: 0, Time elapsed: 0.037 sec - in io.nflow.engine.service.WorkflowInstanceServiceTest
Running io.nflow.engine.service.ArchiveServiceTest
Tests run: 3, Failures: 0, Errors: 0, Skipped: 0, Time elapsed: 0.015 sec - in io.nflow.engine.service.ArchiveServiceTest
Running io.nflow.engine.service.WorkflowDefinitionServiceWithSpringTest
Tests run: 1, Failures: 0, Errors: 0, Skipped: 0, Time elapsed: 0.182 sec - in io.nflow.engine.service.WorkflowDefinitionServiceWithSpringTest
Running io.nflow.engine.service.HealthCheckServiceTest
Tests run: 1, Failures: 0, Errors: 0, Skipped: 0, Time elapsed: 0 sec - in io.nflow.engine.service.HealthCheckServiceTest
Running io.nflow.engine.service.WorkflowExecutorServiceTest
Tests run: 1, Failures: 0, Errors: 0, Skipped: 0, Time elapsed: 0 sec - in io.nflow.engine.service.WorkflowExecutorServiceTest

Results :

Tests in error: 
  WorkflowInstanceDaoTest.fakePostgreSQLinsertWorkflowInstance:533->preparePostgreSQLDao:622 » NullPointer
  WorkflowInstanceDaoTest.fakePostgreSQLpollNextWorkflowInstances:605->preparePostgreSQLDao:622 » NullPointer
  WorkflowInstanceDaoTest.fakePostgreSQLupdateWorkflowInstance:490->preparePostgreSQLDao:622 » NullPointer

Tests run: 234, Failures: 0, Errors: 3, Skipped: 0

[INFO] ------------------------------------------------------------------------
[INFO] Reactor Summary:
[INFO] 
[INFO] nflow .............................................. SUCCESS [  0.510 s]
[INFO] nflow-engine ....................................... FAILURE [ 16.118 s]
[INFO] nflow-rest-api ..................................... SKIPPED
[INFO] nflow-jetty ........................................ SKIPPED
[INFO] nflow-metrics ...................................... SKIPPED
[INFO] nflow-tests ........................................ SKIPPED
[INFO] nflow-perf-test .................................... SKIPPED
[INFO] nflow-guice ........................................ SKIPPED
[INFO] ------------------------------------------------------------------------
[INFO] BUILD FAILURE
[INFO] ------------------------------------------------------------------------
[INFO] Total time: 17.798 s
[INFO] Finished at: 2017-02-01T11:55:41+00:00
[INFO] Final Memory: 23M/339M
[INFO] ------------------------------------------------------------------------
[ERROR] Failed to execute goal org.apache.maven.plugins:maven-surefire-plugin:2.19.1:test (default-test) on project nflow-engine: There are test failures.
[ERROR] 
[ERROR] Please refer to /home/travis/build/NitorCreations/nflow/nflow-engine/target/surefire-reports for the individual test results.
[ERROR] -> [Help 1]
[ERROR] 
[ERROR] To see the full stack trace of the errors, re-run Maven with the -e switch.
[ERROR] Re-run Maven using the -X switch to enable full debug logging.
[ERROR] 
[ERROR] For more information about the errors and possible solutions, please read the following articles:
[ERROR] [Help 1] http://cwiki.apache.org/confluence/display/MAVEN/MojoFailureException
[ERROR] 
[ERROR] After correcting the problems, you can resume the build with the command
[ERROR]   mvn <goals> -rf :nflow-engine

travis_time:end:13f5f2b5:start=1485950122131284960,finish=1485950141560850409,duration=19429565449[0K
[31;1mThe command "mvn test -B" exited with 1.[0m
travis_fold:start:cache.2[0Kstore build cache
travis_time:start:01c283b8[0K
travis_time:end:01c283b8:start=1485950141567175593,finish=1485950141571637321,duration=4461728[0Ktravis_time:start:0f781f0d[0K[32;1mchange detected (content changed, file is created, or file is deleted):
/home/travis/.m2/repository/io/nflow/nflow-engine/4.0.1-SNAPSHOT/maven-metadata-local.xml
/home/travis/.m2/repository/io/nflow/nflow-engine/4.0.1-SNAPSHOT/nflow-engine-4.0.1-SNAPSHOT.jar
/home/travis/.m2/repository/io/nflow/nflow-engine/4.0.1-SNAPSHOT/nflow-engine-4.0.1-SNAPSHOT-sources.jar
/home/travis/.m2/repository/io/nflow/nflow-engine/4.0.1-SNAPSHOT/_remote.repositories
/home/travis/.m2/repository/io/nflow/nflow-engine/maven-metadata-local.xml
/home/travis/.m2/repository/io/nflow/nflow-guice/4.0.1-SNAPSHOT/maven-metadata-local.xml
/home/travis/.m2/repository/io/nflow/nflow-guice/4.0.1-SNAPSHOT/nflow-guice-4.0.1-SNAPSHOT.jar
/home/travis/.m2/repository/io/nflow/nflow-guice/4.0.1-SNAPSHOT/nflow-guice-4.0.1-SNAPSHOT-sources.jar
/home/travis/.m2/repository/io/nflow/nflow-guice/4.0.1-SNAPSHOT/_remote.repositories
/home/travis/.m2/repository/io/nflow/nflow-guice/maven-metadata-local.xml
/home/travis/.m2/repository/io/nflow/nflow-jetty/4.0.1-SNAPSHOT/maven-metadata-local.xml
/home/travis/
[0m
[32;1m...
[0m
[32;1mchanges detected, packing new archive[0m
.
[32;1muploading archive[0m

travis_time:end:0f781f0d:start=1485950141577008917,finish=1485950152708025865,duration=11131016948[0Ktravis_fold:end:cache.2[0Ktravis_fold:start:after_script[0Ktravis_time:start:18b11114[0K$ for i in nflow-*/target/surefire-reports/*.txt; do echo ">>>>>>>>>>>>>>>>>>>"; echo $i; echo "<<<<<<<<<<<<<<<<<<<<<"; cat $i; done
>>>>>>>>>>>>>>>>>>>
nflow-engine/target/surefire-reports/io.nflow.engine.internal.config.EngineConfigurationTest.txt
<<<<<<<<<<<<<<<<<<<<<
-------------------------------------------------------------------------------
Test set: io.nflow.engine.internal.config.EngineConfigurationTest
-------------------------------------------------------------------------------
Tests run: 6, Failures: 0, Errors: 0, Skipped: 0, Time elapsed: 0.615 sec - in io.nflow.engine.internal.config.EngineConfigurationTest
>>>>>>>>>>>>>>>>>>>
nflow-engine/target/surefire-reports/io.nflow.engine.internal.config.PropertiesConfigurationTest.txt
<<<<<<<<<<<<<<<<<<<<<
-------------------------------------------------------------------------------
Test set: io.nflow.engine.internal.config.PropertiesConfigurationTest
-------------------------------------------------------------------------------
Tests run: 1, Failures: 0, Errors: 0, Skipped: 0, Time elapsed: 0 sec - in io.nflow.engine.internal.config.PropertiesConfigurationTest
>>>>>>>>>>>>>>>>>>>
nflow-engine/target/surefire-reports/io.nflow.engine.internal.config.WorkflowLifecycleTest.txt
<<<<<<<<<<<<<<<<<<<<<
-------------------------------------------------------------------------------
Test set: io.nflow.engine.internal.config.WorkflowLifecycleTest
-------------------------------------------------------------------------------
Tests run: 5, Failures: 0, Errors: 0, Skipped: 0, Time elapsed: 0.011 sec - in io.nflow.engine.internal.config.WorkflowLifecycleTest
>>>>>>>>>>>>>>>>>>>
nflow-engine/target/surefire-reports/io.nflow.engine.internal.dao.ArchiveDaoTest.txt
<<<<<<<<<<<<<<<<<<<<<
-------------------------------------------------------------------------------
Test set: io.nflow.engine.internal.dao.ArchiveDaoTest
-------------------------------------------------------------------------------
Tests run: 5, Failures: 0, Errors: 0, Skipped: 0, Time elapsed: 0.344 sec - in io.nflow.engine.internal.dao.ArchiveDaoTest
>>>>>>>>>>>>>>>>>>>
nflow-engine/target/surefire-reports/io.nflow.engine.internal.dao.DaoUtilTest.txt
<<<<<<<<<<<<<<<<<<<<<
-------------------------------------------------------------------------------
Test set: io.nflow.engine.internal.dao.DaoUtilTest
-------------------------------------------------------------------------------
Tests run: 2, Failures: 0, Errors: 0, Skipped: 0, Time elapsed: 0 sec - in io.nflow.engine.internal.dao.DaoUtilTest
>>>>>>>>>>>>>>>>>>>
nflow-engine/target/surefire-reports/io.nflow.engine.internal.dao.ExecutorDaoTest-output.txt
<<<<<<<<<<<<<<<<<<<<<
01.02.2017 11:55:38 INFO  [main] orage.db.DatabaseConfiguration - [user:] Database connection to h2 using jdbc:h2:mem:test;TRACE_LEVEL_FILE=4
01.02.2017 11:55:38 INFO  [main] storage.db.DatabaseInitializer - [user:] Creating database populator using script 'scripts/db/h2.create.ddl.sql'
01.02.2017 11:55:38 INFO  [main] storage.db.DatabaseInitializer - [user:] Database created.
01.02.2017 11:55:39 INFO  [main] ngine.internal.dao.ExecutorDao - [user:] Joining executor group junit
>>>>>>>>>>>>>>>>>>>
nflow-engine/target/surefire-reports/io.nflow.engine.internal.dao.ExecutorDaoTest.txt
<<<<<<<<<<<<<<<<<<<<<
-------------------------------------------------------------------------------
Test set: io.nflow.engine.internal.dao.ExecutorDaoTest
-------------------------------------------------------------------------------
Tests run: 3, Failures: 0, Errors: 0, Skipped: 0, Time elapsed: 0.321 sec - in io.nflow.engine.internal.dao.ExecutorDaoTest
>>>>>>>>>>>>>>>>>>>
nflow-engine/target/surefire-reports/io.nflow.engine.internal.dao.HealthCheckDaoTest.txt
<<<<<<<<<<<<<<<<<<<<<
-------------------------------------------------------------------------------
Test set: io.nflow.engine.internal.dao.HealthCheckDaoTest
-------------------------------------------------------------------------------
Tests run: 1, Failures: 0, Errors: 0, Skipped: 0, Time elapsed: 0.01 sec - in io.nflow.engine.internal.dao.HealthCheckDaoTest
>>>>>>>>>>>>>>>>>>>
nflow-engine/target/surefire-reports/io.nflow.engine.internal.dao.StatisticsDaoTest.txt
<<<<<<<<<<<<<<<<<<<<<
-------------------------------------------------------------------------------
Test set: io.nflow.engine.internal.dao.StatisticsDaoTest
-------------------------------------------------------------------------------
Tests run: 5, Failures: 0, Errors: 0, Skipped: 0, Time elapsed: 0.06 sec - in io.nflow.engine.internal.dao.StatisticsDaoTest
>>>>>>>>>>>>>>>>>>>
nflow-engine/target/surefire-reports/io.nflow.engine.internal.dao.TableMetadataCheckerTest-output.txt
<<<<<<<<<<<<<<<<<<<<<
01.02.2017 11:55:38 INFO  [main] orage.db.DatabaseConfiguration - [user:] Database connection to h2 using jdbc:h2:mem:test;TRACE_LEVEL_FILE=4
01.02.2017 11:55:38 INFO  [main] storage.db.DatabaseInitializer - [user:] Creating database populator using script 'scripts/db/h2.create.ddl.sql'
01.02.2017 11:55:38 INFO  [main] storage.db.DatabaseInitializer - [user:] Database created.
01.02.2017 11:55:38 INFO  [main] storage.db.DatabaseInitializer - [user:] Creating database populator using script 'scripts/db/metadata.create.ddl.sql'
01.02.2017 11:55:38 INFO  [main] storage.db.DatabaseInitializer - [user:] Database created.
>>>>>>>>>>>>>>>>>>>
nflow-engine/target/surefire-reports/io.nflow.engine.internal.dao.TableMetadataCheckerTest.txt
<<<<<<<<<<<<<<<<<<<<<
-------------------------------------------------------------------------------
Test set: io.nflow.engine.internal.dao.TableMetadataCheckerTest
-------------------------------------------------------------------------------
Tests run: 8, Failures: 0, Errors: 0, Skipped: 0, Time elapsed: 1.201 sec - in io.nflow.engine.internal.dao.TableMetadataCheckerTest
>>>>>>>>>>>>>>>>>>>
nflow-engine/target/surefire-reports/io.nflow.engine.internal.dao.WorkflowDefinitionDaoTest.txt
<<<<<<<<<<<<<<<<<<<<<
-------------------------------------------------------------------------------
Test set: io.nflow.engine.internal.dao.WorkflowDefinitionDaoTest
-------------------------------------------------------------------------------
Tests run: 4, Failures: 0, Errors: 0, Skipped: 0, Time elapsed: 0.323 sec - in io.nflow.engine.internal.dao.WorkflowDefinitionDaoTest
>>>>>>>>>>>>>>>>>>>
nflow-engine/target/surefire-reports/io.nflow.engine.internal.dao.WorkflowInstanceDaoTest-output.txt
<<<<<<<<<<<<<<<<<<<<<
io.nflow.engine.internal.dao.PollingRaceConditionException: Race condition in polling workflow instances detected. Multiple pollers using same name (junit)
01.02.2017 11:55:40 INFO  [main] ternal.dao.WorkflowInstanceDao - [user:] Forcing action creation because new workflow instances are created or state variables are changed.
01.02.2017 11:55:40 WARN  [main] ternal.dao.WorkflowInstanceDao - [user:] Failed to insert workflow instance
org.springframework.dao.DuplicateKeyException: PreparedStatementCallback; SQL []; Unique index or primary key violation: "NFLOW_WORKFLOW_UNIQ ON PUBLIC.NFLOW_WORKFLOW(TYPE, EXTERNAL_ID, EXECUTOR_GROUP) VALUES ('dummy', 'extId', 'junit', 160)"; SQL statement:
insert into nflow_workflow(type, root_workflow_id, parent_workflow_id, parent_action_id, business_key, external_id, executor_group, status, state, state_text, next_activation) values (?, ?, ?, ?, ?, ?, ?, ?, ?, ?, ?) [23505-192]; nested exception is org.h2.jdbc.JdbcSQLException: Unique index or primary key violation: "NFLOW_WORKFLOW_UNIQ ON PUBLIC.NFLOW_WORKFLOW(TYPE, EXTERNAL_ID, EXECUTOR_GROUP) VALUES ('dummy', 'extId', 'junit', 160)"; SQL statement:
insert into nflow_workflow(type, root_workflow_id, parent_workflow_id, parent_action_id, business_key, external_id, executor_group, status, state, state_text, next_activation) values (?, ?, ?, ?, ?, ?, ?, ?, ?, ?, ?) [23505-192]
	at org.springframework.jdbc.support.SQLErrorCodeSQLExceptionTranslator.doTranslate(SQLErrorCodeSQLExceptionTranslator.java:239)
	at org.springframework.jdbc.support.AbstractFallbackSQLExceptionTranslator.translate(AbstractFallbackSQLExceptionTranslator.java:73)
	at org.springframework.jdbc.core.JdbcTemplate.execute(JdbcTemplate.java:649)
	at org.springframework.jdbc.core.JdbcTemplate.update(JdbcTemplate.java:904)
	at io.nflow.engine.internal.dao.WorkflowInstanceDao$1.doInTransaction(WorkflowInstanceDao.java:196)
	at io.nflow.engine.internal.dao.WorkflowInstanceDao$1.doInTransaction(WorkflowInstanceDao.java:191)
	at org.springframework.transaction.support.TransactionTemplate.execute(TransactionTemplate.java:133)
	at io.nflow.engine.internal.dao.WorkflowInstanceDao.insertWorkflowInstanceWithTransaction(WorkflowInstanceDao.java:191)
	at io.nflow.engine.internal.dao.WorkflowInstanceDao.insertWorkflowInstance(WorkflowInstanceDao.java:148)
	at io.nflow.engine.internal.dao.WorkflowInstanceDao$3.doInTransactionWithoutResult(WorkflowInstanceDao.java:329)
	at org.springframework.transaction.support.TransactionCallbackWithoutResult.doInTransaction(TransactionCallbackWithoutResult.java:34)
	at org.springframework.transaction.support.TransactionTemplate.execute(TransactionTemplate.java:133)
	at io.nflow.engine.internal.dao.WorkflowInstanceDao.updateWorkflowInstanceWithTransaction(WorkflowInstanceDao.java:319)
	at io.nflow.engine.internal.dao.WorkflowInstanceDao.updateWorkflowInstanceAfterExecution(WorkflowInstanceDao.java:301)
	at io.nflow.engine.internal.dao.WorkflowInstanceDao$$FastClassBySpringCGLIB$$f1fc6e3.invoke(<generated>)
	at org.springframework.cglib.proxy.MethodProxy.invoke(MethodProxy.java:204)
	at org.springframework.aop.framework.CglibAopProxy$DynamicAdvisedInterceptor.intercept(CglibAopProxy.java:651)
	at io.nflow.engine.internal.dao.WorkflowInstanceDao$$EnhancerBySpringCGLIB$$b9ec9947.updateWorkflowInstanceAfterExecution(<generated>)
	at io.nflow.engine.internal.dao.WorkflowInstanceDaoTest.updateWorkflowInstanceWithChildWorkflowHavingExistinExternalIdWorks(WorkflowInstanceDaoTest.java:299)
	at sun.reflect.NativeMethodAccessorImpl.invoke0(Native Method)
	at sun.reflect.NativeMethodAccessorImpl.invoke(NativeMethodAccessorImpl.java:62)
	at sun.reflect.DelegatingMethodAccessorImpl.invoke(DelegatingMethodAccessorImpl.java:43)
	at java.lang.reflect.Method.invoke(Method.java:483)
	at org.junit.runners.model.FrameworkMethod$1.runReflectiveCall(FrameworkMethod.java:50)
	at org.junit.internal.runners.model.ReflectiveCallable.run(ReflectiveCallable.java:12)
	at org.junit.runners.model.FrameworkMethod.invokeExplosively(FrameworkMethod.java:47)
	at org.junit.internal.runners.statements.InvokeMethod.evaluate(InvokeMethod.java:17)
	at org.springframework.test.context.junit4.statements.RunBeforeTestMethodCallbacks.evaluate(RunBeforeTestMethodCallbacks.java:75)
	at org.junit.internal.runners.statements.RunAfters.evaluate(RunAfters.java:27)
	at org.springframework.test.context.junit4.statements.RunAfterTestMethodCallbacks.evaluate(RunAfterTestMethodCallbacks.java:86)
	at org.junit.rules.ExpectedException$ExpectedExceptionStatement.evaluate(ExpectedException.java:239)
	at org.junit.rules.RunRules.evaluate(RunRules.java:20)
	at org.springframework.test.context.junit4.statements.SpringRepeat.evaluate(SpringRepeat.java:84)
	at org.junit.runners.ParentRunner.runLeaf(ParentRunner.java:325)
	at org.springframework.test.context.junit4.SpringJUnit4ClassRunner.runChild(SpringJUnit4ClassRunner.java:252)
	at org.springframework.test.context.junit4.SpringJUnit4ClassRunner.runChild(SpringJUnit4ClassRunner.java:94)
	at org.junit.runners.ParentRunner$3.run(ParentRunner.java:290)
	at org.junit.runners.ParentRunner$1.schedule(ParentRunner.java:71)
	at org.junit.runners.ParentRunner.runChildren(ParentRunner.java:288)
	at org.junit.runners.ParentRunner.access$000(ParentRunner.java:58)
	at org.junit.runners.ParentRunner$2.evaluate(ParentRunner.java:268)
	at org.springframework.test.context.junit4.statements.RunBeforeTestClassCallbacks.evaluate(RunBeforeTestClassCallbacks.java:61)
	at org.springframework.test.context.junit4.statements.RunAfterTestClassCallbacks.evaluate(RunAfterTestClassCallbacks.java:70)
	at org.junit.runners.ParentRunner.run(ParentRunner.java:363)
	at org.springframework.test.context.junit4.SpringJUnit4ClassRunner.run(SpringJUnit4ClassRunner.java:191)
	at org.apache.maven.surefire.junit4.JUnit4Provider.execute(JUnit4Provider.java:367)
	at org.apache.maven.surefire.junit4.JUnit4Provider.executeWithRerun(JUnit4Provider.java:274)
	at org.apache.maven.surefire.junit4.JUnit4Provider.executeTestSet(JUnit4Provider.java:238)
	at org.apache.maven.surefire.junit4.JUnit4Provider.invoke(JUnit4Provider.java:161)
	at org.apache.maven.surefire.booter.ForkedBooter.invokeProviderInSameClassLoader(ForkedBooter.java:290)
	at org.apache.maven.surefire.booter.ForkedBooter.runSuitesInProcess(ForkedBooter.java:242)
	at org.apache.maven.surefire.booter.ForkedBooter.main(ForkedBooter.java:121)
Caused by: org.h2.jdbc.JdbcSQLException: Unique index or primary key violation: "NFLOW_WORKFLOW_UNIQ ON PUBLIC.NFLOW_WORKFLOW(TYPE, EXTERNAL_ID, EXECUTOR_GROUP) VALUES ('dummy', 'extId', 'junit', 160)"; SQL statement:
insert into nflow_workflow(type, root_workflow_id, parent_workflow_id, parent_action_id, business_key, external_id, executor_group, status, state, state_text, next_activation) values (?, ?, ?, ?, ?, ?, ?, ?, ?, ?, ?) [23505-192]
	at org.h2.message.DbException.getJdbcSQLException(DbException.java:345)
	at org.h2.message.DbException.get(DbException.java:179)
	at org.h2.message.DbException.get(DbException.java:155)
	at org.h2.index.BaseIndex.getDuplicateKeyException(BaseIndex.java:103)
	at org.h2.mvstore.db.MVSecondaryIndex.checkUnique(MVSecondaryIndex.java:231)
	at org.h2.mvstore.db.MVSecondaryIndex.add(MVSecondaryIndex.java:190)
	at org.h2.mvstore.db.MVTable.addRow(MVTable.java:704)
	at org.h2.command.dml.Insert.insertRows(Insert.java:156)
	at org.h2.command.dml.Insert.update(Insert.java:114)
	at org.h2.command.CommandContainer.update(CommandContainer.java:98)
	at org.h2.command.Command.executeUpdate(Command.java:258)
	at org.h2.jdbc.JdbcPreparedStatement.executeUpdateInternal(JdbcPreparedStatement.java:160)
	at org.h2.jdbc.JdbcPreparedStatement.executeUpdate(JdbcPreparedStatement.java:146)
	at com.zaxxer.hikari.proxy.PreparedStatementProxy.executeUpdate(PreparedStatementProxy.java:61)
	at com.zaxxer.hikari.proxy.HikariPreparedStatementProxy.executeUpdate(HikariPreparedStatementProxy.java)
	at org.springframework.jdbc.core.JdbcTemplate$3.doInPreparedStatement(JdbcTemplate.java:907)
	at org.springframework.jdbc.core.JdbcTemplate$3.doInPreparedStatement(JdbcTemplate.java:904)
	at org.springframework.jdbc.core.JdbcTemplate.execute(JdbcTemplate.java:633)
	... 49 common frames omitted
01.02.2017 11:55:40 INFO  [main] ternal.dao.WorkflowInstanceDao - [user:] Forcing action creation because new workflow instances are created or state variables are changed.
01.02.2017 11:55:40 INFO  [main] ternal.dao.WorkflowInstanceDao - [user:] Forcing action creation because new workflow instances are created or state variables are changed.
01.02.2017 11:55:40 INFO  [main] ternal.dao.WorkflowInstanceDao - [user:] Forcing action creation because new workflow instances are created or state variables are changed.
01.02.2017 11:55:40 INFO  [main] ternal.dao.WorkflowInstanceDao - [user:] Forcing action creation because new workflow instances are created or state variables are changed.
01.02.2017 11:55:40 INFO  [main] ternal.dao.WorkflowInstanceDao - [user:] Forcing action creation because new workflow instances are created or state variables are changed.
01.02.2017 11:55:40 INFO  [main] ternal.dao.WorkflowInstanceDao - [user:] Forcing action creation because new workflow instances are created or state variables are changed.
01.02.2017 11:55:40 INFO  [main] ternal.dao.WorkflowInstanceDao - [user:] Forcing action creation because new workflow instances are created or state variables are changed.
>>>>>>>>>>>>>>>>>>>
nflow-engine/target/surefire-reports/io.nflow.engine.internal.dao.WorkflowInstanceDaoTest.txt
<<<<<<<<<<<<<<<<<<<<<
-------------------------------------------------------------------------------
Test set: io.nflow.engine.internal.dao.WorkflowInstanceDaoTest
-------------------------------------------------------------------------------
Tests run: 35, Failures: 0, Errors: 3, Skipped: 0, Time elapsed: 0.61 sec <<< FAILURE! - in io.nflow.engine.internal.dao.WorkflowInstanceDaoTest
fakePostgreSQLinsertWorkflowInstance(io.nflow.engine.internal.dao.WorkflowInstanceDaoTest)  Time elapsed: 0.024 sec  <<< ERROR!
java.lang.NullPointerException
	at io.nflow.engine.internal.dao.WorkflowInstanceDaoTest.preparePostgreSQLDao(WorkflowInstanceDaoTest.java:622)
	at io.nflow.engine.internal.dao.WorkflowInstanceDaoTest.fakePostgreSQLinsertWorkflowInstance(WorkflowInstanceDaoTest.java:533)

fakePostgreSQLupdateWorkflowInstance(io.nflow.engine.internal.dao.WorkflowInstanceDaoTest)  Time elapsed: 0.004 sec  <<< ERROR!
java.lang.NullPointerException
	at io.nflow.engine.internal.dao.WorkflowInstanceDaoTest.preparePostgreSQLDao(WorkflowInstanceDaoTest.java:622)
	at io.nflow.engine.internal.dao.WorkflowInstanceDaoTest.fakePostgreSQLupdateWorkflowInstance(WorkflowInstanceDaoTest.java:490)

fakePostgreSQLpollNextWorkflowInstances(io.nflow.engine.internal.dao.WorkflowInstanceDaoTest)  Time elapsed: 0.003 sec  <<< ERROR!
java.lang.NullPointerException
	at io.nflow.engine.internal.dao.WorkflowInstanceDaoTest.preparePostgreSQLDao(WorkflowInstanceDaoTest.java:622)
	at io.nflow.engine.internal.dao.WorkflowInstanceDaoTest.fakePostgreSQLpollNextWorkflowInstances(WorkflowInstanceDaoTest.java:605)

>>>>>>>>>>>>>>>>>>>
nflow-engine/target/surefire-reports/io.nflow.engine.internal.executor.ThresholdBlockingQueueTest.txt
<<<<<<<<<<<<<<<<<<<<<
-------------------------------------------------------------------------------
Test set: io.nflow.engine.internal.executor.ThresholdBlockingQueueTest
-------------------------------------------------------------------------------
Tests run: 4, Failures: 0, Errors: 0, Skipped: 0, Time elapsed: 7.012 sec - in io.nflow.engine.internal.executor.ThresholdBlockingQueueTest
>>>>>>>>>>>>>>>>>>>
nflow-engine/target/surefire-reports/io.nflow.engine.internal.executor.WorkflowDispatcherTest-output.txt
<<<<<<<<<<<<<<<<<<<<<
01.02.2017 11:55:30 INFO  [thread Dispatcher] al.executor.WorkflowDispatcher - [user:] Starting.
01.02.2017 11:55:30 INFO  [thread Shutdown] al.executor.WorkflowDispatcher - [user:] Shutdown requested.
01.02.2017 11:55:30 INFO  [thread Shutdown] al.executor.WorkflowDispatcher - [user:] Shutdown interrupted.
01.02.2017 11:55:30 INFO  [thread Dispatcher] al.executor.WorkflowDispatcher - [user:] Shutdown finished.
01.02.2017 11:55:30 INFO  [thread Dispatcher] al.executor.WorkflowDispatcher - [user:] Starting.
01.02.2017 11:55:30 INFO  [thread Shutdown] al.executor.WorkflowDispatcher - [user:] Shutdown requested.
01.02.2017 11:55:30 INFO  [thread Dispatcher] al.executor.WorkflowDispatcher - [user:] Shutdown finished.
01.02.2017 11:55:30 INFO  [thread Dispatcher] al.executor.WorkflowDispatcher - [user:] Starting.
01.02.2017 11:55:30 INFO  [thread Shutdown] al.executor.WorkflowDispatcher - [user:] Shutdown requested.
01.02.2017 11:55:30 INFO  [thread Dispatcher] al.executor.WorkflowDispatcher - [user:] Shutdown finished.
01.02.2017 11:55:30 ERROR [thread Dispatcher] al.executor.WorkflowDispatcher - [user:] Error in shutting down thread pool.
java.lang.RuntimeException: Expected: exception on pool shutdown
	at io.nflow.engine.internal.executor.WorkflowDispatcher.shutdownPool(WorkflowDispatcher.java:104)
	at io.nflow.engine.internal.executor.WorkflowDispatcher.run(WorkflowDispatcher.java:84)
	at io.nflow.engine.internal.executor.WorkflowDispatcherTest$1ExceptionOnPoolShutdownIsNotPropagated.threadDispatcher(WorkflowDispatcherTest.java:237)
	at sun.reflect.NativeMethodAccessorImpl.invoke0(Native Method)
	at sun.reflect.NativeMethodAccessorImpl.invoke(NativeMethodAccessorImpl.java:62)
	at sun.reflect.DelegatingMethodAccessorImpl.invoke(DelegatingMethodAccessorImpl.java:43)
	at java.lang.reflect.Method.invoke(Method.java:483)
	at edu.umd.cs.mtc.TestFramework$2.run(TestFramework.java:592)
	at java.lang.Thread.run(Thread.java:745)
01.02.2017 11:55:30 INFO  [thread Dispatcher] al.executor.WorkflowDispatcher - [user:] Starting.
01.02.2017 11:55:30 INFO  [thread Shutdown] al.executor.WorkflowDispatcher - [user:] Shutdown requested.
01.02.2017 11:55:30 INFO  [thread Dispatcher] al.executor.WorkflowDispatcher - [user:] Shutdown finished.
01.02.2017 11:55:30 INFO  [main] al.executor.WorkflowDispatcher - [user:] Shutdown requested.
01.02.2017 11:55:30 INFO  [thread Dispatcher] al.executor.WorkflowDispatcher - [user:] Starting.
01.02.2017 11:55:30 INFO  [thread Shutdown] al.executor.WorkflowDispatcher - [user:] Shutdown requested.
01.02.2017 11:55:30 INFO  [thread Dispatcher] al.executor.WorkflowDispatcher - [user:] Shutdown finished.
01.02.2017 11:55:30 INFO  [thread Dispatcher] al.executor.WorkflowDispatcher - [user:] Starting.
01.02.2017 11:55:30 INFO  [thread Dispatcher] al.executor.WorkflowDispatcher - [user:] Shutdown finished.
01.02.2017 11:55:30 INFO  [thread Dispatcher] al.executor.WorkflowDispatcher - [user:] Starting.
01.02.2017 11:55:30 ERROR [thread Dispatcher] al.executor.WorkflowDispatcher - [user:] Exception in executing dispatcher - retrying after sleep period (Expected: exception during dispatcher execution)
java.lang.RuntimeException: Expected: exception during dispatcher execution
	at io.nflow.engine.internal.executor.WorkflowDispatcher.getNextInstanceIds(WorkflowDispatcher.java:125)
	at io.nflow.engine.internal.executor.WorkflowDispatcher.run(WorkflowDispatcher.java:72)
	at io.nflow.engine.internal.executor.WorkflowDispatcherTest$1ExceptionDuringDispatcherExecutionCausesRetry.threadDispatcher(WorkflowDispatcherTest.java:105)
	at sun.reflect.NativeMethodAccessorImpl.invoke0(Native Method)
	at sun.reflect.NativeMethodAccessorImpl.invoke(NativeMethodAccessorImpl.java:62)
	at sun.reflect.DelegatingMethodAccessorImpl.invoke(DelegatingMethodAccessorImpl.java:43)
	at java.lang.reflect.Method.invoke(Method.java:483)
	at edu.umd.cs.mtc.TestFramework$2.run(TestFramework.java:592)
	at java.lang.Thread.run(Thread.java:745)
01.02.2017 11:55:30 INFO  [thread Shutdown] al.executor.WorkflowDispatcher - [user:] Shutdown requested.
01.02.2017 11:55:30 INFO  [thread Dispatcher] al.executor.WorkflowDispatcher - [user:] Shutdown finished.
01.02.2017 11:55:30 INFO  [thread Dispatcher] al.executor.WorkflowDispatcher - [user:] Starting.
01.02.2017 11:55:30 WARN  [thread Dispatcher] al.executor.WorkflowDispatcher - [user:] 2 of 2 state processor threads are potentially stuck (processing longer than 60 seconds)
01.02.2017 11:55:30 INFO  [thread Shutdown] al.executor.WorkflowDispatcher - [user:] Shutdown requested.
01.02.2017 11:55:30 INFO  [thread Dispatcher] al.executor.WorkflowDispatcher - [user:] Shutdown finished.
>>>>>>>>>>>>>>>>>>>
nflow-engine/target/surefire-reports/io.nflow.engine.internal.executor.WorkflowDispatcherTest.txt
<<<<<<<<<<<<<<<<<<<<<
-------------------------------------------------------------------------------
Test set: io.nflow.engine.internal.executor.WorkflowDispatcherTest
-------------------------------------------------------------------------------
Tests run: 9, Failures: 0, Errors: 0, Skipped: 0, Time elapsed: 0.475 sec - in io.nflow.engine.internal.executor.WorkflowDispatcherTest
>>>>>>>>>>>>>>>>>>>
nflow-engine/target/surefire-reports/io.nflow.engine.internal.executor.WorkflowInstanceExecutorTest.txt
<<<<<<<<<<<<<<<<<<<<<
-------------------------------------------------------------------------------
Test set: io.nflow.engine.internal.executor.WorkflowInstanceExecutorTest
-------------------------------------------------------------------------------
Tests run: 5, Failures: 0, Errors: 0, Skipped: 0, Time elapsed: 0.006 sec - in io.nflow.engine.internal.executor.WorkflowInstanceExecutorTest
>>>>>>>>>>>>>>>>>>>
nflow-engine/target/surefire-reports/io.nflow.engine.internal.executor.WorkflowStateProcessorFactoryTest.txt
<<<<<<<<<<<<<<<<<<<<<
-------------------------------------------------------------------------------
Test set: io.nflow.engine.internal.executor.WorkflowStateProcessorFactoryTest
-------------------------------------------------------------------------------
Tests run: 3, Failures: 0, Errors: 0, Skipped: 0, Time elapsed: 0.016 sec - in io.nflow.engine.internal.executor.WorkflowStateProcessorFactoryTest
>>>>>>>>>>>>>>>>>>>
nflow-engine/target/surefire-reports/io.nflow.engine.internal.executor.WorkflowStateProcessorTest-output.txt
<<<<<<<<<<<<<<<<<<<<<
01.02.2017 11:55:29 WARN  [Time-limited test] xecutor.WorkflowStateProcessor - [user:] Workflow type test not configured to this nFlow instance - rescheduling workflow instance
01.02.2017 11:55:29 WARN  [Time-limited test] xecutor.WorkflowStateProcessor - [user:] Workflow state invalid not configured to workflow type simple-test - rescheduling workflow instance
01.02.2017 11:55:29 ERROR [Time-limited test] xecutor.WorkflowStateProcessor - [user:] Handler threw exception, trying again later.
java.lang.RuntimeException: test-fail
	at io.nflow.engine.internal.executor.WorkflowStateProcessorTest$FailingTestWorkflow.start(WorkflowStateProcessorTest.java:916)
	at sun.reflect.NativeMethodAccessorImpl.invoke0(Native Method)
	at sun.reflect.NativeMethodAccessorImpl.invoke(NativeMethodAccessorImpl.java:62)
	at sun.reflect.DelegatingMethodAccessorImpl.invoke(DelegatingMethodAccessorImpl.java:43)
	at java.lang.reflect.Method.invoke(Method.java:483)
	at org.springframework.util.ReflectionUtils.invokeMethod(ReflectionUtils.java:216)
	at io.nflow.engine.internal.executor.WorkflowStateProcessor$NormalStateHandler.getNextAction(WorkflowStateProcessor.java:315)
	at io.nflow.engine.internal.executor.WorkflowStateProcessor$StateHandler.processState(WorkflowStateProcessor.java:364)
	at io.nflow.engine.internal.executor.WorkflowStateProcessor$ProcessingExecutorListener.process(WorkflowStateProcessor.java:301)
	at io.nflow.engine.internal.executor.WorkflowStateProcessor$ExecutorListenerChain.next(WorkflowStateProcessor.java:281)
	at io.nflow.engine.internal.executor.WorkflowStateProcessorTest$2.answer(WorkflowStateProcessorTest.java:375)
	at org.mockito.internal.stubbing.StubbedInvocationMatcher.answer(StubbedInvocationMatcher.java:34)
	at org.mockito.internal.handler.MockHandlerImpl.handle(MockHandlerImpl.java:91)
	at org.mockito.internal.handler.NullResultGuardian.handle(NullResultGuardian.java:29)
	at org.mockito.internal.handler.InvocationNotifierHandler.handle(InvocationNotifierHandler.java:38)
	at org.mockito.internal.creation.cglib.MethodInterceptorFilter.intercept(MethodInterceptorFilter.java:59)
	at io.nflow.engine.listener.WorkflowExecutorListener$$EnhancerByMockitoWithCGLIB$$a85137b6.process(<generated>)
	at io.nflow.engine.internal.executor.WorkflowStateProcessor$ExecutorListenerChain.next(WorkflowStateProcessor.java:281)
	at io.nflow.engine.internal.executor.WorkflowStateProcessorTest$2.answer(WorkflowStateProcessorTest.java:375)
	at org.mockito.internal.stubbing.StubbedInvocationMatcher.answer(StubbedInvocationMatcher.java:34)
	at org.mockito.internal.handler.MockHandlerImpl.handle(MockHandlerImpl.java:91)
	at org.mockito.internal.handler.NullResultGuardian.handle(NullResultGuardian.java:29)
	at org.mockito.internal.handler.InvocationNotifierHandler.handle(InvocationNotifierHandler.java:38)
	at org.mockito.internal.creation.cglib.MethodInterceptorFilter.intercept(MethodInterceptorFilter.java:59)
	at io.nflow.engine.listener.WorkflowExecutorListener$$EnhancerByMockitoWithCGLIB$$a85137b6.process(<generated>)
	at io.nflow.engine.internal.executor.WorkflowStateProcessor$ExecutorListenerChain.next(WorkflowStateProcessor.java:281)
	at io.nflow.engine.internal.executor.WorkflowStateProcessor.processWithListeners(WorkflowStateProcessor.java:263)
	at io.nflow.engine.internal.executor.WorkflowStateProcessor.runImpl(WorkflowStateProcessor.java:132)
	at io.nflow.engine.internal.executor.WorkflowStateProcessor.run(WorkflowStateProcessor.java:97)
	at io.nflow.engine.internal.executor.WorkflowStateProcessorTest.runWorkflowThroughToFailureState(WorkflowStateProcessorTest.java:204)
	at sun.reflect.NativeMethodAccessorImpl.invoke0(Native Method)
	at sun.reflect.NativeMethodAccessorImpl.invoke(NativeMethodAccessorImpl.java:62)
	at sun.reflect.DelegatingMethodAccessorImpl.invoke(DelegatingMethodAccessorImpl.java:43)
	at java.lang.reflect.Method.invoke(Method.java:483)
	at org.junit.runners.model.FrameworkMethod$1.runReflectiveCall(FrameworkMethod.java:50)
	at org.junit.internal.runners.model.ReflectiveCallable.run(ReflectiveCallable.java:12)
	at org.junit.runners.model.FrameworkMethod.invokeExplosively(FrameworkMethod.java:47)
	at org.junit.internal.runners.statements.InvokeMethod.evaluate(InvokeMethod.java:17)
	at org.junit.internal.runners.statements.RunBefores.evaluate(RunBefores.java:26)
	at org.junit.internal.runners.statements.RunAfters.evaluate(RunAfters.java:27)
	at org.junit.internal.runners.statements.FailOnTimeout$CallableStatement.call(FailOnTimeout.java:298)
	at org.junit.internal.runners.statements.FailOnTimeout$CallableStatement.call(FailOnTimeout.java:292)
	at java.util.concurrent.FutureTask.run(FutureTask.java:266)
	at java.lang.Thread.run(Thread.java:745)
01.02.2017 11:55:29 ERROR [Time-limited test] xecutor.WorkflowStateProcessor - [user:] Handler threw exception, trying again later.
java.lang.RuntimeException: test-fail
	at io.nflow.engine.internal.executor.WorkflowStateProcessorTest$FailingTestWorkflow.start(WorkflowStateProcessorTest.java:916)
	at sun.reflect.NativeMethodAccessorImpl.invoke0(Native Method)
	at sun.reflect.NativeMethodAccessorImpl.invoke(NativeMethodAccessorImpl.java:62)
	at sun.reflect.DelegatingMethodAccessorImpl.invoke(DelegatingMethodAccessorImpl.java:43)
	at java.lang.reflect.Method.invoke(Method.java:483)
	at org.springframework.util.ReflectionUtils.invokeMethod(ReflectionUtils.java:216)
	at io.nflow.engine.internal.executor.WorkflowStateProcessor$NormalStateHandler.getNextAction(WorkflowStateProcessor.java:315)
	at io.nflow.engine.internal.executor.WorkflowStateProcessor$StateHandler.processState(WorkflowStateProcessor.java:364)
	at io.nflow.engine.internal.executor.WorkflowStateProcessor$ProcessingExecutorListener.process(WorkflowStateProcessor.java:301)
	at io.nflow.engine.internal.executor.WorkflowStateProcessor$ExecutorListenerChain.next(WorkflowStateProcessor.java:281)
	at io.nflow.engine.internal.executor.WorkflowStateProcessorTest$2.answer(WorkflowStateProcessorTest.java:375)
	at org.mockito.internal.stubbing.StubbedInvocationMatcher.answer(StubbedInvocationMatcher.java:34)
	at org.mockito.internal.handler.MockHandlerImpl.handle(MockHandlerImpl.java:91)
	at org.mockito.internal.handler.NullResultGuardian.handle(NullResultGuardian.java:29)
	at org.mockito.internal.handler.InvocationNotifierHandler.handle(InvocationNotifierHandler.java:38)
	at org.mockito.internal.creation.cglib.MethodInterceptorFilter.intercept(MethodInterceptorFilter.java:59)
	at io.nflow.engine.listener.WorkflowExecutorListener$$EnhancerByMockitoWithCGLIB$$a85137b6.process(<generated>)
	at io.nflow.engine.internal.executor.WorkflowStateProcessor$ExecutorListenerChain.next(WorkflowStateProcessor.java:281)
	at io.nflow.engine.internal.executor.WorkflowStateProcessorTest$2.answer(WorkflowStateProcessorTest.java:375)
	at org.mockito.internal.stubbing.StubbedInvocationMatcher.answer(StubbedInvocationMatcher.java:34)
	at org.mockito.internal.handler.MockHandlerImpl.handle(MockHandlerImpl.java:91)
	at org.mockito.internal.handler.NullResultGuardian.handle(NullResultGuardian.java:29)
	at org.mockito.internal.handler.InvocationNotifierHandler.handle(InvocationNotifierHandler.java:38)
	at org.mockito.internal.creation.cglib.MethodInterceptorFilter.intercept(MethodInterceptorFilter.java:59)
	at io.nflow.engine.listener.WorkflowExecutorListener$$EnhancerByMockitoWithCGLIB$$a85137b6.process(<generated>)
	at io.nflow.engine.internal.executor.WorkflowStateProcessor$ExecutorListenerChain.next(WorkflowStateProcessor.java:281)
	at io.nflow.engine.internal.executor.WorkflowStateProcessor.processWithListeners(WorkflowStateProcessor.java:263)
	at io.nflow.engine.internal.executor.WorkflowStateProcessor.runImpl(WorkflowStateProcessor.java:132)
	at io.nflow.engine.internal.executor.WorkflowStateProcessor.run(WorkflowStateProcessor.java:97)
	at io.nflow.engine.internal.executor.WorkflowStateProcessorTest.failureListenersAreExecutedAfterFailure(WorkflowStateProcessorTest.java:636)
	at sun.reflect.NativeMethodAccessorImpl.invoke0(Native Method)
	at sun.reflect.NativeMethodAccessorImpl.invoke(NativeMethodAccessorImpl.java:62)
	at sun.reflect.DelegatingMethodAccessorImpl.invoke(DelegatingMethodAccessorImpl.java:43)
	at java.lang.reflect.Method.invoke(Method.java:483)
	at org.junit.runners.model.FrameworkMethod$1.runReflectiveCall(FrameworkMethod.java:50)
	at org.junit.internal.runners.model.ReflectiveCallable.run(ReflectiveCallable.java:12)
	at org.junit.runners.model.FrameworkMethod.invokeExplosively(FrameworkMethod.java:47)
	at org.junit.internal.runners.statements.InvokeMethod.evaluate(InvokeMethod.java:17)
	at org.junit.internal.runners.statements.RunBefores.evaluate(RunBefores.java:26)
	at org.junit.internal.runners.statements.RunAfters.evaluate(RunAfters.java:27)
	at org.junit.internal.runners.statements.FailOnTimeout$CallableStatement.call(FailOnTimeout.java:298)
	at org.junit.internal.runners.statements.FailOnTimeout$CallableStatement.call(FailOnTimeout.java:292)
	at java.util.concurrent.FutureTask.run(FutureTask.java:266)
	at java.lang.Thread.run(Thread.java:745)
01.02.2017 11:55:29 ERROR [Time-limited test] xecutor.WorkflowStateProcessor - [user:] State 'processReturnNullNextState' handler method failed to return valid next action, proceeding to error state 'error'
io.nflow.engine.internal.executor.InvalidNextActionException: Next state can not be null
	at io.nflow.engine.workflow.definition.NextAction.assertNotNull(NextAction.java:109)
	at io.nflow.engine.workflow.definition.NextAction.moveToState(NextAction.java:78)
	at io.nflow.engine.internal.executor.WorkflowStateProcessorTest$FailingTestWorkflow.processReturnNullNextState(WorkflowStateProcessorTest.java:932)
	at sun.reflect.NativeMethodAccessorImpl.invoke0(Native Method)
	at sun.reflect.NativeMethodAccessorImpl.invoke(NativeMethodAccessorImpl.java:62)
	at sun.reflect.DelegatingMethodAccessorImpl.invoke(DelegatingMethodAccessorImpl.java:43)
	at java.lang.reflect.Method.invoke(Method.java:483)
	at org.springframework.util.ReflectionUtils.invokeMethod(ReflectionUtils.java:216)
	at io.nflow.engine.internal.executor.WorkflowStateProcessor$NormalStateHandler.getNextAction(WorkflowStateProcessor.java:315)
	at io.nflow.engine.internal.executor.WorkflowStateProcessor$StateHandler.processState(WorkflowStateProcessor.java:364)
	at io.nflow.engine.internal.executor.WorkflowStateProcessor$ProcessingExecutorListener.process(WorkflowStateProcessor.java:301)
	at io.nflow.engine.internal.executor.WorkflowStateProcessor$ExecutorListenerChain.next(WorkflowStateProcessor.java:281)
	at io.nflow.engine.internal.executor.WorkflowStateProcessorTest$2.answer(WorkflowStateProcessorTest.java:375)
	at org.mockito.internal.stubbing.StubbedInvocationMatcher.answer(StubbedInvocationMatcher.java:34)
	at org.mockito.internal.handler.MockHandlerImpl.handle(MockHandlerImpl.java:91)
	at org.mockito.internal.handler.NullResultGuardian.handle(NullResultGuardian.java:29)
	at org.mockito.internal.handler.InvocationNotifierHandler.handle(InvocationNotifierHandler.java:38)
	at org.mockito.internal.creation.cglib.MethodInterceptorFilter.intercept(MethodInterceptorFilter.java:59)
	at io.nflow.engine.listener.WorkflowExecutorListener$$EnhancerByMockitoWithCGLIB$$a85137b6.process(<generated>)
	at io.nflow.engine.internal.executor.WorkflowStateProcessor$ExecutorListenerChain.next(WorkflowStateProcessor.java:281)
	at io.nflow.engine.internal.executor.WorkflowStateProcessorTest$2.answer(WorkflowStateProcessorTest.java:375)
	at org.mockito.internal.stubbing.StubbedInvocationMatcher.answer(StubbedInvocationMatcher.java:34)
	at org.mockito.internal.handler.MockHandlerImpl.handle(MockHandlerImpl.java:91)
	at org.mockito.internal.handler.NullResultGuardian.handle(NullResultGuardian.java:29)
	at org.mockito.internal.handler.InvocationNotifierHandler.handle(InvocationNotifierHandler.java:38)
	at org.mockito.internal.creation.cglib.MethodInterceptorFilter.intercept(MethodInterceptorFilter.java:59)
	at io.nflow.engine.listener.WorkflowExecutorListener$$EnhancerByMockitoWithCGLIB$$a85137b6.process(<generated>)
	at io.nflow.engine.internal.executor.WorkflowStateProcessor$ExecutorListenerChain.next(WorkflowStateProcessor.java:281)
	at io.nflow.engine.internal.executor.WorkflowStateProcessor.processWithListeners(WorkflowStateProcessor.java:263)
	at io.nflow.engine.internal.executor.WorkflowStateProcessor.runImpl(WorkflowStateProcessor.java:132)
	at io.nflow.engine.internal.executor.WorkflowStateProcessor.run(WorkflowStateProcessor.java:97)
	at io.nflow.engine.internal.executor.WorkflowStateProcessorTest.goToErrorStateWhenNextStateIsNull(WorkflowStateProcessorTest.java:385)
	at sun.reflect.NativeMethodAccessorImpl.invoke0(Native Method)
	at sun.reflect.NativeMethodAccessorImpl.invoke(NativeMethodAccessorImpl.java:62)
	at sun.reflect.DelegatingMethodAccessorImpl.invoke(DelegatingMethodAccessorImpl.java:43)
	at java.lang.reflect.Method.invoke(Method.java:483)
	at org.junit.runners.model.FrameworkMethod$1.runReflectiveCall(FrameworkMethod.java:50)
	at org.junit.internal.runners.model.ReflectiveCallable.run(ReflectiveCallable.java:12)
	at org.junit.runners.model.FrameworkMethod.invokeExplosively(FrameworkMethod.java:47)
	at org.junit.internal.runners.statements.InvokeMethod.evaluate(InvokeMethod.java:17)
	at org.junit.internal.runners.statements.RunBefores.evaluate(RunBefores.java:26)
	at org.junit.internal.runners.statements.RunAfters.evaluate(RunAfters.java:27)
	at org.junit.internal.runners.statements.FailOnTimeout$CallableStatement.call(FailOnTimeout.java:298)
	at org.junit.internal.runners.statements.FailOnTimeout$CallableStatement.call(FailOnTimeout.java:292)
	at java.util.concurrent.FutureTask.run(FutureTask.java:266)
	at java.lang.Thread.run(Thread.java:745)
01.02.2017 11:55:29 INFO  [Time-limited test] xecutor.WorkflowStateProcessor - [user:] Woke up parent workflow instance 999
01.02.2017 11:55:29 ERROR [Time-limited test] xecutor.WorkflowStateProcessor - [user:] Error in io.nflow.engine.listener.WorkflowExecutorListener$$EnhancerByMockitoWithCGLIB$$a85137b6.beforeProcessing (null)
java.lang.RuntimeException: null
01.02.2017 11:55:29 ERROR [Time-limited test] xecutor.WorkflowStateProcessor - [user:] Error in io.nflow.engine.listener.WorkflowExecutorListener$$EnhancerByMockitoWithCGLIB$$a85137b6.afterProcessing (null)
java.lang.RuntimeException: null
01.02.2017 11:55:29 WARN  [Time-limited test] xecutor.WorkflowStateProcessor - [user:] State transition from 'illegalStateChange' to 'start' is not allowed by workflow definition.
01.02.2017 11:55:29 ERROR [Time-limited test] xecutor.WorkflowStateProcessor - [user:] Handler threw exception, trying again later.
java.lang.RuntimeException: test-fail
	at io.nflow.engine.internal.executor.WorkflowStateProcessorTest$FailingTestWorkflow.start(WorkflowStateProcessorTest.java:916)
	at sun.reflect.NativeMethodAccessorImpl.invoke0(Native Method)
	at sun.reflect.NativeMethodAccessorImpl.invoke(NativeMethodAccessorImpl.java:62)
	at sun.reflect.DelegatingMethodAccessorImpl.invoke(DelegatingMethodAccessorImpl.java:43)
	at java.lang.reflect.Method.invoke(Method.java:483)
	at org.springframework.util.ReflectionUtils.invokeMethod(ReflectionUtils.java:216)
	at io.nflow.engine.internal.executor.WorkflowStateProcessor$NormalStateHandler.getNextAction(WorkflowStateProcessor.java:315)
	at io.nflow.engine.internal.executor.WorkflowStateProcessor$StateHandler.processState(WorkflowStateProcessor.java:364)
	at io.nflow.engine.internal.executor.WorkflowStateProcessor$ProcessingExecutorListener.process(WorkflowStateProcessor.java:301)
	at io.nflow.engine.internal.executor.WorkflowStateProcessor$ExecutorListenerChain.next(WorkflowStateProcessor.java:281)
	at io.nflow.engine.internal.executor.WorkflowStateProcessorTest$2.answer(WorkflowStateProcessorTest.java:375)
	at org.mockito.internal.stubbing.StubbedInvocationMatcher.answer(StubbedInvocationMatcher.java:34)
	at org.mockito.internal.handler.MockHandlerImpl.handle(MockHandlerImpl.java:91)
	at org.mockito.internal.handler.NullResultGuardian.handle(NullResultGuardian.java:29)
	at org.mockito.internal.handler.InvocationNotifierHandler.handle(InvocationNotifierHandler.java:38)
	at org.mockito.internal.creation.cglib.MethodInterceptorFilter.intercept(MethodInterceptorFilter.java:59)
	at io.nflow.engine.listener.WorkflowExecutorListener$$EnhancerByMockitoWithCGLIB$$a85137b6.process(<generated>)
	at io.nflow.engine.internal.executor.WorkflowStateProcessor$ExecutorListenerChain.next(WorkflowStateProcessor.java:281)
	at io.nflow.engine.internal.executor.WorkflowStateProcessorTest$2.answer(WorkflowStateProcessorTest.java:375)
	at org.mockito.internal.stubbing.StubbedInvocationMatcher.answer(StubbedInvocationMatcher.java:34)
	at org.mockito.internal.handler.MockHandlerImpl.handle(MockHandlerImpl.java:91)
	at org.mockito.internal.handler.NullResultGuardian.handle(NullResultGuardian.java:29)
	at org.mockito.internal.handler.InvocationNotifierHandler.handle(InvocationNotifierHandler.java:38)
	at org.mockito.internal.creation.cglib.MethodInterceptorFilter.intercept(MethodInterceptorFilter.java:59)
	at io.nflow.engine.listener.WorkflowExecutorListener$$EnhancerByMockitoWithCGLIB$$a85137b6.process(<generated>)
	at io.nflow.engine.internal.executor.WorkflowStateProcessor$ExecutorListenerChain.next(WorkflowStateProcessor.java:281)
	at io.nflow.engine.internal.executor.WorkflowStateProcessor.processWithListeners(WorkflowStateProcessor.java:263)
	at io.nflow.engine.internal.executor.WorkflowStateProcessor.runImpl(WorkflowStateProcessor.java:132)
	at io.nflow.engine.internal.executor.WorkflowStateProcessor.run(WorkflowStateProcessor.java:97)
	at io.nflow.engine.internal.executor.WorkflowStateProcessorTest.runWorkflowThroughOneFailedState(WorkflowStateProcessorTest.java:191)
	at sun.reflect.NativeMethodAccessorImpl.invoke0(Native Method)
	at sun.reflect.NativeMethodAccessorImpl.invoke(NativeMethodAccessorImpl.java:62)
	at sun.reflect.DelegatingMethodAccessorImpl.invoke(DelegatingMethodAccessorImpl.java:43)
	at java.lang.reflect.Method.invoke(Method.java:483)
	at org.junit.runners.model.FrameworkMethod$1.runReflectiveCall(FrameworkMethod.java:50)
	at org.junit.internal.runners.model.ReflectiveCallable.run(ReflectiveCallable.java:12)
	at org.junit.runners.model.FrameworkMethod.invokeExplosively(FrameworkMethod.java:47)
	at org.junit.internal.runners.statements.InvokeMethod.evaluate(InvokeMethod.java:17)
	at org.junit.internal.runners.statements.RunBefores.evaluate(RunBefores.java:26)
	at org.junit.internal.runners.statements.RunAfters.evaluate(RunAfters.java:27)
	at org.junit.internal.runners.statements.FailOnTimeout$CallableStatement.call(FailOnTimeout.java:298)
	at org.junit.internal.runners.statements.FailOnTimeout$CallableStatement.call(FailOnTimeout.java:292)
	at java.util.concurrent.FutureTask.run(FutureTask.java:266)
	at java.lang.Thread.run(Thread.java:745)
01.02.2017 11:55:29 WARN  [Time-limited test] al.workflow.StateExecutionImpl - [user:] wakeUpParentWorkflow called on non-child workflow
01.02.2017 11:55:29 ERROR [Time-limited test] xecutor.WorkflowStateProcessor - [user:] State 'illegalStateChange' is not a state of 'failing' workflow definition, proceeding to error state 'error'
01.02.2017 11:55:29 ERROR [Time-limited test] xecutor.WorkflowStateProcessor - [user:] Handler threw exception, trying again later.
java.lang.RuntimeException: test-fail
	at io.nflow.engine.internal.executor.WorkflowStateProcessorTest$FailingTestWorkflow.start(WorkflowStateProcessorTest.java:916)
	at sun.reflect.NativeMethodAccessorImpl.invoke0(Native Method)
	at sun.reflect.NativeMethodAccessorImpl.invoke(NativeMethodAccessorImpl.java:62)
	at sun.reflect.DelegatingMethodAccessorImpl.invoke(DelegatingMethodAccessorImpl.java:43)
	at java.lang.reflect.Method.invoke(Method.java:483)
	at org.springframework.util.ReflectionUtils.invokeMethod(ReflectionUtils.java:216)
	at io.nflow.engine.internal.executor.WorkflowStateProcessor$NormalStateHandler.getNextAction(WorkflowStateProcessor.java:315)
	at io.nflow.engine.internal.executor.WorkflowStateProcessor$StateHandler.processState(WorkflowStateProcessor.java:364)
	at io.nflow.engine.internal.executor.WorkflowStateProcessor$ProcessingExecutorListener.process(WorkflowStateProcessor.java:301)
	at io.nflow.engine.internal.executor.WorkflowStateProcessor$ExecutorListenerChain.next(WorkflowStateProcessor.java:281)
	at io.nflow.engine.internal.executor.WorkflowStateProcessorTest$2.answer(WorkflowStateProcessorTest.java:375)
	at org.mockito.internal.stubbing.StubbedInvocationMatcher.answer(StubbedInvocationMatcher.java:34)
	at org.mockito.internal.handler.MockHandlerImpl.handle(MockHandlerImpl.java:91)
	at org.mockito.internal.handler.NullResultGuardian.handle(NullResultGuardian.java:29)
	at org.mockito.internal.handler.InvocationNotifierHandler.handle(InvocationNotifierHandler.java:38)
	at org.mockito.internal.creation.cglib.MethodInterceptorFilter.intercept(MethodInterceptorFilter.java:59)
	at io.nflow.engine.listener.WorkflowExecutorListener$$EnhancerByMockitoWithCGLIB$$a85137b6.process(<generated>)
	at io.nflow.engine.internal.executor.WorkflowStateProcessor$ExecutorListenerChain.next(WorkflowStateProcessor.java:281)
	at io.nflow.engine.internal.executor.WorkflowStateProcessorTest$2.answer(WorkflowStateProcessorTest.java:375)
	at org.mockito.internal.stubbing.StubbedInvocationMatcher.answer(StubbedInvocationMatcher.java:34)
	at org.mockito.internal.handler.MockHandlerImpl.handle(MockHandlerImpl.java:91)
	at org.mockito.internal.handler.NullResultGuardian.handle(NullResultGuardian.java:29)
	at org.mockito.internal.handler.InvocationNotifierHandler.handle(InvocationNotifierHandler.java:38)
	at org.mockito.internal.creation.cglib.MethodInterceptorFilter.intercept(MethodInterceptorFilter.java:59)
	at io.nflow.engine.listener.WorkflowExecutorListener$$EnhancerByMockitoWithCGLIB$$a85137b6.process(<generated>)
	at io.nflow.engine.internal.executor.WorkflowStateProcessor$ExecutorListenerChain.next(WorkflowStateProcessor.java:281)
	at io.nflow.engine.internal.executor.WorkflowStateProcessor.processWithListeners(WorkflowStateProcessor.java:263)
	at io.nflow.engine.internal.executor.WorkflowStateProcessor.runImpl(WorkflowStateProcessor.java:132)
	at io.nflow.engine.internal.executor.WorkflowStateProcessor.run(WorkflowStateProcessor.java:97)
	at io.nflow.engine.internal.executor.WorkflowStateProcessorTest.continueProcessingWhenAfterFailureListenerThrowsException(WorkflowStateProcessorTest.java:490)
	at sun.reflect.NativeMethodAccessorImpl.invoke0(Native Method)
	at sun.reflect.NativeMethodAccessorImpl.invoke(NativeMethodAccessorImpl.java:62)
	at sun.reflect.DelegatingMethodAccessorImpl.invoke(DelegatingMethodAccessorImpl.java:43)
	at java.lang.reflect.Method.invoke(Method.java:483)
	at org.junit.runners.model.FrameworkMethod$1.runReflectiveCall(FrameworkMethod.java:50)
	at org.junit.internal.runners.model.ReflectiveCallable.run(ReflectiveCallable.java:12)
	at org.junit.runners.model.FrameworkMethod.invokeExplosively(FrameworkMethod.java:47)
	at org.junit.internal.runners.statements.InvokeMethod.evaluate(InvokeMethod.java:17)
	at org.junit.internal.runners.statements.RunBefores.evaluate(RunBefores.java:26)
	at org.junit.internal.runners.statements.RunAfters.evaluate(RunAfters.java:27)
	at org.junit.internal.runners.statements.FailOnTimeout$CallableStatement.call(FailOnTimeout.java:298)
	at org.junit.internal.runners.statements.FailOnTimeout$CallableStatement.call(FailOnTimeout.java:292)
	at java.util.concurrent.FutureTask.run(FutureTask.java:266)
	at java.lang.Thread.run(Thread.java:745)
01.02.2017 11:55:29 ERROR [Time-limited test] xecutor.WorkflowStateProcessor - [user:] Error in io.nflow.engine.listener.WorkflowExecutorListener$$EnhancerByMockitoWithCGLIB$$a85137b6.afterFailure (null)
java.lang.RuntimeException: null
01.02.2017 11:55:29 INFO  [Time-limited test] xecutor.WorkflowStateProcessor - [user:] Did not woke up parent workflow instance 999
01.02.2017 11:55:30 ERROR [Time-limited test] xecutor.WorkflowStateProcessor - [user:] State 'processReturnNull' handler method returned null, proceeding to error state 'error'
01.02.2017 11:55:30 WARN  [Time-limited test] xecutor.WorkflowStateProcessor - [user:] State transition from 'illegalStateChange' to 'start' is not allowed by workflow definition.
Executing error state
>>>>>>>>>>>>>>>>>>>
nflow-engine/target/surefire-reports/io.nflow.engine.internal.executor.WorkflowStateProcessorTest.txt
<<<<<<<<<<<<<<<<<<<<<
-------------------------------------------------------------------------------
Test set: io.nflow.engine.internal.executor.WorkflowStateProcessorTest
-------------------------------------------------------------------------------
Tests run: 35, Failures: 0, Errors: 0, Skipped: 0, Time elapsed: 0.498 sec - in io.nflow.engine.internal.executor.WorkflowStateProcessorTest
>>>>>>>>>>>>>>>>>>>
nflow-engine/target/surefire-reports/io.nflow.engine.internal.storage.db.DatabaseInitializerTest-output.txt
<<<<<<<<<<<<<<<<<<<<<
01.02.2017 11:55:40 INFO  [main] storage.db.DatabaseInitializer - [user:] Creating database populator using script 'scripts/db/fails.create.ddl.sql'
01.02.2017 11:55:40 ERROR [main] h2database                     - [user:] jdbc[3] exception
org.h2.jdbc.JdbcSQLException: Table "FOO" already exists; SQL statement:
create table foo [42101-192]
	at org.h2.message.DbException.getJdbcSQLException(DbException.java:345)
	at org.h2.message.DbException.get(DbException.java:179)
	at org.h2.message.DbException.get(DbException.java:155)
	at org.h2.command.ddl.CreateTable.update(CreateTable.java:115)
	at org.h2.command.CommandContainer.update(CommandContainer.java:98)
	at org.h2.command.Command.executeUpdate(Command.java:258)
	at org.h2.jdbc.JdbcStatement.executeInternal(JdbcStatement.java:184)
	at org.h2.jdbc.JdbcStatement.execute(JdbcStatement.java:158)
	at com.zaxxer.hikari.proxy.StatementProxy.execute(StatementProxy.java:83)
	at com.zaxxer.hikari.proxy.HikariStatementProxy.execute(HikariStatementProxy.java)
	at org.springframework.jdbc.datasource.init.ScriptUtils.executeSqlScript(ScriptUtils.java:473)
	at org.springframework.jdbc.datasource.init.ResourceDatabasePopulator.populate(ResourceDatabasePopulator.java:231)
	at org.springframework.jdbc.datasource.init.DatabasePopulatorUtils.execute(DatabasePopulatorUtils.java:48)
	at io.nflow.engine.internal.storage.db.DatabaseInitializer.populate(DatabaseInitializer.java:31)
	at io.nflow.engine.internal.storage.db.DatabaseInitializer.<init>(DatabaseInitializer.java:26)
	at io.nflow.engine.internal.storage.db.DatabaseInitializerTest.databaseCreationDoesNotThrowExceptionWhenDatabaseIsAlreadyCreated(DatabaseInitializerTest.java:41)
	at sun.reflect.NativeMethodAccessorImpl.invoke0(Native Method)
	at sun.reflect.NativeMethodAccessorImpl.invoke(NativeMethodAccessorImpl.java:62)
	at sun.reflect.DelegatingMethodAccessorImpl.invoke(DelegatingMethodAccessorImpl.java:43)
	at java.lang.reflect.Method.invoke(Method.java:483)
	at org.junit.runners.model.FrameworkMethod$1.runReflectiveCall(FrameworkMethod.java:50)
	at org.junit.internal.runners.model.ReflectiveCallable.run(ReflectiveCallable.java:12)
	at org.junit.runners.model.FrameworkMethod.invokeExplosively(FrameworkMethod.java:47)
	at org.junit.internal.runners.statements.InvokeMethod.evaluate(InvokeMethod.java:17)
	at org.springframework.test.context.junit4.statements.RunBeforeTestMethodCallbacks.evaluate(RunBeforeTestMethodCallbacks.java:75)
	at org.springframework.test.context.junit4.statements.RunAfterTestMethodCallbacks.evaluate(RunAfterTestMethodCallbacks.java:86)
	at org.junit.rules.ExpectedException$ExpectedExceptionStatement.evaluate(ExpectedException.java:239)
	at org.junit.rules.RunRules.evaluate(RunRules.java:20)
	at org.springframework.test.context.junit4.statements.SpringRepeat.evaluate(SpringRepeat.java:84)
	at org.junit.runners.ParentRunner.runLeaf(ParentRunner.java:325)
	at org.springframework.test.context.junit4.SpringJUnit4ClassRunner.runChild(SpringJUnit4ClassRunner.java:252)
	at org.springframework.test.context.junit4.SpringJUnit4ClassRunner.runChild(SpringJUnit4ClassRunner.java:94)
	at org.junit.runners.ParentRunner$3.run(ParentRunner.java:290)
	at org.junit.runners.ParentRunner$1.schedule(ParentRunner.java:71)
	at org.junit.runners.ParentRunner.runChildren(ParentRunner.java:288)
	at org.junit.runners.ParentRunner.access$000(ParentRunner.java:58)
	at org.junit.runners.ParentRunner$2.evaluate(ParentRunner.java:268)
	at org.springframework.test.context.junit4.statements.RunBeforeTestClassCallbacks.evaluate(RunBeforeTestClassCallbacks.java:61)
	at org.springframework.test.context.junit4.statements.RunAfterTestClassCallbacks.evaluate(RunAfterTestClassCallbacks.java:70)
	at org.junit.runners.ParentRunner.run(ParentRunner.java:363)
	at org.springframework.test.context.junit4.SpringJUnit4ClassRunner.run(SpringJUnit4ClassRunner.java:191)
	at org.apache.maven.surefire.junit4.JUnit4Provider.execute(JUnit4Provider.java:367)
	at org.apache.maven.surefire.junit4.JUnit4Provider.executeWithRerun(JUnit4Provider.java:274)
	at org.apache.maven.surefire.junit4.JUnit4Provider.executeTestSet(JUnit4Provider.java:238)
	at org.apache.maven.surefire.junit4.JUnit4Provider.invoke(JUnit4Provider.java:161)
	at org.apache.maven.surefire.booter.ForkedBooter.invokeProviderInSameClassLoader(ForkedBooter.java:290)
	at org.apache.maven.surefire.booter.ForkedBooter.runSuitesInProcess(ForkedBooter.java:242)
	at org.apache.maven.surefire.booter.ForkedBooter.main(ForkedBooter.java:121)
01.02.2017 11:55:40 WARN  [main] storage.db.DatabaseInitializer - [user:] Failed to create the database, possibly already created: Failed to execute SQL script statement #2 of class path resource [scripts/db/fails.create.ddl.sql]: create table foo; nested exception is org.h2.jdbc.JdbcSQLException: Table "FOO" already exists; SQL statement:
create table foo [42101-192]
>>>>>>>>>>>>>>>>>>>
nflow-engine/target/surefire-reports/io.nflow.engine.internal.storage.db.DatabaseInitializerTest.txt
<<<<<<<<<<<<<<<<<<<<<
-------------------------------------------------------------------------------
Test set: io.nflow.engine.internal.storage.db.DatabaseInitializerTest
-------------------------------------------------------------------------------
Tests run: 3, Failures: 0, Errors: 0, Skipped: 0, Time elapsed: 0.07 sec - in io.nflow.engine.internal.storage.db.DatabaseInitializerTest
>>>>>>>>>>>>>>>>>>>
nflow-engine/target/surefire-reports/io.nflow.engine.internal.util.PeriodicLoggerTest.txt
<<<<<<<<<<<<<<<<<<<<<
-------------------------------------------------------------------------------
Test set: io.nflow.engine.internal.util.PeriodicLoggerTest
-------------------------------------------------------------------------------
Tests run: 3, Failures: 0, Errors: 0, Skipped: 0, Time elapsed: 0.016 sec - in io.nflow.engine.internal.util.PeriodicLoggerTest
>>>>>>>>>>>>>>>>>>>
nflow-engine/target/surefire-reports/io.nflow.engine.internal.workflow.StateExecutionImplTest-output.txt
<<<<<<<<<<<<<<<<<<<<<
01.02.2017 11:55:29 WARN  [main] al.workflow.StateExecutionImpl - [user:] wakeUpParentWorkflow called on non-child workflow
>>>>>>>>>>>>>>>>>>>
nflow-engine/target/surefire-reports/io.nflow.engine.internal.workflow.StateExecutionImplTest.txt
<<<<<<<<<<<<<<<<<<<<<
-------------------------------------------------------------------------------
Test set: io.nflow.engine.internal.workflow.StateExecutionImplTest
-------------------------------------------------------------------------------
Tests run: 16, Failures: 0, Errors: 0, Skipped: 0, Time elapsed: 0.148 sec - in io.nflow.engine.internal.workflow.StateExecutionImplTest
>>>>>>>>>>>>>>>>>>>
nflow-engine/target/surefire-reports/io.nflow.engine.internal.workflow.WorkflowDefinitionScannerTest.txt
<<<<<<<<<<<<<<<<<<<<<
-------------------------------------------------------------------------------
Test set: io.nflow.engine.internal.workflow.WorkflowDefinitionScannerTest
-------------------------------------------------------------------------------
Tests run: 7, Failures: 0, Errors: 0, Skipped: 0, Time elapsed: 0.026 sec - in io.nflow.engine.internal.workflow.WorkflowDefinitionScannerTest
>>>>>>>>>>>>>>>>>>>
nflow-engine/target/surefire-reports/io.nflow.engine.service.ArchiveServiceTest-output.txt
<<<<<<<<<<<<<<<<<<<<<
01.02.2017 11:55:40 INFO  [main] .engine.service.ArchiveService - [user:] Archiving starting. Archiving passive workflows older than 2015-07-10T19:57:00.000Z, in batches of 10.
01.02.2017 11:55:40 INFO  [main] .engine.service.ArchiveService - [user:] Archived 10 workflows. Archiving about 1.0E7 workflows / second.
01.02.2017 11:55:40 INFO  [main] .engine.service.ArchiveService - [user:] Archiving finished. Archived 30 workflows in 0 seconds.
01.02.2017 11:55:40 INFO  [main] .engine.service.ArchiveService - [user:] Archiving starting. Archiving passive workflows older than 2015-07-10T19:57:00.000Z, in batches of 10.
01.02.2017 11:55:40 INFO  [main] .engine.service.ArchiveService - [user:] Archiving finished. Archived 0 workflows in 0 seconds.
>>>>>>>>>>>>>>>>>>>
nflow-engine/target/surefire-reports/io.nflow.engine.service.ArchiveServiceTest.txt
<<<<<<<<<<<<<<<<<<<<<
-------------------------------------------------------------------------------
Test set: io.nflow.engine.service.ArchiveServiceTest
-------------------------------------------------------------------------------
Tests run: 3, Failures: 0, Errors: 0, Skipped: 0, Time elapsed: 0.015 sec - in io.nflow.engine.service.ArchiveServiceTest
>>>>>>>>>>>>>>>>>>>
nflow-engine/target/surefire-reports/io.nflow.engine.service.HealthCheckServiceTest.txt
<<<<<<<<<<<<<<<<<<<<<
-------------------------------------------------------------------------------
Test set: io.nflow.engine.service.HealthCheckServiceTest
-------------------------------------------------------------------------------
Tests run: 1, Failures: 0, Errors: 0, Skipped: 0, Time elapsed: 0 sec - in io.nflow.engine.service.HealthCheckServiceTest
>>>>>>>>>>>>>>>>>>>
nflow-engine/target/surefire-reports/io.nflow.engine.service.StatisticsServiceTest.txt
<<<<<<<<<<<<<<<<<<<<<
-------------------------------------------------------------------------------
Test set: io.nflow.engine.service.StatisticsServiceTest
-------------------------------------------------------------------------------
Tests run: 2, Failures: 0, Errors: 0, Skipped: 0, Time elapsed: 0.013 sec - in io.nflow.engine.service.StatisticsServiceTest
>>>>>>>>>>>>>>>>>>>
nflow-engine/target/surefire-reports/io.nflow.engine.service.WorkflowDefinitionServiceTest-output.txt
<<<<<<<<<<<<<<<<<<<<<
01.02.2017 11:55:40 INFO  [main] vice.WorkflowDefinitionService - [user:] Preparing workflow io.nflow.engine.service.DummyTestWorkflow
01.02.2017 11:55:40 INFO  [main] vice.WorkflowDefinitionService - [user:] Added workflow type: dummy (io.nflow.engine.service.DummyTestWorkflow)
01.02.2017 11:55:40 INFO  [main] vice.WorkflowDefinitionService - [user:] Preparing workflow io.nflow.engine.service.DummyTestWorkflow
01.02.2017 11:55:40 INFO  [main] vice.WorkflowDefinitionService - [user:] Preparing workflow io.nflow.engine.service.DummyTestWorkflow
01.02.2017 11:55:40 INFO  [main] vice.WorkflowDefinitionService - [user:] Added workflow type: dummy (io.nflow.engine.service.DummyTestWorkflow)
01.02.2017 11:55:40 INFO  [main] vice.WorkflowDefinitionService - [user:] No non-Spring workflow definitions
01.02.2017 11:55:40 INFO  [main] vice.WorkflowDefinitionService - [user:] Preparing workflow io.nflow.engine.service.DummyTestWorkflow
01.02.2017 11:55:40 INFO  [main] vice.WorkflowDefinitionService - [user:] Added workflow type: dummy (io.nflow.engine.service.DummyTestWorkflow)
01.02.2017 11:55:40 INFO  [main] vice.WorkflowDefinitionService - [user:] Preparing workflow io.nflow.engine.service.DummyTestWorkflow
01.02.2017 11:55:40 INFO  [main] vice.WorkflowDefinitionService - [user:] Added workflow type: dummy (io.nflow.engine.service.DummyTestWorkflow)
01.02.2017 11:55:40 INFO  [main] vice.WorkflowDefinitionService - [user:] Preparing workflow io.nflow.engine.service.DummyTestWorkflow
01.02.2017 11:55:40 INFO  [main] vice.WorkflowDefinitionService - [user:] Added workflow type: dummy (io.nflow.engine.service.DummyTestWorkflow)
>>>>>>>>>>>>>>>>>>>
nflow-engine/target/surefire-reports/io.nflow.engine.service.WorkflowDefinitionServiceTest.txt
<<<<<<<<<<<<<<<<<<<<<
-------------------------------------------------------------------------------
Test set: io.nflow.engine.service.WorkflowDefinitionServiceTest
-------------------------------------------------------------------------------
Tests run: 5, Failures: 0, Errors: 0, Skipped: 0, Time elapsed: 0.023 sec - in io.nflow.engine.service.WorkflowDefinitionServiceTest
>>>>>>>>>>>>>>>>>>>
nflow-engine/target/surefire-reports/io.nflow.engine.service.WorkflowDefinitionServiceWithSpringTest-output.txt
<<<<<<<<<<<<<<<<<<<<<
01.02.2017 11:55:40 INFO  [main] vice.WorkflowDefinitionService - [user:] Added workflow type: springdummy (io.nflow.engine.service.SpringDummyTestWorkflow)
01.02.2017 11:55:40 INFO  [main] vice.WorkflowDefinitionService - [user:] No non-Spring workflow definitions
>>>>>>>>>>>>>>>>>>>
nflow-engine/target/surefire-reports/io.nflow.engine.service.WorkflowDefinitionServiceWithSpringTest.txt
<<<<<<<<<<<<<<<<<<<<<
-------------------------------------------------------------------------------
Test set: io.nflow.engine.service.WorkflowDefinitionServiceWithSpringTest
-------------------------------------------------------------------------------
Tests run: 1, Failures: 0, Errors: 0, Skipped: 0, Time elapsed: 0.182 sec - in io.nflow.engine.service.WorkflowDefinitionServiceWithSpringTest
>>>>>>>>>>>>>>>>>>>
nflow-engine/target/surefire-reports/io.nflow.engine.service.WorkflowExecutorServiceTest.txt
<<<<<<<<<<<<<<<<<<<<<
-------------------------------------------------------------------------------
Test set: io.nflow.engine.service.WorkflowExecutorServiceTest
-------------------------------------------------------------------------------
Tests run: 1, Failures: 0, Errors: 0, Skipped: 0, Time elapsed: 0 sec - in io.nflow.engine.service.WorkflowExecutorServiceTest
>>>>>>>>>>>>>>>>>>>
nflow-engine/target/surefire-reports/io.nflow.engine.service.WorkflowInstanceServiceTest.txt
<<<<<<<<<<<<<<<<<<<<<
-------------------------------------------------------------------------------
Test set: io.nflow.engine.service.WorkflowInstanceServiceTest
-------------------------------------------------------------------------------
Tests run: 9, Failures: 0, Errors: 0, Skipped: 0, Time elapsed: 0.037 sec - in io.nflow.engine.service.WorkflowInstanceServiceTest
>>>>>>>>>>>>>>>>>>>
nflow-engine/target/surefire-reports/io.nflow.engine.workflow.definition.AbstractWorkflowDefinitionTest.txt
<<<<<<<<<<<<<<<<<<<<<
-------------------------------------------------------------------------------
Test set: io.nflow.engine.workflow.definition.AbstractWorkflowDefinitionTest
-------------------------------------------------------------------------------
Tests run: 10, Failures: 0, Errors: 0, Skipped: 0, Time elapsed: 0.005 sec - in io.nflow.engine.workflow.definition.AbstractWorkflowDefinitionTest
>>>>>>>>>>>>>>>>>>>
nflow-engine/target/surefire-reports/io.nflow.engine.workflow.definition.MutableTest.txt
<<<<<<<<<<<<<<<<<<<<<
-------------------------------------------------------------------------------
Test set: io.nflow.engine.workflow.definition.MutableTest
-------------------------------------------------------------------------------
Tests run: 3, Failures: 0, Errors: 0, Skipped: 0, Time elapsed: 0.001 sec - in io.nflow.engine.workflow.definition.MutableTest
>>>>>>>>>>>>>>>>>>>
nflow-engine/target/surefire-reports/io.nflow.engine.workflow.definition.NextActionTest.txt
<<<<<<<<<<<<<<<<<<<<<
-------------------------------------------------------------------------------
Test set: io.nflow.engine.workflow.definition.NextActionTest
-------------------------------------------------------------------------------
Tests run: 6, Failures: 0, Errors: 0, Skipped: 0, Time elapsed: 0.001 sec - in io.nflow.engine.workflow.definition.NextActionTest
>>>>>>>>>>>>>>>>>>>
nflow-engine/target/surefire-reports/io.nflow.engine.workflow.definition.WorkflowDefinitionTest.txt
<<<<<<<<<<<<<<<<<<<<<
-------------------------------------------------------------------------------
Test set: io.nflow.engine.workflow.definition.WorkflowDefinitionTest
-------------------------------------------------------------------------------
Tests run: 13, Failures: 0, Errors: 0, Skipped: 0, Time elapsed: 0.032 sec - in io.nflow.engine.workflow.definition.WorkflowDefinitionTest
>>>>>>>>>>>>>>>>>>>
nflow-engine/target/surefire-reports/io.nflow.engine.workflow.definition.WorkflowSettingsTest.txt
<<<<<<<<<<<<<<<<<<<<<
-------------------------------------------------------------------------------
Test set: io.nflow.engine.workflow.definition.WorkflowSettingsTest
-------------------------------------------------------------------------------
Tests run: 5, Failures: 0, Errors: 0, Skipped: 0, Time elapsed: 0.006 sec - in io.nflow.engine.workflow.definition.WorkflowSettingsTest
>>>>>>>>>>>>>>>>>>>
nflow-engine/target/surefire-reports/io.nflow.engine.workflow.definition.WorkflowStateTypeTest.txt
<<<<<<<<<<<<<<<<<<<<<
-------------------------------------------------------------------------------
Test set: io.nflow.engine.workflow.definition.WorkflowStateTypeTest
-------------------------------------------------------------------------------
Tests run: 4, Failures: 0, Errors: 0, Skipped: 0, Time elapsed: 0 sec - in io.nflow.engine.workflow.definition.WorkflowStateTypeTest
>>>>>>>>>>>>>>>>>>>
nflow-engine/target/surefire-reports/io.nflow.engine.workflow.instance.WorkflowInstanceFactoryTest.txt
<<<<<<<<<<<<<<<<<<<<<
-------------------------------------------------------------------------------
Test set: io.nflow.engine.workflow.instance.WorkflowInstanceFactoryTest
-------------------------------------------------------------------------------
Tests run: 1, Failures: 0, Errors: 0, Skipped: 0, Time elapsed: 0 sec - in io.nflow.engine.workflow.instance.WorkflowInstanceFactoryTest
>>>>>>>>>>>>>>>>>>>
nflow-engine/target/surefire-reports/io.nflow.engine.workflow.instance.WorkflowInstanceTest.txt
<<<<<<<<<<<<<<<<<<<<<
-------------------------------------------------------------------------------
Test set: io.nflow.engine.workflow.instance.WorkflowInstanceTest
-------------------------------------------------------------------------------
Tests run: 5, Failures: 0, Errors: 0, Skipped: 0, Time elapsed: 0 sec - in io.nflow.engine.workflow.instance.WorkflowInstanceTest
>>>>>>>>>>>>>>>>>>>
nflow-engine/target/surefire-reports/io.nflow.engine.workflow.WorkflowInstancePreProcessorTest.txt
<<<<<<<<<<<<<<<<<<<<<
-------------------------------------------------------------------------------
Test set: io.nflow.engine.workflow.WorkflowInstancePreProcessorTest
-------------------------------------------------------------------------------
Tests run: 5, Failures: 0, Errors: 0, Skipped: 0, Time elapsed: 0.006 sec - in io.nflow.engine.workflow.WorkflowInstancePreProcessorTest

travis_time:end:18b11114:start=1485950152713871058,finish=1485950152768707088,duration=54836030[0Ktravis_fold:end:after_script[0K
Done. Your build exited with 1.
