travis_fold:start:worker_info[0K[33;1mWorker information[0m
hostname: ip-10-12-2-138:7f2e5176-d868-491f-9321-e00f078e5596
version: v2.5.0-8-g19ea9c2 https://github.com/travis-ci/worker/tree/19ea9c20425c78100500c7cc935892b47024922c
instance: 277c24d:travis:java
startup: 685.310031ms
travis_fold:end:worker_info[0Ktravis_fold:start:system_info[0K[33;1mBuild system information[0m
Build language: java
Build group: stable
Build dist: precise
Build id: 186324158
Job id: 186324159
travis-build version: 7cac7d393
[34m[1mBuild image provisioning date and time[0m
Thu Feb  5 15:09:33 UTC 2015
[34m[1mOperating System Details[0m
Distributor ID:	Ubuntu
Description:	Ubuntu 12.04.5 LTS
Release:	12.04
Codename:	precise
[34m[1mLinux Version[0m
3.13.0-29-generic
[34m[1mCookbooks Version[0m
a68419e https://github.com/travis-ci/travis-cookbooks/tree/a68419e
[34m[1mGCC version[0m
gcc (Ubuntu/Linaro 4.6.3-1ubuntu5) 4.6.3
Copyright (C) 2011 Free Software Foundation, Inc.
This is free software; see the source for copying conditions.  There is NO
warranty; not even for MERCHANTABILITY or FITNESS FOR A PARTICULAR PURPOSE.

[34m[1mLLVM version[0m
clang version 3.4 (tags/RELEASE_34/final)
Target: x86_64-unknown-linux-gnu
Thread model: posix
[34m[1mPre-installed Ruby versions[0m
ruby-1.9.3-p551
[34m[1mPre-installed Node.js versions[0m
v0.10.36
[34m[1mPre-installed Go versions[0m
1.4.1
[34m[1mRedis version[0m
redis-server 2.8.19
[34m[1mriak version[0m
2.0.2
[34m[1mMongoDB version[0m
MongoDB 2.4.12
[34m[1mCouchDB version[0m
couchdb 1.6.1
[34m[1mNeo4j version[0m
1.9.4
[34m[1mRabbitMQ Version[0m
3.4.3
[34m[1mElasticSearch version[0m
1.4.0
[34m[1mInstalled Sphinx versions[0m
2.0.10
2.1.9
2.2.6
[34m[1mDefault Sphinx version[0m
2.2.6
[34m[1mInstalled Firefox version[0m
firefox 31.0esr
[34m[1mPhantomJS version[0m
1.9.8
[34m[1mant -version[0m
Apache Ant(TM) version 1.8.2 compiled on December 3 2011
[34m[1mmvn -version[0m
Apache Maven 3.2.5 (12a6b3acb947671f09b81f49094c53f426d8cea1; 2014-12-14T17:29:23+00:00)
Maven home: /usr/local/maven
Java version: 1.7.0_76, vendor: Oracle Corporation
Java home: /usr/lib/jvm/java-7-oracle/jre
Default locale: en_US, platform encoding: ANSI_X3.4-1968
OS name: "linux", version: "3.13.0-29-generic", arch: "amd64", family: "unix"
travis_fold:end:system_info[0K
travis_fold:start:fix.CVE-2015-7547[0K$ export DEBIAN_FRONTEND=noninteractive
W: Size of file /var/lib/apt/lists/security.ubuntu.com_ubuntu_dists_precise-security_restricted_binary-amd64_Packages.gz is not what the server reported 13782 14904
W: Size of file /var/lib/apt/lists/security.ubuntu.com_ubuntu_dists_precise-security_restricted_binary-i386_Packages.gz is not what the server reported 13751 14885
W: Size of file /var/lib/apt/lists/us.archive.ubuntu.com_ubuntu_dists_precise-updates_restricted_binary-amd64_Packages.gz is not what the server reported 19576 20785
W: Size of file /var/lib/apt/lists/us.archive.ubuntu.com_ubuntu_dists_precise-updates_restricted_binary-i386_Packages.gz is not what the server reported 19521 20707
W: Size of file /var/lib/apt/lists/us.archive.ubuntu.com_ubuntu_dists_precise-backports_multiverse_source_Sources.gz is not what the server reported 5886 5888
W: Size of file /var/lib/apt/lists/ppa.launchpad.net_travis-ci_zero-mq_ubuntu_dists_precise_main_binary-amd64_Packages.gz is not what the server reported 832 1195
W: Size of file /var/lib/apt/lists/ppa.launchpad.net_ubuntugis_ppa_ubuntu_dists_precise_main_binary-amd64_Packages.gz is not what the server reported 33653 36677
W: Size of file /var/lib/apt/lists/ppa.launchpad.net_ubuntugis_ppa_ubuntu_dists_precise_main_binary-i386_Packages.gz is not what the server reported 33699 36733
Reading package lists...
Building dependency tree...
Reading state information...
The following extra packages will be installed:
  libc-bin libc-dev-bin libc6-dev
Suggested packages:
  glibc-doc
The following packages will be upgraded:
  libc-bin libc-dev-bin libc6 libc6-dev
4 upgraded, 0 newly installed, 0 to remove and 267 not upgraded.
Need to get 8,840 kB of archives.
After this operation, 14.3 kB disk space will be freed.
Get:1 http://us.archive.ubuntu.com/ubuntu/ precise-updates/main libc6-dev amd64 2.15-0ubuntu10.15 [2,943 kB]
Get:2 http://us.archive.ubuntu.com/ubuntu/ precise-updates/main libc-dev-bin amd64 2.15-0ubuntu10.15 [84.7 kB]
Get:3 http://us.archive.ubuntu.com/ubuntu/ precise-updates/main libc-bin amd64 2.15-0ubuntu10.15 [1,177 kB]
Get:4 http://us.archive.ubuntu.com/ubuntu/ precise-updates/main libc6 amd64 2.15-0ubuntu10.15 [4,636 kB]
Fetched 8,840 kB in 0s (35.8 MB/s)
Preconfiguring packages ...
(Reading database ... (Reading database ... 5%(Reading database ... 10%(Reading database ... 15%(Reading database ... 20%(Reading database ... 25%(Reading database ... 30%(Reading database ... 35%(Reading database ... 40%(Reading database ... 45%(Reading database ... 50%(Reading database ... 55%(Reading database ... 60%(Reading database ... 65%(Reading database ... 70%(Reading database ... 75%(Reading database ... 80%(Reading database ... 85%(Reading database ... 90%(Reading database ... 95%(Reading database ... 100%(Reading database ... 72019 files and directories currently installed.)
Preparing to replace libc6-dev 2.15-0ubuntu10.10 (using .../libc6-dev_2.15-0ubuntu10.15_amd64.deb) ...
Unpacking replacement libc6-dev ...
Preparing to replace libc-dev-bin 2.15-0ubuntu10.10 (using .../libc-dev-bin_2.15-0ubuntu10.15_amd64.deb) ...
Unpacking replacement libc-dev-bin ...
Preparing to replace libc-bin 2.15-0ubuntu10.10 (using .../libc-bin_2.15-0ubuntu10.15_amd64.deb) ...
Unpacking replacement libc-bin ...
Processing triggers for man-db ...
Setting up libc-bin (2.15-0ubuntu10.15) ...
(Reading database ... (Reading database ... 5%(Reading database ... 10%(Reading database ... 15%(Reading database ... 20%(Reading database ... 25%(Reading database ... 30%(Reading database ... 35%(Reading database ... 40%(Reading database ... 45%(Reading database ... 50%(Reading database ... 55%(Reading database ... 60%(Reading database ... 65%(Reading database ... 70%(Reading database ... 75%(Reading database ... 80%(Reading database ... 85%(Reading database ... 90%(Reading database ... 95%(Reading database ... 100%(Reading database ... 72018 files and directories currently installed.)
Preparing to replace libc6 2.15-0ubuntu10.10 (using .../libc6_2.15-0ubuntu10.15_amd64.deb) ...
Unpacking replacement libc6 ...
Setting up libc6 (2.15-0ubuntu10.15) ...
Setting up libc-dev-bin (2.15-0ubuntu10.15) ...
Setting up libc6-dev (2.15-0ubuntu10.15) ...
Processing triggers for libc-bin ...
ldconfig deferred processing now taking place
travis_fold:end:fix.CVE-2015-7547[0Ktravis_fold:start:git.checkout[0Ktravis_time:start:1e306498[0K$ git clone --depth=50 --branch=RC3 https://github.com/yamcs/yamcs.git yamcs/yamcs
Cloning into 'yamcs/yamcs'...
remote: Counting objects: 3108, done.[K
remote: Compressing objects:   0% (1/1907)   [Kremote: Compressing objects:   1% (20/1907)   [Kremote: Compressing objects:   2% (39/1907)   [Kremote: Compressing objects:   3% (58/1907)   [Kremote: Compressing objects:   4% (77/1907)   [Kremote: Compressing objects:   5% (96/1907)   [Kremote: Compressing objects:   6% (115/1907)   [Kremote: Compressing objects:   7% (134/1907)   [Kremote: Compressing objects:   8% (153/1907)   [Kremote: Compressing objects:   9% (172/1907)   [Kremote: Compressing objects:  10% (191/1907)   [Kremote: Compressing objects:  11% (210/1907)   [Kremote: Compressing objects:  12% (229/1907)   [Kremote: Compressing objects:  13% (248/1907)   [Kremote: Compressing objects:  14% (267/1907)   [Kremote: Compressing objects:  15% (287/1907)   [Kremote: Compressing objects:  16% (306/1907)   [Kremote: Compressing objects:  17% (325/1907)   [Kremote: Compressing objects:  18% (344/1907)   [Kremote: Compressing objects:  19% (363/1907)   [Kremote: Compressing objects:  20% (382/1907)   [Kremote: Compressing objects:  21% (401/1907)   [Kremote: Compressing objects:  22% (420/1907)   [Kremote: Compressing objects:  23% (439/1907)   [Kremote: Compressing objects:  24% (458/1907)   [Kremote: Compressing objects:  25% (477/1907)   [Kremote: Compressing objects:  26% (496/1907)   [Kremote: Compressing objects:  27% (515/1907)   [Kremote: Compressing objects:  28% (534/1907)   [Kremote: Compressing objects:  29% (554/1907)   [Kremote: Compressing objects:  30% (573/1907)   [Kremote: Compressing objects:  31% (592/1907)   [Kremote: Compressing objects:  32% (611/1907)   [Kremote: Compressing objects:  33% (630/1907)   [Kremote: Compressing objects:  34% (649/1907)   [Kremote: Compressing objects:  35% (668/1907)   [Kremote: Compressing objects:  36% (687/1907)   [Kremote: Compressing objects:  37% (706/1907)   [Kremote: Compressing objects:  38% (725/1907)   [Kremote: Compressing objects:  39% (744/1907)   [Kremote: Compressing objects:  40% (763/1907)   [Kremote: Compressing objects:  41% (782/1907)   [Kremote: Compressing objects:  42% (801/1907)   [Kremote: Compressing objects:  43% (821/1907)   [Kremote: Compressing objects:  44% (840/1907)   [Kremote: Compressing objects:  45% (859/1907)   [Kremote: Compressing objects:  46% (878/1907)   [Kremote: Compressing objects:  47% (897/1907)   [Kremote: Compressing objects:  48% (916/1907)   [Kremote: Compressing objects:  49% (935/1907)   [Kremote: Compressing objects:  50% (954/1907)   [Kremote: Compressing objects:  51% (973/1907)   [Kremote: Compressing objects:  52% (992/1907)   [Kremote: Compressing objects:  53% (1011/1907)   [Kremote: Compressing objects:  54% (1030/1907)   [Kremote: Compressing objects:  55% (1049/1907)   [Kremote: Compressing objects:  56% (1068/1907)   [Kremote: Compressing objects:  57% (1087/1907)   [Kremote: Compressing objects:  58% (1107/1907)   [Kremote: Compressing objects:  59% (1126/1907)   [Kremote: Compressing objects:  60% (1145/1907)   [Kremote: Compressing objects:  61% (1164/1907)   [Kremote: Compressing objects:  62% (1183/1907)   [Kremote: Compressing objects:  63% (1202/1907)   [Kremote: Compressing objects:  64% (1221/1907)   [Kremote: Compressing objects:  65% (1240/1907)   [Kremote: Compressing objects:  66% (1259/1907)   [Kremote: Compressing objects:  67% (1278/1907)   [Kremote: Compressing objects:  68% (1297/1907)   [Kremote: Compressing objects:  69% (1316/1907)   [Kremote: Compressing objects:  70% (1335/1907)   [Kremote: Compressing objects:  71% (1354/1907)   [Kremote: Compressing objects:  72% (1374/1907)   [Kremote: Compressing objects:  73% (1393/1907)   [Kremote: Compressing objects:  74% (1412/1907)   [Kremote: Compressing objects:  75% (1431/1907)   [Kremote: Compressing objects:  76% (1450/1907)   [Kremote: Compressing objects:  77% (1469/1907)   [Kremote: Compressing objects:  78% (1488/1907)   [Kremote: Compressing objects:  79% (1507/1907)   [Kremote: Compressing objects:  80% (1526/1907)   [Kremote: Compressing objects:  81% (1545/1907)   [Kremote: Compressing objects:  82% (1564/1907)   [Kremote: Compressing objects:  83% (1583/1907)   [Kremote: Compressing objects:  84% (1602/1907)   [Kremote: Compressing objects:  85% (1621/1907)   [Kremote: Compressing objects:  86% (1641/1907)   [Kremote: Compressing objects:  87% (1660/1907)   [Kremote: Compressing objects:  88% (1679/1907)   [Kremote: Compressing objects:  89% (1698/1907)   [Kremote: Compressing objects:  90% (1717/1907)   [Kremote: Compressing objects:  91% (1736/1907)   [Kremote: Compressing objects:  92% (1755/1907)   [Kremote: Compressing objects:  93% (1774/1907)   [Kremote: Compressing objects:  94% (1793/1907)   [Kremote: Compressing objects:  95% (1812/1907)   [Kremote: Compressing objects:  96% (1831/1907)   [Kremote: Compressing objects:  97% (1850/1907)   [Kremote: Compressing objects:  98% (1869/1907)   [Kremote: Compressing objects:  99% (1888/1907)   [Kremote: Compressing objects: 100% (1907/1907)   [Kremote: Compressing objects: 100% (1907/1907), done.[K
Receiving objects:   0% (1/3108)   Receiving objects:   1% (32/3108)   Receiving objects:   2% (63/3108)   Receiving objects:   3% (94/3108)   Receiving objects:   4% (125/3108)   Receiving objects:   5% (156/3108)   Receiving objects:   6% (187/3108)   Receiving objects:   7% (218/3108)   Receiving objects:   8% (249/3108)   Receiving objects:   9% (280/3108)   Receiving objects:  10% (311/3108)   Receiving objects:  11% (342/3108)   Receiving objects:  12% (373/3108)   Receiving objects:  13% (405/3108)   Receiving objects:  14% (436/3108)   Receiving objects:  15% (467/3108)   Receiving objects:  16% (498/3108)   Receiving objects:  17% (529/3108)   Receiving objects:  18% (560/3108)   Receiving objects:  19% (591/3108)   Receiving objects:  20% (622/3108)   Receiving objects:  21% (653/3108)   Receiving objects:  22% (684/3108)   Receiving objects:  23% (715/3108)   Receiving objects:  24% (746/3108)   Receiving objects:  25% (777/3108)   Receiving objects:  26% (809/3108)   Receiving objects:  27% (840/3108)   Receiving objects:  28% (871/3108)   Receiving objects:  29% (902/3108)   Receiving objects:  30% (933/3108)   Receiving objects:  31% (964/3108)   Receiving objects:  32% (995/3108)   Receiving objects:  33% (1026/3108)   Receiving objects:  34% (1057/3108)   Receiving objects:  35% (1088/3108)   Receiving objects:  36% (1119/3108)   Receiving objects:  37% (1150/3108)   Receiving objects:  38% (1182/3108)   Receiving objects:  39% (1213/3108)   Receiving objects:  40% (1244/3108)   Receiving objects:  41% (1275/3108)   Receiving objects:  42% (1306/3108)   Receiving objects:  43% (1337/3108)   Receiving objects:  44% (1368/3108)   Receiving objects:  45% (1399/3108)   Receiving objects:  46% (1430/3108)   Receiving objects:  47% (1461/3108)   Receiving objects:  48% (1492/3108)   Receiving objects:  49% (1523/3108)   Receiving objects:  50% (1554/3108)   Receiving objects:  51% (1586/3108), 8.06 MiB | 16.08 MiB/s   Receiving objects:  52% (1617/3108), 8.06 MiB | 16.08 MiB/s   Receiving objects:  53% (1648/3108), 8.06 MiB | 16.08 MiB/s   Receiving objects:  54% (1679/3108), 8.06 MiB | 16.08 MiB/s   Receiving objects:  55% (1710/3108), 8.06 MiB | 16.08 MiB/s   Receiving objects:  56% (1741/3108), 8.06 MiB | 16.08 MiB/s   Receiving objects:  57% (1772/3108), 8.06 MiB | 16.08 MiB/s   Receiving objects:  58% (1803/3108), 8.06 MiB | 16.08 MiB/s   Receiving objects:  59% (1834/3108), 8.06 MiB | 16.08 MiB/s   Receiving objects:  60% (1865/3108), 8.06 MiB | 16.08 MiB/s   Receiving objects:  61% (1896/3108), 8.06 MiB | 16.08 MiB/s   Receiving objects:  62% (1927/3108), 8.06 MiB | 16.08 MiB/s   Receiving objects:  63% (1959/3108), 8.06 MiB | 16.08 MiB/s   Receiving objects:  64% (1990/3108), 8.06 MiB | 16.08 MiB/s   Receiving objects:  65% (2021/3108), 8.06 MiB | 16.08 MiB/s   Receiving objects:  66% (2052/3108), 8.06 MiB | 16.08 MiB/s   Receiving objects:  67% (2083/3108), 8.06 MiB | 16.08 MiB/s   Receiving objects:  68% (2114/3108), 8.06 MiB | 16.08 MiB/s   Receiving objects:  69% (2145/3108), 8.06 MiB | 16.08 MiB/s   Receiving objects:  70% (2176/3108), 8.06 MiB | 16.08 MiB/s   Receiving objects:  71% (2207/3108), 8.06 MiB | 16.08 MiB/s   Receiving objects:  72% (2238/3108), 8.06 MiB | 16.08 MiB/s   Receiving objects:  73% (2269/3108), 8.06 MiB | 16.08 MiB/s   Receiving objects:  74% (2300/3108), 8.06 MiB | 16.08 MiB/s   Receiving objects:  75% (2331/3108), 8.06 MiB | 16.08 MiB/s   Receiving objects:  76% (2363/3108), 8.06 MiB | 16.08 MiB/s   Receiving objects:  77% (2394/3108), 8.06 MiB | 16.08 MiB/s   Receiving objects:  78% (2425/3108), 8.06 MiB | 16.08 MiB/s   Receiving objects:  79% (2456/3108), 8.06 MiB | 16.08 MiB/s   Receiving objects:  80% (2487/3108), 8.06 MiB | 16.08 MiB/s   Receiving objects:  81% (2518/3108), 8.06 MiB | 16.08 MiB/s   Receiving objects:  82% (2549/3108), 8.06 MiB | 16.08 MiB/s   Receiving objects:  83% (2580/3108), 8.06 MiB | 16.08 MiB/s   Receiving objects:  84% (2611/3108), 8.06 MiB | 16.08 MiB/s   Receiving objects:  85% (2642/3108), 8.06 MiB | 16.08 MiB/s   Receiving objects:  86% (2673/3108), 8.06 MiB | 16.08 MiB/s   remote: Total 3108 (delta 1221), reused 2188 (delta 997), pack-reused 0[K
Receiving objects:  87% (2704/3108), 8.06 MiB | 16.08 MiB/s   Receiving objects:  88% (2736/3108), 8.06 MiB | 16.08 MiB/s   Receiving objects:  89% (2767/3108), 8.06 MiB | 16.08 MiB/s   Receiving objects:  90% (2798/3108), 8.06 MiB | 16.08 MiB/s   Receiving objects:  91% (2829/3108), 8.06 MiB | 16.08 MiB/s   Receiving objects:  92% (2860/3108), 8.06 MiB | 16.08 MiB/s   Receiving objects:  93% (2891/3108), 8.06 MiB | 16.08 MiB/s   Receiving objects:  94% (2922/3108), 8.06 MiB | 16.08 MiB/s   Receiving objects:  95% (2953/3108), 8.06 MiB | 16.08 MiB/s   Receiving objects:  96% (2984/3108), 8.06 MiB | 16.08 MiB/s   Receiving objects:  97% (3015/3108), 8.06 MiB | 16.08 MiB/s   Receiving objects:  98% (3046/3108), 8.06 MiB | 16.08 MiB/s   Receiving objects:  99% (3077/3108), 8.06 MiB | 16.08 MiB/s   Receiving objects: 100% (3108/3108), 8.06 MiB | 16.08 MiB/s   Receiving objects: 100% (3108/3108), 14.09 MiB | 16.08 MiB/s, done.
Resolving deltas:   0% (0/1221)   Resolving deltas:   5% (70/1221)   Resolving deltas:   6% (74/1221)   Resolving deltas:   7% (86/1221)   Resolving deltas:   8% (99/1221)   Resolving deltas:   9% (110/1221)   Resolving deltas:  10% (130/1221)   Resolving deltas:  11% (135/1221)   Resolving deltas:  12% (147/1221)   Resolving deltas:  13% (170/1221)   Resolving deltas:  14% (173/1221)   Resolving deltas:  15% (187/1221)   Resolving deltas:  16% (198/1221)   Resolving deltas:  17% (209/1221)   Resolving deltas:  18% (223/1221)   Resolving deltas:  20% (255/1221)   Resolving deltas:  24% (294/1221)   Resolving deltas:  26% (321/1221)   Resolving deltas:  27% (333/1221)   Resolving deltas:  28% (346/1221)   Resolving deltas:  29% (356/1221)   Resolving deltas:  30% (369/1221)   Resolving deltas:  31% (382/1221)   Resolving deltas:  32% (394/1221)   Resolving deltas:  33% (404/1221)   Resolving deltas:  34% (416/1221)   Resolving deltas:  35% (432/1221)   Resolving deltas:  36% (440/1221)   Resolving deltas:  37% (461/1221)   Resolving deltas:  38% (466/1221)   Resolving deltas:  39% (477/1221)   Resolving deltas:  40% (489/1221)   Resolving deltas:  41% (501/1221)   Resolving deltas:  42% (520/1221)   Resolving deltas:  43% (526/1221)   Resolving deltas:  44% (538/1221)   Resolving deltas:  45% (551/1221)   Resolving deltas:  46% (562/1221)   Resolving deltas:  47% (580/1221)   Resolving deltas:  48% (588/1221)   Resolving deltas:  49% (600/1221)   Resolving deltas:  50% (612/1221)   Resolving deltas:  51% (624/1221)   Resolving deltas:  52% (635/1221)   Resolving deltas:  53% (653/1221)   Resolving deltas:  54% (665/1221)   Resolving deltas:  55% (673/1221)   Resolving deltas:  56% (684/1221)   Resolving deltas:  57% (699/1221)   Resolving deltas:  58% (710/1221)   Resolving deltas:  59% (722/1221)   Resolving deltas:  60% (734/1221)   Resolving deltas:  61% (745/1221)   Resolving deltas:  62% (759/1221)   Resolving deltas:  63% (770/1221)   Resolving deltas:  64% (784/1221)   Resolving deltas:  65% (796/1221)   Resolving deltas:  66% (807/1221)   Resolving deltas:  67% (820/1221)   Resolving deltas:  68% (833/1221)   Resolving deltas:  69% (847/1221)   Resolving deltas:  70% (860/1221)   Resolving deltas:  71% (867/1221)   Resolving deltas:  72% (884/1221)   Resolving deltas:  73% (894/1221)   Resolving deltas:  74% (904/1221)   Resolving deltas:  75% (917/1221)   Resolving deltas:  76% (928/1221)   Resolving deltas:  77% (942/1221)   Resolving deltas:  78% (954/1221)   Resolving deltas:  79% (965/1221)   Resolving deltas:  80% (978/1221)   Resolving deltas:  81% (990/1221)   Resolving deltas:  86% (1055/1221)   Resolving deltas:  87% (1063/1221)   Resolving deltas:  88% (1082/1221)   Resolving deltas:  89% (1087/1221)   Resolving deltas:  90% (1099/1221)   Resolving deltas:  91% (1113/1221)   Resolving deltas:  92% (1125/1221)   Resolving deltas:  93% (1137/1221)   Resolving deltas:  94% (1149/1221)   Resolving deltas:  95% (1160/1221)   Resolving deltas:  96% (1173/1221)   Resolving deltas:  97% (1185/1221)   Resolving deltas:  98% (1200/1221)   Resolving deltas:  99% (1210/1221)   Resolving deltas: 100% (1221/1221)   Resolving deltas: 100% (1221/1221), done.
Checking connectivity... done.

travis_time:end:1e306498:start=1482496994416808391,finish=1482496996467639234,duration=2050830843[0K$ cd yamcs/yamcs
$ git checkout -qf a368981fe7c7eb62099acbb7f89cdcb80ed38bba
travis_fold:end:git.checkout[0K
[33;1mThis job is running on container-based infrastructure, which does not allow use of 'sudo', setuid and setguid executables.[0m
[33;1mIf you require sudo, add 'sudo: required' to your .travis.yml[0m
[33;1mSee https://docs.travis-ci.com/user/workers/container-based-infrastructure/ for details.[0m
$ jdk_switcher use oraclejdk8
Switching to Oracle JDK8 (java-8-oracle), JAVA_HOME will be set to /usr/lib/jvm/java-8-oracle
travis_fold:start:cache.1[0KSetting up build cache
$ export CASHER_DIR=$HOME/.casher
travis_time:start:07049df0[0K$ Installing caching utilities

travis_time:end:07049df0:start=1482497000240483762,finish=1482497000262737284,duration=22253522[0Ktravis_time:start:13899822[0K
travis_time:end:13899822:start=1482497000269557591,finish=1482497000274259095,duration=4701504[0Ktravis_time:start:016fa2d8[0K[32;1mattempting to download cache archive[0m
[32;1mfetching RC3/cache-linux-precise-e3b0c44298fc1c149afbf4c8996fb92427ae41e4649b934ca495991b7852b855--jdk-oraclejdk8.tgz[0m
[32;1mfound cache[0m

travis_time:end:016fa2d8:start=1482497000279445535,finish=1482497001938335490,duration=1658889955[0Ktravis_time:start:18dc93fe[0K
travis_time:end:18dc93fe:start=1482497001944186553,finish=1482497001949093007,duration=4906454[0Ktravis_time:start:00e5551c[0K[32;1madding /home/travis/.m2 to cache[0m

travis_time:end:00e5551c:start=1482497001955005012,finish=1482497003750404420,duration=1795399408[0Ktravis_fold:end:cache.1[0K$ java -Xmx32m -version
java version "1.8.0_31"
Java(TM) SE Runtime Environment (build 1.8.0_31-b13)
Java HotSpot(TM) 64-Bit Server VM (build 25.31-b07, mixed mode)
$ javac -J-Xmx32m -version
javac 1.8.0_31
travis_fold:start:install[0Ktravis_time:start:13a2c359[0K$ mvn install -DskipTests=true -Dmaven.javadoc.skip=true -B -V
Java HotSpot(TM) 64-Bit Server VM warning: ignoring option MaxPermSize=192m; support was removed in 8.0
Apache Maven 3.2.5 (12a6b3acb947671f09b81f49094c53f426d8cea1; 2014-12-14T17:29:23+00:00)
Maven home: /usr/local/maven
Java version: 1.8.0_31, vendor: Oracle Corporation
Java home: /usr/lib/jvm/java-8-oracle/jre
Default locale: en_US, platform encoding: UTF-8
OS name: "linux", version: "4.8.12-040812-generic", arch: "amd64", family: "unix"
[INFO] Scanning for projects...
[INFO] ------------------------------------------------------------------------
[INFO] Reactor Build Order:
[INFO] 
[INFO] Yamcs
[INFO] Yamcs API
[INFO] Yamcs XTCE
[INFO] Yamcs Core
[INFO] Yamcs Simulation
[INFO]                                                                         
[INFO] ------------------------------------------------------------------------
[INFO] Building Yamcs 0.30.0
[INFO] ------------------------------------------------------------------------
[INFO] 
[INFO] --- maven-source-plugin:2.2.1:jar-no-fork (attach-sources) @ yamcs ---
[INFO] 
[INFO] --- maven-install-plugin:2.4:install (default-install) @ yamcs ---
[INFO] Installing /home/travis/build/yamcs/yamcs/pom.xml to /home/travis/.m2/repository/org/yamcs/yamcs/0.30.0/yamcs-0.30.0.pom
[INFO]                                                                         
[INFO] ------------------------------------------------------------------------
[INFO] Building Yamcs API 0.30.0
[INFO] ------------------------------------------------------------------------
[INFO] 
[INFO] --- maven-resources-plugin:2.6:resources (default-resources) @ yamcs-api ---
[INFO] Using 'UTF-8' encoding to copy filtered resources.
[INFO] Copying 1 resource
[INFO] 
[INFO] --- maven-compiler-plugin:2.3.2:compile (default-compile) @ yamcs-api ---
[INFO] Compiling 68 source files to /home/travis/build/yamcs/yamcs/yamcs-api/target/classes
[INFO] 
[INFO] --- maven-resources-plugin:2.6:testResources (default-testResources) @ yamcs-api ---
[INFO] Using 'UTF-8' encoding to copy filtered resources.
[INFO] skip non existing resourceDirectory /home/travis/build/yamcs/yamcs/yamcs-api/src/test/resources
[INFO] 
[INFO] --- maven-compiler-plugin:2.3.2:testCompile (default-testCompile) @ yamcs-api ---
[INFO] Compiling 4 source files to /home/travis/build/yamcs/yamcs/yamcs-api/target/test-classes
[INFO] 
[INFO] --- maven-surefire-plugin:2.19.1:test (default-test) @ yamcs-api ---
[INFO] Tests are skipped.
[INFO] 
[INFO] --- maven-jar-plugin:2.4:jar (default-jar) @ yamcs-api ---
[INFO] Building jar: /home/travis/build/yamcs/yamcs/yamcs-api/target/yamcs-api-0.30.0.jar
[INFO] 
[INFO] --- maven-source-plugin:2.2.1:jar-no-fork (attach-sources) @ yamcs-api ---
[INFO] Building jar: /home/travis/build/yamcs/yamcs/yamcs-api/target/yamcs-api-0.30.0-sources.jar
[INFO] 
[INFO] --- maven-install-plugin:2.4:install (default-install) @ yamcs-api ---
[INFO] Installing /home/travis/build/yamcs/yamcs/yamcs-api/target/yamcs-api-0.30.0.jar to /home/travis/.m2/repository/org/yamcs/yamcs-api/0.30.0/yamcs-api-0.30.0.jar
[INFO] Installing /home/travis/build/yamcs/yamcs/yamcs-api/pom.xml to /home/travis/.m2/repository/org/yamcs/yamcs-api/0.30.0/yamcs-api-0.30.0.pom
[INFO] Installing /home/travis/build/yamcs/yamcs/yamcs-api/target/yamcs-api-0.30.0-sources.jar to /home/travis/.m2/repository/org/yamcs/yamcs-api/0.30.0/yamcs-api-0.30.0-sources.jar
[INFO]                                                                         
[INFO] ------------------------------------------------------------------------
[INFO] Building Yamcs XTCE 0.30.0
[INFO] ------------------------------------------------------------------------
[INFO] 
[INFO] --- maven-resources-plugin:2.6:resources (default-resources) @ yamcs-xtce ---
[INFO] Using 'UTF-8' encoding to copy filtered resources.
[INFO] Copying 1 resource
[INFO] 
[INFO] --- maven-compiler-plugin:2.3.2:compile (default-compile) @ yamcs-xtce ---
[INFO] Compiling 107 source files to /home/travis/build/yamcs/yamcs/yamcs-xtce/target/classes
[INFO] 
[INFO] --- maven-resources-plugin:2.6:testResources (default-testResources) @ yamcs-xtce ---
[INFO] Using 'UTF-8' encoding to copy filtered resources.
[INFO] skip non existing resourceDirectory /home/travis/build/yamcs/yamcs/yamcs-xtce/src/test/resources
[INFO] 
[INFO] --- maven-compiler-plugin:2.3.2:testCompile (default-testCompile) @ yamcs-xtce ---
[INFO] Compiling 1 source file to /home/travis/build/yamcs/yamcs/yamcs-xtce/target/test-classes
[INFO] 
[INFO] --- maven-surefire-plugin:2.19.1:test (default-test) @ yamcs-xtce ---
[INFO] Tests are skipped.
[INFO] 
[INFO] --- maven-jar-plugin:2.4:jar (default-jar) @ yamcs-xtce ---
[INFO] Building jar: /home/travis/build/yamcs/yamcs/yamcs-xtce/target/yamcs-xtce-0.30.0.jar
[INFO] 
[INFO] --- maven-source-plugin:2.2.1:jar-no-fork (attach-sources) @ yamcs-xtce ---
[INFO] Building jar: /home/travis/build/yamcs/yamcs/yamcs-xtce/target/yamcs-xtce-0.30.0-sources.jar
[INFO] 
[INFO] --- maven-install-plugin:2.4:install (default-install) @ yamcs-xtce ---
[INFO] Installing /home/travis/build/yamcs/yamcs/yamcs-xtce/target/yamcs-xtce-0.30.0.jar to /home/travis/.m2/repository/org/yamcs/yamcs-xtce/0.30.0/yamcs-xtce-0.30.0.jar
[INFO] Installing /home/travis/build/yamcs/yamcs/yamcs-xtce/pom.xml to /home/travis/.m2/repository/org/yamcs/yamcs-xtce/0.30.0/yamcs-xtce-0.30.0.pom
[INFO] Installing /home/travis/build/yamcs/yamcs/yamcs-xtce/target/yamcs-xtce-0.30.0-sources.jar to /home/travis/.m2/repository/org/yamcs/yamcs-xtce/0.30.0/yamcs-xtce-0.30.0-sources.jar
[INFO]                                                                         
[INFO] ------------------------------------------------------------------------
[INFO] Building Yamcs Core 0.30.0
[INFO] ------------------------------------------------------------------------
[INFO] 
[INFO] --- build-helper-maven-plugin:1.11:add-source (add-source) @ yamcs-core ---
[INFO] Source directory: /home/travis/build/yamcs/yamcs/yamcs-core/target/generated-sources/version added.
[INFO] 
[INFO] --- maven-antrun-plugin:1.3:run (generate-version) @ yamcs-core ---
[INFO] Executing tasks
     [copy] Copying 1 file to /home/travis/build/yamcs/yamcs/yamcs-core/target/generated-sources/version/org/yamcs
[INFO] Executed tasks
[INFO] 
[INFO] --- maven-resources-plugin:2.6:resources (default-resources) @ yamcs-core ---
[INFO] Using 'UTF-8' encoding to copy filtered resources.
[INFO] Copying 31 resources
[INFO] 
[INFO] --- maven-compiler-plugin:2.3.2:compile (default-compile) @ yamcs-core ---
[INFO] Compiling 597 source files to /home/travis/build/yamcs/yamcs/yamcs-core/target/classes
[INFO] 
[INFO] --- maven-resources-plugin:2.6:testResources (default-testResources) @ yamcs-core ---
[INFO] Using 'UTF-8' encoding to copy filtered resources.
[INFO] Copying 37 resources
[INFO] Copying 20 resources
[INFO] 
[INFO] --- maven-compiler-plugin:2.3.2:testCompile (default-testCompile) @ yamcs-core ---
[INFO] Compiling 97 source files to /home/travis/build/yamcs/yamcs/yamcs-core/target/test-classes
[INFO] 
[INFO] --- maven-surefire-plugin:2.19.1:test (default-test) @ yamcs-core ---
[INFO] Tests are skipped.
[INFO] 
[INFO] --- maven-jar-plugin:2.4:jar (default-jar) @ yamcs-core ---
[INFO] Building jar: /home/travis/build/yamcs/yamcs/yamcs-core/target/yamcs-core-0.30.0.jar
[INFO] 
[INFO] --- maven-dependency-plugin:2.8:copy-dependencies (copy-dependencies) @ yamcs-core ---
[INFO] Copying artemis-server-1.5.0.jar to /home/travis/build/yamcs/yamcs/yamcs-core/lib/artemis-server-1.5.0.jar
[INFO] Copying artemis-core-client-1.5.0.jar to /home/travis/build/yamcs/yamcs/yamcs-core/lib/artemis-core-client-1.5.0.jar
[INFO] Copying artemis-commons-1.5.0.jar to /home/travis/build/yamcs/yamcs/yamcs-core/lib/artemis-commons-1.5.0.jar
[INFO] Copying yamcs-xtce-0.30.0.jar to /home/travis/build/yamcs/yamcs/yamcs-core/lib/yamcs-xtce-0.30.0.jar
[INFO] Copying protobuf-java-2.5.0.jar to /home/travis/build/yamcs/yamcs/yamcs-core/lib/protobuf-java-2.5.0.jar
[INFO] Copying johnzon-core-0.9.5.jar to /home/travis/build/yamcs/yamcs/yamcs-core/lib/johnzon-core-0.9.5.jar
[INFO] Copying protostuff-json-1.4.0.jar to /home/travis/build/yamcs/yamcs/yamcs-core/lib/protostuff-json-1.4.0.jar
[INFO] Copying slf4j-jdk14-1.7.1.jar to /home/travis/build/yamcs/yamcs/yamcs-core/lib/slf4j-jdk14-1.7.1.jar
[INFO] Copying janino-2.5.15.jar to /home/travis/build/yamcs/yamcs/yamcs-core/lib/janino-2.5.15.jar
[INFO] Copying commons-collections-3.2.1.jar to /home/travis/build/yamcs/yamcs/yamcs-core/lib/commons-collections-3.2.1.jar
[INFO] Copying jcommander-1.48.jar to /home/travis/build/yamcs/yamcs/yamcs-core/lib/jcommander-1.48.jar
[INFO] Copying artemis-jdbc-store-1.5.0.jar to /home/travis/build/yamcs/yamcs/yamcs-core/lib/artemis-jdbc-store-1.5.0.jar
[INFO] Copying javacsv-2.0.jar to /home/travis/build/yamcs/yamcs/yamcs-core/lib/javacsv-2.0.jar
[INFO] Copying slf4j-api-1.7.1.jar to /home/travis/build/yamcs/yamcs/yamcs-core/lib/slf4j-api-1.7.1.jar
[INFO] Copying jgroups-3.6.9.Final.jar to /home/travis/build/yamcs/yamcs/yamcs-core/lib/jgroups-3.6.9.Final.jar
[INFO] Copying netty-all-4.0.32.Final.jar to /home/travis/build/yamcs/yamcs/yamcs-core/lib/netty-all-4.0.32.Final.jar
[INFO] Copying jackson-core-2.7.1.jar to /home/travis/build/yamcs/yamcs/yamcs-core/lib/jackson-core-2.7.1.jar
[INFO] Copying geronimo-json_1.0_spec-1.0-alpha-1.jar to /home/travis/build/yamcs/yamcs/yamcs-core/lib/geronimo-json_1.0_spec-1.0-alpha-1.jar
[INFO] Copying artemis-selector-1.5.0.jar to /home/travis/build/yamcs/yamcs/yamcs-core/lib/artemis-selector-1.5.0.jar
[INFO] Copying artemis-journal-1.5.0.jar to /home/travis/build/yamcs/yamcs/yamcs-core/lib/artemis-journal-1.5.0.jar
[INFO] Copying snakeyaml-1.9.jar to /home/travis/build/yamcs/yamcs/yamcs-core/lib/snakeyaml-1.9.jar
[INFO] Copying commons-logging-1.1.1.jar to /home/travis/build/yamcs/yamcs/yamcs-core/lib/commons-logging-1.1.1.jar
[INFO] Copying commons-beanutils-1.9.2.jar to /home/travis/build/yamcs/yamcs/yamcs-core/lib/commons-beanutils-1.9.2.jar
[INFO] Copying log4j-1.2.14.jar to /home/travis/build/yamcs/yamcs/yamcs-core/lib/log4j-1.2.14.jar
[INFO] Copying artemis-native-1.5.0.jar to /home/travis/build/yamcs/yamcs/yamcs-core/lib/artemis-native-1.5.0.jar
[INFO] Copying rocksdbjni-4.13.4.jar to /home/travis/build/yamcs/yamcs/yamcs-core/lib/rocksdbjni-4.13.4.jar
[INFO] Copying jxl-2.6.10.jar to /home/travis/build/yamcs/yamcs/yamcs-core/lib/jxl-2.6.10.jar
[INFO] Copying guava-18.0.jar to /home/travis/build/yamcs/yamcs/yamcs-core/lib/guava-18.0.jar
[INFO] Copying jdatepicker-1.3.2.jar to /home/travis/build/yamcs/yamcs/yamcs-core/lib/jdatepicker-1.3.2.jar
[INFO] Copying protostuff-api-1.4.0.jar to /home/travis/build/yamcs/yamcs/yamcs-core/lib/protostuff-api-1.4.0.jar
[INFO] Copying yamcs-api-0.30.0.jar to /home/travis/build/yamcs/yamcs/yamcs-core/lib/yamcs-api-0.30.0.jar
[INFO] Copying jboss-logging-3.3.0.Final.jar to /home/travis/build/yamcs/yamcs/yamcs-core/lib/jboss-logging-3.3.0.Final.jar
[INFO] 
[INFO] --- maven-source-plugin:2.2.1:jar-no-fork (attach-sources) @ yamcs-core ---
[INFO] Building jar: /home/travis/build/yamcs/yamcs/yamcs-core/target/yamcs-core-0.30.0-sources.jar
[INFO] 
[INFO] --- maven-install-plugin:2.4:install (default-install) @ yamcs-core ---
[INFO] Installing /home/travis/build/yamcs/yamcs/yamcs-core/target/yamcs-core-0.30.0.jar to /home/travis/.m2/repository/org/yamcs/yamcs-core/0.30.0/yamcs-core-0.30.0.jar
[INFO] Installing /home/travis/build/yamcs/yamcs/yamcs-core/pom.xml to /home/travis/.m2/repository/org/yamcs/yamcs-core/0.30.0/yamcs-core-0.30.0.pom
[INFO] Installing /home/travis/build/yamcs/yamcs/yamcs-core/target/yamcs-core-0.30.0-sources.jar to /home/travis/.m2/repository/org/yamcs/yamcs-core/0.30.0/yamcs-core-0.30.0-sources.jar
[INFO]                                                                         
[INFO] ------------------------------------------------------------------------
[INFO] Building Yamcs Simulation 0.30.0
[INFO] ------------------------------------------------------------------------
[INFO] 
[INFO] --- maven-resources-plugin:2.6:resources (default-resources) @ yamcs-simulation ---
[INFO] Using 'UTF-8' encoding to copy filtered resources.
[INFO] Copying 2 resources
[INFO] 
[INFO] --- maven-compiler-plugin:2.3.2:compile (default-compile) @ yamcs-simulation ---
[INFO] Compiling 34 source files to /home/travis/build/yamcs/yamcs/yamcs-simulation/target/classes
[INFO] 
[INFO] --- maven-resources-plugin:2.6:testResources (default-testResources) @ yamcs-simulation ---
[INFO] Using 'UTF-8' encoding to copy filtered resources.
[INFO] Copying 5 resources
[INFO] 
[INFO] --- maven-compiler-plugin:2.3.2:testCompile (default-testCompile) @ yamcs-simulation ---
[INFO] Compiling 1 source file to /home/travis/build/yamcs/yamcs/yamcs-simulation/target/test-classes
[INFO] 
[INFO] --- maven-surefire-plugin:2.19.1:test (default-test) @ yamcs-simulation ---
[INFO] Tests are skipped.
[INFO] 
[INFO] --- maven-jar-plugin:2.4:jar (default-jar) @ yamcs-simulation ---
[INFO] Building jar: /home/travis/build/yamcs/yamcs/yamcs-simulation/target/yamcs-simulation-0.30.0.jar
[INFO] 
[INFO] --- maven-source-plugin:2.2.1:jar-no-fork (attach-sources) @ yamcs-simulation ---
[INFO] Building jar: /home/travis/build/yamcs/yamcs/yamcs-simulation/target/yamcs-simulation-0.30.0-sources.jar
[INFO] 
[INFO] --- maven-install-plugin:2.4:install (default-install) @ yamcs-simulation ---
[INFO] Installing /home/travis/build/yamcs/yamcs/yamcs-simulation/target/yamcs-simulation-0.30.0.jar to /home/travis/.m2/repository/org/yamcs/yamcs-simulation/0.30.0/yamcs-simulation-0.30.0.jar
[INFO] Installing /home/travis/build/yamcs/yamcs/yamcs-simulation/pom.xml to /home/travis/.m2/repository/org/yamcs/yamcs-simulation/0.30.0/yamcs-simulation-0.30.0.pom
[INFO] Installing /home/travis/build/yamcs/yamcs/yamcs-simulation/target/yamcs-simulation-0.30.0-sources.jar to /home/travis/.m2/repository/org/yamcs/yamcs-simulation/0.30.0/yamcs-simulation-0.30.0-sources.jar
[INFO] ------------------------------------------------------------------------
[INFO] Reactor Summary:
[INFO] 
[INFO] Yamcs .............................................. SUCCESS [  0.621 s]
[INFO] Yamcs API .......................................... SUCCESS [ 15.396 s]
[INFO] Yamcs XTCE ......................................... SUCCESS [  3.350 s]
[INFO] Yamcs Core ......................................... SUCCESS [ 16.552 s]
[INFO] Yamcs Simulation ................................... SUCCESS [  2.896 s]
[INFO] ------------------------------------------------------------------------
[INFO] BUILD SUCCESS
[INFO] ------------------------------------------------------------------------
[INFO] Total time: 38.975 s
[INFO] Finished at: 2016-12-23T12:44:06+00:00
[INFO] Final Memory: 79M/457M
[INFO] ------------------------------------------------------------------------

travis_time:end:13a2c359:start=1482497005294206780,finish=1482497046617929155,duration=41323722375[0Ktravis_fold:end:install[0Ktravis_time:start:1cafe977[0K$ mvn -Dsurefire.useFile=false test
Java HotSpot(TM) 64-Bit Server VM warning: ignoring option MaxPermSize=192m; support was removed in 8.0
[INFO] Scanning for projects...
[INFO] ------------------------------------------------------------------------
[INFO] Reactor Build Order:
[INFO] 
[INFO] Yamcs
[INFO] Yamcs API
[INFO] Yamcs XTCE
[INFO] Yamcs Core
[INFO] Yamcs Simulation
[INFO]                                                                         
[INFO] ------------------------------------------------------------------------
[INFO] Building Yamcs 0.30.0
[INFO] ------------------------------------------------------------------------
[INFO]                                                                         
[INFO] ------------------------------------------------------------------------
[INFO] Building Yamcs API 0.30.0
[INFO] ------------------------------------------------------------------------
[INFO] 
[INFO] --- maven-resources-plugin:2.6:resources (default-resources) @ yamcs-api ---
[INFO] Using 'UTF-8' encoding to copy filtered resources.
[INFO] Copying 1 resource
[INFO] 
[INFO] --- maven-compiler-plugin:2.3.2:compile (default-compile) @ yamcs-api ---
[INFO] Nothing to compile - all classes are up to date
[INFO] 
[INFO] --- maven-resources-plugin:2.6:testResources (default-testResources) @ yamcs-api ---
[INFO] Using 'UTF-8' encoding to copy filtered resources.
[INFO] skip non existing resourceDirectory /home/travis/build/yamcs/yamcs/yamcs-api/src/test/resources
[INFO] 
[INFO] --- maven-compiler-plugin:2.3.2:testCompile (default-testCompile) @ yamcs-api ---
[INFO] Nothing to compile - all classes are up to date
[INFO] 
[INFO] --- maven-surefire-plugin:2.19.1:test (default-test) @ yamcs-api ---

-------------------------------------------------------
 T E S T S
-------------------------------------------------------
Running org.yamcs.utils.TimeEncodingTest
sdf,format:2010-12-31T23:59:59.000
d=Fri Dec 31 23:59:59 UTC 2010
cal=Fri Dec 31 23:59:59 UTC 2010
hod=23
s=2010-12-31T23:59:59.000
Tests run: 15, Failures: 0, Errors: 0, Skipped: 0, Time elapsed: 0.288 sec - in org.yamcs.utils.TimeEncodingTest
Running org.yamcs.utils.TaiUtcConverterTest
Tests run: 2, Failures: 0, Errors: 0, Skipped: 0, Time elapsed: 0.02 sec - in org.yamcs.utils.TaiUtcConverterTest
Running org.yamcs.api.AbstractEventProducerTest
Tests run: 5, Failures: 0, Errors: 0, Skipped: 0, Time elapsed: 0.074 sec - in org.yamcs.api.AbstractEventProducerTest

Results :

Tests run: 22, Failures: 0, Errors: 0, Skipped: 0

[INFO]                                                                         
[INFO] ------------------------------------------------------------------------
[INFO] Building Yamcs XTCE 0.30.0
[INFO] ------------------------------------------------------------------------
[INFO] 
[INFO] --- maven-resources-plugin:2.6:resources (default-resources) @ yamcs-xtce ---
[INFO] Using 'UTF-8' encoding to copy filtered resources.
[INFO] Copying 1 resource
[INFO] 
[INFO] --- maven-compiler-plugin:2.3.2:compile (default-compile) @ yamcs-xtce ---
[INFO] Nothing to compile - all classes are up to date
[INFO] 
[INFO] --- maven-resources-plugin:2.6:testResources (default-testResources) @ yamcs-xtce ---
[INFO] Using 'UTF-8' encoding to copy filtered resources.
[INFO] skip non existing resourceDirectory /home/travis/build/yamcs/yamcs/yamcs-xtce/src/test/resources
[INFO] 
[INFO] --- maven-compiler-plugin:2.3.2:testCompile (default-testCompile) @ yamcs-xtce ---
[INFO] Nothing to compile - all classes are up to date
[INFO] 
[INFO] --- maven-surefire-plugin:2.19.1:test (default-test) @ yamcs-xtce ---

-------------------------------------------------------
 T E S T S
-------------------------------------------------------
Running org.yamcs.xtce.HistoryTest
Tests run: 2, Failures: 0, Errors: 0, Skipped: 0, Time elapsed: 0.057 sec - in org.yamcs.xtce.HistoryTest

Results :

Tests run: 2, Failures: 0, Errors: 0, Skipped: 0

[INFO]                                                                         
[INFO] ------------------------------------------------------------------------
[INFO] Building Yamcs Core 0.30.0
[INFO] ------------------------------------------------------------------------
[INFO] 
[INFO] --- build-helper-maven-plugin:1.11:add-source (add-source) @ yamcs-core ---
[INFO] Source directory: /home/travis/build/yamcs/yamcs/yamcs-core/target/generated-sources/version added.
[INFO] 
[INFO] --- maven-antrun-plugin:1.3:run (generate-version) @ yamcs-core ---
[INFO] Executing tasks
[INFO] Executed tasks
[INFO] 
[INFO] --- maven-resources-plugin:2.6:resources (default-resources) @ yamcs-core ---
[INFO] Using 'UTF-8' encoding to copy filtered resources.
[INFO] Copying 31 resources
[INFO] 
[INFO] --- maven-compiler-plugin:2.3.2:compile (default-compile) @ yamcs-core ---
[INFO] Nothing to compile - all classes are up to date
[INFO] 
[INFO] --- maven-resources-plugin:2.6:testResources (default-testResources) @ yamcs-core ---
[INFO] Using 'UTF-8' encoding to copy filtered resources.
[INFO] Copying 37 resources
[INFO] Copying 20 resources
[INFO] 
[INFO] --- maven-compiler-plugin:2.3.2:testCompile (default-testCompile) @ yamcs-core ---
[INFO] Nothing to compile - all classes are up to date
[INFO] 
[INFO] --- maven-surefire-plugin:2.19.1:test (default-test) @ yamcs-core ---

-------------------------------------------------------
 T E S T S
-------------------------------------------------------
Running org.yamcs.EventCrashHandlerTest
Tests run: 1, Failures: 0, Errors: 0, Skipped: 0, Time elapsed: 0.155 sec - in org.yamcs.EventCrashHandlerTest
Running org.yamcs.yarch.StarSelectTest
Created directory: /home/travis/.yamcs/log
Tests run: 1, Failures: 0, Errors: 0, Skipped: 0, Time elapsed: 0.282 sec - in org.yamcs.yarch.StarSelectTest
Running org.yamcs.yarch.rocksdb.HistogramRebuilderTest
Tests run: 3, Failures: 0, Errors: 0, Skipped: 0, Time elapsed: 0.592 sec - in org.yamcs.yarch.rocksdb.HistogramRebuilderTest
Running org.yamcs.yarch.rocksdb.PartitionManagerTest
Tests run: 5, Failures: 0, Errors: 0, Skipped: 0, Time elapsed: 0.662 sec - in org.yamcs.yarch.rocksdb.PartitionManagerTest
Running org.yamcs.yarch.rocksdb.TagsTest
Tests run: 1, Failures: 0, Errors: 0, Skipped: 0, Time elapsed: 0.439 sec - in org.yamcs.yarch.rocksdb.TagsTest
Running org.yamcs.yarch.rocksdb.RdbSelectPerfTest
Tests run: 1, Failures: 0, Errors: 0, Skipped: 1, Time elapsed: 0.021 sec - in org.yamcs.yarch.rocksdb.RdbSelectPerfTest
Running org.yamcs.yarch.rocksdb.PartitioningTest
Tests run: 6, Failures: 0, Errors: 0, Skipped: 0, Time elapsed: 0.876 sec - in org.yamcs.yarch.rocksdb.PartitioningTest
Running org.yamcs.yarch.rocksdb.RdbSelectTest
Tests run: 14, Failures: 0, Errors: 0, Skipped: 0, Time elapsed: 0.812 sec - in org.yamcs.yarch.rocksdb.RdbSelectTest
Running org.yamcs.yarch.rocksdb.RdbEngineTest
Tests run: 1, Failures: 0, Errors: 0, Skipped: 0, Time elapsed: 0.357 sec - in org.yamcs.yarch.rocksdb.RdbEngineTest
Running org.yamcs.yarch.rocksdb.RDBFactoryTest
Tests run: 2, Failures: 0, Errors: 0, Skipped: 0, Time elapsed: 2.987 sec - in org.yamcs.yarch.rocksdb.RDBFactoryTest
Running org.yamcs.yarch.EnumWithPartitionTest
Tests run: 8, Failures: 0, Errors: 0, Skipped: 0, Time elapsed: 1.06 sec - in org.yamcs.yarch.EnumWithPartitionTest
Running org.yamcs.yarch.ConcurrencyTest
Tests run: 2, Failures: 0, Errors: 0, Skipped: 0, Time elapsed: 24.966 sec - in org.yamcs.yarch.ConcurrencyTest
Running org.yamcs.yarch.HistogramSegmentTest
Tests run: 10, Failures: 0, Errors: 0, Skipped: 0, Time elapsed: 0.144 sec - in org.yamcs.yarch.HistogramSegmentTest
Running org.yamcs.yarch.StreamSqlParserTest
Tests run: 3, Failures: 0, Errors: 0, Skipped: 0, Time elapsed: 0.321 sec - in org.yamcs.yarch.StreamSqlParserTest
Running org.yamcs.yarch.StreamSelect2Test
Tests run: 8, Failures: 0, Errors: 0, Skipped: 0, Time elapsed: 3.887 sec - in org.yamcs.yarch.StreamSelect2Test
Running org.yamcs.yarch.StreamSelectTest
Tests run: 3, Failures: 0, Errors: 0, Skipped: 0, Time elapsed: 0.55 sec - in org.yamcs.yarch.StreamSelectTest
Running org.yamcs.yarch.EnumTest
Tests run: 6, Failures: 0, Errors: 0, Skipped: 0, Time elapsed: 0.796 sec - in org.yamcs.yarch.EnumTest
Running org.yamcs.yarch.DynamicSchemaTableTest
values: [v1 INT, v2 INT, v3 INT]
Tests run: 4, Failures: 0, Errors: 0, Skipped: 0, Time elapsed: 0.433 sec - in org.yamcs.yarch.DynamicSchemaTableTest
Running org.yamcs.yarch.StreamSelectPerfTest
Tests run: 1, Failures: 0, Errors: 0, Skipped: 0, Time elapsed: 1.751 sec - in org.yamcs.yarch.StreamSelectPerfTest
Running org.yamcs.yarch.HistogramStreamTest
Tests run: 8, Failures: 0, Errors: 0, Skipped: 2, Time elapsed: 2.481 sec - in org.yamcs.yarch.HistogramStreamTest
Running org.yamcs.yarch.StreamMergeTest
Tests run: 4, Failures: 0, Errors: 0, Skipped: 0, Time elapsed: 1.113 sec - in org.yamcs.yarch.StreamMergeTest
Running org.yamcs.yarch.TableDefinitionSerializationTest
Tests run: 4, Failures: 0, Errors: 0, Skipped: 0, Time elapsed: 0.514 sec - in org.yamcs.yarch.TableDefinitionSerializationTest
Running org.yamcs.yarch.StandaloneStreamTest
Tests run: 1, Failures: 0, Errors: 0, Skipped: 0, Time elapsed: 0.282 sec - in org.yamcs.yarch.StandaloneStreamTest
Running org.yamcs.yarch.StreamSelect1Test
Tests run: 2, Failures: 0, Errors: 0, Skipped: 0, Time elapsed: 0.558 sec - in org.yamcs.yarch.StreamSelect1Test
Running org.yamcs.xtceproc.XtceDbFactoryTest
Tests run: 3, Failures: 0, Errors: 2, Skipped: 0, Time elapsed: 2.683 sec <<< FAILURE! - in org.yamcs.xtceproc.XtceDbFactoryTest
testInstantiation(org.yamcs.xtceproc.XtceDbFactoryTest)  Time elapsed: 1.339 sec  <<< ERROR!
org.yamcs.xtce.SpreadsheetLoadException: refmdb.xls:CommandVerification:0: Could not load spreadsheet: java.lang.NullPointerException
	at org.yamcs.xtceproc.XtceDbFactoryTest.testInstantiation(XtceDbFactoryTest.java:135)
Caused by: java.lang.NullPointerException
	at org.yamcs.xtceproc.XtceDbFactoryTest.testInstantiation(XtceDbFactoryTest.java:135)

testNamespaces(org.yamcs.xtceproc.XtceDbFactoryTest)  Time elapsed: 1.284 sec  <<< ERROR!
org.yamcs.xtce.SpreadsheetLoadException: refmdb.xls:CommandVerification:0: Could not load spreadsheet: java.lang.NullPointerException
	at org.yamcs.xtceproc.XtceDbFactoryTest.testNamespaces(XtceDbFactoryTest.java:32)
Caused by: java.lang.NullPointerException
	at org.yamcs.xtceproc.XtceDbFactoryTest.testNamespaces(XtceDbFactoryTest.java:32)

Running org.yamcs.xtceproc.XtceTmExtractorTest
Tests run: 1, Failures: 0, Errors: 1, Skipped: 0, Time elapsed: 1.552 sec <<< FAILURE! - in org.yamcs.xtceproc.XtceTmExtractorTest
org.yamcs.xtceproc.XtceTmExtractorTest  Time elapsed: 1.551 sec  <<< ERROR!
org.yamcs.xtce.SpreadsheetLoadException: refmdb.xls:CommandVerification:0: Could not load spreadsheet: java.lang.NullPointerException
	at org.yamcs.xtceproc.XtceTmExtractorTest.setUpBeforeClass(XtceTmExtractorTest.java:50)
Caused by: java.lang.NullPointerException
	at org.yamcs.xtceproc.XtceTmExtractorTest.setUpBeforeClass(XtceTmExtractorTest.java:50)

Running org.yamcs.xtceproc.XtceCommandEncodingTest
Tests run: 11, Failures: 0, Errors: 11, Skipped: 0, Time elapsed: 9.883 sec <<< FAILURE! - in org.yamcs.xtceproc.XtceCommandEncodingTest
floatCommand(org.yamcs.xtceproc.XtceCommandEncodingTest)  Time elapsed: 1.052 sec  <<< ERROR!
org.yamcs.xtce.SpreadsheetLoadException: refmdb.xls:CommandVerification:0: Could not load spreadsheet: java.lang.NullPointerException
	at org.yamcs.xtceproc.XtceCommandEncodingTest.floatCommand(XtceCommandEncodingTest.java:31)
Caused by: java.lang.NullPointerException
	at org.yamcs.xtceproc.XtceCommandEncodingTest.floatCommand(XtceCommandEncodingTest.java:31)

int64CommandArgumentEncoding(org.yamcs.xtceproc.XtceCommandEncodingTest)  Time elapsed: 1.006 sec  <<< ERROR!
org.yamcs.xtce.SpreadsheetLoadException: refmdb.xls:CommandVerification:0: Could not load spreadsheet: java.lang.NullPointerException
	at org.yamcs.xtceproc.XtceCommandEncodingTest.int64CommandArgumentEncoding(XtceCommandEncodingTest.java:202)
Caused by: java.lang.NullPointerException
	at org.yamcs.xtceproc.XtceCommandEncodingTest.int64CommandArgumentEncoding(XtceCommandEncodingTest.java:202)

binaryCommand(org.yamcs.xtceproc.XtceCommandEncodingTest)  Time elapsed: 1.163 sec  <<< ERROR!
org.yamcs.xtce.SpreadsheetLoadException: refmdb.xls:CommandVerification:0: Could not load spreadsheet: java.lang.NullPointerException
	at org.yamcs.xtceproc.XtceCommandEncodingTest.binaryCommand(XtceCommandEncodingTest.java:110)
Caused by: java.lang.NullPointerException
	at org.yamcs.xtceproc.XtceCommandEncodingTest.binaryCommand(XtceCommandEncodingTest.java:110)

booleanCommandTrue(org.yamcs.xtceproc.XtceCommandEncodingTest)  Time elapsed: 0.653 sec  <<< ERROR!
org.yamcs.xtce.SpreadsheetLoadException: refmdb.xls:CommandVerification:0: Could not load spreadsheet: java.lang.NullPointerException
	at org.yamcs.xtceproc.XtceCommandEncodingTest.booleanCommandTrue(XtceCommandEncodingTest.java:143)
Caused by: java.lang.NullPointerException
	at org.yamcs.xtceproc.XtceCommandEncodingTest.booleanCommandTrue(XtceCommandEncodingTest.java:143)

floatCommandDefault(org.yamcs.xtceproc.XtceCommandEncodingTest)  Time elapsed: 0.973 sec  <<< ERROR!
org.yamcs.xtce.SpreadsheetLoadException: refmdb.xls:CommandVerification:0: Could not load spreadsheet: java.lang.NullPointerException
	at org.yamcs.xtceproc.XtceCommandEncodingTest.floatCommandDefault(XtceCommandEncodingTest.java:47)
Caused by: java.lang.NullPointerException
	at org.yamcs.xtceproc.XtceCommandEncodingTest.floatCommandDefault(XtceCommandEncodingTest.java:47)

littleEndianUint(org.yamcs.xtceproc.XtceCommandEncodingTest)  Time elapsed: 0.858 sec  <<< ERROR!
org.yamcs.xtce.SpreadsheetLoadException: refmdb.xls:CommandVerification:0: Could not load spreadsheet: java.lang.NullPointerException
	at org.yamcs.xtceproc.XtceCommandEncodingTest.littleEndianUint(XtceCommandEncodingTest.java:128)
Caused by: java.lang.NullPointerException
	at org.yamcs.xtceproc.XtceCommandEncodingTest.littleEndianUint(XtceCommandEncodingTest.java:128)

testStringEncodedTc(org.yamcs.xtceproc.XtceCommandEncodingTest)  Time elapsed: 0.926 sec  <<< ERROR!
org.yamcs.xtce.SpreadsheetLoadException: refmdb.xls:CommandVerification:0: Could not load spreadsheet: java.lang.NullPointerException
	at org.yamcs.xtceproc.XtceCommandEncodingTest.testStringEncodedTc(XtceCommandEncodingTest.java:211)
Caused by: java.lang.NullPointerException
	at org.yamcs.xtceproc.XtceCommandEncodingTest.testStringEncodedTc(XtceCommandEncodingTest.java:211)

cgsLikeStringCommand(org.yamcs.xtceproc.XtceCommandEncodingTest)  Time elapsed: 1.195 sec  <<< ERROR!
org.yamcs.xtce.SpreadsheetLoadException: refmdb.xls:CommandVerification:0: Could not load spreadsheet: java.lang.NullPointerException
	at org.yamcs.xtceproc.XtceCommandEncodingTest.cgsLikeStringCommand(XtceCommandEncodingTest.java:91)
Caused by: java.lang.NullPointerException
	at org.yamcs.xtceproc.XtceCommandEncodingTest.cgsLikeStringCommand(XtceCommandEncodingTest.java:91)

booleanCommandFalseTrue(org.yamcs.xtceproc.XtceCommandEncodingTest)  Time elapsed: 0.871 sec  <<< ERROR!
org.yamcs.xtce.SpreadsheetLoadException: refmdb.xls:CommandVerification:0: Could not load spreadsheet: java.lang.NullPointerException
	at org.yamcs.xtceproc.XtceCommandEncodingTest.booleanCommandFalseTrue(XtceCommandEncodingTest.java:155)
Caused by: java.lang.NullPointerException
	at org.yamcs.xtceproc.XtceCommandEncodingTest.booleanCommandFalseTrue(XtceCommandEncodingTest.java:155)

stringCommand(org.yamcs.xtceproc.XtceCommandEncodingTest)  Time elapsed: 0.78 sec  <<< ERROR!
org.yamcs.xtce.SpreadsheetLoadException: refmdb.xls:CommandVerification:0: Could not load spreadsheet: java.lang.NullPointerException
	at org.yamcs.xtceproc.XtceCommandEncodingTest.stringCommand(XtceCommandEncodingTest.java:66)
Caused by: java.lang.NullPointerException
	at org.yamcs.xtceproc.XtceCommandEncodingTest.stringCommand(XtceCommandEncodingTest.java:66)

int64CommandArgumentRange(org.yamcs.xtceproc.XtceCommandEncodingTest)  Time elapsed: 0.344 sec  <<< ERROR!
org.yamcs.xtce.SpreadsheetLoadException: refmdb.xls:CommandVerification:0: Could not load spreadsheet: java.lang.NullPointerException
	at org.yamcs.xtceproc.XtceCommandEncodingTest.int64CommandArgumentRange(XtceCommandEncodingTest.java:171)
Caused by: java.lang.NullPointerException
	at org.yamcs.xtceproc.XtceCommandEncodingTest.int64CommandArgumentRange(XtceCommandEncodingTest.java:171)

Running org.yamcs.algorithms.WindowBufferTest
Tests run: 1, Failures: 0, Errors: 0, Skipped: 0, Time elapsed: 0.065 sec - in org.yamcs.algorithms.WindowBufferTest
Running org.yamcs.algorithms.AlgorithmWithContextTest
Tests run: 2, Failures: 0, Errors: 2, Skipped: 0, Time elapsed: 1.18 sec <<< FAILURE! - in org.yamcs.algorithms.AlgorithmWithContextTest
testIt(org.yamcs.algorithms.AlgorithmWithContextTest)  Time elapsed: 0.981 sec  <<< ERROR!
org.yamcs.xtce.SpreadsheetLoadException: refmdb.xls:CommandVerification:0: Could not load spreadsheet: java.lang.NullPointerException
	at org.yamcs.algorithms.AlgorithmWithContextTest.beforeEachTest(AlgorithmWithContextTest.java:51)
Caused by: java.lang.NullPointerException
	at org.yamcs.algorithms.AlgorithmWithContextTest.beforeEachTest(AlgorithmWithContextTest.java:51)

testIt(org.yamcs.algorithms.AlgorithmWithContextTest)  Time elapsed: 0.981 sec  <<< ERROR!
java.lang.NullPointerException
	at org.yamcs.algorithms.AlgorithmWithContextTest.afterEachTest(AlgorithmWithContextTest.java:71)

Running org.yamcs.algorithms.AlgorithmManagerTest
Tests run: 27, Failures: 0, Errors: 26, Skipped: 1, Time elapsed: 8.531 sec <<< FAILURE! - in org.yamcs.algorithms.AlgorithmManagerTest
testSeparateUpdate(org.yamcs.algorithms.AlgorithmManagerTest)  Time elapsed: 0.835 sec  <<< ERROR!
org.yamcs.xtce.SpreadsheetLoadException: refmdb.xls:CommandVerification:0: Could not load spreadsheet: java.lang.NullPointerException
	at org.yamcs.algorithms.AlgorithmManagerTest.beforeEachTest(AlgorithmManagerTest.java:61)
Caused by: java.lang.NullPointerException
	at org.yamcs.algorithms.AlgorithmManagerTest.beforeEachTest(AlgorithmManagerTest.java:61)

testSeparateUpdate(org.yamcs.algorithms.AlgorithmManagerTest)  Time elapsed: 0.835 sec  <<< ERROR!
java.lang.NullPointerException
	at org.yamcs.algorithms.AlgorithmManagerTest.afterEachTest(AlgorithmManagerTest.java:81)

testFloatAdd(org.yamcs.algorithms.AlgorithmManagerTest)  Time elapsed: 0.526 sec  <<< ERROR!
org.yamcs.xtce.SpreadsheetLoadException: refmdb.xls:CommandVerification:0: Could not load spreadsheet: java.lang.NullPointerException
	at org.yamcs.algorithms.AlgorithmManagerTest.beforeEachTest(AlgorithmManagerTest.java:61)
Caused by: java.lang.NullPointerException
	at org.yamcs.algorithms.AlgorithmManagerTest.beforeEachTest(AlgorithmManagerTest.java:61)

testFloatAdd(org.yamcs.algorithms.AlgorithmManagerTest)  Time elapsed: 0.526 sec  <<< ERROR!
java.lang.NullPointerException
	at org.yamcs.algorithms.AlgorithmManagerTest.afterEachTest(AlgorithmManagerTest.java:81)

testSlidingWindow(org.yamcs.algorithms.AlgorithmManagerTest)  Time elapsed: 0.719 sec  <<< ERROR!
org.yamcs.xtce.SpreadsheetLoadException: refmdb.xls:CommandVerification:0: Could not load spreadsheet: java.lang.NullPointerException
	at org.yamcs.algorithms.AlgorithmManagerTest.beforeEachTest(AlgorithmManagerTest.java:61)
Caused by: java.lang.NullPointerException
	at org.yamcs.algorithms.AlgorithmManagerTest.beforeEachTest(AlgorithmManagerTest.java:61)

testSlidingWindow(org.yamcs.algorithms.AlgorithmManagerTest)  Time elapsed: 0.719 sec  <<< ERROR!
java.lang.NullPointerException
	at org.yamcs.algorithms.AlgorithmManagerTest.afterEachTest(AlgorithmManagerTest.java:81)

testAlgorithmChaining(org.yamcs.algorithms.AlgorithmManagerTest)  Time elapsed: 0.676 sec  <<< ERROR!
org.yamcs.xtce.SpreadsheetLoadException: refmdb.xls:CommandVerification:0: Could not load spreadsheet: java.lang.NullPointerException
	at org.yamcs.algorithms.AlgorithmManagerTest.beforeEachTest(AlgorithmManagerTest.java:61)
Caused by: java.lang.NullPointerException
	at org.yamcs.algorithms.AlgorithmManagerTest.beforeEachTest(AlgorithmManagerTest.java:61)

testAlgorithmChaining(org.yamcs.algorithms.AlgorithmManagerTest)  Time elapsed: 0.676 sec  <<< ERROR!
java.lang.NullPointerException
	at org.yamcs.algorithms.AlgorithmManagerTest.afterEachTest(AlgorithmManagerTest.java:81)

testSelectiveRun(org.yamcs.algorithms.AlgorithmManagerTest)  Time elapsed: 0.547 sec  <<< ERROR!
org.yamcs.xtce.SpreadsheetLoadException: refmdb.xls:CommandVerification:0: Could not load spreadsheet: java.lang.NullPointerException
	at org.yamcs.algorithms.AlgorithmManagerTest.beforeEachTest(AlgorithmManagerTest.java:61)
Caused by: java.lang.NullPointerException
	at org.yamcs.algorithms.AlgorithmManagerTest.beforeEachTest(AlgorithmManagerTest.java:61)

testSelectiveRun(org.yamcs.algorithms.AlgorithmManagerTest)  Time elapsed: 0.547 sec  <<< ERROR!
java.lang.NullPointerException
	at org.yamcs.algorithms.AlgorithmManagerTest.afterEachTest(AlgorithmManagerTest.java:81)

testAlgorithmChainingWithWindowing(org.yamcs.algorithms.AlgorithmManagerTest)  Time elapsed: 0.682 sec  <<< ERROR!
org.yamcs.xtce.SpreadsheetLoadException: refmdb.xls:CommandVerification:0: Could not load spreadsheet: java.lang.NullPointerException
	at org.yamcs.algorithms.AlgorithmManagerTest.beforeEachTest(AlgorithmManagerTest.java:61)
Caused by: java.lang.NullPointerException
	at org.yamcs.algorithms.AlgorithmManagerTest.beforeEachTest(AlgorithmManagerTest.java:61)

testAlgorithmChainingWithWindowing(org.yamcs.algorithms.AlgorithmManagerTest)  Time elapsed: 0.682 sec  <<< ERROR!
java.lang.NullPointerException
	at org.yamcs.algorithms.AlgorithmManagerTest.afterEachTest(AlgorithmManagerTest.java:81)

testFloatCalibration(org.yamcs.algorithms.AlgorithmManagerTest)  Time elapsed: 0.524 sec  <<< ERROR!
org.yamcs.xtce.SpreadsheetLoadException: refmdb.xls:CommandVerification:0: Could not load spreadsheet: java.lang.NullPointerException
	at org.yamcs.algorithms.AlgorithmManagerTest.beforeEachTest(AlgorithmManagerTest.java:61)
Caused by: java.lang.NullPointerException
	at org.yamcs.algorithms.AlgorithmManagerTest.beforeEachTest(AlgorithmManagerTest.java:61)

testFloatCalibration(org.yamcs.algorithms.AlgorithmManagerTest)  Time elapsed: 0.524 sec  <<< ERROR!
java.lang.NullPointerException
	at org.yamcs.algorithms.AlgorithmManagerTest.afterEachTest(AlgorithmManagerTest.java:81)

testExternalLibrary(org.yamcs.algorithms.AlgorithmManagerTest)  Time elapsed: 0.563 sec  <<< ERROR!
org.yamcs.xtce.SpreadsheetLoadException: refmdb.xls:CommandVerification:0: Could not load spreadsheet: java.lang.NullPointerException
	at org.yamcs.algorithms.AlgorithmManagerTest.beforeEachTest(AlgorithmManagerTest.java:61)
Caused by: java.lang.NullPointerException
	at org.yamcs.algorithms.AlgorithmManagerTest.beforeEachTest(AlgorithmManagerTest.java:61)

testExternalLibrary(org.yamcs.algorithms.AlgorithmManagerTest)  Time elapsed: 0.563 sec  <<< ERROR!
java.lang.NullPointerException
	at org.yamcs.algorithms.AlgorithmManagerTest.afterEachTest(AlgorithmManagerTest.java:81)

testOnPeriodicRate(org.yamcs.algorithms.AlgorithmManagerTest)  Time elapsed: 0.597 sec  <<< ERROR!
org.yamcs.xtce.SpreadsheetLoadException: refmdb.xls:CommandVerification:0: Could not load spreadsheet: java.lang.NullPointerException
	at org.yamcs.algorithms.AlgorithmManagerTest.beforeEachTest(AlgorithmManagerTest.java:61)
Caused by: java.lang.NullPointerException
	at org.yamcs.algorithms.AlgorithmManagerTest.beforeEachTest(AlgorithmManagerTest.java:61)

testOnPeriodicRate(org.yamcs.algorithms.AlgorithmManagerTest)  Time elapsed: 0.597 sec  <<< ERROR!
java.lang.NullPointerException
	at org.yamcs.algorithms.AlgorithmManagerTest.afterEachTest(AlgorithmManagerTest.java:81)

testEvents(org.yamcs.algorithms.AlgorithmManagerTest)  Time elapsed: 0.779 sec  <<< ERROR!
org.yamcs.xtce.SpreadsheetLoadException: refmdb.xls:CommandVerification:0: Could not load spreadsheet: java.lang.NullPointerException
	at org.yamcs.algorithms.AlgorithmManagerTest.beforeEachTest(AlgorithmManagerTest.java:61)
Caused by: java.lang.NullPointerException
	at org.yamcs.algorithms.AlgorithmManagerTest.beforeEachTest(AlgorithmManagerTest.java:61)

testEvents(org.yamcs.algorithms.AlgorithmManagerTest)  Time elapsed: 0.779 sec  <<< ERROR!
java.lang.NullPointerException
	at org.yamcs.algorithms.AlgorithmManagerTest.afterEachTest(AlgorithmManagerTest.java:81)

testMarkedNotUpdated(org.yamcs.algorithms.AlgorithmManagerTest)  Time elapsed: 0.671 sec  <<< ERROR!
org.yamcs.xtce.SpreadsheetLoadException: refmdb.xls:CommandVerification:0: Could not load spreadsheet: java.lang.NullPointerException
	at org.yamcs.algorithms.AlgorithmManagerTest.beforeEachTest(AlgorithmManagerTest.java:61)
Caused by: java.lang.NullPointerException
	at org.yamcs.algorithms.AlgorithmManagerTest.beforeEachTest(AlgorithmManagerTest.java:61)

testMarkedNotUpdated(org.yamcs.algorithms.AlgorithmManagerTest)  Time elapsed: 0.671 sec  <<< ERROR!
java.lang.NullPointerException
	at org.yamcs.algorithms.AlgorithmManagerTest.afterEachTest(AlgorithmManagerTest.java:81)

testEnumCalibration(org.yamcs.algorithms.AlgorithmManagerTest)  Time elapsed: 0.59 sec  <<< ERROR!
org.yamcs.xtce.SpreadsheetLoadException: refmdb.xls:CommandVerification:0: Could not load spreadsheet: java.lang.NullPointerException
	at org.yamcs.algorithms.AlgorithmManagerTest.beforeEachTest(AlgorithmManagerTest.java:61)
Caused by: java.lang.NullPointerException
	at org.yamcs.algorithms.AlgorithmManagerTest.beforeEachTest(AlgorithmManagerTest.java:61)

testEnumCalibration(org.yamcs.algorithms.AlgorithmManagerTest)  Time elapsed: 0.59 sec  <<< ERROR!
java.lang.NullPointerException
	at org.yamcs.algorithms.AlgorithmManagerTest.afterEachTest(AlgorithmManagerTest.java:81)

testBooleanAlgorithms(org.yamcs.algorithms.AlgorithmManagerTest)  Time elapsed: 0.598 sec  <<< ERROR!
org.yamcs.xtce.SpreadsheetLoadException: refmdb.xls:CommandVerification:0: Could not load spreadsheet: java.lang.NullPointerException
	at org.yamcs.algorithms.AlgorithmManagerTest.beforeEachTest(AlgorithmManagerTest.java:61)
Caused by: java.lang.NullPointerException
	at org.yamcs.algorithms.AlgorithmManagerTest.beforeEachTest(AlgorithmManagerTest.java:61)

testBooleanAlgorithms(org.yamcs.algorithms.AlgorithmManagerTest)  Time elapsed: 0.598 sec  <<< ERROR!
java.lang.NullPointerException
	at org.yamcs.algorithms.AlgorithmManagerTest.afterEachTest(AlgorithmManagerTest.java:81)

Running org.yamcs.algorithms.AlgorithmManagerPyTest
Tests run: 6, Failures: 0, Errors: 6, Skipped: 0, Time elapsed: 2.273 sec <<< FAILURE! - in org.yamcs.algorithms.AlgorithmManagerPyTest
testSignedIntegers(org.yamcs.algorithms.AlgorithmManagerPyTest)  Time elapsed: 0.999 sec  <<< ERROR!
org.yamcs.xtce.SpreadsheetLoadException: refmdb.xls:CommandVerification:0: Could not load spreadsheet: java.lang.NullPointerException
	at org.yamcs.algorithms.AlgorithmManagerPyTest.beforeEachTest(AlgorithmManagerPyTest.java:55)
Caused by: java.lang.NullPointerException
	at org.yamcs.algorithms.AlgorithmManagerPyTest.beforeEachTest(AlgorithmManagerPyTest.java:55)

testSignedIntegers(org.yamcs.algorithms.AlgorithmManagerPyTest)  Time elapsed: 0.999 sec  <<< ERROR!
java.lang.NullPointerException
	at org.yamcs.algorithms.AlgorithmManagerPyTest.afterEachTest(AlgorithmManagerPyTest.java:79)

testExternalLibrary(org.yamcs.algorithms.AlgorithmManagerPyTest)  Time elapsed: 0.597 sec  <<< ERROR!
org.yamcs.xtce.SpreadsheetLoadException: refmdb.xls:CommandVerification:0: Could not load spreadsheet: java.lang.NullPointerException
	at org.yamcs.algorithms.AlgorithmManagerPyTest.beforeEachTest(AlgorithmManagerPyTest.java:55)
Caused by: java.lang.NullPointerException
	at org.yamcs.algorithms.AlgorithmManagerPyTest.beforeEachTest(AlgorithmManagerPyTest.java:55)

testExternalLibrary(org.yamcs.algorithms.AlgorithmManagerPyTest)  Time elapsed: 0.597 sec  <<< ERROR!
java.lang.NullPointerException
	at org.yamcs.algorithms.AlgorithmManagerPyTest.afterEachTest(AlgorithmManagerPyTest.java:79)

testFloats(org.yamcs.algorithms.AlgorithmManagerPyTest)  Time elapsed: 0.49 sec  <<< ERROR!
org.yamcs.xtce.SpreadsheetLoadException: refmdb.xls:CommandVerification:0: Could not load spreadsheet: java.lang.NullPointerException
	at org.yamcs.algorithms.AlgorithmManagerPyTest.beforeEachTest(AlgorithmManagerPyTest.java:55)
Caused by: java.lang.NullPointerException
	at org.yamcs.algorithms.AlgorithmManagerPyTest.beforeEachTest(AlgorithmManagerPyTest.java:55)

testFloats(org.yamcs.algorithms.AlgorithmManagerPyTest)  Time elapsed: 0.491 sec  <<< ERROR!
java.lang.NullPointerException
	at org.yamcs.algorithms.AlgorithmManagerPyTest.afterEachTest(AlgorithmManagerPyTest.java:79)

Running org.yamcs.ContainerRequestManagerTest
Tests run: 1, Failures: 0, Errors: 1, Skipped: 0, Time elapsed: 1.057 sec <<< FAILURE! - in org.yamcs.ContainerRequestManagerTest
testSubscriptions(org.yamcs.ContainerRequestManagerTest)  Time elapsed: 0.89 sec  <<< ERROR!
org.yamcs.xtce.SpreadsheetLoadException: refmdb.xls:CommandVerification:0: Could not load spreadsheet: java.lang.NullPointerException
	at org.yamcs.ContainerRequestManagerTest.testSubscriptions(ContainerRequestManagerTest.java:32)
Caused by: java.lang.NullPointerException
	at org.yamcs.ContainerRequestManagerTest.testSubscriptions(ContainerRequestManagerTest.java:32)

Running org.yamcs.parameter.ValueTest
Tests run: 1, Failures: 0, Errors: 0, Skipped: 1, Time elapsed: 0.054 sec - in org.yamcs.parameter.ValueTest
Running org.yamcs.parameter.ParameterCacheTest
Tests run: 5, Failures: 0, Errors: 0, Skipped: 1, Time elapsed: 0.112 sec - in org.yamcs.parameter.ParameterCacheTest
Running org.yamcs.parameter.ParameterValueListTest
Tests run: 5, Failures: 0, Errors: 0, Skipped: 0, Time elapsed: 0.134 sec - in org.yamcs.parameter.ParameterValueListTest
Running org.yamcs.parameter.SubsriptionArrayTest
Tests run: 1, Failures: 0, Errors: 0, Skipped: 0, Time elapsed: 0.056 sec - in org.yamcs.parameter.SubsriptionArrayTest
Running org.yamcs.parameter.SoftwareParameterManagerTest
Tests run: 1, Failures: 0, Errors: 1, Skipped: 0, Time elapsed: 1.052 sec <<< FAILURE! - in org.yamcs.parameter.SoftwareParameterManagerTest
test(org.yamcs.parameter.SoftwareParameterManagerTest)  Time elapsed: 0.948 sec  <<< ERROR!
org.yamcs.xtce.SpreadsheetLoadException: refmdb.xls:CommandVerification:0: Could not load spreadsheet: java.lang.NullPointerException
	at org.yamcs.parameter.SoftwareParameterManagerTest.test(SoftwareParameterManagerTest.java:39)
Caused by: java.lang.NullPointerException
	at org.yamcs.parameter.SoftwareParameterManagerTest.test(SoftwareParameterManagerTest.java:39)

Running org.yamcs.ui.eventviewer.UtilsTest
Tests run: 3, Failures: 0, Errors: 0, Skipped: 0, Time elapsed: 0.061 sec - in org.yamcs.ui.eventviewer.UtilsTest
Running org.yamcs.web.rest.archive.RestDownsamplerTest
Tests run: 1, Failures: 0, Errors: 0, Skipped: 0, Time elapsed: 0.132 sec - in org.yamcs.web.rest.archive.RestDownsamplerTest
Running org.yamcs.web.rest.mdb.XtceToGpbAssemblerTest
Tests run: 3, Failures: 0, Errors: 3, Skipped: 0, Time elapsed: 2.365 sec <<< FAILURE! - in org.yamcs.web.rest.mdb.XtceToGpbAssemblerTest
toCommandInfo_float_test(org.yamcs.web.rest.mdb.XtceToGpbAssemblerTest)  Time elapsed: 0.851 sec  <<< ERROR!
org.yamcs.xtce.SpreadsheetLoadException: refmdb.xls:CommandVerification:0: Could not load spreadsheet: java.lang.NullPointerException
	at org.yamcs.web.rest.mdb.XtceToGpbAssemblerTest.toCommandInfo_float_test(XtceToGpbAssemblerTest.java:32)
Caused by: java.lang.NullPointerException
	at org.yamcs.web.rest.mdb.XtceToGpbAssemblerTest.toCommandInfo_float_test(XtceToGpbAssemblerTest.java:32)

toCommandInfo_calib_test(org.yamcs.web.rest.mdb.XtceToGpbAssemblerTest)  Time elapsed: 0.723 sec  <<< ERROR!
org.yamcs.xtce.SpreadsheetLoadException: refmdb.xls:CommandVerification:0: Could not load spreadsheet: java.lang.NullPointerException
	at org.yamcs.web.rest.mdb.XtceToGpbAssemblerTest.toCommandInfo_calib_test(XtceToGpbAssemblerTest.java:80)
Caused by: java.lang.NullPointerException
	at org.yamcs.web.rest.mdb.XtceToGpbAssemblerTest.toCommandInfo_calib_test(XtceToGpbAssemblerTest.java:80)

toCommandInfo_int_test(org.yamcs.web.rest.mdb.XtceToGpbAssemblerTest)  Time elapsed: 0.742 sec  <<< ERROR!
org.yamcs.xtce.SpreadsheetLoadException: refmdb.xls:CommandVerification:0: Could not load spreadsheet: java.lang.NullPointerException
	at org.yamcs.web.rest.mdb.XtceToGpbAssemblerTest.toCommandInfo_int_test(XtceToGpbAssemblerTest.java:56)
Caused by: java.lang.NullPointerException
	at org.yamcs.web.rest.mdb.XtceToGpbAssemblerTest.toCommandInfo_int_test(XtceToGpbAssemblerTest.java:56)

Running org.yamcs.web.rest.mdb.NameDescriptionSearchMatcherTest
Tests run: 1, Failures: 0, Errors: 1, Skipped: 0, Time elapsed: 1.011 sec <<< FAILURE! - in org.yamcs.web.rest.mdb.NameDescriptionSearchMatcherTest
testSearchMatch(org.yamcs.web.rest.mdb.NameDescriptionSearchMatcherTest)  Time elapsed: 0.85 sec  <<< ERROR!
org.yamcs.xtce.SpreadsheetLoadException: refmdb.xls:CommandVerification:0: Could not load spreadsheet: java.lang.NullPointerException
	at org.yamcs.web.rest.mdb.NameDescriptionSearchMatcherTest.testSearchMatch(NameDescriptionSearchMatcherTest.java:25)
Caused by: java.lang.NullPointerException
	at org.yamcs.web.rest.mdb.NameDescriptionSearchMatcherTest.testSearchMatch(NameDescriptionSearchMatcherTest.java:25)

Running org.yamcs.web.rest.RouterTest
Tests run: 10, Failures: 0, Errors: 0, Skipped: 0, Time elapsed: 0.33 sec - in org.yamcs.web.rest.RouterTest
Running org.yamcs.web.rest.RestRequestTest
Tests run: 5, Failures: 0, Errors: 0, Skipped: 0, Time elapsed: 0.141 sec - in org.yamcs.web.rest.RestRequestTest
Running org.yamcs.PermissionsTest
Tests run: 2, Failures: 0, Errors: 2, Skipped: 0, Time elapsed: 1.66 sec <<< FAILURE! - in org.yamcs.PermissionsTest
org.yamcs.PermissionsTest  Time elapsed: 1.66 sec  <<< ERROR!
org.yamcs.xtce.SpreadsheetLoadException: refmdb.xls:CommandVerification:0: Could not load spreadsheet: java.lang.NullPointerException
Caused by: java.lang.NullPointerException

org.yamcs.PermissionsTest  Time elapsed: 1.66 sec  <<< ERROR!
java.lang.NullPointerException

Running org.yamcs.parameterarchive.ParameterArchiveTest
Tests run: 5, Failures: 0, Errors: 0, Skipped: 0, Time elapsed: 0.543 sec - in org.yamcs.parameterarchive.ParameterArchiveTest
Running org.yamcs.parameterarchive.ObjectSegmentTest
Tests run: 4, Failures: 0, Errors: 0, Skipped: 0, Time elapsed: 0.216 sec - in org.yamcs.parameterarchive.ObjectSegmentTest
Running org.yamcs.parameterarchive.DoubleValueSegmentTest
Tests run: 1, Failures: 0, Errors: 0, Skipped: 0, Time elapsed: 0.063 sec - in org.yamcs.parameterarchive.DoubleValueSegmentTest
Running org.yamcs.parameterarchive.BooleanValueSegmentTest
Tests run: 1, Failures: 0, Errors: 0, Skipped: 0, Time elapsed: 0.059 sec - in org.yamcs.parameterarchive.BooleanValueSegmentTest
Running org.yamcs.parameterarchive.LongValueSegmentTest
Tests run: 2, Failures: 0, Errors: 0, Skipped: 0, Time elapsed: 0.06 sec - in org.yamcs.parameterarchive.LongValueSegmentTest
Running org.yamcs.parameterarchive.TestStructure
Tests run: 2, Failures: 0, Errors: 0, Skipped: 2, Time elapsed: 0.059 sec - in org.yamcs.parameterarchive.TestStructure
Running org.yamcs.parameterarchive.FloatValueSegmentTest
Tests run: 2, Failures: 0, Errors: 0, Skipped: 0, Time elapsed: 0.068 sec - in org.yamcs.parameterarchive.FloatValueSegmentTest
Running org.yamcs.parameterarchive.IntValueSegmentTest
Tests run: 3, Failures: 0, Errors: 0, Skipped: 0, Time elapsed: 0.069 sec - in org.yamcs.parameterarchive.IntValueSegmentTest
Running org.yamcs.parameterarchive.GenericValueSegmentTest
Tests run: 1, Failures: 0, Errors: 0, Skipped: 0, Time elapsed: 0.089 sec - in org.yamcs.parameterarchive.GenericValueSegmentTest
Running org.yamcs.parameterarchive.TimeSegmentTest
Tests run: 1, Failures: 0, Errors: 0, Skipped: 0, Time elapsed: 0.055 sec - in org.yamcs.parameterarchive.TimeSegmentTest
Running org.yamcs.parameterarchive.TestCompression
Tests run: 1, Failures: 0, Errors: 0, Skipped: 1, Time elapsed: 0.05 sec - in org.yamcs.parameterarchive.TestCompression
Running org.yamcs.parameterarchive.ParameterIdMapTest
Tests run: 1, Failures: 0, Errors: 0, Skipped: 0, Time elapsed: 0.164 sec - in org.yamcs.parameterarchive.ParameterIdMapTest
Running org.yamcs.parameterarchive.StringValueSegmentTest
Tests run: 1, Failures: 0, Errors: 0, Skipped: 0, Time elapsed: 0.067 sec - in org.yamcs.parameterarchive.StringValueSegmentTest
Running org.yamcs.parameterarchive.ParameterGroupIdMapTest
Tests run: 1, Failures: 0, Errors: 0, Skipped: 0, Time elapsed: 0.157 sec - in org.yamcs.parameterarchive.ParameterGroupIdMapTest
Running org.yamcs.xtce.SpreadsheetLoaderTest
Tests run: 5, Failures: 0, Errors: 5, Skipped: 0, Time elapsed: 3.925 sec <<< FAILURE! - in org.yamcs.xtce.SpreadsheetLoaderTest
testContainerAliases(org.yamcs.xtce.SpreadsheetLoaderTest)  Time elapsed: 1.046 sec  <<< ERROR!
org.yamcs.xtce.SpreadsheetLoadException: refmdb.xls:CommandVerification:0: Could not load spreadsheet: java.lang.NullPointerException
	at org.yamcs.xtce.SpreadsheetLoaderTest.testContainerAliases(SpreadsheetLoaderTest.java:92)
Caused by: java.lang.NullPointerException
	at org.yamcs.xtce.SpreadsheetLoaderTest.testContainerAliases(SpreadsheetLoaderTest.java:92)

testCommandVerifiers(org.yamcs.xtce.SpreadsheetLoaderTest)  Time elapsed: 0.886 sec  <<< ERROR!
org.yamcs.xtce.SpreadsheetLoadException: refmdb.xls:CommandVerification:0: Could not load spreadsheet: java.lang.NullPointerException
	at org.yamcs.xtce.SpreadsheetLoaderTest.testCommandVerifiers(SpreadsheetLoaderTest.java:58)
Caused by: java.lang.NullPointerException
	at org.yamcs.xtce.SpreadsheetLoaderTest.testCommandVerifiers(SpreadsheetLoaderTest.java:58)

testParameterAliases(org.yamcs.xtce.SpreadsheetLoaderTest)  Time elapsed: 0.783 sec  <<< ERROR!
org.yamcs.xtce.SpreadsheetLoadException: refmdb.xls:CommandVerification:0: Could not load spreadsheet: java.lang.NullPointerException
	at org.yamcs.xtce.SpreadsheetLoaderTest.testParameterAliases(SpreadsheetLoaderTest.java:20)
Caused by: java.lang.NullPointerException
	at org.yamcs.xtce.SpreadsheetLoaderTest.testParameterAliases(SpreadsheetLoaderTest.java:20)

testCommandAliases(org.yamcs.xtce.SpreadsheetLoaderTest)  Time elapsed: 0.539 sec  <<< ERROR!
org.yamcs.xtce.SpreadsheetLoadException: refmdb.xls:CommandVerification:0: Could not load spreadsheet: java.lang.NullPointerException
	at org.yamcs.xtce.SpreadsheetLoaderTest.testCommandAliases(SpreadsheetLoaderTest.java:38)
Caused by: java.lang.NullPointerException
	at org.yamcs.xtce.SpreadsheetLoaderTest.testCommandAliases(SpreadsheetLoaderTest.java:38)

testAlgorithmAliases(org.yamcs.xtce.SpreadsheetLoaderTest)  Time elapsed: 0.622 sec  <<< ERROR!
org.yamcs.xtce.SpreadsheetLoadException: refmdb.xls:CommandVerification:0: Could not load spreadsheet: java.lang.NullPointerException
	at org.yamcs.xtce.SpreadsheetLoaderTest.testAlgorithmAliases(SpreadsheetLoaderTest.java:73)
Caused by: java.lang.NullPointerException
	at org.yamcs.xtce.SpreadsheetLoaderTest.testAlgorithmAliases(SpreadsheetLoaderTest.java:73)

Running org.yamcs.IntegrationTest
Tests run: 2, Failures: 0, Errors: 2, Skipped: 0, Time elapsed: 1.58 sec <<< FAILURE! - in org.yamcs.IntegrationTest
org.yamcs.IntegrationTest  Time elapsed: 1.58 sec  <<< ERROR!
org.yamcs.xtce.SpreadsheetLoadException: refmdb.xls:CommandVerification:0: Could not load spreadsheet: java.lang.NullPointerException
Caused by: java.lang.NullPointerException

org.yamcs.IntegrationTest  Time elapsed: 1.58 sec  <<< ERROR!
java.lang.NullPointerException

Running org.yamcs.utils.TimeEncodingTest
max = 185539080470435999
5881469-05-27T23:59:59.999
Tests run: 2, Failures: 0, Errors: 0, Skipped: 0, Time elapsed: 0.094 sec - in org.yamcs.utils.TimeEncodingTest
Running org.yamcs.utils.TestBitBuffer
Tests run: 3, Failures: 0, Errors: 0, Skipped: 0, Time elapsed: 0.053 sec - in org.yamcs.utils.TestBitBuffer
Running org.yamcs.utils.SortedIntArrayTest
s2 encoded: [-1, 5, 20]
Tests run: 10, Failures: 0, Errors: 0, Skipped: 1, Time elapsed: 0.063 sec - in org.yamcs.utils.SortedIntArrayTest
Running org.yamcs.utils.VarIntUtilTest
Tests run: 3, Failures: 0, Errors: 0, Skipped: 0, Time elapsed: 0.06 sec - in org.yamcs.utils.VarIntUtilTest
Running org.yamcs.artemis.StreamAdapterTest
Dec 23 12:46:14.544 [1] org.yamcs.security.Privilege <clinit> WARNING:Privileges disabled, all connections are allowed and have full permissions
Dec 23 12:46:14.928 [1] org.apache.activemq.artemis.core.server start INFO:AMQ221000: live Message Broker is starting with configuration Broker Configuration (clustered=false,journalDirectory=data/journal,bindingsDirectory=data/bindings,largeMessagesDirectory=data/largemessages,pagingDirectory=data/paging)
Dec 23 12:46:14.966 [1] org.apache.activemq.artemis.core.server <init> INFO:AMQ221043: Protocol module found: [artemis-server]. Adding protocol support for: CORE
log4j:WARN No appenders could be found for logger (org.apache.commons.beanutils.converters.BooleanConverter).
log4j:WARN Please initialize the log4j system properly.
Dec 23 12:46:15.106 [1] org.apache.activemq.artemis.core.server run INFO:AMQ221007: Server is now live
Dec 23 12:46:15.106 [1] org.apache.activemq.artemis.core.server start INFO:AMQ221001: Apache ActiveMQ Artemis Message Broker version 1.5.0 [localhost, nodeID=ca6bd0af-c90d-11e6-8f40-0242ac11000e] 
Dec 23 12:46:15.361 [31] org.apache.activemq.artemis.core.server checkDeadLetterAddressAndExpiryAddress WARNING:AMQ222165: No Dead Letter Address configured for queue tempRpcQueue.a5cfd8ed-9ad6-4510-9134-754a008224da in AddressSettings
Dec 23 12:46:15.362 [31] org.apache.activemq.artemis.core.server checkDeadLetterAddressAndExpiryAddress WARNING:AMQ222166: No Expiry Address configured for queue tempRpcQueue.a5cfd8ed-9ad6-4510-9134-754a008224da in AddressSettings
Dec 23 12:46:15.495 [31] org.apache.activemq.artemis.core.server checkDeadLetterAddressAndExpiryAddress WARNING:AMQ222165: No Dead Letter Address configured for queue tests2h-StreamAdapter in AddressSettings
Dec 23 12:46:15.495 [31] org.apache.activemq.artemis.core.server checkDeadLetterAddressAndExpiryAddress WARNING:AMQ222166: No Expiry Address configured for queue tests2h-StreamAdapter in AddressSettings
Dec 23 12:46:15.504 [31] org.apache.activemq.artemis.core.server checkDeadLetterAddressAndExpiryAddress WARNING:AMQ222165: No Dead Letter Address configured for queue tempDataQueue.b54bd2b3-0562-4405-8585-6542ac57d7b9 in AddressSettings
Dec 23 12:46:15.504 [31] org.apache.activemq.artemis.core.server checkDeadLetterAddressAndExpiryAddress WARNING:AMQ222166: No Expiry Address configured for queue tempDataQueue.b54bd2b3-0562-4405-8585-6542ac57d7b9 in AddressSettings
Dec 23 12:46:15.577 [31] org.apache.activemq.artemis.core.server checkDeadLetterAddressAndExpiryAddress WARNING:AMQ222165: No Dead Letter Address configured for queue tests2h-StreamAdapter in AddressSettings
Dec 23 12:46:15.577 [31] org.apache.activemq.artemis.core.server checkDeadLetterAddressAndExpiryAddress WARNING:AMQ222166: No Expiry Address configured for queue tests2h-StreamAdapter in AddressSettings
Dec 23 12:46:15.586 [31] org.apache.activemq.artemis.core.server checkDeadLetterAddressAndExpiryAddress WARNING:AMQ222165: No Dead Letter Address configured for queue tempDataQueue.782ad52e-a2da-4ac7-9bcf-f58d58a8efa0 in AddressSettings
Dec 23 12:46:15.587 [31] org.apache.activemq.artemis.core.server checkDeadLetterAddressAndExpiryAddress WARNING:AMQ222166: No Expiry Address configured for queue tempDataQueue.782ad52e-a2da-4ac7-9bcf-f58d58a8efa0 in AddressSettings
Dec 23 12:46:15.605 [34] org.apache.activemq.artemis.core.client fail WARNING:AMQ212037: Connection failure has been detected: AMQ119015: The connection was disconnected because of server shutdown [code=DISCONNECTED]
Dec 23 12:46:15.609 [1] org.apache.activemq.artemis.core.server stop INFO:AMQ221002: Apache ActiveMQ Artemis Message Broker version 1.5.0 [ca6bd0af-c90d-11e6-8f40-0242ac11000e] stopped, uptime 0.714 seconds
Tests run: 2, Failures: 0, Errors: 0, Skipped: 0, Time elapsed: 1.25 sec - in org.yamcs.artemis.StreamAdapterTest
Running org.yamcs.artemis.ProducerKillerTest
log4j:WARN No appenders could be found for logger (org.jboss.logging).
log4j:WARN Please initialize the log4j system properly.
Dec 23 12:47:18.734 [241] org.yamcs.api.artemis.Protocol onMessage WARNING:closing producer org.apache.activemq.artemis.core.client.impl.ClientProducerImpl@1d296da because the consumer to the address tempDataAddress.18de0645-e179-4215-871a-83c2ece1470e has closed
ActiveMQObjectClosedException[errorType=OBJECT_CLOSED message=AMQ119018: Producer is closed]
	at org.apache.activemq.artemis.core.client.impl.ClientProducerImpl.checkClosed(ClientProducerImpl.java:292)
	at org.apache.activemq.artemis.core.client.impl.ClientProducerImpl.send(ClientProducerImpl.java:124)
	at org.yamcs.api.artemis.YamcsClient.sendData(YamcsClient.java:380)
	at org.yamcs.artemis.ProducerKillerTest$2.run(ProducerKillerTest.java:58)
	at java.lang.Thread.run(Thread.java:745)
Tests run: 1, Failures: 0, Errors: 0, Skipped: 0, Time elapsed: 62.661 sec - in org.yamcs.artemis.ProducerKillerTest
Running org.yamcs.ParameterArchiveIntegrationTest
Tests run: 2, Failures: 0, Errors: 2, Skipped: 0, Time elapsed: 1.36 sec <<< FAILURE! - in org.yamcs.ParameterArchiveIntegrationTest
org.yamcs.ParameterArchiveIntegrationTest  Time elapsed: 1.36 sec  <<< ERROR!
org.yamcs.xtce.SpreadsheetLoadException: refmdb.xls:CommandVerification:0: Could not load spreadsheet: java.lang.NullPointerException
Caused by: java.lang.NullPointerException

org.yamcs.ParameterArchiveIntegrationTest  Time elapsed: 1.36 sec  <<< ERROR!
java.lang.NullPointerException

Running org.yamcs.alarms.AlarmServerTest
Tests run: 6, Failures: 0, Errors: 0, Skipped: 0, Time elapsed: 0.134 sec - in org.yamcs.alarms.AlarmServerTest
Running org.yamcs.archive.CcsdsTmIndexTest
Tests run: 3, Failures: 0, Errors: 0, Skipped: 1, Time elapsed: 0.276 sec - in org.yamcs.archive.CcsdsTmIndexTest
Running org.yamcs.archive.PpTupleTranslatorTest
Dec 23 12:47:22.815 [1] org.yamcs.security.Privilege <clinit> WARNING:Privileges disabled, all connections are allowed and have full permissions
Dec 23 12:47:23.111 [1] org.apache.activemq.artemis.core.server start INFO:AMQ221000: live Message Broker is starting with configuration Broker Configuration (clustered=false,journalDirectory=data/journal,bindingsDirectory=data/bindings,largeMessagesDirectory=data/largemessages,pagingDirectory=data/paging)
Dec 23 12:47:23.148 [1] org.apache.activemq.artemis.core.server <init> INFO:AMQ221043: Protocol module found: [artemis-server]. Adding protocol support for: CORE
log4j:WARN No appenders could be found for logger (org.apache.commons.beanutils.converters.BooleanConverter).
log4j:WARN Please initialize the log4j system properly.
Dec 23 12:47:23.283 [1] org.apache.activemq.artemis.core.server run INFO:AMQ221007: Server is now live
Dec 23 12:47:23.283 [1] org.apache.activemq.artemis.core.server start INFO:AMQ221001: Apache ActiveMQ Artemis Message Broker version 1.5.0 [localhost, nodeID=f30f9045-c90d-11e6-8a46-0242ac11000e] 
Dec 23 12:47:23.399 [31] org.apache.activemq.artemis.core.server checkDeadLetterAddressAndExpiryAddress WARNING:AMQ222165: No Dead Letter Address configured for queue tempRpcQueue.5c96e1ec-66b5-4342-957e-a99293d644e7 in AddressSettings
Dec 23 12:47:23.400 [31] org.apache.activemq.artemis.core.server checkDeadLetterAddressAndExpiryAddress WARNING:AMQ222166: No Expiry Address configured for queue tempRpcQueue.5c96e1ec-66b5-4342-957e-a99293d644e7 in AddressSettings
Dec 23 12:47:24.246 [1] org.apache.activemq.artemis.core.server stop INFO:AMQ221002: Apache ActiveMQ Artemis Message Broker version 1.5.0 [f30f9045-c90d-11e6-8a46-0242ac11000e] stopped, uptime 1.169 seconds
Tests run: 1, Failures: 0, Errors: 1, Skipped: 0, Time elapsed: 1.611 sec <<< FAILURE! - in org.yamcs.archive.PpTupleTranslatorTest
testTranslation(org.yamcs.archive.PpTupleTranslatorTest)  Time elapsed: 0.801 sec  <<< ERROR!
org.yamcs.xtce.SpreadsheetLoadException: refmdb.xls:CommandVerification:0: Could not load spreadsheet: java.lang.NullPointerException
	at org.yamcs.archive.PpTupleTranslatorTest.testTranslation(PpTupleTranslatorTest.java:125)
Caused by: java.lang.NullPointerException
	at org.yamcs.archive.PpTupleTranslatorTest.testTranslation(PpTupleTranslatorTest.java:125)

Running org.yamcs.archive.CmdHistoryRecordingTest
Dec 23 12:47:24.944 [1] org.yamcs.security.Privilege <clinit> WARNING:Privileges disabled, all connections are allowed and have full permissions
Dec 23 12:47:25.254 [1] org.apache.activemq.artemis.core.server start INFO:AMQ221000: live Message Broker is starting with configuration Broker Configuration (clustered=false,journalDirectory=data/journal,bindingsDirectory=data/bindings,largeMessagesDirectory=data/largemessages,pagingDirectory=data/paging)
Dec 23 12:47:25.290 [1] org.apache.activemq.artemis.core.server <init> INFO:AMQ221043: Protocol module found: [artemis-server]. Adding protocol support for: CORE
log4j:WARN No appenders could be found for logger (org.apache.commons.beanutils.converters.BooleanConverter).
log4j:WARN Please initialize the log4j system properly.
Dec 23 12:47:25.440 [1] org.apache.activemq.artemis.core.server run INFO:AMQ221007: Server is now live
Dec 23 12:47:25.441 [1] org.apache.activemq.artemis.core.server start INFO:AMQ221001: Apache ActiveMQ Artemis Message Broker version 1.5.0 [localhost, nodeID=f4568fc6-c90d-11e6-98e6-0242ac11000e] 
Dec 23 12:47:25.553 [31] org.apache.activemq.artemis.core.server checkDeadLetterAddressAndExpiryAddress WARNING:AMQ222165: No Dead Letter Address configured for queue tempRpcQueue.dd0ffb95-0230-4e0b-ba0d-feb913439deb in AddressSettings
Dec 23 12:47:25.553 [31] org.apache.activemq.artemis.core.server checkDeadLetterAddressAndExpiryAddress WARNING:AMQ222166: No Expiry Address configured for queue tempRpcQueue.dd0ffb95-0230-4e0b-ba0d-feb913439deb in AddressSettings
Dec 23 12:47:25.709 [1] org.yamcs.archive.CommandHistoryRecorder[yarchtest_CmdHistoryRecordingTest] doStart SEVERE:The stream cmdhist_dump has not been found
Dec 23 12:47:25.824 [31] org.apache.activemq.artemis.core.server checkDeadLetterAddressAndExpiryAddress WARNING:AMQ222165: No Dead Letter Address configured for queue tempRpcQueue.0ec4068b-8b02-429a-90f2-e40b69dc73ef in AddressSettings
Dec 23 12:47:25.825 [31] org.apache.activemq.artemis.core.server checkDeadLetterAddressAndExpiryAddress WARNING:AMQ222166: No Expiry Address configured for queue tempRpcQueue.0ec4068b-8b02-429a-90f2-e40b69dc73ef in AddressSettings
Dec 23 12:47:25.838 [31] org.apache.activemq.artemis.core.server checkDeadLetterAddressAndExpiryAddress WARNING:AMQ222165: No Dead Letter Address configured for queue tempRpcQueue.b5d2ad9a-b2f5-401f-bdce-9d5a00184765 in AddressSettings
Dec 23 12:47:25.838 [31] org.apache.activemq.artemis.core.server checkDeadLetterAddressAndExpiryAddress WARNING:AMQ222166: No Expiry Address configured for queue tempRpcQueue.b5d2ad9a-b2f5-401f-bdce-9d5a00184765 in AddressSettings
Dec 23 12:47:25.848 [31] org.apache.activemq.artemis.core.server checkDeadLetterAddressAndExpiryAddress WARNING:AMQ222165: No Dead Letter Address configured for queue tempDataQueue.f0d80bfa-553e-4cc9-8311-a362e430dbdc in AddressSettings
Dec 23 12:47:25.848 [31] org.apache.activemq.artemis.core.server checkDeadLetterAddressAndExpiryAddress WARNING:AMQ222166: No Expiry Address configured for queue tempDataQueue.f0d80bfa-553e-4cc9-8311-a362e430dbdc in AddressSettings
Dec 23 12:47:25.889 [31] org.apache.activemq.artemis.core.server checkDeadLetterAddressAndExpiryAddress WARNING:AMQ222165: No Dead Letter Address configured for queue tempRpcQueue.d74219a3-ddf9-4092-86e9-28022a948894 in AddressSettings
Dec 23 12:47:25.889 [31] org.apache.activemq.artemis.core.server checkDeadLetterAddressAndExpiryAddress WARNING:AMQ222166: No Expiry Address configured for queue tempRpcQueue.d74219a3-ddf9-4092-86e9-28022a948894 in AddressSettings
Dec 23 12:47:25.898 [31] org.apache.activemq.artemis.core.server checkDeadLetterAddressAndExpiryAddress WARNING:AMQ222165: No Dead Letter Address configured for queue ProducerKiller in AddressSettings
Dec 23 12:47:25.898 [31] org.apache.activemq.artemis.core.server checkDeadLetterAddressAndExpiryAddress WARNING:AMQ222166: No Expiry Address configured for queue ProducerKiller in AddressSettings
Dec 23 12:47:26.737 [37] org.yamcs.archive.ReplayServer createReplay WARNING:Got exception when creating a replay object: : org.yamcs.xtce.SpreadsheetLoadException: refmdb.xls:CommandVerification:0: Could not load spreadsheet: java.lang.NullPointerException
	org.yamcs.xtce.SpreadsheetLoader.load(SpreadsheetLoader.java:222)
	org.yamcs.xtceproc.XtceDbFactory$LoaderTree.load(XtceDbFactory.java:522)
	org.yamcs.xtceproc.XtceDbFactory$LoaderTree.load(XtceDbFactory.java:525)
	org.yamcs.xtceproc.XtceDbFactory.createInstance(XtceDbFactory.java:114)
	org.yamcs.xtceproc.XtceDbFactory.createInstanceByConfig(XtceDbFactory.java:66)
	org.yamcs.xtceproc.XtceDbFactory.getInstanceByConfig(XtceDbFactory.java:445)
	org.yamcs.xtceproc.XtceDbFactory.getInstance(XtceDbFactory.java:429)
	org.yamcs.archive.ReplayServer.createReplay(ReplayServer.java:119)
	org.yamcs.artemis.ArtemisRetrievalServer.createReplay(ArtemisRetrievalServer.java:170)
	org.yamcs.artemis.ArtemisRetrievalServer.run(ArtemisRetrievalServer.java:92)
	com.google.common.util.concurrent.AbstractExecutionThreadService$1$2.run(AbstractExecutionThreadService.java:60)
	com.google.common.util.concurrent.Callables$3.run(Callables.java:95)
	java.lang.Thread.run(Thread.java:745)
Caused by: java.lang.NullPointerException
	org.yamcs.xtce.SpreadsheetLoader.loadCommandVerificationSheet(SpreadsheetLoader.java:1218)
	org.yamcs.xtce.SpreadsheetLoader.loadSpaceSystem(SpreadsheetLoader.java:272)
	org.yamcs.xtce.SpreadsheetLoader.loadSheets(SpreadsheetLoader.java:258)
	org.yamcs.xtce.SpreadsheetLoader.load(SpreadsheetLoader.java:218)
	org.yamcs.xtceproc.XtceDbFactory$LoaderTree.load(XtceDbFactory.java:522)
	org.yamcs.xtceproc.XtceDbFactory$LoaderTree.load(XtceDbFactory.java:525)
	org.yamcs.xtceproc.XtceDbFactory.createInstance(XtceDbFactory.java:114)
	org.yamcs.xtceproc.XtceDbFactory.createInstanceByConfig(XtceDbFactory.java:66)
	org.yamcs.xtceproc.XtceDbFactory.getInstanceByConfig(XtceDbFactory.java:445)
	org.yamcs.xtceproc.XtceDbFactory.getInstance(XtceDbFactory.java:429)
	org.yamcs.archive.ReplayServer.createReplay(ReplayServer.java:119)
	org.yamcs.artemis.ArtemisRetrievalServer.createReplay(ArtemisRetrievalServer.java:170)
	org.yamcs.artemis.ArtemisRetrievalServer.run(ArtemisRetrievalServer.java:92)
	com.google.common.util.concurrent.AbstractExecutionThreadService$1$2.run(AbstractExecutionThreadService.java:60)
	com.google.common.util.concurrent.Callables$3.run(Callables.java:95)
	java.lang.Thread.run(Thread.java:745)

Dec 23 12:47:26.755 [1] org.apache.activemq.artemis.core.server stop INFO:AMQ221002: Apache ActiveMQ Artemis Message Broker version 1.5.0 [f4568fc6-c90d-11e6-98e6-0242ac11000e] stopped, uptime 1.538 seconds
Tests run: 1, Failures: 0, Errors: 1, Skipped: 0, Time elapsed: 1.993 sec <<< FAILURE! - in org.yamcs.archive.CmdHistoryRecordingTest
testRecording(org.yamcs.archive.CmdHistoryRecordingTest)  Time elapsed: 1.151 sec  <<< ERROR!
org.yamcs.YamcsException: Got exception when creating a replay. refmdb.xls:CommandVerification:0: Could not load spreadsheet: java.lang.NullPointerException
	at org.yamcs.archive.CmdHistoryRecordingTest.testRecording(CmdHistoryRecordingTest.java:120)

Running org.yamcs.archive.EventRecordingTest
Dec 23 12:47:27.461 [1] org.yamcs.security.Privilege <clinit> WARNING:Privileges disabled, all connections are allowed and have full permissions
Dec 23 12:47:27.762 [1] org.apache.activemq.artemis.core.server start INFO:AMQ221000: live Message Broker is starting with configuration Broker Configuration (clustered=false,journalDirectory=data/journal,bindingsDirectory=data/bindings,largeMessagesDirectory=data/largemessages,pagingDirectory=data/paging)
Dec 23 12:47:27.799 [1] org.apache.activemq.artemis.core.server <init> INFO:AMQ221043: Protocol module found: [artemis-server]. Adding protocol support for: CORE
log4j:WARN No appenders could be found for logger (org.apache.commons.beanutils.converters.BooleanConverter).
log4j:WARN Please initialize the log4j system properly.
Dec 23 12:47:27.934 [1] org.apache.activemq.artemis.core.server run INFO:AMQ221007: Server is now live
Dec 23 12:47:27.934 [1] org.apache.activemq.artemis.core.server start INFO:AMQ221001: Apache ActiveMQ Artemis Message Broker version 1.5.0 [localhost, nodeID=f5d5677e-c90d-11e6-90e8-0242ac11000e] 
Dec 23 12:47:28.048 [31] org.apache.activemq.artemis.core.server checkDeadLetterAddressAndExpiryAddress WARNING:AMQ222165: No Dead Letter Address configured for queue tempRpcQueue.e8351a94-0bca-4483-a110-0d9c51a3a83a in AddressSettings
Dec 23 12:47:28.048 [31] org.apache.activemq.artemis.core.server checkDeadLetterAddressAndExpiryAddress WARNING:AMQ222166: No Expiry Address configured for queue tempRpcQueue.e8351a94-0bca-4483-a110-0d9c51a3a83a in AddressSettings
Dec 23 12:47:28.243 [31] org.apache.activemq.artemis.core.server checkDeadLetterAddressAndExpiryAddress WARNING:AMQ222165: No Dead Letter Address configured for queue events_realtime-StreamAdapter in AddressSettings
Dec 23 12:47:28.243 [31] org.apache.activemq.artemis.core.server checkDeadLetterAddressAndExpiryAddress WARNING:AMQ222166: No Expiry Address configured for queue events_realtime-StreamAdapter in AddressSettings
Dec 23 12:47:28.252 [31] org.apache.activemq.artemis.core.server checkDeadLetterAddressAndExpiryAddress WARNING:AMQ222165: No Dead Letter Address configured for queue tempDataQueue.1c022c79-6e9a-4f9c-99c0-40c0a6b73e7f in AddressSettings
Dec 23 12:47:28.252 [31] org.apache.activemq.artemis.core.server checkDeadLetterAddressAndExpiryAddress WARNING:AMQ222166: No Expiry Address configured for queue tempDataQueue.1c022c79-6e9a-4f9c-99c0-40c0a6b73e7f in AddressSettings
Dec 23 12:47:31.319 [31] org.apache.activemq.artemis.core.server checkDeadLetterAddressAndExpiryAddress WARNING:AMQ222165: No Dead Letter Address configured for queue tempRpcQueue.3012c4d3-65bf-4547-a17a-53340de36ff1 in AddressSettings
Dec 23 12:47:31.319 [31] org.apache.activemq.artemis.core.server checkDeadLetterAddressAndExpiryAddress WARNING:AMQ222166: No Expiry Address configured for queue tempRpcQueue.3012c4d3-65bf-4547-a17a-53340de36ff1 in AddressSettings
Dec 23 12:47:31.330 [31] org.apache.activemq.artemis.core.server checkDeadLetterAddressAndExpiryAddress WARNING:AMQ222165: No Dead Letter Address configured for queue tempRpcQueue.d16f40cc-c178-411d-8a5f-661d503992b5 in AddressSettings
Dec 23 12:47:31.330 [31] org.apache.activemq.artemis.core.server checkDeadLetterAddressAndExpiryAddress WARNING:AMQ222166: No Expiry Address configured for queue tempRpcQueue.d16f40cc-c178-411d-8a5f-661d503992b5 in AddressSettings
Dec 23 12:47:31.337 [31] org.apache.activemq.artemis.core.server checkDeadLetterAddressAndExpiryAddress WARNING:AMQ222165: No Dead Letter Address configured for queue tempDataQueue.b8ff240c-eb8b-46ff-8bbb-dee0ed3081de in AddressSettings
Dec 23 12:47:31.338 [31] org.apache.activemq.artemis.core.server checkDeadLetterAddressAndExpiryAddress WARNING:AMQ222166: No Expiry Address configured for queue tempDataQueue.b8ff240c-eb8b-46ff-8bbb-dee0ed3081de in AddressSettings
Dec 23 12:47:31.364 [49] org.apache.activemq.artemis.core.server checkDeadLetterAddressAndExpiryAddress WARNING:AMQ222165: No Dead Letter Address configured for queue tempRpcQueue.c67da01a-1d0b-474d-9670-1a98ac10ffa8 in AddressSettings
Dec 23 12:47:31.364 [49] org.apache.activemq.artemis.core.server checkDeadLetterAddressAndExpiryAddress WARNING:AMQ222166: No Expiry Address configured for queue tempRpcQueue.c67da01a-1d0b-474d-9670-1a98ac10ffa8 in AddressSettings
Dec 23 12:47:31.373 [49] org.apache.activemq.artemis.core.server checkDeadLetterAddressAndExpiryAddress WARNING:AMQ222165: No Dead Letter Address configured for queue ProducerKiller in AddressSettings
Dec 23 12:47:31.373 [49] org.apache.activemq.artemis.core.server checkDeadLetterAddressAndExpiryAddress WARNING:AMQ222166: No Expiry Address configured for queue ProducerKiller in AddressSettings
Dec 23 12:47:32.146 [48] org.yamcs.archive.ReplayServer createReplay WARNING:Got exception when creating a replay object: : org.yamcs.xtce.SpreadsheetLoadException: refmdb.xls:CommandVerification:0: Could not load spreadsheet: java.lang.NullPointerException
	org.yamcs.xtce.SpreadsheetLoader.load(SpreadsheetLoader.java:222)
	org.yamcs.xtceproc.XtceDbFactory$LoaderTree.load(XtceDbFactory.java:522)
	org.yamcs.xtceproc.XtceDbFactory$LoaderTree.load(XtceDbFactory.java:525)
	org.yamcs.xtceproc.XtceDbFactory.createInstance(XtceDbFactory.java:114)
	org.yamcs.xtceproc.XtceDbFactory.createInstanceByConfig(XtceDbFactory.java:66)
	org.yamcs.xtceproc.XtceDbFactory.getInstanceByConfig(XtceDbFactory.java:445)
	org.yamcs.xtceproc.XtceDbFactory.getInstance(XtceDbFactory.java:429)
	org.yamcs.archive.ReplayServer.createReplay(ReplayServer.java:119)
	org.yamcs.artemis.ArtemisRetrievalServer.createReplay(ArtemisRetrievalServer.java:170)
	org.yamcs.artemis.ArtemisRetrievalServer.run(ArtemisRetrievalServer.java:92)
	com.google.common.util.concurrent.AbstractExecutionThreadService$1$2.run(AbstractExecutionThreadService.java:60)
	com.google.common.util.concurrent.Callables$3.run(Callables.java:95)
	java.lang.Thread.run(Thread.java:745)
Caused by: java.lang.NullPointerException
	org.yamcs.xtce.SpreadsheetLoader.loadCommandVerificationSheet(SpreadsheetLoader.java:1218)
	org.yamcs.xtce.SpreadsheetLoader.loadSpaceSystem(SpreadsheetLoader.java:272)
	org.yamcs.xtce.SpreadsheetLoader.loadSheets(SpreadsheetLoader.java:258)
	org.yamcs.xtce.SpreadsheetLoader.load(SpreadsheetLoader.java:218)
	org.yamcs.xtceproc.XtceDbFactory$LoaderTree.load(XtceDbFactory.java:522)
	org.yamcs.xtceproc.XtceDbFactory$LoaderTree.load(XtceDbFactory.java:525)
	org.yamcs.xtceproc.XtceDbFactory.createInstance(XtceDbFactory.java:114)
	org.yamcs.xtceproc.XtceDbFactory.createInstanceByConfig(XtceDbFactory.java:66)
	org.yamcs.xtceproc.XtceDbFactory.getInstanceByConfig(XtceDbFactory.java:445)
	org.yamcs.xtceproc.XtceDbFactory.getInstance(XtceDbFactory.java:429)
	org.yamcs.archive.ReplayServer.createReplay(ReplayServer.java:119)
	org.yamcs.artemis.ArtemisRetrievalServer.createReplay(ArtemisRetrievalServer.java:170)
	org.yamcs.artemis.ArtemisRetrievalServer.run(ArtemisRetrievalServer.java:92)
	com.google.common.util.concurrent.AbstractExecutionThreadService$1$2.run(AbstractExecutionThreadService.java:60)
	com.google.common.util.concurrent.Callables$3.run(Callables.java:95)
	java.lang.Thread.run(Thread.java:745)

Dec 23 12:47:32.174 [1] org.apache.activemq.artemis.core.server stop INFO:AMQ221002: Apache ActiveMQ Artemis Message Broker version 1.5.0 [f5d5677e-c90d-11e6-90e8-0242ac11000e] stopped, uptime 4.444 seconds
Tests run: 1, Failures: 0, Errors: 1, Skipped: 0, Time elapsed: 4.898 sec <<< FAILURE! - in org.yamcs.archive.EventRecordingTest
testRecording(org.yamcs.archive.EventRecordingTest)  Time elapsed: 4.065 sec  <<< ERROR!
org.yamcs.YamcsException: Got exception when creating a replay. refmdb.xls:CommandVerification:0: Could not load spreadsheet: java.lang.NullPointerException
	at org.yamcs.archive.EventRecordingTest.testRecording(EventRecordingTest.java:153)

Running org.yamcs.YamcsServerArtemisTest
Dec 23 12:47:32.956 [1] org.yamcs.security.Privilege <clinit> WARNING:Privileges disabled, all connections are allowed and have full permissions
Dec 23 12:47:33.268 [1] org.apache.activemq.artemis.core.server start INFO:AMQ221000: live Message Broker is starting with configuration Broker Configuration (clustered=false,journalDirectory=data/journal,bindingsDirectory=data/bindings,largeMessagesDirectory=data/largemessages,pagingDirectory=data/paging)
Dec 23 12:47:33.305 [1] org.apache.activemq.artemis.core.server <init> INFO:AMQ221043: Protocol module found: [artemis-server]. Adding protocol support for: CORE
log4j:WARN No appenders could be found for logger (org.apache.commons.beanutils.converters.BooleanConverter).
log4j:WARN Please initialize the log4j system properly.
Dec 23 12:47:33.437 [1] org.apache.activemq.artemis.core.server run INFO:AMQ221007: Server is now live
Dec 23 12:47:33.438 [1] org.apache.activemq.artemis.core.server start INFO:AMQ221001: Apache ActiveMQ Artemis Message Broker version 1.5.0 [localhost, nodeID=f91d65d0-c90d-11e6-80c3-0242ac11000e] 
Dec 23 12:47:33.569 [32] org.apache.activemq.artemis.core.server checkDeadLetterAddressAndExpiryAddress WARNING:AMQ222165: No Dead Letter Address configured for queue tempRpcQueue.fbb1ef7e-fdd1-4e2b-bbd2-2f94bd2b78e3 in AddressSettings
Dec 23 12:47:33.569 [32] org.apache.activemq.artemis.core.server checkDeadLetterAddressAndExpiryAddress WARNING:AMQ222166: No Expiry Address configured for queue tempRpcQueue.fbb1ef7e-fdd1-4e2b-bbd2-2f94bd2b78e3 in AddressSettings
Dec 23 12:47:34.705 [1] org.apache.activemq.artemis.core.server stop INFO:AMQ221002: Apache ActiveMQ Artemis Message Broker version 1.5.0 [f91d65d0-c90d-11e6-80c3-0242ac11000e] stopped, uptime 1.470 seconds
Tests run: 1, Failures: 0, Errors: 1, Skipped: 0, Time elapsed: 2 sec <<< FAILURE! - in org.yamcs.YamcsServerArtemisTest
org.yamcs.YamcsServerArtemisTest  Time elapsed: 2 sec  <<< ERROR!
org.yamcs.xtce.SpreadsheetLoadException: refmdb.xls:CommandVerification:0: Could not load spreadsheet: java.lang.NullPointerException
	at org.yamcs.YamcsServerArtemisTest.setupYamcs(YamcsServerArtemisTest.java:34)
Caused by: java.lang.NullPointerException
	at org.yamcs.YamcsServerArtemisTest.setupYamcs(YamcsServerArtemisTest.java:34)

Running org.yamcs.api.rest.HttpClientTest
Tests run: 2, Failures: 0, Errors: 2, Skipped: 0, Time elapsed: 1.64 sec <<< FAILURE! - in org.yamcs.api.rest.HttpClientTest
org.yamcs.api.rest.HttpClientTest  Time elapsed: 1.64 sec  <<< ERROR!
org.yamcs.xtce.SpreadsheetLoadException: refmdb.xls:CommandVerification:0: Could not load spreadsheet: java.lang.NullPointerException
Caused by: java.lang.NullPointerException

org.yamcs.api.rest.HttpClientTest  Time elapsed: 1.64 sec  <<< ERROR!
java.lang.NullPointerException

Running org.yamcs.api.artemis.ArtemisEventProducerTest
Dec 23 12:47:37.572 [1] org.yamcs.security.Privilege <clinit> WARNING:Privileges disabled, all connections are allowed and have full permissions
Dec 23 12:47:37.878 [1] org.apache.activemq.artemis.core.server start INFO:AMQ221000: live Message Broker is starting with configuration Broker Configuration (clustered=false,journalDirectory=data/journal,bindingsDirectory=data/bindings,largeMessagesDirectory=data/largemessages,pagingDirectory=data/paging)
Dec 23 12:47:37.915 [1] org.apache.activemq.artemis.core.server <init> INFO:AMQ221043: Protocol module found: [artemis-server]. Adding protocol support for: CORE
log4j:WARN No appenders could be found for logger (org.apache.commons.beanutils.converters.BooleanConverter).
log4j:WARN Please initialize the log4j system properly.
Dec 23 12:47:38.046 [1] org.apache.activemq.artemis.core.server run INFO:AMQ221007: Server is now live
Dec 23 12:47:38.046 [1] org.apache.activemq.artemis.core.server start INFO:AMQ221001: Apache ActiveMQ Artemis Message Broker version 1.5.0 [localhost, nodeID=fbdcfb3a-c90d-11e6-adce-0242ac11000e] 
Dec 23 12:47:38.156 [31] org.apache.activemq.artemis.core.server checkDeadLetterAddressAndExpiryAddress WARNING:AMQ222165: No Dead Letter Address configured for queue tempRpcQueue.a742bd91-5011-4d1f-8777-ee1230e49bb4 in AddressSettings
Dec 23 12:47:38.156 [31] org.apache.activemq.artemis.core.server checkDeadLetterAddressAndExpiryAddress WARNING:AMQ222166: No Expiry Address configured for queue tempRpcQueue.a742bd91-5011-4d1f-8777-ee1230e49bb4 in AddressSettings
Dec 23 12:47:38.265 [35] org.apache.activemq.artemis.core.server checkDeadLetterAddressAndExpiryAddress WARNING:AMQ222165: No Dead Letter Address configured for queue tempDataQueue.c14f6183-367f-45a1-8945-1b088ff8d435 in AddressSettings
Dec 23 12:47:38.266 [35] org.apache.activemq.artemis.core.server checkDeadLetterAddressAndExpiryAddress WARNING:AMQ222166: No Expiry Address configured for queue tempDataQueue.c14f6183-367f-45a1-8945-1b088ff8d435 in AddressSettings
Dec 23 12:47:38.354 [36] org.apache.activemq.artemis.core.client fail WARNING:AMQ212037: Connection failure has been detected: AMQ119015: The connection was disconnected because of server shutdown [code=DISCONNECTED]
Dec 23 12:47:38.358 [1] org.apache.activemq.artemis.core.server stop INFO:AMQ221002: Apache ActiveMQ Artemis Message Broker version 1.5.0 [fbdcfb3a-c90d-11e6-adce-0242ac11000e] stopped, uptime 0.514 seconds
Tests run: 1, Failures: 0, Errors: 0, Skipped: 0, Time elapsed: 0.969 sec - in org.yamcs.api.artemis.ArtemisEventProducerTest
Running org.yamcs.security.PasswordHashTest
1000:f8d1d80768091cd9e25df73a664791e20071a773549a1c5a:d8a5f014c01b77114670fe02571d6ed0ea0de4f0d2287880
1000:979be7a795ca36c657673a72d6144d8f72cebf336e935afc:83e076c6a98ec50bf04f8fb468dd745590a1aeaa573c0a57
1000:99efe683059115469fc90cf1e976a5b19156567bc1babaed:7554a62bb02ba01978bb9906cb8da695cf3c95936799d0e9
1000:05e7e5365d69a479674fe9e180907dbfd8b54040cef3846e:eaaa313573a6ebf0b25aac8c3981969b78755ba1567c1420
1000:65f4998f6e7855ba711b5fa1e35cb51a4e913366191a1919:fbc3840d77de7e4555354dfb14fa33f0aac30a930769a47f
1000:72e6fe58ea9bc01ca3de05edd70bb483f392aa0136925b7f:983e403dacb424e065775a76896620361e6799a0d4f9afac
1000:487a7bc271a6d958a30bca9210dad79dc8c68943a52dfa2b:24d62ffcad9a7666382f0d7fb6b21ba18022883aa904376a
1000:b16d6059613f4732d7d9eaf353a9d7c7dac89eee663e94c3:9424c71a615c2ced14cf2e9425cbc568d14e430c0858d21e
1000:372755837a513b36930d545425ef6864b0bc3ff9a2663e4e:10a4b49dbc0f40e05fc23da57441dc32a8f80b178c470817
1000:89dc578e94d938d3ae7b81267644049e4bda8ee75d592882:9d1906ca0abeb79dddb421c8b42d64d86ff1490407b97f63
Running tests...
Tests run: 1, Failures: 0, Errors: 0, Skipped: 0, Time elapsed: 1.447 sec - in org.yamcs.security.PasswordHashTest
Running org.yamcs.management.ProcessorsTest
Tests run: 2, Failures: 0, Errors: 2, Skipped: 0, Time elapsed: 1.234 sec <<< FAILURE! - in org.yamcs.management.ProcessorsTest
org.yamcs.management.ProcessorsTest  Time elapsed: 1.234 sec  <<< ERROR!
org.yamcs.xtce.SpreadsheetLoadException: refmdb.xls:CommandVerification:0: Could not load spreadsheet: java.lang.NullPointerException
	at org.yamcs.management.ProcessorsTest.setupHornetAndManagement(ProcessorsTest.java:48)
Caused by: java.lang.NullPointerException
	at org.yamcs.management.ProcessorsTest.setupHornetAndManagement(ProcessorsTest.java:48)

org.yamcs.management.ProcessorsTest  Time elapsed: 1.234 sec  <<< ERROR!
java.lang.NullPointerException
	at org.yamcs.management.ProcessorsTest.afterClass(ProcessorsTest.java:55)

Running org.yamcs.ComVerifIntegrationTest
Tests run: 2, Failures: 0, Errors: 2, Skipped: 0, Time elapsed: 1.258 sec <<< FAILURE! - in org.yamcs.ComVerifIntegrationTest
org.yamcs.ComVerifIntegrationTest  Time elapsed: 1.258 sec  <<< ERROR!
org.yamcs.xtce.SpreadsheetLoadException: refmdb.xls:CommandVerification:0: Could not load spreadsheet: java.lang.NullPointerException
Caused by: java.lang.NullPointerException

org.yamcs.ComVerifIntegrationTest  Time elapsed: 1.258 sec  <<< ERROR!
java.lang.NullPointerException

Running org.yamcs.tctm.TcpTcUplinkerTest
Tests run: 1, Failures: 0, Errors: 0, Skipped: 0, Time elapsed: 0.141 sec - in org.yamcs.tctm.TcpTcUplinkerTest
Running org.yamcs.tctm.TmFileReaderTest
Tests run: 2, Failures: 0, Errors: 0, Skipped: 0, Time elapsed: 0.077 sec - in org.yamcs.tctm.TmFileReaderTest
Running org.yamcs.commanding.CommandingManagerTest
Tests run: 1, Failures: 0, Errors: 1, Skipped: 0, Time elapsed: 0.811 sec <<< FAILURE! - in org.yamcs.commanding.CommandingManagerTest
org.yamcs.commanding.CommandingManagerTest  Time elapsed: 0.811 sec  <<< ERROR!
org.yamcs.xtce.SpreadsheetLoadException: refmdb.xls:CommandVerification:0: Could not load spreadsheet: java.lang.NullPointerException
	at org.yamcs.commanding.CommandingManagerTest.beforeClass(CommandingManagerTest.java:34)
Caused by: java.lang.NullPointerException
	at org.yamcs.commanding.CommandingManagerTest.beforeClass(CommandingManagerTest.java:34)

Running org.yamcs.ArchiveIntegrationTest
Tests run: 2, Failures: 0, Errors: 2, Skipped: 0, Time elapsed: 1.143 sec <<< FAILURE! - in org.yamcs.ArchiveIntegrationTest
org.yamcs.ArchiveIntegrationTest  Time elapsed: 1.142 sec  <<< ERROR!
org.yamcs.xtce.SpreadsheetLoadException: refmdb.xls:CommandVerification:0: Could not load spreadsheet: java.lang.NullPointerException
Caused by: java.lang.NullPointerException

org.yamcs.ArchiveIntegrationTest  Time elapsed: 1.143 sec  <<< ERROR!
java.lang.NullPointerException

Running org.yamcs.RestClientTest
Tests run: 2, Failures: 0, Errors: 2, Skipped: 0, Time elapsed: 1.219 sec <<< FAILURE! - in org.yamcs.RestClientTest
org.yamcs.RestClientTest  Time elapsed: 1.219 sec  <<< ERROR!
org.yamcs.xtce.SpreadsheetLoadException: refmdb.xls:CommandVerification:0: Could not load spreadsheet: java.lang.NullPointerException
Caused by: java.lang.NullPointerException

org.yamcs.RestClientTest  Time elapsed: 1.219 sec  <<< ERROR!
java.lang.NullPointerException

Running org.yamcs.AlarmTest
Tests run: 10, Failures: 0, Errors: 10, Skipped: 0, Time elapsed: 2.922 sec <<< FAILURE! - in org.yamcs.AlarmTest
testOnValueChangeReport(org.yamcs.AlarmTest)  Time elapsed: 0.717 sec  <<< ERROR!
org.yamcs.xtce.SpreadsheetLoadException: refmdb.xls:CommandVerification:0: Could not load spreadsheet: java.lang.NullPointerException
	at org.yamcs.AlarmTest.beforeEachTest(AlarmTest.java:48)
Caused by: java.lang.NullPointerException
	at org.yamcs.AlarmTest.beforeEachTest(AlarmTest.java:48)

testOnValueChangeReport(org.yamcs.AlarmTest)  Time elapsed: 0.718 sec  <<< ERROR!
java.lang.NullPointerException
	at org.yamcs.AlarmTest.afterEachTest(AlarmTest.java:64)

testEnumerationAlarms(org.yamcs.AlarmTest)  Time elapsed: 0.53 sec  <<< ERROR!
org.yamcs.xtce.SpreadsheetLoadException: refmdb.xls:CommandVerification:0: Could not load spreadsheet: java.lang.NullPointerException
	at org.yamcs.AlarmTest.beforeEachTest(AlarmTest.java:48)
Caused by: java.lang.NullPointerException
	at org.yamcs.AlarmTest.beforeEachTest(AlarmTest.java:48)

testEnumerationAlarms(org.yamcs.AlarmTest)  Time elapsed: 0.53 sec  <<< ERROR!
java.lang.NullPointerException
	at org.yamcs.AlarmTest.afterEachTest(AlarmTest.java:64)

testIntegerLimits(org.yamcs.AlarmTest)  Time elapsed: 0.32 sec  <<< ERROR!
org.yamcs.xtce.SpreadsheetLoadException: refmdb.xls:CommandVerification:0: Could not load spreadsheet: java.lang.NullPointerException
	at org.yamcs.AlarmTest.beforeEachTest(AlarmTest.java:48)
Caused by: java.lang.NullPointerException
	at org.yamcs.AlarmTest.beforeEachTest(AlarmTest.java:48)

testIntegerLimits(org.yamcs.AlarmTest)  Time elapsed: 0.32 sec  <<< ERROR!
java.lang.NullPointerException
	at org.yamcs.AlarmTest.afterEachTest(AlarmTest.java:64)

testFloatLimits(org.yamcs.AlarmTest)  Time elapsed: 0.631 sec  <<< ERROR!
org.yamcs.xtce.SpreadsheetLoadException: refmdb.xls:CommandVerification:0: Could not load spreadsheet: java.lang.NullPointerException
	at org.yamcs.AlarmTest.beforeEachTest(AlarmTest.java:48)
Caused by: java.lang.NullPointerException
	at org.yamcs.AlarmTest.beforeEachTest(AlarmTest.java:48)

testFloatLimits(org.yamcs.AlarmTest)  Time elapsed: 0.631 sec  <<< ERROR!
java.lang.NullPointerException
	at org.yamcs.AlarmTest.afterEachTest(AlarmTest.java:64)

testAlarmReportingWithoutSubscription(org.yamcs.AlarmTest)  Time elapsed: 0.564 sec  <<< ERROR!
org.yamcs.xtce.SpreadsheetLoadException: refmdb.xls:CommandVerification:0: Could not load spreadsheet: java.lang.NullPointerException
	at org.yamcs.AlarmTest.beforeEachTest(AlarmTest.java:48)
Caused by: java.lang.NullPointerException
	at org.yamcs.AlarmTest.beforeEachTest(AlarmTest.java:48)

testAlarmReportingWithoutSubscription(org.yamcs.AlarmTest)  Time elapsed: 0.564 sec  <<< ERROR!
java.lang.NullPointerException
	at org.yamcs.AlarmTest.afterEachTest(AlarmTest.java:64)


Results :

Tests in error: 
org.yamcs.AlarmTest.testAlarmReportingWithoutSubscription(org.yamcs.AlarmTest)
  Run 1: AlarmTest.beforeEachTest:48 » SpreadsheetLoad refmdb.xls:CommandVerification:0...
  Run 2: AlarmTest.afterEachTest:64 NullPointer

org.yamcs.AlarmTest.testEnumerationAlarms(org.yamcs.AlarmTest)
  Run 1: AlarmTest.beforeEachTest:48 » SpreadsheetLoad refmdb.xls:CommandVerification:0...
  Run 2: AlarmTest.afterEachTest:64 NullPointer

org.yamcs.AlarmTest.testFloatLimits(org.yamcs.AlarmTest)
  Run 1: AlarmTest.beforeEachTest:48 » SpreadsheetLoad refmdb.xls:CommandVerification:0...
  Run 2: AlarmTest.afterEachTest:64 NullPointer

org.yamcs.AlarmTest.testIntegerLimits(org.yamcs.AlarmTest)
  Run 1: AlarmTest.beforeEachTest:48 » SpreadsheetLoad refmdb.xls:CommandVerification:0...
  Run 2: AlarmTest.afterEachTest:64 NullPointer

org.yamcs.AlarmTest.testOnValueChangeReport(org.yamcs.AlarmTest)
  Run 1: AlarmTest.beforeEachTest:48 » SpreadsheetLoad refmdb.xls:CommandVerification:0...
  Run 2: AlarmTest.afterEachTest:64 NullPointer

org.yamcs.ArchiveIntegrationTest.org.yamcs.ArchiveIntegrationTest
  Run 1: ArchiveIntegrationTest>AbstractIntegrationTest.beforeClass:81->AbstractIntegrationTest.setupYamcs:137 » SpreadsheetLoad
  Run 2: ArchiveIntegrationTest>AbstractIntegrationTest.shutDownYamcs:168 » NullPointer

org.yamcs.ComVerifIntegrationTest.org.yamcs.ComVerifIntegrationTest
  Run 1: ComVerifIntegrationTest>AbstractIntegrationTest.beforeClass:81->AbstractIntegrationTest.setupYamcs:137 » SpreadsheetLoad
  Run 2: ComVerifIntegrationTest>AbstractIntegrationTest.shutDownYamcs:168 » NullPointer

  ContainerRequestManagerTest.testSubscriptions:32 » SpreadsheetLoad refmdb.xls:...
org.yamcs.IntegrationTest.org.yamcs.IntegrationTest
  Run 1: IntegrationTest>AbstractIntegrationTest.beforeClass:81->AbstractIntegrationTest.setupYamcs:137 » SpreadsheetLoad
  Run 2: IntegrationTest>AbstractIntegrationTest.shutDownYamcs:168 » NullPointer

org.yamcs.ParameterArchiveIntegrationTest.org.yamcs.ParameterArchiveIntegrationTest
  Run 1: ParameterArchiveIntegrationTest>AbstractIntegrationTest.beforeClass:81->AbstractIntegrationTest.setupYamcs:137 » SpreadsheetLoad
  Run 2: ParameterArchiveIntegrationTest>AbstractIntegrationTest.shutDownYamcs:168 » NullPointer

org.yamcs.PermissionsTest.org.yamcs.PermissionsTest
  Run 1: PermissionsTest>AbstractIntegrationTest.beforeClass:81->AbstractIntegrationTest.setupYamcs:137 » SpreadsheetLoad
  Run 2: PermissionsTest>AbstractIntegrationTest.shutDownYamcs:168 » NullPointer

org.yamcs.RestClientTest.org.yamcs.RestClientTest
  Run 1: RestClientTest>AbstractIntegrationTest.beforeClass:81->AbstractIntegrationTest.setupYamcs:137 » SpreadsheetLoad
  Run 2: RestClientTest>AbstractIntegrationTest.shutDownYamcs:168 » NullPointer

  YamcsServerArtemisTest.setupYamcs:34 » SpreadsheetLoad refmdb.xls:CommandVerif...
org.yamcs.algorithms.AlgorithmManagerPyTest.testExternalLibrary(org.yamcs.algorithms.AlgorithmManagerPyTest)
  Run 1: AlgorithmManagerPyTest.beforeEachTest:55 » SpreadsheetLoad refmdb.xls:CommandV...
  Run 2: AlgorithmManagerPyTest.afterEachTest:79 NullPointer

org.yamcs.algorithms.AlgorithmManagerPyTest.testFloats(org.yamcs.algorithms.AlgorithmManagerPyTest)
  Run 1: AlgorithmManagerPyTest.beforeEachTest:55 » SpreadsheetLoad refmdb.xls:CommandV...
  Run 2: AlgorithmManagerPyTest.afterEachTest:79 NullPointer

org.yamcs.algorithms.AlgorithmManagerPyTest.testSignedIntegers(org.yamcs.algorithms.AlgorithmManagerPyTest)
  Run 1: AlgorithmManagerPyTest.beforeEachTest:55 » SpreadsheetLoad refmdb.xls:CommandV...
  Run 2: AlgorithmManagerPyTest.afterEachTest:79 NullPointer

org.yamcs.algorithms.AlgorithmManagerTest.testAlgorithmChaining(org.yamcs.algorithms.AlgorithmManagerTest)
  Run 1: AlgorithmManagerTest.beforeEachTest:61 » SpreadsheetLoad refmdb.xls:CommandVer...
  Run 2: AlgorithmManagerTest.afterEachTest:81 NullPointer

org.yamcs.algorithms.AlgorithmManagerTest.testAlgorithmChainingWithWindowing(org.yamcs.algorithms.AlgorithmManagerTest)
  Run 1: AlgorithmManagerTest.beforeEachTest:61 » SpreadsheetLoad refmdb.xls:CommandVer...
  Run 2: AlgorithmManagerTest.afterEachTest:81 NullPointer

org.yamcs.algorithms.AlgorithmManagerTest.testBooleanAlgorithms(org.yamcs.algorithms.AlgorithmManagerTest)
  Run 1: AlgorithmManagerTest.beforeEachTest:61 » SpreadsheetLoad refmdb.xls:CommandVer...
  Run 2: AlgorithmManagerTest.afterEachTest:81 NullPointer

org.yamcs.algorithms.AlgorithmManagerTest.testEnumCalibration(org.yamcs.algorithms.AlgorithmManagerTest)
  Run 1: AlgorithmManagerTest.beforeEachTest:61 » SpreadsheetLoad refmdb.xls:CommandVer...
  Run 2: AlgorithmManagerTest.afterEachTest:81 NullPointer

org.yamcs.algorithms.AlgorithmManagerTest.testEvents(org.yamcs.algorithms.AlgorithmManagerTest)
  Run 1: AlgorithmManagerTest.beforeEachTest:61 » SpreadsheetLoad refmdb.xls:CommandVer...
  Run 2: AlgorithmManagerTest.afterEachTest:81 NullPointer

org.yamcs.algorithms.AlgorithmManagerTest.testExternalLibrary(org.yamcs.algorithms.AlgorithmManagerTest)
  Run 1: AlgorithmManagerTest.beforeEachTest:61 » SpreadsheetLoad refmdb.xls:CommandVer...
  Run 2: AlgorithmManagerTest.afterEachTest:81 NullPointer

org.yamcs.algorithms.AlgorithmManagerTest.testFloatAdd(org.yamcs.algorithms.AlgorithmManagerTest)
  Run 1: AlgorithmManagerTest.beforeEachTest:61 » SpreadsheetLoad refmdb.xls:CommandVer...
  Run 2: AlgorithmManagerTest.afterEachTest:81 NullPointer

org.yamcs.algorithms.AlgorithmManagerTest.testFloatCalibration(org.yamcs.algorithms.AlgorithmManagerTest)
  Run 1: AlgorithmManagerTest.beforeEachTest:61 » SpreadsheetLoad refmdb.xls:CommandVer...
  Run 2: AlgorithmManagerTest.afterEachTest:81 NullPointer

org.yamcs.algorithms.AlgorithmManagerTest.testMarkedNotUpdated(org.yamcs.algorithms.AlgorithmManagerTest)
  Run 1: AlgorithmManagerTest.beforeEachTest:61 » SpreadsheetLoad refmdb.xls:CommandVer...
  Run 2: AlgorithmManagerTest.afterEachTest:81 NullPointer

org.yamcs.algorithms.AlgorithmManagerTest.testOnPeriodicRate(org.yamcs.algorithms.AlgorithmManagerTest)
  Run 1: AlgorithmManagerTest.beforeEachTest:61 » SpreadsheetLoad refmdb.xls:CommandVer...
  Run 2: AlgorithmManagerTest.afterEachTest:81 NullPointer

org.yamcs.algorithms.AlgorithmManagerTest.testSelectiveRun(org.yamcs.algorithms.AlgorithmManagerTest)
  Run 1: AlgorithmManagerTest.beforeEachTest:61 » SpreadsheetLoad refmdb.xls:CommandVer...
  Run 2: AlgorithmManagerTest.afterEachTest:81 NullPointer

org.yamcs.algorithms.AlgorithmManagerTest.testSeparateUpdate(org.yamcs.algorithms.AlgorithmManagerTest)
  Run 1: AlgorithmManagerTest.beforeEachTest:61 » SpreadsheetLoad refmdb.xls:CommandVer...
  Run 2: AlgorithmManagerTest.afterEachTest:81 NullPointer

org.yamcs.algorithms.AlgorithmManagerTest.testSlidingWindow(org.yamcs.algorithms.AlgorithmManagerTest)
  Run 1: AlgorithmManagerTest.beforeEachTest:61 » SpreadsheetLoad refmdb.xls:CommandVer...
  Run 2: AlgorithmManagerTest.afterEachTest:81 NullPointer

org.yamcs.algorithms.AlgorithmWithContextTest.testIt(org.yamcs.algorithms.AlgorithmWithContextTest)
  Run 1: AlgorithmWithContextTest.beforeEachTest:51 » SpreadsheetLoad refmdb.xls:Comman...
  Run 2: AlgorithmWithContextTest.afterEachTest:71 NullPointer

org.yamcs.api.rest.HttpClientTest.org.yamcs.api.rest.HttpClientTest
  Run 1: HttpClientTest>AbstractIntegrationTest.beforeClass:81->AbstractIntegrationTest.setupYamcs:137 » SpreadsheetLoad
  Run 2: HttpClientTest>AbstractIntegrationTest.shutDownYamcs:168 » NullPointer

  CmdHistoryRecordingTest.testRecording:120 » Yamcs Got exception when creating ...
  EventRecordingTest.testRecording:153 » Yamcs Got exception when creating a rep...
  PpTupleTranslatorTest.testTranslation:125 » SpreadsheetLoad refmdb.xls:Command...
  CommandingManagerTest.beforeClass:34 » SpreadsheetLoad refmdb.xls:CommandVerif...
org.yamcs.management.ProcessorsTest.org.yamcs.management.ProcessorsTest
  Run 1: ProcessorsTest.setupHornetAndManagement:48 » SpreadsheetLoad refmdb.xls:Comman...
  Run 2: ProcessorsTest.afterClass:55 » NullPointer

  SoftwareParameterManagerTest.test:39 » SpreadsheetLoad refmdb.xls:CommandVerif...
  NameDescriptionSearchMatcherTest.testSearchMatch:25 » SpreadsheetLoad refmdb.x...
  XtceToGpbAssemblerTest.toCommandInfo_calib_test:80 » SpreadsheetLoad refmdb.xl...
  XtceToGpbAssemblerTest.toCommandInfo_float_test:32 » SpreadsheetLoad refmdb.xl...
  XtceToGpbAssemblerTest.toCommandInfo_int_test:56 » SpreadsheetLoad refmdb.xls:...
  SpreadsheetLoaderTest.testAlgorithmAliases:73 » SpreadsheetLoad refmdb.xls:Com...
  SpreadsheetLoaderTest.testCommandAliases:38 » SpreadsheetLoad refmdb.xls:Comma...
  SpreadsheetLoaderTest.testCommandVerifiers:58 » SpreadsheetLoad refmdb.xls:Com...
  SpreadsheetLoaderTest.testContainerAliases:92 » SpreadsheetLoad refmdb.xls:Com...
  SpreadsheetLoaderTest.testParameterAliases:20 » SpreadsheetLoad refmdb.xls:Com...
  XtceCommandEncodingTest.binaryCommand:110 » SpreadsheetLoad refmdb.xls:Command...
  XtceCommandEncodingTest.booleanCommandFalseTrue:155 » SpreadsheetLoad refmdb.x...
  XtceCommandEncodingTest.booleanCommandTrue:143 » SpreadsheetLoad refmdb.xls:Co...
  XtceCommandEncodingTest.cgsLikeStringCommand:91 » SpreadsheetLoad refmdb.xls:C...
  XtceCommandEncodingTest.floatCommand:31 » SpreadsheetLoad refmdb.xls:CommandVe...
  XtceCommandEncodingTest.floatCommandDefault:47 » SpreadsheetLoad refmdb.xls:Co...
  XtceCommandEncodingTest.int64CommandArgumentEncoding:202 » SpreadsheetLoad ref...
  XtceCommandEncodingTest.int64CommandArgumentRange:171 » SpreadsheetLoad refmdb...
  XtceCommandEncodingTest.littleEndianUint:128 » SpreadsheetLoad refmdb.xls:Comm...
  XtceCommandEncodingTest.stringCommand:66 » SpreadsheetLoad refmdb.xls:CommandV...
  XtceCommandEncodingTest.testStringEncodedTc:211 » SpreadsheetLoad refmdb.xls:C...
  XtceDbFactoryTest.testInstantiation:135 » SpreadsheetLoad refmdb.xls:CommandVe...
  XtceDbFactoryTest.testNamespaces:32 » SpreadsheetLoad refmdb.xls:CommandVerifi...
  XtceTmExtractorTest.setUpBeforeClass:50 » SpreadsheetLoad refmdb.xls:CommandVe...

Tests run: 254, Failures: 0, Errors: 60, Skipped: 11

[INFO] ------------------------------------------------------------------------
[INFO] Reactor Summary:
[INFO] 
[INFO] Yamcs .............................................. SUCCESS [  0.053 s]
[INFO] Yamcs API .......................................... SUCCESS [  2.223 s]
[INFO] Yamcs XTCE ......................................... SUCCESS [  0.636 s]
[INFO] Yamcs Core ......................................... FAILURE [03:42 min]
[INFO] Yamcs Simulation ................................... SKIPPED
[INFO] ------------------------------------------------------------------------
[INFO] BUILD FAILURE
[INFO] ------------------------------------------------------------------------
[INFO] Total time: 03:45 min
[INFO] Finished at: 2016-12-23T12:47:53+00:00
[INFO] Final Memory: 11M/374M
[INFO] ------------------------------------------------------------------------
[ERROR] Failed to execute goal org.apache.maven.plugins:maven-surefire-plugin:2.19.1:test (default-test) on project yamcs-core: There are test failures.
[ERROR] 
[ERROR] Please refer to /home/travis/build/yamcs/yamcs/yamcs-core/target/surefire-reports for the individual test results.
[ERROR] -> [Help 1]
[ERROR] 
[ERROR] To see the full stack trace of the errors, re-run Maven with the -e switch.
[ERROR] Re-run Maven using the -X switch to enable full debug logging.
[ERROR] 
[ERROR] For more information about the errors and possible solutions, please read the following articles:
[ERROR] [Help 1] http://cwiki.apache.org/confluence/display/MAVEN/MojoFailureException
[ERROR] 
[ERROR] After correcting the problems, you can resume the build with the command
[ERROR]   mvn <goals> -rf :yamcs-core

travis_time:end:1cafe977:start=1482497046624040400,finish=1482497273765502053,duration=227141461653[0K
[31;1mThe command "mvn -Dsurefire.useFile=false test" exited with 1.[0m
travis_fold:start:cache.2[0Kstore build cache
travis_time:start:07e1bf46[0K
travis_time:end:07e1bf46:start=1482497273772462329,finish=1482497273777703878,duration=5241549[0Ktravis_time:start:2e53c8b4[0K[32;1mchange detected (content changed, file is created, or file is deleted):
/home/travis/.m2/repository/org/yamcs/yamcs/0.30.0/_remote.repositories
/home/travis/.m2/repository/org/yamcs/yamcs-api/0.30.0/_remote.repositories
/home/travis/.m2/repository/org/yamcs/yamcs-api/0.30.0/yamcs-api-0.30.0.jar
/home/travis/.m2/repository/org/yamcs/yamcs-api/0.30.0/yamcs-api-0.30.0-sources.jar
/home/travis/.m2/repository/org/yamcs/yamcs-api/maven-metadata-local.xml
/home/travis/.m2/repository/org/yamcs/yamcs-core/0.30.0/_remote.repositories
/home/travis/.m2/repository/org/yamcs/yamcs-core/0.30.0/yamcs-core-0.30.0.jar
/home/travis/.m2/repository/org/yamcs/yamcs-core/0.30.0/yamcs-core-0.30.0-sources.jar
/home/travis/.m2/repository/org/yamcs/yamcs-core/maven-metadata-local.xml
/home/travis/.m2/repository/org/yamcs/yamcs/maven-metadata-local.xml
/home/travis/.m2/repository/org/yamcs/yamcs-simulation/0.30.0/_remote.repositories
/home/travis/.m2/repository/org/yamcs/yamcs-simulation/0.30.0/yamcs-simulation-0.30.0.jar
/home/travis/.m2/repository/org/yamcs/yamcs-simulation/0.30.0/y
[0m
[32;1m...
[0m
[32;1mchanges detected, packing new archive[0m
[32;1muploading archive[0m

travis_time:end:2e53c8b4:start=1482497273783353874,finish=1482497280297221489,duration=6513867615[0Ktravis_fold:end:cache.2[0K
Done. Your build exited with 1.
