Using worker: worker-linux-docker-a5f95b5c.prod.travis-ci.org:travis-linux-7

travis_fold:start:system_info[0K[33;1mBuild system information[0m
Build language: java
[34m[1mBuild image provisioning date and time[0m
Thu Feb  5 15:09:33 UTC 2015
[34m[1mOperating System Details[0m
Distributor ID:	Ubuntu
Description:	Ubuntu 12.04.5 LTS
Release:	12.04
Codename:	precise
[34m[1mLinux Version[0m
3.13.0-29-generic
[34m[1mCookbooks Version[0m
a68419e https://github.com/travis-ci/travis-cookbooks/tree/a68419e
[34m[1mGCC version[0m
gcc (Ubuntu/Linaro 4.6.3-1ubuntu5) 4.6.3
Copyright (C) 2011 Free Software Foundation, Inc.
This is free software; see the source for copying conditions.  There is NO
warranty; not even for MERCHANTABILITY or FITNESS FOR A PARTICULAR PURPOSE.

[34m[1mLLVM version[0m
clang version 3.4 (tags/RELEASE_34/final)
Target: x86_64-unknown-linux-gnu
Thread model: posix
[34m[1mPre-installed Ruby versions[0m
ruby-1.9.3-p551
[34m[1mPre-installed Node.js versions[0m
v0.10.36
[34m[1mPre-installed Go versions[0m
1.4.1
[34m[1mRedis version[0m
redis-server 2.8.19
[34m[1mriak version[0m
2.0.2
[34m[1mMongoDB version[0m
MongoDB 2.4.12
[34m[1mCouchDB version[0m
couchdb 1.6.1
[34m[1mNeo4j version[0m
1.9.4
[34m[1mRabbitMQ Version[0m
3.4.3
[34m[1mElasticSearch version[0m
1.4.0
[34m[1mInstalled Sphinx versions[0m
2.0.10
2.1.9
2.2.6
[34m[1mDefault Sphinx version[0m
2.2.6
[34m[1mInstalled Firefox version[0m
firefox 31.0esr
[34m[1mPhantomJS version[0m
1.9.8
[34m[1mant -version[0m
Apache Ant(TM) version 1.8.2 compiled on December 3 2011
[34m[1mmvn -version[0m
Apache Maven 3.2.5 (12a6b3acb947671f09b81f49094c53f426d8cea1; 2014-12-14T17:29:23+00:00)
Maven home: /usr/local/maven
Java version: 1.7.0_76, vendor: Oracle Corporation
Java home: /usr/lib/jvm/java-7-oracle/jre
Default locale: en_US, platform encoding: ANSI_X3.4-1968
OS name: "linux", version: "3.13.0-29-generic", arch: "amd64", family: "unix"
travis_fold:end:system_info[0K
travis_fold:start:git.checkout[0Ktravis_time:start:0810b9ac[0K$ git clone --depth=50 --branch=2.x https://github.com/sannies/mp4parser.git sannies/mp4parser
Cloning into 'sannies/mp4parser'...
remote: Counting objects: 3277, done.[K
remote: Compressing objects:   0% (1/1840)   [Kremote: Compressing objects:   1% (19/1840)   [Kremote: Compressing objects:   2% (37/1840)   [Kremote: Compressing objects:   3% (56/1840)   [Kremote: Compressing objects:   4% (74/1840)   [Kremote: Compressing objects:   5% (92/1840)   [Kremote: Compressing objects:   6% (111/1840)   [Kremote: Compressing objects:   7% (129/1840)   [Kremote: Compressing objects:   8% (148/1840)   [Kremote: Compressing objects:   9% (166/1840)   [Kremote: Compressing objects:  10% (184/1840)   [Kremote: Compressing objects:  11% (203/1840)   [Kremote: Compressing objects:  12% (221/1840)   [Kremote: Compressing objects:  13% (240/1840)   [Kremote: Compressing objects:  14% (258/1840)   [Kremote: Compressing objects:  15% (276/1840)   [Kremote: Compressing objects:  16% (295/1840)   [Kremote: Compressing objects:  17% (313/1840)   [Kremote: Compressing objects:  18% (332/1840)   [Kremote: Compressing objects:  19% (350/1840)   [Kremote: Compressing objects:  20% (368/1840)   [Kremote: Compressing objects:  21% (387/1840)   [Kremote: Compressing objects:  22% (405/1840)   [Kremote: Compressing objects:  23% (424/1840)   [Kremote: Compressing objects:  24% (442/1840)   [Kremote: Compressing objects:  25% (460/1840)   [Kremote: Compressing objects:  26% (479/1840)   [Kremote: Compressing objects:  27% (497/1840)   [Kremote: Compressing objects:  28% (516/1840)   [Kremote: Compressing objects:  29% (534/1840)   [Kremote: Compressing objects:  30% (552/1840)   [Kremote: Compressing objects:  31% (571/1840)   [Kremote: Compressing objects:  32% (589/1840)   [Kremote: Compressing objects:  33% (608/1840)   [Kremote: Compressing objects:  34% (626/1840)   [Kremote: Compressing objects:  35% (644/1840)   [Kremote: Compressing objects:  36% (663/1840)   [Kremote: Compressing objects:  37% (681/1840)   [Kremote: Compressing objects:  38% (700/1840)   [Kremote: Compressing objects:  39% (718/1840)   [Kremote: Compressing objects:  40% (736/1840)   [Kremote: Compressing objects:  41% (755/1840)   [Kremote: Compressing objects:  42% (773/1840)   [Kremote: Compressing objects:  43% (792/1840)   [Kremote: Compressing objects:  44% (810/1840)   [Kremote: Compressing objects:  45% (828/1840)   [Kremote: Compressing objects:  46% (847/1840)   [Kremote: Compressing objects:  47% (865/1840)   [Kremote: Compressing objects:  48% (884/1840)   [Kremote: Compressing objects:  49% (902/1840)   [Kremote: Compressing objects:  50% (920/1840)   [Kremote: Compressing objects:  51% (939/1840)   [Kremote: Compressing objects:  52% (957/1840)   [Kremote: Compressing objects:  53% (976/1840)   [Kremote: Compressing objects:  54% (994/1840)   [Kremote: Compressing objects:  55% (1012/1840)   [Kremote: Compressing objects:  56% (1031/1840)   [Kremote: Compressing objects:  57% (1049/1840)   [Kremote: Compressing objects:  58% (1068/1840)   [Kremote: Compressing objects:  59% (1086/1840)   [Kremote: Compressing objects:  60% (1104/1840)   [Kremote: Compressing objects:  61% (1123/1840)   [Kremote: Compressing objects:  62% (1141/1840)   [Kremote: Compressing objects:  63% (1160/1840)   [Kremote: Compressing objects:  64% (1178/1840)   [Kremote: Compressing objects:  65% (1196/1840)   [Kremote: Compressing objects:  66% (1215/1840)   [Kremote: Compressing objects:  67% (1233/1840)   [Kremote: Compressing objects:  68% (1252/1840)   [Kremote: Compressing objects:  69% (1270/1840)   [Kremote: Compressing objects:  70% (1288/1840)   [Kremote: Compressing objects:  71% (1307/1840)   [Kremote: Compressing objects:  72% (1325/1840)   [Kremote: Compressing objects:  73% (1344/1840)   [Kremote: Compressing objects:  74% (1362/1840)   [Kremote: Compressing objects:  75% (1380/1840)   [Kremote: Compressing objects:  76% (1399/1840)   [Kremote: Compressing objects:  77% (1417/1840)   [Kremote: Compressing objects:  78% (1436/1840)   [Kremote: Compressing objects:  79% (1454/1840)   [Kremote: Compressing objects:  80% (1472/1840)   [Kremote: Compressing objects:  81% (1491/1840)   [Kremote: Compressing objects:  82% (1509/1840)   [Kremote: Compressing objects:  83% (1528/1840)   [Kremote: Compressing objects:  84% (1546/1840)   [Kremote: Compressing objects:  85% (1564/1840)   [Kremote: Compressing objects:  86% (1583/1840)   [Kremote: Compressing objects:  87% (1601/1840)   [Kremote: Compressing objects:  88% (1620/1840)   [Kremote: Compressing objects:  89% (1638/1840)   [Kremote: Compressing objects:  90% (1656/1840)   [Kremote: Compressing objects:  91% (1675/1840)   [Kremote: Compressing objects:  92% (1693/1840)   [Kremote: Compressing objects:  93% (1712/1840)   [Kremote: Compressing objects:  94% (1730/1840)   [Kremote: Compressing objects:  95% (1748/1840)   [Kremote: Compressing objects:  96% (1767/1840)   [Kremote: Compressing objects:  97% (1785/1840)   [Kremote: Compressing objects:  98% (1804/1840)   [Kremote: Compressing objects:  99% (1822/1840)   [Kremote: Compressing objects: 100% (1840/1840)   [Kremote: Compressing objects: 100% (1840/1840), done.[K
Receiving objects:   0% (1/3277)   Receiving objects:   1% (33/3277)   Receiving objects:   2% (66/3277)   Receiving objects:   3% (99/3277)   Receiving objects:   4% (132/3277)   Receiving objects:   5% (164/3277)   Receiving objects:   6% (197/3277)   Receiving objects:   7% (230/3277)   Receiving objects:   8% (263/3277)   Receiving objects:   9% (295/3277), 19.32 MiB | 38.56 MiB/s   Receiving objects:  10% (328/3277), 19.32 MiB | 38.56 MiB/s   Receiving objects:  11% (361/3277), 19.32 MiB | 38.56 MiB/s   Receiving objects:  12% (394/3277), 19.32 MiB | 38.56 MiB/s   Receiving objects:  13% (427/3277), 19.32 MiB | 38.56 MiB/s   Receiving objects:  14% (459/3277), 19.32 MiB | 38.56 MiB/s   Receiving objects:  15% (492/3277), 19.32 MiB | 38.56 MiB/s   Receiving objects:  16% (525/3277), 19.32 MiB | 38.56 MiB/s   Receiving objects:  17% (558/3277), 19.32 MiB | 38.56 MiB/s   Receiving objects:  18% (590/3277), 19.32 MiB | 38.56 MiB/s   Receiving objects:  19% (623/3277), 19.32 MiB | 38.56 MiB/s   Receiving objects:  20% (656/3277), 19.32 MiB | 38.56 MiB/s   Receiving objects:  21% (689/3277), 19.32 MiB | 38.56 MiB/s   Receiving objects:  22% (721/3277), 19.32 MiB | 38.56 MiB/s   Receiving objects:  23% (754/3277), 19.32 MiB | 38.56 MiB/s   Receiving objects:  24% (787/3277), 19.32 MiB | 38.56 MiB/s   Receiving objects:  25% (820/3277), 19.32 MiB | 38.56 MiB/s   Receiving objects:  26% (853/3277), 19.32 MiB | 38.56 MiB/s   Receiving objects:  27% (885/3277), 19.32 MiB | 38.56 MiB/s   Receiving objects:  28% (918/3277), 19.32 MiB | 38.56 MiB/s   Receiving objects:  29% (951/3277), 19.32 MiB | 38.56 MiB/s   Receiving objects:  30% (984/3277), 19.32 MiB | 38.56 MiB/s   Receiving objects:  31% (1016/3277), 19.32 MiB | 38.56 MiB/s   Receiving objects:  32% (1049/3277), 19.32 MiB | 38.56 MiB/s   Receiving objects:  33% (1082/3277), 19.32 MiB | 38.56 MiB/s   Receiving objects:  34% (1115/3277), 19.32 MiB | 38.56 MiB/s   Receiving objects:  35% (1147/3277), 19.32 MiB | 38.56 MiB/s   Receiving objects:  36% (1180/3277), 19.32 MiB | 38.56 MiB/s   Receiving objects:  37% (1213/3277), 19.32 MiB | 38.56 MiB/s   Receiving objects:  37% (1243/3277), 40.17 MiB | 40.08 MiB/s   Receiving objects:  38% (1246/3277), 40.17 MiB | 40.08 MiB/s   Receiving objects:  39% (1279/3277), 40.17 MiB | 40.08 MiB/s   Receiving objects:  40% (1311/3277), 40.17 MiB | 40.08 MiB/s   Receiving objects:  41% (1344/3277), 40.17 MiB | 40.08 MiB/s   Receiving objects:  42% (1377/3277), 40.17 MiB | 40.08 MiB/s   Receiving objects:  43% (1410/3277), 40.17 MiB | 40.08 MiB/s   Receiving objects:  44% (1442/3277), 40.17 MiB | 40.08 MiB/s   Receiving objects:  45% (1475/3277), 40.17 MiB | 40.08 MiB/s   Receiving objects:  46% (1508/3277), 40.17 MiB | 40.08 MiB/s   Receiving objects:  47% (1541/3277), 40.17 MiB | 40.08 MiB/s   Receiving objects:  48% (1573/3277), 40.17 MiB | 40.08 MiB/s   Receiving objects:  49% (1606/3277), 40.17 MiB | 40.08 MiB/s   Receiving objects:  50% (1639/3277), 40.17 MiB | 40.08 MiB/s   Receiving objects:  51% (1672/3277), 40.17 MiB | 40.08 MiB/s   Receiving objects:  52% (1705/3277), 40.17 MiB | 40.08 MiB/s   Receiving objects:  53% (1737/3277), 40.17 MiB | 40.08 MiB/s   Receiving objects:  54% (1770/3277), 40.17 MiB | 40.08 MiB/s   Receiving objects:  55% (1803/3277), 40.17 MiB | 40.08 MiB/s   Receiving objects:  56% (1836/3277), 40.17 MiB | 40.08 MiB/s   Receiving objects:  57% (1868/3277), 40.17 MiB | 40.08 MiB/s   Receiving objects:  58% (1901/3277), 40.17 MiB | 40.08 MiB/s   Receiving objects:  59% (1934/3277), 40.17 MiB | 40.08 MiB/s   Receiving objects:  60% (1967/3277), 40.17 MiB | 40.08 MiB/s   Receiving objects:  61% (1999/3277), 40.17 MiB | 40.08 MiB/s   Receiving objects:  62% (2032/3277), 40.17 MiB | 40.08 MiB/s   Receiving objects:  63% (2065/3277), 40.17 MiB | 40.08 MiB/s   Receiving objects:  64% (2098/3277), 40.17 MiB | 40.08 MiB/s   Receiving objects:  65% (2131/3277), 40.17 MiB | 40.08 MiB/s   Receiving objects:  66% (2163/3277), 40.17 MiB | 40.08 MiB/s   Receiving objects:  67% (2196/3277), 40.17 MiB | 40.08 MiB/s   Receiving objects:  68% (2229/3277), 40.17 MiB | 40.08 MiB/s   Receiving objects:  69% (2262/3277), 40.17 MiB | 40.08 MiB/s   Receiving objects:  70% (2294/3277), 40.17 MiB | 40.08 MiB/s   Receiving objects:  71% (2327/3277), 40.17 MiB | 40.08 MiB/s   Receiving objects:  72% (2360/3277), 40.17 MiB | 40.08 MiB/s   Receiving objects:  73% (2393/3277), 40.17 MiB | 40.08 MiB/s   Receiving objects:  74% (2425/3277), 40.17 MiB | 40.08 MiB/s   Receiving objects:  75% (2458/3277), 40.17 MiB | 40.08 MiB/s   Receiving objects:  76% (2491/3277), 40.17 MiB | 40.08 MiB/s   Receiving objects:  77% (2524/3277), 40.17 MiB | 40.08 MiB/s   Receiving objects:  78% (2557/3277), 40.17 MiB | 40.08 MiB/s   Receiving objects:  79% (2589/3277), 40.17 MiB | 40.08 MiB/s   Receiving objects:  80% (2622/3277), 40.17 MiB | 40.08 MiB/s   Receiving objects:  81% (2655/3277), 40.17 MiB | 40.08 MiB/s   Receiving objects:  82% (2688/3277), 40.17 MiB | 40.08 MiB/s   Receiving objects:  83% (2720/3277), 40.17 MiB | 40.08 MiB/s   Receiving objects:  84% (2753/3277), 40.17 MiB | 40.08 MiB/s   Receiving objects:  85% (2786/3277), 40.17 MiB | 40.08 MiB/s   remote: Total 3277 (delta 1622), reused 2353 (delta 1013), pack-reused 0[K
Receiving objects:  86% (2819/3277), 40.17 MiB | 40.08 MiB/s   Receiving objects:  87% (2851/3277), 40.17 MiB | 40.08 MiB/s   Receiving objects:  88% (2884/3277), 40.17 MiB | 40.08 MiB/s   Receiving objects:  89% (2917/3277), 40.17 MiB | 40.08 MiB/s   Receiving objects:  90% (2950/3277), 40.17 MiB | 40.08 MiB/s   Receiving objects:  91% (2983/3277), 40.17 MiB | 40.08 MiB/s   Receiving objects:  92% (3015/3277), 40.17 MiB | 40.08 MiB/s   Receiving objects:  93% (3048/3277), 40.17 MiB | 40.08 MiB/s   Receiving objects:  94% (3081/3277), 40.17 MiB | 40.08 MiB/s   Receiving objects:  95% (3114/3277), 40.17 MiB | 40.08 MiB/s   Receiving objects:  96% (3146/3277), 40.17 MiB | 40.08 MiB/s   Receiving objects:  97% (3179/3277), 40.17 MiB | 40.08 MiB/s   Receiving objects:  98% (3212/3277), 40.17 MiB | 40.08 MiB/s   Receiving objects:  99% (3245/3277), 40.17 MiB | 40.08 MiB/s   Receiving objects: 100% (3277/3277), 40.17 MiB | 40.08 MiB/s   Receiving objects: 100% (3277/3277), 43.95 MiB | 40.08 MiB/s, done.
Resolving deltas:   0% (0/1622)   Resolving deltas:   3% (59/1622)   Resolving deltas:   4% (68/1622)   Resolving deltas:   5% (85/1622)   Resolving deltas:   6% (98/1622)   Resolving deltas:   7% (116/1622)   Resolving deltas:   8% (131/1622)   Resolving deltas:   9% (149/1622)   Resolving deltas:  10% (163/1622)   Resolving deltas:  11% (180/1622)   Resolving deltas:  12% (196/1622)   Resolving deltas:  13% (211/1622)   Resolving deltas:  15% (257/1622)   Resolving deltas:  16% (262/1622)   Resolving deltas:  17% (281/1622)   Resolving deltas:  18% (305/1622)   Resolving deltas:  19% (313/1622)   Resolving deltas:  20% (335/1622)   Resolving deltas:  21% (344/1622)   Resolving deltas:  22% (359/1622)   Resolving deltas:  23% (375/1622)   Resolving deltas:  24% (391/1622)   Resolving deltas:  25% (414/1622)   Resolving deltas:  26% (422/1622)   Resolving deltas:  27% (439/1622)   Resolving deltas:  28% (458/1622)   Resolving deltas:  29% (473/1622)   Resolving deltas:  30% (491/1622)   Resolving deltas:  31% (504/1622)   Resolving deltas:  32% (521/1622)   Resolving deltas:  33% (537/1622)   Resolving deltas:  34% (558/1622)   Resolving deltas:  35% (571/1622)   Resolving deltas:  36% (596/1622)   Resolving deltas:  38% (621/1622)   Resolving deltas:  39% (633/1622)   Resolving deltas:  40% (657/1622)   Resolving deltas:  41% (668/1622)   Resolving deltas:  42% (683/1622)   Resolving deltas:  43% (702/1622)   Resolving deltas:  44% (716/1622)   Resolving deltas:  45% (730/1622)   Resolving deltas:  46% (747/1622)   Resolving deltas:  47% (764/1622)   Resolving deltas:  48% (779/1622)   Resolving deltas:  49% (801/1622)   Resolving deltas:  50% (814/1622)   Resolving deltas:  51% (828/1622)   Resolving deltas:  52% (844/1622)   Resolving deltas:  53% (863/1622)   Resolving deltas:  54% (877/1622)   Resolving deltas:  55% (894/1622)   Resolving deltas:  56% (919/1622)   Resolving deltas:  57% (939/1622)   Resolving deltas:  58% (941/1622)   Resolving deltas:  59% (960/1622)   Resolving deltas:  60% (975/1622)   Resolving deltas:  61% (990/1622)   Resolving deltas:  62% (1010/1622)   Resolving deltas:  63% (1022/1622)   Resolving deltas:  64% (1045/1622)   Resolving deltas:  65% (1058/1622)   Resolving deltas:  66% (1071/1622)   Resolving deltas:  67% (1088/1622)   Resolving deltas:  68% (1113/1622)   Resolving deltas:  69% (1120/1622)   Resolving deltas:  70% (1143/1622)   Resolving deltas:  71% (1152/1622)   Resolving deltas:  72% (1174/1622)   Resolving deltas:  73% (1186/1622)   Resolving deltas:  74% (1202/1622)   Resolving deltas:  75% (1219/1622)   Resolving deltas:  76% (1233/1622)   Resolving deltas:  77% (1250/1622)   Resolving deltas:  78% (1266/1622)   Resolving deltas:  79% (1284/1622)   Resolving deltas:  80% (1299/1622)   Resolving deltas:  81% (1314/1622)   Resolving deltas:  82% (1331/1622)   Resolving deltas:  83% (1348/1622)   Resolving deltas:  84% (1364/1622)   Resolving deltas:  85% (1380/1622)   Resolving deltas:  86% (1396/1622)   Resolving deltas:  87% (1420/1622)   Resolving deltas:  88% (1436/1622)   Resolving deltas:  89% (1457/1622)   Resolving deltas:  90% (1460/1622)   Resolving deltas:  91% (1478/1622)   Resolving deltas:  92% (1493/1622)   Resolving deltas:  93% (1515/1622)   Resolving deltas:  94% (1525/1622)   Resolving deltas:  95% (1541/1622)   Resolving deltas:  96% (1560/1622)   Resolving deltas:  97% (1582/1622)   Resolving deltas:  98% (1593/1622)   Resolving deltas:  99% (1606/1622)   Resolving deltas: 100% (1622/1622)   Resolving deltas: 100% (1622/1622), done.
Checking connectivity... done.
travis_time:end:0810b9ac:start=1445520114476177329,finish=1445520116873553708,duration=2397376379[0K$ cd sannies/mp4parser
$ git checkout -qf 3855595b821c88fd1d675a605c4c070c7c6e1b31
travis_fold:end:git.checkout[0K
[33;1mThis job is running on container-based infrastructure, which does not allow use of 'sudo', setuid and setguid executables.[0m
[33;1mIf you require sudo, add 'sudo: required' to your .travis.yml[0m
[33;1mSee http://docs.travis-ci.com/user/workers/container-based-infrastructure/ for details.[0m
$ java -Xmx32m -version
java version "1.7.0_76"
Java(TM) SE Runtime Environment (build 1.7.0_76-b13)
Java HotSpot(TM) 64-Bit Server VM (build 24.76-b04, mixed mode)
$ javac -J-Xmx32m -version
javac 1.7.0_76
travis_fold:start:install[0Ktravis_time:start:16e50766[0K$ mvn install -DskipTests=true -Dmaven.javadoc.skip=true -B -V
Apache Maven 3.2.5 (12a6b3acb947671f09b81f49094c53f426d8cea1; 2014-12-14T17:29:23+00:00)
Maven home: /usr/local/maven
Java version: 1.7.0_76, vendor: Oracle Corporation
Java home: /usr/lib/jvm/java-7-oracle/jre
Default locale: en_US, platform encoding: UTF-8
OS name: "linux", version: "3.13.0-40-generic", arch: "amd64", family: "unix"
[INFO] Scanning for projects...
[INFO] ------------------------------------------------------------------------
[INFO] Reactor Build Order:
[INFO] 
[INFO] ISO Parser
[INFO] File Muxer
[INFO] Stream Muxer
[INFO] MP4 Parser Project
[INFO] ISO Parser Examples
[INFO]                                                                         
[INFO] ------------------------------------------------------------------------
[INFO] Building ISO Parser 1.9.24-SNAPSHOT
[INFO] ------------------------------------------------------------------------
[INFO] Downloading: https://repo.maven.apache.org/maven2/org/codehaus/mojo/aspectj-maven-plugin/1.7/aspectj-maven-plugin-1.7.pom
[INFO] Downloaded: https://repo.maven.apache.org/maven2/org/codehaus/mojo/aspectj-maven-plugin/1.7/aspectj-maven-plugin-1.7.pom (18 KB at 37.7 KB/sec)
[INFO] Downloading: https://repo.maven.apache.org/maven2/org/codehaus/mojo/mojo-parent/33/mojo-parent-33.pom
[INFO] Downloaded: https://repo.maven.apache.org/maven2/org/codehaus/mojo/mojo-parent/33/mojo-parent-33.pom (26 KB at 316.3 KB/sec)
[INFO] Downloading: https://repo.maven.apache.org/maven2/org/codehaus/codehaus-parent/4/codehaus-parent-4.pom
[INFO] Downloaded: https://repo.maven.apache.org/maven2/org/codehaus/codehaus-parent/4/codehaus-parent-4.pom (5 KB at 123.9 KB/sec)
[INFO] Downloading: https://repo.maven.apache.org/maven2/org/codehaus/mojo/aspectj-maven-plugin/1.7/aspectj-maven-plugin-1.7.jar
[INFO] Downloaded: https://repo.maven.apache.org/maven2/org/codehaus/mojo/aspectj-maven-plugin/1.7/aspectj-maven-plugin-1.7.jar (56 KB at 937.8 KB/sec)
[INFO] Downloading: https://repo.maven.apache.org/maven2/org/apache/maven/plugins/maven-shade-plugin/2.4.1/maven-shade-plugin-2.4.1.pom
[INFO] Downloaded: https://repo.maven.apache.org/maven2/org/apache/maven/plugins/maven-shade-plugin/2.4.1/maven-shade-plugin-2.4.1.pom (9 KB at 158.6 KB/sec)
[INFO] Downloading: https://repo.maven.apache.org/maven2/org/apache/maven/plugins/maven-plugins/27/maven-plugins-27.pom
[INFO] Downloaded: https://repo.maven.apache.org/maven2/org/apache/maven/plugins/maven-plugins/27/maven-plugins-27.pom (12 KB at 217.6 KB/sec)
[INFO] Downloading: https://repo.maven.apache.org/maven2/org/apache/maven/maven-parent/26/maven-parent-26.pom
[INFO] Downloaded: https://repo.maven.apache.org/maven2/org/apache/maven/maven-parent/26/maven-parent-26.pom (39 KB at 761.8 KB/sec)
[INFO] Downloading: https://repo.maven.apache.org/maven2/org/apache/apache/16/apache-16.pom
[INFO] Downloaded: https://repo.maven.apache.org/maven2/org/apache/apache/16/apache-16.pom (16 KB at 278.4 KB/sec)
[INFO] Downloading: https://repo.maven.apache.org/maven2/org/apache/maven/plugins/maven-shade-plugin/2.4.1/maven-shade-plugin-2.4.1.jar
[INFO] Downloaded: https://repo.maven.apache.org/maven2/org/apache/maven/plugins/maven-shade-plugin/2.4.1/maven-shade-plugin-2.4.1.jar (101 KB at 1255.1 KB/sec)
[INFO] Downloading: https://repo.maven.apache.org/maven2/org/apache/maven/plugins/maven-resources-plugin/2.5/maven-resources-plugin-2.5.pom
[INFO] Downloaded: https://repo.maven.apache.org/maven2/org/apache/maven/plugins/maven-resources-plugin/2.5/maven-resources-plugin-2.5.pom (7 KB at 105.3 KB/sec)
[INFO] Downloading: https://repo.maven.apache.org/maven2/org/apache/maven/plugins/maven-plugins/19/maven-plugins-19.pom
[INFO] Downloaded: https://repo.maven.apache.org/maven2/org/apache/maven/plugins/maven-plugins/19/maven-plugins-19.pom (11 KB at 219.4 KB/sec)
[INFO] Downloading: https://repo.maven.apache.org/maven2/org/apache/maven/maven-parent/19/maven-parent-19.pom
[INFO] Downloaded: https://repo.maven.apache.org/maven2/org/apache/maven/maven-parent/19/maven-parent-19.pom (25 KB at 469.6 KB/sec)
[INFO] Downloading: https://repo.maven.apache.org/maven2/org/apache/apache/9/apache-9.pom
[INFO] Downloaded: https://repo.maven.apache.org/maven2/org/apache/apache/9/apache-9.pom (15 KB at 284.7 KB/sec)
[INFO] Downloading: https://repo.maven.apache.org/maven2/org/apache/maven/plugins/maven-resources-plugin/2.5/maven-resources-plugin-2.5.jar
[INFO] Downloaded: https://repo.maven.apache.org/maven2/org/apache/maven/plugins/maven-resources-plugin/2.5/maven-resources-plugin-2.5.jar (26 KB at 511.0 KB/sec)
[INFO] Downloading: https://repo.maven.apache.org/maven2/org/apache/maven/plugins/maven-compiler-plugin/2.3.2/maven-compiler-plugin-2.3.2.pom
[INFO] Downloaded: https://repo.maven.apache.org/maven2/org/apache/maven/plugins/maven-compiler-plugin/2.3.2/maven-compiler-plugin-2.3.2.pom (8 KB at 183.5 KB/sec)
[INFO] Downloading: https://repo.maven.apache.org/maven2/org/apache/maven/plugins/maven-plugins/18/maven-plugins-18.pom
[INFO] Downloaded: https://repo.maven.apache.org/maven2/org/apache/maven/plugins/maven-plugins/18/maven-plugins-18.pom (13 KB at 253.9 KB/sec)
[INFO] Downloading: https://repo.maven.apache.org/maven2/org/apache/maven/maven-parent/16/maven-parent-16.pom
[INFO] Downloaded: https://repo.maven.apache.org/maven2/org/apache/maven/maven-parent/16/maven-parent-16.pom (23 KB at 463.8 KB/sec)
[INFO] Downloading: https://repo.maven.apache.org/maven2/org/apache/apache/7/apache-7.pom
[INFO] Downloaded: https://repo.maven.apache.org/maven2/org/apache/apache/7/apache-7.pom (15 KB at 320.3 KB/sec)
[INFO] Downloading: https://repo.maven.apache.org/maven2/org/apache/maven/plugins/maven-compiler-plugin/2.3.2/maven-compiler-plugin-2.3.2.jar
[INFO] Downloaded: https://repo.maven.apache.org/maven2/org/apache/maven/plugins/maven-compiler-plugin/2.3.2/maven-compiler-plugin-2.3.2.jar (29 KB at 274.0 KB/sec)
[INFO] Downloading: https://repo.maven.apache.org/maven2/org/apache/maven/plugins/maven-surefire-plugin/2.12.4/maven-surefire-plugin-2.12.4.pom
[INFO] Downloaded: https://repo.maven.apache.org/maven2/org/apache/maven/plugins/maven-surefire-plugin/2.12.4/maven-surefire-plugin-2.12.4.pom (11 KB at 243.6 KB/sec)
[INFO] Downloading: https://repo.maven.apache.org/maven2/org/apache/maven/surefire/surefire/2.12.4/surefire-2.12.4.pom
[INFO] Downloaded: https://repo.maven.apache.org/maven2/org/apache/maven/surefire/surefire/2.12.4/surefire-2.12.4.pom (14 KB at 204.0 KB/sec)
[INFO] Downloading: https://repo.maven.apache.org/maven2/org/apache/maven/maven-parent/22/maven-parent-22.pom
[INFO] Downloaded: https://repo.maven.apache.org/maven2/org/apache/maven/maven-parent/22/maven-parent-22.pom (30 KB at 660.1 KB/sec)
[INFO] Downloading: https://repo.maven.apache.org/maven2/org/apache/apache/11/apache-11.pom
[INFO] Downloaded: https://repo.maven.apache.org/maven2/org/apache/apache/11/apache-11.pom (15 KB at 370.9 KB/sec)
[INFO] Downloading: https://repo.maven.apache.org/maven2/org/apache/maven/plugins/maven-surefire-plugin/2.12.4/maven-surefire-plugin-2.12.4.jar
[INFO] Downloaded: https://repo.maven.apache.org/maven2/org/apache/maven/plugins/maven-surefire-plugin/2.12.4/maven-surefire-plugin-2.12.4.jar (30 KB at 550.9 KB/sec)
[INFO] Downloading: https://repo.maven.apache.org/maven2/org/apache/maven/plugins/maven-jar-plugin/2.4/maven-jar-plugin-2.4.pom
[INFO] Downloaded: https://repo.maven.apache.org/maven2/org/apache/maven/plugins/maven-jar-plugin/2.4/maven-jar-plugin-2.4.pom (6 KB at 105.5 KB/sec)
[INFO] Downloading: https://repo.maven.apache.org/maven2/org/apache/maven/plugins/maven-plugins/22/maven-plugins-22.pom
[INFO] Downloaded: https://repo.maven.apache.org/maven2/org/apache/maven/plugins/maven-plugins/22/maven-plugins-22.pom (13 KB at 187.3 KB/sec)
[INFO] Downloading: https://repo.maven.apache.org/maven2/org/apache/maven/maven-parent/21/maven-parent-21.pom
[INFO] Downloaded: https://repo.maven.apache.org/maven2/org/apache/maven/maven-parent/21/maven-parent-21.pom (26 KB at 276.8 KB/sec)
[INFO] Downloading: https://repo.maven.apache.org/maven2/org/apache/apache/10/apache-10.pom
[INFO] Downloaded: https://repo.maven.apache.org/maven2/org/apache/apache/10/apache-10.pom (15 KB at 307.5 KB/sec)
[INFO] Downloading: https://repo.maven.apache.org/maven2/org/apache/maven/plugins/maven-jar-plugin/2.4/maven-jar-plugin-2.4.jar
[INFO] Downloaded: https://repo.maven.apache.org/maven2/org/apache/maven/plugins/maven-jar-plugin/2.4/maven-jar-plugin-2.4.jar (34 KB at 678.1 KB/sec)
[INFO] Downloading: https://repo.maven.apache.org/maven2/org/apache/maven/plugins/maven-install-plugin/2.4/maven-install-plugin-2.4.pom
[INFO] Downloaded: https://repo.maven.apache.org/maven2/org/apache/maven/plugins/maven-install-plugin/2.4/maven-install-plugin-2.4.pom (7 KB at 135.5 KB/sec)
[INFO] Downloading: https://repo.maven.apache.org/maven2/org/apache/maven/plugins/maven-plugins/23/maven-plugins-23.pom
[INFO] Downloaded: https://repo.maven.apache.org/maven2/org/apache/maven/plugins/maven-plugins/23/maven-plugins-23.pom (9 KB at 130.2 KB/sec)
[INFO] Downloading: https://repo.maven.apache.org/maven2/org/apache/maven/plugins/maven-install-plugin/2.4/maven-install-plugin-2.4.jar
[INFO] Downloaded: https://repo.maven.apache.org/maven2/org/apache/maven/plugins/maven-install-plugin/2.4/maven-install-plugin-2.4.jar (27 KB at 431.5 KB/sec)
[INFO] Downloading: http://repo.maven.apache.org/maven2/org/aspectj/aspectjrt/1.8.6/aspectjrt-1.8.6.pom
[INFO] Downloaded: http://repo.maven.apache.org/maven2/org/aspectj/aspectjrt/1.8.6/aspectjrt-1.8.6.pom (2 KB at 21.2 KB/sec)
[INFO] Downloading: http://repo.maven.apache.org/maven2/com/google/android/android/1.6_r2/android-1.6_r2.pom
[INFO] Downloaded: http://repo.maven.apache.org/maven2/com/google/android/android/1.6_r2/android-1.6_r2.pom (3 KB at 61.4 KB/sec)
[INFO] Downloading: http://repo.maven.apache.org/maven2/commons-logging/commons-logging/1.1.1/commons-logging-1.1.1.pom
[INFO] Downloaded: http://repo.maven.apache.org/maven2/commons-logging/commons-logging/1.1.1/commons-logging-1.1.1.pom (18 KB at 358.7 KB/sec)
[INFO] Downloading: http://repo.maven.apache.org/maven2/org/apache/commons/commons-parent/5/commons-parent-5.pom
[INFO] Downloaded: http://repo.maven.apache.org/maven2/org/apache/commons/commons-parent/5/commons-parent-5.pom (16 KB at 435.1 KB/sec)
[INFO] Downloading: http://repo.maven.apache.org/maven2/org/apache/apache/4/apache-4.pom
[INFO] Downloaded: http://repo.maven.apache.org/maven2/org/apache/apache/4/apache-4.pom (5 KB at 129.1 KB/sec)
[INFO] Downloading: http://repo.maven.apache.org/maven2/org/apache/httpcomponents/httpclient/4.0.1/httpclient-4.0.1.pom
[INFO] Downloaded: http://repo.maven.apache.org/maven2/org/apache/httpcomponents/httpclient/4.0.1/httpclient-4.0.1.pom (7 KB at 184.5 KB/sec)
[INFO] Downloading: http://repo.maven.apache.org/maven2/org/apache/httpcomponents/httpcomponents-client/4.0.1/httpcomponents-client-4.0.1.pom
[INFO] Downloaded: http://repo.maven.apache.org/maven2/org/apache/httpcomponents/httpcomponents-client/4.0.1/httpcomponents-client-4.0.1.pom (9 KB at 264.1 KB/sec)
[INFO] Downloading: http://repo.maven.apache.org/maven2/org/apache/httpcomponents/project/4.0/project-4.0.pom
[INFO] Downloaded: http://repo.maven.apache.org/maven2/org/apache/httpcomponents/project/4.0/project-4.0.pom (13 KB at 376.6 KB/sec)
[INFO] Downloading: http://repo.maven.apache.org/maven2/org/apache/httpcomponents/httpcore/4.0.1/httpcore-4.0.1.pom
[INFO] Downloaded: http://repo.maven.apache.org/maven2/org/apache/httpcomponents/httpcore/4.0.1/httpcore-4.0.1.pom (5 KB at 140.4 KB/sec)
[INFO] Downloading: http://repo.maven.apache.org/maven2/org/apache/httpcomponents/httpcomponents-core/4.0.1/httpcomponents-core-4.0.1.pom
[INFO] Downloaded: http://repo.maven.apache.org/maven2/org/apache/httpcomponents/httpcomponents-core/4.0.1/httpcomponents-core-4.0.1.pom (10 KB at 260.9 KB/sec)
[INFO] Downloading: http://repo.maven.apache.org/maven2/commons-codec/commons-codec/1.3/commons-codec-1.3.pom
[INFO] Downloaded: http://repo.maven.apache.org/maven2/commons-codec/commons-codec/1.3/commons-codec-1.3.pom (6 KB at 149.0 KB/sec)
[INFO] Downloading: http://repo.maven.apache.org/maven2/org/khronos/opengl-api/gl1.1-android-2.1_r1/opengl-api-gl1.1-android-2.1_r1.pom
[INFO] Downloaded: http://repo.maven.apache.org/maven2/org/khronos/opengl-api/gl1.1-android-2.1_r1/opengl-api-gl1.1-android-2.1_r1.pom (2 KB at 42.6 KB/sec)
[INFO] Downloading: http://repo.maven.apache.org/maven2/xerces/xmlParserAPIs/2.6.2/xmlParserAPIs-2.6.2.pom
[INFO] Downloaded: http://repo.maven.apache.org/maven2/xerces/xmlParserAPIs/2.6.2/xmlParserAPIs-2.6.2.pom (153 B at 4.2 KB/sec)
[INFO] Downloading: http://repo.maven.apache.org/maven2/xpp3/xpp3/1.1.4c/xpp3-1.1.4c.pom
[INFO] Downloaded: http://repo.maven.apache.org/maven2/xpp3/xpp3/1.1.4c/xpp3-1.1.4c.pom (3 KB at 58.7 KB/sec)
[INFO] Downloading: http://repo.maven.apache.org/maven2/junit/junit/4.10/junit-4.10.pom
[INFO] Downloaded: http://repo.maven.apache.org/maven2/junit/junit/4.10/junit-4.10.pom (3 KB at 65.4 KB/sec)
[INFO] Downloading: http://repo.maven.apache.org/maven2/org/hamcrest/hamcrest-core/1.1/hamcrest-core-1.1.pom
[INFO] Downloaded: http://repo.maven.apache.org/maven2/org/hamcrest/hamcrest-core/1.1/hamcrest-core-1.1.pom (481 B at 13.4 KB/sec)
[INFO] Downloading: http://repo.maven.apache.org/maven2/org/hamcrest/hamcrest-parent/1.1/hamcrest-parent-1.1.pom
[INFO] Downloaded: http://repo.maven.apache.org/maven2/org/hamcrest/hamcrest-parent/1.1/hamcrest-parent-1.1.pom (6 KB at 159.4 KB/sec)
[INFO] Downloading: http://repo.maven.apache.org/maven2/commons-io/commons-io/2.4/commons-io-2.4.pom
[INFO] Downloaded: http://repo.maven.apache.org/maven2/commons-io/commons-io/2.4/commons-io-2.4.pom (10 KB at 283.6 KB/sec)
[INFO] Downloading: http://repo.maven.apache.org/maven2/org/apache/commons/commons-parent/25/commons-parent-25.pom
[INFO] Downloaded: http://repo.maven.apache.org/maven2/org/apache/commons/commons-parent/25/commons-parent-25.pom (48 KB at 924.9 KB/sec)
[INFO] Downloading: http://repo.maven.apache.org/maven2/commons-codec/commons-codec/1.8/commons-codec-1.8.pom
[INFO] Downloaded: http://repo.maven.apache.org/maven2/commons-codec/commons-codec/1.8/commons-codec-1.8.pom (12 KB at 293.4 KB/sec)
[INFO] Downloading: http://repo.maven.apache.org/maven2/org/apache/commons/commons-parent/28/commons-parent-28.pom
[INFO] Downloaded: http://repo.maven.apache.org/maven2/org/apache/commons/commons-parent/28/commons-parent-28.pom (49 KB at 979.5 KB/sec)
[INFO] Downloading: http://repo.maven.apache.org/maven2/org/apache/apache/13/apache-13.pom
[INFO] Downloaded: http://repo.maven.apache.org/maven2/org/apache/apache/13/apache-13.pom (14 KB at 389.9 KB/sec)
[INFO] Downloading: http://repo.maven.apache.org/maven2/org/aspectj/aspectjrt/1.8.6/aspectjrt-1.8.6.jar
[INFO] Downloading: http://repo.maven.apache.org/maven2/com/google/android/android/1.6_r2/android-1.6_r2.jar
[INFO] Downloading: http://repo.maven.apache.org/maven2/commons-logging/commons-logging/1.1.1/commons-logging-1.1.1.jar
[INFO] Downloading: http://repo.maven.apache.org/maven2/org/apache/httpcomponents/httpclient/4.0.1/httpclient-4.0.1.jar
[INFO] Downloading: http://repo.maven.apache.org/maven2/org/apache/httpcomponents/httpcore/4.0.1/httpcore-4.0.1.jar
[INFO] Downloaded: http://repo.maven.apache.org/maven2/org/aspectj/aspectjrt/1.8.6/aspectjrt-1.8.6.jar (115 KB at 1793.4 KB/sec)
[INFO] Downloading: http://repo.maven.apache.org/maven2/org/khronos/opengl-api/gl1.1-android-2.1_r1/opengl-api-gl1.1-android-2.1_r1.jar
[INFO] Downloaded: http://repo.maven.apache.org/maven2/commons-logging/commons-logging/1.1.1/commons-logging-1.1.1.jar (60 KB at 651.2 KB/sec)
[INFO] Downloading: http://repo.maven.apache.org/maven2/xerces/xmlParserAPIs/2.6.2/xmlParserAPIs-2.6.2.jar
[INFO] Downloaded: http://repo.maven.apache.org/maven2/org/khronos/opengl-api/gl1.1-android-2.1_r1/opengl-api-gl1.1-android-2.1_r1.jar (19 KB at 186.2 KB/sec)
[INFO] Downloading: http://repo.maven.apache.org/maven2/xpp3/xpp3/1.1.4c/xpp3-1.1.4c.jar
[INFO] Downloaded: http://repo.maven.apache.org/maven2/org/apache/httpcomponents/httpclient/4.0.1/httpclient-4.0.1.jar (285 KB at 2348.9 KB/sec)
[INFO] Downloading: http://repo.maven.apache.org/maven2/junit/junit/4.10/junit-4.10.jar
[INFO] Downloaded: http://repo.maven.apache.org/maven2/org/apache/httpcomponents/httpcore/4.0.1/httpcore-4.0.1.jar (169 KB at 1383.9 KB/sec)
[INFO] Downloading: http://repo.maven.apache.org/maven2/org/hamcrest/hamcrest-core/1.1/hamcrest-core-1.1.jar
[INFO] Downloaded: http://repo.maven.apache.org/maven2/xpp3/xpp3/1.1.4c/xpp3-1.1.4c.jar (118 KB at 868.6 KB/sec)
[INFO] Downloading: http://repo.maven.apache.org/maven2/commons-io/commons-io/2.4/commons-io-2.4.jar
[INFO] Downloaded: http://repo.maven.apache.org/maven2/xerces/xmlParserAPIs/2.6.2/xmlParserAPIs-2.6.2.jar (122 KB at 780.8 KB/sec)
[INFO] Downloading: http://repo.maven.apache.org/maven2/commons-codec/commons-codec/1.8/commons-codec-1.8.jar
[INFO] Downloaded: http://repo.maven.apache.org/maven2/org/hamcrest/hamcrest-core/1.1/hamcrest-core-1.1.jar (75 KB at 462.0 KB/sec)
[INFO] Downloaded: http://repo.maven.apache.org/maven2/junit/junit/4.10/junit-4.10.jar (248 KB at 1437.4 KB/sec)
[INFO] Downloaded: http://repo.maven.apache.org/maven2/commons-io/commons-io/2.4/commons-io-2.4.jar (181 KB at 982.6 KB/sec)
[INFO] Downloaded: http://repo.maven.apache.org/maven2/commons-codec/commons-codec/1.8/commons-codec-1.8.jar (258 KB at 1140.2 KB/sec)
[INFO] Downloaded: http://repo.maven.apache.org/maven2/com/google/android/android/1.6_r2/android-1.6_r2.jar (2347 KB at 9239.5 KB/sec)
[INFO] 
[INFO] --- maven-resources-plugin:2.5:resources (default-resources) @ isoparser ---
[INFO] Downloading: https://repo.maven.apache.org/maven2/org/apache/maven/maven-plugin-api/2.0.6/maven-plugin-api-2.0.6.pom
[INFO] Downloaded: https://repo.maven.apache.org/maven2/org/apache/maven/maven-plugin-api/2.0.6/maven-plugin-api-2.0.6.pom (2 KB at 24.5 KB/sec)
[INFO] Downloading: https://repo.maven.apache.org/maven2/org/apache/maven/maven/2.0.6/maven-2.0.6.pom
[INFO] Downloaded: https://repo.maven.apache.org/maven2/org/apache/maven/maven/2.0.6/maven-2.0.6.pom (9 KB at 180.3 KB/sec)
[INFO] Downloading: https://repo.maven.apache.org/maven2/org/apache/maven/maven-parent/5/maven-parent-5.pom
[INFO] Downloaded: https://repo.maven.apache.org/maven2/org/apache/maven/maven-parent/5/maven-parent-5.pom (15 KB at 286.2 KB/sec)
[INFO] Downloading: https://repo.maven.apache.org/maven2/org/apache/apache/3/apache-3.pom
[INFO] Downloaded: https://repo.maven.apache.org/maven2/org/apache/apache/3/apache-3.pom (4 KB at 90.5 KB/sec)
[INFO] Downloading: https://repo.maven.apache.org/maven2/org/apache/maven/maven-project/2.0.6/maven-project-2.0.6.pom
[INFO] Downloaded: https://repo.maven.apache.org/maven2/org/apache/maven/maven-project/2.0.6/maven-project-2.0.6.pom (3 KB at 59.9 KB/sec)
[INFO] Downloading: https://repo.maven.apache.org/maven2/org/apache/maven/maven-settings/2.0.6/maven-settings-2.0.6.pom
[INFO] Downloaded: https://repo.maven.apache.org/maven2/org/apache/maven/maven-settings/2.0.6/maven-settings-2.0.6.pom (2 KB at 43.4 KB/sec)
[INFO] Downloading: https://repo.maven.apache.org/maven2/org/apache/maven/maven-model/2.0.6/maven-model-2.0.6.pom
[INFO] Downloaded: https://repo.maven.apache.org/maven2/org/apache/maven/maven-model/2.0.6/maven-model-2.0.6.pom (3 KB at 80.4 KB/sec)
[INFO] Downloading: https://repo.maven.apache.org/maven2/org/codehaus/plexus/plexus-utils/1.4.1/plexus-utils-1.4.1.pom
[INFO] Downloaded: https://repo.maven.apache.org/maven2/org/codehaus/plexus/plexus-utils/1.4.1/plexus-utils-1.4.1.pom (2 KB at 47.8 KB/sec)
[INFO] Downloading: https://repo.maven.apache.org/maven2/org/codehaus/plexus/plexus/1.0.11/plexus-1.0.11.pom
[INFO] Downloaded: https://repo.maven.apache.org/maven2/org/codehaus/plexus/plexus/1.0.11/plexus-1.0.11.pom (9 KB at 236.7 KB/sec)
[INFO] Downloading: https://repo.maven.apache.org/maven2/org/codehaus/plexus/plexus-container-default/1.0-alpha-9-stable-1/plexus-container-default-1.0-alpha-9-stable-1.pom
[INFO] Downloaded: https://repo.maven.apache.org/maven2/org/codehaus/plexus/plexus-container-default/1.0-alpha-9-stable-1/plexus-container-default-1.0-alpha-9-stable-1.pom (4 KB at 77.1 KB/sec)
[INFO] Downloading: https://repo.maven.apache.org/maven2/org/codehaus/plexus/plexus-containers/1.0.3/plexus-containers-1.0.3.pom
[INFO] Downloaded: https://repo.maven.apache.org/maven2/org/codehaus/plexus/plexus-containers/1.0.3/plexus-containers-1.0.3.pom (492 B at 10.0 KB/sec)
[INFO] Downloading: https://repo.maven.apache.org/maven2/org/codehaus/plexus/plexus/1.0.4/plexus-1.0.4.pom
[INFO] Downloaded: https://repo.maven.apache.org/maven2/org/codehaus/plexus/plexus/1.0.4/plexus-1.0.4.pom (6 KB at 124.5 KB/sec)
[INFO] Downloading: https://repo.maven.apache.org/maven2/junit/junit/3.8.1/junit-3.8.1.pom
[INFO] Downloaded: https://repo.maven.apache.org/maven2/junit/junit/3.8.1/junit-3.8.1.pom (998 B at 21.2 KB/sec)
[INFO] Downloading: https://repo.maven.apache.org/maven2/org/codehaus/plexus/plexus-utils/1.0.4/plexus-utils-1.0.4.pom
[INFO] Downloaded: https://repo.maven.apache.org/maven2/org/codehaus/plexus/plexus-utils/1.0.4/plexus-utils-1.0.4.pom (7 KB at 148.8 KB/sec)
[INFO] Downloading: https://repo.maven.apache.org/maven2/classworlds/classworlds/1.1-alpha-2/classworlds-1.1-alpha-2.pom
[INFO] Downloaded: https://repo.maven.apache.org/maven2/classworlds/classworlds/1.1-alpha-2/classworlds-1.1-alpha-2.pom (4 KB at 72.7 KB/sec)
[INFO] Downloading: https://repo.maven.apache.org/maven2/org/apache/maven/maven-profile/2.0.6/maven-profile-2.0.6.pom
[INFO] Downloaded: https://repo.maven.apache.org/maven2/org/apache/maven/maven-profile/2.0.6/maven-profile-2.0.6.pom (2 KB at 49.6 KB/sec)
[INFO] Downloading: https://repo.maven.apache.org/maven2/org/apache/maven/maven-artifact-manager/2.0.6/maven-artifact-manager-2.0.6.pom
[INFO] Downloaded: https://repo.maven.apache.org/maven2/org/apache/maven/maven-artifact-manager/2.0.6/maven-artifact-manager-2.0.6.pom (3 KB at 50.2 KB/sec)
[INFO] Downloading: https://repo.maven.apache.org/maven2/org/apache/maven/maven-repository-metadata/2.0.6/maven-repository-metadata-2.0.6.pom
[INFO] Downloaded: https://repo.maven.apache.org/maven2/org/apache/maven/maven-repository-metadata/2.0.6/maven-repository-metadata-2.0.6.pom (2 KB at 45.2 KB/sec)
[INFO] Downloading: https://repo.maven.apache.org/maven2/org/apache/maven/maven-artifact/2.0.6/maven-artifact-2.0.6.pom
[INFO] Downloaded: https://repo.maven.apache.org/maven2/org/apache/maven/maven-artifact/2.0.6/maven-artifact-2.0.6.pom (2 KB at 41.6 KB/sec)
[INFO] Downloading: https://repo.maven.apache.org/maven2/org/apache/maven/maven-plugin-registry/2.0.6/maven-plugin-registry-2.0.6.pom
[INFO] Downloaded: https://repo.maven.apache.org/maven2/org/apache/maven/maven-plugin-registry/2.0.6/maven-plugin-registry-2.0.6.pom (2 KB at 28.8 KB/sec)
[INFO] Downloading: https://repo.maven.apache.org/maven2/org/apache/maven/maven-core/2.0.6/maven-core-2.0.6.pom
[INFO] Downloaded: https://repo.maven.apache.org/maven2/org/apache/maven/maven-core/2.0.6/maven-core-2.0.6.pom (7 KB at 121.4 KB/sec)
[INFO] Downloading: https://repo.maven.apache.org/maven2/org/apache/maven/maven-plugin-parameter-documenter/2.0.6/maven-plugin-parameter-documenter-2.0.6.pom
[INFO] Downloaded: https://repo.maven.apache.org/maven2/org/apache/maven/maven-plugin-parameter-documenter/2.0.6/maven-plugin-parameter-documenter-2.0.6.pom (2 KB at 51.8 KB/sec)
[INFO] Downloading: https://repo.maven.apache.org/maven2/org/apache/maven/reporting/maven-reporting-api/2.0.6/maven-reporting-api-2.0.6.pom
[INFO] Downloaded: https://repo.maven.apache.org/maven2/org/apache/maven/reporting/maven-reporting-api/2.0.6/maven-reporting-api-2.0.6.pom (2 KB at 36.4 KB/sec)
[INFO] Downloading: https://repo.maven.apache.org/maven2/org/apache/maven/reporting/maven-reporting/2.0.6/maven-reporting-2.0.6.pom
[INFO] Downloaded: https://repo.maven.apache.org/maven2/org/apache/maven/reporting/maven-reporting/2.0.6/maven-reporting-2.0.6.pom (2 KB at 34.3 KB/sec)
[INFO] Downloading: https://repo.maven.apache.org/maven2/org/apache/maven/doxia/doxia-sink-api/1.0-alpha-7/doxia-sink-api-1.0-alpha-7.pom
[INFO] Downloaded: https://repo.maven.apache.org/maven2/org/apache/maven/doxia/doxia-sink-api/1.0-alpha-7/doxia-sink-api-1.0-alpha-7.pom (424 B at 7.1 KB/sec)
[INFO] Downloading: https://repo.maven.apache.org/maven2/org/apache/maven/doxia/doxia/1.0-alpha-7/doxia-1.0-alpha-7.pom
[INFO] Downloaded: https://repo.maven.apache.org/maven2/org/apache/maven/doxia/doxia/1.0-alpha-7/doxia-1.0-alpha-7.pom (4 KB at 81.3 KB/sec)
[INFO] Downloading: https://repo.maven.apache.org/maven2/org/apache/maven/maven-error-diagnostics/2.0.6/maven-error-diagnostics-2.0.6.pom
[INFO] Downloaded: https://repo.maven.apache.org/maven2/org/apache/maven/maven-error-diagnostics/2.0.6/maven-error-diagnostics-2.0.6.pom (2 KB at 39.6 KB/sec)
[INFO] Downloading: https://repo.maven.apache.org/maven2/commons-cli/commons-cli/1.0/commons-cli-1.0.pom
[INFO] Downloaded: https://repo.maven.apache.org/maven2/commons-cli/commons-cli/1.0/commons-cli-1.0.pom (3 KB at 50.1 KB/sec)
[INFO] Downloading: https://repo.maven.apache.org/maven2/org/apache/maven/maven-plugin-descriptor/2.0.6/maven-plugin-descriptor-2.0.6.pom
[INFO] Downloaded: https://repo.maven.apache.org/maven2/org/apache/maven/maven-plugin-descriptor/2.0.6/maven-plugin-descriptor-2.0.6.pom (2 KB at 56.3 KB/sec)
[INFO] Downloading: https://repo.maven.apache.org/maven2/org/codehaus/plexus/plexus-interactivity-api/1.0-alpha-4/plexus-interactivity-api-1.0-alpha-4.pom
[INFO] Downloaded: https://repo.maven.apache.org/maven2/org/codehaus/plexus/plexus-interactivity-api/1.0-alpha-4/plexus-interactivity-api-1.0-alpha-4.pom (7 KB at 92.3 KB/sec)
[INFO] Downloading: https://repo.maven.apache.org/maven2/org/apache/maven/maven-monitor/2.0.6/maven-monitor-2.0.6.pom
[INFO] Downloaded: https://repo.maven.apache.org/maven2/org/apache/maven/maven-monitor/2.0.6/maven-monitor-2.0.6.pom (2 KB at 34.0 KB/sec)
[INFO] Downloading: https://repo.maven.apache.org/maven2/classworlds/classworlds/1.1/classworlds-1.1.pom
[INFO] Downloaded: https://repo.maven.apache.org/maven2/classworlds/classworlds/1.1/classworlds-1.1.pom (4 KB at 69.1 KB/sec)
[INFO] Downloading: https://repo.maven.apache.org/maven2/org/codehaus/plexus/plexus-utils/2.0.5/plexus-utils-2.0.5.pom
[INFO] Downloaded: https://repo.maven.apache.org/maven2/org/codehaus/plexus/plexus-utils/2.0.5/plexus-utils-2.0.5.pom (4 KB at 59.2 KB/sec)
[INFO] Downloading: https://repo.maven.apache.org/maven2/org/codehaus/plexus/plexus/2.0.6/plexus-2.0.6.pom
[INFO] Downloaded: https://repo.maven.apache.org/maven2/org/codehaus/plexus/plexus/2.0.6/plexus-2.0.6.pom (17 KB at 419.7 KB/sec)
[INFO] Downloading: https://repo.maven.apache.org/maven2/org/apache/maven/shared/maven-filtering/1.0/maven-filtering-1.0.pom
[INFO] Downloaded: https://repo.maven.apache.org/maven2/org/apache/maven/shared/maven-filtering/1.0/maven-filtering-1.0.pom (6 KB at 131.0 KB/sec)
[INFO] Downloading: https://repo.maven.apache.org/maven2/org/apache/maven/shared/maven-shared-components/16/maven-shared-components-16.pom
[INFO] Downloaded: https://repo.maven.apache.org/maven2/org/apache/maven/shared/maven-shared-components/16/maven-shared-components-16.pom (9 KB at 229.1 KB/sec)
[INFO] Downloading: https://repo.maven.apache.org/maven2/org/codehaus/plexus/plexus-utils/1.5.15/plexus-utils-1.5.15.pom
[INFO] Downloaded: https://repo.maven.apache.org/maven2/org/codehaus/plexus/plexus-utils/1.5.15/plexus-utils-1.5.15.pom (7 KB at 180.8 KB/sec)
[INFO] Downloading: https://repo.maven.apache.org/maven2/org/codehaus/plexus/plexus/2.0.2/plexus-2.0.2.pom
[INFO] Downloaded: https://repo.maven.apache.org/maven2/org/codehaus/plexus/plexus/2.0.2/plexus-2.0.2.pom (12 KB at 290.7 KB/sec)
[INFO] Downloading: https://repo.maven.apache.org/maven2/org/codehaus/plexus/plexus-interpolation/1.12/plexus-interpolation-1.12.pom
[INFO] Downloaded: https://repo.maven.apache.org/maven2/org/codehaus/plexus/plexus-interpolation/1.12/plexus-interpolation-1.12.pom (889 B at 21.7 KB/sec)
[INFO] Downloading: https://repo.maven.apache.org/maven2/org/codehaus/plexus/plexus-components/1.1.14/plexus-components-1.1.14.pom
[INFO] Downloaded: https://repo.maven.apache.org/maven2/org/codehaus/plexus/plexus-components/1.1.14/plexus-components-1.1.14.pom (6 KB at 158.5 KB/sec)
[INFO] Downloading: https://repo.maven.apache.org/maven2/org/sonatype/plexus/plexus-build-api/0.0.4/plexus-build-api-0.0.4.pom
[INFO] Downloaded: https://repo.maven.apache.org/maven2/org/sonatype/plexus/plexus-build-api/0.0.4/plexus-build-api-0.0.4.pom (3 KB at 73.6 KB/sec)
[INFO] Downloading: https://repo.maven.apache.org/maven2/org/sonatype/spice/spice-parent/10/spice-parent-10.pom
[INFO] Downloaded: https://repo.maven.apache.org/maven2/org/sonatype/spice/spice-parent/10/spice-parent-10.pom (3 KB at 81.8 KB/sec)
[INFO] Downloading: https://repo.maven.apache.org/maven2/org/sonatype/forge/forge-parent/3/forge-parent-3.pom
[INFO] Downloaded: https://repo.maven.apache.org/maven2/org/sonatype/forge/forge-parent/3/forge-parent-3.pom (5 KB at 114.3 KB/sec)
[INFO] Downloading: https://repo.maven.apache.org/maven2/org/codehaus/plexus/plexus-utils/1.5.8/plexus-utils-1.5.8.pom
[INFO] Downloaded: https://repo.maven.apache.org/maven2/org/codehaus/plexus/plexus-utils/1.5.8/plexus-utils-1.5.8.pom (8 KB at 179.0 KB/sec)
[INFO] Downloading: https://repo.maven.apache.org/maven2/org/codehaus/plexus/plexus-interpolation/1.13/plexus-interpolation-1.13.pom
[INFO] Downloaded: https://repo.maven.apache.org/maven2/org/codehaus/plexus/plexus-interpolation/1.13/plexus-interpolation-1.13.pom (890 B at 23.5 KB/sec)
[INFO] Downloading: https://repo.maven.apache.org/maven2/org/codehaus/plexus/plexus-components/1.1.15/plexus-components-1.1.15.pom
[INFO] Downloaded: https://repo.maven.apache.org/maven2/org/codehaus/plexus/plexus-components/1.1.15/plexus-components-1.1.15.pom (3 KB at 71.3 KB/sec)
[INFO] Downloading: https://repo.maven.apache.org/maven2/org/codehaus/plexus/plexus/2.0.3/plexus-2.0.3.pom
[INFO] Downloaded: https://repo.maven.apache.org/maven2/org/codehaus/plexus/plexus/2.0.3/plexus-2.0.3.pom (16 KB at 314.6 KB/sec)
[INFO] Downloading: https://repo.maven.apache.org/maven2/org/apache/maven/reporting/maven-reporting-api/2.0.6/maven-reporting-api-2.0.6.jar
[INFO] Downloading: https://repo.maven.apache.org/maven2/org/apache/maven/doxia/doxia-sink-api/1.0-alpha-7/doxia-sink-api-1.0-alpha-7.jar
[INFO] Downloading: https://repo.maven.apache.org/maven2/commons-cli/commons-cli/1.0/commons-cli-1.0.jar
[INFO] Downloading: https://repo.maven.apache.org/maven2/org/codehaus/plexus/plexus-interactivity-api/1.0-alpha-4/plexus-interactivity-api-1.0-alpha-4.jar
[INFO] Downloading: https://repo.maven.apache.org/maven2/junit/junit/3.8.1/junit-3.8.1.jar
[INFO] Downloaded: https://repo.maven.apache.org/maven2/org/apache/maven/reporting/maven-reporting-api/2.0.6/maven-reporting-api-2.0.6.jar (10 KB at 149.4 KB/sec)
[INFO] Downloading: https://repo.maven.apache.org/maven2/org/codehaus/plexus/plexus-utils/2.0.5/plexus-utils-2.0.5.jar
[INFO] Downloaded: https://repo.maven.apache.org/maven2/org/apache/maven/doxia/doxia-sink-api/1.0-alpha-7/doxia-sink-api-1.0-alpha-7.jar (6 KB at 54.2 KB/sec)
[INFO] Downloading: https://repo.maven.apache.org/maven2/org/apache/maven/shared/maven-filtering/1.0/maven-filtering-1.0.jar
[INFO] Downloaded: https://repo.maven.apache.org/maven2/commons-cli/commons-cli/1.0/commons-cli-1.0.jar (30 KB at 224.5 KB/sec)
[INFO] Downloading: https://repo.maven.apache.org/maven2/org/sonatype/plexus/plexus-build-api/0.0.4/plexus-build-api-0.0.4.jar
[INFO] Downloaded: https://repo.maven.apache.org/maven2/org/codehaus/plexus/plexus-utils/2.0.5/plexus-utils-2.0.5.jar (218 KB at 1626.4 KB/sec)
[INFO] Downloading: https://repo.maven.apache.org/maven2/org/codehaus/plexus/plexus-interpolation/1.13/plexus-interpolation-1.13.jar
[INFO] Downloaded: https://repo.maven.apache.org/maven2/org/codehaus/plexus/plexus-interactivity-api/1.0-alpha-4/plexus-interactivity-api-1.0-alpha-4.jar (14 KB at 94.2 KB/sec)
[INFO] Downloaded: https://repo.maven.apache.org/maven2/org/sonatype/plexus/plexus-build-api/0.0.4/plexus-build-api-0.0.4.jar (7 KB at 39.1 KB/sec)
[INFO] Downloaded: https://repo.maven.apache.org/maven2/junit/junit/3.8.1/junit-3.8.1.jar (119 KB at 683.4 KB/sec)
[INFO] Downloaded: https://repo.maven.apache.org/maven2/org/apache/maven/shared/maven-filtering/1.0/maven-filtering-1.0.jar (42 KB at 241.0 KB/sec)
[INFO] Downloaded: https://repo.maven.apache.org/maven2/org/codehaus/plexus/plexus-interpolation/1.13/plexus-interpolation-1.13.jar (60 KB at 320.6 KB/sec)
[debug] execute contextualize
[INFO] Using 'UTF-8' encoding to copy filtered resources.
[INFO] Copying 4 resources
[INFO] 
[INFO] --- maven-compiler-plugin:2.3.2:compile (default-compile) @ isoparser ---
[INFO] Downloading: https://repo.maven.apache.org/maven2/org/apache/maven/maven-toolchain/1.0/maven-toolchain-1.0.pom
[INFO] Downloaded: https://repo.maven.apache.org/maven2/org/apache/maven/maven-toolchain/1.0/maven-toolchain-1.0.pom (4 KB at 98.1 KB/sec)
[INFO] Downloading: https://repo.maven.apache.org/maven2/org/codehaus/plexus/plexus-compiler-api/1.8.1/plexus-compiler-api-1.8.1.pom
[INFO] Downloaded: https://repo.maven.apache.org/maven2/org/codehaus/plexus/plexus-compiler-api/1.8.1/plexus-compiler-api-1.8.1.pom (805 B at 23.1 KB/sec)
[INFO] Downloading: https://repo.maven.apache.org/maven2/org/codehaus/plexus/plexus-compiler/1.8.1/plexus-compiler-1.8.1.pom
[INFO] Downloaded: https://repo.maven.apache.org/maven2/org/codehaus/plexus/plexus-compiler/1.8.1/plexus-compiler-1.8.1.pom (4 KB at 97.0 KB/sec)
[INFO] Downloading: https://repo.maven.apache.org/maven2/org/codehaus/plexus/plexus-components/1.1.18/plexus-components-1.1.18.pom
[INFO] Downloaded: https://repo.maven.apache.org/maven2/org/codehaus/plexus/plexus-components/1.1.18/plexus-components-1.1.18.pom (6 KB at 149.4 KB/sec)
[INFO] Downloading: https://repo.maven.apache.org/maven2/org/codehaus/plexus/plexus/2.0.7/plexus-2.0.7.pom
[INFO] Downloaded: https://repo.maven.apache.org/maven2/org/codehaus/plexus/plexus/2.0.7/plexus-2.0.7.pom (17 KB at 482.6 KB/sec)
[INFO] Downloading: https://repo.maven.apache.org/maven2/org/codehaus/plexus/plexus-utils/1.5.5/plexus-utils-1.5.5.pom
[INFO] Downloaded: https://repo.maven.apache.org/maven2/org/codehaus/plexus/plexus-utils/1.5.5/plexus-utils-1.5.5.pom (6 KB at 139.6 KB/sec)
[INFO] Downloading: https://repo.maven.apache.org/maven2/org/codehaus/plexus/plexus-compiler-manager/1.8.1/plexus-compiler-manager-1.8.1.pom
[INFO] Downloaded: https://repo.maven.apache.org/maven2/org/codehaus/plexus/plexus-compiler-manager/1.8.1/plexus-compiler-manager-1.8.1.pom (713 B at 19.9 KB/sec)
[INFO] Downloading: https://repo.maven.apache.org/maven2/org/codehaus/plexus/plexus-compiler-javac/1.8.1/plexus-compiler-javac-1.8.1.pom
[INFO] Downloaded: https://repo.maven.apache.org/maven2/org/codehaus/plexus/plexus-compiler-javac/1.8.1/plexus-compiler-javac-1.8.1.pom (710 B at 19.8 KB/sec)
[INFO] Downloading: https://repo.maven.apache.org/maven2/org/codehaus/plexus/plexus-compilers/1.8.1/plexus-compilers-1.8.1.pom
[INFO] Downloaded: https://repo.maven.apache.org/maven2/org/codehaus/plexus/plexus-compilers/1.8.1/plexus-compilers-1.8.1.pom (2 KB at 36.0 KB/sec)
[INFO] Downloading: https://repo.maven.apache.org/maven2/org/codehaus/plexus/plexus-compiler-api/1.8.1/plexus-compiler-api-1.8.1.jar
[INFO] Downloading: https://repo.maven.apache.org/maven2/org/codehaus/plexus/plexus-compiler-manager/1.8.1/plexus-compiler-manager-1.8.1.jar
[INFO] Downloading: https://repo.maven.apache.org/maven2/org/codehaus/plexus/plexus-compiler-javac/1.8.1/plexus-compiler-javac-1.8.1.jar
[INFO] Downloaded: https://repo.maven.apache.org/maven2/org/codehaus/plexus/plexus-compiler-api/1.8.1/plexus-compiler-api-1.8.1.jar (20 KB at 433.2 KB/sec)
[INFO] Downloaded: https://repo.maven.apache.org/maven2/org/codehaus/plexus/plexus-compiler-javac/1.8.1/plexus-compiler-javac-1.8.1.jar (13 KB at 265.8 KB/sec)
[INFO] Downloaded: https://repo.maven.apache.org/maven2/org/codehaus/plexus/plexus-compiler-manager/1.8.1/plexus-compiler-manager-1.8.1.jar (6 KB at 113.0 KB/sec)
[INFO] Compiling 259 source files to /home/travis/build/sannies/mp4parser/isoparser/target/classes
[INFO] 
[INFO] --- aspectj-maven-plugin:1.7:compile (default) @ isoparser ---
[INFO] Downloading: https://repo.maven.apache.org/maven2/org/aspectj/aspectjtools/1.8.6/aspectjtools-1.8.6.pom
[INFO] Downloaded: https://repo.maven.apache.org/maven2/org/aspectj/aspectjtools/1.8.6/aspectjtools-1.8.6.pom (1021 B at 16.9 KB/sec)
[INFO] Downloading: https://repo.maven.apache.org/maven2/org/codehaus/plexus/plexus-utils/3.0.10/plexus-utils-3.0.10.pom
[INFO] Downloaded: https://repo.maven.apache.org/maven2/org/codehaus/plexus/plexus-utils/3.0.10/plexus-utils-3.0.10.pom (4 KB at 14.6 KB/sec)
[INFO] Downloading: https://repo.maven.apache.org/maven2/org/codehaus/plexus/plexus/3.3/plexus-3.3.pom
[INFO] Downloaded: https://repo.maven.apache.org/maven2/org/codehaus/plexus/plexus/3.3/plexus-3.3.pom (20 KB at 555.2 KB/sec)
[INFO] Downloading: https://repo.maven.apache.org/maven2/org/sonatype/spice/spice-parent/17/spice-parent-17.pom
[INFO] Downloaded: https://repo.maven.apache.org/maven2/org/sonatype/spice/spice-parent/17/spice-parent-17.pom (7 KB at 188.6 KB/sec)
[INFO] Downloading: https://repo.maven.apache.org/maven2/org/sonatype/forge/forge-parent/10/forge-parent-10.pom
[INFO] Downloaded: https://repo.maven.apache.org/maven2/org/sonatype/forge/forge-parent/10/forge-parent-10.pom (14 KB at 367.8 KB/sec)
[INFO] Downloading: https://repo.maven.apache.org/maven2/org/apache/maven/maven-artifact/2.2.1/maven-artifact-2.2.1.pom
[INFO] Downloaded: https://repo.maven.apache.org/maven2/org/apache/maven/maven-artifact/2.2.1/maven-artifact-2.2.1.pom (2 KB at 39.6 KB/sec)
[INFO] Downloading: https://repo.maven.apache.org/maven2/org/apache/maven/maven/2.2.1/maven-2.2.1.pom
[INFO] Downloaded: https://repo.maven.apache.org/maven2/org/apache/maven/maven/2.2.1/maven-2.2.1.pom (22 KB at 625.3 KB/sec)
[INFO] Downloading: https://repo.maven.apache.org/maven2/org/apache/maven/maven-parent/11/maven-parent-11.pom
[INFO] Downloaded: https://repo.maven.apache.org/maven2/org/apache/maven/maven-parent/11/maven-parent-11.pom (32 KB at 855.4 KB/sec)
[INFO] Downloading: https://repo.maven.apache.org/maven2/org/apache/apache/5/apache-5.pom
[INFO] Downloaded: https://repo.maven.apache.org/maven2/org/apache/apache/5/apache-5.pom (5 KB at 111.1 KB/sec)
[INFO] Downloading: https://repo.maven.apache.org/maven2/org/apache/maven/maven-model/2.2.1/maven-model-2.2.1.pom
[INFO] Downloaded: https://repo.maven.apache.org/maven2/org/apache/maven/maven-model/2.2.1/maven-model-2.2.1.pom (4 KB at 87.9 KB/sec)
[INFO] Downloading: https://repo.maven.apache.org/maven2/org/apache/maven/maven-project/2.2.1/maven-project-2.2.1.pom
[INFO] Downloaded: https://repo.maven.apache.org/maven2/org/apache/maven/maven-project/2.2.1/maven-project-2.2.1.pom (3 KB at 71.3 KB/sec)
[INFO] Downloading: https://repo.maven.apache.org/maven2/org/apache/maven/maven-settings/2.2.1/maven-settings-2.2.1.pom
[INFO] Downloaded: https://repo.maven.apache.org/maven2/org/apache/maven/maven-settings/2.2.1/maven-settings-2.2.1.pom (3 KB at 56.0 KB/sec)
[INFO] Downloading: https://repo.maven.apache.org/maven2/org/codehaus/plexus/plexus-interpolation/1.11/plexus-interpolation-1.11.pom
[INFO] Downloaded: https://repo.maven.apache.org/maven2/org/codehaus/plexus/plexus-interpolation/1.11/plexus-interpolation-1.11.pom (889 B at 24.8 KB/sec)
[INFO] Downloading: https://repo.maven.apache.org/maven2/junit/junit/4.11/junit-4.11.pom
[INFO] Downloaded: https://repo.maven.apache.org/maven2/junit/junit/4.11/junit-4.11.pom (3 KB at 60.2 KB/sec)
[INFO] Downloading: https://repo.maven.apache.org/maven2/org/hamcrest/hamcrest-core/1.3/hamcrest-core-1.3.pom
[INFO] Downloaded: https://repo.maven.apache.org/maven2/org/hamcrest/hamcrest-core/1.3/hamcrest-core-1.3.pom (766 B at 20.8 KB/sec)
[INFO] Downloading: https://repo.maven.apache.org/maven2/org/hamcrest/hamcrest-parent/1.3/hamcrest-parent-1.3.pom
[INFO] Downloaded: https://repo.maven.apache.org/maven2/org/hamcrest/hamcrest-parent/1.3/hamcrest-parent-1.3.pom (2 KB at 53.5 KB/sec)
[INFO] Downloading: https://repo.maven.apache.org/maven2/org/apache/maven/maven-profile/2.2.1/maven-profile-2.2.1.pom
[INFO] Downloaded: https://repo.maven.apache.org/maven2/org/apache/maven/maven-profile/2.2.1/maven-profile-2.2.1.pom (3 KB at 60.6 KB/sec)
[INFO] Downloading: https://repo.maven.apache.org/maven2/org/apache/maven/maven-artifact-manager/2.2.1/maven-artifact-manager-2.2.1.pom
[INFO] Downloaded: https://repo.maven.apache.org/maven2/org/apache/maven/maven-artifact-manager/2.2.1/maven-artifact-manager-2.2.1.pom (4 KB at 86.6 KB/sec)
[INFO] Downloading: https://repo.maven.apache.org/maven2/org/apache/maven/maven-repository-metadata/2.2.1/maven-repository-metadata-2.2.1.pom
[INFO] Downloaded: https://repo.maven.apache.org/maven2/org/apache/maven/maven-repository-metadata/2.2.1/maven-repository-metadata-2.2.1.pom (2 KB at 50.8 KB/sec)
[INFO] Downloading: https://repo.maven.apache.org/maven2/backport-util-concurrent/backport-util-concurrent/3.1/backport-util-concurrent-3.1.pom
[INFO] Downloaded: https://repo.maven.apache.org/maven2/backport-util-concurrent/backport-util-concurrent/3.1/backport-util-concurrent-3.1.pom (880 B at 22.6 KB/sec)
[INFO] Downloading: https://repo.maven.apache.org/maven2/org/apache/maven/maven-plugin-registry/2.2.1/maven-plugin-registry-2.2.1.pom
[INFO] Downloaded: https://repo.maven.apache.org/maven2/org/apache/maven/maven-plugin-registry/2.2.1/maven-plugin-registry-2.2.1.pom (2 KB at 55.4 KB/sec)
[INFO] Downloading: https://repo.maven.apache.org/maven2/org/apache/maven/reporting/maven-reporting-api/2.2.1/maven-reporting-api-2.2.1.pom
[INFO] Downloaded: https://repo.maven.apache.org/maven2/org/apache/maven/reporting/maven-reporting-api/2.2.1/maven-reporting-api-2.2.1.pom (2 KB at 53.2 KB/sec)
[INFO] Downloading: https://repo.maven.apache.org/maven2/org/apache/maven/reporting/maven-reporting/2.2.1/maven-reporting-2.2.1.pom
[INFO] Downloaded: https://repo.maven.apache.org/maven2/org/apache/maven/reporting/maven-reporting/2.2.1/maven-reporting-2.2.1.pom (2 KB at 40.3 KB/sec)
[INFO] Downloading: https://repo.maven.apache.org/maven2/org/apache/maven/doxia/doxia-sink-api/1.1/doxia-sink-api-1.1.pom
[INFO] Downloaded: https://repo.maven.apache.org/maven2/org/apache/maven/doxia/doxia-sink-api/1.1/doxia-sink-api-1.1.pom (2 KB at 55.3 KB/sec)
[INFO] Downloading: https://repo.maven.apache.org/maven2/org/apache/maven/doxia/doxia/1.1/doxia-1.1.pom
[INFO] Downloaded: https://repo.maven.apache.org/maven2/org/apache/maven/doxia/doxia/1.1/doxia-1.1.pom (15 KB at 411.7 KB/sec)
[INFO] Downloading: https://repo.maven.apache.org/maven2/org/apache/maven/doxia/doxia-logging-api/1.1/doxia-logging-api-1.1.pom
[INFO] Downloaded: https://repo.maven.apache.org/maven2/org/apache/maven/doxia/doxia-logging-api/1.1/doxia-logging-api-1.1.pom (2 KB at 36.6 KB/sec)
[INFO] Downloading: https://repo.maven.apache.org/maven2/org/codehaus/plexus/plexus-container-default/1.0-alpha-30/plexus-container-default-1.0-alpha-30.pom
[INFO] Downloaded: https://repo.maven.apache.org/maven2/org/codehaus/plexus/plexus-container-default/1.0-alpha-30/plexus-container-default-1.0-alpha-30.pom (4 KB at 94.3 KB/sec)
[INFO] Downloading: https://repo.maven.apache.org/maven2/org/codehaus/plexus/plexus-containers/1.0-alpha-30/plexus-containers-1.0-alpha-30.pom
[INFO] Downloaded: https://repo.maven.apache.org/maven2/org/codehaus/plexus/plexus-containers/1.0-alpha-30/plexus-containers-1.0-alpha-30.pom (2 KB at 52.8 KB/sec)
[INFO] Downloading: https://repo.maven.apache.org/maven2/org/codehaus/plexus/plexus-utils/1.4.5/plexus-utils-1.4.5.pom
[INFO] Downloaded: https://repo.maven.apache.org/maven2/org/codehaus/plexus/plexus-utils/1.4.5/plexus-utils-1.4.5.pom (3 KB at 61.4 KB/sec)
[INFO] Downloading: https://repo.maven.apache.org/maven2/org/codehaus/plexus/plexus-classworlds/1.2-alpha-9/plexus-classworlds-1.2-alpha-9.pom
[INFO] Downloaded: https://repo.maven.apache.org/maven2/org/codehaus/plexus/plexus-classworlds/1.2-alpha-9/plexus-classworlds-1.2-alpha-9.pom (4 KB at 89.9 KB/sec)
[INFO] Downloading: https://repo.maven.apache.org/maven2/org/codehaus/plexus/plexus/1.0.10/plexus-1.0.10.pom
[INFO] Downloaded: https://repo.maven.apache.org/maven2/org/codehaus/plexus/plexus/1.0.10/plexus-1.0.10.pom (9 KB at 230.2 KB/sec)
[INFO] Downloading: https://repo.maven.apache.org/maven2/org/apache/maven/maven-plugin-api/2.2.1/maven-plugin-api-2.2.1.pom
[INFO] Downloaded: https://repo.maven.apache.org/maven2/org/apache/maven/maven-plugin-api/2.2.1/maven-plugin-api-2.2.1.pom (2 KB at 40.7 KB/sec)
[INFO] Downloading: https://repo.maven.apache.org/maven2/org/apache/maven/doxia/doxia-site-renderer/1.1.2/doxia-site-renderer-1.1.2.pom
[INFO] Downloaded: https://repo.maven.apache.org/maven2/org/apache/maven/doxia/doxia-site-renderer/1.1.2/doxia-site-renderer-1.1.2.pom (6 KB at 166.0 KB/sec)
[INFO] Downloading: https://repo.maven.apache.org/maven2/org/apache/maven/doxia/doxia-sitetools/1.1.2/doxia-sitetools-1.1.2.pom
[INFO] Downloaded: https://repo.maven.apache.org/maven2/org/apache/maven/doxia/doxia-sitetools/1.1.2/doxia-sitetools-1.1.2.pom (15 KB at 339.2 KB/sec)
[INFO] Downloading: https://repo.maven.apache.org/maven2/org/apache/maven/maven-parent/15/maven-parent-15.pom
[INFO] Downloaded: https://repo.maven.apache.org/maven2/org/apache/maven/maven-parent/15/maven-parent-15.pom (24 KB at 571.7 KB/sec)
[INFO] Downloading: https://repo.maven.apache.org/maven2/org/apache/apache/6/apache-6.pom
[INFO] Downloaded: https://repo.maven.apache.org/maven2/org/apache/apache/6/apache-6.pom (13 KB at 337.7 KB/sec)
[INFO] Downloading: https://repo.maven.apache.org/maven2/org/apache/maven/doxia/doxia-core/1.1.2/doxia-core-1.1.2.pom
[INFO] Downloaded: https://repo.maven.apache.org/maven2/org/apache/maven/doxia/doxia-core/1.1.2/doxia-core-1.1.2.pom (4 KB at 8.7 KB/sec)
[INFO] Downloading: https://repo.maven.apache.org/maven2/org/apache/maven/doxia/doxia/1.1.2/doxia-1.1.2.pom
[INFO] Downloaded: https://repo.maven.apache.org/maven2/org/apache/maven/doxia/doxia/1.1.2/doxia-1.1.2.pom (18 KB at 479.2 KB/sec)
[INFO] Downloading: https://repo.maven.apache.org/maven2/org/apache/maven/doxia/doxia-sink-api/1.1.2/doxia-sink-api-1.1.2.pom
[INFO] Downloaded: https://repo.maven.apache.org/maven2/org/apache/maven/doxia/doxia-sink-api/1.1.2/doxia-sink-api-1.1.2.pom (2 KB at 36.6 KB/sec)
[INFO] Downloading: https://repo.maven.apache.org/maven2/org/apache/maven/doxia/doxia-logging-api/1.1.2/doxia-logging-api-1.1.2.pom
[INFO] Downloaded: https://repo.maven.apache.org/maven2/org/apache/maven/doxia/doxia-logging-api/1.1.2/doxia-logging-api-1.1.2.pom (2 KB at 42.9 KB/sec)
[INFO] Downloading: https://repo.maven.apache.org/maven2/org/codehaus/plexus/plexus-utils/1.5.12/plexus-utils-1.5.12.pom
[INFO] Downloaded: https://repo.maven.apache.org/maven2/org/codehaus/plexus/plexus-utils/1.5.12/plexus-utils-1.5.12.pom (6 KB at 148.7 KB/sec)
[INFO] Downloading: https://repo.maven.apache.org/maven2/xerces/xercesImpl/2.8.1/xercesImpl-2.8.1.pom
[INFO] Downloaded: https://repo.maven.apache.org/maven2/xerces/xercesImpl/2.8.1/xercesImpl-2.8.1.pom (3 KB at 53.9 KB/sec)
[INFO] Downloading: https://repo.maven.apache.org/maven2/xml-apis/xml-apis/1.3.03/xml-apis-1.3.03.pom
[INFO] Downloaded: https://repo.maven.apache.org/maven2/xml-apis/xml-apis/1.3.03/xml-apis-1.3.03.pom (738 B at 17.6 KB/sec)
[INFO] Downloading: https://repo.maven.apache.org/maven2/org/apache/apache/1/apache-1.pom
[INFO] Downloaded: https://repo.maven.apache.org/maven2/org/apache/apache/1/apache-1.pom (4 KB at 92.5 KB/sec)
[INFO] Downloading: https://repo.maven.apache.org/maven2/commons-lang/commons-lang/2.4/commons-lang-2.4.pom
[INFO] Downloaded: https://repo.maven.apache.org/maven2/commons-lang/commons-lang/2.4/commons-lang-2.4.pom (14 KB at 379.1 KB/sec)
[INFO] Downloading: https://repo.maven.apache.org/maven2/org/apache/commons/commons-parent/9/commons-parent-9.pom
[INFO] Downloaded: https://repo.maven.apache.org/maven2/org/apache/commons/commons-parent/9/commons-parent-9.pom (22 KB at 594.9 KB/sec)
[INFO] Downloading: https://repo.maven.apache.org/maven2/commons-httpclient/commons-httpclient/3.1/commons-httpclient-3.1.pom
[INFO] Downloaded: https://repo.maven.apache.org/maven2/commons-httpclient/commons-httpclient/3.1/commons-httpclient-3.1.pom (8 KB at 180.5 KB/sec)
[INFO] Downloading: https://repo.maven.apache.org/maven2/commons-logging/commons-logging/1.0.4/commons-logging-1.0.4.pom
[INFO] Downloaded: https://repo.maven.apache.org/maven2/commons-logging/commons-logging/1.0.4/commons-logging-1.0.4.pom (6 KB at 135.3 KB/sec)
[INFO] Downloading: https://repo.maven.apache.org/maven2/commons-codec/commons-codec/1.2/commons-codec-1.2.pom
[INFO] Downloaded: https://repo.maven.apache.org/maven2/commons-codec/commons-codec/1.2/commons-codec-1.2.pom (4 KB at 103.8 KB/sec)
[INFO] Downloading: https://repo.maven.apache.org/maven2/org/apache/maven/doxia/doxia-decoration-model/1.1.2/doxia-decoration-model-1.1.2.pom
[INFO] Downloaded: https://repo.maven.apache.org/maven2/org/apache/maven/doxia/doxia-decoration-model/1.1.2/doxia-decoration-model-1.1.2.pom (3 KB at 80.7 KB/sec)
[INFO] Downloading: https://repo.maven.apache.org/maven2/org/apache/maven/doxia/doxia-module-xhtml/1.1.2/doxia-module-xhtml-1.1.2.pom
[INFO] Downloaded: https://repo.maven.apache.org/maven2/org/apache/maven/doxia/doxia-module-xhtml/1.1.2/doxia-module-xhtml-1.1.2.pom (2 KB at 39.1 KB/sec)
[INFO] Downloading: https://repo.maven.apache.org/maven2/org/apache/maven/doxia/doxia-modules/1.1.2/doxia-modules-1.1.2.pom
[INFO] Downloaded: https://repo.maven.apache.org/maven2/org/apache/maven/doxia/doxia-modules/1.1.2/doxia-modules-1.1.2.pom (3 KB at 64.3 KB/sec)
[INFO] Downloading: https://repo.maven.apache.org/maven2/org/apache/maven/doxia/doxia-module-fml/1.1.2/doxia-module-fml-1.1.2.pom
[INFO] Downloaded: https://repo.maven.apache.org/maven2/org/apache/maven/doxia/doxia-module-fml/1.1.2/doxia-module-fml-1.1.2.pom (6 KB at 137.6 KB/sec)
[INFO] Downloading: https://repo.maven.apache.org/maven2/org/codehaus/plexus/plexus-i18n/1.0-beta-7/plexus-i18n-1.0-beta-7.pom
[INFO] Downloaded: https://repo.maven.apache.org/maven2/org/codehaus/plexus/plexus-i18n/1.0-beta-7/plexus-i18n-1.0-beta-7.pom (2 KB at 27.2 KB/sec)
[INFO] Downloading: https://repo.maven.apache.org/maven2/org/codehaus/plexus/plexus-components/1.1.12/plexus-components-1.1.12.pom
[INFO] Downloaded: https://repo.maven.apache.org/maven2/org/codehaus/plexus/plexus-components/1.1.12/plexus-components-1.1.12.pom (3 KB at 81.5 KB/sec)
[INFO] Downloading: https://repo.maven.apache.org/maven2/org/codehaus/plexus/plexus-velocity/1.1.7/plexus-velocity-1.1.7.pom
[INFO] Downloaded: https://repo.maven.apache.org/maven2/org/codehaus/plexus/plexus-velocity/1.1.7/plexus-velocity-1.1.7.pom (2 KB at 53.1 KB/sec)
[INFO] Downloading: https://repo.maven.apache.org/maven2/org/codehaus/plexus/plexus-container-default/1.0-alpha-20/plexus-container-default-1.0-alpha-20.pom
[INFO] Downloaded: https://repo.maven.apache.org/maven2/org/codehaus/plexus/plexus-container-default/1.0-alpha-20/plexus-container-default-1.0-alpha-20.pom (3 KB at 81.1 KB/sec)
[INFO] Downloading: https://repo.maven.apache.org/maven2/org/codehaus/plexus/plexus-containers/1.0-alpha-20/plexus-containers-1.0-alpha-20.pom
[INFO] Downloaded: https://repo.maven.apache.org/maven2/org/codehaus/plexus/plexus-containers/1.0-alpha-20/plexus-containers-1.0-alpha-20.pom (2 KB at 51.2 KB/sec)
[INFO] Downloading: https://repo.maven.apache.org/maven2/org/codehaus/plexus/plexus-utils/1.3/plexus-utils-1.3.pom
[INFO] Downloaded: https://repo.maven.apache.org/maven2/org/codehaus/plexus/plexus-utils/1.3/plexus-utils-1.3.pom (2 KB at 25.9 KB/sec)
[INFO] Downloading: https://repo.maven.apache.org/maven2/org/codehaus/plexus/plexus/1.0.8/plexus-1.0.8.pom
[INFO] Downloaded: https://repo.maven.apache.org/maven2/org/codehaus/plexus/plexus/1.0.8/plexus-1.0.8.pom (8 KB at 190.8 KB/sec)
[INFO] Downloading: https://repo.maven.apache.org/maven2/org/codehaus/plexus/plexus-classworlds/1.2-alpha-7/plexus-classworlds-1.2-alpha-7.pom
[INFO] Downloaded: https://repo.maven.apache.org/maven2/org/codehaus/plexus/plexus-classworlds/1.2-alpha-7/plexus-classworlds-1.2-alpha-7.pom (3 KB at 62.6 KB/sec)
[INFO] Downloading: https://repo.maven.apache.org/maven2/org/codehaus/plexus/plexus/1.0.9/plexus-1.0.9.pom
[INFO] Downloaded: https://repo.maven.apache.org/maven2/org/codehaus/plexus/plexus/1.0.9/plexus-1.0.9.pom (8 KB at 192.3 KB/sec)
[INFO] Downloading: https://repo.maven.apache.org/maven2/org/apache/velocity/velocity/1.5/velocity-1.5.pom
[INFO] Downloaded: https://repo.maven.apache.org/maven2/org/apache/velocity/velocity/1.5/velocity-1.5.pom (8 KB at 204.9 KB/sec)
[INFO] Downloading: https://repo.maven.apache.org/maven2/commons-collections/commons-collections/3.1/commons-collections-3.1.pom
[INFO] Downloaded: https://repo.maven.apache.org/maven2/commons-collections/commons-collections/3.1/commons-collections-3.1.pom (6 KB at 132.0 KB/sec)
[INFO] Downloading: https://repo.maven.apache.org/maven2/commons-lang/commons-lang/2.1/commons-lang-2.1.pom
[INFO] Downloaded: https://repo.maven.apache.org/maven2/commons-lang/commons-lang/2.1/commons-lang-2.1.pom (10 KB at 269.3 KB/sec)
[INFO] Downloading: https://repo.maven.apache.org/maven2/oro/oro/2.0.8/oro-2.0.8.pom
[INFO] Downloaded: https://repo.maven.apache.org/maven2/oro/oro/2.0.8/oro-2.0.8.pom (140 B at 3.8 KB/sec)
[INFO] Downloading: https://repo.maven.apache.org/maven2/commons-collections/commons-collections/3.2/commons-collections-3.2.pom
[INFO] Downloaded: https://repo.maven.apache.org/maven2/commons-collections/commons-collections/3.2/commons-collections-3.2.pom (11 KB at 299.3 KB/sec)
[INFO] Downloading: https://repo.maven.apache.org/maven2/org/apache/maven/reporting/maven-reporting-impl/2.1/maven-reporting-impl-2.1.pom
[INFO] Downloaded: https://repo.maven.apache.org/maven2/org/apache/maven/reporting/maven-reporting-impl/2.1/maven-reporting-impl-2.1.pom (5 KB at 122.7 KB/sec)
[INFO] Downloading: https://repo.maven.apache.org/maven2/org/apache/maven/shared/maven-shared-components/15/maven-shared-components-15.pom
[INFO] Downloaded: https://repo.maven.apache.org/maven2/org/apache/maven/shared/maven-shared-components/15/maven-shared-components-15.pom (10 KB at 253.3 KB/sec)
[INFO] Downloading: https://repo.maven.apache.org/maven2/org/apache/maven/reporting/maven-reporting-api/3.0/maven-reporting-api-3.0.pom
[INFO] Downloaded: https://repo.maven.apache.org/maven2/org/apache/maven/reporting/maven-reporting-api/3.0/maven-reporting-api-3.0.pom (3 KB at 48.3 KB/sec)
[INFO] Downloading: https://repo.maven.apache.org/maven2/org/apache/maven/doxia/doxia-sink-api/1.0/doxia-sink-api-1.0.pom
[INFO] Downloaded: https://repo.maven.apache.org/maven2/org/apache/maven/doxia/doxia-sink-api/1.0/doxia-sink-api-1.0.pom (2 KB at 37.6 KB/sec)
[INFO] Downloading: https://repo.maven.apache.org/maven2/org/apache/maven/doxia/doxia/1.0/doxia-1.0.pom
[INFO] Downloaded: https://repo.maven.apache.org/maven2/org/apache/maven/doxia/doxia/1.0/doxia-1.0.pom (10 KB at 261.6 KB/sec)
[INFO] Downloading: https://repo.maven.apache.org/maven2/org/apache/maven/maven-parent/10/maven-parent-10.pom
[INFO] Downloaded: https://repo.maven.apache.org/maven2/org/apache/maven/maven-parent/10/maven-parent-10.pom (31 KB at 835.0 KB/sec)
[INFO] Downloading: https://repo.maven.apache.org/maven2/org/apache/maven/maven-project/2.0.10/maven-project-2.0.10.pom
[INFO] Downloaded: https://repo.maven.apache.org/maven2/org/apache/maven/maven-project/2.0.10/maven-project-2.0.10.pom (3 KB at 77.2 KB/sec)
[INFO] Downloading: https://repo.maven.apache.org/maven2/org/apache/maven/maven/2.0.10/maven-2.0.10.pom
[INFO] Downloaded: https://repo.maven.apache.org/maven2/org/apache/maven/maven/2.0.10/maven-2.0.10.pom (24 KB at 578.4 KB/sec)
[INFO] Downloading: https://repo.maven.apache.org/maven2/org/apache/maven/maven-parent/9/maven-parent-9.pom
[INFO] Downloaded: https://repo.maven.apache.org/maven2/org/apache/maven/maven-parent/9/maven-parent-9.pom (33 KB at 866.7 KB/sec)
[INFO] Downloading: https://repo.maven.apache.org/maven2/org/apache/maven/maven-settings/2.0.10/maven-settings-2.0.10.pom
[INFO] Downloaded: https://repo.maven.apache.org/maven2/org/apache/maven/maven-settings/2.0.10/maven-settings-2.0.10.pom (3 KB at 59.1 KB/sec)
[INFO] Downloading: https://repo.maven.apache.org/maven2/org/apache/maven/maven-model/2.0.10/maven-model-2.0.10.pom
[INFO] Downloaded: https://repo.maven.apache.org/maven2/org/apache/maven/maven-model/2.0.10/maven-model-2.0.10.pom (4 KB at 93.1 KB/sec)
[INFO] Downloading: https://repo.maven.apache.org/maven2/org/codehaus/plexus/plexus-interpolation/1.1/plexus-interpolation-1.1.pom
[INFO] Downloaded: https://repo.maven.apache.org/maven2/org/codehaus/plexus/plexus-interpolation/1.1/plexus-interpolation-1.1.pom (2 KB at 39.0 KB/sec)
[INFO] Downloading: https://repo.maven.apache.org/maven2/org/apache/maven/maven-profile/2.0.10/maven-profile-2.0.10.pom
[INFO] Downloaded: https://repo.maven.apache.org/maven2/org/apache/maven/maven-profile/2.0.10/maven-profile-2.0.10.pom (3 KB at 44.5 KB/sec)
[INFO] Downloading: https://repo.maven.apache.org/maven2/org/apache/maven/maven-artifact-manager/2.0.10/maven-artifact-manager-2.0.10.pom
[INFO] Downloaded: https://repo.maven.apache.org/maven2/org/apache/maven/maven-artifact-manager/2.0.10/maven-artifact-manager-2.0.10.pom (3 KB at 73.3 KB/sec)
[INFO] Downloading: https://repo.maven.apache.org/maven2/org/apache/maven/maven-repository-metadata/2.0.10/maven-repository-metadata-2.0.10.pom
[INFO] Downloaded: https://repo.maven.apache.org/maven2/org/apache/maven/maven-repository-metadata/2.0.10/maven-repository-metadata-2.0.10.pom (3 KB at 59.5 KB/sec)
[INFO] Downloading: https://repo.maven.apache.org/maven2/org/apache/maven/maven-artifact/2.0.10/maven-artifact-2.0.10.pom
[INFO] Downloaded: https://repo.maven.apache.org/maven2/org/apache/maven/maven-artifact/2.0.10/maven-artifact-2.0.10.pom (2 KB at 43.9 KB/sec)
[INFO] Downloading: https://repo.maven.apache.org/maven2/org/apache/maven/maven-plugin-registry/2.0.10/maven-plugin-registry-2.0.10.pom
[INFO] Downloaded: https://repo.maven.apache.org/maven2/org/apache/maven/maven-plugin-registry/2.0.10/maven-plugin-registry-2.0.10.pom (2 KB at 53.2 KB/sec)
[INFO] Downloading: https://repo.maven.apache.org/maven2/org/apache/maven/maven-plugin-api/2.0.1/maven-plugin-api-2.0.1.pom
[INFO] Downloaded: https://repo.maven.apache.org/maven2/org/apache/maven/maven-plugin-api/2.0.1/maven-plugin-api-2.0.1.pom (643 B at 17.0 KB/sec)
[INFO] Downloading: https://repo.maven.apache.org/maven2/org/apache/maven/maven/2.0.1/maven-2.0.1.pom
[INFO] Downloaded: https://repo.maven.apache.org/maven2/org/apache/maven/maven/2.0.1/maven-2.0.1.pom (12 KB at 320.8 KB/sec)
[INFO] Downloading: https://repo.maven.apache.org/maven2/commons-validator/commons-validator/1.2.0/commons-validator-1.2.0.pom
[INFO] Downloaded: https://repo.maven.apache.org/maven2/commons-validator/commons-validator/1.2.0/commons-validator-1.2.0.pom (9 KB at 239.8 KB/sec)
[INFO] Downloading: https://repo.maven.apache.org/maven2/commons-beanutils/commons-beanutils/1.7.0/commons-beanutils-1.7.0.pom
[INFO] Downloaded: https://repo.maven.apache.org/maven2/commons-beanutils/commons-beanutils/1.7.0/commons-beanutils-1.7.0.pom (357 B at 9.7 KB/sec)
[INFO] Downloading: https://repo.maven.apache.org/maven2/commons-logging/commons-logging/1.0.3/commons-logging-1.0.3.pom
[INFO] Downloaded: https://repo.maven.apache.org/maven2/commons-logging/commons-logging/1.0.3/commons-logging-1.0.3.pom (866 B at 22.3 KB/sec)
[INFO] Downloading: https://repo.maven.apache.org/maven2/commons-digester/commons-digester/1.6/commons-digester-1.6.pom
[INFO] Downloaded: https://repo.maven.apache.org/maven2/commons-digester/commons-digester/1.6/commons-digester-1.6.pom (974 B at 27.2 KB/sec)
[INFO] Downloading: https://repo.maven.apache.org/maven2/commons-beanutils/commons-beanutils/1.6/commons-beanutils-1.6.pom
[INFO] Downloaded: https://repo.maven.apache.org/maven2/commons-beanutils/commons-beanutils/1.6/commons-beanutils-1.6.pom (3 KB at 62.7 KB/sec)
[INFO] Downloading: https://repo.maven.apache.org/maven2/commons-logging/commons-logging/1.0/commons-logging-1.0.pom
[INFO] Downloaded: https://repo.maven.apache.org/maven2/commons-logging/commons-logging/1.0/commons-logging-1.0.pom (163 B at 4.4 KB/sec)
[INFO] Downloading: https://repo.maven.apache.org/maven2/commons-collections/commons-collections/2.0/commons-collections-2.0.pom
[INFO] Downloaded: https://repo.maven.apache.org/maven2/commons-collections/commons-collections/2.0/commons-collections-2.0.pom (171 B at 4.6 KB/sec)
[INFO] Downloading: https://repo.maven.apache.org/maven2/commons-collections/commons-collections/2.1/commons-collections-2.1.pom
[INFO] Downloaded: https://repo.maven.apache.org/maven2/commons-collections/commons-collections/2.1/commons-collections-2.1.pom (4 KB at 93.1 KB/sec)
[INFO] Downloading: https://repo.maven.apache.org/maven2/xml-apis/xml-apis/1.0.b2/xml-apis-1.0.b2.pom
[INFO] Downloaded: https://repo.maven.apache.org/maven2/xml-apis/xml-apis/1.0.b2/xml-apis-1.0.b2.pom (3 KB at 57.8 KB/sec)
[INFO] Downloading: https://repo.maven.apache.org/maven2/xml-apis/xml-apis/2.0.2/xml-apis-2.0.2.pom
[INFO] Downloaded: https://repo.maven.apache.org/maven2/xml-apis/xml-apis/2.0.2/xml-apis-2.0.2.pom (346 B at 8.2 KB/sec)
[INFO] Downloading: https://repo.maven.apache.org/maven2/org/aspectj/aspectjtools/1.8.6/aspectjtools-1.8.6.jar
[INFO] Downloading: https://repo.maven.apache.org/maven2/org/codehaus/plexus/plexus-utils/3.0.10/plexus-utils-3.0.10.jar
[INFO] Downloading: https://repo.maven.apache.org/maven2/backport-util-concurrent/backport-util-concurrent/3.1/backport-util-concurrent-3.1.jar
[INFO] Downloading: https://repo.maven.apache.org/maven2/org/codehaus/plexus/plexus-interpolation/1.11/plexus-interpolation-1.11.jar
[INFO] Downloading: https://repo.maven.apache.org/maven2/org/apache/maven/reporting/maven-reporting-api/2.2.1/maven-reporting-api-2.2.1.jar
[INFO] Downloaded: https://repo.maven.apache.org/maven2/org/apache/maven/reporting/maven-reporting-api/2.2.1/maven-reporting-api-2.2.1.jar (10 KB at 238.9 KB/sec)
[INFO] Downloading: https://repo.maven.apache.org/maven2/org/apache/maven/doxia/doxia-sink-api/1.1/doxia-sink-api-1.1.jar
[INFO] Downloaded: https://repo.maven.apache.org/maven2/org/codehaus/plexus/plexus-interpolation/1.11/plexus-interpolation-1.11.jar (50 KB at 904.4 KB/sec)
[INFO] Downloading: https://repo.maven.apache.org/maven2/org/apache/maven/doxia/doxia-logging-api/1.1/doxia-logging-api-1.1.jar
[INFO] Downloaded: https://repo.maven.apache.org/maven2/org/codehaus/plexus/plexus-utils/3.0.10/plexus-utils-3.0.10.jar (226 KB at 3221.0 KB/sec)
[INFO] Downloading: https://repo.maven.apache.org/maven2/org/apache/maven/doxia/doxia-site-renderer/1.1.2/doxia-site-renderer-1.1.2.jar
[INFO] Downloaded: https://repo.maven.apache.org/maven2/backport-util-concurrent/backport-util-concurrent/3.1/backport-util-concurrent-3.1.jar (324 KB at 3521.1 KB/sec)
[INFO] Downloading: https://repo.maven.apache.org/maven2/org/apache/maven/doxia/doxia-core/1.1.2/doxia-core-1.1.2.jar
[INFO] Downloaded: https://repo.maven.apache.org/maven2/org/apache/maven/doxia/doxia-sink-api/1.1/doxia-sink-api-1.1.jar (13 KB at 136.0 KB/sec)
[INFO] Downloading: https://repo.maven.apache.org/maven2/xerces/xercesImpl/2.8.1/xercesImpl-2.8.1.jar
[INFO] Downloaded: https://repo.maven.apache.org/maven2/org/apache/maven/doxia/doxia-logging-api/1.1/doxia-logging-api-1.1.jar (12 KB at 119.0 KB/sec)
[INFO] Downloading: https://repo.maven.apache.org/maven2/commons-lang/commons-lang/2.4/commons-lang-2.4.jar
[INFO] Downloaded: https://repo.maven.apache.org/maven2/org/apache/maven/doxia/doxia-site-renderer/1.1.2/doxia-site-renderer-1.1.2.jar (50 KB at 436.0 KB/sec)
[INFO] Downloading: https://repo.maven.apache.org/maven2/commons-httpclient/commons-httpclient/3.1/commons-httpclient-3.1.jar
[INFO] Downloaded: https://repo.maven.apache.org/maven2/org/apache/maven/doxia/doxia-core/1.1.2/doxia-core-1.1.2.jar (155 KB at 1153.6 KB/sec)
[INFO] Downloading: https://repo.maven.apache.org/maven2/commons-codec/commons-codec/1.2/commons-codec-1.2.jar
[INFO] Downloaded: https://repo.maven.apache.org/maven2/commons-httpclient/commons-httpclient/3.1/commons-httpclient-3.1.jar (298 KB at 1762.4 KB/sec)
[INFO] Downloading: https://repo.maven.apache.org/maven2/org/apache/maven/doxia/doxia-decoration-model/1.1.2/doxia-decoration-model-1.1.2.jar
[INFO] Downloaded: https://repo.maven.apache.org/maven2/commons-codec/commons-codec/1.2/commons-codec-1.2.jar (30 KB at 158.8 KB/sec)
[INFO] Downloading: https://repo.maven.apache.org/maven2/org/apache/maven/doxia/doxia-module-xhtml/1.1.2/doxia-module-xhtml-1.1.2.jar
[INFO] Downloaded: https://repo.maven.apache.org/maven2/xerces/xercesImpl/2.8.1/xercesImpl-2.8.1.jar (1185 KB at 5922.7 KB/sec)
[INFO] Downloading: https://repo.maven.apache.org/maven2/org/apache/maven/doxia/doxia-module-fml/1.1.2/doxia-module-fml-1.1.2.jar
[INFO] Downloaded: https://repo.maven.apache.org/maven2/org/apache/maven/doxia/doxia-decoration-model/1.1.2/doxia-decoration-model-1.1.2.jar (52 KB at 243.2 KB/sec)
[INFO] Downloading: https://repo.maven.apache.org/maven2/org/codehaus/plexus/plexus-i18n/1.0-beta-7/plexus-i18n-1.0-beta-7.jar
[INFO] Downloaded: https://repo.maven.apache.org/maven2/org/apache/maven/doxia/doxia-module-xhtml/1.1.2/doxia-module-xhtml-1.1.2.jar (15 KB at 64.0 KB/sec)
[INFO] Downloading: https://repo.maven.apache.org/maven2/org/codehaus/plexus/plexus-velocity/1.1.7/plexus-velocity-1.1.7.jar
[INFO] Downloaded: https://repo.maven.apache.org/maven2/org/apache/maven/doxia/doxia-module-fml/1.1.2/doxia-module-fml-1.1.2.jar (37 KB at 152.8 KB/sec)
[INFO] Downloading: https://repo.maven.apache.org/maven2/org/apache/velocity/velocity/1.5/velocity-1.5.jar
[INFO] Downloaded: https://repo.maven.apache.org/maven2/commons-lang/commons-lang/2.4/commons-lang-2.4.jar (256 KB at 1065.3 KB/sec)
[INFO] Downloading: https://repo.maven.apache.org/maven2/oro/oro/2.0.8/oro-2.0.8.jar
[INFO] Downloaded: https://repo.maven.apache.org/maven2/org/codehaus/plexus/plexus-i18n/1.0-beta-7/plexus-i18n-1.0-beta-7.jar (11 KB at 41.9 KB/sec)
[INFO] Downloading: https://repo.maven.apache.org/maven2/commons-collections/commons-collections/3.2/commons-collections-3.2.jar
[INFO] Downloaded: https://repo.maven.apache.org/maven2/org/codehaus/plexus/plexus-velocity/1.1.7/plexus-velocity-1.1.7.jar (8 KB at 27.6 KB/sec)
[INFO] Downloading: https://repo.maven.apache.org/maven2/org/apache/maven/reporting/maven-reporting-impl/2.1/maven-reporting-impl-2.1.jar
[INFO] Downloaded: https://repo.maven.apache.org/maven2/oro/oro/2.0.8/oro-2.0.8.jar (64 KB at 221.3 KB/sec)
[INFO] Downloading: https://repo.maven.apache.org/maven2/commons-validator/commons-validator/1.2.0/commons-validator-1.2.0.jar
[INFO] Downloaded: https://repo.maven.apache.org/maven2/org/apache/maven/reporting/maven-reporting-impl/2.1/maven-reporting-impl-2.1.jar (17 KB at 52.4 KB/sec)
[INFO] Downloading: https://repo.maven.apache.org/maven2/commons-beanutils/commons-beanutils/1.7.0/commons-beanutils-1.7.0.jar
[INFO] Downloaded: https://repo.maven.apache.org/maven2/commons-collections/commons-collections/3.2/commons-collections-3.2.jar (558 KB at 1793.8 KB/sec)
[INFO] Downloading: https://repo.maven.apache.org/maven2/commons-digester/commons-digester/1.6/commons-digester-1.6.jar
[INFO] Downloaded: https://repo.maven.apache.org/maven2/org/apache/velocity/velocity/1.5/velocity-1.5.jar (383 KB at 1215.7 KB/sec)
[INFO] Downloading: https://repo.maven.apache.org/maven2/commons-logging/commons-logging/1.0.4/commons-logging-1.0.4.jar
[INFO] Downloaded: https://repo.maven.apache.org/maven2/commons-validator/commons-validator/1.2.0/commons-validator-1.2.0.jar (89 KB at 263.2 KB/sec)
[INFO] Downloading: https://repo.maven.apache.org/maven2/xml-apis/xml-apis/1.0.b2/xml-apis-1.0.b2.jar
[INFO] Downloaded: https://repo.maven.apache.org/maven2/commons-beanutils/commons-beanutils/1.7.0/commons-beanutils-1.7.0.jar (185 KB at 504.8 KB/sec)
[INFO] Downloaded: https://repo.maven.apache.org/maven2/commons-digester/commons-digester/1.6/commons-digester-1.6.jar (165 KB at 449.4 KB/sec)
[INFO] Downloaded: https://repo.maven.apache.org/maven2/commons-logging/commons-logging/1.0.4/commons-logging-1.0.4.jar (38 KB at 100.9 KB/sec)
[INFO] Downloaded: https://repo.maven.apache.org/maven2/xml-apis/xml-apis/1.0.b2/xml-apis-1.0.b2.jar (107 KB at 283.2 KB/sec)
[INFO] Downloaded: https://repo.maven.apache.org/maven2/org/aspectj/aspectjtools/1.8.6/aspectjtools-1.8.6.jar (10905 KB at 28250.6 KB/sec)
[INFO] Showing AJC message detail for messages of types: [error, warning, fail]
[INFO] 
[INFO] --- maven-resources-plugin:2.5:testResources (default-testResources) @ isoparser ---
[debug] execute contextualize
[INFO] Using 'UTF-8' encoding to copy filtered resources.
[INFO] Copying 20 resources
[INFO] 
[INFO] --- maven-compiler-plugin:2.3.2:testCompile (default-testCompile) @ isoparser ---
[INFO] Compiling 83 source files to /home/travis/build/sannies/mp4parser/isoparser/target/test-classes
[INFO] 
[INFO] --- maven-surefire-plugin:2.12.4:test (default-test) @ isoparser ---
[INFO] Downloading: https://repo.maven.apache.org/maven2/org/apache/maven/maven-plugin-api/2.0.9/maven-plugin-api-2.0.9.pom
[INFO] Downloaded: https://repo.maven.apache.org/maven2/org/apache/maven/maven-plugin-api/2.0.9/maven-plugin-api-2.0.9.pom (2 KB at 13.5 KB/sec)
[INFO] Downloading: https://repo.maven.apache.org/maven2/org/apache/maven/maven/2.0.9/maven-2.0.9.pom
[INFO] Downloaded: https://repo.maven.apache.org/maven2/org/apache/maven/maven/2.0.9/maven-2.0.9.pom (19 KB at 499.0 KB/sec)
[INFO] Downloading: https://repo.maven.apache.org/maven2/org/apache/maven/maven-parent/8/maven-parent-8.pom
[INFO] Downloaded: https://repo.maven.apache.org/maven2/org/apache/maven/maven-parent/8/maven-parent-8.pom (24 KB at 654.6 KB/sec)
[INFO] Downloading: https://repo.maven.apache.org/maven2/org/apache/maven/surefire/surefire-booter/2.12.4/surefire-booter-2.12.4.pom
[INFO] Downloaded: https://repo.maven.apache.org/maven2/org/apache/maven/surefire/surefire-booter/2.12.4/surefire-booter-2.12.4.pom (3 KB at 82.2 KB/sec)
[INFO] Downloading: https://repo.maven.apache.org/maven2/org/apache/maven/surefire/surefire-api/2.12.4/surefire-api-2.12.4.pom
[INFO] Downloaded: https://repo.maven.apache.org/maven2/org/apache/maven/surefire/surefire-api/2.12.4/surefire-api-2.12.4.pom (3 KB at 64.0 KB/sec)
[INFO] Downloading: https://repo.maven.apache.org/maven2/org/apache/maven/surefire/maven-surefire-common/2.12.4/maven-surefire-common-2.12.4.pom
[INFO] Downloaded: https://repo.maven.apache.org/maven2/org/apache/maven/surefire/maven-surefire-common/2.12.4/maven-surefire-common-2.12.4.pom (6 KB at 128.6 KB/sec)
[INFO] Downloading: https://repo.maven.apache.org/maven2/org/apache/maven/plugin-tools/maven-plugin-annotations/3.1/maven-plugin-annotations-3.1.pom
[INFO] Downloaded: https://repo.maven.apache.org/maven2/org/apache/maven/plugin-tools/maven-plugin-annotations/3.1/maven-plugin-annotations-3.1.pom (2 KB at 29.4 KB/sec)
[INFO] Downloading: https://repo.maven.apache.org/maven2/org/apache/maven/plugin-tools/maven-plugin-tools/3.1/maven-plugin-tools-3.1.pom
[INFO] Downloaded: https://repo.maven.apache.org/maven2/org/apache/maven/plugin-tools/maven-plugin-tools/3.1/maven-plugin-tools-3.1.pom (16 KB at 439.0 KB/sec)
[INFO] Downloading: https://repo.maven.apache.org/maven2/org/apache/maven/maven-artifact/2.0.9/maven-artifact-2.0.9.pom
[INFO] Downloaded: https://repo.maven.apache.org/maven2/org/apache/maven/maven-artifact/2.0.9/maven-artifact-2.0.9.pom (2 KB at 45.2 KB/sec)
[INFO] Downloading: https://repo.maven.apache.org/maven2/org/codehaus/plexus/plexus-utils/3.0.8/plexus-utils-3.0.8.pom
[INFO] Downloaded: https://repo.maven.apache.org/maven2/org/codehaus/plexus/plexus-utils/3.0.8/plexus-utils-3.0.8.pom (4 KB at 87.7 KB/sec)
[INFO] Downloading: https://repo.maven.apache.org/maven2/org/codehaus/plexus/plexus/3.2/plexus-3.2.pom
[INFO] Downloaded: https://repo.maven.apache.org/maven2/org/codehaus/plexus/plexus/3.2/plexus-3.2.pom (19 KB at 523.0 KB/sec)
[INFO] Downloading: https://repo.maven.apache.org/maven2/org/apache/maven/maven-project/2.0.9/maven-project-2.0.9.pom
[INFO] Downloaded: https://repo.maven.apache.org/maven2/org/apache/maven/maven-project/2.0.9/maven-project-2.0.9.pom (3 KB at 69.6 KB/sec)
[INFO] Downloading: https://repo.maven.apache.org/maven2/org/apache/maven/maven-settings/2.0.9/maven-settings-2.0.9.pom
[INFO] Downloaded: https://repo.maven.apache.org/maven2/org/apache/maven/maven-settings/2.0.9/maven-settings-2.0.9.pom (3 KB at 55.8 KB/sec)
[INFO] Downloading: https://repo.maven.apache.org/maven2/org/apache/maven/maven-model/2.0.9/maven-model-2.0.9.pom
[INFO] Downloaded: https://repo.maven.apache.org/maven2/org/apache/maven/maven-model/2.0.9/maven-model-2.0.9.pom (4 KB at 85.2 KB/sec)
[INFO] Downloading: https://repo.maven.apache.org/maven2/org/apache/maven/maven-profile/2.0.9/maven-profile-2.0.9.pom
[INFO] Downloaded: https://repo.maven.apache.org/maven2/org/apache/maven/maven-profile/2.0.9/maven-profile-2.0.9.pom (3 KB at 42.6 KB/sec)
[INFO] Downloading: https://repo.maven.apache.org/maven2/org/apache/maven/maven-artifact-manager/2.0.9/maven-artifact-manager-2.0.9.pom
[INFO] Downloaded: https://repo.maven.apache.org/maven2/org/apache/maven/maven-artifact-manager/2.0.9/maven-artifact-manager-2.0.9.pom (3 KB at 75.3 KB/sec)
[INFO] Downloading: https://repo.maven.apache.org/maven2/org/apache/maven/maven-repository-metadata/2.0.9/maven-repository-metadata-2.0.9.pom
[INFO] Downloaded: https://repo.maven.apache.org/maven2/org/apache/maven/maven-repository-metadata/2.0.9/maven-repository-metadata-2.0.9.pom (2 KB at 53.0 KB/sec)
[INFO] Downloading: https://repo.maven.apache.org/maven2/org/apache/maven/maven-plugin-registry/2.0.9/maven-plugin-registry-2.0.9.pom
[INFO] Downloaded: https://repo.maven.apache.org/maven2/org/apache/maven/maven-plugin-registry/2.0.9/maven-plugin-registry-2.0.9.pom (2 KB at 41.8 KB/sec)
[INFO] Downloading: https://repo.maven.apache.org/maven2/org/apache/maven/maven-core/2.0.9/maven-core-2.0.9.pom
[INFO] Downloaded: https://repo.maven.apache.org/maven2/org/apache/maven/maven-core/2.0.9/maven-core-2.0.9.pom (8 KB at 168.9 KB/sec)
[INFO] Downloading: https://repo.maven.apache.org/maven2/org/apache/maven/maven-plugin-parameter-documenter/2.0.9/maven-plugin-parameter-documenter-2.0.9.pom
[INFO] Downloaded: https://repo.maven.apache.org/maven2/org/apache/maven/maven-plugin-parameter-documenter/2.0.9/maven-plugin-parameter-documenter-2.0.9.pom (2 KB at 53.3 KB/sec)
[INFO] Downloading: https://repo.maven.apache.org/maven2/org/apache/maven/reporting/maven-reporting-api/2.0.9/maven-reporting-api-2.0.9.pom
[INFO] Downloaded: https://repo.maven.apache.org/maven2/org/apache/maven/reporting/maven-reporting-api/2.0.9/maven-reporting-api-2.0.9.pom (2 KB at 40.0 KB/sec)
[INFO] Downloading: https://repo.maven.apache.org/maven2/org/apache/maven/reporting/maven-reporting/2.0.9/maven-reporting-2.0.9.pom
[INFO] Downloaded: https://repo.maven.apache.org/maven2/org/apache/maven/reporting/maven-reporting/2.0.9/maven-reporting-2.0.9.pom (2 KB at 41.2 KB/sec)
[INFO] Downloading: https://repo.maven.apache.org/maven2/org/apache/maven/maven-error-diagnostics/2.0.9/maven-error-diagnostics-2.0.9.pom
[INFO] Downloaded: https://repo.maven.apache.org/maven2/org/apache/maven/maven-error-diagnostics/2.0.9/maven-error-diagnostics-2.0.9.pom (2 KB at 48.7 KB/sec)
[INFO] Downloading: https://repo.maven.apache.org/maven2/org/apache/maven/maven-plugin-descriptor/2.0.9/maven-plugin-descriptor-2.0.9.pom
[INFO] Downloaded: https://repo.maven.apache.org/maven2/org/apache/maven/maven-plugin-descriptor/2.0.9/maven-plugin-descriptor-2.0.9.pom (3 KB at 53.3 KB/sec)
[INFO] Downloading: https://repo.maven.apache.org/maven2/org/apache/maven/maven-monitor/2.0.9/maven-monitor-2.0.9.pom
[INFO] Downloaded: https://repo.maven.apache.org/maven2/org/apache/maven/maven-monitor/2.0.9/maven-monitor-2.0.9.pom (2 KB at 35.9 KB/sec)
[INFO] Downloading: https://repo.maven.apache.org/maven2/org/apache/maven/maven-toolchain/2.0.9/maven-toolchain-2.0.9.pom
[INFO] Downloaded: https://repo.maven.apache.org/maven2/org/apache/maven/maven-toolchain/2.0.9/maven-toolchain-2.0.9.pom (4 KB at 89.3 KB/sec)
[INFO] Downloading: https://repo.maven.apache.org/maven2/org/apache/commons/commons-lang3/3.1/commons-lang3-3.1.pom
[INFO] Downloaded: https://repo.maven.apache.org/maven2/org/apache/commons/commons-lang3/3.1/commons-lang3-3.1.pom (17 KB at 259.0 KB/sec)
[INFO] Downloading: https://repo.maven.apache.org/maven2/org/apache/commons/commons-parent/22/commons-parent-22.pom
[INFO] Downloaded: https://repo.maven.apache.org/maven2/org/apache/commons/commons-parent/22/commons-parent-22.pom (41 KB at 909.7 KB/sec)
[INFO] Downloading: https://repo.maven.apache.org/maven2/org/apache/maven/shared/maven-common-artifact-filters/1.3/maven-common-artifact-filters-1.3.pom
[INFO] Downloaded: https://repo.maven.apache.org/maven2/org/apache/maven/shared/maven-common-artifact-filters/1.3/maven-common-artifact-filters-1.3.pom (4 KB at 100.4 KB/sec)
[INFO] Downloading: https://repo.maven.apache.org/maven2/org/apache/maven/shared/maven-shared-components/12/maven-shared-components-12.pom
[INFO] Downloaded: https://repo.maven.apache.org/maven2/org/apache/maven/shared/maven-shared-components/12/maven-shared-components-12.pom (10 KB at 233.8 KB/sec)
[INFO] Downloading: https://repo.maven.apache.org/maven2/org/apache/maven/maven-parent/13/maven-parent-13.pom
[INFO] Downloaded: https://repo.maven.apache.org/maven2/org/apache/maven/maven-parent/13/maven-parent-13.pom (23 KB at 539.1 KB/sec)
[INFO] Downloading: https://repo.maven.apache.org/maven2/org/codehaus/plexus/plexus-container-default/1.0-alpha-9/plexus-container-default-1.0-alpha-9.pom
[INFO] Downloaded: https://repo.maven.apache.org/maven2/org/codehaus/plexus/plexus-container-default/1.0-alpha-9/plexus-container-default-1.0-alpha-9.pom (2 KB at 31.8 KB/sec)
[INFO] Downloading: https://repo.maven.apache.org/maven2/org/apache/maven/surefire/surefire-booter/2.12.4/surefire-booter-2.12.4.jar
[INFO] Downloading: https://repo.maven.apache.org/maven2/org/apache/maven/surefire/surefire-api/2.12.4/surefire-api-2.12.4.jar
[INFO] Downloading: https://repo.maven.apache.org/maven2/org/apache/maven/surefire/maven-surefire-common/2.12.4/maven-surefire-common-2.12.4.jar
[INFO] Downloading: https://repo.maven.apache.org/maven2/org/apache/commons/commons-lang3/3.1/commons-lang3-3.1.jar
[INFO] Downloading: https://repo.maven.apache.org/maven2/org/apache/maven/shared/maven-common-artifact-filters/1.3/maven-common-artifact-filters-1.3.jar
[INFO] Downloaded: https://repo.maven.apache.org/maven2/org/apache/maven/surefire/surefire-booter/2.12.4/surefire-booter-2.12.4.jar (34 KB at 736.3 KB/sec)
[INFO] Downloading: https://repo.maven.apache.org/maven2/org/codehaus/plexus/plexus-utils/3.0.8/plexus-utils-3.0.8.jar
[INFO] Downloaded: https://repo.maven.apache.org/maven2/org/apache/maven/surefire/maven-surefire-common/2.12.4/maven-surefire-common-2.12.4.jar (257 KB at 4499.5 KB/sec)
[INFO] Downloading: https://repo.maven.apache.org/maven2/org/apache/maven/reporting/maven-reporting-api/2.0.9/maven-reporting-api-2.0.9.jar
[INFO] Downloaded: https://repo.maven.apache.org/maven2/org/apache/maven/surefire/surefire-api/2.12.4/surefire-api-2.12.4.jar (115 KB at 1664.2 KB/sec)
[INFO] Downloading: https://repo.maven.apache.org/maven2/org/apache/maven/plugin-tools/maven-plugin-annotations/3.1/maven-plugin-annotations-3.1.jar
[INFO] Downloaded: https://repo.maven.apache.org/maven2/org/apache/commons/commons-lang3/3.1/commons-lang3-3.1.jar (309 KB at 5055.8 KB/sec)
[INFO] Downloaded: https://repo.maven.apache.org/maven2/org/apache/maven/shared/maven-common-artifact-filters/1.3/maven-common-artifact-filters-1.3.jar (31 KB at 489.2 KB/sec)
[INFO] Downloaded: https://repo.maven.apache.org/maven2/org/codehaus/plexus/plexus-utils/3.0.8/plexus-utils-3.0.8.jar (227 KB at 2978.8 KB/sec)
[INFO] Downloaded: https://repo.maven.apache.org/maven2/org/apache/maven/reporting/maven-reporting-api/2.0.9/maven-reporting-api-2.0.9.jar (10 KB at 123.7 KB/sec)
[INFO] Downloaded: https://repo.maven.apache.org/maven2/org/apache/maven/plugin-tools/maven-plugin-annotations/3.1/maven-plugin-annotations-3.1.jar (14 KB at 109.6 KB/sec)
[INFO] Tests are skipped.
[INFO] 
[INFO] --- maven-jar-plugin:2.4:jar (default-jar) @ isoparser ---
[INFO] Downloading: https://repo.maven.apache.org/maven2/org/apache/maven/maven-archiver/2.5/maven-archiver-2.5.pom
[INFO] Downloaded: https://repo.maven.apache.org/maven2/org/apache/maven/maven-archiver/2.5/maven-archiver-2.5.pom (5 KB at 92.3 KB/sec)
[INFO] Downloading: https://repo.maven.apache.org/maven2/org/apache/maven/shared/maven-shared-components/17/maven-shared-components-17.pom
[INFO] Downloaded: https://repo.maven.apache.org/maven2/org/apache/maven/shared/maven-shared-components/17/maven-shared-components-17.pom (9 KB at 212.5 KB/sec)
[INFO] Downloading: https://repo.maven.apache.org/maven2/org/codehaus/plexus/plexus-archiver/2.1/plexus-archiver-2.1.pom
[INFO] Downloaded: https://repo.maven.apache.org/maven2/org/codehaus/plexus/plexus-archiver/2.1/plexus-archiver-2.1.pom (3 KB at 26.9 KB/sec)
[INFO] Downloading: https://repo.maven.apache.org/maven2/org/codehaus/plexus/plexus-utils/3.0/plexus-utils-3.0.pom
[INFO] Downloaded: https://repo.maven.apache.org/maven2/org/codehaus/plexus/plexus-utils/3.0/plexus-utils-3.0.pom (4 KB at 99.3 KB/sec)
[INFO] Downloading: https://repo.maven.apache.org/maven2/org/sonatype/spice/spice-parent/16/spice-parent-16.pom
[INFO] Downloaded: https://repo.maven.apache.org/maven2/org/sonatype/spice/spice-parent/16/spice-parent-16.pom (9 KB at 220.6 KB/sec)
[INFO] Downloading: https://repo.maven.apache.org/maven2/org/sonatype/forge/forge-parent/5/forge-parent-5.pom
[INFO] Downloaded: https://repo.maven.apache.org/maven2/org/sonatype/forge/forge-parent/5/forge-parent-5.pom (9 KB at 214.9 KB/sec)
[INFO] Downloading: https://repo.maven.apache.org/maven2/org/codehaus/plexus/plexus-io/2.0.2/plexus-io-2.0.2.pom
[INFO] Downloaded: https://repo.maven.apache.org/maven2/org/codehaus/plexus/plexus-io/2.0.2/plexus-io-2.0.2.pom (2 KB at 39.4 KB/sec)
[INFO] Downloading: https://repo.maven.apache.org/maven2/org/codehaus/plexus/plexus-components/1.1.19/plexus-components-1.1.19.pom
[INFO] Downloaded: https://repo.maven.apache.org/maven2/org/codehaus/plexus/plexus-components/1.1.19/plexus-components-1.1.19.pom (3 KB at 65.9 KB/sec)
[INFO] Downloading: https://repo.maven.apache.org/maven2/org/codehaus/plexus/plexus/3.0.1/plexus-3.0.1.pom
[INFO] Downloaded: https://repo.maven.apache.org/maven2/org/codehaus/plexus/plexus/3.0.1/plexus-3.0.1.pom (19 KB at 466.1 KB/sec)
[INFO] Downloading: https://repo.maven.apache.org/maven2/org/codehaus/plexus/plexus-interpolation/1.15/plexus-interpolation-1.15.pom
[INFO] Downloaded: https://repo.maven.apache.org/maven2/org/codehaus/plexus/plexus-interpolation/1.15/plexus-interpolation-1.15.pom (1018 B at 19.1 KB/sec)
[INFO] Downloading: https://repo.maven.apache.org/maven2/org/apache/maven/maven-archiver/2.5/maven-archiver-2.5.jar
[INFO] Downloading: https://repo.maven.apache.org/maven2/org/codehaus/plexus/plexus-interpolation/1.15/plexus-interpolation-1.15.jar
[INFO] Downloading: https://repo.maven.apache.org/maven2/org/codehaus/plexus/plexus-archiver/2.1/plexus-archiver-2.1.jar
[INFO] Downloading: https://repo.maven.apache.org/maven2/org/codehaus/plexus/plexus-io/2.0.2/plexus-io-2.0.2.jar
[INFO] Downloading: https://repo.maven.apache.org/maven2/commons-lang/commons-lang/2.1/commons-lang-2.1.jar
[INFO] Downloaded: https://repo.maven.apache.org/maven2/org/codehaus/plexus/plexus-archiver/2.1/plexus-archiver-2.1.jar (181 KB at 2729.0 KB/sec)
[INFO] Downloading: https://repo.maven.apache.org/maven2/org/codehaus/plexus/plexus-utils/3.0/plexus-utils-3.0.jar
[INFO] Downloaded: https://repo.maven.apache.org/maven2/org/codehaus/plexus/plexus-interpolation/1.15/plexus-interpolation-1.15.jar (60 KB at 747.6 KB/sec)
[INFO] Downloaded: https://repo.maven.apache.org/maven2/commons-lang/commons-lang/2.1/commons-lang-2.1.jar (203 KB at 3073.6 KB/sec)
[INFO] Downloaded: https://repo.maven.apache.org/maven2/org/codehaus/plexus/plexus-io/2.0.2/plexus-io-2.0.2.jar (57 KB at 849.2 KB/sec)
[INFO] Downloaded: https://repo.maven.apache.org/maven2/org/apache/maven/maven-archiver/2.5/maven-archiver-2.5.jar (22 KB at 163.9 KB/sec)
[INFO] Downloaded: https://repo.maven.apache.org/maven2/org/codehaus/plexus/plexus-utils/3.0/plexus-utils-3.0.jar (221 KB at 2508.8 KB/sec)
[INFO] Building jar: /home/travis/build/sannies/mp4parser/isoparser/target/isoparser-1.9.24-SNAPSHOT.jar
[INFO] 
[INFO] --- maven-shade-plugin:2.4.1:shade (default) @ isoparser ---
[INFO] Downloading: https://repo.maven.apache.org/maven2/org/apache/maven/maven-plugin-api/3.0/maven-plugin-api-3.0.pom
[INFO] Downloaded: https://repo.maven.apache.org/maven2/org/apache/maven/maven-plugin-api/3.0/maven-plugin-api-3.0.pom (3 KB at 57.3 KB/sec)
[INFO] Downloading: https://repo.maven.apache.org/maven2/org/apache/maven/maven/3.0/maven-3.0.pom
[INFO] Downloaded: https://repo.maven.apache.org/maven2/org/apache/maven/maven/3.0/maven-3.0.pom (22 KB at 593.7 KB/sec)
[INFO] Downloading: https://repo.maven.apache.org/maven2/org/apache/maven/maven-model/3.0/maven-model-3.0.pom
[INFO] Downloaded: https://repo.maven.apache.org/maven2/org/apache/maven/maven-model/3.0/maven-model-3.0.pom (4 KB at 100.0 KB/sec)
[INFO] Downloading: https://repo.maven.apache.org/maven2/org/codehaus/plexus/plexus-utils/2.0.4/plexus-utils-2.0.4.pom
[INFO] Downloaded: https://repo.maven.apache.org/maven2/org/codehaus/plexus/plexus-utils/2.0.4/plexus-utils-2.0.4.pom (4 KB at 90.4 KB/sec)
[INFO] Downloading: https://repo.maven.apache.org/maven2/org/apache/maven/maven-artifact/3.0/maven-artifact-3.0.pom
[INFO] Downloaded: https://repo.maven.apache.org/maven2/org/apache/maven/maven-artifact/3.0/maven-artifact-3.0.pom (2 KB at 49.5 KB/sec)
[INFO] Downloading: https://repo.maven.apache.org/maven2/org/sonatype/sisu/sisu-inject-plexus/1.4.2/sisu-inject-plexus-1.4.2.pom
[INFO] Downloaded: https://repo.maven.apache.org/maven2/org/sonatype/sisu/sisu-inject-plexus/1.4.2/sisu-inject-plexus-1.4.2.pom (6 KB at 145.6 KB/sec)
[INFO] Downloading: https://repo.maven.apache.org/maven2/org/sonatype/sisu/inject/guice-plexus/1.4.2/guice-plexus-1.4.2.pom
[INFO] Downloaded: https://repo.maven.apache.org/maven2/org/sonatype/sisu/inject/guice-plexus/1.4.2/guice-plexus-1.4.2.pom (4 KB at 82.6 KB/sec)
[INFO] Downloading: https://repo.maven.apache.org/maven2/org/sonatype/sisu/inject/guice-bean/1.4.2/guice-bean-1.4.2.pom
[INFO] Downloaded: https://repo.maven.apache.org/maven2/org/sonatype/sisu/inject/guice-bean/1.4.2/guice-bean-1.4.2.pom (3 KB at 70.7 KB/sec)
[INFO] Downloading: https://repo.maven.apache.org/maven2/org/sonatype/sisu/sisu-inject/1.4.2/sisu-inject-1.4.2.pom
[INFO] Downloaded: https://repo.maven.apache.org/maven2/org/sonatype/sisu/sisu-inject/1.4.2/sisu-inject-1.4.2.pom (2 KB at 33.9 KB/sec)
[INFO] Downloading: https://repo.maven.apache.org/maven2/org/sonatype/sisu/sisu-parent/1.4.2/sisu-parent-1.4.2.pom
[INFO] Downloaded: https://repo.maven.apache.org/maven2/org/sonatype/sisu/sisu-parent/1.4.2/sisu-parent-1.4.2.pom (8 KB at 189.9 KB/sec)
[INFO] Downloading: https://repo.maven.apache.org/maven2/org/sonatype/forge/forge-parent/6/forge-parent-6.pom
[INFO] Downloaded: https://repo.maven.apache.org/maven2/org/sonatype/forge/forge-parent/6/forge-parent-6.pom (11 KB at 283.8 KB/sec)
[INFO] Downloading: https://repo.maven.apache.org/maven2/org/codehaus/plexus/plexus-component-annotations/1.5.5/plexus-component-annotations-1.5.5.pom
[INFO] Downloaded: https://repo.maven.apache.org/maven2/org/codehaus/plexus/plexus-component-annotations/1.5.5/plexus-component-annotations-1.5.5.pom (815 B at 22.1 KB/sec)
[INFO] Downloading: https://repo.maven.apache.org/maven2/org/codehaus/plexus/plexus-containers/1.5.5/plexus-containers-1.5.5.pom
[INFO] Downloaded: https://repo.maven.apache.org/maven2/org/codehaus/plexus/plexus-containers/1.5.5/plexus-containers-1.5.5.pom (5 KB at 115.0 KB/sec)
[INFO] Downloading: https://repo.maven.apache.org/maven2/org/codehaus/plexus/plexus-classworlds/2.2.3/plexus-classworlds-2.2.3.pom
[INFO] Downloaded: https://repo.maven.apache.org/maven2/org/codehaus/plexus/plexus-classworlds/2.2.3/plexus-classworlds-2.2.3.pom (4 KB at 102.7 KB/sec)
[INFO] Downloading: https://repo.maven.apache.org/maven2/org/sonatype/sisu/sisu-inject-bean/1.4.2/sisu-inject-bean-1.4.2.pom
[INFO] Downloaded: https://repo.maven.apache.org/maven2/org/sonatype/sisu/sisu-inject-bean/1.4.2/sisu-inject-bean-1.4.2.pom (6 KB at 140.2 KB/sec)
[INFO] Downloading: https://repo.maven.apache.org/maven2/org/sonatype/sisu/sisu-guice/2.1.7/sisu-guice-2.1.7.pom
[INFO] Downloaded: https://repo.maven.apache.org/maven2/org/sonatype/sisu/sisu-guice/2.1.7/sisu-guice-2.1.7.pom (11 KB at 284.3 KB/sec)
[INFO] Downloading: https://repo.maven.apache.org/maven2/org/apache/maven/maven-core/3.0/maven-core-3.0.pom
[INFO] Downloaded: https://repo.maven.apache.org/maven2/org/apache/maven/maven-core/3.0/maven-core-3.0.pom (7 KB at 179.8 KB/sec)
[INFO] Downloading: https://repo.maven.apache.org/maven2/org/apache/maven/maven-settings/3.0/maven-settings-3.0.pom
[INFO] Downloaded: https://repo.maven.apache.org/maven2/org/apache/maven/maven-settings/3.0/maven-settings-3.0.pom (2 KB at 51.0 KB/sec)
[INFO] Downloading: https://repo.maven.apache.org/maven2/org/apache/maven/maven-settings-builder/3.0/maven-settings-builder-3.0.pom
[INFO] Downloaded: https://repo.maven.apache.org/maven2/org/apache/maven/maven-settings-builder/3.0/maven-settings-builder-3.0.pom (3 KB at 61.9 KB/sec)
[INFO] Downloading: https://repo.maven.apache.org/maven2/org/codehaus/plexus/plexus-interpolation/1.14/plexus-interpolation-1.14.pom
[INFO] Downloaded: https://repo.maven.apache.org/maven2/org/codehaus/plexus/plexus-interpolation/1.14/plexus-interpolation-1.14.pom (910 B at 24.0 KB/sec)
[INFO] Downloading: https://repo.maven.apache.org/maven2/org/sonatype/plexus/plexus-sec-dispatcher/1.3/plexus-sec-dispatcher-1.3.pom
[INFO] Downloaded: https://repo.maven.apache.org/maven2/org/sonatype/plexus/plexus-sec-dispatcher/1.3/plexus-sec-dispatcher-1.3.pom (3 KB at 80.3 KB/sec)
[INFO] Downloading: https://repo.maven.apache.org/maven2/org/sonatype/spice/spice-parent/12/spice-parent-12.pom
[INFO] Downloaded: https://repo.maven.apache.org/maven2/org/sonatype/spice/spice-parent/12/spice-parent-12.pom (7 KB at 189.7 KB/sec)
[INFO] Downloading: https://repo.maven.apache.org/maven2/org/sonatype/forge/forge-parent/4/forge-parent-4.pom
[INFO] Downloaded: https://repo.maven.apache.org/maven2/org/sonatype/forge/forge-parent/4/forge-parent-4.pom (9 KB at 132.3 KB/sec)
[INFO] Downloading: https://repo.maven.apache.org/maven2/org/sonatype/plexus/plexus-cipher/1.4/plexus-cipher-1.4.pom
[INFO] Downloaded: https://repo.maven.apache.org/maven2/org/sonatype/plexus/plexus-cipher/1.4/plexus-cipher-1.4.pom (3 KB at 56.0 KB/sec)
[INFO] Downloading: https://repo.maven.apache.org/maven2/org/apache/maven/maven-repository-metadata/3.0/maven-repository-metadata-3.0.pom
[INFO] Downloaded: https://repo.maven.apache.org/maven2/org/apache/maven/maven-repository-metadata/3.0/maven-repository-metadata-3.0.pom (2 KB at 50.9 KB/sec)
[INFO] Downloading: https://repo.maven.apache.org/maven2/org/apache/maven/maven-model-builder/3.0/maven-model-builder-3.0.pom
[INFO] Downloaded: https://repo.maven.apache.org/maven2/org/apache/maven/maven-model-builder/3.0/maven-model-builder-3.0.pom (3 KB at 47.7 KB/sec)
[INFO] Downloading: https://repo.maven.apache.org/maven2/org/apache/maven/maven-aether-provider/3.0/maven-aether-provider-3.0.pom
[INFO] Downloaded: https://repo.maven.apache.org/maven2/org/apache/maven/maven-aether-provider/3.0/maven-aether-provider-3.0.pom (3 KB at 67.0 KB/sec)
[INFO] Downloading: https://repo.maven.apache.org/maven2/org/sonatype/aether/aether-api/1.7/aether-api-1.7.pom
[INFO] Downloaded: https://repo.maven.apache.org/maven2/org/sonatype/aether/aether-api/1.7/aether-api-1.7.pom (2 KB at 45.4 KB/sec)
[INFO] Downloading: https://repo.maven.apache.org/maven2/org/sonatype/aether/aether-parent/1.7/aether-parent-1.7.pom
[INFO] Downloaded: https://repo.maven.apache.org/maven2/org/sonatype/aether/aether-parent/1.7/aether-parent-1.7.pom (8 KB at 33.8 KB/sec)
[INFO] Downloading: https://repo.maven.apache.org/maven2/org/sonatype/aether/aether-util/1.7/aether-util-1.7.pom
[INFO] Downloaded: https://repo.maven.apache.org/maven2/org/sonatype/aether/aether-util/1.7/aether-util-1.7.pom (3 KB at 53.0 KB/sec)
[INFO] Downloading: https://repo.maven.apache.org/maven2/org/sonatype/aether/aether-impl/1.7/aether-impl-1.7.pom
[INFO] Downloaded: https://repo.maven.apache.org/maven2/org/sonatype/aether/aether-impl/1.7/aether-impl-1.7.pom (4 KB at 100.2 KB/sec)
[INFO] Downloading: https://repo.maven.apache.org/maven2/org/sonatype/aether/aether-spi/1.7/aether-spi-1.7.pom
[INFO] Downloaded: https://repo.maven.apache.org/maven2/org/sonatype/aether/aether-spi/1.7/aether-spi-1.7.pom (2 KB at 47.2 KB/sec)
[INFO] Downloading: https://repo.maven.apache.org/maven2/org/apache/maven/maven-compat/3.0/maven-compat-3.0.pom
[INFO] Downloaded: https://repo.maven.apache.org/maven2/org/apache/maven/maven-compat/3.0/maven-compat-3.0.pom (4 KB at 106.1 KB/sec)
[INFO] Downloading: https://repo.maven.apache.org/maven2/org/apache/maven/wagon/wagon-provider-api/1.0-beta-6/wagon-provider-api-1.0-beta-6.pom
[INFO] Downloaded: https://repo.maven.apache.org/maven2/org/apache/maven/wagon/wagon-provider-api/1.0-beta-6/wagon-provider-api-1.0-beta-6.pom (2 KB at 46.5 KB/sec)
[INFO] Downloading: https://repo.maven.apache.org/maven2/org/apache/maven/wagon/wagon/1.0-beta-6/wagon-1.0-beta-6.pom
[INFO] Downloaded: https://repo.maven.apache.org/maven2/org/apache/maven/wagon/wagon/1.0-beta-6/wagon-1.0-beta-6.pom (13 KB at 237.2 KB/sec)
[INFO] Downloading: https://repo.maven.apache.org/maven2/org/codehaus/plexus/plexus-utils/1.4.2/plexus-utils-1.4.2.pom
[INFO] Downloaded: https://repo.maven.apache.org/maven2/org/codehaus/plexus/plexus-utils/1.4.2/plexus-utils-1.4.2.pom (2 KB at 51.7 KB/sec)
[INFO] Downloading: https://repo.maven.apache.org/maven2/org/codehaus/plexus/plexus-utils/3.0.22/plexus-utils-3.0.22.pom
[INFO] Downloaded: https://repo.maven.apache.org/maven2/org/codehaus/plexus/plexus-utils/3.0.22/plexus-utils-3.0.22.pom (4 KB at 98.5 KB/sec)
[INFO] Downloading: https://repo.maven.apache.org/maven2/org/codehaus/plexus/plexus/3.3.1/plexus-3.3.1.pom
[INFO] Downloaded: https://repo.maven.apache.org/maven2/org/codehaus/plexus/plexus/3.3.1/plexus-3.3.1.pom (20 KB at 539.6 KB/sec)
[INFO] Downloading: https://repo.maven.apache.org/maven2/org/ow2/asm/asm/5.0.2/asm-5.0.2.pom
[INFO] Downloaded: https://repo.maven.apache.org/maven2/org/ow2/asm/asm/5.0.2/asm-5.0.2.pom (2 KB at 52.5 KB/sec)
[INFO] Downloading: https://repo.maven.apache.org/maven2/org/ow2/asm/asm-parent/5.0.2/asm-parent-5.0.2.pom
[INFO] Downloaded: https://repo.maven.apache.org/maven2/org/ow2/asm/asm-parent/5.0.2/asm-parent-5.0.2.pom (6 KB at 149.1 KB/sec)
[INFO] Downloading: https://repo.maven.apache.org/maven2/org/ow2/ow2/1.3/ow2-1.3.pom
[INFO] Downloaded: https://repo.maven.apache.org/maven2/org/ow2/ow2/1.3/ow2-1.3.pom (10 KB at 251.0 KB/sec)
[INFO] Downloading: https://repo.maven.apache.org/maven2/org/ow2/asm/asm-commons/5.0.2/asm-commons-5.0.2.pom
[INFO] Downloaded: https://repo.maven.apache.org/maven2/org/ow2/asm/asm-commons/5.0.2/asm-commons-5.0.2.pom (3 KB at 56.8 KB/sec)
[INFO] Downloading: https://repo.maven.apache.org/maven2/org/ow2/asm/asm-tree/5.0.2/asm-tree-5.0.2.pom
[INFO] Downloaded: https://repo.maven.apache.org/maven2/org/ow2/asm/asm-tree/5.0.2/asm-tree-5.0.2.pom (3 KB at 52.2 KB/sec)
[INFO] Downloading: https://repo.maven.apache.org/maven2/org/jdom/jdom/1.1/jdom-1.1.pom
[INFO] Downloaded: https://repo.maven.apache.org/maven2/org/jdom/jdom/1.1/jdom-1.1.pom (3 KB at 59.4 KB/sec)
[INFO] Downloading: https://repo.maven.apache.org/maven2/org/apache/maven/shared/maven-dependency-tree/2.2/maven-dependency-tree-2.2.pom
[INFO] Downloaded: https://repo.maven.apache.org/maven2/org/apache/maven/shared/maven-dependency-tree/2.2/maven-dependency-tree-2.2.pom (8 KB at 186.6 KB/sec)
[INFO] Downloading: https://repo.maven.apache.org/maven2/org/apache/maven/shared/maven-shared-components/20/maven-shared-components-20.pom
[INFO] Downloaded: https://repo.maven.apache.org/maven2/org/apache/maven/shared/maven-shared-components/20/maven-shared-components-20.pom (5 KB at 138.5 KB/sec)
[INFO] Downloading: https://repo.maven.apache.org/maven2/org/apache/maven/maven-parent/24/maven-parent-24.pom
[INFO] Downloaded: https://repo.maven.apache.org/maven2/org/apache/maven/maven-parent/24/maven-parent-24.pom (37 KB at 1000.9 KB/sec)
[INFO] Downloading: https://repo.maven.apache.org/maven2/org/apache/apache/14/apache-14.pom
[INFO] Downloaded: https://repo.maven.apache.org/maven2/org/apache/apache/14/apache-14.pom (15 KB at 341.4 KB/sec)
[INFO] Downloading: https://repo.maven.apache.org/maven2/org/eclipse/aether/aether-util/0.9.0.M2/aether-util-0.9.0.M2.pom
[INFO] Downloaded: https://repo.maven.apache.org/maven2/org/eclipse/aether/aether-util/0.9.0.M2/aether-util-0.9.0.M2.pom (2 KB at 55.2 KB/sec)
[INFO] Downloading: https://repo.maven.apache.org/maven2/org/eclipse/aether/aether/0.9.0.M2/aether-0.9.0.M2.pom
[INFO] Downloaded: https://repo.maven.apache.org/maven2/org/eclipse/aether/aether/0.9.0.M2/aether-0.9.0.M2.pom (28 KB at 756.0 KB/sec)
[INFO] Downloading: https://repo.maven.apache.org/maven2/commons-io/commons-io/2.2/commons-io-2.2.pom
[INFO] Downloaded: https://repo.maven.apache.org/maven2/commons-io/commons-io/2.2/commons-io-2.2.pom (11 KB at 269.4 KB/sec)
[INFO] Downloading: https://repo.maven.apache.org/maven2/org/apache/commons/commons-parent/24/commons-parent-24.pom
[INFO] Downloaded: https://repo.maven.apache.org/maven2/org/apache/commons/commons-parent/24/commons-parent-24.pom (47 KB at 1183.5 KB/sec)
[INFO] Downloading: https://repo.maven.apache.org/maven2/org/vafer/jdependency/1.0/jdependency-1.0.pom
[INFO] Downloaded: https://repo.maven.apache.org/maven2/org/vafer/jdependency/1.0/jdependency-1.0.pom (11 KB at 285.6 KB/sec)
[INFO] Downloading: https://repo.maven.apache.org/maven2/org/ow2/asm/asm/5.0.3/asm-5.0.3.pom
[INFO] Downloaded: https://repo.maven.apache.org/maven2/org/ow2/asm/asm/5.0.3/asm-5.0.3.pom (2 KB at 51.1 KB/sec)
[INFO] Downloading: https://repo.maven.apache.org/maven2/org/ow2/asm/asm-parent/5.0.3/asm-parent-5.0.3.pom
[INFO] Downloaded: https://repo.maven.apache.org/maven2/org/ow2/asm/asm-parent/5.0.3/asm-parent-5.0.3.pom (6 KB at 145.0 KB/sec)
[INFO] Downloading: https://repo.maven.apache.org/maven2/org/ow2/asm/asm-analysis/5.0.3/asm-analysis-5.0.3.pom
[INFO] Downloaded: https://repo.maven.apache.org/maven2/org/ow2/asm/asm-analysis/5.0.3/asm-analysis-5.0.3.pom (3 KB at 53.9 KB/sec)
[INFO] Downloading: https://repo.maven.apache.org/maven2/org/ow2/asm/asm-tree/5.0.3/asm-tree-5.0.3.pom
[INFO] Downloaded: https://repo.maven.apache.org/maven2/org/ow2/asm/asm-tree/5.0.3/asm-tree-5.0.3.pom (3 KB at 48.4 KB/sec)
[INFO] Downloading: https://repo.maven.apache.org/maven2/org/ow2/asm/asm-commons/5.0.3/asm-commons-5.0.3.pom
[INFO] Downloaded: https://repo.maven.apache.org/maven2/org/ow2/asm/asm-commons/5.0.3/asm-commons-5.0.3.pom (3 KB at 53.8 KB/sec)
[INFO] Downloading: https://repo.maven.apache.org/maven2/org/ow2/asm/asm-util/5.0.3/asm-util-5.0.3.pom
[INFO] Downloaded: https://repo.maven.apache.org/maven2/org/ow2/asm/asm-util/5.0.3/asm-util-5.0.3.pom (3 KB at 24.0 KB/sec)
[INFO] Downloading: https://repo.maven.apache.org/maven2/com/google/guava/guava/11.0.2/guava-11.0.2.pom
[INFO] Downloaded: https://repo.maven.apache.org/maven2/com/google/guava/guava/11.0.2/guava-11.0.2.pom (6 KB at 148.4 KB/sec)
[INFO] Downloading: https://repo.maven.apache.org/maven2/com/google/guava/guava-parent/11.0.2/guava-parent-11.0.2.pom
[INFO] Downloaded: https://repo.maven.apache.org/maven2/com/google/guava/guava-parent/11.0.2/guava-parent-11.0.2.pom (2 KB at 50.3 KB/sec)
[INFO] Downloading: https://repo.maven.apache.org/maven2/org/sonatype/oss/oss-parent/7/oss-parent-7.pom
[INFO] Downloaded: https://repo.maven.apache.org/maven2/org/sonatype/oss/oss-parent/7/oss-parent-7.pom (5 KB at 117.8 KB/sec)
[INFO] Downloading: https://repo.maven.apache.org/maven2/com/google/code/findbugs/jsr305/1.3.9/jsr305-1.3.9.pom
[INFO] Downloaded: https://repo.maven.apache.org/maven2/com/google/code/findbugs/jsr305/1.3.9/jsr305-1.3.9.pom (965 B at 25.5 KB/sec)
[INFO] Downloading: https://repo.maven.apache.org/maven2/org/sonatype/sisu/sisu-inject-bean/1.4.2/sisu-inject-bean-1.4.2.jar
[INFO] Downloading: https://repo.maven.apache.org/maven2/org/sonatype/aether/aether-util/1.7/aether-util-1.7.jar
[INFO] Downloading: https://repo.maven.apache.org/maven2/org/codehaus/plexus/plexus-interpolation/1.14/plexus-interpolation-1.14.jar
[INFO] Downloading: https://repo.maven.apache.org/maven2/org/sonatype/sisu/sisu-guice/2.1.7/sisu-guice-2.1.7-noaop.jar
[INFO] Downloading: https://repo.maven.apache.org/maven2/org/codehaus/plexus/plexus-component-annotations/1.5.5/plexus-component-annotations-1.5.5.jar
[INFO] Downloaded: https://repo.maven.apache.org/maven2/org/codehaus/plexus/plexus-component-annotations/1.5.5/plexus-component-annotations-1.5.5.jar (5 KB at 105.4 KB/sec)
[INFO] Downloading: https://repo.maven.apache.org/maven2/org/sonatype/plexus/plexus-sec-dispatcher/1.3/plexus-sec-dispatcher-1.3.jar
[INFO] Downloaded: https://repo.maven.apache.org/maven2/org/sonatype/sisu/sisu-inject-bean/1.4.2/sisu-inject-bean-1.4.2.jar (150 KB at 3644.0 KB/sec)
[INFO] Downloading: https://repo.maven.apache.org/maven2/org/sonatype/plexus/plexus-cipher/1.4/plexus-cipher-1.4.jar
[INFO] Downloaded: https://repo.maven.apache.org/maven2/org/codehaus/plexus/plexus-interpolation/1.14/plexus-interpolation-1.14.jar (60 KB at 1420.0 KB/sec)
[INFO] Downloading: https://repo.maven.apache.org/maven2/org/codehaus/plexus/plexus-utils/3.0.22/plexus-utils-3.0.22.jar
[INFO] Downloaded: https://repo.maven.apache.org/maven2/org/sonatype/aether/aether-util/1.7/aether-util-1.7.jar (106 KB at 1989.0 KB/sec)
[INFO] Downloading: https://repo.maven.apache.org/maven2/org/ow2/asm/asm/5.0.2/asm-5.0.2.jar
[INFO] Downloaded: https://repo.maven.apache.org/maven2/org/sonatype/sisu/sisu-guice/2.1.7/sisu-guice-2.1.7-noaop.jar (461 KB at 7198.1 KB/sec)
[INFO] Downloading: https://repo.maven.apache.org/maven2/org/ow2/asm/asm-commons/5.0.2/asm-commons-5.0.2.jar
[INFO] Downloaded: https://repo.maven.apache.org/maven2/org/sonatype/plexus/plexus-sec-dispatcher/1.3/plexus-sec-dispatcher-1.3.jar (28 KB at 371.8 KB/sec)
[INFO] Downloading: https://repo.maven.apache.org/maven2/org/ow2/asm/asm-tree/5.0.2/asm-tree-5.0.2.jar
[INFO] Downloaded: https://repo.maven.apache.org/maven2/org/sonatype/plexus/plexus-cipher/1.4/plexus-cipher-1.4.jar (14 KB at 166.8 KB/sec)
[INFO] Downloading: https://repo.maven.apache.org/maven2/org/jdom/jdom/1.1/jdom-1.1.jar
[INFO] Downloaded: https://repo.maven.apache.org/maven2/org/ow2/asm/asm/5.0.2/asm-5.0.2.jar (52 KB at 559.0 KB/sec)
[INFO] Downloading: https://repo.maven.apache.org/maven2/org/apache/maven/shared/maven-dependency-tree/2.2/maven-dependency-tree-2.2.jar
[INFO] Downloaded: https://repo.maven.apache.org/maven2/org/codehaus/plexus/plexus-utils/3.0.22/plexus-utils-3.0.22.jar (240 KB at 2544.2 KB/sec)
[INFO] Downloading: https://repo.maven.apache.org/maven2/org/eclipse/aether/aether-util/0.9.0.M2/aether-util-0.9.0.M2.jar
[INFO] Downloaded: https://repo.maven.apache.org/maven2/org/ow2/asm/asm-commons/5.0.2/asm-commons-5.0.2.jar (41 KB at 377.2 KB/sec)
[INFO] Downloading: https://repo.maven.apache.org/maven2/commons-io/commons-io/2.2/commons-io-2.2.jar
[INFO] Downloaded: https://repo.maven.apache.org/maven2/org/jdom/jdom/1.1/jdom-1.1.jar (150 KB at 1177.4 KB/sec)
[INFO] Downloaded: https://repo.maven.apache.org/maven2/org/ow2/asm/asm-tree/5.0.2/asm-tree-5.0.2.jar (29 KB at 223.3 KB/sec)
[INFO] Downloading: https://repo.maven.apache.org/maven2/org/ow2/asm/asm-analysis/5.0.3/asm-analysis-5.0.3.jar
[INFO] Downloading: https://repo.maven.apache.org/maven2/org/vafer/jdependency/1.0/jdependency-1.0.jar
[INFO] Downloaded: https://repo.maven.apache.org/maven2/org/apache/maven/shared/maven-dependency-tree/2.2/maven-dependency-tree-2.2.jar (63 KB at 477.5 KB/sec)
[INFO] Downloading: https://repo.maven.apache.org/maven2/org/ow2/asm/asm-util/5.0.3/asm-util-5.0.3.jar
[INFO] Downloaded: https://repo.maven.apache.org/maven2/org/eclipse/aether/aether-util/0.9.0.M2/aether-util-0.9.0.M2.jar (131 KB at 864.0 KB/sec)
[INFO] Downloading: https://repo.maven.apache.org/maven2/com/google/guava/guava/11.0.2/guava-11.0.2.jar
[INFO] Downloaded: https://repo.maven.apache.org/maven2/org/ow2/asm/asm-analysis/5.0.3/asm-analysis-5.0.3.jar (20 KB at 122.5 KB/sec)
[INFO] Downloaded: https://repo.maven.apache.org/maven2/commons-io/commons-io/2.2/commons-io-2.2.jar (170 KB at 1033.6 KB/sec)
[INFO] Downloading: https://repo.maven.apache.org/maven2/com/google/code/findbugs/jsr305/1.3.9/jsr305-1.3.9.jar
[INFO] Downloaded: https://repo.maven.apache.org/maven2/org/vafer/jdependency/1.0/jdependency-1.0.jar (22 KB at 129.6 KB/sec)
[INFO] Downloaded: https://repo.maven.apache.org/maven2/org/ow2/asm/asm-util/5.0.3/asm-util-5.0.3.jar (43 KB at 251.7 KB/sec)
[INFO] Downloaded: https://repo.maven.apache.org/maven2/com/google/code/findbugs/jsr305/1.3.9/jsr305-1.3.9.jar (33 KB at 160.4 KB/sec)
[INFO] Downloaded: https://repo.maven.apache.org/maven2/com/google/guava/guava/11.0.2/guava-11.0.2.jar (1610 KB at 6287.4 KB/sec)
[INFO] Including org.aspectj:aspectjrt:jar:1.8.6 in the shaded jar.
[INFO] Downloading: http://repo.maven.apache.org/maven2/org/aspectj/aspectjrt/1.8.6/aspectjrt-1.8.6-sources.jar
[INFO] Downloaded: http://repo.maven.apache.org/maven2/org/aspectj/aspectjrt/1.8.6/aspectjrt-1.8.6-sources.jar (106 KB at 2855.4 KB/sec)
[INFO] Replacing original artifact with shaded artifact.
[INFO] Replacing /home/travis/build/sannies/mp4parser/isoparser/target/isoparser-1.9.24-SNAPSHOT.jar with /home/travis/build/sannies/mp4parser/isoparser/target/isoparser-1.9.24-SNAPSHOT-shaded.jar
[INFO] Replacing original source artifact with shaded source artifact.
[INFO] Replacing /home/travis/build/sannies/mp4parser/isoparser/target/isoparser-1.9.24-SNAPSHOT-sources.jar with /home/travis/build/sannies/mp4parser/isoparser/target/isoparser-1.9.24-SNAPSHOT-shaded-sources.jar
[INFO] Dependency-reduced POM written at: /home/travis/build/sannies/mp4parser/isoparser/dependency-reduced-pom.xml
[INFO] Dependency-reduced POM written at: /home/travis/build/sannies/mp4parser/isoparser/dependency-reduced-pom.xml
[INFO] 
[INFO] --- maven-install-plugin:2.4:install (default-install) @ isoparser ---
[INFO] Downloading: https://repo.maven.apache.org/maven2/org/codehaus/plexus/plexus-utils/3.0.5/plexus-utils-3.0.5.pom
[INFO] Downloaded: https://repo.maven.apache.org/maven2/org/codehaus/plexus/plexus-utils/3.0.5/plexus-utils-3.0.5.pom (3 KB at 59.8 KB/sec)
[INFO] Downloading: https://repo.maven.apache.org/maven2/org/codehaus/plexus/plexus/3.1/plexus-3.1.pom
[INFO] Downloaded: https://repo.maven.apache.org/maven2/org/codehaus/plexus/plexus/3.1/plexus-3.1.pom (19 KB at 371.0 KB/sec)
[INFO] Downloading: https://repo.maven.apache.org/maven2/org/codehaus/plexus/plexus-digest/1.0/plexus-digest-1.0.pom
[INFO] Downloaded: https://repo.maven.apache.org/maven2/org/codehaus/plexus/plexus-digest/1.0/plexus-digest-1.0.pom (2 KB at 24.1 KB/sec)
[INFO] Downloading: https://repo.maven.apache.org/maven2/org/codehaus/plexus/plexus-components/1.1.7/plexus-components-1.1.7.pom
[INFO] Downloaded: https://repo.maven.apache.org/maven2/org/codehaus/plexus/plexus-components/1.1.7/plexus-components-1.1.7.pom (5 KB at 103.4 KB/sec)
[INFO] Downloading: https://repo.maven.apache.org/maven2/org/codehaus/plexus/plexus-container-default/1.0-alpha-8/plexus-container-default-1.0-alpha-8.pom
[INFO] Downloaded: https://repo.maven.apache.org/maven2/org/codehaus/plexus/plexus-container-default/1.0-alpha-8/plexus-container-default-1.0-alpha-8.pom (8 KB at 181.9 KB/sec)
[INFO] Downloading: https://repo.maven.apache.org/maven2/org/codehaus/plexus/plexus-utils/3.0.5/plexus-utils-3.0.5.jar
[INFO] Downloading: https://repo.maven.apache.org/maven2/org/codehaus/plexus/plexus-digest/1.0/plexus-digest-1.0.jar
[INFO] Downloaded: https://repo.maven.apache.org/maven2/org/codehaus/plexus/plexus-digest/1.0/plexus-digest-1.0.jar (12 KB at 289.5 KB/sec)
[INFO] Downloaded: https://repo.maven.apache.org/maven2/org/codehaus/plexus/plexus-utils/3.0.5/plexus-utils-3.0.5.jar (226 KB at 4412.7 KB/sec)
[INFO] Installing /home/travis/build/sannies/mp4parser/isoparser/target/isoparser-1.9.24-SNAPSHOT.jar to /home/travis/.m2/repository/org/mp4parser/isoparser/1.9.24-SNAPSHOT/isoparser-1.9.24-SNAPSHOT.jar
[INFO] Installing /home/travis/build/sannies/mp4parser/isoparser/dependency-reduced-pom.xml to /home/travis/.m2/repository/org/mp4parser/isoparser/1.9.24-SNAPSHOT/isoparser-1.9.24-SNAPSHOT.pom
[INFO] Installing /home/travis/build/sannies/mp4parser/isoparser/target/isoparser-1.9.24-SNAPSHOT-sources.jar to /home/travis/.m2/repository/org/mp4parser/isoparser/1.9.24-SNAPSHOT/isoparser-1.9.24-SNAPSHOT-sources.jar
[INFO]                                                                         
[INFO] ------------------------------------------------------------------------
[INFO] Building File Muxer 1.9.24-SNAPSHOT
[INFO] ------------------------------------------------------------------------
[INFO] Downloading: https://repo.maven.apache.org/maven2/org/apache/maven/plugins/maven-resources-plugin/2.6/maven-resources-plugin-2.6.pom
[INFO] Downloaded: https://repo.maven.apache.org/maven2/org/apache/maven/plugins/maven-resources-plugin/2.6/maven-resources-plugin-2.6.pom (8 KB at 193.3 KB/sec)
[INFO] Downloading: https://repo.maven.apache.org/maven2/org/apache/maven/plugins/maven-resources-plugin/2.6/maven-resources-plugin-2.6.jar
[INFO] Downloaded: https://repo.maven.apache.org/maven2/org/apache/maven/plugins/maven-resources-plugin/2.6/maven-resources-plugin-2.6.jar (29 KB at 640.6 KB/sec)
[INFO] Downloading: https://repo.maven.apache.org/maven2/org/apache/maven/plugins/maven-compiler-plugin/3.1/maven-compiler-plugin-3.1.pom
[INFO] Downloaded: https://repo.maven.apache.org/maven2/org/apache/maven/plugins/maven-compiler-plugin/3.1/maven-compiler-plugin-3.1.pom (10 KB at 153.4 KB/sec)
[INFO] Downloading: https://repo.maven.apache.org/maven2/org/apache/maven/plugins/maven-plugins/24/maven-plugins-24.pom
[INFO] Downloaded: https://repo.maven.apache.org/maven2/org/apache/maven/plugins/maven-plugins/24/maven-plugins-24.pom (11 KB at 234.5 KB/sec)
[INFO] Downloading: https://repo.maven.apache.org/maven2/org/apache/maven/maven-parent/23/maven-parent-23.pom
[INFO] Downloaded: https://repo.maven.apache.org/maven2/org/apache/maven/maven-parent/23/maven-parent-23.pom (32 KB at 757.7 KB/sec)
[INFO] Downloading: https://repo.maven.apache.org/maven2/org/apache/maven/plugins/maven-compiler-plugin/3.1/maven-compiler-plugin-3.1.jar
[INFO] Downloaded: https://repo.maven.apache.org/maven2/org/apache/maven/plugins/maven-compiler-plugin/3.1/maven-compiler-plugin-3.1.jar (42 KB at 399.5 KB/sec)
[INFO] Downloading: http://repo.maven.apache.org/maven2/junit/junit/4.12/junit-4.12.pom
[INFO] Downloaded: http://repo.maven.apache.org/maven2/junit/junit/4.12/junit-4.12.pom (24 KB at 660.7 KB/sec)
[INFO] Downloading: http://repo.maven.apache.org/maven2/junit/junit/4.12/junit-4.12.jar
[INFO] Downloading: http://repo.maven.apache.org/maven2/org/hamcrest/hamcrest-core/1.3/hamcrest-core-1.3.jar
[INFO] Downloaded: http://repo.maven.apache.org/maven2/org/hamcrest/hamcrest-core/1.3/hamcrest-core-1.3.jar (44 KB at 999.3 KB/sec)
[INFO] Downloaded: http://repo.maven.apache.org/maven2/junit/junit/4.12/junit-4.12.jar (308 KB at 5212.7 KB/sec)
[INFO] 
[INFO] --- maven-resources-plugin:2.6:resources (default-resources) @ muxer ---
[INFO] Downloading: https://repo.maven.apache.org/maven2/org/apache/maven/shared/maven-filtering/1.1/maven-filtering-1.1.pom
[INFO] Downloaded: https://repo.maven.apache.org/maven2/org/apache/maven/shared/maven-filtering/1.1/maven-filtering-1.1.pom (6 KB at 43.5 KB/sec)
[INFO] Downloading: https://repo.maven.apache.org/maven2/org/apache/maven/shared/maven-filtering/1.1/maven-filtering-1.1.jar
[INFO] Downloaded: https://repo.maven.apache.org/maven2/org/apache/maven/shared/maven-filtering/1.1/maven-filtering-1.1.jar (43 KB at 751.7 KB/sec)
[INFO] Using 'UTF-8' encoding to copy filtered resources.
[INFO] skip non existing resourceDirectory /home/travis/build/sannies/mp4parser/muxer/src/main/resources
[INFO] 
[INFO] --- maven-compiler-plugin:3.1:compile (default-compile) @ muxer ---
[INFO] Downloading: https://repo.maven.apache.org/maven2/org/codehaus/plexus/plexus-utils/1.5.1/plexus-utils-1.5.1.pom
[INFO] Downloaded: https://repo.maven.apache.org/maven2/org/codehaus/plexus/plexus-utils/1.5.1/plexus-utils-1.5.1.pom (3 KB at 60.6 KB/sec)
[INFO] Downloading: https://repo.maven.apache.org/maven2/org/apache/maven/shared/maven-shared-utils/0.1/maven-shared-utils-0.1.pom
[INFO] Downloaded: https://repo.maven.apache.org/maven2/org/apache/maven/shared/maven-shared-utils/0.1/maven-shared-utils-0.1.pom (4 KB at 109.8 KB/sec)
[INFO] Downloading: https://repo.maven.apache.org/maven2/org/apache/maven/shared/maven-shared-components/18/maven-shared-components-18.pom
[INFO] Downloaded: https://repo.maven.apache.org/maven2/org/apache/maven/shared/maven-shared-components/18/maven-shared-components-18.pom (5 KB at 104.7 KB/sec)
[INFO] Downloading: https://repo.maven.apache.org/maven2/com/google/code/findbugs/jsr305/2.0.1/jsr305-2.0.1.pom
[INFO] Downloaded: https://repo.maven.apache.org/maven2/com/google/code/findbugs/jsr305/2.0.1/jsr305-2.0.1.pom (965 B at 27.7 KB/sec)
[INFO] Downloading: https://repo.maven.apache.org/maven2/org/apache/maven/shared/maven-shared-incremental/1.1/maven-shared-incremental-1.1.pom
[INFO] Downloaded: https://repo.maven.apache.org/maven2/org/apache/maven/shared/maven-shared-incremental/1.1/maven-shared-incremental-1.1.pom (5 KB at 121.9 KB/sec)
[INFO] Downloading: https://repo.maven.apache.org/maven2/org/apache/maven/shared/maven-shared-components/19/maven-shared-components-19.pom
[INFO] Downloaded: https://repo.maven.apache.org/maven2/org/apache/maven/shared/maven-shared-components/19/maven-shared-components-19.pom (7 KB at 155.2 KB/sec)
[INFO] Downloading: https://repo.maven.apache.org/maven2/org/apache/maven/maven-core/2.2.1/maven-core-2.2.1.pom
[INFO] Downloaded: https://repo.maven.apache.org/maven2/org/apache/maven/maven-core/2.2.1/maven-core-2.2.1.pom (12 KB at 264.2 KB/sec)
[INFO] Downloading: https://repo.maven.apache.org/maven2/org/apache/maven/maven-plugin-parameter-documenter/2.2.1/maven-plugin-parameter-documenter-2.2.1.pom
[INFO] Downloaded: https://repo.maven.apache.org/maven2/org/apache/maven/maven-plugin-parameter-documenter/2.2.1/maven-plugin-parameter-documenter-2.2.1.pom (2 KB at 41.5 KB/sec)
[INFO] Downloading: https://repo.maven.apache.org/maven2/org/slf4j/slf4j-jdk14/1.5.6/slf4j-jdk14-1.5.6.pom
[INFO] Downloaded: https://repo.maven.apache.org/maven2/org/slf4j/slf4j-jdk14/1.5.6/slf4j-jdk14-1.5.6.pom (2 KB at 28.5 KB/sec)
[INFO] Downloading: https://repo.maven.apache.org/maven2/org/slf4j/slf4j-parent/1.5.6/slf4j-parent-1.5.6.pom
[INFO] Downloaded: https://repo.maven.apache.org/maven2/org/slf4j/slf4j-parent/1.5.6/slf4j-parent-1.5.6.pom (8 KB at 214.8 KB/sec)
[INFO] Downloading: https://repo.maven.apache.org/maven2/org/slf4j/slf4j-api/1.5.6/slf4j-api-1.5.6.pom
[INFO] Downloaded: https://repo.maven.apache.org/maven2/org/slf4j/slf4j-api/1.5.6/slf4j-api-1.5.6.pom (3 KB at 72.9 KB/sec)
[INFO] Downloading: https://repo.maven.apache.org/maven2/org/slf4j/jcl-over-slf4j/1.5.6/jcl-over-slf4j-1.5.6.pom
[INFO] Downloaded: https://repo.maven.apache.org/maven2/org/slf4j/jcl-over-slf4j/1.5.6/jcl-over-slf4j-1.5.6.pom (3 KB at 17.8 KB/sec)
[INFO] Downloading: https://repo.maven.apache.org/maven2/org/apache/maven/maven-error-diagnostics/2.2.1/maven-error-diagnostics-2.2.1.pom
[INFO] Downloaded: https://repo.maven.apache.org/maven2/org/apache/maven/maven-error-diagnostics/2.2.1/maven-error-diagnostics-2.2.1.pom (2 KB at 39.7 KB/sec)
[INFO] Downloading: https://repo.maven.apache.org/maven2/org/apache/maven/maven-plugin-descriptor/2.2.1/maven-plugin-descriptor-2.2.1.pom
[INFO] Downloaded: https://repo.maven.apache.org/maven2/org/apache/maven/maven-plugin-descriptor/2.2.1/maven-plugin-descriptor-2.2.1.pom (3 KB at 53.0 KB/sec)
[INFO] Downloading: https://repo.maven.apache.org/maven2/org/apache/maven/maven-monitor/2.2.1/maven-monitor-2.2.1.pom
[INFO] Downloaded: https://repo.maven.apache.org/maven2/org/apache/maven/maven-monitor/2.2.1/maven-monitor-2.2.1.pom (2 KB at 27.3 KB/sec)
[INFO] Downloading: https://repo.maven.apache.org/maven2/org/codehaus/plexus/plexus-compiler-api/2.2/plexus-compiler-api-2.2.pom
[INFO] Downloaded: https://repo.maven.apache.org/maven2/org/codehaus/plexus/plexus-compiler-api/2.2/plexus-compiler-api-2.2.pom (865 B at 19.6 KB/sec)
[INFO] Downloading: https://repo.maven.apache.org/maven2/org/codehaus/plexus/plexus-compiler/2.2/plexus-compiler-2.2.pom
[INFO] Downloaded: https://repo.maven.apache.org/maven2/org/codehaus/plexus/plexus-compiler/2.2/plexus-compiler-2.2.pom (4 KB at 61.9 KB/sec)
[INFO] Downloading: https://repo.maven.apache.org/maven2/org/codehaus/plexus/plexus-components/1.3.1/plexus-components-1.3.1.pom
[INFO] Downloaded: https://repo.maven.apache.org/maven2/org/codehaus/plexus/plexus-components/1.3.1/plexus-components-1.3.1.pom (3 KB at 56.5 KB/sec)
[INFO] Downloading: https://repo.maven.apache.org/maven2/org/codehaus/plexus/plexus-compiler-manager/2.2/plexus-compiler-manager-2.2.pom
[INFO] Downloaded: https://repo.maven.apache.org/maven2/org/codehaus/plexus/plexus-compiler-manager/2.2/plexus-compiler-manager-2.2.pom (690 B at 16.4 KB/sec)
[INFO] Downloading: https://repo.maven.apache.org/maven2/org/codehaus/plexus/plexus-compiler-javac/2.2/plexus-compiler-javac-2.2.pom
[INFO] Downloaded: https://repo.maven.apache.org/maven2/org/codehaus/plexus/plexus-compiler-javac/2.2/plexus-compiler-javac-2.2.pom (769 B at 12.5 KB/sec)
[INFO] Downloading: https://repo.maven.apache.org/maven2/org/codehaus/plexus/plexus-compilers/2.2/plexus-compilers-2.2.pom
[INFO] Downloaded: https://repo.maven.apache.org/maven2/org/codehaus/plexus/plexus-compilers/2.2/plexus-compilers-2.2.pom (2 KB at 15.7 KB/sec)
[INFO] Downloading: https://repo.maven.apache.org/maven2/org/codehaus/plexus/plexus-container-default/1.5.5/plexus-container-default-1.5.5.pom
[INFO] Downloaded: https://repo.maven.apache.org/maven2/org/codehaus/plexus/plexus-container-default/1.5.5/plexus-container-default-1.5.5.pom (3 KB at 56.1 KB/sec)
[INFO] Downloading: https://repo.maven.apache.org/maven2/org/codehaus/plexus/plexus-classworlds/2.2.2/plexus-classworlds-2.2.2.pom
[INFO] Downloaded: https://repo.maven.apache.org/maven2/org/codehaus/plexus/plexus-classworlds/2.2.2/plexus-classworlds-2.2.2.pom (4 KB at 82.1 KB/sec)
[INFO] Downloading: https://repo.maven.apache.org/maven2/org/apache/xbean/xbean-reflect/3.4/xbean-reflect-3.4.pom
[INFO] Downloaded: https://repo.maven.apache.org/maven2/org/apache/xbean/xbean-reflect/3.4/xbean-reflect-3.4.pom (3 KB at 35.6 KB/sec)
[INFO] Downloading: https://repo.maven.apache.org/maven2/org/apache/xbean/xbean/3.4/xbean-3.4.pom
[INFO] Downloaded: https://repo.maven.apache.org/maven2/org/apache/xbean/xbean/3.4/xbean-3.4.pom (19 KB at 210.4 KB/sec)
[INFO] Downloading: https://repo.maven.apache.org/maven2/log4j/log4j/1.2.12/log4j-1.2.12.pom
[INFO] Downloaded: https://repo.maven.apache.org/maven2/log4j/log4j/1.2.12/log4j-1.2.12.pom (145 B at 2.1 KB/sec)
[INFO] Downloading: https://repo.maven.apache.org/maven2/commons-logging/commons-logging-api/1.1/commons-logging-api-1.1.pom
[INFO] Downloaded: https://repo.maven.apache.org/maven2/commons-logging/commons-logging-api/1.1/commons-logging-api-1.1.pom (6 KB at 130.5 KB/sec)
[INFO] Downloading: https://repo.maven.apache.org/maven2/com/google/collections/google-collections/1.0/google-collections-1.0.pom
[INFO] Downloaded: https://repo.maven.apache.org/maven2/com/google/collections/google-collections/1.0/google-collections-1.0.pom (3 KB at 56.3 KB/sec)
[INFO] Downloading: https://repo.maven.apache.org/maven2/com/google/google/1/google-1.pom
[INFO] Downloaded: https://repo.maven.apache.org/maven2/com/google/google/1/google-1.pom (2 KB at 23.0 KB/sec)
[INFO] Downloading: https://repo.maven.apache.org/maven2/junit/junit/3.8.2/junit-3.8.2.pom
[INFO] Downloaded: https://repo.maven.apache.org/maven2/junit/junit/3.8.2/junit-3.8.2.pom (747 B at 8.8 KB/sec)
[INFO] Downloading: https://repo.maven.apache.org/maven2/org/codehaus/plexus/plexus-utils/1.5.1/plexus-utils-1.5.1.jar
[INFO] Downloading: https://repo.maven.apache.org/maven2/org/apache/maven/shared/maven-shared-utils/0.1/maven-shared-utils-0.1.jar
[INFO] Downloading: https://repo.maven.apache.org/maven2/org/apache/maven/shared/maven-shared-incremental/1.1/maven-shared-incremental-1.1.jar
[INFO] Downloading: https://repo.maven.apache.org/maven2/com/google/code/findbugs/jsr305/2.0.1/jsr305-2.0.1.jar
[INFO] Downloading: https://repo.maven.apache.org/maven2/org/codehaus/plexus/plexus-compiler-api/2.2/plexus-compiler-api-2.2.jar
[INFO] Downloaded: https://repo.maven.apache.org/maven2/org/apache/maven/shared/maven-shared-utils/0.1/maven-shared-utils-0.1.jar (151 KB at 3353.3 KB/sec)
[INFO] Downloading: https://repo.maven.apache.org/maven2/org/codehaus/plexus/plexus-compiler-manager/2.2/plexus-compiler-manager-2.2.jar
[INFO] Downloaded: https://repo.maven.apache.org/maven2/com/google/code/findbugs/jsr305/2.0.1/jsr305-2.0.1.jar (32 KB at 691.5 KB/sec)
[INFO] Downloading: https://repo.maven.apache.org/maven2/org/codehaus/plexus/plexus-compiler-javac/2.2/plexus-compiler-javac-2.2.jar
[INFO] Downloaded: https://repo.maven.apache.org/maven2/org/apache/maven/shared/maven-shared-incremental/1.1/maven-shared-incremental-1.1.jar (14 KB at 330.5 KB/sec)
[INFO] Downloading: https://repo.maven.apache.org/maven2/org/apache/xbean/xbean-reflect/3.4/xbean-reflect-3.4.jar
[INFO] Downloaded: https://repo.maven.apache.org/maven2/org/codehaus/plexus/plexus-compiler-api/2.2/plexus-compiler-api-2.2.jar (25 KB at 498.0 KB/sec)
[INFO] Downloading: https://repo.maven.apache.org/maven2/log4j/log4j/1.2.12/log4j-1.2.12.jar
[INFO] Downloaded: https://repo.maven.apache.org/maven2/org/codehaus/plexus/plexus-compiler-javac/2.2/plexus-compiler-javac-2.2.jar (19 KB at 257.3 KB/sec)
[INFO] Downloading: https://repo.maven.apache.org/maven2/commons-logging/commons-logging-api/1.1/commons-logging-api-1.1.jar
[INFO] Downloaded: https://repo.maven.apache.org/maven2/org/codehaus/plexus/plexus-compiler-manager/2.2/plexus-compiler-manager-2.2.jar (5 KB at 61.0 KB/sec)
[INFO] Downloading: https://repo.maven.apache.org/maven2/com/google/collections/google-collections/1.0/google-collections-1.0.jar
[INFO] Downloaded: https://repo.maven.apache.org/maven2/org/apache/xbean/xbean-reflect/3.4/xbean-reflect-3.4.jar (131 KB at 1742.5 KB/sec)
[INFO] Downloading: https://repo.maven.apache.org/maven2/junit/junit/3.8.2/junit-3.8.2.jar
[INFO] Downloaded: https://repo.maven.apache.org/maven2/log4j/log4j/1.2.12/log4j-1.2.12.jar (350 KB at 3362.4 KB/sec)
[INFO] Downloaded: https://repo.maven.apache.org/maven2/commons-logging/commons-logging-api/1.1/commons-logging-api-1.1.jar (44 KB at 366.0 KB/sec)
[INFO] Downloaded: https://repo.maven.apache.org/maven2/junit/junit/3.8.2/junit-3.8.2.jar (118 KB at 950.1 KB/sec)
[INFO] Downloaded: https://repo.maven.apache.org/maven2/com/google/collections/google-collections/1.0/google-collections-1.0.jar (625 KB at 4661.2 KB/sec)
[INFO] Downloaded: https://repo.maven.apache.org/maven2/org/codehaus/plexus/plexus-utils/1.5.1/plexus-utils-1.5.1.jar (206 KB at 753.6 KB/sec)
[INFO] Changes detected - recompiling the module!
[INFO] Compiling 97 source files to /home/travis/build/sannies/mp4parser/muxer/target/classes
[WARNING] /home/travis/build/sannies/mp4parser/muxer/src/main/java/org/mp4parser/muxer/samples/DefaultMp4SampleList.java: Some input files use unchecked or unsafe operations.
[WARNING] /home/travis/build/sannies/mp4parser/muxer/src/main/java/org/mp4parser/muxer/samples/DefaultMp4SampleList.java: Recompile with -Xlint:unchecked for details.
[INFO] 
[INFO] --- maven-resources-plugin:2.6:testResources (default-testResources) @ muxer ---
[INFO] Using 'UTF-8' encoding to copy filtered resources.
[INFO] Copying 38 resources
[INFO] 
[INFO] --- maven-compiler-plugin:3.1:testCompile (default-testCompile) @ muxer ---
[INFO] Changes detected - recompiling the module!
[INFO] Compiling 15 source files to /home/travis/build/sannies/mp4parser/muxer/target/test-classes
[INFO] 
[INFO] --- maven-surefire-plugin:2.12.4:test (default-test) @ muxer ---
[INFO] Tests are skipped.
[INFO] 
[INFO] --- maven-jar-plugin:2.4:jar (default-jar) @ muxer ---
[INFO] Building jar: /home/travis/build/sannies/mp4parser/muxer/target/muxer-1.9.24-SNAPSHOT.jar
[INFO] 
[INFO] --- maven-install-plugin:2.4:install (default-install) @ muxer ---
[INFO] Installing /home/travis/build/sannies/mp4parser/muxer/target/muxer-1.9.24-SNAPSHOT.jar to /home/travis/.m2/repository/org/mp4parser/muxer/1.9.24-SNAPSHOT/muxer-1.9.24-SNAPSHOT.jar
[INFO] Installing /home/travis/build/sannies/mp4parser/muxer/pom.xml to /home/travis/.m2/repository/org/mp4parser/muxer/1.9.24-SNAPSHOT/muxer-1.9.24-SNAPSHOT.pom
[INFO]                                                                         
[INFO] ------------------------------------------------------------------------
[INFO] Building Stream Muxer 1.9.24-SNAPSHOT
[INFO] ------------------------------------------------------------------------
[INFO] 
[INFO] --- maven-resources-plugin:2.6:resources (default-resources) @ streaming ---
[INFO] Using 'UTF-8' encoding to copy filtered resources.
[INFO] skip non existing resourceDirectory /home/travis/build/sannies/mp4parser/streaming/src/main/resources
[INFO] 
[INFO] --- maven-compiler-plugin:3.1:compile (default-compile) @ streaming ---
[INFO] Changes detected - recompiling the module!
[INFO] Compiling 27 source files to /home/travis/build/sannies/mp4parser/streaming/target/classes
[WARNING] /home/travis/build/sannies/mp4parser/streaming/src/main/java/org/mp4parser/streaming/input/StreamingSampleImpl.java: Some input files use unchecked or unsafe operations.
[WARNING] /home/travis/build/sannies/mp4parser/streaming/src/main/java/org/mp4parser/streaming/input/StreamingSampleImpl.java: Recompile with -Xlint:unchecked for details.
[INFO] 
[INFO] --- maven-resources-plugin:2.6:testResources (default-testResources) @ streaming ---
[INFO] Using 'UTF-8' encoding to copy filtered resources.
[INFO] Copying 2 resources
[INFO] 
[INFO] --- maven-compiler-plugin:3.1:testCompile (default-testCompile) @ streaming ---
[INFO] Changes detected - recompiling the module!
[INFO] Compiling 6 source files to /home/travis/build/sannies/mp4parser/streaming/target/test-classes
[WARNING] /home/travis/build/sannies/mp4parser/streaming/src/test/java/org/mp4parser/streaming/input/h264/Walk.java: /home/travis/build/sannies/mp4parser/streaming/src/test/java/org/mp4parser/streaming/input/h264/Walk.java uses unchecked or unsafe operations.
[WARNING] /home/travis/build/sannies/mp4parser/streaming/src/test/java/org/mp4parser/streaming/input/h264/Walk.java: Recompile with -Xlint:unchecked for details.
[INFO] 
[INFO] --- maven-surefire-plugin:2.12.4:test (default-test) @ streaming ---
[INFO] Tests are skipped.
[INFO] 
[INFO] --- maven-jar-plugin:2.4:jar (default-jar) @ streaming ---
[INFO] Building jar: /home/travis/build/sannies/mp4parser/streaming/target/streaming-1.9.24-SNAPSHOT.jar
[INFO] 
[INFO] --- maven-install-plugin:2.4:install (default-install) @ streaming ---
[INFO] Installing /home/travis/build/sannies/mp4parser/streaming/target/streaming-1.9.24-SNAPSHOT.jar to /home/travis/.m2/repository/org/mp4parser/streaming/1.9.24-SNAPSHOT/streaming-1.9.24-SNAPSHOT.jar
[INFO] Installing /home/travis/build/sannies/mp4parser/streaming/pom.xml to /home/travis/.m2/repository/org/mp4parser/streaming/1.9.24-SNAPSHOT/streaming-1.9.24-SNAPSHOT.pom
[INFO]                                                                         
[INFO] ------------------------------------------------------------------------
[INFO] Building MP4 Parser Project 1.9.24-SNAPSHOT
[INFO] ------------------------------------------------------------------------
[INFO] 
[INFO] --- maven-install-plugin:2.4:install (default-install) @ mp4parser-project ---
[INFO] Installing /home/travis/build/sannies/mp4parser/pom.xml to /home/travis/.m2/repository/org/mp4parser/mp4parser-project/1.9.24-SNAPSHOT/mp4parser-project-1.9.24-SNAPSHOT.pom
[INFO]                                                                         
[INFO] ------------------------------------------------------------------------
[INFO] Building ISO Parser Examples 1.9.24-SNAPSHOT
[INFO] ------------------------------------------------------------------------
[INFO] Downloading: https://repo.maven.apache.org/maven2/org/apache/maven/plugins/maven-compiler-plugin/2.3.1/maven-compiler-plugin-2.3.1.pom
[INFO] Downloaded: https://repo.maven.apache.org/maven2/org/apache/maven/plugins/maven-compiler-plugin/2.3.1/maven-compiler-plugin-2.3.1.pom (6 KB at 104.9 KB/sec)
[INFO] Downloading: https://repo.maven.apache.org/maven2/org/apache/maven/plugins/maven-compiler-plugin/2.3.1/maven-compiler-plugin-2.3.1.jar
[INFO] Downloaded: https://repo.maven.apache.org/maven2/org/apache/maven/plugins/maven-compiler-plugin/2.3.1/maven-compiler-plugin-2.3.1.jar (30 KB at 693.6 KB/sec)
[INFO] Downloading: http://repo.maven.apache.org/maven2/xom/xom/1.2.5/xom-1.2.5.pom
[INFO] Downloaded: http://repo.maven.apache.org/maven2/xom/xom/1.2.5/xom-1.2.5.pom (2 KB at 39.6 KB/sec)
[INFO] Downloading: http://repo.maven.apache.org/maven2/xerces/xercesImpl/2.8.0/xercesImpl-2.8.0.pom
[INFO] Downloaded: http://repo.maven.apache.org/maven2/xerces/xercesImpl/2.8.0/xercesImpl-2.8.0.pom (2 KB at 37.1 KB/sec)
[INFO] Downloading: http://repo.maven.apache.org/maven2/xalan/xalan/2.7.0/xalan-2.7.0.pom
[INFO] Downloaded: http://repo.maven.apache.org/maven2/xalan/xalan/2.7.0/xalan-2.7.0.pom (491 B at 6.2 KB/sec)
[INFO] Downloading: http://repo.maven.apache.org/maven2/commons-lang/commons-lang/2.6/commons-lang-2.6.pom
[INFO] Downloaded: http://repo.maven.apache.org/maven2/commons-lang/commons-lang/2.6/commons-lang-2.6.pom (18 KB at 474.6 KB/sec)
[INFO] Downloading: http://repo.maven.apache.org/maven2/org/apache/commons/commons-parent/17/commons-parent-17.pom
[INFO] Downloaded: http://repo.maven.apache.org/maven2/org/apache/commons/commons-parent/17/commons-parent-17.pom (31 KB at 823.1 KB/sec)
[INFO] Downloading: http://repo.maven.apache.org/maven2/org/eclipse/jetty/jetty-server/8.1.7.v20120910/jetty-server-8.1.7.v20120910.pom
[INFO] Downloaded: http://repo.maven.apache.org/maven2/org/eclipse/jetty/jetty-server/8.1.7.v20120910/jetty-server-8.1.7.v20120910.pom (4 KB at 96.0 KB/sec)
[INFO] Downloading: http://repo.maven.apache.org/maven2/org/eclipse/jetty/jetty-project/8.1.7.v20120910/jetty-project-8.1.7.v20120910.pom
[INFO] Downloaded: http://repo.maven.apache.org/maven2/org/eclipse/jetty/jetty-project/8.1.7.v20120910/jetty-project-8.1.7.v20120910.pom (27 KB at 741.7 KB/sec)
[INFO] Downloading: http://repo.maven.apache.org/maven2/org/eclipse/jetty/jetty-parent/20/jetty-parent-20.pom
[INFO] Downloaded: http://repo.maven.apache.org/maven2/org/eclipse/jetty/jetty-parent/20/jetty-parent-20.pom (21 KB at 249.4 KB/sec)
[INFO] Downloading: http://repo.maven.apache.org/maven2/org/eclipse/jetty/orbit/javax.servlet/3.0.0.v201112011016/javax.servlet-3.0.0.v201112011016.pom
[INFO] Downloaded: http://repo.maven.apache.org/maven2/org/eclipse/jetty/orbit/javax.servlet/3.0.0.v201112011016/javax.servlet-3.0.0.v201112011016.pom (732 B at 19.9 KB/sec)
[INFO] Downloading: http://repo.maven.apache.org/maven2/org/eclipse/jetty/orbit/jetty-orbit/1/jetty-orbit-1.pom
[INFO] Downloaded: http://repo.maven.apache.org/maven2/org/eclipse/jetty/orbit/jetty-orbit/1/jetty-orbit-1.pom (3 KB at 62.4 KB/sec)
[INFO] Downloading: http://repo.maven.apache.org/maven2/org/eclipse/jetty/jetty-parent/18/jetty-parent-18.pom
[INFO] Downloaded: http://repo.maven.apache.org/maven2/org/eclipse/jetty/jetty-parent/18/jetty-parent-18.pom (17 KB at 447.5 KB/sec)
[INFO] Downloading: http://repo.maven.apache.org/maven2/org/eclipse/jetty/jetty-continuation/8.1.7.v20120910/jetty-continuation-8.1.7.v20120910.pom
[INFO] Downloaded: http://repo.maven.apache.org/maven2/org/eclipse/jetty/jetty-continuation/8.1.7.v20120910/jetty-continuation-8.1.7.v20120910.pom (3 KB at 57.2 KB/sec)
[INFO] Downloading: http://repo.maven.apache.org/maven2/org/eclipse/jetty/jetty-http/8.1.7.v20120910/jetty-http-8.1.7.v20120910.pom
[INFO] Downloaded: http://repo.maven.apache.org/maven2/org/eclipse/jetty/jetty-http/8.1.7.v20120910/jetty-http-8.1.7.v20120910.pom (3 KB at 68.6 KB/sec)
[INFO] Downloading: http://repo.maven.apache.org/maven2/org/eclipse/jetty/jetty-io/8.1.7.v20120910/jetty-io-8.1.7.v20120910.pom
[INFO] Downloaded: http://repo.maven.apache.org/maven2/org/eclipse/jetty/jetty-io/8.1.7.v20120910/jetty-io-8.1.7.v20120910.pom (3 KB at 54.0 KB/sec)
[INFO] Downloading: http://repo.maven.apache.org/maven2/org/eclipse/jetty/jetty-util/8.1.7.v20120910/jetty-util-8.1.7.v20120910.pom
[INFO] Downloaded: http://repo.maven.apache.org/maven2/org/eclipse/jetty/jetty-util/8.1.7.v20120910/jetty-util-8.1.7.v20120910.pom (4 KB at 87.1 KB/sec)
[INFO] Downloading: http://repo.maven.apache.org/maven2/commons-collections/commons-collections/3.2.1/commons-collections-3.2.1.pom
[INFO] Downloaded: http://repo.maven.apache.org/maven2/commons-collections/commons-collections/3.2.1/commons-collections-3.2.1.pom (13 KB at 348.9 KB/sec)
[INFO] Downloading: http://repo.maven.apache.org/maven2/xom/xom/1.2.5/xom-1.2.5.jar
[INFO] Downloading: http://repo.maven.apache.org/maven2/xml-apis/xml-apis/1.3.03/xml-apis-1.3.03.jar
[INFO] Downloading: http://repo.maven.apache.org/maven2/xalan/xalan/2.7.0/xalan-2.7.0.jar
[INFO] Downloading: http://repo.maven.apache.org/maven2/xerces/xercesImpl/2.8.0/xercesImpl-2.8.0.jar
[INFO] Downloading: http://repo.maven.apache.org/maven2/commons-lang/commons-lang/2.6/commons-lang-2.6.jar
[INFO] Downloaded: http://repo.maven.apache.org/maven2/xml-apis/xml-apis/1.3.03/xml-apis-1.3.03.jar (191 KB at 3969.7 KB/sec)
[INFO] Downloading: http://repo.maven.apache.org/maven2/org/eclipse/jetty/jetty-server/8.1.7.v20120910/jetty-server-8.1.7.v20120910.jar
[INFO] Downloaded: http://repo.maven.apache.org/maven2/xom/xom/1.2.5/xom-1.2.5.jar (302 KB at 4864.9 KB/sec)
[INFO] Downloading: http://repo.maven.apache.org/maven2/org/eclipse/jetty/orbit/javax.servlet/3.0.0.v201112011016/javax.servlet-3.0.0.v201112011016.jar
[INFO] Downloaded: http://repo.maven.apache.org/maven2/commons-lang/commons-lang/2.6/commons-lang-2.6.jar (278 KB at 4205.4 KB/sec)
[INFO] Downloading: http://repo.maven.apache.org/maven2/org/eclipse/jetty/jetty-continuation/8.1.7.v20120910/jetty-continuation-8.1.7.v20120910.jar
[INFO] Downloaded: http://repo.maven.apache.org/maven2/xerces/xercesImpl/2.8.0/xercesImpl-2.8.0.jar (1179 KB at 14734.8 KB/sec)
[INFO] Downloading: http://repo.maven.apache.org/maven2/org/eclipse/jetty/jetty-http/8.1.7.v20120910/jetty-http-8.1.7.v20120910.jar
[INFO] Downloaded: http://repo.maven.apache.org/maven2/org/eclipse/jetty/orbit/javax.servlet/3.0.0.v201112011016/javax.servlet-3.0.0.v201112011016.jar (196 KB at 1863.7 KB/sec)
[INFO] Downloading: http://repo.maven.apache.org/maven2/org/eclipse/jetty/jetty-io/8.1.7.v20120910/jetty-io-8.1.7.v20120910.jar
[INFO] Downloaded: http://repo.maven.apache.org/maven2/org/eclipse/jetty/jetty-server/8.1.7.v20120910/jetty-server-8.1.7.v20120910.jar (329 KB at 3066.4 KB/sec)
[INFO] Downloading: http://repo.maven.apache.org/maven2/org/eclipse/jetty/jetty-util/8.1.7.v20120910/jetty-util-8.1.7.v20120910.jar
[INFO] Downloaded: http://repo.maven.apache.org/maven2/org/eclipse/jetty/jetty-http/8.1.7.v20120910/jetty-http-8.1.7.v20120910.jar (92 KB at 813.5 KB/sec)
[INFO] Downloading: http://repo.maven.apache.org/maven2/commons-collections/commons-collections/3.2.1/commons-collections-3.2.1.jar
[INFO] Downloaded: http://repo.maven.apache.org/maven2/org/eclipse/jetty/jetty-continuation/8.1.7.v20120910/jetty-continuation-8.1.7.v20120910.jar (21 KB at 172.1 KB/sec)
[INFO] Downloaded: http://repo.maven.apache.org/maven2/xalan/xalan/2.7.0/xalan-2.7.0.jar (2667 KB at 19751.5 KB/sec)
[INFO] Downloaded: http://repo.maven.apache.org/maven2/org/eclipse/jetty/jetty-io/8.1.7.v20120910/jetty-io-8.1.7.v20120910.jar (101 KB at 708.9 KB/sec)
[INFO] Downloaded: http://repo.maven.apache.org/maven2/org/eclipse/jetty/jetty-util/8.1.7.v20120910/jetty-util-8.1.7.v20120910.jar (274 KB at 1857.4 KB/sec)
[INFO] Downloaded: http://repo.maven.apache.org/maven2/commons-collections/commons-collections/3.2.1/commons-collections-3.2.1.jar (562 KB at 3672.6 KB/sec)
[INFO] 
[INFO] --- maven-resources-plugin:2.6:resources (default-resources) @ examples ---
[INFO] Using 'UTF-8' encoding to copy filtered resources.
[INFO] Copying 28 resources
[INFO] 
[INFO] --- maven-compiler-plugin:2.3.1:compile (default-compile) @ examples ---
[INFO] Downloading: https://repo.maven.apache.org/maven2/org/codehaus/plexus/plexus-compiler-api/1.8/plexus-compiler-api-1.8.pom
[INFO] Downloaded: https://repo.maven.apache.org/maven2/org/codehaus/plexus/plexus-compiler-api/1.8/plexus-compiler-api-1.8.pom (778 B at 13.6 KB/sec)
[INFO] Downloading: https://repo.maven.apache.org/maven2/org/codehaus/plexus/plexus-compiler/1.8/plexus-compiler-1.8.pom
[INFO] Downloaded: https://repo.maven.apache.org/maven2/org/codehaus/plexus/plexus-compiler/1.8/plexus-compiler-1.8.pom (4 KB at 89.9 KB/sec)
[INFO] Downloading: https://repo.maven.apache.org/maven2/org/codehaus/plexus/plexus-components/1.1.17/plexus-components-1.1.17.pom
[INFO] Downloaded: https://repo.maven.apache.org/maven2/org/codehaus/plexus/plexus-components/1.1.17/plexus-components-1.1.17.pom (6 KB at 115.6 KB/sec)
[INFO] Downloading: https://repo.maven.apache.org/maven2/org/codehaus/plexus/plexus/2.0.5/plexus-2.0.5.pom
[INFO] Downloaded: https://repo.maven.apache.org/maven2/org/codehaus/plexus/plexus/2.0.5/plexus-2.0.5.pom (17 KB at 268.9 KB/sec)
[INFO] Downloading: https://repo.maven.apache.org/maven2/org/codehaus/plexus/plexus-compiler-manager/1.8/plexus-compiler-manager-1.8.pom
[INFO] Downloaded: https://repo.maven.apache.org/maven2/org/codehaus/plexus/plexus-compiler-manager/1.8/plexus-compiler-manager-1.8.pom (690 B at 16.4 KB/sec)
[INFO] Downloading: https://repo.maven.apache.org/maven2/org/codehaus/plexus/plexus-compiler-javac/1.8/plexus-compiler-javac-1.8.pom
[INFO] Downloaded: https://repo.maven.apache.org/maven2/org/codehaus/plexus/plexus-compiler-javac/1.8/plexus-compiler-javac-1.8.pom (686 B at 15.6 KB/sec)
[INFO] Downloading: https://repo.maven.apache.org/maven2/org/codehaus/plexus/plexus-compilers/1.8/plexus-compilers-1.8.pom
[INFO] Downloaded: https://repo.maven.apache.org/maven2/org/codehaus/plexus/plexus-compilers/1.8/plexus-compilers-1.8.pom (2 KB at 30.5 KB/sec)
[INFO] Downloading: https://repo.maven.apache.org/maven2/org/codehaus/plexus/plexus-compiler-api/1.8/plexus-compiler-api-1.8.jar
[INFO] Downloading: https://repo.maven.apache.org/maven2/org/codehaus/plexus/plexus-compiler-manager/1.8/plexus-compiler-manager-1.8.jar
[INFO] Downloading: https://repo.maven.apache.org/maven2/org/codehaus/plexus/plexus-compiler-javac/1.8/plexus-compiler-javac-1.8.jar
[INFO] Downloaded: https://repo.maven.apache.org/maven2/org/codehaus/plexus/plexus-compiler-api/1.8/plexus-compiler-api-1.8.jar (20 KB at 405.8 KB/sec)
[INFO] Downloaded: https://repo.maven.apache.org/maven2/org/codehaus/plexus/plexus-compiler-manager/1.8/plexus-compiler-manager-1.8.jar (6 KB at 105.8 KB/sec)
[INFO] Downloaded: https://repo.maven.apache.org/maven2/org/codehaus/plexus/plexus-compiler-javac/1.8/plexus-compiler-javac-1.8.jar (12 KB at 177.4 KB/sec)
[INFO] Compiling 56 source files to /home/travis/build/sannies/mp4parser/examples/target/classes
[INFO] 
[INFO] --- maven-resources-plugin:2.6:testResources (default-testResources) @ examples ---
[INFO] Using 'UTF-8' encoding to copy filtered resources.
[INFO] skip non existing resourceDirectory /home/travis/build/sannies/mp4parser/examples/src/test/resources
[INFO] 
[INFO] --- maven-compiler-plugin:2.3.1:testCompile (default-testCompile) @ examples ---
[INFO] No sources to compile
[INFO] 
[INFO] --- maven-surefire-plugin:2.12.4:test (default-test) @ examples ---
[INFO] Tests are skipped.
[INFO] 
[INFO] --- maven-jar-plugin:2.4:jar (default-jar) @ examples ---
[INFO] Building jar: /home/travis/build/sannies/mp4parser/examples/target/examples-1.9.24-SNAPSHOT.jar
[INFO] 
[INFO] --- maven-install-plugin:2.4:install (default-install) @ examples ---
[INFO] Installing /home/travis/build/sannies/mp4parser/examples/target/examples-1.9.24-SNAPSHOT.jar to /home/travis/.m2/repository/org/mp4parser/examples/1.9.24-SNAPSHOT/examples-1.9.24-SNAPSHOT.jar
[INFO] Installing /home/travis/build/sannies/mp4parser/examples/pom.xml to /home/travis/.m2/repository/org/mp4parser/examples/1.9.24-SNAPSHOT/examples-1.9.24-SNAPSHOT.pom
[INFO] ------------------------------------------------------------------------
[INFO] Reactor Summary:
[INFO] 
[INFO] ISO Parser ......................................... SUCCESS [ 33.380 s]
[INFO] File Muxer ......................................... SUCCESS [  6.325 s]
[INFO] Stream Muxer ....................................... SUCCESS [  0.378 s]
[INFO] MP4 Parser Project ................................. SUCCESS [  0.005 s]
[INFO] ISO Parser Examples ................................ SUCCESS [  4.142 s]
[INFO] ------------------------------------------------------------------------
[INFO] BUILD SUCCESS
[INFO] ------------------------------------------------------------------------
[INFO] Total time: 44.396 s
[INFO] Finished at: 2015-10-22T13:22:45+00:00
[INFO] Final Memory: 48M/441M
[INFO] ------------------------------------------------------------------------
travis_time:end:16e50766:start=1445520119239887294,finish=1445520166060286225,duration=46820398931[0Ktravis_fold:end:install[0Ktravis_time:start:2df03064[0K$ mvn test -B
[INFO] Scanning for projects...
[INFO] ------------------------------------------------------------------------
[INFO] Reactor Build Order:
[INFO] 
[INFO] ISO Parser
[INFO] File Muxer
[INFO] Stream Muxer
[INFO] MP4 Parser Project
[INFO] ISO Parser Examples
[INFO]                                                                         
[INFO] ------------------------------------------------------------------------
[INFO] Building ISO Parser 1.9.24-SNAPSHOT
[INFO] ------------------------------------------------------------------------
[INFO] 
[INFO] --- maven-resources-plugin:2.5:resources (default-resources) @ isoparser ---
[debug] execute contextualize
[INFO] Using 'UTF-8' encoding to copy filtered resources.
[INFO] Copying 4 resources
[INFO] 
[INFO] --- maven-compiler-plugin:2.3.2:compile (default-compile) @ isoparser ---
[INFO] Nothing to compile - all classes are up to date
[INFO] 
[INFO] --- aspectj-maven-plugin:1.7:compile (default) @ isoparser ---
[INFO] No modifications found skipping aspectJ compile
[INFO] 
[INFO] --- maven-resources-plugin:2.5:testResources (default-testResources) @ isoparser ---
[debug] execute contextualize
[INFO] Using 'UTF-8' encoding to copy filtered resources.
[INFO] Copying 20 resources
[INFO] 
[INFO] --- maven-compiler-plugin:2.3.2:testCompile (default-testCompile) @ isoparser ---
[INFO] Nothing to compile - all classes are up to date
[INFO] 
[INFO] --- maven-surefire-plugin:2.12.4:test (default-test) @ isoparser ---
[INFO] Surefire report directory: /home/travis/build/sannies/mp4parser/isoparser/target/surefire-reports
[INFO] Downloading: https://repo.maven.apache.org/maven2/org/apache/maven/surefire/surefire-junit4/2.12.4/surefire-junit4-2.12.4.pom
[INFO] Downloaded: https://repo.maven.apache.org/maven2/org/apache/maven/surefire/surefire-junit4/2.12.4/surefire-junit4-2.12.4.pom (3 KB at 7.8 KB/sec)
[INFO] Downloading: https://repo.maven.apache.org/maven2/org/apache/maven/surefire/surefire-providers/2.12.4/surefire-providers-2.12.4.pom
[INFO] Downloaded: https://repo.maven.apache.org/maven2/org/apache/maven/surefire/surefire-providers/2.12.4/surefire-providers-2.12.4.pom (3 KB at 229.3 KB/sec)
[INFO] Downloading: https://repo.maven.apache.org/maven2/org/apache/maven/surefire/surefire-junit4/2.12.4/surefire-junit4-2.12.4.jar
[INFO] Downloaded: https://repo.maven.apache.org/maven2/org/apache/maven/surefire/surefire-junit4/2.12.4/surefire-junit4-2.12.4.jar (37 KB at 1030.2 KB/sec)

-------------------------------------------------------
 T E S T S
-------------------------------------------------------
Running com.googlecode.mp4parser.boxes.mp4.ESDescriptorBoxTest
ESDescriptor{esId=0, streamDependenceFlag=0, URLFlag=0, oCRstreamFlag=0, streamPriority=0, URLLength=0, URLString='null', remoteODFlag=0, dependsOnEsId=0, oCREsId=0, decoderConfigDescriptor=DecoderConfigDescriptor{objectTypeIndication=64, streamType=5, upStream=0, bufferSizeDB=6144, maxBitRate=128000, avgBitRate=128000, decoderSpecificInfo=null, audioSpecificInfo=AudioSpecificConfig{configBytes=131056E598, audioObjectType=2 (AAC LC), samplingFrequencyIndex=6 (24000), samplingFrequency=0, channelConfiguration=2, extensionAudioObjectType=5 (SBR), sbrPresentFlag=true, psPresentFlag=false, extensionSamplingFrequencyIndex=3 (48000), extensionSamplingFrequency=0, extensionChannelConfiguration=0, syncExtensionType=695, frameLengthFlag=0, dependsOnCoreCoder=0, coreCoderDelay=0, extensionFlag=0, layerNr=0, numOfSubFrame=0, layer_length=0, aacSectionDataResilienceFlag=false, aacScalefactorDataResilienceFlag=false, aacSpectralDataResilienceFlag=false, extensionFlag3=0}, configDescriptorDeadBytes=, profileLevelIndicationDescriptors=[[]]}, slConfigDescriptor=SLConfigDescriptor{predefined=2}}
Tests run: 1, Failures: 0, Errors: 0, Skipped: 0, Time elapsed: 0.074 sec
Running com.googlecode.mp4parser.boxes.piff.PiffSampleEncryptionBoxTest
Tests run: 4, Failures: 0, Errors: 0, Skipped: 0, Time elapsed: 0.019 sec
Running com.googlecode.mp4parser.boxes.piff.PiffTrackEncryptionBoxTest
Tests run: 1, Failures: 0, Errors: 0, Skipped: 0, Time elapsed: 0.013 sec
Running com.googlecode.mp4parser.boxes.basemediaformat.TrackEncryptionBoxTest
Tests run: 1, Failures: 0, Errors: 0, Skipped: 0, Time elapsed: 0.001 sec
Running com.googlecode.mp4parser.boxes.ultraviolet.BaseLocationBoxTest
Tests run: 1, Failures: 0, Errors: 0, Skipped: 0, Time elapsed: 0.04 sec
Running com.googlecode.mp4parser.boxes.ultraviolet.AssetInformationBoxTest
Tests run: 2, Failures: 0, Errors: 0, Skipped: 0, Time elapsed: 0.013 sec
Running com.googlecode.mp4parser.boxes.ultraviolet.SampleEncryptionBoxTest
Tests run: 2, Failures: 0, Errors: 0, Skipped: 0, Time elapsed: 0.019 sec
Running com.googlecode.mp4parser.boxes.threegpp26244.SegmentIndexBoxTest
Tests run: 1, Failures: 0, Errors: 0, Skipped: 0, Time elapsed: 0.006 sec
Running com.googlecode.mp4parser.miscrepro.WeirdISMVTest
owma
AudioSampleEntry{bytesPerSample=0, bytesPerFrame=0, bytesPerPacket=0, samplesPerPacket=0, packetSize=0, compressionId=0, soundVersion=0, sampleRate=48000, sampleSize=0, channelCount=2, boxes=[org.mp4parser.boxes.sampleentry.AudioSampleEntry$1@4b40de18]}
Tests run: 1, Failures: 0, Errors: 0, Skipped: 0, Time elapsed: 0.02 sec
Running com.googlecode.mp4parser.util.RangeStartMapTest
Tests run: 1, Failures: 0, Errors: 0, Skipped: 0, Time elapsed: 0.005 sec
Running com.coremedia.drm.packager.isoparser.RoundTripTest
Tests run: 8, Failures: 0, Errors: 0, Skipped: 0, Time elapsed: 1.849 sec
Running org.mp4parser.boxes.iso23001.part7.ProtectionSystemSpecificHeaderBoxTest
No value given for the following properties: 
new E("keyIds", (List)) ),
Tests run: 2, Failures: 0, Errors: 0, Skipped: 0, Time elapsed: 0.004 sec
Running org.mp4parser.boxes.iso23001.part7.TrackEncryptionBoxTest
Tests run: 1, Failures: 0, Errors: 0, Skipped: 0, Time elapsed: 0.003 sec
Running org.mp4parser.boxes.apple.TrackEncodedPixelsDimensionsAtomTest
Tests run: 1, Failures: 0, Errors: 0, Skipped: 0, Time elapsed: 0.004 sec
Running org.mp4parser.boxes.apple.AppleNameBoxTest
No value given for the following properties: 
addPropsHere.put("dataCountry", (int) );
addPropsHere.put("dataLanguage", (int) );
addPropsHere.put("dataType", (int) );
addPropsHere.put("languageString", (String) );
Tests run: 1, Failures: 0, Errors: 0, Skipped: 0, Time elapsed: 0.001 sec
Running org.mp4parser.boxes.apple.QuicktimeTextSampleEntryTest
No value given for the following properties: 
addPropsHere.put("boxes", (List) );
Tests run: 1, Failures: 0, Errors: 0, Skipped: 0, Time elapsed: 0.002 sec
Running org.mp4parser.boxes.apple.GenericMediaHeaderTextAtomTest
Tests run: 1, Failures: 0, Errors: 0, Skipped: 0, Time elapsed: 0.002 sec
Running org.mp4parser.boxes.apple.BaseMediaInfoAtomTest
Tests run: 1, Failures: 0, Errors: 0, Skipped: 0, Time elapsed: 0.001 sec
Running org.mp4parser.boxes.apple.TrackLoadSettingsAtomTest
Tests run: 1, Failures: 0, Errors: 0, Skipped: 0, Time elapsed: 0.001 sec
Running org.mp4parser.boxes.apple.PixelAspectRationAtomTest
Tests run: 1, Failures: 0, Errors: 0, Skipped: 0, Time elapsed: 0.003 sec
Running org.mp4parser.boxes.apple.TimeCodeBoxTest
TimeCodeBox{timeScale=24000, frameDuration=1001, numberOfFrames=24, reserved1=0, reserved2=11665408, flags=0}
No value given for the following properties: 
addPropsHere.put("boxes", (List) );
Tests run: 2, Failures: 0, Errors: 0, Skipped: 0, Time elapsed: 0.009 sec
Running org.mp4parser.boxes.apple.TrackProductionApertureDimensionsAtomTest
Tests run: 1, Failures: 0, Errors: 0, Skipped: 0, Time elapsed: 0.003 sec
Running org.mp4parser.boxes.apple.CleanApertureAtomTest
Tests run: 1, Failures: 0, Errors: 0, Skipped: 0, Time elapsed: 0.002 sec
Running org.mp4parser.boxes.apple.Apple_geIDBoxTest
10
No value given for the following properties: 
addPropsHere.put("dataCountry", (int) );
addPropsHere.put("dataLanguage", (int) );
addPropsHere.put("dataType", (int) );
addPropsHere.put("intLength", (int) );
addPropsHere.put("languageString", (String) );
Tests run: 2, Failures: 0, Errors: 0, Skipped: 0, Time elapsed: 0.004 sec
Running org.mp4parser.boxes.iso14496.part12.ItemLocationBoxTest
Tests run: 6, Failures: 0, Errors: 0, Skipped: 0, Time elapsed: 0.401 sec
Running org.mp4parser.boxes.iso14496.part12.DegradationPriorityBoxTest
Tests run: 1, Failures: 0, Errors: 0, Skipped: 0, Time elapsed: 0.004 sec
Running org.mp4parser.boxes.iso14496.part12.BitRateBoxTest
Tests run: 1, Failures: 0, Errors: 0, Skipped: 0, Time elapsed: 0.002 sec
Running org.mp4parser.boxes.iso14496.part12.HintSampleEntryTest
No value given for the following properties: 
new E("boxes", (List)) ),
Tests run: 1, Failures: 0, Errors: 0, Skipped: 0, Time elapsed: 0.001 sec
Running org.mp4parser.boxes.iso14496.part12.ItemProtectionBoxTest
No value given for the following properties: 
addPropsHere.put("itemProtectionScheme", (SchemeInformationBox) );
Tests run: 1, Failures: 0, Errors: 0, Skipped: 0, Time elapsed: 0.002 sec
Running org.mp4parser.boxes.iso14496.part12.SampleAuxiliaryInformationOffsetsBoxTest
Tests run: 4, Failures: 0, Errors: 0, Skipped: 0, Time elapsed: 0.008 sec
Running org.mp4parser.boxes.iso14496.part12.SampleAuxiliaryInformationSizesBoxTest
Tests run: 2, Failures: 0, Errors: 0, Skipped: 0, Time elapsed: 0.003 sec
Running org.mp4parser.boxes.iso14496.part15.HevcDecoderConfigurationRecordTest
Tests run: 1, Failures: 0, Errors: 0, Skipped: 0, Time elapsed: 0.002 sec
Running org.mp4parser.boxes.iso14496.part15.HevcConfigurationBoxTest
Tests run: 1, Failures: 0, Errors: 0, Skipped: 0, Time elapsed: 0.003 sec
Running org.mp4parser.boxes.iso14496.part15.Part15GroupDescriptionBoxesTest
No value given for the following properties: 
new E("defaultLength", (int)) ),
No value given for the following properties: 
new E("defaultLength", (int)) ),
No value given for the following properties: 
new E("defaultLength", (int)) ),
No value given for the following properties: 
new E("defaultLength", (int)) ),
Tests run: 4, Failures: 0, Errors: 0, Skipped: 0, Time elapsed: 0.013 sec
Running org.mp4parser.boxes.iso14496.part15.TierInfoBoxTest
Tests run: 1, Failures: 0, Errors: 0, Skipped: 0, Time elapsed: 0.005 sec
Running org.mp4parser.boxes.iso14496.part15.PriotityRangeBoxTest
Tests run: 1, Failures: 0, Errors: 0, Skipped: 0, Time elapsed: 0.004 sec
Running org.mp4parser.boxes.iso14496.part15.TierBitRateBoxTest
Tests run: 1, Failures: 0, Errors: 0, Skipped: 0, Time elapsed: 0.004 sec
Running org.mp4parser.boxes.iso14496.part1.objectdescriptors.BitReaderBufferTest
Tests run: 6, Failures: 0, Errors: 0, Skipped: 0, Time elapsed: 0.003 sec
Running org.mp4parser.boxes.iso14496.part1.objectdescriptors.BitWriterBufferTest
Tests run: 7, Failures: 0, Errors: 0, Skipped: 0, Time elapsed: 0.003 sec
Running org.mp4parser.boxes.iso14496.part30.WebVTTSourceLabelBoxTest
Tests run: 1, Failures: 0, Errors: 0, Skipped: 0, Time elapsed: 0.003 sec
Running org.mp4parser.boxes.iso14496.part30.WebVTTSampleEntryTest
No value given for the following properties: 
new E("boxes", (List)) ),
new E("config", (WebVTTConfigurationBox)) ),
new E("dataReferenceIndex", (int)) ),
new E("sourceLabel", (WebVTTSourceLabelBox)) ),
Tests run: 1, Failures: 0, Errors: 0, Skipped: 0, Time elapsed: 0.005 sec
Running org.mp4parser.boxes.iso14496.part30.WebVTTConfigurationBoxTest
Tests run: 1, Failures: 0, Errors: 0, Skipped: 0, Time elapsed: 0.003 sec
Running org.mp4parser.boxes.iso23009.part1.EventMessageBoxTest
Tests run: 1, Failures: 0, Errors: 0, Skipped: 0, Time elapsed: 0.009 sec
Running org.mp4parser.boxes.sampleentry.AudioSampleEntryTest
Tests run: 1, Failures: 0, Errors: 0, Skipped: 0, Time elapsed: 0.001 sec
Running org.mp4parser.boxes.sampleentry.MpegSampleEntryTest
Tests run: 1, Failures: 0, Errors: 0, Skipped: 0, Time elapsed: 0.002 sec
Running org.mp4parser.boxes.sampleentry.TextSampleEntryTest
Tests run: 2, Failures: 0, Errors: 0, Skipped: 0, Time elapsed: 0.002 sec
Running org.mp4parser.boxes.sampleentry.VisualSampleEntryTest
No value given for the following properties: 
addPropsHere.put("boxes", (List) );
addPropsHere.put("compressorname", (String) );
addPropsHere.put("dataReferenceIndex", (int) );
addPropsHere.put("depth", (int) );
addPropsHere.put("frameCount", (int) );
addPropsHere.put("height", (int) );
addPropsHere.put("horizresolution", (double) );
addPropsHere.put("vertresolution", (double) );
addPropsHere.put("width", (int) );
Tests run: 1, Failures: 0, Errors: 0, Skipped: 0, Time elapsed: 0.001 sec
Running org.mp4parser.boxes.sampleentry.Ovc1VisualSampleEntryImplTest
No value given for the following properties: 
addPropsHere.put("boxes", (List) );
Tests run: 1, Failures: 0, Errors: 0, Skipped: 0, Time elapsed: 0.003 sec
Running org.mp4parser.boxes.sampleentry.XMLSubtitleSampleEntryTest
Tests run: 1, Failures: 0, Errors: 0, Skipped: 0, Time elapsed: 0.002 sec
Running org.mp4parser.boxes.samplegrouping.CencSampleEncryptionInformationGroupEntryTest
No value given for the following properties: 
new E("defaultLength", (int)) ),
No value given for the following properties: 
new E("defaultLength", (int)) ),
No value given for the following properties: 
new E("defaultLength", (int)) ),
Tests run: 3, Failures: 0, Errors: 0, Skipped: 0, Time elapsed: 0.02 sec
Running org.mp4parser.boxes.samplegrouping.SampleToGroupBoxTest
Tests run: 1, Failures: 0, Errors: 0, Skipped: 0, Time elapsed: 0.002 sec
Running org.mp4parser.boxes.dece.ContentInformationBoxTest
Tests run: 2, Failures: 0, Errors: 0, Skipped: 0, Time elapsed: 0.001 sec
Running org.mp4parser.boxes.adobe.ActionMessageFormat0SampleEntryBoxTest
Tests run: 1, Failures: 0, Errors: 0, Skipped: 0, Time elapsed: 0.003 sec
Running org.mp4parser.tools.boxes.MovieHeaderBoxTest
Tests run: 1, Failures: 0, Errors: 0, Skipped: 0, Time elapsed: 0 sec
Running org.mp4parser.tools.boxes.SampleTableBoxTest
No value given for the following properties: 
addPropsHere.put("chunkOffsetBox", (ChunkOffsetBox) );
addPropsHere.put("compositionTimeToSample", (CompositionTimeToSample) );
addPropsHere.put("sampleDependencyTypeBox", (SampleDependencyTypeBox) );
addPropsHere.put("sampleDescriptionBox", (SampleDescriptionBox) );
addPropsHere.put("sampleSizeBox", (SampleSizeBox) );
addPropsHere.put("sampleToChunkBox", (SampleToChunkBox) );
addPropsHere.put("syncSampleBox", (SyncSampleBox) );
addPropsHere.put("timeToSampleBox", (TimeToSampleBox) );
Tests run: 1, Failures: 0, Errors: 0, Skipped: 0, Time elapsed: 0.004 sec
Running org.mp4parser.tools.boxes.FreeBoxTest
Tests run: 2, Failures: 0, Errors: 0, Skipped: 0, Time elapsed: 0.001 sec
Running org.mp4parser.tools.boxes.FileTypeBoxTest
Tests run: 1, Failures: 0, Errors: 0, Skipped: 0, Time elapsed: 0 sec
Running org.mp4parser.tools.boxes.MetaBoxTest
Tests run: 1, Failures: 0, Errors: 0, Skipped: 0, Time elapsed: 0.002 sec
Running org.mp4parser.tools.boxes.UserDataBoxTest
Tests run: 1, Failures: 0, Errors: 0, Skipped: 0, Time elapsed: 0 sec
Running org.mp4parser.tools.boxes.TrackHeaderBoxTest
Tests run: 1, Failures: 0, Errors: 0, Skipped: 0, Time elapsed: 0.002 sec
Running org.mp4parser.tools.boxes.StaticChunkOffsetBoxTest
Tests run: 1, Failures: 0, Errors: 0, Skipped: 0, Time elapsed: 0 sec
Running org.mp4parser.tools.boxes.MediaHeaderBoxTest
Tests run: 1, Failures: 0, Errors: 0, Skipped: 0, Time elapsed: 0 sec
Running org.mp4parser.tools.boxes.ComponsitionShiftLeastGreatestAtomTest
Tests run: 1, Failures: 0, Errors: 0, Skipped: 0, Time elapsed: 0.004 sec
Running org.mp4parser.tools.boxes.DataReferenceBoxTest
Tests run: 1, Failures: 0, Errors: 0, Skipped: 0, Time elapsed: 0 sec
Running org.mp4parser.tools.boxes.SampleDependencyTypeBoxTest
Tests run: 1, Failures: 0, Errors: 0, Skipped: 0, Time elapsed: 0.002 sec
Running org.mp4parser.tools.boxes.EditListBoxTest
Tests run: 1, Failures: 0, Errors: 0, Skipped: 0, Time elapsed: 0.002 sec
Running org.mp4parser.tools.boxes.fragment.TrackRunBoxTest
Tests run: 1, Failures: 0, Errors: 0, Skipped: 0, Time elapsed: 0.027 sec
Running org.mp4parser.tools.boxes.fragment.SampleFlagsTest
Tests run: 2, Failures: 0, Errors: 0, Skipped: 0, Time elapsed: 0.002 sec
Running org.mp4parser.tools.boxes.fragment.TrackFragmentRandomAccessBoxTest
Tests run: 1, Failures: 0, Errors: 0, Skipped: 0, Time elapsed: 0.022 sec
Running org.mp4parser.tools.boxes.ProgressiveDownloadInformationBoxTest
Tests run: 1, Failures: 0, Errors: 0, Skipped: 0, Time elapsed: 0.004 sec
Running org.mp4parser.tools.boxes.XmlBoxTest
Tests run: 1, Failures: 0, Errors: 0, Skipped: 0, Time elapsed: 0.002 sec
Running org.mp4parser.tools.boxes.SampleDescriptionBoxTest
No value given for the following properties: 
addPropsHere.put("sampleEntry", (AbstractSampleEntry) );
Tests run: 1, Failures: 0, Errors: 0, Skipped: 0, Time elapsed: 0 sec
Running org.mp4parser.tools.boxes.SampleToChunkBoxTest
Tests run: 1, Failures: 0, Errors: 0, Skipped: 0, Time elapsed: 0 sec
Running org.mp4parser.tools.IsoTypeReaderTest
Tests run: 5, Failures: 0, Errors: 0, Skipped: 0, Time elapsed: 0.001 sec
Running org.mp4parser.tools.IsoFileTest
Tests run: 1, Failures: 0, Errors: 0, Skipped: 0, Time elapsed: 0 sec
Running org.mp4parser.tools.PathTest
Tests run: 1, Failures: 0, Errors: 0, Skipped: 0, Time elapsed: 0.004 sec
Running org.mp4parser.PropertyBoxParserImplTest
Tests run: 1, Failures: 0, Errors: 0, Skipped: 0, Time elapsed: 0.001 sec

Results :

Tests run: 125, Failures: 0, Errors: 0, Skipped: 0

[INFO]                                                                         
[INFO] ------------------------------------------------------------------------
[INFO] Building File Muxer 1.9.24-SNAPSHOT
[INFO] ------------------------------------------------------------------------
[INFO] 
[INFO] --- maven-resources-plugin:2.6:resources (default-resources) @ muxer ---
[INFO] Using 'UTF-8' encoding to copy filtered resources.
[INFO] skip non existing resourceDirectory /home/travis/build/sannies/mp4parser/muxer/src/main/resources
[INFO] 
[INFO] --- maven-compiler-plugin:3.1:compile (default-compile) @ muxer ---
[INFO] Nothing to compile - all classes are up to date
[INFO] 
[INFO] --- maven-resources-plugin:2.6:testResources (default-testResources) @ muxer ---
[INFO] Using 'UTF-8' encoding to copy filtered resources.
[INFO] Copying 38 resources
[INFO] 
[INFO] --- maven-compiler-plugin:3.1:testCompile (default-testCompile) @ muxer ---
[INFO] Nothing to compile - all classes are up to date
[INFO] 
[INFO] --- maven-surefire-plugin:2.12.4:test (default-test) @ muxer ---
[INFO] Surefire report directory: /home/travis/build/sannies/mp4parser/muxer/target/surefire-reports

-------------------------------------------------------
 T E S T S
-------------------------------------------------------
Running org.mp4parser.muxer.samples.CencSampleListsTest
Tests run: 5, Failures: 0, Errors: 0, Skipped: 0, Time elapsed: 0.307 sec
Running org.mp4parser.muxer.tracks.ttml.TtmlHelpersTest
Tests run: 3, Failures: 0, Errors: 0, Skipped: 0, Time elapsed: 0.101 sec
Running org.mp4parser.muxer.tracks.webvtt.WebVttTrackTest
Tests run: 1, Failures: 0, Errors: 0, Skipped: 0, Time elapsed: 0.085 sec
Running org.mp4parser.muxer.tracks.ClippedTrackTest
Tests run: 2, Failures: 0, Errors: 0, Skipped: 0, Time elapsed: 0.005 sec
Running org.mp4parser.muxer.tracks.CencTracksImplTest
Tests run: 2, Failures: 0, Errors: 0, Skipped: 0, Time elapsed: 0.833 sec
Running org.mp4parser.muxer.tracks.AC3TrackImplTest
Tests run: 1, Failures: 0, Errors: 0, Skipped: 0, Time elapsed: 0.037 sec
Running org.mp4parser.muxer.tracks.AACTrackImplTest
Tests run: 1, Failures: 0, Errors: 0, Skipped: 0, Time elapsed: 0.075 sec
Running org.mp4parser.muxer.tracks.DTSTrackImplTest
Fill Buffer
all samples found
Tests run: 1, Failures: 0, Errors: 0, Skipped: 0, Time elapsed: 0.029 sec
Running org.mp4parser.muxer.tracks.H264TrackImplTest
Oct 22, 2015 1:22:55 PM org.mp4parser.muxer.tracks.h264.H264TrackImpl createSample
WARNING: Sample without Slice
psize: 335867(55)
bsize: 0(0)
isize: 162238(4)
Tests run: 1, Failures: 0, Errors: 0, Skipped: 0, Time elapsed: 0.057 sec
Running org.mp4parser.muxer.builder.SyncSampleIntersectFinderImplTest
Tests run: 4, Failures: 0, Errors: 0, Skipped: 0, Time elapsed: 0.044 sec
Running org.mp4parser.muxer.builder.TwoSecondIntersectionFinderTest
1, 87, 174, 261, 348, 435, 522, 609, 696, 783, 870, 957, 1044, 1131, 1218, 1305, 1392, 1479, 1566, 1653, 1740, 1827, 1914, 2001, 2088, 2175, 2262, 2349, 2436, 2523, 2610, 2697, 2784, 2871, 2958, 3045, 3132, 3219, 3306, 3393, 3480, 3567, 3654, 3741, 3828, 3915, 4002, 4089, 4176, 4263, 4350, 4437, 4524, 4611, 4698, 4785, 
Tests run: 1, Failures: 0, Errors: 0, Skipped: 0, Time elapsed: 0.031 sec
Running org.mp4parser.muxer.CencFileRoundtripTest
Tests run: 16, Failures: 0, Errors: 0, Skipped: 0, Time elapsed: 0.638 sec
Running org.mp4parser.muxer.MultiFileDataSourceImplTest
a
aa
a
aa
aaaaaaaaaa
aaaaaaaaaab
aaaaaaab
aaaaabbbbbbbbbbccccc
Tests run: 1, Failures: 0, Errors: 0, Skipped: 0, Time elapsed: 0.007 sec
Running org.mp4parser.muxer.FragmentedMp4BuilderTest
Tests run: 1, Failures: 0, Errors: 0, Skipped: 0, Time elapsed: 0.02 sec

Results :

Tests run: 40, Failures: 0, Errors: 0, Skipped: 0

[INFO]                                                                         
[INFO] ------------------------------------------------------------------------
[INFO] Building Stream Muxer 1.9.24-SNAPSHOT
[INFO] ------------------------------------------------------------------------
[INFO] 
[INFO] --- maven-resources-plugin:2.6:resources (default-resources) @ streaming ---
[INFO] Using 'UTF-8' encoding to copy filtered resources.
[INFO] skip non existing resourceDirectory /home/travis/build/sannies/mp4parser/streaming/src/main/resources
[INFO] 
[INFO] --- maven-compiler-plugin:3.1:compile (default-compile) @ streaming ---
[INFO] Nothing to compile - all classes are up to date
[INFO] 
[INFO] --- maven-resources-plugin:2.6:testResources (default-testResources) @ streaming ---
[INFO] Using 'UTF-8' encoding to copy filtered resources.
[INFO] Copying 2 resources
[INFO] 
[INFO] --- maven-compiler-plugin:3.1:testCompile (default-testCompile) @ streaming ---
[INFO] Nothing to compile - all classes are up to date
[INFO] 
[INFO] --- maven-surefire-plugin:2.12.4:test (default-test) @ streaming ---
[INFO] Surefire report directory: /home/travis/build/sannies/mp4parser/streaming/target/surefire-reports

-------------------------------------------------------
 T E S T S
-------------------------------------------------------
Running org.mp4parser.streaming.input.aac.AdtsAacStreamingTrackTest
Tests run: 1, Failures: 0, Errors: 0, Skipped: 0, Time elapsed: 0.369 sec
Running org.mp4parser.streaming.input.h264.NalStreamTokenizerTest
Tests run: 1, Failures: 0, Errors: 0, Skipped: 0, Time elapsed: 0.053 sec
Running org.mp4parser.streaming.input.h264.H264AnnexBTrackTest
Tests run: 1, Failures: 0, Errors: 0, Skipped: 0, Time elapsed: 0.202 sec
Running org.mp4parser.streaming.output.mp4.StandardMp4WriterTest
Tests run: 1, Failures: 0, Errors: 1, Skipped: 0, Time elapsed: 0.006 sec <<< FAILURE!
testMuxing(org.mp4parser.streaming.output.mp4.StandardMp4WriterTest)  Time elapsed: 0.005 sec  <<< ERROR!
java.io.FileNotFoundException: C:\dev\mp4parser\out.264 (No such file or directory)
	at java.io.FileInputStream.open(Native Method)
	at java.io.FileInputStream.<init>(FileInputStream.java:146)
	at java.io.FileInputStream.<init>(FileInputStream.java:101)
	at org.mp4parser.streaming.output.mp4.StandardMp4WriterTest.testMuxing(StandardMp4WriterTest.java:20)
	at sun.reflect.NativeMethodAccessorImpl.invoke0(Native Method)
	at sun.reflect.NativeMethodAccessorImpl.invoke(NativeMethodAccessorImpl.java:57)
	at sun.reflect.DelegatingMethodAccessorImpl.invoke(DelegatingMethodAccessorImpl.java:43)
	at java.lang.reflect.Method.invoke(Method.java:606)
	at org.junit.runners.model.FrameworkMethod$1.runReflectiveCall(FrameworkMethod.java:50)
	at org.junit.internal.runners.model.ReflectiveCallable.run(ReflectiveCallable.java:12)
	at org.junit.runners.model.FrameworkMethod.invokeExplosively(FrameworkMethod.java:47)
	at org.junit.internal.runners.statements.InvokeMethod.evaluate(InvokeMethod.java:17)
	at org.junit.runners.ParentRunner.runLeaf(ParentRunner.java:325)
	at org.junit.runners.BlockJUnit4ClassRunner.runChild(BlockJUnit4ClassRunner.java:78)
	at org.junit.runners.BlockJUnit4ClassRunner.runChild(BlockJUnit4ClassRunner.java:57)
	at org.junit.runners.ParentRunner$3.run(ParentRunner.java:290)
	at org.junit.runners.ParentRunner$1.schedule(ParentRunner.java:71)
	at org.junit.runners.ParentRunner.runChildren(ParentRunner.java:288)
	at org.junit.runners.ParentRunner.access$000(ParentRunner.java:58)
	at org.junit.runners.ParentRunner$2.evaluate(ParentRunner.java:268)
	at org.junit.runners.ParentRunner.run(ParentRunner.java:363)
	at org.apache.maven.surefire.junit4.JUnit4Provider.execute(JUnit4Provider.java:252)
	at org.apache.maven.surefire.junit4.JUnit4Provider.executeTestSet(JUnit4Provider.java:141)
	at org.apache.maven.surefire.junit4.JUnit4Provider.invoke(JUnit4Provider.java:112)
	at sun.reflect.NativeMethodAccessorImpl.invoke0(Native Method)
	at sun.reflect.NativeMethodAccessorImpl.invoke(NativeMethodAccessorImpl.java:57)
	at sun.reflect.DelegatingMethodAccessorImpl.invoke(DelegatingMethodAccessorImpl.java:43)
	at java.lang.reflect.Method.invoke(Method.java:606)
	at org.apache.maven.surefire.util.ReflectionUtils.invokeMethodWithArray(ReflectionUtils.java:189)
	at org.apache.maven.surefire.booter.ProviderFactory$ProviderProxy.invoke(ProviderFactory.java:165)
	at org.apache.maven.surefire.booter.ProviderFactory.invokeProvider(ProviderFactory.java:85)
	at org.apache.maven.surefire.booter.ForkedBooter.runSuitesInProcess(ForkedBooter.java:115)
	at org.apache.maven.surefire.booter.ForkedBooter.main(ForkedBooter.java:75)

Running org.mp4parser.streaming.containersource.DiscardingByteArrayOutputStreamTest
Tests run: 1, Failures: 0, Errors: 0, Skipped: 0, Time elapsed: 0.003 sec

Results :

Tests in error: 
  testMuxing(org.mp4parser.streaming.output.mp4.StandardMp4WriterTest): C:\dev\mp4parser\out.264 (No such file or directory)

Tests run: 5, Failures: 0, Errors: 1, Skipped: 0

[INFO] ------------------------------------------------------------------------
[INFO] Reactor Summary:
[INFO] 
[INFO] ISO Parser ......................................... SUCCESS [  6.153 s]
[INFO] File Muxer ......................................... SUCCESS [  2.919 s]
[INFO] Stream Muxer ....................................... FAILURE [  0.827 s]
[INFO] MP4 Parser Project ................................. SKIPPED
[INFO] ISO Parser Examples ................................ SKIPPED
[INFO] ------------------------------------------------------------------------
[INFO] BUILD FAILURE
[INFO] ------------------------------------------------------------------------
[INFO] Total time: 10.051 s
[INFO] Finished at: 2015-10-22T13:22:57+00:00
[INFO] Final Memory: 15M/451M
[INFO] ------------------------------------------------------------------------
[ERROR] Failed to execute goal org.apache.maven.plugins:maven-surefire-plugin:2.12.4:test (default-test) on project streaming: There are test failures.
[ERROR] 
[ERROR] Please refer to /home/travis/build/sannies/mp4parser/streaming/target/surefire-reports for the individual test results.
[ERROR] -> [Help 1]
[ERROR] 
[ERROR] To see the full stack trace of the errors, re-run Maven with the -e switch.
[ERROR] Re-run Maven using the -X switch to enable full debug logging.
[ERROR] 
[ERROR] For more information about the errors and possible solutions, please read the following articles:
[ERROR] [Help 1] http://cwiki.apache.org/confluence/display/MAVEN/MojoFailureException
[ERROR] 
[ERROR] After correcting the problems, you can resume the build with the command
[ERROR]   mvn <goals> -rf :streaming
travis_time:end:2df03064:start=1445520166063921261,finish=1445520177820002930,duration=11756081669[0K
[31;1mThe command "mvn test -B" exited with 1.[0m

Done. Your build exited with 1.
