Using worker: worker-linux-docker-67d28fe3.prod.travis-ci.org:travis-linux-9

travis_fold:start:system_info[0K[33;1mBuild system information[0m
Build language: java
Build group: stable
Build dist: precise
[34m[1mBuild image provisioning date and time[0m
Thu Feb  5 15:09:33 UTC 2015
[34m[1mOperating System Details[0m
Distributor ID:	Ubuntu
Description:	Ubuntu 12.04.5 LTS
Release:	12.04
Codename:	precise
[34m[1mLinux Version[0m
3.13.0-29-generic
[34m[1mCookbooks Version[0m
a68419e https://github.com/travis-ci/travis-cookbooks/tree/a68419e
[34m[1mGCC version[0m
gcc (Ubuntu/Linaro 4.6.3-1ubuntu5) 4.6.3
Copyright (C) 2011 Free Software Foundation, Inc.
This is free software; see the source for copying conditions.  There is NO
warranty; not even for MERCHANTABILITY or FITNESS FOR A PARTICULAR PURPOSE.

[34m[1mLLVM version[0m
clang version 3.4 (tags/RELEASE_34/final)
Target: x86_64-unknown-linux-gnu
Thread model: posix
[34m[1mPre-installed Ruby versions[0m
ruby-1.9.3-p551
[34m[1mPre-installed Node.js versions[0m
v0.10.36
[34m[1mPre-installed Go versions[0m
1.4.1
[34m[1mRedis version[0m
redis-server 2.8.19
[34m[1mriak version[0m
2.0.2
[34m[1mMongoDB version[0m
MongoDB 2.4.12
[34m[1mCouchDB version[0m
couchdb 1.6.1
[34m[1mNeo4j version[0m
1.9.4
[34m[1mRabbitMQ Version[0m
3.4.3
[34m[1mElasticSearch version[0m
1.4.0
[34m[1mInstalled Sphinx versions[0m
2.0.10
2.1.9
2.2.6
[34m[1mDefault Sphinx version[0m
2.2.6
[34m[1mInstalled Firefox version[0m
firefox 31.0esr
[34m[1mPhantomJS version[0m
1.9.8
[34m[1mant -version[0m
Apache Ant(TM) version 1.8.2 compiled on December 3 2011
[34m[1mmvn -version[0m
Apache Maven 3.2.5 (12a6b3acb947671f09b81f49094c53f426d8cea1; 2014-12-14T17:29:23+00:00)
Maven home: /usr/local/maven
Java version: 1.7.0_76, vendor: Oracle Corporation
Java home: /usr/lib/jvm/java-7-oracle/jre
Default locale: en_US, platform encoding: ANSI_X3.4-1968
OS name: "linux", version: "3.13.0-29-generic", arch: "amd64", family: "unix"
travis_fold:end:system_info[0K
travis_fold:start:fix.CVE-2015-7547[0K$ export DEBIAN_FRONTEND=noninteractive
W: Size of file /var/lib/apt/lists/us.archive.ubuntu.com_ubuntu_dists_precise-backports_multiverse_source_Sources.gz is not what the server reported 5886 5888
W: Size of file /var/lib/apt/lists/ppa.launchpad.net_ubuntugis_ppa_ubuntu_dists_precise_main_binary-amd64_Packages.gz is not what the server reported 36669 36677
W: Size of file /var/lib/apt/lists/ppa.launchpad.net_ubuntugis_ppa_ubuntu_dists_precise_main_binary-i386_Packages.gz is not what the server reported 36729 36733
Reading package lists...
Building dependency tree...
Reading state information...
The following extra packages will be installed:
  libc-bin libc-dev-bin libc6-dev
Suggested packages:
  glibc-doc
The following packages will be upgraded:
  libc-bin libc-dev-bin libc6 libc6-dev
4 upgraded, 0 newly installed, 0 to remove and 236 not upgraded.
Need to get 8,844 kB of archives.
After this operation, 9,216 B disk space will be freed.
Get:1 http://us.archive.ubuntu.com/ubuntu/ precise-updates/main libc6-dev amd64 2.15-0ubuntu10.13 [2,943 kB]
Get:2 http://us.archive.ubuntu.com/ubuntu/ precise-updates/main libc-dev-bin amd64 2.15-0ubuntu10.13 [84.7 kB]
Get:3 http://us.archive.ubuntu.com/ubuntu/ precise-updates/main libc-bin amd64 2.15-0ubuntu10.13 [1,179 kB]
Get:4 http://us.archive.ubuntu.com/ubuntu/ precise-updates/main libc6 amd64 2.15-0ubuntu10.13 [4,637 kB]
Fetched 8,844 kB in 6s (1,316 kB/s)
Preconfiguring packages ...
(Reading database ... (Reading database ... 5%(Reading database ... 10%(Reading database ... 15%(Reading database ... 20%(Reading database ... 25%(Reading database ... 30%(Reading database ... 35%(Reading database ... 40%(Reading database ... 45%(Reading database ... 50%(Reading database ... 55%(Reading database ... 60%(Reading database ... 65%(Reading database ... 70%(Reading database ... 75%(Reading database ... 80%(Reading database ... 85%(Reading database ... 90%(Reading database ... 95%(Reading database ... 100%(Reading database ... 72019 files and directories currently installed.)
Preparing to replace libc6-dev 2.15-0ubuntu10.10 (using .../libc6-dev_2.15-0ubuntu10.13_amd64.deb) ...
Unpacking replacement libc6-dev ...
Preparing to replace libc-dev-bin 2.15-0ubuntu10.10 (using .../libc-dev-bin_2.15-0ubuntu10.13_amd64.deb) ...
Unpacking replacement libc-dev-bin ...
Preparing to replace libc-bin 2.15-0ubuntu10.10 (using .../libc-bin_2.15-0ubuntu10.13_amd64.deb) ...
Unpacking replacement libc-bin ...
Processing triggers for man-db ...
Setting up libc-bin (2.15-0ubuntu10.13) ...
(Reading database ... (Reading database ... 5%(Reading database ... 10%(Reading database ... 15%(Reading database ... 20%(Reading database ... 25%(Reading database ... 30%(Reading database ... 35%(Reading database ... 40%(Reading database ... 45%(Reading database ... 50%(Reading database ... 55%(Reading database ... 60%(Reading database ... 65%(Reading database ... 70%(Reading database ... 75%(Reading database ... 80%(Reading database ... 85%(Reading database ... 90%(Reading database ... 95%(Reading database ... 100%(Reading database ... 72019 files and directories currently installed.)
Preparing to replace libc6 2.15-0ubuntu10.10 (using .../libc6_2.15-0ubuntu10.13_amd64.deb) ...
Unpacking replacement libc6 ...
Setting up libc6 (2.15-0ubuntu10.13) ...
Setting up libc-dev-bin (2.15-0ubuntu10.13) ...
Setting up libc6-dev (2.15-0ubuntu10.13) ...
Processing triggers for libc-bin ...
ldconfig deferred processing now taking place
travis_fold:end:fix.CVE-2015-7547[0Ktravis_fold:start:git.checkout[0Ktravis_time:start:1a825c8a[0K$ git clone --depth=50 --branch=tstz_getstring https://github.com/pgjdbc/pgjdbc.git pgjdbc/pgjdbc
Cloning into 'pgjdbc/pgjdbc'...
remote: Counting objects: 1696, done.[K
remote: Compressing objects:   0% (1/851)   [Kremote: Compressing objects:   1% (9/851)   [Kremote: Compressing objects:   2% (18/851)   [Kremote: Compressing objects:   3% (26/851)   [Kremote: Compressing objects:   4% (35/851)   [Kremote: Compressing objects:   5% (43/851)   [Kremote: Compressing objects:   6% (52/851)   [Kremote: Compressing objects:   7% (60/851)   [Kremote: Compressing objects:   8% (69/851)   [Kremote: Compressing objects:   9% (77/851)   [Kremote: Compressing objects:  10% (86/851)   [Kremote: Compressing objects:  11% (94/851)   [Kremote: Compressing objects:  12% (103/851)   [Kremote: Compressing objects:  13% (111/851)   [Kremote: Compressing objects:  14% (120/851)   [Kremote: Compressing objects:  15% (128/851)   [Kremote: Compressing objects:  16% (137/851)   [Kremote: Compressing objects:  17% (145/851)   [Kremote: Compressing objects:  18% (154/851)   [Kremote: Compressing objects:  19% (162/851)   [Kremote: Compressing objects:  20% (171/851)   [Kremote: Compressing objects:  21% (179/851)   [Kremote: Compressing objects:  22% (188/851)   [Kremote: Compressing objects:  23% (196/851)   [Kremote: Compressing objects:  24% (205/851)   [Kremote: Compressing objects:  25% (213/851)   [Kremote: Compressing objects:  26% (222/851)   [Kremote: Compressing objects:  27% (230/851)   [Kremote: Compressing objects:  28% (239/851)   [Kremote: Compressing objects:  29% (247/851)   [Kremote: Compressing objects:  30% (256/851)   [Kremote: Compressing objects:  31% (264/851)   [Kremote: Compressing objects:  32% (273/851)   [Kremote: Compressing objects:  33% (281/851)   [Kremote: Compressing objects:  34% (290/851)   [Kremote: Compressing objects:  35% (298/851)   [Kremote: Compressing objects:  36% (307/851)   [Kremote: Compressing objects:  37% (315/851)   [Kremote: Compressing objects:  38% (324/851)   [Kremote: Compressing objects:  39% (332/851)   [Kremote: Compressing objects:  40% (341/851)   [Kremote: Compressing objects:  41% (349/851)   [Kremote: Compressing objects:  42% (358/851)   [Kremote: Compressing objects:  43% (366/851)   [Kremote: Compressing objects:  44% (375/851)   [Kremote: Compressing objects:  45% (383/851)   [Kremote: Compressing objects:  46% (392/851)   [Kremote: Compressing objects:  47% (400/851)   [Kremote: Compressing objects:  48% (409/851)   [Kremote: Compressing objects:  49% (417/851)   [Kremote: Compressing objects:  50% (426/851)   [Kremote: Compressing objects:  51% (435/851)   [Kremote: Compressing objects:  52% (443/851)   [Kremote: Compressing objects:  53% (452/851)   [Kremote: Compressing objects:  54% (460/851)   [Kremote: Compressing objects:  55% (469/851)   [Kremote: Compressing objects:  56% (477/851)   [Kremote: Compressing objects:  57% (486/851)   [Kremote: Compressing objects:  58% (494/851)   [Kremote: Compressing objects:  59% (503/851)   [Kremote: Compressing objects:  60% (511/851)   [Kremote: Compressing objects:  61% (520/851)   [Kremote: Compressing objects:  62% (528/851)   [Kremote: Compressing objects:  63% (537/851)   [Kremote: Compressing objects:  64% (545/851)   [Kremote: Compressing objects:  65% (554/851)   [Kremote: Compressing objects:  66% (562/851)   [Kremote: Compressing objects:  67% (571/851)   [Kremote: Compressing objects:  68% (579/851)   [Kremote: Compressing objects:  69% (588/851)   [Kremote: Compressing objects:  70% (596/851)   [Kremote: Compressing objects:  71% (605/851)   [Kremote: Compressing objects:  72% (613/851)   [Kremote: Compressing objects:  73% (622/851)   [Kremote: Compressing objects:  74% (630/851)   [Kremote: Compressing objects:  75% (639/851)   [Kremote: Compressing objects:  76% (647/851)   [Kremote: Compressing objects:  77% (656/851)   [Kremote: Compressing objects:  78% (664/851)   [Kremote: Compressing objects:  79% (673/851)   [Kremote: Compressing objects:  80% (681/851)   [Kremote: Compressing objects:  81% (690/851)   [Kremote: Compressing objects:  82% (698/851)   [Kremote: Compressing objects:  83% (707/851)   [Kremote: Compressing objects:  84% (715/851)   [Kremote: Compressing objects:  85% (724/851)   [Kremote: Compressing objects:  86% (732/851)   [Kremote: Compressing objects:  87% (741/851)   [Kremote: Compressing objects:  88% (749/851)   [Kremote: Compressing objects:  89% (758/851)   [Kremote: Compressing objects:  90% (766/851)   [Kremote: Compressing objects:  91% (775/851)   [Kremote: Compressing objects:  92% (783/851)   [Kremote: Compressing objects:  93% (792/851)   [Kremote: Compressing objects:  94% (800/851)   [Kremote: Compressing objects:  95% (809/851)   [Kremote: Compressing objects:  96% (817/851)   [Kremote: Compressing objects:  97% (826/851)   [Kremote: Compressing objects:  98% (834/851)   [Kremote: Compressing objects:  99% (843/851)   [Kremote: Compressing objects: 100% (851/851)   [Kremote: Compressing objects: 100% (851/851), done.[K
Receiving objects:   0% (1/1696)   Receiving objects:   1% (17/1696)   Receiving objects:   2% (34/1696)   Receiving objects:   3% (51/1696)   Receiving objects:   4% (68/1696)   Receiving objects:   5% (85/1696)   Receiving objects:   6% (102/1696)   Receiving objects:   7% (119/1696)   Receiving objects:   8% (136/1696)   Receiving objects:   9% (153/1696)   Receiving objects:  10% (170/1696)   Receiving objects:  11% (187/1696)   Receiving objects:  12% (204/1696)   Receiving objects:  13% (221/1696)   Receiving objects:  14% (238/1696)   Receiving objects:  15% (255/1696)   Receiving objects:  16% (272/1696)   Receiving objects:  17% (289/1696)   Receiving objects:  18% (306/1696)   Receiving objects:  19% (323/1696)   Receiving objects:  20% (340/1696)   Receiving objects:  21% (357/1696)   Receiving objects:  22% (374/1696)   Receiving objects:  23% (391/1696)   Receiving objects:  24% (408/1696)   Receiving objects:  25% (424/1696)   Receiving objects:  26% (441/1696)   Receiving objects:  27% (458/1696)   Receiving objects:  28% (475/1696)   Receiving objects:  29% (492/1696)   Receiving objects:  30% (509/1696)   Receiving objects:  31% (526/1696)   Receiving objects:  32% (543/1696)   Receiving objects:  33% (560/1696)   Receiving objects:  34% (577/1696)   Receiving objects:  35% (594/1696)   Receiving objects:  36% (611/1696)   Receiving objects:  37% (628/1696)   Receiving objects:  38% (645/1696)   Receiving objects:  39% (662/1696)   Receiving objects:  40% (679/1696)   Receiving objects:  41% (696/1696)   Receiving objects:  42% (713/1696)   Receiving objects:  43% (730/1696)   Receiving objects:  44% (747/1696)   Receiving objects:  45% (764/1696)   Receiving objects:  46% (781/1696)   Receiving objects:  47% (798/1696)   Receiving objects:  48% (815/1696)   Receiving objects:  49% (832/1696)   Receiving objects:  50% (848/1696)   Receiving objects:  51% (865/1696)   Receiving objects:  52% (882/1696)   Receiving objects:  53% (899/1696)   Receiving objects:  54% (916/1696)   Receiving objects:  55% (933/1696)   Receiving objects:  56% (950/1696)   Receiving objects:  57% (967/1696)   Receiving objects:  58% (984/1696)   Receiving objects:  59% (1001/1696)   Receiving objects:  60% (1018/1696)   Receiving objects:  61% (1035/1696)   Receiving objects:  62% (1052/1696)   Receiving objects:  63% (1069/1696)   Receiving objects:  64% (1086/1696)   Receiving objects:  65% (1103/1696)   Receiving objects:  66% (1120/1696)   Receiving objects:  67% (1137/1696)   Receiving objects:  68% (1154/1696)   Receiving objects:  69% (1171/1696)   Receiving objects:  70% (1188/1696)   Receiving objects:  71% (1205/1696)   Receiving objects:  72% (1222/1696)   Receiving objects:  73% (1239/1696)   Receiving objects:  74% (1256/1696)   Receiving objects:  75% (1272/1696)   Receiving objects:  76% (1289/1696)   Receiving objects:  77% (1306/1696)   Receiving objects:  78% (1323/1696)   Receiving objects:  79% (1340/1696)   Receiving objects:  80% (1357/1696)   Receiving objects:  81% (1374/1696)   Receiving objects:  82% (1391/1696)   Receiving objects:  83% (1408/1696)   Receiving objects:  84% (1425/1696)   Receiving objects:  85% (1442/1696)   Receiving objects:  86% (1459/1696)   Receiving objects:  87% (1476/1696)   Receiving objects:  88% (1493/1696)   Receiving objects:  89% (1510/1696)   Receiving objects:  90% (1527/1696)   Receiving objects:  91% (1544/1696)   Receiving objects:  92% (1561/1696)   Receiving objects:  93% (1578/1696)   Receiving objects:  94% (1595/1696)   Receiving objects:  95% (1612/1696)   Receiving objects:  96% (1629/1696)   Receiving objects:  97% (1646/1696)   remote: Total 1696 (delta 908), reused 1237 (delta 687), pack-reused 0[K
Receiving objects:  98% (1663/1696)   Receiving objects:  99% (1680/1696)   Receiving objects: 100% (1696/1696)   Receiving objects: 100% (1696/1696), 1.41 MiB | 0 bytes/s, done.
Resolving deltas:   0% (0/908)   Resolving deltas:   5% (49/908)   Resolving deltas:   7% (71/908)   Resolving deltas:   8% (74/908)   Resolving deltas:  10% (98/908)   Resolving deltas:  11% (101/908)   Resolving deltas:  12% (109/908)   Resolving deltas:  13% (124/908)   Resolving deltas:  14% (128/908)   Resolving deltas:  15% (138/908)   Resolving deltas:  16% (147/908)   Resolving deltas:  17% (155/908)   Resolving deltas:  18% (164/908)   Resolving deltas:  19% (174/908)   Resolving deltas:  20% (185/908)   Resolving deltas:  21% (191/908)   Resolving deltas:  23% (210/908)   Resolving deltas:  25% (229/908)   Resolving deltas:  26% (240/908)   Resolving deltas:  27% (249/908)   Resolving deltas:  28% (257/908)   Resolving deltas:  30% (274/908)   Resolving deltas:  31% (282/908)   Resolving deltas:  32% (294/908)   Resolving deltas:  33% (303/908)   Resolving deltas:  34% (310/908)   Resolving deltas:  35% (319/908)   Resolving deltas:  36% (328/908)   Resolving deltas:  37% (343/908)   Resolving deltas:  38% (348/908)   Resolving deltas:  39% (356/908)   Resolving deltas:  40% (369/908)   Resolving deltas:  41% (377/908)   Resolving deltas:  42% (389/908)   Resolving deltas:  43% (393/908)   Resolving deltas:  44% (406/908)   Resolving deltas:  45% (415/908)   Resolving deltas:  46% (418/908)   Resolving deltas:  47% (430/908)   Resolving deltas:  48% (436/908)   Resolving deltas:  49% (447/908)   Resolving deltas:  50% (456/908)   Resolving deltas:  51% (464/908)   Resolving deltas:  53% (484/908)   Resolving deltas:  54% (494/908)   Resolving deltas:  55% (502/908)   Resolving deltas:  56% (510/908)   Resolving deltas:  57% (519/908)   Resolving deltas:  58% (528/908)   Resolving deltas:  59% (536/908)   Resolving deltas:  60% (545/908)   Resolving deltas:  61% (556/908)   Resolving deltas:  62% (563/908)   Resolving deltas:  63% (574/908)   Resolving deltas:  65% (599/908)   Resolving deltas:  66% (603/908)   Resolving deltas:  67% (615/908)   Resolving deltas:  68% (618/908)   Resolving deltas:  69% (628/908)   Resolving deltas:  70% (637/908)   Resolving deltas:  71% (645/908)   Resolving deltas:  72% (657/908)   Resolving deltas:  73% (667/908)   Resolving deltas:  74% (673/908)   Resolving deltas:  75% (683/908)   Resolving deltas:  77% (704/908)   Resolving deltas:  78% (709/908)   Resolving deltas:  79% (719/908)   Resolving deltas:  80% (733/908)   Resolving deltas:  81% (737/908)   Resolving deltas:  82% (745/908)   Resolving deltas:  83% (754/908)   Resolving deltas:  84% (765/908)   Resolving deltas:  85% (773/908)   Resolving deltas:  86% (781/908)   Resolving deltas:  87% (790/908)   Resolving deltas:  88% (803/908)   Resolving deltas:  89% (811/908)   Resolving deltas:  90% (818/908)   Resolving deltas:  91% (827/908)   Resolving deltas:  92% (838/908)   Resolving deltas:  93% (846/908)   Resolving deltas:  94% (854/908)   Resolving deltas:  95% (864/908)   Resolving deltas:  96% (874/908)   Resolving deltas:  97% (881/908)   Resolving deltas:  98% (890/908)   Resolving deltas:  99% (899/908)   Resolving deltas: 100% (908/908)   Resolving deltas: 100% (908/908), done.
Checking connectivity... done.

travis_time:end:1a825c8a:start=1458638860106682087,finish=1458638860928573967,duration=821891880[0K$ cd pgjdbc/pgjdbc
$ git checkout -qf 7b6489342277cee7b418bb009bfcaa12c56f2ef6
travis_fold:end:git.checkout[0Ktravis_fold:start:postgresql[0K[33;1mStarting PostgreSQL v9.3[0m
travis_time:start:054851d8[0K$ sudo service postgresql stop
 * Stopping PostgreSQL 9.1 database server       [80G [74G[ OK ]
 * Stopping PostgreSQL 9.2 database server       [80G [74G[ OK ]
 * Stopping PostgreSQL 9.3 database server       [80G [74G[ OK ]
 * Stopping PostgreSQL 9.4 database server       [80G [74G[ OK ]

travis_time:end:054851d8:start=1458638860979060104,finish=1458638862278876780,duration=1299816676[0Ktravis_time:start:0aa455d7[0K$ sudo service postgresql start 9.3
 * Starting PostgreSQL 9.3 database server       [80G [74G[ OK ]

travis_time:end:0aa455d7:start=1458638862282434204,finish=1458638865144559082,duration=2862124878[0Ktravis_time:start:05663fbe[0K$ sudo -u postgres createuser -s -p 5432 travis &>/dev/null

travis_time:end:05663fbe:start=1458638865148278978,finish=1458638865202809287,duration=54530309[0Ktravis_time:start:05fb8918[0K$ sudo -u postgres createdb -O travis -p 5432 travis &>/dev/null

travis_time:end:05fb8918:start=1458638865206256133,finish=1458638865461875832,duration=255619699[0Ktravis_time:start:02e3cee8[0K$ sudo -u postgres createuser -s -p 5433 travis &>/dev/null

travis_time:end:02e3cee8:start=1458638865465532808,finish=1458638865506082624,duration=40549816[0Ktravis_time:start:104d88a1[0K$ sudo -u postgres createdb -O travis -p 5433 travis &>/dev/null

travis_time:end:104d88a1:start=1458638865509542096,finish=1458638865548605079,duration=39062983[0Ktravis_fold:end:postgresql[0K
[33;1mThis job is running on container-based infrastructure, which does not allow use of 'sudo', setuid and setguid executables.[0m
[33;1mIf you require sudo, add 'sudo: required' to your .travis.yml[0m
[33;1mSee https://docs.travis-ci.com/user/workers/container-based-infrastructure/ for details.[0m

[33;1mSetting environment variables from .travis.yml[0m
$ export SONATYPE_USERNAME=[secure]
$ export SONATYPE_PASSWORD=[secure]
$ export PG_VERSION=9.3

$ jdk_switcher use oraclejdk8
Switching to Oracle JDK8 (java-8-oracle), JAVA_HOME will be set to /usr/lib/jvm/java-8-oracle
travis_fold:start:cache.1[0KSetting up build cache
$ export CASHER_DIR=$HOME/.casher
travis_time:start:0be873c6[0K$ Installing caching utilities

travis_time:end:0be873c6:start=1458638867122233001,finish=1458638867220880544,duration=98647543[0Ktravis_time:start:0b5f55d2[0K
travis_time:end:0b5f55d2:start=1458638867225395864,finish=1458638867228505793,duration=3109929[0Ktravis_time:start:15c17736[0K[32;1mattempting to download cache archive[0m
[32;1mfetching tstz_getstring/cache--jdk-oraclejdk8.tgz[0m
[32;1mfound cache[0m

travis_time:end:15c17736:start=1458638867232186876,finish=1458638868335068215,duration=1102881339[0Ktravis_time:start:0987b37a[0K
travis_time:end:0987b37a:start=1458638868338868668,finish=1458638868342193203,duration=3324535[0Ktravis_time:start:0944352a[0K[32;1madding /home/travis/.m2/repository to cache[0m

travis_time:end:0944352a:start=1458638868345833885,finish=1458638869745855423,duration=1400021538[0Ktravis_fold:end:cache.1[0K$ java -Xmx32m -version
java version "1.8.0_31"
Java(TM) SE Runtime Environment (build 1.8.0_31-b13)
Java HotSpot(TM) 64-Bit Server VM (build 25.31-b07, mixed mode)
$ javac -J-Xmx32m -version
javac 1.8.0_31
travis_fold:start:install[0Ktravis_time:start:027ac98b[0K$ true

travis_time:end:027ac98b:start=1458638870445919542,finish=1458638870448975916,duration=3056374[0Ktravis_fold:end:install[0Ktravis_fold:start:before_script.1[0Ktravis_time:start:01bdfac4[0K$ test "x$XA" == 'x' || ./travis_install_dependencies.sh

travis_time:end:01bdfac4:start=1458638870452835833,finish=1458638870455804384,duration=2968551[0Ktravis_fold:end:before_script.1[0Ktravis_fold:start:before_script.2[0Ktravis_time:start:021014e1[0K$ psql -U postgres -c "create user test with password 'test';"
CREATE ROLE

travis_time:end:021014e1:start=1458638870459710689,finish=1458638870469583030,duration=9872341[0Ktravis_fold:end:before_script.2[0Ktravis_fold:start:before_script.3[0Ktravis_time:start:26c71a4d[0K$ psql -c 'create database test owner test;' -U postgres
CREATE DATABASE

travis_time:end:26c71a4d:start=1458638870473501985,finish=1458638870695918186,duration=222416201[0Ktravis_fold:end:before_script.3[0Ktravis_fold:start:before_script.4[0Ktravis_time:start:01724c9d[0K$ echo "MAVEN_OPTS='-Xmx1g -Dgpg.skip=true'" > ~/.mavenrc

travis_time:end:01724c9d:start=1458638870699929679,finish=1458638870703181334,duration=3251655[0Ktravis_fold:end:before_script.4[0Ktravis_fold:start:before_script.5[0Ktravis_time:start:05eb44da[0K$ test "x$PG_VERSION" == 'x' || test $PG_VERSION == '8.4' || test $PG_VERSION == '9.0' || psql test -c 'CREATE EXTENSION hstore;' -U postgres
CREATE EXTENSION

travis_time:end:05eb44da:start=1458638870707458242,finish=1458638870734542449,duration=27084207[0Ktravis_fold:end:before_script.5[0Ktravis_fold:start:before_script.6[0Ktravis_time:start:0334278c[0K$ test "x$PG_VERSION" == 'x' || test $PG_VERSION != '8.4' || createlang -U postgres plpgsql test

travis_time:end:0334278c:start=1458638870738637211,finish=1458638870741847726,duration=3210515[0Ktravis_fold:end:before_script.6[0Ktravis_time:start:01048fd8[0K$ rm -rf $HOME/.m2/repository/org/postgresql || true

travis_time:end:01048fd8:start=1458638870745944194,finish=1458638870750028085,duration=4083891[0K
[32;1mThe command "rm -rf $HOME/.m2/repository/org/postgresql || true" exited with 0.[0m
travis_time:start:1afdbb44[0K$ export JDK6_HOME=$(jdk_switcher home openjdk6)

travis_time:end:1afdbb44:start=1458638870754553375,finish=1458638870758631537,duration=4078162[0K
[32;1mThe command "export JDK6_HOME=$(jdk_switcher home openjdk6)" exited with 0.[0m
travis_time:start:08de8c52[0K$ export JDK7_HOME=$(jdk_switcher home openjdk7)

travis_time:end:08de8c52:start=1458638870762823646,finish=1458638870766940131,duration=4116485[0K
[32;1mThe command "export JDK7_HOME=$(jdk_switcher home openjdk7)" exited with 0.[0m
travis_time:start:1c130157[0K$ export JDK8_HOME=$(jdk_switcher home oraclejdk8)

travis_time:end:1c130157:start=1458638870771165522,finish=1458638870775260553,duration=4095031[0K
[32;1mThe command "export JDK8_HOME=$(jdk_switcher home oraclejdk8)" exited with 0.[0m
travis_time:start:16d2d532[0K$ envsubst < toolchains.xml > ~/.m2/toolchains.xml

travis_time:end:16d2d532:start=1458638870779304998,finish=1458638870784045635,duration=4740637[0K
[32;1mThe command "envsubst < toolchains.xml > ~/.m2/toolchains.xml" exited with 0.[0m
travis_time:start:0a904898[0K$ ./travis_build.sh
+MVN_ARGS='clean package -B -V'
+MVN_PROFILES=release
+[[ '' == *\Y* ]]
+[[ oraclejdk8 == *\j\d\k\6* ]]
+[[ oraclejdk8 == *\j\d\k\7* ]]
+'[' 9.3 == 9.4 ']'
+mvn clean package -B -V -P release
Apache Maven 3.2.5 (12a6b3acb947671f09b81f49094c53f426d8cea1; 2014-12-14T17:29:23+00:00)
Maven home: /usr/local/maven
Java version: 1.8.0_31, vendor: Oracle Corporation
Java home: /usr/lib/jvm/java-8-oracle/jre
Default locale: en_US, platform encoding: UTF-8
OS name: "linux", version: "3.13.0-40-generic", arch: "amd64", family: "unix"
[INFO] Scanning for projects...
[INFO] Downloading: http://repo.maven.apache.org/maven2/org/postgresql/pgjdbc-versions/1.0.5/pgjdbc-versions-1.0.5.pom
[INFO] Downloaded: http://repo.maven.apache.org/maven2/org/postgresql/pgjdbc-versions/1.0.5/pgjdbc-versions-1.0.5.pom (21 KB at 80.0 KB/sec)
[INFO] Downloading: http://repo.maven.apache.org/maven2/org/postgresql/pgjdbc-core-parent/1.0.5/pgjdbc-core-parent-1.0.5.pom
[INFO] Downloaded: http://repo.maven.apache.org/maven2/org/postgresql/pgjdbc-core-parent/1.0.5/pgjdbc-core-parent-1.0.5.pom (15 KB at 280.7 KB/sec)
[INFO] Downloading: http://repo.maven.apache.org/maven2/org/postgresql/pgjdbc-versions/1.0.4/pgjdbc-versions-1.0.4.pom
[INFO] Downloaded: http://repo.maven.apache.org/maven2/org/postgresql/pgjdbc-versions/1.0.4/pgjdbc-versions-1.0.4.pom (22 KB at 726.5 KB/sec)
[INFO] ------------------------------------------------------------------------
[INFO] Reactor Build Order:
[INFO] 
[INFO] PostgreSQL JDBC Driver - JDBC 4.2
[INFO] PostgreSQL JDBC Driver - benchmarks
[INFO] PostgreSQL JDBC Driver aggregate
[INFO]                                                                         
[INFO] ------------------------------------------------------------------------
[INFO] Building PostgreSQL JDBC Driver - JDBC 4.2 9.4.1209-SNAPSHOT
[INFO] ------------------------------------------------------------------------
[INFO] 
[INFO] --- maven-clean-plugin:2.5:clean (default-clean) @ postgresql ---
[INFO] 
[INFO] --- maven-enforcer-plugin:1.3.1:enforce (enforce-java) @ postgresql ---
[INFO] Skipping Rule Enforcement.
[INFO] 
[INFO] --- maven-toolchains-plugin:1.1:toolchain (default) @ postgresql ---
[INFO] Required toolchain: jdk [ version='1.8' ]
[INFO] Found matching toolchain for type jdk: JDK[/usr/lib/jvm/java-8-oracle]
[INFO] 
[INFO] --- build-helper-maven-plugin:1.5:parse-version (parse-version) @ postgresql ---
[INFO] 
[INFO] --- properties-maven-plugin:1.0-alpha-2:read-project-properties (default) @ postgresql ---
[WARNING] Ignoring missing properties file: /home/travis/build/pgjdbc/pgjdbc/pgjdbc/../build.local.properties
[INFO] 
[INFO] --- maven-antrun-plugin:1.7:run (create-unzipjdkant.xml) @ postgresql ---
[INFO] Executing tasks

main:
     [echo] Generating /home/travis/build/pgjdbc/pgjdbc/pgjdbc/target/unzip-jdk-ant.xml
[INFO] Executed tasks
[INFO] 
[INFO] --- exec-maven-plugin:1.4.0:exec (unzip-jdk-src) @ postgresql ---
[INFO] skipping execute as per configuraion
[INFO] 
[INFO] --- jcp:6.0.1:preprocess (preprocessSources) @ postgresql ---
[INFO] Added MAVEN property mvn.project.name=PostgreSQL JDBC Driver - JDBC 4.2
[INFO] Added MAVEN property mvn.project.version=9.4.1209-SNAPSHOT
[INFO] Added MAVEN property mvn.project.url=https://github.com/pgjdbc/pgjdbc
[INFO] Added MAVEN property mvn.project.packaging=bundle
[INFO] Added MAVEN property mvn.project.modelversion=4.0.0
[INFO] Added MAVEN property mvn.project.inceptionyear=
[INFO] Added MAVEN property mvn.project.id=org.postgresql:postgresql:bundle:9.4.1209-SNAPSHOT
[INFO] Added MAVEN property mvn.project.groupid=org.postgresql
[INFO] Added MAVEN property mvn.project.description=Java JDBC 4.2 (JRE 8+) driver for PostgreSQL database
[INFO] Added MAVEN property mvn.project.artifact.id=org.postgresql:postgresql:bundle:9.4.1209-SNAPSHOT
[INFO] Added MAVEN property mvn.project.artifact.artifactid=postgresql
[INFO] Added MAVEN property mvn.project.artifact.baseversion=9.4.1209-SNAPSHOT
[INFO] Added MAVEN property mvn.project.artifact.dependencyconflictid=org.postgresql:postgresql:bundle
[INFO] Added MAVEN property mvn.project.artifact.downloadurl=
[INFO] Added MAVEN property mvn.project.artifact.groupid=org.postgresql
[INFO] Added MAVEN property mvn.project.artifact.scope=
[INFO] Added MAVEN property mvn.project.artifact.type=bundle
[INFO] Added MAVEN property mvn.project.artifact.version=9.4.1209-SNAPSHOT
[INFO] Added MAVEN property mvn.project.build.directory=/home/travis/build/pgjdbc/pgjdbc/pgjdbc/target
[INFO] Added MAVEN property mvn.project.build.defaultgoal=
[INFO] Added MAVEN property mvn.project.build.outputdirectory=/home/travis/build/pgjdbc/pgjdbc/pgjdbc/target/classes
[INFO] Added MAVEN property mvn.project.build.scriptsourcedirectory=/home/travis/build/pgjdbc/pgjdbc/pgjdbc/src/main/scripts
[INFO] Added MAVEN property mvn.project.build.sourcedirectory=/home/travis/build/pgjdbc/pgjdbc/pgjdbc/src/main/java
[INFO] Added MAVEN property mvn.project.build.testoutputdirectory=/home/travis/build/pgjdbc/pgjdbc/pgjdbc/target/test-classes
[INFO] Added MAVEN property mvn.project.build.testsourcedirectory=/home/travis/build/pgjdbc/pgjdbc/pgjdbc/src/test/java
[INFO] Added MAVEN property mvn.project.organization.name=PostgreSQL Global Development Group
[INFO] Added MAVEN property mvn.project.organization.url=http://jdbc.postgresql.org/
[INFO] Added MAVEN property mvn.project.activeprofiles=standard-with-extra-repos
[INFO] Added MAVEN property mvn.project.property.jdbc.specification.version.nodot=42
[INFO] Added MAVEN property mvn.project.property.password=***** [hidden because may contain private info]
[INFO] Added MAVEN property mvn.project.property.preparethreshold=5
[INFO] Added MAVEN property mvn.project.property.parsedversion.osgiversion=9.4.1209.SNAPSHOT
[INFO] Added MAVEN property mvn.project.property.postgresql.preprocessed.sources.directory=/home/travis/build/pgjdbc/pgjdbc/pgjdbc/target/gen-src
[INFO] Added MAVEN property mvn.project.property.postgresql.driver.fullversion=PostgreSQL JDBC4.2
[INFO] Added MAVEN property mvn.project.property.username=test
[INFO] Added MAVEN property mvn.project.property.parsedversion.incrementalversion=1209
[INFO] Added MAVEN property mvn.project.property.protocolversion=0
[INFO] Added MAVEN property mvn.project.property.parsedversion.buildnumber=0
[INFO] Added MAVEN property mvn.project.property.javac.target=1.8
[INFO] Added MAVEN property mvn.project.property.project.build.sourceencoding=UTF-8
[INFO] Added MAVEN property mvn.project.property.postgresql.jdbc.spec=JDBC4.2
[INFO] Added MAVEN property mvn.project.property.parsedversion.minorversion=4
[INFO] Added MAVEN property mvn.project.property.port=5432
[INFO] Added MAVEN property mvn.project.property.unzip.jdk.ant.build.xml=/home/travis/build/pgjdbc/pgjdbc/pgjdbc/target/unzip-jdk-ant.xml
[INFO] Added MAVEN property mvn.project.property.skip.assembly=false
[INFO] Added MAVEN property mvn.project.property.database=test
[INFO] Added MAVEN property mvn.project.property.privilegedpassword=***** [hidden because may contain private info]
[INFO] Added MAVEN property mvn.project.property.server=localhost
[INFO] Added MAVEN property mvn.project.property.skip.unzip-jdk-src=true
[INFO] Added MAVEN property mvn.project.property.waffle-jna.version=1.7
[INFO] Added MAVEN property mvn.project.property.parsedversion.majorversion=9
[INFO] Added MAVEN property mvn.project.property.postgresql.enforce.jdk.version=1.8
[INFO] Added MAVEN property mvn.project.property.jdbc.specification.version=4.2
[INFO] Added MAVEN property mvn.project.property.build.properties.relative.path=/home/travis/build/pgjdbc/pgjdbc/pgjdbc/..
[INFO] Added MAVEN property mvn.project.property.loglevel=0
[INFO] Added MAVEN property mvn.project.property.parsedversion.qualifier=SNAPSHOT
[INFO] Added MAVEN property mvn.project.property.template.default.pg.port=5432
[INFO] Added MAVEN property mvn.project.property.argline=-Xmx512m
[INFO] Added MAVEN property mvn.project.property.privilegeduser=postgres
[INFO] Preprocess sources : /home/travis/build/pgjdbc/pgjdbc/pgjdbc/src/main/java
[INFO] Preprocess destination : /home/travis/build/pgjdbc/pgjdbc/pgjdbc/target/gen-src
[INFO] -----------------------------------------------------------------
[INFO] Completed, preprocessed 168 files, copied 16 files, elapsed time 700ms
[INFO] A Compile source root has been removed from the root list [/home/travis/build/pgjdbc/pgjdbc/pgjdbc/src/main/java]
[INFO] The New compile source root has been added into the list [/home/travis/build/pgjdbc/pgjdbc/pgjdbc/target/gen-src]
[INFO] 
[INFO] --- maven-resources-plugin:2.6:resources (default-resources) @ postgresql ---
[INFO] Using 'UTF-8' encoding to copy filtered resources.
[INFO] Copying 16 resources
[INFO] 
[INFO] --- maven-compiler-plugin:3.3:compile (default-compile) @ postgresql ---
[INFO] Toolchain in maven-compiler-plugin: JDK[/usr/lib/jvm/java-8-oracle]
[INFO] Changes detected - recompiling the module!
[INFO] Compiling 168 source files to /home/travis/build/pgjdbc/pgjdbc/pgjdbc/target/classes
[INFO] 
[INFO] --- maven-resources-plugin:2.6:testResources (default-testResources) @ postgresql ---
[INFO] Using 'UTF-8' encoding to copy filtered resources.
[INFO] Copying 1 resource
[INFO] 
[INFO] --- maven-compiler-plugin:3.3:testCompile (default-testCompile) @ postgresql ---
[INFO] Toolchain in maven-compiler-plugin: JDK[/usr/lib/jvm/java-8-oracle]
[INFO] Changes detected - recompiling the module!
[INFO] Compiling 119 source files to /home/travis/build/pgjdbc/pgjdbc/pgjdbc/target/test-classes
[INFO] 
[INFO] --- maven-surefire-plugin:2.18.1:test (default-test) @ postgresql ---
[INFO] Toolchain in maven-surefire-plugin: JDK[/usr/lib/jvm/java-8-oracle]
[INFO] Surefire report directory: /home/travis/build/pgjdbc/pgjdbc/pgjdbc/target/surefire-reports

-------------------------------------------------------
 T E S T S
-------------------------------------------------------
Configuration file /home/travis/build/pgjdbc/pgjdbc/pgjdbc/../build.local.properties does not exist. Consider adding it to specify test db host and login
Configuration file /home/travis/build/pgjdbc/pgjdbc/pgjdbc/../build.local.properties does not exist. Consider adding it to specify test db host and login
Configuration file /home/travis/build/pgjdbc/pgjdbc/pgjdbc/../ssltest.local.properties does not exist. Consider adding it to specify test db host and login
Skipping ssloff8.
Skipping sslhostnossl8.
Skipping ssloff9.
Skipping sslhostnossl9.
Skipping sslhostgh8.
Skipping sslhostgh9.
Skipping sslhostbh8.
Skipping sslhostbh9.
Skipping sslhostsslgh8.
Skipping sslhostsslgh9.
Skipping sslhostsslbh8.
Skipping sslhostsslbh9.
Skipping sslhostsslcertgh8.
Skipping sslhostsslcertgh9.
Skipping sslhostsslcertbh8.
Skipping sslhostsslcertbh9.
Skipping sslcertgh8.
Skipping sslcertgh9.
Skipping sslcertbh8.
Skipping sslcertbh9.
Skipping SingleCertSocketFactoryTests. To enable set the property testsinglecertfactory=true in the ssltest.properties file.
Skipping XA tests because max_prepared_transactions = 0.
Running org.postgresql.test.jdbc4.jdbc41.Jdbc41TestSuite
Tests run: 45, Failures: 0, Errors: 0, Skipped: 0, Time elapsed: 1.106 sec - in org.postgresql.test.jdbc4.jdbc41.Jdbc41TestSuite
Running org.postgresql.test.jdbc4.Jdbc4TestSuite
Tests run: 93, Failures: 0, Errors: 0, Skipped: 0, Time elapsed: 1.63 sec - in org.postgresql.test.jdbc4.Jdbc4TestSuite
Running org.postgresql.test.jdbc2.optional.OptionalTestSuite
Tests run: 49, Failures: 0, Errors: 0, Skipped: 0, Time elapsed: 0.903 sec - in org.postgresql.test.jdbc2.optional.OptionalTestSuite
Running org.postgresql.test.jdbc2.Jdbc2TestSuite
file:/home/travis/build/pgjdbc/pgjdbc/pgjdbc/target/classes/
Using seed = 1458638987215 for StrangeInputStream. Set -DStrangeInputStream.seed=1458638987215 to reproduce the test
Using seed = 1458638987612 for StrangeInputStream. Set -DStrangeInputStream.seed=1458638987612 to reproduce the test
Using seed = 1458638987977 for StrangeInputStream. Set -DStrangeInputStream.seed=1458638987977 to reproduce the test
Using seed = 1458638988357 for StrangeInputStream. Set -DStrangeInputStream.seed=1458638988357 to reproduce the test
Using seed = 1458638988747 for StrangeInputStream. Set -DStrangeInputStream.seed=1458638988747 to reproduce the test
Using seed = 1458638989118 for StrangeInputStream. Set -DStrangeInputStream.seed=1458638989118 to reproduce the test
Using seed = 1458638989582 for StrangeInputStream. Set -DStrangeInputStream.seed=1458638989582 to reproduce the test
Using seed = 1458638989987 for StrangeInputStream. Set -DStrangeInputStream.seed=1458638989987 to reproduce the test
Using seed = 1458638990352 for StrangeInputStream. Set -DStrangeInputStream.seed=1458638990352 to reproduce the test
Using seed = 1458638990788 for StrangeInputStream. Set -DStrangeInputStream.seed=1458638990788 to reproduce the test
Tests run: 1113, Failures: 0, Errors: 1, Skipped: 0, Time elapsed: 72.282 sec <<< FAILURE! - in org.postgresql.test.jdbc2.Jdbc2TestSuite
testSetDate(org.postgresql.test.jdbc2.TimezoneTest)  Time elapsed: 0.032 sec  <<< ERROR!
org.postgresql.util.PSQLException: ERROR: invalid input syntax for type timestamp with time zone: "2005-01-01-05"
	at org.postgresql.core.v3.QueryExecutorImpl.receiveErrorResponse(QueryExecutorImpl.java:2287)
	at org.postgresql.core.v3.QueryExecutorImpl.processResults(QueryExecutorImpl.java:2003)
	at org.postgresql.core.v3.QueryExecutorImpl.execute(QueryExecutorImpl.java:201)
	at org.postgresql.jdbc.PgStatement.execute(PgStatement.java:423)
	at org.postgresql.jdbc.PgPreparedStatement.executeWithFlags(PgPreparedStatement.java:161)
	at org.postgresql.jdbc.PgPreparedStatement.executeUpdate(PgPreparedStatement.java:133)
	at org.postgresql.test.jdbc2.TimezoneTest.testSetDate(TimezoneTest.java:601)

Running org.postgresql.test.jdbc3.Jdbc3TestSuite
Tests run: 89, Failures: 0, Errors: 0, Skipped: 0, Time elapsed: 0.73 sec - in org.postgresql.test.jdbc3.Jdbc3TestSuite
Running org.postgresql.test.osgi.OsgiTestSuite
Tests run: 8, Failures: 0, Errors: 0, Skipped: 0, Time elapsed: 0.316 sec - in org.postgresql.test.osgi.OsgiTestSuite
Running org.postgresql.test.jdbc42.Jdbc42TestSuite
Tests run: 19, Failures: 0, Errors: 0, Skipped: 0, Time elapsed: 33.958 sec - in org.postgresql.test.jdbc42.Jdbc42TestSuite
Running org.postgresql.test.ssl.SslTestSuite
Configuration file /home/travis/build/pgjdbc/pgjdbc/pgjdbc/../ssltest.local.properties does not exist. Consider adding it to specify test db host and login
Skipping ssloff8.
Skipping sslhostnossl8.
Skipping ssloff9.
Skipping sslhostnossl9.
Skipping sslhostgh8.
Skipping sslhostgh9.
Skipping sslhostbh8.
Skipping sslhostbh9.
Skipping sslhostsslgh8.
Skipping sslhostsslgh9.
Skipping sslhostsslbh8.
Skipping sslhostsslbh9.
Skipping sslhostsslcertgh8.
Skipping sslhostsslcertgh9.
Skipping sslhostsslcertbh8.
Skipping sslhostsslcertbh9.
Skipping sslcertgh8.
Skipping sslcertgh9.
Skipping sslcertbh8.
Skipping sslcertbh9.
Tests run: 0, Failures: 0, Errors: 0, Skipped: 0, Time elapsed: 0.001 sec - in org.postgresql.test.ssl.SslTestSuite
Running org.postgresql.test.ssl.SingleCertValidatingFactoryTestSuite
Skipping SingleCertSocketFactoryTests. To enable set the property testsinglecertfactory=true in the ssltest.properties file.
Tests run: 0, Failures: 0, Errors: 0, Skipped: 0, Time elapsed: 0 sec - in org.postgresql.test.ssl.SingleCertValidatingFactoryTestSuite
Running org.postgresql.test.extensions.ExtensionsTestSuite
Tests run: 4, Failures: 0, Errors: 0, Skipped: 0, Time elapsed: 0.036 sec - in org.postgresql.test.extensions.ExtensionsTestSuite
Running org.postgresql.test.hostchooser.MultiHostTestSuite
Tests run: 1, Failures: 0, Errors: 0, Skipped: 0, Time elapsed: 0 sec - in org.postgresql.test.hostchooser.MultiHostTestSuite
Running org.postgresql.test.xa.XATestSuite
Skipping XA tests because max_prepared_transactions = 0.
Tests run: 0, Failures: 0, Errors: 0, Skipped: 0, Time elapsed: 0.006 sec - in org.postgresql.test.xa.XATestSuite
Running org.postgresql.test.socketfactory.SocketFactoryTestSuite
Tests run: 1, Failures: 0, Errors: 0, Skipped: 0, Time elapsed: 0.033 sec - in org.postgresql.test.socketfactory.SocketFactoryTestSuite

Results :

Tests in error: 
  TimezoneTest.testSetDate:601 » PSQL ERROR: invalid input syntax for type times...

Tests run: 1422, Failures: 0, Errors: 1, Skipped: 0

[INFO] ------------------------------------------------------------------------
[INFO] Reactor Summary:
[INFO] 
[INFO] PostgreSQL JDBC Driver - JDBC 4.2 .................. FAILURE [02:30 min]
[INFO] PostgreSQL JDBC Driver - benchmarks ................ SKIPPED
[INFO] PostgreSQL JDBC Driver aggregate ................... SKIPPED
[INFO] ------------------------------------------------------------------------
[INFO] BUILD FAILURE
[INFO] ------------------------------------------------------------------------
[INFO] Total time: 02:33 min
[INFO] Finished at: 2016-03-22T09:30:26+00:00
[INFO] Final Memory: 20M/649M
[INFO] ------------------------------------------------------------------------
[ERROR] Failed to execute goal org.apache.maven.plugins:maven-surefire-plugin:2.18.1:test (default-test) on project postgresql: There are test failures.
[ERROR] 
[ERROR] Please refer to /home/travis/build/pgjdbc/pgjdbc/pgjdbc/target/surefire-reports for the individual test results.
[ERROR] -> [Help 1]
[ERROR] 
[ERROR] To see the full stack trace of the errors, re-run Maven with the -e switch.
[ERROR] Re-run Maven using the -X switch to enable full debug logging.
[ERROR] 
[ERROR] For more information about the errors and possible solutions, please read the following articles:
[ERROR] [Help 1] http://cwiki.apache.org/confluence/display/MAVEN/MojoFailureException

travis_time:end:0a904898:start=1458638870788397301,finish=1458639027659581048,duration=156871183747[0K
[31;1mThe command "./travis_build.sh" exited with 1.[0m
travis_fold:start:before_cache[0Ktravis_time:start:0538e114[0K$ rm -rf $HOME/.m2/repository/org/postgresql

travis_time:end:0538e114:start=1458639027665447591,finish=1458639027671242504,duration=5794913[0Ktravis_fold:end:before_cache[0Ktravis_fold:start:cache.2[0Kstore build cache
travis_time:start:2538756c[0K
travis_time:end:2538756c:start=1458639027677052487,finish=1458639027680973148,duration=3920661[0Ktravis_time:start:1d052bb0[0K[32;1mnothing changed, not updating cache[0m

travis_time:end:1d052bb0:start=1458639027685044285,finish=1458639028137231439,duration=452187154[0Ktravis_fold:end:cache.2[0K
Done. Your build exited with 1.
