Using worker: worker-linux-docker-779e439e.prod.travis-ci.org:travis-linux-1

travis_fold:start:system_info[0K[33;1mBuild system information[0m
Build language: java
[34m[1mBuild image provisioning date and time[0m
Thu Feb  5 15:09:33 UTC 2015
[34m[1mOperating System Details[0m
Distributor ID:	Ubuntu
Description:	Ubuntu 12.04.5 LTS
Release:	12.04
Codename:	precise
[34m[1mLinux Version[0m
3.13.0-29-generic
[34m[1mCookbooks Version[0m
a68419e https://github.com/travis-ci/travis-cookbooks/tree/a68419e
[34m[1mGCC version[0m
gcc (Ubuntu/Linaro 4.6.3-1ubuntu5) 4.6.3
Copyright (C) 2011 Free Software Foundation, Inc.
This is free software; see the source for copying conditions.  There is NO
warranty; not even for MERCHANTABILITY or FITNESS FOR A PARTICULAR PURPOSE.

[34m[1mLLVM version[0m
clang version 3.4 (tags/RELEASE_34/final)
Target: x86_64-unknown-linux-gnu
Thread model: posix
[34m[1mPre-installed Ruby versions[0m
ruby-1.9.3-p551
[34m[1mPre-installed Node.js versions[0m
v0.10.36
[34m[1mPre-installed Go versions[0m
1.4.1
[34m[1mRedis version[0m
redis-server 2.8.19
[34m[1mriak version[0m
2.0.2
[34m[1mMongoDB version[0m
MongoDB 2.4.12
[34m[1mCouchDB version[0m
couchdb 1.6.1
[34m[1mNeo4j version[0m
1.9.4
[34m[1mRabbitMQ Version[0m
3.4.3
[34m[1mElasticSearch version[0m
1.4.0
[34m[1mInstalled Sphinx versions[0m
2.0.10
2.1.9
2.2.6
[34m[1mDefault Sphinx version[0m
2.2.6
[34m[1mInstalled Firefox version[0m
firefox 31.0esr
[34m[1mPhantomJS version[0m
1.9.8
[34m[1mant -version[0m
Apache Ant(TM) version 1.8.2 compiled on December 3 2011
[34m[1mmvn -version[0m
Apache Maven 3.2.5 (12a6b3acb947671f09b81f49094c53f426d8cea1; 2014-12-14T17:29:23+00:00)
Maven home: /usr/local/maven
Java version: 1.7.0_76, vendor: Oracle Corporation
Java home: /usr/lib/jvm/java-7-oracle/jre
Default locale: en_US, platform encoding: ANSI_X3.4-1968
OS name: "linux", version: "3.13.0-29-generic", arch: "amd64", family: "unix"
travis_fold:end:system_info[0K
travis_fold:start:git.checkout[0Ktravis_time:start:176e5a3e[0K$ git clone --depth=50 --branch=master git://github.com/spring-projects/spring-data-jpa.git spring-projects/spring-data-jpa
Cloning into 'spring-projects/spring-data-jpa'...
remote: Counting objects: 1137, done.[K
remote: Compressing objects:   0% (1/666)   [Kremote: Compressing objects:   1% (7/666)   [Kremote: Compressing objects:   2% (14/666)   [Kremote: Compressing objects:   3% (20/666)   [Kremote: Compressing objects:   4% (27/666)   [Kremote: Compressing objects:   5% (34/666)   [Kremote: Compressing objects:   6% (40/666)   [Kremote: Compressing objects:   7% (47/666)   [Kremote: Compressing objects:   8% (54/666)   [Kremote: Compressing objects:   9% (60/666)   [Kremote: Compressing objects:  10% (67/666)   [Kremote: Compressing objects:  11% (74/666)   [Kremote: Compressing objects:  12% (80/666)   [Kremote: Compressing objects:  13% (87/666)   [Kremote: Compressing objects:  14% (94/666)   [Kremote: Compressing objects:  15% (100/666)   [Kremote: Compressing objects:  16% (107/666)   [Kremote: Compressing objects:  17% (114/666)   [Kremote: Compressing objects:  18% (120/666)   [Kremote: Compressing objects:  19% (127/666)   [Kremote: Compressing objects:  20% (134/666)   [Kremote: Compressing objects:  21% (140/666)   [Kremote: Compressing objects:  22% (147/666)   [Kremote: Compressing objects:  23% (154/666)   [Kremote: Compressing objects:  24% (160/666)   [Kremote: Compressing objects:  25% (167/666)   [Kremote: Compressing objects:  26% (174/666)   [Kremote: Compressing objects:  27% (180/666)   [Kremote: Compressing objects:  28% (187/666)   [Kremote: Compressing objects:  29% (194/666)   [Kremote: Compressing objects:  30% (200/666)   [Kremote: Compressing objects:  31% (207/666)   [Kremote: Compressing objects:  32% (214/666)   [Kremote: Compressing objects:  33% (220/666)   [Kremote: Compressing objects:  34% (227/666)   [Kremote: Compressing objects:  35% (234/666)   [Kremote: Compressing objects:  36% (240/666)   [Kremote: Compressing objects:  37% (247/666)   [Kremote: Compressing objects:  38% (254/666)   [Kremote: Compressing objects:  39% (260/666)   [Kremote: Compressing objects:  40% (267/666)   [Kremote: Compressing objects:  41% (274/666)   [Kremote: Compressing objects:  42% (280/666)   [Kremote: Compressing objects:  43% (287/666)   [Kremote: Compressing objects:  44% (294/666)   [Kremote: Compressing objects:  45% (300/666)   [Kremote: Compressing objects:  46% (307/666)   [Kremote: Compressing objects:  47% (314/666)   [Kremote: Compressing objects:  48% (320/666)   [Kremote: Compressing objects:  49% (327/666)   [Kremote: Compressing objects:  50% (333/666)   [Kremote: Compressing objects:  51% (340/666)   [Kremote: Compressing objects:  52% (347/666)   [Kremote: Compressing objects:  53% (353/666)   [Kremote: Compressing objects:  54% (360/666)   [Kremote: Compressing objects:  55% (367/666)   [Kremote: Compressing objects:  56% (373/666)   [Kremote: Compressing objects:  57% (380/666)   [Kremote: Compressing objects:  58% (387/666)   [Kremote: Compressing objects:  59% (393/666)   [Kremote: Compressing objects:  60% (400/666)   [Kremote: Compressing objects:  61% (407/666)   [Kremote: Compressing objects:  62% (413/666)   [Kremote: Compressing objects:  63% (420/666)   [Kremote: Compressing objects:  64% (427/666)   [Kremote: Compressing objects:  65% (433/666)   [Kremote: Compressing objects:  66% (440/666)   [Kremote: Compressing objects:  67% (447/666)   [Kremote: Compressing objects:  68% (453/666)   [Kremote: Compressing objects:  69% (460/666)   [Kremote: Compressing objects:  70% (467/666)   [Kremote: Compressing objects:  71% (473/666)   [Kremote: Compressing objects:  72% (480/666)   [Kremote: Compressing objects:  73% (487/666)   [Kremote: Compressing objects:  74% (493/666)   [Kremote: Compressing objects:  75% (500/666)   [Kremote: Compressing objects:  76% (507/666)   [Kremote: Compressing objects:  77% (513/666)   [Kremote: Compressing objects:  78% (520/666)   [Kremote: Compressing objects:  79% (527/666)   [Kremote: Compressing objects:  80% (533/666)   [Kremote: Compressing objects:  81% (540/666)   [Kremote: Compressing objects:  82% (547/666)   [Kremote: Compressing objects:  83% (553/666)   [Kremote: Compressing objects:  84% (560/666)   [Kremote: Compressing objects:  85% (567/666)   [Kremote: Compressing objects:  86% (573/666)   [Kremote: Compressing objects:  87% (580/666)   [Kremote: Compressing objects:  88% (587/666)   [Kremote: Compressing objects:  89% (593/666)   [Kremote: Compressing objects:  90% (600/666)   [Kremote: Compressing objects:  91% (607/666)   [Kremote: Compressing objects:  92% (613/666)   [Kremote: Compressing objects:  93% (620/666)   [Kremote: Compressing objects:  94% (627/666)   [Kremote: Compressing objects:  95% (633/666)   [Kremote: Compressing objects:  96% (640/666)   [Kremote: Compressing objects:  97% (647/666)   [Kremote: Compressing objects:  98% (653/666)   [Kremote: Compressing objects:  99% (660/666)   [Kremote: Compressing objects: 100% (666/666)   [Kremote: Compressing objects: 100% (666/666), done.[K
Receiving objects:   0% (1/1137)   Receiving objects:   1% (12/1137)   Receiving objects:   2% (23/1137)   Receiving objects:   3% (35/1137)   Receiving objects:   4% (46/1137)   Receiving objects:   5% (57/1137)   Receiving objects:   6% (69/1137)   Receiving objects:   7% (80/1137)   Receiving objects:   8% (91/1137)   Receiving objects:   9% (103/1137)   Receiving objects:  10% (114/1137)   Receiving objects:  11% (126/1137)   Receiving objects:  12% (137/1137)   Receiving objects:  13% (148/1137)   Receiving objects:  14% (160/1137)   Receiving objects:  15% (171/1137)   Receiving objects:  16% (182/1137)   Receiving objects:  17% (194/1137)   Receiving objects:  18% (205/1137)   Receiving objects:  19% (217/1137)   Receiving objects:  20% (228/1137)   Receiving objects:  21% (239/1137)   Receiving objects:  22% (251/1137)   Receiving objects:  23% (262/1137)   Receiving objects:  24% (273/1137)   Receiving objects:  25% (285/1137)   Receiving objects:  26% (296/1137)   Receiving objects:  27% (307/1137)   Receiving objects:  28% (319/1137)   Receiving objects:  29% (330/1137)   Receiving objects:  30% (342/1137)   Receiving objects:  31% (353/1137)   Receiving objects:  32% (364/1137)   Receiving objects:  33% (376/1137)   Receiving objects:  34% (387/1137)   Receiving objects:  35% (398/1137)   Receiving objects:  36% (410/1137)   Receiving objects:  37% (421/1137)   Receiving objects:  38% (433/1137)   Receiving objects:  39% (444/1137)   Receiving objects:  40% (455/1137)   Receiving objects:  41% (467/1137)   Receiving objects:  42% (478/1137)   Receiving objects:  43% (489/1137)   Receiving objects:  44% (501/1137)   Receiving objects:  45% (512/1137)   Receiving objects:  46% (524/1137)   Receiving objects:  47% (535/1137)   Receiving objects:  48% (546/1137)   Receiving objects:  49% (558/1137)   Receiving objects:  50% (569/1137)   Receiving objects:  51% (580/1137)   Receiving objects:  52% (592/1137)   Receiving objects:  53% (603/1137)   Receiving objects:  54% (614/1137)   Receiving objects:  55% (626/1137)   Receiving objects:  56% (637/1137)   Receiving objects:  57% (649/1137)   Receiving objects:  58% (660/1137)   Receiving objects:  59% (671/1137)   Receiving objects:  60% (683/1137)   Receiving objects:  61% (694/1137)   Receiving objects:  62% (705/1137)   Receiving objects:  63% (717/1137)   Receiving objects:  64% (728/1137)   Receiving objects:  65% (740/1137)   Receiving objects:  66% (751/1137)   Receiving objects:  67% (762/1137)   Receiving objects:  68% (774/1137)   Receiving objects:  69% (785/1137)   Receiving objects:  70% (796/1137)   Receiving objects:  71% (808/1137)   Receiving objects:  72% (819/1137)   Receiving objects:  73% (831/1137)   Receiving objects:  74% (842/1137)   Receiving objects:  75% (853/1137)   Receiving objects:  76% (865/1137)   Receiving objects:  77% (876/1137)   Receiving objects:  78% (887/1137)   Receiving objects:  79% (899/1137)   Receiving objects:  80% (910/1137)   Receiving objects:  81% (921/1137)   Receiving objects:  82% (933/1137)   Receiving objects:  83% (944/1137)   Receiving objects:  84% (956/1137)   Receiving objects:  85% (967/1137)   Receiving objects:  86% (978/1137)   Receiving objects:  87% (990/1137)   Receiving objects:  88% (1001/1137)   remote: Total 1137 (delta 486), reused 788 (delta 253), pack-reused 0[K
Receiving objects:  89% (1012/1137)   Receiving objects:  90% (1024/1137)   Receiving objects:  91% (1035/1137)   Receiving objects:  92% (1047/1137)   Receiving objects:  93% (1058/1137)   Receiving objects:  94% (1069/1137)   Receiving objects:  95% (1081/1137)   Receiving objects:  96% (1092/1137)   Receiving objects:  97% (1103/1137)   Receiving objects:  98% (1115/1137)   Receiving objects:  99% (1126/1137)   Receiving objects: 100% (1137/1137)   Receiving objects: 100% (1137/1137), 407.54 KiB | 0 bytes/s, done.
Resolving deltas:   0% (0/486)   Resolving deltas:   1% (5/486)   Resolving deltas:  11% (55/486)   Resolving deltas:  13% (65/486)   Resolving deltas:  14% (71/486)   Resolving deltas:  16% (79/486)   Resolving deltas:  17% (86/486)   Resolving deltas:  18% (88/486)   Resolving deltas:  19% (93/486)   Resolving deltas:  20% (99/486)   Resolving deltas:  21% (106/486)   Resolving deltas:  22% (107/486)   Resolving deltas:  23% (115/486)   Resolving deltas:  25% (123/486)   Resolving deltas:  26% (129/486)   Resolving deltas:  27% (132/486)   Resolving deltas:  28% (138/486)   Resolving deltas:  29% (141/486)   Resolving deltas:  30% (148/486)   Resolving deltas:  33% (162/486)   Resolving deltas:  35% (173/486)   Resolving deltas:  36% (177/486)   Resolving deltas:  37% (183/486)   Resolving deltas:  38% (185/486)   Resolving deltas:  39% (192/486)   Resolving deltas:  40% (197/486)   Resolving deltas:  41% (200/486)   Resolving deltas:  42% (205/486)   Resolving deltas:  43% (209/486)   Resolving deltas:  44% (214/486)   Resolving deltas:  45% (219/486)   Resolving deltas:  46% (226/486)   Resolving deltas:  47% (229/486)   Resolving deltas:  50% (243/486)   Resolving deltas:  51% (248/486)   Resolving deltas:  52% (253/486)   Resolving deltas:  53% (260/486)   Resolving deltas:  54% (264/486)   Resolving deltas:  55% (270/486)   Resolving deltas:  56% (274/486)   Resolving deltas:  57% (278/486)   Resolving deltas:  59% (290/486)   Resolving deltas:  60% (293/486)   Resolving deltas:  61% (298/486)   Resolving deltas:  62% (302/486)   Resolving deltas:  63% (309/486)   Resolving deltas:  64% (312/486)   Resolving deltas:  65% (319/486)   Resolving deltas:  66% (322/486)   Resolving deltas:  67% (327/486)   Resolving deltas:  68% (331/486)   Resolving deltas:  69% (336/486)   Resolving deltas:  70% (341/486)   Resolving deltas:  71% (348/486)   Resolving deltas:  72% (350/486)   Resolving deltas:  73% (355/486)   Resolving deltas:  74% (363/486)   Resolving deltas:  76% (371/486)   Resolving deltas:  77% (376/486)   Resolving deltas:  78% (380/486)   Resolving deltas:  80% (389/486)   Resolving deltas:  82% (403/486)   Resolving deltas:  83% (405/486)   Resolving deltas:  84% (411/486)   Resolving deltas:  85% (414/486)   Resolving deltas:  86% (419/486)   Resolving deltas:  87% (424/486)   Resolving deltas:  89% (433/486)   Resolving deltas:  90% (439/486)   Resolving deltas:  92% (449/486)   Resolving deltas:  93% (453/486)   Resolving deltas:  94% (458/486)   Resolving deltas:  95% (462/486)   Resolving deltas:  96% (467/486)   Resolving deltas:  97% (473/486)   Resolving deltas:  98% (477/486)   Resolving deltas:  99% (482/486)   Resolving deltas: 100% (486/486)   Resolving deltas: 100% (486/486), done.
Checking connectivity... done.
travis_time:end:176e5a3e:start=1433230129793582128,finish=1433230130033796789,duration=240214661[0K$ cd spring-projects/spring-data-jpa
$ git checkout -qf 0e49d8348199ab2b6b6fc4c0b2aeea1c004d70d6
travis_fold:end:git.checkout[0K
[33;1mThis job is running on container-based infrastructure, which does not allow use of 'sudo', setuid and setguid executables.[0m
[33;1mIf you require sudo, add 'sudo: required' to your .travis.yml[0m
[33;1mSee http://docs.travis-ci.com/user/workers/container-based-infrastructure/ for details.[0m

[33;1mSetting environment variables from .travis.yml[0m
$ export PROFILE=hibernate-41

travis_fold:start:cache.1[0KSetting up build cache
$ export CASHER_DIR=$HOME/.casher
travis_time:start:06519daf[0K$ Installing caching utilities
travis_time:end:06519daf:start=1433230131588506207,finish=1433230131643125642,duration=54619435[0Ktravis_time:start:343d8185[0Kattempting to download cache archive
fetching master/cache--jdk-oraclejdk8.tbz
found cache
travis_time:end:343d8185:start=1433230131647241972,finish=1433230134668570496,duration=3021328524[0Ktravis_time:start:0f5da7a0[0Kadding /home/travis/.m2 to cache
travis_time:end:0f5da7a0:start=1433230134672163033,finish=1433230151167211628,duration=16495048595[0Ktravis_fold:end:cache.1[0K$ jdk_switcher use oraclejdk8
Switching to Oracle JDK8 (java-8-oracle), JAVA_HOME will be set to /usr/lib/jvm/java-8-oracle
$ java -Xmx32m -version
java version "1.8.0_31"
Java(TM) SE Runtime Environment (build 1.8.0_31-b13)
Java HotSpot(TM) 64-Bit Server VM (build 25.31-b07, mixed mode)
$ javac -J-Xmx32m -version
javac 1.8.0_31
travis_fold:start:install[0Ktravis_time:start:2b21171e[0K$ true
travis_time:end:2b21171e:start=1433230151657264960,finish=1433230151660169245,duration=2904285[0Ktravis_fold:end:install[0Ktravis_time:start:1d151180[0K$ mvn clean dependency:list test -P${PROFILE} -Dsort
Java HotSpot(TM) 64-Bit Server VM warning: ignoring option MaxPermSize=192m; support was removed in 8.0
[INFO] Scanning for projects...
Downloading: http://repo.maven.apache.org/maven2/org/springframework/data/build/spring-data-parent/1.7.0.M1/spring-data-parent-1.7.0.M1.pom
Downloading: https://oss.sonatype.org/content/repositories/releases/org/springframework/data/build/spring-data-parent/1.7.0.M1/spring-data-parent-1.7.0.M1.pom
Downloading: https://repository.apache.org/releases/org/springframework/data/build/spring-data-parent/1.7.0.M1/spring-data-parent-1.7.0.M1.pom
Downloading: https://repo.spring.io/libs-milestone/org/springframework/data/build/spring-data-parent/1.7.0.M1/spring-data-parent-1.7.0.M1.pom
4/21 KB   8/21 KB   12/21 KB   14/21 KB   18/21 KB   21/21 KB              Downloaded: https://repo.spring.io/libs-milestone/org/springframework/data/build/spring-data-parent/1.7.0.M1/spring-data-parent-1.7.0.M1.pom (21 KB at 156.7 KB/sec)
Downloading: http://repo.maven.apache.org/maven2/org/springframework/data/build/spring-data-build/1.7.0.M1/spring-data-build-1.7.0.M1.pom
           Downloading: https://oss.sonatype.org/content/repositories/releases/org/springframework/data/build/spring-data-build/1.7.0.M1/spring-data-build-1.7.0.M1.pom
           Downloading: https://repository.apache.org/releases/org/springframework/data/build/spring-data-build/1.7.0.M1/spring-data-build-1.7.0.M1.pom
           Downloading: https://repo.spring.io/libs-milestone/org/springframework/data/build/spring-data-build/1.7.0.M1/spring-data-build-1.7.0.M1.pom
3/3 KB              Downloaded: https://repo.spring.io/libs-milestone/org/springframework/data/build/spring-data-build/1.7.0.M1/spring-data-build-1.7.0.M1.pom (3 KB at 33.0 KB/sec)
[INFO]                                                                         
[INFO] ------------------------------------------------------------------------
[INFO] Building Spring Data JPA 1.9.0.BUILD-SNAPSHOT
[INFO] ------------------------------------------------------------------------
Downloading: http://repo.maven.apache.org/maven2/org/springframework/data/spring-data-commons/1.11.0.M1/spring-data-commons-1.11.0.M1.pom
         Downloading: https://oss.sonatype.org/content/repositories/releases/org/springframework/data/spring-data-commons/1.11.0.M1/spring-data-commons-1.11.0.M1.pom
         Downloading: https://repository.apache.org/releases/org/springframework/data/spring-data-commons/1.11.0.M1/spring-data-commons-1.11.0.M1.pom
         Downloading: https://repo.spring.io/libs-milestone/org/springframework/data/spring-data-commons/1.11.0.M1/spring-data-commons-1.11.0.M1.pom
4/7 KB   7/7 KB            Downloaded: https://repo.spring.io/libs-milestone/org/springframework/data/spring-data-commons/1.11.0.M1/spring-data-commons-1.11.0.M1.pom (7 KB at 124.5 KB/sec)
Downloading: http://repo.maven.apache.org/maven2/org/slf4j/slf4j-api/1.7.12/slf4j-api-1.7.12.pom
3/3 KB            Downloaded: http://repo.maven.apache.org/maven2/org/slf4j/slf4j-api/1.7.12/slf4j-api-1.7.12.pom (3 KB at 72.2 KB/sec)
Downloading: http://repo.maven.apache.org/maven2/org/slf4j/slf4j-parent/1.7.12/slf4j-parent-1.7.12.pom
4/12 KB   8/12 KB   12/12 KB              Downloaded: http://repo.maven.apache.org/maven2/org/slf4j/slf4j-parent/1.7.12/slf4j-parent-1.7.12.pom (12 KB at 399.0 KB/sec)
Downloading: http://repo.maven.apache.org/maven2/org/slf4j/jcl-over-slf4j/1.7.12/jcl-over-slf4j-1.7.12.pom
2/2 KB     2/2 KB            Downloaded: http://repo.maven.apache.org/maven2/org/slf4j/jcl-over-slf4j/1.7.12/jcl-over-slf4j-1.7.12.pom (2 KB at 74.9 KB/sec)
Downloading: http://repo.maven.apache.org/maven2/joda-time/joda-time/2.8/joda-time-2.8.pom
4/29 KB   8/29 KB   12/29 KB   16/29 KB   20/29 KB   24/29 KB   28/29 KB   29/29 KB              Downloaded: http://repo.maven.apache.org/maven2/joda-time/joda-time/2.8/joda-time-2.8.pom (29 KB at 1038.8 KB/sec)
Downloading: http://repo.maven.apache.org/maven2/com/mysema/querydsl/querydsl-apt/3.6.4/querydsl-apt-3.6.4.pom
2/8 KB     6/8 KB   8/8 KB            Downloaded: http://repo.maven.apache.org/maven2/com/mysema/querydsl/querydsl-apt/3.6.4/querydsl-apt-3.6.4.pom (8 KB at 161.2 KB/sec)
Downloading: http://repo.maven.apache.org/maven2/com/mysema/querydsl/querydsl-root/3.6.4/querydsl-root-3.6.4.pom
4/20 KB   6/20 KB   10/20 KB   14/20 KB   18/20 KB   20/20 KB              Downloaded: http://repo.maven.apache.org/maven2/com/mysema/querydsl/querydsl-root/3.6.4/querydsl-root-3.6.4.pom (20 KB at 731.1 KB/sec)
Downloading: http://repo.maven.apache.org/maven2/com/mysema/querydsl/querydsl-codegen/3.6.4/querydsl-codegen-3.6.4.pom
3/3 KB              Downloaded: http://repo.maven.apache.org/maven2/com/mysema/querydsl/querydsl-codegen/3.6.4/querydsl-codegen-3.6.4.pom (3 KB at 105.7 KB/sec)
Downloading: http://repo.maven.apache.org/maven2/com/mysema/querydsl/querydsl-core/3.6.4/querydsl-core-3.6.4.pom
4/5 KB   5/5 KB            Downloaded: http://repo.maven.apache.org/maven2/com/mysema/querydsl/querydsl-core/3.6.4/querydsl-core-3.6.4.pom (5 KB at 137.2 KB/sec)
Downloading: http://repo.maven.apache.org/maven2/com/mysema/codegen/codegen/0.6.6/codegen-0.6.6.pom
4/4 KB            Downloaded: http://repo.maven.apache.org/maven2/com/mysema/codegen/codegen/0.6.6/codegen-0.6.6.pom (4 KB at 169.3 KB/sec)
Downloading: http://repo.maven.apache.org/maven2/com/mysema/querydsl/querydsl-jpa/3.6.4/querydsl-jpa-3.6.4.pom
3/12 KB   7/12 KB   11/12 KB   12/12 KB              Downloaded: http://repo.maven.apache.org/maven2/com/mysema/querydsl/querydsl-jpa/3.6.4/querydsl-jpa-3.6.4.pom (12 KB at 463.4 KB/sec)
Downloading: http://repo.maven.apache.org/maven2/org/apache/openwebbeans/test/cditest-owb/1.2.8/cditest-owb-1.2.8.pom
2/4 KB     4/4 KB            Downloaded: http://repo.maven.apache.org/maven2/org/apache/openwebbeans/test/cditest-owb/1.2.8/cditest-owb-1.2.8.pom (4 KB at 123.6 KB/sec)
Downloading: http://repo.maven.apache.org/maven2/org/apache/openwebbeans/test/parent/1.2.8/parent-1.2.8.pom
2/2 KB            Downloaded: http://repo.maven.apache.org/maven2/org/apache/openwebbeans/test/parent/1.2.8/parent-1.2.8.pom (2 KB at 86.6 KB/sec)
Downloading: http://repo.maven.apache.org/maven2/org/apache/openwebbeans/openwebbeans/1.2.8/openwebbeans-1.2.8.pom
4/33 KB   8/33 KB   12/33 KB   16/33 KB   20/33 KB   24/33 KB   27/33 KB   31/33 KB   33/33 KB   33/33 KB              Downloaded: http://repo.maven.apache.org/maven2/org/apache/openwebbeans/openwebbeans/1.2.8/openwebbeans-1.2.8.pom (33 KB at 871.4 KB/sec)
Downloading: http://repo.maven.apache.org/maven2/org/apache/openwebbeans/test/cditest/1.2.8/cditest-1.2.8.pom
2/3 KB     3/3 KB            Downloaded: http://repo.maven.apache.org/maven2/org/apache/openwebbeans/test/cditest/1.2.8/cditest-1.2.8.pom (3 KB at 89.3 KB/sec)
Downloading: http://repo.maven.apache.org/maven2/org/apache/openwebbeans/openwebbeans-spi/1.2.8/openwebbeans-spi-1.2.8.pom
3/3 KB            Downloaded: http://repo.maven.apache.org/maven2/org/apache/openwebbeans/openwebbeans-spi/1.2.8/openwebbeans-spi-1.2.8.pom (3 KB at 126.9 KB/sec)
Downloading: http://repo.maven.apache.org/maven2/org/apache/openwebbeans/openwebbeans-impl/1.2.8/openwebbeans-impl-1.2.8.pom
4/6 KB   6/6 KB            Downloaded: http://repo.maven.apache.org/maven2/org/apache/openwebbeans/openwebbeans-impl/1.2.8/openwebbeans-impl-1.2.8.pom (6 KB at 196.4 KB/sec)
Downloading: http://repo.maven.apache.org/maven2/ch/qos/logback/logback-classic/1.1.3/logback-classic-1.1.3.pom
3/13 KB   7/13 KB   11/13 KB   13/13 KB              Downloaded: http://repo.maven.apache.org/maven2/ch/qos/logback/logback-classic/1.1.3/logback-classic-1.1.3.pom (13 KB at 335.5 KB/sec)
Downloading: http://repo.maven.apache.org/maven2/ch/qos/logback/logback-parent/1.1.3/logback-parent-1.1.3.pom
4/16 KB    8/16 KB   12/16 KB   16/16 KB              Downloaded: http://repo.maven.apache.org/maven2/ch/qos/logback/logback-parent/1.1.3/logback-parent-1.1.3.pom (16 KB at 532.7 KB/sec)
Downloading: http://repo.maven.apache.org/maven2/ch/qos/logback/logback-core/1.1.3/logback-core-1.1.3.pom
4/5 KB     5/5 KB            Downloaded: http://repo.maven.apache.org/maven2/ch/qos/logback/logback-core/1.1.3/logback-core-1.1.3.pom (5 KB at 194.9 KB/sec)
Downloading: http://repo.maven.apache.org/maven2/org/slf4j/slf4j-api/1.7.7/slf4j-api-1.7.7.pom
2/3 KB   3/3 KB            Downloaded: http://repo.maven.apache.org/maven2/org/slf4j/slf4j-api/1.7.7/slf4j-api-1.7.7.pom (3 KB at 114.2 KB/sec)
Downloading: http://repo.maven.apache.org/maven2/org/slf4j/slf4j-parent/1.7.7/slf4j-parent-1.7.7.pom
4/12 KB   6/12 KB   10/12 KB   12/12 KB              Downloaded: http://repo.maven.apache.org/maven2/org/slf4j/slf4j-parent/1.7.7/slf4j-parent-1.7.7.pom (12 KB at 528.5 KB/sec)
Downloading: http://repo.maven.apache.org/maven2/org/springframework/data/spring-data-commons/1.11.0.M1/spring-data-commons-1.11.0.M1.jar
Downloading: http://repo.maven.apache.org/maven2/com/mysema/querydsl/querydsl-apt/3.6.4/querydsl-apt-3.6.4.jar
Downloading: http://repo.maven.apache.org/maven2/com/mysema/querydsl/querydsl-codegen/3.6.4/querydsl-codegen-3.6.4.jar
Downloading: http://repo.maven.apache.org/maven2/joda-time/joda-time/2.8/joda-time-2.8.jar
Downloading: http://repo.maven.apache.org/maven2/com/mysema/codegen/codegen/0.6.6/codegen-0.6.6.jar
3/72 KB    4/66 KB   7/72 KB   4/66 KB   11/72 KB   4/66 KB   14/72 KB   4/66 KB   3/72 KB   8/66 KB   14/72 KB   12/66 KB   14/72 KB   14/66 KB   14/72 KB   14/66 KB   4/608 KB   14/72 KB   14/66 KB   6/608 KB   14/72 KB   14/66 KB   10/608 KB   14/72 KB   14/66 KB   14/608 KB   14/72 KB   14/66 KB   14/608 KB   14/72 KB   14/66 KB   14/608 KB   16/72 KB   14/66 KB   14/608 KB   20/72 KB   14/66 KB   14/608 KB   24/72 KB   14/66 KB   14/608 KB   28/72 KB   14/66 KB   14/608 KB   32/72 KB   14/66 KB   14/608 KB   36/72 KB   14/66 KB   14/608 KB   40/72 KB   14/66 KB   14/608 KB   43/72 KB   17/66 KB   14/608 KB   43/72 KB   21/66 KB   14/608 KB   43/72 KB   25/66 KB   14/608 KB   43/72 KB   29/66 KB   14/608 KB   43/72 KB   33/66 KB   14/608 KB   43/72 KB   37/66 KB   14/608 KB   43/72 KB   41/66 KB   14/608 KB   43/72 KB   43/66 KB   14/608 KB   43/72 KB   43/66 KB   18/608 KB   43/72 KB   43/66 KB   22/608 KB   43/72 KB   43/66 KB   26/608 KB   43/72 KB   43/66 KB   30/608 KB   43/72 KB   43/66 KB   34/608 KB   43/72 KB   43/66 KB   38/608 KB   43/72 KB   43/66 KB   42/608 KB   43/72 KB   43/66 KB   43/608 KB   43/72 KB   43/66 KB   4/72 KB   43/608 KB   43/72 KB   43/66 KB   8/72 KB   43/608 KB   43/72 KB   43/66 KB   12/72 KB   43/608 KB   43/72 KB   43/66 KB   14/72 KB   43/608 KB   43/72 KB   43/66 KB   14/72 KB   43/608 KB   47/72 KB   47/66 KB   14/72 KB   43/608 KB   51/72 KB   47/66 KB   14/72 KB   43/608 KB   55/72 KB   47/66 KB   14/72 KB   43/608 KB   59/72 KB   47/66 KB   14/72 KB   43/608 KB   63/72 KB   47/66 KB   14/72 KB   45/608 KB   67/72 KB   47/66 KB   14/72 KB   45/608 KB   71/72 KB   47/66 KB   14/72 KB   45/608 KB   72/72 KB   47/66 KB   14/72 KB   43/608 KB   47/72 KB   51/66 KB   14/72 KB   45/608 KB   72/72 KB   55/66 KB   14/72 KB   45/608 KB   72/72 KB   59/66 KB   14/72 KB   45/608 KB   72/72 KB   63/66 KB   14/72 KB   45/608 KB   72/72 KB   66/66 KB   14/72 KB   45/608 KB   72/72 KB   47/66 KB   14/72 KB   45/608 KB   63/72 KB   66/66 KB   14/72 KB   49/608 KB   72/72 KB   66/66 KB   14/72 KB   53/608 KB   72/72 KB   66/66 KB   14/72 KB   57/608 KB   72/72 KB   66/66 KB   14/72 KB   61/608 KB   72/72 KB   66/66 KB   14/72 KB   65/608 KB   72/72 KB   66/66 KB   14/72 KB   69/608 KB   72/72 KB   66/66 KB   14/72 KB   73/608 KB   72/72 KB   66/66 KB   14/72 KB   77/608 KB   72/72 KB   66/66 KB   14/72 KB   81/608 KB   72/72 KB   66/66 KB   18/72 KB   85/608 KB   72/72 KB                                                Downloading: http://repo.maven.apache.org/maven2/com/mysema/querydsl/querydsl-jpa/3.6.4/querydsl-jpa-3.6.4.jar
66/66 KB   18/72 KB   81/608 KB   72/72 KB   66/66 KB   22/72 KB   85/608 KB   72/72 KB   66/66 KB   26/72 KB   85/608 KB   72/72 KB   66/66 KB   30/72 KB   89/608 KB   72/72 KB   66/66 KB   34/72 KB   89/608 KB   72/72 KB   66/66 KB   38/72 KB   89/608 KB   72/72 KB   66/66 KB   42/72 KB   89/608 KB   72/72 KB   66/66 KB   46/72 KB   89/608 KB   72/72 KB   66/66 KB   50/72 KB   89/608 KB   72/72 KB   66/66 KB   54/72 KB   89/608 KB   72/72 KB   66/66 KB   58/72 KB   89/608 KB   72/72 KB   66/66 KB   62/72 KB   89/608 KB   72/72 KB   66/66 KB   66/72 KB   89/608 KB   72/72 KB   66/66 KB   70/72 KB   89/608 KB   72/72 KB   66/66 KB   72/72 KB   89/608 KB   72/72 KB   66/66 KB   26/72 KB   89/608 KB   72/72 KB   66/66 KB   72/72 KB   93/608 KB   72/72 KB   66/66 KB   72/72 KB   97/608 KB   72/72 KB   66/66 KB   72/72 KB   101/608 KB   72/72 KB   66/66 KB   72/72 KB   105/608 KB   72/72 KB   66/66 KB   72/72 KB   109/608 KB   72/72 KB   66/66 KB   72/72 KB   113/608 KB   72/72 KB   66/66 KB   72/72 KB   117/608 KB   72/72 KB   66/66 KB   72/72 KB   121/608 KB   72/72 KB   66/66 KB   72/72 KB   125/608 KB   72/72 KB   66/66 KB   72/72 KB   129/608 KB   72/72 KB   66/66 KB   72/72 KB   133/608 KB   72/72 KB   66/66 KB   72/72 KB   137/608 KB   72/72 KB   66/66 KB   72/72 KB   141/608 KB   72/72 KB   66/66 KB   72/72 KB   145/608 KB   72/72 KB   66/66 KB   72/72 KB   149/608 KB   72/72 KB   66/66 KB   72/72 KB   151/608 KB   72/72 KB                                                 Downloaded: http://repo.maven.apache.org/maven2/com/mysema/querydsl/querydsl-codegen/3.6.4/querydsl-codegen-3.6.4.jar (72 KB at 1031.2 KB/sec)
Downloading: http://repo.maven.apache.org/maven2/com/mysema/querydsl/querydsl-core/3.6.4/querydsl-core-3.6.4.jar
66/66 KB   72/72 KB   154/608 KB              66/66 KB   72/72 KB   158/608 KB   66/66 KB   72/72 KB   162/608 KB   66/66 KB   72/72 KB   166/608 KB   66/66 KB   72/72 KB   170/608 KB   66/66 KB   72/72 KB   174/608 KB   66/66 KB   72/72 KB   178/608 KB   66/66 KB   72/72 KB   182/608 KB   66/66 KB   72/72 KB   186/608 KB   66/66 KB   72/72 KB   190/608 KB   66/66 KB   72/72 KB   194/608 KB   66/66 KB   72/72 KB   198/608 KB   66/66 KB   72/72 KB   202/608 KB   66/66 KB   72/72 KB   206/608 KB   66/66 KB   72/72 KB   210/608 KB   66/66 KB   72/72 KB   214/608 KB   66/66 KB   72/72 KB   218/608 KB   66/66 KB   222/608 KB              66/66 KB   226/608 KB   66/66 KB   229/608 KB                                      Downloaded: http://repo.maven.apache.org/maven2/com/mysema/codegen/codegen/0.6.6/codegen-0.6.6.jar (72 KB at 987.1 KB/sec)
Downloading: http://repo.maven.apache.org/maven2/org/apache/openwebbeans/test/cditest-owb/1.2.8/cditest-owb-1.2.8.jar
3/113 KB   66/66 KB   229/608 KB   7/113 KB   66/66 KB   229/608 KB   11/113 KB   229/608 KB             14/113 KB   229/608 KB                                      Downloaded: http://repo.maven.apache.org/maven2/com/mysema/querydsl/querydsl-apt/3.6.4/querydsl-apt-3.6.4.jar (66 KB at 838.7 KB/sec)
Downloading: http://repo.maven.apache.org/maven2/org/apache/openwebbeans/test/cditest/1.2.8/cditest-1.2.8.jar
14/113 KB   233/608 KB   14/113 KB   237/608 KB   14/113 KB   241/608 KB   14/113 KB   245/608 KB   14/113 KB   249/608 KB   14/113 KB   253/608 KB   14/113 KB   257/608 KB   14/113 KB   261/608 KB   14/113 KB   265/608 KB   14/113 KB   269/608 KB   14/113 KB   273/608 KB   14/113 KB   277/608 KB   14/113 KB   281/608 KB   14/113 KB   285/608 KB   14/113 KB   289/608 KB   14/113 KB   293/608 KB   14/113 KB   297/608 KB   14/113 KB   301/608 KB   14/113 KB   305/608 KB   14/113 KB   309/608 KB   14/113 KB   313/608 KB   14/113 KB   317/608 KB   14/113 KB   321/608 KB   14/113 KB   325/608 KB   14/113 KB   329/608 KB   14/113 KB   333/608 KB   14/113 KB   337/608 KB   14/113 KB   341/608 KB   14/113 KB   345/608 KB   14/113 KB   348/608 KB   14/113 KB   3/459 KB   348/608 KB   14/113 KB   7/459 KB   348/608 KB   14/113 KB   11/459 KB   348/608 KB   14/113 KB   15/459 KB   348/608 KB   14/113 KB   19/459 KB   348/608 KB   14/113 KB   23/459 KB   348/608 KB   17/113 KB   27/459 KB   348/608 KB   17/113 KB   31/459 KB   348/608 KB   17/113 KB   35/459 KB   348/608 KB   17/113 KB   39/459 KB   348/608 KB   17/113 KB   43/459 KB   348/608 KB   17/113 KB   47/459 KB   348/608 KB   17/113 KB   23/459 KB   348/608 KB   21/113 KB   47/459 KB   348/608 KB   25/113 KB   47/459 KB   348/608 KB   29/113 KB   47/459 KB   348/608 KB   33/113 KB   47/459 KB   348/608 KB   37/113 KB   47/459 KB   348/608 KB   41/113 KB   47/459 KB   348/608 KB   43/113 KB   47/459 KB   348/608 KB   43/113 KB   47/459 KB   352/608 KB   43/113 KB   47/459 KB   356/608 KB   43/113 KB   47/459 KB   360/608 KB   43/113 KB   47/459 KB   364/608 KB   43/113 KB   47/459 KB   368/608 KB   43/113 KB   4/16 KB   47/459 KB   368/608 KB   43/113 KB   4/16 KB   47/459 KB   372/608 KB   43/113 KB   8/16 KB   47/459 KB   372/608 KB   43/113 KB   12/16 KB   47/459 KB   372/608 KB   43/113 KB   12/16 KB   47/459 KB   376/608 KB   43/113 KB   16/16 KB   47/459 KB   380/608 KB   47/113 KB   16/16 KB   51/459 KB   3/10 KB   384/608 KB   47/113 KB   16/16 KB   51/459 KB   3/10 KB   388/608 KB   47/113 KB   16/16 KB   51/459 KB   3/10 KB   392/608 KB   47/113 KB   16/16 KB   51/459 KB   3/10 KB   396/608 KB   47/113 KB   16/16 KB   51/459 KB   3/10 KB   400/608 KB   47/113 KB   16/16 KB   51/459 KB   3/10 KB   404/608 KB   47/113 KB   16/16 KB   51/459 KB   3/10 KB   408/608 KB   47/113 KB   16/16 KB   51/459 KB   3/10 KB   412/608 KB   43/113 KB   16/16 KB   47/459 KB   376/608 KB   47/113 KB   16/16 KB   51/459 KB   3/10 KB   380/608 KB   51/113 KB   16/16 KB   51/459 KB   3/10 KB   412/608 KB   55/113 KB   16/16 KB   51/459 KB   3/10 KB   412/608 KB   59/113 KB   16/16 KB   51/459 KB   3/10 KB   412/608 KB   63/113 KB   16/16 KB   51/459 KB   3/10 KB   412/608 KB   67/113 KB   16/16 KB   51/459 KB   3/10 KB   412/608 KB   71/113 KB   16/16 KB   51/459 KB   3/10 KB   412/608 KB   75/113 KB   16/16 KB   51/459 KB   3/10 KB   412/608 KB   79/113 KB   16/16 KB   51/459 KB   3/10 KB   412/608 KB   83/113 KB   16/16 KB   51/459 KB   3/10 KB   412/608 KB   83/113 KB   16/16 KB   51/459 KB   3/10 KB   416/608 KB   43/113 KB   16/16 KB   51/459 KB   3/10 KB   380/608 KB   87/113 KB   16/16 KB   51/459 KB   3/10 KB   420/608 KB   87/113 KB   16/16 KB   55/459 KB   3/10 KB   420/608 KB   87/113 KB   16/16 KB   55/459 KB   3/10 KB   424/608 KB   43/113 KB   16/16 KB   47/459 KB   3/10 KB   380/608 KB   87/113 KB   16/16 KB   59/459 KB   3/10 KB   428/608 KB   87/113 KB   16/16 KB   59/459 KB   7/10 KB   428/608 KB   87/113 KB   16/16 KB   59/459 KB   10/10 KB   432/608 KB   87/113 KB   16/16 KB   59/459 KB   3/10 KB   424/608 KB   87/113 KB   16/16 KB   63/459 KB   10/10 KB   432/608 KB   87/113 KB   16/16 KB   67/459 KB   10/10 KB   432/608 KB   87/113 KB   16/16 KB   71/459 KB   10/10 KB   432/608 KB   87/113 KB   16/16 KB   75/459 KB   10/10 KB   432/608 KB   87/113 KB   16/16 KB   79/459 KB   10/10 KB   432/608 KB   87/113 KB   16/16 KB   83/459 KB   10/10 KB   432/608 KB   87/113 KB   16/16 KB   87/459 KB   10/10 KB   432/608 KB   87/113 KB   16/16 KB   91/459 KB   10/10 KB   432/608 KB   87/113 KB   16/16 KB   95/459 KB   10/10 KB   432/608 KB   87/113 KB   16/16 KB   99/459 KB   10/10 KB   432/608 KB   87/113 KB   16/16 KB   99/459 KB   10/10 KB   432/608 KB   87/113 KB   16/16 KB   51/459 KB   3/10 KB   416/608 KB   87/113 KB   16/16 KB   59/459 KB   10/10 KB   432/608 KB   88/113 KB   16/16 KB   99/459 KB   10/10 KB   432/608 KB   88/113 KB   16/16 KB   99/459 KB   10/10 KB   436/608 KB   88/113 KB   16/16 KB   99/459 KB   10/10 KB   440/608 KB   88/113 KB   16/16 KB   99/459 KB   10/10 KB   444/608 KB   88/113 KB   16/16 KB   99/459 KB   10/10 KB   448/608 KB   88/113 KB   16/16 KB   103/459 KB   10/10 KB   448/608 KB   88/113 KB   16/16 KB   103/459 KB   10/10 KB   452/608 KB   88/113 KB   16/16 KB   103/459 KB   10/10 KB   452/608 KB   88/113 KB   16/16 KB   103/459 KB   10/10 KB   456/608 KB   88/113 KB   16/16 KB   107/459 KB   10/10 KB   456/608 KB   88/113 KB   16/16 KB   107/459 KB   10/10 KB   460/608 KB   88/113 KB   16/16 KB   108/459 KB   10/10 KB   460/608 KB   88/113 KB   16/16 KB   108/459 KB   10/10 KB   464/608 KB   88/113 KB   16/16 KB   112/459 KB   10/10 KB   464/608 KB   88/113 KB   16/16 KB   112/459 KB   10/10 KB   468/608 KB   88/113 KB   16/16 KB   116/459 KB   10/10 KB   468/608 KB   88/113 KB   16/16 KB   116/459 KB   10/10 KB   472/608 KB   88/113 KB   16/16 KB   120/459 KB   10/10 KB   472/608 KB   88/113 KB   16/16 KB   120/459 KB   10/10 KB   476/608 KB   88/113 KB   16/16 KB   124/459 KB   10/10 KB   476/608 KB   88/113 KB   16/16 KB   124/459 KB   10/10 KB   480/608 KB   88/113 KB   16/16 KB   128/459 KB   10/10 KB   480/608 KB   88/113 KB   16/16 KB   128/459 KB   10/10 KB   484/608 KB   88/113 KB   16/16 KB   132/459 KB   10/10 KB   484/608 KB   92/113 KB   16/16 KB   136/459 KB   10/10 KB   488/608 KB   92/113 KB   16/16 KB   137/459 KB   10/10 KB   488/608 KB   92/113 KB   16/16 KB   132/459 KB   10/10 KB   488/608 KB   88/113 KB   16/16 KB   132/459 KB   10/10 KB   488/608 KB   96/113 KB   16/16 KB   137/459 KB   10/10 KB   488/608 KB   96/113 KB   16/16 KB   137/459 KB   10/10 KB   492/608 KB   100/113 KB   16/16 KB   137/459 KB   10/10 KB   492/608 KB   104/113 KB   16/16 KB   137/459 KB   10/10 KB   492/608 KB   104/113 KB   16/16 KB   137/459 KB   10/10 KB   496/608 KB   108/113 KB   16/16 KB   137/459 KB   10/10 KB   496/608 KB   108/113 KB   16/16 KB   137/459 KB   10/10 KB   500/608 KB   112/113 KB   16/16 KB   137/459 KB   10/10 KB   500/608 KB   113/113 KB   16/16 KB   137/459 KB   10/10 KB   500/608 KB   113/113 KB   16/16 KB   137/459 KB   10/10 KB   504/608 KB   113/113 KB   16/16 KB   137/459 KB   10/10 KB   508/608 KB   113/113 KB   16/16 KB   137/459 KB   10/10 KB   512/608 KB   113/113 KB   16/16 KB   137/459 KB   10/10 KB   516/608 KB   113/113 KB   16/16 KB   137/459 KB   10/10 KB   520/608 KB   113/113 KB   16/16 KB   137/459 KB   10/10 KB   524/608 KB   113/113 KB   16/16 KB   137/459 KB   10/10 KB   528/608 KB   113/113 KB   16/16 KB   137/459 KB   10/10 KB   532/608 KB   113/113 KB   16/16 KB   137/459 KB   10/10 KB   536/608 KB   113/113 KB   16/16 KB   137/459 KB   10/10 KB   540/608 KB   113/113 KB   16/16 KB   137/459 KB   10/10 KB   544/608 KB   113/113 KB   16/16 KB   137/459 KB   10/10 KB   548/608 KB   113/113 KB   16/16 KB   137/459 KB   10/10 KB   552/608 KB   113/113 KB   16/16 KB   137/459 KB   10/10 KB   556/608 KB   113/113 KB   16/16 KB   137/459 KB   10/10 KB   560/608 KB   113/113 KB   16/16 KB   141/459 KB   10/10 KB   560/608 KB   113/113 KB   16/16 KB   141/459 KB   10/10 KB   560/608 KB   113/113 KB   16/16 KB   145/459 KB   10/10 KB   560/608 KB   113/113 KB   16/16 KB   149/459 KB   10/10 KB   560/608 KB   113/113 KB   16/16 KB   153/459 KB   10/10 KB   560/608 KB   113/113 KB   16/16 KB   157/459 KB   10/10 KB   560/608 KB   113/113 KB   16/16 KB   161/459 KB   10/10 KB   560/608 KB   113/113 KB   16/16 KB   161/459 KB   10/10 KB   564/608 KB   113/113 KB   16/16 KB   165/459 KB   10/10 KB   564/608 KB   113/113 KB   16/16 KB   165/459 KB   10/10 KB   568/608 KB   113/113 KB   16/16 KB   166/459 KB   10/10 KB   568/608 KB   113/113 KB   16/16 KB   166/459 KB   10/10 KB   572/608 KB   113/113 KB   16/16 KB   166/459 KB   10/10 KB   576/608 KB   113/113 KB   16/16 KB   166/459 KB   10/10 KB   580/608 KB   113/113 KB   16/16 KB   166/459 KB   10/10 KB   584/608 KB                                                                                                                             Downloaded: http://repo.maven.apache.org/maven2/org/apache/openwebbeans/test/cditest/1.2.8/cditest-1.2.8.jar (10 KB at 90.3 KB/sec)
Downloaded: http://repo.maven.apache.org/maven2/org/apache/openwebbeans/test/cditest-owb/1.2.8/cditest-owb-1.2.8.jar (16 KB at 149.8 KB/sec)
Downloading: http://repo.maven.apache.org/maven2/org/apache/openwebbeans/openwebbeans-spi/1.2.8/openwebbeans-spi-1.2.8.jar
Downloading: http://repo.maven.apache.org/maven2/org/apache/openwebbeans/openwebbeans-impl/1.2.8/openwebbeans-impl-1.2.8.jar
113/113 KB   170/459 KB   584/608 KB                         113/113 KB   174/459 KB   584/608 KB                                          178/459 KB   584/608 KB                182/459 KB   588/608 KB   178/459 KB   588/608 KB   Downloaded: http://repo.maven.apache.org/maven2/com/mysema/querydsl/querydsl-jpa/3.6.4/querydsl-jpa-3.6.4.jar (113 KB at 1071.9 KB/sec)
Downloading: http://repo.maven.apache.org/maven2/org/slf4j/slf4j-api/1.7.12/slf4j-api-1.7.12.jar
186/459 KB   588/608 KB   190/459 KB   588/608 KB   194/459 KB   588/608 KB   198/459 KB   588/608 KB   202/459 KB   588/608 KB   206/459 KB   592/608 KB   210/459 KB   592/608 KB   214/459 KB   592/608 KB   218/459 KB   592/608 KB   222/459 KB   592/608 KB   226/459 KB   592/608 KB   230/459 KB   592/608 KB   234/459 KB   592/608 KB   238/459 KB   592/608 KB   242/459 KB   592/608 KB   4/20 KB   246/459 KB   592/608 KB   4/20 KB   250/459 KB   592/608 KB   4/20 KB   254/459 KB   592/608 KB   4/20 KB   258/459 KB   592/608 KB   4/20 KB   262/459 KB   592/608 KB   4/20 KB   266/459 KB   592/608 KB   4/20 KB   270/459 KB   592/608 KB   4/20 KB   274/459 KB   592/608 KB   4/20 KB   278/459 KB   592/608 KB   4/20 KB   282/459 KB   592/608 KB   4/20 KB   286/459 KB   592/608 KB   4/20 KB   290/459 KB   592/608 KB   4/20 KB   294/459 KB   592/608 KB   4/20 KB   298/459 KB   592/608 KB   4/20 KB   302/459 KB   592/608 KB   4/20 KB   306/459 KB   592/608 KB   4/20 KB   310/459 KB   592/608 KB   4/20 KB   314/459 KB   592/608 KB   4/20 KB   318/459 KB   592/608 KB   4/20 KB   322/459 KB   592/608 KB   4/20 KB   326/459 KB   592/608 KB   4/20 KB   330/459 KB   592/608 KB   4/20 KB   334/459 KB   592/608 KB   4/20 KB   338/459 KB   592/608 KB   4/20 KB   342/459 KB   592/608 KB   4/20 KB   346/459 KB   592/608 KB   4/20 KB   350/459 KB   592/608 KB   4/20 KB   354/459 KB   592/608 KB   4/20 KB   358/459 KB   592/608 KB   4/20 KB   362/459 KB   592/608 KB   4/20 KB   366/459 KB   592/608 KB   4/20 KB   370/459 KB   592/608 KB   4/20 KB   374/459 KB   592/608 KB   4/20 KB   378/459 KB   592/608 KB   4/20 KB   382/459 KB   592/608 KB   4/20 KB   386/459 KB   592/608 KB   4/20 KB   390/459 KB   592/608 KB   4/20 KB   394/459 KB   592/608 KB   4/20 KB   398/459 KB   592/608 KB   4/20 KB   402/459 KB   592/608 KB   4/20 KB   406/459 KB   592/608 KB   4/20 KB   410/459 KB   592/608 KB   4/20 KB   414/459 KB   592/608 KB   4/20 KB   418/459 KB   592/608 KB   4/20 KB   418/459 KB   592/608 KB   4/552 KB   4/20 KB   422/459 KB   592/608 KB   4/552 KB   4/20 KB   422/459 KB   592/608 KB   6/552 KB   4/20 KB   426/459 KB   592/608 KB   10/552 KB   4/20 KB   426/459 KB   592/608 KB   14/552 KB   4/20 KB   426/459 KB   592/608 KB   18/552 KB   202/459 KB   592/608 KB   4/20 KB   426/459 KB   592/608 KB   22/552 KB   4/20 KB   426/459 KB   596/608 KB   26/552 KB   4/20 KB   426/459 KB   596/608 KB   30/552 KB   4/20 KB   426/459 KB   596/608 KB   34/552 KB   4/20 KB   426/459 KB   596/608 KB   38/552 KB   4/20 KB   426/459 KB   596/608 KB   42/552 KB   4/20 KB   426/459 KB   596/608 KB   46/552 KB   4/20 KB   426/459 KB   596/608 KB   50/552 KB   4/20 KB   426/459 KB   596/608 KB   54/552 KB   4/20 KB   426/459 KB   596/608 KB   58/552 KB   4/20 KB   426/459 KB   596/608 KB   62/552 KB   4/20 KB   426/459 KB   596/608 KB   66/552 KB   4/20 KB   426/459 KB   596/608 KB   70/552 KB   4/20 KB   426/459 KB   596/608 KB   74/552 KB   4/20 KB   426/459 KB   596/608 KB   78/552 KB   4/20 KB   426/459 KB   596/608 KB   78/552 KB   4/20 KB   426/459 KB   592/608 KB   6/552 KB   4/20 KB   242/459 KB   592/608 KB   8/20 KB   426/459 KB   596/608 KB   78/552 KB   12/20 KB   426/459 KB   596/608 KB   78/552 KB   16/20 KB   426/459 KB   596/608 KB   78/552 KB   20/20 KB   426/459 KB   596/608 KB   78/552 KB   20/20 KB   430/459 KB   596/608 KB   78/552 KB   20/20 KB   434/459 KB   596/608 KB   78/552 KB   20/20 KB   438/459 KB   596/608 KB   78/552 KB   20/20 KB   442/459 KB   596/608 KB   78/552 KB   4/20 KB   426/459 KB   596/608 KB   22/552 KB   20/20 KB   446/459 KB   600/608 KB   82/552 KB   20/20 KB   446/459 KB   604/608 KB   82/552 KB   20/20 KB   442/459 KB   596/608 KB   82/552 KB   20/20 KB   446/459 KB   608/608 KB   86/552 KB   20/20 KB   446/459 KB   608/608 KB   90/552 KB   20/20 KB   446/459 KB   608/608 KB   94/552 KB   20/20 KB   446/459 KB   608/608 KB   98/552 KB   20/20 KB   446/459 KB   608/608 KB   102/552 KB   20/20 KB   446/459 KB   608/608 KB   106/552 KB   20/20 KB   446/459 KB   608/608 KB   110/552 KB   20/20 KB   446/459 KB   608/608 KB   114/552 KB   20/20 KB   446/459 KB   608/608 KB   118/552 KB   20/20 KB   446/459 KB   608/608 KB   122/552 KB   20/20 KB   446/459 KB   608/608 KB   126/552 KB   20/20 KB   446/459 KB   608/608 KB   130/552 KB   20/20 KB   446/459 KB   608/608 KB   134/552 KB   20/20 KB   446/459 KB   608/608 KB   138/552 KB   20/20 KB   446/459 KB   608/608 KB   142/552 KB   20/20 KB   446/459 KB   608/608 KB   146/552 KB   20/20 KB   446/459 KB   608/608 KB   149/552 KB   20/20 KB   446/459 KB   608/608 KB   82/552 KB   20/20 KB   446/459 KB   3/32 KB   608/608 KB   149/552 KB   20/20 KB   446/459 KB   600/608 KB   82/552 KB   20/20 KB   446/459 KB   3/32 KB   608/608 KB   149/552 KB   20/20 KB   446/459 KB   7/32 KB   608/608 KB   149/552 KB   20/20 KB   446/459 KB   11/32 KB   608/608 KB   149/552 KB   20/20 KB   446/459 KB   15/32 KB   608/608 KB   149/552 KB   20/20 KB   446/459 KB   19/32 KB   608/608 KB   149/552 KB   20/20 KB   446/459 KB   23/32 KB   608/608 KB   149/552 KB   20/20 KB   446/459 KB   27/32 KB   608/608 KB   149/552 KB   20/20 KB   446/459 KB   31/32 KB   608/608 KB   149/552 KB   20/20 KB   446/459 KB   32/32 KB   608/608 KB   149/552 KB   20/20 KB   446/459 KB   32/32 KB   608/608 KB   153/552 KB   20/20 KB   446/459 KB   32/32 KB   608/608 KB   157/552 KB                                                                Downloaded: http://repo.maven.apache.org/maven2/org/apache/openwebbeans/openwebbeans-spi/1.2.8/openwebbeans-spi-1.2.8.jar (20 KB at 125.8 KB/sec)
Downloading: http://repo.maven.apache.org/maven2/org/slf4j/jcl-over-slf4j/1.7.12/jcl-over-slf4j-1.7.12.jar
450/459 KB   32/32 KB   608/608 KB   157/552 KB              450/459 KB   32/32 KB   608/608 KB   161/552 KB   454/459 KB   32/32 KB   608/608 KB   161/552 KB   454/459 KB   32/32 KB   608/608 KB   165/552 KB   458/459 KB   32/32 KB   608/608 KB   165/552 KB   459/459 KB   32/32 KB   608/608 KB   165/552 KB   459/459 KB   32/32 KB   608/608 KB   169/552 KB   459/459 KB   32/32 KB   608/608 KB   173/552 KB   459/459 KB   32/32 KB   608/608 KB   177/552 KB   459/459 KB   32/32 KB   608/608 KB   181/552 KB   459/459 KB   32/32 KB   608/608 KB   185/552 KB   459/459 KB   32/32 KB   608/608 KB   189/552 KB   459/459 KB   32/32 KB   608/608 KB   193/552 KB   459/459 KB   197/552 KB                           459/459 KB   201/552 KB   459/459 KB   205/552 KB   459/459 KB   209/552 KB   459/459 KB   213/552 KB   459/459 KB   217/552 KB   459/459 KB   221/552 KB   459/459 KB   225/552 KB   459/459 KB   229/552 KB   459/459 KB   233/552 KB   459/459 KB   237/552 KB   459/459 KB   241/552 KB   459/459 KB   245/552 KB   459/459 KB   249/552 KB   459/459 KB   253/552 KB   459/459 KB   257/552 KB   459/459 KB   261/552 KB   459/459 KB   265/552 KB   459/459 KB   269/552 KB   459/459 KB   273/552 KB   459/459 KB   277/552 KB   459/459 KB   277/552 KB                                                     Downloaded: http://repo.maven.apache.org/maven2/org/slf4j/slf4j-api/1.7.12/slf4j-api-1.7.12.jar (32 KB at 190.1 KB/sec)
Downloading: http://repo.maven.apache.org/maven2/ch/qos/logback/logback-classic/1.1.3/logback-classic-1.1.3.jar
                                                  Downloaded: http://repo.maven.apache.org/maven2/joda-time/joda-time/2.8/joda-time-2.8.jar (608 KB at 3283.0 KB/sec)
Downloading: http://repo.maven.apache.org/maven2/ch/qos/logback/logback-core/1.1.3/logback-core-1.1.3.jar
459/459 KB   4/17 KB   277/552 KB   459/459 KB   6/17 KB   277/552 KB   459/459 KB   10/17 KB   277/552 KB   459/459 KB   14/17 KB   277/552 KB   459/459 KB   17/17 KB   277/552 KB   459/459 KB   17/17 KB   281/552 KB   459/459 KB   17/17 KB   285/552 KB   459/459 KB   17/17 KB   289/552 KB   459/459 KB   17/17 KB   293/552 KB   459/459 KB   17/17 KB   297/552 KB   459/459 KB   17/17 KB   301/552 KB   459/459 KB   17/17 KB   305/552 KB   459/459 KB   17/17 KB   309/552 KB   459/459 KB   17/17 KB   313/552 KB   459/459 KB   17/17 KB   317/552 KB   459/459 KB   17/17 KB   321/552 KB   459/459 KB   17/17 KB   325/552 KB   459/459 KB   17/17 KB   329/552 KB   459/459 KB   17/17 KB   330/552 KB   459/459 KB   17/17 KB   332/552 KB   459/459 KB   17/17 KB   336/552 KB   459/459 KB   17/17 KB   338/552 KB   459/459 KB   17/17 KB   342/552 KB   459/459 KB   17/17 KB   346/552 KB   459/459 KB   17/17 KB   350/552 KB   459/459 KB   17/17 KB   351/552 KB   459/459 KB   17/17 KB   354/552 KB   459/459 KB   17/17 KB   358/552 KB   459/459 KB   17/17 KB   362/552 KB   459/459 KB   17/17 KB   366/552 KB   459/459 KB   17/17 KB   370/552 KB   459/459 KB   17/17 KB   374/552 KB   459/459 KB   17/17 KB   378/552 KB   459/459 KB   17/17 KB   382/552 KB   459/459 KB   17/17 KB   386/552 KB   459/459 KB   17/17 KB   390/552 KB   459/459 KB   17/17 KB   394/552 KB   459/459 KB   17/17 KB   398/552 KB   459/459 KB   17/17 KB   402/552 KB   459/459 KB   17/17 KB   406/552 KB   459/459 KB   17/17 KB   410/552 KB   459/459 KB   17/17 KB   414/552 KB   459/459 KB   17/17 KB   418/552 KB   459/459 KB   17/17 KB   422/552 KB   459/459 KB   17/17 KB   426/552 KB   459/459 KB   17/17 KB   430/552 KB   459/459 KB   17/17 KB   434/552 KB   459/459 KB   17/17 KB   438/552 KB   459/459 KB   17/17 KB   441/552 KB                                        Downloaded: http://repo.maven.apache.org/maven2/com/mysema/querydsl/querydsl-core/3.6.4/querydsl-core-3.6.4.jar (459 KB at 2587.7 KB/sec)
                        Downloaded: http://repo.maven.apache.org/maven2/org/slf4j/jcl-over-slf4j/1.7.12/jcl-over-slf4j-1.7.12.jar (17 KB at 91.7 KB/sec)
17/17 KB   445/552 KB                449/552 KB              453/552 KB   457/552 KB   4/275 KB   457/552 KB   8/275 KB   457/552 KB   12/275 KB   457/552 KB   16/275 KB   457/552 KB   20/275 KB   457/552 KB   24/275 KB   457/552 KB   28/275 KB   457/552 KB   32/275 KB   457/552 KB   36/275 KB   457/552 KB   40/275 KB   457/552 KB   44/275 KB   457/552 KB   48/275 KB   457/552 KB   52/275 KB   457/552 KB   56/275 KB   457/552 KB   60/275 KB   457/552 KB   64/275 KB   457/552 KB   68/275 KB   457/552 KB   72/275 KB   457/552 KB   76/275 KB   457/552 KB   80/275 KB   457/552 KB   84/275 KB   457/552 KB   88/275 KB   457/552 KB   92/275 KB   457/552 KB   96/275 KB   457/552 KB   99/275 KB   457/552 KB   99/275 KB   461/552 KB   99/275 KB   465/552 KB   99/275 KB   469/552 KB   99/275 KB   473/552 KB   99/275 KB   477/552 KB   99/275 KB   481/552 KB   99/275 KB   485/552 KB   99/275 KB   489/552 KB   99/275 KB   493/552 KB   99/275 KB   497/552 KB   99/275 KB   501/552 KB   99/275 KB   4/445 KB   501/552 KB   99/275 KB   4/445 KB   505/552 KB   99/275 KB   8/445 KB   505/552 KB   99/275 KB   12/445 KB   505/552 KB   99/275 KB   12/445 KB   509/552 KB   99/275 KB   16/445 KB   509/552 KB   99/275 KB   20/445 KB   509/552 KB   99/275 KB   24/445 KB   509/552 KB   99/275 KB   28/445 KB   509/552 KB   99/275 KB   30/445 KB   509/552 KB   99/275 KB   30/445 KB   513/552 KB   99/275 KB   30/445 KB   517/552 KB   99/275 KB   30/445 KB   521/552 KB   99/275 KB   30/445 KB   525/552 KB   99/275 KB   30/445 KB   529/552 KB   99/275 KB   30/445 KB   533/552 KB   99/275 KB   30/445 KB   537/552 KB   99/275 KB   30/445 KB   541/552 KB   99/275 KB   30/445 KB   545/552 KB   99/275 KB   30/445 KB   549/552 KB   99/275 KB   30/445 KB   552/552 KB   103/275 KB   30/445 KB   552/552 KB   103/275 KB   30/445 KB   552/552 KB   107/275 KB   30/445 KB   552/552 KB   111/275 KB   30/445 KB   552/552 KB   115/275 KB   30/445 KB   552/552 KB   119/275 KB   30/445 KB   552/552 KB   123/275 KB   30/445 KB   552/552 KB   127/275 KB   30/445 KB   552/552 KB   127/275 KB   34/445 KB   552/552 KB   127/275 KB   38/445 KB   552/552 KB   127/275 KB   42/445 KB   552/552 KB   127/275 KB   46/445 KB   552/552 KB   127/275 KB   50/445 KB   552/552 KB   127/275 KB   54/445 KB   552/552 KB   127/275 KB   58/445 KB   552/552 KB   127/275 KB   61/445 KB   552/552 KB   131/275 KB   61/445 KB   552/552 KB   135/275 KB   61/445 KB   552/552 KB   139/275 KB   61/445 KB   552/552 KB   143/275 KB   61/445 KB   552/552 KB   147/275 KB   61/445 KB   552/552 KB   151/275 KB   61/445 KB   552/552 KB   155/275 KB   61/445 KB   552/552 KB   159/275 KB   61/445 KB   552/552 KB   163/275 KB   61/445 KB   552/552 KB   167/275 KB   61/445 KB   552/552 KB   171/275 KB   61/445 KB   552/552 KB   175/275 KB   61/445 KB   552/552 KB   179/275 KB   61/445 KB   552/552 KB   183/275 KB   61/445 KB   552/552 KB   187/275 KB   61/445 KB   552/552 KB   191/275 KB   61/445 KB   552/552 KB   195/275 KB   61/445 KB   552/552 KB   199/275 KB   61/445 KB   552/552 KB   203/275 KB   61/445 KB   552/552 KB   207/275 KB   61/445 KB   552/552 KB   211/275 KB   61/445 KB   552/552 KB   215/275 KB   61/445 KB   552/552 KB   219/275 KB   61/445 KB   552/552 KB   223/275 KB   61/445 KB   552/552 KB   227/275 KB   61/445 KB   552/552 KB   231/275 KB   61/445 KB   552/552 KB   235/275 KB   61/445 KB   552/552 KB   239/275 KB   61/445 KB   552/552 KB   243/275 KB   61/445 KB   552/552 KB   247/275 KB   61/445 KB   552/552 KB   251/275 KB   61/445 KB   552/552 KB   255/275 KB   61/445 KB   552/552 KB   259/275 KB   61/445 KB   552/552 KB   263/275 KB   61/445 KB   552/552 KB   267/275 KB   61/445 KB   552/552 KB   271/275 KB   61/445 KB   552/552 KB   275/275 KB   61/445 KB   552/552 KB   275/275 KB   64/445 KB   552/552 KB   275/275 KB   68/445 KB   552/552 KB   275/275 KB   68/445 KB   552/552 KB   275/275 KB   72/445 KB   552/552 KB   275/275 KB   76/445 KB   552/552 KB   275/275 KB   80/445 KB   552/552 KB   275/275 KB   84/445 KB   552/552 KB   275/275 KB   88/445 KB   552/552 KB   275/275 KB   92/445 KB   552/552 KB   275/275 KB   92/445 KB   552/552 KB   275/275 KB   95/445 KB   552/552 KB   275/275 KB   99/445 KB   552/552 KB   275/275 KB   103/445 KB   552/552 KB   275/275 KB   107/445 KB   552/552 KB   275/275 KB   111/445 KB   552/552 KB   275/275 KB   115/445 KB   552/552 KB   275/275 KB   119/445 KB   552/552 KB   275/275 KB   123/445 KB   552/552 KB   275/275 KB   123/445 KB   552/552 KB   275/275 KB   126/445 KB   552/552 KB   275/275 KB   129/445 KB   552/552 KB   275/275 KB   133/445 KB   552/552 KB   275/275 KB   137/445 KB   552/552 KB   275/275 KB   141/445 KB   552/552 KB   275/275 KB   145/445 KB   552/552 KB   275/275 KB   149/445 KB   552/552 KB   275/275 KB   153/445 KB   552/552 KB   275/275 KB   156/445 KB   552/552 KB   275/275 KB   158/445 KB   552/552 KB   275/275 KB   161/445 KB   552/552 KB   275/275 KB   164/445 KB   552/552 KB   275/275 KB   167/445 KB   552/552 KB   275/275 KB   171/445 KB   552/552 KB   275/275 KB   175/445 KB   552/552 KB   275/275 KB   179/445 KB   552/552 KB   275/275 KB   183/445 KB   552/552 KB   275/275 KB   187/445 KB   552/552 KB   275/275 KB   188/445 KB   552/552 KB                                          Downloaded: http://repo.maven.apache.org/maven2/ch/qos/logback/logback-classic/1.1.3/logback-classic-1.1.3.jar (275 KB at 1241.4 KB/sec)
                                       191/445 KB                             Downloaded: http://repo.maven.apache.org/maven2/org/apache/openwebbeans/openwebbeans-impl/1.2.8/openwebbeans-impl-1.2.8.jar (552 KB at 2485.9 KB/sec)
194/445 KB   197/445 KB   199/445 KB   203/445 KB   207/445 KB   211/445 KB   215/445 KB   219/445 KB   221/445 KB   224/445 KB   225/445 KB   226/445 KB   229/445 KB   232/445 KB   236/445 KB   240/445 KB   244/445 KB   248/445 KB   252/445 KB   253/445 KB   256/445 KB   259/445 KB   262/445 KB   265/445 KB   269/445 KB   273/445 KB   277/445 KB   281/445 KB   285/445 KB   286/445 KB   289/445 KB   291/445 KB   294/445 KB   297/445 KB   300/445 KB   304/445 KB   308/445 KB   310/445 KB   314/445 KB   318/445 KB   318/445 KB   321/445 KB   324/445 KB   325/445 KB   327/445 KB   330/445 KB   332/445 KB   336/445 KB   340/445 KB   344/445 KB   345/445 KB   349/445 KB   351/445 KB   354/445 KB   356/445 KB   359/445 KB   362/445 KB   365/445 KB   369/445 KB   373/445 KB   377/445 KB   381/445 KB   383/445 KB   386/445 KB   389/445 KB   392/445 KB   395/445 KB   397/445 KB   401/445 KB   402/445 KB   406/445 KB   410/445 KB   414/445 KB   416/445 KB   419/445 KB   421/445 KB   424/445 KB   427/445 KB   430/445 KB   431/445 KB   435/445 KB   439/445 KB   443/445 KB   445/445 KB                Downloaded: http://repo.maven.apache.org/maven2/ch/qos/logback/logback-core/1.1.3/logback-core-1.1.3.jar (445 KB at 1476.3 KB/sec)
Downloading: https://oss.sonatype.org/content/repositories/releases/org/springframework/data/spring-data-commons/1.11.0.M1/spring-data-commons-1.11.0.M1.jar
             Downloading: https://repository.apache.org/releases/org/springframework/data/spring-data-commons/1.11.0.M1/spring-data-commons-1.11.0.M1.jar
             Downloading: https://repo.spring.io/libs-milestone/org/springframework/data/spring-data-commons/1.11.0.M1/spring-data-commons-1.11.0.M1.jar
4/581 KB     8/581 KB   12/581 KB   14/581 KB   18/581 KB   22/581 KB   26/581 KB   30/581 KB   34/581 KB   37/581 KB   41/581 KB   45/581 KB   48/581 KB   52/581 KB   56/581 KB   60/581 KB   64/581 KB   68/581 KB   72/581 KB   76/581 KB   80/581 KB   84/581 KB   88/581 KB   92/581 KB   96/581 KB   100/581 KB   104/581 KB   108/581 KB   112/581 KB   116/581 KB   120/581 KB   124/581 KB   128/581 KB   132/581 KB   136/581 KB   140/581 KB   144/581 KB   148/581 KB   152/581 KB   156/581 KB   160/581 KB   164/581 KB   168/581 KB   172/581 KB   176/581 KB   180/581 KB   184/581 KB   188/581 KB   192/581 KB   196/581 KB   200/581 KB   204/581 KB   208/581 KB   212/581 KB   216/581 KB   220/581 KB   224/581 KB   228/581 KB   232/581 KB   236/581 KB   240/581 KB   244/581 KB   248/581 KB   252/581 KB   256/581 KB   260/581 KB   264/581 KB   268/581 KB   272/581 KB   276/581 KB   280/581 KB   284/581 KB   288/581 KB   292/581 KB   296/581 KB   300/581 KB   304/581 KB   308/581 KB   312/581 KB   316/581 KB   320/581 KB   324/581 KB   328/581 KB   332/581 KB   336/581 KB   340/581 KB   344/581 KB   348/581 KB   352/581 KB   356/581 KB   360/581 KB   364/581 KB   368/581 KB   372/581 KB   376/581 KB   380/581 KB   384/581 KB   388/581 KB   392/581 KB   396/581 KB   400/581 KB   404/581 KB   408/581 KB   412/581 KB   416/581 KB   420/581 KB   424/581 KB   428/581 KB   432/581 KB   436/581 KB   440/581 KB   444/581 KB   448/581 KB   452/581 KB   456/581 KB   460/581 KB   464/581 KB   468/581 KB   472/581 KB   476/581 KB   480/581 KB   484/581 KB   488/581 KB   492/581 KB   496/581 KB   500/581 KB   504/581 KB   508/581 KB   512/581 KB   516/581 KB   520/581 KB   524/581 KB   528/581 KB   532/581 KB   536/581 KB   540/581 KB   544/581 KB   548/581 KB   552/581 KB   556/581 KB   560/581 KB   564/581 KB   568/581 KB   572/581 KB   576/581 KB   580/581 KB   581/581 KB                Downloaded: https://repo.spring.io/libs-milestone/org/springframework/data/spring-data-commons/1.11.0.M1/spring-data-commons-1.11.0.M1.jar (581 KB at 2580.7 KB/sec)
[INFO] 
[INFO] --- maven-clean-plugin:2.5:clean (default-clean) @ spring-data-jpa ---
[INFO] 
[INFO] --- maven-dependency-plugin:2.8:list (default-cli) @ spring-data-jpa ---
[INFO] 
[INFO] The following files have been resolved:
[INFO]    antlr:antlr:jar:2.7.7:compile
[INFO]    aopalliance:aopalliance:jar:1.0:compile
[INFO]    ch.qos.logback:logback-classic:jar:1.1.3:test
[INFO]    ch.qos.logback:logback-core:jar:1.1.3:test
[INFO]    com.google.code.findbugs:jsr305:jar:1.3.9:compile
[INFO]    com.google.guava:guava:jar:17.0:test
[INFO]    com.infradna.tool:bridge-method-annotation:jar:1.13:compile
[INFO]    com.mysema.codegen:codegen:jar:0.6.6:provided
[INFO]    com.mysema.commons:mysema-commons-lang:jar:0.2.4:compile
[INFO]    com.mysema.querydsl:querydsl-apt:jar:3.6.4:provided
[INFO]    com.mysema.querydsl:querydsl-codegen:jar:3.6.4:provided
[INFO]    com.mysema.querydsl:querydsl-core:jar:3.6.4:compile
[INFO]    com.mysema.querydsl:querydsl-jpa:jar:3.6.4:compile
[INFO]    commons-collections:commons-collections:jar:3.2.1:compile
[INFO]    commons-lang:commons-lang:jar:2.4:compile
[INFO]    commons-pool:commons-pool:jar:1.5.4:compile
[INFO]    dom4j:dom4j:jar:1.6.1:compile
[INFO]    javax.annotation:jsr250-api:jar:1.0:provided
[INFO]    javax.el:el-api:jar:1.0:test
[INFO]    javax.enterprise:cdi-api:jar:1.0:provided
[INFO]    javax.inject:javax.inject:jar:1:provided
[INFO]    javax.servlet:javax.servlet-api:jar:3.0.1:test
[INFO]    joda-time:joda-time:jar:2.8:compile
[INFO]    junit:junit:jar:4.12:test
[INFO]    net.sourceforge.serp:serp:jar:1.14.1:compile
[INFO]    org.apache.geronimo.specs:geronimo-atinject_1.0_spec:jar:1.0:test
[INFO]    org.apache.geronimo.specs:geronimo-jcdi_1.0_spec:jar:1.0:test
[INFO]    org.apache.geronimo.specs:geronimo-jms_1.1_spec:jar:1.1.1:compile
[INFO]    org.apache.geronimo.specs:geronimo-jpa_2.0_spec:jar:1.1:compile
[INFO]    org.apache.geronimo.specs:geronimo-jta_1.1_spec:jar:1.1.1:compile
[INFO]    org.apache.openjpa:openjpa-jdbc:jar:2.3.0:compile
[INFO]    org.apache.openjpa:openjpa-kernel:jar:2.3.0:compile
[INFO]    org.apache.openjpa:openjpa-lib:jar:2.3.0:compile
[INFO]    org.apache.openjpa:openjpa-persistence-jdbc:jar:2.3.0:compile
[INFO]    org.apache.openjpa:openjpa-persistence:jar:2.3.0:compile
[INFO]    org.apache.openwebbeans.test:cditest-owb:jar:1.2.8:test
[INFO]    org.apache.openwebbeans.test:cditest:jar:1.2.8:test
[INFO]    org.apache.openwebbeans:openwebbeans-impl:jar:1.2.8:test
[INFO]    org.apache.openwebbeans:openwebbeans-spi:jar:1.2.8:test
[INFO]    org.apache.xbean:xbean-asm4-shaded:jar:3.14:compile
[INFO]    org.apache.xbean:xbean-asm5-shaded:jar:4.1:test
[INFO]    org.apache.xbean:xbean-finder-shaded:jar:4.1:test
[INFO]    org.aspectj:aspectjrt:jar:1.8.5:compile
[INFO]    org.aspectj:aspectjweaver:jar:1.8.5:test
[INFO]    org.eclipse.jdt.core.compiler:ecj:jar:4.3.1:provided
[INFO]    org.eclipse.persistence:javax.persistence:jar:2.1.0:compile
[INFO]    org.eclipse.persistence:org.eclipse.persistence.antlr:jar:2.6.0:compile
[INFO]    org.eclipse.persistence:org.eclipse.persistence.asm:jar:2.6.0:compile
[INFO]    org.eclipse.persistence:org.eclipse.persistence.core:jar:2.6.0:compile
[INFO]    org.eclipse.persistence:org.eclipse.persistence.jpa.jpql:jar:2.6.0:compile
[INFO]    org.eclipse.persistence:org.eclipse.persistence.jpa:jar:2.6.0:compile
[INFO]    org.glassfish:javax.json:jar:1.0.4:compile
[INFO]    org.hamcrest:hamcrest-core:jar:1.3:test
[INFO]    org.hamcrest:hamcrest-library:jar:1.3:test
[INFO]    org.hibernate.common:hibernate-commons-annotations:jar:4.0.1.Final:compile
[INFO]    org.hibernate.javax.persistence:hibernate-jpa-2.0-api:jar:1.0.1.Final:compile
[INFO]    org.hibernate:hibernate-core:jar:4.1.12.Final:compile
[INFO]    org.hibernate:hibernate-entitymanager:jar:4.1.12.Final:compile
[INFO]    org.hsqldb:hsqldb:jar:2.2.8:test
[INFO]    org.javassist:javassist:jar:3.15.0-GA:compile
[INFO]    org.jboss.interceptor:jboss-interceptor-api:jar:1.1:provided
[INFO]    org.jboss.logging:jboss-logging:jar:3.1.0.GA:compile
[INFO]    org.jboss.spec.javax.transaction:jboss-transaction-api_1.1_spec:jar:1.0.0.Final:compile
[INFO]    org.mockito:mockito-core:jar:1.10.19:test
[INFO]    org.objenesis:objenesis:jar:2.1:test
[INFO]    org.slf4j:jcl-over-slf4j:jar:1.7.12:runtime
[INFO]    org.slf4j:slf4j-api:jar:1.7.12:compile
[INFO]    org.springframework.data:spring-data-commons:jar:1.11.0.M1:compile
[INFO]    org.springframework:spring-aop:jar:4.1.6.RELEASE:compile
[INFO]    org.springframework:spring-aspects:jar:4.1.6.RELEASE:compile
[INFO]    org.springframework:spring-beans:jar:4.1.6.RELEASE:compile
[INFO]    org.springframework:spring-context:jar:4.1.6.RELEASE:compile
[INFO]    org.springframework:spring-core:jar:4.1.6.RELEASE:compile
[INFO]    org.springframework:spring-expression:jar:4.1.6.RELEASE:compile
[INFO]    org.springframework:spring-instrument:jar:4.1.6.RELEASE:provided
[INFO]    org.springframework:spring-jdbc:jar:4.1.6.RELEASE:compile
[INFO]    org.springframework:spring-orm:jar:4.1.6.RELEASE:compile
[INFO]    org.springframework:spring-test:jar:4.1.6.RELEASE:test
[INFO]    org.springframework:spring-tx:jar:4.1.6.RELEASE:compile
[INFO]    org.threeten:threetenbp:jar:1.2:compile
[INFO] 
[INFO] 
[INFO] --- apt-maven-plugin:1.1.3:process (sources) @ spring-data-jpa ---
[INFO] 
[INFO] --- maven-resources-plugin:2.6:resources (default-resources) @ spring-data-jpa ---
[INFO] Using 'UTF-8' encoding to copy filtered resources.
[INFO] Copying 13 resources
[INFO] 
[INFO] --- maven-compiler-plugin:3.1:compile (default-compile) @ spring-data-jpa ---
[INFO] Changes detected - recompiling the module!
[INFO] Compiling 98 source files to /home/travis/build/spring-projects/spring-data-jpa/target/classes
[WARNING] /home/travis/build/spring-projects/spring-data-jpa/target/generated-sources/annotations/org/springframework/data/jpa/domain/QAbstractPersistable.java: Some input files use unchecked or unsafe operations.
[WARNING] /home/travis/build/spring-projects/spring-data-jpa/target/generated-sources/annotations/org/springframework/data/jpa/domain/QAbstractPersistable.java: Recompile with -Xlint:unchecked for details.
[INFO] 
[INFO] --- com.springsource.bundlor.maven:1.0.0.RELEASE:bundlor (bundlor) @ spring-data-jpa ---
Manifest written to '/home/travis/build/spring-projects/spring-data-jpa/target/classes/META-INF/MANIFEST.MF'
[INFO] 
[INFO] --- aspectj-maven-plugin:1.6:compile (default) @ spring-data-jpa ---
[INFO] 
[INFO] --- apt-maven-plugin:1.1.3:test-process (test-sources) @ spring-data-jpa ---
[INFO] 
[INFO] --- maven-resources-plugin:2.6:testResources (default-testResources) @ spring-data-jpa ---
[INFO] Using 'UTF-8' encoding to copy filtered resources.
[INFO] Copying 33 resources
[INFO] 
[INFO] --- maven-compiler-plugin:3.1:testCompile (default-testCompile) @ spring-data-jpa ---
[INFO] Changes detected - recompiling the module!
[INFO] Compiling 297 source files to /home/travis/build/spring-projects/spring-data-jpa/target/test-classes
[INFO] 
[INFO] --- maven-surefire-plugin:2.12:test (default-test) @ spring-data-jpa ---
[INFO] Surefire report directory: /home/travis/build/spring-projects/spring-data-jpa/target/surefire-reports

-------------------------------------------------------
 T E S T S
-------------------------------------------------------

Results :

Tests run: 0, Failures: 0, Errors: 0, Skipped: 0

[INFO] 
[INFO] --- maven-surefire-plugin:2.12:test (unit-tests) @ spring-data-jpa ---
[INFO] Surefire report directory: /home/travis/build/spring-projects/spring-data-jpa/target/surefire-reports

-------------------------------------------------------
 T E S T S
-------------------------------------------------------
Running org.springframework.data.jpa.repository.support.JpaEntityInformationSupportUnitTests
Tests run: 2, Failures: 0, Errors: 0, Skipped: 0, Time elapsed: 0.292 sec
Running org.springframework.data.jpa.repository.support.EntityManagerBeanDefinitionRegistratPostProcessorUnitTests
Tests run: 1, Failures: 0, Errors: 0, Skipped: 0, Time elapsed: 0.195 sec
Running org.springframework.data.jpa.repository.support.JpaRepositoryFactoryBeanUnitTests
Tests run: 4, Failures: 0, Errors: 0, Skipped: 0, Time elapsed: 0.042 sec
Running org.springframework.data.jpa.repository.support.SimpleJpaRepositoryUnitTests
Tests run: 3, Failures: 0, Errors: 0, Skipped: 0, Time elapsed: 0.248 sec
Running org.springframework.data.jpa.repository.support.JpaRepositoryFactoryUnitTests
Tests run: 8, Failures: 0, Errors: 0, Skipped: 0, Time elapsed: 0.367 sec
Running org.springframework.data.jpa.repository.support.JpaPersistableEntityInformationUnitTests
Tests run: 1, Failures: 0, Errors: 0, Skipped: 0, Time elapsed: 0.024 sec
Running org.springframework.data.jpa.repository.support.EntityManagerFactoryRefUnitTests
Tests run: 1, Failures: 0, Errors: 0, Skipped: 0, Time elapsed: 0.467 sec
Running org.springframework.data.jpa.repository.support.JpaMetamodelEntityInformationUnitTests
Tests run: 1, Failures: 0, Errors: 0, Skipped: 0, Time elapsed: 0.028 sec
Running org.springframework.data.jpa.repository.support.CrudMethodMetadataPopulatingMethodInterceptorUnitTests
Tests run: 1, Failures: 0, Errors: 0, Skipped: 0, Time elapsed: 0.01 sec
Running org.springframework.data.jpa.repository.query.SimpleJpaQueryUnitTests
Tests run: 9, Failures: 0, Errors: 0, Skipped: 0, Time elapsed: 0.069 sec
Running org.springframework.data.jpa.repository.query.ParameterBinderUnitTests
Tests run: 14, Failures: 0, Errors: 0, Skipped: 0, Time elapsed: 0.064 sec
Running org.springframework.data.jpa.repository.query.JpaQueryExecutionUnitTests
Tests run: 8, Failures: 0, Errors: 0, Skipped: 0, Time elapsed: 0.031 sec
Running org.springframework.data.jpa.repository.query.JpaQueryLookupStrategyUnitTests
Tests run: 2, Failures: 0, Errors: 0, Skipped: 0, Time elapsed: 0.009 sec
Running org.springframework.data.jpa.repository.query.JpaParametersUnitTests
Tests run: 1, Failures: 0, Errors: 0, Skipped: 0, Time elapsed: 0.002 sec
Running org.springframework.data.jpa.repository.query.ExpressionBasedStringQueryUnitTests
Tests run: 2, Failures: 0, Errors: 0, Skipped: 0, Time elapsed: 0.036 sec
Running org.springframework.data.jpa.repository.query.StringQueryUnitTests
Tests run: 20, Failures: 0, Errors: 0, Skipped: 0, Time elapsed: 0.029 sec
Running org.springframework.data.jpa.repository.query.JpaQueryMethodUnitTests
Tests run: 26, Failures: 0, Errors: 0, Skipped: 0, Time elapsed: 0.058 sec
Running org.springframework.data.jpa.repository.query.Jpa21UtilsUnitTests
Tests run: 1, Failures: 0, Errors: 0, Skipped: 0, Time elapsed: 0.014 sec
Running org.springframework.data.jpa.repository.query.LikeBindingUnitTests
Tests run: 8, Failures: 0, Errors: 0, Skipped: 0, Time elapsed: 0.005 sec
Running org.springframework.data.jpa.repository.query.StoredProcedureAttributeSourceUnitTests
Tests run: 6, Failures: 0, Errors: 0, Skipped: 0, Time elapsed: 0.015 sec
Running org.springframework.data.jpa.repository.query.StoredProcedureAttributesUnitTests
Tests run: 1, Failures: 0, Errors: 0, Skipped: 0, Time elapsed: 0.001 sec
Running org.springframework.data.jpa.repository.query.QueryUtilsUnitTests
Tests run: 24, Failures: 0, Errors: 0, Skipped: 0, Time elapsed: 0.011 sec
Running org.springframework.data.jpa.repository.query.NamedQueryUnitTests
Tests run: 2, Failures: 0, Errors: 0, Skipped: 0, Time elapsed: 0.007 sec
Running org.springframework.data.jpa.repository.cdi.JpaRepositoryExtensionUnitTests
Tests run: 3, Failures: 0, Errors: 0, Skipped: 0, Time elapsed: 0.033 sec
Running org.springframework.data.jpa.repository.config.JpaRepositoryConfigExtensionUnitTests
Tests run: 4, Failures: 0, Errors: 0, Skipped: 0, Time elapsed: 0.053 sec
Running org.springframework.data.jpa.repository.config.JpaAuditingRegistrarUnitTests
Tests run: 2, Failures: 0, Errors: 0, Skipped: 0, Time elapsed: 0.046 sec
Running org.springframework.data.jpa.repository.config.JpaRepositoriesRegistrarUnitTests
Tests run: 1, Failures: 0, Errors: 0, Skipped: 0, Time elapsed: 0.348 sec
Running org.springframework.data.jpa.repository.CrudMethodMetadataUnitTests
Tests run: 3, Failures: 0, Errors: 0, Skipped: 0, Time elapsed: 0.241 sec
Running org.springframework.data.jpa.support.MergingPersistenceUnitManagerUnitTests
Tests run: 5, Failures: 0, Errors: 0, Skipped: 0, Time elapsed: 0.107 sec
Running org.springframework.data.jpa.support.ClasspathScanningPersistenceUnitPostProcessorUnitTests
Tests run: 8, Failures: 0, Errors: 0, Skipped: 0, Time elapsed: 0.063 sec
Running org.springframework.data.jpa.domain.support.AuditingNamespaceUnitTests
Tests run: 5, Failures: 0, Errors: 0, Skipped: 0, Time elapsed: 1.155 sec
Running org.springframework.data.jpa.domain.support.AuditingBeanFactoryPostProcessorUnitTests
Tests run: 4, Failures: 0, Errors: 0, Skipped: 0, Time elapsed: 0.362 sec
Running org.springframework.data.jpa.domain.support.AnnotationAuditingBeanFactoryPostProcessorUnitTests
Tests run: 4, Failures: 0, Errors: 0, Skipped: 0, Time elapsed: 0.087 sec
Running org.springframework.data.jpa.domain.SpecificationsUnitTests
Tests run: 8, Failures: 0, Errors: 0, Skipped: 0, Time elapsed: 0.318 sec
Running org.springframework.data.jpa.mapping.JpaPersistentPropertyImplUnitTests
Tests run: 14, Failures: 0, Errors: 0, Skipped: 0, Time elapsed: 0.236 sec
Running org.springframework.data.jpa.provider.PersistenceProviderUnitTests
Tests run: 5, Failures: 0, Errors: 0, Skipped: 0, Time elapsed: 0.269 sec

Results :

Tests run: 212, Failures: 0, Errors: 0, Skipped: 0

[INFO] 
[INFO] --- maven-surefire-plugin:2.12:test (integration-tests) @ spring-data-jpa ---
[INFO] Surefire report directory: /home/travis/build/spring-projects/spring-data-jpa/target/surefire-reports

-------------------------------------------------------
 T E S T S
-------------------------------------------------------
Running org.springframework.data.jpa.repository.support.EntityManagerBeanDefinitionRegistrarPostProcessorIntegrationTests
Tests run: 1, Failures: 0, Errors: 0, Skipped: 0, Time elapsed: 5.257 sec
Running org.springframework.data.jpa.repository.support.TransactionalRepositoryTests
Tests run: 5, Failures: 0, Errors: 0, Skipped: 0, Time elapsed: 2.935 sec
Running org.springframework.data.jpa.repository.support.JpaMetamodelEntityInformationIntegrationTests
Tests run: 14, Failures: 0, Errors: 0, Skipped: 1, Time elapsed: 1.894 sec
Running org.springframework.data.jpa.repository.support.QueryDslJpaRepositoryTests
Tests run: 17, Failures: 0, Errors: 1, Skipped: 0, Time elapsed: 0.556 sec <<< FAILURE!
shouldSupportExistsWithPredicate(org.springframework.data.jpa.repository.support.QueryDslJpaRepositoryTests)  Time elapsed: 0.016 sec  <<< ERROR!
java.lang.NoClassDefFoundError: org/hibernate/jpa/HibernateQuery
	at com.mysema.query.jpa.HibernateHandler.transform(HibernateHandler.java:83)
	at com.mysema.query.jpa.impl.AbstractJPAQuery.createQuery(AbstractJPAQuery.java:161)
	at com.mysema.query.jpa.impl.AbstractJPAQuery.uniqueResult(AbstractJPAQuery.java:311)
	at com.mysema.query.jpa.impl.AbstractJPAQuery.uniqueResult(AbstractJPAQuery.java:304)
	at com.mysema.query.support.ProjectableQuery.singleResult(ProjectableQuery.java:75)
	at com.mysema.query.jpa.JPAQueryBase.exists(JPAQueryBase.java:67)
	at org.springframework.data.jpa.repository.support.QueryDslJpaRepository.exists(QueryDslJpaRepository.java:162)
	at org.springframework.data.jpa.repository.support.QueryDslJpaRepositoryTests.shouldSupportExistsWithPredicate(QueryDslJpaRepositoryTests.java:335)
	at sun.reflect.NativeMethodAccessorImpl.invoke0(Native Method)
	at sun.reflect.NativeMethodAccessorImpl.invoke(NativeMethodAccessorImpl.java:62)
	at sun.reflect.DelegatingMethodAccessorImpl.invoke(DelegatingMethodAccessorImpl.java:43)
	at java.lang.reflect.Method.invoke(Method.java:483)
	at org.junit.runners.model.FrameworkMethod$1.runReflectiveCall(FrameworkMethod.java:50)
	at org.junit.internal.runners.model.ReflectiveCallable.run(ReflectiveCallable.java:12)
	at org.junit.runners.model.FrameworkMethod.invokeExplosively(FrameworkMethod.java:47)
	at org.junit.internal.runners.statements.InvokeMethod.evaluate(InvokeMethod.java:17)
	at org.junit.internal.runners.statements.RunBefores.evaluate(RunBefores.java:26)
	at org.springframework.test.context.junit4.statements.RunBeforeTestMethodCallbacks.evaluate(RunBeforeTestMethodCallbacks.java:73)
	at org.springframework.test.context.junit4.statements.RunAfterTestMethodCallbacks.evaluate(RunAfterTestMethodCallbacks.java:82)
	at org.springframework.test.context.junit4.statements.SpringRepeat.evaluate(SpringRepeat.java:73)
	at org.junit.runners.ParentRunner.runLeaf(ParentRunner.java:325)
	at org.springframework.test.context.junit4.SpringJUnit4ClassRunner.runChild(SpringJUnit4ClassRunner.java:224)
	at org.springframework.test.context.junit4.SpringJUnit4ClassRunner.runChild(SpringJUnit4ClassRunner.java:83)
	at org.junit.runners.ParentRunner$3.run(ParentRunner.java:290)
	at org.junit.runners.ParentRunner$1.schedule(ParentRunner.java:71)
	at org.junit.runners.ParentRunner.runChildren(ParentRunner.java:288)
	at org.junit.runners.ParentRunner.access$000(ParentRunner.java:58)
	at org.junit.runners.ParentRunner$2.evaluate(ParentRunner.java:268)
	at org.springframework.test.context.junit4.statements.RunBeforeTestClassCallbacks.evaluate(RunBeforeTestClassCallbacks.java:61)
	at org.springframework.test.context.junit4.statements.RunAfterTestClassCallbacks.evaluate(RunAfterTestClassCallbacks.java:68)
	at org.junit.runners.ParentRunner.run(ParentRunner.java:363)
	at org.springframework.test.context.junit4.SpringJUnit4ClassRunner.run(SpringJUnit4ClassRunner.java:163)
	at org.apache.maven.surefire.junit4.JUnit4Provider.execute(JUnit4Provider.java:236)
	at org.apache.maven.surefire.junit4.JUnit4Provider.executeTestSet(JUnit4Provider.java:134)
	at org.apache.maven.surefire.junit4.JUnit4Provider.invoke(JUnit4Provider.java:113)
	at sun.reflect.NativeMethodAccessorImpl.invoke0(Native Method)
	at sun.reflect.NativeMethodAccessorImpl.invoke(NativeMethodAccessorImpl.java:62)
	at sun.reflect.DelegatingMethodAccessorImpl.invoke(DelegatingMethodAccessorImpl.java:43)
	at java.lang.reflect.Method.invoke(Method.java:483)
	at org.apache.maven.surefire.util.ReflectionUtils.invokeMethodWithArray(ReflectionUtils.java:189)
	at org.apache.maven.surefire.booter.ProviderFactory$ProviderProxy.invoke(ProviderFactory.java:165)
	at org.apache.maven.surefire.booter.ProviderFactory.invokeProvider(ProviderFactory.java:85)
	at org.apache.maven.surefire.booter.ForkedBooter.runSuitesInProcess(ForkedBooter.java:103)
	at org.apache.maven.surefire.booter.ForkedBooter.main(ForkedBooter.java:74)
Caused by: java.lang.ClassNotFoundException: org.hibernate.jpa.HibernateQuery
	at java.net.URLClassLoader$1.run(URLClassLoader.java:372)
	at java.net.URLClassLoader$1.run(URLClassLoader.java:361)
	at java.security.AccessController.doPrivileged(Native Method)
	at java.net.URLClassLoader.findClass(URLClassLoader.java:360)
	at java.lang.ClassLoader.loadClass(ClassLoader.java:424)
	at sun.misc.Launcher$AppClassLoader.loadClass(Launcher.java:308)
	at java.lang.ClassLoader.loadClass(ClassLoader.java:357)
	... 44 more
Running org.springframework.data.jpa.repository.support.MailMessageRepositoryIntegrationTests
Tests run: 4, Failures: 0, Errors: 0, Skipped: 0, Time elapsed: 1.979 sec
Running org.springframework.data.jpa.repository.support.JavaConfigDefaultTransactionDisablingIntegrationTests
Tests run: 3, Failures: 0, Errors: 0, Skipped: 0, Time elapsed: 3.182 sec
Running org.springframework.data.jpa.repository.support.XmlConfigDefaultTransactionDisablingIntegrationTests
Tests run: 3, Failures: 0, Errors: 0, Skipped: 0, Time elapsed: 2.884 sec
Running org.springframework.data.jpa.repository.support.QueryDslRepositorySupportTests
Tests run: 4, Failures: 0, Errors: 0, Skipped: 0, Time elapsed: 0.171 sec
Running org.springframework.data.jpa.repository.support.QueryDslRepositorySupportIntegrationTests
Tests run: 2, Failures: 0, Errors: 0, Skipped: 0, Time elapsed: 0.723 sec
Running org.springframework.data.jpa.repository.support.JpaRepositoryTests
Tests run: 4, Failures: 0, Errors: 0, Skipped: 0, Time elapsed: 0.167 sec
Running org.springframework.data.jpa.repository.support.QuerydslIntegrationTests
Tests run: 1, Failures: 0, Errors: 0, Skipped: 0, Time elapsed: 0.029 sec
Running org.springframework.data.jpa.repository.support.EntityManagerFactoryRefTests
Tests run: 2, Failures: 0, Errors: 0, Skipped: 0, Time elapsed: 2.584 sec
Running org.springframework.data.jpa.repository.query.PartTreeJpaQueryIntegrationTests
Tests run: 4, Failures: 0, Errors: 0, Skipped: 0, Time elapsed: 0.078 sec
Running org.springframework.data.jpa.repository.query.ParameterExpressionProviderTests
Tests run: 1, Failures: 0, Errors: 0, Skipped: 0, Time elapsed: 0.019 sec
Running org.springframework.data.jpa.repository.query.QueryUtilsIntegrationTests
Tests run: 5, Failures: 0, Errors: 0, Skipped: 0, Time elapsed: 0.269 sec
Running org.springframework.data.jpa.repository.query.AbstractJpaQueryTests
Tests run: 5, Failures: 0, Errors: 0, Skipped: 2, Time elapsed: 0.691 sec
Running org.springframework.data.jpa.repository.cdi.CdiExtensionIntegrationTests
Jun 02, 2015 7:30:13 AM org.apache.webbeans.lifecycle.AbstractLifeCycle bootstrapApplication
INFO: OpenWebBeans Container is starting...
Jun 02, 2015 7:30:13 AM org.apache.webbeans.corespi.scanner.AbstractMetaDataDiscovery addWebBeansXmlLocation
INFO: added beans.xml marker: file:/home/travis/build/spring-projects/spring-data-jpa/target/test-classes/META-INF/beans.xml
Jun 02, 2015 7:30:14 AM org.apache.webbeans.config.BeansDeployer validateInjectionPoints
INFO: All injection points were validated successfully.
Jun 02, 2015 7:30:14 AM org.apache.webbeans.lifecycle.AbstractLifeCycle bootstrapApplication
INFO: OpenWebBeans Container has started, it took [1725] ms.
Tests run: 4, Failures: 0, Errors: 0, Skipped: 0, Time elapsed: 2.257 sec
Running org.springframework.data.jpa.repository.StoredProcedureIntegrationTests
Tests run: 12, Failures: 0, Errors: 0, Skipped: 12, Time elapsed: 1.774 sec
Running org.springframework.data.jpa.repository.UserRepositoryFinderTests
Tests run: 12, Failures: 0, Errors: 0, Skipped: 0, Time elapsed: 1.582 sec
Running org.springframework.data.jpa.repository.RoleRepositoryIntegrationTests
Tests run: 5, Failures: 0, Errors: 0, Skipped: 0, Time elapsed: 0.776 sec
Running org.springframework.data.jpa.repository.config.JpaRepositoryConfigDefinitionParserTests
Tests run: 1, Failures: 0, Errors: 0, Skipped: 0, Time elapsed: 0.128 sec
Running org.springframework.data.jpa.repository.config.JpaRepositoriesRegistrarIntegrationTests
Tests run: 2, Failures: 0, Errors: 0, Skipped: 0, Time elapsed: 0.429 sec
Running org.springframework.data.jpa.repository.config.RepositoryConfigTests
Tests run: 3, Failures: 0, Errors: 0, Skipped: 0, Time elapsed: 0.007 sec
Running org.springframework.data.jpa.repository.config.ExplicitAuditingViaJavaConfigRepositoriesTests
Tests run: 1, Failures: 0, Errors: 0, Skipped: 0, Time elapsed: 0.807 sec
Running org.springframework.data.jpa.repository.config.RepositoriesJavaConfigTests
Tests run: 1, Failures: 0, Errors: 0, Skipped: 0, Time elapsed: 1.907 sec
Running org.springframework.data.jpa.repository.config.AuditingBeanDefinitionParserTests
Tests run: 4, Failures: 0, Errors: 0, Skipped: 0, Time elapsed: 0.326 sec
Running org.springframework.data.jpa.repository.config.NestedRepositoriesJavaConfigTests
Tests run: 1, Failures: 0, Errors: 0, Skipped: 0, Time elapsed: 3.026 sec
Running org.springframework.data.jpa.repository.config.DefaultAuditingViaJavaConfigRepositoriesTests
Tests run: 1, Failures: 0, Errors: 0, Skipped: 0, Time elapsed: 3.138 sec
Running org.springframework.data.jpa.repository.config.AllowNestedRepositoriesRepositoryConfigTests
Tests run: 4, Failures: 0, Errors: 0, Skipped: 0, Time elapsed: 4.2 sec
Running org.springframework.data.jpa.repository.config.CustomRepositoryFactoryConfigTests
Tests run: 3, Failures: 0, Errors: 0, Skipped: 0, Time elapsed: 2.82 sec
Running org.springframework.data.jpa.repository.config.RepositoryAutoConfigTests
Tests run: 3, Failures: 0, Errors: 0, Skipped: 0, Time elapsed: 4.227 sec
Running org.springframework.data.jpa.repository.config.QueryLookupStrategyTests
Tests run: 1, Failures: 0, Errors: 0, Skipped: 0, Time elapsed: 2.234 sec
Running org.springframework.data.jpa.repository.config.TypeFilterConfigTests
Tests run: 3, Failures: 0, Errors: 0, Skipped: 0, Time elapsed: 3.482 sec
Running org.springframework.data.jpa.repository.CustomAbstractPersistableIntegrationTests
Tests run: 1, Failures: 0, Errors: 0, Skipped: 0, Time elapsed: 0.032 sec
Running org.springframework.data.jpa.repository.JavaConfigUserRepositoryTests
Tests run: 134, Failures: 0, Errors: 0, Skipped: 2, Time elapsed: 8.231 sec
Running org.springframework.data.jpa.repository.UserRepositoryTests
Tests run: 133, Failures: 0, Errors: 0, Skipped: 2, Time elapsed: 3.531 sec
Running org.springframework.data.jpa.repository.EntityGraphRepositoryMethodsIntegrationTests
Tests run: 4, Failures: 0, Errors: 0, Skipped: 4, Time elapsed: 0.073 sec
Running org.springframework.data.jpa.repository.UserRepositoryStoredProcedureTests
Tests run: 5, Failures: 0, Errors: 0, Skipped: 5, Time elapsed: 0.031 sec
Running org.springframework.data.jpa.repository.ParentRepositoryIntegrationTests
Tests run: 2, Failures: 0, Errors: 0, Skipped: 0, Time elapsed: 0.163 sec
Running org.springframework.data.jpa.repository.RepositoryWithCompositeKeyTests
Tests run: 8, Failures: 0, Errors: 0, Skipped: 0, Time elapsed: 0.177 sec
Running org.springframework.data.jpa.repository.NamespaceUserRepositoryTests
Tests run: 134, Failures: 0, Errors: 0, Skipped: 2, Time elapsed: 2.336 sec
Running org.springframework.data.jpa.repository.AbstractPersistableIntegrationTests
Tests run: 1, Failures: 0, Errors: 0, Skipped: 0, Time elapsed: 0.004 sec
Running org.springframework.data.jpa.repository.SPR8954Tests
Tests run: 1, Failures: 0, Errors: 0, Skipped: 0, Time elapsed: 0.003 sec
Running org.springframework.data.jpa.repository.RedeclaringRepositoryMethodsTests
Tests run: 2, Failures: 0, Errors: 0, Skipped: 0, Time elapsed: 0.005 sec
Running org.springframework.data.jpa.repository.ORMInfrastructureTests
Tests run: 1, Failures: 0, Errors: 0, Skipped: 0, Time elapsed: 0.002 sec
Running org.springframework.data.jpa.repository.MappedTypeRepositoryIntegrationTests
Tests run: 2, Failures: 0, Errors: 0, Skipped: 0, Time elapsed: 0.034 sec
Running org.springframework.data.jpa.repository.SimpleJpaParameterBindingTests
Tests run: 2, Failures: 0, Errors: 0, Skipped: 1, Time elapsed: 0.004 sec
Running org.springframework.data.jpa.domain.support.AuditingEntityListenerTests
Tests run: 4, Failures: 0, Errors: 0, Skipped: 0, Time elapsed: 1.764 sec
Running org.springframework.data.jpa.domain.JpaSortTests
Tests run: 17, Failures: 0, Errors: 0, Skipped: 0, Time elapsed: 0.008 sec
Running org.springframework.data.jpa.infrastructure.HibernateMetamodelIntegrationTests
Tests run: 3, Failures: 0, Errors: 0, Skipped: 2, Time elapsed: 0.007 sec
Running org.springframework.data.jpa.convert.threetenbp.ThreeTenBackPortJpaConvertersIntegrationTests
Tests run: 1, Failures: 0, Errors: 0, Skipped: 1, Time elapsed: 0.807 sec
Running org.springframework.data.jpa.convert.threeten.Jsr310JpaConvertersIntegrationTests
Tests run: 1, Failures: 0, Errors: 0, Skipped: 1, Time elapsed: 1.586 sec
Running org.springframework.data.jpa.mapping.JpaMetamodelMappingContextIntegrationTests
Tests run: 6, Failures: 0, Errors: 0, Skipped: 0, Time elapsed: 1.174 sec
Running org.springframework.data.jpa.provider.PersistenceProviderIntegrationTests
Tests run: 1, Failures: 0, Errors: 0, Skipped: 0, Time elapsed: 0.775 sec

Results :

Tests in error: 
  shouldSupportExistsWithPredicate(org.springframework.data.jpa.repository.support.QueryDslJpaRepositoryTests): org/hibernate/jpa/HibernateQuery

Tests run: 599, Failures: 0, Errors: 1, Skipped: 35

[INFO] ------------------------------------------------------------------------
[INFO] BUILD FAILURE
[INFO] ------------------------------------------------------------------------
[INFO] Total time: 01:52 min
[INFO] Finished at: 2015-06-02T07:31:06+00:00
[INFO] Final Memory: 35M/428M
[INFO] ------------------------------------------------------------------------
[ERROR] Failed to execute goal org.apache.maven.plugins:maven-surefire-plugin:2.12:test (integration-tests) on project spring-data-jpa: There are test failures.
[ERROR] 
[ERROR] Please refer to /home/travis/build/spring-projects/spring-data-jpa/target/surefire-reports for the individual test results.
[ERROR] -> [Help 1]
[ERROR] 
[ERROR] To see the full stack trace of the errors, re-run Maven with the -e switch.
[ERROR] Re-run Maven using the -X switch to enable full debug logging.
[ERROR] 
[ERROR] For more information about the errors and possible solutions, please read the following articles:
[ERROR] [Help 1] http://cwiki.apache.org/confluence/display/MAVEN/MojoFailureException
travis_time:end:1d151180:start=1433230151663785059,finish=1433230267461665983,duration=115797880924[0K
[31;1mThe command "mvn clean dependency:list test -P${PROFILE} -Dsort" exited with 1.[0m
travis_fold:start:cache.2[0Kstore build cache
travis_time:start:02d3b2e5[0Kchange detected: /home/travis/.m2/repository/org/springframework/data/build/spring-data-parent/1.7.0.M1/spring-data-parent-1.7.0.M1.pom.lastUpdated
changes detected, packing new archive
uploading archive
travis_time:end:02d3b2e5:start=1433230267465839468,finish=1433230310000605585,duration=42534766117[0Ktravis_fold:end:cache.2[0K
Done. Your build exited with 1.
