travis_fold:start:worker_info[0K[33;1mWorker information[0m
hostname: ce18442d-a25f-42da-9a58-3216d36d25d3@1.production-1-worker-org-04-packet.packet-ewr1.travisci.net
version: v3.7.0 https://github.com/travis-ci/worker/tree/ef8bf771ffed8568b01c5f0ed14d615c8941e87e
instance: 81b8643 travisci/ci-garnet:packer-1512502276-986baf0 (via amqp)
startup: 533.640623ms
travis_fold:end:worker_info[0Ktravis_fold:start:system_info[0K[33;1mBuild system information[0m
Build language: java
Build group: stable
Build dist: trusty
Build id: 393700004
Job id: 393700005
Runtime kernel version: 4.4.0-112-generic
travis-build version: d10a97633
[34m[1mBuild image provisioning date and time[0m
Tue Dec  5 20:11:19 UTC 2017
[34m[1mOperating System Details[0m
Distributor ID:	Ubuntu
Description:	Ubuntu 14.04.5 LTS
Release:	14.04
Codename:	trusty
[34m[1mCookbooks Version[0m
7c2c6a6 https://github.com/travis-ci/travis-cookbooks/tree/7c2c6a6
[34m[1mgit version[0m
git version 2.15.1
[34m[1mbash version[0m
GNU bash, version 4.3.11(1)-release (x86_64-pc-linux-gnu)
[34m[1mgcc version[0m
gcc (Ubuntu 4.8.4-2ubuntu1~14.04.3) 4.8.4
Copyright (C) 2013 Free Software Foundation, Inc.
This is free software; see the source for copying conditions.  There is NO
warranty; not even for MERCHANTABILITY or FITNESS FOR A PARTICULAR PURPOSE.

[34m[1mdocker version[0m
Client:
 Version:      17.09.0-ce
 API version:  1.32
 Go version:   go1.8.3
 Git commit:   afdb6d4
 Built:        Tue Sep 26 22:39:28 2017
 OS/Arch:      linux/amd64
[34m[1mclang version[0m
clang version 5.0.0 (tags/RELEASE_500/final)
Target: x86_64-unknown-linux-gnu
Thread model: posix
InstalledDir: /usr/local/clang-5.0.0/bin
[34m[1mjq version[0m
jq-1.5
[34m[1mbats version[0m
Bats 0.4.0
[34m[1mshellcheck version[0m
0.4.6
[34m[1mshfmt version[0m
v2.0.0
[34m[1mccache version[0m
ccache version 3.1.9

Copyright (C) 2002-2007 Andrew Tridgell
Copyright (C) 2009-2011 Joel Rosdahl

This program is free software; you can redistribute it and/or modify it under
the terms of the GNU General Public License as published by the Free Software
Foundation; either version 3 of the License, or (at your option) any later
version.
[34m[1mcmake version[0m
cmake version 3.9.2

CMake suite maintained and supported by Kitware (kitware.com/cmake).
[34m[1mheroku version[0m
heroku-cli/6.14.39-addc925 (linux-x64) node-v9.2.0
[34m[1mimagemagick version[0m
Version: ImageMagick 6.7.7-10 2017-07-31 Q16 http://www.imagemagick.org
[34m[1mmd5deep version[0m
4.2
[34m[1mmercurial version[0m
Mercurial Distributed SCM (version 4.2.2)
(see https://mercurial-scm.org for more information)

Copyright (C) 2005-2017 Matt Mackall and others
This is free software; see the source for copying conditions. There is NO
warranty; not even for MERCHANTABILITY or FITNESS FOR A PARTICULAR PURPOSE.
[34m[1mmysql version[0m
mysql  Ver 14.14 Distrib 5.6.33, for debian-linux-gnu (x86_64) using  EditLine wrapper
[34m[1mopenssl version[0m
OpenSSL 1.0.1f 6 Jan 2014
[34m[1mpacker version[0m
Packer v1.0.2

Your version of Packer is out of date! The latest version
is 1.1.2. You can update by downloading from www.packer.io
[34m[1mpostgresql client version[0m
psql (PostgreSQL) 9.6.6
[34m[1mragel version[0m
Ragel State Machine Compiler version 6.8 Feb 2013
Copyright (c) 2001-2009 by Adrian Thurston
[34m[1msubversion version[0m
svn, version 1.8.8 (r1568071)
   compiled Aug 10 2017, 17:20:39 on x86_64-pc-linux-gnu

Copyright (C) 2013 The Apache Software Foundation.
This software consists of contributions made by many people;
see the NOTICE file for more information.
Subversion is open source software, see http://subversion.apache.org/

The following repository access (RA) modules are available:

* ra_svn : Module for accessing a repository using the svn network protocol.
  - with Cyrus SASL authentication
  - handles 'svn' scheme
* ra_local : Module for accessing a repository on local disk.
  - handles 'file' scheme
* ra_serf : Module for accessing a repository via WebDAV protocol using serf.
  - using serf 1.3.3
  - handles 'http' scheme
  - handles 'https' scheme

[34m[1msudo version[0m
Sudo version 1.8.9p5
Configure options: --prefix=/usr -v --with-all-insults --with-pam --with-fqdn --with-logging=syslog --with-logfac=authpriv --with-env-editor --with-editor=/usr/bin/editor --with-timeout=15 --with-password-timeout=0 --with-passprompt=[sudo] password for %p:  --without-lecture --with-tty-tickets --disable-root-mailer --enable-admin-flag --with-sendmail=/usr/sbin/sendmail --with-timedir=/var/lib/sudo --mandir=/usr/share/man --libexecdir=/usr/lib/sudo --with-sssd --with-sssd-lib=/usr/lib/x86_64-linux-gnu --with-selinux
Sudoers policy plugin version 1.8.9p5
Sudoers file grammar version 43

Sudoers path: /etc/sudoers
Authentication methods: 'pam'
Syslog facility if syslog is being used for logging: authpriv
Syslog priority to use when user authenticates successfully: notice
Syslog priority to use when user authenticates unsuccessfully: alert
Send mail if the user is not in sudoers
Use a separate timestamp for each user/tty combo
Lecture user the first time they run sudo
Root may run sudo
Allow some information gathering to give useful error messages
Require fully-qualified hostnames in the sudoers file
Visudo will honor the EDITOR environment variable
Set the LOGNAME and USER environment variables
Length at which to wrap log file lines (0 for no wrap): 80
Authentication timestamp timeout: 15.0 minutes
Password prompt timeout: 0.0 minutes
Number of tries to enter a password: 3
Umask to use or 0777 to use user's: 022
Path to mail program: /usr/sbin/sendmail
Flags for mail program: -t
Address to send mail to: root
Subject line for mail messages: *** SECURITY information for %h ***
Incorrect password message: Sorry, try again.
Path to authentication timestamp dir: /var/lib/sudo
Default password prompt: [sudo] password for %p: 
Default user to run commands as: root
Value to override user's $PATH with: /usr/local/sbin:/usr/local/bin:/usr/sbin:/usr/bin:/sbin:/bin:/snap/bin
Path to the editor for use by visudo: /usr/bin/editor
When to require a password for 'list' pseudocommand: any
When to require a password for 'verify' pseudocommand: all
File descriptors >= 3 will be closed before executing a command
Environment variables to check for sanity:
	TZ
	TERM
	LINGUAS
	LC_*
	LANGUAGE
	LANG
	COLORTERM
Environment variables to remove:
	RUBYOPT
	RUBYLIB
	PYTHONUSERBASE
	PYTHONINSPECT
	PYTHONPATH
	PYTHONHOME
	TMPPREFIX
	ZDOTDIR
	READNULLCMD
	NULLCMD
	FPATH
	PERL5DB
	PERL5OPT
	PERL5LIB
	PERLLIB
	PERLIO_DEBUG 
	JAVA_TOOL_OPTIONS
	SHELLOPTS
	GLOBIGNORE
	PS4
	BASH_ENV
	ENV
	TERMCAP
	TERMPATH
	TERMINFO_DIRS
	TERMINFO
	_RLD*
	LD_*
	PATH_LOCALE
	NLSPATH
	HOSTALIASES
	RES_OPTIONS
	LOCALDOMAIN
	CDPATH
	IFS
Environment variables to preserve:
	JAVA_HOME
	TRAVIS
	CI
	DEBIAN_FRONTEND
	XAUTHORIZATION
	XAUTHORITY
	PS2
	PS1
	PATH
	LS_COLORS
	KRB5CCNAME
	HOSTNAME
	HOME
	DISPLAY
	COLORS
Locale to use while parsing sudoers: C
Directory in which to store input/output logs: /var/log/sudo-io
File in which to store the input/output log: %{seq}
Add an entry to the utmp/utmpx file when allocating a pty
PAM service name to use
PAM service name to use for login shells
Create a new PAM session for the command to run in
Maximum I/O log sequence number: 0

Local IP address and netmask pairs:
	172.17.0.2/255.255.0.0

Sudoers I/O plugin version 1.8.9p5
[34m[1mgzip version[0m
gzip 1.6
Copyright (C) 2007, 2010, 2011 Free Software Foundation, Inc.
Copyright (C) 1993 Jean-loup Gailly.
This is free software.  You may redistribute copies of it under the terms of
the GNU General Public License <http://www.gnu.org/licenses/gpl.html>.
There is NO WARRANTY, to the extent permitted by law.

Written by Jean-loup Gailly.
[34m[1mzip version[0m
Copyright (c) 1990-2008 Info-ZIP - Type 'zip "-L"' for software license.
This is Zip 3.0 (July 5th 2008), by Info-ZIP.
Currently maintained by E. Gordon.  Please send bug reports to
the authors using the web page at www.info-zip.org; see README for details.

Latest sources and executables are at ftp://ftp.info-zip.org/pub/infozip,
as of above date; see http://www.info-zip.org/ for other sites.

Compiled with gcc 4.8.2 for Unix (Linux ELF) on Oct 21 2013.

Zip special compilation options:
	USE_EF_UT_TIME       (store Universal Time)
	BZIP2_SUPPORT        (bzip2 library version 1.0.6, 6-Sept-2010)
	    bzip2 code and library copyright (c) Julian R Seward
	    (See the bzip2 license for terms of use)
	SYMLINK_SUPPORT      (symbolic links supported)
	LARGE_FILE_SUPPORT   (can read and write large files on file system)
	ZIP64_SUPPORT        (use Zip64 to store large files in archives)
	UNICODE_SUPPORT      (store and read UTF-8 Unicode paths)
	STORE_UNIX_UIDs_GIDs (store UID/GID sizes/values using new extra field)
	UIDGID_NOT_16BIT     (old Unix 16-bit UID/GID extra field not used)
	[encryption, version 2.91 of 05 Jan 2007] (modified for Zip 3)

Encryption notice:
	The encryption code of this program is not copyrighted and is
	put in the public domain.  It was originally written in Europe
	and, to the best of our knowledge, can be freely distributed
	in both source and object forms from any country, including
	the USA under License Exception TSU of the U.S. Export
	Administration Regulations (section 740.13(e)) of 6 June 2002.

Zip environment options:
             ZIP:  [none]
          ZIPOPT:  [none]
[34m[1mvim version[0m
VIM - Vi IMproved 7.4 (2013 Aug 10, compiled Nov 24 2016 16:43:18)
Included patches: 1-52
Extra patches: 8.0.0056
Modified by pkg-vim-maintainers@lists.alioth.debian.org
Compiled by buildd@
Huge version without GUI.  Features included (+) or not (-):
+acl             +farsi           +mouse_netterm   +syntax
+arabic          +file_in_path    +mouse_sgr       +tag_binary
+autocmd         +find_in_path    -mouse_sysmouse  +tag_old_static
-balloon_eval    +float           +mouse_urxvt     -tag_any_white
-browse          +folding         +mouse_xterm     -tcl
++builtin_terms  -footer          +multi_byte      +terminfo
+byte_offset     +fork()          +multi_lang      +termresponse
+cindent         +gettext         -mzscheme        +textobjects
-clientserver    -hangul_input    +netbeans_intg   +title
-clipboard       +iconv           +path_extra      -toolbar
+cmdline_compl   +insert_expand   -perl            +user_commands
+cmdline_hist    +jumplist        +persistent_undo +vertsplit
+cmdline_info    +keymap          +postscript      +virtualedit
+comments        +langmap         +printer         +visual
+conceal         +libcall         +profile         +visualextra
+cryptv          +linebreak       +python          +viminfo
+cscope          +lispindent      -python3         +vreplace
+cursorbind      +listcmds        +quickfix        +wildignore
+cursorshape     +localmap        +reltime         +wildmenu
+dialog_con      -lua             +rightleft       +windows
+diff            +menu            -ruby            +writebackup
+digraphs        +mksession       +scrollbind      -X11
-dnd             +modify_fname    +signs           -xfontset
-ebcdic          +mouse           +smartindent     -xim
+emacs_tags      -mouseshape      -sniff           -xsmp
+eval            +mouse_dec       +startuptime     -xterm_clipboard
+ex_extra        +mouse_gpm       +statusline      -xterm_save
+extra_search    -mouse_jsbterm   -sun_workshop    -xpm
   system vimrc file: "$VIM/vimrc"
     user vimrc file: "$HOME/.vimrc"
 2nd user vimrc file: "~/.vim/vimrc"
      user exrc file: "$HOME/.exrc"
  fall-back for $VIM: "/usr/share/vim"
Compilation: gcc -c -I. -Iproto -DHAVE_CONFIG_H     -g -O2 -fstack-protector --param=ssp-buffer-size=4 -Wformat -Werror=format-security -U_FORTIFY_SOURCE -D_FORTIFY_SOURCE=1      
Linking: gcc   -Wl,-Bsymbolic-functions -Wl,-z,relro -Wl,--as-needed -o vim        -lm -ltinfo -lnsl  -lselinux  -lacl -lattr -lgpm -ldl    -L/usr/lib/python2.7/config-x86_64-linux-gnu -lpython2.7 -lpthread -ldl -lutil -lm -Xlinker -export-dynamic -Wl,-O1 -Wl,-Bsymbolic-functions      
[34m[1miptables version[0m
iptables v1.4.21
[34m[1mcurl version[0m
curl 7.35.0 (x86_64-pc-linux-gnu) libcurl/7.35.0 OpenSSL/1.0.1f zlib/1.2.8 libidn/1.28 librtmp/2.3
[34m[1mwget version[0m
GNU Wget 1.15 built on linux-gnu.
[34m[1mrsync version[0m
rsync  version 3.1.0  protocol version 31
[34m[1mgimme version[0m
v1.2.0
[34m[1mnvm version[0m
0.33.6
[34m[1mperlbrew version[0m
/home/travis/perl5/perlbrew/bin/perlbrew  - App::perlbrew/0.80
[34m[1mphpenv version[0m
rbenv 1.1.1-25-g6aa70b6
[34m[1mrvm version[0m
rvm 1.29.3 (latest) by Michal Papis, Piotr Kuczynski, Wayne E. Seguin [https://rvm.io]
[34m[1mdefault ruby version[0m
ruby 2.4.1p111 (2017-03-22 revision 58053) [x86_64-linux]
[34m[1mCouchDB version[0m
couchdb 1.6.1
[34m[1mElasticSearch version[0m
5.5.0
[34m[1mInstalled Firefox version[0m
firefox 56.0.2
[34m[1mMongoDB version[0m
MongoDB 3.4.10
[34m[1mPhantomJS version[0m
2.1.1
[34m[1mPre-installed PostgreSQL versions[0m
9.2.24
9.3.20
9.4.15
9.5.10
9.6.6
[34m[1mRabbitMQ Version[0m
3.6.14
[34m[1mRedis version[0m
redis-server 4.0.6
[34m[1mriak version[0m
2.2.3
[34m[1mPre-installed Go versions[0m
1.7.4
[34m[1mant version[0m
Apache Ant(TM) version 1.9.3 compiled on April 8 2014
[34m[1mmvn version[0m
Apache Maven 3.5.2 (138edd61fd100ec658bfa2d307c43b76940a5d7d; 2017-10-18T07:58:13Z)
Maven home: /usr/local/maven-3.5.2
Java version: 1.8.0_151, vendor: Oracle Corporation
Java home: /usr/lib/jvm/java-8-oracle/jre
Default locale: en_US, platform encoding: UTF-8
OS name: "linux", version: "4.4.0-101-generic", arch: "amd64", family: "unix"
[34m[1mgradle version[0m

------------------------------------------------------------
Gradle 4.0.1
------------------------------------------------------------

Build time:   2017-07-07 14:02:41 UTC
Revision:     38e5dc0f772daecca1d2681885d3d85414eb6826

Groovy:       2.4.11
Ant:          Apache Ant(TM) version 1.9.6 compiled on June 29 2015
JVM:          1.8.0_151 (Oracle Corporation 25.151-b12)
OS:           Linux 4.4.0-101-generic amd64

[34m[1mlein version[0m
Leiningen 2.8.1 on Java 1.8.0_151 Java HotSpot(TM) 64-Bit Server VM
[34m[1mPre-installed Node.js versions[0m
v4.8.6
v6.12.0
v6.12.1
v8.9
v8.9.1
[34m[1mphpenv versions[0m
  system
  5.6
* 5.6.32 (set by /home/travis/.phpenv/version)
  7.0
  7.0.25
  7.1
  7.1.11
  hhvm
  hhvm-stable
[34m[1mcomposer --version[0m
Composer version 1.5.2 2017-09-11 16:59:25
[34m[1mPre-installed Ruby versions[0m
ruby-2.2.7
ruby-2.3.4
ruby-2.4.1
travis_fold:end:system_info[0K
[32;1mNetwork availability confirmed.[0m

$ jdk_switcher use oraclejdk9
Switching to Oracle JDK9 (java-9-oracle), JAVA_HOME will be set to /usr/lib/jvm/java-9-oracle

travis_fold:start:git.checkout[0Ktravis_time:start:0137b9d6[0K$ git clone --depth=50 https://github.com/google/auto.git google/auto
Cloning into 'google/auto'...
remote: Counting objects: 1387, done.[K
remote: Compressing objects:   0% (1/529)   [Kremote: Compressing objects:   1% (6/529)   [Kremote: Compressing objects:   2% (11/529)   [Kremote: Compressing objects:   3% (16/529)   [Kremote: Compressing objects:   4% (22/529)   [Kremote: Compressing objects:   5% (27/529)   [Kremote: Compressing objects:   6% (32/529)   [Kremote: Compressing objects:   7% (38/529)   [Kremote: Compressing objects:   8% (43/529)   [Kremote: Compressing objects:   9% (48/529)   [Kremote: Compressing objects:  10% (53/529)   [Kremote: Compressing objects:  11% (59/529)   [Kremote: Compressing objects:  12% (64/529)   [Kremote: Compressing objects:  13% (69/529)   [Kremote: Compressing objects:  14% (75/529)   [Kremote: Compressing objects:  15% (80/529)   [Kremote: Compressing objects:  16% (85/529)   [Kremote: Compressing objects:  17% (90/529)   [Kremote: Compressing objects:  18% (96/529)   [Kremote: Compressing objects:  19% (101/529)   [Kremote: Compressing objects:  20% (106/529)   [Kremote: Compressing objects:  21% (112/529)   [Kremote: Compressing objects:  22% (117/529)   [Kremote: Compressing objects:  23% (122/529)   [Kremote: Compressing objects:  24% (127/529)   [Kremote: Compressing objects:  25% (133/529)   [Kremote: Compressing objects:  26% (138/529)   [Kremote: Compressing objects:  27% (143/529)   [Kremote: Compressing objects:  28% (149/529)   [Kremote: Compressing objects:  29% (154/529)   [Kremote: Compressing objects:  30% (159/529)   [Kremote: Compressing objects:  31% (164/529)   [Kremote: Compressing objects:  32% (170/529)   [Kremote: Compressing objects:  33% (175/529)   [Kremote: Compressing objects:  34% (180/529)   [Kremote: Compressing objects:  35% (186/529)   [Kremote: Compressing objects:  36% (191/529)   [Kremote: Compressing objects:  37% (196/529)   [Kremote: Compressing objects:  38% (202/529)   [Kremote: Compressing objects:  39% (207/529)   [Kremote: Compressing objects:  40% (212/529)   [Kremote: Compressing objects:  41% (217/529)   [Kremote: Compressing objects:  42% (223/529)   [Kremote: Compressing objects:  43% (228/529)   [Kremote: Compressing objects:  44% (233/529)   [Kremote: Compressing objects:  45% (239/529)   [Kremote: Compressing objects:  46% (244/529)   [Kremote: Compressing objects:  47% (249/529)   [Kremote: Compressing objects:  48% (254/529)   [Kremote: Compressing objects:  49% (260/529)   [Kremote: Compressing objects:  50% (265/529)   [Kremote: Compressing objects:  51% (270/529)   [Kremote: Compressing objects:  52% (276/529)   [Kremote: Compressing objects:  53% (281/529)   [Kremote: Compressing objects:  54% (286/529)   [Kremote: Compressing objects:  55% (291/529)   [Kremote: Compressing objects:  56% (297/529)   [Kremote: Compressing objects:  57% (302/529)   [Kremote: Compressing objects:  58% (307/529)   [Kremote: Compressing objects:  59% (313/529)   [Kremote: Compressing objects:  60% (318/529)   [Kremote: Compressing objects:  61% (323/529)   [Kremote: Compressing objects:  62% (328/529)   [Kremote: Compressing objects:  63% (334/529)   [Kremote: Compressing objects:  64% (339/529)   [Kremote: Compressing objects:  65% (344/529)   [Kremote: Compressing objects:  66% (350/529)   [Kremote: Compressing objects:  67% (355/529)   [Kremote: Compressing objects:  68% (360/529)   [Kremote: Compressing objects:  69% (366/529)   [Kremote: Compressing objects:  70% (371/529)   [Kremote: Compressing objects:  71% (376/529)   [Kremote: Compressing objects:  72% (381/529)   [Kremote: Compressing objects:  73% (387/529)   [Kremote: Compressing objects:  74% (392/529)   [Kremote: Compressing objects:  75% (397/529)   [Kremote: Compressing objects:  76% (403/529)   [Kremote: Compressing objects:  77% (408/529)   [Kremote: Compressing objects:  78% (413/529)   [Kremote: Compressing objects:  79% (418/529)   [Kremote: Compressing objects:  80% (424/529)   [Kremote: Compressing objects:  81% (429/529)   [Kremote: Compressing objects:  82% (434/529)   [Kremote: Compressing objects:  83% (440/529)   [Kremote: Compressing objects:  84% (445/529)   [Kremote: Compressing objects:  85% (450/529)   [Kremote: Compressing objects:  86% (455/529)   [Kremote: Compressing objects:  87% (461/529)   [Kremote: Compressing objects:  88% (466/529)   [Kremote: Compressing objects:  89% (471/529)   [Kremote: Compressing objects:  90% (477/529)   [Kremote: Compressing objects:  91% (482/529)   [Kremote: Compressing objects:  92% (487/529)   [Kremote: Compressing objects:  93% (492/529)   [Kremote: Compressing objects:  94% (498/529)   [Kremote: Compressing objects:  95% (503/529)   [Kremote: Compressing objects:  96% (508/529)   [Kremote: Compressing objects:  97% (514/529)   [Kremote: Compressing objects:  98% (519/529)   [Kremote: Compressing objects:  99% (524/529)   [Kremote: Compressing objects: 100% (529/529)   [Kremote: Compressing objects: 100% (529/529), done.[K
Receiving objects:   0% (1/1387)   Receiving objects:   1% (14/1387)   Receiving objects:   2% (28/1387)   Receiving objects:   3% (42/1387)   Receiving objects:   4% (56/1387)   Receiving objects:   5% (70/1387)   Receiving objects:   6% (84/1387)   Receiving objects:   7% (98/1387)   Receiving objects:   8% (111/1387)   Receiving objects:   9% (125/1387)   Receiving objects:  10% (139/1387)   Receiving objects:  11% (153/1387)   Receiving objects:  12% (167/1387)   Receiving objects:  13% (181/1387)   Receiving objects:  14% (195/1387)   Receiving objects:  15% (209/1387)   Receiving objects:  16% (222/1387)   Receiving objects:  17% (236/1387)   Receiving objects:  18% (250/1387)   Receiving objects:  19% (264/1387)   Receiving objects:  20% (278/1387)   Receiving objects:  21% (292/1387)   Receiving objects:  22% (306/1387)   Receiving objects:  23% (320/1387)   Receiving objects:  24% (333/1387)   Receiving objects:  25% (347/1387)   Receiving objects:  26% (361/1387)   Receiving objects:  27% (375/1387)   Receiving objects:  28% (389/1387)   Receiving objects:  29% (403/1387)   Receiving objects:  30% (417/1387)   Receiving objects:  31% (430/1387)   Receiving objects:  32% (444/1387)   Receiving objects:  33% (458/1387)   Receiving objects:  34% (472/1387)   Receiving objects:  35% (486/1387)   Receiving objects:  36% (500/1387)   Receiving objects:  37% (514/1387)   Receiving objects:  38% (528/1387)   Receiving objects:  39% (541/1387)   Receiving objects:  40% (555/1387)   Receiving objects:  41% (569/1387)   Receiving objects:  42% (583/1387)   Receiving objects:  43% (597/1387)   Receiving objects:  44% (611/1387)   Receiving objects:  45% (625/1387)   Receiving objects:  46% (639/1387)   Receiving objects:  47% (652/1387)   Receiving objects:  48% (666/1387)   Receiving objects:  49% (680/1387)   Receiving objects:  50% (694/1387)   Receiving objects:  51% (708/1387)   Receiving objects:  52% (722/1387)   Receiving objects:  53% (736/1387)   Receiving objects:  54% (749/1387)   Receiving objects:  55% (763/1387)   Receiving objects:  56% (777/1387)   Receiving objects:  57% (791/1387)   Receiving objects:  58% (805/1387)   Receiving objects:  59% (819/1387)   Receiving objects:  60% (833/1387)   Receiving objects:  61% (847/1387)   Receiving objects:  62% (860/1387)   Receiving objects:  63% (874/1387)   Receiving objects:  64% (888/1387)   Receiving objects:  65% (902/1387)   Receiving objects:  66% (916/1387)   Receiving objects:  67% (930/1387)   Receiving objects:  68% (944/1387)   Receiving objects:  69% (958/1387)   Receiving objects:  70% (971/1387)   Receiving objects:  71% (985/1387)   Receiving objects:  72% (999/1387)   Receiving objects:  73% (1013/1387)   Receiving objects:  74% (1027/1387)   Receiving objects:  75% (1041/1387)   Receiving objects:  76% (1055/1387)   Receiving objects:  77% (1068/1387)   Receiving objects:  78% (1082/1387)   remote: Total 1387 (delta 582), reused 1129 (delta 452), pack-reused 0[K
Receiving objects:  79% (1096/1387)   Receiving objects:  80% (1110/1387)   Receiving objects:  81% (1124/1387)   Receiving objects:  82% (1138/1387)   Receiving objects:  83% (1152/1387)   Receiving objects:  84% (1166/1387)   Receiving objects:  85% (1179/1387)   Receiving objects:  86% (1193/1387)   Receiving objects:  87% (1207/1387)   Receiving objects:  88% (1221/1387)   Receiving objects:  89% (1235/1387)   Receiving objects:  90% (1249/1387)   Receiving objects:  91% (1263/1387)   Receiving objects:  92% (1277/1387)   Receiving objects:  93% (1290/1387)   Receiving objects:  94% (1304/1387)   Receiving objects:  95% (1318/1387)   Receiving objects:  96% (1332/1387)   Receiving objects:  97% (1346/1387)   Receiving objects:  98% (1360/1387)   Receiving objects:  99% (1374/1387)   Receiving objects: 100% (1387/1387)   Receiving objects: 100% (1387/1387), 549.10 KiB | 3.27 MiB/s, done.
Resolving deltas:   0% (0/582)   Resolving deltas:   8% (51/582)   Resolving deltas:   9% (55/582)   Resolving deltas:  14% (83/582)   Resolving deltas:  15% (88/582)   Resolving deltas:  16% (94/582)   Resolving deltas:  17% (100/582)   Resolving deltas:  20% (117/582)   Resolving deltas:  22% (129/582)   Resolving deltas:  23% (134/582)   Resolving deltas:  24% (140/582)   Resolving deltas:  25% (147/582)   Resolving deltas:  26% (152/582)   Resolving deltas:  28% (166/582)   Resolving deltas:  33% (197/582)   Resolving deltas:  34% (198/582)   Resolving deltas:  37% (220/582)   Resolving deltas:  38% (225/582)   Resolving deltas:  40% (236/582)   Resolving deltas:  41% (239/582)   Resolving deltas:  42% (249/582)   Resolving deltas:  43% (251/582)   Resolving deltas:  44% (258/582)   Resolving deltas:  45% (265/582)   Resolving deltas:  48% (284/582)   Resolving deltas:  49% (286/582)   Resolving deltas:  50% (293/582)   Resolving deltas:  51% (299/582)   Resolving deltas:  57% (333/582)   Resolving deltas:  61% (357/582)   Resolving deltas:  62% (365/582)   Resolving deltas:  63% (372/582)   Resolving deltas:  64% (374/582)   Resolving deltas:  66% (387/582)   Resolving deltas:  67% (395/582)   Resolving deltas:  68% (397/582)   Resolving deltas:  69% (403/582)   Resolving deltas:  70% (412/582)   Resolving deltas:  71% (416/582)   Resolving deltas:  73% (428/582)   Resolving deltas:  74% (431/582)   Resolving deltas:  75% (438/582)   Resolving deltas:  76% (445/582)   Resolving deltas:  77% (451/582)   Resolving deltas:  78% (456/582)   Resolving deltas:  80% (467/582)   Resolving deltas:  81% (473/582)   Resolving deltas:  82% (481/582)   Resolving deltas:  83% (485/582)   Resolving deltas:  84% (489/582)   Resolving deltas:  85% (498/582)   Resolving deltas:  86% (501/582)   Resolving deltas:  87% (508/582)   Resolving deltas:  89% (520/582)   Resolving deltas:  90% (524/582)   Resolving deltas:  92% (538/582)   Resolving deltas:  93% (543/582)   Resolving deltas:  94% (551/582)   Resolving deltas:  95% (553/582)   Resolving deltas:  96% (561/582)   Resolving deltas:  98% (571/582)   Resolving deltas:  99% (577/582)   Resolving deltas: 100% (582/582)   Resolving deltas: 100% (582/582), done.

travis_time:end:0137b9d6:start=1529336872354961760,finish=1529336873105113167,duration=750151407[0K$ cd google/auto
travis_time:start:2a16803f[0K$ git fetch origin +refs/pull/643/merge:
remote: Counting objects: 28, done.[K
remote: Compressing objects:  12% (1/8)   [Kremote: Compressing objects:  25% (2/8)   [Kremote: Compressing objects:  37% (3/8)   [Kremote: Compressing objects:  50% (4/8)   [Kremote: Compressing objects:  62% (5/8)   [Kremote: Compressing objects:  75% (6/8)   [Kremote: Compressing objects:  87% (7/8)   [Kremote: Compressing objects: 100% (8/8)   [Kremote: Compressing objects: 100% (8/8), done.[K
remote: Total 28 (delta 10), reused 27 (delta 10), pack-reused 0[K
Unpacking objects:   3% (1/28)   Unpacking objects:   7% (2/28)   Unpacking objects:  10% (3/28)   Unpacking objects:  14% (4/28)   Unpacking objects:  17% (5/28)   Unpacking objects:  21% (6/28)   Unpacking objects:  25% (7/28)   Unpacking objects:  28% (8/28)   Unpacking objects:  32% (9/28)   Unpacking objects:  35% (10/28)   Unpacking objects:  39% (11/28)   Unpacking objects:  42% (12/28)   Unpacking objects:  46% (13/28)   Unpacking objects:  50% (14/28)   Unpacking objects:  53% (15/28)   Unpacking objects:  57% (16/28)   Unpacking objects:  60% (17/28)   Unpacking objects:  64% (18/28)   Unpacking objects:  67% (19/28)   Unpacking objects:  71% (20/28)   Unpacking objects:  75% (21/28)   Unpacking objects:  78% (22/28)   Unpacking objects:  82% (23/28)   Unpacking objects:  85% (24/28)   Unpacking objects:  89% (25/28)   Unpacking objects:  92% (26/28)   Unpacking objects:  96% (27/28)   Unpacking objects: 100% (28/28)   Unpacking objects: 100% (28/28), done.
From https://github.com/google/auto
 * branch            refs/pull/643/merge -> FETCH_HEAD

travis_time:end:2a16803f:start=1529336873108908216,finish=1529336876139577557,duration=3030669341[0K$ git checkout -qf FETCH_HEAD
travis_fold:end:git.checkout[0K[33;1mDisabling Gradle daemon[0m
$ mkdir -p ~/.gradle && echo "org.gradle.daemon=false" >> ~/.gradle/gradle.properties
$ java -Xmx32m -version
Picked up _JAVA_OPTIONS: -Xmx2048m -Xms512m
java version "9.0.1"
Java(TM) SE Runtime Environment (build 9.0.1+11)
Java HotSpot(TM) 64-Bit Server VM (build 9.0.1+11, mixed mode)
$ javac -J-Xmx32m -version
Picked up _JAVA_OPTIONS: -Xmx2048m -Xms512m
javac 9.0.1
travis_fold:start:install[0Ktravis_time:start:05d0680a[0K$ mvn -B -U -f build-pom.xml dependency:go-offline test clean --quiet --fail-never -DskipTests=true
Picked up _JAVA_OPTIONS: -Xmx2048m -Xms512m
[ERROR] COMPILATION ERROR : 
[ERROR] /home/travis/build/google/auto/value/src/it/functional/src/main/java/PackagelessNestedValueType.java:[17,29] cannot find symbol
  symbol:   class AutoValue
  location: package com.google.auto.value
[ERROR] /home/travis/build/google/auto/value/src/it/functional/src/main/java/PackagelessNestedValueType.java:[22,4] cannot find symbol
  symbol:   class AutoValue
  location: class PackagelessNestedValueType
[ERROR] /home/travis/build/google/auto/value/src/it/functional/src/main/java/PackagelessValueType.java:[17,29] cannot find symbol
  symbol:   class AutoValue
  location: package com.google.auto.value
[ERROR] /home/travis/build/google/auto/value/src/it/functional/src/main/java/PackagelessValueType.java:[26,2] cannot find symbol
  symbol: class AutoValue
[ERROR] /home/travis/build/google/auto/value/src/it/functional/src/main/java/com/google/auto/value/NestedValueType.java:[22,4] cannot find symbol
  symbol:   class AutoValue
  location: class com.google.auto.value.NestedValueType
[ERROR] /home/travis/build/google/auto/value/src/it/functional/src/main/java/com/google/auto/value/SimpleValueType.java:[26,2] cannot find symbol
  symbol: class AutoValue
[ERROR] /home/travis/build/google/auto/value/src/it/functional/src/main/java/PackagelessNestedValueType.java:[27,18] cannot find symbol
  symbol:   class AutoValue_PackagelessNestedValueType_Nested
  location: class PackagelessNestedValueType.Nested
[ERROR] /home/travis/build/google/auto/value/src/it/functional/src/main/java/PackagelessValueType.java:[48,16] cannot find symbol
  symbol:   class AutoValue_PackagelessValueType
  location: class PackagelessValueType
[ERROR] /home/travis/build/google/auto/value/src/it/functional/src/main/java/com/google/auto/value/NestedValueType.java:[27,18] cannot find symbol
  symbol:   class AutoValue_NestedValueType_Nested
  location: class com.google.auto.value.NestedValueType.Nested
[ERROR] /home/travis/build/google/auto/value/src/it/functional/src/main/java/com/google/auto/value/SimpleValueType.java:[48,16] cannot find symbol
  symbol:   class AutoValue_SimpleValueType
  location: class com.google.auto.value.SimpleValueType
[ERROR] COMPILATION ERROR : 
[ERROR] /home/travis/build/google/auto/value/src/it/gwtserializer/src/test/java/com/google/auto/value/client/GwtSerializerTest.java:[18,29] cannot find symbol
  symbol:   class AutoValue
  location: package com.google.auto.value
[ERROR] /home/travis/build/google/auto/value/src/it/gwtserializer/src/test/java/com/google/auto/value/client/GwtSerializerTest.java:[120,4] cannot find symbol
  symbol:   class AutoValue
  location: class com.google.auto.value.client.GwtSerializerTest
[ERROR] /home/travis/build/google/auto/value/src/it/gwtserializer/src/test/java/com/google/auto/value/client/GwtSerializerTest.java:[130,4] cannot find symbol
  symbol:   class AutoValue
  location: class com.google.auto.value.client.GwtSerializerTest
[ERROR] /home/travis/build/google/auto/value/src/it/gwtserializer/src/test/java/com/google/auto/value/client/GwtSerializerTest.java:[147,4] cannot find symbol
  symbol:   class AutoValue
  location: class com.google.auto.value.client.GwtSerializerTest
[ERROR] /home/travis/build/google/auto/value/src/it/gwtserializer/src/test/java/com/google/auto/value/client/GwtSerializerTest.java:[159,4] cannot find symbol
  symbol:   class AutoValue
  location: class com.google.auto.value.client.GwtSerializerTest
[ERROR] /home/travis/build/google/auto/value/src/it/gwtserializer/src/test/java/com/google/auto/value/client/GwtSerializerTest.java:[180,4] cannot find symbol
  symbol:   class AutoValue
  location: class com.google.auto.value.client.GwtSerializerTest
[ERROR] /home/travis/build/google/auto/value/src/it/gwtserializer/src/test/java/com/google/auto/value/client/GwtSerializerTest.java:[190,4] cannot find symbol
  symbol:   class AutoValue
  location: class com.google.auto.value.client.GwtSerializerTest
[ERROR] /home/travis/build/google/auto/value/src/it/gwtserializer/src/test/java/com/google/auto/value/client/GwtSerializerTest.java:[199,15] package AutoValue does not exist
[ERROR] /home/travis/build/google/auto/value/src/it/gwtserializer/src/test/java/com/google/auto/value/client/GwtSerializerTest.java:[170,15] package AutoValue does not exist
[ERROR] /home/travis/build/google/auto/value/src/it/gwtserializer/src/test/java/com/google/auto/value/client/GwtSerializerTest.java:[139,15] package AutoValue does not exist
[ERROR] /home/travis/build/google/auto/value/src/it/gwtserializer/src/test/java/com/google/auto/value/client/GwtSerializerTest.java:[126,18] cannot find symbol
  symbol:   class AutoValue_GwtSerializerTest_Simple
  location: class com.google.auto.value.client.GwtSerializerTest.Simple
[ERROR] /home/travis/build/google/auto/value/src/it/gwtserializer/src/test/java/com/google/auto/value/client/GwtSerializerTest.java:[136,63] package AutoValue_GwtSerializerTest_SimpleWithBuilder does not exist
[ERROR] /home/travis/build/google/auto/value/src/it/gwtserializer/src/test/java/com/google/auto/value/client/GwtSerializerTest.java:[155,18] cannot find symbol
  symbol:   class AutoValue_GwtSerializerTest_Nested
  location: class com.google.auto.value.client.GwtSerializerTest.Nested
[ERROR] /home/travis/build/google/auto/value/src/it/gwtserializer/src/test/java/com/google/auto/value/client/GwtSerializerTest.java:[167,63] package AutoValue_GwtSerializerTest_NestedWithBuilder does not exist
[ERROR] /home/travis/build/google/auto/value/src/it/gwtserializer/src/test/java/com/google/auto/value/client/GwtSerializerTest.java:[186,18] cannot find symbol
  symbol:   class AutoValue_GwtSerializerTest_Generics
  location: class com.google.auto.value.client.GwtSerializerTest.Generics<T>
[ERROR] /home/travis/build/google/auto/value/src/it/gwtserializer/src/test/java/com/google/auto/value/client/GwtSerializerTest.java:[196,65] package AutoValue_GwtSerializerTest_GenericsWithBuilder does not exist
[ERROR] Failed to execute goal org.apache.maven.plugins:maven-compiler-plugin:3.7.0:compile (default-compile) on project functional: Compilation failure: Compilation failure: 
[ERROR] /home/travis/build/google/auto/value/src/it/functional/src/main/java/PackagelessNestedValueType.java:[17,29] cannot find symbol
[ERROR]   symbol:   class AutoValue
[ERROR]   location: package com.google.auto.value
[ERROR] /home/travis/build/google/auto/value/src/it/functional/src/main/java/PackagelessNestedValueType.java:[22,4] cannot find symbol
[ERROR]   symbol:   class AutoValue
[ERROR]   location: class PackagelessNestedValueType
[ERROR] /home/travis/build/google/auto/value/src/it/functional/src/main/java/PackagelessValueType.java:[17,29] cannot find symbol
[ERROR]   symbol:   class AutoValue
[ERROR]   location: package com.google.auto.value
[ERROR] /home/travis/build/google/auto/value/src/it/functional/src/main/java/PackagelessValueType.java:[26,2] cannot find symbol
[ERROR]   symbol: class AutoValue
[ERROR] /home/travis/build/google/auto/value/src/it/functional/src/main/java/com/google/auto/value/NestedValueType.java:[22,4] cannot find symbol
[ERROR]   symbol:   class AutoValue
[ERROR]   location: class com.google.auto.value.NestedValueType
[ERROR] /home/travis/build/google/auto/value/src/it/functional/src/main/java/com/google/auto/value/SimpleValueType.java:[26,2] cannot find symbol
[ERROR]   symbol: class AutoValue
[ERROR] /home/travis/build/google/auto/value/src/it/functional/src/main/java/PackagelessNestedValueType.java:[27,18] cannot find symbol
[ERROR]   symbol:   class AutoValue_PackagelessNestedValueType_Nested
[ERROR]   location: class PackagelessNestedValueType.Nested
[ERROR] /home/travis/build/google/auto/value/src/it/functional/src/main/java/PackagelessValueType.java:[48,16] cannot find symbol
[ERROR]   symbol:   class AutoValue_PackagelessValueType
[ERROR]   location: class PackagelessValueType
[ERROR] /home/travis/build/google/auto/value/src/it/functional/src/main/java/com/google/auto/value/NestedValueType.java:[27,18] cannot find symbol
[ERROR]   symbol:   class AutoValue_NestedValueType_Nested
[ERROR]   location: class com.google.auto.value.NestedValueType.Nested
[ERROR] /home/travis/build/google/auto/value/src/it/functional/src/main/java/com/google/auto/value/SimpleValueType.java:[48,16] cannot find symbol
[ERROR]   symbol:   class AutoValue_SimpleValueType
[ERROR]   location: class com.google.auto.value.SimpleValueType
[ERROR] -> [Help 1]
[ERROR] Failed to execute goal org.apache.maven.plugins:maven-compiler-plugin:3.7.0:testCompile (default-testCompile) on project gwtserializer: Compilation failure: Compilation failure: 
[ERROR] /home/travis/build/google/auto/value/src/it/gwtserializer/src/test/java/com/google/auto/value/client/GwtSerializerTest.java:[18,29] cannot find symbol
[ERROR]   symbol:   class AutoValue
[ERROR]   location: package com.google.auto.value
[ERROR] /home/travis/build/google/auto/value/src/it/gwtserializer/src/test/java/com/google/auto/value/client/GwtSerializerTest.java:[120,4] cannot find symbol
[ERROR]   symbol:   class AutoValue
[ERROR]   location: class com.google.auto.value.client.GwtSerializerTest
[ERROR] /home/travis/build/google/auto/value/src/it/gwtserializer/src/test/java/com/google/auto/value/client/GwtSerializerTest.java:[130,4] cannot find symbol
[ERROR]   symbol:   class AutoValue
[ERROR]   location: class com.google.auto.value.client.GwtSerializerTest
[ERROR] /home/travis/build/google/auto/value/src/it/gwtserializer/src/test/java/com/google/auto/value/client/GwtSerializerTest.java:[147,4] cannot find symbol
[ERROR]   symbol:   class AutoValue
[ERROR]   location: class com.google.auto.value.client.GwtSerializerTest
[ERROR] /home/travis/build/google/auto/value/src/it/gwtserializer/src/test/java/com/google/auto/value/client/GwtSerializerTest.java:[159,4] cannot find symbol
[ERROR]   symbol:   class AutoValue
[ERROR]   location: class com.google.auto.value.client.GwtSerializerTest
[ERROR] /home/travis/build/google/auto/value/src/it/gwtserializer/src/test/java/com/google/auto/value/client/GwtSerializerTest.java:[180,4] cannot find symbol
[ERROR]   symbol:   class AutoValue
[ERROR]   location: class com.google.auto.value.client.GwtSerializerTest
[ERROR] /home/travis/build/google/auto/value/src/it/gwtserializer/src/test/java/com/google/auto/value/client/GwtSerializerTest.java:[190,4] cannot find symbol
[ERROR]   symbol:   class AutoValue
[ERROR]   location: class com.google.auto.value.client.GwtSerializerTest
[ERROR] /home/travis/build/google/auto/value/src/it/gwtserializer/src/test/java/com/google/auto/value/client/GwtSerializerTest.java:[199,15] package AutoValue does not exist
[ERROR] /home/travis/build/google/auto/value/src/it/gwtserializer/src/test/java/com/google/auto/value/client/GwtSerializerTest.java:[170,15] package AutoValue does not exist
[ERROR] /home/travis/build/google/auto/value/src/it/gwtserializer/src/test/java/com/google/auto/value/client/GwtSerializerTest.java:[139,15] package AutoValue does not exist
[ERROR] /home/travis/build/google/auto/value/src/it/gwtserializer/src/test/java/com/google/auto/value/client/GwtSerializerTest.java:[126,18] cannot find symbol
[ERROR]   symbol:   class AutoValue_GwtSerializerTest_Simple
[ERROR]   location: class com.google.auto.value.client.GwtSerializerTest.Simple
[ERROR] /home/travis/build/google/auto/value/src/it/gwtserializer/src/test/java/com/google/auto/value/client/GwtSerializerTest.java:[136,63] package AutoValue_GwtSerializerTest_SimpleWithBuilder does not exist
[ERROR] /home/travis/build/google/auto/value/src/it/gwtserializer/src/test/java/com/google/auto/value/client/GwtSerializerTest.java:[155,18] cannot find symbol
[ERROR]   symbol:   class AutoValue_GwtSerializerTest_Nested
[ERROR]   location: class com.google.auto.value.client.GwtSerializerTest.Nested
[ERROR] /home/travis/build/google/auto/value/src/it/gwtserializer/src/test/java/com/google/auto/value/client/GwtSerializerTest.java:[167,63] package AutoValue_GwtSerializerTest_NestedWithBuilder does not exist
[ERROR] /home/travis/build/google/auto/value/src/it/gwtserializer/src/test/java/com/google/auto/value/client/GwtSerializerTest.java:[186,18] cannot find symbol
[ERROR]   symbol:   class AutoValue_GwtSerializerTest_Generics
[ERROR]   location: class com.google.auto.value.client.GwtSerializerTest.Generics<T>
[ERROR] /home/travis/build/google/auto/value/src/it/gwtserializer/src/test/java/com/google/auto/value/client/GwtSerializerTest.java:[196,65] package AutoValue_GwtSerializerTest_GenericsWithBuilder does not exist
[ERROR] -> [Help 1]
[ERROR] 
[ERROR] To see the full stack trace of the errors, re-run Maven with the -e switch.
[ERROR] Re-run Maven using the -X switch to enable full debug logging.
[ERROR] 
[ERROR] For more information about the errors and possible solutions, please read the following articles:
[ERROR] [Help 1] http://cwiki.apache.org/confluence/display/MAVEN/MojoFailureException
[ERROR] 
[ERROR] After correcting the problems, you can resume the build with the command
[ERROR]   mvn <goals> -rf :functional

travis_time:end:05d0680a:start=1529336876818966940,finish=1529336962161338681,duration=85342371741[0Ktravis_fold:end:install[0Ktravis_time:start:2936be80[0K$ mvn -B -U -f build-pom.xml verify --fail-at-end -Dsource.skip=true -Dmaven.javadoc.skip=true
Picked up _JAVA_OPTIONS: -Xmx2048m -Xms512m
[INFO] Scanning for projects...
[WARNING] 
[WARNING] Some problems were encountered while building the effective model for com.google.auto.value.it.gwtserializer:gwtserializer:jar:HEAD-SNAPSHOT
[WARNING] 'build.plugins.plugin.version' for org.apache.maven.plugins:maven-surefire-plugin is missing. @ line 114, column 15
[WARNING] 
[WARNING] It is highly recommended to fix these problems because they threaten the stability of your build.
[WARNING] 
[WARNING] For this reason, future Maven versions might no longer support building such malformed projects.
[WARNING] 
[INFO] ------------------------------------------------------------------------
[INFO] Reactor Build Order:
[INFO] 
[INFO] Auto (Parent)
[INFO] Auto Common Libraries
[INFO] AutoFactory
[INFO] AutoService
[INFO] AutoValue Parent
[INFO] AutoValue Annotations
[INFO] AutoValue Processor
[INFO] Auto-Value Functional Integration Test
[INFO] Auto-Value GWT-RPC Serialization Integration Test
[INFO] build-only
[INFO] 
[INFO] ------------------------------------------------------------------------
[INFO] Building Auto (Parent) HEAD-SNAPSHOT
[INFO] ------------------------------------------------------------------------
[INFO] 
[INFO] --- maven-enforcer-plugin:1.0:enforce (enforce-maven) @ auto-parent ---
[INFO] 
[INFO] ------------------------------------------------------------------------
[INFO] Building Auto Common Libraries HEAD-SNAPSHOT
[INFO] ------------------------------------------------------------------------
[INFO] 
[INFO] --- maven-enforcer-plugin:1.0:enforce (enforce-maven) @ auto-common ---
[INFO] 
[INFO] --- maven-resources-plugin:2.6:resources (default-resources) @ auto-common ---
[INFO] Using 'UTF-8' encoding to copy filtered resources.
[INFO] skip non existing resourceDirectory /home/travis/build/google/auto/common/src/main/resources
[INFO] 
[INFO] --- maven-compiler-plugin:3.7.0:compile (default-compile) @ auto-common ---
[INFO] Changes detected - recompiling the module!
[INFO] Compiling 12 source files to /home/travis/build/google/auto/common/target/classes
[WARNING] bootstrap class path not set in conjunction with -source 1.8
[WARNING] /home/travis/build/google/auto/common/src/main/java/com/google/auto/common/MoreElements.java:[381,41] SimpleElementVisitor6() in javax.lang.model.util.SimpleElementVisitor6 has been deprecated
[WARNING] /home/travis/build/google/auto/common/src/main/java/com/google/auto/common/Overrides.java:[235,13] SimpleTypeVisitor6() in javax.lang.model.util.SimpleTypeVisitor6 has been deprecated
[WARNING] /home/travis/build/google/auto/common/src/main/java/com/google/auto/common/SuperficialValidation.java:[59,7] AbstractElementVisitor6() in javax.lang.model.util.AbstractElementVisitor6 has been deprecated
[WARNING] /home/travis/build/google/auto/common/src/main/java/com/google/auto/common/SuperficialValidation.java:[59,52] AbstractElementVisitor6() in javax.lang.model.util.AbstractElementVisitor6 has been deprecated
[WARNING] /home/travis/build/google/auto/common/src/main/java/com/google/auto/common/SuperficialValidation.java:[122,7] SimpleTypeVisitor6() in javax.lang.model.util.SimpleTypeVisitor6 has been deprecated
[WARNING] /home/travis/build/google/auto/common/src/main/java/com/google/auto/common/SuperficialValidation.java:[122,47] SimpleTypeVisitor6() in javax.lang.model.util.SimpleTypeVisitor6 has been deprecated
[WARNING] /home/travis/build/google/auto/common/src/main/java/com/google/auto/common/SuperficialValidation.java:[199,7] SimpleAnnotationValueVisitor6() in javax.lang.model.util.SimpleAnnotationValueVisitor6 has been deprecated
[WARNING] /home/travis/build/google/auto/common/src/main/java/com/google/auto/common/SuperficialValidation.java:[199,64] SimpleAnnotationValueVisitor6() in javax.lang.model.util.SimpleAnnotationValueVisitor6 has been deprecated
[WARNING] /home/travis/build/google/auto/common/src/main/java/com/google/auto/common/BasicAnnotationProcessor.java:[408,27] SimpleElementVisitor6() in javax.lang.model.util.SimpleElementVisitor6 has been deprecated
[WARNING] /home/travis/build/google/auto/common/src/main/java/com/google/auto/common/BasicAnnotationProcessor.java:[408,74] SimpleElementVisitor6() in javax.lang.model.util.SimpleElementVisitor6 has been deprecated
[WARNING] /home/travis/build/google/auto/common/src/main/java/com/google/auto/common/GeneratedAnnotationSpecs.java:[59,32] generatedAnnotation(javax.lang.model.util.Elements) in com.google.auto.common.GeneratedAnnotations has been deprecated
[WARNING] /home/travis/build/google/auto/common/src/main/java/com/google/auto/common/MoreTypes.java:[168,24] SimpleTypeVisitor6() in javax.lang.model.util.SimpleTypeVisitor6 has been deprecated
[WARNING] /home/travis/build/google/auto/common/src/main/java/com/google/auto/common/MoreTypes.java:[369,23] propagate(java.lang.Throwable) in com.google.common.base.Throwables has been deprecated
[WARNING] /home/travis/build/google/auto/common/src/main/java/com/google/auto/common/MoreTypes.java:[399,24] SimpleTypeVisitor6() in javax.lang.model.util.SimpleTypeVisitor6 has been deprecated
[WARNING] /home/travis/build/google/auto/common/src/main/java/com/google/auto/common/MoreTypes.java:[506,24] SimpleTypeVisitor6() in javax.lang.model.util.SimpleTypeVisitor6 has been deprecated
[WARNING] /home/travis/build/google/auto/common/src/main/java/com/google/auto/common/MoreTypes.java:[559,24] SimpleTypeVisitor6() in javax.lang.model.util.SimpleTypeVisitor6 has been deprecated
[WARNING] /home/travis/build/google/auto/common/src/main/java/com/google/auto/common/MoreTypes.java:[967,38] SimpleTypeVisitor6() in javax.lang.model.util.SimpleTypeVisitor6 has been deprecated
[WARNING] /home/travis/build/google/auto/common/src/main/java/com/google/auto/common/MoreTypes.java:[799,24] SimpleTypeVisitor6() in javax.lang.model.util.SimpleTypeVisitor6 has been deprecated
[WARNING] /home/travis/build/google/auto/common/src/main/java/com/google/auto/common/MoreTypes.java:[841,30] SimpleTypeVisitor6() in javax.lang.model.util.SimpleTypeVisitor6 has been deprecated
[WARNING] /home/travis/build/google/auto/common/src/main/java/com/google/auto/common/AnnotationValues.java:[34,30] SimpleAnnotationValueVisitor6() in javax.lang.model.util.SimpleAnnotationValueVisitor6 has been deprecated
[WARNING] /home/travis/build/google/auto/common/src/main/java/com/google/auto/common/AnnotationValues.java:[34,92] SimpleAnnotationValueVisitor6() in javax.lang.model.util.SimpleAnnotationValueVisitor6 has been deprecated
[WARNING] /home/travis/build/google/auto/common/src/main/java/com/google/auto/common/AnnotationValues.java:[38,19] SimpleAnnotationValueVisitor6() in javax.lang.model.util.SimpleAnnotationValueVisitor6 has been deprecated
[WARNING] /home/travis/build/google/auto/common/src/main/java/com/google/auto/common/AnnotationValues.java:[38,69] SimpleAnnotationValueVisitor6() in javax.lang.model.util.SimpleAnnotationValueVisitor6 has been deprecated
[WARNING] /home/travis/build/google/auto/common/src/main/java/com/google/auto/common/AnnotationValues.java:[49,19] SimpleAnnotationValueVisitor6() in javax.lang.model.util.SimpleAnnotationValueVisitor6 has been deprecated
[WARNING] /home/travis/build/google/auto/common/src/main/java/com/google/auto/common/AnnotationValues.java:[49,82] SimpleAnnotationValueVisitor6() in javax.lang.model.util.SimpleAnnotationValueVisitor6 has been deprecated
[WARNING] /home/travis/build/google/auto/common/src/main/java/com/google/auto/common/AnnotationValues.java:[65,19] SimpleAnnotationValueVisitor6() in javax.lang.model.util.SimpleAnnotationValueVisitor6 has been deprecated
[WARNING] /home/travis/build/google/auto/common/src/main/java/com/google/auto/common/AnnotationValues.java:[65,97] SimpleAnnotationValueVisitor6() in javax.lang.model.util.SimpleAnnotationValueVisitor6 has been deprecated
[WARNING] /home/travis/build/google/auto/common/src/main/java/com/google/auto/common/AnnotationValues.java:[84,19] SimpleAnnotationValueVisitor6() in javax.lang.model.util.SimpleAnnotationValueVisitor6 has been deprecated
[WARNING] /home/travis/build/google/auto/common/src/main/java/com/google/auto/common/AnnotationValues.java:[84,76] SimpleAnnotationValueVisitor6() in javax.lang.model.util.SimpleAnnotationValueVisitor6 has been deprecated
[WARNING] /home/travis/build/google/auto/common/src/main/java/com/google/auto/common/AnnotationValues.java:[99,31] SimpleAnnotationValueVisitor6() in javax.lang.model.util.SimpleAnnotationValueVisitor6 has been deprecated
[WARNING] /home/travis/build/google/auto/common/src/main/java/com/google/auto/common/AnnotationValues.java:[99,82] SimpleAnnotationValueVisitor6() in javax.lang.model.util.SimpleAnnotationValueVisitor6 has been deprecated
[INFO] 
[INFO] --- maven-resources-plugin:2.6:testResources (default-testResources) @ auto-common ---
[INFO] Using 'UTF-8' encoding to copy filtered resources.
[INFO] skip non existing resourceDirectory /home/travis/build/google/auto/common/src/test/resources
[INFO] 
[INFO] --- maven-compiler-plugin:3.7.0:testCompile (default-testCompile) @ auto-common ---
[INFO] Changes detected - recompiling the module!
[INFO] Compiling 11 source files to /home/travis/build/google/auto/common/target/test-classes
[WARNING] bootstrap class path not set in conjunction with -source 1.8
[WARNING] No processor claimed any of these annotations: com.google.auto.common.AnnotationMirrorsTest.OuterWithValueArray,org.junit.runner.RunWith,org.junit.runners.Parameterized.Parameters,org.junit.Test,javax.annotation.processing.SupportedAnnotationTypes,com.google.auto.common.AnnotationMirrorsTest.Stringy,com.google.auto.common.AnnotationMirrorsTest.AnnotatedOuter,org.junit.Rule,com.google.auto.common.AnnotationMirrorsTest.DefaultingOuter,com.google.auto.common.MoreElementsTest.InnerAnnotation,com.google.auto.common.AnnotationMirrorsTest.Outer,org.junit.Before,com.google.auto.common.AnnotationMirrorsTest.SimpleAnnotation
[WARNING] /home/travis/build/google/auto/common/src/test/java/com/google/auto/common/AnnotationMirrorsTest.java:[168,50] SimpleAnnotationValueVisitor6() in javax.lang.model.util.SimpleAnnotationValueVisitor6 has been deprecated
[WARNING] /home/travis/build/google/auto/common/src/test/java/com/google/auto/common/AnnotationMirrorsTest.java:[168,100] SimpleAnnotationValueVisitor6() in javax.lang.model.util.SimpleAnnotationValueVisitor6 has been deprecated
[WARNING] /home/travis/build/google/auto/common/src/test/java/com/google/auto/common/AnnotationMirrorsTest.java:[179,50] SimpleAnnotationValueVisitor6() in javax.lang.model.util.SimpleAnnotationValueVisitor6 has been deprecated
[WARNING] /home/travis/build/google/auto/common/src/test/java/com/google/auto/common/AnnotationMirrorsTest.java:[179,100] SimpleAnnotationValueVisitor6() in javax.lang.model.util.SimpleAnnotationValueVisitor6 has been deprecated
[WARNING] /home/travis/build/google/auto/common/src/test/java/com/google/auto/common/AnnotationMirrorsTest.java:[202,20] hasMessage(java.lang.String) in com.google.common.truth.ThrowableSubject has been deprecated
[WARNING] /home/travis/build/google/auto/common/src/test/java/com/google/auto/common/MoreElementsTest.java:[389,21] getLocalAndInheritedMethods(javax.lang.model.element.TypeElement,javax.lang.model.util.Elements) in com.google.auto.common.MoreElements has been deprecated
[WARNING] /home/travis/build/google/auto/common/src/test/java/com/google/auto/common/MoreElementsTest.java:[395,21] getLocalAndInheritedMethods(javax.lang.model.element.TypeElement,javax.lang.model.util.Elements) in com.google.auto.common.MoreElements has been deprecated
[WARNING] /home/travis/build/google/auto/common/src/test/java/com/google/auto/common/OverridesTest.java:[545,14] write(java.lang.CharSequence,java.io.File,java.nio.charset.Charset) in com.google.common.io.Files has been deprecated
[WARNING] /home/travis/build/google/auto/common/src/test/java/com/google/auto/common/OverridesTest.java:[641,7] SimpleTypeVisitor6() in javax.lang.model.util.SimpleTypeVisitor6 has been deprecated
[WARNING] /home/travis/build/google/auto/common/src/test/java/com/google/auto/common/OverridesTest.java:[641,46] SimpleTypeVisitor6() in javax.lang.model.util.SimpleTypeVisitor6 has been deprecated
[INFO] 
[INFO] --- maven-surefire-plugin:2.12.4:test (default-test) @ auto-common ---
[INFO] Surefire report directory: /home/travis/build/google/auto/common/target/surefire-reports
[INFO] Downloading from central: https://repo.maven.apache.org/maven2/org/apache/maven/surefire/surefire-junit4/2.12.4/surefire-junit4-2.12.4.pom
[INFO] Downloaded from central: https://repo.maven.apache.org/maven2/org/apache/maven/surefire/surefire-junit4/2.12.4/surefire-junit4-2.12.4.pom (2.4 kB at 6.5 kB/s)
[INFO] Downloading from central: https://repo.maven.apache.org/maven2/org/apache/maven/surefire/surefire-providers/2.12.4/surefire-providers-2.12.4.pom
[INFO] Downloaded from central: https://repo.maven.apache.org/maven2/org/apache/maven/surefire/surefire-providers/2.12.4/surefire-providers-2.12.4.pom (2.3 kB at 107 kB/s)
[INFO] Downloading from central: https://repo.maven.apache.org/maven2/org/apache/maven/surefire/surefire-junit4/2.12.4/surefire-junit4-2.12.4.jar
[INFO] Downloaded from central: https://repo.maven.apache.org/maven2/org/apache/maven/surefire/surefire-junit4/2.12.4/surefire-junit4-2.12.4.jar (37 kB at 1.5 MB/s)

-------------------------------------------------------
 T E S T S
-------------------------------------------------------
Picked up _JAVA_OPTIONS: -Xmx2048m -Xms512m
Running com.google.auto.common.SimpleTypeAnnotationValueTest
Tests run: 5, Failures: 0, Errors: 0, Skipped: 0, Time elapsed: 1.442 sec
Running com.google.auto.common.AnnotationMirrorsTest
Tests run: 5, Failures: 0, Errors: 0, Skipped: 0, Time elapsed: 0.525 sec
Running com.google.auto.common.MoreElementsTest
Tests run: 17, Failures: 0, Errors: 0, Skipped: 0, Time elapsed: 1.376 sec
Running com.google.auto.common.MoreTypesTest
Tests run: 6, Failures: 0, Errors: 0, Skipped: 0, Time elapsed: 0.49 sec
Running com.google.auto.common.BasicAnnotationProcessorTest
Tests run: 6, Failures: 0, Errors: 0, Skipped: 0, Time elapsed: 0.566 sec
Running com.google.auto.common.GeneratedAnnotationsTest
Tests run: 4, Failures: 0, Errors: 0, Skipped: 0, Time elapsed: 0.249 sec
Running com.google.auto.common.VisibilityTest
Tests run: 4, Failures: 0, Errors: 0, Skipped: 0, Time elapsed: 0.301 sec
Running com.google.auto.common.SuperficialValidationTest
Tests run: 10, Failures: 0, Errors: 0, Skipped: 0, Time elapsed: 0.357 sec
Running com.google.auto.common.MoreTypesIsTypeOfTest
Tests run: 13, Failures: 0, Errors: 0, Skipped: 0, Time elapsed: 0.414 sec
Running com.google.auto.common.SimpleAnnotationMirrorTest
Tests run: 7, Failures: 0, Errors: 0, Skipped: 0, Time elapsed: 0.373 sec
Running com.google.auto.common.OverridesTest
Tests run: 12, Failures: 0, Errors: 0, Skipped: 0, Time elapsed: 0.642 sec

Results :

Tests run: 89, Failures: 0, Errors: 0, Skipped: 0

[INFO] 
[INFO] --- maven-jar-plugin:3.0.2:jar (default-jar) @ auto-common ---
[INFO] Downloading from central: https://repo.maven.apache.org/maven2/org/apache/maven/maven-archiver/3.1.1/maven-archiver-3.1.1.pom
[INFO] Downloaded from central: https://repo.maven.apache.org/maven2/org/apache/maven/maven-archiver/3.1.1/maven-archiver-3.1.1.pom (4.3 kB at 435 kB/s)
[INFO] Downloading from central: https://repo.maven.apache.org/maven2/org/apache/maven/shared/maven-shared-utils/3.0.1/maven-shared-utils-3.0.1.pom
[INFO] Downloaded from central: https://repo.maven.apache.org/maven2/org/apache/maven/shared/maven-shared-utils/3.0.1/maven-shared-utils-3.0.1.pom (4.6 kB at 164 kB/s)
[INFO] Downloading from central: https://repo.maven.apache.org/maven2/org/codehaus/plexus/plexus-archiver/3.3/plexus-archiver-3.3.pom
[INFO] Downloaded from central: https://repo.maven.apache.org/maven2/org/codehaus/plexus/plexus-archiver/3.3/plexus-archiver-3.3.pom (5.3 kB at 67 kB/s)
[INFO] Downloading from central: https://repo.maven.apache.org/maven2/org/codehaus/plexus/plexus-io/2.7.1/plexus-io-2.7.1.pom
[INFO] Downloaded from central: https://repo.maven.apache.org/maven2/org/codehaus/plexus/plexus-io/2.7.1/plexus-io-2.7.1.pom (4.9 kB at 328 kB/s)
[INFO] Downloading from central: https://repo.maven.apache.org/maven2/commons-io/commons-io/2.2/commons-io-2.2.pom
[INFO] Downloaded from central: https://repo.maven.apache.org/maven2/commons-io/commons-io/2.2/commons-io-2.2.pom (11 kB at 1.6 MB/s)
[INFO] Downloading from central: https://repo.maven.apache.org/maven2/org/apache/commons/commons-parent/24/commons-parent-24.pom
[INFO] Downloaded from central: https://repo.maven.apache.org/maven2/org/apache/commons/commons-parent/24/commons-parent-24.pom (47 kB at 1.5 MB/s)
[INFO] Downloading from central: https://repo.maven.apache.org/maven2/org/apache/commons/commons-compress/1.11/commons-compress-1.11.pom
[INFO] Downloaded from central: https://repo.maven.apache.org/maven2/org/apache/commons/commons-compress/1.11/commons-compress-1.11.pom (13 kB at 739 kB/s)
[INFO] Downloading from central: https://repo.maven.apache.org/maven2/org/iq80/snappy/snappy/0.4/snappy-0.4.pom
[INFO] Downloaded from central: https://repo.maven.apache.org/maven2/org/iq80/snappy/snappy/0.4/snappy-0.4.pom (15 kB at 727 kB/s)
[INFO] Downloading from central: https://repo.maven.apache.org/maven2/org/tukaani/xz/1.5/xz-1.5.pom
[INFO] Downloaded from central: https://repo.maven.apache.org/maven2/org/tukaani/xz/1.5/xz-1.5.pom (1.9 kB at 68 kB/s)
[INFO] Downloading from central: https://repo.maven.apache.org/maven2/org/codehaus/plexus/plexus-archiver/3.4/plexus-archiver-3.4.pom
[INFO] Downloaded from central: https://repo.maven.apache.org/maven2/org/codehaus/plexus/plexus-archiver/3.4/plexus-archiver-3.4.pom (5.3 kB at 444 kB/s)
[INFO] Downloading from central: https://repo.maven.apache.org/maven2/org/apache/maven/shared/maven-shared-utils/3.0.1/maven-shared-utils-3.0.1.jar
[INFO] Downloading from central: https://repo.maven.apache.org/maven2/org/codehaus/plexus/plexus-io/2.7.1/plexus-io-2.7.1.jar
[INFO] Downloading from central: https://repo.maven.apache.org/maven2/org/iq80/snappy/snappy/0.4/snappy-0.4.jar
[INFO] Downloading from central: https://repo.maven.apache.org/maven2/org/tukaani/xz/1.5/xz-1.5.jar
[INFO] Downloading from central: https://repo.maven.apache.org/maven2/org/apache/commons/commons-compress/1.11/commons-compress-1.11.jar
[INFO] Downloaded from central: https://repo.maven.apache.org/maven2/org/apache/maven/shared/maven-shared-utils/3.0.1/maven-shared-utils-3.0.1.jar (154 kB at 4.2 MB/s)
[INFO] Downloaded from central: https://repo.maven.apache.org/maven2/org/codehaus/plexus/plexus-io/2.7.1/plexus-io-2.7.1.jar (86 kB at 1.1 MB/s)
[INFO] Downloaded from central: https://repo.maven.apache.org/maven2/org/tukaani/xz/1.5/xz-1.5.jar (100 kB at 1.1 MB/s)
[INFO] Downloaded from central: https://repo.maven.apache.org/maven2/org/apache/commons/commons-compress/1.11/commons-compress-1.11.jar (426 kB at 4.1 MB/s)
[INFO] Downloaded from central: https://repo.maven.apache.org/maven2/org/iq80/snappy/snappy/0.4/snappy-0.4.jar (58 kB at 226 kB/s)
[INFO] Building jar: /home/travis/build/google/auto/common/target/auto-common-HEAD-SNAPSHOT.jar
[INFO] 
[INFO] ------------------------------------------------------------------------
[INFO] Building AutoFactory HEAD-SNAPSHOT
[INFO] ------------------------------------------------------------------------
[INFO] 
[INFO] --- maven-enforcer-plugin:1.0:enforce (enforce-maven) @ auto-factory ---
[INFO] 
[INFO] --- maven-resources-plugin:2.6:resources (default-resources) @ auto-factory ---
[INFO] Using 'UTF-8' encoding to copy filtered resources.
[INFO] skip non existing resourceDirectory /home/travis/build/google/auto/factory/src/main/resources
[INFO] 
[INFO] --- maven-compiler-plugin:3.7.0:compile (default-compile) @ auto-factory ---
[INFO] Changes detected - recompiling the module!
[INFO] Compiling 18 source files to /home/travis/build/google/auto/factory/target/classes
[WARNING] bootstrap class path not set in conjunction with -source 1.8
[WARNING] No processor claimed any of these annotations: com.google.auto.value.AutoValue,com.google.auto.value.AutoValue.Builder
[WARNING] No processor claimed any of these annotations: javax.annotation.processing.Generated
[WARNING] /home/travis/build/google/auto/factory/src/main/java/com/google/auto/factory/processor/Mirrors.java:[40,36] SimpleElementVisitor6() in javax.lang.model.util.SimpleElementVisitor6 has been deprecated
[WARNING] /home/travis/build/google/auto/factory/src/main/java/com/google/auto/factory/processor/Mirrors.java:[40,76] SimpleElementVisitor6() in javax.lang.model.util.SimpleElementVisitor6 has been deprecated
[WARNING] /home/travis/build/google/auto/factory/src/main/java/com/google/auto/factory/processor/ProvidedChecker.java:[40,20] ElementKindVisitor6() in javax.lang.model.util.ElementKindVisitor6 has been deprecated
[WARNING] /home/travis/build/google/auto/factory/src/main/java/com/google/auto/factory/processor/ProvidedChecker.java:[40,58] ElementKindVisitor6() in javax.lang.model.util.ElementKindVisitor6 has been deprecated
[WARNING] /home/travis/build/google/auto/factory/src/main/java/com/google/auto/factory/processor/ProvidedChecker.java:[48,56] ElementKindVisitor6() in javax.lang.model.util.ElementKindVisitor6 has been deprecated
[WARNING] /home/travis/build/google/auto/factory/src/main/java/com/google/auto/factory/processor/ProvidedChecker.java:[48,94] ElementKindVisitor6() in javax.lang.model.util.ElementKindVisitor6 has been deprecated
[WARNING] /home/travis/build/google/auto/factory/src/main/java/com/google/auto/factory/processor/AnnotationValues.java:[34,9] SimpleAnnotationValueVisitor6() in javax.lang.model.util.SimpleAnnotationValueVisitor6 has been deprecated
[WARNING] /home/travis/build/google/auto/factory/src/main/java/com/google/auto/factory/processor/AnnotationValues.java:[34,60] SimpleAnnotationValueVisitor6() in javax.lang.model.util.SimpleAnnotationValueVisitor6 has been deprecated
[WARNING] /home/travis/build/google/auto/factory/src/main/java/com/google/auto/factory/processor/AnnotationValues.java:[47,9] SimpleAnnotationValueVisitor6() in javax.lang.model.util.SimpleAnnotationValueVisitor6 has been deprecated
[WARNING] /home/travis/build/google/auto/factory/src/main/java/com/google/auto/factory/processor/AnnotationValues.java:[47,64] SimpleAnnotationValueVisitor6() in javax.lang.model.util.SimpleAnnotationValueVisitor6 has been deprecated
[WARNING] /home/travis/build/google/auto/factory/src/main/java/com/google/auto/factory/processor/AnnotationValues.java:[54,17] SimpleTypeVisitor6() in javax.lang.model.util.SimpleTypeVisitor6 has been deprecated
[WARNING] /home/travis/build/google/auto/factory/src/main/java/com/google/auto/factory/processor/AnnotationValues.java:[54,61] SimpleTypeVisitor6() in javax.lang.model.util.SimpleTypeVisitor6 has been deprecated
[WARNING] /home/travis/build/google/auto/factory/src/main/java/com/google/auto/factory/processor/AnnotationValues.java:[72,9] SimpleAnnotationValueVisitor6() in javax.lang.model.util.SimpleAnnotationValueVisitor6 has been deprecated
[WARNING] /home/travis/build/google/auto/factory/src/main/java/com/google/auto/factory/processor/AnnotationValues.java:[72,93] SimpleAnnotationValueVisitor6() in javax.lang.model.util.SimpleAnnotationValueVisitor6 has been deprecated
[WARNING] /home/travis/build/google/auto/factory/src/main/java/com/google/auto/factory/processor/FactoryDescriptorGenerator.java:[71,27] ElementKindVisitor6() in javax.lang.model.util.ElementKindVisitor6 has been deprecated
[WARNING] /home/travis/build/google/auto/factory/src/main/java/com/google/auto/factory/processor/FactoryDescriptorGenerator.java:[71,98] ElementKindVisitor6() in javax.lang.model.util.ElementKindVisitor6 has been deprecated
[INFO] 
[INFO] --- maven-resources-plugin:2.6:testResources (default-testResources) @ auto-factory ---
[INFO] Using 'UTF-8' encoding to copy filtered resources.
[INFO] Copying 71 resources
[INFO] 
[INFO] --- maven-compiler-plugin:3.7.0:testCompile (default-testCompile) @ auto-factory ---
[INFO] Changes detected - recompiling the module!
[INFO] Compiling 2 source files to /home/travis/build/google/auto/factory/target/test-classes
[WARNING] bootstrap class path not set in conjunction with -source 1.8
[WARNING] No processor claimed any of these annotations: org.junit.runner.RunWith,org.junit.Test,org.junit.Rule
[INFO] 
[INFO] --- maven-surefire-plugin:2.12.4:test (default-test) @ auto-factory ---
[INFO] Surefire report directory: /home/travis/build/google/auto/factory/target/surefire-reports

-------------------------------------------------------
 T E S T S
-------------------------------------------------------
Picked up _JAVA_OPTIONS: -Xmx2048m -Xms512m
Running com.google.auto.factory.processor.AutoFactoryDeclarationTest
Tests run: 1, Failures: 0, Errors: 0, Skipped: 0, Time elapsed: 0.075 sec
Running com.google.auto.factory.processor.AutoFactoryProcessorTest
Tests run: 38, Failures: 1, Errors: 0, Skipped: 0, Time elapsed: 7.911 sec <<< FAILURE!
dependendFactory(com.google.auto.factory.processor.AutoFactoryProcessorTest)  Time elapsed: 0.221 sec  <<< FAILURE!
java.lang.AssertionError: 
Source declared the same top-level types of an expected source, but
didn't match exactly.

Expected file: <expected/SimpleClassDependingOnFactoryFactory.java>
Actual file: </SOURCE_OUTPUT/tests/sample/SimpleClassDependingOnFactoryFactory.java>

Diffs:
======

Found 2 nodes that differed in expected and actual trees. 

> Difference in expected tree and actual tree.
  Expected node: Line 18 COMPILATION_UNIT->IMPORT(non-static)->MEMBER_SELECT(Generated)->MEMBER_SELECT(annotation)
  Actual node: Line 3 COMPILATION_UNIT->IMPORT(non-static)->MEMBER_SELECT(Generated)->MEMBER_SELECT(processing)
  Expected member identifier to be <annotation> but was <processing>.

> Difference in expected tree and actual tree.
  Expected node: Line 18 COMPILATION_UNIT->IMPORT(non-static)->MEMBER_SELECT(Generated)->MEMBER_SELECT(annotation)->IDENTIFIER(javax)->IDENTIFIER(javax)
  Actual node: Line 3 COMPILATION_UNIT->IMPORT(non-static)->MEMBER_SELECT(Generated)->MEMBER_SELECT(processing)->MEMBER_SELECT(annotation)->MEMBER_SELECT(annotation)
  Expected node kind to be <IDENTIFIER> but was <MEMBER_SELECT>.


Expected Source: 
================

/*
 * Copyright (C) 2018 Google, Inc.
 *
 * Licensed under the Apache License, Version 2.0 (the "License");
 * you may not use this file except in compliance with the License.
 * You may obtain a copy of the License at
 *
 * http://www.apache.org/licenses/LICENSE-2.0
 *
 * Unless required by applicable law or agreed to in writing, software
 * distributed under the License is distributed on an "AS IS" BASIS,
 * WITHOUT WARRANTIES OR CONDITIONS OF ANY KIND, either express or implied.
 * See the License for the specific language governing permissions and
 * limitations under the License.
 */
package tests.sample;

import javax.annotation.Generated;
import javax.inject.Inject;
import javax.inject.Provider;
import tests.PublicClassFactory;

@Generated(
  value = "com.google.auto.factory.processor.AutoFactoryProcessor",
  comments = "https://github.com/google/auto/tree/master/factory"
)
final class SimpleClassDependingOnFactoryFactory {
  private final Provider<PublicClassFactory> depAProvider;

  @Inject
  SimpleClassDependingOnFactoryFactory(Provider<PublicClassFactory> depAProvider) {
    this.depAProvider = checkNotNull(depAProvider, 1);
  }

  SimpleClassDependingOnFactory create() {
    return new SimpleClassDependingOnFactory(checkNotNull(depAProvider.get(), 1));
  }  

  private static <T> T checkNotNull(T reference, int argumentIndex) {
    if (reference == null) {
      throw new NullPointerException(
          "@AutoFactory method argument is null but is not marked @Nullable. Argument index: "
              + argumentIndex);
    }
    return reference;
  }
}

Actual Source:
=================

package tests.sample;

import javax.annotation.processing.Generated;
import javax.inject.Inject;
import javax.inject.Provider;
import tests.PublicClassFactory;

@Generated(
  value = "com.google.auto.factory.processor.AutoFactoryProcessor",
  comments = "https://github.com/google/auto/tree/master/factory"
)
final class SimpleClassDependingOnFactoryFactory {
  private final Provider<PublicClassFactory> depAProvider;

  @Inject
  SimpleClassDependingOnFactoryFactory(Provider<PublicClassFactory> depAProvider) {
    this.depAProvider = checkNotNull(depAProvider, 1);
  }

  SimpleClassDependingOnFactory create() {
    return new SimpleClassDependingOnFactory(checkNotNull(depAProvider.get(), 1));
  }

  private static <T> T checkNotNull(T reference, int argumentIndex) {
    if (reference == null) {
      throw new NullPointerException(
          "@AutoFactory method argument is null but is not marked @Nullable. Argument index: "
              + argumentIndex);
    }
    return reference;
  }
}

	at com.google.testing.compile.JavaSourcesSubject.access$700(JavaSourcesSubject.java:63)
	at com.google.testing.compile.JavaSourcesSubject$CompilationClause.failWithCandidate(JavaSourcesSubject.java:256)
	at com.google.testing.compile.JavaSourcesSubject$CompilationClause.parsesAs(JavaSourcesSubject.java:208)
	at com.google.testing.compile.JavaSourcesSubject.parsesAs(JavaSourcesSubject.java:103)
	at com.google.testing.compile.JavaSourcesSubject$GeneratedCompilationBuilder.generatesSources(JavaSourcesSubject.java:448)
	at com.google.auto.factory.processor.AutoFactoryProcessorTest.dependendFactory(AutoFactoryProcessorTest.java:443)
	at java.base/jdk.internal.reflect.NativeMethodAccessorImpl.invoke0(Native Method)
	at java.base/jdk.internal.reflect.NativeMethodAccessorImpl.invoke(NativeMethodAccessorImpl.java:62)
	at java.base/jdk.internal.reflect.DelegatingMethodAccessorImpl.invoke(DelegatingMethodAccessorImpl.java:43)
	at java.base/java.lang.reflect.Method.invoke(Method.java:564)
	at org.junit.runners.model.FrameworkMethod$1.runReflectiveCall(FrameworkMethod.java:50)
	at org.junit.internal.runners.model.ReflectiveCallable.run(ReflectiveCallable.java:12)
	at org.junit.runners.model.FrameworkMethod.invokeExplosively(FrameworkMethod.java:47)
	at org.junit.internal.runners.statements.InvokeMethod.evaluate(InvokeMethod.java:17)
	at com.google.testing.compile.CompilationRule$EvaluatingProcessor.process(CompilationRule.java:119)
	at jdk.compiler/com.sun.tools.javac.processing.JavacProcessingEnvironment.callProcessor(JavacProcessingEnvironment.java:968)
	at jdk.compiler/com.sun.tools.javac.processing.JavacProcessingEnvironment.access$300(JavacProcessingEnvironment.java:108)
	at jdk.compiler/com.sun.tools.javac.processing.JavacProcessingEnvironment$DiscoveredProcessors$ProcessorStateIterator.runContributingProcs(JavacProcessingEnvironment.java:804)
	at jdk.compiler/com.sun.tools.javac.processing.JavacProcessingEnvironment$Round.run(JavacProcessingEnvironment.java:1204)
	at jdk.compiler/com.sun.tools.javac.processing.JavacProcessingEnvironment.doProcessing(JavacProcessingEnvironment.java:1337)
	at jdk.compiler/com.sun.tools.javac.main.JavaCompiler.processAnnotations(JavaCompiler.java:1246)
	at jdk.compiler/com.sun.tools.javac.main.JavaCompiler.compile(JavaCompiler.java:922)
	at jdk.compiler/com.sun.tools.javac.api.JavacTaskImpl.lambda$doCall$0(JavacTaskImpl.java:100)
	at jdk.compiler/com.sun.tools.javac.api.JavacTaskImpl.handleExceptions(JavacTaskImpl.java:142)
	at jdk.compiler/com.sun.tools.javac.api.JavacTaskImpl.doCall(JavacTaskImpl.java:96)
	at jdk.compiler/com.sun.tools.javac.api.JavacTaskImpl.call(JavacTaskImpl.java:90)
	at com.google.testing.compile.Compiler.compile(Compiler.java:146)
	at com.google.testing.compile.Compiler.compile(Compiler.java:123)
	at com.google.testing.compile.CompilationRule$1.evaluate(CompilationRule.java:61)
	at org.junit.rules.RunRules.evaluate(RunRules.java:20)
	at org.junit.runners.ParentRunner.runLeaf(ParentRunner.java:325)
	at org.junit.runners.BlockJUnit4ClassRunner.runChild(BlockJUnit4ClassRunner.java:78)
	at org.junit.runners.BlockJUnit4ClassRunner.runChild(BlockJUnit4ClassRunner.java:57)
	at org.junit.runners.ParentRunner$3.run(ParentRunner.java:290)
	at org.junit.runners.ParentRunner$1.schedule(ParentRunner.java:71)
	at org.junit.runners.ParentRunner.runChildren(ParentRunner.java:288)
	at org.junit.runners.ParentRunner.access$000(ParentRunner.java:58)
	at org.junit.runners.ParentRunner$2.evaluate(ParentRunner.java:268)
	at org.junit.runners.ParentRunner.run(ParentRunner.java:363)
	at org.apache.maven.surefire.junit4.JUnit4Provider.execute(JUnit4Provider.java:252)
	at org.apache.maven.surefire.junit4.JUnit4Provider.executeTestSet(JUnit4Provider.java:141)
	at org.apache.maven.surefire.junit4.JUnit4Provider.invoke(JUnit4Provider.java:112)
	at java.base/jdk.internal.reflect.NativeMethodAccessorImpl.invoke0(Native Method)
	at java.base/jdk.internal.reflect.NativeMethodAccessorImpl.invoke(NativeMethodAccessorImpl.java:62)
	at java.base/jdk.internal.reflect.DelegatingMethodAccessorImpl.invoke(DelegatingMethodAccessorImpl.java:43)
	at java.base/java.lang.reflect.Method.invoke(Method.java:564)
	at org.apache.maven.surefire.util.ReflectionUtils.invokeMethodWithArray(ReflectionUtils.java:189)
	at org.apache.maven.surefire.booter.ProviderFactory$ProviderProxy.invoke(ProviderFactory.java:165)
	at org.apache.maven.surefire.booter.ProviderFactory.invokeProvider(ProviderFactory.java:85)
	at org.apache.maven.surefire.booter.ForkedBooter.runSuitesInProcess(ForkedBooter.java:115)
	at org.apache.maven.surefire.booter.ForkedBooter.main(ForkedBooter.java:75)


Results :

Failed tests:   dependendFactory(com.google.auto.factory.processor.AutoFactoryProcessorTest): (..)

Tests run: 39, Failures: 1, Errors: 0, Skipped: 0

[INFO] 
[INFO] ------------------------------------------------------------------------
[INFO] Building AutoService HEAD-SNAPSHOT
[INFO] ------------------------------------------------------------------------
[INFO] 
[INFO] --- maven-enforcer-plugin:1.0:enforce (enforce-maven) @ auto-service ---
[INFO] 
[INFO] --- maven-resources-plugin:2.6:resources (default-resources) @ auto-service ---
[INFO] Using 'UTF-8' encoding to copy filtered resources.
[INFO] Copying 1 resource
[INFO] 
[INFO] --- maven-compiler-plugin:3.7.0:compile (default-compile) @ auto-service ---
[INFO] Changes detected - recompiling the module!
[INFO] Compiling 4 source files to /home/travis/build/google/auto/service/target/classes
[WARNING] bootstrap class path not set in conjunction with -source 1.8
[INFO] 
[INFO] --- maven-resources-plugin:2.6:testResources (default-testResources) @ auto-service ---
[INFO] Using 'UTF-8' encoding to copy filtered resources.
[INFO] Copying 12 resources
[INFO] 
[INFO] --- maven-compiler-plugin:3.7.0:testCompile (default-testCompile) @ auto-service ---
[INFO] Changes detected - recompiling the module!
[INFO] Compiling 1 source file to /home/travis/build/google/auto/service/target/test-classes
[WARNING] bootstrap class path not set in conjunction with -source 1.8
[INFO] 
[INFO] --- maven-surefire-plugin:2.12.4:test (default-test) @ auto-service ---
[INFO] Surefire report directory: /home/travis/build/google/auto/service/target/surefire-reports

-------------------------------------------------------
 T E S T S
-------------------------------------------------------
Picked up _JAVA_OPTIONS: -Xmx2048m -Xms512m
Running com.google.auto.service.processor.AutoServiceProcessorTest
Tests run: 3, Failures: 0, Errors: 0, Skipped: 0, Time elapsed: 1.871 sec

Results :

Tests run: 3, Failures: 0, Errors: 0, Skipped: 0

[INFO] 
[INFO] --- maven-jar-plugin:3.0.2:jar (default-jar) @ auto-service ---
[INFO] Building jar: /home/travis/build/google/auto/service/target/auto-service-HEAD-SNAPSHOT.jar
[INFO] 
[INFO] ------------------------------------------------------------------------
[INFO] Building AutoValue Parent HEAD-SNAPSHOT
[INFO] ------------------------------------------------------------------------
[INFO] 
[INFO] --- maven-enforcer-plugin:1.0:enforce (enforce-maven) @ auto-value-parent ---
[INFO] 
[INFO] ------------------------------------------------------------------------
[INFO] Building AutoValue Annotations HEAD-SNAPSHOT
[INFO] ------------------------------------------------------------------------
[INFO] 
[INFO] --- maven-enforcer-plugin:1.0:enforce (enforce-maven) @ auto-value-annotations ---
[INFO] 
[INFO] --- maven-resources-plugin:2.6:resources (default-resources) @ auto-value-annotations ---
[INFO] Using 'UTF-8' encoding to copy filtered resources.
[INFO] skip non existing resourceDirectory /home/travis/build/google/auto/value/annotations/src/main/resources
[INFO] 
[INFO] --- maven-compiler-plugin:3.7.0:compile (default-compile) @ auto-value-annotations ---
[INFO] Changes detected - recompiling the module!
[INFO] Compiling 4 source files to /home/travis/build/google/auto/value/annotations/target/classes
[WARNING] bootstrap class path not set in conjunction with -source 1.8
[INFO] 
[INFO] --- maven-resources-plugin:2.6:testResources (default-testResources) @ auto-value-annotations ---
[INFO] Using 'UTF-8' encoding to copy filtered resources.
[INFO] skip non existing resourceDirectory /home/travis/build/google/auto/value/annotations/src/test/resources
[INFO] 
[INFO] --- maven-compiler-plugin:3.7.0:testCompile (default-testCompile) @ auto-value-annotations ---
[INFO] No sources to compile
[INFO] 
[INFO] --- maven-surefire-plugin:2.12.4:test (default-test) @ auto-value-annotations ---
[INFO] No tests to run.
[INFO] 
[INFO] --- maven-jar-plugin:3.0.2:jar (default-jar) @ auto-value-annotations ---
[INFO] Building jar: /home/travis/build/google/auto/value/annotations/target/auto-value-annotations-HEAD-SNAPSHOT.jar
[INFO] 
[INFO] --- maven-invoker-plugin:3.0.1:install (integration-test) @ auto-value-annotations ---
[INFO] Downloading from central: https://repo.maven.apache.org/maven2/org/apache/maven/shared/maven-invoker/3.0.0/maven-invoker-3.0.0.pom
[INFO] Downloaded from central: https://repo.maven.apache.org/maven2/org/apache/maven/shared/maven-invoker/3.0.0/maven-invoker-3.0.0.pom (5.0 kB at 335 kB/s)
[INFO] Downloading from central: https://repo.maven.apache.org/maven2/org/apache/maven/reporting/maven-reporting-impl/2.4/maven-reporting-impl-2.4.pom
[INFO] Downloaded from central: https://repo.maven.apache.org/maven2/org/apache/maven/reporting/maven-reporting-impl/2.4/maven-reporting-impl-2.4.pom (6.1 kB at 319 kB/s)
[INFO] Downloading from central: https://repo.maven.apache.org/maven2/org/apache/maven/shared/maven-shared-utils/0.6/maven-shared-utils-0.6.pom
[INFO] Downloaded from central: https://repo.maven.apache.org/maven2/org/apache/maven/shared/maven-shared-utils/0.6/maven-shared-utils-0.6.pom (4.9 kB at 542 kB/s)
[INFO] Downloading from central: https://repo.maven.apache.org/maven2/org/apache/maven/doxia/doxia-sink-api/1.6/doxia-sink-api-1.6.pom
[INFO] Downloaded from central: https://repo.maven.apache.org/maven2/org/apache/maven/doxia/doxia-sink-api/1.6/doxia-sink-api-1.6.pom (1.5 kB at 118 kB/s)
[INFO] Downloading from central: https://repo.maven.apache.org/maven2/org/apache/maven/doxia/doxia/1.6/doxia-1.6.pom
[INFO] Downloaded from central: https://repo.maven.apache.org/maven2/org/apache/maven/doxia/doxia/1.6/doxia-1.6.pom (19 kB at 2.1 MB/s)
[INFO] Downloading from central: https://repo.maven.apache.org/maven2/org/apache/maven/maven-parent/24/maven-parent-24.pom
[INFO] Downloaded from central: https://repo.maven.apache.org/maven2/org/apache/maven/maven-parent/24/maven-parent-24.pom (37 kB at 1.8 MB/s)
[INFO] Downloading from central: https://repo.maven.apache.org/maven2/org/apache/apache/14/apache-14.pom
[INFO] Downloaded from central: https://repo.maven.apache.org/maven2/org/apache/apache/14/apache-14.pom (15 kB at 137 kB/s)
[INFO] Downloading from central: https://repo.maven.apache.org/maven2/org/apache/maven/doxia/doxia-logging-api/1.6/doxia-logging-api-1.6.pom
[INFO] Downloaded from central: https://repo.maven.apache.org/maven2/org/apache/maven/doxia/doxia-logging-api/1.6/doxia-logging-api-1.6.pom (1.5 kB at 192 kB/s)
[INFO] Downloading from central: https://repo.maven.apache.org/maven2/org/apache/maven/doxia/doxia-core/1.6/doxia-core-1.6.pom
[INFO] Downloaded from central: https://repo.maven.apache.org/maven2/org/apache/maven/doxia/doxia-core/1.6/doxia-core-1.6.pom (4.2 kB at 525 kB/s)
[INFO] Downloading from central: https://repo.maven.apache.org/maven2/org/codehaus/plexus/plexus-utils/3.0.15/plexus-utils-3.0.15.pom
[INFO] Downloaded from central: https://repo.maven.apache.org/maven2/org/codehaus/plexus/plexus-utils/3.0.15/plexus-utils-3.0.15.pom (3.1 kB at 108 kB/s)
[INFO] Downloading from central: https://repo.maven.apache.org/maven2/xerces/xercesImpl/2.9.1/xercesImpl-2.9.1.pom
[INFO] Downloaded from central: https://repo.maven.apache.org/maven2/xerces/xercesImpl/2.9.1/xercesImpl-2.9.1.pom (1.4 kB at 227 kB/s)
[INFO] Downloading from central: https://repo.maven.apache.org/maven2/org/apache/httpcomponents/httpclient/4.0.2/httpclient-4.0.2.pom
[INFO] Downloaded from central: https://repo.maven.apache.org/maven2/org/apache/httpcomponents/httpclient/4.0.2/httpclient-4.0.2.pom (7.5 kB at 416 kB/s)
[INFO] Downloading from central: https://repo.maven.apache.org/maven2/org/apache/httpcomponents/httpcomponents-client/4.0.2/httpcomponents-client-4.0.2.pom
[INFO] Downloaded from central: https://repo.maven.apache.org/maven2/org/apache/httpcomponents/httpcomponents-client/4.0.2/httpcomponents-client-4.0.2.pom (9.0 kB at 897 kB/s)
[INFO] Downloading from central: https://repo.maven.apache.org/maven2/org/apache/httpcomponents/project/4.1/project-4.1.pom
[INFO] Downloaded from central: https://repo.maven.apache.org/maven2/org/apache/httpcomponents/project/4.1/project-4.1.pom (16 kB at 1.5 MB/s)
[INFO] Downloading from central: https://repo.maven.apache.org/maven2/org/apache/httpcomponents/httpcore/4.0.1/httpcore-4.0.1.pom
[INFO] Downloaded from central: https://repo.maven.apache.org/maven2/org/apache/httpcomponents/httpcore/4.0.1/httpcore-4.0.1.pom (4.9 kB at 349 kB/s)
[INFO] Downloading from central: https://repo.maven.apache.org/maven2/org/apache/httpcomponents/httpcomponents-core/4.0.1/httpcomponents-core-4.0.1.pom
[INFO] Downloaded from central: https://repo.maven.apache.org/maven2/org/apache/httpcomponents/httpcomponents-core/4.0.1/httpcomponents-core-4.0.1.pom (9.4 kB at 1.3 MB/s)
[INFO] Downloading from central: https://repo.maven.apache.org/maven2/org/apache/httpcomponents/project/4.0/project-4.0.pom
[INFO] Downloaded from central: https://repo.maven.apache.org/maven2/org/apache/httpcomponents/project/4.0/project-4.0.pom (13 kB at 1.5 MB/s)
[INFO] Downloading from central: https://repo.maven.apache.org/maven2/commons-logging/commons-logging/1.1.1/commons-logging-1.1.1.pom
[INFO] Downloaded from central: https://repo.maven.apache.org/maven2/commons-logging/commons-logging/1.1.1/commons-logging-1.1.1.pom (18 kB at 2.3 MB/s)
[INFO] Downloading from central: https://repo.maven.apache.org/maven2/org/apache/commons/commons-parent/5/commons-parent-5.pom
[INFO] Downloaded from central: https://repo.maven.apache.org/maven2/org/apache/commons/commons-parent/5/commons-parent-5.pom (16 kB at 1.8 MB/s)
[INFO] Downloading from central: https://repo.maven.apache.org/maven2/commons-codec/commons-codec/1.3/commons-codec-1.3.pom
[INFO] Downloaded from central: https://repo.maven.apache.org/maven2/commons-codec/commons-codec/1.3/commons-codec-1.3.pom (6.1 kB at 610 kB/s)
[INFO] Downloading from central: https://repo.maven.apache.org/maven2/xmlunit/xmlunit/1.5/xmlunit-1.5.pom
[INFO] Downloaded from central: https://repo.maven.apache.org/maven2/xmlunit/xmlunit/1.5/xmlunit-1.5.pom (3.0 kB at 133 kB/s)
[INFO] Downloading from central: https://repo.maven.apache.org/maven2/org/apache/maven/doxia/doxia-site-renderer/1.6/doxia-site-renderer-1.6.pom
[INFO] Downloaded from central: https://repo.maven.apache.org/maven2/org/apache/maven/doxia/doxia-site-renderer/1.6/doxia-site-renderer-1.6.pom (6.1 kB at 764 kB/s)
[INFO] Downloading from central: https://repo.maven.apache.org/maven2/org/apache/maven/doxia/doxia-sitetools/1.6/doxia-sitetools-1.6.pom
[INFO] Downloaded from central: https://repo.maven.apache.org/maven2/org/apache/maven/doxia/doxia-sitetools/1.6/doxia-sitetools-1.6.pom (18 kB at 1.3 MB/s)
[INFO] Downloading from central: https://repo.maven.apache.org/maven2/org/apache/maven/doxia/doxia-decoration-model/1.6/doxia-decoration-model-1.6.pom
[INFO] Downloaded from central: https://repo.maven.apache.org/maven2/org/apache/maven/doxia/doxia-decoration-model/1.6/doxia-decoration-model-1.6.pom (3.0 kB at 176 kB/s)
[INFO] Downloading from central: https://repo.maven.apache.org/maven2/org/apache/maven/doxia/doxia-module-xhtml/1.6/doxia-module-xhtml-1.6.pom
[INFO] Downloaded from central: https://repo.maven.apache.org/maven2/org/apache/maven/doxia/doxia-module-xhtml/1.6/doxia-module-xhtml-1.6.pom (1.6 kB at 163 kB/s)
[INFO] Downloading from central: https://repo.maven.apache.org/maven2/org/apache/maven/doxia/doxia-modules/1.6/doxia-modules-1.6.pom
[INFO] Downloaded from central: https://repo.maven.apache.org/maven2/org/apache/maven/doxia/doxia-modules/1.6/doxia-modules-1.6.pom (2.6 kB at 238 kB/s)
[INFO] Downloading from central: https://repo.maven.apache.org/maven2/org/apache/maven/doxia/doxia-module-fml/1.6/doxia-module-fml-1.6.pom
[INFO] Downloaded from central: https://repo.maven.apache.org/maven2/org/apache/maven/doxia/doxia-module-fml/1.6/doxia-module-fml-1.6.pom (4.8 kB at 320 kB/s)
[INFO] Downloading from central: https://repo.maven.apache.org/maven2/org/apache/velocity/velocity-tools/2.0/velocity-tools-2.0.pom
[INFO] Downloaded from central: https://repo.maven.apache.org/maven2/org/apache/velocity/velocity-tools/2.0/velocity-tools-2.0.pom (18 kB at 867 kB/s)
[INFO] Downloading from central: https://repo.maven.apache.org/maven2/commons-digester/commons-digester/1.8/commons-digester-1.8.pom
[INFO] Downloaded from central: https://repo.maven.apache.org/maven2/commons-digester/commons-digester/1.8/commons-digester-1.8.pom (7.0 kB at 467 kB/s)
[INFO] Downloading from central: https://repo.maven.apache.org/maven2/commons-logging/commons-logging/1.1/commons-logging-1.1.pom
[INFO] Downloaded from central: https://repo.maven.apache.org/maven2/commons-logging/commons-logging/1.1/commons-logging-1.1.pom (6.2 kB at 1.0 MB/s)
[INFO] Downloading from central: https://repo.maven.apache.org/maven2/logkit/logkit/1.0.1/logkit-1.0.1.pom
[INFO] Downloaded from central: https://repo.maven.apache.org/maven2/logkit/logkit/1.0.1/logkit-1.0.1.pom (147 B at 9.2 kB/s)
[INFO] Downloading from central: https://repo.maven.apache.org/maven2/avalon-framework/avalon-framework/4.1.3/avalon-framework-4.1.3.pom
[INFO] Downloaded from central: https://repo.maven.apache.org/maven2/avalon-framework/avalon-framework/4.1.3/avalon-framework-4.1.3.pom (167 B at 33 kB/s)
[INFO] Downloading from central: https://repo.maven.apache.org/maven2/javax/servlet/servlet-api/2.3/servlet-api-2.3.pom
[INFO] Downloaded from central: https://repo.maven.apache.org/maven2/javax/servlet/servlet-api/2.3/servlet-api-2.3.pom (156 B at 26 kB/s)
[INFO] Downloading from central: https://repo.maven.apache.org/maven2/commons-chain/commons-chain/1.1/commons-chain-1.1.pom
[INFO] Downloaded from central: https://repo.maven.apache.org/maven2/commons-chain/commons-chain/1.1/commons-chain-1.1.pom (6.0 kB at 1.0 MB/s)
[INFO] Downloading from central: https://repo.maven.apache.org/maven2/commons-validator/commons-validator/1.3.1/commons-validator-1.3.1.pom
[INFO] Downloaded from central: https://repo.maven.apache.org/maven2/commons-validator/commons-validator/1.3.1/commons-validator-1.3.1.pom (9.0 kB at 1.5 MB/s)
[INFO] Downloading from central: https://repo.maven.apache.org/maven2/dom4j/dom4j/1.1/dom4j-1.1.pom
[INFO] Downloaded from central: https://repo.maven.apache.org/maven2/dom4j/dom4j/1.1/dom4j-1.1.pom (142 B at 10 kB/s)
[INFO] Downloading from central: https://repo.maven.apache.org/maven2/sslext/sslext/1.2-0/sslext-1.2-0.pom
[INFO] Downloaded from central: https://repo.maven.apache.org/maven2/sslext/sslext/1.2-0/sslext-1.2-0.pom (653 B at 131 kB/s)
[INFO] Downloading from central: https://repo.maven.apache.org/maven2/org/apache/struts/struts-core/1.3.8/struts-core-1.3.8.pom
[INFO] Downloaded from central: https://repo.maven.apache.org/maven2/org/apache/struts/struts-core/1.3.8/struts-core-1.3.8.pom (4.3 kB at 719 kB/s)
[INFO] Downloading from central: https://repo.maven.apache.org/maven2/org/apache/struts/struts-parent/1.3.8/struts-parent-1.3.8.pom
[INFO] Downloaded from central: https://repo.maven.apache.org/maven2/org/apache/struts/struts-parent/1.3.8/struts-parent-1.3.8.pom (9.8 kB at 1.2 MB/s)
[INFO] Downloading from central: https://repo.maven.apache.org/maven2/org/apache/struts/struts-master/4/struts-master-4.pom
[INFO] Downloaded from central: https://repo.maven.apache.org/maven2/org/apache/struts/struts-master/4/struts-master-4.pom (12 kB at 657 kB/s)
[INFO] Downloading from central: https://repo.maven.apache.org/maven2/org/apache/apache/2/apache-2.pom
[INFO] Downloaded from central: https://repo.maven.apache.org/maven2/org/apache/apache/2/apache-2.pom (3.4 kB at 284 kB/s)
[INFO] Downloading from central: https://repo.maven.apache.org/maven2/antlr/antlr/2.7.2/antlr-2.7.2.pom
[INFO] Downloaded from central: https://repo.maven.apache.org/maven2/antlr/antlr/2.7.2/antlr-2.7.2.pom (145 B at 21 kB/s)
[INFO] Downloading from central: https://repo.maven.apache.org/maven2/org/apache/struts/struts-taglib/1.3.8/struts-taglib-1.3.8.pom
[INFO] Downloaded from central: https://repo.maven.apache.org/maven2/org/apache/struts/struts-taglib/1.3.8/struts-taglib-1.3.8.pom (3.1 kB at 220 kB/s)
[INFO] Downloading from central: https://repo.maven.apache.org/maven2/org/apache/struts/struts-tiles/1.3.8/struts-tiles-1.3.8.pom
[INFO] Downloaded from central: https://repo.maven.apache.org/maven2/org/apache/struts/struts-tiles/1.3.8/struts-tiles-1.3.8.pom (2.9 kB at 581 kB/s)
[INFO] Downloading from central: https://repo.maven.apache.org/maven2/org/apache/velocity/velocity/1.6.2/velocity-1.6.2.pom
[INFO] Downloaded from central: https://repo.maven.apache.org/maven2/org/apache/velocity/velocity/1.6.2/velocity-1.6.2.pom (11 kB at 708 kB/s)
[INFO] Downloading from central: https://repo.maven.apache.org/maven2/commons-validator/commons-validator/1.4.1/commons-validator-1.4.1.pom
[INFO] Downloaded from central: https://repo.maven.apache.org/maven2/commons-validator/commons-validator/1.4.1/commons-validator-1.4.1.pom (13 kB at 1.2 MB/s)
[INFO] Downloading from central: https://repo.maven.apache.org/maven2/org/apache/commons/commons-parent/36/commons-parent-36.pom
[INFO] Downloaded from central: https://repo.maven.apache.org/maven2/org/apache/commons/commons-parent/36/commons-parent-36.pom (58 kB at 2.4 MB/s)
[INFO] Downloading from central: https://repo.maven.apache.org/maven2/commons-beanutils/commons-beanutils/1.8.3/commons-beanutils-1.8.3.pom
[INFO] Downloaded from central: https://repo.maven.apache.org/maven2/commons-beanutils/commons-beanutils/1.8.3/commons-beanutils-1.8.3.pom (11 kB at 1.0 MB/s)
[INFO] Downloading from central: https://repo.maven.apache.org/maven2/org/apache/commons/commons-parent/14/commons-parent-14.pom
[INFO] Downloaded from central: https://repo.maven.apache.org/maven2/org/apache/commons/commons-parent/14/commons-parent-14.pom (31 kB at 4.5 MB/s)
[INFO] Downloading from central: https://repo.maven.apache.org/maven2/commons-digester/commons-digester/1.8.1/commons-digester-1.8.1.pom
[INFO] Downloaded from central: https://repo.maven.apache.org/maven2/commons-digester/commons-digester/1.8.1/commons-digester-1.8.1.pom (10 kB at 436 kB/s)
[INFO] Downloading from central: https://repo.maven.apache.org/maven2/org/apache/commons/commons-parent/11/commons-parent-11.pom
[INFO] Downloaded from central: https://repo.maven.apache.org/maven2/org/apache/commons/commons-parent/11/commons-parent-11.pom (25 kB at 3.5 MB/s)
[INFO] Downloading from central: https://repo.maven.apache.org/maven2/org/apache/maven/shared/maven-script-interpreter/1.2/maven-script-interpreter-1.2.pom
[INFO] Downloaded from central: https://repo.maven.apache.org/maven2/org/apache/maven/shared/maven-script-interpreter/1.2/maven-script-interpreter-1.2.pom (4.0 kB at 444 kB/s)
[INFO] Downloading from central: https://repo.maven.apache.org/maven2/org/apache/maven/shared/maven-shared-utils/0.3/maven-shared-utils-0.3.pom
[INFO] Downloaded from central: https://repo.maven.apache.org/maven2/org/apache/maven/shared/maven-shared-utils/0.3/maven-shared-utils-0.3.pom (4.0 kB at 253 kB/s)
[INFO] Downloading from central: https://repo.maven.apache.org/maven2/org/apache/ant/ant/1.8.1/ant-1.8.1.pom
[INFO] Downloaded from central: https://repo.maven.apache.org/maven2/org/apache/ant/ant/1.8.1/ant-1.8.1.pom (8.8 kB at 1.1 MB/s)
[INFO] Downloading from central: https://repo.maven.apache.org/maven2/org/apache/ant/ant-parent/1.8.1/ant-parent-1.8.1.pom
[INFO] Downloaded from central: https://repo.maven.apache.org/maven2/org/apache/ant/ant-parent/1.8.1/ant-parent-1.8.1.pom (4.3 kB at 268 kB/s)
[INFO] Downloading from central: https://repo.maven.apache.org/maven2/org/apache/maven/shared/maven-artifact-transfer/0.9.1/maven-artifact-transfer-0.9.1.pom
[INFO] Downloaded from central: https://repo.maven.apache.org/maven2/org/apache/maven/shared/maven-artifact-transfer/0.9.1/maven-artifact-transfer-0.9.1.pom (7.6 kB at 400 kB/s)
[INFO] Downloading from central: https://repo.maven.apache.org/maven2/org/apache/maven/shared/maven-common-artifact-filters/3.0.1/maven-common-artifact-filters-3.0.1.pom
[INFO] Downloaded from central: https://repo.maven.apache.org/maven2/org/apache/maven/shared/maven-common-artifact-filters/3.0.1/maven-common-artifact-filters-3.0.1.pom (4.8 kB at 604 kB/s)
[INFO] Downloading from central: https://repo.maven.apache.org/maven2/commons-codec/commons-codec/1.6/commons-codec-1.6.pom
[INFO] Downloaded from central: https://repo.maven.apache.org/maven2/commons-codec/commons-codec/1.6/commons-codec-1.6.pom (11 kB at 620 kB/s)
[INFO] Downloading from central: https://repo.maven.apache.org/maven2/org/slf4j/slf4j-api/1.7.5/slf4j-api-1.7.5.pom
[INFO] Downloaded from central: https://repo.maven.apache.org/maven2/org/slf4j/slf4j-api/1.7.5/slf4j-api-1.7.5.pom (2.7 kB at 448 kB/s)
[INFO] Downloading from central: https://repo.maven.apache.org/maven2/org/slf4j/slf4j-parent/1.7.5/slf4j-parent-1.7.5.pom
[INFO] Downloaded from central: https://repo.maven.apache.org/maven2/org/slf4j/slf4j-parent/1.7.5/slf4j-parent-1.7.5.pom (12 kB at 1.5 MB/s)
[INFO] Downloading from central: https://repo.maven.apache.org/maven2/org/apache/maven/doxia/doxia-sink-api/1.7/doxia-sink-api-1.7.pom
[INFO] Downloaded from central: https://repo.maven.apache.org/maven2/org/apache/maven/doxia/doxia-sink-api/1.7/doxia-sink-api-1.7.pom (1.5 kB at 109 kB/s)
[INFO] Downloading from central: https://repo.maven.apache.org/maven2/org/apache/maven/doxia/doxia/1.7/doxia-1.7.pom
[INFO] Downloaded from central: https://repo.maven.apache.org/maven2/org/apache/maven/doxia/doxia/1.7/doxia-1.7.pom (15 kB at 1.1 MB/s)
[INFO] Downloading from central: https://repo.maven.apache.org/maven2/org/apache/maven/maven-parent/27/maven-parent-27.pom
[INFO] Downloaded from central: https://repo.maven.apache.org/maven2/org/apache/maven/maven-parent/27/maven-parent-27.pom (41 kB at 2.5 MB/s)
[INFO] Downloading from central: https://repo.maven.apache.org/maven2/org/apache/apache/17/apache-17.pom
[INFO] Downloaded from central: https://repo.maven.apache.org/maven2/org/apache/apache/17/apache-17.pom (16 kB at 892 kB/s)
[INFO] Downloading from central: https://repo.maven.apache.org/maven2/org/apache/maven/doxia/doxia-logging-api/1.7/doxia-logging-api-1.7.pom
[INFO] Downloaded from central: https://repo.maven.apache.org/maven2/org/apache/maven/doxia/doxia-logging-api/1.7/doxia-logging-api-1.7.pom (1.5 kB at 140 kB/s)
[INFO] Downloading from central: https://repo.maven.apache.org/maven2/org/apache/maven/doxia/doxia-site-renderer/1.7.4/doxia-site-renderer-1.7.4.pom
[INFO] Downloaded from central: https://repo.maven.apache.org/maven2/org/apache/maven/doxia/doxia-site-renderer/1.7.4/doxia-site-renderer-1.7.4.pom (6.7 kB at 955 kB/s)
[INFO] Downloading from central: https://repo.maven.apache.org/maven2/org/apache/maven/doxia/doxia-sitetools/1.7.4/doxia-sitetools-1.7.4.pom
[INFO] Downloaded from central: https://repo.maven.apache.org/maven2/org/apache/maven/doxia/doxia-sitetools/1.7.4/doxia-sitetools-1.7.4.pom (14 kB at 852 kB/s)
[INFO] Downloading from central: https://repo.maven.apache.org/maven2/org/apache/maven/doxia/doxia-core/1.7/doxia-core-1.7.pom
[INFO] Downloaded from central: https://repo.maven.apache.org/maven2/org/apache/maven/doxia/doxia-core/1.7/doxia-core-1.7.pom (4.1 kB at 580 kB/s)
[INFO] Downloading from central: https://repo.maven.apache.org/maven2/org/apache/maven/doxia/doxia-decoration-model/1.7.4/doxia-decoration-model-1.7.4.pom
[INFO] Downloaded from central: https://repo.maven.apache.org/maven2/org/apache/maven/doxia/doxia-decoration-model/1.7.4/doxia-decoration-model-1.7.4.pom (3.4 kB at 485 kB/s)
[INFO] Downloading from central: https://repo.maven.apache.org/maven2/org/apache/maven/doxia/doxia-skin-model/1.7.4/doxia-skin-model-1.7.4.pom
[INFO] Downloaded from central: https://repo.maven.apache.org/maven2/org/apache/maven/doxia/doxia-skin-model/1.7.4/doxia-skin-model-1.7.4.pom (3.0 kB at 605 kB/s)
[INFO] Downloading from central: https://repo.maven.apache.org/maven2/org/apache/maven/doxia/doxia-module-xhtml/1.7/doxia-module-xhtml-1.7.pom
[INFO] Downloaded from central: https://repo.maven.apache.org/maven2/org/apache/maven/doxia/doxia-module-xhtml/1.7/doxia-module-xhtml-1.7.pom (1.6 kB at 272 kB/s)
[INFO] Downloading from central: https://repo.maven.apache.org/maven2/org/apache/maven/doxia/doxia-modules/1.7/doxia-modules-1.7.pom
[INFO] Downloaded from central: https://repo.maven.apache.org/maven2/org/apache/maven/doxia/doxia-modules/1.7/doxia-modules-1.7.pom (2.6 kB at 187 kB/s)
[INFO] Downloading from central: https://repo.maven.apache.org/maven2/org/codehaus/plexus/plexus-velocity/1.2/plexus-velocity-1.2.pom
[INFO] Downloaded from central: https://repo.maven.apache.org/maven2/org/codehaus/plexus/plexus-velocity/1.2/plexus-velocity-1.2.pom (2.8 kB at 564 kB/s)
[INFO] Downloading from central: https://repo.maven.apache.org/maven2/org/codehaus/groovy/groovy-all/2.4.8/groovy-all-2.4.8.pom
[INFO] Downloaded from central: https://repo.maven.apache.org/maven2/org/codehaus/groovy/groovy-all/2.4.8/groovy-all-2.4.8.pom (21 kB at 1.1 MB/s)
[INFO] Downloading from central: https://repo.maven.apache.org/maven2/org/apache/maven/doxia/doxia-core/1.6/doxia-core-1.6.jar
[INFO] Downloading from central: https://repo.maven.apache.org/maven2/org/codehaus/plexus/plexus-container-default/1.0-alpha-30/plexus-container-default-1.0-alpha-30.jar
[INFO] Downloading from central: https://repo.maven.apache.org/maven2/xerces/xercesImpl/2.9.1/xercesImpl-2.9.1.jar
[INFO] Downloading from central: https://repo.maven.apache.org/maven2/xml-apis/xml-apis/1.3.04/xml-apis-1.3.04.jar
[INFO] Downloading from central: https://repo.maven.apache.org/maven2/org/apache/httpcomponents/httpclient/4.0.2/httpclient-4.0.2.jar
[INFO] Downloaded from central: https://repo.maven.apache.org/maven2/org/apache/maven/doxia/doxia-core/1.6/doxia-core-1.6.jar (162 kB at 4.4 MB/s)
[INFO] Downloaded from central: https://repo.maven.apache.org/maven2/org/codehaus/plexus/plexus-container-default/1.0-alpha-30/plexus-container-default-1.0-alpha-30.jar (237 kB at 6.4 MB/s)
[INFO] Downloading from central: https://repo.maven.apache.org/maven2/org/apache/httpcomponents/httpcore/4.0.1/httpcore-4.0.1.jar
[INFO] Downloading from central: https://repo.maven.apache.org/maven2/xmlunit/xmlunit/1.5/xmlunit-1.5.jar
[INFO] Downloaded from central: https://repo.maven.apache.org/maven2/xmlunit/xmlunit/1.5/xmlunit-1.5.jar (98 kB at 2.0 MB/s)
[INFO] Downloading from central: https://repo.maven.apache.org/maven2/commons-validator/commons-validator/1.4.1/commons-validator-1.4.1.jar
[INFO] Downloaded from central: https://repo.maven.apache.org/maven2/xml-apis/xml-apis/1.3.04/xml-apis-1.3.04.jar (194 kB at 3.0 MB/s)
[INFO] Downloading from central: https://repo.maven.apache.org/maven2/commons-beanutils/commons-beanutils/1.8.3/commons-beanutils-1.8.3.jar
[INFO] Downloaded from central: https://repo.maven.apache.org/maven2/org/apache/httpcomponents/httpcore/4.0.1/httpcore-4.0.1.jar (173 kB at 2.3 MB/s)
[INFO] Downloading from central: https://repo.maven.apache.org/maven2/commons-digester/commons-digester/1.8.1/commons-digester-1.8.1.jar
[INFO] Downloaded from central: https://repo.maven.apache.org/maven2/commons-validator/commons-validator/1.4.1/commons-validator-1.4.1.jar (190 kB at 2.1 MB/s)
[INFO] Downloading from central: https://repo.maven.apache.org/maven2/org/apache/ant/ant/1.8.1/ant-1.8.1.jar
[INFO] Downloaded from central: https://repo.maven.apache.org/maven2/commons-beanutils/commons-beanutils/1.8.3/commons-beanutils-1.8.3.jar (232 kB at 2.5 MB/s)
[INFO] Downloading from central: https://repo.maven.apache.org/maven2/org/apache/maven/shared/maven-common-artifact-filters/3.0.1/maven-common-artifact-filters-3.0.1.jar
[INFO] Downloaded from central: https://repo.maven.apache.org/maven2/org/apache/httpcomponents/httpclient/4.0.2/httpclient-4.0.2.jar (293 kB at 2.5 MB/s)
[INFO] Downloading from central: https://repo.maven.apache.org/maven2/commons-codec/commons-codec/1.6/commons-codec-1.6.jar
[INFO] Downloaded from central: https://repo.maven.apache.org/maven2/commons-digester/commons-digester/1.8.1/commons-digester-1.8.1.jar (146 kB at 1.2 MB/s)
[INFO] Downloading from central: https://repo.maven.apache.org/maven2/org/slf4j/slf4j-api/1.7.5/slf4j-api-1.7.5.jar
[INFO] Downloaded from central: https://repo.maven.apache.org/maven2/org/slf4j/slf4j-api/1.7.5/slf4j-api-1.7.5.jar (26 kB at 193 kB/s)
[INFO] Downloading from central: https://repo.maven.apache.org/maven2/org/apache/maven/doxia/doxia-logging-api/1.7/doxia-logging-api-1.7.jar
[INFO] Downloaded from central: https://repo.maven.apache.org/maven2/xerces/xercesImpl/2.9.1/xercesImpl-2.9.1.jar (1.2 MB at 8.0 MB/s)
[INFO] Downloading from central: https://repo.maven.apache.org/maven2/org/apache/maven/doxia/doxia-decoration-model/1.7.4/doxia-decoration-model-1.7.4.jar
[INFO] Downloaded from central: https://repo.maven.apache.org/maven2/org/apache/maven/doxia/doxia-logging-api/1.7/doxia-logging-api-1.7.jar (12 kB at 73 kB/s)
[INFO] Downloading from central: https://repo.maven.apache.org/maven2/org/apache/maven/doxia/doxia-skin-model/1.7.4/doxia-skin-model-1.7.4.jar
[INFO] Downloaded from central: https://repo.maven.apache.org/maven2/org/apache/maven/doxia/doxia-decoration-model/1.7.4/doxia-decoration-model-1.7.4.jar (61 kB at 379 kB/s)
[INFO] Downloading from central: https://repo.maven.apache.org/maven2/org/apache/maven/doxia/doxia-module-xhtml/1.7/doxia-module-xhtml-1.7.jar
[INFO] Downloaded from central: https://repo.maven.apache.org/maven2/org/apache/maven/shared/maven-common-artifact-filters/3.0.1/maven-common-artifact-filters-3.0.1.jar (61 kB at 377 kB/s)
[INFO] Downloading from central: https://repo.maven.apache.org/maven2/org/codehaus/plexus/plexus-velocity/1.2/plexus-velocity-1.2.jar
[INFO] Downloaded from central: https://repo.maven.apache.org/maven2/org/apache/maven/doxia/doxia-skin-model/1.7.4/doxia-skin-model-1.7.4.jar (16 kB at 93 kB/s)
[INFO] Downloading from central: https://repo.maven.apache.org/maven2/org/apache/velocity/velocity-tools/2.0/velocity-tools-2.0.jar
[INFO] Downloaded from central: https://repo.maven.apache.org/maven2/commons-codec/commons-codec/1.6/commons-codec-1.6.jar (233 kB at 1.3 MB/s)
[INFO] Downloading from central: https://repo.maven.apache.org/maven2/commons-chain/commons-chain/1.1/commons-chain-1.1.jar
[INFO] Downloaded from central: https://repo.maven.apache.org/maven2/org/codehaus/plexus/plexus-velocity/1.2/plexus-velocity-1.2.jar (8.1 kB at 46 kB/s)
[INFO] Downloading from central: https://repo.maven.apache.org/maven2/dom4j/dom4j/1.1/dom4j-1.1.jar
[INFO] Downloaded from central: https://repo.maven.apache.org/maven2/org/apache/maven/doxia/doxia-module-xhtml/1.7/doxia-module-xhtml-1.7.jar (17 kB at 100 kB/s)
[INFO] Downloading from central: https://repo.maven.apache.org/maven2/sslext/sslext/1.2-0/sslext-1.2-0.jar
[INFO] Downloaded from central: https://repo.maven.apache.org/maven2/sslext/sslext/1.2-0/sslext-1.2-0.jar (26 kB at 144 kB/s)
[INFO] Downloading from central: https://repo.maven.apache.org/maven2/org/apache/struts/struts-core/1.3.8/struts-core-1.3.8.jar
[INFO] Downloaded from central: https://repo.maven.apache.org/maven2/commons-chain/commons-chain/1.1/commons-chain-1.1.jar (90 kB at 446 kB/s)
[INFO] Downloading from central: https://repo.maven.apache.org/maven2/antlr/antlr/2.7.2/antlr-2.7.2.jar
[INFO] Downloaded from central: https://repo.maven.apache.org/maven2/org/apache/velocity/velocity-tools/2.0/velocity-tools-2.0.jar (347 kB at 1.6 MB/s)
[INFO] Downloading from central: https://repo.maven.apache.org/maven2/org/apache/struts/struts-taglib/1.3.8/struts-taglib-1.3.8.jar
[INFO] Downloaded from central: https://repo.maven.apache.org/maven2/org/apache/struts/struts-core/1.3.8/struts-core-1.3.8.jar (329 kB at 1.5 MB/s)
[INFO] Downloading from central: https://repo.maven.apache.org/maven2/org/apache/struts/struts-tiles/1.3.8/struts-tiles-1.3.8.jar
[INFO] Downloaded from central: https://repo.maven.apache.org/maven2/org/apache/struts/struts-tiles/1.3.8/struts-tiles-1.3.8.jar (120 kB at 503 kB/s)
[INFO] Downloaded from central: https://repo.maven.apache.org/maven2/dom4j/dom4j/1.1/dom4j-1.1.jar (457 kB at 1.8 MB/s)
[INFO] Downloaded from central: https://repo.maven.apache.org/maven2/antlr/antlr/2.7.2/antlr-2.7.2.jar (358 kB at 1.4 MB/s)
[INFO] Downloaded from central: https://repo.maven.apache.org/maven2/org/apache/struts/struts-taglib/1.3.8/struts-taglib-1.3.8.jar (252 kB at 935 kB/s)
[INFO] Downloaded from central: https://repo.maven.apache.org/maven2/org/apache/ant/ant/1.8.1/ant-1.8.1.jar (1.5 MB at 5.5 MB/s)
[INFO] Installing /home/travis/build/google/auto/pom.xml to /home/travis/.m2/repository/com/google/auto/auto-parent/HEAD-SNAPSHOT/auto-parent-HEAD-SNAPSHOT.pom
[INFO] Installing /home/travis/build/google/auto/common/pom.xml to /home/travis/.m2/repository/com/google/auto/auto-common/HEAD-SNAPSHOT/auto-common-HEAD-SNAPSHOT.pom
[INFO] Installing /home/travis/build/google/auto/common/target/auto-common-HEAD-SNAPSHOT.jar to /home/travis/.m2/repository/com/google/auto/auto-common/HEAD-SNAPSHOT/auto-common-HEAD-SNAPSHOT.jar
[INFO] Installing /home/travis/build/google/auto/factory/pom.xml to /home/travis/.m2/repository/com/google/auto/factory/auto-factory/HEAD-SNAPSHOT/auto-factory-HEAD-SNAPSHOT.pom
[INFO] 
[INFO] ------------------------------------------------------------------------
[INFO] Skipping AutoValue Processor
[INFO] This project has been banned from the build due to previous failures.
[INFO] ------------------------------------------------------------------------
[INFO] 
[INFO] ------------------------------------------------------------------------
[INFO] Skipping Auto-Value Functional Integration Test
[INFO] This project has been banned from the build due to previous failures.
[INFO] ------------------------------------------------------------------------
[INFO] 
[INFO] ------------------------------------------------------------------------
[INFO] Skipping Auto-Value GWT-RPC Serialization Integration Test
[INFO] This project has been banned from the build due to previous failures.
[INFO] ------------------------------------------------------------------------
[INFO] 
[INFO] ------------------------------------------------------------------------
[INFO] Building build-only NO_VERSION
[INFO] ------------------------------------------------------------------------
[INFO] ------------------------------------------------------------------------
[INFO] Reactor Summary:
[INFO] 
[INFO] Auto (Parent) ...................................... SUCCESS [  0.328 s]
[INFO] Auto Common Libraries .............................. SUCCESS [ 13.916 s]
[INFO] AutoFactory ........................................ FAILURE [  9.899 s]
[INFO] AutoService ........................................ SUCCESS [  3.016 s]
[INFO] AutoValue Parent ................................... SUCCESS [  0.002 s]
[INFO] AutoValue Annotations .............................. FAILURE [  2.171 s]
[INFO] AutoValue Processor ................................ SKIPPED
[INFO] Auto-Value Functional Integration Test ............. SKIPPED
[INFO] Auto-Value GWT-RPC Serialization Integration Test .. SKIPPED
[INFO] build-only ......................................... SUCCESS [  0.001 s]
[INFO] ------------------------------------------------------------------------
[INFO] BUILD FAILURE
[INFO] ------------------------------------------------------------------------
[INFO] Total time: 29.652 s
[INFO] Finished at: 2018-06-18T15:49:53Z
[INFO] Final Memory: 29M/512M
[INFO] ------------------------------------------------------------------------
[ERROR] Failed to execute goal org.apache.maven.plugins:maven-surefire-plugin:2.12.4:test (default-test) on project auto-factory: There are test failures.
[ERROR] 
[ERROR] Please refer to /home/travis/build/google/auto/factory/target/surefire-reports for the individual test results.
[ERROR] -> [Help 1]
[ERROR] Failed to execute goal org.apache.maven.plugins:maven-invoker-plugin:3.0.1:install (integration-test) on project auto-value-annotations: Failed to install project dependencies: MavenProject: com.google.auto.value:auto-value-annotations:HEAD-SNAPSHOT @ /home/travis/build/google/auto/value/annotations/pom.xml: Failed to install project artifacts: MavenProject: com.google.auto.factory:auto-factory:HEAD-SNAPSHOT @ /home/travis/build/google/auto/factory/pom.xml: Failed to install artifact: com.google.auto.factory:auto-factory:jar:HEAD-SNAPSHOT: Artifact is not fully assembled: /home/travis/build/google/auto/factory/target/classes -> [Help 2]
[ERROR] 
[ERROR] To see the full stack trace of the errors, re-run Maven with the -e switch.
[ERROR] Re-run Maven using the -X switch to enable full debug logging.
[ERROR] 
[ERROR] For more information about the errors and possible solutions, please read the following articles:
[ERROR] [Help 1] http://cwiki.apache.org/confluence/display/MAVEN/MojoFailureException
[ERROR] [Help 2] http://cwiki.apache.org/confluence/display/MAVEN/MojoExecutionException
[ERROR] 
[ERROR] After correcting the problems, you can resume the build with the command
[ERROR]   mvn <goals> -rf :auto-factory

travis_time:end:2936be80:start=1529336962166103319,finish=1529336993514165024,duration=31348061705[0K
[31;1mThe command "mvn -B -U -f build-pom.xml verify --fail-at-end -Dsource.skip=true -Dmaven.javadoc.skip=true" exited with 1.[0m

Done. Your build exited with 1.
