Using worker: worker-linux-docker-0fdc9df6.prod.travis-ci.org:travis-linux-7

travis_fold:start:system_info[0K[33;1mBuild system information[0m
Build language: java
Build group: stable
Build dist: precise
[34m[1mBuild image provisioning date and time[0m
Thu Feb  5 15:09:33 UTC 2015
[34m[1mOperating System Details[0m
Distributor ID:	Ubuntu
Description:	Ubuntu 12.04.5 LTS
Release:	12.04
Codename:	precise
[34m[1mLinux Version[0m
3.13.0-29-generic
[34m[1mCookbooks Version[0m
a68419e https://github.com/travis-ci/travis-cookbooks/tree/a68419e
[34m[1mGCC version[0m
gcc (Ubuntu/Linaro 4.6.3-1ubuntu5) 4.6.3
Copyright (C) 2011 Free Software Foundation, Inc.
This is free software; see the source for copying conditions.  There is NO
warranty; not even for MERCHANTABILITY or FITNESS FOR A PARTICULAR PURPOSE.

[34m[1mLLVM version[0m
clang version 3.4 (tags/RELEASE_34/final)
Target: x86_64-unknown-linux-gnu
Thread model: posix
[34m[1mPre-installed Ruby versions[0m
ruby-1.9.3-p551
[34m[1mPre-installed Node.js versions[0m
v0.10.36
[34m[1mPre-installed Go versions[0m
1.4.1
[34m[1mRedis version[0m
redis-server 2.8.19
[34m[1mriak version[0m
2.0.2
[34m[1mMongoDB version[0m
MongoDB 2.4.12
[34m[1mCouchDB version[0m
couchdb 1.6.1
[34m[1mNeo4j version[0m
1.9.4
[34m[1mRabbitMQ Version[0m
3.4.3
[34m[1mElasticSearch version[0m
1.4.0
[34m[1mInstalled Sphinx versions[0m
2.0.10
2.1.9
2.2.6
[34m[1mDefault Sphinx version[0m
2.2.6
[34m[1mInstalled Firefox version[0m
firefox 31.0esr
[34m[1mPhantomJS version[0m
1.9.8
[34m[1mant -version[0m
Apache Ant(TM) version 1.8.2 compiled on December 3 2011
[34m[1mmvn -version[0m
Apache Maven 3.2.5 (12a6b3acb947671f09b81f49094c53f426d8cea1; 2014-12-14T17:29:23+00:00)
Maven home: /usr/local/maven
Java version: 1.7.0_76, vendor: Oracle Corporation
Java home: /usr/lib/jvm/java-7-oracle/jre
Default locale: en_US, platform encoding: ANSI_X3.4-1968
OS name: "linux", version: "3.13.0-29-generic", arch: "amd64", family: "unix"
travis_fold:end:system_info[0K
travis_fold:start:git.checkout[0Ktravis_time:start:14bc999e[0K$ git clone --depth=50 --branch=setheclark-exception_msg_correction https://github.com/square/retrofit.git square/retrofit
Cloning into 'square/retrofit'...
remote: Counting objects: 1646, done.[K
remote: Compressing objects:   0% (1/753)   [Kremote: Compressing objects:   1% (8/753)   [Kremote: Compressing objects:   2% (16/753)   [Kremote: Compressing objects:   3% (23/753)   [Kremote: Compressing objects:   4% (31/753)   [Kremote: Compressing objects:   5% (38/753)   [Kremote: Compressing objects:   6% (46/753)   [Kremote: Compressing objects:   7% (53/753)   [Kremote: Compressing objects:   8% (61/753)   [Kremote: Compressing objects:   9% (68/753)   [Kremote: Compressing objects:  10% (76/753)   [Kremote: Compressing objects:  11% (83/753)   [Kremote: Compressing objects:  12% (91/753)   [Kremote: Compressing objects:  13% (98/753)   [Kremote: Compressing objects:  14% (106/753)   [Kremote: Compressing objects:  15% (113/753)   [Kremote: Compressing objects:  16% (121/753)   [Kremote: Compressing objects:  17% (129/753)   [Kremote: Compressing objects:  18% (136/753)   [Kremote: Compressing objects:  19% (144/753)   [Kremote: Compressing objects:  20% (151/753)   [Kremote: Compressing objects:  21% (159/753)   [Kremote: Compressing objects:  22% (166/753)   [Kremote: Compressing objects:  23% (174/753)   [Kremote: Compressing objects:  24% (181/753)   [Kremote: Compressing objects:  25% (189/753)   [Kremote: Compressing objects:  26% (196/753)   [Kremote: Compressing objects:  27% (204/753)   [Kremote: Compressing objects:  28% (211/753)   [Kremote: Compressing objects:  29% (219/753)   [Kremote: Compressing objects:  30% (226/753)   [Kremote: Compressing objects:  31% (234/753)   [Kremote: Compressing objects:  32% (241/753)   [Kremote: Compressing objects:  33% (249/753)   [Kremote: Compressing objects:  34% (257/753)   [Kremote: Compressing objects:  35% (264/753)   [Kremote: Compressing objects:  36% (272/753)   [Kremote: Compressing objects:  37% (279/753)   [Kremote: Compressing objects:  38% (287/753)   [Kremote: Compressing objects:  39% (294/753)   [Kremote: Compressing objects:  40% (302/753)   [Kremote: Compressing objects:  41% (309/753)   [Kremote: Compressing objects:  42% (317/753)   [Kremote: Compressing objects:  43% (324/753)   [Kremote: Compressing objects:  44% (332/753)   [Kremote: Compressing objects:  45% (339/753)   [Kremote: Compressing objects:  46% (347/753)   [Kremote: Compressing objects:  47% (354/753)   [Kremote: Compressing objects:  48% (362/753)   [Kremote: Compressing objects:  49% (369/753)   [Kremote: Compressing objects:  50% (377/753)   [Kremote: Compressing objects:  51% (385/753)   [Kremote: Compressing objects:  52% (392/753)   [Kremote: Compressing objects:  53% (400/753)   [Kremote: Compressing objects:  54% (407/753)   [Kremote: Compressing objects:  55% (415/753)   [Kremote: Compressing objects:  56% (422/753)   [Kremote: Compressing objects:  57% (430/753)   [Kremote: Compressing objects:  58% (437/753)   [Kremote: Compressing objects:  59% (445/753)   [Kremote: Compressing objects:  60% (452/753)   [Kremote: Compressing objects:  61% (460/753)   [Kremote: Compressing objects:  62% (467/753)   [Kremote: Compressing objects:  63% (475/753)   [Kremote: Compressing objects:  64% (482/753)   [Kremote: Compressing objects:  65% (490/753)   [Kremote: Compressing objects:  66% (497/753)   [Kremote: Compressing objects:  67% (505/753)   [Kremote: Compressing objects:  68% (513/753)   [Kremote: Compressing objects:  69% (520/753)   [Kremote: Compressing objects:  70% (528/753)   [Kremote: Compressing objects:  71% (535/753)   [Kremote: Compressing objects:  72% (543/753)   [Kremote: Compressing objects:  73% (550/753)   [Kremote: Compressing objects:  74% (558/753)   [Kremote: Compressing objects:  75% (565/753)   [Kremote: Compressing objects:  76% (573/753)   [Kremote: Compressing objects:  77% (580/753)   [Kremote: Compressing objects:  78% (588/753)   [Kremote: Compressing objects:  79% (595/753)   [Kremote: Compressing objects:  80% (603/753)   [Kremote: Compressing objects:  81% (610/753)   [Kremote: Compressing objects:  82% (618/753)   [Kremote: Compressing objects:  83% (625/753)   [Kremote: Compressing objects:  84% (633/753)   [Kremote: Compressing objects:  85% (641/753)   [Kremote: Compressing objects:  86% (648/753)   [Kremote: Compressing objects:  87% (656/753)   [Kremote: Compressing objects:  88% (663/753)   [Kremote: Compressing objects:  89% (671/753)   [Kremote: Compressing objects:  90% (678/753)   [Kremote: Compressing objects:  91% (686/753)   [Kremote: Compressing objects:  92% (693/753)   [Kremote: Compressing objects:  93% (701/753)   [Kremote: Compressing objects:  94% (708/753)   [Kremote: Compressing objects:  95% (716/753)   [Kremote: Compressing objects:  96% (723/753)   [Kremote: Compressing objects:  97% (731/753)   [Kremote: Compressing objects:  98% (738/753)   [Kremote: Compressing objects:  99% (746/753)   [Kremote: Compressing objects: 100% (753/753)   [Kremote: Compressing objects: 100% (753/753), done.[K
Receiving objects:   0% (1/1646)   Receiving objects:   1% (17/1646)   Receiving objects:   2% (33/1646)   Receiving objects:   3% (50/1646)   Receiving objects:   4% (66/1646)   Receiving objects:   5% (83/1646)   Receiving objects:   6% (99/1646)   Receiving objects:   7% (116/1646)   Receiving objects:   8% (132/1646)   Receiving objects:   9% (149/1646)   Receiving objects:  10% (165/1646)   Receiving objects:  11% (182/1646)   Receiving objects:  12% (198/1646)   Receiving objects:  13% (214/1646)   Receiving objects:  14% (231/1646)   Receiving objects:  15% (247/1646)   Receiving objects:  16% (264/1646)   Receiving objects:  17% (280/1646)   Receiving objects:  18% (297/1646)   Receiving objects:  19% (313/1646)   Receiving objects:  20% (330/1646)   Receiving objects:  21% (346/1646)   Receiving objects:  22% (363/1646)   Receiving objects:  23% (379/1646)   Receiving objects:  24% (396/1646)   Receiving objects:  25% (412/1646)   Receiving objects:  26% (428/1646)   Receiving objects:  27% (445/1646)   Receiving objects:  28% (461/1646)   Receiving objects:  29% (478/1646)   Receiving objects:  30% (494/1646)   Receiving objects:  31% (511/1646)   Receiving objects:  32% (527/1646)   Receiving objects:  33% (544/1646)   Receiving objects:  34% (560/1646)   Receiving objects:  35% (577/1646)   Receiving objects:  36% (593/1646)   Receiving objects:  37% (610/1646)   Receiving objects:  38% (626/1646)   Receiving objects:  39% (642/1646)   Receiving objects:  40% (659/1646)   Receiving objects:  41% (675/1646)   Receiving objects:  42% (692/1646)   Receiving objects:  43% (708/1646)   Receiving objects:  44% (725/1646)   Receiving objects:  45% (741/1646)   Receiving objects:  46% (758/1646)   Receiving objects:  47% (774/1646)   Receiving objects:  48% (791/1646)   Receiving objects:  49% (807/1646)   Receiving objects:  50% (823/1646)   Receiving objects:  51% (840/1646)   Receiving objects:  52% (856/1646)   Receiving objects:  53% (873/1646)   Receiving objects:  54% (889/1646)   Receiving objects:  55% (906/1646)   Receiving objects:  56% (922/1646)   Receiving objects:  57% (939/1646)   Receiving objects:  58% (955/1646)   Receiving objects:  59% (972/1646)   Receiving objects:  60% (988/1646)   Receiving objects:  61% (1005/1646)   Receiving objects:  62% (1021/1646)   Receiving objects:  63% (1037/1646)   Receiving objects:  64% (1054/1646)   Receiving objects:  65% (1070/1646)   Receiving objects:  66% (1087/1646)   Receiving objects:  67% (1103/1646)   Receiving objects:  68% (1120/1646)   Receiving objects:  69% (1136/1646)   Receiving objects:  70% (1153/1646)   Receiving objects:  71% (1169/1646)   remote: Total 1646 (delta 655), reused 1444 (delta 483), pack-reused 0[K
Receiving objects:  72% (1186/1646)   Receiving objects:  73% (1202/1646)   Receiving objects:  74% (1219/1646)   Receiving objects:  75% (1235/1646)   Receiving objects:  76% (1251/1646)   Receiving objects:  77% (1268/1646)   Receiving objects:  78% (1284/1646)   Receiving objects:  79% (1301/1646)   Receiving objects:  80% (1317/1646)   Receiving objects:  81% (1334/1646)   Receiving objects:  82% (1350/1646)   Receiving objects:  83% (1367/1646)   Receiving objects:  84% (1383/1646)   Receiving objects:  85% (1400/1646)   Receiving objects:  86% (1416/1646)   Receiving objects:  87% (1433/1646)   Receiving objects:  88% (1449/1646)   Receiving objects:  89% (1465/1646)   Receiving objects:  90% (1482/1646)   Receiving objects:  91% (1498/1646)   Receiving objects:  92% (1515/1646)   Receiving objects:  93% (1531/1646)   Receiving objects:  94% (1548/1646)   Receiving objects:  95% (1564/1646)   Receiving objects:  96% (1581/1646)   Receiving objects:  97% (1597/1646)   Receiving objects:  98% (1614/1646)   Receiving objects:  99% (1630/1646)   Receiving objects: 100% (1646/1646)   Receiving objects: 100% (1646/1646), 369.39 KiB | 0 bytes/s, done.
Resolving deltas:   0% (0/655)   Resolving deltas:   4% (27/655)   Resolving deltas:   6% (43/655)   Resolving deltas:   7% (47/655)   Resolving deltas:   8% (54/655)   Resolving deltas:  15% (99/655)   Resolving deltas:  17% (114/655)   Resolving deltas:  18% (122/655)   Resolving deltas:  19% (128/655)   Resolving deltas:  20% (132/655)   Resolving deltas:  23% (152/655)   Resolving deltas:  25% (170/655)   Resolving deltas:  30% (197/655)   Resolving deltas:  31% (205/655)   Resolving deltas:  32% (210/655)   Resolving deltas:  34% (226/655)   Resolving deltas:  36% (239/655)   Resolving deltas:  37% (246/655)   Resolving deltas:  38% (251/655)   Resolving deltas:  39% (256/655)   Resolving deltas:  40% (263/655)   Resolving deltas:  41% (269/655)   Resolving deltas:  43% (288/655)   Resolving deltas:  45% (297/655)   Resolving deltas:  47% (310/655)   Resolving deltas:  48% (315/655)   Resolving deltas:  49% (321/655)   Resolving deltas:  50% (333/655)   Resolving deltas:  52% (341/655)   Resolving deltas:  53% (353/655)   Resolving deltas:  54% (355/655)   Resolving deltas:  55% (363/655)   Resolving deltas:  56% (370/655)   Resolving deltas:  58% (380/655)   Resolving deltas:  60% (398/655)   Resolving deltas:  61% (406/655)   Resolving deltas:  62% (407/655)   Resolving deltas:  67% (444/655)   Resolving deltas:  70% (464/655)   Resolving deltas:  71% (467/655)   Resolving deltas:  72% (472/655)   Resolving deltas:  74% (488/655)   Resolving deltas:  75% (497/655)   Resolving deltas:  76% (498/655)   Resolving deltas:  78% (512/655)   Resolving deltas:  79% (518/655)   Resolving deltas:  80% (526/655)   Resolving deltas:  81% (533/655)   Resolving deltas:  87% (572/655)   Resolving deltas:  89% (584/655)   Resolving deltas:  90% (592/655)   Resolving deltas:  91% (597/655)   Resolving deltas:  92% (604/655)   Resolving deltas:  93% (610/655)   Resolving deltas:  94% (616/655)   Resolving deltas:  95% (623/655)   Resolving deltas:  96% (633/655)   Resolving deltas:  97% (637/655)   Resolving deltas:  99% (650/655)   Resolving deltas: 100% (655/655)   Resolving deltas: 100% (655/655), done.
Checking connectivity... done.

travis_time:end:14bc999e:start=1453616034287717876,finish=1453616034732332628,duration=444614752[0K$ cd square/retrofit
$ git checkout -qf e3d7d9cd44c72c0b4a71d8dd427fad5c8d930eb4
travis_fold:end:git.checkout[0K
[33;1mThis job is running on container-based infrastructure, which does not allow use of 'sudo', setuid and setguid executables.[0m
[33;1mIf you require sudo, add 'sudo: required' to your .travis.yml[0m
[33;1mSee https://docs.travis-ci.com/user/workers/container-based-infrastructure/ for details.[0m

[33;1mSetting environment variables from .travis.yml[0m
$ export CI_DEPLOY_USERNAME=[secure]
$ export CI_DEPLOY_PASSWORD=[secure]

travis_fold:start:cache.1[0KSetting up build cache
$ export CASHER_DIR=$HOME/.casher
travis_time:start:1887f54d[0K$ Installing caching utilities

travis_time:end:1887f54d:start=1453616036813750203,finish=1453616036834511429,duration=20761226[0Ktravis_time:start:00a38135[0K
travis_time:end:00a38135:start=1453616036839058047,finish=1453616036841972061,duration=2914014[0Ktravis_time:start:0b5a1e00[0K[32;1mattempting to download cache archive[0m
[32;1mfetching setheclark-exception_msg_correction/cache--jdk-oraclejdk8.tgz[0m
[32;1mfound cache[0m

travis_time:end:0b5a1e00:start=1453616036845440261,finish=1453616039049067460,duration=2203627199[0Ktravis_time:start:186cb08c[0K
travis_time:end:186cb08c:start=1453616039052976644,finish=1453616039056145537,duration=3168893[0Ktravis_time:start:027989cc[0K[32;1madding /home/travis/.m2 to cache[0m

travis_time:end:027989cc:start=1453616039059736535,finish=1453616040625562718,duration=1565826183[0Ktravis_fold:end:cache.1[0K$ jdk_switcher use oraclejdk8
Switching to Oracle JDK8 (java-8-oracle), JAVA_HOME will be set to /usr/lib/jvm/java-8-oracle
$ java -Xmx32m -version
java version "1.8.0_31"
Java(TM) SE Runtime Environment (build 1.8.0_31-b13)
Java HotSpot(TM) 64-Bit Server VM (build 25.31-b07, mixed mode)
$ javac -J-Xmx32m -version
javac 1.8.0_31
travis_fold:start:install[0Ktravis_time:start:29cc2dd0[0K$ mvn install -DskipTests=true -Dmaven.javadoc.skip=true -B -V
Java HotSpot(TM) 64-Bit Server VM warning: ignoring option MaxPermSize=192m; support was removed in 8.0
Apache Maven 3.2.5 (12a6b3acb947671f09b81f49094c53f426d8cea1; 2014-12-14T17:29:23+00:00)
Maven home: /usr/local/maven
Java version: 1.8.0_31, vendor: Oracle Corporation
Java home: /usr/lib/jvm/java-8-oracle/jre
Default locale: en_US, platform encoding: UTF-8
OS name: "linux", version: "3.13.0-40-generic", arch: "amd64", family: "unix"
[INFO] Scanning for projects...
[WARNING] 
[WARNING] Some problems were encountered while building the effective model for com.squareup.retrofit2:samples:jar:2.0.0-SNAPSHOT
[WARNING] 'build.plugins.plugin.version' for org.apache.maven.plugins:maven-deploy-plugin is missing. @ com.squareup.retrofit2:samples:[unknown-version], /home/travis/build/square/retrofit/samples/pom.xml, line 45, column 15
[WARNING] 
[WARNING] It is highly recommended to fix these problems because they threaten the stability of your build.
[WARNING] 
[WARNING] For this reason, future Maven versions might no longer support building such malformed projects.
[WARNING] 
[INFO] ------------------------------------------------------------------------
[INFO] Reactor Build Order:
[INFO] 
[INFO] Retrofit (Parent)
[INFO] Retrofit
[INFO] Adapters
[INFO] Adapter: RxJava
[INFO] Converters
[INFO] Converter: Gson
[INFO] Converter: Protocol Buffers
[INFO] Converter: Jackson
[INFO] Converter: Wire Protocol Buffers
[INFO] Converter: SimpleXML
[INFO] Converter: Java Scalars
[INFO] Converter: Moshi
[INFO] Retrofit Mock Adapter
[INFO] Samples
[INFO]                                                                         
[INFO] ------------------------------------------------------------------------
[INFO] Building Retrofit (Parent) 2.0.0-SNAPSHOT
[INFO] ------------------------------------------------------------------------
[INFO] 
[INFO] --- maven-enforcer-plugin:1.0:enforce (enforce-maven) @ parent ---
[INFO] 
[INFO] --- animal-sniffer-maven-plugin:1.14:check (default) @ parent ---
[INFO] Checking unresolved references to org.codehaus.mojo.signature:java16:1.1
[INFO] 
[INFO] --- maven-javadoc-plugin:2.10.3:jar (attach-javadocs) @ parent ---
[INFO] Skipping javadoc generation
[INFO] 
[INFO] --- maven-checkstyle-plugin:2.15:checkstyle (default) @ parent ---
[INFO] 
[INFO] --- maven-install-plugin:2.4:install (default-install) @ parent ---
[INFO] Installing /home/travis/build/square/retrofit/pom.xml to /home/travis/.m2/repository/com/squareup/retrofit2/parent/2.0.0-SNAPSHOT/parent-2.0.0-SNAPSHOT.pom
[INFO]                                                                         
[INFO] ------------------------------------------------------------------------
[INFO] Building Retrofit 2.0.0-SNAPSHOT
[INFO] ------------------------------------------------------------------------
[INFO] 
[INFO] --- maven-enforcer-plugin:1.0:enforce (enforce-maven) @ retrofit ---
[INFO] 
[INFO] --- maven-resources-plugin:2.6:resources (default-resources) @ retrofit ---
[INFO] Using 'UTF-8' encoding to copy filtered resources.
[INFO] skip non existing resourceDirectory /home/travis/build/square/retrofit/retrofit/src/main/resources
[INFO] 
[INFO] --- maven-compiler-plugin:3.0:compile (default-compile) @ retrofit ---
[INFO] Changes detected - recompiling the module!
[INFO] Compiling 42 source files to /home/travis/build/square/retrofit/retrofit/target/classes
[WARNING] /home/travis/build/square/retrofit/retrofit/src/main/java/retrofit2/Retrofit.java: Some input files use unchecked or unsafe operations.
[WARNING] /home/travis/build/square/retrofit/retrofit/src/main/java/retrofit2/Retrofit.java: Recompile with -Xlint:unchecked for details.
[INFO] 
[INFO] --- maven-resources-plugin:2.6:testResources (default-testResources) @ retrofit ---
[INFO] Using 'UTF-8' encoding to copy filtered resources.
[INFO] skip non existing resourceDirectory /home/travis/build/square/retrofit/retrofit/src/test/resources
[INFO] 
[INFO] --- maven-compiler-plugin:3.0:testCompile (default-testCompile) @ retrofit ---
[INFO] Changes detected - recompiling the module!
[INFO] Compiling 12 source files to /home/travis/build/square/retrofit/retrofit/target/test-classes
[WARNING] /home/travis/build/square/retrofit/retrofit/src/test/java/retrofit2/RetrofitTest.java: /home/travis/build/square/retrofit/retrofit/src/test/java/retrofit2/RetrofitTest.java uses unchecked or unsafe operations.
[WARNING] /home/travis/build/square/retrofit/retrofit/src/test/java/retrofit2/RetrofitTest.java: Recompile with -Xlint:unchecked for details.
[INFO] 
[INFO] --- maven-surefire-plugin:2.12.4:test (default-test) @ retrofit ---
[INFO] Tests are skipped.
[INFO] 
[INFO] --- animal-sniffer-maven-plugin:1.14:check (default) @ retrofit ---
[INFO] Checking unresolved references to org.codehaus.mojo.signature:java16:1.1
[INFO] 
[INFO] --- maven-jar-plugin:2.4:jar (default-jar) @ retrofit ---
[INFO] Building jar: /home/travis/build/square/retrofit/retrofit/target/retrofit-2.0.0-SNAPSHOT.jar
[INFO] 
[INFO] --- maven-javadoc-plugin:2.10.3:jar (attach-javadocs) @ retrofit ---
[INFO] Skipping javadoc generation
[INFO] 
[INFO] --- maven-checkstyle-plugin:2.15:checkstyle (default) @ retrofit ---
[INFO] Starting audit...
Audit done.
[WARNING] Unable to locate Source XRef to link to - DISABLED
[INFO] 
[INFO] --- maven-install-plugin:2.4:install (default-install) @ retrofit ---
[INFO] Installing /home/travis/build/square/retrofit/retrofit/target/retrofit-2.0.0-SNAPSHOT.jar to /home/travis/.m2/repository/com/squareup/retrofit2/retrofit/2.0.0-SNAPSHOT/retrofit-2.0.0-SNAPSHOT.jar
[INFO] Installing /home/travis/build/square/retrofit/retrofit/pom.xml to /home/travis/.m2/repository/com/squareup/retrofit2/retrofit/2.0.0-SNAPSHOT/retrofit-2.0.0-SNAPSHOT.pom
[INFO]                                                                         
[INFO] ------------------------------------------------------------------------
[INFO] Building Adapters 2.0.0-SNAPSHOT
[INFO] ------------------------------------------------------------------------
[INFO] 
[INFO] --- maven-enforcer-plugin:1.0:enforce (enforce-maven) @ retrofit-adapters ---
[INFO] 
[INFO] --- animal-sniffer-maven-plugin:1.14:check (default) @ retrofit-adapters ---
[INFO] Checking unresolved references to org.codehaus.mojo.signature:java16:1.1
[INFO] 
[INFO] --- maven-javadoc-plugin:2.10.3:jar (attach-javadocs) @ retrofit-adapters ---
[INFO] Skipping javadoc generation
[INFO] 
[INFO] --- maven-checkstyle-plugin:2.15:checkstyle (default) @ retrofit-adapters ---
[INFO] 
[INFO] --- maven-install-plugin:2.4:install (default-install) @ retrofit-adapters ---
[INFO] Installing /home/travis/build/square/retrofit/retrofit-adapters/pom.xml to /home/travis/.m2/repository/com/squareup/retrofit2/retrofit-adapters/2.0.0-SNAPSHOT/retrofit-adapters-2.0.0-SNAPSHOT.pom
[INFO]                                                                         
[INFO] ------------------------------------------------------------------------
[INFO] Building Adapter: RxJava 2.0.0-SNAPSHOT
[INFO] ------------------------------------------------------------------------
[INFO] 
[INFO] --- maven-enforcer-plugin:1.0:enforce (enforce-maven) @ adapter-rxjava ---
[INFO] 
[INFO] --- maven-resources-plugin:2.6:resources (default-resources) @ adapter-rxjava ---
[INFO] Using 'UTF-8' encoding to copy filtered resources.
[INFO] skip non existing resourceDirectory /home/travis/build/square/retrofit/retrofit-adapters/rxjava/src/main/resources
[INFO] 
[INFO] --- maven-compiler-plugin:3.0:compile (default-compile) @ adapter-rxjava ---
[INFO] Changes detected - recompiling the module!
[INFO] Compiling 4 source files to /home/travis/build/square/retrofit/retrofit-adapters/rxjava/target/classes
[INFO] 
[INFO] --- maven-resources-plugin:2.6:testResources (default-testResources) @ adapter-rxjava ---
[INFO] Using 'UTF-8' encoding to copy filtered resources.
[INFO] skip non existing resourceDirectory /home/travis/build/square/retrofit/retrofit-adapters/rxjava/src/test/resources
[INFO] 
[INFO] --- maven-compiler-plugin:3.0:testCompile (default-testCompile) @ adapter-rxjava ---
[INFO] Changes detected - recompiling the module!
[INFO] Compiling 2 source files to /home/travis/build/square/retrofit/retrofit-adapters/rxjava/target/test-classes
[INFO] 
[INFO] --- maven-surefire-plugin:2.12.4:test (default-test) @ adapter-rxjava ---
[INFO] Tests are skipped.
[INFO] 
[INFO] --- animal-sniffer-maven-plugin:1.14:check (default) @ adapter-rxjava ---
[INFO] Checking unresolved references to org.codehaus.mojo.signature:java16:1.1
[INFO] 
[INFO] --- maven-jar-plugin:2.4:jar (default-jar) @ adapter-rxjava ---
[INFO] Building jar: /home/travis/build/square/retrofit/retrofit-adapters/rxjava/target/adapter-rxjava-2.0.0-SNAPSHOT.jar
[INFO] 
[INFO] --- maven-javadoc-plugin:2.10.3:jar (attach-javadocs) @ adapter-rxjava ---
[INFO] Skipping javadoc generation
[INFO] 
[INFO] --- maven-checkstyle-plugin:2.15:checkstyle (default) @ adapter-rxjava ---
[INFO] Starting audit...
Audit done.
[WARNING] Unable to locate Source XRef to link to - DISABLED
[INFO] 
[INFO] --- maven-install-plugin:2.4:install (default-install) @ adapter-rxjava ---
[INFO] Installing /home/travis/build/square/retrofit/retrofit-adapters/rxjava/target/adapter-rxjava-2.0.0-SNAPSHOT.jar to /home/travis/.m2/repository/com/squareup/retrofit2/adapter-rxjava/2.0.0-SNAPSHOT/adapter-rxjava-2.0.0-SNAPSHOT.jar
[INFO] Installing /home/travis/build/square/retrofit/retrofit-adapters/rxjava/pom.xml to /home/travis/.m2/repository/com/squareup/retrofit2/adapter-rxjava/2.0.0-SNAPSHOT/adapter-rxjava-2.0.0-SNAPSHOT.pom
[INFO]                                                                         
[INFO] ------------------------------------------------------------------------
[INFO] Building Converters 2.0.0-SNAPSHOT
[INFO] ------------------------------------------------------------------------
[INFO] 
[INFO] --- maven-enforcer-plugin:1.0:enforce (enforce-maven) @ retrofit-converters ---
[INFO] 
[INFO] --- animal-sniffer-maven-plugin:1.14:check (default) @ retrofit-converters ---
[INFO] Checking unresolved references to org.codehaus.mojo.signature:java16:1.1
[INFO] 
[INFO] --- maven-javadoc-plugin:2.10.3:jar (attach-javadocs) @ retrofit-converters ---
[INFO] Skipping javadoc generation
[INFO] 
[INFO] --- maven-checkstyle-plugin:2.15:checkstyle (default) @ retrofit-converters ---
[INFO] 
[INFO] --- maven-install-plugin:2.4:install (default-install) @ retrofit-converters ---
[INFO] Installing /home/travis/build/square/retrofit/retrofit-converters/pom.xml to /home/travis/.m2/repository/com/squareup/retrofit2/retrofit-converters/2.0.0-SNAPSHOT/retrofit-converters-2.0.0-SNAPSHOT.pom
[INFO]                                                                         
[INFO] ------------------------------------------------------------------------
[INFO] Building Converter: Gson 2.0.0-SNAPSHOT
[INFO] ------------------------------------------------------------------------
[INFO] 
[INFO] --- maven-enforcer-plugin:1.0:enforce (enforce-maven) @ converter-gson ---
[INFO] 
[INFO] --- maven-resources-plugin:2.6:resources (default-resources) @ converter-gson ---
[INFO] Using 'UTF-8' encoding to copy filtered resources.
[INFO] skip non existing resourceDirectory /home/travis/build/square/retrofit/retrofit-converters/gson/src/main/resources
[INFO] 
[INFO] --- maven-compiler-plugin:3.0:compile (default-compile) @ converter-gson ---
[INFO] Changes detected - recompiling the module!
[INFO] Compiling 3 source files to /home/travis/build/square/retrofit/retrofit-converters/gson/target/classes
[INFO] 
[INFO] --- maven-resources-plugin:2.6:testResources (default-testResources) @ converter-gson ---
[INFO] Using 'UTF-8' encoding to copy filtered resources.
[INFO] skip non existing resourceDirectory /home/travis/build/square/retrofit/retrofit-converters/gson/src/test/resources
[INFO] 
[INFO] --- maven-compiler-plugin:3.0:testCompile (default-testCompile) @ converter-gson ---
[INFO] Changes detected - recompiling the module!
[INFO] Compiling 1 source file to /home/travis/build/square/retrofit/retrofit-converters/gson/target/test-classes
[INFO] 
[INFO] --- maven-surefire-plugin:2.12.4:test (default-test) @ converter-gson ---
[INFO] Tests are skipped.
[INFO] 
[INFO] --- animal-sniffer-maven-plugin:1.14:check (default) @ converter-gson ---
[INFO] Checking unresolved references to org.codehaus.mojo.signature:java16:1.1
[INFO] 
[INFO] --- maven-jar-plugin:2.4:jar (default-jar) @ converter-gson ---
[INFO] Building jar: /home/travis/build/square/retrofit/retrofit-converters/gson/target/converter-gson-2.0.0-SNAPSHOT.jar
[INFO] 
[INFO] --- maven-javadoc-plugin:2.10.3:jar (attach-javadocs) @ converter-gson ---
[INFO] Skipping javadoc generation
[INFO] 
[INFO] --- maven-checkstyle-plugin:2.15:checkstyle (default) @ converter-gson ---
[INFO] Starting audit...
Audit done.
[WARNING] Unable to locate Source XRef to link to - DISABLED
[INFO] 
[INFO] --- maven-install-plugin:2.4:install (default-install) @ converter-gson ---
[INFO] Installing /home/travis/build/square/retrofit/retrofit-converters/gson/target/converter-gson-2.0.0-SNAPSHOT.jar to /home/travis/.m2/repository/com/squareup/retrofit2/converter-gson/2.0.0-SNAPSHOT/converter-gson-2.0.0-SNAPSHOT.jar
[INFO] Installing /home/travis/build/square/retrofit/retrofit-converters/gson/pom.xml to /home/travis/.m2/repository/com/squareup/retrofit2/converter-gson/2.0.0-SNAPSHOT/converter-gson-2.0.0-SNAPSHOT.pom
[INFO]                                                                         
[INFO] ------------------------------------------------------------------------
[INFO] Building Converter: Protocol Buffers 2.0.0-SNAPSHOT
[INFO] ------------------------------------------------------------------------
[INFO] 
[INFO] --- maven-enforcer-plugin:1.0:enforce (enforce-maven) @ converter-protobuf ---
[INFO] 
[INFO] --- maven-resources-plugin:2.6:resources (default-resources) @ converter-protobuf ---
[INFO] Using 'UTF-8' encoding to copy filtered resources.
[INFO] skip non existing resourceDirectory /home/travis/build/square/retrofit/retrofit-converters/protobuf/src/main/resources
[INFO] 
[INFO] --- maven-compiler-plugin:3.0:compile (default-compile) @ converter-protobuf ---
[INFO] Changes detected - recompiling the module!
[INFO] Compiling 3 source files to /home/travis/build/square/retrofit/retrofit-converters/protobuf/target/classes
[WARNING] /home/travis/build/square/retrofit/retrofit-converters/protobuf/src/main/java/retrofit2/ProtoConverterFactory.java: /home/travis/build/square/retrofit/retrofit-converters/protobuf/src/main/java/retrofit2/ProtoConverterFactory.java uses unchecked or unsafe operations.
[WARNING] /home/travis/build/square/retrofit/retrofit-converters/protobuf/src/main/java/retrofit2/ProtoConverterFactory.java: Recompile with -Xlint:unchecked for details.
[INFO] 
[INFO] --- maven-resources-plugin:2.6:testResources (default-testResources) @ converter-protobuf ---
[INFO] Using 'UTF-8' encoding to copy filtered resources.
[INFO] skip non existing resourceDirectory /home/travis/build/square/retrofit/retrofit-converters/protobuf/src/test/resources
[INFO] 
[INFO] --- maven-compiler-plugin:3.0:testCompile (default-testCompile) @ converter-protobuf ---
[INFO] Changes detected - recompiling the module!
[INFO] Compiling 2 source files to /home/travis/build/square/retrofit/retrofit-converters/protobuf/target/test-classes
[INFO] 
[INFO] --- maven-surefire-plugin:2.12.4:test (default-test) @ converter-protobuf ---
[INFO] Tests are skipped.
[INFO] 
[INFO] --- animal-sniffer-maven-plugin:1.14:check (default) @ converter-protobuf ---
[INFO] Checking unresolved references to org.codehaus.mojo.signature:java16:1.1
[INFO] 
[INFO] --- maven-jar-plugin:2.4:jar (default-jar) @ converter-protobuf ---
[INFO] Building jar: /home/travis/build/square/retrofit/retrofit-converters/protobuf/target/converter-protobuf-2.0.0-SNAPSHOT.jar
[INFO] 
[INFO] --- maven-javadoc-plugin:2.10.3:jar (attach-javadocs) @ converter-protobuf ---
[INFO] Skipping javadoc generation
[INFO] 
[INFO] --- maven-checkstyle-plugin:2.15:checkstyle (default) @ converter-protobuf ---
[INFO] Starting audit...
Audit done.
[WARNING] Unable to locate Source XRef to link to - DISABLED
[INFO] 
[INFO] --- maven-install-plugin:2.4:install (default-install) @ converter-protobuf ---
[INFO] Installing /home/travis/build/square/retrofit/retrofit-converters/protobuf/target/converter-protobuf-2.0.0-SNAPSHOT.jar to /home/travis/.m2/repository/com/squareup/retrofit2/converter-protobuf/2.0.0-SNAPSHOT/converter-protobuf-2.0.0-SNAPSHOT.jar
[INFO] Installing /home/travis/build/square/retrofit/retrofit-converters/protobuf/pom.xml to /home/travis/.m2/repository/com/squareup/retrofit2/converter-protobuf/2.0.0-SNAPSHOT/converter-protobuf-2.0.0-SNAPSHOT.pom
[INFO]                                                                         
[INFO] ------------------------------------------------------------------------
[INFO] Building Converter: Jackson 2.0.0-SNAPSHOT
[INFO] ------------------------------------------------------------------------
[INFO] 
[INFO] --- maven-enforcer-plugin:1.0:enforce (enforce-maven) @ converter-jackson ---
[INFO] 
[INFO] --- maven-resources-plugin:2.6:resources (default-resources) @ converter-jackson ---
[INFO] Using 'UTF-8' encoding to copy filtered resources.
[INFO] skip non existing resourceDirectory /home/travis/build/square/retrofit/retrofit-converters/jackson/src/main/resources
[INFO] 
[INFO] --- maven-compiler-plugin:3.0:compile (default-compile) @ converter-jackson ---
[INFO] Changes detected - recompiling the module!
[INFO] Compiling 3 source files to /home/travis/build/square/retrofit/retrofit-converters/jackson/target/classes
[INFO] 
[INFO] --- maven-resources-plugin:2.6:testResources (default-testResources) @ converter-jackson ---
[INFO] Using 'UTF-8' encoding to copy filtered resources.
[INFO] skip non existing resourceDirectory /home/travis/build/square/retrofit/retrofit-converters/jackson/src/test/resources
[INFO] 
[INFO] --- maven-compiler-plugin:3.0:testCompile (default-testCompile) @ converter-jackson ---
[INFO] Changes detected - recompiling the module!
[INFO] Compiling 1 source file to /home/travis/build/square/retrofit/retrofit-converters/jackson/target/test-classes
[INFO] 
[INFO] --- maven-surefire-plugin:2.12.4:test (default-test) @ converter-jackson ---
[INFO] Tests are skipped.
[INFO] 
[INFO] --- animal-sniffer-maven-plugin:1.14:check (default) @ converter-jackson ---
[INFO] Checking unresolved references to org.codehaus.mojo.signature:java16:1.1
[INFO] 
[INFO] --- maven-jar-plugin:2.4:jar (default-jar) @ converter-jackson ---
[INFO] Building jar: /home/travis/build/square/retrofit/retrofit-converters/jackson/target/converter-jackson-2.0.0-SNAPSHOT.jar
[INFO] 
[INFO] --- maven-javadoc-plugin:2.10.3:jar (attach-javadocs) @ converter-jackson ---
[INFO] Skipping javadoc generation
[INFO] 
[INFO] --- maven-checkstyle-plugin:2.15:checkstyle (default) @ converter-jackson ---
[INFO] Starting audit...
Audit done.
[WARNING] Unable to locate Source XRef to link to - DISABLED
[INFO] 
[INFO] --- maven-install-plugin:2.4:install (default-install) @ converter-jackson ---
[INFO] Installing /home/travis/build/square/retrofit/retrofit-converters/jackson/target/converter-jackson-2.0.0-SNAPSHOT.jar to /home/travis/.m2/repository/com/squareup/retrofit2/converter-jackson/2.0.0-SNAPSHOT/converter-jackson-2.0.0-SNAPSHOT.jar
[INFO] Installing /home/travis/build/square/retrofit/retrofit-converters/jackson/pom.xml to /home/travis/.m2/repository/com/squareup/retrofit2/converter-jackson/2.0.0-SNAPSHOT/converter-jackson-2.0.0-SNAPSHOT.pom
[INFO]                                                                         
[INFO] ------------------------------------------------------------------------
[INFO] Building Converter: Wire Protocol Buffers 2.0.0-SNAPSHOT
[INFO] ------------------------------------------------------------------------
[INFO] 
[INFO] --- maven-enforcer-plugin:1.0:enforce (enforce-maven) @ converter-wire ---
[INFO] 
[INFO] --- maven-resources-plugin:2.6:resources (default-resources) @ converter-wire ---
[INFO] Using 'UTF-8' encoding to copy filtered resources.
[INFO] skip non existing resourceDirectory /home/travis/build/square/retrofit/retrofit-converters/wire/src/main/resources
[INFO] 
[INFO] --- maven-compiler-plugin:3.0:compile (default-compile) @ converter-wire ---
[INFO] Changes detected - recompiling the module!
[INFO] Compiling 3 source files to /home/travis/build/square/retrofit/retrofit-converters/wire/target/classes
[WARNING] /home/travis/build/square/retrofit/retrofit-converters/wire/src/main/java/retrofit2/WireConverterFactory.java: /home/travis/build/square/retrofit/retrofit-converters/wire/src/main/java/retrofit2/WireConverterFactory.java uses unchecked or unsafe operations.
[WARNING] /home/travis/build/square/retrofit/retrofit-converters/wire/src/main/java/retrofit2/WireConverterFactory.java: Recompile with -Xlint:unchecked for details.
[INFO] 
[INFO] --- maven-resources-plugin:2.6:testResources (default-testResources) @ converter-wire ---
[INFO] Using 'UTF-8' encoding to copy filtered resources.
[INFO] skip non existing resourceDirectory /home/travis/build/square/retrofit/retrofit-converters/wire/src/test/resources
[INFO] 
[INFO] --- maven-compiler-plugin:3.0:testCompile (default-testCompile) @ converter-wire ---
[INFO] Changes detected - recompiling the module!
[INFO] Compiling 2 source files to /home/travis/build/square/retrofit/retrofit-converters/wire/target/test-classes
[INFO] 
[INFO] --- maven-surefire-plugin:2.12.4:test (default-test) @ converter-wire ---
[INFO] Tests are skipped.
[INFO] 
[INFO] --- animal-sniffer-maven-plugin:1.14:check (default) @ converter-wire ---
[INFO] Checking unresolved references to org.codehaus.mojo.signature:java16:1.1
[INFO] 
[INFO] --- maven-jar-plugin:2.4:jar (default-jar) @ converter-wire ---
[INFO] Building jar: /home/travis/build/square/retrofit/retrofit-converters/wire/target/converter-wire-2.0.0-SNAPSHOT.jar
[INFO] 
[INFO] --- maven-javadoc-plugin:2.10.3:jar (attach-javadocs) @ converter-wire ---
[INFO] Skipping javadoc generation
[INFO] 
[INFO] --- maven-checkstyle-plugin:2.15:checkstyle (default) @ converter-wire ---
[INFO] Starting audit...
Audit done.
[WARNING] Unable to locate Source XRef to link to - DISABLED
[INFO] 
[INFO] --- maven-install-plugin:2.4:install (default-install) @ converter-wire ---
[INFO] Installing /home/travis/build/square/retrofit/retrofit-converters/wire/target/converter-wire-2.0.0-SNAPSHOT.jar to /home/travis/.m2/repository/com/squareup/retrofit2/converter-wire/2.0.0-SNAPSHOT/converter-wire-2.0.0-SNAPSHOT.jar
[INFO] Installing /home/travis/build/square/retrofit/retrofit-converters/wire/pom.xml to /home/travis/.m2/repository/com/squareup/retrofit2/converter-wire/2.0.0-SNAPSHOT/converter-wire-2.0.0-SNAPSHOT.pom
[INFO]                                                                         
[INFO] ------------------------------------------------------------------------
[INFO] Building Converter: SimpleXML 2.0.0-SNAPSHOT
[INFO] ------------------------------------------------------------------------
[INFO] 
[INFO] --- maven-enforcer-plugin:1.0:enforce (enforce-maven) @ converter-simplexml ---
[INFO] 
[INFO] --- maven-resources-plugin:2.6:resources (default-resources) @ converter-simplexml ---
[INFO] Using 'UTF-8' encoding to copy filtered resources.
[INFO] skip non existing resourceDirectory /home/travis/build/square/retrofit/retrofit-converters/simplexml/src/main/resources
[INFO] 
[INFO] --- maven-compiler-plugin:3.0:compile (default-compile) @ converter-simplexml ---
[INFO] Changes detected - recompiling the module!
[INFO] Compiling 3 source files to /home/travis/build/square/retrofit/retrofit-converters/simplexml/target/classes
[INFO] 
[INFO] --- maven-resources-plugin:2.6:testResources (default-testResources) @ converter-simplexml ---
[INFO] Using 'UTF-8' encoding to copy filtered resources.
[INFO] skip non existing resourceDirectory /home/travis/build/square/retrofit/retrofit-converters/simplexml/src/test/resources
[INFO] 
[INFO] --- maven-compiler-plugin:3.0:testCompile (default-testCompile) @ converter-simplexml ---
[INFO] Changes detected - recompiling the module!
[INFO] Compiling 2 source files to /home/travis/build/square/retrofit/retrofit-converters/simplexml/target/test-classes
[INFO] 
[INFO] --- maven-surefire-plugin:2.12.4:test (default-test) @ converter-simplexml ---
[INFO] Tests are skipped.
[INFO] 
[INFO] --- animal-sniffer-maven-plugin:1.14:check (default) @ converter-simplexml ---
[INFO] Checking unresolved references to org.codehaus.mojo.signature:java16:1.1
[INFO] 
[INFO] --- maven-jar-plugin:2.4:jar (default-jar) @ converter-simplexml ---
[INFO] Building jar: /home/travis/build/square/retrofit/retrofit-converters/simplexml/target/converter-simplexml-2.0.0-SNAPSHOT.jar
[INFO] 
[INFO] --- maven-javadoc-plugin:2.10.3:jar (attach-javadocs) @ converter-simplexml ---
[INFO] Skipping javadoc generation
[INFO] 
[INFO] --- maven-checkstyle-plugin:2.15:checkstyle (default) @ converter-simplexml ---
[INFO] Starting audit...
Audit done.
[WARNING] Unable to locate Source XRef to link to - DISABLED
[INFO] 
[INFO] --- maven-install-plugin:2.4:install (default-install) @ converter-simplexml ---
[INFO] Installing /home/travis/build/square/retrofit/retrofit-converters/simplexml/target/converter-simplexml-2.0.0-SNAPSHOT.jar to /home/travis/.m2/repository/com/squareup/retrofit2/converter-simplexml/2.0.0-SNAPSHOT/converter-simplexml-2.0.0-SNAPSHOT.jar
[INFO] Installing /home/travis/build/square/retrofit/retrofit-converters/simplexml/pom.xml to /home/travis/.m2/repository/com/squareup/retrofit2/converter-simplexml/2.0.0-SNAPSHOT/converter-simplexml-2.0.0-SNAPSHOT.pom
[INFO]                                                                         
[INFO] ------------------------------------------------------------------------
[INFO] Building Converter: Java Scalars 2.0.0-SNAPSHOT
[INFO] ------------------------------------------------------------------------
[INFO] 
[INFO] --- maven-enforcer-plugin:1.0:enforce (enforce-maven) @ converter-scalars ---
[INFO] 
[INFO] --- maven-resources-plugin:2.6:resources (default-resources) @ converter-scalars ---
[INFO] Using 'UTF-8' encoding to copy filtered resources.
[INFO] skip non existing resourceDirectory /home/travis/build/square/retrofit/retrofit-converters/scalars/src/main/resources
[INFO] 
[INFO] --- maven-compiler-plugin:3.0:compile (default-compile) @ converter-scalars ---
[INFO] Changes detected - recompiling the module!
[INFO] Compiling 3 source files to /home/travis/build/square/retrofit/retrofit-converters/scalars/target/classes
[INFO] 
[INFO] --- maven-resources-plugin:2.6:testResources (default-testResources) @ converter-scalars ---
[INFO] Using 'UTF-8' encoding to copy filtered resources.
[INFO] skip non existing resourceDirectory /home/travis/build/square/retrofit/retrofit-converters/scalars/src/test/resources
[INFO] 
[INFO] --- maven-compiler-plugin:3.0:testCompile (default-testCompile) @ converter-scalars ---
[INFO] Changes detected - recompiling the module!
[INFO] Compiling 1 source file to /home/travis/build/square/retrofit/retrofit-converters/scalars/target/test-classes
[INFO] 
[INFO] --- maven-surefire-plugin:2.12.4:test (default-test) @ converter-scalars ---
[INFO] Tests are skipped.
[INFO] 
[INFO] --- animal-sniffer-maven-plugin:1.14:check (default) @ converter-scalars ---
[INFO] Checking unresolved references to org.codehaus.mojo.signature:java16:1.1
[INFO] 
[INFO] --- maven-jar-plugin:2.4:jar (default-jar) @ converter-scalars ---
[INFO] Building jar: /home/travis/build/square/retrofit/retrofit-converters/scalars/target/converter-scalars-2.0.0-SNAPSHOT.jar
[INFO] 
[INFO] --- maven-javadoc-plugin:2.10.3:jar (attach-javadocs) @ converter-scalars ---
[INFO] Skipping javadoc generation
[INFO] 
[INFO] --- maven-checkstyle-plugin:2.15:checkstyle (default) @ converter-scalars ---
[INFO] Starting audit...
Audit done.
[WARNING] Unable to locate Source XRef to link to - DISABLED
[INFO] 
[INFO] --- maven-install-plugin:2.4:install (default-install) @ converter-scalars ---
[INFO] Installing /home/travis/build/square/retrofit/retrofit-converters/scalars/target/converter-scalars-2.0.0-SNAPSHOT.jar to /home/travis/.m2/repository/com/squareup/retrofit2/converter-scalars/2.0.0-SNAPSHOT/converter-scalars-2.0.0-SNAPSHOT.jar
[INFO] Installing /home/travis/build/square/retrofit/retrofit-converters/scalars/pom.xml to /home/travis/.m2/repository/com/squareup/retrofit2/converter-scalars/2.0.0-SNAPSHOT/converter-scalars-2.0.0-SNAPSHOT.pom
[INFO]                                                                         
[INFO] ------------------------------------------------------------------------
[INFO] Building Converter: Moshi 2.0.0-SNAPSHOT
[INFO] ------------------------------------------------------------------------
[INFO] 
[INFO] --- maven-enforcer-plugin:1.0:enforce (enforce-maven) @ converter-moshi ---
[INFO] 
[INFO] --- maven-resources-plugin:2.6:resources (default-resources) @ converter-moshi ---
[INFO] Using 'UTF-8' encoding to copy filtered resources.
[INFO] skip non existing resourceDirectory /home/travis/build/square/retrofit/retrofit-converters/moshi/src/main/resources
[INFO] 
[INFO] --- maven-compiler-plugin:3.0:compile (default-compile) @ converter-moshi ---
[INFO] Changes detected - recompiling the module!
[INFO] Compiling 3 source files to /home/travis/build/square/retrofit/retrofit-converters/moshi/target/classes
[INFO] 
[INFO] --- maven-resources-plugin:2.6:testResources (default-testResources) @ converter-moshi ---
[INFO] Using 'UTF-8' encoding to copy filtered resources.
[INFO] skip non existing resourceDirectory /home/travis/build/square/retrofit/retrofit-converters/moshi/src/test/resources
[INFO] 
[INFO] --- maven-compiler-plugin:3.0:testCompile (default-testCompile) @ converter-moshi ---
[INFO] Changes detected - recompiling the module!
[INFO] Compiling 1 source file to /home/travis/build/square/retrofit/retrofit-converters/moshi/target/test-classes
[INFO] 
[INFO] --- maven-surefire-plugin:2.12.4:test (default-test) @ converter-moshi ---
[INFO] Tests are skipped.
[INFO] 
[INFO] --- animal-sniffer-maven-plugin:1.14:check (default) @ converter-moshi ---
[INFO] Checking unresolved references to org.codehaus.mojo.signature:java16:1.1
[INFO] 
[INFO] --- maven-jar-plugin:2.4:jar (default-jar) @ converter-moshi ---
[INFO] Building jar: /home/travis/build/square/retrofit/retrofit-converters/moshi/target/converter-moshi-2.0.0-SNAPSHOT.jar
[INFO] 
[INFO] --- maven-javadoc-plugin:2.10.3:jar (attach-javadocs) @ converter-moshi ---
[INFO] Skipping javadoc generation
[INFO] 
[INFO] --- maven-checkstyle-plugin:2.15:checkstyle (default) @ converter-moshi ---
[INFO] Starting audit...
Audit done.
[WARNING] Unable to locate Source XRef to link to - DISABLED
[INFO] 
[INFO] --- maven-install-plugin:2.4:install (default-install) @ converter-moshi ---
[INFO] Installing /home/travis/build/square/retrofit/retrofit-converters/moshi/target/converter-moshi-2.0.0-SNAPSHOT.jar to /home/travis/.m2/repository/com/squareup/retrofit2/converter-moshi/2.0.0-SNAPSHOT/converter-moshi-2.0.0-SNAPSHOT.jar
[INFO] Installing /home/travis/build/square/retrofit/retrofit-converters/moshi/pom.xml to /home/travis/.m2/repository/com/squareup/retrofit2/converter-moshi/2.0.0-SNAPSHOT/converter-moshi-2.0.0-SNAPSHOT.pom
[INFO]                                                                         
[INFO] ------------------------------------------------------------------------
[INFO] Building Retrofit Mock Adapter 2.0.0-SNAPSHOT
[INFO] ------------------------------------------------------------------------
[INFO] 
[INFO] --- maven-enforcer-plugin:1.0:enforce (enforce-maven) @ retrofit-mock ---
[INFO] 
[INFO] --- maven-resources-plugin:2.6:resources (default-resources) @ retrofit-mock ---
[INFO] Using 'UTF-8' encoding to copy filtered resources.
[INFO] skip non existing resourceDirectory /home/travis/build/square/retrofit/retrofit-mock/src/main/resources
[INFO] 
[INFO] --- maven-compiler-plugin:3.0:compile (default-compile) @ retrofit-mock ---
[INFO] Changes detected - recompiling the module!
[INFO] Compiling 5 source files to /home/travis/build/square/retrofit/retrofit-mock/target/classes
[INFO] 
[INFO] --- maven-resources-plugin:2.6:testResources (default-testResources) @ retrofit-mock ---
[INFO] Using 'UTF-8' encoding to copy filtered resources.
[INFO] skip non existing resourceDirectory /home/travis/build/square/retrofit/retrofit-mock/src/test/resources
[INFO] 
[INFO] --- maven-compiler-plugin:3.0:testCompile (default-testCompile) @ retrofit-mock ---
[INFO] Changes detected - recompiling the module!
[INFO] Compiling 3 source files to /home/travis/build/square/retrofit/retrofit-mock/target/test-classes
[INFO] 
[INFO] --- maven-surefire-plugin:2.12.4:test (default-test) @ retrofit-mock ---
[INFO] Tests are skipped.
[INFO] 
[INFO] --- animal-sniffer-maven-plugin:1.14:check (default) @ retrofit-mock ---
[INFO] Checking unresolved references to org.codehaus.mojo.signature:java16:1.1
[INFO] 
[INFO] --- maven-jar-plugin:2.4:jar (default-jar) @ retrofit-mock ---
[INFO] Building jar: /home/travis/build/square/retrofit/retrofit-mock/target/retrofit-mock-2.0.0-SNAPSHOT.jar
[INFO] 
[INFO] --- maven-javadoc-plugin:2.10.3:jar (attach-javadocs) @ retrofit-mock ---
[INFO] Skipping javadoc generation
[INFO] 
[INFO] --- maven-checkstyle-plugin:2.15:checkstyle (default) @ retrofit-mock ---
[INFO] Starting audit...
Audit done.
[WARNING] Unable to locate Source XRef to link to - DISABLED
[INFO] 
[INFO] --- maven-install-plugin:2.4:install (default-install) @ retrofit-mock ---
[INFO] Installing /home/travis/build/square/retrofit/retrofit-mock/target/retrofit-mock-2.0.0-SNAPSHOT.jar to /home/travis/.m2/repository/com/squareup/retrofit2/retrofit-mock/2.0.0-SNAPSHOT/retrofit-mock-2.0.0-SNAPSHOT.jar
[INFO] Installing /home/travis/build/square/retrofit/retrofit-mock/pom.xml to /home/travis/.m2/repository/com/squareup/retrofit2/retrofit-mock/2.0.0-SNAPSHOT/retrofit-mock-2.0.0-SNAPSHOT.pom
[INFO]                                                                         
[INFO] ------------------------------------------------------------------------
[INFO] Building Samples 2.0.0-SNAPSHOT
[INFO] ------------------------------------------------------------------------
[INFO] 
[INFO] --- maven-enforcer-plugin:1.0:enforce (enforce-maven) @ samples ---
[INFO] 
[INFO] --- maven-resources-plugin:2.6:resources (default-resources) @ samples ---
[INFO] Using 'UTF-8' encoding to copy filtered resources.
[INFO] skip non existing resourceDirectory /home/travis/build/square/retrofit/samples/src/main/resources
[INFO] 
[INFO] --- maven-compiler-plugin:3.0:compile (default-compile) @ samples ---
[INFO] Changes detected - recompiling the module!
[INFO] Compiling 6 source files to /home/travis/build/square/retrofit/samples/target/classes
[INFO] 
[INFO] --- maven-resources-plugin:2.6:testResources (default-testResources) @ samples ---
[INFO] Using 'UTF-8' encoding to copy filtered resources.
[INFO] skip non existing resourceDirectory /home/travis/build/square/retrofit/samples/src/test/resources
[INFO] 
[INFO] --- maven-compiler-plugin:3.0:testCompile (default-testCompile) @ samples ---
[INFO] No sources to compile
[INFO] 
[INFO] --- maven-surefire-plugin:2.12.4:test (default-test) @ samples ---
[INFO] Tests are skipped.
[INFO] 
[INFO] --- animal-sniffer-maven-plugin:1.14:check (default) @ samples ---
[INFO] Checking unresolved references to org.codehaus.mojo.signature:java16:1.1
[INFO] 
[INFO] --- maven-jar-plugin:2.4:jar (default-jar) @ samples ---
[INFO] Building jar: /home/travis/build/square/retrofit/samples/target/samples-2.0.0-SNAPSHOT.jar
[INFO] 
[INFO] --- maven-javadoc-plugin:2.10.3:jar (attach-javadocs) @ samples ---
[INFO] Skipping javadoc generation
[INFO] 
[INFO] --- maven-checkstyle-plugin:2.15:checkstyle (default) @ samples ---
[INFO] Starting audit...
Audit done.
[WARNING] Unable to locate Source XRef to link to - DISABLED
[INFO] 
[INFO] --- maven-install-plugin:2.4:install (default-install) @ samples ---
[INFO] Installing /home/travis/build/square/retrofit/samples/target/samples-2.0.0-SNAPSHOT.jar to /home/travis/.m2/repository/com/squareup/retrofit2/samples/2.0.0-SNAPSHOT/samples-2.0.0-SNAPSHOT.jar
[INFO] Installing /home/travis/build/square/retrofit/samples/pom.xml to /home/travis/.m2/repository/com/squareup/retrofit2/samples/2.0.0-SNAPSHOT/samples-2.0.0-SNAPSHOT.pom
[INFO] ------------------------------------------------------------------------
[INFO] Reactor Summary:
[INFO] 
[INFO] Retrofit (Parent) .................................. SUCCESS [  4.576 s]
[INFO] Retrofit ........................................... SUCCESS [ 13.080 s]
[INFO] Adapters ........................................... SUCCESS [  0.515 s]
[INFO] Adapter: RxJava .................................... SUCCESS [  1.988 s]
[INFO] Converters ......................................... SUCCESS [  0.372 s]
[INFO] Converter: Gson .................................... SUCCESS [  1.491 s]
[INFO] Converter: Protocol Buffers ........................ SUCCESS [  0.927 s]
[INFO] Converter: Jackson ................................. SUCCESS [  0.796 s]
[INFO] Converter: Wire Protocol Buffers ................... SUCCESS [  0.925 s]
[INFO] Converter: SimpleXML ............................... SUCCESS [  0.863 s]
[INFO] Converter: Java Scalars ............................ SUCCESS [  1.023 s]
[INFO] Converter: Moshi ................................... SUCCESS [  0.654 s]
[INFO] Retrofit Mock Adapter .............................. SUCCESS [  0.695 s]
[INFO] Samples ............................................ SUCCESS [  1.074 s]
[INFO] ------------------------------------------------------------------------
[INFO] BUILD SUCCESS
[INFO] ------------------------------------------------------------------------
[INFO] Total time: 29.411 s
[INFO] Finished at: 2016-01-24T06:14:32+00:00
[INFO] Final Memory: 43M/407M
[INFO] ------------------------------------------------------------------------

travis_time:end:29cc2dd0:start=1453616041007691821,finish=1453616072832782618,duration=31825090797[0Ktravis_fold:end:install[0Ktravis_time:start:14cb4314[0K$ mvn test -B
Java HotSpot(TM) 64-Bit Server VM warning: ignoring option MaxPermSize=192m; support was removed in 8.0
[INFO] Scanning for projects...
[WARNING] 
[WARNING] Some problems were encountered while building the effective model for com.squareup.retrofit2:samples:jar:2.0.0-SNAPSHOT
[WARNING] 'build.plugins.plugin.version' for org.apache.maven.plugins:maven-deploy-plugin is missing. @ com.squareup.retrofit2:samples:[unknown-version], /home/travis/build/square/retrofit/samples/pom.xml, line 45, column 15
[WARNING] 
[WARNING] It is highly recommended to fix these problems because they threaten the stability of your build.
[WARNING] 
[WARNING] For this reason, future Maven versions might no longer support building such malformed projects.
[WARNING] 
[INFO] ------------------------------------------------------------------------
[INFO] Reactor Build Order:
[INFO] 
[INFO] Retrofit (Parent)
[INFO] Retrofit
[INFO] Adapters
[INFO] Adapter: RxJava
[INFO] Converters
[INFO] Converter: Gson
[INFO] Converter: Protocol Buffers
[INFO] Converter: Jackson
[INFO] Converter: Wire Protocol Buffers
[INFO] Converter: SimpleXML
[INFO] Converter: Java Scalars
[INFO] Converter: Moshi
[INFO] Retrofit Mock Adapter
[INFO] Samples
[INFO]                                                                         
[INFO] ------------------------------------------------------------------------
[INFO] Building Retrofit (Parent) 2.0.0-SNAPSHOT
[INFO] ------------------------------------------------------------------------
[INFO] 
[INFO] --- maven-enforcer-plugin:1.0:enforce (enforce-maven) @ parent ---
[INFO] 
[INFO] --- animal-sniffer-maven-plugin:1.14:check (default) @ parent ---
[INFO] Checking unresolved references to org.codehaus.mojo.signature:java16:1.1
[INFO]                                                                         
[INFO] ------------------------------------------------------------------------
[INFO] Building Retrofit 2.0.0-SNAPSHOT
[INFO] ------------------------------------------------------------------------
[INFO] 
[INFO] --- maven-enforcer-plugin:1.0:enforce (enforce-maven) @ retrofit ---
[INFO] 
[INFO] --- maven-resources-plugin:2.6:resources (default-resources) @ retrofit ---
[INFO] Using 'UTF-8' encoding to copy filtered resources.
[INFO] skip non existing resourceDirectory /home/travis/build/square/retrofit/retrofit/src/main/resources
[INFO] 
[INFO] --- maven-compiler-plugin:3.0:compile (default-compile) @ retrofit ---
[INFO] Changes detected - recompiling the module!
[INFO] Compiling 42 source files to /home/travis/build/square/retrofit/retrofit/target/classes
[WARNING] /home/travis/build/square/retrofit/retrofit/src/main/java/retrofit2/Retrofit.java: Some input files use unchecked or unsafe operations.
[WARNING] /home/travis/build/square/retrofit/retrofit/src/main/java/retrofit2/Retrofit.java: Recompile with -Xlint:unchecked for details.
[INFO] 
[INFO] --- maven-resources-plugin:2.6:testResources (default-testResources) @ retrofit ---
[INFO] Using 'UTF-8' encoding to copy filtered resources.
[INFO] skip non existing resourceDirectory /home/travis/build/square/retrofit/retrofit/src/test/resources
[INFO] 
[INFO] --- maven-compiler-plugin:3.0:testCompile (default-testCompile) @ retrofit ---
[INFO] Changes detected - recompiling the module!
[INFO] Compiling 12 source files to /home/travis/build/square/retrofit/retrofit/target/test-classes
[WARNING] /home/travis/build/square/retrofit/retrofit/src/test/java/retrofit2/RetrofitTest.java: /home/travis/build/square/retrofit/retrofit/src/test/java/retrofit2/RetrofitTest.java uses unchecked or unsafe operations.
[WARNING] /home/travis/build/square/retrofit/retrofit/src/test/java/retrofit2/RetrofitTest.java: Recompile with -Xlint:unchecked for details.
[INFO] 
[INFO] --- maven-surefire-plugin:2.12.4:test (default-test) @ retrofit ---
[INFO] Surefire report directory: /home/travis/build/square/retrofit/retrofit/target/surefire-reports

-------------------------------------------------------
 T E S T S
-------------------------------------------------------
Running retrofit2.CallTest
Jan 24, 2016 6:14:44 AM okhttp3.mockwebserver.MockWebServer$3 execute
INFO: MockWebServer[55286] starting to accept connections
Jan 24, 2016 6:14:44 AM okhttp3.mockwebserver.MockWebServer$3 acceptConnections
INFO: MockWebServer[55286] done accepting connections: Socket closed
Jan 24, 2016 6:14:44 AM okhttp3.mockwebserver.MockWebServer$3 execute
INFO: MockWebServer[44609] starting to accept connections
Jan 24, 2016 6:14:44 AM okhttp3.mockwebserver.MockWebServer$4 processOneRequest
INFO: MockWebServer[44609] received request: GET / HTTP/1.1 and responded: HTTP/1.1 200 OK
Jan 24, 2016 6:14:44 AM okhttp3.mockwebserver.MockWebServer$3 acceptConnections
INFO: MockWebServer[44609] done accepting connections: Socket closed
Jan 24, 2016 6:14:44 AM okhttp3.mockwebserver.MockWebServer$3 execute
INFO: MockWebServer[49943] starting to accept connections
Jan 24, 2016 6:14:44 AM okhttp3.mockwebserver.MockWebServer$4 processOneRequest
INFO: MockWebServer[49943] received request: GET / HTTP/1.1 and responded: HTTP/1.1 404 Client Error
Jan 24, 2016 6:14:44 AM okhttp3.mockwebserver.MockWebServer$3 acceptConnections
INFO: MockWebServer[49943] done accepting connections: Socket closed
Jan 24, 2016 6:14:44 AM okhttp3.mockwebserver.MockWebServer$3 execute
INFO: MockWebServer[44946] starting to accept connections
Jan 24, 2016 6:14:44 AM okhttp3.mockwebserver.MockWebServer$4 processOneRequest
INFO: MockWebServer[44946] received request: POST /Hello HTTP/1.1 and responded: HTTP/1.1 200 OK
Jan 24, 2016 6:14:44 AM okhttp3.mockwebserver.MockWebServer$3 acceptConnections
INFO: MockWebServer[44946] done accepting connections: Socket closed
Jan 24, 2016 6:14:44 AM okhttp3.mockwebserver.MockWebServer$3 execute
INFO: MockWebServer[60325] starting to accept connections
Jan 24, 2016 6:14:44 AM okhttp3.mockwebserver.MockWebServer$3 acceptConnections
INFO: MockWebServer[60325] done accepting connections: Socket is closed
Jan 24, 2016 6:14:44 AM okhttp3.mockwebserver.MockWebServer$3 execute
INFO: MockWebServer[59587] starting to accept connections
Jan 24, 2016 6:14:44 AM okhttp3.mockwebserver.MockWebServer$3 acceptConnections
INFO: MockWebServer[59587] done accepting connections: Socket closed
Jan 24, 2016 6:14:44 AM okhttp3.mockwebserver.MockWebServer$3 execute
INFO: MockWebServer[46493] starting to accept connections
Jan 24, 2016 6:14:44 AM okhttp3.mockwebserver.MockWebServer$4 processOneRequest
INFO: MockWebServer[46493] received request: GET / HTTP/1.1 and responded: HTTP/1.1 200 OK
Jan 24, 2016 6:14:44 AM okhttp3.mockwebserver.MockWebServer$3 acceptConnections
INFO: MockWebServer[46493] done accepting connections: Socket closed
Jan 24, 2016 6:14:44 AM okhttp3.mockwebserver.MockWebServer$3 execute
INFO: MockWebServer[40022] starting to accept connections
Jan 24, 2016 6:14:44 AM okhttp3.mockwebserver.MockWebServer$4 processOneRequest
INFO: MockWebServer[40022] received request: GET / HTTP/1.1 and responded: HTTP/1.1 200 OK
Jan 24, 2016 6:14:44 AM okhttp3.mockwebserver.MockWebServer$3 acceptConnections
INFO: MockWebServer[40022] done accepting connections: Socket closed
Jan 24, 2016 6:14:44 AM okhttp3.mockwebserver.MockWebServer$3 execute
INFO: MockWebServer[59334] starting to accept connections
Jan 24, 2016 6:14:44 AM okhttp3.mockwebserver.MockWebServer$3 acceptConnections
INFO: MockWebServer[59334] done accepting connections: Socket closed
Jan 24, 2016 6:14:44 AM okhttp3.mockwebserver.MockWebServer$3 execute
INFO: MockWebServer[58725] starting to accept connections
Jan 24, 2016 6:14:44 AM okhttp3.mockwebserver.MockWebServer$4 processOneRequest
INFO: MockWebServer[58725] received request: POST /Hello HTTP/1.1 and responded: HTTP/1.1 200 OK
Jan 24, 2016 6:14:44 AM okhttp3.mockwebserver.MockWebServer$3 acceptConnections
INFO: MockWebServer[58725] done accepting connections: Socket closed
Jan 24, 2016 6:14:44 AM okhttp3.mockwebserver.MockWebServer$3 execute
INFO: MockWebServer[52381] starting to accept connections
Jan 24, 2016 6:14:44 AM okhttp3.mockwebserver.MockWebServer$3 acceptConnections
INFO: MockWebServer[52381] done accepting connections: Socket closed
Jan 24, 2016 6:14:44 AM okhttp3.mockwebserver.MockWebServer$4 processOneRequest
INFO: MockWebServer[52381] received request: POST /Hello HTTP/1.1 and responded: HTTP/1.1 200 OK
Jan 24, 2016 6:14:44 AM okhttp3.mockwebserver.MockWebServer$3 execute
INFO: MockWebServer[42277] starting to accept connections
Jan 24, 2016 6:14:44 AM okhttp3.mockwebserver.MockWebServer$3 acceptConnections
INFO: MockWebServer[42277] done accepting connections: Socket is closed
Jan 24, 2016 6:14:44 AM okhttp3.mockwebserver.MockWebServer$3 execute
INFO: MockWebServer[55763] starting to accept connections
Jan 24, 2016 6:14:44 AM okhttp3.mockwebserver.MockWebServer$3 acceptConnections
INFO: MockWebServer[55763] done accepting connections: Socket closed
Jan 24, 2016 6:14:44 AM okhttp3.mockwebserver.MockWebServer$4 processOneRequest
INFO: MockWebServer[55763] received request: GET / HTTP/1.1 and responded: HTTP/1.1 404 Client Error
Jan 24, 2016 6:14:44 AM okhttp3.mockwebserver.MockWebServer$3 execute
INFO: MockWebServer[36737] starting to accept connections
Jan 24, 2016 6:14:44 AM okhttp3.mockwebserver.MockWebServer$3 acceptConnections
INFO: MockWebServer[36737] done accepting connections: Socket closed
Jan 24, 2016 6:14:44 AM okhttp3.mockwebserver.MockWebServer$4 processOneRequest
INFO: MockWebServer[36737] received request: POST / HTTP/1.1 and responded: HTTP/1.1 200 OK
Jan 24, 2016 6:14:44 AM okhttp3.mockwebserver.MockWebServer$3 execute
INFO: MockWebServer[56704] starting to accept connections
Jan 24, 2016 6:14:45 AM okhttp3.mockwebserver.MockWebServer$3 acceptConnections
INFO: MockWebServer[56704] done accepting connections: Socket closed
Jan 24, 2016 6:14:45 AM okhttp3.mockwebserver.MockWebServer$4 processOneRequest
INFO: MockWebServer[56704] received request: GET / HTTP/1.1 and responded: HTTP/1.1 204 Nothin
Jan 24, 2016 6:14:45 AM okhttp3.mockwebserver.MockWebServer$3 execute
INFO: MockWebServer[48179] starting to accept connections
Jan 24, 2016 6:14:45 AM okhttp3.mockwebserver.MockWebServer$3 acceptConnections
INFO: MockWebServer[48179] done accepting connections: Socket is closed
Jan 24, 2016 6:14:45 AM okhttp3.mockwebserver.MockWebServer$3 execute
INFO: MockWebServer[42491] starting to accept connections
Jan 24, 2016 6:14:45 AM okhttp3.mockwebserver.MockWebServer$3 acceptConnections
INFO: MockWebServer[42491] done accepting connections: Socket closed
Jan 24, 2016 6:14:45 AM okhttp3.mockwebserver.MockWebServer$4 processOneRequest
INFO: MockWebServer[42491] received request: GET / HTTP/1.1 and responded: HTTP/1.1 200 OK
Jan 24, 2016 6:14:45 AM okhttp3.mockwebserver.MockWebServer$3 execute
INFO: MockWebServer[49344] starting to accept connections
Jan 24, 2016 6:14:45 AM okhttp3.mockwebserver.MockWebServer$4 processOneRequest
INFO: MockWebServer[49344] received request: POST /Hello HTTP/1.1 and responded: HTTP/1.1 200 OK
Jan 24, 2016 6:14:45 AM okhttp3.mockwebserver.MockWebServer$3 acceptConnections
INFO: MockWebServer[49344] done accepting connections: Socket closed
Jan 24, 2016 6:14:45 AM okhttp3.mockwebserver.MockWebServer$3 execute
INFO: MockWebServer[50695] starting to accept connections
Jan 24, 2016 6:14:45 AM okhttp3.mockwebserver.MockWebServer$4 processOneRequest
INFO: MockWebServer[50695] received request: GET / HTTP/1.1 and responded: HTTP/1.1 200 OK
Jan 24, 2016 6:14:45 AM okhttp3.mockwebserver.MockWebServer$3 acceptConnections
INFO: MockWebServer[50695] done accepting connections: Socket closed
Jan 24, 2016 6:14:45 AM okhttp3.mockwebserver.MockWebServer$3 execute
INFO: MockWebServer[41975] starting to accept connections
Jan 24, 2016 6:14:45 AM okhttp3.mockwebserver.MockWebServer$3 acceptConnections
INFO: MockWebServer[41975] done accepting connections: Socket closed
Jan 24, 2016 6:14:45 AM okhttp3.mockwebserver.MockWebServer$4 processOneRequest
INFO: MockWebServer[41975] received request: POST / HTTP/1.1 and responded: HTTP/1.1 200 OK
Jan 24, 2016 6:14:45 AM okhttp3.mockwebserver.MockWebServer$3 execute
INFO: MockWebServer[50318] starting to accept connections
Jan 24, 2016 6:14:45 AM okhttp3.mockwebserver.MockWebServer$3 acceptConnections
INFO: MockWebServer[50318] done accepting connections: Socket closed
Jan 24, 2016 6:14:45 AM okhttp3.mockwebserver.MockWebServer$3 execute
INFO: MockWebServer[42473] starting to accept connections
Jan 24, 2016 6:14:45 AM okhttp3.mockwebserver.MockWebServer$3 acceptConnections
INFO: MockWebServer[42473] done accepting connections: Socket closed
Jan 24, 2016 6:14:45 AM okhttp3.mockwebserver.MockWebServer$3 execute
INFO: MockWebServer[43326] starting to accept connections
Jan 24, 2016 6:14:45 AM okhttp3.mockwebserver.MockWebServer$3 acceptConnections
INFO: MockWebServer[43326] done accepting connections: Socket closed
Jan 24, 2016 6:14:45 AM okhttp3.mockwebserver.MockWebServer$3 execute
INFO: MockWebServer[49177] starting to accept connections
Jan 24, 2016 6:14:45 AM okhttp3.mockwebserver.MockWebServer$4 processOneRequest
INFO: MockWebServer[49177] received request: GET / HTTP/1.1 and responded: HTTP/1.1 200 OK
Jan 24, 2016 6:14:45 AM okhttp3.mockwebserver.MockWebServer$3 acceptConnections
INFO: MockWebServer[49177] done accepting connections: Socket closed
Jan 24, 2016 6:14:45 AM okhttp3.mockwebserver.MockWebServer$3 execute
INFO: MockWebServer[57553] starting to accept connections
Jan 24, 2016 6:14:45 AM okhttp3.mockwebserver.MockWebServer$4 processOneRequest
INFO: MockWebServer[57553] received request: GET / HTTP/1.1 and responded: HTTP/1.1 200 OK
Jan 24, 2016 6:14:45 AM okhttp3.mockwebserver.MockWebServer$3 acceptConnections
INFO: MockWebServer[57553] done accepting connections: Socket closed
Jan 24, 2016 6:14:45 AM okhttp3.mockwebserver.MockWebServer$3 execute
INFO: MockWebServer[50054] starting to accept connections
Jan 24, 2016 6:14:45 AM okhttp3.mockwebserver.MockWebServer$3 acceptConnections
INFO: MockWebServer[50054] done accepting connections: Socket closed
Jan 24, 2016 6:14:45 AM okhttp3.mockwebserver.MockWebServer$4 processOneRequest
INFO: MockWebServer[50054] received request: GET / HTTP/1.1 and responded: HTTP/1.1 205 Nothin
Jan 24, 2016 6:14:45 AM okhttp3.mockwebserver.MockWebServer$3 execute
INFO: MockWebServer[55962] starting to accept connections
Jan 24, 2016 6:14:45 AM okhttp3.mockwebserver.MockWebServer$4 processOneRequest
INFO: MockWebServer[55962] received request: GET / HTTP/1.1 and responded: HTTP/1.1 200 OK
Jan 24, 2016 6:14:45 AM okhttp3.mockwebserver.MockWebServer$4 processOneRequest
INFO: MockWebServer[55962] received request: GET / HTTP/1.1 and responded: HTTP/1.1 200 OK
Jan 24, 2016 6:14:45 AM okhttp3.mockwebserver.MockWebServer$3 acceptConnections
INFO: MockWebServer[55962] done accepting connections: Socket closed
Jan 24, 2016 6:14:45 AM okhttp3.mockwebserver.MockWebServer$3 execute
INFO: MockWebServer[37790] starting to accept connections
Jan 24, 2016 6:14:45 AM okhttp3.mockwebserver.MockWebServer$4 processOneRequest
INFO: MockWebServer[37790] received request: GET / HTTP/1.1 and responded: HTTP/1.1 200 OK
Jan 24, 2016 6:14:45 AM okhttp3.mockwebserver.MockWebServer$3 acceptConnections
INFO: MockWebServer[37790] done accepting connections: Socket closed
Jan 24, 2016 6:14:45 AM okhttp3.mockwebserver.MockWebServer$3 execute
INFO: MockWebServer[45656] starting to accept connections
Jan 24, 2016 6:14:45 AM okhttp3.mockwebserver.MockWebServer$3 acceptConnections
INFO: MockWebServer[45656] done accepting connections: Socket closed
Jan 24, 2016 6:14:45 AM okhttp3.mockwebserver.MockWebServer$3 execute
INFO: MockWebServer[49863] starting to accept connections
Jan 24, 2016 6:14:45 AM okhttp3.mockwebserver.MockWebServer$3 acceptConnections
INFO: MockWebServer[49863] done accepting connections: Socket closed
Jan 24, 2016 6:14:45 AM okhttp3.mockwebserver.MockWebServer$3 execute
INFO: MockWebServer[38726] starting to accept connections
Jan 24, 2016 6:14:45 AM okhttp3.mockwebserver.MockWebServer$3 acceptConnections
INFO: MockWebServer[38726] done accepting connections: Socket closed
Jan 24, 2016 6:14:45 AM okhttp3.mockwebserver.MockWebServer$3 execute
INFO: MockWebServer[55673] starting to accept connections
Jan 24, 2016 6:14:45 AM okhttp3.mockwebserver.MockWebServer$4 processOneRequest
INFO: MockWebServer[55673] received request: GET / HTTP/1.1 and responded: HTTP/1.1 200 OK
Jan 24, 2016 6:14:45 AM okhttp3.mockwebserver.MockWebServer$3 acceptConnections
INFO: MockWebServer[55673] done accepting connections: Socket closed
Jan 24, 2016 6:14:45 AM okhttp3.mockwebserver.MockWebServer$3 execute
INFO: MockWebServer[38189] starting to accept connections
Jan 24, 2016 6:14:45 AM okhttp3.mockwebserver.MockWebServer$3 acceptConnections
INFO: MockWebServer[38189] done accepting connections: Socket closed
Jan 24, 2016 6:14:45 AM okhttp3.mockwebserver.MockWebServer$4 processOneRequest
INFO: MockWebServer[38189] received request: GET / HTTP/1.1 and responded: HTTP/1.1 200 OK
Jan 24, 2016 6:14:45 AM okhttp3.mockwebserver.MockWebServer$3 execute
INFO: MockWebServer[45099] starting to accept connections
Jan 24, 2016 6:14:45 AM okhttp3.mockwebserver.MockWebServer$4 processOneRequest
INFO: MockWebServer[45099] received request: GET / HTTP/1.1 and responded: HTTP/1.1 200 OK
Jan 24, 2016 6:14:45 AM okhttp3.mockwebserver.MockWebServer$3 acceptConnections
INFO: MockWebServer[45099] done accepting connections: Socket closed
Tests run: 34, Failures: 0, Errors: 0, Skipped: 0, Time elapsed: 1.073 sec
Running retrofit2.RequestBuilderTest
Tests run: 103, Failures: 0, Errors: 0, Skipped: 2, Time elapsed: 0.22 sec
Running retrofit2.ExecutorCallAdapterFactoryTest
Tests run: 7, Failures: 0, Errors: 0, Skipped: 0, Time elapsed: 0.108 sec
Running retrofit2.RequestBuilderAndroidTest
WARNING: No manifest file found at ./AndroidManifest.xml.Falling back to the Android OS resources only.
To remove this warning, annotate your test class with @Config(manifest=Config.NONE).
WARNING: No manifest file found at ./AndroidManifest.xml.Falling back to the Android OS resources only.
To remove this warning, annotate your test class with @Config(manifest=Config.NONE).
Tests run: 2, Failures: 0, Errors: 0, Skipped: 0, Time elapsed: 6.275 sec
Running retrofit2.ResponseTest
Tests run: 12, Failures: 0, Errors: 0, Skipped: 0, Time elapsed: 0.038 sec
Running retrofit2.RequestFactoryParserTest
Tests run: 1, Failures: 0, Errors: 0, Skipped: 0, Time elapsed: 0.002 sec
Running retrofit2.RetrofitTest
Jan 24, 2016 6:14:52 AM okhttp3.mockwebserver.MockWebServer$3 execute
INFO: MockWebServer[53121] starting to accept connections
Jan 24, 2016 6:14:52 AM okhttp3.mockwebserver.MockWebServer$3 acceptConnections
INFO: MockWebServer[53121] done accepting connections: Socket closed
Jan 24, 2016 6:14:52 AM okhttp3.mockwebserver.MockWebServer$3 execute
INFO: MockWebServer[36098] starting to accept connections
Jan 24, 2016 6:14:52 AM okhttp3.mockwebserver.MockWebServer$3 acceptConnections
INFO: MockWebServer[36098] done accepting connections: Socket closed
Jan 24, 2016 6:14:52 AM okhttp3.mockwebserver.MockWebServer$3 execute
INFO: MockWebServer[35452] starting to accept connections
Jan 24, 2016 6:14:52 AM okhttp3.mockwebserver.MockWebServer$3 acceptConnections
INFO: MockWebServer[35452] done accepting connections: Socket closed
Jan 24, 2016 6:14:52 AM okhttp3.mockwebserver.MockWebServer$3 execute
INFO: MockWebServer[55463] starting to accept connections
Jan 24, 2016 6:14:52 AM okhttp3.mockwebserver.MockWebServer$3 acceptConnections
INFO: MockWebServer[55463] done accepting connections: Socket is closed
Jan 24, 2016 6:14:52 AM okhttp3.mockwebserver.MockWebServer$3 execute
INFO: MockWebServer[42009] starting to accept connections
Jan 24, 2016 6:14:53 AM okhttp3.mockwebserver.MockWebServer$3 acceptConnections
INFO: MockWebServer[42009] done accepting connections: Socket closed
Jan 24, 2016 6:14:53 AM okhttp3.mockwebserver.MockWebServer$4 processOneRequest
INFO: MockWebServer[42009] received request: GET / HTTP/1.1 and responded: HTTP/1.1 200 OK
Jan 24, 2016 6:14:53 AM okhttp3.mockwebserver.MockWebServer$3 execute
INFO: MockWebServer[48598] starting to accept connections
Jan 24, 2016 6:14:53 AM okhttp3.mockwebserver.MockWebServer$3 acceptConnections
INFO: MockWebServer[48598] done accepting connections: Socket is closed
Jan 24, 2016 6:14:53 AM okhttp3.mockwebserver.MockWebServer$3 execute
INFO: MockWebServer[33445] starting to accept connections
Jan 24, 2016 6:14:53 AM okhttp3.mockwebserver.MockWebServer$3 acceptConnections
INFO: MockWebServer[33445] done accepting connections: Socket is closed
Jan 24, 2016 6:14:53 AM okhttp3.mockwebserver.MockWebServer$3 execute
INFO: MockWebServer[33728] starting to accept connections
Jan 24, 2016 6:14:53 AM okhttp3.mockwebserver.MockWebServer$3 acceptConnections
INFO: MockWebServer[33728] done accepting connections: Socket is closed
Jan 24, 2016 6:14:53 AM okhttp3.mockwebserver.MockWebServer$3 execute
INFO: MockWebServer[51006] starting to accept connections
Jan 24, 2016 6:14:53 AM okhttp3.mockwebserver.MockWebServer$3 acceptConnections
INFO: MockWebServer[51006] done accepting connections: Socket is closed
Jan 24, 2016 6:14:53 AM okhttp3.mockwebserver.MockWebServer$3 execute
INFO: MockWebServer[37158] starting to accept connections
Jan 24, 2016 6:14:53 AM okhttp3.mockwebserver.MockWebServer$3 acceptConnections
INFO: MockWebServer[37158] done accepting connections: Socket is closed
Jan 24, 2016 6:14:53 AM okhttp3.mockwebserver.MockWebServer$3 execute
INFO: MockWebServer[49402] starting to accept connections
Jan 24, 2016 6:14:53 AM okhttp3.mockwebserver.MockWebServer$3 acceptConnections
INFO: MockWebServer[49402] done accepting connections: Socket closed
Jan 24, 2016 6:14:53 AM okhttp3.mockwebserver.MockWebServer$3 execute
INFO: MockWebServer[35209] starting to accept connections
Jan 24, 2016 6:14:53 AM okhttp3.mockwebserver.MockWebServer$3 acceptConnections
INFO: MockWebServer[35209] done accepting connections: Socket closed
Jan 24, 2016 6:14:53 AM okhttp3.mockwebserver.MockWebServer$3 execute
INFO: MockWebServer[46203] starting to accept connections
Jan 24, 2016 6:14:53 AM okhttp3.mockwebserver.MockWebServer$3 acceptConnections
INFO: MockWebServer[46203] done accepting connections: Socket is closed
Jan 24, 2016 6:14:53 AM okhttp3.mockwebserver.MockWebServer$3 execute
INFO: MockWebServer[37899] starting to accept connections
Jan 24, 2016 6:14:53 AM okhttp3.mockwebserver.MockWebServer$3 acceptConnections
INFO: MockWebServer[37899] done accepting connections: Socket closed
Jan 24, 2016 6:14:53 AM okhttp3.mockwebserver.MockWebServer$3 execute
INFO: MockWebServer[34840] starting to accept connections
Jan 24, 2016 6:14:53 AM okhttp3.mockwebserver.MockWebServer$3 acceptConnections
INFO: MockWebServer[34840] done accepting connections: Socket closed
Jan 24, 2016 6:14:53 AM okhttp3.mockwebserver.MockWebServer$4 processOneRequest
INFO: MockWebServer[34840] received request: GET / HTTP/1.1 and responded: HTTP/1.1 200 OK
Jan 24, 2016 6:14:53 AM okhttp3.mockwebserver.MockWebServer$3 execute
INFO: MockWebServer[55493] starting to accept connections
Jan 24, 2016 6:14:53 AM okhttp3.mockwebserver.MockWebServer$3 acceptConnections
INFO: MockWebServer[55493] done accepting connections: Socket is closed
Jan 24, 2016 6:14:53 AM okhttp3.mockwebserver.MockWebServer$3 execute
INFO: MockWebServer[60444] starting to accept connections
Jan 24, 2016 6:14:53 AM okhttp3.mockwebserver.MockWebServer$3 acceptConnections
INFO: MockWebServer[60444] done accepting connections: Socket is closed
Jan 24, 2016 6:14:53 AM okhttp3.mockwebserver.MockWebServer$3 execute
INFO: MockWebServer[55881] starting to accept connections
Jan 24, 2016 6:14:53 AM okhttp3.mockwebserver.MockWebServer$3 acceptConnections
INFO: MockWebServer[55881] done accepting connections: Socket closed
Jan 24, 2016 6:14:53 AM okhttp3.mockwebserver.MockWebServer$4 processOneRequest
INFO: MockWebServer[55881] received request: GET / HTTP/1.1 and responded: HTTP/1.1 200 OK
Jan 24, 2016 6:14:53 AM okhttp3.mockwebserver.MockWebServer$3 execute
INFO: MockWebServer[36589] starting to accept connections
Jan 24, 2016 6:14:53 AM okhttp3.mockwebserver.MockWebServer$3 acceptConnections
INFO: MockWebServer[36589] done accepting connections: Socket closed
Jan 24, 2016 6:14:53 AM okhttp3.mockwebserver.MockWebServer$3 execute
INFO: MockWebServer[46937] starting to accept connections
Jan 24, 2016 6:14:54 AM okhttp3.mockwebserver.MockWebServer$3 acceptConnections
INFO: MockWebServer[46937] done accepting connections: Socket closed
Jan 24, 2016 6:14:54 AM okhttp3.mockwebserver.MockWebServer$4 processOneRequest
INFO: MockWebServer[46937] received request: POST / HTTP/1.1 and responded: HTTP/1.1 200 OK
Jan 24, 2016 6:14:54 AM okhttp3.mockwebserver.MockWebServer$3 execute
INFO: MockWebServer[51436] starting to accept connections
Jan 24, 2016 6:14:54 AM okhttp3.mockwebserver.MockWebServer$3 acceptConnections
INFO: MockWebServer[51436] done accepting connections: Socket is closed
Jan 24, 2016 6:14:54 AM okhttp3.mockwebserver.MockWebServer$3 execute
INFO: MockWebServer[49740] starting to accept connections
Jan 24, 2016 6:14:54 AM okhttp3.mockwebserver.MockWebServer$3 acceptConnections
INFO: MockWebServer[49740] done accepting connections: Socket closed
Jan 24, 2016 6:14:54 AM okhttp3.mockwebserver.MockWebServer$3 execute
INFO: MockWebServer[39800] starting to accept connections
Jan 24, 2016 6:14:54 AM okhttp3.mockwebserver.MockWebServer$3 acceptConnections
INFO: MockWebServer[39800] done accepting connections: Socket is closed
Jan 24, 2016 6:14:54 AM okhttp3.mockwebserver.MockWebServer$3 execute
INFO: MockWebServer[47957] starting to accept connections
Jan 24, 2016 6:14:54 AM okhttp3.mockwebserver.MockWebServer$3 acceptConnections
INFO: MockWebServer[47957] done accepting connections: Socket is closed
Jan 24, 2016 6:14:54 AM okhttp3.mockwebserver.MockWebServer$3 execute
INFO: MockWebServer[58844] starting to accept connections
Jan 24, 2016 6:14:54 AM okhttp3.mockwebserver.MockWebServer$3 acceptConnections
INFO: MockWebServer[58844] done accepting connections: Socket is closed
Jan 24, 2016 6:14:54 AM okhttp3.mockwebserver.MockWebServer$3 execute
INFO: MockWebServer[50585] starting to accept connections
Jan 24, 2016 6:14:54 AM okhttp3.mockwebserver.MockWebServer$3 acceptConnections
INFO: MockWebServer[50585] done accepting connections: Socket is closed
Jan 24, 2016 6:14:54 AM okhttp3.mockwebserver.MockWebServer$3 execute
INFO: MockWebServer[37029] starting to accept connections
Jan 24, 2016 6:14:54 AM okhttp3.mockwebserver.MockWebServer$3 acceptConnections
INFO: MockWebServer[37029] done accepting connections: Socket is closed
Jan 24, 2016 6:14:54 AM okhttp3.mockwebserver.MockWebServer$3 execute
INFO: MockWebServer[41916] starting to accept connections
Jan 24, 2016 6:14:54 AM okhttp3.mockwebserver.MockWebServer$4 processOneRequest
INFO: MockWebServer[41916] received request: GET / HTTP/1.1 and responded: HTTP/1.1 200 OK
Jan 24, 2016 6:14:54 AM okhttp3.mockwebserver.MockWebServer$3 acceptConnections
INFO: MockWebServer[41916] done accepting connections: Socket closed
Jan 24, 2016 6:14:54 AM okhttp3.mockwebserver.MockWebServer$3 execute
INFO: MockWebServer[57501] starting to accept connections
Jan 24, 2016 6:14:54 AM okhttp3.mockwebserver.MockWebServer$3 acceptConnections
INFO: MockWebServer[57501] done accepting connections: Socket is closed
Jan 24, 2016 6:14:54 AM okhttp3.mockwebserver.MockWebServer$3 execute
INFO: MockWebServer[46852] starting to accept connections
Jan 24, 2016 6:14:54 AM okhttp3.mockwebserver.MockWebServer$3 acceptConnections
INFO: MockWebServer[46852] done accepting connections: Socket is closed
Jan 24, 2016 6:14:54 AM okhttp3.mockwebserver.MockWebServer$3 execute
INFO: MockWebServer[59226] starting to accept connections
Jan 24, 2016 6:14:54 AM okhttp3.mockwebserver.MockWebServer$3 acceptConnections
INFO: MockWebServer[59226] done accepting connections: Socket closed
Jan 24, 2016 6:14:54 AM okhttp3.mockwebserver.MockWebServer$3 execute
INFO: MockWebServer[37776] starting to accept connections
Jan 24, 2016 6:14:54 AM okhttp3.mockwebserver.MockWebServer$3 acceptConnections
INFO: MockWebServer[37776] done accepting connections: Socket is closed
Jan 24, 2016 6:14:54 AM okhttp3.mockwebserver.MockWebServer$3 execute
INFO: MockWebServer[59217] starting to accept connections
Jan 24, 2016 6:14:54 AM okhttp3.mockwebserver.MockWebServer$3 acceptConnections
INFO: MockWebServer[59217] done accepting connections: Socket closed
Jan 24, 2016 6:14:54 AM okhttp3.mockwebserver.MockWebServer$3 execute
INFO: MockWebServer[49688] starting to accept connections
Jan 24, 2016 6:14:54 AM okhttp3.mockwebserver.MockWebServer$3 acceptConnections
INFO: MockWebServer[49688] done accepting connections: Socket is closed
Jan 24, 2016 6:14:54 AM okhttp3.mockwebserver.MockWebServer$3 execute
INFO: MockWebServer[40093] starting to accept connections
Jan 24, 2016 6:14:54 AM okhttp3.mockwebserver.MockWebServer$3 acceptConnections
INFO: MockWebServer[40093] done accepting connections: Socket is closed
Jan 24, 2016 6:14:54 AM okhttp3.mockwebserver.MockWebServer$3 execute
INFO: MockWebServer[50074] starting to accept connections
Jan 24, 2016 6:14:54 AM okhttp3.mockwebserver.MockWebServer$3 acceptConnections
INFO: MockWebServer[50074] done accepting connections: Socket is closed
Jan 24, 2016 6:14:54 AM okhttp3.mockwebserver.MockWebServer$3 execute
INFO: MockWebServer[48485] starting to accept connections
Jan 24, 2016 6:14:54 AM okhttp3.mockwebserver.MockWebServer$3 acceptConnections
INFO: MockWebServer[48485] done accepting connections: Socket is closed
Jan 24, 2016 6:14:54 AM okhttp3.mockwebserver.MockWebServer$3 execute
INFO: MockWebServer[60809] starting to accept connections
Jan 24, 2016 6:14:54 AM okhttp3.mockwebserver.MockWebServer$3 acceptConnections
INFO: MockWebServer[60809] done accepting connections: Socket is closed
Jan 24, 2016 6:14:54 AM okhttp3.mockwebserver.MockWebServer$3 execute
INFO: MockWebServer[34281] starting to accept connections
Jan 24, 2016 6:14:54 AM okhttp3.mockwebserver.MockWebServer$3 acceptConnections
INFO: MockWebServer[34281] done accepting connections: Socket is closed
Jan 24, 2016 6:14:54 AM okhttp3.mockwebserver.MockWebServer$3 execute
INFO: MockWebServer[33747] starting to accept connections
Jan 24, 2016 6:14:54 AM okhttp3.mockwebserver.MockWebServer$3 acceptConnections
INFO: MockWebServer[33747] done accepting connections: Socket is closed
Jan 24, 2016 6:14:54 AM okhttp3.mockwebserver.MockWebServer$3 execute
INFO: MockWebServer[49373] starting to accept connections
Jan 24, 2016 6:14:54 AM okhttp3.mockwebserver.MockWebServer$3 acceptConnections
INFO: MockWebServer[49373] done accepting connections: Socket closed
Jan 24, 2016 6:14:54 AM okhttp3.mockwebserver.MockWebServer$3 execute
INFO: MockWebServer[53863] starting to accept connections
Jan 24, 2016 6:14:54 AM okhttp3.mockwebserver.MockWebServer$3 acceptConnections
INFO: MockWebServer[53863] done accepting connections: Socket is closed
Jan 24, 2016 6:14:54 AM okhttp3.mockwebserver.MockWebServer$3 execute
INFO: MockWebServer[58579] starting to accept connections
Jan 24, 2016 6:14:54 AM okhttp3.mockwebserver.MockWebServer$3 acceptConnections
INFO: MockWebServer[58579] done accepting connections: Socket closed
Jan 24, 2016 6:14:54 AM okhttp3.mockwebserver.MockWebServer$3 execute
INFO: MockWebServer[59492] starting to accept connections
Jan 24, 2016 6:14:54 AM okhttp3.mockwebserver.MockWebServer$3 acceptConnections
INFO: MockWebServer[59492] done accepting connections: Socket is closed
Jan 24, 2016 6:14:54 AM okhttp3.mockwebserver.MockWebServer$3 execute
INFO: MockWebServer[46982] starting to accept connections
Jan 24, 2016 6:14:54 AM okhttp3.mockwebserver.MockWebServer$3 acceptConnections
INFO: MockWebServer[46982] done accepting connections: Socket is closed
Jan 24, 2016 6:14:54 AM okhttp3.mockwebserver.MockWebServer$3 execute
INFO: MockWebServer[41485] starting to accept connections
Jan 24, 2016 6:14:54 AM okhttp3.mockwebserver.MockWebServer$3 acceptConnections
INFO: MockWebServer[41485] done accepting connections: Socket closed
Jan 24, 2016 6:14:54 AM okhttp3.mockwebserver.MockWebServer$3 execute
INFO: MockWebServer[57752] starting to accept connections
Jan 24, 2016 6:14:54 AM okhttp3.mockwebserver.MockWebServer$3 acceptConnections
INFO: MockWebServer[57752] done accepting connections: Socket closed
Jan 24, 2016 6:14:54 AM okhttp3.mockwebserver.MockWebServer$3 execute
INFO: MockWebServer[55946] starting to accept connections
Jan 24, 2016 6:14:54 AM okhttp3.mockwebserver.MockWebServer$3 acceptConnections
INFO: MockWebServer[55946] done accepting connections: Socket is closed
Jan 24, 2016 6:14:54 AM okhttp3.mockwebserver.MockWebServer$3 execute
INFO: MockWebServer[55923] starting to accept connections
Jan 24, 2016 6:14:54 AM okhttp3.mockwebserver.MockWebServer$3 acceptConnections
INFO: MockWebServer[55923] done accepting connections: Socket closed
Jan 24, 2016 6:14:54 AM okhttp3.mockwebserver.MockWebServer$3 execute
INFO: MockWebServer[47078] starting to accept connections
Jan 24, 2016 6:14:54 AM okhttp3.mockwebserver.MockWebServer$3 acceptConnections
INFO: MockWebServer[47078] done accepting connections: Socket is closed
Jan 24, 2016 6:14:54 AM okhttp3.mockwebserver.MockWebServer$3 execute
INFO: MockWebServer[50417] starting to accept connections
Jan 24, 2016 6:14:54 AM okhttp3.mockwebserver.MockWebServer$3 acceptConnections
INFO: MockWebServer[50417] done accepting connections: Socket closed
Jan 24, 2016 6:14:54 AM okhttp3.mockwebserver.MockWebServer$3 execute
INFO: MockWebServer[39874] starting to accept connections
Jan 24, 2016 6:14:54 AM okhttp3.mockwebserver.MockWebServer$3 acceptConnections
INFO: MockWebServer[39874] done accepting connections: Socket closed
Jan 24, 2016 6:14:54 AM okhttp3.mockwebserver.MockWebServer$3 execute
INFO: MockWebServer[41548] starting to accept connections
Jan 24, 2016 6:14:54 AM okhttp3.mockwebserver.MockWebServer$3 acceptConnections
INFO: MockWebServer[41548] done accepting connections: Socket is closed
Jan 24, 2016 6:14:54 AM okhttp3.mockwebserver.MockWebServer$3 execute
INFO: MockWebServer[55061] starting to accept connections
Jan 24, 2016 6:14:54 AM okhttp3.mockwebserver.MockWebServer$3 acceptConnections
INFO: MockWebServer[55061] done accepting connections: Socket closed
Jan 24, 2016 6:14:54 AM okhttp3.mockwebserver.MockWebServer$3 execute
INFO: MockWebServer[57861] starting to accept connections
Jan 24, 2016 6:14:54 AM okhttp3.mockwebserver.MockWebServer$3 acceptConnections
INFO: MockWebServer[57861] done accepting connections: Socket closed
Jan 24, 2016 6:14:54 AM okhttp3.mockwebserver.MockWebServer$3 execute
INFO: MockWebServer[40305] starting to accept connections
Jan 24, 2016 6:14:54 AM okhttp3.mockwebserver.MockWebServer$3 acceptConnections
INFO: MockWebServer[40305] done accepting connections: Socket closed
Jan 24, 2016 6:14:54 AM okhttp3.mockwebserver.MockWebServer$3 execute
INFO: MockWebServer[60967] starting to accept connections
Jan 24, 2016 6:14:54 AM okhttp3.mockwebserver.MockWebServer$3 acceptConnections
INFO: MockWebServer[60967] done accepting connections: Socket closed
Jan 24, 2016 6:14:54 AM okhttp3.mockwebserver.MockWebServer$3 execute
INFO: MockWebServer[37934] starting to accept connections
Jan 24, 2016 6:14:54 AM okhttp3.mockwebserver.MockWebServer$3 acceptConnections
INFO: MockWebServer[37934] done accepting connections: Socket is closed
Jan 24, 2016 6:14:54 AM okhttp3.mockwebserver.MockWebServer$3 execute
INFO: MockWebServer[37580] starting to accept connections
Jan 24, 2016 6:14:54 AM okhttp3.mockwebserver.MockWebServer$3 acceptConnections
INFO: MockWebServer[37580] done accepting connections: Socket is closed
Jan 24, 2016 6:14:54 AM okhttp3.mockwebserver.MockWebServer$3 execute
INFO: MockWebServer[46122] starting to accept connections
Jan 24, 2016 6:14:54 AM okhttp3.mockwebserver.MockWebServer$3 acceptConnections
INFO: MockWebServer[46122] done accepting connections: Socket is closed
Jan 24, 2016 6:14:54 AM okhttp3.mockwebserver.MockWebServer$3 execute
INFO: MockWebServer[45249] starting to accept connections
Jan 24, 2016 6:14:54 AM okhttp3.mockwebserver.MockWebServer$3 acceptConnections
INFO: MockWebServer[45249] done accepting connections: Socket is closed
Jan 24, 2016 6:14:54 AM okhttp3.mockwebserver.MockWebServer$3 execute
INFO: MockWebServer[46549] starting to accept connections
Jan 24, 2016 6:14:54 AM okhttp3.mockwebserver.MockWebServer$3 acceptConnections
INFO: MockWebServer[46549] done accepting connections: Socket is closed
Tests run: 62, Failures: 0, Errors: 0, Skipped: 0, Time elapsed: 2.803 sec

Results :

Tests run: 221, Failures: 0, Errors: 0, Skipped: 2

[INFO] 
[INFO] --- animal-sniffer-maven-plugin:1.14:check (default) @ retrofit ---
[INFO] Checking unresolved references to org.codehaus.mojo.signature:java16:1.1
[INFO]                                                                         
[INFO] ------------------------------------------------------------------------
[INFO] Building Adapters 2.0.0-SNAPSHOT
[INFO] ------------------------------------------------------------------------
[INFO] 
[INFO] --- maven-enforcer-plugin:1.0:enforce (enforce-maven) @ retrofit-adapters ---
[INFO] 
[INFO] --- animal-sniffer-maven-plugin:1.14:check (default) @ retrofit-adapters ---
[INFO] Checking unresolved references to org.codehaus.mojo.signature:java16:1.1
[INFO]                                                                         
[INFO] ------------------------------------------------------------------------
[INFO] Building Adapter: RxJava 2.0.0-SNAPSHOT
[INFO] ------------------------------------------------------------------------
[INFO] 
[INFO] --- maven-enforcer-plugin:1.0:enforce (enforce-maven) @ adapter-rxjava ---
[INFO] 
[INFO] --- maven-resources-plugin:2.6:resources (default-resources) @ adapter-rxjava ---
[INFO] Using 'UTF-8' encoding to copy filtered resources.
[INFO] skip non existing resourceDirectory /home/travis/build/square/retrofit/retrofit-adapters/rxjava/src/main/resources
[INFO] 
[INFO] --- maven-compiler-plugin:3.0:compile (default-compile) @ adapter-rxjava ---
[INFO] Changes detected - recompiling the module!
[INFO] Compiling 4 source files to /home/travis/build/square/retrofit/retrofit-adapters/rxjava/target/classes
[INFO] 
[INFO] --- maven-resources-plugin:2.6:testResources (default-testResources) @ adapter-rxjava ---
[INFO] Using 'UTF-8' encoding to copy filtered resources.
[INFO] skip non existing resourceDirectory /home/travis/build/square/retrofit/retrofit-adapters/rxjava/src/test/resources
[INFO] 
[INFO] --- maven-compiler-plugin:3.0:testCompile (default-testCompile) @ adapter-rxjava ---
[INFO] Changes detected - recompiling the module!
[INFO] Compiling 2 source files to /home/travis/build/square/retrofit/retrofit-adapters/rxjava/target/test-classes
[INFO] 
[INFO] --- maven-surefire-plugin:2.12.4:test (default-test) @ adapter-rxjava ---
[INFO] Surefire report directory: /home/travis/build/square/retrofit/retrofit-adapters/rxjava/target/surefire-reports

-------------------------------------------------------
 T E S T S
-------------------------------------------------------
Running retrofit2.ResultTest
Tests run: 4, Failures: 0, Errors: 0, Skipped: 0, Time elapsed: 0.145 sec
Running retrofit2.RxJavaCallAdapterFactoryTest
Jan 24, 2016 6:14:57 AM okhttp3.mockwebserver.MockWebServer$3 execute
INFO: MockWebServer[47367] starting to accept connections
Jan 24, 2016 6:14:57 AM okhttp3.mockwebserver.MockWebServer$3 acceptConnections
INFO: MockWebServer[47367] done accepting connections: Socket closed
Jan 24, 2016 6:14:57 AM okhttp3.mockwebserver.MockWebServer$4 processConnection
WARNING: MockWebServer[47367] connection from /127.0.0.1 didn't make a request
Jan 24, 2016 6:14:57 AM okhttp3.mockwebserver.MockWebServer$3 execute
INFO: MockWebServer[39694] starting to accept connections
Jan 24, 2016 6:14:57 AM okhttp3.mockwebserver.MockWebServer$4 processOneRequest
INFO: MockWebServer[39694] received request: GET / HTTP/1.1 and responded: HTTP/1.1 200 OK
Jan 24, 2016 6:14:57 AM okhttp3.mockwebserver.MockWebServer$3 acceptConnections
INFO: MockWebServer[39694] done accepting connections: Socket closed
Jan 24, 2016 6:14:57 AM okhttp3.mockwebserver.MockWebServer$3 execute
INFO: MockWebServer[52336] starting to accept connections
Jan 24, 2016 6:14:57 AM okhttp3.mockwebserver.MockWebServer$4 processOneRequest
INFO: MockWebServer[52336] received request: GET / HTTP/1.1 and responded: HTTP/1.1 404 Client Error
Jan 24, 2016 6:14:57 AM okhttp3.mockwebserver.MockWebServer$3 acceptConnections
INFO: MockWebServer[52336] done accepting connections: Socket closed
Jan 24, 2016 6:14:57 AM okhttp3.mockwebserver.MockWebServer$3 execute
INFO: MockWebServer[58407] starting to accept connections
Jan 24, 2016 6:14:57 AM okhttp3.mockwebserver.MockWebServer$3 acceptConnections
INFO: MockWebServer[58407] done accepting connections: Socket is closed
Jan 24, 2016 6:14:57 AM okhttp3.mockwebserver.MockWebServer$3 execute
INFO: MockWebServer[40293] starting to accept connections
Jan 24, 2016 6:14:57 AM okhttp3.mockwebserver.MockWebServer$4 processOneRequest
INFO: MockWebServer[40293] received request: GET / HTTP/1.1 and responded: HTTP/1.1 200 OK
Jan 24, 2016 6:14:57 AM okhttp3.mockwebserver.MockWebServer$3 acceptConnections
INFO: MockWebServer[40293] done accepting connections: Socket closed
Jan 24, 2016 6:14:57 AM okhttp3.mockwebserver.MockWebServer$3 execute
INFO: MockWebServer[33226] starting to accept connections
Jan 24, 2016 6:14:57 AM okhttp3.mockwebserver.MockWebServer$4 processOneRequest
INFO: MockWebServer[33226] received request: GET / HTTP/1.1 and responded: HTTP/1.1 404 Client Error
Jan 24, 2016 6:14:57 AM okhttp3.mockwebserver.MockWebServer$3 acceptConnections
INFO: MockWebServer[33226] done accepting connections: Socket closed
Jan 24, 2016 6:14:57 AM okhttp3.mockwebserver.MockWebServer$3 execute
INFO: MockWebServer[51096] starting to accept connections
Jan 24, 2016 6:14:57 AM okhttp3.mockwebserver.MockWebServer$4 processConnection
WARNING: MockWebServer[51096] connection from /127.0.0.1 didn't make a request
Jan 24, 2016 6:14:57 AM okhttp3.mockwebserver.MockWebServer$3 acceptConnections
INFO: MockWebServer[51096] done accepting connections: Socket closed
Jan 24, 2016 6:14:57 AM okhttp3.mockwebserver.MockWebServer$3 execute
INFO: MockWebServer[57661] starting to accept connections
Jan 24, 2016 6:14:57 AM okhttp3.mockwebserver.MockWebServer$4 processOneRequest
INFO: MockWebServer[57661] received request: GET / HTTP/1.1 and responded: HTTP/1.1 200 OK
Jan 24, 2016 6:14:57 AM okhttp3.mockwebserver.MockWebServer$3 acceptConnections
INFO: MockWebServer[57661] done accepting connections: Socket closed
Jan 24, 2016 6:14:57 AM okhttp3.mockwebserver.MockWebServer$3 execute
INFO: MockWebServer[59770] starting to accept connections
Jan 24, 2016 6:14:57 AM okhttp3.mockwebserver.MockWebServer$4 processOneRequest
INFO: MockWebServer[59770] received request: GET / HTTP/1.1 and responded: HTTP/1.1 404 Client Error
Jan 24, 2016 6:14:57 AM okhttp3.mockwebserver.MockWebServer$3 acceptConnections
INFO: MockWebServer[59770] done accepting connections: Socket closed
Jan 24, 2016 6:14:57 AM okhttp3.mockwebserver.MockWebServer$3 execute
INFO: MockWebServer[50508] starting to accept connections
Jan 24, 2016 6:14:57 AM okhttp3.mockwebserver.MockWebServer$4 processConnection
WARNING: MockWebServer[50508] connection from /127.0.0.1 didn't make a request
Jan 24, 2016 6:14:57 AM okhttp3.mockwebserver.MockWebServer$3 acceptConnections
INFO: MockWebServer[50508] done accepting connections: Socket closed
Jan 24, 2016 6:14:57 AM okhttp3.mockwebserver.MockWebServer$3 execute
INFO: MockWebServer[42898] starting to accept connections
Jan 24, 2016 6:14:57 AM okhttp3.mockwebserver.MockWebServer$4 processOneRequest
INFO: MockWebServer[42898] received request: GET / HTTP/1.1 and responded: HTTP/1.1 200 OK
Jan 24, 2016 6:14:57 AM okhttp3.mockwebserver.MockWebServer$3 acceptConnections
INFO: MockWebServer[42898] done accepting connections: Socket closed
Jan 24, 2016 6:14:57 AM okhttp3.mockwebserver.MockWebServer$3 execute
INFO: MockWebServer[55855] starting to accept connections
Jan 24, 2016 6:14:57 AM okhttp3.mockwebserver.MockWebServer$3 acceptConnections
INFO: MockWebServer[55855] done accepting connections: Socket closed
Jan 24, 2016 6:14:57 AM okhttp3.mockwebserver.MockWebServer$4 processOneRequest
INFO: MockWebServer[55855] received request: GET / HTTP/1.1 and responded: HTTP/1.1 404 Client Error
Jan 24, 2016 6:14:57 AM okhttp3.mockwebserver.MockWebServer$3 execute
INFO: MockWebServer[48209] starting to accept connections
Jan 24, 2016 6:14:57 AM okhttp3.mockwebserver.MockWebServer$3 acceptConnections
INFO: MockWebServer[48209] done accepting connections: Socket is closed
Jan 24, 2016 6:14:58 AM okhttp3.mockwebserver.MockWebServer$3 execute
INFO: MockWebServer[38517] starting to accept connections
Jan 24, 2016 6:14:58 AM okhttp3.mockwebserver.MockWebServer$4 processConnection
WARNING: MockWebServer[38517] connection from /127.0.0.1 didn't make a request
Jan 24, 2016 6:14:58 AM okhttp3.mockwebserver.MockWebServer$3 acceptConnections
INFO: MockWebServer[38517] done accepting connections: Socket closed
Jan 24, 2016 6:14:58 AM okhttp3.mockwebserver.MockWebServer$3 execute
INFO: MockWebServer[36203] starting to accept connections
Jan 24, 2016 6:14:58 AM okhttp3.mockwebserver.MockWebServer$4 processConnection
WARNING: MockWebServer[36203] connection from /127.0.0.1 didn't make a request
Jan 24, 2016 6:14:58 AM okhttp3.mockwebserver.MockWebServer$3 acceptConnections
INFO: MockWebServer[36203] done accepting connections: Socket closed
Jan 24, 2016 6:14:58 AM okhttp3.mockwebserver.MockWebServer$3 execute
INFO: MockWebServer[58927] starting to accept connections
Jan 24, 2016 6:14:58 AM okhttp3.mockwebserver.MockWebServer$4 processOneRequest
INFO: MockWebServer[58927] received request: GET / HTTP/1.1 and responded: HTTP/1.1 200 OK
Jan 24, 2016 6:14:58 AM okhttp3.mockwebserver.MockWebServer$3 acceptConnections
INFO: MockWebServer[58927] done accepting connections: Socket closed
Jan 24, 2016 6:14:58 AM okhttp3.mockwebserver.MockWebServer$3 execute
INFO: MockWebServer[39109] starting to accept connections
Jan 24, 2016 6:14:58 AM okhttp3.mockwebserver.MockWebServer$4 processOneRequest
INFO: MockWebServer[39109] received request: GET / HTTP/1.1 and responded: HTTP/1.1 404 Client Error
Jan 24, 2016 6:14:58 AM okhttp3.mockwebserver.MockWebServer$3 acceptConnections
INFO: MockWebServer[39109] done accepting connections: Socket closed
Jan 24, 2016 6:14:58 AM okhttp3.mockwebserver.MockWebServer$3 execute
INFO: MockWebServer[49847] starting to accept connections
Jan 24, 2016 6:14:58 AM okhttp3.mockwebserver.MockWebServer$3 acceptConnections
INFO: MockWebServer[49847] done accepting connections: Socket is closed
Jan 24, 2016 6:14:58 AM okhttp3.mockwebserver.MockWebServer$3 execute
INFO: MockWebServer[60798] starting to accept connections
Jan 24, 2016 6:14:58 AM okhttp3.mockwebserver.MockWebServer$3 acceptConnections
INFO: MockWebServer[60798] done accepting connections: Socket closed
Jan 24, 2016 6:14:58 AM okhttp3.mockwebserver.MockWebServer$3 execute
INFO: MockWebServer[49025] starting to accept connections
Jan 24, 2016 6:14:58 AM okhttp3.mockwebserver.MockWebServer$3 acceptConnections
INFO: MockWebServer[49025] done accepting connections: Socket closed
Jan 24, 2016 6:14:58 AM okhttp3.mockwebserver.MockWebServer$4 processConnection
WARNING: MockWebServer[49025] connection from /127.0.0.1 didn't make a request
Jan 24, 2016 6:14:58 AM okhttp3.mockwebserver.MockWebServer$3 execute
INFO: MockWebServer[34353] starting to accept connections
Jan 24, 2016 6:14:58 AM okhttp3.mockwebserver.MockWebServer$3 acceptConnections
INFO: MockWebServer[34353] done accepting connections: Socket closed
Jan 24, 2016 6:14:58 AM okhttp3.mockwebserver.MockWebServer$4 processOneRequest
INFO: MockWebServer[34353] received request: GET / HTTP/1.1 and responded: HTTP/1.1 200 OK
Jan 24, 2016 6:14:58 AM okhttp3.mockwebserver.MockWebServer$3 execute
INFO: MockWebServer[41266] starting to accept connections
Jan 24, 2016 6:14:58 AM okhttp3.mockwebserver.MockWebServer$4 processOneRequest
INFO: MockWebServer[41266] received request: GET / HTTP/1.1 and responded: HTTP/1.1 404 Client Error
Jan 24, 2016 6:14:58 AM okhttp3.mockwebserver.MockWebServer$3 acceptConnections
INFO: MockWebServer[41266] done accepting connections: Socket closed
Jan 24, 2016 6:14:58 AM okhttp3.mockwebserver.MockWebServer$3 execute
INFO: MockWebServer[59596] starting to accept connections
Jan 24, 2016 6:14:58 AM okhttp3.mockwebserver.MockWebServer$3 acceptConnections
INFO: MockWebServer[59596] done accepting connections: Socket is closed
Tests run: 23, Failures: 0, Errors: 0, Skipped: 0, Time elapsed: 0.643 sec

Results :

Tests run: 27, Failures: 0, Errors: 0, Skipped: 0

[INFO] 
[INFO] --- animal-sniffer-maven-plugin:1.14:check (default) @ adapter-rxjava ---
[INFO] Checking unresolved references to org.codehaus.mojo.signature:java16:1.1
[INFO]                                                                         
[INFO] ------------------------------------------------------------------------
[INFO] Building Converters 2.0.0-SNAPSHOT
[INFO] ------------------------------------------------------------------------
[INFO] 
[INFO] --- maven-enforcer-plugin:1.0:enforce (enforce-maven) @ retrofit-converters ---
[INFO] 
[INFO] --- animal-sniffer-maven-plugin:1.14:check (default) @ retrofit-converters ---
[INFO] Checking unresolved references to org.codehaus.mojo.signature:java16:1.1
[INFO]                                                                         
[INFO] ------------------------------------------------------------------------
[INFO] Building Converter: Gson 2.0.0-SNAPSHOT
[INFO] ------------------------------------------------------------------------
[INFO] 
[INFO] --- maven-enforcer-plugin:1.0:enforce (enforce-maven) @ converter-gson ---
[INFO] 
[INFO] --- maven-resources-plugin:2.6:resources (default-resources) @ converter-gson ---
[INFO] Using 'UTF-8' encoding to copy filtered resources.
[INFO] skip non existing resourceDirectory /home/travis/build/square/retrofit/retrofit-converters/gson/src/main/resources
[INFO] 
[INFO] --- maven-compiler-plugin:3.0:compile (default-compile) @ converter-gson ---
[INFO] Changes detected - recompiling the module!
[INFO] Compiling 3 source files to /home/travis/build/square/retrofit/retrofit-converters/gson/target/classes
[INFO] 
[INFO] --- maven-resources-plugin:2.6:testResources (default-testResources) @ converter-gson ---
[INFO] Using 'UTF-8' encoding to copy filtered resources.
[INFO] skip non existing resourceDirectory /home/travis/build/square/retrofit/retrofit-converters/gson/src/test/resources
[INFO] 
[INFO] --- maven-compiler-plugin:3.0:testCompile (default-testCompile) @ converter-gson ---
[INFO] Changes detected - recompiling the module!
[INFO] Compiling 1 source file to /home/travis/build/square/retrofit/retrofit-converters/gson/target/test-classes
[INFO] 
[INFO] --- maven-surefire-plugin:2.12.4:test (default-test) @ converter-gson ---
[INFO] Surefire report directory: /home/travis/build/square/retrofit/retrofit-converters/gson/target/surefire-reports

-------------------------------------------------------
 T E S T S
-------------------------------------------------------
Running retrofit2.GsonConverterFactoryTest
Jan 24, 2016 6:14:59 AM okhttp3.mockwebserver.MockWebServer$3 execute
INFO: MockWebServer[43570] starting to accept connections
Jan 24, 2016 6:14:59 AM okhttp3.mockwebserver.MockWebServer$4 processOneRequest
INFO: MockWebServer[43570] received request: POST / HTTP/1.1 and responded: HTTP/1.1 200 OK
Jan 24, 2016 6:14:59 AM okhttp3.mockwebserver.MockWebServer$3 acceptConnections
INFO: MockWebServer[43570] done accepting connections: Socket closed
Jan 24, 2016 6:14:59 AM okhttp3.mockwebserver.MockWebServer$3 execute
INFO: MockWebServer[44725] starting to accept connections
Jan 24, 2016 6:14:59 AM okhttp3.mockwebserver.MockWebServer$4 processOneRequest
INFO: MockWebServer[44725] received request: POST / HTTP/1.1 and responded: HTTP/1.1 200 OK
Jan 24, 2016 6:14:59 AM okhttp3.mockwebserver.MockWebServer$3 acceptConnections
INFO: MockWebServer[44725] done accepting connections: Socket closed
Jan 24, 2016 6:14:59 AM okhttp3.mockwebserver.MockWebServer$3 execute
INFO: MockWebServer[57724] starting to accept connections
Jan 24, 2016 6:14:59 AM okhttp3.mockwebserver.MockWebServer$4 processOneRequest
INFO: MockWebServer[57724] received request: POST / HTTP/1.1 and responded: HTTP/1.1 200 OK
Jan 24, 2016 6:14:59 AM okhttp3.mockwebserver.MockWebServer$3 acceptConnections
INFO: MockWebServer[57724] done accepting connections: Socket closed
Tests run: 3, Failures: 0, Errors: 0, Skipped: 0, Time elapsed: 0.575 sec

Results :

Tests run: 3, Failures: 0, Errors: 0, Skipped: 0

[INFO] 
[INFO] --- animal-sniffer-maven-plugin:1.14:check (default) @ converter-gson ---
[INFO] Checking unresolved references to org.codehaus.mojo.signature:java16:1.1
[INFO]                                                                         
[INFO] ------------------------------------------------------------------------
[INFO] Building Converter: Protocol Buffers 2.0.0-SNAPSHOT
[INFO] ------------------------------------------------------------------------
[INFO] 
[INFO] --- maven-enforcer-plugin:1.0:enforce (enforce-maven) @ converter-protobuf ---
[INFO] 
[INFO] --- maven-resources-plugin:2.6:resources (default-resources) @ converter-protobuf ---
[INFO] Using 'UTF-8' encoding to copy filtered resources.
[INFO] skip non existing resourceDirectory /home/travis/build/square/retrofit/retrofit-converters/protobuf/src/main/resources
[INFO] 
[INFO] --- maven-compiler-plugin:3.0:compile (default-compile) @ converter-protobuf ---
[INFO] Changes detected - recompiling the module!
[INFO] Compiling 3 source files to /home/travis/build/square/retrofit/retrofit-converters/protobuf/target/classes
[WARNING] /home/travis/build/square/retrofit/retrofit-converters/protobuf/src/main/java/retrofit2/ProtoConverterFactory.java: /home/travis/build/square/retrofit/retrofit-converters/protobuf/src/main/java/retrofit2/ProtoConverterFactory.java uses unchecked or unsafe operations.
[WARNING] /home/travis/build/square/retrofit/retrofit-converters/protobuf/src/main/java/retrofit2/ProtoConverterFactory.java: Recompile with -Xlint:unchecked for details.
[INFO] 
[INFO] --- maven-resources-plugin:2.6:testResources (default-testResources) @ converter-protobuf ---
[INFO] Using 'UTF-8' encoding to copy filtered resources.
[INFO] skip non existing resourceDirectory /home/travis/build/square/retrofit/retrofit-converters/protobuf/src/test/resources
[INFO] 
[INFO] --- maven-compiler-plugin:3.0:testCompile (default-testCompile) @ converter-protobuf ---
[INFO] Changes detected - recompiling the module!
[INFO] Compiling 2 source files to /home/travis/build/square/retrofit/retrofit-converters/protobuf/target/test-classes
[INFO] 
[INFO] --- maven-surefire-plugin:2.12.4:test (default-test) @ converter-protobuf ---
[INFO] Surefire report directory: /home/travis/build/square/retrofit/retrofit-converters/protobuf/target/surefire-reports

-------------------------------------------------------
 T E S T S
-------------------------------------------------------
Running retrofit2.ProtoConverterFactoryTest
Jan 24, 2016 6:15:00 AM okhttp3.mockwebserver.MockWebServer$3 execute
INFO: MockWebServer[46271] starting to accept connections
Jan 24, 2016 6:15:00 AM okhttp3.mockwebserver.MockWebServer$4 processOneRequest
INFO: MockWebServer[46271] received request: POST / HTTP/1.1 and responded: HTTP/1.1 200 OK
Jan 24, 2016 6:15:00 AM okhttp3.mockwebserver.MockWebServer$3 acceptConnections
INFO: MockWebServer[46271] done accepting connections: Socket closed
Jan 24, 2016 6:15:00 AM okhttp3.mockwebserver.MockWebServer$3 execute
INFO: MockWebServer[37201] starting to accept connections
Jan 24, 2016 6:15:00 AM okhttp3.mockwebserver.MockWebServer$3 acceptConnections
INFO: MockWebServer[37201] done accepting connections: Socket is closed
Jan 24, 2016 6:15:00 AM okhttp3.mockwebserver.MockWebServer$3 execute
INFO: MockWebServer[34514] starting to accept connections
Jan 24, 2016 6:15:00 AM okhttp3.mockwebserver.MockWebServer$3 acceptConnections
INFO: MockWebServer[34514] done accepting connections: Socket closed
Jan 24, 2016 6:15:00 AM okhttp3.mockwebserver.MockWebServer$4 processOneRequest
INFO: MockWebServer[34514] received request: GET / HTTP/1.1 and responded: HTTP/1.1 200 OK
Jan 24, 2016 6:15:00 AM okhttp3.mockwebserver.MockWebServer$3 execute
INFO: MockWebServer[49616] starting to accept connections
Jan 24, 2016 6:15:00 AM okhttp3.mockwebserver.MockWebServer$3 acceptConnections
INFO: MockWebServer[49616] done accepting connections: Socket closed
Jan 24, 2016 6:15:00 AM okhttp3.mockwebserver.MockWebServer$3 execute
INFO: MockWebServer[54550] starting to accept connections
Jan 24, 2016 6:15:00 AM okhttp3.mockwebserver.MockWebServer$3 acceptConnections
INFO: MockWebServer[54550] done accepting connections: Socket closed
Jan 24, 2016 6:15:00 AM okhttp3.mockwebserver.MockWebServer$4 processOneRequest
INFO: MockWebServer[54550] received request: GET / HTTP/1.1 and responded: HTTP/1.1 200 OK
Tests run: 5, Failures: 2, Errors: 0, Skipped: 0, Time elapsed: 0.526 sec <<< FAILURE!
deserializeWrongClass(retrofit2.ProtoConverterFactoryTest)  Time elapsed: 0.017 sec  <<< FAILURE!
java.lang.AssertionError: 
Expecting message:
 <"Could not locate ResponseBody converter for class java.lang.String. Tried:
 * retrofit2.BuiltInConverters
 * retrofit2.ProtoConverterFactory">
but was:
 <"Could not locate ResponseBody converter for class java.lang.String.
  Tried:
   * retrofit2.BuiltInConverters
   * retrofit2.ProtoConverterFactory">
	at retrofit2.ProtoConverterFactoryTest.deserializeWrongClass(ProtoConverterFactoryTest.java:90)
	at sun.reflect.NativeMethodAccessorImpl.invoke0(Native Method)
	at sun.reflect.NativeMethodAccessorImpl.invoke(NativeMethodAccessorImpl.java:62)
	at sun.reflect.DelegatingMethodAccessorImpl.invoke(DelegatingMethodAccessorImpl.java:43)
	at java.lang.reflect.Method.invoke(Method.java:483)
	at org.junit.runners.model.FrameworkMethod$1.runReflectiveCall(FrameworkMethod.java:50)
	at org.junit.internal.runners.model.ReflectiveCallable.run(ReflectiveCallable.java:12)
	at org.junit.runners.model.FrameworkMethod.invokeExplosively(FrameworkMethod.java:47)
	at org.junit.internal.runners.statements.InvokeMethod.evaluate(InvokeMethod.java:17)
	at org.junit.internal.runners.statements.RunBefores.evaluate(RunBefores.java:26)
	at okhttp3.mockwebserver.MockWebServer$2.evaluate(MockWebServer.java:154)
	at org.junit.rules.RunRules.evaluate(RunRules.java:20)
	at org.junit.runners.ParentRunner.runLeaf(ParentRunner.java:325)
	at org.junit.runners.BlockJUnit4ClassRunner.runChild(BlockJUnit4ClassRunner.java:78)
	at org.junit.runners.BlockJUnit4ClassRunner.runChild(BlockJUnit4ClassRunner.java:57)
	at org.junit.runners.ParentRunner$3.run(ParentRunner.java:290)
	at org.junit.runners.ParentRunner$1.schedule(ParentRunner.java:71)
	at org.junit.runners.ParentRunner.runChildren(ParentRunner.java:288)
	at org.junit.runners.ParentRunner.access$000(ParentRunner.java:58)
	at org.junit.runners.ParentRunner$2.evaluate(ParentRunner.java:268)
	at org.junit.runners.ParentRunner.run(ParentRunner.java:363)
	at org.apache.maven.surefire.junit4.JUnit4Provider.execute(JUnit4Provider.java:252)
	at org.apache.maven.surefire.junit4.JUnit4Provider.executeTestSet(JUnit4Provider.java:141)
	at org.apache.maven.surefire.junit4.JUnit4Provider.invoke(JUnit4Provider.java:112)
	at sun.reflect.NativeMethodAccessorImpl.invoke0(Native Method)
	at sun.reflect.NativeMethodAccessorImpl.invoke(NativeMethodAccessorImpl.java:62)
	at sun.reflect.DelegatingMethodAccessorImpl.invoke(DelegatingMethodAccessorImpl.java:43)
	at java.lang.reflect.Method.invoke(Method.java:483)
	at org.apache.maven.surefire.util.ReflectionUtils.invokeMethodWithArray(ReflectionUtils.java:189)
	at org.apache.maven.surefire.booter.ProviderFactory$ProviderProxy.invoke(ProviderFactory.java:165)
	at org.apache.maven.surefire.booter.ProviderFactory.invokeProvider(ProviderFactory.java:85)
	at org.apache.maven.surefire.booter.ForkedBooter.runSuitesInProcess(ForkedBooter.java:115)
	at org.apache.maven.surefire.booter.ForkedBooter.main(ForkedBooter.java:75)

deserializeWrongType(retrofit2.ProtoConverterFactoryTest)  Time elapsed: 0.011 sec  <<< FAILURE!
java.lang.AssertionError: 
Expecting message:
 <"Could not locate ResponseBody converter for java.util.List<java.lang.String>. Tried:
 * retrofit2.BuiltInConverters
 * retrofit2.ProtoConverterFactory">
but was:
 <"Could not locate ResponseBody converter for java.util.List<java.lang.String>.
  Tried:
   * retrofit2.BuiltInConverters
   * retrofit2.ProtoConverterFactory">
	at retrofit2.ProtoConverterFactoryTest.deserializeWrongType(ProtoConverterFactoryTest.java:107)
	at sun.reflect.NativeMethodAccessorImpl.invoke0(Native Method)
	at sun.reflect.NativeMethodAccessorImpl.invoke(NativeMethodAccessorImpl.java:62)
	at sun.reflect.DelegatingMethodAccessorImpl.invoke(DelegatingMethodAccessorImpl.java:43)
	at java.lang.reflect.Method.invoke(Method.java:483)
	at org.junit.runners.model.FrameworkMethod$1.runReflectiveCall(FrameworkMethod.java:50)
	at org.junit.internal.runners.model.ReflectiveCallable.run(ReflectiveCallable.java:12)
	at org.junit.runners.model.FrameworkMethod.invokeExplosively(FrameworkMethod.java:47)
	at org.junit.internal.runners.statements.InvokeMethod.evaluate(InvokeMethod.java:17)
	at org.junit.internal.runners.statements.RunBefores.evaluate(RunBefores.java:26)
	at okhttp3.mockwebserver.MockWebServer$2.evaluate(MockWebServer.java:154)
	at org.junit.rules.RunRules.evaluate(RunRules.java:20)
	at org.junit.runners.ParentRunner.runLeaf(ParentRunner.java:325)
	at org.junit.runners.BlockJUnit4ClassRunner.runChild(BlockJUnit4ClassRunner.java:78)
	at org.junit.runners.BlockJUnit4ClassRunner.runChild(BlockJUnit4ClassRunner.java:57)
	at org.junit.runners.ParentRunner$3.run(ParentRunner.java:290)
	at org.junit.runners.ParentRunner$1.schedule(ParentRunner.java:71)
	at org.junit.runners.ParentRunner.runChildren(ParentRunner.java:288)
	at org.junit.runners.ParentRunner.access$000(ParentRunner.java:58)
	at org.junit.runners.ParentRunner$2.evaluate(ParentRunner.java:268)
	at org.junit.runners.ParentRunner.run(ParentRunner.java:363)
	at org.apache.maven.surefire.junit4.JUnit4Provider.execute(JUnit4Provider.java:252)
	at org.apache.maven.surefire.junit4.JUnit4Provider.executeTestSet(JUnit4Provider.java:141)
	at org.apache.maven.surefire.junit4.JUnit4Provider.invoke(JUnit4Provider.java:112)
	at sun.reflect.NativeMethodAccessorImpl.invoke0(Native Method)
	at sun.reflect.NativeMethodAccessorImpl.invoke(NativeMethodAccessorImpl.java:62)
	at sun.reflect.DelegatingMethodAccessorImpl.invoke(DelegatingMethodAccessorImpl.java:43)
	at java.lang.reflect.Method.invoke(Method.java:483)
	at org.apache.maven.surefire.util.ReflectionUtils.invokeMethodWithArray(ReflectionUtils.java:189)
	at org.apache.maven.surefire.booter.ProviderFactory$ProviderProxy.invoke(ProviderFactory.java:165)
	at org.apache.maven.surefire.booter.ProviderFactory.invokeProvider(ProviderFactory.java:85)
	at org.apache.maven.surefire.booter.ForkedBooter.runSuitesInProcess(ForkedBooter.java:115)
	at org.apache.maven.surefire.booter.ForkedBooter.main(ForkedBooter.java:75)


Results :

Failed tests:   deserializeWrongClass(retrofit2.ProtoConverterFactoryTest): (..)
  deserializeWrongType(retrofit2.ProtoConverterFactoryTest): (..)

Tests run: 5, Failures: 2, Errors: 0, Skipped: 0

[INFO] ------------------------------------------------------------------------
[INFO] Reactor Summary:
[INFO] 
[INFO] Retrofit (Parent) .................................. SUCCESS [  1.697 s]
[INFO] Retrofit ........................................... SUCCESS [ 19.200 s]
[INFO] Adapters ........................................... SUCCESS [  0.450 s]
[INFO] Adapter: RxJava .................................... SUCCESS [  2.158 s]
[INFO] Converters ......................................... SUCCESS [  0.149 s]
[INFO] Converter: Gson .................................... SUCCESS [  1.223 s]
[INFO] Converter: Protocol Buffers ........................ FAILURE [  0.976 s]
[INFO] Converter: Jackson ................................. SKIPPED
[INFO] Converter: Wire Protocol Buffers ................... SKIPPED
[INFO] Converter: SimpleXML ............................... SKIPPED
[INFO] Converter: Java Scalars ............................ SKIPPED
[INFO] Converter: Moshi ................................... SKIPPED
[INFO] Retrofit Mock Adapter .............................. SKIPPED
[INFO] Samples ............................................ SKIPPED
[INFO] ------------------------------------------------------------------------
[INFO] BUILD FAILURE
[INFO] ------------------------------------------------------------------------
[INFO] Total time: 26.250 s
[INFO] Finished at: 2016-01-24T06:15:00+00:00
[INFO] Final Memory: 27M/330M
[INFO] ------------------------------------------------------------------------
[ERROR] Failed to execute goal org.apache.maven.plugins:maven-surefire-plugin:2.12.4:test (default-test) on project converter-protobuf: There are test failures.
[ERROR] 
[ERROR] Please refer to /home/travis/build/square/retrofit/retrofit-converters/protobuf/target/surefire-reports for the individual test results.
[ERROR] -> [Help 1]
[ERROR] 
[ERROR] To see the full stack trace of the errors, re-run Maven with the -e switch.
[ERROR] Re-run Maven using the -X switch to enable full debug logging.
[ERROR] 
[ERROR] For more information about the errors and possible solutions, please read the following articles:
[ERROR] [Help 1] http://cwiki.apache.org/confluence/display/MAVEN/MojoFailureException
[ERROR] 
[ERROR] After correcting the problems, you can resume the build with the command
[ERROR]   mvn <goals> -rf :converter-protobuf

travis_time:end:14cb4314:start=1453616072836745775,finish=1453616101138149851,duration=28301404076[0K
[31;1mThe command "mvn test -B" exited with 1.[0m
travis_fold:start:cache.2[0Kstore build cache
travis_time:start:08c634a7[0K
travis_time:end:08c634a7:start=1453616101142254316,finish=1453616101145432955,duration=3178639[0Ktravis_time:start:06bf0640[0K[32;1mchange detected:
/home/travis/.m2/repository/com/squareup/retrofit2/adapter-rxjava/2.0.0-SNAPSHOT/adapter-rxjava-2.0.0-SNAPSHOT.jar
/home/travis/.m2/repository/com/squareup/retrofit2/adapter-rxjava/2.0.0-SNAPSHOT/maven-metadata-local.xml
/home/travis/.m2/repository/com/squareup/retrofit2/adapter-rxjava/2.0.0-SNAPSHOT/_remote.repositories
/home/travis/.m2/repository/com/squareup/retrofit2/adapter-rxjava/maven-metadata-local.xml
/home/travis/.m2/repository/com/squareup/retrofit2/converter-gson/2.0.0-SNAPSHOT/converter-gson-2.0.0-SNAPSHOT.jar
/home/travis/.m2/repository/com/squareup/retrofit2/converter-gson/2.0.0-SNAPSHOT/maven-metadata-local.xml
/home/travis/.m2/repository/com/squareup/retrofit2/converter-gson/2.0.0-SNAPSHOT/_remote.repositories
/home/travis/.m2/repository/com/squareup/retrofit2/converter-gson/maven-metadata-local.xml
/home/travis/.m2/repository/com/squareup/retrofit2/converter-jackson/2.0.0-SNAPSHOT/converter-jackson-2.0.0-SNAPSHOT.jar
/home/travis/.m2/repository/com/squareup/retrofit2/c
[0m
[32;1m...
[0m
[32;1mchanges detected, packing new archive[0m
[32;1muploading archive[0m

travis_time:end:06bf0640:start=1453616101149164474,finish=1453616112316356010,duration=11167191536[0Ktravis_fold:end:cache.2[0K
Done. Your build exited with 1.
