travis_fold:start:worker_info[0K[33;1mWorker information[0m
hostname: b7f6ac33-4c4a-4e5e-97c5-635ddb9b796c@1.i-0b93f6b-production-2-worker-org-ec2.travisci.net
version: v3.1.0 https://github.com/travis-ci/worker/tree/5b106cb773802277034d07b0a865af58d67bb1d2
instance: bcc154a:travisci/ci-garnet:packer-1503972846 (via amqp)
startup: 526.211941ms
travis_fold:end:worker_info[0Ktravis_fold:start:system_info[0K[33;1mBuild system information[0m
Build language: java
Build group: stable
Build dist: trusty
Build id: 288650097
Job id: 288650098
Runtime kernel version: 4.11.6-041106-generic
travis-build version: b304606a3
[34m[1mBuild image provisioning date and time[0m
Tue Aug 29 02:50:02 UTC 2017
[34m[1mOperating System Details[0m
Distributor ID:	Ubuntu
Description:	Ubuntu 14.04.5 LTS
Release:	14.04
Codename:	trusty
[34m[1mCookbooks Version[0m
4642454 https://github.com/travis-ci/travis-cookbooks/tree/4642454
[34m[1mgit version[0m
git version 2.14.1
[34m[1mbash version[0m
GNU bash, version 4.3.11(1)-release (x86_64-pc-linux-gnu)
[34m[1mgcc version[0m
gcc (Ubuntu 4.8.4-2ubuntu1~14.04.3) 4.8.4
Copyright (C) 2013 Free Software Foundation, Inc.
This is free software; see the source for copying conditions.  There is NO
warranty; not even for MERCHANTABILITY or FITNESS FOR A PARTICULAR PURPOSE.

[34m[1mdocker version[0m
Client:
 Version:      17.03.1-ce
 API version:  1.27
 Go version:   go1.7.5
 Git commit:   c6d412e
 Built:        Mon Mar 27 16:58:30 2017
 OS/Arch:      linux/amd64
[34m[1mclang version[0m
clang version 3.9.0 (tags/RELEASE_390/final)
Target: x86_64-unknown-linux-gnu
Thread model: posix
InstalledDir: /usr/local/clang-3.9.0/bin
[34m[1mjq version[0m
jq-1.5
[34m[1mbats version[0m
Bats 0.4.0
[34m[1mshellcheck version[0m
0.4.6
[34m[1mshfmt version[0m
v1.3.1
[34m[1mccache version[0m
ccache version 3.1.9

Copyright (C) 2002-2007 Andrew Tridgell
Copyright (C) 2009-2011 Joel Rosdahl

This program is free software; you can redistribute it and/or modify it under
the terms of the GNU General Public License as published by the Free Software
Foundation; either version 3 of the License, or (at your option) any later
version.
[34m[1mcmake version[0m
cmake version 3.2.2

CMake suite maintained and supported by Kitware (kitware.com/cmake).
[34m[1mheroku version[0m
heroku-cli/6.13.19-6cd27b3 (linux-x64) node-v8.3.0
[34m[1mimagemagick version[0m
Version: ImageMagick 6.7.7-10 2017-07-31 Q16 http://www.imagemagick.org
[34m[1mmd5deep version[0m
4.2
[34m[1mmercurial version[0m
Mercurial Distributed SCM (version 4.2.2)
(see https://mercurial-scm.org for more information)

Copyright (C) 2005-2017 Matt Mackall and others
This is free software; see the source for copying conditions. There is NO
warranty; not even for MERCHANTABILITY or FITNESS FOR A PARTICULAR PURPOSE.
[34m[1mmysql version[0m
mysql  Ver 14.14 Distrib 5.6.33, for debian-linux-gnu (x86_64) using  EditLine wrapper
[34m[1mopenssl version[0m
OpenSSL 1.0.1f 6 Jan 2014
[34m[1mpacker version[0m
Packer v1.0.2

Your version of Packer is out of date! The latest version
is 1.0.4. You can update by downloading from www.packer.io
[34m[1mpostgresql client version[0m
psql (PostgreSQL) 9.6.4
[34m[1mragel version[0m
Ragel State Machine Compiler version 6.8 Feb 2013
Copyright (c) 2001-2009 by Adrian Thurston
[34m[1msubversion version[0m
svn, version 1.8.8 (r1568071)
   compiled Aug 10 2017, 17:20:39 on x86_64-pc-linux-gnu

Copyright (C) 2013 The Apache Software Foundation.
This software consists of contributions made by many people;
see the NOTICE file for more information.
Subversion is open source software, see http://subversion.apache.org/

The following repository access (RA) modules are available:

* ra_svn : Module for accessing a repository using the svn network protocol.
  - with Cyrus SASL authentication
  - handles 'svn' scheme
* ra_local : Module for accessing a repository on local disk.
  - handles 'file' scheme
* ra_serf : Module for accessing a repository via WebDAV protocol using serf.
  - using serf 1.3.3
  - handles 'http' scheme
  - handles 'https' scheme

[34m[1msudo version[0m
Sudo version 1.8.9p5
Configure options: --prefix=/usr -v --with-all-insults --with-pam --with-fqdn --with-logging=syslog --with-logfac=authpriv --with-env-editor --with-editor=/usr/bin/editor --with-timeout=15 --with-password-timeout=0 --with-passprompt=[sudo] password for %p:  --without-lecture --with-tty-tickets --disable-root-mailer --enable-admin-flag --with-sendmail=/usr/sbin/sendmail --with-timedir=/var/lib/sudo --mandir=/usr/share/man --libexecdir=/usr/lib/sudo --with-sssd --with-sssd-lib=/usr/lib/x86_64-linux-gnu --with-selinux
Sudoers policy plugin version 1.8.9p5
Sudoers file grammar version 43

Sudoers path: /etc/sudoers
Authentication methods: 'pam'
Syslog facility if syslog is being used for logging: authpriv
Syslog priority to use when user authenticates successfully: notice
Syslog priority to use when user authenticates unsuccessfully: alert
Send mail if the user is not in sudoers
Use a separate timestamp for each user/tty combo
Lecture user the first time they run sudo
Root may run sudo
Allow some information gathering to give useful error messages
Require fully-qualified hostnames in the sudoers file
Visudo will honor the EDITOR environment variable
Set the LOGNAME and USER environment variables
Length at which to wrap log file lines (0 for no wrap): 80
Authentication timestamp timeout: 15.0 minutes
Password prompt timeout: 0.0 minutes
Number of tries to enter a password: 3
Umask to use or 0777 to use user's: 022
Path to mail program: /usr/sbin/sendmail
Flags for mail program: -t
Address to send mail to: root
Subject line for mail messages: *** SECURITY information for %h ***
Incorrect password message: Sorry, try again.
Path to authentication timestamp dir: /var/lib/sudo
Default password prompt: [sudo] password for %p: 
Default user to run commands as: root
Value to override user's $PATH with: /usr/local/sbin:/usr/local/bin:/usr/sbin:/usr/bin:/sbin:/bin:/snap/bin
Path to the editor for use by visudo: /usr/bin/editor
When to require a password for 'list' pseudocommand: any
When to require a password for 'verify' pseudocommand: all
File descriptors >= 3 will be closed before executing a command
Environment variables to check for sanity:
	TZ
	TERM
	LINGUAS
	LC_*
	LANGUAGE
	LANG
	COLORTERM
Environment variables to remove:
	RUBYOPT
	RUBYLIB
	PYTHONUSERBASE
	PYTHONINSPECT
	PYTHONPATH
	PYTHONHOME
	TMPPREFIX
	ZDOTDIR
	READNULLCMD
	NULLCMD
	FPATH
	PERL5DB
	PERL5OPT
	PERL5LIB
	PERLLIB
	PERLIO_DEBUG 
	JAVA_TOOL_OPTIONS
	SHELLOPTS
	GLOBIGNORE
	PS4
	BASH_ENV
	ENV
	TERMCAP
	TERMPATH
	TERMINFO_DIRS
	TERMINFO
	_RLD*
	LD_*
	PATH_LOCALE
	NLSPATH
	HOSTALIASES
	RES_OPTIONS
	LOCALDOMAIN
	CDPATH
	IFS
Environment variables to preserve:
	JAVA_HOME
	TRAVIS
	CI
	DEBIAN_FRONTEND
	XAUTHORIZATION
	XAUTHORITY
	PS2
	PS1
	PATH
	LS_COLORS
	KRB5CCNAME
	HOSTNAME
	HOME
	DISPLAY
	COLORS
Locale to use while parsing sudoers: C
Directory in which to store input/output logs: /var/log/sudo-io
File in which to store the input/output log: %{seq}
Add an entry to the utmp/utmpx file when allocating a pty
PAM service name to use
PAM service name to use for login shells
Create a new PAM session for the command to run in
Maximum I/O log sequence number: 0

Local IP address and netmask pairs:
	172.17.0.2/255.255.0.0

Sudoers I/O plugin version 1.8.9p5
[34m[1mgzip version[0m
gzip 1.6
Copyright (C) 2007, 2010, 2011 Free Software Foundation, Inc.
Copyright (C) 1993 Jean-loup Gailly.
This is free software.  You may redistribute copies of it under the terms of
the GNU General Public License <http://www.gnu.org/licenses/gpl.html>.
There is NO WARRANTY, to the extent permitted by law.

Written by Jean-loup Gailly.
[34m[1mzip version[0m
Copyright (c) 1990-2008 Info-ZIP - Type 'zip "-L"' for software license.
This is Zip 3.0 (July 5th 2008), by Info-ZIP.
Currently maintained by E. Gordon.  Please send bug reports to
the authors using the web page at www.info-zip.org; see README for details.

Latest sources and executables are at ftp://ftp.info-zip.org/pub/infozip,
as of above date; see http://www.info-zip.org/ for other sites.

Compiled with gcc 4.8.2 for Unix (Linux ELF) on Oct 21 2013.

Zip special compilation options:
	USE_EF_UT_TIME       (store Universal Time)
	BZIP2_SUPPORT        (bzip2 library version 1.0.6, 6-Sept-2010)
	    bzip2 code and library copyright (c) Julian R Seward
	    (See the bzip2 license for terms of use)
	SYMLINK_SUPPORT      (symbolic links supported)
	LARGE_FILE_SUPPORT   (can read and write large files on file system)
	ZIP64_SUPPORT        (use Zip64 to store large files in archives)
	UNICODE_SUPPORT      (store and read UTF-8 Unicode paths)
	STORE_UNIX_UIDs_GIDs (store UID/GID sizes/values using new extra field)
	UIDGID_NOT_16BIT     (old Unix 16-bit UID/GID extra field not used)
	[encryption, version 2.91 of 05 Jan 2007] (modified for Zip 3)

Encryption notice:
	The encryption code of this program is not copyrighted and is
	put in the public domain.  It was originally written in Europe
	and, to the best of our knowledge, can be freely distributed
	in both source and object forms from any country, including
	the USA under License Exception TSU of the U.S. Export
	Administration Regulations (section 740.13(e)) of 6 June 2002.

Zip environment options:
             ZIP:  [none]
          ZIPOPT:  [none]
[34m[1mvim version[0m
VIM - Vi IMproved 7.4 (2013 Aug 10, compiled Nov 24 2016 16:43:18)
Included patches: 1-52
Extra patches: 8.0.0056
Modified by pkg-vim-maintainers@lists.alioth.debian.org
Compiled by buildd@
Huge version without GUI.  Features included (+) or not (-):
+acl             +farsi           +mouse_netterm   +syntax
+arabic          +file_in_path    +mouse_sgr       +tag_binary
+autocmd         +find_in_path    -mouse_sysmouse  +tag_old_static
-balloon_eval    +float           +mouse_urxvt     -tag_any_white
-browse          +folding         +mouse_xterm     -tcl
++builtin_terms  -footer          +multi_byte      +terminfo
+byte_offset     +fork()          +multi_lang      +termresponse
+cindent         +gettext         -mzscheme        +textobjects
-clientserver    -hangul_input    +netbeans_intg   +title
-clipboard       +iconv           +path_extra      -toolbar
+cmdline_compl   +insert_expand   -perl            +user_commands
+cmdline_hist    +jumplist        +persistent_undo +vertsplit
+cmdline_info    +keymap          +postscript      +virtualedit
+comments        +langmap         +printer         +visual
+conceal         +libcall         +profile         +visualextra
+cryptv          +linebreak       +python          +viminfo
+cscope          +lispindent      -python3         +vreplace
+cursorbind      +listcmds        +quickfix        +wildignore
+cursorshape     +localmap        +reltime         +wildmenu
+dialog_con      -lua             +rightleft       +windows
+diff            +menu            -ruby            +writebackup
+digraphs        +mksession       +scrollbind      -X11
-dnd             +modify_fname    +signs           -xfontset
-ebcdic          +mouse           +smartindent     -xim
+emacs_tags      -mouseshape      -sniff           -xsmp
+eval            +mouse_dec       +startuptime     -xterm_clipboard
+ex_extra        +mouse_gpm       +statusline      -xterm_save
+extra_search    -mouse_jsbterm   -sun_workshop    -xpm
   system vimrc file: "$VIM/vimrc"
     user vimrc file: "$HOME/.vimrc"
 2nd user vimrc file: "~/.vim/vimrc"
      user exrc file: "$HOME/.exrc"
  fall-back for $VIM: "/usr/share/vim"
Compilation: gcc -c -I. -Iproto -DHAVE_CONFIG_H     -g -O2 -fstack-protector --param=ssp-buffer-size=4 -Wformat -Werror=format-security -U_FORTIFY_SOURCE -D_FORTIFY_SOURCE=1      
Linking: gcc   -Wl,-Bsymbolic-functions -Wl,-z,relro -Wl,--as-needed -o vim        -lm -ltinfo -lnsl  -lselinux  -lacl -lattr -lgpm -ldl    -L/usr/lib/python2.7/config-x86_64-linux-gnu -lpython2.7 -lpthread -ldl -lutil -lm -Xlinker -export-dynamic -Wl,-O1 -Wl,-Bsymbolic-functions      
[34m[1miptables version[0m
iptables v1.4.21
[34m[1mcurl version[0m
curl 7.35.0 (x86_64-pc-linux-gnu) libcurl/7.35.0 OpenSSL/1.0.1f zlib/1.2.8 libidn/1.28 librtmp/2.3
[34m[1mwget version[0m
GNU Wget 1.15 built on linux-gnu.
[34m[1mrsync version[0m
rsync  version 3.1.0  protocol version 31
[34m[1mgimme version[0m
v1.2.0
[34m[1mnvm version[0m
0.33.2
[34m[1mperlbrew version[0m
/home/travis/perl5/perlbrew/bin/perlbrew  - App::perlbrew/0.80
[34m[1mphpenv version[0m
rbenv 1.1.1-4-g4ebd1bd
[34m[1mrvm version[0m
rvm 1.29.2 (latest) by Michal Papis, Piotr Kuczynski, Wayne E. Seguin [https://rvm.io/]
[34m[1mdefault ruby version[0m
ruby 2.4.1p111 (2017-03-22 revision 58053) [x86_64-linux]
[34m[1mCouchDB version[0m
couchdb 1.6.1
[34m[1mElasticSearch version[0m
5.5.0
[34m[1mInstalled Firefox version[0m
firefox 55.0.2
[34m[1mMongoDB version[0m
MongoDB 3.2.16
[34m[1mPre-installed PostgreSQL versions[0m
9.2.22
9.3.18
9.4.13
9.5.8
9.6.4
[34m[1mRabbitMQ Version[0m
3.6.11
[34m[1mRedis version[0m
redis-server 4.0.1
[34m[1mriak version[0m
2.2.3
[34m[1mPre-installed Go versions[0m
1.7.4
[34m[1mant version[0m
Apache Ant(TM) version 1.9.3 compiled on April 8 2014
[34m[1mmvn version[0m
Apache Maven 3.5.0 (ff8f5e7444045639af65f6095c62210b5713f426; 2017-04-03T19:39:06Z)
Maven home: /usr/local/maven-3.5.0
Java version: 1.8.0_144, vendor: Oracle Corporation
Java home: /usr/lib/jvm/java-8-oracle/jre
Default locale: en_US, platform encoding: UTF-8
OS name: "linux", version: "4.4.0-92-generic", arch: "amd64", family: "unix"
[34m[1mgradle version[0m

------------------------------------------------------------
Gradle 4.0.1
------------------------------------------------------------

Build time:   2017-07-07 14:02:41 UTC
Revision:     38e5dc0f772daecca1d2681885d3d85414eb6826

Groovy:       2.4.11
Ant:          Apache Ant(TM) version 1.9.6 compiled on June 29 2015
JVM:          1.8.0_144 (Oracle Corporation 25.144-b01)
OS:           Linux 4.4.0-92-generic amd64

[34m[1mlein version[0m
WARNING: You're currently running as root; probably by accident.
Press control-C to abort or Enter to continue as root.
Set LEIN_ROOT to disable this warning.
Leiningen 2.7.1 on Java 1.8.0_144 Java HotSpot(TM) 64-Bit Server VM
[34m[1mPre-installed Node.js versions[0m
v4.8.4
v6.11.2
v6.9.4
v7.4.0
v8.4
[34m[1mphpenv versions[0m
  system
  5.6
* 5.6.31 (set by /home/travis/.phpenv/version)
  7.0
  7.0.22
  hhvm
  hhvm-stable
[34m[1mcomposer --version[0m
Composer version 1.4.2 2017-05-17 08:17:52
[34m[1mPre-installed Ruby versions[0m
ruby-2.2.7
ruby-2.3.4
ruby-2.4.1
travis_fold:end:system_info[0K
W: GPG error: http://repo.mongodb.org/apt/ubuntu trusty/mongodb-org/3.2 Release: The following signatures were invalid: KEYEXPIRED 1507497109
W: The repository 'http://repo.mongodb.org/apt/ubuntu trusty/mongodb-org/3.2 Release' is not signed.
W: http://dl.hhvm.com/ubuntu/dists/trusty/InRelease: Signature by key 36AEF64D0207E7EEE352D4875A16E7281BE7A449 uses weak digest algorithm (SHA1)
W: http://ppa.launchpad.net/couchdb/stable/ubuntu/dists/trusty/Release.gpg: Signature by key 15866BAFD9BCC4F3C1E0DFC7D69548E1C17EAB57 uses weak digest algorithm (SHA1)
Executing: /tmp/tmp.JApMymGEdh/gpg.1.sh --keyserver
hkp://keyserver.ubuntu.com:80
--recv
EA312927
gpg: requesting key EA312927 from hkp server keyserver.ubuntu.com
gpg: key EA312927: "MongoDB 3.2 Release Signing Key <packaging@mongodb.com>" 1 new signature
gpg: Total number processed: 1
gpg:         new signatures: 1
$ jdk_switcher use oraclejdk8
Switching to Oracle JDK8 (java-8-oracle), JAVA_HOME will be set to /usr/lib/jvm/java-8-oracle
travis_fold:start:git.checkout[0Ktravis_time:start:0da7114e[0K$ git clone --depth=50 --branch=SONARPHP-723 https://github.com/SonarSource/sonar-php.git SonarSource/sonar-php
Cloning into 'SonarSource/sonar-php'...

travis_time:end:0da7114e:start=1508171697514847434,finish=1508171698274090353,duration=759242919[0K$ cd SonarSource/sonar-php
$ git checkout -qf 6dbe6f39abd528c2dd1de713f236f9f199cb21bc
travis_fold:end:git.checkout[0Ktravis_fold:start:git.submodule[0Ktravis_time:start:054ace32[0K$ git submodule update --init --recursive
Submodule 'its/sources' (https://github.com/SonarCommunity/php-test-sources.git) registered for path 'its/sources'
Cloning into '/home/travis/build/SonarSource/sonar-php/its/sources'...
Submodule path 'its/sources': checked out '6cda465572511fd99e4da2969fb4ed64f02c9587'

travis_time:end:054ace32:start=1508171698383425062,finish=1508171699384485143,duration=1001060081[0Ktravis_fold:end:git.submodule[0K
[33;1mSetting environment variables from repository settings[0m
$ export ARTIFACTORY_URL=[secure]
$ export ARTIFACTORY_DEPLOY_REPO=[secure]
$ export ARTIFACTORY_DEPLOY_USERNAME=[secure]
$ export ARTIFACTORY_DEPLOY_PASSWORD=[secure]
$ export SONAR_TOKEN=[secure]
$ export DEPLOY_PULL_REQUEST=true
$ export SONAR_HOST_URL=[secure]
$ export GITHUB_TOKEN=[secure]

[33;1mSetting environment variables from .travis.yml[0m
$ export TEST=ci

[33;1mDisabling Gradle daemon[0m
travis_time:start:003fc53d[0K$ mkdir -p ~/.gradle && echo "org.gradle.daemon=false" >> ~/.gradle/gradle.properties

travis_time:end:003fc53d:start=1508171705499791807,finish=1508171705507150549,duration=7358742[0K$ export PATH=$JAVA_HOME/bin:$PATH
travis_fold:start:cache.1[0KSetting up build cache
$ export CASHER_DIR=$HOME/.casher
travis_time:start:10e9ed1e[0K$ Installing caching utilities

travis_time:end:10e9ed1e:start=1508171710762289518,finish=1508171710816851107,duration=54561589[0Ktravis_time:start:03ca8851[0K
travis_time:end:03ca8851:start=1508171710825444910,finish=1508171710831751070,duration=6306160[0Ktravis_time:start:11634dd4[0K[32;1mattempting to download cache archive[0m
[32;1mfetching SONARPHP-723/cache-linux-trusty-aaf0f2a7697dc26eaa8f7fe2f6db204894f90918909ca69314e3747c529d7f1c--jdk-oraclejdk8.tgz[0m
[32;1mfetching SONARPHP-723/cache--jdk-oraclejdk8.tgz[0m
[32;1mfetching master/cache-linux-trusty-aaf0f2a7697dc26eaa8f7fe2f6db204894f90918909ca69314e3747c529d7f1c--jdk-oraclejdk8.tgz[0m
[32;1mfound cache[0m

travis_time:end:11634dd4:start=1508171710839033786,finish=1508171718797081211,duration=7958047425[0Ktravis_time:start:0f6eb0f4[0K
travis_time:end:0f6eb0f4:start=1508171718806191635,finish=1508171718812515859,duration=6324224[0Ktravis_time:start:2babc434[0K[32;1madding /home/travis/.m2/repository to cache[0m
[32;1mcreating directory /home/travis/.m2/repository[0m

travis_time:end:2babc434:start=1508171718820060952,finish=1508171722780187928,duration=3960126976[0Ktravis_fold:end:cache.1[0K$ java -Xmx32m -version
Picked up _JAVA_OPTIONS: -Xmx2048m -Xms512m
java version "1.8.0_144"
Java(TM) SE Runtime Environment (build 1.8.0_144-b01)
Java HotSpot(TM) 64-Bit Server VM (build 25.144-b01, mixed mode)
$ javac -J-Xmx32m -version
Picked up _JAVA_OPTIONS: -Xmx2048m -Xms512m
javac 1.8.0_144
travis_fold:start:install[0Ktravis_time:start:2328f384[0K$ true

travis_time:end:2328f384:start=1508171723351503244,finish=1508171723357380413,duration=5877169[0Ktravis_fold:end:install[0Ktravis_time:start:04386528[0K$ ./travis.sh
Copy public Maven settings
Setting .npmrc
======= Build, no analysis, no deploy
Picked up _JAVA_OPTIONS: -Xmx2048m -Xms512m
Apache Maven 3.5.0 (ff8f5e7444045639af65f6095c62210b5713f426; 2017-04-03T19:39:06Z)
Maven home: /usr/local/maven-3.5.0
Java version: 1.8.0_144, vendor: Oracle Corporation
Java home: /usr/lib/jvm/java-8-oracle/jre
Default locale: en_US, platform encoding: UTF-8
OS name: "linux", version: "4.11.6-041106-generic", arch: "amd64", family: "unix"
[INFO] Error stacktraces are turned on.
[INFO] Scanning for projects...
[WARNING] 
[WARNING] Some problems were encountered while building the effective model for org.sonarsource.php:php-checks:jar:2.11-SNAPSHOT
[WARNING] 'dependencies.dependency.(groupId:artifactId:type:classifier)' must be unique: ${project.groupId}:php-frontend:jar -> version (?) vs ${project.version} @ org.sonarsource.php:php-checks:[unknown-version], /home/travis/build/SonarSource/sonar-php/php-checks/pom.xml, line 20, column 17
[WARNING] 
[WARNING] It is highly recommended to fix these problems because they threaten the stability of your build.
[WARNING] 
[WARNING] For this reason, future Maven versions might no longer support building such malformed projects.
[WARNING] 
[INFO] ------------------------------------------------------------------------
[INFO] Reactor Build Order:
[INFO] 
[INFO] SonarPHP
[INFO] SonarPHP :: Frontend
[INFO] SonarPHP :: Checks
[INFO] SonarPHP :: Sonar Plugin
[INFO] 
[INFO] ------------------------------------------------------------------------
[INFO] Building SonarPHP 2.11-SNAPSHOT
[INFO] ------------------------------------------------------------------------
[INFO] 
[INFO] --- buildnumber-maven-plugin:1.4:create (default) @ php ---
[INFO] Executing: /bin/sh -c cd '/home/travis/build/SonarSource/sonar-php' && 'git' 'rev-parse' '--verify' 'HEAD'
[INFO] Working directory: /home/travis/build/SonarSource/sonar-php
[INFO] Storing buildNumber: 6dbe6f39abd528c2dd1de713f236f9f199cb21bc at timestamp: 1508171729200
[WARNING] Cannot get the branch information from the git repository: 
Detecting the current branch failed: fatal: ref HEAD is not a symbolic ref

[INFO] Executing: /bin/sh -c cd '/home/travis/build/SonarSource/sonar-php' && 'git' 'rev-parse' '--verify' 'HEAD'
[INFO] Working directory: /home/travis/build/SonarSource/sonar-php
[INFO] Storing buildScmBranch: UNKNOWN
[INFO] 
[INFO] --- maven-enforcer-plugin:1.4.1:enforce (enforce) @ php ---
[INFO] 
[INFO] --- license-maven-plugin:2.11:check (enforce-license-headers) @ php ---
[INFO] Checking licenses...
[INFO] 
[INFO] --- beanshell-maven-plugin:1.2:run (compute-artifact-display-version) @ php ---
[INFO] Executing Script
[INFO] file class java.lang.Object
[INFO] script class java.lang.String
[INFO] evaluating script if (! "2.11-SNAPSHOT".endsWith("-SNAPSHOT")) {
                  // example: "6.3.0.1234".
                  fields = "2.11-SNAPSHOT".split("\\.");
                  if (fields.length == 4) {
                    digitsCountToDisplay = 0;
                    if ("0".equals(fields[2])) {
                      digitsCountToDisplay = 2;
                    } else {
                      digitsCountToDisplay = 3;
                    }
                    sj = new StringJoiner(".");
                    for (int i = 0; i < digitsCountToDisplay; ++i) {
                      sj.add(fields[i]);
                    }
                    project.getProperties().setProperty("sonar.pluginDisplayVersion", sj.toString() + " (build " + fields[3] + ")");
                  }
                }
[INFO] 
[INFO] --- maven-source-plugin:2.4:jar-no-fork (attach-sources) @ php ---
[INFO] 
[INFO] ------------------------------------------------------------------------
[INFO] Building SonarPHP :: Frontend 2.11-SNAPSHOT
[INFO] ------------------------------------------------------------------------
[INFO] 
[INFO] --- buildnumber-maven-plugin:1.4:create (default) @ php-frontend ---
[INFO] 
[INFO] --- maven-enforcer-plugin:1.4.1:enforce (enforce) @ php-frontend ---
[INFO] 
[INFO] --- license-maven-plugin:2.11:check (enforce-license-headers) @ php-frontend ---
[INFO] Checking licenses...
[INFO] 
[INFO] --- beanshell-maven-plugin:1.2:run (compute-artifact-display-version) @ php-frontend ---
[INFO] Executing Script
[INFO] file class java.lang.Object
[INFO] script class java.lang.String
[INFO] evaluating script if (! "2.11-SNAPSHOT".endsWith("-SNAPSHOT")) {
                  // example: "6.3.0.1234".
                  fields = "2.11-SNAPSHOT".split("\\.");
                  if (fields.length == 4) {
                    digitsCountToDisplay = 0;
                    if ("0".equals(fields[2])) {
                      digitsCountToDisplay = 2;
                    } else {
                      digitsCountToDisplay = 3;
                    }
                    sj = new StringJoiner(".");
                    for (int i = 0; i < digitsCountToDisplay; ++i) {
                      sj.add(fields[i]);
                    }
                    project.getProperties().setProperty("sonar.pluginDisplayVersion", sj.toString() + " (build " + fields[3] + ")");
                  }
                }
[INFO] 
[INFO] --- maven-resources-plugin:2.7:resources (default-resources) @ php-frontend ---
[INFO] Using 'UTF-8' encoding to copy filtered resources.
[INFO] skip non existing resourceDirectory /home/travis/build/SonarSource/sonar-php/php-frontend/src/main/resources
[INFO] 
[INFO] --- maven-compiler-plugin:3.5.1:compile (default-compile) @ php-frontend ---
[INFO] Changes detected - recompiling the module!
[INFO] Compiling 259 source files to /home/travis/build/SonarSource/sonar-php/php-frontend/target/classes
[INFO] /home/travis/build/SonarSource/sonar-php/php-frontend/src/main/java/org/sonar/plugins/php/api/visitors/PHPCustomRulesDefinition.java: Some input files use or override a deprecated API.
[INFO] /home/travis/build/SonarSource/sonar-php/php-frontend/src/main/java/org/sonar/plugins/php/api/visitors/PHPCustomRulesDefinition.java: Recompile with -Xlint:deprecation for details.
[INFO] /home/travis/build/SonarSource/sonar-php/php-frontend/src/main/java/org/sonar/php/tree/impl/lexical/InternalSyntaxToken.java: Some input files use unchecked or unsafe operations.
[INFO] /home/travis/build/SonarSource/sonar-php/php-frontend/src/main/java/org/sonar/php/tree/impl/lexical/InternalSyntaxToken.java: Recompile with -Xlint:unchecked for details.
[INFO] 
[INFO] --- maven-resources-plugin:2.7:testResources (default-testResources) @ php-frontend ---
[INFO] Using 'UTF-8' encoding to copy filtered resources.
[INFO] Copying 17 resources
[INFO] 
[INFO] --- maven-compiler-plugin:3.5.1:testCompile (default-testCompile) @ php-frontend ---
[INFO] Changes detected - recompiling the module!
[INFO] Compiling 220 source files to /home/travis/build/SonarSource/sonar-php/php-frontend/target/test-classes
[INFO] /home/travis/build/SonarSource/sonar-php/php-frontend/src/test/java/org/sonar/php/compat/CompatibilityHelperTest.java: Some input files use or override a deprecated API.
[INFO] /home/travis/build/SonarSource/sonar-php/php-frontend/src/test/java/org/sonar/php/compat/CompatibilityHelperTest.java: Recompile with -Xlint:deprecation for details.
[INFO] /home/travis/build/SonarSource/sonar-php/php-frontend/src/test/java/org/sonar/php/PHPTreeModelTest.java: Some input files use unchecked or unsafe operations.
[INFO] /home/travis/build/SonarSource/sonar-php/php-frontend/src/test/java/org/sonar/php/PHPTreeModelTest.java: Recompile with -Xlint:unchecked for details.
[INFO] 
[INFO] --- maven-surefire-plugin:2.18:test (default-test) @ php-frontend ---
[INFO] Surefire report directory: /home/travis/build/SonarSource/sonar-php/php-frontend/target/surefire-reports

-------------------------------------------------------
 T E S T S
-------------------------------------------------------
Picked up _JAVA_OPTIONS: -Xmx2048m -Xms512m
Running org.sonar.php.tree.impl.expression.ComputedVariableTreeTest
Tests run: 1, Failures: 0, Errors: 0, Skipped: 0, Time elapsed: 0.775 sec - in org.sonar.php.tree.impl.expression.ComputedVariableTreeTest
Running org.sonar.php.tree.impl.expression.LiteralTreeTest
Tests run: 6, Failures: 0, Errors: 0, Skipped: 0, Time elapsed: 0.035 sec - in org.sonar.php.tree.impl.expression.LiteralTreeTest
Running org.sonar.php.tree.impl.expression.BinaryExpressionTreeTest
Tests run: 15, Failures: 0, Errors: 0, Skipped: 0, Time elapsed: 0.27 sec - in org.sonar.php.tree.impl.expression.BinaryExpressionTreeTest
Running org.sonar.php.parser.expression.MultiplicativeExpressionTest
Tests run: 1, Failures: 0, Errors: 0, Skipped: 0, Time elapsed: 0.03 sec - in org.sonar.php.parser.expression.MultiplicativeExpressionTest
Running org.sonar.php.tree.impl.expression.ParenthesizedExpressionTreeTest
Tests run: 2, Failures: 0, Errors: 0, Skipped: 0, Time elapsed: 0.016 sec - in org.sonar.php.tree.impl.expression.ParenthesizedExpressionTreeTest
Running org.sonar.php.tree.impl.declaration.ConstantDeclarationTreeTest
Tests run: 1, Failures: 0, Errors: 0, Skipped: 0, Time elapsed: 0.03 sec - in org.sonar.php.tree.impl.declaration.ConstantDeclarationTreeTest
Running org.sonar.php.tree.impl.statement.UnsetVariableStatementTreeTest
Tests run: 1, Failures: 0, Errors: 0, Skipped: 0, Time elapsed: 0.011 sec - in org.sonar.php.tree.impl.statement.UnsetVariableStatementTreeTest
Running org.sonar.php.parser.expression.ObjectMemberAccessTest
Tests run: 1, Failures: 0, Errors: 0, Skipped: 0, Time elapsed: 0.011 sec - in org.sonar.php.parser.expression.ObjectMemberAccessTest
Running org.sonar.php.parser.statement.BlockTest
Tests run: 1, Failures: 0, Errors: 0, Skipped: 0, Time elapsed: 0.036 sec - in org.sonar.php.parser.statement.BlockTest
Running org.sonar.php.parser.declaration.TypeTest
Tests run: 1, Failures: 0, Errors: 0, Skipped: 0, Time elapsed: 0.007 sec - in org.sonar.php.parser.declaration.TypeTest
Running org.sonar.php.parser.declaration.TraitMethodReferenceFullyQualifiedTest
Tests run: 1, Failures: 0, Errors: 0, Skipped: 0, Time elapsed: 0.02 sec - in org.sonar.php.parser.declaration.TraitMethodReferenceFullyQualifiedTest
Running org.sonar.php.tree.symbols.ScopeTest
Tests run: 9, Failures: 0, Errors: 0, Skipped: 0, Time elapsed: 0.291 sec - in org.sonar.php.tree.symbols.ScopeTest
Running org.sonar.php.metrics.CognitiveComplexityVisitorTest
Tests run: 14, Failures: 0, Errors: 0, Skipped: 0, Time elapsed: 0.792 sec - in org.sonar.php.metrics.CognitiveComplexityVisitorTest
Running org.sonar.php.tree.visitors.PHPVisitorCheckTest
Tests run: 2, Failures: 0, Errors: 0, Skipped: 0, Time elapsed: 0.183 sec - in org.sonar.php.tree.visitors.PHPVisitorCheckTest
Running org.sonar.php.metrics.MetricsVisitorTest
Tests run: 2, Failures: 0, Errors: 0, Skipped: 0, Time elapsed: 0.365 sec - in org.sonar.php.metrics.MetricsVisitorTest
Running org.sonar.php.parser.expression.EncapsVarTest
Tests run: 1, Failures: 0, Errors: 0, Skipped: 0, Time elapsed: 0.009 sec - in org.sonar.php.parser.expression.EncapsVarTest
Running org.sonar.php.parser.statement.SwitchStatementTest
Tests run: 1, Failures: 0, Errors: 0, Skipped: 0, Time elapsed: 0.008 sec - in org.sonar.php.parser.statement.SwitchStatementTest
Running org.sonar.php.tree.impl.statement.WhileStatementTreeTest
Tests run: 2, Failures: 0, Errors: 0, Skipped: 0, Time elapsed: 0.01 sec - in org.sonar.php.tree.impl.statement.WhileStatementTreeTest
Running org.sonar.plugins.php.api.visitors.FileIssueTest
Tests run: 2, Failures: 0, Errors: 0, Skipped: 0, Time elapsed: 0.005 sec - in org.sonar.plugins.php.api.visitors.FileIssueTest
Running org.sonar.php.tree.impl.expression.FunctionExpressionTreeTest
Tests run: 5, Failures: 0, Errors: 0, Skipped: 0, Time elapsed: 0.025 sec - in org.sonar.php.tree.impl.expression.FunctionExpressionTreeTest
Running org.sonar.php.parser.statement.NamespaceStatementTest
Tests run: 1, Failures: 0, Errors: 0, Skipped: 0, Time elapsed: 0.009 sec - in org.sonar.php.parser.statement.NamespaceStatementTest
Running org.sonar.php.parser.expression.ComplexEncapsVariableTest
Tests run: 3, Failures: 0, Errors: 0, Skipped: 0, Time elapsed: 0.02 sec - in org.sonar.php.parser.expression.ComplexEncapsVariableTest
Running org.sonar.php.ini.PhpIniParserTest
Tests run: 21, Failures: 0, Errors: 0, Skipped: 0, Time elapsed: 0.043 sec - in org.sonar.php.ini.PhpIniParserTest
Running org.sonar.php.tree.impl.declaration.TraitPrecedenceTreeTest
Tests run: 1, Failures: 0, Errors: 0, Skipped: 0, Time elapsed: 0.006 sec - in org.sonar.php.tree.impl.declaration.TraitPrecedenceTreeTest
Running org.sonar.php.parser.lexical.EncapsStringLiteralTest
Tests run: 1, Failures: 0, Errors: 0, Skipped: 0, Time elapsed: 0.013 sec - in org.sonar.php.parser.lexical.EncapsStringLiteralTest
Running org.sonar.php.parser.expression.ListExpressionTest
Tests run: 1, Failures: 0, Errors: 0, Skipped: 0, Time elapsed: 0.008 sec - in org.sonar.php.parser.expression.ListExpressionTest
Running org.sonar.php.metrics.ExecutableLineVisitorTest
Tests run: 1, Failures: 0, Errors: 0, Skipped: 0, Time elapsed: 0.033 sec - in org.sonar.php.metrics.ExecutableLineVisitorTest
Running org.sonar.php.parser.expression.BitwiseXorExpressionTest
Tests run: 1, Failures: 0, Errors: 0, Skipped: 0, Time elapsed: 0.006 sec - in org.sonar.php.parser.expression.BitwiseXorExpressionTest
Running org.sonar.php.tree.impl.expression.LexicalVariablesTreeTest
Tests run: 2, Failures: 0, Errors: 0, Skipped: 0, Time elapsed: 0.013 sec - in org.sonar.php.tree.impl.expression.LexicalVariablesTreeTest
Running org.sonar.php.PHPAnalyzerTest
Tests run: 3, Failures: 0, Errors: 0, Skipped: 0, Time elapsed: 0.031 sec - in org.sonar.php.PHPAnalyzerTest
Running org.sonar.php.tree.impl.declaration.TraitMethodReferenceTreeTest
Tests run: 2, Failures: 0, Errors: 0, Skipped: 0, Time elapsed: 0.008 sec - in org.sonar.php.tree.impl.declaration.TraitMethodReferenceTreeTest
Running org.sonar.php.tree.impl.declaration.ParameterListTreeTest
Tests run: 2, Failures: 0, Errors: 0, Skipped: 0, Time elapsed: 0.011 sec - in org.sonar.php.tree.impl.declaration.ParameterListTreeTest
Running org.sonar.php.parser.lexical.HeredocTest
Tests run: 1, Failures: 0, Errors: 0, Skipped: 0, Time elapsed: 0.004 sec - in org.sonar.php.parser.lexical.HeredocTest
Running org.sonar.php.highlighter.SymbolHighlighterTest
Tests run: 5, Failures: 0, Errors: 0, Skipped: 0, Time elapsed: 0.061 sec - in org.sonar.php.highlighter.SymbolHighlighterTest
Running org.sonar.php.parser.expression.CommonScalarTest
Tests run: 1, Failures: 0, Errors: 0, Skipped: 0, Time elapsed: 0.013 sec - in org.sonar.php.parser.expression.CommonScalarTest
Running org.sonar.php.parser.statement.ContinueStatementTest
Tests run: 1, Failures: 0, Errors: 0, Skipped: 0, Time elapsed: 0.009 sec - in org.sonar.php.parser.statement.ContinueStatementTest
Running org.sonar.php.tree.impl.declaration.UseStatementTreeTest
Tests run: 5, Failures: 0, Errors: 0, Skipped: 0, Time elapsed: 0.03 sec - in org.sonar.php.tree.impl.declaration.UseStatementTreeTest
Running org.sonar.php.metrics.LineVisitorTest
Tests run: 2, Failures: 0, Errors: 0, Skipped: 0, Time elapsed: 0.022 sec - in org.sonar.php.metrics.LineVisitorTest
Running org.sonar.php.parser.expression.ObjectDimListTest
Tests run: 1, Failures: 0, Errors: 0, Skipped: 0, Time elapsed: 0.02 sec - in org.sonar.php.parser.expression.ObjectDimListTest
Running org.sonar.php.parser.statement.ExpressionListTest
Tests run: 2, Failures: 0, Errors: 0, Skipped: 0, Time elapsed: 0.028 sec - in org.sonar.php.parser.statement.ExpressionListTest
Running org.sonar.php.tree.impl.statement.ExpressionStatementTreeTest
Tests run: 1, Failures: 0, Errors: 0, Skipped: 0, Time elapsed: 0.018 sec - in org.sonar.php.tree.impl.statement.ExpressionStatementTreeTest
Running org.sonar.php.tree.impl.statement.EmptyStatementTreeTest
Tests run: 1, Failures: 0, Errors: 0, Skipped: 0, Time elapsed: 0.007 sec - in org.sonar.php.tree.impl.statement.EmptyStatementTreeTest
Running org.sonar.php.parser.expression.ExitExprTest
Tests run: 1, Failures: 0, Errors: 0, Skipped: 0, Time elapsed: 0.006 sec - in org.sonar.php.parser.expression.ExitExprTest
Running org.sonar.php.tree.impl.statement.IfStatementTreeTest
Tests run: 4, Failures: 0, Errors: 0, Skipped: 0, Time elapsed: 0.021 sec - in org.sonar.php.tree.impl.statement.IfStatementTreeTest
Running org.sonar.plugins.php.api.visitors.IssueLocationTest
Tests run: 3, Failures: 0, Errors: 0, Skipped: 0, Time elapsed: 0.003 sec - in org.sonar.plugins.php.api.visitors.IssueLocationTest
Running org.sonar.php.tree.impl.statement.DeclareStatementTreeTest
Tests run: 3, Failures: 0, Errors: 0, Skipped: 0, Time elapsed: 0.017 sec - in org.sonar.php.tree.impl.statement.DeclareStatementTreeTest
Running org.sonar.php.parser.expression.PrimaryExpressionTest
Tests run: 1, Failures: 0, Errors: 0, Skipped: 0, Time elapsed: 0.006 sec - in org.sonar.php.parser.expression.PrimaryExpressionTest
Running org.sonar.php.parser.statement.DeclareStatementTest
Tests run: 1, Failures: 0, Errors: 0, Skipped: 0, Time elapsed: 0.007 sec - in org.sonar.php.parser.statement.DeclareStatementTest
Running org.sonar.php.parser.declaration.ClassMemberTest
Tests run: 1, Failures: 0, Errors: 0, Skipped: 0, Time elapsed: 0.006 sec - in org.sonar.php.parser.declaration.ClassMemberTest
Running org.sonar.php.tree.impl.statement.LabelTreeTest
Tests run: 1, Failures: 0, Errors: 0, Skipped: 0, Time elapsed: 0.007 sec - in org.sonar.php.tree.impl.statement.LabelTreeTest
Running org.sonar.php.parser.statement.StaticVariableTest
Tests run: 1, Failures: 0, Errors: 0, Skipped: 0, Time elapsed: 0.006 sec - in org.sonar.php.parser.statement.StaticVariableTest
Running org.sonar.php.metrics.CommentLineVisitorTest
Tests run: 1, Failures: 0, Errors: 0, Skipped: 0, Time elapsed: 0.01 sec - in org.sonar.php.metrics.CommentLineVisitorTest
Running org.sonar.php.tree.impl.expression.PrefixExpressionTreeTest
Tests run: 7, Failures: 0, Errors: 0, Skipped: 0, Time elapsed: 0.034 sec - in org.sonar.php.tree.impl.expression.PrefixExpressionTreeTest
Running org.sonar.php.parser.CompilationUnitTest
Tests run: 1, Failures: 0, Errors: 0, Skipped: 0, Time elapsed: 0.008 sec - in org.sonar.php.parser.CompilationUnitTest
Running org.sonar.php.parser.declaration.MemberModifierTest
Tests run: 1, Failures: 0, Errors: 0, Skipped: 0, Time elapsed: 0.006 sec - in org.sonar.php.parser.declaration.MemberModifierTest
Running org.sonar.php.tree.impl.statement.ContinueStatementTreeTest
Tests run: 2, Failures: 0, Errors: 0, Skipped: 0, Time elapsed: 0.011 sec - in org.sonar.php.tree.impl.statement.ContinueStatementTreeTest
Running org.sonar.php.tree.impl.declaration.TraitAliasTreeTest
Tests run: 3, Failures: 0, Errors: 0, Skipped: 0, Time elapsed: 0.01 sec - in org.sonar.php.tree.impl.declaration.TraitAliasTreeTest
Running org.sonar.php.tree.symbols.UsagesTest
Tests run: 1, Failures: 0, Errors: 0, Skipped: 0, Time elapsed: 0.027 sec - in org.sonar.php.tree.symbols.UsagesTest
Running org.sonar.php.tree.impl.expression.ReferenceVariableTreeTest
Tests run: 1, Failures: 0, Errors: 0, Skipped: 0, Time elapsed: 0.005 sec - in org.sonar.php.tree.impl.expression.ReferenceVariableTreeTest
Running org.sonar.php.parser.expression.ArrayPairTest
Tests run: 1, Failures: 0, Errors: 0, Skipped: 0, Time elapsed: 0.006 sec - in org.sonar.php.parser.expression.ArrayPairTest
Running org.sonar.php.tree.impl.ScriptTreeTest
Tests run: 3, Failures: 0, Errors: 0, Skipped: 0, Time elapsed: 0.015 sec - in org.sonar.php.tree.impl.ScriptTreeTest
Running org.sonar.php.parser.statement.DoWhileStatementTest
Tests run: 1, Failures: 0, Errors: 0, Skipped: 0, Time elapsed: 0.007 sec - in org.sonar.php.parser.statement.DoWhileStatementTest
Running org.sonar.php.parser.expression.AnonymousClassTest
Tests run: 1, Failures: 0, Errors: 0, Skipped: 0, Time elapsed: 0.006 sec - in org.sonar.php.parser.expression.AnonymousClassTest
Running org.sonar.php.parser.expression.NamespaceNameTest
Tests run: 1, Failures: 0, Errors: 0, Skipped: 0, Time elapsed: 0.005 sec - in org.sonar.php.parser.expression.NamespaceNameTest
Running org.sonar.php.parser.expression.LogicalOrExpressionTest
Tests run: 1, Failures: 0, Errors: 0, Skipped: 0, Time elapsed: 0.02 sec - in org.sonar.php.parser.expression.LogicalOrExpressionTest
Running org.sonar.php.parser.declaration.ParameterListTest
Tests run: 1, Failures: 0, Errors: 0, Skipped: 0, Time elapsed: 0.009 sec - in org.sonar.php.parser.declaration.ParameterListTest
Running org.sonar.php.parser.statement.ForeachStatementTest
Tests run: 1, Failures: 0, Errors: 0, Skipped: 0, Time elapsed: 0.015 sec - in org.sonar.php.parser.statement.ForeachStatementTest
Running org.sonar.php.tree.impl.expression.AssignmentExpressionTreeTest
Tests run: 2, Failures: 0, Errors: 0, Skipped: 0, Time elapsed: 0.02 sec - in org.sonar.php.tree.impl.expression.AssignmentExpressionTreeTest
Running org.sonar.php.parser.expression.StaticScalarTest
Tests run: 1, Failures: 0, Errors: 0, Skipped: 0, Time elapsed: 0.004 sec - in org.sonar.php.parser.expression.StaticScalarTest
Running org.sonar.php.tree.impl.lexical.InternalSyntaxTokenTest
Tests run: 2, Failures: 0, Errors: 0, Skipped: 0, Time elapsed: 0.009 sec - in org.sonar.php.tree.impl.lexical.InternalSyntaxTokenTest
Running org.sonar.php.parser.expression.ListAssignmentExpressionTest
Tests run: 1, Failures: 0, Errors: 0, Skipped: 0, Time elapsed: 0.007 sec - in org.sonar.php.parser.expression.ListAssignmentExpressionTest
Running org.sonar.php.tree.impl.declaration.ParameterTreeTest
Tests run: 2, Failures: 0, Errors: 0, Skipped: 0, Time elapsed: 0.015 sec - in org.sonar.php.tree.impl.declaration.ParameterTreeTest
Running org.sonar.php.parser.expression.AdditiveExpressionTest
Tests run: 1, Failures: 0, Errors: 0, Skipped: 0, Time elapsed: 0.007 sec - in org.sonar.php.parser.expression.AdditiveExpressionTest
Running org.sonar.php.parser.expression.LogicalAndExpressionTest
Tests run: 1, Failures: 0, Errors: 0, Skipped: 0, Time elapsed: 0.014 sec - in org.sonar.php.parser.expression.LogicalAndExpressionTest
Running org.sonar.php.tree.impl.declaration.TypeNameTreeTest
Tests run: 4, Failures: 0, Errors: 0, Skipped: 0, Time elapsed: 0.011 sec - in org.sonar.php.tree.impl.declaration.TypeNameTreeTest
Running org.sonar.php.parser.declaration.TraitPrecedenceTest
Tests run: 1, Failures: 0, Errors: 0, Skipped: 0, Time elapsed: 0.022 sec - in org.sonar.php.parser.declaration.TraitPrecedenceTest
Running org.sonar.php.parser.expression.BitwiseAndExpressionTest
Tests run: 1, Failures: 0, Errors: 0, Skipped: 0, Time elapsed: 0.005 sec - in org.sonar.php.parser.expression.BitwiseAndExpressionTest
Running org.sonar.php.tree.impl.expression.CastExpressionTreeTest
Tests run: 1, Failures: 0, Errors: 0, Skipped: 0, Time elapsed: 0.008 sec - in org.sonar.php.tree.impl.expression.CastExpressionTreeTest
Running org.sonar.php.parser.expression.FunctionCallParameterListTest
Tests run: 1, Failures: 0, Errors: 0, Skipped: 0, Time elapsed: 0.007 sec - in org.sonar.php.parser.expression.FunctionCallParameterListTest
Running org.sonar.php.parser.statement.EchoStatementTest
Tests run: 1, Failures: 0, Errors: 0, Skipped: 0, Time elapsed: 0.006 sec - in org.sonar.php.parser.statement.EchoStatementTest
Running org.sonar.php.highlighter.SyntaxHighlighterVisitorTest
Tests run: 11, Failures: 0, Errors: 0, Skipped: 0, Time elapsed: 0.089 sec - in org.sonar.php.highlighter.SyntaxHighlighterVisitorTest
Running org.sonar.php.parser.expression.UnaryExprTest
Tests run: 1, Failures: 0, Errors: 0, Skipped: 0, Time elapsed: 0.006 sec - in org.sonar.php.parser.expression.UnaryExprTest
Running org.sonar.php.tree.symbols.SymbolTableImplTest
Tests run: 6, Failures: 0, Errors: 0, Skipped: 0, Time elapsed: 0.074 sec - in org.sonar.php.tree.symbols.SymbolTableImplTest
Running org.sonar.php.tree.impl.expression.HeredocStringLiteralTreeTest
Tests run: 4, Failures: 0, Errors: 0, Skipped: 0, Time elapsed: 0.041 sec - in org.sonar.php.tree.impl.expression.HeredocStringLiteralTreeTest
Running org.sonar.php.tree.visitors.LegacyIssueTest
Tests run: 4, Failures: 0, Errors: 0, Skipped: 0, Time elapsed: 0.003 sec - in org.sonar.php.tree.visitors.LegacyIssueTest
Running org.sonar.php.parser.statement.UnsetVariableStatementTest
Tests run: 1, Failures: 0, Errors: 0, Skipped: 0, Time elapsed: 0.004 sec - in org.sonar.php.parser.statement.UnsetVariableStatementTest
Running org.sonar.php.parser.statement.EOSTest
Tests run: 1, Failures: 0, Errors: 0, Skipped: 0, Time elapsed: 0.003 sec - in org.sonar.php.parser.statement.EOSTest
Running org.sonar.php.parser.declaration.TraitDeclarationTest
Tests run: 1, Failures: 0, Errors: 0, Skipped: 0, Time elapsed: 0.006 sec - in org.sonar.php.parser.declaration.TraitDeclarationTest
Running org.sonar.php.tree.impl.declaration.TypeTreeTest
Tests run: 2, Failures: 0, Errors: 0, Skipped: 0, Time elapsed: 0.006 sec - in org.sonar.php.tree.impl.declaration.TypeTreeTest
Running org.sonar.php.ini.BasePhpIniIssueTest
Tests run: 1, Failures: 0, Errors: 0, Skipped: 0, Time elapsed: 0.006 sec - in org.sonar.php.ini.BasePhpIniIssueTest
Running org.sonar.php.tree.impl.expression.VariableIdentifierTreeTest
Tests run: 1, Failures: 0, Errors: 0, Skipped: 0, Time elapsed: 0.006 sec - in org.sonar.php.tree.impl.expression.VariableIdentifierTreeTest
Running org.sonar.php.parser.expression.DimensionalOffsetTest
Tests run: 1, Failures: 0, Errors: 0, Skipped: 0, Time elapsed: 0.008 sec - in org.sonar.php.parser.expression.DimensionalOffsetTest
Running org.sonar.php.parser.lexical.RegularStringLiteralTest
Tests run: 2, Failures: 0, Errors: 0, Skipped: 0, Time elapsed: 0.013 sec - in org.sonar.php.parser.lexical.RegularStringLiteralTest
Running org.sonar.php.parser.declaration.ClassConstDeclarationTest
Tests run: 1, Failures: 0, Errors: 0, Skipped: 0, Time elapsed: 0 sec - in org.sonar.php.parser.declaration.ClassConstDeclarationTest
Running org.sonar.php.parser.statement.EmptyStatementTest
Tests run: 1, Failures: 0, Errors: 0, Skipped: 0, Time elapsed: 0.01 sec - in org.sonar.php.parser.statement.EmptyStatementTest
Running org.sonar.php.parser.statement.IfStatementTest
Tests run: 2, Failures: 0, Errors: 0, Skipped: 0, Time elapsed: 0.014 sec - in org.sonar.php.parser.statement.IfStatementTest
Running org.sonar.php.tree.impl.declaration.ClassPropertyDeclarationTreeTest
Tests run: 2, Failures: 0, Errors: 0, Skipped: 0, Time elapsed: 0.006 sec - in org.sonar.php.tree.impl.declaration.ClassPropertyDeclarationTreeTest
Running org.sonar.php.parser.expression.VariableWithoutObjectsTest
Tests run: 1, Failures: 0, Errors: 0, Skipped: 0, Time elapsed: 0.004 sec - in org.sonar.php.parser.expression.VariableWithoutObjectsTest
Running org.sonar.php.parser.declaration.TypeNameTest
Tests run: 1, Failures: 0, Errors: 0, Skipped: 0, Time elapsed: 0.002 sec - in org.sonar.php.parser.declaration.TypeNameTest
Running org.sonar.php.parser.expression.ShiftExpressionTest
Tests run: 1, Failures: 0, Errors: 0, Skipped: 0, Time elapsed: 0 sec - in org.sonar.php.parser.expression.ShiftExpressionTest
Running org.sonar.php.tree.impl.statement.ElseifClauseTreeTest
Tests run: 2, Failures: 0, Errors: 0, Skipped: 0, Time elapsed: 0.001 sec - in org.sonar.php.tree.impl.statement.ElseifClauseTreeTest
Running org.sonar.php.parser.expression.BooleanLiteralTest
Tests run: 1, Failures: 0, Errors: 0, Skipped: 0, Time elapsed: 0.001 sec - in org.sonar.php.parser.expression.BooleanLiteralTest
Running org.sonar.php.parser.lexical.VarIdentifierTest
Tests run: 1, Failures: 0, Errors: 0, Skipped: 0, Time elapsed: 0.001 sec - in org.sonar.php.parser.lexical.VarIdentifierTest
Running org.sonar.php.metrics.CpdVisitorTest
Tests run: 5, Failures: 0, Errors: 0, Skipped: 0, Time elapsed: 0.062 sec - in org.sonar.php.metrics.CpdVisitorTest
Running org.sonar.php.parser.declaration.ParameterTest
Tests run: 1, Failures: 0, Errors: 0, Skipped: 0, Time elapsed: 0.007 sec - in org.sonar.php.parser.declaration.ParameterTest
Running org.sonar.php.parser.declaration.VariableDeclarationTest
Tests run: 1, Failures: 0, Errors: 0, Skipped: 0, Time elapsed: 0.006 sec - in org.sonar.php.parser.declaration.VariableDeclarationTest
Running org.sonar.php.parser.lexical.FileOpeningTagTest
Tests run: 1, Failures: 0, Errors: 0, Skipped: 0, Time elapsed: 0.007 sec - in org.sonar.php.parser.lexical.FileOpeningTagTest
Running org.sonar.php.parser.ScriptTest
Tests run: 2, Failures: 0, Errors: 0, Skipped: 0, Time elapsed: 0.012 sec - in org.sonar.php.parser.ScriptTest
Running org.sonar.php.tree.impl.statement.ForStatementTreeTest
Tests run: 2, Failures: 0, Errors: 0, Skipped: 0, Time elapsed: 0.01 sec - in org.sonar.php.tree.impl.statement.ForStatementTreeTest
Running org.sonar.php.parser.statement.UseClauseTest
Tests run: 2, Failures: 0, Errors: 0, Skipped: 0, Time elapsed: 0.01 sec - in org.sonar.php.parser.statement.UseClauseTest
Running org.sonar.php.tree.impl.expression.FunctionCallTreeTest
Tests run: 2, Failures: 0, Errors: 0, Skipped: 0, Time elapsed: 0.008 sec - in org.sonar.php.tree.impl.expression.FunctionCallTreeTest
Running org.sonar.php.parser.expression.YieldExpressionTest
Tests run: 1, Failures: 0, Errors: 0, Skipped: 0, Time elapsed: 0.006 sec - in org.sonar.php.parser.expression.YieldExpressionTest
Running org.sonar.php.tree.impl.CompilationUnitTreeTest
Tests run: 4, Failures: 0, Errors: 0, Skipped: 0, Time elapsed: 0.017 sec - in org.sonar.php.tree.impl.CompilationUnitTreeTest
Running org.sonar.php.parser.expression.AssignmentExpressionTest
Tests run: 1, Failures: 0, Errors: 0, Skipped: 0, Time elapsed: 0.011 sec - in org.sonar.php.parser.expression.AssignmentExpressionTest
Running org.sonar.php.parser.statement.ThrowStatementTest
Tests run: 1, Failures: 0, Errors: 0, Skipped: 0, Time elapsed: 0.007 sec - in org.sonar.php.parser.statement.ThrowStatementTest
Running org.sonar.php.parser.expression.ArrayInitializerTest
Tests run: 1, Failures: 0, Errors: 0, Skipped: 0, Time elapsed: 0.005 sec - in org.sonar.php.parser.expression.ArrayInitializerTest
Running org.sonar.php.tree.impl.expression.YieldExpressionTreeTest
Tests run: 4, Failures: 0, Errors: 0, Skipped: 0, Time elapsed: 0.024 sec - in org.sonar.php.tree.impl.expression.YieldExpressionTreeTest
Running org.sonar.php.tree.impl.expression.PostfixExpressionTreeTest
Tests run: 2, Failures: 0, Errors: 0, Skipped: 0, Time elapsed: 0.005 sec - in org.sonar.php.tree.impl.expression.PostfixExpressionTreeTest
Running org.sonar.php.metrics.ComplexityVisitorTest
Tests run: 4, Failures: 0, Errors: 0, Skipped: 0, Time elapsed: 0.032 sec - in org.sonar.php.metrics.ComplexityVisitorTest
Running org.sonar.php.parser.statement.TryStatementTest
Tests run: 1, Failures: 0, Errors: 0, Skipped: 0, Time elapsed: 0.005 sec - in org.sonar.php.parser.statement.TryStatementTest
Running org.sonar.php.tree.impl.statement.TryStatementTreeTest
Tests run: 2, Failures: 0, Errors: 0, Skipped: 0, Time elapsed: 0.007 sec - in org.sonar.php.tree.impl.statement.TryStatementTreeTest
Running org.sonar.php.parser.declaration.MemberConstDeclarationTest
Tests run: 1, Failures: 0, Errors: 0, Skipped: 0, Time elapsed: 0.003 sec - in org.sonar.php.parser.declaration.MemberConstDeclarationTest
Running org.sonar.php.tree.impl.expression.ArrayAccessTreeTest
Tests run: 2, Failures: 0, Errors: 0, Skipped: 0, Time elapsed: 0.007 sec - in org.sonar.php.tree.impl.expression.ArrayAccessTreeTest
Running org.sonar.plugins.php.api.PHPCustomRulesDefinitionTest
Tests run: 1, Failures: 0, Errors: 0, Skipped: 0, Time elapsed: 0.078 sec - in org.sonar.plugins.php.api.PHPCustomRulesDefinitionTest
Running org.sonar.php.parser.statement.GotoStatementTest
Tests run: 1, Failures: 0, Errors: 0, Skipped: 0, Time elapsed: 0.005 sec - in org.sonar.php.parser.statement.GotoStatementTest
Running org.sonar.plugins.php.api.visitors.PreciseIssueTest
Tests run: 3, Failures: 0, Errors: 0, Skipped: 0, Time elapsed: 0.002 sec - in org.sonar.plugins.php.api.visitors.PreciseIssueTest
Running org.sonar.php.parser.expression.CompoundVariableTest
Tests run: 1, Failures: 0, Errors: 0, Skipped: 0, Time elapsed: 0.005 sec - in org.sonar.php.parser.expression.CompoundVariableTest
Running org.sonar.php.parser.statement.YieldStatementTest
Tests run: 1, Failures: 0, Errors: 0, Skipped: 0, Time elapsed: 0.005 sec - in org.sonar.php.parser.statement.YieldStatementTest
Running org.sonar.php.tree.symbols.ClassMemberUsagesTest
Tests run: 8, Failures: 0, Errors: 0, Skipped: 0, Time elapsed: 0.693 sec - in org.sonar.php.tree.symbols.ClassMemberUsagesTest
Running org.sonar.php.parser.declaration.TraitMethodReferenceTest
Tests run: 1, Failures: 0, Errors: 0, Skipped: 0, Time elapsed: 0.005 sec - in org.sonar.php.parser.declaration.TraitMethodReferenceTest
Running org.sonar.php.tree.impl.expression.ExpandableStringCharactersTreeTest
Tests run: 1, Failures: 0, Errors: 0, Skipped: 0, Time elapsed: 0.005 sec - in org.sonar.php.tree.impl.expression.ExpandableStringCharactersTreeTest
Running org.sonar.php.parser.statement.GlobalStatementTest
Tests run: 1, Failures: 0, Errors: 0, Skipped: 0, Time elapsed: 0.004 sec - in org.sonar.php.parser.statement.GlobalStatementTest
Running org.sonar.php.parser.expression.FunctionExpressionTest
Tests run: 1, Failures: 0, Errors: 0, Skipped: 0, Time elapsed: 0.005 sec - in org.sonar.php.parser.expression.FunctionExpressionTest
Running org.sonar.php.tree.visitors.PHPSubscriptionCheckTest
Tests run: 1, Failures: 0, Errors: 0, Skipped: 0, Time elapsed: 0.007 sec - in org.sonar.php.tree.visitors.PHPSubscriptionCheckTest
Running org.sonar.php.tree.impl.statement.NamespaceStatementTreeTest
Tests run: 2, Failures: 0, Errors: 0, Skipped: 0, Time elapsed: 0.006 sec - in org.sonar.php.tree.impl.statement.NamespaceStatementTreeTest
Running org.sonar.php.parser.expression.ExpandableStringLiteralTest
Tests run: 2, Failures: 0, Errors: 0, Skipped: 0, Time elapsed: 0.007 sec - in org.sonar.php.parser.expression.ExpandableStringLiteralTest
Running org.sonar.php.tree.impl.statement.BreakStatementTreeTest
Tests run: 2, Failures: 0, Errors: 0, Skipped: 0, Time elapsed: 0.006 sec - in org.sonar.php.tree.impl.statement.BreakStatementTreeTest
Running org.sonar.php.tree.impl.statement.DoWhileStatementTreeTest
Tests run: 1, Failures: 0, Errors: 0, Skipped: 0, Time elapsed: 0.003 sec - in org.sonar.php.tree.impl.statement.DoWhileStatementTreeTest
Running org.sonar.php.parser.statement.WhileStatementTest
Tests run: 1, Failures: 0, Errors: 0, Skipped: 0, Time elapsed: 0.006 sec - in org.sonar.php.parser.statement.WhileStatementTest
Running org.sonar.php.parser.declaration.UseTraitDeclarationTest
Tests run: 1, Failures: 0, Errors: 0, Skipped: 0, Time elapsed: 0.007 sec - in org.sonar.php.parser.declaration.UseTraitDeclarationTest
Running org.sonar.php.parser.expression.BitwiseOrExpressionTest
Tests run: 1, Failures: 0, Errors: 0, Skipped: 0, Time elapsed: 0.004 sec - in org.sonar.php.parser.expression.BitwiseOrExpressionTest
Running org.sonar.php.parser.expression.SimpleEncapsVariableTest
Tests run: 3, Failures: 0, Errors: 0, Skipped: 0, Time elapsed: 0.013 sec - in org.sonar.php.parser.expression.SimpleEncapsVariableTest
Running org.sonar.php.parser.lexical.IdentifierTest
Tests run: 1, Failures: 0, Errors: 0, Skipped: 0, Time elapsed: 0.002 sec - in org.sonar.php.parser.lexical.IdentifierTest
Running org.sonar.php.parser.statement.SwitchCaseClauseTest
Tests run: 1, Failures: 0, Errors: 0, Skipped: 0, Time elapsed: 0.015 sec - in org.sonar.php.parser.statement.SwitchCaseClauseTest
Running org.sonar.php.tree.impl.expression.ArrayInitializerFunctionTreeTest
Tests run: 3, Failures: 0, Errors: 0, Skipped: 0, Time elapsed: 0.019 sec - in org.sonar.php.tree.impl.expression.ArrayInitializerFunctionTreeTest
Running org.sonar.php.parser.expression.LogicalXorExpressionTest
Tests run: 1, Failures: 0, Errors: 0, Skipped: 0, Time elapsed: 0.003 sec - in org.sonar.php.parser.expression.LogicalXorExpressionTest
Running org.sonar.php.tree.impl.expression.SpreadArgumentTreeTest
Tests run: 1, Failures: 0, Errors: 0, Skipped: 0, Time elapsed: 0.004 sec - in org.sonar.php.tree.impl.expression.SpreadArgumentTreeTest
Running org.sonar.php.parser.statement.StatementTest
Tests run: 3, Failures: 0, Errors: 0, Skipped: 0, Time elapsed: 0.013 sec - in org.sonar.php.parser.statement.StatementTest
Running org.sonar.php.parser.statement.UseStatementTest
Tests run: 2, Failures: 0, Errors: 0, Skipped: 0, Time elapsed: 0.011 sec - in org.sonar.php.parser.statement.UseStatementTest
Running org.sonar.php.tree.impl.statement.GotoStatementTreeTest
Tests run: 1, Failures: 0, Errors: 0, Skipped: 0, Time elapsed: 0.004 sec - in org.sonar.php.tree.impl.statement.GotoStatementTreeTest
Running org.sonar.php.tree.impl.expression.CompoundVariableTreeTest
Tests run: 1, Failures: 0, Errors: 0, Skipped: 0, Time elapsed: 0 sec - in org.sonar.php.tree.impl.expression.CompoundVariableTreeTest
Running org.sonar.php.parser.expression.HeredocStringLiteralTest
Tests run: 1, Failures: 0, Errors: 0, Skipped: 0, Time elapsed: 0.014 sec - in org.sonar.php.parser.expression.HeredocStringLiteralTest
Running org.sonar.php.parser.expression.MemberExpressionTest
Tests run: 1, Failures: 0, Errors: 0, Skipped: 0, Time elapsed: 0.009 sec - in org.sonar.php.parser.expression.MemberExpressionTest
Running org.sonar.php.tree.impl.statement.ReturnStatementTreeTest
Tests run: 2, Failures: 0, Errors: 0, Skipped: 0, Time elapsed: 0.008 sec - in org.sonar.php.tree.impl.statement.ReturnStatementTreeTest
Running org.sonar.php.parser.lexical.InlineHtmlTest
Tests run: 2, Failures: 0, Errors: 0, Skipped: 0, Time elapsed: 0.005 sec - in org.sonar.php.parser.lexical.InlineHtmlTest
Running org.sonar.php.parser.declaration.TraitAliasTest
Tests run: 1, Failures: 0, Errors: 0, Skipped: 0, Time elapsed: 0.001 sec - in org.sonar.php.parser.declaration.TraitAliasTest
Running org.sonar.php.parser.expression.SemiComplexEncapsVariableTest
Tests run: 3, Failures: 0, Errors: 0, Skipped: 0, Time elapsed: 0.013 sec - in org.sonar.php.parser.expression.SemiComplexEncapsVariableTest
Running org.sonar.php.tree.impl.statement.SwitchStatementTreeTest
Tests run: 2, Failures: 0, Errors: 0, Skipped: 0, Time elapsed: 0.005 sec - in org.sonar.php.tree.impl.statement.SwitchStatementTreeTest
Running org.sonar.php.tree.impl.statement.ThrowStatementTreeTest
Tests run: 1, Failures: 0, Errors: 0, Skipped: 0, Time elapsed: 0.003 sec - in org.sonar.php.tree.impl.statement.ThrowStatementTreeTest
Running org.sonar.php.parser.expression.ConditionalExpressionTest
Tests run: 1, Failures: 0, Errors: 0, Skipped: 0, Time elapsed: 0 sec - in org.sonar.php.parser.expression.ConditionalExpressionTest
Running org.sonar.php.parser.statement.BreakStatementTest
Tests run: 1, Failures: 0, Errors: 0, Skipped: 0, Time elapsed: 0 sec - in org.sonar.php.parser.statement.BreakStatementTest
Running org.sonar.php.tree.impl.expression.ArrayPairTreeTest
Tests run: 2, Failures: 0, Errors: 0, Skipped: 0, Time elapsed: 0 sec - in org.sonar.php.tree.impl.expression.ArrayPairTreeTest
Running org.sonar.php.parser.expression.RelationalExpressionTest
Tests run: 1, Failures: 0, Errors: 0, Skipped: 0, Time elapsed: 0.001 sec - in org.sonar.php.parser.expression.RelationalExpressionTest
Running org.sonar.php.tree.impl.declaration.FunctionDeclarationTreeTest
Tests run: 3, Failures: 0, Errors: 0, Skipped: 0, Time elapsed: 0 sec - in org.sonar.php.tree.impl.declaration.FunctionDeclarationTreeTest
Running org.sonar.php.parser.expression.NullCoalescingExpressionTest
Tests run: 1, Failures: 0, Errors: 0, Skipped: 0, Time elapsed: 0 sec - in org.sonar.php.parser.expression.NullCoalescingExpressionTest
Running org.sonar.php.tree.impl.statement.ForEachStatementTreeTest
Tests run: 3, Failures: 0, Errors: 0, Skipped: 0, Time elapsed: 0 sec - in org.sonar.php.tree.impl.statement.ForEachStatementTreeTest
Running org.sonar.php.parser.expression.ConcatenationExpressionTest
Tests run: 1, Failures: 0, Errors: 0, Skipped: 0, Time elapsed: 0 sec - in org.sonar.php.parser.expression.ConcatenationExpressionTest
Running org.sonar.php.parser.expression.InternalFunctionTest
Tests run: 1, Failures: 0, Errors: 0, Skipped: 0, Time elapsed: 0 sec - in org.sonar.php.parser.expression.InternalFunctionTest
Running org.sonar.php.tree.impl.declaration.UseDeclarationTreeTest
Tests run: 2, Failures: 0, Errors: 0, Skipped: 0, Time elapsed: 0 sec - in org.sonar.php.tree.impl.declaration.UseDeclarationTreeTest
Running org.sonar.php.parser.KeywordTest
Tests run: 2, Failures: 0, Errors: 0, Skipped: 0, Time elapsed: 0 sec - in org.sonar.php.parser.KeywordTest
Running org.sonar.php.parser.declaration.InterfaceDeclarationTest
Tests run: 1, Failures: 0, Errors: 0, Skipped: 0, Time elapsed: 0 sec - in org.sonar.php.parser.declaration.InterfaceDeclarationTest
Running org.sonar.php.tree.impl.declaration.MethodDeclarationTreeTest
Tests run: 2, Failures: 0, Errors: 0, Skipped: 0, Time elapsed: 0 sec - in org.sonar.php.tree.impl.declaration.MethodDeclarationTreeTest
Running org.sonar.php.tree.impl.expression.NewExpressionTreeTest
Tests run: 1, Failures: 0, Errors: 0, Skipped: 0, Time elapsed: 0 sec - in org.sonar.php.tree.impl.expression.NewExpressionTreeTest
Running org.sonar.php.tree.impl.expression.ArrayInitializerBracketTreeTest
Tests run: 3, Failures: 0, Errors: 0, Skipped: 0, Time elapsed: 0.008 sec - in org.sonar.php.tree.impl.expression.ArrayInitializerBracketTreeTest
Running org.sonar.php.parser.expression.LexicalVarsTest
Tests run: 1, Failures: 0, Errors: 0, Skipped: 0, Time elapsed: 0.003 sec - in org.sonar.php.parser.expression.LexicalVarsTest
Running org.sonar.php.tree.impl.statement.GlobalStatementTreeTest
Tests run: 1, Failures: 0, Errors: 0, Skipped: 0, Time elapsed: 0.016 sec - in org.sonar.php.tree.impl.statement.GlobalStatementTreeTest
Running org.sonar.php.tree.impl.statement.YieldStatementTreeTest
Tests run: 1, Failures: 0, Errors: 0, Skipped: 0, Time elapsed: 0.005 sec - in org.sonar.php.tree.impl.statement.YieldStatementTreeTest
Running org.sonar.php.parser.declaration.ClassVariableDeclarationTest
Tests run: 1, Failures: 0, Errors: 0, Skipped: 0, Time elapsed: 0.004 sec - in org.sonar.php.parser.declaration.ClassVariableDeclarationTest
Running org.sonar.php.parser.declaration.ConstantDeclarationTest
Tests run: 1, Failures: 0, Errors: 0, Skipped: 0, Time elapsed: 0.004 sec - in org.sonar.php.parser.declaration.ConstantDeclarationTest
Running org.sonar.php.tree.impl.expression.MemberAccessTreeTest
Tests run: 2, Failures: 0, Errors: 0, Skipped: 0, Time elapsed: 0.022 sec - in org.sonar.php.tree.impl.expression.MemberAccessTreeTest
Running org.sonar.php.tree.impl.declaration.NamespaceNameTreeTest
Tests run: 4, Failures: 0, Errors: 0, Skipped: 0, Time elapsed: 0.011 sec - in org.sonar.php.tree.impl.declaration.NamespaceNameTreeTest
Running org.sonar.php.tree.impl.statement.InlineHTMLTreeTest
Tests run: 1, Failures: 0, Errors: 0, Skipped: 0, Time elapsed: 0.02 sec - in org.sonar.php.tree.impl.statement.InlineHTMLTreeTest
Running org.sonar.php.metrics.CounterVisitorTest
Tests run: 3, Failures: 0, Errors: 0, Skipped: 0, Time elapsed: 0.044 sec - in org.sonar.php.metrics.CounterVisitorTest
Running org.sonar.php.parser.expression.EqualityExpressionTest
Tests run: 1, Failures: 0, Errors: 0, Skipped: 0, Time elapsed: 0.012 sec - in org.sonar.php.parser.expression.EqualityExpressionTest
Running org.sonar.php.tree.impl.expression.AnonymousClassTreeTest
Tests run: 1, Failures: 0, Errors: 0, Skipped: 0, Time elapsed: 0.004 sec - in org.sonar.php.tree.impl.expression.AnonymousClassTreeTest
Running org.sonar.php.tree.impl.expression.VariableVariableTreeTest
Tests run: 2, Failures: 0, Errors: 0, Skipped: 0, Time elapsed: 0.018 sec - in org.sonar.php.tree.impl.expression.VariableVariableTreeTest
Running org.sonar.php.parser.expression.LexicalVarTest
Tests run: 1, Failures: 0, Errors: 0, Skipped: 0, Time elapsed: 0.017 sec - in org.sonar.php.parser.expression.LexicalVarTest
Running org.sonar.php.compat.CompatibilityHelperTest
Tests run: 3, Failures: 0, Errors: 0, Skipped: 0, Time elapsed: 0.036 sec - in org.sonar.php.compat.CompatibilityHelperTest
Running org.sonar.php.tree.impl.statement.BlockTreeTest
Tests run: 2, Failures: 0, Errors: 0, Skipped: 0, Time elapsed: 0.01 sec - in org.sonar.php.tree.impl.statement.BlockTreeTest
Running org.sonar.php.parser.declaration.ClassDeclarationTest
Tests run: 1, Failures: 0, Errors: 0, Skipped: 0, Time elapsed: 0.004 sec - in org.sonar.php.parser.declaration.ClassDeclarationTest
Running org.sonar.php.parser.statement.ReturnStatementTest
Tests run: 1, Failures: 0, Errors: 0, Skipped: 0, Time elapsed: 0.004 sec - in org.sonar.php.parser.statement.ReturnStatementTest
Running org.sonar.php.tree.impl.statement.StaticStatementTreeTest
Tests run: 1, Failures: 0, Errors: 0, Skipped: 0, Time elapsed: 0.003 sec - in org.sonar.php.tree.impl.statement.StaticStatementTreeTest
Running org.sonar.php.parser.expression.NewExpressionTest
Tests run: 1, Failures: 0, Errors: 0, Skipped: 0, Time elapsed: 0.004 sec - in org.sonar.php.parser.expression.NewExpressionTest
Running org.sonar.php.parser.lexical.NumericLiteralTest
Tests run: 1, Failures: 0, Errors: 0, Skipped: 0, Time elapsed: 0.003 sec - in org.sonar.php.parser.lexical.NumericLiteralTest
Running org.sonar.php.tree.impl.statement.ElseClauseTreeTest
Tests run: 2, Failures: 0, Errors: 0, Skipped: 0, Time elapsed: 0.007 sec - in org.sonar.php.tree.impl.statement.ElseClauseTreeTest
Running org.sonar.php.tree.impl.expression.ConditionalExpressionTreeTest
Tests run: 2, Failures: 0, Errors: 0, Skipped: 0, Time elapsed: 0.007 sec - in org.sonar.php.tree.impl.expression.ConditionalExpressionTreeTest
Running org.sonar.php.parser.statement.GlobalVarTest
Tests run: 1, Failures: 0, Errors: 0, Skipped: 0, Time elapsed: 0.004 sec - in org.sonar.php.parser.statement.GlobalVarTest
Running org.sonar.php.parser.declaration.MethodDeclarationTest
Tests run: 2, Failures: 0, Errors: 0, Skipped: 0, Time elapsed: 0.01 sec - in org.sonar.php.parser.declaration.MethodDeclarationTest
Running org.sonar.plugins.php.api.tests.PhpCheckTestTest
Tests run: 26, Failures: 0, Errors: 0, Skipped: 0, Time elapsed: 0.153 sec - in org.sonar.plugins.php.api.tests.PhpCheckTestTest
Running org.sonar.php.parser.expression.PostfixExprTest
Tests run: 1, Failures: 0, Errors: 0, Skipped: 0, Time elapsed: 0.004 sec - in org.sonar.php.parser.expression.PostfixExprTest
Running org.sonar.php.tree.impl.declaration.UseTraitDeclarationTreeTest
Tests run: 2, Failures: 0, Errors: 0, Skipped: 0, Time elapsed: 0.007 sec - in org.sonar.php.tree.impl.declaration.UseTraitDeclarationTreeTest
Running org.sonar.php.tree.impl.statement.ExpressionListStatementTreeTest
Tests run: 1, Failures: 0, Errors: 0, Skipped: 0, Time elapsed: 0.004 sec - in org.sonar.php.tree.impl.statement.ExpressionListStatementTreeTest
Running org.sonar.php.tree.impl.declaration.ClassDeclarationTreeTest
Tests run: 5, Failures: 0, Errors: 0, Skipped: 0, Time elapsed: 0.019 sec - in org.sonar.php.tree.impl.declaration.ClassDeclarationTreeTest
Running org.sonar.php.tree.impl.statement.CatchBlockTreeTest
Tests run: 1, Failures: 0, Errors: 0, Skipped: 0, Time elapsed: 0.004 sec - in org.sonar.php.tree.impl.statement.CatchBlockTreeTest
Running org.sonar.php.parser.statement.StaticStatementTest
Tests run: 1, Failures: 0, Errors: 0, Skipped: 0, Time elapsed: 0.004 sec - in org.sonar.php.parser.statement.StaticStatementTest
Running org.sonar.php.tree.impl.expression.ListExpressionTreeTest
Tests run: 4, Failures: 0, Errors: 0, Skipped: 0, Time elapsed: 0.009 sec - in org.sonar.php.tree.impl.expression.ListExpressionTreeTest
Running org.sonar.php.parser.expression.StaticMemberAccessTest
Tests run: 1, Failures: 0, Errors: 0, Skipped: 0, Time elapsed: 0.002 sec - in org.sonar.php.parser.expression.StaticMemberAccessTest
Running org.sonar.php.parser.statement.ForStatementTest
Tests run: 1, Failures: 0, Errors: 0, Skipped: 0, Time elapsed: 0.007 sec - in org.sonar.php.parser.statement.ForStatementTest
Running org.sonar.plugins.php.api.visitors.LineIssueTest
Tests run: 2, Failures: 0, Errors: 0, Skipped: 0, Time elapsed: 0.001 sec - in org.sonar.plugins.php.api.visitors.LineIssueTest
Running org.sonar.php.parser.declaration.FunctionDeclarationTest
Tests run: 1, Failures: 0, Errors: 0, Skipped: 0, Time elapsed: 0.004 sec - in org.sonar.php.parser.declaration.FunctionDeclarationTest
Running org.sonar.php.parser.statement.LabelTest
Tests run: 1, Failures: 0, Errors: 0, Skipped: 0, Time elapsed: 0.003 sec - in org.sonar.php.parser.statement.LabelTest
Running org.sonar.php.tree.impl.expression.ExpandableStringLiteralTreeTest
Tests run: 5, Failures: 0, Errors: 0, Skipped: 0, Time elapsed: 0.012 sec - in org.sonar.php.tree.impl.expression.ExpandableStringLiteralTreeTest
Running org.sonar.php.tree.impl.statement.SwitchClauseTreeTest
Tests run: 2, Failures: 0, Errors: 0, Skipped: 0, Time elapsed: 0.004 sec - in org.sonar.php.tree.impl.statement.SwitchClauseTreeTest

Results :




Tests run: 455, Failures: 0, Errors: 0, Skipped: 0

[INFO] 
[INFO] --- maven-jar-plugin:2.6:jar (default-jar) @ php-frontend ---
[INFO] Building jar: /home/travis/build/SonarSource/sonar-php/php-frontend/target/php-frontend-2.11-SNAPSHOT.jar
[INFO] 
[INFO] --- maven-jar-plugin:2.6:test-jar (default) @ php-frontend ---
[INFO] Building jar: /home/travis/build/SonarSource/sonar-php/php-frontend/target/php-frontend-2.11-SNAPSHOT-tests.jar
[INFO] 
[INFO] --- maven-source-plugin:2.4:jar-no-fork (attach-sources) @ php-frontend ---
[INFO] Building jar: /home/travis/build/SonarSource/sonar-php/php-frontend/target/php-frontend-2.11-SNAPSHOT-sources.jar
[INFO] 
[INFO] ------------------------------------------------------------------------
[INFO] Building SonarPHP :: Checks 2.11-SNAPSHOT
[INFO] ------------------------------------------------------------------------
[INFO] 
[INFO] --- buildnumber-maven-plugin:1.4:create (default) @ php-checks ---
[INFO] 
[INFO] --- maven-enforcer-plugin:1.4.1:enforce (enforce) @ php-checks ---
[INFO] 
[INFO] --- license-maven-plugin:2.11:check (enforce-license-headers) @ php-checks ---
[INFO] Checking licenses...
[INFO] 
[INFO] --- beanshell-maven-plugin:1.2:run (compute-artifact-display-version) @ php-checks ---
[INFO] Executing Script
[INFO] file class java.lang.Object
[INFO] script class java.lang.String
[INFO] evaluating script if (! "2.11-SNAPSHOT".endsWith("-SNAPSHOT")) {
                  // example: "6.3.0.1234".
                  fields = "2.11-SNAPSHOT".split("\\.");
                  if (fields.length == 4) {
                    digitsCountToDisplay = 0;
                    if ("0".equals(fields[2])) {
                      digitsCountToDisplay = 2;
                    } else {
                      digitsCountToDisplay = 3;
                    }
                    sj = new StringJoiner(".");
                    for (int i = 0; i < digitsCountToDisplay; ++i) {
                      sj.add(fields[i]);
                    }
                    project.getProperties().setProperty("sonar.pluginDisplayVersion", sj.toString() + " (build " + fields[3] + ")");
                  }
                }
[INFO] 
[INFO] --- maven-resources-plugin:2.7:resources (default-resources) @ php-checks ---
[INFO] Using 'UTF-8' encoding to copy filtered resources.
[INFO] Copying 246 resources
[INFO] 
[INFO] --- maven-compiler-plugin:3.5.1:compile (default-compile) @ php-checks ---
[INFO] Changes detected - recompiling the module!
[INFO] Compiling 144 source files to /home/travis/build/SonarSource/sonar-php/php-checks/target/classes
[INFO] 
[INFO] --- maven-resources-plugin:2.7:testResources (default-testResources) @ php-checks ---
[INFO] Using 'UTF-8' encoding to copy filtered resources.
[INFO] Copying 162 resources
[INFO] 
[INFO] --- maven-compiler-plugin:3.5.1:testCompile (default-testCompile) @ php-checks ---
[INFO] Changes detected - recompiling the module!
[INFO] Compiling 132 source files to /home/travis/build/SonarSource/sonar-php/php-checks/target/test-classes
[INFO] 
[INFO] --- maven-surefire-plugin:2.18:test (default-test) @ php-checks ---
[INFO] Surefire report directory: /home/travis/build/SonarSource/sonar-php/php-checks/target/surefire-reports

-------------------------------------------------------
 T E S T S
-------------------------------------------------------
Picked up _JAVA_OPTIONS: -Xmx2048m -Xms512m
Running org.sonar.php.checks.ClosingTagInFullPHPFileCheckTest
Tests run: 2, Failures: 0, Errors: 0, Skipped: 0, Time elapsed: 2.148 sec - in org.sonar.php.checks.ClosingTagInFullPHPFileCheckTest
Running org.sonar.php.checks.SelfKeywordUsageCheckTest
Tests run: 1, Failures: 0, Errors: 0, Skipped: 0, Time elapsed: 0.243 sec - in org.sonar.php.checks.SelfKeywordUsageCheckTest
Running org.sonar.php.checks.FunctionComplexityCheckTest
Tests run: 2, Failures: 0, Errors: 0, Skipped: 0, Time elapsed: 0.104 sec - in org.sonar.php.checks.FunctionComplexityCheckTest
Running org.sonar.php.checks.SilencedErrorsCheckTest
Tests run: 1, Failures: 0, Errors: 0, Skipped: 0, Time elapsed: 0.008 sec - in org.sonar.php.checks.SilencedErrorsCheckTest
Running org.sonar.php.checks.TooManyCasesInSwitchCheckTest
Tests run: 2, Failures: 0, Errors: 0, Skipped: 0, Time elapsed: 0.016 sec - in org.sonar.php.checks.TooManyCasesInSwitchCheckTest
Running org.sonar.php.checks.OneStatementPerLineCheckTest
Tests run: 1, Failures: 0, Errors: 0, Skipped: 0, Time elapsed: 0.035 sec - in org.sonar.php.checks.OneStatementPerLineCheckTest
Running org.sonar.php.checks.PHP5DeprecatedFunctionUsageCheckTest
Tests run: 1, Failures: 0, Errors: 0, Skipped: 0, Time elapsed: 0.022 sec - in org.sonar.php.checks.PHP5DeprecatedFunctionUsageCheckTest
Running org.sonar.php.checks.FileHeaderCheckTest
Tests run: 1, Failures: 0, Errors: 0, Skipped: 0, Time elapsed: 0.041 sec - in org.sonar.php.checks.FileHeaderCheckTest
Running org.sonar.php.checks.UselessExpressionStatementCheckTest
Tests run: 2, Failures: 0, Errors: 0, Skipped: 0, Time elapsed: 0.021 sec - in org.sonar.php.checks.UselessExpressionStatementCheckTest
Running org.sonar.php.checks.phpini.AllowUrlCheckTest
Tests run: 2, Failures: 0, Errors: 0, Skipped: 0, Time elapsed: 0.076 sec - in org.sonar.php.checks.phpini.AllowUrlCheckTest
Running org.sonar.php.checks.FileWithSymbolsAndSideEffectsCheckTest
Tests run: 8, Failures: 0, Errors: 0, Skipped: 0, Time elapsed: 0.02 sec - in org.sonar.php.checks.FileWithSymbolsAndSideEffectsCheckTest
Running org.sonar.php.checks.IdenticalOperandsInBinaryExpressionCheckTest
Tests run: 1, Failures: 0, Errors: 0, Skipped: 0, Time elapsed: 0.02 sec - in org.sonar.php.checks.IdenticalOperandsInBinaryExpressionCheckTest
Running org.sonar.php.checks.KeywordsAndConstantsNotLowerCaseCheckTest
Tests run: 1, Failures: 0, Errors: 0, Skipped: 0, Time elapsed: 0.007 sec - in org.sonar.php.checks.KeywordsAndConstantsNotLowerCaseCheckTest
Running org.sonar.php.checks.BooleanEqualityComparisonCheckTest
Tests run: 1, Failures: 0, Errors: 0, Skipped: 0, Time elapsed: 0.018 sec - in org.sonar.php.checks.BooleanEqualityComparisonCheckTest
Running org.sonar.php.checks.UselessObjectCreationCheckTest
Tests run: 1, Failures: 0, Errors: 0, Skipped: 0, Time elapsed: 0.01 sec - in org.sonar.php.checks.UselessObjectCreationCheckTest
Running org.sonar.php.checks.DuplicatedFunctionArgumentCheckTest
Tests run: 1, Failures: 0, Errors: 0, Skipped: 0, Time elapsed: 0.012 sec - in org.sonar.php.checks.DuplicatedFunctionArgumentCheckTest
Running org.sonar.php.checks.ClassCouplingCheckTest
Tests run: 2, Failures: 0, Errors: 0, Skipped: 0, Time elapsed: 0.082 sec - in org.sonar.php.checks.ClassCouplingCheckTest
Running org.sonar.php.checks.ReferenceInFunctionCallCheckTest
Tests run: 1, Failures: 0, Errors: 0, Skipped: 0, Time elapsed: 0.007 sec - in org.sonar.php.checks.ReferenceInFunctionCallCheckTest
Running org.sonar.php.checks.ForLoopCounterChangedCheckTest
Tests run: 1, Failures: 0, Errors: 0, Skipped: 0, Time elapsed: 0.057 sec - in org.sonar.php.checks.ForLoopCounterChangedCheckTest
Running org.sonar.php.checks.formatting.IndentationCheckTest
Tests run: 2, Failures: 0, Errors: 0, Skipped: 0, Time elapsed: 0.104 sec - in org.sonar.php.checks.formatting.IndentationCheckTest
Running org.sonar.php.checks.OpeningPHPTagCheckTest
Tests run: 4, Failures: 0, Errors: 0, Skipped: 0, Time elapsed: 0.016 sec - in org.sonar.php.checks.OpeningPHPTagCheckTest
Running org.sonar.php.checks.LogicalWordOperatorUsageCheckTest
Tests run: 1, Failures: 0, Errors: 0, Skipped: 0, Time elapsed: 0.005 sec - in org.sonar.php.checks.LogicalWordOperatorUsageCheckTest
Running org.sonar.php.checks.EchoWithParenthesisCheckTest
Tests run: 1, Failures: 0, Errors: 0, Skipped: 0, Time elapsed: 0.006 sec - in org.sonar.php.checks.EchoWithParenthesisCheckTest
Running org.sonar.php.checks.IncrementDecrementInSubExpressionCheckTest
Tests run: 1, Failures: 0, Errors: 0, Skipped: 0, Time elapsed: 0.015 sec - in org.sonar.php.checks.IncrementDecrementInSubExpressionCheckTest
Running org.sonar.php.checks.NonLFCharAsEOLCheckTest
Tests run: 2, Failures: 0, Errors: 0, Skipped: 0, Time elapsed: 0.303 sec - in org.sonar.php.checks.NonLFCharAsEOLCheckTest
Running org.sonar.php.checks.ConstructorDependencyInversionCheckTest
Tests run: 1, Failures: 0, Errors: 0, Skipped: 0, Time elapsed: 0.019 sec - in org.sonar.php.checks.ConstructorDependencyInversionCheckTest
Running org.sonar.php.checks.VarKeywordUsageCheckTest
Tests run: 1, Failures: 0, Errors: 0, Skipped: 0, Time elapsed: 0.008 sec - in org.sonar.php.checks.VarKeywordUsageCheckTest
Running org.sonar.php.checks.ArgumentWithDefaultValueNotLastCheckTest
Tests run: 1, Failures: 0, Errors: 0, Skipped: 0, Time elapsed: 0.012 sec - in org.sonar.php.checks.ArgumentWithDefaultValueNotLastCheckTest
Running org.sonar.php.checks.UnusedPrivateMethodCheckTest
Tests run: 1, Failures: 0, Errors: 0, Skipped: 0, Time elapsed: 0.055 sec - in org.sonar.php.checks.UnusedPrivateMethodCheckTest
Running org.sonar.php.checks.ConstantNameCheckTest
Tests run: 2, Failures: 0, Errors: 0, Skipped: 0, Time elapsed: 0.018 sec - in org.sonar.php.checks.ConstantNameCheckTest
Running org.sonar.php.checks.EvalUseCheckTest
Tests run: 1, Failures: 0, Errors: 0, Skipped: 0, Time elapsed: 0.005 sec - in org.sonar.php.checks.EvalUseCheckTest
Running org.sonar.php.checks.GlobalKeywordAndArrayUsageCheckTest
Tests run: 1, Failures: 0, Errors: 0, Skipped: 0, Time elapsed: 0.008 sec - in org.sonar.php.checks.GlobalKeywordAndArrayUsageCheckTest
Running org.sonar.php.checks.HardCodedCredentialsCheckTest
Tests run: 1, Failures: 0, Errors: 0, Skipped: 0, Time elapsed: 0.012 sec - in org.sonar.php.checks.HardCodedCredentialsCheckTest
Running org.sonar.php.checks.ConcatenatedStringLiteralCheckTest
Tests run: 1, Failures: 0, Errors: 0, Skipped: 0, Time elapsed: 0.008 sec - in org.sonar.php.checks.ConcatenatedStringLiteralCheckTest
Running org.sonar.php.checks.AlwaysUseCurlyBracesCheckTest
Tests run: 1, Failures: 0, Errors: 0, Skipped: 0, Time elapsed: 0.024 sec - in org.sonar.php.checks.AlwaysUseCurlyBracesCheckTest
Running org.sonar.php.checks.TooManyLinesInClassCheckTest
Tests run: 2, Failures: 0, Errors: 0, Skipped: 0, Time elapsed: 0.01 sec - in org.sonar.php.checks.TooManyLinesInClassCheckTest
Running org.sonar.php.checks.phpini.PhpIniBooleanTest
Tests run: 3, Failures: 0, Errors: 0, Skipped: 0, Time elapsed: 0.005 sec - in org.sonar.php.checks.phpini.PhpIniBooleanTest
Running org.sonar.php.checks.NonEmptyCaseWithoutBreakCheckTest
Tests run: 1, Failures: 0, Errors: 0, Skipped: 0, Time elapsed: 0.026 sec - in org.sonar.php.checks.NonEmptyCaseWithoutBreakCheckTest
Running org.sonar.php.checks.formatting.ExtendsImplementsLineCheckTest
Tests run: 2, Failures: 0, Errors: 0, Skipped: 0, Time elapsed: 0.008 sec - in org.sonar.php.checks.formatting.ExtendsImplementsLineCheckTest
Running org.sonar.php.checks.TrailingWhitespaceCheckTest
Tests run: 1, Failures: 0, Errors: 0, Skipped: 0, Time elapsed: 0.004 sec - in org.sonar.php.checks.TrailingWhitespaceCheckTest
Running org.sonar.php.checks.AliasFunctionUsageCheckTest
Tests run: 1, Failures: 0, Errors: 0, Skipped: 0, Time elapsed: 0.02 sec - in org.sonar.php.checks.AliasFunctionUsageCheckTest
Running org.sonar.php.checks.MissingMethodVisibilityCheckTest
Tests run: 1, Failures: 0, Errors: 0, Skipped: 0, Time elapsed: 0.01 sec - in org.sonar.php.checks.MissingMethodVisibilityCheckTest
Running org.sonar.php.checks.formatting.NamespaceAndUseStatementCheckTest
Tests run: 3, Failures: 0, Errors: 0, Skipped: 0, Time elapsed: 0.018 sec - in org.sonar.php.checks.formatting.NamespaceAndUseStatementCheckTest
Running org.sonar.php.checks.TabCharacterCheckTest
Tests run: 2, Failures: 0, Errors: 0, Skipped: 0, Time elapsed: 0.303 sec - in org.sonar.php.checks.TabCharacterCheckTest
Running org.sonar.php.checks.CommentedOutCodeCheckTest
Tests run: 1, Failures: 0, Errors: 0, Skipped: 0, Time elapsed: 0.007 sec - in org.sonar.php.checks.CommentedOutCodeCheckTest
Running org.sonar.php.checks.SwitchWithoutDefaultCheckTest
Tests run: 1, Failures: 0, Errors: 0, Skipped: 0, Time elapsed: 0.006 sec - in org.sonar.php.checks.SwitchWithoutDefaultCheckTest
Running org.sonar.php.checks.StringLiteralDuplicatedCheckTest
Tests run: 2, Failures: 0, Errors: 0, Skipped: 0, Time elapsed: 0.016 sec - in org.sonar.php.checks.StringLiteralDuplicatedCheckTest
Running org.sonar.php.checks.formatting.ControlStructureSpacingTest
Tests run: 2, Failures: 0, Errors: 0, Skipped: 0, Time elapsed: 0.033 sec - in org.sonar.php.checks.formatting.ControlStructureSpacingTest
Running org.sonar.php.checks.ImmediatelyReturnedVariableCheckTest
Tests run: 1, Failures: 0, Errors: 0, Skipped: 0, Time elapsed: 0.026 sec - in org.sonar.php.checks.ImmediatelyReturnedVariableCheckTest
Running org.sonar.php.checks.LeftCurlyBraceEndsLineCheckTest
Tests run: 1, Failures: 0, Errors: 0, Skipped: 0, Time elapsed: 0.051 sec - in org.sonar.php.checks.LeftCurlyBraceEndsLineCheckTest
Running org.sonar.php.checks.ClassComplexityCheckTest
Tests run: 2, Failures: 0, Errors: 0, Skipped: 0, Time elapsed: 0.028 sec - in org.sonar.php.checks.ClassComplexityCheckTest
Running org.sonar.php.checks.MethodNameReturningBooleanCheckTest
Tests run: 1, Failures: 0, Errors: 0, Skipped: 0, Time elapsed: 0.01 sec - in org.sonar.php.checks.MethodNameReturningBooleanCheckTest
Running org.sonar.php.checks.ForHidingWhileCheckTest
Tests run: 1, Failures: 0, Errors: 0, Skipped: 0, Time elapsed: 0.008 sec - in org.sonar.php.checks.ForHidingWhileCheckTest
Running org.sonar.php.checks.formatting.CurlyBraceCheckTest
Tests run: 2, Failures: 0, Errors: 0, Skipped: 0, Time elapsed: 0.03 sec - in org.sonar.php.checks.formatting.CurlyBraceCheckTest
Running org.sonar.php.checks.DuplicateBranchImplementationCheckTest
Tests run: 1, Failures: 0, Errors: 0, Skipped: 0, Time elapsed: 0.054 sec - in org.sonar.php.checks.DuplicateBranchImplementationCheckTest
Running org.sonar.php.checks.SwitchCaseTooBigCheckTest
Tests run: 2, Failures: 0, Errors: 0, Skipped: 0, Time elapsed: 0.017 sec - in org.sonar.php.checks.SwitchCaseTooBigCheckTest
Running org.sonar.php.checks.formatting.PunctuatorSpacingCheckTest
Tests run: 2, Failures: 0, Errors: 0, Skipped: 0, Time elapsed: 0.04 sec - in org.sonar.php.checks.formatting.PunctuatorSpacingCheckTest
Running org.sonar.php.checks.phpini.SessionUseTransSidCheckTest
Tests run: 2, Failures: 0, Errors: 0, Skipped: 0, Time elapsed: 0.005 sec - in org.sonar.php.checks.phpini.SessionUseTransSidCheckTest
Running org.sonar.php.checks.RequireInsteadOfRequireOnceCheckTest
Tests run: 1, Failures: 0, Errors: 0, Skipped: 0, Time elapsed: 0.013 sec - in org.sonar.php.checks.RequireInsteadOfRequireOnceCheckTest
Running org.sonar.php.checks.FieldNameCheckTest
Tests run: 2, Failures: 0, Errors: 0, Skipped: 0, Time elapsed: 0.014 sec - in org.sonar.php.checks.FieldNameCheckTest
Running org.sonar.php.checks.TooManyLinesInFileCheckTest
Tests run: 2, Failures: 0, Errors: 0, Skipped: 0, Time elapsed: 0.005 sec - in org.sonar.php.checks.TooManyLinesInFileCheckTest
Running org.sonar.php.checks.TooManyReturnCheckTest
Tests run: 2, Failures: 0, Errors: 0, Skipped: 0, Time elapsed: 0.027 sec - in org.sonar.php.checks.TooManyReturnCheckTest
Running org.sonar.php.checks.TooManyMethodsInClassCheckTest
Tests run: 3, Failures: 0, Errors: 0, Skipped: 0, Time elapsed: 0.018 sec - in org.sonar.php.checks.TooManyMethodsInClassCheckTest
Running org.sonar.php.checks.SleepFunctionUsageCheckTest
Tests run: 1, Failures: 0, Errors: 0, Skipped: 0, Time elapsed: 0.004 sec - in org.sonar.php.checks.SleepFunctionUsageCheckTest
Running org.sonar.php.checks.ReturnOfBooleanExpressionCheckTest
Tests run: 1, Failures: 0, Errors: 0, Skipped: 0, Time elapsed: 0.021 sec - in org.sonar.php.checks.ReturnOfBooleanExpressionCheckTest
Running org.sonar.php.checks.MultilineBlocksCurlyBracesCheckTest
Tests run: 1, Failures: 0, Errors: 0, Skipped: 0, Time elapsed: 0.019 sec - in org.sonar.php.checks.MultilineBlocksCurlyBracesCheckTest
Running org.sonar.php.checks.FileNameCheckTest
Tests run: 4, Failures: 0, Errors: 0, Skipped: 0, Time elapsed: 0.006 sec - in org.sonar.php.checks.FileNameCheckTest
Running org.sonar.php.checks.TooManyLinesInFunctionCheckTest
Tests run: 2, Failures: 0, Errors: 0, Skipped: 0, Time elapsed: 0.009 sec - in org.sonar.php.checks.TooManyLinesInFunctionCheckTest
Running org.sonar.php.checks.LineLengthCheckTest
Tests run: 2, Failures: 0, Errors: 0, Skipped: 0, Time elapsed: 0.006 sec - in org.sonar.php.checks.LineLengthCheckTest
Running org.sonar.php.checks.InlineHTMLInFileCheckTest
Tests run: 4, Failures: 0, Errors: 0, Skipped: 0, Time elapsed: 0.006 sec - in org.sonar.php.checks.InlineHTMLInFileCheckTest
Running org.sonar.php.checks.utils.EqualityTest
Tests run: 1, Failures: 0, Errors: 0, Skipped: 0, Time elapsed: 0.018 sec - in org.sonar.php.checks.utils.EqualityTest
Running org.sonar.php.checks.CheckListTest
Tests run: 2, Failures: 0, Errors: 0, Skipped: 0, Time elapsed: 0.039 sec - in org.sonar.php.checks.CheckListTest
Running org.sonar.php.checks.AtLeastThreeCasesInSwitchCheckTest
Tests run: 1, Failures: 0, Errors: 0, Skipped: 0, Time elapsed: 0.009 sec - in org.sonar.php.checks.AtLeastThreeCasesInSwitchCheckTest
Running org.sonar.php.checks.FunctionCognitiveComplexityCheckTest
Tests run: 2, Failures: 0, Errors: 0, Skipped: 0, Time elapsed: 0.034 sec - in org.sonar.php.checks.FunctionCognitiveComplexityCheckTest
Running org.sonar.php.checks.PerlStyleCommentsUsageCheckTest
Tests run: 1, Failures: 0, Errors: 0, Skipped: 0, Time elapsed: 0.004 sec - in org.sonar.php.checks.PerlStyleCommentsUsageCheckTest
Running org.sonar.php.checks.ClassNameCheckTest
Tests run: 2, Failures: 0, Errors: 0, Skipped: 0, Time elapsed: 0.006 sec - in org.sonar.php.checks.ClassNameCheckTest
Running org.sonar.php.checks.ExpressionComplexityCheckTest
Tests run: 2, Failures: 0, Errors: 0, Skipped: 0, Time elapsed: 0.056 sec - in org.sonar.php.checks.ExpressionComplexityCheckTest
Running org.sonar.php.checks.NestedFunctionDepthCheckTest
Tests run: 2, Failures: 0, Errors: 0, Skipped: 0, Time elapsed: 0.014 sec - in org.sonar.php.checks.NestedFunctionDepthCheckTest
Running org.sonar.php.checks.SelfAssignmentCheckTest
Tests run: 1, Failures: 0, Errors: 0, Skipped: 0, Time elapsed: 0.006 sec - in org.sonar.php.checks.SelfAssignmentCheckTest
Running org.sonar.php.checks.DuplicateConditionCheckTest
Tests run: 1, Failures: 0, Errors: 0, Skipped: 0, Time elapsed: 0.015 sec - in org.sonar.php.checks.DuplicateConditionCheckTest
Running org.sonar.php.checks.RightCurlyBraceStartsLineCheckTest
Tests run: 1, Failures: 0, Errors: 0, Skipped: 0, Time elapsed: 0.017 sec - in org.sonar.php.checks.RightCurlyBraceStartsLineCheckTest
Running org.sonar.php.checks.OnePropertyDeclarationPerStatementCheckTest
Tests run: 1, Failures: 0, Errors: 0, Skipped: 0, Time elapsed: 0.005 sec - in org.sonar.php.checks.OnePropertyDeclarationPerStatementCheckTest
Running org.sonar.php.checks.phpini.FileUploadsCheckTest
Tests run: 2, Failures: 0, Errors: 0, Skipped: 0, Time elapsed: 0.004 sec - in org.sonar.php.checks.phpini.FileUploadsCheckTest
Running org.sonar.php.checks.UnusedLocalVariableCheckTest
Tests run: 1, Failures: 0, Errors: 0, Skipped: 0, Time elapsed: 0.046 sec - in org.sonar.php.checks.UnusedLocalVariableCheckTest
Running org.sonar.php.checks.ElseIfWithoutElseCheckTest
Tests run: 1, Failures: 0, Errors: 0, Skipped: 0, Time elapsed: 0.014 sec - in org.sonar.php.checks.ElseIfWithoutElseCheckTest
Running org.sonar.php.checks.MissingNewLineAtEOFCheckTest
Tests run: 3, Failures: 0, Errors: 0, Skipped: 0, Time elapsed: 0.006 sec - in org.sonar.php.checks.MissingNewLineAtEOFCheckTest
Running org.sonar.php.checks.phpini.EnableDlCheckTest
Tests run: 2, Failures: 0, Errors: 0, Skipped: 0, Time elapsed: 0.004 sec - in org.sonar.php.checks.phpini.EnableDlCheckTest
Running org.sonar.php.checks.NullDereferenceInConditionalCheckTest
Tests run: 1, Failures: 0, Errors: 0, Skipped: 0, Time elapsed: 0.03 sec - in org.sonar.php.checks.NullDereferenceInConditionalCheckTest
Running org.sonar.php.checks.IfConditionAlwaysTrueOrFalseCheckTest
Tests run: 1, Failures: 0, Errors: 0, Skipped: 0, Time elapsed: 0.006 sec - in org.sonar.php.checks.IfConditionAlwaysTrueOrFalseCheckTest
Running org.sonar.php.checks.phpini.CgiForceRedirectCheckTest
Tests run: 2, Failures: 0, Errors: 0, Skipped: 0, Time elapsed: 0.005 sec - in org.sonar.php.checks.phpini.CgiForceRedirectCheckTest
Running org.sonar.php.checks.TodoTagPresenceCheckTest
Tests run: 1, Failures: 0, Errors: 0, Skipped: 0, Time elapsed: 0.004 sec - in org.sonar.php.checks.TodoTagPresenceCheckTest
Running org.sonar.php.checks.EmptyStatementCheckTest
Tests run: 1, Failures: 0, Errors: 0, Skipped: 0, Time elapsed: 0.006 sec - in org.sonar.php.checks.EmptyStatementCheckTest
Running org.sonar.php.checks.UnusedFunctionParametersCheckTest
Tests run: 1, Failures: 0, Errors: 0, Skipped: 0, Time elapsed: 0.011 sec - in org.sonar.php.checks.UnusedFunctionParametersCheckTest
Running org.sonar.php.checks.UnusedPrivateFieldCheckTest
Tests run: 1, Failures: 0, Errors: 0, Skipped: 0, Time elapsed: 0.013 sec - in org.sonar.php.checks.UnusedPrivateFieldCheckTest
Running org.sonar.php.checks.CollapsibleIfStatementCheckTest
Tests run: 1, Failures: 0, Errors: 0, Skipped: 0, Time elapsed: 0.017 sec - in org.sonar.php.checks.CollapsibleIfStatementCheckTest
Running org.sonar.php.checks.LowerCaseColorCheckTest
Tests run: 1, Failures: 0, Errors: 0, Skipped: 0, Time elapsed: 0.005 sec - in org.sonar.php.checks.LowerCaseColorCheckTest
Running org.sonar.php.checks.GotoUseCheckTest
Tests run: 1, Failures: 0, Errors: 0, Skipped: 0, Time elapsed: 0.008 sec - in org.sonar.php.checks.GotoUseCheckTest
Running org.sonar.php.checks.phpini.OpenBasedirCheckTest
Tests run: 2, Failures: 0, Errors: 0, Skipped: 0, Time elapsed: 0.004 sec - in org.sonar.php.checks.phpini.OpenBasedirCheckTest
Running org.sonar.php.checks.VariableVariablesCheckTest
Tests run: 1, Failures: 0, Errors: 0, Skipped: 0, Time elapsed: 0.004 sec - in org.sonar.php.checks.VariableVariablesCheckTest
Running org.sonar.php.checks.RedundantFinalCheckTest
Tests run: 1, Failures: 0, Errors: 0, Skipped: 0, Time elapsed: 0.005 sec - in org.sonar.php.checks.RedundantFinalCheckTest
Running org.sonar.php.checks.LocalVariableShadowsClassFieldCheckTest
Tests run: 1, Failures: 0, Errors: 0, Skipped: 0, Time elapsed: 0.027 sec - in org.sonar.php.checks.LocalVariableShadowsClassFieldCheckTest
Running org.sonar.php.checks.TrailingCommentCheckTest
Tests run: 2, Failures: 0, Errors: 0, Skipped: 0, Time elapsed: 0.008 sec - in org.sonar.php.checks.TrailingCommentCheckTest
Running org.sonar.php.checks.CodeFollowingJumpStatementCheckTest
Tests run: 1, Failures: 0, Errors: 0, Skipped: 0, Time elapsed: 0.016 sec - in org.sonar.php.checks.CodeFollowingJumpStatementCheckTest
Running org.sonar.php.checks.ConstructorDeclarationCheckTest
Tests run: 1, Failures: 0, Errors: 0, Skipped: 0, Time elapsed: 0.007 sec - in org.sonar.php.checks.ConstructorDeclarationCheckTest
Running org.sonar.php.checks.LocalVariableAndParameterNameCheckTest
Tests run: 2, Failures: 0, Errors: 0, Skipped: 0, Time elapsed: 0.018 sec - in org.sonar.php.checks.LocalVariableAndParameterNameCheckTest
Running org.sonar.php.checks.MoreThanOneClassInFileCheckTest
Tests run: 4, Failures: 0, Errors: 0, Skipped: 0, Time elapsed: 0.007 sec - in org.sonar.php.checks.MoreThanOneClassInFileCheckTest
Running org.sonar.php.checks.ElseIfSequenceKeywordUsageCheckTest
Tests run: 1, Failures: 0, Errors: 0, Skipped: 0, Time elapsed: 0.009 sec - in org.sonar.php.checks.ElseIfSequenceKeywordUsageCheckTest
Running org.sonar.php.checks.formatting.FunctionSpacingCheckTest
Tests run: 2, Failures: 0, Errors: 0, Skipped: 0, Time elapsed: 0.023 sec - in org.sonar.php.checks.formatting.FunctionSpacingCheckTest
Running org.sonar.php.checks.CallParentConstructorCheckTest
Tests run: 1, Failures: 0, Errors: 0, Skipped: 0, Time elapsed: 0.016 sec - in org.sonar.php.checks.CallParentConstructorCheckTest
Running org.sonar.php.checks.TooManyFunctionParametersCheckTest
Tests run: 3, Failures: 0, Errors: 0, Skipped: 0, Time elapsed: 0.017 sec - in org.sonar.php.checks.TooManyFunctionParametersCheckTest
Running org.sonar.php.checks.FunctionNameCheckTest
Tests run: 2, Failures: 0, Errors: 0, Skipped: 0, Time elapsed: 0.015 sec - in org.sonar.php.checks.FunctionNameCheckTest
Running org.sonar.php.checks.SessionCookiePersistenceCheckTest
Tests run: 3, Failures: 0, Errors: 0, Skipped: 0, Time elapsed: 0.008 sec - in org.sonar.php.checks.SessionCookiePersistenceCheckTest
Running org.sonar.php.checks.CharacterBeforeOpeningPHPTagCheckTest
Tests run: 2, Failures: 0, Errors: 0, Skipped: 0, Time elapsed: 0.006 sec - in org.sonar.php.checks.CharacterBeforeOpeningPHPTagCheckTest
Running org.sonar.php.checks.FixmeTagPresenceCheckTest
Tests run: 1, Failures: 0, Errors: 0, Skipped: 0, Time elapsed: 0.006 sec - in org.sonar.php.checks.FixmeTagPresenceCheckTest
Running org.sonar.php.checks.InterfaceNameCheckTest
Tests run: 1, Failures: 0, Errors: 0, Skipped: 0, Time elapsed: 0.004 sec - in org.sonar.php.checks.InterfaceNameCheckTest
Running org.sonar.php.checks.OverridingMethodSimplyCallParentCheckTest
Tests run: 1, Failures: 0, Errors: 0, Skipped: 0, Time elapsed: 0.022 sec - in org.sonar.php.checks.OverridingMethodSimplyCallParentCheckTest
Running org.sonar.php.checks.FunctionDefineOutsideClassCheckTest
Tests run: 1, Failures: 0, Errors: 0, Skipped: 0, Time elapsed: 0.011 sec - in org.sonar.php.checks.FunctionDefineOutsideClassCheckTest
Running org.sonar.php.checks.DeprecatedPredefinedVariablesUseCheckTest
Tests run: 1, Failures: 0, Errors: 0, Skipped: 0, Time elapsed: 0.009 sec - in org.sonar.php.checks.DeprecatedPredefinedVariablesUseCheckTest
Running org.sonar.php.checks.CallToIniSetCheckTest
Tests run: 1, Failures: 0, Errors: 0, Skipped: 0, Time elapsed: 0.008 sec - in org.sonar.php.checks.CallToIniSetCheckTest
Running org.sonar.php.checks.PhpSapiNameFunctionUsageCheckTest
Tests run: 1, Failures: 0, Errors: 0, Skipped: 0, Time elapsed: 0.007 sec - in org.sonar.php.checks.PhpSapiNameFunctionUsageCheckTest
Running org.sonar.php.checks.ModifiersOrderCheckTest
Tests run: 1, Failures: 0, Errors: 0, Skipped: 0, Time elapsed: 0.007 sec - in org.sonar.php.checks.ModifiersOrderCheckTest
Running org.sonar.php.checks.GenericExceptionCheckTest
Tests run: 6, Failures: 0, Errors: 0, Skipped: 0, Time elapsed: 0.027 sec - in org.sonar.php.checks.GenericExceptionCheckTest
Running org.sonar.php.checks.EmptyNestedBlockCheckTest
Tests run: 1, Failures: 0, Errors: 0, Skipped: 0, Time elapsed: 0.012 sec - in org.sonar.php.checks.EmptyNestedBlockCheckTest
Running org.sonar.php.checks.ThisVariableUsageInStaticContextCheckTest
Tests run: 1, Failures: 0, Errors: 0, Skipped: 0, Time elapsed: 0.006 sec - in org.sonar.php.checks.ThisVariableUsageInStaticContextCheckTest
Running org.sonar.php.checks.NestedControlFlowDepthCheckTest
Tests run: 2, Failures: 0, Errors: 0, Skipped: 0, Time elapsed: 0.025 sec - in org.sonar.php.checks.NestedControlFlowDepthCheckTest
Running org.sonar.php.checks.TooManyFieldsInClassCheckTest
Tests run: 3, Failures: 0, Errors: 0, Skipped: 0, Time elapsed: 0.012 sec - in org.sonar.php.checks.TooManyFieldsInClassCheckTest
Running org.sonar.php.checks.DirectlyAccessingSuperGlobalCheckTest
Tests run: 1, Failures: 0, Errors: 0, Skipped: 0, Time elapsed: 0.006 sec - in org.sonar.php.checks.DirectlyAccessingSuperGlobalCheckTest
Running org.sonar.php.checks.ExitOrDieUsageCheckTest
Tests run: 1, Failures: 0, Errors: 0, Skipped: 0, Time elapsed: 0.005 sec - in org.sonar.php.checks.ExitOrDieUsageCheckTest
Running org.sonar.php.checks.LeftCurlyBraceStartsLineCheckTest
Tests run: 1, Failures: 0, Errors: 0, Skipped: 0, Time elapsed: 0.017 sec - in org.sonar.php.checks.LeftCurlyBraceStartsLineCheckTest

Results :




Tests run: 206, Failures: 0, Errors: 0, Skipped: 0

[INFO] 
[INFO] --- maven-jar-plugin:2.6:jar (default-jar) @ php-checks ---
[INFO] Building jar: /home/travis/build/SonarSource/sonar-php/php-checks/target/php-checks-2.11-SNAPSHOT.jar
[INFO] 
[INFO] --- maven-source-plugin:2.4:jar-no-fork (attach-sources) @ php-checks ---
[INFO] Building jar: /home/travis/build/SonarSource/sonar-php/php-checks/target/php-checks-2.11-SNAPSHOT-sources.jar
[INFO] 
[INFO] ------------------------------------------------------------------------
[INFO] Building SonarPHP :: Sonar Plugin 2.11-SNAPSHOT
[INFO] ------------------------------------------------------------------------
[INFO] 
[INFO] --- buildnumber-maven-plugin:1.4:create (default) @ sonar-php-plugin ---
[INFO] 
[INFO] --- maven-enforcer-plugin:1.4.1:enforce (enforce) @ sonar-php-plugin ---
[INFO] 
[INFO] --- license-maven-plugin:2.11:check (enforce-license-headers) @ sonar-php-plugin ---
[INFO] Checking licenses...
[INFO] 
[INFO] --- sonar-packaging-maven-plugin:1.17:check (default-check) @ sonar-php-plugin ---
[INFO] 
[INFO] --- beanshell-maven-plugin:1.2:run (compute-artifact-display-version) @ sonar-php-plugin ---
[INFO] Executing Script
[INFO] file class java.lang.Object
[INFO] script class java.lang.String
[INFO] evaluating script if (! "2.11-SNAPSHOT".endsWith("-SNAPSHOT")) {
                  // example: "6.3.0.1234".
                  fields = "2.11-SNAPSHOT".split("\\.");
                  if (fields.length == 4) {
                    digitsCountToDisplay = 0;
                    if ("0".equals(fields[2])) {
                      digitsCountToDisplay = 2;
                    } else {
                      digitsCountToDisplay = 3;
                    }
                    sj = new StringJoiner(".");
                    for (int i = 0; i < digitsCountToDisplay; ++i) {
                      sj.add(fields[i]);
                    }
                    project.getProperties().setProperty("sonar.pluginDisplayVersion", sj.toString() + " (build " + fields[3] + ")");
                  }
                }
[INFO] 
[INFO] --- maven-resources-plugin:2.7:resources (default-resources) @ sonar-php-plugin ---
[INFO] Using 'UTF-8' encoding to copy filtered resources.
[INFO] Copying 2 resources
[INFO] 
[INFO] --- maven-compiler-plugin:3.5.1:compile (default-compile) @ sonar-php-plugin ---
[INFO] Changes detected - recompiling the module!
[INFO] Compiling 32 source files to /home/travis/build/SonarSource/sonar-php/sonar-php-plugin/target/classes
[INFO] /home/travis/build/SonarSource/sonar-php/sonar-php-plugin/src/main/java/org/sonar/plugins/php/PHPProfileDefinition.java: Some input files use or override a deprecated API.
[INFO] /home/travis/build/SonarSource/sonar-php/sonar-php-plugin/src/main/java/org/sonar/plugins/php/PHPProfileDefinition.java: Recompile with -Xlint:deprecation for details.
[INFO] 
[INFO] --- maven-resources-plugin:2.7:testResources (default-testResources) @ sonar-php-plugin ---
[INFO] Using 'UTF-8' encoding to copy filtered resources.
[INFO] Copying 26 resources
[INFO] 
[INFO] --- maven-compiler-plugin:3.5.1:testCompile (default-testCompile) @ sonar-php-plugin ---
[INFO] Changes detected - recompiling the module!
[INFO] Compiling 18 source files to /home/travis/build/SonarSource/sonar-php/sonar-php-plugin/target/test-classes
[INFO] /home/travis/build/SonarSource/sonar-php/sonar-php-plugin/src/test/java/org/sonar/plugins/php/FakeProfileParser.java: Some input files use or override a deprecated API.
[INFO] /home/travis/build/SonarSource/sonar-php/sonar-php-plugin/src/test/java/org/sonar/plugins/php/FakeProfileParser.java: Recompile with -Xlint:deprecation for details.
[INFO] /home/travis/build/SonarSource/sonar-php/sonar-php-plugin/src/test/java/org/sonar/plugins/php/PhpPluginTest.java: /home/travis/build/SonarSource/sonar-php/sonar-php-plugin/src/test/java/org/sonar/plugins/php/PhpPluginTest.java uses unchecked or unsafe operations.
[INFO] /home/travis/build/SonarSource/sonar-php/sonar-php-plugin/src/test/java/org/sonar/plugins/php/PhpPluginTest.java: Recompile with -Xlint:unchecked for details.
[INFO] 
[INFO] --- maven-surefire-plugin:2.18:test (default-test) @ sonar-php-plugin ---
[INFO] Surefire report directory: /home/travis/build/SonarSource/sonar-php/sonar-php-plugin/target/surefire-reports

-------------------------------------------------------
 T E S T S
-------------------------------------------------------
Picked up _JAVA_OPTIONS: -Xmx2048m -Xms512m
Running org.sonar.plugins.php.phpunit.CoverageResultImporterTest
WARN  Line with number 0 doesn't belong to file /home/travis/build/SonarSource/sonar-php/sonar-php-plugin/target/test-classes/org/sonar/plugins/php/phpunit/sensor/src/Monkey.php
WARN  Line with number 100 doesn't belong to file /home/travis/build/SonarSource/sonar-php/sonar-php-plugin/target/test-classes/org/sonar/plugins/php/phpunit/sensor/src/Monkey.php
WARN  Could not resolve 2 file paths in report_with_absolute_paths.xml, first unresolved path: /IndexControllerTest.php
Tests run: 7, Failures: 0, Errors: 0, Skipped: 0, Time elapsed: 0.787 sec - in org.sonar.plugins.php.phpunit.CoverageResultImporterTest
Running org.sonar.plugins.php.phpunit.CompatibilityImportersFactoryTest
Tests run: 8, Failures: 0, Errors: 0, Skipped: 0, Time elapsed: 0.044 sec - in org.sonar.plugins.php.phpunit.CompatibilityImportersFactoryTest
Running org.sonar.plugins.php.phpunit.TestResultImporterTest
SLF4J: Failed to load class "org.slf4j.impl.StaticLoggerBinder".
SLF4J: Defaulting to no-operation (NOP) logger implementation
SLF4J: See http://www.slf4j.org/codes.html#StaticLoggerBinder for further details.
Tests run: 1, Failures: 0, Errors: 0, Skipped: 0, Time elapsed: 0.042 sec - in org.sonar.plugins.php.phpunit.TestResultImporterTest
Running org.sonar.plugins.php.api.PhpTest
Tests run: 2, Failures: 0, Errors: 0, Skipped: 0, Time elapsed: 0.008 sec - in org.sonar.plugins.php.api.PhpTest
Running org.sonar.plugins.php.phpunit.xml.TestSuiteTest
Tests run: 4, Failures: 0, Errors: 0, Skipped: 0, Time elapsed: 0.006 sec - in org.sonar.plugins.php.phpunit.xml.TestSuiteTest
Running org.sonar.plugins.php.PhpPluginTest
Tests run: 4, Failures: 0, Errors: 0, Skipped: 0, Time elapsed: 0.023 sec - in org.sonar.plugins.php.PhpPluginTest
Running org.sonar.plugins.php.phpunit.TestFileReportTest
Tests run: 4, Failures: 0, Errors: 0, Skipped: 0, Time elapsed: 0.005 sec - in org.sonar.plugins.php.phpunit.TestFileReportTest
Running org.sonar.plugins.php.phpunit.JUnitLogParserForPhpUnitTest
Tests run: 4, Failures: 0, Errors: 0, Skipped: 0, Time elapsed: 0.024 sec - in org.sonar.plugins.php.phpunit.JUnitLogParserForPhpUnitTest
Running org.sonar.plugins.php.DrupalProfileDefinitionTest
Tests run: 1, Failures: 0, Errors: 0, Skipped: 0, Time elapsed: 0.124 sec - in org.sonar.plugins.php.DrupalProfileDefinitionTest
Running org.sonar.plugins.php.PHPRulesDefinitionTest
Tests run: 2, Failures: 0, Errors: 0, Skipped: 0, Time elapsed: 0.682 sec - in org.sonar.plugins.php.PHPRulesDefinitionTest
Running org.sonar.plugins.php.PHPProfileDefinitionTest
Tests run: 1, Failures: 1, Errors: 0, Skipped: 0, Time elapsed: 0.086 sec <<< FAILURE! - in org.sonar.plugins.php.PHPProfileDefinitionTest
should_create_sonar_way_profile(org.sonar.plugins.php.PHPProfileDefinitionTest)  Time elapsed: 0.084 sec  <<< FAILURE!
java.lang.AssertionError: 
Expected size:<62> but was:<58> in:
<[org.sonar.api.rules.ActiveRule@52045dbe[id=<null>,rule=Rule[id=<null>,name=S101,key=S101,configKey=S101,plugin=php,severity=MAJOR,isTemplate=false,status=READY,language=<null>,template=<null>],priority=MAJOR,params=[]],
    org.sonar.api.rules.ActiveRule@4504d271[id=<null>,rule=Rule[id=<null>,name=S105,key=S105,configKey=S105,plugin=php,severity=MAJOR,isTemplate=false,status=READY,language=<null>,template=<null>],priority=MAJOR,params=[]],
    org.sonar.api.rules.ActiveRule@207b8649[id=<null>,rule=Rule[id=<null>,name=S107,key=S107,configKey=S107,plugin=php,severity=MAJOR,isTemplate=false,status=READY,language=<null>,template=<null>],priority=MAJOR,params=[]],
    org.sonar.api.rules.ActiveRule@65b3a85a[id=<null>,rule=Rule[id=<null>,name=S108,key=S108,configKey=S108,plugin=php,severity=MAJOR,isTemplate=false,status=READY,language=<null>,template=<null>],priority=MAJOR,params=[]],
    org.sonar.api.rules.ActiveRule@34997338[id=<null>,rule=Rule[id=<null>,name=S112,key=S112,configKey=S112,plugin=php,severity=MAJOR,isTemplate=false,status=READY,language=<null>,template=<null>],priority=MAJOR,params=[]],
    org.sonar.api.rules.ActiveRule@57eda880[id=<null>,rule=Rule[id=<null>,name=S114,key=S114,configKey=S114,plugin=php,severity=MAJOR,isTemplate=false,status=READY,language=<null>,template=<null>],priority=MAJOR,params=[]],
    org.sonar.api.rules.ActiveRule@2b5825fa[id=<null>,rule=Rule[id=<null>,name=S115,key=S115,configKey=S115,plugin=php,severity=MAJOR,isTemplate=false,status=READY,language=<null>,template=<null>],priority=MAJOR,params=[]],
    org.sonar.api.rules.ActiveRule@53d1b9b3[id=<null>,rule=Rule[id=<null>,name=S121,key=S121,configKey=S121,plugin=php,severity=MAJOR,isTemplate=false,status=READY,language=<null>,template=<null>],priority=MAJOR,params=[]],
    org.sonar.api.rules.ActiveRule@2cae1042[id=<null>,rule=Rule[id=<null>,name=S125,key=S125,configKey=S125,plugin=php,severity=MAJOR,isTemplate=false,status=READY,language=<null>,template=<null>],priority=MAJOR,params=[]],
    org.sonar.api.rules.ActiveRule@163d04ff[id=<null>,rule=Rule[id=<null>,name=S127,key=S127,configKey=S127,plugin=php,severity=MAJOR,isTemplate=false,status=READY,language=<null>,template=<null>],priority=MAJOR,params=[]],
    org.sonar.api.rules.ActiveRule@7c209437[id=<null>,rule=Rule[id=<null>,name=S131,key=S131,configKey=S131,plugin=php,severity=MAJOR,isTemplate=false,status=READY,language=<null>,template=<null>],priority=MAJOR,params=[]],
    org.sonar.api.rules.ActiveRule@2262b621[id=<null>,rule=Rule[id=<null>,name=S138,key=S138,configKey=S138,plugin=php,severity=MAJOR,isTemplate=false,status=READY,language=<null>,template=<null>],priority=MAJOR,params=[]],
    org.sonar.api.rules.ActiveRule@7e928e2f[id=<null>,rule=Rule[id=<null>,name=S905,key=S905,configKey=S905,plugin=php,severity=MAJOR,isTemplate=false,status=READY,language=<null>,template=<null>],priority=MAJOR,params=[]],
    org.sonar.api.rules.ActiveRule@f667fe[id=<null>,rule=Rule[id=<null>,name=S907,key=S907,configKey=S907,plugin=php,severity=MAJOR,isTemplate=false,status=READY,language=<null>,template=<null>],priority=MAJOR,params=[]],
    org.sonar.api.rules.ActiveRule@788fcafb[id=<null>,rule=Rule[id=<null>,name=S1066,key=S1066,configKey=S1066,plugin=php,severity=MAJOR,isTemplate=false,status=READY,language=<null>,template=<null>],priority=MAJOR,params=[]],
    org.sonar.api.rules.ActiveRule@4febb875[id=<null>,rule=Rule[id=<null>,name=S1068,key=S1068,configKey=S1068,plugin=php,severity=MAJOR,isTemplate=false,status=READY,language=<null>,template=<null>],priority=MAJOR,params=[]],
    org.sonar.api.rules.ActiveRule@25e2a451[id=<null>,rule=Rule[id=<null>,name=S1109,key=S1109,configKey=S1109,plugin=php,severity=MAJOR,isTemplate=false,status=READY,language=<null>,template=<null>],priority=MAJOR,params=[]],
    org.sonar.api.rules.ActiveRule@1698ee84[id=<null>,rule=Rule[id=<null>,name=S1116,key=S1116,configKey=S1116,plugin=php,severity=MAJOR,isTemplate=false,status=READY,language=<null>,template=<null>],priority=MAJOR,params=[]],
    org.sonar.api.rules.ActiveRule@10c626be[id=<null>,rule=Rule[id=<null>,name=S1117,key=S1117,configKey=S1117,plugin=php,severity=MAJOR,isTemplate=false,status=READY,language=<null>,template=<null>],priority=MAJOR,params=[]],
    org.sonar.api.rules.ActiveRule@2fc0cc3[id=<null>,rule=Rule[id=<null>,name=S1125,key=S1125,configKey=S1125,plugin=php,severity=MAJOR,isTemplate=false,status=READY,language=<null>,template=<null>],priority=MAJOR,params=[]],
    org.sonar.api.rules.ActiveRule@328cf0e1[id=<null>,rule=Rule[id=<null>,name=S1126,key=S1126,configKey=S1126,plugin=php,severity=MAJOR,isTemplate=false,status=READY,language=<null>,template=<null>],priority=MAJOR,params=[]],
    org.sonar.api.rules.ActiveRule@63b1d4fa[id=<null>,rule=Rule[id=<null>,name=S1134,key=S1134,configKey=S1134,plugin=php,severity=MAJOR,isTemplate=false,status=READY,language=<null>,template=<null>],priority=MAJOR,params=[]],
    org.sonar.api.rules.ActiveRule@42e3ede4[id=<null>,rule=Rule[id=<null>,name=S1135,key=S1135,configKey=S1135,plugin=php,severity=MAJOR,isTemplate=false,status=READY,language=<null>,template=<null>],priority=MAJOR,params=[]],
    org.sonar.api.rules.ActiveRule@201b6b6f[id=<null>,rule=Rule[id=<null>,name=S1142,key=S1142,configKey=S1142,plugin=php,severity=MAJOR,isTemplate=false,status=READY,language=<null>,template=<null>],priority=MAJOR,params=[]],
    org.sonar.api.rules.ActiveRule@75459c75[id=<null>,rule=Rule[id=<null>,name=S1144,key=S1144,configKey=S1144,plugin=php,severity=MAJOR,isTemplate=false,status=READY,language=<null>,template=<null>],priority=MAJOR,params=[]],
    org.sonar.api.rules.ActiveRule@183e8023[id=<null>,rule=Rule[id=<null>,name=S1145,key=S1145,configKey=S1145,plugin=php,severity=MAJOR,isTemplate=false,status=READY,language=<null>,template=<null>],priority=MAJOR,params=[]],
    org.sonar.api.rules.ActiveRule@45efc20d[id=<null>,rule=Rule[id=<null>,name=S1172,key=S1172,configKey=S1172,plugin=php,severity=MAJOR,isTemplate=false,status=READY,language=<null>,template=<null>],priority=MAJOR,params=[]],
    org.sonar.api.rules.ActiveRule@3e5499cc[id=<null>,rule=Rule[id=<null>,name=S1185,key=S1185,configKey=S1185,plugin=php,severity=MAJOR,isTemplate=false,status=READY,language=<null>,template=<null>],priority=MAJOR,params=[]],
    org.sonar.api.rules.ActiveRule@67ab1c47[id=<null>,rule=Rule[id=<null>,name=S1192,key=S1192,configKey=S1192,plugin=php,severity=MAJOR,isTemplate=false,status=READY,language=<null>,template=<null>],priority=MAJOR,params=[]],
    org.sonar.api.rules.ActiveRule@b78a709[id=<null>,rule=Rule[id=<null>,name=S1264,key=S1264,configKey=S1264,plugin=php,severity=MAJOR,isTemplate=false,status=READY,language=<null>,template=<null>],priority=MAJOR,params=[]],
    org.sonar.api.rules.ActiveRule@30bcf3c1[id=<null>,rule=Rule[id=<null>,name=S1301,key=S1301,configKey=S1301,plugin=php,severity=MAJOR,isTemplate=false,status=READY,language=<null>,template=<null>],priority=MAJOR,params=[]],
    org.sonar.api.rules.ActiveRule@2a3c96e3[id=<null>,rule=Rule[id=<null>,name=S1448,key=S1448,configKey=S1448,plugin=php,severity=MAJOR,isTemplate=false,status=READY,language=<null>,template=<null>],priority=MAJOR,params=[]],
    org.sonar.api.rules.ActiveRule@15cafec7[id=<null>,rule=Rule[id=<null>,name=S1479,key=S1479,configKey=S1479,plugin=php,severity=MAJOR,isTemplate=false,status=READY,language=<null>,template=<null>],priority=MAJOR,params=[]],
    org.sonar.api.rules.ActiveRule@5b444398[id=<null>,rule=Rule[id=<null>,name=S1481,key=S1481,configKey=S1481,plugin=php,severity=MAJOR,isTemplate=false,status=READY,language=<null>,template=<null>],priority=MAJOR,params=[]],
    org.sonar.api.rules.ActiveRule@cb191ca[id=<null>,rule=Rule[id=<null>,name=S1488,key=S1488,configKey=S1488,plugin=php,severity=MAJOR,isTemplate=false,status=READY,language=<null>,template=<null>],priority=MAJOR,params=[]],
    org.sonar.api.rules.ActiveRule@42f48531[id=<null>,rule=Rule[id=<null>,name=S1523,key=S1523,configKey=S1523,plugin=php,severity=MAJOR,isTemplate=false,status=READY,language=<null>,template=<null>],priority=MAJOR,params=[]],
    org.sonar.api.rules.ActiveRule@a776e[id=<null>,rule=Rule[id=<null>,name=S1536,key=S1536,configKey=S1536,plugin=php,severity=MAJOR,isTemplate=false,status=READY,language=<null>,template=<null>],priority=MAJOR,params=[]],
    org.sonar.api.rules.ActiveRule@792bbc74[id=<null>,rule=Rule[id=<null>,name=S1599,key=S1599,configKey=S1599,plugin=php,severity=MAJOR,isTemplate=false,status=READY,language=<null>,template=<null>],priority=MAJOR,params=[]],
    org.sonar.api.rules.ActiveRule@79145d5a[id=<null>,rule=Rule[id=<null>,name=S1600,key=S1600,configKey=S1600,plugin=php,severity=MAJOR,isTemplate=false,status=READY,language=<null>,template=<null>],priority=MAJOR,params=[]],
    org.sonar.api.rules.ActiveRule@1f2f9244[id=<null>,rule=Rule[id=<null>,name=S1603,key=S1603,configKey=S1603,plugin=php,severity=MAJOR,isTemplate=false,status=READY,language=<null>,template=<null>],priority=MAJOR,params=[]],
    org.sonar.api.rules.ActiveRule@4c4d27c8[id=<null>,rule=Rule[id=<null>,name=S1605,key=S1605,configKey=S1605,plugin=php,severity=MAJOR,isTemplate=false,status=READY,language=<null>,template=<null>],priority=MAJOR,params=[]],
    org.sonar.api.rules.ActiveRule@6821ea29[id=<null>,rule=Rule[id=<null>,name=S1656,key=S1656,configKey=S1656,plugin=php,severity=MAJOR,isTemplate=false,status=READY,language=<null>,template=<null>],priority=MAJOR,params=[]],
    org.sonar.api.rules.ActiveRule@338494fa[id=<null>,rule=Rule[id=<null>,name=S1697,key=S1697,configKey=S1697,plugin=php,severity=MAJOR,isTemplate=false,status=READY,language=<null>,template=<null>],priority=MAJOR,params=[]],
    org.sonar.api.rules.ActiveRule@505a9d7c[id=<null>,rule=Rule[id=<null>,name=S1763,key=S1763,configKey=S1763,plugin=php,severity=MAJOR,isTemplate=false,status=READY,language=<null>,template=<null>],priority=MAJOR,params=[]],
    org.sonar.api.rules.ActiveRule@758c83d8[id=<null>,rule=Rule[id=<null>,name=S1764,key=S1764,configKey=S1764,plugin=php,severity=MAJOR,isTemplate=false,status=READY,language=<null>,template=<null>],priority=MAJOR,params=[]],
    org.sonar.api.rules.ActiveRule@129b4fe2[id=<null>,rule=Rule[id=<null>,name=S1788,key=S1788,configKey=S1788,plugin=php,severity=MAJOR,isTemplate=false,status=READY,language=<null>,template=<null>],priority=MAJOR,params=[]],
    org.sonar.api.rules.ActiveRule@5af3a0f[id=<null>,rule=Rule[id=<null>,name=S1848,key=S1848,configKey=S1848,plugin=php,severity=MAJOR,isTemplate=false,status=READY,language=<null>,template=<null>],priority=MAJOR,params=[]],
    org.sonar.api.rules.ActiveRule@19ae6bb[id=<null>,rule=Rule[id=<null>,name=S1862,key=S1862,configKey=S1862,plugin=php,severity=MAJOR,isTemplate=false,status=READY,language=<null>,template=<null>],priority=MAJOR,params=[]],
    org.sonar.api.rules.ActiveRule@10993713[id=<null>,rule=Rule[id=<null>,name=S1871,key=S1871,configKey=S1871,plugin=php,severity=MAJOR,isTemplate=false,status=READY,language=<null>,template=<null>],priority=MAJOR,params=[]],
    org.sonar.api.rules.ActiveRule@58359ebd[id=<null>,rule=Rule[id=<null>,name=S1998,key=S1998,configKey=S1998,plugin=php,severity=MAJOR,isTemplate=false,status=READY,language=<null>,template=<null>],priority=MAJOR,params=[]],
    org.sonar.api.rules.ActiveRule@24b6b8f6[id=<null>,rule=Rule[id=<null>,name=S2004,key=S2004,configKey=S2004,plugin=php,severity=MAJOR,isTemplate=false,status=READY,language=<null>,template=<null>],priority=MAJOR,params=[]],
    org.sonar.api.rules.ActiveRule@72cf2de5[id=<null>,rule=Rule[id=<null>,name=S2010,key=S2010,configKey=S2010,plugin=php,severity=MAJOR,isTemplate=false,status=READY,language=<null>,template=<null>],priority=MAJOR,params=[]],
    org.sonar.api.rules.ActiveRule@2bb7bd00[id=<null>,rule=Rule[id=<null>,name=S2014,key=S2014,configKey=S2014,plugin=php,severity=MAJOR,isTemplate=false,status=READY,language=<null>,template=<null>],priority=MAJOR,params=[]],
    org.sonar.api.rules.ActiveRule@5f031ebd[id=<null>,rule=Rule[id=<null>,name=S2041,key=S2041,configKey=S2041,plugin=php,severity=MAJOR,isTemplate=false,status=READY,language=<null>,template=<null>],priority=MAJOR,params=[]],
    org.sonar.api.rules.ActiveRule@4ee37ca3[id=<null>,rule=Rule[id=<null>,name=S2068,key=S2068,configKey=S2068,plugin=php,severity=MAJOR,isTemplate=false,status=READY,language=<null>,template=<null>],priority=MAJOR,params=[]],
    org.sonar.api.rules.ActiveRule@45c8d09f[id=<null>,rule=Rule[id=<null>,name=S2681,key=S2681,configKey=S2681,plugin=php,severity=MAJOR,isTemplate=false,status=READY,language=<null>,template=<null>],priority=MAJOR,params=[]],
    org.sonar.api.rules.ActiveRule@53812a9b[id=<null>,rule=Rule[id=<null>,name=S2964,key=S2964,configKey=S2964,plugin=php,severity=MAJOR,isTemplate=false,status=READY,language=<null>,template=<null>],priority=MAJOR,params=[]],
    org.sonar.api.rules.ActiveRule@14b030a0[id=<null>,rule=Rule[id=<null>,name=S3776,key=S3776,configKey=S3776,plugin=php,severity=MAJOR,isTemplate=false,status=READY,language=<null>,template=<null>],priority=MAJOR,params=[]]]>
	at org.sonar.plugins.php.PHPProfileDefinitionTest.should_create_sonar_way_profile(PHPProfileDefinitionTest.java:49)

Running org.sonar.plugins.php.phpunit.xml.TestSuitesTest
Tests run: 2, Failures: 0, Errors: 0, Skipped: 0, Time elapsed: 0.016 sec - in org.sonar.plugins.php.phpunit.xml.TestSuitesTest
Running org.sonar.plugins.php.PhpIniSensorTest
ERROR Unable to parse file: /home/travis/build/SonarSource/sonar-php/sonar-php-plugin/src/test/resources/phpini-error/php.ini
ERROR Cannot parse directive at line 1:
invalid content with = and again =...
Tests run: 3, Failures: 0, Errors: 0, Skipped: 0, Time elapsed: 0.11 sec - in org.sonar.plugins.php.PhpIniSensorTest
Running org.sonar.plugins.php.PHPSensorTest
INFO  No PHPUnit test report provided (see 'sonar.php.tests.reportPath' property)
INFO  No PHPUnit coverage reports provided (see 'sonar.php.coverage.reportPaths' property)
INFO  No PHPUnit test report provided (see 'sonar.php.tests.reportPath' property)
INFO  No PHPUnit coverage reports provided (see 'sonar.php.coverage.reportPaths' property)
INFO  No PHPUnit test report provided (see 'sonar.php.tests.reportPath' property)
INFO  No PHPUnit coverage reports provided (see 'sonar.php.coverage.reportPaths' property)
INFO  Analyzing PHPUnit test report: org/sonar/plugins/php/phpunit/sensor/phpunit-junit-report.xml
INFO  Analyzing PHPUnit unit test coverage report: org/sonar/plugins/php/phpunit/sensor/phpunit.coverage.xml
WARN  Could not resolve 3 file paths in phpunit.coverage.xml, first unresolved path: /IndexControllerTest.php
INFO  No PHPUnit integration test coverage report provided (see 'sonar.php.coverage.itReportPath' property)
INFO  No PHPUnit overall coverage report provided (see 'sonar.php.coverage.overallReportPath' property)
INFO  No PHPUnit test report provided (see 'sonar.php.tests.reportPath' property)
INFO  Analyzing PHPUnit coverage report: phpunit-reports/coverage/generated-ut-coverage.xml
INFO  Analyzing PHPUnit coverage report: phpunit-reports/coverage/generated-it-coverage.xml
INFO  Analyzing PHPUnit coverage report: phpunit-reports/coverage/generated-overall-coverage.xml
INFO  No PHPUnit test report provided (see 'sonar.php.tests.reportPath' property)
INFO  Analyzing PHPUnit unit test coverage report: phpunit-reports/coverage/generated-ut-coverage.xml
INFO  Analyzing PHPUnit integration test coverage report: phpunit-reports/coverage/generated-it-coverage.xml
INFO  Analyzing PHPUnit overall coverage report: phpunit-reports/coverage/generated-overall-coverage.xml
INFO  No PHPUnit test report provided (see 'sonar.php.tests.reportPath' property)
INFO  No PHPUnit coverage reports provided (see 'sonar.php.coverage.reportPaths' property)
INFO  No PHPUnit test report provided (see 'sonar.php.tests.reportPath' property)
INFO  No PHPUnit unit test coverage report provided (see 'sonar.php.coverage.reportPath' property)
INFO  No PHPUnit integration test coverage report provided (see 'sonar.php.coverage.itReportPath' property)
INFO  No PHPUnit overall coverage report provided (see 'sonar.php.coverage.overallReportPath' property)
INFO  No PHPUnit test report provided (see 'sonar.php.tests.reportPath' property)
INFO  No PHPUnit coverage reports provided (see 'sonar.php.coverage.reportPaths' property)
INFO  No PHPUnit test report provided (see 'sonar.php.tests.reportPath' property)
INFO  No PHPUnit coverage reports provided (see 'sonar.php.coverage.reportPaths' property)
INFO  No PHPUnit test report provided (see 'sonar.php.tests.reportPath' property)
INFO  No PHPUnit coverage reports provided (see 'sonar.php.coverage.reportPaths' property)
INFO  No PHPUnit test report provided (see 'sonar.php.tests.reportPath' property)
INFO  No PHPUnit coverage reports provided (see 'sonar.php.coverage.reportPaths' property)
INFO  No PHPUnit test report provided (see 'sonar.php.tests.reportPath' property)
INFO  No PHPUnit coverage reports provided (see 'sonar.php.coverage.reportPaths' property)
INFO  No PHPUnit test report provided (see 'sonar.php.tests.reportPath' property)
INFO  No PHPUnit coverage reports provided (see 'sonar.php.coverage.reportPaths' property)
Tests run: 18, Failures: 0, Errors: 0, Skipped: 0, Time elapsed: 2.031 sec - in org.sonar.plugins.php.PHPSensorTest
Running org.sonar.plugins.php.PSR2ProfileDefinitionTest
Tests run: 1, Failures: 0, Errors: 0, Skipped: 0, Time elapsed: 0.009 sec - in org.sonar.plugins.php.PSR2ProfileDefinitionTest
Running org.sonar.plugins.php.phpunit.xml.TestCaseTest
Tests run: 1, Failures: 0, Errors: 0, Skipped: 0, Time elapsed: 0.006 sec - in org.sonar.plugins.php.phpunit.xml.TestCaseTest

Results :

Failed tests: 
  PHPProfileDefinitionTest.should_create_sonar_way_profile:49 
Expected size:<62> but was:<58> in:
<[org.sonar.api.rules.ActiveRule@52045dbe[id=<null>,rule=Rule[id=<null>,name=S101,key=S101,configKey=S101,plugin=php,severity=MAJOR,isTemplate=false,status=READY,language=<null>,template=<null>],priority=MAJOR,params=[]],
    org.sonar.api.rules.ActiveRule@4504d271[id=<null>,rule=Rule[id=<null>,name=S105,key=S105,configKey=S105,plugin=php,severity=MAJOR,isTemplate=false,status=READY,language=<null>,template=<null>],priority=MAJOR,params=[]],
    org.sonar.api.rules.ActiveRule@207b8649[id=<null>,rule=Rule[id=<null>,name=S107,key=S107,configKey=S107,plugin=php,severity=MAJOR,isTemplate=false,status=READY,language=<null>,template=<null>],priority=MAJOR,params=[]],
    org.sonar.api.rules.ActiveRule@65b3a85a[id=<null>,rule=Rule[id=<null>,name=S108,key=S108,configKey=S108,plugin=php,severity=MAJOR,isTemplate=false,status=READY,language=<null>,template=<null>],priority=MAJOR,params=[]],
    org.sonar.api.rules.ActiveRule@34997338[id=<null>,rule=Rule[id=<null>,name=S112,key=S112,configKey=S112,plugin=php,severity=MAJOR,isTemplate=false,status=READY,language=<null>,template=<null>],priority=MAJOR,params=[]],
    org.sonar.api.rules.ActiveRule@57eda880[id=<null>,rule=Rule[id=<null>,name=S114,key=S114,configKey=S114,plugin=php,severity=MAJOR,isTemplate=false,status=READY,language=<null>,template=<null>],priority=MAJOR,params=[]],
    org.sonar.api.rules.ActiveRule@2b5825fa[id=<null>,rule=Rule[id=<null>,name=S115,key=S115,configKey=S115,plugin=php,severity=MAJOR,isTemplate=false,status=READY,language=<null>,template=<null>],priority=MAJOR,params=[]],
    org.sonar.api.rules.ActiveRule@53d1b9b3[id=<null>,rule=Rule[id=<null>,name=S121,key=S121,configKey=S121,plugin=php,severity=MAJOR,isTemplate=false,status=READY,language=<null>,template=<null>],priority=MAJOR,params=[]],
    org.sonar.api.rules.ActiveRule@2cae1042[id=<null>,rule=Rule[id=<null>,name=S125,key=S125,configKey=S125,plugin=php,severity=MAJOR,isTemplate=false,status=READY,language=<null>,template=<null>],priority=MAJOR,params=[]],
    org.sonar.api.rules.ActiveRule@163d04ff[id=<null>,rule=Rule[id=<null>,name=S127,key=S127,configKey=S127,plugin=php,severity=MAJOR,isTemplate=false,status=READY,language=<null>,template=<null>],priority=MAJOR,params=[]],
    org.sonar.api.rules.ActiveRule@7c209437[id=<null>,rule=Rule[id=<null>,name=S131,key=S131,configKey=S131,plugin=php,severity=MAJOR,isTemplate=false,status=READY,language=<null>,template=<null>],priority=MAJOR,params=[]],
    org.sonar.api.rules.ActiveRule@2262b621[id=<null>,rule=Rule[id=<null>,name=S138,key=S138,configKey=S138,plugin=php,severity=MAJOR,isTemplate=false,status=READY,language=<null>,template=<null>],priority=MAJOR,params=[]],
    org.sonar.api.rules.ActiveRule@7e928e2f[id=<null>,rule=Rule[id=<null>,name=S905,key=S905,configKey=S905,plugin=php,severity=MAJOR,isTemplate=false,status=READY,language=<null>,template=<null>],priority=MAJOR,params=[]],
    org.sonar.api.rules.ActiveRule@f667fe[id=<null>,rule=Rule[id=<null>,name=S907,key=S907,configKey=S907,plugin=php,severity=MAJOR,isTemplate=false,status=READY,language=<null>,template=<null>],priority=MAJOR,params=[]],
    org.sonar.api.rules.ActiveRule@788fcafb[id=<null>,rule=Rule[id=<null>,name=S1066,key=S1066,configKey=S1066,plugin=php,severity=MAJOR,isTemplate=false,status=READY,language=<null>,template=<null>],priority=MAJOR,params=[]],
    org.sonar.api.rules.ActiveRule@4febb875[id=<null>,rule=Rule[id=<null>,name=S1068,key=S1068,configKey=S1068,plugin=php,severity=MAJOR,isTemplate=false,status=READY,language=<null>,template=<null>],priority=MAJOR,params=[]],
    org.sonar.api.rules.ActiveRule@25e2a451[id=<null>,rule=Rule[id=<null>,name=S1109,key=S1109,configKey=S1109,plugin=php,severity=MAJOR,isTemplate=false,status=READY,language=<null>,template=<null>],priority=MAJOR,params=[]],
    org.sonar.api.rules.ActiveRule@1698ee84[id=<null>,rule=Rule[id=<null>,name=S1116,key=S1116,configKey=S1116,plugin=php,severity=MAJOR,isTemplate=false,status=READY,language=<null>,template=<null>],priority=MAJOR,params=[]],
    org.sonar.api.rules.ActiveRule@10c626be[id=<null>,rule=Rule[id=<null>,name=S1117,key=S1117,configKey=S1117,plugin=php,severity=MAJOR,isTemplate=false,status=READY,language=<null>,template=<null>],priority=MAJOR,params=[]],
    org.sonar.api.rules.ActiveRule@2fc0cc3[id=<null>,rule=Rule[id=<null>,name=S1125,key=S1125,configKey=S1125,plugin=php,severity=MAJOR,isTemplate=false,status=READY,language=<null>,template=<null>],priority=MAJOR,params=[]],
    org.sonar.api.rules.ActiveRule@328cf0e1[id=<null>,rule=Rule[id=<null>,name=S1126,key=S1126,configKey=S1126,plugin=php,severity=MAJOR,isTemplate=false,status=READY,language=<null>,template=<null>],priority=MAJOR,params=[]],
    org.sonar.api.rules.ActiveRule@63b1d4fa[id=<null>,rule=Rule[id=<null>,name=S1134,key=S1134,configKey=S1134,plugin=php,severity=MAJOR,isTemplate=false,status=READY,language=<null>,template=<null>],priority=MAJOR,params=[]],
    org.sonar.api.rules.ActiveRule@42e3ede4[id=<null>,rule=Rule[id=<null>,name=S1135,key=S1135,configKey=S1135,plugin=php,severity=MAJOR,isTemplate=false,status=READY,language=<null>,template=<null>],priority=MAJOR,params=[]],
    org.sonar.api.rules.ActiveRule@201b6b6f[id=<null>,rule=Rule[id=<null>,name=S1142,key=S1142,configKey=S1142,plugin=php,severity=MAJOR,isTemplate=false,status=READY,language=<null>,template=<null>],priority=MAJOR,params=[]],
    org.sonar.api.rules.ActiveRule@75459c75[id=<null>,rule=Rule[id=<null>,name=S1144,key=S1144,configKey=S1144,plugin=php,severity=MAJOR,isTemplate=false,status=READY,language=<null>,template=<null>],priority=MAJOR,params=[]],
    org.sonar.api.rules.ActiveRule@183e8023[id=<null>,rule=Rule[id=<null>,name=S1145,key=S1145,configKey=S1145,plugin=php,severity=MAJOR,isTemplate=false,status=READY,language=<null>,template=<null>],priority=MAJOR,params=[]],
    org.sonar.api.rules.ActiveRule@45efc20d[id=<null>,rule=Rule[id=<null>,name=S1172,key=S1172,configKey=S1172,plugin=php,severity=MAJOR,isTemplate=false,status=READY,language=<null>,template=<null>],priority=MAJOR,params=[]],
    org.sonar.api.rules.ActiveRule@3e5499cc[id=<null>,rule=Rule[id=<null>,name=S1185,key=S1185,configKey=S1185,plugin=php,severity=MAJOR,isTemplate=false,status=READY,language=<null>,template=<null>],priority=MAJOR,params=[]],
    org.sonar.api.rules.ActiveRule@67ab1c47[id=<null>,rule=Rule[id=<null>,name=S1192,key=S1192,configKey=S1192,plugin=php,severity=MAJOR,isTemplate=false,status=READY,language=<null>,template=<null>],priority=MAJOR,params=[]],
    org.sonar.api.rules.ActiveRule@b78a709[id=<null>,rule=Rule[id=<null>,name=S1264,key=S1264,configKey=S1264,plugin=php,severity=MAJOR,isTemplate=false,status=READY,language=<null>,template=<null>],priority=MAJOR,params=[]],
    org.sonar.api.rules.ActiveRule@30bcf3c1[id=<null>,rule=Rule[id=<null>,name=S1301,key=S1301,configKey=S1301,plugin=php,severity=MAJOR,isTemplate=false,status=READY,language=<null>,template=<null>],priority=MAJOR,params=[]],
    org.sonar.api.rules.ActiveRule@2a3c96e3[id=<null>,rule=Rule[id=<null>,name=S1448,key=S1448,configKey=S1448,plugin=php,severity=MAJOR,isTemplate=false,status=READY,language=<null>,template=<null>],priority=MAJOR,params=[]],
    org.sonar.api.rules.ActiveRule@15cafec7[id=<null>,rule=Rule[id=<null>,name=S1479,key=S1479,configKey=S1479,plugin=php,severity=MAJOR,isTemplate=false,status=READY,language=<null>,template=<null>],priority=MAJOR,params=[]],
    org.sonar.api.rules.ActiveRule@5b444398[id=<null>,rule=Rule[id=<null>,name=S1481,key=S1481,configKey=S1481,plugin=php,severity=MAJOR,isTemplate=false,status=READY,language=<null>,template=<null>],priority=MAJOR,params=[]],
    org.sonar.api.rules.ActiveRule@cb191ca[id=<null>,rule=Rule[id=<null>,name=S1488,key=S1488,configKey=S1488,plugin=php,severity=MAJOR,isTemplate=false,status=READY,language=<null>,template=<null>],priority=MAJOR,params=[]],
    org.sonar.api.rules.ActiveRule@42f48531[id=<null>,rule=Rule[id=<null>,name=S1523,key=S1523,configKey=S1523,plugin=php,severity=MAJOR,isTemplate=false,status=READY,language=<null>,template=<null>],priority=MAJOR,params=[]],
    org.sonar.api.rules.ActiveRule@a776e[id=<null>,rule=Rule[id=<null>,name=S1536,key=S1536,configKey=S1536,plugin=php,severity=MAJOR,isTemplate=false,status=READY,language=<null>,template=<null>],priority=MAJOR,params=[]],
    org.sonar.api.rules.ActiveRule@792bbc74[id=<null>,rule=Rule[id=<null>,name=S1599,key=S1599,configKey=S1599,plugin=php,severity=MAJOR,isTemplate=false,status=READY,language=<null>,template=<null>],priority=MAJOR,params=[]],
    org.sonar.api.rules.ActiveRule@79145d5a[id=<null>,rule=Rule[id=<null>,name=S1600,key=S1600,configKey=S1600,plugin=php,severity=MAJOR,isTemplate=false,status=READY,language=<null>,template=<null>],priority=MAJOR,params=[]],
    org.sonar.api.rules.ActiveRule@1f2f9244[id=<null>,rule=Rule[id=<null>,name=S1603,key=S1603,configKey=S1603,plugin=php,severity=MAJOR,isTemplate=false,status=READY,language=<null>,template=<null>],priority=MAJOR,params=[]],
    org.sonar.api.rules.ActiveRule@4c4d27c8[id=<null>,rule=Rule[id=<null>,name=S1605,key=S1605,configKey=S1605,plugin=php,severity=MAJOR,isTemplate=false,status=READY,language=<null>,template=<null>],priority=MAJOR,params=[]],
    org.sonar.api.rules.ActiveRule@6821ea29[id=<null>,rule=Rule[id=<null>,name=S1656,key=S1656,configKey=S1656,plugin=php,severity=MAJOR,isTemplate=false,status=READY,language=<null>,template=<null>],priority=MAJOR,params=[]],
    org.sonar.api.rules.ActiveRule@338494fa[id=<null>,rule=Rule[id=<null>,name=S1697,key=S1697,configKey=S1697,plugin=php,severity=MAJOR,isTemplate=false,status=READY,language=<null>,template=<null>],priority=MAJOR,params=[]],
    org.sonar.api.rules.ActiveRule@505a9d7c[id=<null>,rule=Rule[id=<null>,name=S1763,key=S1763,configKey=S1763,plugin=php,severity=MAJOR,isTemplate=false,status=READY,language=<null>,template=<null>],priority=MAJOR,params=[]],
    org.sonar.api.rules.ActiveRule@758c83d8[id=<null>,rule=Rule[id=<null>,name=S1764,key=S1764,configKey=S1764,plugin=php,severity=MAJOR,isTemplate=false,status=READY,language=<null>,template=<null>],priority=MAJOR,params=[]],
    org.sonar.api.rules.ActiveRule@129b4fe2[id=<null>,rule=Rule[id=<null>,name=S1788,key=S1788,configKey=S1788,plugin=php,severity=MAJOR,isTemplate=false,status=READY,language=<null>,template=<null>],priority=MAJOR,params=[]],
    org.sonar.api.rules.ActiveRule@5af3a0f[id=<null>,rule=Rule[id=<null>,name=S1848,key=S1848,configKey=S1848,plugin=php,severity=MAJOR,isTemplate=false,status=READY,language=<null>,template=<null>],priority=MAJOR,params=[]],
    org.sonar.api.rules.ActiveRule@19ae6bb[id=<null>,rule=Rule[id=<null>,name=S1862,key=S1862,configKey=S1862,plugin=php,severity=MAJOR,isTemplate=false,status=READY,language=<null>,template=<null>],priority=MAJOR,params=[]],
    org.sonar.api.rules.ActiveRule@10993713[id=<null>,rule=Rule[id=<null>,name=S1871,key=S1871,configKey=S1871,plugin=php,severity=MAJOR,isTemplate=false,status=READY,language=<null>,template=<null>],priority=MAJOR,params=[]],
    org.sonar.api.rules.ActiveRule@58359ebd[id=<null>,rule=Rule[id=<null>,name=S1998,key=S1998,configKey=S1998,plugin=php,severity=MAJOR,isTemplate=false,status=READY,language=<null>,template=<null>],priority=MAJOR,params=[]],
    org.sonar.api.rules.ActiveRule@24b6b8f6[id=<null>,rule=Rule[id=<null>,name=S2004,key=S2004,configKey=S2004,plugin=php,severity=MAJOR,isTemplate=false,status=READY,language=<null>,template=<null>],priority=MAJOR,params=[]],
    org.sonar.api.rules.ActiveRule@72cf2de5[id=<null>,rule=Rule[id=<null>,name=S2010,key=S2010,configKey=S2010,plugin=php,severity=MAJOR,isTemplate=false,status=READY,language=<null>,template=<null>],priority=MAJOR,params=[]],
    org.sonar.api.rules.ActiveRule@2bb7bd00[id=<null>,rule=Rule[id=<null>,name=S2014,key=S2014,configKey=S2014,plugin=php,severity=MAJOR,isTemplate=false,status=READY,language=<null>,template=<null>],priority=MAJOR,params=[]],
    org.sonar.api.rules.ActiveRule@5f031ebd[id=<null>,rule=Rule[id=<null>,name=S2041,key=S2041,configKey=S2041,plugin=php,severity=MAJOR,isTemplate=false,status=READY,language=<null>,template=<null>],priority=MAJOR,params=[]],
    org.sonar.api.rules.ActiveRule@4ee37ca3[id=<null>,rule=Rule[id=<null>,name=S2068,key=S2068,configKey=S2068,plugin=php,severity=MAJOR,isTemplate=false,status=READY,language=<null>,template=<null>],priority=MAJOR,params=[]],
    org.sonar.api.rules.ActiveRule@45c8d09f[id=<null>,rule=Rule[id=<null>,name=S2681,key=S2681,configKey=S2681,plugin=php,severity=MAJOR,isTemplate=false,status=READY,language=<null>,template=<null>],priority=MAJOR,params=[]],
    org.sonar.api.rules.ActiveRule@53812a9b[id=<null>,rule=Rule[id=<null>,name=S2964,key=S2964,configKey=S2964,plugin=php,severity=MAJOR,isTemplate=false,status=READY,language=<null>,template=<null>],priority=MAJOR,params=[]],
    org.sonar.api.rules.ActiveRule@14b030a0[id=<null>,rule=Rule[id=<null>,name=S3776,key=S3776,configKey=S3776,plugin=php,severity=MAJOR,isTemplate=false,status=READY,language=<null>,template=<null>],priority=MAJOR,params=[]]]>



Tests run: 63, Failures: 1, Errors: 0, Skipped: 0

[INFO] ------------------------------------------------------------------------
[INFO] Reactor Summary:
[INFO] 
[INFO] SonarPHP ........................................... SUCCESS [  2.841 s]
[INFO] SonarPHP :: Frontend ............................... SUCCESS [ 18.221 s]
[INFO] SonarPHP :: Checks ................................. SUCCESS [  8.644 s]
[INFO] SonarPHP :: Sonar Plugin ........................... FAILURE [  5.616 s]
[INFO] ------------------------------------------------------------------------
[INFO] BUILD FAILURE
[INFO] ------------------------------------------------------------------------
[INFO] Total time: 37.849 s
[INFO] Finished at: 2017-10-16T16:36:03Z
[INFO] Final Memory: 40M/785M
[INFO] ------------------------------------------------------------------------
[ERROR] Failed to execute goal org.apache.maven.plugins:maven-surefire-plugin:2.18:test (default-test) on project sonar-php-plugin: There are test failures.
[ERROR] 
[ERROR] Please refer to /home/travis/build/SonarSource/sonar-php/sonar-php-plugin/target/surefire-reports for the individual test results.
[ERROR] -> [Help 1]
org.apache.maven.lifecycle.LifecycleExecutionException: Failed to execute goal org.apache.maven.plugins:maven-surefire-plugin:2.18:test (default-test) on project sonar-php-plugin: There are test failures.

Please refer to /home/travis/build/SonarSource/sonar-php/sonar-php-plugin/target/surefire-reports for the individual test results.
	at org.apache.maven.lifecycle.internal.MojoExecutor.execute(MojoExecutor.java:213)
	at org.apache.maven.lifecycle.internal.MojoExecutor.execute(MojoExecutor.java:154)
	at org.apache.maven.lifecycle.internal.MojoExecutor.execute(MojoExecutor.java:146)
	at org.apache.maven.lifecycle.internal.LifecycleModuleBuilder.buildProject(LifecycleModuleBuilder.java:117)
	at org.apache.maven.lifecycle.internal.LifecycleModuleBuilder.buildProject(LifecycleModuleBuilder.java:81)
	at org.apache.maven.lifecycle.internal.builder.singlethreaded.SingleThreadedBuilder.build(SingleThreadedBuilder.java:51)
	at org.apache.maven.lifecycle.internal.LifecycleStarter.execute(LifecycleStarter.java:128)
	at org.apache.maven.DefaultMaven.doExecute(DefaultMaven.java:309)
	at org.apache.maven.DefaultMaven.doExecute(DefaultMaven.java:194)
	at org.apache.maven.DefaultMaven.execute(DefaultMaven.java:107)
	at org.apache.maven.cli.MavenCli.execute(MavenCli.java:993)
	at org.apache.maven.cli.MavenCli.doMain(MavenCli.java:345)
	at org.apache.maven.cli.MavenCli.main(MavenCli.java:191)
	at sun.reflect.NativeMethodAccessorImpl.invoke0(Native Method)
	at sun.reflect.NativeMethodAccessorImpl.invoke(NativeMethodAccessorImpl.java:62)
	at sun.reflect.DelegatingMethodAccessorImpl.invoke(DelegatingMethodAccessorImpl.java:43)
	at java.lang.reflect.Method.invoke(Method.java:498)
	at org.codehaus.plexus.classworlds.launcher.Launcher.launchEnhanced(Launcher.java:289)
	at org.codehaus.plexus.classworlds.launcher.Launcher.launch(Launcher.java:229)
	at org.codehaus.plexus.classworlds.launcher.Launcher.mainWithExitCode(Launcher.java:415)
	at org.codehaus.plexus.classworlds.launcher.Launcher.main(Launcher.java:356)
Caused by: org.apache.maven.plugin.MojoFailureException: There are test failures.

Please refer to /home/travis/build/SonarSource/sonar-php/sonar-php-plugin/target/surefire-reports for the individual test results.
	at org.apache.maven.plugin.surefire.SurefireHelper.reportExecution(SurefireHelper.java:82)
	at org.apache.maven.plugin.surefire.SurefirePlugin.handleSummary(SurefirePlugin.java:213)
	at org.apache.maven.plugin.surefire.AbstractSurefireMojo.executeAfterPreconditionsChecked(AbstractSurefireMojo.java:883)
	at org.apache.maven.plugin.surefire.AbstractSurefireMojo.execute(AbstractSurefireMojo.java:751)
	at org.apache.maven.plugin.DefaultBuildPluginManager.executeMojo(DefaultBuildPluginManager.java:134)
	at org.apache.maven.lifecycle.internal.MojoExecutor.execute(MojoExecutor.java:208)
	... 20 more
[ERROR] 
[ERROR] Re-run Maven using the -X switch to enable full debug logging.
[ERROR] 
[ERROR] For more information about the errors and possible solutions, please read the following articles:
[ERROR] [Help 1] http://cwiki.apache.org/confluence/display/MAVEN/MojoFailureException
[ERROR] 
[ERROR] After correcting the problems, you can resume the build with the command
[ERROR]   mvn <goals> -rf :sonar-php-plugin

travis_time:end:04386528:start=1508171723365776834,finish=1508171764172537614,duration=40806760780[0K
[31;1mThe command "./travis.sh" exited with 1.[0m
travis_fold:start:cache.2[0Kstore build cache
travis_time:start:282a2b5c[0K
travis_time:end:282a2b5c:start=1508171764180919605,finish=1508171764187535659,duration=6616054[0Ktravis_time:start:03e588f4[0K[32;1mnothing changed, not updating cache[0m

travis_time:end:03e588f4:start=1508171764195381367,finish=1508171766104237282,duration=1908855915[0Ktravis_fold:end:cache.2[0K
Done. Your build exited with 1.
