Using worker: worker-linux-docker-46994cc0.prod.travis-ci.org:travis-linux-4

travis_fold:start:system_info[0K[33;1mBuild system information[0m
Build language: java
Build group: stable
Build dist: precise
[34m[1mBuild image provisioning date and time[0m
Thu Feb  5 15:09:33 UTC 2015
[34m[1mOperating System Details[0m
Distributor ID:	Ubuntu
Description:	Ubuntu 12.04.5 LTS
Release:	12.04
Codename:	precise
[34m[1mLinux Version[0m
3.13.0-29-generic
[34m[1mCookbooks Version[0m
a68419e https://github.com/travis-ci/travis-cookbooks/tree/a68419e
[34m[1mGCC version[0m
gcc (Ubuntu/Linaro 4.6.3-1ubuntu5) 4.6.3
Copyright (C) 2011 Free Software Foundation, Inc.
This is free software; see the source for copying conditions.  There is NO
warranty; not even for MERCHANTABILITY or FITNESS FOR A PARTICULAR PURPOSE.

[34m[1mLLVM version[0m
clang version 3.4 (tags/RELEASE_34/final)
Target: x86_64-unknown-linux-gnu
Thread model: posix
[34m[1mPre-installed Ruby versions[0m
ruby-1.9.3-p551
[34m[1mPre-installed Node.js versions[0m
v0.10.36
[34m[1mPre-installed Go versions[0m
1.4.1
[34m[1mRedis version[0m
redis-server 2.8.19
[34m[1mriak version[0m
2.0.2
[34m[1mMongoDB version[0m
MongoDB 2.4.12
[34m[1mCouchDB version[0m
couchdb 1.6.1
[34m[1mNeo4j version[0m
1.9.4
[34m[1mRabbitMQ Version[0m
3.4.3
[34m[1mElasticSearch version[0m
1.4.0
[34m[1mInstalled Sphinx versions[0m
2.0.10
2.1.9
2.2.6
[34m[1mDefault Sphinx version[0m
2.2.6
[34m[1mInstalled Firefox version[0m
firefox 31.0esr
[34m[1mPhantomJS version[0m
1.9.8
[34m[1mant -version[0m
Apache Ant(TM) version 1.8.2 compiled on December 3 2011
[34m[1mmvn -version[0m
Apache Maven 3.2.5 (12a6b3acb947671f09b81f49094c53f426d8cea1; 2014-12-14T17:29:23+00:00)
Maven home: /usr/local/maven
Java version: 1.7.0_76, vendor: Oracle Corporation
Java home: /usr/lib/jvm/java-7-oracle/jre
Default locale: en_US, platform encoding: ANSI_X3.4-1968
OS name: "linux", version: "3.13.0-29-generic", arch: "amd64", family: "unix"
travis_fold:end:system_info[0K
travis_fold:start:fix.CVE-2015-7547[0K$ export DEBIAN_FRONTEND=noninteractive
W: Size of file /var/lib/apt/lists/us.archive.ubuntu.com_ubuntu_dists_precise-backports_multiverse_source_Sources.gz is not what the server reported 5886 5888
W: Size of file /var/lib/apt/lists/ppa.launchpad.net_ubuntugis_ppa_ubuntu_dists_precise_main_binary-amd64_Packages.gz is not what the server reported 36669 36677
W: Size of file /var/lib/apt/lists/ppa.launchpad.net_ubuntugis_ppa_ubuntu_dists_precise_main_binary-i386_Packages.gz is not what the server reported 36729 36733
Reading package lists...
Building dependency tree...
Reading state information...
The following extra packages will be installed:
  libc-bin libc-dev-bin libc6-dev
Suggested packages:
  glibc-doc
The following packages will be upgraded:
  libc-bin libc-dev-bin libc6 libc6-dev
4 upgraded, 0 newly installed, 0 to remove and 246 not upgraded.
Need to get 8,840 kB of archives.
After this operation, 14.3 kB disk space will be freed.
Get:1 http://us.archive.ubuntu.com/ubuntu/ precise-updates/main libc6-dev amd64 2.15-0ubuntu10.15 [2,943 kB]
Get:2 http://us.archive.ubuntu.com/ubuntu/ precise-updates/main libc-dev-bin amd64 2.15-0ubuntu10.15 [84.7 kB]
Get:3 http://us.archive.ubuntu.com/ubuntu/ precise-updates/main libc-bin amd64 2.15-0ubuntu10.15 [1,177 kB]
Get:4 http://us.archive.ubuntu.com/ubuntu/ precise-updates/main libc6 amd64 2.15-0ubuntu10.15 [4,636 kB]
Fetched 8,840 kB in 1s (8,083 kB/s)
Preconfiguring packages ...
(Reading database ... (Reading database ... 5%(Reading database ... 10%(Reading database ... 15%(Reading database ... 20%(Reading database ... 25%(Reading database ... 30%(Reading database ... 35%(Reading database ... 40%(Reading database ... 45%(Reading database ... 50%(Reading database ... 55%(Reading database ... 60%(Reading database ... 65%(Reading database ... 70%(Reading database ... 75%(Reading database ... 80%(Reading database ... 85%(Reading database ... 90%(Reading database ... 95%(Reading database ... 100%(Reading database ... 72019 files and directories currently installed.)
Preparing to replace libc6-dev 2.15-0ubuntu10.10 (using .../libc6-dev_2.15-0ubuntu10.15_amd64.deb) ...
Unpacking replacement libc6-dev ...
Preparing to replace libc-dev-bin 2.15-0ubuntu10.10 (using .../libc-dev-bin_2.15-0ubuntu10.15_amd64.deb) ...
Unpacking replacement libc-dev-bin ...
Preparing to replace libc-bin 2.15-0ubuntu10.10 (using .../libc-bin_2.15-0ubuntu10.15_amd64.deb) ...
Unpacking replacement libc-bin ...
Processing triggers for man-db ...
Setting up libc-bin (2.15-0ubuntu10.15) ...
(Reading database ... (Reading database ... 5%(Reading database ... 10%(Reading database ... 15%(Reading database ... 20%(Reading database ... 25%(Reading database ... 30%(Reading database ... 35%(Reading database ... 40%(Reading database ... 45%(Reading database ... 50%(Reading database ... 55%(Reading database ... 60%(Reading database ... 65%(Reading database ... 70%(Reading database ... 75%(Reading database ... 80%(Reading database ... 85%(Reading database ... 90%(Reading database ... 95%(Reading database ... 100%(Reading database ... 72018 files and directories currently installed.)
Preparing to replace libc6 2.15-0ubuntu10.10 (using .../libc6_2.15-0ubuntu10.15_amd64.deb) ...
Unpacking replacement libc6 ...
Setting up libc6 (2.15-0ubuntu10.15) ...
Setting up libc-dev-bin (2.15-0ubuntu10.15) ...
Setting up libc6-dev (2.15-0ubuntu10.15) ...
Processing triggers for libc-bin ...
ldconfig deferred processing now taking place
travis_fold:end:fix.CVE-2015-7547[0Ktravis_fold:start:git.checkout[0Ktravis_time:start:11ad7b58[0K$ git clone --depth=50 https://github.com/NitorCreations/nflow.git NitorCreations/nflow
Cloning into 'NitorCreations/nflow'...
remote: Counting objects: 1832, done.[K
remote: Compressing objects:   0% (1/860)   [Kremote: Compressing objects:   1% (9/860)   [Kremote: Compressing objects:   2% (18/860)   [Kremote: Compressing objects:   3% (26/860)   [Kremote: Compressing objects:   4% (35/860)   [Kremote: Compressing objects:   5% (43/860)   [Kremote: Compressing objects:   6% (52/860)   [Kremote: Compressing objects:   7% (61/860)   [Kremote: Compressing objects:   8% (69/860)   [Kremote: Compressing objects:   9% (78/860)   [Kremote: Compressing objects:  10% (86/860)   [Kremote: Compressing objects:  11% (95/860)   [Kremote: Compressing objects:  12% (104/860)   [Kremote: Compressing objects:  13% (112/860)   [Kremote: Compressing objects:  14% (121/860)   [Kremote: Compressing objects:  15% (129/860)   [Kremote: Compressing objects:  16% (138/860)   [Kremote: Compressing objects:  17% (147/860)   [Kremote: Compressing objects:  18% (155/860)   [Kremote: Compressing objects:  19% (164/860)   [Kremote: Compressing objects:  20% (172/860)   [Kremote: Compressing objects:  21% (181/860)   [Kremote: Compressing objects:  22% (190/860)   [Kremote: Compressing objects:  23% (198/860)   [Kremote: Compressing objects:  24% (207/860)   [Kremote: Compressing objects:  25% (215/860)   [Kremote: Compressing objects:  26% (224/860)   [Kremote: Compressing objects:  27% (233/860)   [Kremote: Compressing objects:  28% (241/860)   [Kremote: Compressing objects:  29% (250/860)   [Kremote: Compressing objects:  30% (258/860)   [Kremote: Compressing objects:  31% (267/860)   [Kremote: Compressing objects:  32% (276/860)   [Kremote: Compressing objects:  33% (284/860)   [Kremote: Compressing objects:  34% (293/860)   [Kremote: Compressing objects:  35% (301/860)   [Kremote: Compressing objects:  36% (310/860)   [Kremote: Compressing objects:  37% (319/860)   [Kremote: Compressing objects:  38% (327/860)   [Kremote: Compressing objects:  39% (336/860)   [Kremote: Compressing objects:  40% (344/860)   [Kremote: Compressing objects:  41% (353/860)   [Kremote: Compressing objects:  42% (362/860)   [Kremote: Compressing objects:  43% (370/860)   [Kremote: Compressing objects:  44% (379/860)   [Kremote: Compressing objects:  45% (387/860)   [Kremote: Compressing objects:  46% (396/860)   [Kremote: Compressing objects:  47% (405/860)   [Kremote: Compressing objects:  48% (413/860)   [Kremote: Compressing objects:  49% (422/860)   [Kremote: Compressing objects:  50% (430/860)   [Kremote: Compressing objects:  51% (439/860)   [Kremote: Compressing objects:  52% (448/860)   [Kremote: Compressing objects:  53% (456/860)   [Kremote: Compressing objects:  54% (465/860)   [Kremote: Compressing objects:  55% (473/860)   [Kremote: Compressing objects:  56% (482/860)   [Kremote: Compressing objects:  57% (491/860)   [Kremote: Compressing objects:  58% (499/860)   [Kremote: Compressing objects:  59% (508/860)   [Kremote: Compressing objects:  60% (516/860)   [Kremote: Compressing objects:  61% (525/860)   [Kremote: Compressing objects:  62% (534/860)   [Kremote: Compressing objects:  63% (542/860)   [Kremote: Compressing objects:  64% (551/860)   [Kremote: Compressing objects:  65% (559/860)   [Kremote: Compressing objects:  66% (568/860)   [Kremote: Compressing objects:  67% (577/860)   [Kremote: Compressing objects:  68% (585/860)   [Kremote: Compressing objects:  69% (594/860)   [Kremote: Compressing objects:  70% (602/860)   [Kremote: Compressing objects:  71% (611/860)   [Kremote: Compressing objects:  72% (620/860)   [Kremote: Compressing objects:  73% (628/860)   [Kremote: Compressing objects:  74% (637/860)   [Kremote: Compressing objects:  75% (645/860)   [Kremote: Compressing objects:  76% (654/860)   [Kremote: Compressing objects:  77% (663/860)   [Kremote: Compressing objects:  78% (671/860)   [Kremote: Compressing objects:  79% (680/860)   [Kremote: Compressing objects:  80% (688/860)   [Kremote: Compressing objects:  81% (697/860)   [Kremote: Compressing objects:  82% (706/860)   [Kremote: Compressing objects:  83% (714/860)   [Kremote: Compressing objects:  84% (723/860)   [Kremote: Compressing objects:  85% (731/860)   [Kremote: Compressing objects:  86% (740/860)   [Kremote: Compressing objects:  87% (749/860)   [Kremote: Compressing objects:  88% (757/860)   [Kremote: Compressing objects:  89% (766/860)   [Kremote: Compressing objects:  90% (774/860)   [Kremote: Compressing objects:  91% (783/860)   [Kremote: Compressing objects:  92% (792/860)   [Kremote: Compressing objects:  93% (800/860)   [Kremote: Compressing objects:  94% (809/860)   [Kremote: Compressing objects:  95% (817/860)   [Kremote: Compressing objects:  96% (826/860)   [Kremote: Compressing objects:  97% (835/860)   [Kremote: Compressing objects:  98% (843/860)   [Kremote: Compressing objects:  99% (852/860)   [Kremote: Compressing objects: 100% (860/860)   [Kremote: Compressing objects: 100% (860/860), done.[K
Receiving objects:   0% (1/1832)   Receiving objects:   1% (19/1832)   Receiving objects:   2% (37/1832)   Receiving objects:   3% (55/1832)   Receiving objects:   4% (74/1832)   Receiving objects:   5% (92/1832)   Receiving objects:   6% (110/1832)   Receiving objects:   7% (129/1832)   Receiving objects:   8% (147/1832)   Receiving objects:   9% (165/1832)   Receiving objects:  10% (184/1832)   Receiving objects:  11% (202/1832)   Receiving objects:  12% (220/1832)   Receiving objects:  13% (239/1832)   Receiving objects:  14% (257/1832)   Receiving objects:  15% (275/1832)   Receiving objects:  16% (294/1832)   Receiving objects:  17% (312/1832)   Receiving objects:  18% (330/1832)   Receiving objects:  19% (349/1832)   Receiving objects:  20% (367/1832)   Receiving objects:  21% (385/1832)   Receiving objects:  22% (404/1832)   Receiving objects:  23% (422/1832)   Receiving objects:  24% (440/1832)   Receiving objects:  25% (458/1832)   Receiving objects:  26% (477/1832)   Receiving objects:  27% (495/1832)   Receiving objects:  28% (513/1832)   Receiving objects:  29% (532/1832)   Receiving objects:  30% (550/1832)   Receiving objects:  31% (568/1832)   Receiving objects:  32% (587/1832)   Receiving objects:  33% (605/1832)   Receiving objects:  34% (623/1832)   Receiving objects:  35% (642/1832)   Receiving objects:  36% (660/1832)   Receiving objects:  37% (678/1832)   Receiving objects:  38% (697/1832)   Receiving objects:  39% (715/1832)   Receiving objects:  40% (733/1832)   Receiving objects:  41% (752/1832)   Receiving objects:  42% (770/1832)   Receiving objects:  43% (788/1832)   Receiving objects:  44% (807/1832)   Receiving objects:  45% (825/1832)   Receiving objects:  46% (843/1832)   Receiving objects:  47% (862/1832)   Receiving objects:  48% (880/1832)   Receiving objects:  49% (898/1832)   Receiving objects:  50% (916/1832)   Receiving objects:  51% (935/1832)   Receiving objects:  52% (953/1832)   Receiving objects:  53% (971/1832)   Receiving objects:  54% (990/1832)   Receiving objects:  55% (1008/1832)   Receiving objects:  56% (1026/1832)   Receiving objects:  57% (1045/1832)   Receiving objects:  58% (1063/1832)   Receiving objects:  59% (1081/1832)   Receiving objects:  60% (1100/1832)   Receiving objects:  61% (1118/1832)   Receiving objects:  62% (1136/1832)   Receiving objects:  63% (1155/1832)   Receiving objects:  64% (1173/1832)   Receiving objects:  65% (1191/1832)   Receiving objects:  66% (1210/1832)   Receiving objects:  67% (1228/1832)   Receiving objects:  68% (1246/1832)   Receiving objects:  69% (1265/1832)   Receiving objects:  70% (1283/1832)   Receiving objects:  71% (1301/1832)   Receiving objects:  72% (1320/1832)   Receiving objects:  73% (1338/1832)   Receiving objects:  74% (1356/1832)   Receiving objects:  75% (1374/1832)   Receiving objects:  76% (1393/1832)   Receiving objects:  77% (1411/1832)   Receiving objects:  78% (1429/1832)   Receiving objects:  79% (1448/1832)   Receiving objects:  80% (1466/1832)   Receiving objects:  81% (1484/1832)   Receiving objects:  82% (1503/1832)   Receiving objects:  83% (1521/1832)   remote: Total 1832 (delta 702), reused 1518 (delta 541), pack-reused 0[K
Receiving objects:  84% (1539/1832)   Receiving objects:  85% (1558/1832)   Receiving objects:  86% (1576/1832)   Receiving objects:  87% (1594/1832)   Receiving objects:  88% (1613/1832)   Receiving objects:  89% (1631/1832)   Receiving objects:  90% (1649/1832)   Receiving objects:  91% (1668/1832)   Receiving objects:  92% (1686/1832)   Receiving objects:  93% (1704/1832)   Receiving objects:  94% (1723/1832)   Receiving objects:  95% (1741/1832)   Receiving objects:  96% (1759/1832)   Receiving objects:  97% (1778/1832)   Receiving objects:  98% (1796/1832)   Receiving objects:  99% (1814/1832)   Receiving objects: 100% (1832/1832)   Receiving objects: 100% (1832/1832), 1.30 MiB | 0 bytes/s, done.
Resolving deltas:   0% (0/702)   Resolving deltas:   3% (24/702)   Resolving deltas:   5% (36/702)   Resolving deltas:   6% (45/702)   Resolving deltas:   8% (57/702)   Resolving deltas:   9% (65/702)   Resolving deltas:  10% (75/702)   Resolving deltas:  12% (87/702)   Resolving deltas:  13% (98/702)   Resolving deltas:  14% (104/702)   Resolving deltas:  15% (111/702)   Resolving deltas:  16% (116/702)   Resolving deltas:  18% (127/702)   Resolving deltas:  20% (141/702)   Resolving deltas:  21% (148/702)   Resolving deltas:  22% (156/702)   Resolving deltas:  23% (167/702)   Resolving deltas:  26% (183/702)   Resolving deltas:  27% (193/702)   Resolving deltas:  28% (203/702)   Resolving deltas:  29% (205/702)   Resolving deltas:  30% (212/702)   Resolving deltas:  31% (218/702)   Resolving deltas:  32% (226/702)   Resolving deltas:  33% (234/702)   Resolving deltas:  34% (239/702)   Resolving deltas:  36% (253/702)   Resolving deltas:  37% (264/702)   Resolving deltas:  38% (269/702)   Resolving deltas:  39% (275/702)   Resolving deltas:  40% (281/702)   Resolving deltas:  41% (290/702)   Resolving deltas:  42% (299/702)   Resolving deltas:  46% (325/702)   Resolving deltas:  48% (337/702)   Resolving deltas:  49% (345/702)   Resolving deltas:  50% (351/702)   Resolving deltas:  51% (361/702)   Resolving deltas:  52% (368/702)   Resolving deltas:  53% (373/702)   Resolving deltas:  54% (383/702)   Resolving deltas:  55% (393/702)   Resolving deltas:  56% (399/702)   Resolving deltas:  57% (403/702)   Resolving deltas:  58% (409/702)   Resolving deltas:  59% (416/702)   Resolving deltas:  60% (425/702)   Resolving deltas:  62% (436/702)   Resolving deltas:  63% (445/702)   Resolving deltas:  65% (461/702)   Resolving deltas:  66% (464/702)   Resolving deltas:  67% (474/702)   Resolving deltas:  68% (480/702)   Resolving deltas:  69% (485/702)   Resolving deltas:  70% (492/702)   Resolving deltas:  73% (518/702)   Resolving deltas:  74% (520/702)   Resolving deltas:  75% (528/702)   Resolving deltas:  76% (536/702)   Resolving deltas:  77% (541/702)   Resolving deltas:  78% (548/702)   Resolving deltas:  79% (556/702)   Resolving deltas:  80% (562/702)   Resolving deltas:  81% (570/702)   Resolving deltas:  82% (576/702)   Resolving deltas:  83% (585/702)   Resolving deltas:  84% (591/702)   Resolving deltas:  85% (597/702)   Resolving deltas:  86% (604/702)   Resolving deltas:  87% (611/702)   Resolving deltas:  95% (668/702)   Resolving deltas:  96% (679/702)   Resolving deltas:  97% (681/702)   Resolving deltas:  99% (696/702)   Resolving deltas: 100% (702/702)   Resolving deltas: 100% (702/702), done.
Checking connectivity... done.

travis_time:end:11ad7b58:start=1465081129489925249,finish=1465081130184196894,duration=694271645[0K$ cd NitorCreations/nflow
travis_time:start:0697018f[0K$ git fetch origin +refs/pull/203/merge:
remote: Counting objects: 34, done.[K
remote: Compressing objects:   8% (1/12)   [Kremote: Compressing objects:  16% (2/12)   [Kremote: Compressing objects:  25% (3/12)   [Kremote: Compressing objects:  33% (4/12)   [Kremote: Compressing objects:  41% (5/12)   [Kremote: Compressing objects:  50% (6/12)   [Kremote: Compressing objects:  58% (7/12)   [Kremote: Compressing objects:  66% (8/12)   [Kremote: Compressing objects:  75% (9/12)   [Kremote: Compressing objects:  83% (10/12)   [Kremote: Compressing objects:  91% (11/12)   [Kremote: Compressing objects: 100% (12/12)   [Kremote: Compressing objects: 100% (12/12), done.[K
remote: Total 34 (delta 14), reused 34 (delta 14), pack-reused 0[K
Unpacking objects:   2% (1/34)   Unpacking objects:   5% (2/34)   Unpacking objects:   8% (3/34)   Unpacking objects:  11% (4/34)   Unpacking objects:  14% (5/34)   Unpacking objects:  17% (6/34)   Unpacking objects:  20% (7/34)   Unpacking objects:  23% (8/34)   Unpacking objects:  26% (9/34)   Unpacking objects:  29% (10/34)   Unpacking objects:  32% (11/34)   Unpacking objects:  35% (12/34)   Unpacking objects:  38% (13/34)   Unpacking objects:  41% (14/34)   Unpacking objects:  44% (15/34)   Unpacking objects:  47% (16/34)   Unpacking objects:  50% (17/34)   Unpacking objects:  52% (18/34)   Unpacking objects:  55% (19/34)   Unpacking objects:  58% (20/34)   Unpacking objects:  61% (21/34)   Unpacking objects:  64% (22/34)   Unpacking objects:  67% (23/34)   Unpacking objects:  70% (24/34)   Unpacking objects:  73% (25/34)   Unpacking objects:  76% (26/34)   Unpacking objects:  79% (27/34)   Unpacking objects:  82% (28/34)   Unpacking objects:  85% (29/34)   Unpacking objects:  88% (30/34)   Unpacking objects:  91% (31/34)   Unpacking objects:  94% (32/34)   Unpacking objects:  97% (33/34)   Unpacking objects: 100% (34/34)   Unpacking objects: 100% (34/34), done.
From https://github.com/NitorCreations/nflow
 * branch            refs/pull/203/merge -> FETCH_HEAD

travis_time:end:0697018f:start=1465081130188138176,finish=1465081130484883735,duration=296745559[0K$ git checkout -qf FETCH_HEAD
travis_fold:end:git.checkout[0Ktravis_fold:start:postgresql[0K[33;1mStarting PostgreSQL v9.4[0m
travis_time:start:1ddefebf[0K$ sudo service postgresql stop
 * Stopping PostgreSQL 9.1 database server       [80G [74G[ OK ]
 * Stopping PostgreSQL 9.2 database server       [80G [74G[ OK ]
 * Stopping PostgreSQL 9.3 database server       [80G [74G[ OK ]
 * Stopping PostgreSQL 9.4 database server       [80G [74G[ OK ]

travis_time:end:1ddefebf:start=1465081130513008185,finish=1465081131789524018,duration=1276515833[0Ktravis_time:start:07b0781a[0K$ sudo service postgresql start 9.4
 * Starting PostgreSQL 9.4 database server       [80G [74G[ OK ]

travis_time:end:07b0781a:start=1465081131793091970,finish=1465081133987222601,duration=2194130631[0Ktravis_time:start:0f0be190[0K$ sudo -u postgres createuser -s -p 5432 travis &>/dev/null

travis_time:end:0f0be190:start=1465081133990740320,finish=1465081134035735818,duration=44995498[0Ktravis_time:start:3612694e[0K$ sudo -u postgres createdb -O travis -p 5432 travis &>/dev/null

travis_time:end:3612694e:start=1465081134039325521,finish=1465081134296522022,duration=257196501[0Ktravis_time:start:131da59c[0K$ sudo -u postgres createuser -s -p 5433 travis &>/dev/null

travis_time:end:131da59c:start=1465081134300077576,finish=1465081134338825118,duration=38747542[0Ktravis_time:start:0d73d500[0K$ sudo -u postgres createdb -O travis -p 5433 travis &>/dev/null

travis_time:end:0d73d500:start=1465081134342378679,finish=1465081134381710822,duration=39332143[0Ktravis_fold:end:postgresql[0K
[33;1mThis job is running on container-based infrastructure, which does not allow use of 'sudo', setuid and setguid executables.[0m
[33;1mIf you require sudo, add 'sudo: required' to your .travis.yml[0m
[33;1mSee https://docs.travis-ci.com/user/workers/container-based-infrastructure/ for details.[0m

[33;1mSetting environment variables from .travis.yml[0m
$ export BUILD_SYSTEM=travis
$ export SPRING_PROFILES_ACTIVE=nflow.db.postgresql

$ jdk_switcher use oraclejdk8
Switching to Oracle JDK8 (java-8-oracle), JAVA_HOME will be set to /usr/lib/jvm/java-8-oracle
travis_fold:start:cache.1[0KSetting up build cache
$ export CASHER_DIR=$HOME/.casher
travis_time:start:21f9fc32[0K$ Installing caching utilities

travis_time:end:21f9fc32:start=1465081136513256922,finish=1465081136615605685,duration=102348763[0Ktravis_time:start:20f89100[0K
travis_time:end:20f89100:start=1465081136620326627,finish=1465081136623511666,duration=3185039[0Ktravis_time:start:0148abb0[0K[32;1mattempting to download cache archive[0m
[32;1mfetching PR.203/cache-linux-precise-b67cf5d8bdbc7c45a68064867ea1ee27e5cc9b72ce81bde9065b56954aea0666--jdk-oraclejdk8.tgz[0m
[32;1mfound cache[0m

travis_time:end:0148abb0:start=1465081136627211684,finish=1465081142513550790,duration=5886339106[0Ktravis_time:start:1bf1db2b[0K
travis_time:end:1bf1db2b:start=1465081142517283175,finish=1465081142520551222,duration=3268047[0Ktravis_time:start:06223b36[0K[32;1madding /home/travis/.m2 to cache[0m

travis_time:end:06223b36:start=1465081142524287084,finish=1465081147716123079,duration=5191835995[0Ktravis_fold:end:cache.1[0K$ java -Xmx32m -version
java version "1.8.0_31"
Java(TM) SE Runtime Environment (build 1.8.0_31-b13)
Java HotSpot(TM) 64-Bit Server VM (build 25.31-b07, mixed mode)
$ javac -J-Xmx32m -version
javac 1.8.0_31
travis_fold:start:install[0Ktravis_time:start:27c23426[0K$ mvn install -DskipTests=true -Dmaven.javadoc.skip=true -B -V
Java HotSpot(TM) 64-Bit Server VM warning: ignoring option MaxPermSize=192m; support was removed in 8.0
Apache Maven 3.2.5 (12a6b3acb947671f09b81f49094c53f426d8cea1; 2014-12-14T17:29:23+00:00)
Maven home: /usr/local/maven
Java version: 1.8.0_31, vendor: Oracle Corporation
Java home: /usr/lib/jvm/java-8-oracle/jre
Default locale: en_US, platform encoding: UTF-8
OS name: "linux", version: "3.13.0-40-generic", arch: "amd64", family: "unix"
[INFO] Scanning for projects...
[WARNING] 
[WARNING] Some problems were encountered while building the effective model for com.nitorcreations:nflow-jetty:jar:3.3.1-SNAPSHOT
[WARNING] 'profiles.profile[oracle].dependencies.dependency.systemPath' for com.oracle:ojdbc7:jar should not point at files within the project directory, ${basedir}/../ojdbc7.jar will be unresolvable by dependent projects @ com.nitorcreations:nflow-jetty:[unknown-version], /home/travis/build/NitorCreations/nflow/nflow-jetty/pom.xml, line 302, column 23
[WARNING] 
[WARNING] Some problems were encountered while building the effective model for com.nitorcreations:nflow-tests:jar:3.3.1-SNAPSHOT
[WARNING] 'profiles.profile[oracle].dependencies.dependency.systemPath' for com.oracle:ojdbc7:jar should not point at files within the project directory, ${basedir}/../ojdbc7.jar will be unresolvable by dependent projects @ com.nitorcreations:nflow-tests:[unknown-version], /home/travis/build/NitorCreations/nflow/nflow-tests/pom.xml, line 85, column 23
[WARNING] 
[WARNING] It is highly recommended to fix these problems because they threaten the stability of your build.
[WARNING] 
[WARNING] For this reason, future Maven versions might no longer support building such malformed projects.
[WARNING] 
[INFO] Inspecting build with total of 7 modules...
[INFO] Installing Nexus Staging features:
[INFO]   ... total of 7 executions of maven-deploy-plugin replaced with nexus-staging-maven-plugin
[INFO] ------------------------------------------------------------------------
[INFO] Reactor Build Order:
[INFO] 
[INFO] nflow
[INFO] nflow-engine
[INFO] nflow-rest-api
[INFO] nflow-jetty
[INFO] nflow-metrics
[INFO] nflow-tests
[INFO] nflow-perf-test
[INFO]                                                                         
[INFO] ------------------------------------------------------------------------
[INFO] Building nflow 3.3.1-SNAPSHOT
[INFO] ------------------------------------------------------------------------
[INFO] 
[INFO] --- maven-enforcer-plugin:1.4.1:enforce (ban-unwanted-dependencies) @ nflow-root ---
[INFO] 
[INFO] --- maven-source-plugin:2.4:jar-no-fork (attach-sources) @ nflow-root ---
[INFO] 
[INFO] --- maven-javadoc-plugin:2.10.3:jar (attach-javadocs) @ nflow-root ---
[INFO] Skipping javadoc generation
[INFO] 
[INFO] --- maven-install-plugin:2.5.2:install (default-install) @ nflow-root ---
[INFO] Installing /home/travis/build/NitorCreations/nflow/pom.xml to /home/travis/.m2/repository/com/nitorcreations/nflow-root/3.3.1-SNAPSHOT/nflow-root-3.3.1-SNAPSHOT.pom
[INFO]                                                                         
[INFO] ------------------------------------------------------------------------
[INFO] Building nflow-engine 3.3.1-SNAPSHOT
[INFO] ------------------------------------------------------------------------
[INFO] 
[INFO] --- maven-enforcer-plugin:1.4.1:enforce (ban-unwanted-dependencies) @ nflow-engine ---
[INFO] 
[INFO] --- maven-resources-plugin:2.7:resources (default-resources) @ nflow-engine ---
[INFO] Using 'UTF-8' encoding to copy filtered resources.
[INFO] Copying 30 resources
[INFO] 
[INFO] --- maven-compiler-plugin:3.5:compile (default-compile) @ nflow-engine ---
[INFO] Changes detected - recompiling the module!
[INFO] Compiling 66 source files to /home/travis/build/NitorCreations/nflow/nflow-engine/target/classes
[INFO] 
[INFO] --- maven-resources-plugin:2.7:testResources (default-testResources) @ nflow-engine ---
[INFO] Using 'UTF-8' encoding to copy filtered resources.
[INFO] Copying 6 resources
[INFO] 
[INFO] --- maven-compiler-plugin:3.5:testCompile (default-testCompile) @ nflow-engine ---
[INFO] Changes detected - recompiling the module!
[INFO] Compiling 42 source files to /home/travis/build/NitorCreations/nflow/nflow-engine/target/test-classes
[INFO] 
[INFO] --- maven-surefire-plugin:2.19.1:test (default-test) @ nflow-engine ---
[INFO] Tests are skipped.
[INFO] 
[INFO] --- maven-jar-plugin:2.6:jar (default-jar) @ nflow-engine ---
[INFO] Building jar: /home/travis/build/NitorCreations/nflow/nflow-engine/target/nflow-engine-3.3.1-SNAPSHOT.jar
[INFO] 
[INFO] --- maven-source-plugin:2.4:jar-no-fork (attach-sources) @ nflow-engine ---
[INFO] Building jar: /home/travis/build/NitorCreations/nflow/nflow-engine/target/nflow-engine-3.3.1-SNAPSHOT-sources.jar
[INFO] 
[INFO] --- maven-javadoc-plugin:2.10.3:jar (attach-javadocs) @ nflow-engine ---
[INFO] Skipping javadoc generation
[INFO] 
[INFO] --- maven-install-plugin:2.5.2:install (default-install) @ nflow-engine ---
[INFO] Installing /home/travis/build/NitorCreations/nflow/nflow-engine/target/nflow-engine-3.3.1-SNAPSHOT.jar to /home/travis/.m2/repository/com/nitorcreations/nflow-engine/3.3.1-SNAPSHOT/nflow-engine-3.3.1-SNAPSHOT.jar
[INFO] Installing /home/travis/build/NitorCreations/nflow/nflow-engine/pom.xml to /home/travis/.m2/repository/com/nitorcreations/nflow-engine/3.3.1-SNAPSHOT/nflow-engine-3.3.1-SNAPSHOT.pom
[INFO] Installing /home/travis/build/NitorCreations/nflow/nflow-engine/target/nflow-engine-3.3.1-SNAPSHOT-sources.jar to /home/travis/.m2/repository/com/nitorcreations/nflow-engine/3.3.1-SNAPSHOT/nflow-engine-3.3.1-SNAPSHOT-sources.jar
[INFO]                                                                         
[INFO] ------------------------------------------------------------------------
[INFO] Building nflow-rest-api 3.3.1-SNAPSHOT
[INFO] ------------------------------------------------------------------------
[INFO] 
[INFO] --- maven-enforcer-plugin:1.4.1:enforce (ban-unwanted-dependencies) @ nflow-rest-api ---
[INFO] 
[INFO] --- maven-resources-plugin:2.7:resources (default-resources) @ nflow-rest-api ---
[INFO] Using 'UTF-8' encoding to copy filtered resources.
[INFO] Copying 1 resource
[INFO] 
[INFO] --- maven-compiler-plugin:3.5:compile (default-compile) @ nflow-rest-api ---
[INFO] Changes detected - recompiling the module!
[INFO] Compiling 32 source files to /home/travis/build/NitorCreations/nflow/nflow-rest-api/target/classes
[INFO] 
[INFO] --- maven-resources-plugin:2.7:testResources (default-testResources) @ nflow-rest-api ---
[INFO] Using 'UTF-8' encoding to copy filtered resources.
[INFO] skip non existing resourceDirectory /home/travis/build/NitorCreations/nflow/nflow-rest-api/src/test/resources
[INFO] 
[INFO] --- maven-compiler-plugin:3.5:testCompile (default-testCompile) @ nflow-rest-api ---
[INFO] Changes detected - recompiling the module!
[INFO] Compiling 15 source files to /home/travis/build/NitorCreations/nflow/nflow-rest-api/target/test-classes
[INFO] 
[INFO] --- maven-surefire-plugin:2.19.1:test (default-test) @ nflow-rest-api ---
[INFO] Tests are skipped.
[INFO] 
[INFO] --- maven-jar-plugin:2.6:jar (default-jar) @ nflow-rest-api ---
[INFO] Building jar: /home/travis/build/NitorCreations/nflow/nflow-rest-api/target/nflow-rest-api-3.3.1-SNAPSHOT.jar
[INFO] 
[INFO] --- maven-source-plugin:2.4:jar-no-fork (attach-sources) @ nflow-rest-api ---
[INFO] Building jar: /home/travis/build/NitorCreations/nflow/nflow-rest-api/target/nflow-rest-api-3.3.1-SNAPSHOT-sources.jar
[INFO] 
[INFO] --- maven-javadoc-plugin:2.10.3:jar (attach-javadocs) @ nflow-rest-api ---
[INFO] Skipping javadoc generation
[INFO] 
[INFO] --- maven-install-plugin:2.5.2:install (default-install) @ nflow-rest-api ---
[INFO] Installing /home/travis/build/NitorCreations/nflow/nflow-rest-api/target/nflow-rest-api-3.3.1-SNAPSHOT.jar to /home/travis/.m2/repository/com/nitorcreations/nflow-rest-api/3.3.1-SNAPSHOT/nflow-rest-api-3.3.1-SNAPSHOT.jar
[INFO] Installing /home/travis/build/NitorCreations/nflow/nflow-rest-api/pom.xml to /home/travis/.m2/repository/com/nitorcreations/nflow-rest-api/3.3.1-SNAPSHOT/nflow-rest-api-3.3.1-SNAPSHOT.pom
[INFO] Installing /home/travis/build/NitorCreations/nflow/nflow-rest-api/target/nflow-rest-api-3.3.1-SNAPSHOT-sources.jar to /home/travis/.m2/repository/com/nitorcreations/nflow-rest-api/3.3.1-SNAPSHOT/nflow-rest-api-3.3.1-SNAPSHOT-sources.jar
[INFO]                                                                         
[INFO] ------------------------------------------------------------------------
[INFO] Building nflow-jetty 3.3.1-SNAPSHOT
[INFO] ------------------------------------------------------------------------
[INFO] 
[INFO] --- maven-enforcer-plugin:1.4.1:enforce (ban-unwanted-dependencies) @ nflow-jetty ---
[INFO] 
[INFO] --- maven-dependency-plugin:2.10:unpack (unpack) @ nflow-jetty ---
[INFO] Configured Artifact: com.nitorcreations:nflow-explorer:1.2.1:tar.gz
[INFO] Unpacking /home/travis/.m2/repository/com/nitorcreations/nflow-explorer/1.2.1/nflow-explorer-1.2.1.tar.gz to /home/travis/build/NitorCreations/nflow/nflow-jetty/target/explorer with includes "" and excludes ""
[INFO] Expanding: /home/travis/.m2/repository/com/nitorcreations/nflow-explorer/1.2.1/nflow-explorer-1.2.1.tar.gz into /home/travis/build/NitorCreations/nflow/nflow-jetty/target/explorer
[INFO] 
[INFO] --- download-maven-plugin:1.2.1:wget (unpack-swagger-ui) @ nflow-jetty ---
[INFO] Got from cache: /home/travis/.m2/repository/.cache/maven-download-plugin/v2.1.4.tar.gz
[INFO] Expanding: /home/travis/build/NitorCreations/nflow/nflow-jetty/target/swagger/v2.1.4.tar.gz into /home/travis/build/NitorCreations/nflow/nflow-jetty/target/swagger
[INFO] 
[INFO] --- maven-resources-plugin:2.7:resources (default-resources) @ nflow-jetty ---
[INFO] Using 'UTF-8' encoding to copy filtered resources.
[INFO] Copying 7 resources
[INFO] 
[INFO] --- maven-resources-plugin:2.7:copy-resources (copy-swagger-resources) @ nflow-jetty ---
[INFO] Using 'UTF-8' encoding to copy filtered resources.
[INFO] Copying 43 resources
[INFO] 
[INFO] --- maven-resources-plugin:2.7:copy-resources (copy-explorer-resources) @ nflow-jetty ---
[INFO] Using 'UTF-8' encoding to copy filtered resources.
[INFO] Copying 48 resources
[INFO] 
[INFO] --- maven-compiler-plugin:3.5:compile (default-compile) @ nflow-jetty ---
[INFO] Changes detected - recompiling the module!
[INFO] Compiling 16 source files to /home/travis/build/NitorCreations/nflow/nflow-jetty/target/classes
[INFO] 
[INFO] --- maven-resources-plugin:2.7:testResources (default-testResources) @ nflow-jetty ---
[INFO] Using 'UTF-8' encoding to copy filtered resources.
[INFO] Copying 3 resources
[INFO] 
[INFO] --- maven-compiler-plugin:3.5:testCompile (default-testCompile) @ nflow-jetty ---
[INFO] Changes detected - recompiling the module!
[INFO] Compiling 6 source files to /home/travis/build/NitorCreations/nflow/nflow-jetty/target/test-classes
[INFO] 
[INFO] --- maven-surefire-plugin:2.19.1:test (default-test) @ nflow-jetty ---
[INFO] Tests are skipped.
[INFO] 
[INFO] --- maven-jar-plugin:2.6:jar (default-jar) @ nflow-jetty ---
[INFO] Building jar: /home/travis/build/NitorCreations/nflow/nflow-jetty/target/nflow-jetty-3.3.1-SNAPSHOT.jar
[INFO] 
[INFO] --- maven-source-plugin:2.4:jar-no-fork (attach-sources) @ nflow-jetty ---
[INFO] Building jar: /home/travis/build/NitorCreations/nflow/nflow-jetty/target/nflow-jetty-3.3.1-SNAPSHOT-sources.jar
[INFO] 
[INFO] --- maven-javadoc-plugin:2.10.3:jar (attach-javadocs) @ nflow-jetty ---
[INFO] Skipping javadoc generation
[INFO] 
[INFO] --- maven-install-plugin:2.5.2:install (default-install) @ nflow-jetty ---
[INFO] Installing /home/travis/build/NitorCreations/nflow/nflow-jetty/target/nflow-jetty-3.3.1-SNAPSHOT.jar to /home/travis/.m2/repository/com/nitorcreations/nflow-jetty/3.3.1-SNAPSHOT/nflow-jetty-3.3.1-SNAPSHOT.jar
[INFO] Installing /home/travis/build/NitorCreations/nflow/nflow-jetty/pom.xml to /home/travis/.m2/repository/com/nitorcreations/nflow-jetty/3.3.1-SNAPSHOT/nflow-jetty-3.3.1-SNAPSHOT.pom
[INFO] Installing /home/travis/build/NitorCreations/nflow/nflow-jetty/target/nflow-jetty-3.3.1-SNAPSHOT-sources.jar to /home/travis/.m2/repository/com/nitorcreations/nflow-jetty/3.3.1-SNAPSHOT/nflow-jetty-3.3.1-SNAPSHOT-sources.jar
[INFO]                                                                         
[INFO] ------------------------------------------------------------------------
[INFO] Building nflow-metrics 3.3.1-SNAPSHOT
[INFO] ------------------------------------------------------------------------
[INFO] 
[INFO] --- maven-enforcer-plugin:1.4.1:enforce (ban-unwanted-dependencies) @ nflow-metrics ---
[INFO] 
[INFO] --- maven-resources-plugin:2.7:resources (default-resources) @ nflow-metrics ---
[INFO] Using 'UTF-8' encoding to copy filtered resources.
[INFO] skip non existing resourceDirectory /home/travis/build/NitorCreations/nflow/nflow-metrics/src/main/resources
[INFO] 
[INFO] --- maven-compiler-plugin:3.5:compile (default-compile) @ nflow-metrics ---
[INFO] Changes detected - recompiling the module!
[INFO] Compiling 4 source files to /home/travis/build/NitorCreations/nflow/nflow-metrics/target/classes
[INFO] 
[INFO] --- maven-resources-plugin:2.7:testResources (default-testResources) @ nflow-metrics ---
[INFO] Using 'UTF-8' encoding to copy filtered resources.
[INFO] skip non existing resourceDirectory /home/travis/build/NitorCreations/nflow/nflow-metrics/src/test/resources
[INFO] 
[INFO] --- maven-compiler-plugin:3.5:testCompile (default-testCompile) @ nflow-metrics ---
[INFO] Changes detected - recompiling the module!
[INFO] Compiling 2 source files to /home/travis/build/NitorCreations/nflow/nflow-metrics/target/test-classes
[INFO] 
[INFO] --- maven-surefire-plugin:2.19.1:test (default-test) @ nflow-metrics ---
[INFO] Tests are skipped.
[INFO] 
[INFO] --- maven-jar-plugin:2.6:jar (default-jar) @ nflow-metrics ---
[INFO] Building jar: /home/travis/build/NitorCreations/nflow/nflow-metrics/target/nflow-metrics-3.3.1-SNAPSHOT.jar
[INFO] 
[INFO] --- maven-source-plugin:2.4:jar-no-fork (attach-sources) @ nflow-metrics ---
[INFO] Building jar: /home/travis/build/NitorCreations/nflow/nflow-metrics/target/nflow-metrics-3.3.1-SNAPSHOT-sources.jar
[INFO] 
[INFO] --- maven-javadoc-plugin:2.10.3:jar (attach-javadocs) @ nflow-metrics ---
[INFO] Skipping javadoc generation
[INFO] 
[INFO] --- maven-install-plugin:2.5.2:install (default-install) @ nflow-metrics ---
[INFO] Installing /home/travis/build/NitorCreations/nflow/nflow-metrics/target/nflow-metrics-3.3.1-SNAPSHOT.jar to /home/travis/.m2/repository/com/nitorcreations/nflow-metrics/3.3.1-SNAPSHOT/nflow-metrics-3.3.1-SNAPSHOT.jar
[INFO] Installing /home/travis/build/NitorCreations/nflow/nflow-metrics/pom.xml to /home/travis/.m2/repository/com/nitorcreations/nflow-metrics/3.3.1-SNAPSHOT/nflow-metrics-3.3.1-SNAPSHOT.pom
[INFO] Installing /home/travis/build/NitorCreations/nflow/nflow-metrics/target/nflow-metrics-3.3.1-SNAPSHOT-sources.jar to /home/travis/.m2/repository/com/nitorcreations/nflow-metrics/3.3.1-SNAPSHOT/nflow-metrics-3.3.1-SNAPSHOT-sources.jar
[INFO]                                                                         
[INFO] ------------------------------------------------------------------------
[INFO] Building nflow-tests 3.3.1-SNAPSHOT
[INFO] ------------------------------------------------------------------------
[INFO] 
[INFO] --- maven-enforcer-plugin:1.4.1:enforce (ban-unwanted-dependencies) @ nflow-tests ---
[INFO] 
[INFO] --- maven-resources-plugin:2.7:resources (default-resources) @ nflow-tests ---
[INFO] Using 'UTF-8' encoding to copy filtered resources.
[INFO] Copying 3 resources
[INFO] 
[INFO] --- maven-compiler-plugin:3.5:compile (default-compile) @ nflow-tests ---
[INFO] Changes detected - recompiling the module!
[INFO] Compiling 10 source files to /home/travis/build/NitorCreations/nflow/nflow-tests/target/classes
[INFO] 
[INFO] --- maven-resources-plugin:2.7:testResources (default-testResources) @ nflow-tests ---
[INFO] Using 'UTF-8' encoding to copy filtered resources.
[INFO] Copying 1 resource
[INFO] 
[INFO] --- maven-compiler-plugin:3.5:testCompile (default-testCompile) @ nflow-tests ---
[INFO] Changes detected - recompiling the module!
[INFO] Compiling 18 source files to /home/travis/build/NitorCreations/nflow/nflow-tests/target/test-classes
[INFO] 
[INFO] --- maven-surefire-plugin:2.19.1:test (default-test) @ nflow-tests ---
[INFO] Tests are skipped.
[INFO] 
[INFO] --- maven-jar-plugin:2.6:jar (default-jar) @ nflow-tests ---
[INFO] Building jar: /home/travis/build/NitorCreations/nflow/nflow-tests/target/nflow-tests-3.3.1-SNAPSHOT.jar
[INFO] 
[INFO] --- asciidoctor-maven-plugin:1.5.2:process-asciidoc (generate-docs) @ nflow-tests ---
asciidoctor: WARNING: index.adoc: line 9: include file not found: /home/travis/build/NitorCreations/nflow/nflow-tests/src/main/asciidoc/swagger2markup/overview.adoc
asciidoctor: WARNING: index.adoc: line 10: include file not found: /home/travis/build/NitorCreations/nflow/nflow-tests/src/main/asciidoc/swagger2markup/paths.adoc
asciidoctor: WARNING: index.adoc: line 11: include file not found: /home/travis/build/NitorCreations/nflow/nflow-tests/src/main/asciidoc/swagger2markup/definitions.adoc
[INFO] Rendered /home/travis/build/NitorCreations/nflow/nflow-tests/src/main/asciidoc/swagger2markup/index.adoc
[INFO] 
[INFO] --- maven-shade-plugin:2.4.3:shade (default) @ nflow-tests ---
[INFO] Including com.nitorcreations:nflow-jetty:jar:3.3.1-SNAPSHOT in the shaded jar.
[INFO] Including com.nitorcreations:nflow-rest-api:jar:3.3.1-SNAPSHOT in the shaded jar.
[INFO] Including javax.ws.rs:javax.ws.rs-api:jar:2.0.1 in the shaded jar.
[INFO] Including io.swagger:swagger-annotations:jar:1.5.7 in the shaded jar.
[INFO] Including javax.validation:validation-api:jar:1.1.0.Final in the shaded jar.
[INFO] Including org.glassfish:javax.el:jar:3.0.0 in the shaded jar.
[INFO] Including org.hibernate:hibernate-validator:jar:5.2.3.Final in the shaded jar.
[INFO] Including org.jboss.logging:jboss-logging:jar:3.2.1.Final in the shaded jar.
[INFO] Including com.fasterxml:classmate:jar:1.1.0 in the shaded jar.
[INFO] Including com.nitorcreations:core-utils:jar:1.4 in the shaded jar.
[INFO] Including org.eclipse.jetty:jetty-server:jar:9.2.14.v20151106 in the shaded jar.
[INFO] Including org.eclipse.jetty:jetty-http:jar:9.2.14.v20151106 in the shaded jar.
[INFO] Including org.eclipse.jetty:jetty-io:jar:9.2.14.v20151106 in the shaded jar.
[INFO] Including org.eclipse.jetty:jetty-servlet:jar:9.2.14.v20151106 in the shaded jar.
[INFO] Including org.eclipse.jetty:jetty-security:jar:9.2.14.v20151106 in the shaded jar.
[INFO] Including org.eclipse.jetty:jetty-jmx:jar:9.2.14.v20151106 in the shaded jar.
[INFO] Including org.eclipse.jetty:jetty-util:jar:9.2.14.v20151106 in the shaded jar.
[INFO] Including org.apache.cxf:cxf-rt-frontend-jaxrs:jar:3.1.5 in the shaded jar.
[INFO] Including javax.annotation:javax.annotation-api:jar:1.2 in the shaded jar.
[INFO] Including org.apache.cxf:cxf-rt-management:jar:3.1.5 in the shaded jar.
[INFO] Including org.apache.cxf:cxf-rt-rs-service-description:jar:3.1.5 in the shaded jar.
[INFO] Including io.swagger:swagger-jaxrs:jar:1.5.7 in the shaded jar.
[INFO] Including com.fasterxml.jackson.dataformat:jackson-dataformat-yaml:jar:2.4.5 in the shaded jar.
[INFO] Including org.yaml:snakeyaml:jar:1.12 in the shaded jar.
[INFO] Including com.fasterxml.jackson.dataformat:jackson-dataformat-xml:jar:2.4.5 in the shaded jar.
[INFO] Including org.codehaus.woodstox:stax2-api:jar:3.1.4 in the shaded jar.
[INFO] Including io.swagger:swagger-core:jar:1.5.7 in the shaded jar.
[INFO] Including io.swagger:swagger-models:jar:1.5.7 in the shaded jar.
[INFO] Including org.reflections:reflections:jar:0.9.10 in the shaded jar.
[INFO] Including org.javassist:javassist:jar:3.20.0-GA in the shaded jar.
[INFO] Including com.google.guava:guava:jar:18.0 in the shaded jar.
[INFO] Including com.fasterxml.jackson.jaxrs:jackson-jaxrs-json-provider:jar:2.7.1 in the shaded jar.
[INFO] Including com.fasterxml.jackson.jaxrs:jackson-jaxrs-base:jar:2.7.1 in the shaded jar.
[INFO] Including com.fasterxml.jackson.module:jackson-module-jaxb-annotations:jar:2.7.1 in the shaded jar.
[INFO] Including org.springframework:spring-web:jar:4.2.5.RELEASE in the shaded jar.
[INFO] Including org.springframework:spring-aop:jar:4.2.5.RELEASE in the shaded jar.
[INFO] Including aopalliance:aopalliance:jar:1.0 in the shaded jar.
[INFO] Including org.springframework:spring-beans:jar:4.2.5.RELEASE in the shaded jar.
[INFO] Including org.springframework:spring-context:jar:4.2.5.RELEASE in the shaded jar.
[INFO] Including org.springframework:spring-expression:jar:4.2.5.RELEASE in the shaded jar.
[INFO] Including org.slf4j:slf4j-api:jar:1.7.18 in the shaded jar.
[INFO] Including org.slf4j:log4j-over-slf4j:jar:1.7.18 in the shaded jar.
[INFO] Including org.slf4j:jcl-over-slf4j:jar:1.7.18 in the shaded jar.
[INFO] Including ch.qos.logback:logback-classic:jar:1.1.5 in the shaded jar.
[INFO] Including ch.qos.logback:logback-core:jar:1.1.5 in the shaded jar.
[INFO] Including org.slf4j:jul-to-slf4j:jar:1.7.18 in the shaded jar.
[INFO] Including org.apache.commons:commons-lang3:jar:3.4 in the shaded jar.
[INFO] Including com.h2database:h2:jar:1.4.191 in the shaded jar.
[INFO] Including io.dropwizard.metrics:metrics-servlets:jar:3.1.2 in the shaded jar.
[INFO] Including io.dropwizard.metrics:metrics-json:jar:3.1.2 in the shaded jar.
[INFO] Including io.dropwizard.metrics:metrics-jvm:jar:3.1.2 in the shaded jar.
[INFO] Including com.nitorcreations:nflow-metrics:jar:3.3.1-SNAPSHOT in the shaded jar.
[INFO] Including io.dropwizard.metrics:metrics-core:jar:3.1.2 in the shaded jar.
[INFO] Including io.dropwizard.metrics:metrics-healthchecks:jar:3.1.2 in the shaded jar.
[INFO] Including com.nitorcreations:nflow-engine:jar:3.3.1-SNAPSHOT in the shaded jar.
[INFO] Including org.springframework:spring-jdbc:jar:4.2.5.RELEASE in the shaded jar.
[INFO] Including org.springframework:spring-tx:jar:4.2.5.RELEASE in the shaded jar.
[INFO] Including javax.inject:javax.inject:jar:1 in the shaded jar.
[INFO] Including com.zaxxer:HikariCP-java6:jar:2.3.13 in the shaded jar.
[INFO] Including org.apache.cxf:cxf-rt-rs-client:jar:3.1.5 in the shaded jar.
[INFO] Including org.apache.cxf:cxf-rt-transports-http:jar:3.1.5 in the shaded jar.
[INFO] Including org.apache.cxf:cxf-core:jar:3.1.5 in the shaded jar.
[INFO] Including org.codehaus.woodstox:woodstox-core-asl:jar:4.4.1 in the shaded jar.
[INFO] Including org.apache.ws.xmlschema:xmlschema-core:jar:2.2.1 in the shaded jar.
[INFO] Including com.fasterxml.jackson.datatype:jackson-datatype-joda:jar:2.7.1 in the shaded jar.
[INFO] Including com.fasterxml.jackson.core:jackson-annotations:jar:2.7.1 in the shaded jar.
[INFO] Including com.fasterxml.jackson.core:jackson-core:jar:2.7.1 in the shaded jar.
[INFO] Including com.fasterxml.jackson.core:jackson-databind:jar:2.7.1-1 in the shaded jar.
[INFO] Including joda-time:joda-time:jar:2.9.2 in the shaded jar.
[INFO] Including com.google.code.findbugs:jsr305:jar:3.0.1 in the shaded jar.
[INFO] Including io.github.robwin:swagger2markup:jar:0.9.2 in the shaded jar.
[INFO] Including io.github.robwin:markup-document-builder:jar:0.1.5 in the shaded jar.
[INFO] Including io.swagger:swagger-compat-spec-parser:jar:1.0.13 in the shaded jar.
[INFO] Including io.swagger:swagger-parser:jar:1.0.13 in the shaded jar.
[INFO] Including org.slf4j:slf4j-ext:jar:1.6.3 in the shaded jar.
[INFO] Including ch.qos.cal10n:cal10n-api:jar:0.7.4 in the shaded jar.
[INFO] Including com.github.fge:json-schema-validator:jar:2.2.3 in the shaded jar.
[INFO] Including com.github.fge:json-schema-core:jar:1.2.1 in the shaded jar.
[INFO] Including com.github.fge:uri-template:jar:0.9 in the shaded jar.
[INFO] Including org.mozilla:rhino:jar:1.7R4 in the shaded jar.
[INFO] Including com.googlecode.libphonenumber:libphonenumber:jar:6.0 in the shaded jar.
[INFO] Including javax.mail:mailapi:jar:1.4.3 in the shaded jar.
[INFO] Including javax.activation:activation:jar:1.1 in the shaded jar.
[INFO] Including net.sf.jopt-simple:jopt-simple:jar:4.6 in the shaded jar.
[INFO] Including com.github.fge:json-patch:jar:1.6 in the shaded jar.
[INFO] Including com.github.fge:jackson-coreutils:jar:1.6 in the shaded jar.
[INFO] Including com.github.fge:msg-simple:jar:1.1 in the shaded jar.
[INFO] Including com.github.fge:btf:jar:1.2 in the shaded jar.
[INFO] Including org.apache.httpcomponents:httpclient:jar:4.3.3 in the shaded jar.
[INFO] Including org.apache.httpcomponents:httpcore:jar:4.3.2 in the shaded jar.
[INFO] Including commons-codec:commons-codec:jar:1.6 in the shaded jar.
[INFO] Including commons-collections:commons-collections:jar:3.2.1 in the shaded jar.
[INFO] Including commons-io:commons-io:jar:2.4 in the shaded jar.
[INFO] Including org.springframework:spring-core:jar:4.2.5.RELEASE in the shaded jar.
[INFO] Including org.postgresql:postgresql:jar:9.4.1208.jre7 in the shaded jar.
[INFO] Including mysql:mysql-connector-java:jar:5.1.38 in the shaded jar.
[INFO] Including javax.servlet:javax.servlet-api:jar:3.1.0 in the shaded jar.
[INFO] Replacing original artifact with shaded artifact.
[INFO] Replacing /home/travis/build/NitorCreations/nflow/nflow-tests/target/nflow-tests-3.3.1-SNAPSHOT.jar with /home/travis/build/NitorCreations/nflow/nflow-tests/target/nflow-tests-3.3.1-SNAPSHOT-shaded.jar
[INFO] 
[INFO] --- maven-source-plugin:2.4:jar-no-fork (attach-sources) @ nflow-tests ---
[INFO] Building jar: /home/travis/build/NitorCreations/nflow/nflow-tests/target/nflow-tests-3.3.1-SNAPSHOT-sources.jar
[INFO] 
[INFO] --- maven-javadoc-plugin:2.10.3:jar (attach-javadocs) @ nflow-tests ---
[INFO] Skipping javadoc generation
[INFO] 
[INFO] --- maven-install-plugin:2.5.2:install (default-install) @ nflow-tests ---
[INFO] Installing /home/travis/build/NitorCreations/nflow/nflow-tests/target/nflow-tests-3.3.1-SNAPSHOT.jar to /home/travis/.m2/repository/com/nitorcreations/nflow-tests/3.3.1-SNAPSHOT/nflow-tests-3.3.1-SNAPSHOT.jar
[INFO] Installing /home/travis/build/NitorCreations/nflow/nflow-tests/pom.xml to /home/travis/.m2/repository/com/nitorcreations/nflow-tests/3.3.1-SNAPSHOT/nflow-tests-3.3.1-SNAPSHOT.pom
[INFO] Installing /home/travis/build/NitorCreations/nflow/nflow-tests/target/nflow-tests-3.3.1-SNAPSHOT-sources.jar to /home/travis/.m2/repository/com/nitorcreations/nflow-tests/3.3.1-SNAPSHOT/nflow-tests-3.3.1-SNAPSHOT-sources.jar
[INFO]                                                                         
[INFO] ------------------------------------------------------------------------
[INFO] Building nflow-perf-test 3.3.1-SNAPSHOT
[INFO] ------------------------------------------------------------------------
[INFO] 
[INFO] --- maven-enforcer-plugin:1.4.1:enforce (ban-unwanted-dependencies) @ nflow-perf-test ---
[INFO] 
[INFO] --- maven-resources-plugin:2.7:resources (default-resources) @ nflow-perf-test ---
[INFO] Using 'UTF-8' encoding to copy filtered resources.
[INFO] Copying 1 resource
[INFO] 
[INFO] --- maven-compiler-plugin:3.5:compile (default-compile) @ nflow-perf-test ---
[INFO] Changes detected - recompiling the module!
[INFO] Compiling 13 source files to /home/travis/build/NitorCreations/nflow/nflow-perf-test/target/classes
[INFO] 
[INFO] --- maven-resources-plugin:2.7:testResources (default-testResources) @ nflow-perf-test ---
[INFO] Using 'UTF-8' encoding to copy filtered resources.
[INFO] skip non existing resourceDirectory /home/travis/build/NitorCreations/nflow/nflow-perf-test/src/test/resources
[INFO] 
[INFO] --- maven-compiler-plugin:3.5:testCompile (default-testCompile) @ nflow-perf-test ---
[INFO] No sources to compile
[INFO] 
[INFO] --- maven-surefire-plugin:2.19.1:test (default-test) @ nflow-perf-test ---
[INFO] Tests are skipped.
[INFO] 
[INFO] --- maven-jar-plugin:2.6:jar (default-jar) @ nflow-perf-test ---
[INFO] Building jar: /home/travis/build/NitorCreations/nflow/nflow-perf-test/target/nflow-perf-test-3.3.1-SNAPSHOT.jar
[INFO] 
[INFO] --- maven-shade-plugin:2.4.3:shade (default) @ nflow-perf-test ---
[INFO] Including com.nitorcreations:nflow-jetty:jar:3.3.1-SNAPSHOT in the shaded jar.
[INFO] Including com.nitorcreations:nflow-rest-api:jar:3.3.1-SNAPSHOT in the shaded jar.
[INFO] Including javax.ws.rs:javax.ws.rs-api:jar:2.0.1 in the shaded jar.
[INFO] Including io.swagger:swagger-annotations:jar:1.5.7 in the shaded jar.
[INFO] Including javax.validation:validation-api:jar:1.1.0.Final in the shaded jar.
[INFO] Including org.glassfish:javax.el:jar:3.0.0 in the shaded jar.
[INFO] Including org.hibernate:hibernate-validator:jar:5.2.3.Final in the shaded jar.
[INFO] Including org.jboss.logging:jboss-logging:jar:3.2.1.Final in the shaded jar.
[INFO] Including com.fasterxml:classmate:jar:1.1.0 in the shaded jar.
[INFO] Including com.nitorcreations:core-utils:jar:1.4 in the shaded jar.
[INFO] Including org.eclipse.jetty:jetty-server:jar:9.2.14.v20151106 in the shaded jar.
[INFO] Including org.eclipse.jetty:jetty-http:jar:9.2.14.v20151106 in the shaded jar.
[INFO] Including org.eclipse.jetty:jetty-io:jar:9.2.14.v20151106 in the shaded jar.
[INFO] Including org.eclipse.jetty:jetty-servlet:jar:9.2.14.v20151106 in the shaded jar.
[INFO] Including org.eclipse.jetty:jetty-security:jar:9.2.14.v20151106 in the shaded jar.
[INFO] Including org.eclipse.jetty:jetty-jmx:jar:9.2.14.v20151106 in the shaded jar.
[INFO] Including org.eclipse.jetty:jetty-util:jar:9.2.14.v20151106 in the shaded jar.
[INFO] Including org.apache.cxf:cxf-rt-frontend-jaxrs:jar:3.1.5 in the shaded jar.
[INFO] Including javax.annotation:javax.annotation-api:jar:1.2 in the shaded jar.
[INFO] Including org.apache.cxf:cxf-rt-management:jar:3.1.5 in the shaded jar.
[INFO] Including org.apache.cxf:cxf-rt-rs-service-description:jar:3.1.5 in the shaded jar.
[INFO] Including io.swagger:swagger-jaxrs:jar:1.5.7 in the shaded jar.
[INFO] Including com.fasterxml.jackson.dataformat:jackson-dataformat-yaml:jar:2.4.5 in the shaded jar.
[INFO] Including org.yaml:snakeyaml:jar:1.12 in the shaded jar.
[INFO] Including com.fasterxml.jackson.dataformat:jackson-dataformat-xml:jar:2.4.5 in the shaded jar.
[INFO] Including org.codehaus.woodstox:stax2-api:jar:3.1.4 in the shaded jar.
[INFO] Including io.swagger:swagger-core:jar:1.5.7 in the shaded jar.
[INFO] Including com.fasterxml.jackson.core:jackson-annotations:jar:2.7.1 in the shaded jar.
[INFO] Including io.swagger:swagger-models:jar:1.5.7 in the shaded jar.
[INFO] Including org.reflections:reflections:jar:0.9.10 in the shaded jar.
[INFO] Including org.javassist:javassist:jar:3.20.0-GA in the shaded jar.
[INFO] Including com.google.guava:guava:jar:18.0 in the shaded jar.
[INFO] Including com.fasterxml.jackson.jaxrs:jackson-jaxrs-json-provider:jar:2.7.1 in the shaded jar.
[INFO] Including com.fasterxml.jackson.jaxrs:jackson-jaxrs-base:jar:2.7.1 in the shaded jar.
[INFO] Including com.fasterxml.jackson.core:jackson-core:jar:2.7.1 in the shaded jar.
[INFO] Including com.fasterxml.jackson.core:jackson-databind:jar:2.7.1-1 in the shaded jar.
[INFO] Including com.fasterxml.jackson.module:jackson-module-jaxb-annotations:jar:2.7.1 in the shaded jar.
[INFO] Including org.springframework:spring-web:jar:4.2.5.RELEASE in the shaded jar.
[INFO] Including org.springframework:spring-aop:jar:4.2.5.RELEASE in the shaded jar.
[INFO] Including aopalliance:aopalliance:jar:1.0 in the shaded jar.
[INFO] Including org.springframework:spring-beans:jar:4.2.5.RELEASE in the shaded jar.
[INFO] Including org.springframework:spring-context:jar:4.2.5.RELEASE in the shaded jar.
[INFO] Including org.springframework:spring-expression:jar:4.2.5.RELEASE in the shaded jar.
[INFO] Including org.springframework:spring-core:jar:4.2.5.RELEASE in the shaded jar.
[INFO] Including org.slf4j:slf4j-api:jar:1.7.18 in the shaded jar.
[INFO] Including org.slf4j:log4j-over-slf4j:jar:1.7.18 in the shaded jar.
[INFO] Including org.slf4j:jcl-over-slf4j:jar:1.7.18 in the shaded jar.
[INFO] Including ch.qos.logback:logback-classic:jar:1.1.5 in the shaded jar.
[INFO] Including ch.qos.logback:logback-core:jar:1.1.5 in the shaded jar.
[INFO] Including org.slf4j:jul-to-slf4j:jar:1.7.18 in the shaded jar.
[INFO] Including org.apache.commons:commons-lang3:jar:3.4 in the shaded jar.
[INFO] Including com.h2database:h2:jar:1.4.191 in the shaded jar.
[INFO] Including io.dropwizard.metrics:metrics-servlets:jar:3.1.2 in the shaded jar.
[INFO] Including io.dropwizard.metrics:metrics-json:jar:3.1.2 in the shaded jar.
[INFO] Including io.dropwizard.metrics:metrics-jvm:jar:3.1.2 in the shaded jar.
[INFO] Including com.nitorcreations:nflow-metrics:jar:3.3.1-SNAPSHOT in the shaded jar.
[INFO] Including io.dropwizard.metrics:metrics-core:jar:3.1.2 in the shaded jar.
[INFO] Including io.dropwizard.metrics:metrics-healthchecks:jar:3.1.2 in the shaded jar.
[INFO] Including com.nitorcreations:nflow-engine:jar:3.3.1-SNAPSHOT in the shaded jar.
[INFO] Including org.springframework:spring-jdbc:jar:4.2.5.RELEASE in the shaded jar.
[INFO] Including org.springframework:spring-tx:jar:4.2.5.RELEASE in the shaded jar.
[INFO] Including com.fasterxml.jackson.datatype:jackson-datatype-joda:jar:2.7.1 in the shaded jar.
[INFO] Including joda-time:joda-time:jar:2.9.2 in the shaded jar.
[INFO] Including javax.inject:javax.inject:jar:1 in the shaded jar.
[INFO] Including com.zaxxer:HikariCP-java6:jar:2.3.13 in the shaded jar.
[INFO] Including javax.servlet:javax.servlet-api:jar:3.1.0 in the shaded jar.
[INFO] Including org.apache.cxf:cxf-rt-rs-client:jar:3.1.5 in the shaded jar.
[INFO] Including org.apache.cxf:cxf-rt-transports-http:jar:3.1.5 in the shaded jar.
[INFO] Including org.apache.cxf:cxf-core:jar:3.1.5 in the shaded jar.
[INFO] Including org.codehaus.woodstox:woodstox-core-asl:jar:4.4.1 in the shaded jar.
[INFO] Including org.apache.ws.xmlschema:xmlschema-core:jar:2.2.1 in the shaded jar.
[INFO] Including org.postgresql:postgresql:jar:9.4.1208.jre7 in the shaded jar.
[INFO] Replacing original artifact with shaded artifact.
[INFO] Replacing /home/travis/build/NitorCreations/nflow/nflow-perf-test/target/nflow-perf-test-3.3.1-SNAPSHOT.jar with /home/travis/build/NitorCreations/nflow/nflow-perf-test/target/nflow-perf-test-3.3.1-SNAPSHOT-shaded.jar
[INFO] 
[INFO] --- maven-source-plugin:2.4:jar-no-fork (attach-sources) @ nflow-perf-test ---
[INFO] Building jar: /home/travis/build/NitorCreations/nflow/nflow-perf-test/target/nflow-perf-test-3.3.1-SNAPSHOT-sources.jar
[INFO] 
[INFO] --- maven-javadoc-plugin:2.10.3:jar (attach-javadocs) @ nflow-perf-test ---
[INFO] Skipping javadoc generation
[INFO] 
[INFO] --- maven-install-plugin:2.5.2:install (default-install) @ nflow-perf-test ---
[INFO] Installing /home/travis/build/NitorCreations/nflow/nflow-perf-test/target/nflow-perf-test-3.3.1-SNAPSHOT.jar to /home/travis/.m2/repository/com/nitorcreations/nflow-perf-test/3.3.1-SNAPSHOT/nflow-perf-test-3.3.1-SNAPSHOT.jar
[INFO] Installing /home/travis/build/NitorCreations/nflow/nflow-perf-test/pom.xml to /home/travis/.m2/repository/com/nitorcreations/nflow-perf-test/3.3.1-SNAPSHOT/nflow-perf-test-3.3.1-SNAPSHOT.pom
[INFO] Installing /home/travis/build/NitorCreations/nflow/nflow-perf-test/target/nflow-perf-test-3.3.1-SNAPSHOT-sources.jar to /home/travis/.m2/repository/com/nitorcreations/nflow-perf-test/3.3.1-SNAPSHOT/nflow-perf-test-3.3.1-SNAPSHOT-sources.jar
[INFO] ------------------------------------------------------------------------
[INFO] Reactor Summary:
[INFO] 
[INFO] nflow .............................................. SUCCESS [  3.744 s]
[INFO] nflow-engine ....................................... SUCCESS [ 16.049 s]
[INFO] nflow-rest-api ..................................... SUCCESS [  3.587 s]
[INFO] nflow-jetty ........................................ SUCCESS [  2.824 s]
[INFO] nflow-metrics ...................................... SUCCESS [  0.110 s]
[INFO] nflow-tests ........................................ SUCCESS [ 10.680 s]
[INFO] nflow-perf-test .................................... SUCCESS [  3.400 s]
[INFO] ------------------------------------------------------------------------
[INFO] BUILD SUCCESS
[INFO] ------------------------------------------------------------------------
[INFO] Total time: 42.331 s
[INFO] Finished at: 2016-06-04T22:59:52+00:00
[INFO] Final Memory: 73M/416M
[INFO] ------------------------------------------------------------------------

travis_time:end:27c23426:start=1465081148143400057,finish=1465081192858411812,duration=44715011755[0Ktravis_fold:end:install[0Ktravis_fold:start:before_script.1[0Ktravis_time:start:06da4fa8[0K$ if [[ "$SPRING_PROFILES_ACTIVE" =~ postgre ]]; then psql -c "create user nflow with password 'nflow';" -U postgres; fi
CREATE ROLE

travis_time:end:06da4fa8:start=1465081192862699439,finish=1465081192872473983,duration=9774544[0Ktravis_fold:end:before_script.1[0Ktravis_fold:start:before_script.2[0Ktravis_time:start:0063c928[0K$ if [[ "$SPRING_PROFILES_ACTIVE" =~ postgre ]]; then psql -c "create database nflow owner nflow;" -U postgres; fi
CREATE DATABASE

travis_time:end:0063c928:start=1465081192876461511,finish=1465081193098236046,duration=221774535[0Ktravis_fold:end:before_script.2[0Ktravis_fold:start:before_script.3[0Ktravis_time:start:074a982c[0K$ if [[ "$SPRING_PROFILES_ACTIVE" =~ mysql ]]; then mysql -v -e "create database nflow character set utf8mb4;" -u root; fi

travis_time:end:074a982c:start=1465081193102275405,finish=1465081193105382965,duration=3107560[0Ktravis_fold:end:before_script.3[0Ktravis_fold:start:before_script.4[0Ktravis_time:start:13e7dead[0K$ if [[ "$SPRING_PROFILES_ACTIVE" =~ mysql ]]; then mysql -v -e "create user 'nflow'@'%' identified by 'nflow';" -u root; fi

travis_time:end:13e7dead:start=1465081193109361212,finish=1465081193112412319,duration=3051107[0Ktravis_fold:end:before_script.4[0Ktravis_fold:start:before_script.5[0Ktravis_time:start:0499c39c[0K$ if [[ "$SPRING_PROFILES_ACTIVE" =~ mysql ]]; then mysql -v -e "create user 'nflow'@'localhost' identified by 'nflow';" -u root; fi

travis_time:end:0499c39c:start=1465081193116367832,finish=1465081193119428471,duration=3060639[0Ktravis_fold:end:before_script.5[0Ktravis_fold:start:before_script.6[0Ktravis_time:start:0d42dc4c[0K$ if [[ "$SPRING_PROFILES_ACTIVE" =~ mysql ]]; then mysql -v -e "grant all on nflow.* TO 'nflow'@'%';" -u root; fi

travis_time:end:0d42dc4c:start=1465081193123372815,finish=1465081193126485208,duration=3112393[0Ktravis_fold:end:before_script.6[0Ktravis_fold:start:before_script.7[0Ktravis_time:start:1c8a59e1[0K$ if [[ "$SPRING_PROFILES_ACTIVE" =~ mysql ]]; then mysql -v -e "grant all on nflow.* TO 'nflow'@'localhost';" -u root; fi

travis_time:end:1c8a59e1:start=1465081193130398111,finish=1465081193133420114,duration=3022003[0Ktravis_fold:end:before_script.7[0Ktravis_fold:start:before_script.8[0Ktravis_time:start:0385a9a8[0K$ if [[ "$SPRING_PROFILES_ACTIVE" =~ mysql ]]; then mysql -v -e "flush privileges;" -u root; fi

travis_time:end:0385a9a8:start=1465081193137305824,finish=1465081193140329803,duration=3023979[0Ktravis_fold:end:before_script.8[0Ktravis_time:start:0a5e652f[0K$ mvn test -B
Java HotSpot(TM) 64-Bit Server VM warning: ignoring option MaxPermSize=192m; support was removed in 8.0
[INFO] Scanning for projects...
[WARNING] 
[WARNING] Some problems were encountered while building the effective model for com.nitorcreations:nflow-jetty:jar:3.3.1-SNAPSHOT
[WARNING] 'profiles.profile[oracle].dependencies.dependency.systemPath' for com.oracle:ojdbc7:jar should not point at files within the project directory, ${basedir}/../ojdbc7.jar will be unresolvable by dependent projects @ com.nitorcreations:nflow-jetty:[unknown-version], /home/travis/build/NitorCreations/nflow/nflow-jetty/pom.xml, line 302, column 23
[WARNING] 
[WARNING] Some problems were encountered while building the effective model for com.nitorcreations:nflow-tests:jar:3.3.1-SNAPSHOT
[WARNING] 'profiles.profile[oracle].dependencies.dependency.systemPath' for com.oracle:ojdbc7:jar should not point at files within the project directory, ${basedir}/../ojdbc7.jar will be unresolvable by dependent projects @ com.nitorcreations:nflow-tests:[unknown-version], /home/travis/build/NitorCreations/nflow/nflow-tests/pom.xml, line 85, column 23
[WARNING] 
[WARNING] It is highly recommended to fix these problems because they threaten the stability of your build.
[WARNING] 
[WARNING] For this reason, future Maven versions might no longer support building such malformed projects.
[WARNING] 
[INFO] Inspecting build with total of 7 modules...
[INFO] Installing Nexus Staging features:
[INFO]   ... total of 7 executions of maven-deploy-plugin replaced with nexus-staging-maven-plugin
[INFO] ------------------------------------------------------------------------
[INFO] Reactor Build Order:
[INFO] 
[INFO] nflow
[INFO] nflow-engine
[INFO] nflow-rest-api
[INFO] nflow-jetty
[INFO] nflow-metrics
[INFO] nflow-tests
[INFO] nflow-perf-test
[INFO]                                                                         
[INFO] ------------------------------------------------------------------------
[INFO] Building nflow 3.3.1-SNAPSHOT
[INFO] ------------------------------------------------------------------------
[INFO] 
[INFO] --- maven-enforcer-plugin:1.4.1:enforce (ban-unwanted-dependencies) @ nflow-root ---
[INFO]                                                                         
[INFO] ------------------------------------------------------------------------
[INFO] Building nflow-engine 3.3.1-SNAPSHOT
[INFO] ------------------------------------------------------------------------
[INFO] 
[INFO] --- maven-enforcer-plugin:1.4.1:enforce (ban-unwanted-dependencies) @ nflow-engine ---
[INFO] 
[INFO] --- maven-resources-plugin:2.7:resources (default-resources) @ nflow-engine ---
[INFO] Using 'UTF-8' encoding to copy filtered resources.
[INFO] Copying 30 resources
[INFO] 
[INFO] --- maven-compiler-plugin:3.5:compile (default-compile) @ nflow-engine ---
[INFO] Changes detected - recompiling the module!
[INFO] Compiling 66 source files to /home/travis/build/NitorCreations/nflow/nflow-engine/target/classes
[INFO] 
[INFO] --- maven-resources-plugin:2.7:testResources (default-testResources) @ nflow-engine ---
[INFO] Using 'UTF-8' encoding to copy filtered resources.
[INFO] Copying 6 resources
[INFO] 
[INFO] --- maven-compiler-plugin:3.5:testCompile (default-testCompile) @ nflow-engine ---
[INFO] Nothing to compile - all classes are up to date
[INFO] 
[INFO] --- maven-surefire-plugin:2.19.1:test (default-test) @ nflow-engine ---

-------------------------------------------------------
 T E S T S
-------------------------------------------------------
Running com.nitorcreations.nflow.engine.service.WorkflowInstanceServiceTest
Tests run: 9, Failures: 0, Errors: 0, Skipped: 0, Time elapsed: 0.476 sec - in com.nitorcreations.nflow.engine.service.WorkflowInstanceServiceTest
Running com.nitorcreations.nflow.engine.service.WorkflowDefinitionServiceTest
Tests run: 5, Failures: 0, Errors: 0, Skipped: 0, Time elapsed: 0.072 sec - in com.nitorcreations.nflow.engine.service.WorkflowDefinitionServiceTest
Running com.nitorcreations.nflow.engine.service.ArchiveServiceTest
Tests run: 3, Failures: 0, Errors: 0, Skipped: 0, Time elapsed: 0.11 sec - in com.nitorcreations.nflow.engine.service.ArchiveServiceTest
Running com.nitorcreations.nflow.engine.service.HealthCheckServiceTest
Tests run: 1, Failures: 0, Errors: 0, Skipped: 0, Time elapsed: 0.004 sec - in com.nitorcreations.nflow.engine.service.HealthCheckServiceTest
Running com.nitorcreations.nflow.engine.service.WorkflowExecutorServiceTest
Tests run: 1, Failures: 0, Errors: 0, Skipped: 0, Time elapsed: 0.029 sec - in com.nitorcreations.nflow.engine.service.WorkflowExecutorServiceTest
Running com.nitorcreations.nflow.engine.service.StatisticsServiceTest
Tests run: 2, Failures: 0, Errors: 0, Skipped: 0, Time elapsed: 0.006 sec - in com.nitorcreations.nflow.engine.service.StatisticsServiceTest
Running com.nitorcreations.nflow.engine.service.WorkflowDefinitionServiceWithSpringTest
Tests run: 1, Failures: 0, Errors: 0, Skipped: 0, Time elapsed: 0.618 sec - in com.nitorcreations.nflow.engine.service.WorkflowDefinitionServiceWithSpringTest
Running com.nitorcreations.nflow.engine.internal.executor.ThresholdBlockingQueueTest
Tests run: 4, Failures: 0, Errors: 0, Skipped: 0, Time elapsed: 7.143 sec - in com.nitorcreations.nflow.engine.internal.executor.ThresholdBlockingQueueTest
Running com.nitorcreations.nflow.engine.internal.executor.WorkflowStateProcessorTest
Tests run: 28, Failures: 0, Errors: 0, Skipped: 0, Time elapsed: 0.997 sec - in com.nitorcreations.nflow.engine.internal.executor.WorkflowStateProcessorTest
Running com.nitorcreations.nflow.engine.internal.executor.WorkflowStateProcessorFactoryTest
Tests run: 3, Failures: 0, Errors: 0, Skipped: 0, Time elapsed: 0.041 sec - in com.nitorcreations.nflow.engine.internal.executor.WorkflowStateProcessorFactoryTest
Running com.nitorcreations.nflow.engine.internal.executor.WorkflowDispatcherTest
Tests run: 9, Failures: 0, Errors: 0, Skipped: 0, Time elapsed: 0.6 sec - in com.nitorcreations.nflow.engine.internal.executor.WorkflowDispatcherTest
Running com.nitorcreations.nflow.engine.internal.executor.WorkflowInstanceExecutorTest
Tests run: 5, Failures: 0, Errors: 0, Skipped: 0, Time elapsed: 0.035 sec - in com.nitorcreations.nflow.engine.internal.executor.WorkflowInstanceExecutorTest
Running com.nitorcreations.nflow.engine.internal.config.WorkflowLifecycleTest
Tests run: 5, Failures: 0, Errors: 0, Skipped: 0, Time elapsed: 0.007 sec - in com.nitorcreations.nflow.engine.internal.config.WorkflowLifecycleTest
Running com.nitorcreations.nflow.engine.internal.config.PropertiesConfigurationTest
Tests run: 1, Failures: 0, Errors: 0, Skipped: 0, Time elapsed: 0.005 sec - in com.nitorcreations.nflow.engine.internal.config.PropertiesConfigurationTest
Running com.nitorcreations.nflow.engine.internal.config.EngineConfigurationTest
Tests run: 6, Failures: 0, Errors: 0, Skipped: 0, Time elapsed: 0.101 sec - in com.nitorcreations.nflow.engine.internal.config.EngineConfigurationTest
Running com.nitorcreations.nflow.engine.internal.dao.StatisticsDaoTest
Tests run: 5, Failures: 0, Errors: 0, Skipped: 0, Time elapsed: 1.85 sec - in com.nitorcreations.nflow.engine.internal.dao.StatisticsDaoTest
Running com.nitorcreations.nflow.engine.internal.dao.WorkflowInstanceDaoTest
Tests run: 34, Failures: 0, Errors: 0, Skipped: 0, Time elapsed: 2.395 sec - in com.nitorcreations.nflow.engine.internal.dao.WorkflowInstanceDaoTest
Running com.nitorcreations.nflow.engine.internal.dao.HealthCheckDaoTest
Tests run: 1, Failures: 0, Errors: 0, Skipped: 0, Time elapsed: 0.029 sec - in com.nitorcreations.nflow.engine.internal.dao.HealthCheckDaoTest
Running com.nitorcreations.nflow.engine.internal.dao.ArchiveDaoTest
Tests run: 5, Failures: 0, Errors: 0, Skipped: 0, Time elapsed: 0.341 sec - in com.nitorcreations.nflow.engine.internal.dao.ArchiveDaoTest
Running com.nitorcreations.nflow.engine.internal.dao.DaoUtilTest
Tests run: 2, Failures: 0, Errors: 0, Skipped: 0, Time elapsed: 0 sec - in com.nitorcreations.nflow.engine.internal.dao.DaoUtilTest
Running com.nitorcreations.nflow.engine.internal.dao.TableMetadataCheckerTest
Tests run: 8, Failures: 0, Errors: 0, Skipped: 0, Time elapsed: 0.144 sec - in com.nitorcreations.nflow.engine.internal.dao.TableMetadataCheckerTest
Running com.nitorcreations.nflow.engine.internal.dao.ExecutorDaoTest
Tests run: 4, Failures: 0, Errors: 0, Skipped: 0, Time elapsed: 0.985 sec - in com.nitorcreations.nflow.engine.internal.dao.ExecutorDaoTest
Running com.nitorcreations.nflow.engine.internal.dao.WorkflowDefinitionDaoTest
Tests run: 4, Failures: 0, Errors: 0, Skipped: 0, Time elapsed: 0.234 sec - in com.nitorcreations.nflow.engine.internal.dao.WorkflowDefinitionDaoTest
Running com.nitorcreations.nflow.engine.internal.storage.db.DatabaseInitializerTest
Tests run: 3, Failures: 0, Errors: 0, Skipped: 0, Time elapsed: 0.112 sec - in com.nitorcreations.nflow.engine.internal.storage.db.DatabaseInitializerTest
Running com.nitorcreations.nflow.engine.internal.workflow.WorkflowDefinitionScannerTest
Tests run: 7, Failures: 0, Errors: 0, Skipped: 0, Time elapsed: 0.018 sec - in com.nitorcreations.nflow.engine.internal.workflow.WorkflowDefinitionScannerTest
Running com.nitorcreations.nflow.engine.internal.workflow.StateExecutionImplTest
Tests run: 16, Failures: 1, Errors: 0, Skipped: 0, Time elapsed: 0.139 sec <<< FAILURE! - in com.nitorcreations.nflow.engine.internal.workflow.StateExecutionImplTest
nonChildWorkflowCannotWakeUpParent(com.nitorcreations.nflow.engine.internal.workflow.StateExecutionImplTest)  Time elapsed: 0.013 sec  <<< FAILURE!
java.lang.AssertionError: Expected exception: java.lang.IllegalArgumentException

Running com.nitorcreations.nflow.engine.internal.util.PeriodicLoggerTest
Tests run: 3, Failures: 0, Errors: 0, Skipped: 0, Time elapsed: 0.062 sec - in com.nitorcreations.nflow.engine.internal.util.PeriodicLoggerTest
Running com.nitorcreations.nflow.engine.workflow.definition.MutableTest
Tests run: 3, Failures: 0, Errors: 0, Skipped: 0, Time elapsed: 0.011 sec - in com.nitorcreations.nflow.engine.workflow.definition.MutableTest
Running com.nitorcreations.nflow.engine.workflow.definition.WorkflowStateTypeTest
Tests run: 4, Failures: 0, Errors: 0, Skipped: 0, Time elapsed: 0.002 sec - in com.nitorcreations.nflow.engine.workflow.definition.WorkflowStateTypeTest
Running com.nitorcreations.nflow.engine.workflow.definition.NextActionTest
Tests run: 6, Failures: 0, Errors: 0, Skipped: 0, Time elapsed: 0.017 sec - in com.nitorcreations.nflow.engine.workflow.definition.NextActionTest
Running com.nitorcreations.nflow.engine.workflow.definition.WorkflowSettingsTest
Tests run: 2, Failures: 0, Errors: 0, Skipped: 0, Time elapsed: 0.03 sec - in com.nitorcreations.nflow.engine.workflow.definition.WorkflowSettingsTest
Running com.nitorcreations.nflow.engine.workflow.definition.WorkflowDefinitionTest
Tests run: 15, Failures: 0, Errors: 0, Skipped: 0, Time elapsed: 0.062 sec - in com.nitorcreations.nflow.engine.workflow.definition.WorkflowDefinitionTest
Running com.nitorcreations.nflow.engine.workflow.definition.AbstractWorkflowDefinitionTest
Tests run: 15, Failures: 0, Errors: 0, Skipped: 0, Time elapsed: 0.044 sec - in com.nitorcreations.nflow.engine.workflow.definition.AbstractWorkflowDefinitionTest
Running com.nitorcreations.nflow.engine.workflow.WorkflowInstancePreProcessorTest
Tests run: 5, Failures: 0, Errors: 0, Skipped: 0, Time elapsed: 0.013 sec - in com.nitorcreations.nflow.engine.workflow.WorkflowInstancePreProcessorTest
Running com.nitorcreations.nflow.engine.workflow.instance.WorkflowInstanceTest
Tests run: 1, Failures: 0, Errors: 0, Skipped: 0, Time elapsed: 0.001 sec - in com.nitorcreations.nflow.engine.workflow.instance.WorkflowInstanceTest
Running com.nitorcreations.nflow.engine.workflow.instance.WorkflowInstanceFactoryTest
Tests run: 1, Failures: 0, Errors: 0, Skipped: 0, Time elapsed: 0.004 sec - in com.nitorcreations.nflow.engine.workflow.instance.WorkflowInstanceFactoryTest

Results :

Failed tests: 
  StateExecutionImplTest.nonChildWorkflowCannotWakeUpParent Expected exception: java.lang.IllegalArgumentException

Tests run: 227, Failures: 1, Errors: 0, Skipped: 0

[INFO] ------------------------------------------------------------------------
[INFO] Reactor Summary:
[INFO] 
[INFO] nflow .............................................. SUCCESS [  1.010 s]
[INFO] nflow-engine ....................................... FAILURE [ 36.158 s]
[INFO] nflow-rest-api ..................................... SKIPPED
[INFO] nflow-jetty ........................................ SKIPPED
[INFO] nflow-metrics ...................................... SKIPPED
[INFO] nflow-tests ........................................ SKIPPED
[INFO] nflow-perf-test .................................... SKIPPED
[INFO] ------------------------------------------------------------------------
[INFO] BUILD FAILURE
[INFO] ------------------------------------------------------------------------
[INFO] Total time: 39.091 s
[INFO] Finished at: 2016-06-04T23:00:33+00:00
[INFO] Final Memory: 22M/316M
[INFO] ------------------------------------------------------------------------
[ERROR] Failed to execute goal org.apache.maven.plugins:maven-surefire-plugin:2.19.1:test (default-test) on project nflow-engine: There are test failures.
[ERROR] 
[ERROR] Please refer to /home/travis/build/NitorCreations/nflow/nflow-engine/target/surefire-reports for the individual test results.
[ERROR] -> [Help 1]
[ERROR] 
[ERROR] To see the full stack trace of the errors, re-run Maven with the -e switch.
[ERROR] Re-run Maven using the -X switch to enable full debug logging.
[ERROR] 
[ERROR] For more information about the errors and possible solutions, please read the following articles:
[ERROR] [Help 1] http://cwiki.apache.org/confluence/display/MAVEN/MojoFailureException
[ERROR] 
[ERROR] After correcting the problems, you can resume the build with the command
[ERROR]   mvn <goals> -rf :nflow-engine

travis_time:end:0a5e652f:start=1465081193144175557,finish=1465081235068821784,duration=41924646227[0K
[31;1mThe command "mvn test -B" exited with 1.[0m
travis_fold:start:cache.2[0Kstore build cache
travis_time:start:0a399170[0K
travis_time:end:0a399170:start=1465081235073001638,finish=1465081235076287419,duration=3285781[0Ktravis_time:start:2211ba30[0K[32;1mchange detected (content changed, file is created, or file is deleted):
/home/travis/.m2/repository/com/nitorcreations/nflow-engine/3.3.1-SNAPSHOT/maven-metadata-local.xml
/home/travis/.m2/repository/com/nitorcreations/nflow-engine/3.3.1-SNAPSHOT/nflow-engine-3.3.1-SNAPSHOT.jar
/home/travis/.m2/repository/com/nitorcreations/nflow-engine/3.3.1-SNAPSHOT/nflow-engine-3.3.1-SNAPSHOT-sources.jar
/home/travis/.m2/repository/com/nitorcreations/nflow-engine/3.3.1-SNAPSHOT/_remote.repositories
/home/travis/.m2/repository/com/nitorcreations/nflow-engine/maven-metadata-local.xml
/home/travis/.m2/repository/com/nitorcreations/nflow-jetty/3.3.1-SNAPSHOT/maven-metadata-local.xml
/home/travis/.m2/repository/com/nitorcreations/nflow-jetty/3.3.1-SNAPSHOT/nflow-jetty-3.3.1-SNAPSHOT.jar
/home/travis/.m2/repository/com/nitorcreations/nflow-jetty/3.3.1-SNAPSHOT/nflow-jetty-3.3.1-SNAPSHOT-sources.jar
/home/travis/.m2/repository/com/nitorcreations/nflow-jetty/3.3.1-SNAPSHOT/_remote.repositories
/home/travis/.m2/repository/com/nitorcreations/nflow-jetty/maven-metadata-local.xml
/h
[0m
[32;1m...
[0m
[32;1mchanges detected, packing new archive[0m
.
.
.
[32;1muploading archive[0m

travis_time:end:2211ba30:start=1465081235080064750,finish=1465081268597015345,duration=33516950595[0Ktravis_fold:end:cache.2[0Ktravis_fold:start:after_script[0Ktravis_time:start:0235767f[0K$ for i in nflow-*/target/surefire-reports/*.txt; do echo ">>>>>>>>>>>>>>>>>>>"; echo $i; echo "<<<<<<<<<<<<<<<<<<<<<"; cat $i; done
>>>>>>>>>>>>>>>>>>>
nflow-engine/target/surefire-reports/com.nitorcreations.nflow.engine.internal.config.EngineConfigurationTest.txt
<<<<<<<<<<<<<<<<<<<<<
-------------------------------------------------------------------------------
Test set: com.nitorcreations.nflow.engine.internal.config.EngineConfigurationTest
-------------------------------------------------------------------------------
Tests run: 6, Failures: 0, Errors: 0, Skipped: 0, Time elapsed: 0.101 sec - in com.nitorcreations.nflow.engine.internal.config.EngineConfigurationTest
>>>>>>>>>>>>>>>>>>>
nflow-engine/target/surefire-reports/com.nitorcreations.nflow.engine.internal.config.PropertiesConfigurationTest.txt
<<<<<<<<<<<<<<<<<<<<<
-------------------------------------------------------------------------------
Test set: com.nitorcreations.nflow.engine.internal.config.PropertiesConfigurationTest
-------------------------------------------------------------------------------
Tests run: 1, Failures: 0, Errors: 0, Skipped: 0, Time elapsed: 0.005 sec - in com.nitorcreations.nflow.engine.internal.config.PropertiesConfigurationTest
>>>>>>>>>>>>>>>>>>>
nflow-engine/target/surefire-reports/com.nitorcreations.nflow.engine.internal.config.WorkflowLifecycleTest.txt
<<<<<<<<<<<<<<<<<<<<<
-------------------------------------------------------------------------------
Test set: com.nitorcreations.nflow.engine.internal.config.WorkflowLifecycleTest
-------------------------------------------------------------------------------
Tests run: 5, Failures: 0, Errors: 0, Skipped: 0, Time elapsed: 0.007 sec - in com.nitorcreations.nflow.engine.internal.config.WorkflowLifecycleTest
>>>>>>>>>>>>>>>>>>>
nflow-engine/target/surefire-reports/com.nitorcreations.nflow.engine.internal.dao.ArchiveDaoTest.txt
<<<<<<<<<<<<<<<<<<<<<
-------------------------------------------------------------------------------
Test set: com.nitorcreations.nflow.engine.internal.dao.ArchiveDaoTest
-------------------------------------------------------------------------------
Tests run: 5, Failures: 0, Errors: 0, Skipped: 0, Time elapsed: 0.341 sec - in com.nitorcreations.nflow.engine.internal.dao.ArchiveDaoTest
>>>>>>>>>>>>>>>>>>>
nflow-engine/target/surefire-reports/com.nitorcreations.nflow.engine.internal.dao.DaoUtilTest.txt
<<<<<<<<<<<<<<<<<<<<<
-------------------------------------------------------------------------------
Test set: com.nitorcreations.nflow.engine.internal.dao.DaoUtilTest
-------------------------------------------------------------------------------
Tests run: 2, Failures: 0, Errors: 0, Skipped: 0, Time elapsed: 0 sec - in com.nitorcreations.nflow.engine.internal.dao.DaoUtilTest
>>>>>>>>>>>>>>>>>>>
nflow-engine/target/surefire-reports/com.nitorcreations.nflow.engine.internal.dao.ExecutorDaoTest-output.txt
<<<<<<<<<<<<<<<<<<<<<
04.06.2016 23:00:22 INFO  [main] orage.db.DatabaseConfiguration - [user:] Database connection to h2 using jdbc:h2:mem:test;TRACE_LEVEL_FILE=4
04.06.2016 23:00:22 INFO  [main] storage.db.DatabaseInitializer - [user:] Creating database populator using script 'scripts/db/h2.create.ddl.sql'
04.06.2016 23:00:22 INFO  [main] storage.db.DatabaseInitializer - [user:] Database created.
04.06.2016 23:00:22 INFO  [main] ngine.internal.dao.ExecutorDao - [user:] Joining executor group junit
>>>>>>>>>>>>>>>>>>>
nflow-engine/target/surefire-reports/com.nitorcreations.nflow.engine.internal.dao.ExecutorDaoTest.txt
<<<<<<<<<<<<<<<<<<<<<
-------------------------------------------------------------------------------
Test set: com.nitorcreations.nflow.engine.internal.dao.ExecutorDaoTest
-------------------------------------------------------------------------------
Tests run: 4, Failures: 0, Errors: 0, Skipped: 0, Time elapsed: 0.985 sec - in com.nitorcreations.nflow.engine.internal.dao.ExecutorDaoTest
>>>>>>>>>>>>>>>>>>>
nflow-engine/target/surefire-reports/com.nitorcreations.nflow.engine.internal.dao.HealthCheckDaoTest.txt
<<<<<<<<<<<<<<<<<<<<<
-------------------------------------------------------------------------------
Test set: com.nitorcreations.nflow.engine.internal.dao.HealthCheckDaoTest
-------------------------------------------------------------------------------
Tests run: 1, Failures: 0, Errors: 0, Skipped: 0, Time elapsed: 0.029 sec - in com.nitorcreations.nflow.engine.internal.dao.HealthCheckDaoTest
>>>>>>>>>>>>>>>>>>>
nflow-engine/target/surefire-reports/com.nitorcreations.nflow.engine.internal.dao.StatisticsDaoTest-output.txt
<<<<<<<<<<<<<<<<<<<<<
04.06.2016 23:00:17 INFO  [main] orage.db.DatabaseConfiguration - [user:] Database connection to h2 using jdbc:h2:mem:test;TRACE_LEVEL_FILE=4
04.06.2016 23:00:18 INFO  [main] storage.db.DatabaseInitializer - [user:] Creating database populator using script 'scripts/db/h2.create.ddl.sql'
04.06.2016 23:00:18 INFO  [main] storage.db.DatabaseInitializer - [user:] Database created.
>>>>>>>>>>>>>>>>>>>
nflow-engine/target/surefire-reports/com.nitorcreations.nflow.engine.internal.dao.StatisticsDaoTest.txt
<<<<<<<<<<<<<<<<<<<<<
-------------------------------------------------------------------------------
Test set: com.nitorcreations.nflow.engine.internal.dao.StatisticsDaoTest
-------------------------------------------------------------------------------
Tests run: 5, Failures: 0, Errors: 0, Skipped: 0, Time elapsed: 1.85 sec - in com.nitorcreations.nflow.engine.internal.dao.StatisticsDaoTest
>>>>>>>>>>>>>>>>>>>
nflow-engine/target/surefire-reports/com.nitorcreations.nflow.engine.internal.dao.TableMetadataCheckerTest-output.txt
<<<<<<<<<<<<<<<<<<<<<
04.06.2016 23:00:21 INFO  [main] storage.db.DatabaseInitializer - [user:] Creating database populator using script 'scripts/db/metadata.create.ddl.sql'
04.06.2016 23:00:21 INFO  [main] storage.db.DatabaseInitializer - [user:] Database created.
>>>>>>>>>>>>>>>>>>>
nflow-engine/target/surefire-reports/com.nitorcreations.nflow.engine.internal.dao.TableMetadataCheckerTest.txt
<<<<<<<<<<<<<<<<<<<<<
-------------------------------------------------------------------------------
Test set: com.nitorcreations.nflow.engine.internal.dao.TableMetadataCheckerTest
-------------------------------------------------------------------------------
Tests run: 8, Failures: 0, Errors: 0, Skipped: 0, Time elapsed: 0.144 sec - in com.nitorcreations.nflow.engine.internal.dao.TableMetadataCheckerTest
>>>>>>>>>>>>>>>>>>>
nflow-engine/target/surefire-reports/com.nitorcreations.nflow.engine.internal.dao.WorkflowDefinitionDaoTest.txt
<<<<<<<<<<<<<<<<<<<<<
-------------------------------------------------------------------------------
Test set: com.nitorcreations.nflow.engine.internal.dao.WorkflowDefinitionDaoTest
-------------------------------------------------------------------------------
Tests run: 4, Failures: 0, Errors: 0, Skipped: 0, Time elapsed: 0.234 sec - in com.nitorcreations.nflow.engine.internal.dao.WorkflowDefinitionDaoTest
>>>>>>>>>>>>>>>>>>>
nflow-engine/target/surefire-reports/com.nitorcreations.nflow.engine.internal.dao.WorkflowInstanceDaoTest-output.txt
<<<<<<<<<<<<<<<<<<<<<
04.06.2016 23:00:19 INFO  [Thread-5] ngine.internal.dao.ExecutorDao - [user:] Joining executor group junit
com.nitorcreations.nflow.engine.internal.dao.PollingRaceConditionException: Race condition in polling workflow instances detected. Multiple pollers using same name (junit)
04.06.2016 23:00:20 INFO  [main] ternal.dao.WorkflowInstanceDao - [user:] Forcing action creation because new workflow instances are created or state variables are changed.
04.06.2016 23:00:20 WARN  [main] ternal.dao.WorkflowInstanceDao - [user:] Failed to insert workflow instance
org.springframework.dao.DuplicateKeyException: PreparedStatementCallback; SQL []; Unique index or primary key violation: "NFLOW_WORKFLOW_UNIQ ON PUBLIC.NFLOW_WORKFLOW(TYPE, EXTERNAL_ID, EXECUTOR_GROUP) VALUES ('dummy', 'extId', 'junit', 125)"; SQL statement:
insert into nflow_workflow(type, root_workflow_id, parent_workflow_id, parent_action_id, business_key, external_id, executor_group, status, state, state_text, next_activation) values (?, ?, ?, ?, ?, ?, ?, ?, ?, ?, ?) [23505-191]; nested exception is org.h2.jdbc.JdbcSQLException: Unique index or primary key violation: "NFLOW_WORKFLOW_UNIQ ON PUBLIC.NFLOW_WORKFLOW(TYPE, EXTERNAL_ID, EXECUTOR_GROUP) VALUES ('dummy', 'extId', 'junit', 125)"; SQL statement:
insert into nflow_workflow(type, root_workflow_id, parent_workflow_id, parent_action_id, business_key, external_id, executor_group, status, state, state_text, next_activation) values (?, ?, ?, ?, ?, ?, ?, ?, ?, ?, ?) [23505-191]
	at org.springframework.jdbc.support.SQLErrorCodeSQLExceptionTranslator.doTranslate(SQLErrorCodeSQLExceptionTranslator.java:239)
	at org.springframework.jdbc.support.AbstractFallbackSQLExceptionTranslator.translate(AbstractFallbackSQLExceptionTranslator.java:73)
	at org.springframework.jdbc.core.JdbcTemplate.execute(JdbcTemplate.java:645)
	at org.springframework.jdbc.core.JdbcTemplate.update(JdbcTemplate.java:900)
	at com.nitorcreations.nflow.engine.internal.dao.WorkflowInstanceDao$1.doInTransaction(WorkflowInstanceDao.java:193)
	at com.nitorcreations.nflow.engine.internal.dao.WorkflowInstanceDao$1.doInTransaction(WorkflowInstanceDao.java:188)
	at org.springframework.transaction.support.TransactionTemplate.execute(TransactionTemplate.java:133)
	at com.nitorcreations.nflow.engine.internal.dao.WorkflowInstanceDao.insertWorkflowInstanceWithTransaction(WorkflowInstanceDao.java:188)
	at com.nitorcreations.nflow.engine.internal.dao.WorkflowInstanceDao.insertWorkflowInstance(WorkflowInstanceDao.java:145)
	at com.nitorcreations.nflow.engine.internal.dao.WorkflowInstanceDao$3.doInTransactionWithoutResult(WorkflowInstanceDao.java:325)
	at org.springframework.transaction.support.TransactionCallbackWithoutResult.doInTransaction(TransactionCallbackWithoutResult.java:34)
	at org.springframework.transaction.support.TransactionTemplate.execute(TransactionTemplate.java:133)
	at com.nitorcreations.nflow.engine.internal.dao.WorkflowInstanceDao.updateWorkflowInstanceWithTransaction(WorkflowInstanceDao.java:315)
	at com.nitorcreations.nflow.engine.internal.dao.WorkflowInstanceDao.updateWorkflowInstanceAfterExecution(WorkflowInstanceDao.java:297)
	at com.nitorcreations.nflow.engine.internal.dao.WorkflowInstanceDao$$FastClassBySpringCGLIB$$7ad4aac2.invoke(<generated>)
	at org.springframework.cglib.proxy.MethodProxy.invoke(MethodProxy.java:204)
	at org.springframework.aop.framework.CglibAopProxy$DynamicAdvisedInterceptor.intercept(CglibAopProxy.java:651)
	at com.nitorcreations.nflow.engine.internal.dao.WorkflowInstanceDao$$EnhancerBySpringCGLIB$$d1248136.updateWorkflowInstanceAfterExecution(<generated>)
	at com.nitorcreations.nflow.engine.internal.dao.WorkflowInstanceDaoTest.updateWorkflowInstanceWithChildWorkflowHavingExistinExternalIdWorks(WorkflowInstanceDaoTest.java:295)
	at sun.reflect.NativeMethodAccessorImpl.invoke0(Native Method)
	at sun.reflect.NativeMethodAccessorImpl.invoke(NativeMethodAccessorImpl.java:62)
	at sun.reflect.DelegatingMethodAccessorImpl.invoke(DelegatingMethodAccessorImpl.java:43)
	at java.lang.reflect.Method.invoke(Method.java:483)
	at org.junit.runners.model.FrameworkMethod$1.runReflectiveCall(FrameworkMethod.java:50)
	at org.junit.internal.runners.model.ReflectiveCallable.run(ReflectiveCallable.java:12)
	at org.junit.runners.model.FrameworkMethod.invokeExplosively(FrameworkMethod.java:47)
	at org.junit.internal.runners.statements.InvokeMethod.evaluate(InvokeMethod.java:17)
	at org.springframework.test.context.junit4.statements.RunBeforeTestMethodCallbacks.evaluate(RunBeforeTestMethodCallbacks.java:75)
	at org.junit.internal.runners.statements.RunAfters.evaluate(RunAfters.java:27)
	at org.springframework.test.context.junit4.statements.RunAfterTestMethodCallbacks.evaluate(RunAfterTestMethodCallbacks.java:86)
	at org.junit.rules.ExpectedException$ExpectedExceptionStatement.evaluate(ExpectedException.java:239)
	at org.junit.rules.RunRules.evaluate(RunRules.java:20)
	at org.springframework.test.context.junit4.statements.SpringRepeat.evaluate(SpringRepeat.java:84)
	at org.junit.runners.ParentRunner.runLeaf(ParentRunner.java:325)
	at org.springframework.test.context.junit4.SpringJUnit4ClassRunner.runChild(SpringJUnit4ClassRunner.java:254)
	at org.springframework.test.context.junit4.SpringJUnit4ClassRunner.runChild(SpringJUnit4ClassRunner.java:89)
	at org.junit.runners.ParentRunner$3.run(ParentRunner.java:290)
	at org.junit.runners.ParentRunner$1.schedule(ParentRunner.java:71)
	at org.junit.runners.ParentRunner.runChildren(ParentRunner.java:288)
	at org.junit.runners.ParentRunner.access$000(ParentRunner.java:58)
	at org.junit.runners.ParentRunner$2.evaluate(ParentRunner.java:268)
	at org.springframework.test.context.junit4.statements.RunBeforeTestClassCallbacks.evaluate(RunBeforeTestClassCallbacks.java:61)
	at org.springframework.test.context.junit4.statements.RunAfterTestClassCallbacks.evaluate(RunAfterTestClassCallbacks.java:70)
	at org.junit.runners.ParentRunner.run(ParentRunner.java:363)
	at org.springframework.test.context.junit4.SpringJUnit4ClassRunner.run(SpringJUnit4ClassRunner.java:193)
	at org.apache.maven.surefire.junit4.JUnit4Provider.execute(JUnit4Provider.java:367)
	at org.apache.maven.surefire.junit4.JUnit4Provider.executeWithRerun(JUnit4Provider.java:274)
	at org.apache.maven.surefire.junit4.JUnit4Provider.executeTestSet(JUnit4Provider.java:238)
	at org.apache.maven.surefire.junit4.JUnit4Provider.invoke(JUnit4Provider.java:161)
	at org.apache.maven.surefire.booter.ForkedBooter.invokeProviderInSameClassLoader(ForkedBooter.java:290)
	at org.apache.maven.surefire.booter.ForkedBooter.runSuitesInProcess(ForkedBooter.java:242)
	at org.apache.maven.surefire.booter.ForkedBooter.main(ForkedBooter.java:121)
Caused by: org.h2.jdbc.JdbcSQLException: Unique index or primary key violation: "NFLOW_WORKFLOW_UNIQ ON PUBLIC.NFLOW_WORKFLOW(TYPE, EXTERNAL_ID, EXECUTOR_GROUP) VALUES ('dummy', 'extId', 'junit', 125)"; SQL statement:
insert into nflow_workflow(type, root_workflow_id, parent_workflow_id, parent_action_id, business_key, external_id, executor_group, status, state, state_text, next_activation) values (?, ?, ?, ?, ?, ?, ?, ?, ?, ?, ?) [23505-191]
	at org.h2.message.DbException.getJdbcSQLException(DbException.java:345)
	at org.h2.message.DbException.get(DbException.java:179)
	at org.h2.message.DbException.get(DbException.java:155)
	at org.h2.index.BaseIndex.getDuplicateKeyException(BaseIndex.java:107)
	at org.h2.mvstore.db.MVSecondaryIndex.checkUnique(MVSecondaryIndex.java:230)
	at org.h2.mvstore.db.MVSecondaryIndex.add(MVSecondaryIndex.java:189)
	at org.h2.mvstore.db.MVTable.addRow(MVTable.java:704)
	at org.h2.command.dml.Insert.insertRows(Insert.java:156)
	at org.h2.command.dml.Insert.update(Insert.java:114)
	at org.h2.command.CommandContainer.update(CommandContainer.java:98)
	at org.h2.command.Command.executeUpdate(Command.java:258)
	at org.h2.jdbc.JdbcPreparedStatement.executeUpdateInternal(JdbcPreparedStatement.java:160)
	at org.h2.jdbc.JdbcPreparedStatement.executeUpdate(JdbcPreparedStatement.java:146)
	at com.zaxxer.hikari.proxy.PreparedStatementProxy.executeUpdate(PreparedStatementProxy.java:61)
	at com.zaxxer.hikari.proxy.HikariPreparedStatementProxy.executeUpdate(HikariPreparedStatementProxy.java)
	at org.springframework.jdbc.core.JdbcTemplate$3.doInPreparedStatement(JdbcTemplate.java:903)
	at org.springframework.jdbc.core.JdbcTemplate$3.doInPreparedStatement(JdbcTemplate.java:900)
	at org.springframework.jdbc.core.JdbcTemplate.execute(JdbcTemplate.java:629)
	... 49 common frames omitted
04.06.2016 23:00:20 INFO  [main] ternal.dao.WorkflowInstanceDao - [user:] Forcing action creation because new workflow instances are created or state variables are changed.
04.06.2016 23:00:20 INFO  [main] ternal.dao.WorkflowInstanceDao - [user:] Forcing action creation because new workflow instances are created or state variables are changed.
04.06.2016 23:00:20 INFO  [main] ternal.dao.WorkflowInstanceDao - [user:] Forcing action creation because new workflow instances are created or state variables are changed.
04.06.2016 23:00:20 INFO  [main] ternal.dao.WorkflowInstanceDao - [user:] Forcing action creation because new workflow instances are created or state variables are changed.
04.06.2016 23:00:20 INFO  [main] ternal.dao.WorkflowInstanceDao - [user:] Forcing action creation because new workflow instances are created or state variables are changed.
04.06.2016 23:00:20 INFO  [main] ternal.dao.WorkflowInstanceDao - [user:] Forcing action creation because new workflow instances are created or state variables are changed.
04.06.2016 23:00:21 INFO  [main] ternal.dao.WorkflowInstanceDao - [user:] Forcing action creation because new workflow instances are created or state variables are changed.
04.06.2016 23:00:21 INFO  [main] ternal.dao.WorkflowInstanceDao - [user:] Forcing action creation because new workflow instances are created or state variables are changed.
>>>>>>>>>>>>>>>>>>>
nflow-engine/target/surefire-reports/com.nitorcreations.nflow.engine.internal.dao.WorkflowInstanceDaoTest.txt
<<<<<<<<<<<<<<<<<<<<<
-------------------------------------------------------------------------------
Test set: com.nitorcreations.nflow.engine.internal.dao.WorkflowInstanceDaoTest
-------------------------------------------------------------------------------
Tests run: 34, Failures: 0, Errors: 0, Skipped: 0, Time elapsed: 2.395 sec - in com.nitorcreations.nflow.engine.internal.dao.WorkflowInstanceDaoTest
>>>>>>>>>>>>>>>>>>>
nflow-engine/target/surefire-reports/com.nitorcreations.nflow.engine.internal.executor.ThresholdBlockingQueueTest.txt
<<<<<<<<<<<<<<<<<<<<<
-------------------------------------------------------------------------------
Test set: com.nitorcreations.nflow.engine.internal.executor.ThresholdBlockingQueueTest
-------------------------------------------------------------------------------
Tests run: 4, Failures: 0, Errors: 0, Skipped: 0, Time elapsed: 7.143 sec - in com.nitorcreations.nflow.engine.internal.executor.ThresholdBlockingQueueTest
>>>>>>>>>>>>>>>>>>>
nflow-engine/target/surefire-reports/com.nitorcreations.nflow.engine.internal.executor.WorkflowDispatcherTest-output.txt
<<<<<<<<<<<<<<<<<<<<<
04.06.2016 23:00:16 INFO  [thread Dispatcher] al.executor.WorkflowDispatcher - [user:] Starting.
04.06.2016 23:00:16 INFO  [thread Shutdown] al.executor.WorkflowDispatcher - [user:] Shutdown requested.
04.06.2016 23:00:16 INFO  [thread Shutdown] al.executor.WorkflowDispatcher - [user:] Shutdown interrupted.
04.06.2016 23:00:16 INFO  [thread Dispatcher] al.executor.WorkflowDispatcher - [user:] Shutdown finished.
04.06.2016 23:00:16 INFO  [thread Dispatcher] al.executor.WorkflowDispatcher - [user:] Starting.
04.06.2016 23:00:16 INFO  [thread Shutdown] al.executor.WorkflowDispatcher - [user:] Shutdown requested.
04.06.2016 23:00:16 INFO  [thread Dispatcher] al.executor.WorkflowDispatcher - [user:] Shutdown finished.
04.06.2016 23:00:16 INFO  [thread Dispatcher] al.executor.WorkflowDispatcher - [user:] Starting.
04.06.2016 23:00:16 INFO  [thread Shutdown] al.executor.WorkflowDispatcher - [user:] Shutdown requested.
04.06.2016 23:00:16 ERROR [thread Dispatcher] al.executor.WorkflowDispatcher - [user:] Error in shutting down thread pool.
java.lang.RuntimeException: Expected: exception on pool shutdown
	at com.nitorcreations.nflow.engine.internal.executor.WorkflowDispatcher.shutdownPool(WorkflowDispatcher.java:99)
	at com.nitorcreations.nflow.engine.internal.executor.WorkflowDispatcher.run(WorkflowDispatcher.java:79)
	at com.nitorcreations.nflow.engine.internal.executor.WorkflowDispatcherTest$1ExceptionOnPoolShutdownIsNotPropagated.threadDispatcher(WorkflowDispatcherTest.java:238)
	at sun.reflect.NativeMethodAccessorImpl.invoke0(Native Method)
	at sun.reflect.NativeMethodAccessorImpl.invoke(NativeMethodAccessorImpl.java:62)
	at sun.reflect.DelegatingMethodAccessorImpl.invoke(DelegatingMethodAccessorImpl.java:43)
	at java.lang.reflect.Method.invoke(Method.java:483)
	at edu.umd.cs.mtc.TestFramework$2.run(TestFramework.java:592)
	at java.lang.Thread.run(Thread.java:745)
04.06.2016 23:00:16 INFO  [thread Dispatcher] al.executor.WorkflowDispatcher - [user:] Shutdown finished.
04.06.2016 23:00:16 INFO  [thread Dispatcher] al.executor.WorkflowDispatcher - [user:] Starting.
04.06.2016 23:00:16 INFO  [thread Shutdown] al.executor.WorkflowDispatcher - [user:] Shutdown requested.
04.06.2016 23:00:16 INFO  [thread Dispatcher] al.executor.WorkflowDispatcher - [user:] Shutdown finished.
04.06.2016 23:00:16 INFO  [main] al.executor.WorkflowDispatcher - [user:] Shutdown requested.
04.06.2016 23:00:16 INFO  [thread Dispatcher] al.executor.WorkflowDispatcher - [user:] Starting.
04.06.2016 23:00:16 INFO  [thread Shutdown] al.executor.WorkflowDispatcher - [user:] Shutdown requested.
04.06.2016 23:00:16 INFO  [thread Dispatcher] al.executor.WorkflowDispatcher - [user:] Shutdown finished.
04.06.2016 23:00:16 INFO  [thread Dispatcher] al.executor.WorkflowDispatcher - [user:] Starting.
04.06.2016 23:00:16 INFO  [thread Dispatcher] al.executor.WorkflowDispatcher - [user:] Shutdown finished.
04.06.2016 23:00:16 INFO  [thread Dispatcher] al.executor.WorkflowDispatcher - [user:] Starting.
04.06.2016 23:00:16 ERROR [thread Dispatcher] al.executor.WorkflowDispatcher - [user:] Exception in executing dispatcher - retrying after sleep period (Expected: exception during dispatcher execution)
java.lang.RuntimeException: Expected: exception during dispatcher execution
	at com.nitorcreations.nflow.engine.internal.executor.WorkflowDispatcher.getNextInstanceIds(WorkflowDispatcher.java:120)
	at com.nitorcreations.nflow.engine.internal.executor.WorkflowDispatcher.run(WorkflowDispatcher.java:67)
	at com.nitorcreations.nflow.engine.internal.executor.WorkflowDispatcherTest$1ExceptionDuringDispatcherExecutionCausesRetry.threadDispatcher(WorkflowDispatcherTest.java:106)
	at sun.reflect.NativeMethodAccessorImpl.invoke0(Native Method)
	at sun.reflect.NativeMethodAccessorImpl.invoke(NativeMethodAccessorImpl.java:62)
	at sun.reflect.DelegatingMethodAccessorImpl.invoke(DelegatingMethodAccessorImpl.java:43)
	at java.lang.reflect.Method.invoke(Method.java:483)
	at edu.umd.cs.mtc.TestFramework$2.run(TestFramework.java:592)
	at java.lang.Thread.run(Thread.java:745)
04.06.2016 23:00:16 INFO  [thread Shutdown] al.executor.WorkflowDispatcher - [user:] Shutdown requested.
04.06.2016 23:00:16 INFO  [thread Dispatcher] al.executor.WorkflowDispatcher - [user:] Shutdown finished.
04.06.2016 23:00:16 INFO  [thread Dispatcher] al.executor.WorkflowDispatcher - [user:] Starting.
04.06.2016 23:00:16 WARN  [thread Dispatcher] al.executor.WorkflowDispatcher - [user:] 2 of 2 state processor threads are potentially stuck (processing longer than 60 seconds)
04.06.2016 23:00:16 INFO  [thread Shutdown] al.executor.WorkflowDispatcher - [user:] Shutdown requested.
04.06.2016 23:00:16 INFO  [thread Dispatcher] al.executor.WorkflowDispatcher - [user:] Shutdown finished.
>>>>>>>>>>>>>>>>>>>
nflow-engine/target/surefire-reports/com.nitorcreations.nflow.engine.internal.executor.WorkflowDispatcherTest.txt
<<<<<<<<<<<<<<<<<<<<<
-------------------------------------------------------------------------------
Test set: com.nitorcreations.nflow.engine.internal.executor.WorkflowDispatcherTest
-------------------------------------------------------------------------------
Tests run: 9, Failures: 0, Errors: 0, Skipped: 0, Time elapsed: 0.6 sec - in com.nitorcreations.nflow.engine.internal.executor.WorkflowDispatcherTest
>>>>>>>>>>>>>>>>>>>
nflow-engine/target/surefire-reports/com.nitorcreations.nflow.engine.internal.executor.WorkflowInstanceExecutorTest.txt
<<<<<<<<<<<<<<<<<<<<<
-------------------------------------------------------------------------------
Test set: com.nitorcreations.nflow.engine.internal.executor.WorkflowInstanceExecutorTest
-------------------------------------------------------------------------------
Tests run: 5, Failures: 0, Errors: 0, Skipped: 0, Time elapsed: 0.035 sec - in com.nitorcreations.nflow.engine.internal.executor.WorkflowInstanceExecutorTest
>>>>>>>>>>>>>>>>>>>
nflow-engine/target/surefire-reports/com.nitorcreations.nflow.engine.internal.executor.WorkflowStateProcessorFactoryTest.txt
<<<<<<<<<<<<<<<<<<<<<
-------------------------------------------------------------------------------
Test set: com.nitorcreations.nflow.engine.internal.executor.WorkflowStateProcessorFactoryTest
-------------------------------------------------------------------------------
Tests run: 3, Failures: 0, Errors: 0, Skipped: 0, Time elapsed: 0.041 sec - in com.nitorcreations.nflow.engine.internal.executor.WorkflowStateProcessorFactoryTest
>>>>>>>>>>>>>>>>>>>
nflow-engine/target/surefire-reports/com.nitorcreations.nflow.engine.internal.executor.WorkflowStateProcessorTest-output.txt
<<<<<<<<<<<<<<<<<<<<<
04.06.2016 23:00:15 WARN  [Time-limited test] xecutor.WorkflowStateProcessor - [user:] Workflow type test not configured to this nFlow instance - rescheduling workflow instance
04.06.2016 23:00:15 WARN  [Time-limited test] xecutor.WorkflowStateProcessor - [user:] Workflow state invalid not configured to workflow type simple-test - rescheduling workflow instance
04.06.2016 23:00:15 ERROR [Time-limited test] xecutor.WorkflowStateProcessor - [user:] Handler threw exception, trying again later.
java.lang.RuntimeException: test-fail
	at com.nitorcreations.nflow.engine.internal.executor.WorkflowStateProcessorTest$FailingTestWorkflow.start(WorkflowStateProcessorTest.java:826)
	at sun.reflect.NativeMethodAccessorImpl.invoke0(Native Method)
	at sun.reflect.NativeMethodAccessorImpl.invoke(NativeMethodAccessorImpl.java:62)
	at sun.reflect.DelegatingMethodAccessorImpl.invoke(DelegatingMethodAccessorImpl.java:43)
	at java.lang.reflect.Method.invoke(Method.java:483)
	at org.springframework.util.ReflectionUtils.invokeMethod(ReflectionUtils.java:216)
	at com.nitorcreations.nflow.engine.internal.executor.WorkflowStateProcessor$NormalStateHandler.getNextAction(WorkflowStateProcessor.java:313)
	at com.nitorcreations.nflow.engine.internal.executor.WorkflowStateProcessor$StateHandler.processState(WorkflowStateProcessor.java:361)
	at com.nitorcreations.nflow.engine.internal.executor.WorkflowStateProcessor$ProcessingExecutorListener.process(WorkflowStateProcessor.java:299)
	at com.nitorcreations.nflow.engine.internal.executor.WorkflowStateProcessor$ExecutorListenerChain.next(WorkflowStateProcessor.java:279)
	at com.nitorcreations.nflow.engine.internal.executor.WorkflowStateProcessorTest$2.answer(WorkflowStateProcessorTest.java:362)
	at org.mockito.internal.stubbing.StubbedInvocationMatcher.answer(StubbedInvocationMatcher.java:34)
	at org.mockito.internal.handler.MockHandlerImpl.handle(MockHandlerImpl.java:91)
	at org.mockito.internal.handler.NullResultGuardian.handle(NullResultGuardian.java:29)
	at org.mockito.internal.handler.InvocationNotifierHandler.handle(InvocationNotifierHandler.java:38)
	at org.mockito.internal.creation.cglib.MethodInterceptorFilter.intercept(MethodInterceptorFilter.java:59)
	at com.nitorcreations.nflow.engine.listener.WorkflowExecutorListener$$EnhancerByMockitoWithCGLIB$$6965de79.process(<generated>)
	at com.nitorcreations.nflow.engine.internal.executor.WorkflowStateProcessor$ExecutorListenerChain.next(WorkflowStateProcessor.java:279)
	at com.nitorcreations.nflow.engine.internal.executor.WorkflowStateProcessorTest$2.answer(WorkflowStateProcessorTest.java:362)
	at org.mockito.internal.stubbing.StubbedInvocationMatcher.answer(StubbedInvocationMatcher.java:34)
	at org.mockito.internal.handler.MockHandlerImpl.handle(MockHandlerImpl.java:91)
	at org.mockito.internal.handler.NullResultGuardian.handle(NullResultGuardian.java:29)
	at org.mockito.internal.handler.InvocationNotifierHandler.handle(InvocationNotifierHandler.java:38)
	at org.mockito.internal.creation.cglib.MethodInterceptorFilter.intercept(MethodInterceptorFilter.java:59)
	at com.nitorcreations.nflow.engine.listener.WorkflowExecutorListener$$EnhancerByMockitoWithCGLIB$$6965de79.process(<generated>)
	at com.nitorcreations.nflow.engine.internal.executor.WorkflowStateProcessor$ExecutorListenerChain.next(WorkflowStateProcessor.java:279)
	at com.nitorcreations.nflow.engine.internal.executor.WorkflowStateProcessor.processWithListeners(WorkflowStateProcessor.java:261)
	at com.nitorcreations.nflow.engine.internal.executor.WorkflowStateProcessor.runImpl(WorkflowStateProcessor.java:133)
	at com.nitorcreations.nflow.engine.internal.executor.WorkflowStateProcessor.run(WorkflowStateProcessor.java:98)
	at com.nitorcreations.nflow.engine.internal.executor.WorkflowStateProcessorTest.runWorkflowThroughToFailureState(WorkflowStateProcessorTest.java:191)
	at sun.reflect.NativeMethodAccessorImpl.invoke0(Native Method)
	at sun.reflect.NativeMethodAccessorImpl.invoke(NativeMethodAccessorImpl.java:62)
	at sun.reflect.DelegatingMethodAccessorImpl.invoke(DelegatingMethodAccessorImpl.java:43)
	at java.lang.reflect.Method.invoke(Method.java:483)
	at org.junit.runners.model.FrameworkMethod$1.runReflectiveCall(FrameworkMethod.java:50)
	at org.junit.internal.runners.model.ReflectiveCallable.run(ReflectiveCallable.java:12)
	at org.junit.runners.model.FrameworkMethod.invokeExplosively(FrameworkMethod.java:47)
	at org.junit.internal.runners.statements.InvokeMethod.evaluate(InvokeMethod.java:17)
	at org.junit.internal.runners.statements.RunBefores.evaluate(RunBefores.java:26)
	at org.junit.internal.runners.statements.RunAfters.evaluate(RunAfters.java:27)
	at org.junit.internal.runners.statements.FailOnTimeout$CallableStatement.call(FailOnTimeout.java:298)
	at org.junit.internal.runners.statements.FailOnTimeout$CallableStatement.call(FailOnTimeout.java:292)
	at java.util.concurrent.FutureTask.run(FutureTask.java:266)
	at java.lang.Thread.run(Thread.java:745)
04.06.2016 23:00:15 ERROR [Time-limited test] xecutor.WorkflowStateProcessor - [user:] Handler threw exception, trying again later.
java.lang.RuntimeException: test-fail
	at com.nitorcreations.nflow.engine.internal.executor.WorkflowStateProcessorTest$FailingTestWorkflow.start(WorkflowStateProcessorTest.java:826)
	at sun.reflect.NativeMethodAccessorImpl.invoke0(Native Method)
	at sun.reflect.NativeMethodAccessorImpl.invoke(NativeMethodAccessorImpl.java:62)
	at sun.reflect.DelegatingMethodAccessorImpl.invoke(DelegatingMethodAccessorImpl.java:43)
	at java.lang.reflect.Method.invoke(Method.java:483)
	at org.springframework.util.ReflectionUtils.invokeMethod(ReflectionUtils.java:216)
	at com.nitorcreations.nflow.engine.internal.executor.WorkflowStateProcessor$NormalStateHandler.getNextAction(WorkflowStateProcessor.java:313)
	at com.nitorcreations.nflow.engine.internal.executor.WorkflowStateProcessor$StateHandler.processState(WorkflowStateProcessor.java:361)
	at com.nitorcreations.nflow.engine.internal.executor.WorkflowStateProcessor$ProcessingExecutorListener.process(WorkflowStateProcessor.java:299)
	at com.nitorcreations.nflow.engine.internal.executor.WorkflowStateProcessor$ExecutorListenerChain.next(WorkflowStateProcessor.java:279)
	at com.nitorcreations.nflow.engine.internal.executor.WorkflowStateProcessorTest$2.answer(WorkflowStateProcessorTest.java:362)
	at org.mockito.internal.stubbing.StubbedInvocationMatcher.answer(StubbedInvocationMatcher.java:34)
	at org.mockito.internal.handler.MockHandlerImpl.handle(MockHandlerImpl.java:91)
	at org.mockito.internal.handler.NullResultGuardian.handle(NullResultGuardian.java:29)
	at org.mockito.internal.handler.InvocationNotifierHandler.handle(InvocationNotifierHandler.java:38)
	at org.mockito.internal.creation.cglib.MethodInterceptorFilter.intercept(MethodInterceptorFilter.java:59)
	at com.nitorcreations.nflow.engine.listener.WorkflowExecutorListener$$EnhancerByMockitoWithCGLIB$$6965de79.process(<generated>)
	at com.nitorcreations.nflow.engine.internal.executor.WorkflowStateProcessor$ExecutorListenerChain.next(WorkflowStateProcessor.java:279)
	at com.nitorcreations.nflow.engine.internal.executor.WorkflowStateProcessorTest$2.answer(WorkflowStateProcessorTest.java:362)
	at org.mockito.internal.stubbing.StubbedInvocationMatcher.answer(StubbedInvocationMatcher.java:34)
	at org.mockito.internal.handler.MockHandlerImpl.handle(MockHandlerImpl.java:91)
	at org.mockito.internal.handler.NullResultGuardian.handle(NullResultGuardian.java:29)
	at org.mockito.internal.handler.InvocationNotifierHandler.handle(InvocationNotifierHandler.java:38)
	at org.mockito.internal.creation.cglib.MethodInterceptorFilter.intercept(MethodInterceptorFilter.java:59)
	at com.nitorcreations.nflow.engine.listener.WorkflowExecutorListener$$EnhancerByMockitoWithCGLIB$$6965de79.process(<generated>)
	at com.nitorcreations.nflow.engine.internal.executor.WorkflowStateProcessor$ExecutorListenerChain.next(WorkflowStateProcessor.java:279)
	at com.nitorcreations.nflow.engine.internal.executor.WorkflowStateProcessor.processWithListeners(WorkflowStateProcessor.java:261)
	at com.nitorcreations.nflow.engine.internal.executor.WorkflowStateProcessor.runImpl(WorkflowStateProcessor.java:133)
	at com.nitorcreations.nflow.engine.internal.executor.WorkflowStateProcessor.run(WorkflowStateProcessor.java:98)
	at com.nitorcreations.nflow.engine.internal.executor.WorkflowStateProcessorTest.failureListenersAreExecutedAfterFailure(WorkflowStateProcessorTest.java:622)
	at sun.reflect.NativeMethodAccessorImpl.invoke0(Native Method)
	at sun.reflect.NativeMethodAccessorImpl.invoke(NativeMethodAccessorImpl.java:62)
	at sun.reflect.DelegatingMethodAccessorImpl.invoke(DelegatingMethodAccessorImpl.java:43)
	at java.lang.reflect.Method.invoke(Method.java:483)
	at org.junit.runners.model.FrameworkMethod$1.runReflectiveCall(FrameworkMethod.java:50)
	at org.junit.internal.runners.model.ReflectiveCallable.run(ReflectiveCallable.java:12)
	at org.junit.runners.model.FrameworkMethod.invokeExplosively(FrameworkMethod.java:47)
	at org.junit.internal.runners.statements.InvokeMethod.evaluate(InvokeMethod.java:17)
	at org.junit.internal.runners.statements.RunBefores.evaluate(RunBefores.java:26)
	at org.junit.internal.runners.statements.RunAfters.evaluate(RunAfters.java:27)
	at org.junit.internal.runners.statements.FailOnTimeout$CallableStatement.call(FailOnTimeout.java:298)
	at org.junit.internal.runners.statements.FailOnTimeout$CallableStatement.call(FailOnTimeout.java:292)
	at java.util.concurrent.FutureTask.run(FutureTask.java:266)
	at java.lang.Thread.run(Thread.java:745)
04.06.2016 23:00:15 ERROR [Time-limited test] xecutor.WorkflowStateProcessor - [user:] State 'processReturnNullNextState' handler method failed to create valid next action, proceeding to error state 'error'
com.nitorcreations.nflow.engine.internal.executor.InvalidNextActionException: Next state can not be null
	at com.nitorcreations.nflow.engine.workflow.definition.NextAction.assertNotNull(NextAction.java:108)
	at com.nitorcreations.nflow.engine.workflow.definition.NextAction.moveToState(NextAction.java:77)
	at com.nitorcreations.nflow.engine.internal.executor.WorkflowStateProcessorTest$FailingTestWorkflow.processReturnNullNextState(WorkflowStateProcessorTest.java:842)
	at sun.reflect.NativeMethodAccessorImpl.invoke0(Native Method)
	at sun.reflect.NativeMethodAccessorImpl.invoke(NativeMethodAccessorImpl.java:62)
	at sun.reflect.DelegatingMethodAccessorImpl.invoke(DelegatingMethodAccessorImpl.java:43)
	at java.lang.reflect.Method.invoke(Method.java:483)
	at org.springframework.util.ReflectionUtils.invokeMethod(ReflectionUtils.java:216)
	at com.nitorcreations.nflow.engine.internal.executor.WorkflowStateProcessor$NormalStateHandler.getNextAction(WorkflowStateProcessor.java:313)
	at com.nitorcreations.nflow.engine.internal.executor.WorkflowStateProcessor$StateHandler.processState(WorkflowStateProcessor.java:361)
	at com.nitorcreations.nflow.engine.internal.executor.WorkflowStateProcessor$ProcessingExecutorListener.process(WorkflowStateProcessor.java:299)
	at com.nitorcreations.nflow.engine.internal.executor.WorkflowStateProcessor$ExecutorListenerChain.next(WorkflowStateProcessor.java:279)
	at com.nitorcreations.nflow.engine.internal.executor.WorkflowStateProcessorTest$2.answer(WorkflowStateProcessorTest.java:362)
	at org.mockito.internal.stubbing.StubbedInvocationMatcher.answer(StubbedInvocationMatcher.java:34)
	at org.mockito.internal.handler.MockHandlerImpl.handle(MockHandlerImpl.java:91)
	at org.mockito.internal.handler.NullResultGuardian.handle(NullResultGuardian.java:29)
	at org.mockito.internal.handler.InvocationNotifierHandler.handle(InvocationNotifierHandler.java:38)
	at org.mockito.internal.creation.cglib.MethodInterceptorFilter.intercept(MethodInterceptorFilter.java:59)
	at com.nitorcreations.nflow.engine.listener.WorkflowExecutorListener$$EnhancerByMockitoWithCGLIB$$6965de79.process(<generated>)
	at com.nitorcreations.nflow.engine.internal.executor.WorkflowStateProcessor$ExecutorListenerChain.next(WorkflowStateProcessor.java:279)
	at com.nitorcreations.nflow.engine.internal.executor.WorkflowStateProcessorTest$2.answer(WorkflowStateProcessorTest.java:362)
	at org.mockito.internal.stubbing.StubbedInvocationMatcher.answer(StubbedInvocationMatcher.java:34)
	at org.mockito.internal.handler.MockHandlerImpl.handle(MockHandlerImpl.java:91)
	at org.mockito.internal.handler.NullResultGuardian.handle(NullResultGuardian.java:29)
	at org.mockito.internal.handler.InvocationNotifierHandler.handle(InvocationNotifierHandler.java:38)
	at org.mockito.internal.creation.cglib.MethodInterceptorFilter.intercept(MethodInterceptorFilter.java:59)
	at com.nitorcreations.nflow.engine.listener.WorkflowExecutorListener$$EnhancerByMockitoWithCGLIB$$6965de79.process(<generated>)
	at com.nitorcreations.nflow.engine.internal.executor.WorkflowStateProcessor$ExecutorListenerChain.next(WorkflowStateProcessor.java:279)
	at com.nitorcreations.nflow.engine.internal.executor.WorkflowStateProcessor.processWithListeners(WorkflowStateProcessor.java:261)
	at com.nitorcreations.nflow.engine.internal.executor.WorkflowStateProcessor.runImpl(WorkflowStateProcessor.java:133)
	at com.nitorcreations.nflow.engine.internal.executor.WorkflowStateProcessor.run(WorkflowStateProcessor.java:98)
	at com.nitorcreations.nflow.engine.internal.executor.WorkflowStateProcessorTest.goToErrorStateWhenNextStateIsNull(WorkflowStateProcessorTest.java:372)
	at sun.reflect.NativeMethodAccessorImpl.invoke0(Native Method)
	at sun.reflect.NativeMethodAccessorImpl.invoke(NativeMethodAccessorImpl.java:62)
	at sun.reflect.DelegatingMethodAccessorImpl.invoke(DelegatingMethodAccessorImpl.java:43)
	at java.lang.reflect.Method.invoke(Method.java:483)
	at org.junit.runners.model.FrameworkMethod$1.runReflectiveCall(FrameworkMethod.java:50)
	at org.junit.internal.runners.model.ReflectiveCallable.run(ReflectiveCallable.java:12)
	at org.junit.runners.model.FrameworkMethod.invokeExplosively(FrameworkMethod.java:47)
	at org.junit.internal.runners.statements.InvokeMethod.evaluate(InvokeMethod.java:17)
	at org.junit.internal.runners.statements.RunBefores.evaluate(RunBefores.java:26)
	at org.junit.internal.runners.statements.RunAfters.evaluate(RunAfters.java:27)
	at org.junit.internal.runners.statements.FailOnTimeout$CallableStatement.call(FailOnTimeout.java:298)
	at org.junit.internal.runners.statements.FailOnTimeout$CallableStatement.call(FailOnTimeout.java:292)
	at java.util.concurrent.FutureTask.run(FutureTask.java:266)
	at java.lang.Thread.run(Thread.java:745)
04.06.2016 23:00:15 INFO  [Time-limited test] xecutor.WorkflowStateProcessor - [user:] Woke up parent workflow instance 999
04.06.2016 23:00:15 ERROR [Time-limited test] xecutor.WorkflowStateProcessor - [user:] Error in com.nitorcreations.nflow.engine.listener.WorkflowExecutorListener$$EnhancerByMockitoWithCGLIB$$6965de79.beforeProcessing (null)
java.lang.RuntimeException: null
04.06.2016 23:00:15 ERROR [Time-limited test] xecutor.WorkflowStateProcessor - [user:] Error in com.nitorcreations.nflow.engine.listener.WorkflowExecutorListener$$EnhancerByMockitoWithCGLIB$$6965de79.afterProcessing (null)
java.lang.RuntimeException: null
04.06.2016 23:00:15 WARN  [Time-limited test] xecutor.WorkflowStateProcessor - [user:] State transition from 'illegalStateChange' to 'start' is not allowed by workflow definition.
04.06.2016 23:00:15 ERROR [Time-limited test] xecutor.WorkflowStateProcessor - [user:] Handler threw exception, trying again later.
java.lang.RuntimeException: test-fail
	at com.nitorcreations.nflow.engine.internal.executor.WorkflowStateProcessorTest$FailingTestWorkflow.start(WorkflowStateProcessorTest.java:826)
	at sun.reflect.NativeMethodAccessorImpl.invoke0(Native Method)
	at sun.reflect.NativeMethodAccessorImpl.invoke(NativeMethodAccessorImpl.java:62)
	at sun.reflect.DelegatingMethodAccessorImpl.invoke(DelegatingMethodAccessorImpl.java:43)
	at java.lang.reflect.Method.invoke(Method.java:483)
	at org.springframework.util.ReflectionUtils.invokeMethod(ReflectionUtils.java:216)
	at com.nitorcreations.nflow.engine.internal.executor.WorkflowStateProcessor$NormalStateHandler.getNextAction(WorkflowStateProcessor.java:313)
	at com.nitorcreations.nflow.engine.internal.executor.WorkflowStateProcessor$StateHandler.processState(WorkflowStateProcessor.java:361)
	at com.nitorcreations.nflow.engine.internal.executor.WorkflowStateProcessor$ProcessingExecutorListener.process(WorkflowStateProcessor.java:299)
	at com.nitorcreations.nflow.engine.internal.executor.WorkflowStateProcessor$ExecutorListenerChain.next(WorkflowStateProcessor.java:279)
	at com.nitorcreations.nflow.engine.internal.executor.WorkflowStateProcessorTest$2.answer(WorkflowStateProcessorTest.java:362)
	at org.mockito.internal.stubbing.StubbedInvocationMatcher.answer(StubbedInvocationMatcher.java:34)
	at org.mockito.internal.handler.MockHandlerImpl.handle(MockHandlerImpl.java:91)
	at org.mockito.internal.handler.NullResultGuardian.handle(NullResultGuardian.java:29)
	at org.mockito.internal.handler.InvocationNotifierHandler.handle(InvocationNotifierHandler.java:38)
	at org.mockito.internal.creation.cglib.MethodInterceptorFilter.intercept(MethodInterceptorFilter.java:59)
	at com.nitorcreations.nflow.engine.listener.WorkflowExecutorListener$$EnhancerByMockitoWithCGLIB$$6965de79.process(<generated>)
	at com.nitorcreations.nflow.engine.internal.executor.WorkflowStateProcessor$ExecutorListenerChain.next(WorkflowStateProcessor.java:279)
	at com.nitorcreations.nflow.engine.internal.executor.WorkflowStateProcessorTest$2.answer(WorkflowStateProcessorTest.java:362)
	at org.mockito.internal.stubbing.StubbedInvocationMatcher.answer(StubbedInvocationMatcher.java:34)
	at org.mockito.internal.handler.MockHandlerImpl.handle(MockHandlerImpl.java:91)
	at org.mockito.internal.handler.NullResultGuardian.handle(NullResultGuardian.java:29)
	at org.mockito.internal.handler.InvocationNotifierHandler.handle(InvocationNotifierHandler.java:38)
	at org.mockito.internal.creation.cglib.MethodInterceptorFilter.intercept(MethodInterceptorFilter.java:59)
	at com.nitorcreations.nflow.engine.listener.WorkflowExecutorListener$$EnhancerByMockitoWithCGLIB$$6965de79.process(<generated>)
	at com.nitorcreations.nflow.engine.internal.executor.WorkflowStateProcessor$ExecutorListenerChain.next(WorkflowStateProcessor.java:279)
	at com.nitorcreations.nflow.engine.internal.executor.WorkflowStateProcessor.processWithListeners(WorkflowStateProcessor.java:261)
	at com.nitorcreations.nflow.engine.internal.executor.WorkflowStateProcessor.runImpl(WorkflowStateProcessor.java:133)
	at com.nitorcreations.nflow.engine.internal.executor.WorkflowStateProcessor.run(WorkflowStateProcessor.java:98)
	at com.nitorcreations.nflow.engine.internal.executor.WorkflowStateProcessorTest.runWorkflowThroughOneFailedState(WorkflowStateProcessorTest.java:178)
	at sun.reflect.NativeMethodAccessorImpl.invoke0(Native Method)
	at sun.reflect.NativeMethodAccessorImpl.invoke(NativeMethodAccessorImpl.java:62)
	at sun.reflect.DelegatingMethodAccessorImpl.invoke(DelegatingMethodAccessorImpl.java:43)
	at java.lang.reflect.Method.invoke(Method.java:483)
	at org.junit.runners.model.FrameworkMethod$1.runReflectiveCall(FrameworkMethod.java:50)
	at org.junit.internal.runners.model.ReflectiveCallable.run(ReflectiveCallable.java:12)
	at org.junit.runners.model.FrameworkMethod.invokeExplosively(FrameworkMethod.java:47)
	at org.junit.internal.runners.statements.InvokeMethod.evaluate(InvokeMethod.java:17)
	at org.junit.internal.runners.statements.RunBefores.evaluate(RunBefores.java:26)
	at org.junit.internal.runners.statements.RunAfters.evaluate(RunAfters.java:27)
	at org.junit.internal.runners.statements.FailOnTimeout$CallableStatement.call(FailOnTimeout.java:298)
	at org.junit.internal.runners.statements.FailOnTimeout$CallableStatement.call(FailOnTimeout.java:292)
	at java.util.concurrent.FutureTask.run(FutureTask.java:266)
	at java.lang.Thread.run(Thread.java:745)
04.06.2016 23:00:15 WARN  [Time-limited test] al.workflow.StateExecutionImpl - [user:] wakeUpParentWorkflow called on non-child workflow
04.06.2016 23:00:15 ERROR [Time-limited test] xecutor.WorkflowStateProcessor - [user:] State 'illegalStateChange' is not a state of 'failing' workflow definition, proceeding to error state 'error'
04.06.2016 23:00:15 ERROR [Time-limited test] xecutor.WorkflowStateProcessor - [user:] Handler threw exception, trying again later.
java.lang.RuntimeException: test-fail
	at com.nitorcreations.nflow.engine.internal.executor.WorkflowStateProcessorTest$FailingTestWorkflow.start(WorkflowStateProcessorTest.java:826)
	at sun.reflect.NativeMethodAccessorImpl.invoke0(Native Method)
	at sun.reflect.NativeMethodAccessorImpl.invoke(NativeMethodAccessorImpl.java:62)
	at sun.reflect.DelegatingMethodAccessorImpl.invoke(DelegatingMethodAccessorImpl.java:43)
	at java.lang.reflect.Method.invoke(Method.java:483)
	at org.springframework.util.ReflectionUtils.invokeMethod(ReflectionUtils.java:216)
	at com.nitorcreations.nflow.engine.internal.executor.WorkflowStateProcessor$NormalStateHandler.getNextAction(WorkflowStateProcessor.java:313)
	at com.nitorcreations.nflow.engine.internal.executor.WorkflowStateProcessor$StateHandler.processState(WorkflowStateProcessor.java:361)
	at com.nitorcreations.nflow.engine.internal.executor.WorkflowStateProcessor$ProcessingExecutorListener.process(WorkflowStateProcessor.java:299)
	at com.nitorcreations.nflow.engine.internal.executor.WorkflowStateProcessor$ExecutorListenerChain.next(WorkflowStateProcessor.java:279)
	at com.nitorcreations.nflow.engine.internal.executor.WorkflowStateProcessorTest$2.answer(WorkflowStateProcessorTest.java:362)
	at org.mockito.internal.stubbing.StubbedInvocationMatcher.answer(StubbedInvocationMatcher.java:34)
	at org.mockito.internal.handler.MockHandlerImpl.handle(MockHandlerImpl.java:91)
	at org.mockito.internal.handler.NullResultGuardian.handle(NullResultGuardian.java:29)
	at org.mockito.internal.handler.InvocationNotifierHandler.handle(InvocationNotifierHandler.java:38)
	at org.mockito.internal.creation.cglib.MethodInterceptorFilter.intercept(MethodInterceptorFilter.java:59)
	at com.nitorcreations.nflow.engine.listener.WorkflowExecutorListener$$EnhancerByMockitoWithCGLIB$$6965de79.process(<generated>)
	at com.nitorcreations.nflow.engine.internal.executor.WorkflowStateProcessor$ExecutorListenerChain.next(WorkflowStateProcessor.java:279)
	at com.nitorcreations.nflow.engine.internal.executor.WorkflowStateProcessorTest$2.answer(WorkflowStateProcessorTest.java:362)
	at org.mockito.internal.stubbing.StubbedInvocationMatcher.answer(StubbedInvocationMatcher.java:34)
	at org.mockito.internal.handler.MockHandlerImpl.handle(MockHandlerImpl.java:91)
	at org.mockito.internal.handler.NullResultGuardian.handle(NullResultGuardian.java:29)
	at org.mockito.internal.handler.InvocationNotifierHandler.handle(InvocationNotifierHandler.java:38)
	at org.mockito.internal.creation.cglib.MethodInterceptorFilter.intercept(MethodInterceptorFilter.java:59)
	at com.nitorcreations.nflow.engine.listener.WorkflowExecutorListener$$EnhancerByMockitoWithCGLIB$$6965de79.process(<generated>)
	at com.nitorcreations.nflow.engine.internal.executor.WorkflowStateProcessor$ExecutorListenerChain.next(WorkflowStateProcessor.java:279)
	at com.nitorcreations.nflow.engine.internal.executor.WorkflowStateProcessor.processWithListeners(WorkflowStateProcessor.java:261)
	at com.nitorcreations.nflow.engine.internal.executor.WorkflowStateProcessor.runImpl(WorkflowStateProcessor.java:133)
	at com.nitorcreations.nflow.engine.internal.executor.WorkflowStateProcessor.run(WorkflowStateProcessor.java:98)
	at com.nitorcreations.nflow.engine.internal.executor.WorkflowStateProcessorTest.continueProcessingWhenAfterFailureListenerThrowsException(WorkflowStateProcessorTest.java:476)
	at sun.reflect.NativeMethodAccessorImpl.invoke0(Native Method)
	at sun.reflect.NativeMethodAccessorImpl.invoke(NativeMethodAccessorImpl.java:62)
	at sun.reflect.DelegatingMethodAccessorImpl.invoke(DelegatingMethodAccessorImpl.java:43)
	at java.lang.reflect.Method.invoke(Method.java:483)
	at org.junit.runners.model.FrameworkMethod$1.runReflectiveCall(FrameworkMethod.java:50)
	at org.junit.internal.runners.model.ReflectiveCallable.run(ReflectiveCallable.java:12)
	at org.junit.runners.model.FrameworkMethod.invokeExplosively(FrameworkMethod.java:47)
	at org.junit.internal.runners.statements.InvokeMethod.evaluate(InvokeMethod.java:17)
	at org.junit.internal.runners.statements.RunBefores.evaluate(RunBefores.java:26)
	at org.junit.internal.runners.statements.RunAfters.evaluate(RunAfters.java:27)
	at org.junit.internal.runners.statements.FailOnTimeout$CallableStatement.call(FailOnTimeout.java:298)
	at org.junit.internal.runners.statements.FailOnTimeout$CallableStatement.call(FailOnTimeout.java:292)
	at java.util.concurrent.FutureTask.run(FutureTask.java:266)
	at java.lang.Thread.run(Thread.java:745)
04.06.2016 23:00:15 ERROR [Time-limited test] xecutor.WorkflowStateProcessor - [user:] Error in com.nitorcreations.nflow.engine.listener.WorkflowExecutorListener$$EnhancerByMockitoWithCGLIB$$6965de79.afterFailure (null)
java.lang.RuntimeException: null
04.06.2016 23:00:16 INFO  [Time-limited test] xecutor.WorkflowStateProcessor - [user:] Did not woke up parent workflow instance 999
04.06.2016 23:00:16 ERROR [Time-limited test] xecutor.WorkflowStateProcessor - [user:] State 'processReturnNull' handler method returned null, proceeding to error state 'error'
Executing error state
04.06.2016 23:00:16 WARN  [Time-limited test] xecutor.WorkflowStateProcessor - [user:] State transition from 'illegalStateChange' to 'start' is not allowed by workflow definition.
>>>>>>>>>>>>>>>>>>>
nflow-engine/target/surefire-reports/com.nitorcreations.nflow.engine.internal.executor.WorkflowStateProcessorTest.txt
<<<<<<<<<<<<<<<<<<<<<
-------------------------------------------------------------------------------
Test set: com.nitorcreations.nflow.engine.internal.executor.WorkflowStateProcessorTest
-------------------------------------------------------------------------------
Tests run: 28, Failures: 0, Errors: 0, Skipped: 0, Time elapsed: 0.997 sec - in com.nitorcreations.nflow.engine.internal.executor.WorkflowStateProcessorTest
>>>>>>>>>>>>>>>>>>>
nflow-engine/target/surefire-reports/com.nitorcreations.nflow.engine.internal.storage.db.DatabaseInitializerTest-output.txt
<<<<<<<<<<<<<<<<<<<<<
04.06.2016 23:00:23 INFO  [main] storage.db.DatabaseInitializer - [user:] Creating database populator using script 'scripts/db/fails.create.ddl.sql'
04.06.2016 23:00:23 ERROR [main] h2database                     - [user:] jdbc[3] exception
org.h2.jdbc.JdbcSQLException: Table "FOO" already exists; SQL statement:
create table foo [42101-191]
	at org.h2.message.DbException.getJdbcSQLException(DbException.java:345)
	at org.h2.message.DbException.get(DbException.java:179)
	at org.h2.message.DbException.get(DbException.java:155)
	at org.h2.command.ddl.CreateTable.update(CreateTable.java:115)
	at org.h2.command.CommandContainer.update(CommandContainer.java:98)
	at org.h2.command.Command.executeUpdate(Command.java:258)
	at org.h2.jdbc.JdbcStatement.executeInternal(JdbcStatement.java:184)
	at org.h2.jdbc.JdbcStatement.execute(JdbcStatement.java:158)
	at com.zaxxer.hikari.proxy.StatementProxy.execute(StatementProxy.java:83)
	at com.zaxxer.hikari.proxy.HikariStatementProxy.execute(HikariStatementProxy.java)
	at org.springframework.jdbc.datasource.init.ScriptUtils.executeSqlScript(ScriptUtils.java:473)
	at org.springframework.jdbc.datasource.init.ResourceDatabasePopulator.populate(ResourceDatabasePopulator.java:231)
	at org.springframework.jdbc.datasource.init.DatabasePopulatorUtils.execute(DatabasePopulatorUtils.java:48)
	at com.nitorcreations.nflow.engine.internal.storage.db.DatabaseInitializer.populate(DatabaseInitializer.java:31)
	at com.nitorcreations.nflow.engine.internal.storage.db.DatabaseInitializer.<init>(DatabaseInitializer.java:26)
	at com.nitorcreations.nflow.engine.internal.storage.db.DatabaseInitializerTest.databaseCreationDoesNotThrowExceptionWhenDatabaseIsAlreadyCreated(DatabaseInitializerTest.java:41)
	at sun.reflect.NativeMethodAccessorImpl.invoke0(Native Method)
	at sun.reflect.NativeMethodAccessorImpl.invoke(NativeMethodAccessorImpl.java:62)
	at sun.reflect.DelegatingMethodAccessorImpl.invoke(DelegatingMethodAccessorImpl.java:43)
	at java.lang.reflect.Method.invoke(Method.java:483)
	at org.junit.runners.model.FrameworkMethod$1.runReflectiveCall(FrameworkMethod.java:50)
	at org.junit.internal.runners.model.ReflectiveCallable.run(ReflectiveCallable.java:12)
	at org.junit.runners.model.FrameworkMethod.invokeExplosively(FrameworkMethod.java:47)
	at org.junit.internal.runners.statements.InvokeMethod.evaluate(InvokeMethod.java:17)
	at org.springframework.test.context.junit4.statements.RunBeforeTestMethodCallbacks.evaluate(RunBeforeTestMethodCallbacks.java:75)
	at org.springframework.test.context.junit4.statements.RunAfterTestMethodCallbacks.evaluate(RunAfterTestMethodCallbacks.java:86)
	at org.junit.rules.ExpectedException$ExpectedExceptionStatement.evaluate(ExpectedException.java:239)
	at org.junit.rules.RunRules.evaluate(RunRules.java:20)
	at org.springframework.test.context.junit4.statements.SpringRepeat.evaluate(SpringRepeat.java:84)
	at org.junit.runners.ParentRunner.runLeaf(ParentRunner.java:325)
	at org.springframework.test.context.junit4.SpringJUnit4ClassRunner.runChild(SpringJUnit4ClassRunner.java:254)
	at org.springframework.test.context.junit4.SpringJUnit4ClassRunner.runChild(SpringJUnit4ClassRunner.java:89)
	at org.junit.runners.ParentRunner$3.run(ParentRunner.java:290)
	at org.junit.runners.ParentRunner$1.schedule(ParentRunner.java:71)
	at org.junit.runners.ParentRunner.runChildren(ParentRunner.java:288)
	at org.junit.runners.ParentRunner.access$000(ParentRunner.java:58)
	at org.junit.runners.ParentRunner$2.evaluate(ParentRunner.java:268)
	at org.springframework.test.context.junit4.statements.RunBeforeTestClassCallbacks.evaluate(RunBeforeTestClassCallbacks.java:61)
	at org.springframework.test.context.junit4.statements.RunAfterTestClassCallbacks.evaluate(RunAfterTestClassCallbacks.java:70)
	at org.junit.runners.ParentRunner.run(ParentRunner.java:363)
	at org.springframework.test.context.junit4.SpringJUnit4ClassRunner.run(SpringJUnit4ClassRunner.java:193)
	at org.apache.maven.surefire.junit4.JUnit4Provider.execute(JUnit4Provider.java:367)
	at org.apache.maven.surefire.junit4.JUnit4Provider.executeWithRerun(JUnit4Provider.java:274)
	at org.apache.maven.surefire.junit4.JUnit4Provider.executeTestSet(JUnit4Provider.java:238)
	at org.apache.maven.surefire.junit4.JUnit4Provider.invoke(JUnit4Provider.java:161)
	at org.apache.maven.surefire.booter.ForkedBooter.invokeProviderInSameClassLoader(ForkedBooter.java:290)
	at org.apache.maven.surefire.booter.ForkedBooter.runSuitesInProcess(ForkedBooter.java:242)
	at org.apache.maven.surefire.booter.ForkedBooter.main(ForkedBooter.java:121)
04.06.2016 23:00:23 WARN  [main] storage.db.DatabaseInitializer - [user:] Failed to create the database, possibly already created: Failed to execute SQL script statement #2 of class path resource [scripts/db/fails.create.ddl.sql]: create table foo; nested exception is org.h2.jdbc.JdbcSQLException: Table "FOO" already exists; SQL statement:
create table foo [42101-191]
>>>>>>>>>>>>>>>>>>>
nflow-engine/target/surefire-reports/com.nitorcreations.nflow.engine.internal.storage.db.DatabaseInitializerTest.txt
<<<<<<<<<<<<<<<<<<<<<
-------------------------------------------------------------------------------
Test set: com.nitorcreations.nflow.engine.internal.storage.db.DatabaseInitializerTest
-------------------------------------------------------------------------------
Tests run: 3, Failures: 0, Errors: 0, Skipped: 0, Time elapsed: 0.112 sec - in com.nitorcreations.nflow.engine.internal.storage.db.DatabaseInitializerTest
>>>>>>>>>>>>>>>>>>>
nflow-engine/target/surefire-reports/com.nitorcreations.nflow.engine.internal.util.PeriodicLoggerTest.txt
<<<<<<<<<<<<<<<<<<<<<
-------------------------------------------------------------------------------
Test set: com.nitorcreations.nflow.engine.internal.util.PeriodicLoggerTest
-------------------------------------------------------------------------------
Tests run: 3, Failures: 0, Errors: 0, Skipped: 0, Time elapsed: 0.062 sec - in com.nitorcreations.nflow.engine.internal.util.PeriodicLoggerTest
>>>>>>>>>>>>>>>>>>>
nflow-engine/target/surefire-reports/com.nitorcreations.nflow.engine.internal.workflow.StateExecutionImplTest-output.txt
<<<<<<<<<<<<<<<<<<<<<
04.06.2016 23:00:23 WARN  [main] al.workflow.StateExecutionImpl - [user:] wakeUpParentWorkflow called on non-child workflow
>>>>>>>>>>>>>>>>>>>
nflow-engine/target/surefire-reports/com.nitorcreations.nflow.engine.internal.workflow.StateExecutionImplTest.txt
<<<<<<<<<<<<<<<<<<<<<
-------------------------------------------------------------------------------
Test set: com.nitorcreations.nflow.engine.internal.workflow.StateExecutionImplTest
-------------------------------------------------------------------------------
Tests run: 16, Failures: 1, Errors: 0, Skipped: 0, Time elapsed: 0.139 sec <<< FAILURE! - in com.nitorcreations.nflow.engine.internal.workflow.StateExecutionImplTest
nonChildWorkflowCannotWakeUpParent(com.nitorcreations.nflow.engine.internal.workflow.StateExecutionImplTest)  Time elapsed: 0.013 sec  <<< FAILURE!
java.lang.AssertionError: Expected exception: java.lang.IllegalArgumentException

>>>>>>>>>>>>>>>>>>>
nflow-engine/target/surefire-reports/com.nitorcreations.nflow.engine.internal.workflow.WorkflowDefinitionScannerTest.txt
<<<<<<<<<<<<<<<<<<<<<
-------------------------------------------------------------------------------
Test set: com.nitorcreations.nflow.engine.internal.workflow.WorkflowDefinitionScannerTest
-------------------------------------------------------------------------------
Tests run: 7, Failures: 0, Errors: 0, Skipped: 0, Time elapsed: 0.018 sec - in com.nitorcreations.nflow.engine.internal.workflow.WorkflowDefinitionScannerTest
>>>>>>>>>>>>>>>>>>>
nflow-engine/target/surefire-reports/com.nitorcreations.nflow.engine.service.ArchiveServiceTest-output.txt
<<<<<<<<<<<<<<<<<<<<<
04.06.2016 23:00:07 INFO  [main] .engine.service.ArchiveService - [user:] Archiving starting. Archiving passive workflows older than 2015-07-10T19:57:00.000Z, in batches of 10.
04.06.2016 23:00:07 INFO  [main] .engine.service.ArchiveService - [user:] Archived 10 workflows. Archiving about 1.0E7 workflows / second.
04.06.2016 23:00:07 INFO  [main] .engine.service.ArchiveService - [user:] Archiving finished. Archived 30 workflows in 0 seconds.
04.06.2016 23:00:07 INFO  [main] .engine.service.ArchiveService - [user:] Archiving starting. Archiving passive workflows older than 2015-07-10T19:57:00.000Z, in batches of 10.
04.06.2016 23:00:07 INFO  [main] .engine.service.ArchiveService - [user:] Archiving finished. Archived 0 workflows in 0 seconds.
>>>>>>>>>>>>>>>>>>>
nflow-engine/target/surefire-reports/com.nitorcreations.nflow.engine.service.ArchiveServiceTest.txt
<<<<<<<<<<<<<<<<<<<<<
-------------------------------------------------------------------------------
Test set: com.nitorcreations.nflow.engine.service.ArchiveServiceTest
-------------------------------------------------------------------------------
Tests run: 3, Failures: 0, Errors: 0, Skipped: 0, Time elapsed: 0.11 sec - in com.nitorcreations.nflow.engine.service.ArchiveServiceTest
>>>>>>>>>>>>>>>>>>>
nflow-engine/target/surefire-reports/com.nitorcreations.nflow.engine.service.HealthCheckServiceTest.txt
<<<<<<<<<<<<<<<<<<<<<
-------------------------------------------------------------------------------
Test set: com.nitorcreations.nflow.engine.service.HealthCheckServiceTest
-------------------------------------------------------------------------------
Tests run: 1, Failures: 0, Errors: 0, Skipped: 0, Time elapsed: 0.004 sec - in com.nitorcreations.nflow.engine.service.HealthCheckServiceTest
>>>>>>>>>>>>>>>>>>>
nflow-engine/target/surefire-reports/com.nitorcreations.nflow.engine.service.StatisticsServiceTest.txt
<<<<<<<<<<<<<<<<<<<<<
-------------------------------------------------------------------------------
Test set: com.nitorcreations.nflow.engine.service.StatisticsServiceTest
-------------------------------------------------------------------------------
Tests run: 2, Failures: 0, Errors: 0, Skipped: 0, Time elapsed: 0.006 sec - in com.nitorcreations.nflow.engine.service.StatisticsServiceTest
>>>>>>>>>>>>>>>>>>>
nflow-engine/target/surefire-reports/com.nitorcreations.nflow.engine.service.WorkflowDefinitionServiceTest-output.txt
<<<<<<<<<<<<<<<<<<<<<
04.06.2016 23:00:07 INFO  [main] vice.WorkflowDefinitionService - [user:] Preparing workflow com.nitorcreations.nflow.engine.service.DummyTestWorkflow
04.06.2016 23:00:07 INFO  [main] vice.WorkflowDefinitionService - [user:] Added workflow type: dummy (com.nitorcreations.nflow.engine.service.DummyTestWorkflow)
04.06.2016 23:00:07 INFO  [main] vice.WorkflowDefinitionService - [user:] Preparing workflow com.nitorcreations.nflow.engine.service.DummyTestWorkflow
04.06.2016 23:00:07 INFO  [main] vice.WorkflowDefinitionService - [user:] Preparing workflow com.nitorcreations.nflow.engine.service.DummyTestWorkflow
04.06.2016 23:00:07 INFO  [main] vice.WorkflowDefinitionService - [user:] Added workflow type: dummy (com.nitorcreations.nflow.engine.service.DummyTestWorkflow)
04.06.2016 23:00:07 INFO  [main] vice.WorkflowDefinitionService - [user:] No non-Spring workflow definitions
04.06.2016 23:00:07 INFO  [main] vice.WorkflowDefinitionService - [user:] Preparing workflow com.nitorcreations.nflow.engine.service.DummyTestWorkflow
04.06.2016 23:00:07 INFO  [main] vice.WorkflowDefinitionService - [user:] Added workflow type: dummy (com.nitorcreations.nflow.engine.service.DummyTestWorkflow)
04.06.2016 23:00:07 INFO  [main] vice.WorkflowDefinitionService - [user:] Preparing workflow com.nitorcreations.nflow.engine.service.DummyTestWorkflow
04.06.2016 23:00:07 INFO  [main] vice.WorkflowDefinitionService - [user:] Added workflow type: dummy (com.nitorcreations.nflow.engine.service.DummyTestWorkflow)
04.06.2016 23:00:07 INFO  [main] vice.WorkflowDefinitionService - [user:] Preparing workflow com.nitorcreations.nflow.engine.service.DummyTestWorkflow
04.06.2016 23:00:07 INFO  [main] vice.WorkflowDefinitionService - [user:] Added workflow type: dummy (com.nitorcreations.nflow.engine.service.DummyTestWorkflow)
>>>>>>>>>>>>>>>>>>>
nflow-engine/target/surefire-reports/com.nitorcreations.nflow.engine.service.WorkflowDefinitionServiceTest.txt
<<<<<<<<<<<<<<<<<<<<<
-------------------------------------------------------------------------------
Test set: com.nitorcreations.nflow.engine.service.WorkflowDefinitionServiceTest
-------------------------------------------------------------------------------
Tests run: 5, Failures: 0, Errors: 0, Skipped: 0, Time elapsed: 0.072 sec - in com.nitorcreations.nflow.engine.service.WorkflowDefinitionServiceTest
>>>>>>>>>>>>>>>>>>>
nflow-engine/target/surefire-reports/com.nitorcreations.nflow.engine.service.WorkflowDefinitionServiceWithSpringTest-output.txt
<<<<<<<<<<<<<<<<<<<<<
04.06.2016 23:00:07 INFO  [main] vice.WorkflowDefinitionService - [user:] Added workflow type: springdummy (com.nitorcreations.nflow.engine.service.SpringDummyTestWorkflow)
04.06.2016 23:00:07 INFO  [main] vice.WorkflowDefinitionService - [user:] No non-Spring workflow definitions
>>>>>>>>>>>>>>>>>>>
nflow-engine/target/surefire-reports/com.nitorcreations.nflow.engine.service.WorkflowDefinitionServiceWithSpringTest.txt
<<<<<<<<<<<<<<<<<<<<<
-------------------------------------------------------------------------------
Test set: com.nitorcreations.nflow.engine.service.WorkflowDefinitionServiceWithSpringTest
-------------------------------------------------------------------------------
Tests run: 1, Failures: 0, Errors: 0, Skipped: 0, Time elapsed: 0.618 sec - in com.nitorcreations.nflow.engine.service.WorkflowDefinitionServiceWithSpringTest
>>>>>>>>>>>>>>>>>>>
nflow-engine/target/surefire-reports/com.nitorcreations.nflow.engine.service.WorkflowExecutorServiceTest.txt
<<<<<<<<<<<<<<<<<<<<<
-------------------------------------------------------------------------------
Test set: com.nitorcreations.nflow.engine.service.WorkflowExecutorServiceTest
-------------------------------------------------------------------------------
Tests run: 1, Failures: 0, Errors: 0, Skipped: 0, Time elapsed: 0.029 sec - in com.nitorcreations.nflow.engine.service.WorkflowExecutorServiceTest
>>>>>>>>>>>>>>>>>>>
nflow-engine/target/surefire-reports/com.nitorcreations.nflow.engine.service.WorkflowInstanceServiceTest.txt
<<<<<<<<<<<<<<<<<<<<<
-------------------------------------------------------------------------------
Test set: com.nitorcreations.nflow.engine.service.WorkflowInstanceServiceTest
-------------------------------------------------------------------------------
Tests run: 9, Failures: 0, Errors: 0, Skipped: 0, Time elapsed: 0.476 sec - in com.nitorcreations.nflow.engine.service.WorkflowInstanceServiceTest
>>>>>>>>>>>>>>>>>>>
nflow-engine/target/surefire-reports/com.nitorcreations.nflow.engine.workflow.definition.AbstractWorkflowDefinitionTest.txt
<<<<<<<<<<<<<<<<<<<<<
-------------------------------------------------------------------------------
Test set: com.nitorcreations.nflow.engine.workflow.definition.AbstractWorkflowDefinitionTest
-------------------------------------------------------------------------------
Tests run: 15, Failures: 0, Errors: 0, Skipped: 0, Time elapsed: 0.044 sec - in com.nitorcreations.nflow.engine.workflow.definition.AbstractWorkflowDefinitionTest
>>>>>>>>>>>>>>>>>>>
nflow-engine/target/surefire-reports/com.nitorcreations.nflow.engine.workflow.definition.MutableTest.txt
<<<<<<<<<<<<<<<<<<<<<
-------------------------------------------------------------------------------
Test set: com.nitorcreations.nflow.engine.workflow.definition.MutableTest
-------------------------------------------------------------------------------
Tests run: 3, Failures: 0, Errors: 0, Skipped: 0, Time elapsed: 0.011 sec - in com.nitorcreations.nflow.engine.workflow.definition.MutableTest
>>>>>>>>>>>>>>>>>>>
nflow-engine/target/surefire-reports/com.nitorcreations.nflow.engine.workflow.definition.NextActionTest.txt
<<<<<<<<<<<<<<<<<<<<<
-------------------------------------------------------------------------------
Test set: com.nitorcreations.nflow.engine.workflow.definition.NextActionTest
-------------------------------------------------------------------------------
Tests run: 6, Failures: 0, Errors: 0, Skipped: 0, Time elapsed: 0.017 sec - in com.nitorcreations.nflow.engine.workflow.definition.NextActionTest
>>>>>>>>>>>>>>>>>>>
nflow-engine/target/surefire-reports/com.nitorcreations.nflow.engine.workflow.definition.WorkflowDefinitionTest.txt
<<<<<<<<<<<<<<<<<<<<<
-------------------------------------------------------------------------------
Test set: com.nitorcreations.nflow.engine.workflow.definition.WorkflowDefinitionTest
-------------------------------------------------------------------------------
Tests run: 15, Failures: 0, Errors: 0, Skipped: 0, Time elapsed: 0.062 sec - in com.nitorcreations.nflow.engine.workflow.definition.WorkflowDefinitionTest
>>>>>>>>>>>>>>>>>>>
nflow-engine/target/surefire-reports/com.nitorcreations.nflow.engine.workflow.definition.WorkflowSettingsTest.txt
<<<<<<<<<<<<<<<<<<<<<
-------------------------------------------------------------------------------
Test set: com.nitorcreations.nflow.engine.workflow.definition.WorkflowSettingsTest
-------------------------------------------------------------------------------
Tests run: 2, Failures: 0, Errors: 0, Skipped: 0, Time elapsed: 0.03 sec - in com.nitorcreations.nflow.engine.workflow.definition.WorkflowSettingsTest
>>>>>>>>>>>>>>>>>>>
nflow-engine/target/surefire-reports/com.nitorcreations.nflow.engine.workflow.definition.WorkflowStateTypeTest.txt
<<<<<<<<<<<<<<<<<<<<<
-------------------------------------------------------------------------------
Test set: com.nitorcreations.nflow.engine.workflow.definition.WorkflowStateTypeTest
-------------------------------------------------------------------------------
Tests run: 4, Failures: 0, Errors: 0, Skipped: 0, Time elapsed: 0.002 sec - in com.nitorcreations.nflow.engine.workflow.definition.WorkflowStateTypeTest
>>>>>>>>>>>>>>>>>>>
nflow-engine/target/surefire-reports/com.nitorcreations.nflow.engine.workflow.instance.WorkflowInstanceFactoryTest.txt
<<<<<<<<<<<<<<<<<<<<<
-------------------------------------------------------------------------------
Test set: com.nitorcreations.nflow.engine.workflow.instance.WorkflowInstanceFactoryTest
-------------------------------------------------------------------------------
Tests run: 1, Failures: 0, Errors: 0, Skipped: 0, Time elapsed: 0.004 sec - in com.nitorcreations.nflow.engine.workflow.instance.WorkflowInstanceFactoryTest
>>>>>>>>>>>>>>>>>>>
nflow-engine/target/surefire-reports/com.nitorcreations.nflow.engine.workflow.instance.WorkflowInstanceTest.txt
<<<<<<<<<<<<<<<<<<<<<
-------------------------------------------------------------------------------
Test set: com.nitorcreations.nflow.engine.workflow.instance.WorkflowInstanceTest
-------------------------------------------------------------------------------
Tests run: 1, Failures: 0, Errors: 0, Skipped: 0, Time elapsed: 0.001 sec - in com.nitorcreations.nflow.engine.workflow.instance.WorkflowInstanceTest
>>>>>>>>>>>>>>>>>>>
nflow-engine/target/surefire-reports/com.nitorcreations.nflow.engine.workflow.WorkflowInstancePreProcessorTest.txt
<<<<<<<<<<<<<<<<<<<<<
-------------------------------------------------------------------------------
Test set: com.nitorcreations.nflow.engine.workflow.WorkflowInstancePreProcessorTest
-------------------------------------------------------------------------------
Tests run: 5, Failures: 0, Errors: 0, Skipped: 0, Time elapsed: 0.013 sec - in com.nitorcreations.nflow.engine.workflow.WorkflowInstancePreProcessorTest

travis_time:end:0235767f:start=1465081268601143014,finish=1465081268645493714,duration=44350700[0Ktravis_fold:end:after_script[0K
Done. Your build exited with 1.
