Using worker: worker-linux-docker-a3b76a4a.prod.travis-ci.org:travis-linux-5

travis_fold:start:system_info[0K[33;1mBuild system information[0m
Build language: java
[34m[1mBuild image provisioning date and time[0m
Thu Feb  5 15:09:33 UTC 2015
[34m[1mOperating System Details[0m
Distributor ID:	Ubuntu
Description:	Ubuntu 12.04.5 LTS
Release:	12.04
Codename:	precise
[34m[1mLinux Version[0m
3.13.0-29-generic
[34m[1mCookbooks Version[0m
a68419e https://github.com/travis-ci/travis-cookbooks/tree/a68419e
[34m[1mGCC version[0m
gcc (Ubuntu/Linaro 4.6.3-1ubuntu5) 4.6.3
Copyright (C) 2011 Free Software Foundation, Inc.
This is free software; see the source for copying conditions.  There is NO
warranty; not even for MERCHANTABILITY or FITNESS FOR A PARTICULAR PURPOSE.

[34m[1mLLVM version[0m
clang version 3.4 (tags/RELEASE_34/final)
Target: x86_64-unknown-linux-gnu
Thread model: posix
[34m[1mPre-installed Ruby versions[0m
ruby-1.9.3-p551
[34m[1mPre-installed Node.js versions[0m
v0.10.36
[34m[1mPre-installed Go versions[0m
1.4.1
[34m[1mRedis version[0m
redis-server 2.8.19
[34m[1mriak version[0m
2.0.2
[34m[1mMongoDB version[0m
MongoDB 2.4.12
[34m[1mCouchDB version[0m
couchdb 1.6.1
[34m[1mNeo4j version[0m
1.9.4
[34m[1mRabbitMQ Version[0m
3.4.3
[34m[1mElasticSearch version[0m
1.4.0
[34m[1mInstalled Sphinx versions[0m
2.0.10
2.1.9
2.2.6
[34m[1mDefault Sphinx version[0m
2.2.6
[34m[1mInstalled Firefox version[0m
firefox 31.0esr
[34m[1mPhantomJS version[0m
1.9.8
[34m[1mant -version[0m
Apache Ant(TM) version 1.8.2 compiled on December 3 2011
[34m[1mmvn -version[0m
Apache Maven 3.2.5 (12a6b3acb947671f09b81f49094c53f426d8cea1; 2014-12-14T17:29:23+00:00)
Maven home: /usr/local/maven
Java version: 1.7.0_76, vendor: Oracle Corporation
Java home: /usr/lib/jvm/java-7-oracle/jre
Default locale: en_US, platform encoding: ANSI_X3.4-1968
OS name: "linux", version: "3.13.0-29-generic", arch: "amd64", family: "unix"
travis_fold:end:system_info[0K
travis_fold:start:git.checkout[0Ktravis_time:start:0dbddbc2[0K$ git clone --depth=50 --branch=master git://github.com/spring-projects/spring-data-jpa.git spring-projects/spring-data-jpa
Cloning into 'spring-projects/spring-data-jpa'...
remote: Counting objects: 1137, done.[K
remote: Compressing objects:   0% (1/666)   [Kremote: Compressing objects:   1% (7/666)   [Kremote: Compressing objects:   2% (14/666)   [Kremote: Compressing objects:   3% (20/666)   [Kremote: Compressing objects:   4% (27/666)   [Kremote: Compressing objects:   5% (34/666)   [Kremote: Compressing objects:   6% (40/666)   [Kremote: Compressing objects:   7% (47/666)   [Kremote: Compressing objects:   8% (54/666)   [Kremote: Compressing objects:   9% (60/666)   [Kremote: Compressing objects:  10% (67/666)   [Kremote: Compressing objects:  11% (74/666)   [Kremote: Compressing objects:  12% (80/666)   [Kremote: Compressing objects:  13% (87/666)   [Kremote: Compressing objects:  14% (94/666)   [Kremote: Compressing objects:  15% (100/666)   [Kremote: Compressing objects:  16% (107/666)   [Kremote: Compressing objects:  17% (114/666)   [Kremote: Compressing objects:  18% (120/666)   [Kremote: Compressing objects:  19% (127/666)   [Kremote: Compressing objects:  20% (134/666)   [Kremote: Compressing objects:  21% (140/666)   [Kremote: Compressing objects:  22% (147/666)   [Kremote: Compressing objects:  23% (154/666)   [Kremote: Compressing objects:  24% (160/666)   [Kremote: Compressing objects:  25% (167/666)   [Kremote: Compressing objects:  26% (174/666)   [Kremote: Compressing objects:  27% (180/666)   [Kremote: Compressing objects:  28% (187/666)   [Kremote: Compressing objects:  29% (194/666)   [Kremote: Compressing objects:  30% (200/666)   [Kremote: Compressing objects:  31% (207/666)   [Kremote: Compressing objects:  32% (214/666)   [Kremote: Compressing objects:  33% (220/666)   [Kremote: Compressing objects:  34% (227/666)   [Kremote: Compressing objects:  35% (234/666)   [Kremote: Compressing objects:  36% (240/666)   [Kremote: Compressing objects:  37% (247/666)   [Kremote: Compressing objects:  38% (254/666)   [Kremote: Compressing objects:  39% (260/666)   [Kremote: Compressing objects:  40% (267/666)   [Kremote: Compressing objects:  41% (274/666)   [Kremote: Compressing objects:  42% (280/666)   [Kremote: Compressing objects:  43% (287/666)   [Kremote: Compressing objects:  44% (294/666)   [Kremote: Compressing objects:  45% (300/666)   [Kremote: Compressing objects:  46% (307/666)   [Kremote: Compressing objects:  47% (314/666)   [Kremote: Compressing objects:  48% (320/666)   [Kremote: Compressing objects:  49% (327/666)   [Kremote: Compressing objects:  50% (333/666)   [Kremote: Compressing objects:  51% (340/666)   [Kremote: Compressing objects:  52% (347/666)   [Kremote: Compressing objects:  53% (353/666)   [Kremote: Compressing objects:  54% (360/666)   [Kremote: Compressing objects:  55% (367/666)   [Kremote: Compressing objects:  56% (373/666)   [Kremote: Compressing objects:  57% (380/666)   [Kremote: Compressing objects:  58% (387/666)   [Kremote: Compressing objects:  59% (393/666)   [Kremote: Compressing objects:  60% (400/666)   [Kremote: Compressing objects:  61% (407/666)   [Kremote: Compressing objects:  62% (413/666)   [Kremote: Compressing objects:  63% (420/666)   [Kremote: Compressing objects:  64% (427/666)   [Kremote: Compressing objects:  65% (433/666)   [Kremote: Compressing objects:  66% (440/666)   [Kremote: Compressing objects:  67% (447/666)   [Kremote: Compressing objects:  68% (453/666)   [Kremote: Compressing objects:  69% (460/666)   [Kremote: Compressing objects:  70% (467/666)   [Kremote: Compressing objects:  71% (473/666)   [Kremote: Compressing objects:  72% (480/666)   [Kremote: Compressing objects:  73% (487/666)   [Kremote: Compressing objects:  74% (493/666)   [Kremote: Compressing objects:  75% (500/666)   [Kremote: Compressing objects:  76% (507/666)   [Kremote: Compressing objects:  77% (513/666)   [Kremote: Compressing objects:  78% (520/666)   [Kremote: Compressing objects:  79% (527/666)   [Kremote: Compressing objects:  80% (533/666)   [Kremote: Compressing objects:  81% (540/666)   [Kremote: Compressing objects:  82% (547/666)   [Kremote: Compressing objects:  83% (553/666)   [Kremote: Compressing objects:  84% (560/666)   [Kremote: Compressing objects:  85% (567/666)   [Kremote: Compressing objects:  86% (573/666)   [Kremote: Compressing objects:  87% (580/666)   [Kremote: Compressing objects:  88% (587/666)   [Kremote: Compressing objects:  89% (593/666)   [Kremote: Compressing objects:  90% (600/666)   [Kremote: Compressing objects:  91% (607/666)   [Kremote: Compressing objects:  92% (613/666)   [Kremote: Compressing objects:  93% (620/666)   [Kremote: Compressing objects:  94% (627/666)   [Kremote: Compressing objects:  95% (633/666)   [Kremote: Compressing objects:  96% (640/666)   [Kremote: Compressing objects:  97% (647/666)   [Kremote: Compressing objects:  98% (653/666)   [Kremote: Compressing objects:  99% (660/666)   [Kremote: Compressing objects: 100% (666/666)   [Kremote: Compressing objects: 100% (666/666), done.[K
Receiving objects:   0% (1/1137)   Receiving objects:   1% (12/1137)   Receiving objects:   2% (23/1137)   Receiving objects:   3% (35/1137)   Receiving objects:   4% (46/1137)   Receiving objects:   5% (57/1137)   Receiving objects:   6% (69/1137)   Receiving objects:   7% (80/1137)   Receiving objects:   8% (91/1137)   Receiving objects:   9% (103/1137)   Receiving objects:  10% (114/1137)   Receiving objects:  11% (126/1137)   Receiving objects:  12% (137/1137)   Receiving objects:  13% (148/1137)   Receiving objects:  14% (160/1137)   Receiving objects:  15% (171/1137)   Receiving objects:  16% (182/1137)   Receiving objects:  17% (194/1137)   Receiving objects:  18% (205/1137)   Receiving objects:  19% (217/1137)   Receiving objects:  20% (228/1137)   Receiving objects:  21% (239/1137)   Receiving objects:  22% (251/1137)   Receiving objects:  23% (262/1137)   Receiving objects:  24% (273/1137)   Receiving objects:  25% (285/1137)   Receiving objects:  26% (296/1137)   Receiving objects:  27% (307/1137)   Receiving objects:  28% (319/1137)   Receiving objects:  29% (330/1137)   Receiving objects:  30% (342/1137)   Receiving objects:  31% (353/1137)   Receiving objects:  32% (364/1137)   Receiving objects:  33% (376/1137)   Receiving objects:  34% (387/1137)   Receiving objects:  35% (398/1137)   Receiving objects:  36% (410/1137)   Receiving objects:  37% (421/1137)   Receiving objects:  38% (433/1137)   Receiving objects:  39% (444/1137)   Receiving objects:  40% (455/1137)   Receiving objects:  41% (467/1137)   Receiving objects:  42% (478/1137)   Receiving objects:  43% (489/1137)   Receiving objects:  44% (501/1137)   Receiving objects:  45% (512/1137)   Receiving objects:  46% (524/1137)   Receiving objects:  47% (535/1137)   Receiving objects:  48% (546/1137)   Receiving objects:  49% (558/1137)   Receiving objects:  50% (569/1137)   Receiving objects:  51% (580/1137)   Receiving objects:  52% (592/1137)   Receiving objects:  53% (603/1137)   Receiving objects:  54% (614/1137)   Receiving objects:  55% (626/1137)   Receiving objects:  56% (637/1137)   Receiving objects:  57% (649/1137)   Receiving objects:  58% (660/1137)   Receiving objects:  59% (671/1137)   Receiving objects:  60% (683/1137)   Receiving objects:  61% (694/1137)   Receiving objects:  62% (705/1137)   Receiving objects:  63% (717/1137)   Receiving objects:  64% (728/1137)   Receiving objects:  65% (740/1137)   Receiving objects:  66% (751/1137)   Receiving objects:  67% (762/1137)   Receiving objects:  68% (774/1137)   Receiving objects:  69% (785/1137)   Receiving objects:  70% (796/1137)   Receiving objects:  71% (808/1137)   Receiving objects:  72% (819/1137)   Receiving objects:  73% (831/1137)   Receiving objects:  74% (842/1137)   Receiving objects:  75% (853/1137)   Receiving objects:  76% (865/1137)   Receiving objects:  77% (876/1137)   Receiving objects:  78% (887/1137)   Receiving objects:  79% (899/1137)   Receiving objects:  80% (910/1137)   Receiving objects:  81% (921/1137)   Receiving objects:  82% (933/1137)   Receiving objects:  83% (944/1137)   Receiving objects:  84% (956/1137)   Receiving objects:  85% (967/1137)   Receiving objects:  86% (978/1137)   Receiving objects:  87% (990/1137)   Receiving objects:  88% (1001/1137)   Receiving objects:  89% (1012/1137)   remote: Total 1137 (delta 486), reused 788 (delta 253), pack-reused 0[K
Receiving objects:  90% (1024/1137)   Receiving objects:  91% (1035/1137)   Receiving objects:  92% (1047/1137)   Receiving objects:  93% (1058/1137)   Receiving objects:  94% (1069/1137)   Receiving objects:  95% (1081/1137)   Receiving objects:  96% (1092/1137)   Receiving objects:  97% (1103/1137)   Receiving objects:  98% (1115/1137)   Receiving objects:  99% (1126/1137)   Receiving objects: 100% (1137/1137)   Receiving objects: 100% (1137/1137), 407.54 KiB | 0 bytes/s, done.
Resolving deltas:   0% (0/486)   Resolving deltas:  10% (49/486)   Resolving deltas:  11% (56/486)   Resolving deltas:  12% (59/486)   Resolving deltas:  13% (67/486)   Resolving deltas:  14% (71/486)   Resolving deltas:  15% (75/486)   Resolving deltas:  16% (78/486)   Resolving deltas:  17% (86/486)   Resolving deltas:  19% (93/486)   Resolving deltas:  20% (98/486)   Resolving deltas:  21% (104/486)   Resolving deltas:  23% (113/486)   Resolving deltas:  25% (126/486)   Resolving deltas:  26% (128/486)   Resolving deltas:  27% (132/486)   Resolving deltas:  28% (137/486)   Resolving deltas:  29% (141/486)   Resolving deltas:  30% (150/486)   Resolving deltas:  31% (152/486)   Resolving deltas:  32% (157/486)   Resolving deltas:  35% (171/486)   Resolving deltas:  37% (182/486)   Resolving deltas:  38% (188/486)   Resolving deltas:  39% (192/486)   Resolving deltas:  40% (197/486)   Resolving deltas:  41% (201/486)   Resolving deltas:  42% (206/486)   Resolving deltas:  43% (210/486)   Resolving deltas:  46% (224/486)   Resolving deltas:  47% (233/486)   Resolving deltas:  48% (234/486)   Resolving deltas:  49% (239/486)   Resolving deltas:  50% (246/486)   Resolving deltas:  51% (249/486)   Resolving deltas:  53% (259/486)   Resolving deltas:  54% (265/486)   Resolving deltas:  55% (270/486)   Resolving deltas:  56% (273/486)   Resolving deltas:  57% (278/486)   Resolving deltas:  58% (284/486)   Resolving deltas:  59% (288/486)   Resolving deltas:  60% (295/486)   Resolving deltas:  61% (298/486)   Resolving deltas:  62% (302/486)   Resolving deltas:  63% (307/486)   Resolving deltas:  64% (315/486)   Resolving deltas:  65% (318/486)   Resolving deltas:  66% (323/486)   Resolving deltas:  67% (326/486)   Resolving deltas:  68% (334/486)   Resolving deltas:  69% (336/486)   Resolving deltas:  70% (345/486)   Resolving deltas:  71% (349/486)   Resolving deltas:  72% (350/486)   Resolving deltas:  73% (355/486)   Resolving deltas:  75% (369/486)   Resolving deltas:  76% (372/486)   Resolving deltas:  77% (377/486)   Resolving deltas:  78% (380/486)   Resolving deltas:  81% (397/486)   Resolving deltas:  86% (418/486)   Resolving deltas:  87% (426/486)   Resolving deltas:  88% (428/486)   Resolving deltas:  89% (435/486)   Resolving deltas:  90% (440/486)   Resolving deltas:  91% (443/486)   Resolving deltas:  92% (448/486)   Resolving deltas:  93% (453/486)   Resolving deltas:  94% (457/486)   Resolving deltas:  95% (463/486)   Resolving deltas:  96% (467/486)   Resolving deltas:  97% (473/486)   Resolving deltas:  98% (477/486)   Resolving deltas:  99% (482/486)   Resolving deltas: 100% (486/486)   Resolving deltas: 100% (486/486), done.
Checking connectivity... done.
travis_time:end:0dbddbc2:start=1433230131209266847,finish=1433230132140660994,duration=931394147[0K$ cd spring-projects/spring-data-jpa
$ git checkout -qf 0e49d8348199ab2b6b6fc4c0b2aeea1c004d70d6
travis_fold:end:git.checkout[0K
[33;1mThis job is running on container-based infrastructure, which does not allow use of 'sudo', setuid and setguid executables.[0m
[33;1mIf you require sudo, add 'sudo: required' to your .travis.yml[0m
[33;1mSee http://docs.travis-ci.com/user/workers/container-based-infrastructure/ for details.[0m

[33;1mSetting environment variables from .travis.yml[0m
$ export PROFILE=spring42-next

travis_fold:start:cache.1[0KSetting up build cache
$ export CASHER_DIR=$HOME/.casher
travis_time:start:074aa8d8[0K$ Installing caching utilities
travis_time:end:074aa8d8:start=1433230134316619602,finish=1433230134401926544,duration=85306942[0Ktravis_time:start:0a583e32[0Kattempting to download cache archive
fetching master/cache--jdk-oraclejdk8.tbz
found cache
travis_time:end:0a583e32:start=1433230134407240376,finish=1433230137106235374,duration=2698994998[0Ktravis_time:start:211e1146[0Kadding /home/travis/.m2 to cache
travis_time:end:211e1146:start=1433230137110113209,finish=1433230152643289871,duration=15533176662[0Ktravis_fold:end:cache.1[0K$ jdk_switcher use oraclejdk8
Switching to Oracle JDK8 (java-8-oracle), JAVA_HOME will be set to /usr/lib/jvm/java-8-oracle
$ java -Xmx32m -version
java version "1.8.0_31"
Java(TM) SE Runtime Environment (build 1.8.0_31-b13)
Java HotSpot(TM) 64-Bit Server VM (build 25.31-b07, mixed mode)
$ javac -J-Xmx32m -version
javac 1.8.0_31
travis_fold:start:install[0Ktravis_time:start:04ca1f3c[0K$ true
travis_time:end:04ca1f3c:start=1433230153080527203,finish=1433230153083479619,duration=2952416[0Ktravis_fold:end:install[0Ktravis_time:start:0f98611c[0K$ mvn clean dependency:list test -P${PROFILE} -Dsort
Java HotSpot(TM) 64-Bit Server VM warning: ignoring option MaxPermSize=192m; support was removed in 8.0
[INFO] Scanning for projects...
Downloading: http://repo.maven.apache.org/maven2/org/springframework/data/build/spring-data-parent/1.7.0.M1/spring-data-parent-1.7.0.M1.pom
Downloading: https://oss.sonatype.org/content/repositories/releases/org/springframework/data/build/spring-data-parent/1.7.0.M1/spring-data-parent-1.7.0.M1.pom
Downloading: https://repository.apache.org/releases/org/springframework/data/build/spring-data-parent/1.7.0.M1/spring-data-parent-1.7.0.M1.pom
Downloading: https://repo.spring.io/libs-milestone/org/springframework/data/build/spring-data-parent/1.7.0.M1/spring-data-parent-1.7.0.M1.pom
4/21 KB   8/21 KB   12/21 KB   14/21 KB   18/21 KB   21/21 KB              Downloaded: https://repo.spring.io/libs-milestone/org/springframework/data/build/spring-data-parent/1.7.0.M1/spring-data-parent-1.7.0.M1.pom (21 KB at 115.3 KB/sec)
Downloading: http://repo.maven.apache.org/maven2/org/springframework/data/build/spring-data-build/1.7.0.M1/spring-data-build-1.7.0.M1.pom
           Downloading: https://oss.sonatype.org/content/repositories/releases/org/springframework/data/build/spring-data-build/1.7.0.M1/spring-data-build-1.7.0.M1.pom
           Downloading: https://repository.apache.org/releases/org/springframework/data/build/spring-data-build/1.7.0.M1/spring-data-build-1.7.0.M1.pom
           Downloading: https://repo.spring.io/libs-milestone/org/springframework/data/build/spring-data-build/1.7.0.M1/spring-data-build-1.7.0.M1.pom
3/3 KB              Downloaded: https://repo.spring.io/libs-milestone/org/springframework/data/build/spring-data-build/1.7.0.M1/spring-data-build-1.7.0.M1.pom (3 KB at 52.1 KB/sec)
Downloading: http://repo.spring.io/libs-snapshot/org/springframework/spring-framework-bom/4.2.0.BUILD-SNAPSHOT/maven-metadata.xml
Downloading: https://repo.spring.io/libs-milestone/org/springframework/spring-framework-bom/4.2.0.BUILD-SNAPSHOT/maven-metadata.xml
Downloading: https://repository.apache.org/snapshots/org/springframework/spring-framework-bom/4.2.0.BUILD-SNAPSHOT/maven-metadata.xml
         2/2 KB            Downloaded: http://repo.spring.io/libs-snapshot/org/springframework/spring-framework-bom/4.2.0.BUILD-SNAPSHOT/maven-metadata.xml (2 KB at 18.5 KB/sec)
         Downloading: http://repo.spring.io/libs-snapshot/org/springframework/spring-framework-bom/4.2.0.BUILD-SNAPSHOT/spring-framework-bom-4.2.0.BUILD-20150601.183604-407.pom
3/6 KB   6/6 KB            Downloaded: http://repo.spring.io/libs-snapshot/org/springframework/spring-framework-bom/4.2.0.BUILD-SNAPSHOT/spring-framework-bom-4.2.0.BUILD-20150601.183604-407.pom (6 KB at 77.9 KB/sec)
[INFO]                                                                         
[INFO] ------------------------------------------------------------------------
[INFO] Building Spring Data JPA 1.9.0.BUILD-SNAPSHOT
[INFO] ------------------------------------------------------------------------
Downloading: http://repo.maven.apache.org/maven2/org/springframework/data/spring-data-commons/1.11.0.M1/spring-data-commons-1.11.0.M1.pom
         Downloading: https://oss.sonatype.org/content/repositories/releases/org/springframework/data/spring-data-commons/1.11.0.M1/spring-data-commons-1.11.0.M1.pom
         Downloading: https://repository.apache.org/releases/org/springframework/data/spring-data-commons/1.11.0.M1/spring-data-commons-1.11.0.M1.pom
         Downloading: https://repo.spring.io/libs-milestone/org/springframework/data/spring-data-commons/1.11.0.M1/spring-data-commons-1.11.0.M1.pom
4/7 KB   7/7 KB            Downloaded: https://repo.spring.io/libs-milestone/org/springframework/data/spring-data-commons/1.11.0.M1/spring-data-commons-1.11.0.M1.pom (7 KB at 124.5 KB/sec)
Downloading: https://repository.apache.org/snapshots/org/springframework/spring-core/4.2.0.BUILD-SNAPSHOT/maven-metadata.xml
Downloading: https://repo.spring.io/libs-milestone/org/springframework/spring-core/4.2.0.BUILD-SNAPSHOT/maven-metadata.xml
Downloading: http://repo.spring.io/libs-snapshot/org/springframework/spring-core/4.2.0.BUILD-SNAPSHOT/maven-metadata.xml
         1/3 KB   3/3 KB            Downloaded: http://repo.spring.io/libs-snapshot/org/springframework/spring-core/4.2.0.BUILD-SNAPSHOT/maven-metadata.xml (3 KB at 39.4 KB/sec)
         Downloading: https://oss.sonatype.org/content/repositories/snapshots/org/springframework/spring-core/4.2.0.BUILD-SNAPSHOT/spring-core-4.2.0.BUILD-20150601.183604-407.pom
         Downloading: https://repository.apache.org/snapshots/org/springframework/spring-core/4.2.0.BUILD-SNAPSHOT/spring-core-4.2.0.BUILD-20150601.183604-407.pom
         Downloading: https://nexus.codehaus.org/snapshots/org/springframework/spring-core/4.2.0.BUILD-SNAPSHOT/spring-core-4.2.0.BUILD-20150601.183604-407.pom
         Downloading: https://repo.spring.io/libs-milestone/org/springframework/spring-core/4.2.0.BUILD-SNAPSHOT/spring-core-4.2.0.BUILD-20150601.183604-407.pom
         Downloading: http://repo.spring.io/libs-snapshot/org/springframework/spring-core/4.2.0.BUILD-SNAPSHOT/spring-core-4.2.0.BUILD-20150601.183604-407.pom
1/3 KB   3/3 KB            Downloaded: http://repo.spring.io/libs-snapshot/org/springframework/spring-core/4.2.0.BUILD-SNAPSHOT/spring-core-4.2.0.BUILD-20150601.183604-407.pom (3 KB at 42.0 KB/sec)
Downloading: https://repository.apache.org/snapshots/org/springframework/spring-beans/4.2.0.BUILD-SNAPSHOT/maven-metadata.xml
Downloading: https://repo.spring.io/libs-milestone/org/springframework/spring-beans/4.2.0.BUILD-SNAPSHOT/maven-metadata.xml
Downloading: http://repo.spring.io/libs-snapshot/org/springframework/spring-beans/4.2.0.BUILD-SNAPSHOT/maven-metadata.xml
         3/3 KB            Downloaded: http://repo.spring.io/libs-snapshot/org/springframework/spring-beans/4.2.0.BUILD-SNAPSHOT/maven-metadata.xml (3 KB at 41.1 KB/sec)
         Downloading: https://oss.sonatype.org/content/repositories/snapshots/org/springframework/spring-beans/4.2.0.BUILD-SNAPSHOT/spring-beans-4.2.0.BUILD-20150601.183604-407.pom
         Downloading: https://repository.apache.org/snapshots/org/springframework/spring-beans/4.2.0.BUILD-SNAPSHOT/spring-beans-4.2.0.BUILD-20150601.183604-407.pom
         Downloading: https://nexus.codehaus.org/snapshots/org/springframework/spring-beans/4.2.0.BUILD-SNAPSHOT/spring-beans-4.2.0.BUILD-20150601.183604-407.pom
         Downloading: https://repo.spring.io/libs-milestone/org/springframework/spring-beans/4.2.0.BUILD-SNAPSHOT/spring-beans-4.2.0.BUILD-20150601.183604-407.pom
         Downloading: http://repo.spring.io/libs-snapshot/org/springframework/spring-beans/4.2.0.BUILD-SNAPSHOT/spring-beans-4.2.0.BUILD-20150601.183604-407.pom
1/3 KB   3/3 KB            Downloaded: http://repo.spring.io/libs-snapshot/org/springframework/spring-beans/4.2.0.BUILD-SNAPSHOT/spring-beans-4.2.0.BUILD-20150601.183604-407.pom (3 KB at 43.9 KB/sec)
Downloading: http://repo.maven.apache.org/maven2/org/slf4j/slf4j-api/1.7.12/slf4j-api-1.7.12.pom
3/3 KB            Downloaded: http://repo.maven.apache.org/maven2/org/slf4j/slf4j-api/1.7.12/slf4j-api-1.7.12.pom (3 KB at 123.7 KB/sec)
Downloading: http://repo.maven.apache.org/maven2/org/slf4j/slf4j-parent/1.7.12/slf4j-parent-1.7.12.pom
3/12 KB   7/12 KB   11/12 KB   12/12 KB              Downloaded: http://repo.maven.apache.org/maven2/org/slf4j/slf4j-parent/1.7.12/slf4j-parent-1.7.12.pom (12 KB at 1157.0 KB/sec)
Downloading: http://repo.maven.apache.org/maven2/org/slf4j/jcl-over-slf4j/1.7.12/jcl-over-slf4j-1.7.12.pom
2/2 KB              Downloaded: http://repo.maven.apache.org/maven2/org/slf4j/jcl-over-slf4j/1.7.12/jcl-over-slf4j-1.7.12.pom (2 KB at 179.7 KB/sec)
Downloading: https://repository.apache.org/snapshots/org/springframework/spring-orm/4.2.0.BUILD-SNAPSHOT/maven-metadata.xml
Downloading: https://repo.spring.io/libs-milestone/org/springframework/spring-orm/4.2.0.BUILD-SNAPSHOT/maven-metadata.xml
Downloading: http://repo.spring.io/libs-snapshot/org/springframework/spring-orm/4.2.0.BUILD-SNAPSHOT/maven-metadata.xml
         3/3 KB            Downloaded: http://repo.spring.io/libs-snapshot/org/springframework/spring-orm/4.2.0.BUILD-SNAPSHOT/maven-metadata.xml (3 KB at 7.1 KB/sec)
         Downloading: https://oss.sonatype.org/content/repositories/snapshots/org/springframework/spring-orm/4.2.0.BUILD-SNAPSHOT/spring-orm-4.2.0.BUILD-20150601.183604-407.pom
         Downloading: https://repository.apache.org/snapshots/org/springframework/spring-orm/4.2.0.BUILD-SNAPSHOT/spring-orm-4.2.0.BUILD-20150601.183604-407.pom
         Downloading: https://nexus.codehaus.org/snapshots/org/springframework/spring-orm/4.2.0.BUILD-SNAPSHOT/spring-orm-4.2.0.BUILD-20150601.183604-407.pom
         Downloading: https://repo.spring.io/libs-milestone/org/springframework/spring-orm/4.2.0.BUILD-SNAPSHOT/spring-orm-4.2.0.BUILD-20150601.183604-407.pom
         Downloading: http://repo.spring.io/libs-snapshot/org/springframework/spring-orm/4.2.0.BUILD-SNAPSHOT/spring-orm-4.2.0.BUILD-20150601.183604-407.pom
3/8 KB   7/8 KB   8/8 KB            Downloaded: http://repo.spring.io/libs-snapshot/org/springframework/spring-orm/4.2.0.BUILD-SNAPSHOT/spring-orm-4.2.0.BUILD-20150601.183604-407.pom (8 KB at 128.6 KB/sec)
Downloading: https://repository.apache.org/snapshots/org/springframework/spring-jdbc/4.2.0.BUILD-SNAPSHOT/maven-metadata.xml
Downloading: https://repo.spring.io/libs-milestone/org/springframework/spring-jdbc/4.2.0.BUILD-SNAPSHOT/maven-metadata.xml
Downloading: http://repo.spring.io/libs-snapshot/org/springframework/spring-jdbc/4.2.0.BUILD-SNAPSHOT/maven-metadata.xml
         3/3 KB            Downloaded: http://repo.spring.io/libs-snapshot/org/springframework/spring-jdbc/4.2.0.BUILD-SNAPSHOT/maven-metadata.xml (3 KB at 34.1 KB/sec)
         Downloading: https://oss.sonatype.org/content/repositories/snapshots/org/springframework/spring-jdbc/4.2.0.BUILD-SNAPSHOT/spring-jdbc-4.2.0.BUILD-20150601.183604-407.pom
         Downloading: https://repository.apache.org/snapshots/org/springframework/spring-jdbc/4.2.0.BUILD-SNAPSHOT/spring-jdbc-4.2.0.BUILD-20150601.183604-407.pom
         Downloading: https://nexus.codehaus.org/snapshots/org/springframework/spring-jdbc/4.2.0.BUILD-SNAPSHOT/spring-jdbc-4.2.0.BUILD-20150601.183604-407.pom
         Downloading: https://repo.spring.io/libs-milestone/org/springframework/spring-jdbc/4.2.0.BUILD-SNAPSHOT/spring-jdbc-4.2.0.BUILD-20150601.183604-407.pom
         Downloading: http://repo.spring.io/libs-snapshot/org/springframework/spring-jdbc/4.2.0.BUILD-SNAPSHOT/spring-jdbc-4.2.0.BUILD-20150601.183604-407.pom
1/4 KB   4/4 KB            Downloaded: http://repo.spring.io/libs-snapshot/org/springframework/spring-jdbc/4.2.0.BUILD-SNAPSHOT/spring-jdbc-4.2.0.BUILD-20150601.183604-407.pom (4 KB at 58.1 KB/sec)
Downloading: https://repo.spring.io/libs-milestone/org/springframework/spring-tx/4.2.0.BUILD-SNAPSHOT/maven-metadata.xml
Downloading: http://repo.spring.io/libs-snapshot/org/springframework/spring-tx/4.2.0.BUILD-SNAPSHOT/maven-metadata.xml
Downloading: https://repository.apache.org/snapshots/org/springframework/spring-tx/4.2.0.BUILD-SNAPSHOT/maven-metadata.xml
         3/3 KB            Downloaded: http://repo.spring.io/libs-snapshot/org/springframework/spring-tx/4.2.0.BUILD-SNAPSHOT/maven-metadata.xml (3 KB at 37.9 KB/sec)
         Downloading: https://oss.sonatype.org/content/repositories/snapshots/org/springframework/spring-tx/4.2.0.BUILD-SNAPSHOT/spring-tx-4.2.0.BUILD-20150601.183604-407.pom
         Downloading: https://repository.apache.org/snapshots/org/springframework/spring-tx/4.2.0.BUILD-SNAPSHOT/spring-tx-4.2.0.BUILD-20150601.183604-407.pom
         Downloading: https://nexus.codehaus.org/snapshots/org/springframework/spring-tx/4.2.0.BUILD-SNAPSHOT/spring-tx-4.2.0.BUILD-20150601.183604-407.pom
         Downloading: https://repo.spring.io/libs-milestone/org/springframework/spring-tx/4.2.0.BUILD-SNAPSHOT/spring-tx-4.2.0.BUILD-20150601.183604-407.pom
         Downloading: http://repo.spring.io/libs-snapshot/org/springframework/spring-tx/4.2.0.BUILD-SNAPSHOT/spring-tx-4.2.0.BUILD-20150601.183604-407.pom
4/4 KB            Downloaded: http://repo.spring.io/libs-snapshot/org/springframework/spring-tx/4.2.0.BUILD-SNAPSHOT/spring-tx-4.2.0.BUILD-20150601.183604-407.pom (4 KB at 12.3 KB/sec)
Downloading: https://repository.apache.org/snapshots/org/springframework/spring-context/4.2.0.BUILD-SNAPSHOT/maven-metadata.xml
Downloading: https://repo.spring.io/libs-milestone/org/springframework/spring-context/4.2.0.BUILD-SNAPSHOT/maven-metadata.xml
Downloading: http://repo.spring.io/libs-snapshot/org/springframework/spring-context/4.2.0.BUILD-SNAPSHOT/maven-metadata.xml
         3/3 KB            Downloaded: http://repo.spring.io/libs-snapshot/org/springframework/spring-context/4.2.0.BUILD-SNAPSHOT/maven-metadata.xml (3 KB at 41.1 KB/sec)
         Downloading: https://oss.sonatype.org/content/repositories/snapshots/org/springframework/spring-context/4.2.0.BUILD-SNAPSHOT/spring-context-4.2.0.BUILD-20150601.183604-407.pom
         Downloading: https://repository.apache.org/snapshots/org/springframework/spring-context/4.2.0.BUILD-SNAPSHOT/spring-context-4.2.0.BUILD-20150601.183604-407.pom
         Downloading: https://nexus.codehaus.org/snapshots/org/springframework/spring-context/4.2.0.BUILD-SNAPSHOT/spring-context-4.2.0.BUILD-20150601.183604-407.pom
         Downloading: https://repo.spring.io/libs-milestone/org/springframework/spring-context/4.2.0.BUILD-SNAPSHOT/spring-context-4.2.0.BUILD-20150601.183604-407.pom
         Downloading: http://repo.spring.io/libs-snapshot/org/springframework/spring-context/4.2.0.BUILD-SNAPSHOT/spring-context-4.2.0.BUILD-20150601.183604-407.pom
4/5 KB   5/5 KB            Downloaded: http://repo.spring.io/libs-snapshot/org/springframework/spring-context/4.2.0.BUILD-SNAPSHOT/spring-context-4.2.0.BUILD-20150601.183604-407.pom (5 KB at 82.5 KB/sec)
Downloading: https://repository.apache.org/snapshots/org/springframework/spring-aop/4.2.0.BUILD-SNAPSHOT/maven-metadata.xml
Downloading: https://repo.spring.io/libs-milestone/org/springframework/spring-aop/4.2.0.BUILD-SNAPSHOT/maven-metadata.xml
Downloading: http://repo.spring.io/libs-snapshot/org/springframework/spring-aop/4.2.0.BUILD-SNAPSHOT/maven-metadata.xml
         1/3 KB   3/3 KB            Downloaded: http://repo.spring.io/libs-snapshot/org/springframework/spring-aop/4.2.0.BUILD-SNAPSHOT/maven-metadata.xml (3 KB at 41.0 KB/sec)
         Downloading: https://oss.sonatype.org/content/repositories/snapshots/org/springframework/spring-aop/4.2.0.BUILD-SNAPSHOT/spring-aop-4.2.0.BUILD-20150601.183604-407.pom
         Downloading: https://repository.apache.org/snapshots/org/springframework/spring-aop/4.2.0.BUILD-SNAPSHOT/spring-aop-4.2.0.BUILD-20150601.183604-407.pom
         Downloading: https://nexus.codehaus.org/snapshots/org/springframework/spring-aop/4.2.0.BUILD-SNAPSHOT/spring-aop-4.2.0.BUILD-20150601.183604-407.pom
         Downloading: https://repo.spring.io/libs-milestone/org/springframework/spring-aop/4.2.0.BUILD-SNAPSHOT/spring-aop-4.2.0.BUILD-20150601.183604-407.pom
         Downloading: http://repo.spring.io/libs-snapshot/org/springframework/spring-aop/4.2.0.BUILD-SNAPSHOT/spring-aop-4.2.0.BUILD-20150601.183604-407.pom
1/3 KB   3/3 KB            Downloaded: http://repo.spring.io/libs-snapshot/org/springframework/spring-aop/4.2.0.BUILD-SNAPSHOT/spring-aop-4.2.0.BUILD-20150601.183604-407.pom (3 KB at 48.6 KB/sec)
Downloading: https://repository.apache.org/snapshots/org/springframework/spring-expression/4.2.0.BUILD-SNAPSHOT/maven-metadata.xml
Downloading: https://repo.spring.io/libs-milestone/org/springframework/spring-expression/4.2.0.BUILD-SNAPSHOT/maven-metadata.xml
Downloading: http://repo.spring.io/libs-snapshot/org/springframework/spring-expression/4.2.0.BUILD-SNAPSHOT/maven-metadata.xml
         3/3 KB            Downloaded: http://repo.spring.io/libs-snapshot/org/springframework/spring-expression/4.2.0.BUILD-SNAPSHOT/maven-metadata.xml (3 KB at 35.4 KB/sec)
         Downloading: https://oss.sonatype.org/content/repositories/snapshots/org/springframework/spring-expression/4.2.0.BUILD-SNAPSHOT/spring-expression-4.2.0.BUILD-20150601.183604-407.pom
         Downloading: https://repository.apache.org/snapshots/org/springframework/spring-expression/4.2.0.BUILD-SNAPSHOT/spring-expression-4.2.0.BUILD-20150601.183604-407.pom
         Downloading: https://nexus.codehaus.org/snapshots/org/springframework/spring-expression/4.2.0.BUILD-SNAPSHOT/spring-expression-4.2.0.BUILD-20150601.183604-407.pom
         Downloading: https://repo.spring.io/libs-milestone/org/springframework/spring-expression/4.2.0.BUILD-SNAPSHOT/spring-expression-4.2.0.BUILD-20150601.183604-407.pom
         Downloading: http://repo.spring.io/libs-snapshot/org/springframework/spring-expression/4.2.0.BUILD-SNAPSHOT/spring-expression-4.2.0.BUILD-20150601.183604-407.pom
2/2 KB            Downloaded: http://repo.spring.io/libs-snapshot/org/springframework/spring-expression/4.2.0.BUILD-SNAPSHOT/spring-expression-4.2.0.BUILD-20150601.183604-407.pom (2 KB at 28.8 KB/sec)
Downloading: https://repository.apache.org/snapshots/org/springframework/spring-instrument/4.2.0.BUILD-SNAPSHOT/maven-metadata.xml
Downloading: https://repo.spring.io/libs-milestone/org/springframework/spring-instrument/4.2.0.BUILD-SNAPSHOT/maven-metadata.xml
Downloading: http://repo.spring.io/libs-snapshot/org/springframework/spring-instrument/4.2.0.BUILD-SNAPSHOT/maven-metadata.xml
         3/3 KB            Downloaded: http://repo.spring.io/libs-snapshot/org/springframework/spring-instrument/4.2.0.BUILD-SNAPSHOT/maven-metadata.xml (3 KB at 33.6 KB/sec)
         Downloading: https://oss.sonatype.org/content/repositories/snapshots/org/springframework/spring-instrument/4.2.0.BUILD-SNAPSHOT/spring-instrument-4.2.0.BUILD-20150601.183604-407.pom
         Downloading: https://repository.apache.org/snapshots/org/springframework/spring-instrument/4.2.0.BUILD-SNAPSHOT/spring-instrument-4.2.0.BUILD-20150601.183604-407.pom
         Downloading: https://nexus.codehaus.org/snapshots/org/springframework/spring-instrument/4.2.0.BUILD-SNAPSHOT/spring-instrument-4.2.0.BUILD-20150601.183604-407.pom
         Downloading: https://repo.spring.io/libs-milestone/org/springframework/spring-instrument/4.2.0.BUILD-SNAPSHOT/spring-instrument-4.2.0.BUILD-20150601.183604-407.pom
         Downloading: http://repo.spring.io/libs-snapshot/org/springframework/spring-instrument/4.2.0.BUILD-SNAPSHOT/spring-instrument-4.2.0.BUILD-20150601.183604-407.pom
2/2 KB            Downloaded: http://repo.spring.io/libs-snapshot/org/springframework/spring-instrument/4.2.0.BUILD-SNAPSHOT/spring-instrument-4.2.0.BUILD-20150601.183604-407.pom (2 KB at 25.2 KB/sec)
Downloading: https://repository.apache.org/snapshots/org/springframework/spring-aspects/4.2.0.BUILD-SNAPSHOT/maven-metadata.xml
Downloading: https://repo.spring.io/libs-milestone/org/springframework/spring-aspects/4.2.0.BUILD-SNAPSHOT/maven-metadata.xml
Downloading: http://repo.spring.io/libs-snapshot/org/springframework/spring-aspects/4.2.0.BUILD-SNAPSHOT/maven-metadata.xml
         1/3 KB   3/3 KB            Downloaded: http://repo.spring.io/libs-snapshot/org/springframework/spring-aspects/4.2.0.BUILD-SNAPSHOT/maven-metadata.xml (3 KB at 33.6 KB/sec)
         Downloading: https://oss.sonatype.org/content/repositories/snapshots/org/springframework/spring-aspects/4.2.0.BUILD-SNAPSHOT/spring-aspects-4.2.0.BUILD-20150601.183604-407.pom
         Downloading: https://repository.apache.org/snapshots/org/springframework/spring-aspects/4.2.0.BUILD-SNAPSHOT/spring-aspects-4.2.0.BUILD-20150601.183604-407.pom
         Downloading: https://nexus.codehaus.org/snapshots/org/springframework/spring-aspects/4.2.0.BUILD-SNAPSHOT/spring-aspects-4.2.0.BUILD-20150601.183604-407.pom
         Downloading: https://repo.spring.io/libs-milestone/org/springframework/spring-aspects/4.2.0.BUILD-SNAPSHOT/spring-aspects-4.2.0.BUILD-20150601.183604-407.pom
         Downloading: http://repo.spring.io/libs-snapshot/org/springframework/spring-aspects/4.2.0.BUILD-SNAPSHOT/spring-aspects-4.2.0.BUILD-20150601.183604-407.pom
3/4 KB   4/4 KB            Downloaded: http://repo.spring.io/libs-snapshot/org/springframework/spring-aspects/4.2.0.BUILD-SNAPSHOT/spring-aspects-4.2.0.BUILD-20150601.183604-407.pom (4 KB at 56.2 KB/sec)
Downloading: http://repo.maven.apache.org/maven2/joda-time/joda-time/2.8/joda-time-2.8.pom
4/29 KB   8/29 KB   12/29 KB   16/29 KB   19/29 KB   23/29 KB   27/29 KB   29/29 KB              Downloaded: http://repo.maven.apache.org/maven2/joda-time/joda-time/2.8/joda-time-2.8.pom (29 KB at 2157.5 KB/sec)
Downloading: http://repo.maven.apache.org/maven2/com/mysema/querydsl/querydsl-apt/3.6.4/querydsl-apt-3.6.4.pom
2/8 KB     6/8 KB   8/8 KB            Downloaded: http://repo.maven.apache.org/maven2/com/mysema/querydsl/querydsl-apt/3.6.4/querydsl-apt-3.6.4.pom (8 KB at 494.5 KB/sec)
Downloading: http://repo.maven.apache.org/maven2/com/mysema/querydsl/querydsl-root/3.6.4/querydsl-root-3.6.4.pom
4/20 KB   8/20 KB   12/20 KB   16/20 KB   20/20 KB              Downloaded: http://repo.maven.apache.org/maven2/com/mysema/querydsl/querydsl-root/3.6.4/querydsl-root-3.6.4.pom (20 KB at 1518.5 KB/sec)
Downloading: http://repo.maven.apache.org/maven2/com/mysema/querydsl/querydsl-codegen/3.6.4/querydsl-codegen-3.6.4.pom
2/3 KB     3/3 KB            Downloaded: http://repo.maven.apache.org/maven2/com/mysema/querydsl/querydsl-codegen/3.6.4/querydsl-codegen-3.6.4.pom (3 KB at 304.0 KB/sec)
Downloading: http://repo.maven.apache.org/maven2/com/mysema/querydsl/querydsl-core/3.6.4/querydsl-core-3.6.4.pom
4/5 KB   5/5 KB            Downloaded: http://repo.maven.apache.org/maven2/com/mysema/querydsl/querydsl-core/3.6.4/querydsl-core-3.6.4.pom (5 KB at 303.7 KB/sec)
Downloading: http://repo.maven.apache.org/maven2/com/mysema/codegen/codegen/0.6.6/codegen-0.6.6.pom
4/4 KB            Downloaded: http://repo.maven.apache.org/maven2/com/mysema/codegen/codegen/0.6.6/codegen-0.6.6.pom (4 KB at 444.5 KB/sec)
Downloading: http://repo.maven.apache.org/maven2/com/mysema/querydsl/querydsl-jpa/3.6.4/querydsl-jpa-3.6.4.pom
3/12 KB   7/12 KB   11/12 KB   12/12 KB              Downloaded: http://repo.maven.apache.org/maven2/com/mysema/querydsl/querydsl-jpa/3.6.4/querydsl-jpa-3.6.4.pom (12 KB at 1235.8 KB/sec)
Downloading: http://repo.maven.apache.org/maven2/org/apache/openwebbeans/test/cditest-owb/1.2.8/cditest-owb-1.2.8.pom
4/4 KB              Downloaded: http://repo.maven.apache.org/maven2/org/apache/openwebbeans/test/cditest-owb/1.2.8/cditest-owb-1.2.8.pom (4 KB at 94.3 KB/sec)
Downloading: http://repo.maven.apache.org/maven2/org/apache/openwebbeans/test/parent/1.2.8/parent-1.2.8.pom
2/2 KB            Downloaded: http://repo.maven.apache.org/maven2/org/apache/openwebbeans/test/parent/1.2.8/parent-1.2.8.pom (2 KB at 235.1 KB/sec)
Downloading: http://repo.maven.apache.org/maven2/org/apache/openwebbeans/openwebbeans/1.2.8/openwebbeans-1.2.8.pom
4/33 KB   6/33 KB   10/33 KB   14/33 KB   18/33 KB   22/33 KB   26/33 KB   30/33 KB   33/33 KB              Downloaded: http://repo.maven.apache.org/maven2/org/apache/openwebbeans/openwebbeans/1.2.8/openwebbeans-1.2.8.pom (33 KB at 3582.6 KB/sec)
Downloading: http://repo.maven.apache.org/maven2/org/apache/openwebbeans/test/cditest/1.2.8/cditest-1.2.8.pom
3/3 KB              Downloaded: http://repo.maven.apache.org/maven2/org/apache/openwebbeans/test/cditest/1.2.8/cditest-1.2.8.pom (3 KB at 267.9 KB/sec)
Downloading: http://repo.maven.apache.org/maven2/org/apache/openwebbeans/openwebbeans-spi/1.2.8/openwebbeans-spi-1.2.8.pom
3/3 KB            Downloaded: http://repo.maven.apache.org/maven2/org/apache/openwebbeans/openwebbeans-spi/1.2.8/openwebbeans-spi-1.2.8.pom (3 KB at 266.5 KB/sec)
Downloading: http://repo.maven.apache.org/maven2/org/apache/openwebbeans/openwebbeans-impl/1.2.8/openwebbeans-impl-1.2.8.pom
4/6 KB   6/6 KB            Downloaded: http://repo.maven.apache.org/maven2/org/apache/openwebbeans/openwebbeans-impl/1.2.8/openwebbeans-impl-1.2.8.pom (6 KB at 736.3 KB/sec)
Downloading: https://repository.apache.org/snapshots/org/springframework/spring-test/4.2.0.BUILD-SNAPSHOT/maven-metadata.xml
Downloading: https://repo.spring.io/libs-milestone/org/springframework/spring-test/4.2.0.BUILD-SNAPSHOT/maven-metadata.xml
Downloading: http://repo.spring.io/libs-snapshot/org/springframework/spring-test/4.2.0.BUILD-SNAPSHOT/maven-metadata.xml
         3/3 KB            Downloaded: http://repo.spring.io/libs-snapshot/org/springframework/spring-test/4.2.0.BUILD-SNAPSHOT/maven-metadata.xml (3 KB at 18.5 KB/sec)
         Downloading: https://oss.sonatype.org/content/repositories/snapshots/org/springframework/spring-test/4.2.0.BUILD-SNAPSHOT/spring-test-4.2.0.BUILD-20150601.183604-407.pom
         Downloading: https://repository.apache.org/snapshots/org/springframework/spring-test/4.2.0.BUILD-SNAPSHOT/spring-test-4.2.0.BUILD-20150601.183604-407.pom
         Downloading: https://nexus.codehaus.org/snapshots/org/springframework/spring-test/4.2.0.BUILD-SNAPSHOT/spring-test-4.2.0.BUILD-20150601.183604-407.pom
         Downloading: https://repo.spring.io/libs-milestone/org/springframework/spring-test/4.2.0.BUILD-SNAPSHOT/spring-test-4.2.0.BUILD-20150601.183604-407.pom
         Downloading: http://repo.spring.io/libs-snapshot/org/springframework/spring-test/4.2.0.BUILD-SNAPSHOT/spring-test-4.2.0.BUILD-20150601.183604-407.pom
3/7 KB   7/7 KB   7/7 KB            Downloaded: http://repo.spring.io/libs-snapshot/org/springframework/spring-test/4.2.0.BUILD-SNAPSHOT/spring-test-4.2.0.BUILD-20150601.183604-407.pom (7 KB at 118.5 KB/sec)
Downloading: http://repo.maven.apache.org/maven2/ch/qos/logback/logback-classic/1.1.3/logback-classic-1.1.3.pom
4/13 KB   8/13 KB   12/13 KB   13/13 KB              Downloaded: http://repo.maven.apache.org/maven2/ch/qos/logback/logback-classic/1.1.3/logback-classic-1.1.3.pom (13 KB at 620.7 KB/sec)
Downloading: http://repo.maven.apache.org/maven2/ch/qos/logback/logback-parent/1.1.3/logback-parent-1.1.3.pom
3/16 KB    7/16 KB   11/16 KB   15/16 KB   16/16 KB              Downloaded: http://repo.maven.apache.org/maven2/ch/qos/logback/logback-parent/1.1.3/logback-parent-1.1.3.pom (16 KB at 1716.4 KB/sec)
Downloading: http://repo.maven.apache.org/maven2/ch/qos/logback/logback-core/1.1.3/logback-core-1.1.3.pom
4/5 KB     5/5 KB            Downloaded: http://repo.maven.apache.org/maven2/ch/qos/logback/logback-core/1.1.3/logback-core-1.1.3.pom (5 KB at 314.8 KB/sec)
Downloading: http://repo.maven.apache.org/maven2/org/slf4j/slf4j-api/1.7.7/slf4j-api-1.7.7.pom
3/3 KB            Downloaded: http://repo.maven.apache.org/maven2/org/slf4j/slf4j-api/1.7.7/slf4j-api-1.7.7.pom (3 KB at 375.1 KB/sec)
Downloading: http://repo.maven.apache.org/maven2/org/slf4j/slf4j-parent/1.7.7/slf4j-parent-1.7.7.pom
4/12 KB   7/12 KB   11/12 KB   12/12 KB              Downloaded: http://repo.maven.apache.org/maven2/org/slf4j/slf4j-parent/1.7.7/slf4j-parent-1.7.7.pom (12 KB at 1453.5 KB/sec)
Downloading: http://repo.maven.apache.org/maven2/org/springframework/data/spring-data-commons/1.11.0.M1/spring-data-commons-1.11.0.M1.jar
Downloading: http://repo.maven.apache.org/maven2/joda-time/joda-time/2.8/joda-time-2.8.jar
Downloading: http://repo.maven.apache.org/maven2/com/mysema/querydsl/querydsl-codegen/3.6.4/querydsl-codegen-3.6.4.jar
           Downloading: http://repo.maven.apache.org/maven2/com/mysema/querydsl/querydsl-jpa/3.6.4/querydsl-jpa-3.6.4.jar
4/113 KB   8/113 KB   12/113 KB   14/113 KB   18/113 KB   22/113 KB   26/113 KB   30/113 KB   34/113 KB   38/113 KB   4/608 KB   42/113 KB   4/608 KB   46/113 KB   4/608 KB   50/113 KB   4/608 KB   54/113 KB   4/608 KB   58/113 KB   4/608 KB   62/113 KB   4/608 KB   66/113 KB   4/608 KB   70/113 KB   4/608 KB   74/113 KB   4/608 KB   78/113 KB   4/608 KB   82/113 KB   4/608 KB   86/113 KB   4/608 KB   90/113 KB   4/608 KB   94/113 KB   4/608 KB   98/113 KB   4/608 KB   102/113 KB   4/608 KB   106/113 KB   4/608 KB   110/113 KB   4/608 KB   113/113 KB   4/608 KB   38/113 KB   8/608 KB   113/113 KB   12/608 KB   113/113 KB   16/608 KB   113/113 KB   20/608 KB   113/113 KB   24/608 KB   113/113 KB   28/608 KB   113/113 KB   32/608 KB   113/113 KB   36/608 KB   113/113 KB   40/608 KB   113/113 KB   44/608 KB   113/113 KB   48/608 KB   113/113 KB   52/608 KB   113/113 KB   56/608 KB   113/113 KB   60/608 KB   113/113 KB   64/608 KB   113/113 KB   68/608 KB   113/113 KB   72/608 KB   113/113 KB   76/608 KB   113/113 KB   80/608 KB   113/113 KB   84/608 KB   113/113 KB   88/608 KB   113/113 KB   92/608 KB   113/113 KB   96/608 KB   113/113 KB   100/608 KB   113/113 KB   104/608 KB   113/113 KB   108/608 KB   113/113 KB   112/608 KB   113/113 KB   116/608 KB   113/113 KB   120/608 KB   113/113 KB   124/608 KB   113/113 KB   128/608 KB   113/113 KB   132/608 KB   113/113 KB   136/608 KB   113/113 KB   140/608 KB   113/113 KB   144/608 KB   113/113 KB   148/608 KB   113/113 KB   152/608 KB   113/113 KB   156/608 KB   113/113 KB   160/608 KB   113/113 KB   164/608 KB   113/113 KB   168/608 KB   113/113 KB   172/608 KB   113/113 KB   176/608 KB   113/113 KB   180/608 KB   113/113 KB   184/608 KB   113/113 KB   188/608 KB   113/113 KB   192/608 KB   113/113 KB   196/608 KB   113/113 KB   200/608 KB   113/113 KB   204/608 KB                208/608 KB   212/608 KB   216/608 KB   220/608 KB   224/608 KB   228/608 KB   232/608 KB   236/608 KB   240/608 KB   244/608 KB   248/608 KB   252/608 KB   256/608 KB   260/608 KB   264/608 KB   268/608 KB   272/608 KB                             Downloaded: http://repo.maven.apache.org/maven2/com/mysema/querydsl/querydsl-jpa/3.6.4/querydsl-jpa-3.6.4.jar (113 KB at 2164.5 KB/sec)
Downloading: http://repo.maven.apache.org/maven2/com/mysema/querydsl/querydsl-core/3.6.4/querydsl-core-3.6.4.jar
276/608 KB   280/608 KB   284/608 KB   4/72 KB   288/608 KB   4/72 KB   292/608 KB   4/72 KB   296/608 KB   4/72 KB   300/608 KB   4/72 KB   304/608 KB   4/72 KB   308/608 KB   4/72 KB   312/608 KB   4/72 KB   316/608 KB   4/72 KB   320/608 KB   4/72 KB   324/608 KB   4/72 KB   328/608 KB   4/72 KB   332/608 KB   4/72 KB   336/608 KB   4/72 KB   340/608 KB   4/72 KB   344/608 KB   4/72 KB   348/608 KB   4/72 KB   352/608 KB   4/72 KB   356/608 KB   4/72 KB   360/608 KB   4/72 KB   364/608 KB   4/72 KB   368/608 KB   4/459 KB   4/72 KB   372/608 KB   4/459 KB   4/72 KB   376/608 KB   4/459 KB   4/72 KB   380/608 KB   4/459 KB   4/72 KB   384/608 KB   4/459 KB   4/72 KB   388/608 KB   4/459 KB   4/72 KB   392/608 KB   4/459 KB   4/72 KB   396/608 KB   4/459 KB   4/72 KB   400/608 KB   4/459 KB   4/72 KB   280/608 KB   4/72 KB   400/608 KB   4/459 KB   8/72 KB   400/608 KB   4/459 KB   12/72 KB   400/608 KB   4/459 KB   16/72 KB   400/608 KB   4/459 KB   20/72 KB   400/608 KB   4/459 KB   24/72 KB   400/608 KB   4/459 KB   28/72 KB   400/608 KB   4/459 KB   32/72 KB   400/608 KB   4/459 KB   36/72 KB   400/608 KB   4/459 KB   40/72 KB   400/608 KB   4/459 KB   44/72 KB   400/608 KB   4/459 KB   48/72 KB   400/608 KB   4/459 KB   52/72 KB   400/608 KB   4/459 KB   56/72 KB   400/608 KB   4/459 KB   60/72 KB   400/608 KB   4/459 KB   64/72 KB   400/608 KB   4/459 KB   68/72 KB   400/608 KB   4/459 KB   72/72 KB   364/608 KB   4/459 KB   4/72 KB   400/608 KB   8/459 KB   72/72 KB   400/608 KB   12/459 KB   72/72 KB   400/608 KB   16/459 KB   72/72 KB   400/608 KB   20/459 KB   72/72 KB   400/608 KB   24/459 KB   72/72 KB   400/608 KB   28/459 KB   72/72 KB   400/608 KB   32/459 KB   72/72 KB   400/608 KB   36/459 KB   72/72 KB   400/608 KB   40/459 KB   72/72 KB   400/608 KB   44/459 KB   72/72 KB   400/608 KB   48/459 KB   72/72 KB   400/608 KB   52/459 KB   72/72 KB   400/608 KB   56/459 KB   72/72 KB   400/608 KB   60/459 KB   72/72 KB   400/608 KB   64/459 KB   72/72 KB   400/608 KB   68/459 KB   72/72 KB   400/608 KB   72/459 KB   72/72 KB   400/608 KB   76/459 KB   72/72 KB   400/608 KB   80/459 KB   72/72 KB   400/608 KB   84/459 KB   72/72 KB   400/608 KB   88/459 KB   72/72 KB   400/608 KB   92/459 KB   72/72 KB   400/608 KB   96/459 KB   72/72 KB   400/608 KB   100/459 KB   72/72 KB   400/608 KB   104/459 KB   72/72 KB   400/608 KB   108/459 KB   72/72 KB   400/608 KB   112/459 KB   72/72 KB   400/608 KB   116/459 KB   72/72 KB   400/608 KB   120/459 KB   72/72 KB   400/608 KB   124/459 KB   72/72 KB   400/608 KB   128/459 KB   72/72 KB   400/608 KB   132/459 KB   72/72 KB   400/608 KB   136/459 KB   72/72 KB   400/608 KB   140/459 KB   72/72 KB   400/608 KB   144/459 KB   72/72 KB   400/608 KB   148/459 KB   72/72 KB   400/608 KB   152/459 KB   72/72 KB   400/608 KB   156/459 KB   72/72 KB   400/608 KB   160/459 KB   72/72 KB   400/608 KB   164/459 KB   72/72 KB   400/608 KB   168/459 KB   72/72 KB   400/608 KB   172/459 KB   72/72 KB   400/608 KB   176/459 KB   72/72 KB   400/608 KB   180/459 KB   72/72 KB   400/608 KB   184/459 KB   72/72 KB   400/608 KB   188/459 KB   72/72 KB   400/608 KB   192/459 KB   72/72 KB   400/608 KB   196/459 KB   72/72 KB   404/608 KB   200/459 KB   404/608 KB   204/459 KB   404/608 KB   208/459 KB   404/608 KB   212/459 KB   404/608 KB   216/459 KB   404/608 KB   220/459 KB   404/608 KB   224/459 KB   404/608 KB   228/459 KB   404/608 KB   232/459 KB   404/608 KB   236/459 KB   404/608 KB   240/459 KB   404/608 KB   244/459 KB   404/608 KB   248/459 KB   404/608 KB   252/459 KB   404/608 KB   256/459 KB   404/608 KB   260/459 KB   404/608 KB   264/459 KB   404/608 KB   268/459 KB   404/608 KB   272/459 KB   404/608 KB   276/459 KB   404/608 KB   280/459 KB   404/608 KB   284/459 KB   404/608 KB   288/459 KB   404/608 KB   292/459 KB   404/608 KB   296/459 KB   404/608 KB   300/459 KB   404/608 KB   304/459 KB   404/608 KB   308/459 KB   404/608 KB   312/459 KB   404/608 KB   316/459 KB   404/608 KB   320/459 KB   404/608 KB   324/459 KB   404/608 KB   328/459 KB   404/608 KB   332/459 KB   404/608 KB   336/459 KB   404/608 KB   340/459 KB   404/608 KB   344/459 KB   404/608 KB   348/459 KB   404/608 KB   352/459 KB   404/608 KB   356/459 KB   404/608 KB   360/459 KB   404/608 KB   364/459 KB   404/608 KB   368/459 KB   404/608 KB   371/459 KB   404/608 KB   372/459 KB   404/608 KB   196/459 KB              408/608 KB   372/459 KB   412/608 KB   372/459 KB   416/608 KB   372/459 KB   420/608 KB   372/459 KB   424/608 KB   372/459 KB   428/608 KB   372/459 KB   432/608 KB   372/459 KB   436/608 KB   372/459 KB   440/608 KB   372/459 KB   444/608 KB   372/459 KB   448/608 KB   372/459 KB   452/608 KB   372/459 KB   456/608 KB   372/459 KB   460/608 KB   372/459 KB   464/608 KB   372/459 KB   468/608 KB   372/459 KB   472/608 KB   372/459 KB   476/608 KB   372/459 KB   480/608 KB   372/459 KB   484/608 KB   372/459 KB   488/608 KB   372/459 KB   492/608 KB   372/459 KB   496/608 KB   372/459 KB   500/608 KB   372/459 KB   504/608 KB   372/459 KB   508/608 KB   372/459 KB   512/608 KB   372/459 KB   516/608 KB   372/459 KB   520/608 KB   372/459 KB   524/608 KB   372/459 KB   528/608 KB   372/459 KB   532/608 KB   372/459 KB   536/608 KB   372/459 KB   540/608 KB   372/459 KB   544/608 KB   372/459 KB   548/608 KB   372/459 KB   552/608 KB   372/459 KB   556/608 KB   372/459 KB   560/608 KB   372/459 KB   564/608 KB   372/459 KB   568/608 KB   372/459 KB   572/608 KB   372/459 KB   576/608 KB   372/459 KB   580/608 KB   376/459 KB   584/608 KB   376/459 KB   588/608 KB   376/459 KB   592/608 KB   376/459 KB   596/608 KB   376/459 KB   600/608 KB   376/459 KB   604/608 KB   376/459 KB   608/608 KB   376/459 KB                                        Downloaded: http://repo.maven.apache.org/maven2/com/mysema/querydsl/querydsl-codegen/3.6.4/querydsl-codegen-3.6.4.jar (72 KB at 827.4 KB/sec)
Downloading: http://repo.maven.apache.org/maven2/org/apache/openwebbeans/test/cditest-owb/1.2.8/cditest-owb-1.2.8.jar
576/608 KB   376/459 KB   Downloading: http://repo.maven.apache.org/maven2/com/mysema/querydsl/querydsl-apt/3.6.4/querydsl-apt-3.6.4.jar
608/608 KB   380/459 KB   608/608 KB   384/459 KB   608/608 KB   388/459 KB   Downloading: http://repo.maven.apache.org/maven2/com/mysema/codegen/codegen/0.6.6/codegen-0.6.6.jar
608/608 KB   392/459 KB   608/608 KB   4/16 KB   396/459 KB   608/608 KB   4/16 KB   400/459 KB   608/608 KB   4/16 KB   404/459 KB   608/608 KB   4/16 KB   408/459 KB   608/608 KB   4/16 KB   412/459 KB   608/608 KB   4/16 KB   416/459 KB   608/608 KB   4/16 KB   420/459 KB   608/608 KB   4/16 KB   424/459 KB   608/608 KB   4/16 KB   428/459 KB   608/608 KB   4/16 KB   432/459 KB   608/608 KB   4/16 KB   436/459 KB   608/608 KB   4/16 KB   440/459 KB   608/608 KB   4/16 KB   444/459 KB   608/608 KB   4/16 KB   448/459 KB   608/608 KB   4/16 KB   452/459 KB   608/608 KB   4/16 KB   456/459 KB   608/608 KB   4/16 KB   459/459 KB   608/608 KB   4/16 KB   459/459 KB   4/66 KB   608/608 KB   4/16 KB   459/459 KB   8/66 KB   608/608 KB   4/16 KB   459/459 KB   12/66 KB   608/608 KB   4/16 KB   459/459 KB   14/66 KB   608/608 KB   4/16 KB   459/459 KB   4/72 KB   14/66 KB   608/608 KB   4/16 KB   459/459 KB   8/72 KB   14/66 KB   608/608 KB   4/16 KB   459/459 KB   8/72 KB   17/66 KB   608/608 KB   4/16 KB   459/459 KB   12/72 KB   17/66 KB   608/608 KB   4/16 KB   459/459 KB   14/72 KB   21/66 KB   608/608 KB   4/16 KB   459/459 KB   18/72 KB   21/66 KB   608/608 KB   4/16 KB   459/459 KB   22/72 KB   21/66 KB   608/608 KB   4/16 KB   459/459 KB   26/72 KB   21/66 KB   608/608 KB   4/16 KB   459/459 KB   30/72 KB   21/66 KB   608/608 KB   4/16 KB   459/459 KB   34/72 KB   21/66 KB   608/608 KB   4/16 KB   459/459 KB   38/72 KB   21/66 KB   608/608 KB   4/16 KB   459/459 KB   42/72 KB   21/66 KB   608/608 KB   4/16 KB   459/459 KB   43/72 KB   21/66 KB   608/608 KB   4/16 KB   459/459 KB   47/72 KB   21/66 KB   608/608 KB   4/16 KB   459/459 KB   50/72 KB   21/66 KB   608/608 KB   4/16 KB   459/459 KB   54/72 KB   21/66 KB   608/608 KB   4/16 KB   459/459 KB   58/72 KB   21/66 KB   608/608 KB   4/16 KB   459/459 KB   62/72 KB   21/66 KB   608/608 KB   4/16 KB   459/459 KB   66/72 KB   21/66 KB   608/608 KB   4/16 KB   459/459 KB   70/72 KB   21/66 KB   608/608 KB   4/16 KB   459/459 KB   72/72 KB   21/66 KB   608/608 KB   4/16 KB   392/459 KB   8/16 KB   72/72 KB   21/66 KB                             12/16 KB   72/72 KB   21/66 KB   16/16 KB   72/72 KB   21/66 KB                                                             Downloaded: http://repo.maven.apache.org/maven2/joda-time/joda-time/2.8/joda-time-2.8.jar (608 KB at 4744.9 KB/sec)
Downloading: http://repo.maven.apache.org/maven2/org/apache/openwebbeans/test/cditest/1.2.8/cditest-1.2.8.jar
                                                          608/608 KB   4/16 KB   459/459 KB   12/72 KB   21/66 KB   16/16 KB   72/72 KB   25/66 KB   16/16 KB   72/72 KB   29/66 KB   16/16 KB   72/72 KB   33/66 KB   16/16 KB   72/72 KB   37/66 KB   16/16 KB   72/72 KB   41/66 KB   16/16 KB   72/72 KB   45/66 KB   16/16 KB   72/72 KB   49/66 KB   16/16 KB   72/72 KB   53/66 KB   16/16 KB   72/72 KB   57/66 KB   16/16 KB   72/72 KB   61/66 KB   16/16 KB   72/72 KB   65/66 KB   16/16 KB   72/72 KB   66/66 KB   Downloaded: http://repo.maven.apache.org/maven2/com/mysema/querydsl/querydsl-core/3.6.4/querydsl-core-3.6.4.jar (459 KB at 4362.2 KB/sec)
Downloading: http://repo.maven.apache.org/maven2/org/apache/openwebbeans/openwebbeans-spi/1.2.8/openwebbeans-spi-1.2.8.jar
                                 Downloaded: http://repo.maven.apache.org/maven2/com/mysema/codegen/codegen/0.6.6/codegen-0.6.6.jar (72 KB at 670.5 KB/sec)
Downloading: http://repo.maven.apache.org/maven2/org/apache/openwebbeans/openwebbeans-impl/1.2.8/openwebbeans-impl-1.2.8.jar
                                 Downloaded: http://repo.maven.apache.org/maven2/org/apache/openwebbeans/test/cditest-owb/1.2.8/cditest-owb-1.2.8.jar (16 KB at 140.1 KB/sec)
Downloading: http://repo.maven.apache.org/maven2/org/slf4j/slf4j-api/1.7.12/slf4j-api-1.7.12.jar
                                 Downloaded: http://repo.maven.apache.org/maven2/com/mysema/querydsl/querydsl-apt/3.6.4/querydsl-apt-3.6.4.jar (66 KB at 523.3 KB/sec)
Downloading: http://repo.maven.apache.org/maven2/org/slf4j/jcl-over-slf4j/1.7.12/jcl-over-slf4j-1.7.12.jar
4/10 KB                          8/10 KB   10/10 KB   10/10 KB   4/17 KB   10/10 KB   8/17 KB   10/10 KB   12/17 KB   10/10 KB   16/17 KB   10/10 KB   17/17 KB   10/10 KB   4/32 KB   17/17 KB   10/10 KB   8/32 KB   17/17 KB   10/10 KB   12/32 KB   17/17 KB   10/10 KB   16/32 KB   17/17 KB   10/10 KB   20/32 KB   17/17 KB   10/10 KB   24/32 KB   17/17 KB   10/10 KB   28/32 KB   17/17 KB   10/10 KB   32/32 KB   17/17 KB                                    Downloaded: http://repo.maven.apache.org/maven2/org/apache/openwebbeans/test/cditest/1.2.8/cditest-1.2.8.jar (10 KB at 77.9 KB/sec)
Downloading: http://repo.maven.apache.org/maven2/ch/qos/logback/logback-classic/1.1.3/logback-classic-1.1.3.jar
32/32 KB   4/20 KB   17/17 KB    4/552 KB   32/32 KB   8/20 KB   17/17 KB   4/552 KB   32/32 KB   12/20 KB   17/17 KB   4/552 KB   32/32 KB   16/20 KB   17/17 KB                                               Downloaded: http://repo.maven.apache.org/maven2/org/slf4j/jcl-over-slf4j/1.7.12/jcl-over-slf4j-1.7.12.jar (17 KB at 154.6 KB/sec)
Downloading: http://repo.maven.apache.org/maven2/ch/qos/logback/logback-core/1.1.3/logback-core-1.1.3.jar
                                 Downloaded: http://repo.maven.apache.org/maven2/org/slf4j/slf4j-api/1.7.12/slf4j-api-1.7.12.jar (32 KB at 255.1 KB/sec)
4/552 KB   32/32 KB   4/20 KB   17/17 KB   8/552 KB   4/275 KB   20/20 KB   12/552 KB   4/275 KB   20/20 KB   16/552 KB   4/275 KB   20/20 KB   20/552 KB   4/275 KB   20/20 KB   24/552 KB   4/275 KB   20/20 KB   28/552 KB   4/275 KB   20/20 KB   32/552 KB   4/275 KB   20/20 KB   36/552 KB   4/275 KB   20/20 KB   40/552 KB   4/275 KB   20/20 KB   44/552 KB   4/275 KB   20/20 KB   48/552 KB   4/275 KB   20/20 KB   52/552 KB   4/275 KB   20/20 KB   56/552 KB   4/275 KB   20/20 KB   60/552 KB   4/275 KB   20/20 KB   64/552 KB   4/275 KB   20/20 KB   68/552 KB   4/275 KB   20/20 KB   72/552 KB   4/275 KB   20/20 KB   76/552 KB   4/275 KB   20/20 KB   80/552 KB   4/275 KB   20/20 KB   84/552 KB   4/275 KB   20/20 KB   88/552 KB   4/275 KB   20/20 KB   92/552 KB   4/275 KB   20/20 KB   96/552 KB   4/275 KB   20/20 KB   100/552 KB   4/275 KB   20/20 KB   104/552 KB   4/275 KB   20/20 KB   108/552 KB   4/275 KB   20/20 KB   112/552 KB   4/275 KB   20/20 KB   116/552 KB   4/275 KB   20/20 KB   120/552 KB   4/275 KB   20/20 KB   124/552 KB   4/275 KB   20/20 KB   128/552 KB   4/275 KB   20/20 KB   132/552 KB   4/275 KB   20/20 KB   136/552 KB   4/275 KB   20/20 KB   140/552 KB   4/275 KB   20/20 KB   144/552 KB   4/275 KB   20/20 KB   148/552 KB   4/275 KB   20/20 KB   152/552 KB   4/275 KB   20/20 KB   156/552 KB   4/275 KB   20/20 KB   160/552 KB   4/275 KB   20/20 KB   164/552 KB   4/275 KB   20/20 KB   168/552 KB   4/275 KB   20/20 KB   172/552 KB   4/275 KB   20/20 KB   176/552 KB   4/275 KB   20/20 KB   180/552 KB   4/275 KB   20/20 KB   184/552 KB   4/275 KB   20/20 KB   188/552 KB   4/275 KB   20/20 KB   192/552 KB   4/275 KB   20/20 KB   196/552 KB   4/275 KB   20/20 KB   200/552 KB   4/275 KB   20/20 KB   204/552 KB   4/275 KB   20/20 KB   208/552 KB   4/275 KB   20/20 KB   212/552 KB   4/275 KB   20/20 KB   216/552 KB   4/275 KB   20/20 KB   220/552 KB   4/275 KB   20/20 KB   224/552 KB   4/275 KB   20/20 KB   228/552 KB   4/275 KB   20/20 KB   232/552 KB   4/275 KB   20/20 KB   236/552 KB   4/275 KB   20/20 KB   240/552 KB   4/275 KB   20/20 KB   4/552 KB   4/275 KB   20/20 KB   240/552 KB   8/275 KB   20/20 KB   240/552 KB   12/275 KB   20/20 KB   240/552 KB   16/275 KB   20/20 KB   240/552 KB   20/275 KB   20/20 KB   240/552 KB   24/275 KB   20/20 KB   240/552 KB   28/275 KB   20/20 KB   240/552 KB   32/275 KB   20/20 KB   240/552 KB   36/275 KB   20/20 KB   240/552 KB   40/275 KB   20/20 KB   240/552 KB   44/275 KB   20/20 KB   240/552 KB   48/275 KB   20/20 KB   240/552 KB   52/275 KB   20/20 KB   240/552 KB   56/275 KB   20/20 KB   240/552 KB   60/275 KB   20/20 KB   240/552 KB   64/275 KB   20/20 KB   240/552 KB   65/275 KB   20/20 KB   4/552 KB   32/32 KB   20/20 KB              240/552 KB   69/275 KB   20/20 KB   240/552 KB   73/275 KB   20/20 KB   240/552 KB   77/275 KB   20/20 KB   240/552 KB   81/275 KB   20/20 KB   240/552 KB   85/275 KB   20/20 KB   240/552 KB   89/275 KB   20/20 KB   240/552 KB   93/275 KB   20/20 KB   240/552 KB   97/275 KB   20/20 KB   240/552 KB   98/275 KB   20/20 KB   244/552 KB   98/275 KB   20/20 KB   248/552 KB   98/275 KB   20/20 KB   252/552 KB   98/275 KB   20/20 KB   256/552 KB   98/275 KB   20/20 KB   260/552 KB   98/275 KB   20/20 KB   264/552 KB   98/275 KB   20/20 KB   268/552 KB   98/275 KB   20/20 KB   272/552 KB   98/275 KB   20/20 KB   276/552 KB   98/275 KB   20/20 KB   280/552 KB   98/275 KB   20/20 KB   280/552 KB   101/275 KB   20/20 KB   284/552 KB   101/275 KB   20/20 KB   288/552 KB   101/275 KB   20/20 KB   288/552 KB   105/275 KB   20/20 KB   292/552 KB   105/275 KB   20/20 KB   296/552 KB   105/275 KB   20/20 KB   296/552 KB   109/275 KB   20/20 KB   300/552 KB   109/275 KB   20/20 KB   300/552 KB   113/275 KB   20/20 KB   304/552 KB   113/275 KB   20/20 KB   304/552 KB   117/275 KB   20/20 KB   308/552 KB   117/275 KB   20/20 KB   308/552 KB   121/275 KB   20/20 KB   312/552 KB   121/275 KB   20/20 KB   312/552 KB   125/275 KB   20/20 KB   316/552 KB   125/275 KB   20/20 KB   316/552 KB   129/275 KB   20/20 KB   320/552 KB   129/275 KB   20/20 KB   320/552 KB   130/275 KB   20/20 KB   324/552 KB   130/275 KB   20/20 KB   328/552 KB   130/275 KB   20/20 KB   332/552 KB   130/275 KB   20/20 KB   336/552 KB   130/275 KB   20/20 KB   340/552 KB   130/275 KB   20/20 KB   340/552 KB   133/275 KB   20/20 KB   344/552 KB   133/275 KB   20/20 KB                                        348/552 KB   137/275 KB              Downloaded: http://repo.maven.apache.org/maven2/org/apache/openwebbeans/openwebbeans-spi/1.2.8/openwebbeans-spi-1.2.8.jar (20 KB at 146.7 KB/sec)
352/552 KB   137/275 KB   344/552 KB   137/275 KB   20/20 KB   356/552 KB   137/275 KB   356/552 KB   141/275 KB   356/552 KB   145/275 KB   360/552 KB   145/275 KB   360/552 KB   149/275 KB   360/552 KB   153/275 KB   364/552 KB   153/275 KB   364/552 KB   157/275 KB   364/552 KB   160/275 KB   368/552 KB   160/275 KB   372/552 KB   160/275 KB   372/552 KB   163/275 KB   376/552 KB   163/275 KB   376/552 KB   166/275 KB   380/552 KB   166/275 KB   384/552 KB   166/275 KB   384/552 KB   170/275 KB   388/552 KB   170/275 KB   388/552 KB   174/275 KB   388/552 KB   178/275 KB   392/552 KB   178/275 KB   392/552 KB   182/275 KB   392/552 KB   186/275 KB   396/552 KB   186/275 KB   396/552 KB   190/275 KB   396/552 KB   194/275 KB   400/552 KB   194/275 KB   400/552 KB   195/275 KB   404/552 KB   195/275 KB   408/552 KB   195/275 KB   412/552 KB   195/275 KB   412/552 KB   197/275 KB   416/552 KB   197/275 KB   420/552 KB   197/275 KB   420/552 KB   201/275 KB   420/552 KB   201/275 KB   424/552 KB   201/275 KB   424/552 KB   205/275 KB   428/552 KB   209/275 KB   428/552 KB   209/275 KB   428/552 KB   213/275 KB   428/552 KB   217/275 KB   432/552 KB   217/275 KB   432/552 KB   221/275 KB   436/552 KB   221/275 KB   436/552 KB   225/275 KB   436/552 KB   229/275 KB   440/552 KB   229/275 KB   440/552 KB   231/275 KB   444/552 KB   231/275 KB   448/552 KB   231/275 KB   448/552 KB   232/275 KB   452/552 KB   232/275 KB   456/552 KB   232/275 KB   456/552 KB   236/275 KB   456/552 KB   236/275 KB   460/552 KB   236/275 KB   460/552 KB   240/275 KB   464/552 KB   240/275 KB   464/552 KB   244/275 KB   468/552 KB   244/275 KB   468/552 KB   248/275 KB   472/552 KB   248/275 KB   472/552 KB   252/275 KB   472/552 KB   256/275 KB   476/552 KB   256/275 KB   476/552 KB   260/275 KB   476/552 KB   264/275 KB   480/552 KB   264/275 KB   480/552 KB   266/275 KB   484/552 KB   266/275 KB   484/552 KB   267/275 KB   488/552 KB   267/275 KB   492/552 KB   267/275 KB   492/552 KB   270/275 KB   492/552 KB   272/275 KB   492/552 KB   275/275 KB   492/552 KB   275/275 KB   4/445 KB   492/552 KB   275/275 KB   7/445 KB   492/552 KB   275/275 KB   11/445 KB   492/552 KB   275/275 KB   15/445 KB   492/552 KB   275/275 KB   19/445 KB   492/552 KB   275/275 KB   23/445 KB   492/552 KB   275/275 KB   27/445 KB   492/552 KB   275/275 KB   31/445 KB   492/552 KB   275/275 KB   31/445 KB   496/552 KB   275/275 KB   31/445 KB   496/552 KB   275/275 KB   35/445 KB   500/552 KB   275/275 KB   35/445 KB   500/552 KB   275/275 KB   39/445 KB   500/552 KB   275/275 KB   43/445 KB   504/552 KB   275/275 KB   43/445 KB                                         504/552 KB   275/275 KB   47/445 KB   504/552 KB   51/445 KB                508/552 KB   51/445 KB   508/552 KB   55/445 KB   Downloaded: http://repo.maven.apache.org/maven2/ch/qos/logback/logback-classic/1.1.3/logback-classic-1.1.3.jar (275 KB at 2078.4 KB/sec)
508/552 KB   59/445 KB   508/552 KB   63/445 KB   508/552 KB   67/445 KB   508/552 KB   71/445 KB   508/552 KB   75/445 KB   508/552 KB   79/445 KB   508/552 KB   83/445 KB   508/552 KB   87/445 KB   508/552 KB   91/445 KB   508/552 KB   95/445 KB   508/552 KB   99/445 KB   508/552 KB   102/445 KB   512/552 KB   102/445 KB   516/552 KB   102/445 KB   520/552 KB   102/445 KB   524/552 KB   102/445 KB   524/552 KB   106/445 KB   524/552 KB   109/445 KB   524/552 KB   113/445 KB   524/552 KB   117/445 KB   524/552 KB   121/445 KB   524/552 KB   125/445 KB   524/552 KB   129/445 KB   524/552 KB   133/445 KB   524/552 KB   134/445 KB   528/552 KB   134/445 KB   532/552 KB   134/445 KB   536/552 KB   134/445 KB   540/552 KB   134/445 KB   544/552 KB   134/445 KB   548/552 KB   134/445 KB   552/552 KB   134/445 KB   552/552 KB   134/445 KB   552/552 KB   138/445 KB   552/552 KB   142/445 KB   552/552 KB   144/445 KB   552/552 KB   148/445 KB   552/552 KB   152/445 KB   552/552 KB   156/445 KB   552/552 KB   160/445 KB   552/552 KB   164/445 KB   552/552 KB   168/445 KB   552/552 KB   168/445 KB   552/552 KB   172/445 KB   552/552 KB   175/445 KB   552/552 KB   178/445 KB   552/552 KB   182/445 KB   552/552 KB   186/445 KB   552/552 KB   190/445 KB   552/552 KB   194/445 KB   552/552 KB   198/445 KB   552/552 KB   202/445 KB   552/552 KB   206/445 KB   552/552 KB   207/445 KB   552/552 KB   211/445 KB   552/552 KB   212/445 KB   552/552 KB   214/445 KB   552/552 KB   215/445 KB   552/552 KB   219/445 KB   552/552 KB   223/445 KB   552/552 KB   227/445 KB   552/552 KB   231/445 KB   552/552 KB   235/445 KB   552/552 KB   239/445 KB   552/552 KB   243/445 KB   552/552 KB   246/445 KB   552/552 KB   250/445 KB   552/552 KB   254/445 KB   552/552 KB   255/445 KB   552/552 KB   257/445 KB   552/552 KB   261/445 KB   552/552 KB   265/445 KB   552/552 KB   269/445 KB   552/552 KB   273/445 KB   552/552 KB   277/445 KB   552/552 KB   281/445 KB   552/552 KB   285/445 KB   552/552 KB   289/445 KB   552/552 KB   293/445 KB   552/552 KB   294/445 KB   552/552 KB   297/445 KB                             300/445 KB                Downloaded: http://repo.maven.apache.org/maven2/org/apache/openwebbeans/openwebbeans-impl/1.2.8/openwebbeans-impl-1.2.8.jar (552 KB at 3515.1 KB/sec)
304/445 KB   308/445 KB   312/445 KB   316/445 KB   320/445 KB   324/445 KB   328/445 KB   332/445 KB   332/445 KB   336/445 KB   338/445 KB   342/445 KB   342/445 KB   345/445 KB   349/445 KB   349/445 KB   353/445 KB   354/445 KB   358/445 KB   362/445 KB   366/445 KB   370/445 KB   374/445 KB   378/445 KB   382/445 KB   386/445 KB   388/445 KB   390/445 KB   392/445 KB   396/445 KB   400/445 KB   400/445 KB   404/445 KB   408/445 KB   412/445 KB   416/445 KB   420/445 KB   424/445 KB   428/445 KB   432/445 KB   436/445 KB   437/445 KB   440/445 KB   444/445 KB   445/445 KB                Downloaded: http://repo.maven.apache.org/maven2/ch/qos/logback/logback-core/1.1.3/logback-core-1.1.3.jar (445 KB at 3023.0 KB/sec)
Downloading: https://oss.sonatype.org/content/repositories/releases/org/springframework/data/spring-data-commons/1.11.0.M1/spring-data-commons-1.11.0.M1.jar
             Downloading: https://repository.apache.org/releases/org/springframework/data/spring-data-commons/1.11.0.M1/spring-data-commons-1.11.0.M1.jar
             Downloading: https://repo.spring.io/libs-milestone/org/springframework/data/spring-data-commons/1.11.0.M1/spring-data-commons-1.11.0.M1.jar
4/581 KB     8/581 KB   12/581 KB   14/581 KB   18/581 KB   20/581 KB   24/581 KB   28/581 KB   32/581 KB   36/581 KB   40/581 KB   42/581 KB   46/581 KB   50/581 KB   54/581 KB   58/581 KB   62/581 KB   66/581 KB   70/581 KB   71/581 KB   75/581 KB   79/581 KB   83/581 KB   87/581 KB   91/581 KB   92/581 KB   96/581 KB   99/581 KB   103/581 KB   107/581 KB   111/581 KB   115/581 KB   119/581 KB   122/581 KB   126/581 KB   130/581 KB   134/581 KB   138/581 KB   142/581 KB   146/581 KB   150/581 KB   154/581 KB   158/581 KB   162/581 KB   166/581 KB   170/581 KB   174/581 KB   178/581 KB   182/581 KB   186/581 KB   190/581 KB   194/581 KB   198/581 KB   202/581 KB   206/581 KB   210/581 KB   214/581 KB   218/581 KB   222/581 KB   226/581 KB   230/581 KB   234/581 KB   238/581 KB   242/581 KB   246/581 KB   250/581 KB   254/581 KB   258/581 KB   262/581 KB   266/581 KB   270/581 KB   274/581 KB   278/581 KB   282/581 KB   286/581 KB   290/581 KB   294/581 KB   298/581 KB   302/581 KB   306/581 KB   310/581 KB   314/581 KB   318/581 KB   322/581 KB   326/581 KB   330/581 KB   334/581 KB   338/581 KB   342/581 KB   346/581 KB   350/581 KB   354/581 KB   358/581 KB   362/581 KB   366/581 KB   370/581 KB   374/581 KB   378/581 KB   382/581 KB   386/581 KB   390/581 KB   394/581 KB   398/581 KB   402/581 KB   406/581 KB   410/581 KB   414/581 KB   418/581 KB   422/581 KB   426/581 KB   430/581 KB   434/581 KB   438/581 KB   442/581 KB   446/581 KB   450/581 KB   454/581 KB   458/581 KB   462/581 KB   466/581 KB   470/581 KB   474/581 KB   478/581 KB   482/581 KB   486/581 KB   490/581 KB   494/581 KB   498/581 KB   502/581 KB   506/581 KB   510/581 KB   514/581 KB   518/581 KB   522/581 KB   526/581 KB   530/581 KB   534/581 KB   538/581 KB   542/581 KB   546/581 KB   550/581 KB   554/581 KB   558/581 KB   562/581 KB   566/581 KB   570/581 KB   574/581 KB   578/581 KB   581/581 KB                Downloaded: https://repo.spring.io/libs-milestone/org/springframework/data/spring-data-commons/1.11.0.M1/spring-data-commons-1.11.0.M1.jar (581 KB at 2675.8 KB/sec)
Downloading: http://repo.spring.io/libs-snapshot/org/springframework/spring-orm/4.2.0.BUILD-SNAPSHOT/spring-orm-4.2.0.BUILD-20150601.183604-407.jar
Downloading: http://repo.spring.io/libs-snapshot/org/springframework/spring-jdbc/4.2.0.BUILD-SNAPSHOT/spring-jdbc-4.2.0.BUILD-20150601.183604-407.jar
Downloading: http://repo.spring.io/libs-snapshot/org/springframework/spring-context/4.2.0.BUILD-SNAPSHOT/spring-context-4.2.0.BUILD-20150601.183604-407.jar
Downloading: http://repo.spring.io/libs-snapshot/org/springframework/spring-expression/4.2.0.BUILD-SNAPSHOT/spring-expression-4.2.0.BUILD-20150601.183604-407.jar
Downloading: http://repo.spring.io/libs-snapshot/org/springframework/spring-aop/4.2.0.BUILD-SNAPSHOT/spring-aop-4.2.0.BUILD-20150601.183604-407.jar
1/412 KB     5/412 KB   9/412 KB   13/412 KB   1/455 KB   13/412 KB   5/455 KB   13/412 KB   9/455 KB   13/412 KB   13/455 KB   13/412 KB   17/455 KB   13/412 KB   21/455 KB   13/412 KB   25/455 KB   13/412 KB   25/455 KB   17/412 KB   29/455 KB   17/412 KB   33/455 KB   17/412 KB   33/455 KB   21/412 KB   37/455 KB   21/412 KB   37/455 KB   25/412 KB   41/455 KB   25/412 KB   41/455 KB   29/412 KB   45/455 KB   29/412 KB   45/455 KB   33/412 KB   49/455 KB   33/412 KB   49/455 KB   37/412 KB   53/455 KB   37/412 KB   53/455 KB   41/412 KB   57/455 KB   41/412 KB   57/455 KB   45/412 KB   61/455 KB   45/412 KB   61/455 KB   49/412 KB   65/455 KB   49/412 KB   65/455 KB   49/412 KB   69/455 KB   49/412 KB   73/455 KB   49/412 KB   74/455 KB   49/412 KB   76/455 KB   49/412 KB   80/455 KB   49/412 KB   80/455 KB   53/412 KB   81/455 KB   53/412 KB   81/455 KB   57/412 KB   85/455 KB   57/412 KB   86/455 KB   57/412 KB   86/455 KB   61/412 KB   86/455 KB   64/412 KB   88/455 KB   64/412 KB   88/455 KB   68/412 KB   88/455 KB   72/412 KB   88/455 KB   76/412 KB   89/455 KB   76/412 KB   89/455 KB   76/412 KB   93/455 KB   76/412 KB   97/455 KB   76/412 KB   101/455 KB   76/412 KB   105/455 KB   76/412 KB   107/455 KB   76/412 KB   109/455 KB   76/412 KB   4/354 KB   109/455 KB   76/412 KB   4/354 KB   113/455 KB   76/412 KB   4/354 KB   117/455 KB   76/412 KB   4/354 KB   121/455 KB   76/412 KB   4/354 KB   122/455 KB   76/412 KB   6/354 KB   122/455 KB   76/412 KB   10/354 KB   122/455 KB   76/412 KB   14/354 KB   122/455 KB   76/412 KB   14/354 KB   122/455 KB   76/412 KB   14/354 KB   123/455 KB   76/412 KB   18/354 KB   123/455 KB   76/412 KB   18/354 KB   123/455 KB   76/412 KB   18/354 KB   126/455 KB   76/412 KB   18/354 KB   127/455 KB   76/412 KB   18/354 KB   131/455 KB   76/412 KB   18/354 KB   133/455 KB   76/412 KB   18/354 KB   137/455 KB   76/412 KB   18/354 KB   141/455 KB   76/412 KB   18/354 KB   145/455 KB   76/412 KB   18/354 KB   147/455 KB   76/412 KB   18/354 KB   151/455 KB   76/412 KB   18/354 KB   155/455 KB   76/412 KB   18/354 KB   159/455 KB   76/412 KB   18/354 KB   160/455 KB   76/412 KB   22/354 KB   160/455 KB   76/412 KB   26/354 KB   160/455 KB   76/412 KB   30/354 KB   160/455 KB   76/412 KB   34/354 KB   160/455 KB   76/412 KB   38/354 KB   160/455 KB   76/412 KB   38/354 KB   161/455 KB   76/412 KB   42/354 KB   161/455 KB   76/412 KB   42/354 KB   161/455 KB   76/412 KB   45/354 KB   161/455 KB   76/412 KB   48/354 KB   161/455 KB   76/412 KB   48/354 KB   164/455 KB   76/412 KB   48/354 KB   168/455 KB   76/412 KB   48/354 KB   172/455 KB   76/412 KB   48/354 KB   176/455 KB   76/412 KB   48/354 KB   180/455 KB   76/412 KB   48/354 KB   182/455 KB   76/412 KB   48/354 KB   186/455 KB   76/412 KB   48/354 KB   190/455 KB   76/412 KB   48/354 KB   194/455 KB   76/412 KB   48/354 KB   198/455 KB   76/412 KB   48/354 KB   202/455 KB   76/412 KB   52/354 KB   202/455 KB   76/412 KB   56/354 KB   202/455 KB   76/412 KB   60/354 KB   202/455 KB   76/412 KB   64/354 KB   202/455 KB   76/412 KB   68/354 KB   202/455 KB   76/412 KB   72/354 KB   202/455 KB   76/412 KB   76/354 KB   202/455 KB   76/412 KB   76/354 KB   205/455 KB   80/412 KB   76/354 KB   205/455 KB   76/412 KB   80/354 KB   205/455 KB   80/412 KB   80/354 KB   205/455 KB   84/412 KB   81/354 KB   205/455 KB   84/412 KB   81/354 KB   205/455 KB   88/412 KB   81/354 KB   205/455 KB   92/412 KB   81/354 KB   205/455 KB   96/412 KB   81/354 KB   205/455 KB   100/412 KB   81/354 KB   205/455 KB   104/412 KB   81/354 KB   205/455 KB   107/412 KB   81/354 KB   206/455 KB   107/412 KB   81/354 KB   210/455 KB   107/412 KB   81/354 KB   214/455 KB   107/412 KB   81/354 KB   218/455 KB   107/412 KB   81/354 KB   222/455 KB   107/412 KB   81/354 KB   225/455 KB   107/412 KB   82/354 KB   225/455 KB   107/412 KB   86/354 KB   225/455 KB   107/412 KB   90/354 KB   225/455 KB   107/412 KB   90/354 KB   229/455 KB   107/412 KB   90/354 KB   233/455 KB   107/412 KB   90/354 KB   237/455 KB   107/412 KB   90/354 KB   241/455 KB   107/412 KB   90/354 KB   245/455 KB   107/412 KB   94/354 KB   245/455 KB   107/412 KB   98/354 KB   245/455 KB   107/412 KB   98/354 KB   245/455 KB   111/412 KB   102/354 KB   245/455 KB   111/412 KB   106/354 KB   245/455 KB   111/412 KB   106/354 KB   245/455 KB   115/412 KB   106/354 KB   247/455 KB   115/412 KB   110/354 KB   247/455 KB   115/412 KB   110/354 KB   247/455 KB   119/412 KB   114/354 KB   247/455 KB   119/412 KB   116/354 KB   247/455 KB   123/412 KB   116/354 KB   251/455 KB   123/412 KB   116/354 KB   255/455 KB   123/412 KB   116/354 KB   259/455 KB   123/412 KB   116/354 KB   263/455 KB   123/412 KB   116/354 KB   267/455 KB   123/412 KB   116/354 KB   247/455 KB   123/412 KB   116/354 KB   271/455 KB   123/412 KB   116/354 KB   271/455 KB   123/412 KB   116/354 KB   271/455 KB   127/412 KB   119/354 KB   271/455 KB   131/412 KB   119/354 KB   271/455 KB   127/412 KB   119/354 KB   275/455 KB   131/412 KB   119/354 KB   275/455 KB   135/412 KB   119/354 KB   279/455 KB   135/412 KB   119/354 KB   279/455 KB   136/412 KB   119/354 KB   283/455 KB   136/412 KB   119/354 KB   287/455 KB   136/412 KB   123/354 KB   287/455 KB   136/412 KB   127/354 KB   287/455 KB   136/412 KB   131/354 KB   287/455 KB   136/412 KB   135/354 KB   287/455 KB   136/412 KB   139/354 KB   287/455 KB   136/412 KB   141/354 KB   287/455 KB   136/412 KB   141/354 KB   4/1056 KB   287/455 KB   136/412 KB   141/354 KB   8/1056 KB   287/455 KB   136/412 KB   141/354 KB   12/1056 KB   287/455 KB   136/412 KB   145/354 KB   12/1056 KB   287/455 KB   136/412 KB   145/354 KB   14/1056 KB   291/455 KB   140/412 KB   145/354 KB   14/1056 KB   293/455 KB   140/412 KB   145/354 KB   14/1056 KB   291/455 KB   140/412 KB   149/354 KB   14/1056 KB   293/455 KB   140/412 KB   145/354 KB   14/1056 KB   287/455 KB   136/412 KB   149/354 KB   14/1056 KB   293/455 KB   144/412 KB   150/354 KB   14/1056 KB   293/455 KB   144/412 KB   150/354 KB   14/1056 KB   294/455 KB   148/412 KB   150/354 KB   14/1056 KB   293/455 KB   148/412 KB   153/354 KB   14/1056 KB   294/455 KB   148/412 KB   153/354 KB   14/1056 KB   298/455 KB   152/412 KB   153/354 KB   14/1056 KB   302/455 KB   152/412 KB   153/354 KB   14/1056 KB   306/455 KB   152/412 KB   156/354 KB   14/1056 KB   306/455 KB   152/412 KB   153/354 KB   14/1056 KB   294/455 KB   152/412 KB   156/354 KB   14/1056 KB   310/455 KB   156/412 KB   156/354 KB   14/1056 KB   310/455 KB   160/412 KB   160/354 KB   14/1056 KB   310/455 KB   160/412 KB   160/354 KB   18/1056 KB   310/455 KB   164/412 KB   156/354 KB   14/1056 KB   310/455 KB   152/412 KB   164/354 KB   18/1056 KB   310/455 KB   164/412 KB   164/354 KB   18/1056 KB   314/455 KB   164/412 KB   164/354 KB   18/1056 KB   318/455 KB   164/412 KB   168/354 KB   18/1056 KB   318/455 KB   164/412 KB   160/354 KB   14/1056 KB   310/455 KB   164/412 KB   168/354 KB   18/1056 KB   322/455 KB   168/412 KB   172/354 KB   18/1056 KB   322/455 KB   168/412 KB   168/354 KB   18/1056 KB   322/455 KB   164/412 KB   172/354 KB   18/1056 KB   326/455 KB   172/412 KB   176/354 KB   18/1056 KB   326/455 KB   172/412 KB   172/354 KB   18/1056 KB   322/455 KB   172/412 KB   176/354 KB   22/1056 KB   330/455 KB   176/412 KB   180/354 KB   22/1056 KB   330/455 KB   176/412 KB   176/354 KB   22/1056 KB   330/455 KB   172/412 KB   176/354 KB   18/1056 KB   330/455 KB   172/412 KB   180/354 KB   22/1056 KB   334/455 KB   180/412 KB   184/354 KB   22/1056 KB   334/455 KB   180/412 KB   180/354 KB   22/1056 KB   330/455 KB   180/412 KB   184/354 KB   22/1056 KB   338/455 KB   184/412 KB   188/354 KB   22/1056 KB   338/455 KB   184/412 KB   184/354 KB   22/1056 KB   338/455 KB   180/412 KB   188/354 KB   22/1056 KB   339/455 KB   187/412 KB   188/354 KB   22/1056 KB   338/455 KB   187/412 KB   188/354 KB   26/1056 KB   339/455 KB   187/412 KB   192/354 KB   26/1056 KB   339/455 KB   187/412 KB   192/354 KB   26/1056 KB   339/455 KB   191/412 KB   192/354 KB   26/1056 KB   339/455 KB   191/412 KB   192/354 KB   26/1056 KB   339/455 KB   195/412 KB   192/354 KB   26/1056 KB   339/455 KB   195/412 KB   192/354 KB   26/1056 KB   343/455 KB   195/412 KB   192/354 KB   26/1056 KB   343/455 KB   199/412 KB   192/354 KB   26/1056 KB   347/455 KB   199/412 KB   192/354 KB   26/1056 KB   347/455 KB   201/412 KB   192/354 KB   26/1056 KB   351/455 KB   201/412 KB   192/354 KB   26/1056 KB   351/455 KB   202/412 KB   192/354 KB   26/1056 KB   355/455 KB   202/412 KB   192/354 KB   26/1056 KB   355/455 KB   204/412 KB   192/354 KB   26/1056 KB   359/455 KB   204/412 KB   192/354 KB   30/1056 KB   359/455 KB   204/412 KB   192/354 KB   30/1056 KB   363/455 KB   204/412 KB   192/354 KB   34/1056 KB   363/455 KB   204/412 KB   192/354 KB   34/1056 KB   367/455 KB   204/412 KB   192/354 KB   38/1056 KB   367/455 KB   204/412 KB   192/354 KB   38/1056 KB   371/455 KB   204/412 KB   192/354 KB   42/1056 KB   371/455 KB   204/412 KB   192/354 KB   42/1056 KB   375/455 KB   204/412 KB   192/354 KB   46/1056 KB   375/455 KB   204/412 KB   192/354 KB   46/1056 KB   379/455 KB   204/412 KB   192/354 KB   50/1056 KB   379/455 KB   208/412 KB   192/354 KB   50/1056 KB   383/455 KB   208/412 KB   192/354 KB   50/1056 KB   379/455 KB   204/412 KB   192/354 KB   50/1056 KB   383/455 KB   212/412 KB   192/354 KB   50/1056 KB   387/455 KB   212/412 KB   192/354 KB   50/1056 KB   387/455 KB   216/412 KB   192/354 KB   50/1056 KB   389/455 KB   216/412 KB   192/354 KB   50/1056 KB   389/455 KB   220/412 KB   195/354 KB   50/1056 KB   389/455 KB   224/412 KB   195/354 KB   50/1056 KB   392/455 KB   224/412 KB   195/354 KB   54/1056 KB   392/455 KB   228/412 KB   195/354 KB   54/1056 KB   396/455 KB   228/412 KB   195/354 KB   58/1056 KB   399/455 KB   228/412 KB   195/354 KB   50/1056 KB   389/455 KB   224/412 KB   195/354 KB   58/1056 KB   403/455 KB   228/412 KB   195/354 KB   58/1056 KB   404/455 KB   228/412 KB   195/354 KB   58/1056 KB   408/455 KB   228/412 KB   195/354 KB   58/1056 KB   412/455 KB   228/412 KB   195/354 KB   58/1056 KB   414/455 KB   228/412 KB   195/354 KB   58/1056 KB   417/455 KB   228/412 KB   195/354 KB   58/1056 KB   396/455 KB   228/412 KB   195/354 KB   50/1056 KB   392/455 KB   228/412 KB   195/354 KB   58/1056 KB   417/455 KB   232/412 KB   195/354 KB   58/1056 KB   417/455 KB   236/412 KB   195/354 KB   58/1056 KB   417/455 KB   239/412 KB   195/354 KB   58/1056 KB   421/455 KB   239/412 KB   195/354 KB   58/1056 KB   425/455 KB   239/412 KB   195/354 KB   58/1056 KB   426/455 KB   239/412 KB   195/354 KB   62/1056 KB   426/455 KB   239/412 KB   199/354 KB   62/1056 KB   426/455 KB   239/412 KB   199/354 KB   66/1056 KB   426/455 KB   239/412 KB   203/354 KB   66/1056 KB   426/455 KB   239/412 KB   203/354 KB   66/1056 KB   430/455 KB   239/412 KB   203/354 KB   66/1056 KB   431/455 KB   239/412 KB   207/354 KB   66/1056 KB   431/455 KB   239/412 KB   207/354 KB   66/1056 KB   435/455 KB   242/412 KB   207/354 KB   66/1056 KB   435/455 KB   245/412 KB   207/354 KB   66/1056 KB   435/455 KB   239/412 KB   211/354 KB   66/1056 KB   435/455 KB   245/412 KB   211/354 KB   70/1056 KB   439/455 KB   245/412 KB   211/354 KB   66/1056 KB   439/455 KB   245/412 KB   215/354 KB   70/1056 KB   439/455 KB   245/412 KB   215/354 KB   70/1056 KB   443/455 KB   249/412 KB   215/354 KB   70/1056 KB   443/455 KB   250/412 KB   219/354 KB   70/1056 KB   443/455 KB   250/412 KB   215/354 KB   70/1056 KB   443/455 KB   245/412 KB   223/354 KB   70/1056 KB   447/455 KB   254/412 KB   219/354 KB   70/1056 KB   443/455 KB   254/412 KB   223/354 KB   70/1056 KB   447/455 KB   258/412 KB   227/354 KB   70/1056 KB   447/455 KB   258/412 KB   223/354 KB   70/1056 KB   447/455 KB   254/412 KB   231/354 KB   74/1056 KB   451/455 KB   262/412 KB   231/354 KB   74/1056 KB   455/455 KB   262/412 KB   227/354 KB   74/1056 KB   447/455 KB   262/412 KB   227/354 KB   70/1056 KB   447/455 KB   262/412 KB   231/354 KB   74/1056 KB   455/455 KB   266/412 KB   231/354 KB   74/1056 KB   455/455 KB   270/412 KB   231/354 KB   74/1056 KB   455/455 KB   274/412 KB   231/354 KB   74/1056 KB   455/455 KB   278/412 KB   231/354 KB   74/1056 KB   451/455 KB   262/412 KB   231/354 KB   74/1056 KB   455/455 KB   282/412 KB   231/354 KB   74/1056 KB   455/455 KB   286/412 KB   231/354 KB   74/1056 KB   455/455 KB   288/412 KB   235/354 KB   74/1056 KB   455/455 KB   288/412 KB   235/354 KB   74/1056 KB   455/455 KB   291/412 KB   235/354 KB   78/1056 KB   455/455 KB   291/412 KB   235/354 KB   78/1056 KB   455/455 KB   295/412 KB   239/354 KB   78/1056 KB   455/455 KB   295/412 KB   239/354 KB   78/1056 KB   455/455 KB   298/412 KB   239/354 KB   78/1056 KB   455/455 KB   302/412 KB   243/354 KB   78/1056 KB   455/455 KB   302/412 KB   243/354 KB   78/1056 KB   455/455 KB   306/412 KB   243/354 KB   78/1056 KB   455/455 KB   310/412 KB   243/354 KB   82/1056 KB   455/455 KB   310/412 KB   247/354 KB   82/1056 KB   455/455 KB   314/412 KB   247/354 KB   82/1056 KB   455/455 KB   310/412 KB   247/354 KB   82/1056 KB   455/455 KB   318/412 KB   247/354 KB   82/1056 KB   455/455 KB   322/412 KB   251/354 KB   82/1056 KB   455/455 KB   322/412 KB   251/354 KB   82/1056 KB   455/455 KB   326/412 KB   251/354 KB   82/1056 KB   455/455 KB   328/412 KB   251/354 KB   86/1056 KB   455/455 KB   328/412 KB   255/354 KB   86/1056 KB   455/455 KB   328/412 KB   255/354 KB   90/1056 KB   455/455 KB   328/412 KB   255/354 KB   94/1056 KB   455/455 KB   328/412 KB   259/354 KB   94/1056 KB   455/455 KB   328/412 KB   259/354 KB   98/1056 KB   455/455 KB   328/412 KB   259/354 KB   102/1056 KB   455/455 KB   328/412 KB   263/354 KB   102/1056 KB   455/455 KB   328/412 KB   263/354 KB   106/1056 KB   455/455 KB   328/412 KB   263/354 KB   110/1056 KB   455/455 KB   328/412 KB   267/354 KB   110/1056 KB   455/455 KB   328/412 KB   267/354 KB   114/1056 KB   455/455 KB   328/412 KB   267/354 KB   118/1056 KB   455/455 KB   328/412 KB   271/354 KB   118/1056 KB   455/455 KB   328/412 KB   271/354 KB   122/1056 KB   455/455 KB   328/412 KB   271/354 KB   126/1056 KB   455/455 KB   328/412 KB   275/354 KB   126/1056 KB   455/455 KB   328/412 KB   275/354 KB   126/1056 KB   455/455 KB   332/412 KB   275/354 KB   126/1056 KB   455/455 KB   335/412 KB   279/354 KB   126/1056 KB   455/455 KB   335/412 KB   279/354 KB   126/1056 KB   455/455 KB   339/412 KB   279/354 KB   126/1056 KB   455/455 KB   343/412 KB   283/354 KB   126/1056 KB   455/455 KB   343/412 KB   283/354 KB   126/1056 KB   455/455 KB   347/412 KB   283/354 KB   126/1056 KB   455/455 KB   351/412 KB   287/354 KB   126/1056 KB   455/455 KB   351/412 KB   287/354 KB   126/1056 KB   455/455 KB   355/412 KB   287/354 KB   126/1056 KB   455/455 KB   359/412 KB   291/354 KB   126/1056 KB   455/455 KB   359/412 KB   291/354 KB   126/1056 KB   455/455 KB   363/412 KB   291/354 KB   126/1056 KB   455/455 KB   367/412 KB   295/354 KB   126/1056 KB   455/455 KB   367/412 KB   295/354 KB   130/1056 KB   455/455 KB   370/412 KB   295/354 KB   126/1056 KB   455/455 KB   370/412 KB   299/354 KB   130/1056 KB   455/455 KB   370/412 KB   299/354 KB   134/1056 KB   455/455 KB   370/412 KB   299/354 KB   138/1056 KB   455/455 KB   370/412 KB   303/354 KB   138/1056 KB   455/455 KB   370/412 KB   303/354 KB   142/1056 KB   455/455 KB   370/412 KB   303/354 KB   146/1056 KB   455/455 KB   370/412 KB   307/354 KB   146/1056 KB   455/455 KB   370/412 KB   307/354 KB   150/1056 KB   455/455 KB   370/412 KB   307/354 KB   154/1056 KB   455/455 KB   370/412 KB   311/354 KB   154/1056 KB   455/455 KB   370/412 KB   311/354 KB   158/1056 KB   455/455 KB   370/412 KB   311/354 KB   162/1056 KB   455/455 KB   370/412 KB   315/354 KB   162/1056 KB   455/455 KB   370/412 KB   315/354 KB   166/1056 KB   455/455 KB   370/412 KB   315/354 KB   170/1056 KB   455/455 KB   370/412 KB   319/354 KB   170/1056 KB   455/455 KB   370/412 KB   319/354 KB   174/1056 KB   455/455 KB   370/412 KB   323/354 KB   174/1056 KB   455/455 KB   370/412 KB   323/354 KB   174/1056 KB   455/455 KB   374/412 KB   323/354 KB   174/1056 KB   455/455 KB   378/412 KB   327/354 KB   174/1056 KB   455/455 KB   378/412 KB   327/354 KB   174/1056 KB   455/455 KB   382/412 KB   327/354 KB   174/1056 KB   455/455 KB   386/412 KB   331/354 KB   174/1056 KB   455/455 KB   386/412 KB   331/354 KB   174/1056 KB   455/455 KB   390/412 KB   331/354 KB   174/1056 KB   455/455 KB   394/412 KB   335/354 KB   174/1056 KB   455/455 KB   394/412 KB   335/354 KB   174/1056 KB   455/455 KB   398/412 KB   335/354 KB   174/1056 KB   455/455 KB   402/412 KB   339/354 KB   174/1056 KB   455/455 KB   402/412 KB   339/354 KB   178/1056 KB   455/455 KB   406/412 KB   339/354 KB   174/1056 KB   455/455 KB   406/412 KB   343/354 KB   178/1056 KB   455/455 KB   406/412 KB   343/354 KB   178/1056 KB   455/455 KB   410/412 KB   343/354 KB   178/1056 KB   455/455 KB   412/412 KB   347/354 KB   178/1056 KB   455/455 KB   412/412 KB   351/354 KB   178/1056 KB   455/455 KB   412/412 KB   354/354 KB   178/1056 KB   455/455 KB   412/412 KB   354/354 KB   182/1056 KB   455/455 KB   412/412 KB   354/354 KB   186/1056 KB   455/455 KB   412/412 KB   354/354 KB   190/1056 KB   455/455 KB   412/412 KB   354/354 KB   194/1056 KB   455/455 KB   412/412 KB   354/354 KB   198/1056 KB   455/455 KB   412/412 KB   354/354 KB   202/1056 KB   455/455 KB   412/412 KB   354/354 KB   206/1056 KB   455/455 KB   412/412 KB   354/354 KB   210/1056 KB   455/455 KB   412/412 KB   354/354 KB   214/1056 KB   455/455 KB   412/412 KB   354/354 KB   218/1056 KB   455/455 KB   412/412 KB   354/354 KB   222/1056 KB   455/455 KB   412/412 KB   354/354 KB   226/1056 KB   455/455 KB   412/412 KB   354/354 KB   230/1056 KB   455/455 KB   412/412 KB   354/354 KB   234/1056 KB   455/455 KB   412/412 KB   354/354 KB   238/1056 KB   455/455 KB   412/412 KB   354/354 KB   242/1056 KB   455/455 KB   412/412 KB   354/354 KB   246/1056 KB   455/455 KB   412/412 KB   354/354 KB   250/1056 KB   455/455 KB   412/412 KB   354/354 KB   250/1056 KB   455/455 KB   412/412 KB   354/354 KB   252/1056 KB   455/455 KB   412/412 KB   354/354 KB   256/1056 KB   455/455 KB   412/412 KB   354/354 KB   260/1056 KB   455/455 KB   412/412 KB   354/354 KB   264/1056 KB   455/455 KB   412/412 KB   354/354 KB   267/1056 KB   455/455 KB   412/412 KB   354/354 KB   271/1056 KB   455/455 KB   412/412 KB   354/354 KB   275/1056 KB   455/455 KB   412/412 KB   354/354 KB   279/1056 KB   455/455 KB   412/412 KB   354/354 KB   283/1056 KB   455/455 KB   412/412 KB   354/354 KB   287/1056 KB   455/455 KB   412/412 KB   354/354 KB   291/1056 KB   455/455 KB   412/412 KB   354/354 KB   295/1056 KB   455/455 KB   412/412 KB   354/354 KB   296/1056 KB   455/455 KB   412/412 KB   354/354 KB   297/1056 KB   455/455 KB   412/412 KB   354/354 KB   301/1056 KB   455/455 KB   412/412 KB   354/354 KB   303/1056 KB   455/455 KB   412/412 KB   354/354 KB   307/1056 KB   455/455 KB   412/412 KB   354/354 KB   311/1056 KB   455/455 KB   412/412 KB   354/354 KB   315/1056 KB   455/455 KB   412/412 KB   354/354 KB   319/1056 KB   455/455 KB   412/412 KB   354/354 KB   323/1056 KB   455/455 KB   412/412 KB   354/354 KB   327/1056 KB   455/455 KB   412/412 KB   354/354 KB   331/1056 KB   455/455 KB   412/412 KB   354/354 KB   335/1056 KB   455/455 KB   412/412 KB   354/354 KB   339/1056 KB   455/455 KB   412/412 KB   354/354 KB   343/1056 KB   455/455 KB   412/412 KB   354/354 KB   347/1056 KB   455/455 KB   412/412 KB   354/354 KB   348/1056 KB   455/455 KB   412/412 KB   354/354 KB   349/1056 KB   455/455 KB   412/412 KB   354/354 KB   353/1056 KB   455/455 KB   412/412 KB   354/354 KB   355/1056 KB   455/455 KB   412/412 KB   354/354 KB   359/1056 KB   455/455 KB   412/412 KB   354/354 KB   363/1056 KB   455/455 KB   412/412 KB   354/354 KB   363/1056 KB   455/455 KB   412/412 KB   354/354 KB   367/1056 KB   455/455 KB   412/412 KB   354/354 KB   371/1056 KB   455/455 KB   412/412 KB   354/354 KB   375/1056 KB   455/455 KB   412/412 KB   354/354 KB   379/1056 KB   455/455 KB   412/412 KB   354/354 KB   383/1056 KB   455/455 KB   412/412 KB   354/354 KB   387/1056 KB   455/455 KB   412/412 KB   354/354 KB   391/1056 KB   455/455 KB   412/412 KB   354/354 KB   395/1056 KB   455/455 KB   412/412 KB   354/354 KB   399/1056 KB   455/455 KB   412/412 KB   354/354 KB   403/1056 KB   455/455 KB   412/412 KB   354/354 KB   406/1056 KB   455/455 KB   412/412 KB   354/354 KB   410/1056 KB   455/455 KB   412/412 KB   354/354 KB   411/1056 KB   455/455 KB   412/412 KB   354/354 KB   415/1056 KB   455/455 KB   412/412 KB   354/354 KB   419/1056 KB   455/455 KB   412/412 KB   354/354 KB   423/1056 KB   455/455 KB   412/412 KB   354/354 KB   427/1056 KB   455/455 KB   412/412 KB   354/354 KB   428/1056 KB   455/455 KB   412/412 KB   354/354 KB   431/1056 KB   455/455 KB   412/412 KB   354/354 KB   435/1056 KB   455/455 KB   412/412 KB   354/354 KB   439/1056 KB   455/455 KB   412/412 KB   354/354 KB   441/1056 KB   455/455 KB   412/412 KB   354/354 KB   444/1056 KB   455/455 KB   412/412 KB   354/354 KB   445/1056 KB   455/455 KB   412/412 KB   354/354 KB   449/1056 KB   455/455 KB   412/412 KB   354/354 KB   451/1056 KB   455/455 KB   412/412 KB   354/354 KB   452/1056 KB   455/455 KB   412/412 KB   354/354 KB   456/1056 KB   455/455 KB   412/412 KB   354/354 KB   460/1056 KB   455/455 KB   412/412 KB   354/354 KB   464/1056 KB   455/455 KB   412/412 KB   354/354 KB   465/1056 KB   455/455 KB   412/412 KB   354/354 KB   469/1056 KB   455/455 KB   412/412 KB   354/354 KB   473/1056 KB   455/455 KB   412/412 KB   354/354 KB   475/1056 KB   455/455 KB   412/412 KB   354/354 KB   479/1056 KB   455/455 KB   412/412 KB   354/354 KB   483/1056 KB   455/455 KB   412/412 KB   354/354 KB   487/1056 KB   455/455 KB   412/412 KB   354/354 KB   488/1056 KB   455/455 KB   412/412 KB   354/354 KB   491/1056 KB   455/455 KB   412/412 KB   354/354 KB   493/1056 KB   455/455 KB   412/412 KB   354/354 KB   497/1056 KB   455/455 KB   412/412 KB   354/354 KB   498/1056 KB   455/455 KB   412/412 KB   354/354 KB   502/1056 KB   455/455 KB   412/412 KB   354/354 KB   506/1056 KB   455/455 KB   412/412 KB   354/354 KB   510/1056 KB   455/455 KB   412/412 KB   354/354 KB   514/1056 KB   455/455 KB   412/412 KB   354/354 KB   518/1056 KB   455/455 KB   412/412 KB   354/354 KB   522/1056 KB   455/455 KB   412/412 KB   354/354 KB   523/1056 KB   455/455 KB   412/412 KB   354/354 KB   527/1056 KB   455/455 KB   412/412 KB   354/354 KB   531/1056 KB   455/455 KB   412/412 KB   354/354 KB   535/1056 KB   455/455 KB   412/412 KB   354/354 KB   536/1056 KB   455/455 KB   412/412 KB   354/354 KB   540/1056 KB   455/455 KB   412/412 KB   354/354 KB   542/1056 KB   455/455 KB   412/412 KB   354/354 KB   546/1056 KB   455/455 KB   412/412 KB   354/354 KB   550/1056 KB   455/455 KB   412/412 KB   354/354 KB   554/1056 KB   455/455 KB   412/412 KB   354/354 KB   558/1056 KB   455/455 KB   412/412 KB   354/354 KB   562/1056 KB   455/455 KB   412/412 KB   354/354 KB   566/1056 KB   455/455 KB   412/412 KB   354/354 KB   570/1056 KB   455/455 KB   412/412 KB   354/354 KB   574/1056 KB   455/455 KB   412/412 KB   354/354 KB   578/1056 KB   455/455 KB   412/412 KB   354/354 KB   581/1056 KB   455/455 KB   412/412 KB   354/354 KB   585/1056 KB   455/455 KB   412/412 KB   354/354 KB   585/1056 KB   455/455 KB   412/412 KB   354/354 KB   587/1056 KB   455/455 KB   412/412 KB   354/354 KB   590/1056 KB   455/455 KB   412/412 KB   354/354 KB   594/1056 KB   455/455 KB   412/412 KB   354/354 KB   597/1056 KB   455/455 KB   412/412 KB   354/354 KB   600/1056 KB   455/455 KB   412/412 KB   354/354 KB   604/1056 KB   455/455 KB   412/412 KB   354/354 KB   608/1056 KB   455/455 KB   412/412 KB   354/354 KB   609/1056 KB   455/455 KB   412/412 KB   354/354 KB   613/1056 KB   455/455 KB   412/412 KB   354/354 KB   617/1056 KB   455/455 KB   412/412 KB   354/354 KB   621/1056 KB   455/455 KB   412/412 KB   354/354 KB   625/1056 KB   455/455 KB   412/412 KB   354/354 KB   626/1056 KB   455/455 KB   412/412 KB   354/354 KB   629/1056 KB   455/455 KB   412/412 KB   354/354 KB   632/1056 KB   455/455 KB   412/412 KB   354/354 KB   635/1056 KB   455/455 KB   412/412 KB   354/354 KB   639/1056 KB   455/455 KB   412/412 KB   354/354 KB   641/1056 KB   455/455 KB   412/412 KB   354/354 KB   643/1056 KB   455/455 KB   412/412 KB   354/354 KB   647/1056 KB   455/455 KB   412/412 KB   354/354 KB   650/1056 KB   455/455 KB   412/412 KB   354/354 KB   654/1056 KB   455/455 KB   412/412 KB   354/354 KB   655/1056 KB   455/455 KB   412/412 KB   354/354 KB   659/1056 KB   455/455 KB   412/412 KB   354/354 KB   662/1056 KB   455/455 KB   412/412 KB   354/354 KB   666/1056 KB   455/455 KB   412/412 KB   354/354 KB   670/1056 KB   455/455 KB   412/412 KB   354/354 KB   674/1056 KB   455/455 KB   412/412 KB   354/354 KB   674/1056 KB   455/455 KB   412/412 KB   354/354 KB   676/1056 KB   455/455 KB   412/412 KB   354/354 KB   679/1056 KB   455/455 KB   412/412 KB   354/354 KB   682/1056 KB   455/455 KB   412/412 KB   354/354 KB   686/1056 KB   455/455 KB   412/412 KB   354/354 KB   687/1056 KB   455/455 KB   412/412 KB   354/354 KB   691/1056 KB   455/455 KB   412/412 KB   354/354 KB   693/1056 KB   455/455 KB   412/412 KB   354/354 KB   697/1056 KB   455/455 KB   412/412 KB   354/354 KB   699/1056 KB   455/455 KB   412/412 KB   354/354 KB   703/1056 KB   455/455 KB   412/412 KB   354/354 KB   707/1056 KB   455/455 KB   412/412 KB   354/354 KB   711/1056 KB   455/455 KB   412/412 KB   354/354 KB   715/1056 KB   455/455 KB   412/412 KB   354/354 KB   719/1056 KB   455/455 KB   412/412 KB   354/354 KB   723/1056 KB   455/455 KB   412/412 KB   354/354 KB   723/1056 KB   455/455 KB   412/412 KB   354/354 KB   727/1056 KB   455/455 KB   412/412 KB   354/354 KB   727/1056 KB   455/455 KB   412/412 KB   354/354 KB   731/1056 KB   455/455 KB   412/412 KB   354/354 KB   732/1056 KB   455/455 KB   412/412 KB   354/354 KB   736/1056 KB   455/455 KB   412/412 KB   354/354 KB   738/1056 KB   455/455 KB   412/412 KB   354/354 KB   742/1056 KB   455/455 KB   412/412 KB   354/354 KB   742/1056 KB   455/455 KB   412/412 KB   354/354 KB   746/1056 KB   455/455 KB   412/412 KB   354/354 KB   747/1056 KB   455/455 KB   412/412 KB   354/354 KB   751/1056 KB   455/455 KB   412/412 KB   354/354 KB   752/1056 KB   455/455 KB   412/412 KB   354/354 KB   756/1056 KB   455/455 KB   412/412 KB   354/354 KB   760/1056 KB   455/455 KB   412/412 KB   354/354 KB   762/1056 KB   455/455 KB   412/412 KB   354/354 KB   765/1056 KB   455/455 KB   412/412 KB   354/354 KB   768/1056 KB   455/455 KB   412/412 KB   354/354 KB   772/1056 KB   455/455 KB   412/412 KB   354/354 KB   772/1056 KB   455/455 KB   412/412 KB                                                        Downloaded: http://repo.spring.io/libs-snapshot/org/springframework/spring-orm/4.2.0.BUILD-SNAPSHOT/spring-orm-4.2.0.BUILD-20150601.183604-407.jar (455 KB at 4995.0 KB/sec)
Downloading: http://repo.spring.io/libs-snapshot/org/springframework/spring-tx/4.2.0.BUILD-SNAPSHOT/spring-tx-4.2.0.BUILD-20150601.183604-407.jar
354/354 KB   776/1056 KB   455/455 KB   412/412 KB   354/354 KB   780/1056 KB   412/412 KB                354/354 KB   784/1056 KB   412/412 KB   354/354 KB   788/1056 KB   412/412 KB   354/354 KB   792/1056 KB   412/412 KB   354/354 KB   796/1056 KB   412/412 KB   354/354 KB   800/1056 KB   412/412 KB   354/354 KB   804/1056 KB   412/412 KB   354/354 KB   808/1056 KB   412/412 KB   354/354 KB   812/1056 KB   412/412 KB   354/354 KB   816/1056 KB   412/412 KB   354/354 KB   820/1056 KB   412/412 KB   354/354 KB   824/1056 KB   412/412 KB   354/354 KB   828/1056 KB   412/412 KB   354/354 KB   831/1056 KB   412/412 KB   354/354 KB   834/1056 KB   412/412 KB   354/354 KB   838/1056 KB   412/412 KB   354/354 KB   842/1056 KB   412/412 KB   354/354 KB   846/1056 KB   412/412 KB   354/354 KB   850/1056 KB   412/412 KB   354/354 KB   854/1056 KB   412/412 KB   354/354 KB   858/1056 KB   412/412 KB   354/354 KB   862/1056 KB   412/412 KB   354/354 KB   866/1056 KB   412/412 KB   354/354 KB   870/1056 KB   412/412 KB   354/354 KB   874/1056 KB   412/412 KB   354/354 KB   877/1056 KB   412/412 KB   354/354 KB   880/1056 KB   412/412 KB   354/354 KB   884/1056 KB   412/412 KB   354/354 KB   884/1056 KB   412/412 KB   354/354 KB   888/1056 KB   412/412 KB   354/354 KB   888/1056 KB   412/412 KB   354/354 KB   892/1056 KB   412/412 KB   354/354 KB   895/1056 KB   412/412 KB   354/354 KB   899/1056 KB   412/412 KB   354/354 KB   903/1056 KB   412/412 KB   354/354 KB   907/1056 KB   412/412 KB   354/354 KB   911/1056 KB   412/412 KB   354/354 KB   915/1056 KB   412/412 KB   354/354 KB   919/1056 KB   412/412 KB   354/354 KB   922/1056 KB   412/412 KB   354/354 KB   925/1056 KB   412/412 KB   354/354 KB   928/1056 KB   412/412 KB   354/354 KB   932/1056 KB   412/412 KB   354/354 KB   933/1056 KB   412/412 KB   354/354 KB   937/1056 KB   412/412 KB   354/354 KB   939/1056 KB   412/412 KB   354/354 KB   940/1056 KB   412/412 KB   354/354 KB   944/1056 KB   412/412 KB   354/354 KB   948/1056 KB   412/412 KB   354/354 KB   952/1056 KB   412/412 KB   354/354 KB   956/1056 KB   412/412 KB                                           354/354 KB   960/1056 KB                Downloaded: http://repo.spring.io/libs-snapshot/org/springframework/spring-jdbc/4.2.0.BUILD-SNAPSHOT/spring-jdbc-4.2.0.BUILD-20150601.183604-407.jar (412 KB at 4288.2 KB/sec)
354/354 KB   964/1056 KB   Downloading: http://repo.spring.io/libs-snapshot/org/springframework/spring-beans/4.2.0.BUILD-SNAPSHOT/spring-beans-4.2.0.BUILD-20150601.183604-407.jar
354/354 KB   968/1056 KB   354/354 KB   969/1056 KB   354/354 KB   971/1056 KB   354/354 KB   974/1056 KB   354/354 KB   4/257 KB   974/1056 KB   354/354 KB   8/257 KB   974/1056 KB   354/354 KB   12/257 KB   974/1056 KB   354/354 KB   14/257 KB   974/1056 KB   354/354 KB   14/257 KB   978/1056 KB   354/354 KB   14/257 KB   982/1056 KB   354/354 KB   14/257 KB   986/1056 KB   354/354 KB   14/257 KB   990/1056 KB   354/354 KB   14/257 KB   994/1056 KB   354/354 KB   14/257 KB   998/1056 KB   354/354 KB   14/257 KB   1002/1056 KB   354/354 KB   14/257 KB   1006/1056 KB   354/354 KB   14/257 KB   1010/1056 KB   354/354 KB   17/257 KB   1010/1056 KB   354/354 KB   21/257 KB   1010/1056 KB   354/354 KB   23/257 KB   1010/1056 KB                                           24/257 KB   1011/1056 KB   23/257 KB   1011/1056 KB                Downloaded: http://repo.spring.io/libs-snapshot/org/springframework/spring-aop/4.2.0.BUILD-SNAPSHOT/spring-aop-4.2.0.BUILD-20150601.183604-407.jar (354 KB at 4020.8 KB/sec)
Downloading: http://repo.spring.io/libs-snapshot/org/springframework/spring-instrument/4.2.0.BUILD-SNAPSHOT/spring-instrument-4.2.0.BUILD-20150601.183604-407.jar
27/257 KB   1014/1056 KB   31/257 KB   1014/1056 KB   35/257 KB   1014/1056 KB   38/257 KB   1014/1056 KB   24/257 KB   1014/1056 KB   38/257 KB   1017/1056 KB   38/257 KB   1018/1056 KB   38/257 KB   1022/1056 KB   38/257 KB   1026/1056 KB   38/257 KB   1030/1056 KB   38/257 KB   1034/1056 KB   38/257 KB   1038/1056 KB   42/257 KB   1042/1056 KB   46/257 KB   1042/1056 KB   47/257 KB   1042/1056 KB   38/257 KB   1042/1056 KB   47/257 KB   1046/1056 KB   48/257 KB   1046/1056 KB   48/257 KB   1050/1056 KB   48/257 KB   1054/1056 KB   48/257 KB   1056/1056 KB   52/257 KB   1056/1056 KB   55/257 KB   1056/1056 KB   59/257 KB   1056/1056 KB   63/257 KB   1056/1056 KB   64/257 KB   1056/1056 KB   66/257 KB   1056/1056 KB   70/257 KB   1056/1056 KB   74/257 KB   1056/1056 KB   75/257 KB   1056/1056 KB   78/257 KB   1056/1056 KB   82/257 KB   1056/1056 KB   82/257 KB   1056/1056 KB   85/257 KB   1056/1056 KB   89/257 KB   1056/1056 KB   89/257 KB   1056/1056 KB   92/257 KB   1056/1056 KB   95/257 KB   1056/1056 KB   99/257 KB   1056/1056 KB   99/257 KB   1056/1056 KB   103/257 KB   1056/1056 KB   107/257 KB   1056/1056 KB   111/257 KB   1056/1056 KB   112/257 KB   1056/1056 KB   115/257 KB   1056/1056 KB   119/257 KB   1056/1056 KB   119/257 KB   1056/1056 KB   123/257 KB   1056/1056 KB   123/257 KB   1056/1056 KB   126/257 KB   1056/1056 KB   127/257 KB   1056/1056 KB   130/257 KB   1056/1056 KB   134/257 KB   1056/1056 KB   138/257 KB   1056/1056 KB   142/257 KB   1056/1056 KB   146/257 KB   1056/1056 KB   148/257 KB   1056/1056 KB   152/257 KB   1056/1056 KB   154/257 KB   1056/1056 KB   157/257 KB   1056/1056 KB   158/257 KB   1056/1056 KB   161/257 KB   1056/1056 KB   164/257 KB   1056/1056 KB   168/257 KB   1056/1056 KB   172/257 KB   1056/1056 KB   176/257 KB   1056/1056 KB   180/257 KB   1056/1056 KB   182/257 KB   1056/1056 KB   186/257 KB   1056/1056 KB   189/257 KB   1056/1056 KB   192/257 KB   1056/1056 KB   194/257 KB   1056/1056 KB   197/257 KB   1056/1056 KB   199/257 KB   1056/1056 KB   203/257 KB   1056/1056 KB   204/257 KB   1056/1056 KB   208/257 KB   1056/1056 KB   208/257 KB   1056/1056 KB   212/257 KB   1056/1056 KB   216/257 KB   1056/1056 KB   219/257 KB   1056/1056 KB   223/257 KB   1056/1056 KB   227/257 KB   1056/1056 KB   231/257 KB   1056/1056 KB   232/257 KB   1056/1056 KB   235/257 KB   1056/1056 KB   238/257 KB   1056/1056 KB   240/257 KB   1056/1056 KB   244/257 KB   1056/1056 KB   247/257 KB   1056/1056 KB   251/257 KB   1056/1056 KB   255/257 KB   1056/1056 KB   257/257 KB   1056/1056 KB                               Downloaded: http://repo.spring.io/libs-snapshot/org/springframework/spring-context/4.2.0.BUILD-SNAPSHOT/spring-context-4.2.0.BUILD-20150601.183604-407.jar (1056 KB at 8725.2 KB/sec)
Downloading: http://repo.spring.io/libs-snapshot/org/springframework/spring-core/4.2.0.BUILD-SNAPSHOT/spring-core-4.2.0.BUILD-20150601.183604-407.jar
                            Downloaded: http://repo.spring.io/libs-snapshot/org/springframework/spring-expression/4.2.0.BUILD-SNAPSHOT/spring-expression-4.2.0.BUILD-20150601.183604-407.jar (257 KB at 2083.6 KB/sec)
Downloading: http://repo.spring.io/libs-snapshot/org/springframework/spring-aspects/4.2.0.BUILD-SNAPSHOT/spring-aspects-4.2.0.BUILD-20150601.183604-407.jar
1/253 KB                    5/253 KB   9/253 KB   13/253 KB   17/253 KB   21/253 KB   25/253 KB   29/253 KB   33/253 KB   37/253 KB   41/253 KB   45/253 KB   49/253 KB   53/253 KB   56/253 KB   59/253 KB   60/253 KB   63/253 KB   67/253 KB   67/253 KB   71/253 KB   72/253 KB   76/253 KB   80/253 KB   84/253 KB   88/253 KB   92/253 KB   96/253 KB   100/253 KB   104/253 KB   108/253 KB   110/253 KB   114/253 KB   114/253 KB   118/253 KB   122/253 KB   124/253 KB   128/253 KB   132/253 KB   135/253 KB   139/253 KB   143/253 KB   147/253 KB   151/253 KB   155/253 KB   159/253 KB   163/253 KB   167/253 KB   168/253 KB   169/253 KB   171/253 KB   175/253 KB   179/253 KB   183/253 KB   187/253 KB   191/253 KB   195/253 KB   199/253 KB   203/253 KB   207/253 KB   211/253 KB   215/253 KB   219/253 KB   223/253 KB   227/253 KB   230/253 KB   233/253 KB   237/253 KB   240/253 KB   244/253 KB   248/253 KB   252/253 KB   253/253 KB   3/713 KB   253/253 KB   7/713 KB   253/253 KB   11/713 KB   253/253 KB   14/713 KB   253/253 KB   16/713 KB   253/253 KB   20/713 KB   253/253 KB   23/713 KB   253/253 KB   25/713 KB   253/253 KB   29/713 KB   253/253 KB   33/713 KB   253/253 KB   37/713 KB   253/253 KB   41/713 KB   253/253 KB   42/713 KB   253/253 KB   46/713 KB   253/253 KB   47/713 KB   253/253 KB   49/713 KB   253/253 KB   52/713 KB   253/253 KB   56/713 KB   253/253 KB   59/713 KB   253/253 KB   62/713 KB   253/253 KB   66/713 KB   253/253 KB   70/713 KB   253/253 KB   74/713 KB   253/253 KB   78/713 KB   253/253 KB   82/713 KB   253/253 KB   86/713 KB   253/253 KB   90/713 KB   253/253 KB   92/713 KB   253/253 KB   95/713 KB   253/253 KB   99/713 KB   253/253 KB   102/713 KB   253/253 KB   106/713 KB   253/253 KB   107/713 KB   253/253 KB   110/713 KB   253/253 KB   113/713 KB   253/253 KB   116/713 KB   253/253 KB   120/713 KB   253/253 KB   124/713 KB   253/253 KB   128/713 KB   253/253 KB   132/713 KB   253/253 KB   136/713 KB   253/253 KB   140/713 KB   253/253 KB   141/713 KB   253/253 KB   144/713 KB   253/253 KB   146/713 KB   253/253 KB   150/713 KB   253/253 KB   151/713 KB   253/253 KB   155/713 KB   253/253 KB   159/713 KB   253/253 KB   163/713 KB   253/253 KB   167/713 KB   253/253 KB   171/713 KB   253/253 KB   175/713 KB   253/253 KB   179/713 KB   253/253 KB   183/713 KB   253/253 KB   187/713 KB   253/253 KB   191/713 KB   253/253 KB   194/713 KB   253/253 KB   198/713 KB   253/253 KB   198/713 KB   253/253 KB   199/713 KB   253/253 KB   203/713 KB   253/253 KB   204/713 KB   253/253 KB   208/713 KB   253/253 KB   209/713 KB   253/253 KB   213/713 KB   253/253 KB   217/713 KB   253/253 KB   221/713 KB   253/253 KB   225/713 KB   253/253 KB   228/713 KB   253/253 KB   229/713 KB   253/253 KB   233/713 KB   253/253 KB   237/713 KB   253/253 KB   241/713 KB   253/253 KB   245/713 KB   253/253 KB   249/713 KB   253/253 KB   253/713 KB   253/253 KB   257/713 KB   253/253 KB   259/713 KB   253/253 KB   263/713 KB   253/253 KB   264/713 KB   253/253 KB   266/713 KB   253/253 KB   270/713 KB   253/253 KB   274/713 KB   253/253 KB   278/713 KB   253/253 KB   282/713 KB   253/253 KB   286/713 KB   253/253 KB   290/713 KB   253/253 KB   293/713 KB   253/253 KB   297/713 KB   253/253 KB   300/713 KB   253/253 KB   304/713 KB   253/253 KB   308/713 KB   253/253 KB   312/713 KB   253/253 KB   316/713 KB   253/253 KB   320/713 KB   253/253 KB   324/713 KB   253/253 KB   327/713 KB   253/253 KB   331/713 KB   253/253 KB   335/713 KB   253/253 KB   339/713 KB   253/253 KB   343/713 KB   253/253 KB   347/713 KB   253/253 KB   351/713 KB   253/253 KB   355/713 KB   253/253 KB   359/713 KB   253/253 KB   363/713 KB   253/253 KB   367/713 KB   253/253 KB   371/713 KB   253/253 KB   375/713 KB   253/253 KB   379/713 KB   253/253 KB   383/713 KB   253/253 KB   387/713 KB   253/253 KB   389/713 KB   253/253 KB   392/713 KB   253/253 KB   396/713 KB   253/253 KB   400/713 KB   253/253 KB   404/713 KB   253/253 KB   408/713 KB   253/253 KB   412/713 KB   253/253 KB   416/713 KB   253/253 KB   420/713 KB   253/253 KB   424/713 KB   253/253 KB   428/713 KB   253/253 KB   432/713 KB   253/253 KB   436/713 KB   253/253 KB   440/713 KB   253/253 KB   444/713 KB   253/253 KB   448/713 KB   253/253 KB   452/713 KB   253/253 KB   456/713 KB   253/253 KB   460/713 KB   253/253 KB   461/713 KB   253/253 KB   465/713 KB   253/253 KB   467/713 KB   253/253 KB   471/713 KB   253/253 KB   475/713 KB   253/253 KB   479/713 KB   253/253 KB   483/713 KB   253/253 KB   487/713 KB   253/253 KB   491/713 KB   253/253 KB   495/713 KB   253/253 KB   499/713 KB   253/253 KB   503/713 KB   253/253 KB   507/713 KB   253/253 KB   511/713 KB   253/253 KB   515/713 KB   253/253 KB   519/713 KB   253/253 KB   523/713 KB   253/253 KB   523/713 KB   253/253 KB   526/713 KB   253/253 KB   530/713 KB   253/253 KB   530/713 KB   253/253 KB   534/713 KB   253/253 KB   538/713 KB   253/253 KB   542/713 KB   253/253 KB   543/713 KB   253/253 KB   544/713 KB   253/253 KB   4/1024 KB   544/713 KB   253/253 KB   4/1024 KB   548/713 KB   253/253 KB   8/1024 KB   548/713 KB   253/253 KB   8/1024 KB   552/713 KB   253/253 KB   8/1024 KB   556/713 KB   253/253 KB   12/1024 KB   556/713 KB   253/253 KB   12/1024 KB   560/713 KB   253/253 KB   16/1024 KB   560/713 KB   253/253 KB   16/1024 KB   564/713 KB   253/253 KB   20/1024 KB   564/713 KB   253/253 KB   20/1024 KB   568/713 KB   253/253 KB   24/1024 KB   568/713 KB   253/253 KB   24/1024 KB   572/713 KB   253/253 KB   28/1024 KB   572/713 KB   253/253 KB   28/1024 KB   576/713 KB   253/253 KB   32/1024 KB   576/713 KB   253/253 KB   32/1024 KB   580/713 KB   253/253 KB   36/1024 KB   580/713 KB   253/253 KB   36/1024 KB   584/713 KB   253/253 KB   40/1024 KB   584/713 KB   253/253 KB   43/1024 KB   584/713 KB   253/253 KB   43/1024 KB   588/713 KB   253/253 KB   43/1024 KB   588/713 KB   253/253 KB   43/1024 KB   592/713 KB   253/253 KB   43/1024 KB   596/713 KB   253/253 KB   43/1024 KB   598/713 KB   253/253 KB   43/1024 KB   600/713 KB   253/253 KB   43/1024 KB   604/713 KB   253/253 KB   43/1024 KB   608/713 KB   253/253 KB   43/1024 KB   608/713 KB   253/253 KB   43/1024 KB   612/713 KB   253/253 KB   43/1024 KB   616/713 KB   253/253 KB   43/1024 KB   620/713 KB   253/253 KB   43/1024 KB   624/713 KB   253/253 KB   43/1024 KB   628/713 KB   253/253 KB   43/1024 KB   632/713 KB   253/253 KB   47/1024 KB   632/713 KB   253/253 KB   47/1024 KB   636/713 KB   253/253 KB   51/1024 KB   636/713 KB   253/253 KB   51/1024 KB   639/713 KB   253/253 KB   55/1024 KB   639/713 KB   253/253 KB   59/1024 KB   639/713 KB   253/253 KB   63/1024 KB   639/713 KB   253/253 KB   67/1024 KB   639/713 KB   253/253 KB   71/1024 KB   639/713 KB   253/253 KB   75/1024 KB   639/713 KB   253/253 KB   79/1024 KB   639/713 KB   253/253 KB   83/1024 KB   639/713 KB   253/253 KB   87/1024 KB   639/713 KB   253/253 KB   87/1024 KB   642/713 KB   253/253 KB   87/1024 KB   642/713 KB   253/253 KB   1/58 KB   91/1024 KB   642/713 KB   253/253 KB   1/58 KB   91/1024 KB   642/713 KB   253/253 KB   1/58 KB   91/1024 KB   642/713 KB   253/253 KB   5/58 KB   91/1024 KB   642/713 KB   253/253 KB   9/58 KB   95/1024 KB   642/713 KB   253/253 KB   9/58 KB   95/1024 KB   642/713 KB   253/253 KB   13/58 KB   99/1024 KB   642/713 KB   253/253 KB   13/58 KB   99/1024 KB   642/713 KB   253/253 KB   17/58 KB   101/1024 KB   642/713 KB   253/253 KB   17/58 KB   101/1024 KB   642/713 KB   253/253 KB   21/58 KB   101/1024 KB   642/713 KB   253/253 KB   25/58 KB   105/1024 KB   642/713 KB   253/253 KB   25/58 KB   105/1024 KB   642/713 KB   253/253 KB   27/58 KB   105/1024 KB   646/713 KB   253/253 KB   27/58 KB   109/1024 KB   646/713 KB   253/253 KB   27/58 KB   109/1024 KB   650/713 KB   253/253 KB   27/58 KB   113/1024 KB   650/713 KB   253/253 KB   27/58 KB   113/1024 KB   654/713 KB   253/253 KB   27/58 KB   117/1024 KB   654/713 KB   253/253 KB   27/58 KB   117/1024 KB   658/713 KB   253/253 KB   27/58 KB   121/1024 KB   658/713 KB   253/253 KB   27/58 KB   121/1024 KB   662/713 KB   253/253 KB   27/58 KB   125/1024 KB   662/713 KB   253/253 KB   27/58 KB   125/1024 KB   666/713 KB   253/253 KB   27/58 KB   125/1024 KB   670/713 KB   253/253 KB   27/58 KB   125/1024 KB   674/713 KB   253/253 KB   27/58 KB   125/1024 KB   678/713 KB   253/253 KB   27/58 KB   125/1024 KB   682/713 KB   253/253 KB   27/58 KB   125/1024 KB   686/713 KB   253/253 KB   27/58 KB   125/1024 KB   690/713 KB   253/253 KB   27/58 KB   125/1024 KB   694/713 KB   253/253 KB   27/58 KB   125/1024 KB   694/713 KB   253/253 KB   27/58 KB                                                      125/1024 KB   696/713 KB   27/58 KB                Downloaded: http://repo.spring.io/libs-snapshot/org/springframework/spring-tx/4.2.0.BUILD-SNAPSHOT/spring-tx-4.2.0.BUILD-20150601.183604-407.jar (253 KB at 1569.2 KB/sec)
Downloading: http://repo.spring.io/libs-snapshot/org/springframework/spring-test/4.2.0.BUILD-SNAPSHOT/spring-test-4.2.0.BUILD-20150601.183604-407.jar
125/1024 KB   700/713 KB   27/58 KB   125/1024 KB   703/713 KB   27/58 KB   125/1024 KB   703/713 KB   30/58 KB   125/1024 KB   703/713 KB   34/58 KB   125/1024 KB   703/713 KB   38/58 KB   125/1024 KB   703/713 KB   38/58 KB   129/1024 KB   703/713 KB   38/58 KB   129/1024 KB   707/713 KB   38/58 KB   131/1024 KB   707/713 KB   42/58 KB   131/1024 KB   707/713 KB   38/58 KB   131/1024 KB   707/713 KB   46/58 KB   135/1024 KB   707/713 KB   46/58 KB   135/1024 KB   707/713 KB   50/58 KB   139/1024 KB   707/713 KB   50/58 KB   139/1024 KB   707/713 KB   54/58 KB   143/1024 KB   707/713 KB   54/58 KB   143/1024 KB   711/713 KB   54/58 KB   145/1024 KB   711/713 KB   54/58 KB   145/1024 KB   713/713 KB   54/58 KB   149/1024 KB   713/713 KB   54/58 KB   153/1024 KB   713/713 KB   54/58 KB   157/1024 KB   713/713 KB   54/58 KB   161/1024 KB   713/713 KB   54/58 KB   165/1024 KB   713/713 KB   54/58 KB   169/1024 KB   713/713 KB   54/58 KB   173/1024 KB   713/713 KB   54/58 KB   175/1024 KB   713/713 KB   54/58 KB   175/1024 KB   713/713 KB   55/58 KB   175/1024 KB   713/713 KB   58/58 KB   179/1024 KB   713/713 KB   58/58 KB   182/1024 KB   713/713 KB   58/58 KB   186/1024 KB   713/713 KB   58/58 KB   188/1024 KB   713/713 KB   58/58 KB   192/1024 KB   713/713 KB   58/58 KB   196/1024 KB   713/713 KB   58/58 KB   200/1024 KB   713/713 KB   58/58 KB   204/1024 KB   713/713 KB   58/58 KB   208/1024 KB   713/713 KB   58/58 KB   212/1024 KB   713/713 KB   58/58 KB   216/1024 KB   713/713 KB   58/58 KB   220/1024 KB   713/713 KB   58/58 KB   224/1024 KB   713/713 KB   58/58 KB   224/1024 KB   713/713 KB   58/58 KB   227/1024 KB   713/713 KB   58/58 KB   231/1024 KB   713/713 KB   58/58 KB   231/1024 KB   713/713 KB   58/58 KB   235/1024 KB   713/713 KB   58/58 KB   239/1024 KB   713/713 KB   58/58 KB   243/1024 KB   713/713 KB   58/58 KB   246/1024 KB   713/713 KB   58/58 KB   248/1024 KB   713/713 KB   58/58 KB   252/1024 KB   713/713 KB   58/58 KB   256/1024 KB   713/713 KB   58/58 KB   260/1024 KB   713/713 KB   58/58 KB   264/1024 KB   713/713 KB   58/58 KB   268/1024 KB   713/713 KB   58/58 KB   272/1024 KB   713/713 KB   58/58 KB   276/1024 KB   713/713 KB   58/58 KB   279/1024 KB   713/713 KB   58/58 KB   283/1024 KB   713/713 KB   58/58 KB   287/1024 KB   713/713 KB   58/58 KB   288/1024 KB   713/713 KB   58/58 KB   291/1024 KB   713/713 KB   58/58 KB   294/1024 KB   713/713 KB   58/58 KB   298/1024 KB   713/713 KB   58/58 KB   302/1024 KB   713/713 KB   58/58 KB   306/1024 KB   713/713 KB   58/58 KB   310/1024 KB   713/713 KB   58/58 KB   314/1024 KB   713/713 KB   58/58 KB   318/1024 KB   713/713 KB   58/58 KB   322/1024 KB   713/713 KB   58/58 KB   326/1024 KB   713/713 KB   58/58 KB   330/1024 KB   713/713 KB   58/58 KB   332/1024 KB   713/713 KB   58/58 KB   335/1024 KB   713/713 KB   58/58 KB   337/1024 KB   713/713 KB   58/58 KB   339/1024 KB   713/713 KB   58/58 KB   343/1024 KB   713/713 KB   58/58 KB   346/1024 KB   713/713 KB   58/58 KB   350/1024 KB   713/713 KB   58/58 KB   354/1024 KB   713/713 KB   58/58 KB   358/1024 KB   713/713 KB   58/58 KB   362/1024 KB   713/713 KB   58/58 KB   363/1024 KB   713/713 KB   58/58 KB   367/1024 KB   713/713 KB   58/58 KB   370/1024 KB   713/713 KB   58/58 KB   374/1024 KB   713/713 KB   58/58 KB   376/1024 KB   713/713 KB   58/58 KB   378/1024 KB   713/713 KB   58/58 KB   381/1024 KB   713/713 KB   58/58 KB   385/1024 KB   713/713 KB   58/58 KB   386/1024 KB   713/713 KB   58/58 KB   390/1024 KB   713/713 KB   58/58 KB   393/1024 KB   713/713 KB   58/58 KB   397/1024 KB   713/713 KB   58/58 KB   401/1024 KB   713/713 KB   58/58 KB   405/1024 KB   713/713 KB   58/58 KB   407/1024 KB   713/713 KB   58/58 KB   411/1024 KB   713/713 KB   58/58 KB   412/1024 KB   713/713 KB   58/58 KB   416/1024 KB   713/713 KB   58/58 KB   418/1024 KB   713/713 KB   58/58 KB   422/1024 KB   713/713 KB   58/58 KB   424/1024 KB   713/713 KB   58/58 KB   427/1024 KB   713/713 KB   58/58 KB   431/1024 KB   713/713 KB   58/58 KB   434/1024 KB   713/713 KB   58/58 KB   438/1024 KB   713/713 KB   58/58 KB   439/1024 KB   713/713 KB   58/58 KB   443/1024 KB   713/713 KB   58/58 KB   447/1024 KB   713/713 KB   58/58 KB   451/1024 KB   713/713 KB   58/58 KB   455/1024 KB   713/713 KB   58/58 KB   459/1024 KB   713/713 KB   58/58 KB   460/1024 KB   713/713 KB   58/58 KB   464/1024 KB   713/713 KB   58/58 KB   466/1024 KB   713/713 KB   58/58 KB   469/1024 KB   713/713 KB   58/58 KB   473/1024 KB   713/713 KB   58/58 KB   473/1024 KB   713/713 KB   58/58 KB   477/1024 KB   713/713 KB   58/58 KB   480/1024 KB   713/713 KB   58/58 KB   484/1024 KB   713/713 KB   58/58 KB   487/1024 KB   713/713 KB   58/58 KB   491/1024 KB   713/713 KB   58/58 KB   495/1024 KB   713/713 KB   58/58 KB   499/1024 KB   713/713 KB   58/58 KB   503/1024 KB   713/713 KB   58/58 KB   504/1024 KB   713/713 KB   58/58 KB   508/1024 KB   713/713 KB   58/58 KB   509/1024 KB   713/713 KB   58/58 KB   511/1024 KB   713/713 KB   58/58 KB   515/1024 KB   713/713 KB   58/58 KB   519/1024 KB   713/713 KB   58/58 KB   523/1024 KB   713/713 KB   58/58 KB   527/1024 KB   713/713 KB   58/58 KB   531/1024 KB   713/713 KB   58/58 KB   535/1024 KB   713/713 KB   58/58 KB   539/1024 KB   713/713 KB   58/58 KB   543/1024 KB   713/713 KB   58/58 KB   545/1024 KB   713/713 KB   58/58 KB   548/1024 KB   713/713 KB   58/58 KB   551/1024 KB   713/713 KB   58/58 KB   554/1024 KB   713/713 KB   58/58 KB   558/1024 KB   713/713 KB   58/58 KB   562/1024 KB   713/713 KB   58/58 KB   565/1024 KB   713/713 KB   58/58 KB   569/1024 KB   713/713 KB   58/58 KB   573/1024 KB   713/713 KB   58/58 KB   577/1024 KB   713/713 KB   58/58 KB   581/1024 KB   713/713 KB   58/58 KB   585/1024 KB   713/713 KB   58/58 KB   589/1024 KB   713/713 KB   58/58 KB   592/1024 KB   713/713 KB   58/58 KB   595/1024 KB   713/713 KB   58/58 KB   598/1024 KB   713/713 KB   58/58 KB   602/1024 KB   713/713 KB   58/58 KB   606/1024 KB   713/713 KB   58/58 KB   610/1024 KB   713/713 KB   58/58 KB   612/1024 KB   713/713 KB   58/58 KB   616/1024 KB   713/713 KB   58/58 KB   617/1024 KB   713/713 KB   58/58 KB   621/1024 KB   713/713 KB   58/58 KB   625/1024 KB   713/713 KB   58/58 KB   629/1024 KB   713/713 KB   58/58 KB   633/1024 KB   713/713 KB   58/58 KB   636/1024 KB   713/713 KB   58/58 KB   639/1024 KB   713/713 KB   58/58 KB   641/1024 KB   713/713 KB   58/58 KB   645/1024 KB   713/713 KB   58/58 KB   649/1024 KB   713/713 KB   58/58 KB   653/1024 KB   713/713 KB   58/58 KB   656/1024 KB   713/713 KB   58/58 KB   660/1024 KB   713/713 KB   58/58 KB   661/1024 KB   713/713 KB   58/58 KB   665/1024 KB   713/713 KB   58/58 KB   669/1024 KB   713/713 KB   58/58 KB   673/1024 KB   713/713 KB   58/58 KB   675/1024 KB   713/713 KB   58/58 KB   678/1024 KB   713/713 KB   58/58 KB   681/1024 KB   713/713 KB   58/58 KB   684/1024 KB   713/713 KB   58/58 KB   687/1024 KB   713/713 KB   58/58 KB   691/1024 KB   713/713 KB   58/58 KB   694/1024 KB   713/713 KB   58/58 KB   698/1024 KB   713/713 KB   58/58 KB   702/1024 KB   713/713 KB   58/58 KB   706/1024 KB   713/713 KB   58/58 KB   707/1024 KB   713/713 KB   58/58 KB   711/1024 KB   713/713 KB   58/58 KB   715/1024 KB   713/713 KB   58/58 KB   719/1024 KB   713/713 KB   58/58 KB   721/1024 KB   713/713 KB   58/58 KB   723/1024 KB   713/713 KB   58/58 KB   726/1024 KB   713/713 KB   58/58 KB   729/1024 KB   713/713 KB   58/58 KB   733/1024 KB   713/713 KB   58/58 KB   737/1024 KB   713/713 KB   58/58 KB   741/1024 KB   713/713 KB   58/58 KB   745/1024 KB   713/713 KB   58/58 KB   749/1024 KB   713/713 KB   58/58 KB   750/1024 KB   713/713 KB   58/58 KB   754/1024 KB   713/713 KB   58/58 KB   758/1024 KB   713/713 KB   58/58 KB   762/1024 KB   713/713 KB   58/58 KB   766/1024 KB   713/713 KB   58/58 KB   769/1024 KB   713/713 KB   58/58 KB   772/1024 KB   713/713 KB   58/58 KB   773/1024 KB   713/713 KB   58/58 KB   777/1024 KB   713/713 KB   58/58 KB   781/1024 KB   713/713 KB   58/58 KB   785/1024 KB   713/713 KB   58/58 KB   789/1024 KB   713/713 KB   58/58 KB   793/1024 KB   713/713 KB   58/58 KB   797/1024 KB   713/713 KB   58/58 KB   800/1024 KB   713/713 KB   58/58 KB   804/1024 KB   713/713 KB   58/58 KB   808/1024 KB   713/713 KB   58/58 KB   812/1024 KB   713/713 KB   58/58 KB   813/1024 KB   713/713 KB   58/58 KB   815/1024 KB   713/713 KB   58/58 KB   819/1024 KB   713/713 KB   58/58 KB   821/1024 KB   713/713 KB   58/58 KB   824/1024 KB   713/713 KB   58/58 KB   828/1024 KB   713/713 KB   58/58 KB   832/1024 KB   713/713 KB   58/58 KB   836/1024 KB   713/713 KB   58/58 KB   837/1024 KB   713/713 KB   58/58 KB   841/1024 KB   713/713 KB   58/58 KB   842/1024 KB   713/713 KB   58/58 KB   846/1024 KB   713/713 KB   58/58 KB   849/1024 KB   713/713 KB   58/58 KB   853/1024 KB   713/713 KB   58/58 KB   856/1024 KB   713/713 KB   58/58 KB   859/1024 KB   713/713 KB   58/58 KB   862/1024 KB   713/713 KB   58/58 KB   863/1024 KB   713/713 KB   58/58 KB   867/1024 KB   713/713 KB   58/58 KB   869/1024 KB   713/713 KB   58/58 KB   873/1024 KB   713/713 KB   58/58 KB   876/1024 KB   713/713 KB   58/58 KB   880/1024 KB   713/713 KB   58/58 KB   883/1024 KB   713/713 KB   58/58 KB   887/1024 KB   713/713 KB   58/58 KB   891/1024 KB   713/713 KB   58/58 KB   895/1024 KB   713/713 KB   58/58 KB   899/1024 KB   713/713 KB   58/58 KB   902/1024 KB   713/713 KB   58/58 KB   904/1024 KB   713/713 KB   58/58 KB   907/1024 KB   713/713 KB   58/58 KB   911/1024 KB   713/713 KB   58/58 KB   913/1024 KB   713/713 KB   58/58 KB   917/1024 KB   713/713 KB   58/58 KB   921/1024 KB   713/713 KB   58/58 KB   925/1024 KB   713/713 KB   58/58 KB   929/1024 KB   713/713 KB   58/58 KB   933/1024 KB   713/713 KB   58/58 KB   937/1024 KB   713/713 KB   58/58 KB   941/1024 KB   713/713 KB   58/58 KB   944/1024 KB   713/713 KB   58/58 KB   947/1024 KB   713/713 KB   58/58 KB   951/1024 KB   713/713 KB   58/58 KB   953/1024 KB   713/713 KB   58/58 KB   955/1024 KB   713/713 KB   58/58 KB   957/1024 KB   713/713 KB   58/58 KB   961/1024 KB   713/713 KB   58/58 KB   965/1024 KB   713/713 KB   58/58 KB   968/1024 KB   713/713 KB   58/58 KB   972/1024 KB   713/713 KB   58/58 KB   976/1024 KB   713/713 KB   58/58 KB   980/1024 KB   713/713 KB   58/58 KB   984/1024 KB   713/713 KB   58/58 KB   988/1024 KB   713/713 KB   58/58 KB   991/1024 KB   713/713 KB   58/58 KB   995/1024 KB   713/713 KB   58/58 KB   996/1024 KB   713/713 KB   58/58 KB   999/1024 KB   713/713 KB   58/58 KB   1003/1024 KB   713/713 KB   58/58 KB   1006/1024 KB   713/713 KB   58/58 KB   1010/1024 KB   713/713 KB   58/58 KB   1012/1024 KB   713/713 KB   58/58 KB   1016/1024 KB   713/713 KB   58/58 KB   1020/1024 KB   713/713 KB   58/58 KB   1024/1024 KB   713/713 KB   58/58 KB                                          Downloaded: http://repo.spring.io/libs-snapshot/org/springframework/spring-aspects/4.2.0.BUILD-SNAPSHOT/spring-aspects-4.2.0.BUILD-20150601.183604-407.jar (58 KB at 302.7 KB/sec)
                                       Downloaded: http://repo.spring.io/libs-snapshot/org/springframework/spring-beans/4.2.0.BUILD-SNAPSHOT/spring-beans-4.2.0.BUILD-20150601.183604-407.jar (713 KB at 3543.4 KB/sec)
1024/1024 KB   1/502 KB                1024/1024 KB   5/502 KB   1024/1024 KB   9/502 KB   1024/1024 KB   13/502 KB   1024/1024 KB   17/502 KB   1024/1024 KB   21/502 KB   1024/1024 KB   25/502 KB   1024/1024 KB   29/502 KB   1024/1024 KB   33/502 KB   1024/1024 KB   36/502 KB   1024/1024 KB   40/502 KB   1024/1024 KB   44/502 KB   1024/1024 KB   48/502 KB   1024/1024 KB   52/502 KB   1024/1024 KB   56/502 KB   1024/1024 KB   59/502 KB   1024/1024 KB   63/502 KB   1024/1024 KB   63/502 KB   1024/1024 KB   67/502 KB   1024/1024 KB   67/502 KB   1024/1024 KB   71/502 KB   1024/1024 KB   75/502 KB   1024/1024 KB   79/502 KB   1024/1024 KB   83/502 KB   1024/1024 KB   87/502 KB   1024/1024 KB   91/502 KB   1024/1024 KB   95/502 KB   1024/1024 KB   99/502 KB   1024/1024 KB   103/502 KB   1024/1024 KB   107/502 KB   1024/1024 KB   111/502 KB   1024/1024 KB   115/502 KB   1024/1024 KB   119/502 KB   1024/1024 KB   123/502 KB   1024/1024 KB   127/502 KB   1024/1024 KB   128/502 KB   1024/1024 KB   132/502 KB   1024/1024 KB   135/502 KB   1024/1024 KB   137/502 KB   1024/1024 KB   141/502 KB   1024/1024 KB   144/502 KB   1024/1024 KB   147/502 KB   1024/1024 KB   151/502 KB   1024/1024 KB   152/502 KB   1024/1024 KB   156/502 KB   1024/1024 KB   160/502 KB   1024/1024 KB   164/502 KB   1024/1024 KB   168/502 KB   1024/1024 KB   172/502 KB   1024/1024 KB   176/502 KB   1024/1024 KB   180/502 KB   1024/1024 KB   184/502 KB   1024/1024 KB   188/502 KB   1024/1024 KB   192/502 KB   1024/1024 KB   196/502 KB   1024/1024 KB   200/502 KB   1024/1024 KB   204/502 KB   1024/1024 KB   208/502 KB   1024/1024 KB   212/502 KB   1024/1024 KB   216/502 KB   1024/1024 KB   220/502 KB   1024/1024 KB   223/502 KB   1024/1024 KB   226/502 KB   1024/1024 KB   230/502 KB   1024/1024 KB   234/502 KB   1024/1024 KB   238/502 KB   1024/1024 KB   242/502 KB   1024/1024 KB   246/502 KB   1024/1024 KB   250/502 KB   1024/1024 KB   254/502 KB   1024/1024 KB   258/502 KB   1024/1024 KB   262/502 KB   1024/1024 KB   266/502 KB   1024/1024 KB   270/502 KB   1024/1024 KB   274/502 KB   1024/1024 KB   278/502 KB   1024/1024 KB   282/502 KB   1024/1024 KB   286/502 KB   1024/1024 KB   290/502 KB   1024/1024 KB   294/502 KB   1024/1024 KB   298/502 KB   1024/1024 KB   302/502 KB   1024/1024 KB   305/502 KB   1024/1024 KB   309/502 KB   1024/1024 KB   313/502 KB   1024/1024 KB   317/502 KB   1024/1024 KB   321/502 KB   1024/1024 KB   325/502 KB   1024/1024 KB   329/502 KB   1024/1024 KB   333/502 KB   1024/1024 KB   337/502 KB   1024/1024 KB   341/502 KB   1024/1024 KB   345/502 KB   1024/1024 KB   349/502 KB   1024/1024 KB   353/502 KB   1024/1024 KB   357/502 KB   1024/1024 KB   361/502 KB   1024/1024 KB   365/502 KB   1024/1024 KB   369/502 KB   1024/1024 KB   373/502 KB   1024/1024 KB   377/502 KB   1024/1024 KB   381/502 KB   1024/1024 KB   385/502 KB   1024/1024 KB   389/502 KB   1024/1024 KB   393/502 KB   1024/1024 KB   397/502 KB   1024/1024 KB   401/502 KB   1024/1024 KB   405/502 KB   1024/1024 KB   409/502 KB   1024/1024 KB   413/502 KB   1024/1024 KB   417/502 KB   1024/1024 KB   421/502 KB   1024/1024 KB   425/502 KB   1024/1024 KB   429/502 KB   1024/1024 KB   433/502 KB   1024/1024 KB   437/502 KB   1024/1024 KB   441/502 KB   1024/1024 KB   445/502 KB   1024/1024 KB   449/502 KB   1024/1024 KB   453/502 KB   1024/1024 KB   457/502 KB   1024/1024 KB   461/502 KB   1024/1024 KB   465/502 KB   1024/1024 KB   469/502 KB   1024/1024 KB   473/502 KB   1024/1024 KB   477/502 KB   1024/1024 KB   481/502 KB   1024/1024 KB   485/502 KB   1024/1024 KB   489/502 KB   1024/1024 KB   493/502 KB   1024/1024 KB   497/502 KB   1024/1024 KB   501/502 KB   1024/1024 KB   502/502 KB                               Downloaded: http://repo.spring.io/libs-snapshot/org/springframework/spring-core/4.2.0.BUILD-SNAPSHOT/spring-core-4.2.0.BUILD-20150601.183604-407.jar (1024 KB at 4803.3 KB/sec)
                            Downloaded: http://repo.spring.io/libs-snapshot/org/springframework/spring-test/4.2.0.BUILD-SNAPSHOT/spring-test-4.2.0.BUILD-20150601.183604-407.jar (502 KB at 2151.3 KB/sec)
4/8 KB                      8/8 KB            Downloaded: http://repo.spring.io/libs-snapshot/org/springframework/spring-instrument/4.2.0.BUILD-SNAPSHOT/spring-instrument-4.2.0.BUILD-20150601.183604-407.jar (8 KB at 17.7 KB/sec)
[INFO] 
[INFO] --- maven-clean-plugin:2.5:clean (default-clean) @ spring-data-jpa ---
[INFO] 
[INFO] --- maven-dependency-plugin:2.8:list (default-cli) @ spring-data-jpa ---
[INFO] 
[INFO] The following files have been resolved:
[INFO]    antlr:antlr:jar:2.7.6:compile
[INFO]    aopalliance:aopalliance:jar:1.0:compile
[INFO]    asm:asm:jar:3.1:compile
[INFO]    cglib:cglib:jar:2.2:compile
[INFO]    ch.qos.logback:logback-classic:jar:1.1.3:test
[INFO]    ch.qos.logback:logback-core:jar:1.1.3:test
[INFO]    com.google.code.findbugs:jsr305:jar:1.3.9:compile
[INFO]    com.google.guava:guava:jar:17.0:test
[INFO]    com.infradna.tool:bridge-method-annotation:jar:1.13:compile
[INFO]    com.mysema.codegen:codegen:jar:0.6.6:provided
[INFO]    com.mysema.commons:mysema-commons-lang:jar:0.2.4:compile
[INFO]    com.mysema.querydsl:querydsl-apt:jar:3.6.4:provided
[INFO]    com.mysema.querydsl:querydsl-codegen:jar:3.6.4:provided
[INFO]    com.mysema.querydsl:querydsl-core:jar:3.6.4:compile
[INFO]    com.mysema.querydsl:querydsl-jpa:jar:3.6.4:compile
[INFO]    commons-collections:commons-collections:jar:3.1:compile
[INFO]    commons-lang:commons-lang:jar:2.4:compile
[INFO]    commons-pool:commons-pool:jar:1.5.4:compile
[INFO]    dom4j:dom4j:jar:1.6.1:compile
[INFO]    javassist:javassist:jar:3.12.0.GA:compile
[INFO]    javax.annotation:jsr250-api:jar:1.0:provided
[INFO]    javax.el:el-api:jar:1.0:test
[INFO]    javax.enterprise:cdi-api:jar:1.0:provided
[INFO]    javax.inject:javax.inject:jar:1:provided
[INFO]    javax.servlet:javax.servlet-api:jar:3.0.1:test
[INFO]    javax.transaction:jta:jar:1.1:compile
[INFO]    joda-time:joda-time:jar:2.8:compile
[INFO]    junit:junit:jar:4.12:test
[INFO]    net.sourceforge.serp:serp:jar:1.14.1:compile
[INFO]    org.apache.geronimo.specs:geronimo-atinject_1.0_spec:jar:1.0:test
[INFO]    org.apache.geronimo.specs:geronimo-jcdi_1.0_spec:jar:1.0:test
[INFO]    org.apache.geronimo.specs:geronimo-jms_1.1_spec:jar:1.1.1:compile
[INFO]    org.apache.geronimo.specs:geronimo-jpa_2.0_spec:jar:1.1:compile
[INFO]    org.apache.geronimo.specs:geronimo-jta_1.1_spec:jar:1.1.1:compile
[INFO]    org.apache.openjpa:openjpa-jdbc:jar:2.3.0:compile
[INFO]    org.apache.openjpa:openjpa-kernel:jar:2.3.0:compile
[INFO]    org.apache.openjpa:openjpa-lib:jar:2.3.0:compile
[INFO]    org.apache.openjpa:openjpa-persistence-jdbc:jar:2.3.0:compile
[INFO]    org.apache.openjpa:openjpa-persistence:jar:2.3.0:compile
[INFO]    org.apache.openwebbeans.test:cditest-owb:jar:1.2.8:test
[INFO]    org.apache.openwebbeans.test:cditest:jar:1.2.8:test
[INFO]    org.apache.openwebbeans:openwebbeans-impl:jar:1.2.8:test
[INFO]    org.apache.openwebbeans:openwebbeans-spi:jar:1.2.8:test
[INFO]    org.apache.xbean:xbean-asm4-shaded:jar:3.14:compile
[INFO]    org.apache.xbean:xbean-asm5-shaded:jar:4.1:test
[INFO]    org.apache.xbean:xbean-finder-shaded:jar:4.1:test
[INFO]    org.aspectj:aspectjrt:jar:1.8.5:compile
[INFO]    org.aspectj:aspectjweaver:jar:1.8.5:test
[INFO]    org.eclipse.jdt.core.compiler:ecj:jar:4.3.1:provided
[INFO]    org.eclipse.persistence:javax.persistence:jar:2.1.0:compile
[INFO]    org.eclipse.persistence:org.eclipse.persistence.antlr:jar:2.6.0:compile
[INFO]    org.eclipse.persistence:org.eclipse.persistence.asm:jar:2.6.0:compile
[INFO]    org.eclipse.persistence:org.eclipse.persistence.core:jar:2.6.0:compile
[INFO]    org.eclipse.persistence:org.eclipse.persistence.jpa.jpql:jar:2.6.0:compile
[INFO]    org.eclipse.persistence:org.eclipse.persistence.jpa:jar:2.6.0:compile
[INFO]    org.glassfish:javax.json:jar:1.0.4:compile
[INFO]    org.hamcrest:hamcrest-core:jar:1.3:test
[INFO]    org.hamcrest:hamcrest-library:jar:1.3:test
[INFO]    org.hibernate.javax.persistence:hibernate-jpa-2.0-api:jar:1.0.1.Final:compile
[INFO]    org.hibernate:hibernate-commons-annotations:jar:3.2.0.Final:compile
[INFO]    org.hibernate:hibernate-core:jar:3.6.10.Final:compile
[INFO]    org.hibernate:hibernate-entitymanager:jar:3.6.10.Final:compile
[INFO]    org.hsqldb:hsqldb:jar:2.2.8:test
[INFO]    org.jboss.interceptor:jboss-interceptor-api:jar:1.1:provided
[INFO]    org.mockito:mockito-core:jar:1.10.19:test
[INFO]    org.objenesis:objenesis:jar:2.1:test
[INFO]    org.slf4j:jcl-over-slf4j:jar:1.7.12:runtime
[INFO]    org.slf4j:slf4j-api:jar:1.7.12:compile
[INFO]    org.springframework.data:spring-data-commons:jar:1.11.0.M1:compile
[INFO]    org.springframework:spring-aop:jar:4.2.0.BUILD-SNAPSHOT:compile
[INFO]    org.springframework:spring-aspects:jar:4.2.0.BUILD-SNAPSHOT:compile
[INFO]    org.springframework:spring-beans:jar:4.2.0.BUILD-SNAPSHOT:compile
[INFO]    org.springframework:spring-context:jar:4.2.0.BUILD-SNAPSHOT:compile
[INFO]    org.springframework:spring-core:jar:4.2.0.BUILD-SNAPSHOT:compile
[INFO]    org.springframework:spring-expression:jar:4.2.0.BUILD-SNAPSHOT:compile
[INFO]    org.springframework:spring-instrument:jar:4.2.0.BUILD-SNAPSHOT:provided
[INFO]    org.springframework:spring-jdbc:jar:4.2.0.BUILD-SNAPSHOT:compile
[INFO]    org.springframework:spring-orm:jar:4.2.0.BUILD-SNAPSHOT:compile
[INFO]    org.springframework:spring-test:jar:4.2.0.BUILD-SNAPSHOT:test
[INFO]    org.springframework:spring-tx:jar:4.2.0.BUILD-SNAPSHOT:compile
[INFO]    org.threeten:threetenbp:jar:1.2:compile
[INFO] 
[INFO] 
[INFO] --- apt-maven-plugin:1.1.3:process (sources) @ spring-data-jpa ---
[INFO] 
[INFO] --- maven-resources-plugin:2.6:resources (default-resources) @ spring-data-jpa ---
[INFO] Using 'UTF-8' encoding to copy filtered resources.
[INFO] Copying 13 resources
[INFO] 
[INFO] --- maven-compiler-plugin:3.1:compile (default-compile) @ spring-data-jpa ---
[INFO] Changes detected - recompiling the module!
[INFO] Compiling 98 source files to /home/travis/build/spring-projects/spring-data-jpa/target/classes
[WARNING] /home/travis/build/spring-projects/spring-data-jpa/target/generated-sources/annotations/org/springframework/data/jpa/domain/QAbstractPersistable.java: Some input files use unchecked or unsafe operations.
[WARNING] /home/travis/build/spring-projects/spring-data-jpa/target/generated-sources/annotations/org/springframework/data/jpa/domain/QAbstractPersistable.java: Recompile with -Xlint:unchecked for details.
[INFO] 
[INFO] --- com.springsource.bundlor.maven:1.0.0.RELEASE:bundlor (bundlor) @ spring-data-jpa ---
Manifest written to '/home/travis/build/spring-projects/spring-data-jpa/target/classes/META-INF/MANIFEST.MF'
[INFO] 
[INFO] --- aspectj-maven-plugin:1.6:compile (default) @ spring-data-jpa ---
[INFO] 
[INFO] --- apt-maven-plugin:1.1.3:test-process (test-sources) @ spring-data-jpa ---
[INFO] 
[INFO] --- maven-resources-plugin:2.6:testResources (default-testResources) @ spring-data-jpa ---
[INFO] Using 'UTF-8' encoding to copy filtered resources.
[INFO] Copying 33 resources
[INFO] 
[INFO] --- maven-compiler-plugin:3.1:testCompile (default-testCompile) @ spring-data-jpa ---
[INFO] Changes detected - recompiling the module!
[INFO] Compiling 297 source files to /home/travis/build/spring-projects/spring-data-jpa/target/test-classes
[INFO] 
[INFO] --- maven-surefire-plugin:2.12:test (default-test) @ spring-data-jpa ---
Downloading: https://repo.spring.io/plugins-release/org/springframework/spring-instrument/4.2.0.BUILD-SNAPSHOT/maven-metadata.xml
         [INFO] Surefire report directory: /home/travis/build/spring-projects/spring-data-jpa/target/surefire-reports

-------------------------------------------------------
 T E S T S
-------------------------------------------------------

Results :

Tests run: 0, Failures: 0, Errors: 0, Skipped: 0

[INFO] 
[INFO] --- maven-surefire-plugin:2.12:test (unit-tests) @ spring-data-jpa ---
[INFO] Surefire report directory: /home/travis/build/spring-projects/spring-data-jpa/target/surefire-reports

-------------------------------------------------------
 T E S T S
-------------------------------------------------------
Running org.springframework.data.jpa.repository.support.JpaEntityInformationSupportUnitTests
Tests run: 2, Failures: 0, Errors: 0, Skipped: 0, Time elapsed: 0.459 sec
Running org.springframework.data.jpa.repository.support.EntityManagerBeanDefinitionRegistratPostProcessorUnitTests
Tests run: 1, Failures: 0, Errors: 0, Skipped: 0, Time elapsed: 0.343 sec
Running org.springframework.data.jpa.repository.support.JpaRepositoryFactoryBeanUnitTests
Tests run: 4, Failures: 0, Errors: 0, Skipped: 0, Time elapsed: 0.174 sec
Running org.springframework.data.jpa.repository.support.SimpleJpaRepositoryUnitTests
Tests run: 3, Failures: 0, Errors: 0, Skipped: 0, Time elapsed: 0.406 sec
Running org.springframework.data.jpa.repository.support.JpaRepositoryFactoryUnitTests
Tests run: 8, Failures: 0, Errors: 0, Skipped: 0, Time elapsed: 0.548 sec
Running org.springframework.data.jpa.repository.support.JpaPersistableEntityInformationUnitTests
Tests run: 1, Failures: 0, Errors: 0, Skipped: 0, Time elapsed: 0.025 sec
Running org.springframework.data.jpa.repository.support.EntityManagerFactoryRefUnitTests
Tests run: 1, Failures: 0, Errors: 0, Skipped: 0, Time elapsed: 0.813 sec
Running org.springframework.data.jpa.repository.support.JpaMetamodelEntityInformationUnitTests
Tests run: 1, Failures: 0, Errors: 0, Skipped: 0, Time elapsed: 0.077 sec
Running org.springframework.data.jpa.repository.support.CrudMethodMetadataPopulatingMethodInterceptorUnitTests
Tests run: 1, Failures: 0, Errors: 0, Skipped: 0, Time elapsed: 0.006 sec
Running org.springframework.data.jpa.repository.query.SimpleJpaQueryUnitTests
Tests run: 9, Failures: 0, Errors: 0, Skipped: 0, Time elapsed: 0.128 sec
Running org.springframework.data.jpa.repository.query.ParameterBinderUnitTests
Tests run: 14, Failures: 0, Errors: 0, Skipped: 0, Time elapsed: 0.044 sec
Running org.springframework.data.jpa.repository.query.JpaQueryExecutionUnitTests
Tests run: 8, Failures: 0, Errors: 0, Skipped: 0, Time elapsed: 0.099 sec
Running org.springframework.data.jpa.repository.query.JpaQueryLookupStrategyUnitTests
Tests run: 2, Failures: 0, Errors: 0, Skipped: 0, Time elapsed: 0.029 sec
Running org.springframework.data.jpa.repository.query.JpaParametersUnitTests
Tests run: 1, Failures: 0, Errors: 0, Skipped: 0, Time elapsed: 0.002 sec
Running org.springframework.data.jpa.repository.query.ExpressionBasedStringQueryUnitTests
Tests run: 2, Failures: 0, Errors: 0, Skipped: 0, Time elapsed: 0.12 sec
Running org.springframework.data.jpa.repository.query.StringQueryUnitTests
Tests run: 20, Failures: 0, Errors: 0, Skipped: 0, Time elapsed: 0.035 sec
Running org.springframework.data.jpa.repository.query.JpaQueryMethodUnitTests
Tests run: 26, Failures: 0, Errors: 0, Skipped: 0, Time elapsed: 0.081 sec
Running org.springframework.data.jpa.repository.query.Jpa21UtilsUnitTests
Tests run: 1, Failures: 0, Errors: 0, Skipped: 0, Time elapsed: 0.009 sec
Running org.springframework.data.jpa.repository.query.LikeBindingUnitTests
Tests run: 8, Failures: 0, Errors: 0, Skipped: 0, Time elapsed: 0.047 sec
Running org.springframework.data.jpa.repository.query.StoredProcedureAttributeSourceUnitTests
Tests run: 6, Failures: 0, Errors: 0, Skipped: 0, Time elapsed: 0.026 sec
Running org.springframework.data.jpa.repository.query.StoredProcedureAttributesUnitTests
Tests run: 1, Failures: 0, Errors: 0, Skipped: 0, Time elapsed: 0.001 sec
Running org.springframework.data.jpa.repository.query.QueryUtilsUnitTests
Tests run: 24, Failures: 0, Errors: 0, Skipped: 0, Time elapsed: 0.027 sec
Running org.springframework.data.jpa.repository.query.NamedQueryUnitTests
Tests run: 2, Failures: 0, Errors: 0, Skipped: 0, Time elapsed: 0.003 sec
Running org.springframework.data.jpa.repository.cdi.JpaRepositoryExtensionUnitTests
Tests run: 3, Failures: 0, Errors: 0, Skipped: 0, Time elapsed: 0.03 sec
Running org.springframework.data.jpa.repository.config.JpaRepositoryConfigExtensionUnitTests
Tests run: 4, Failures: 0, Errors: 0, Skipped: 0, Time elapsed: 0.056 sec
Running org.springframework.data.jpa.repository.config.JpaAuditingRegistrarUnitTests
Tests run: 2, Failures: 0, Errors: 0, Skipped: 0, Time elapsed: 0.025 sec
Running org.springframework.data.jpa.repository.config.JpaRepositoriesRegistrarUnitTests
Tests run: 1, Failures: 0, Errors: 0, Skipped: 0, Time elapsed: 0.292 sec
Running org.springframework.data.jpa.repository.CrudMethodMetadataUnitTests
Tests run: 3, Failures: 0, Errors: 0, Skipped: 0, Time elapsed: 0.17 sec
Running org.springframework.data.jpa.support.MergingPersistenceUnitManagerUnitTests
Tests run: 5, Failures: 0, Errors: 0, Skipped: 0, Time elapsed: 0.462 sec
Running org.springframework.data.jpa.support.ClasspathScanningPersistenceUnitPostProcessorUnitTests
Tests run: 8, Failures: 0, Errors: 0, Skipped: 0, Time elapsed: 0.014 sec
Running org.springframework.data.jpa.domain.support.AuditingNamespaceUnitTests
Tests run: 5, Failures: 0, Errors: 0, Skipped: 0, Time elapsed: 1.143 sec
Running org.springframework.data.jpa.domain.support.AuditingBeanFactoryPostProcessorUnitTests
Tests run: 4, Failures: 0, Errors: 0, Skipped: 0, Time elapsed: 0.398 sec
Running org.springframework.data.jpa.domain.support.AnnotationAuditingBeanFactoryPostProcessorUnitTests
Tests run: 4, Failures: 0, Errors: 0, Skipped: 0, Time elapsed: 0.126 sec
Running org.springframework.data.jpa.domain.SpecificationsUnitTests
Tests run: 8, Failures: 0, Errors: 0, Skipped: 0, Time elapsed: 0.147 sec
Running org.springframework.data.jpa.mapping.JpaPersistentPropertyImplUnitTests
Tests run: 14, Failures: 0, Errors: 0, Skipped: 0, Time elapsed: 0.228 sec
Running org.springframework.data.jpa.provider.PersistenceProviderUnitTests
Tests run: 5, Failures: 0, Errors: 0, Skipped: 0, Time elapsed: 0.282 sec

Results :

Tests run: 212, Failures: 0, Errors: 0, Skipped: 0

[INFO] 
[INFO] --- maven-surefire-plugin:2.12:test (integration-tests) @ spring-data-jpa ---
[INFO] Surefire report directory: /home/travis/build/spring-projects/spring-data-jpa/target/surefire-reports

-------------------------------------------------------
 T E S T S
-------------------------------------------------------
Running org.springframework.data.jpa.repository.support.EntityManagerBeanDefinitionRegistrarPostProcessorIntegrationTests
Tests run: 1, Failures: 0, Errors: 0, Skipped: 0, Time elapsed: 5.591 sec
Running org.springframework.data.jpa.repository.support.TransactionalRepositoryTests
Tests run: 5, Failures: 0, Errors: 0, Skipped: 0, Time elapsed: 3.343 sec
Running org.springframework.data.jpa.repository.support.JpaMetamodelEntityInformationIntegrationTests
Tests run: 14, Failures: 0, Errors: 0, Skipped: 1, Time elapsed: 2.371 sec
Running org.springframework.data.jpa.repository.support.QueryDslJpaRepositoryTests
Tests run: 17, Failures: 0, Errors: 1, Skipped: 0, Time elapsed: 0.712 sec <<< FAILURE!
shouldSupportExistsWithPredicate(org.springframework.data.jpa.repository.support.QueryDslJpaRepositoryTests)  Time elapsed: 0.026 sec  <<< ERROR!
java.lang.NoClassDefFoundError: org/hibernate/jpa/HibernateQuery
	at com.mysema.query.jpa.HibernateHandler.transform(HibernateHandler.java:83)
	at com.mysema.query.jpa.impl.AbstractJPAQuery.createQuery(AbstractJPAQuery.java:161)
	at com.mysema.query.jpa.impl.AbstractJPAQuery.uniqueResult(AbstractJPAQuery.java:311)
	at com.mysema.query.jpa.impl.AbstractJPAQuery.uniqueResult(AbstractJPAQuery.java:304)
	at com.mysema.query.support.ProjectableQuery.singleResult(ProjectableQuery.java:75)
	at com.mysema.query.jpa.JPAQueryBase.exists(JPAQueryBase.java:67)
	at org.springframework.data.jpa.repository.support.QueryDslJpaRepository.exists(QueryDslJpaRepository.java:162)
	at org.springframework.data.jpa.repository.support.QueryDslJpaRepositoryTests.shouldSupportExistsWithPredicate(QueryDslJpaRepositoryTests.java:335)
	at sun.reflect.NativeMethodAccessorImpl.invoke0(Native Method)
	at sun.reflect.NativeMethodAccessorImpl.invoke(NativeMethodAccessorImpl.java:62)
	at sun.reflect.DelegatingMethodAccessorImpl.invoke(DelegatingMethodAccessorImpl.java:43)
	at java.lang.reflect.Method.invoke(Method.java:483)
	at org.junit.runners.model.FrameworkMethod$1.runReflectiveCall(FrameworkMethod.java:50)
	at org.junit.internal.runners.model.ReflectiveCallable.run(ReflectiveCallable.java:12)
	at org.junit.runners.model.FrameworkMethod.invokeExplosively(FrameworkMethod.java:47)
	at org.junit.internal.runners.statements.InvokeMethod.evaluate(InvokeMethod.java:17)
	at org.junit.internal.runners.statements.RunBefores.evaluate(RunBefores.java:26)
	at org.springframework.test.context.junit4.statements.RunBeforeTestMethodCallbacks.evaluate(RunBeforeTestMethodCallbacks.java:74)
	at org.springframework.test.context.junit4.statements.RunAfterTestMethodCallbacks.evaluate(RunAfterTestMethodCallbacks.java:85)
	at org.springframework.test.context.junit4.statements.SpringRepeat.evaluate(SpringRepeat.java:86)
	at org.junit.runners.ParentRunner.runLeaf(ParentRunner.java:325)
	at org.springframework.test.context.junit4.SpringJUnit4ClassRunner.runChild(SpringJUnit4ClassRunner.java:243)
	at org.springframework.test.context.junit4.SpringJUnit4ClassRunner.runChild(SpringJUnit4ClassRunner.java:88)
	at org.junit.runners.ParentRunner$3.run(ParentRunner.java:290)
	at org.junit.runners.ParentRunner$1.schedule(ParentRunner.java:71)
	at org.junit.runners.ParentRunner.runChildren(ParentRunner.java:288)
	at org.junit.runners.ParentRunner.access$000(ParentRunner.java:58)
	at org.junit.runners.ParentRunner$2.evaluate(ParentRunner.java:268)
	at org.springframework.test.context.junit4.statements.RunBeforeTestClassCallbacks.evaluate(RunBeforeTestClassCallbacks.java:61)
	at org.springframework.test.context.junit4.statements.RunAfterTestClassCallbacks.evaluate(RunAfterTestClassCallbacks.java:70)
	at org.junit.runners.ParentRunner.run(ParentRunner.java:363)
	at org.springframework.test.context.junit4.SpringJUnit4ClassRunner.run(SpringJUnit4ClassRunner.java:182)
	at org.apache.maven.surefire.junit4.JUnit4Provider.execute(JUnit4Provider.java:236)
	at org.apache.maven.surefire.junit4.JUnit4Provider.executeTestSet(JUnit4Provider.java:134)
	at org.apache.maven.surefire.junit4.JUnit4Provider.invoke(JUnit4Provider.java:113)
	at sun.reflect.NativeMethodAccessorImpl.invoke0(Native Method)
	at sun.reflect.NativeMethodAccessorImpl.invoke(NativeMethodAccessorImpl.java:62)
	at sun.reflect.DelegatingMethodAccessorImpl.invoke(DelegatingMethodAccessorImpl.java:43)
	at java.lang.reflect.Method.invoke(Method.java:483)
	at org.apache.maven.surefire.util.ReflectionUtils.invokeMethodWithArray(ReflectionUtils.java:189)
	at org.apache.maven.surefire.booter.ProviderFactory$ProviderProxy.invoke(ProviderFactory.java:165)
	at org.apache.maven.surefire.booter.ProviderFactory.invokeProvider(ProviderFactory.java:85)
	at org.apache.maven.surefire.booter.ForkedBooter.runSuitesInProcess(ForkedBooter.java:103)
	at org.apache.maven.surefire.booter.ForkedBooter.main(ForkedBooter.java:74)
Caused by: java.lang.ClassNotFoundException: org.hibernate.jpa.HibernateQuery
	at java.net.URLClassLoader$1.run(URLClassLoader.java:372)
	at java.net.URLClassLoader$1.run(URLClassLoader.java:361)
	at java.security.AccessController.doPrivileged(Native Method)
	at java.net.URLClassLoader.findClass(URLClassLoader.java:360)
	at java.lang.ClassLoader.loadClass(ClassLoader.java:424)
	at sun.misc.Launcher$AppClassLoader.loadClass(Launcher.java:308)
	at java.lang.ClassLoader.loadClass(ClassLoader.java:357)
	... 44 more
Running org.springframework.data.jpa.repository.support.MailMessageRepositoryIntegrationTests
Tests run: 4, Failures: 0, Errors: 0, Skipped: 0, Time elapsed: 3.651 sec
Running org.springframework.data.jpa.repository.support.JavaConfigDefaultTransactionDisablingIntegrationTests
Tests run: 3, Failures: 0, Errors: 0, Skipped: 0, Time elapsed: 4.343 sec
Running org.springframework.data.jpa.repository.support.XmlConfigDefaultTransactionDisablingIntegrationTests
Tests run: 3, Failures: 0, Errors: 0, Skipped: 0, Time elapsed: 4.168 sec
Running org.springframework.data.jpa.repository.support.QueryDslRepositorySupportTests
Tests run: 4, Failures: 0, Errors: 0, Skipped: 0, Time elapsed: 0.321 sec
Running org.springframework.data.jpa.repository.support.QueryDslRepositorySupportIntegrationTests
Tests run: 2, Failures: 0, Errors: 0, Skipped: 0, Time elapsed: 1.42 sec
Running org.springframework.data.jpa.repository.support.JpaRepositoryTests
Tests run: 4, Failures: 0, Errors: 0, Skipped: 0, Time elapsed: 0.291 sec
Running org.springframework.data.jpa.repository.support.QuerydslIntegrationTests
Tests run: 1, Failures: 0, Errors: 0, Skipped: 0, Time elapsed: 0.056 sec
Running org.springframework.data.jpa.repository.support.EntityManagerFactoryRefTests
Tests run: 2, Failures: 0, Errors: 0, Skipped: 0, Time elapsed: 3.398 sec
Running org.springframework.data.jpa.repository.query.PartTreeJpaQueryIntegrationTests
Tests run: 4, Failures: 0, Errors: 0, Skipped: 0, Time elapsed: 0.1 sec
Running org.springframework.data.jpa.repository.query.ParameterExpressionProviderTests
Tests run: 1, Failures: 0, Errors: 0, Skipped: 0, Time elapsed: 0.012 sec
Running org.springframework.data.jpa.repository.query.QueryUtilsIntegrationTests
Tests run: 5, Failures: 0, Errors: 0, Skipped: 0, Time elapsed: 0.334 sec
Running org.springframework.data.jpa.repository.query.AbstractJpaQueryTests
Tests run: 5, Failures: 0, Errors: 0, Skipped: 2, Time elapsed: 0.69 sec
Running org.springframework.data.jpa.repository.cdi.CdiExtensionIntegrationTests
Jun 02, 2015 7:30:42 AM org.apache.webbeans.lifecycle.AbstractLifeCycle bootstrapApplication
INFO: OpenWebBeans Container is starting...
Jun 02, 2015 7:30:42 AM org.apache.webbeans.corespi.scanner.AbstractMetaDataDiscovery addWebBeansXmlLocation
INFO: added beans.xml marker: file:/home/travis/build/spring-projects/spring-data-jpa/target/test-classes/META-INF/beans.xml
Jun 02, 2015 7:30:44 AM org.apache.webbeans.config.BeansDeployer validateInjectionPoints
INFO: All injection points were validated successfully.
Jun 02, 2015 7:30:45 AM org.apache.webbeans.lifecycle.AbstractLifeCycle bootstrapApplication
INFO: OpenWebBeans Container has started, it took [3326] ms.
Tests run: 4, Failures: 0, Errors: 0, Skipped: 0, Time elapsed: 3.976 sec
Running org.springframework.data.jpa.repository.StoredProcedureIntegrationTests
Tests run: 12, Failures: 0, Errors: 0, Skipped: 12, Time elapsed: 3.152 sec
Running org.springframework.data.jpa.repository.UserRepositoryFinderTests
Tests run: 12, Failures: 0, Errors: 0, Skipped: 0, Time elapsed: 4.161 sec
Running org.springframework.data.jpa.repository.RoleRepositoryIntegrationTests
Tests run: 5, Failures: 0, Errors: 0, Skipped: 0, Time elapsed: 2.879 sec
Running org.springframework.data.jpa.repository.config.JpaRepositoryConfigDefinitionParserTests
Tests run: 1, Failures: 0, Errors: 0, Skipped: 0, Time elapsed: 0.648 sec
Running org.springframework.data.jpa.repository.config.JpaRepositoriesRegistrarIntegrationTests
Tests run: 2, Failures: 0, Errors: 0, Skipped: 0, Time elapsed: 1.522 sec
Running org.springframework.data.jpa.repository.config.RepositoryConfigTests
Tests run: 3, Failures: 0, Errors: 0, Skipped: 0, Time elapsed: 0.027 sec
Running org.springframework.data.jpa.repository.config.ExplicitAuditingViaJavaConfigRepositoriesTests
Tests run: 1, Failures: 0, Errors: 0, Skipped: 0, Time elapsed: 2.971 sec
Running org.springframework.data.jpa.repository.config.RepositoriesJavaConfigTests
Tests run: 1, Failures: 0, Errors: 0, Skipped: 0, Time elapsed: 2.237 sec
Running org.springframework.data.jpa.repository.config.AuditingBeanDefinitionParserTests
Tests run: 4, Failures: 0, Errors: 0, Skipped: 0, Time elapsed: 0.364 sec
Running org.springframework.data.jpa.repository.config.NestedRepositoriesJavaConfigTests
Tests run: 1, Failures: 0, Errors: 0, Skipped: 0, Time elapsed: 2.844 sec
Running org.springframework.data.jpa.repository.config.DefaultAuditingViaJavaConfigRepositoriesTests
Tests run: 1, Failures: 0, Errors: 0, Skipped: 0, Time elapsed: 3.224 sec
Running org.springframework.data.jpa.repository.config.AllowNestedRepositoriesRepositoryConfigTests
Tests run: 4, Failures: 0, Errors: 0, Skipped: 0, Time elapsed: 3.524 sec
Running org.springframework.data.jpa.repository.config.CustomRepositoryFactoryConfigTests
Tests run: 3, Failures: 0, Errors: 0, Skipped: 0, Time elapsed: 2.195 sec
Running org.springframework.data.jpa.repository.config.RepositoryAutoConfigTests
Tests run: 3, Failures: 0, Errors: 0, Skipped: 0, Time elapsed: 2.807 sec
Running org.springframework.data.jpa.repository.config.QueryLookupStrategyTests
Tests run: 1, Failures: 0, Errors: 0, Skipped: 0, Time elapsed: 1.342 sec
Running org.springframework.data.jpa.repository.config.TypeFilterConfigTests
Tests run: 3, Failures: 0, Errors: 0, Skipped: 0, Time elapsed: 1.895 sec
Running org.springframework.data.jpa.repository.CustomAbstractPersistableIntegrationTests
Tests run: 1, Failures: 0, Errors: 0, Skipped: 0, Time elapsed: 0.044 sec
Running org.springframework.data.jpa.repository.JavaConfigUserRepositoryTests
Tests run: 134, Failures: 0, Errors: 0, Skipped: 2, Time elapsed: 5.486 sec
Running org.springframework.data.jpa.repository.UserRepositoryTests
Tests run: 133, Failures: 0, Errors: 0, Skipped: 2, Time elapsed: 2.745 sec
Running org.springframework.data.jpa.repository.EntityGraphRepositoryMethodsIntegrationTests
Tests run: 4, Failures: 0, Errors: 0, Skipped: 4, Time elapsed: 0.043 sec
Running org.springframework.data.jpa.repository.UserRepositoryStoredProcedureTests
Tests run: 5, Failures: 0, Errors: 0, Skipped: 5, Time elapsed: 0.008 sec
Running org.springframework.data.jpa.repository.ParentRepositoryIntegrationTests
Tests run: 2, Failures: 0, Errors: 0, Skipped: 0, Time elapsed: 0.082 sec
Running org.springframework.data.jpa.repository.RepositoryWithCompositeKeyTests
Tests run: 8, Failures: 0, Errors: 0, Skipped: 0, Time elapsed: 0.183 sec
Running org.springframework.data.jpa.repository.NamespaceUserRepositoryTests
Tests run: 134, Failures: 0, Errors: 0, Skipped: 2, Time elapsed: 2.507 sec
Running org.springframework.data.jpa.repository.AbstractPersistableIntegrationTests
Tests run: 1, Failures: 0, Errors: 0, Skipped: 0, Time elapsed: 0 sec
Running org.springframework.data.jpa.repository.SPR8954Tests
Tests run: 1, Failures: 0, Errors: 0, Skipped: 0, Time elapsed: 0.008 sec
Running org.springframework.data.jpa.repository.RedeclaringRepositoryMethodsTests
Tests run: 2, Failures: 0, Errors: 0, Skipped: 0, Time elapsed: 0.016 sec
Running org.springframework.data.jpa.repository.ORMInfrastructureTests
Tests run: 1, Failures: 0, Errors: 0, Skipped: 0, Time elapsed: 0.002 sec
Running org.springframework.data.jpa.repository.MappedTypeRepositoryIntegrationTests
Tests run: 2, Failures: 0, Errors: 0, Skipped: 0, Time elapsed: 0.048 sec
Running org.springframework.data.jpa.repository.SimpleJpaParameterBindingTests
Tests run: 2, Failures: 0, Errors: 0, Skipped: 1, Time elapsed: 0.017 sec
Running org.springframework.data.jpa.domain.support.AuditingEntityListenerTests
Tests run: 4, Failures: 0, Errors: 0, Skipped: 0, Time elapsed: 3.263 sec
Running org.springframework.data.jpa.domain.JpaSortTests
Tests run: 17, Failures: 0, Errors: 0, Skipped: 0, Time elapsed: 0.026 sec
Running org.springframework.data.jpa.infrastructure.HibernateMetamodelIntegrationTests
Tests run: 3, Failures: 0, Errors: 0, Skipped: 2, Time elapsed: 0.003 sec
Running org.springframework.data.jpa.convert.threetenbp.ThreeTenBackPortJpaConvertersIntegrationTests
Tests run: 1, Failures: 0, Errors: 0, Skipped: 1, Time elapsed: 0.399 sec
Running org.springframework.data.jpa.convert.threeten.Jsr310JpaConvertersIntegrationTests
Tests run: 1, Failures: 0, Errors: 0, Skipped: 1, Time elapsed: 0.412 sec
Running org.springframework.data.jpa.mapping.JpaMetamodelMappingContextIntegrationTests
Tests run: 6, Failures: 0, Errors: 0, Skipped: 0, Time elapsed: 0.513 sec
Running org.springframework.data.jpa.provider.PersistenceProviderIntegrationTests
Tests run: 1, Failures: 0, Errors: 0, Skipped: 0, Time elapsed: 0.623 sec

Results :

Tests in error: 
  shouldSupportExistsWithPredicate(org.springframework.data.jpa.repository.support.QueryDslJpaRepositoryTests): org/hibernate/jpa/HibernateQuery

Tests run: 599, Failures: 0, Errors: 1, Skipped: 35

[INFO] ------------------------------------------------------------------------
[INFO] BUILD FAILURE
[INFO] ------------------------------------------------------------------------
[INFO] Total time: 02:23 min
[INFO] Finished at: 2015-06-02T07:31:38+00:00
[INFO] Final Memory: 35M/407M
[INFO] ------------------------------------------------------------------------
[ERROR] Failed to execute goal org.apache.maven.plugins:maven-surefire-plugin:2.12:test (integration-tests) on project spring-data-jpa: There are test failures.
[ERROR] 
[ERROR] Please refer to /home/travis/build/spring-projects/spring-data-jpa/target/surefire-reports for the individual test results.
[ERROR] -> [Help 1]
[ERROR] 
[ERROR] To see the full stack trace of the errors, re-run Maven with the -e switch.
[ERROR] Re-run Maven using the -X switch to enable full debug logging.
[ERROR] 
[ERROR] For more information about the errors and possible solutions, please read the following articles:
[ERROR] [Help 1] http://cwiki.apache.org/confluence/display/MAVEN/MojoFailureException
travis_time:end:0f98611c:start=1433230153087146640,finish=1433230298829326677,duration=145742180037[0K
[31;1mThe command "mvn clean dependency:list test -P${PROFILE} -Dsort" exited with 1.[0m
travis_fold:start:cache.2[0Kstore build cache
travis_time:start:2e6c6dc4[0Kchange detected: /home/travis/.m2/repository/org/springframework/data/build/spring-data-parent/1.7.0.M1/spring-data-parent-1.7.0.M1.pom.lastUpdated
changes detected, packing new archive
uploading archive
travis_time:end:2e6c6dc4:start=1433230298833465937,finish=1433230341695467012,duration=42862001075[0Ktravis_fold:end:cache.2[0K
Done. Your build exited with 1.
