Using worker: worker-linux-docker-59994cdf.prod.travis-ci.org:travis-linux-13

travis_fold:start:system_info[0K[33;1mBuild system information[0m
Build language: java
Build group: stable
Build dist: precise
[34m[1mBuild image provisioning date and time[0m
Thu Feb  5 15:09:33 UTC 2015
[34m[1mOperating System Details[0m
Distributor ID:	Ubuntu
Description:	Ubuntu 12.04.5 LTS
Release:	12.04
Codename:	precise
[34m[1mLinux Version[0m
3.13.0-29-generic
[34m[1mCookbooks Version[0m
a68419e https://github.com/travis-ci/travis-cookbooks/tree/a68419e
[34m[1mGCC version[0m
gcc (Ubuntu/Linaro 4.6.3-1ubuntu5) 4.6.3
Copyright (C) 2011 Free Software Foundation, Inc.
This is free software; see the source for copying conditions.  There is NO
warranty; not even for MERCHANTABILITY or FITNESS FOR A PARTICULAR PURPOSE.

[34m[1mLLVM version[0m
clang version 3.4 (tags/RELEASE_34/final)
Target: x86_64-unknown-linux-gnu
Thread model: posix
[34m[1mPre-installed Ruby versions[0m
ruby-1.9.3-p551
[34m[1mPre-installed Node.js versions[0m
v0.10.36
[34m[1mPre-installed Go versions[0m
1.4.1
[34m[1mRedis version[0m
redis-server 2.8.19
[34m[1mriak version[0m
2.0.2
[34m[1mMongoDB version[0m
MongoDB 2.4.12
[34m[1mCouchDB version[0m
couchdb 1.6.1
[34m[1mNeo4j version[0m
1.9.4
[34m[1mRabbitMQ Version[0m
3.4.3
[34m[1mElasticSearch version[0m
1.4.0
[34m[1mInstalled Sphinx versions[0m
2.0.10
2.1.9
2.2.6
[34m[1mDefault Sphinx version[0m
2.2.6
[34m[1mInstalled Firefox version[0m
firefox 31.0esr
[34m[1mPhantomJS version[0m
1.9.8
[34m[1mant -version[0m
Apache Ant(TM) version 1.8.2 compiled on December 3 2011
[34m[1mmvn -version[0m
Apache Maven 3.2.5 (12a6b3acb947671f09b81f49094c53f426d8cea1; 2014-12-14T17:29:23+00:00)
Maven home: /usr/local/maven
Java version: 1.7.0_76, vendor: Oracle Corporation
Java home: /usr/lib/jvm/java-7-oracle/jre
Default locale: en_US, platform encoding: ANSI_X3.4-1968
OS name: "linux", version: "3.13.0-29-generic", arch: "amd64", family: "unix"
travis_fold:end:system_info[0K
travis_fold:start:fix.CVE-2015-7547[0K$ export DEBIAN_FRONTEND=noninteractive
W: Size of file /var/lib/apt/lists/us.archive.ubuntu.com_ubuntu_dists_precise-backports_multiverse_source_Sources.gz is not what the server reported 5886 5888
W: Size of file /var/lib/apt/lists/ppa.launchpad.net_ubuntugis_ppa_ubuntu_dists_precise_main_binary-amd64_Packages.gz is not what the server reported 36669 36677
W: Size of file /var/lib/apt/lists/ppa.launchpad.net_ubuntugis_ppa_ubuntu_dists_precise_main_binary-i386_Packages.gz is not what the server reported 36729 36733
Reading package lists...
Building dependency tree...
Reading state information...
The following extra packages will be installed:
  libc-bin libc-dev-bin libc6-dev
Suggested packages:
  glibc-doc
The following packages will be upgraded:
  libc-bin libc-dev-bin libc6 libc6-dev
4 upgraded, 0 newly installed, 0 to remove and 246 not upgraded.
Need to get 8,840 kB of archives.
After this operation, 14.3 kB disk space will be freed.
Get:1 http://us.archive.ubuntu.com/ubuntu/ precise-updates/main libc6-dev amd64 2.15-0ubuntu10.15 [2,943 kB]
Get:2 http://us.archive.ubuntu.com/ubuntu/ precise-updates/main libc-dev-bin amd64 2.15-0ubuntu10.15 [84.7 kB]
Get:3 http://us.archive.ubuntu.com/ubuntu/ precise-updates/main libc-bin amd64 2.15-0ubuntu10.15 [1,177 kB]
Get:4 http://us.archive.ubuntu.com/ubuntu/ precise-updates/main libc6 amd64 2.15-0ubuntu10.15 [4,636 kB]
Fetched 8,840 kB in 0s (28.1 MB/s)
Preconfiguring packages ...
(Reading database ... (Reading database ... 5%(Reading database ... 10%(Reading database ... 15%(Reading database ... 20%(Reading database ... 25%(Reading database ... 30%(Reading database ... 35%(Reading database ... 40%(Reading database ... 45%(Reading database ... 50%(Reading database ... 55%(Reading database ... 60%(Reading database ... 65%(Reading database ... 70%(Reading database ... 75%(Reading database ... 80%(Reading database ... 85%(Reading database ... 90%(Reading database ... 95%(Reading database ... 100%(Reading database ... 72019 files and directories currently installed.)
Preparing to replace libc6-dev 2.15-0ubuntu10.10 (using .../libc6-dev_2.15-0ubuntu10.15_amd64.deb) ...
Unpacking replacement libc6-dev ...
Preparing to replace libc-dev-bin 2.15-0ubuntu10.10 (using .../libc-dev-bin_2.15-0ubuntu10.15_amd64.deb) ...
Unpacking replacement libc-dev-bin ...
Preparing to replace libc-bin 2.15-0ubuntu10.10 (using .../libc-bin_2.15-0ubuntu10.15_amd64.deb) ...
Unpacking replacement libc-bin ...
Processing triggers for man-db ...
Setting up libc-bin (2.15-0ubuntu10.15) ...
(Reading database ... (Reading database ... 5%(Reading database ... 10%(Reading database ... 15%(Reading database ... 20%(Reading database ... 25%(Reading database ... 30%(Reading database ... 35%(Reading database ... 40%(Reading database ... 45%(Reading database ... 50%(Reading database ... 55%(Reading database ... 60%(Reading database ... 65%(Reading database ... 70%(Reading database ... 75%(Reading database ... 80%(Reading database ... 85%(Reading database ... 90%(Reading database ... 95%(Reading database ... 100%(Reading database ... 72018 files and directories currently installed.)
Preparing to replace libc6 2.15-0ubuntu10.10 (using .../libc6_2.15-0ubuntu10.15_amd64.deb) ...
Unpacking replacement libc6 ...
Setting up libc6 (2.15-0ubuntu10.15) ...
Setting up libc-dev-bin (2.15-0ubuntu10.15) ...
Setting up libc6-dev (2.15-0ubuntu10.15) ...
Processing triggers for libc-bin ...
ldconfig deferred processing now taking place
travis_fold:end:fix.CVE-2015-7547[0Ktravis_fold:start:git.checkout[0Ktravis_time:start:000096c3[0K$ git clone --depth=50 --branch=wakeup-parent-states https://github.com/NitorCreations/nflow.git NitorCreations/nflow
Cloning into 'NitorCreations/nflow'...
remote: Counting objects: 1850, done.[K
remote: Compressing objects:   0% (1/871)   [Kremote: Compressing objects:   1% (9/871)   [Kremote: Compressing objects:   2% (18/871)   [Kremote: Compressing objects:   3% (27/871)   [Kremote: Compressing objects:   4% (35/871)   [Kremote: Compressing objects:   5% (44/871)   [Kremote: Compressing objects:   6% (53/871)   [Kremote: Compressing objects:   7% (61/871)   [Kremote: Compressing objects:   8% (70/871)   [Kremote: Compressing objects:   9% (79/871)   [Kremote: Compressing objects:  10% (88/871)   [Kremote: Compressing objects:  11% (96/871)   [Kremote: Compressing objects:  12% (105/871)   [Kremote: Compressing objects:  13% (114/871)   [Kremote: Compressing objects:  14% (122/871)   [Kremote: Compressing objects:  15% (131/871)   [Kremote: Compressing objects:  16% (140/871)   [Kremote: Compressing objects:  17% (149/871)   [Kremote: Compressing objects:  18% (157/871)   [Kremote: Compressing objects:  19% (166/871)   [Kremote: Compressing objects:  20% (175/871)   [Kremote: Compressing objects:  21% (183/871)   [Kremote: Compressing objects:  22% (192/871)   [Kremote: Compressing objects:  23% (201/871)   [Kremote: Compressing objects:  24% (210/871)   [Kremote: Compressing objects:  25% (218/871)   [Kremote: Compressing objects:  26% (227/871)   [Kremote: Compressing objects:  27% (236/871)   [Kremote: Compressing objects:  28% (244/871)   [Kremote: Compressing objects:  29% (253/871)   [Kremote: Compressing objects:  30% (262/871)   [Kremote: Compressing objects:  31% (271/871)   [Kremote: Compressing objects:  32% (279/871)   [Kremote: Compressing objects:  33% (288/871)   [Kremote: Compressing objects:  34% (297/871)   [Kremote: Compressing objects:  35% (305/871)   [Kremote: Compressing objects:  36% (314/871)   [Kremote: Compressing objects:  37% (323/871)   [Kremote: Compressing objects:  38% (331/871)   [Kremote: Compressing objects:  39% (340/871)   [Kremote: Compressing objects:  40% (349/871)   [Kremote: Compressing objects:  41% (358/871)   [Kremote: Compressing objects:  42% (366/871)   [Kremote: Compressing objects:  43% (375/871)   [Kremote: Compressing objects:  44% (384/871)   [Kremote: Compressing objects:  45% (392/871)   [Kremote: Compressing objects:  46% (401/871)   [Kremote: Compressing objects:  47% (410/871)   [Kremote: Compressing objects:  48% (419/871)   [Kremote: Compressing objects:  49% (427/871)   [Kremote: Compressing objects:  50% (436/871)   [Kremote: Compressing objects:  51% (445/871)   [Kremote: Compressing objects:  52% (453/871)   [Kremote: Compressing objects:  53% (462/871)   [Kremote: Compressing objects:  54% (471/871)   [Kremote: Compressing objects:  55% (480/871)   [Kremote: Compressing objects:  56% (488/871)   [Kremote: Compressing objects:  57% (497/871)   [Kremote: Compressing objects:  58% (506/871)   [Kremote: Compressing objects:  59% (514/871)   [Kremote: Compressing objects:  60% (523/871)   [Kremote: Compressing objects:  61% (532/871)   [Kremote: Compressing objects:  62% (541/871)   [Kremote: Compressing objects:  63% (549/871)   [Kremote: Compressing objects:  64% (558/871)   [Kremote: Compressing objects:  65% (567/871)   [Kremote: Compressing objects:  66% (575/871)   [Kremote: Compressing objects:  67% (584/871)   [Kremote: Compressing objects:  68% (593/871)   [Kremote: Compressing objects:  69% (601/871)   [Kremote: Compressing objects:  70% (610/871)   [Kremote: Compressing objects:  71% (619/871)   [Kremote: Compressing objects:  72% (628/871)   [Kremote: Compressing objects:  73% (636/871)   [Kremote: Compressing objects:  74% (645/871)   [Kremote: Compressing objects:  75% (654/871)   [Kremote: Compressing objects:  76% (662/871)   [Kremote: Compressing objects:  77% (671/871)   [Kremote: Compressing objects:  78% (680/871)   [Kremote: Compressing objects:  79% (689/871)   [Kremote: Compressing objects:  80% (697/871)   [Kremote: Compressing objects:  81% (706/871)   [Kremote: Compressing objects:  82% (715/871)   [Kremote: Compressing objects:  83% (723/871)   [Kremote: Compressing objects:  84% (732/871)   [Kremote: Compressing objects:  85% (741/871)   [Kremote: Compressing objects:  86% (750/871)   [Kremote: Compressing objects:  87% (758/871)   [Kremote: Compressing objects:  88% (767/871)   [Kremote: Compressing objects:  89% (776/871)   [Kremote: Compressing objects:  90% (784/871)   [Kremote: Compressing objects:  91% (793/871)   [Kremote: Compressing objects:  92% (802/871)   [Kremote: Compressing objects:  93% (811/871)   [Kremote: Compressing objects:  94% (819/871)   [Kremote: Compressing objects:  95% (828/871)   [Kremote: Compressing objects:  96% (837/871)   [Kremote: Compressing objects:  97% (845/871)   [Kremote: Compressing objects:  98% (854/871)   [Kremote: Compressing objects:  99% (863/871)   [Kremote: Compressing objects: 100% (871/871)   [Kremote: Compressing objects: 100% (871/871), done.[K
Receiving objects:   0% (1/1850)   Receiving objects:   1% (19/1850)   Receiving objects:   2% (37/1850)   Receiving objects:   3% (56/1850)   Receiving objects:   4% (74/1850)   Receiving objects:   5% (93/1850)   Receiving objects:   6% (111/1850)   Receiving objects:   7% (130/1850)   Receiving objects:   8% (148/1850)   Receiving objects:   9% (167/1850)   Receiving objects:  10% (185/1850)   Receiving objects:  11% (204/1850)   Receiving objects:  12% (222/1850)   Receiving objects:  13% (241/1850)   Receiving objects:  14% (259/1850)   Receiving objects:  15% (278/1850)   Receiving objects:  16% (296/1850)   Receiving objects:  17% (315/1850)   Receiving objects:  18% (333/1850)   Receiving objects:  19% (352/1850)   Receiving objects:  20% (370/1850)   Receiving objects:  21% (389/1850)   Receiving objects:  22% (407/1850)   Receiving objects:  23% (426/1850)   Receiving objects:  24% (444/1850)   Receiving objects:  25% (463/1850)   Receiving objects:  26% (481/1850)   Receiving objects:  27% (500/1850)   Receiving objects:  28% (518/1850)   Receiving objects:  29% (537/1850)   Receiving objects:  30% (555/1850)   Receiving objects:  31% (574/1850)   Receiving objects:  32% (592/1850)   Receiving objects:  33% (611/1850)   Receiving objects:  34% (629/1850)   Receiving objects:  35% (648/1850)   Receiving objects:  36% (666/1850)   Receiving objects:  37% (685/1850)   Receiving objects:  38% (703/1850)   Receiving objects:  39% (722/1850)   Receiving objects:  40% (740/1850)   Receiving objects:  41% (759/1850)   Receiving objects:  42% (777/1850)   Receiving objects:  43% (796/1850)   Receiving objects:  44% (814/1850)   Receiving objects:  45% (833/1850)   Receiving objects:  46% (851/1850)   Receiving objects:  47% (870/1850)   Receiving objects:  48% (888/1850)   Receiving objects:  49% (907/1850)   Receiving objects:  50% (925/1850)   Receiving objects:  51% (944/1850)   Receiving objects:  52% (962/1850)   Receiving objects:  53% (981/1850)   Receiving objects:  54% (999/1850)   Receiving objects:  55% (1018/1850)   Receiving objects:  56% (1036/1850)   Receiving objects:  57% (1055/1850)   Receiving objects:  58% (1073/1850)   Receiving objects:  59% (1092/1850)   Receiving objects:  60% (1110/1850)   Receiving objects:  61% (1129/1850)   Receiving objects:  62% (1147/1850)   Receiving objects:  63% (1166/1850)   Receiving objects:  64% (1184/1850)   Receiving objects:  65% (1203/1850)   Receiving objects:  66% (1221/1850)   Receiving objects:  67% (1240/1850)   Receiving objects:  68% (1258/1850)   Receiving objects:  69% (1277/1850)   Receiving objects:  70% (1295/1850)   Receiving objects:  71% (1314/1850)   Receiving objects:  72% (1332/1850)   Receiving objects:  73% (1351/1850)   Receiving objects:  74% (1369/1850)   Receiving objects:  75% (1388/1850)   Receiving objects:  76% (1406/1850)   Receiving objects:  77% (1425/1850)   Receiving objects:  78% (1443/1850)   Receiving objects:  79% (1462/1850)   Receiving objects:  80% (1480/1850)   Receiving objects:  81% (1499/1850)   Receiving objects:  82% (1517/1850)   Receiving objects:  83% (1536/1850)   Receiving objects:  84% (1554/1850)   Receiving objects:  85% (1573/1850)   Receiving objects:  86% (1591/1850)   Receiving objects:  87% (1610/1850)   Receiving objects:  88% (1628/1850)   Receiving objects:  89% (1647/1850)   Receiving objects:  90% (1665/1850)   Receiving objects:  91% (1684/1850)   Receiving objects:  92% (1702/1850)   Receiving objects:  93% (1721/1850)   Receiving objects:  94% (1739/1850)   Receiving objects:  95% (1758/1850)   Receiving objects:  96% (1776/1850)   Receiving objects:  97% (1795/1850)   remote: Total 1850 (delta 705), reused 1533 (delta 540), pack-reused 0[K
Receiving objects:  98% (1813/1850)   Receiving objects:  99% (1832/1850)   Receiving objects: 100% (1850/1850)   Receiving objects: 100% (1850/1850), 1.30 MiB | 0 bytes/s, done.
Resolving deltas:   0% (0/705)   Resolving deltas:   2% (16/705)   Resolving deltas:   3% (22/705)   Resolving deltas:  11% (78/705)   Resolving deltas:  13% (97/705)   Resolving deltas:  15% (108/705)   Resolving deltas:  16% (113/705)   Resolving deltas:  17% (123/705)   Resolving deltas:  18% (128/705)   Resolving deltas:  19% (139/705)   Resolving deltas:  20% (143/705)   Resolving deltas:  22% (157/705)   Resolving deltas:  23% (166/705)   Resolving deltas:  24% (170/705)   Resolving deltas:  25% (180/705)   Resolving deltas:  26% (186/705)   Resolving deltas:  27% (193/705)   Resolving deltas:  29% (209/705)   Resolving deltas:  30% (216/705)   Resolving deltas:  31% (224/705)   Resolving deltas:  32% (229/705)   Resolving deltas:  33% (236/705)   Resolving deltas:  34% (240/705)   Resolving deltas:  35% (247/705)   Resolving deltas:  36% (254/705)   Resolving deltas:  37% (262/705)   Resolving deltas:  38% (272/705)   Resolving deltas:  39% (276/705)   Resolving deltas:  40% (283/705)   Resolving deltas:  41% (294/705)   Resolving deltas:  42% (297/705)   Resolving deltas:  43% (309/705)   Resolving deltas:  47% (335/705)   Resolving deltas:  48% (342/705)   Resolving deltas:  49% (348/705)   Resolving deltas:  50% (353/705)   Resolving deltas:  51% (363/705)   Resolving deltas:  53% (375/705)   Resolving deltas:  54% (381/705)   Resolving deltas:  55% (391/705)   Resolving deltas:  65% (463/705)   Resolving deltas:  66% (468/705)   Resolving deltas:  67% (474/705)   Resolving deltas:  69% (492/705)   Resolving deltas:  70% (494/705)   Resolving deltas:  71% (502/705)   Resolving deltas:  72% (509/705)   Resolving deltas:  73% (516/705)   Resolving deltas:  75% (530/705)   Resolving deltas:  76% (536/705)   Resolving deltas:  77% (544/705)   Resolving deltas:  78% (551/705)   Resolving deltas:  81% (578/705)   Resolving deltas:  82% (580/705)   Resolving deltas:  83% (586/705)   Resolving deltas:  84% (598/705)   Resolving deltas:  85% (601/705)   Resolving deltas:  86% (608/705)   Resolving deltas:  87% (617/705)   Resolving deltas:  88% (622/705)   Resolving deltas:  89% (629/705)   Resolving deltas:  90% (635/705)   Resolving deltas:  91% (642/705)   Resolving deltas:  92% (649/705)   Resolving deltas:  93% (656/705)   Resolving deltas:  94% (663/705)   Resolving deltas:  95% (671/705)   Resolving deltas:  96% (678/705)   Resolving deltas:  97% (685/705)   Resolving deltas:  99% (701/705)   Resolving deltas: 100% (705/705)   Resolving deltas: 100% (705/705), done.
Checking connectivity... done.

travis_time:end:000096c3:start=1465080984515992249,finish=1465080985314409199,duration=798416950[0K$ cd NitorCreations/nflow
$ git checkout -qf 1722b36c99a6c6b6eebfda31404ccd88509bd275
travis_fold:end:git.checkout[0Ktravis_fold:start:postgresql[0K[33;1mStarting PostgreSQL v9.4[0m
travis_time:start:00cbe9d8[0K$ sudo service postgresql stop
 * Stopping PostgreSQL 9.1 database server       [80G [74G[ OK ]
 * Stopping PostgreSQL 9.2 database server       [80G [74G[ OK ]
 * Stopping PostgreSQL 9.3 database server       [80G [74G[ OK ]
 * Stopping PostgreSQL 9.4 database server       [80G [74G[ OK ]

travis_time:end:00cbe9d8:start=1465080985342870949,finish=1465080986618527287,duration=1275656338[0Ktravis_time:start:0d3abff8[0K$ sudo service postgresql start 9.4
 * Starting PostgreSQL 9.4 database server       [80G [74G[ OK ]

travis_time:end:0d3abff8:start=1465080986622310721,finish=1465080988814320941,duration=2192010220[0Ktravis_time:start:1b5a023c[0K$ sudo -u postgres createuser -s -p 5432 travis &>/dev/null

travis_time:end:1b5a023c:start=1465080988817935992,finish=1465080988862131647,duration=44195655[0Ktravis_time:start:1cb3de5a[0K$ sudo -u postgres createdb -O travis -p 5432 travis &>/dev/null

travis_time:end:1cb3de5a:start=1465080988865681180,finish=1465080989126438005,duration=260756825[0Ktravis_time:start:1a6d9ab8[0K$ sudo -u postgres createuser -s -p 5433 travis &>/dev/null

travis_time:end:1a6d9ab8:start=1465080989129921533,finish=1465080989169090209,duration=39168676[0Ktravis_time:start:0bd93ce8[0K$ sudo -u postgres createdb -O travis -p 5433 travis &>/dev/null

travis_time:end:0bd93ce8:start=1465080989172796388,finish=1465080989212486284,duration=39689896[0Ktravis_fold:end:postgresql[0K
[33;1mThis job is running on container-based infrastructure, which does not allow use of 'sudo', setuid and setguid executables.[0m
[33;1mIf you require sudo, add 'sudo: required' to your .travis.yml[0m
[33;1mSee https://docs.travis-ci.com/user/workers/container-based-infrastructure/ for details.[0m

[33;1mSetting environment variables from .travis.yml[0m
$ export BUILD_SYSTEM=travis
$ export SPRING_PROFILES_ACTIVE=nflow.db.h2

$ jdk_switcher use openjdk7
Switching to OpenJDK7 (java-1.7.0-openjdk-amd64), JAVA_HOME will be set to /usr/lib/jvm/java-7-openjdk-amd64
travis_fold:start:cache.1[0KSetting up build cache
$ export CASHER_DIR=$HOME/.casher
travis_time:start:1ac35a94[0K$ Installing caching utilities

travis_time:end:1ac35a94:start=1465080991553509745,finish=1465080991604073230,duration=50563485[0Ktravis_time:start:0cd63ad6[0K
travis_time:end:0cd63ad6:start=1465080991608807692,finish=1465080991612108898,duration=3301206[0Ktravis_time:start:06d21b0c[0K[32;1mattempting to download cache archive[0m
[32;1mfetching wakeup-parent-states/cache-linux-precise-0bcf94688e0690b961de413476867ad2bdd328f1352ca561b63ebf4fc2926523--jdk-openjdk7.tgz[0m
[32;1mfound cache[0m

travis_time:end:06d21b0c:start=1465080991615954614,finish=1465080999110377407,duration=7494422793[0Ktravis_time:start:0a58c99a[0K
travis_time:end:0a58c99a:start=1465080999114209054,finish=1465080999117674034,duration=3464980[0Ktravis_time:start:11599e1a[0K[32;1madding /home/travis/.m2 to cache[0m

travis_time:end:11599e1a:start=1465080999121608931,finish=1465081007109983744,duration=7988374813[0Ktravis_fold:end:cache.1[0K$ java -Xmx32m -version
java version "1.7.0_75"
OpenJDK Runtime Environment (IcedTea 2.5.4) (7u75-2.5.4-1~precise1)
OpenJDK 64-Bit Server VM (build 24.75-b04, mixed mode)
$ javac -J-Xmx32m -version
javac 1.7.0_75
travis_fold:start:install[0Ktravis_time:start:066f3d61[0K$ mvn install -DskipTests=true -Dmaven.javadoc.skip=true -B -V
Apache Maven 3.2.5 (12a6b3acb947671f09b81f49094c53f426d8cea1; 2014-12-14T17:29:23+00:00)
Maven home: /usr/local/maven
Java version: 1.7.0_75, vendor: Oracle Corporation
Java home: /usr/lib/jvm/java-7-openjdk-amd64/jre
Default locale: en_US, platform encoding: UTF-8
OS name: "linux", version: "3.13.0-40-generic", arch: "amd64", family: "unix"
[INFO] Scanning for projects...
[WARNING] 
[WARNING] Some problems were encountered while building the effective model for com.nitorcreations:nflow-jetty:jar:3.3.1-SNAPSHOT
[WARNING] 'profiles.profile[oracle].dependencies.dependency.systemPath' for com.oracle:ojdbc7:jar should not point at files within the project directory, ${basedir}/../ojdbc7.jar will be unresolvable by dependent projects @ com.nitorcreations:nflow-jetty:[unknown-version], /home/travis/build/NitorCreations/nflow/nflow-jetty/pom.xml, line 302, column 23
[WARNING] 
[WARNING] Some problems were encountered while building the effective model for com.nitorcreations:nflow-tests:jar:3.3.1-SNAPSHOT
[WARNING] 'profiles.profile[oracle].dependencies.dependency.systemPath' for com.oracle:ojdbc7:jar should not point at files within the project directory, ${basedir}/../ojdbc7.jar will be unresolvable by dependent projects @ com.nitorcreations:nflow-tests:[unknown-version], /home/travis/build/NitorCreations/nflow/nflow-tests/pom.xml, line 85, column 23
[WARNING] 
[WARNING] It is highly recommended to fix these problems because they threaten the stability of your build.
[WARNING] 
[WARNING] For this reason, future Maven versions might no longer support building such malformed projects.
[WARNING] 
[INFO] Inspecting build with total of 7 modules...
[INFO] Installing Nexus Staging features:
[INFO]   ... total of 7 executions of maven-deploy-plugin replaced with nexus-staging-maven-plugin
[INFO] ------------------------------------------------------------------------
[INFO] Reactor Build Order:
[INFO] 
[INFO] nflow
[INFO] nflow-engine
[INFO] nflow-rest-api
[INFO] nflow-jetty
[INFO] nflow-metrics
[INFO] nflow-tests
[INFO] nflow-perf-test
[INFO]                                                                         
[INFO] ------------------------------------------------------------------------
[INFO] Building nflow 3.3.1-SNAPSHOT
[INFO] ------------------------------------------------------------------------
[INFO] 
[INFO] --- maven-enforcer-plugin:1.4.1:enforce (ban-unwanted-dependencies) @ nflow-root ---
[INFO] 
[INFO] --- maven-source-plugin:2.4:jar-no-fork (attach-sources) @ nflow-root ---
[INFO] 
[INFO] --- maven-javadoc-plugin:2.10.3:jar (attach-javadocs) @ nflow-root ---
[INFO] Skipping javadoc generation
[INFO] 
[INFO] --- maven-install-plugin:2.5.2:install (default-install) @ nflow-root ---
[INFO] Installing /home/travis/build/NitorCreations/nflow/pom.xml to /home/travis/.m2/repository/com/nitorcreations/nflow-root/3.3.1-SNAPSHOT/nflow-root-3.3.1-SNAPSHOT.pom
[INFO]                                                                         
[INFO] ------------------------------------------------------------------------
[INFO] Building nflow-engine 3.3.1-SNAPSHOT
[INFO] ------------------------------------------------------------------------
[INFO] 
[INFO] --- maven-enforcer-plugin:1.4.1:enforce (ban-unwanted-dependencies) @ nflow-engine ---
[INFO] 
[INFO] --- maven-resources-plugin:2.7:resources (default-resources) @ nflow-engine ---
[INFO] Using 'UTF-8' encoding to copy filtered resources.
[INFO] Copying 30 resources
[INFO] 
[INFO] --- maven-compiler-plugin:3.5:compile (default-compile) @ nflow-engine ---
[INFO] Changes detected - recompiling the module!
[INFO] Compiling 66 source files to /home/travis/build/NitorCreations/nflow/nflow-engine/target/classes
[INFO] 
[INFO] --- maven-resources-plugin:2.7:testResources (default-testResources) @ nflow-engine ---
[INFO] Using 'UTF-8' encoding to copy filtered resources.
[INFO] Copying 6 resources
[INFO] 
[INFO] --- maven-compiler-plugin:3.5:testCompile (default-testCompile) @ nflow-engine ---
[INFO] Changes detected - recompiling the module!
[INFO] Compiling 42 source files to /home/travis/build/NitorCreations/nflow/nflow-engine/target/test-classes
[INFO] 
[INFO] --- maven-surefire-plugin:2.19.1:test (default-test) @ nflow-engine ---
[INFO] Tests are skipped.
[INFO] 
[INFO] --- maven-jar-plugin:2.6:jar (default-jar) @ nflow-engine ---
[INFO] Building jar: /home/travis/build/NitorCreations/nflow/nflow-engine/target/nflow-engine-3.3.1-SNAPSHOT.jar
[INFO] 
[INFO] --- maven-source-plugin:2.4:jar-no-fork (attach-sources) @ nflow-engine ---
[INFO] Building jar: /home/travis/build/NitorCreations/nflow/nflow-engine/target/nflow-engine-3.3.1-SNAPSHOT-sources.jar
[INFO] 
[INFO] --- maven-javadoc-plugin:2.10.3:jar (attach-javadocs) @ nflow-engine ---
[INFO] Skipping javadoc generation
[INFO] 
[INFO] --- maven-install-plugin:2.5.2:install (default-install) @ nflow-engine ---
[INFO] Installing /home/travis/build/NitorCreations/nflow/nflow-engine/target/nflow-engine-3.3.1-SNAPSHOT.jar to /home/travis/.m2/repository/com/nitorcreations/nflow-engine/3.3.1-SNAPSHOT/nflow-engine-3.3.1-SNAPSHOT.jar
[INFO] Installing /home/travis/build/NitorCreations/nflow/nflow-engine/pom.xml to /home/travis/.m2/repository/com/nitorcreations/nflow-engine/3.3.1-SNAPSHOT/nflow-engine-3.3.1-SNAPSHOT.pom
[INFO] Installing /home/travis/build/NitorCreations/nflow/nflow-engine/target/nflow-engine-3.3.1-SNAPSHOT-sources.jar to /home/travis/.m2/repository/com/nitorcreations/nflow-engine/3.3.1-SNAPSHOT/nflow-engine-3.3.1-SNAPSHOT-sources.jar
[INFO]                                                                         
[INFO] ------------------------------------------------------------------------
[INFO] Building nflow-rest-api 3.3.1-SNAPSHOT
[INFO] ------------------------------------------------------------------------
[INFO] 
[INFO] --- maven-enforcer-plugin:1.4.1:enforce (ban-unwanted-dependencies) @ nflow-rest-api ---
[INFO] 
[INFO] --- maven-resources-plugin:2.7:resources (default-resources) @ nflow-rest-api ---
[INFO] Using 'UTF-8' encoding to copy filtered resources.
[INFO] Copying 1 resource
[INFO] 
[INFO] --- maven-compiler-plugin:3.5:compile (default-compile) @ nflow-rest-api ---
[INFO] Changes detected - recompiling the module!
[INFO] Compiling 32 source files to /home/travis/build/NitorCreations/nflow/nflow-rest-api/target/classes
[INFO] 
[INFO] --- maven-resources-plugin:2.7:testResources (default-testResources) @ nflow-rest-api ---
[INFO] Using 'UTF-8' encoding to copy filtered resources.
[INFO] skip non existing resourceDirectory /home/travis/build/NitorCreations/nflow/nflow-rest-api/src/test/resources
[INFO] 
[INFO] --- maven-compiler-plugin:3.5:testCompile (default-testCompile) @ nflow-rest-api ---
[INFO] Changes detected - recompiling the module!
[INFO] Compiling 15 source files to /home/travis/build/NitorCreations/nflow/nflow-rest-api/target/test-classes
[INFO] 
[INFO] --- maven-surefire-plugin:2.19.1:test (default-test) @ nflow-rest-api ---
[INFO] Tests are skipped.
[INFO] 
[INFO] --- maven-jar-plugin:2.6:jar (default-jar) @ nflow-rest-api ---
[INFO] Building jar: /home/travis/build/NitorCreations/nflow/nflow-rest-api/target/nflow-rest-api-3.3.1-SNAPSHOT.jar
[INFO] 
[INFO] --- maven-source-plugin:2.4:jar-no-fork (attach-sources) @ nflow-rest-api ---
[INFO] Building jar: /home/travis/build/NitorCreations/nflow/nflow-rest-api/target/nflow-rest-api-3.3.1-SNAPSHOT-sources.jar
[INFO] 
[INFO] --- maven-javadoc-plugin:2.10.3:jar (attach-javadocs) @ nflow-rest-api ---
[INFO] Skipping javadoc generation
[INFO] 
[INFO] --- maven-install-plugin:2.5.2:install (default-install) @ nflow-rest-api ---
[INFO] Installing /home/travis/build/NitorCreations/nflow/nflow-rest-api/target/nflow-rest-api-3.3.1-SNAPSHOT.jar to /home/travis/.m2/repository/com/nitorcreations/nflow-rest-api/3.3.1-SNAPSHOT/nflow-rest-api-3.3.1-SNAPSHOT.jar
[INFO] Installing /home/travis/build/NitorCreations/nflow/nflow-rest-api/pom.xml to /home/travis/.m2/repository/com/nitorcreations/nflow-rest-api/3.3.1-SNAPSHOT/nflow-rest-api-3.3.1-SNAPSHOT.pom
[INFO] Installing /home/travis/build/NitorCreations/nflow/nflow-rest-api/target/nflow-rest-api-3.3.1-SNAPSHOT-sources.jar to /home/travis/.m2/repository/com/nitorcreations/nflow-rest-api/3.3.1-SNAPSHOT/nflow-rest-api-3.3.1-SNAPSHOT-sources.jar
[INFO]                                                                         
[INFO] ------------------------------------------------------------------------
[INFO] Building nflow-jetty 3.3.1-SNAPSHOT
[INFO] ------------------------------------------------------------------------
[INFO] 
[INFO] --- maven-enforcer-plugin:1.4.1:enforce (ban-unwanted-dependencies) @ nflow-jetty ---
[INFO] 
[INFO] --- maven-dependency-plugin:2.10:unpack (unpack) @ nflow-jetty ---
[INFO] Configured Artifact: com.nitorcreations:nflow-explorer:1.2.1:tar.gz
[INFO] Unpacking /home/travis/.m2/repository/com/nitorcreations/nflow-explorer/1.2.1/nflow-explorer-1.2.1.tar.gz to /home/travis/build/NitorCreations/nflow/nflow-jetty/target/explorer with includes "" and excludes ""
[INFO] Expanding: /home/travis/.m2/repository/com/nitorcreations/nflow-explorer/1.2.1/nflow-explorer-1.2.1.tar.gz into /home/travis/build/NitorCreations/nflow/nflow-jetty/target/explorer
[INFO] 
[INFO] --- download-maven-plugin:1.2.1:wget (unpack-swagger-ui) @ nflow-jetty ---
[INFO] Got from cache: /home/travis/.m2/repository/.cache/maven-download-plugin/v2.1.4.tar.gz
[INFO] Expanding: /home/travis/build/NitorCreations/nflow/nflow-jetty/target/swagger/v2.1.4.tar.gz into /home/travis/build/NitorCreations/nflow/nflow-jetty/target/swagger
[INFO] 
[INFO] --- maven-resources-plugin:2.7:resources (default-resources) @ nflow-jetty ---
[INFO] Using 'UTF-8' encoding to copy filtered resources.
[INFO] Copying 7 resources
[INFO] 
[INFO] --- maven-resources-plugin:2.7:copy-resources (copy-swagger-resources) @ nflow-jetty ---
[INFO] Using 'UTF-8' encoding to copy filtered resources.
[INFO] Copying 43 resources
[INFO] 
[INFO] --- maven-resources-plugin:2.7:copy-resources (copy-explorer-resources) @ nflow-jetty ---
[INFO] Using 'UTF-8' encoding to copy filtered resources.
[INFO] Copying 48 resources
[INFO] 
[INFO] --- maven-compiler-plugin:3.5:compile (default-compile) @ nflow-jetty ---
[INFO] Changes detected - recompiling the module!
[INFO] Compiling 16 source files to /home/travis/build/NitorCreations/nflow/nflow-jetty/target/classes
[INFO] 
[INFO] --- maven-resources-plugin:2.7:testResources (default-testResources) @ nflow-jetty ---
[INFO] Using 'UTF-8' encoding to copy filtered resources.
[INFO] Copying 3 resources
[INFO] 
[INFO] --- maven-compiler-plugin:3.5:testCompile (default-testCompile) @ nflow-jetty ---
[INFO] Changes detected - recompiling the module!
[INFO] Compiling 6 source files to /home/travis/build/NitorCreations/nflow/nflow-jetty/target/test-classes
[INFO] 
[INFO] --- maven-surefire-plugin:2.19.1:test (default-test) @ nflow-jetty ---
[INFO] Tests are skipped.
[INFO] 
[INFO] --- maven-jar-plugin:2.6:jar (default-jar) @ nflow-jetty ---
[INFO] Building jar: /home/travis/build/NitorCreations/nflow/nflow-jetty/target/nflow-jetty-3.3.1-SNAPSHOT.jar
[INFO] 
[INFO] --- maven-source-plugin:2.4:jar-no-fork (attach-sources) @ nflow-jetty ---
[INFO] Building jar: /home/travis/build/NitorCreations/nflow/nflow-jetty/target/nflow-jetty-3.3.1-SNAPSHOT-sources.jar
[INFO] 
[INFO] --- maven-javadoc-plugin:2.10.3:jar (attach-javadocs) @ nflow-jetty ---
[INFO] Skipping javadoc generation
[INFO] 
[INFO] --- maven-install-plugin:2.5.2:install (default-install) @ nflow-jetty ---
[INFO] Installing /home/travis/build/NitorCreations/nflow/nflow-jetty/target/nflow-jetty-3.3.1-SNAPSHOT.jar to /home/travis/.m2/repository/com/nitorcreations/nflow-jetty/3.3.1-SNAPSHOT/nflow-jetty-3.3.1-SNAPSHOT.jar
[INFO] Installing /home/travis/build/NitorCreations/nflow/nflow-jetty/pom.xml to /home/travis/.m2/repository/com/nitorcreations/nflow-jetty/3.3.1-SNAPSHOT/nflow-jetty-3.3.1-SNAPSHOT.pom
[INFO] Installing /home/travis/build/NitorCreations/nflow/nflow-jetty/target/nflow-jetty-3.3.1-SNAPSHOT-sources.jar to /home/travis/.m2/repository/com/nitorcreations/nflow-jetty/3.3.1-SNAPSHOT/nflow-jetty-3.3.1-SNAPSHOT-sources.jar
[INFO]                                                                         
[INFO] ------------------------------------------------------------------------
[INFO] Building nflow-metrics 3.3.1-SNAPSHOT
[INFO] ------------------------------------------------------------------------
[INFO] 
[INFO] --- maven-enforcer-plugin:1.4.1:enforce (ban-unwanted-dependencies) @ nflow-metrics ---
[INFO] 
[INFO] --- maven-resources-plugin:2.7:resources (default-resources) @ nflow-metrics ---
[INFO] Using 'UTF-8' encoding to copy filtered resources.
[INFO] skip non existing resourceDirectory /home/travis/build/NitorCreations/nflow/nflow-metrics/src/main/resources
[INFO] 
[INFO] --- maven-compiler-plugin:3.5:compile (default-compile) @ nflow-metrics ---
[INFO] Changes detected - recompiling the module!
[INFO] Compiling 4 source files to /home/travis/build/NitorCreations/nflow/nflow-metrics/target/classes
[INFO] 
[INFO] --- maven-resources-plugin:2.7:testResources (default-testResources) @ nflow-metrics ---
[INFO] Using 'UTF-8' encoding to copy filtered resources.
[INFO] skip non existing resourceDirectory /home/travis/build/NitorCreations/nflow/nflow-metrics/src/test/resources
[INFO] 
[INFO] --- maven-compiler-plugin:3.5:testCompile (default-testCompile) @ nflow-metrics ---
[INFO] Changes detected - recompiling the module!
[INFO] Compiling 2 source files to /home/travis/build/NitorCreations/nflow/nflow-metrics/target/test-classes
[INFO] 
[INFO] --- maven-surefire-plugin:2.19.1:test (default-test) @ nflow-metrics ---
[INFO] Tests are skipped.
[INFO] 
[INFO] --- maven-jar-plugin:2.6:jar (default-jar) @ nflow-metrics ---
[INFO] Building jar: /home/travis/build/NitorCreations/nflow/nflow-metrics/target/nflow-metrics-3.3.1-SNAPSHOT.jar
[INFO] 
[INFO] --- maven-source-plugin:2.4:jar-no-fork (attach-sources) @ nflow-metrics ---
[INFO] Building jar: /home/travis/build/NitorCreations/nflow/nflow-metrics/target/nflow-metrics-3.3.1-SNAPSHOT-sources.jar
[INFO] 
[INFO] --- maven-javadoc-plugin:2.10.3:jar (attach-javadocs) @ nflow-metrics ---
[INFO] Skipping javadoc generation
[INFO] 
[INFO] --- maven-install-plugin:2.5.2:install (default-install) @ nflow-metrics ---
[INFO] Installing /home/travis/build/NitorCreations/nflow/nflow-metrics/target/nflow-metrics-3.3.1-SNAPSHOT.jar to /home/travis/.m2/repository/com/nitorcreations/nflow-metrics/3.3.1-SNAPSHOT/nflow-metrics-3.3.1-SNAPSHOT.jar
[INFO] Installing /home/travis/build/NitorCreations/nflow/nflow-metrics/pom.xml to /home/travis/.m2/repository/com/nitorcreations/nflow-metrics/3.3.1-SNAPSHOT/nflow-metrics-3.3.1-SNAPSHOT.pom
[INFO] Installing /home/travis/build/NitorCreations/nflow/nflow-metrics/target/nflow-metrics-3.3.1-SNAPSHOT-sources.jar to /home/travis/.m2/repository/com/nitorcreations/nflow-metrics/3.3.1-SNAPSHOT/nflow-metrics-3.3.1-SNAPSHOT-sources.jar
[INFO]                                                                         
[INFO] ------------------------------------------------------------------------
[INFO] Building nflow-tests 3.3.1-SNAPSHOT
[INFO] ------------------------------------------------------------------------
[INFO] 
[INFO] --- maven-enforcer-plugin:1.4.1:enforce (ban-unwanted-dependencies) @ nflow-tests ---
[INFO] 
[INFO] --- maven-resources-plugin:2.7:resources (default-resources) @ nflow-tests ---
[INFO] Using 'UTF-8' encoding to copy filtered resources.
[INFO] Copying 3 resources
[INFO] 
[INFO] --- maven-compiler-plugin:3.5:compile (default-compile) @ nflow-tests ---
[INFO] Changes detected - recompiling the module!
[INFO] Compiling 10 source files to /home/travis/build/NitorCreations/nflow/nflow-tests/target/classes
[INFO] 
[INFO] --- maven-resources-plugin:2.7:testResources (default-testResources) @ nflow-tests ---
[INFO] Using 'UTF-8' encoding to copy filtered resources.
[INFO] Copying 1 resource
[INFO] 
[INFO] --- maven-compiler-plugin:3.5:testCompile (default-testCompile) @ nflow-tests ---
[INFO] Changes detected - recompiling the module!
[INFO] Compiling 18 source files to /home/travis/build/NitorCreations/nflow/nflow-tests/target/test-classes
[INFO] 
[INFO] --- maven-surefire-plugin:2.19.1:test (default-test) @ nflow-tests ---
[INFO] Tests are skipped.
[INFO] 
[INFO] --- maven-jar-plugin:2.6:jar (default-jar) @ nflow-tests ---
[INFO] Building jar: /home/travis/build/NitorCreations/nflow/nflow-tests/target/nflow-tests-3.3.1-SNAPSHOT.jar
[INFO] 
[INFO] --- asciidoctor-maven-plugin:1.5.2:process-asciidoc (generate-docs) @ nflow-tests ---
asciidoctor: WARNING: index.adoc: line 9: include file not found: /home/travis/build/NitorCreations/nflow/nflow-tests/src/main/asciidoc/swagger2markup/overview.adoc
asciidoctor: WARNING: index.adoc: line 10: include file not found: /home/travis/build/NitorCreations/nflow/nflow-tests/src/main/asciidoc/swagger2markup/paths.adoc
asciidoctor: WARNING: index.adoc: line 11: include file not found: /home/travis/build/NitorCreations/nflow/nflow-tests/src/main/asciidoc/swagger2markup/definitions.adoc
[INFO] Rendered /home/travis/build/NitorCreations/nflow/nflow-tests/src/main/asciidoc/swagger2markup/index.adoc
[INFO] 
[INFO] --- maven-shade-plugin:2.4.3:shade (default) @ nflow-tests ---
[INFO] Including com.nitorcreations:nflow-jetty:jar:3.3.1-SNAPSHOT in the shaded jar.
[INFO] Including com.nitorcreations:nflow-rest-api:jar:3.3.1-SNAPSHOT in the shaded jar.
[INFO] Including javax.ws.rs:javax.ws.rs-api:jar:2.0.1 in the shaded jar.
[INFO] Including io.swagger:swagger-annotations:jar:1.5.7 in the shaded jar.
[INFO] Including javax.validation:validation-api:jar:1.1.0.Final in the shaded jar.
[INFO] Including org.glassfish:javax.el:jar:3.0.0 in the shaded jar.
[INFO] Including org.hibernate:hibernate-validator:jar:5.2.3.Final in the shaded jar.
[INFO] Including org.jboss.logging:jboss-logging:jar:3.2.1.Final in the shaded jar.
[INFO] Including com.fasterxml:classmate:jar:1.1.0 in the shaded jar.
[INFO] Including com.nitorcreations:core-utils:jar:1.4 in the shaded jar.
[INFO] Including org.eclipse.jetty:jetty-server:jar:9.2.14.v20151106 in the shaded jar.
[INFO] Including org.eclipse.jetty:jetty-http:jar:9.2.14.v20151106 in the shaded jar.
[INFO] Including org.eclipse.jetty:jetty-io:jar:9.2.14.v20151106 in the shaded jar.
[INFO] Including org.eclipse.jetty:jetty-servlet:jar:9.2.14.v20151106 in the shaded jar.
[INFO] Including org.eclipse.jetty:jetty-security:jar:9.2.14.v20151106 in the shaded jar.
[INFO] Including org.eclipse.jetty:jetty-jmx:jar:9.2.14.v20151106 in the shaded jar.
[INFO] Including org.eclipse.jetty:jetty-util:jar:9.2.14.v20151106 in the shaded jar.
[INFO] Including org.apache.cxf:cxf-rt-frontend-jaxrs:jar:3.1.5 in the shaded jar.
[INFO] Including javax.annotation:javax.annotation-api:jar:1.2 in the shaded jar.
[INFO] Including org.apache.cxf:cxf-rt-management:jar:3.1.5 in the shaded jar.
[INFO] Including org.apache.cxf:cxf-rt-rs-service-description:jar:3.1.5 in the shaded jar.
[INFO] Including io.swagger:swagger-jaxrs:jar:1.5.7 in the shaded jar.
[INFO] Including com.fasterxml.jackson.dataformat:jackson-dataformat-yaml:jar:2.4.5 in the shaded jar.
[INFO] Including org.yaml:snakeyaml:jar:1.12 in the shaded jar.
[INFO] Including com.fasterxml.jackson.dataformat:jackson-dataformat-xml:jar:2.4.5 in the shaded jar.
[INFO] Including org.codehaus.woodstox:stax2-api:jar:3.1.4 in the shaded jar.
[INFO] Including io.swagger:swagger-core:jar:1.5.7 in the shaded jar.
[INFO] Including io.swagger:swagger-models:jar:1.5.7 in the shaded jar.
[INFO] Including org.reflections:reflections:jar:0.9.10 in the shaded jar.
[INFO] Including org.javassist:javassist:jar:3.20.0-GA in the shaded jar.
[INFO] Including com.google.guava:guava:jar:18.0 in the shaded jar.
[INFO] Including com.fasterxml.jackson.jaxrs:jackson-jaxrs-json-provider:jar:2.7.1 in the shaded jar.
[INFO] Including com.fasterxml.jackson.jaxrs:jackson-jaxrs-base:jar:2.7.1 in the shaded jar.
[INFO] Including com.fasterxml.jackson.module:jackson-module-jaxb-annotations:jar:2.7.1 in the shaded jar.
[INFO] Including org.springframework:spring-web:jar:4.2.5.RELEASE in the shaded jar.
[INFO] Including org.springframework:spring-aop:jar:4.2.5.RELEASE in the shaded jar.
[INFO] Including aopalliance:aopalliance:jar:1.0 in the shaded jar.
[INFO] Including org.springframework:spring-beans:jar:4.2.5.RELEASE in the shaded jar.
[INFO] Including org.springframework:spring-context:jar:4.2.5.RELEASE in the shaded jar.
[INFO] Including org.springframework:spring-expression:jar:4.2.5.RELEASE in the shaded jar.
[INFO] Including org.slf4j:slf4j-api:jar:1.7.18 in the shaded jar.
[INFO] Including org.slf4j:log4j-over-slf4j:jar:1.7.18 in the shaded jar.
[INFO] Including org.slf4j:jcl-over-slf4j:jar:1.7.18 in the shaded jar.
[INFO] Including ch.qos.logback:logback-classic:jar:1.1.5 in the shaded jar.
[INFO] Including ch.qos.logback:logback-core:jar:1.1.5 in the shaded jar.
[INFO] Including org.slf4j:jul-to-slf4j:jar:1.7.18 in the shaded jar.
[INFO] Including org.apache.commons:commons-lang3:jar:3.4 in the shaded jar.
[INFO] Including com.h2database:h2:jar:1.4.191 in the shaded jar.
[INFO] Including io.dropwizard.metrics:metrics-servlets:jar:3.1.2 in the shaded jar.
[INFO] Including io.dropwizard.metrics:metrics-json:jar:3.1.2 in the shaded jar.
[INFO] Including io.dropwizard.metrics:metrics-jvm:jar:3.1.2 in the shaded jar.
[INFO] Including com.nitorcreations:nflow-metrics:jar:3.3.1-SNAPSHOT in the shaded jar.
[INFO] Including io.dropwizard.metrics:metrics-core:jar:3.1.2 in the shaded jar.
[INFO] Including io.dropwizard.metrics:metrics-healthchecks:jar:3.1.2 in the shaded jar.
[INFO] Including com.nitorcreations:nflow-engine:jar:3.3.1-SNAPSHOT in the shaded jar.
[INFO] Including org.springframework:spring-jdbc:jar:4.2.5.RELEASE in the shaded jar.
[INFO] Including org.springframework:spring-tx:jar:4.2.5.RELEASE in the shaded jar.
[INFO] Including javax.inject:javax.inject:jar:1 in the shaded jar.
[INFO] Including com.zaxxer:HikariCP-java6:jar:2.3.13 in the shaded jar.
[INFO] Including org.apache.cxf:cxf-rt-rs-client:jar:3.1.5 in the shaded jar.
[INFO] Including org.apache.cxf:cxf-rt-transports-http:jar:3.1.5 in the shaded jar.
[INFO] Including org.apache.cxf:cxf-core:jar:3.1.5 in the shaded jar.
[INFO] Including org.codehaus.woodstox:woodstox-core-asl:jar:4.4.1 in the shaded jar.
[INFO] Including org.apache.ws.xmlschema:xmlschema-core:jar:2.2.1 in the shaded jar.
[INFO] Including com.fasterxml.jackson.datatype:jackson-datatype-joda:jar:2.7.1 in the shaded jar.
[INFO] Including com.fasterxml.jackson.core:jackson-annotations:jar:2.7.1 in the shaded jar.
[INFO] Including com.fasterxml.jackson.core:jackson-core:jar:2.7.1 in the shaded jar.
[INFO] Including com.fasterxml.jackson.core:jackson-databind:jar:2.7.1-1 in the shaded jar.
[INFO] Including joda-time:joda-time:jar:2.9.2 in the shaded jar.
[INFO] Including com.google.code.findbugs:jsr305:jar:3.0.1 in the shaded jar.
[INFO] Including io.github.robwin:swagger2markup:jar:0.9.2 in the shaded jar.
[INFO] Including io.github.robwin:markup-document-builder:jar:0.1.5 in the shaded jar.
[INFO] Including io.swagger:swagger-compat-spec-parser:jar:1.0.13 in the shaded jar.
[INFO] Including io.swagger:swagger-parser:jar:1.0.13 in the shaded jar.
[INFO] Including org.slf4j:slf4j-ext:jar:1.6.3 in the shaded jar.
[INFO] Including ch.qos.cal10n:cal10n-api:jar:0.7.4 in the shaded jar.
[INFO] Including com.github.fge:json-schema-validator:jar:2.2.3 in the shaded jar.
[INFO] Including com.github.fge:json-schema-core:jar:1.2.1 in the shaded jar.
[INFO] Including com.github.fge:uri-template:jar:0.9 in the shaded jar.
[INFO] Including org.mozilla:rhino:jar:1.7R4 in the shaded jar.
[INFO] Including com.googlecode.libphonenumber:libphonenumber:jar:6.0 in the shaded jar.
[INFO] Including javax.mail:mailapi:jar:1.4.3 in the shaded jar.
[INFO] Including javax.activation:activation:jar:1.1 in the shaded jar.
[INFO] Including net.sf.jopt-simple:jopt-simple:jar:4.6 in the shaded jar.
[INFO] Including com.github.fge:json-patch:jar:1.6 in the shaded jar.
[INFO] Including com.github.fge:jackson-coreutils:jar:1.6 in the shaded jar.
[INFO] Including com.github.fge:msg-simple:jar:1.1 in the shaded jar.
[INFO] Including com.github.fge:btf:jar:1.2 in the shaded jar.
[INFO] Including org.apache.httpcomponents:httpclient:jar:4.3.3 in the shaded jar.
[INFO] Including org.apache.httpcomponents:httpcore:jar:4.3.2 in the shaded jar.
[INFO] Including commons-codec:commons-codec:jar:1.6 in the shaded jar.
[INFO] Including commons-collections:commons-collections:jar:3.2.1 in the shaded jar.
[INFO] Including commons-io:commons-io:jar:2.4 in the shaded jar.
[INFO] Including org.springframework:spring-core:jar:4.2.5.RELEASE in the shaded jar.
[INFO] Including org.postgresql:postgresql:jar:9.4.1208.jre7 in the shaded jar.
[INFO] Including mysql:mysql-connector-java:jar:5.1.38 in the shaded jar.
[INFO] Including javax.servlet:javax.servlet-api:jar:3.1.0 in the shaded jar.
[INFO] Replacing original artifact with shaded artifact.
[INFO] Replacing /home/travis/build/NitorCreations/nflow/nflow-tests/target/nflow-tests-3.3.1-SNAPSHOT.jar with /home/travis/build/NitorCreations/nflow/nflow-tests/target/nflow-tests-3.3.1-SNAPSHOT-shaded.jar
[INFO] 
[INFO] --- maven-source-plugin:2.4:jar-no-fork (attach-sources) @ nflow-tests ---
[INFO] Building jar: /home/travis/build/NitorCreations/nflow/nflow-tests/target/nflow-tests-3.3.1-SNAPSHOT-sources.jar
[INFO] 
[INFO] --- maven-javadoc-plugin:2.10.3:jar (attach-javadocs) @ nflow-tests ---
[INFO] Skipping javadoc generation
[INFO] 
[INFO] --- maven-install-plugin:2.5.2:install (default-install) @ nflow-tests ---
[INFO] Installing /home/travis/build/NitorCreations/nflow/nflow-tests/target/nflow-tests-3.3.1-SNAPSHOT.jar to /home/travis/.m2/repository/com/nitorcreations/nflow-tests/3.3.1-SNAPSHOT/nflow-tests-3.3.1-SNAPSHOT.jar
[INFO] Installing /home/travis/build/NitorCreations/nflow/nflow-tests/pom.xml to /home/travis/.m2/repository/com/nitorcreations/nflow-tests/3.3.1-SNAPSHOT/nflow-tests-3.3.1-SNAPSHOT.pom
[INFO] Installing /home/travis/build/NitorCreations/nflow/nflow-tests/target/nflow-tests-3.3.1-SNAPSHOT-sources.jar to /home/travis/.m2/repository/com/nitorcreations/nflow-tests/3.3.1-SNAPSHOT/nflow-tests-3.3.1-SNAPSHOT-sources.jar
[INFO]                                                                         
[INFO] ------------------------------------------------------------------------
[INFO] Building nflow-perf-test 3.3.1-SNAPSHOT
[INFO] ------------------------------------------------------------------------
[INFO] 
[INFO] --- maven-enforcer-plugin:1.4.1:enforce (ban-unwanted-dependencies) @ nflow-perf-test ---
[INFO] 
[INFO] --- maven-resources-plugin:2.7:resources (default-resources) @ nflow-perf-test ---
[INFO] Using 'UTF-8' encoding to copy filtered resources.
[INFO] Copying 1 resource
[INFO] 
[INFO] --- maven-compiler-plugin:3.5:compile (default-compile) @ nflow-perf-test ---
[INFO] Changes detected - recompiling the module!
[INFO] Compiling 13 source files to /home/travis/build/NitorCreations/nflow/nflow-perf-test/target/classes
[INFO] 
[INFO] --- maven-resources-plugin:2.7:testResources (default-testResources) @ nflow-perf-test ---
[INFO] Using 'UTF-8' encoding to copy filtered resources.
[INFO] skip non existing resourceDirectory /home/travis/build/NitorCreations/nflow/nflow-perf-test/src/test/resources
[INFO] 
[INFO] --- maven-compiler-plugin:3.5:testCompile (default-testCompile) @ nflow-perf-test ---
[INFO] No sources to compile
[INFO] 
[INFO] --- maven-surefire-plugin:2.19.1:test (default-test) @ nflow-perf-test ---
[INFO] Tests are skipped.
[INFO] 
[INFO] --- maven-jar-plugin:2.6:jar (default-jar) @ nflow-perf-test ---
[INFO] Building jar: /home/travis/build/NitorCreations/nflow/nflow-perf-test/target/nflow-perf-test-3.3.1-SNAPSHOT.jar
[INFO] 
[INFO] --- maven-shade-plugin:2.4.3:shade (default) @ nflow-perf-test ---
[INFO] Including com.nitorcreations:nflow-jetty:jar:3.3.1-SNAPSHOT in the shaded jar.
[INFO] Including com.nitorcreations:nflow-rest-api:jar:3.3.1-SNAPSHOT in the shaded jar.
[INFO] Including javax.ws.rs:javax.ws.rs-api:jar:2.0.1 in the shaded jar.
[INFO] Including io.swagger:swagger-annotations:jar:1.5.7 in the shaded jar.
[INFO] Including javax.validation:validation-api:jar:1.1.0.Final in the shaded jar.
[INFO] Including org.glassfish:javax.el:jar:3.0.0 in the shaded jar.
[INFO] Including org.hibernate:hibernate-validator:jar:5.2.3.Final in the shaded jar.
[INFO] Including org.jboss.logging:jboss-logging:jar:3.2.1.Final in the shaded jar.
[INFO] Including com.fasterxml:classmate:jar:1.1.0 in the shaded jar.
[INFO] Including com.nitorcreations:core-utils:jar:1.4 in the shaded jar.
[INFO] Including org.eclipse.jetty:jetty-server:jar:9.2.14.v20151106 in the shaded jar.
[INFO] Including org.eclipse.jetty:jetty-http:jar:9.2.14.v20151106 in the shaded jar.
[INFO] Including org.eclipse.jetty:jetty-io:jar:9.2.14.v20151106 in the shaded jar.
[INFO] Including org.eclipse.jetty:jetty-servlet:jar:9.2.14.v20151106 in the shaded jar.
[INFO] Including org.eclipse.jetty:jetty-security:jar:9.2.14.v20151106 in the shaded jar.
[INFO] Including org.eclipse.jetty:jetty-jmx:jar:9.2.14.v20151106 in the shaded jar.
[INFO] Including org.eclipse.jetty:jetty-util:jar:9.2.14.v20151106 in the shaded jar.
[INFO] Including org.apache.cxf:cxf-rt-frontend-jaxrs:jar:3.1.5 in the shaded jar.
[INFO] Including javax.annotation:javax.annotation-api:jar:1.2 in the shaded jar.
[INFO] Including org.apache.cxf:cxf-rt-management:jar:3.1.5 in the shaded jar.
[INFO] Including org.apache.cxf:cxf-rt-rs-service-description:jar:3.1.5 in the shaded jar.
[INFO] Including io.swagger:swagger-jaxrs:jar:1.5.7 in the shaded jar.
[INFO] Including com.fasterxml.jackson.dataformat:jackson-dataformat-yaml:jar:2.4.5 in the shaded jar.
[INFO] Including org.yaml:snakeyaml:jar:1.12 in the shaded jar.
[INFO] Including com.fasterxml.jackson.dataformat:jackson-dataformat-xml:jar:2.4.5 in the shaded jar.
[INFO] Including org.codehaus.woodstox:stax2-api:jar:3.1.4 in the shaded jar.
[INFO] Including io.swagger:swagger-core:jar:1.5.7 in the shaded jar.
[INFO] Including com.fasterxml.jackson.core:jackson-annotations:jar:2.7.1 in the shaded jar.
[INFO] Including io.swagger:swagger-models:jar:1.5.7 in the shaded jar.
[INFO] Including org.reflections:reflections:jar:0.9.10 in the shaded jar.
[INFO] Including org.javassist:javassist:jar:3.20.0-GA in the shaded jar.
[INFO] Including com.google.guava:guava:jar:18.0 in the shaded jar.
[INFO] Including com.fasterxml.jackson.jaxrs:jackson-jaxrs-json-provider:jar:2.7.1 in the shaded jar.
[INFO] Including com.fasterxml.jackson.jaxrs:jackson-jaxrs-base:jar:2.7.1 in the shaded jar.
[INFO] Including com.fasterxml.jackson.core:jackson-core:jar:2.7.1 in the shaded jar.
[INFO] Including com.fasterxml.jackson.core:jackson-databind:jar:2.7.1-1 in the shaded jar.
[INFO] Including com.fasterxml.jackson.module:jackson-module-jaxb-annotations:jar:2.7.1 in the shaded jar.
[INFO] Including org.springframework:spring-web:jar:4.2.5.RELEASE in the shaded jar.
[INFO] Including org.springframework:spring-aop:jar:4.2.5.RELEASE in the shaded jar.
[INFO] Including aopalliance:aopalliance:jar:1.0 in the shaded jar.
[INFO] Including org.springframework:spring-beans:jar:4.2.5.RELEASE in the shaded jar.
[INFO] Including org.springframework:spring-context:jar:4.2.5.RELEASE in the shaded jar.
[INFO] Including org.springframework:spring-expression:jar:4.2.5.RELEASE in the shaded jar.
[INFO] Including org.springframework:spring-core:jar:4.2.5.RELEASE in the shaded jar.
[INFO] Including org.slf4j:slf4j-api:jar:1.7.18 in the shaded jar.
[INFO] Including org.slf4j:log4j-over-slf4j:jar:1.7.18 in the shaded jar.
[INFO] Including org.slf4j:jcl-over-slf4j:jar:1.7.18 in the shaded jar.
[INFO] Including ch.qos.logback:logback-classic:jar:1.1.5 in the shaded jar.
[INFO] Including ch.qos.logback:logback-core:jar:1.1.5 in the shaded jar.
[INFO] Including org.slf4j:jul-to-slf4j:jar:1.7.18 in the shaded jar.
[INFO] Including org.apache.commons:commons-lang3:jar:3.4 in the shaded jar.
[INFO] Including com.h2database:h2:jar:1.4.191 in the shaded jar.
[INFO] Including io.dropwizard.metrics:metrics-servlets:jar:3.1.2 in the shaded jar.
[INFO] Including io.dropwizard.metrics:metrics-json:jar:3.1.2 in the shaded jar.
[INFO] Including io.dropwizard.metrics:metrics-jvm:jar:3.1.2 in the shaded jar.
[INFO] Including com.nitorcreations:nflow-metrics:jar:3.3.1-SNAPSHOT in the shaded jar.
[INFO] Including io.dropwizard.metrics:metrics-core:jar:3.1.2 in the shaded jar.
[INFO] Including io.dropwizard.metrics:metrics-healthchecks:jar:3.1.2 in the shaded jar.
[INFO] Including com.nitorcreations:nflow-engine:jar:3.3.1-SNAPSHOT in the shaded jar.
[INFO] Including org.springframework:spring-jdbc:jar:4.2.5.RELEASE in the shaded jar.
[INFO] Including org.springframework:spring-tx:jar:4.2.5.RELEASE in the shaded jar.
[INFO] Including com.fasterxml.jackson.datatype:jackson-datatype-joda:jar:2.7.1 in the shaded jar.
[INFO] Including joda-time:joda-time:jar:2.9.2 in the shaded jar.
[INFO] Including javax.inject:javax.inject:jar:1 in the shaded jar.
[INFO] Including com.zaxxer:HikariCP-java6:jar:2.3.13 in the shaded jar.
[INFO] Including javax.servlet:javax.servlet-api:jar:3.1.0 in the shaded jar.
[INFO] Including org.apache.cxf:cxf-rt-rs-client:jar:3.1.5 in the shaded jar.
[INFO] Including org.apache.cxf:cxf-rt-transports-http:jar:3.1.5 in the shaded jar.
[INFO] Including org.apache.cxf:cxf-core:jar:3.1.5 in the shaded jar.
[INFO] Including org.codehaus.woodstox:woodstox-core-asl:jar:4.4.1 in the shaded jar.
[INFO] Including org.apache.ws.xmlschema:xmlschema-core:jar:2.2.1 in the shaded jar.
[INFO] Including org.postgresql:postgresql:jar:9.4.1208.jre7 in the shaded jar.
[INFO] Replacing original artifact with shaded artifact.
[INFO] Replacing /home/travis/build/NitorCreations/nflow/nflow-perf-test/target/nflow-perf-test-3.3.1-SNAPSHOT.jar with /home/travis/build/NitorCreations/nflow/nflow-perf-test/target/nflow-perf-test-3.3.1-SNAPSHOT-shaded.jar
[INFO] 
[INFO] --- maven-source-plugin:2.4:jar-no-fork (attach-sources) @ nflow-perf-test ---
[INFO] Building jar: /home/travis/build/NitorCreations/nflow/nflow-perf-test/target/nflow-perf-test-3.3.1-SNAPSHOT-sources.jar
[INFO] 
[INFO] --- maven-javadoc-plugin:2.10.3:jar (attach-javadocs) @ nflow-perf-test ---
[INFO] Skipping javadoc generation
[INFO] 
[INFO] --- maven-install-plugin:2.5.2:install (default-install) @ nflow-perf-test ---
[INFO] Installing /home/travis/build/NitorCreations/nflow/nflow-perf-test/target/nflow-perf-test-3.3.1-SNAPSHOT.jar to /home/travis/.m2/repository/com/nitorcreations/nflow-perf-test/3.3.1-SNAPSHOT/nflow-perf-test-3.3.1-SNAPSHOT.jar
[INFO] Installing /home/travis/build/NitorCreations/nflow/nflow-perf-test/pom.xml to /home/travis/.m2/repository/com/nitorcreations/nflow-perf-test/3.3.1-SNAPSHOT/nflow-perf-test-3.3.1-SNAPSHOT.pom
[INFO] Installing /home/travis/build/NitorCreations/nflow/nflow-perf-test/target/nflow-perf-test-3.3.1-SNAPSHOT-sources.jar to /home/travis/.m2/repository/com/nitorcreations/nflow-perf-test/3.3.1-SNAPSHOT/nflow-perf-test-3.3.1-SNAPSHOT-sources.jar
[INFO] ------------------------------------------------------------------------
[INFO] Reactor Summary:
[INFO] 
[INFO] nflow .............................................. SUCCESS [  1.999 s]
[INFO] nflow-engine ....................................... SUCCESS [  5.443 s]
[INFO] nflow-rest-api ..................................... SUCCESS [  2.661 s]
[INFO] nflow-jetty ........................................ SUCCESS [  3.534 s]
[INFO] nflow-metrics ...................................... SUCCESS [  0.131 s]
[INFO] nflow-tests ........................................ SUCCESS [  9.430 s]
[INFO] nflow-perf-test .................................... SUCCESS [  3.688 s]
[INFO] ------------------------------------------------------------------------
[INFO] BUILD SUCCESS
[INFO] ------------------------------------------------------------------------
[INFO] Total time: 28.331 s
[INFO] Finished at: 2016-06-04T22:57:17+00:00
[INFO] Final Memory: 66M/472M
[INFO] ------------------------------------------------------------------------

travis_time:end:066f3d61:start=1465081007554701749,finish=1465081038131672887,duration=30576971138[0Ktravis_fold:end:install[0Ktravis_fold:start:before_script.1[0Ktravis_time:start:1f046918[0K$ if [[ "$SPRING_PROFILES_ACTIVE" =~ postgre ]]; then psql -c "create user nflow with password 'nflow';" -U postgres; fi

travis_time:end:1f046918:start=1465081038135966083,finish=1465081038139162567,duration=3196484[0Ktravis_fold:end:before_script.1[0Ktravis_fold:start:before_script.2[0Ktravis_time:start:3a2e60c8[0K$ if [[ "$SPRING_PROFILES_ACTIVE" =~ postgre ]]; then psql -c "create database nflow owner nflow;" -U postgres; fi

travis_time:end:3a2e60c8:start=1465081038143431718,finish=1465081038146623152,duration=3191434[0Ktravis_fold:end:before_script.2[0Ktravis_fold:start:before_script.3[0Ktravis_time:start:0cdf336d[0K$ if [[ "$SPRING_PROFILES_ACTIVE" =~ mysql ]]; then mysql -v -e "create database nflow character set utf8mb4;" -u root; fi

travis_time:end:0cdf336d:start=1465081038150862621,finish=1465081038154037331,duration=3174710[0Ktravis_fold:end:before_script.3[0Ktravis_fold:start:before_script.4[0Ktravis_time:start:013b8d8b[0K$ if [[ "$SPRING_PROFILES_ACTIVE" =~ mysql ]]; then mysql -v -e "create user 'nflow'@'%' identified by 'nflow';" -u root; fi

travis_time:end:013b8d8b:start=1465081038158444211,finish=1465081038161734569,duration=3290358[0Ktravis_fold:end:before_script.4[0Ktravis_fold:start:before_script.5[0Ktravis_time:start:075cc351[0K$ if [[ "$SPRING_PROFILES_ACTIVE" =~ mysql ]]; then mysql -v -e "create user 'nflow'@'localhost' identified by 'nflow';" -u root; fi

travis_time:end:075cc351:start=1465081038165775065,finish=1465081038168998336,duration=3223271[0Ktravis_fold:end:before_script.5[0Ktravis_fold:start:before_script.6[0Ktravis_time:start:1a878de8[0K$ if [[ "$SPRING_PROFILES_ACTIVE" =~ mysql ]]; then mysql -v -e "grant all on nflow.* TO 'nflow'@'%';" -u root; fi

travis_time:end:1a878de8:start=1465081038173612644,finish=1465081038176948270,duration=3335626[0Ktravis_fold:end:before_script.6[0Ktravis_fold:start:before_script.7[0Ktravis_time:start:00afe550[0K$ if [[ "$SPRING_PROFILES_ACTIVE" =~ mysql ]]; then mysql -v -e "grant all on nflow.* TO 'nflow'@'localhost';" -u root; fi

travis_time:end:00afe550:start=1465081038181409638,finish=1465081038184589857,duration=3180219[0Ktravis_fold:end:before_script.7[0Ktravis_fold:start:before_script.8[0Ktravis_time:start:1b11ef80[0K$ if [[ "$SPRING_PROFILES_ACTIVE" =~ mysql ]]; then mysql -v -e "flush privileges;" -u root; fi

travis_time:end:1b11ef80:start=1465081038188903214,finish=1465081038192110308,duration=3207094[0Ktravis_fold:end:before_script.8[0Ktravis_time:start:0109e9a9[0K$ mvn test -B
[INFO] Scanning for projects...
[WARNING] 
[WARNING] Some problems were encountered while building the effective model for com.nitorcreations:nflow-jetty:jar:3.3.1-SNAPSHOT
[WARNING] 'profiles.profile[oracle].dependencies.dependency.systemPath' for com.oracle:ojdbc7:jar should not point at files within the project directory, ${basedir}/../ojdbc7.jar will be unresolvable by dependent projects @ com.nitorcreations:nflow-jetty:[unknown-version], /home/travis/build/NitorCreations/nflow/nflow-jetty/pom.xml, line 302, column 23
[WARNING] 
[WARNING] Some problems were encountered while building the effective model for com.nitorcreations:nflow-tests:jar:3.3.1-SNAPSHOT
[WARNING] 'profiles.profile[oracle].dependencies.dependency.systemPath' for com.oracle:ojdbc7:jar should not point at files within the project directory, ${basedir}/../ojdbc7.jar will be unresolvable by dependent projects @ com.nitorcreations:nflow-tests:[unknown-version], /home/travis/build/NitorCreations/nflow/nflow-tests/pom.xml, line 85, column 23
[WARNING] 
[WARNING] It is highly recommended to fix these problems because they threaten the stability of your build.
[WARNING] 
[WARNING] For this reason, future Maven versions might no longer support building such malformed projects.
[WARNING] 
[INFO] Inspecting build with total of 7 modules...
[INFO] Installing Nexus Staging features:
[INFO]   ... total of 7 executions of maven-deploy-plugin replaced with nexus-staging-maven-plugin
[INFO] ------------------------------------------------------------------------
[INFO] Reactor Build Order:
[INFO] 
[INFO] nflow
[INFO] nflow-engine
[INFO] nflow-rest-api
[INFO] nflow-jetty
[INFO] nflow-metrics
[INFO] nflow-tests
[INFO] nflow-perf-test
[INFO]                                                                         
[INFO] ------------------------------------------------------------------------
[INFO] Building nflow 3.3.1-SNAPSHOT
[INFO] ------------------------------------------------------------------------
[INFO] 
[INFO] --- maven-enforcer-plugin:1.4.1:enforce (ban-unwanted-dependencies) @ nflow-root ---
[INFO]                                                                         
[INFO] ------------------------------------------------------------------------
[INFO] Building nflow-engine 3.3.1-SNAPSHOT
[INFO] ------------------------------------------------------------------------
[INFO] 
[INFO] --- maven-enforcer-plugin:1.4.1:enforce (ban-unwanted-dependencies) @ nflow-engine ---
[INFO] 
[INFO] --- maven-resources-plugin:2.7:resources (default-resources) @ nflow-engine ---
[INFO] Using 'UTF-8' encoding to copy filtered resources.
[INFO] Copying 30 resources
[INFO] 
[INFO] --- maven-compiler-plugin:3.5:compile (default-compile) @ nflow-engine ---
[INFO] Changes detected - recompiling the module!
[INFO] Compiling 66 source files to /home/travis/build/NitorCreations/nflow/nflow-engine/target/classes
[INFO] 
[INFO] --- maven-resources-plugin:2.7:testResources (default-testResources) @ nflow-engine ---
[INFO] Using 'UTF-8' encoding to copy filtered resources.
[INFO] Copying 6 resources
[INFO] 
[INFO] --- maven-compiler-plugin:3.5:testCompile (default-testCompile) @ nflow-engine ---
[INFO] Nothing to compile - all classes are up to date
[INFO] 
[INFO] --- maven-surefire-plugin:2.19.1:test (default-test) @ nflow-engine ---

-------------------------------------------------------
 T E S T S
-------------------------------------------------------
Running com.nitorcreations.nflow.engine.internal.dao.DaoUtilTest
Tests run: 2, Failures: 0, Errors: 0, Skipped: 0, Time elapsed: 0.041 sec - in com.nitorcreations.nflow.engine.internal.dao.DaoUtilTest
Running com.nitorcreations.nflow.engine.internal.dao.HealthCheckDaoTest
Tests run: 1, Failures: 0, Errors: 0, Skipped: 0, Time elapsed: 1.607 sec - in com.nitorcreations.nflow.engine.internal.dao.HealthCheckDaoTest
Running com.nitorcreations.nflow.engine.internal.dao.StatisticsDaoTest
Tests run: 5, Failures: 0, Errors: 0, Skipped: 0, Time elapsed: 0.154 sec - in com.nitorcreations.nflow.engine.internal.dao.StatisticsDaoTest
Running com.nitorcreations.nflow.engine.internal.dao.WorkflowDefinitionDaoTest
Tests run: 4, Failures: 0, Errors: 0, Skipped: 0, Time elapsed: 0.198 sec - in com.nitorcreations.nflow.engine.internal.dao.WorkflowDefinitionDaoTest
Running com.nitorcreations.nflow.engine.internal.dao.ArchiveDaoTest
Tests run: 5, Failures: 0, Errors: 0, Skipped: 0, Time elapsed: 0.292 sec - in com.nitorcreations.nflow.engine.internal.dao.ArchiveDaoTest
Running com.nitorcreations.nflow.engine.internal.dao.WorkflowInstanceDaoTest
Tests run: 34, Failures: 0, Errors: 0, Skipped: 0, Time elapsed: 0.858 sec - in com.nitorcreations.nflow.engine.internal.dao.WorkflowInstanceDaoTest
Running com.nitorcreations.nflow.engine.internal.dao.ExecutorDaoTest
Tests run: 4, Failures: 0, Errors: 0, Skipped: 0, Time elapsed: 0.034 sec - in com.nitorcreations.nflow.engine.internal.dao.ExecutorDaoTest
Running com.nitorcreations.nflow.engine.internal.dao.TableMetadataCheckerTest
Tests run: 8, Failures: 0, Errors: 0, Skipped: 0, Time elapsed: 0.432 sec - in com.nitorcreations.nflow.engine.internal.dao.TableMetadataCheckerTest
Running com.nitorcreations.nflow.engine.internal.storage.db.DatabaseInitializerTest
Tests run: 3, Failures: 0, Errors: 0, Skipped: 0, Time elapsed: 0.33 sec - in com.nitorcreations.nflow.engine.internal.storage.db.DatabaseInitializerTest
Running com.nitorcreations.nflow.engine.internal.executor.WorkflowDispatcherTest
Tests run: 9, Failures: 0, Errors: 0, Skipped: 0, Time elapsed: 1.067 sec - in com.nitorcreations.nflow.engine.internal.executor.WorkflowDispatcherTest
Running com.nitorcreations.nflow.engine.internal.executor.WorkflowStateProcessorFactoryTest
Tests run: 3, Failures: 0, Errors: 0, Skipped: 0, Time elapsed: 0.037 sec - in com.nitorcreations.nflow.engine.internal.executor.WorkflowStateProcessorFactoryTest
Running com.nitorcreations.nflow.engine.internal.executor.WorkflowInstanceExecutorTest
Tests run: 5, Failures: 0, Errors: 0, Skipped: 0, Time elapsed: 0.056 sec - in com.nitorcreations.nflow.engine.internal.executor.WorkflowInstanceExecutorTest
Running com.nitorcreations.nflow.engine.internal.executor.ThresholdBlockingQueueTest
Tests run: 4, Failures: 0, Errors: 0, Skipped: 0, Time elapsed: 7.051 sec - in com.nitorcreations.nflow.engine.internal.executor.ThresholdBlockingQueueTest
Running com.nitorcreations.nflow.engine.internal.executor.WorkflowStateProcessorTest
Tests run: 28, Failures: 0, Errors: 0, Skipped: 0, Time elapsed: 0.364 sec - in com.nitorcreations.nflow.engine.internal.executor.WorkflowStateProcessorTest
Running com.nitorcreations.nflow.engine.internal.config.EngineConfigurationTest
Tests run: 6, Failures: 0, Errors: 0, Skipped: 0, Time elapsed: 0.034 sec - in com.nitorcreations.nflow.engine.internal.config.EngineConfigurationTest
Running com.nitorcreations.nflow.engine.internal.config.WorkflowLifecycleTest
Tests run: 5, Failures: 0, Errors: 0, Skipped: 0, Time elapsed: 0.021 sec - in com.nitorcreations.nflow.engine.internal.config.WorkflowLifecycleTest
Running com.nitorcreations.nflow.engine.internal.config.PropertiesConfigurationTest
Tests run: 1, Failures: 0, Errors: 0, Skipped: 0, Time elapsed: 0.002 sec - in com.nitorcreations.nflow.engine.internal.config.PropertiesConfigurationTest
Running com.nitorcreations.nflow.engine.internal.workflow.StateExecutionImplTest
Tests run: 16, Failures: 1, Errors: 0, Skipped: 0, Time elapsed: 0.024 sec <<< FAILURE! - in com.nitorcreations.nflow.engine.internal.workflow.StateExecutionImplTest
nonChildWorkflowCannotWakeUpParent(com.nitorcreations.nflow.engine.internal.workflow.StateExecutionImplTest)  Time elapsed: 0.003 sec  <<< FAILURE!
java.lang.AssertionError: Expected exception: java.lang.IllegalArgumentException

Running com.nitorcreations.nflow.engine.internal.workflow.WorkflowDefinitionScannerTest
Tests run: 7, Failures: 0, Errors: 0, Skipped: 0, Time elapsed: 0.007 sec - in com.nitorcreations.nflow.engine.internal.workflow.WorkflowDefinitionScannerTest
Running com.nitorcreations.nflow.engine.internal.util.PeriodicLoggerTest
Tests run: 3, Failures: 0, Errors: 0, Skipped: 0, Time elapsed: 0.016 sec - in com.nitorcreations.nflow.engine.internal.util.PeriodicLoggerTest
Running com.nitorcreations.nflow.engine.service.WorkflowDefinitionServiceTest
Tests run: 5, Failures: 0, Errors: 0, Skipped: 0, Time elapsed: 0.022 sec - in com.nitorcreations.nflow.engine.service.WorkflowDefinitionServiceTest
Running com.nitorcreations.nflow.engine.service.StatisticsServiceTest
Tests run: 2, Failures: 0, Errors: 0, Skipped: 0, Time elapsed: 0.007 sec - in com.nitorcreations.nflow.engine.service.StatisticsServiceTest
Running com.nitorcreations.nflow.engine.service.HealthCheckServiceTest
Tests run: 1, Failures: 0, Errors: 0, Skipped: 0, Time elapsed: 0.004 sec - in com.nitorcreations.nflow.engine.service.HealthCheckServiceTest
Running com.nitorcreations.nflow.engine.service.WorkflowInstanceServiceTest
Tests run: 9, Failures: 0, Errors: 0, Skipped: 0, Time elapsed: 0.029 sec - in com.nitorcreations.nflow.engine.service.WorkflowInstanceServiceTest
Running com.nitorcreations.nflow.engine.service.WorkflowExecutorServiceTest
Tests run: 1, Failures: 0, Errors: 0, Skipped: 0, Time elapsed: 0.004 sec - in com.nitorcreations.nflow.engine.service.WorkflowExecutorServiceTest
Running com.nitorcreations.nflow.engine.service.ArchiveServiceTest
Tests run: 3, Failures: 0, Errors: 0, Skipped: 0, Time elapsed: 0.011 sec - in com.nitorcreations.nflow.engine.service.ArchiveServiceTest
Running com.nitorcreations.nflow.engine.service.WorkflowDefinitionServiceWithSpringTest
Tests run: 1, Failures: 0, Errors: 0, Skipped: 0, Time elapsed: 0.156 sec - in com.nitorcreations.nflow.engine.service.WorkflowDefinitionServiceWithSpringTest
Running com.nitorcreations.nflow.engine.workflow.definition.WorkflowDefinitionTest
Tests run: 15, Failures: 0, Errors: 0, Skipped: 0, Time elapsed: 0.006 sec - in com.nitorcreations.nflow.engine.workflow.definition.WorkflowDefinitionTest
Running com.nitorcreations.nflow.engine.workflow.definition.AbstractWorkflowDefinitionTest
Tests run: 15, Failures: 0, Errors: 0, Skipped: 0, Time elapsed: 0.026 sec - in com.nitorcreations.nflow.engine.workflow.definition.AbstractWorkflowDefinitionTest
Running com.nitorcreations.nflow.engine.workflow.definition.WorkflowSettingsTest
Tests run: 2, Failures: 0, Errors: 0, Skipped: 0, Time elapsed: 0.003 sec - in com.nitorcreations.nflow.engine.workflow.definition.WorkflowSettingsTest
Running com.nitorcreations.nflow.engine.workflow.definition.MutableTest
Tests run: 3, Failures: 0, Errors: 0, Skipped: 0, Time elapsed: 0 sec - in com.nitorcreations.nflow.engine.workflow.definition.MutableTest
Running com.nitorcreations.nflow.engine.workflow.definition.WorkflowStateTypeTest
Tests run: 4, Failures: 0, Errors: 0, Skipped: 0, Time elapsed: 0 sec - in com.nitorcreations.nflow.engine.workflow.definition.WorkflowStateTypeTest
Running com.nitorcreations.nflow.engine.workflow.definition.NextActionTest
Tests run: 6, Failures: 0, Errors: 0, Skipped: 0, Time elapsed: 0 sec - in com.nitorcreations.nflow.engine.workflow.definition.NextActionTest
Running com.nitorcreations.nflow.engine.workflow.WorkflowInstancePreProcessorTest
Tests run: 5, Failures: 0, Errors: 0, Skipped: 0, Time elapsed: 0.021 sec - in com.nitorcreations.nflow.engine.workflow.WorkflowInstancePreProcessorTest
Running com.nitorcreations.nflow.engine.workflow.instance.WorkflowInstanceTest
Tests run: 1, Failures: 0, Errors: 0, Skipped: 0, Time elapsed: 0 sec - in com.nitorcreations.nflow.engine.workflow.instance.WorkflowInstanceTest
Running com.nitorcreations.nflow.engine.workflow.instance.WorkflowInstanceFactoryTest
Tests run: 1, Failures: 0, Errors: 0, Skipped: 0, Time elapsed: 0 sec - in com.nitorcreations.nflow.engine.workflow.instance.WorkflowInstanceFactoryTest

Results :

Failed tests: 
  StateExecutionImplTest.nonChildWorkflowCannotWakeUpParent Expected exception: java.lang.IllegalArgumentException

Tests run: 227, Failures: 1, Errors: 0, Skipped: 0

[INFO] ------------------------------------------------------------------------
[INFO] Reactor Summary:
[INFO] 
[INFO] nflow .............................................. SUCCESS [  0.506 s]
[INFO] nflow-engine ....................................... FAILURE [ 17.032 s]
[INFO] nflow-rest-api ..................................... SKIPPED
[INFO] nflow-jetty ........................................ SKIPPED
[INFO] nflow-metrics ...................................... SKIPPED
[INFO] nflow-tests ........................................ SKIPPED
[INFO] nflow-perf-test .................................... SKIPPED
[INFO] ------------------------------------------------------------------------
[INFO] BUILD FAILURE
[INFO] ------------------------------------------------------------------------
[INFO] Total time: 18.908 s
[INFO] Finished at: 2016-06-04T22:57:38+00:00
[INFO] Final Memory: 20M/491M
[INFO] ------------------------------------------------------------------------
[ERROR] Failed to execute goal org.apache.maven.plugins:maven-surefire-plugin:2.19.1:test (default-test) on project nflow-engine: There are test failures.
[ERROR] 
[ERROR] Please refer to /home/travis/build/NitorCreations/nflow/nflow-engine/target/surefire-reports for the individual test results.
[ERROR] -> [Help 1]
[ERROR] 
[ERROR] To see the full stack trace of the errors, re-run Maven with the -e switch.
[ERROR] Re-run Maven using the -X switch to enable full debug logging.
[ERROR] 
[ERROR] For more information about the errors and possible solutions, please read the following articles:
[ERROR] [Help 1] http://cwiki.apache.org/confluence/display/MAVEN/MojoFailureException
[ERROR] 
[ERROR] After correcting the problems, you can resume the build with the command
[ERROR]   mvn <goals> -rf :nflow-engine

travis_time:end:0109e9a9:start=1465081038196241033,finish=1465081059286105011,duration=21089863978[0K
[31;1mThe command "mvn test -B" exited with 1.[0m
travis_fold:start:cache.2[0Kstore build cache
travis_time:start:2792b575[0K
travis_time:end:2792b575:start=1465081059290749470,finish=1465081059294381559,duration=3632089[0Ktravis_time:start:04343124[0K[32;1mchange detected (content changed, file is created, or file is deleted):
/home/travis/.m2/repository/com/nitorcreations/nflow-engine/3.3.1-SNAPSHOT/maven-metadata-local.xml
/home/travis/.m2/repository/com/nitorcreations/nflow-engine/3.3.1-SNAPSHOT/nflow-engine-3.3.1-SNAPSHOT.jar
/home/travis/.m2/repository/com/nitorcreations/nflow-engine/3.3.1-SNAPSHOT/nflow-engine-3.3.1-SNAPSHOT-sources.jar
/home/travis/.m2/repository/com/nitorcreations/nflow-engine/3.3.1-SNAPSHOT/_remote.repositories
/home/travis/.m2/repository/com/nitorcreations/nflow-engine/maven-metadata-local.xml
/home/travis/.m2/repository/com/nitorcreations/nflow-jetty/3.3.1-SNAPSHOT/maven-metadata-local.xml
/home/travis/.m2/repository/com/nitorcreations/nflow-jetty/3.3.1-SNAPSHOT/nflow-jetty-3.3.1-SNAPSHOT.jar
/home/travis/.m2/repository/com/nitorcreations/nflow-jetty/3.3.1-SNAPSHOT/nflow-jetty-3.3.1-SNAPSHOT-sources.jar
/home/travis/.m2/repository/com/nitorcreations/nflow-jetty/3.3.1-SNAPSHOT/_remote.repositories
/home/travis/.m2/repository/com/nitorcreations/nflow-jetty/maven-metadata-local.xml
/h
[0m
[32;1m...
[0m
[32;1mchanges detected, packing new archive[0m
.
.
.
.
.
[32;1muploading archive[0m

travis_time:end:04343124:start=1465081059298413078,finish=1465081103384277501,duration=44085864423[0Ktravis_fold:end:cache.2[0Ktravis_fold:start:after_script[0Ktravis_time:start:03147efd[0K$ for i in nflow-*/target/surefire-reports/*.txt; do echo ">>>>>>>>>>>>>>>>>>>"; echo $i; echo "<<<<<<<<<<<<<<<<<<<<<"; cat $i; done
>>>>>>>>>>>>>>>>>>>
nflow-engine/target/surefire-reports/com.nitorcreations.nflow.engine.internal.config.EngineConfigurationTest.txt
<<<<<<<<<<<<<<<<<<<<<
-------------------------------------------------------------------------------
Test set: com.nitorcreations.nflow.engine.internal.config.EngineConfigurationTest
-------------------------------------------------------------------------------
Tests run: 6, Failures: 0, Errors: 0, Skipped: 0, Time elapsed: 0.034 sec - in com.nitorcreations.nflow.engine.internal.config.EngineConfigurationTest
>>>>>>>>>>>>>>>>>>>
nflow-engine/target/surefire-reports/com.nitorcreations.nflow.engine.internal.config.PropertiesConfigurationTest.txt
<<<<<<<<<<<<<<<<<<<<<
-------------------------------------------------------------------------------
Test set: com.nitorcreations.nflow.engine.internal.config.PropertiesConfigurationTest
-------------------------------------------------------------------------------
Tests run: 1, Failures: 0, Errors: 0, Skipped: 0, Time elapsed: 0.002 sec - in com.nitorcreations.nflow.engine.internal.config.PropertiesConfigurationTest
>>>>>>>>>>>>>>>>>>>
nflow-engine/target/surefire-reports/com.nitorcreations.nflow.engine.internal.config.WorkflowLifecycleTest.txt
<<<<<<<<<<<<<<<<<<<<<
-------------------------------------------------------------------------------
Test set: com.nitorcreations.nflow.engine.internal.config.WorkflowLifecycleTest
-------------------------------------------------------------------------------
Tests run: 5, Failures: 0, Errors: 0, Skipped: 0, Time elapsed: 0.021 sec - in com.nitorcreations.nflow.engine.internal.config.WorkflowLifecycleTest
>>>>>>>>>>>>>>>>>>>
nflow-engine/target/surefire-reports/com.nitorcreations.nflow.engine.internal.dao.ArchiveDaoTest.txt
<<<<<<<<<<<<<<<<<<<<<
-------------------------------------------------------------------------------
Test set: com.nitorcreations.nflow.engine.internal.dao.ArchiveDaoTest
-------------------------------------------------------------------------------
Tests run: 5, Failures: 0, Errors: 0, Skipped: 0, Time elapsed: 0.292 sec - in com.nitorcreations.nflow.engine.internal.dao.ArchiveDaoTest
>>>>>>>>>>>>>>>>>>>
nflow-engine/target/surefire-reports/com.nitorcreations.nflow.engine.internal.dao.DaoUtilTest.txt
<<<<<<<<<<<<<<<<<<<<<
-------------------------------------------------------------------------------
Test set: com.nitorcreations.nflow.engine.internal.dao.DaoUtilTest
-------------------------------------------------------------------------------
Tests run: 2, Failures: 0, Errors: 0, Skipped: 0, Time elapsed: 0.041 sec - in com.nitorcreations.nflow.engine.internal.dao.DaoUtilTest
>>>>>>>>>>>>>>>>>>>
nflow-engine/target/surefire-reports/com.nitorcreations.nflow.engine.internal.dao.ExecutorDaoTest.txt
<<<<<<<<<<<<<<<<<<<<<
-------------------------------------------------------------------------------
Test set: com.nitorcreations.nflow.engine.internal.dao.ExecutorDaoTest
-------------------------------------------------------------------------------
Tests run: 4, Failures: 0, Errors: 0, Skipped: 0, Time elapsed: 0.034 sec - in com.nitorcreations.nflow.engine.internal.dao.ExecutorDaoTest
>>>>>>>>>>>>>>>>>>>
nflow-engine/target/surefire-reports/com.nitorcreations.nflow.engine.internal.dao.HealthCheckDaoTest-output.txt
<<<<<<<<<<<<<<<<<<<<<
04.06.2016 22:57:25 INFO  [main] orage.db.DatabaseConfiguration - [user:] Database connection to h2 using jdbc:h2:mem:test;TRACE_LEVEL_FILE=4
04.06.2016 22:57:25 INFO  [main] storage.db.DatabaseInitializer - [user:] Creating database populator using script 'scripts/db/h2.create.ddl.sql'
04.06.2016 22:57:26 INFO  [main] storage.db.DatabaseInitializer - [user:] Database created.
>>>>>>>>>>>>>>>>>>>
nflow-engine/target/surefire-reports/com.nitorcreations.nflow.engine.internal.dao.HealthCheckDaoTest.txt
<<<<<<<<<<<<<<<<<<<<<
-------------------------------------------------------------------------------
Test set: com.nitorcreations.nflow.engine.internal.dao.HealthCheckDaoTest
-------------------------------------------------------------------------------
Tests run: 1, Failures: 0, Errors: 0, Skipped: 0, Time elapsed: 1.607 sec - in com.nitorcreations.nflow.engine.internal.dao.HealthCheckDaoTest
>>>>>>>>>>>>>>>>>>>
nflow-engine/target/surefire-reports/com.nitorcreations.nflow.engine.internal.dao.StatisticsDaoTest.txt
<<<<<<<<<<<<<<<<<<<<<
-------------------------------------------------------------------------------
Test set: com.nitorcreations.nflow.engine.internal.dao.StatisticsDaoTest
-------------------------------------------------------------------------------
Tests run: 5, Failures: 0, Errors: 0, Skipped: 0, Time elapsed: 0.154 sec - in com.nitorcreations.nflow.engine.internal.dao.StatisticsDaoTest
>>>>>>>>>>>>>>>>>>>
nflow-engine/target/surefire-reports/com.nitorcreations.nflow.engine.internal.dao.TableMetadataCheckerTest-output.txt
<<<<<<<<<<<<<<<<<<<<<
04.06.2016 22:57:28 INFO  [main] storage.db.DatabaseInitializer - [user:] Creating database populator using script 'scripts/db/metadata.create.ddl.sql'
04.06.2016 22:57:28 INFO  [main] storage.db.DatabaseInitializer - [user:] Database created.
>>>>>>>>>>>>>>>>>>>
nflow-engine/target/surefire-reports/com.nitorcreations.nflow.engine.internal.dao.TableMetadataCheckerTest.txt
<<<<<<<<<<<<<<<<<<<<<
-------------------------------------------------------------------------------
Test set: com.nitorcreations.nflow.engine.internal.dao.TableMetadataCheckerTest
-------------------------------------------------------------------------------
Tests run: 8, Failures: 0, Errors: 0, Skipped: 0, Time elapsed: 0.432 sec - in com.nitorcreations.nflow.engine.internal.dao.TableMetadataCheckerTest
>>>>>>>>>>>>>>>>>>>
nflow-engine/target/surefire-reports/com.nitorcreations.nflow.engine.internal.dao.WorkflowDefinitionDaoTest-output.txt
<<<<<<<<<<<<<<<<<<<<<
04.06.2016 22:57:26 INFO  [main] ngine.internal.dao.ExecutorDao - [user:] Joining executor group junit
>>>>>>>>>>>>>>>>>>>
nflow-engine/target/surefire-reports/com.nitorcreations.nflow.engine.internal.dao.WorkflowDefinitionDaoTest.txt
<<<<<<<<<<<<<<<<<<<<<
-------------------------------------------------------------------------------
Test set: com.nitorcreations.nflow.engine.internal.dao.WorkflowDefinitionDaoTest
-------------------------------------------------------------------------------
Tests run: 4, Failures: 0, Errors: 0, Skipped: 0, Time elapsed: 0.198 sec - in com.nitorcreations.nflow.engine.internal.dao.WorkflowDefinitionDaoTest
>>>>>>>>>>>>>>>>>>>
nflow-engine/target/surefire-reports/com.nitorcreations.nflow.engine.internal.dao.WorkflowInstanceDaoTest-output.txt
<<<<<<<<<<<<<<<<<<<<<
com.nitorcreations.nflow.engine.internal.dao.PollingRaceConditionException: Race condition in polling workflow instances detected. Multiple pollers using same name (junit)
04.06.2016 22:57:27 INFO  [main] ternal.dao.WorkflowInstanceDao - [user:] Forcing action creation because new workflow instances are created or state variables are changed.
04.06.2016 22:57:27 WARN  [main] ternal.dao.WorkflowInstanceDao - [user:] Failed to insert workflow instance
org.springframework.dao.DuplicateKeyException: PreparedStatementCallback; SQL []; Unique index or primary key violation: "NFLOW_WORKFLOW_UNIQ ON PUBLIC.NFLOW_WORKFLOW(TYPE, EXTERNAL_ID, EXECUTOR_GROUP) VALUES ('dummy', 'extId', 'junit', 159)"; SQL statement:
insert into nflow_workflow(type, root_workflow_id, parent_workflow_id, parent_action_id, business_key, external_id, executor_group, status, state, state_text, next_activation) values (?, ?, ?, ?, ?, ?, ?, ?, ?, ?, ?) [23505-191]; nested exception is org.h2.jdbc.JdbcSQLException: Unique index or primary key violation: "NFLOW_WORKFLOW_UNIQ ON PUBLIC.NFLOW_WORKFLOW(TYPE, EXTERNAL_ID, EXECUTOR_GROUP) VALUES ('dummy', 'extId', 'junit', 159)"; SQL statement:
insert into nflow_workflow(type, root_workflow_id, parent_workflow_id, parent_action_id, business_key, external_id, executor_group, status, state, state_text, next_activation) values (?, ?, ?, ?, ?, ?, ?, ?, ?, ?, ?) [23505-191]
	at org.springframework.jdbc.support.SQLErrorCodeSQLExceptionTranslator.doTranslate(SQLErrorCodeSQLExceptionTranslator.java:239)
	at org.springframework.jdbc.support.AbstractFallbackSQLExceptionTranslator.translate(AbstractFallbackSQLExceptionTranslator.java:73)
	at org.springframework.jdbc.core.JdbcTemplate.execute(JdbcTemplate.java:645)
	at org.springframework.jdbc.core.JdbcTemplate.update(JdbcTemplate.java:900)
	at com.nitorcreations.nflow.engine.internal.dao.WorkflowInstanceDao$1.doInTransaction(WorkflowInstanceDao.java:193)
	at com.nitorcreations.nflow.engine.internal.dao.WorkflowInstanceDao$1.doInTransaction(WorkflowInstanceDao.java:188)
	at org.springframework.transaction.support.TransactionTemplate.execute(TransactionTemplate.java:133)
	at com.nitorcreations.nflow.engine.internal.dao.WorkflowInstanceDao.insertWorkflowInstanceWithTransaction(WorkflowInstanceDao.java:188)
	at com.nitorcreations.nflow.engine.internal.dao.WorkflowInstanceDao.insertWorkflowInstance(WorkflowInstanceDao.java:145)
	at com.nitorcreations.nflow.engine.internal.dao.WorkflowInstanceDao$3.doInTransactionWithoutResult(WorkflowInstanceDao.java:325)
	at org.springframework.transaction.support.TransactionCallbackWithoutResult.doInTransaction(TransactionCallbackWithoutResult.java:34)
	at org.springframework.transaction.support.TransactionTemplate.execute(TransactionTemplate.java:133)
	at com.nitorcreations.nflow.engine.internal.dao.WorkflowInstanceDao.updateWorkflowInstanceWithTransaction(WorkflowInstanceDao.java:315)
	at com.nitorcreations.nflow.engine.internal.dao.WorkflowInstanceDao.updateWorkflowInstanceAfterExecution(WorkflowInstanceDao.java:297)
	at com.nitorcreations.nflow.engine.internal.dao.WorkflowInstanceDao$$FastClassBySpringCGLIB$$7ad4aac2.invoke(<generated>)
	at org.springframework.cglib.proxy.MethodProxy.invoke(MethodProxy.java:204)
	at org.springframework.aop.framework.CglibAopProxy$DynamicAdvisedInterceptor.intercept(CglibAopProxy.java:651)
	at com.nitorcreations.nflow.engine.internal.dao.WorkflowInstanceDao$$EnhancerBySpringCGLIB$$7c97f0b6.updateWorkflowInstanceAfterExecution(<generated>)
	at com.nitorcreations.nflow.engine.internal.dao.WorkflowInstanceDaoTest.updateWorkflowInstanceWithChildWorkflowHavingExistinExternalIdWorks(WorkflowInstanceDaoTest.java:295)
	at sun.reflect.NativeMethodAccessorImpl.invoke0(Native Method)
	at sun.reflect.NativeMethodAccessorImpl.invoke(NativeMethodAccessorImpl.java:57)
	at sun.reflect.DelegatingMethodAccessorImpl.invoke(DelegatingMethodAccessorImpl.java:43)
	at java.lang.reflect.Method.invoke(Method.java:606)
	at org.junit.runners.model.FrameworkMethod$1.runReflectiveCall(FrameworkMethod.java:50)
	at org.junit.internal.runners.model.ReflectiveCallable.run(ReflectiveCallable.java:12)
	at org.junit.runners.model.FrameworkMethod.invokeExplosively(FrameworkMethod.java:47)
	at org.junit.internal.runners.statements.InvokeMethod.evaluate(InvokeMethod.java:17)
	at org.springframework.test.context.junit4.statements.RunBeforeTestMethodCallbacks.evaluate(RunBeforeTestMethodCallbacks.java:75)
	at org.junit.internal.runners.statements.RunAfters.evaluate(RunAfters.java:27)
	at org.springframework.test.context.junit4.statements.RunAfterTestMethodCallbacks.evaluate(RunAfterTestMethodCallbacks.java:86)
	at org.junit.rules.ExpectedException$ExpectedExceptionStatement.evaluate(ExpectedException.java:239)
	at org.junit.rules.RunRules.evaluate(RunRules.java:20)
	at org.springframework.test.context.junit4.statements.SpringRepeat.evaluate(SpringRepeat.java:84)
	at org.junit.runners.ParentRunner.runLeaf(ParentRunner.java:325)
	at org.springframework.test.context.junit4.SpringJUnit4ClassRunner.runChild(SpringJUnit4ClassRunner.java:254)
	at org.springframework.test.context.junit4.SpringJUnit4ClassRunner.runChild(SpringJUnit4ClassRunner.java:89)
	at org.junit.runners.ParentRunner$3.run(ParentRunner.java:290)
	at org.junit.runners.ParentRunner$1.schedule(ParentRunner.java:71)
	at org.junit.runners.ParentRunner.runChildren(ParentRunner.java:288)
	at org.junit.runners.ParentRunner.access$000(ParentRunner.java:58)
	at org.junit.runners.ParentRunner$2.evaluate(ParentRunner.java:268)
	at org.springframework.test.context.junit4.statements.RunBeforeTestClassCallbacks.evaluate(RunBeforeTestClassCallbacks.java:61)
	at org.springframework.test.context.junit4.statements.RunAfterTestClassCallbacks.evaluate(RunAfterTestClassCallbacks.java:70)
	at org.junit.runners.ParentRunner.run(ParentRunner.java:363)
	at org.springframework.test.context.junit4.SpringJUnit4ClassRunner.run(SpringJUnit4ClassRunner.java:193)
	at org.apache.maven.surefire.junit4.JUnit4Provider.execute(JUnit4Provider.java:367)
	at org.apache.maven.surefire.junit4.JUnit4Provider.executeWithRerun(JUnit4Provider.java:274)
	at org.apache.maven.surefire.junit4.JUnit4Provider.executeTestSet(JUnit4Provider.java:238)
	at org.apache.maven.surefire.junit4.JUnit4Provider.invoke(JUnit4Provider.java:161)
	at org.apache.maven.surefire.booter.ForkedBooter.invokeProviderInSameClassLoader(ForkedBooter.java:290)
	at org.apache.maven.surefire.booter.ForkedBooter.runSuitesInProcess(ForkedBooter.java:242)
	at org.apache.maven.surefire.booter.ForkedBooter.main(ForkedBooter.java:121)
Caused by: org.h2.jdbc.JdbcSQLException: Unique index or primary key violation: "NFLOW_WORKFLOW_UNIQ ON PUBLIC.NFLOW_WORKFLOW(TYPE, EXTERNAL_ID, EXECUTOR_GROUP) VALUES ('dummy', 'extId', 'junit', 159)"; SQL statement:
insert into nflow_workflow(type, root_workflow_id, parent_workflow_id, parent_action_id, business_key, external_id, executor_group, status, state, state_text, next_activation) values (?, ?, ?, ?, ?, ?, ?, ?, ?, ?, ?) [23505-191]
	at org.h2.message.DbException.getJdbcSQLException(DbException.java:345)
	at org.h2.message.DbException.get(DbException.java:179)
	at org.h2.message.DbException.get(DbException.java:155)
	at org.h2.index.BaseIndex.getDuplicateKeyException(BaseIndex.java:107)
	at org.h2.mvstore.db.MVSecondaryIndex.checkUnique(MVSecondaryIndex.java:230)
	at org.h2.mvstore.db.MVSecondaryIndex.add(MVSecondaryIndex.java:189)
	at org.h2.mvstore.db.MVTable.addRow(MVTable.java:704)
	at org.h2.command.dml.Insert.insertRows(Insert.java:156)
	at org.h2.command.dml.Insert.update(Insert.java:114)
	at org.h2.command.CommandContainer.update(CommandContainer.java:98)
	at org.h2.command.Command.executeUpdate(Command.java:258)
	at org.h2.jdbc.JdbcPreparedStatement.executeUpdateInternal(JdbcPreparedStatement.java:160)
	at org.h2.jdbc.JdbcPreparedStatement.executeUpdate(JdbcPreparedStatement.java:146)
	at com.zaxxer.hikari.proxy.PreparedStatementProxy.executeUpdate(PreparedStatementProxy.java:61)
	at com.zaxxer.hikari.proxy.HikariPreparedStatementProxy.executeUpdate(HikariPreparedStatementProxy.java)
	at org.springframework.jdbc.core.JdbcTemplate$3.doInPreparedStatement(JdbcTemplate.java:903)
	at org.springframework.jdbc.core.JdbcTemplate$3.doInPreparedStatement(JdbcTemplate.java:900)
	at org.springframework.jdbc.core.JdbcTemplate.execute(JdbcTemplate.java:629)
	... 49 common frames omitted
04.06.2016 22:57:27 INFO  [main] ternal.dao.WorkflowInstanceDao - [user:] Forcing action creation because new workflow instances are created or state variables are changed.
04.06.2016 22:57:27 INFO  [main] ternal.dao.WorkflowInstanceDao - [user:] Forcing action creation because new workflow instances are created or state variables are changed.
04.06.2016 22:57:27 INFO  [main] ternal.dao.WorkflowInstanceDao - [user:] Forcing action creation because new workflow instances are created or state variables are changed.
04.06.2016 22:57:27 INFO  [main] ternal.dao.WorkflowInstanceDao - [user:] Forcing action creation because new workflow instances are created or state variables are changed.
04.06.2016 22:57:27 INFO  [main] ternal.dao.WorkflowInstanceDao - [user:] Forcing action creation because new workflow instances are created or state variables are changed.
04.06.2016 22:57:27 INFO  [main] ternal.dao.WorkflowInstanceDao - [user:] Forcing action creation because new workflow instances are created or state variables are changed.
04.06.2016 22:57:28 INFO  [main] ternal.dao.WorkflowInstanceDao - [user:] Forcing action creation because new workflow instances are created or state variables are changed.
04.06.2016 22:57:28 INFO  [main] ternal.dao.WorkflowInstanceDao - [user:] Forcing action creation because new workflow instances are created or state variables are changed.
>>>>>>>>>>>>>>>>>>>
nflow-engine/target/surefire-reports/com.nitorcreations.nflow.engine.internal.dao.WorkflowInstanceDaoTest.txt
<<<<<<<<<<<<<<<<<<<<<
-------------------------------------------------------------------------------
Test set: com.nitorcreations.nflow.engine.internal.dao.WorkflowInstanceDaoTest
-------------------------------------------------------------------------------
Tests run: 34, Failures: 0, Errors: 0, Skipped: 0, Time elapsed: 0.858 sec - in com.nitorcreations.nflow.engine.internal.dao.WorkflowInstanceDaoTest
>>>>>>>>>>>>>>>>>>>
nflow-engine/target/surefire-reports/com.nitorcreations.nflow.engine.internal.executor.ThresholdBlockingQueueTest.txt
<<<<<<<<<<<<<<<<<<<<<
-------------------------------------------------------------------------------
Test set: com.nitorcreations.nflow.engine.internal.executor.ThresholdBlockingQueueTest
-------------------------------------------------------------------------------
Tests run: 4, Failures: 0, Errors: 0, Skipped: 0, Time elapsed: 7.051 sec - in com.nitorcreations.nflow.engine.internal.executor.ThresholdBlockingQueueTest
>>>>>>>>>>>>>>>>>>>
nflow-engine/target/surefire-reports/com.nitorcreations.nflow.engine.internal.executor.WorkflowDispatcherTest-output.txt
<<<<<<<<<<<<<<<<<<<<<
04.06.2016 22:57:29 INFO  [thread Dispatcher] al.executor.WorkflowDispatcher - [user:] Starting.
04.06.2016 22:57:29 INFO  [thread Shutdown] al.executor.WorkflowDispatcher - [user:] Shutdown requested.
04.06.2016 22:57:29 INFO  [thread Shutdown] al.executor.WorkflowDispatcher - [user:] Shutdown interrupted.
04.06.2016 22:57:29 INFO  [thread Dispatcher] al.executor.WorkflowDispatcher - [user:] Shutdown finished.
04.06.2016 22:57:29 INFO  [thread Dispatcher] al.executor.WorkflowDispatcher - [user:] Starting.
04.06.2016 22:57:29 INFO  [thread Shutdown] al.executor.WorkflowDispatcher - [user:] Shutdown requested.
04.06.2016 22:57:29 INFO  [thread Dispatcher] al.executor.WorkflowDispatcher - [user:] Shutdown finished.
04.06.2016 22:57:29 INFO  [thread Dispatcher] al.executor.WorkflowDispatcher - [user:] Starting.
04.06.2016 22:57:29 INFO  [thread Shutdown] al.executor.WorkflowDispatcher - [user:] Shutdown requested.
04.06.2016 22:57:29 INFO  [thread Dispatcher] al.executor.WorkflowDispatcher - [user:] Shutdown finished.
04.06.2016 22:57:29 ERROR [thread Dispatcher] al.executor.WorkflowDispatcher - [user:] Error in shutting down thread pool.
java.lang.RuntimeException: Expected: exception on pool shutdown
	at com.nitorcreations.nflow.engine.internal.executor.WorkflowDispatcher.shutdownPool(WorkflowDispatcher.java:99)
	at com.nitorcreations.nflow.engine.internal.executor.WorkflowDispatcher.run(WorkflowDispatcher.java:79)
	at com.nitorcreations.nflow.engine.internal.executor.WorkflowDispatcherTest$1ExceptionOnPoolShutdownIsNotPropagated.threadDispatcher(WorkflowDispatcherTest.java:238)
	at sun.reflect.NativeMethodAccessorImpl.invoke0(Native Method)
	at sun.reflect.NativeMethodAccessorImpl.invoke(NativeMethodAccessorImpl.java:57)
	at sun.reflect.DelegatingMethodAccessorImpl.invoke(DelegatingMethodAccessorImpl.java:43)
	at java.lang.reflect.Method.invoke(Method.java:606)
	at edu.umd.cs.mtc.TestFramework$2.run(TestFramework.java:592)
	at java.lang.Thread.run(Thread.java:745)
04.06.2016 22:57:29 INFO  [thread Dispatcher] al.executor.WorkflowDispatcher - [user:] Starting.
04.06.2016 22:57:29 INFO  [thread Shutdown] al.executor.WorkflowDispatcher - [user:] Shutdown requested.
04.06.2016 22:57:29 INFO  [thread Dispatcher] al.executor.WorkflowDispatcher - [user:] Shutdown finished.
04.06.2016 22:57:29 INFO  [main] al.executor.WorkflowDispatcher - [user:] Shutdown requested.
04.06.2016 22:57:29 INFO  [thread Dispatcher] al.executor.WorkflowDispatcher - [user:] Starting.
04.06.2016 22:57:29 INFO  [thread Shutdown] al.executor.WorkflowDispatcher - [user:] Shutdown requested.
04.06.2016 22:57:29 INFO  [thread Dispatcher] al.executor.WorkflowDispatcher - [user:] Shutdown finished.
04.06.2016 22:57:29 INFO  [thread Dispatcher] al.executor.WorkflowDispatcher - [user:] Starting.
04.06.2016 22:57:29 INFO  [thread Dispatcher] al.executor.WorkflowDispatcher - [user:] Shutdown finished.
04.06.2016 22:57:29 INFO  [thread Dispatcher] al.executor.WorkflowDispatcher - [user:] Starting.
04.06.2016 22:57:29 ERROR [thread Dispatcher] al.executor.WorkflowDispatcher - [user:] Exception in executing dispatcher - retrying after sleep period (Expected: exception during dispatcher execution)
java.lang.RuntimeException: Expected: exception during dispatcher execution
	at com.nitorcreations.nflow.engine.internal.executor.WorkflowDispatcher.getNextInstanceIds(WorkflowDispatcher.java:120)
	at com.nitorcreations.nflow.engine.internal.executor.WorkflowDispatcher.run(WorkflowDispatcher.java:67)
	at com.nitorcreations.nflow.engine.internal.executor.WorkflowDispatcherTest$1ExceptionDuringDispatcherExecutionCausesRetry.threadDispatcher(WorkflowDispatcherTest.java:106)
	at sun.reflect.NativeMethodAccessorImpl.invoke0(Native Method)
	at sun.reflect.NativeMethodAccessorImpl.invoke(NativeMethodAccessorImpl.java:57)
	at sun.reflect.DelegatingMethodAccessorImpl.invoke(DelegatingMethodAccessorImpl.java:43)
	at java.lang.reflect.Method.invoke(Method.java:606)
	at edu.umd.cs.mtc.TestFramework$2.run(TestFramework.java:592)
	at java.lang.Thread.run(Thread.java:745)
04.06.2016 22:57:29 INFO  [thread Shutdown] al.executor.WorkflowDispatcher - [user:] Shutdown requested.
04.06.2016 22:57:29 INFO  [thread Dispatcher] al.executor.WorkflowDispatcher - [user:] Shutdown finished.
04.06.2016 22:57:29 INFO  [thread Dispatcher] al.executor.WorkflowDispatcher - [user:] Starting.
04.06.2016 22:57:29 WARN  [thread Dispatcher] al.executor.WorkflowDispatcher - [user:] 2 of 2 state processor threads are potentially stuck (processing longer than 60 seconds)
04.06.2016 22:57:29 INFO  [thread Shutdown] al.executor.WorkflowDispatcher - [user:] Shutdown requested.
04.06.2016 22:57:29 INFO  [thread Dispatcher] al.executor.WorkflowDispatcher - [user:] Shutdown finished.
>>>>>>>>>>>>>>>>>>>
nflow-engine/target/surefire-reports/com.nitorcreations.nflow.engine.internal.executor.WorkflowDispatcherTest.txt
<<<<<<<<<<<<<<<<<<<<<
-------------------------------------------------------------------------------
Test set: com.nitorcreations.nflow.engine.internal.executor.WorkflowDispatcherTest
-------------------------------------------------------------------------------
Tests run: 9, Failures: 0, Errors: 0, Skipped: 0, Time elapsed: 1.067 sec - in com.nitorcreations.nflow.engine.internal.executor.WorkflowDispatcherTest
>>>>>>>>>>>>>>>>>>>
nflow-engine/target/surefire-reports/com.nitorcreations.nflow.engine.internal.executor.WorkflowInstanceExecutorTest.txt
<<<<<<<<<<<<<<<<<<<<<
-------------------------------------------------------------------------------
Test set: com.nitorcreations.nflow.engine.internal.executor.WorkflowInstanceExecutorTest
-------------------------------------------------------------------------------
Tests run: 5, Failures: 0, Errors: 0, Skipped: 0, Time elapsed: 0.056 sec - in com.nitorcreations.nflow.engine.internal.executor.WorkflowInstanceExecutorTest
>>>>>>>>>>>>>>>>>>>
nflow-engine/target/surefire-reports/com.nitorcreations.nflow.engine.internal.executor.WorkflowStateProcessorFactoryTest.txt
<<<<<<<<<<<<<<<<<<<<<
-------------------------------------------------------------------------------
Test set: com.nitorcreations.nflow.engine.internal.executor.WorkflowStateProcessorFactoryTest
-------------------------------------------------------------------------------
Tests run: 3, Failures: 0, Errors: 0, Skipped: 0, Time elapsed: 0.037 sec - in com.nitorcreations.nflow.engine.internal.executor.WorkflowStateProcessorFactoryTest
>>>>>>>>>>>>>>>>>>>
nflow-engine/target/surefire-reports/com.nitorcreations.nflow.engine.internal.executor.WorkflowStateProcessorTest-output.txt
<<<<<<<<<<<<<<<<<<<<<
04.06.2016 22:57:37 WARN  [Time-limited test] xecutor.WorkflowStateProcessor - [user:] Workflow type test not configured to this nFlow instance - rescheduling workflow instance
04.06.2016 22:57:37 WARN  [Time-limited test] xecutor.WorkflowStateProcessor - [user:] Workflow state invalid not configured to workflow type simple-test - rescheduling workflow instance
04.06.2016 22:57:37 ERROR [Time-limited test] xecutor.WorkflowStateProcessor - [user:] Handler threw exception, trying again later.
java.lang.RuntimeException: test-fail
	at com.nitorcreations.nflow.engine.internal.executor.WorkflowStateProcessorTest$FailingTestWorkflow.start(WorkflowStateProcessorTest.java:826)
	at sun.reflect.NativeMethodAccessorImpl.invoke0(Native Method)
	at sun.reflect.NativeMethodAccessorImpl.invoke(NativeMethodAccessorImpl.java:57)
	at sun.reflect.DelegatingMethodAccessorImpl.invoke(DelegatingMethodAccessorImpl.java:43)
	at java.lang.reflect.Method.invoke(Method.java:606)
	at org.springframework.util.ReflectionUtils.invokeMethod(ReflectionUtils.java:216)
	at com.nitorcreations.nflow.engine.internal.executor.WorkflowStateProcessor$NormalStateHandler.getNextAction(WorkflowStateProcessor.java:313)
	at com.nitorcreations.nflow.engine.internal.executor.WorkflowStateProcessor$StateHandler.processState(WorkflowStateProcessor.java:361)
	at com.nitorcreations.nflow.engine.internal.executor.WorkflowStateProcessor$ProcessingExecutorListener.process(WorkflowStateProcessor.java:299)
	at com.nitorcreations.nflow.engine.internal.executor.WorkflowStateProcessor$ExecutorListenerChain.next(WorkflowStateProcessor.java:279)
	at com.nitorcreations.nflow.engine.internal.executor.WorkflowStateProcessorTest$2.answer(WorkflowStateProcessorTest.java:362)
	at org.mockito.internal.stubbing.StubbedInvocationMatcher.answer(StubbedInvocationMatcher.java:34)
	at org.mockito.internal.handler.MockHandlerImpl.handle(MockHandlerImpl.java:91)
	at org.mockito.internal.handler.NullResultGuardian.handle(NullResultGuardian.java:29)
	at org.mockito.internal.handler.InvocationNotifierHandler.handle(InvocationNotifierHandler.java:38)
	at org.mockito.internal.creation.cglib.MethodInterceptorFilter.intercept(MethodInterceptorFilter.java:59)
	at com.nitorcreations.nflow.engine.listener.WorkflowExecutorListener$$EnhancerByMockitoWithCGLIB$$1291ffe.process(<generated>)
	at com.nitorcreations.nflow.engine.internal.executor.WorkflowStateProcessor$ExecutorListenerChain.next(WorkflowStateProcessor.java:279)
	at com.nitorcreations.nflow.engine.internal.executor.WorkflowStateProcessorTest$2.answer(WorkflowStateProcessorTest.java:362)
	at org.mockito.internal.stubbing.StubbedInvocationMatcher.answer(StubbedInvocationMatcher.java:34)
	at org.mockito.internal.handler.MockHandlerImpl.handle(MockHandlerImpl.java:91)
	at org.mockito.internal.handler.NullResultGuardian.handle(NullResultGuardian.java:29)
	at org.mockito.internal.handler.InvocationNotifierHandler.handle(InvocationNotifierHandler.java:38)
	at org.mockito.internal.creation.cglib.MethodInterceptorFilter.intercept(MethodInterceptorFilter.java:59)
	at com.nitorcreations.nflow.engine.listener.WorkflowExecutorListener$$EnhancerByMockitoWithCGLIB$$1291ffe.process(<generated>)
	at com.nitorcreations.nflow.engine.internal.executor.WorkflowStateProcessor$ExecutorListenerChain.next(WorkflowStateProcessor.java:279)
	at com.nitorcreations.nflow.engine.internal.executor.WorkflowStateProcessor.processWithListeners(WorkflowStateProcessor.java:261)
	at com.nitorcreations.nflow.engine.internal.executor.WorkflowStateProcessor.runImpl(WorkflowStateProcessor.java:133)
	at com.nitorcreations.nflow.engine.internal.executor.WorkflowStateProcessor.run(WorkflowStateProcessor.java:98)
	at com.nitorcreations.nflow.engine.internal.executor.WorkflowStateProcessorTest.runWorkflowThroughToFailureState(WorkflowStateProcessorTest.java:191)
	at sun.reflect.NativeMethodAccessorImpl.invoke0(Native Method)
	at sun.reflect.NativeMethodAccessorImpl.invoke(NativeMethodAccessorImpl.java:57)
	at sun.reflect.DelegatingMethodAccessorImpl.invoke(DelegatingMethodAccessorImpl.java:43)
	at java.lang.reflect.Method.invoke(Method.java:606)
	at org.junit.runners.model.FrameworkMethod$1.runReflectiveCall(FrameworkMethod.java:50)
	at org.junit.internal.runners.model.ReflectiveCallable.run(ReflectiveCallable.java:12)
	at org.junit.runners.model.FrameworkMethod.invokeExplosively(FrameworkMethod.java:47)
	at org.junit.internal.runners.statements.InvokeMethod.evaluate(InvokeMethod.java:17)
	at org.junit.internal.runners.statements.RunBefores.evaluate(RunBefores.java:26)
	at org.junit.internal.runners.statements.RunAfters.evaluate(RunAfters.java:27)
	at org.junit.internal.runners.statements.FailOnTimeout$CallableStatement.call(FailOnTimeout.java:298)
	at org.junit.internal.runners.statements.FailOnTimeout$CallableStatement.call(FailOnTimeout.java:292)
	at java.util.concurrent.FutureTask.run(FutureTask.java:262)
	at java.lang.Thread.run(Thread.java:745)
04.06.2016 22:57:37 ERROR [Time-limited test] xecutor.WorkflowStateProcessor - [user:] Handler threw exception, trying again later.
java.lang.RuntimeException: test-fail
	at com.nitorcreations.nflow.engine.internal.executor.WorkflowStateProcessorTest$FailingTestWorkflow.start(WorkflowStateProcessorTest.java:826)
	at sun.reflect.NativeMethodAccessorImpl.invoke0(Native Method)
	at sun.reflect.NativeMethodAccessorImpl.invoke(NativeMethodAccessorImpl.java:57)
	at sun.reflect.DelegatingMethodAccessorImpl.invoke(DelegatingMethodAccessorImpl.java:43)
	at java.lang.reflect.Method.invoke(Method.java:606)
	at org.springframework.util.ReflectionUtils.invokeMethod(ReflectionUtils.java:216)
	at com.nitorcreations.nflow.engine.internal.executor.WorkflowStateProcessor$NormalStateHandler.getNextAction(WorkflowStateProcessor.java:313)
	at com.nitorcreations.nflow.engine.internal.executor.WorkflowStateProcessor$StateHandler.processState(WorkflowStateProcessor.java:361)
	at com.nitorcreations.nflow.engine.internal.executor.WorkflowStateProcessor$ProcessingExecutorListener.process(WorkflowStateProcessor.java:299)
	at com.nitorcreations.nflow.engine.internal.executor.WorkflowStateProcessor$ExecutorListenerChain.next(WorkflowStateProcessor.java:279)
	at com.nitorcreations.nflow.engine.internal.executor.WorkflowStateProcessorTest$2.answer(WorkflowStateProcessorTest.java:362)
	at org.mockito.internal.stubbing.StubbedInvocationMatcher.answer(StubbedInvocationMatcher.java:34)
	at org.mockito.internal.handler.MockHandlerImpl.handle(MockHandlerImpl.java:91)
	at org.mockito.internal.handler.NullResultGuardian.handle(NullResultGuardian.java:29)
	at org.mockito.internal.handler.InvocationNotifierHandler.handle(InvocationNotifierHandler.java:38)
	at org.mockito.internal.creation.cglib.MethodInterceptorFilter.intercept(MethodInterceptorFilter.java:59)
	at com.nitorcreations.nflow.engine.listener.WorkflowExecutorListener$$EnhancerByMockitoWithCGLIB$$1291ffe.process(<generated>)
	at com.nitorcreations.nflow.engine.internal.executor.WorkflowStateProcessor$ExecutorListenerChain.next(WorkflowStateProcessor.java:279)
	at com.nitorcreations.nflow.engine.internal.executor.WorkflowStateProcessorTest$2.answer(WorkflowStateProcessorTest.java:362)
	at org.mockito.internal.stubbing.StubbedInvocationMatcher.answer(StubbedInvocationMatcher.java:34)
	at org.mockito.internal.handler.MockHandlerImpl.handle(MockHandlerImpl.java:91)
	at org.mockito.internal.handler.NullResultGuardian.handle(NullResultGuardian.java:29)
	at org.mockito.internal.handler.InvocationNotifierHandler.handle(InvocationNotifierHandler.java:38)
	at org.mockito.internal.creation.cglib.MethodInterceptorFilter.intercept(MethodInterceptorFilter.java:59)
	at com.nitorcreations.nflow.engine.listener.WorkflowExecutorListener$$EnhancerByMockitoWithCGLIB$$1291ffe.process(<generated>)
	at com.nitorcreations.nflow.engine.internal.executor.WorkflowStateProcessor$ExecutorListenerChain.next(WorkflowStateProcessor.java:279)
	at com.nitorcreations.nflow.engine.internal.executor.WorkflowStateProcessor.processWithListeners(WorkflowStateProcessor.java:261)
	at com.nitorcreations.nflow.engine.internal.executor.WorkflowStateProcessor.runImpl(WorkflowStateProcessor.java:133)
	at com.nitorcreations.nflow.engine.internal.executor.WorkflowStateProcessor.run(WorkflowStateProcessor.java:98)
	at com.nitorcreations.nflow.engine.internal.executor.WorkflowStateProcessorTest.failureListenersAreExecutedAfterFailure(WorkflowStateProcessorTest.java:622)
	at sun.reflect.NativeMethodAccessorImpl.invoke0(Native Method)
	at sun.reflect.NativeMethodAccessorImpl.invoke(NativeMethodAccessorImpl.java:57)
	at sun.reflect.DelegatingMethodAccessorImpl.invoke(DelegatingMethodAccessorImpl.java:43)
	at java.lang.reflect.Method.invoke(Method.java:606)
	at org.junit.runners.model.FrameworkMethod$1.runReflectiveCall(FrameworkMethod.java:50)
	at org.junit.internal.runners.model.ReflectiveCallable.run(ReflectiveCallable.java:12)
	at org.junit.runners.model.FrameworkMethod.invokeExplosively(FrameworkMethod.java:47)
	at org.junit.internal.runners.statements.InvokeMethod.evaluate(InvokeMethod.java:17)
	at org.junit.internal.runners.statements.RunBefores.evaluate(RunBefores.java:26)
	at org.junit.internal.runners.statements.RunAfters.evaluate(RunAfters.java:27)
	at org.junit.internal.runners.statements.FailOnTimeout$CallableStatement.call(FailOnTimeout.java:298)
	at org.junit.internal.runners.statements.FailOnTimeout$CallableStatement.call(FailOnTimeout.java:292)
	at java.util.concurrent.FutureTask.run(FutureTask.java:262)
	at java.lang.Thread.run(Thread.java:745)
04.06.2016 22:57:37 ERROR [Time-limited test] xecutor.WorkflowStateProcessor - [user:] State 'processReturnNullNextState' handler method failed to create valid next action, proceeding to error state 'error'
com.nitorcreations.nflow.engine.internal.executor.InvalidNextActionException: Next state can not be null
	at com.nitorcreations.nflow.engine.workflow.definition.NextAction.assertNotNull(NextAction.java:108)
	at com.nitorcreations.nflow.engine.workflow.definition.NextAction.moveToState(NextAction.java:77)
	at com.nitorcreations.nflow.engine.internal.executor.WorkflowStateProcessorTest$FailingTestWorkflow.processReturnNullNextState(WorkflowStateProcessorTest.java:842)
	at sun.reflect.NativeMethodAccessorImpl.invoke0(Native Method)
	at sun.reflect.NativeMethodAccessorImpl.invoke(NativeMethodAccessorImpl.java:57)
	at sun.reflect.DelegatingMethodAccessorImpl.invoke(DelegatingMethodAccessorImpl.java:43)
	at java.lang.reflect.Method.invoke(Method.java:606)
	at org.springframework.util.ReflectionUtils.invokeMethod(ReflectionUtils.java:216)
	at com.nitorcreations.nflow.engine.internal.executor.WorkflowStateProcessor$NormalStateHandler.getNextAction(WorkflowStateProcessor.java:313)
	at com.nitorcreations.nflow.engine.internal.executor.WorkflowStateProcessor$StateHandler.processState(WorkflowStateProcessor.java:361)
	at com.nitorcreations.nflow.engine.internal.executor.WorkflowStateProcessor$ProcessingExecutorListener.process(WorkflowStateProcessor.java:299)
	at com.nitorcreations.nflow.engine.internal.executor.WorkflowStateProcessor$ExecutorListenerChain.next(WorkflowStateProcessor.java:279)
	at com.nitorcreations.nflow.engine.internal.executor.WorkflowStateProcessorTest$2.answer(WorkflowStateProcessorTest.java:362)
	at org.mockito.internal.stubbing.StubbedInvocationMatcher.answer(StubbedInvocationMatcher.java:34)
	at org.mockito.internal.handler.MockHandlerImpl.handle(MockHandlerImpl.java:91)
	at org.mockito.internal.handler.NullResultGuardian.handle(NullResultGuardian.java:29)
	at org.mockito.internal.handler.InvocationNotifierHandler.handle(InvocationNotifierHandler.java:38)
	at org.mockito.internal.creation.cglib.MethodInterceptorFilter.intercept(MethodInterceptorFilter.java:59)
	at com.nitorcreations.nflow.engine.listener.WorkflowExecutorListener$$EnhancerByMockitoWithCGLIB$$1291ffe.process(<generated>)
	at com.nitorcreations.nflow.engine.internal.executor.WorkflowStateProcessor$ExecutorListenerChain.next(WorkflowStateProcessor.java:279)
	at com.nitorcreations.nflow.engine.internal.executor.WorkflowStateProcessorTest$2.answer(WorkflowStateProcessorTest.java:362)
	at org.mockito.internal.stubbing.StubbedInvocationMatcher.answer(StubbedInvocationMatcher.java:34)
	at org.mockito.internal.handler.MockHandlerImpl.handle(MockHandlerImpl.java:91)
	at org.mockito.internal.handler.NullResultGuardian.handle(NullResultGuardian.java:29)
	at org.mockito.internal.handler.InvocationNotifierHandler.handle(InvocationNotifierHandler.java:38)
	at org.mockito.internal.creation.cglib.MethodInterceptorFilter.intercept(MethodInterceptorFilter.java:59)
	at com.nitorcreations.nflow.engine.listener.WorkflowExecutorListener$$EnhancerByMockitoWithCGLIB$$1291ffe.process(<generated>)
	at com.nitorcreations.nflow.engine.internal.executor.WorkflowStateProcessor$ExecutorListenerChain.next(WorkflowStateProcessor.java:279)
	at com.nitorcreations.nflow.engine.internal.executor.WorkflowStateProcessor.processWithListeners(WorkflowStateProcessor.java:261)
	at com.nitorcreations.nflow.engine.internal.executor.WorkflowStateProcessor.runImpl(WorkflowStateProcessor.java:133)
	at com.nitorcreations.nflow.engine.internal.executor.WorkflowStateProcessor.run(WorkflowStateProcessor.java:98)
	at com.nitorcreations.nflow.engine.internal.executor.WorkflowStateProcessorTest.goToErrorStateWhenNextStateIsNull(WorkflowStateProcessorTest.java:372)
	at sun.reflect.NativeMethodAccessorImpl.invoke0(Native Method)
	at sun.reflect.NativeMethodAccessorImpl.invoke(NativeMethodAccessorImpl.java:57)
	at sun.reflect.DelegatingMethodAccessorImpl.invoke(DelegatingMethodAccessorImpl.java:43)
	at java.lang.reflect.Method.invoke(Method.java:606)
	at org.junit.runners.model.FrameworkMethod$1.runReflectiveCall(FrameworkMethod.java:50)
	at org.junit.internal.runners.model.ReflectiveCallable.run(ReflectiveCallable.java:12)
	at org.junit.runners.model.FrameworkMethod.invokeExplosively(FrameworkMethod.java:47)
	at org.junit.internal.runners.statements.InvokeMethod.evaluate(InvokeMethod.java:17)
	at org.junit.internal.runners.statements.RunBefores.evaluate(RunBefores.java:26)
	at org.junit.internal.runners.statements.RunAfters.evaluate(RunAfters.java:27)
	at org.junit.internal.runners.statements.FailOnTimeout$CallableStatement.call(FailOnTimeout.java:298)
	at org.junit.internal.runners.statements.FailOnTimeout$CallableStatement.call(FailOnTimeout.java:292)
	at java.util.concurrent.FutureTask.run(FutureTask.java:262)
	at java.lang.Thread.run(Thread.java:745)
04.06.2016 22:57:37 INFO  [Time-limited test] xecutor.WorkflowStateProcessor - [user:] Woke up parent workflow instance 999
04.06.2016 22:57:37 ERROR [Time-limited test] xecutor.WorkflowStateProcessor - [user:] Error in com.nitorcreations.nflow.engine.listener.WorkflowExecutorListener$$EnhancerByMockitoWithCGLIB$$1291ffe.beforeProcessing (null)
java.lang.RuntimeException: null
04.06.2016 22:57:37 ERROR [Time-limited test] xecutor.WorkflowStateProcessor - [user:] Error in com.nitorcreations.nflow.engine.listener.WorkflowExecutorListener$$EnhancerByMockitoWithCGLIB$$1291ffe.afterProcessing (null)
java.lang.RuntimeException: null
04.06.2016 22:57:37 WARN  [Time-limited test] xecutor.WorkflowStateProcessor - [user:] State transition from 'illegalStateChange' to 'start' is not allowed by workflow definition.
04.06.2016 22:57:37 ERROR [Time-limited test] xecutor.WorkflowStateProcessor - [user:] Handler threw exception, trying again later.
java.lang.RuntimeException: test-fail
	at com.nitorcreations.nflow.engine.internal.executor.WorkflowStateProcessorTest$FailingTestWorkflow.start(WorkflowStateProcessorTest.java:826)
	at sun.reflect.NativeMethodAccessorImpl.invoke0(Native Method)
	at sun.reflect.NativeMethodAccessorImpl.invoke(NativeMethodAccessorImpl.java:57)
	at sun.reflect.DelegatingMethodAccessorImpl.invoke(DelegatingMethodAccessorImpl.java:43)
	at java.lang.reflect.Method.invoke(Method.java:606)
	at org.springframework.util.ReflectionUtils.invokeMethod(ReflectionUtils.java:216)
	at com.nitorcreations.nflow.engine.internal.executor.WorkflowStateProcessor$NormalStateHandler.getNextAction(WorkflowStateProcessor.java:313)
	at com.nitorcreations.nflow.engine.internal.executor.WorkflowStateProcessor$StateHandler.processState(WorkflowStateProcessor.java:361)
	at com.nitorcreations.nflow.engine.internal.executor.WorkflowStateProcessor$ProcessingExecutorListener.process(WorkflowStateProcessor.java:299)
	at com.nitorcreations.nflow.engine.internal.executor.WorkflowStateProcessor$ExecutorListenerChain.next(WorkflowStateProcessor.java:279)
	at com.nitorcreations.nflow.engine.internal.executor.WorkflowStateProcessorTest$2.answer(WorkflowStateProcessorTest.java:362)
	at org.mockito.internal.stubbing.StubbedInvocationMatcher.answer(StubbedInvocationMatcher.java:34)
	at org.mockito.internal.handler.MockHandlerImpl.handle(MockHandlerImpl.java:91)
	at org.mockito.internal.handler.NullResultGuardian.handle(NullResultGuardian.java:29)
	at org.mockito.internal.handler.InvocationNotifierHandler.handle(InvocationNotifierHandler.java:38)
	at org.mockito.internal.creation.cglib.MethodInterceptorFilter.intercept(MethodInterceptorFilter.java:59)
	at com.nitorcreations.nflow.engine.listener.WorkflowExecutorListener$$EnhancerByMockitoWithCGLIB$$1291ffe.process(<generated>)
	at com.nitorcreations.nflow.engine.internal.executor.WorkflowStateProcessor$ExecutorListenerChain.next(WorkflowStateProcessor.java:279)
	at com.nitorcreations.nflow.engine.internal.executor.WorkflowStateProcessorTest$2.answer(WorkflowStateProcessorTest.java:362)
	at org.mockito.internal.stubbing.StubbedInvocationMatcher.answer(StubbedInvocationMatcher.java:34)
	at org.mockito.internal.handler.MockHandlerImpl.handle(MockHandlerImpl.java:91)
	at org.mockito.internal.handler.NullResultGuardian.handle(NullResultGuardian.java:29)
	at org.mockito.internal.handler.InvocationNotifierHandler.handle(InvocationNotifierHandler.java:38)
	at org.mockito.internal.creation.cglib.MethodInterceptorFilter.intercept(MethodInterceptorFilter.java:59)
	at com.nitorcreations.nflow.engine.listener.WorkflowExecutorListener$$EnhancerByMockitoWithCGLIB$$1291ffe.process(<generated>)
	at com.nitorcreations.nflow.engine.internal.executor.WorkflowStateProcessor$ExecutorListenerChain.next(WorkflowStateProcessor.java:279)
	at com.nitorcreations.nflow.engine.internal.executor.WorkflowStateProcessor.processWithListeners(WorkflowStateProcessor.java:261)
	at com.nitorcreations.nflow.engine.internal.executor.WorkflowStateProcessor.runImpl(WorkflowStateProcessor.java:133)
	at com.nitorcreations.nflow.engine.internal.executor.WorkflowStateProcessor.run(WorkflowStateProcessor.java:98)
	at com.nitorcreations.nflow.engine.internal.executor.WorkflowStateProcessorTest.runWorkflowThroughOneFailedState(WorkflowStateProcessorTest.java:178)
	at sun.reflect.NativeMethodAccessorImpl.invoke0(Native Method)
	at sun.reflect.NativeMethodAccessorImpl.invoke(NativeMethodAccessorImpl.java:57)
	at sun.reflect.DelegatingMethodAccessorImpl.invoke(DelegatingMethodAccessorImpl.java:43)
	at java.lang.reflect.Method.invoke(Method.java:606)
	at org.junit.runners.model.FrameworkMethod$1.runReflectiveCall(FrameworkMethod.java:50)
	at org.junit.internal.runners.model.ReflectiveCallable.run(ReflectiveCallable.java:12)
	at org.junit.runners.model.FrameworkMethod.invokeExplosively(FrameworkMethod.java:47)
	at org.junit.internal.runners.statements.InvokeMethod.evaluate(InvokeMethod.java:17)
	at org.junit.internal.runners.statements.RunBefores.evaluate(RunBefores.java:26)
	at org.junit.internal.runners.statements.RunAfters.evaluate(RunAfters.java:27)
	at org.junit.internal.runners.statements.FailOnTimeout$CallableStatement.call(FailOnTimeout.java:298)
	at org.junit.internal.runners.statements.FailOnTimeout$CallableStatement.call(FailOnTimeout.java:292)
	at java.util.concurrent.FutureTask.run(FutureTask.java:262)
	at java.lang.Thread.run(Thread.java:745)
04.06.2016 22:57:37 WARN  [Time-limited test] al.workflow.StateExecutionImpl - [user:] wakeUpParentWorkflow called on non-child workflow
04.06.2016 22:57:37 ERROR [Time-limited test] xecutor.WorkflowStateProcessor - [user:] State 'illegalStateChange' is not a state of 'failing' workflow definition, proceeding to error state 'error'
04.06.2016 22:57:37 ERROR [Time-limited test] xecutor.WorkflowStateProcessor - [user:] Handler threw exception, trying again later.
java.lang.RuntimeException: test-fail
	at com.nitorcreations.nflow.engine.internal.executor.WorkflowStateProcessorTest$FailingTestWorkflow.start(WorkflowStateProcessorTest.java:826)
	at sun.reflect.NativeMethodAccessorImpl.invoke0(Native Method)
	at sun.reflect.NativeMethodAccessorImpl.invoke(NativeMethodAccessorImpl.java:57)
	at sun.reflect.DelegatingMethodAccessorImpl.invoke(DelegatingMethodAccessorImpl.java:43)
	at java.lang.reflect.Method.invoke(Method.java:606)
	at org.springframework.util.ReflectionUtils.invokeMethod(ReflectionUtils.java:216)
	at com.nitorcreations.nflow.engine.internal.executor.WorkflowStateProcessor$NormalStateHandler.getNextAction(WorkflowStateProcessor.java:313)
	at com.nitorcreations.nflow.engine.internal.executor.WorkflowStateProcessor$StateHandler.processState(WorkflowStateProcessor.java:361)
	at com.nitorcreations.nflow.engine.internal.executor.WorkflowStateProcessor$ProcessingExecutorListener.process(WorkflowStateProcessor.java:299)
	at com.nitorcreations.nflow.engine.internal.executor.WorkflowStateProcessor$ExecutorListenerChain.next(WorkflowStateProcessor.java:279)
	at com.nitorcreations.nflow.engine.internal.executor.WorkflowStateProcessorTest$2.answer(WorkflowStateProcessorTest.java:362)
	at org.mockito.internal.stubbing.StubbedInvocationMatcher.answer(StubbedInvocationMatcher.java:34)
	at org.mockito.internal.handler.MockHandlerImpl.handle(MockHandlerImpl.java:91)
	at org.mockito.internal.handler.NullResultGuardian.handle(NullResultGuardian.java:29)
	at org.mockito.internal.handler.InvocationNotifierHandler.handle(InvocationNotifierHandler.java:38)
	at org.mockito.internal.creation.cglib.MethodInterceptorFilter.intercept(MethodInterceptorFilter.java:59)
	at com.nitorcreations.nflow.engine.listener.WorkflowExecutorListener$$EnhancerByMockitoWithCGLIB$$1291ffe.process(<generated>)
	at com.nitorcreations.nflow.engine.internal.executor.WorkflowStateProcessor$ExecutorListenerChain.next(WorkflowStateProcessor.java:279)
	at com.nitorcreations.nflow.engine.internal.executor.WorkflowStateProcessorTest$2.answer(WorkflowStateProcessorTest.java:362)
	at org.mockito.internal.stubbing.StubbedInvocationMatcher.answer(StubbedInvocationMatcher.java:34)
	at org.mockito.internal.handler.MockHandlerImpl.handle(MockHandlerImpl.java:91)
	at org.mockito.internal.handler.NullResultGuardian.handle(NullResultGuardian.java:29)
	at org.mockito.internal.handler.InvocationNotifierHandler.handle(InvocationNotifierHandler.java:38)
	at org.mockito.internal.creation.cglib.MethodInterceptorFilter.intercept(MethodInterceptorFilter.java:59)
	at com.nitorcreations.nflow.engine.listener.WorkflowExecutorListener$$EnhancerByMockitoWithCGLIB$$1291ffe.process(<generated>)
	at com.nitorcreations.nflow.engine.internal.executor.WorkflowStateProcessor$ExecutorListenerChain.next(WorkflowStateProcessor.java:279)
	at com.nitorcreations.nflow.engine.internal.executor.WorkflowStateProcessor.processWithListeners(WorkflowStateProcessor.java:261)
	at com.nitorcreations.nflow.engine.internal.executor.WorkflowStateProcessor.runImpl(WorkflowStateProcessor.java:133)
	at com.nitorcreations.nflow.engine.internal.executor.WorkflowStateProcessor.run(WorkflowStateProcessor.java:98)
	at com.nitorcreations.nflow.engine.internal.executor.WorkflowStateProcessorTest.continueProcessingWhenAfterFailureListenerThrowsException(WorkflowStateProcessorTest.java:476)
	at sun.reflect.NativeMethodAccessorImpl.invoke0(Native Method)
	at sun.reflect.NativeMethodAccessorImpl.invoke(NativeMethodAccessorImpl.java:57)
	at sun.reflect.DelegatingMethodAccessorImpl.invoke(DelegatingMethodAccessorImpl.java:43)
	at java.lang.reflect.Method.invoke(Method.java:606)
	at org.junit.runners.model.FrameworkMethod$1.runReflectiveCall(FrameworkMethod.java:50)
	at org.junit.internal.runners.model.ReflectiveCallable.run(ReflectiveCallable.java:12)
	at org.junit.runners.model.FrameworkMethod.invokeExplosively(FrameworkMethod.java:47)
	at org.junit.internal.runners.statements.InvokeMethod.evaluate(InvokeMethod.java:17)
	at org.junit.internal.runners.statements.RunBefores.evaluate(RunBefores.java:26)
	at org.junit.internal.runners.statements.RunAfters.evaluate(RunAfters.java:27)
	at org.junit.internal.runners.statements.FailOnTimeout$CallableStatement.call(FailOnTimeout.java:298)
	at org.junit.internal.runners.statements.FailOnTimeout$CallableStatement.call(FailOnTimeout.java:292)
	at java.util.concurrent.FutureTask.run(FutureTask.java:262)
	at java.lang.Thread.run(Thread.java:745)
04.06.2016 22:57:37 ERROR [Time-limited test] xecutor.WorkflowStateProcessor - [user:] Error in com.nitorcreations.nflow.engine.listener.WorkflowExecutorListener$$EnhancerByMockitoWithCGLIB$$1291ffe.afterFailure (null)
java.lang.RuntimeException: null
04.06.2016 22:57:37 INFO  [Time-limited test] xecutor.WorkflowStateProcessor - [user:] Did not woke up parent workflow instance 999
04.06.2016 22:57:37 ERROR [Time-limited test] xecutor.WorkflowStateProcessor - [user:] State 'processReturnNull' handler method returned null, proceeding to error state 'error'
04.06.2016 22:57:37 WARN  [Time-limited test] xecutor.WorkflowStateProcessor - [user:] State transition from 'illegalStateChange' to 'start' is not allowed by workflow definition.
Executing error state
>>>>>>>>>>>>>>>>>>>
nflow-engine/target/surefire-reports/com.nitorcreations.nflow.engine.internal.executor.WorkflowStateProcessorTest.txt
<<<<<<<<<<<<<<<<<<<<<
-------------------------------------------------------------------------------
Test set: com.nitorcreations.nflow.engine.internal.executor.WorkflowStateProcessorTest
-------------------------------------------------------------------------------
Tests run: 28, Failures: 0, Errors: 0, Skipped: 0, Time elapsed: 0.364 sec - in com.nitorcreations.nflow.engine.internal.executor.WorkflowStateProcessorTest
>>>>>>>>>>>>>>>>>>>
nflow-engine/target/surefire-reports/com.nitorcreations.nflow.engine.internal.storage.db.DatabaseInitializerTest-output.txt
<<<<<<<<<<<<<<<<<<<<<
04.06.2016 22:57:28 INFO  [main] orage.db.DatabaseConfiguration - [user:] Database connection to h2 using jdbc:h2:mem:test;TRACE_LEVEL_FILE=4
04.06.2016 22:57:28 INFO  [main] storage.db.DatabaseInitializer - [user:] Creating database populator using script 'scripts/db/h2.create.ddl.sql'
04.06.2016 22:57:28 INFO  [main] storage.db.DatabaseInitializer - [user:] Database created.
04.06.2016 22:57:28 INFO  [main] storage.db.DatabaseInitializer - [user:] Creating database populator using script 'scripts/db/fails.create.ddl.sql'
04.06.2016 22:57:28 ERROR [main] h2database                     - [user:] jdbc[3] exception
org.h2.jdbc.JdbcSQLException: Table "FOO" already exists; SQL statement:
create table foo [42101-191]
	at org.h2.message.DbException.getJdbcSQLException(DbException.java:345)
	at org.h2.message.DbException.get(DbException.java:179)
	at org.h2.message.DbException.get(DbException.java:155)
	at org.h2.command.ddl.CreateTable.update(CreateTable.java:115)
	at org.h2.command.CommandContainer.update(CommandContainer.java:98)
	at org.h2.command.Command.executeUpdate(Command.java:258)
	at org.h2.jdbc.JdbcStatement.executeInternal(JdbcStatement.java:184)
	at org.h2.jdbc.JdbcStatement.execute(JdbcStatement.java:158)
	at com.zaxxer.hikari.proxy.StatementProxy.execute(StatementProxy.java:83)
	at com.zaxxer.hikari.proxy.HikariStatementProxy.execute(HikariStatementProxy.java)
	at org.springframework.jdbc.datasource.init.ScriptUtils.executeSqlScript(ScriptUtils.java:473)
	at org.springframework.jdbc.datasource.init.ResourceDatabasePopulator.populate(ResourceDatabasePopulator.java:231)
	at org.springframework.jdbc.datasource.init.DatabasePopulatorUtils.execute(DatabasePopulatorUtils.java:48)
	at com.nitorcreations.nflow.engine.internal.storage.db.DatabaseInitializer.populate(DatabaseInitializer.java:31)
	at com.nitorcreations.nflow.engine.internal.storage.db.DatabaseInitializer.<init>(DatabaseInitializer.java:26)
	at com.nitorcreations.nflow.engine.internal.storage.db.DatabaseInitializerTest.databaseCreationDoesNotThrowExceptionWhenDatabaseIsAlreadyCreated(DatabaseInitializerTest.java:41)
	at sun.reflect.NativeMethodAccessorImpl.invoke0(Native Method)
	at sun.reflect.NativeMethodAccessorImpl.invoke(NativeMethodAccessorImpl.java:57)
	at sun.reflect.DelegatingMethodAccessorImpl.invoke(DelegatingMethodAccessorImpl.java:43)
	at java.lang.reflect.Method.invoke(Method.java:606)
	at org.junit.runners.model.FrameworkMethod$1.runReflectiveCall(FrameworkMethod.java:50)
	at org.junit.internal.runners.model.ReflectiveCallable.run(ReflectiveCallable.java:12)
	at org.junit.runners.model.FrameworkMethod.invokeExplosively(FrameworkMethod.java:47)
	at org.junit.internal.runners.statements.InvokeMethod.evaluate(InvokeMethod.java:17)
	at org.springframework.test.context.junit4.statements.RunBeforeTestMethodCallbacks.evaluate(RunBeforeTestMethodCallbacks.java:75)
	at org.springframework.test.context.junit4.statements.RunAfterTestMethodCallbacks.evaluate(RunAfterTestMethodCallbacks.java:86)
	at org.junit.rules.ExpectedException$ExpectedExceptionStatement.evaluate(ExpectedException.java:239)
	at org.junit.rules.RunRules.evaluate(RunRules.java:20)
	at org.springframework.test.context.junit4.statements.SpringRepeat.evaluate(SpringRepeat.java:84)
	at org.junit.runners.ParentRunner.runLeaf(ParentRunner.java:325)
	at org.springframework.test.context.junit4.SpringJUnit4ClassRunner.runChild(SpringJUnit4ClassRunner.java:254)
	at org.springframework.test.context.junit4.SpringJUnit4ClassRunner.runChild(SpringJUnit4ClassRunner.java:89)
	at org.junit.runners.ParentRunner$3.run(ParentRunner.java:290)
	at org.junit.runners.ParentRunner$1.schedule(ParentRunner.java:71)
	at org.junit.runners.ParentRunner.runChildren(ParentRunner.java:288)
	at org.junit.runners.ParentRunner.access$000(ParentRunner.java:58)
	at org.junit.runners.ParentRunner$2.evaluate(ParentRunner.java:268)
	at org.springframework.test.context.junit4.statements.RunBeforeTestClassCallbacks.evaluate(RunBeforeTestClassCallbacks.java:61)
	at org.springframework.test.context.junit4.statements.RunAfterTestClassCallbacks.evaluate(RunAfterTestClassCallbacks.java:70)
	at org.junit.runners.ParentRunner.run(ParentRunner.java:363)
	at org.springframework.test.context.junit4.SpringJUnit4ClassRunner.run(SpringJUnit4ClassRunner.java:193)
	at org.apache.maven.surefire.junit4.JUnit4Provider.execute(JUnit4Provider.java:367)
	at org.apache.maven.surefire.junit4.JUnit4Provider.executeWithRerun(JUnit4Provider.java:274)
	at org.apache.maven.surefire.junit4.JUnit4Provider.executeTestSet(JUnit4Provider.java:238)
	at org.apache.maven.surefire.junit4.JUnit4Provider.invoke(JUnit4Provider.java:161)
	at org.apache.maven.surefire.booter.ForkedBooter.invokeProviderInSameClassLoader(ForkedBooter.java:290)
	at org.apache.maven.surefire.booter.ForkedBooter.runSuitesInProcess(ForkedBooter.java:242)
	at org.apache.maven.surefire.booter.ForkedBooter.main(ForkedBooter.java:121)
04.06.2016 22:57:28 WARN  [main] storage.db.DatabaseInitializer - [user:] Failed to create the database, possibly already created: Failed to execute SQL script statement #2 of class path resource [scripts/db/fails.create.ddl.sql]: create table foo; nested exception is org.h2.jdbc.JdbcSQLException: Table "FOO" already exists; SQL statement:
create table foo [42101-191]
>>>>>>>>>>>>>>>>>>>
nflow-engine/target/surefire-reports/com.nitorcreations.nflow.engine.internal.storage.db.DatabaseInitializerTest.txt
<<<<<<<<<<<<<<<<<<<<<
-------------------------------------------------------------------------------
Test set: com.nitorcreations.nflow.engine.internal.storage.db.DatabaseInitializerTest
-------------------------------------------------------------------------------
Tests run: 3, Failures: 0, Errors: 0, Skipped: 0, Time elapsed: 0.33 sec - in com.nitorcreations.nflow.engine.internal.storage.db.DatabaseInitializerTest
>>>>>>>>>>>>>>>>>>>
nflow-engine/target/surefire-reports/com.nitorcreations.nflow.engine.internal.util.PeriodicLoggerTest.txt
<<<<<<<<<<<<<<<<<<<<<
-------------------------------------------------------------------------------
Test set: com.nitorcreations.nflow.engine.internal.util.PeriodicLoggerTest
-------------------------------------------------------------------------------
Tests run: 3, Failures: 0, Errors: 0, Skipped: 0, Time elapsed: 0.016 sec - in com.nitorcreations.nflow.engine.internal.util.PeriodicLoggerTest
>>>>>>>>>>>>>>>>>>>
nflow-engine/target/surefire-reports/com.nitorcreations.nflow.engine.internal.workflow.StateExecutionImplTest-output.txt
<<<<<<<<<<<<<<<<<<<<<
04.06.2016 22:57:37 WARN  [main] al.workflow.StateExecutionImpl - [user:] wakeUpParentWorkflow called on non-child workflow
>>>>>>>>>>>>>>>>>>>
nflow-engine/target/surefire-reports/com.nitorcreations.nflow.engine.internal.workflow.StateExecutionImplTest.txt
<<<<<<<<<<<<<<<<<<<<<
-------------------------------------------------------------------------------
Test set: com.nitorcreations.nflow.engine.internal.workflow.StateExecutionImplTest
-------------------------------------------------------------------------------
Tests run: 16, Failures: 1, Errors: 0, Skipped: 0, Time elapsed: 0.024 sec <<< FAILURE! - in com.nitorcreations.nflow.engine.internal.workflow.StateExecutionImplTest
nonChildWorkflowCannotWakeUpParent(com.nitorcreations.nflow.engine.internal.workflow.StateExecutionImplTest)  Time elapsed: 0.003 sec  <<< FAILURE!
java.lang.AssertionError: Expected exception: java.lang.IllegalArgumentException

>>>>>>>>>>>>>>>>>>>
nflow-engine/target/surefire-reports/com.nitorcreations.nflow.engine.internal.workflow.WorkflowDefinitionScannerTest.txt
<<<<<<<<<<<<<<<<<<<<<
-------------------------------------------------------------------------------
Test set: com.nitorcreations.nflow.engine.internal.workflow.WorkflowDefinitionScannerTest
-------------------------------------------------------------------------------
Tests run: 7, Failures: 0, Errors: 0, Skipped: 0, Time elapsed: 0.007 sec - in com.nitorcreations.nflow.engine.internal.workflow.WorkflowDefinitionScannerTest
>>>>>>>>>>>>>>>>>>>
nflow-engine/target/surefire-reports/com.nitorcreations.nflow.engine.service.ArchiveServiceTest-output.txt
<<<<<<<<<<<<<<<<<<<<<
04.06.2016 22:57:37 INFO  [main] .engine.service.ArchiveService - [user:] Archiving starting. Archiving passive workflows older than 2015-07-10T19:57:00.000Z, in batches of 10.
04.06.2016 22:57:37 INFO  [main] .engine.service.ArchiveService - [user:] Archived 10 workflows. Archiving about 1.0E7 workflows / second.
04.06.2016 22:57:37 INFO  [main] .engine.service.ArchiveService - [user:] Archiving finished. Archived 30 workflows in 0 seconds.
04.06.2016 22:57:37 INFO  [main] .engine.service.ArchiveService - [user:] Archiving starting. Archiving passive workflows older than 2015-07-10T19:57:00.000Z, in batches of 10.
04.06.2016 22:57:37 INFO  [main] .engine.service.ArchiveService - [user:] Archiving finished. Archived 0 workflows in 0 seconds.
>>>>>>>>>>>>>>>>>>>
nflow-engine/target/surefire-reports/com.nitorcreations.nflow.engine.service.ArchiveServiceTest.txt
<<<<<<<<<<<<<<<<<<<<<
-------------------------------------------------------------------------------
Test set: com.nitorcreations.nflow.engine.service.ArchiveServiceTest
-------------------------------------------------------------------------------
Tests run: 3, Failures: 0, Errors: 0, Skipped: 0, Time elapsed: 0.011 sec - in com.nitorcreations.nflow.engine.service.ArchiveServiceTest
>>>>>>>>>>>>>>>>>>>
nflow-engine/target/surefire-reports/com.nitorcreations.nflow.engine.service.HealthCheckServiceTest.txt
<<<<<<<<<<<<<<<<<<<<<
-------------------------------------------------------------------------------
Test set: com.nitorcreations.nflow.engine.service.HealthCheckServiceTest
-------------------------------------------------------------------------------
Tests run: 1, Failures: 0, Errors: 0, Skipped: 0, Time elapsed: 0.004 sec - in com.nitorcreations.nflow.engine.service.HealthCheckServiceTest
>>>>>>>>>>>>>>>>>>>
nflow-engine/target/surefire-reports/com.nitorcreations.nflow.engine.service.StatisticsServiceTest.txt
<<<<<<<<<<<<<<<<<<<<<
-------------------------------------------------------------------------------
Test set: com.nitorcreations.nflow.engine.service.StatisticsServiceTest
-------------------------------------------------------------------------------
Tests run: 2, Failures: 0, Errors: 0, Skipped: 0, Time elapsed: 0.007 sec - in com.nitorcreations.nflow.engine.service.StatisticsServiceTest
>>>>>>>>>>>>>>>>>>>
nflow-engine/target/surefire-reports/com.nitorcreations.nflow.engine.service.WorkflowDefinitionServiceTest-output.txt
<<<<<<<<<<<<<<<<<<<<<
04.06.2016 22:57:37 INFO  [main] vice.WorkflowDefinitionService - [user:] Preparing workflow com.nitorcreations.nflow.engine.service.DummyTestWorkflow
04.06.2016 22:57:37 INFO  [main] vice.WorkflowDefinitionService - [user:] Added workflow type: dummy (com.nitorcreations.nflow.engine.service.DummyTestWorkflow)
04.06.2016 22:57:37 INFO  [main] vice.WorkflowDefinitionService - [user:] Preparing workflow com.nitorcreations.nflow.engine.service.DummyTestWorkflow
04.06.2016 22:57:37 INFO  [main] vice.WorkflowDefinitionService - [user:] Preparing workflow com.nitorcreations.nflow.engine.service.DummyTestWorkflow
04.06.2016 22:57:37 INFO  [main] vice.WorkflowDefinitionService - [user:] Added workflow type: dummy (com.nitorcreations.nflow.engine.service.DummyTestWorkflow)
04.06.2016 22:57:37 INFO  [main] vice.WorkflowDefinitionService - [user:] No non-Spring workflow definitions
04.06.2016 22:57:37 INFO  [main] vice.WorkflowDefinitionService - [user:] Preparing workflow com.nitorcreations.nflow.engine.service.DummyTestWorkflow
04.06.2016 22:57:37 INFO  [main] vice.WorkflowDefinitionService - [user:] Added workflow type: dummy (com.nitorcreations.nflow.engine.service.DummyTestWorkflow)
04.06.2016 22:57:37 INFO  [main] vice.WorkflowDefinitionService - [user:] Preparing workflow com.nitorcreations.nflow.engine.service.DummyTestWorkflow
04.06.2016 22:57:37 INFO  [main] vice.WorkflowDefinitionService - [user:] Added workflow type: dummy (com.nitorcreations.nflow.engine.service.DummyTestWorkflow)
04.06.2016 22:57:37 INFO  [main] vice.WorkflowDefinitionService - [user:] Preparing workflow com.nitorcreations.nflow.engine.service.DummyTestWorkflow
04.06.2016 22:57:37 INFO  [main] vice.WorkflowDefinitionService - [user:] Added workflow type: dummy (com.nitorcreations.nflow.engine.service.DummyTestWorkflow)
>>>>>>>>>>>>>>>>>>>
nflow-engine/target/surefire-reports/com.nitorcreations.nflow.engine.service.WorkflowDefinitionServiceTest.txt
<<<<<<<<<<<<<<<<<<<<<
-------------------------------------------------------------------------------
Test set: com.nitorcreations.nflow.engine.service.WorkflowDefinitionServiceTest
-------------------------------------------------------------------------------
Tests run: 5, Failures: 0, Errors: 0, Skipped: 0, Time elapsed: 0.022 sec - in com.nitorcreations.nflow.engine.service.WorkflowDefinitionServiceTest
>>>>>>>>>>>>>>>>>>>
nflow-engine/target/surefire-reports/com.nitorcreations.nflow.engine.service.WorkflowDefinitionServiceWithSpringTest-output.txt
<<<<<<<<<<<<<<<<<<<<<
04.06.2016 22:57:37 INFO  [main] vice.WorkflowDefinitionService - [user:] Added workflow type: springdummy (com.nitorcreations.nflow.engine.service.SpringDummyTestWorkflow)
04.06.2016 22:57:37 INFO  [main] vice.WorkflowDefinitionService - [user:] No non-Spring workflow definitions
>>>>>>>>>>>>>>>>>>>
nflow-engine/target/surefire-reports/com.nitorcreations.nflow.engine.service.WorkflowDefinitionServiceWithSpringTest.txt
<<<<<<<<<<<<<<<<<<<<<
-------------------------------------------------------------------------------
Test set: com.nitorcreations.nflow.engine.service.WorkflowDefinitionServiceWithSpringTest
-------------------------------------------------------------------------------
Tests run: 1, Failures: 0, Errors: 0, Skipped: 0, Time elapsed: 0.156 sec - in com.nitorcreations.nflow.engine.service.WorkflowDefinitionServiceWithSpringTest
>>>>>>>>>>>>>>>>>>>
nflow-engine/target/surefire-reports/com.nitorcreations.nflow.engine.service.WorkflowExecutorServiceTest.txt
<<<<<<<<<<<<<<<<<<<<<
-------------------------------------------------------------------------------
Test set: com.nitorcreations.nflow.engine.service.WorkflowExecutorServiceTest
-------------------------------------------------------------------------------
Tests run: 1, Failures: 0, Errors: 0, Skipped: 0, Time elapsed: 0.004 sec - in com.nitorcreations.nflow.engine.service.WorkflowExecutorServiceTest
>>>>>>>>>>>>>>>>>>>
nflow-engine/target/surefire-reports/com.nitorcreations.nflow.engine.service.WorkflowInstanceServiceTest.txt
<<<<<<<<<<<<<<<<<<<<<
-------------------------------------------------------------------------------
Test set: com.nitorcreations.nflow.engine.service.WorkflowInstanceServiceTest
-------------------------------------------------------------------------------
Tests run: 9, Failures: 0, Errors: 0, Skipped: 0, Time elapsed: 0.029 sec - in com.nitorcreations.nflow.engine.service.WorkflowInstanceServiceTest
>>>>>>>>>>>>>>>>>>>
nflow-engine/target/surefire-reports/com.nitorcreations.nflow.engine.workflow.definition.AbstractWorkflowDefinitionTest.txt
<<<<<<<<<<<<<<<<<<<<<
-------------------------------------------------------------------------------
Test set: com.nitorcreations.nflow.engine.workflow.definition.AbstractWorkflowDefinitionTest
-------------------------------------------------------------------------------
Tests run: 15, Failures: 0, Errors: 0, Skipped: 0, Time elapsed: 0.026 sec - in com.nitorcreations.nflow.engine.workflow.definition.AbstractWorkflowDefinitionTest
>>>>>>>>>>>>>>>>>>>
nflow-engine/target/surefire-reports/com.nitorcreations.nflow.engine.workflow.definition.MutableTest.txt
<<<<<<<<<<<<<<<<<<<<<
-------------------------------------------------------------------------------
Test set: com.nitorcreations.nflow.engine.workflow.definition.MutableTest
-------------------------------------------------------------------------------
Tests run: 3, Failures: 0, Errors: 0, Skipped: 0, Time elapsed: 0 sec - in com.nitorcreations.nflow.engine.workflow.definition.MutableTest
>>>>>>>>>>>>>>>>>>>
nflow-engine/target/surefire-reports/com.nitorcreations.nflow.engine.workflow.definition.NextActionTest.txt
<<<<<<<<<<<<<<<<<<<<<
-------------------------------------------------------------------------------
Test set: com.nitorcreations.nflow.engine.workflow.definition.NextActionTest
-------------------------------------------------------------------------------
Tests run: 6, Failures: 0, Errors: 0, Skipped: 0, Time elapsed: 0 sec - in com.nitorcreations.nflow.engine.workflow.definition.NextActionTest
>>>>>>>>>>>>>>>>>>>
nflow-engine/target/surefire-reports/com.nitorcreations.nflow.engine.workflow.definition.WorkflowDefinitionTest.txt
<<<<<<<<<<<<<<<<<<<<<
-------------------------------------------------------------------------------
Test set: com.nitorcreations.nflow.engine.workflow.definition.WorkflowDefinitionTest
-------------------------------------------------------------------------------
Tests run: 15, Failures: 0, Errors: 0, Skipped: 0, Time elapsed: 0.006 sec - in com.nitorcreations.nflow.engine.workflow.definition.WorkflowDefinitionTest
>>>>>>>>>>>>>>>>>>>
nflow-engine/target/surefire-reports/com.nitorcreations.nflow.engine.workflow.definition.WorkflowSettingsTest.txt
<<<<<<<<<<<<<<<<<<<<<
-------------------------------------------------------------------------------
Test set: com.nitorcreations.nflow.engine.workflow.definition.WorkflowSettingsTest
-------------------------------------------------------------------------------
Tests run: 2, Failures: 0, Errors: 0, Skipped: 0, Time elapsed: 0.003 sec - in com.nitorcreations.nflow.engine.workflow.definition.WorkflowSettingsTest
>>>>>>>>>>>>>>>>>>>
nflow-engine/target/surefire-reports/com.nitorcreations.nflow.engine.workflow.definition.WorkflowStateTypeTest.txt
<<<<<<<<<<<<<<<<<<<<<
-------------------------------------------------------------------------------
Test set: com.nitorcreations.nflow.engine.workflow.definition.WorkflowStateTypeTest
-------------------------------------------------------------------------------
Tests run: 4, Failures: 0, Errors: 0, Skipped: 0, Time elapsed: 0 sec - in com.nitorcreations.nflow.engine.workflow.definition.WorkflowStateTypeTest
>>>>>>>>>>>>>>>>>>>
nflow-engine/target/surefire-reports/com.nitorcreations.nflow.engine.workflow.instance.WorkflowInstanceFactoryTest.txt
<<<<<<<<<<<<<<<<<<<<<
-------------------------------------------------------------------------------
Test set: com.nitorcreations.nflow.engine.workflow.instance.WorkflowInstanceFactoryTest
-------------------------------------------------------------------------------
Tests run: 1, Failures: 0, Errors: 0, Skipped: 0, Time elapsed: 0 sec - in com.nitorcreations.nflow.engine.workflow.instance.WorkflowInstanceFactoryTest
>>>>>>>>>>>>>>>>>>>
nflow-engine/target/surefire-reports/com.nitorcreations.nflow.engine.workflow.instance.WorkflowInstanceTest.txt
<<<<<<<<<<<<<<<<<<<<<
-------------------------------------------------------------------------------
Test set: com.nitorcreations.nflow.engine.workflow.instance.WorkflowInstanceTest
-------------------------------------------------------------------------------
Tests run: 1, Failures: 0, Errors: 0, Skipped: 0, Time elapsed: 0 sec - in com.nitorcreations.nflow.engine.workflow.instance.WorkflowInstanceTest
>>>>>>>>>>>>>>>>>>>
nflow-engine/target/surefire-reports/com.nitorcreations.nflow.engine.workflow.WorkflowInstancePreProcessorTest.txt
<<<<<<<<<<<<<<<<<<<<<
-------------------------------------------------------------------------------
Test set: com.nitorcreations.nflow.engine.workflow.WorkflowInstancePreProcessorTest
-------------------------------------------------------------------------------
Tests run: 5, Failures: 0, Errors: 0, Skipped: 0, Time elapsed: 0.021 sec - in com.nitorcreations.nflow.engine.workflow.WorkflowInstancePreProcessorTest

travis_time:end:03147efd:start=1465081103388746163,finish=1465081103436065482,duration=47319319[0Ktravis_fold:end:after_script[0K
Done. Your build exited with 1.
