travis_fold:start:worker_info[0K[33;1mWorker information[0m
hostname: 439e6aa9-0c92-45fa-a899-2db51ca6a3a9@1.i-0d55d77-production-2-worker-org-ec2.travisci.net
version: v3.6.0 https://github.com/travis-ci/worker/tree/170b2a0bb43234479fd1911ba9e4dbcc36dadfad
instance: 89f48da travisci/ci-garnet:packer-1512502276-986baf0 (via amqp)
startup: 1.092986989s
travis_fold:end:worker_info[0Kmode of â€˜/usr/local/clang-5.0.0/binâ€™ changed from 0777 (rwxrwxrwx) to 0775 (rwxrwxr-x)
travis_fold:start:system_info[0K[33;1mBuild system information[0m
Build language: java
Build group: stable
Build dist: trusty
Build id: 351498799
Job id: 351498824
Runtime kernel version: 4.14.12-041412-generic
travis-build version: e153ad7eb
[34m[1mBuild image provisioning date and time[0m
Tue Dec  5 20:11:19 UTC 2017
[34m[1mOperating System Details[0m
Distributor ID:	Ubuntu
Description:	Ubuntu 14.04.5 LTS
Release:	14.04
Codename:	trusty
[34m[1mCookbooks Version[0m
7c2c6a6 https://github.com/travis-ci/travis-cookbooks/tree/7c2c6a6
[34m[1mgit version[0m
git version 2.15.1
[34m[1mbash version[0m
GNU bash, version 4.3.11(1)-release (x86_64-pc-linux-gnu)
[34m[1mgcc version[0m
gcc (Ubuntu 4.8.4-2ubuntu1~14.04.3) 4.8.4
Copyright (C) 2013 Free Software Foundation, Inc.
This is free software; see the source for copying conditions.  There is NO
warranty; not even for MERCHANTABILITY or FITNESS FOR A PARTICULAR PURPOSE.

[34m[1mdocker version[0m
Client:
 Version:      17.09.0-ce
 API version:  1.32
 Go version:   go1.8.3
 Git commit:   afdb6d4
 Built:        Tue Sep 26 22:39:28 2017
 OS/Arch:      linux/amd64
[34m[1mclang version[0m
clang version 5.0.0 (tags/RELEASE_500/final)
Target: x86_64-unknown-linux-gnu
Thread model: posix
InstalledDir: /usr/local/clang-5.0.0/bin
[34m[1mjq version[0m
jq-1.5
[34m[1mbats version[0m
Bats 0.4.0
[34m[1mshellcheck version[0m
0.4.6
[34m[1mshfmt version[0m
v2.0.0
[34m[1mccache version[0m
ccache version 3.1.9

Copyright (C) 2002-2007 Andrew Tridgell
Copyright (C) 2009-2011 Joel Rosdahl

This program is free software; you can redistribute it and/or modify it under
the terms of the GNU General Public License as published by the Free Software
Foundation; either version 3 of the License, or (at your option) any later
version.
[34m[1mcmake version[0m
cmake version 3.9.2

CMake suite maintained and supported by Kitware (kitware.com/cmake).
[34m[1mheroku version[0m
heroku-cli/6.14.39-addc925 (linux-x64) node-v9.2.0
[34m[1mimagemagick version[0m
Version: ImageMagick 6.7.7-10 2017-07-31 Q16 http://www.imagemagick.org
[34m[1mmd5deep version[0m
4.2
[34m[1mmercurial version[0m
Mercurial Distributed SCM (version 4.2.2)
(see https://mercurial-scm.org for more information)

Copyright (C) 2005-2017 Matt Mackall and others
This is free software; see the source for copying conditions. There is NO
warranty; not even for MERCHANTABILITY or FITNESS FOR A PARTICULAR PURPOSE.
[34m[1mmysql version[0m
mysql  Ver 14.14 Distrib 5.6.33, for debian-linux-gnu (x86_64) using  EditLine wrapper
[34m[1mopenssl version[0m
OpenSSL 1.0.1f 6 Jan 2014
[34m[1mpacker version[0m
Packer v1.0.2

Your version of Packer is out of date! The latest version
is 1.1.2. You can update by downloading from www.packer.io
[34m[1mpostgresql client version[0m
psql (PostgreSQL) 9.6.6
[34m[1mragel version[0m
Ragel State Machine Compiler version 6.8 Feb 2013
Copyright (c) 2001-2009 by Adrian Thurston
[34m[1msubversion version[0m
svn, version 1.8.8 (r1568071)
   compiled Aug 10 2017, 17:20:39 on x86_64-pc-linux-gnu

Copyright (C) 2013 The Apache Software Foundation.
This software consists of contributions made by many people;
see the NOTICE file for more information.
Subversion is open source software, see http://subversion.apache.org/

The following repository access (RA) modules are available:

* ra_svn : Module for accessing a repository using the svn network protocol.
  - with Cyrus SASL authentication
  - handles 'svn' scheme
* ra_local : Module for accessing a repository on local disk.
  - handles 'file' scheme
* ra_serf : Module for accessing a repository via WebDAV protocol using serf.
  - using serf 1.3.3
  - handles 'http' scheme
  - handles 'https' scheme

[34m[1msudo version[0m
Sudo version 1.8.9p5
Configure options: --prefix=/usr -v --with-all-insults --with-pam --with-fqdn --with-logging=syslog --with-logfac=authpriv --with-env-editor --with-editor=/usr/bin/editor --with-timeout=15 --with-password-timeout=0 --with-passprompt=[sudo] password for %p:  --without-lecture --with-tty-tickets --disable-root-mailer --enable-admin-flag --with-sendmail=/usr/sbin/sendmail --with-timedir=/var/lib/sudo --mandir=/usr/share/man --libexecdir=/usr/lib/sudo --with-sssd --with-sssd-lib=/usr/lib/x86_64-linux-gnu --with-selinux
Sudoers policy plugin version 1.8.9p5
Sudoers file grammar version 43

Sudoers path: /etc/sudoers
Authentication methods: 'pam'
Syslog facility if syslog is being used for logging: authpriv
Syslog priority to use when user authenticates successfully: notice
Syslog priority to use when user authenticates unsuccessfully: alert
Send mail if the user is not in sudoers
Use a separate timestamp for each user/tty combo
Lecture user the first time they run sudo
Root may run sudo
Allow some information gathering to give useful error messages
Require fully-qualified hostnames in the sudoers file
Visudo will honor the EDITOR environment variable
Set the LOGNAME and USER environment variables
Length at which to wrap log file lines (0 for no wrap): 80
Authentication timestamp timeout: 15.0 minutes
Password prompt timeout: 0.0 minutes
Number of tries to enter a password: 3
Umask to use or 0777 to use user's: 022
Path to mail program: /usr/sbin/sendmail
Flags for mail program: -t
Address to send mail to: root
Subject line for mail messages: *** SECURITY information for %h ***
Incorrect password message: Sorry, try again.
Path to authentication timestamp dir: /var/lib/sudo
Default password prompt: [sudo] password for %p: 
Default user to run commands as: root
Value to override user's $PATH with: /usr/local/sbin:/usr/local/bin:/usr/sbin:/usr/bin:/sbin:/bin:/snap/bin
Path to the editor for use by visudo: /usr/bin/editor
When to require a password for 'list' pseudocommand: any
When to require a password for 'verify' pseudocommand: all
File descriptors >= 3 will be closed before executing a command
Environment variables to check for sanity:
	TZ
	TERM
	LINGUAS
	LC_*
	LANGUAGE
	LANG
	COLORTERM
Environment variables to remove:
	RUBYOPT
	RUBYLIB
	PYTHONUSERBASE
	PYTHONINSPECT
	PYTHONPATH
	PYTHONHOME
	TMPPREFIX
	ZDOTDIR
	READNULLCMD
	NULLCMD
	FPATH
	PERL5DB
	PERL5OPT
	PERL5LIB
	PERLLIB
	PERLIO_DEBUG 
	JAVA_TOOL_OPTIONS
	SHELLOPTS
	GLOBIGNORE
	PS4
	BASH_ENV
	ENV
	TERMCAP
	TERMPATH
	TERMINFO_DIRS
	TERMINFO
	_RLD*
	LD_*
	PATH_LOCALE
	NLSPATH
	HOSTALIASES
	RES_OPTIONS
	LOCALDOMAIN
	CDPATH
	IFS
Environment variables to preserve:
	JAVA_HOME
	TRAVIS
	CI
	DEBIAN_FRONTEND
	XAUTHORIZATION
	XAUTHORITY
	PS2
	PS1
	PATH
	LS_COLORS
	KRB5CCNAME
	HOSTNAME
	HOME
	DISPLAY
	COLORS
Locale to use while parsing sudoers: C
Directory in which to store input/output logs: /var/log/sudo-io
File in which to store the input/output log: %{seq}
Add an entry to the utmp/utmpx file when allocating a pty
PAM service name to use
PAM service name to use for login shells
Create a new PAM session for the command to run in
Maximum I/O log sequence number: 0

Local IP address and netmask pairs:
	172.17.0.2/255.255.0.0

Sudoers I/O plugin version 1.8.9p5
[34m[1mgzip version[0m
gzip 1.6
Copyright (C) 2007, 2010, 2011 Free Software Foundation, Inc.
Copyright (C) 1993 Jean-loup Gailly.
This is free software.  You may redistribute copies of it under the terms of
the GNU General Public License <http://www.gnu.org/licenses/gpl.html>.
There is NO WARRANTY, to the extent permitted by law.

Written by Jean-loup Gailly.
[34m[1mzip version[0m
Copyright (c) 1990-2008 Info-ZIP - Type 'zip "-L"' for software license.
This is Zip 3.0 (July 5th 2008), by Info-ZIP.
Currently maintained by E. Gordon.  Please send bug reports to
the authors using the web page at www.info-zip.org; see README for details.

Latest sources and executables are at ftp://ftp.info-zip.org/pub/infozip,
as of above date; see http://www.info-zip.org/ for other sites.

Compiled with gcc 4.8.2 for Unix (Linux ELF) on Oct 21 2013.

Zip special compilation options:
	USE_EF_UT_TIME       (store Universal Time)
	BZIP2_SUPPORT        (bzip2 library version 1.0.6, 6-Sept-2010)
	    bzip2 code and library copyright (c) Julian R Seward
	    (See the bzip2 license for terms of use)
	SYMLINK_SUPPORT      (symbolic links supported)
	LARGE_FILE_SUPPORT   (can read and write large files on file system)
	ZIP64_SUPPORT        (use Zip64 to store large files in archives)
	UNICODE_SUPPORT      (store and read UTF-8 Unicode paths)
	STORE_UNIX_UIDs_GIDs (store UID/GID sizes/values using new extra field)
	UIDGID_NOT_16BIT     (old Unix 16-bit UID/GID extra field not used)
	[encryption, version 2.91 of 05 Jan 2007] (modified for Zip 3)

Encryption notice:
	The encryption code of this program is not copyrighted and is
	put in the public domain.  It was originally written in Europe
	and, to the best of our knowledge, can be freely distributed
	in both source and object forms from any country, including
	the USA under License Exception TSU of the U.S. Export
	Administration Regulations (section 740.13(e)) of 6 June 2002.

Zip environment options:
             ZIP:  [none]
          ZIPOPT:  [none]
[34m[1mvim version[0m
VIM - Vi IMproved 7.4 (2013 Aug 10, compiled Nov 24 2016 16:43:18)
Included patches: 1-52
Extra patches: 8.0.0056
Modified by pkg-vim-maintainers@lists.alioth.debian.org
Compiled by buildd@
Huge version without GUI.  Features included (+) or not (-):
+acl             +farsi           +mouse_netterm   +syntax
+arabic          +file_in_path    +mouse_sgr       +tag_binary
+autocmd         +find_in_path    -mouse_sysmouse  +tag_old_static
-balloon_eval    +float           +mouse_urxvt     -tag_any_white
-browse          +folding         +mouse_xterm     -tcl
++builtin_terms  -footer          +multi_byte      +terminfo
+byte_offset     +fork()          +multi_lang      +termresponse
+cindent         +gettext         -mzscheme        +textobjects
-clientserver    -hangul_input    +netbeans_intg   +title
-clipboard       +iconv           +path_extra      -toolbar
+cmdline_compl   +insert_expand   -perl            +user_commands
+cmdline_hist    +jumplist        +persistent_undo +vertsplit
+cmdline_info    +keymap          +postscript      +virtualedit
+comments        +langmap         +printer         +visual
+conceal         +libcall         +profile         +visualextra
+cryptv          +linebreak       +python          +viminfo
+cscope          +lispindent      -python3         +vreplace
+cursorbind      +listcmds        +quickfix        +wildignore
+cursorshape     +localmap        +reltime         +wildmenu
+dialog_con      -lua             +rightleft       +windows
+diff            +menu            -ruby            +writebackup
+digraphs        +mksession       +scrollbind      -X11
-dnd             +modify_fname    +signs           -xfontset
-ebcdic          +mouse           +smartindent     -xim
+emacs_tags      -mouseshape      -sniff           -xsmp
+eval            +mouse_dec       +startuptime     -xterm_clipboard
+ex_extra        +mouse_gpm       +statusline      -xterm_save
+extra_search    -mouse_jsbterm   -sun_workshop    -xpm
   system vimrc file: "$VIM/vimrc"
     user vimrc file: "$HOME/.vimrc"
 2nd user vimrc file: "~/.vim/vimrc"
      user exrc file: "$HOME/.exrc"
  fall-back for $VIM: "/usr/share/vim"
Compilation: gcc -c -I. -Iproto -DHAVE_CONFIG_H     -g -O2 -fstack-protector --param=ssp-buffer-size=4 -Wformat -Werror=format-security -U_FORTIFY_SOURCE -D_FORTIFY_SOURCE=1      
Linking: gcc   -Wl,-Bsymbolic-functions -Wl,-z,relro -Wl,--as-needed -o vim        -lm -ltinfo -lnsl  -lselinux  -lacl -lattr -lgpm -ldl    -L/usr/lib/python2.7/config-x86_64-linux-gnu -lpython2.7 -lpthread -ldl -lutil -lm -Xlinker -export-dynamic -Wl,-O1 -Wl,-Bsymbolic-functions      
[34m[1miptables version[0m
iptables v1.4.21
[34m[1mcurl version[0m
curl 7.35.0 (x86_64-pc-linux-gnu) libcurl/7.35.0 OpenSSL/1.0.1f zlib/1.2.8 libidn/1.28 librtmp/2.3
[34m[1mwget version[0m
GNU Wget 1.15 built on linux-gnu.
[34m[1mrsync version[0m
rsync  version 3.1.0  protocol version 31
[34m[1mgimme version[0m
v1.2.0
[34m[1mnvm version[0m
0.33.6
[34m[1mperlbrew version[0m
/home/travis/perl5/perlbrew/bin/perlbrew  - App::perlbrew/0.80
[34m[1mphpenv version[0m
rbenv 1.1.1-25-g6aa70b6
[34m[1mrvm version[0m
rvm 1.29.3 (latest) by Michal Papis, Piotr Kuczynski, Wayne E. Seguin [https://rvm.io]
[34m[1mdefault ruby version[0m
ruby 2.4.1p111 (2017-03-22 revision 58053) [x86_64-linux]
[34m[1mCouchDB version[0m
couchdb 1.6.1
[34m[1mElasticSearch version[0m
5.5.0
[34m[1mInstalled Firefox version[0m
firefox 56.0.2
[34m[1mMongoDB version[0m
MongoDB 3.4.10
[34m[1mPhantomJS version[0m
2.1.1
[34m[1mPre-installed PostgreSQL versions[0m
9.2.24
9.3.20
9.4.15
9.5.10
9.6.6
[34m[1mRabbitMQ Version[0m
3.6.14
[34m[1mRedis version[0m
redis-server 4.0.6
[34m[1mriak version[0m
2.2.3
[34m[1mPre-installed Go versions[0m
1.7.4
[34m[1mant version[0m
Apache Ant(TM) version 1.9.3 compiled on April 8 2014
[34m[1mmvn version[0m
Apache Maven 3.5.2 (138edd61fd100ec658bfa2d307c43b76940a5d7d; 2017-10-18T07:58:13Z)
Maven home: /usr/local/maven-3.5.2
Java version: 1.8.0_151, vendor: Oracle Corporation
Java home: /usr/lib/jvm/java-8-oracle/jre
Default locale: en_US, platform encoding: UTF-8
OS name: "linux", version: "4.4.0-101-generic", arch: "amd64", family: "unix"
[34m[1mgradle version[0m

------------------------------------------------------------
Gradle 4.0.1
------------------------------------------------------------

Build time:   2017-07-07 14:02:41 UTC
Revision:     38e5dc0f772daecca1d2681885d3d85414eb6826

Groovy:       2.4.11
Ant:          Apache Ant(TM) version 1.9.6 compiled on June 29 2015
JVM:          1.8.0_151 (Oracle Corporation 25.151-b12)
OS:           Linux 4.4.0-101-generic amd64

[34m[1mlein version[0m
Leiningen 2.8.1 on Java 1.8.0_151 Java HotSpot(TM) 64-Bit Server VM
[34m[1mPre-installed Node.js versions[0m
v4.8.6
v6.12.0
v6.12.1
v8.9
v8.9.1
[34m[1mphpenv versions[0m
  system
  5.6
* 5.6.32 (set by /home/travis/.phpenv/version)
  7.0
  7.0.25
  7.1
  7.1.11
  hhvm
  hhvm-stable
[34m[1mcomposer --version[0m
Composer version 1.5.2 2017-09-11 16:59:25
[34m[1mPre-installed Ruby versions[0m
ruby-2.2.7
ruby-2.3.4
ruby-2.4.1
travis_fold:end:system_info[0K
removed â€˜/etc/apt/sources.list.d/basho_riak.listâ€™
[32;1mNetwork availability confirmed.[0m
127.0.0.1	localhost
::1	 ip6-localhost ip6-loopback
fe00::0	ip6-localnet
ff00::0	ip6-mcastprefix
ff02::1	ip6-allnodes
ff02::2	ip6-allrouters
172.17.0.5	travis-job-pgjdbc-pgjdbc-351498824.travisci.net travis-job-pgjdbc-pgjdbc-351498824
W: http://ppa.launchpad.net/couchdb/stable/ubuntu/dists/trusty/Release.gpg: Signature by key 15866BAFD9BCC4F3C1E0DFC7D69548E1C17EAB57 uses weak digest algorithm (SHA1)
$ jdk_switcher use oraclejdk8
Switching to Oracle JDK8 (java-8-oracle), JAVA_HOME will be set to /usr/lib/jvm/java-8-oracle
travis_fold:start:git.checkout[0Ktravis_time:start:13afd92c[0K$ git clone --depth=50 https://github.com/pgjdbc/pgjdbc.git pgjdbc/pgjdbc
Cloning into 'pgjdbc/pgjdbc'...
remote: Counting objects: 1293, done.[K
remote: Compressing objects:   0% (1/925)   [Kremote: Compressing objects:   1% (10/925)   [Kremote: Compressing objects:   2% (19/925)   [Kremote: Compressing objects:   3% (28/925)   [Kremote: Compressing objects:   4% (37/925)   [Kremote: Compressing objects:   5% (47/925)   [Kremote: Compressing objects:   6% (56/925)   [Kremote: Compressing objects:   7% (65/925)   [Kremote: Compressing objects:   8% (74/925)   [Kremote: Compressing objects:   9% (84/925)   [Kremote: Compressing objects:  10% (93/925)   [Kremote: Compressing objects:  11% (102/925)   [Kremote: Compressing objects:  12% (111/925)   [Kremote: Compressing objects:  13% (121/925)   [Kremote: Compressing objects:  14% (130/925)   [Kremote: Compressing objects:  15% (139/925)   [Kremote: Compressing objects:  16% (148/925)   [Kremote: Compressing objects:  17% (158/925)   [Kremote: Compressing objects:  18% (167/925)   [Kremote: Compressing objects:  19% (176/925)   [Kremote: Compressing objects:  20% (185/925)   [Kremote: Compressing objects:  21% (195/925)   [Kremote: Compressing objects:  22% (204/925)   [Kremote: Compressing objects:  23% (213/925)   [Kremote: Compressing objects:  24% (222/925)   [Kremote: Compressing objects:  25% (232/925)   [Kremote: Compressing objects:  26% (241/925)   [Kremote: Compressing objects:  27% (250/925)   [Kremote: Compressing objects:  28% (259/925)   [Kremote: Compressing objects:  29% (269/925)   [Kremote: Compressing objects:  30% (278/925)   [Kremote: Compressing objects:  31% (287/925)   [Kremote: Compressing objects:  32% (296/925)   [Kremote: Compressing objects:  33% (306/925)   [Kremote: Compressing objects:  34% (315/925)   [Kremote: Compressing objects:  35% (324/925)   [Kremote: Compressing objects:  36% (333/925)   [Kremote: Compressing objects:  37% (343/925)   [Kremote: Compressing objects:  38% (352/925)   [Kremote: Compressing objects:  39% (361/925)   [Kremote: Compressing objects:  40% (370/925)   [Kremote: Compressing objects:  41% (380/925)   [Kremote: Compressing objects:  42% (389/925)   [Kremote: Compressing objects:  43% (398/925)   [Kremote: Compressing objects:  44% (407/925)   [Kremote: Compressing objects:  45% (417/925)   [Kremote: Compressing objects:  46% (426/925)   [Kremote: Compressing objects:  47% (435/925)   [Kremote: Compressing objects:  48% (444/925)   [Kremote: Compressing objects:  49% (454/925)   [Kremote: Compressing objects:  50% (463/925)   [Kremote: Compressing objects:  51% (472/925)   [Kremote: Compressing objects:  52% (481/925)   [Kremote: Compressing objects:  53% (491/925)   [Kremote: Compressing objects:  54% (500/925)   [Kremote: Compressing objects:  55% (509/925)   [Kremote: Compressing objects:  56% (518/925)   [Kremote: Compressing objects:  57% (528/925)   [Kremote: Compressing objects:  58% (537/925)   [Kremote: Compressing objects:  59% (546/925)   [Kremote: Compressing objects:  60% (555/925)   [Kremote: Compressing objects:  61% (565/925)   [Kremote: Compressing objects:  62% (574/925)   [Kremote: Compressing objects:  63% (583/925)   [Kremote: Compressing objects:  64% (592/925)   [Kremote: Compressing objects:  65% (602/925)   [Kremote: Compressing objects:  66% (611/925)   [Kremote: Compressing objects:  67% (620/925)   [Kremote: Compressing objects:  68% (629/925)   [Kremote: Compressing objects:  69% (639/925)   [Kremote: Compressing objects:  70% (648/925)   [Kremote: Compressing objects:  71% (657/925)   [Kremote: Compressing objects:  72% (666/925)   [Kremote: Compressing objects:  73% (676/925)   [Kremote: Compressing objects:  74% (685/925)   [Kremote: Compressing objects:  75% (694/925)   [Kremote: Compressing objects:  76% (703/925)   [Kremote: Compressing objects:  77% (713/925)   [Kremote: Compressing objects:  78% (722/925)   [Kremote: Compressing objects:  79% (731/925)   [Kremote: Compressing objects:  80% (740/925)   [Kremote: Compressing objects:  81% (750/925)   [Kremote: Compressing objects:  82% (759/925)   [Kremote: Compressing objects:  83% (768/925)   [Kremote: Compressing objects:  84% (777/925)   [Kremote: Compressing objects:  85% (787/925)   [Kremote: Compressing objects:  86% (796/925)   [Kremote: Compressing objects:  87% (805/925)   [Kremote: Compressing objects:  88% (814/925)   [Kremote: Compressing objects:  89% (824/925)   [Kremote: Compressing objects:  90% (833/925)   [Kremote: Compressing objects:  91% (842/925)   [Kremote: Compressing objects:  92% (851/925)   [Kremote: Compressing objects:  93% (861/925)   [Kremote: Compressing objects:  94% (870/925)   [Kremote: Compressing objects:  95% (879/925)   [Kremote: Compressing objects:  96% (888/925)   [Kremote: Compressing objects:  97% (898/925)   [Kremote: Compressing objects:  98% (907/925)   [Kremote: Compressing objects:  99% (916/925)   [Kremote: Compressing objects: 100% (925/925)   [Kremote: Compressing objects: 100% (925/925), done.[K
Receiving objects:   0% (1/1293)   Receiving objects:   1% (13/1293)   Receiving objects:   2% (26/1293)   Receiving objects:   3% (39/1293)   Receiving objects:   4% (52/1293)   Receiving objects:   5% (65/1293)   Receiving objects:   6% (78/1293)   Receiving objects:   7% (91/1293)   Receiving objects:   8% (104/1293)   Receiving objects:   9% (117/1293)   Receiving objects:  10% (130/1293)   Receiving objects:  11% (143/1293)   Receiving objects:  12% (156/1293)   Receiving objects:  13% (169/1293)   Receiving objects:  14% (182/1293)   Receiving objects:  15% (194/1293)   Receiving objects:  16% (207/1293)   Receiving objects:  17% (220/1293)   Receiving objects:  18% (233/1293)   Receiving objects:  19% (246/1293)   Receiving objects:  20% (259/1293)   Receiving objects:  21% (272/1293)   Receiving objects:  22% (285/1293)   Receiving objects:  23% (298/1293)   Receiving objects:  24% (311/1293)   Receiving objects:  25% (324/1293)   Receiving objects:  26% (337/1293)   Receiving objects:  27% (350/1293)   Receiving objects:  28% (363/1293)   Receiving objects:  29% (375/1293)   Receiving objects:  30% (388/1293)   Receiving objects:  31% (401/1293)   Receiving objects:  32% (414/1293)   Receiving objects:  33% (427/1293)   Receiving objects:  34% (440/1293)   Receiving objects:  35% (453/1293)   Receiving objects:  36% (466/1293)   Receiving objects:  37% (479/1293)   Receiving objects:  38% (492/1293)   Receiving objects:  39% (505/1293)   Receiving objects:  40% (518/1293)   Receiving objects:  41% (531/1293)   Receiving objects:  42% (544/1293)   Receiving objects:  43% (556/1293)   Receiving objects:  44% (569/1293)   Receiving objects:  45% (582/1293)   Receiving objects:  46% (595/1293)   Receiving objects:  47% (608/1293)   Receiving objects:  48% (621/1293)   Receiving objects:  49% (634/1293)   Receiving objects:  50% (647/1293)   Receiving objects:  51% (660/1293)   Receiving objects:  52% (673/1293)   Receiving objects:  53% (686/1293)   Receiving objects:  54% (699/1293)   Receiving objects:  55% (712/1293)   Receiving objects:  56% (725/1293)   Receiving objects:  57% (738/1293)   Receiving objects:  58% (750/1293)   Receiving objects:  59% (763/1293)   Receiving objects:  60% (776/1293)   Receiving objects:  61% (789/1293)   Receiving objects:  62% (802/1293)   Receiving objects:  63% (815/1293)   Receiving objects:  64% (828/1293)   Receiving objects:  65% (841/1293)   Receiving objects:  66% (854/1293)   Receiving objects:  67% (867/1293)   Receiving objects:  68% (880/1293)   Receiving objects:  69% (893/1293)   Receiving objects:  70% (906/1293)   Receiving objects:  71% (919/1293)   Receiving objects:  72% (931/1293)   Receiving objects:  73% (944/1293)   Receiving objects:  74% (957/1293)   Receiving objects:  75% (970/1293)   Receiving objects:  76% (983/1293)   Receiving objects:  77% (996/1293)   Receiving objects:  78% (1009/1293)   Receiving objects:  79% (1022/1293)   Receiving objects:  80% (1035/1293)   Receiving objects:  81% (1048/1293)   Receiving objects:  82% (1061/1293)   Receiving objects:  83% (1074/1293)   Receiving objects:  84% (1087/1293)   Receiving objects:  85% (1100/1293)   Receiving objects:  86% (1112/1293)   Receiving objects:  87% (1125/1293)   Receiving objects:  88% (1138/1293)   Receiving objects:  89% (1151/1293)   Receiving objects:  90% (1164/1293)   Receiving objects:  91% (1177/1293)   Receiving objects:  92% (1190/1293)   Receiving objects:  93% (1203/1293)   Receiving objects:  94% (1216/1293)   Receiving objects:  95% (1229/1293)   Receiving objects:  96% (1242/1293)   Receiving objects:  97% (1255/1293)   Receiving objects:  98% (1268/1293)   Receiving objects:  99% (1281/1293)   remote: Total 1293 (delta 390), reused 816 (delta 268), pack-reused 0[K
Receiving objects: 100% (1293/1293)   Receiving objects: 100% (1293/1293), 1.39 MiB | 12.79 MiB/s, done.
Resolving deltas:   0% (0/390)   Resolving deltas:   1% (4/390)   Resolving deltas:   2% (8/390)   Resolving deltas:   3% (12/390)   Resolving deltas:  15% (60/390)   Resolving deltas:  18% (71/390)   Resolving deltas:  20% (79/390)   Resolving deltas:  23% (91/390)   Resolving deltas:  27% (109/390)   Resolving deltas:  29% (116/390)   Resolving deltas:  30% (118/390)   Resolving deltas:  31% (122/390)   Resolving deltas:  34% (136/390)   Resolving deltas:  35% (138/390)   Resolving deltas:  40% (158/390)   Resolving deltas:  42% (165/390)   Resolving deltas:  43% (170/390)   Resolving deltas:  44% (172/390)   Resolving deltas:  46% (181/390)   Resolving deltas:  47% (184/390)   Resolving deltas:  48% (189/390)   Resolving deltas:  49% (192/390)   Resolving deltas:  51% (200/390)   Resolving deltas:  52% (204/390)   Resolving deltas:  53% (207/390)   Resolving deltas:  54% (211/390)   Resolving deltas:  55% (215/390)   Resolving deltas:  56% (221/390)   Resolving deltas:  57% (223/390)   Resolving deltas:  58% (230/390)   Resolving deltas:  59% (231/390)   Resolving deltas:  60% (234/390)   Resolving deltas:  61% (238/390)   Resolving deltas:  62% (242/390)   Resolving deltas:  63% (246/390)   Resolving deltas:  64% (251/390)   Resolving deltas:  65% (254/390)   Resolving deltas:  66% (258/390)   Resolving deltas:  70% (273/390)   Resolving deltas:  71% (278/390)   Resolving deltas:  72% (281/390)   Resolving deltas:  74% (290/390)   Resolving deltas:  75% (293/390)   Resolving deltas:  76% (297/390)   Resolving deltas:  77% (302/390)   Resolving deltas:  79% (309/390)   Resolving deltas:  80% (313/390)   Resolving deltas:  81% (316/390)   Resolving deltas:  82% (320/390)   Resolving deltas:  83% (324/390)   Resolving deltas:  85% (332/390)   Resolving deltas:  86% (338/390)   Resolving deltas:  87% (340/390)   Resolving deltas:  88% (344/390)   Resolving deltas:  89% (348/390)   Resolving deltas:  90% (354/390)   Resolving deltas:  91% (355/390)   Resolving deltas:  92% (362/390)   Resolving deltas:  93% (363/390)   Resolving deltas:  94% (367/390)   Resolving deltas:  95% (372/390)   Resolving deltas:  96% (376/390)   Resolving deltas:  97% (380/390)   Resolving deltas:  98% (385/390)   Resolving deltas:  99% (387/390)   Resolving deltas: 100% (390/390)   Resolving deltas: 100% (390/390), done.

travis_time:end:13afd92c:start=1520674748140365058,finish=1520674748835083598,duration=694718540[0K$ cd pgjdbc/pgjdbc
travis_time:start:05553082[0K$ git fetch origin +refs/pull/1138/merge:
remote: Counting objects: 23, done.[K
remote: Compressing objects:   9% (1/11)   [Kremote: Compressing objects:  18% (2/11)   [Kremote: Compressing objects:  27% (3/11)   [Kremote: Compressing objects:  36% (4/11)   [Kremote: Compressing objects:  45% (5/11)   [Kremote: Compressing objects:  54% (6/11)   [Kremote: Compressing objects:  63% (7/11)   [Kremote: Compressing objects:  72% (8/11)   [Kremote: Compressing objects:  81% (9/11)   [Kremote: Compressing objects:  90% (10/11)   [Kremote: Compressing objects: 100% (11/11)   [Kremote: Compressing objects: 100% (11/11), done.[K
remote: Total 23 (delta 12), reused 18 (delta 8), pack-reused 0[K
Unpacking objects:   4% (1/23)   Unpacking objects:   8% (2/23)   Unpacking objects:  13% (3/23)   Unpacking objects:  17% (4/23)   Unpacking objects:  21% (5/23)   Unpacking objects:  26% (6/23)   Unpacking objects:  30% (7/23)   Unpacking objects:  34% (8/23)   Unpacking objects:  39% (9/23)   Unpacking objects:  43% (10/23)   Unpacking objects:  47% (11/23)   Unpacking objects:  52% (12/23)   Unpacking objects:  56% (13/23)   Unpacking objects:  60% (14/23)   Unpacking objects:  65% (15/23)   Unpacking objects:  69% (16/23)   Unpacking objects:  73% (17/23)   Unpacking objects:  78% (18/23)   Unpacking objects:  82% (19/23)   Unpacking objects:  86% (20/23)   Unpacking objects:  91% (21/23)   Unpacking objects:  95% (22/23)   Unpacking objects: 100% (23/23)   Unpacking objects: 100% (23/23), done.
From https://github.com/pgjdbc/pgjdbc
 * branch            refs/pull/1138/merge -> FETCH_HEAD

travis_time:end:05553082:start=1520674748844066903,finish=1520674749094584038,duration=250517135[0K$ git checkout -qf FETCH_HEAD
travis_fold:end:git.checkout[0Ktravis_fold:start:postgresql[0K[33;1mStarting PostgreSQL v9.6[0m
travis_time:start:13952dc4[0K$ sudo service postgresql stop
 * Stopping PostgreSQL 9.2 database server       [80G [74G[ OK ]
 * Stopping PostgreSQL 9.3 database server       [80G [74G[ OK ]
 * Stopping PostgreSQL 9.4 database server       [80G [74G[ OK ]
 * Stopping PostgreSQL 9.5 database server       [80G [74G[ OK ]
 * Stopping PostgreSQL 9.6 database server       [80G [74G[ OK ]

travis_time:end:13952dc4:start=1520674749184226517,finish=1520674750957733039,duration=1773506522[0Ktravis_time:start:0009beef[0K$ sudo service postgresql start 9.6
 * Starting PostgreSQL 9.6 database server       [80G [74G[ OK ]

travis_time:end:0009beef:start=1520674750969715620,finish=1520674753585855201,duration=2616139581[0Ktravis_time:start:0c2ab4bb[0K$ sudo -u postgres createuser -s -p 5432 travis &>/dev/null

travis_time:end:0c2ab4bb:start=1520674753592550697,finish=1520674753646894346,duration=54343649[0Ktravis_time:start:00fcbdea[0K$ sudo -u postgres createdb -O travis -p 5432 travis &>/dev/null

travis_time:end:00fcbdea:start=1520674753653495972,finish=1520674754032151193,duration=378655221[0Ktravis_time:start:0df5f094[0K$ sudo -u postgres createuser -s -p 5433 travis &>/dev/null

travis_time:end:0df5f094:start=1520674754038973628,finish=1520674754087829639,duration=48856011[0Ktravis_time:start:0f71bcec[0K$ sudo -u postgres createdb -O travis -p 5433 travis &>/dev/null

travis_time:end:0f71bcec:start=1520674754094481658,finish=1520674754143006384,duration=48524726[0Ktravis_fold:end:postgresql[0K
[33;1mEncrypted environment variables have been removed for security reasons.[0m
[33;1mSee https://docs.travis-ci.com/user/pull-requests/#Pull-Requests-and-Security-Restrictions[0m

[33;1mSetting environment variables from .travis.yml[0m
$ export PG_VERSION=9.6
$ export QUERY_MODE=simple
$ export COVERAGE=Y
$ export TEST_CLIENTS=Y

[33;1mDisabling Gradle daemon[0m
travis_time:start:04070707[0K$ mkdir -p ~/.gradle && echo "org.gradle.daemon=false" >> ~/.gradle/gradle.properties

travis_time:end:04070707:start=1520674759717047492,finish=1520674759724712778,duration=7665286[0K$ export PATH=$JAVA_HOME/bin:$PATH
travis_fold:start:cache.1[0KSetting up build cache
$ export CASHER_DIR=$HOME/.casher
travis_time:start:214245ca[0K$ Installing caching utilities

travis_time:end:214245ca:start=1520674763674837270,finish=1520674763708161039,duration=33323769[0Ktravis_time:start:03a31250[0K
travis_time:end:03a31250:start=1520674763716254328,finish=1520674763722140243,duration=5885915[0Ktravis_time:start:1a40ce48[0K[32;1mattempting to download cache archive[0m
[32;1mfetching PR.1138/cache-linux-trusty-ca455d789b80082b937b81d25585d81cfcd4c7dfb83467b63a00d1f5eadf3c1c--jdk-oraclejdk8.tgz[0m
[32;1mfetching PR.1138/cache--jdk-oraclejdk8.tgz[0m
[32;1mfetching master/cache-linux-trusty-ca455d789b80082b937b81d25585d81cfcd4c7dfb83467b63a00d1f5eadf3c1c--jdk-oraclejdk8.tgz[0m
[32;1mfound cache[0m

travis_time:end:1a40ce48:start=1520674763728909724,finish=1520674774611291270,duration=10882381546[0Ktravis_time:start:0b2758e7[0K
travis_time:end:0b2758e7:start=1520674774619317476,finish=1520674774625645574,duration=6328098[0Ktravis_time:start:06701894[0K[32;1madding /home/travis/.m2/repository to cache[0m
[32;1mcreating directory /home/travis/.m2/repository[0m
[32;1madding /home/travis/.ivy2/cache to cache[0m
[32;1mcreating directory /home/travis/.ivy2/cache[0m
[32;1madding /home/travis/.sbt/boot to cache[0m
[32;1mcreating directory /home/travis/.sbt/boot[0m

travis_time:end:06701894:start=1520674774634173550,finish=1520674780917372196,duration=6283198646[0Ktravis_fold:end:cache.1[0K$ java -Xmx32m -version
Picked up _JAVA_OPTIONS: -Xmx2048m -Xms512m
java version "1.8.0_151"
Java(TM) SE Runtime Environment (build 1.8.0_151-b12)
Java HotSpot(TM) 64-Bit Server VM (build 25.151-b12, mixed mode)
$ javac -J-Xmx32m -version
Picked up _JAVA_OPTIONS: -Xmx2048m -Xms512m
javac 1.8.0_151
travis_fold:start:before_install.1[0Ktravis_time:start:0bcf3004[0K$ ./.travis/travis_install_zulu.sh
+[[ false == \t\r\u\e ]]

travis_time:end:0bcf3004:start=1520674781786057167,finish=1520674781795813866,duration=9756699[0Ktravis_fold:end:before_install.1[0Ktravis_fold:start:before_install.2[0Ktravis_time:start:04fb5604[0K$ test -z "${ZULU_JDK}" || export JDK${ZULU_JDK}_HOME=/usr/lib/jvm/zulu-${ZULU_JDK}-amd64

travis_time:end:04fb5604:start=1520674781804326285,finish=1520674781810794311,duration=6468026[0Ktravis_fold:end:before_install.2[0Ktravis_fold:start:before_install.3[0Ktravis_time:start:1c484204[0K$ ./.travis/travis_install_openj9.sh
+[[ false == \t\r\u\e ]]

travis_time:end:1c484204:start=1520674781819036879,finish=1520674781837415278,duration=18378399[0Ktravis_fold:end:before_install.3[0Ktravis_fold:start:before_install.4[0Ktravis_time:start:0d4f02b2[0K$ test -z "${OPENJ9}" || export JDK${JDK}_HOME=${HOME}/jdk-9+${OPENJ9}

travis_time:end:0d4f02b2:start=1520674781846306911,finish=1520674781853660839,duration=7353928[0Ktravis_fold:end:before_install.4[0Ktravis_fold:start:install[0Ktravis_time:start:04a85624[0K$ true

travis_time:end:04a85624:start=1520674781861711892,finish=1520674781868383783,duration=6671891[0Ktravis_fold:end:install[0Ktravis_fold:start:before_script.1[0Ktravis_time:start:017b1a06[0K$ test $(grep "after_n_builds" codecov.yml | tr -d '[:space:]' | cut -d":" -f2) -eq $(grep -e "COVERAGE=Y$" .travis.yml | wc -l) || exit 1

travis_time:end:017b1a06:start=1520674781875917661,finish=1520674781892239321,duration=16321660[0Ktravis_fold:end:before_script.1[0Ktravis_fold:start:before_script.2[0Ktravis_time:start:07dfc680[0K$ export PG_DATADIR="/etc/postgresql/${PG_VERSION}/main"

travis_time:end:07dfc680:start=1520674781900190408,finish=1520674781906028530,duration=5838122[0Ktravis_fold:end:before_script.2[0Ktravis_fold:start:before_script.3[0Ktravis_time:start:1bf1b8d4[0K$ export PG_SLAVE1_DATADIR="/etc/postgresql/${PG_VERSION}/slave1"

travis_time:end:1bf1b8d4:start=1520674781913221903,finish=1520674781919332225,duration=6110322[0Ktravis_fold:end:before_script.3[0Ktravis_fold:start:before_script.4[0Ktravis_time:start:1e3cc368[0K$ export PG_SLAVE2_DATADIR="/etc/postgresql/${PG_VERSION}/slave2"

travis_time:end:1e3cc368:start=1520674781926752094,finish=1520674781932500595,duration=5748501[0Ktravis_fold:end:before_script.4[0Ktravis_fold:start:before_script.5[0Ktravis_time:start:353c124c[0K$ ./.travis/travis_install_postgres.sh
+'[' -z 9.6 ']'
+'[' 9.6 = HEAD ']'
+'[' '!' -d /etc/postgresql/9.6/main ']'

travis_time:end:353c124c:start=1520674781939868141,finish=1520674781949081876,duration=9213735[0Ktravis_fold:end:before_script.5[0Ktravis_fold:start:before_script.6[0Ktravis_time:start:14171635[0K$ test "x$XA" == 'x' || ./.travis/travis_configure_xa.sh

travis_time:end:14171635:start=1520674781956270448,finish=1520674781961847284,duration=5576836[0Ktravis_fold:end:before_script.6[0Ktravis_fold:start:before_script.7[0Ktravis_time:start:0ea7ae64[0K$ test "x$REPLICATION" == 'x' || ./.travis/travis_configure_replication.sh

travis_time:end:0ea7ae64:start=1520674781968822750,finish=1520674781974630112,duration=5807362[0Ktravis_fold:end:before_script.7[0Ktravis_fold:start:before_script.8[0Ktravis_time:start:12034f3b[0K$ ./.travis/travis_start_postgres.sh
+'[' -z 9.6 ']'
+'[' x9.6 = xHEAD ']'
+'[' '' = true ']'
+'[' '' = Y ']'

travis_time:end:12034f3b:start=1520674781981665215,finish=1520674781989558708,duration=7893493[0Ktravis_fold:end:before_script.8[0Ktravis_fold:start:before_script.9[0Ktravis_time:start:04aeedaa[0K$ test "x$PG_VERSION" != 'xHEAD' || psql -U postgres -c "set password_encryption='scram-sha-256'; create user test with password 'test';"

travis_time:end:04aeedaa:start=1520674781996592540,finish=1520674782002002486,duration=5409946[0Ktravis_fold:end:before_script.9[0Ktravis_fold:start:before_script.10[0Ktravis_time:start:013ca0e2[0K$ test "x$PG_VERSION" = 'xHEAD' || psql -U postgres -c "create user test with password 'test';"
CREATE ROLE

travis_time:end:013ca0e2:start=1520674782009387521,finish=1520674782026668493,duration=17280972[0Ktravis_fold:end:before_script.10[0Ktravis_fold:start:before_script.11[0Ktravis_time:start:0bda85f7[0K$ test "x$REPLICATION" == 'x' || psql -U postgres -c "alter user test with replication;"

travis_time:end:0bda85f7:start=1520674782034122766,finish=1520674782039734171,duration=5611405[0Ktravis_fold:end:before_script.11[0Ktravis_fold:start:before_script.12[0Ktravis_time:start:00016e3e[0K$ psql -c 'create database test owner test;' -U postgres
CREATE DATABASE

travis_time:end:00016e3e:start=1520674782047012049,finish=1520674782276468849,duration=229456800[0Ktravis_fold:end:before_script.12[0Ktravis_fold:start:before_script.13[0Ktravis_time:start:036b630a[0K$ test "x$REPLICATION" == 'x' || ./.travis/travis_create_slaves.sh

travis_time:end:036b630a:start=1520674782283839050,finish=1520674782289396664,duration=5557614[0Ktravis_fold:end:before_script.13[0Ktravis_fold:start:before_script.14[0Ktravis_time:start:060d2f48[0K$ if [[ $TRAVIS_BRANCH == release/* ]]; then echo "MAVEN_OPTS='-Xmx1g'" > ~/.mavenrc; else echo "MAVEN_OPTS='-Xmx1g -Dgpg.skip=true'" > ~/.mavenrc; fi

travis_time:end:060d2f48:start=1520674782296472621,finish=1520674782302181023,duration=5708402[0Ktravis_fold:end:before_script.14[0Ktravis_fold:start:before_script.15[0Ktravis_time:start:02632aca[0K$ test "x$PG_VERSION" == 'x' || test "x$NO_HSTORE" == 'xY' || psql test -c 'CREATE EXTENSION hstore;' -U postgres
CREATE EXTENSION

travis_time:end:02632aca:start=1520674782309181736,finish=1520674782344135924,duration=34954188[0Ktravis_fold:end:before_script.15[0Ktravis_fold:start:before_script.16[0Ktravis_time:start:009790c2[0K$ test "x$PG_VERSION" == 'x' || test "x$CREATE_PLPGSQL" == 'x' || createlang -U postgres plpgsql test

travis_time:end:009790c2:start=1520674782351286500,finish=1520674782357127208,duration=5840708[0Ktravis_fold:end:before_script.16[0Ktravis_time:start:1850a764[0K$ rm -rf $HOME/.m2/repository/org/postgresql || true

travis_time:end:1850a764:start=1520674782364852577,finish=1520674782372137346,duration=7284769[0K
[32;1mThe command "rm -rf $HOME/.m2/repository/org/postgresql || true" exited with 0.[0m
travis_time:start:04591e84[0K$ test -d "${JDK6_HOME}" || export JDK6_HOME=$(jdk_switcher home openjdk6)

travis_time:end:04591e84:start=1520674782380218284,finish=1520674782388332790,duration=8114506[0K
[32;1mThe command "test -d "${JDK6_HOME}" || export JDK6_HOME=$(jdk_switcher home openjdk6)" exited with 0.[0m
travis_time:start:18e661a8[0K$ test -d "${JDK7_HOME}" || export JDK7_HOME=$(jdk_switcher home openjdk7)

travis_time:end:18e661a8:start=1520674782396146940,finish=1520674782404350611,duration=8203671[0K
[32;1mThe command "test -d "${JDK7_HOME}" || export JDK7_HOME=$(jdk_switcher home openjdk7)" exited with 0.[0m
travis_time:start:10f734eb[0K$ test -d "${JDK8_HOME}" || export JDK8_HOME=$(jdk_switcher home oraclejdk8)

travis_time:end:10f734eb:start=1520674782412788332,finish=1520674782422404625,duration=9616293[0K
[32;1mThe command "test -d "${JDK8_HOME}" || export JDK8_HOME=$(jdk_switcher home oraclejdk8)" exited with 0.[0m
travis_time:start:25019d27[0K$ test -d "${JDK9_HOME}" || export JDK9_HOME=$(jdk_switcher home oraclejdk9)

travis_time:end:25019d27:start=1520674782431200390,finish=1520674782439726042,duration=8525652[0K
[32;1mThe command "test -d "${JDK9_HOME}" || export JDK9_HOME=$(jdk_switcher home oraclejdk9)" exited with 0.[0m
travis_time:start:06608bb8[0K$ test -d "${JDK9_HOME}" || export JDK9_HOME=$(jdk_switcher home oraclejdk8)

travis_time:end:06608bb8:start=1520674782448692728,finish=1520674782455345941,duration=6653213[0K
[32;1mThe command "test -d "${JDK9_HOME}" || export JDK9_HOME=$(jdk_switcher home oraclejdk8)" exited with 0.[0m
travis_time:start:3dd120b8[0K$ envsubst < toolchains.xml > ~/.m2/toolchains.xml

travis_time:end:3dd120b8:start=1520674782463671468,finish=1520674782472774557,duration=9103089[0K
[32;1mThe command "envsubst < toolchains.xml > ~/.m2/toolchains.xml" exited with 0.[0m
travis_time:start:0fea7f28[0K$ test ${JDK} -eq 9 || jdk_switcher use oraclejdk8
/home/travis/.travis/job_stages: line 57: test: -eq: unary operator expected
Switching to Oracle JDK8 (java-8-oracle), JAVA_HOME will be set to /usr/lib/jvm/java-8-oracle

travis_time:end:0fea7f28:start=1520674782481006080,finish=1520674782494099314,duration=13093234[0K
[32;1mThe command "test ${JDK} -eq 9 || jdk_switcher use oraclejdk8" exited with 0.[0m
travis_time:start:07eb03f8[0K$ test -z "${ZULU_JDK}" || export TRAVIS_JDK_VERSION=zulujdk${ZULU_JDK}

travis_time:end:07eb03f8:start=1520674782502453585,finish=1520674782508745485,duration=6291900[0K
[32;1mThe command "test -z "${ZULU_JDK}" || export TRAVIS_JDK_VERSION=zulujdk${ZULU_JDK}" exited with 0.[0m
travis_time:start:0ca4a780[0K$ if [[ $TRAVIS_BRANCH == release/* ]]; then .travis/travis_release.sh; else ./.travis/travis_build.sh; fi
+[[ '' == *\Y ]]
+MVN_ARGS='clean package -B -V '
+MVN_PROFILES=release
+[[ '' == *\Y* ]]
+[[ xsimple == *\x* ]]
+MVN_ARGS='clean package -B -V  -DpreferQueryMode=simple'
+[[ Y == *\Y* ]]
+MVN_PROFILES=release,coverage
+[[ '' == *\9* ]]
+[[ '' == *\Y* ]]
+[[ oraclejdk8 == *\j\d\k\6* ]]
+[[ oraclejdk8 == *\j\d\k\7* ]]
+mvn clean package -B -V -DpreferQueryMode=simple -P release,coverage
Picked up _JAVA_OPTIONS: -Xmx2048m -Xms512m
Apache Maven 3.5.2 (138edd61fd100ec658bfa2d307c43b76940a5d7d; 2017-10-18T07:58:13Z)
Maven home: /usr/local/maven-3.5.2
Java version: 1.8.0_151, vendor: Oracle Corporation
Java home: /usr/lib/jvm/java-8-oracle/jre
Default locale: en_US, platform encoding: UTF-8
OS name: "linux", version: "4.14.12-041412-generic", arch: "amd64", family: "unix"
[INFO] Scanning for projects...
[INFO] Downloading from central: http://repo.maven.apache.org/maven2/org/postgresql/pgjdbc-versions/1.1.3/pgjdbc-versions-1.1.3.pom
[INFO] Downloaded from central: http://repo.maven.apache.org/maven2/org/postgresql/pgjdbc-versions/1.1.3/pgjdbc-versions-1.1.3.pom (23 kB at 141 kB/s)
[INFO] Downloading from central: http://repo.maven.apache.org/maven2/org/postgresql/pgjdbc-core-parent/1.1.3/pgjdbc-core-parent-1.1.3.pom
[INFO] Downloaded from central: http://repo.maven.apache.org/maven2/org/postgresql/pgjdbc-core-parent/1.1.3/pgjdbc-core-parent-1.1.3.pom (18 kB at 2.0 MB/s)
[INFO] ------------------------------------------------------------------------
[INFO] Reactor Build Order:
[INFO] 
[INFO] PostgreSQL JDBC Driver - JDBC 4.2
[INFO] PostgreSQL JDBC Driver - benchmarks
[INFO] PostgreSQL JDBC Driver aggregate
[INFO] 
[INFO] ------------------------------------------------------------------------
[INFO] Building PostgreSQL JDBC Driver - JDBC 4.2 42.2.2-SNAPSHOT
[INFO] ------------------------------------------------------------------------
[INFO] 
[INFO] --- maven-clean-plugin:2.5:clean (default-clean) @ postgresql ---
[INFO] 
[INFO] --- maven-enforcer-plugin:1.3.1:enforce (enforce-java) @ postgresql ---
[INFO] Skipping Rule Enforcement.
[INFO] 
[INFO] --- maven-toolchains-plugin:1.1:toolchain (default) @ postgresql ---
[INFO] Required toolchain: jdk [ version='1.8' ]
[INFO] Found matching toolchain for type jdk: JDK[/usr/lib/jvm/java-8-oracle]
[INFO] 
[INFO] --- jacoco-maven-plugin:0.7.5.201505241946:prepare-agent (default) @ postgresql ---
[INFO] argLine set to -javaagent:/home/travis/.m2/repository/org/jacoco/org.jacoco.agent/0.7.5.201505241946/org.jacoco.agent-0.7.5.201505241946-runtime.jar=destfile=/home/travis/build/pgjdbc/pgjdbc/pgjdbc/target/jacoco.exec -Xmx512m
[INFO] 
[INFO] --- build-helper-maven-plugin:1.5:parse-version (parse-version) @ postgresql ---
[INFO] 
[INFO] --- properties-maven-plugin:1.0-alpha-2:read-project-properties (default) @ postgresql ---
[WARNING] Ignoring missing properties file: /home/travis/build/pgjdbc/pgjdbc/pgjdbc/../build.local.properties
[INFO] 
[INFO] --- maven-antrun-plugin:1.7:run (create-unzipjdkant.xml) @ postgresql ---
[INFO] Executing tasks

main:
     [echo] Generating /home/travis/build/pgjdbc/pgjdbc/pgjdbc/target/unzip-jdk-ant.xml
[INFO] Executed tasks
[INFO] 
[INFO] --- exec-maven-plugin:1.4.0:exec (unzip-jdk-src) @ postgresql ---
[INFO] skipping execute as per configuraion
[INFO] 
[INFO] --- jcp:6.0.1:preprocess (preprocessSources) @ postgresql ---
[INFO] Added MAVEN property mvn.project.name=PostgreSQL JDBC Driver - JDBC 4.2
[INFO] Added MAVEN property mvn.project.version=42.2.2-SNAPSHOT
[INFO] Added MAVEN property mvn.project.url=https://github.com/pgjdbc/pgjdbc
[INFO] Added MAVEN property mvn.project.packaging=bundle
[INFO] Added MAVEN property mvn.project.modelversion=4.0.0
[INFO] Added MAVEN property mvn.project.inceptionyear=
[INFO] Added MAVEN property mvn.project.id=org.postgresql:postgresql:bundle:42.2.2-SNAPSHOT
[INFO] Added MAVEN property mvn.project.groupid=org.postgresql
[INFO] Added MAVEN property mvn.project.description=Java JDBC 4.2 (JRE 8+) driver for PostgreSQL database
[INFO] Added MAVEN property mvn.project.artifact.id=org.postgresql:postgresql:bundle:42.2.2-SNAPSHOT
[INFO] Added MAVEN property mvn.project.artifact.artifactid=postgresql
[INFO] Added MAVEN property mvn.project.artifact.baseversion=42.2.2-SNAPSHOT
[INFO] Added MAVEN property mvn.project.artifact.dependencyconflictid=org.postgresql:postgresql:bundle
[INFO] Added MAVEN property mvn.project.artifact.downloadurl=
[INFO] Added MAVEN property mvn.project.artifact.groupid=org.postgresql
[INFO] Added MAVEN property mvn.project.artifact.scope=
[INFO] Added MAVEN property mvn.project.artifact.type=bundle
[INFO] Added MAVEN property mvn.project.artifact.version=42.2.2-SNAPSHOT
[INFO] Added MAVEN property mvn.project.build.directory=/home/travis/build/pgjdbc/pgjdbc/pgjdbc/target
[INFO] Added MAVEN property mvn.project.build.defaultgoal=
[INFO] Added MAVEN property mvn.project.build.outputdirectory=/home/travis/build/pgjdbc/pgjdbc/pgjdbc/target/classes
[INFO] Added MAVEN property mvn.project.build.scriptsourcedirectory=/home/travis/build/pgjdbc/pgjdbc/pgjdbc/src/main/scripts
[INFO] Added MAVEN property mvn.project.build.sourcedirectory=/home/travis/build/pgjdbc/pgjdbc/pgjdbc/src/main/java
[INFO] Added MAVEN property mvn.project.build.testoutputdirectory=/home/travis/build/pgjdbc/pgjdbc/pgjdbc/target/test-classes
[INFO] Added MAVEN property mvn.project.build.testsourcedirectory=/home/travis/build/pgjdbc/pgjdbc/pgjdbc/src/test/java
[INFO] Added MAVEN property mvn.project.organization.name=PostgreSQL Global Development Group
[INFO] Added MAVEN property mvn.project.organization.url=https://jdbc.postgresql.org/
[INFO] Added MAVEN property mvn.project.activeprofiles=standard-with-extra-repos
[INFO] Added MAVEN property mvn.project.property.postgresql.enforce.jdk.version=1.8
[INFO] Added MAVEN property mvn.project.property.postgresql.preprocessed.test.sources.directory=/home/travis/build/pgjdbc/pgjdbc/pgjdbc/target/gen-test-src
[INFO] Added MAVEN property mvn.project.property.loggerlevel=OFF
[INFO] Added MAVEN property mvn.project.property.javac.target=1.8
[INFO] Added MAVEN property mvn.project.property.postgresql.driver.fullversion=PostgreSQL JDBC4.2
[INFO] Added MAVEN property mvn.project.property.jdbc.specification.version=4.2
[INFO] Added MAVEN property mvn.project.property.unzip.jdk.ant.build.xml=/home/travis/build/pgjdbc/pgjdbc/pgjdbc/target/unzip-jdk-ant.xml
[INFO] Added MAVEN property mvn.project.property.loggerfile=target/pgjdbc-tests.log
[INFO] Added MAVEN property mvn.project.property.parsedversion.minorversion=2
[INFO] Added MAVEN property mvn.project.property.secondaryserverport2=5434
[INFO] Added MAVEN property mvn.project.property.project.build.sourceencoding=UTF-8
[INFO] Added MAVEN property mvn.project.property.build.properties.relative.path=/home/travis/build/pgjdbc/pgjdbc/pgjdbc/..
[INFO] Added MAVEN property mvn.project.property.privilegedpassword=***** [hidden because may contain private info]
[INFO] Added MAVEN property mvn.project.property.waffleenabled=true
[INFO] Added MAVEN property mvn.project.property.skip.assembly=false
[INFO] Added MAVEN property mvn.project.property.secondaryport=5433
[INFO] Added MAVEN property mvn.project.property.protocolversion=0
[INFO] Added MAVEN property mvn.project.property.postgresql.preprocessed.sources.directory=/home/travis/build/pgjdbc/pgjdbc/pgjdbc/target/gen-src
[INFO] Added MAVEN property mvn.project.property.osgienabled=true
[INFO] Added MAVEN property mvn.project.property.preparethreshold=5
[INFO] Added MAVEN property mvn.project.property.secondaryserver2=localhost
[INFO] Added MAVEN property mvn.project.property.password=***** [hidden because may contain private info]
[INFO] Added MAVEN property mvn.project.property.jdbc.specification.version.nodot=42
[INFO] Added MAVEN property mvn.project.property.username=test
[INFO] Added MAVEN property mvn.project.property.parsedversion.buildnumber=0
[INFO] Added MAVEN property mvn.project.property.server=localhost
[INFO] Added MAVEN property mvn.project.property.port=5432
[INFO] Added MAVEN property mvn.project.property.secondaryserver=localhost
[INFO] Added MAVEN property mvn.project.property.template.default.pg.port=5432
[INFO] Added MAVEN property mvn.project.property.parsedversion.qualifier=SNAPSHOT
[INFO] Added MAVEN property mvn.project.property.waffle-jna.version=1.7.5
[INFO] Added MAVEN property mvn.project.property.skip.unzip-jdk-src=true
[INFO] Added MAVEN property mvn.project.property.database=test
[INFO] Added MAVEN property mvn.project.property.parsedversion.incrementalversion=2
[INFO] Added MAVEN property mvn.project.property.sspiusername=testsspi
[INFO] Added MAVEN property mvn.project.property.privilegeduser=postgres
[INFO] Added MAVEN property mvn.project.property.checkstyle.version=8.5
[INFO] Added MAVEN property mvn.project.property.parsedversion.majorversion=42
[INFO] Added MAVEN property mvn.project.property.parsedversion.osgiversion=42.2.2.SNAPSHOT
[INFO] Added MAVEN property mvn.project.property.postgresql.jdbc.spec=JDBC4.2
[INFO] Added MAVEN property mvn.project.property.argline=-javaagent:/home/travis/.m2/repository/org/jacoco/org.jacoco.agent/0.7.5.201505241946/org.jacoco.agent-0.7.5.201505241946-runtime.jar=destfile=/home/travis/build/pgjdbc/pgjdbc/pgjdbc/target/jacoco.exec -Xmx512m
[INFO] Preprocess sources : /home/travis/build/pgjdbc/pgjdbc/pgjdbc/src/main/java
[INFO] Preprocess destination : /home/travis/build/pgjdbc/pgjdbc/pgjdbc/target/gen-src
[INFO] -----------------------------------------------------------------
[INFO] Completed, preprocessed 212 files, copied 16 files, elapsed time 458ms
[INFO] A Compile source root has been removed from the root list [/home/travis/build/pgjdbc/pgjdbc/pgjdbc/src/main/java]
[INFO] The New compile source root has been added into the list [/home/travis/build/pgjdbc/pgjdbc/pgjdbc/target/gen-src]
[INFO] 
[INFO] --- maven-clean-plugin:2.5:clean (remove-future-jre-sources) @ postgresql ---
[INFO] 
[INFO] --- maven-resources-plugin:2.6:resources (default-resources) @ postgresql ---
[INFO] Using 'UTF-8' encoding to copy filtered resources.
[INFO] Copying 17 resources
[INFO] 
[INFO] --- maven-compiler-plugin:3.3:compile (default-compile) @ postgresql ---
[INFO] Toolchain in maven-compiler-plugin: JDK[/usr/lib/jvm/java-8-oracle]
[INFO] Changes detected - recompiling the module!
[INFO] Compiling 212 source files to /home/travis/build/pgjdbc/pgjdbc/pgjdbc/target/classes
[INFO] 
[INFO] --- jcp:6.0.1:preprocess (preprocessTestSources) @ postgresql ---
[INFO] Added MAVEN property mvn.project.name=PostgreSQL JDBC Driver - JDBC 4.2
[INFO] Added MAVEN property mvn.project.version=42.2.2-SNAPSHOT
[INFO] Added MAVEN property mvn.project.url=https://github.com/pgjdbc/pgjdbc
[INFO] Added MAVEN property mvn.project.packaging=bundle
[INFO] Added MAVEN property mvn.project.modelversion=4.0.0
[INFO] Added MAVEN property mvn.project.inceptionyear=
[INFO] Added MAVEN property mvn.project.id=org.postgresql:postgresql:bundle:42.2.2-SNAPSHOT
[INFO] Added MAVEN property mvn.project.groupid=org.postgresql
[INFO] Added MAVEN property mvn.project.description=Java JDBC 4.2 (JRE 8+) driver for PostgreSQL database
[INFO] Added MAVEN property mvn.project.artifact.id=org.postgresql:postgresql:bundle:42.2.2-SNAPSHOT
[INFO] Added MAVEN property mvn.project.artifact.artifactid=postgresql
[INFO] Added MAVEN property mvn.project.artifact.baseversion=42.2.2-SNAPSHOT
[INFO] Added MAVEN property mvn.project.artifact.dependencyconflictid=org.postgresql:postgresql:bundle
[INFO] Added MAVEN property mvn.project.artifact.downloadurl=
[INFO] Added MAVEN property mvn.project.artifact.groupid=org.postgresql
[INFO] Added MAVEN property mvn.project.artifact.scope=
[INFO] Added MAVEN property mvn.project.artifact.type=bundle
[INFO] Added MAVEN property mvn.project.artifact.version=42.2.2-SNAPSHOT
[INFO] Added MAVEN property mvn.project.build.directory=/home/travis/build/pgjdbc/pgjdbc/pgjdbc/target
[INFO] Added MAVEN property mvn.project.build.defaultgoal=
[INFO] Added MAVEN property mvn.project.build.outputdirectory=/home/travis/build/pgjdbc/pgjdbc/pgjdbc/target/classes
[INFO] Added MAVEN property mvn.project.build.scriptsourcedirectory=/home/travis/build/pgjdbc/pgjdbc/pgjdbc/src/main/scripts
[INFO] Added MAVEN property mvn.project.build.sourcedirectory=/home/travis/build/pgjdbc/pgjdbc/pgjdbc/src/main/java
[INFO] Added MAVEN property mvn.project.build.testoutputdirectory=/home/travis/build/pgjdbc/pgjdbc/pgjdbc/target/test-classes
[INFO] Added MAVEN property mvn.project.build.testsourcedirectory=/home/travis/build/pgjdbc/pgjdbc/pgjdbc/src/test/java
[INFO] Added MAVEN property mvn.project.organization.name=PostgreSQL Global Development Group
[INFO] Added MAVEN property mvn.project.organization.url=https://jdbc.postgresql.org/
[INFO] Added MAVEN property mvn.project.activeprofiles=standard-with-extra-repos
[INFO] Added MAVEN property mvn.project.property.postgresql.enforce.jdk.version=1.8
[INFO] Added MAVEN property mvn.project.property.postgresql.preprocessed.test.sources.directory=/home/travis/build/pgjdbc/pgjdbc/pgjdbc/target/gen-test-src
[INFO] Added MAVEN property mvn.project.property.loggerlevel=OFF
[INFO] Added MAVEN property mvn.project.property.javac.target=1.8
[INFO] Added MAVEN property mvn.project.property.postgresql.driver.fullversion=PostgreSQL JDBC4.2
[INFO] Added MAVEN property mvn.project.property.jdbc.specification.version=4.2
[INFO] Added MAVEN property mvn.project.property.unzip.jdk.ant.build.xml=/home/travis/build/pgjdbc/pgjdbc/pgjdbc/target/unzip-jdk-ant.xml
[INFO] Added MAVEN property mvn.project.property.loggerfile=target/pgjdbc-tests.log
[INFO] Added MAVEN property mvn.project.property.parsedversion.minorversion=2
[INFO] Added MAVEN property mvn.project.property.secondaryserverport2=5434
[INFO] Added MAVEN property mvn.project.property.project.build.sourceencoding=UTF-8
[INFO] Added MAVEN property mvn.project.property.build.properties.relative.path=/home/travis/build/pgjdbc/pgjdbc/pgjdbc/..
[INFO] Added MAVEN property mvn.project.property.privilegedpassword=***** [hidden because may contain private info]
[INFO] Added MAVEN property mvn.project.property.waffleenabled=true
[INFO] Added MAVEN property mvn.project.property.skip.assembly=false
[INFO] Added MAVEN property mvn.project.property.secondaryport=5433
[INFO] Added MAVEN property mvn.project.property.protocolversion=0
[INFO] Added MAVEN property mvn.project.property.postgresql.preprocessed.sources.directory=/home/travis/build/pgjdbc/pgjdbc/pgjdbc/target/gen-src
[INFO] Added MAVEN property mvn.project.property.osgienabled=true
[INFO] Added MAVEN property mvn.project.property.preparethreshold=5
[INFO] Added MAVEN property mvn.project.property.secondaryserver2=localhost
[INFO] Added MAVEN property mvn.project.property.password=***** [hidden because may contain private info]
[INFO] Added MAVEN property mvn.project.property.jdbc.specification.version.nodot=42
[INFO] Added MAVEN property mvn.project.property.username=test
[INFO] Added MAVEN property mvn.project.property.parsedversion.buildnumber=0
[INFO] Added MAVEN property mvn.project.property.server=localhost
[INFO] Added MAVEN property mvn.project.property.port=5432
[INFO] Added MAVEN property mvn.project.property.secondaryserver=localhost
[INFO] Added MAVEN property mvn.project.property.template.default.pg.port=5432
[INFO] Added MAVEN property mvn.project.property.parsedversion.qualifier=SNAPSHOT
[INFO] Added MAVEN property mvn.project.property.waffle-jna.version=1.7.5
[INFO] Added MAVEN property mvn.project.property.skip.unzip-jdk-src=true
[INFO] Added MAVEN property mvn.project.property.database=test
[INFO] Added MAVEN property mvn.project.property.parsedversion.incrementalversion=2
[INFO] Added MAVEN property mvn.project.property.sspiusername=testsspi
[INFO] Added MAVEN property mvn.project.property.privilegeduser=postgres
[INFO] Added MAVEN property mvn.project.property.checkstyle.version=8.5
[INFO] Added MAVEN property mvn.project.property.parsedversion.majorversion=42
[INFO] Added MAVEN property mvn.project.property.parsedversion.osgiversion=42.2.2.SNAPSHOT
[INFO] Added MAVEN property mvn.project.property.postgresql.jdbc.spec=JDBC4.2
[INFO] Added MAVEN property mvn.project.property.argline=-javaagent:/home/travis/.m2/repository/org/jacoco/org.jacoco.agent/0.7.5.201505241946/org.jacoco.agent-0.7.5.201505241946-runtime.jar=destfile=/home/travis/build/pgjdbc/pgjdbc/pgjdbc/target/jacoco.exec -Xmx512m
[INFO] Preprocess sources : /home/travis/build/pgjdbc/pgjdbc/pgjdbc/src/test/java
[INFO] Preprocess destination : /home/travis/build/pgjdbc/pgjdbc/pgjdbc/target/gen-test-src
[INFO] -----------------------------------------------------------------
[INFO] Completed, preprocessed 157 files, copied 2 files, elapsed time 198ms
[INFO] A Compile source root has been removed from the root list [/home/travis/build/pgjdbc/pgjdbc/pgjdbc/src/test/java]
[INFO] The New compile source root has been added into the list [/home/travis/build/pgjdbc/pgjdbc/pgjdbc/target/gen-test-src]
[INFO] 
[INFO] --- maven-clean-plugin:2.5:clean (remove-future-jre-test-sources) @ postgresql ---
[INFO] 
[INFO] --- maven-resources-plugin:2.6:testResources (default-testResources) @ postgresql ---
[INFO] Using 'UTF-8' encoding to copy filtered resources.
[INFO] Copying 1 resource
[INFO] 
[INFO] --- maven-compiler-plugin:3.3:testCompile (default-testCompile) @ postgresql ---
[INFO] Toolchain in maven-compiler-plugin: JDK[/usr/lib/jvm/java-8-oracle]
[INFO] Changes detected - recompiling the module!
[INFO] Compiling 157 source files to /home/travis/build/pgjdbc/pgjdbc/pgjdbc/target/test-classes
[INFO] 
[INFO] --- maven-surefire-plugin:2.18.1:test (default-test) @ postgresql ---
[INFO] Toolchain in maven-surefire-plugin: JDK[/usr/lib/jvm/java-8-oracle]
[INFO] Surefire report directory: /home/travis/build/pgjdbc/pgjdbc/pgjdbc/target/surefire-reports

-------------------------------------------------------
 T E S T S
-------------------------------------------------------
Picked up _JAVA_OPTIONS: -Xmx2048m -Xms512m
Configuration file /home/travis/build/pgjdbc/pgjdbc/pgjdbc/../build.local.properties does not exist. Consider adding it to specify test db host and login
Skipping SingleCertSocketFactoryTests. To enable set the property testsinglecertfactory=true in the ssltest.properties file.
Configuration file /home/travis/build/pgjdbc/pgjdbc/pgjdbc/../ssltest.local.properties does not exist. Consider adding it to specify test db host and login
Skipping ssloff8.
Skipping sslhostnossl8.
Skipping ssloff9.
Skipping sslhostnossl9.
Skipping sslhostgh8.
Skipping sslhostgh9.
Skipping sslhostbh8.
Skipping sslhostbh9.
Skipping sslhostsslgh8.
Skipping sslhostsslgh9.
Skipping sslhostsslbh8.
Skipping sslhostsslbh9.
Skipping sslhostsslcertgh8.
Skipping sslhostsslcertgh9.
Skipping sslhostsslcertbh8.
Skipping sslhostsslcertbh9.
Skipping sslcertgh8.
Skipping sslcertgh9.
Skipping sslcertbh8.
Skipping sslcertbh9.
Configuration file /home/travis/build/pgjdbc/pgjdbc/pgjdbc/../build.local.properties does not exist. Consider adding it to specify test db host and login
Running org.postgresql.test.jdbc2.optional.OptionalTestSuite
Tests run: 58, Failures: 0, Errors: 0, Skipped: 1, Time elapsed: 2.153 sec - in org.postgresql.test.jdbc2.optional.OptionalTestSuite
Running org.postgresql.test.jdbc2.Jdbc2TestSuite
java.version = 1.8.0_151, JavaVersion.getRuntimeVersion() = v1_8
[testFastCloses] total counts for each sql state: {0=231, 55000=769}
Using seed = 1520674905186 for StrangeInputStream. Set -DStrangeInputStream.seed=1520674905186 to reproduce the test
Using seed = 1520674905580 for StrangeInputStream. Set -DStrangeInputStream.seed=1520674905580 to reproduce the test
Using seed = 1520674905960 for StrangeInputStream. Set -DStrangeInputStream.seed=1520674905960 to reproduce the test
Using seed = 1520674906267 for StrangeInputStream. Set -DStrangeInputStream.seed=1520674906267 to reproduce the test
Using seed = 1520674906596 for StrangeInputStream. Set -DStrangeInputStream.seed=1520674906596 to reproduce the test
Using seed = 1520674906976 for StrangeInputStream. Set -DStrangeInputStream.seed=1520674906976 to reproduce the test
Using seed = 1520674907345 for StrangeInputStream. Set -DStrangeInputStream.seed=1520674907345 to reproduce the test
Using seed = 1520674907656 for StrangeInputStream. Set -DStrangeInputStream.seed=1520674907656 to reproduce the test
Using seed = 1520674908099 for StrangeInputStream. Set -DStrangeInputStream.seed=1520674908099 to reproduce the test
Using seed = 1520674908422 for StrangeInputStream. Set -DStrangeInputStream.seed=1520674908422 to reproduce the test
Tests run: 4211, Failures: 0, Errors: 0, Skipped: 53, Time elapsed: 96.307 sec - in org.postgresql.test.jdbc2.Jdbc2TestSuite
Running org.postgresql.test.jdbc2.AutoRollbackTestSuite
Tests run: 96, Failures: 0, Errors: 0, Skipped: 0, Time elapsed: 0.853 sec - in org.postgresql.test.jdbc2.AutoRollbackTestSuite
Running org.postgresql.test.jdbc4.jdbc41.Jdbc41TestSuite
JUnit used sun.misc.Launcher$AppClassLoader@18b4aac2
SeparateClassLoaderInvokeMethod used sun.misc.Launcher$AppClassLoader@18b4aac2
se.jiderhamn.classloader.RedefiningClassLoader[org.postgresql.test.jdbc4.jdbc41.SharedTimerClassLoaderLeakTest.sharedTimerDoesNotCauseLeak]@f8cf9c0 is being finalized
Tests run: 58, Failures: 0, Errors: 0, Skipped: 1, Time elapsed: 2.061 sec - in org.postgresql.test.jdbc4.jdbc41.Jdbc41TestSuite
Running org.postgresql.test.jdbc4.Jdbc4TestSuite
Tests run: 148, Failures: 2, Errors: 0, Skipped: 17, Time elapsed: 3.024 sec <<< FAILURE! - in org.postgresql.test.jdbc4.Jdbc4TestSuite
testUUIDString[binary=REGULAR, stringType=VARCHAR](org.postgresql.test.jdbc4.UUIDTest)  Time elapsed: 0.017 sec  <<< FAILURE!
java.lang.AssertionError: setString(, uuid) should fail to insert value into UUID column when stringType=varchar. Expecting error <<column "id" is of type uuid but expression is of type character varying>>
	at org.junit.Assert.fail(Assert.java:88)
	at org.postgresql.test.jdbc4.UUIDTest.testUUIDString(UUIDTest.java:95)

testUUIDString[binary=FORCE, stringType=VARCHAR](org.postgresql.test.jdbc4.UUIDTest)  Time elapsed: 0.013 sec  <<< FAILURE!
java.lang.AssertionError: setString(, uuid) should fail to insert value into UUID column when stringType=varchar. Expecting error <<column "id" is of type uuid but expression is of type character varying>>
	at org.junit.Assert.fail(Assert.java:88)
	at org.postgresql.test.jdbc4.UUIDTest.testUUIDString(UUIDTest.java:95)

Running org.postgresql.test.jdbc42.Jdbc42TestSuite
Tests run: 45, Failures: 0, Errors: 0, Skipped: 2, Time elapsed: 7.609 sec - in org.postgresql.test.jdbc42.Jdbc42TestSuite
Running org.postgresql.test.jdbc3.Jdbc3TestSuite
Tests run: 239, Failures: 0, Errors: 0, Skipped: 34, Time elapsed: 2.381 sec - in org.postgresql.test.jdbc3.Jdbc3TestSuite
Running org.postgresql.test.ssl.SingleCertValidatingFactoryTestSuite
Skipping SingleCertSocketFactoryTests. To enable set the property testsinglecertfactory=true in the ssltest.properties file.
Tests run: 0, Failures: 0, Errors: 0, Skipped: 0, Time elapsed: 0 sec - in org.postgresql.test.ssl.SingleCertValidatingFactoryTestSuite
Running org.postgresql.test.ssl.SslTestSuite
Configuration file /home/travis/build/pgjdbc/pgjdbc/pgjdbc/../ssltest.local.properties does not exist. Consider adding it to specify test db host and login
Skipping ssloff8.
Skipping sslhostnossl8.
Skipping ssloff9.
Skipping sslhostnossl9.
Skipping sslhostgh8.
Skipping sslhostgh9.
Skipping sslhostbh8.
Skipping sslhostbh9.
Skipping sslhostsslgh8.
Skipping sslhostsslgh9.
Skipping sslhostsslbh8.
Skipping sslhostsslbh9.
Skipping sslhostsslcertgh8.
Skipping sslhostsslcertgh9.
Skipping sslhostsslcertbh8.
Skipping sslhostsslcertbh9.
Skipping sslcertgh8.
Skipping sslcertgh9.
Skipping sslcertbh8.
Skipping sslcertbh9.
Tests run: 0, Failures: 0, Errors: 0, Skipped: 0, Time elapsed: 0 sec - in org.postgresql.test.ssl.SslTestSuite
Running org.postgresql.test.extensions.ExtensionsTestSuite
Tests run: 5, Failures: 0, Errors: 0, Skipped: 5, Time elapsed: 0.036 sec - in org.postgresql.test.extensions.ExtensionsTestSuite
Running org.postgresql.test.hostchooser.MultiHostTestSuite
Tests run: 1, Failures: 0, Errors: 0, Skipped: 0, Time elapsed: 0 sec - in org.postgresql.test.hostchooser.MultiHostTestSuite
Running org.postgresql.test.socketfactory.SocketFactoryTestSuite
Tests run: 1, Failures: 0, Errors: 0, Skipped: 0, Time elapsed: 0.01 sec - in org.postgresql.test.socketfactory.SocketFactoryTestSuite
Running org.postgresql.test.xa.XATestSuite
Tests run: 12, Failures: 0, Errors: 0, Skipped: 12, Time elapsed: 0.11 sec - in org.postgresql.test.xa.XATestSuite
Running org.postgresql.test.jre8.core.Jre8TestSuite
Tests run: 1, Failures: 0, Errors: 0, Skipped: 0, Time elapsed: 0.012 sec - in org.postgresql.test.jre8.core.Jre8TestSuite
Running org.postgresql.test.osgi.OsgiTestSuite
Tests run: 8, Failures: 0, Errors: 0, Skipped: 0, Time elapsed: 0 sec - in org.postgresql.test.osgi.OsgiTestSuite
Running org.postgresql.replication.ReplicationTestSuite
Tests run: 1, Failures: 0, Errors: 0, Skipped: 1, Time elapsed: 0.007 sec - in org.postgresql.replication.ReplicationTestSuite

Results :

Failed tests: 
  UUIDTest.testUUIDString:95 setString(, uuid) should fail to insert value into UUID column when stringType=varchar. Expecting error <<column "id" is of type uuid but expression is of type character varying>>
  UUIDTest.testUUIDString:95 setString(, uuid) should fail to insert value into UUID column when stringType=varchar. Expecting error <<column "id" is of type uuid but expression is of type character varying>>

Tests run: 4884, Failures: 2, Errors: 0, Skipped: 126

[INFO] ------------------------------------------------------------------------
[INFO] Reactor Summary:
[INFO] 
[INFO] PostgreSQL JDBC Driver - JDBC 4.2 .................. FAILURE [02:16 min]
[INFO] PostgreSQL JDBC Driver - benchmarks ................ SKIPPED
[INFO] PostgreSQL JDBC Driver aggregate ................... SKIPPED
[INFO] ------------------------------------------------------------------------
[INFO] BUILD FAILURE
[INFO] ------------------------------------------------------------------------
[INFO] Total time: 02:19 min
[INFO] Finished at: 2018-03-10T09:42:05Z
[INFO] Final Memory: 25M/678M
[INFO] ------------------------------------------------------------------------
[ERROR] Failed to execute goal org.apache.maven.plugins:maven-surefire-plugin:2.18.1:test (default-test) on project postgresql: There are test failures.
[ERROR] 
[ERROR] Please refer to /home/travis/build/pgjdbc/pgjdbc/pgjdbc/target/surefire-reports for the individual test results.
[ERROR] -> [Help 1]
[ERROR] 
[ERROR] To see the full stack trace of the errors, re-run Maven with the -e switch.
[ERROR] Re-run Maven using the -X switch to enable full debug logging.
[ERROR] 
[ERROR] For more information about the errors and possible solutions, please read the following articles:
[ERROR] [Help 1] http://cwiki.apache.org/confluence/display/MAVEN/MojoFailureException

travis_time:end:0ca4a780:start=1520674782517396384,finish=1520674925835404508,duration=143318008124[0K
[31;1mThe command "if [[ $TRAVIS_BRANCH == release/* ]]; then .travis/travis_release.sh; else ./.travis/travis_build.sh; fi" exited with 1.[0m
travis_time:start:09533460[0K$ ./.travis/travis_check_postgres_health.sh

travis_time:end:09533460:start=1520674925843837693,finish=1520674925856889023,duration=13051330[0K
[32;1mThe command "./.travis/travis_check_postgres_health.sh" exited with 0.[0m
travis_fold:start:before_cache.1[0Ktravis_time:start:19ea6f79[0K$ rm -rf $HOME/.m2/repository/org/postgresql

travis_time:end:19ea6f79:start=1520674925865496701,finish=1520674925874286029,duration=8789328[0Ktravis_fold:end:before_cache.1[0Ktravis_fold:start:before_cache.2[0Ktravis_time:start:1d4b4670[0K$ find $HOME/.ivy2 -name "ivydata-*.properties" -delete

travis_time:end:1d4b4670:start=1520674925882717455,finish=1520674925901804262,duration=19086807[0Ktravis_fold:end:before_cache.2[0Ktravis_fold:start:before_cache.3[0Ktravis_time:start:0842e554[0K$ find $HOME/.sbt -name "*.lock" -delete

travis_time:end:0842e554:start=1520674925909610134,finish=1520674925917517291,duration=7907157[0Ktravis_fold:end:before_cache.3[0Ktravis_fold:start:cache.2[0Kstore build cache
travis_time:start:055da596[0K
travis_time:end:055da596:start=1520674925925123998,finish=1520674925931478293,duration=6354295[0Ktravis_time:start:20437ba8[0K[32;1mnothing changed, not updating cache[0m

travis_time:end:20437ba8:start=1520674925939062736,finish=1520674928235363804,duration=2296301068[0Ktravis_fold:end:cache.2[0K
Done. Your build exited with 1.
