Using worker: worker-linux-docker-46426abf.prod.travis-ci.org:travis-linux-2

travis_fold:start:system_info[0K[33;1mBuild system information[0m
Build language: java
Build group: stable
Build dist: precise
[34m[1mBuild image provisioning date and time[0m
Thu Feb  5 15:09:33 UTC 2015
[34m[1mOperating System Details[0m
Distributor ID:	Ubuntu
Description:	Ubuntu 12.04.5 LTS
Release:	12.04
Codename:	precise
[34m[1mLinux Version[0m
3.13.0-29-generic
[34m[1mCookbooks Version[0m
a68419e https://github.com/travis-ci/travis-cookbooks/tree/a68419e
[34m[1mGCC version[0m
gcc (Ubuntu/Linaro 4.6.3-1ubuntu5) 4.6.3
Copyright (C) 2011 Free Software Foundation, Inc.
This is free software; see the source for copying conditions.  There is NO
warranty; not even for MERCHANTABILITY or FITNESS FOR A PARTICULAR PURPOSE.

[34m[1mLLVM version[0m
clang version 3.4 (tags/RELEASE_34/final)
Target: x86_64-unknown-linux-gnu
Thread model: posix
[34m[1mPre-installed Ruby versions[0m
ruby-1.9.3-p551
[34m[1mPre-installed Node.js versions[0m
v0.10.36
[34m[1mPre-installed Go versions[0m
1.4.1
[34m[1mRedis version[0m
redis-server 2.8.19
[34m[1mriak version[0m
2.0.2
[34m[1mMongoDB version[0m
MongoDB 2.4.12
[34m[1mCouchDB version[0m
couchdb 1.6.1
[34m[1mNeo4j version[0m
1.9.4
[34m[1mRabbitMQ Version[0m
3.4.3
[34m[1mElasticSearch version[0m
1.4.0
[34m[1mInstalled Sphinx versions[0m
2.0.10
2.1.9
2.2.6
[34m[1mDefault Sphinx version[0m
2.2.6
[34m[1mInstalled Firefox version[0m
firefox 31.0esr
[34m[1mPhantomJS version[0m
1.9.8
[34m[1mant -version[0m
Apache Ant(TM) version 1.8.2 compiled on December 3 2011
[34m[1mmvn -version[0m
Apache Maven 3.2.5 (12a6b3acb947671f09b81f49094c53f426d8cea1; 2014-12-14T17:29:23+00:00)
Maven home: /usr/local/maven
Java version: 1.7.0_76, vendor: Oracle Corporation
Java home: /usr/lib/jvm/java-7-oracle/jre
Default locale: en_US, platform encoding: ANSI_X3.4-1968
OS name: "linux", version: "3.13.0-29-generic", arch: "amd64", family: "unix"
travis_fold:end:system_info[0K
travis_fold:start:fix.CVE-2015-7547[0K$ export DEBIAN_FRONTEND=noninteractive
W: Size of file /var/lib/apt/lists/us.archive.ubuntu.com_ubuntu_dists_precise-backports_multiverse_source_Sources.gz is not what the server reported 5886 5888
W: Size of file /var/lib/apt/lists/ppa.launchpad.net_ubuntugis_ppa_ubuntu_dists_precise_main_binary-amd64_Packages.gz is not what the server reported 36669 36677
W: Size of file /var/lib/apt/lists/ppa.launchpad.net_ubuntugis_ppa_ubuntu_dists_precise_main_binary-i386_Packages.gz is not what the server reported 36729 36733
Reading package lists...
Building dependency tree...
Reading state information...
The following extra packages will be installed:
  libc-bin libc-dev-bin libc6-dev
Suggested packages:
  glibc-doc
The following packages will be upgraded:
  libc-bin libc-dev-bin libc6 libc6-dev
4 upgraded, 0 newly installed, 0 to remove and 225 not upgraded.
Need to get 8,844 kB of archives.
After this operation, 9,216 B disk space will be freed.
Get:1 http://us.archive.ubuntu.com/ubuntu/ precise-updates/main libc6-dev amd64 2.15-0ubuntu10.13 [2,943 kB]
Get:2 http://us.archive.ubuntu.com/ubuntu/ precise-updates/main libc-dev-bin amd64 2.15-0ubuntu10.13 [84.7 kB]
Get:3 http://us.archive.ubuntu.com/ubuntu/ precise-updates/main libc-bin amd64 2.15-0ubuntu10.13 [1,179 kB]
Get:4 http://us.archive.ubuntu.com/ubuntu/ precise-updates/main libc6 amd64 2.15-0ubuntu10.13 [4,637 kB]
Fetched 8,844 kB in 0s (28.3 MB/s)
Preconfiguring packages ...
(Reading database ... (Reading database ... 5%(Reading database ... 10%(Reading database ... 15%(Reading database ... 20%(Reading database ... 25%(Reading database ... 30%(Reading database ... 35%(Reading database ... 40%(Reading database ... 45%(Reading database ... 50%(Reading database ... 55%(Reading database ... 60%(Reading database ... 65%(Reading database ... 70%(Reading database ... 75%(Reading database ... 80%(Reading database ... 85%(Reading database ... 90%(Reading database ... 95%(Reading database ... 100%(Reading database ... 72019 files and directories currently installed.)
Preparing to replace libc6-dev 2.15-0ubuntu10.10 (using .../libc6-dev_2.15-0ubuntu10.13_amd64.deb) ...
Unpacking replacement libc6-dev ...
Preparing to replace libc-dev-bin 2.15-0ubuntu10.10 (using .../libc-dev-bin_2.15-0ubuntu10.13_amd64.deb) ...
Unpacking replacement libc-dev-bin ...
Preparing to replace libc-bin 2.15-0ubuntu10.10 (using .../libc-bin_2.15-0ubuntu10.13_amd64.deb) ...
Unpacking replacement libc-bin ...
Processing triggers for man-db ...
Setting up libc-bin (2.15-0ubuntu10.13) ...
(Reading database ... (Reading database ... 5%(Reading database ... 10%(Reading database ... 15%(Reading database ... 20%(Reading database ... 25%(Reading database ... 30%(Reading database ... 35%(Reading database ... 40%(Reading database ... 45%(Reading database ... 50%(Reading database ... 55%(Reading database ... 60%(Reading database ... 65%(Reading database ... 70%(Reading database ... 75%(Reading database ... 80%(Reading database ... 85%(Reading database ... 90%(Reading database ... 95%(Reading database ... 100%(Reading database ... 72019 files and directories currently installed.)
Preparing to replace libc6 2.15-0ubuntu10.10 (using .../libc6_2.15-0ubuntu10.13_amd64.deb) ...
Unpacking replacement libc6 ...
Setting up libc6 (2.15-0ubuntu10.13) ...
Setting up libc-dev-bin (2.15-0ubuntu10.13) ...
Setting up libc6-dev (2.15-0ubuntu10.13) ...
Processing triggers for libc-bin ...
ldconfig deferred processing now taking place
travis_fold:end:fix.CVE-2015-7547[0Ktravis_fold:start:git.checkout[0Ktravis_time:start:115b7248[0K$ git clone --depth=50 https://github.com/square/retrofit.git square/retrofit
Cloning into 'square/retrofit'...
remote: Counting objects: 1801, done.[K
remote: Compressing objects:   0% (1/851)   [Kremote: Compressing objects:   1% (9/851)   [Kremote: Compressing objects:   2% (18/851)   [Kremote: Compressing objects:   3% (26/851)   [Kremote: Compressing objects:   4% (35/851)   [Kremote: Compressing objects:   5% (43/851)   [Kremote: Compressing objects:   6% (52/851)   [Kremote: Compressing objects:   7% (60/851)   [Kremote: Compressing objects:   8% (69/851)   [Kremote: Compressing objects:   9% (77/851)   [Kremote: Compressing objects:  10% (86/851)   [Kremote: Compressing objects:  11% (94/851)   [Kremote: Compressing objects:  12% (103/851)   [Kremote: Compressing objects:  13% (111/851)   [Kremote: Compressing objects:  14% (120/851)   [Kremote: Compressing objects:  15% (128/851)   [Kremote: Compressing objects:  16% (137/851)   [Kremote: Compressing objects:  17% (145/851)   [Kremote: Compressing objects:  18% (154/851)   [Kremote: Compressing objects:  19% (162/851)   [Kremote: Compressing objects:  20% (171/851)   [Kremote: Compressing objects:  21% (179/851)   [Kremote: Compressing objects:  22% (188/851)   [Kremote: Compressing objects:  23% (196/851)   [Kremote: Compressing objects:  24% (205/851)   [Kremote: Compressing objects:  25% (213/851)   [Kremote: Compressing objects:  26% (222/851)   [Kremote: Compressing objects:  27% (230/851)   [Kremote: Compressing objects:  28% (239/851)   [Kremote: Compressing objects:  29% (247/851)   [Kremote: Compressing objects:  30% (256/851)   [Kremote: Compressing objects:  31% (264/851)   [Kremote: Compressing objects:  32% (273/851)   [Kremote: Compressing objects:  33% (281/851)   [Kremote: Compressing objects:  34% (290/851)   [Kremote: Compressing objects:  35% (298/851)   [Kremote: Compressing objects:  36% (307/851)   [Kremote: Compressing objects:  37% (315/851)   [Kremote: Compressing objects:  38% (324/851)   [Kremote: Compressing objects:  39% (332/851)   [Kremote: Compressing objects:  40% (341/851)   [Kremote: Compressing objects:  41% (349/851)   [Kremote: Compressing objects:  42% (358/851)   [Kremote: Compressing objects:  43% (366/851)   [Kremote: Compressing objects:  44% (375/851)   [Kremote: Compressing objects:  45% (383/851)   [Kremote: Compressing objects:  46% (392/851)   [Kremote: Compressing objects:  47% (400/851)   [Kremote: Compressing objects:  48% (409/851)   [Kremote: Compressing objects:  49% (417/851)   [Kremote: Compressing objects:  50% (426/851)   [Kremote: Compressing objects:  51% (435/851)   [Kremote: Compressing objects:  52% (443/851)   [Kremote: Compressing objects:  53% (452/851)   [Kremote: Compressing objects:  54% (460/851)   [Kremote: Compressing objects:  55% (469/851)   [Kremote: Compressing objects:  56% (477/851)   [Kremote: Compressing objects:  57% (486/851)   [Kremote: Compressing objects:  58% (494/851)   [Kremote: Compressing objects:  59% (503/851)   [Kremote: Compressing objects:  60% (511/851)   [Kremote: Compressing objects:  61% (520/851)   [Kremote: Compressing objects:  62% (528/851)   [Kremote: Compressing objects:  63% (537/851)   [Kremote: Compressing objects:  64% (545/851)   [Kremote: Compressing objects:  65% (554/851)   [Kremote: Compressing objects:  66% (562/851)   [Kremote: Compressing objects:  67% (571/851)   [Kremote: Compressing objects:  68% (579/851)   [Kremote: Compressing objects:  69% (588/851)   [Kremote: Compressing objects:  70% (596/851)   [Kremote: Compressing objects:  71% (605/851)   [Kremote: Compressing objects:  72% (613/851)   [Kremote: Compressing objects:  73% (622/851)   [Kremote: Compressing objects:  74% (630/851)   [Kremote: Compressing objects:  75% (639/851)   [Kremote: Compressing objects:  76% (647/851)   [Kremote: Compressing objects:  77% (656/851)   [Kremote: Compressing objects:  78% (664/851)   [Kremote: Compressing objects:  79% (673/851)   [Kremote: Compressing objects:  80% (681/851)   [Kremote: Compressing objects:  81% (690/851)   [Kremote: Compressing objects:  82% (698/851)   [Kremote: Compressing objects:  83% (707/851)   [Kremote: Compressing objects:  84% (715/851)   [Kremote: Compressing objects:  85% (724/851)   [Kremote: Compressing objects:  86% (732/851)   [Kremote: Compressing objects:  87% (741/851)   [Kremote: Compressing objects:  88% (749/851)   [Kremote: Compressing objects:  89% (758/851)   [Kremote: Compressing objects:  90% (766/851)   [Kremote: Compressing objects:  91% (775/851)   [Kremote: Compressing objects:  92% (783/851)   [Kremote: Compressing objects:  93% (792/851)   [Kremote: Compressing objects:  94% (800/851)   [Kremote: Compressing objects:  95% (809/851)   [Kremote: Compressing objects:  96% (817/851)   [Kremote: Compressing objects:  97% (826/851)   [Kremote: Compressing objects:  98% (834/851)   [Kremote: Compressing objects:  99% (843/851)   [Kremote: Compressing objects: 100% (851/851)   [Kremote: Compressing objects: 100% (851/851), done.[K
Receiving objects:   0% (1/1801)   Receiving objects:   1% (19/1801)   Receiving objects:   2% (37/1801)   Receiving objects:   3% (55/1801)   Receiving objects:   4% (73/1801)   Receiving objects:   5% (91/1801)   Receiving objects:   6% (109/1801)   Receiving objects:   7% (127/1801)   Receiving objects:   8% (145/1801)   Receiving objects:   9% (163/1801)   Receiving objects:  10% (181/1801)   Receiving objects:  11% (199/1801)   Receiving objects:  12% (217/1801)   Receiving objects:  13% (235/1801)   Receiving objects:  14% (253/1801)   Receiving objects:  15% (271/1801)   Receiving objects:  16% (289/1801)   Receiving objects:  17% (307/1801)   Receiving objects:  18% (325/1801)   Receiving objects:  19% (343/1801)   Receiving objects:  20% (361/1801)   Receiving objects:  21% (379/1801)   Receiving objects:  22% (397/1801)   Receiving objects:  23% (415/1801)   Receiving objects:  24% (433/1801)   Receiving objects:  25% (451/1801)   Receiving objects:  26% (469/1801)   Receiving objects:  27% (487/1801)   Receiving objects:  28% (505/1801)   Receiving objects:  29% (523/1801)   Receiving objects:  30% (541/1801)   Receiving objects:  31% (559/1801)   Receiving objects:  32% (577/1801)   Receiving objects:  33% (595/1801)   Receiving objects:  34% (613/1801)   Receiving objects:  35% (631/1801)   Receiving objects:  36% (649/1801)   Receiving objects:  37% (667/1801)   Receiving objects:  38% (685/1801)   Receiving objects:  39% (703/1801)   Receiving objects:  40% (721/1801)   Receiving objects:  41% (739/1801)   Receiving objects:  42% (757/1801)   Receiving objects:  43% (775/1801)   Receiving objects:  44% (793/1801)   Receiving objects:  45% (811/1801)   Receiving objects:  46% (829/1801)   Receiving objects:  47% (847/1801)   Receiving objects:  48% (865/1801)   Receiving objects:  49% (883/1801)   Receiving objects:  50% (901/1801)   Receiving objects:  51% (919/1801)   Receiving objects:  52% (937/1801)   Receiving objects:  53% (955/1801)   Receiving objects:  54% (973/1801)   Receiving objects:  55% (991/1801)   Receiving objects:  56% (1009/1801)   Receiving objects:  57% (1027/1801)   Receiving objects:  58% (1045/1801)   Receiving objects:  59% (1063/1801)   Receiving objects:  60% (1081/1801)   Receiving objects:  61% (1099/1801)   Receiving objects:  62% (1117/1801)   Receiving objects:  63% (1135/1801)   Receiving objects:  64% (1153/1801)   Receiving objects:  65% (1171/1801)   remote: Total 1801 (delta 655), reused 1529 (delta 436), pack-reused 0[K
Receiving objects:  66% (1189/1801)   Receiving objects:  67% (1207/1801)   Receiving objects:  68% (1225/1801)   Receiving objects:  69% (1243/1801)   Receiving objects:  70% (1261/1801)   Receiving objects:  71% (1279/1801)   Receiving objects:  72% (1297/1801)   Receiving objects:  73% (1315/1801)   Receiving objects:  74% (1333/1801)   Receiving objects:  75% (1351/1801)   Receiving objects:  76% (1369/1801)   Receiving objects:  77% (1387/1801)   Receiving objects:  78% (1405/1801)   Receiving objects:  79% (1423/1801)   Receiving objects:  80% (1441/1801)   Receiving objects:  81% (1459/1801)   Receiving objects:  82% (1477/1801)   Receiving objects:  83% (1495/1801)   Receiving objects:  84% (1513/1801)   Receiving objects:  85% (1531/1801)   Receiving objects:  86% (1549/1801)   Receiving objects:  87% (1567/1801)   Receiving objects:  88% (1585/1801)   Receiving objects:  89% (1603/1801)   Receiving objects:  90% (1621/1801)   Receiving objects:  91% (1639/1801)   Receiving objects:  92% (1657/1801)   Receiving objects:  93% (1675/1801)   Receiving objects:  94% (1693/1801)   Receiving objects:  95% (1711/1801)   Receiving objects:  96% (1729/1801)   Receiving objects:  97% (1747/1801)   Receiving objects:  98% (1765/1801)   Receiving objects:  99% (1783/1801)   Receiving objects: 100% (1801/1801)   Receiving objects: 100% (1801/1801), 385.00 KiB | 0 bytes/s, done.
Resolving deltas:   0% (0/655)   Resolving deltas:   1% (9/655)   Resolving deltas:   4% (28/655)   Resolving deltas:  12% (79/655)   Resolving deltas:  13% (91/655)   Resolving deltas:  14% (94/655)   Resolving deltas:  15% (104/655)   Resolving deltas:  18% (120/655)   Resolving deltas:  22% (148/655)   Resolving deltas:  23% (157/655)   Resolving deltas:  24% (158/655)   Resolving deltas:  25% (164/655)   Resolving deltas:  26% (174/655)   Resolving deltas:  27% (178/655)   Resolving deltas:  31% (205/655)   Resolving deltas:  34% (224/655)   Resolving deltas:  35% (234/655)   Resolving deltas:  36% (237/655)   Resolving deltas:  38% (254/655)   Resolving deltas:  39% (259/655)   Resolving deltas:  40% (265/655)   Resolving deltas:  41% (269/655)   Resolving deltas:  42% (278/655)   Resolving deltas:  43% (284/655)   Resolving deltas:  44% (289/655)   Resolving deltas:  45% (295/655)   Resolving deltas:  46% (302/655)   Resolving deltas:  47% (309/655)   Resolving deltas:  48% (316/655)   Resolving deltas:  50% (330/655)   Resolving deltas:  51% (336/655)   Resolving deltas:  52% (342/655)   Resolving deltas:  54% (354/655)   Resolving deltas:  55% (361/655)   Resolving deltas:  56% (369/655)   Resolving deltas:  57% (375/655)   Resolving deltas:  58% (380/655)   Resolving deltas:  59% (392/655)   Resolving deltas:  60% (398/655)   Resolving deltas:  61% (401/655)   Resolving deltas:  63% (413/655)   Resolving deltas:  64% (422/655)   Resolving deltas:  66% (434/655)   Resolving deltas:  67% (439/655)   Resolving deltas:  68% (446/655)   Resolving deltas:  69% (458/655)   Resolving deltas:  70% (461/655)   Resolving deltas:  72% (473/655)   Resolving deltas:  73% (480/655)   Resolving deltas:  74% (485/655)   Resolving deltas:  75% (494/655)   Resolving deltas:  76% (498/655)   Resolving deltas:  77% (506/655)   Resolving deltas:  78% (511/655)   Resolving deltas:  80% (528/655)   Resolving deltas:  81% (531/655)   Resolving deltas:  83% (547/655)   Resolving deltas:  84% (551/655)   Resolving deltas:  85% (557/655)   Resolving deltas:  86% (564/655)   Resolving deltas:  87% (571/655)   Resolving deltas:  88% (577/655)   Resolving deltas:  89% (584/655)   Resolving deltas:  90% (593/655)   Resolving deltas:  91% (600/655)   Resolving deltas:  94% (621/655)   Resolving deltas:  95% (625/655)   Resolving deltas:  97% (640/655)   Resolving deltas:  98% (643/655)   Resolving deltas:  99% (650/655)   Resolving deltas: 100% (655/655)   Resolving deltas: 100% (655/655), done.
Checking connectivity... done.

travis_time:end:115b7248:start=1456899290981623293,finish=1456899291496738861,duration=515115568[0K$ cd square/retrofit
travis_time:start:0ac1afea[0K$ git fetch origin +refs/pull/1641/merge:
remote: Counting objects: 104, done.[K
remote: Compressing objects:   4% (1/23)   [Kremote: Compressing objects:   8% (2/23)   [Kremote: Compressing objects:  13% (3/23)   [Kremote: Compressing objects:  17% (4/23)   [Kremote: Compressing objects:  21% (5/23)   [Kremote: Compressing objects:  26% (6/23)   [Kremote: Compressing objects:  30% (7/23)   [Kremote: Compressing objects:  34% (8/23)   [Kremote: Compressing objects:  39% (9/23)   [Kremote: Compressing objects:  43% (10/23)   [Kremote: Compressing objects:  47% (11/23)   [Kremote: Compressing objects:  52% (12/23)   [Kremote: Compressing objects:  56% (13/23)   [Kremote: Compressing objects:  60% (14/23)   [Kremote: Compressing objects:  65% (15/23)   [Kremote: Compressing objects:  69% (16/23)   [Kremote: Compressing objects:  73% (17/23)   [Kremote: Compressing objects:  78% (18/23)   [Kremote: Compressing objects:  82% (19/23)   [Kremote: Compressing objects:  86% (20/23)   [Kremote: Compressing objects:  91% (21/23)   [Kremote: Compressing objects:  95% (22/23)   [Kremote: Compressing objects: 100% (23/23)   [Kremote: Compressing objects: 100% (23/23), done.[K
remote: Total 104 (delta 34), reused 104 (delta 34), pack-reused 0[K
Receiving objects:   0% (1/104)   Receiving objects:   1% (2/104)   Receiving objects:   2% (3/104)   Receiving objects:   3% (4/104)   Receiving objects:   4% (5/104)   Receiving objects:   5% (6/104)   Receiving objects:   6% (7/104)   Receiving objects:   7% (8/104)   Receiving objects:   8% (9/104)   Receiving objects:   9% (10/104)   Receiving objects:  10% (11/104)   Receiving objects:  11% (12/104)   Receiving objects:  12% (13/104)   Receiving objects:  13% (14/104)   Receiving objects:  14% (15/104)   Receiving objects:  15% (16/104)   Receiving objects:  16% (17/104)   Receiving objects:  17% (18/104)   Receiving objects:  18% (19/104)   Receiving objects:  19% (20/104)   Receiving objects:  20% (21/104)   Receiving objects:  21% (22/104)   Receiving objects:  22% (23/104)   Receiving objects:  23% (24/104)   Receiving objects:  24% (25/104)   Receiving objects:  25% (26/104)   Receiving objects:  26% (28/104)   Receiving objects:  27% (29/104)   Receiving objects:  28% (30/104)   Receiving objects:  29% (31/104)   Receiving objects:  30% (32/104)   Receiving objects:  31% (33/104)   Receiving objects:  32% (34/104)   Receiving objects:  33% (35/104)   Receiving objects:  34% (36/104)   Receiving objects:  35% (37/104)   Receiving objects:  36% (38/104)   Receiving objects:  37% (39/104)   Receiving objects:  38% (40/104)   Receiving objects:  39% (41/104)   Receiving objects:  40% (42/104)   Receiving objects:  41% (43/104)   Receiving objects:  42% (44/104)   Receiving objects:  43% (45/104)   Receiving objects:  44% (46/104)   Receiving objects:  45% (47/104)   Receiving objects:  46% (48/104)   Receiving objects:  47% (49/104)   Receiving objects:  48% (50/104)   Receiving objects:  49% (51/104)   Receiving objects:  50% (52/104)   Receiving objects:  51% (54/104)   Receiving objects:  52% (55/104)   Receiving objects:  53% (56/104)   Receiving objects:  54% (57/104)   Receiving objects:  55% (58/104)   Receiving objects:  56% (59/104)   Receiving objects:  57% (60/104)   Receiving objects:  58% (61/104)   Receiving objects:  59% (62/104)   Receiving objects:  60% (63/104)   Receiving objects:  61% (64/104)   Receiving objects:  62% (65/104)   Receiving objects:  63% (66/104)   Receiving objects:  64% (67/104)   Receiving objects:  65% (68/104)   Receiving objects:  66% (69/104)   Receiving objects:  67% (70/104)   Receiving objects:  68% (71/104)   Receiving objects:  69% (72/104)   Receiving objects:  70% (73/104)   Receiving objects:  71% (74/104)   Receiving objects:  72% (75/104)   Receiving objects:  73% (76/104)   Receiving objects:  74% (77/104)   Receiving objects:  75% (78/104)   Receiving objects:  76% (80/104)   Receiving objects:  77% (81/104)   Receiving objects:  78% (82/104)   Receiving objects:  79% (83/104)   Receiving objects:  80% (84/104)   Receiving objects:  81% (85/104)   Receiving objects:  82% (86/104)   Receiving objects:  83% (87/104)   Receiving objects:  84% (88/104)   Receiving objects:  85% (89/104)   Receiving objects:  86% (90/104)   Receiving objects:  87% (91/104)   Receiving objects:  88% (92/104)   Receiving objects:  89% (93/104)   Receiving objects:  90% (94/104)   Receiving objects:  91% (95/104)   Receiving objects:  92% (96/104)   Receiving objects:  93% (97/104)   Receiving objects:  94% (98/104)   Receiving objects:  95% (99/104)   Receiving objects:  96% (100/104)   Receiving objects:  97% (101/104)   Receiving objects:  98% (102/104)   Receiving objects:  99% (103/104)   Receiving objects: 100% (104/104)   Receiving objects: 100% (104/104), 14.27 KiB | 0 bytes/s, done.
Resolving deltas:   0% (0/34)   Resolving deltas:   8% (3/34)   Resolving deltas:  11% (4/34)   Resolving deltas:  14% (5/34)   Resolving deltas:  23% (8/34)   Resolving deltas:  26% (9/34)   Resolving deltas:  29% (10/34)   Resolving deltas:  32% (11/34)   Resolving deltas:  35% (12/34)   Resolving deltas:  47% (16/34)   Resolving deltas:  50% (17/34)   Resolving deltas:  52% (18/34)   Resolving deltas:  55% (19/34)   Resolving deltas:  58% (20/34)   Resolving deltas:  61% (21/34)   Resolving deltas:  64% (22/34)   Resolving deltas:  67% (23/34)   Resolving deltas:  70% (24/34)   Resolving deltas:  73% (25/34)   Resolving deltas:  76% (26/34)   Resolving deltas:  79% (27/34)   Resolving deltas:  82% (28/34)   Resolving deltas:  85% (29/34)   Resolving deltas:  88% (30/34)   Resolving deltas:  91% (31/34)   Resolving deltas:  94% (32/34)   Resolving deltas:  97% (33/34)   Resolving deltas: 100% (34/34)   Resolving deltas: 100% (34/34), completed with 26 local objects.
From https://github.com/square/retrofit
 * branch            refs/pull/1641/merge -> FETCH_HEAD

travis_time:end:0ac1afea:start=1456899291501290071,finish=1456899291859498537,duration=358208466[0K$ git checkout -qf FETCH_HEAD
travis_fold:end:git.checkout[0K
[33;1mThis job is running on container-based infrastructure, which does not allow use of 'sudo', setuid and setguid executables.[0m
[33;1mIf you require sudo, add 'sudo: required' to your .travis.yml[0m
[33;1mSee https://docs.travis-ci.com/user/workers/container-based-infrastructure/ for details.[0m

[33;1mSetting environment variables from .travis.yml[0m
$ export CI_DEPLOY_USERNAME=[secure]
$ export CI_DEPLOY_PASSWORD=[secure]

$ jdk_switcher use oraclejdk8
Switching to Oracle JDK8 (java-8-oracle), JAVA_HOME will be set to /usr/lib/jvm/java-8-oracle
travis_fold:start:cache.1[0KSetting up build cache
$ export CASHER_DIR=$HOME/.casher
travis_time:start:10ba3ce9[0K$ Installing caching utilities

travis_time:end:10ba3ce9:start=1456899293529592286,finish=1456899293583580158,duration=53987872[0Ktravis_time:start:03ea3576[0K
travis_time:end:03ea3576:start=1456899293588944474,finish=1456899293592600140,duration=3655666[0Ktravis_time:start:01aedc40[0K[32;1mattempting to download cache archive[0m
[32;1mfetching PR.1641/cache--jdk-oraclejdk8.tgz[0m
[32;1mfound cache[0m

travis_time:end:01aedc40:start=1456899293597112215,finish=1456899295684268170,duration=2087155955[0Ktravis_time:start:1330d7a0[0K
travis_time:end:1330d7a0:start=1456899295688796633,finish=1456899295692374122,duration=3577489[0Ktravis_time:start:05b842fc[0K[32;1madding /home/travis/.m2 to cache[0m

travis_time:end:05b842fc:start=1456899295696760880,finish=1456899298344482160,duration=2647721280[0Ktravis_fold:end:cache.1[0K$ java -Xmx32m -version
java version "1.8.0_31"
Java(TM) SE Runtime Environment (build 1.8.0_31-b13)
Java HotSpot(TM) 64-Bit Server VM (build 25.31-b07, mixed mode)
$ javac -J-Xmx32m -version
javac 1.8.0_31
travis_fold:start:install[0Ktravis_time:start:0ad09734[0K$ mvn install -DskipTests=true -Dmaven.javadoc.skip=true -B -V
Java HotSpot(TM) 64-Bit Server VM warning: ignoring option MaxPermSize=192m; support was removed in 8.0
Apache Maven 3.2.5 (12a6b3acb947671f09b81f49094c53f426d8cea1; 2014-12-14T17:29:23+00:00)
Maven home: /usr/local/maven
Java version: 1.8.0_31, vendor: Oracle Corporation
Java home: /usr/lib/jvm/java-8-oracle/jre
Default locale: en_US, platform encoding: UTF-8
OS name: "linux", version: "3.13.0-40-generic", arch: "amd64", family: "unix"
[INFO] Scanning for projects...
[WARNING] 
[WARNING] Some problems were encountered while building the effective model for com.squareup.retrofit2:samples:jar:2.0.0-SNAPSHOT
[WARNING] 'build.plugins.plugin.version' for org.apache.maven.plugins:maven-deploy-plugin is missing. @ com.squareup.retrofit2:samples:[unknown-version], /home/travis/build/square/retrofit/samples/pom.xml, line 50, column 15
[WARNING] 
[WARNING] It is highly recommended to fix these problems because they threaten the stability of your build.
[WARNING] 
[WARNING] For this reason, future Maven versions might no longer support building such malformed projects.
[WARNING] 
[INFO] ------------------------------------------------------------------------
[INFO] Reactor Build Order:
[INFO] 
[INFO] Retrofit (Parent)
[INFO] Retrofit
[INFO] Adapters
[INFO] Adapter: Guava
[INFO] Adapter: Java 8
[INFO] Adapter: RxJava
[INFO] Converters
[INFO] Converter: Gson
[INFO] Converter: Protocol Buffers
[INFO] Converter: Jackson
[INFO] Converter: Wire Protocol Buffers
[INFO] Converter: SimpleXML
[INFO] Converter: Java Scalars
[INFO] Converter: Moshi
[INFO] Retrofit Mock Adapter
[INFO] Samples
[INFO]                                                                         
[INFO] ------------------------------------------------------------------------
[INFO] Building Retrofit (Parent) 2.0.0-SNAPSHOT
[INFO] ------------------------------------------------------------------------
[INFO] 
[INFO] --- maven-enforcer-plugin:1.0:enforce (enforce-maven) @ parent ---
[INFO] 
[INFO] --- animal-sniffer-maven-plugin:1.14:check (default) @ parent ---
[INFO] Checking unresolved references to org.codehaus.mojo.signature:java16:1.1
[INFO] 
[INFO] --- maven-javadoc-plugin:2.10.3:jar (attach-javadocs) @ parent ---
[INFO] Skipping javadoc generation
[INFO] 
[INFO] --- maven-checkstyle-plugin:2.15:checkstyle (default) @ parent ---
[INFO] 
[INFO] --- maven-install-plugin:2.4:install (default-install) @ parent ---
[INFO] Installing /home/travis/build/square/retrofit/pom.xml to /home/travis/.m2/repository/com/squareup/retrofit2/parent/2.0.0-SNAPSHOT/parent-2.0.0-SNAPSHOT.pom
[INFO]                                                                         
[INFO] ------------------------------------------------------------------------
[INFO] Building Retrofit 2.0.0-SNAPSHOT
[INFO] ------------------------------------------------------------------------
[INFO] 
[INFO] --- maven-enforcer-plugin:1.0:enforce (enforce-maven) @ retrofit ---
[INFO] 
[INFO] --- maven-resources-plugin:2.6:resources (default-resources) @ retrofit ---
[INFO] Using 'UTF-8' encoding to copy filtered resources.
[INFO] skip non existing resourceDirectory /home/travis/build/square/retrofit/retrofit/src/main/resources
[INFO] 
[INFO] --- maven-compiler-plugin:3.0:compile (default-compile) @ retrofit ---
[INFO] Changes detected - recompiling the module!
[INFO] Compiling 43 source files to /home/travis/build/square/retrofit/retrofit/target/classes
[WARNING] /home/travis/build/square/retrofit/retrofit/src/main/java/retrofit2/Retrofit.java: Some input files use unchecked or unsafe operations.
[WARNING] /home/travis/build/square/retrofit/retrofit/src/main/java/retrofit2/Retrofit.java: Recompile with -Xlint:unchecked for details.
[INFO] 
[INFO] --- maven-resources-plugin:2.6:testResources (default-testResources) @ retrofit ---
[INFO] Using 'UTF-8' encoding to copy filtered resources.
[INFO] skip non existing resourceDirectory /home/travis/build/square/retrofit/retrofit/src/test/resources
[INFO] 
[INFO] --- maven-compiler-plugin:3.0:testCompile (default-testCompile) @ retrofit ---
[INFO] Changes detected - recompiling the module!
[INFO] Compiling 13 source files to /home/travis/build/square/retrofit/retrofit/target/test-classes
[WARNING] /home/travis/build/square/retrofit/retrofit/src/test/java/retrofit2/RetrofitTest.java: /home/travis/build/square/retrofit/retrofit/src/test/java/retrofit2/RetrofitTest.java uses unchecked or unsafe operations.
[WARNING] /home/travis/build/square/retrofit/retrofit/src/test/java/retrofit2/RetrofitTest.java: Recompile with -Xlint:unchecked for details.
[INFO] 
[INFO] --- maven-surefire-plugin:2.12.4:test (default-test) @ retrofit ---
[INFO] Tests are skipped.
[INFO] 
[INFO] --- animal-sniffer-maven-plugin:1.14:check (default) @ retrofit ---
[INFO] Checking unresolved references to org.codehaus.mojo.signature:java16:1.1
[INFO] 
[INFO] --- maven-jar-plugin:2.4:jar (default-jar) @ retrofit ---
[INFO] Building jar: /home/travis/build/square/retrofit/retrofit/target/retrofit-2.0.0-SNAPSHOT.jar
[INFO] 
[INFO] --- maven-javadoc-plugin:2.10.3:jar (attach-javadocs) @ retrofit ---
[INFO] Skipping javadoc generation
[INFO] 
[INFO] --- maven-checkstyle-plugin:2.15:checkstyle (default) @ retrofit ---
[INFO] Starting audit...
Audit done.
[WARNING] Unable to locate Source XRef to link to - DISABLED
[INFO] 
[INFO] --- maven-install-plugin:2.4:install (default-install) @ retrofit ---
[INFO] Installing /home/travis/build/square/retrofit/retrofit/target/retrofit-2.0.0-SNAPSHOT.jar to /home/travis/.m2/repository/com/squareup/retrofit2/retrofit/2.0.0-SNAPSHOT/retrofit-2.0.0-SNAPSHOT.jar
[INFO] Installing /home/travis/build/square/retrofit/retrofit/pom.xml to /home/travis/.m2/repository/com/squareup/retrofit2/retrofit/2.0.0-SNAPSHOT/retrofit-2.0.0-SNAPSHOT.pom
[INFO]                                                                         
[INFO] ------------------------------------------------------------------------
[INFO] Building Adapters 2.0.0-SNAPSHOT
[INFO] ------------------------------------------------------------------------
[INFO] 
[INFO] --- maven-enforcer-plugin:1.0:enforce (enforce-maven) @ retrofit-adapters ---
[INFO] 
[INFO] --- animal-sniffer-maven-plugin:1.14:check (default) @ retrofit-adapters ---
[INFO] Checking unresolved references to org.codehaus.mojo.signature:java16:1.1
[INFO] 
[INFO] --- maven-javadoc-plugin:2.10.3:jar (attach-javadocs) @ retrofit-adapters ---
[INFO] Skipping javadoc generation
[INFO] 
[INFO] --- maven-checkstyle-plugin:2.15:checkstyle (default) @ retrofit-adapters ---
[INFO] 
[INFO] --- maven-install-plugin:2.4:install (default-install) @ retrofit-adapters ---
[INFO] Installing /home/travis/build/square/retrofit/retrofit-adapters/pom.xml to /home/travis/.m2/repository/com/squareup/retrofit2/retrofit-adapters/2.0.0-SNAPSHOT/retrofit-adapters-2.0.0-SNAPSHOT.pom
[INFO]                                                                         
[INFO] ------------------------------------------------------------------------
[INFO] Building Adapter: Guava 2.0.0-SNAPSHOT
[INFO] ------------------------------------------------------------------------
[INFO] 
[INFO] --- maven-enforcer-plugin:1.0:enforce (enforce-maven) @ adapter-guava ---
[INFO] 
[INFO] --- maven-resources-plugin:2.6:resources (default-resources) @ adapter-guava ---
[INFO] Using 'UTF-8' encoding to copy filtered resources.
[INFO] skip non existing resourceDirectory /home/travis/build/square/retrofit/retrofit-adapters/guava/src/main/resources
[INFO] 
[INFO] --- maven-compiler-plugin:3.0:compile (default-compile) @ adapter-guava ---
[INFO] Changes detected - recompiling the module!
[INFO] Compiling 2 source files to /home/travis/build/square/retrofit/retrofit-adapters/guava/target/classes
[INFO] 
[INFO] --- maven-resources-plugin:2.6:testResources (default-testResources) @ adapter-guava ---
[INFO] Using 'UTF-8' encoding to copy filtered resources.
[INFO] skip non existing resourceDirectory /home/travis/build/square/retrofit/retrofit-adapters/guava/src/test/resources
[INFO] 
[INFO] --- maven-compiler-plugin:3.0:testCompile (default-testCompile) @ adapter-guava ---
[INFO] Changes detected - recompiling the module!
[INFO] Compiling 3 source files to /home/travis/build/square/retrofit/retrofit-adapters/guava/target/test-classes
[INFO] 
[INFO] --- maven-surefire-plugin:2.12.4:test (default-test) @ adapter-guava ---
[INFO] Tests are skipped.
[INFO] 
[INFO] --- animal-sniffer-maven-plugin:1.14:check (default) @ adapter-guava ---
[INFO] Checking unresolved references to org.codehaus.mojo.signature:java16:1.1
[INFO] 
[INFO] --- maven-jar-plugin:2.4:jar (default-jar) @ adapter-guava ---
[INFO] Building jar: /home/travis/build/square/retrofit/retrofit-adapters/guava/target/adapter-guava-2.0.0-SNAPSHOT.jar
[INFO] 
[INFO] --- maven-javadoc-plugin:2.10.3:jar (attach-javadocs) @ adapter-guava ---
[INFO] Skipping javadoc generation
[INFO] 
[INFO] --- maven-checkstyle-plugin:2.15:checkstyle (default) @ adapter-guava ---
[INFO] Starting audit...
Audit done.
[WARNING] Unable to locate Source XRef to link to - DISABLED
[INFO] 
[INFO] --- maven-install-plugin:2.4:install (default-install) @ adapter-guava ---
[INFO] Installing /home/travis/build/square/retrofit/retrofit-adapters/guava/target/adapter-guava-2.0.0-SNAPSHOT.jar to /home/travis/.m2/repository/com/squareup/retrofit2/adapter-guava/2.0.0-SNAPSHOT/adapter-guava-2.0.0-SNAPSHOT.jar
[INFO] Installing /home/travis/build/square/retrofit/retrofit-adapters/guava/pom.xml to /home/travis/.m2/repository/com/squareup/retrofit2/adapter-guava/2.0.0-SNAPSHOT/adapter-guava-2.0.0-SNAPSHOT.pom
[INFO]                                                                         
[INFO] ------------------------------------------------------------------------
[INFO] Building Adapter: Java 8 2.0.0-SNAPSHOT
[INFO] ------------------------------------------------------------------------
[INFO] 
[INFO] --- maven-enforcer-plugin:1.0:enforce (enforce-maven) @ adapter-java8 ---
[INFO] 
[INFO] --- maven-resources-plugin:2.6:resources (default-resources) @ adapter-java8 ---
[INFO] Using 'UTF-8' encoding to copy filtered resources.
[INFO] skip non existing resourceDirectory /home/travis/build/square/retrofit/retrofit-adapters/java8/src/main/resources
[INFO] 
[INFO] --- maven-compiler-plugin:3.0:compile (default-compile) @ adapter-java8 ---
[INFO] Changes detected - recompiling the module!
[INFO] Compiling 2 source files to /home/travis/build/square/retrofit/retrofit-adapters/java8/target/classes
[INFO] 
[INFO] --- maven-resources-plugin:2.6:testResources (default-testResources) @ adapter-java8 ---
[INFO] Using 'UTF-8' encoding to copy filtered resources.
[INFO] skip non existing resourceDirectory /home/travis/build/square/retrofit/retrofit-adapters/java8/src/test/resources
[INFO] 
[INFO] --- maven-compiler-plugin:3.0:testCompile (default-testCompile) @ adapter-java8 ---
[INFO] Changes detected - recompiling the module!
[INFO] Compiling 3 source files to /home/travis/build/square/retrofit/retrofit-adapters/java8/target/test-classes
[INFO] 
[INFO] --- maven-surefire-plugin:2.12.4:test (default-test) @ adapter-java8 ---
[INFO] Tests are skipped.
[INFO] 
[INFO] --- animal-sniffer-maven-plugin:1.14:check (default) @ adapter-java8 ---
[INFO] Checking unresolved references to org.kaazing.mojo.signature:java18:1.0
[INFO] 
[INFO] --- maven-jar-plugin:2.4:jar (default-jar) @ adapter-java8 ---
[INFO] Building jar: /home/travis/build/square/retrofit/retrofit-adapters/java8/target/adapter-java8-2.0.0-SNAPSHOT.jar
[INFO] 
[INFO] --- maven-javadoc-plugin:2.10.3:jar (attach-javadocs) @ adapter-java8 ---
[INFO] Skipping javadoc generation
[INFO] 
[INFO] --- maven-checkstyle-plugin:2.15:checkstyle (default) @ adapter-java8 ---
[INFO] Starting audit...
Audit done.
[WARNING] Unable to locate Source XRef to link to - DISABLED
[INFO] 
[INFO] --- maven-install-plugin:2.4:install (default-install) @ adapter-java8 ---
[INFO] Installing /home/travis/build/square/retrofit/retrofit-adapters/java8/target/adapter-java8-2.0.0-SNAPSHOT.jar to /home/travis/.m2/repository/com/squareup/retrofit2/adapter-java8/2.0.0-SNAPSHOT/adapter-java8-2.0.0-SNAPSHOT.jar
[INFO] Installing /home/travis/build/square/retrofit/retrofit-adapters/java8/pom.xml to /home/travis/.m2/repository/com/squareup/retrofit2/adapter-java8/2.0.0-SNAPSHOT/adapter-java8-2.0.0-SNAPSHOT.pom
[INFO]                                                                         
[INFO] ------------------------------------------------------------------------
[INFO] Building Adapter: RxJava 2.0.0-SNAPSHOT
[INFO] ------------------------------------------------------------------------
[INFO] 
[INFO] --- maven-enforcer-plugin:1.0:enforce (enforce-maven) @ adapter-rxjava ---
[INFO] 
[INFO] --- maven-resources-plugin:2.6:resources (default-resources) @ adapter-rxjava ---
[INFO] Using 'UTF-8' encoding to copy filtered resources.
[INFO] skip non existing resourceDirectory /home/travis/build/square/retrofit/retrofit-adapters/rxjava/src/main/resources
[INFO] 
[INFO] --- maven-compiler-plugin:3.0:compile (default-compile) @ adapter-rxjava ---
[INFO] Changes detected - recompiling the module!
[INFO] Compiling 5 source files to /home/travis/build/square/retrofit/retrofit-adapters/rxjava/target/classes
[INFO] 
[INFO] --- maven-resources-plugin:2.6:testResources (default-testResources) @ adapter-rxjava ---
[INFO] Using 'UTF-8' encoding to copy filtered resources.
[INFO] skip non existing resourceDirectory /home/travis/build/square/retrofit/retrofit-adapters/rxjava/src/test/resources
[INFO] 
[INFO] --- maven-compiler-plugin:3.0:testCompile (default-testCompile) @ adapter-rxjava ---
[INFO] Changes detected - recompiling the module!
[INFO] Compiling 9 source files to /home/travis/build/square/retrofit/retrofit-adapters/rxjava/target/test-classes
[INFO] 
[INFO] --- maven-surefire-plugin:2.12.4:test (default-test) @ adapter-rxjava ---
[INFO] Tests are skipped.
[INFO] 
[INFO] --- animal-sniffer-maven-plugin:1.14:check (default) @ adapter-rxjava ---
[INFO] Checking unresolved references to org.codehaus.mojo.signature:java16:1.1
[INFO] 
[INFO] --- maven-jar-plugin:2.4:jar (default-jar) @ adapter-rxjava ---
[INFO] Building jar: /home/travis/build/square/retrofit/retrofit-adapters/rxjava/target/adapter-rxjava-2.0.0-SNAPSHOT.jar
[INFO] 
[INFO] --- maven-javadoc-plugin:2.10.3:jar (attach-javadocs) @ adapter-rxjava ---
[INFO] Skipping javadoc generation
[INFO] 
[INFO] --- maven-checkstyle-plugin:2.15:checkstyle (default) @ adapter-rxjava ---
[INFO] Starting audit...
Audit done.
[WARNING] Unable to locate Source XRef to link to - DISABLED
[INFO] 
[INFO] --- maven-install-plugin:2.4:install (default-install) @ adapter-rxjava ---
[INFO] Installing /home/travis/build/square/retrofit/retrofit-adapters/rxjava/target/adapter-rxjava-2.0.0-SNAPSHOT.jar to /home/travis/.m2/repository/com/squareup/retrofit2/adapter-rxjava/2.0.0-SNAPSHOT/adapter-rxjava-2.0.0-SNAPSHOT.jar
[INFO] Installing /home/travis/build/square/retrofit/retrofit-adapters/rxjava/pom.xml to /home/travis/.m2/repository/com/squareup/retrofit2/adapter-rxjava/2.0.0-SNAPSHOT/adapter-rxjava-2.0.0-SNAPSHOT.pom
[INFO]                                                                         
[INFO] ------------------------------------------------------------------------
[INFO] Building Converters 2.0.0-SNAPSHOT
[INFO] ------------------------------------------------------------------------
[INFO] 
[INFO] --- maven-enforcer-plugin:1.0:enforce (enforce-maven) @ retrofit-converters ---
[INFO] 
[INFO] --- animal-sniffer-maven-plugin:1.14:check (default) @ retrofit-converters ---
[INFO] Checking unresolved references to org.codehaus.mojo.signature:java16:1.1
[INFO] 
[INFO] --- maven-javadoc-plugin:2.10.3:jar (attach-javadocs) @ retrofit-converters ---
[INFO] Skipping javadoc generation
[INFO] 
[INFO] --- maven-checkstyle-plugin:2.15:checkstyle (default) @ retrofit-converters ---
[INFO] 
[INFO] --- maven-install-plugin:2.4:install (default-install) @ retrofit-converters ---
[INFO] Installing /home/travis/build/square/retrofit/retrofit-converters/pom.xml to /home/travis/.m2/repository/com/squareup/retrofit2/retrofit-converters/2.0.0-SNAPSHOT/retrofit-converters-2.0.0-SNAPSHOT.pom
[INFO]                                                                         
[INFO] ------------------------------------------------------------------------
[INFO] Building Converter: Gson 2.0.0-SNAPSHOT
[INFO] ------------------------------------------------------------------------
[INFO] 
[INFO] --- maven-enforcer-plugin:1.0:enforce (enforce-maven) @ converter-gson ---
[INFO] 
[INFO] --- maven-resources-plugin:2.6:resources (default-resources) @ converter-gson ---
[INFO] Using 'UTF-8' encoding to copy filtered resources.
[INFO] skip non existing resourceDirectory /home/travis/build/square/retrofit/retrofit-converters/gson/src/main/resources
[INFO] 
[INFO] --- maven-compiler-plugin:3.0:compile (default-compile) @ converter-gson ---
[INFO] Changes detected - recompiling the module!
[INFO] Compiling 3 source files to /home/travis/build/square/retrofit/retrofit-converters/gson/target/classes
[INFO] 
[INFO] --- maven-resources-plugin:2.6:testResources (default-testResources) @ converter-gson ---
[INFO] Using 'UTF-8' encoding to copy filtered resources.
[INFO] skip non existing resourceDirectory /home/travis/build/square/retrofit/retrofit-converters/gson/src/test/resources
[INFO] 
[INFO] --- maven-compiler-plugin:3.0:testCompile (default-testCompile) @ converter-gson ---
[INFO] Changes detected - recompiling the module!
[INFO] Compiling 1 source file to /home/travis/build/square/retrofit/retrofit-converters/gson/target/test-classes
[INFO] 
[INFO] --- maven-surefire-plugin:2.12.4:test (default-test) @ converter-gson ---
[INFO] Tests are skipped.
[INFO] 
[INFO] --- animal-sniffer-maven-plugin:1.14:check (default) @ converter-gson ---
[INFO] Checking unresolved references to org.codehaus.mojo.signature:java16:1.1
[INFO] 
[INFO] --- maven-jar-plugin:2.4:jar (default-jar) @ converter-gson ---
[INFO] Building jar: /home/travis/build/square/retrofit/retrofit-converters/gson/target/converter-gson-2.0.0-SNAPSHOT.jar
[INFO] 
[INFO] --- maven-javadoc-plugin:2.10.3:jar (attach-javadocs) @ converter-gson ---
[INFO] Skipping javadoc generation
[INFO] 
[INFO] --- maven-checkstyle-plugin:2.15:checkstyle (default) @ converter-gson ---
[INFO] Starting audit...
Audit done.
[WARNING] Unable to locate Source XRef to link to - DISABLED
[INFO] 
[INFO] --- maven-install-plugin:2.4:install (default-install) @ converter-gson ---
[INFO] Installing /home/travis/build/square/retrofit/retrofit-converters/gson/target/converter-gson-2.0.0-SNAPSHOT.jar to /home/travis/.m2/repository/com/squareup/retrofit2/converter-gson/2.0.0-SNAPSHOT/converter-gson-2.0.0-SNAPSHOT.jar
[INFO] Installing /home/travis/build/square/retrofit/retrofit-converters/gson/pom.xml to /home/travis/.m2/repository/com/squareup/retrofit2/converter-gson/2.0.0-SNAPSHOT/converter-gson-2.0.0-SNAPSHOT.pom
[INFO]                                                                         
[INFO] ------------------------------------------------------------------------
[INFO] Building Converter: Protocol Buffers 2.0.0-SNAPSHOT
[INFO] ------------------------------------------------------------------------
[INFO] 
[INFO] --- maven-enforcer-plugin:1.0:enforce (enforce-maven) @ converter-protobuf ---
[INFO] 
[INFO] --- maven-resources-plugin:2.6:resources (default-resources) @ converter-protobuf ---
[INFO] Using 'UTF-8' encoding to copy filtered resources.
[INFO] skip non existing resourceDirectory /home/travis/build/square/retrofit/retrofit-converters/protobuf/src/main/resources
[INFO] 
[INFO] --- maven-compiler-plugin:3.0:compile (default-compile) @ converter-protobuf ---
[INFO] Changes detected - recompiling the module!
[INFO] Compiling 3 source files to /home/travis/build/square/retrofit/retrofit-converters/protobuf/target/classes
[WARNING] /home/travis/build/square/retrofit/retrofit-converters/protobuf/src/main/java/retrofit2/converter/protobuf/ProtoConverterFactory.java: /home/travis/build/square/retrofit/retrofit-converters/protobuf/src/main/java/retrofit2/converter/protobuf/ProtoConverterFactory.java uses unchecked or unsafe operations.
[WARNING] /home/travis/build/square/retrofit/retrofit-converters/protobuf/src/main/java/retrofit2/converter/protobuf/ProtoConverterFactory.java: Recompile with -Xlint:unchecked for details.
[INFO] 
[INFO] --- maven-resources-plugin:2.6:testResources (default-testResources) @ converter-protobuf ---
[INFO] Using 'UTF-8' encoding to copy filtered resources.
[INFO] skip non existing resourceDirectory /home/travis/build/square/retrofit/retrofit-converters/protobuf/src/test/resources
[INFO] 
[INFO] --- maven-compiler-plugin:3.0:testCompile (default-testCompile) @ converter-protobuf ---
[INFO] Changes detected - recompiling the module!
[INFO] Compiling 2 source files to /home/travis/build/square/retrofit/retrofit-converters/protobuf/target/test-classes
[INFO] 
[INFO] --- maven-surefire-plugin:2.12.4:test (default-test) @ converter-protobuf ---
[INFO] Tests are skipped.
[INFO] 
[INFO] --- animal-sniffer-maven-plugin:1.14:check (default) @ converter-protobuf ---
[INFO] Checking unresolved references to org.codehaus.mojo.signature:java16:1.1
[INFO] 
[INFO] --- maven-jar-plugin:2.4:jar (default-jar) @ converter-protobuf ---
[INFO] Building jar: /home/travis/build/square/retrofit/retrofit-converters/protobuf/target/converter-protobuf-2.0.0-SNAPSHOT.jar
[INFO] 
[INFO] --- maven-javadoc-plugin:2.10.3:jar (attach-javadocs) @ converter-protobuf ---
[INFO] Skipping javadoc generation
[INFO] 
[INFO] --- maven-checkstyle-plugin:2.15:checkstyle (default) @ converter-protobuf ---
[INFO] Starting audit...
Audit done.
[WARNING] Unable to locate Source XRef to link to - DISABLED
[INFO] 
[INFO] --- maven-install-plugin:2.4:install (default-install) @ converter-protobuf ---
[INFO] Installing /home/travis/build/square/retrofit/retrofit-converters/protobuf/target/converter-protobuf-2.0.0-SNAPSHOT.jar to /home/travis/.m2/repository/com/squareup/retrofit2/converter-protobuf/2.0.0-SNAPSHOT/converter-protobuf-2.0.0-SNAPSHOT.jar
[INFO] Installing /home/travis/build/square/retrofit/retrofit-converters/protobuf/pom.xml to /home/travis/.m2/repository/com/squareup/retrofit2/converter-protobuf/2.0.0-SNAPSHOT/converter-protobuf-2.0.0-SNAPSHOT.pom
[INFO]                                                                         
[INFO] ------------------------------------------------------------------------
[INFO] Building Converter: Jackson 2.0.0-SNAPSHOT
[INFO] ------------------------------------------------------------------------
[INFO] 
[INFO] --- maven-enforcer-plugin:1.0:enforce (enforce-maven) @ converter-jackson ---
[INFO] 
[INFO] --- maven-resources-plugin:2.6:resources (default-resources) @ converter-jackson ---
[INFO] Using 'UTF-8' encoding to copy filtered resources.
[INFO] skip non existing resourceDirectory /home/travis/build/square/retrofit/retrofit-converters/jackson/src/main/resources
[INFO] 
[INFO] --- maven-compiler-plugin:3.0:compile (default-compile) @ converter-jackson ---
[INFO] Changes detected - recompiling the module!
[INFO] Compiling 3 source files to /home/travis/build/square/retrofit/retrofit-converters/jackson/target/classes
[WARNING] /home/travis/build/square/retrofit/retrofit-converters/jackson/src/main/java/retrofit2/converter/jackson/JacksonConverterFactory.java: /home/travis/build/square/retrofit/retrofit-converters/jackson/src/main/java/retrofit2/converter/jackson/JacksonConverterFactory.java uses or overrides a deprecated API.
[WARNING] /home/travis/build/square/retrofit/retrofit-converters/jackson/src/main/java/retrofit2/converter/jackson/JacksonConverterFactory.java: Recompile with -Xlint:deprecation for details.
[INFO] 
[INFO] --- maven-resources-plugin:2.6:testResources (default-testResources) @ converter-jackson ---
[INFO] Using 'UTF-8' encoding to copy filtered resources.
[INFO] skip non existing resourceDirectory /home/travis/build/square/retrofit/retrofit-converters/jackson/src/test/resources
[INFO] 
[INFO] --- maven-compiler-plugin:3.0:testCompile (default-testCompile) @ converter-jackson ---
[INFO] Changes detected - recompiling the module!
[INFO] Compiling 1 source file to /home/travis/build/square/retrofit/retrofit-converters/jackson/target/test-classes
[WARNING] /home/travis/build/square/retrofit/retrofit-converters/jackson/src/test/java/retrofit2/converter/jackson/JacksonConverterFactoryTest.java: /home/travis/build/square/retrofit/retrofit-converters/jackson/src/test/java/retrofit2/converter/jackson/JacksonConverterFactoryTest.java uses or overrides a deprecated API.
[WARNING] /home/travis/build/square/retrofit/retrofit-converters/jackson/src/test/java/retrofit2/converter/jackson/JacksonConverterFactoryTest.java: Recompile with -Xlint:deprecation for details.
[INFO] 
[INFO] --- maven-surefire-plugin:2.12.4:test (default-test) @ converter-jackson ---
[INFO] Tests are skipped.
[INFO] 
[INFO] --- animal-sniffer-maven-plugin:1.14:check (default) @ converter-jackson ---
[INFO] Checking unresolved references to org.codehaus.mojo.signature:java16:1.1
[INFO] 
[INFO] --- maven-jar-plugin:2.4:jar (default-jar) @ converter-jackson ---
[INFO] Building jar: /home/travis/build/square/retrofit/retrofit-converters/jackson/target/converter-jackson-2.0.0-SNAPSHOT.jar
[INFO] 
[INFO] --- maven-javadoc-plugin:2.10.3:jar (attach-javadocs) @ converter-jackson ---
[INFO] Skipping javadoc generation
[INFO] 
[INFO] --- maven-checkstyle-plugin:2.15:checkstyle (default) @ converter-jackson ---
[INFO] Starting audit...
Audit done.
[WARNING] Unable to locate Source XRef to link to - DISABLED
[INFO] 
[INFO] --- maven-install-plugin:2.4:install (default-install) @ converter-jackson ---
[INFO] Installing /home/travis/build/square/retrofit/retrofit-converters/jackson/target/converter-jackson-2.0.0-SNAPSHOT.jar to /home/travis/.m2/repository/com/squareup/retrofit2/converter-jackson/2.0.0-SNAPSHOT/converter-jackson-2.0.0-SNAPSHOT.jar
[INFO] Installing /home/travis/build/square/retrofit/retrofit-converters/jackson/pom.xml to /home/travis/.m2/repository/com/squareup/retrofit2/converter-jackson/2.0.0-SNAPSHOT/converter-jackson-2.0.0-SNAPSHOT.pom
[INFO]                                                                         
[INFO] ------------------------------------------------------------------------
[INFO] Building Converter: Wire Protocol Buffers 2.0.0-SNAPSHOT
[INFO] ------------------------------------------------------------------------
[INFO] 
[INFO] --- maven-enforcer-plugin:1.0:enforce (enforce-maven) @ converter-wire ---
[INFO] 
[INFO] --- maven-resources-plugin:2.6:resources (default-resources) @ converter-wire ---
[INFO] Using 'UTF-8' encoding to copy filtered resources.
[INFO] skip non existing resourceDirectory /home/travis/build/square/retrofit/retrofit-converters/wire/src/main/resources
[INFO] 
[INFO] --- maven-compiler-plugin:3.0:compile (default-compile) @ converter-wire ---
[INFO] Changes detected - recompiling the module!
[INFO] Compiling 3 source files to /home/travis/build/square/retrofit/retrofit-converters/wire/target/classes
[WARNING] /home/travis/build/square/retrofit/retrofit-converters/wire/src/main/java/retrofit2/converter/wire/WireConverterFactory.java: /home/travis/build/square/retrofit/retrofit-converters/wire/src/main/java/retrofit2/converter/wire/WireConverterFactory.java uses unchecked or unsafe operations.
[WARNING] /home/travis/build/square/retrofit/retrofit-converters/wire/src/main/java/retrofit2/converter/wire/WireConverterFactory.java: Recompile with -Xlint:unchecked for details.
[INFO] 
[INFO] --- maven-resources-plugin:2.6:testResources (default-testResources) @ converter-wire ---
[INFO] Using 'UTF-8' encoding to copy filtered resources.
[INFO] skip non existing resourceDirectory /home/travis/build/square/retrofit/retrofit-converters/wire/src/test/resources
[INFO] 
[INFO] --- maven-compiler-plugin:3.0:testCompile (default-testCompile) @ converter-wire ---
[INFO] Changes detected - recompiling the module!
[INFO] Compiling 2 source files to /home/travis/build/square/retrofit/retrofit-converters/wire/target/test-classes
[INFO] 
[INFO] --- maven-surefire-plugin:2.12.4:test (default-test) @ converter-wire ---
[INFO] Tests are skipped.
[INFO] 
[INFO] --- animal-sniffer-maven-plugin:1.14:check (default) @ converter-wire ---
[INFO] Checking unresolved references to org.codehaus.mojo.signature:java16:1.1
[INFO] 
[INFO] --- maven-jar-plugin:2.4:jar (default-jar) @ converter-wire ---
[INFO] Building jar: /home/travis/build/square/retrofit/retrofit-converters/wire/target/converter-wire-2.0.0-SNAPSHOT.jar
[INFO] 
[INFO] --- maven-javadoc-plugin:2.10.3:jar (attach-javadocs) @ converter-wire ---
[INFO] Skipping javadoc generation
[INFO] 
[INFO] --- maven-checkstyle-plugin:2.15:checkstyle (default) @ converter-wire ---
[INFO] Starting audit...
Audit done.
[WARNING] Unable to locate Source XRef to link to - DISABLED
[INFO] 
[INFO] --- maven-install-plugin:2.4:install (default-install) @ converter-wire ---
[INFO] Installing /home/travis/build/square/retrofit/retrofit-converters/wire/target/converter-wire-2.0.0-SNAPSHOT.jar to /home/travis/.m2/repository/com/squareup/retrofit2/converter-wire/2.0.0-SNAPSHOT/converter-wire-2.0.0-SNAPSHOT.jar
[INFO] Installing /home/travis/build/square/retrofit/retrofit-converters/wire/pom.xml to /home/travis/.m2/repository/com/squareup/retrofit2/converter-wire/2.0.0-SNAPSHOT/converter-wire-2.0.0-SNAPSHOT.pom
[INFO]                                                                         
[INFO] ------------------------------------------------------------------------
[INFO] Building Converter: SimpleXML 2.0.0-SNAPSHOT
[INFO] ------------------------------------------------------------------------
[INFO] 
[INFO] --- maven-enforcer-plugin:1.0:enforce (enforce-maven) @ converter-simplexml ---
[INFO] 
[INFO] --- maven-resources-plugin:2.6:resources (default-resources) @ converter-simplexml ---
[INFO] Using 'UTF-8' encoding to copy filtered resources.
[INFO] skip non existing resourceDirectory /home/travis/build/square/retrofit/retrofit-converters/simplexml/src/main/resources
[INFO] 
[INFO] --- maven-compiler-plugin:3.0:compile (default-compile) @ converter-simplexml ---
[INFO] Changes detected - recompiling the module!
[INFO] Compiling 3 source files to /home/travis/build/square/retrofit/retrofit-converters/simplexml/target/classes
[INFO] 
[INFO] --- maven-resources-plugin:2.6:testResources (default-testResources) @ converter-simplexml ---
[INFO] Using 'UTF-8' encoding to copy filtered resources.
[INFO] skip non existing resourceDirectory /home/travis/build/square/retrofit/retrofit-converters/simplexml/src/test/resources
[INFO] 
[INFO] --- maven-compiler-plugin:3.0:testCompile (default-testCompile) @ converter-simplexml ---
[INFO] Changes detected - recompiling the module!
[INFO] Compiling 2 source files to /home/travis/build/square/retrofit/retrofit-converters/simplexml/target/test-classes
[INFO] 
[INFO] --- maven-surefire-plugin:2.12.4:test (default-test) @ converter-simplexml ---
[INFO] Tests are skipped.
[INFO] 
[INFO] --- animal-sniffer-maven-plugin:1.14:check (default) @ converter-simplexml ---
[INFO] Checking unresolved references to org.codehaus.mojo.signature:java16:1.1
[INFO] 
[INFO] --- maven-jar-plugin:2.4:jar (default-jar) @ converter-simplexml ---
[INFO] Building jar: /home/travis/build/square/retrofit/retrofit-converters/simplexml/target/converter-simplexml-2.0.0-SNAPSHOT.jar
[INFO] 
[INFO] --- maven-javadoc-plugin:2.10.3:jar (attach-javadocs) @ converter-simplexml ---
[INFO] Skipping javadoc generation
[INFO] 
[INFO] --- maven-checkstyle-plugin:2.15:checkstyle (default) @ converter-simplexml ---
[INFO] Starting audit...
Audit done.
[WARNING] Unable to locate Source XRef to link to - DISABLED
[INFO] 
[INFO] --- maven-install-plugin:2.4:install (default-install) @ converter-simplexml ---
[INFO] Installing /home/travis/build/square/retrofit/retrofit-converters/simplexml/target/converter-simplexml-2.0.0-SNAPSHOT.jar to /home/travis/.m2/repository/com/squareup/retrofit2/converter-simplexml/2.0.0-SNAPSHOT/converter-simplexml-2.0.0-SNAPSHOT.jar
[INFO] Installing /home/travis/build/square/retrofit/retrofit-converters/simplexml/pom.xml to /home/travis/.m2/repository/com/squareup/retrofit2/converter-simplexml/2.0.0-SNAPSHOT/converter-simplexml-2.0.0-SNAPSHOT.pom
[INFO]                                                                         
[INFO] ------------------------------------------------------------------------
[INFO] Building Converter: Java Scalars 2.0.0-SNAPSHOT
[INFO] ------------------------------------------------------------------------
[INFO] 
[INFO] --- maven-enforcer-plugin:1.0:enforce (enforce-maven) @ converter-scalars ---
[INFO] 
[INFO] --- maven-resources-plugin:2.6:resources (default-resources) @ converter-scalars ---
[INFO] Using 'UTF-8' encoding to copy filtered resources.
[INFO] skip non existing resourceDirectory /home/travis/build/square/retrofit/retrofit-converters/scalars/src/main/resources
[INFO] 
[INFO] --- maven-compiler-plugin:3.0:compile (default-compile) @ converter-scalars ---
[INFO] Changes detected - recompiling the module!
[INFO] Compiling 3 source files to /home/travis/build/square/retrofit/retrofit-converters/scalars/target/classes
[INFO] 
[INFO] --- maven-resources-plugin:2.6:testResources (default-testResources) @ converter-scalars ---
[INFO] Using 'UTF-8' encoding to copy filtered resources.
[INFO] skip non existing resourceDirectory /home/travis/build/square/retrofit/retrofit-converters/scalars/src/test/resources
[INFO] 
[INFO] --- maven-compiler-plugin:3.0:testCompile (default-testCompile) @ converter-scalars ---
[INFO] Changes detected - recompiling the module!
[INFO] Compiling 2 source files to /home/travis/build/square/retrofit/retrofit-converters/scalars/target/test-classes
[INFO] 
[INFO] --- maven-surefire-plugin:2.12.4:test (default-test) @ converter-scalars ---
[INFO] Tests are skipped.
[INFO] 
[INFO] --- animal-sniffer-maven-plugin:1.14:check (default) @ converter-scalars ---
[INFO] Checking unresolved references to org.codehaus.mojo.signature:java16:1.1
[INFO] 
[INFO] --- maven-jar-plugin:2.4:jar (default-jar) @ converter-scalars ---
[INFO] Building jar: /home/travis/build/square/retrofit/retrofit-converters/scalars/target/converter-scalars-2.0.0-SNAPSHOT.jar
[INFO] 
[INFO] --- maven-javadoc-plugin:2.10.3:jar (attach-javadocs) @ converter-scalars ---
[INFO] Skipping javadoc generation
[INFO] 
[INFO] --- maven-checkstyle-plugin:2.15:checkstyle (default) @ converter-scalars ---
[INFO] Starting audit...
Audit done.
[WARNING] Unable to locate Source XRef to link to - DISABLED
[INFO] 
[INFO] --- maven-install-plugin:2.4:install (default-install) @ converter-scalars ---
[INFO] Installing /home/travis/build/square/retrofit/retrofit-converters/scalars/target/converter-scalars-2.0.0-SNAPSHOT.jar to /home/travis/.m2/repository/com/squareup/retrofit2/converter-scalars/2.0.0-SNAPSHOT/converter-scalars-2.0.0-SNAPSHOT.jar
[INFO] Installing /home/travis/build/square/retrofit/retrofit-converters/scalars/pom.xml to /home/travis/.m2/repository/com/squareup/retrofit2/converter-scalars/2.0.0-SNAPSHOT/converter-scalars-2.0.0-SNAPSHOT.pom
[INFO]                                                                         
[INFO] ------------------------------------------------------------------------
[INFO] Building Converter: Moshi 2.0.0-SNAPSHOT
[INFO] ------------------------------------------------------------------------
[INFO] 
[INFO] --- maven-enforcer-plugin:1.0:enforce (enforce-maven) @ converter-moshi ---
[INFO] 
[INFO] --- maven-resources-plugin:2.6:resources (default-resources) @ converter-moshi ---
[INFO] Using 'UTF-8' encoding to copy filtered resources.
[INFO] skip non existing resourceDirectory /home/travis/build/square/retrofit/retrofit-converters/moshi/src/main/resources
[INFO] 
[INFO] --- maven-compiler-plugin:3.0:compile (default-compile) @ converter-moshi ---
[INFO] Changes detected - recompiling the module!
[INFO] Compiling 3 source files to /home/travis/build/square/retrofit/retrofit-converters/moshi/target/classes
[INFO] 
[INFO] --- maven-resources-plugin:2.6:testResources (default-testResources) @ converter-moshi ---
[INFO] Using 'UTF-8' encoding to copy filtered resources.
[INFO] skip non existing resourceDirectory /home/travis/build/square/retrofit/retrofit-converters/moshi/src/test/resources
[INFO] 
[INFO] --- maven-compiler-plugin:3.0:testCompile (default-testCompile) @ converter-moshi ---
[INFO] Changes detected - recompiling the module!
[INFO] Compiling 1 source file to /home/travis/build/square/retrofit/retrofit-converters/moshi/target/test-classes
[INFO] 
[INFO] --- maven-surefire-plugin:2.12.4:test (default-test) @ converter-moshi ---
[INFO] Tests are skipped.
[INFO] 
[INFO] --- animal-sniffer-maven-plugin:1.14:check (default) @ converter-moshi ---
[INFO] Checking unresolved references to org.codehaus.mojo.signature:java16:1.1
[INFO] 
[INFO] --- maven-jar-plugin:2.4:jar (default-jar) @ converter-moshi ---
[INFO] Building jar: /home/travis/build/square/retrofit/retrofit-converters/moshi/target/converter-moshi-2.0.0-SNAPSHOT.jar
[INFO] 
[INFO] --- maven-javadoc-plugin:2.10.3:jar (attach-javadocs) @ converter-moshi ---
[INFO] Skipping javadoc generation
[INFO] 
[INFO] --- maven-checkstyle-plugin:2.15:checkstyle (default) @ converter-moshi ---
[INFO] Starting audit...
Audit done.
[WARNING] Unable to locate Source XRef to link to - DISABLED
[INFO] 
[INFO] --- maven-install-plugin:2.4:install (default-install) @ converter-moshi ---
[INFO] Installing /home/travis/build/square/retrofit/retrofit-converters/moshi/target/converter-moshi-2.0.0-SNAPSHOT.jar to /home/travis/.m2/repository/com/squareup/retrofit2/converter-moshi/2.0.0-SNAPSHOT/converter-moshi-2.0.0-SNAPSHOT.jar
[INFO] Installing /home/travis/build/square/retrofit/retrofit-converters/moshi/pom.xml to /home/travis/.m2/repository/com/squareup/retrofit2/converter-moshi/2.0.0-SNAPSHOT/converter-moshi-2.0.0-SNAPSHOT.pom
[INFO]                                                                         
[INFO] ------------------------------------------------------------------------
[INFO] Building Retrofit Mock Adapter 2.0.0-SNAPSHOT
[INFO] ------------------------------------------------------------------------
[INFO] 
[INFO] --- maven-enforcer-plugin:1.0:enforce (enforce-maven) @ retrofit-mock ---
[INFO] 
[INFO] --- maven-resources-plugin:2.6:resources (default-resources) @ retrofit-mock ---
[INFO] Using 'UTF-8' encoding to copy filtered resources.
[INFO] skip non existing resourceDirectory /home/travis/build/square/retrofit/retrofit-mock/src/main/resources
[INFO] 
[INFO] --- maven-compiler-plugin:3.0:compile (default-compile) @ retrofit-mock ---
[INFO] Changes detected - recompiling the module!
[INFO] Compiling 5 source files to /home/travis/build/square/retrofit/retrofit-mock/target/classes
[INFO] 
[INFO] --- maven-resources-plugin:2.6:testResources (default-testResources) @ retrofit-mock ---
[INFO] Using 'UTF-8' encoding to copy filtered resources.
[INFO] skip non existing resourceDirectory /home/travis/build/square/retrofit/retrofit-mock/src/test/resources
[INFO] 
[INFO] --- maven-compiler-plugin:3.0:testCompile (default-testCompile) @ retrofit-mock ---
[INFO] Changes detected - recompiling the module!
[INFO] Compiling 3 source files to /home/travis/build/square/retrofit/retrofit-mock/target/test-classes
[INFO] 
[INFO] --- maven-surefire-plugin:2.12.4:test (default-test) @ retrofit-mock ---
[INFO] Tests are skipped.
[INFO] 
[INFO] --- animal-sniffer-maven-plugin:1.14:check (default) @ retrofit-mock ---
[INFO] Checking unresolved references to org.codehaus.mojo.signature:java16:1.1
[INFO] 
[INFO] --- maven-jar-plugin:2.4:jar (default-jar) @ retrofit-mock ---
[INFO] Building jar: /home/travis/build/square/retrofit/retrofit-mock/target/retrofit-mock-2.0.0-SNAPSHOT.jar
[INFO] 
[INFO] --- maven-javadoc-plugin:2.10.3:jar (attach-javadocs) @ retrofit-mock ---
[INFO] Skipping javadoc generation
[INFO] 
[INFO] --- maven-checkstyle-plugin:2.15:checkstyle (default) @ retrofit-mock ---
[INFO] Starting audit...
Audit done.
[WARNING] Unable to locate Source XRef to link to - DISABLED
[INFO] 
[INFO] --- maven-install-plugin:2.4:install (default-install) @ retrofit-mock ---
[INFO] Installing /home/travis/build/square/retrofit/retrofit-mock/target/retrofit-mock-2.0.0-SNAPSHOT.jar to /home/travis/.m2/repository/com/squareup/retrofit2/retrofit-mock/2.0.0-SNAPSHOT/retrofit-mock-2.0.0-SNAPSHOT.jar
[INFO] Installing /home/travis/build/square/retrofit/retrofit-mock/pom.xml to /home/travis/.m2/repository/com/squareup/retrofit2/retrofit-mock/2.0.0-SNAPSHOT/retrofit-mock-2.0.0-SNAPSHOT.pom
[INFO]                                                                         
[INFO] ------------------------------------------------------------------------
[INFO] Building Samples 2.0.0-SNAPSHOT
[INFO] ------------------------------------------------------------------------
[INFO] 
[INFO] --- maven-enforcer-plugin:1.0:enforce (enforce-maven) @ samples ---
[INFO] 
[INFO] --- maven-resources-plugin:2.6:resources (default-resources) @ samples ---
[INFO] Using 'UTF-8' encoding to copy filtered resources.
[INFO] skip non existing resourceDirectory /home/travis/build/square/retrofit/samples/src/main/resources
[INFO] 
[INFO] --- maven-compiler-plugin:3.0:compile (default-compile) @ samples ---
[INFO] Changes detected - recompiling the module!
[INFO] Compiling 7 source files to /home/travis/build/square/retrofit/samples/target/classes
[INFO] 
[INFO] --- maven-resources-plugin:2.6:testResources (default-testResources) @ samples ---
[INFO] Using 'UTF-8' encoding to copy filtered resources.
[INFO] skip non existing resourceDirectory /home/travis/build/square/retrofit/samples/src/test/resources
[INFO] 
[INFO] --- maven-compiler-plugin:3.0:testCompile (default-testCompile) @ samples ---
[INFO] No sources to compile
[INFO] 
[INFO] --- maven-surefire-plugin:2.12.4:test (default-test) @ samples ---
[INFO] Tests are skipped.
[INFO] 
[INFO] --- animal-sniffer-maven-plugin:1.14:check (default) @ samples ---
[INFO] Checking unresolved references to org.codehaus.mojo.signature:java16:1.1
[INFO] 
[INFO] --- maven-jar-plugin:2.4:jar (default-jar) @ samples ---
[INFO] Building jar: /home/travis/build/square/retrofit/samples/target/samples-2.0.0-SNAPSHOT.jar
[INFO] 
[INFO] --- maven-javadoc-plugin:2.10.3:jar (attach-javadocs) @ samples ---
[INFO] Skipping javadoc generation
[INFO] 
[INFO] --- maven-checkstyle-plugin:2.15:checkstyle (default) @ samples ---
[INFO] Starting audit...
Audit done.
[WARNING] Unable to locate Source XRef to link to - DISABLED
[INFO] 
[INFO] --- maven-install-plugin:2.4:install (default-install) @ samples ---
[INFO] Installing /home/travis/build/square/retrofit/samples/target/samples-2.0.0-SNAPSHOT.jar to /home/travis/.m2/repository/com/squareup/retrofit2/samples/2.0.0-SNAPSHOT/samples-2.0.0-SNAPSHOT.jar
[INFO] Installing /home/travis/build/square/retrofit/samples/pom.xml to /home/travis/.m2/repository/com/squareup/retrofit2/samples/2.0.0-SNAPSHOT/samples-2.0.0-SNAPSHOT.pom
[INFO] ------------------------------------------------------------------------
[INFO] Reactor Summary:
[INFO] 
[INFO] Retrofit (Parent) .................................. SUCCESS [  6.787 s]
[INFO] Retrofit ........................................... SUCCESS [ 21.270 s]
[INFO] Adapters ........................................... SUCCESS [  0.709 s]
[INFO] Adapter: Guava ..................................... SUCCESS [  2.882 s]
[INFO] Adapter: Java 8 .................................... SUCCESS [  3.201 s]
[INFO] Adapter: RxJava .................................... SUCCESS [  2.122 s]
[INFO] Converters ......................................... SUCCESS [  0.302 s]
[INFO] Converter: Gson .................................... SUCCESS [  1.352 s]
[INFO] Converter: Protocol Buffers ........................ SUCCESS [  1.109 s]
[INFO] Converter: Jackson ................................. SUCCESS [  0.974 s]
[INFO] Converter: Wire Protocol Buffers ................... SUCCESS [  1.198 s]
[INFO] Converter: SimpleXML ............................... SUCCESS [  1.123 s]
[INFO] Converter: Java Scalars ............................ SUCCESS [  2.085 s]
[INFO] Converter: Moshi ................................... SUCCESS [  1.015 s]
[INFO] Retrofit Mock Adapter .............................. SUCCESS [  0.871 s]
[INFO] Samples ............................................ SUCCESS [  1.778 s]
[INFO] ------------------------------------------------------------------------
[INFO] BUILD SUCCESS
[INFO] ------------------------------------------------------------------------
[INFO] Total time: 49.350 s
[INFO] Finished at: 2016-03-02T06:15:50+00:00
[INFO] Final Memory: 45M/465M
[INFO] ------------------------------------------------------------------------

travis_time:end:0ad09734:start=1456899298820984351,finish=1456899352691637224,duration=53870652873[0Ktravis_fold:end:install[0Ktravis_time:start:03ad4dfa[0K$ mvn test -B
Java HotSpot(TM) 64-Bit Server VM warning: ignoring option MaxPermSize=192m; support was removed in 8.0
[INFO] Scanning for projects...
[WARNING] 
[WARNING] Some problems were encountered while building the effective model for com.squareup.retrofit2:samples:jar:2.0.0-SNAPSHOT
[WARNING] 'build.plugins.plugin.version' for org.apache.maven.plugins:maven-deploy-plugin is missing. @ com.squareup.retrofit2:samples:[unknown-version], /home/travis/build/square/retrofit/samples/pom.xml, line 50, column 15
[WARNING] 
[WARNING] It is highly recommended to fix these problems because they threaten the stability of your build.
[WARNING] 
[WARNING] For this reason, future Maven versions might no longer support building such malformed projects.
[WARNING] 
[INFO] ------------------------------------------------------------------------
[INFO] Reactor Build Order:
[INFO] 
[INFO] Retrofit (Parent)
[INFO] Retrofit
[INFO] Adapters
[INFO] Adapter: Guava
[INFO] Adapter: Java 8
[INFO] Adapter: RxJava
[INFO] Converters
[INFO] Converter: Gson
[INFO] Converter: Protocol Buffers
[INFO] Converter: Jackson
[INFO] Converter: Wire Protocol Buffers
[INFO] Converter: SimpleXML
[INFO] Converter: Java Scalars
[INFO] Converter: Moshi
[INFO] Retrofit Mock Adapter
[INFO] Samples
[INFO]                                                                         
[INFO] ------------------------------------------------------------------------
[INFO] Building Retrofit (Parent) 2.0.0-SNAPSHOT
[INFO] ------------------------------------------------------------------------
[INFO] 
[INFO] --- maven-enforcer-plugin:1.0:enforce (enforce-maven) @ parent ---
[INFO] 
[INFO] --- animal-sniffer-maven-plugin:1.14:check (default) @ parent ---
[INFO] Checking unresolved references to org.codehaus.mojo.signature:java16:1.1
[INFO]                                                                         
[INFO] ------------------------------------------------------------------------
[INFO] Building Retrofit 2.0.0-SNAPSHOT
[INFO] ------------------------------------------------------------------------
[INFO] 
[INFO] --- maven-enforcer-plugin:1.0:enforce (enforce-maven) @ retrofit ---
[INFO] 
[INFO] --- maven-resources-plugin:2.6:resources (default-resources) @ retrofit ---
[INFO] Using 'UTF-8' encoding to copy filtered resources.
[INFO] skip non existing resourceDirectory /home/travis/build/square/retrofit/retrofit/src/main/resources
[INFO] 
[INFO] --- maven-compiler-plugin:3.0:compile (default-compile) @ retrofit ---
[INFO] Changes detected - recompiling the module!
[INFO] Compiling 43 source files to /home/travis/build/square/retrofit/retrofit/target/classes
[WARNING] /home/travis/build/square/retrofit/retrofit/src/main/java/retrofit2/Retrofit.java: Some input files use unchecked or unsafe operations.
[WARNING] /home/travis/build/square/retrofit/retrofit/src/main/java/retrofit2/Retrofit.java: Recompile with -Xlint:unchecked for details.
[INFO] 
[INFO] --- maven-resources-plugin:2.6:testResources (default-testResources) @ retrofit ---
[INFO] Using 'UTF-8' encoding to copy filtered resources.
[INFO] skip non existing resourceDirectory /home/travis/build/square/retrofit/retrofit/src/test/resources
[INFO] 
[INFO] --- maven-compiler-plugin:3.0:testCompile (default-testCompile) @ retrofit ---
[INFO] Changes detected - recompiling the module!
[INFO] Compiling 13 source files to /home/travis/build/square/retrofit/retrofit/target/test-classes
[WARNING] /home/travis/build/square/retrofit/retrofit/src/test/java/retrofit2/RetrofitTest.java: /home/travis/build/square/retrofit/retrofit/src/test/java/retrofit2/RetrofitTest.java uses unchecked or unsafe operations.
[WARNING] /home/travis/build/square/retrofit/retrofit/src/test/java/retrofit2/RetrofitTest.java: Recompile with -Xlint:unchecked for details.
[INFO] 
[INFO] --- maven-surefire-plugin:2.12.4:test (default-test) @ retrofit ---
[INFO] Surefire report directory: /home/travis/build/square/retrofit/retrofit/target/surefire-reports

-------------------------------------------------------
 T E S T S
-------------------------------------------------------
Running retrofit2.CallTest
Mar 02, 2016 6:16:08 AM okhttp3.mockwebserver.MockWebServer$3 execute
INFO: MockWebServer[50728] starting to accept connections
Mar 02, 2016 6:16:09 AM okhttp3.mockwebserver.MockWebServer$3 acceptConnections
INFO: MockWebServer[50728] done accepting connections: Socket closed
Mar 02, 2016 6:16:09 AM okhttp3.mockwebserver.MockWebServer$3 execute
INFO: MockWebServer[40832] starting to accept connections
Mar 02, 2016 6:16:10 AM okhttp3.mockwebserver.MockWebServer$3 acceptConnections
INFO: MockWebServer[40832] done accepting connections: Socket closed
Mar 02, 2016 6:16:10 AM okhttp3.mockwebserver.MockWebServer$4 processOneRequest
INFO: MockWebServer[40832] received request: GET / HTTP/1.1 and responded: HTTP/1.1 200 OK
Mar 02, 2016 6:16:10 AM okhttp3.mockwebserver.MockWebServer$3 execute
INFO: MockWebServer[33096] starting to accept connections
Mar 02, 2016 6:16:10 AM okhttp3.mockwebserver.MockWebServer$3 acceptConnections
INFO: MockWebServer[33096] done accepting connections: Socket closed
Mar 02, 2016 6:16:10 AM okhttp3.mockwebserver.MockWebServer$4 processOneRequest
INFO: MockWebServer[33096] received request: GET / HTTP/1.1 and responded: HTTP/1.1 404 Client Error
Mar 02, 2016 6:16:10 AM okhttp3.mockwebserver.MockWebServer$3 execute
INFO: MockWebServer[52883] starting to accept connections
Mar 02, 2016 6:16:10 AM okhttp3.mockwebserver.MockWebServer$4 processOneRequest
INFO: MockWebServer[52883] received request: POST /Hello HTTP/1.1 and responded: HTTP/1.1 200 OK
Mar 02, 2016 6:16:10 AM okhttp3.mockwebserver.MockWebServer$3 acceptConnections
INFO: MockWebServer[52883] done accepting connections: Socket closed
Mar 02, 2016 6:16:10 AM okhttp3.mockwebserver.MockWebServer$3 execute
INFO: MockWebServer[47551] starting to accept connections
Mar 02, 2016 6:16:10 AM okhttp3.mockwebserver.MockWebServer$3 acceptConnections
INFO: MockWebServer[47551] done accepting connections: Socket closed
Mar 02, 2016 6:16:10 AM okhttp3.mockwebserver.MockWebServer$3 execute
INFO: MockWebServer[49511] starting to accept connections
Mar 02, 2016 6:16:10 AM okhttp3.mockwebserver.MockWebServer$3 acceptConnections
INFO: MockWebServer[49511] done accepting connections: Socket closed
Mar 02, 2016 6:16:10 AM okhttp3.mockwebserver.MockWebServer$3 execute
INFO: MockWebServer[32978] starting to accept connections
Mar 02, 2016 6:16:10 AM okhttp3.mockwebserver.MockWebServer$3 acceptConnections
INFO: MockWebServer[32978] done accepting connections: Socket closed
Mar 02, 2016 6:16:10 AM okhttp3.mockwebserver.MockWebServer$4 processOneRequest
INFO: MockWebServer[32978] received request: GET / HTTP/1.1 and responded: HTTP/1.1 200 OK
Mar 02, 2016 6:16:10 AM okhttp3.mockwebserver.MockWebServer$3 execute
INFO: MockWebServer[39765] starting to accept connections
Mar 02, 2016 6:16:10 AM okhttp3.mockwebserver.MockWebServer$4 processOneRequest
INFO: MockWebServer[39765] received request: GET / HTTP/1.1 and responded: HTTP/1.1 200 OK
Mar 02, 2016 6:16:10 AM okhttp3.mockwebserver.MockWebServer$3 acceptConnections
INFO: MockWebServer[39765] done accepting connections: Socket closed
Mar 02, 2016 6:16:10 AM okhttp3.mockwebserver.MockWebServer$3 execute
INFO: MockWebServer[59531] starting to accept connections
Mar 02, 2016 6:16:10 AM okhttp3.mockwebserver.MockWebServer$3 acceptConnections
INFO: MockWebServer[59531] done accepting connections: Socket is closed
Mar 02, 2016 6:16:10 AM okhttp3.mockwebserver.MockWebServer$3 execute
INFO: MockWebServer[53598] starting to accept connections
Mar 02, 2016 6:16:10 AM okhttp3.mockwebserver.MockWebServer$3 acceptConnections
INFO: MockWebServer[53598] done accepting connections: Socket closed
Mar 02, 2016 6:16:10 AM okhttp3.mockwebserver.MockWebServer$4 processOneRequest
INFO: MockWebServer[53598] received request: POST /Hello HTTP/1.1 and responded: HTTP/1.1 200 OK
Mar 02, 2016 6:16:10 AM okhttp3.mockwebserver.MockWebServer$3 execute
INFO: MockWebServer[57507] starting to accept connections
Mar 02, 2016 6:16:10 AM okhttp3.mockwebserver.MockWebServer$3 acceptConnections
INFO: MockWebServer[57507] done accepting connections: Socket closed
Mar 02, 2016 6:16:10 AM okhttp3.mockwebserver.MockWebServer$4 processOneRequest
INFO: MockWebServer[57507] received request: POST /Hello HTTP/1.1 and responded: HTTP/1.1 200 OK
Mar 02, 2016 6:16:10 AM okhttp3.mockwebserver.MockWebServer$3 execute
INFO: MockWebServer[55392] starting to accept connections
Mar 02, 2016 6:16:10 AM okhttp3.mockwebserver.MockWebServer$3 acceptConnections
INFO: MockWebServer[55392] done accepting connections: Socket closed
Mar 02, 2016 6:16:10 AM okhttp3.mockwebserver.MockWebServer$3 execute
INFO: MockWebServer[58994] starting to accept connections
Mar 02, 2016 6:16:10 AM okhttp3.mockwebserver.MockWebServer$3 acceptConnections
INFO: MockWebServer[58994] done accepting connections: Socket closed
Mar 02, 2016 6:16:10 AM okhttp3.mockwebserver.MockWebServer$4 processOneRequest
INFO: MockWebServer[58994] received request: GET / HTTP/1.1 and responded: HTTP/1.1 404 Client Error
Mar 02, 2016 6:16:10 AM okhttp3.mockwebserver.MockWebServer$3 execute
INFO: MockWebServer[47242] starting to accept connections
Mar 02, 2016 6:16:10 AM okhttp3.mockwebserver.MockWebServer$3 acceptConnections
INFO: MockWebServer[47242] done accepting connections: Socket closed
Mar 02, 2016 6:16:10 AM okhttp3.mockwebserver.MockWebServer$4 processOneRequest
INFO: MockWebServer[47242] received request: POST / HTTP/1.1 and responded: HTTP/1.1 200 OK
Mar 02, 2016 6:16:10 AM okhttp3.mockwebserver.MockWebServer$3 execute
INFO: MockWebServer[56441] starting to accept connections
Mar 02, 2016 6:16:10 AM okhttp3.mockwebserver.MockWebServer$4 processOneRequest
INFO: MockWebServer[56441] received request: GET / HTTP/1.1 and responded: HTTP/1.1 204 Nothin
Mar 02, 2016 6:16:10 AM okhttp3.mockwebserver.MockWebServer$3 acceptConnections
INFO: MockWebServer[56441] done accepting connections: Socket closed
Mar 02, 2016 6:16:11 AM okhttp3.mockwebserver.MockWebServer$3 execute
INFO: MockWebServer[33066] starting to accept connections
Mar 02, 2016 6:16:11 AM okhttp3.mockwebserver.MockWebServer$3 acceptConnections
INFO: MockWebServer[33066] done accepting connections: Socket is closed
Mar 02, 2016 6:16:11 AM okhttp3.mockwebserver.MockWebServer$3 execute
INFO: MockWebServer[33128] starting to accept connections
Mar 02, 2016 6:16:11 AM okhttp3.mockwebserver.MockWebServer$3 acceptConnections
INFO: MockWebServer[33128] done accepting connections: Socket closed
Mar 02, 2016 6:16:11 AM okhttp3.mockwebserver.MockWebServer$4 processOneRequest
INFO: MockWebServer[33128] received request: GET / HTTP/1.1 and responded: HTTP/1.1 200 OK
Mar 02, 2016 6:16:11 AM okhttp3.mockwebserver.MockWebServer$3 execute
INFO: MockWebServer[43083] starting to accept connections
Mar 02, 2016 6:16:11 AM okhttp3.mockwebserver.MockWebServer$3 acceptConnections
INFO: MockWebServer[43083] done accepting connections: Socket closed
Mar 02, 2016 6:16:11 AM okhttp3.mockwebserver.MockWebServer$4 processOneRequest
INFO: MockWebServer[43083] received request: POST /Hello HTTP/1.1 and responded: HTTP/1.1 200 OK
Mar 02, 2016 6:16:11 AM okhttp3.mockwebserver.MockWebServer$3 execute
INFO: MockWebServer[52031] starting to accept connections
Mar 02, 2016 6:16:11 AM okhttp3.mockwebserver.MockWebServer$3 acceptConnections
INFO: MockWebServer[52031] done accepting connections: Socket closed
Mar 02, 2016 6:16:11 AM okhttp3.mockwebserver.MockWebServer$4 processOneRequest
INFO: MockWebServer[52031] received request: GET / HTTP/1.1 and responded: HTTP/1.1 200 OK
Mar 02, 2016 6:16:11 AM okhttp3.mockwebserver.MockWebServer$3 execute
INFO: MockWebServer[47897] starting to accept connections
Mar 02, 2016 6:16:11 AM okhttp3.mockwebserver.MockWebServer$3 acceptConnections
INFO: MockWebServer[47897] done accepting connections: Socket closed
Mar 02, 2016 6:16:11 AM okhttp3.mockwebserver.MockWebServer$4 processOneRequest
INFO: MockWebServer[47897] received request: POST / HTTP/1.1 and responded: HTTP/1.1 200 OK
Mar 02, 2016 6:16:11 AM okhttp3.mockwebserver.MockWebServer$3 execute
INFO: MockWebServer[54310] starting to accept connections
Mar 02, 2016 6:16:11 AM okhttp3.mockwebserver.MockWebServer$3 acceptConnections
INFO: MockWebServer[54310] done accepting connections: Socket closed
Mar 02, 2016 6:16:11 AM okhttp3.mockwebserver.MockWebServer$3 execute
INFO: MockWebServer[52850] starting to accept connections
Mar 02, 2016 6:16:11 AM okhttp3.mockwebserver.MockWebServer$3 acceptConnections
INFO: MockWebServer[52850] done accepting connections: Socket is closed
Mar 02, 2016 6:16:11 AM okhttp3.mockwebserver.MockWebServer$3 execute
INFO: MockWebServer[45223] starting to accept connections
Mar 02, 2016 6:16:11 AM okhttp3.mockwebserver.MockWebServer$3 acceptConnections
INFO: MockWebServer[45223] done accepting connections: Socket closed
Mar 02, 2016 6:16:11 AM okhttp3.mockwebserver.MockWebServer$3 execute
INFO: MockWebServer[54756] starting to accept connections
Mar 02, 2016 6:16:11 AM okhttp3.mockwebserver.MockWebServer$3 acceptConnections
INFO: MockWebServer[54756] done accepting connections: Socket closed
Mar 02, 2016 6:16:11 AM okhttp3.mockwebserver.MockWebServer$4 processOneRequest
INFO: MockWebServer[54756] received request: GET / HTTP/1.1 and responded: HTTP/1.1 200 OK
Mar 02, 2016 6:16:11 AM okhttp3.mockwebserver.MockWebServer$3 execute
INFO: MockWebServer[49029] starting to accept connections
Mar 02, 2016 6:16:11 AM okhttp3.mockwebserver.MockWebServer$3 acceptConnections
INFO: MockWebServer[49029] done accepting connections: Socket closed
Mar 02, 2016 6:16:11 AM okhttp3.mockwebserver.MockWebServer$4 processOneRequest
INFO: MockWebServer[49029] received request: GET / HTTP/1.1 and responded: HTTP/1.1 200 OK
Mar 02, 2016 6:16:11 AM okhttp3.mockwebserver.MockWebServer$3 execute
INFO: MockWebServer[53021] starting to accept connections
Mar 02, 2016 6:16:11 AM okhttp3.mockwebserver.MockWebServer$3 acceptConnections
INFO: MockWebServer[53021] done accepting connections: Socket closed
Mar 02, 2016 6:16:11 AM okhttp3.mockwebserver.MockWebServer$4 processOneRequest
INFO: MockWebServer[53021] received request: GET / HTTP/1.1 and responded: HTTP/1.1 205 Nothin
Mar 02, 2016 6:16:11 AM okhttp3.mockwebserver.MockWebServer$3 execute
INFO: MockWebServer[57607] starting to accept connections
Mar 02, 2016 6:16:11 AM okhttp3.mockwebserver.MockWebServer$4 processOneRequest
INFO: MockWebServer[57607] received request: GET / HTTP/1.1 and responded: HTTP/1.1 200 OK
Mar 02, 2016 6:16:11 AM okhttp3.mockwebserver.MockWebServer$4 processOneRequest
INFO: MockWebServer[57607] received request: GET / HTTP/1.1 and responded: HTTP/1.1 200 OK
Mar 02, 2016 6:16:11 AM okhttp3.mockwebserver.MockWebServer$3 acceptConnections
INFO: MockWebServer[57607] done accepting connections: Socket closed
Mar 02, 2016 6:16:11 AM okhttp3.mockwebserver.MockWebServer$3 execute
INFO: MockWebServer[54657] starting to accept connections
Mar 02, 2016 6:16:11 AM okhttp3.mockwebserver.MockWebServer$3 acceptConnections
INFO: MockWebServer[54657] done accepting connections: Socket closed
Mar 02, 2016 6:16:11 AM okhttp3.mockwebserver.MockWebServer$4 processOneRequest
INFO: MockWebServer[54657] received request: GET / HTTP/1.1 and responded: HTTP/1.1 200 OK
Mar 02, 2016 6:16:11 AM okhttp3.mockwebserver.MockWebServer$3 execute
INFO: MockWebServer[44849] starting to accept connections
Mar 02, 2016 6:16:11 AM okhttp3.mockwebserver.MockWebServer$3 acceptConnections
INFO: MockWebServer[44849] done accepting connections: Socket closed
Mar 02, 2016 6:16:11 AM okhttp3.mockwebserver.MockWebServer$3 execute
INFO: MockWebServer[35254] starting to accept connections
Mar 02, 2016 6:16:11 AM okhttp3.mockwebserver.MockWebServer$3 acceptConnections
INFO: MockWebServer[35254] done accepting connections: Socket closed
Mar 02, 2016 6:16:11 AM okhttp3.mockwebserver.MockWebServer$3 execute
INFO: MockWebServer[35634] starting to accept connections
Mar 02, 2016 6:16:11 AM okhttp3.mockwebserver.MockWebServer$3 acceptConnections
INFO: MockWebServer[35634] done accepting connections: Socket closed
Mar 02, 2016 6:16:11 AM okhttp3.mockwebserver.MockWebServer$3 execute
INFO: MockWebServer[58948] starting to accept connections
Mar 02, 2016 6:16:11 AM okhttp3.mockwebserver.MockWebServer$3 acceptConnections
INFO: MockWebServer[58948] done accepting connections: Socket closed
Mar 02, 2016 6:16:11 AM okhttp3.mockwebserver.MockWebServer$4 processOneRequest
INFO: MockWebServer[58948] received request: GET / HTTP/1.1 and responded: HTTP/1.1 200 OK
Mar 02, 2016 6:16:11 AM okhttp3.mockwebserver.MockWebServer$3 execute
INFO: MockWebServer[33408] starting to accept connections
Mar 02, 2016 6:16:11 AM okhttp3.mockwebserver.MockWebServer$3 acceptConnections
INFO: MockWebServer[33408] done accepting connections: Socket closed
Mar 02, 2016 6:16:11 AM okhttp3.mockwebserver.MockWebServer$4 processOneRequest
INFO: MockWebServer[33408] received request: GET / HTTP/1.1 and responded: HTTP/1.1 200 OK
Mar 02, 2016 6:16:11 AM okhttp3.mockwebserver.MockWebServer$3 execute
INFO: MockWebServer[38323] starting to accept connections
Mar 02, 2016 6:16:11 AM okhttp3.mockwebserver.MockWebServer$3 acceptConnections
INFO: MockWebServer[38323] done accepting connections: Socket closed
Mar 02, 2016 6:16:11 AM okhttp3.mockwebserver.MockWebServer$4 processOneRequest
INFO: MockWebServer[38323] received request: GET / HTTP/1.1 and responded: HTTP/1.1 200 OK
Tests run: 34, Failures: 0, Errors: 0, Skipped: 0, Time elapsed: 2.898 sec
Running retrofit2.RequestBuilderTest
Tests run: 117, Failures: 0, Errors: 0, Skipped: 2, Time elapsed: 0.442 sec
Running retrofit2.ExecutorCallAdapterFactoryTest
Tests run: 7, Failures: 0, Errors: 0, Skipped: 0, Time elapsed: 0.259 sec
Running retrofit2.RequestFactoryParserTest
Tests run: 1, Failures: 0, Errors: 0, Skipped: 0, Time elapsed: 0.011 sec
Running retrofit2.RetrofitTest
Mar 02, 2016 6:16:12 AM okhttp3.mockwebserver.MockWebServer$3 execute
INFO: MockWebServer[52795] starting to accept connections
Mar 02, 2016 6:16:12 AM okhttp3.mockwebserver.MockWebServer$3 acceptConnections
INFO: MockWebServer[52795] done accepting connections: Socket is closed
Mar 02, 2016 6:16:12 AM okhttp3.mockwebserver.MockWebServer$3 execute
INFO: MockWebServer[56837] starting to accept connections
Mar 02, 2016 6:16:12 AM okhttp3.mockwebserver.MockWebServer$3 acceptConnections
INFO: MockWebServer[56837] done accepting connections: Socket closed
Mar 02, 2016 6:16:12 AM okhttp3.mockwebserver.MockWebServer$3 execute
INFO: MockWebServer[60309] starting to accept connections
Mar 02, 2016 6:16:12 AM okhttp3.mockwebserver.MockWebServer$3 acceptConnections
INFO: MockWebServer[60309] done accepting connections: Socket is closed
Mar 02, 2016 6:16:12 AM okhttp3.mockwebserver.MockWebServer$3 execute
INFO: MockWebServer[43996] starting to accept connections
Mar 02, 2016 6:16:12 AM okhttp3.mockwebserver.MockWebServer$3 acceptConnections
INFO: MockWebServer[43996] done accepting connections: Socket is closed
Mar 02, 2016 6:16:12 AM okhttp3.mockwebserver.MockWebServer$3 execute
INFO: MockWebServer[45818] starting to accept connections
Mar 02, 2016 6:16:12 AM okhttp3.mockwebserver.MockWebServer$3 acceptConnections
INFO: MockWebServer[45818] done accepting connections: Socket is closed
Mar 02, 2016 6:16:12 AM okhttp3.mockwebserver.MockWebServer$3 execute
INFO: MockWebServer[33446] starting to accept connections
Mar 02, 2016 6:16:12 AM okhttp3.mockwebserver.MockWebServer$4 processOneRequest
INFO: MockWebServer[33446] received request: GET / HTTP/1.1 and responded: HTTP/1.1 200 OK
Mar 02, 2016 6:16:12 AM okhttp3.mockwebserver.MockWebServer$3 acceptConnections
INFO: MockWebServer[33446] done accepting connections: Socket closed
Mar 02, 2016 6:16:12 AM okhttp3.mockwebserver.MockWebServer$3 execute
INFO: MockWebServer[36316] starting to accept connections
Mar 02, 2016 6:16:12 AM okhttp3.mockwebserver.MockWebServer$3 acceptConnections
INFO: MockWebServer[36316] done accepting connections: Socket is closed
Mar 02, 2016 6:16:12 AM okhttp3.mockwebserver.MockWebServer$3 execute
INFO: MockWebServer[48520] starting to accept connections
Mar 02, 2016 6:16:12 AM okhttp3.mockwebserver.MockWebServer$3 acceptConnections
INFO: MockWebServer[48520] done accepting connections: Socket is closed
Mar 02, 2016 6:16:12 AM okhttp3.mockwebserver.MockWebServer$3 execute
INFO: MockWebServer[54932] starting to accept connections
Mar 02, 2016 6:16:12 AM okhttp3.mockwebserver.MockWebServer$3 acceptConnections
INFO: MockWebServer[54932] done accepting connections: Socket is closed
Mar 02, 2016 6:16:12 AM okhttp3.mockwebserver.MockWebServer$3 execute
INFO: MockWebServer[35564] starting to accept connections
Mar 02, 2016 6:16:12 AM okhttp3.mockwebserver.MockWebServer$3 acceptConnections
INFO: MockWebServer[35564] done accepting connections: Socket is closed
Mar 02, 2016 6:16:12 AM okhttp3.mockwebserver.MockWebServer$3 execute
INFO: MockWebServer[55199] starting to accept connections
Mar 02, 2016 6:16:12 AM okhttp3.mockwebserver.MockWebServer$3 acceptConnections
INFO: MockWebServer[55199] done accepting connections: Socket is closed
Mar 02, 2016 6:16:12 AM okhttp3.mockwebserver.MockWebServer$3 execute
INFO: MockWebServer[52794] starting to accept connections
Mar 02, 2016 6:16:12 AM okhttp3.mockwebserver.MockWebServer$3 acceptConnections
INFO: MockWebServer[52794] done accepting connections: Socket is closed
Mar 02, 2016 6:16:12 AM okhttp3.mockwebserver.MockWebServer$3 execute
INFO: MockWebServer[53400] starting to accept connections
Mar 02, 2016 6:16:12 AM okhttp3.mockwebserver.MockWebServer$3 acceptConnections
INFO: MockWebServer[53400] done accepting connections: Socket is closed
Mar 02, 2016 6:16:12 AM okhttp3.mockwebserver.MockWebServer$3 execute
INFO: MockWebServer[56274] starting to accept connections
Mar 02, 2016 6:16:12 AM okhttp3.mockwebserver.MockWebServer$3 acceptConnections
INFO: MockWebServer[56274] done accepting connections: Socket is closed
Mar 02, 2016 6:16:12 AM okhttp3.mockwebserver.MockWebServer$3 execute
INFO: MockWebServer[50958] starting to accept connections
Mar 02, 2016 6:16:12 AM okhttp3.mockwebserver.MockWebServer$3 acceptConnections
INFO: MockWebServer[50958] done accepting connections: Socket is closed
Mar 02, 2016 6:16:12 AM okhttp3.mockwebserver.MockWebServer$3 execute
INFO: MockWebServer[51325] starting to accept connections
Mar 02, 2016 6:16:12 AM okhttp3.mockwebserver.MockWebServer$3 acceptConnections
INFO: MockWebServer[51325] done accepting connections: Socket closed
Mar 02, 2016 6:16:12 AM okhttp3.mockwebserver.MockWebServer$4 processOneRequest
INFO: MockWebServer[51325] received request: GET / HTTP/1.1 and responded: HTTP/1.1 200 OK
Mar 02, 2016 6:16:12 AM okhttp3.mockwebserver.MockWebServer$3 execute
INFO: MockWebServer[55303] starting to accept connections
Mar 02, 2016 6:16:12 AM okhttp3.mockwebserver.MockWebServer$3 acceptConnections
INFO: MockWebServer[55303] done accepting connections: Socket is closed
Mar 02, 2016 6:16:12 AM okhttp3.mockwebserver.MockWebServer$3 execute
INFO: MockWebServer[36300] starting to accept connections
Mar 02, 2016 6:16:12 AM okhttp3.mockwebserver.MockWebServer$3 acceptConnections
INFO: MockWebServer[36300] done accepting connections: Socket is closed
Mar 02, 2016 6:16:12 AM okhttp3.mockwebserver.MockWebServer$3 execute
INFO: MockWebServer[56917] starting to accept connections
Mar 02, 2016 6:16:12 AM okhttp3.mockwebserver.MockWebServer$3 acceptConnections
INFO: MockWebServer[56917] done accepting connections: Socket closed
Mar 02, 2016 6:16:12 AM okhttp3.mockwebserver.MockWebServer$4 processOneRequest
INFO: MockWebServer[56917] received request: GET / HTTP/1.1 and responded: HTTP/1.1 200 OK
Mar 02, 2016 6:16:12 AM okhttp3.mockwebserver.MockWebServer$3 execute
INFO: MockWebServer[56894] starting to accept connections
Mar 02, 2016 6:16:12 AM okhttp3.mockwebserver.MockWebServer$3 acceptConnections
INFO: MockWebServer[56894] done accepting connections: Socket is closed
Mar 02, 2016 6:16:12 AM okhttp3.mockwebserver.MockWebServer$3 execute
INFO: MockWebServer[57569] starting to accept connections
Mar 02, 2016 6:16:12 AM okhttp3.mockwebserver.MockWebServer$3 acceptConnections
INFO: MockWebServer[57569] done accepting connections: Socket closed
Mar 02, 2016 6:16:12 AM okhttp3.mockwebserver.MockWebServer$4 processOneRequest
INFO: MockWebServer[57569] received request: POST / HTTP/1.1 and responded: HTTP/1.1 200 OK
Mar 02, 2016 6:16:12 AM okhttp3.mockwebserver.MockWebServer$3 execute
INFO: MockWebServer[56567] starting to accept connections
Mar 02, 2016 6:16:12 AM okhttp3.mockwebserver.MockWebServer$3 acceptConnections
INFO: MockWebServer[56567] done accepting connections: Socket is closed
Mar 02, 2016 6:16:12 AM okhttp3.mockwebserver.MockWebServer$3 execute
INFO: MockWebServer[58449] starting to accept connections
Mar 02, 2016 6:16:12 AM okhttp3.mockwebserver.MockWebServer$3 acceptConnections
INFO: MockWebServer[58449] done accepting connections: Socket is closed
Mar 02, 2016 6:16:12 AM okhttp3.mockwebserver.MockWebServer$3 execute
INFO: MockWebServer[54304] starting to accept connections
Mar 02, 2016 6:16:12 AM okhttp3.mockwebserver.MockWebServer$3 acceptConnections
INFO: MockWebServer[54304] done accepting connections: Socket is closed
Mar 02, 2016 6:16:13 AM okhttp3.mockwebserver.MockWebServer$3 execute
INFO: MockWebServer[45087] starting to accept connections
Mar 02, 2016 6:16:13 AM okhttp3.mockwebserver.MockWebServer$3 acceptConnections
INFO: MockWebServer[45087] done accepting connections: Socket is closed
Mar 02, 2016 6:16:13 AM okhttp3.mockwebserver.MockWebServer$3 execute
INFO: MockWebServer[51663] starting to accept connections
Mar 02, 2016 6:16:13 AM okhttp3.mockwebserver.MockWebServer$3 acceptConnections
INFO: MockWebServer[51663] done accepting connections: Socket is closed
Mar 02, 2016 6:16:13 AM okhttp3.mockwebserver.MockWebServer$3 execute
INFO: MockWebServer[53748] starting to accept connections
Mar 02, 2016 6:16:13 AM okhttp3.mockwebserver.MockWebServer$3 acceptConnections
INFO: MockWebServer[53748] done accepting connections: Socket is closed
Mar 02, 2016 6:16:13 AM okhttp3.mockwebserver.MockWebServer$3 execute
INFO: MockWebServer[48984] starting to accept connections
Mar 02, 2016 6:16:13 AM okhttp3.mockwebserver.MockWebServer$3 acceptConnections
INFO: MockWebServer[48984] done accepting connections: Socket is closed
Mar 02, 2016 6:16:13 AM okhttp3.mockwebserver.MockWebServer$3 execute
INFO: MockWebServer[50687] starting to accept connections
Mar 02, 2016 6:16:13 AM okhttp3.mockwebserver.MockWebServer$4 processOneRequest
INFO: MockWebServer[50687] received request: GET / HTTP/1.1 and responded: HTTP/1.1 200 OK
Mar 02, 2016 6:16:13 AM okhttp3.mockwebserver.MockWebServer$3 acceptConnections
INFO: MockWebServer[50687] done accepting connections: Socket closed
Mar 02, 2016 6:16:13 AM okhttp3.mockwebserver.MockWebServer$3 execute
INFO: MockWebServer[51123] starting to accept connections
Mar 02, 2016 6:16:13 AM okhttp3.mockwebserver.MockWebServer$3 acceptConnections
INFO: MockWebServer[51123] done accepting connections: Socket is closed
Mar 02, 2016 6:16:13 AM okhttp3.mockwebserver.MockWebServer$3 execute
INFO: MockWebServer[49834] starting to accept connections
Mar 02, 2016 6:16:13 AM okhttp3.mockwebserver.MockWebServer$3 acceptConnections
INFO: MockWebServer[49834] done accepting connections: Socket is closed
Mar 02, 2016 6:16:13 AM okhttp3.mockwebserver.MockWebServer$3 execute
INFO: MockWebServer[45061] starting to accept connections
Mar 02, 2016 6:16:13 AM okhttp3.mockwebserver.MockWebServer$3 acceptConnections
INFO: MockWebServer[45061] done accepting connections: Socket is closed
Mar 02, 2016 6:16:13 AM okhttp3.mockwebserver.MockWebServer$3 execute
INFO: MockWebServer[34261] starting to accept connections
Mar 02, 2016 6:16:13 AM okhttp3.mockwebserver.MockWebServer$3 acceptConnections
INFO: MockWebServer[34261] done accepting connections: Socket is closed
Mar 02, 2016 6:16:13 AM okhttp3.mockwebserver.MockWebServer$3 execute
INFO: MockWebServer[54565] starting to accept connections
Mar 02, 2016 6:16:13 AM okhttp3.mockwebserver.MockWebServer$3 acceptConnections
INFO: MockWebServer[54565] done accepting connections: Socket is closed
Mar 02, 2016 6:16:13 AM okhttp3.mockwebserver.MockWebServer$3 execute
INFO: MockWebServer[53557] starting to accept connections
Mar 02, 2016 6:16:13 AM okhttp3.mockwebserver.MockWebServer$3 acceptConnections
INFO: MockWebServer[53557] done accepting connections: Socket is closed
Mar 02, 2016 6:16:13 AM okhttp3.mockwebserver.MockWebServer$3 execute
INFO: MockWebServer[32977] starting to accept connections
Mar 02, 2016 6:16:13 AM okhttp3.mockwebserver.MockWebServer$3 acceptConnections
INFO: MockWebServer[32977] done accepting connections: Socket is closed
Mar 02, 2016 6:16:13 AM okhttp3.mockwebserver.MockWebServer$3 execute
INFO: MockWebServer[40309] starting to accept connections
Mar 02, 2016 6:16:13 AM okhttp3.mockwebserver.MockWebServer$3 acceptConnections
INFO: MockWebServer[40309] done accepting connections: Socket is closed
Mar 02, 2016 6:16:13 AM okhttp3.mockwebserver.MockWebServer$3 execute
INFO: MockWebServer[37444] starting to accept connections
Mar 02, 2016 6:16:13 AM okhttp3.mockwebserver.MockWebServer$3 acceptConnections
INFO: MockWebServer[37444] done accepting connections: Socket is closed
Mar 02, 2016 6:16:13 AM okhttp3.mockwebserver.MockWebServer$3 execute
INFO: MockWebServer[36716] starting to accept connections
Mar 02, 2016 6:16:13 AM okhttp3.mockwebserver.MockWebServer$3 acceptConnections
INFO: MockWebServer[36716] done accepting connections: Socket is closed
Mar 02, 2016 6:16:13 AM okhttp3.mockwebserver.MockWebServer$3 execute
INFO: MockWebServer[51434] starting to accept connections
Mar 02, 2016 6:16:13 AM okhttp3.mockwebserver.MockWebServer$3 acceptConnections
INFO: MockWebServer[51434] done accepting connections: Socket closed
Mar 02, 2016 6:16:13 AM okhttp3.mockwebserver.MockWebServer$3 execute
INFO: MockWebServer[53407] starting to accept connections
Mar 02, 2016 6:16:13 AM okhttp3.mockwebserver.MockWebServer$3 acceptConnections
INFO: MockWebServer[53407] done accepting connections: Socket is closed
Mar 02, 2016 6:16:13 AM okhttp3.mockwebserver.MockWebServer$3 execute
INFO: MockWebServer[56276] starting to accept connections
Mar 02, 2016 6:16:13 AM okhttp3.mockwebserver.MockWebServer$3 acceptConnections
INFO: MockWebServer[56276] done accepting connections: Socket is closed
Mar 02, 2016 6:16:13 AM okhttp3.mockwebserver.MockWebServer$3 execute
INFO: MockWebServer[51269] starting to accept connections
Mar 02, 2016 6:16:13 AM okhttp3.mockwebserver.MockWebServer$3 acceptConnections
INFO: MockWebServer[51269] done accepting connections: Socket is closed
Mar 02, 2016 6:16:13 AM okhttp3.mockwebserver.MockWebServer$3 execute
INFO: MockWebServer[40316] starting to accept connections
Mar 02, 2016 6:16:13 AM okhttp3.mockwebserver.MockWebServer$3 acceptConnections
INFO: MockWebServer[40316] done accepting connections: Socket is closed
Mar 02, 2016 6:16:13 AM okhttp3.mockwebserver.MockWebServer$3 execute
INFO: MockWebServer[42939] starting to accept connections
Mar 02, 2016 6:16:13 AM okhttp3.mockwebserver.MockWebServer$3 acceptConnections
INFO: MockWebServer[42939] done accepting connections: Socket is closed
Mar 02, 2016 6:16:13 AM okhttp3.mockwebserver.MockWebServer$3 execute
INFO: MockWebServer[37550] starting to accept connections
Mar 02, 2016 6:16:13 AM okhttp3.mockwebserver.MockWebServer$3 acceptConnections
INFO: MockWebServer[37550] done accepting connections: Socket closed
Mar 02, 2016 6:16:13 AM okhttp3.mockwebserver.MockWebServer$3 execute
INFO: MockWebServer[46547] starting to accept connections
Mar 02, 2016 6:16:13 AM okhttp3.mockwebserver.MockWebServer$3 acceptConnections
INFO: MockWebServer[46547] done accepting connections: Socket is closed
Mar 02, 2016 6:16:13 AM okhttp3.mockwebserver.MockWebServer$3 execute
INFO: MockWebServer[34394] starting to accept connections
Mar 02, 2016 6:16:13 AM okhttp3.mockwebserver.MockWebServer$3 acceptConnections
INFO: MockWebServer[34394] done accepting connections: Socket is closed
Mar 02, 2016 6:16:13 AM okhttp3.mockwebserver.MockWebServer$3 execute
INFO: MockWebServer[35714] starting to accept connections
Mar 02, 2016 6:16:13 AM okhttp3.mockwebserver.MockWebServer$3 acceptConnections
INFO: MockWebServer[35714] done accepting connections: Socket is closed
Mar 02, 2016 6:16:13 AM okhttp3.mockwebserver.MockWebServer$3 execute
INFO: MockWebServer[50482] starting to accept connections
Mar 02, 2016 6:16:13 AM okhttp3.mockwebserver.MockWebServer$3 acceptConnections
INFO: MockWebServer[50482] done accepting connections: Socket is closed
Mar 02, 2016 6:16:13 AM okhttp3.mockwebserver.MockWebServer$3 execute
INFO: MockWebServer[56097] starting to accept connections
Mar 02, 2016 6:16:13 AM okhttp3.mockwebserver.MockWebServer$3 acceptConnections
INFO: MockWebServer[56097] done accepting connections: Socket is closed
Mar 02, 2016 6:16:13 AM okhttp3.mockwebserver.MockWebServer$3 execute
INFO: MockWebServer[57684] starting to accept connections
Mar 02, 2016 6:16:13 AM okhttp3.mockwebserver.MockWebServer$3 acceptConnections
INFO: MockWebServer[57684] done accepting connections: Socket is closed
Mar 02, 2016 6:16:13 AM okhttp3.mockwebserver.MockWebServer$3 execute
INFO: MockWebServer[36791] starting to accept connections
Mar 02, 2016 6:16:13 AM okhttp3.mockwebserver.MockWebServer$3 acceptConnections
INFO: MockWebServer[36791] done accepting connections: Socket is closed
Mar 02, 2016 6:16:13 AM okhttp3.mockwebserver.MockWebServer$3 execute
INFO: MockWebServer[50563] starting to accept connections
Mar 02, 2016 6:16:13 AM okhttp3.mockwebserver.MockWebServer$3 acceptConnections
INFO: MockWebServer[50563] done accepting connections: Socket is closed
Mar 02, 2016 6:16:13 AM okhttp3.mockwebserver.MockWebServer$3 execute
INFO: MockWebServer[38157] starting to accept connections
Mar 02, 2016 6:16:13 AM okhttp3.mockwebserver.MockWebServer$3 acceptConnections
INFO: MockWebServer[38157] done accepting connections: Socket is closed
Mar 02, 2016 6:16:13 AM okhttp3.mockwebserver.MockWebServer$3 execute
INFO: MockWebServer[46714] starting to accept connections
Mar 02, 2016 6:16:13 AM okhttp3.mockwebserver.MockWebServer$3 acceptConnections
INFO: MockWebServer[46714] done accepting connections: Socket is closed
Mar 02, 2016 6:16:13 AM okhttp3.mockwebserver.MockWebServer$3 execute
INFO: MockWebServer[40847] starting to accept connections
Mar 02, 2016 6:16:13 AM okhttp3.mockwebserver.MockWebServer$3 acceptConnections
INFO: MockWebServer[40847] done accepting connections: Socket is closed
Mar 02, 2016 6:16:13 AM okhttp3.mockwebserver.MockWebServer$3 execute
INFO: MockWebServer[53110] starting to accept connections
Mar 02, 2016 6:16:13 AM okhttp3.mockwebserver.MockWebServer$3 acceptConnections
INFO: MockWebServer[53110] done accepting connections: Socket is closed
Mar 02, 2016 6:16:13 AM okhttp3.mockwebserver.MockWebServer$3 execute
INFO: MockWebServer[45649] starting to accept connections
Mar 02, 2016 6:16:13 AM okhttp3.mockwebserver.MockWebServer$3 acceptConnections
INFO: MockWebServer[45649] done accepting connections: Socket is closed
Mar 02, 2016 6:16:13 AM okhttp3.mockwebserver.MockWebServer$3 execute
INFO: MockWebServer[55284] starting to accept connections
Mar 02, 2016 6:16:13 AM okhttp3.mockwebserver.MockWebServer$3 acceptConnections
INFO: MockWebServer[55284] done accepting connections: Socket is closed
Mar 02, 2016 6:16:13 AM okhttp3.mockwebserver.MockWebServer$3 execute
INFO: MockWebServer[52478] starting to accept connections
Mar 02, 2016 6:16:13 AM okhttp3.mockwebserver.MockWebServer$3 acceptConnections
INFO: MockWebServer[52478] done accepting connections: Socket is closed
Mar 02, 2016 6:16:13 AM okhttp3.mockwebserver.MockWebServer$3 execute
INFO: MockWebServer[53430] starting to accept connections
Mar 02, 2016 6:16:13 AM okhttp3.mockwebserver.MockWebServer$3 acceptConnections
INFO: MockWebServer[53430] done accepting connections: Socket is closed
Mar 02, 2016 6:16:13 AM okhttp3.mockwebserver.MockWebServer$3 execute
INFO: MockWebServer[43638] starting to accept connections
Mar 02, 2016 6:16:13 AM okhttp3.mockwebserver.MockWebServer$3 acceptConnections
INFO: MockWebServer[43638] done accepting connections: Socket is closed
Tests run: 63, Failures: 0, Errors: 0, Skipped: 0, Time elapsed: 1.068 sec
Running retrofit2.RequestBuilderAndroidTest
WARNING: No manifest file found at ./AndroidManifest.xml.Falling back to the Android OS resources only.
To remove this warning, annotate your test class with @Config(manifest=Config.NONE).
WARNING: No manifest file found at ./AndroidManifest.xml.Falling back to the Android OS resources only.
To remove this warning, annotate your test class with @Config(manifest=Config.NONE).
Tests run: 2, Failures: 0, Errors: 0, Skipped: 0, Time elapsed: 9.873 sec
Running retrofit2.ResponseTest
Tests run: 14, Failures: 0, Errors: 0, Skipped: 0, Time elapsed: 0.024 sec

Results :

Tests run: 238, Failures: 0, Errors: 0, Skipped: 2

[INFO] 
[INFO] --- animal-sniffer-maven-plugin:1.14:check (default) @ retrofit ---
[INFO] Checking unresolved references to org.codehaus.mojo.signature:java16:1.1
[INFO]                                                                         
[INFO] ------------------------------------------------------------------------
[INFO] Building Adapters 2.0.0-SNAPSHOT
[INFO] ------------------------------------------------------------------------
[INFO] 
[INFO] --- maven-enforcer-plugin:1.0:enforce (enforce-maven) @ retrofit-adapters ---
[INFO] 
[INFO] --- animal-sniffer-maven-plugin:1.14:check (default) @ retrofit-adapters ---
[INFO] Checking unresolved references to org.codehaus.mojo.signature:java16:1.1
[INFO]                                                                         
[INFO] ------------------------------------------------------------------------
[INFO] Building Adapter: Guava 2.0.0-SNAPSHOT
[INFO] ------------------------------------------------------------------------
[INFO] 
[INFO] --- maven-enforcer-plugin:1.0:enforce (enforce-maven) @ adapter-guava ---
[INFO] 
[INFO] --- maven-resources-plugin:2.6:resources (default-resources) @ adapter-guava ---
[INFO] Using 'UTF-8' encoding to copy filtered resources.
[INFO] skip non existing resourceDirectory /home/travis/build/square/retrofit/retrofit-adapters/guava/src/main/resources
[INFO] 
[INFO] --- maven-compiler-plugin:3.0:compile (default-compile) @ adapter-guava ---
[INFO] Changes detected - recompiling the module!
[INFO] Compiling 2 source files to /home/travis/build/square/retrofit/retrofit-adapters/guava/target/classes
[INFO] 
[INFO] --- maven-resources-plugin:2.6:testResources (default-testResources) @ adapter-guava ---
[INFO] Using 'UTF-8' encoding to copy filtered resources.
[INFO] skip non existing resourceDirectory /home/travis/build/square/retrofit/retrofit-adapters/guava/src/test/resources
[INFO] 
[INFO] --- maven-compiler-plugin:3.0:testCompile (default-testCompile) @ adapter-guava ---
[INFO] Changes detected - recompiling the module!
[INFO] Compiling 3 source files to /home/travis/build/square/retrofit/retrofit-adapters/guava/target/test-classes
[INFO] 
[INFO] --- maven-surefire-plugin:2.12.4:test (default-test) @ adapter-guava ---
[INFO] Surefire report directory: /home/travis/build/square/retrofit/retrofit-adapters/guava/target/surefire-reports

-------------------------------------------------------
 T E S T S
-------------------------------------------------------
Running retrofit2.adapter.guava.ListenableFutureTest
Mar 02, 2016 6:16:26 AM okhttp3.mockwebserver.MockWebServer$3 execute
INFO: MockWebServer[37994] starting to accept connections
Mar 02, 2016 6:16:26 AM okhttp3.mockwebserver.MockWebServer$4 processOneRequest
INFO: MockWebServer[37994] received request: GET / HTTP/1.1 and responded: HTTP/1.1 200 OK
Mar 02, 2016 6:16:26 AM okhttp3.mockwebserver.MockWebServer$3 acceptConnections
INFO: MockWebServer[37994] done accepting connections: Socket closed
Mar 02, 2016 6:16:26 AM okhttp3.mockwebserver.MockWebServer$3 execute
INFO: MockWebServer[49775] starting to accept connections
Mar 02, 2016 6:16:26 AM okhttp3.mockwebserver.MockWebServer$3 acceptConnections
INFO: MockWebServer[49775] done accepting connections: Socket closed
Mar 02, 2016 6:16:26 AM okhttp3.mockwebserver.MockWebServer$4 processOneRequest
INFO: MockWebServer[49775] received request: GET / HTTP/1.1 and responded: HTTP/1.1 404 Client Error
Mar 02, 2016 6:16:26 AM okhttp3.mockwebserver.MockWebServer$3 execute
INFO: MockWebServer[57078] starting to accept connections
Mar 02, 2016 6:16:26 AM okhttp3.mockwebserver.MockWebServer$3 acceptConnections
INFO: MockWebServer[57078] done accepting connections: Socket closed
Mar 02, 2016 6:16:26 AM okhttp3.mockwebserver.MockWebServer$4 processConnection
WARNING: MockWebServer[57078] connection from /127.0.0.1 didn't make a request
Mar 02, 2016 6:16:26 AM okhttp3.mockwebserver.MockWebServer$3 execute
INFO: MockWebServer[53028] starting to accept connections
Mar 02, 2016 6:16:26 AM okhttp3.mockwebserver.MockWebServer$4 processOneRequest
INFO: MockWebServer[53028] received request: GET / HTTP/1.1 and responded: HTTP/1.1 200 OK
Mar 02, 2016 6:16:26 AM okhttp3.mockwebserver.MockWebServer$3 acceptConnections
INFO: MockWebServer[53028] done accepting connections: Socket closed
Mar 02, 2016 6:16:26 AM okhttp3.mockwebserver.MockWebServer$3 execute
INFO: MockWebServer[45568] starting to accept connections
Mar 02, 2016 6:16:26 AM okhttp3.mockwebserver.MockWebServer$4 processOneRequest
INFO: MockWebServer[45568] received request: GET / HTTP/1.1 and responded: HTTP/1.1 404 Client Error
Mar 02, 2016 6:16:26 AM okhttp3.mockwebserver.MockWebServer$3 acceptConnections
INFO: MockWebServer[45568] done accepting connections: Socket closed
Mar 02, 2016 6:16:26 AM okhttp3.mockwebserver.MockWebServer$3 execute
INFO: MockWebServer[52610] starting to accept connections
Mar 02, 2016 6:16:26 AM okhttp3.mockwebserver.MockWebServer$3 acceptConnections
INFO: MockWebServer[52610] done accepting connections: Socket closed
Mar 02, 2016 6:16:26 AM okhttp3.mockwebserver.MockWebServer$4 processConnection
WARNING: MockWebServer[52610] connection from /127.0.0.1 didn't make a request
Tests run: 6, Failures: 0, Errors: 0, Skipped: 0, Time elapsed: 0.859 sec
Running retrofit2.adapter.guava.GuavaCallAdapterFactoryTest
Mar 02, 2016 6:16:26 AM okhttp3.mockwebserver.MockWebServer$3 execute
INFO: MockWebServer[43996] starting to accept connections
Mar 02, 2016 6:16:26 AM okhttp3.mockwebserver.MockWebServer$3 acceptConnections
INFO: MockWebServer[43996] done accepting connections: Socket is closed
Mar 02, 2016 6:16:26 AM okhttp3.mockwebserver.MockWebServer$3 execute
INFO: MockWebServer[48018] starting to accept connections
Mar 02, 2016 6:16:26 AM okhttp3.mockwebserver.MockWebServer$3 acceptConnections
INFO: MockWebServer[48018] done accepting connections: Socket closed
Mar 02, 2016 6:16:26 AM okhttp3.mockwebserver.MockWebServer$3 execute
INFO: MockWebServer[54489] starting to accept connections
Mar 02, 2016 6:16:26 AM okhttp3.mockwebserver.MockWebServer$3 acceptConnections
INFO: MockWebServer[54489] done accepting connections: Socket closed
Mar 02, 2016 6:16:27 AM okhttp3.mockwebserver.MockWebServer$3 execute
INFO: MockWebServer[40899] starting to accept connections
Mar 02, 2016 6:16:27 AM okhttp3.mockwebserver.MockWebServer$3 acceptConnections
INFO: MockWebServer[40899] done accepting connections: Socket closed
Tests run: 4, Failures: 0, Errors: 0, Skipped: 0, Time elapsed: 0.064 sec

Results :

Tests run: 10, Failures: 0, Errors: 0, Skipped: 0

[INFO] 
[INFO] --- animal-sniffer-maven-plugin:1.14:check (default) @ adapter-guava ---
[INFO] Checking unresolved references to org.codehaus.mojo.signature:java16:1.1
[INFO]                                                                         
[INFO] ------------------------------------------------------------------------
[INFO] Building Adapter: Java 8 2.0.0-SNAPSHOT
[INFO] ------------------------------------------------------------------------
[INFO] 
[INFO] --- maven-enforcer-plugin:1.0:enforce (enforce-maven) @ adapter-java8 ---
[INFO] 
[INFO] --- maven-resources-plugin:2.6:resources (default-resources) @ adapter-java8 ---
[INFO] Using 'UTF-8' encoding to copy filtered resources.
[INFO] skip non existing resourceDirectory /home/travis/build/square/retrofit/retrofit-adapters/java8/src/main/resources
[INFO] 
[INFO] --- maven-compiler-plugin:3.0:compile (default-compile) @ adapter-java8 ---
[INFO] Changes detected - recompiling the module!
[INFO] Compiling 2 source files to /home/travis/build/square/retrofit/retrofit-adapters/java8/target/classes
[INFO] 
[INFO] --- maven-resources-plugin:2.6:testResources (default-testResources) @ adapter-java8 ---
[INFO] Using 'UTF-8' encoding to copy filtered resources.
[INFO] skip non existing resourceDirectory /home/travis/build/square/retrofit/retrofit-adapters/java8/src/test/resources
[INFO] 
[INFO] --- maven-compiler-plugin:3.0:testCompile (default-testCompile) @ adapter-java8 ---
[INFO] Changes detected - recompiling the module!
[INFO] Compiling 3 source files to /home/travis/build/square/retrofit/retrofit-adapters/java8/target/test-classes
[INFO] 
[INFO] --- maven-surefire-plugin:2.12.4:test (default-test) @ adapter-java8 ---
[INFO] Surefire report directory: /home/travis/build/square/retrofit/retrofit-adapters/java8/target/surefire-reports

-------------------------------------------------------
 T E S T S
-------------------------------------------------------
Running retrofit2.adapter.java8.Java8CallAdapterFactoryTest
Mar 02, 2016 6:16:28 AM okhttp3.mockwebserver.MockWebServer$3 execute
INFO: MockWebServer[46725] starting to accept connections
Mar 02, 2016 6:16:28 AM okhttp3.mockwebserver.MockWebServer$3 acceptConnections
INFO: MockWebServer[46725] done accepting connections: Socket closed
Mar 02, 2016 6:16:29 AM okhttp3.mockwebserver.MockWebServer$3 execute
INFO: MockWebServer[41528] starting to accept connections
Mar 02, 2016 6:16:29 AM okhttp3.mockwebserver.MockWebServer$3 acceptConnections
INFO: MockWebServer[41528] done accepting connections: Socket is closed
Mar 02, 2016 6:16:29 AM okhttp3.mockwebserver.MockWebServer$3 execute
INFO: MockWebServer[43307] starting to accept connections
Mar 02, 2016 6:16:29 AM okhttp3.mockwebserver.MockWebServer$3 acceptConnections
INFO: MockWebServer[43307] done accepting connections: Socket is closed
Mar 02, 2016 6:16:29 AM okhttp3.mockwebserver.MockWebServer$3 execute
INFO: MockWebServer[51343] starting to accept connections
Mar 02, 2016 6:16:29 AM okhttp3.mockwebserver.MockWebServer$3 acceptConnections
INFO: MockWebServer[51343] done accepting connections: Socket is closed
Tests run: 4, Failures: 0, Errors: 0, Skipped: 0, Time elapsed: 0.644 sec
Running retrofit2.adapter.java8.CompletableFutureTest
Mar 02, 2016 6:16:29 AM okhttp3.mockwebserver.MockWebServer$3 execute
INFO: MockWebServer[38580] starting to accept connections
Mar 02, 2016 6:16:29 AM okhttp3.mockwebserver.MockWebServer$4 processOneRequest
INFO: MockWebServer[38580] received request: GET / HTTP/1.1 and responded: HTTP/1.1 200 OK
Mar 02, 2016 6:16:29 AM okhttp3.mockwebserver.MockWebServer$3 acceptConnections
INFO: MockWebServer[38580] done accepting connections: Socket closed
Mar 02, 2016 6:16:29 AM okhttp3.mockwebserver.MockWebServer$3 execute
INFO: MockWebServer[51527] starting to accept connections
Mar 02, 2016 6:16:29 AM okhttp3.mockwebserver.MockWebServer$4 processOneRequest
INFO: MockWebServer[51527] received request: GET / HTTP/1.1 and responded: HTTP/1.1 404 Client Error
Mar 02, 2016 6:16:29 AM okhttp3.mockwebserver.MockWebServer$3 acceptConnections
INFO: MockWebServer[51527] done accepting connections: Socket closed
Mar 02, 2016 6:16:29 AM okhttp3.mockwebserver.MockWebServer$3 execute
INFO: MockWebServer[44568] starting to accept connections
Mar 02, 2016 6:16:29 AM okhttp3.mockwebserver.MockWebServer$4 processConnection
WARNING: MockWebServer[44568] connection from /127.0.0.1 didn't make a request
Mar 02, 2016 6:16:29 AM okhttp3.mockwebserver.MockWebServer$3 acceptConnections
INFO: MockWebServer[44568] done accepting connections: Socket closed
Mar 02, 2016 6:16:29 AM okhttp3.mockwebserver.MockWebServer$3 execute
INFO: MockWebServer[36702] starting to accept connections
Mar 02, 2016 6:16:29 AM okhttp3.mockwebserver.MockWebServer$3 acceptConnections
INFO: MockWebServer[36702] done accepting connections: Socket closed
Mar 02, 2016 6:16:29 AM okhttp3.mockwebserver.MockWebServer$4 processOneRequest
INFO: MockWebServer[36702] received request: GET / HTTP/1.1 and responded: HTTP/1.1 200 OK
Mar 02, 2016 6:16:29 AM okhttp3.mockwebserver.MockWebServer$3 execute
INFO: MockWebServer[55943] starting to accept connections
Mar 02, 2016 6:16:29 AM okhttp3.mockwebserver.MockWebServer$3 acceptConnections
INFO: MockWebServer[55943] done accepting connections: Socket closed
Mar 02, 2016 6:16:29 AM okhttp3.mockwebserver.MockWebServer$4 processOneRequest
INFO: MockWebServer[55943] received request: GET / HTTP/1.1 and responded: HTTP/1.1 404 Client Error
Mar 02, 2016 6:16:29 AM okhttp3.mockwebserver.MockWebServer$3 execute
INFO: MockWebServer[60526] starting to accept connections
Mar 02, 2016 6:16:29 AM okhttp3.mockwebserver.MockWebServer$3 acceptConnections
INFO: MockWebServer[60526] done accepting connections: Socket closed
Mar 02, 2016 6:16:29 AM okhttp3.mockwebserver.MockWebServer$4 processConnection
WARNING: MockWebServer[60526] connection from /127.0.0.1 didn't make a request
Tests run: 6, Failures: 0, Errors: 0, Skipped: 0, Time elapsed: 0.191 sec

Results :

Tests run: 10, Failures: 0, Errors: 0, Skipped: 0

[INFO] 
[INFO] --- animal-sniffer-maven-plugin:1.14:check (default) @ adapter-java8 ---
[INFO] Checking unresolved references to org.kaazing.mojo.signature:java18:1.0
[INFO]                                                                         
[INFO] ------------------------------------------------------------------------
[INFO] Building Adapter: RxJava 2.0.0-SNAPSHOT
[INFO] ------------------------------------------------------------------------
[INFO] 
[INFO] --- maven-enforcer-plugin:1.0:enforce (enforce-maven) @ adapter-rxjava ---
[INFO] 
[INFO] --- maven-resources-plugin:2.6:resources (default-resources) @ adapter-rxjava ---
[INFO] Using 'UTF-8' encoding to copy filtered resources.
[INFO] skip non existing resourceDirectory /home/travis/build/square/retrofit/retrofit-adapters/rxjava/src/main/resources
[INFO] 
[INFO] --- maven-compiler-plugin:3.0:compile (default-compile) @ adapter-rxjava ---
[INFO] Changes detected - recompiling the module!
[INFO] Compiling 5 source files to /home/travis/build/square/retrofit/retrofit-adapters/rxjava/target/classes
[INFO] 
[INFO] --- maven-resources-plugin:2.6:testResources (default-testResources) @ adapter-rxjava ---
[INFO] Using 'UTF-8' encoding to copy filtered resources.
[INFO] skip non existing resourceDirectory /home/travis/build/square/retrofit/retrofit-adapters/rxjava/src/test/resources
[INFO] 
[INFO] --- maven-compiler-plugin:3.0:testCompile (default-testCompile) @ adapter-rxjava ---
[INFO] Changes detected - recompiling the module!
[INFO] Compiling 9 source files to /home/travis/build/square/retrofit/retrofit-adapters/rxjava/target/test-classes
[INFO] 
[INFO] --- maven-surefire-plugin:2.12.4:test (default-test) @ adapter-rxjava ---
[INFO] Surefire report directory: /home/travis/build/square/retrofit/retrofit-adapters/rxjava/target/surefire-reports

-------------------------------------------------------
 T E S T S
-------------------------------------------------------
Running retrofit2.adapter.rxjava.ObservableSchedulerTest
Mar 02, 2016 6:16:31 AM okhttp3.mockwebserver.MockWebServer$3 execute
INFO: MockWebServer[51747] starting to accept connections
Mar 02, 2016 6:16:31 AM okhttp3.mockwebserver.MockWebServer$4 processOneRequest
INFO: MockWebServer[51747] received request: GET / HTTP/1.1 and responded: HTTP/1.1 200 OK
Mar 02, 2016 6:16:31 AM okhttp3.mockwebserver.MockWebServer$3 acceptConnections
INFO: MockWebServer[51747] done accepting connections: Socket closed
Mar 02, 2016 6:16:31 AM okhttp3.mockwebserver.MockWebServer$3 execute
INFO: MockWebServer[37793] starting to accept connections
Mar 02, 2016 6:16:31 AM okhttp3.mockwebserver.MockWebServer$3 acceptConnections
INFO: MockWebServer[37793] done accepting connections: Socket closed
Mar 02, 2016 6:16:31 AM okhttp3.mockwebserver.MockWebServer$4 processOneRequest
INFO: MockWebServer[37793] received request: GET / HTTP/1.1 and responded: HTTP/1.1 200 OK
Mar 02, 2016 6:16:31 AM okhttp3.mockwebserver.MockWebServer$3 execute
INFO: MockWebServer[57500] starting to accept connections
Mar 02, 2016 6:16:31 AM okhttp3.mockwebserver.MockWebServer$4 processOneRequest
INFO: MockWebServer[57500] received request: GET / HTTP/1.1 and responded: HTTP/1.1 200 OK
Mar 02, 2016 6:16:31 AM okhttp3.mockwebserver.MockWebServer$3 acceptConnections
INFO: MockWebServer[57500] done accepting connections: Socket closed
Tests run: 3, Failures: 0, Errors: 0, Skipped: 0, Time elapsed: 0.724 sec
Running retrofit2.adapter.rxjava.ObservableTest
Mar 02, 2016 6:16:31 AM okhttp3.mockwebserver.MockWebServer$3 execute
INFO: MockWebServer[33168] starting to accept connections
Mar 02, 2016 6:16:31 AM okhttp3.mockwebserver.MockWebServer$4 processConnection
WARNING: MockWebServer[33168] connection from /127.0.0.1 didn't make a request
Mar 02, 2016 6:16:31 AM okhttp3.mockwebserver.MockWebServer$3 acceptConnections
INFO: MockWebServer[33168] done accepting connections: Socket closed
Mar 02, 2016 6:16:31 AM okhttp3.mockwebserver.MockWebServer$3 execute
INFO: MockWebServer[45273] starting to accept connections
Mar 02, 2016 6:16:31 AM okhttp3.mockwebserver.MockWebServer$3 acceptConnections
INFO: MockWebServer[45273] done accepting connections: Socket closed
Mar 02, 2016 6:16:31 AM okhttp3.mockwebserver.MockWebServer$4 processOneRequest
INFO: MockWebServer[45273] received request: GET / HTTP/1.1 and responded: HTTP/1.1 200 OK
Mar 02, 2016 6:16:31 AM okhttp3.mockwebserver.MockWebServer$3 execute
INFO: MockWebServer[50158] starting to accept connections
Mar 02, 2016 6:16:31 AM okhttp3.mockwebserver.MockWebServer$4 processOneRequest
INFO: MockWebServer[50158] received request: GET / HTTP/1.1 and responded: HTTP/1.1 404 Client Error
Mar 02, 2016 6:16:31 AM okhttp3.mockwebserver.MockWebServer$3 acceptConnections
INFO: MockWebServer[50158] done accepting connections: Socket closed
Mar 02, 2016 6:16:31 AM okhttp3.mockwebserver.MockWebServer$3 execute
INFO: MockWebServer[51460] starting to accept connections
Mar 02, 2016 6:16:31 AM okhttp3.mockwebserver.MockWebServer$3 acceptConnections
INFO: MockWebServer[51460] done accepting connections: Socket closed
Mar 02, 2016 6:16:31 AM okhttp3.mockwebserver.MockWebServer$4 processConnection
WARNING: MockWebServer[51460] connection from /127.0.0.1 didn't make a request
Mar 02, 2016 6:16:31 AM okhttp3.mockwebserver.MockWebServer$3 execute
INFO: MockWebServer[59080] starting to accept connections
Mar 02, 2016 6:16:31 AM okhttp3.mockwebserver.MockWebServer$3 acceptConnections
INFO: MockWebServer[59080] done accepting connections: Socket closed
Mar 02, 2016 6:16:31 AM okhttp3.mockwebserver.MockWebServer$4 processOneRequest
INFO: MockWebServer[59080] received request: GET / HTTP/1.1 and responded: HTTP/1.1 200 OK
Mar 02, 2016 6:16:31 AM okhttp3.mockwebserver.MockWebServer$3 execute
INFO: MockWebServer[55038] starting to accept connections
Mar 02, 2016 6:16:31 AM okhttp3.mockwebserver.MockWebServer$3 acceptConnections
INFO: MockWebServer[55038] done accepting connections: Socket closed
Mar 02, 2016 6:16:31 AM okhttp3.mockwebserver.MockWebServer$4 processOneRequest
INFO: MockWebServer[55038] received request: GET / HTTP/1.1 and responded: HTTP/1.1 404 Client Error
Mar 02, 2016 6:16:31 AM okhttp3.mockwebserver.MockWebServer$3 execute
INFO: MockWebServer[35938] starting to accept connections
Mar 02, 2016 6:16:31 AM okhttp3.mockwebserver.MockWebServer$3 acceptConnections
INFO: MockWebServer[35938] done accepting connections: Socket closed
Mar 02, 2016 6:16:31 AM okhttp3.mockwebserver.MockWebServer$4 processConnection
WARNING: MockWebServer[35938] connection from /127.0.0.1 didn't make a request
Mar 02, 2016 6:16:31 AM okhttp3.mockwebserver.MockWebServer$3 execute
INFO: MockWebServer[45625] starting to accept connections
Mar 02, 2016 6:16:31 AM okhttp3.mockwebserver.MockWebServer$3 acceptConnections
INFO: MockWebServer[45625] done accepting connections: Socket closed
Mar 02, 2016 6:16:31 AM okhttp3.mockwebserver.MockWebServer$4 processOneRequest
INFO: MockWebServer[45625] received request: GET / HTTP/1.1 and responded: HTTP/1.1 200 OK
Mar 02, 2016 6:16:31 AM okhttp3.mockwebserver.MockWebServer$3 execute
INFO: MockWebServer[59916] starting to accept connections
Mar 02, 2016 6:16:31 AM okhttp3.mockwebserver.MockWebServer$3 acceptConnections
INFO: MockWebServer[59916] done accepting connections: Socket closed
Mar 02, 2016 6:16:31 AM okhttp3.mockwebserver.MockWebServer$4 processOneRequest
INFO: MockWebServer[59916] received request: GET / HTTP/1.1 and responded: HTTP/1.1 404 Client Error
Tests run: 9, Failures: 0, Errors: 0, Skipped: 0, Time elapsed: 0.165 sec
Running retrofit2.adapter.rxjava.RxJavaCallAdapterFactoryTest
Tests run: 6, Failures: 0, Errors: 0, Skipped: 0, Time elapsed: 0.037 sec
Running retrofit2.adapter.rxjava.SingleSchedulerTest
Mar 02, 2016 6:16:31 AM okhttp3.mockwebserver.MockWebServer$3 execute
INFO: MockWebServer[56141] starting to accept connections
Mar 02, 2016 6:16:31 AM okhttp3.mockwebserver.MockWebServer$3 acceptConnections
INFO: MockWebServer[56141] done accepting connections: Socket closed
Mar 02, 2016 6:16:31 AM okhttp3.mockwebserver.MockWebServer$4 processOneRequest
INFO: MockWebServer[56141] received request: GET / HTTP/1.1 and responded: HTTP/1.1 200 OK
Mar 02, 2016 6:16:31 AM okhttp3.mockwebserver.MockWebServer$3 execute
INFO: MockWebServer[55144] starting to accept connections
Mar 02, 2016 6:16:31 AM okhttp3.mockwebserver.MockWebServer$3 acceptConnections
INFO: MockWebServer[55144] done accepting connections: Socket closed
Mar 02, 2016 6:16:31 AM okhttp3.mockwebserver.MockWebServer$4 processOneRequest
INFO: MockWebServer[55144] received request: GET / HTTP/1.1 and responded: HTTP/1.1 200 OK
Mar 02, 2016 6:16:31 AM okhttp3.mockwebserver.MockWebServer$3 execute
INFO: MockWebServer[52237] starting to accept connections
Mar 02, 2016 6:16:31 AM okhttp3.mockwebserver.MockWebServer$3 acceptConnections
INFO: MockWebServer[52237] done accepting connections: Socket closed
Mar 02, 2016 6:16:31 AM okhttp3.mockwebserver.MockWebServer$4 processOneRequest
INFO: MockWebServer[52237] received request: GET / HTTP/1.1 and responded: HTTP/1.1 200 OK
Tests run: 3, Failures: 0, Errors: 0, Skipped: 0, Time elapsed: 0.056 sec
Running retrofit2.adapter.rxjava.CompletableTest
Mar 02, 2016 6:16:31 AM okhttp3.mockwebserver.MockWebServer$3 execute
INFO: MockWebServer[55180] starting to accept connections
Mar 02, 2016 6:16:31 AM okhttp3.mockwebserver.MockWebServer$3 acceptConnections
INFO: MockWebServer[55180] done accepting connections: Socket closed
Mar 02, 2016 6:16:31 AM okhttp3.mockwebserver.MockWebServer$4 processOneRequest
INFO: MockWebServer[55180] received request: GET / HTTP/1.1 and responded: HTTP/1.1 200 OK
Mar 02, 2016 6:16:31 AM okhttp3.mockwebserver.MockWebServer$3 execute
INFO: MockWebServer[52184] starting to accept connections
Mar 02, 2016 6:16:31 AM okhttp3.mockwebserver.MockWebServer$3 acceptConnections
INFO: MockWebServer[52184] done accepting connections: Socket closed
Mar 02, 2016 6:16:31 AM okhttp3.mockwebserver.MockWebServer$4 processOneRequest
INFO: MockWebServer[52184] received request: GET / HTTP/1.1 and responded: HTTP/1.1 404 Client Error
Mar 02, 2016 6:16:31 AM okhttp3.mockwebserver.MockWebServer$3 execute
INFO: MockWebServer[51121] starting to accept connections
Mar 02, 2016 6:16:31 AM okhttp3.mockwebserver.MockWebServer$3 acceptConnections
INFO: MockWebServer[51121] done accepting connections: Socket closed
Mar 02, 2016 6:16:31 AM okhttp3.mockwebserver.MockWebServer$4 processConnection
WARNING: MockWebServer[51121] connection from /127.0.0.1 didn't make a request
Tests run: 3, Failures: 0, Errors: 0, Skipped: 0, Time elapsed: 0.032 sec
Running retrofit2.adapter.rxjava.CompletableSchedulerTest
Mar 02, 2016 6:16:31 AM okhttp3.mockwebserver.MockWebServer$3 execute
INFO: MockWebServer[59373] starting to accept connections
Mar 02, 2016 6:16:31 AM okhttp3.mockwebserver.MockWebServer$3 acceptConnections
INFO: MockWebServer[59373] done accepting connections: Socket closed
Mar 02, 2016 6:16:31 AM okhttp3.mockwebserver.MockWebServer$4 processOneRequest
INFO: MockWebServer[59373] received request: GET / HTTP/1.1 and responded: HTTP/1.1 200 OK
Tests run: 1, Failures: 0, Errors: 0, Skipped: 0, Time elapsed: 0.026 sec
Running retrofit2.adapter.rxjava.SingleTest
Mar 02, 2016 6:16:32 AM okhttp3.mockwebserver.MockWebServer$3 execute
INFO: MockWebServer[38760] starting to accept connections
Mar 02, 2016 6:16:32 AM okhttp3.mockwebserver.MockWebServer$4 processConnection
WARNING: MockWebServer[38760] connection from /127.0.0.1 didn't make a request
Mar 02, 2016 6:16:32 AM okhttp3.mockwebserver.MockWebServer$3 acceptConnections
INFO: MockWebServer[38760] done accepting connections: Socket closed
Mar 02, 2016 6:16:32 AM okhttp3.mockwebserver.MockWebServer$3 execute
INFO: MockWebServer[58591] starting to accept connections
Mar 02, 2016 6:16:32 AM okhttp3.mockwebserver.MockWebServer$4 processOneRequest
INFO: MockWebServer[58591] received request: GET / HTTP/1.1 and responded: HTTP/1.1 200 OK
Mar 02, 2016 6:16:32 AM okhttp3.mockwebserver.MockWebServer$3 acceptConnections
INFO: MockWebServer[58591] done accepting connections: Socket closed
Mar 02, 2016 6:16:32 AM okhttp3.mockwebserver.MockWebServer$3 execute
INFO: MockWebServer[56072] starting to accept connections
Mar 02, 2016 6:16:32 AM okhttp3.mockwebserver.MockWebServer$3 acceptConnections
INFO: MockWebServer[56072] done accepting connections: Socket closed
Mar 02, 2016 6:16:32 AM okhttp3.mockwebserver.MockWebServer$4 processOneRequest
INFO: MockWebServer[56072] received request: GET / HTTP/1.1 and responded: HTTP/1.1 404 Client Error
Mar 02, 2016 6:16:32 AM okhttp3.mockwebserver.MockWebServer$3 execute
INFO: MockWebServer[54732] starting to accept connections
Mar 02, 2016 6:16:32 AM okhttp3.mockwebserver.MockWebServer$3 acceptConnections
INFO: MockWebServer[54732] done accepting connections: Socket closed
Mar 02, 2016 6:16:32 AM okhttp3.mockwebserver.MockWebServer$4 processConnection
WARNING: MockWebServer[54732] connection from /127.0.0.1 didn't make a request
Mar 02, 2016 6:16:32 AM okhttp3.mockwebserver.MockWebServer$3 execute
INFO: MockWebServer[50485] starting to accept connections
Mar 02, 2016 6:16:32 AM okhttp3.mockwebserver.MockWebServer$3 acceptConnections
INFO: MockWebServer[50485] done accepting connections: Socket closed
Mar 02, 2016 6:16:32 AM okhttp3.mockwebserver.MockWebServer$4 processOneRequest
INFO: MockWebServer[50485] received request: GET / HTTP/1.1 and responded: HTTP/1.1 200 OK
Mar 02, 2016 6:16:32 AM okhttp3.mockwebserver.MockWebServer$3 execute
INFO: MockWebServer[34548] starting to accept connections
Mar 02, 2016 6:16:32 AM okhttp3.mockwebserver.MockWebServer$3 acceptConnections
INFO: MockWebServer[34548] done accepting connections: Socket closed
Mar 02, 2016 6:16:32 AM okhttp3.mockwebserver.MockWebServer$4 processOneRequest
INFO: MockWebServer[34548] received request: GET / HTTP/1.1 and responded: HTTP/1.1 404 Client Error
Mar 02, 2016 6:16:32 AM okhttp3.mockwebserver.MockWebServer$3 execute
INFO: MockWebServer[46962] starting to accept connections
Mar 02, 2016 6:16:32 AM okhttp3.mockwebserver.MockWebServer$3 acceptConnections
INFO: MockWebServer[46962] done accepting connections: Socket closed
Mar 02, 2016 6:16:32 AM okhttp3.mockwebserver.MockWebServer$4 processConnection
WARNING: MockWebServer[46962] connection from /127.0.0.1 didn't make a request
Mar 02, 2016 6:16:32 AM okhttp3.mockwebserver.MockWebServer$3 execute
INFO: MockWebServer[60936] starting to accept connections
Mar 02, 2016 6:16:32 AM okhttp3.mockwebserver.MockWebServer$3 acceptConnections
INFO: MockWebServer[60936] done accepting connections: Socket closed
Mar 02, 2016 6:16:32 AM okhttp3.mockwebserver.MockWebServer$4 processOneRequest
INFO: MockWebServer[60936] received request: GET / HTTP/1.1 and responded: HTTP/1.1 200 OK
Mar 02, 2016 6:16:32 AM okhttp3.mockwebserver.MockWebServer$3 execute
INFO: MockWebServer[59013] starting to accept connections
Mar 02, 2016 6:16:32 AM okhttp3.mockwebserver.MockWebServer$3 acceptConnections
INFO: MockWebServer[59013] done accepting connections: Socket closed
Mar 02, 2016 6:16:32 AM okhttp3.mockwebserver.MockWebServer$4 processOneRequest
INFO: MockWebServer[59013] received request: GET / HTTP/1.1 and responded: HTTP/1.1 404 Client Error
Tests run: 9, Failures: 0, Errors: 0, Skipped: 0, Time elapsed: 0.12 sec
Running retrofit2.adapter.rxjava.ResultTest
Tests run: 4, Failures: 0, Errors: 0, Skipped: 0, Time elapsed: 0.004 sec

Results :

Tests run: 38, Failures: 0, Errors: 0, Skipped: 0

[INFO] 
[INFO] --- animal-sniffer-maven-plugin:1.14:check (default) @ adapter-rxjava ---
[INFO] Checking unresolved references to org.codehaus.mojo.signature:java16:1.1
[INFO]                                                                         
[INFO] ------------------------------------------------------------------------
[INFO] Building Converters 2.0.0-SNAPSHOT
[INFO] ------------------------------------------------------------------------
[INFO] 
[INFO] --- maven-enforcer-plugin:1.0:enforce (enforce-maven) @ retrofit-converters ---
[INFO] 
[INFO] --- animal-sniffer-maven-plugin:1.14:check (default) @ retrofit-converters ---
[INFO] Checking unresolved references to org.codehaus.mojo.signature:java16:1.1
[INFO]                                                                         
[INFO] ------------------------------------------------------------------------
[INFO] Building Converter: Gson 2.0.0-SNAPSHOT
[INFO] ------------------------------------------------------------------------
[INFO] 
[INFO] --- maven-enforcer-plugin:1.0:enforce (enforce-maven) @ converter-gson ---
[INFO] 
[INFO] --- maven-resources-plugin:2.6:resources (default-resources) @ converter-gson ---
[INFO] Using 'UTF-8' encoding to copy filtered resources.
[INFO] skip non existing resourceDirectory /home/travis/build/square/retrofit/retrofit-converters/gson/src/main/resources
[INFO] 
[INFO] --- maven-compiler-plugin:3.0:compile (default-compile) @ converter-gson ---
[INFO] Changes detected - recompiling the module!
[INFO] Compiling 3 source files to /home/travis/build/square/retrofit/retrofit-converters/gson/target/classes
[INFO] 
[INFO] --- maven-resources-plugin:2.6:testResources (default-testResources) @ converter-gson ---
[INFO] Using 'UTF-8' encoding to copy filtered resources.
[INFO] skip non existing resourceDirectory /home/travis/build/square/retrofit/retrofit-converters/gson/src/test/resources
[INFO] 
[INFO] --- maven-compiler-plugin:3.0:testCompile (default-testCompile) @ converter-gson ---
[INFO] Changes detected - recompiling the module!
[INFO] Compiling 1 source file to /home/travis/build/square/retrofit/retrofit-converters/gson/target/test-classes
[INFO] 
[INFO] --- maven-surefire-plugin:2.12.4:test (default-test) @ converter-gson ---
[INFO] Surefire report directory: /home/travis/build/square/retrofit/retrofit-converters/gson/target/surefire-reports

-------------------------------------------------------
 T E S T S
-------------------------------------------------------
Running retrofit2.converter.gson.GsonConverterFactoryTest
Mar 02, 2016 6:16:33 AM okhttp3.mockwebserver.MockWebServer$3 execute
INFO: MockWebServer[57077] starting to accept connections
Mar 02, 2016 6:16:33 AM okhttp3.mockwebserver.MockWebServer$4 processOneRequest
INFO: MockWebServer[57077] received request: POST / HTTP/1.1 and responded: HTTP/1.1 200 OK
Mar 02, 2016 6:16:33 AM okhttp3.mockwebserver.MockWebServer$3 acceptConnections
INFO: MockWebServer[57077] done accepting connections: Socket closed
Mar 02, 2016 6:16:33 AM okhttp3.mockwebserver.MockWebServer$3 execute
INFO: MockWebServer[60290] starting to accept connections
Mar 02, 2016 6:16:33 AM okhttp3.mockwebserver.MockWebServer$3 acceptConnections
INFO: MockWebServer[60290] done accepting connections: Socket closed
Mar 02, 2016 6:16:33 AM okhttp3.mockwebserver.MockWebServer$4 processOneRequest
INFO: MockWebServer[60290] received request: POST / HTTP/1.1 and responded: HTTP/1.1 200 OK
Mar 02, 2016 6:16:33 AM okhttp3.mockwebserver.MockWebServer$3 execute
INFO: MockWebServer[52005] starting to accept connections
Mar 02, 2016 6:16:34 AM okhttp3.mockwebserver.MockWebServer$3 acceptConnections
INFO: MockWebServer[52005] done accepting connections: Socket closed
Mar 02, 2016 6:16:34 AM okhttp3.mockwebserver.MockWebServer$4 processOneRequest
INFO: MockWebServer[52005] received request: POST / HTTP/1.1 and responded: HTTP/1.1 200 OK
Mar 02, 2016 6:16:34 AM okhttp3.mockwebserver.MockWebServer$3 execute
INFO: MockWebServer[47250] starting to accept connections
Mar 02, 2016 6:16:34 AM okhttp3.mockwebserver.MockWebServer$3 acceptConnections
INFO: MockWebServer[47250] done accepting connections: Socket closed
Mar 02, 2016 6:16:34 AM okhttp3.mockwebserver.MockWebServer$4 processOneRequest
INFO: MockWebServer[47250] received request: POST / HTTP/1.1 and responded: HTTP/1.1 200 OK
Mar 02, 2016 6:16:34 AM okhttp3.mockwebserver.MockWebServer$3 execute
INFO: MockWebServer[59960] starting to accept connections
Mar 02, 2016 6:16:34 AM okhttp3.mockwebserver.MockWebServer$3 acceptConnections
INFO: MockWebServer[59960] done accepting connections: Socket closed
Mar 02, 2016 6:16:34 AM okhttp3.mockwebserver.MockWebServer$4 processOneRequest
INFO: MockWebServer[59960] received request: POST / HTTP/1.1 and responded: HTTP/1.1 200 OK
Tests run: 5, Failures: 0, Errors: 0, Skipped: 0, Time elapsed: 0.847 sec

Results :

Tests run: 5, Failures: 0, Errors: 0, Skipped: 0

[INFO] 
[INFO] --- animal-sniffer-maven-plugin:1.14:check (default) @ converter-gson ---
[INFO] Checking unresolved references to org.codehaus.mojo.signature:java16:1.1
[INFO]                                                                         
[INFO] ------------------------------------------------------------------------
[INFO] Building Converter: Protocol Buffers 2.0.0-SNAPSHOT
[INFO] ------------------------------------------------------------------------
[INFO] 
[INFO] --- maven-enforcer-plugin:1.0:enforce (enforce-maven) @ converter-protobuf ---
[INFO] 
[INFO] --- maven-resources-plugin:2.6:resources (default-resources) @ converter-protobuf ---
[INFO] Using 'UTF-8' encoding to copy filtered resources.
[INFO] skip non existing resourceDirectory /home/travis/build/square/retrofit/retrofit-converters/protobuf/src/main/resources
[INFO] 
[INFO] --- maven-compiler-plugin:3.0:compile (default-compile) @ converter-protobuf ---
[INFO] Changes detected - recompiling the module!
[INFO] Compiling 3 source files to /home/travis/build/square/retrofit/retrofit-converters/protobuf/target/classes
[WARNING] /home/travis/build/square/retrofit/retrofit-converters/protobuf/src/main/java/retrofit2/converter/protobuf/ProtoConverterFactory.java: /home/travis/build/square/retrofit/retrofit-converters/protobuf/src/main/java/retrofit2/converter/protobuf/ProtoConverterFactory.java uses unchecked or unsafe operations.
[WARNING] /home/travis/build/square/retrofit/retrofit-converters/protobuf/src/main/java/retrofit2/converter/protobuf/ProtoConverterFactory.java: Recompile with -Xlint:unchecked for details.
[INFO] 
[INFO] --- maven-resources-plugin:2.6:testResources (default-testResources) @ converter-protobuf ---
[INFO] Using 'UTF-8' encoding to copy filtered resources.
[INFO] skip non existing resourceDirectory /home/travis/build/square/retrofit/retrofit-converters/protobuf/src/test/resources
[INFO] 
[INFO] --- maven-compiler-plugin:3.0:testCompile (default-testCompile) @ converter-protobuf ---
[INFO] Changes detected - recompiling the module!
[INFO] Compiling 2 source files to /home/travis/build/square/retrofit/retrofit-converters/protobuf/target/test-classes
[INFO] 
[INFO] --- maven-surefire-plugin:2.12.4:test (default-test) @ converter-protobuf ---
[INFO] Surefire report directory: /home/travis/build/square/retrofit/retrofit-converters/protobuf/target/surefire-reports

-------------------------------------------------------
 T E S T S
-------------------------------------------------------
Running retrofit2.converter.protobuf.ProtoConverterFactoryTest
Mar 02, 2016 6:16:35 AM okhttp3.mockwebserver.MockWebServer$3 execute
INFO: MockWebServer[40207] starting to accept connections
Mar 02, 2016 6:16:35 AM okhttp3.mockwebserver.MockWebServer$4 processOneRequest
INFO: MockWebServer[40207] received request: POST / HTTP/1.1 and responded: HTTP/1.1 200 OK
Mar 02, 2016 6:16:35 AM okhttp3.mockwebserver.MockWebServer$3 acceptConnections
INFO: MockWebServer[40207] done accepting connections: Socket closed
Mar 02, 2016 6:16:35 AM okhttp3.mockwebserver.MockWebServer$3 execute
INFO: MockWebServer[44315] starting to accept connections
Mar 02, 2016 6:16:35 AM okhttp3.mockwebserver.MockWebServer$3 acceptConnections
INFO: MockWebServer[44315] done accepting connections: Socket closed
Mar 02, 2016 6:16:35 AM okhttp3.mockwebserver.MockWebServer$3 execute
INFO: MockWebServer[58599] starting to accept connections
Mar 02, 2016 6:16:35 AM okhttp3.mockwebserver.MockWebServer$4 processOneRequest
INFO: MockWebServer[58599] received request: GET / HTTP/1.1 and responded: HTTP/1.1 200 OK
Mar 02, 2016 6:16:35 AM okhttp3.mockwebserver.MockWebServer$3 acceptConnections
INFO: MockWebServer[58599] done accepting connections: Socket closed
Mar 02, 2016 6:16:35 AM okhttp3.mockwebserver.MockWebServer$3 execute
INFO: MockWebServer[52812] starting to accept connections
Mar 02, 2016 6:16:35 AM okhttp3.mockwebserver.MockWebServer$3 acceptConnections
INFO: MockWebServer[52812] done accepting connections: Socket is closed
Mar 02, 2016 6:16:35 AM okhttp3.mockwebserver.MockWebServer$3 execute
INFO: MockWebServer[54713] starting to accept connections
Mar 02, 2016 6:16:35 AM okhttp3.mockwebserver.MockWebServer$3 acceptConnections
INFO: MockWebServer[54713] done accepting connections: Socket is closed
Mar 02, 2016 6:16:35 AM okhttp3.mockwebserver.MockWebServer$3 execute
INFO: MockWebServer[59831] starting to accept connections
Mar 02, 2016 6:16:35 AM okhttp3.mockwebserver.MockWebServer$3 acceptConnections
INFO: MockWebServer[59831] done accepting connections: Socket closed
Mar 02, 2016 6:16:35 AM okhttp3.mockwebserver.MockWebServer$4 processOneRequest
INFO: MockWebServer[59831] received request: GET / HTTP/1.1 and responded: HTTP/1.1 200 OK
Tests run: 6, Failures: 1, Errors: 0, Skipped: 0, Time elapsed: 0.802 sec <<< FAILURE!
serializeNullThrows(retrofit2.converter.protobuf.ProtoConverterFactoryTest)  Time elapsed: 0.01 sec  <<< FAILURE!
java.lang.AssertionError
	at org.junit.Assert.fail(Assert.java:86)
	at org.junit.Assert.fail(Assert.java:95)
	at retrofit2.converter.protobuf.ProtoConverterFactoryTest.serializeNullThrows(ProtoConverterFactoryTest.java:138)
	at sun.reflect.NativeMethodAccessorImpl.invoke0(Native Method)
	at sun.reflect.NativeMethodAccessorImpl.invoke(NativeMethodAccessorImpl.java:62)
	at sun.reflect.DelegatingMethodAccessorImpl.invoke(DelegatingMethodAccessorImpl.java:43)
	at java.lang.reflect.Method.invoke(Method.java:483)
	at org.junit.runners.model.FrameworkMethod$1.runReflectiveCall(FrameworkMethod.java:50)
	at org.junit.internal.runners.model.ReflectiveCallable.run(ReflectiveCallable.java:12)
	at org.junit.runners.model.FrameworkMethod.invokeExplosively(FrameworkMethod.java:47)
	at org.junit.internal.runners.statements.InvokeMethod.evaluate(InvokeMethod.java:17)
	at org.junit.internal.runners.statements.RunBefores.evaluate(RunBefores.java:26)
	at okhttp3.mockwebserver.MockWebServer$2.evaluate(MockWebServer.java:154)
	at org.junit.rules.RunRules.evaluate(RunRules.java:20)
	at org.junit.runners.ParentRunner.runLeaf(ParentRunner.java:325)
	at org.junit.runners.BlockJUnit4ClassRunner.runChild(BlockJUnit4ClassRunner.java:78)
	at org.junit.runners.BlockJUnit4ClassRunner.runChild(BlockJUnit4ClassRunner.java:57)
	at org.junit.runners.ParentRunner$3.run(ParentRunner.java:290)
	at org.junit.runners.ParentRunner$1.schedule(ParentRunner.java:71)
	at org.junit.runners.ParentRunner.runChildren(ParentRunner.java:288)
	at org.junit.runners.ParentRunner.access$000(ParentRunner.java:58)
	at org.junit.runners.ParentRunner$2.evaluate(ParentRunner.java:268)
	at org.junit.runners.ParentRunner.run(ParentRunner.java:363)
	at org.apache.maven.surefire.junit4.JUnit4Provider.execute(JUnit4Provider.java:252)
	at org.apache.maven.surefire.junit4.JUnit4Provider.executeTestSet(JUnit4Provider.java:141)
	at org.apache.maven.surefire.junit4.JUnit4Provider.invoke(JUnit4Provider.java:112)
	at sun.reflect.NativeMethodAccessorImpl.invoke0(Native Method)
	at sun.reflect.NativeMethodAccessorImpl.invoke(NativeMethodAccessorImpl.java:62)
	at sun.reflect.DelegatingMethodAccessorImpl.invoke(DelegatingMethodAccessorImpl.java:43)
	at java.lang.reflect.Method.invoke(Method.java:483)
	at org.apache.maven.surefire.util.ReflectionUtils.invokeMethodWithArray(ReflectionUtils.java:189)
	at org.apache.maven.surefire.booter.ProviderFactory$ProviderProxy.invoke(ProviderFactory.java:165)
	at org.apache.maven.surefire.booter.ProviderFactory.invokeProvider(ProviderFactory.java:85)
	at org.apache.maven.surefire.booter.ForkedBooter.runSuitesInProcess(ForkedBooter.java:115)
	at org.apache.maven.surefire.booter.ForkedBooter.main(ForkedBooter.java:75)


Results :

Failed tests:   serializeNullThrows(retrofit2.converter.protobuf.ProtoConverterFactoryTest)

Tests run: 6, Failures: 1, Errors: 0, Skipped: 0

[INFO] ------------------------------------------------------------------------
[INFO] Reactor Summary:
[INFO] 
[INFO] Retrofit (Parent) .................................. SUCCESS [  2.408 s]
[INFO] Retrofit ........................................... SUCCESS [ 26.861 s]
[INFO] Adapters ........................................... SUCCESS [  0.417 s]
[INFO] Adapter: Guava ..................................... SUCCESS [  2.485 s]
[INFO] Adapter: Java 8 .................................... SUCCESS [  2.116 s]
[INFO] Adapter: RxJava .................................... SUCCESS [  3.079 s]
[INFO] Converters ......................................... SUCCESS [  0.150 s]
[INFO] Converter: Gson .................................... SUCCESS [  1.446 s]
[INFO] Converter: Protocol Buffers ........................ FAILURE [  1.570 s]
[INFO] Converter: Jackson ................................. SKIPPED
[INFO] Converter: Wire Protocol Buffers ................... SKIPPED
[INFO] Converter: SimpleXML ............................... SKIPPED
[INFO] Converter: Java Scalars ............................ SKIPPED
[INFO] Converter: Moshi ................................... SKIPPED
[INFO] Retrofit Mock Adapter .............................. SKIPPED
[INFO] Samples ............................................ SKIPPED
[INFO] ------------------------------------------------------------------------
[INFO] BUILD FAILURE
[INFO] ------------------------------------------------------------------------
[INFO] Total time: 41.084 s
[INFO] Finished at: 2016-03-02T06:16:35+00:00
[INFO] Final Memory: 26M/303M
[INFO] ------------------------------------------------------------------------
[ERROR] Failed to execute goal org.apache.maven.plugins:maven-surefire-plugin:2.12.4:test (default-test) on project converter-protobuf: There are test failures.
[ERROR] 
[ERROR] Please refer to /home/travis/build/square/retrofit/retrofit-converters/protobuf/target/surefire-reports for the individual test results.
[ERROR] -> [Help 1]
[ERROR] 
[ERROR] To see the full stack trace of the errors, re-run Maven with the -e switch.
[ERROR] Re-run Maven using the -X switch to enable full debug logging.
[ERROR] 
[ERROR] For more information about the errors and possible solutions, please read the following articles:
[ERROR] [Help 1] http://cwiki.apache.org/confluence/display/MAVEN/MojoFailureException
[ERROR] 
[ERROR] After correcting the problems, you can resume the build with the command
[ERROR]   mvn <goals> -rf :converter-protobuf

travis_time:end:03ad4dfa:start=1456899352696446333,finish=1456899396750142843,duration=44053696510[0K
[31;1mThe command "mvn test -B" exited with 1.[0m
travis_fold:start:cache.2[0Kstore build cache
travis_time:start:190f8ce7[0K
travis_time:end:190f8ce7:start=1456899396754471858,finish=1456899396758091452,duration=3619594[0Ktravis_time:start:083cdfc0[0K[32;1mchange detected:
/home/travis/.m2/repository/com/squareup/retrofit2/adapter-guava/2.0.0-SNAPSHOT/adapter-guava-2.0.0-SNAPSHOT.jar
/home/travis/.m2/repository/com/squareup/retrofit2/adapter-guava/2.0.0-SNAPSHOT/maven-metadata-local.xml
/home/travis/.m2/repository/com/squareup/retrofit2/adapter-guava/2.0.0-SNAPSHOT/_remote.repositories
/home/travis/.m2/repository/com/squareup/retrofit2/adapter-guava/maven-metadata-local.xml
/home/travis/.m2/repository/com/squareup/retrofit2/adapter-java8/2.0.0-SNAPSHOT/adapter-java8-2.0.0-SNAPSHOT.jar
/home/travis/.m2/repository/com/squareup/retrofit2/adapter-java8/2.0.0-SNAPSHOT/maven-metadata-local.xml
/home/travis/.m2/repository/com/squareup/retrofit2/adapter-java8/2.0.0-SNAPSHOT/_remote.repositories
/home/travis/.m2/repository/com/squareup/retrofit2/adapter-java8/maven-metadata-local.xml
/home/travis/.m2/repository/com/squareup/retrofit2/adapter-rxjava/2.0.0-SNAPSHOT/adapter-rxjava-2.0.0-SNAPSHOT.jar
/home/travis/.m2/repository/com/squareup/retrofit2/adapter-rxjava/2.
[0m
[32;1m...
[0m
[32;1mchanges detected, packing new archive[0m
.
[32;1muploading archive[0m

travis_time:end:083cdfc0:start=1456899396762189276,finish=1456899406424805963,duration=9662616687[0Ktravis_fold:end:cache.2[0K
Done. Your build exited with 1.
