travis_fold:start:worker_info[0K[33;1mWorker information[0m
hostname: i-054997f-precise-production-2-worker-org-docker.travisci.net:f611fc98-f9a4-467d-a8cb-05614f6178c5
version: v2.5.0-8-g19ea9c2 https://github.com/travis-ci/worker/tree/19ea9c20425c78100500c7cc935892b47024922c
instance: bda0ebe:travis:java
startup: 496.920497ms
travis_fold:end:worker_info[0Ktravis_fold:start:system_info[0K[33;1mBuild system information[0m
Build language: java
Build group: stable
Build dist: precise
Build id: 197273836
Job id: 197273838
travis-build version: aecdcbb9e
[34m[1mBuild image provisioning date and time[0m
Thu Feb  5 15:09:33 UTC 2015
[34m[1mOperating System Details[0m
Distributor ID:	Ubuntu
Description:	Ubuntu 12.04.5 LTS
Release:	12.04
Codename:	precise
[34m[1mLinux Version[0m
3.13.0-29-generic
[34m[1mCookbooks Version[0m
a68419e https://github.com/travis-ci/travis-cookbooks/tree/a68419e
[34m[1mGCC version[0m
gcc (Ubuntu/Linaro 4.6.3-1ubuntu5) 4.6.3
Copyright (C) 2011 Free Software Foundation, Inc.
This is free software; see the source for copying conditions.  There is NO
warranty; not even for MERCHANTABILITY or FITNESS FOR A PARTICULAR PURPOSE.

[34m[1mLLVM version[0m
clang version 3.4 (tags/RELEASE_34/final)
Target: x86_64-unknown-linux-gnu
Thread model: posix
[34m[1mPre-installed Ruby versions[0m
ruby-1.9.3-p551
[34m[1mPre-installed Node.js versions[0m
v0.10.36
[34m[1mPre-installed Go versions[0m
1.4.1
[34m[1mRedis version[0m
redis-server 2.8.19
[34m[1mriak version[0m
2.0.2
[34m[1mMongoDB version[0m
MongoDB 2.4.12
[34m[1mCouchDB version[0m
couchdb 1.6.1
[34m[1mNeo4j version[0m
1.9.4
[34m[1mRabbitMQ Version[0m
3.4.3
[34m[1mElasticSearch version[0m
1.4.0
[34m[1mInstalled Sphinx versions[0m
2.0.10
2.1.9
2.2.6
[34m[1mDefault Sphinx version[0m
2.2.6
[34m[1mInstalled Firefox version[0m
firefox 31.0esr
[34m[1mPhantomJS version[0m
1.9.8
[34m[1mant -version[0m
Apache Ant(TM) version 1.8.2 compiled on December 3 2011
[34m[1mmvn -version[0m
Apache Maven 3.2.5 (12a6b3acb947671f09b81f49094c53f426d8cea1; 2014-12-14T17:29:23+00:00)
Maven home: /usr/local/maven
Java version: 1.7.0_76, vendor: Oracle Corporation
Java home: /usr/lib/jvm/java-7-oracle/jre
Default locale: en_US, platform encoding: ANSI_X3.4-1968
OS name: "linux", version: "3.13.0-29-generic", arch: "amd64", family: "unix"
travis_fold:end:system_info[0K
travis_fold:start:fix.CVE-2015-7547[0K$ export DEBIAN_FRONTEND=noninteractive
W: Size of file /var/lib/apt/lists/us.archive.ubuntu.com_ubuntu_dists_precise-updates_restricted_binary-amd64_Packages.gz is not what the server reported 19578 20785
W: Size of file /var/lib/apt/lists/us.archive.ubuntu.com_ubuntu_dists_precise-updates_restricted_binary-i386_Packages.gz is not what the server reported 19540 20707
W: Size of file /var/lib/apt/lists/us.archive.ubuntu.com_ubuntu_dists_precise-backports_multiverse_source_Sources.gz is not what the server reported 5886 5888
W: Size of file /var/lib/apt/lists/ppa.launchpad.net_travis-ci_zero-mq_ubuntu_dists_precise_main_binary-amd64_Packages.gz is not what the server reported 832 1195
W: Size of file /var/lib/apt/lists/ppa.launchpad.net_ubuntugis_ppa_ubuntu_dists_precise_main_binary-amd64_Packages.gz is not what the server reported 33645 36677
W: Size of file /var/lib/apt/lists/security.ubuntu.com_ubuntu_dists_precise-security_restricted_binary-amd64_Packages.gz is not what the server reported 13782 14904
W: Size of file /var/lib/apt/lists/ppa.launchpad.net_ubuntugis_ppa_ubuntu_dists_precise_main_binary-i386_Packages.gz is not what the server reported 33703 36733
W: Size of file /var/lib/apt/lists/security.ubuntu.com_ubuntu_dists_precise-security_restricted_binary-i386_Packages.gz is not what the server reported 13762 14885
Reading package lists...
Building dependency tree...
Reading state information...
The following extra packages will be installed:
  libc-bin libc-dev-bin libc6-dev
Suggested packages:
  glibc-doc
The following packages will be upgraded:
  libc-bin libc-dev-bin libc6 libc6-dev
4 upgraded, 0 newly installed, 0 to remove and 268 not upgraded.
Need to get 8,840 kB of archives.
After this operation, 14.3 kB disk space will be freed.
Get:1 http://us.archive.ubuntu.com/ubuntu/ precise-updates/main libc6-dev amd64 2.15-0ubuntu10.15 [2,943 kB]
Get:2 http://us.archive.ubuntu.com/ubuntu/ precise-updates/main libc-dev-bin amd64 2.15-0ubuntu10.15 [84.7 kB]
Get:3 http://us.archive.ubuntu.com/ubuntu/ precise-updates/main libc-bin amd64 2.15-0ubuntu10.15 [1,177 kB]
Get:4 http://us.archive.ubuntu.com/ubuntu/ precise-updates/main libc6 amd64 2.15-0ubuntu10.15 [4,636 kB]
Fetched 8,840 kB in 0s (29.5 MB/s)
Preconfiguring packages ...
(Reading database ... (Reading database ... 5%(Reading database ... 10%(Reading database ... 15%(Reading database ... 20%(Reading database ... 25%(Reading database ... 30%(Reading database ... 35%(Reading database ... 40%(Reading database ... 45%(Reading database ... 50%(Reading database ... 55%(Reading database ... 60%(Reading database ... 65%(Reading database ... 70%(Reading database ... 75%(Reading database ... 80%(Reading database ... 85%(Reading database ... 90%(Reading database ... 95%(Reading database ... 100%(Reading database ... 72019 files and directories currently installed.)
Preparing to replace libc6-dev 2.15-0ubuntu10.10 (using .../libc6-dev_2.15-0ubuntu10.15_amd64.deb) ...
Unpacking replacement libc6-dev ...
Preparing to replace libc-dev-bin 2.15-0ubuntu10.10 (using .../libc-dev-bin_2.15-0ubuntu10.15_amd64.deb) ...
Unpacking replacement libc-dev-bin ...
Preparing to replace libc-bin 2.15-0ubuntu10.10 (using .../libc-bin_2.15-0ubuntu10.15_amd64.deb) ...
Unpacking replacement libc-bin ...
Processing triggers for man-db ...
Setting up libc-bin (2.15-0ubuntu10.15) ...
(Reading database ... (Reading database ... 5%(Reading database ... 10%(Reading database ... 15%(Reading database ... 20%(Reading database ... 25%(Reading database ... 30%(Reading database ... 35%(Reading database ... 40%(Reading database ... 45%(Reading database ... 50%(Reading database ... 55%(Reading database ... 60%(Reading database ... 65%(Reading database ... 70%(Reading database ... 75%(Reading database ... 80%(Reading database ... 85%(Reading database ... 90%(Reading database ... 95%(Reading database ... 100%(Reading database ... 72018 files and directories currently installed.)
Preparing to replace libc6 2.15-0ubuntu10.10 (using .../libc6_2.15-0ubuntu10.15_amd64.deb) ...
Unpacking replacement libc6 ...
Setting up libc6 (2.15-0ubuntu10.15) ...
Setting up libc-dev-bin (2.15-0ubuntu10.15) ...
Setting up libc6-dev (2.15-0ubuntu10.15) ...
Processing triggers for libc-bin ...
ldconfig deferred processing now taking place
travis_fold:end:fix.CVE-2015-7547[0K$ jdk_switcher use oraclejdk8
Switching to Oracle JDK8 (java-8-oracle), JAVA_HOME will be set to /usr/lib/jvm/java-8-oracle
travis_fold:start:git.checkout[0Ktravis_time:start:003bc806[0K$ git clone --depth=50 --branch=guice-module https://github.com/NitorCreations/nflow.git NitorCreations/nflow
Cloning into 'NitorCreations/nflow'...
remote: Counting objects: 2707, done.[K
remote: Compressing objects:   0% (1/1251)   [Kremote: Compressing objects:   1% (13/1251)   [Kremote: Compressing objects:   2% (26/1251)   [Kremote: Compressing objects:   3% (38/1251)   [Kremote: Compressing objects:   4% (51/1251)   [Kremote: Compressing objects:   5% (63/1251)   [Kremote: Compressing objects:   6% (76/1251)   [Kremote: Compressing objects:   7% (88/1251)   [Kremote: Compressing objects:   8% (101/1251)   [Kremote: Compressing objects:   9% (113/1251)   [Kremote: Compressing objects:  10% (126/1251)   [Kremote: Compressing objects:  11% (138/1251)   [Kremote: Compressing objects:  12% (151/1251)   [Kremote: Compressing objects:  13% (163/1251)   [Kremote: Compressing objects:  14% (176/1251)   [Kremote: Compressing objects:  15% (188/1251)   [Kremote: Compressing objects:  16% (201/1251)   [Kremote: Compressing objects:  17% (213/1251)   [Kremote: Compressing objects:  18% (226/1251)   [Kremote: Compressing objects:  19% (238/1251)   [Kremote: Compressing objects:  20% (251/1251)   [Kremote: Compressing objects:  21% (263/1251)   [Kremote: Compressing objects:  22% (276/1251)   [Kremote: Compressing objects:  23% (288/1251)   [Kremote: Compressing objects:  24% (301/1251)   [Kremote: Compressing objects:  25% (313/1251)   [Kremote: Compressing objects:  26% (326/1251)   [Kremote: Compressing objects:  27% (338/1251)   [Kremote: Compressing objects:  28% (351/1251)   [Kremote: Compressing objects:  29% (363/1251)   [Kremote: Compressing objects:  30% (376/1251)   [Kremote: Compressing objects:  31% (388/1251)   [Kremote: Compressing objects:  32% (401/1251)   [Kremote: Compressing objects:  33% (413/1251)   [Kremote: Compressing objects:  34% (426/1251)   [Kremote: Compressing objects:  35% (438/1251)   [Kremote: Compressing objects:  36% (451/1251)   [Kremote: Compressing objects:  37% (463/1251)   [Kremote: Compressing objects:  38% (476/1251)   [Kremote: Compressing objects:  39% (488/1251)   [Kremote: Compressing objects:  40% (501/1251)   [Kremote: Compressing objects:  41% (513/1251)   [Kremote: Compressing objects:  42% (526/1251)   [Kremote: Compressing objects:  43% (538/1251)   [Kremote: Compressing objects:  44% (551/1251)   [Kremote: Compressing objects:  45% (563/1251)   [Kremote: Compressing objects:  46% (576/1251)   [Kremote: Compressing objects:  47% (588/1251)   [Kremote: Compressing objects:  48% (601/1251)   [Kremote: Compressing objects:  49% (613/1251)   [Kremote: Compressing objects:  50% (626/1251)   [Kremote: Compressing objects:  51% (639/1251)   [Kremote: Compressing objects:  52% (651/1251)   [Kremote: Compressing objects:  53% (664/1251)   [Kremote: Compressing objects:  54% (676/1251)   [Kremote: Compressing objects:  55% (689/1251)   [Kremote: Compressing objects:  56% (701/1251)   [Kremote: Compressing objects:  57% (714/1251)   [Kremote: Compressing objects:  58% (726/1251)   [Kremote: Compressing objects:  59% (739/1251)   [Kremote: Compressing objects:  60% (751/1251)   [Kremote: Compressing objects:  61% (764/1251)   [Kremote: Compressing objects:  62% (776/1251)   [Kremote: Compressing objects:  63% (789/1251)   [Kremote: Compressing objects:  64% (801/1251)   [Kremote: Compressing objects:  65% (814/1251)   [Kremote: Compressing objects:  66% (826/1251)   [Kremote: Compressing objects:  67% (839/1251)   [Kremote: Compressing objects:  68% (851/1251)   [Kremote: Compressing objects:  69% (864/1251)   [Kremote: Compressing objects:  70% (876/1251)   [Kremote: Compressing objects:  71% (889/1251)   [Kremote: Compressing objects:  72% (901/1251)   [Kremote: Compressing objects:  73% (914/1251)   [Kremote: Compressing objects:  74% (926/1251)   [Kremote: Compressing objects:  75% (939/1251)   [Kremote: Compressing objects:  76% (951/1251)   [Kremote: Compressing objects:  77% (964/1251)   [Kremote: Compressing objects:  78% (976/1251)   [Kremote: Compressing objects:  79% (989/1251)   [Kremote: Compressing objects:  80% (1001/1251)   [Kremote: Compressing objects:  81% (1014/1251)   [Kremote: Compressing objects:  82% (1026/1251)   [Kremote: Compressing objects:  83% (1039/1251)   [Kremote: Compressing objects:  84% (1051/1251)   [Kremote: Compressing objects:  85% (1064/1251)   [Kremote: Compressing objects:  86% (1076/1251)   [Kremote: Compressing objects:  87% (1089/1251)   [Kremote: Compressing objects:  88% (1101/1251)   [Kremote: Compressing objects:  89% (1114/1251)   [Kremote: Compressing objects:  90% (1126/1251)   [Kremote: Compressing objects:  91% (1139/1251)   [Kremote: Compressing objects:  92% (1151/1251)   [Kremote: Compressing objects:  93% (1164/1251)   [Kremote: Compressing objects:  94% (1176/1251)   [Kremote: Compressing objects:  95% (1189/1251)   [Kremote: Compressing objects:  96% (1201/1251)   [Kremote: Compressing objects:  97% (1214/1251)   [Kremote: Compressing objects:  98% (1226/1251)   [Kremote: Compressing objects:  99% (1239/1251)   [Kremote: Compressing objects: 100% (1251/1251)   [Kremote: Compressing objects: 100% (1251/1251), done.[K
Receiving objects:   0% (1/2707)   Receiving objects:   1% (28/2707)   Receiving objects:   2% (55/2707)   Receiving objects:   3% (82/2707)   Receiving objects:   4% (109/2707)   Receiving objects:   5% (136/2707)   Receiving objects:   6% (163/2707)   Receiving objects:   7% (190/2707)   Receiving objects:   8% (217/2707)   Receiving objects:   9% (244/2707)   Receiving objects:  10% (271/2707)   Receiving objects:  11% (298/2707)   Receiving objects:  12% (325/2707)   Receiving objects:  13% (352/2707)   Receiving objects:  14% (379/2707)   Receiving objects:  15% (407/2707)   Receiving objects:  16% (434/2707)   Receiving objects:  17% (461/2707)   Receiving objects:  18% (488/2707)   Receiving objects:  19% (515/2707)   Receiving objects:  20% (542/2707)   Receiving objects:  21% (569/2707)   Receiving objects:  22% (596/2707)   Receiving objects:  23% (623/2707)   Receiving objects:  24% (650/2707)   Receiving objects:  25% (677/2707)   Receiving objects:  26% (704/2707)   Receiving objects:  27% (731/2707)   Receiving objects:  28% (758/2707)   Receiving objects:  29% (786/2707)   Receiving objects:  30% (813/2707)   Receiving objects:  31% (840/2707)   Receiving objects:  32% (867/2707)   Receiving objects:  33% (894/2707)   Receiving objects:  34% (921/2707)   Receiving objects:  35% (948/2707)   Receiving objects:  36% (975/2707)   Receiving objects:  37% (1002/2707)   Receiving objects:  38% (1029/2707)   Receiving objects:  39% (1056/2707)   Receiving objects:  40% (1083/2707)   Receiving objects:  41% (1110/2707)   Receiving objects:  42% (1137/2707)   Receiving objects:  43% (1165/2707)   Receiving objects:  44% (1192/2707)   Receiving objects:  45% (1219/2707)   Receiving objects:  46% (1246/2707)   Receiving objects:  47% (1273/2707)   Receiving objects:  48% (1300/2707)   Receiving objects:  49% (1327/2707)   Receiving objects:  50% (1354/2707)   Receiving objects:  51% (1381/2707)   Receiving objects:  52% (1408/2707)   Receiving objects:  53% (1435/2707)   Receiving objects:  54% (1462/2707)   Receiving objects:  55% (1489/2707)   Receiving objects:  56% (1516/2707)   Receiving objects:  57% (1543/2707)   Receiving objects:  58% (1571/2707)   Receiving objects:  59% (1598/2707)   Receiving objects:  60% (1625/2707)   Receiving objects:  61% (1652/2707)   Receiving objects:  62% (1679/2707)   Receiving objects:  63% (1706/2707)   Receiving objects:  64% (1733/2707)   Receiving objects:  65% (1760/2707)   Receiving objects:  66% (1787/2707)   Receiving objects:  67% (1814/2707)   Receiving objects:  68% (1841/2707)   Receiving objects:  69% (1868/2707)   Receiving objects:  70% (1895/2707)   Receiving objects:  71% (1922/2707)   Receiving objects:  72% (1950/2707)   Receiving objects:  73% (1977/2707)   Receiving objects:  74% (2004/2707)   Receiving objects:  75% (2031/2707)   Receiving objects:  76% (2058/2707)   Receiving objects:  77% (2085/2707)   Receiving objects:  78% (2112/2707)   Receiving objects:  79% (2139/2707)   Receiving objects:  80% (2166/2707)   Receiving objects:  81% (2193/2707)   Receiving objects:  82% (2220/2707)   Receiving objects:  83% (2247/2707)   Receiving objects:  84% (2274/2707)   Receiving objects:  85% (2301/2707)   Receiving objects:  86% (2329/2707)   Receiving objects:  87% (2356/2707)   Receiving objects:  88% (2383/2707)   Receiving objects:  89% (2410/2707)   Receiving objects:  90% (2437/2707)   Receiving objects:  91% (2464/2707)   Receiving objects:  92% (2491/2707)   Receiving objects:  93% (2518/2707)   Receiving objects:  94% (2545/2707)   Receiving objects:  95% (2572/2707)   remote: Total 2707 (delta 1169), reused 2270 (delta 904), pack-reused 0[K
Receiving objects:  96% (2599/2707)   Receiving objects:  97% (2626/2707)   Receiving objects:  98% (2653/2707)   Receiving objects:  99% (2680/2707)   Receiving objects: 100% (2707/2707)   Receiving objects: 100% (2707/2707), 1.39 MiB | 0 bytes/s, done.
Resolving deltas:   0% (0/1169)   Resolving deltas:   1% (16/1169)   Resolving deltas:   2% (27/1169)   Resolving deltas:   3% (40/1169)   Resolving deltas:   4% (48/1169)   Resolving deltas:   6% (71/1169)   Resolving deltas:   7% (88/1169)   Resolving deltas:   8% (94/1169)   Resolving deltas:   9% (109/1169)   Resolving deltas:  10% (127/1169)   Resolving deltas:  11% (131/1169)   Resolving deltas:  12% (145/1169)   Resolving deltas:  13% (157/1169)   Resolving deltas:  16% (189/1169)   Resolving deltas:  17% (203/1169)   Resolving deltas:  18% (220/1169)   Resolving deltas:  19% (224/1169)   Resolving deltas:  20% (238/1169)   Resolving deltas:  21% (246/1169)   Resolving deltas:  22% (260/1169)   Resolving deltas:  23% (269/1169)   Resolving deltas:  24% (281/1169)   Resolving deltas:  25% (298/1169)   Resolving deltas:  26% (311/1169)   Resolving deltas:  27% (316/1169)   Resolving deltas:  28% (329/1169)   Resolving deltas:  29% (341/1169)   Resolving deltas:  30% (354/1169)   Resolving deltas:  31% (372/1169)   Resolving deltas:  32% (382/1169)   Resolving deltas:  33% (392/1169)   Resolving deltas:  35% (411/1169)   Resolving deltas:  36% (428/1169)   Resolving deltas:  37% (433/1169)   Resolving deltas:  38% (446/1169)   Resolving deltas:  39% (456/1169)   Resolving deltas:  40% (470/1169)   Resolving deltas:  41% (484/1169)   Resolving deltas:  42% (495/1169)   Resolving deltas:  43% (504/1169)   Resolving deltas:  44% (515/1169)   Resolving deltas:  45% (527/1169)   Resolving deltas:  46% (542/1169)   Resolving deltas:  47% (552/1169)   Resolving deltas:  48% (569/1169)   Resolving deltas:  49% (573/1169)   Resolving deltas:  51% (599/1169)   Resolving deltas:  52% (612/1169)   Resolving deltas:  53% (620/1169)   Resolving deltas:  54% (640/1169)   Resolving deltas:  55% (647/1169)   Resolving deltas:  58% (680/1169)   Resolving deltas:  59% (695/1169)   Resolving deltas:  62% (735/1169)   Resolving deltas:  63% (737/1169)   Resolving deltas:  64% (750/1169)   Resolving deltas:  65% (761/1169)   Resolving deltas:  66% (772/1169)   Resolving deltas:  67% (785/1169)   Resolving deltas:  68% (796/1169)   Resolving deltas:  69% (811/1169)   Resolving deltas:  70% (821/1169)   Resolving deltas:  71% (834/1169)   Resolving deltas:  72% (842/1169)   Resolving deltas:  73% (855/1169)   Resolving deltas:  74% (866/1169)   Resolving deltas:  75% (877/1169)   Resolving deltas:  76% (892/1169)   Resolving deltas:  77% (907/1169)   Resolving deltas:  78% (914/1169)   Resolving deltas:  79% (924/1169)   Resolving deltas:  80% (936/1169)   Resolving deltas:  81% (950/1169)   Resolving deltas:  82% (959/1169)   Resolving deltas:  83% (971/1169)   Resolving deltas:  84% (982/1169)   Resolving deltas:  85% (995/1169)   Resolving deltas:  86% (1006/1169)   Resolving deltas:  87% (1018/1169)   Resolving deltas:  88% (1031/1169)   Resolving deltas:  89% (1051/1169)   Resolving deltas:  90% (1053/1169)   Resolving deltas:  91% (1064/1169)   Resolving deltas:  92% (1076/1169)   Resolving deltas:  93% (1088/1169)   Resolving deltas:  94% (1099/1169)   Resolving deltas:  95% (1111/1169)   Resolving deltas:  96% (1123/1169)   Resolving deltas:  97% (1137/1169)   Resolving deltas:  98% (1147/1169)   Resolving deltas: 100% (1169/1169)   Resolving deltas: 100% (1169/1169), done.
Checking connectivity... done.

travis_time:end:003bc806:start=1485950079830935988,finish=1485950080388507945,duration=557571957[0K$ cd NitorCreations/nflow
$ git checkout -qf 1e7ab2037d684c940c7b657d607daef6a1254b98
travis_fold:end:git.checkout[0Ktravis_fold:start:postgresql[0K[33;1mStarting PostgreSQL v9.4[0m
travis_time:start:00a2424e[0K$ sudo service postgresql stop
 * Stopping PostgreSQL 9.1 database server       [80G [74G[ OK ]
 * Stopping PostgreSQL 9.2 database server       [80G [74G[ OK ]
 * Stopping PostgreSQL 9.3 database server       [80G [74G[ OK ]
 * Stopping PostgreSQL 9.4 database server       [80G [74G[ OK ]

travis_time:end:00a2424e:start=1485950080418217191,finish=1485950081739307917,duration=1321090726[0Ktravis_time:start:0c05ddd9[0K$ sudo service postgresql start 9.4
 * Starting PostgreSQL 9.4 database server       [80G [74G[ OK ]

travis_time:end:0c05ddd9:start=1485950081744532406,finish=1485950083971386817,duration=2226854411[0Ktravis_time:start:04440cdf[0K$ sudo -u postgres createuser -s -p 5432 travis &>/dev/null

travis_time:end:04440cdf:start=1485950083976435535,finish=1485950084031548675,duration=55113140[0Ktravis_time:start:102558c8[0K$ sudo -u postgres createdb -O travis -p 5432 travis &>/dev/null

travis_time:end:102558c8:start=1485950084036821987,finish=1485950084304869119,duration=268047132[0Ktravis_time:start:03a39518[0K$ sudo -u postgres createuser -s -p 5433 travis &>/dev/null

travis_time:end:03a39518:start=1485950084310984595,finish=1485950084354581806,duration=43597211[0Ktravis_time:start:2e86232a[0K$ sudo -u postgres createdb -O travis -p 5433 travis &>/dev/null

travis_time:end:2e86232a:start=1485950084360082779,finish=1485950084417950868,duration=57868089[0Ktravis_fold:end:postgresql[0K
[33;1mThis job is running on container-based infrastructure, which does not allow use of 'sudo', setuid and setguid executables.[0m
[33;1mIf you require sudo, add 'sudo: required' to your .travis.yml[0m
[33;1mSee https://docs.travis-ci.com/user/workers/container-based-infrastructure/ for details.[0m

[33;1mSetting environment variables from .travis.yml[0m
$ export BUILD_SYSTEM=travis
$ export SPRING_PROFILES_ACTIVE=nflow.db.postgresql

travis_fold:start:cache.1[0KSetting up build cache
$ export CASHER_DIR=$HOME/.casher
travis_time:start:0960157e[0K$ Installing caching utilities

travis_time:end:0960157e:start=1485950087963558931,finish=1485950087997394156,duration=33835225[0Ktravis_time:start:273d4d7e[0K
travis_time:end:273d4d7e:start=1485950088003753189,finish=1485950088007807672,duration=4054483[0Ktravis_time:start:16ebd860[0K[32;1mattempting to download cache archive[0m
[32;1mfetching guice-module/cache-linux-precise-b67cf5d8bdbc7c45a68064867ea1ee27e5cc9b72ce81bde9065b56954aea0666--jdk-oraclejdk8.tgz[0m
[32;1mfound cache[0m

travis_time:end:16ebd860:start=1485950088012474125,finish=1485950089956402572,duration=1943928447[0Ktravis_time:start:03135ab1[0K
travis_time:end:03135ab1:start=1485950089961853370,finish=1485950089966022328,duration=4168958[0Ktravis_time:start:013a2276[0K[32;1madding /home/travis/.m2 to cache[0m

travis_time:end:013a2276:start=1485950089970731539,finish=1485950092912216276,duration=2941484737[0Ktravis_fold:end:cache.1[0K$ java -Xmx32m -version
java version "1.8.0_31"
Java(TM) SE Runtime Environment (build 1.8.0_31-b13)
Java HotSpot(TM) 64-Bit Server VM (build 25.31-b07, mixed mode)
$ javac -J-Xmx32m -version
javac 1.8.0_31
travis_fold:start:install[0Ktravis_time:start:2a5ee6e0[0K$ mvn install -DskipTests=true -Dmaven.javadoc.skip=true -B -V
Java HotSpot(TM) 64-Bit Server VM warning: ignoring option MaxPermSize=192m; support was removed in 8.0
Apache Maven 3.2.5 (12a6b3acb947671f09b81f49094c53f426d8cea1; 2014-12-14T17:29:23+00:00)
Maven home: /usr/local/maven
Java version: 1.8.0_31, vendor: Oracle Corporation
Java home: /usr/lib/jvm/java-8-oracle/jre
Default locale: en_US, platform encoding: UTF-8
OS name: "linux", version: "4.8.12-040812-generic", arch: "amd64", family: "unix"
[INFO] Scanning for projects...
[WARNING] 
[WARNING] Some problems were encountered while building the effective model for io.nflow:nflow-jetty:jar:4.0.1-SNAPSHOT
[WARNING] 'profiles.profile[oracle].dependencies.dependency.systemPath' for com.oracle:ojdbc7:jar should not point at files within the project directory, ${basedir}/../ojdbc7.jar will be unresolvable by dependent projects @ io.nflow:nflow-jetty:[unknown-version], /home/travis/build/NitorCreations/nflow/nflow-jetty/pom.xml, line 302, column 23
[WARNING] 
[WARNING] Some problems were encountered while building the effective model for io.nflow:nflow-tests:jar:4.0.1-SNAPSHOT
[WARNING] 'profiles.profile[oracle].dependencies.dependency.systemPath' for com.oracle:ojdbc7:jar should not point at files within the project directory, ${basedir}/../ojdbc7.jar will be unresolvable by dependent projects @ io.nflow:nflow-tests:[unknown-version], /home/travis/build/NitorCreations/nflow/nflow-tests/pom.xml, line 89, column 23
[WARNING] 
[WARNING] It is highly recommended to fix these problems because they threaten the stability of your build.
[WARNING] 
[WARNING] For this reason, future Maven versions might no longer support building such malformed projects.
[WARNING] 
[INFO] Inspecting build with total of 8 modules...
[INFO] Installing Nexus Staging features:
[INFO]   ... total of 8 executions of maven-deploy-plugin replaced with nexus-staging-maven-plugin
[INFO] ------------------------------------------------------------------------
[INFO] Reactor Build Order:
[INFO] 
[INFO] nflow
[INFO] nflow-engine
[INFO] nflow-rest-api
[INFO] nflow-jetty
[INFO] nflow-metrics
[INFO] nflow-tests
[INFO] nflow-perf-test
[INFO] nflow-guice
[INFO]                                                                         
[INFO] ------------------------------------------------------------------------
[INFO] Building nflow 4.0.1-SNAPSHOT
[INFO] ------------------------------------------------------------------------
[INFO] 
[INFO] --- maven-enforcer-plugin:1.4.1:enforce (ban-unwanted-dependencies) @ nflow-root ---
[INFO] 
[INFO] --- maven-source-plugin:3.0.1:jar-no-fork (attach-sources) @ nflow-root ---
[INFO] 
[INFO] --- maven-javadoc-plugin:2.10.4:jar (attach-javadocs) @ nflow-root ---
[INFO] Skipping javadoc generation
[INFO] 
[INFO] --- maven-install-plugin:2.5.2:install (default-install) @ nflow-root ---
[INFO] Installing /home/travis/build/NitorCreations/nflow/pom.xml to /home/travis/.m2/repository/io/nflow/nflow-root/4.0.1-SNAPSHOT/nflow-root-4.0.1-SNAPSHOT.pom
[INFO]                                                                         
[INFO] ------------------------------------------------------------------------
[INFO] Building nflow-engine 4.0.1-SNAPSHOT
[INFO] ------------------------------------------------------------------------
[INFO] 
[INFO] --- maven-enforcer-plugin:1.4.1:enforce (ban-unwanted-dependencies) @ nflow-engine ---
[INFO] 
[INFO] --- maven-resources-plugin:3.0.1:resources (default-resources) @ nflow-engine ---
[INFO] Using 'UTF-8' encoding to copy filtered resources.
[INFO] Copying 30 resources
[INFO] 
[INFO] --- maven-compiler-plugin:3.5.1:compile (default-compile) @ nflow-engine ---
[INFO] Changes detected - recompiling the module!
[INFO] Compiling 69 source files to /home/travis/build/NitorCreations/nflow/nflow-engine/target/classes
[INFO] 
[INFO] --- maven-resources-plugin:3.0.1:testResources (default-testResources) @ nflow-engine ---
[INFO] Using 'UTF-8' encoding to copy filtered resources.
[INFO] Copying 6 resources
[INFO] 
[INFO] --- maven-compiler-plugin:3.5.1:testCompile (default-testCompile) @ nflow-engine ---
[INFO] Changes detected - recompiling the module!
[INFO] Compiling 43 source files to /home/travis/build/NitorCreations/nflow/nflow-engine/target/test-classes
[INFO] 
[INFO] --- maven-surefire-plugin:2.19.1:test (default-test) @ nflow-engine ---
[INFO] Tests are skipped.
[INFO] 
[INFO] --- maven-jar-plugin:3.0.2:jar (default-jar) @ nflow-engine ---
[INFO] Building jar: /home/travis/build/NitorCreations/nflow/nflow-engine/target/nflow-engine-4.0.1-SNAPSHOT.jar
[INFO] 
[INFO] --- maven-source-plugin:3.0.1:jar-no-fork (attach-sources) @ nflow-engine ---
[INFO] Building jar: /home/travis/build/NitorCreations/nflow/nflow-engine/target/nflow-engine-4.0.1-SNAPSHOT-sources.jar
[INFO] 
[INFO] --- maven-javadoc-plugin:2.10.4:jar (attach-javadocs) @ nflow-engine ---
[INFO] Skipping javadoc generation
[INFO] 
[INFO] --- maven-install-plugin:2.5.2:install (default-install) @ nflow-engine ---
[INFO] Installing /home/travis/build/NitorCreations/nflow/nflow-engine/target/nflow-engine-4.0.1-SNAPSHOT.jar to /home/travis/.m2/repository/io/nflow/nflow-engine/4.0.1-SNAPSHOT/nflow-engine-4.0.1-SNAPSHOT.jar
[INFO] Installing /home/travis/build/NitorCreations/nflow/nflow-engine/pom.xml to /home/travis/.m2/repository/io/nflow/nflow-engine/4.0.1-SNAPSHOT/nflow-engine-4.0.1-SNAPSHOT.pom
[INFO] Installing /home/travis/build/NitorCreations/nflow/nflow-engine/target/nflow-engine-4.0.1-SNAPSHOT-sources.jar to /home/travis/.m2/repository/io/nflow/nflow-engine/4.0.1-SNAPSHOT/nflow-engine-4.0.1-SNAPSHOT-sources.jar
[INFO]                                                                         
[INFO] ------------------------------------------------------------------------
[INFO] Building nflow-rest-api 4.0.1-SNAPSHOT
[INFO] ------------------------------------------------------------------------
[INFO] 
[INFO] --- maven-enforcer-plugin:1.4.1:enforce (ban-unwanted-dependencies) @ nflow-rest-api ---
[INFO] 
[INFO] --- maven-resources-plugin:3.0.1:resources (default-resources) @ nflow-rest-api ---
[INFO] Using 'UTF-8' encoding to copy filtered resources.
[INFO] Copying 1 resource
[INFO] 
[INFO] --- maven-compiler-plugin:3.5.1:compile (default-compile) @ nflow-rest-api ---
[INFO] Changes detected - recompiling the module!
[INFO] Compiling 32 source files to /home/travis/build/NitorCreations/nflow/nflow-rest-api/target/classes
[INFO] 
[INFO] --- maven-resources-plugin:3.0.1:testResources (default-testResources) @ nflow-rest-api ---
[INFO] Using 'UTF-8' encoding to copy filtered resources.
[INFO] skip non existing resourceDirectory /home/travis/build/NitorCreations/nflow/nflow-rest-api/src/test/resources
[INFO] 
[INFO] --- maven-compiler-plugin:3.5.1:testCompile (default-testCompile) @ nflow-rest-api ---
[INFO] Changes detected - recompiling the module!
[INFO] Compiling 15 source files to /home/travis/build/NitorCreations/nflow/nflow-rest-api/target/test-classes
[INFO] 
[INFO] --- maven-surefire-plugin:2.19.1:test (default-test) @ nflow-rest-api ---
[INFO] Tests are skipped.
[INFO] 
[INFO] --- maven-jar-plugin:3.0.2:jar (default-jar) @ nflow-rest-api ---
[INFO] Building jar: /home/travis/build/NitorCreations/nflow/nflow-rest-api/target/nflow-rest-api-4.0.1-SNAPSHOT.jar
[INFO] 
[INFO] --- maven-source-plugin:3.0.1:jar-no-fork (attach-sources) @ nflow-rest-api ---
[INFO] Building jar: /home/travis/build/NitorCreations/nflow/nflow-rest-api/target/nflow-rest-api-4.0.1-SNAPSHOT-sources.jar
[INFO] 
[INFO] --- maven-javadoc-plugin:2.10.4:jar (attach-javadocs) @ nflow-rest-api ---
[INFO] Skipping javadoc generation
[INFO] 
[INFO] --- maven-install-plugin:2.5.2:install (default-install) @ nflow-rest-api ---
[INFO] Installing /home/travis/build/NitorCreations/nflow/nflow-rest-api/target/nflow-rest-api-4.0.1-SNAPSHOT.jar to /home/travis/.m2/repository/io/nflow/nflow-rest-api/4.0.1-SNAPSHOT/nflow-rest-api-4.0.1-SNAPSHOT.jar
[INFO] Installing /home/travis/build/NitorCreations/nflow/nflow-rest-api/pom.xml to /home/travis/.m2/repository/io/nflow/nflow-rest-api/4.0.1-SNAPSHOT/nflow-rest-api-4.0.1-SNAPSHOT.pom
[INFO] Installing /home/travis/build/NitorCreations/nflow/nflow-rest-api/target/nflow-rest-api-4.0.1-SNAPSHOT-sources.jar to /home/travis/.m2/repository/io/nflow/nflow-rest-api/4.0.1-SNAPSHOT/nflow-rest-api-4.0.1-SNAPSHOT-sources.jar
[INFO]                                                                         
[INFO] ------------------------------------------------------------------------
[INFO] Building nflow-jetty 4.0.1-SNAPSHOT
[INFO] ------------------------------------------------------------------------
[INFO] 
[INFO] --- maven-enforcer-plugin:1.4.1:enforce (ban-unwanted-dependencies) @ nflow-jetty ---
[INFO] 
[INFO] --- maven-dependency-plugin:2.10:unpack (unpack) @ nflow-jetty ---
[INFO] Configured Artifact: com.nitorcreations:nflow-explorer:1.2.3:tar.gz
[INFO] Unpacking /home/travis/.m2/repository/com/nitorcreations/nflow-explorer/1.2.3/nflow-explorer-1.2.3.tar.gz to /home/travis/build/NitorCreations/nflow/nflow-jetty/target/explorer with includes "" and excludes ""
[INFO] Expanding: /home/travis/.m2/repository/com/nitorcreations/nflow-explorer/1.2.3/nflow-explorer-1.2.3.tar.gz into /home/travis/build/NitorCreations/nflow/nflow-jetty/target/explorer
[INFO] 
[INFO] --- download-maven-plugin:1.3.0:wget (unpack-swagger-ui) @ nflow-jetty ---
[INFO] Got from cache: /home/travis/.m2/repository/.cache/download-maven-plugin/v2.1.4.tar.gz_de9920813a355cf20826ccb76acc6430
[INFO] Expanding: /home/travis/build/NitorCreations/nflow/nflow-jetty/target/swagger/v2.1.4.tar.gz into /home/travis/build/NitorCreations/nflow/nflow-jetty/target/swagger
[INFO] 
[INFO] --- maven-resources-plugin:3.0.1:resources (default-resources) @ nflow-jetty ---
[INFO] Using 'UTF-8' encoding to copy filtered resources.
[INFO] Copying 7 resources
[INFO] 
[INFO] --- maven-resources-plugin:3.0.1:copy-resources (copy-swagger-resources) @ nflow-jetty ---
[INFO] Using 'UTF-8' encoding to copy filtered resources.
[INFO] Copying 43 resources
[INFO] 
[INFO] --- maven-resources-plugin:3.0.1:copy-resources (copy-explorer-resources) @ nflow-jetty ---
[INFO] Using 'UTF-8' encoding to copy filtered resources.
[INFO] Copying 48 resources
[INFO] 
[INFO] --- maven-compiler-plugin:3.5.1:compile (default-compile) @ nflow-jetty ---
[INFO] Changes detected - recompiling the module!
[INFO] Compiling 16 source files to /home/travis/build/NitorCreations/nflow/nflow-jetty/target/classes
[INFO] 
[INFO] --- maven-resources-plugin:3.0.1:testResources (default-testResources) @ nflow-jetty ---
[INFO] Using 'UTF-8' encoding to copy filtered resources.
[INFO] Copying 3 resources
[INFO] 
[INFO] --- maven-compiler-plugin:3.5.1:testCompile (default-testCompile) @ nflow-jetty ---
[INFO] Changes detected - recompiling the module!
[INFO] Compiling 6 source files to /home/travis/build/NitorCreations/nflow/nflow-jetty/target/test-classes
[INFO] 
[INFO] --- maven-surefire-plugin:2.19.1:test (default-test) @ nflow-jetty ---
[INFO] Tests are skipped.
[INFO] 
[INFO] --- maven-jar-plugin:3.0.2:jar (default-jar) @ nflow-jetty ---
[INFO] Building jar: /home/travis/build/NitorCreations/nflow/nflow-jetty/target/nflow-jetty-4.0.1-SNAPSHOT.jar
[INFO] 
[INFO] --- maven-source-plugin:3.0.1:jar-no-fork (attach-sources) @ nflow-jetty ---
[INFO] Building jar: /home/travis/build/NitorCreations/nflow/nflow-jetty/target/nflow-jetty-4.0.1-SNAPSHOT-sources.jar
[INFO] 
[INFO] --- maven-javadoc-plugin:2.10.4:jar (attach-javadocs) @ nflow-jetty ---
[INFO] Skipping javadoc generation
[INFO] 
[INFO] --- maven-install-plugin:2.5.2:install (default-install) @ nflow-jetty ---
[INFO] Installing /home/travis/build/NitorCreations/nflow/nflow-jetty/target/nflow-jetty-4.0.1-SNAPSHOT.jar to /home/travis/.m2/repository/io/nflow/nflow-jetty/4.0.1-SNAPSHOT/nflow-jetty-4.0.1-SNAPSHOT.jar
[INFO] Installing /home/travis/build/NitorCreations/nflow/nflow-jetty/pom.xml to /home/travis/.m2/repository/io/nflow/nflow-jetty/4.0.1-SNAPSHOT/nflow-jetty-4.0.1-SNAPSHOT.pom
[INFO] Installing /home/travis/build/NitorCreations/nflow/nflow-jetty/target/nflow-jetty-4.0.1-SNAPSHOT-sources.jar to /home/travis/.m2/repository/io/nflow/nflow-jetty/4.0.1-SNAPSHOT/nflow-jetty-4.0.1-SNAPSHOT-sources.jar
[INFO]                                                                         
[INFO] ------------------------------------------------------------------------
[INFO] Building nflow-metrics 4.0.1-SNAPSHOT
[INFO] ------------------------------------------------------------------------
[INFO] 
[INFO] --- maven-enforcer-plugin:1.4.1:enforce (ban-unwanted-dependencies) @ nflow-metrics ---
[INFO] 
[INFO] --- maven-resources-plugin:3.0.1:resources (default-resources) @ nflow-metrics ---
[INFO] Using 'UTF-8' encoding to copy filtered resources.
[INFO] skip non existing resourceDirectory /home/travis/build/NitorCreations/nflow/nflow-metrics/src/main/resources
[INFO] 
[INFO] --- maven-compiler-plugin:3.5.1:compile (default-compile) @ nflow-metrics ---
[INFO] Changes detected - recompiling the module!
[INFO] Compiling 4 source files to /home/travis/build/NitorCreations/nflow/nflow-metrics/target/classes
[INFO] 
[INFO] --- maven-resources-plugin:3.0.1:testResources (default-testResources) @ nflow-metrics ---
[INFO] Using 'UTF-8' encoding to copy filtered resources.
[INFO] skip non existing resourceDirectory /home/travis/build/NitorCreations/nflow/nflow-metrics/src/test/resources
[INFO] 
[INFO] --- maven-compiler-plugin:3.5.1:testCompile (default-testCompile) @ nflow-metrics ---
[INFO] Changes detected - recompiling the module!
[INFO] Compiling 2 source files to /home/travis/build/NitorCreations/nflow/nflow-metrics/target/test-classes
[INFO] 
[INFO] --- maven-surefire-plugin:2.19.1:test (default-test) @ nflow-metrics ---
[INFO] Tests are skipped.
[INFO] 
[INFO] --- maven-jar-plugin:3.0.2:jar (default-jar) @ nflow-metrics ---
[INFO] Building jar: /home/travis/build/NitorCreations/nflow/nflow-metrics/target/nflow-metrics-4.0.1-SNAPSHOT.jar
[INFO] 
[INFO] --- maven-source-plugin:3.0.1:jar-no-fork (attach-sources) @ nflow-metrics ---
[INFO] Building jar: /home/travis/build/NitorCreations/nflow/nflow-metrics/target/nflow-metrics-4.0.1-SNAPSHOT-sources.jar
[INFO] 
[INFO] --- maven-javadoc-plugin:2.10.4:jar (attach-javadocs) @ nflow-metrics ---
[INFO] Skipping javadoc generation
[INFO] 
[INFO] --- maven-install-plugin:2.5.2:install (default-install) @ nflow-metrics ---
[INFO] Installing /home/travis/build/NitorCreations/nflow/nflow-metrics/target/nflow-metrics-4.0.1-SNAPSHOT.jar to /home/travis/.m2/repository/io/nflow/nflow-metrics/4.0.1-SNAPSHOT/nflow-metrics-4.0.1-SNAPSHOT.jar
[INFO] Installing /home/travis/build/NitorCreations/nflow/nflow-metrics/pom.xml to /home/travis/.m2/repository/io/nflow/nflow-metrics/4.0.1-SNAPSHOT/nflow-metrics-4.0.1-SNAPSHOT.pom
[INFO] Installing /home/travis/build/NitorCreations/nflow/nflow-metrics/target/nflow-metrics-4.0.1-SNAPSHOT-sources.jar to /home/travis/.m2/repository/io/nflow/nflow-metrics/4.0.1-SNAPSHOT/nflow-metrics-4.0.1-SNAPSHOT-sources.jar
[INFO]                                                                         
[INFO] ------------------------------------------------------------------------
[INFO] Building nflow-tests 4.0.1-SNAPSHOT
[INFO] ------------------------------------------------------------------------
[INFO] 
[INFO] --- maven-enforcer-plugin:1.4.1:enforce (ban-unwanted-dependencies) @ nflow-tests ---
[INFO] 
[INFO] --- maven-resources-plugin:3.0.1:resources (default-resources) @ nflow-tests ---
[INFO] Using 'UTF-8' encoding to copy filtered resources.
[INFO] Copying 3 resources
[INFO] 
[INFO] --- maven-compiler-plugin:3.5.1:compile (default-compile) @ nflow-tests ---
[INFO] Changes detected - recompiling the module!
[INFO] Compiling 10 source files to /home/travis/build/NitorCreations/nflow/nflow-tests/target/classes
[INFO] 
[INFO] --- maven-resources-plugin:3.0.1:testResources (default-testResources) @ nflow-tests ---
[INFO] Using 'UTF-8' encoding to copy filtered resources.
[INFO] Copying 1 resource
[INFO] 
[INFO] --- maven-compiler-plugin:3.5.1:testCompile (default-testCompile) @ nflow-tests ---
[INFO] Changes detected - recompiling the module!
[INFO] Compiling 18 source files to /home/travis/build/NitorCreations/nflow/nflow-tests/target/test-classes
[INFO] 
[INFO] --- maven-surefire-plugin:2.19.1:test (default-test) @ nflow-tests ---
[INFO] Tests are skipped.
[INFO] 
[INFO] --- maven-jar-plugin:3.0.2:jar (default-jar) @ nflow-tests ---
[INFO] Building jar: /home/travis/build/NitorCreations/nflow/nflow-tests/target/nflow-tests-4.0.1-SNAPSHOT.jar
[INFO] 
[INFO] --- asciidoctor-maven-plugin:1.5.3:process-asciidoc (generate-docs) @ nflow-tests ---
asciidoctor: WARNING: index.adoc: line 9: include file not found: /home/travis/build/NitorCreations/nflow/nflow-tests/src/main/asciidoc/swagger2markup/overview.adoc
asciidoctor: WARNING: index.adoc: line 10: include file not found: /home/travis/build/NitorCreations/nflow/nflow-tests/src/main/asciidoc/swagger2markup/paths.adoc
asciidoctor: WARNING: index.adoc: line 11: include file not found: /home/travis/build/NitorCreations/nflow/nflow-tests/src/main/asciidoc/swagger2markup/definitions.adoc
[INFO] Rendered /home/travis/build/NitorCreations/nflow/nflow-tests/src/main/asciidoc/swagger2markup/index.adoc
[INFO] 
[INFO] --- maven-shade-plugin:2.4.3:shade (default) @ nflow-tests ---
[INFO] Including io.nflow:nflow-jetty:jar:4.0.1-SNAPSHOT in the shaded jar.
[INFO] Including io.nflow:nflow-rest-api:jar:4.0.1-SNAPSHOT in the shaded jar.
[INFO] Including javax.ws.rs:javax.ws.rs-api:jar:2.0.1 in the shaded jar.
[INFO] Including io.swagger:swagger-annotations:jar:1.5.9 in the shaded jar.
[INFO] Including javax.validation:validation-api:jar:1.1.0.Final in the shaded jar.
[INFO] Including org.glassfish:javax.el:jar:3.0.0 in the shaded jar.
[INFO] Including org.hibernate:hibernate-validator:jar:5.2.4.Final in the shaded jar.
[INFO] Including org.jboss.logging:jboss-logging:jar:3.2.1.Final in the shaded jar.
[INFO] Including com.fasterxml:classmate:jar:1.1.0 in the shaded jar.
[INFO] Including com.nitorcreations:core-utils:jar:1.4 in the shaded jar.
[INFO] Including org.eclipse.jetty:jetty-server:jar:9.3.10.v20160621 in the shaded jar.
[INFO] Including org.eclipse.jetty:jetty-http:jar:9.3.10.v20160621 in the shaded jar.
[INFO] Including org.eclipse.jetty:jetty-io:jar:9.3.10.v20160621 in the shaded jar.
[INFO] Including org.eclipse.jetty:jetty-servlet:jar:9.3.10.v20160621 in the shaded jar.
[INFO] Including org.eclipse.jetty:jetty-security:jar:9.3.10.v20160621 in the shaded jar.
[INFO] Including org.eclipse.jetty:jetty-jmx:jar:9.3.10.v20160621 in the shaded jar.
[INFO] Including org.eclipse.jetty:jetty-util:jar:9.3.10.v20160621 in the shaded jar.
[INFO] Including org.apache.cxf:cxf-rt-frontend-jaxrs:jar:3.1.6 in the shaded jar.
[INFO] Including javax.annotation:javax.annotation-api:jar:1.2 in the shaded jar.
[INFO] Including org.apache.cxf:cxf-rt-management:jar:3.1.6 in the shaded jar.
[INFO] Including org.apache.cxf:cxf-rt-rs-service-description:jar:3.1.6 in the shaded jar.
[INFO] Including io.swagger:swagger-jaxrs:jar:1.5.9 in the shaded jar.
[INFO] Including com.fasterxml.jackson.dataformat:jackson-dataformat-yaml:jar:2.4.5 in the shaded jar.
[INFO] Including org.yaml:snakeyaml:jar:1.12 in the shaded jar.
[INFO] Including com.fasterxml.jackson.dataformat:jackson-dataformat-xml:jar:2.4.5 in the shaded jar.
[INFO] Including org.codehaus.woodstox:stax2-api:jar:3.1.4 in the shaded jar.
[INFO] Including io.swagger:swagger-core:jar:1.5.9 in the shaded jar.
[INFO] Including io.swagger:swagger-models:jar:1.5.9 in the shaded jar.
[INFO] Including org.reflections:reflections:jar:0.9.10 in the shaded jar.
[INFO] Including org.javassist:javassist:jar:3.20.0-GA in the shaded jar.
[INFO] Including com.google.guava:guava:jar:18.0 in the shaded jar.
[INFO] Including com.fasterxml.jackson.jaxrs:jackson-jaxrs-json-provider:jar:2.8.0 in the shaded jar.
[INFO] Including com.fasterxml.jackson.jaxrs:jackson-jaxrs-base:jar:2.8.0 in the shaded jar.
[INFO] Including com.fasterxml.jackson.module:jackson-module-jaxb-annotations:jar:2.8.0 in the shaded jar.
[INFO] Including org.springframework:spring-web:jar:4.3.1.RELEASE in the shaded jar.
[INFO] Including org.springframework:spring-aop:jar:4.3.1.RELEASE in the shaded jar.
[INFO] Including org.springframework:spring-beans:jar:4.3.1.RELEASE in the shaded jar.
[INFO] Including org.springframework:spring-context:jar:4.3.1.RELEASE in the shaded jar.
[INFO] Including org.springframework:spring-expression:jar:4.3.1.RELEASE in the shaded jar.
[INFO] Including org.slf4j:slf4j-api:jar:1.7.21 in the shaded jar.
[INFO] Including org.slf4j:log4j-over-slf4j:jar:1.7.21 in the shaded jar.
[INFO] Including org.slf4j:jcl-over-slf4j:jar:1.7.21 in the shaded jar.
[INFO] Including ch.qos.logback:logback-classic:jar:1.1.7 in the shaded jar.
[INFO] Including ch.qos.logback:logback-core:jar:1.1.7 in the shaded jar.
[INFO] Including org.slf4j:jul-to-slf4j:jar:1.7.21 in the shaded jar.
[INFO] Including org.apache.commons:commons-lang3:jar:3.4 in the shaded jar.
[INFO] Including com.h2database:h2:jar:1.4.192 in the shaded jar.
[INFO] Including io.dropwizard.metrics:metrics-servlets:jar:3.1.2 in the shaded jar.
[INFO] Including io.dropwizard.metrics:metrics-json:jar:3.1.2 in the shaded jar.
[INFO] Including io.dropwizard.metrics:metrics-jvm:jar:3.1.2 in the shaded jar.
[INFO] Including io.nflow:nflow-metrics:jar:4.0.1-SNAPSHOT in the shaded jar.
[INFO] Including io.dropwizard.metrics:metrics-core:jar:3.1.2 in the shaded jar.
[INFO] Including io.dropwizard.metrics:metrics-healthchecks:jar:3.1.2 in the shaded jar.
[INFO] Including io.nflow:nflow-engine:jar:4.0.1-SNAPSHOT in the shaded jar.
[INFO] Including org.springframework:spring-jdbc:jar:4.3.1.RELEASE in the shaded jar.
[INFO] Including org.springframework:spring-tx:jar:4.3.1.RELEASE in the shaded jar.
[INFO] Including javax.inject:javax.inject:jar:1 in the shaded jar.
[INFO] Including com.zaxxer:HikariCP-java6:jar:2.3.13 in the shaded jar.
[INFO] Including org.apache.cxf:cxf-rt-rs-client:jar:3.1.6 in the shaded jar.
[INFO] Including org.apache.cxf:cxf-rt-transports-http:jar:3.1.6 in the shaded jar.
[INFO] Including org.apache.cxf:cxf-core:jar:3.1.6 in the shaded jar.
[INFO] Including org.codehaus.woodstox:woodstox-core-asl:jar:4.4.1 in the shaded jar.
[INFO] Including org.apache.ws.xmlschema:xmlschema-core:jar:2.2.1 in the shaded jar.
[INFO] Including com.fasterxml.jackson.datatype:jackson-datatype-joda:jar:2.8.0 in the shaded jar.
[INFO] Including com.fasterxml.jackson.core:jackson-annotations:jar:2.8.0 in the shaded jar.
[INFO] Including com.fasterxml.jackson.core:jackson-core:jar:2.8.0 in the shaded jar.
[INFO] Including com.fasterxml.jackson.core:jackson-databind:jar:2.8.0 in the shaded jar.
[INFO] Including joda-time:joda-time:jar:2.9.4 in the shaded jar.
[INFO] Including com.google.code.findbugs:jsr305:jar:3.0.1 in the shaded jar.
[INFO] Including io.github.robwin:swagger2markup:jar:0.9.2 in the shaded jar.
[INFO] Including io.github.robwin:markup-document-builder:jar:0.1.5 in the shaded jar.
[INFO] Including io.swagger:swagger-compat-spec-parser:jar:1.0.13 in the shaded jar.
[INFO] Including io.swagger:swagger-parser:jar:1.0.13 in the shaded jar.
[INFO] Including org.slf4j:slf4j-ext:jar:1.6.3 in the shaded jar.
[INFO] Including ch.qos.cal10n:cal10n-api:jar:0.7.4 in the shaded jar.
[INFO] Including com.github.fge:json-schema-validator:jar:2.2.3 in the shaded jar.
[INFO] Including com.github.fge:json-schema-core:jar:1.2.1 in the shaded jar.
[INFO] Including com.github.fge:uri-template:jar:0.9 in the shaded jar.
[INFO] Including org.mozilla:rhino:jar:1.7R4 in the shaded jar.
[INFO] Including com.googlecode.libphonenumber:libphonenumber:jar:6.0 in the shaded jar.
[INFO] Including javax.mail:mailapi:jar:1.4.3 in the shaded jar.
[INFO] Including javax.activation:activation:jar:1.1 in the shaded jar.
[INFO] Including net.sf.jopt-simple:jopt-simple:jar:4.6 in the shaded jar.
[INFO] Including com.github.fge:json-patch:jar:1.6 in the shaded jar.
[INFO] Including com.github.fge:jackson-coreutils:jar:1.6 in the shaded jar.
[INFO] Including com.github.fge:msg-simple:jar:1.1 in the shaded jar.
[INFO] Including com.github.fge:btf:jar:1.2 in the shaded jar.
[INFO] Including org.apache.httpcomponents:httpclient:jar:4.3.3 in the shaded jar.
[INFO] Including org.apache.httpcomponents:httpcore:jar:4.3.2 in the shaded jar.
[INFO] Including commons-codec:commons-codec:jar:1.6 in the shaded jar.
[INFO] Including commons-collections:commons-collections:jar:3.2.1 in the shaded jar.
[INFO] Including commons-io:commons-io:jar:2.4 in the shaded jar.
[INFO] Including org.springframework:spring-core:jar:4.3.1.RELEASE in the shaded jar.
[INFO] Including org.postgresql:postgresql:jar:9.4.1208 in the shaded jar.
[INFO] Including mysql:mysql-connector-java:jar:5.1.38 in the shaded jar.
[INFO] Including javax.servlet:javax.servlet-api:jar:3.1.0 in the shaded jar.
[INFO] Including ru.yandex.qatools.embed:postgresql-embedded:jar:1.10 in the shaded jar.
[INFO] Including de.flapdoodle.embed:de.flapdoodle.embed.process:jar:1.50.1 in the shaded jar.
[INFO] Including net.java.dev.jna:jna:jar:4.0.0 in the shaded jar.
[INFO] Including net.java.dev.jna:jna-platform:jar:4.0.0 in the shaded jar.
[INFO] Including org.apache.commons:commons-compress:jar:1.3 in the shaded jar.
[INFO] Replacing original artifact with shaded artifact.
[INFO] Replacing /home/travis/build/NitorCreations/nflow/nflow-tests/target/nflow-tests-4.0.1-SNAPSHOT.jar with /home/travis/build/NitorCreations/nflow/nflow-tests/target/nflow-tests-4.0.1-SNAPSHOT-shaded.jar
[INFO] 
[INFO] --- maven-source-plugin:3.0.1:jar-no-fork (attach-sources) @ nflow-tests ---
[INFO] Building jar: /home/travis/build/NitorCreations/nflow/nflow-tests/target/nflow-tests-4.0.1-SNAPSHOT-sources.jar
[INFO] 
[INFO] --- maven-javadoc-plugin:2.10.4:jar (attach-javadocs) @ nflow-tests ---
[INFO] Skipping javadoc generation
[INFO] 
[INFO] --- maven-install-plugin:2.5.2:install (default-install) @ nflow-tests ---
[INFO] Installing /home/travis/build/NitorCreations/nflow/nflow-tests/target/nflow-tests-4.0.1-SNAPSHOT.jar to /home/travis/.m2/repository/io/nflow/nflow-tests/4.0.1-SNAPSHOT/nflow-tests-4.0.1-SNAPSHOT.jar
[INFO] Installing /home/travis/build/NitorCreations/nflow/nflow-tests/pom.xml to /home/travis/.m2/repository/io/nflow/nflow-tests/4.0.1-SNAPSHOT/nflow-tests-4.0.1-SNAPSHOT.pom
[INFO] Installing /home/travis/build/NitorCreations/nflow/nflow-tests/target/nflow-tests-4.0.1-SNAPSHOT-sources.jar to /home/travis/.m2/repository/io/nflow/nflow-tests/4.0.1-SNAPSHOT/nflow-tests-4.0.1-SNAPSHOT-sources.jar
[INFO]                                                                         
[INFO] ------------------------------------------------------------------------
[INFO] Building nflow-perf-test 4.0.1-SNAPSHOT
[INFO] ------------------------------------------------------------------------
[INFO] 
[INFO] --- maven-enforcer-plugin:1.4.1:enforce (ban-unwanted-dependencies) @ nflow-perf-test ---
[INFO] 
[INFO] --- maven-resources-plugin:3.0.1:resources (default-resources) @ nflow-perf-test ---
[INFO] Using 'UTF-8' encoding to copy filtered resources.
[INFO] Copying 1 resource
[INFO] 
[INFO] --- maven-compiler-plugin:3.5.1:compile (default-compile) @ nflow-perf-test ---
[INFO] Changes detected - recompiling the module!
[INFO] Compiling 13 source files to /home/travis/build/NitorCreations/nflow/nflow-perf-test/target/classes
[INFO] 
[INFO] --- maven-resources-plugin:3.0.1:testResources (default-testResources) @ nflow-perf-test ---
[INFO] Using 'UTF-8' encoding to copy filtered resources.
[INFO] skip non existing resourceDirectory /home/travis/build/NitorCreations/nflow/nflow-perf-test/src/test/resources
[INFO] 
[INFO] --- maven-compiler-plugin:3.5.1:testCompile (default-testCompile) @ nflow-perf-test ---
[INFO] No sources to compile
[INFO] 
[INFO] --- maven-surefire-plugin:2.19.1:test (default-test) @ nflow-perf-test ---
[INFO] Tests are skipped.
[INFO] 
[INFO] --- maven-jar-plugin:3.0.2:jar (default-jar) @ nflow-perf-test ---
[INFO] Building jar: /home/travis/build/NitorCreations/nflow/nflow-perf-test/target/nflow-perf-test-4.0.1-SNAPSHOT.jar
[INFO] 
[INFO] --- maven-shade-plugin:2.4.3:shade (default) @ nflow-perf-test ---
[INFO] Including io.nflow:nflow-jetty:jar:4.0.1-SNAPSHOT in the shaded jar.
[INFO] Including io.nflow:nflow-rest-api:jar:4.0.1-SNAPSHOT in the shaded jar.
[INFO] Including javax.ws.rs:javax.ws.rs-api:jar:2.0.1 in the shaded jar.
[INFO] Including io.swagger:swagger-annotations:jar:1.5.9 in the shaded jar.
[INFO] Including javax.validation:validation-api:jar:1.1.0.Final in the shaded jar.
[INFO] Including org.glassfish:javax.el:jar:3.0.0 in the shaded jar.
[INFO] Including org.hibernate:hibernate-validator:jar:5.2.4.Final in the shaded jar.
[INFO] Including org.jboss.logging:jboss-logging:jar:3.2.1.Final in the shaded jar.
[INFO] Including com.fasterxml:classmate:jar:1.1.0 in the shaded jar.
[INFO] Including com.nitorcreations:core-utils:jar:1.4 in the shaded jar.
[INFO] Including org.eclipse.jetty:jetty-server:jar:9.3.10.v20160621 in the shaded jar.
[INFO] Including org.eclipse.jetty:jetty-http:jar:9.3.10.v20160621 in the shaded jar.
[INFO] Including org.eclipse.jetty:jetty-io:jar:9.3.10.v20160621 in the shaded jar.
[INFO] Including org.eclipse.jetty:jetty-servlet:jar:9.3.10.v20160621 in the shaded jar.
[INFO] Including org.eclipse.jetty:jetty-security:jar:9.3.10.v20160621 in the shaded jar.
[INFO] Including org.eclipse.jetty:jetty-jmx:jar:9.3.10.v20160621 in the shaded jar.
[INFO] Including org.eclipse.jetty:jetty-util:jar:9.3.10.v20160621 in the shaded jar.
[INFO] Including org.apache.cxf:cxf-rt-frontend-jaxrs:jar:3.1.6 in the shaded jar.
[INFO] Including javax.annotation:javax.annotation-api:jar:1.2 in the shaded jar.
[INFO] Including org.apache.cxf:cxf-rt-management:jar:3.1.6 in the shaded jar.
[INFO] Including org.apache.cxf:cxf-rt-rs-service-description:jar:3.1.6 in the shaded jar.
[INFO] Including io.swagger:swagger-jaxrs:jar:1.5.9 in the shaded jar.
[INFO] Including com.fasterxml.jackson.dataformat:jackson-dataformat-yaml:jar:2.4.5 in the shaded jar.
[INFO] Including org.yaml:snakeyaml:jar:1.12 in the shaded jar.
[INFO] Including com.fasterxml.jackson.dataformat:jackson-dataformat-xml:jar:2.4.5 in the shaded jar.
[INFO] Including org.codehaus.woodstox:stax2-api:jar:3.1.4 in the shaded jar.
[INFO] Including io.swagger:swagger-core:jar:1.5.9 in the shaded jar.
[INFO] Including com.fasterxml.jackson.core:jackson-annotations:jar:2.8.0 in the shaded jar.
[INFO] Including io.swagger:swagger-models:jar:1.5.9 in the shaded jar.
[INFO] Including org.reflections:reflections:jar:0.9.10 in the shaded jar.
[INFO] Including org.javassist:javassist:jar:3.20.0-GA in the shaded jar.
[INFO] Including com.google.guava:guava:jar:18.0 in the shaded jar.
[INFO] Including com.fasterxml.jackson.jaxrs:jackson-jaxrs-json-provider:jar:2.8.0 in the shaded jar.
[INFO] Including com.fasterxml.jackson.jaxrs:jackson-jaxrs-base:jar:2.8.0 in the shaded jar.
[INFO] Including com.fasterxml.jackson.core:jackson-core:jar:2.8.0 in the shaded jar.
[INFO] Including com.fasterxml.jackson.core:jackson-databind:jar:2.8.0 in the shaded jar.
[INFO] Including com.fasterxml.jackson.module:jackson-module-jaxb-annotations:jar:2.8.0 in the shaded jar.
[INFO] Including org.springframework:spring-web:jar:4.3.1.RELEASE in the shaded jar.
[INFO] Including org.springframework:spring-aop:jar:4.3.1.RELEASE in the shaded jar.
[INFO] Including org.springframework:spring-beans:jar:4.3.1.RELEASE in the shaded jar.
[INFO] Including org.springframework:spring-context:jar:4.3.1.RELEASE in the shaded jar.
[INFO] Including org.springframework:spring-expression:jar:4.3.1.RELEASE in the shaded jar.
[INFO] Including org.springframework:spring-core:jar:4.3.1.RELEASE in the shaded jar.
[INFO] Including org.slf4j:slf4j-api:jar:1.7.21 in the shaded jar.
[INFO] Including org.slf4j:log4j-over-slf4j:jar:1.7.21 in the shaded jar.
[INFO] Including org.slf4j:jcl-over-slf4j:jar:1.7.21 in the shaded jar.
[INFO] Including ch.qos.logback:logback-classic:jar:1.1.7 in the shaded jar.
[INFO] Including ch.qos.logback:logback-core:jar:1.1.7 in the shaded jar.
[INFO] Including org.slf4j:jul-to-slf4j:jar:1.7.21 in the shaded jar.
[INFO] Including org.apache.commons:commons-lang3:jar:3.4 in the shaded jar.
[INFO] Including com.h2database:h2:jar:1.4.192 in the shaded jar.
[INFO] Including io.dropwizard.metrics:metrics-servlets:jar:3.1.2 in the shaded jar.
[INFO] Including io.dropwizard.metrics:metrics-json:jar:3.1.2 in the shaded jar.
[INFO] Including io.dropwizard.metrics:metrics-jvm:jar:3.1.2 in the shaded jar.
[INFO] Including io.nflow:nflow-metrics:jar:4.0.1-SNAPSHOT in the shaded jar.
[INFO] Including io.dropwizard.metrics:metrics-core:jar:3.1.2 in the shaded jar.
[INFO] Including io.dropwizard.metrics:metrics-healthchecks:jar:3.1.2 in the shaded jar.
[INFO] Including io.nflow:nflow-engine:jar:4.0.1-SNAPSHOT in the shaded jar.
[INFO] Including org.springframework:spring-jdbc:jar:4.3.1.RELEASE in the shaded jar.
[INFO] Including org.springframework:spring-tx:jar:4.3.1.RELEASE in the shaded jar.
[INFO] Including com.fasterxml.jackson.datatype:jackson-datatype-joda:jar:2.8.0 in the shaded jar.
[INFO] Including joda-time:joda-time:jar:2.9.4 in the shaded jar.
[INFO] Including javax.inject:javax.inject:jar:1 in the shaded jar.
[INFO] Including com.zaxxer:HikariCP-java6:jar:2.3.13 in the shaded jar.
[INFO] Including javax.servlet:javax.servlet-api:jar:3.1.0 in the shaded jar.
[INFO] Including org.apache.cxf:cxf-rt-rs-client:jar:3.1.6 in the shaded jar.
[INFO] Including org.apache.cxf:cxf-rt-transports-http:jar:3.1.6 in the shaded jar.
[INFO] Including org.apache.cxf:cxf-core:jar:3.1.6 in the shaded jar.
[INFO] Including org.codehaus.woodstox:woodstox-core-asl:jar:4.4.1 in the shaded jar.
[INFO] Including org.apache.ws.xmlschema:xmlschema-core:jar:2.2.1 in the shaded jar.
[INFO] Including org.postgresql:postgresql:jar:9.4.1208 in the shaded jar.
[INFO] Replacing original artifact with shaded artifact.
[INFO] Replacing /home/travis/build/NitorCreations/nflow/nflow-perf-test/target/nflow-perf-test-4.0.1-SNAPSHOT.jar with /home/travis/build/NitorCreations/nflow/nflow-perf-test/target/nflow-perf-test-4.0.1-SNAPSHOT-shaded.jar
[INFO] 
[INFO] --- maven-source-plugin:3.0.1:jar-no-fork (attach-sources) @ nflow-perf-test ---
[INFO] Building jar: /home/travis/build/NitorCreations/nflow/nflow-perf-test/target/nflow-perf-test-4.0.1-SNAPSHOT-sources.jar
[INFO] 
[INFO] --- maven-javadoc-plugin:2.10.4:jar (attach-javadocs) @ nflow-perf-test ---
[INFO] Skipping javadoc generation
[INFO] 
[INFO] --- maven-install-plugin:2.5.2:install (default-install) @ nflow-perf-test ---
[INFO] Installing /home/travis/build/NitorCreations/nflow/nflow-perf-test/target/nflow-perf-test-4.0.1-SNAPSHOT.jar to /home/travis/.m2/repository/io/nflow/nflow-perf-test/4.0.1-SNAPSHOT/nflow-perf-test-4.0.1-SNAPSHOT.jar
[INFO] Installing /home/travis/build/NitorCreations/nflow/nflow-perf-test/pom.xml to /home/travis/.m2/repository/io/nflow/nflow-perf-test/4.0.1-SNAPSHOT/nflow-perf-test-4.0.1-SNAPSHOT.pom
[INFO] Installing /home/travis/build/NitorCreations/nflow/nflow-perf-test/target/nflow-perf-test-4.0.1-SNAPSHOT-sources.jar to /home/travis/.m2/repository/io/nflow/nflow-perf-test/4.0.1-SNAPSHOT/nflow-perf-test-4.0.1-SNAPSHOT-sources.jar
[INFO]                                                                         
[INFO] ------------------------------------------------------------------------
[INFO] Building nflow-guice 4.0.1-SNAPSHOT
[INFO] ------------------------------------------------------------------------
[INFO] 
[INFO] --- maven-enforcer-plugin:1.4.1:enforce (ban-unwanted-dependencies) @ nflow-guice ---
[INFO] 
[INFO] --- maven-resources-plugin:3.0.1:resources (default-resources) @ nflow-guice ---
[INFO] Using 'UTF-8' encoding to copy filtered resources.
[INFO] skip non existing resourceDirectory /home/travis/build/NitorCreations/nflow/nflow-guice/src/main/resources
[INFO] 
[INFO] --- maven-compiler-plugin:3.5.1:compile (default-compile) @ nflow-guice ---
[INFO] Changes detected - recompiling the module!
[INFO] Compiling 1 source file to /home/travis/build/NitorCreations/nflow/nflow-guice/target/classes
[INFO] 
[INFO] --- maven-resources-plugin:3.0.1:testResources (default-testResources) @ nflow-guice ---
[INFO] Using 'UTF-8' encoding to copy filtered resources.
[INFO] Copying 2 resources
[INFO] 
[INFO] --- maven-compiler-plugin:3.5.1:testCompile (default-testCompile) @ nflow-guice ---
[INFO] Changes detected - recompiling the module!
[INFO] Compiling 2 source files to /home/travis/build/NitorCreations/nflow/nflow-guice/target/test-classes
[INFO] 
[INFO] --- maven-surefire-plugin:2.19.1:test (default-test) @ nflow-guice ---
[INFO] Tests are skipped.
[INFO] 
[INFO] --- maven-jar-plugin:3.0.2:jar (default-jar) @ nflow-guice ---
[INFO] Building jar: /home/travis/build/NitorCreations/nflow/nflow-guice/target/nflow-guice-4.0.1-SNAPSHOT.jar
[INFO] 
[INFO] --- maven-source-plugin:3.0.1:jar-no-fork (attach-sources) @ nflow-guice ---
[INFO] Building jar: /home/travis/build/NitorCreations/nflow/nflow-guice/target/nflow-guice-4.0.1-SNAPSHOT-sources.jar
[INFO] 
[INFO] --- maven-javadoc-plugin:2.10.4:jar (attach-javadocs) @ nflow-guice ---
[INFO] Skipping javadoc generation
[INFO] 
[INFO] --- maven-install-plugin:2.5.2:install (default-install) @ nflow-guice ---
[INFO] Installing /home/travis/build/NitorCreations/nflow/nflow-guice/target/nflow-guice-4.0.1-SNAPSHOT.jar to /home/travis/.m2/repository/io/nflow/nflow-guice/4.0.1-SNAPSHOT/nflow-guice-4.0.1-SNAPSHOT.jar
[INFO] Installing /home/travis/build/NitorCreations/nflow/nflow-guice/pom.xml to /home/travis/.m2/repository/io/nflow/nflow-guice/4.0.1-SNAPSHOT/nflow-guice-4.0.1-SNAPSHOT.pom
[INFO] Installing /home/travis/build/NitorCreations/nflow/nflow-guice/target/nflow-guice-4.0.1-SNAPSHOT-sources.jar to /home/travis/.m2/repository/io/nflow/nflow-guice/4.0.1-SNAPSHOT/nflow-guice-4.0.1-SNAPSHOT-sources.jar
[INFO] ------------------------------------------------------------------------
[INFO] Reactor Summary:
[INFO] 
[INFO] nflow .............................................. SUCCESS [  1.396 s]
[INFO] nflow-engine ....................................... SUCCESS [  6.597 s]
[INFO] nflow-rest-api ..................................... SUCCESS [  0.950 s]
[INFO] nflow-jetty ........................................ SUCCESS [  1.762 s]
[INFO] nflow-metrics ...................................... SUCCESS [  0.168 s]
[INFO] nflow-tests ........................................ SUCCESS [  9.458 s]
[INFO] nflow-perf-test .................................... SUCCESS [  3.461 s]
[INFO] nflow-guice ........................................ SUCCESS [  0.214 s]
[INFO] ------------------------------------------------------------------------
[INFO] BUILD SUCCESS
[INFO] ------------------------------------------------------------------------
[INFO] Total time: 25.194 s
[INFO] Finished at: 2017-02-01T11:55:21+00:00
[INFO] Final Memory: 63M/455M
[INFO] ------------------------------------------------------------------------

travis_time:end:2a5ee6e0:start=1485950093709131652,finish=1485950122015367482,duration=28306235830[0Ktravis_fold:end:install[0Ktravis_fold:start:before_script.1[0Ktravis_time:start:32ecb3c0[0K$ if [[ "$SPRING_PROFILES_ACTIVE" =~ postgre ]]; then psql -c "create user nflow with password 'nflow';" -U postgres; fi
CREATE ROLE

travis_time:end:32ecb3c0:start=1485950122020719225,finish=1485950122032701987,duration=11982762[0Ktravis_fold:end:before_script.1[0Ktravis_fold:start:before_script.2[0Ktravis_time:start:1d0a16e0[0K$ if [[ "$SPRING_PROFILES_ACTIVE" =~ postgre ]]; then psql -c "create database nflow owner nflow;" -U postgres; fi
CREATE DATABASE

travis_time:end:1d0a16e0:start=1485950122038091507,finish=1485950122268919087,duration=230827580[0Ktravis_fold:end:before_script.2[0Ktravis_fold:start:before_script.3[0Ktravis_time:start:0190da92[0K$ if [[ "$SPRING_PROFILES_ACTIVE" =~ mysql ]]; then mysql -v -e "create database nflow character set utf8mb4;" -u root; fi

travis_time:end:0190da92:start=1485950122275369505,finish=1485950122280614011,duration=5244506[0Ktravis_fold:end:before_script.3[0Ktravis_fold:start:before_script.4[0Ktravis_time:start:0cece924[0K$ if [[ "$SPRING_PROFILES_ACTIVE" =~ mysql ]]; then mysql -v -e "create user 'nflow'@'%' identified by 'nflow';" -u root; fi

travis_time:end:0cece924:start=1485950122287753391,finish=1485950122292119366,duration=4365975[0Ktravis_fold:end:before_script.4[0Ktravis_fold:start:before_script.5[0Ktravis_time:start:2ad29484[0K$ if [[ "$SPRING_PROFILES_ACTIVE" =~ mysql ]]; then mysql -v -e "create user 'nflow'@'localhost' identified by 'nflow';" -u root; fi

travis_time:end:2ad29484:start=1485950122297908396,finish=1485950122312408050,duration=14499654[0Ktravis_fold:end:before_script.5[0Ktravis_fold:start:before_script.6[0Ktravis_time:start:36e8e70e[0K$ if [[ "$SPRING_PROFILES_ACTIVE" =~ mysql ]]; then mysql -v -e "grant all on nflow.* TO 'nflow'@'%';" -u root; fi

travis_time:end:36e8e70e:start=1485950122319124282,finish=1485950122323994134,duration=4869852[0Ktravis_fold:end:before_script.6[0Ktravis_fold:start:before_script.7[0Ktravis_time:start:01240c92[0K$ if [[ "$SPRING_PROFILES_ACTIVE" =~ mysql ]]; then mysql -v -e "grant all on nflow.* TO 'nflow'@'localhost';" -u root; fi

travis_time:end:01240c92:start=1485950122329995476,finish=1485950122334897191,duration=4901715[0Ktravis_fold:end:before_script.7[0Ktravis_fold:start:before_script.8[0Ktravis_time:start:07a8d887[0K$ if [[ "$SPRING_PROFILES_ACTIVE" =~ mysql ]]; then mysql -v -e "flush privileges;" -u root; fi

travis_time:end:07a8d887:start=1485950122341343148,finish=1485950122345383943,duration=4040795[0Ktravis_fold:end:before_script.8[0Ktravis_time:start:24042e28[0K$ mvn test -B
Java HotSpot(TM) 64-Bit Server VM warning: ignoring option MaxPermSize=192m; support was removed in 8.0
[INFO] Scanning for projects...
[WARNING] 
[WARNING] Some problems were encountered while building the effective model for io.nflow:nflow-jetty:jar:4.0.1-SNAPSHOT
[WARNING] 'profiles.profile[oracle].dependencies.dependency.systemPath' for com.oracle:ojdbc7:jar should not point at files within the project directory, ${basedir}/../ojdbc7.jar will be unresolvable by dependent projects @ io.nflow:nflow-jetty:[unknown-version], /home/travis/build/NitorCreations/nflow/nflow-jetty/pom.xml, line 302, column 23
[WARNING] 
[WARNING] Some problems were encountered while building the effective model for io.nflow:nflow-tests:jar:4.0.1-SNAPSHOT
[WARNING] 'profiles.profile[oracle].dependencies.dependency.systemPath' for com.oracle:ojdbc7:jar should not point at files within the project directory, ${basedir}/../ojdbc7.jar will be unresolvable by dependent projects @ io.nflow:nflow-tests:[unknown-version], /home/travis/build/NitorCreations/nflow/nflow-tests/pom.xml, line 89, column 23
[WARNING] 
[WARNING] It is highly recommended to fix these problems because they threaten the stability of your build.
[WARNING] 
[WARNING] For this reason, future Maven versions might no longer support building such malformed projects.
[WARNING] 
[INFO] Inspecting build with total of 8 modules...
[INFO] Installing Nexus Staging features:
[INFO]   ... total of 8 executions of maven-deploy-plugin replaced with nexus-staging-maven-plugin
[INFO] ------------------------------------------------------------------------
[INFO] Reactor Build Order:
[INFO] 
[INFO] nflow
[INFO] nflow-engine
[INFO] nflow-rest-api
[INFO] nflow-jetty
[INFO] nflow-metrics
[INFO] nflow-tests
[INFO] nflow-perf-test
[INFO] nflow-guice
[INFO]                                                                         
[INFO] ------------------------------------------------------------------------
[INFO] Building nflow 4.0.1-SNAPSHOT
[INFO] ------------------------------------------------------------------------
[INFO] 
[INFO] --- maven-enforcer-plugin:1.4.1:enforce (ban-unwanted-dependencies) @ nflow-root ---
[INFO]                                                                         
[INFO] ------------------------------------------------------------------------
[INFO] Building nflow-engine 4.0.1-SNAPSHOT
[INFO] ------------------------------------------------------------------------
[INFO] 
[INFO] --- maven-enforcer-plugin:1.4.1:enforce (ban-unwanted-dependencies) @ nflow-engine ---
[INFO] 
[INFO] --- maven-resources-plugin:3.0.1:resources (default-resources) @ nflow-engine ---
[INFO] Using 'UTF-8' encoding to copy filtered resources.
[INFO] Copying 30 resources
[INFO] 
[INFO] --- maven-compiler-plugin:3.5.1:compile (default-compile) @ nflow-engine ---
[INFO] Changes detected - recompiling the module!
[INFO] Compiling 69 source files to /home/travis/build/NitorCreations/nflow/nflow-engine/target/classes
[INFO] 
[INFO] --- maven-resources-plugin:3.0.1:testResources (default-testResources) @ nflow-engine ---
[INFO] Using 'UTF-8' encoding to copy filtered resources.
[INFO] Copying 6 resources
[INFO] 
[INFO] --- maven-compiler-plugin:3.5.1:testCompile (default-testCompile) @ nflow-engine ---
[INFO] Nothing to compile - all classes are up to date
[INFO] 
[INFO] --- maven-surefire-plugin:2.19.1:test (default-test) @ nflow-engine ---

-------------------------------------------------------
 T E S T S
-------------------------------------------------------
Running io.nflow.engine.internal.config.EngineConfigurationTest
Tests run: 6, Failures: 0, Errors: 0, Skipped: 0, Time elapsed: 0.733 sec - in io.nflow.engine.internal.config.EngineConfigurationTest
Running io.nflow.engine.internal.config.PropertiesConfigurationTest
Tests run: 1, Failures: 0, Errors: 0, Skipped: 0, Time elapsed: 0 sec - in io.nflow.engine.internal.config.PropertiesConfigurationTest
Running io.nflow.engine.internal.config.WorkflowLifecycleTest
Tests run: 5, Failures: 0, Errors: 0, Skipped: 0, Time elapsed: 0.038 sec - in io.nflow.engine.internal.config.WorkflowLifecycleTest
Running io.nflow.engine.internal.workflow.WorkflowDefinitionScannerTest
Tests run: 7, Failures: 0, Errors: 0, Skipped: 0, Time elapsed: 0.047 sec - in io.nflow.engine.internal.workflow.WorkflowDefinitionScannerTest
Running io.nflow.engine.internal.workflow.StateExecutionImplTest
Tests run: 16, Failures: 0, Errors: 0, Skipped: 0, Time elapsed: 0.174 sec - in io.nflow.engine.internal.workflow.StateExecutionImplTest
Running io.nflow.engine.internal.util.PeriodicLoggerTest
Tests run: 3, Failures: 0, Errors: 0, Skipped: 0, Time elapsed: 0.021 sec - in io.nflow.engine.internal.util.PeriodicLoggerTest
Running io.nflow.engine.internal.executor.WorkflowStateProcessorTest
Tests run: 35, Failures: 0, Errors: 0, Skipped: 0, Time elapsed: 0.494 sec - in io.nflow.engine.internal.executor.WorkflowStateProcessorTest
Running io.nflow.engine.internal.executor.WorkflowStateProcessorFactoryTest
Tests run: 3, Failures: 0, Errors: 0, Skipped: 0, Time elapsed: 0.005 sec - in io.nflow.engine.internal.executor.WorkflowStateProcessorFactoryTest
Running io.nflow.engine.internal.executor.WorkflowDispatcherTest
Tests run: 9, Failures: 0, Errors: 0, Skipped: 0, Time elapsed: 0.463 sec - in io.nflow.engine.internal.executor.WorkflowDispatcherTest
Running io.nflow.engine.internal.executor.ThresholdBlockingQueueTest
Tests run: 4, Failures: 0, Errors: 0, Skipped: 0, Time elapsed: 7.011 sec - in io.nflow.engine.internal.executor.ThresholdBlockingQueueTest
Running io.nflow.engine.internal.executor.WorkflowInstanceExecutorTest
Tests run: 5, Failures: 0, Errors: 0, Skipped: 0, Time elapsed: 0.006 sec - in io.nflow.engine.internal.executor.WorkflowInstanceExecutorTest
Running io.nflow.engine.internal.dao.TableMetadataCheckerTest
Tests run: 8, Failures: 0, Errors: 0, Skipped: 0, Time elapsed: 1.346 sec - in io.nflow.engine.internal.dao.TableMetadataCheckerTest
Running io.nflow.engine.internal.dao.ExecutorDaoTest
Tests run: 3, Failures: 0, Errors: 0, Skipped: 0, Time elapsed: 0.307 sec - in io.nflow.engine.internal.dao.ExecutorDaoTest
Running io.nflow.engine.internal.dao.WorkflowDefinitionDaoTest
Tests run: 4, Failures: 0, Errors: 0, Skipped: 0, Time elapsed: 0.288 sec - in io.nflow.engine.internal.dao.WorkflowDefinitionDaoTest
Running io.nflow.engine.internal.dao.ArchiveDaoTest
Tests run: 5, Failures: 0, Errors: 0, Skipped: 0, Time elapsed: 0.483 sec - in io.nflow.engine.internal.dao.ArchiveDaoTest
Running io.nflow.engine.internal.dao.DaoUtilTest
Tests run: 2, Failures: 0, Errors: 0, Skipped: 0, Time elapsed: 0 sec - in io.nflow.engine.internal.dao.DaoUtilTest
Running io.nflow.engine.internal.dao.HealthCheckDaoTest
Tests run: 1, Failures: 0, Errors: 0, Skipped: 0, Time elapsed: 0.024 sec - in io.nflow.engine.internal.dao.HealthCheckDaoTest
Running io.nflow.engine.internal.dao.StatisticsDaoTest
Tests run: 5, Failures: 0, Errors: 0, Skipped: 0, Time elapsed: 0.088 sec - in io.nflow.engine.internal.dao.StatisticsDaoTest
Running io.nflow.engine.internal.dao.WorkflowInstanceDaoTest
Tests run: 35, Failures: 0, Errors: 3, Skipped: 0, Time elapsed: 0.549 sec <<< FAILURE! - in io.nflow.engine.internal.dao.WorkflowInstanceDaoTest
fakePostgreSQLinsertWorkflowInstance(io.nflow.engine.internal.dao.WorkflowInstanceDaoTest)  Time elapsed: 0.021 sec  <<< ERROR!
java.lang.NullPointerException
	at io.nflow.engine.internal.dao.WorkflowInstanceDaoTest.preparePostgreSQLDao(WorkflowInstanceDaoTest.java:622)
	at io.nflow.engine.internal.dao.WorkflowInstanceDaoTest.fakePostgreSQLinsertWorkflowInstance(WorkflowInstanceDaoTest.java:533)

fakePostgreSQLupdateWorkflowInstance(io.nflow.engine.internal.dao.WorkflowInstanceDaoTest)  Time elapsed: 0.003 sec  <<< ERROR!
java.lang.NullPointerException
	at io.nflow.engine.internal.dao.WorkflowInstanceDaoTest.preparePostgreSQLDao(WorkflowInstanceDaoTest.java:622)
	at io.nflow.engine.internal.dao.WorkflowInstanceDaoTest.fakePostgreSQLupdateWorkflowInstance(WorkflowInstanceDaoTest.java:490)

fakePostgreSQLpollNextWorkflowInstances(io.nflow.engine.internal.dao.WorkflowInstanceDaoTest)  Time elapsed: 0.004 sec  <<< ERROR!
java.lang.NullPointerException
	at io.nflow.engine.internal.dao.WorkflowInstanceDaoTest.preparePostgreSQLDao(WorkflowInstanceDaoTest.java:622)
	at io.nflow.engine.internal.dao.WorkflowInstanceDaoTest.fakePostgreSQLpollNextWorkflowInstances(WorkflowInstanceDaoTest.java:605)

Running io.nflow.engine.internal.storage.db.DatabaseInitializerTest
Tests run: 3, Failures: 0, Errors: 0, Skipped: 0, Time elapsed: 0.044 sec - in io.nflow.engine.internal.storage.db.DatabaseInitializerTest
Running io.nflow.engine.workflow.definition.MutableTest
Tests run: 3, Failures: 0, Errors: 0, Skipped: 0, Time elapsed: 0.001 sec - in io.nflow.engine.workflow.definition.MutableTest
Running io.nflow.engine.workflow.definition.WorkflowDefinitionTest
Tests run: 13, Failures: 0, Errors: 0, Skipped: 0, Time elapsed: 0.007 sec - in io.nflow.engine.workflow.definition.WorkflowDefinitionTest
Running io.nflow.engine.workflow.definition.AbstractWorkflowDefinitionTest
Tests run: 10, Failures: 0, Errors: 0, Skipped: 0, Time elapsed: 0.004 sec - in io.nflow.engine.workflow.definition.AbstractWorkflowDefinitionTest
Running io.nflow.engine.workflow.definition.NextActionTest
Tests run: 6, Failures: 0, Errors: 0, Skipped: 0, Time elapsed: 0.009 sec - in io.nflow.engine.workflow.definition.NextActionTest
Running io.nflow.engine.workflow.definition.WorkflowSettingsTest
Tests run: 5, Failures: 0, Errors: 0, Skipped: 0, Time elapsed: 0.001 sec - in io.nflow.engine.workflow.definition.WorkflowSettingsTest
Running io.nflow.engine.workflow.definition.WorkflowStateTypeTest
Tests run: 4, Failures: 0, Errors: 0, Skipped: 0, Time elapsed: 0.001 sec - in io.nflow.engine.workflow.definition.WorkflowStateTypeTest
Running io.nflow.engine.workflow.instance.WorkflowInstanceFactoryTest
Tests run: 1, Failures: 0, Errors: 0, Skipped: 0, Time elapsed: 0 sec - in io.nflow.engine.workflow.instance.WorkflowInstanceFactoryTest
Running io.nflow.engine.workflow.instance.WorkflowInstanceTest
Tests run: 5, Failures: 0, Errors: 0, Skipped: 0, Time elapsed: 0.001 sec - in io.nflow.engine.workflow.instance.WorkflowInstanceTest
Running io.nflow.engine.workflow.WorkflowInstancePreProcessorTest
Tests run: 5, Failures: 0, Errors: 0, Skipped: 0, Time elapsed: 0.004 sec - in io.nflow.engine.workflow.WorkflowInstancePreProcessorTest
Running io.nflow.engine.service.StatisticsServiceTest
Tests run: 2, Failures: 0, Errors: 0, Skipped: 0, Time elapsed: 0.007 sec - in io.nflow.engine.service.StatisticsServiceTest
Running io.nflow.engine.service.WorkflowDefinitionServiceTest
Tests run: 5, Failures: 0, Errors: 0, Skipped: 0, Time elapsed: 0.02 sec - in io.nflow.engine.service.WorkflowDefinitionServiceTest
Running io.nflow.engine.service.WorkflowInstanceServiceTest
Tests run: 9, Failures: 0, Errors: 0, Skipped: 0, Time elapsed: 0.025 sec - in io.nflow.engine.service.WorkflowInstanceServiceTest
Running io.nflow.engine.service.ArchiveServiceTest
Tests run: 3, Failures: 0, Errors: 0, Skipped: 0, Time elapsed: 0.008 sec - in io.nflow.engine.service.ArchiveServiceTest
Running io.nflow.engine.service.WorkflowDefinitionServiceWithSpringTest
Tests run: 1, Failures: 0, Errors: 0, Skipped: 0, Time elapsed: 0.223 sec - in io.nflow.engine.service.WorkflowDefinitionServiceWithSpringTest
Running io.nflow.engine.service.HealthCheckServiceTest
Tests run: 1, Failures: 0, Errors: 0, Skipped: 0, Time elapsed: 0 sec - in io.nflow.engine.service.HealthCheckServiceTest
Running io.nflow.engine.service.WorkflowExecutorServiceTest
Tests run: 1, Failures: 0, Errors: 0, Skipped: 0, Time elapsed: 0.002 sec - in io.nflow.engine.service.WorkflowExecutorServiceTest

Results :

Tests in error: 
  WorkflowInstanceDaoTest.fakePostgreSQLinsertWorkflowInstance:533->preparePostgreSQLDao:622 » NullPointer
  WorkflowInstanceDaoTest.fakePostgreSQLpollNextWorkflowInstances:605->preparePostgreSQLDao:622 » NullPointer
  WorkflowInstanceDaoTest.fakePostgreSQLupdateWorkflowInstance:490->preparePostgreSQLDao:622 » NullPointer

Tests run: 234, Failures: 0, Errors: 3, Skipped: 0

[INFO] ------------------------------------------------------------------------
[INFO] Reactor Summary:
[INFO] 
[INFO] nflow .............................................. SUCCESS [  0.484 s]
[INFO] nflow-engine ....................................... FAILURE [ 17.128 s]
[INFO] nflow-rest-api ..................................... SKIPPED
[INFO] nflow-jetty ........................................ SKIPPED
[INFO] nflow-metrics ...................................... SKIPPED
[INFO] nflow-tests ........................................ SKIPPED
[INFO] nflow-perf-test .................................... SKIPPED
[INFO] nflow-guice ........................................ SKIPPED
[INFO] ------------------------------------------------------------------------
[INFO] BUILD FAILURE
[INFO] ------------------------------------------------------------------------
[INFO] Total time: 18.605 s
[INFO] Finished at: 2017-02-01T11:55:42+00:00
[INFO] Final Memory: 23M/346M
[INFO] ------------------------------------------------------------------------
[ERROR] Failed to execute goal org.apache.maven.plugins:maven-surefire-plugin:2.19.1:test (default-test) on project nflow-engine: There are test failures.
[ERROR] 
[ERROR] Please refer to /home/travis/build/NitorCreations/nflow/nflow-engine/target/surefire-reports for the individual test results.
[ERROR] -> [Help 1]
[ERROR] 
[ERROR] To see the full stack trace of the errors, re-run Maven with the -e switch.
[ERROR] Re-run Maven using the -X switch to enable full debug logging.
[ERROR] 
[ERROR] For more information about the errors and possible solutions, please read the following articles:
[ERROR] [Help 1] http://cwiki.apache.org/confluence/display/MAVEN/MojoFailureException
[ERROR] 
[ERROR] After correcting the problems, you can resume the build with the command
[ERROR]   mvn <goals> -rf :nflow-engine

travis_time:end:24042e28:start=1485950122350416927,finish=1485950142705097087,duration=20354680160[0K
[31;1mThe command "mvn test -B" exited with 1.[0m
travis_fold:start:cache.2[0Kstore build cache
travis_time:start:089fb48c[0K
travis_time:end:089fb48c:start=1485950142710523721,finish=1485950142714743738,duration=4220017[0Ktravis_time:start:01f70f7c[0K[32;1mchange detected (content changed, file is created, or file is deleted):
/home/travis/.m2/repository/io/nflow/nflow-engine/4.0.1-SNAPSHOT/maven-metadata-local.xml
/home/travis/.m2/repository/io/nflow/nflow-engine/4.0.1-SNAPSHOT/nflow-engine-4.0.1-SNAPSHOT.jar
/home/travis/.m2/repository/io/nflow/nflow-engine/4.0.1-SNAPSHOT/nflow-engine-4.0.1-SNAPSHOT-sources.jar
/home/travis/.m2/repository/io/nflow/nflow-engine/4.0.1-SNAPSHOT/_remote.repositories
/home/travis/.m2/repository/io/nflow/nflow-engine/maven-metadata-local.xml
/home/travis/.m2/repository/io/nflow/nflow-guice/4.0.1-SNAPSHOT/maven-metadata-local.xml
/home/travis/.m2/repository/io/nflow/nflow-guice/4.0.1-SNAPSHOT/nflow-guice-4.0.1-SNAPSHOT.jar
/home/travis/.m2/repository/io/nflow/nflow-guice/4.0.1-SNAPSHOT/nflow-guice-4.0.1-SNAPSHOT-sources.jar
/home/travis/.m2/repository/io/nflow/nflow-guice/4.0.1-SNAPSHOT/_remote.repositories
/home/travis/.m2/repository/io/nflow/nflow-guice/maven-metadata-local.xml
/home/travis/.m2/repository/io/nflow/nflow-jetty/4.0.1-SNAPSHOT/maven-metadata-local.xml
/home/travis/
[0m
[32;1m...
[0m
[32;1mchanges detected, packing new archive[0m
.
[32;1muploading archive[0m

travis_time:end:01f70f7c:start=1485950142719627809,finish=1485950165109919551,duration=22390291742[0Ktravis_fold:end:cache.2[0Ktravis_fold:start:after_script[0Ktravis_time:start:2d32deaf[0K$ for i in nflow-*/target/surefire-reports/*.txt; do echo ">>>>>>>>>>>>>>>>>>>"; echo $i; echo "<<<<<<<<<<<<<<<<<<<<<"; cat $i; done
>>>>>>>>>>>>>>>>>>>
nflow-engine/target/surefire-reports/io.nflow.engine.internal.config.EngineConfigurationTest.txt
<<<<<<<<<<<<<<<<<<<<<
-------------------------------------------------------------------------------
Test set: io.nflow.engine.internal.config.EngineConfigurationTest
-------------------------------------------------------------------------------
Tests run: 6, Failures: 0, Errors: 0, Skipped: 0, Time elapsed: 0.733 sec - in io.nflow.engine.internal.config.EngineConfigurationTest
>>>>>>>>>>>>>>>>>>>
nflow-engine/target/surefire-reports/io.nflow.engine.internal.config.PropertiesConfigurationTest.txt
<<<<<<<<<<<<<<<<<<<<<
-------------------------------------------------------------------------------
Test set: io.nflow.engine.internal.config.PropertiesConfigurationTest
-------------------------------------------------------------------------------
Tests run: 1, Failures: 0, Errors: 0, Skipped: 0, Time elapsed: 0 sec - in io.nflow.engine.internal.config.PropertiesConfigurationTest
>>>>>>>>>>>>>>>>>>>
nflow-engine/target/surefire-reports/io.nflow.engine.internal.config.WorkflowLifecycleTest.txt
<<<<<<<<<<<<<<<<<<<<<
-------------------------------------------------------------------------------
Test set: io.nflow.engine.internal.config.WorkflowLifecycleTest
-------------------------------------------------------------------------------
Tests run: 5, Failures: 0, Errors: 0, Skipped: 0, Time elapsed: 0.038 sec - in io.nflow.engine.internal.config.WorkflowLifecycleTest
>>>>>>>>>>>>>>>>>>>
nflow-engine/target/surefire-reports/io.nflow.engine.internal.dao.ArchiveDaoTest.txt
<<<<<<<<<<<<<<<<<<<<<
-------------------------------------------------------------------------------
Test set: io.nflow.engine.internal.dao.ArchiveDaoTest
-------------------------------------------------------------------------------
Tests run: 5, Failures: 0, Errors: 0, Skipped: 0, Time elapsed: 0.483 sec - in io.nflow.engine.internal.dao.ArchiveDaoTest
>>>>>>>>>>>>>>>>>>>
nflow-engine/target/surefire-reports/io.nflow.engine.internal.dao.DaoUtilTest.txt
<<<<<<<<<<<<<<<<<<<<<
-------------------------------------------------------------------------------
Test set: io.nflow.engine.internal.dao.DaoUtilTest
-------------------------------------------------------------------------------
Tests run: 2, Failures: 0, Errors: 0, Skipped: 0, Time elapsed: 0 sec - in io.nflow.engine.internal.dao.DaoUtilTest
>>>>>>>>>>>>>>>>>>>
nflow-engine/target/surefire-reports/io.nflow.engine.internal.dao.ExecutorDaoTest-output.txt
<<<<<<<<<<<<<<<<<<<<<
01.02.2017 11:55:39 INFO  [main] orage.db.DatabaseConfiguration - [user:] Database connection to h2 using jdbc:h2:mem:test;TRACE_LEVEL_FILE=4
01.02.2017 11:55:40 INFO  [main] storage.db.DatabaseInitializer - [user:] Creating database populator using script 'scripts/db/h2.create.ddl.sql'
01.02.2017 11:55:40 INFO  [main] storage.db.DatabaseInitializer - [user:] Database created.
01.02.2017 11:55:40 INFO  [main] ngine.internal.dao.ExecutorDao - [user:] Joining executor group junit
>>>>>>>>>>>>>>>>>>>
nflow-engine/target/surefire-reports/io.nflow.engine.internal.dao.ExecutorDaoTest.txt
<<<<<<<<<<<<<<<<<<<<<
-------------------------------------------------------------------------------
Test set: io.nflow.engine.internal.dao.ExecutorDaoTest
-------------------------------------------------------------------------------
Tests run: 3, Failures: 0, Errors: 0, Skipped: 0, Time elapsed: 0.307 sec - in io.nflow.engine.internal.dao.ExecutorDaoTest
>>>>>>>>>>>>>>>>>>>
nflow-engine/target/surefire-reports/io.nflow.engine.internal.dao.HealthCheckDaoTest.txt
<<<<<<<<<<<<<<<<<<<<<
-------------------------------------------------------------------------------
Test set: io.nflow.engine.internal.dao.HealthCheckDaoTest
-------------------------------------------------------------------------------
Tests run: 1, Failures: 0, Errors: 0, Skipped: 0, Time elapsed: 0.024 sec - in io.nflow.engine.internal.dao.HealthCheckDaoTest
>>>>>>>>>>>>>>>>>>>
nflow-engine/target/surefire-reports/io.nflow.engine.internal.dao.StatisticsDaoTest.txt
<<<<<<<<<<<<<<<<<<<<<
-------------------------------------------------------------------------------
Test set: io.nflow.engine.internal.dao.StatisticsDaoTest
-------------------------------------------------------------------------------
Tests run: 5, Failures: 0, Errors: 0, Skipped: 0, Time elapsed: 0.088 sec - in io.nflow.engine.internal.dao.StatisticsDaoTest
>>>>>>>>>>>>>>>>>>>
nflow-engine/target/surefire-reports/io.nflow.engine.internal.dao.TableMetadataCheckerTest-output.txt
<<<<<<<<<<<<<<<<<<<<<
01.02.2017 11:55:39 INFO  [main] orage.db.DatabaseConfiguration - [user:] Database connection to h2 using jdbc:h2:mem:test;TRACE_LEVEL_FILE=4
01.02.2017 11:55:39 INFO  [main] storage.db.DatabaseInitializer - [user:] Creating database populator using script 'scripts/db/h2.create.ddl.sql'
01.02.2017 11:55:39 INFO  [main] storage.db.DatabaseInitializer - [user:] Database created.
01.02.2017 11:55:39 INFO  [main] storage.db.DatabaseInitializer - [user:] Creating database populator using script 'scripts/db/metadata.create.ddl.sql'
01.02.2017 11:55:39 INFO  [main] storage.db.DatabaseInitializer - [user:] Database created.
>>>>>>>>>>>>>>>>>>>
nflow-engine/target/surefire-reports/io.nflow.engine.internal.dao.TableMetadataCheckerTest.txt
<<<<<<<<<<<<<<<<<<<<<
-------------------------------------------------------------------------------
Test set: io.nflow.engine.internal.dao.TableMetadataCheckerTest
-------------------------------------------------------------------------------
Tests run: 8, Failures: 0, Errors: 0, Skipped: 0, Time elapsed: 1.346 sec - in io.nflow.engine.internal.dao.TableMetadataCheckerTest
>>>>>>>>>>>>>>>>>>>
nflow-engine/target/surefire-reports/io.nflow.engine.internal.dao.WorkflowDefinitionDaoTest.txt
<<<<<<<<<<<<<<<<<<<<<
-------------------------------------------------------------------------------
Test set: io.nflow.engine.internal.dao.WorkflowDefinitionDaoTest
-------------------------------------------------------------------------------
Tests run: 4, Failures: 0, Errors: 0, Skipped: 0, Time elapsed: 0.288 sec - in io.nflow.engine.internal.dao.WorkflowDefinitionDaoTest
>>>>>>>>>>>>>>>>>>>
nflow-engine/target/surefire-reports/io.nflow.engine.internal.dao.WorkflowInstanceDaoTest-output.txt
<<<<<<<<<<<<<<<<<<<<<
io.nflow.engine.internal.dao.PollingRaceConditionException: Race condition in polling workflow instances detected. Multiple pollers using same name (junit)
01.02.2017 11:55:41 INFO  [main] ternal.dao.WorkflowInstanceDao - [user:] Forcing action creation because new workflow instances are created or state variables are changed.
01.02.2017 11:55:41 WARN  [main] ternal.dao.WorkflowInstanceDao - [user:] Failed to insert workflow instance
org.springframework.dao.DuplicateKeyException: PreparedStatementCallback; SQL []; Unique index or primary key violation: "NFLOW_WORKFLOW_UNIQ ON PUBLIC.NFLOW_WORKFLOW(TYPE, EXTERNAL_ID, EXECUTOR_GROUP) VALUES ('dummy', 'extId', 'junit', 160)"; SQL statement:
insert into nflow_workflow(type, root_workflow_id, parent_workflow_id, parent_action_id, business_key, external_id, executor_group, status, state, state_text, next_activation) values (?, ?, ?, ?, ?, ?, ?, ?, ?, ?, ?) [23505-192]; nested exception is org.h2.jdbc.JdbcSQLException: Unique index or primary key violation: "NFLOW_WORKFLOW_UNIQ ON PUBLIC.NFLOW_WORKFLOW(TYPE, EXTERNAL_ID, EXECUTOR_GROUP) VALUES ('dummy', 'extId', 'junit', 160)"; SQL statement:
insert into nflow_workflow(type, root_workflow_id, parent_workflow_id, parent_action_id, business_key, external_id, executor_group, status, state, state_text, next_activation) values (?, ?, ?, ?, ?, ?, ?, ?, ?, ?, ?) [23505-192]
	at org.springframework.jdbc.support.SQLErrorCodeSQLExceptionTranslator.doTranslate(SQLErrorCodeSQLExceptionTranslator.java:239)
	at org.springframework.jdbc.support.AbstractFallbackSQLExceptionTranslator.translate(AbstractFallbackSQLExceptionTranslator.java:73)
	at org.springframework.jdbc.core.JdbcTemplate.execute(JdbcTemplate.java:649)
	at org.springframework.jdbc.core.JdbcTemplate.update(JdbcTemplate.java:904)
	at io.nflow.engine.internal.dao.WorkflowInstanceDao$1.doInTransaction(WorkflowInstanceDao.java:196)
	at io.nflow.engine.internal.dao.WorkflowInstanceDao$1.doInTransaction(WorkflowInstanceDao.java:191)
	at org.springframework.transaction.support.TransactionTemplate.execute(TransactionTemplate.java:133)
	at io.nflow.engine.internal.dao.WorkflowInstanceDao.insertWorkflowInstanceWithTransaction(WorkflowInstanceDao.java:191)
	at io.nflow.engine.internal.dao.WorkflowInstanceDao.insertWorkflowInstance(WorkflowInstanceDao.java:148)
	at io.nflow.engine.internal.dao.WorkflowInstanceDao$3.doInTransactionWithoutResult(WorkflowInstanceDao.java:329)
	at org.springframework.transaction.support.TransactionCallbackWithoutResult.doInTransaction(TransactionCallbackWithoutResult.java:34)
	at org.springframework.transaction.support.TransactionTemplate.execute(TransactionTemplate.java:133)
	at io.nflow.engine.internal.dao.WorkflowInstanceDao.updateWorkflowInstanceWithTransaction(WorkflowInstanceDao.java:319)
	at io.nflow.engine.internal.dao.WorkflowInstanceDao.updateWorkflowInstanceAfterExecution(WorkflowInstanceDao.java:301)
	at io.nflow.engine.internal.dao.WorkflowInstanceDao$$FastClassBySpringCGLIB$$f1fc6e3.invoke(<generated>)
	at org.springframework.cglib.proxy.MethodProxy.invoke(MethodProxy.java:204)
	at org.springframework.aop.framework.CglibAopProxy$DynamicAdvisedInterceptor.intercept(CglibAopProxy.java:651)
	at io.nflow.engine.internal.dao.WorkflowInstanceDao$$EnhancerBySpringCGLIB$$43f83f97.updateWorkflowInstanceAfterExecution(<generated>)
	at io.nflow.engine.internal.dao.WorkflowInstanceDaoTest.updateWorkflowInstanceWithChildWorkflowHavingExistinExternalIdWorks(WorkflowInstanceDaoTest.java:299)
	at sun.reflect.NativeMethodAccessorImpl.invoke0(Native Method)
	at sun.reflect.NativeMethodAccessorImpl.invoke(NativeMethodAccessorImpl.java:62)
	at sun.reflect.DelegatingMethodAccessorImpl.invoke(DelegatingMethodAccessorImpl.java:43)
	at java.lang.reflect.Method.invoke(Method.java:483)
	at org.junit.runners.model.FrameworkMethod$1.runReflectiveCall(FrameworkMethod.java:50)
	at org.junit.internal.runners.model.ReflectiveCallable.run(ReflectiveCallable.java:12)
	at org.junit.runners.model.FrameworkMethod.invokeExplosively(FrameworkMethod.java:47)
	at org.junit.internal.runners.statements.InvokeMethod.evaluate(InvokeMethod.java:17)
	at org.springframework.test.context.junit4.statements.RunBeforeTestMethodCallbacks.evaluate(RunBeforeTestMethodCallbacks.java:75)
	at org.junit.internal.runners.statements.RunAfters.evaluate(RunAfters.java:27)
	at org.springframework.test.context.junit4.statements.RunAfterTestMethodCallbacks.evaluate(RunAfterTestMethodCallbacks.java:86)
	at org.junit.rules.ExpectedException$ExpectedExceptionStatement.evaluate(ExpectedException.java:239)
	at org.junit.rules.RunRules.evaluate(RunRules.java:20)
	at org.springframework.test.context.junit4.statements.SpringRepeat.evaluate(SpringRepeat.java:84)
	at org.junit.runners.ParentRunner.runLeaf(ParentRunner.java:325)
	at org.springframework.test.context.junit4.SpringJUnit4ClassRunner.runChild(SpringJUnit4ClassRunner.java:252)
	at org.springframework.test.context.junit4.SpringJUnit4ClassRunner.runChild(SpringJUnit4ClassRunner.java:94)
	at org.junit.runners.ParentRunner$3.run(ParentRunner.java:290)
	at org.junit.runners.ParentRunner$1.schedule(ParentRunner.java:71)
	at org.junit.runners.ParentRunner.runChildren(ParentRunner.java:288)
	at org.junit.runners.ParentRunner.access$000(ParentRunner.java:58)
	at org.junit.runners.ParentRunner$2.evaluate(ParentRunner.java:268)
	at org.springframework.test.context.junit4.statements.RunBeforeTestClassCallbacks.evaluate(RunBeforeTestClassCallbacks.java:61)
	at org.springframework.test.context.junit4.statements.RunAfterTestClassCallbacks.evaluate(RunAfterTestClassCallbacks.java:70)
	at org.junit.runners.ParentRunner.run(ParentRunner.java:363)
	at org.springframework.test.context.junit4.SpringJUnit4ClassRunner.run(SpringJUnit4ClassRunner.java:191)
	at org.apache.maven.surefire.junit4.JUnit4Provider.execute(JUnit4Provider.java:367)
	at org.apache.maven.surefire.junit4.JUnit4Provider.executeWithRerun(JUnit4Provider.java:274)
	at org.apache.maven.surefire.junit4.JUnit4Provider.executeTestSet(JUnit4Provider.java:238)
	at org.apache.maven.surefire.junit4.JUnit4Provider.invoke(JUnit4Provider.java:161)
	at org.apache.maven.surefire.booter.ForkedBooter.invokeProviderInSameClassLoader(ForkedBooter.java:290)
	at org.apache.maven.surefire.booter.ForkedBooter.runSuitesInProcess(ForkedBooter.java:242)
	at org.apache.maven.surefire.booter.ForkedBooter.main(ForkedBooter.java:121)
Caused by: org.h2.jdbc.JdbcSQLException: Unique index or primary key violation: "NFLOW_WORKFLOW_UNIQ ON PUBLIC.NFLOW_WORKFLOW(TYPE, EXTERNAL_ID, EXECUTOR_GROUP) VALUES ('dummy', 'extId', 'junit', 160)"; SQL statement:
insert into nflow_workflow(type, root_workflow_id, parent_workflow_id, parent_action_id, business_key, external_id, executor_group, status, state, state_text, next_activation) values (?, ?, ?, ?, ?, ?, ?, ?, ?, ?, ?) [23505-192]
	at org.h2.message.DbException.getJdbcSQLException(DbException.java:345)
	at org.h2.message.DbException.get(DbException.java:179)
	at org.h2.message.DbException.get(DbException.java:155)
	at org.h2.index.BaseIndex.getDuplicateKeyException(BaseIndex.java:103)
	at org.h2.mvstore.db.MVSecondaryIndex.checkUnique(MVSecondaryIndex.java:231)
	at org.h2.mvstore.db.MVSecondaryIndex.add(MVSecondaryIndex.java:190)
	at org.h2.mvstore.db.MVTable.addRow(MVTable.java:704)
	at org.h2.command.dml.Insert.insertRows(Insert.java:156)
	at org.h2.command.dml.Insert.update(Insert.java:114)
	at org.h2.command.CommandContainer.update(CommandContainer.java:98)
	at org.h2.command.Command.executeUpdate(Command.java:258)
	at org.h2.jdbc.JdbcPreparedStatement.executeUpdateInternal(JdbcPreparedStatement.java:160)
	at org.h2.jdbc.JdbcPreparedStatement.executeUpdate(JdbcPreparedStatement.java:146)
	at com.zaxxer.hikari.proxy.PreparedStatementProxy.executeUpdate(PreparedStatementProxy.java:61)
	at com.zaxxer.hikari.proxy.HikariPreparedStatementProxy.executeUpdate(HikariPreparedStatementProxy.java)
	at org.springframework.jdbc.core.JdbcTemplate$3.doInPreparedStatement(JdbcTemplate.java:907)
	at org.springframework.jdbc.core.JdbcTemplate$3.doInPreparedStatement(JdbcTemplate.java:904)
	at org.springframework.jdbc.core.JdbcTemplate.execute(JdbcTemplate.java:633)
	... 49 common frames omitted
01.02.2017 11:55:41 INFO  [main] ternal.dao.WorkflowInstanceDao - [user:] Forcing action creation because new workflow instances are created or state variables are changed.
01.02.2017 11:55:41 INFO  [main] ternal.dao.WorkflowInstanceDao - [user:] Forcing action creation because new workflow instances are created or state variables are changed.
01.02.2017 11:55:41 INFO  [main] ternal.dao.WorkflowInstanceDao - [user:] Forcing action creation because new workflow instances are created or state variables are changed.
01.02.2017 11:55:41 INFO  [main] ternal.dao.WorkflowInstanceDao - [user:] Forcing action creation because new workflow instances are created or state variables are changed.
01.02.2017 11:55:41 INFO  [main] ternal.dao.WorkflowInstanceDao - [user:] Forcing action creation because new workflow instances are created or state variables are changed.
01.02.2017 11:55:41 INFO  [main] ternal.dao.WorkflowInstanceDao - [user:] Forcing action creation because new workflow instances are created or state variables are changed.
01.02.2017 11:55:41 INFO  [main] ternal.dao.WorkflowInstanceDao - [user:] Forcing action creation because new workflow instances are created or state variables are changed.
>>>>>>>>>>>>>>>>>>>
nflow-engine/target/surefire-reports/io.nflow.engine.internal.dao.WorkflowInstanceDaoTest.txt
<<<<<<<<<<<<<<<<<<<<<
-------------------------------------------------------------------------------
Test set: io.nflow.engine.internal.dao.WorkflowInstanceDaoTest
-------------------------------------------------------------------------------
Tests run: 35, Failures: 0, Errors: 3, Skipped: 0, Time elapsed: 0.549 sec <<< FAILURE! - in io.nflow.engine.internal.dao.WorkflowInstanceDaoTest
fakePostgreSQLinsertWorkflowInstance(io.nflow.engine.internal.dao.WorkflowInstanceDaoTest)  Time elapsed: 0.021 sec  <<< ERROR!
java.lang.NullPointerException
	at io.nflow.engine.internal.dao.WorkflowInstanceDaoTest.preparePostgreSQLDao(WorkflowInstanceDaoTest.java:622)
	at io.nflow.engine.internal.dao.WorkflowInstanceDaoTest.fakePostgreSQLinsertWorkflowInstance(WorkflowInstanceDaoTest.java:533)

fakePostgreSQLupdateWorkflowInstance(io.nflow.engine.internal.dao.WorkflowInstanceDaoTest)  Time elapsed: 0.003 sec  <<< ERROR!
java.lang.NullPointerException
	at io.nflow.engine.internal.dao.WorkflowInstanceDaoTest.preparePostgreSQLDao(WorkflowInstanceDaoTest.java:622)
	at io.nflow.engine.internal.dao.WorkflowInstanceDaoTest.fakePostgreSQLupdateWorkflowInstance(WorkflowInstanceDaoTest.java:490)

fakePostgreSQLpollNextWorkflowInstances(io.nflow.engine.internal.dao.WorkflowInstanceDaoTest)  Time elapsed: 0.004 sec  <<< ERROR!
java.lang.NullPointerException
	at io.nflow.engine.internal.dao.WorkflowInstanceDaoTest.preparePostgreSQLDao(WorkflowInstanceDaoTest.java:622)
	at io.nflow.engine.internal.dao.WorkflowInstanceDaoTest.fakePostgreSQLpollNextWorkflowInstances(WorkflowInstanceDaoTest.java:605)

>>>>>>>>>>>>>>>>>>>
nflow-engine/target/surefire-reports/io.nflow.engine.internal.executor.ThresholdBlockingQueueTest.txt
<<<<<<<<<<<<<<<<<<<<<
-------------------------------------------------------------------------------
Test set: io.nflow.engine.internal.executor.ThresholdBlockingQueueTest
-------------------------------------------------------------------------------
Tests run: 4, Failures: 0, Errors: 0, Skipped: 0, Time elapsed: 7.011 sec - in io.nflow.engine.internal.executor.ThresholdBlockingQueueTest
>>>>>>>>>>>>>>>>>>>
nflow-engine/target/surefire-reports/io.nflow.engine.internal.executor.WorkflowDispatcherTest-output.txt
<<<<<<<<<<<<<<<<<<<<<
01.02.2017 11:55:31 INFO  [thread Dispatcher] al.executor.WorkflowDispatcher - [user:] Starting.
01.02.2017 11:55:31 INFO  [thread Shutdown] al.executor.WorkflowDispatcher - [user:] Shutdown requested.
01.02.2017 11:55:31 INFO  [thread Shutdown] al.executor.WorkflowDispatcher - [user:] Shutdown interrupted.
01.02.2017 11:55:31 INFO  [thread Dispatcher] al.executor.WorkflowDispatcher - [user:] Shutdown finished.
01.02.2017 11:55:31 INFO  [thread Dispatcher] al.executor.WorkflowDispatcher - [user:] Starting.
01.02.2017 11:55:31 INFO  [thread Shutdown] al.executor.WorkflowDispatcher - [user:] Shutdown requested.
01.02.2017 11:55:31 INFO  [thread Dispatcher] al.executor.WorkflowDispatcher - [user:] Shutdown finished.
01.02.2017 11:55:31 INFO  [thread Dispatcher] al.executor.WorkflowDispatcher - [user:] Starting.
01.02.2017 11:55:31 INFO  [thread Shutdown] al.executor.WorkflowDispatcher - [user:] Shutdown requested.
01.02.2017 11:55:31 INFO  [thread Dispatcher] al.executor.WorkflowDispatcher - [user:] Shutdown finished.
01.02.2017 11:55:31 ERROR [thread Dispatcher] al.executor.WorkflowDispatcher - [user:] Error in shutting down thread pool.
java.lang.RuntimeException: Expected: exception on pool shutdown
	at io.nflow.engine.internal.executor.WorkflowDispatcher.shutdownPool(WorkflowDispatcher.java:104)
	at io.nflow.engine.internal.executor.WorkflowDispatcher.run(WorkflowDispatcher.java:84)
	at io.nflow.engine.internal.executor.WorkflowDispatcherTest$1ExceptionOnPoolShutdownIsNotPropagated.threadDispatcher(WorkflowDispatcherTest.java:237)
	at sun.reflect.NativeMethodAccessorImpl.invoke0(Native Method)
	at sun.reflect.NativeMethodAccessorImpl.invoke(NativeMethodAccessorImpl.java:62)
	at sun.reflect.DelegatingMethodAccessorImpl.invoke(DelegatingMethodAccessorImpl.java:43)
	at java.lang.reflect.Method.invoke(Method.java:483)
	at edu.umd.cs.mtc.TestFramework$2.run(TestFramework.java:592)
	at java.lang.Thread.run(Thread.java:745)
01.02.2017 11:55:31 INFO  [thread Dispatcher] al.executor.WorkflowDispatcher - [user:] Starting.
01.02.2017 11:55:31 INFO  [thread Shutdown] al.executor.WorkflowDispatcher - [user:] Shutdown requested.
01.02.2017 11:55:31 INFO  [thread Dispatcher] al.executor.WorkflowDispatcher - [user:] Shutdown finished.
01.02.2017 11:55:31 INFO  [main] al.executor.WorkflowDispatcher - [user:] Shutdown requested.
01.02.2017 11:55:31 INFO  [thread Dispatcher] al.executor.WorkflowDispatcher - [user:] Starting.
01.02.2017 11:55:31 INFO  [thread Shutdown] al.executor.WorkflowDispatcher - [user:] Shutdown requested.
01.02.2017 11:55:31 INFO  [thread Dispatcher] al.executor.WorkflowDispatcher - [user:] Shutdown finished.
01.02.2017 11:55:31 INFO  [thread Dispatcher] al.executor.WorkflowDispatcher - [user:] Starting.
01.02.2017 11:55:31 INFO  [thread Dispatcher] al.executor.WorkflowDispatcher - [user:] Shutdown finished.
01.02.2017 11:55:31 INFO  [thread Dispatcher] al.executor.WorkflowDispatcher - [user:] Starting.
01.02.2017 11:55:31 ERROR [thread Dispatcher] al.executor.WorkflowDispatcher - [user:] Exception in executing dispatcher - retrying after sleep period (Expected: exception during dispatcher execution)
java.lang.RuntimeException: Expected: exception during dispatcher execution
	at io.nflow.engine.internal.executor.WorkflowDispatcher.getNextInstanceIds(WorkflowDispatcher.java:125)
	at io.nflow.engine.internal.executor.WorkflowDispatcher.run(WorkflowDispatcher.java:72)
	at io.nflow.engine.internal.executor.WorkflowDispatcherTest$1ExceptionDuringDispatcherExecutionCausesRetry.threadDispatcher(WorkflowDispatcherTest.java:105)
	at sun.reflect.NativeMethodAccessorImpl.invoke0(Native Method)
	at sun.reflect.NativeMethodAccessorImpl.invoke(NativeMethodAccessorImpl.java:62)
	at sun.reflect.DelegatingMethodAccessorImpl.invoke(DelegatingMethodAccessorImpl.java:43)
	at java.lang.reflect.Method.invoke(Method.java:483)
	at edu.umd.cs.mtc.TestFramework$2.run(TestFramework.java:592)
	at java.lang.Thread.run(Thread.java:745)
01.02.2017 11:55:31 INFO  [thread Shutdown] al.executor.WorkflowDispatcher - [user:] Shutdown requested.
01.02.2017 11:55:31 INFO  [thread Dispatcher] al.executor.WorkflowDispatcher - [user:] Shutdown finished.
01.02.2017 11:55:31 INFO  [thread Dispatcher] al.executor.WorkflowDispatcher - [user:] Starting.
01.02.2017 11:55:31 WARN  [thread Dispatcher] al.executor.WorkflowDispatcher - [user:] 2 of 2 state processor threads are potentially stuck (processing longer than 60 seconds)
01.02.2017 11:55:31 INFO  [thread Shutdown] al.executor.WorkflowDispatcher - [user:] Shutdown requested.
01.02.2017 11:55:31 INFO  [thread Dispatcher] al.executor.WorkflowDispatcher - [user:] Shutdown finished.
>>>>>>>>>>>>>>>>>>>
nflow-engine/target/surefire-reports/io.nflow.engine.internal.executor.WorkflowDispatcherTest.txt
<<<<<<<<<<<<<<<<<<<<<
-------------------------------------------------------------------------------
Test set: io.nflow.engine.internal.executor.WorkflowDispatcherTest
-------------------------------------------------------------------------------
Tests run: 9, Failures: 0, Errors: 0, Skipped: 0, Time elapsed: 0.463 sec - in io.nflow.engine.internal.executor.WorkflowDispatcherTest
>>>>>>>>>>>>>>>>>>>
nflow-engine/target/surefire-reports/io.nflow.engine.internal.executor.WorkflowInstanceExecutorTest.txt
<<<<<<<<<<<<<<<<<<<<<
-------------------------------------------------------------------------------
Test set: io.nflow.engine.internal.executor.WorkflowInstanceExecutorTest
-------------------------------------------------------------------------------
Tests run: 5, Failures: 0, Errors: 0, Skipped: 0, Time elapsed: 0.006 sec - in io.nflow.engine.internal.executor.WorkflowInstanceExecutorTest
>>>>>>>>>>>>>>>>>>>
nflow-engine/target/surefire-reports/io.nflow.engine.internal.executor.WorkflowStateProcessorFactoryTest.txt
<<<<<<<<<<<<<<<<<<<<<
-------------------------------------------------------------------------------
Test set: io.nflow.engine.internal.executor.WorkflowStateProcessorFactoryTest
-------------------------------------------------------------------------------
Tests run: 3, Failures: 0, Errors: 0, Skipped: 0, Time elapsed: 0.005 sec - in io.nflow.engine.internal.executor.WorkflowStateProcessorFactoryTest
>>>>>>>>>>>>>>>>>>>
nflow-engine/target/surefire-reports/io.nflow.engine.internal.executor.WorkflowStateProcessorTest-output.txt
<<<<<<<<<<<<<<<<<<<<<
01.02.2017 11:55:30 WARN  [Time-limited test] xecutor.WorkflowStateProcessor - [user:] Workflow type test not configured to this nFlow instance - rescheduling workflow instance
01.02.2017 11:55:30 WARN  [Time-limited test] xecutor.WorkflowStateProcessor - [user:] Workflow state invalid not configured to workflow type simple-test - rescheduling workflow instance
01.02.2017 11:55:30 ERROR [Time-limited test] xecutor.WorkflowStateProcessor - [user:] Handler threw exception, trying again later.
java.lang.RuntimeException: test-fail
	at io.nflow.engine.internal.executor.WorkflowStateProcessorTest$FailingTestWorkflow.start(WorkflowStateProcessorTest.java:916)
	at sun.reflect.NativeMethodAccessorImpl.invoke0(Native Method)
	at sun.reflect.NativeMethodAccessorImpl.invoke(NativeMethodAccessorImpl.java:62)
	at sun.reflect.DelegatingMethodAccessorImpl.invoke(DelegatingMethodAccessorImpl.java:43)
	at java.lang.reflect.Method.invoke(Method.java:483)
	at org.springframework.util.ReflectionUtils.invokeMethod(ReflectionUtils.java:216)
	at io.nflow.engine.internal.executor.WorkflowStateProcessor$NormalStateHandler.getNextAction(WorkflowStateProcessor.java:315)
	at io.nflow.engine.internal.executor.WorkflowStateProcessor$StateHandler.processState(WorkflowStateProcessor.java:364)
	at io.nflow.engine.internal.executor.WorkflowStateProcessor$ProcessingExecutorListener.process(WorkflowStateProcessor.java:301)
	at io.nflow.engine.internal.executor.WorkflowStateProcessor$ExecutorListenerChain.next(WorkflowStateProcessor.java:281)
	at io.nflow.engine.internal.executor.WorkflowStateProcessorTest$2.answer(WorkflowStateProcessorTest.java:375)
	at org.mockito.internal.stubbing.StubbedInvocationMatcher.answer(StubbedInvocationMatcher.java:34)
	at org.mockito.internal.handler.MockHandlerImpl.handle(MockHandlerImpl.java:91)
	at org.mockito.internal.handler.NullResultGuardian.handle(NullResultGuardian.java:29)
	at org.mockito.internal.handler.InvocationNotifierHandler.handle(InvocationNotifierHandler.java:38)
	at org.mockito.internal.creation.cglib.MethodInterceptorFilter.intercept(MethodInterceptorFilter.java:59)
	at io.nflow.engine.listener.WorkflowExecutorListener$$EnhancerByMockitoWithCGLIB$$7d8338d.process(<generated>)
	at io.nflow.engine.internal.executor.WorkflowStateProcessor$ExecutorListenerChain.next(WorkflowStateProcessor.java:281)
	at io.nflow.engine.internal.executor.WorkflowStateProcessorTest$2.answer(WorkflowStateProcessorTest.java:375)
	at org.mockito.internal.stubbing.StubbedInvocationMatcher.answer(StubbedInvocationMatcher.java:34)
	at org.mockito.internal.handler.MockHandlerImpl.handle(MockHandlerImpl.java:91)
	at org.mockito.internal.handler.NullResultGuardian.handle(NullResultGuardian.java:29)
	at org.mockito.internal.handler.InvocationNotifierHandler.handle(InvocationNotifierHandler.java:38)
	at org.mockito.internal.creation.cglib.MethodInterceptorFilter.intercept(MethodInterceptorFilter.java:59)
	at io.nflow.engine.listener.WorkflowExecutorListener$$EnhancerByMockitoWithCGLIB$$7d8338d.process(<generated>)
	at io.nflow.engine.internal.executor.WorkflowStateProcessor$ExecutorListenerChain.next(WorkflowStateProcessor.java:281)
	at io.nflow.engine.internal.executor.WorkflowStateProcessor.processWithListeners(WorkflowStateProcessor.java:263)
	at io.nflow.engine.internal.executor.WorkflowStateProcessor.runImpl(WorkflowStateProcessor.java:132)
	at io.nflow.engine.internal.executor.WorkflowStateProcessor.run(WorkflowStateProcessor.java:97)
	at io.nflow.engine.internal.executor.WorkflowStateProcessorTest.runWorkflowThroughToFailureState(WorkflowStateProcessorTest.java:204)
	at sun.reflect.NativeMethodAccessorImpl.invoke0(Native Method)
	at sun.reflect.NativeMethodAccessorImpl.invoke(NativeMethodAccessorImpl.java:62)
	at sun.reflect.DelegatingMethodAccessorImpl.invoke(DelegatingMethodAccessorImpl.java:43)
	at java.lang.reflect.Method.invoke(Method.java:483)
	at org.junit.runners.model.FrameworkMethod$1.runReflectiveCall(FrameworkMethod.java:50)
	at org.junit.internal.runners.model.ReflectiveCallable.run(ReflectiveCallable.java:12)
	at org.junit.runners.model.FrameworkMethod.invokeExplosively(FrameworkMethod.java:47)
	at org.junit.internal.runners.statements.InvokeMethod.evaluate(InvokeMethod.java:17)
	at org.junit.internal.runners.statements.RunBefores.evaluate(RunBefores.java:26)
	at org.junit.internal.runners.statements.RunAfters.evaluate(RunAfters.java:27)
	at org.junit.internal.runners.statements.FailOnTimeout$CallableStatement.call(FailOnTimeout.java:298)
	at org.junit.internal.runners.statements.FailOnTimeout$CallableStatement.call(FailOnTimeout.java:292)
	at java.util.concurrent.FutureTask.run(FutureTask.java:266)
	at java.lang.Thread.run(Thread.java:745)
01.02.2017 11:55:30 ERROR [Time-limited test] xecutor.WorkflowStateProcessor - [user:] Handler threw exception, trying again later.
java.lang.RuntimeException: test-fail
	at io.nflow.engine.internal.executor.WorkflowStateProcessorTest$FailingTestWorkflow.start(WorkflowStateProcessorTest.java:916)
	at sun.reflect.NativeMethodAccessorImpl.invoke0(Native Method)
	at sun.reflect.NativeMethodAccessorImpl.invoke(NativeMethodAccessorImpl.java:62)
	at sun.reflect.DelegatingMethodAccessorImpl.invoke(DelegatingMethodAccessorImpl.java:43)
	at java.lang.reflect.Method.invoke(Method.java:483)
	at org.springframework.util.ReflectionUtils.invokeMethod(ReflectionUtils.java:216)
	at io.nflow.engine.internal.executor.WorkflowStateProcessor$NormalStateHandler.getNextAction(WorkflowStateProcessor.java:315)
	at io.nflow.engine.internal.executor.WorkflowStateProcessor$StateHandler.processState(WorkflowStateProcessor.java:364)
	at io.nflow.engine.internal.executor.WorkflowStateProcessor$ProcessingExecutorListener.process(WorkflowStateProcessor.java:301)
	at io.nflow.engine.internal.executor.WorkflowStateProcessor$ExecutorListenerChain.next(WorkflowStateProcessor.java:281)
	at io.nflow.engine.internal.executor.WorkflowStateProcessorTest$2.answer(WorkflowStateProcessorTest.java:375)
	at org.mockito.internal.stubbing.StubbedInvocationMatcher.answer(StubbedInvocationMatcher.java:34)
	at org.mockito.internal.handler.MockHandlerImpl.handle(MockHandlerImpl.java:91)
	at org.mockito.internal.handler.NullResultGuardian.handle(NullResultGuardian.java:29)
	at org.mockito.internal.handler.InvocationNotifierHandler.handle(InvocationNotifierHandler.java:38)
	at org.mockito.internal.creation.cglib.MethodInterceptorFilter.intercept(MethodInterceptorFilter.java:59)
	at io.nflow.engine.listener.WorkflowExecutorListener$$EnhancerByMockitoWithCGLIB$$7d8338d.process(<generated>)
	at io.nflow.engine.internal.executor.WorkflowStateProcessor$ExecutorListenerChain.next(WorkflowStateProcessor.java:281)
	at io.nflow.engine.internal.executor.WorkflowStateProcessorTest$2.answer(WorkflowStateProcessorTest.java:375)
	at org.mockito.internal.stubbing.StubbedInvocationMatcher.answer(StubbedInvocationMatcher.java:34)
	at org.mockito.internal.handler.MockHandlerImpl.handle(MockHandlerImpl.java:91)
	at org.mockito.internal.handler.NullResultGuardian.handle(NullResultGuardian.java:29)
	at org.mockito.internal.handler.InvocationNotifierHandler.handle(InvocationNotifierHandler.java:38)
	at org.mockito.internal.creation.cglib.MethodInterceptorFilter.intercept(MethodInterceptorFilter.java:59)
	at io.nflow.engine.listener.WorkflowExecutorListener$$EnhancerByMockitoWithCGLIB$$7d8338d.process(<generated>)
	at io.nflow.engine.internal.executor.WorkflowStateProcessor$ExecutorListenerChain.next(WorkflowStateProcessor.java:281)
	at io.nflow.engine.internal.executor.WorkflowStateProcessor.processWithListeners(WorkflowStateProcessor.java:263)
	at io.nflow.engine.internal.executor.WorkflowStateProcessor.runImpl(WorkflowStateProcessor.java:132)
	at io.nflow.engine.internal.executor.WorkflowStateProcessor.run(WorkflowStateProcessor.java:97)
	at io.nflow.engine.internal.executor.WorkflowStateProcessorTest.failureListenersAreExecutedAfterFailure(WorkflowStateProcessorTest.java:636)
	at sun.reflect.NativeMethodAccessorImpl.invoke0(Native Method)
	at sun.reflect.NativeMethodAccessorImpl.invoke(NativeMethodAccessorImpl.java:62)
	at sun.reflect.DelegatingMethodAccessorImpl.invoke(DelegatingMethodAccessorImpl.java:43)
	at java.lang.reflect.Method.invoke(Method.java:483)
	at org.junit.runners.model.FrameworkMethod$1.runReflectiveCall(FrameworkMethod.java:50)
	at org.junit.internal.runners.model.ReflectiveCallable.run(ReflectiveCallable.java:12)
	at org.junit.runners.model.FrameworkMethod.invokeExplosively(FrameworkMethod.java:47)
	at org.junit.internal.runners.statements.InvokeMethod.evaluate(InvokeMethod.java:17)
	at org.junit.internal.runners.statements.RunBefores.evaluate(RunBefores.java:26)
	at org.junit.internal.runners.statements.RunAfters.evaluate(RunAfters.java:27)
	at org.junit.internal.runners.statements.FailOnTimeout$CallableStatement.call(FailOnTimeout.java:298)
	at org.junit.internal.runners.statements.FailOnTimeout$CallableStatement.call(FailOnTimeout.java:292)
	at java.util.concurrent.FutureTask.run(FutureTask.java:266)
	at java.lang.Thread.run(Thread.java:745)
01.02.2017 11:55:30 ERROR [Time-limited test] xecutor.WorkflowStateProcessor - [user:] State 'processReturnNullNextState' handler method failed to return valid next action, proceeding to error state 'error'
io.nflow.engine.internal.executor.InvalidNextActionException: Next state can not be null
	at io.nflow.engine.workflow.definition.NextAction.assertNotNull(NextAction.java:109)
	at io.nflow.engine.workflow.definition.NextAction.moveToState(NextAction.java:78)
	at io.nflow.engine.internal.executor.WorkflowStateProcessorTest$FailingTestWorkflow.processReturnNullNextState(WorkflowStateProcessorTest.java:932)
	at sun.reflect.NativeMethodAccessorImpl.invoke0(Native Method)
	at sun.reflect.NativeMethodAccessorImpl.invoke(NativeMethodAccessorImpl.java:62)
	at sun.reflect.DelegatingMethodAccessorImpl.invoke(DelegatingMethodAccessorImpl.java:43)
	at java.lang.reflect.Method.invoke(Method.java:483)
	at org.springframework.util.ReflectionUtils.invokeMethod(ReflectionUtils.java:216)
	at io.nflow.engine.internal.executor.WorkflowStateProcessor$NormalStateHandler.getNextAction(WorkflowStateProcessor.java:315)
	at io.nflow.engine.internal.executor.WorkflowStateProcessor$StateHandler.processState(WorkflowStateProcessor.java:364)
	at io.nflow.engine.internal.executor.WorkflowStateProcessor$ProcessingExecutorListener.process(WorkflowStateProcessor.java:301)
	at io.nflow.engine.internal.executor.WorkflowStateProcessor$ExecutorListenerChain.next(WorkflowStateProcessor.java:281)
	at io.nflow.engine.internal.executor.WorkflowStateProcessorTest$2.answer(WorkflowStateProcessorTest.java:375)
	at org.mockito.internal.stubbing.StubbedInvocationMatcher.answer(StubbedInvocationMatcher.java:34)
	at org.mockito.internal.handler.MockHandlerImpl.handle(MockHandlerImpl.java:91)
	at org.mockito.internal.handler.NullResultGuardian.handle(NullResultGuardian.java:29)
	at org.mockito.internal.handler.InvocationNotifierHandler.handle(InvocationNotifierHandler.java:38)
	at org.mockito.internal.creation.cglib.MethodInterceptorFilter.intercept(MethodInterceptorFilter.java:59)
	at io.nflow.engine.listener.WorkflowExecutorListener$$EnhancerByMockitoWithCGLIB$$7d8338d.process(<generated>)
	at io.nflow.engine.internal.executor.WorkflowStateProcessor$ExecutorListenerChain.next(WorkflowStateProcessor.java:281)
	at io.nflow.engine.internal.executor.WorkflowStateProcessorTest$2.answer(WorkflowStateProcessorTest.java:375)
	at org.mockito.internal.stubbing.StubbedInvocationMatcher.answer(StubbedInvocationMatcher.java:34)
	at org.mockito.internal.handler.MockHandlerImpl.handle(MockHandlerImpl.java:91)
	at org.mockito.internal.handler.NullResultGuardian.handle(NullResultGuardian.java:29)
	at org.mockito.internal.handler.InvocationNotifierHandler.handle(InvocationNotifierHandler.java:38)
	at org.mockito.internal.creation.cglib.MethodInterceptorFilter.intercept(MethodInterceptorFilter.java:59)
	at io.nflow.engine.listener.WorkflowExecutorListener$$EnhancerByMockitoWithCGLIB$$7d8338d.process(<generated>)
	at io.nflow.engine.internal.executor.WorkflowStateProcessor$ExecutorListenerChain.next(WorkflowStateProcessor.java:281)
	at io.nflow.engine.internal.executor.WorkflowStateProcessor.processWithListeners(WorkflowStateProcessor.java:263)
	at io.nflow.engine.internal.executor.WorkflowStateProcessor.runImpl(WorkflowStateProcessor.java:132)
	at io.nflow.engine.internal.executor.WorkflowStateProcessor.run(WorkflowStateProcessor.java:97)
	at io.nflow.engine.internal.executor.WorkflowStateProcessorTest.goToErrorStateWhenNextStateIsNull(WorkflowStateProcessorTest.java:385)
	at sun.reflect.NativeMethodAccessorImpl.invoke0(Native Method)
	at sun.reflect.NativeMethodAccessorImpl.invoke(NativeMethodAccessorImpl.java:62)
	at sun.reflect.DelegatingMethodAccessorImpl.invoke(DelegatingMethodAccessorImpl.java:43)
	at java.lang.reflect.Method.invoke(Method.java:483)
	at org.junit.runners.model.FrameworkMethod$1.runReflectiveCall(FrameworkMethod.java:50)
	at org.junit.internal.runners.model.ReflectiveCallable.run(ReflectiveCallable.java:12)
	at org.junit.runners.model.FrameworkMethod.invokeExplosively(FrameworkMethod.java:47)
	at org.junit.internal.runners.statements.InvokeMethod.evaluate(InvokeMethod.java:17)
	at org.junit.internal.runners.statements.RunBefores.evaluate(RunBefores.java:26)
	at org.junit.internal.runners.statements.RunAfters.evaluate(RunAfters.java:27)
	at org.junit.internal.runners.statements.FailOnTimeout$CallableStatement.call(FailOnTimeout.java:298)
	at org.junit.internal.runners.statements.FailOnTimeout$CallableStatement.call(FailOnTimeout.java:292)
	at java.util.concurrent.FutureTask.run(FutureTask.java:266)
	at java.lang.Thread.run(Thread.java:745)
01.02.2017 11:55:30 INFO  [Time-limited test] xecutor.WorkflowStateProcessor - [user:] Woke up parent workflow instance 999
01.02.2017 11:55:30 ERROR [Time-limited test] xecutor.WorkflowStateProcessor - [user:] Error in io.nflow.engine.listener.WorkflowExecutorListener$$EnhancerByMockitoWithCGLIB$$7d8338d.beforeProcessing (null)
java.lang.RuntimeException: null
01.02.2017 11:55:30 ERROR [Time-limited test] xecutor.WorkflowStateProcessor - [user:] Error in io.nflow.engine.listener.WorkflowExecutorListener$$EnhancerByMockitoWithCGLIB$$7d8338d.afterProcessing (null)
java.lang.RuntimeException: null
01.02.2017 11:55:30 WARN  [Time-limited test] xecutor.WorkflowStateProcessor - [user:] State transition from 'illegalStateChange' to 'start' is not allowed by workflow definition.
01.02.2017 11:55:30 ERROR [Time-limited test] xecutor.WorkflowStateProcessor - [user:] Handler threw exception, trying again later.
java.lang.RuntimeException: test-fail
	at io.nflow.engine.internal.executor.WorkflowStateProcessorTest$FailingTestWorkflow.start(WorkflowStateProcessorTest.java:916)
	at sun.reflect.NativeMethodAccessorImpl.invoke0(Native Method)
	at sun.reflect.NativeMethodAccessorImpl.invoke(NativeMethodAccessorImpl.java:62)
	at sun.reflect.DelegatingMethodAccessorImpl.invoke(DelegatingMethodAccessorImpl.java:43)
	at java.lang.reflect.Method.invoke(Method.java:483)
	at org.springframework.util.ReflectionUtils.invokeMethod(ReflectionUtils.java:216)
	at io.nflow.engine.internal.executor.WorkflowStateProcessor$NormalStateHandler.getNextAction(WorkflowStateProcessor.java:315)
	at io.nflow.engine.internal.executor.WorkflowStateProcessor$StateHandler.processState(WorkflowStateProcessor.java:364)
	at io.nflow.engine.internal.executor.WorkflowStateProcessor$ProcessingExecutorListener.process(WorkflowStateProcessor.java:301)
	at io.nflow.engine.internal.executor.WorkflowStateProcessor$ExecutorListenerChain.next(WorkflowStateProcessor.java:281)
	at io.nflow.engine.internal.executor.WorkflowStateProcessorTest$2.answer(WorkflowStateProcessorTest.java:375)
	at org.mockito.internal.stubbing.StubbedInvocationMatcher.answer(StubbedInvocationMatcher.java:34)
	at org.mockito.internal.handler.MockHandlerImpl.handle(MockHandlerImpl.java:91)
	at org.mockito.internal.handler.NullResultGuardian.handle(NullResultGuardian.java:29)
	at org.mockito.internal.handler.InvocationNotifierHandler.handle(InvocationNotifierHandler.java:38)
	at org.mockito.internal.creation.cglib.MethodInterceptorFilter.intercept(MethodInterceptorFilter.java:59)
	at io.nflow.engine.listener.WorkflowExecutorListener$$EnhancerByMockitoWithCGLIB$$7d8338d.process(<generated>)
	at io.nflow.engine.internal.executor.WorkflowStateProcessor$ExecutorListenerChain.next(WorkflowStateProcessor.java:281)
	at io.nflow.engine.internal.executor.WorkflowStateProcessorTest$2.answer(WorkflowStateProcessorTest.java:375)
	at org.mockito.internal.stubbing.StubbedInvocationMatcher.answer(StubbedInvocationMatcher.java:34)
	at org.mockito.internal.handler.MockHandlerImpl.handle(MockHandlerImpl.java:91)
	at org.mockito.internal.handler.NullResultGuardian.handle(NullResultGuardian.java:29)
	at org.mockito.internal.handler.InvocationNotifierHandler.handle(InvocationNotifierHandler.java:38)
	at org.mockito.internal.creation.cglib.MethodInterceptorFilter.intercept(MethodInterceptorFilter.java:59)
	at io.nflow.engine.listener.WorkflowExecutorListener$$EnhancerByMockitoWithCGLIB$$7d8338d.process(<generated>)
	at io.nflow.engine.internal.executor.WorkflowStateProcessor$ExecutorListenerChain.next(WorkflowStateProcessor.java:281)
	at io.nflow.engine.internal.executor.WorkflowStateProcessor.processWithListeners(WorkflowStateProcessor.java:263)
	at io.nflow.engine.internal.executor.WorkflowStateProcessor.runImpl(WorkflowStateProcessor.java:132)
	at io.nflow.engine.internal.executor.WorkflowStateProcessor.run(WorkflowStateProcessor.java:97)
	at io.nflow.engine.internal.executor.WorkflowStateProcessorTest.runWorkflowThroughOneFailedState(WorkflowStateProcessorTest.java:191)
	at sun.reflect.NativeMethodAccessorImpl.invoke0(Native Method)
	at sun.reflect.NativeMethodAccessorImpl.invoke(NativeMethodAccessorImpl.java:62)
	at sun.reflect.DelegatingMethodAccessorImpl.invoke(DelegatingMethodAccessorImpl.java:43)
	at java.lang.reflect.Method.invoke(Method.java:483)
	at org.junit.runners.model.FrameworkMethod$1.runReflectiveCall(FrameworkMethod.java:50)
	at org.junit.internal.runners.model.ReflectiveCallable.run(ReflectiveCallable.java:12)
	at org.junit.runners.model.FrameworkMethod.invokeExplosively(FrameworkMethod.java:47)
	at org.junit.internal.runners.statements.InvokeMethod.evaluate(InvokeMethod.java:17)
	at org.junit.internal.runners.statements.RunBefores.evaluate(RunBefores.java:26)
	at org.junit.internal.runners.statements.RunAfters.evaluate(RunAfters.java:27)
	at org.junit.internal.runners.statements.FailOnTimeout$CallableStatement.call(FailOnTimeout.java:298)
	at org.junit.internal.runners.statements.FailOnTimeout$CallableStatement.call(FailOnTimeout.java:292)
	at java.util.concurrent.FutureTask.run(FutureTask.java:266)
	at java.lang.Thread.run(Thread.java:745)
01.02.2017 11:55:30 WARN  [Time-limited test] al.workflow.StateExecutionImpl - [user:] wakeUpParentWorkflow called on non-child workflow
01.02.2017 11:55:30 ERROR [Time-limited test] xecutor.WorkflowStateProcessor - [user:] State 'illegalStateChange' is not a state of 'failing' workflow definition, proceeding to error state 'error'
01.02.2017 11:55:30 ERROR [Time-limited test] xecutor.WorkflowStateProcessor - [user:] Handler threw exception, trying again later.
java.lang.RuntimeException: test-fail
	at io.nflow.engine.internal.executor.WorkflowStateProcessorTest$FailingTestWorkflow.start(WorkflowStateProcessorTest.java:916)
	at sun.reflect.NativeMethodAccessorImpl.invoke0(Native Method)
	at sun.reflect.NativeMethodAccessorImpl.invoke(NativeMethodAccessorImpl.java:62)
	at sun.reflect.DelegatingMethodAccessorImpl.invoke(DelegatingMethodAccessorImpl.java:43)
	at java.lang.reflect.Method.invoke(Method.java:483)
	at org.springframework.util.ReflectionUtils.invokeMethod(ReflectionUtils.java:216)
	at io.nflow.engine.internal.executor.WorkflowStateProcessor$NormalStateHandler.getNextAction(WorkflowStateProcessor.java:315)
	at io.nflow.engine.internal.executor.WorkflowStateProcessor$StateHandler.processState(WorkflowStateProcessor.java:364)
	at io.nflow.engine.internal.executor.WorkflowStateProcessor$ProcessingExecutorListener.process(WorkflowStateProcessor.java:301)
	at io.nflow.engine.internal.executor.WorkflowStateProcessor$ExecutorListenerChain.next(WorkflowStateProcessor.java:281)
	at io.nflow.engine.internal.executor.WorkflowStateProcessorTest$2.answer(WorkflowStateProcessorTest.java:375)
	at org.mockito.internal.stubbing.StubbedInvocationMatcher.answer(StubbedInvocationMatcher.java:34)
	at org.mockito.internal.handler.MockHandlerImpl.handle(MockHandlerImpl.java:91)
	at org.mockito.internal.handler.NullResultGuardian.handle(NullResultGuardian.java:29)
	at org.mockito.internal.handler.InvocationNotifierHandler.handle(InvocationNotifierHandler.java:38)
	at org.mockito.internal.creation.cglib.MethodInterceptorFilter.intercept(MethodInterceptorFilter.java:59)
	at io.nflow.engine.listener.WorkflowExecutorListener$$EnhancerByMockitoWithCGLIB$$7d8338d.process(<generated>)
	at io.nflow.engine.internal.executor.WorkflowStateProcessor$ExecutorListenerChain.next(WorkflowStateProcessor.java:281)
	at io.nflow.engine.internal.executor.WorkflowStateProcessorTest$2.answer(WorkflowStateProcessorTest.java:375)
	at org.mockito.internal.stubbing.StubbedInvocationMatcher.answer(StubbedInvocationMatcher.java:34)
	at org.mockito.internal.handler.MockHandlerImpl.handle(MockHandlerImpl.java:91)
	at org.mockito.internal.handler.NullResultGuardian.handle(NullResultGuardian.java:29)
	at org.mockito.internal.handler.InvocationNotifierHandler.handle(InvocationNotifierHandler.java:38)
	at org.mockito.internal.creation.cglib.MethodInterceptorFilter.intercept(MethodInterceptorFilter.java:59)
	at io.nflow.engine.listener.WorkflowExecutorListener$$EnhancerByMockitoWithCGLIB$$7d8338d.process(<generated>)
	at io.nflow.engine.internal.executor.WorkflowStateProcessor$ExecutorListenerChain.next(WorkflowStateProcessor.java:281)
	at io.nflow.engine.internal.executor.WorkflowStateProcessor.processWithListeners(WorkflowStateProcessor.java:263)
	at io.nflow.engine.internal.executor.WorkflowStateProcessor.runImpl(WorkflowStateProcessor.java:132)
	at io.nflow.engine.internal.executor.WorkflowStateProcessor.run(WorkflowStateProcessor.java:97)
	at io.nflow.engine.internal.executor.WorkflowStateProcessorTest.continueProcessingWhenAfterFailureListenerThrowsException(WorkflowStateProcessorTest.java:490)
	at sun.reflect.NativeMethodAccessorImpl.invoke0(Native Method)
	at sun.reflect.NativeMethodAccessorImpl.invoke(NativeMethodAccessorImpl.java:62)
	at sun.reflect.DelegatingMethodAccessorImpl.invoke(DelegatingMethodAccessorImpl.java:43)
	at java.lang.reflect.Method.invoke(Method.java:483)
	at org.junit.runners.model.FrameworkMethod$1.runReflectiveCall(FrameworkMethod.java:50)
	at org.junit.internal.runners.model.ReflectiveCallable.run(ReflectiveCallable.java:12)
	at org.junit.runners.model.FrameworkMethod.invokeExplosively(FrameworkMethod.java:47)
	at org.junit.internal.runners.statements.InvokeMethod.evaluate(InvokeMethod.java:17)
	at org.junit.internal.runners.statements.RunBefores.evaluate(RunBefores.java:26)
	at org.junit.internal.runners.statements.RunAfters.evaluate(RunAfters.java:27)
	at org.junit.internal.runners.statements.FailOnTimeout$CallableStatement.call(FailOnTimeout.java:298)
	at org.junit.internal.runners.statements.FailOnTimeout$CallableStatement.call(FailOnTimeout.java:292)
	at java.util.concurrent.FutureTask.run(FutureTask.java:266)
	at java.lang.Thread.run(Thread.java:745)
01.02.2017 11:55:30 ERROR [Time-limited test] xecutor.WorkflowStateProcessor - [user:] Error in io.nflow.engine.listener.WorkflowExecutorListener$$EnhancerByMockitoWithCGLIB$$7d8338d.afterFailure (null)
java.lang.RuntimeException: null
01.02.2017 11:55:30 INFO  [Time-limited test] xecutor.WorkflowStateProcessor - [user:] Did not woke up parent workflow instance 999
01.02.2017 11:55:31 ERROR [Time-limited test] xecutor.WorkflowStateProcessor - [user:] State 'processReturnNull' handler method returned null, proceeding to error state 'error'
01.02.2017 11:55:31 WARN  [Time-limited test] xecutor.WorkflowStateProcessor - [user:] State transition from 'illegalStateChange' to 'start' is not allowed by workflow definition.
Executing error state
>>>>>>>>>>>>>>>>>>>
nflow-engine/target/surefire-reports/io.nflow.engine.internal.executor.WorkflowStateProcessorTest.txt
<<<<<<<<<<<<<<<<<<<<<
-------------------------------------------------------------------------------
Test set: io.nflow.engine.internal.executor.WorkflowStateProcessorTest
-------------------------------------------------------------------------------
Tests run: 35, Failures: 0, Errors: 0, Skipped: 0, Time elapsed: 0.494 sec - in io.nflow.engine.internal.executor.WorkflowStateProcessorTest
>>>>>>>>>>>>>>>>>>>
nflow-engine/target/surefire-reports/io.nflow.engine.internal.storage.db.DatabaseInitializerTest-output.txt
<<<<<<<<<<<<<<<<<<<<<
01.02.2017 11:55:41 INFO  [main] storage.db.DatabaseInitializer - [user:] Creating database populator using script 'scripts/db/fails.create.ddl.sql'
01.02.2017 11:55:41 ERROR [main] h2database                     - [user:] jdbc[3] exception
org.h2.jdbc.JdbcSQLException: Table "FOO" already exists; SQL statement:
create table foo [42101-192]
	at org.h2.message.DbException.getJdbcSQLException(DbException.java:345)
	at org.h2.message.DbException.get(DbException.java:179)
	at org.h2.message.DbException.get(DbException.java:155)
	at org.h2.command.ddl.CreateTable.update(CreateTable.java:115)
	at org.h2.command.CommandContainer.update(CommandContainer.java:98)
	at org.h2.command.Command.executeUpdate(Command.java:258)
	at org.h2.jdbc.JdbcStatement.executeInternal(JdbcStatement.java:184)
	at org.h2.jdbc.JdbcStatement.execute(JdbcStatement.java:158)
	at com.zaxxer.hikari.proxy.StatementProxy.execute(StatementProxy.java:83)
	at com.zaxxer.hikari.proxy.HikariStatementProxy.execute(HikariStatementProxy.java)
	at org.springframework.jdbc.datasource.init.ScriptUtils.executeSqlScript(ScriptUtils.java:473)
	at org.springframework.jdbc.datasource.init.ResourceDatabasePopulator.populate(ResourceDatabasePopulator.java:231)
	at org.springframework.jdbc.datasource.init.DatabasePopulatorUtils.execute(DatabasePopulatorUtils.java:48)
	at io.nflow.engine.internal.storage.db.DatabaseInitializer.populate(DatabaseInitializer.java:31)
	at io.nflow.engine.internal.storage.db.DatabaseInitializer.<init>(DatabaseInitializer.java:26)
	at io.nflow.engine.internal.storage.db.DatabaseInitializerTest.databaseCreationDoesNotThrowExceptionWhenDatabaseIsAlreadyCreated(DatabaseInitializerTest.java:41)
	at sun.reflect.NativeMethodAccessorImpl.invoke0(Native Method)
	at sun.reflect.NativeMethodAccessorImpl.invoke(NativeMethodAccessorImpl.java:62)
	at sun.reflect.DelegatingMethodAccessorImpl.invoke(DelegatingMethodAccessorImpl.java:43)
	at java.lang.reflect.Method.invoke(Method.java:483)
	at org.junit.runners.model.FrameworkMethod$1.runReflectiveCall(FrameworkMethod.java:50)
	at org.junit.internal.runners.model.ReflectiveCallable.run(ReflectiveCallable.java:12)
	at org.junit.runners.model.FrameworkMethod.invokeExplosively(FrameworkMethod.java:47)
	at org.junit.internal.runners.statements.InvokeMethod.evaluate(InvokeMethod.java:17)
	at org.springframework.test.context.junit4.statements.RunBeforeTestMethodCallbacks.evaluate(RunBeforeTestMethodCallbacks.java:75)
	at org.springframework.test.context.junit4.statements.RunAfterTestMethodCallbacks.evaluate(RunAfterTestMethodCallbacks.java:86)
	at org.junit.rules.ExpectedException$ExpectedExceptionStatement.evaluate(ExpectedException.java:239)
	at org.junit.rules.RunRules.evaluate(RunRules.java:20)
	at org.springframework.test.context.junit4.statements.SpringRepeat.evaluate(SpringRepeat.java:84)
	at org.junit.runners.ParentRunner.runLeaf(ParentRunner.java:325)
	at org.springframework.test.context.junit4.SpringJUnit4ClassRunner.runChild(SpringJUnit4ClassRunner.java:252)
	at org.springframework.test.context.junit4.SpringJUnit4ClassRunner.runChild(SpringJUnit4ClassRunner.java:94)
	at org.junit.runners.ParentRunner$3.run(ParentRunner.java:290)
	at org.junit.runners.ParentRunner$1.schedule(ParentRunner.java:71)
	at org.junit.runners.ParentRunner.runChildren(ParentRunner.java:288)
	at org.junit.runners.ParentRunner.access$000(ParentRunner.java:58)
	at org.junit.runners.ParentRunner$2.evaluate(ParentRunner.java:268)
	at org.springframework.test.context.junit4.statements.RunBeforeTestClassCallbacks.evaluate(RunBeforeTestClassCallbacks.java:61)
	at org.springframework.test.context.junit4.statements.RunAfterTestClassCallbacks.evaluate(RunAfterTestClassCallbacks.java:70)
	at org.junit.runners.ParentRunner.run(ParentRunner.java:363)
	at org.springframework.test.context.junit4.SpringJUnit4ClassRunner.run(SpringJUnit4ClassRunner.java:191)
	at org.apache.maven.surefire.junit4.JUnit4Provider.execute(JUnit4Provider.java:367)
	at org.apache.maven.surefire.junit4.JUnit4Provider.executeWithRerun(JUnit4Provider.java:274)
	at org.apache.maven.surefire.junit4.JUnit4Provider.executeTestSet(JUnit4Provider.java:238)
	at org.apache.maven.surefire.junit4.JUnit4Provider.invoke(JUnit4Provider.java:161)
	at org.apache.maven.surefire.booter.ForkedBooter.invokeProviderInSameClassLoader(ForkedBooter.java:290)
	at org.apache.maven.surefire.booter.ForkedBooter.runSuitesInProcess(ForkedBooter.java:242)
	at org.apache.maven.surefire.booter.ForkedBooter.main(ForkedBooter.java:121)
01.02.2017 11:55:41 WARN  [main] storage.db.DatabaseInitializer - [user:] Failed to create the database, possibly already created: Failed to execute SQL script statement #2 of class path resource [scripts/db/fails.create.ddl.sql]: create table foo; nested exception is org.h2.jdbc.JdbcSQLException: Table "FOO" already exists; SQL statement:
create table foo [42101-192]
>>>>>>>>>>>>>>>>>>>
nflow-engine/target/surefire-reports/io.nflow.engine.internal.storage.db.DatabaseInitializerTest.txt
<<<<<<<<<<<<<<<<<<<<<
-------------------------------------------------------------------------------
Test set: io.nflow.engine.internal.storage.db.DatabaseInitializerTest
-------------------------------------------------------------------------------
Tests run: 3, Failures: 0, Errors: 0, Skipped: 0, Time elapsed: 0.044 sec - in io.nflow.engine.internal.storage.db.DatabaseInitializerTest
>>>>>>>>>>>>>>>>>>>
nflow-engine/target/surefire-reports/io.nflow.engine.internal.util.PeriodicLoggerTest.txt
<<<<<<<<<<<<<<<<<<<<<
-------------------------------------------------------------------------------
Test set: io.nflow.engine.internal.util.PeriodicLoggerTest
-------------------------------------------------------------------------------
Tests run: 3, Failures: 0, Errors: 0, Skipped: 0, Time elapsed: 0.021 sec - in io.nflow.engine.internal.util.PeriodicLoggerTest
>>>>>>>>>>>>>>>>>>>
nflow-engine/target/surefire-reports/io.nflow.engine.internal.workflow.StateExecutionImplTest-output.txt
<<<<<<<<<<<<<<<<<<<<<
01.02.2017 11:55:30 WARN  [main] al.workflow.StateExecutionImpl - [user:] wakeUpParentWorkflow called on non-child workflow
>>>>>>>>>>>>>>>>>>>
nflow-engine/target/surefire-reports/io.nflow.engine.internal.workflow.StateExecutionImplTest.txt
<<<<<<<<<<<<<<<<<<<<<
-------------------------------------------------------------------------------
Test set: io.nflow.engine.internal.workflow.StateExecutionImplTest
-------------------------------------------------------------------------------
Tests run: 16, Failures: 0, Errors: 0, Skipped: 0, Time elapsed: 0.174 sec - in io.nflow.engine.internal.workflow.StateExecutionImplTest
>>>>>>>>>>>>>>>>>>>
nflow-engine/target/surefire-reports/io.nflow.engine.internal.workflow.WorkflowDefinitionScannerTest.txt
<<<<<<<<<<<<<<<<<<<<<
-------------------------------------------------------------------------------
Test set: io.nflow.engine.internal.workflow.WorkflowDefinitionScannerTest
-------------------------------------------------------------------------------
Tests run: 7, Failures: 0, Errors: 0, Skipped: 0, Time elapsed: 0.047 sec - in io.nflow.engine.internal.workflow.WorkflowDefinitionScannerTest
>>>>>>>>>>>>>>>>>>>
nflow-engine/target/surefire-reports/io.nflow.engine.service.ArchiveServiceTest-output.txt
<<<<<<<<<<<<<<<<<<<<<
01.02.2017 11:55:41 INFO  [main] .engine.service.ArchiveService - [user:] Archiving starting. Archiving passive workflows older than 2015-07-10T19:57:00.000Z, in batches of 10.
01.02.2017 11:55:41 INFO  [main] .engine.service.ArchiveService - [user:] Archived 10 workflows. Archiving about 1.0E7 workflows / second.
01.02.2017 11:55:41 INFO  [main] .engine.service.ArchiveService - [user:] Archiving finished. Archived 30 workflows in 0 seconds.
01.02.2017 11:55:41 INFO  [main] .engine.service.ArchiveService - [user:] Archiving starting. Archiving passive workflows older than 2015-07-10T19:57:00.000Z, in batches of 10.
01.02.2017 11:55:41 INFO  [main] .engine.service.ArchiveService - [user:] Archiving finished. Archived 0 workflows in 0 seconds.
>>>>>>>>>>>>>>>>>>>
nflow-engine/target/surefire-reports/io.nflow.engine.service.ArchiveServiceTest.txt
<<<<<<<<<<<<<<<<<<<<<
-------------------------------------------------------------------------------
Test set: io.nflow.engine.service.ArchiveServiceTest
-------------------------------------------------------------------------------
Tests run: 3, Failures: 0, Errors: 0, Skipped: 0, Time elapsed: 0.008 sec - in io.nflow.engine.service.ArchiveServiceTest
>>>>>>>>>>>>>>>>>>>
nflow-engine/target/surefire-reports/io.nflow.engine.service.HealthCheckServiceTest.txt
<<<<<<<<<<<<<<<<<<<<<
-------------------------------------------------------------------------------
Test set: io.nflow.engine.service.HealthCheckServiceTest
-------------------------------------------------------------------------------
Tests run: 1, Failures: 0, Errors: 0, Skipped: 0, Time elapsed: 0 sec - in io.nflow.engine.service.HealthCheckServiceTest
>>>>>>>>>>>>>>>>>>>
nflow-engine/target/surefire-reports/io.nflow.engine.service.StatisticsServiceTest.txt
<<<<<<<<<<<<<<<<<<<<<
-------------------------------------------------------------------------------
Test set: io.nflow.engine.service.StatisticsServiceTest
-------------------------------------------------------------------------------
Tests run: 2, Failures: 0, Errors: 0, Skipped: 0, Time elapsed: 0.007 sec - in io.nflow.engine.service.StatisticsServiceTest
>>>>>>>>>>>>>>>>>>>
nflow-engine/target/surefire-reports/io.nflow.engine.service.WorkflowDefinitionServiceTest-output.txt
<<<<<<<<<<<<<<<<<<<<<
01.02.2017 11:55:41 INFO  [main] vice.WorkflowDefinitionService - [user:] Preparing workflow io.nflow.engine.service.DummyTestWorkflow
01.02.2017 11:55:41 INFO  [main] vice.WorkflowDefinitionService - [user:] Added workflow type: dummy (io.nflow.engine.service.DummyTestWorkflow)
01.02.2017 11:55:41 INFO  [main] vice.WorkflowDefinitionService - [user:] Preparing workflow io.nflow.engine.service.DummyTestWorkflow
01.02.2017 11:55:41 INFO  [main] vice.WorkflowDefinitionService - [user:] Preparing workflow io.nflow.engine.service.DummyTestWorkflow
01.02.2017 11:55:41 INFO  [main] vice.WorkflowDefinitionService - [user:] Added workflow type: dummy (io.nflow.engine.service.DummyTestWorkflow)
01.02.2017 11:55:41 INFO  [main] vice.WorkflowDefinitionService - [user:] No non-Spring workflow definitions
01.02.2017 11:55:41 INFO  [main] vice.WorkflowDefinitionService - [user:] Preparing workflow io.nflow.engine.service.DummyTestWorkflow
01.02.2017 11:55:41 INFO  [main] vice.WorkflowDefinitionService - [user:] Added workflow type: dummy (io.nflow.engine.service.DummyTestWorkflow)
01.02.2017 11:55:41 INFO  [main] vice.WorkflowDefinitionService - [user:] Preparing workflow io.nflow.engine.service.DummyTestWorkflow
01.02.2017 11:55:41 INFO  [main] vice.WorkflowDefinitionService - [user:] Added workflow type: dummy (io.nflow.engine.service.DummyTestWorkflow)
01.02.2017 11:55:41 INFO  [main] vice.WorkflowDefinitionService - [user:] Preparing workflow io.nflow.engine.service.DummyTestWorkflow
01.02.2017 11:55:41 INFO  [main] vice.WorkflowDefinitionService - [user:] Added workflow type: dummy (io.nflow.engine.service.DummyTestWorkflow)
>>>>>>>>>>>>>>>>>>>
nflow-engine/target/surefire-reports/io.nflow.engine.service.WorkflowDefinitionServiceTest.txt
<<<<<<<<<<<<<<<<<<<<<
-------------------------------------------------------------------------------
Test set: io.nflow.engine.service.WorkflowDefinitionServiceTest
-------------------------------------------------------------------------------
Tests run: 5, Failures: 0, Errors: 0, Skipped: 0, Time elapsed: 0.02 sec - in io.nflow.engine.service.WorkflowDefinitionServiceTest
>>>>>>>>>>>>>>>>>>>
nflow-engine/target/surefire-reports/io.nflow.engine.service.WorkflowDefinitionServiceWithSpringTest-output.txt
<<<<<<<<<<<<<<<<<<<<<
01.02.2017 11:55:42 INFO  [main] vice.WorkflowDefinitionService - [user:] Added workflow type: springdummy (io.nflow.engine.service.SpringDummyTestWorkflow)
01.02.2017 11:55:42 INFO  [main] vice.WorkflowDefinitionService - [user:] No non-Spring workflow definitions
>>>>>>>>>>>>>>>>>>>
nflow-engine/target/surefire-reports/io.nflow.engine.service.WorkflowDefinitionServiceWithSpringTest.txt
<<<<<<<<<<<<<<<<<<<<<
-------------------------------------------------------------------------------
Test set: io.nflow.engine.service.WorkflowDefinitionServiceWithSpringTest
-------------------------------------------------------------------------------
Tests run: 1, Failures: 0, Errors: 0, Skipped: 0, Time elapsed: 0.223 sec - in io.nflow.engine.service.WorkflowDefinitionServiceWithSpringTest
>>>>>>>>>>>>>>>>>>>
nflow-engine/target/surefire-reports/io.nflow.engine.service.WorkflowExecutorServiceTest.txt
<<<<<<<<<<<<<<<<<<<<<
-------------------------------------------------------------------------------
Test set: io.nflow.engine.service.WorkflowExecutorServiceTest
-------------------------------------------------------------------------------
Tests run: 1, Failures: 0, Errors: 0, Skipped: 0, Time elapsed: 0.002 sec - in io.nflow.engine.service.WorkflowExecutorServiceTest
>>>>>>>>>>>>>>>>>>>
nflow-engine/target/surefire-reports/io.nflow.engine.service.WorkflowInstanceServiceTest.txt
<<<<<<<<<<<<<<<<<<<<<
-------------------------------------------------------------------------------
Test set: io.nflow.engine.service.WorkflowInstanceServiceTest
-------------------------------------------------------------------------------
Tests run: 9, Failures: 0, Errors: 0, Skipped: 0, Time elapsed: 0.025 sec - in io.nflow.engine.service.WorkflowInstanceServiceTest
>>>>>>>>>>>>>>>>>>>
nflow-engine/target/surefire-reports/io.nflow.engine.workflow.definition.AbstractWorkflowDefinitionTest.txt
<<<<<<<<<<<<<<<<<<<<<
-------------------------------------------------------------------------------
Test set: io.nflow.engine.workflow.definition.AbstractWorkflowDefinitionTest
-------------------------------------------------------------------------------
Tests run: 10, Failures: 0, Errors: 0, Skipped: 0, Time elapsed: 0.004 sec - in io.nflow.engine.workflow.definition.AbstractWorkflowDefinitionTest
>>>>>>>>>>>>>>>>>>>
nflow-engine/target/surefire-reports/io.nflow.engine.workflow.definition.MutableTest.txt
<<<<<<<<<<<<<<<<<<<<<
-------------------------------------------------------------------------------
Test set: io.nflow.engine.workflow.definition.MutableTest
-------------------------------------------------------------------------------
Tests run: 3, Failures: 0, Errors: 0, Skipped: 0, Time elapsed: 0.001 sec - in io.nflow.engine.workflow.definition.MutableTest
>>>>>>>>>>>>>>>>>>>
nflow-engine/target/surefire-reports/io.nflow.engine.workflow.definition.NextActionTest.txt
<<<<<<<<<<<<<<<<<<<<<
-------------------------------------------------------------------------------
Test set: io.nflow.engine.workflow.definition.NextActionTest
-------------------------------------------------------------------------------
Tests run: 6, Failures: 0, Errors: 0, Skipped: 0, Time elapsed: 0.009 sec - in io.nflow.engine.workflow.definition.NextActionTest
>>>>>>>>>>>>>>>>>>>
nflow-engine/target/surefire-reports/io.nflow.engine.workflow.definition.WorkflowDefinitionTest.txt
<<<<<<<<<<<<<<<<<<<<<
-------------------------------------------------------------------------------
Test set: io.nflow.engine.workflow.definition.WorkflowDefinitionTest
-------------------------------------------------------------------------------
Tests run: 13, Failures: 0, Errors: 0, Skipped: 0, Time elapsed: 0.007 sec - in io.nflow.engine.workflow.definition.WorkflowDefinitionTest
>>>>>>>>>>>>>>>>>>>
nflow-engine/target/surefire-reports/io.nflow.engine.workflow.definition.WorkflowSettingsTest.txt
<<<<<<<<<<<<<<<<<<<<<
-------------------------------------------------------------------------------
Test set: io.nflow.engine.workflow.definition.WorkflowSettingsTest
-------------------------------------------------------------------------------
Tests run: 5, Failures: 0, Errors: 0, Skipped: 0, Time elapsed: 0.001 sec - in io.nflow.engine.workflow.definition.WorkflowSettingsTest
>>>>>>>>>>>>>>>>>>>
nflow-engine/target/surefire-reports/io.nflow.engine.workflow.definition.WorkflowStateTypeTest.txt
<<<<<<<<<<<<<<<<<<<<<
-------------------------------------------------------------------------------
Test set: io.nflow.engine.workflow.definition.WorkflowStateTypeTest
-------------------------------------------------------------------------------
Tests run: 4, Failures: 0, Errors: 0, Skipped: 0, Time elapsed: 0.001 sec - in io.nflow.engine.workflow.definition.WorkflowStateTypeTest
>>>>>>>>>>>>>>>>>>>
nflow-engine/target/surefire-reports/io.nflow.engine.workflow.instance.WorkflowInstanceFactoryTest.txt
<<<<<<<<<<<<<<<<<<<<<
-------------------------------------------------------------------------------
Test set: io.nflow.engine.workflow.instance.WorkflowInstanceFactoryTest
-------------------------------------------------------------------------------
Tests run: 1, Failures: 0, Errors: 0, Skipped: 0, Time elapsed: 0 sec - in io.nflow.engine.workflow.instance.WorkflowInstanceFactoryTest
>>>>>>>>>>>>>>>>>>>
nflow-engine/target/surefire-reports/io.nflow.engine.workflow.instance.WorkflowInstanceTest.txt
<<<<<<<<<<<<<<<<<<<<<
-------------------------------------------------------------------------------
Test set: io.nflow.engine.workflow.instance.WorkflowInstanceTest
-------------------------------------------------------------------------------
Tests run: 5, Failures: 0, Errors: 0, Skipped: 0, Time elapsed: 0.001 sec - in io.nflow.engine.workflow.instance.WorkflowInstanceTest
>>>>>>>>>>>>>>>>>>>
nflow-engine/target/surefire-reports/io.nflow.engine.workflow.WorkflowInstancePreProcessorTest.txt
<<<<<<<<<<<<<<<<<<<<<
-------------------------------------------------------------------------------
Test set: io.nflow.engine.workflow.WorkflowInstancePreProcessorTest
-------------------------------------------------------------------------------
Tests run: 5, Failures: 0, Errors: 0, Skipped: 0, Time elapsed: 0.004 sec - in io.nflow.engine.workflow.WorkflowInstancePreProcessorTest

travis_time:end:2d32deaf:start=1485950165117264862,finish=1485950165174109095,duration=56844233[0Ktravis_fold:end:after_script[0K
Done. Your build exited with 1.
