Using worker: worker-linux-docker-6fdced78.prod.travis-ci.org:travis-linux-3

travis_fold:start:system_info[0K[33;1mBuild system information[0m
Build language: java
Build group: stable
Build dist: precise
Build id: 160462407
Job id: 160462408
travis-build version: ef82e8245
[34m[1mBuild image provisioning date and time[0m
Thu Feb  5 15:09:33 UTC 2015
[34m[1mOperating System Details[0m
Distributor ID:	Ubuntu
Description:	Ubuntu 12.04.5 LTS
Release:	12.04
Codename:	precise
[34m[1mLinux Version[0m
3.13.0-29-generic
[34m[1mCookbooks Version[0m
a68419e https://github.com/travis-ci/travis-cookbooks/tree/a68419e
[34m[1mGCC version[0m
gcc (Ubuntu/Linaro 4.6.3-1ubuntu5) 4.6.3
Copyright (C) 2011 Free Software Foundation, Inc.
This is free software; see the source for copying conditions.  There is NO
warranty; not even for MERCHANTABILITY or FITNESS FOR A PARTICULAR PURPOSE.

[34m[1mLLVM version[0m
clang version 3.4 (tags/RELEASE_34/final)
Target: x86_64-unknown-linux-gnu
Thread model: posix
[34m[1mPre-installed Ruby versions[0m
ruby-1.9.3-p551
[34m[1mPre-installed Node.js versions[0m
v0.10.36
[34m[1mPre-installed Go versions[0m
1.4.1
[34m[1mRedis version[0m
redis-server 2.8.19
[34m[1mriak version[0m
2.0.2
[34m[1mMongoDB version[0m
MongoDB 2.4.12
[34m[1mCouchDB version[0m
couchdb 1.6.1
[34m[1mNeo4j version[0m
1.9.4
[34m[1mRabbitMQ Version[0m
3.4.3
[34m[1mElasticSearch version[0m
1.4.0
[34m[1mInstalled Sphinx versions[0m
2.0.10
2.1.9
2.2.6
[34m[1mDefault Sphinx version[0m
2.2.6
[34m[1mInstalled Firefox version[0m
firefox 31.0esr
[34m[1mPhantomJS version[0m
1.9.8
[34m[1mant -version[0m
Apache Ant(TM) version 1.8.2 compiled on December 3 2011
[34m[1mmvn -version[0m
Apache Maven 3.2.5 (12a6b3acb947671f09b81f49094c53f426d8cea1; 2014-12-14T17:29:23+00:00)
Maven home: /usr/local/maven
Java version: 1.7.0_76, vendor: Oracle Corporation
Java home: /usr/lib/jvm/java-7-oracle/jre
Default locale: en_US, platform encoding: ANSI_X3.4-1968
OS name: "linux", version: "3.13.0-29-generic", arch: "amd64", family: "unix"
travis_fold:end:system_info[0K
travis_fold:start:fix.CVE-2015-7547[0K$ export DEBIAN_FRONTEND=noninteractive
W: Size of file /var/lib/apt/lists/us.archive.ubuntu.com_ubuntu_dists_precise-backports_multiverse_source_Sources.gz is not what the server reported 5886 5888
W: Size of file /var/lib/apt/lists/ppa.launchpad.net_ubuntugis_ppa_ubuntu_dists_precise_main_binary-amd64_Packages.gz is not what the server reported 33653 36677
W: Size of file /var/lib/apt/lists/ppa.launchpad.net_ubuntugis_ppa_ubuntu_dists_precise_main_binary-i386_Packages.gz is not what the server reported 33699 36733
Reading package lists...
Building dependency tree...
Reading state information...
The following extra packages will be installed:
  libc-bin libc-dev-bin libc6-dev
Suggested packages:
  glibc-doc
The following packages will be upgraded:
  libc-bin libc-dev-bin libc6 libc6-dev
4 upgraded, 0 newly installed, 0 to remove and 258 not upgraded.
Need to get 8,840 kB of archives.
After this operation, 14.3 kB disk space will be freed.
Get:1 http://us.archive.ubuntu.com/ubuntu/ precise-updates/main libc6-dev amd64 2.15-0ubuntu10.15 [2,943 kB]
Get:2 http://us.archive.ubuntu.com/ubuntu/ precise-updates/main libc-dev-bin amd64 2.15-0ubuntu10.15 [84.7 kB]
Get:3 http://us.archive.ubuntu.com/ubuntu/ precise-updates/main libc-bin amd64 2.15-0ubuntu10.15 [1,177 kB]
Get:4 http://us.archive.ubuntu.com/ubuntu/ precise-updates/main libc6 amd64 2.15-0ubuntu10.15 [4,636 kB]
Fetched 8,840 kB in 0s (34.6 MB/s)
Preconfiguring packages ...
(Reading database ... (Reading database ... 5%(Reading database ... 10%(Reading database ... 15%(Reading database ... 20%(Reading database ... 25%(Reading database ... 30%(Reading database ... 35%(Reading database ... 40%(Reading database ... 45%(Reading database ... 50%(Reading database ... 55%(Reading database ... 60%(Reading database ... 65%(Reading database ... 70%(Reading database ... 75%(Reading database ... 80%(Reading database ... 85%(Reading database ... 90%(Reading database ... 95%(Reading database ... 100%(Reading database ... 72019 files and directories currently installed.)
Preparing to replace libc6-dev 2.15-0ubuntu10.10 (using .../libc6-dev_2.15-0ubuntu10.15_amd64.deb) ...
Unpacking replacement libc6-dev ...
Preparing to replace libc-dev-bin 2.15-0ubuntu10.10 (using .../libc-dev-bin_2.15-0ubuntu10.15_amd64.deb) ...
Unpacking replacement libc-dev-bin ...
Preparing to replace libc-bin 2.15-0ubuntu10.10 (using .../libc-bin_2.15-0ubuntu10.15_amd64.deb) ...
Unpacking replacement libc-bin ...
Processing triggers for man-db ...
Setting up libc-bin (2.15-0ubuntu10.15) ...
(Reading database ... (Reading database ... 5%(Reading database ... 10%(Reading database ... 15%(Reading database ... 20%(Reading database ... 25%(Reading database ... 30%(Reading database ... 35%(Reading database ... 40%(Reading database ... 45%(Reading database ... 50%(Reading database ... 55%(Reading database ... 60%(Reading database ... 65%(Reading database ... 70%(Reading database ... 75%(Reading database ... 80%(Reading database ... 85%(Reading database ... 90%(Reading database ... 95%(Reading database ... 100%(Reading database ... 72018 files and directories currently installed.)
Preparing to replace libc6 2.15-0ubuntu10.10 (using .../libc6_2.15-0ubuntu10.15_amd64.deb) ...
Unpacking replacement libc6 ...
Setting up libc6 (2.15-0ubuntu10.15) ...
Setting up libc-dev-bin (2.15-0ubuntu10.15) ...
Setting up libc6-dev (2.15-0ubuntu10.15) ...
Processing triggers for libc-bin ...
ldconfig deferred processing now taking place
travis_fold:end:fix.CVE-2015-7547[0Ktravis_fold:start:git.checkout[0Ktravis_time:start:0de5c1f8[0K$ git clone --depth=50 https://github.com/SonarSource/sonar-php.git SonarSource/sonar-php
Cloning into 'SonarSource/sonar-php'...
remote: Counting objects: 3306, done.[K
remote: Compressing objects:   0% (1/1537)   [Kremote: Compressing objects:   1% (16/1537)   [Kremote: Compressing objects:   2% (31/1537)   [Kremote: Compressing objects:   3% (47/1537)   [Kremote: Compressing objects:   4% (62/1537)   [Kremote: Compressing objects:   5% (77/1537)   [Kremote: Compressing objects:   6% (93/1537)   [Kremote: Compressing objects:   7% (108/1537)   [Kremote: Compressing objects:   8% (123/1537)   [Kremote: Compressing objects:   9% (139/1537)   [Kremote: Compressing objects:  10% (154/1537)   [Kremote: Compressing objects:  11% (170/1537)   [Kremote: Compressing objects:  12% (185/1537)   [Kremote: Compressing objects:  13% (200/1537)   [Kremote: Compressing objects:  14% (216/1537)   [Kremote: Compressing objects:  15% (231/1537)   [Kremote: Compressing objects:  16% (246/1537)   [Kremote: Compressing objects:  17% (262/1537)   [Kremote: Compressing objects:  18% (277/1537)   [Kremote: Compressing objects:  19% (293/1537)   [Kremote: Compressing objects:  20% (308/1537)   [Kremote: Compressing objects:  21% (323/1537)   [Kremote: Compressing objects:  22% (339/1537)   [Kremote: Compressing objects:  23% (354/1537)   [Kremote: Compressing objects:  24% (369/1537)   [Kremote: Compressing objects:  25% (385/1537)   [Kremote: Compressing objects:  26% (400/1537)   [Kremote: Compressing objects:  27% (415/1537)   [Kremote: Compressing objects:  28% (431/1537)   [Kremote: Compressing objects:  29% (446/1537)   [Kremote: Compressing objects:  30% (462/1537)   [Kremote: Compressing objects:  31% (477/1537)   [Kremote: Compressing objects:  32% (492/1537)   [Kremote: Compressing objects:  33% (508/1537)   [Kremote: Compressing objects:  34% (523/1537)   [Kremote: Compressing objects:  35% (538/1537)   [Kremote: Compressing objects:  36% (554/1537)   [Kremote: Compressing objects:  37% (569/1537)   [Kremote: Compressing objects:  38% (585/1537)   [Kremote: Compressing objects:  39% (600/1537)   [Kremote: Compressing objects:  40% (615/1537)   [Kremote: Compressing objects:  41% (631/1537)   [Kremote: Compressing objects:  42% (646/1537)   [Kremote: Compressing objects:  43% (661/1537)   [Kremote: Compressing objects:  44% (677/1537)   [Kremote: Compressing objects:  45% (692/1537)   [Kremote: Compressing objects:  46% (708/1537)   [Kremote: Compressing objects:  47% (723/1537)   [Kremote: Compressing objects:  48% (738/1537)   [Kremote: Compressing objects:  49% (754/1537)   [Kremote: Compressing objects:  50% (769/1537)   [Kremote: Compressing objects:  51% (784/1537)   [Kremote: Compressing objects:  52% (800/1537)   [Kremote: Compressing objects:  53% (815/1537)   [Kremote: Compressing objects:  54% (830/1537)   [Kremote: Compressing objects:  55% (846/1537)   [Kremote: Compressing objects:  56% (861/1537)   [Kremote: Compressing objects:  57% (877/1537)   [Kremote: Compressing objects:  58% (892/1537)   [Kremote: Compressing objects:  59% (907/1537)   [Kremote: Compressing objects:  60% (923/1537)   [Kremote: Compressing objects:  61% (938/1537)   [Kremote: Compressing objects:  62% (953/1537)   [Kremote: Compressing objects:  63% (969/1537)   [Kremote: Compressing objects:  64% (984/1537)   [Kremote: Compressing objects:  65% (1000/1537)   [Kremote: Compressing objects:  66% (1015/1537)   [Kremote: Compressing objects:  67% (1030/1537)   [Kremote: Compressing objects:  68% (1046/1537)   [Kremote: Compressing objects:  69% (1061/1537)   [Kremote: Compressing objects:  70% (1076/1537)   [Kremote: Compressing objects:  71% (1092/1537)   [Kremote: Compressing objects:  72% (1107/1537)   [Kremote: Compressing objects:  73% (1123/1537)   [Kremote: Compressing objects:  74% (1138/1537)   [Kremote: Compressing objects:  75% (1153/1537)   [Kremote: Compressing objects:  76% (1169/1537)   [Kremote: Compressing objects:  77% (1184/1537)   [Kremote: Compressing objects:  78% (1199/1537)   [Kremote: Compressing objects:  79% (1215/1537)   [Kremote: Compressing objects:  80% (1230/1537)   [Kremote: Compressing objects:  81% (1245/1537)   [Kremote: Compressing objects:  82% (1261/1537)   [Kremote: Compressing objects:  83% (1276/1537)   [Kremote: Compressing objects:  84% (1292/1537)   [Kremote: Compressing objects:  85% (1307/1537)   [Kremote: Compressing objects:  86% (1322/1537)   [Kremote: Compressing objects:  87% (1338/1537)   [Kremote: Compressing objects:  88% (1353/1537)   [Kremote: Compressing objects:  89% (1368/1537)   [Kremote: Compressing objects:  90% (1384/1537)   [Kremote: Compressing objects:  91% (1399/1537)   [Kremote: Compressing objects:  92% (1415/1537)   [Kremote: Compressing objects:  93% (1430/1537)   [Kremote: Compressing objects:  94% (1445/1537)   [Kremote: Compressing objects:  95% (1461/1537)   [Kremote: Compressing objects:  96% (1476/1537)   [Kremote: Compressing objects:  97% (1491/1537)   [Kremote: Compressing objects:  98% (1507/1537)   [Kremote: Compressing objects:  99% (1522/1537)   [Kremote: Compressing objects: 100% (1537/1537)   [Kremote: Compressing objects: 100% (1537/1537), done.[K
Receiving objects:   0% (1/3306)   Receiving objects:   1% (34/3306)   Receiving objects:   2% (67/3306)   Receiving objects:   3% (100/3306)   Receiving objects:   4% (133/3306)   Receiving objects:   5% (166/3306)   Receiving objects:   6% (199/3306)   Receiving objects:   7% (232/3306)   Receiving objects:   8% (265/3306)   Receiving objects:   9% (298/3306)   Receiving objects:  10% (331/3306)   Receiving objects:  11% (364/3306)   Receiving objects:  12% (397/3306)   Receiving objects:  13% (430/3306)   Receiving objects:  14% (463/3306)   Receiving objects:  15% (496/3306)   Receiving objects:  16% (529/3306)   Receiving objects:  17% (563/3306)   Receiving objects:  18% (596/3306)   Receiving objects:  19% (629/3306)   Receiving objects:  20% (662/3306)   Receiving objects:  21% (695/3306)   Receiving objects:  22% (728/3306)   Receiving objects:  23% (761/3306)   Receiving objects:  24% (794/3306)   Receiving objects:  25% (827/3306)   Receiving objects:  26% (860/3306)   Receiving objects:  27% (893/3306)   Receiving objects:  28% (926/3306)   Receiving objects:  29% (959/3306)   Receiving objects:  30% (992/3306)   Receiving objects:  31% (1025/3306)   Receiving objects:  32% (1058/3306)   Receiving objects:  33% (1091/3306)   Receiving objects:  34% (1125/3306)   Receiving objects:  35% (1158/3306)   Receiving objects:  36% (1191/3306)   Receiving objects:  37% (1224/3306)   Receiving objects:  38% (1257/3306)   Receiving objects:  39% (1290/3306)   Receiving objects:  40% (1323/3306)   Receiving objects:  41% (1356/3306)   Receiving objects:  42% (1389/3306)   Receiving objects:  43% (1422/3306)   Receiving objects:  44% (1455/3306)   Receiving objects:  45% (1488/3306)   Receiving objects:  46% (1521/3306)   Receiving objects:  47% (1554/3306)   Receiving objects:  48% (1587/3306)   Receiving objects:  49% (1620/3306)   Receiving objects:  50% (1653/3306)   Receiving objects:  51% (1687/3306)   Receiving objects:  52% (1720/3306)   Receiving objects:  53% (1753/3306)   Receiving objects:  54% (1786/3306)   Receiving objects:  55% (1819/3306)   Receiving objects:  56% (1852/3306)   Receiving objects:  57% (1885/3306)   Receiving objects:  58% (1918/3306)   Receiving objects:  59% (1951/3306)   Receiving objects:  60% (1984/3306)   Receiving objects:  61% (2017/3306)   Receiving objects:  62% (2050/3306)   Receiving objects:  63% (2083/3306)   Receiving objects:  64% (2116/3306)   Receiving objects:  65% (2149/3306)   Receiving objects:  66% (2182/3306)   Receiving objects:  67% (2216/3306)   Receiving objects:  68% (2249/3306)   Receiving objects:  69% (2282/3306)   Receiving objects:  70% (2315/3306)   Receiving objects:  71% (2348/3306)   Receiving objects:  72% (2381/3306)   Receiving objects:  73% (2414/3306)   Receiving objects:  74% (2447/3306)   Receiving objects:  75% (2480/3306)   Receiving objects:  76% (2513/3306)   Receiving objects:  77% (2546/3306)   Receiving objects:  78% (2579/3306)   Receiving objects:  79% (2612/3306)   Receiving objects:  80% (2645/3306)   Receiving objects:  81% (2678/3306)   Receiving objects:  82% (2711/3306)   Receiving objects:  83% (2744/3306)   Receiving objects:  84% (2778/3306)   Receiving objects:  85% (2811/3306)   Receiving objects:  86% (2844/3306)   Receiving objects:  87% (2877/3306)   Receiving objects:  88% (2910/3306)   Receiving objects:  89% (2943/3306)   Receiving objects:  90% (2976/3306)   Receiving objects:  91% (3009/3306)   Receiving objects:  92% (3042/3306)   Receiving objects:  93% (3075/3306)   Receiving objects:  94% (3108/3306)   Receiving objects:  95% (3141/3306)   Receiving objects:  96% (3174/3306)   Receiving objects:  97% (3207/3306)   Receiving objects:  98% (3240/3306)   Receiving objects:  99% (3273/3306)   remote: Total 3306 (delta 1916), reused 2465 (delta 1348), pack-reused 0[K
Receiving objects: 100% (3306/3306)   Receiving objects: 100% (3306/3306), 1.08 MiB | 0 bytes/s, done.
Resolving deltas:   0% (0/1916)   Resolving deltas:   1% (23/1916)   Resolving deltas:   3% (72/1916)   Resolving deltas:   4% (79/1916)   Resolving deltas:   5% (96/1916)   Resolving deltas:   6% (116/1916)   Resolving deltas:   7% (136/1916)   Resolving deltas:   8% (156/1916)   Resolving deltas:   9% (173/1916)   Resolving deltas:  10% (200/1916)   Resolving deltas:  11% (214/1916)   Resolving deltas:  12% (231/1916)   Resolving deltas:  13% (251/1916)   Resolving deltas:  14% (272/1916)   Resolving deltas:  15% (289/1916)   Resolving deltas:  16% (319/1916)   Resolving deltas:  17% (337/1916)   Resolving deltas:  18% (346/1916)   Resolving deltas:  19% (368/1916)   Resolving deltas:  20% (386/1916)   Resolving deltas:  23% (458/1916)   Resolving deltas:  24% (460/1916)   Resolving deltas:  25% (484/1916)   Resolving deltas:  27% (524/1916)   Resolving deltas:  28% (542/1916)   Resolving deltas:  29% (567/1916)   Resolving deltas:  30% (577/1916)   Resolving deltas:  31% (598/1916)   Resolving deltas:  32% (618/1916)   Resolving deltas:  33% (633/1916)   Resolving deltas:  34% (653/1916)   Resolving deltas:  37% (719/1916)   Resolving deltas:  43% (827/1916)   Resolving deltas:  44% (851/1916)   Resolving deltas:  45% (863/1916)   Resolving deltas:  46% (882/1916)   Resolving deltas:  47% (905/1916)   Resolving deltas:  53% (1020/1916)   Resolving deltas:  60% (1158/1916)   Resolving deltas:  61% (1175/1916)   Resolving deltas:  62% (1196/1916)   Resolving deltas:  63% (1208/1916)   Resolving deltas:  64% (1238/1916)   Resolving deltas:  68% (1309/1916)   Resolving deltas:  72% (1387/1916)   Resolving deltas:  73% (1399/1916)   Resolving deltas:  74% (1420/1916)   Resolving deltas:  75% (1447/1916)   Resolving deltas:  77% (1488/1916)   Resolving deltas:  82% (1575/1916)   Resolving deltas:  83% (1609/1916)   Resolving deltas:  86% (1653/1916)   Resolving deltas:  87% (1675/1916)   Resolving deltas:  88% (1688/1916)   Resolving deltas:  91% (1753/1916)   Resolving deltas:  92% (1779/1916)   Resolving deltas:  93% (1787/1916)   Resolving deltas:  94% (1805/1916)   Resolving deltas:  95% (1835/1916)   Resolving deltas:  96% (1843/1916)   Resolving deltas:  97% (1864/1916)   Resolving deltas:  98% (1878/1916)   Resolving deltas:  99% (1900/1916)   Resolving deltas: 100% (1916/1916)   Resolving deltas: 100% (1916/1916), done.
Checking connectivity... done.

travis_time:end:0de5c1f8:start=1474036357267065013,finish=1474036358803460598,duration=1536395585[0K$ cd SonarSource/sonar-php
travis_time:start:172cb8c2[0K$ git fetch origin +refs/pull/121/merge:
remote: Counting objects: 1006, done.[K
remote: Compressing objects:   0% (1/276)   [Kremote: Compressing objects:   1% (3/276)   [Kremote: Compressing objects:   2% (6/276)   [Kremote: Compressing objects:   3% (9/276)   [Kremote: Compressing objects:   4% (12/276)   [Kremote: Compressing objects:   5% (14/276)   [Kremote: Compressing objects:   6% (17/276)   [Kremote: Compressing objects:   7% (20/276)   [Kremote: Compressing objects:   8% (23/276)   [Kremote: Compressing objects:   9% (25/276)   [Kremote: Compressing objects:  10% (28/276)   [Kremote: Compressing objects:  11% (31/276)   [Kremote: Compressing objects:  12% (34/276)   [Kremote: Compressing objects:  13% (36/276)   [Kremote: Compressing objects:  14% (39/276)   [Kremote: Compressing objects:  15% (42/276)   [Kremote: Compressing objects:  16% (45/276)   [Kremote: Compressing objects:  17% (47/276)   [Kremote: Compressing objects:  18% (50/276)   [Kremote: Compressing objects:  19% (53/276)   [Kremote: Compressing objects:  20% (56/276)   [Kremote: Compressing objects:  21% (58/276)   [Kremote: Compressing objects:  22% (61/276)   [Kremote: Compressing objects:  23% (64/276)   [Kremote: Compressing objects:  24% (67/276)   [Kremote: Compressing objects:  25% (69/276)   [Kremote: Compressing objects:  26% (72/276)   [Kremote: Compressing objects:  27% (75/276)   [Kremote: Compressing objects:  28% (78/276)   [Kremote: Compressing objects:  29% (81/276)   [Kremote: Compressing objects:  30% (83/276)   [Kremote: Compressing objects:  31% (86/276)   [Kremote: Compressing objects:  32% (89/276)   [Kremote: Compressing objects:  33% (92/276)   [Kremote: Compressing objects:  34% (94/276)   [Kremote: Compressing objects:  35% (97/276)   [Kremote: Compressing objects:  36% (100/276)   [Kremote: Compressing objects:  37% (103/276)   [Kremote: Compressing objects:  38% (105/276)   [Kremote: Compressing objects:  39% (108/276)   [Kremote: Compressing objects:  40% (111/276)   [Kremote: Compressing objects:  41% (114/276)   [Kremote: Compressing objects:  42% (116/276)   [Kremote: Compressing objects:  43% (119/276)   [Kremote: Compressing objects:  44% (122/276)   [Kremote: Compressing objects:  45% (125/276)   [Kremote: Compressing objects:  46% (127/276)   [Kremote: Compressing objects:  47% (130/276)   [Kremote: Compressing objects:  48% (133/276)   [Kremote: Compressing objects:  49% (136/276)   [Kremote: Compressing objects:  50% (138/276)   [Kremote: Compressing objects:  51% (141/276)   [Kremote: Compressing objects:  52% (144/276)   [Kremote: Compressing objects:  53% (147/276)   [Kremote: Compressing objects:  54% (150/276)   [Kremote: Compressing objects:  55% (152/276)   [Kremote: Compressing objects:  56% (155/276)   [Kremote: Compressing objects:  57% (158/276)   [Kremote: Compressing objects:  58% (161/276)   [Kremote: Compressing objects:  59% (163/276)   [Kremote: Compressing objects:  60% (166/276)   [Kremote: Compressing objects:  61% (169/276)   [Kremote: Compressing objects:  62% (172/276)   [Kremote: Compressing objects:  63% (174/276)   [Kremote: Compressing objects:  64% (177/276)   [Kremote: Compressing objects:  65% (180/276)   [Kremote: Compressing objects:  66% (183/276)   [Kremote: Compressing objects:  67% (185/276)   [Kremote: Compressing objects:  68% (188/276)   [Kremote: Compressing objects:  69% (191/276)   [Kremote: Compressing objects:  70% (194/276)   [Kremote: Compressing objects:  71% (196/276)   [Kremote: Compressing objects:  72% (199/276)   [Kremote: Compressing objects:  73% (202/276)   [Kremote: Compressing objects:  74% (205/276)   [Kremote: Compressing objects:  75% (207/276)   [Kremote: Compressing objects:  76% (210/276)   [Kremote: Compressing objects:  77% (213/276)   [Kremote: Compressing objects:  78% (216/276)   [Kremote: Compressing objects:  79% (219/276)   [Kremote: Compressing objects:  80% (221/276)   [Kremote: Compressing objects:  81% (224/276)   [Kremote: Compressing objects:  82% (227/276)   [Kremote: Compressing objects:  83% (230/276)   [Kremote: Compressing objects:  84% (232/276)   [Kremote: Compressing objects:  85% (235/276)   [Kremote: Compressing objects:  86% (238/276)   [Kremote: Compressing objects:  87% (241/276)   [Kremote: Compressing objects:  88% (243/276)   [Kremote: Compressing objects:  89% (246/276)   [Kremote: Compressing objects:  90% (249/276)   [Kremote: Compressing objects:  91% (252/276)   [Kremote: Compressing objects:  92% (254/276)   [Kremote: Compressing objects:  93% (257/276)   [Kremote: Compressing objects:  94% (260/276)   [Kremote: Compressing objects:  95% (263/276)   [Kremote: Compressing objects:  96% (265/276)   [Kremote: Compressing objects:  97% (268/276)   [Kremote: Compressing objects:  98% (271/276)   [Kremote: Compressing objects:  99% (274/276)   [Kremote: Compressing objects: 100% (276/276)   [Kremote: Compressing objects: 100% (276/276), done.[K
Receiving objects:   0% (1/1006)   Receiving objects:   1% (11/1006)   Receiving objects:   2% (21/1006)   Receiving objects:   3% (31/1006)   Receiving objects:   4% (41/1006)   Receiving objects:   5% (51/1006)   Receiving objects:   6% (61/1006)   Receiving objects:   7% (71/1006)   Receiving objects:   8% (81/1006)   Receiving objects:   9% (91/1006)   Receiving objects:  10% (101/1006)   Receiving objects:  11% (111/1006)   Receiving objects:  12% (121/1006)   Receiving objects:  13% (131/1006)   Receiving objects:  14% (141/1006)   Receiving objects:  15% (151/1006)   Receiving objects:  16% (161/1006)   Receiving objects:  17% (172/1006)   Receiving objects:  18% (182/1006)   Receiving objects:  19% (192/1006)   Receiving objects:  20% (202/1006)   Receiving objects:  21% (212/1006)   Receiving objects:  22% (222/1006)   Receiving objects:  23% (232/1006)   Receiving objects:  24% (242/1006)   Receiving objects:  25% (252/1006)   Receiving objects:  26% (262/1006)   Receiving objects:  27% (272/1006)   Receiving objects:  28% (282/1006)   Receiving objects:  29% (292/1006)   Receiving objects:  30% (302/1006)   Receiving objects:  31% (312/1006)   Receiving objects:  32% (322/1006)   Receiving objects:  33% (332/1006)   Receiving objects:  34% (343/1006)   Receiving objects:  35% (353/1006)   Receiving objects:  36% (363/1006)   Receiving objects:  37% (373/1006)   Receiving objects:  38% (383/1006)   remote: Total 1006 (delta 482), reused 969 (delta 465), pack-reused 0[K
Receiving objects:  39% (393/1006)   Receiving objects:  40% (403/1006)   Receiving objects:  41% (413/1006)   Receiving objects:  42% (423/1006)   Receiving objects:  43% (433/1006)   Receiving objects:  44% (443/1006)   Receiving objects:  45% (453/1006)   Receiving objects:  46% (463/1006)   Receiving objects:  47% (473/1006)   Receiving objects:  48% (483/1006)   Receiving objects:  49% (493/1006)   Receiving objects:  50% (503/1006)   Receiving objects:  51% (514/1006)   Receiving objects:  52% (524/1006)   Receiving objects:  53% (534/1006)   Receiving objects:  54% (544/1006)   Receiving objects:  55% (554/1006)   Receiving objects:  56% (564/1006)   Receiving objects:  57% (574/1006)   Receiving objects:  58% (584/1006)   Receiving objects:  59% (594/1006)   Receiving objects:  60% (604/1006)   Receiving objects:  61% (614/1006)   Receiving objects:  62% (624/1006)   Receiving objects:  63% (634/1006)   Receiving objects:  64% (644/1006)   Receiving objects:  65% (654/1006)   Receiving objects:  66% (664/1006)   Receiving objects:  67% (675/1006)   Receiving objects:  68% (685/1006)   Receiving objects:  69% (695/1006)   Receiving objects:  70% (705/1006)   Receiving objects:  71% (715/1006)   Receiving objects:  72% (725/1006)   Receiving objects:  73% (735/1006)   Receiving objects:  74% (745/1006)   Receiving objects:  75% (755/1006)   Receiving objects:  76% (765/1006)   Receiving objects:  77% (775/1006)   Receiving objects:  78% (785/1006)   Receiving objects:  79% (795/1006)   Receiving objects:  80% (805/1006)   Receiving objects:  81% (815/1006)   Receiving objects:  82% (825/1006)   Receiving objects:  83% (835/1006)   Receiving objects:  84% (846/1006)   Receiving objects:  85% (856/1006)   Receiving objects:  86% (866/1006)   Receiving objects:  87% (876/1006)   Receiving objects:  88% (886/1006)   Receiving objects:  89% (896/1006)   Receiving objects:  90% (906/1006)   Receiving objects:  91% (916/1006)   Receiving objects:  92% (926/1006)   Receiving objects:  93% (936/1006)   Receiving objects:  94% (946/1006)   Receiving objects:  95% (956/1006)   Receiving objects:  96% (966/1006)   Receiving objects:  97% (976/1006)   Receiving objects:  98% (986/1006)   Receiving objects:  99% (996/1006)   Receiving objects: 100% (1006/1006)   Receiving objects: 100% (1006/1006), 160.06 KiB | 0 bytes/s, done.
Resolving deltas:   0% (0/482)   Resolving deltas:   1% (8/482)   Resolving deltas:   2% (11/482)   Resolving deltas:   3% (18/482)   Resolving deltas:   4% (21/482)   Resolving deltas:  12% (59/482)   Resolving deltas:  13% (65/482)   Resolving deltas:  14% (69/482)   Resolving deltas:  15% (75/482)   Resolving deltas:  16% (81/482)   Resolving deltas:  17% (82/482)   Resolving deltas:  22% (107/482)   Resolving deltas:  23% (111/482)   Resolving deltas:  26% (127/482)   Resolving deltas:  28% (136/482)   Resolving deltas:  30% (147/482)   Resolving deltas:  31% (154/482)   Resolving deltas:  32% (155/482)   Resolving deltas:  33% (160/482)   Resolving deltas:  40% (195/482)   Resolving deltas:  41% (198/482)   Resolving deltas:  42% (203/482)   Resolving deltas:  43% (209/482)   Resolving deltas:  44% (213/482)   Resolving deltas:  45% (217/482)   Resolving deltas:  46% (223/482)   Resolving deltas:  47% (228/482)   Resolving deltas:  48% (232/482)   Resolving deltas:  49% (237/482)   Resolving deltas:  50% (241/482)   Resolving deltas:  51% (246/482)   Resolving deltas:  52% (251/482)   Resolving deltas:  53% (259/482)   Resolving deltas:  54% (261/482)   Resolving deltas:  55% (267/482)   Resolving deltas:  56% (270/482)   Resolving deltas:  57% (275/482)   Resolving deltas:  58% (283/482)   Resolving deltas:  59% (285/482)   Resolving deltas:  60% (290/482)   Resolving deltas:  61% (295/482)   Resolving deltas:  62% (299/482)   Resolving deltas:  76% (367/482)   Resolving deltas:  77% (374/482)   Resolving deltas:  78% (376/482)   Resolving deltas:  79% (382/482)   Resolving deltas:  80% (386/482)   Resolving deltas:  81% (391/482)   Resolving deltas:  82% (396/482)   Resolving deltas:  83% (401/482)   Resolving deltas:  84% (405/482)   Resolving deltas:  86% (417/482)   Resolving deltas:  87% (421/482)   Resolving deltas:  88% (425/482)   Resolving deltas:  90% (435/482)   Resolving deltas:  92% (444/482)   Resolving deltas:  94% (454/482)   Resolving deltas:  96% (466/482)   Resolving deltas:  97% (468/482)   Resolving deltas:  98% (474/482)   Resolving deltas:  99% (478/482)   Resolving deltas: 100% (482/482)   Resolving deltas: 100% (482/482), completed with 115 local objects.
From https://github.com/SonarSource/sonar-php
 * branch            refs/pull/121/merge -> FETCH_HEAD

travis_time:end:172cb8c2:start=1474036358808810774,finish=1474036359226181956,duration=417371182[0K$ git checkout -qf FETCH_HEAD
travis_fold:end:git.checkout[0Ktravis_fold:start:git.submodule[0Ktravis_time:start:1ed71d3a[0K$ git submodule update --init --recursive
Submodule 'its/sources' (https://github.com/SonarCommunity/php-test-sources.git) registered for path 'its/sources'
Cloning into 'its/sources'...
remote: Counting objects: 4341, done.[K
Receiving objects:   0% (1/4341)   Receiving objects:   1% (44/4341)   Receiving objects:   2% (87/4341)   Receiving objects:   3% (131/4341)   Receiving objects:   4% (174/4341)   Receiving objects:   5% (218/4341)   Receiving objects:   6% (261/4341)   Receiving objects:   7% (304/4341)   Receiving objects:   8% (348/4341)   Receiving objects:   9% (391/4341)   Receiving objects:  10% (435/4341)   Receiving objects:  11% (478/4341)   Receiving objects:  12% (521/4341)   Receiving objects:  13% (565/4341)   Receiving objects:  14% (608/4341)   Receiving objects:  15% (652/4341)   Receiving objects:  16% (695/4341)   Receiving objects:  17% (738/4341)   Receiving objects:  18% (782/4341)   Receiving objects:  19% (825/4341)   Receiving objects:  20% (869/4341)   Receiving objects:  21% (912/4341)   Receiving objects:  22% (956/4341)   Receiving objects:  23% (999/4341)   Receiving objects:  24% (1042/4341)   Receiving objects:  25% (1086/4341)   Receiving objects:  26% (1129/4341)   Receiving objects:  27% (1173/4341)   Receiving objects:  28% (1216/4341)   Receiving objects:  29% (1259/4341)   Receiving objects:  30% (1303/4341)   Receiving objects:  31% (1346/4341)   Receiving objects:  32% (1390/4341)   Receiving objects:  33% (1433/4341)   Receiving objects:  34% (1476/4341)   Receiving objects:  35% (1520/4341)   Receiving objects:  36% (1563/4341)   Receiving objects:  37% (1607/4341)   Receiving objects:  38% (1650/4341)   Receiving objects:  39% (1693/4341)   Receiving objects:  40% (1737/4341)   Receiving objects:  41% (1780/4341)   Receiving objects:  42% (1824/4341)   Receiving objects:  43% (1867/4341)   Receiving objects:  44% (1911/4341)   Receiving objects:  45% (1954/4341)   Receiving objects:  46% (1997/4341)   Receiving objects:  47% (2041/4341)   Receiving objects:  48% (2084/4341)   Receiving objects:  49% (2128/4341)   Receiving objects:  50% (2171/4341)   Receiving objects:  51% (2214/4341)   Receiving objects:  52% (2258/4341)   Receiving objects:  53% (2301/4341)   Receiving objects:  54% (2345/4341)   Receiving objects:  55% (2388/4341)   Receiving objects:  56% (2431/4341)   Receiving objects:  57% (2475/4341)   Receiving objects:  58% (2518/4341)   Receiving objects:  59% (2562/4341)   Receiving objects:  60% (2605/4341)   Receiving objects:  61% (2649/4341)   Receiving objects:  62% (2692/4341)   Receiving objects:  63% (2735/4341)   Receiving objects:  64% (2779/4341)   Receiving objects:  65% (2822/4341)   Receiving objects:  66% (2866/4341)   Receiving objects:  67% (2909/4341)   Receiving objects:  68% (2952/4341)   Receiving objects:  69% (2996/4341)   Receiving objects:  70% (3039/4341)   Receiving objects:  71% (3083/4341)   Receiving objects:  72% (3126/4341)   Receiving objects:  73% (3169/4341)   Receiving objects:  74% (3213/4341)   Receiving objects:  75% (3256/4341)   Receiving objects:  76% (3300/4341)   Receiving objects:  77% (3343/4341)   Receiving objects:  78% (3386/4341)   Receiving objects:  79% (3430/4341)   Receiving objects:  80% (3473/4341)   Receiving objects:  81% (3517/4341)   Receiving objects:  82% (3560/4341)   Receiving objects:  83% (3604/4341)   Receiving objects:  84% (3647/4341)   Receiving objects:  85% (3690/4341)   Receiving objects:  86% (3734/4341)   Receiving objects:  87% (3777/4341)   Receiving objects:  88% (3821/4341)   Receiving objects:  89% (3864/4341)   Receiving objects:  90% (3907/4341)   Receiving objects:  91% (3951/4341)   Receiving objects:  92% (3994/4341)   Receiving objects:  93% (4038/4341)   Receiving objects:  94% (4081/4341)   Receiving objects:  95% (4124/4341)   Receiving objects:  96% (4168/4341)   Receiving objects:  97% (4211/4341)   remote: Total 4341 (delta 0), reused 0 (delta 0), pack-reused 4341[K
Receiving objects:  98% (4255/4341)   Receiving objects:  99% (4298/4341)   Receiving objects: 100% (4341/4341)   Receiving objects: 100% (4341/4341), 3.26 MiB | 0 bytes/s, done.
Resolving deltas:   0% (0/1589)   Resolving deltas:   1% (16/1589)   Resolving deltas:   2% (34/1589)   Resolving deltas:   3% (48/1589)   Resolving deltas:   4% (64/1589)   Resolving deltas:   8% (140/1589)   Resolving deltas:   9% (145/1589)   Resolving deltas:  10% (168/1589)   Resolving deltas:  11% (175/1589)   Resolving deltas:  12% (204/1589)   Resolving deltas:  13% (209/1589)   Resolving deltas:  14% (227/1589)   Resolving deltas:  17% (280/1589)   Resolving deltas:  21% (340/1589)   Resolving deltas:  23% (377/1589)   Resolving deltas:  25% (404/1589)   Resolving deltas:  26% (415/1589)   Resolving deltas:  27% (430/1589)   Resolving deltas:  28% (448/1589)   Resolving deltas:  29% (463/1589)   Resolving deltas:  30% (478/1589)   Resolving deltas:  31% (493/1589)   Resolving deltas:  32% (509/1589)   Resolving deltas:  33% (525/1589)   Resolving deltas:  34% (541/1589)   Resolving deltas:  35% (571/1589)   Resolving deltas:  36% (575/1589)   Resolving deltas:  37% (589/1589)   Resolving deltas:  38% (604/1589)   Resolving deltas:  39% (620/1589)   Resolving deltas:  40% (643/1589)   Resolving deltas:  41% (657/1589)   Resolving deltas:  42% (679/1589)   Resolving deltas:  43% (684/1589)   Resolving deltas:  44% (701/1589)   Resolving deltas:  45% (718/1589)   Resolving deltas:  46% (737/1589)   Resolving deltas:  47% (752/1589)   Resolving deltas:  48% (763/1589)   Resolving deltas:  49% (780/1589)   Resolving deltas:  50% (801/1589)   Resolving deltas:  51% (814/1589)   Resolving deltas:  52% (827/1589)   Resolving deltas:  53% (843/1589)   Resolving deltas:  54% (862/1589)   Resolving deltas:  55% (875/1589)   Resolving deltas:  56% (894/1589)   Resolving deltas:  57% (908/1589)   Resolving deltas:  58% (922/1589)   Resolving deltas:  59% (940/1589)   Resolving deltas:  60% (959/1589)   Resolving deltas:  61% (970/1589)   Resolving deltas:  62% (986/1589)   Resolving deltas:  63% (1009/1589)   Resolving deltas:  64% (1017/1589)   Resolving deltas:  65% (1038/1589)   Resolving deltas:  66% (1050/1589)   Resolving deltas:  67% (1065/1589)   Resolving deltas:  68% (1082/1589)   Resolving deltas:  69% (1097/1589)   Resolving deltas:  70% (1115/1589)   Resolving deltas:  71% (1129/1589)   Resolving deltas:  72% (1145/1589)   Resolving deltas:  73% (1160/1589)   Resolving deltas:  74% (1179/1589)   Resolving deltas:  75% (1192/1589)   Resolving deltas:  76% (1213/1589)   Resolving deltas:  77% (1224/1589)   Resolving deltas:  78% (1240/1589)   Resolving deltas:  79% (1259/1589)   Resolving deltas:  80% (1272/1589)   Resolving deltas:  81% (1288/1589)   Resolving deltas:  82% (1308/1589)   Resolving deltas:  83% (1322/1589)   Resolving deltas:  84% (1338/1589)   Resolving deltas:  85% (1351/1589)   Resolving deltas:  86% (1372/1589)   Resolving deltas:  87% (1384/1589)   Resolving deltas:  88% (1399/1589)   Resolving deltas:  89% (1415/1589)   Resolving deltas:  90% (1431/1589)   Resolving deltas:  91% (1446/1589)   Resolving deltas:  92% (1465/1589)   Resolving deltas:  93% (1478/1589)   Resolving deltas:  94% (1497/1589)   Resolving deltas:  95% (1510/1589)   Resolving deltas:  96% (1527/1589)   Resolving deltas:  97% (1542/1589)   Resolving deltas:  98% (1561/1589)   Resolving deltas:  99% (1577/1589)   Resolving deltas: 100% (1589/1589)   Resolving deltas: 100% (1589/1589), done.
Checking connectivity... done.
Submodule path 'its/sources': checked out '4f1f094d3505e8ea70e70fa565e56ef45e2acfda'

travis_time:end:1ed71d3a:start=1474036367901953176,finish=1474036381925586954,duration=14023633778[0Ktravis_fold:end:git.submodule[0K
[33;1mThis job is running on container-based infrastructure, which does not allow use of 'sudo', setuid and setguid executables.[0m
[33;1mIf you require sudo, add 'sudo: required' to your .travis.yml[0m
[33;1mSee https://docs.travis-ci.com/user/workers/container-based-infrastructure/ for details.[0m

[33;1mSetting environment variables from repository settings[0m
$ export ARTIFACTORY_URL=[secure]
$ export ARTIFACTORY_DEPLOY_REPO=[secure]
$ export ARTIFACTORY_DEPLOY_USERNAME=[secure]
$ export ARTIFACTORY_DEPLOY_PASSWORD=[secure]
$ export GITHUB_TOKEN=[secure]
$ export SONAR_TOKEN=[secure]
$ export SONAR_HOST_URL=[secure]
$ export DEPLOY_PULL_REQUEST=true

[33;1mSetting environment variables from .travis.yml[0m
$ export TEST=ci

$ jdk_switcher use oraclejdk8
Switching to Oracle JDK8 (java-8-oracle), JAVA_HOME will be set to /usr/lib/jvm/java-8-oracle
travis_fold:start:cache.1[0KSetting up build cache
$ export CASHER_DIR=$HOME/.casher
travis_time:start:06f6a990[0K$ Installing caching utilities

travis_time:end:06f6a990:start=1474036386236500816,finish=1474036386305442048,duration=68941232[0Ktravis_time:start:03f1a9e8[0K
travis_time:end:03f1a9e8:start=1474036386311885522,finish=1474036386315174940,duration=3289418[0Ktravis_time:start:00a2a4f8[0K[32;1mattempting to download cache archive[0m
[32;1mfetching PR.121/cache-linux-precise-aaf0f2a7697dc26eaa8f7fe2f6db204894f90918909ca69314e3747c529d7f1c--jdk-oraclejdk8.tgz[0m
[32;1mfound cache[0m

travis_time:end:00a2a4f8:start=1474036386319223581,finish=1474036390719338551,duration=4400114970[0Ktravis_time:start:091f279e[0K
travis_time:end:091f279e:start=1474036390723432441,finish=1474036390726822559,duration=3390118[0Ktravis_time:start:02dcba38[0K[32;1madding /home/travis/.m2/repository to cache[0m

travis_time:end:02dcba38:start=1474036390730725526,finish=1474036393521742795,duration=2791017269[0Ktravis_fold:end:cache.1[0K$ java -Xmx32m -version
java version "1.8.0_31"
Java(TM) SE Runtime Environment (build 1.8.0_31-b13)
Java HotSpot(TM) 64-Bit Server VM (build 25.31-b07, mixed mode)
$ javac -J-Xmx32m -version
javac 1.8.0_31
travis_fold:start:install[0Ktravis_time:start:00012aa8[0K$ true

travis_time:end:00012aa8:start=1474036395490378239,finish=1474036395493832177,duration=3453938[0Ktravis_fold:end:install[0Ktravis_time:start:09b0f244[0K$ ./travis.sh
Copy public Maven settings
Setting .npmrc
======= Build and analyze pull request
Java HotSpot(TM) 64-Bit Server VM warning: ignoring option MaxPermSize=192m; support was removed in 8.0
Replacing version 2.9-SNAPSHOT with 2.9.0.1372
Java HotSpot(TM) 64-Bit Server VM warning: ignoring option MaxPermSize=192m; support was removed in 8.0
[INFO] Error stacktraces are turned on.
[INFO] Scanning for projects...
[INFO] ------------------------------------------------------------------------
[INFO] Reactor Build Order:
[INFO] 
[INFO] PHP
[INFO] PHP :: Frontend
[INFO] PHP :: Checks
[INFO] PHP :: Sonar Plugin
[INFO]                                                                         
[INFO] ------------------------------------------------------------------------
[INFO] Building PHP 2.9-SNAPSHOT
[INFO] ------------------------------------------------------------------------
[INFO] 
[INFO] --- versions-maven-plugin:2.2:set (default-cli) @ php ---
[INFO] Searching for local aggregator root...
[INFO] Local aggregation root: /home/travis/build/SonarSource/sonar-php
[INFO] Processing change of org.sonarsource.php:php:2.9-SNAPSHOT -> 2.9.0.1372
[INFO] Processing org.sonarsource.php:php
[INFO]     Updating project org.sonarsource.php:php
[INFO]         from version 2.9-SNAPSHOT to 2.9.0.1372
[INFO] 
[INFO] Processing org.sonarsource.php:php-checks
[INFO]     Updating parent org.sonarsource.php:php
[INFO]         from version 2.9-SNAPSHOT to 2.9.0.1372
[INFO] 
[INFO] Processing org.sonarsource.php:php-frontend
[INFO]     Updating parent org.sonarsource.php:php
[INFO]         from version 2.9-SNAPSHOT to 2.9.0.1372
[INFO] 
[INFO] Processing org.sonarsource.php:php-its
[INFO]     Updating parent org.sonarsource.php:php
[INFO]         from version 2.9-SNAPSHOT to 2.9.0.1372
[INFO] 
[INFO] Processing org.sonarsource.php:sonar-php-plugin
[INFO]     Updating parent org.sonarsource.php:php
[INFO]         from version 2.9-SNAPSHOT to 2.9.0.1372
[INFO] 
[INFO] Processing org.sonarsource.php:it-php-plugin
[INFO]     Updating parent org.sonarsource.php:php-its
[INFO]         from version 2.9-SNAPSHOT to 2.9.0.1372
[INFO] 
[INFO] Processing org.sonarsource.php:it-php-ruling
[INFO]     Updating parent org.sonarsource.php:php-its
[INFO]         from version 2.9-SNAPSHOT to 2.9.0.1372
[INFO] 
[INFO] Processing org.sonarsource.php:it-php-plugin-plugins
[INFO]     Updating parent org.sonarsource.php:it-php-plugin
[INFO]         from version 2.9-SNAPSHOT to 2.9.0.1372
[INFO] 
[INFO] Processing org.sonarsource.php:it-php-plugin-tests
[INFO]     Updating parent org.sonarsource.php:it-php-plugin
[INFO]         from version 2.9-SNAPSHOT to 2.9.0.1372
[INFO] 
[INFO] Processing org.sonarsource.php:php-custom-rules-plugin
[INFO]     Updating parent org.sonarsource.php:it-php-plugin-plugins
[INFO]         from version 2.9-SNAPSHOT to 2.9.0.1372
[INFO] 
[INFO] ------------------------------------------------------------------------
[INFO] Reactor Summary:
[INFO] 
[INFO] PHP ................................................ SUCCESS [ 12.704 s]
[INFO] PHP :: Frontend .................................... SKIPPED
[INFO] PHP :: Checks ...................................... SKIPPED
[INFO] PHP :: Sonar Plugin ................................ SKIPPED
[INFO] ------------------------------------------------------------------------
[INFO] BUILD SUCCESS
[INFO] ------------------------------------------------------------------------
[INFO] Total time: 14.642 s
[INFO] Finished at: 2016-09-16T14:34:12+00:00
[INFO] Final Memory: 14M/491M
[INFO] ------------------------------------------------------------------------
======= with deploy
Java HotSpot(TM) 64-Bit Server VM warning: ignoring option MaxPermSize=192m; support was removed in 8.0
Apache Maven 3.2.5 (12a6b3acb947671f09b81f49094c53f426d8cea1; 2014-12-14T17:29:23+00:00)
Maven home: /usr/local/maven
Java version: 1.8.0_31, vendor: Oracle Corporation
Java home: /usr/lib/jvm/java-8-oracle/jre
Default locale: en_US, platform encoding: UTF-8
OS name: "linux", version: "3.13.0-40-generic", arch: "amd64", family: "unix"
[INFO] Error stacktraces are turned on.
[INFO] Scanning for projects...
[INFO] ------------------------------------------------------------------------
[INFO] Reactor Build Order:
[INFO] 
[INFO] PHP
[INFO] PHP :: Frontend
[INFO] PHP :: Checks
[INFO] PHP :: Sonar Plugin
[INFO]                                                                         
[INFO] ------------------------------------------------------------------------
[INFO] Building PHP 2.9.0.1372
[INFO] ------------------------------------------------------------------------
[INFO] 
[INFO] --- jacoco-maven-plugin:0.7.7.201606060606:prepare-agent (default-cli) @ php ---
[INFO] argLine set to -javaagent:/home/travis/.m2/repository/org/jacoco/org.jacoco.agent/0.7.7.201606060606/org.jacoco.agent-0.7.7.201606060606-runtime.jar=destfile=/home/travis/build/SonarSource/sonar-php/target/jacoco.exec
[INFO] 
[INFO] --- buildnumber-maven-plugin:1.4:create (default) @ php ---
[INFO] Executing: /bin/sh -c cd '/home/travis/build/SonarSource/sonar-php' && 'git' 'rev-parse' '--verify' 'HEAD'
[INFO] Working directory: /home/travis/build/SonarSource/sonar-php
[INFO] Storing buildNumber: fd4ef1eb7cbc2d965b95d7333d4bfbb03990a1e4 at timestamp: 1474036467613
[WARNING] Cannot get the branch information from the git repository: 
Detecting the current branch failed: fatal: ref HEAD is not a symbolic ref

[INFO] Executing: /bin/sh -c cd '/home/travis/build/SonarSource/sonar-php' && 'git' 'rev-parse' '--verify' 'HEAD'
[INFO] Working directory: /home/travis/build/SonarSource/sonar-php
[INFO] Storing buildScmBranch: UNKNOWN
[INFO] 
[INFO] --- maven-enforcer-plugin:1.4.1:enforce (enforce) @ php ---
[INFO] 
[INFO] --- maven-enforcer-plugin:1.4.1:enforce (enforce-deploy-settings) @ php ---
[INFO] 
[INFO] --- license-maven-plugin:2.11:check (enforce-license-headers) @ php ---
[INFO] Checking licenses...
[INFO] 
[INFO] --- artifactory-maven-plugin:2.4.1:publish (build-info) @ php ---
[INFO] Merged properties file:/tmp/buildInfo2201806230670371588.properties created
[INFO] [buildinfo] Properties file found at '/tmp/buildInfo2201806230670371588.properties'
[INFO] Initializing Artifactory Build-Info Recording
[INFO] ------------------------------------------------------------------------
[INFO] Reactor Build Order:
[INFO] 
[INFO] PHP
[INFO] PHP :: Frontend
[INFO] PHP :: Checks
[INFO] PHP :: Sonar Plugin
[INFO]                                                                         
[INFO] ------------------------------------------------------------------------
[INFO] Building PHP 2.9.0.1372
[INFO] ------------------------------------------------------------------------
[INFO] 
[INFO] --- maven-source-plugin:2.4:jar-no-fork (attach-sources) @ php ---
[INFO] 
[INFO] --- maven-install-plugin:2.5.2:install (default-install) @ php ---
[INFO] Installing /home/travis/build/SonarSource/sonar-php/pom.xml to /home/travis/.m2/repository/org/sonarsource/php/php/2.9.0.1372/php-2.9.0.1372.pom
[INFO] 
[INFO] --- maven-deploy-plugin:2.8.2:deploy (default-deploy) @ php ---
[INFO] Skipping artifact deployment
[INFO]                                                                         
[INFO] ------------------------------------------------------------------------
[INFO] Building PHP :: Frontend 2.9.0.1372
[INFO] ------------------------------------------------------------------------
[INFO] 
[INFO] --- jacoco-maven-plugin:0.7.7.201606060606:prepare-agent (default-cli) @ php-frontend ---
[INFO] argLine set to -javaagent:/home/travis/.m2/repository/org/jacoco/org.jacoco.agent/0.7.7.201606060606/org.jacoco.agent-0.7.7.201606060606-runtime.jar=destfile=/home/travis/build/SonarSource/sonar-php/php-frontend/target/jacoco.exec
[INFO] 
[INFO] --- buildnumber-maven-plugin:1.4:create (default) @ php-frontend ---
[INFO] 
[INFO] --- maven-enforcer-plugin:1.4.1:enforce (enforce) @ php-frontend ---
[INFO] 
[INFO] --- maven-enforcer-plugin:1.4.1:enforce (enforce-deploy-settings) @ php-frontend ---
[INFO] 
[INFO] --- license-maven-plugin:2.11:check (enforce-license-headers) @ php-frontend ---
[INFO] Checking licenses...
[INFO] 
[INFO] --- artifactory-maven-plugin:2.4.1:publish (build-info) @ php-frontend ---
[INFO] 
[INFO] --- maven-resources-plugin:2.7:resources (default-resources) @ php-frontend ---
[INFO] Using 'UTF-8' encoding to copy filtered resources.
[INFO] skip non existing resourceDirectory /home/travis/build/SonarSource/sonar-php/php-frontend/src/main/resources
[INFO] 
[INFO] --- maven-compiler-plugin:3.5.1:compile (default-compile) @ php-frontend ---
[INFO] Changes detected - recompiling the module!
[INFO] Compiling 228 source files to /home/travis/build/SonarSource/sonar-php/php-frontend/target/classes
[INFO] /home/travis/build/SonarSource/sonar-php/php-frontend/src/main/java/org/sonar/php/tree/impl/lexical/InternalSyntaxToken.java: Some input files use unchecked or unsafe operations.
[INFO] /home/travis/build/SonarSource/sonar-php/php-frontend/src/main/java/org/sonar/php/tree/impl/lexical/InternalSyntaxToken.java: Recompile with -Xlint:unchecked for details.
[INFO] 
[INFO] --- maven-resources-plugin:2.7:testResources (default-testResources) @ php-frontend ---
[INFO] Using 'UTF-8' encoding to copy filtered resources.
[INFO] Copying 14 resources
[INFO] 
[INFO] --- maven-compiler-plugin:3.5.1:testCompile (default-testCompile) @ php-frontend ---
[INFO] Changes detected - recompiling the module!
[INFO] Compiling 204 source files to /home/travis/build/SonarSource/sonar-php/php-frontend/target/test-classes
[INFO] /home/travis/build/SonarSource/sonar-php/php-frontend/src/test/java/org/sonar/php/PHPAnalyzerTest.java: /home/travis/build/SonarSource/sonar-php/php-frontend/src/test/java/org/sonar/php/PHPAnalyzerTest.java uses or overrides a deprecated API.
[INFO] /home/travis/build/SonarSource/sonar-php/php-frontend/src/test/java/org/sonar/php/PHPAnalyzerTest.java: Recompile with -Xlint:deprecation for details.
[INFO] /home/travis/build/SonarSource/sonar-php/php-frontend/src/test/java/org/sonar/php/PHPTreeModelTest.java: Some input files use unchecked or unsafe operations.
[INFO] /home/travis/build/SonarSource/sonar-php/php-frontend/src/test/java/org/sonar/php/PHPTreeModelTest.java: Recompile with -Xlint:unchecked for details.
[INFO] 
[INFO] --- maven-surefire-plugin:2.18:test (default-test) @ php-frontend ---
[INFO] Surefire report directory: /home/travis/build/SonarSource/sonar-php/php-frontend/target/surefire-reports

-------------------------------------------------------
 T E S T S
-------------------------------------------------------
Running org.sonar.php.parser.declaration.ClassMemberTest
Tests run: 1, Failures: 0, Errors: 0, Skipped: 0, Time elapsed: 2.008 sec - in org.sonar.php.parser.declaration.ClassMemberTest
Running org.sonar.php.tree.impl.statement.ReturnStatementTreeTest
Tests run: 2, Failures: 0, Errors: 0, Skipped: 0, Time elapsed: 0.323 sec - in org.sonar.php.tree.impl.statement.ReturnStatementTreeTest
Running org.sonar.php.parser.expression.BitwiseAndExpressionTest
Tests run: 1, Failures: 0, Errors: 0, Skipped: 0, Time elapsed: 0.093 sec - in org.sonar.php.parser.expression.BitwiseAndExpressionTest
Running org.sonar.php.parser.expression.VariableWithoutObjectsTest
Tests run: 1, Failures: 0, Errors: 0, Skipped: 0, Time elapsed: 0.081 sec - in org.sonar.php.parser.expression.VariableWithoutObjectsTest
Running org.sonar.php.parser.statement.NamespaceStatementTest
Tests run: 1, Failures: 0, Errors: 0, Skipped: 0, Time elapsed: 0.077 sec - in org.sonar.php.parser.statement.NamespaceStatementTest
Running org.sonar.php.tree.impl.expression.BinaryExpressionTreeTest
Tests run: 15, Failures: 0, Errors: 0, Skipped: 0, Time elapsed: 0.586 sec - in org.sonar.php.tree.impl.expression.BinaryExpressionTreeTest
Running org.sonar.plugins.php.api.PHPCustomRulesDefinitionTest
Tests run: 1, Failures: 0, Errors: 0, Skipped: 0, Time elapsed: 0.201 sec - in org.sonar.plugins.php.api.PHPCustomRulesDefinitionTest
Running org.sonar.php.parser.lexical.RegularStringLiteralTest
Tests run: 2, Failures: 0, Errors: 0, Skipped: 0, Time elapsed: 0.078 sec - in org.sonar.php.parser.lexical.RegularStringLiteralTest
Running org.sonar.php.tree.impl.statement.StaticStatementTreeTest
Tests run: 1, Failures: 0, Errors: 0, Skipped: 0, Time elapsed: 0.02 sec - in org.sonar.php.tree.impl.statement.StaticStatementTreeTest
Running org.sonar.php.tree.impl.expression.NewExpressionTreeTest
Tests run: 1, Failures: 0, Errors: 0, Skipped: 0, Time elapsed: 0.031 sec - in org.sonar.php.tree.impl.expression.NewExpressionTreeTest
Running org.sonar.php.parser.declaration.ParameterTest
Tests run: 1, Failures: 0, Errors: 0, Skipped: 0, Time elapsed: 0.005 sec - in org.sonar.php.parser.declaration.ParameterTest
Running org.sonar.php.parser.expression.ObjectMemberAccessTest
Tests run: 1, Failures: 0, Errors: 0, Skipped: 0, Time elapsed: 0.033 sec - in org.sonar.php.parser.expression.ObjectMemberAccessTest
Running org.sonar.php.parser.expression.MemberExpressionTest
Tests run: 1, Failures: 0, Errors: 0, Skipped: 0, Time elapsed: 0.036 sec - in org.sonar.php.parser.expression.MemberExpressionTest
Running org.sonar.php.parser.expression.ExitExprTest
Tests run: 1, Failures: 0, Errors: 0, Skipped: 0, Time elapsed: 0.027 sec - in org.sonar.php.parser.expression.ExitExprTest
Running org.sonar.php.tree.impl.expression.ArrayAccessTreeTest
Tests run: 2, Failures: 0, Errors: 0, Skipped: 0, Time elapsed: 0.014 sec - in org.sonar.php.tree.impl.expression.ArrayAccessTreeTest
Running org.sonar.php.parser.statement.StaticStatementTest
Tests run: 1, Failures: 0, Errors: 0, Skipped: 0, Time elapsed: 0.011 sec - in org.sonar.php.parser.statement.StaticStatementTest
Running org.sonar.php.metrics.CounterVisitorTest
Tests run: 3, Failures: 0, Errors: 0, Skipped: 0, Time elapsed: 0.144 sec - in org.sonar.php.metrics.CounterVisitorTest
Running org.sonar.php.parser.expression.StaticScalarTest
Tests run: 1, Failures: 0, Errors: 0, Skipped: 0, Time elapsed: 0.011 sec - in org.sonar.php.parser.expression.StaticScalarTest
Running org.sonar.php.parser.statement.UseStatementTest
Tests run: 2, Failures: 0, Errors: 0, Skipped: 0, Time elapsed: 0.012 sec - in org.sonar.php.parser.statement.UseStatementTest
Running org.sonar.php.parser.statement.ReturnStatementTest
Tests run: 1, Failures: 0, Errors: 0, Skipped: 0, Time elapsed: 0.005 sec - in org.sonar.php.parser.statement.ReturnStatementTest
Running org.sonar.php.parser.statement.WhileStatementTest
Tests run: 1, Failures: 0, Errors: 0, Skipped: 0, Time elapsed: 0.004 sec - in org.sonar.php.parser.statement.WhileStatementTest
Running org.sonar.php.tree.symbols.SymbolTableImplTest
Tests run: 6, Failures: 0, Errors: 0, Skipped: 0, Time elapsed: 0.23 sec - in org.sonar.php.tree.symbols.SymbolTableImplTest
Running org.sonar.php.tree.impl.statement.SwitchStatementTreeTest
Tests run: 2, Failures: 0, Errors: 0, Skipped: 0, Time elapsed: 0 sec - in org.sonar.php.tree.impl.statement.SwitchStatementTreeTest
Running org.sonar.php.parser.lexical.IdentifierTest
Tests run: 1, Failures: 0, Errors: 0, Skipped: 0, Time elapsed: 0 sec - in org.sonar.php.parser.lexical.IdentifierTest
Running org.sonar.php.parser.statement.UseClauseTest
Tests run: 2, Failures: 0, Errors: 0, Skipped: 0, Time elapsed: 0.004 sec - in org.sonar.php.parser.statement.UseClauseTest
Running org.sonar.php.tree.impl.expression.PrefixExpressionTreeTest
Tests run: 7, Failures: 0, Errors: 0, Skipped: 0, Time elapsed: 0.013 sec - in org.sonar.php.tree.impl.expression.PrefixExpressionTreeTest
Running org.sonar.php.parser.statement.StatementTest
Tests run: 3, Failures: 0, Errors: 0, Skipped: 0, Time elapsed: 0.01 sec - in org.sonar.php.parser.statement.StatementTest
Running org.sonar.php.tree.impl.declaration.ParameterListTreeTest
Tests run: 2, Failures: 0, Errors: 0, Skipped: 0, Time elapsed: 0.011 sec - in org.sonar.php.tree.impl.declaration.ParameterListTreeTest
Running org.sonar.php.parser.declaration.ClassVariableDeclarationTest
Tests run: 1, Failures: 0, Errors: 0, Skipped: 0, Time elapsed: 0.003 sec - in org.sonar.php.parser.declaration.ClassVariableDeclarationTest
Running org.sonar.php.tree.impl.declaration.UseStatementTreeTest
Tests run: 5, Failures: 0, Errors: 0, Skipped: 0, Time elapsed: 0.03 sec - in org.sonar.php.tree.impl.declaration.UseStatementTreeTest
Running org.sonar.php.parser.expression.ConcatenationExpressionTest
Tests run: 1, Failures: 0, Errors: 0, Skipped: 0, Time elapsed: 0.004 sec - in org.sonar.php.parser.expression.ConcatenationExpressionTest
Running org.sonar.php.parser.expression.ExpandableStringLiteralTest
Tests run: 2, Failures: 0, Errors: 0, Skipped: 0, Time elapsed: 0.014 sec - in org.sonar.php.parser.expression.ExpandableStringLiteralTest
Running org.sonar.php.tree.impl.declaration.FunctionDeclarationTreeTest
Tests run: 3, Failures: 0, Errors: 0, Skipped: 0, Time elapsed: 0.032 sec - in org.sonar.php.tree.impl.declaration.FunctionDeclarationTreeTest
Running org.sonar.php.parser.declaration.MemberModifierTest
Tests run: 1, Failures: 0, Errors: 0, Skipped: 0, Time elapsed: 0.003 sec - in org.sonar.php.parser.declaration.MemberModifierTest
Running org.sonar.php.parser.CompilationUnitTest
Tests run: 1, Failures: 0, Errors: 0, Skipped: 0, Time elapsed: 0.007 sec - in org.sonar.php.parser.CompilationUnitTest
Running org.sonar.php.parser.declaration.MemberConstDeclarationTest
Tests run: 1, Failures: 0, Errors: 0, Skipped: 0, Time elapsed: 0.003 sec - in org.sonar.php.parser.declaration.MemberConstDeclarationTest
Running org.sonar.php.parser.expression.AnonymousClassTest
Tests run: 1, Failures: 0, Errors: 0, Skipped: 0, Time elapsed: 0.005 sec - in org.sonar.php.parser.expression.AnonymousClassTest
Running org.sonar.php.parser.statement.LabelTest
Tests run: 1, Failures: 0, Errors: 0, Skipped: 0, Time elapsed: 0.006 sec - in org.sonar.php.parser.statement.LabelTest
Running org.sonar.php.tree.impl.statement.ForStatementTreeTest
Tests run: 2, Failures: 0, Errors: 0, Skipped: 0, Time elapsed: 0.017 sec - in org.sonar.php.tree.impl.statement.ForStatementTreeTest
Running org.sonar.php.tree.impl.expression.ConditionalExpressionTreeTest
Tests run: 2, Failures: 0, Errors: 0, Skipped: 0, Time elapsed: 0.009 sec - in org.sonar.php.tree.impl.expression.ConditionalExpressionTreeTest
Running org.sonar.php.tree.impl.expression.LiteralTreeTest
Tests run: 6, Failures: 0, Errors: 0, Skipped: 0, Time elapsed: 0.035 sec - in org.sonar.php.tree.impl.expression.LiteralTreeTest
Running org.sonar.php.parser.declaration.InterfaceDeclarationTest
Tests run: 1, Failures: 0, Errors: 0, Skipped: 0, Time elapsed: 0.011 sec - in org.sonar.php.parser.declaration.InterfaceDeclarationTest
Running org.sonar.php.parser.expression.RelationalExpressionTest
Tests run: 1, Failures: 0, Errors: 0, Skipped: 0, Time elapsed: 0.004 sec - in org.sonar.php.parser.expression.RelationalExpressionTest
Running org.sonar.php.tree.impl.declaration.TraitMethodReferenceTreeTest
Tests run: 2, Failures: 0, Errors: 0, Skipped: 0, Time elapsed: 0.01 sec - in org.sonar.php.tree.impl.declaration.TraitMethodReferenceTreeTest
Running org.sonar.php.parser.statement.EOSTest
Tests run: 1, Failures: 0, Errors: 0, Skipped: 0, Time elapsed: 0.005 sec - in org.sonar.php.parser.statement.EOSTest
Running org.sonar.php.tree.visitors.PHPSubscriptionCheckTest
Tests run: 1, Failures: 0, Errors: 0, Skipped: 0, Time elapsed: 0.014 sec - in org.sonar.php.tree.visitors.PHPSubscriptionCheckTest
Running org.sonar.php.parser.expression.ListAssignmentExpressionTest
Tests run: 1, Failures: 0, Errors: 0, Skipped: 0, Time elapsed: 0.001 sec - in org.sonar.php.parser.expression.ListAssignmentExpressionTest
Running org.sonar.php.parser.statement.DeclareStatementTest
Tests run: 1, Failures: 0, Errors: 0, Skipped: 0, Time elapsed: 0.004 sec - in org.sonar.php.parser.statement.DeclareStatementTest
Running org.sonar.php.parser.expression.AdditiveExpressionTest
Tests run: 1, Failures: 0, Errors: 0, Skipped: 0, Time elapsed: 0.003 sec - in org.sonar.php.parser.expression.AdditiveExpressionTest
Running org.sonar.php.parser.declaration.VariableDeclarationTest
Tests run: 1, Failures: 0, Errors: 0, Skipped: 0, Time elapsed: 0.002 sec - in org.sonar.php.parser.declaration.VariableDeclarationTest
Running org.sonar.php.parser.statement.GotoStatementTest
Tests run: 1, Failures: 0, Errors: 0, Skipped: 0, Time elapsed: 0.002 sec - in org.sonar.php.parser.statement.GotoStatementTest
Running org.sonar.php.parser.lexical.FileOpeningTagTest
Tests run: 1, Failures: 0, Errors: 0, Skipped: 0, Time elapsed: 0.003 sec - in org.sonar.php.parser.lexical.FileOpeningTagTest
Running org.sonar.php.tree.impl.statement.BreakStatementTreeTest
Tests run: 2, Failures: 0, Errors: 0, Skipped: 0, Time elapsed: 0.006 sec - in org.sonar.php.tree.impl.statement.BreakStatementTreeTest
Running org.sonar.php.tree.impl.expression.FunctionCallTreeTest
Tests run: 2, Failures: 0, Errors: 0, Skipped: 0, Time elapsed: 0.026 sec - in org.sonar.php.tree.impl.expression.FunctionCallTreeTest
Running org.sonar.php.metrics.CommentLineVisitorTest
Tests run: 1, Failures: 0, Errors: 0, Skipped: 0, Time elapsed: 0.009 sec - in org.sonar.php.metrics.CommentLineVisitorTest
Running org.sonar.php.parser.expression.NullCoalescingExpressionTest
Tests run: 1, Failures: 0, Errors: 0, Skipped: 0, Time elapsed: 0.015 sec - in org.sonar.php.parser.expression.NullCoalescingExpressionTest
Running org.sonar.php.tree.impl.statement.IfStatementTreeTest
Tests run: 4, Failures: 0, Errors: 0, Skipped: 0, Time elapsed: 0.023 sec - in org.sonar.php.tree.impl.statement.IfStatementTreeTest
Running org.sonar.php.tree.impl.declaration.TraitAliasTreeTest
Tests run: 3, Failures: 0, Errors: 0, Skipped: 0, Time elapsed: 0.013 sec - in org.sonar.php.tree.impl.declaration.TraitAliasTreeTest
Running org.sonar.php.parser.expression.SimpleEncapsVariableTest
Tests run: 3, Failures: 0, Errors: 0, Skipped: 0, Time elapsed: 0.034 sec - in org.sonar.php.parser.expression.SimpleEncapsVariableTest
Running org.sonar.php.tree.impl.expression.VariableIdentifierTreeTest
Tests run: 1, Failures: 0, Errors: 0, Skipped: 0, Time elapsed: 0 sec - in org.sonar.php.tree.impl.expression.VariableIdentifierTreeTest
Running org.sonar.php.tree.impl.declaration.MethodDeclarationTreeTest
Tests run: 2, Failures: 0, Errors: 0, Skipped: 0, Time elapsed: 0.001 sec - in org.sonar.php.tree.impl.declaration.MethodDeclarationTreeTest
Running org.sonar.php.tree.impl.expression.ExpandableStringCharactersTreeTest
Tests run: 1, Failures: 0, Errors: 0, Skipped: 0, Time elapsed: 0 sec - in org.sonar.php.tree.impl.expression.ExpandableStringCharactersTreeTest
Running org.sonar.php.tree.impl.statement.InlineHTMLTreeTest
Tests run: 1, Failures: 0, Errors: 0, Skipped: 0, Time elapsed: 0.008 sec - in org.sonar.php.tree.impl.statement.InlineHTMLTreeTest
Running org.sonar.php.tree.impl.statement.WhileStatementTreeTest
Tests run: 2, Failures: 0, Errors: 0, Skipped: 0, Time elapsed: 0.005 sec - in org.sonar.php.tree.impl.statement.WhileStatementTreeTest
Running org.sonar.php.parser.expression.UnaryExprTest
Tests run: 1, Failures: 0, Errors: 0, Skipped: 0, Time elapsed: 0.008 sec - in org.sonar.php.parser.expression.UnaryExprTest
Running org.sonar.php.parser.lexical.HeredocTest
Tests run: 1, Failures: 0, Errors: 0, Skipped: 0, Time elapsed: 0.005 sec - in org.sonar.php.parser.lexical.HeredocTest
Running org.sonar.php.tree.impl.declaration.ClassDeclarationTreeTest
Tests run: 5, Failures: 0, Errors: 0, Skipped: 0, Time elapsed: 0.014 sec - in org.sonar.php.tree.impl.declaration.ClassDeclarationTreeTest
Running org.sonar.php.highlighter.SyntaxHighlighterVisitorTest
Tests run: 11, Failures: 0, Errors: 0, Skipped: 0, Time elapsed: 0.767 sec - in org.sonar.php.highlighter.SyntaxHighlighterVisitorTest
Running org.sonar.php.parser.expression.LexicalVarTest
Tests run: 1, Failures: 0, Errors: 0, Skipped: 0, Time elapsed: 0.009 sec - in org.sonar.php.parser.expression.LexicalVarTest
Running org.sonar.php.tree.impl.statement.CatchBlockTreeTest
Tests run: 1, Failures: 0, Errors: 0, Skipped: 0, Time elapsed: 0.019 sec - in org.sonar.php.tree.impl.statement.CatchBlockTreeTest
Running org.sonar.php.parser.declaration.TraitAliasTest
Tests run: 1, Failures: 0, Errors: 0, Skipped: 0, Time elapsed: 0.005 sec - in org.sonar.php.parser.declaration.TraitAliasTest
Running org.sonar.php.tree.impl.expression.YieldExpressionTreeTest
Tests run: 4, Failures: 0, Errors: 0, Skipped: 0, Time elapsed: 0.03 sec - in org.sonar.php.tree.impl.expression.YieldExpressionTreeTest
Running org.sonar.php.parser.expression.LogicalXorExpressionTest
Tests run: 1, Failures: 0, Errors: 0, Skipped: 0, Time elapsed: 0.011 sec - in org.sonar.php.parser.expression.LogicalXorExpressionTest
Running org.sonar.php.parser.expression.ListExpressionTest
Tests run: 1, Failures: 0, Errors: 0, Skipped: 0, Time elapsed: 0.007 sec - in org.sonar.php.parser.expression.ListExpressionTest
Running org.sonar.php.parser.expression.FunctionCallParameterListTest
Tests run: 1, Failures: 0, Errors: 0, Skipped: 0, Time elapsed: 0.01 sec - in org.sonar.php.parser.expression.FunctionCallParameterListTest
Running org.sonar.php.tree.impl.declaration.TraitPrecedenceTreeTest
Tests run: 1, Failures: 0, Errors: 0, Skipped: 0, Time elapsed: 0.006 sec - in org.sonar.php.tree.impl.declaration.TraitPrecedenceTreeTest
Running org.sonar.php.parser.declaration.TraitDeclarationTest
Tests run: 1, Failures: 0, Errors: 0, Skipped: 0, Time elapsed: 0.007 sec - in org.sonar.php.parser.declaration.TraitDeclarationTest
Running org.sonar.php.parser.declaration.ClassDeclarationTest
Tests run: 1, Failures: 0, Errors: 0, Skipped: 0, Time elapsed: 0.021 sec - in org.sonar.php.parser.declaration.ClassDeclarationTest
Running org.sonar.php.parser.expression.EqualityExpressionTest
Tests run: 1, Failures: 0, Errors: 0, Skipped: 0, Time elapsed: 0.027 sec - in org.sonar.php.parser.expression.EqualityExpressionTest
Running org.sonar.php.tree.impl.expression.AssignmentExpressionTreeTest
Tests run: 2, Failures: 0, Errors: 0, Skipped: 0, Time elapsed: 0.03 sec - in org.sonar.php.tree.impl.expression.AssignmentExpressionTreeTest
Running org.sonar.php.tree.impl.expression.ListExpressionTreeTest
Tests run: 4, Failures: 0, Errors: 0, Skipped: 0, Time elapsed: 0.026 sec - in org.sonar.php.tree.impl.expression.ListExpressionTreeTest
Running org.sonar.php.parser.expression.NewExpressionTest
Tests run: 1, Failures: 0, Errors: 0, Skipped: 0, Time elapsed: 0.005 sec - in org.sonar.php.parser.expression.NewExpressionTest
Running org.sonar.php.tree.visitors.PHPVisitorCheckTest
Tests run: 1, Failures: 0, Errors: 0, Skipped: 0, Time elapsed: 0.01 sec - in org.sonar.php.tree.visitors.PHPVisitorCheckTest
Running org.sonar.php.parser.expression.CommonScalarTest
Tests run: 1, Failures: 0, Errors: 0, Skipped: 0, Time elapsed: 0.004 sec - in org.sonar.php.parser.expression.CommonScalarTest
Running org.sonar.php.parser.expression.StaticMemberAccessTest
Tests run: 1, Failures: 0, Errors: 0, Skipped: 0, Time elapsed: 0.003 sec - in org.sonar.php.parser.expression.StaticMemberAccessTest
Running org.sonar.php.tree.impl.expression.MemberAccessTreeTest
Tests run: 2, Failures: 0, Errors: 0, Skipped: 0, Time elapsed: 0.011 sec - in org.sonar.php.tree.impl.expression.MemberAccessTreeTest
Running org.sonar.php.parser.statement.ForeachStatementTest
Tests run: 1, Failures: 0, Errors: 0, Skipped: 0, Time elapsed: 0.003 sec - in org.sonar.php.parser.statement.ForeachStatementTest
Running org.sonar.php.parser.expression.InternalFunctionTest
Tests run: 1, Failures: 0, Errors: 0, Skipped: 0, Time elapsed: 0.007 sec - in org.sonar.php.parser.expression.InternalFunctionTest
Running org.sonar.php.parser.expression.ShiftExpressionTest
Tests run: 1, Failures: 0, Errors: 0, Skipped: 0, Time elapsed: 0.005 sec - in org.sonar.php.parser.expression.ShiftExpressionTest
Running org.sonar.php.parser.expression.YieldExpressionTest
Tests run: 1, Failures: 0, Errors: 0, Skipped: 0, Time elapsed: 0.008 sec - in org.sonar.php.parser.expression.YieldExpressionTest
Running org.sonar.php.parser.declaration.TraitMethodReferenceTest
Tests run: 1, Failures: 0, Errors: 0, Skipped: 0, Time elapsed: 0.003 sec - in org.sonar.php.parser.declaration.TraitMethodReferenceTest
Running org.sonar.php.tree.impl.expression.VariableVariableTreeTest
Tests run: 2, Failures: 0, Errors: 0, Skipped: 0, Time elapsed: 0.013 sec - in org.sonar.php.tree.impl.expression.VariableVariableTreeTest
Running org.sonar.php.parser.statement.GlobalVarTest
Tests run: 1, Failures: 0, Errors: 0, Skipped: 0, Time elapsed: 0.015 sec - in org.sonar.php.parser.statement.GlobalVarTest
Running org.sonar.php.parser.expression.MultiplicativeExpressionTest
Tests run: 1, Failures: 0, Errors: 0, Skipped: 0, Time elapsed: 0.005 sec - in org.sonar.php.parser.expression.MultiplicativeExpressionTest
Running org.sonar.php.tree.visitors.PHPIssueTest
Tests run: 4, Failures: 0, Errors: 0, Skipped: 0, Time elapsed: 0.005 sec - in org.sonar.php.tree.visitors.PHPIssueTest
Running org.sonar.php.tree.impl.declaration.TypeNameTreeTest
Tests run: 4, Failures: 0, Errors: 0, Skipped: 0, Time elapsed: 0.028 sec - in org.sonar.php.tree.impl.declaration.TypeNameTreeTest
Running org.sonar.php.parser.lexical.VarIdentifierTest
Tests run: 1, Failures: 0, Errors: 0, Skipped: 0, Time elapsed: 0.021 sec - in org.sonar.php.parser.lexical.VarIdentifierTest
Running org.sonar.php.tree.impl.statement.BlockTreeTest
Tests run: 2, Failures: 0, Errors: 0, Skipped: 0, Time elapsed: 0.041 sec - in org.sonar.php.tree.impl.statement.BlockTreeTest
Running org.sonar.php.tree.impl.statement.EmptyStatementTreeTest
Tests run: 1, Failures: 0, Errors: 0, Skipped: 0, Time elapsed: 0.005 sec - in org.sonar.php.tree.impl.statement.EmptyStatementTreeTest
Running org.sonar.php.PHPAnalyzerTest
Tests run: 1, Failures: 0, Errors: 0, Skipped: 0, Time elapsed: 0.506 sec - in org.sonar.php.PHPAnalyzerTest
Running org.sonar.php.tree.impl.expression.LexicalVariablesTreeTest
Tests run: 2, Failures: 0, Errors: 0, Skipped: 0, Time elapsed: 0.251 sec - in org.sonar.php.tree.impl.expression.LexicalVariablesTreeTest
Running org.sonar.php.tree.impl.statement.ForEachStatementTreeTest
Tests run: 3, Failures: 0, Errors: 0, Skipped: 0, Time elapsed: 0.028 sec - in org.sonar.php.tree.impl.statement.ForEachStatementTreeTest
Running org.sonar.php.parser.statement.DoWhileStatementTest
Tests run: 1, Failures: 0, Errors: 0, Skipped: 0, Time elapsed: 0.012 sec - in org.sonar.php.parser.statement.DoWhileStatementTest
Running org.sonar.php.parser.lexical.EncapsStringLiteralTest
Tests run: 1, Failures: 0, Errors: 0, Skipped: 0, Time elapsed: 0.01 sec - in org.sonar.php.parser.lexical.EncapsStringLiteralTest
Running org.sonar.php.parser.declaration.MethodDeclarationTest
Tests run: 2, Failures: 0, Errors: 0, Skipped: 0, Time elapsed: 0.022 sec - in org.sonar.php.parser.declaration.MethodDeclarationTest
Running org.sonar.php.parser.statement.IfStatementTest
Tests run: 2, Failures: 0, Errors: 0, Skipped: 0, Time elapsed: 0.037 sec - in org.sonar.php.parser.statement.IfStatementTest
Running org.sonar.php.parser.declaration.UseTraitDeclarationTest
Tests run: 1, Failures: 0, Errors: 0, Skipped: 0, Time elapsed: 0.009 sec - in org.sonar.php.parser.declaration.UseTraitDeclarationTest
Running org.sonar.php.metrics.MetricsVisitorTest
Tests run: 1, Failures: 0, Errors: 0, Skipped: 0, Time elapsed: 0.593 sec - in org.sonar.php.metrics.MetricsVisitorTest
Running org.sonar.php.parser.expression.FunctionExpressionTest
Tests run: 1, Failures: 0, Errors: 0, Skipped: 0, Time elapsed: 0.003 sec - in org.sonar.php.parser.expression.FunctionExpressionTest
Running org.sonar.php.tree.impl.statement.LabelTreeTest
Tests run: 1, Failures: 0, Errors: 0, Skipped: 0, Time elapsed: 0.001 sec - in org.sonar.php.tree.impl.statement.LabelTreeTest
Running org.sonar.php.tree.impl.expression.ArrayPairTreeTest
Tests run: 2, Failures: 0, Errors: 0, Skipped: 0, Time elapsed: 0.004 sec - in org.sonar.php.tree.impl.expression.ArrayPairTreeTest
Running org.sonar.php.tree.impl.statement.UnsetVariableStatementTreeTest
Tests run: 1, Failures: 0, Errors: 0, Skipped: 0, Time elapsed: 0.002 sec - in org.sonar.php.tree.impl.statement.UnsetVariableStatementTreeTest
Running org.sonar.php.tree.impl.statement.ExpressionStatementTreeTest
Tests run: 1, Failures: 0, Errors: 0, Skipped: 0, Time elapsed: 0.002 sec - in org.sonar.php.tree.impl.statement.ExpressionStatementTreeTest
Running org.sonar.php.parser.statement.YieldStatementTest
Tests run: 1, Failures: 0, Errors: 0, Skipped: 0, Time elapsed: 0.002 sec - in org.sonar.php.parser.statement.YieldStatementTest
Running org.sonar.php.tree.impl.expression.ArrayInitializerFunctionTreeTest
Tests run: 3, Failures: 0, Errors: 0, Skipped: 0, Time elapsed: 0.009 sec - in org.sonar.php.tree.impl.expression.ArrayInitializerFunctionTreeTest
Running org.sonar.php.parser.expression.ArrayInitializerTest
Tests run: 1, Failures: 0, Errors: 0, Skipped: 0, Time elapsed: 0.005 sec - in org.sonar.php.parser.expression.ArrayInitializerTest
Running org.sonar.php.parser.expression.BitwiseOrExpressionTest
Tests run: 1, Failures: 0, Errors: 0, Skipped: 0, Time elapsed: 0.004 sec - in org.sonar.php.parser.expression.BitwiseOrExpressionTest
Running org.sonar.php.tree.impl.statement.ContinueStatementTreeTest
Tests run: 2, Failures: 0, Errors: 0, Skipped: 0, Time elapsed: 0.022 sec - in org.sonar.php.tree.impl.statement.ContinueStatementTreeTest
Running org.sonar.php.parser.expression.BitwiseXorExpressionTest
Tests run: 1, Failures: 0, Errors: 0, Skipped: 0, Time elapsed: 0.005 sec - in org.sonar.php.parser.expression.BitwiseXorExpressionTest
Running org.sonar.php.tree.impl.expression.SpreadArgumentTreeTest
Tests run: 1, Failures: 0, Errors: 0, Skipped: 0, Time elapsed: 0.013 sec - in org.sonar.php.tree.impl.expression.SpreadArgumentTreeTest
Running org.sonar.php.parser.lexical.NumericLiteralTest
Tests run: 1, Failures: 0, Errors: 0, Skipped: 0, Time elapsed: 0.004 sec - in org.sonar.php.parser.lexical.NumericLiteralTest
Running org.sonar.php.parser.expression.ArrayPairTest
Tests run: 1, Failures: 0, Errors: 0, Skipped: 0, Time elapsed: 0.006 sec - in org.sonar.php.parser.expression.ArrayPairTest
Running org.sonar.php.parser.expression.ConditionalExpressionTest
Tests run: 1, Failures: 0, Errors: 0, Skipped: 0, Time elapsed: 0.007 sec - in org.sonar.php.parser.expression.ConditionalExpressionTest
Running org.sonar.php.tree.impl.expression.FunctionExpressionTreeTest
Tests run: 5, Failures: 0, Errors: 0, Skipped: 0, Time elapsed: 0.024 sec - in org.sonar.php.tree.impl.expression.FunctionExpressionTreeTest
Running org.sonar.php.parser.declaration.ConstantDeclarationTest
Tests run: 1, Failures: 0, Errors: 0, Skipped: 0, Time elapsed: 0.006 sec - in org.sonar.php.parser.declaration.ConstantDeclarationTest
Running org.sonar.php.parser.declaration.ParameterListTest
Tests run: 1, Failures: 0, Errors: 0, Skipped: 0, Time elapsed: 0 sec - in org.sonar.php.parser.declaration.ParameterListTest
Running org.sonar.php.parser.statement.ForStatementTest
Tests run: 1, Failures: 0, Errors: 0, Skipped: 0, Time elapsed: 0.008 sec - in org.sonar.php.parser.statement.ForStatementTest
Running org.sonar.php.parser.expression.DimensionalOffsetTest
Tests run: 1, Failures: 0, Errors: 0, Skipped: 0, Time elapsed: 0.004 sec - in org.sonar.php.parser.expression.DimensionalOffsetTest
Running org.sonar.php.tree.impl.declaration.UseDeclarationTreeTest
Tests run: 2, Failures: 0, Errors: 0, Skipped: 0, Time elapsed: 0.002 sec - in org.sonar.php.tree.impl.declaration.UseDeclarationTreeTest
Running org.sonar.php.tree.impl.statement.TryStatementTreeTest
Tests run: 2, Failures: 0, Errors: 0, Skipped: 0, Time elapsed: 0.012 sec - in org.sonar.php.tree.impl.statement.TryStatementTreeTest
Running org.sonar.php.highlighter.SymbolHighlighterTest
Tests run: 5, Failures: 0, Errors: 0, Skipped: 0, Time elapsed: 0.107 sec - in org.sonar.php.highlighter.SymbolHighlighterTest
Running org.sonar.php.parser.declaration.FunctionDeclarationTest
Tests run: 1, Failures: 0, Errors: 0, Skipped: 0, Time elapsed: 0.017 sec - in org.sonar.php.parser.declaration.FunctionDeclarationTest
Running org.sonar.php.parser.expression.PostfixExprTest
Tests run: 1, Failures: 0, Errors: 0, Skipped: 0, Time elapsed: 0.005 sec - in org.sonar.php.parser.expression.PostfixExprTest
Running org.sonar.php.tree.impl.expression.AnonymousClassTreeTest
Tests run: 1, Failures: 0, Errors: 0, Skipped: 0, Time elapsed: 0.004 sec - in org.sonar.php.tree.impl.expression.AnonymousClassTreeTest
Running org.sonar.php.tree.impl.declaration.ParameterTreeTest
Tests run: 2, Failures: 0, Errors: 0, Skipped: 0, Time elapsed: 0.086 sec - in org.sonar.php.tree.impl.declaration.ParameterTreeTest
Running org.sonar.php.parser.statement.SwitchCaseClauseTest
Tests run: 1, Failures: 0, Errors: 0, Skipped: 0, Time elapsed: 0.055 sec - in org.sonar.php.parser.statement.SwitchCaseClauseTest
Running org.sonar.php.tree.symbols.ScopeTest
Tests run: 8, Failures: 0, Errors: 0, Skipped: 0, Time elapsed: 0.18 sec - in org.sonar.php.tree.symbols.ScopeTest
Running org.sonar.php.parser.KeywordTest
Tests run: 2, Failures: 0, Errors: 0, Skipped: 0, Time elapsed: 0.009 sec - in org.sonar.php.parser.KeywordTest
Running org.sonar.php.tree.impl.expression.ArrayInitializerBracketTreeTest
Tests run: 3, Failures: 0, Errors: 0, Skipped: 0, Time elapsed: 0.016 sec - in org.sonar.php.tree.impl.expression.ArrayInitializerBracketTreeTest
Running org.sonar.php.parser.ScriptTest
Tests run: 1, Failures: 0, Errors: 0, Skipped: 0, Time elapsed: 0.002 sec - in org.sonar.php.parser.ScriptTest
Running org.sonar.php.parser.expression.LexicalVarsTest
Tests run: 1, Failures: 0, Errors: 0, Skipped: 0, Time elapsed: 0.001 sec - in org.sonar.php.parser.expression.LexicalVarsTest
Running org.sonar.php.parser.expression.ObjectDimListTest
Tests run: 1, Failures: 0, Errors: 0, Skipped: 0, Time elapsed: 0.002 sec - in org.sonar.php.parser.expression.ObjectDimListTest
Running org.sonar.php.parser.expression.LogicalOrExpressionTest
Tests run: 1, Failures: 0, Errors: 0, Skipped: 0, Time elapsed: 0.002 sec - in org.sonar.php.parser.expression.LogicalOrExpressionTest
Running org.sonar.php.tree.impl.statement.YieldStatementTreeTest
Tests run: 1, Failures: 0, Errors: 0, Skipped: 0, Time elapsed: 0.002 sec - in org.sonar.php.tree.impl.statement.YieldStatementTreeTest
Running org.sonar.php.tree.impl.declaration.ConstantDeclarationTreeTest
Tests run: 1, Failures: 0, Errors: 0, Skipped: 0, Time elapsed: 0.002 sec - in org.sonar.php.tree.impl.declaration.ConstantDeclarationTreeTest
Running org.sonar.php.parser.statement.BlockTest
Tests run: 1, Failures: 0, Errors: 0, Skipped: 0, Time elapsed: 0.003 sec - in org.sonar.php.parser.statement.BlockTest
Running org.sonar.php.parser.statement.UnsetVariableStatementTest
Tests run: 1, Failures: 0, Errors: 0, Skipped: 0, Time elapsed: 0.003 sec - in org.sonar.php.parser.statement.UnsetVariableStatementTest
Running org.sonar.php.tree.impl.expression.CastExpressionTreeTest
Tests run: 1, Failures: 0, Errors: 0, Skipped: 0, Time elapsed: 0.002 sec - in org.sonar.php.tree.impl.expression.CastExpressionTreeTest
Running org.sonar.php.parser.expression.LogicalAndExpressionTest
Tests run: 1, Failures: 0, Errors: 0, Skipped: 0, Time elapsed: 0.002 sec - in org.sonar.php.parser.expression.LogicalAndExpressionTest
Running org.sonar.php.tree.impl.declaration.UseTraitDeclarationTreeTest
Tests run: 2, Failures: 0, Errors: 0, Skipped: 0, Time elapsed: 0.004 sec - in org.sonar.php.tree.impl.declaration.UseTraitDeclarationTreeTest
Running org.sonar.php.parser.statement.EchoStatementTest
Tests run: 1, Failures: 0, Errors: 0, Skipped: 0, Time elapsed: 0.002 sec - in org.sonar.php.parser.statement.EchoStatementTest
Running org.sonar.php.tree.impl.statement.GotoStatementTreeTest
Tests run: 1, Failures: 0, Errors: 0, Skipped: 0, Time elapsed: 0.001 sec - in org.sonar.php.tree.impl.statement.GotoStatementTreeTest
Running org.sonar.php.parser.statement.StaticVariableTest
Tests run: 1, Failures: 0, Errors: 0, Skipped: 0, Time elapsed: 0.001 sec - in org.sonar.php.parser.statement.StaticVariableTest
Running org.sonar.php.parser.expression.NamespaceNameTest
Tests run: 1, Failures: 0, Errors: 0, Skipped: 0, Time elapsed: 0.003 sec - in org.sonar.php.parser.expression.NamespaceNameTest
Running org.sonar.php.parser.expression.EncapsVarTest
Tests run: 1, Failures: 0, Errors: 0, Skipped: 0, Time elapsed: 0.003 sec - in org.sonar.php.parser.expression.EncapsVarTest
Running org.sonar.php.parser.expression.AssignmentExpressionTest
Tests run: 1, Failures: 0, Errors: 0, Skipped: 0, Time elapsed: 0.005 sec - in org.sonar.php.parser.expression.AssignmentExpressionTest
Running org.sonar.php.tree.impl.declaration.ClassPropertyDeclarationTreeTest
Tests run: 2, Failures: 0, Errors: 0, Skipped: 0, Time elapsed: 0.004 sec - in org.sonar.php.tree.impl.declaration.ClassPropertyDeclarationTreeTest
Running org.sonar.php.parser.statement.ContinueStatementTest
Tests run: 1, Failures: 0, Errors: 0, Skipped: 0, Time elapsed: 0.002 sec - in org.sonar.php.parser.statement.ContinueStatementTest
Running org.sonar.php.tree.impl.statement.GlobalStatementTreeTest
Tests run: 1, Failures: 0, Errors: 0, Skipped: 0, Time elapsed: 0.002 sec - in org.sonar.php.tree.impl.statement.GlobalStatementTreeTest
Running org.sonar.php.tree.impl.statement.ElseifClauseTreeTest
Tests run: 2, Failures: 0, Errors: 0, Skipped: 0, Time elapsed: 0.022 sec - in org.sonar.php.tree.impl.statement.ElseifClauseTreeTest
Running org.sonar.php.parser.statement.EmptyStatementTest
Tests run: 1, Failures: 0, Errors: 0, Skipped: 0, Time elapsed: 0.002 sec - in org.sonar.php.parser.statement.EmptyStatementTest
Running org.sonar.php.parser.statement.SwitchStatementTest
Tests run: 1, Failures: 0, Errors: 0, Skipped: 0, Time elapsed: 0.019 sec - in org.sonar.php.parser.statement.SwitchStatementTest
Running org.sonar.php.metrics.LineVisitorTest
Tests run: 3, Failures: 0, Errors: 0, Skipped: 0, Time elapsed: 0.021 sec - in org.sonar.php.metrics.LineVisitorTest
Running org.sonar.php.tree.impl.expression.PostfixExpressionTreeTest
Tests run: 2, Failures: 0, Errors: 0, Skipped: 0, Time elapsed: 0.005 sec - in org.sonar.php.tree.impl.expression.PostfixExpressionTreeTest
Running org.sonar.php.parser.statement.BreakStatementTest
Tests run: 1, Failures: 0, Errors: 0, Skipped: 0, Time elapsed: 0.002 sec - in org.sonar.php.parser.statement.BreakStatementTest
Running org.sonar.php.tree.impl.ScriptTreeTest
Tests run: 3, Failures: 0, Errors: 0, Skipped: 0, Time elapsed: 0.012 sec - in org.sonar.php.tree.impl.ScriptTreeTest
Running org.sonar.php.tree.impl.statement.SwitchClauseTreeTest
Tests run: 2, Failures: 0, Errors: 0, Skipped: 0, Time elapsed: 0.01 sec - in org.sonar.php.tree.impl.statement.SwitchClauseTreeTest
Running org.sonar.php.parser.lexical.InlineHtmlTest
Tests run: 2, Failures: 0, Errors: 0, Skipped: 0, Time elapsed: 0.002 sec - in org.sonar.php.parser.lexical.InlineHtmlTest
Running org.sonar.php.tree.impl.declaration.NamespaceNameTreeTest
Tests run: 4, Failures: 0, Errors: 0, Skipped: 0, Time elapsed: 0.008 sec - in org.sonar.php.tree.impl.declaration.NamespaceNameTreeTest
Running org.sonar.php.tree.impl.statement.ElseClauseTreeTest
Tests run: 2, Failures: 0, Errors: 0, Skipped: 0, Time elapsed: 0.006 sec - in org.sonar.php.tree.impl.statement.ElseClauseTreeTest
Running org.sonar.php.parser.declaration.TraitMethodReferenceFullyQualifiedTest
Tests run: 1, Failures: 0, Errors: 0, Skipped: 0, Time elapsed: 0.004 sec - in org.sonar.php.parser.declaration.TraitMethodReferenceFullyQualifiedTest
Running org.sonar.php.tree.impl.statement.ThrowStatementTreeTest
Tests run: 1, Failures: 0, Errors: 0, Skipped: 0, Time elapsed: 0.005 sec - in org.sonar.php.tree.impl.statement.ThrowStatementTreeTest
Running org.sonar.php.parser.expression.ComplexEncapsVariableTest
Tests run: 3, Failures: 0, Errors: 0, Skipped: 0, Time elapsed: 0.016 sec - in org.sonar.php.parser.expression.ComplexEncapsVariableTest
Running org.sonar.php.tree.impl.statement.DoWhileStatementTreeTest
Tests run: 1, Failures: 0, Errors: 0, Skipped: 0, Time elapsed: 0.004 sec - in org.sonar.php.tree.impl.statement.DoWhileStatementTreeTest
Running org.sonar.php.tree.impl.statement.DeclareStatementTreeTest
Tests run: 3, Failures: 0, Errors: 0, Skipped: 0, Time elapsed: 0.013 sec - in org.sonar.php.tree.impl.statement.DeclareStatementTreeTest
Running org.sonar.php.tree.impl.statement.NamespaceStatementTreeTest
Tests run: 2, Failures: 0, Errors: 0, Skipped: 0, Time elapsed: 0.009 sec - in org.sonar.php.tree.impl.statement.NamespaceStatementTreeTest
Running org.sonar.php.parser.expression.SemiComplexEncapsVariableTest
Tests run: 3, Failures: 0, Errors: 0, Skipped: 0, Time elapsed: 0.019 sec - in org.sonar.php.parser.expression.SemiComplexEncapsVariableTest
Running org.sonar.php.tree.impl.expression.ParenthesizedExpressionTreeTest
Tests run: 2, Failures: 0, Errors: 0, Skipped: 0, Time elapsed: 0.009 sec - in org.sonar.php.tree.impl.expression.ParenthesizedExpressionTreeTest
Running org.sonar.php.parser.declaration.TypeNameTest
Tests run: 1, Failures: 0, Errors: 0, Skipped: 0, Time elapsed: 0.005 sec - in org.sonar.php.parser.declaration.TypeNameTest
Running org.sonar.php.tree.symbols.ClassMemberUsagesTest
Tests run: 8, Failures: 0, Errors: 0, Skipped: 0, Time elapsed: 0.723 sec - in org.sonar.php.tree.symbols.ClassMemberUsagesTest
Running org.sonar.php.parser.statement.GlobalStatementTest
Tests run: 1, Failures: 0, Errors: 0, Skipped: 0, Time elapsed: 0.005 sec - in org.sonar.php.parser.statement.GlobalStatementTest
Running org.sonar.php.parser.expression.BooleanLiteralTest
Tests run: 1, Failures: 0, Errors: 0, Skipped: 0, Time elapsed: 0.004 sec - in org.sonar.php.parser.expression.BooleanLiteralTest
Running org.sonar.php.parser.statement.TryStatementTest
Tests run: 1, Failures: 0, Errors: 0, Skipped: 0, Time elapsed: 0.007 sec - in org.sonar.php.parser.statement.TryStatementTest
Running org.sonar.php.tree.symbols.UsagesTest
Tests run: 1, Failures: 0, Errors: 0, Skipped: 0, Time elapsed: 0.025 sec - in org.sonar.php.tree.symbols.UsagesTest
Running org.sonar.php.parser.expression.CompoundVariableTest
Tests run: 1, Failures: 0, Errors: 0, Skipped: 0, Time elapsed: 0.007 sec - in org.sonar.php.parser.expression.CompoundVariableTest
Running org.sonar.php.metrics.ComplexityVisitorTest
Tests run: 4, Failures: 0, Errors: 0, Skipped: 0, Time elapsed: 0.038 sec - in org.sonar.php.metrics.ComplexityVisitorTest
Running org.sonar.php.tree.impl.expression.ComputedVariableTreeTest
Tests run: 1, Failures: 0, Errors: 0, Skipped: 0, Time elapsed: 0.006 sec - in org.sonar.php.tree.impl.expression.ComputedVariableTreeTest
Running org.sonar.php.tree.impl.expression.ReferenceVariableTreeTest
Tests run: 1, Failures: 0, Errors: 0, Skipped: 0, Time elapsed: 0.006 sec - in org.sonar.php.tree.impl.expression.ReferenceVariableTreeTest
Running org.sonar.php.parser.statement.ThrowStatementTest
Tests run: 1, Failures: 0, Errors: 0, Skipped: 0, Time elapsed: 0.006 sec - in org.sonar.php.parser.statement.ThrowStatementTest
Running org.sonar.php.tree.impl.expression.CompoundVariableTreeTest
Tests run: 1, Failures: 0, Errors: 0, Skipped: 0, Time elapsed: 0.005 sec - in org.sonar.php.tree.impl.expression.CompoundVariableTreeTest
Running org.sonar.php.parser.expression.PrimaryExpressionTest
Tests run: 1, Failures: 0, Errors: 0, Skipped: 0, Time elapsed: 0.005 sec - in org.sonar.php.parser.expression.PrimaryExpressionTest
Running org.sonar.php.parser.declaration.ClassConstDeclarationTest
Tests run: 1, Failures: 0, Errors: 0, Skipped: 0, Time elapsed: 0.006 sec - in org.sonar.php.parser.declaration.ClassConstDeclarationTest
Running org.sonar.php.tree.impl.lexical.InternalSyntaxTokenTest
Tests run: 2, Failures: 0, Errors: 0, Skipped: 0, Time elapsed: 0.006 sec - in org.sonar.php.tree.impl.lexical.InternalSyntaxTokenTest
Running org.sonar.plugins.php.api.tests.PhpCheckTestUtilsTest
Tests run: 16, Failures: 0, Errors: 0, Skipped: 0, Time elapsed: 0.053 sec - in org.sonar.plugins.php.api.tests.PhpCheckTestUtilsTest
Running org.sonar.php.tree.impl.expression.ExpandableStringLiteralTreeTest
Tests run: 4, Failures: 0, Errors: 0, Skipped: 0, Time elapsed: 0.077 sec - in org.sonar.php.tree.impl.expression.ExpandableStringLiteralTreeTest
Running org.sonar.php.parser.declaration.TraitPrecedenceTest
Tests run: 1, Failures: 0, Errors: 0, Skipped: 0, Time elapsed: 0.005 sec - in org.sonar.php.parser.declaration.TraitPrecedenceTest

Results :




Tests run: 369, Failures: 0, Errors: 0, Skipped: 0

[INFO] 
[INFO] --- maven-jar-plugin:2.6:jar (default-jar) @ php-frontend ---
[INFO] Building jar: /home/travis/build/SonarSource/sonar-php/php-frontend/target/php-frontend-2.9.0.1372.jar
[INFO] 
[INFO] --- maven-jar-plugin:2.6:test-jar (default) @ php-frontend ---
[INFO] Building jar: /home/travis/build/SonarSource/sonar-php/php-frontend/target/php-frontend-2.9.0.1372-tests.jar
[INFO] 
[INFO] --- maven-source-plugin:2.4:jar-no-fork (attach-sources) @ php-frontend ---
[INFO] Building jar: /home/travis/build/SonarSource/sonar-php/php-frontend/target/php-frontend-2.9.0.1372-sources.jar
[INFO] 
[INFO] --- maven-install-plugin:2.5.2:install (default-install) @ php-frontend ---
[INFO] Installing /home/travis/build/SonarSource/sonar-php/php-frontend/target/php-frontend-2.9.0.1372.jar to /home/travis/.m2/repository/org/sonarsource/php/php-frontend/2.9.0.1372/php-frontend-2.9.0.1372.jar
[INFO] Installing /home/travis/build/SonarSource/sonar-php/php-frontend/pom.xml to /home/travis/.m2/repository/org/sonarsource/php/php-frontend/2.9.0.1372/php-frontend-2.9.0.1372.pom
[INFO] Installing /home/travis/build/SonarSource/sonar-php/php-frontend/target/php-frontend-2.9.0.1372-tests.jar to /home/travis/.m2/repository/org/sonarsource/php/php-frontend/2.9.0.1372/php-frontend-2.9.0.1372-tests.jar
[INFO] Installing /home/travis/build/SonarSource/sonar-php/php-frontend/target/php-frontend-2.9.0.1372-sources.jar to /home/travis/.m2/repository/org/sonarsource/php/php-frontend/2.9.0.1372/php-frontend-2.9.0.1372-sources.jar
[INFO] 
[INFO] --- maven-deploy-plugin:2.8.2:deploy (default-deploy) @ php-frontend ---
[INFO] Skipping artifact deployment
[INFO]                                                                         
[INFO] ------------------------------------------------------------------------
[INFO] Building PHP :: Checks 2.9.0.1372
[INFO] ------------------------------------------------------------------------
[INFO] 
[INFO] --- jacoco-maven-plugin:0.7.7.201606060606:prepare-agent (default-cli) @ php-checks ---
[INFO] argLine set to -javaagent:/home/travis/.m2/repository/org/jacoco/org.jacoco.agent/0.7.7.201606060606/org.jacoco.agent-0.7.7.201606060606-runtime.jar=destfile=/home/travis/build/SonarSource/sonar-php/php-checks/target/jacoco.exec
[INFO] 
[INFO] --- buildnumber-maven-plugin:1.4:create (default) @ php-checks ---
[INFO] 
[INFO] --- maven-enforcer-plugin:1.4.1:enforce (enforce) @ php-checks ---
[INFO] 
[INFO] --- maven-enforcer-plugin:1.4.1:enforce (enforce-deploy-settings) @ php-checks ---
[INFO] 
[INFO] --- license-maven-plugin:2.11:check (enforce-license-headers) @ php-checks ---
[INFO] Checking licenses...
[INFO] 
[INFO] --- artifactory-maven-plugin:2.4.1:publish (build-info) @ php-checks ---
[INFO] 
[INFO] --- maven-resources-plugin:2.7:resources (default-resources) @ php-checks ---
[INFO] Using 'UTF-8' encoding to copy filtered resources.
[INFO] Copying 112 resources
[INFO] 
[INFO] --- maven-compiler-plugin:3.5.1:compile (default-compile) @ php-checks ---
[INFO] Changes detected - recompiling the module!
[INFO] Compiling 131 source files to /home/travis/build/SonarSource/sonar-php/php-checks/target/classes
[INFO] /home/travis/build/SonarSource/sonar-php/php-checks/src/main/java/org/sonar/php/checks/formatting/IndentationCheck.java: /home/travis/build/SonarSource/sonar-php/php-checks/src/main/java/org/sonar/php/checks/formatting/IndentationCheck.java uses unchecked or unsafe operations.
[INFO] /home/travis/build/SonarSource/sonar-php/php-checks/src/main/java/org/sonar/php/checks/formatting/IndentationCheck.java: Recompile with -Xlint:unchecked for details.
[INFO] 
[INFO] --- maven-resources-plugin:2.7:testResources (default-testResources) @ php-checks ---
[INFO] Using 'UTF-8' encoding to copy filtered resources.
[INFO] Copying 149 resources
[INFO] 
[INFO] --- maven-compiler-plugin:3.5.1:testCompile (default-testCompile) @ php-checks ---
[INFO] Changes detected - recompiling the module!
[INFO] Compiling 121 source files to /home/travis/build/SonarSource/sonar-php/php-checks/target/test-classes
[INFO] 
[INFO] --- maven-surefire-plugin:2.18:test (default-test) @ php-checks ---
[INFO] Surefire report directory: /home/travis/build/SonarSource/sonar-php/php-checks/target/surefire-reports

-------------------------------------------------------
 T E S T S
-------------------------------------------------------
Running org.sonar.php.checks.DirectlyAccessingSuperGlobalCheckTest
Tests run: 1, Failures: 0, Errors: 0, Skipped: 0, Time elapsed: 2.427 sec - in org.sonar.php.checks.DirectlyAccessingSuperGlobalCheckTest
Running org.sonar.php.checks.TrailingCommentCheckTest
Tests run: 2, Failures: 0, Errors: 0, Skipped: 0, Time elapsed: 0.113 sec - in org.sonar.php.checks.TrailingCommentCheckTest
Running org.sonar.php.checks.NonEmptyCaseWithoutBreakCheckTest
Tests run: 1, Failures: 0, Errors: 0, Skipped: 0, Time elapsed: 0.166 sec - in org.sonar.php.checks.NonEmptyCaseWithoutBreakCheckTest
Running org.sonar.php.checks.ElseIfWithoutElseCheckTest
Tests run: 1, Failures: 0, Errors: 0, Skipped: 0, Time elapsed: 0.1 sec - in org.sonar.php.checks.ElseIfWithoutElseCheckTest
Running org.sonar.php.checks.LocalVariableAndParameterNameCheckTest
Tests run: 2, Failures: 0, Errors: 0, Skipped: 0, Time elapsed: 0.115 sec - in org.sonar.php.checks.LocalVariableAndParameterNameCheckTest
Running org.sonar.php.checks.DeprecatedPredefinedVariablesUseCheckTest
Tests run: 1, Failures: 0, Errors: 0, Skipped: 0, Time elapsed: 0.013 sec - in org.sonar.php.checks.DeprecatedPredefinedVariablesUseCheckTest
Running org.sonar.php.checks.TooManyMethodsInClassCheckTest
Tests run: 3, Failures: 0, Errors: 0, Skipped: 0, Time elapsed: 0.025 sec - in org.sonar.php.checks.TooManyMethodsInClassCheckTest
Running org.sonar.php.checks.ConstantNameCheckTest
Tests run: 2, Failures: 0, Errors: 0, Skipped: 0, Time elapsed: 0.051 sec - in org.sonar.php.checks.ConstantNameCheckTest
Running org.sonar.php.checks.CheckListTest
Tests run: 2, Failures: 0, Errors: 0, Skipped: 0, Time elapsed: 0.121 sec - in org.sonar.php.checks.CheckListTest
Running org.sonar.php.checks.RightCurlyBraceStartsLineCheckTest
Tests run: 1, Failures: 0, Errors: 0, Skipped: 0, Time elapsed: 0.036 sec - in org.sonar.php.checks.RightCurlyBraceStartsLineCheckTest
Running org.sonar.php.checks.RedundantFinalCheckTest
Tests run: 1, Failures: 0, Errors: 0, Skipped: 0, Time elapsed: 0.003 sec - in org.sonar.php.checks.RedundantFinalCheckTest
Running org.sonar.php.checks.CollapsibleIfStatementCheckTest
Tests run: 1, Failures: 0, Errors: 0, Skipped: 0, Time elapsed: 0.021 sec - in org.sonar.php.checks.CollapsibleIfStatementCheckTest
Running org.sonar.php.checks.OverridingMethodSimplyCallParentCheckTest
Tests run: 1, Failures: 0, Errors: 0, Skipped: 0, Time elapsed: 0.035 sec - in org.sonar.php.checks.OverridingMethodSimplyCallParentCheckTest
Running org.sonar.php.checks.ClosingTagInFullPHPFileCheckTest
Tests run: 2, Failures: 0, Errors: 0, Skipped: 0, Time elapsed: 0.043 sec - in org.sonar.php.checks.ClosingTagInFullPHPFileCheckTest
Running org.sonar.php.checks.PerlStyleCommentsUsageCheckTest
Tests run: 1, Failures: 0, Errors: 0, Skipped: 0, Time elapsed: 0.011 sec - in org.sonar.php.checks.PerlStyleCommentsUsageCheckTest
Running org.sonar.php.checks.EchoWithParenthesisCheckTest
Tests run: 1, Failures: 0, Errors: 0, Skipped: 0, Time elapsed: 0.02 sec - in org.sonar.php.checks.EchoWithParenthesisCheckTest
Running org.sonar.php.checks.SilencedErrorsCheckTest
Tests run: 1, Failures: 0, Errors: 0, Skipped: 0, Time elapsed: 0.011 sec - in org.sonar.php.checks.SilencedErrorsCheckTest
Running org.sonar.php.checks.CharacterBeforeOpeningPHPTagCheckTest
Tests run: 2, Failures: 0, Errors: 0, Skipped: 0, Time elapsed: 0.013 sec - in org.sonar.php.checks.CharacterBeforeOpeningPHPTagCheckTest
Running org.sonar.php.checks.formatting.ExtendsImplementsLineCheckTest
Tests run: 2, Failures: 0, Errors: 0, Skipped: 0, Time elapsed: 0.087 sec - in org.sonar.php.checks.formatting.ExtendsImplementsLineCheckTest
Running org.sonar.php.checks.ClassComplexityCheckTest
Tests run: 2, Failures: 0, Errors: 0, Skipped: 0, Time elapsed: 0.028 sec - in org.sonar.php.checks.ClassComplexityCheckTest
Running org.sonar.php.checks.VarKeywordUsageCheckTest
Tests run: 1, Failures: 0, Errors: 0, Skipped: 0, Time elapsed: 0.005 sec - in org.sonar.php.checks.VarKeywordUsageCheckTest
Running org.sonar.php.checks.AlwaysUseCurlyBracesCheckTest
Tests run: 1, Failures: 0, Errors: 0, Skipped: 0, Time elapsed: 0.047 sec - in org.sonar.php.checks.AlwaysUseCurlyBracesCheckTest
Running org.sonar.php.checks.OneStatementPerLineCheckTest
Tests run: 1, Failures: 0, Errors: 0, Skipped: 0, Time elapsed: 0.043 sec - in org.sonar.php.checks.OneStatementPerLineCheckTest
Running org.sonar.php.checks.GlobalKeywordAndArrayUsageCheckTest
Tests run: 1, Failures: 0, Errors: 0, Skipped: 0, Time elapsed: 0.005 sec - in org.sonar.php.checks.GlobalKeywordAndArrayUsageCheckTest
Running org.sonar.php.checks.MissingMethodVisibilityCheckTest
Tests run: 1, Failures: 0, Errors: 0, Skipped: 0, Time elapsed: 0.009 sec - in org.sonar.php.checks.MissingMethodVisibilityCheckTest
Running org.sonar.php.checks.EmptyStatementCheckTest
Tests run: 1, Failures: 0, Errors: 0, Skipped: 0, Time elapsed: 0.007 sec - in org.sonar.php.checks.EmptyStatementCheckTest
Running org.sonar.php.checks.CodeFollowingJumpStatementCheckTest
Tests run: 1, Failures: 0, Errors: 0, Skipped: 0, Time elapsed: 0.019 sec - in org.sonar.php.checks.CodeFollowingJumpStatementCheckTest
Running org.sonar.php.checks.TooManyFieldsInClassCheckTest
Tests run: 3, Failures: 0, Errors: 0, Skipped: 0, Time elapsed: 0.011 sec - in org.sonar.php.checks.TooManyFieldsInClassCheckTest
Running org.sonar.php.checks.SwitchWithoutDefaultCheckTest
Tests run: 1, Failures: 0, Errors: 0, Skipped: 0, Time elapsed: 0.01 sec - in org.sonar.php.checks.SwitchWithoutDefaultCheckTest
Running org.sonar.php.checks.ElseIfSequenceKeywordUsageCheckTest
Tests run: 1, Failures: 0, Errors: 0, Skipped: 0, Time elapsed: 0.004 sec - in org.sonar.php.checks.ElseIfSequenceKeywordUsageCheckTest
Running org.sonar.php.checks.ReferenceInFunctionCallCheckTest
Tests run: 1, Failures: 0, Errors: 0, Skipped: 0, Time elapsed: 0.005 sec - in org.sonar.php.checks.ReferenceInFunctionCallCheckTest
Running org.sonar.php.checks.NullDereferenceInConditionalCheckTest
Tests run: 1, Failures: 0, Errors: 0, Skipped: 0, Time elapsed: 0.036 sec - in org.sonar.php.checks.NullDereferenceInConditionalCheckTest
Running org.sonar.php.checks.VariableVariablesCheckTest
Tests run: 1, Failures: 0, Errors: 0, Skipped: 0, Time elapsed: 0.002 sec - in org.sonar.php.checks.VariableVariablesCheckTest
Running org.sonar.php.checks.FileHeaderCheckTest
Tests run: 1, Failures: 0, Errors: 0, Skipped: 0, Time elapsed: 0.013 sec - in org.sonar.php.checks.FileHeaderCheckTest
Running org.sonar.php.checks.FunctionNameCheckTest
Tests run: 2, Failures: 0, Errors: 0, Skipped: 0, Time elapsed: 0.011 sec - in org.sonar.php.checks.FunctionNameCheckTest
Running org.sonar.php.checks.TooManyFunctionParametersCheckTest
Tests run: 3, Failures: 0, Errors: 0, Skipped: 0, Time elapsed: 0.016 sec - in org.sonar.php.checks.TooManyFunctionParametersCheckTest
Running org.sonar.php.checks.LeftCurlyBraceEndsLineCheckTest
Tests run: 1, Failures: 0, Errors: 0, Skipped: 0, Time elapsed: 0.033 sec - in org.sonar.php.checks.LeftCurlyBraceEndsLineCheckTest
Running org.sonar.php.checks.TooManyLinesInFunctionCheckTest
Tests run: 2, Failures: 0, Errors: 0, Skipped: 0, Time elapsed: 0.012 sec - in org.sonar.php.checks.TooManyLinesInFunctionCheckTest
Running org.sonar.php.checks.CallParentConstructorCheckTest
Tests run: 1, Failures: 0, Errors: 0, Skipped: 0, Time elapsed: 0.04 sec - in org.sonar.php.checks.CallParentConstructorCheckTest
Running org.sonar.php.checks.ExpressionComplexityCheckTest
Tests run: 2, Failures: 0, Errors: 0, Skipped: 0, Time elapsed: 0.062 sec - in org.sonar.php.checks.ExpressionComplexityCheckTest
Running org.sonar.php.checks.ConstructorDeclarationCheckTest
Tests run: 1, Failures: 0, Errors: 0, Skipped: 0, Time elapsed: 0 sec - in org.sonar.php.checks.ConstructorDeclarationCheckTest
Running org.sonar.php.checks.ClassCouplingCheckTest
Tests run: 2, Failures: 0, Errors: 0, Skipped: 0, Time elapsed: 0.068 sec - in org.sonar.php.checks.ClassCouplingCheckTest
Running org.sonar.php.checks.TooManyReturnCheckTest
Tests run: 2, Failures: 0, Errors: 0, Skipped: 0, Time elapsed: 0.019 sec - in org.sonar.php.checks.TooManyReturnCheckTest
Running org.sonar.php.checks.PhpSapiNameFunctionUsageCheckTest
Tests run: 1, Failures: 0, Errors: 0, Skipped: 0, Time elapsed: 0.006 sec - in org.sonar.php.checks.PhpSapiNameFunctionUsageCheckTest
Running org.sonar.php.checks.ClassNameCheckTest
Tests run: 2, Failures: 0, Errors: 0, Skipped: 0, Time elapsed: 0.016 sec - in org.sonar.php.checks.ClassNameCheckTest
Running org.sonar.php.checks.ModifiersOrderCheckTest
Tests run: 1, Failures: 0, Errors: 0, Skipped: 0, Time elapsed: 0.004 sec - in org.sonar.php.checks.ModifiersOrderCheckTest
Running org.sonar.php.checks.UselessObjectCreationCheckTest
Tests run: 1, Failures: 0, Errors: 0, Skipped: 0, Time elapsed: 0.007 sec - in org.sonar.php.checks.UselessObjectCreationCheckTest
Running org.sonar.php.checks.FunctionComplexityCheckTest
Tests run: 2, Failures: 0, Errors: 0, Skipped: 0, Time elapsed: 0.068 sec - in org.sonar.php.checks.FunctionComplexityCheckTest
Running org.sonar.php.checks.EmptyNestedBlockCheckTest
Tests run: 1, Failures: 0, Errors: 0, Skipped: 0, Time elapsed: 0.018 sec - in org.sonar.php.checks.EmptyNestedBlockCheckTest
Running org.sonar.php.checks.UnusedPrivateFieldCheckTest
Tests run: 1, Failures: 0, Errors: 0, Skipped: 0, Time elapsed: 0.004 sec - in org.sonar.php.checks.UnusedPrivateFieldCheckTest
Running org.sonar.php.checks.GotoUseCheckTest
Tests run: 1, Failures: 0, Errors: 0, Skipped: 0, Time elapsed: 0 sec - in org.sonar.php.checks.GotoUseCheckTest
Running org.sonar.php.checks.ConstructorDependencyInversionCheckTest
Tests run: 1, Failures: 0, Errors: 0, Skipped: 0, Time elapsed: 0.008 sec - in org.sonar.php.checks.ConstructorDependencyInversionCheckTest
Running org.sonar.php.checks.ArgumentWithDefaultValueNotLastCheckTest
Tests run: 1, Failures: 0, Errors: 0, Skipped: 0, Time elapsed: 0.008 sec - in org.sonar.php.checks.ArgumentWithDefaultValueNotLastCheckTest
Running org.sonar.php.checks.LogicalWordOperatorUsageCheckTest
Tests run: 1, Failures: 0, Errors: 0, Skipped: 0, Time elapsed: 0.004 sec - in org.sonar.php.checks.LogicalWordOperatorUsageCheckTest
Running org.sonar.php.checks.OpeningPHPTagCheckTest
Tests run: 4, Failures: 0, Errors: 0, Skipped: 0, Time elapsed: 0.005 sec - in org.sonar.php.checks.OpeningPHPTagCheckTest
Running org.sonar.php.checks.utils.EqualityTest
Tests run: 1, Failures: 0, Errors: 0, Skipped: 0, Time elapsed: 0.069 sec - in org.sonar.php.checks.utils.EqualityTest
Running org.sonar.php.checks.GenericExceptionCheckTest
Tests run: 6, Failures: 0, Errors: 0, Skipped: 0, Time elapsed: 0.045 sec - in org.sonar.php.checks.GenericExceptionCheckTest
Running org.sonar.php.checks.FunctionDefineOutsideClassCheckTest
Tests run: 1, Failures: 0, Errors: 0, Skipped: 0, Time elapsed: 0.009 sec - in org.sonar.php.checks.FunctionDefineOutsideClassCheckTest
Running org.sonar.php.checks.SelfKeywordUsageCheckTest
Tests run: 1, Failures: 0, Errors: 0, Skipped: 0, Time elapsed: 0.012 sec - in org.sonar.php.checks.SelfKeywordUsageCheckTest
Running org.sonar.php.checks.DuplicatedFunctionArgumentCheckTest
Tests run: 1, Failures: 0, Errors: 0, Skipped: 0, Time elapsed: 0.003 sec - in org.sonar.php.checks.DuplicatedFunctionArgumentCheckTest
Running org.sonar.php.checks.AtLeastThreeCasesInSwitchCheckTest
Tests run: 1, Failures: 0, Errors: 0, Skipped: 0, Time elapsed: 0.01 sec - in org.sonar.php.checks.AtLeastThreeCasesInSwitchCheckTest
Running org.sonar.php.checks.formatting.NamespaceAndUseStatementCheckTest
Tests run: 3, Failures: 0, Errors: 0, Skipped: 0, Time elapsed: 0.016 sec - in org.sonar.php.checks.formatting.NamespaceAndUseStatementCheckTest
Running org.sonar.php.checks.TooManyLinesInClassCheckTest
Tests run: 2, Failures: 0, Errors: 0, Skipped: 0, Time elapsed: 0.006 sec - in org.sonar.php.checks.TooManyLinesInClassCheckTest
Running org.sonar.php.checks.ForHidingWhileCheckTest
Tests run: 1, Failures: 0, Errors: 0, Skipped: 0, Time elapsed: 0.005 sec - in org.sonar.php.checks.ForHidingWhileCheckTest
Running org.sonar.php.checks.SelfAssignmentCheckTest
Tests run: 1, Failures: 0, Errors: 0, Skipped: 0, Time elapsed: 0.006 sec - in org.sonar.php.checks.SelfAssignmentCheckTest
Running org.sonar.php.checks.formatting.PunctuatorSpacingCheckTest
Tests run: 2, Failures: 0, Errors: 0, Skipped: 0, Time elapsed: 0.021 sec - in org.sonar.php.checks.formatting.PunctuatorSpacingCheckTest
Running org.sonar.php.checks.TrailingWhitespaceCheckTest
Tests run: 1, Failures: 0, Errors: 0, Skipped: 0, Time elapsed: 0.001 sec - in org.sonar.php.checks.TrailingWhitespaceCheckTest
Running org.sonar.php.checks.MissingNewLineAtEOFCheckTest
Tests run: 3, Failures: 0, Errors: 0, Skipped: 0, Time elapsed: 0.004 sec - in org.sonar.php.checks.MissingNewLineAtEOFCheckTest
Running org.sonar.php.checks.TabCharacterCheckTest
Tests run: 1, Failures: 0, Errors: 0, Skipped: 0, Time elapsed: 0.002 sec - in org.sonar.php.checks.TabCharacterCheckTest
Running org.sonar.php.checks.formatting.FunctionSpacingCheckTest
Tests run: 2, Failures: 0, Errors: 0, Skipped: 0, Time elapsed: 0.02 sec - in org.sonar.php.checks.formatting.FunctionSpacingCheckTest
Running org.sonar.php.checks.PHP5DeprecatedFunctionUsageCheckTest
Tests run: 1, Failures: 0, Errors: 0, Skipped: 0, Time elapsed: 0.012 sec - in org.sonar.php.checks.PHP5DeprecatedFunctionUsageCheckTest
Running org.sonar.php.checks.KeywordsAndConstantsNotLowerCaseCheckTest
Tests run: 1, Failures: 0, Errors: 0, Skipped: 0, Time elapsed: 0.004 sec - in org.sonar.php.checks.KeywordsAndConstantsNotLowerCaseCheckTest
Running org.sonar.php.checks.formatting.IndentationCheckTest
Tests run: 2, Failures: 0, Errors: 0, Skipped: 0, Time elapsed: 0.033 sec - in org.sonar.php.checks.formatting.IndentationCheckTest
Running org.sonar.php.checks.LineLengthCheckTest
Tests run: 2, Failures: 0, Errors: 0, Skipped: 0, Time elapsed: 0.004 sec - in org.sonar.php.checks.LineLengthCheckTest
Running org.sonar.php.checks.FieldNameCheckTest
Tests run: 2, Failures: 0, Errors: 0, Skipped: 0, Time elapsed: 0.003 sec - in org.sonar.php.checks.FieldNameCheckTest
Running org.sonar.php.checks.BooleanEqualityComparisonCheckTest
Tests run: 1, Failures: 0, Errors: 0, Skipped: 0, Time elapsed: 0.016 sec - in org.sonar.php.checks.BooleanEqualityComparisonCheckTest
Running org.sonar.php.checks.IncrementDecrementInSubExpressionCheckTest
Tests run: 1, Failures: 0, Errors: 0, Skipped: 0, Time elapsed: 0.012 sec - in org.sonar.php.checks.IncrementDecrementInSubExpressionCheckTest
Running org.sonar.php.checks.formatting.CurlyBraceCheckTest
Tests run: 2, Failures: 0, Errors: 0, Skipped: 0, Time elapsed: 0.185 sec - in org.sonar.php.checks.formatting.CurlyBraceCheckTest
Running org.sonar.php.checks.InlineHTMLInFileCheckTest
Tests run: 4, Failures: 0, Errors: 0, Skipped: 0, Time elapsed: 0.011 sec - in org.sonar.php.checks.InlineHTMLInFileCheckTest
Running org.sonar.php.checks.NonLFCharAsEOLCheckTest
Tests run: 2, Failures: 0, Errors: 0, Skipped: 0, Time elapsed: 0.011 sec - in org.sonar.php.checks.NonLFCharAsEOLCheckTest
Running org.sonar.php.checks.MoreThanOneClassInFileCheckTest
Tests run: 4, Failures: 0, Errors: 0, Skipped: 0, Time elapsed: 0.007 sec - in org.sonar.php.checks.MoreThanOneClassInFileCheckTest
Running org.sonar.php.checks.ExitOrDieUsageCheckTest
Tests run: 1, Failures: 0, Errors: 0, Skipped: 0, Time elapsed: 0.001 sec - in org.sonar.php.checks.ExitOrDieUsageCheckTest
Running org.sonar.php.checks.ImmediatelyReturnedVariableCheckTest
Tests run: 1, Failures: 0, Errors: 0, Skipped: 0, Time elapsed: 0.04 sec - in org.sonar.php.checks.ImmediatelyReturnedVariableCheckTest
Running org.sonar.php.checks.OnePropertyDeclarationPerStatementCheckTest
Tests run: 1, Failures: 0, Errors: 0, Skipped: 0, Time elapsed: 0 sec - in org.sonar.php.checks.OnePropertyDeclarationPerStatementCheckTest
Running org.sonar.php.checks.FileWithSymbolsAndSideEffectsCheckTest
Tests run: 8, Failures: 0, Errors: 0, Skipped: 0, Time elapsed: 0.041 sec - in org.sonar.php.checks.FileWithSymbolsAndSideEffectsCheckTest
Running org.sonar.php.checks.TooManyCasesInSwitchCheckTest
Tests run: 2, Failures: 0, Errors: 0, Skipped: 0, Time elapsed: 0.024 sec - in org.sonar.php.checks.TooManyCasesInSwitchCheckTest
Running org.sonar.php.checks.MethodNameReturningBooleanCheckTest
Tests run: 1, Failures: 0, Errors: 0, Skipped: 0, Time elapsed: 0.01 sec - in org.sonar.php.checks.MethodNameReturningBooleanCheckTest
Running org.sonar.php.checks.IdenticalOperandsInBinaryExpressionCheckTest
Tests run: 1, Failures: 0, Errors: 0, Skipped: 0, Time elapsed: 0.015 sec - in org.sonar.php.checks.IdenticalOperandsInBinaryExpressionCheckTest
Running org.sonar.php.checks.DuplicateBranchImplementationCheckTest
Tests run: 1, Failures: 0, Errors: 0, Skipped: 0, Time elapsed: 0.031 sec - in org.sonar.php.checks.DuplicateBranchImplementationCheckTest
Running org.sonar.php.checks.UnusedLocalVariableCheckTest
Tests run: 1, Failures: 0, Errors: 0, Skipped: 0, Time elapsed: 0.067 sec - in org.sonar.php.checks.UnusedLocalVariableCheckTest
Running org.sonar.php.checks.SleepFunctionUsageCheckTest
Tests run: 1, Failures: 0, Errors: 0, Skipped: 0, Time elapsed: 0.004 sec - in org.sonar.php.checks.SleepFunctionUsageCheckTest
Running org.sonar.php.checks.HardCodedCredentialsCheckTest
Tests run: 1, Failures: 0, Errors: 0, Skipped: 0, Time elapsed: 0.015 sec - in org.sonar.php.checks.HardCodedCredentialsCheckTest
Running org.sonar.php.checks.MultilineBlocksCurlyBracesCheckTest
Tests run: 1, Failures: 0, Errors: 0, Skipped: 0, Time elapsed: 0.037 sec - in org.sonar.php.checks.MultilineBlocksCurlyBracesCheckTest
Running org.sonar.php.checks.RequireInsteadOfRequireOnceCheckTest
Tests run: 1, Failures: 0, Errors: 0, Skipped: 0, Time elapsed: 0.004 sec - in org.sonar.php.checks.RequireInsteadOfRequireOnceCheckTest
Running org.sonar.php.checks.ConcatenatedStringLiteralCheckTest
Tests run: 1, Failures: 0, Errors: 0, Skipped: 0, Time elapsed: 0.005 sec - in org.sonar.php.checks.ConcatenatedStringLiteralCheckTest
Running org.sonar.php.checks.NestedFunctionDepthCheckTest
Tests run: 2, Failures: 0, Errors: 0, Skipped: 0, Time elapsed: 0.035 sec - in org.sonar.php.checks.NestedFunctionDepthCheckTest
Running org.sonar.php.checks.FileNameCheckTest
Tests run: 4, Failures: 0, Errors: 0, Skipped: 0, Time elapsed: 0.003 sec - in org.sonar.php.checks.FileNameCheckTest
Running org.sonar.php.checks.InterfaceNameCheckTest
Tests run: 1, Failures: 0, Errors: 0, Skipped: 0, Time elapsed: 0.002 sec - in org.sonar.php.checks.InterfaceNameCheckTest
Running org.sonar.php.checks.LocalVariableShadowsClassFieldCheckTest
Tests run: 1, Failures: 0, Errors: 0, Skipped: 0, Time elapsed: 0.024 sec - in org.sonar.php.checks.LocalVariableShadowsClassFieldCheckTest
Running org.sonar.php.checks.LowerCaseColorCheckTest
Tests run: 1, Failures: 0, Errors: 0, Skipped: 0, Time elapsed: 0.004 sec - in org.sonar.php.checks.LowerCaseColorCheckTest
Running org.sonar.php.checks.TodoTagPresenceCheckTest
Tests run: 1, Failures: 0, Errors: 0, Skipped: 0, Time elapsed: 0.001 sec - in org.sonar.php.checks.TodoTagPresenceCheckTest
Running org.sonar.php.checks.UnusedPrivateMethodCheckTest
Tests run: 1, Failures: 0, Errors: 0, Skipped: 0, Time elapsed: 0.034 sec - in org.sonar.php.checks.UnusedPrivateMethodCheckTest
Running org.sonar.php.checks.LeftCurlyBraceStartsLineCheckTest
Tests run: 1, Failures: 0, Errors: 0, Skipped: 0, Time elapsed: 0.009 sec - in org.sonar.php.checks.LeftCurlyBraceStartsLineCheckTest
Running org.sonar.php.checks.CallToIniSetCheckTest
Tests run: 1, Failures: 0, Errors: 0, Skipped: 0, Time elapsed: 0.003 sec - in org.sonar.php.checks.CallToIniSetCheckTest
Running org.sonar.php.checks.formatting.ControlStructureSpacingTest
Tests run: 2, Failures: 0, Errors: 0, Skipped: 0, Time elapsed: 0.058 sec - in org.sonar.php.checks.formatting.ControlStructureSpacingTest
Running org.sonar.php.checks.IfConditionAlwaysTrueOrFalseCheckTest
Tests run: 1, Failures: 0, Errors: 0, Skipped: 0, Time elapsed: 0.005 sec - in org.sonar.php.checks.IfConditionAlwaysTrueOrFalseCheckTest
Running org.sonar.php.checks.ThisVariableUsageInStaticContextCheckTest
Tests run: 1, Failures: 0, Errors: 0, Skipped: 0, Time elapsed: 0.002 sec - in org.sonar.php.checks.ThisVariableUsageInStaticContextCheckTest
Running org.sonar.php.checks.ReturnOfBooleanExpressionCheckTest
Tests run: 1, Failures: 0, Errors: 0, Skipped: 0, Time elapsed: 0.011 sec - in org.sonar.php.checks.ReturnOfBooleanExpressionCheckTest
Running org.sonar.php.checks.ForLoopCounterChangedCheckTest
Tests run: 1, Failures: 0, Errors: 0, Skipped: 0, Time elapsed: 0.029 sec - in org.sonar.php.checks.ForLoopCounterChangedCheckTest
Running org.sonar.php.checks.DuplicateConditionCheckTest
Tests run: 1, Failures: 0, Errors: 0, Skipped: 0, Time elapsed: 0.007 sec - in org.sonar.php.checks.DuplicateConditionCheckTest
Running org.sonar.php.checks.StringLiteralDuplicatedCheckTest
Tests run: 2, Failures: 0, Errors: 0, Skipped: 0, Time elapsed: 0.01 sec - in org.sonar.php.checks.StringLiteralDuplicatedCheckTest
Running org.sonar.php.checks.EvalUseCheckTest
Tests run: 1, Failures: 0, Errors: 0, Skipped: 0, Time elapsed: 0.002 sec - in org.sonar.php.checks.EvalUseCheckTest
Running org.sonar.php.checks.FixmeTagPresenceCheckTest
Tests run: 1, Failures: 0, Errors: 0, Skipped: 0, Time elapsed: 0.002 sec - in org.sonar.php.checks.FixmeTagPresenceCheckTest
Running org.sonar.php.checks.UnusedFunctionParametersCheckTest
Tests run: 1, Failures: 0, Errors: 0, Skipped: 0, Time elapsed: 0.015 sec - in org.sonar.php.checks.UnusedFunctionParametersCheckTest
Running org.sonar.php.checks.UselessExpressionStatementCheckTest
Tests run: 2, Failures: 0, Errors: 0, Skipped: 0, Time elapsed: 0.008 sec - in org.sonar.php.checks.UselessExpressionStatementCheckTest
Running org.sonar.php.checks.TooManyLinesInFileCheckTest
Tests run: 2, Failures: 0, Errors: 0, Skipped: 0, Time elapsed: 0.002 sec - in org.sonar.php.checks.TooManyLinesInFileCheckTest
Running org.sonar.php.checks.NestedControlFlowDepthCheckTest
Tests run: 2, Failures: 0, Errors: 0, Skipped: 0, Time elapsed: 0.015 sec - in org.sonar.php.checks.NestedControlFlowDepthCheckTest
Running org.sonar.php.checks.SwitchCaseTooBigCheckTest
Tests run: 2, Failures: 0, Errors: 0, Skipped: 0, Time elapsed: 0.012 sec - in org.sonar.php.checks.SwitchCaseTooBigCheckTest
Running org.sonar.php.checks.CommentedOutCodeCheckTest
Tests run: 1, Failures: 0, Errors: 0, Skipped: 0, Time elapsed: 0.008 sec - in org.sonar.php.checks.CommentedOutCodeCheckTest

Results :




Tests run: 184, Failures: 0, Errors: 0, Skipped: 0

[INFO] 
[INFO] --- maven-jar-plugin:2.6:jar (default-jar) @ php-checks ---
[INFO] Building jar: /home/travis/build/SonarSource/sonar-php/php-checks/target/php-checks-2.9.0.1372.jar
[INFO] 
[INFO] --- maven-source-plugin:2.4:jar-no-fork (attach-sources) @ php-checks ---
[INFO] Building jar: /home/travis/build/SonarSource/sonar-php/php-checks/target/php-checks-2.9.0.1372-sources.jar
[INFO] 
[INFO] --- maven-install-plugin:2.5.2:install (default-install) @ php-checks ---
[INFO] Installing /home/travis/build/SonarSource/sonar-php/php-checks/target/php-checks-2.9.0.1372.jar to /home/travis/.m2/repository/org/sonarsource/php/php-checks/2.9.0.1372/php-checks-2.9.0.1372.jar
[INFO] Installing /home/travis/build/SonarSource/sonar-php/php-checks/pom.xml to /home/travis/.m2/repository/org/sonarsource/php/php-checks/2.9.0.1372/php-checks-2.9.0.1372.pom
[INFO] Installing /home/travis/build/SonarSource/sonar-php/php-checks/target/php-checks-2.9.0.1372-sources.jar to /home/travis/.m2/repository/org/sonarsource/php/php-checks/2.9.0.1372/php-checks-2.9.0.1372-sources.jar
[INFO] 
[INFO] --- maven-deploy-plugin:2.8.2:deploy (default-deploy) @ php-checks ---
[INFO] Skipping artifact deployment
[INFO]                                                                         
[INFO] ------------------------------------------------------------------------
[INFO] Building PHP :: Sonar Plugin 2.9.0.1372
[INFO] ------------------------------------------------------------------------
[INFO] 
[INFO] --- jacoco-maven-plugin:0.7.7.201606060606:prepare-agent (default-cli) @ sonar-php-plugin ---
[INFO] argLine set to -javaagent:/home/travis/.m2/repository/org/jacoco/org.jacoco.agent/0.7.7.201606060606/org.jacoco.agent-0.7.7.201606060606-runtime.jar=destfile=/home/travis/build/SonarSource/sonar-php/sonar-php-plugin/target/jacoco.exec
[INFO] 
[INFO] --- buildnumber-maven-plugin:1.4:create (default) @ sonar-php-plugin ---
[INFO] 
[INFO] --- maven-enforcer-plugin:1.4.1:enforce (enforce) @ sonar-php-plugin ---
[INFO] 
[INFO] --- maven-enforcer-plugin:1.4.1:enforce (enforce-deploy-settings) @ sonar-php-plugin ---
[INFO] 
[INFO] --- license-maven-plugin:2.11:check (enforce-license-headers) @ sonar-php-plugin ---
[INFO] Checking licenses...
[INFO] 
[INFO] --- artifactory-maven-plugin:2.4.1:publish (build-info) @ sonar-php-plugin ---
[INFO] 
[INFO] --- sonar-packaging-maven-plugin:1.16:check (default-check) @ sonar-php-plugin ---
[INFO] 
[INFO] --- maven-resources-plugin:2.7:resources (default-resources) @ sonar-php-plugin ---
[INFO] Using 'UTF-8' encoding to copy filtered resources.
[INFO] Copying 2 resources
[INFO] 
[INFO] --- maven-compiler-plugin:3.5.1:compile (default-compile) @ sonar-php-plugin ---
[INFO] Changes detected - recompiling the module!
[INFO] Compiling 33 source files to /home/travis/build/SonarSource/sonar-php/sonar-php-plugin/target/classes
[INFO] /home/travis/build/SonarSource/sonar-php/sonar-php-plugin/src/main/java/org/sonar/plugins/php/duplications/PhpCPDMapping.java: Some input files use or override a deprecated API.
[INFO] /home/travis/build/SonarSource/sonar-php/sonar-php-plugin/src/main/java/org/sonar/plugins/php/duplications/PhpCPDMapping.java: Recompile with -Xlint:deprecation for details.
[INFO] 
[INFO] --- maven-resources-plugin:2.7:testResources (default-testResources) @ sonar-php-plugin ---
[INFO] Using 'UTF-8' encoding to copy filtered resources.
[INFO] Copying 20 resources
[INFO] 
[INFO] --- maven-compiler-plugin:3.5.1:testCompile (default-testCompile) @ sonar-php-plugin ---
[INFO] Changes detected - recompiling the module!
[INFO] Compiling 19 source files to /home/travis/build/SonarSource/sonar-php/sonar-php-plugin/target/test-classes
[INFO] /home/travis/build/SonarSource/sonar-php/sonar-php-plugin/src/test/java/org/sonar/plugins/php/FakeProfileParser.java: Some input files use or override a deprecated API.
[INFO] /home/travis/build/SonarSource/sonar-php/sonar-php-plugin/src/test/java/org/sonar/plugins/php/FakeProfileParser.java: Recompile with -Xlint:deprecation for details.
[INFO] 
[INFO] --- maven-surefire-plugin:2.18:test (default-test) @ sonar-php-plugin ---
[INFO] Surefire report directory: /home/travis/build/SonarSource/sonar-php/sonar-php-plugin/target/surefire-reports

-------------------------------------------------------
 T E S T S
-------------------------------------------------------
Running org.sonar.plugins.php.duplications.PHPTokenProducerTest
SLF4J: Failed to load class "org.slf4j.impl.StaticLoggerBinder".
SLF4J: Defaulting to no-operation (NOP) logger implementation
SLF4J: See http://www.slf4j.org/codes.html#StaticLoggerBinder for further details.
Tests run: 19, Failures: 0, Errors: 0, Skipped: 0, Time elapsed: 0.77 sec - in org.sonar.plugins.php.duplications.PHPTokenProducerTest
Running org.sonar.plugins.php.api.PhpTest
Tests run: 2, Failures: 0, Errors: 0, Skipped: 0, Time elapsed: 0.347 sec - in org.sonar.plugins.php.api.PhpTest
Running org.sonar.plugins.php.PHPSensorTest
Tests run: 7, Failures: 0, Errors: 0, Skipped: 0, Time elapsed: 5.401 sec - in org.sonar.plugins.php.PHPSensorTest
Running org.sonar.plugins.php.phpunit.xml.TestSuitesTest
Tests run: 4, Failures: 0, Errors: 0, Skipped: 0, Time elapsed: 0.022 sec - in org.sonar.plugins.php.phpunit.xml.TestSuitesTest
Running org.sonar.plugins.php.PHPRulesDefinitionTest
Tests run: 1, Failures: 0, Errors: 0, Skipped: 0, Time elapsed: 0.349 sec - in org.sonar.plugins.php.PHPRulesDefinitionTest
Running org.sonar.plugins.php.core.NoSonarAndCommentedOutLocSensorTest
Tests run: 8, Failures: 1, Errors: 0, Skipped: 0, Time elapsed: 0.267 sec <<< FAILURE! - in org.sonar.plugins.php.core.NoSonarAndCommentedOutLocSensorTest
testToString(org.sonar.plugins.php.core.NoSonarAndCommentedOutLocSensorTest)  Time elapsed: 0.018 sec  <<< FAILURE!
org.junit.ComparisonFailure: expected:<"[NoSonar and Commented out LOC Sensor]"> but was:<"[org.sonar.plugins.php.core.NoSonarAndCommentedOutLocSensor$$EnhancerByMockitoWithCGLIB$$cc4cbcd6@b97f195]">
	at sun.reflect.NativeConstructorAccessorImpl.newInstance0(Native Method)
	at sun.reflect.NativeConstructorAccessorImpl.newInstance(NativeConstructorAccessorImpl.java:62)
	at sun.reflect.DelegatingConstructorAccessorImpl.newInstance(DelegatingConstructorAccessorImpl.java:45)
	at org.sonar.plugins.php.core.NoSonarAndCommentedOutLocSensorTest.testToString(NoSonarAndCommentedOutLocSensorTest.java:68)

Running org.sonar.plugins.php.phpunit.PhpUnitOverallCoverageResultParserTest
Tests run: 1, Failures: 0, Errors: 0, Skipped: 0, Time elapsed: 0.004 sec - in org.sonar.plugins.php.phpunit.PhpUnitOverallCoverageResultParserTest
Running org.sonar.plugins.php.PhpPluginTest
Tests run: 1, Failures: 0, Errors: 0, Skipped: 0, Time elapsed: 0.011 sec - in org.sonar.plugins.php.PhpPluginTest
Running org.sonar.plugins.php.phpunit.PhpUnitCoverageResultParserTest
Tests run: 6, Failures: 0, Errors: 0, Skipped: 0, Time elapsed: 12.597 sec - in org.sonar.plugins.php.phpunit.PhpUnitCoverageResultParserTest
Running org.sonar.plugins.php.phpunit.PhpUnitItCoverageResultParserTest
Tests run: 1, Failures: 0, Errors: 0, Skipped: 0, Time elapsed: 0.001 sec - in org.sonar.plugins.php.phpunit.PhpUnitItCoverageResultParserTest
Running org.sonar.plugins.php.phpunit.PhpUnitResultParserTest
Tests run: 5, Failures: 0, Errors: 0, Skipped: 0, Time elapsed: 0.073 sec - in org.sonar.plugins.php.phpunit.PhpUnitResultParserTest
Running org.sonar.plugins.php.PSR2ProfileTest
Tests run: 1, Failures: 0, Errors: 0, Skipped: 0, Time elapsed: 0.579 sec - in org.sonar.plugins.php.PSR2ProfileTest
Running org.sonar.plugins.php.duplications.PHPCPDMappingTest
Tests run: 2, Failures: 0, Errors: 0, Skipped: 0, Time elapsed: 0.082 sec - in org.sonar.plugins.php.duplications.PHPCPDMappingTest
Running org.sonar.plugins.php.phpunit.PhpUnitTestReportTest
Tests run: 1, Failures: 0, Errors: 0, Skipped: 0, Time elapsed: 0.024 sec - in org.sonar.plugins.php.phpunit.PhpUnitTestReportTest
Running org.sonar.plugins.php.PHPProfileTest
Tests run: 1, Failures: 0, Errors: 0, Skipped: 0, Time elapsed: 0.015 sec - in org.sonar.plugins.php.PHPProfileTest
Running org.sonar.plugins.php.phpunit.PhpUnitServiceTest
Tests run: 6, Failures: 1, Errors: 0, Skipped: 0, Time elapsed: 0.14 sec <<< FAILURE! - in org.sonar.plugins.php.phpunit.PhpUnitServiceTest
testToString(org.sonar.plugins.php.phpunit.PhpUnitServiceTest)  Time elapsed: 0.003 sec  <<< FAILURE!
org.junit.ComparisonFailure: expected:<"[PHPUnit Sensor]"> but was:<"[org.sonar.plugins.php.phpunit.PhpUnitService@3794621d]">
	at sun.reflect.NativeConstructorAccessorImpl.newInstance0(Native Method)
	at sun.reflect.NativeConstructorAccessorImpl.newInstance(NativeConstructorAccessorImpl.java:62)
	at sun.reflect.DelegatingConstructorAccessorImpl.newInstance(DelegatingConstructorAccessorImpl.java:45)
	at org.sonar.plugins.php.phpunit.PhpUnitServiceTest.testToString(PhpUnitServiceTest.java:89)

Running org.sonar.plugins.php.DrupalProfileTest
Tests run: 1, Failures: 0, Errors: 0, Skipped: 0, Time elapsed: 0.013 sec - in org.sonar.plugins.php.DrupalProfileTest

Results :

Failed tests: 
  NoSonarAndCommentedOutLocSensorTest.testToString:68 expected:<"[NoSonar and Commented out LOC Sensor]"> but was:<"[org.sonar.plugins.php.core.NoSonarAndCommentedOutLocSensor$$EnhancerByMockitoWithCGLIB$$cc4cbcd6@b97f195]">
  PhpUnitServiceTest.testToString:89 expected:<"[PHPUnit Sensor]"> but was:<"[org.sonar.plugins.php.phpunit.PhpUnitService@3794621d]">



Tests run: 67, Failures: 2, Errors: 0, Skipped: 0

[INFO]                                                                         
[INFO] ------------------------------------------------------------------------
[INFO] Skipping PHP
[INFO] This project has been banned from the build due to previous failures.
[INFO] ------------------------------------------------------------------------
[INFO] ------------------------------------------------------------------------
[INFO] Reactor Summary:
[INFO] 
[INFO] PHP ................................................ SUCCESS [ 17.988 s]
[INFO] PHP :: Frontend .................................... SUCCESS [ 55.813 s]
[INFO] PHP :: Checks ...................................... SUCCESS [ 27.810 s]
[INFO] PHP :: Sonar Plugin ................................ FAILURE [ 24.951 s]
[INFO] ------------------------------------------------------------------------
[INFO] BUILD FAILURE
[INFO] ------------------------------------------------------------------------
[INFO] Total time: 02:09 min
[INFO] Finished at: 2016-09-16T14:36:25+00:00
[INFO] Final Memory: 47M/384M
[INFO] ------------------------------------------------------------------------
[ERROR] Failed to execute goal org.apache.maven.plugins:maven-surefire-plugin:2.18:test (default-test) on project sonar-php-plugin: There are test failures.
[ERROR] 
[ERROR] Please refer to /home/travis/build/SonarSource/sonar-php/sonar-php-plugin/target/surefire-reports for the individual test results.
[ERROR] -> [Help 1]
org.apache.maven.lifecycle.LifecycleExecutionException: Failed to execute goal org.apache.maven.plugins:maven-surefire-plugin:2.18:test (default-test) on project sonar-php-plugin: There are test failures.

Please refer to /home/travis/build/SonarSource/sonar-php/sonar-php-plugin/target/surefire-reports for the individual test results.
	at org.apache.maven.lifecycle.internal.MojoExecutor.execute(MojoExecutor.java:212)
	at org.apache.maven.lifecycle.internal.MojoExecutor.execute(MojoExecutor.java:153)
	at org.apache.maven.lifecycle.internal.MojoExecutor.execute(MojoExecutor.java:145)
	at org.apache.maven.lifecycle.internal.LifecycleModuleBuilder.buildProject(LifecycleModuleBuilder.java:116)
	at org.apache.maven.lifecycle.internal.LifecycleModuleBuilder.buildProject(LifecycleModuleBuilder.java:80)
	at org.apache.maven.lifecycle.internal.builder.singlethreaded.SingleThreadedBuilder.build(SingleThreadedBuilder.java:51)
	at org.apache.maven.lifecycle.internal.LifecycleStarter.execute(LifecycleStarter.java:120)
	at org.apache.maven.DefaultMaven.doExecute(DefaultMaven.java:355)
	at org.apache.maven.DefaultMaven.execute(DefaultMaven.java:155)
	at org.apache.maven.cli.MavenCli.execute(MavenCli.java:584)
	at org.apache.maven.cli.MavenCli.doMain(MavenCli.java:216)
	at org.apache.maven.cli.MavenCli.main(MavenCli.java:160)
	at sun.reflect.NativeMethodAccessorImpl.invoke0(Native Method)
	at sun.reflect.NativeMethodAccessorImpl.invoke(NativeMethodAccessorImpl.java:62)
	at sun.reflect.DelegatingMethodAccessorImpl.invoke(DelegatingMethodAccessorImpl.java:43)
	at java.lang.reflect.Method.invoke(Method.java:483)
	at org.codehaus.plexus.classworlds.launcher.Launcher.launchEnhanced(Launcher.java:289)
	at org.codehaus.plexus.classworlds.launcher.Launcher.launch(Launcher.java:229)
	at org.codehaus.plexus.classworlds.launcher.Launcher.mainWithExitCode(Launcher.java:415)
	at org.codehaus.plexus.classworlds.launcher.Launcher.main(Launcher.java:356)
Caused by: org.apache.maven.plugin.MojoFailureException: There are test failures.

Please refer to /home/travis/build/SonarSource/sonar-php/sonar-php-plugin/target/surefire-reports for the individual test results.
	at org.apache.maven.plugin.surefire.SurefireHelper.reportExecution(SurefireHelper.java:82)
	at org.apache.maven.plugin.surefire.SurefirePlugin.handleSummary(SurefirePlugin.java:213)
	at org.apache.maven.plugin.surefire.AbstractSurefireMojo.executeAfterPreconditionsChecked(AbstractSurefireMojo.java:883)
	at org.apache.maven.plugin.surefire.AbstractSurefireMojo.execute(AbstractSurefireMojo.java:751)
	at org.apache.maven.plugin.DefaultBuildPluginManager.executeMojo(DefaultBuildPluginManager.java:132)
	at org.apache.maven.lifecycle.internal.MojoExecutor.execute(MojoExecutor.java:208)
	... 19 more
[ERROR] 
[ERROR] Re-run Maven using the -X switch to enable full debug logging.
[ERROR] 
[ERROR] For more information about the errors and possible solutions, please read the following articles:
[ERROR] [Help 1] http://cwiki.apache.org/confluence/display/MAVEN/MojoFailureException
[ERROR] 
[ERROR] After correcting the problems, you can resume the build with the command
[ERROR]   mvn <goals> -rf :sonar-php-plugin

travis_time:end:09b0f244:start=1474036395498442866,finish=1474036595841141526,duration=200342698660[0K
[31;1mThe command "./travis.sh" exited with 1.[0m
travis_fold:start:cache.2[0Kstore build cache
travis_time:start:3b768664[0K
travis_time:end:3b768664:start=1474036595847308820,finish=1474036595852446168,duration=5137348[0Ktravis_time:start:145cc812[0K[32;1mchange detected (content changed, file is created, or file is deleted):
/home/travis/.m2/repository/org/sonarsource/php/php/2.9.0.1372/php-2.9.0.1372.pom
/home/travis/.m2/repository/org/sonarsource/php/php/2.9.0.1372/_remote.repositories
/home/travis/.m2/repository/org/sonarsource/php/php-checks/2.9.0.1372/php-checks-2.9.0.1372.jar
/home/travis/.m2/repository/org/sonarsource/php/php-checks/2.9.0.1372/php-checks-2.9.0.1372.pom
/home/travis/.m2/repository/org/sonarsource/php/php-checks/2.9.0.1372/php-checks-2.9.0.1372-sources.jar
/home/travis/.m2/repository/org/sonarsource/php/php-checks/2.9.0.1372/_remote.repositories
/home/travis/.m2/repository/org/sonarsource/php/php-checks/maven-metadata-local.xml
/home/travis/.m2/repository/org/sonarsource/php/php-frontend/2.9.0.1372/php-frontend-2.9.0.1372.jar
/home/travis/.m2/repository/org/sonarsource/php/php-frontend/2.9.0.1372/php-frontend-2.9.0.1372.pom
/home/travis/.m2/repository/org/sonarsource/php/php-frontend/2.9.0.1372/php-frontend-2.9.0.1372-sources.jar
/home/travis/.m2/repository/org/sonarsource/php/php-fron
[0m
[32;1m...
[0m
[32;1mchanges detected, packing new archive[0m
.
.
[32;1muploading archive[0m

travis_time:end:145cc812:start=1474036595858187696,finish=1474036613888302096,duration=18030114400[0Ktravis_fold:end:cache.2[0K
Done. Your build exited with 1.
