travis_fold:start:worker_info[0K[33;1mWorker information[0m
hostname: i-08fbd9c-precise-production-2-worker-org-docker.travisci.net:e89ad836-3556-4e0d-8b64-2de61a12263a
version: v2.5.0 https://github.com/travis-ci/worker/tree/da3a43228dffc0fcca5a46569ca786b22991979f
instance: 78cee7d:travis:java
startup: 432.863159ms
travis_fold:end:worker_info[0Ktravis_fold:start:system_info[0K[33;1mBuild system information[0m
Build language: java
Build group: stable
Build dist: precise
Build id: 266975427
Job id: 266975428
Runtime kernel version: 4.8.12-040812-generic
travis-build version: 3bdfb53ac
[34m[1mBuild image provisioning date and time[0m
Thu Feb  5 15:09:33 UTC 2015
[34m[1mOperating System Details[0m
Distributor ID:	Ubuntu
Description:	Ubuntu 12.04.5 LTS
Release:	12.04
Codename:	precise
[34m[1mLinux Version[0m
3.13.0-29-generic
[34m[1mCookbooks Version[0m
a68419e https://github.com/travis-ci/travis-cookbooks/tree/a68419e
[34m[1mGCC version[0m
gcc (Ubuntu/Linaro 4.6.3-1ubuntu5) 4.6.3
Copyright (C) 2011 Free Software Foundation, Inc.
This is free software; see the source for copying conditions.  There is NO
warranty; not even for MERCHANTABILITY or FITNESS FOR A PARTICULAR PURPOSE.

[34m[1mLLVM version[0m
clang version 3.4 (tags/RELEASE_34/final)
Target: x86_64-unknown-linux-gnu
Thread model: posix
[34m[1mPre-installed Ruby versions[0m
ruby-1.9.3-p551
[34m[1mPre-installed Node.js versions[0m
v0.10.36
[34m[1mPre-installed Go versions[0m
1.4.1
[34m[1mRedis version[0m
redis-server 2.8.19
[34m[1mriak version[0m
2.0.2
[34m[1mMongoDB version[0m
MongoDB 2.4.12
[34m[1mCouchDB version[0m
couchdb 1.6.1
[34m[1mNeo4j version[0m
1.9.4
[34m[1mRabbitMQ Version[0m
3.4.3
[34m[1mElasticSearch version[0m
1.4.0
[34m[1mInstalled Sphinx versions[0m
2.0.10
2.1.9
2.2.6
[34m[1mDefault Sphinx version[0m
2.2.6
[34m[1mInstalled Firefox version[0m
firefox 31.0esr
[34m[1mPhantomJS version[0m
1.9.8
[34m[1mant -version[0m
Apache Ant(TM) version 1.8.2 compiled on December 3 2011
[34m[1mmvn -version[0m
Apache Maven 3.2.5 (12a6b3acb947671f09b81f49094c53f426d8cea1; 2014-12-14T17:29:23+00:00)
Maven home: /usr/local/maven
Java version: 1.7.0_76, vendor: Oracle Corporation
Java home: /usr/lib/jvm/java-7-oracle/jre
Default locale: en_US, platform encoding: ANSI_X3.4-1968
OS name: "linux", version: "3.13.0-29-generic", arch: "amd64", family: "unix"
travis_fold:end:system_info[0K
travis_fold:start:fix.CVE-2015-7547[0K$ export DEBIAN_FRONTEND=noninteractive
Reading package lists...
Building dependency tree...
Reading state information...
The following extra packages will be installed:
  libc-bin libc-dev-bin libc6-dev
Suggested packages:
  glibc-doc
The following packages will be upgraded:
  libc-bin libc-dev-bin libc6 libc6-dev
4 upgraded, 0 newly installed, 0 to remove and 278 not upgraded.
Need to get 8,856 kB of archives.
After this operation, 13.3 kB of additional disk space will be used.
Get:1 http://us.archive.ubuntu.com/ubuntu/ precise-updates/main libc6-dev amd64 2.15-0ubuntu10.18 [2,948 kB]
Get:2 http://us.archive.ubuntu.com/ubuntu/ precise-updates/main libc-dev-bin amd64 2.15-0ubuntu10.18 [84.5 kB]
Get:3 http://us.archive.ubuntu.com/ubuntu/ precise-updates/main libc-bin amd64 2.15-0ubuntu10.18 [1,178 kB]
Get:4 http://us.archive.ubuntu.com/ubuntu/ precise-updates/main libc6 amd64 2.15-0ubuntu10.18 [4,646 kB]
Fetched 8,856 kB in 0s (35.4 MB/s)
Preconfiguring packages ...
(Reading database ... (Reading database ... 5%(Reading database ... 10%(Reading database ... 15%(Reading database ... 20%(Reading database ... 25%(Reading database ... 30%(Reading database ... 35%(Reading database ... 40%(Reading database ... 45%(Reading database ... 50%(Reading database ... 55%(Reading database ... 60%(Reading database ... 65%(Reading database ... 70%(Reading database ... 75%(Reading database ... 80%(Reading database ... 85%(Reading database ... 90%(Reading database ... 95%(Reading database ... 100%(Reading database ... 72019 files and directories currently installed.)
Preparing to replace libc6-dev 2.15-0ubuntu10.10 (using .../libc6-dev_2.15-0ubuntu10.18_amd64.deb) ...
Unpacking replacement libc6-dev ...
Preparing to replace libc-dev-bin 2.15-0ubuntu10.10 (using .../libc-dev-bin_2.15-0ubuntu10.18_amd64.deb) ...
Unpacking replacement libc-dev-bin ...
Preparing to replace libc-bin 2.15-0ubuntu10.10 (using .../libc-bin_2.15-0ubuntu10.18_amd64.deb) ...
Unpacking replacement libc-bin ...
Processing triggers for man-db ...
Setting up libc-bin (2.15-0ubuntu10.18) ...
(Reading database ... (Reading database ... 5%(Reading database ... 10%(Reading database ... 15%(Reading database ... 20%(Reading database ... 25%(Reading database ... 30%(Reading database ... 35%(Reading database ... 40%(Reading database ... 45%(Reading database ... 50%(Reading database ... 55%(Reading database ... 60%(Reading database ... 65%(Reading database ... 70%(Reading database ... 75%(Reading database ... 80%(Reading database ... 85%(Reading database ... 90%(Reading database ... 95%(Reading database ... 100%(Reading database ... 72018 files and directories currently installed.)
Preparing to replace libc6 2.15-0ubuntu10.10 (using .../libc6_2.15-0ubuntu10.18_amd64.deb) ...
Unpacking replacement libc6 ...
Setting up libc6 (2.15-0ubuntu10.18) ...
Setting up libc-dev-bin (2.15-0ubuntu10.18) ...
Setting up libc6-dev (2.15-0ubuntu10.18) ...
Processing triggers for libc-bin ...
ldconfig deferred processing now taking place
travis_fold:end:fix.CVE-2015-7547[0Ktravis_fold:start:update_libssl1.0.0[0K$ sudo apt-get install ca-certificates libssl1.0.0
Reading package lists... 0%Reading package lists... 0%Reading package lists... 1%Reading package lists... 10%Reading package lists... 10%Reading package lists... 11%Reading package lists... 11%Reading package lists... 46%Reading package lists... 46%Reading package lists... 47%Reading package lists... 47%Reading package lists... 48%Reading package lists... 58%Reading package lists... 58%Reading package lists... 58%Reading package lists... 58%Reading package lists... 94%Reading package lists... 94%Reading package lists... 95%Reading package lists... 95%Reading package lists... 95%Reading package lists... 95%Reading package lists... 95%Reading package lists... 95%Reading package lists... 95%Reading package lists... 95%Reading package lists... 95%Reading package lists... 95%Reading package lists... 95%Reading package lists... 95%Reading package lists... 95%Reading package lists... 95%Reading package lists... 95%Reading package lists... 95%Reading package lists... 95%Reading package lists... 95%Reading package lists... 95%Reading package lists... 95%Reading package lists... 95%Reading package lists... 95%Reading package lists... 95%Reading package lists... 95%Reading package lists... 95%Reading package lists... 95%Reading package lists... 95%Reading package lists... 95%Reading package lists... 95%Reading package lists... 95%Reading package lists... 95%Reading package lists... 95%Reading package lists... 95%Reading package lists... 95%Reading package lists... 95%Reading package lists... 95%Reading package lists... 95%Reading package lists... 95%Reading package lists... 95%Reading package lists... 95%Reading package lists... 95%Reading package lists... 95%Reading package lists... 95%Reading package lists... 95%Reading package lists... 95%Reading package lists... 95%Reading package lists... 95%Reading package lists... 95%Reading package lists... 95%Reading package lists... 95%Reading package lists... 95%Reading package lists... 95%Reading package lists... 95%Reading package lists... 95%Reading package lists... 95%Reading package lists... 95%Reading package lists... 95%Reading package lists... 95%Reading package lists... 95%Reading package lists... 96%Reading package lists... 96%Reading package lists... 96%Reading package lists... 96%Reading package lists... 97%Reading package lists... 97%Reading package lists... 98%Reading package lists... 98%Reading package lists... 98%Reading package lists... 98%Reading package lists... 98%Reading package lists... 98%Reading package lists... 98%Reading package lists... 98%Reading package lists... 98%Reading package lists... 98%Reading package lists... 98%Reading package lists... 98%Reading package lists... 98%Reading package lists... 98%Reading package lists... 98%Reading package lists... 98%Reading package lists... 98%Reading package lists... 98%Reading package lists... Done
Building dependency tree... 0%Building dependency tree... 0%Building dependency tree... 50%Building dependency tree... 50%Building dependency tree       
Reading state information... 0%Reading state information... 0%Reading state information... Done
The following extra packages will be installed:
  libssl-dev
The following packages will be upgraded:
  ca-certificates libssl-dev libssl1.0.0
3 upgraded, 0 newly installed, 0 to remove and 275 not upgraded.
Need to get 2,842 kB of archives.
After this operation, 41.0 kB of additional disk space will be used.
0% [Working]            Get:1 http://us.archive.ubuntu.com/ubuntu/ precise-updates/main libssl-dev amd64 1.0.1-4ubuntu5.39 [1,580 kB]
            0% [1 libssl-dev 14.1 kB/1,580 kB 1%]                                     56% [Waiting for headers]                         Get:2 http://us.archive.ubuntu.com/ubuntu/ precise-updates/main libssl1.0.0 amd64 1.0.1-4ubuntu5.39 [1,054 kB]
                         58% [2 libssl1.0.0 57.7 kB/1,054 kB 5%]                                       93% [Waiting for headers]                         Get:3 http://us.archive.ubuntu.com/ubuntu/ precise-updates/main ca-certificates all 20160104ubuntu0.12.04.1 [208 kB]
                         94% [3 ca-certificates 36.9 kB/208 kB 18%]                                          100% [Working]              Fetched 2,842 kB in 0s (6,713 kB/s)
Preconfiguring packages ...
(Reading database ... (Reading database ... 5%(Reading database ... 10%(Reading database ... 15%(Reading database ... 20%(Reading database ... 25%(Reading database ... 30%(Reading database ... 35%(Reading database ... 40%(Reading database ... 45%(Reading database ... 50%(Reading database ... 55%(Reading database ... 60%(Reading database ... 65%(Reading database ... 70%(Reading database ... 75%(Reading database ... 80%(Reading database ... 85%(Reading database ... 90%(Reading database ... 95%(Reading database ... 100%(Reading database ... 72018 files and directories currently installed.)
Preparing to replace libssl-dev 1.0.1-4ubuntu5.21 (using .../libssl-dev_1.0.1-4ubuntu5.39_amd64.deb) ...
Unpacking replacement libssl-dev ...
Preparing to replace libssl1.0.0 1.0.1-4ubuntu5.21 (using .../libssl1.0.0_1.0.1-4ubuntu5.39_amd64.deb) ...
Unpacking replacement libssl1.0.0 ...
Setting up libssl1.0.0 (1.0.1-4ubuntu5.39) ...
Processing triggers for libc-bin ...
ldconfig deferred processing now taking place
(Reading database ... (Reading database ... 5%(Reading database ... 10%(Reading database ... 15%(Reading database ... 20%(Reading database ... 25%(Reading database ... 30%(Reading database ... 35%(Reading database ... 40%(Reading database ... 45%(Reading database ... 50%(Reading database ... 55%(Reading database ... 60%(Reading database ... 65%(Reading database ... 70%(Reading database ... 75%(Reading database ... 80%(Reading database ... 85%(Reading database ... 90%(Reading database ... 95%(Reading database ... 100%(Reading database ... 72018 files and directories currently installed.)
Preparing to replace ca-certificates 20130906ubuntu0.12.04.1 (using .../ca-certificates_20160104ubuntu0.12.04.1_all.deb) ...
Unpacking replacement ca-certificates ...
Processing triggers for man-db ...
Setting up libssl-dev (1.0.1-4ubuntu5.39) ...
Setting up ca-certificates (20160104ubuntu0.12.04.1) ...
Updating certificates in /etc/ssl/certs... 35 added, 26 removed; done.
Running hooks in /etc/ca-certificates/update.d....
Adding debian:ACCVRAIZ1.pem
Adding debian:Atos_TrustedRoot_2011.pem
Adding debian:CA_WoSign_ECC_Root.pem
Adding debian:Certification_Authority_of_WoSign_G2.pem
Adding debian:Certinomis_-_Root_CA.pem
Adding debian:CFCA_EV_ROOT.pem
Adding debian:COMODO_RSA_Certification_Authority.pem
Adding debian:DigiCert_Assured_ID_Root_G2.pem
Adding debian:DigiCert_Assured_ID_Root_G3.pem
Adding debian:DigiCert_Global_Root_G2.pem
Adding debian:DigiCert_Global_Root_G3.pem
Adding debian:DigiCert_Trusted_Root_G4.pem
Adding debian:Entrust_Root_Certification_Authority_-_EC1.pem
Adding debian:Entrust_Root_Certification_Authority_-_G2.pem
Adding debian:E-Tugra_Certification_Authority.pem
Adding debian:GlobalSign_ECC_Root_CA_-_R4.pem
Adding debian:GlobalSign_ECC_Root_CA_-_R5.pem
Adding debian:IdenTrust_Commercial_Root_CA_1.pem
Adding debian:IdenTrust_Public_Sector_Root_CA_1.pem
Adding debian:OISTE_WISeKey_Global_Root_GB_CA.pem
Adding debian:QuoVadis_Root_CA_1_G3.pem
Adding debian:QuoVadis_Root_CA_2_G3.pem
Adding debian:QuoVadis_Root_CA_3_G3.pem
Adding debian:Staat_der_Nederlanden_EV_Root_CA.pem
Adding debian:Staat_der_Nederlanden_Root_CA_-_G3.pem
Adding debian:S-TRUST_Universal_Root_CA.pem
Adding debian:TeliaSonera_Root_CA_v1.pem
Adding debian:T-TeleSec_GlobalRoot_Class_2.pem
Adding debian:TÜRKTRUST_Elektronik_Sertifika_Hizmet_Sağlayıcısı_H5.pem
Adding debian:TÜRKTRUST_Elektronik_Sertifika_Hizmet_Sağlayıcısı_H6.pem
Adding debian:TWCA_Global_Root_CA.pem
Adding debian:USERTrust_ECC_Certification_Authority.pem
Adding debian:USERTrust_RSA_Certification_Authority.pem
Adding debian:WoSign_China.pem
Adding debian:WoSign.pem
Removing debian:A-Trust-nQual-03.pem
Removing debian:America_Online_Root_Certification_Authority_1.pem
Removing debian:America_Online_Root_Certification_Authority_2.pem
Removing debian:Buypass_Class_3_CA_1.pem
Removing debian:ComSign_Secured_CA.pem
Removing debian:Digital_Signature_Trust_Co._Global_CA_1.pem
Removing debian:Digital_Signature_Trust_Co._Global_CA_3.pem
Removing debian:E-Guven_Kok_Elektronik_Sertifika_Hizmet_Saglayicisi.pem
Removing debian:Entrust.net_Secure_Server_CA.pem
Removing debian:Firmaprofesional_Root_CA.pem
Removing debian:GTE_CyberTrust_Global_Root.pem
Removing debian:RSA_Root_Certificate_1.pem
Removing debian:TC_TrustCenter_Class_2_CA_II.pem
Removing debian:TC_TrustCenter_Universal_CA_I.pem
Removing debian:TDC_Internet_Root_CA.pem
Removing debian:TDC_OCES_Root_CA.pem
Removing debian:TURKTRUST_Certificate_Services_Provider_Root_1.pem
Removing debian:TURKTRUST_Certificate_Services_Provider_Root_2.pem
Removing debian:Thawte_Premium_Server_CA.pem
Removing debian:Thawte_Server_CA.pem
Removing debian:UTN_DATACorp_SGC_Root_CA.pem
Removing debian:ValiCert_Class_1_VA.pem
Removing debian:ValiCert_Class_2_VA.pem
Removing debian:Verisign_Class_4_Public_Primary_Certification_Authority_-_G3.pem
Removing debian:Wells_Fargo_Root_CA.pem
Removing debian:spi-cacert-2008.pem
done.
done.
travis_fold:end:update_libssl1.0.0[0K$ jdk_switcher use oraclejdk8
Switching to Oracle JDK8 (java-8-oracle), JAVA_HOME will be set to /usr/lib/jvm/java-8-oracle
travis_fold:start:git.checkout[0Ktravis_time:start:155a64c8[0K$ git clone --depth=50 https://github.com/google/auto.git google/auto
Cloning into 'google/auto'...
remote: Counting objects: 2286, done.[K
remote: Compressing objects:   0% (1/822)   [Kremote: Compressing objects:   1% (9/822)   [Kremote: Compressing objects:   2% (17/822)   [Kremote: Compressing objects:   3% (25/822)   [Kremote: Compressing objects:   4% (33/822)   [Kremote: Compressing objects:   5% (42/822)   [Kremote: Compressing objects:   6% (50/822)   [Kremote: Compressing objects:   7% (58/822)   [Kremote: Compressing objects:   8% (66/822)   [Kremote: Compressing objects:   9% (74/822)   [Kremote: Compressing objects:  10% (83/822)   [Kremote: Compressing objects:  11% (91/822)   [Kremote: Compressing objects:  12% (99/822)   [Kremote: Compressing objects:  13% (107/822)   [Kremote: Compressing objects:  14% (116/822)   [Kremote: Compressing objects:  15% (124/822)   [Kremote: Compressing objects:  16% (132/822)   [Kremote: Compressing objects:  17% (140/822)   [Kremote: Compressing objects:  18% (148/822)   [Kremote: Compressing objects:  19% (157/822)   [Kremote: Compressing objects:  20% (165/822)   [Kremote: Compressing objects:  21% (173/822)   [Kremote: Compressing objects:  22% (181/822)   [Kremote: Compressing objects:  23% (190/822)   [Kremote: Compressing objects:  24% (198/822)   [Kremote: Compressing objects:  25% (206/822)   [Kremote: Compressing objects:  26% (214/822)   [Kremote: Compressing objects:  27% (222/822)   [Kremote: Compressing objects:  28% (231/822)   [Kremote: Compressing objects:  29% (239/822)   [Kremote: Compressing objects:  30% (247/822)   [Kremote: Compressing objects:  31% (255/822)   [Kremote: Compressing objects:  32% (264/822)   [Kremote: Compressing objects:  33% (272/822)   [Kremote: Compressing objects:  34% (280/822)   [Kremote: Compressing objects:  35% (288/822)   [Kremote: Compressing objects:  36% (296/822)   [Kremote: Compressing objects:  37% (305/822)   [Kremote: Compressing objects:  38% (313/822)   [Kremote: Compressing objects:  39% (321/822)   [Kremote: Compressing objects:  40% (329/822)   [Kremote: Compressing objects:  41% (338/822)   [Kremote: Compressing objects:  42% (346/822)   [Kremote: Compressing objects:  43% (354/822)   [Kremote: Compressing objects:  44% (362/822)   [Kremote: Compressing objects:  45% (370/822)   [Kremote: Compressing objects:  46% (379/822)   [Kremote: Compressing objects:  47% (387/822)   [Kremote: Compressing objects:  48% (395/822)   [Kremote: Compressing objects:  49% (403/822)   [Kremote: Compressing objects:  50% (411/822)   [Kremote: Compressing objects:  51% (420/822)   [Kremote: Compressing objects:  52% (428/822)   [Kremote: Compressing objects:  53% (436/822)   [Kremote: Compressing objects:  54% (444/822)   [Kremote: Compressing objects:  55% (453/822)   [Kremote: Compressing objects:  56% (461/822)   [Kremote: Compressing objects:  57% (469/822)   [Kremote: Compressing objects:  58% (477/822)   [Kremote: Compressing objects:  59% (485/822)   [Kremote: Compressing objects:  60% (494/822)   [Kremote: Compressing objects:  61% (502/822)   [Kremote: Compressing objects:  62% (510/822)   [Kremote: Compressing objects:  63% (518/822)   [Kremote: Compressing objects:  64% (527/822)   [Kremote: Compressing objects:  65% (535/822)   [Kremote: Compressing objects:  66% (543/822)   [Kremote: Compressing objects:  67% (551/822)   [Kremote: Compressing objects:  68% (559/822)   [Kremote: Compressing objects:  69% (568/822)   [Kremote: Compressing objects:  70% (576/822)   [Kremote: Compressing objects:  71% (584/822)   [Kremote: Compressing objects:  72% (592/822)   [Kremote: Compressing objects:  73% (601/822)   [Kremote: Compressing objects:  74% (609/822)   [Kremote: Compressing objects:  75% (617/822)   [Kremote: Compressing objects:  76% (625/822)   [Kremote: Compressing objects:  77% (633/822)   [Kremote: Compressing objects:  78% (642/822)   [Kremote: Compressing objects:  79% (650/822)   [Kremote: Compressing objects:  80% (658/822)   [Kremote: Compressing objects:  81% (666/822)   [Kremote: Compressing objects:  82% (675/822)   [Kremote: Compressing objects:  83% (683/822)   [Kremote: Compressing objects:  84% (691/822)   [Kremote: Compressing objects:  85% (699/822)   [Kremote: Compressing objects:  86% (707/822)   [Kremote: Compressing objects:  87% (716/822)   [Kremote: Compressing objects:  88% (724/822)   [Kremote: Compressing objects:  89% (732/822)   [Kremote: Compressing objects:  90% (740/822)   [Kremote: Compressing objects:  91% (749/822)   [Kremote: Compressing objects:  92% (757/822)   [Kremote: Compressing objects:  93% (765/822)   [Kremote: Compressing objects:  94% (773/822)   [Kremote: Compressing objects:  95% (781/822)   [Kremote: Compressing objects:  96% (790/822)   [Kremote: Compressing objects:  97% (798/822)   [Kremote: Compressing objects:  98% (806/822)   [Kremote: Compressing objects:  99% (814/822)   [Kremote: Compressing objects: 100% (822/822)   [Kremote: Compressing objects: 100% (822/822), done.[K
Receiving objects:   0% (1/2286)   Receiving objects:   1% (23/2286)   Receiving objects:   2% (46/2286)   Receiving objects:   3% (69/2286)   Receiving objects:   4% (92/2286)   Receiving objects:   5% (115/2286)   Receiving objects:   6% (138/2286)   Receiving objects:   7% (161/2286)   Receiving objects:   8% (183/2286)   Receiving objects:   9% (206/2286)   Receiving objects:  10% (229/2286)   Receiving objects:  11% (252/2286)   Receiving objects:  12% (275/2286)   Receiving objects:  13% (298/2286)   Receiving objects:  14% (321/2286)   Receiving objects:  15% (343/2286)   Receiving objects:  16% (366/2286)   Receiving objects:  17% (389/2286)   Receiving objects:  18% (412/2286)   Receiving objects:  19% (435/2286)   Receiving objects:  20% (458/2286)   Receiving objects:  21% (481/2286)   Receiving objects:  22% (503/2286)   Receiving objects:  23% (526/2286)   Receiving objects:  24% (549/2286)   Receiving objects:  25% (572/2286)   Receiving objects:  26% (595/2286)   Receiving objects:  27% (618/2286)   Receiving objects:  28% (641/2286)   Receiving objects:  29% (663/2286)   Receiving objects:  30% (686/2286)   Receiving objects:  31% (709/2286)   Receiving objects:  32% (732/2286)   Receiving objects:  33% (755/2286)   Receiving objects:  34% (778/2286)   Receiving objects:  35% (801/2286)   Receiving objects:  36% (823/2286)   Receiving objects:  37% (846/2286)   Receiving objects:  38% (869/2286)   Receiving objects:  39% (892/2286)   Receiving objects:  40% (915/2286)   Receiving objects:  41% (938/2286)   Receiving objects:  42% (961/2286)   Receiving objects:  43% (983/2286)   Receiving objects:  44% (1006/2286)   Receiving objects:  45% (1029/2286)   Receiving objects:  46% (1052/2286)   Receiving objects:  47% (1075/2286)   Receiving objects:  48% (1098/2286)   Receiving objects:  49% (1121/2286)   Receiving objects:  50% (1143/2286)   Receiving objects:  51% (1166/2286)   Receiving objects:  52% (1189/2286)   Receiving objects:  53% (1212/2286)   Receiving objects:  54% (1235/2286)   Receiving objects:  55% (1258/2286)   Receiving objects:  56% (1281/2286)   Receiving objects:  57% (1304/2286)   Receiving objects:  58% (1326/2286)   Receiving objects:  59% (1349/2286)   Receiving objects:  60% (1372/2286)   Receiving objects:  61% (1395/2286)   Receiving objects:  62% (1418/2286)   Receiving objects:  63% (1441/2286)   Receiving objects:  64% (1464/2286)   Receiving objects:  65% (1486/2286)   Receiving objects:  66% (1509/2286)   Receiving objects:  67% (1532/2286)   Receiving objects:  68% (1555/2286)   Receiving objects:  69% (1578/2286)   Receiving objects:  70% (1601/2286)   Receiving objects:  71% (1624/2286)   Receiving objects:  72% (1646/2286)   Receiving objects:  73% (1669/2286)   Receiving objects:  74% (1692/2286)   Receiving objects:  75% (1715/2286)   Receiving objects:  76% (1738/2286)   Receiving objects:  77% (1761/2286)   Receiving objects:  78% (1784/2286)   Receiving objects:  79% (1806/2286)   Receiving objects:  80% (1829/2286)   Receiving objects:  81% (1852/2286)   Receiving objects:  82% (1875/2286)   Receiving objects:  83% (1898/2286)   Receiving objects:  84% (1921/2286)   Receiving objects:  85% (1944/2286)   Receiving objects:  86% (1966/2286)   Receiving objects:  87% (1989/2286)   remote: Total 2286 (delta 884), reused 1985 (delta 700), pack-reused 0[K
Receiving objects:  88% (2012/2286)   Receiving objects:  89% (2035/2286)   Receiving objects:  90% (2058/2286)   Receiving objects:  91% (2081/2286)   Receiving objects:  92% (2104/2286)   Receiving objects:  93% (2126/2286)   Receiving objects:  94% (2149/2286)   Receiving objects:  95% (2172/2286)   Receiving objects:  96% (2195/2286)   Receiving objects:  97% (2218/2286)   Receiving objects:  98% (2241/2286)   Receiving objects:  99% (2264/2286)   Receiving objects: 100% (2286/2286)   Receiving objects: 100% (2286/2286), 596.76 KiB | 0 bytes/s, done.
Resolving deltas:   0% (0/884)   Resolving deltas:   7% (63/884)   Resolving deltas:   8% (78/884)   Resolving deltas:   9% (81/884)   Resolving deltas:  10% (97/884)   Resolving deltas:  14% (126/884)   Resolving deltas:  15% (140/884)   Resolving deltas:  16% (148/884)   Resolving deltas:  17% (151/884)   Resolving deltas:  18% (163/884)   Resolving deltas:  19% (168/884)   Resolving deltas:  20% (179/884)   Resolving deltas:  21% (188/884)   Resolving deltas:  22% (197/884)   Resolving deltas:  24% (215/884)   Resolving deltas:  25% (224/884)   Resolving deltas:  26% (232/884)   Resolving deltas:  27% (239/884)   Resolving deltas:  28% (248/884)   Resolving deltas:  29% (258/884)   Resolving deltas:  30% (266/884)   Resolving deltas:  31% (275/884)   Resolving deltas:  32% (288/884)   Resolving deltas:  33% (299/884)   Resolving deltas:  35% (310/884)   Resolving deltas:  38% (336/884)   Resolving deltas:  39% (348/884)   Resolving deltas:  40% (354/884)   Resolving deltas:  41% (363/884)   Resolving deltas:  42% (372/884)   Resolving deltas:  43% (384/884)   Resolving deltas:  44% (390/884)   Resolving deltas:  45% (398/884)   Resolving deltas:  46% (407/884)   Resolving deltas:  47% (416/884)   Resolving deltas:  52% (466/884)   Resolving deltas:  54% (482/884)   Resolving deltas:  56% (498/884)   Resolving deltas:  57% (508/884)   Resolving deltas:  58% (518/884)   Resolving deltas:  59% (529/884)   Resolving deltas:  60% (537/884)   Resolving deltas:  61% (540/884)   Resolving deltas:  62% (549/884)   Resolving deltas:  63% (557/884)   Resolving deltas:  64% (567/884)   Resolving deltas:  65% (576/884)   Resolving deltas:  66% (586/884)   Resolving deltas:  67% (593/884)   Resolving deltas:  68% (604/884)   Resolving deltas:  69% (610/884)   Resolving deltas:  70% (621/884)   Resolving deltas:  71% (629/884)   Resolving deltas:  72% (644/884)   Resolving deltas:  73% (650/884)   Resolving deltas:  74% (661/884)   Resolving deltas:  75% (669/884)   Resolving deltas:  76% (672/884)   Resolving deltas:  78% (691/884)   Resolving deltas:  79% (704/884)   Resolving deltas:  80% (714/884)   Resolving deltas:  81% (719/884)   Resolving deltas:  82% (726/884)   Resolving deltas:  83% (734/884)   Resolving deltas:  84% (743/884)   Resolving deltas:  85% (753/884)   Resolving deltas:  86% (764/884)   Resolving deltas:  87% (770/884)   Resolving deltas:  88% (784/884)   Resolving deltas:  89% (795/884)   Resolving deltas:  91% (805/884)   Resolving deltas:  92% (820/884)   Resolving deltas:  93% (828/884)   Resolving deltas:  94% (834/884)   Resolving deltas:  95% (845/884)   Resolving deltas:  97% (861/884)   Resolving deltas:  98% (867/884)   Resolving deltas:  99% (876/884)   Resolving deltas: 100% (884/884)   Resolving deltas: 100% (884/884), done.
Checking connectivity... done.

travis_time:end:155a64c8:start=1503354001833541955,finish=1503354003069986811,duration=1236444856[0K$ cd google/auto
travis_time:start:15d0eea4[0K$ git fetch origin +refs/pull/515/merge:
remote: Counting objects: 23, done.[K
remote: Compressing objects:  16% (1/6)   [Kremote: Compressing objects:  33% (2/6)   [Kremote: Compressing objects:  50% (3/6)   [Kremote: Compressing objects:  66% (4/6)   [Kremote: Compressing objects:  83% (5/6)   [Kremote: Compressing objects: 100% (6/6)   [Kremote: Compressing objects: 100% (6/6), done.[K
remote: Total 23 (delta 7), reused 22 (delta 7), pack-reused 0[K
Unpacking objects:   4% (1/23)   Unpacking objects:   8% (2/23)   Unpacking objects:  13% (3/23)   Unpacking objects:  17% (4/23)   Unpacking objects:  21% (5/23)   Unpacking objects:  26% (6/23)   Unpacking objects:  30% (7/23)   Unpacking objects:  34% (8/23)   Unpacking objects:  39% (9/23)   Unpacking objects:  43% (10/23)   Unpacking objects:  47% (11/23)   Unpacking objects:  52% (12/23)   Unpacking objects:  56% (13/23)   Unpacking objects:  60% (14/23)   Unpacking objects:  65% (15/23)   Unpacking objects:  69% (16/23)   Unpacking objects:  73% (17/23)   Unpacking objects:  78% (18/23)   Unpacking objects:  82% (19/23)   Unpacking objects:  86% (20/23)   Unpacking objects:  91% (21/23)   Unpacking objects:  95% (22/23)   Unpacking objects: 100% (23/23)   Unpacking objects: 100% (23/23), done.
From https://github.com/google/auto
 * branch            refs/pull/515/merge -> FETCH_HEAD

travis_time:end:15d0eea4:start=1503354003075393427,finish=1503354004248165243,duration=1172771816[0K$ git checkout -qf FETCH_HEAD
travis_fold:end:git.checkout[0K[33;1mDisabling Gradle daemon[0m
travis_time:start:165ff521[0K$ mkdir -p ~/.gradle && echo "org.gradle.daemon=false" >> ~/.gradle/gradle.properties

travis_time:end:165ff521:start=1503354007055204472,finish=1503354007059893843,duration=4689371[0K$ export PATH=$JAVA_HOME/bin:$PATH
$ java -Xmx32m -version
java version "1.8.0_31"
Java(TM) SE Runtime Environment (build 1.8.0_31-b13)
Java HotSpot(TM) 64-Bit Server VM (build 25.31-b07, mixed mode)
$ javac -J-Xmx32m -version
javac 1.8.0_31
travis_fold:start:install[0Ktravis_time:start:1fe35313[0K$ mvn -B -U -f build-pom.xml dependency:go-offline test clean --quiet --fail-never -DskipTests=true
Java HotSpot(TM) 64-Bit Server VM warning: ignoring option MaxPermSize=192m; support was removed in 8.0

travis_time:end:1fe35313:start=1503354007509294100,finish=1503354030314993040,duration=22805698940[0Ktravis_fold:end:install[0Ktravis_time:start:216ddbaf[0K$ mvn -B -U -f build-pom.xml verify --fail-at-end -Dsource.skip=true -Dmaven.javadoc.skip=true
Java HotSpot(TM) 64-Bit Server VM warning: ignoring option MaxPermSize=192m; support was removed in 8.0
[INFO] Scanning for projects...
[INFO] ------------------------------------------------------------------------
[INFO] Reactor Build Order:
[INFO] 
[INFO] Auto (Parent)
[INFO] Auto Common Libraries
[INFO] AutoFactory
[INFO] AutoService
[INFO] AutoValue
[INFO] build-only
[INFO]                                                                         
[INFO] ------------------------------------------------------------------------
[INFO] Building Auto (Parent) 4-SNAPSHOT
[INFO] ------------------------------------------------------------------------
[INFO] 
[INFO] --- maven-enforcer-plugin:1.0:enforce (enforce-maven) @ auto-parent ---
[INFO]                                                                         
[INFO] ------------------------------------------------------------------------
[INFO] Building Auto Common Libraries 1.0-SNAPSHOT
[INFO] ------------------------------------------------------------------------
[INFO] 
[INFO] --- maven-enforcer-plugin:1.0:enforce (enforce-maven) @ auto-common ---
[INFO] 
[INFO] --- maven-resources-plugin:2.6:resources (default-resources) @ auto-common ---
[INFO] Using 'UTF-8' encoding to copy filtered resources.
[INFO] skip non existing resourceDirectory /home/travis/build/google/auto/common/src/main/resources
[INFO] 
[INFO] --- maven-compiler-plugin:3.1:compile (default-compile) @ auto-common ---
[INFO] Changes detected - recompiling the module!
[INFO] Compiling 8 source files to /home/travis/build/google/auto/common/target/classes
[WARNING] bootstrap class path not set in conjunction with -source 1.6
[INFO] 
[INFO] --- maven-resources-plugin:2.6:testResources (default-testResources) @ auto-common ---
[INFO] Using 'UTF-8' encoding to copy filtered resources.
[INFO] skip non existing resourceDirectory /home/travis/build/google/auto/common/src/test/resources
[INFO] 
[INFO] --- maven-compiler-plugin:3.1:testCompile (default-testCompile) @ auto-common ---
[INFO] Changes detected - recompiling the module!
[INFO] Compiling 8 source files to /home/travis/build/google/auto/common/target/test-classes
[WARNING] bootstrap class path not set in conjunction with -source 1.6
[WARNING] No processor claimed any of these annotations: com.google.auto.common.AnnotationMirrorsTest.OuterWithValueArray,org.junit.runner.RunWith,org.junit.runners.Parameterized.Parameters,org.junit.Test,javax.annotation.processing.SupportedAnnotationTypes,com.google.auto.common.AnnotationMirrorsTest.Stringy,com.google.auto.common.AnnotationMirrorsTest.AnnotatedOuter,org.junit.Rule,com.google.auto.common.AnnotationMirrorsTest.DefaultingOuter,com.google.auto.common.MoreElementsTest.InnerAnnotation,com.google.auto.common.AnnotationMirrorsTest.Outer,com.google.auto.common.AnnotationMirrorsTest.SimpleAnnotation,org.junit.Before
[WARNING] /home/travis/build/google/auto/common/src/test/java/com/google/auto/common/MoreElementsTest.java:[389,21] getLocalAndInheritedMethods(javax.lang.model.element.TypeElement,javax.lang.model.util.Elements) in com.google.auto.common.MoreElements has been deprecated
[WARNING] /home/travis/build/google/auto/common/src/test/java/com/google/auto/common/MoreElementsTest.java:[395,21] getLocalAndInheritedMethods(javax.lang.model.element.TypeElement,javax.lang.model.util.Elements) in com.google.auto.common.MoreElements has been deprecated
[INFO] 
[INFO] --- maven-surefire-plugin:2.12.4:test (default-test) @ auto-common ---
[INFO] Surefire report directory: /home/travis/build/google/auto/common/target/surefire-reports
[INFO] Downloading: https://repo.maven.apache.org/maven2/org/apache/maven/surefire/surefire-junit4/2.12.4/surefire-junit4-2.12.4.pom
[INFO] Downloaded: https://repo.maven.apache.org/maven2/org/apache/maven/surefire/surefire-junit4/2.12.4/surefire-junit4-2.12.4.pom (3 KB at 7.8 KB/sec)
[INFO] Downloading: https://repo.maven.apache.org/maven2/org/apache/maven/surefire/surefire-providers/2.12.4/surefire-providers-2.12.4.pom
[INFO] Downloaded: https://repo.maven.apache.org/maven2/org/apache/maven/surefire/surefire-providers/2.12.4/surefire-providers-2.12.4.pom (3 KB at 191.1 KB/sec)
[INFO] Downloading: https://repo.maven.apache.org/maven2/org/apache/maven/surefire/surefire-junit4/2.12.4/surefire-junit4-2.12.4.jar
[INFO] Downloaded: https://repo.maven.apache.org/maven2/org/apache/maven/surefire/surefire-junit4/2.12.4/surefire-junit4-2.12.4.jar (37 KB at 1030.2 KB/sec)

-------------------------------------------------------
 T E S T S
-------------------------------------------------------
Running com.google.auto.common.AnnotationMirrorsTest
Tests run: 5, Failures: 0, Errors: 0, Skipped: 0, Time elapsed: 0.72 sec
Running com.google.auto.common.MoreElementsTest
Tests run: 17, Failures: 0, Errors: 0, Skipped: 0, Time elapsed: 0.399 sec
Running com.google.auto.common.MoreTypesTest
Tests run: 6, Failures: 0, Errors: 0, Skipped: 0, Time elapsed: 0.156 sec
Running com.google.auto.common.BasicAnnotationProcessorTest
Tests run: 6, Failures: 0, Errors: 0, Skipped: 0, Time elapsed: 0.45 sec
Running com.google.auto.common.VisibilityTest
Tests run: 3, Failures: 0, Errors: 0, Skipped: 0, Time elapsed: 0.076 sec
Running com.google.auto.common.SuperficialValidationTest
Tests run: 10, Failures: 0, Errors: 0, Skipped: 0, Time elapsed: 0.114 sec
Running com.google.auto.common.MoreTypesIsTypeOfTest
Tests run: 13, Failures: 0, Errors: 0, Skipped: 0, Time elapsed: 0.154 sec
Running com.google.auto.common.OverridesTest
Tests run: 24, Failures: 0, Errors: 0, Skipped: 0, Time elapsed: 1.731 sec

Results :

Tests run: 84, Failures: 0, Errors: 0, Skipped: 0

[INFO] 
[INFO] --- maven-jar-plugin:2.6:jar (default-jar) @ auto-common ---
[INFO] Downloading: https://repo.maven.apache.org/maven2/org/apache/maven/reporting/maven-reporting-api/2.2.1/maven-reporting-api-2.2.1.pom
[INFO] Downloaded: https://repo.maven.apache.org/maven2/org/apache/maven/reporting/maven-reporting-api/2.2.1/maven-reporting-api-2.2.1.pom (2 KB at 226.1 KB/sec)
[INFO] Downloading: https://repo.maven.apache.org/maven2/org/apache/maven/reporting/maven-reporting/2.2.1/maven-reporting-2.2.1.pom
[INFO] Downloaded: https://repo.maven.apache.org/maven2/org/apache/maven/reporting/maven-reporting/2.2.1/maven-reporting-2.2.1.pom (2 KB at 176.1 KB/sec)
[INFO] Downloading: https://repo.maven.apache.org/maven2/org/apache/maven/doxia/doxia-sink-api/1.1/doxia-sink-api-1.1.pom
[INFO] Downloaded: https://repo.maven.apache.org/maven2/org/apache/maven/doxia/doxia-sink-api/1.1/doxia-sink-api-1.1.pom (2 KB at 221.2 KB/sec)
[INFO] Downloading: https://repo.maven.apache.org/maven2/org/apache/maven/doxia/doxia/1.1/doxia-1.1.pom
[INFO] Downloaded: https://repo.maven.apache.org/maven2/org/apache/maven/doxia/doxia/1.1/doxia-1.1.pom (15 KB at 1140.2 KB/sec)
[INFO] Downloading: https://repo.maven.apache.org/maven2/org/apache/maven/doxia/doxia-logging-api/1.1/doxia-logging-api-1.1.pom
[INFO] Downloaded: https://repo.maven.apache.org/maven2/org/apache/maven/doxia/doxia-logging-api/1.1/doxia-logging-api-1.1.pom (2 KB at 192.3 KB/sec)
[INFO] Downloading: https://repo.maven.apache.org/maven2/commons-cli/commons-cli/1.2/commons-cli-1.2.pom
[INFO] Downloaded: https://repo.maven.apache.org/maven2/commons-cli/commons-cli/1.2/commons-cli-1.2.pom (8 KB at 708.5 KB/sec)
[INFO] Downloading: https://repo.maven.apache.org/maven2/org/apache/commons/commons-parent/11/commons-parent-11.pom
[INFO] Downloaded: https://repo.maven.apache.org/maven2/org/apache/commons/commons-parent/11/commons-parent-11.pom (25 KB at 1604.8 KB/sec)
[INFO] Downloading: https://repo.maven.apache.org/maven2/org/apache/maven/maven-archiver/2.6/maven-archiver-2.6.pom
[INFO] Downloaded: https://repo.maven.apache.org/maven2/org/apache/maven/maven-archiver/2.6/maven-archiver-2.6.pom (5 KB at 469.0 KB/sec)
[INFO] Downloading: https://repo.maven.apache.org/maven2/org/apache/maven/shared/maven-shared-components/20/maven-shared-components-20.pom
[INFO] Downloaded: https://repo.maven.apache.org/maven2/org/apache/maven/shared/maven-shared-components/20/maven-shared-components-20.pom (5 KB at 623.3 KB/sec)
[INFO] Downloading: https://repo.maven.apache.org/maven2/org/apache/maven/maven-parent/24/maven-parent-24.pom
[INFO] Downloaded: https://repo.maven.apache.org/maven2/org/apache/maven/maven-parent/24/maven-parent-24.pom (37 KB at 1896.5 KB/sec)
[INFO] Downloading: https://repo.maven.apache.org/maven2/org/apache/apache/14/apache-14.pom
[INFO] Downloaded: https://repo.maven.apache.org/maven2/org/apache/apache/14/apache-14.pom (15 KB at 1303.7 KB/sec)
[INFO] Downloading: https://repo.maven.apache.org/maven2/org/apache/maven/shared/maven-shared-utils/0.7/maven-shared-utils-0.7.pom
[INFO] Downloaded: https://repo.maven.apache.org/maven2/org/apache/maven/shared/maven-shared-utils/0.7/maven-shared-utils-0.7.pom (5 KB at 543.9 KB/sec)
[INFO] Downloading: https://repo.maven.apache.org/maven2/org/codehaus/plexus/plexus-archiver/2.8.1/plexus-archiver-2.8.1.pom
[INFO] Downloaded: https://repo.maven.apache.org/maven2/org/codehaus/plexus/plexus-archiver/2.8.1/plexus-archiver-2.8.1.pom (5 KB at 446.8 KB/sec)
[INFO] Downloading: https://repo.maven.apache.org/maven2/org/codehaus/plexus/plexus-utils/3.0.20/plexus-utils-3.0.20.pom
[INFO] Downloaded: https://repo.maven.apache.org/maven2/org/codehaus/plexus/plexus-utils/3.0.20/plexus-utils-3.0.20.pom (4 KB at 372.1 KB/sec)
[INFO] Downloading: https://repo.maven.apache.org/maven2/org/codehaus/plexus/plexus-io/2.3.2/plexus-io-2.3.2.pom
[INFO] Downloaded: https://repo.maven.apache.org/maven2/org/codehaus/plexus/plexus-io/2.3.2/plexus-io-2.3.2.pom (3 KB at 258.9 KB/sec)
[INFO] Downloading: https://repo.maven.apache.org/maven2/org/apache/commons/commons-compress/1.9/commons-compress-1.9.pom
[INFO] Downloaded: https://repo.maven.apache.org/maven2/org/apache/commons/commons-compress/1.9/commons-compress-1.9.pom (12 KB at 744.3 KB/sec)
[INFO] Downloading: https://repo.maven.apache.org/maven2/org/apache/commons/commons-parent/34/commons-parent-34.pom
[INFO] Downloaded: https://repo.maven.apache.org/maven2/org/apache/commons/commons-parent/34/commons-parent-34.pom (55 KB at 1762.3 KB/sec)
[INFO] Downloading: https://repo.maven.apache.org/maven2/org/codehaus/plexus/plexus-interpolation/1.21/plexus-interpolation-1.21.pom
[INFO] Downloaded: https://repo.maven.apache.org/maven2/org/codehaus/plexus/plexus-interpolation/1.21/plexus-interpolation-1.21.pom (2 KB at 214.8 KB/sec)
[INFO] Downloading: https://repo.maven.apache.org/maven2/org/codehaus/plexus/plexus-archiver/2.9/plexus-archiver-2.9.pom
[INFO] Downloaded: https://repo.maven.apache.org/maven2/org/codehaus/plexus/plexus-archiver/2.9/plexus-archiver-2.9.pom (5 KB at 473.8 KB/sec)
[INFO] Downloading: https://repo.maven.apache.org/maven2/org/codehaus/plexus/plexus-io/2.4/plexus-io-2.4.pom
[INFO] Downloaded: https://repo.maven.apache.org/maven2/org/codehaus/plexus/plexus-io/2.4/plexus-io-2.4.pom (4 KB at 520.1 KB/sec)
[INFO] Downloading: https://repo.maven.apache.org/maven2/commons-io/commons-io/2.2/commons-io-2.2.pom
[INFO] Downloaded: https://repo.maven.apache.org/maven2/commons-io/commons-io/2.2/commons-io-2.2.pom (11 KB at 1077.5 KB/sec)
[INFO] Downloading: https://repo.maven.apache.org/maven2/org/apache/commons/commons-parent/24/commons-parent-24.pom
[INFO] Downloaded: https://repo.maven.apache.org/maven2/org/apache/commons/commons-parent/24/commons-parent-24.pom (47 KB at 2198.0 KB/sec)
[INFO] Downloading: https://repo.maven.apache.org/maven2/org/slf4j/slf4j-jdk14/1.5.6/slf4j-jdk14-1.5.6.jar
[INFO] Downloading: https://repo.maven.apache.org/maven2/org/slf4j/slf4j-api/1.5.6/slf4j-api-1.5.6.jar
[INFO] Downloading: https://repo.maven.apache.org/maven2/org/slf4j/jcl-over-slf4j/1.5.6/jcl-over-slf4j-1.5.6.jar
[INFO] Downloading: https://repo.maven.apache.org/maven2/org/apache/maven/reporting/maven-reporting-api/2.2.1/maven-reporting-api-2.2.1.jar
[INFO] Downloading: https://repo.maven.apache.org/maven2/org/apache/maven/doxia/doxia-sink-api/1.1/doxia-sink-api-1.1.jar
[INFO] Downloaded: https://repo.maven.apache.org/maven2/org/slf4j/slf4j-api/1.5.6/slf4j-api-1.5.6.jar (22 KB at 1211.9 KB/sec)
[INFO] Downloading: https://repo.maven.apache.org/maven2/org/apache/maven/doxia/doxia-logging-api/1.1/doxia-logging-api-1.1.jar
[INFO] Downloaded: https://repo.maven.apache.org/maven2/org/apache/maven/doxia/doxia-logging-api/1.1/doxia-logging-api-1.1.jar (12 KB at 369.0 KB/sec)
[INFO] Downloaded: https://repo.maven.apache.org/maven2/org/slf4j/slf4j-jdk14/1.5.6/slf4j-jdk14-1.5.6.jar (9 KB at 269.0 KB/sec)
[INFO] Downloading: https://repo.maven.apache.org/maven2/commons-cli/commons-cli/1.2/commons-cli-1.2.jar
[INFO] Downloading: https://repo.maven.apache.org/maven2/backport-util-concurrent/backport-util-concurrent/3.1/backport-util-concurrent-3.1.jar
[INFO] Downloaded: https://repo.maven.apache.org/maven2/org/slf4j/jcl-over-slf4j/1.5.6/jcl-over-slf4j-1.5.6.jar (17 KB at 398.3 KB/sec)
[INFO] Downloading: https://repo.maven.apache.org/maven2/org/sonatype/plexus/plexus-sec-dispatcher/1.3/plexus-sec-dispatcher-1.3.jar
[INFO] Downloaded: https://repo.maven.apache.org/maven2/org/apache/maven/doxia/doxia-sink-api/1.1/doxia-sink-api-1.1.jar (13 KB at 284.4 KB/sec)
[INFO] Downloading: https://repo.maven.apache.org/maven2/org/sonatype/plexus/plexus-cipher/1.4/plexus-cipher-1.4.jar
[INFO] Downloaded: https://repo.maven.apache.org/maven2/org/apache/maven/reporting/maven-reporting-api/2.2.1/maven-reporting-api-2.2.1.jar (10 KB at 203.4 KB/sec)
[INFO] Downloading: https://repo.maven.apache.org/maven2/org/codehaus/plexus/plexus-interpolation/1.11/plexus-interpolation-1.11.jar
[INFO] Downloaded: https://repo.maven.apache.org/maven2/org/sonatype/plexus/plexus-cipher/1.4/plexus-cipher-1.4.jar (14 KB at 196.7 KB/sec)
[INFO] Downloading: https://repo.maven.apache.org/maven2/org/apache/maven/shared/maven-shared-utils/0.7/maven-shared-utils-0.7.jar
[INFO] Downloaded: https://repo.maven.apache.org/maven2/commons-cli/commons-cli/1.2/commons-cli-1.2.jar (41 KB at 582.0 KB/sec)
[INFO] Downloading: https://repo.maven.apache.org/maven2/org/codehaus/plexus/plexus-io/2.4/plexus-io-2.4.jar
[INFO] Downloaded: https://repo.maven.apache.org/maven2/org/sonatype/plexus/plexus-sec-dispatcher/1.3/plexus-sec-dispatcher-1.3.jar (28 KB at 371.8 KB/sec)
[INFO] Downloading: https://repo.maven.apache.org/maven2/org/apache/commons/commons-compress/1.9/commons-compress-1.9.jar
[INFO] Downloaded: https://repo.maven.apache.org/maven2/org/codehaus/plexus/plexus-interpolation/1.11/plexus-interpolation-1.11.jar (50 KB at 592.2 KB/sec)
[INFO] Downloaded: https://repo.maven.apache.org/maven2/org/codehaus/plexus/plexus-io/2.4/plexus-io-2.4.jar (80 KB at 725.0 KB/sec)
[INFO] Downloaded: https://repo.maven.apache.org/maven2/org/apache/maven/shared/maven-shared-utils/0.7/maven-shared-utils-0.7.jar (167 KB at 1287.6 KB/sec)
[INFO] Downloaded: https://repo.maven.apache.org/maven2/backport-util-concurrent/backport-util-concurrent/3.1/backport-util-concurrent-3.1.jar (324 KB at 2117.3 KB/sec)
[INFO] Downloaded: https://repo.maven.apache.org/maven2/org/apache/commons/commons-compress/1.9/commons-compress-1.9.jar (370 KB at 1923.7 KB/sec)
[INFO] Building jar: /home/travis/build/google/auto/common/target/auto-common-1.0-SNAPSHOT.jar
[INFO]                                                                         
[INFO] ------------------------------------------------------------------------
[INFO] Building AutoFactory 1.0-SNAPSHOT
[INFO] ------------------------------------------------------------------------
[INFO] 
[INFO] --- maven-enforcer-plugin:1.0:enforce (enforce-maven) @ auto-factory ---
[INFO] 
[INFO] --- maven-resources-plugin:2.6:resources (default-resources) @ auto-factory ---
[INFO] Using 'UTF-8' encoding to copy filtered resources.
[INFO] skip non existing resourceDirectory /home/travis/build/google/auto/factory/src/main/resources
[INFO] 
[INFO] --- maven-compiler-plugin:3.1:compile (default-compile) @ auto-factory ---
[INFO] Changes detected - recompiling the module!
[INFO] Compiling 17 source files to /home/travis/build/google/auto/factory/target/classes
[WARNING] bootstrap class path not set in conjunction with -source 1.6
[WARNING] No processor claimed any of these annotations: com.google.auto.value.AutoValue,com.google.auto.value.AutoValue.Builder
[WARNING] No processor claimed any of these annotations: javax.annotation.Generated
[INFO] 
[INFO] --- maven-resources-plugin:2.6:testResources (default-testResources) @ auto-factory ---
[INFO] Using 'UTF-8' encoding to copy filtered resources.
[INFO] Copying 67 resources
[INFO] 
[INFO] --- maven-compiler-plugin:3.1:testCompile (default-testCompile) @ auto-factory ---
[INFO] Changes detected - recompiling the module!
[INFO] Compiling 2 source files to /home/travis/build/google/auto/factory/target/test-classes
[WARNING] bootstrap class path not set in conjunction with -source 1.6
[WARNING] No processor claimed any of these annotations: org.junit.runner.RunWith,org.junit.Test
[INFO] 
[INFO] --- maven-surefire-plugin:2.12.4:test (default-test) @ auto-factory ---
[INFO] Surefire report directory: /home/travis/build/google/auto/factory/target/surefire-reports

-------------------------------------------------------
 T E S T S
-------------------------------------------------------
Running com.google.auto.factory.processor.AutoFactoryDeclarationTest
Tests run: 1, Failures: 0, Errors: 0, Skipped: 0, Time elapsed: 0.052 sec
Running com.google.auto.factory.processor.AutoFactoryProcessorTest
Tests run: 36, Failures: 0, Errors: 0, Skipped: 0, Time elapsed: 3.827 sec

Results :

Tests run: 37, Failures: 0, Errors: 0, Skipped: 0

[INFO] 
[INFO] --- maven-jar-plugin:2.6:jar (default-jar) @ auto-factory ---
[INFO] Building jar: /home/travis/build/google/auto/factory/target/auto-factory-1.0-SNAPSHOT.jar
[INFO] 
[INFO] --- maven-invoker-plugin:1.8:install (integration-test) @ auto-factory ---
[INFO] Downloading: https://repo.maven.apache.org/maven2/org/apache/maven/shared/maven-invoker/2.1.1/maven-invoker-2.1.1.pom
[INFO] Downloaded: https://repo.maven.apache.org/maven2/org/apache/maven/shared/maven-invoker/2.1.1/maven-invoker-2.1.1.pom (6 KB at 494.1 KB/sec)
[INFO] Downloading: https://repo.maven.apache.org/maven2/org/apache/maven/reporting/maven-reporting-impl/2.1/maven-reporting-impl-2.1.pom
[INFO] Downloaded: https://repo.maven.apache.org/maven2/org/apache/maven/reporting/maven-reporting-impl/2.1/maven-reporting-impl-2.1.pom (5 KB at 401.6 KB/sec)
[INFO] Downloading: https://repo.maven.apache.org/maven2/org/apache/maven/maven-project/2.0.10/maven-project-2.0.10.pom
[INFO] Downloaded: https://repo.maven.apache.org/maven2/org/apache/maven/maven-project/2.0.10/maven-project-2.0.10.pom (3 KB at 213.9 KB/sec)
[INFO] Downloading: https://repo.maven.apache.org/maven2/org/apache/maven/maven/2.0.10/maven-2.0.10.pom
[INFO] Downloaded: https://repo.maven.apache.org/maven2/org/apache/maven/maven/2.0.10/maven-2.0.10.pom (24 KB at 1185.6 KB/sec)
[INFO] Downloading: https://repo.maven.apache.org/maven2/org/apache/maven/maven-settings/2.0.10/maven-settings-2.0.10.pom
[INFO] Downloaded: https://repo.maven.apache.org/maven2/org/apache/maven/maven-settings/2.0.10/maven-settings-2.0.10.pom (3 KB at 242.8 KB/sec)
[INFO] Downloading: https://repo.maven.apache.org/maven2/org/apache/maven/maven-model/2.0.10/maven-model-2.0.10.pom
[INFO] Downloaded: https://repo.maven.apache.org/maven2/org/apache/maven/maven-model/2.0.10/maven-model-2.0.10.pom (4 KB at 362.0 KB/sec)
[INFO] Downloading: https://repo.maven.apache.org/maven2/org/codehaus/plexus/plexus-interpolation/1.1/plexus-interpolation-1.1.pom
[INFO] Downloaded: https://repo.maven.apache.org/maven2/org/codehaus/plexus/plexus-interpolation/1.1/plexus-interpolation-1.1.pom (2 KB at 175.4 KB/sec)
[INFO] Downloading: https://repo.maven.apache.org/maven2/org/apache/maven/maven-profile/2.0.10/maven-profile-2.0.10.pom
[INFO] Downloaded: https://repo.maven.apache.org/maven2/org/apache/maven/maven-profile/2.0.10/maven-profile-2.0.10.pom (3 KB at 227.2 KB/sec)
[INFO] Downloading: https://repo.maven.apache.org/maven2/org/apache/maven/maven-artifact-manager/2.0.10/maven-artifact-manager-2.0.10.pom
[INFO] Downloaded: https://repo.maven.apache.org/maven2/org/apache/maven/maven-artifact-manager/2.0.10/maven-artifact-manager-2.0.10.pom (3 KB at 376.8 KB/sec)
[INFO] Downloading: https://repo.maven.apache.org/maven2/org/apache/maven/maven-repository-metadata/2.0.10/maven-repository-metadata-2.0.10.pom
[INFO] Downloaded: https://repo.maven.apache.org/maven2/org/apache/maven/maven-repository-metadata/2.0.10/maven-repository-metadata-2.0.10.pom (3 KB at 323.0 KB/sec)
[INFO] Downloading: https://repo.maven.apache.org/maven2/org/apache/maven/maven-artifact/2.0.10/maven-artifact-2.0.10.pom
[INFO] Downloaded: https://repo.maven.apache.org/maven2/org/apache/maven/maven-artifact/2.0.10/maven-artifact-2.0.10.pom (2 KB at 197.8 KB/sec)
[INFO] Downloading: https://repo.maven.apache.org/maven2/org/apache/maven/maven-plugin-registry/2.0.10/maven-plugin-registry-2.0.10.pom
[INFO] Downloaded: https://repo.maven.apache.org/maven2/org/apache/maven/maven-plugin-registry/2.0.10/maven-plugin-registry-2.0.10.pom (2 KB at 281.1 KB/sec)
[INFO] Downloading: https://repo.maven.apache.org/maven2/org/apache/maven/maven-plugin-api/2.0.10/maven-plugin-api-2.0.10.pom
[INFO] Downloaded: https://repo.maven.apache.org/maven2/org/apache/maven/maven-plugin-api/2.0.10/maven-plugin-api-2.0.10.pom (2 KB at 182.5 KB/sec)
[INFO] Downloading: https://repo.maven.apache.org/maven2/org/apache/maven/doxia/doxia-sink-api/1.1.2/doxia-sink-api-1.1.2.pom
[INFO] Downloaded: https://repo.maven.apache.org/maven2/org/apache/maven/doxia/doxia-sink-api/1.1.2/doxia-sink-api-1.1.2.pom (2 KB at 219.7 KB/sec)
[INFO] Downloading: https://repo.maven.apache.org/maven2/org/apache/maven/doxia/doxia/1.1.2/doxia-1.1.2.pom
[INFO] Downloaded: https://repo.maven.apache.org/maven2/org/apache/maven/doxia/doxia/1.1.2/doxia-1.1.2.pom (18 KB at 1477.5 KB/sec)
[INFO] Downloading: https://repo.maven.apache.org/maven2/org/apache/maven/doxia/doxia-logging-api/1.1.2/doxia-logging-api-1.1.2.pom
[INFO] Downloaded: https://repo.maven.apache.org/maven2/org/apache/maven/doxia/doxia-logging-api/1.1.2/doxia-logging-api-1.1.2.pom (2 KB at 192.9 KB/sec)
[INFO] Downloading: https://repo.maven.apache.org/maven2/org/apache/maven/doxia/doxia-core/1.1.2/doxia-core-1.1.2.pom
[INFO] Downloaded: https://repo.maven.apache.org/maven2/org/apache/maven/doxia/doxia-core/1.1.2/doxia-core-1.1.2.pom (4 KB at 403.6 KB/sec)
[INFO] Downloading: https://repo.maven.apache.org/maven2/org/codehaus/plexus/plexus-utils/1.5.12/plexus-utils-1.5.12.pom
[INFO] Downloaded: https://repo.maven.apache.org/maven2/org/codehaus/plexus/plexus-utils/1.5.12/plexus-utils-1.5.12.pom (6 KB at 550.2 KB/sec)
[INFO] Downloading: https://repo.maven.apache.org/maven2/xerces/xercesImpl/2.8.1/xercesImpl-2.8.1.pom
[INFO] Downloaded: https://repo.maven.apache.org/maven2/xerces/xercesImpl/2.8.1/xercesImpl-2.8.1.pom (3 KB at 239.5 KB/sec)
[INFO] Downloading: https://repo.maven.apache.org/maven2/xml-apis/xml-apis/1.3.03/xml-apis-1.3.03.pom
[INFO] Downloaded: https://repo.maven.apache.org/maven2/xml-apis/xml-apis/1.3.03/xml-apis-1.3.03.pom (738 B at 103.0 KB/sec)
[INFO] Downloading: https://repo.maven.apache.org/maven2/org/apache/apache/1/apache-1.pom
[INFO] Downloaded: https://repo.maven.apache.org/maven2/org/apache/apache/1/apache-1.pom (4 KB at 475.7 KB/sec)
[INFO] Downloading: https://repo.maven.apache.org/maven2/commons-httpclient/commons-httpclient/3.1/commons-httpclient-3.1.pom
[INFO] Downloaded: https://repo.maven.apache.org/maven2/commons-httpclient/commons-httpclient/3.1/commons-httpclient-3.1.pom (8 KB at 758.1 KB/sec)
[INFO] Downloading: https://repo.maven.apache.org/maven2/commons-codec/commons-codec/1.2/commons-codec-1.2.pom
[INFO] Downloaded: https://repo.maven.apache.org/maven2/commons-codec/commons-codec/1.2/commons-codec-1.2.pom (4 KB at 415.0 KB/sec)
[INFO] Downloading: https://repo.maven.apache.org/maven2/org/apache/maven/doxia/doxia-site-renderer/1.1.2/doxia-site-renderer-1.1.2.pom
[INFO] Downloaded: https://repo.maven.apache.org/maven2/org/apache/maven/doxia/doxia-site-renderer/1.1.2/doxia-site-renderer-1.1.2.pom (6 KB at 664.1 KB/sec)
[INFO] Downloading: https://repo.maven.apache.org/maven2/org/apache/maven/doxia/doxia-sitetools/1.1.2/doxia-sitetools-1.1.2.pom
[INFO] Downloaded: https://repo.maven.apache.org/maven2/org/apache/maven/doxia/doxia-sitetools/1.1.2/doxia-sitetools-1.1.2.pom (15 KB at 1066.1 KB/sec)
[INFO] Downloading: https://repo.maven.apache.org/maven2/org/apache/maven/doxia/doxia-decoration-model/1.1.2/doxia-decoration-model-1.1.2.pom
[INFO] Downloaded: https://repo.maven.apache.org/maven2/org/apache/maven/doxia/doxia-decoration-model/1.1.2/doxia-decoration-model-1.1.2.pom (3 KB at 363.2 KB/sec)
[INFO] Downloading: https://repo.maven.apache.org/maven2/org/apache/maven/doxia/doxia-module-xhtml/1.1.2/doxia-module-xhtml-1.1.2.pom
[INFO] Downloaded: https://repo.maven.apache.org/maven2/org/apache/maven/doxia/doxia-module-xhtml/1.1.2/doxia-module-xhtml-1.1.2.pom (2 KB at 223.5 KB/sec)
[INFO] Downloading: https://repo.maven.apache.org/maven2/org/apache/maven/doxia/doxia-modules/1.1.2/doxia-modules-1.1.2.pom
[INFO] Downloaded: https://repo.maven.apache.org/maven2/org/apache/maven/doxia/doxia-modules/1.1.2/doxia-modules-1.1.2.pom (3 KB at 297.5 KB/sec)
[INFO] Downloading: https://repo.maven.apache.org/maven2/org/apache/maven/doxia/doxia-module-fml/1.1.2/doxia-module-fml-1.1.2.pom
[INFO] Downloaded: https://repo.maven.apache.org/maven2/org/apache/maven/doxia/doxia-module-fml/1.1.2/doxia-module-fml-1.1.2.pom (6 KB at 670.8 KB/sec)
[INFO] Downloading: https://repo.maven.apache.org/maven2/org/apache/maven/shared/maven-script-interpreter/1.1/maven-script-interpreter-1.1.pom
[INFO] Downloaded: https://repo.maven.apache.org/maven2/org/apache/maven/shared/maven-script-interpreter/1.1/maven-script-interpreter-1.1.pom (4 KB at 453.0 KB/sec)
[INFO] Downloading: https://repo.maven.apache.org/maven2/org/codehaus/groovy/groovy/2.0.1/groovy-2.0.1.pom
[INFO] Downloaded: https://repo.maven.apache.org/maven2/org/codehaus/groovy/groovy/2.0.1/groovy-2.0.1.pom (16 KB at 1302.2 KB/sec)
[INFO] Downloading: https://repo.maven.apache.org/maven2/antlr/antlr/2.7.7/antlr-2.7.7.pom
[INFO] Downloaded: https://repo.maven.apache.org/maven2/antlr/antlr/2.7.7/antlr-2.7.7.pom (632 B at 88.2 KB/sec)
[INFO] Downloading: https://repo.maven.apache.org/maven2/org/ow2/asm/asm-tree/4.0/asm-tree-4.0.pom
[INFO] Downloaded: https://repo.maven.apache.org/maven2/org/ow2/asm/asm-tree/4.0/asm-tree-4.0.pom (3 KB at 290.3 KB/sec)
[INFO] Downloading: https://repo.maven.apache.org/maven2/org/ow2/asm/asm-parent/4.0/asm-parent-4.0.pom
[INFO] Downloaded: https://repo.maven.apache.org/maven2/org/ow2/asm/asm-parent/4.0/asm-parent-4.0.pom (6 KB at 596.0 KB/sec)
[INFO] Downloading: https://repo.maven.apache.org/maven2/org/ow2/ow2/1.3/ow2-1.3.pom
[INFO] Downloaded: https://repo.maven.apache.org/maven2/org/ow2/ow2/1.3/ow2-1.3.pom (10 KB at 1031.8 KB/sec)
[INFO] Downloading: https://repo.maven.apache.org/maven2/org/ow2/asm/asm/4.0/asm-4.0.pom
[INFO] Downloaded: https://repo.maven.apache.org/maven2/org/ow2/asm/asm/4.0/asm-4.0.pom (2 KB at 269.7 KB/sec)
[INFO] Downloading: https://repo.maven.apache.org/maven2/org/ow2/asm/asm-commons/4.0/asm-commons-4.0.pom
[INFO] Downloaded: https://repo.maven.apache.org/maven2/org/ow2/asm/asm-commons/4.0/asm-commons-4.0.pom (3 KB at 291.9 KB/sec)
[INFO] Downloading: https://repo.maven.apache.org/maven2/org/ow2/asm/asm-util/4.0/asm-util-4.0.pom
[INFO] Downloaded: https://repo.maven.apache.org/maven2/org/ow2/asm/asm-util/4.0/asm-util-4.0.pom (3 KB at 291.0 KB/sec)
[INFO] Downloading: https://repo.maven.apache.org/maven2/org/ow2/asm/asm-analysis/4.0/asm-analysis-4.0.pom
[INFO] Downloaded: https://repo.maven.apache.org/maven2/org/ow2/asm/asm-analysis/4.0/asm-analysis-4.0.pom (3 KB at 255.6 KB/sec)
[INFO] Downloading: https://repo.maven.apache.org/maven2/org/apache/ant/ant/1.8.1/ant-1.8.1.pom
[INFO] Downloaded: https://repo.maven.apache.org/maven2/org/apache/ant/ant/1.8.1/ant-1.8.1.pom (9 KB at 954.8 KB/sec)
[INFO] Downloading: https://repo.maven.apache.org/maven2/org/apache/ant/ant-parent/1.8.1/ant-parent-1.8.1.pom
[INFO] Downloaded: https://repo.maven.apache.org/maven2/org/apache/ant/ant-parent/1.8.1/ant-parent-1.8.1.pom (5 KB at 464.5 KB/sec)
[INFO] Downloading: https://repo.maven.apache.org/maven2/org/apache/maven/doxia/doxia-sink-api/1.1.4/doxia-sink-api-1.1.4.pom
[INFO] Downloaded: https://repo.maven.apache.org/maven2/org/apache/maven/doxia/doxia-sink-api/1.1.4/doxia-sink-api-1.1.4.pom (2 KB at 192.3 KB/sec)
[INFO] Downloading: https://repo.maven.apache.org/maven2/org/apache/maven/doxia/doxia/1.1.4/doxia-1.1.4.pom
[INFO] Downloaded: https://repo.maven.apache.org/maven2/org/apache/maven/doxia/doxia/1.1.4/doxia-1.1.4.pom (19 KB at 1536.0 KB/sec)
[INFO] Downloading: https://repo.maven.apache.org/maven2/org/apache/maven/doxia/doxia-logging-api/1.1.4/doxia-logging-api-1.1.4.pom
[INFO] Downloaded: https://repo.maven.apache.org/maven2/org/apache/maven/doxia/doxia-logging-api/1.1.4/doxia-logging-api-1.1.4.pom (2 KB at 171.4 KB/sec)
[INFO] Downloading: https://repo.maven.apache.org/maven2/org/apache/maven/doxia/doxia-site-renderer/1.1.4/doxia-site-renderer-1.1.4.pom
[INFO] Downloaded: https://repo.maven.apache.org/maven2/org/apache/maven/doxia/doxia-site-renderer/1.1.4/doxia-site-renderer-1.1.4.pom (6 KB at 664.1 KB/sec)
[INFO] Downloading: https://repo.maven.apache.org/maven2/org/apache/maven/doxia/doxia-sitetools/1.1.4/doxia-sitetools-1.1.4.pom
[INFO] Downloaded: https://repo.maven.apache.org/maven2/org/apache/maven/doxia/doxia-sitetools/1.1.4/doxia-sitetools-1.1.4.pom (16 KB at 1303.7 KB/sec)
[INFO] Downloading: https://repo.maven.apache.org/maven2/org/apache/maven/doxia/doxia-core/1.1.4/doxia-core-1.1.4.pom
[INFO] Downloaded: https://repo.maven.apache.org/maven2/org/apache/maven/doxia/doxia-core/1.1.4/doxia-core-1.1.4.pom (4 KB at 403.8 KB/sec)
[INFO] Downloading: https://repo.maven.apache.org/maven2/xerces/xercesImpl/2.9.1/xercesImpl-2.9.1.pom
[INFO] Downloaded: https://repo.maven.apache.org/maven2/xerces/xercesImpl/2.9.1/xercesImpl-2.9.1.pom (2 KB at 190.2 KB/sec)
[INFO] Downloading: https://repo.maven.apache.org/maven2/xml-apis/xml-apis/1.3.04/xml-apis-1.3.04.pom
[INFO] Downloaded: https://repo.maven.apache.org/maven2/xml-apis/xml-apis/1.3.04/xml-apis-1.3.04.pom (2 KB at 254.2 KB/sec)
[INFO] Downloading: https://repo.maven.apache.org/maven2/org/apache/httpcomponents/httpclient/4.0.2/httpclient-4.0.2.pom
[INFO] Downloaded: https://repo.maven.apache.org/maven2/org/apache/httpcomponents/httpclient/4.0.2/httpclient-4.0.2.pom (8 KB at 813.3 KB/sec)
[INFO] Downloading: https://repo.maven.apache.org/maven2/org/apache/httpcomponents/httpcomponents-client/4.0.2/httpcomponents-client-4.0.2.pom
[INFO] Downloaded: https://repo.maven.apache.org/maven2/org/apache/httpcomponents/httpcomponents-client/4.0.2/httpcomponents-client-4.0.2.pom (9 KB at 972.9 KB/sec)
[INFO] Downloading: https://repo.maven.apache.org/maven2/org/apache/httpcomponents/project/4.1/project-4.1.pom
[INFO] Downloaded: https://repo.maven.apache.org/maven2/org/apache/httpcomponents/project/4.1/project-4.1.pom (16 KB at 1454.5 KB/sec)
[INFO] Downloading: https://repo.maven.apache.org/maven2/org/apache/httpcomponents/httpcore/4.0.1/httpcore-4.0.1.pom
[INFO] Downloaded: https://repo.maven.apache.org/maven2/org/apache/httpcomponents/httpcore/4.0.1/httpcore-4.0.1.pom (5 KB at 530.5 KB/sec)
[INFO] Downloading: https://repo.maven.apache.org/maven2/org/apache/httpcomponents/httpcomponents-core/4.0.1/httpcomponents-core-4.0.1.pom
[INFO] Downloaded: https://repo.maven.apache.org/maven2/org/apache/httpcomponents/httpcomponents-core/4.0.1/httpcomponents-core-4.0.1.pom (10 KB at 913.3 KB/sec)
[INFO] Downloading: https://repo.maven.apache.org/maven2/org/apache/httpcomponents/project/4.0/project-4.0.pom
[INFO] Downloaded: https://repo.maven.apache.org/maven2/org/apache/httpcomponents/project/4.0/project-4.0.pom (13 KB at 1280.6 KB/sec)
[INFO] Downloading: https://repo.maven.apache.org/maven2/commons-logging/commons-logging/1.1.1/commons-logging-1.1.1.pom
[INFO] Downloaded: https://repo.maven.apache.org/maven2/commons-logging/commons-logging/1.1.1/commons-logging-1.1.1.pom (18 KB at 1494.5 KB/sec)
[INFO] Downloading: https://repo.maven.apache.org/maven2/org/apache/commons/commons-parent/5/commons-parent-5.pom
[INFO] Downloaded: https://repo.maven.apache.org/maven2/org/apache/commons/commons-parent/5/commons-parent-5.pom (16 KB at 1305.4 KB/sec)
[INFO] Downloading: https://repo.maven.apache.org/maven2/commons-codec/commons-codec/1.3/commons-codec-1.3.pom
[INFO] Downloaded: https://repo.maven.apache.org/maven2/commons-codec/commons-codec/1.3/commons-codec-1.3.pom (6 KB at 662.3 KB/sec)
[INFO] Downloading: https://repo.maven.apache.org/maven2/org/apache/maven/doxia/doxia-decoration-model/1.1.4/doxia-decoration-model-1.1.4.pom
[INFO] Downloaded: https://repo.maven.apache.org/maven2/org/apache/maven/doxia/doxia-decoration-model/1.1.4/doxia-decoration-model-1.1.4.pom (3 KB at 363.2 KB/sec)
[INFO] Downloading: https://repo.maven.apache.org/maven2/org/apache/maven/doxia/doxia-module-xhtml/1.1.4/doxia-module-xhtml-1.1.4.pom
[INFO] Downloaded: https://repo.maven.apache.org/maven2/org/apache/maven/doxia/doxia-module-xhtml/1.1.4/doxia-module-xhtml-1.1.4.pom (2 KB at 223.5 KB/sec)
[INFO] Downloading: https://repo.maven.apache.org/maven2/org/apache/maven/doxia/doxia-modules/1.1.4/doxia-modules-1.1.4.pom
[INFO] Downloaded: https://repo.maven.apache.org/maven2/org/apache/maven/doxia/doxia-modules/1.1.4/doxia-modules-1.1.4.pom (3 KB at 297.5 KB/sec)
[INFO] Downloading: https://repo.maven.apache.org/maven2/org/apache/maven/doxia/doxia-module-fml/1.1.4/doxia-module-fml-1.1.4.pom
[INFO] Downloaded: https://repo.maven.apache.org/maven2/org/apache/maven/doxia/doxia-module-fml/1.1.4/doxia-module-fml-1.1.4.pom (6 KB at 595.1 KB/sec)
[INFO] Downloading: https://repo.maven.apache.org/maven2/org/codehaus/groovy/groovy-all/2.0.1/groovy-all-2.0.1.pom
[INFO] Downloaded: https://repo.maven.apache.org/maven2/org/codehaus/groovy/groovy-all/2.0.1/groovy-all-2.0.1.pom (18 KB at 1336.1 KB/sec)
[INFO] Downloading: https://repo.maven.apache.org/maven2/org/codehaus/plexus/plexus-utils/3.0.7/plexus-utils-3.0.7.pom
[INFO] Downloaded: https://repo.maven.apache.org/maven2/org/codehaus/plexus/plexus-utils/3.0.7/plexus-utils-3.0.7.pom (3 KB at 350.4 KB/sec)
[INFO] Downloading: https://repo.maven.apache.org/maven2/org/codehaus/plexus/plexus/3.1/plexus-3.1.pom
[INFO] Downloaded: https://repo.maven.apache.org/maven2/org/codehaus/plexus/plexus/3.1/plexus-3.1.pom (19 KB at 1514.9 KB/sec)
[INFO] Downloading: https://repo.maven.apache.org/maven2/org/codehaus/plexus/plexus-interpolation/1.2/plexus-interpolation-1.2.pom
[INFO] Downloaded: https://repo.maven.apache.org/maven2/org/codehaus/plexus/plexus-interpolation/1.2/plexus-interpolation-1.2.pom (3 KB at 354.9 KB/sec)
[INFO] Downloading: https://repo.maven.apache.org/maven2/org/apache/maven/doxia/doxia-core/1.1.2/doxia-core-1.1.2.jar
[INFO] Downloading: https://repo.maven.apache.org/maven2/xerces/xercesImpl/2.8.1/xercesImpl-2.8.1.jar
[INFO] Downloading: https://repo.maven.apache.org/maven2/commons-httpclient/commons-httpclient/3.1/commons-httpclient-3.1.jar
[INFO] Downloading: https://repo.maven.apache.org/maven2/commons-codec/commons-codec/1.2/commons-codec-1.2.jar
[INFO] Downloading: https://repo.maven.apache.org/maven2/org/codehaus/groovy/groovy/2.0.1/groovy-2.0.1.jar
[INFO] Downloaded: https://repo.maven.apache.org/maven2/commons-codec/commons-codec/1.2/commons-codec-1.2.jar (30 KB at 1632.2 KB/sec)
[INFO] Downloading: https://repo.maven.apache.org/maven2/antlr/antlr/2.7.7/antlr-2.7.7.jar
[INFO] Downloaded: https://repo.maven.apache.org/maven2/org/apache/maven/doxia/doxia-core/1.1.2/doxia-core-1.1.2.jar (155 KB at 2862.8 KB/sec)
[INFO] Downloading: https://repo.maven.apache.org/maven2/org/ow2/asm/asm-tree/4.0/asm-tree-4.0.jar
[INFO] Downloaded: https://repo.maven.apache.org/maven2/org/ow2/asm/asm-tree/4.0/asm-tree-4.0.jar (22 KB at 330.3 KB/sec)
[INFO] Downloading: https://repo.maven.apache.org/maven2/org/ow2/asm/asm-commons/4.0/asm-commons-4.0.jar
[INFO] Downloaded: https://repo.maven.apache.org/maven2/org/ow2/asm/asm-commons/4.0/asm-commons-4.0.jar (37 KB at 449.9 KB/sec)
[INFO] Downloading: https://repo.maven.apache.org/maven2/org/ow2/asm/asm/4.0/asm-4.0.jar
[INFO] Downloaded: https://repo.maven.apache.org/maven2/commons-httpclient/commons-httpclient/3.1/commons-httpclient-3.1.jar (298 KB at 3168.6 KB/sec)
[INFO] Downloading: https://repo.maven.apache.org/maven2/org/ow2/asm/asm-util/4.0/asm-util-4.0.jar
[INFO] Downloaded: https://repo.maven.apache.org/maven2/org/ow2/asm/asm/4.0/asm-4.0.jar (45 KB at 445.0 KB/sec)
[INFO] Downloading: https://repo.maven.apache.org/maven2/org/ow2/asm/asm-analysis/4.0/asm-analysis-4.0.jar
[INFO] Downloaded: https://repo.maven.apache.org/maven2/org/ow2/asm/asm-util/4.0/asm-util-4.0.jar (37 KB at 328.4 KB/sec)
[INFO] Downloading: https://repo.maven.apache.org/maven2/org/apache/maven/doxia/doxia-logging-api/1.1.4/doxia-logging-api-1.1.4.jar
[INFO] Downloaded: https://repo.maven.apache.org/maven2/org/ow2/asm/asm-analysis/4.0/asm-analysis-4.0.jar (20 KB at 169.5 KB/sec)
[INFO] Downloading: https://repo.maven.apache.org/maven2/org/apache/maven/doxia/doxia-decoration-model/1.1.4/doxia-decoration-model-1.1.4.jar
[INFO] Downloaded: https://repo.maven.apache.org/maven2/org/apache/maven/doxia/doxia-logging-api/1.1.4/doxia-logging-api-1.1.4.jar (12 KB at 91.5 KB/sec)
[INFO] Downloading: https://repo.maven.apache.org/maven2/org/apache/maven/doxia/doxia-module-xhtml/1.1.4/doxia-module-xhtml-1.1.4.jar
[INFO] Downloaded: https://repo.maven.apache.org/maven2/org/apache/maven/doxia/doxia-decoration-model/1.1.4/doxia-decoration-model-1.1.4.jar (52 KB at 373.0 KB/sec)
[INFO] Downloading: https://repo.maven.apache.org/maven2/org/apache/maven/doxia/doxia-module-fml/1.1.4/doxia-module-fml-1.1.4.jar
[INFO] Downloaded: https://repo.maven.apache.org/maven2/antlr/antlr/2.7.7/antlr-2.7.7.jar (435 KB at 2918.5 KB/sec)
[INFO] Downloading: https://repo.maven.apache.org/maven2/commons-collections/commons-collections/3.2/commons-collections-3.2.jar
[INFO] Downloaded: https://repo.maven.apache.org/maven2/org/apache/maven/doxia/doxia-module-xhtml/1.1.4/doxia-module-xhtml-1.1.4.jar (15 KB at 96.6 KB/sec)
[INFO] Downloaded: https://repo.maven.apache.org/maven2/org/apache/maven/doxia/doxia-module-fml/1.1.4/doxia-module-fml-1.1.4.jar (37 KB at 224.2 KB/sec)
[INFO] Downloaded: https://repo.maven.apache.org/maven2/commons-collections/commons-collections/3.2/commons-collections-3.2.jar (558 KB at 1737.9 KB/sec)
[INFO] Downloaded: https://repo.maven.apache.org/maven2/xerces/xercesImpl/2.8.1/xercesImpl-2.8.1.jar (1185 KB at 3355.6 KB/sec)
[INFO] Downloaded: https://repo.maven.apache.org/maven2/org/codehaus/groovy/groovy/2.0.1/groovy-2.0.1.jar (3194 KB at 3327.1 KB/sec)
[INFO] Installing /home/travis/build/google/auto/pom.xml to /home/travis/.m2/repository/com/google/auto/auto-parent/4-SNAPSHOT/auto-parent-4-SNAPSHOT.pom
[INFO] Installing /home/travis/build/google/auto/common/pom.xml to /home/travis/.m2/repository/com/google/auto/auto-common/1.0-SNAPSHOT/auto-common-1.0-SNAPSHOT.pom
[INFO] Installing /home/travis/build/google/auto/common/target/auto-common-1.0-SNAPSHOT.jar to /home/travis/.m2/repository/com/google/auto/auto-common/1.0-SNAPSHOT/auto-common-1.0-SNAPSHOT.jar
[INFO] Installing /home/travis/build/google/auto/factory/pom.xml to /home/travis/.m2/repository/com/google/auto/factory/auto-factory/1.0-SNAPSHOT/auto-factory-1.0-SNAPSHOT.pom
[INFO] Installing /home/travis/build/google/auto/factory/target/auto-factory-1.0-SNAPSHOT.jar to /home/travis/.m2/repository/com/google/auto/factory/auto-factory/1.0-SNAPSHOT/auto-factory-1.0-SNAPSHOT.jar
[INFO] 
[INFO] --- maven-invoker-plugin:1.8:run (integration-test) @ auto-factory ---
[INFO] Building: functional/pom.xml
[INFO] Java HotSpot(TM) 64-Bit Server VM warning: ignoring option MaxPermSize=192m; support was removed in 8.0
[INFO] [INFO] Scanning for projects...
[INFO] [INFO]                                                                         
[INFO] [INFO] ------------------------------------------------------------------------
[INFO] [INFO] Building Auto-Value Functional Integration Test HEAD-SNAPSHOT
[INFO] [INFO] ------------------------------------------------------------------------
[INFO] [INFO] Downloading: https://repository.apache.org/snapshots/com/google/auto/factory/auto-factory/1.0-SNAPSHOT/maven-metadata.xml
[INFO] [INFO] Downloading: http://repo.maven.apache.org/maven2/com/google/inject/guice/4.0/guice-4.0.pom
[INFO] [INFO] Downloaded: http://repo.maven.apache.org/maven2/com/google/inject/guice/4.0/guice-4.0.pom (11 KB at 451.5 KB/sec)
[INFO] [INFO] Downloading: http://repo.maven.apache.org/maven2/com/google/inject/guice-parent/4.0/guice-parent-4.0.pom
[INFO] [INFO] Downloaded: http://repo.maven.apache.org/maven2/com/google/inject/guice-parent/4.0/guice-parent-4.0.pom (16 KB at 1681.0 KB/sec)
[INFO] [INFO] Downloading: http://repo.maven.apache.org/maven2/com/google/google/5/google-5.pom
[INFO] [INFO] Downloaded: http://repo.maven.apache.org/maven2/com/google/google/5/google-5.pom (3 KB at 342.9 KB/sec)
[INFO] [INFO] Downloading: http://repo.maven.apache.org/maven2/aopalliance/aopalliance/1.0/aopalliance-1.0.pom
[INFO] [INFO] Downloaded: http://repo.maven.apache.org/maven2/aopalliance/aopalliance/1.0/aopalliance-1.0.pom (363 B at 50.6 KB/sec)
[INFO] [INFO] Downloading: http://repo.maven.apache.org/maven2/com/google/dagger/dagger/2.4/dagger-2.4.pom
[INFO] [INFO] Downloaded: http://repo.maven.apache.org/maven2/com/google/dagger/dagger/2.4/dagger-2.4.pom (4 KB at 449.6 KB/sec)
[INFO] [INFO] Downloading: http://repo.maven.apache.org/maven2/com/google/dagger/dagger-parent/2.4/dagger-parent-2.4.pom
[INFO] [INFO] Downloaded: http://repo.maven.apache.org/maven2/com/google/dagger/dagger-parent/2.4/dagger-parent-2.4.pom (8 KB at 879.7 KB/sec)
[INFO] [INFO] Downloading: http://repo.maven.apache.org/maven2/com/google/dagger/dagger-compiler/2.4/dagger-compiler-2.4.pom
[INFO] [INFO] Downloaded: http://repo.maven.apache.org/maven2/com/google/dagger/dagger-compiler/2.4/dagger-compiler-2.4.pom (7 KB at 113.8 KB/sec)
[INFO] [INFO] Downloading: http://repo.maven.apache.org/maven2/com/google/dagger/dagger-producers/2.4/dagger-producers-2.4.pom
[INFO] [INFO] Downloaded: http://repo.maven.apache.org/maven2/com/google/dagger/dagger-producers/2.4/dagger-producers-2.4.pom (3 KB at 13.2 KB/sec)
[INFO] [INFO] Downloading: http://repo.maven.apache.org/maven2/com/google/inject/guice/4.0/guice-4.0.jar
[INFO] [INFO] Downloading: http://repo.maven.apache.org/maven2/aopalliance/aopalliance/1.0/aopalliance-1.0.jar
[INFO] [INFO] Downloading: http://repo.maven.apache.org/maven2/com/google/dagger/dagger/2.4/dagger-2.4.jar
[INFO] [INFO] Downloading: http://repo.maven.apache.org/maven2/com/google/dagger/dagger-compiler/2.4/dagger-compiler-2.4.jar
[INFO] [INFO] Downloading: http://repo.maven.apache.org/maven2/com/google/dagger/dagger-producers/2.4/dagger-producers-2.4.jar
[INFO] [INFO] Downloaded: http://repo.maven.apache.org/maven2/aopalliance/aopalliance/1.0/aopalliance-1.0.jar (5 KB at 198.3 KB/sec)
[INFO] [INFO] Downloaded: http://repo.maven.apache.org/maven2/com/google/dagger/dagger/2.4/dagger-2.4.jar (26 KB at 936.0 KB/sec)
[INFO] [INFO] Downloaded: http://repo.maven.apache.org/maven2/com/google/inject/guice/4.0/guice-4.0.jar (653 KB at 14501.6 KB/sec)
[INFO] [INFO] Downloaded: http://repo.maven.apache.org/maven2/com/google/dagger/dagger-compiler/2.4/dagger-compiler-2.4.jar (8293 KB at 34267.0 KB/sec)
[INFO] [INFO] Downloaded: http://repo.maven.apache.org/maven2/com/google/dagger/dagger-producers/2.4/dagger-producers-2.4.jar (67 KB at 128.4 KB/sec)
[INFO] [INFO] 
[INFO] [INFO] --- maven-resources-plugin:2.6:resources (default-resources) @ functional ---
[INFO] [WARNING] Using platform encoding (UTF-8 actually) to copy filtered resources, i.e. build is platform dependent!
[INFO] [INFO] skip non existing resourceDirectory /home/travis/build/google/auto/factory/target/it/functional/src/main/resources
[INFO] [INFO] 
[INFO] [INFO] --- maven-compiler-plugin:3.1:compile (default-compile) @ functional ---
[INFO] [INFO] Changes detected - recompiling the module!
[INFO] [WARNING] File encoding has not been set, using platform encoding UTF-8, i.e. build is platform dependent!
[INFO] [INFO] Compiling 9 source files to /home/travis/build/google/auto/factory/target/it/functional/target/classes
[INFO] [WARNING] bootstrap class path not set in conjunction with -source 1.6
[INFO] [WARNING] No processor claimed any of these annotations: javax.inject.Inject,com.google.auto.factory.Provided,com.google.auto.factory.AutoFactory,dagger.Module,javax.inject.Qualifier,com.google.auto.factory.Qualifier,dagger.Component,dagger.Provides
[INFO] [WARNING] No processor claimed any of these annotations: javax.inject.Inject,com.google.auto.factory.Qualifier,javax.annotation.Generated
[INFO] [WARNING] No processor claimed any of these annotations: javax.annotation.Generated
[INFO] [INFO] 
[INFO] [INFO] --- maven-resources-plugin:2.6:testResources (default-testResources) @ functional ---
[INFO] [WARNING] Using platform encoding (UTF-8 actually) to copy filtered resources, i.e. build is platform dependent!
[INFO] [INFO] skip non existing resourceDirectory /home/travis/build/google/auto/factory/target/it/functional/src/test/resources
[INFO] [INFO] 
[INFO] [INFO] --- maven-compiler-plugin:3.1:testCompile (default-testCompile) @ functional ---
[INFO] [INFO] Changes detected - recompiling the module!
[INFO] [WARNING] File encoding has not been set, using platform encoding UTF-8, i.e. build is platform dependent!
[INFO] [INFO] Compiling 1 source file to /home/travis/build/google/auto/factory/target/it/functional/target/test-classes
[INFO] [WARNING] bootstrap class path not set in conjunction with -source 1.6
[INFO] [WARNING] No processor claimed any of these annotations: org.junit.runner.RunWith,org.junit.Test
[INFO] [INFO] 
[INFO] [INFO] --- maven-surefire-plugin:2.12.4:test (default-test) @ functional ---
[INFO] [INFO] Surefire report directory: /home/travis/build/google/auto/factory/target/it/functional/target/surefire-reports
[INFO] 
[INFO] -------------------------------------------------------
[INFO]  T E S T S
[INFO] -------------------------------------------------------
[INFO] Running com.google.auto.factory.DependencyInjectionIntegrationTest
[INFO] Tests run: 2, Failures: 0, Errors: 0, Skipped: 0, Time elapsed: 0.308 sec
[INFO] 
[INFO] Results :
[INFO] 
[INFO] Tests run: 2, Failures: 0, Errors: 0, Skipped: 0
[INFO] 
[INFO] [INFO] 
[INFO] [INFO] --- maven-jar-plugin:2.6:jar (default-jar) @ functional ---
[INFO] [INFO] Building jar: /home/travis/build/google/auto/factory/target/it/functional/target/functional-HEAD-SNAPSHOT.jar
[INFO] [INFO] ------------------------------------------------------------------------
[INFO] [INFO] BUILD SUCCESS
[INFO] [INFO] ------------------------------------------------------------------------
[INFO] [INFO] Total time: 5.590 s
[INFO] [INFO] Finished at: 2017-08-21T22:20:54+00:00
[INFO] [INFO] Final Memory: 26M/412M
[INFO] [INFO] ------------------------------------------------------------------------
[INFO] ..SUCCESS (6.9 s)
[INFO] -------------------------------------------------
[INFO] Build Summary:
[INFO]   Passed: 1, Failed: 0, Errors: 0, Skipped: 0
[INFO] -------------------------------------------------
[INFO]                                                                         
[INFO] ------------------------------------------------------------------------
[INFO] Building AutoService 1.0-SNAPSHOT
[INFO] ------------------------------------------------------------------------
[INFO] 
[INFO] --- maven-enforcer-plugin:1.0:enforce (enforce-maven) @ auto-service ---
[INFO] 
[INFO] --- maven-resources-plugin:2.6:resources (default-resources) @ auto-service ---
[INFO] Using 'UTF-8' encoding to copy filtered resources.
[INFO] Copying 1 resource
[INFO] 
[INFO] --- maven-compiler-plugin:3.1:compile (default-compile) @ auto-service ---
[INFO] Changes detected - recompiling the module!
[INFO] Compiling 4 source files to /home/travis/build/google/auto/service/target/classes
[WARNING] bootstrap class path not set in conjunction with -source 1.6
[INFO] 
[INFO] --- maven-resources-plugin:2.6:testResources (default-testResources) @ auto-service ---
[INFO] Using 'UTF-8' encoding to copy filtered resources.
[INFO] Copying 8 resources
[INFO] 
[INFO] --- maven-compiler-plugin:3.1:testCompile (default-testCompile) @ auto-service ---
[INFO] Changes detected - recompiling the module!
[INFO] Compiling 1 source file to /home/travis/build/google/auto/service/target/test-classes
[WARNING] bootstrap class path not set in conjunction with -source 1.6
[INFO] 
[INFO] --- maven-surefire-plugin:2.12.4:test (default-test) @ auto-service ---
[INFO] Surefire report directory: /home/travis/build/google/auto/service/target/surefire-reports

-------------------------------------------------------
 T E S T S
-------------------------------------------------------
Running com.google.auto.service.processor.AutoServiceProcessorTest
Tests run: 1, Failures: 0, Errors: 0, Skipped: 0, Time elapsed: 0.595 sec

Results :

Tests run: 1, Failures: 0, Errors: 0, Skipped: 0

[INFO] 
[INFO] --- maven-jar-plugin:2.6:jar (default-jar) @ auto-service ---
[INFO] Building jar: /home/travis/build/google/auto/service/target/auto-service-1.0-SNAPSHOT.jar
[INFO]                                                                         
[INFO] ------------------------------------------------------------------------
[INFO] Building AutoValue 1.5-SNAPSHOT
[INFO] ------------------------------------------------------------------------
[INFO] 
[INFO] --- maven-enforcer-plugin:1.0:enforce (enforce-maven) @ auto-value ---
[INFO] 
[INFO] --- maven-resources-plugin:2.6:resources (default-resources) @ auto-value ---
[INFO] Using 'UTF-8' encoding to copy filtered resources.
[INFO] Copying 47 resources
[INFO] 
[INFO] --- maven-compiler-plugin:3.1:compile (default-compile) @ auto-value ---
[INFO] Changes detected - recompiling the module!
[INFO] Compiling 42 source files to /home/travis/build/google/auto/value/target/classes
[WARNING] Cannot find annotation method 'value()' in type 'com.google.errorprone.annotations.CompatibleWith': class file for com.google.errorprone.annotations.CompatibleWith not found
[WARNING] Cannot find annotation method 'value()' in type 'com.google.errorprone.annotations.CompatibleWith'
[WARNING] Cannot find annotation method 'value()' in type 'com.google.errorprone.annotations.CompatibleWith'
[WARNING] Cannot find annotation method 'value()' in type 'com.google.errorprone.annotations.CompatibleWith'
[WARNING] Cannot find annotation method 'value()' in type 'com.google.errorprone.annotations.CompatibleWith'
[WARNING] Cannot find annotation method 'value()' in type 'com.google.errorprone.annotations.CompatibleWith'
[WARNING] Cannot find annotation method 'value()' in type 'com.google.errorprone.annotations.CompatibleWith'
[WARNING] No processor claimed any of these annotations: com.google.common.annotations.VisibleForTesting
[WARNING] Cannot find annotation method 'value()' in type 'com.google.errorprone.annotations.CompatibleWith': class file for com.google.errorprone.annotations.CompatibleWith not found
[WARNING] Cannot find annotation method 'value()' in type 'com.google.errorprone.annotations.CompatibleWith'
[WARNING] Cannot find annotation method 'value()' in type 'com.google.errorprone.annotations.CompatibleWith'
[WARNING] Cannot find annotation method 'value()' in type 'com.google.errorprone.annotations.CompatibleWith'
[WARNING] Cannot find annotation method 'value()' in type 'com.google.errorprone.annotations.CompatibleWith'
[WARNING] Cannot find annotation method 'value()' in type 'com.google.errorprone.annotations.CompatibleWith'
[WARNING] Cannot find annotation method 'value()' in type 'com.google.errorprone.annotations.CompatibleWith'
[WARNING] Cannot find annotation method 'value()' in type 'com.google.errorprone.annotations.CompatibleWith': class file for com.google.errorprone.annotations.CompatibleWith not found
[WARNING] Cannot find annotation method 'value()' in type 'com.google.errorprone.annotations.CompatibleWith'
[WARNING] Cannot find annotation method 'value()' in type 'com.google.errorprone.annotations.CompatibleWith'
[WARNING] Cannot find annotation method 'value()' in type 'com.google.errorprone.annotations.CompatibleWith'
[WARNING] Cannot find annotation method 'value()' in type 'com.google.errorprone.annotations.CompatibleWith'
[WARNING] Cannot find annotation method 'value()' in type 'com.google.errorprone.annotations.CompatibleWith'
[WARNING] Cannot find annotation method 'value()' in type 'com.google.errorprone.annotations.CompatibleWith'
[INFO] 
[INFO] --- maven-resources-plugin:2.6:testResources (default-testResources) @ auto-value ---
[INFO] Using 'UTF-8' encoding to copy filtered resources.
[INFO] skip non existing resourceDirectory /home/travis/build/google/auto/value/src/test/resources
[INFO] 
[INFO] --- maven-compiler-plugin:3.1:testCompile (default-testCompile) @ auto-value ---
[INFO] Changes detected - recompiling the module!
[INFO] Compiling 19 source files to /home/travis/build/google/auto/value/target/test-classes
[WARNING] No processor claimed any of these annotations: org.junit.Rule,com.google.auto.value.extension.memoized.Memoized,org.junit.runner.RunWith,com.google.auto.value.AutoValue,org.junit.Test,javax.annotation.processing.SupportedAnnotationTypes,javax.annotation.Nullable,org.junit.Before
[WARNING] No processor claimed any of these annotations: javax.annotation.Generated,javax.annotation.Nullable,com.google.errorprone.annotations.concurrent.LazyInit
[WARNING] /home/travis/build/google/auto/value/src/test/java/com/google/auto/value/extension/memoized/MemoizedMethodSubject.java:[44,13] getSubject() in com.google.common.truth.Subject has been deprecated
[WARNING] /home/travis/build/google/auto/value/src/test/java/com/google/auto/value/extension/memoized/MemoizedTest.java:[110,16] serializable class com.google.auto.value.extension.memoized.MemoizedTest.SomeCheckedException has no definition of serialVersionUID
[WARNING] /home/travis/build/google/auto/value/src/test/java/com/google/auto/value/extension/memoized/MemoizedTest.java:[190,27] hasMessage(java.lang.String) in com.google.common.truth.ThrowableSubject has been deprecated
[INFO] 
[INFO] --- maven-surefire-plugin:2.12.4:test (default-test) @ auto-value ---
[INFO] Surefire report directory: /home/travis/build/google/auto/value/target/surefire-reports

-------------------------------------------------------
 T E S T S
-------------------------------------------------------
Running com.google.auto.value.extension.memoized.MemoizedTest
Tests run: 11, Failures: 0, Errors: 0, Skipped: 0, Time elapsed: 0.074 sec
Running com.google.auto.value.extension.memoized.MemoizedValidationTest
Tests run: 7, Failures: 0, Errors: 0, Skipped: 0, Time elapsed: 0.925 sec
Running com.google.auto.value.processor.JavaScannerTest
Tests run: 1, Failures: 0, Errors: 0, Skipped: 0, Time elapsed: 0.001 sec
Running com.google.auto.value.processor.SimplifyWithAnnotationsTest
SKIPPING TEST BECAUSE OF BUGGY COMPILER
Tests run: 1, Failures: 0, Errors: 0, Skipped: 0, Time elapsed: 0.066 sec
Running com.google.auto.value.processor.TypeSimplifierTest
Tests run: 20, Failures: 0, Errors: 0, Skipped: 0, Time elapsed: 0.386 sec
Running com.google.auto.value.processor.AutoAnnotationErrorsTest
Tests run: 12, Failures: 0, Errors: 0, Skipped: 0, Time elapsed: 0.635 sec
Running com.google.auto.value.processor.ExtensionTest
Tests run: 20, Failures: 0, Errors: 0, Skipped: 0, Time elapsed: 0.618 sec
Running com.google.auto.value.processor.AutoAnnotationCompilationTest
Tests run: 5, Failures: 0, Errors: 0, Skipped: 0, Time elapsed: 0.274 sec
Running com.google.auto.value.processor.GuavaCollectionBuildersTest
Tests run: 1, Failures: 0, Errors: 0, Skipped: 0, Time elapsed: 0.165 sec
Running com.google.auto.value.processor.ReformatterTest
Tests run: 2, Failures: 0, Errors: 0, Skipped: 0, Time elapsed: 0.001 sec
Running com.google.auto.value.processor.escapevelocity.TemplateTest
Tests run: 59, Failures: 0, Errors: 0, Skipped: 0, Time elapsed: 0.292 sec
Running com.google.auto.value.processor.escapevelocity.ReferenceNodeTest
Tests run: 3, Failures: 0, Errors: 0, Skipped: 0, Time elapsed: 0.002 sec
Running com.google.auto.value.processor.GeneratedDoesNotExistTest
Tests run: 1, Failures: 0, Errors: 0, Skipped: 0, Time elapsed: 0.049 sec
Running com.google.auto.value.processor.TemplateVarsTest
Tests run: 8, Failures: 0, Errors: 0, Skipped: 0, Time elapsed: 0.3 sec
Running com.google.auto.value.processor.CompilationTest
Tests run: 73, Failures: 2, Errors: 0, Skipped: 0, Time elapsed: 1.69 sec <<< FAILURE!
builderClassExtendsParameterizedBaseClass(com.google.auto.value.processor.CompilationTest)  Time elapsed: 0.056 sec  <<< FAILURE!
java.lang.AssertionError: Not true that </SOURCE_OUTPUT/foo/bar/AutoValue_ExtendedClass.java> is equivalent to <foo/bar/AutoValue_ExtendedClass.java>.

Diffs:
======

Found 1 nodes that differed in expected and actual trees. 

> Difference in expected tree and actual tree.
  Expected node: Line 18 COMPILATION_UNIT->CLASS(AutoValue_ExtendedClass)->METHOD(toString)->BLOCK(non-static)->RETURN->PLUS->PLUS->STRING_LITERAL(ExtendedClass{value=)->STRING_LITERAL(ExtendedClass{value=)
  Actual node: Line 23 COMPILATION_UNIT->CLASS(AutoValue_ExtendedClass)->METHOD(toString)->BLOCK(non-static)->RETURN->PLUS->PLUS->PLUS->PLUS
  Expected node kind to be <STRING_LITERAL> but was <PLUS>.


Expected Source:
================

package foo.bar;
import javax.annotation.Generated;
@Generated("com.google.auto.value.processor.AutoValueProcessor")
final class AutoValue_ExtendedClass extends ExtendedClass {
    private final Integer value;
    
    private AutoValue_ExtendedClass(Integer value) {
        this.value = value;
    }
    
    @Override()
    public Integer value() {
        return value;
    }
    
    @Override()
    public String toString() {
        return "ExtendedClass{value=" + value + "}";
    }
    
    @Override()
    public boolean equals(Object o) {
        if (o == this) {
            return true;
        }
        if (o instanceof ExtendedClass) {
            ExtendedClass that = (ExtendedClass)o;
            return (this.value.equals(that.value()));
        }
        return false;
    }
    
    @Override()
    public int hashCode() {
        int h = 1;
        h *= 1000003;
        h ^= this.value.hashCode();
        return h;
    }
    
    static final class Builder extends ExtendedClass.Builder {
        private Integer value;
        
        Builder() {
        }
        
        @Override()
        public ExtendedClass.Builder value(Integer value) {
            if (value == null) {
                throw new NullPointerException("Null value");
            }
            this.value = value;
            return this;
        }
        
        @Override()
        public ExtendedClass build() {
            String missing = "";
            if (this.value == null) {
                missing += " value";
            }
            if (!missing.isEmpty()) {
                throw new IllegalStateException("Missing required properties:" + missing);
            }
            return new AutoValue_ExtendedClass(this.value);
        }
    }
}

Actual Source:
==============


package foo.bar;

import javax.annotation.Generated;

@Generated("com.google.auto.value.processor.AutoValueProcessor")
 final class AutoValue_ExtendedClass extends ExtendedClass {

  private final Integer value;

  private AutoValue_ExtendedClass(
      Integer value) {
    this.value = value;
  }

  @Override
  public Integer value() {
    return value;
  }

  @Override
  public String toString() {
    return "ExtendedClass{"
        + "value=" + value
        + "}";
  }

  @Override
  public boolean equals(Object o) {
    if (o == this) {
      return true;
    }
    if (o instanceof ExtendedClass) {
      ExtendedClass that = (ExtendedClass) o;
      return (this.value.equals(that.value()));
    }
    return false;
  }

  @Override
  public int hashCode() {
    int h = 1;
    h *= 1000003;
    h ^= this.value.hashCode();
    return h;
  }

  static final class Builder extends ExtendedClass.Builder {
    private Integer value;
    Builder() {
    }
    @Override
    public ExtendedClass.Builder value(Integer value) {
      if (value == null) {
        throw new NullPointerException("Null value");
      }
      this.value = value;
      return this;
    }
    @Override
    public ExtendedClass build() {
      String missing = "";
      if (this.value == null) {
        missing += " value";
      }
      if (!missing.isEmpty()) {
        throw new IllegalStateException("Missing required properties:" + missing);
      }
      return new AutoValue_ExtendedClass(
          this.value);
    }
  }

}

	at com.google.testing.compile.JavaFileObjectSubject.hasSourceEquivalentTo(JavaFileObjectSubject.java:135)
	at com.google.auto.value.processor.CompilationTest.builderClassExtendsParameterizedBaseClass(CompilationTest.java:2786)
	at sun.reflect.NativeMethodAccessorImpl.invoke0(Native Method)
	at sun.reflect.NativeMethodAccessorImpl.invoke(NativeMethodAccessorImpl.java:62)
	at sun.reflect.DelegatingMethodAccessorImpl.invoke(DelegatingMethodAccessorImpl.java:43)
	at java.lang.reflect.Method.invoke(Method.java:483)
	at org.junit.runners.model.FrameworkMethod$1.runReflectiveCall(FrameworkMethod.java:50)
	at org.junit.internal.runners.model.ReflectiveCallable.run(ReflectiveCallable.java:12)
	at org.junit.runners.model.FrameworkMethod.invokeExplosively(FrameworkMethod.java:47)
	at org.junit.internal.runners.statements.InvokeMethod.evaluate(InvokeMethod.java:17)
	at com.google.common.truth.Expect$1.evaluate(Expect.java:168)
	at org.junit.rules.RunRules.evaluate(RunRules.java:20)
	at org.junit.runners.ParentRunner.runLeaf(ParentRunner.java:325)
	at org.junit.runners.BlockJUnit4ClassRunner.runChild(BlockJUnit4ClassRunner.java:78)
	at org.junit.runners.BlockJUnit4ClassRunner.runChild(BlockJUnit4ClassRunner.java:57)
	at org.junit.runners.ParentRunner$3.run(ParentRunner.java:290)
	at org.junit.runners.ParentRunner$1.schedule(ParentRunner.java:71)
	at org.junit.runners.ParentRunner.runChildren(ParentRunner.java:288)
	at org.junit.runners.ParentRunner.access$000(ParentRunner.java:58)
	at org.junit.runners.ParentRunner$2.evaluate(ParentRunner.java:268)
	at org.junit.runners.ParentRunner.run(ParentRunner.java:363)
	at org.apache.maven.surefire.junit4.JUnit4Provider.execute(JUnit4Provider.java:252)
	at org.apache.maven.surefire.junit4.JUnit4Provider.executeTestSet(JUnit4Provider.java:141)
	at org.apache.maven.surefire.junit4.JUnit4Provider.invoke(JUnit4Provider.java:112)
	at sun.reflect.NativeMethodAccessorImpl.invoke0(Native Method)
	at sun.reflect.NativeMethodAccessorImpl.invoke(NativeMethodAccessorImpl.java:62)
	at sun.reflect.DelegatingMethodAccessorImpl.invoke(DelegatingMethodAccessorImpl.java:43)
	at java.lang.reflect.Method.invoke(Method.java:483)
	at org.apache.maven.surefire.util.ReflectionUtils.invokeMethodWithArray(ReflectionUtils.java:189)
	at org.apache.maven.surefire.booter.ProviderFactory$ProviderProxy.invoke(ProviderFactory.java:165)
	at org.apache.maven.surefire.booter.ProviderFactory.invokeProvider(ProviderFactory.java:85)
	at org.apache.maven.surefire.booter.ForkedBooter.runSuitesInProcess(ForkedBooter.java:115)
	at org.apache.maven.surefire.booter.ForkedBooter.main(ForkedBooter.java:75)

builderClassExtendsParameterizedBaseClassWithBuilder(com.google.auto.value.processor.CompilationTest)  Time elapsed: 0.037 sec  <<< FAILURE!
java.lang.AssertionError: Not true that </SOURCE_OUTPUT/foo/bar/AutoValue_ExtendedClass.java> is equivalent to <foo/bar/AutoValue_ExtendedClass.java>.

Diffs:
======

Found 1 nodes that differed in expected and actual trees. 

> Difference in expected tree and actual tree.
  Expected node: Line 18 COMPILATION_UNIT->CLASS(AutoValue_ExtendedClass)->METHOD(toString)->BLOCK(non-static)->RETURN->PLUS->PLUS->STRING_LITERAL(ExtendedClass{value=)->STRING_LITERAL(ExtendedClass{value=)
  Actual node: Line 23 COMPILATION_UNIT->CLASS(AutoValue_ExtendedClass)->METHOD(toString)->BLOCK(non-static)->RETURN->PLUS->PLUS->PLUS->PLUS
  Expected node kind to be <STRING_LITERAL> but was <PLUS>.


Expected Source:
================

package foo.bar;
import javax.annotation.Generated;
@Generated("com.google.auto.value.processor.AutoValueProcessor")
final class AutoValue_ExtendedClass extends ExtendedClass {
    private final java.lang.Integer value;
    
    private AutoValue_ExtendedClass(java.lang.Integer value) {
        this.value = value;
    }
    
    @Override()
    public java.lang.Integer value() {
        return value;
    }
    
    @Override()
    public String toString() {
        return "ExtendedClass{value=" + value + "}";
    }
    
    @Override()
    public boolean equals(Object o) {
        if (o == this) {
            return true;
        }
        if (o instanceof ExtendedClass) {
            ExtendedClass that = (ExtendedClass)o;
            return (this.value.equals(that.value()));
        }
        return false;
    }
    
    @Override()
    public int hashCode() {
        int h = 1;
        h *= 1000003;
        h ^= this.value.hashCode();
        return h;
    }
    
    static final class Builder extends ExtendedClass.Builder {
        private java.lang.Integer value;
        
        Builder() {
        }
        
        
        @Override()
        public ExtendedClass.Builder value(java.lang.Integer value) {
            if (value == null) {
                throw new NullPointerException("Null value");
            }
            this.value = value;
            return this;
        }
        @Override()
        public java.lang.Integer value() {
          if (value == null) {

            throw new IllegalStateException("Property \"value\" has not been set");
          }
          return value;
        }
        
        @Override()
        public ExtendedClass build() {
            String missing = "";
            if (this.value == null) {
                missing += " value";
            }
            if (!missing.isEmpty()) {
                throw new IllegalStateException("Missing required properties:" + missing);
            }
            return new AutoValue_ExtendedClass(this.value);
        }
    }
}

Actual Source:
==============


package foo.bar;

import javax.annotation.Generated;

@Generated("com.google.auto.value.processor.AutoValueProcessor")
 final class AutoValue_ExtendedClass extends ExtendedClass {

  private final java.lang.Integer value;

  private AutoValue_ExtendedClass(
      java.lang.Integer value) {
    this.value = value;
  }

  @Override
  public java.lang.Integer value() {
    return value;
  }

  @Override
  public String toString() {
    return "ExtendedClass{"
        + "value=" + value
        + "}";
  }

  @Override
  public boolean equals(Object o) {
    if (o == this) {
      return true;
    }
    if (o instanceof ExtendedClass) {
      ExtendedClass that = (ExtendedClass) o;
      return (this.value.equals(that.value()));
    }
    return false;
  }

  @Override
  public int hashCode() {
    int h = 1;
    h *= 1000003;
    h ^= this.value.hashCode();
    return h;
  }

  static final class Builder extends ExtendedClass.Builder {
    private java.lang.Integer value;
    Builder() {
    }
    @Override
    public ExtendedClass.Builder value(java.lang.Integer value) {
      if (value == null) {
        throw new NullPointerException("Null value");
      }
      this.value = value;
      return this;
    }
    @Override
    public java.lang.Integer value() {
      if (value == null) {
        throw new IllegalStateException("Property \"value\" has not been set");
      }
      return value;
    }
    @Override
    public ExtendedClass build() {
      String missing = "";
      if (this.value == null) {
        missing += " value";
      }
      if (!missing.isEmpty()) {
        throw new IllegalStateException("Missing required properties:" + missing);
      }
      return new AutoValue_ExtendedClass(
          this.value);
    }
  }

}

	at com.google.testing.compile.JavaFileObjectSubject.hasSourceEquivalentTo(JavaFileObjectSubject.java:135)
	at com.google.auto.value.processor.CompilationTest.builderClassExtendsParameterizedBaseClassWithBuilder(CompilationTest.java:2903)
	at sun.reflect.NativeMethodAccessorImpl.invoke0(Native Method)
	at sun.reflect.NativeMethodAccessorImpl.invoke(NativeMethodAccessorImpl.java:62)
	at sun.reflect.DelegatingMethodAccessorImpl.invoke(DelegatingMethodAccessorImpl.java:43)
	at java.lang.reflect.Method.invoke(Method.java:483)
	at org.junit.runners.model.FrameworkMethod$1.runReflectiveCall(FrameworkMethod.java:50)
	at org.junit.internal.runners.model.ReflectiveCallable.run(ReflectiveCallable.java:12)
	at org.junit.runners.model.FrameworkMethod.invokeExplosively(FrameworkMethod.java:47)
	at org.junit.internal.runners.statements.InvokeMethod.evaluate(InvokeMethod.java:17)
	at com.google.common.truth.Expect$1.evaluate(Expect.java:168)
	at org.junit.rules.RunRules.evaluate(RunRules.java:20)
	at org.junit.runners.ParentRunner.runLeaf(ParentRunner.java:325)
	at org.junit.runners.BlockJUnit4ClassRunner.runChild(BlockJUnit4ClassRunner.java:78)
	at org.junit.runners.BlockJUnit4ClassRunner.runChild(BlockJUnit4ClassRunner.java:57)
	at org.junit.runners.ParentRunner$3.run(ParentRunner.java:290)
	at org.junit.runners.ParentRunner$1.schedule(ParentRunner.java:71)
	at org.junit.runners.ParentRunner.runChildren(ParentRunner.java:288)
	at org.junit.runners.ParentRunner.access$000(ParentRunner.java:58)
	at org.junit.runners.ParentRunner$2.evaluate(ParentRunner.java:268)
	at org.junit.runners.ParentRunner.run(ParentRunner.java:363)
	at org.apache.maven.surefire.junit4.JUnit4Provider.execute(JUnit4Provider.java:252)
	at org.apache.maven.surefire.junit4.JUnit4Provider.executeTestSet(JUnit4Provider.java:141)
	at org.apache.maven.surefire.junit4.JUnit4Provider.invoke(JUnit4Provider.java:112)
	at sun.reflect.NativeMethodAccessorImpl.invoke0(Native Method)
	at sun.reflect.NativeMethodAccessorImpl.invoke(NativeMethodAccessorImpl.java:62)
	at sun.reflect.DelegatingMethodAccessorImpl.invoke(DelegatingMethodAccessorImpl.java:43)
	at java.lang.reflect.Method.invoke(Method.java:483)
	at org.apache.maven.surefire.util.ReflectionUtils.invokeMethodWithArray(ReflectionUtils.java:189)
	at org.apache.maven.surefire.booter.ProviderFactory$ProviderProxy.invoke(ProviderFactory.java:165)
	at org.apache.maven.surefire.booter.ProviderFactory.invokeProvider(ProviderFactory.java:85)
	at org.apache.maven.surefire.booter.ForkedBooter.runSuitesInProcess(ForkedBooter.java:115)
	at org.apache.maven.surefire.booter.ForkedBooter.main(ForkedBooter.java:75)

Running com.google.auto.value.processor.PropertyAnnotationsTest
Tests run: 21, Failures: 0, Errors: 0, Skipped: 0, Time elapsed: 0.682 sec

Results :

Failed tests:   builderClassExtendsParameterizedBaseClass(com.google.auto.value.processor.CompilationTest): Not true that </SOURCE_OUTPUT/foo/bar/AutoValue_ExtendedClass.java> is equivalent to <foo/bar/AutoValue_ExtendedClass.java>.(..)
  builderClassExtendsParameterizedBaseClassWithBuilder(com.google.auto.value.processor.CompilationTest): Not true that </SOURCE_OUTPUT/foo/bar/AutoValue_ExtendedClass.java> is equivalent to <foo/bar/AutoValue_ExtendedClass.java>.(..)

Tests run: 245, Failures: 2, Errors: 0, Skipped: 0

[INFO]                                                                         
[INFO] ------------------------------------------------------------------------
[INFO] Building build-only NO_VERSION
[INFO] ------------------------------------------------------------------------
[INFO] ------------------------------------------------------------------------
[INFO] Reactor Summary:
[INFO] 
[INFO] Auto (Parent) ...................................... SUCCESS [  0.234 s]
[INFO] Auto Common Libraries .............................. SUCCESS [  8.054 s]
[INFO] AutoFactory ........................................ SUCCESS [ 14.431 s]
[INFO] AutoService ........................................ SUCCESS [  0.857 s]
[INFO] AutoValue .......................................... FAILURE [  9.374 s]
[INFO] build-only ......................................... SUCCESS [  0.000 s]
[INFO] ------------------------------------------------------------------------
[INFO] BUILD FAILURE
[INFO] ------------------------------------------------------------------------
[INFO] Total time: 33.136 s
[INFO] Finished at: 2017-08-21T22:21:04+00:00
[INFO] Final Memory: 31M/486M
[INFO] ------------------------------------------------------------------------
[ERROR] Failed to execute goal org.apache.maven.plugins:maven-surefire-plugin:2.12.4:test (default-test) on project auto-value: There are test failures.
[ERROR] 
[ERROR] Please refer to /home/travis/build/google/auto/value/target/surefire-reports for the individual test results.
[ERROR] -> [Help 1]
[ERROR] 
[ERROR] To see the full stack trace of the errors, re-run Maven with the -e switch.
[ERROR] Re-run Maven using the -X switch to enable full debug logging.
[ERROR] 
[ERROR] For more information about the errors and possible solutions, please read the following articles:
[ERROR] [Help 1] http://cwiki.apache.org/confluence/display/MAVEN/MojoFailureException
[ERROR] 
[ERROR] After correcting the problems, you can resume the build with the command
[ERROR]   mvn <goals> -rf :auto-value

travis_time:end:216ddbaf:start=1503354030320403519,finish=1503354064839268755,duration=34518865236[0K
[31;1mThe command "mvn -B -U -f build-pom.xml verify --fail-at-end -Dsource.skip=true -Dmaven.javadoc.skip=true" exited with 1.[0m

Done. Your build exited with 1.
