travis_fold:start:worker_info[0K[33;1mWorker information[0m
hostname: i-0be3b50-precise-production-2-worker-org-docker.travisci.net:a00c235c-f805-494a-b7e8-0b9e333c8570
version: v2.5.0 https://github.com/travis-ci/worker/tree/da3a43228dffc0fcca5a46569ca786b22991979f
instance: 7643019:travis:java
startup: 445.98044ms
travis_fold:end:worker_info[0Ktravis_fold:start:system_info[0K[33;1mBuild system information[0m
Build language: java
Build group: stable
Build dist: precise
Build id: 208883307
Job id: 208883308
travis-build version: 9f712ea80
[34m[1mBuild image provisioning date and time[0m
Thu Feb  5 15:09:33 UTC 2015
[34m[1mOperating System Details[0m
Distributor ID:	Ubuntu
Description:	Ubuntu 12.04.5 LTS
Release:	12.04
Codename:	precise
[34m[1mLinux Version[0m
3.13.0-29-generic
[34m[1mCookbooks Version[0m
a68419e https://github.com/travis-ci/travis-cookbooks/tree/a68419e
[34m[1mGCC version[0m
gcc (Ubuntu/Linaro 4.6.3-1ubuntu5) 4.6.3
Copyright (C) 2011 Free Software Foundation, Inc.
This is free software; see the source for copying conditions.  There is NO
warranty; not even for MERCHANTABILITY or FITNESS FOR A PARTICULAR PURPOSE.

[34m[1mLLVM version[0m
clang version 3.4 (tags/RELEASE_34/final)
Target: x86_64-unknown-linux-gnu
Thread model: posix
[34m[1mPre-installed Ruby versions[0m
ruby-1.9.3-p551
[34m[1mPre-installed Node.js versions[0m
v0.10.36
[34m[1mPre-installed Go versions[0m
1.4.1
[34m[1mRedis version[0m
redis-server 2.8.19
[34m[1mriak version[0m
2.0.2
[34m[1mMongoDB version[0m
MongoDB 2.4.12
[34m[1mCouchDB version[0m
couchdb 1.6.1
[34m[1mNeo4j version[0m
1.9.4
[34m[1mRabbitMQ Version[0m
3.4.3
[34m[1mElasticSearch version[0m
1.4.0
[34m[1mInstalled Sphinx versions[0m
2.0.10
2.1.9
2.2.6
[34m[1mDefault Sphinx version[0m
2.2.6
[34m[1mInstalled Firefox version[0m
firefox 31.0esr
[34m[1mPhantomJS version[0m
1.9.8
[34m[1mant -version[0m
Apache Ant(TM) version 1.8.2 compiled on December 3 2011
[34m[1mmvn -version[0m
Apache Maven 3.2.5 (12a6b3acb947671f09b81f49094c53f426d8cea1; 2014-12-14T17:29:23+00:00)
Maven home: /usr/local/maven
Java version: 1.7.0_76, vendor: Oracle Corporation
Java home: /usr/lib/jvm/java-7-oracle/jre
Default locale: en_US, platform encoding: ANSI_X3.4-1968
OS name: "linux", version: "3.13.0-29-generic", arch: "amd64", family: "unix"
travis_fold:end:system_info[0K
travis_fold:start:fix.CVE-2015-7547[0K$ export DEBIAN_FRONTEND=noninteractive
Reading package lists...
Building dependency tree...
Reading state information...
The following extra packages will be installed:
  libc-bin libc-dev-bin libc6-dev
Suggested packages:
  glibc-doc
The following packages will be upgraded:
  libc-bin libc-dev-bin libc6 libc6-dev
4 upgraded, 0 newly installed, 0 to remove and 271 not upgraded.
Need to get 8,840 kB of archives.
After this operation, 14.3 kB disk space will be freed.
Get:1 http://us.archive.ubuntu.com/ubuntu/ precise-updates/main libc6-dev amd64 2.15-0ubuntu10.15 [2,943 kB]
Get:2 http://us.archive.ubuntu.com/ubuntu/ precise-updates/main libc-dev-bin amd64 2.15-0ubuntu10.15 [84.7 kB]
Get:3 http://us.archive.ubuntu.com/ubuntu/ precise-updates/main libc-bin amd64 2.15-0ubuntu10.15 [1,177 kB]
Get:4 http://us.archive.ubuntu.com/ubuntu/ precise-updates/main libc6 amd64 2.15-0ubuntu10.15 [4,636 kB]
Fetched 8,840 kB in 0s (34.8 MB/s)
Preconfiguring packages ...
(Reading database ... (Reading database ... 5%(Reading database ... 10%(Reading database ... 15%(Reading database ... 20%(Reading database ... 25%(Reading database ... 30%(Reading database ... 35%(Reading database ... 40%(Reading database ... 45%(Reading database ... 50%(Reading database ... 55%(Reading database ... 60%(Reading database ... 65%(Reading database ... 70%(Reading database ... 75%(Reading database ... 80%(Reading database ... 85%(Reading database ... 90%(Reading database ... 95%(Reading database ... 100%(Reading database ... 72019 files and directories currently installed.)
Preparing to replace libc6-dev 2.15-0ubuntu10.10 (using .../libc6-dev_2.15-0ubuntu10.15_amd64.deb) ...
Unpacking replacement libc6-dev ...
Preparing to replace libc-dev-bin 2.15-0ubuntu10.10 (using .../libc-dev-bin_2.15-0ubuntu10.15_amd64.deb) ...
Unpacking replacement libc-dev-bin ...
Preparing to replace libc-bin 2.15-0ubuntu10.10 (using .../libc-bin_2.15-0ubuntu10.15_amd64.deb) ...
Unpacking replacement libc-bin ...
Processing triggers for man-db ...
Setting up libc-bin (2.15-0ubuntu10.15) ...
(Reading database ... (Reading database ... 5%(Reading database ... 10%(Reading database ... 15%(Reading database ... 20%(Reading database ... 25%(Reading database ... 30%(Reading database ... 35%(Reading database ... 40%(Reading database ... 45%(Reading database ... 50%(Reading database ... 55%(Reading database ... 60%(Reading database ... 65%(Reading database ... 70%(Reading database ... 75%(Reading database ... 80%(Reading database ... 85%(Reading database ... 90%(Reading database ... 95%(Reading database ... 100%(Reading database ... 72018 files and directories currently installed.)
Preparing to replace libc6 2.15-0ubuntu10.10 (using .../libc6_2.15-0ubuntu10.15_amd64.deb) ...
Unpacking replacement libc6 ...
Setting up libc6 (2.15-0ubuntu10.15) ...
Setting up libc-dev-bin (2.15-0ubuntu10.15) ...
Setting up libc6-dev (2.15-0ubuntu10.15) ...
Processing triggers for libc-bin ...
ldconfig deferred processing now taking place
travis_fold:end:fix.CVE-2015-7547[0K$ jdk_switcher use oraclejdk8
Switching to Oracle JDK8 (java-8-oracle), JAVA_HOME will be set to /usr/lib/jvm/java-8-oracle
travis_fold:start:git.checkout[0Ktravis_time:start:02be6261[0K$ git clone --depth=50 https://github.com/SonarSource/sonar-php.git SonarSource/sonar-php
Cloning into 'SonarSource/sonar-php'...
remote: Counting objects: 3836, done.[K
remote: Compressing objects:   0% (1/1525)   [Kremote: Compressing objects:   1% (16/1525)   [Kremote: Compressing objects:   2% (31/1525)   [Kremote: Compressing objects:   3% (46/1525)   [Kremote: Compressing objects:   4% (61/1525)   [Kremote: Compressing objects:   5% (77/1525)   [Kremote: Compressing objects:   6% (92/1525)   [Kremote: Compressing objects:   7% (107/1525)   [Kremote: Compressing objects:   8% (122/1525)   [Kremote: Compressing objects:   9% (138/1525)   [Kremote: Compressing objects:  10% (153/1525)   [Kremote: Compressing objects:  11% (168/1525)   [Kremote: Compressing objects:  12% (183/1525)   [Kremote: Compressing objects:  13% (199/1525)   [Kremote: Compressing objects:  14% (214/1525)   [Kremote: Compressing objects:  15% (229/1525)   [Kremote: Compressing objects:  16% (244/1525)   [Kremote: Compressing objects:  17% (260/1525)   [Kremote: Compressing objects:  18% (275/1525)   [Kremote: Compressing objects:  19% (290/1525)   [Kremote: Compressing objects:  20% (305/1525)   [Kremote: Compressing objects:  21% (321/1525)   [Kremote: Compressing objects:  22% (336/1525)   [Kremote: Compressing objects:  23% (351/1525)   [Kremote: Compressing objects:  24% (366/1525)   [Kremote: Compressing objects:  25% (382/1525)   [Kremote: Compressing objects:  26% (397/1525)   [Kremote: Compressing objects:  27% (412/1525)   [Kremote: Compressing objects:  28% (427/1525)   [Kremote: Compressing objects:  29% (443/1525)   [Kremote: Compressing objects:  30% (458/1525)   [Kremote: Compressing objects:  31% (473/1525)   [Kremote: Compressing objects:  32% (488/1525)   [Kremote: Compressing objects:  33% (504/1525)   [Kremote: Compressing objects:  34% (519/1525)   [Kremote: Compressing objects:  35% (534/1525)   [Kremote: Compressing objects:  36% (549/1525)   [Kremote: Compressing objects:  37% (565/1525)   [Kremote: Compressing objects:  38% (580/1525)   [Kremote: Compressing objects:  39% (595/1525)   [Kremote: Compressing objects:  40% (610/1525)   [Kremote: Compressing objects:  41% (626/1525)   [Kremote: Compressing objects:  42% (641/1525)   [Kremote: Compressing objects:  43% (656/1525)   [Kremote: Compressing objects:  44% (671/1525)   [Kremote: Compressing objects:  45% (687/1525)   [Kremote: Compressing objects:  46% (702/1525)   [Kremote: Compressing objects:  47% (717/1525)   [Kremote: Compressing objects:  48% (732/1525)   [Kremote: Compressing objects:  49% (748/1525)   [Kremote: Compressing objects:  50% (763/1525)   [Kremote: Compressing objects:  51% (778/1525)   [Kremote: Compressing objects:  52% (793/1525)   [Kremote: Compressing objects:  53% (809/1525)   [Kremote: Compressing objects:  54% (824/1525)   [Kremote: Compressing objects:  55% (839/1525)   [Kremote: Compressing objects:  56% (854/1525)   [Kremote: Compressing objects:  57% (870/1525)   [Kremote: Compressing objects:  58% (885/1525)   [Kremote: Compressing objects:  59% (900/1525)   [Kremote: Compressing objects:  60% (915/1525)   [Kremote: Compressing objects:  61% (931/1525)   [Kremote: Compressing objects:  62% (946/1525)   [Kremote: Compressing objects:  63% (961/1525)   [Kremote: Compressing objects:  64% (976/1525)   [Kremote: Compressing objects:  65% (992/1525)   [Kremote: Compressing objects:  66% (1007/1525)   [Kremote: Compressing objects:  67% (1022/1525)   [Kremote: Compressing objects:  68% (1037/1525)   [Kremote: Compressing objects:  69% (1053/1525)   [Kremote: Compressing objects:  70% (1068/1525)   [Kremote: Compressing objects:  71% (1083/1525)   [Kremote: Compressing objects:  72% (1098/1525)   [Kremote: Compressing objects:  73% (1114/1525)   [Kremote: Compressing objects:  74% (1129/1525)   [Kremote: Compressing objects:  75% (1144/1525)   [Kremote: Compressing objects:  76% (1159/1525)   [Kremote: Compressing objects:  77% (1175/1525)   [Kremote: Compressing objects:  78% (1190/1525)   [Kremote: Compressing objects:  79% (1205/1525)   [Kremote: Compressing objects:  80% (1220/1525)   [Kremote: Compressing objects:  81% (1236/1525)   [Kremote: Compressing objects:  82% (1251/1525)   [Kremote: Compressing objects:  83% (1266/1525)   [Kremote: Compressing objects:  84% (1281/1525)   [Kremote: Compressing objects:  85% (1297/1525)   [Kremote: Compressing objects:  86% (1312/1525)   [Kremote: Compressing objects:  87% (1327/1525)   [Kremote: Compressing objects:  88% (1342/1525)   [Kremote: Compressing objects:  89% (1358/1525)   [Kremote: Compressing objects:  90% (1373/1525)   [Kremote: Compressing objects:  91% (1388/1525)   [Kremote: Compressing objects:  92% (1403/1525)   [Kremote: Compressing objects:  93% (1419/1525)   [Kremote: Compressing objects:  94% (1434/1525)   [Kremote: Compressing objects:  95% (1449/1525)   [Kremote: Compressing objects:  96% (1464/1525)   [Kremote: Compressing objects:  97% (1480/1525)   [Kremote: Compressing objects:  98% (1495/1525)   [Kremote: Compressing objects:  99% (1510/1525)   [Kremote: Compressing objects: 100% (1525/1525)   [Kremote: Compressing objects: 100% (1525/1525), done.[K
Receiving objects:   0% (1/3836)   Receiving objects:   1% (39/3836)   Receiving objects:   2% (77/3836)   Receiving objects:   3% (116/3836)   Receiving objects:   4% (154/3836)   Receiving objects:   5% (192/3836)   Receiving objects:   6% (231/3836)   Receiving objects:   7% (269/3836)   Receiving objects:   8% (307/3836)   Receiving objects:   9% (346/3836)   Receiving objects:  10% (384/3836)   Receiving objects:  11% (422/3836)   Receiving objects:  12% (461/3836)   Receiving objects:  13% (499/3836)   Receiving objects:  14% (538/3836)   Receiving objects:  15% (576/3836)   Receiving objects:  16% (614/3836)   Receiving objects:  17% (653/3836)   Receiving objects:  18% (691/3836)   Receiving objects:  19% (729/3836)   Receiving objects:  20% (768/3836)   Receiving objects:  21% (806/3836)   Receiving objects:  22% (844/3836)   Receiving objects:  23% (883/3836)   Receiving objects:  24% (921/3836)   Receiving objects:  25% (959/3836)   Receiving objects:  26% (998/3836)   Receiving objects:  27% (1036/3836)   Receiving objects:  28% (1075/3836)   Receiving objects:  29% (1113/3836)   Receiving objects:  30% (1151/3836)   Receiving objects:  31% (1190/3836)   Receiving objects:  32% (1228/3836)   Receiving objects:  33% (1266/3836)   Receiving objects:  34% (1305/3836)   Receiving objects:  35% (1343/3836)   Receiving objects:  36% (1381/3836)   Receiving objects:  37% (1420/3836)   Receiving objects:  38% (1458/3836)   Receiving objects:  39% (1497/3836)   Receiving objects:  40% (1535/3836)   Receiving objects:  41% (1573/3836)   Receiving objects:  42% (1612/3836)   Receiving objects:  43% (1650/3836)   Receiving objects:  44% (1688/3836)   Receiving objects:  45% (1727/3836)   Receiving objects:  46% (1765/3836)   Receiving objects:  47% (1803/3836)   Receiving objects:  48% (1842/3836)   Receiving objects:  49% (1880/3836)   Receiving objects:  50% (1918/3836)   Receiving objects:  51% (1957/3836)   Receiving objects:  52% (1995/3836)   Receiving objects:  53% (2034/3836)   Receiving objects:  54% (2072/3836)   Receiving objects:  55% (2110/3836)   Receiving objects:  56% (2149/3836)   Receiving objects:  57% (2187/3836)   Receiving objects:  58% (2225/3836)   Receiving objects:  59% (2264/3836)   Receiving objects:  60% (2302/3836)   Receiving objects:  61% (2340/3836)   Receiving objects:  62% (2379/3836)   Receiving objects:  63% (2417/3836)   Receiving objects:  64% (2456/3836)   Receiving objects:  65% (2494/3836)   Receiving objects:  66% (2532/3836)   Receiving objects:  67% (2571/3836)   Receiving objects:  68% (2609/3836)   Receiving objects:  69% (2647/3836)   Receiving objects:  70% (2686/3836)   Receiving objects:  71% (2724/3836)   Receiving objects:  72% (2762/3836)   Receiving objects:  73% (2801/3836)   Receiving objects:  74% (2839/3836)   Receiving objects:  75% (2877/3836)   Receiving objects:  76% (2916/3836)   Receiving objects:  77% (2954/3836)   Receiving objects:  78% (2993/3836)   Receiving objects:  79% (3031/3836)   Receiving objects:  80% (3069/3836)   Receiving objects:  81% (3108/3836)   Receiving objects:  82% (3146/3836)   Receiving objects:  83% (3184/3836)   Receiving objects:  84% (3223/3836)   Receiving objects:  85% (3261/3836)   Receiving objects:  86% (3299/3836)   Receiving objects:  87% (3338/3836)   Receiving objects:  88% (3376/3836)   Receiving objects:  89% (3415/3836)   Receiving objects:  90% (3453/3836)   Receiving objects:  91% (3491/3836)   Receiving objects:  92% (3530/3836)   Receiving objects:  93% (3568/3836)   Receiving objects:  94% (3606/3836)   Receiving objects:  95% (3645/3836)   Receiving objects:  96% (3683/3836)   Receiving objects:  97% (3721/3836)   remote: Total 3836 (delta 2146), reused 3114 (delta 1784), pack-reused 0[K
Receiving objects:  98% (3760/3836)   Receiving objects:  99% (3798/3836)   Receiving objects: 100% (3836/3836)   Receiving objects: 100% (3836/3836), 1.17 MiB | 0 bytes/s, done.
Resolving deltas:   0% (0/2146)   Resolving deltas:   1% (22/2146)   Resolving deltas:   2% (46/2146)   Resolving deltas:   3% (67/2146)   Resolving deltas:   4% (86/2146)   Resolving deltas:   5% (108/2146)   Resolving deltas:   6% (129/2146)   Resolving deltas:   7% (153/2146)   Resolving deltas:   8% (172/2146)   Resolving deltas:   9% (194/2146)   Resolving deltas:  10% (216/2146)   Resolving deltas:  11% (237/2146)   Resolving deltas:  12% (265/2146)   Resolving deltas:  16% (356/2146)   Resolving deltas:  17% (365/2146)   Resolving deltas:  18% (388/2146)   Resolving deltas:  19% (411/2146)   Resolving deltas:  20% (436/2146)   Resolving deltas:  21% (469/2146)   Resolving deltas:  22% (477/2146)   Resolving deltas:  23% (497/2146)   Resolving deltas:  24% (518/2146)   Resolving deltas:  25% (548/2146)   Resolving deltas:  26% (572/2146)   Resolving deltas:  28% (603/2146)   Resolving deltas:  29% (634/2146)   Resolving deltas:  30% (646/2146)   Resolving deltas:  31% (669/2146)   Resolving deltas:  32% (691/2146)   Resolving deltas:  33% (710/2146)   Resolving deltas:  34% (733/2146)   Resolving deltas:  35% (755/2146)   Resolving deltas:  36% (773/2146)   Resolving deltas:  37% (795/2146)   Resolving deltas:  38% (816/2146)   Resolving deltas:  39% (839/2146)   Resolving deltas:  40% (866/2146)   Resolving deltas:  41% (894/2146)   Resolving deltas:  42% (905/2146)   Resolving deltas:  43% (927/2146)   Resolving deltas:  44% (960/2146)   Resolving deltas:  45% (978/2146)   Resolving deltas:  46% (1004/2146)   Resolving deltas:  47% (1012/2146)   Resolving deltas:  48% (1032/2146)   Resolving deltas:  51% (1096/2146)   Resolving deltas:  58% (1266/2146)   Resolving deltas:  59% (1281/2146)   Resolving deltas:  60% (1290/2146)   Resolving deltas:  61% (1314/2146)   Resolving deltas:  62% (1336/2146)   Resolving deltas:  63% (1358/2146)   Resolving deltas:  64% (1376/2146)   Resolving deltas:  65% (1395/2146)   Resolving deltas:  69% (1497/2146)   Resolving deltas:  70% (1506/2146)   Resolving deltas:  71% (1524/2146)   Resolving deltas:  72% (1548/2146)   Resolving deltas:  73% (1568/2146)   Resolving deltas:  74% (1590/2146)   Resolving deltas:  75% (1621/2146)   Resolving deltas:  79% (1696/2146)   Resolving deltas:  80% (1718/2146)   Resolving deltas:  82% (1767/2146)   Resolving deltas:  85% (1838/2146)   Resolving deltas:  87% (1875/2146)   Resolving deltas:  88% (1901/2146)   Resolving deltas:  89% (1911/2146)   Resolving deltas:  90% (1932/2146)   Resolving deltas:  91% (1963/2146)   Resolving deltas:  92% (1976/2146)   Resolving deltas:  93% (1998/2146)   Resolving deltas:  94% (2021/2146)   Resolving deltas:  95% (2042/2146)   Resolving deltas:  96% (2065/2146)   Resolving deltas:  97% (2087/2146)   Resolving deltas:  98% (2105/2146)   Resolving deltas:  99% (2128/2146)   Resolving deltas: 100% (2146/2146)   Resolving deltas: 100% (2146/2146), done.
Checking connectivity... done.

travis_time:end:02be6261:start=1488961928060181561,finish=1488961928790520129,duration=730338568[0K$ cd SonarSource/sonar-php
travis_time:start:01f2847a[0K$ git fetch origin +refs/pull/188/merge:
remote: Counting objects: 87, done.[K
remote: Compressing objects:   2% (1/38)   [Kremote: Compressing objects:   5% (2/38)   [Kremote: Compressing objects:   7% (3/38)   [Kremote: Compressing objects:  10% (4/38)   [Kremote: Compressing objects:  13% (5/38)   [Kremote: Compressing objects:  15% (6/38)   [Kremote: Compressing objects:  18% (7/38)   [Kremote: Compressing objects:  21% (8/38)   [Kremote: Compressing objects:  23% (9/38)   [Kremote: Compressing objects:  26% (10/38)   [Kremote: Compressing objects:  28% (11/38)   [Kremote: Compressing objects:  31% (12/38)   [Kremote: Compressing objects:  34% (13/38)   [Kremote: Compressing objects:  36% (14/38)   [Kremote: Compressing objects:  39% (15/38)   [Kremote: Compressing objects:  42% (16/38)   [Kremote: Compressing objects:  44% (17/38)   [Kremote: Compressing objects:  47% (18/38)   [Kremote: Compressing objects:  50% (19/38)   [Kremote: Compressing objects:  52% (20/38)   [Kremote: Compressing objects:  55% (21/38)   [Kremote: Compressing objects:  57% (22/38)   [Kremote: Compressing objects:  60% (23/38)   [Kremote: Compressing objects:  63% (24/38)   [Kremote: Compressing objects:  65% (25/38)   [Kremote: Compressing objects:  68% (26/38)   [Kremote: Compressing objects:  71% (27/38)   [Kremote: Compressing objects:  73% (28/38)   [Kremote: Compressing objects:  76% (29/38)   [Kremote: Compressing objects:  78% (30/38)   [Kremote: Compressing objects:  81% (31/38)   [Kremote: Compressing objects:  84% (32/38)   [Kremote: Compressing objects:  86% (33/38)   [Kremote: Compressing objects:  89% (34/38)   [Kremote: Compressing objects:  92% (35/38)   [Kremote: Compressing objects:  94% (36/38)   [Kremote: Compressing objects:  97% (37/38)   [Kremote: Compressing objects: 100% (38/38)   [Kremote: Compressing objects: 100% (38/38), done.[K
remote: Total 87 (delta 26), reused 77 (delta 18), pack-reused 0[K
Unpacking objects:   1% (1/87)   Unpacking objects:   2% (2/87)   Unpacking objects:   3% (3/87)   Unpacking objects:   4% (4/87)   Unpacking objects:   5% (5/87)   Unpacking objects:   6% (6/87)   Unpacking objects:   8% (7/87)   Unpacking objects:   9% (8/87)   Unpacking objects:  10% (9/87)   Unpacking objects:  11% (10/87)   Unpacking objects:  12% (11/87)   Unpacking objects:  13% (12/87)   Unpacking objects:  14% (13/87)   Unpacking objects:  16% (14/87)   Unpacking objects:  17% (15/87)   Unpacking objects:  18% (16/87)   Unpacking objects:  19% (17/87)   Unpacking objects:  20% (18/87)   Unpacking objects:  21% (19/87)   Unpacking objects:  22% (20/87)   Unpacking objects:  24% (21/87)   Unpacking objects:  25% (22/87)   Unpacking objects:  26% (23/87)   Unpacking objects:  27% (24/87)   Unpacking objects:  28% (25/87)   Unpacking objects:  29% (26/87)   Unpacking objects:  31% (27/87)   Unpacking objects:  32% (28/87)   Unpacking objects:  33% (29/87)   Unpacking objects:  34% (30/87)   Unpacking objects:  35% (31/87)   Unpacking objects:  36% (32/87)   Unpacking objects:  37% (33/87)   Unpacking objects:  39% (34/87)   Unpacking objects:  40% (35/87)   Unpacking objects:  41% (36/87)   Unpacking objects:  42% (37/87)   Unpacking objects:  43% (38/87)   Unpacking objects:  44% (39/87)   Unpacking objects:  45% (40/87)   Unpacking objects:  47% (41/87)   Unpacking objects:  48% (42/87)   Unpacking objects:  49% (43/87)   Unpacking objects:  50% (44/87)   Unpacking objects:  51% (45/87)   Unpacking objects:  52% (46/87)   Unpacking objects:  54% (47/87)   Unpacking objects:  55% (48/87)   Unpacking objects:  56% (49/87)   Unpacking objects:  57% (50/87)   Unpacking objects:  58% (51/87)   Unpacking objects:  59% (52/87)   Unpacking objects:  60% (53/87)   Unpacking objects:  62% (54/87)   Unpacking objects:  63% (55/87)   Unpacking objects:  64% (56/87)   Unpacking objects:  65% (57/87)   Unpacking objects:  66% (58/87)   Unpacking objects:  67% (59/87)   Unpacking objects:  68% (60/87)   Unpacking objects:  70% (61/87)   Unpacking objects:  71% (62/87)   Unpacking objects:  72% (63/87)   Unpacking objects:  73% (64/87)   Unpacking objects:  74% (65/87)   Unpacking objects:  75% (66/87)   Unpacking objects:  77% (67/87)   Unpacking objects:  78% (68/87)   Unpacking objects:  79% (69/87)   Unpacking objects:  80% (70/87)   Unpacking objects:  81% (71/87)   Unpacking objects:  82% (72/87)   Unpacking objects:  83% (73/87)   Unpacking objects:  85% (74/87)   Unpacking objects:  86% (75/87)   Unpacking objects:  87% (76/87)   Unpacking objects:  88% (77/87)   Unpacking objects:  89% (78/87)   Unpacking objects:  90% (79/87)   Unpacking objects:  91% (80/87)   Unpacking objects:  93% (81/87)   Unpacking objects:  94% (82/87)   Unpacking objects:  95% (83/87)   Unpacking objects:  96% (84/87)   Unpacking objects:  97% (85/87)   Unpacking objects:  98% (86/87)   Unpacking objects: 100% (87/87)   Unpacking objects: 100% (87/87), done.
From https://github.com/SonarSource/sonar-php
 * branch            refs/pull/188/merge -> FETCH_HEAD

travis_time:end:01f2847a:start=1488961928796727086,finish=1488961929139522071,duration=342794985[0K$ git checkout -qf FETCH_HEAD
travis_fold:end:git.checkout[0Ktravis_fold:start:git.submodule[0Ktravis_time:start:09b8e4e9[0K$ git submodule update --init --recursive
Submodule 'its/sources' (https://github.com/SonarCommunity/php-test-sources.git) registered for path 'its/sources'
Cloning into 'its/sources'...
remote: Counting objects: 4359, done.[K
Receiving objects:   0% (1/4359)   Receiving objects:   1% (44/4359)   Receiving objects:   2% (88/4359)   Receiving objects:   3% (131/4359)   Receiving objects:   4% (175/4359)   Receiving objects:   5% (218/4359)   Receiving objects:   6% (262/4359)   Receiving objects:   7% (306/4359)   Receiving objects:   8% (349/4359)   Receiving objects:   9% (393/4359)   Receiving objects:  10% (436/4359)   Receiving objects:  11% (480/4359)   Receiving objects:  12% (524/4359)   Receiving objects:  13% (567/4359)   Receiving objects:  14% (611/4359)   Receiving objects:  15% (654/4359)   Receiving objects:  16% (698/4359)   Receiving objects:  17% (742/4359)   Receiving objects:  18% (785/4359)   Receiving objects:  19% (829/4359)   Receiving objects:  20% (872/4359)   Receiving objects:  21% (916/4359)   Receiving objects:  22% (959/4359)   Receiving objects:  23% (1003/4359)   Receiving objects:  24% (1047/4359)   Receiving objects:  25% (1090/4359)   Receiving objects:  26% (1134/4359)   Receiving objects:  27% (1177/4359)   Receiving objects:  28% (1221/4359)   Receiving objects:  29% (1265/4359)   Receiving objects:  30% (1308/4359)   Receiving objects:  31% (1352/4359)   Receiving objects:  32% (1395/4359)   Receiving objects:  33% (1439/4359)   Receiving objects:  34% (1483/4359)   Receiving objects:  35% (1526/4359)   Receiving objects:  36% (1570/4359)   Receiving objects:  37% (1613/4359)   Receiving objects:  38% (1657/4359)   Receiving objects:  39% (1701/4359)   Receiving objects:  40% (1744/4359)   Receiving objects:  41% (1788/4359)   Receiving objects:  42% (1831/4359)   Receiving objects:  43% (1875/4359)   Receiving objects:  44% (1918/4359)   Receiving objects:  45% (1962/4359)   Receiving objects:  46% (2006/4359)   Receiving objects:  47% (2049/4359)   Receiving objects:  48% (2093/4359)   Receiving objects:  49% (2136/4359)   Receiving objects:  50% (2180/4359)   Receiving objects:  51% (2224/4359)   Receiving objects:  52% (2267/4359)   Receiving objects:  53% (2311/4359)   Receiving objects:  54% (2354/4359)   Receiving objects:  55% (2398/4359)   Receiving objects:  56% (2442/4359)   Receiving objects:  57% (2485/4359)   Receiving objects:  58% (2529/4359)   Receiving objects:  59% (2572/4359)   Receiving objects:  60% (2616/4359)   Receiving objects:  61% (2659/4359)   Receiving objects:  62% (2703/4359)   Receiving objects:  63% (2747/4359)   Receiving objects:  64% (2790/4359)   Receiving objects:  65% (2834/4359)   Receiving objects:  66% (2877/4359)   Receiving objects:  67% (2921/4359)   Receiving objects:  68% (2965/4359)   Receiving objects:  69% (3008/4359)   Receiving objects:  70% (3052/4359)   Receiving objects:  71% (3095/4359)   Receiving objects:  72% (3139/4359)   Receiving objects:  73% (3183/4359)   Receiving objects:  74% (3226/4359)   Receiving objects:  75% (3270/4359)   Receiving objects:  76% (3313/4359)   Receiving objects:  77% (3357/4359)   Receiving objects:  78% (3401/4359)   Receiving objects:  79% (3444/4359)   Receiving objects:  80% (3488/4359)   Receiving objects:  81% (3531/4359)   Receiving objects:  82% (3575/4359)   Receiving objects:  83% (3618/4359)   Receiving objects:  84% (3662/4359)   Receiving objects:  85% (3706/4359)   Receiving objects:  86% (3749/4359)   Receiving objects:  87% (3793/4359)   Receiving objects:  88% (3836/4359)   Receiving objects:  89% (3880/4359)   Receiving objects:  90% (3924/4359)   Receiving objects:  91% (3967/4359)   Receiving objects:  92% (4011/4359)   Receiving objects:  93% (4054/4359)   Receiving objects:  94% (4098/4359)   Receiving objects:  95% (4142/4359)   Receiving objects:  96% (4185/4359)   Receiving objects:  97% (4229/4359)   remote: Total 4359 (delta 0), reused 0 (delta 0), pack-reused 4359[K
Receiving objects:  98% (4272/4359)   Receiving objects:  99% (4316/4359)   Receiving objects: 100% (4359/4359)   Receiving objects: 100% (4359/4359), 3.26 MiB | 0 bytes/s, done.
Resolving deltas:   0% (0/1594)   Resolving deltas:   1% (17/1594)   Resolving deltas:   2% (32/1594)   Resolving deltas:   3% (49/1594)   Resolving deltas:   4% (65/1594)   Resolving deltas:   5% (83/1594)   Resolving deltas:   6% (98/1594)   Resolving deltas:   7% (115/1594)   Resolving deltas:   8% (135/1594)   Resolving deltas:   9% (151/1594)   Resolving deltas:  10% (165/1594)   Resolving deltas:  13% (210/1594)   Resolving deltas:  14% (232/1594)   Resolving deltas:  16% (262/1594)   Resolving deltas:  20% (334/1594)   Resolving deltas:  24% (389/1594)   Resolving deltas:  25% (401/1594)   Resolving deltas:  26% (416/1594)   Resolving deltas:  27% (431/1594)   Resolving deltas:  28% (449/1594)   Resolving deltas:  29% (470/1594)   Resolving deltas:  30% (481/1594)   Resolving deltas:  31% (496/1594)   Resolving deltas:  32% (511/1594)   Resolving deltas:  33% (527/1594)   Resolving deltas:  34% (543/1594)   Resolving deltas:  35% (564/1594)   Resolving deltas:  36% (578/1594)   Resolving deltas:  37% (593/1594)   Resolving deltas:  38% (607/1594)   Resolving deltas:  39% (625/1594)   Resolving deltas:  40% (641/1594)   Resolving deltas:  41% (655/1594)   Resolving deltas:  42% (670/1594)   Resolving deltas:  43% (686/1594)   Resolving deltas:  44% (703/1594)   Resolving deltas:  45% (718/1594)   Resolving deltas:  46% (734/1594)   Resolving deltas:  47% (750/1594)   Resolving deltas:  48% (767/1594)   Resolving deltas:  49% (783/1594)   Resolving deltas:  50% (797/1594)   Resolving deltas:  51% (813/1594)   Resolving deltas:  52% (829/1594)   Resolving deltas:  53% (845/1594)   Resolving deltas:  54% (861/1594)   Resolving deltas:  55% (881/1594)   Resolving deltas:  56% (894/1594)   Resolving deltas:  57% (912/1594)   Resolving deltas:  58% (927/1594)   Resolving deltas:  59% (941/1594)   Resolving deltas:  60% (959/1594)   Resolving deltas:  61% (974/1594)   Resolving deltas:  62% (989/1594)   Resolving deltas:  63% (1005/1594)   Resolving deltas:  64% (1022/1594)   Resolving deltas:  65% (1039/1594)   Resolving deltas:  66% (1060/1594)   Resolving deltas:  67% (1069/1594)   Resolving deltas:  68% (1084/1594)   Resolving deltas:  69% (1100/1594)   Resolving deltas:  70% (1116/1594)   Resolving deltas:  71% (1135/1594)   Resolving deltas:  72% (1149/1594)   Resolving deltas:  73% (1165/1594)   Resolving deltas:  74% (1182/1594)   Resolving deltas:  75% (1198/1594)   Resolving deltas:  76% (1220/1594)   Resolving deltas:  77% (1228/1594)   Resolving deltas:  78% (1248/1594)   Resolving deltas:  79% (1262/1594)   Resolving deltas:  80% (1278/1594)   Resolving deltas:  81% (1292/1594)   Resolving deltas:  82% (1314/1594)   Resolving deltas:  83% (1324/1594)   Resolving deltas:  84% (1339/1594)   Resolving deltas:  85% (1355/1594)   Resolving deltas:  86% (1371/1594)   Resolving deltas:  87% (1387/1594)   Resolving deltas:  88% (1403/1594)   Resolving deltas:  89% (1420/1594)   Resolving deltas:  90% (1436/1594)   Resolving deltas:  91% (1451/1594)   Resolving deltas:  92% (1468/1594)   Resolving deltas:  93% (1486/1594)   Resolving deltas:  94% (1502/1594)   Resolving deltas:  95% (1516/1594)   Resolving deltas:  96% (1532/1594)   Resolving deltas:  97% (1547/1594)   Resolving deltas:  98% (1565/1594)   Resolving deltas:  99% (1581/1594)   Resolving deltas: 100% (1594/1594)   Resolving deltas: 100% (1594/1594), done.
Checking connectivity... done.
Submodule path 'its/sources': checked out '6cda465572511fd99e4da2969fb4ed64f02c9587'

travis_time:end:09b8e4e9:start=1488961929198440804,finish=1488961930169247025,duration=970806221[0Ktravis_fold:end:git.submodule[0K
[33;1mThis job is running on container-based infrastructure, which does not allow use of 'sudo', setuid and setguid executables.[0m
[33;1mIf you require sudo, add 'sudo: required' to your .travis.yml[0m
[33;1mSee https://docs.travis-ci.com/user/workers/container-based-infrastructure/ for details.[0m

[33;1mSetting environment variables from repository settings[0m
$ export ARTIFACTORY_URL=[secure]
$ export ARTIFACTORY_DEPLOY_REPO=[secure]
$ export ARTIFACTORY_DEPLOY_USERNAME=[secure]
$ export ARTIFACTORY_DEPLOY_PASSWORD=[secure]
$ export GITHUB_TOKEN=[secure]
$ export SONAR_TOKEN=[secure]
$ export DEPLOY_PULL_REQUEST=true
$ export SONAR_HOST_URL=[secure]

[33;1mSetting environment variables from .travis.yml[0m
$ export TEST=ci

travis_fold:start:cache.1[0KSetting up build cache
$ export CASHER_DIR=$HOME/.casher
travis_time:start:3250fa64[0K$ Installing caching utilities

travis_time:end:3250fa64:start=1488961932843074646,finish=1488961932899979848,duration=56905202[0Ktravis_time:start:0047af30[0K
travis_time:end:0047af30:start=1488961932906436064,finish=1488961932910551061,duration=4114997[0Ktravis_time:start:02cb88a1[0K[32;1mattempting to download cache archive[0m
[32;1mfetching PR.188/cache-linux-precise-aaf0f2a7697dc26eaa8f7fe2f6db204894f90918909ca69314e3747c529d7f1c--jdk-oraclejdk8.tgz[0m
[32;1mfound cache[0m

travis_time:end:02cb88a1:start=1488961932915400359,finish=1488961949963390560,duration=17047990201[0Ktravis_time:start:09239c58[0K
travis_time:end:09239c58:start=1488961949968711448,finish=1488961949972821966,duration=4110518[0Ktravis_time:start:0c71d197[0K[32;1madding /home/travis/.m2/repository to cache[0m

travis_time:end:0c71d197:start=1488961949977720141,finish=1488961967367784312,duration=17390064171[0Ktravis_fold:end:cache.1[0K$ java -Xmx32m -version
java version "1.8.0_31"
Java(TM) SE Runtime Environment (build 1.8.0_31-b13)
Java HotSpot(TM) 64-Bit Server VM (build 25.31-b07, mixed mode)
$ javac -J-Xmx32m -version
javac 1.8.0_31
travis_fold:start:install[0Ktravis_time:start:17d02782[0K$ true

travis_time:end:17d02782:start=1488961975062034884,finish=1488961975066390226,duration=4355342[0Ktravis_fold:end:install[0Ktravis_time:start:1a640385[0K$ ./travis.sh
Copy public Maven settings
Setting .npmrc
======= Build and analyze pull request
Java HotSpot(TM) 64-Bit Server VM warning: ignoring option MaxPermSize=192m; support was removed in 8.0
Replacing version 2.10-SNAPSHOT with 2.10.0.2061
Java HotSpot(TM) 64-Bit Server VM warning: ignoring option MaxPermSize=192m; support was removed in 8.0
[INFO] Error stacktraces are turned on.
[INFO] Scanning for projects...
[INFO] ------------------------------------------------------------------------
[INFO] Reactor Build Order:
[INFO] 
[INFO] PHP
[INFO] PHP :: Frontend
[INFO] PHP :: Checks
[INFO] PHP :: Sonar Plugin
[INFO]                                                                         
[INFO] ------------------------------------------------------------------------
[INFO] Building PHP 2.10-SNAPSHOT
[INFO] ------------------------------------------------------------------------
[INFO] 
[INFO] --- versions-maven-plugin:2.2:set (default-cli) @ php ---
[INFO] Searching for local aggregator root...
[INFO] Local aggregation root: /home/travis/build/SonarSource/sonar-php
[INFO] Processing change of org.sonarsource.php:php:2.10-SNAPSHOT -> 2.10.0.2061
[INFO] Processing org.sonarsource.php:php
[INFO]     Updating project org.sonarsource.php:php
[INFO]         from version 2.10-SNAPSHOT to 2.10.0.2061
[INFO] 
[INFO] Processing org.sonarsource.php:php-checks
[INFO]     Updating parent org.sonarsource.php:php
[INFO]         from version 2.10-SNAPSHOT to 2.10.0.2061
[INFO] 
[INFO] Processing org.sonarsource.php:php-frontend
[INFO]     Updating parent org.sonarsource.php:php
[INFO]         from version 2.10-SNAPSHOT to 2.10.0.2061
[INFO] 
[INFO] Processing org.sonarsource.php:php-its
[INFO]     Updating parent org.sonarsource.php:php
[INFO]         from version 2.10-SNAPSHOT to 2.10.0.2061
[INFO] 
[INFO] Processing org.sonarsource.php:sonar-php-plugin
[INFO]     Updating parent org.sonarsource.php:php
[INFO]         from version 2.10-SNAPSHOT to 2.10.0.2061
[INFO] 
[INFO] Processing org.sonarsource.php:it-php-plugin
[INFO]     Updating parent org.sonarsource.php:php-its
[INFO]         from version 2.10-SNAPSHOT to 2.10.0.2061
[INFO] 
[INFO] Processing org.sonarsource.php:it-php-ruling
[INFO]     Updating parent org.sonarsource.php:php-its
[INFO]         from version 2.10-SNAPSHOT to 2.10.0.2061
[INFO] 
[INFO] Processing org.sonarsource.php:it-php-plugin-plugins
[INFO]     Updating parent org.sonarsource.php:it-php-plugin
[INFO]         from version 2.10-SNAPSHOT to 2.10.0.2061
[INFO] 
[INFO] Processing org.sonarsource.php:it-php-plugin-tests
[INFO]     Updating parent org.sonarsource.php:it-php-plugin
[INFO]         from version 2.10-SNAPSHOT to 2.10.0.2061
[INFO] 
[INFO] Processing org.sonarsource.php:php-custom-rules-plugin
[INFO]     Updating parent org.sonarsource.php:it-php-plugin-plugins
[INFO]         from version 2.10-SNAPSHOT to 2.10.0.2061
[INFO] 
[INFO] ------------------------------------------------------------------------
[INFO] Reactor Summary:
[INFO] 
[INFO] PHP ................................................ SUCCESS [  1.153 s]
[INFO] PHP :: Frontend .................................... SKIPPED
[INFO] PHP :: Checks ...................................... SKIPPED
[INFO] PHP :: Sonar Plugin ................................ SKIPPED
[INFO] ------------------------------------------------------------------------
[INFO] BUILD SUCCESS
[INFO] ------------------------------------------------------------------------
[INFO] Total time: 2.033 s
[INFO] Finished at: 2017-03-08T08:33:03+00:00
[INFO] Final Memory: 15M/491M
[INFO] ------------------------------------------------------------------------
======= with deploy
Java HotSpot(TM) 64-Bit Server VM warning: ignoring option MaxPermSize=192m; support was removed in 8.0
Apache Maven 3.2.5 (12a6b3acb947671f09b81f49094c53f426d8cea1; 2014-12-14T17:29:23+00:00)
Maven home: /usr/local/maven
Java version: 1.8.0_31, vendor: Oracle Corporation
Java home: /usr/lib/jvm/java-8-oracle/jre
Default locale: en_US, platform encoding: UTF-8
OS name: "linux", version: "4.8.12-040812-generic", arch: "amd64", family: "unix"
[INFO] Error stacktraces are turned on.
[INFO] Scanning for projects...
[INFO] ------------------------------------------------------------------------
[INFO] Reactor Build Order:
[INFO] 
[INFO] PHP
[INFO] PHP :: Frontend
[INFO] PHP :: Checks
[INFO] PHP :: Sonar Plugin
[INFO]                                                                         
[INFO] ------------------------------------------------------------------------
[INFO] Building PHP 2.10.0.2061
[INFO] ------------------------------------------------------------------------
[INFO] 
[INFO] --- jacoco-maven-plugin:0.7.9:prepare-agent (default-cli) @ php ---
[INFO] argLine set to -javaagent:/home/travis/.m2/repository/org/jacoco/org.jacoco.agent/0.7.9/org.jacoco.agent-0.7.9-runtime.jar=destfile=/home/travis/build/SonarSource/sonar-php/target/jacoco.exec
[INFO] 
[INFO] --- buildnumber-maven-plugin:1.4:create (default) @ php ---
[INFO] Executing: /bin/sh -c cd '/home/travis/build/SonarSource/sonar-php' && 'git' 'rev-parse' '--verify' 'HEAD'
[INFO] Working directory: /home/travis/build/SonarSource/sonar-php
[INFO] Storing buildNumber: 5808f7a8b55d6975f2f38846cf287b967ef38126 at timestamp: 1488961987925
[WARNING] Cannot get the branch information from the git repository: 
Detecting the current branch failed: fatal: ref HEAD is not a symbolic ref

[INFO] Executing: /bin/sh -c cd '/home/travis/build/SonarSource/sonar-php' && 'git' 'rev-parse' '--verify' 'HEAD'
[INFO] Working directory: /home/travis/build/SonarSource/sonar-php
[INFO] Storing buildScmBranch: UNKNOWN
[INFO] 
[INFO] --- maven-enforcer-plugin:1.4.1:enforce (enforce) @ php ---
[INFO] 
[INFO] --- maven-enforcer-plugin:1.4.1:enforce (enforce-deploy-settings) @ php ---
[INFO] 
[INFO] --- license-maven-plugin:2.11:check (enforce-license-headers) @ php ---
[INFO] Checking licenses...
[INFO] 
[INFO] --- artifactory-maven-plugin:2.6.1:publish (build-info) @ php ---
[INFO] Merged properties file:/tmp/buildInfo4935645978780069966.properties created
[INFO] [buildinfo] Properties file found at '/tmp/buildInfo4935645978780069966.properties'
[INFO] Initializing Artifactory Build-Info Recording
[INFO] ------------------------------------------------------------------------
[INFO] Reactor Build Order:
[INFO] 
[INFO] PHP
[INFO] PHP :: Frontend
[INFO] PHP :: Checks
[INFO] PHP :: Sonar Plugin
[INFO]                                                                         
[INFO] ------------------------------------------------------------------------
[INFO] Building PHP 2.10.0.2061
[INFO] ------------------------------------------------------------------------
[INFO] 
[INFO] --- maven-source-plugin:2.4:jar-no-fork (attach-sources) @ php ---
[INFO] 
[INFO] --- maven-install-plugin:2.5.2:install (default-install) @ php ---
[INFO] Installing /home/travis/build/SonarSource/sonar-php/pom.xml to /home/travis/.m2/repository/org/sonarsource/php/php/2.10.0.2061/php-2.10.0.2061.pom
[INFO] 
[INFO] --- maven-deploy-plugin:2.8.2:deploy (default-deploy) @ php ---
[INFO] Skipping artifact deployment
[INFO]                                                                         
[INFO] ------------------------------------------------------------------------
[INFO] Building PHP :: Frontend 2.10.0.2061
[INFO] ------------------------------------------------------------------------
[INFO] 
[INFO] --- jacoco-maven-plugin:0.7.9:prepare-agent (default-cli) @ php-frontend ---
[INFO] argLine set to -javaagent:/home/travis/.m2/repository/org/jacoco/org.jacoco.agent/0.7.9/org.jacoco.agent-0.7.9-runtime.jar=destfile=/home/travis/build/SonarSource/sonar-php/php-frontend/target/jacoco.exec
[INFO] 
[INFO] --- buildnumber-maven-plugin:1.4:create (default) @ php-frontend ---
[INFO] 
[INFO] --- maven-enforcer-plugin:1.4.1:enforce (enforce) @ php-frontend ---
[INFO] 
[INFO] --- maven-enforcer-plugin:1.4.1:enforce (enforce-deploy-settings) @ php-frontend ---
[INFO] 
[INFO] --- license-maven-plugin:2.11:check (enforce-license-headers) @ php-frontend ---
[INFO] Checking licenses...
[INFO] 
[INFO] --- artifactory-maven-plugin:2.6.1:publish (build-info) @ php-frontend ---
[INFO] 
[INFO] --- maven-resources-plugin:2.7:resources (default-resources) @ php-frontend ---
[INFO] Using 'UTF-8' encoding to copy filtered resources.
[INFO] skip non existing resourceDirectory /home/travis/build/SonarSource/sonar-php/php-frontend/src/main/resources
[INFO] 
[INFO] --- maven-compiler-plugin:3.5.1:compile (default-compile) @ php-frontend ---
[INFO] Changes detected - recompiling the module!
[INFO] Compiling 256 source files to /home/travis/build/SonarSource/sonar-php/php-frontend/target/classes
[INFO] /home/travis/build/SonarSource/sonar-php/php-frontend/src/main/java/org/sonar/plugins/php/api/visitors/PHPCustomRulesDefinition.java: Some input files use or override a deprecated API.
[INFO] /home/travis/build/SonarSource/sonar-php/php-frontend/src/main/java/org/sonar/plugins/php/api/visitors/PHPCustomRulesDefinition.java: Recompile with -Xlint:deprecation for details.
[INFO] /home/travis/build/SonarSource/sonar-php/php-frontend/src/main/java/org/sonar/php/tree/impl/lexical/InternalSyntaxToken.java: Some input files use unchecked or unsafe operations.
[INFO] /home/travis/build/SonarSource/sonar-php/php-frontend/src/main/java/org/sonar/php/tree/impl/lexical/InternalSyntaxToken.java: Recompile with -Xlint:unchecked for details.
[INFO] 
[INFO] --- maven-resources-plugin:2.7:testResources (default-testResources) @ php-frontend ---
[INFO] Using 'UTF-8' encoding to copy filtered resources.
[INFO] Copying 16 resources
[INFO] 
[INFO] --- maven-compiler-plugin:3.5.1:testCompile (default-testCompile) @ php-frontend ---
[INFO] Changes detected - recompiling the module!
[INFO] Compiling 217 source files to /home/travis/build/SonarSource/sonar-php/php-frontend/target/test-classes
[INFO] /home/travis/build/SonarSource/sonar-php/php-frontend/src/test/java/org/sonar/php/compat/CompatibilityHelperTest.java: Some input files use or override a deprecated API.
[INFO] /home/travis/build/SonarSource/sonar-php/php-frontend/src/test/java/org/sonar/php/compat/CompatibilityHelperTest.java: Recompile with -Xlint:deprecation for details.
[INFO] /home/travis/build/SonarSource/sonar-php/php-frontend/src/test/java/org/sonar/php/PHPTreeModelTest.java: Some input files use unchecked or unsafe operations.
[INFO] /home/travis/build/SonarSource/sonar-php/php-frontend/src/test/java/org/sonar/php/PHPTreeModelTest.java: Recompile with -Xlint:unchecked for details.
[INFO] 
[INFO] --- maven-surefire-plugin:2.18:test (default-test) @ php-frontend ---
[INFO] Surefire report directory: /home/travis/build/SonarSource/sonar-php/php-frontend/target/surefire-reports

-------------------------------------------------------
 T E S T S
-------------------------------------------------------
Running org.sonar.php.parser.declaration.UseTraitDeclarationTest
Tests run: 1, Failures: 0, Errors: 0, Skipped: 0, Time elapsed: 1.214 sec - in org.sonar.php.parser.declaration.UseTraitDeclarationTest
Running org.sonar.php.tree.impl.expression.MemberAccessTreeTest
Tests run: 2, Failures: 0, Errors: 0, Skipped: 0, Time elapsed: 0.178 sec - in org.sonar.php.tree.impl.expression.MemberAccessTreeTest
Running org.sonar.php.parser.expression.UnaryExprTest
Tests run: 1, Failures: 0, Errors: 0, Skipped: 0, Time elapsed: 0.045 sec - in org.sonar.php.parser.expression.UnaryExprTest
Running org.sonar.php.tree.impl.expression.SpreadArgumentTreeTest
Tests run: 1, Failures: 0, Errors: 0, Skipped: 0, Time elapsed: 0.021 sec - in org.sonar.php.tree.impl.expression.SpreadArgumentTreeTest
Running org.sonar.php.parser.declaration.MemberConstDeclarationTest
Tests run: 1, Failures: 0, Errors: 0, Skipped: 0, Time elapsed: 0.023 sec - in org.sonar.php.parser.declaration.MemberConstDeclarationTest
Running org.sonar.php.parser.expression.SimpleEncapsVariableTest
Tests run: 3, Failures: 0, Errors: 0, Skipped: 0, Time elapsed: 0.041 sec - in org.sonar.php.parser.expression.SimpleEncapsVariableTest
Running org.sonar.php.parser.expression.ExpandableStringLiteralTest
Tests run: 2, Failures: 0, Errors: 0, Skipped: 0, Time elapsed: 0.061 sec - in org.sonar.php.parser.expression.ExpandableStringLiteralTest
Running org.sonar.php.parser.expression.BooleanLiteralTest
Tests run: 1, Failures: 0, Errors: 0, Skipped: 0, Time elapsed: 0.028 sec - in org.sonar.php.parser.expression.BooleanLiteralTest
Running org.sonar.php.tree.impl.declaration.TraitPrecedenceTreeTest
Tests run: 1, Failures: 0, Errors: 0, Skipped: 0, Time elapsed: 0.043 sec - in org.sonar.php.tree.impl.declaration.TraitPrecedenceTreeTest
Running org.sonar.php.parser.expression.FunctionExpressionTest
Tests run: 1, Failures: 0, Errors: 0, Skipped: 0, Time elapsed: 0.053 sec - in org.sonar.php.parser.expression.FunctionExpressionTest
Running org.sonar.php.parser.expression.ExitExprTest
Tests run: 1, Failures: 0, Errors: 0, Skipped: 0, Time elapsed: 0.015 sec - in org.sonar.php.parser.expression.ExitExprTest
Running org.sonar.php.tree.impl.statement.BlockTreeTest
Tests run: 2, Failures: 0, Errors: 0, Skipped: 0, Time elapsed: 0.085 sec - in org.sonar.php.tree.impl.statement.BlockTreeTest
Running org.sonar.php.parser.lexical.FileOpeningTagTest
Tests run: 1, Failures: 0, Errors: 0, Skipped: 0, Time elapsed: 0.006 sec - in org.sonar.php.parser.lexical.FileOpeningTagTest
Running org.sonar.php.tree.impl.declaration.ClassPropertyDeclarationTreeTest
Tests run: 2, Failures: 0, Errors: 0, Skipped: 0, Time elapsed: 0.017 sec - in org.sonar.php.tree.impl.declaration.ClassPropertyDeclarationTreeTest
Running org.sonar.php.tree.impl.statement.GotoStatementTreeTest
Tests run: 1, Failures: 0, Errors: 0, Skipped: 0, Time elapsed: 0.007 sec - in org.sonar.php.tree.impl.statement.GotoStatementTreeTest
Running org.sonar.php.parser.statement.EOSTest
Tests run: 1, Failures: 0, Errors: 0, Skipped: 0, Time elapsed: 0.012 sec - in org.sonar.php.parser.statement.EOSTest
Running org.sonar.php.tree.impl.statement.SwitchClauseTreeTest
Tests run: 2, Failures: 0, Errors: 0, Skipped: 0, Time elapsed: 0.047 sec - in org.sonar.php.tree.impl.statement.SwitchClauseTreeTest
Running org.sonar.php.parser.declaration.VariableDeclarationTest
Tests run: 1, Failures: 0, Errors: 0, Skipped: 0, Time elapsed: 0.016 sec - in org.sonar.php.parser.declaration.VariableDeclarationTest
Running org.sonar.php.tree.impl.declaration.ConstantDeclarationTreeTest
Tests run: 1, Failures: 0, Errors: 0, Skipped: 0, Time elapsed: 0.009 sec - in org.sonar.php.tree.impl.declaration.ConstantDeclarationTreeTest
Running org.sonar.php.tree.impl.declaration.UseDeclarationTreeTest
Tests run: 2, Failures: 0, Errors: 0, Skipped: 0, Time elapsed: 0.015 sec - in org.sonar.php.tree.impl.declaration.UseDeclarationTreeTest
Running org.sonar.php.parser.expression.BitwiseOrExpressionTest
Tests run: 1, Failures: 0, Errors: 0, Skipped: 0, Time elapsed: 0.012 sec - in org.sonar.php.parser.expression.BitwiseOrExpressionTest
Running org.sonar.php.parser.declaration.ParameterTest
Tests run: 1, Failures: 0, Errors: 0, Skipped: 0, Time elapsed: 0.01 sec - in org.sonar.php.parser.declaration.ParameterTest
Running org.sonar.php.parser.statement.WhileStatementTest
Tests run: 1, Failures: 0, Errors: 0, Skipped: 0, Time elapsed: 0.011 sec - in org.sonar.php.parser.statement.WhileStatementTest
Running org.sonar.php.tree.impl.expression.HeredocStringLiteralTreeTest
Tests run: 4, Failures: 0, Errors: 0, Skipped: 0, Time elapsed: 0.344 sec - in org.sonar.php.tree.impl.expression.HeredocStringLiteralTreeTest
Running org.sonar.php.tree.impl.expression.CompoundVariableTreeTest
Tests run: 1, Failures: 0, Errors: 0, Skipped: 0, Time elapsed: 0.01 sec - in org.sonar.php.tree.impl.expression.CompoundVariableTreeTest
Running org.sonar.php.parser.expression.BitwiseXorExpressionTest
Tests run: 1, Failures: 0, Errors: 0, Skipped: 0, Time elapsed: 0.01 sec - in org.sonar.php.parser.expression.BitwiseXorExpressionTest
Running org.sonar.php.tree.impl.statement.ForStatementTreeTest
Tests run: 2, Failures: 0, Errors: 0, Skipped: 0, Time elapsed: 0.03 sec - in org.sonar.php.tree.impl.statement.ForStatementTreeTest
Running org.sonar.php.parser.statement.EmptyStatementTest
Tests run: 1, Failures: 0, Errors: 0, Skipped: 0, Time elapsed: 0.012 sec - in org.sonar.php.parser.statement.EmptyStatementTest
Running org.sonar.php.tree.impl.expression.ArrayAccessTreeTest
Tests run: 2, Failures: 0, Errors: 0, Skipped: 0, Time elapsed: 0.017 sec - in org.sonar.php.tree.impl.expression.ArrayAccessTreeTest
Running org.sonar.php.metrics.ComplexityVisitorTest
Tests run: 4, Failures: 0, Errors: 0, Skipped: 0, Time elapsed: 0.104 sec - in org.sonar.php.metrics.ComplexityVisitorTest
Running org.sonar.php.parser.expression.AdditiveExpressionTest
Tests run: 1, Failures: 0, Errors: 0, Skipped: 0, Time elapsed: 0.008 sec - in org.sonar.php.parser.expression.AdditiveExpressionTest
Running org.sonar.php.parser.statement.UnsetVariableStatementTest
Tests run: 1, Failures: 0, Errors: 0, Skipped: 0, Time elapsed: 0.008 sec - in org.sonar.php.parser.statement.UnsetVariableStatementTest
Running org.sonar.php.parser.declaration.ParameterListTest
Tests run: 1, Failures: 0, Errors: 0, Skipped: 0, Time elapsed: 0.008 sec - in org.sonar.php.parser.declaration.ParameterListTest
Running org.sonar.php.tree.impl.declaration.ParameterListTreeTest
Tests run: 2, Failures: 0, Errors: 0, Skipped: 0, Time elapsed: 0.026 sec - in org.sonar.php.tree.impl.declaration.ParameterListTreeTest
Running org.sonar.php.tree.impl.expression.ComputedVariableTreeTest
Tests run: 1, Failures: 0, Errors: 0, Skipped: 0, Time elapsed: 0.008 sec - in org.sonar.php.tree.impl.expression.ComputedVariableTreeTest
Running org.sonar.php.metrics.LineVisitorTest
Tests run: 2, Failures: 0, Errors: 0, Skipped: 0, Time elapsed: 0.066 sec - in org.sonar.php.metrics.LineVisitorTest
Running org.sonar.php.tree.impl.statement.ExpressionStatementTreeTest
Tests run: 1, Failures: 0, Errors: 0, Skipped: 0, Time elapsed: 0.148 sec - in org.sonar.php.tree.impl.statement.ExpressionStatementTreeTest
Running org.sonar.php.parser.statement.IfStatementTest
Tests run: 2, Failures: 0, Errors: 0, Skipped: 0, Time elapsed: 0.023 sec - in org.sonar.php.parser.statement.IfStatementTest
Running org.sonar.php.parser.lexical.IdentifierTest
Tests run: 1, Failures: 0, Errors: 0, Skipped: 0, Time elapsed: 0.007 sec - in org.sonar.php.parser.lexical.IdentifierTest
Running org.sonar.php.tree.impl.statement.InlineHTMLTreeTest
Tests run: 1, Failures: 0, Errors: 0, Skipped: 0, Time elapsed: 0.005 sec - in org.sonar.php.tree.impl.statement.InlineHTMLTreeTest
Running org.sonar.php.parser.expression.CommonScalarTest
Tests run: 1, Failures: 0, Errors: 0, Skipped: 0, Time elapsed: 0.026 sec - in org.sonar.php.parser.expression.CommonScalarTest
Running org.sonar.php.parser.statement.UseClauseTest
Tests run: 2, Failures: 0, Errors: 0, Skipped: 0, Time elapsed: 0.014 sec - in org.sonar.php.parser.statement.UseClauseTest
Running org.sonar.php.tree.impl.expression.BinaryExpressionTreeTest
Tests run: 15, Failures: 0, Errors: 0, Skipped: 0, Time elapsed: 0.199 sec - in org.sonar.php.tree.impl.expression.BinaryExpressionTreeTest
Running org.sonar.php.tree.impl.declaration.UseTraitDeclarationTreeTest
Tests run: 2, Failures: 0, Errors: 0, Skipped: 0, Time elapsed: 0.006 sec - in org.sonar.php.tree.impl.declaration.UseTraitDeclarationTreeTest
Running org.sonar.php.parser.expression.AnonymousClassTest
Tests run: 1, Failures: 0, Errors: 0, Skipped: 0, Time elapsed: 0.007 sec - in org.sonar.php.parser.expression.AnonymousClassTest
Running org.sonar.php.tree.impl.declaration.TypeNameTreeTest
Tests run: 4, Failures: 0, Errors: 0, Skipped: 0, Time elapsed: 0.015 sec - in org.sonar.php.tree.impl.declaration.TypeNameTreeTest
Running org.sonar.php.tree.impl.declaration.MethodDeclarationTreeTest
Tests run: 2, Failures: 0, Errors: 0, Skipped: 0, Time elapsed: 0.009 sec - in org.sonar.php.tree.impl.declaration.MethodDeclarationTreeTest
Running org.sonar.php.tree.impl.lexical.InternalSyntaxTokenTest
Tests run: 2, Failures: 0, Errors: 0, Skipped: 0, Time elapsed: 0.008 sec - in org.sonar.php.tree.impl.lexical.InternalSyntaxTokenTest
Running org.sonar.php.tree.impl.statement.ReturnStatementTreeTest
Tests run: 2, Failures: 0, Errors: 0, Skipped: 0, Time elapsed: 0.006 sec - in org.sonar.php.tree.impl.statement.ReturnStatementTreeTest
Running org.sonar.php.parser.lexical.InlineHtmlTest
Tests run: 2, Failures: 0, Errors: 0, Skipped: 0, Time elapsed: 0.005 sec - in org.sonar.php.parser.lexical.InlineHtmlTest
Running org.sonar.php.parser.declaration.MethodDeclarationTest
Tests run: 2, Failures: 0, Errors: 0, Skipped: 0, Time elapsed: 0.013 sec - in org.sonar.php.parser.declaration.MethodDeclarationTest
Running org.sonar.php.parser.lexical.NumericLiteralTest
Tests run: 1, Failures: 0, Errors: 0, Skipped: 0, Time elapsed: 0.001 sec - in org.sonar.php.parser.lexical.NumericLiteralTest
Running org.sonar.php.tree.impl.expression.ReferenceVariableTreeTest
Tests run: 1, Failures: 0, Errors: 0, Skipped: 0, Time elapsed: 0.007 sec - in org.sonar.php.tree.impl.expression.ReferenceVariableTreeTest
Running org.sonar.php.tree.impl.expression.PrefixExpressionTreeTest
Tests run: 7, Failures: 0, Errors: 0, Skipped: 0, Time elapsed: 0.025 sec - in org.sonar.php.tree.impl.expression.PrefixExpressionTreeTest
Running org.sonar.php.parser.declaration.TypeTest
Tests run: 1, Failures: 0, Errors: 0, Skipped: 0, Time elapsed: 0.001 sec - in org.sonar.php.parser.declaration.TypeTest
Running org.sonar.php.metrics.CounterVisitorTest
Tests run: 3, Failures: 0, Errors: 0, Skipped: 0, Time elapsed: 0.044 sec - in org.sonar.php.metrics.CounterVisitorTest
Running org.sonar.php.parser.declaration.TraitDeclarationTest
Tests run: 1, Failures: 0, Errors: 0, Skipped: 0, Time elapsed: 0.003 sec - in org.sonar.php.parser.declaration.TraitDeclarationTest
Running org.sonar.php.tree.impl.expression.FunctionExpressionTreeTest
Tests run: 5, Failures: 0, Errors: 0, Skipped: 0, Time elapsed: 0.014 sec - in org.sonar.php.tree.impl.expression.FunctionExpressionTreeTest
Running org.sonar.php.tree.symbols.ClassMemberUsagesTest
Tests run: 8, Failures: 0, Errors: 0, Skipped: 0, Time elapsed: 0.465 sec - in org.sonar.php.tree.symbols.ClassMemberUsagesTest
Running org.sonar.php.parser.expression.ListExpressionTest
Tests run: 1, Failures: 0, Errors: 0, Skipped: 0, Time elapsed: 0.014 sec - in org.sonar.php.parser.expression.ListExpressionTest
Running org.sonar.php.parser.expression.LogicalAndExpressionTest
Tests run: 1, Failures: 0, Errors: 0, Skipped: 0, Time elapsed: 0.004 sec - in org.sonar.php.parser.expression.LogicalAndExpressionTest
Running org.sonar.php.tree.impl.statement.CatchBlockTreeTest
Tests run: 1, Failures: 0, Errors: 0, Skipped: 0, Time elapsed: 0.002 sec - in org.sonar.php.tree.impl.statement.CatchBlockTreeTest
Running org.sonar.php.parser.statement.StaticStatementTest
Tests run: 1, Failures: 0, Errors: 0, Skipped: 0, Time elapsed: 0.003 sec - in org.sonar.php.parser.statement.StaticStatementTest
Running org.sonar.php.parser.statement.SwitchStatementTest
Tests run: 1, Failures: 0, Errors: 0, Skipped: 0, Time elapsed: 0.003 sec - in org.sonar.php.parser.statement.SwitchStatementTest
Running org.sonar.php.compat.CompatibilityHelperTest
Tests run: 3, Failures: 0, Errors: 0, Skipped: 0, Time elapsed: 0.379 sec - in org.sonar.php.compat.CompatibilityHelperTest
Running org.sonar.php.parser.statement.GlobalStatementTest
Tests run: 1, Failures: 0, Errors: 0, Skipped: 0, Time elapsed: 0.001 sec - in org.sonar.php.parser.statement.GlobalStatementTest
Running org.sonar.php.parser.CompilationUnitTest
Tests run: 1, Failures: 0, Errors: 0, Skipped: 0, Time elapsed: 0.005 sec - in org.sonar.php.parser.CompilationUnitTest
Running org.sonar.php.tree.impl.declaration.TraitMethodReferenceTreeTest
Tests run: 2, Failures: 0, Errors: 0, Skipped: 0, Time elapsed: 0.012 sec - in org.sonar.php.tree.impl.declaration.TraitMethodReferenceTreeTest
Running org.sonar.php.parser.expression.AssignmentExpressionTest
Tests run: 1, Failures: 0, Errors: 0, Skipped: 0, Time elapsed: 0 sec - in org.sonar.php.parser.expression.AssignmentExpressionTest
Running org.sonar.php.tree.visitors.PHPSubscriptionCheckTest
Tests run: 1, Failures: 0, Errors: 0, Skipped: 0, Time elapsed: 0.044 sec - in org.sonar.php.tree.visitors.PHPSubscriptionCheckTest
Running org.sonar.php.parser.statement.BlockTest
Tests run: 1, Failures: 0, Errors: 0, Skipped: 0, Time elapsed: 0.005 sec - in org.sonar.php.parser.statement.BlockTest
Running org.sonar.php.tree.impl.declaration.TypeTreeTest
Tests run: 2, Failures: 0, Errors: 0, Skipped: 0, Time elapsed: 0.005 sec - in org.sonar.php.tree.impl.declaration.TypeTreeTest
Running org.sonar.php.parser.statement.StatementTest
Tests run: 3, Failures: 0, Errors: 0, Skipped: 0, Time elapsed: 0.229 sec - in org.sonar.php.parser.statement.StatementTest
Running org.sonar.php.parser.expression.ArrayInitializerTest
Tests run: 1, Failures: 0, Errors: 0, Skipped: 0, Time elapsed: 0.005 sec - in org.sonar.php.parser.expression.ArrayInitializerTest
Running org.sonar.php.parser.KeywordTest
Tests run: 2, Failures: 0, Errors: 0, Skipped: 0, Time elapsed: 0.006 sec - in org.sonar.php.parser.KeywordTest
Running org.sonar.php.tree.impl.statement.NamespaceStatementTreeTest
Tests run: 2, Failures: 0, Errors: 0, Skipped: 0, Time elapsed: 0.009 sec - in org.sonar.php.tree.impl.statement.NamespaceStatementTreeTest
Running org.sonar.php.tree.impl.statement.SwitchStatementTreeTest
Tests run: 2, Failures: 0, Errors: 0, Skipped: 0, Time elapsed: 0.01 sec - in org.sonar.php.tree.impl.statement.SwitchStatementTreeTest
Running org.sonar.php.parser.statement.TryStatementTest
Tests run: 1, Failures: 0, Errors: 0, Skipped: 0, Time elapsed: 0.008 sec - in org.sonar.php.parser.statement.TryStatementTest
Running org.sonar.php.tree.impl.declaration.ClassDeclarationTreeTest
Tests run: 5, Failures: 0, Errors: 0, Skipped: 0, Time elapsed: 0.034 sec - in org.sonar.php.tree.impl.declaration.ClassDeclarationTreeTest
Running org.sonar.php.ini.BasePhpIniIssueTest
Tests run: 1, Failures: 0, Errors: 0, Skipped: 0, Time elapsed: 0.01 sec - in org.sonar.php.ini.BasePhpIniIssueTest
Running org.sonar.php.parser.expression.FunctionCallParameterListTest
Tests run: 1, Failures: 0, Errors: 0, Skipped: 0, Time elapsed: 0.007 sec - in org.sonar.php.parser.expression.FunctionCallParameterListTest
Running org.sonar.php.tree.impl.declaration.FunctionDeclarationTreeTest
Tests run: 3, Failures: 0, Errors: 0, Skipped: 0, Time elapsed: 0.014 sec - in org.sonar.php.tree.impl.declaration.FunctionDeclarationTreeTest
Running org.sonar.php.parser.expression.ComplexEncapsVariableTest
Tests run: 3, Failures: 0, Errors: 0, Skipped: 0, Time elapsed: 0.018 sec - in org.sonar.php.parser.expression.ComplexEncapsVariableTest
Running org.sonar.php.parser.expression.EqualityExpressionTest
Tests run: 1, Failures: 0, Errors: 0, Skipped: 0, Time elapsed: 0.006 sec - in org.sonar.php.parser.expression.EqualityExpressionTest
Running org.sonar.php.parser.statement.ForeachStatementTest
Tests run: 1, Failures: 0, Errors: 0, Skipped: 0, Time elapsed: 0.011 sec - in org.sonar.php.parser.statement.ForeachStatementTest
Running org.sonar.php.parser.expression.StaticScalarTest
Tests run: 1, Failures: 0, Errors: 0, Skipped: 0, Time elapsed: 0.003 sec - in org.sonar.php.parser.expression.StaticScalarTest
Running org.sonar.php.parser.expression.DimensionalOffsetTest
Tests run: 1, Failures: 0, Errors: 0, Skipped: 0, Time elapsed: 0.004 sec - in org.sonar.php.parser.expression.DimensionalOffsetTest
Running org.sonar.php.parser.statement.DeclareStatementTest
Tests run: 1, Failures: 0, Errors: 0, Skipped: 0, Time elapsed: 0.005 sec - in org.sonar.php.parser.statement.DeclareStatementTest
Running org.sonar.php.tree.impl.statement.IfStatementTreeTest
Tests run: 4, Failures: 0, Errors: 0, Skipped: 0, Time elapsed: 0.022 sec - in org.sonar.php.tree.impl.statement.IfStatementTreeTest
Running org.sonar.php.parser.statement.DoWhileStatementTest
Tests run: 1, Failures: 0, Errors: 0, Skipped: 0, Time elapsed: 0.006 sec - in org.sonar.php.parser.statement.DoWhileStatementTest
Running org.sonar.php.parser.lexical.VarIdentifierTest
Tests run: 1, Failures: 0, Errors: 0, Skipped: 0, Time elapsed: 0.006 sec - in org.sonar.php.parser.lexical.VarIdentifierTest
Running org.sonar.php.parser.expression.InternalFunctionTest
Tests run: 1, Failures: 0, Errors: 0, Skipped: 0, Time elapsed: 0.011 sec - in org.sonar.php.parser.expression.InternalFunctionTest
Running org.sonar.php.parser.declaration.TraitMethodReferenceTest
Tests run: 1, Failures: 0, Errors: 0, Skipped: 0, Time elapsed: 0 sec - in org.sonar.php.parser.declaration.TraitMethodReferenceTest
Running org.sonar.php.parser.statement.SwitchCaseClauseTest
Tests run: 1, Failures: 0, Errors: 0, Skipped: 0, Time elapsed: 0.006 sec - in org.sonar.php.parser.statement.SwitchCaseClauseTest
Running org.sonar.php.parser.declaration.InterfaceDeclarationTest
Tests run: 1, Failures: 0, Errors: 0, Skipped: 0, Time elapsed: 0.003 sec - in org.sonar.php.parser.declaration.InterfaceDeclarationTest
Running org.sonar.php.tree.impl.statement.DeclareStatementTreeTest
Tests run: 3, Failures: 0, Errors: 0, Skipped: 0, Time elapsed: 0.013 sec - in org.sonar.php.tree.impl.statement.DeclareStatementTreeTest
Running org.sonar.php.parser.expression.ObjectDimListTest
Tests run: 1, Failures: 0, Errors: 0, Skipped: 0, Time elapsed: 0.005 sec - in org.sonar.php.parser.expression.ObjectDimListTest
Running org.sonar.php.parser.expression.BitwiseAndExpressionTest
Tests run: 1, Failures: 0, Errors: 0, Skipped: 0, Time elapsed: 0.001 sec - in org.sonar.php.parser.expression.BitwiseAndExpressionTest
Running org.sonar.php.tree.impl.expression.YieldExpressionTreeTest
Tests run: 4, Failures: 0, Errors: 0, Skipped: 0, Time elapsed: 0.01 sec - in org.sonar.php.tree.impl.expression.YieldExpressionTreeTest
Running org.sonar.php.tree.visitors.LegacyIssueTest
Tests run: 4, Failures: 0, Errors: 0, Skipped: 0, Time elapsed: 0.003 sec - in org.sonar.php.tree.visitors.LegacyIssueTest
Running org.sonar.php.ini.PhpIniParserTest
Tests run: 21, Failures: 0, Errors: 0, Skipped: 0, Time elapsed: 0.031 sec - in org.sonar.php.ini.PhpIniParserTest
Running org.sonar.php.parser.expression.CompoundVariableTest
Tests run: 1, Failures: 0, Errors: 0, Skipped: 0, Time elapsed: 0.004 sec - in org.sonar.php.parser.expression.CompoundVariableTest
Running org.sonar.php.parser.declaration.TypeNameTest
Tests run: 1, Failures: 0, Errors: 0, Skipped: 0, Time elapsed: 0.004 sec - in org.sonar.php.parser.declaration.TypeNameTest
Running org.sonar.php.parser.declaration.ConstantDeclarationTest
Tests run: 1, Failures: 0, Errors: 0, Skipped: 0, Time elapsed: 0.004 sec - in org.sonar.php.parser.declaration.ConstantDeclarationTest
Running org.sonar.php.parser.expression.ConditionalExpressionTest
Tests run: 1, Failures: 0, Errors: 0, Skipped: 0, Time elapsed: 0.005 sec - in org.sonar.php.parser.expression.ConditionalExpressionTest
Running org.sonar.php.tree.impl.expression.ListExpressionTreeTest
Tests run: 4, Failures: 0, Errors: 0, Skipped: 0, Time elapsed: 0.01 sec - in org.sonar.php.tree.impl.expression.ListExpressionTreeTest
Running org.sonar.php.tree.impl.declaration.TraitAliasTreeTest
Tests run: 3, Failures: 0, Errors: 0, Skipped: 0, Time elapsed: 0.005 sec - in org.sonar.php.tree.impl.declaration.TraitAliasTreeTest
Running org.sonar.php.tree.impl.declaration.NamespaceNameTreeTest
Tests run: 4, Failures: 0, Errors: 0, Skipped: 0, Time elapsed: 0.009 sec - in org.sonar.php.tree.impl.declaration.NamespaceNameTreeTest
Running org.sonar.php.tree.impl.statement.ElseifClauseTreeTest
Tests run: 2, Failures: 0, Errors: 0, Skipped: 0, Time elapsed: 0.005 sec - in org.sonar.php.tree.impl.statement.ElseifClauseTreeTest
Running org.sonar.php.parser.expression.ArrayPairTest
Tests run: 1, Failures: 0, Errors: 0, Skipped: 0, Time elapsed: 0.002 sec - in org.sonar.php.parser.expression.ArrayPairTest
Running org.sonar.php.tree.impl.CompilationUnitTreeTest
Tests run: 4, Failures: 0, Errors: 0, Skipped: 0, Time elapsed: 0.008 sec - in org.sonar.php.tree.impl.CompilationUnitTreeTest
Running org.sonar.php.parser.expression.NewExpressionTest
Tests run: 1, Failures: 0, Errors: 0, Skipped: 0, Time elapsed: 0.003 sec - in org.sonar.php.parser.expression.NewExpressionTest
Running org.sonar.php.parser.statement.BreakStatementTest
Tests run: 1, Failures: 0, Errors: 0, Skipped: 0, Time elapsed: 0.002 sec - in org.sonar.php.parser.statement.BreakStatementTest
Running org.sonar.php.parser.expression.NamespaceNameTest
Tests run: 1, Failures: 0, Errors: 0, Skipped: 0, Time elapsed: 0.002 sec - in org.sonar.php.parser.expression.NamespaceNameTest
Running org.sonar.php.parser.expression.LogicalOrExpressionTest
Tests run: 1, Failures: 0, Errors: 0, Skipped: 0, Time elapsed: 0.003 sec - in org.sonar.php.parser.expression.LogicalOrExpressionTest
Running org.sonar.plugins.php.api.tests.PhpCheckTestTest
Tests run: 26, Failures: 0, Errors: 0, Skipped: 0, Time elapsed: 0.091 sec - in org.sonar.plugins.php.api.tests.PhpCheckTestTest
Running org.sonar.php.tree.impl.expression.CastExpressionTreeTest
Tests run: 1, Failures: 0, Errors: 0, Skipped: 0, Time elapsed: 0.002 sec - in org.sonar.php.tree.impl.expression.CastExpressionTreeTest
Running org.sonar.php.parser.expression.VariableWithoutObjectsTest
Tests run: 1, Failures: 0, Errors: 0, Skipped: 0, Time elapsed: 0.002 sec - in org.sonar.php.parser.expression.VariableWithoutObjectsTest
Running org.sonar.php.tree.impl.statement.YieldStatementTreeTest
Tests run: 1, Failures: 0, Errors: 0, Skipped: 0, Time elapsed: 0.002 sec - in org.sonar.php.tree.impl.statement.YieldStatementTreeTest
Running org.sonar.php.parser.declaration.ClassVariableDeclarationTest
Tests run: 1, Failures: 0, Errors: 0, Skipped: 0, Time elapsed: 0.002 sec - in org.sonar.php.parser.declaration.ClassVariableDeclarationTest
Running org.sonar.php.highlighter.SyntaxHighlighterVisitorTest
Tests run: 11, Failures: 0, Errors: 0, Skipped: 0, Time elapsed: 0.04 sec - in org.sonar.php.highlighter.SyntaxHighlighterVisitorTest
Running org.sonar.php.parser.expression.ConcatenationExpressionTest
Tests run: 1, Failures: 0, Errors: 0, Skipped: 0, Time elapsed: 0.003 sec - in org.sonar.php.parser.expression.ConcatenationExpressionTest
Running org.sonar.php.parser.declaration.MemberModifierTest
Tests run: 1, Failures: 0, Errors: 0, Skipped: 0, Time elapsed: 0.002 sec - in org.sonar.php.parser.declaration.MemberModifierTest
Running org.sonar.php.parser.declaration.TraitAliasTest
Tests run: 1, Failures: 0, Errors: 0, Skipped: 0, Time elapsed: 0.002 sec - in org.sonar.php.parser.declaration.TraitAliasTest
Running org.sonar.php.parser.expression.RelationalExpressionTest
Tests run: 1, Failures: 0, Errors: 0, Skipped: 0, Time elapsed: 0.003 sec - in org.sonar.php.parser.expression.RelationalExpressionTest
Running org.sonar.php.parser.statement.ForStatementTest
Tests run: 1, Failures: 0, Errors: 0, Skipped: 0, Time elapsed: 0.008 sec - in org.sonar.php.parser.statement.ForStatementTest
Running org.sonar.php.tree.impl.expression.ExpandableStringLiteralTreeTest
Tests run: 5, Failures: 0, Errors: 0, Skipped: 0, Time elapsed: 0.026 sec - in org.sonar.php.tree.impl.expression.ExpandableStringLiteralTreeTest
Running org.sonar.php.parser.expression.YieldExpressionTest
Tests run: 1, Failures: 0, Errors: 0, Skipped: 0, Time elapsed: 0.006 sec - in org.sonar.php.parser.expression.YieldExpressionTest
Running org.sonar.php.parser.expression.HeredocStringLiteralTest
Tests run: 1, Failures: 0, Errors: 0, Skipped: 0, Time elapsed: 0.023 sec - in org.sonar.php.parser.expression.HeredocStringLiteralTest
Running org.sonar.plugins.php.api.visitors.PreciseIssueTest
Tests run: 3, Failures: 0, Errors: 0, Skipped: 0, Time elapsed: 0 sec - in org.sonar.plugins.php.api.visitors.PreciseIssueTest
Running org.sonar.php.tree.symbols.ScopeTest
Tests run: 9, Failures: 0, Errors: 0, Skipped: 0, Time elapsed: 0.098 sec - in org.sonar.php.tree.symbols.ScopeTest
Running org.sonar.php.tree.impl.statement.StaticStatementTreeTest
Tests run: 1, Failures: 0, Errors: 0, Skipped: 0, Time elapsed: 0.002 sec - in org.sonar.php.tree.impl.statement.StaticStatementTreeTest
Running org.sonar.php.tree.impl.expression.ExpandableStringCharactersTreeTest
Tests run: 1, Failures: 0, Errors: 0, Skipped: 0, Time elapsed: 0.002 sec - in org.sonar.php.tree.impl.expression.ExpandableStringCharactersTreeTest
Running org.sonar.php.parser.expression.StaticMemberAccessTest
Tests run: 1, Failures: 0, Errors: 0, Skipped: 0, Time elapsed: 0.002 sec - in org.sonar.php.parser.expression.StaticMemberAccessTest
Running org.sonar.php.parser.expression.PrimaryExpressionTest
Tests run: 1, Failures: 0, Errors: 0, Skipped: 0, Time elapsed: 0.002 sec - in org.sonar.php.parser.expression.PrimaryExpressionTest
Running org.sonar.php.highlighter.SymbolHighlighterTest
Tests run: 5, Failures: 0, Errors: 0, Skipped: 0, Time elapsed: 0.039 sec - in org.sonar.php.highlighter.SymbolHighlighterTest
Running org.sonar.php.tree.impl.expression.ArrayPairTreeTest
Tests run: 2, Failures: 0, Errors: 0, Skipped: 0, Time elapsed: 0.013 sec - in org.sonar.php.tree.impl.expression.ArrayPairTreeTest
Running org.sonar.php.tree.visitors.PHPVisitorCheckTest
Tests run: 2, Failures: 0, Errors: 0, Skipped: 0, Time elapsed: 0.016 sec - in org.sonar.php.tree.visitors.PHPVisitorCheckTest
Running org.sonar.plugins.php.api.visitors.LineIssueTest
Tests run: 2, Failures: 0, Errors: 0, Skipped: 0, Time elapsed: 0.001 sec - in org.sonar.plugins.php.api.visitors.LineIssueTest
Running org.sonar.php.tree.impl.expression.AnonymousClassTreeTest
Tests run: 1, Failures: 0, Errors: 0, Skipped: 0, Time elapsed: 0.003 sec - in org.sonar.php.tree.impl.expression.AnonymousClassTreeTest
Running org.sonar.plugins.php.api.visitors.FileIssueTest
Tests run: 2, Failures: 0, Errors: 0, Skipped: 0, Time elapsed: 0 sec - in org.sonar.plugins.php.api.visitors.FileIssueTest
Running org.sonar.php.PHPAnalyzerTest
Tests run: 3, Failures: 1, Errors: 0, Skipped: 0, Time elapsed: 0.079 sec <<< FAILURE! - in org.sonar.php.PHPAnalyzerTest
test_cpd(org.sonar.php.PHPAnalyzerTest)  Time elapsed: 0.032 sec  <<< FAILURE!
java.lang.AssertionError: 
Expected size:<5> but was:<4> in:
<[org.sonar.php.metrics.CpdVisitor$CpdToken@849a02,
    org.sonar.php.metrics.CpdVisitor$CpdToken@324155a7,
    org.sonar.php.metrics.CpdVisitor$CpdToken@4ae28e1f,
    org.sonar.php.metrics.CpdVisitor$CpdToken@62308ff7]>
	at org.sonar.php.PHPAnalyzerTest.test_cpd(PHPAnalyzerTest.java:76)

Running org.sonar.php.tree.impl.statement.EmptyStatementTreeTest
Tests run: 1, Failures: 0, Errors: 0, Skipped: 0, Time elapsed: 0.002 sec - in org.sonar.php.tree.impl.statement.EmptyStatementTreeTest
Running org.sonar.php.parser.expression.MultiplicativeExpressionTest
Tests run: 1, Failures: 0, Errors: 0, Skipped: 0, Time elapsed: 0.019 sec - in org.sonar.php.parser.expression.MultiplicativeExpressionTest
Running org.sonar.php.metrics.CommentLineVisitorTest
Tests run: 1, Failures: 0, Errors: 0, Skipped: 0, Time elapsed: 0.007 sec - in org.sonar.php.metrics.CommentLineVisitorTest
Running org.sonar.php.metrics.MetricsVisitorTest
Tests run: 2, Failures: 0, Errors: 0, Skipped: 0, Time elapsed: 0.062 sec - in org.sonar.php.metrics.MetricsVisitorTest
Running org.sonar.php.parser.lexical.HeredocTest
Tests run: 1, Failures: 0, Errors: 0, Skipped: 0, Time elapsed: 0.003 sec - in org.sonar.php.parser.lexical.HeredocTest
Running org.sonar.php.parser.statement.ReturnStatementTest
Tests run: 1, Failures: 0, Errors: 0, Skipped: 0, Time elapsed: 0.004 sec - in org.sonar.php.parser.statement.ReturnStatementTest
Running org.sonar.php.parser.declaration.ClassMemberTest
Tests run: 1, Failures: 0, Errors: 0, Skipped: 0, Time elapsed: 0.008 sec - in org.sonar.php.parser.declaration.ClassMemberTest
Running org.sonar.php.parser.declaration.TraitMethodReferenceFullyQualifiedTest
Tests run: 1, Failures: 0, Errors: 0, Skipped: 0, Time elapsed: 0 sec - in org.sonar.php.parser.declaration.TraitMethodReferenceFullyQualifiedTest
Running org.sonar.php.parser.statement.EchoStatementTest
Tests run: 1, Failures: 0, Errors: 0, Skipped: 0, Time elapsed: 0.006 sec - in org.sonar.php.parser.statement.EchoStatementTest
Running org.sonar.php.parser.lexical.EncapsStringLiteralTest
Tests run: 1, Failures: 0, Errors: 0, Skipped: 0, Time elapsed: 0.001 sec - in org.sonar.php.parser.lexical.EncapsStringLiteralTest
Running org.sonar.php.tree.impl.expression.ParenthesizedExpressionTreeTest
Tests run: 2, Failures: 0, Errors: 0, Skipped: 0, Time elapsed: 0.008 sec - in org.sonar.php.tree.impl.expression.ParenthesizedExpressionTreeTest
Running org.sonar.php.tree.impl.ScriptTreeTest
Tests run: 3, Failures: 0, Errors: 0, Skipped: 0, Time elapsed: 0.011 sec - in org.sonar.php.tree.impl.ScriptTreeTest
Running org.sonar.php.tree.impl.declaration.UseStatementTreeTest
Tests run: 5, Failures: 0, Errors: 0, Skipped: 0, Time elapsed: 0.009 sec - in org.sonar.php.tree.impl.declaration.UseStatementTreeTest
Running org.sonar.php.parser.lexical.RegularStringLiteralTest
Tests run: 2, Failures: 0, Errors: 0, Skipped: 0, Time elapsed: 0.002 sec - in org.sonar.php.parser.lexical.RegularStringLiteralTest
Running org.sonar.php.tree.impl.expression.PostfixExpressionTreeTest
Tests run: 2, Failures: 0, Errors: 0, Skipped: 0, Time elapsed: 0.003 sec - in org.sonar.php.tree.impl.expression.PostfixExpressionTreeTest
Running org.sonar.php.parser.declaration.TraitPrecedenceTest
Tests run: 1, Failures: 0, Errors: 0, Skipped: 0, Time elapsed: 0.001 sec - in org.sonar.php.parser.declaration.TraitPrecedenceTest
Running org.sonar.php.parser.statement.ThrowStatementTest
Tests run: 1, Failures: 0, Errors: 0, Skipped: 0, Time elapsed: 0.002 sec - in org.sonar.php.parser.statement.ThrowStatementTest
Running org.sonar.php.tree.impl.expression.LexicalVariablesTreeTest
Tests run: 2, Failures: 0, Errors: 0, Skipped: 0, Time elapsed: 0.003 sec - in org.sonar.php.tree.impl.expression.LexicalVariablesTreeTest
Running org.sonar.php.parser.expression.ShiftExpressionTest
Tests run: 1, Failures: 0, Errors: 0, Skipped: 0, Time elapsed: 0.002 sec - in org.sonar.php.parser.expression.ShiftExpressionTest
Running org.sonar.php.parser.statement.ContinueStatementTest
Tests run: 1, Failures: 0, Errors: 0, Skipped: 0, Time elapsed: 0.002 sec - in org.sonar.php.parser.statement.ContinueStatementTest
Running org.sonar.php.parser.statement.GotoStatementTest
Tests run: 1, Failures: 0, Errors: 0, Skipped: 0, Time elapsed: 0.001 sec - in org.sonar.php.parser.statement.GotoStatementTest
Running org.sonar.php.tree.impl.expression.ArrayInitializerFunctionTreeTest
Tests run: 3, Failures: 0, Errors: 0, Skipped: 0, Time elapsed: 0.007 sec - in org.sonar.php.tree.impl.expression.ArrayInitializerFunctionTreeTest
Running org.sonar.php.tree.impl.expression.ConditionalExpressionTreeTest
Tests run: 2, Failures: 0, Errors: 0, Skipped: 0, Time elapsed: 0.005 sec - in org.sonar.php.tree.impl.expression.ConditionalExpressionTreeTest
Running org.sonar.plugins.php.api.PHPCustomRulesDefinitionTest
Tests run: 1, Failures: 0, Errors: 0, Skipped: 0, Time elapsed: 0.127 sec - in org.sonar.plugins.php.api.PHPCustomRulesDefinitionTest
Running org.sonar.php.tree.impl.expression.ArrayInitializerBracketTreeTest
Tests run: 3, Failures: 0, Errors: 0, Skipped: 0, Time elapsed: 0.014 sec - in org.sonar.php.tree.impl.expression.ArrayInitializerBracketTreeTest
Running org.sonar.php.tree.impl.statement.ThrowStatementTreeTest
Tests run: 1, Failures: 0, Errors: 0, Skipped: 0, Time elapsed: 0.009 sec - in org.sonar.php.tree.impl.statement.ThrowStatementTreeTest
Running org.sonar.php.parser.expression.NullCoalescingExpressionTest
Tests run: 1, Failures: 0, Errors: 0, Skipped: 0, Time elapsed: 0.002 sec - in org.sonar.php.parser.expression.NullCoalescingExpressionTest
Running org.sonar.php.parser.declaration.FunctionDeclarationTest
Tests run: 1, Failures: 0, Errors: 0, Skipped: 0, Time elapsed: 0.011 sec - in org.sonar.php.parser.declaration.FunctionDeclarationTest
Running org.sonar.php.tree.impl.expression.VariableIdentifierTreeTest
Tests run: 1, Failures: 0, Errors: 0, Skipped: 0, Time elapsed: 0.007 sec - in org.sonar.php.tree.impl.expression.VariableIdentifierTreeTest
Running org.sonar.php.parser.expression.LexicalVarsTest
Tests run: 1, Failures: 0, Errors: 0, Skipped: 0, Time elapsed: 0.006 sec - in org.sonar.php.parser.expression.LexicalVarsTest
Running org.sonar.php.tree.impl.expression.LiteralTreeTest
Tests run: 6, Failures: 0, Errors: 0, Skipped: 0, Time elapsed: 0.04 sec - in org.sonar.php.tree.impl.expression.LiteralTreeTest
Running org.sonar.php.parser.statement.NamespaceStatementTest
Tests run: 1, Failures: 0, Errors: 0, Skipped: 0, Time elapsed: 0.006 sec - in org.sonar.php.parser.statement.NamespaceStatementTest
Running org.sonar.php.tree.impl.expression.VariableVariableTreeTest
Tests run: 2, Failures: 0, Errors: 0, Skipped: 0, Time elapsed: 0.01 sec - in org.sonar.php.tree.impl.expression.VariableVariableTreeTest
Running org.sonar.php.metrics.CpdVisitorTest
Tests run: 5, Failures: 0, Errors: 0, Skipped: 0, Time elapsed: 0.069 sec - in org.sonar.php.metrics.CpdVisitorTest
Running org.sonar.php.parser.expression.ObjectMemberAccessTest
Tests run: 1, Failures: 0, Errors: 0, Skipped: 0, Time elapsed: 0.006 sec - in org.sonar.php.parser.expression.ObjectMemberAccessTest
Running org.sonar.php.tree.impl.statement.LabelTreeTest
Tests run: 1, Failures: 0, Errors: 0, Skipped: 0, Time elapsed: 0.004 sec - in org.sonar.php.tree.impl.statement.LabelTreeTest
Running org.sonar.php.tree.impl.declaration.ParameterTreeTest
Tests run: 2, Failures: 0, Errors: 0, Skipped: 0, Time elapsed: 0.012 sec - in org.sonar.php.tree.impl.declaration.ParameterTreeTest
Running org.sonar.php.parser.expression.SemiComplexEncapsVariableTest
Tests run: 3, Failures: 0, Errors: 0, Skipped: 0, Time elapsed: 0.018 sec - in org.sonar.php.parser.expression.SemiComplexEncapsVariableTest
Running org.sonar.php.tree.impl.expression.NewExpressionTreeTest
Tests run: 1, Failures: 0, Errors: 0, Skipped: 0, Time elapsed: 0.005 sec - in org.sonar.php.tree.impl.expression.NewExpressionTreeTest
Running org.sonar.plugins.php.api.visitors.IssueLocationTest
Tests run: 3, Failures: 0, Errors: 0, Skipped: 0, Time elapsed: 0 sec - in org.sonar.plugins.php.api.visitors.IssueLocationTest
Running org.sonar.php.tree.symbols.UsagesTest
Tests run: 1, Failures: 0, Errors: 0, Skipped: 0, Time elapsed: 0.027 sec - in org.sonar.php.tree.symbols.UsagesTest
Running org.sonar.php.parser.expression.ListAssignmentExpressionTest
Tests run: 1, Failures: 0, Errors: 0, Skipped: 0, Time elapsed: 0.005 sec - in org.sonar.php.parser.expression.ListAssignmentExpressionTest
Running org.sonar.php.parser.expression.PostfixExprTest
Tests run: 1, Failures: 0, Errors: 0, Skipped: 0, Time elapsed: 0.004 sec - in org.sonar.php.parser.expression.PostfixExprTest
Running org.sonar.php.tree.impl.expression.AssignmentExpressionTreeTest
Tests run: 2, Failures: 0, Errors: 0, Skipped: 0, Time elapsed: 0.008 sec - in org.sonar.php.tree.impl.expression.AssignmentExpressionTreeTest
Running org.sonar.php.parser.declaration.ClassConstDeclarationTest
Tests run: 1, Failures: 0, Errors: 0, Skipped: 0, Time elapsed: 0.004 sec - in org.sonar.php.parser.declaration.ClassConstDeclarationTest
Running org.sonar.php.parser.declaration.ClassDeclarationTest
Tests run: 1, Failures: 0, Errors: 0, Skipped: 0, Time elapsed: 0.005 sec - in org.sonar.php.parser.declaration.ClassDeclarationTest
Running org.sonar.php.tree.impl.statement.DoWhileStatementTreeTest
Tests run: 1, Failures: 0, Errors: 0, Skipped: 0, Time elapsed: 0.004 sec - in org.sonar.php.tree.impl.statement.DoWhileStatementTreeTest
Running org.sonar.php.tree.impl.expression.FunctionCallTreeTest
Tests run: 2, Failures: 0, Errors: 0, Skipped: 0, Time elapsed: 0.008 sec - in org.sonar.php.tree.impl.expression.FunctionCallTreeTest
Running org.sonar.php.tree.impl.statement.WhileStatementTreeTest
Tests run: 2, Failures: 0, Errors: 0, Skipped: 0, Time elapsed: 0.01 sec - in org.sonar.php.tree.impl.statement.WhileStatementTreeTest
Running org.sonar.php.tree.impl.statement.UnsetVariableStatementTreeTest
Tests run: 1, Failures: 0, Errors: 0, Skipped: 0, Time elapsed: 0.003 sec - in org.sonar.php.tree.impl.statement.UnsetVariableStatementTreeTest
Running org.sonar.php.tree.impl.statement.GlobalStatementTreeTest
Tests run: 1, Failures: 0, Errors: 0, Skipped: 0, Time elapsed: 0.007 sec - in org.sonar.php.tree.impl.statement.GlobalStatementTreeTest
Running org.sonar.php.parser.ScriptTest
Tests run: 1, Failures: 0, Errors: 0, Skipped: 0, Time elapsed: 0.007 sec - in org.sonar.php.parser.ScriptTest
Running org.sonar.php.tree.impl.statement.TryStatementTreeTest
Tests run: 2, Failures: 0, Errors: 0, Skipped: 0, Time elapsed: 0.009 sec - in org.sonar.php.tree.impl.statement.TryStatementTreeTest
Running org.sonar.php.parser.statement.YieldStatementTest
Tests run: 1, Failures: 0, Errors: 0, Skipped: 0, Time elapsed: 0.005 sec - in org.sonar.php.parser.statement.YieldStatementTest
Running org.sonar.php.tree.symbols.SymbolTableImplTest
Tests run: 6, Failures: 0, Errors: 0, Skipped: 0, Time elapsed: 0.074 sec - in org.sonar.php.tree.symbols.SymbolTableImplTest
Running org.sonar.php.parser.expression.EncapsVarTest
Tests run: 1, Failures: 0, Errors: 0, Skipped: 0, Time elapsed: 0.003 sec - in org.sonar.php.parser.expression.EncapsVarTest
Running org.sonar.php.parser.statement.LabelTest
Tests run: 1, Failures: 0, Errors: 0, Skipped: 0, Time elapsed: 0.002 sec - in org.sonar.php.parser.statement.LabelTest
Running org.sonar.php.parser.expression.LexicalVarTest
Tests run: 1, Failures: 0, Errors: 0, Skipped: 0, Time elapsed: 0.002 sec - in org.sonar.php.parser.expression.LexicalVarTest
Running org.sonar.php.tree.impl.statement.ElseClauseTreeTest
Tests run: 2, Failures: 0, Errors: 0, Skipped: 0, Time elapsed: 0.008 sec - in org.sonar.php.tree.impl.statement.ElseClauseTreeTest
Running org.sonar.php.parser.statement.StaticVariableTest
Tests run: 1, Failures: 0, Errors: 0, Skipped: 0, Time elapsed: 0.003 sec - in org.sonar.php.parser.statement.StaticVariableTest
Running org.sonar.php.parser.statement.GlobalVarTest
Tests run: 1, Failures: 0, Errors: 0, Skipped: 0, Time elapsed: 0.003 sec - in org.sonar.php.parser.statement.GlobalVarTest
Running org.sonar.php.tree.impl.statement.BreakStatementTreeTest
Tests run: 2, Failures: 0, Errors: 0, Skipped: 0, Time elapsed: 0.006 sec - in org.sonar.php.tree.impl.statement.BreakStatementTreeTest
Running org.sonar.php.parser.statement.UseStatementTest
Tests run: 2, Failures: 0, Errors: 0, Skipped: 0, Time elapsed: 0.011 sec - in org.sonar.php.parser.statement.UseStatementTest
Running org.sonar.php.metrics.CognitiveComplexityVisitorTest
Tests run: 14, Failures: 0, Errors: 0, Skipped: 0, Time elapsed: 0.412 sec - in org.sonar.php.metrics.CognitiveComplexityVisitorTest
Running org.sonar.php.tree.impl.statement.ForEachStatementTreeTest
Tests run: 3, Failures: 0, Errors: 0, Skipped: 0, Time elapsed: 0.012 sec - in org.sonar.php.tree.impl.statement.ForEachStatementTreeTest
Running org.sonar.php.parser.expression.MemberExpressionTest
Tests run: 1, Failures: 0, Errors: 0, Skipped: 0, Time elapsed: 0.011 sec - in org.sonar.php.parser.expression.MemberExpressionTest
Running org.sonar.php.tree.impl.statement.ContinueStatementTreeTest
Tests run: 2, Failures: 0, Errors: 0, Skipped: 0, Time elapsed: 0.007 sec - in org.sonar.php.tree.impl.statement.ContinueStatementTreeTest
Running org.sonar.php.parser.expression.LogicalXorExpressionTest
Tests run: 1, Failures: 0, Errors: 0, Skipped: 0, Time elapsed: 0.005 sec - in org.sonar.php.parser.expression.LogicalXorExpressionTest

Results :

Failed tests: 
  PHPAnalyzerTest.test_cpd:76 
Expected size:<5> but was:<4> in:
<[org.sonar.php.metrics.CpdVisitor$CpdToken@849a02,
    org.sonar.php.metrics.CpdVisitor$CpdToken@324155a7,
    org.sonar.php.metrics.CpdVisitor$CpdToken@4ae28e1f,
    org.sonar.php.metrics.CpdVisitor$CpdToken@62308ff7]>



Tests run: 450, Failures: 1, Errors: 0, Skipped: 0

[INFO]                                                                         
[INFO] ------------------------------------------------------------------------
[INFO] Skipping PHP
[INFO] This project has been banned from the build due to previous failures.
[INFO] ------------------------------------------------------------------------
[INFO] ------------------------------------------------------------------------
[INFO] Reactor Summary:
[INFO] 
[INFO] PHP ................................................ SUCCESS [  3.829 s]
[INFO] PHP :: Frontend .................................... FAILURE [ 20.382 s]
[INFO] PHP :: Checks ...................................... SKIPPED
[INFO] PHP :: Sonar Plugin ................................ SKIPPED
[INFO] ------------------------------------------------------------------------
[INFO] BUILD FAILURE
[INFO] ------------------------------------------------------------------------
[INFO] Total time: 25.427 s
[INFO] Finished at: 2017-03-08T08:33:31+00:00
[INFO] Final Memory: 41M/421M
[INFO] ------------------------------------------------------------------------
[ERROR] Failed to execute goal org.apache.maven.plugins:maven-surefire-plugin:2.18:test (default-test) on project php-frontend: There are test failures.
[ERROR] 
[ERROR] Please refer to /home/travis/build/SonarSource/sonar-php/php-frontend/target/surefire-reports for the individual test results.
[ERROR] -> [Help 1]
org.apache.maven.lifecycle.LifecycleExecutionException: Failed to execute goal org.apache.maven.plugins:maven-surefire-plugin:2.18:test (default-test) on project php-frontend: There are test failures.

Please refer to /home/travis/build/SonarSource/sonar-php/php-frontend/target/surefire-reports for the individual test results.
	at org.apache.maven.lifecycle.internal.MojoExecutor.execute(MojoExecutor.java:212)
	at org.apache.maven.lifecycle.internal.MojoExecutor.execute(MojoExecutor.java:153)
	at org.apache.maven.lifecycle.internal.MojoExecutor.execute(MojoExecutor.java:145)
	at org.apache.maven.lifecycle.internal.LifecycleModuleBuilder.buildProject(LifecycleModuleBuilder.java:116)
	at org.apache.maven.lifecycle.internal.LifecycleModuleBuilder.buildProject(LifecycleModuleBuilder.java:80)
	at org.apache.maven.lifecycle.internal.builder.singlethreaded.SingleThreadedBuilder.build(SingleThreadedBuilder.java:51)
	at org.apache.maven.lifecycle.internal.LifecycleStarter.execute(LifecycleStarter.java:120)
	at org.apache.maven.DefaultMaven.doExecute(DefaultMaven.java:355)
	at org.apache.maven.DefaultMaven.execute(DefaultMaven.java:155)
	at org.apache.maven.cli.MavenCli.execute(MavenCli.java:584)
	at org.apache.maven.cli.MavenCli.doMain(MavenCli.java:216)
	at org.apache.maven.cli.MavenCli.main(MavenCli.java:160)
	at sun.reflect.NativeMethodAccessorImpl.invoke0(Native Method)
	at sun.reflect.NativeMethodAccessorImpl.invoke(NativeMethodAccessorImpl.java:62)
	at sun.reflect.DelegatingMethodAccessorImpl.invoke(DelegatingMethodAccessorImpl.java:43)
	at java.lang.reflect.Method.invoke(Method.java:483)
	at org.codehaus.plexus.classworlds.launcher.Launcher.launchEnhanced(Launcher.java:289)
	at org.codehaus.plexus.classworlds.launcher.Launcher.launch(Launcher.java:229)
	at org.codehaus.plexus.classworlds.launcher.Launcher.mainWithExitCode(Launcher.java:415)
	at org.codehaus.plexus.classworlds.launcher.Launcher.main(Launcher.java:356)
Caused by: org.apache.maven.plugin.MojoFailureException: There are test failures.

Please refer to /home/travis/build/SonarSource/sonar-php/php-frontend/target/surefire-reports for the individual test results.
	at org.apache.maven.plugin.surefire.SurefireHelper.reportExecution(SurefireHelper.java:82)
	at org.apache.maven.plugin.surefire.SurefirePlugin.handleSummary(SurefirePlugin.java:213)
	at org.apache.maven.plugin.surefire.AbstractSurefireMojo.executeAfterPreconditionsChecked(AbstractSurefireMojo.java:883)
	at org.apache.maven.plugin.surefire.AbstractSurefireMojo.execute(AbstractSurefireMojo.java:751)
	at org.apache.maven.plugin.DefaultBuildPluginManager.executeMojo(DefaultBuildPluginManager.java:132)
	at org.apache.maven.lifecycle.internal.MojoExecutor.execute(MojoExecutor.java:208)
	... 19 more
[ERROR] 
[ERROR] Re-run Maven using the -X switch to enable full debug logging.
[ERROR] 
[ERROR] For more information about the errors and possible solutions, please read the following articles:
[ERROR] [Help 1] http://cwiki.apache.org/confluence/display/MAVEN/MojoFailureException
[ERROR] 
[ERROR] After correcting the problems, you can resume the build with the command
[ERROR]   mvn <goals> -rf :php-frontend

travis_time:end:1a640385:start=1488961975072008366,finish=1488962011878314003,duration=36806305637[0K
[31;1mThe command "./travis.sh" exited with 1.[0m
travis_fold:start:cache.2[0Kstore build cache
travis_time:start:12b9eb30[0K
travis_time:end:12b9eb30:start=1488962011887174061,finish=1488962011891758919,duration=4584858[0Ktravis_time:start:183cad52[0K[32;1mchange detected (content changed, file is created, or file is deleted):
/home/travis/.m2/repository/org/sonarsource/php/php/2.10.0.2061/_remote.repositories
/home/travis/.m2/repository/org/sonarsource/php/php/maven-metadata-local.xml

[0m
[32;1mchanges detected, packing new archive[0m
.
.
.
.
.
.
.
.
.
.
.
.
[32;1muploading archive[0m

travis_time:end:183cad52:start=1488962011896764612,finish=1488962110740761677,duration=98843997065[0Ktravis_fold:end:cache.2[0K
Done. Your build exited with 1.
