Using worker: worker-linux-docker-092b50f0.prod.travis-ci.org:travis-linux-6

travis_fold:start:system_info[0K[33;1mBuild system information[0m
Build language: java
Build group: stable
Build dist: precise
[34m[1mBuild image provisioning date and time[0m
Thu Feb  5 15:09:33 UTC 2015
[34m[1mOperating System Details[0m
Distributor ID:	Ubuntu
Description:	Ubuntu 12.04.5 LTS
Release:	12.04
Codename:	precise
[34m[1mLinux Version[0m
3.13.0-29-generic
[34m[1mCookbooks Version[0m
a68419e https://github.com/travis-ci/travis-cookbooks/tree/a68419e
[34m[1mGCC version[0m
gcc (Ubuntu/Linaro 4.6.3-1ubuntu5) 4.6.3
Copyright (C) 2011 Free Software Foundation, Inc.
This is free software; see the source for copying conditions.  There is NO
warranty; not even for MERCHANTABILITY or FITNESS FOR A PARTICULAR PURPOSE.

[34m[1mLLVM version[0m
clang version 3.4 (tags/RELEASE_34/final)
Target: x86_64-unknown-linux-gnu
Thread model: posix
[34m[1mPre-installed Ruby versions[0m
ruby-1.9.3-p551
[34m[1mPre-installed Node.js versions[0m
v0.10.36
[34m[1mPre-installed Go versions[0m
1.4.1
[34m[1mRedis version[0m
redis-server 2.8.19
[34m[1mriak version[0m
2.0.2
[34m[1mMongoDB version[0m
MongoDB 2.4.12
[34m[1mCouchDB version[0m
couchdb 1.6.1
[34m[1mNeo4j version[0m
1.9.4
[34m[1mRabbitMQ Version[0m
3.4.3
[34m[1mElasticSearch version[0m
1.4.0
[34m[1mInstalled Sphinx versions[0m
2.0.10
2.1.9
2.2.6
[34m[1mDefault Sphinx version[0m
2.2.6
[34m[1mInstalled Firefox version[0m
firefox 31.0esr
[34m[1mPhantomJS version[0m
1.9.8
[34m[1mant -version[0m
Apache Ant(TM) version 1.8.2 compiled on December 3 2011
[34m[1mmvn -version[0m
Apache Maven 3.2.5 (12a6b3acb947671f09b81f49094c53f426d8cea1; 2014-12-14T17:29:23+00:00)
Maven home: /usr/local/maven
Java version: 1.7.0_76, vendor: Oracle Corporation
Java home: /usr/lib/jvm/java-7-oracle/jre
Default locale: en_US, platform encoding: ANSI_X3.4-1968
OS name: "linux", version: "3.13.0-29-generic", arch: "amd64", family: "unix"
travis_fold:end:system_info[0K
travis_fold:start:git.checkout[0Ktravis_time:start:1d75658a[0K$ git clone --depth=50 https://github.com/checkstyle/checkstyle.git checkstyle/checkstyle
Cloning into 'checkstyle/checkstyle'...
remote: Counting objects: 3340, done.[K
remote: Compressing objects:   0% (1/1953)   [Kremote: Compressing objects:   1% (20/1953)   [Kremote: Compressing objects:   2% (40/1953)   [Kremote: Compressing objects:   3% (59/1953)   [Kremote: Compressing objects:   4% (79/1953)   [Kremote: Compressing objects:   5% (98/1953)   [Kremote: Compressing objects:   6% (118/1953)   [Kremote: Compressing objects:   7% (137/1953)   [Kremote: Compressing objects:   8% (157/1953)   [Kremote: Compressing objects:   9% (176/1953)   [Kremote: Compressing objects:  10% (196/1953)   [Kremote: Compressing objects:  11% (215/1953)   [Kremote: Compressing objects:  12% (235/1953)   [Kremote: Compressing objects:  13% (254/1953)   [Kremote: Compressing objects:  14% (274/1953)   [Kremote: Compressing objects:  15% (293/1953)   [Kremote: Compressing objects:  16% (313/1953)   [Kremote: Compressing objects:  17% (333/1953)   [Kremote: Compressing objects:  18% (352/1953)   [Kremote: Compressing objects:  19% (372/1953)   [Kremote: Compressing objects:  20% (391/1953)   [Kremote: Compressing objects:  21% (411/1953)   [Kremote: Compressing objects:  22% (430/1953)   [Kremote: Compressing objects:  23% (450/1953)   [Kremote: Compressing objects:  24% (469/1953)   [Kremote: Compressing objects:  25% (489/1953)   [Kremote: Compressing objects:  26% (508/1953)   [Kremote: Compressing objects:  27% (528/1953)   [Kremote: Compressing objects:  28% (547/1953)   [Kremote: Compressing objects:  29% (567/1953)   [Kremote: Compressing objects:  30% (586/1953)   [Kremote: Compressing objects:  31% (606/1953)   [Kremote: Compressing objects:  32% (625/1953)   [Kremote: Compressing objects:  33% (645/1953)   [Kremote: Compressing objects:  34% (665/1953)   [Kremote: Compressing objects:  35% (684/1953)   [Kremote: Compressing objects:  36% (704/1953)   [Kremote: Compressing objects:  37% (723/1953)   [Kremote: Compressing objects:  38% (743/1953)   [Kremote: Compressing objects:  39% (762/1953)   [Kremote: Compressing objects:  40% (782/1953)   [Kremote: Compressing objects:  41% (801/1953)   [Kremote: Compressing objects:  42% (821/1953)   [Kremote: Compressing objects:  43% (840/1953)   [Kremote: Compressing objects:  44% (860/1953)   [Kremote: Compressing objects:  45% (879/1953)   [Kremote: Compressing objects:  46% (899/1953)   [Kremote: Compressing objects:  47% (918/1953)   [Kremote: Compressing objects:  48% (938/1953)   [Kremote: Compressing objects:  49% (957/1953)   [Kremote: Compressing objects:  50% (977/1953)   [Kremote: Compressing objects:  51% (997/1953)   [Kremote: Compressing objects:  52% (1016/1953)   [Kremote: Compressing objects:  53% (1036/1953)   [Kremote: Compressing objects:  54% (1055/1953)   [Kremote: Compressing objects:  55% (1075/1953)   [Kremote: Compressing objects:  56% (1094/1953)   [Kremote: Compressing objects:  57% (1114/1953)   [Kremote: Compressing objects:  58% (1133/1953)   [Kremote: Compressing objects:  59% (1153/1953)   [Kremote: Compressing objects:  60% (1172/1953)   [Kremote: Compressing objects:  61% (1192/1953)   [Kremote: Compressing objects:  62% (1211/1953)   [Kremote: Compressing objects:  63% (1231/1953)   [Kremote: Compressing objects:  64% (1250/1953)   [Kremote: Compressing objects:  65% (1270/1953)   [Kremote: Compressing objects:  66% (1289/1953)   [Kremote: Compressing objects:  67% (1309/1953)   [Kremote: Compressing objects:  68% (1329/1953)   [Kremote: Compressing objects:  69% (1348/1953)   [Kremote: Compressing objects:  70% (1368/1953)   [Kremote: Compressing objects:  71% (1387/1953)   [Kremote: Compressing objects:  72% (1407/1953)   [Kremote: Compressing objects:  73% (1426/1953)   [Kremote: Compressing objects:  74% (1446/1953)   [Kremote: Compressing objects:  75% (1465/1953)   [Kremote: Compressing objects:  76% (1485/1953)   [Kremote: Compressing objects:  77% (1504/1953)   [Kremote: Compressing objects:  78% (1524/1953)   [Kremote: Compressing objects:  79% (1543/1953)   [Kremote: Compressing objects:  80% (1563/1953)   [Kremote: Compressing objects:  81% (1582/1953)   [Kremote: Compressing objects:  82% (1602/1953)   [Kremote: Compressing objects:  83% (1621/1953)   [Kremote: Compressing objects:  84% (1641/1953)   [Kremote: Compressing objects:  85% (1661/1953)   [Kremote: Compressing objects:  86% (1680/1953)   [Kremote: Compressing objects:  87% (1700/1953)   [Kremote: Compressing objects:  88% (1719/1953)   [Kremote: Compressing objects:  89% (1739/1953)   [Kremote: Compressing objects:  90% (1758/1953)   [Kremote: Compressing objects:  91% (1778/1953)   [Kremote: Compressing objects:  92% (1797/1953)   [Kremote: Compressing objects:  93% (1817/1953)   [Kremote: Compressing objects:  94% (1836/1953)   [Kremote: Compressing objects:  95% (1856/1953)   [Kremote: Compressing objects:  96% (1875/1953)   [Kremote: Compressing objects:  97% (1895/1953)   [Kremote: Compressing objects:  98% (1914/1953)   [Kremote: Compressing objects:  99% (1934/1953)   [Kremote: Compressing objects: 100% (1953/1953)   [Kremote: Compressing objects: 100% (1953/1953), done.[K
Receiving objects:   0% (1/3340)   Receiving objects:   1% (34/3340)   Receiving objects:   2% (67/3340)   Receiving objects:   3% (101/3340)   Receiving objects:   4% (134/3340)   Receiving objects:   5% (167/3340)   Receiving objects:   6% (201/3340)   Receiving objects:   7% (234/3340)   Receiving objects:   8% (268/3340)   Receiving objects:   9% (301/3340)   Receiving objects:  10% (334/3340)   Receiving objects:  11% (368/3340)   Receiving objects:  12% (401/3340)   Receiving objects:  13% (435/3340)   Receiving objects:  14% (468/3340)   Receiving objects:  15% (501/3340)   Receiving objects:  16% (535/3340)   Receiving objects:  17% (568/3340)   Receiving objects:  18% (602/3340)   Receiving objects:  19% (635/3340)   Receiving objects:  20% (668/3340)   Receiving objects:  21% (702/3340)   Receiving objects:  22% (735/3340)   Receiving objects:  23% (769/3340)   Receiving objects:  24% (802/3340)   Receiving objects:  25% (835/3340)   Receiving objects:  26% (869/3340)   Receiving objects:  27% (902/3340)   Receiving objects:  28% (936/3340)   Receiving objects:  29% (969/3340)   Receiving objects:  30% (1002/3340)   Receiving objects:  31% (1036/3340)   Receiving objects:  32% (1069/3340)   Receiving objects:  33% (1103/3340)   Receiving objects:  34% (1136/3340)   Receiving objects:  35% (1169/3340)   Receiving objects:  36% (1203/3340)   Receiving objects:  37% (1236/3340)   Receiving objects:  38% (1270/3340)   Receiving objects:  39% (1303/3340)   Receiving objects:  40% (1336/3340)   Receiving objects:  41% (1370/3340)   Receiving objects:  42% (1403/3340)   Receiving objects:  43% (1437/3340)   Receiving objects:  44% (1470/3340)   Receiving objects:  45% (1503/3340)   Receiving objects:  46% (1537/3340)   Receiving objects:  47% (1570/3340)   Receiving objects:  48% (1604/3340)   Receiving objects:  49% (1637/3340)   Receiving objects:  50% (1670/3340)   Receiving objects:  51% (1704/3340)   Receiving objects:  52% (1737/3340)   Receiving objects:  53% (1771/3340)   Receiving objects:  54% (1804/3340)   Receiving objects:  55% (1837/3340)   Receiving objects:  56% (1871/3340)   Receiving objects:  57% (1904/3340)   Receiving objects:  58% (1938/3340)   Receiving objects:  59% (1971/3340)   Receiving objects:  60% (2004/3340)   Receiving objects:  61% (2038/3340)   Receiving objects:  62% (2071/3340)   Receiving objects:  63% (2105/3340)   Receiving objects:  64% (2138/3340)   Receiving objects:  65% (2171/3340)   Receiving objects:  66% (2205/3340)   Receiving objects:  67% (2238/3340)   Receiving objects:  68% (2272/3340)   Receiving objects:  69% (2305/3340)   Receiving objects:  70% (2338/3340)   Receiving objects:  71% (2372/3340)   Receiving objects:  72% (2405/3340)   Receiving objects:  73% (2439/3340)   Receiving objects:  74% (2472/3340)   Receiving objects:  75% (2505/3340)   Receiving objects:  76% (2539/3340)   Receiving objects:  77% (2572/3340)   Receiving objects:  78% (2606/3340)   Receiving objects:  79% (2639/3340)   Receiving objects:  80% (2672/3340)   Receiving objects:  81% (2706/3340)   Receiving objects:  82% (2739/3340)   Receiving objects:  83% (2773/3340)   remote: Total 3340 (delta 1691), reused 2065 (delta 1089), pack-reused 0[K
Receiving objects:  84% (2806/3340)   Receiving objects:  85% (2839/3340)   Receiving objects:  86% (2873/3340)   Receiving objects:  87% (2906/3340)   Receiving objects:  88% (2940/3340)   Receiving objects:  89% (2973/3340)   Receiving objects:  90% (3006/3340)   Receiving objects:  91% (3040/3340)   Receiving objects:  92% (3073/3340)   Receiving objects:  93% (3107/3340)   Receiving objects:  94% (3140/3340)   Receiving objects:  95% (3173/3340)   Receiving objects:  96% (3207/3340)   Receiving objects:  97% (3240/3340)   Receiving objects:  98% (3274/3340)   Receiving objects:  99% (3307/3340)   Receiving objects: 100% (3340/3340)   Receiving objects: 100% (3340/3340), 3.69 MiB | 0 bytes/s, done.
Resolving deltas:   0% (0/1691)   Resolving deltas:   2% (49/1691)   Resolving deltas:   3% (52/1691)   Resolving deltas:   4% (71/1691)   Resolving deltas:   5% (85/1691)   Resolving deltas:   6% (105/1691)   Resolving deltas:   9% (155/1691)   Resolving deltas:  10% (182/1691)   Resolving deltas:  12% (208/1691)   Resolving deltas:  13% (222/1691)   Resolving deltas:  14% (238/1691)   Resolving deltas:  15% (254/1691)   Resolving deltas:  16% (282/1691)   Resolving deltas:  17% (288/1691)   Resolving deltas:  18% (305/1691)   Resolving deltas:  19% (325/1691)   Resolving deltas:  20% (345/1691)   Resolving deltas:  21% (356/1691)   Resolving deltas:  23% (395/1691)   Resolving deltas:  24% (407/1691)   Resolving deltas:  25% (423/1691)   Resolving deltas:  26% (450/1691)   Resolving deltas:  27% (457/1691)   Resolving deltas:  28% (476/1691)   Resolving deltas:  29% (493/1691)   Resolving deltas:  30% (511/1691)   Resolving deltas:  31% (525/1691)   Resolving deltas:  32% (551/1691)   Resolving deltas:  33% (560/1691)   Resolving deltas:  34% (575/1691)   Resolving deltas:  35% (594/1691)   Resolving deltas:  36% (611/1691)   Resolving deltas:  37% (629/1691)   Resolving deltas:  38% (644/1691)   Resolving deltas:  39% (661/1691)   Resolving deltas:  40% (677/1691)   Resolving deltas:  42% (723/1691)   Resolving deltas:  43% (733/1691)   Resolving deltas:  44% (745/1691)   Resolving deltas:  45% (761/1691)   Resolving deltas:  47% (800/1691)   Resolving deltas:  48% (813/1691)   Resolving deltas:  49% (833/1691)   Resolving deltas:  50% (846/1691)   Resolving deltas:  51% (864/1691)   Resolving deltas:  52% (881/1691)   Resolving deltas:  53% (899/1691)   Resolving deltas:  54% (921/1691)   Resolving deltas:  55% (931/1691)   Resolving deltas:  56% (948/1691)   Resolving deltas:  57% (967/1691)   Resolving deltas:  59% (1007/1691)   Resolving deltas:  60% (1030/1691)   Resolving deltas:  61% (1032/1691)   Resolving deltas:  65% (1106/1691)   Resolving deltas:  66% (1129/1691)   Resolving deltas:  74% (1253/1691)   Resolving deltas:  75% (1283/1691)   Resolving deltas:  76% (1286/1691)   Resolving deltas:  77% (1305/1691)   Resolving deltas:  78% (1321/1691)   Resolving deltas:  79% (1336/1691)   Resolving deltas:  80% (1355/1691)   Resolving deltas:  81% (1373/1691)   Resolving deltas:  82% (1388/1691)   Resolving deltas:  83% (1404/1691)   Resolving deltas:  84% (1422/1691)   Resolving deltas:  85% (1439/1691)   Resolving deltas:  86% (1455/1691)   Resolving deltas:  87% (1486/1691)   Resolving deltas:  88% (1493/1691)   Resolving deltas:  89% (1505/1691)   Resolving deltas:  90% (1522/1691)   Resolving deltas:  91% (1545/1691)   Resolving deltas:  92% (1557/1691)   Resolving deltas:  93% (1574/1691)   Resolving deltas:  94% (1593/1691)   Resolving deltas:  95% (1609/1691)   Resolving deltas:  96% (1627/1691)   Resolving deltas:  97% (1642/1691)   Resolving deltas:  98% (1661/1691)   Resolving deltas:  99% (1677/1691)   Resolving deltas: 100% (1691/1691)   Resolving deltas: 100% (1691/1691), done.
Checking connectivity... done.
travis_time:end:1d75658a:start=1452866564030740139,finish=1452866565214960017,duration=1184219878[0K$ cd checkstyle/checkstyle
travis_time:start:2fd22af6[0K$ git fetch origin +refs/pull/2798/merge:
remote: Counting objects: 59, done.[K
remote: Compressing objects:   3% (1/33)   [Kremote: Compressing objects:   6% (2/33)   [Kremote: Compressing objects:   9% (3/33)   [Kremote: Compressing objects:  12% (4/33)   [Kremote: Compressing objects:  15% (5/33)   [Kremote: Compressing objects:  18% (6/33)   [Kremote: Compressing objects:  21% (7/33)   [Kremote: Compressing objects:  24% (8/33)   [Kremote: Compressing objects:  27% (9/33)   [Kremote: Compressing objects:  30% (10/33)   [Kremote: Compressing objects:  33% (11/33)   [Kremote: Compressing objects:  36% (12/33)   [Kremote: Compressing objects:  39% (13/33)   [Kremote: Compressing objects:  42% (14/33)   [Kremote: Compressing objects:  45% (15/33)   [Kremote: Compressing objects:  48% (16/33)   [Kremote: Compressing objects:  51% (17/33)   [Kremote: Compressing objects:  54% (18/33)   [Kremote: Compressing objects:  57% (19/33)   [Kremote: Compressing objects:  60% (20/33)   [Kremote: Compressing objects:  63% (21/33)   [Kremote: Compressing objects:  66% (22/33)   [Kremote: Compressing objects:  69% (23/33)   [Kremote: Compressing objects:  72% (24/33)   [Kremote: Compressing objects:  75% (25/33)   [Kremote: Compressing objects:  78% (26/33)   [Kremote: Compressing objects:  81% (27/33)   [Kremote: Compressing objects:  84% (28/33)   [Kremote: Compressing objects:  87% (29/33)   [Kremote: Compressing objects:  90% (30/33)   [Kremote: Compressing objects:  93% (31/33)   [Kremote: Compressing objects:  96% (32/33)   [Kremote: Compressing objects: 100% (33/33)   [Kremote: Compressing objects: 100% (33/33), done.[K
remote: Total 59 (delta 19), reused 27 (delta 2), pack-reused 0[K
Unpacking objects:   1% (1/59)   Unpacking objects:   3% (2/59)   Unpacking objects:   5% (3/59)   Unpacking objects:   6% (4/59)   Unpacking objects:   8% (5/59)   Unpacking objects:  10% (6/59)   Unpacking objects:  11% (7/59)   Unpacking objects:  13% (8/59)   Unpacking objects:  15% (9/59)   Unpacking objects:  16% (10/59)   Unpacking objects:  18% (11/59)   Unpacking objects:  20% (12/59)   Unpacking objects:  22% (13/59)   Unpacking objects:  23% (14/59)   Unpacking objects:  25% (15/59)   Unpacking objects:  27% (16/59)   Unpacking objects:  28% (17/59)   Unpacking objects:  30% (18/59)   Unpacking objects:  32% (19/59)   Unpacking objects:  33% (20/59)   Unpacking objects:  35% (21/59)   Unpacking objects:  37% (22/59)   Unpacking objects:  38% (23/59)   Unpacking objects:  40% (24/59)   Unpacking objects:  42% (25/59)   Unpacking objects:  44% (26/59)   Unpacking objects:  45% (27/59)   Unpacking objects:  47% (28/59)   Unpacking objects:  49% (29/59)   Unpacking objects:  50% (30/59)   Unpacking objects:  52% (31/59)   Unpacking objects:  54% (32/59)   Unpacking objects:  55% (33/59)   Unpacking objects:  57% (34/59)   Unpacking objects:  59% (35/59)   Unpacking objects:  61% (36/59)   Unpacking objects:  62% (37/59)   Unpacking objects:  64% (38/59)   Unpacking objects:  66% (39/59)   Unpacking objects:  67% (40/59)   Unpacking objects:  69% (41/59)   Unpacking objects:  71% (42/59)   Unpacking objects:  72% (43/59)   Unpacking objects:  74% (44/59)   Unpacking objects:  76% (45/59)   Unpacking objects:  77% (46/59)   Unpacking objects:  79% (47/59)   Unpacking objects:  81% (48/59)   Unpacking objects:  83% (49/59)   Unpacking objects:  84% (50/59)   Unpacking objects:  86% (51/59)   Unpacking objects:  88% (52/59)   Unpacking objects:  89% (53/59)   Unpacking objects:  91% (54/59)   Unpacking objects:  93% (55/59)   Unpacking objects:  94% (56/59)   Unpacking objects:  96% (57/59)   Unpacking objects:  98% (58/59)   Unpacking objects: 100% (59/59)   Unpacking objects: 100% (59/59), done.
From https://github.com/checkstyle/checkstyle
 * branch            refs/pull/2798/merge -> FETCH_HEAD
travis_time:end:2fd22af6:start=1452866565218961521,finish=1452866565596091630,duration=377130109[0K$ git checkout -qf FETCH_HEAD
travis_fold:end:git.checkout[0K
[33;1mThis job is running on container-based infrastructure, which does not allow use of 'sudo', setuid and setguid executables.[0m
[33;1mIf you require sudo, add 'sudo: required' to your .travis.yml[0m
[33;1mSee https://docs.travis-ci.com/user/workers/container-based-infrastructure/ for details.[0m

[33;1mSetting environment variables from .travis.yml[0m
$ export DESC="cobertura and codecov"
$ export CMD="mvn clean compile cobertura:check cobertura:cobertura"
$ export COVERAGE_CMD="bash <(curl -s https://codecov.io/bash)"

travis_fold:start:cache.1[0KSetting up build cache
$ export CASHER_DIR=$HOME/.casher
travis_time:start:0a5197b7[0K$ Installing caching utilities
travis_time:end:0a5197b7:start=1452866567717998210,finish=1452866567765658072,duration=47659862[0Ktravis_time:start:07bb63b0[0Ktravis_time:end:07bb63b0:start=1452866567770245961,finish=1452866567773435499,duration=3189538[0Ktravis_time:start:148b2580[0K[32;1mattempting to download cache archive[0m
[32;1mfetching PR.2798/cache--jdk-oraclejdk8.tgz[0m
[32;1mfound cache[0m
travis_time:end:148b2580:start=1452866567777185886,finish=1452866570365269293,duration=2588083407[0Ktravis_time:start:07384845[0Ktravis_time:end:07384845:start=1452866570369191530,finish=1452866570372389742,duration=3198212[0Ktravis_time:start:0861cb4e[0K[32;1madding /home/travis/.m2 to cache[0m
travis_time:end:0861cb4e:start=1452866570376169914,finish=1452866573176551196,duration=2800381282[0Ktravis_fold:end:cache.1[0K$ jdk_switcher use oraclejdk8
Switching to Oracle JDK8 (java-8-oracle), JAVA_HOME will be set to /usr/lib/jvm/java-8-oracle
$ java -Xmx32m -version
java version "1.8.0_31"
Java(TM) SE Runtime Environment (build 1.8.0_31-b13)
Java HotSpot(TM) 64-Bit Server VM (build 25.31-b07, mixed mode)
$ javac -J-Xmx32m -version
javac 1.8.0_31
travis_fold:start:install[0Ktravis_time:start:2a023fa8[0K$ 
travis_time:end:2a023fa8:start=1452866573570536130,finish=1452866573573635992,duration=3099862[0Ktravis_fold:end:install[0Ktravis_time:start:2325e4d8[0K$ eval $CMD
Java HotSpot(TM) 64-Bit Server VM warning: ignoring option MaxPermSize=192m; support was removed in 8.0
[INFO] Scanning for projects...
[INFO] Inspecting build with total of 1 modules...
[INFO] Installing Nexus Staging features:
[INFO]   ... total of 1 executions of maven-deploy-plugin replaced with nexus-staging-maven-plugin
Downloading: https://oss.sonatype.org/content/repositories/codehaus-snapshots/org/apache/maven/plugins/maven-failsafe-plugin/2.19.1/maven-failsafe-plugin-2.19.1.pom
Downloading: http://sevntu-checkstyle.github.io/sevntu.checkstyle/maven2/org/apache/maven/plugins/maven-failsafe-plugin/2.19.1/maven-failsafe-plugin-2.19.1.pom
Downloading: https://repo.maven.apache.org/maven2/org/apache/maven/plugins/maven-failsafe-plugin/2.19.1/maven-failsafe-plugin-2.19.1.pom
4/10 KB   8/10 KB   10/10 KB              Downloaded: https://repo.maven.apache.org/maven2/org/apache/maven/plugins/maven-failsafe-plugin/2.19.1/maven-failsafe-plugin-2.19.1.pom (10 KB at 49.9 KB/sec)
Downloading: https://oss.sonatype.org/content/repositories/codehaus-snapshots/org/apache/maven/surefire/surefire/2.19.1/surefire-2.19.1.pom
           Downloading: http://sevntu-checkstyle.github.io/sevntu.checkstyle/maven2/org/apache/maven/surefire/surefire/2.19.1/surefire-2.19.1.pom
           Downloading: https://repo.maven.apache.org/maven2/org/apache/maven/surefire/surefire/2.19.1/surefire-2.19.1.pom
2/19 KB    6/19 KB   10/19 KB   14/19 KB   18/19 KB   19/19 KB              Downloaded: https://repo.maven.apache.org/maven2/org/apache/maven/surefire/surefire/2.19.1/surefire-2.19.1.pom (19 KB at 214.5 KB/sec)
Downloading: https://oss.sonatype.org/content/repositories/codehaus-snapshots/org/apache/maven/plugins/maven-failsafe-plugin/2.19.1/maven-failsafe-plugin-2.19.1.jar
           Downloading: http://sevntu-checkstyle.github.io/sevntu.checkstyle/maven2/org/apache/maven/plugins/maven-failsafe-plugin/2.19.1/maven-failsafe-plugin-2.19.1.jar
           Downloading: https://repo.maven.apache.org/maven2/org/apache/maven/plugins/maven-failsafe-plugin/2.19.1/maven-failsafe-plugin-2.19.1.jar
4/85 KB    8/85 KB   12/85 KB   16/85 KB   20/85 KB   24/85 KB   28/85 KB   32/85 KB   36/85 KB   40/85 KB   44/85 KB   48/85 KB   52/85 KB   56/85 KB   60/85 KB   64/85 KB   68/85 KB   72/85 KB   76/85 KB   80/85 KB   84/85 KB   85/85 KB              Downloaded: https://repo.maven.apache.org/maven2/org/apache/maven/plugins/maven-failsafe-plugin/2.19.1/maven-failsafe-plugin-2.19.1.jar (85 KB at 670.8 KB/sec)
Downloading: https://oss.sonatype.org/content/repositories/codehaus-snapshots/org/apache/maven/plugins/maven-surefire-plugin/2.19.1/maven-surefire-plugin-2.19.1.pom
           Downloading: http://sevntu-checkstyle.github.io/sevntu.checkstyle/maven2/org/apache/maven/plugins/maven-surefire-plugin/2.19.1/maven-surefire-plugin-2.19.1.pom
           Downloading: https://repo.maven.apache.org/maven2/org/apache/maven/plugins/maven-surefire-plugin/2.19.1/maven-surefire-plugin-2.19.1.pom
2/6 KB     6/6 KB   6/6 KB            Downloaded: https://repo.maven.apache.org/maven2/org/apache/maven/plugins/maven-surefire-plugin/2.19.1/maven-surefire-plugin-2.19.1.pom (6 KB at 132.5 KB/sec)
Downloading: https://oss.sonatype.org/content/repositories/codehaus-snapshots/org/apache/maven/plugins/maven-surefire-plugin/2.19.1/maven-surefire-plugin-2.19.1.jar
         Downloading: http://sevntu-checkstyle.github.io/sevntu.checkstyle/maven2/org/apache/maven/plugins/maven-surefire-plugin/2.19.1/maven-surefire-plugin-2.19.1.jar
         Downloading: https://repo.maven.apache.org/maven2/org/apache/maven/plugins/maven-surefire-plugin/2.19.1/maven-surefire-plugin-2.19.1.jar
4/38 KB   8/38 KB   12/38 KB   16/38 KB   20/38 KB   24/38 KB   25/38 KB   29/38 KB   33/38 KB   37/38 KB   38/38 KB              Downloaded: https://repo.maven.apache.org/maven2/org/apache/maven/plugins/maven-surefire-plugin/2.19.1/maven-surefire-plugin-2.19.1.jar (38 KB at 595.3 KB/sec)
[INFO]                                                                         
[INFO] ------------------------------------------------------------------------
[INFO] Building checkstyle 6.15-SNAPSHOT
[INFO] ------------------------------------------------------------------------
Downloading: http://repo.maven.apache.org/maven2/junit/junit-dep/maven-metadata.xml
Downloading: https://repository.apache.org/releases/junit/junit-dep/maven-metadata.xml
Downloading: https://oss.sonatype.org/content/repositories/releases/junit/junit-dep/maven-metadata.xml
Downloading: https://repository.apache.org/snapshots/junit/junit-dep/maven-metadata.xml
563/563 B   563/563 B   563/563 B                           Downloaded: http://repo.maven.apache.org/maven2/junit/junit-dep/maven-metadata.xml (563 B at 8.3 KB/sec)
Downloading: https://nexus.codehaus.org/snapshots/junit/junit-dep/maven-metadata.xml
                        Downloaded: https://oss.sonatype.org/content/repositories/releases/junit/junit-dep/maven-metadata.xml (563 B at 7.6 KB/sec)
Downloading: https://oss.sonatype.org/content/repositories/snapshots/junit/junit-dep/maven-metadata.xml
                                                                                                [WARNING] Could not transfer metadata junit:junit-dep/maven-metadata.xml from/to codehaus-snapshots (https://nexus.codehaus.org/snapshots/): nexus.codehaus.org: unknown error
Downloading: http://repo.maven.apache.org/maven2/nl/jqno/equalsverifier/equalsverifier/1.7.6/equalsverifier-1.7.6.pom
4/10 KB                 6/10 KB   10/10 KB   10/10 KB              Downloaded: http://repo.maven.apache.org/maven2/nl/jqno/equalsverifier/equalsverifier/1.7.6/equalsverifier-1.7.6.pom (10 KB at 243.8 KB/sec)
Downloading: http://repo.maven.apache.org/maven2/nl/jqno/equalsverifier/equalsverifier/1.7.6/equalsverifier-1.7.6.jar
4/503 KB   8/503 KB   12/503 KB   16/503 KB   20/503 KB   24/503 KB   28/503 KB   32/503 KB   36/503 KB   40/503 KB   44/503 KB   47/503 KB   51/503 KB   55/503 KB   59/503 KB   63/503 KB   67/503 KB   71/503 KB   75/503 KB   79/503 KB   83/503 KB   87/503 KB   91/503 KB   95/503 KB   99/503 KB   103/503 KB   107/503 KB   109/503 KB   112/503 KB   116/503 KB   120/503 KB   124/503 KB   128/503 KB   132/503 KB   136/503 KB   140/503 KB   144/503 KB   148/503 KB   152/503 KB   156/503 KB   160/503 KB   164/503 KB   168/503 KB   172/503 KB   176/503 KB   180/503 KB   184/503 KB   188/503 KB   192/503 KB   196/503 KB   200/503 KB   204/503 KB   208/503 KB   212/503 KB   216/503 KB   220/503 KB   224/503 KB   228/503 KB   232/503 KB   236/503 KB   240/503 KB   244/503 KB   248/503 KB   252/503 KB   256/503 KB   260/503 KB   264/503 KB   268/503 KB   272/503 KB   276/503 KB   280/503 KB   284/503 KB   288/503 KB   292/503 KB   296/503 KB   300/503 KB   304/503 KB   308/503 KB   312/503 KB   316/503 KB   320/503 KB   324/503 KB   328/503 KB   332/503 KB   336/503 KB   340/503 KB   344/503 KB   348/503 KB   352/503 KB   356/503 KB   360/503 KB   364/503 KB   368/503 KB   372/503 KB   376/503 KB   380/503 KB   384/503 KB   388/503 KB   392/503 KB   396/503 KB   400/503 KB   404/503 KB   408/503 KB   412/503 KB   416/503 KB   420/503 KB   424/503 KB   428/503 KB   432/503 KB   436/503 KB   440/503 KB   444/503 KB   448/503 KB   452/503 KB   456/503 KB   460/503 KB   464/503 KB   468/503 KB   472/503 KB   476/503 KB   480/503 KB   484/503 KB   488/503 KB   492/503 KB   496/503 KB   500/503 KB   503/503 KB                Downloaded: http://repo.maven.apache.org/maven2/nl/jqno/equalsverifier/equalsverifier/1.7.6/equalsverifier-1.7.6.jar (503 KB at 3419.1 KB/sec)
[INFO] 
[INFO] --- maven-clean-plugin:3.0.0:clean (default-clean) @ checkstyle ---
[INFO] 
[INFO] --- maven-enforcer-plugin:1.4.1:enforce (enforce-maven) @ checkstyle ---
[INFO] 
[INFO] --- maven-enforcer-plugin:1.4.1:enforce (enforce-versions) @ checkstyle ---
[INFO] 
[INFO] --- antlr-maven-plugin:2.2:generate (default) @ checkstyle ---
[INFO] performing grammar generation [java.g]
ANTLR Parser Generator   Version 2.7.7 (20060906)   1989-2005
/home/travis/build/checkstyle/checkstyle/src/main/resources/com/puppycrawl/tools/checkstyle/grammars/java.g:623:9: warning:nondeterminism between alts 1 and 2 of block upon
/home/travis/build/checkstyle/checkstyle/src/main/resources/com/puppycrawl/tools/checkstyle/grammars/java.g:623:9:     k==1:AT
/home/travis/build/checkstyle/checkstyle/src/main/resources/com/puppycrawl/tools/checkstyle/grammars/java.g:623:9:     k==2:IDENT
/home/travis/build/checkstyle/checkstyle/src/main/resources/com/puppycrawl/tools/checkstyle/grammars/java.g:770:16: warning:nondeterminism between alts 1 and 2 of block upon
/home/travis/build/checkstyle/checkstyle/src/main/resources/com/puppycrawl/tools/checkstyle/grammars/java.g:770:16:     k==1:AT
/home/travis/build/checkstyle/checkstyle/src/main/resources/com/puppycrawl/tools/checkstyle/grammars/java.g:770:16:     k==2:IDENT
/home/travis/build/checkstyle/checkstyle/src/main/resources/com/puppycrawl/tools/checkstyle/grammars/java.g:806:61: warning:nondeterminism between alts 1 and 2 of block upon
/home/travis/build/checkstyle/checkstyle/src/main/resources/com/puppycrawl/tools/checkstyle/grammars/java.g:806:61:     k==1:SEMI
/home/travis/build/checkstyle/checkstyle/src/main/resources/com/puppycrawl/tools/checkstyle/grammars/java.g:806:61:     k==2:"final","abstract","strictfp",SEMI,"void","boolean","byte","char","short","int","float","long","double",IDENT,"private","public","protected","static","transient","native","synchronized","volatile","class","interface",LCURLY,RCURLY,"default",LT,ENUM,AT
/home/travis/build/checkstyle/checkstyle/src/main/resources/com/puppycrawl/tools/checkstyle/grammars/java.g:695:9: warning:nondeterminism between alts 1 and 2 of block upon
/home/travis/build/checkstyle/checkstyle/src/main/resources/com/puppycrawl/tools/checkstyle/grammars/java.g:695:9:     k==1:AT
/home/travis/build/checkstyle/checkstyle/src/main/resources/com/puppycrawl/tools/checkstyle/grammars/java.g:695:9:     k==2:IDENT
/home/travis/build/checkstyle/checkstyle/src/main/resources/com/puppycrawl/tools/checkstyle/grammars/java.g:947: warning:Syntactic predicate superfluous for single alternative
/home/travis/build/checkstyle/checkstyle/src/main/resources/com/puppycrawl/tools/checkstyle/grammars/java.g:972:31: warning:nondeterminism between alts 1 and 2 of block upon
/home/travis/build/checkstyle/checkstyle/src/main/resources/com/puppycrawl/tools/checkstyle/grammars/java.g:972:31:     k==1:IDENT
/home/travis/build/checkstyle/checkstyle/src/main/resources/com/puppycrawl/tools/checkstyle/grammars/java.g:972:31:     k==2:LBRACK
/home/travis/build/checkstyle/checkstyle/src/main/resources/com/puppycrawl/tools/checkstyle/grammars/java.g:1027:43: warning:nondeterminism between alts 1 and 2 of block upon
/home/travis/build/checkstyle/checkstyle/src/main/resources/com/puppycrawl/tools/checkstyle/grammars/java.g:1027:43:     k==1:SEMI
/home/travis/build/checkstyle/checkstyle/src/main/resources/com/puppycrawl/tools/checkstyle/grammars/java.g:1027:43:     k==2:"final","abstract","strictfp",SEMI,"void","boolean","byte","char","short","int","float","long","double",IDENT,"private","public","protected","static","transient","native","synchronized","volatile","class",LCURLY,RCURLY,LPAREN,RPAREN,"this","super",COLON,"if","while","do","break","continue","return","switch","throw","for","else","case","default","try",PLUS,MINUS,INC,DEC,BNOT,LNOT,"true","false","null","new",NUM_INT,CHAR_LITERAL,STRING_LITERAL,NUM_FLOAT,NUM_LONG,NUM_DOUBLE,ASSERT,AT
/home/travis/build/checkstyle/checkstyle/src/main/resources/com/puppycrawl/tools/checkstyle/grammars/java.g:1127:9: warning:nondeterminism between alts 1 and 2 of block upon
/home/travis/build/checkstyle/checkstyle/src/main/resources/com/puppycrawl/tools/checkstyle/grammars/java.g:1127:9:     k==1:"default"
/home/travis/build/checkstyle/checkstyle/src/main/resources/com/puppycrawl/tools/checkstyle/grammars/java.g:1127:9:     k==2:"final","abstract","strictfp",SEMI,"void","boolean","byte","char","short","int","float","long","double",IDENT,"private","public","protected","static","transient","native","synchronized","volatile","class",LCURLY,RCURLY,LPAREN,RPAREN,"this","super",COLON,"if","while","do","break","continue","return","switch","throw","for","case","default","try",PLUS,MINUS,INC,DEC,BNOT,LNOT,"true","false","null","new",NUM_INT,CHAR_LITERAL,STRING_LITERAL,NUM_FLOAT,NUM_LONG,NUM_DOUBLE,ASSERT,AT
/home/travis/build/checkstyle/checkstyle/src/main/resources/com/puppycrawl/tools/checkstyle/grammars/java.g:1411:13: warning:nondeterminism between alts 1 and 4 of block upon
/home/travis/build/checkstyle/checkstyle/src/main/resources/com/puppycrawl/tools/checkstyle/grammars/java.g:1411:13:     k==1:IDENT,"this","super",LT
/home/travis/build/checkstyle/checkstyle/src/main/resources/com/puppycrawl/tools/checkstyle/grammars/java.g:1411:13:     k==2:"final","abstract","strictfp",SEMI,LBRACK,RBRACK,"void","boolean","byte","char","short","int","float","long","double",IDENT,DOT,STAR,"private","public","protected","static","transient","native","synchronized","volatile","class","interface",LCURLY,RCURLY,COMMA,LPAREN,RPAREN,"this","super",ASSIGN,COLON,"if","while","do","break","continue","return","switch","throw","for","else","case","default","try",PLUS_ASSIGN,MINUS_ASSIGN,STAR_ASSIGN,DIV_ASSIGN,MOD_ASSIGN,SR_ASSIGN,BSR_ASSIGN,SL_ASSIGN,BAND_ASSIGN,BXOR_ASSIGN,BOR_ASSIGN,QUESTION,LOR,LAND,BOR,BXOR,BAND,NOT_EQUAL,EQUAL,LT,GT,LE,GE,"instanceof",SL,SR,BSR,PLUS,MINUS,DIV,MOD,INC,DEC,BNOT,LNOT,"true","false","null","new",NUM_INT,CHAR_LITERAL,STRING_LITERAL,NUM_FLOAT,NUM_LONG,NUM_DOUBLE,ASSERT,ENUM,AT,DOUBLE_COLON
/home/travis/build/checkstyle/checkstyle/src/main/resources/com/puppycrawl/tools/checkstyle/grammars/java.g:1411:13: warning:nondeterminism between alts 2 and 4 of block upon
/home/travis/build/checkstyle/checkstyle/src/main/resources/com/puppycrawl/tools/checkstyle/grammars/java.g:1411:13:     k==1:"class"
/home/travis/build/checkstyle/checkstyle/src/main/resources/com/puppycrawl/tools/checkstyle/grammars/java.g:1411:13:     k==2:"final","abstract","strictfp",SEMI,LBRACK,RBRACK,"void","boolean","byte","char","short","int","float","long","double",IDENT,DOT,STAR,"private","public","protected","static","transient","native","synchronized","volatile","class","interface",LCURLY,RCURLY,COMMA,LPAREN,RPAREN,"this","super",ASSIGN,COLON,"if","while","do","break","continue","return","switch","throw","for","else","case","default","try",PLUS_ASSIGN,MINUS_ASSIGN,STAR_ASSIGN,DIV_ASSIGN,MOD_ASSIGN,SR_ASSIGN,BSR_ASSIGN,SL_ASSIGN,BAND_ASSIGN,BXOR_ASSIGN,BOR_ASSIGN,QUESTION,LOR,LAND,BOR,BXOR,BAND,NOT_EQUAL,EQUAL,LT,GT,LE,GE,"instanceof",SL,SR,BSR,PLUS,MINUS,DIV,MOD,INC,DEC,BNOT,LNOT,"true","false","null","new",NUM_INT,CHAR_LITERAL,STRING_LITERAL,NUM_FLOAT,NUM_LONG,NUM_DOUBLE,ASSERT,ENUM,AT,DOUBLE_COLON
/home/travis/build/checkstyle/checkstyle/src/main/resources/com/puppycrawl/tools/checkstyle/grammars/java.g:1411:13: warning:nondeterminism between alts 3 and 4 of block upon
/home/travis/build/checkstyle/checkstyle/src/main/resources/com/puppycrawl/tools/checkstyle/grammars/java.g:1411:13:     k==1:"new"
/home/travis/build/checkstyle/checkstyle/src/main/resources/com/puppycrawl/tools/checkstyle/grammars/java.g:1411:13:     k==2:"void","boolean","byte","char","short","int","float","long","double",IDENT,LT,AT
/home/travis/build/checkstyle/checkstyle/src/main/resources/com/puppycrawl/tools/checkstyle/grammars/java.g:1456:9: warning:nondeterminism between alts 1 and 3 of block upon
/home/travis/build/checkstyle/checkstyle/src/main/resources/com/puppycrawl/tools/checkstyle/grammars/java.g:1456:9:     k==1:INC
/home/travis/build/checkstyle/checkstyle/src/main/resources/com/puppycrawl/tools/checkstyle/grammars/java.g:1456:9:     k==2:"final","abstract","strictfp",SEMI,RBRACK,"void","boolean","byte","char","short","int","float","long","double",IDENT,STAR,"private","public","protected","static","transient","native","synchronized","volatile","class","interface",LCURLY,RCURLY,COMMA,LPAREN,RPAREN,"this","super",ASSIGN,COLON,"if","while","do","break","continue","return","switch","throw","for","else","case","default","try",PLUS_ASSIGN,MINUS_ASSIGN,STAR_ASSIGN,DIV_ASSIGN,MOD_ASSIGN,SR_ASSIGN,BSR_ASSIGN,SL_ASSIGN,BAND_ASSIGN,BXOR_ASSIGN,BOR_ASSIGN,QUESTION,LOR,LAND,BOR,BXOR,BAND,NOT_EQUAL,EQUAL,LT,GT,LE,GE,"instanceof",SL,SR,BSR,PLUS,MINUS,DIV,MOD,INC,DEC,BNOT,LNOT,"true","false","null","new",NUM_INT,CHAR_LITERAL,STRING_LITERAL,NUM_FLOAT,NUM_LONG,NUM_DOUBLE,ASSERT,ENUM,AT
/home/travis/build/checkstyle/checkstyle/src/main/resources/com/puppycrawl/tools/checkstyle/grammars/java.g:1456:9: warning:nondeterminism between alts 2 and 3 of block upon
/home/travis/build/checkstyle/checkstyle/src/main/resources/com/puppycrawl/tools/checkstyle/grammars/java.g:1456:9:     k==1:DEC
/home/travis/build/checkstyle/checkstyle/src/main/resources/com/puppycrawl/tools/checkstyle/grammars/java.g:1456:9:     k==2:"final","abstract","strictfp",SEMI,RBRACK,"void","boolean","byte","char","short","int","float","long","double",IDENT,STAR,"private","public","protected","static","transient","native","synchronized","volatile","class","interface",LCURLY,RCURLY,COMMA,LPAREN,RPAREN,"this","super",ASSIGN,COLON,"if","while","do","break","continue","return","switch","throw","for","else","case","default","try",PLUS_ASSIGN,MINUS_ASSIGN,STAR_ASSIGN,DIV_ASSIGN,MOD_ASSIGN,SR_ASSIGN,BSR_ASSIGN,SL_ASSIGN,BAND_ASSIGN,BXOR_ASSIGN,BOR_ASSIGN,QUESTION,LOR,LAND,BOR,BXOR,BAND,NOT_EQUAL,EQUAL,LT,GT,LE,GE,"instanceof",SL,SR,BSR,PLUS,MINUS,DIV,MOD,INC,DEC,BNOT,LNOT,"true","false","null","new",NUM_INT,CHAR_LITERAL,STRING_LITERAL,NUM_FLOAT,NUM_LONG,NUM_DOUBLE,ASSERT,ENUM,AT
/home/travis/build/checkstyle/checkstyle/src/main/resources/com/puppycrawl/tools/checkstyle/grammars/java.g:1534:36: warning:nondeterminism between alts 1 and 2 of block upon
/home/travis/build/checkstyle/checkstyle/src/main/resources/com/puppycrawl/tools/checkstyle/grammars/java.g:1534:36:     k==1:LCURLY
/home/travis/build/checkstyle/checkstyle/src/main/resources/com/puppycrawl/tools/checkstyle/grammars/java.g:1534:36:     k==2:"final","abstract","strictfp",SEMI,"void","boolean","byte","char","short","int","float","long","double",IDENT,"private","public","protected","static","transient","native","synchronized","volatile","class","interface",LCURLY,RCURLY,"default",LT,ENUM,AT
/home/travis/build/checkstyle/checkstyle/src/main/resources/com/puppycrawl/tools/checkstyle/grammars/java.g:1544:33: warning:nondeterminism between alts 1 and 2 of block upon
/home/travis/build/checkstyle/checkstyle/src/main/resources/com/puppycrawl/tools/checkstyle/grammars/java.g:1544:33:     k==1:LCURLY
/home/travis/build/checkstyle/checkstyle/src/main/resources/com/puppycrawl/tools/checkstyle/grammars/java.g:1544:33:     k==2:"void","boolean","byte","char","short","int","float","long","double",IDENT,LCURLY,RCURLY,COMMA,LPAREN,"this","super",PLUS,MINUS,INC,DEC,BNOT,LNOT,"true","false","null","new",NUM_INT,CHAR_LITERAL,STRING_LITERAL,NUM_FLOAT,NUM_LONG,NUM_DOUBLE
/home/travis/build/checkstyle/checkstyle/src/main/resources/com/puppycrawl/tools/checkstyle/grammars/java.g:1585: warning:nondeterminism between alts 2 and 3 of block upon
/home/travis/build/checkstyle/checkstyle/src/main/resources/com/puppycrawl/tools/checkstyle/grammars/java.g:1585:     k==1:LPAREN
/home/travis/build/checkstyle/checkstyle/src/main/resources/com/puppycrawl/tools/checkstyle/grammars/java.g:1585:     k==2:IDENT
/home/travis/build/checkstyle/checkstyle/src/main/resources/com/puppycrawl/tools/checkstyle/grammars/java.g:1587:17: warning:nondeterminism between alts 1 and 2 of block upon
/home/travis/build/checkstyle/checkstyle/src/main/resources/com/puppycrawl/tools/checkstyle/grammars/java.g:1587:17:     k==1:RPAREN
/home/travis/build/checkstyle/checkstyle/src/main/resources/com/puppycrawl/tools/checkstyle/grammars/java.g:1587:17:     k==2:LAMBDA

[INFO] 
[INFO] --- antlr4-maven-plugin:4.5.1-1:antlr4 (default) @ checkstyle ---
[INFO] ANTLR 4: Processing source directory /home/travis/build/checkstyle/checkstyle/src/main/resources
[INFO] Processing grammar: com/puppycrawl/tools/checkstyle/grammars/javadoc/JavadocLexer.g4
[INFO] Processing grammar: com/puppycrawl/tools/checkstyle/grammars/javadoc/JavadocParser.g4
[INFO] 
[INFO] --- build-helper-maven-plugin:1.10:add-source (add-source) @ checkstyle ---
[INFO] Source directory: /home/travis/build/checkstyle/checkstyle/target/generated-sources/antlr added.
[INFO] 
[INFO] --- maven-resources-plugin:2.7:resources (default-resources) @ checkstyle ---
[INFO] Using 'UTF-8' encoding to copy filtered resources.
[INFO] Copying 145 resources
[INFO] Copying 1 resource
[INFO] 
[INFO] --- build-helper-maven-plugin:1.10:add-test-source (add-test-source) @ checkstyle ---
[INFO] Test Source directory: /home/travis/build/checkstyle/checkstyle/src/test/resources added.
[INFO] 
[INFO] --- build-helper-maven-plugin:1.10:add-test-source (add-it-test-source) @ checkstyle ---
[INFO] Test Source directory: /home/travis/build/checkstyle/checkstyle/src/it/java added.
[INFO] 
[INFO] --- build-helper-maven-plugin:1.10:add-test-source (add-it-test-resource) @ checkstyle ---
[INFO] Test Source directory: /home/travis/build/checkstyle/checkstyle/src/it/resources added.
[INFO] 
[INFO] --- maven-compiler-plugin:3.3:compile (default-compile) @ checkstyle ---
[INFO] Changes detected - recompiling the module!
[INFO] Compiling 335 source files to /home/travis/build/checkstyle/checkstyle/target/classes
[INFO] /home/travis/build/checkstyle/checkstyle/src/main/java/com/puppycrawl/tools/checkstyle/checks/javadoc/JavadocMethodCheck.java: /home/travis/build/checkstyle/checkstyle/src/main/java/com/puppycrawl/tools/checkstyle/checks/javadoc/JavadocMethodCheck.java uses or overrides a deprecated API.
[INFO] /home/travis/build/checkstyle/checkstyle/src/main/java/com/puppycrawl/tools/checkstyle/checks/javadoc/JavadocMethodCheck.java: Recompile with -Xlint:deprecation for details.
[INFO] /home/travis/build/checkstyle/checkstyle/src/main/java/com/puppycrawl/tools/checkstyle/api/AutomaticBean.java: Some input files use unchecked or unsafe operations.
[INFO] /home/travis/build/checkstyle/checkstyle/src/main/java/com/puppycrawl/tools/checkstyle/api/AutomaticBean.java: Recompile with -Xlint:unchecked for details.
[INFO] 
[INFO] --- maven-antrun-plugin:1.8:run (ant-phase-compile) @ checkstyle ---
[INFO] Executing tasks

main:

execute:
[propertyfile] Creating new property file: /home/travis/build/checkstyle/checkstyle/target/classes/checkstylecompilation.properties
  [javadoc] Generating Javadoc
  [javadoc] Javadoc execution
  [javadoc] Loading source file /home/travis/build/checkstyle/checkstyle/src/main/java/com/puppycrawl/tools/checkstyle/api/TokenTypes.java...
  [javadoc] Constructing Javadoc information...
[INFO] Executed tasks
[INFO] 
[INFO] >>> cobertura-maven-plugin:2.7:check (default-cli) > [cobertura]test @ checkstyle >>>
[WARNING] Failure to transfer junit:junit-dep/maven-metadata.xml from https://nexus.codehaus.org/snapshots/ was cached in the local repository, resolution will not be reattempted until the update interval of codehaus-snapshots has elapsed or updates are forced. Original error: Could not transfer metadata junit:junit-dep/maven-metadata.xml from/to codehaus-snapshots (https://nexus.codehaus.org/snapshots/): nexus.codehaus.org: unknown error
[INFO] 
[INFO] --- maven-enforcer-plugin:1.4.1:enforce (enforce-maven) @ checkstyle ---
[INFO] 
[INFO] --- maven-enforcer-plugin:1.4.1:enforce (enforce-versions) @ checkstyle ---
[INFO] 
[INFO] --- antlr-maven-plugin:2.2:generate (default) @ checkstyle ---
[INFO] grammar [java.g] was up-to-date; skipping
[INFO] 
[INFO] --- antlr4-maven-plugin:4.5.1-1:antlr4 (default) @ checkstyle ---
[INFO] ANTLR 4: Processing source directory /home/travis/build/checkstyle/checkstyle/src/main/resources
[INFO] Processing grammar: com/puppycrawl/tools/checkstyle/grammars/javadoc/JavadocLexer.g4
[INFO] Processing grammar: com/puppycrawl/tools/checkstyle/grammars/javadoc/JavadocParser.g4
[INFO] 
[INFO] --- build-helper-maven-plugin:1.10:add-source (add-source) @ checkstyle ---
[INFO] Source directory: /home/travis/build/checkstyle/checkstyle/target/generated-sources/antlr added.
[INFO] 
[INFO] --- maven-resources-plugin:2.7:resources (default-resources) @ checkstyle ---
[INFO] Using 'UTF-8' encoding to copy filtered resources.
[INFO] Copying 145 resources
[INFO] Copying 1 resource
[INFO] Copying 1 resource
[INFO] 
[INFO] --- build-helper-maven-plugin:1.10:add-test-source (add-test-source) @ checkstyle ---
[INFO] Test Source directory: /home/travis/build/checkstyle/checkstyle/src/test/resources added.
[INFO] 
[INFO] --- build-helper-maven-plugin:1.10:add-test-source (add-it-test-source) @ checkstyle ---
[INFO] Test Source directory: /home/travis/build/checkstyle/checkstyle/src/it/java added.
[INFO] 
[INFO] --- build-helper-maven-plugin:1.10:add-test-source (add-it-test-resource) @ checkstyle ---
[INFO] Test Source directory: /home/travis/build/checkstyle/checkstyle/src/it/resources added.
[INFO] 
[INFO] --- maven-compiler-plugin:3.3:compile (default-compile) @ checkstyle ---
[INFO] Changes detected - recompiling the module!
[INFO] Compiling 335 source files to /home/travis/build/checkstyle/checkstyle/target/classes
[INFO] /home/travis/build/checkstyle/checkstyle/src/main/java/com/puppycrawl/tools/checkstyle/checks/javadoc/JavadocMethodCheck.java: /home/travis/build/checkstyle/checkstyle/src/main/java/com/puppycrawl/tools/checkstyle/checks/javadoc/JavadocMethodCheck.java uses or overrides a deprecated API.
[INFO] /home/travis/build/checkstyle/checkstyle/src/main/java/com/puppycrawl/tools/checkstyle/checks/javadoc/JavadocMethodCheck.java: Recompile with -Xlint:deprecation for details.
[INFO] /home/travis/build/checkstyle/checkstyle/src/main/java/com/puppycrawl/tools/checkstyle/api/AutomaticBean.java: Some input files use unchecked or unsafe operations.
[INFO] /home/travis/build/checkstyle/checkstyle/src/main/java/com/puppycrawl/tools/checkstyle/api/AutomaticBean.java: Recompile with -Xlint:unchecked for details.
[INFO] 
[INFO] --- maven-antrun-plugin:1.8:run (ant-phase-compile) @ checkstyle ---
[INFO] Executing tasks

main:

execute:
[propertyfile] Updating property file: /home/travis/build/checkstyle/checkstyle/target/classes/checkstylecompilation.properties
  [javadoc] Generating Javadoc
  [javadoc] Javadoc execution
  [javadoc] Loading source file /home/travis/build/checkstyle/checkstyle/src/main/java/com/puppycrawl/tools/checkstyle/api/TokenTypes.java...
  [javadoc] Constructing Javadoc information...
[INFO] Executed tasks
[INFO] 
[INFO] --- cobertura-maven-plugin:2.7:instrument (default-cli) @ checkstyle ---
[INFO] Cobertura 2.1.1 - GNU GPL License (NO WARRANTY) - See COPYRIGHT file
[INFO] Cobertura: Saved information on 357 classes.
[INFO] Cobertura: Saved information on 357 classes.

[INFO] Instrumentation was successful.
[INFO] NOT adding cobertura ser file to attached artifacts list.
[WARNING] Failure to transfer junit:junit-dep/maven-metadata.xml from https://nexus.codehaus.org/snapshots/ was cached in the local repository, resolution will not be reattempted until the update interval of codehaus-snapshots has elapsed or updates are forced. Original error: Could not transfer metadata junit:junit-dep/maven-metadata.xml from/to codehaus-snapshots (https://nexus.codehaus.org/snapshots/): nexus.codehaus.org: unknown error
[INFO] 
[INFO] --- maven-resources-plugin:2.7:testResources (default-testResources) @ checkstyle ---
[INFO] Using 'UTF-8' encoding to copy filtered resources.
[INFO] Copying 543 resources
[INFO] 
[INFO] --- maven-compiler-plugin:3.3:testCompile (default-testCompile) @ checkstyle ---
[INFO] Changes detected - recompiling the module!
[INFO] Compiling 866 source files to /home/travis/build/checkstyle/checkstyle/target/test-classes
[INFO] /home/travis/build/checkstyle/checkstyle/src/test/java/com/puppycrawl/tools/checkstyle/checks/javadoc/AbstractTypeAwareCheckTest.java: /home/travis/build/checkstyle/checkstyle/src/test/java/com/puppycrawl/tools/checkstyle/checks/javadoc/AbstractTypeAwareCheckTest.java uses or overrides a deprecated API.
[INFO] /home/travis/build/checkstyle/checkstyle/src/test/java/com/puppycrawl/tools/checkstyle/checks/javadoc/AbstractTypeAwareCheckTest.java: Recompile with -Xlint:deprecation for details.
[INFO] 
[INFO] --- maven-surefire-plugin:2.19.1:test (default-test) @ checkstyle ---
Downloading: https://oss.sonatype.org/content/repositories/codehaus-snapshots/org/apache/maven/surefire/maven-surefire-common/2.19.1/maven-surefire-common-2.19.1.pom
             Downloading: http://sevntu-checkstyle.github.io/sevntu.checkstyle/maven2/org/apache/maven/surefire/maven-surefire-common/2.19.1/maven-surefire-common-2.19.1.pom
             Downloading: https://repo.maven.apache.org/maven2/org/apache/maven/surefire/maven-surefire-common/2.19.1/maven-surefire-common-2.19.1.pom
4/8 KB       8/8 KB            Downloaded: https://repo.maven.apache.org/maven2/org/apache/maven/surefire/maven-surefire-common/2.19.1/maven-surefire-common-2.19.1.pom (8 KB at 115.5 KB/sec)
Downloading: https://oss.sonatype.org/content/repositories/codehaus-snapshots/org/apache/maven/surefire/surefire-api/2.19.1/surefire-api-2.19.1.pom
         Downloading: http://sevntu-checkstyle.github.io/sevntu.checkstyle/maven2/org/apache/maven/surefire/surefire-api/2.19.1/surefire-api-2.19.1.pom
         Downloading: https://repo.maven.apache.org/maven2/org/apache/maven/surefire/surefire-api/2.19.1/surefire-api-2.19.1.pom
4/4 KB            Downloaded: https://repo.maven.apache.org/maven2/org/apache/maven/surefire/surefire-api/2.19.1/surefire-api-2.19.1.pom (4 KB at 149.0 KB/sec)
Downloading: https://oss.sonatype.org/content/repositories/codehaus-snapshots/org/apache/maven/surefire/surefire-booter/2.19.1/surefire-booter-2.19.1.pom
         Downloading: http://sevntu-checkstyle.github.io/sevntu.checkstyle/maven2/org/apache/maven/surefire/surefire-booter/2.19.1/surefire-booter-2.19.1.pom
         Downloading: https://repo.maven.apache.org/maven2/org/apache/maven/surefire/surefire-booter/2.19.1/surefire-booter-2.19.1.pom
4/4 KB            Downloaded: https://repo.maven.apache.org/maven2/org/apache/maven/surefire/surefire-booter/2.19.1/surefire-booter-2.19.1.pom (4 KB at 148.0 KB/sec)
Downloading: https://oss.sonatype.org/content/repositories/codehaus-snapshots/org/apache/maven/surefire/maven-surefire-common/2.19.1/maven-surefire-common-2.19.1.jar
Downloading: https://oss.sonatype.org/content/repositories/codehaus-snapshots/org/apache/maven/surefire/surefire-booter/2.19.1/surefire-booter-2.19.1.jar
         Downloading: https://oss.sonatype.org/content/repositories/codehaus-snapshots/org/apache/maven/surefire/surefire-api/2.19.1/surefire-api-2.19.1.jar
                  Downloading: http://sevntu-checkstyle.github.io/sevntu.checkstyle/maven2/org/apache/maven/surefire/maven-surefire-common/2.19.1/maven-surefire-common-2.19.1.jar
Downloading: http://sevntu-checkstyle.github.io/sevntu.checkstyle/maven2/org/apache/maven/surefire/surefire-booter/2.19.1/surefire-booter-2.19.1.jar
Downloading: http://sevntu-checkstyle.github.io/sevntu.checkstyle/maven2/org/apache/maven/surefire/surefire-api/2.19.1/surefire-api-2.19.1.jar
                           Downloading: https://repo.maven.apache.org/maven2/org/apache/maven/surefire/maven-surefire-common/2.19.1/maven-surefire-common-2.19.1.jar
Downloading: https://repo.maven.apache.org/maven2/org/apache/maven/surefire/surefire-booter/2.19.1/surefire-booter-2.19.1.jar
Downloading: https://repo.maven.apache.org/maven2/org/apache/maven/surefire/surefire-api/2.19.1/surefire-api-2.19.1.jar
4/286 KB   8/286 KB   12/286 KB   16/286 KB   20/286 KB   24/286 KB   28/286 KB   32/286 KB   36/286 KB   40/286 KB   44/286 KB   48/286 KB   52/286 KB   56/286 KB   60/286 KB   63/286 KB   64/286 KB   68/286 KB   72/286 KB   76/286 KB   80/286 KB   84/286 KB   88/286 KB   4/192 KB   92/286 KB   4/192 KB   96/286 KB   4/192 KB   84/286 KB   4/192 KB   4/45 KB   96/286 KB   8/192 KB   4/45 KB   96/286 KB   12/192 KB   4/45 KB   96/286 KB   16/192 KB   4/45 KB   100/286 KB   16/192 KB   4/45 KB   96/286 KB   4/192 KB   8/45 KB   104/286 KB   16/192 KB   12/45 KB   104/286 KB   16/192 KB   16/45 KB   104/286 KB   16/192 KB   20/45 KB   104/286 KB   16/192 KB   4/45 KB   104/286 KB   16/192 KB   20/45 KB   108/286 KB   20/192 KB   20/45 KB   112/286 KB   20/192 KB   20/45 KB   116/286 KB   20/192 KB   20/45 KB   104/286 KB   20/192 KB   20/45 KB   120/286 KB   20/192 KB   24/45 KB   124/286 KB   20/192 KB   24/45 KB   128/286 KB   20/192 KB   24/45 KB   120/286 KB   20/192 KB   24/45 KB   128/286 KB   24/192 KB   28/45 KB   128/286 KB   28/192 KB   28/45 KB   128/286 KB   32/192 KB   28/45 KB   128/286 KB   36/192 KB   28/45 KB   132/286 KB   40/192 KB   28/45 KB   132/286 KB   44/192 KB   28/45 KB   132/286 KB   48/192 KB   28/45 KB   128/286 KB   36/192 KB   32/45 KB   132/286 KB   48/192 KB   36/45 KB   132/286 KB   48/192 KB   40/45 KB   132/286 KB   48/192 KB   44/45 KB   132/286 KB   48/192 KB   45/45 KB   132/286 KB   48/192 KB   28/45 KB   132/286 KB   36/192 KB   45/45 KB   136/286 KB   48/192 KB   45/45 KB   140/286 KB   48/192 KB   45/45 KB   144/286 KB   48/192 KB   45/45 KB   148/286 KB   48/192 KB   45/45 KB   148/286 KB   52/192 KB   45/45 KB   148/286 KB   56/192 KB   45/45 KB   148/286 KB   60/192 KB   45/45 KB   148/286 KB   64/192 KB                                       Downloaded: https://repo.maven.apache.org/maven2/org/apache/maven/surefire/surefire-booter/2.19.1/surefire-booter-2.19.1.jar (45 KB at 205.7 KB/sec)
152/286 KB   64/192 KB              156/286 KB   64/192 KB   160/286 KB   64/192 KB   164/286 KB   64/192 KB   168/286 KB   68/192 KB   172/286 KB   68/192 KB   164/286 KB   68/192 KB   172/286 KB   72/192 KB   172/286 KB   76/192 KB   172/286 KB   80/192 KB   172/286 KB   84/192 KB   176/286 KB   84/192 KB   176/286 KB   88/192 KB   176/286 KB   92/192 KB   180/286 KB   92/192 KB   184/286 KB   96/192 KB   188/286 KB   96/192 KB   192/286 KB   96/192 KB   196/286 KB   96/192 KB   180/286 KB   96/192 KB   196/286 KB   100/192 KB   196/286 KB   104/192 KB   196/286 KB   108/192 KB   200/286 KB   112/192 KB   200/286 KB   108/192 KB   204/286 KB   112/192 KB   208/286 KB   112/192 KB   212/286 KB   116/192 KB   216/286 KB   116/192 KB   220/286 KB   116/192 KB   224/286 KB   116/192 KB   228/286 KB   116/192 KB   208/286 KB   116/192 KB   228/286 KB   120/192 KB   228/286 KB   124/192 KB   228/286 KB   128/192 KB   228/286 KB   132/192 KB   228/286 KB   136/192 KB   228/286 KB   140/192 KB   228/286 KB   144/192 KB   228/286 KB   148/192 KB   232/286 KB   148/192 KB   236/286 KB   148/192 KB   240/286 KB   148/192 KB   244/286 KB   148/192 KB   248/286 KB   152/192 KB   252/286 KB   152/192 KB   256/286 KB   152/192 KB   260/286 KB   152/192 KB   244/286 KB   152/192 KB   260/286 KB   156/192 KB   260/286 KB   160/192 KB   260/286 KB   164/192 KB   260/286 KB   168/192 KB   260/286 KB   172/192 KB   260/286 KB   176/192 KB   264/286 KB   176/192 KB   268/286 KB   176/192 KB   272/286 KB   176/192 KB   276/286 KB   176/192 KB   280/286 KB   180/192 KB   284/286 KB   180/192 KB   286/286 KB   180/192 KB   276/286 KB   180/192 KB   286/286 KB   184/192 KB   286/286 KB   188/192 KB   286/286 KB   192/192 KB                             Downloaded: https://repo.maven.apache.org/maven2/org/apache/maven/surefire/maven-surefire-common/2.19.1/maven-surefire-common-2.19.1.jar (286 KB at 765.8 KB/sec)
                          Downloaded: https://repo.maven.apache.org/maven2/org/apache/maven/surefire/surefire-api/2.19.1/surefire-api-2.19.1.jar (192 KB at 564.8 KB/sec)
Downloading: https://oss.sonatype.org/content/repositories/codehaus-snapshots/org/apache/maven/surefire/surefire-junit4/2.19.1/surefire-junit4-2.19.1.pom
                          Downloading: http://sevntu-checkstyle.github.io/sevntu.checkstyle/maven2/org/apache/maven/surefire/surefire-junit4/2.19.1/surefire-junit4-2.19.1.pom
                          Downloading: https://repo.maven.apache.org/maven2/org/apache/maven/surefire/surefire-junit4/2.19.1/surefire-junit4-2.19.1.pom
4/4 KB                             Downloaded: https://repo.maven.apache.org/maven2/org/apache/maven/surefire/surefire-junit4/2.19.1/surefire-junit4-2.19.1.pom (4 KB at 127.6 KB/sec)
Downloading: https://oss.sonatype.org/content/repositories/codehaus-snapshots/org/apache/maven/surefire/surefire-providers/2.19.1/surefire-providers-2.19.1.pom
         Downloading: http://sevntu-checkstyle.github.io/sevntu.checkstyle/maven2/org/apache/maven/surefire/surefire-providers/2.19.1/surefire-providers-2.19.1.pom
         Downloading: https://repo.maven.apache.org/maven2/org/apache/maven/surefire/surefire-providers/2.19.1/surefire-providers-2.19.1.pom
3/3 KB            Downloaded: https://repo.maven.apache.org/maven2/org/apache/maven/surefire/surefire-providers/2.19.1/surefire-providers-2.19.1.pom (3 KB at 92.7 KB/sec)
Downloading: https://oss.sonatype.org/content/repositories/codehaus-snapshots/org/apache/maven/surefire/surefire-junit4/2.19.1/surefire-junit4-2.19.1.jar
         Downloading: http://sevntu-checkstyle.github.io/sevntu.checkstyle/maven2/org/apache/maven/surefire/surefire-junit4/2.19.1/surefire-junit4-2.19.1.jar
         Downloading: https://repo.maven.apache.org/maven2/org/apache/maven/surefire/surefire-junit4/2.19.1/surefire-junit4-2.19.1.jar
4/74 KB   8/74 KB   12/74 KB   16/74 KB   20/74 KB   24/74 KB   28/74 KB   32/74 KB   36/74 KB   40/74 KB   44/74 KB   48/74 KB   52/74 KB   56/74 KB   60/74 KB   64/74 KB   68/74 KB   72/74 KB   74/74 KB              Downloaded: https://repo.maven.apache.org/maven2/org/apache/maven/surefire/surefire-junit4/2.19.1/surefire-junit4-2.19.1.jar (74 KB at 1022.9 KB/sec)

-------------------------------------------------------
 T E S T S
-------------------------------------------------------
Java HotSpot(TM) 64-Bit Server VM warning: ignoring option UseSplitVerifier; support was removed in 8.0
Running com.puppycrawl.tools.checkstyle.api.LineColumnTest
SLF4J: Class path contains multiple SLF4J bindings.
SLF4J: Found binding in [jar:file:/home/travis/.m2/repository/org/slf4j/slf4j-simple/1.7.13/slf4j-simple-1.7.13.jar!/org/slf4j/impl/StaticLoggerBinder.class]
SLF4J: Found binding in [jar:file:/home/travis/.m2/repository/ch/qos/logback/logback-classic/1.0.13/logback-classic-1.0.13.jar!/org/slf4j/impl/StaticLoggerBinder.class]
SLF4J: See http://www.slf4j.org/codes.html#multiple_bindings for an explanation.
SLF4J: Actual binding is of type [org.slf4j.impl.SimpleLoggerFactory]
Tests run: 4, Failures: 0, Errors: 0, Skipped: 0, Time elapsed: 0.812 sec - in com.puppycrawl.tools.checkstyle.api.LineColumnTest
Running com.puppycrawl.tools.checkstyle.api.TokenTypesTest
Tests run: 2, Failures: 0, Errors: 0, Skipped: 0, Time elapsed: 0.078 sec - in com.puppycrawl.tools.checkstyle.api.TokenTypesTest
Running com.puppycrawl.tools.checkstyle.api.DetailASTTest
Tests run: 4, Failures: 0, Errors: 0, Skipped: 0, Time elapsed: 5.869 sec - in com.puppycrawl.tools.checkstyle.api.DetailASTTest
Running com.puppycrawl.tools.checkstyle.api.AbstractViolationReporterTest
Tests run: 6, Failures: 0, Errors: 0, Skipped: 0, Time elapsed: 0.045 sec - in com.puppycrawl.tools.checkstyle.api.AbstractViolationReporterTest
Running com.puppycrawl.tools.checkstyle.api.ScopeTest
Tests run: 10, Failures: 0, Errors: 0, Skipped: 0, Time elapsed: 0.041 sec - in com.puppycrawl.tools.checkstyle.api.ScopeTest
Running com.puppycrawl.tools.checkstyle.api.LocalizedMessageTest
Tests run: 9, Failures: 0, Errors: 0, Skipped: 0, Time elapsed: 1.981 sec - in com.puppycrawl.tools.checkstyle.api.LocalizedMessageTest
Running com.puppycrawl.tools.checkstyle.api.FileContentsTest
Tests run: 3, Failures: 0, Errors: 0, Skipped: 0, Time elapsed: 0 sec - in com.puppycrawl.tools.checkstyle.api.FileContentsTest
Running com.puppycrawl.tools.checkstyle.api.JavadocTokenTypesTest
Tests run: 1, Failures: 0, Errors: 0, Skipped: 0, Time elapsed: 0 sec - in com.puppycrawl.tools.checkstyle.api.JavadocTokenTypesTest
Running com.puppycrawl.tools.checkstyle.api.FullIdentTest
Tests run: 1, Failures: 0, Errors: 0, Skipped: 0, Time elapsed: 0.009 sec - in com.puppycrawl.tools.checkstyle.api.FullIdentTest
Running com.puppycrawl.tools.checkstyle.api.AutomaticBeanTest
Tests run: 6, Failures: 0, Errors: 0, Skipped: 0, Time elapsed: 0.286 sec - in com.puppycrawl.tools.checkstyle.api.AutomaticBeanTest
Running com.puppycrawl.tools.checkstyle.api.SeverityLevelTest
Tests run: 4, Failures: 0, Errors: 0, Skipped: 0, Time elapsed: 0.001 sec - in com.puppycrawl.tools.checkstyle.api.SeverityLevelTest
Running com.puppycrawl.tools.checkstyle.api.SeverityLevelCounterTest
Tests run: 3, Failures: 0, Errors: 0, Skipped: 0, Time elapsed: 0.002 sec - in com.puppycrawl.tools.checkstyle.api.SeverityLevelCounterTest
Running com.puppycrawl.tools.checkstyle.api.CheckTest
Tests run: 3, Failures: 0, Errors: 0, Skipped: 0, Time elapsed: 0.001 sec - in com.puppycrawl.tools.checkstyle.api.CheckTest
Running com.puppycrawl.tools.checkstyle.api.FileTextTest
Tests run: 2, Failures: 0, Errors: 0, Skipped: 0, Time elapsed: 0.029 sec - in com.puppycrawl.tools.checkstyle.api.FileTextTest
Running com.puppycrawl.tools.checkstyle.checks.annotation.SuppressWarningsCheckTest
Tests run: 24, Failures: 0, Errors: 0, Skipped: 0, Time elapsed: 1.877 sec - in com.puppycrawl.tools.checkstyle.checks.annotation.SuppressWarningsCheckTest
Running com.puppycrawl.tools.checkstyle.checks.annotation.AnnotationLocationCheckTest
Tests run: 7, Failures: 0, Errors: 0, Skipped: 0, Time elapsed: 0.275 sec - in com.puppycrawl.tools.checkstyle.checks.annotation.AnnotationLocationCheckTest
Running com.puppycrawl.tools.checkstyle.checks.annotation.MissingDeprecatedCheckTest
Tests run: 7, Failures: 0, Errors: 0, Skipped: 0, Time elapsed: 0.289 sec - in com.puppycrawl.tools.checkstyle.checks.annotation.MissingDeprecatedCheckTest
Running com.puppycrawl.tools.checkstyle.checks.annotation.MissingOverrideCheckTest
Tests run: 14, Failures: 0, Errors: 0, Skipped: 0, Time elapsed: 0.367 sec - in com.puppycrawl.tools.checkstyle.checks.annotation.MissingOverrideCheckTest
Running com.puppycrawl.tools.checkstyle.checks.annotation.PackageAnnotationCheckTest
Tests run: 4, Failures: 0, Errors: 0, Skipped: 0, Time elapsed: 0.07 sec - in com.puppycrawl.tools.checkstyle.checks.annotation.PackageAnnotationCheckTest
Running com.puppycrawl.tools.checkstyle.checks.annotation.AnnotationUseStyleCheckTest
Tests run: 17, Failures: 0, Errors: 0, Skipped: 0, Time elapsed: 0.241 sec - in com.puppycrawl.tools.checkstyle.checks.annotation.AnnotationUseStyleCheckTest
Running com.puppycrawl.tools.checkstyle.checks.blocks.LeftCurlyCheckTest
Tests run: 19, Failures: 0, Errors: 0, Skipped: 0, Time elapsed: 0.396 sec - in com.puppycrawl.tools.checkstyle.checks.blocks.LeftCurlyCheckTest
Running com.puppycrawl.tools.checkstyle.checks.blocks.RightCurlyCheckTest
Tests run: 16, Failures: 0, Errors: 0, Skipped: 0, Time elapsed: 0.25 sec - in com.puppycrawl.tools.checkstyle.checks.blocks.RightCurlyCheckTest
Running com.puppycrawl.tools.checkstyle.checks.blocks.EmptyCatchBlockCheckTest
Tests run: 4, Failures: 0, Errors: 0, Skipped: 0, Time elapsed: 0.094 sec - in com.puppycrawl.tools.checkstyle.checks.blocks.EmptyCatchBlockCheckTest
Running com.puppycrawl.tools.checkstyle.checks.blocks.AvoidNestedBlocksCheckTest
Tests run: 4, Failures: 0, Errors: 0, Skipped: 0, Time elapsed: 0.034 sec - in com.puppycrawl.tools.checkstyle.checks.blocks.AvoidNestedBlocksCheckTest
Running com.puppycrawl.tools.checkstyle.checks.blocks.EmptyBlockCheckTest
Tests run: 7, Failures: 0, Errors: 0, Skipped: 0, Time elapsed: 0.111 sec - in com.puppycrawl.tools.checkstyle.checks.blocks.EmptyBlockCheckTest
Running com.puppycrawl.tools.checkstyle.checks.blocks.NeedBracesCheckTest
Tests run: 8, Failures: 0, Errors: 0, Skipped: 0, Time elapsed: 0.098 sec - in com.puppycrawl.tools.checkstyle.checks.blocks.NeedBracesCheckTest
Running com.puppycrawl.tools.checkstyle.checks.coding.FinalLocalVariableCheckTest
Tests run: 9, Failures: 0, Errors: 0, Skipped: 0, Time elapsed: 0.186 sec - in com.puppycrawl.tools.checkstyle.checks.coding.FinalLocalVariableCheckTest
Running com.puppycrawl.tools.checkstyle.checks.coding.OverloadMethodsDeclarationOrderCheckTest
Tests run: 2, Failures: 0, Errors: 0, Skipped: 0, Time elapsed: 0.028 sec - in com.puppycrawl.tools.checkstyle.checks.coding.OverloadMethodsDeclarationOrderCheckTest
Running com.puppycrawl.tools.checkstyle.checks.coding.AvoidInlineConditionalsCheckTest
Tests run: 2, Failures: 0, Errors: 0, Skipped: 0, Time elapsed: 0.011 sec - in com.puppycrawl.tools.checkstyle.checks.coding.AvoidInlineConditionalsCheckTest
Running com.puppycrawl.tools.checkstyle.checks.coding.UnnecessaryParenthesesCheckTest
Tests run: 3, Failures: 0, Errors: 0, Skipped: 0, Time elapsed: 0.073 sec - in com.puppycrawl.tools.checkstyle.checks.coding.UnnecessaryParenthesesCheckTest
Running com.puppycrawl.tools.checkstyle.checks.coding.NoFinalizerCheckTest
Tests run: 2, Failures: 0, Errors: 0, Skipped: 0, Time elapsed: 0.041 sec - in com.puppycrawl.tools.checkstyle.checks.coding.NoFinalizerCheckTest
Running com.puppycrawl.tools.checkstyle.checks.coding.MultipleVariableDeclarationsCheckTest
Tests run: 2, Failures: 0, Errors: 0, Skipped: 0, Time elapsed: 0.016 sec - in com.puppycrawl.tools.checkstyle.checks.coding.MultipleVariableDeclarationsCheckTest
Running com.puppycrawl.tools.checkstyle.checks.coding.SimplifyBooleanReturnCheckTest
Tests run: 2, Failures: 0, Errors: 0, Skipped: 0, Time elapsed: 0.051 sec - in com.puppycrawl.tools.checkstyle.checks.coding.SimplifyBooleanReturnCheckTest
Running com.puppycrawl.tools.checkstyle.checks.coding.NestedForDepthCheckTest
Tests run: 3, Failures: 0, Errors: 0, Skipped: 0, Time elapsed: 0.13 sec - in com.puppycrawl.tools.checkstyle.checks.coding.NestedForDepthCheckTest
Running com.puppycrawl.tools.checkstyle.checks.coding.PackageDeclarationCheckTest
Tests run: 4, Failures: 0, Errors: 0, Skipped: 0, Time elapsed: 0.111 sec - in com.puppycrawl.tools.checkstyle.checks.coding.PackageDeclarationCheckTest
Running com.puppycrawl.tools.checkstyle.checks.coding.MagicNumberCheckTest
Tests run: 8, Failures: 0, Errors: 0, Skipped: 0, Time elapsed: 0.743 sec - in com.puppycrawl.tools.checkstyle.checks.coding.MagicNumberCheckTest
Running com.puppycrawl.tools.checkstyle.checks.coding.ReturnCountCheckTest
Tests run: 7, Failures: 0, Errors: 0, Skipped: 0, Time elapsed: 0.247 sec - in com.puppycrawl.tools.checkstyle.checks.coding.ReturnCountCheckTest
Running com.puppycrawl.tools.checkstyle.checks.coding.HiddenFieldCheckTest
Tests run: 10, Failures: 0, Errors: 0, Skipped: 0, Time elapsed: 0.442 sec - in com.puppycrawl.tools.checkstyle.checks.coding.HiddenFieldCheckTest
Running com.puppycrawl.tools.checkstyle.checks.coding.DeclarationOrderCheckTest
Tests run: 6, Failures: 0, Errors: 0, Skipped: 0, Time elapsed: 0.045 sec - in com.puppycrawl.tools.checkstyle.checks.coding.DeclarationOrderCheckTest
Running com.puppycrawl.tools.checkstyle.checks.coding.SimplifyBooleanExpressionCheckTest
Tests run: 2, Failures: 0, Errors: 0, Skipped: 0, Time elapsed: 0.008 sec - in com.puppycrawl.tools.checkstyle.checks.coding.SimplifyBooleanExpressionCheckTest
Running com.puppycrawl.tools.checkstyle.checks.coding.DefaultComesLastCheckTest
Tests run: 3, Failures: 0, Errors: 0, Skipped: 0, Time elapsed: 0.036 sec - in com.puppycrawl.tools.checkstyle.checks.coding.DefaultComesLastCheckTest
Running com.puppycrawl.tools.checkstyle.checks.coding.EmptyStatementCheckTest
Tests run: 2, Failures: 0, Errors: 0, Skipped: 0, Time elapsed: 0.025 sec - in com.puppycrawl.tools.checkstyle.checks.coding.EmptyStatementCheckTest
Running com.puppycrawl.tools.checkstyle.checks.coding.ExplicitInitializationCheckTest
Tests run: 2, Failures: 0, Errors: 0, Skipped: 0, Time elapsed: 0.028 sec - in com.puppycrawl.tools.checkstyle.checks.coding.ExplicitInitializationCheckTest
Running com.puppycrawl.tools.checkstyle.checks.coding.MissingSwitchDefaultCheckTest
Tests run: 2, Failures: 0, Errors: 0, Skipped: 0, Time elapsed: 0.014 sec - in com.puppycrawl.tools.checkstyle.checks.coding.MissingSwitchDefaultCheckTest
Running com.puppycrawl.tools.checkstyle.checks.coding.IllegalTypeCheckTest
Tests run: 13, Failures: 0, Errors: 0, Skipped: 0, Time elapsed: 0.119 sec - in com.puppycrawl.tools.checkstyle.checks.coding.IllegalTypeCheckTest
Running com.puppycrawl.tools.checkstyle.checks.coding.NoCloneCheckTest
Tests run: 2, Failures: 0, Errors: 0, Skipped: 0, Time elapsed: 0.025 sec - in com.puppycrawl.tools.checkstyle.checks.coding.NoCloneCheckTest
Running com.puppycrawl.tools.checkstyle.checks.coding.EqualsAvoidNullCheckTest
Tests run: 3, Failures: 0, Errors: 0, Skipped: 0, Time elapsed: 0.289 sec - in com.puppycrawl.tools.checkstyle.checks.coding.EqualsAvoidNullCheckTest
Running com.puppycrawl.tools.checkstyle.checks.coding.SuperFinalizeCheckTest
Tests run: 1, Failures: 0, Errors: 0, Skipped: 0, Time elapsed: 0.066 sec - in com.puppycrawl.tools.checkstyle.checks.coding.SuperFinalizeCheckTest
Running com.puppycrawl.tools.checkstyle.checks.coding.VariableDeclarationUsageDistanceCheckTest
Tests run: 7, Failures: 0, Errors: 0, Skipped: 0, Time elapsed: 0.66 sec - in com.puppycrawl.tools.checkstyle.checks.coding.VariableDeclarationUsageDistanceCheckTest
Running com.puppycrawl.tools.checkstyle.checks.coding.NestedIfDepthCheckTest
Tests run: 3, Failures: 0, Errors: 0, Skipped: 0, Time elapsed: 0.073 sec - in com.puppycrawl.tools.checkstyle.checks.coding.NestedIfDepthCheckTest
Running com.puppycrawl.tools.checkstyle.checks.coding.IllegalTokenCheckTest
Tests run: 3, Failures: 0, Errors: 0, Skipped: 0, Time elapsed: 0.092 sec - in com.puppycrawl.tools.checkstyle.checks.coding.IllegalTokenCheckTest
Running com.puppycrawl.tools.checkstyle.checks.coding.MissingCtorCheckTest
Tests run: 2, Failures: 0, Errors: 0, Skipped: 0, Time elapsed: 0.028 sec - in com.puppycrawl.tools.checkstyle.checks.coding.MissingCtorCheckTest
Running com.puppycrawl.tools.checkstyle.checks.coding.IllegalInstantiationCheckTest
Tests run: 8, Failures: 0, Errors: 0, Skipped: 0, Time elapsed: 0.07 sec - in com.puppycrawl.tools.checkstyle.checks.coding.IllegalInstantiationCheckTest
Running com.puppycrawl.tools.checkstyle.checks.coding.ArrayTrailingCommaCheckTest
Tests run: 2, Failures: 0, Errors: 0, Skipped: 0, Time elapsed: 0.013 sec - in com.puppycrawl.tools.checkstyle.checks.coding.ArrayTrailingCommaCheckTest
Running com.puppycrawl.tools.checkstyle.checks.coding.MultipleStringLiteralsCheckTest
Tests run: 7, Failures: 0, Errors: 0, Skipped: 0, Time elapsed: 0.132 sec - in com.puppycrawl.tools.checkstyle.checks.coding.MultipleStringLiteralsCheckTest
Running com.puppycrawl.tools.checkstyle.checks.coding.NestedTryDepthCheckTest
Tests run: 3, Failures: 0, Errors: 0, Skipped: 0, Time elapsed: 0.075 sec - in com.puppycrawl.tools.checkstyle.checks.coding.NestedTryDepthCheckTest
Running com.puppycrawl.tools.checkstyle.checks.coding.InnerAssignmentCheckTest
Tests run: 3, Failures: 0, Errors: 0, Skipped: 0, Time elapsed: 0.059 sec - in com.puppycrawl.tools.checkstyle.checks.coding.InnerAssignmentCheckTest
Running com.puppycrawl.tools.checkstyle.checks.coding.FallThroughCheckTest
Tests run: 5, Failures: 0, Errors: 0, Skipped: 0, Time elapsed: 0.235 sec - in com.puppycrawl.tools.checkstyle.checks.coding.FallThroughCheckTest
Running com.puppycrawl.tools.checkstyle.checks.coding.IllegalCatchCheckTest
Tests run: 5, Failures: 0, Errors: 0, Skipped: 0, Time elapsed: 0.12 sec - in com.puppycrawl.tools.checkstyle.checks.coding.IllegalCatchCheckTest
Running com.puppycrawl.tools.checkstyle.checks.coding.CovariantEqualsCheckTest
Tests run: 2, Failures: 0, Errors: 0, Skipped: 0, Time elapsed: 0.038 sec - in com.puppycrawl.tools.checkstyle.checks.coding.CovariantEqualsCheckTest
Running com.puppycrawl.tools.checkstyle.checks.coding.ParameterAssignmentCheckTest
Tests run: 3, Failures: 0, Errors: 0, Skipped: 0, Time elapsed: 0.055 sec - in com.puppycrawl.tools.checkstyle.checks.coding.ParameterAssignmentCheckTest
Running com.puppycrawl.tools.checkstyle.checks.coding.OneStatementPerLineCheckTest
Tests run: 4, Failures: 0, Errors: 0, Skipped: 0, Time elapsed: 0.115 sec - in com.puppycrawl.tools.checkstyle.checks.coding.OneStatementPerLineCheckTest
Running com.puppycrawl.tools.checkstyle.checks.coding.SuperCloneCheckTest
Tests run: 3, Failures: 0, Errors: 0, Skipped: 0, Time elapsed: 0.047 sec - in com.puppycrawl.tools.checkstyle.checks.coding.SuperCloneCheckTest
Running com.puppycrawl.tools.checkstyle.checks.coding.ModifiedControlVariableCheckTest
Tests run: 5, Failures: 0, Errors: 0, Skipped: 0, Time elapsed: 0.128 sec - in com.puppycrawl.tools.checkstyle.checks.coding.ModifiedControlVariableCheckTest
Running com.puppycrawl.tools.checkstyle.checks.coding.IllegalThrowsCheckTest
Tests run: 7, Failures: 0, Errors: 0, Skipped: 0, Time elapsed: 0.084 sec - in com.puppycrawl.tools.checkstyle.checks.coding.IllegalThrowsCheckTest
Running com.puppycrawl.tools.checkstyle.checks.coding.IllegalTokenTextCheckTest
Tests run: 5, Failures: 0, Errors: 0, Skipped: 0, Time elapsed: 0.075 sec - in com.puppycrawl.tools.checkstyle.checks.coding.IllegalTokenTextCheckTest
Running com.puppycrawl.tools.checkstyle.checks.coding.RequireThisCheckTest
Tests run: 8, Failures: 0, Errors: 0, Skipped: 0, Time elapsed: 0.182 sec - in com.puppycrawl.tools.checkstyle.checks.coding.RequireThisCheckTest
Running com.puppycrawl.tools.checkstyle.checks.coding.EqualsHashCodeCheckTest
Tests run: 3, Failures: 0, Errors: 0, Skipped: 0, Time elapsed: 0.041 sec - in com.puppycrawl.tools.checkstyle.checks.coding.EqualsHashCodeCheckTest
Running com.puppycrawl.tools.checkstyle.checks.coding.StringLiteralEqualityCheckTest
Tests run: 2, Failures: 0, Errors: 0, Skipped: 0, Time elapsed: 0.014 sec - in com.puppycrawl.tools.checkstyle.checks.coding.StringLiteralEqualityCheckTest
Running com.puppycrawl.tools.checkstyle.checks.design.InnerTypeLastCheckTest
Tests run: 3, Failures: 0, Errors: 0, Skipped: 0, Time elapsed: 0.031 sec - in com.puppycrawl.tools.checkstyle.checks.design.InnerTypeLastCheckTest
Running com.puppycrawl.tools.checkstyle.checks.design.ThrowsCountCheckTest
Tests run: 6, Failures: 0, Errors: 0, Skipped: 0, Time elapsed: 0.03 sec - in com.puppycrawl.tools.checkstyle.checks.design.ThrowsCountCheckTest
Running com.puppycrawl.tools.checkstyle.checks.design.InterfaceIsTypeCheckTest
Tests run: 4, Failures: 0, Errors: 0, Skipped: 0, Time elapsed: 0.044 sec - in com.puppycrawl.tools.checkstyle.checks.design.InterfaceIsTypeCheckTest
Running com.puppycrawl.tools.checkstyle.checks.design.FinalClassCheckTest
Tests run: 3, Failures: 0, Errors: 0, Skipped: 0, Time elapsed: 0.034 sec - in com.puppycrawl.tools.checkstyle.checks.design.FinalClassCheckTest
Running com.puppycrawl.tools.checkstyle.checks.design.OneTopLevelClassCheckTest
Tests run: 11, Failures: 0, Errors: 0, Skipped: 0, Time elapsed: 0.127 sec - in com.puppycrawl.tools.checkstyle.checks.design.OneTopLevelClassCheckTest
Running com.puppycrawl.tools.checkstyle.checks.design.DesignForExtensionCheckTest
Tests run: 3, Failures: 0, Errors: 0, Skipped: 0, Time elapsed: 0.03 sec - in com.puppycrawl.tools.checkstyle.checks.design.DesignForExtensionCheckTest
Running com.puppycrawl.tools.checkstyle.checks.design.MutableExceptionCheckTest
Tests run: 6, Failures: 0, Errors: 0, Skipped: 0, Time elapsed: 0.048 sec - in com.puppycrawl.tools.checkstyle.checks.design.MutableExceptionCheckTest
Running com.puppycrawl.tools.checkstyle.checks.design.HideUtilityClassConstructorCheckTest
Tests run: 12, Failures: 0, Errors: 0, Skipped: 0, Time elapsed: 0.142 sec - in com.puppycrawl.tools.checkstyle.checks.design.HideUtilityClassConstructorCheckTest
Running com.puppycrawl.tools.checkstyle.checks.design.VisibilityModifierCheckTest
Tests run: 19, Failures: 0, Errors: 0, Skipped: 0, Time elapsed: 0.196 sec - in com.puppycrawl.tools.checkstyle.checks.design.VisibilityModifierCheckTest
Running com.puppycrawl.tools.checkstyle.checks.header.HeaderCheckTest
SLF4J: Class path contains multiple SLF4J bindings.
SLF4J: Found binding in [jar:file:/home/travis/.m2/repository/org/slf4j/slf4j-simple/1.7.13/slf4j-simple-1.7.13.jar!/org/slf4j/impl/StaticLoggerBinder.class]
SLF4J: Found binding in [jar:file:/home/travis/.m2/repository/ch/qos/logback/logback-classic/1.0.13/logback-classic-1.0.13.jar!/org/slf4j/impl/StaticLoggerBinder.class]
SLF4J: See http://www.slf4j.org/codes.html#multiple_bindings for an explanation.
SLF4J: Actual binding is of type [org.slf4j.impl.SimpleLoggerFactory]
Tests run: 10, Failures: 0, Errors: 0, Skipped: 0, Time elapsed: 7.822 sec - in com.puppycrawl.tools.checkstyle.checks.header.HeaderCheckTest
Running com.puppycrawl.tools.checkstyle.checks.header.RegexpHeaderCheckTest
Tests run: 20, Failures: 0, Errors: 0, Skipped: 0, Time elapsed: 0.602 sec - in com.puppycrawl.tools.checkstyle.checks.header.RegexpHeaderCheckTest
Running com.puppycrawl.tools.checkstyle.checks.imports.AvoidStarImportCheckTest
Tests run: 6, Failures: 0, Errors: 0, Skipped: 0, Time elapsed: 0.253 sec - in com.puppycrawl.tools.checkstyle.checks.imports.AvoidStarImportCheckTest
Running com.puppycrawl.tools.checkstyle.checks.imports.RedundantImportCheckTest
Tests run: 4, Failures: 0, Errors: 0, Skipped: 0, Time elapsed: 0.059 sec - in com.puppycrawl.tools.checkstyle.checks.imports.RedundantImportCheckTest
Running com.puppycrawl.tools.checkstyle.checks.imports.PkgControlRegExpTest
Tests run: 4, Failures: 0, Errors: 0, Skipped: 0, Time elapsed: 0.05 sec - in com.puppycrawl.tools.checkstyle.checks.imports.PkgControlRegExpTest
Running com.puppycrawl.tools.checkstyle.checks.imports.ImportControlLoaderTest
Tests run: 5, Failures: 0, Errors: 0, Skipped: 0, Time elapsed: 0.105 sec - in com.puppycrawl.tools.checkstyle.checks.imports.ImportControlLoaderTest
Running com.puppycrawl.tools.checkstyle.checks.imports.ImportOrderCheckTest
SLF4J: Class path contains multiple SLF4J bindings.
SLF4J: Found binding in [jar:file:/home/travis/.m2/repository/org/slf4j/slf4j-simple/1.7.13/slf4j-simple-1.7.13.jar!/org/slf4j/impl/StaticLoggerBinder.class]
SLF4J: Found binding in [jar:file:/home/travis/.m2/repository/ch/qos/logback/logback-classic/1.0.13/logback-classic-1.0.13.jar!/org/slf4j/impl/StaticLoggerBinder.class]
SLF4J: See http://www.slf4j.org/codes.html#multiple_bindings for an explanation.
SLF4J: Actual binding is of type [org.slf4j.impl.SimpleLoggerFactory]
Tests run: 32, Failures: 0, Errors: 0, Skipped: 0, Time elapsed: 6.336 sec - in com.puppycrawl.tools.checkstyle.checks.imports.ImportOrderCheckTest
Running com.puppycrawl.tools.checkstyle.checks.imports.AvoidStaticImportCheckTest
Tests run: 7, Failures: 0, Errors: 0, Skipped: 0, Time elapsed: 0.193 sec - in com.puppycrawl.tools.checkstyle.checks.imports.AvoidStaticImportCheckTest
Running com.puppycrawl.tools.checkstyle.checks.imports.UnusedImportsCheckTest
Tests run: 7, Failures: 0, Errors: 0, Skipped: 0, Time elapsed: 0.173 sec - in com.puppycrawl.tools.checkstyle.checks.imports.UnusedImportsCheckTest
Running com.puppycrawl.tools.checkstyle.checks.imports.PkgControlTest
Tests run: 4, Failures: 0, Errors: 0, Skipped: 0, Time elapsed: 0.003 sec - in com.puppycrawl.tools.checkstyle.checks.imports.PkgControlTest
Running com.puppycrawl.tools.checkstyle.checks.imports.ImportControlCheckTest
Tests run: 15, Failures: 0, Errors: 0, Skipped: 0, Time elapsed: 1.438 sec - in com.puppycrawl.tools.checkstyle.checks.imports.ImportControlCheckTest
Running com.puppycrawl.tools.checkstyle.checks.imports.GuardTest
Tests run: 11, Failures: 0, Errors: 0, Skipped: 0, Time elapsed: 0.003 sec - in com.puppycrawl.tools.checkstyle.checks.imports.GuardTest
Running com.puppycrawl.tools.checkstyle.checks.imports.IllegalImportCheckTest
Tests run: 4, Failures: 0, Errors: 0, Skipped: 0, Time elapsed: 0.049 sec - in com.puppycrawl.tools.checkstyle.checks.imports.IllegalImportCheckTest
Running com.puppycrawl.tools.checkstyle.checks.imports.CustomImportOrderCheckTest
Tests run: 30, Failures: 0, Errors: 0, Skipped: 0, Time elapsed: 1.031 sec - in com.puppycrawl.tools.checkstyle.checks.imports.CustomImportOrderCheckTest
Running com.puppycrawl.tools.checkstyle.checks.indentation.NewHandlerTest
Tests run: 1, Failures: 0, Errors: 0, Skipped: 0, Time elapsed: 0.15 sec - in com.puppycrawl.tools.checkstyle.checks.indentation.NewHandlerTest
Running com.puppycrawl.tools.checkstyle.checks.indentation.CommentsIndentationCheckTest
Tests run: 8, Failures: 0, Errors: 0, Skipped: 0, Time elapsed: 0.317 sec - in com.puppycrawl.tools.checkstyle.checks.indentation.CommentsIndentationCheckTest
Running com.puppycrawl.tools.checkstyle.checks.indentation.LineSetTest
Tests run: 1, Failures: 0, Errors: 0, Skipped: 0, Time elapsed: 0.001 sec - in com.puppycrawl.tools.checkstyle.checks.indentation.LineSetTest
Running com.puppycrawl.tools.checkstyle.checks.indentation.IndentationCheckTest
Tests run: 62, Failures: 0, Errors: 0, Skipped: 0, Time elapsed: 3.458 sec - in com.puppycrawl.tools.checkstyle.checks.indentation.IndentationCheckTest
Running com.puppycrawl.tools.checkstyle.checks.javadoc.JavadocTypeCheckTest
Tests run: 24, Failures: 0, Errors: 0, Skipped: 0, Time elapsed: 0.38 sec - in com.puppycrawl.tools.checkstyle.checks.javadoc.JavadocTypeCheckTest
Running com.puppycrawl.tools.checkstyle.checks.javadoc.JavadocTagInfoTest
Tests run: 15, Failures: 0, Errors: 0, Skipped: 0, Time elapsed: 0.009 sec - in com.puppycrawl.tools.checkstyle.checks.javadoc.JavadocTagInfoTest
Running com.puppycrawl.tools.checkstyle.checks.javadoc.JavadocParagraphCheckTest
Tests run: 4, Failures: 0, Errors: 0, Skipped: 0, Time elapsed: 4.569 sec - in com.puppycrawl.tools.checkstyle.checks.javadoc.JavadocParagraphCheckTest
Running com.puppycrawl.tools.checkstyle.checks.javadoc.JavadocMethodCheckTest
Tests run: 34, Failures: 0, Errors: 0, Skipped: 0, Time elapsed: 1.159 sec - in com.puppycrawl.tools.checkstyle.checks.javadoc.JavadocMethodCheckTest
Running com.puppycrawl.tools.checkstyle.checks.javadoc.JavadocTagContinuationIndentationCheckTest
Tests run: 4, Failures: 0, Errors: 0, Skipped: 0, Time elapsed: 0.686 sec - in com.puppycrawl.tools.checkstyle.checks.javadoc.JavadocTagContinuationIndentationCheckTest
Running com.puppycrawl.tools.checkstyle.checks.javadoc.NonEmptyAtclauseDescriptionCheckTest
Tests run: 3, Failures: 0, Errors: 0, Skipped: 0, Time elapsed: 0.155 sec - in com.puppycrawl.tools.checkstyle.checks.javadoc.NonEmptyAtclauseDescriptionCheckTest
Running com.puppycrawl.tools.checkstyle.checks.javadoc.AtclauseOrderCheckTest
Tests run: 5, Failures: 0, Errors: 0, Skipped: 0, Time elapsed: 1.77 sec - in com.puppycrawl.tools.checkstyle.checks.javadoc.AtclauseOrderCheckTest
Running com.puppycrawl.tools.checkstyle.checks.javadoc.WriteTagCheckTest
Tests run: 13, Failures: 0, Errors: 0, Skipped: 0, Time elapsed: 0.125 sec - in com.puppycrawl.tools.checkstyle.checks.javadoc.WriteTagCheckTest
Running com.puppycrawl.tools.checkstyle.checks.javadoc.JavadocNodeImplTest
Tests run: 2, Failures: 0, Errors: 0, Skipped: 0, Time elapsed: 0.001 sec - in com.puppycrawl.tools.checkstyle.checks.javadoc.JavadocNodeImplTest
Running com.puppycrawl.tools.checkstyle.checks.javadoc.JavadocPackageCheckTest
Tests run: 7, Failures: 0, Errors: 0, Skipped: 0, Time elapsed: 0.048 sec - in com.puppycrawl.tools.checkstyle.checks.javadoc.JavadocPackageCheckTest
Running com.puppycrawl.tools.checkstyle.checks.javadoc.JavadocTagTest
Tests run: 3, Failures: 0, Errors: 0, Skipped: 0, Time elapsed: 0.006 sec - in com.puppycrawl.tools.checkstyle.checks.javadoc.JavadocTagTest
Running com.puppycrawl.tools.checkstyle.checks.javadoc.JavadocStyleCheckTest
Tests run: 18, Failures: 0, Errors: 0, Skipped: 0, Time elapsed: 0.229 sec - in com.puppycrawl.tools.checkstyle.checks.javadoc.JavadocStyleCheckTest
Running com.puppycrawl.tools.checkstyle.checks.javadoc.AbstractTypeAwareCheckTest
Tests run: 6, Failures: 0, Errors: 0, Skipped: 0, Time elapsed: 0.025 sec - in com.puppycrawl.tools.checkstyle.checks.javadoc.AbstractTypeAwareCheckTest
Running com.puppycrawl.tools.checkstyle.checks.javadoc.JavadocVariableCheckTest
Tests run: 12, Failures: 0, Errors: 0, Skipped: 0, Time elapsed: 0.13 sec - in com.puppycrawl.tools.checkstyle.checks.javadoc.JavadocVariableCheckTest
Running com.puppycrawl.tools.checkstyle.checks.javadoc.SummaryJavadocCheckTest
Tests run: 6, Failures: 0, Errors: 0, Skipped: 0, Time elapsed: 0.267 sec - in com.puppycrawl.tools.checkstyle.checks.javadoc.SummaryJavadocCheckTest
Running com.puppycrawl.tools.checkstyle.checks.javadoc.AbstractJavadocCheckTest
Tests run: 7, Failures: 0, Errors: 0, Skipped: 0, Time elapsed: 0.169 sec - in com.puppycrawl.tools.checkstyle.checks.javadoc.AbstractJavadocCheckTest
Running com.puppycrawl.tools.checkstyle.checks.javadoc.SingleLineJavadocCheckTest
Tests run: 4, Failures: 0, Errors: 0, Skipped: 0, Time elapsed: 0.207 sec - in com.puppycrawl.tools.checkstyle.checks.javadoc.SingleLineJavadocCheckTest
Running com.puppycrawl.tools.checkstyle.checks.metrics.BooleanExpressionComplexityCheckTest
Tests run: 4, Failures: 0, Errors: 0, Skipped: 0, Time elapsed: 0.015 sec - in com.puppycrawl.tools.checkstyle.checks.metrics.BooleanExpressionComplexityCheckTest
Running com.puppycrawl.tools.checkstyle.checks.metrics.NPathComplexityCheckTest
Tests run: 6, Failures: 0, Errors: 0, Skipped: 0, Time elapsed: 0.017 sec - in com.puppycrawl.tools.checkstyle.checks.metrics.NPathComplexityCheckTest
Running com.puppycrawl.tools.checkstyle.checks.metrics.CyclomaticComplexityCheckTest
Tests run: 5, Failures: 0, Errors: 0, Skipped: 0, Time elapsed: 0.016 sec - in com.puppycrawl.tools.checkstyle.checks.metrics.CyclomaticComplexityCheckTest
Running com.puppycrawl.tools.checkstyle.checks.metrics.JavaNCSSCheckTest
Tests run: 4, Failures: 0, Errors: 0, Skipped: 0, Time elapsed: 0.015 sec - in com.puppycrawl.tools.checkstyle.checks.metrics.JavaNCSSCheckTest
Running com.puppycrawl.tools.checkstyle.checks.metrics.ClassFanOutComplexityCheckTest
Tests run: 4, Failures: 0, Errors: 0, Skipped: 0, Time elapsed: 0.036 sec - in com.puppycrawl.tools.checkstyle.checks.metrics.ClassFanOutComplexityCheckTest
Running com.puppycrawl.tools.checkstyle.checks.metrics.ClassDataAbstractionCouplingCheckTest
Tests run: 3, Failures: 0, Errors: 0, Skipped: 0, Time elapsed: 0.041 sec - in com.puppycrawl.tools.checkstyle.checks.metrics.ClassDataAbstractionCouplingCheckTest
Running com.puppycrawl.tools.checkstyle.checks.modifier.RedundantModifierCheckTest
Tests run: 12, Failures: 0, Errors: 0, Skipped: 0, Time elapsed: 0.078 sec - in com.puppycrawl.tools.checkstyle.checks.modifier.RedundantModifierCheckTest
Running com.puppycrawl.tools.checkstyle.checks.modifier.ModifierOrderCheckTest
Tests run: 5, Failures: 0, Errors: 0, Skipped: 0, Time elapsed: 0.024 sec - in com.puppycrawl.tools.checkstyle.checks.modifier.ModifierOrderCheckTest
Running com.puppycrawl.tools.checkstyle.checks.naming.AbbreviationAsWordInNameCheckTest
Tests run: 11, Failures: 0, Errors: 0, Skipped: 0, Time elapsed: 0.216 sec - in com.puppycrawl.tools.checkstyle.checks.naming.AbbreviationAsWordInNameCheckTest
Running com.puppycrawl.tools.checkstyle.checks.naming.CatchParameterNameCheckTest
Tests run: 5, Failures: 0, Errors: 0, Skipped: 0, Time elapsed: 0.089 sec - in com.puppycrawl.tools.checkstyle.checks.naming.CatchParameterNameCheckTest
Running com.puppycrawl.tools.checkstyle.checks.naming.ConstantNameCheckTest
Tests run: 9, Failures: 0, Errors: 0, Skipped: 0, Time elapsed: 0.192 sec - in com.puppycrawl.tools.checkstyle.checks.naming.ConstantNameCheckTest
Running com.puppycrawl.tools.checkstyle.checks.naming.InterfaceTypeParameterNameCheckTest
Tests run: 3, Failures: 0, Errors: 0, Skipped: 0, Time elapsed: 0.029 sec - in com.puppycrawl.tools.checkstyle.checks.naming.InterfaceTypeParameterNameCheckTest
Running com.puppycrawl.tools.checkstyle.checks.naming.LocalVariableNameCheckTest
Tests run: 3, Failures: 0, Errors: 0, Skipped: 0, Time elapsed: 0.037 sec - in com.puppycrawl.tools.checkstyle.checks.naming.LocalVariableNameCheckTest
Running com.puppycrawl.tools.checkstyle.checks.naming.TypeNameCheckTest
Tests run: 6, Failures: 0, Errors: 0, Skipped: 0, Time elapsed: 0.05 sec - in com.puppycrawl.tools.checkstyle.checks.naming.TypeNameCheckTest
Running com.puppycrawl.tools.checkstyle.checks.naming.MethodNameCheckTest
Tests run: 8, Failures: 0, Errors: 0, Skipped: 0, Time elapsed: 0.038 sec - in com.puppycrawl.tools.checkstyle.checks.naming.MethodNameCheckTest
Running com.puppycrawl.tools.checkstyle.checks.naming.LocalFinalVariableNameCheckTest
Tests run: 5, Failures: 0, Errors: 0, Skipped: 0, Time elapsed: 0.039 sec - in com.puppycrawl.tools.checkstyle.checks.naming.LocalFinalVariableNameCheckTest
Running com.puppycrawl.tools.checkstyle.checks.naming.MethodTypeParameterNameCheckTest
Tests run: 3, Failures: 0, Errors: 0, Skipped: 0, Time elapsed: 0.022 sec - in com.puppycrawl.tools.checkstyle.checks.naming.MethodTypeParameterNameCheckTest
Running com.puppycrawl.tools.checkstyle.checks.naming.AbstractClassNameCheckTest
Tests run: 7, Failures: 0, Errors: 0, Skipped: 0, Time elapsed: 0.039 sec - in com.puppycrawl.tools.checkstyle.checks.naming.AbstractClassNameCheckTest
Running com.puppycrawl.tools.checkstyle.checks.naming.PackageNameCheckTest
Tests run: 4, Failures: 0, Errors: 0, Skipped: 0, Time elapsed: 0.03 sec - in com.puppycrawl.tools.checkstyle.checks.naming.PackageNameCheckTest
Running com.puppycrawl.tools.checkstyle.checks.naming.MemberNameCheckTest
Tests run: 12, Failures: 0, Errors: 0, Skipped: 0, Time elapsed: 0.125 sec - in com.puppycrawl.tools.checkstyle.checks.naming.MemberNameCheckTest
Running com.puppycrawl.tools.checkstyle.checks.naming.ClassTypeParameterNameCheckTest
Tests run: 4, Failures: 0, Errors: 0, Skipped: 0, Time elapsed: 0.009 sec - in com.puppycrawl.tools.checkstyle.checks.naming.ClassTypeParameterNameCheckTest
Running com.puppycrawl.tools.checkstyle.checks.naming.StaticVariableNameCheckTest
Tests run: 5, Failures: 0, Errors: 0, Skipped: 0, Time elapsed: 0.039 sec - in com.puppycrawl.tools.checkstyle.checks.naming.StaticVariableNameCheckTest
Running com.puppycrawl.tools.checkstyle.checks.naming.ParameterNameCheckTest
Tests run: 8, Failures: 0, Errors: 0, Skipped: 0, Time elapsed: 0.039 sec - in com.puppycrawl.tools.checkstyle.checks.naming.ParameterNameCheckTest
Running com.puppycrawl.tools.checkstyle.checks.regexp.RegexpCheckTest
Tests run: 24, Failures: 0, Errors: 0, Skipped: 0, Time elapsed: 0.207 sec - in com.puppycrawl.tools.checkstyle.checks.regexp.RegexpCheckTest
Running com.puppycrawl.tools.checkstyle.checks.regexp.RegexpSinglelineJavaCheckTest
Tests run: 19, Failures: 0, Errors: 0, Skipped: 0, Time elapsed: 0.082 sec - in com.puppycrawl.tools.checkstyle.checks.regexp.RegexpSinglelineJavaCheckTest
Running com.puppycrawl.tools.checkstyle.checks.regexp.RegexpSinglelineCheckTest
Tests run: 6, Failures: 0, Errors: 0, Skipped: 0, Time elapsed: 0.015 sec - in com.puppycrawl.tools.checkstyle.checks.regexp.RegexpSinglelineCheckTest
Running com.puppycrawl.tools.checkstyle.checks.regexp.RegexpMultilineCheckTest
Tests run: 12, Failures: 0, Errors: 0, Skipped: 0, Time elapsed: 0.061 sec - in com.puppycrawl.tools.checkstyle.checks.regexp.RegexpMultilineCheckTest
Running com.puppycrawl.tools.checkstyle.checks.sizes.MethodCountCheckTest
Tests run: 6, Failures: 0, Errors: 0, Skipped: 0, Time elapsed: 0.018 sec - in com.puppycrawl.tools.checkstyle.checks.sizes.MethodCountCheckTest
Running com.puppycrawl.tools.checkstyle.checks.sizes.ParameterNumberCheckTest
Tests run: 6, Failures: 0, Errors: 0, Skipped: 0, Time elapsed: 0.017 sec - in com.puppycrawl.tools.checkstyle.checks.sizes.ParameterNumberCheckTest
Running com.puppycrawl.tools.checkstyle.checks.sizes.AnonInnerLengthCheckTest
Tests run: 4, Failures: 0, Errors: 0, Skipped: 0, Time elapsed: 0.011 sec - in com.puppycrawl.tools.checkstyle.checks.sizes.AnonInnerLengthCheckTest
Running com.puppycrawl.tools.checkstyle.checks.sizes.MethodLengthCheckTest
Tests run: 5, Failures: 0, Errors: 0, Skipped: 0, Time elapsed: 0.014 sec - in com.puppycrawl.tools.checkstyle.checks.sizes.MethodLengthCheckTest
Running com.puppycrawl.tools.checkstyle.checks.sizes.LineLengthCheckTest
Tests run: 6, Failures: 0, Errors: 0, Skipped: 0, Time elapsed: 0.017 sec - in com.puppycrawl.tools.checkstyle.checks.sizes.LineLengthCheckTest
Running com.puppycrawl.tools.checkstyle.checks.sizes.OuterTypeNumberCheckTest
Tests run: 5, Failures: 0, Errors: 0, Skipped: 0, Time elapsed: 0.012 sec - in com.puppycrawl.tools.checkstyle.checks.sizes.OuterTypeNumberCheckTest
Running com.puppycrawl.tools.checkstyle.checks.sizes.FileLengthCheckTest
Tests run: 5, Failures: 0, Errors: 0, Skipped: 0, Time elapsed: 0.014 sec - in com.puppycrawl.tools.checkstyle.checks.sizes.FileLengthCheckTest
Running com.puppycrawl.tools.checkstyle.checks.sizes.ExecutableStatementCountCheckTest
Tests run: 8, Failures: 0, Errors: 0, Skipped: 0, Time elapsed: 0.031 sec - in com.puppycrawl.tools.checkstyle.checks.sizes.ExecutableStatementCountCheckTest
Running com.puppycrawl.tools.checkstyle.checks.whitespace.NoWhitespaceAfterCheckTest
Tests run: 8, Failures: 0, Errors: 0, Skipped: 0, Time elapsed: 0.074 sec - in com.puppycrawl.tools.checkstyle.checks.whitespace.NoWhitespaceAfterCheckTest
Running com.puppycrawl.tools.checkstyle.checks.whitespace.OperatorWrapCheckTest
Tests run: 4, Failures: 0, Errors: 0, Skipped: 0, Time elapsed: 0.018 sec - in com.puppycrawl.tools.checkstyle.checks.whitespace.OperatorWrapCheckTest
Running com.puppycrawl.tools.checkstyle.checks.whitespace.MethodParamPadCheckTest
Tests run: 7, Failures: 0, Errors: 0, Skipped: 0, Time elapsed: 0.024 sec - in com.puppycrawl.tools.checkstyle.checks.whitespace.MethodParamPadCheckTest
Running com.puppycrawl.tools.checkstyle.checks.whitespace.EmptyLineSeparatorCheckTest
Tests run: 10, Failures: 0, Errors: 0, Skipped: 0, Time elapsed: 0.031 sec - in com.puppycrawl.tools.checkstyle.checks.whitespace.EmptyLineSeparatorCheckTest
Running com.puppycrawl.tools.checkstyle.checks.whitespace.SeparatorWrapCheckTest
Tests run: 4, Failures: 0, Errors: 0, Skipped: 0, Time elapsed: 0.015 sec - in com.puppycrawl.tools.checkstyle.checks.whitespace.SeparatorWrapCheckTest
Running com.puppycrawl.tools.checkstyle.checks.whitespace.FileTabCharacterCheckTest
Tests run: 3, Failures: 0, Errors: 0, Skipped: 0, Time elapsed: 0.009 sec - in com.puppycrawl.tools.checkstyle.checks.whitespace.FileTabCharacterCheckTest
Running com.puppycrawl.tools.checkstyle.checks.whitespace.NoWhitespaceBeforeCheckTest
Tests run: 3, Failures: 0, Errors: 0, Skipped: 0, Time elapsed: 0.018 sec - in com.puppycrawl.tools.checkstyle.checks.whitespace.NoWhitespaceBeforeCheckTest
Running com.puppycrawl.tools.checkstyle.checks.whitespace.WhitespaceAroundCheckTest
Tests run: 18, Failures: 0, Errors: 0, Skipped: 0, Time elapsed: 0.131 sec - in com.puppycrawl.tools.checkstyle.checks.whitespace.WhitespaceAroundCheckTest
Running com.puppycrawl.tools.checkstyle.checks.whitespace.EmptyForIteratorPadCheckTest
Tests run: 5, Failures: 0, Errors: 0, Skipped: 0, Time elapsed: 0.027 sec - in com.puppycrawl.tools.checkstyle.checks.whitespace.EmptyForIteratorPadCheckTest
Running com.puppycrawl.tools.checkstyle.checks.whitespace.ParenPadCheckTest
Tests run: 8, Failures: 0, Errors: 0, Skipped: 0, Time elapsed: 0.092 sec - in com.puppycrawl.tools.checkstyle.checks.whitespace.ParenPadCheckTest
Running com.puppycrawl.tools.checkstyle.checks.whitespace.TypecastParenPadCheckTest
Tests run: 4, Failures: 0, Errors: 0, Skipped: 0, Time elapsed: 0.022 sec - in com.puppycrawl.tools.checkstyle.checks.whitespace.TypecastParenPadCheckTest
Running com.puppycrawl.tools.checkstyle.checks.whitespace.WhitespaceAfterCheckTest
Tests run: 7, Failures: 0, Errors: 0, Skipped: 0, Time elapsed: 0.076 sec - in com.puppycrawl.tools.checkstyle.checks.whitespace.WhitespaceAfterCheckTest
Running com.puppycrawl.tools.checkstyle.checks.whitespace.NoLineWrapCheckTest
Tests run: 3, Failures: 0, Errors: 0, Skipped: 0, Time elapsed: 0.011 sec - in com.puppycrawl.tools.checkstyle.checks.whitespace.NoLineWrapCheckTest
Running com.puppycrawl.tools.checkstyle.checks.whitespace.EmptyForInitializerPadCheckTest
Tests run: 7, Failures: 0, Errors: 0, Skipped: 0, Time elapsed: 0.031 sec - in com.puppycrawl.tools.checkstyle.checks.whitespace.EmptyForInitializerPadCheckTest
Running com.puppycrawl.tools.checkstyle.checks.whitespace.GenericWhitespaceCheckTest
Tests run: 9, Failures: 0, Errors: 0, Skipped: 0, Time elapsed: 0.065 sec - in com.puppycrawl.tools.checkstyle.checks.whitespace.GenericWhitespaceCheckTest
Running com.puppycrawl.tools.checkstyle.checks.TodoCommentCheckTest
Tests run: 3, Failures: 0, Errors: 0, Skipped: 0, Time elapsed: 0.013 sec - in com.puppycrawl.tools.checkstyle.checks.TodoCommentCheckTest
Running com.puppycrawl.tools.checkstyle.checks.FinalParametersCheckTest
Tests run: 6, Failures: 0, Errors: 0, Skipped: 0, Time elapsed: 0.057 sec - in com.puppycrawl.tools.checkstyle.checks.FinalParametersCheckTest
Running com.puppycrawl.tools.checkstyle.checks.ArrayTypeStyleCheckTest
Tests run: 4, Failures: 0, Errors: 0, Skipped: 0, Time elapsed: 0.013 sec - in com.puppycrawl.tools.checkstyle.checks.ArrayTypeStyleCheckTest
Running com.puppycrawl.tools.checkstyle.checks.UpperEllCheckTest
Tests run: 3, Failures: 0, Errors: 0, Skipped: 0, Time elapsed: 0.008 sec - in com.puppycrawl.tools.checkstyle.checks.UpperEllCheckTest
Running com.puppycrawl.tools.checkstyle.checks.ClassResolverTest
SLF4J: Class path contains multiple SLF4J bindings.
SLF4J: Found binding in [jar:file:/home/travis/.m2/repository/org/slf4j/slf4j-simple/1.7.13/slf4j-simple-1.7.13.jar!/org/slf4j/impl/StaticLoggerBinder.class]
SLF4J: Found binding in [jar:file:/home/travis/.m2/repository/ch/qos/logback/logback-classic/1.0.13/logback-classic-1.0.13.jar!/org/slf4j/impl/StaticLoggerBinder.class]
SLF4J: See http://www.slf4j.org/codes.html#multiple_bindings for an explanation.
SLF4J: Actual binding is of type [org.slf4j.impl.SimpleLoggerFactory]
Tests run: 5, Failures: 0, Errors: 0, Skipped: 0, Time elapsed: 2.022 sec - in com.puppycrawl.tools.checkstyle.checks.ClassResolverTest
Running com.puppycrawl.tools.checkstyle.checks.AvoidEscapedUnicodeCharactersCheckTest
Tests run: 7, Failures: 0, Errors: 0, Skipped: 0, Time elapsed: 0.072 sec - in com.puppycrawl.tools.checkstyle.checks.AvoidEscapedUnicodeCharactersCheckTest
Running com.puppycrawl.tools.checkstyle.checks.SuppressWarningsHolderTest
SLF4J: Class path contains multiple SLF4J bindings.
SLF4J: Found binding in [jar:file:/home/travis/.m2/repository/org/slf4j/slf4j-simple/1.7.13/slf4j-simple-1.7.13.jar!/org/slf4j/impl/StaticLoggerBinder.class]
SLF4J: Found binding in [jar:file:/home/travis/.m2/repository/ch/qos/logback/logback-classic/1.0.13/logback-classic-1.0.13.jar!/org/slf4j/impl/StaticLoggerBinder.class]
SLF4J: See http://www.slf4j.org/codes.html#multiple_bindings for an explanation.
SLF4J: Actual binding is of type [org.slf4j.impl.SimpleLoggerFactory]
Tests run: 16, Failures: 0, Errors: 0, Skipped: 0, Time elapsed: 2.341 sec - in com.puppycrawl.tools.checkstyle.checks.SuppressWarningsHolderTest
Running com.puppycrawl.tools.checkstyle.checks.UncommentedMainCheckTest
Tests run: 7, Failures: 0, Errors: 0, Skipped: 0, Time elapsed: 0.035 sec - in com.puppycrawl.tools.checkstyle.checks.UncommentedMainCheckTest
Running com.puppycrawl.tools.checkstyle.checks.UniquePropertiesCheckTest
Tests run: 5, Failures: 0, Errors: 0, Skipped: 0, Time elapsed: 0.02 sec - in com.puppycrawl.tools.checkstyle.checks.UniquePropertiesCheckTest
Running com.puppycrawl.tools.checkstyle.checks.DescendantTokenCheckTest
Tests run: 18, Failures: 0, Errors: 0, Skipped: 0, Time elapsed: 0.089 sec - in com.puppycrawl.tools.checkstyle.checks.DescendantTokenCheckTest
Running com.puppycrawl.tools.checkstyle.checks.TranslationCheckTest
Tests run: 10, Failures: 0, Errors: 0, Skipped: 0, Time elapsed: 0.025 sec - in com.puppycrawl.tools.checkstyle.checks.TranslationCheckTest
Running com.puppycrawl.tools.checkstyle.checks.FileSetCheckLifecycleTest
Tests run: 3, Failures: 0, Errors: 0, Skipped: 0, Time elapsed: 0.013 sec - in com.puppycrawl.tools.checkstyle.checks.FileSetCheckLifecycleTest
Running com.puppycrawl.tools.checkstyle.checks.OuterTypeFilenameCheckTest
Tests run: 9, Failures: 0, Errors: 0, Skipped: 0, Time elapsed: 0.024 sec - in com.puppycrawl.tools.checkstyle.checks.OuterTypeFilenameCheckTest
Running com.puppycrawl.tools.checkstyle.checks.TrailingCommentCheckTest
Tests run: 5, Failures: 0, Errors: 0, Skipped: 0, Time elapsed: 0.026 sec - in com.puppycrawl.tools.checkstyle.checks.TrailingCommentCheckTest
Running com.puppycrawl.tools.checkstyle.checks.NewlineAtEndOfFileCheckTest
Tests run: 10, Failures: 0, Errors: 0, Skipped: 0, Time elapsed: 0.055 sec - in com.puppycrawl.tools.checkstyle.checks.NewlineAtEndOfFileCheckTest
Running com.puppycrawl.tools.checkstyle.doclets.TokenTypesDocletTest
Tests run: 6, Failures: 0, Errors: 0, Skipped: 0, Time elapsed: 0.893 sec - in com.puppycrawl.tools.checkstyle.doclets.TokenTypesDocletTest
Running com.puppycrawl.tools.checkstyle.filters.FilterSetTest
Tests run: 7, Failures: 0, Errors: 0, Skipped: 0, Time elapsed: 0.064 sec - in com.puppycrawl.tools.checkstyle.filters.FilterSetTest
Running com.puppycrawl.tools.checkstyle.filters.SeverityMatchFilterTest
Tests run: 3, Failures: 0, Errors: 0, Skipped: 0, Time elapsed: 0.002 sec - in com.puppycrawl.tools.checkstyle.filters.SeverityMatchFilterTest
Running com.puppycrawl.tools.checkstyle.filters.SuppressElementTest
Tests run: 15, Failures: 0, Errors: 0, Skipped: 0, Time elapsed: 0.184 sec - in com.puppycrawl.tools.checkstyle.filters.SuppressElementTest
Running com.puppycrawl.tools.checkstyle.filters.SuppressionsLoaderTest
SLF4J: Class path contains multiple SLF4J bindings.
SLF4J: Found binding in [jar:file:/home/travis/.m2/repository/org/slf4j/slf4j-simple/1.7.13/slf4j-simple-1.7.13.jar!/org/slf4j/impl/StaticLoggerBinder.class]
SLF4J: Found binding in [jar:file:/home/travis/.m2/repository/ch/qos/logback/logback-classic/1.0.13/logback-classic-1.0.13.jar!/org/slf4j/impl/StaticLoggerBinder.class]
SLF4J: See http://www.slf4j.org/codes.html#multiple_bindings for an explanation.
SLF4J: Actual binding is of type [org.slf4j.impl.SimpleLoggerFactory]
Tests run: 14, Failures: 0, Errors: 0, Skipped: 0, Time elapsed: 0.873 sec - in com.puppycrawl.tools.checkstyle.filters.SuppressionsLoaderTest
Running com.puppycrawl.tools.checkstyle.filters.SuppressionFilterTest
SLF4J: Class path contains multiple SLF4J bindings.
SLF4J: Found binding in [jar:file:/home/travis/.m2/repository/org/slf4j/slf4j-simple/1.7.13/slf4j-simple-1.7.13.jar!/org/slf4j/impl/StaticLoggerBinder.class]
SLF4J: Found binding in [jar:file:/home/travis/.m2/repository/ch/qos/logback/logback-classic/1.0.13/logback-classic-1.0.13.jar!/org/slf4j/impl/StaticLoggerBinder.class]
SLF4J: See http://www.slf4j.org/codes.html#multiple_bindings for an explanation.
SLF4J: Actual binding is of type [org.slf4j.impl.SimpleLoggerFactory]
Tests run: 9, Failures: 1, Errors: 0, Skipped: 0, Time elapsed: 2.059 sec <<< FAILURE! - in com.puppycrawl.tools.checkstyle.filters.SuppressionFilterTest
testEqualsAndHashCode(com.puppycrawl.tools.checkstyle.filters.SuppressionFilterTest)  Time elapsed: 0.959 sec  <<< FAILURE!
java.lang.AssertionError: 
Non-nullity: equals throws NullPointerException on field __cobertura_counters.
For more information, go to: http://www.jqno.nl/equalsverifier/errormessages
	at com.puppycrawl.tools.checkstyle.filters.SuppressionFilterTest.testEqualsAndHashCode(SuppressionFilterTest.java:53)
Caused by: java.lang.NullPointerException
	at com.puppycrawl.tools.checkstyle.filters.SuppressionFilterTest.testEqualsAndHashCode(SuppressionFilterTest.java:53)

Running com.puppycrawl.tools.checkstyle.filters.IntRangeFilterTest
Tests run: 4, Failures: 0, Errors: 0, Skipped: 0, Time elapsed: 0.061 sec - in com.puppycrawl.tools.checkstyle.filters.IntRangeFilterTest
Running com.puppycrawl.tools.checkstyle.filters.IntMatchFilterTest
Tests run: 3, Failures: 0, Errors: 0, Skipped: 0, Time elapsed: 0.044 sec - in com.puppycrawl.tools.checkstyle.filters.IntMatchFilterTest
Running com.puppycrawl.tools.checkstyle.filters.SuppressionCommentFilterTest
Tests run: 16, Failures: 0, Errors: 0, Skipped: 0, Time elapsed: 0.614 sec - in com.puppycrawl.tools.checkstyle.filters.SuppressionCommentFilterTest
Running com.puppycrawl.tools.checkstyle.filters.CsvFilterTest
Tests run: 6, Failures: 0, Errors: 0, Skipped: 0, Time elapsed: 0.028 sec - in com.puppycrawl.tools.checkstyle.filters.CsvFilterTest
Running com.puppycrawl.tools.checkstyle.filters.SuppressWithNearbyCommentFilterTest
Tests run: 16, Failures: 0, Errors: 0, Skipped: 0, Time elapsed: 0.249 sec - in com.puppycrawl.tools.checkstyle.filters.SuppressWithNearbyCommentFilterTest
Running com.puppycrawl.tools.checkstyle.filters.SuppressWarningsFilterTest
Tests run: 3, Failures: 0, Errors: 0, Skipped: 0, Time elapsed: 0.048 sec - in com.puppycrawl.tools.checkstyle.filters.SuppressWarningsFilterTest
Running com.puppycrawl.tools.checkstyle.grammars.comments.AllBlockCommentsTest
Tests run: 1, Failures: 0, Errors: 0, Skipped: 0, Time elapsed: 0.007 sec - in com.puppycrawl.tools.checkstyle.grammars.comments.AllBlockCommentsTest
Running com.puppycrawl.tools.checkstyle.grammars.comments.AllSinglelineCommentsTest
Tests run: 1, Failures: 0, Errors: 0, Skipped: 0, Time elapsed: 0.006 sec - in com.puppycrawl.tools.checkstyle.grammars.comments.AllSinglelineCommentsTest
Running com.puppycrawl.tools.checkstyle.grammars.comments.CommentsTest
Tests run: 3, Failures: 0, Errors: 0, Skipped: 0, Time elapsed: 0.026 sec - in com.puppycrawl.tools.checkstyle.grammars.comments.CommentsTest
Running com.puppycrawl.tools.checkstyle.grammars.java8.DefaultMethodsTest
Tests run: 2, Failures: 0, Errors: 0, Skipped: 0, Time elapsed: 0.012 sec - in com.puppycrawl.tools.checkstyle.grammars.java8.DefaultMethodsTest
Running com.puppycrawl.tools.checkstyle.grammars.java8.LambdaTest
Tests run: 18, Failures: 0, Errors: 0, Skipped: 0, Time elapsed: 0.077 sec - in com.puppycrawl.tools.checkstyle.grammars.java8.LambdaTest
Running com.puppycrawl.tools.checkstyle.grammars.java8.AnnotationTest
Tests run: 10, Failures: 0, Errors: 0, Skipped: 0, Time elapsed: 0.035 sec - in com.puppycrawl.tools.checkstyle.grammars.java8.AnnotationTest
Running com.puppycrawl.tools.checkstyle.grammars.java8.MethodReferencesTest
Tests run: 3, Failures: 0, Errors: 0, Skipped: 0, Time elapsed: 0.037 sec - in com.puppycrawl.tools.checkstyle.grammars.java8.MethodReferencesTest
Running com.puppycrawl.tools.checkstyle.grammars.javadoc.JavadocParseTreeTest
Tests run: 23, Failures: 0, Errors: 0, Skipped: 0, Time elapsed: 0.369 sec - in com.puppycrawl.tools.checkstyle.grammars.javadoc.JavadocParseTreeTest
Running com.puppycrawl.tools.checkstyle.grammars.UnicodeEscapeTest
Tests run: 1, Failures: 0, Errors: 0, Skipped: 0, Time elapsed: 0.017 sec - in com.puppycrawl.tools.checkstyle.grammars.UnicodeEscapeTest
Running com.puppycrawl.tools.checkstyle.grammars.Java7DiamondTest
Tests run: 1, Failures: 0, Errors: 0, Skipped: 0, Time elapsed: 0.003 sec - in com.puppycrawl.tools.checkstyle.grammars.Java7DiamondTest
Running com.puppycrawl.tools.checkstyle.grammars.LineCommentAtTheEndOfFileTest
Tests run: 1, Failures: 0, Errors: 0, Skipped: 0, Time elapsed: 0.002 sec - in com.puppycrawl.tools.checkstyle.grammars.LineCommentAtTheEndOfFileTest
Running com.puppycrawl.tools.checkstyle.grammars.Java7MultiCatchTest
Tests run: 1, Failures: 0, Errors: 0, Skipped: 0, Time elapsed: 0.003 sec - in com.puppycrawl.tools.checkstyle.grammars.Java7MultiCatchTest
Running com.puppycrawl.tools.checkstyle.grammars.HexFloatsTest
Tests run: 1, Failures: 0, Errors: 0, Skipped: 0, Time elapsed: 0.017 sec - in com.puppycrawl.tools.checkstyle.grammars.HexFloatsTest
Running com.puppycrawl.tools.checkstyle.grammars.MultiDimensionalArraysInGenericsTest
Tests run: 1, Failures: 0, Errors: 0, Skipped: 0, Time elapsed: 0.003 sec - in com.puppycrawl.tools.checkstyle.grammars.MultiDimensionalArraysInGenericsTest
Running com.puppycrawl.tools.checkstyle.grammars.EmbeddedNullCharTest
Tests run: 1, Failures: 0, Errors: 0, Skipped: 0, Time elapsed: 0.003 sec - in com.puppycrawl.tools.checkstyle.grammars.EmbeddedNullCharTest
Running com.puppycrawl.tools.checkstyle.grammars.Java7NumericalLiteralsTest
Tests run: 1, Failures: 0, Errors: 0, Skipped: 0, Time elapsed: 0.016 sec - in com.puppycrawl.tools.checkstyle.grammars.Java7NumericalLiteralsTest
Running com.puppycrawl.tools.checkstyle.grammars.GeneratedJava14LexerTest
Tests run: 2, Failures: 0, Errors: 0, Skipped: 0, Time elapsed: 0.009 sec - in com.puppycrawl.tools.checkstyle.grammars.GeneratedJava14LexerTest
Running com.puppycrawl.tools.checkstyle.grammars.Java7TryWithResourcesTest
Tests run: 1, Failures: 0, Errors: 0, Skipped: 0, Time elapsed: 0.014 sec - in com.puppycrawl.tools.checkstyle.grammars.Java7TryWithResourcesTest
Running com.puppycrawl.tools.checkstyle.grammars.Java7StringSwitchTest
Tests run: 1, Failures: 0, Errors: 0, Skipped: 0, Time elapsed: 0.003 sec - in com.puppycrawl.tools.checkstyle.grammars.Java7StringSwitchTest
Running com.puppycrawl.tools.checkstyle.grammars.VarargTest
Tests run: 1, Failures: 0, Errors: 0, Skipped: 0, Time elapsed: 0.002 sec - in com.puppycrawl.tools.checkstyle.grammars.VarargTest
Running com.puppycrawl.tools.checkstyle.internal.AllChecksTest
Tests run: 7, Failures: 0, Errors: 0, Skipped: 0, Time elapsed: 2.709 sec - in com.puppycrawl.tools.checkstyle.internal.AllChecksTest
Running com.puppycrawl.tools.checkstyle.internal.CommitValidationTest
Tests run: 2, Failures: 0, Errors: 0, Skipped: 0, Time elapsed: 0.232 sec - in com.puppycrawl.tools.checkstyle.internal.CommitValidationTest
Running com.puppycrawl.tools.checkstyle.internal.XDocsPagesTest
Tests run: 4, Failures: 0, Errors: 0, Skipped: 0, Time elapsed: 4.834 sec - in com.puppycrawl.tools.checkstyle.internal.XDocsPagesTest
Running com.puppycrawl.tools.checkstyle.PropertiesExpanderTest
Tests run: 1, Failures: 0, Errors: 0, Skipped: 0, Time elapsed: 0.001 sec - in com.puppycrawl.tools.checkstyle.PropertiesExpanderTest
Running com.puppycrawl.tools.checkstyle.MainTest
Tests run: 27, Failures: 0, Errors: 0, Skipped: 0, Time elapsed: 0.675 sec - in com.puppycrawl.tools.checkstyle.MainTest
Running com.puppycrawl.tools.checkstyle.PackageNamesLoaderTest
Tests run: 5, Failures: 0, Errors: 0, Skipped: 0, Time elapsed: 0.014 sec - in com.puppycrawl.tools.checkstyle.PackageNamesLoaderTest
Running com.puppycrawl.tools.checkstyle.ConfigurationLoaderTest
Tests run: 24, Failures: 0, Errors: 0, Skipped: 0, Time elapsed: 0.03 sec - in com.puppycrawl.tools.checkstyle.ConfigurationLoaderTest
Running com.puppycrawl.tools.checkstyle.utils.JavadocUtilsTest
Tests run: 16, Failures: 0, Errors: 0, Skipped: 0, Time elapsed: 0.003 sec - in com.puppycrawl.tools.checkstyle.utils.JavadocUtilsTest
Running com.puppycrawl.tools.checkstyle.utils.AnnotationUtilityTest
Tests run: 10, Failures: 0, Errors: 0, Skipped: 0, Time elapsed: 0.001 sec - in com.puppycrawl.tools.checkstyle.utils.AnnotationUtilityTest
Running com.puppycrawl.tools.checkstyle.utils.CommonUtilsTest
SLF4J: Class path contains multiple SLF4J bindings.
SLF4J: Found binding in [jar:file:/home/travis/.m2/repository/org/slf4j/slf4j-simple/1.7.13/slf4j-simple-1.7.13.jar!/org/slf4j/impl/StaticLoggerBinder.class]
SLF4J: Found binding in [jar:file:/home/travis/.m2/repository/ch/qos/logback/logback-classic/1.0.13/logback-classic-1.0.13.jar!/org/slf4j/impl/StaticLoggerBinder.class]
SLF4J: See http://www.slf4j.org/codes.html#multiple_bindings for an explanation.
SLF4J: Actual binding is of type [org.slf4j.impl.SimpleLoggerFactory]
SLF4J: Class path contains multiple SLF4J bindings.
SLF4J: Found binding in [jar:file:/home/travis/.m2/repository/org/slf4j/slf4j-simple/1.7.13/slf4j-simple-1.7.13.jar!/org/slf4j/impl/StaticLoggerBinder.class]
SLF4J: Found binding in [jar:file:/home/travis/.m2/repository/ch/qos/logback/logback-classic/1.0.13/logback-classic-1.0.13.jar!/org/slf4j/impl/StaticLoggerBinder.class]
SLF4J: See http://www.slf4j.org/codes.html#multiple_bindings for an explanation.
SLF4J: Actual binding is of type [org.slf4j.impl.SimpleLoggerFactory]
Tests run: 18, Failures: 0, Errors: 0, Skipped: 0, Time elapsed: 2.208 sec - in com.puppycrawl.tools.checkstyle.utils.CommonUtilsTest
Running com.puppycrawl.tools.checkstyle.utils.ScopeUtilsTest
Tests run: 12, Failures: 0, Errors: 0, Skipped: 0, Time elapsed: 0.012 sec - in com.puppycrawl.tools.checkstyle.utils.ScopeUtilsTest
Running com.puppycrawl.tools.checkstyle.utils.CheckUtilsTest
Tests run: 4, Failures: 0, Errors: 0, Skipped: 0, Time elapsed: 0 sec - in com.puppycrawl.tools.checkstyle.utils.CheckUtilsTest
Running com.puppycrawl.tools.checkstyle.utils.TokenUtilsTest
Tests run: 8, Failures: 0, Errors: 0, Skipped: 0, Time elapsed: 0.001 sec - in com.puppycrawl.tools.checkstyle.utils.TokenUtilsTest
Running com.puppycrawl.tools.checkstyle.XMLLoggerTest
Tests run: 10, Failures: 0, Errors: 0, Skipped: 0, Time elapsed: 0.012 sec - in com.puppycrawl.tools.checkstyle.XMLLoggerTest
Running com.puppycrawl.tools.checkstyle.CheckerTest
Tests run: 12, Failures: 0, Errors: 0, Skipped: 0, Time elapsed: 0.004 sec - in com.puppycrawl.tools.checkstyle.CheckerTest
Running com.puppycrawl.tools.checkstyle.DefaultLoggerTest
Tests run: 2, Failures: 0, Errors: 0, Skipped: 0, Time elapsed: 0.009 sec - in com.puppycrawl.tools.checkstyle.DefaultLoggerTest
Running com.puppycrawl.tools.checkstyle.PackageObjectFactoryTest
Tests run: 4, Failures: 0, Errors: 0, Skipped: 0, Time elapsed: 0.003 sec - in com.puppycrawl.tools.checkstyle.PackageObjectFactoryTest
Running com.puppycrawl.tools.checkstyle.PropertyCacheFileTest
SLF4J: Class path contains multiple SLF4J bindings.
SLF4J: Found binding in [jar:file:/home/travis/.m2/repository/org/slf4j/slf4j-simple/1.7.13/slf4j-simple-1.7.13.jar!/org/slf4j/impl/StaticLoggerBinder.class]
SLF4J: Found binding in [jar:file:/home/travis/.m2/repository/ch/qos/logback/logback-classic/1.0.13/logback-classic-1.0.13.jar!/org/slf4j/impl/StaticLoggerBinder.class]
SLF4J: See http://www.slf4j.org/codes.html#multiple_bindings for an explanation.
SLF4J: Actual binding is of type [org.slf4j.impl.SimpleLoggerFactory]
Tests run: 8, Failures: 0, Errors: 0, Skipped: 0, Time elapsed: 0.948 sec - in com.puppycrawl.tools.checkstyle.PropertyCacheFileTest
Running com.puppycrawl.tools.checkstyle.DefinitionsTest
Tests run: 1, Failures: 0, Errors: 0, Skipped: 0, Time elapsed: 0 sec - in com.puppycrawl.tools.checkstyle.DefinitionsTest
Running com.puppycrawl.tools.checkstyle.DefaultConfigurationTest
Tests run: 1, Failures: 0, Errors: 0, Skipped: 0, Time elapsed: 0.015 sec - in com.puppycrawl.tools.checkstyle.DefaultConfigurationTest
Running com.puppycrawl.tools.checkstyle.TreeWalkerTest
Tests run: 17, Failures: 0, Errors: 0, Skipped: 1, Time elapsed: 0.129 sec - in com.puppycrawl.tools.checkstyle.TreeWalkerTest
Running com.puppycrawl.tools.checkstyle.AuditEventDefaultFormatterTest
SLF4J: Class path contains multiple SLF4J bindings.
SLF4J: Found binding in [jar:file:/home/travis/.m2/repository/org/slf4j/slf4j-simple/1.7.13/slf4j-simple-1.7.13.jar!/org/slf4j/impl/StaticLoggerBinder.class]
SLF4J: Found binding in [jar:file:/home/travis/.m2/repository/ch/qos/logback/logback-classic/1.0.13/logback-classic-1.0.13.jar!/org/slf4j/impl/StaticLoggerBinder.class]
SLF4J: See http://www.slf4j.org/codes.html#multiple_bindings for an explanation.
SLF4J: Actual binding is of type [org.slf4j.impl.SimpleLoggerFactory]
Tests run: 4, Failures: 0, Errors: 0, Skipped: 0, Time elapsed: 0.631 sec - in com.puppycrawl.tools.checkstyle.AuditEventDefaultFormatterTest
[Thread-10] INFO net.sourceforge.cobertura.coveragedata.CoverageDataFileHandler - Cobertura: Loaded information on 357 classes.
[Thread-10] INFO net.sourceforge.cobertura.coveragedata.CoverageDataFileHandler - Cobertura: Saved information on 357 classes.
[Thread-0] INFO net.sourceforge.cobertura.coveragedata.CoverageDataFileHandler - Cobertura: Loaded information on 357 classes.
[Thread-0] INFO net.sourceforge.cobertura.coveragedata.CoverageDataFileHandler - Cobertura: Saved information on 357 classes.
[Thread-5] INFO net.sourceforge.cobertura.coveragedata.CoverageDataFileHandler - Cobertura: Loaded information on 357 classes.
[Thread-5] INFO net.sourceforge.cobertura.coveragedata.CoverageDataFileHandler - Cobertura: Saved information on 357 classes.
[Thread-3] INFO net.sourceforge.cobertura.coveragedata.CoverageDataFileHandler - Cobertura: Loaded information on 357 classes.
[Thread-3] INFO net.sourceforge.cobertura.coveragedata.CoverageDataFileHandler - Cobertura: Saved information on 357 classes.
[Thread-9] INFO net.sourceforge.cobertura.coveragedata.CoverageDataFileHandler - Cobertura: Loaded information on 357 classes.
[Thread-9] INFO net.sourceforge.cobertura.coveragedata.CoverageDataFileHandler - Cobertura: Saved information on 357 classes.
[Thread-12] INFO net.sourceforge.cobertura.coveragedata.CoverageDataFileHandler - Cobertura: Loaded information on 357 classes.
[Thread-12] INFO net.sourceforge.cobertura.coveragedata.CoverageDataFileHandler - Cobertura: Saved information on 357 classes.
[Thread-6] INFO net.sourceforge.cobertura.coveragedata.CoverageDataFileHandler - Cobertura: Loaded information on 357 classes.
[Thread-6] INFO net.sourceforge.cobertura.coveragedata.CoverageDataFileHandler - Cobertura: Saved information on 357 classes.
[Thread-11] INFO net.sourceforge.cobertura.coveragedata.CoverageDataFileHandler - Cobertura: Loaded information on 357 classes.
[Thread-11] INFO net.sourceforge.cobertura.coveragedata.CoverageDataFileHandler - Cobertura: Saved information on 357 classes.
[Thread-7] INFO net.sourceforge.cobertura.coveragedata.CoverageDataFileHandler - Cobertura: Loaded information on 357 classes.
[Thread-7] INFO net.sourceforge.cobertura.coveragedata.CoverageDataFileHandler - Cobertura: Saved information on 357 classes.
[Thread-2] INFO net.sourceforge.cobertura.coveragedata.CoverageDataFileHandler - Cobertura: Loaded information on 357 classes.
[Thread-2] INFO net.sourceforge.cobertura.coveragedata.CoverageDataFileHandler - Cobertura: Saved information on 357 classes.
[Thread-4] INFO net.sourceforge.cobertura.coveragedata.CoverageDataFileHandler - Cobertura: Loaded information on 357 classes.
[Thread-4] INFO net.sourceforge.cobertura.coveragedata.CoverageDataFileHandler - Cobertura: Saved information on 357 classes.

Results :

Failed tests: 
  SuppressionFilterTest.testEqualsAndHashCode:53 Non-nullity: equals throws NullPointerException on field __cobertura_counters.
For more information, go to: http://www.jqno.nl/equalsverifier/errormessages

Tests run: 1660, Failures: 1, Errors: 0, Skipped: 1

[ERROR] There are test failures.

Please refer to /home/travis/build/checkstyle/checkstyle/target/surefire-reports for the individual test results.
[INFO] 
[INFO] --- xml-maven-plugin:1.0.1:validate (default) @ checkstyle ---
[INFO] 
[INFO] <<< cobertura-maven-plugin:2.7:check (default-cli) < [cobertura]test @ checkstyle <<<
[INFO] 
[INFO] --- cobertura-maven-plugin:2.7:check (default-cli) @ checkstyle ---
[INFO] Cobertura 2.1.1 - GNU GPL License (NO WARRANTY) - See COPYRIGHT file
[INFO] Cobertura: Loaded information on 357 classes.
[ERROR] com.puppycrawl.tools.checkstyle.filters.SuppressionFilter failed coverage check. Branch coverage rate of 57.1% is below 100.0%
[ERROR] com.puppycrawl.tools.checkstyle.filters.SuppressionFilter failed coverage check. Line coverage rate of 83.3% is below 100.0%
[ERROR] project failed coverage check. Branch coverage rate of 99.9% is below 100.0%
[ERROR] project failed coverage check. Line coverage rate of 99.9% is below 100.0%

[INFO] ------------------------------------------------------------------------
[INFO] BUILD FAILURE
[INFO] ------------------------------------------------------------------------
[INFO] Total time: 02:34 min
[INFO] Finished at: 2016-01-15T14:05:29+00:00
[INFO] Final Memory: 45M/428M
[INFO] ------------------------------------------------------------------------
[ERROR] Failed to execute goal org.codehaus.mojo:cobertura-maven-plugin:2.7:check (default-cli) on project checkstyle: Coverage check failed. See messages above. -> [Help 1]
[ERROR] 
[ERROR] To see the full stack trace of the errors, re-run Maven with the -e switch.
[ERROR] Re-run Maven using the -X switch to enable full debug logging.
[ERROR] 
[ERROR] For more information about the errors and possible solutions, please read the following articles:
[ERROR] [Help 1] http://cwiki.apache.org/confluence/display/MAVEN/MojoFailureException
travis_time:end:2325e4d8:start=1452866573577469512,finish=1452866730482459801,duration=156904990289[0K
[31;1mThe command "eval $CMD" exited with 1.[0m
travis_fold:start:cache.2[0Kstore build cache
travis_time:start:0dfde868[0Ktravis_time:end:0dfde868:start=1452866730486736562,finish=1452866730490002832,duration=3266270[0Ktravis_time:start:001ea1bd[0K[32;1mchange detected:
/home/travis/.m2/repository/junit/junit-dep/resolver-status.properties
/home/travis/.m2/repository/nl/jqno/equalsverifier/equalsverifier/1.7.6/equalsverifier-1.7.6.jar
/home/travis/.m2/repository/nl/jqno/equalsverifier/equalsverifier/1.7.6/equalsverifier-1.7.6.jar.sha1
/home/travis/.m2/repository/nl/jqno/equalsverifier/equalsverifier/1.7.6/equalsverifier-1.7.6.pom
/home/travis/.m2/repository/nl/jqno/equalsverifier/equalsverifier/1.7.6/equalsverifier-1.7.6.pom.sha1
/home/travis/.m2/repository/nl/jqno/equalsverifier/equalsverifier/1.7.6/_remote.repositories
/home/travis/.m2/repository/org/apache/maven/plugins/maven-failsafe-plugin/2.19.1/maven-failsafe-plugin-2.19.1.jar
/home/travis/.m2/repository/org/apache/maven/plugins/maven-failsafe-plugin/2.19.1/maven-failsafe-plugin-2.19.1.jar.lastUpdated
/home/travis/.m2/repository/org/apache/maven/plugins/maven-failsafe-plugin/2.19.1/maven-failsafe-plugin-2.19.1.jar.sha1
/home/travis/.m2/repository/org/apache/maven/plugins/maven-failsafe-plugin/2.
[0m
[32;1m...
[0m
[32;1mchanges detected, packing new archive[0m
.
[32;1muploading archive[0m
travis_time:end:001ea1bd:start=1452866730493762218,finish=1452866740194241109,duration=9700478891[0Ktravis_fold:end:cache.2[0K
Done. Your build exited with 1.
