Using worker: worker-linux-docker-3c6c5013.prod.travis-ci.org:travis-linux-3

travis_fold:start:system_info[0K[33;1mBuild system information[0m
Build language: java
[34m[1mBuild image provisioning date and time[0m
Thu Feb  5 15:09:33 UTC 2015
[34m[1mOperating System Details[0m
Distributor ID:	Ubuntu
Description:	Ubuntu 12.04.5 LTS
Release:	12.04
Codename:	precise
[34m[1mLinux Version[0m
3.13.0-29-generic
[34m[1mCookbooks Version[0m
a68419e https://github.com/travis-ci/travis-cookbooks/tree/a68419e
[34m[1mGCC version[0m
gcc (Ubuntu/Linaro 4.6.3-1ubuntu5) 4.6.3
Copyright (C) 2011 Free Software Foundation, Inc.
This is free software; see the source for copying conditions.  There is NO
warranty; not even for MERCHANTABILITY or FITNESS FOR A PARTICULAR PURPOSE.

[34m[1mLLVM version[0m
clang version 3.4 (tags/RELEASE_34/final)
Target: x86_64-unknown-linux-gnu
Thread model: posix
[34m[1mPre-installed Ruby versions[0m
ruby-1.9.3-p551
[34m[1mPre-installed Node.js versions[0m
v0.10.36
[34m[1mPre-installed Go versions[0m
1.4.1
[34m[1mRedis version[0m
redis-server 2.8.19
[34m[1mriak version[0m
2.0.2
[34m[1mMongoDB version[0m
MongoDB 2.4.12
[34m[1mCouchDB version[0m
couchdb 1.6.1
[34m[1mNeo4j version[0m
1.9.4
[34m[1mRabbitMQ Version[0m
3.4.3
[34m[1mElasticSearch version[0m
1.4.0
[34m[1mInstalled Sphinx versions[0m
2.0.10
2.1.9
2.2.6
[34m[1mDefault Sphinx version[0m
2.2.6
[34m[1mInstalled Firefox version[0m
firefox 31.0esr
[34m[1mPhantomJS version[0m
1.9.8
[34m[1mant -version[0m
Apache Ant(TM) version 1.8.2 compiled on December 3 2011
[34m[1mmvn -version[0m
Apache Maven 3.2.5 (12a6b3acb947671f09b81f49094c53f426d8cea1; 2014-12-14T17:29:23+00:00)
Maven home: /usr/local/maven
Java version: 1.7.0_76, vendor: Oracle Corporation
Java home: /usr/lib/jvm/java-7-oracle/jre
Default locale: en_US, platform encoding: ANSI_X3.4-1968
OS name: "linux", version: "3.13.0-29-generic", arch: "amd64", family: "unix"
travis_fold:end:system_info[0K
travis_fold:start:git.checkout[0Ktravis_time:start:0bd56da8[0K$ git clone --depth=50 --branch=jw/built-in-form-builder git://github.com/square/retrofit.git square/retrofit
Cloning into 'square/retrofit'...
remote: Counting objects: 1398, done.[K
remote: Compressing objects:   0% (1/729)   [Kremote: Compressing objects:   1% (8/729)   [Kremote: Compressing objects:   2% (15/729)   [Kremote: Compressing objects:   3% (22/729)   [Kremote: Compressing objects:   4% (30/729)   [Kremote: Compressing objects:   5% (37/729)   [Kremote: Compressing objects:   6% (44/729)   [Kremote: Compressing objects:   7% (52/729)   [Kremote: Compressing objects:   8% (59/729)   [Kremote: Compressing objects:   9% (66/729)   [Kremote: Compressing objects:  10% (73/729)   [Kremote: Compressing objects:  11% (81/729)   [Kremote: Compressing objects:  12% (88/729)   [Kremote: Compressing objects:  13% (95/729)   [Kremote: Compressing objects:  14% (103/729)   [Kremote: Compressing objects:  15% (110/729)   [Kremote: Compressing objects:  16% (117/729)   [Kremote: Compressing objects:  17% (124/729)   [Kremote: Compressing objects:  18% (132/729)   [Kremote: Compressing objects:  19% (139/729)   [Kremote: Compressing objects:  20% (146/729)   [Kremote: Compressing objects:  21% (154/729)   [Kremote: Compressing objects:  22% (161/729)   [Kremote: Compressing objects:  23% (168/729)   [Kremote: Compressing objects:  24% (175/729)   [Kremote: Compressing objects:  25% (183/729)   [Kremote: Compressing objects:  26% (190/729)   [Kremote: Compressing objects:  27% (197/729)   [Kremote: Compressing objects:  28% (205/729)   [Kremote: Compressing objects:  29% (212/729)   [Kremote: Compressing objects:  30% (219/729)   [Kremote: Compressing objects:  31% (226/729)   [Kremote: Compressing objects:  32% (234/729)   [Kremote: Compressing objects:  33% (241/729)   [Kremote: Compressing objects:  34% (248/729)   [Kremote: Compressing objects:  35% (256/729)   [Kremote: Compressing objects:  36% (263/729)   [Kremote: Compressing objects:  37% (270/729)   [Kremote: Compressing objects:  38% (278/729)   [Kremote: Compressing objects:  39% (285/729)   [Kremote: Compressing objects:  40% (292/729)   [Kremote: Compressing objects:  41% (299/729)   [Kremote: Compressing objects:  42% (307/729)   [Kremote: Compressing objects:  43% (314/729)   [Kremote: Compressing objects:  44% (321/729)   [Kremote: Compressing objects:  45% (329/729)   [Kremote: Compressing objects:  46% (336/729)   [Kremote: Compressing objects:  47% (343/729)   [Kremote: Compressing objects:  48% (350/729)   [Kremote: Compressing objects:  49% (358/729)   [Kremote: Compressing objects:  50% (365/729)   [Kremote: Compressing objects:  51% (372/729)   [Kremote: Compressing objects:  52% (380/729)   [Kremote: Compressing objects:  53% (387/729)   [Kremote: Compressing objects:  54% (394/729)   [Kremote: Compressing objects:  55% (401/729)   [Kremote: Compressing objects:  56% (409/729)   [Kremote: Compressing objects:  57% (416/729)   [Kremote: Compressing objects:  58% (423/729)   [Kremote: Compressing objects:  59% (431/729)   [Kremote: Compressing objects:  60% (438/729)   [Kremote: Compressing objects:  61% (445/729)   [Kremote: Compressing objects:  62% (452/729)   [Kremote: Compressing objects:  63% (460/729)   [Kremote: Compressing objects:  64% (467/729)   [Kremote: Compressing objects:  65% (474/729)   [Kremote: Compressing objects:  66% (482/729)   [Kremote: Compressing objects:  67% (489/729)   [Kremote: Compressing objects:  68% (496/729)   [Kremote: Compressing objects:  69% (504/729)   [Kremote: Compressing objects:  70% (511/729)   [Kremote: Compressing objects:  71% (518/729)   [Kremote: Compressing objects:  72% (525/729)   [Kremote: Compressing objects:  73% (533/729)   [Kremote: Compressing objects:  74% (540/729)   [Kremote: Compressing objects:  75% (547/729)   [Kremote: Compressing objects:  76% (555/729)   [Kremote: Compressing objects:  77% (562/729)   [Kremote: Compressing objects:  78% (569/729)   [Kremote: Compressing objects:  79% (576/729)   [Kremote: Compressing objects:  80% (584/729)   [Kremote: Compressing objects:  81% (591/729)   [Kremote: Compressing objects:  82% (598/729)   [Kremote: Compressing objects:  83% (606/729)   [Kremote: Compressing objects:  84% (613/729)   [Kremote: Compressing objects:  85% (620/729)   [Kremote: Compressing objects:  86% (627/729)   [Kremote: Compressing objects:  87% (635/729)   [Kremote: Compressing objects:  88% (642/729)   [Kremote: Compressing objects:  89% (649/729)   [Kremote: Compressing objects:  90% (657/729)   [Kremote: Compressing objects:  91% (664/729)   [Kremote: Compressing objects:  92% (671/729)   [Kremote: Compressing objects:  93% (678/729)   [Kremote: Compressing objects:  94% (686/729)   [Kremote: Compressing objects:  95% (693/729)   [Kremote: Compressing objects:  96% (700/729)   [Kremote: Compressing objects:  97% (708/729)   [Kremote: Compressing objects:  98% (715/729)   [Kremote: Compressing objects:  99% (722/729)   [Kremote: Compressing objects: 100% (729/729)   [Kremote: Compressing objects: 100% (729/729), done.[K
Receiving objects:   0% (1/1398)   Receiving objects:   1% (14/1398)   Receiving objects:   2% (28/1398)   Receiving objects:   3% (42/1398)   Receiving objects:   4% (56/1398)   Receiving objects:   5% (70/1398)   Receiving objects:   6% (84/1398)   Receiving objects:   7% (98/1398)   Receiving objects:   8% (112/1398)   Receiving objects:   9% (126/1398)   Receiving objects:  10% (140/1398)   Receiving objects:  11% (154/1398)   Receiving objects:  12% (168/1398)   Receiving objects:  13% (182/1398)   Receiving objects:  14% (196/1398)   Receiving objects:  15% (210/1398)   Receiving objects:  16% (224/1398)   Receiving objects:  17% (238/1398)   Receiving objects:  18% (252/1398)   Receiving objects:  19% (266/1398)   Receiving objects:  20% (280/1398)   Receiving objects:  21% (294/1398)   Receiving objects:  22% (308/1398)   Receiving objects:  23% (322/1398)   Receiving objects:  24% (336/1398)   Receiving objects:  25% (350/1398)   Receiving objects:  26% (364/1398)   Receiving objects:  27% (378/1398)   Receiving objects:  28% (392/1398)   Receiving objects:  29% (406/1398)   Receiving objects:  30% (420/1398)   Receiving objects:  31% (434/1398)   Receiving objects:  32% (448/1398)   Receiving objects:  33% (462/1398)   Receiving objects:  34% (476/1398)   Receiving objects:  35% (490/1398)   Receiving objects:  36% (504/1398)   Receiving objects:  37% (518/1398)   Receiving objects:  38% (532/1398)   Receiving objects:  39% (546/1398)   Receiving objects:  40% (560/1398)   Receiving objects:  41% (574/1398)   Receiving objects:  42% (588/1398)   Receiving objects:  43% (602/1398)   Receiving objects:  44% (616/1398)   Receiving objects:  45% (630/1398)   Receiving objects:  46% (644/1398)   Receiving objects:  47% (658/1398)   Receiving objects:  48% (672/1398)   Receiving objects:  49% (686/1398)   Receiving objects:  50% (699/1398)   Receiving objects:  51% (713/1398)   Receiving objects:  52% (727/1398)   Receiving objects:  53% (741/1398)   Receiving objects:  54% (755/1398)   Receiving objects:  55% (769/1398)   remote: Total 1398 (delta 506), reused 1143 (delta 323), pack-reused 0[K
Receiving objects:  56% (783/1398)   Receiving objects:  57% (797/1398)   Receiving objects:  58% (811/1398)   Receiving objects:  59% (825/1398)   Receiving objects:  60% (839/1398)   Receiving objects:  61% (853/1398)   Receiving objects:  62% (867/1398)   Receiving objects:  63% (881/1398)   Receiving objects:  64% (895/1398)   Receiving objects:  65% (909/1398)   Receiving objects:  66% (923/1398)   Receiving objects:  67% (937/1398)   Receiving objects:  68% (951/1398)   Receiving objects:  69% (965/1398)   Receiving objects:  70% (979/1398)   Receiving objects:  71% (993/1398)   Receiving objects:  72% (1007/1398)   Receiving objects:  73% (1021/1398)   Receiving objects:  74% (1035/1398)   Receiving objects:  75% (1049/1398)   Receiving objects:  76% (1063/1398)   Receiving objects:  77% (1077/1398)   Receiving objects:  78% (1091/1398)   Receiving objects:  79% (1105/1398)   Receiving objects:  80% (1119/1398)   Receiving objects:  81% (1133/1398)   Receiving objects:  82% (1147/1398)   Receiving objects:  83% (1161/1398)   Receiving objects:  84% (1175/1398)   Receiving objects:  85% (1189/1398)   Receiving objects:  86% (1203/1398)   Receiving objects:  87% (1217/1398)   Receiving objects:  88% (1231/1398)   Receiving objects:  89% (1245/1398)   Receiving objects:  90% (1259/1398)   Receiving objects:  91% (1273/1398)   Receiving objects:  92% (1287/1398)   Receiving objects:  93% (1301/1398)   Receiving objects:  94% (1315/1398)   Receiving objects:  95% (1329/1398)   Receiving objects:  96% (1343/1398)   Receiving objects:  97% (1357/1398)   Receiving objects:  98% (1371/1398)   Receiving objects:  99% (1385/1398)   Receiving objects: 100% (1398/1398)   Receiving objects: 100% (1398/1398), 328.45 KiB | 0 bytes/s, done.
Resolving deltas:   0% (0/506)   Resolving deltas:   4% (23/506)   Resolving deltas:   5% (26/506)   Resolving deltas:   6% (31/506)   Resolving deltas:  10% (51/506)   Resolving deltas:  19% (101/506)   Resolving deltas:  22% (115/506)   Resolving deltas:  23% (118/506)   Resolving deltas:  24% (122/506)   Resolving deltas:  29% (149/506)   Resolving deltas:  30% (152/506)   Resolving deltas:  31% (159/506)   Resolving deltas:  33% (167/506)   Resolving deltas:  34% (177/506)   Resolving deltas:  35% (180/506)   Resolving deltas:  36% (183/506)   Resolving deltas:  37% (191/506)   Resolving deltas:  39% (198/506)   Resolving deltas:  40% (203/506)   Resolving deltas:  43% (220/506)   Resolving deltas:  44% (227/506)   Resolving deltas:  47% (240/506)   Resolving deltas:  48% (243/506)   Resolving deltas:  49% (249/506)   Resolving deltas:  50% (253/506)   Resolving deltas:  51% (260/506)   Resolving deltas:  52% (264/506)   Resolving deltas:  55% (281/506)   Resolving deltas:  59% (302/506)   Resolving deltas:  60% (305/506)   Resolving deltas:  61% (311/506)   Resolving deltas:  62% (317/506)   Resolving deltas:  63% (320/506)   Resolving deltas:  65% (331/506)   Resolving deltas:  66% (334/506)   Resolving deltas:  67% (342/506)   Resolving deltas:  68% (345/506)   Resolving deltas:  69% (350/506)   Resolving deltas:  70% (359/506)   Resolving deltas:  71% (360/506)   Resolving deltas:  72% (365/506)   Resolving deltas:  73% (373/506)   Resolving deltas:  74% (375/506)   Resolving deltas:  75% (380/506)   Resolving deltas:  77% (390/506)   Resolving deltas:  79% (400/506)   Resolving deltas:  80% (406/506)   Resolving deltas:  81% (411/506)   Resolving deltas:  82% (415/506)   Resolving deltas:  83% (420/506)   Resolving deltas:  88% (448/506)   Resolving deltas:  89% (452/506)   Resolving deltas:  90% (459/506)   Resolving deltas:  92% (469/506)   Resolving deltas:  93% (473/506)   Resolving deltas:  97% (493/506)   Resolving deltas:  99% (501/506)   Resolving deltas: 100% (506/506)   Resolving deltas: 100% (506/506), done.
Checking connectivity... done.
travis_time:end:0bd56da8:start=1431840298831566555,finish=1431840299113088359,duration=281521804[0K$ cd square/retrofit
$ git checkout -qf 452dc1dcd3b8a27d754f43c448607774ca82b0b7
travis_fold:end:git.checkout[0K
[33;1mThis job is running on container-based infrastructure, which does not allow use of 'sudo', setuid and setguid executables.[0m
[33;1mIf you require sudo, add 'sudo: required' to your .travis.yml[0m
[33;1mSee http://docs.travis-ci.com/user/workers/container-based-infrastructure/ for details.[0m

[33;1mSetting environment variables from .travis.yml[0m
$ export CI_DEPLOY_USERNAME=[secure]
$ export CI_DEPLOY_PASSWORD=[secure]

travis_fold:start:cache.1[0KSetting up build cache
$ export CASHER_DIR=$HOME/.casher
travis_time:start:0a2a9ea5[0K$ Installing caching utilities
travis_time:end:0a2a9ea5:start=1431840303631997343,finish=1431840303768312740,duration=136315397[0Ktravis_time:start:377c7e71[0Kattempting to download cache archive
fetching jwbuilt-in-form-builder/cache--jdk-oraclejdk7.tbz
fetching master/cache--jdk-oraclejdk7.tbz
found cache
travis_time:end:377c7e71:start=1431840303773195779,finish=1431840304987032877,duration=1213837098[0Ktravis_time:start:001d3518[0Kadding /home/travis/.m2 to cache
travis_time:end:001d3518:start=1431840304990724091,finish=1431840308419941404,duration=3429217313[0Ktravis_fold:end:cache.1[0K$ jdk_switcher use oraclejdk7
Switching to Oracle JDK7 (java-7-oracle), JAVA_HOME will be set to /usr/lib/jvm/java-7-oracle
$ java -Xmx32m -version
java version "1.7.0_76"
Java(TM) SE Runtime Environment (build 1.7.0_76-b13)
Java HotSpot(TM) 64-Bit Server VM (build 24.76-b04, mixed mode)
$ javac -J-Xmx32m -version
javac 1.7.0_76
travis_fold:start:install[0Ktravis_time:start:0b52fd0e[0K$ mvn install -DskipTests=true -Dmaven.javadoc.skip=true -B -V
Apache Maven 3.2.5 (12a6b3acb947671f09b81f49094c53f426d8cea1; 2014-12-14T17:29:23+00:00)
Maven home: /usr/local/maven
Java version: 1.7.0_76, vendor: Oracle Corporation
Java home: /usr/lib/jvm/java-7-oracle/jre
Default locale: en_US, platform encoding: UTF-8
OS name: "linux", version: "3.13.0-40-generic", arch: "amd64", family: "unix"
[INFO] Scanning for projects...
[INFO] ------------------------------------------------------------------------
[INFO] Reactor Build Order:
[INFO] 
[INFO] Retrofit (Parent)
[INFO] Retrofit
[INFO] Converters
[INFO] Converter: Protocol Buffers
[INFO] Converter: Jackson
[INFO] Converter: Wire Protocol Buffers
[INFO] Converter: SimpleXML
[INFO] Retrofit Mock Adapter
[INFO] Samples
[INFO] Sample: GitHub Client
[INFO] Sample: Mock GitHub Client
[INFO]                                                                         
[INFO] ------------------------------------------------------------------------
[INFO] Building Retrofit (Parent) 2.0.0-SNAPSHOT
[INFO] ------------------------------------------------------------------------
[INFO] 
[INFO] --- maven-enforcer-plugin:1.0:enforce (enforce-maven) @ parent ---
[INFO] 
[INFO] --- maven-checkstyle-plugin:2.9.1:checkstyle (default) @ parent ---
[INFO] 
[INFO] --- maven-install-plugin:2.4:install (default-install) @ parent ---
[INFO] Installing /home/travis/build/square/retrofit/pom.xml to /home/travis/.m2/repository/com/squareup/retrofit/parent/2.0.0-SNAPSHOT/parent-2.0.0-SNAPSHOT.pom
[INFO]                                                                         
[INFO] ------------------------------------------------------------------------
[INFO] Building Retrofit 2.0.0-SNAPSHOT
[INFO] ------------------------------------------------------------------------
[INFO] Downloading: http://repo.maven.apache.org/maven2/com/squareup/okhttp/okhttp/2.4.0-RC1/okhttp-2.4.0-RC1.pom
[INFO] Downloaded: http://repo.maven.apache.org/maven2/com/squareup/okhttp/okhttp/2.4.0-RC1/okhttp-2.4.0-RC1.pom (2 KB at 5.5 KB/sec)
[INFO] Downloading: http://repo.maven.apache.org/maven2/com/squareup/okhttp/parent/2.4.0-RC1/parent-2.4.0-RC1.pom
[INFO] Downloaded: http://repo.maven.apache.org/maven2/com/squareup/okhttp/parent/2.4.0-RC1/parent-2.4.0-RC1.pom (9 KB at 242.3 KB/sec)
[INFO] Downloading: http://repo.maven.apache.org/maven2/com/squareup/okio/okio/1.4.0/okio-1.4.0.pom
[INFO] Downloaded: http://repo.maven.apache.org/maven2/com/squareup/okio/okio/1.4.0/okio-1.4.0.pom (2 KB at 68.8 KB/sec)
[INFO] Downloading: http://repo.maven.apache.org/maven2/com/squareup/okio/okio-parent/1.4.0/okio-parent-1.4.0.pom
[INFO] Downloaded: http://repo.maven.apache.org/maven2/com/squareup/okio/okio-parent/1.4.0/okio-parent-1.4.0.pom (4 KB at 135.6 KB/sec)
[INFO] Downloading: http://repo.maven.apache.org/maven2/com/squareup/okhttp/mockwebserver/2.4.0-RC1/mockwebserver-2.4.0-RC1.pom
[INFO] Downloaded: http://repo.maven.apache.org/maven2/com/squareup/okhttp/mockwebserver/2.4.0-RC1/mockwebserver-2.4.0-RC1.pom (3 KB at 58.6 KB/sec)
[INFO] Downloading: http://repo.maven.apache.org/maven2/com/squareup/okhttp/okhttp-ws/2.4.0-RC1/okhttp-ws-2.4.0-RC1.pom
[INFO] Downloaded: http://repo.maven.apache.org/maven2/com/squareup/okhttp/okhttp-ws/2.4.0-RC1/okhttp-ws-2.4.0-RC1.pom (2 KB at 30.4 KB/sec)
[INFO] Downloading: http://repo.maven.apache.org/maven2/com/squareup/okhttp/okhttp/2.4.0-RC1/okhttp-2.4.0-RC1.jar
[INFO] Downloading: http://repo.maven.apache.org/maven2/com/squareup/okio/okio/1.4.0/okio-1.4.0.jar
[INFO] Downloading: http://repo.maven.apache.org/maven2/com/squareup/okhttp/mockwebserver/2.4.0-RC1/mockwebserver-2.4.0-RC1.jar
[INFO] Downloading: http://repo.maven.apache.org/maven2/com/squareup/okhttp/okhttp-ws/2.4.0-RC1/okhttp-ws-2.4.0-RC1.jar
[INFO] Downloaded: http://repo.maven.apache.org/maven2/com/squareup/okio/okio/1.4.0/okio-1.4.0.jar (64 KB at 613.1 KB/sec)
[INFO] Downloaded: http://repo.maven.apache.org/maven2/com/squareup/okhttp/mockwebserver/2.4.0-RC1/mockwebserver-2.4.0-RC1.jar (44 KB at 400.2 KB/sec)
[INFO] Downloaded: http://repo.maven.apache.org/maven2/com/squareup/okhttp/okhttp-ws/2.4.0-RC1/okhttp-ws-2.4.0-RC1.jar (28 KB at 239.2 KB/sec)
[INFO] Downloaded: http://repo.maven.apache.org/maven2/com/squareup/okhttp/okhttp/2.4.0-RC1/okhttp-2.4.0-RC1.jar (312 KB at 1920.3 KB/sec)
[INFO] 
[INFO] --- maven-enforcer-plugin:1.0:enforce (enforce-maven) @ retrofit ---
[INFO] 
[INFO] --- maven-resources-plugin:2.6:resources (default-resources) @ retrofit ---
[INFO] Using 'UTF-8' encoding to copy filtered resources.
[INFO] skip non existing resourceDirectory /home/travis/build/square/retrofit/retrofit/src/main/resources
[INFO] 
[INFO] --- maven-compiler-plugin:3.0:compile (default-compile) @ retrofit ---
[INFO] Changes detected - recompiling the module!
[INFO] Compiling 36 source files to /home/travis/build/square/retrofit/retrofit/target/classes
[WARNING] /home/travis/build/square/retrofit/retrofit/src/main/java/retrofit/RestAdapter.java: /home/travis/build/square/retrofit/retrofit/src/main/java/retrofit/RestAdapter.java uses unchecked or unsafe operations.
[WARNING] /home/travis/build/square/retrofit/retrofit/src/main/java/retrofit/RestAdapter.java: Recompile with -Xlint:unchecked for details.
[INFO] 
[INFO] --- maven-resources-plugin:2.6:testResources (default-testResources) @ retrofit ---
[INFO] Using 'UTF-8' encoding to copy filtered resources.
[INFO] skip non existing resourceDirectory /home/travis/build/square/retrofit/retrofit/src/test/resources
[INFO] 
[INFO] --- maven-compiler-plugin:3.0:testCompile (default-testCompile) @ retrofit ---
[INFO] Changes detected - recompiling the module!
[INFO] Compiling 8 source files to /home/travis/build/square/retrofit/retrofit/target/test-classes
[INFO] 
[INFO] --- maven-surefire-plugin:2.12.4:test (default-test) @ retrofit ---
[INFO] Tests are skipped.
[INFO] 
[INFO] --- maven-jar-plugin:2.4:jar (default-jar) @ retrofit ---
[INFO] Building jar: /home/travis/build/square/retrofit/retrofit/target/retrofit-2.0.0-SNAPSHOT.jar
[INFO] 
[INFO] --- maven-checkstyle-plugin:2.9.1:checkstyle (default) @ retrofit ---
[INFO] Starting audit...
Audit done.

[WARNING] Unable to locate Source XRef to link to - DISABLED
[INFO] 
[INFO] --- maven-install-plugin:2.4:install (default-install) @ retrofit ---
[INFO] Installing /home/travis/build/square/retrofit/retrofit/target/retrofit-2.0.0-SNAPSHOT.jar to /home/travis/.m2/repository/com/squareup/retrofit/retrofit/2.0.0-SNAPSHOT/retrofit-2.0.0-SNAPSHOT.jar
[INFO] Installing /home/travis/build/square/retrofit/retrofit/pom.xml to /home/travis/.m2/repository/com/squareup/retrofit/retrofit/2.0.0-SNAPSHOT/retrofit-2.0.0-SNAPSHOT.pom
[INFO]                                                                         
[INFO] ------------------------------------------------------------------------
[INFO] Building Converters 2.0.0-SNAPSHOT
[INFO] ------------------------------------------------------------------------
[INFO] 
[INFO] --- maven-enforcer-plugin:1.0:enforce (enforce-maven) @ retrofit-converters ---
[INFO] 
[INFO] --- maven-checkstyle-plugin:2.9.1:checkstyle (default) @ retrofit-converters ---
[INFO] 
[INFO] --- maven-install-plugin:2.4:install (default-install) @ retrofit-converters ---
[INFO] Installing /home/travis/build/square/retrofit/retrofit-converters/pom.xml to /home/travis/.m2/repository/com/squareup/retrofit/retrofit-converters/2.0.0-SNAPSHOT/retrofit-converters-2.0.0-SNAPSHOT.pom
[INFO]                                                                         
[INFO] ------------------------------------------------------------------------
[INFO] Building Converter: Protocol Buffers 2.0.0-SNAPSHOT
[INFO] ------------------------------------------------------------------------
[INFO] 
[INFO] --- maven-enforcer-plugin:1.0:enforce (enforce-maven) @ converter-protobuf ---
[INFO] 
[INFO] --- maven-resources-plugin:2.6:resources (default-resources) @ converter-protobuf ---
[INFO] Using 'UTF-8' encoding to copy filtered resources.
[INFO] skip non existing resourceDirectory /home/travis/build/square/retrofit/retrofit-converters/protobuf/src/main/resources
[INFO] 
[INFO] --- maven-compiler-plugin:3.0:compile (default-compile) @ converter-protobuf ---
[INFO] Changes detected - recompiling the module!
[INFO] Compiling 1 source file to /home/travis/build/square/retrofit/retrofit-converters/protobuf/target/classes
[INFO] 
[INFO] --- maven-resources-plugin:2.6:testResources (default-testResources) @ converter-protobuf ---
[INFO] Using 'UTF-8' encoding to copy filtered resources.
[INFO] skip non existing resourceDirectory /home/travis/build/square/retrofit/retrofit-converters/protobuf/src/test/resources
[INFO] 
[INFO] --- maven-compiler-plugin:3.0:testCompile (default-testCompile) @ converter-protobuf ---
[INFO] Changes detected - recompiling the module!
[INFO] Compiling 2 source files to /home/travis/build/square/retrofit/retrofit-converters/protobuf/target/test-classes
[INFO] 
[INFO] --- maven-surefire-plugin:2.12.4:test (default-test) @ converter-protobuf ---
[INFO] Tests are skipped.
[INFO] 
[INFO] --- maven-jar-plugin:2.4:jar (default-jar) @ converter-protobuf ---
[INFO] Building jar: /home/travis/build/square/retrofit/retrofit-converters/protobuf/target/converter-protobuf-2.0.0-SNAPSHOT.jar
[INFO] 
[INFO] --- maven-checkstyle-plugin:2.9.1:checkstyle (default) @ converter-protobuf ---
[INFO] Starting audit...
Audit done.

[WARNING] Unable to locate Source XRef to link to - DISABLED
[INFO] 
[INFO] --- maven-install-plugin:2.4:install (default-install) @ converter-protobuf ---
[INFO] Installing /home/travis/build/square/retrofit/retrofit-converters/protobuf/target/converter-protobuf-2.0.0-SNAPSHOT.jar to /home/travis/.m2/repository/com/squareup/retrofit/converter-protobuf/2.0.0-SNAPSHOT/converter-protobuf-2.0.0-SNAPSHOT.jar
[INFO] Installing /home/travis/build/square/retrofit/retrofit-converters/protobuf/pom.xml to /home/travis/.m2/repository/com/squareup/retrofit/converter-protobuf/2.0.0-SNAPSHOT/converter-protobuf-2.0.0-SNAPSHOT.pom
[INFO]                                                                         
[INFO] ------------------------------------------------------------------------
[INFO] Building Converter: Jackson 2.0.0-SNAPSHOT
[INFO] ------------------------------------------------------------------------
[INFO] 
[INFO] --- maven-enforcer-plugin:1.0:enforce (enforce-maven) @ converter-jackson ---
[INFO] 
[INFO] --- maven-resources-plugin:2.6:resources (default-resources) @ converter-jackson ---
[INFO] Using 'UTF-8' encoding to copy filtered resources.
[INFO] skip non existing resourceDirectory /home/travis/build/square/retrofit/retrofit-converters/jackson/src/main/resources
[INFO] 
[INFO] --- maven-compiler-plugin:3.0:compile (default-compile) @ converter-jackson ---
[INFO] Changes detected - recompiling the module!
[INFO] Compiling 1 source file to /home/travis/build/square/retrofit/retrofit-converters/jackson/target/classes
[INFO] 
[INFO] --- maven-resources-plugin:2.6:testResources (default-testResources) @ converter-jackson ---
[INFO] Using 'UTF-8' encoding to copy filtered resources.
[INFO] skip non existing resourceDirectory /home/travis/build/square/retrofit/retrofit-converters/jackson/src/test/resources
[INFO] 
[INFO] --- maven-compiler-plugin:3.0:testCompile (default-testCompile) @ converter-jackson ---
[INFO] Changes detected - recompiling the module!
[INFO] Compiling 1 source file to /home/travis/build/square/retrofit/retrofit-converters/jackson/target/test-classes
[INFO] 
[INFO] --- maven-surefire-plugin:2.12.4:test (default-test) @ converter-jackson ---
[INFO] Tests are skipped.
[INFO] 
[INFO] --- maven-jar-plugin:2.4:jar (default-jar) @ converter-jackson ---
[INFO] Building jar: /home/travis/build/square/retrofit/retrofit-converters/jackson/target/converter-jackson-2.0.0-SNAPSHOT.jar
[INFO] 
[INFO] --- maven-checkstyle-plugin:2.9.1:checkstyle (default) @ converter-jackson ---
[INFO] Starting audit...
Audit done.

[WARNING] Unable to locate Source XRef to link to - DISABLED
[INFO] 
[INFO] --- maven-install-plugin:2.4:install (default-install) @ converter-jackson ---
[INFO] Installing /home/travis/build/square/retrofit/retrofit-converters/jackson/target/converter-jackson-2.0.0-SNAPSHOT.jar to /home/travis/.m2/repository/com/squareup/retrofit/converter-jackson/2.0.0-SNAPSHOT/converter-jackson-2.0.0-SNAPSHOT.jar
[INFO] Installing /home/travis/build/square/retrofit/retrofit-converters/jackson/pom.xml to /home/travis/.m2/repository/com/squareup/retrofit/converter-jackson/2.0.0-SNAPSHOT/converter-jackson-2.0.0-SNAPSHOT.pom
[INFO]                                                                         
[INFO] ------------------------------------------------------------------------
[INFO] Building Converter: Wire Protocol Buffers 2.0.0-SNAPSHOT
[INFO] ------------------------------------------------------------------------
[INFO] 
[INFO] --- maven-enforcer-plugin:1.0:enforce (enforce-maven) @ converter-wire ---
[INFO] 
[INFO] --- maven-resources-plugin:2.6:resources (default-resources) @ converter-wire ---
[INFO] Using 'UTF-8' encoding to copy filtered resources.
[INFO] skip non existing resourceDirectory /home/travis/build/square/retrofit/retrofit-converters/wire/src/main/resources
[INFO] 
[INFO] --- maven-compiler-plugin:3.0:compile (default-compile) @ converter-wire ---
[INFO] Changes detected - recompiling the module!
[INFO] Compiling 1 source file to /home/travis/build/square/retrofit/retrofit-converters/wire/target/classes
[INFO] 
[INFO] --- maven-resources-plugin:2.6:testResources (default-testResources) @ converter-wire ---
[INFO] Using 'UTF-8' encoding to copy filtered resources.
[INFO] skip non existing resourceDirectory /home/travis/build/square/retrofit/retrofit-converters/wire/src/test/resources
[INFO] 
[INFO] --- maven-compiler-plugin:3.0:testCompile (default-testCompile) @ converter-wire ---
[INFO] Changes detected - recompiling the module!
[INFO] Compiling 2 source files to /home/travis/build/square/retrofit/retrofit-converters/wire/target/test-classes
[INFO] 
[INFO] --- maven-surefire-plugin:2.12.4:test (default-test) @ converter-wire ---
[INFO] Tests are skipped.
[INFO] 
[INFO] --- maven-jar-plugin:2.4:jar (default-jar) @ converter-wire ---
[INFO] Building jar: /home/travis/build/square/retrofit/retrofit-converters/wire/target/converter-wire-2.0.0-SNAPSHOT.jar
[INFO] 
[INFO] --- maven-checkstyle-plugin:2.9.1:checkstyle (default) @ converter-wire ---
[INFO] Starting audit...
Audit done.

[WARNING] Unable to locate Source XRef to link to - DISABLED
[INFO] 
[INFO] --- maven-install-plugin:2.4:install (default-install) @ converter-wire ---
[INFO] Installing /home/travis/build/square/retrofit/retrofit-converters/wire/target/converter-wire-2.0.0-SNAPSHOT.jar to /home/travis/.m2/repository/com/squareup/retrofit/converter-wire/2.0.0-SNAPSHOT/converter-wire-2.0.0-SNAPSHOT.jar
[INFO] Installing /home/travis/build/square/retrofit/retrofit-converters/wire/pom.xml to /home/travis/.m2/repository/com/squareup/retrofit/converter-wire/2.0.0-SNAPSHOT/converter-wire-2.0.0-SNAPSHOT.pom
[INFO]                                                                         
[INFO] ------------------------------------------------------------------------
[INFO] Building Converter: SimpleXML 2.0.0-SNAPSHOT
[INFO] ------------------------------------------------------------------------
[INFO] 
[INFO] --- maven-enforcer-plugin:1.0:enforce (enforce-maven) @ converter-simplexml ---
[INFO] 
[INFO] --- maven-resources-plugin:2.6:resources (default-resources) @ converter-simplexml ---
[INFO] Using 'UTF-8' encoding to copy filtered resources.
[INFO] skip non existing resourceDirectory /home/travis/build/square/retrofit/retrofit-converters/simplexml/src/main/resources
[INFO] 
[INFO] --- maven-compiler-plugin:3.0:compile (default-compile) @ converter-simplexml ---
[INFO] Changes detected - recompiling the module!
[INFO] Compiling 1 source file to /home/travis/build/square/retrofit/retrofit-converters/simplexml/target/classes
[INFO] 
[INFO] --- maven-resources-plugin:2.6:testResources (default-testResources) @ converter-simplexml ---
[INFO] Using 'UTF-8' encoding to copy filtered resources.
[INFO] skip non existing resourceDirectory /home/travis/build/square/retrofit/retrofit-converters/simplexml/src/test/resources
[INFO] 
[INFO] --- maven-compiler-plugin:3.0:testCompile (default-testCompile) @ converter-simplexml ---
[INFO] Changes detected - recompiling the module!
[INFO] Compiling 1 source file to /home/travis/build/square/retrofit/retrofit-converters/simplexml/target/test-classes
[INFO] 
[INFO] --- maven-surefire-plugin:2.12.4:test (default-test) @ converter-simplexml ---
[INFO] Tests are skipped.
[INFO] 
[INFO] --- maven-jar-plugin:2.4:jar (default-jar) @ converter-simplexml ---
[INFO] Building jar: /home/travis/build/square/retrofit/retrofit-converters/simplexml/target/converter-simplexml-2.0.0-SNAPSHOT.jar
[INFO] 
[INFO] --- maven-checkstyle-plugin:2.9.1:checkstyle (default) @ converter-simplexml ---
[INFO] Starting audit...
Audit done.

[WARNING] Unable to locate Source XRef to link to - DISABLED
[INFO] 
[INFO] --- maven-install-plugin:2.4:install (default-install) @ converter-simplexml ---
[INFO] Installing /home/travis/build/square/retrofit/retrofit-converters/simplexml/target/converter-simplexml-2.0.0-SNAPSHOT.jar to /home/travis/.m2/repository/com/squareup/retrofit/converter-simplexml/2.0.0-SNAPSHOT/converter-simplexml-2.0.0-SNAPSHOT.jar
[INFO] Installing /home/travis/build/square/retrofit/retrofit-converters/simplexml/pom.xml to /home/travis/.m2/repository/com/squareup/retrofit/converter-simplexml/2.0.0-SNAPSHOT/converter-simplexml-2.0.0-SNAPSHOT.pom
[INFO]                                                                         
[INFO] ------------------------------------------------------------------------
[INFO] Building Retrofit Mock Adapter 2.0.0-SNAPSHOT
[INFO] ------------------------------------------------------------------------
[INFO] 
[INFO] --- maven-enforcer-plugin:1.0:enforce (enforce-maven) @ retrofit-mock ---
[INFO] 
[INFO] --- maven-resources-plugin:2.6:resources (default-resources) @ retrofit-mock ---
[INFO] Using 'UTF-8' encoding to copy filtered resources.
[INFO] skip non existing resourceDirectory /home/travis/build/square/retrofit/retrofit-mock/src/main/resources
[INFO] 
[INFO] --- maven-compiler-plugin:3.0:compile (default-compile) @ retrofit-mock ---
[INFO] Changes detected - recompiling the module!
[INFO] Compiling 5 source files to /home/travis/build/square/retrofit/retrofit-mock/target/classes
[INFO] 
[INFO] --- maven-resources-plugin:2.6:testResources (default-testResources) @ retrofit-mock ---
[INFO] Using 'UTF-8' encoding to copy filtered resources.
[INFO] skip non existing resourceDirectory /home/travis/build/square/retrofit/retrofit-mock/src/test/resources
[INFO] 
[INFO] --- maven-compiler-plugin:3.0:testCompile (default-testCompile) @ retrofit-mock ---
[INFO] Changes detected - recompiling the module!
[INFO] Compiling 1 source file to /home/travis/build/square/retrofit/retrofit-mock/target/test-classes
[INFO] 
[INFO] --- maven-surefire-plugin:2.12.4:test (default-test) @ retrofit-mock ---
[INFO] Tests are skipped.
[INFO] 
[INFO] --- maven-jar-plugin:2.4:jar (default-jar) @ retrofit-mock ---
[INFO] Building jar: /home/travis/build/square/retrofit/retrofit-mock/target/retrofit-mock-2.0.0-SNAPSHOT.jar
[INFO] 
[INFO] --- maven-checkstyle-plugin:2.9.1:checkstyle (default) @ retrofit-mock ---
[INFO] Starting audit...
Audit done.

[WARNING] Unable to locate Source XRef to link to - DISABLED
[INFO] 
[INFO] --- maven-install-plugin:2.4:install (default-install) @ retrofit-mock ---
[INFO] Installing /home/travis/build/square/retrofit/retrofit-mock/target/retrofit-mock-2.0.0-SNAPSHOT.jar to /home/travis/.m2/repository/com/squareup/retrofit/retrofit-mock/2.0.0-SNAPSHOT/retrofit-mock-2.0.0-SNAPSHOT.jar
[INFO] Installing /home/travis/build/square/retrofit/retrofit-mock/pom.xml to /home/travis/.m2/repository/com/squareup/retrofit/retrofit-mock/2.0.0-SNAPSHOT/retrofit-mock-2.0.0-SNAPSHOT.pom
[INFO]                                                                         
[INFO] ------------------------------------------------------------------------
[INFO] Building Samples 2.0.0-SNAPSHOT
[INFO] ------------------------------------------------------------------------
[INFO] 
[INFO] --- maven-enforcer-plugin:1.0:enforce (enforce-maven) @ parent ---
[INFO] 
[INFO] --- maven-checkstyle-plugin:2.9.1:checkstyle (default) @ parent ---
[INFO] 
[INFO] --- maven-install-plugin:2.4:install (default-install) @ parent ---
[INFO] Installing /home/travis/build/square/retrofit/samples/pom.xml to /home/travis/.m2/repository/com/squareup/retrofit/samples/parent/2.0.0-SNAPSHOT/parent-2.0.0-SNAPSHOT.pom
[INFO]                                                                         
[INFO] ------------------------------------------------------------------------
[INFO] Building Sample: GitHub Client 2.0.0-SNAPSHOT
[INFO] ------------------------------------------------------------------------
[INFO] 
[INFO] --- maven-enforcer-plugin:1.0:enforce (enforce-maven) @ github-client ---
[INFO] 
[INFO] --- maven-resources-plugin:2.6:resources (default-resources) @ github-client ---
[INFO] Using 'UTF-8' encoding to copy filtered resources.
[INFO] skip non existing resourceDirectory /home/travis/build/square/retrofit/samples/github-client/src/main/resources
[INFO] 
[INFO] --- maven-compiler-plugin:3.0:compile (default-compile) @ github-client ---
[INFO] Changes detected - recompiling the module!
[INFO] Compiling 1 source file to /home/travis/build/square/retrofit/samples/github-client/target/classes
[INFO] 
[INFO] --- maven-resources-plugin:2.6:testResources (default-testResources) @ github-client ---
[INFO] Using 'UTF-8' encoding to copy filtered resources.
[INFO] skip non existing resourceDirectory /home/travis/build/square/retrofit/samples/github-client/src/test/resources
[INFO] 
[INFO] --- maven-compiler-plugin:3.0:testCompile (default-testCompile) @ github-client ---
[INFO] No sources to compile
[INFO] 
[INFO] --- maven-surefire-plugin:2.12.4:test (default-test) @ github-client ---
[INFO] Tests are skipped.
[INFO] 
[INFO] --- maven-jar-plugin:2.4:jar (default-jar) @ github-client ---
[INFO] Building jar: /home/travis/build/square/retrofit/samples/github-client/target/github-client-2.0.0-SNAPSHOT.jar
[INFO] 
[INFO] --- maven-checkstyle-plugin:2.9.1:checkstyle (default) @ github-client ---
[INFO] Starting audit...
Audit done.

[WARNING] Unable to locate Source XRef to link to - DISABLED
[INFO] 
[INFO] --- maven-install-plugin:2.4:install (default-install) @ github-client ---
[INFO] Installing /home/travis/build/square/retrofit/samples/github-client/target/github-client-2.0.0-SNAPSHOT.jar to /home/travis/.m2/repository/com/squareup/retrofit/samples/github-client/2.0.0-SNAPSHOT/github-client-2.0.0-SNAPSHOT.jar
[INFO] Installing /home/travis/build/square/retrofit/samples/github-client/pom.xml to /home/travis/.m2/repository/com/squareup/retrofit/samples/github-client/2.0.0-SNAPSHOT/github-client-2.0.0-SNAPSHOT.pom
[INFO]                                                                         
[INFO] ------------------------------------------------------------------------
[INFO] Building Sample: Mock GitHub Client 2.0.0-SNAPSHOT
[INFO] ------------------------------------------------------------------------
[INFO] 
[INFO] --- maven-enforcer-plugin:1.0:enforce (enforce-maven) @ mock-github-client ---
[INFO] 
[INFO] --- maven-resources-plugin:2.6:resources (default-resources) @ mock-github-client ---
[INFO] Using 'UTF-8' encoding to copy filtered resources.
[INFO] skip non existing resourceDirectory /home/travis/build/square/retrofit/samples/mock-github-client/src/main/resources
[INFO] 
[INFO] --- maven-compiler-plugin:3.0:compile (default-compile) @ mock-github-client ---
[INFO] Changes detected - recompiling the module!
[INFO] Compiling 1 source file to /home/travis/build/square/retrofit/samples/mock-github-client/target/classes
[INFO] 
[INFO] --- maven-resources-plugin:2.6:testResources (default-testResources) @ mock-github-client ---
[INFO] Using 'UTF-8' encoding to copy filtered resources.
[INFO] skip non existing resourceDirectory /home/travis/build/square/retrofit/samples/mock-github-client/src/test/resources
[INFO] 
[INFO] --- maven-compiler-plugin:3.0:testCompile (default-testCompile) @ mock-github-client ---
[INFO] No sources to compile
[INFO] 
[INFO] --- maven-surefire-plugin:2.12.4:test (default-test) @ mock-github-client ---
[INFO] Tests are skipped.
[INFO] 
[INFO] --- maven-jar-plugin:2.4:jar (default-jar) @ mock-github-client ---
[INFO] Building jar: /home/travis/build/square/retrofit/samples/mock-github-client/target/mock-github-client-2.0.0-SNAPSHOT.jar
[INFO] 
[INFO] --- maven-checkstyle-plugin:2.9.1:checkstyle (default) @ mock-github-client ---
[INFO] Starting audit...
Audit done.

[WARNING] Unable to locate Source XRef to link to - DISABLED
[INFO] 
[INFO] --- maven-install-plugin:2.4:install (default-install) @ mock-github-client ---
[INFO] Installing /home/travis/build/square/retrofit/samples/mock-github-client/target/mock-github-client-2.0.0-SNAPSHOT.jar to /home/travis/.m2/repository/com/squareup/retrofit/samples/mock-github-client/2.0.0-SNAPSHOT/mock-github-client-2.0.0-SNAPSHOT.jar
[INFO] Installing /home/travis/build/square/retrofit/samples/mock-github-client/pom.xml to /home/travis/.m2/repository/com/squareup/retrofit/samples/mock-github-client/2.0.0-SNAPSHOT/mock-github-client-2.0.0-SNAPSHOT.pom
[INFO] ------------------------------------------------------------------------
[INFO] Reactor Summary:
[INFO] 
[INFO] Retrofit (Parent) .................................. SUCCESS [  1.724 s]
[INFO] Retrofit ........................................... SUCCESS [ 10.066 s]
[INFO] Converters ......................................... SUCCESS [  0.037 s]
[INFO] Converter: Protocol Buffers ........................ SUCCESS [  1.607 s]
[INFO] Converter: Jackson ................................. SUCCESS [  0.591 s]
[INFO] Converter: Wire Protocol Buffers ................... SUCCESS [  0.871 s]
[INFO] Converter: SimpleXML ............................... SUCCESS [  0.544 s]
[INFO] Retrofit Mock Adapter .............................. SUCCESS [  1.120 s]
[INFO] Samples ............................................ SUCCESS [  0.008 s]
[INFO] Sample: GitHub Client .............................. SUCCESS [  0.454 s]
[INFO] Sample: Mock GitHub Client ......................... SUCCESS [  0.682 s]
[INFO] ------------------------------------------------------------------------
[INFO] BUILD SUCCESS
[INFO] ------------------------------------------------------------------------
[INFO] Total time: 18.100 s
[INFO] Finished at: 2015-05-17T05:25:29+00:00
[INFO] Final Memory: 32M/450M
[INFO] ------------------------------------------------------------------------
travis_time:end:0b52fd0e:start=1431840308790589816,finish=1431840330541853246,duration=21751263430[0Ktravis_fold:end:install[0Ktravis_time:start:08ad658e[0K$ mvn test -B
[INFO] Scanning for projects...
[INFO] ------------------------------------------------------------------------
[INFO] Reactor Build Order:
[INFO] 
[INFO] Retrofit (Parent)
[INFO] Retrofit
[INFO] Converters
[INFO] Converter: Protocol Buffers
[INFO] Converter: Jackson
[INFO] Converter: Wire Protocol Buffers
[INFO] Converter: SimpleXML
[INFO] Retrofit Mock Adapter
[INFO] Samples
[INFO] Sample: GitHub Client
[INFO] Sample: Mock GitHub Client
[INFO]                                                                         
[INFO] ------------------------------------------------------------------------
[INFO] Building Retrofit (Parent) 2.0.0-SNAPSHOT
[INFO] ------------------------------------------------------------------------
[INFO] 
[INFO] --- maven-enforcer-plugin:1.0:enforce (enforce-maven) @ parent ---
[INFO]                                                                         
[INFO] ------------------------------------------------------------------------
[INFO] Building Retrofit 2.0.0-SNAPSHOT
[INFO] ------------------------------------------------------------------------
[INFO] 
[INFO] --- maven-enforcer-plugin:1.0:enforce (enforce-maven) @ retrofit ---
[INFO] 
[INFO] --- maven-resources-plugin:2.6:resources (default-resources) @ retrofit ---
[INFO] Using 'UTF-8' encoding to copy filtered resources.
[INFO] skip non existing resourceDirectory /home/travis/build/square/retrofit/retrofit/src/main/resources
[INFO] 
[INFO] --- maven-compiler-plugin:3.0:compile (default-compile) @ retrofit ---
[INFO] Changes detected - recompiling the module!
[INFO] Compiling 36 source files to /home/travis/build/square/retrofit/retrofit/target/classes
[WARNING] /home/travis/build/square/retrofit/retrofit/src/main/java/retrofit/RestAdapter.java: /home/travis/build/square/retrofit/retrofit/src/main/java/retrofit/RestAdapter.java uses unchecked or unsafe operations.
[WARNING] /home/travis/build/square/retrofit/retrofit/src/main/java/retrofit/RestAdapter.java: Recompile with -Xlint:unchecked for details.
[INFO] 
[INFO] --- maven-resources-plugin:2.6:testResources (default-testResources) @ retrofit ---
[INFO] Using 'UTF-8' encoding to copy filtered resources.
[INFO] skip non existing resourceDirectory /home/travis/build/square/retrofit/retrofit/src/test/resources
[INFO] 
[INFO] --- maven-compiler-plugin:3.0:testCompile (default-testCompile) @ retrofit ---
[INFO] Changes detected - recompiling the module!
[INFO] Compiling 8 source files to /home/travis/build/square/retrofit/retrofit/target/test-classes
[INFO] 
[INFO] --- maven-surefire-plugin:2.12.4:test (default-test) @ retrofit ---
[INFO] Surefire report directory: /home/travis/build/square/retrofit/retrofit/target/surefire-reports

-------------------------------------------------------
 T E S T S
-------------------------------------------------------
Running retrofit.MethodInfoTest
Tests run: 14, Failures: 0, Errors: 0, Skipped: 0, Time elapsed: 0.328 sec
Running retrofit.EndpointsTest
Tests run: 1, Failures: 0, Errors: 0, Skipped: 0, Time elapsed: 0.007 sec
Running retrofit.RequestBuilderTest
Tests run: 89, Failures: 0, Errors: 0, Skipped: 1, Time elapsed: 0.524 sec
Running retrofit.RestAdapterTest
May 17, 2015 5:25:39 AM com.squareup.okhttp.mockwebserver.MockWebServer$2 execute
INFO: MockWebServer[35992] starting to accept connections
May 17, 2015 5:25:40 AM com.squareup.okhttp.mockwebserver.MockWebServer$3 processOneRequest
INFO: MockWebServer[35992] received request: GET / HTTP/1.1 and responded: HTTP/1.1 200 OK
May 17, 2015 5:25:40 AM com.squareup.okhttp.mockwebserver.MockWebServer$2 acceptConnections
INFO: MockWebServer[35992] done accepting connections: Socket closed
May 17, 2015 5:25:40 AM com.squareup.okhttp.mockwebserver.MockWebServer$2 execute
INFO: MockWebServer[33378] starting to accept connections
May 17, 2015 5:25:40 AM com.squareup.okhttp.mockwebserver.MockWebServer$2 acceptConnections
INFO: MockWebServer[33378] done accepting connections: Socket closed
May 17, 2015 5:25:40 AM com.squareup.okhttp.mockwebserver.MockWebServer$3 processOneRequest
INFO: MockWebServer[33378] received request: GET / HTTP/1.1 and responded: HTTP/1.1 204 Nothin
May 17, 2015 5:25:40 AM com.squareup.okhttp.mockwebserver.MockWebServer$2 execute
INFO: MockWebServer[53916] starting to accept connections
May 17, 2015 5:25:40 AM com.squareup.okhttp.mockwebserver.MockWebServer$2 acceptConnections
INFO: MockWebServer[53916] done accepting connections: Socket closed
May 17, 2015 5:25:40 AM com.squareup.okhttp.mockwebserver.MockWebServer$3 processOneRequest
INFO: MockWebServer[53916] received request: GET / HTTP/1.1 and responded: HTTP/1.1 205 Nothin
May 17, 2015 5:25:40 AM com.squareup.okhttp.mockwebserver.MockWebServer$2 execute
INFO: MockWebServer[43201] starting to accept connections
May 17, 2015 5:25:40 AM com.squareup.okhttp.mockwebserver.MockWebServer$3 processOneRequest
INFO: MockWebServer[43201] received request: GET / HTTP/1.1 and responded: HTTP/1.1 500 Broken
May 17, 2015 5:25:40 AM com.squareup.okhttp.mockwebserver.MockWebServer$2 acceptConnections
INFO: MockWebServer[43201] done accepting connections: Socket closed
May 17, 2015 5:25:40 AM com.squareup.okhttp.mockwebserver.MockWebServer$2 execute
INFO: MockWebServer[38764] starting to accept connections
May 17, 2015 5:25:40 AM com.squareup.okhttp.mockwebserver.MockWebServer$3 processOneRequest
INFO: MockWebServer[38764] received request: GET / HTTP/1.1 and responded: HTTP/1.1 200 OK
May 17, 2015 5:25:40 AM com.squareup.okhttp.mockwebserver.MockWebServer$2 acceptConnections
INFO: MockWebServer[38764] done accepting connections: Socket closed
May 17, 2015 5:25:40 AM com.squareup.okhttp.mockwebserver.MockWebServer$2 execute
INFO: MockWebServer[53842] starting to accept connections
May 17, 2015 5:25:40 AM com.squareup.okhttp.mockwebserver.MockWebServer$3 processOneRequest
INFO: MockWebServer[53842] received request: GET / HTTP/1.1 and responded: HTTP/1.1 204 Nothin
May 17, 2015 5:25:40 AM com.squareup.okhttp.mockwebserver.MockWebServer$2 acceptConnections
INFO: MockWebServer[53842] done accepting connections: Socket closed
May 17, 2015 5:25:40 AM com.squareup.okhttp.mockwebserver.MockWebServer$2 execute
INFO: MockWebServer[55068] starting to accept connections
May 17, 2015 5:25:40 AM com.squareup.okhttp.mockwebserver.MockWebServer$2 acceptConnections
INFO: MockWebServer[55068] done accepting connections: Socket closed
May 17, 2015 5:25:40 AM com.squareup.okhttp.mockwebserver.MockWebServer$3 processOneRequest
INFO: MockWebServer[55068] received request: GET / HTTP/1.1 and responded: HTTP/1.1 205 Nothin
May 17, 2015 5:25:40 AM com.squareup.okhttp.mockwebserver.MockWebServer$2 execute
INFO: MockWebServer[51863] starting to accept connections
May 17, 2015 5:25:40 AM com.squareup.okhttp.mockwebserver.MockWebServer$2 acceptConnections
INFO: MockWebServer[51863] done accepting connections: Socket closed
May 17, 2015 5:25:40 AM com.squareup.okhttp.mockwebserver.MockWebServer$2 execute
INFO: MockWebServer[39519] starting to accept connections
May 17, 2015 5:25:40 AM com.squareup.okhttp.mockwebserver.MockWebServer$2 acceptConnections
INFO: MockWebServer[39519] done accepting connections: Socket closed
May 17, 2015 5:25:40 AM com.squareup.okhttp.mockwebserver.MockWebServer$3 processOneRequest
INFO: MockWebServer[39519] received request: GET / HTTP/1.1 and responded: HTTP/1.1 200 OK
May 17, 2015 5:25:40 AM com.squareup.okhttp.mockwebserver.MockWebServer$2 execute
INFO: MockWebServer[42724] starting to accept connections
May 17, 2015 5:25:40 AM com.squareup.okhttp.mockwebserver.MockWebServer$2 acceptConnections
INFO: MockWebServer[42724] done accepting connections: Socket closed
May 17, 2015 5:25:40 AM com.squareup.okhttp.mockwebserver.MockWebServer$3 processOneRequest
INFO: MockWebServer[42724] received request: POST / HTTP/1.1 and responded: HTTP/1.1 500 OK
May 17, 2015 5:25:40 AM com.squareup.okhttp.mockwebserver.MockWebServer$2 execute
INFO: MockWebServer[44058] starting to accept connections
May 17, 2015 5:25:40 AM com.squareup.okhttp.mockwebserver.MockWebServer$2 acceptConnections
INFO: MockWebServer[44058] done accepting connections: Socket is closed
May 17, 2015 5:25:40 AM com.squareup.okhttp.mockwebserver.MockWebServer$2 execute
INFO: MockWebServer[40144] starting to accept connections
May 17, 2015 5:25:40 AM com.squareup.okhttp.mockwebserver.MockWebServer$3 processOneRequest
INFO: MockWebServer[40144] received request: GET / HTTP/1.1 and responded: HTTP/1.1 200 OK
May 17, 2015 5:25:40 AM com.squareup.okhttp.mockwebserver.MockWebServer$2 acceptConnections
INFO: MockWebServer[40144] done accepting connections: Socket closed
May 17, 2015 5:25:40 AM com.squareup.okhttp.mockwebserver.MockWebServer$2 execute
INFO: MockWebServer[52812] starting to accept connections
May 17, 2015 5:25:40 AM com.squareup.okhttp.mockwebserver.MockWebServer$2 acceptConnections
INFO: MockWebServer[52812] done accepting connections: Socket closed
May 17, 2015 5:25:40 AM com.squareup.okhttp.mockwebserver.MockWebServer$3 processOneRequest
INFO: MockWebServer[52812] received request: GET / HTTP/1.1 and responded: HTTP/1.1 204 Nothin
May 17, 2015 5:25:40 AM com.squareup.okhttp.mockwebserver.MockWebServer$2 execute
INFO: MockWebServer[60175] starting to accept connections
May 17, 2015 5:25:40 AM com.squareup.okhttp.mockwebserver.MockWebServer$2 acceptConnections
INFO: MockWebServer[60175] done accepting connections: Socket closed
May 17, 2015 5:25:40 AM com.squareup.okhttp.mockwebserver.MockWebServer$3 processOneRequest
INFO: MockWebServer[60175] received request: GET / HTTP/1.1 and responded: HTTP/1.1 205 Nothin
May 17, 2015 5:25:40 AM com.squareup.okhttp.mockwebserver.MockWebServer$2 execute
INFO: MockWebServer[33894] starting to accept connections
May 17, 2015 5:25:40 AM com.squareup.okhttp.mockwebserver.MockWebServer$2 acceptConnections
INFO: MockWebServer[33894] done accepting connections: Socket is closed
May 17, 2015 5:25:40 AM com.squareup.okhttp.mockwebserver.MockWebServer$2 execute
INFO: MockWebServer[51376] starting to accept connections
May 17, 2015 5:25:40 AM com.squareup.okhttp.mockwebserver.MockWebServer$3 processOneRequest
INFO: MockWebServer[51376] received request: POST / HTTP/1.1 and responded: HTTP/1.1 200 OK
May 17, 2015 5:25:40 AM com.squareup.okhttp.mockwebserver.MockWebServer$2 acceptConnections
INFO: MockWebServer[51376] done accepting connections: Socket closed
May 17, 2015 5:25:41 AM com.squareup.okhttp.mockwebserver.MockWebServer$2 execute
INFO: MockWebServer[45138] starting to accept connections
May 17, 2015 5:25:41 AM com.squareup.okhttp.mockwebserver.MockWebServer$3 processOneRequest
INFO: MockWebServer[45138] received request: GET / HTTP/1.1 and responded: HTTP/1.1 500 Broken!
May 17, 2015 5:25:41 AM com.squareup.okhttp.mockwebserver.MockWebServer$2 acceptConnections
INFO: MockWebServer[45138] done accepting connections: Socket closed
May 17, 2015 5:25:41 AM com.squareup.okhttp.mockwebserver.MockWebServer$2 execute
INFO: MockWebServer[56354] starting to accept connections
May 17, 2015 5:25:41 AM com.squareup.okhttp.mockwebserver.MockWebServer$3 processOneRequest
INFO: MockWebServer[56354] received request: GET / HTTP/1.1 and responded: HTTP/1.1 200 OK
May 17, 2015 5:25:41 AM com.squareup.okhttp.mockwebserver.MockWebServer$2 acceptConnections
INFO: MockWebServer[56354] done accepting connections: Socket closed
May 17, 2015 5:25:41 AM com.squareup.okhttp.mockwebserver.MockWebServer$2 execute
INFO: MockWebServer[36882] starting to accept connections
May 17, 2015 5:25:41 AM com.squareup.okhttp.mockwebserver.MockWebServer$3 processOneRequest
INFO: MockWebServer[36882] received request: GET / HTTP/1.1 and responded: HTTP/1.1 200 OK
May 17, 2015 5:25:41 AM com.squareup.okhttp.mockwebserver.MockWebServer$2 acceptConnections
INFO: MockWebServer[36882] done accepting connections: Socket closed
Tests run: 19, Failures: 0, Errors: 0, Skipped: 0, Time elapsed: 1.325 sec
Running retrofit.converter.GsonConverterTest
Tests run: 3, Failures: 0, Errors: 0, Skipped: 0, Time elapsed: 0.016 sec
Running retrofit.ErrorHandlerTest
Tests run: 4, Failures: 0, Errors: 0, Skipped: 0, Time elapsed: 0.023 sec

Results :

Tests run: 130, Failures: 0, Errors: 0, Skipped: 1

[INFO]                                                                         
[INFO] ------------------------------------------------------------------------
[INFO] Building Converters 2.0.0-SNAPSHOT
[INFO] ------------------------------------------------------------------------
[INFO] 
[INFO] --- maven-enforcer-plugin:1.0:enforce (enforce-maven) @ retrofit-converters ---
[INFO]                                                                         
[INFO] ------------------------------------------------------------------------
[INFO] Building Converter: Protocol Buffers 2.0.0-SNAPSHOT
[INFO] ------------------------------------------------------------------------
[INFO] 
[INFO] --- maven-enforcer-plugin:1.0:enforce (enforce-maven) @ converter-protobuf ---
[INFO] 
[INFO] --- maven-resources-plugin:2.6:resources (default-resources) @ converter-protobuf ---
[INFO] Using 'UTF-8' encoding to copy filtered resources.
[INFO] skip non existing resourceDirectory /home/travis/build/square/retrofit/retrofit-converters/protobuf/src/main/resources
[INFO] 
[INFO] --- maven-compiler-plugin:3.0:compile (default-compile) @ converter-protobuf ---
[INFO] Changes detected - recompiling the module!
[INFO] Compiling 1 source file to /home/travis/build/square/retrofit/retrofit-converters/protobuf/target/classes
[INFO] 
[INFO] --- maven-resources-plugin:2.6:testResources (default-testResources) @ converter-protobuf ---
[INFO] Using 'UTF-8' encoding to copy filtered resources.
[INFO] skip non existing resourceDirectory /home/travis/build/square/retrofit/retrofit-converters/protobuf/src/test/resources
[INFO] 
[INFO] --- maven-compiler-plugin:3.0:testCompile (default-testCompile) @ converter-protobuf ---
[INFO] Changes detected - recompiling the module!
[INFO] Compiling 2 source files to /home/travis/build/square/retrofit/retrofit-converters/protobuf/target/test-classes
[INFO] 
[INFO] --- maven-surefire-plugin:2.12.4:test (default-test) @ converter-protobuf ---
[INFO] Surefire report directory: /home/travis/build/square/retrofit/retrofit-converters/protobuf/target/surefire-reports

-------------------------------------------------------
 T E S T S
-------------------------------------------------------
Running retrofit.converter.ProtoConverterTest
Tests run: 5, Failures: 0, Errors: 0, Skipped: 0, Time elapsed: 0.239 sec

Results :

Tests run: 5, Failures: 0, Errors: 0, Skipped: 0

[INFO]                                                                         
[INFO] ------------------------------------------------------------------------
[INFO] Building Converter: Jackson 2.0.0-SNAPSHOT
[INFO] ------------------------------------------------------------------------
[INFO] 
[INFO] --- maven-enforcer-plugin:1.0:enforce (enforce-maven) @ converter-jackson ---
[INFO] 
[INFO] --- maven-resources-plugin:2.6:resources (default-resources) @ converter-jackson ---
[INFO] Using 'UTF-8' encoding to copy filtered resources.
[INFO] skip non existing resourceDirectory /home/travis/build/square/retrofit/retrofit-converters/jackson/src/main/resources
[INFO] 
[INFO] --- maven-compiler-plugin:3.0:compile (default-compile) @ converter-jackson ---
[INFO] Changes detected - recompiling the module!
[INFO] Compiling 1 source file to /home/travis/build/square/retrofit/retrofit-converters/jackson/target/classes
[INFO] 
[INFO] --- maven-resources-plugin:2.6:testResources (default-testResources) @ converter-jackson ---
[INFO] Using 'UTF-8' encoding to copy filtered resources.
[INFO] skip non existing resourceDirectory /home/travis/build/square/retrofit/retrofit-converters/jackson/src/test/resources
[INFO] 
[INFO] --- maven-compiler-plugin:3.0:testCompile (default-testCompile) @ converter-jackson ---
[INFO] Changes detected - recompiling the module!
[INFO] Compiling 1 source file to /home/travis/build/square/retrofit/retrofit-converters/jackson/target/test-classes
[INFO] 
[INFO] --- maven-surefire-plugin:2.12.4:test (default-test) @ converter-jackson ---
[INFO] Surefire report directory: /home/travis/build/square/retrofit/retrofit-converters/jackson/target/surefire-reports

-------------------------------------------------------
 T E S T S
-------------------------------------------------------
Running retrofit.converter.JacksonConverterTest
Tests run: 4, Failures: 0, Errors: 0, Skipped: 0, Time elapsed: 0.57 sec

Results :

Tests run: 4, Failures: 0, Errors: 0, Skipped: 0

[INFO]                                                                         
[INFO] ------------------------------------------------------------------------
[INFO] Building Converter: Wire Protocol Buffers 2.0.0-SNAPSHOT
[INFO] ------------------------------------------------------------------------
[INFO] 
[INFO] --- maven-enforcer-plugin:1.0:enforce (enforce-maven) @ converter-wire ---
[INFO] 
[INFO] --- maven-resources-plugin:2.6:resources (default-resources) @ converter-wire ---
[INFO] Using 'UTF-8' encoding to copy filtered resources.
[INFO] skip non existing resourceDirectory /home/travis/build/square/retrofit/retrofit-converters/wire/src/main/resources
[INFO] 
[INFO] --- maven-compiler-plugin:3.0:compile (default-compile) @ converter-wire ---
[INFO] Changes detected - recompiling the module!
[INFO] Compiling 1 source file to /home/travis/build/square/retrofit/retrofit-converters/wire/target/classes
[INFO] 
[INFO] --- maven-resources-plugin:2.6:testResources (default-testResources) @ converter-wire ---
[INFO] Using 'UTF-8' encoding to copy filtered resources.
[INFO] skip non existing resourceDirectory /home/travis/build/square/retrofit/retrofit-converters/wire/src/test/resources
[INFO] 
[INFO] --- maven-compiler-plugin:3.0:testCompile (default-testCompile) @ converter-wire ---
[INFO] Changes detected - recompiling the module!
[INFO] Compiling 2 source files to /home/travis/build/square/retrofit/retrofit-converters/wire/target/test-classes
[INFO] 
[INFO] --- maven-surefire-plugin:2.12.4:test (default-test) @ converter-wire ---
[INFO] Surefire report directory: /home/travis/build/square/retrofit/retrofit-converters/wire/target/surefire-reports

-------------------------------------------------------
 T E S T S
-------------------------------------------------------
Running retrofit.converter.WireConverterTest
Tests run: 5, Failures: 0, Errors: 0, Skipped: 0, Time elapsed: 0.191 sec

Results :

Tests run: 5, Failures: 0, Errors: 0, Skipped: 0

[INFO]                                                                         
[INFO] ------------------------------------------------------------------------
[INFO] Building Converter: SimpleXML 2.0.0-SNAPSHOT
[INFO] ------------------------------------------------------------------------
[INFO] 
[INFO] --- maven-enforcer-plugin:1.0:enforce (enforce-maven) @ converter-simplexml ---
[INFO] 
[INFO] --- maven-resources-plugin:2.6:resources (default-resources) @ converter-simplexml ---
[INFO] Using 'UTF-8' encoding to copy filtered resources.
[INFO] skip non existing resourceDirectory /home/travis/build/square/retrofit/retrofit-converters/simplexml/src/main/resources
[INFO] 
[INFO] --- maven-compiler-plugin:3.0:compile (default-compile) @ converter-simplexml ---
[INFO] Changes detected - recompiling the module!
[INFO] Compiling 1 source file to /home/travis/build/square/retrofit/retrofit-converters/simplexml/target/classes
[INFO] 
[INFO] --- maven-resources-plugin:2.6:testResources (default-testResources) @ converter-simplexml ---
[INFO] Using 'UTF-8' encoding to copy filtered resources.
[INFO] skip non existing resourceDirectory /home/travis/build/square/retrofit/retrofit-converters/simplexml/src/test/resources
[INFO] 
[INFO] --- maven-compiler-plugin:3.0:testCompile (default-testCompile) @ converter-simplexml ---
[INFO] Changes detected - recompiling the module!
[INFO] Compiling 1 source file to /home/travis/build/square/retrofit/retrofit-converters/simplexml/target/test-classes
[INFO] 
[INFO] --- maven-surefire-plugin:2.12.4:test (default-test) @ converter-simplexml ---
[INFO] Surefire report directory: /home/travis/build/square/retrofit/retrofit-converters/simplexml/target/surefire-reports

-------------------------------------------------------
 T E S T S
-------------------------------------------------------
Running retrofit.converter.SimpleXMLConverterTest
Tests run: 4, Failures: 0, Errors: 0, Skipped: 0, Time elapsed: 0.366 sec

Results :

Tests run: 4, Failures: 0, Errors: 0, Skipped: 0

[INFO]                                                                         
[INFO] ------------------------------------------------------------------------
[INFO] Building Retrofit Mock Adapter 2.0.0-SNAPSHOT
[INFO] ------------------------------------------------------------------------
[INFO] 
[INFO] --- maven-enforcer-plugin:1.0:enforce (enforce-maven) @ retrofit-mock ---
[INFO] 
[INFO] --- maven-resources-plugin:2.6:resources (default-resources) @ retrofit-mock ---
[INFO] Using 'UTF-8' encoding to copy filtered resources.
[INFO] skip non existing resourceDirectory /home/travis/build/square/retrofit/retrofit-mock/src/main/resources
[INFO] 
[INFO] --- maven-compiler-plugin:3.0:compile (default-compile) @ retrofit-mock ---
[INFO] Changes detected - recompiling the module!
[INFO] Compiling 5 source files to /home/travis/build/square/retrofit/retrofit-mock/target/classes
[INFO] 
[INFO] --- maven-resources-plugin:2.6:testResources (default-testResources) @ retrofit-mock ---
[INFO] Using 'UTF-8' encoding to copy filtered resources.
[INFO] skip non existing resourceDirectory /home/travis/build/square/retrofit/retrofit-mock/src/test/resources
[INFO] 
[INFO] --- maven-compiler-plugin:3.0:testCompile (default-testCompile) @ retrofit-mock ---
[INFO] Changes detected - recompiling the module!
[INFO] Compiling 1 source file to /home/travis/build/square/retrofit/retrofit-mock/target/test-classes
[INFO] 
[INFO] --- maven-surefire-plugin:2.12.4:test (default-test) @ retrofit-mock ---
[INFO] Surefire report directory: /home/travis/build/square/retrofit/retrofit-mock/target/surefire-reports

-------------------------------------------------------
 T E S T S
-------------------------------------------------------
Running retrofit.MockRestAdapterTest
Tests run: 20, Failures: 1, Errors: 12, Skipped: 0, Time elapsed: 0.828 sec <<< FAILURE!
syncApiIsCalledWithDelay(retrofit.MockRestAdapterTest)  Time elapsed: 0.372 sec  <<< ERROR!
java.lang.IllegalArgumentException: unexpected url: none/
	at com.squareup.okhttp.Request$Builder.url(Request.java:149)
	at retrofit.RequestBuilder.build(RequestBuilder.java:394)
	at retrofit.MockRestAdapter$MockHandler.buildRequest(MockRestAdapter.java:276)
	at retrofit.MockRestAdapter$MockHandler.invoke(MockRestAdapter.java:237)
	at retrofit.$Proxy3.doStuff(Unknown Source)
	at retrofit.MockRestAdapterTest.syncApiIsCalledWithDelay(MockRestAdapterTest.java:280)
	at sun.reflect.NativeMethodAccessorImpl.invoke0(Native Method)
	at sun.reflect.NativeMethodAccessorImpl.invoke(NativeMethodAccessorImpl.java:57)
	at sun.reflect.DelegatingMethodAccessorImpl.invoke(DelegatingMethodAccessorImpl.java:43)
	at java.lang.reflect.Method.invoke(Method.java:606)
	at org.junit.runners.model.FrameworkMethod$1.runReflectiveCall(FrameworkMethod.java:47)
	at org.junit.internal.runners.model.ReflectiveCallable.run(ReflectiveCallable.java:12)
	at org.junit.runners.model.FrameworkMethod.invokeExplosively(FrameworkMethod.java:44)
	at org.junit.internal.runners.statements.InvokeMethod.evaluate(InvokeMethod.java:17)
	at org.junit.internal.runners.statements.RunBefores.evaluate(RunBefores.java:26)
	at org.junit.runners.ParentRunner.runLeaf(ParentRunner.java:271)
	at org.junit.runners.BlockJUnit4ClassRunner.runChild(BlockJUnit4ClassRunner.java:70)
	at org.junit.runners.BlockJUnit4ClassRunner.runChild(BlockJUnit4ClassRunner.java:50)
	at org.junit.runners.ParentRunner$3.run(ParentRunner.java:238)
	at org.junit.runners.ParentRunner$1.schedule(ParentRunner.java:63)
	at org.junit.runners.ParentRunner.runChildren(ParentRunner.java:236)
	at org.junit.runners.ParentRunner.access$000(ParentRunner.java:53)
	at org.junit.runners.ParentRunner$2.evaluate(ParentRunner.java:229)
	at org.junit.runners.ParentRunner.run(ParentRunner.java:309)
	at org.apache.maven.surefire.junit4.JUnit4Provider.execute(JUnit4Provider.java:252)
	at org.apache.maven.surefire.junit4.JUnit4Provider.executeTestSet(JUnit4Provider.java:141)
	at org.apache.maven.surefire.junit4.JUnit4Provider.invoke(JUnit4Provider.java:112)
	at sun.reflect.NativeMethodAccessorImpl.invoke0(Native Method)
	at sun.reflect.NativeMethodAccessorImpl.invoke(NativeMethodAccessorImpl.java:57)
	at sun.reflect.DelegatingMethodAccessorImpl.invoke(DelegatingMethodAccessorImpl.java:43)
	at java.lang.reflect.Method.invoke(Method.java:606)
	at org.apache.maven.surefire.util.ReflectionUtils.invokeMethodWithArray(ReflectionUtils.java:189)
	at org.apache.maven.surefire.booter.ProviderFactory$ProviderProxy.invoke(ProviderFactory.java:165)
	at org.apache.maven.surefire.booter.ProviderFactory.invokeProvider(ProviderFactory.java:85)
	at org.apache.maven.surefire.booter.ForkedBooter.runSuitesInProcess(ForkedBooter.java:115)
	at org.apache.maven.surefire.booter.ForkedBooter.main(ForkedBooter.java:75)

asyncFailureTriggersNetworkError(retrofit.MockRestAdapterTest)  Time elapsed: 0.009 sec  <<< ERROR!
java.lang.IllegalArgumentException: unexpected url: none/
	at com.squareup.okhttp.Request$Builder.url(Request.java:149)
	at retrofit.RequestBuilder.build(RequestBuilder.java:394)
	at retrofit.MockRestAdapter$MockHandler.buildRequest(MockRestAdapter.java:276)
	at retrofit.MockRestAdapter$MockHandler.invoke(MockRestAdapter.java:237)
	at retrofit.$Proxy5.doStuff(Unknown Source)
	at retrofit.MockRestAdapterTest.asyncFailureTriggersNetworkError(MockRestAdapterTest.java:245)
	at sun.reflect.NativeMethodAccessorImpl.invoke0(Native Method)
	at sun.reflect.NativeMethodAccessorImpl.invoke(NativeMethodAccessorImpl.java:57)
	at sun.reflect.DelegatingMethodAccessorImpl.invoke(DelegatingMethodAccessorImpl.java:43)
	at java.lang.reflect.Method.invoke(Method.java:606)
	at org.junit.runners.model.FrameworkMethod$1.runReflectiveCall(FrameworkMethod.java:47)
	at org.junit.internal.runners.model.ReflectiveCallable.run(ReflectiveCallable.java:12)
	at org.junit.runners.model.FrameworkMethod.invokeExplosively(FrameworkMethod.java:44)
	at org.junit.internal.runners.statements.InvokeMethod.evaluate(InvokeMethod.java:17)
	at org.junit.internal.runners.statements.RunBefores.evaluate(RunBefores.java:26)
	at org.junit.runners.ParentRunner.runLeaf(ParentRunner.java:271)
	at org.junit.runners.BlockJUnit4ClassRunner.runChild(BlockJUnit4ClassRunner.java:70)
	at org.junit.runners.BlockJUnit4ClassRunner.runChild(BlockJUnit4ClassRunner.java:50)
	at org.junit.runners.ParentRunner$3.run(ParentRunner.java:238)
	at org.junit.runners.ParentRunner$1.schedule(ParentRunner.java:63)
	at org.junit.runners.ParentRunner.runChildren(ParentRunner.java:236)
	at org.junit.runners.ParentRunner.access$000(ParentRunner.java:53)
	at org.junit.runners.ParentRunner$2.evaluate(ParentRunner.java:229)
	at org.junit.runners.ParentRunner.run(ParentRunner.java:309)
	at org.apache.maven.surefire.junit4.JUnit4Provider.execute(JUnit4Provider.java:252)
	at org.apache.maven.surefire.junit4.JUnit4Provider.executeTestSet(JUnit4Provider.java:141)
	at org.apache.maven.surefire.junit4.JUnit4Provider.invoke(JUnit4Provider.java:112)
	at sun.reflect.NativeMethodAccessorImpl.invoke0(Native Method)
	at sun.reflect.NativeMethodAccessorImpl.invoke(NativeMethodAccessorImpl.java:57)
	at sun.reflect.DelegatingMethodAccessorImpl.invoke(DelegatingMethodAccessorImpl.java:43)
	at java.lang.reflect.Method.invoke(Method.java:606)
	at org.apache.maven.surefire.util.ReflectionUtils.invokeMethodWithArray(ReflectionUtils.java:189)
	at org.apache.maven.surefire.booter.ProviderFactory$ProviderProxy.invoke(ProviderFactory.java:165)
	at org.apache.maven.surefire.booter.ProviderFactory.invokeProvider(ProviderFactory.java:85)
	at org.apache.maven.surefire.booter.ForkedBooter.runSuitesInProcess(ForkedBooter.java:115)
	at org.apache.maven.surefire.booter.ForkedBooter.main(ForkedBooter.java:75)

asyncApiIsCalledWithDelay(retrofit.MockRestAdapterTest)  Time elapsed: 0.004 sec  <<< ERROR!
java.lang.IllegalArgumentException: unexpected url: none/
	at com.squareup.okhttp.Request$Builder.url(Request.java:149)
	at retrofit.RequestBuilder.build(RequestBuilder.java:394)
	at retrofit.MockRestAdapter$MockHandler.buildRequest(MockRestAdapter.java:276)
	at retrofit.MockRestAdapter$MockHandler.invoke(MockRestAdapter.java:237)
	at retrofit.$Proxy5.doStuff(Unknown Source)
	at retrofit.MockRestAdapterTest.asyncApiIsCalledWithDelay(MockRestAdapterTest.java:307)
	at sun.reflect.NativeMethodAccessorImpl.invoke0(Native Method)
	at sun.reflect.NativeMethodAccessorImpl.invoke(NativeMethodAccessorImpl.java:57)
	at sun.reflect.DelegatingMethodAccessorImpl.invoke(DelegatingMethodAccessorImpl.java:43)
	at java.lang.reflect.Method.invoke(Method.java:606)
	at org.junit.runners.model.FrameworkMethod$1.runReflectiveCall(FrameworkMethod.java:47)
	at org.junit.internal.runners.model.ReflectiveCallable.run(ReflectiveCallable.java:12)
	at org.junit.runners.model.FrameworkMethod.invokeExplosively(FrameworkMethod.java:44)
	at org.junit.internal.runners.statements.InvokeMethod.evaluate(InvokeMethod.java:17)
	at org.junit.internal.runners.statements.RunBefores.evaluate(RunBefores.java:26)
	at org.junit.runners.ParentRunner.runLeaf(ParentRunner.java:271)
	at org.junit.runners.BlockJUnit4ClassRunner.runChild(BlockJUnit4ClassRunner.java:70)
	at org.junit.runners.BlockJUnit4ClassRunner.runChild(BlockJUnit4ClassRunner.java:50)
	at org.junit.runners.ParentRunner$3.run(ParentRunner.java:238)
	at org.junit.runners.ParentRunner$1.schedule(ParentRunner.java:63)
	at org.junit.runners.ParentRunner.runChildren(ParentRunner.java:236)
	at org.junit.runners.ParentRunner.access$000(ParentRunner.java:53)
	at org.junit.runners.ParentRunner$2.evaluate(ParentRunner.java:229)
	at org.junit.runners.ParentRunner.run(ParentRunner.java:309)
	at org.apache.maven.surefire.junit4.JUnit4Provider.execute(JUnit4Provider.java:252)
	at org.apache.maven.surefire.junit4.JUnit4Provider.executeTestSet(JUnit4Provider.java:141)
	at org.apache.maven.surefire.junit4.JUnit4Provider.invoke(JUnit4Provider.java:112)
	at sun.reflect.NativeMethodAccessorImpl.invoke0(Native Method)
	at sun.reflect.NativeMethodAccessorImpl.invoke(NativeMethodAccessorImpl.java:57)
	at sun.reflect.DelegatingMethodAccessorImpl.invoke(DelegatingMethodAccessorImpl.java:43)
	at java.lang.reflect.Method.invoke(Method.java:606)
	at org.apache.maven.surefire.util.ReflectionUtils.invokeMethodWithArray(ReflectionUtils.java:189)
	at org.apache.maven.surefire.booter.ProviderFactory$ProviderProxy.invoke(ProviderFactory.java:165)
	at org.apache.maven.surefire.booter.ProviderFactory.invokeProvider(ProviderFactory.java:85)
	at org.apache.maven.surefire.booter.ForkedBooter.runSuitesInProcess(ForkedBooter.java:115)
	at org.apache.maven.surefire.booter.ForkedBooter.main(ForkedBooter.java:75)

observableHttpExceptionBecomesError(retrofit.MockRestAdapterTest)  Time elapsed: 0.006 sec  <<< ERROR!
java.lang.IllegalArgumentException: unexpected url: none/
	at com.squareup.okhttp.Request$Builder.url(Request.java:149)
	at retrofit.RequestBuilder.build(RequestBuilder.java:394)
	at retrofit.MockRestAdapter$MockHandler.buildRequest(MockRestAdapter.java:276)
	at retrofit.MockRestAdapter$MockHandler.invoke(MockRestAdapter.java:237)
	at retrofit.$Proxy6.doStuff(Unknown Source)
	at retrofit.MockRestAdapterTest.observableHttpExceptionBecomesError(MockRestAdapterTest.java:460)
	at sun.reflect.NativeMethodAccessorImpl.invoke0(Native Method)
	at sun.reflect.NativeMethodAccessorImpl.invoke(NativeMethodAccessorImpl.java:57)
	at sun.reflect.DelegatingMethodAccessorImpl.invoke(DelegatingMethodAccessorImpl.java:43)
	at java.lang.reflect.Method.invoke(Method.java:606)
	at org.junit.runners.model.FrameworkMethod$1.runReflectiveCall(FrameworkMethod.java:47)
	at org.junit.internal.runners.model.ReflectiveCallable.run(ReflectiveCallable.java:12)
	at org.junit.runners.model.FrameworkMethod.invokeExplosively(FrameworkMethod.java:44)
	at org.junit.internal.runners.statements.InvokeMethod.evaluate(InvokeMethod.java:17)
	at org.junit.internal.runners.statements.RunBefores.evaluate(RunBefores.java:26)
	at org.junit.runners.ParentRunner.runLeaf(ParentRunner.java:271)
	at org.junit.runners.BlockJUnit4ClassRunner.runChild(BlockJUnit4ClassRunner.java:70)
	at org.junit.runners.BlockJUnit4ClassRunner.runChild(BlockJUnit4ClassRunner.java:50)
	at org.junit.runners.ParentRunner$3.run(ParentRunner.java:238)
	at org.junit.runners.ParentRunner$1.schedule(ParentRunner.java:63)
	at org.junit.runners.ParentRunner.runChildren(ParentRunner.java:236)
	at org.junit.runners.ParentRunner.access$000(ParentRunner.java:53)
	at org.junit.runners.ParentRunner$2.evaluate(ParentRunner.java:229)
	at org.junit.runners.ParentRunner.run(ParentRunner.java:309)
	at org.apache.maven.surefire.junit4.JUnit4Provider.execute(JUnit4Provider.java:252)
	at org.apache.maven.surefire.junit4.JUnit4Provider.executeTestSet(JUnit4Provider.java:141)
	at org.apache.maven.surefire.junit4.JUnit4Provider.invoke(JUnit4Provider.java:112)
	at sun.reflect.NativeMethodAccessorImpl.invoke0(Native Method)
	at sun.reflect.NativeMethodAccessorImpl.invoke(NativeMethodAccessorImpl.java:57)
	at sun.reflect.DelegatingMethodAccessorImpl.invoke(DelegatingMethodAccessorImpl.java:43)
	at java.lang.reflect.Method.invoke(Method.java:606)
	at org.apache.maven.surefire.util.ReflectionUtils.invokeMethodWithArray(ReflectionUtils.java:189)
	at org.apache.maven.surefire.booter.ProviderFactory$ProviderProxy.invoke(ProviderFactory.java:165)
	at org.apache.maven.surefire.booter.ProviderFactory.invokeProvider(ProviderFactory.java:85)
	at org.apache.maven.surefire.booter.ForkedBooter.runSuitesInProcess(ForkedBooter.java:115)
	at org.apache.maven.surefire.booter.ForkedBooter.main(ForkedBooter.java:75)

syncHttpExceptionBecomesError(retrofit.MockRestAdapterTest)  Time elapsed: 0.003 sec  <<< ERROR!
java.lang.IllegalArgumentException: unexpected url: none/
	at com.squareup.okhttp.Request$Builder.url(Request.java:149)
	at retrofit.RequestBuilder.build(RequestBuilder.java:394)
	at retrofit.MockRestAdapter$MockHandler.buildRequest(MockRestAdapter.java:276)
	at retrofit.MockRestAdapter$MockHandler.invoke(MockRestAdapter.java:237)
	at retrofit.$Proxy3.doStuff(Unknown Source)
	at retrofit.MockRestAdapterTest.syncHttpExceptionBecomesError(MockRestAdapterTest.java:385)
	at sun.reflect.NativeMethodAccessorImpl.invoke0(Native Method)
	at sun.reflect.NativeMethodAccessorImpl.invoke(NativeMethodAccessorImpl.java:57)
	at sun.reflect.DelegatingMethodAccessorImpl.invoke(DelegatingMethodAccessorImpl.java:43)
	at java.lang.reflect.Method.invoke(Method.java:606)
	at org.junit.runners.model.FrameworkMethod$1.runReflectiveCall(FrameworkMethod.java:47)
	at org.junit.internal.runners.model.ReflectiveCallable.run(ReflectiveCallable.java:12)
	at org.junit.runners.model.FrameworkMethod.invokeExplosively(FrameworkMethod.java:44)
	at org.junit.internal.runners.statements.InvokeMethod.evaluate(InvokeMethod.java:17)
	at org.junit.internal.runners.statements.RunBefores.evaluate(RunBefores.java:26)
	at org.junit.runners.ParentRunner.runLeaf(ParentRunner.java:271)
	at org.junit.runners.BlockJUnit4ClassRunner.runChild(BlockJUnit4ClassRunner.java:70)
	at org.junit.runners.BlockJUnit4ClassRunner.runChild(BlockJUnit4ClassRunner.java:50)
	at org.junit.runners.ParentRunner$3.run(ParentRunner.java:238)
	at org.junit.runners.ParentRunner$1.schedule(ParentRunner.java:63)
	at org.junit.runners.ParentRunner.runChildren(ParentRunner.java:236)
	at org.junit.runners.ParentRunner.access$000(ParentRunner.java:53)
	at org.junit.runners.ParentRunner$2.evaluate(ParentRunner.java:229)
	at org.junit.runners.ParentRunner.run(ParentRunner.java:309)
	at org.apache.maven.surefire.junit4.JUnit4Provider.execute(JUnit4Provider.java:252)
	at org.apache.maven.surefire.junit4.JUnit4Provider.executeTestSet(JUnit4Provider.java:141)
	at org.apache.maven.surefire.junit4.JUnit4Provider.invoke(JUnit4Provider.java:112)
	at sun.reflect.NativeMethodAccessorImpl.invoke0(Native Method)
	at sun.reflect.NativeMethodAccessorImpl.invoke(NativeMethodAccessorImpl.java:57)
	at sun.reflect.DelegatingMethodAccessorImpl.invoke(DelegatingMethodAccessorImpl.java:43)
	at java.lang.reflect.Method.invoke(Method.java:606)
	at org.apache.maven.surefire.util.ReflectionUtils.invokeMethodWithArray(ReflectionUtils.java:189)
	at org.apache.maven.surefire.booter.ProviderFactory$ProviderProxy.invoke(ProviderFactory.java:165)
	at org.apache.maven.surefire.booter.ProviderFactory.invokeProvider(ProviderFactory.java:85)
	at org.apache.maven.surefire.booter.ForkedBooter.runSuitesInProcess(ForkedBooter.java:115)
	at org.apache.maven.surefire.booter.ForkedBooter.main(ForkedBooter.java:75)

observableApiIsCalledWithDelay(retrofit.MockRestAdapterTest)  Time elapsed: 0.003 sec  <<< ERROR!
java.lang.IllegalArgumentException: unexpected url: none/
	at com.squareup.okhttp.Request$Builder.url(Request.java:149)
	at retrofit.RequestBuilder.build(RequestBuilder.java:394)
	at retrofit.MockRestAdapter$MockHandler.buildRequest(MockRestAdapter.java:276)
	at retrofit.MockRestAdapter$MockHandler.invoke(MockRestAdapter.java:237)
	at retrofit.$Proxy6.doStuff(Unknown Source)
	at retrofit.MockRestAdapterTest.observableApiIsCalledWithDelay(MockRestAdapterTest.java:357)
	at sun.reflect.NativeMethodAccessorImpl.invoke0(Native Method)
	at sun.reflect.NativeMethodAccessorImpl.invoke(NativeMethodAccessorImpl.java:57)
	at sun.reflect.DelegatingMethodAccessorImpl.invoke(DelegatingMethodAccessorImpl.java:43)
	at java.lang.reflect.Method.invoke(Method.java:606)
	at org.junit.runners.model.FrameworkMethod$1.runReflectiveCall(FrameworkMethod.java:47)
	at org.junit.internal.runners.model.ReflectiveCallable.run(ReflectiveCallable.java:12)
	at org.junit.runners.model.FrameworkMethod.invokeExplosively(FrameworkMethod.java:44)
	at org.junit.internal.runners.statements.InvokeMethod.evaluate(InvokeMethod.java:17)
	at org.junit.internal.runners.statements.RunBefores.evaluate(RunBefores.java:26)
	at org.junit.runners.ParentRunner.runLeaf(ParentRunner.java:271)
	at org.junit.runners.BlockJUnit4ClassRunner.runChild(BlockJUnit4ClassRunner.java:70)
	at org.junit.runners.BlockJUnit4ClassRunner.runChild(BlockJUnit4ClassRunner.java:50)
	at org.junit.runners.ParentRunner$3.run(ParentRunner.java:238)
	at org.junit.runners.ParentRunner$1.schedule(ParentRunner.java:63)
	at org.junit.runners.ParentRunner.runChildren(ParentRunner.java:236)
	at org.junit.runners.ParentRunner.access$000(ParentRunner.java:53)
	at org.junit.runners.ParentRunner$2.evaluate(ParentRunner.java:229)
	at org.junit.runners.ParentRunner.run(ParentRunner.java:309)
	at org.apache.maven.surefire.junit4.JUnit4Provider.execute(JUnit4Provider.java:252)
	at org.apache.maven.surefire.junit4.JUnit4Provider.executeTestSet(JUnit4Provider.java:141)
	at org.apache.maven.surefire.junit4.JUnit4Provider.invoke(JUnit4Provider.java:112)
	at sun.reflect.NativeMethodAccessorImpl.invoke0(Native Method)
	at sun.reflect.NativeMethodAccessorImpl.invoke(NativeMethodAccessorImpl.java:57)
	at sun.reflect.DelegatingMethodAccessorImpl.invoke(DelegatingMethodAccessorImpl.java:43)
	at java.lang.reflect.Method.invoke(Method.java:606)
	at org.apache.maven.surefire.util.ReflectionUtils.invokeMethodWithArray(ReflectionUtils.java:189)
	at org.apache.maven.surefire.booter.ProviderFactory$ProviderProxy.invoke(ProviderFactory.java:165)
	at org.apache.maven.surefire.booter.ProviderFactory.invokeProvider(ProviderFactory.java:85)
	at org.apache.maven.surefire.booter.ForkedBooter.runSuitesInProcess(ForkedBooter.java:115)
	at org.apache.maven.surefire.booter.ForkedBooter.main(ForkedBooter.java:75)

syncFailureTriggersNetworkError(retrofit.MockRestAdapterTest)  Time elapsed: 0 sec  <<< ERROR!
java.lang.IllegalArgumentException: unexpected url: none/
	at com.squareup.okhttp.Request$Builder.url(Request.java:149)
	at retrofit.RequestBuilder.build(RequestBuilder.java:394)
	at retrofit.MockRestAdapter$MockHandler.buildRequest(MockRestAdapter.java:276)
	at retrofit.MockRestAdapter$MockHandler.invoke(MockRestAdapter.java:237)
	at retrofit.$Proxy3.doStuff(Unknown Source)
	at retrofit.MockRestAdapterTest.syncFailureTriggersNetworkError(MockRestAdapterTest.java:224)
	at sun.reflect.NativeMethodAccessorImpl.invoke0(Native Method)
	at sun.reflect.NativeMethodAccessorImpl.invoke(NativeMethodAccessorImpl.java:57)
	at sun.reflect.DelegatingMethodAccessorImpl.invoke(DelegatingMethodAccessorImpl.java:43)
	at java.lang.reflect.Method.invoke(Method.java:606)
	at org.junit.runners.model.FrameworkMethod$1.runReflectiveCall(FrameworkMethod.java:47)
	at org.junit.internal.runners.model.ReflectiveCallable.run(ReflectiveCallable.java:12)
	at org.junit.runners.model.FrameworkMethod.invokeExplosively(FrameworkMethod.java:44)
	at org.junit.internal.runners.statements.InvokeMethod.evaluate(InvokeMethod.java:17)
	at org.junit.internal.runners.statements.RunBefores.evaluate(RunBefores.java:26)
	at org.junit.runners.ParentRunner.runLeaf(ParentRunner.java:271)
	at org.junit.runners.BlockJUnit4ClassRunner.runChild(BlockJUnit4ClassRunner.java:70)
	at org.junit.runners.BlockJUnit4ClassRunner.runChild(BlockJUnit4ClassRunner.java:50)
	at org.junit.runners.ParentRunner$3.run(ParentRunner.java:238)
	at org.junit.runners.ParentRunner$1.schedule(ParentRunner.java:63)
	at org.junit.runners.ParentRunner.runChildren(ParentRunner.java:236)
	at org.junit.runners.ParentRunner.access$000(ParentRunner.java:53)
	at org.junit.runners.ParentRunner$2.evaluate(ParentRunner.java:229)
	at org.junit.runners.ParentRunner.run(ParentRunner.java:309)
	at org.apache.maven.surefire.junit4.JUnit4Provider.execute(JUnit4Provider.java:252)
	at org.apache.maven.surefire.junit4.JUnit4Provider.executeTestSet(JUnit4Provider.java:141)
	at org.apache.maven.surefire.junit4.JUnit4Provider.invoke(JUnit4Provider.java:112)
	at sun.reflect.NativeMethodAccessorImpl.invoke0(Native Method)
	at sun.reflect.NativeMethodAccessorImpl.invoke(NativeMethodAccessorImpl.java:57)
	at sun.reflect.DelegatingMethodAccessorImpl.invoke(DelegatingMethodAccessorImpl.java:43)
	at java.lang.reflect.Method.invoke(Method.java:606)
	at org.apache.maven.surefire.util.ReflectionUtils.invokeMethodWithArray(ReflectionUtils.java:189)
	at org.apache.maven.surefire.booter.ProviderFactory$ProviderProxy.invoke(ProviderFactory.java:165)
	at org.apache.maven.surefire.booter.ProviderFactory.invokeProvider(ProviderFactory.java:85)
	at org.apache.maven.surefire.booter.ForkedBooter.runSuitesInProcess(ForkedBooter.java:115)
	at org.apache.maven.surefire.booter.ForkedBooter.main(ForkedBooter.java:75)

asyncHttpExceptionBecomesError(retrofit.MockRestAdapterTest)  Time elapsed: 0.005 sec  <<< ERROR!
java.lang.IllegalArgumentException: unexpected url: none/
	at com.squareup.okhttp.Request$Builder.url(Request.java:149)
	at retrofit.RequestBuilder.build(RequestBuilder.java:394)
	at retrofit.MockRestAdapter$MockHandler.buildRequest(MockRestAdapter.java:276)
	at retrofit.MockRestAdapter$MockHandler.invoke(MockRestAdapter.java:237)
	at retrofit.$Proxy5.doStuff(Unknown Source)
	at retrofit.MockRestAdapterTest.asyncHttpExceptionBecomesError(MockRestAdapterTest.java:417)
	at sun.reflect.NativeMethodAccessorImpl.invoke0(Native Method)
	at sun.reflect.NativeMethodAccessorImpl.invoke(NativeMethodAccessorImpl.java:57)
	at sun.reflect.DelegatingMethodAccessorImpl.invoke(DelegatingMethodAccessorImpl.java:43)
	at java.lang.reflect.Method.invoke(Method.java:606)
	at org.junit.runners.model.FrameworkMethod$1.runReflectiveCall(FrameworkMethod.java:47)
	at org.junit.internal.runners.model.ReflectiveCallable.run(ReflectiveCallable.java:12)
	at org.junit.runners.model.FrameworkMethod.invokeExplosively(FrameworkMethod.java:44)
	at org.junit.internal.runners.statements.InvokeMethod.evaluate(InvokeMethod.java:17)
	at org.junit.internal.runners.statements.RunBefores.evaluate(RunBefores.java:26)
	at org.junit.runners.ParentRunner.runLeaf(ParentRunner.java:271)
	at org.junit.runners.BlockJUnit4ClassRunner.runChild(BlockJUnit4ClassRunner.java:70)
	at org.junit.runners.BlockJUnit4ClassRunner.runChild(BlockJUnit4ClassRunner.java:50)
	at org.junit.runners.ParentRunner$3.run(ParentRunner.java:238)
	at org.junit.runners.ParentRunner$1.schedule(ParentRunner.java:63)
	at org.junit.runners.ParentRunner.runChildren(ParentRunner.java:236)
	at org.junit.runners.ParentRunner.access$000(ParentRunner.java:53)
	at org.junit.runners.ParentRunner$2.evaluate(ParentRunner.java:229)
	at org.junit.runners.ParentRunner.run(ParentRunner.java:309)
	at org.apache.maven.surefire.junit4.JUnit4Provider.execute(JUnit4Provider.java:252)
	at org.apache.maven.surefire.junit4.JUnit4Provider.executeTestSet(JUnit4Provider.java:141)
	at org.apache.maven.surefire.junit4.JUnit4Provider.invoke(JUnit4Provider.java:112)
	at sun.reflect.NativeMethodAccessorImpl.invoke0(Native Method)
	at sun.reflect.NativeMethodAccessorImpl.invoke(NativeMethodAccessorImpl.java:57)
	at sun.reflect.DelegatingMethodAccessorImpl.invoke(DelegatingMethodAccessorImpl.java:43)
	at java.lang.reflect.Method.invoke(Method.java:606)
	at org.apache.maven.surefire.util.ReflectionUtils.invokeMethodWithArray(ReflectionUtils.java:189)
	at org.apache.maven.surefire.booter.ProviderFactory$ProviderProxy.invoke(ProviderFactory.java:165)
	at org.apache.maven.surefire.booter.ProviderFactory.invokeProvider(ProviderFactory.java:85)
	at org.apache.maven.surefire.booter.ForkedBooter.runSuitesInProcess(ForkedBooter.java:115)
	at org.apache.maven.surefire.booter.ForkedBooter.main(ForkedBooter.java:75)

asyncErrorUsesErrorHandler(retrofit.MockRestAdapterTest)  Time elapsed: 0.003 sec  <<< ERROR!
java.lang.IllegalArgumentException: unexpected url: none/
	at com.squareup.okhttp.Request$Builder.url(Request.java:149)
	at retrofit.RequestBuilder.build(RequestBuilder.java:394)
	at retrofit.MockRestAdapter$MockHandler.buildRequest(MockRestAdapter.java:276)
	at retrofit.MockRestAdapter$MockHandler.invoke(MockRestAdapter.java:237)
	at retrofit.$Proxy5.doStuff(Unknown Source)
	at retrofit.MockRestAdapterTest.asyncErrorUsesErrorHandler(MockRestAdapterTest.java:562)
	at sun.reflect.NativeMethodAccessorImpl.invoke0(Native Method)
	at sun.reflect.NativeMethodAccessorImpl.invoke(NativeMethodAccessorImpl.java:57)
	at sun.reflect.DelegatingMethodAccessorImpl.invoke(DelegatingMethodAccessorImpl.java:43)
	at java.lang.reflect.Method.invoke(Method.java:606)
	at org.junit.runners.model.FrameworkMethod$1.runReflectiveCall(FrameworkMethod.java:47)
	at org.junit.internal.runners.model.ReflectiveCallable.run(ReflectiveCallable.java:12)
	at org.junit.runners.model.FrameworkMethod.invokeExplosively(FrameworkMethod.java:44)
	at org.junit.internal.runners.statements.InvokeMethod.evaluate(InvokeMethod.java:17)
	at org.junit.internal.runners.statements.RunBefores.evaluate(RunBefores.java:26)
	at org.junit.runners.ParentRunner.runLeaf(ParentRunner.java:271)
	at org.junit.runners.BlockJUnit4ClassRunner.runChild(BlockJUnit4ClassRunner.java:70)
	at org.junit.runners.BlockJUnit4ClassRunner.runChild(BlockJUnit4ClassRunner.java:50)
	at org.junit.runners.ParentRunner$3.run(ParentRunner.java:238)
	at org.junit.runners.ParentRunner$1.schedule(ParentRunner.java:63)
	at org.junit.runners.ParentRunner.runChildren(ParentRunner.java:236)
	at org.junit.runners.ParentRunner.access$000(ParentRunner.java:53)
	at org.junit.runners.ParentRunner$2.evaluate(ParentRunner.java:229)
	at org.junit.runners.ParentRunner.run(ParentRunner.java:309)
	at org.apache.maven.surefire.junit4.JUnit4Provider.execute(JUnit4Provider.java:252)
	at org.apache.maven.surefire.junit4.JUnit4Provider.executeTestSet(JUnit4Provider.java:141)
	at org.apache.maven.surefire.junit4.JUnit4Provider.invoke(JUnit4Provider.java:112)
	at sun.reflect.NativeMethodAccessorImpl.invoke0(Native Method)
	at sun.reflect.NativeMethodAccessorImpl.invoke(NativeMethodAccessorImpl.java:57)
	at sun.reflect.DelegatingMethodAccessorImpl.invoke(DelegatingMethodAccessorImpl.java:43)
	at java.lang.reflect.Method.invoke(Method.java:606)
	at org.apache.maven.surefire.util.ReflectionUtils.invokeMethodWithArray(ReflectionUtils.java:189)
	at org.apache.maven.surefire.booter.ProviderFactory$ProviderProxy.invoke(ProviderFactory.java:165)
	at org.apache.maven.surefire.booter.ProviderFactory.invokeProvider(ProviderFactory.java:85)
	at org.apache.maven.surefire.booter.ForkedBooter.runSuitesInProcess(ForkedBooter.java:115)
	at org.apache.maven.surefire.booter.ForkedBooter.main(ForkedBooter.java:75)

observableErrorUsesErrorHandler(retrofit.MockRestAdapterTest)  Time elapsed: 0.002 sec  <<< ERROR!
java.lang.IllegalArgumentException: unexpected url: none/
	at com.squareup.okhttp.Request$Builder.url(Request.java:149)
	at retrofit.RequestBuilder.build(RequestBuilder.java:394)
	at retrofit.MockRestAdapter$MockHandler.buildRequest(MockRestAdapter.java:276)
	at retrofit.MockRestAdapter$MockHandler.invoke(MockRestAdapter.java:237)
	at retrofit.$Proxy6.doStuff(Unknown Source)
	at retrofit.MockRestAdapterTest.observableErrorUsesErrorHandler(MockRestAdapterTest.java:591)
	at sun.reflect.NativeMethodAccessorImpl.invoke0(Native Method)
	at sun.reflect.NativeMethodAccessorImpl.invoke(NativeMethodAccessorImpl.java:57)
	at sun.reflect.DelegatingMethodAccessorImpl.invoke(DelegatingMethodAccessorImpl.java:43)
	at java.lang.reflect.Method.invoke(Method.java:606)
	at org.junit.runners.model.FrameworkMethod$1.runReflectiveCall(FrameworkMethod.java:47)
	at org.junit.internal.runners.model.ReflectiveCallable.run(ReflectiveCallable.java:12)
	at org.junit.runners.model.FrameworkMethod.invokeExplosively(FrameworkMethod.java:44)
	at org.junit.internal.runners.statements.InvokeMethod.evaluate(InvokeMethod.java:17)
	at org.junit.internal.runners.statements.RunBefores.evaluate(RunBefores.java:26)
	at org.junit.runners.ParentRunner.runLeaf(ParentRunner.java:271)
	at org.junit.runners.BlockJUnit4ClassRunner.runChild(BlockJUnit4ClassRunner.java:70)
	at org.junit.runners.BlockJUnit4ClassRunner.runChild(BlockJUnit4ClassRunner.java:50)
	at org.junit.runners.ParentRunner$3.run(ParentRunner.java:238)
	at org.junit.runners.ParentRunner$1.schedule(ParentRunner.java:63)
	at org.junit.runners.ParentRunner.runChildren(ParentRunner.java:236)
	at org.junit.runners.ParentRunner.access$000(ParentRunner.java:53)
	at org.junit.runners.ParentRunner$2.evaluate(ParentRunner.java:229)
	at org.junit.runners.ParentRunner.run(ParentRunner.java:309)
	at org.apache.maven.surefire.junit4.JUnit4Provider.execute(JUnit4Provider.java:252)
	at org.apache.maven.surefire.junit4.JUnit4Provider.executeTestSet(JUnit4Provider.java:141)
	at org.apache.maven.surefire.junit4.JUnit4Provider.invoke(JUnit4Provider.java:112)
	at sun.reflect.NativeMethodAccessorImpl.invoke0(Native Method)
	at sun.reflect.NativeMethodAccessorImpl.invoke(NativeMethodAccessorImpl.java:57)
	at sun.reflect.DelegatingMethodAccessorImpl.invoke(DelegatingMethodAccessorImpl.java:43)
	at java.lang.reflect.Method.invoke(Method.java:606)
	at org.apache.maven.surefire.util.ReflectionUtils.invokeMethodWithArray(ReflectionUtils.java:189)
	at org.apache.maven.surefire.booter.ProviderFactory$ProviderProxy.invoke(ProviderFactory.java:165)
	at org.apache.maven.surefire.booter.ProviderFactory.invokeProvider(ProviderFactory.java:85)
	at org.apache.maven.surefire.booter.ForkedBooter.runSuitesInProcess(ForkedBooter.java:115)
	at org.apache.maven.surefire.booter.ForkedBooter.main(ForkedBooter.java:75)

asyncCanUseCallbackSubtype(retrofit.MockRestAdapterTest)  Time elapsed: 0.005 sec  <<< ERROR!
java.lang.IllegalArgumentException: unexpected url: none/
	at com.squareup.okhttp.Request$Builder.url(Request.java:149)
	at retrofit.RequestBuilder.build(RequestBuilder.java:394)
	at retrofit.MockRestAdapter$MockHandler.buildRequest(MockRestAdapter.java:276)
	at retrofit.MockRestAdapter$MockHandler.invoke(MockRestAdapter.java:237)
	at retrofit.$Proxy7.doStuff(Unknown Source)
	at retrofit.MockRestAdapterTest.asyncCanUseCallbackSubtype(MockRestAdapterTest.java:620)
	at sun.reflect.NativeMethodAccessorImpl.invoke0(Native Method)
	at sun.reflect.NativeMethodAccessorImpl.invoke(NativeMethodAccessorImpl.java:57)
	at sun.reflect.DelegatingMethodAccessorImpl.invoke(DelegatingMethodAccessorImpl.java:43)
	at java.lang.reflect.Method.invoke(Method.java:606)
	at org.junit.runners.model.FrameworkMethod$1.runReflectiveCall(FrameworkMethod.java:47)
	at org.junit.internal.runners.model.ReflectiveCallable.run(ReflectiveCallable.java:12)
	at org.junit.runners.model.FrameworkMethod.invokeExplosively(FrameworkMethod.java:44)
	at org.junit.internal.runners.statements.InvokeMethod.evaluate(InvokeMethod.java:17)
	at org.junit.internal.runners.statements.RunBefores.evaluate(RunBefores.java:26)
	at org.junit.runners.ParentRunner.runLeaf(ParentRunner.java:271)
	at org.junit.runners.BlockJUnit4ClassRunner.runChild(BlockJUnit4ClassRunner.java:70)
	at org.junit.runners.BlockJUnit4ClassRunner.runChild(BlockJUnit4ClassRunner.java:50)
	at org.junit.runners.ParentRunner$3.run(ParentRunner.java:238)
	at org.junit.runners.ParentRunner$1.schedule(ParentRunner.java:63)
	at org.junit.runners.ParentRunner.runChildren(ParentRunner.java:236)
	at org.junit.runners.ParentRunner.access$000(ParentRunner.java:53)
	at org.junit.runners.ParentRunner$2.evaluate(ParentRunner.java:229)
	at org.junit.runners.ParentRunner.run(ParentRunner.java:309)
	at org.apache.maven.surefire.junit4.JUnit4Provider.execute(JUnit4Provider.java:252)
	at org.apache.maven.surefire.junit4.JUnit4Provider.executeTestSet(JUnit4Provider.java:141)
	at org.apache.maven.surefire.junit4.JUnit4Provider.invoke(JUnit4Provider.java:112)
	at sun.reflect.NativeMethodAccessorImpl.invoke0(Native Method)
	at sun.reflect.NativeMethodAccessorImpl.invoke(NativeMethodAccessorImpl.java:57)
	at sun.reflect.DelegatingMethodAccessorImpl.invoke(DelegatingMethodAccessorImpl.java:43)
	at java.lang.reflect.Method.invoke(Method.java:606)
	at org.apache.maven.surefire.util.ReflectionUtils.invokeMethodWithArray(ReflectionUtils.java:189)
	at org.apache.maven.surefire.booter.ProviderFactory$ProviderProxy.invoke(ProviderFactory.java:165)
	at org.apache.maven.surefire.booter.ProviderFactory.invokeProvider(ProviderFactory.java:85)
	at org.apache.maven.surefire.booter.ForkedBooter.runSuitesInProcess(ForkedBooter.java:115)
	at org.apache.maven.surefire.booter.ForkedBooter.main(ForkedBooter.java:75)

nullBodyIsAllowedOnHttpException(retrofit.MockRestAdapterTest)  Time elapsed: 0.003 sec  <<< ERROR!
java.lang.IllegalArgumentException: unexpected url: none/
	at com.squareup.okhttp.Request$Builder.url(Request.java:149)
	at retrofit.RequestBuilder.build(RequestBuilder.java:394)
	at retrofit.MockRestAdapter$MockHandler.buildRequest(MockRestAdapter.java:276)
	at retrofit.MockRestAdapter$MockHandler.invoke(MockRestAdapter.java:237)
	at retrofit.$Proxy6.doStuff(Unknown Source)
	at retrofit.MockRestAdapterTest.nullBodyIsAllowedOnHttpException(MockRestAdapterTest.java:501)
	at sun.reflect.NativeMethodAccessorImpl.invoke0(Native Method)
	at sun.reflect.NativeMethodAccessorImpl.invoke(NativeMethodAccessorImpl.java:57)
	at sun.reflect.DelegatingMethodAccessorImpl.invoke(DelegatingMethodAccessorImpl.java:43)
	at java.lang.reflect.Method.invoke(Method.java:606)
	at org.junit.runners.model.FrameworkMethod$1.runReflectiveCall(FrameworkMethod.java:47)
	at org.junit.internal.runners.model.ReflectiveCallable.run(ReflectiveCallable.java:12)
	at org.junit.runners.model.FrameworkMethod.invokeExplosively(FrameworkMethod.java:44)
	at org.junit.internal.runners.statements.InvokeMethod.evaluate(InvokeMethod.java:17)
	at org.junit.internal.runners.statements.RunBefores.evaluate(RunBefores.java:26)
	at org.junit.runners.ParentRunner.runLeaf(ParentRunner.java:271)
	at org.junit.runners.BlockJUnit4ClassRunner.runChild(BlockJUnit4ClassRunner.java:70)
	at org.junit.runners.BlockJUnit4ClassRunner.runChild(BlockJUnit4ClassRunner.java:50)
	at org.junit.runners.ParentRunner$3.run(ParentRunner.java:238)
	at org.junit.runners.ParentRunner$1.schedule(ParentRunner.java:63)
	at org.junit.runners.ParentRunner.runChildren(ParentRunner.java:236)
	at org.junit.runners.ParentRunner.access$000(ParentRunner.java:53)
	at org.junit.runners.ParentRunner$2.evaluate(ParentRunner.java:229)
	at org.junit.runners.ParentRunner.run(ParentRunner.java:309)
	at org.apache.maven.surefire.junit4.JUnit4Provider.execute(JUnit4Provider.java:252)
	at org.apache.maven.surefire.junit4.JUnit4Provider.executeTestSet(JUnit4Provider.java:141)
	at org.apache.maven.surefire.junit4.JUnit4Provider.invoke(JUnit4Provider.java:112)
	at sun.reflect.NativeMethodAccessorImpl.invoke0(Native Method)
	at sun.reflect.NativeMethodAccessorImpl.invoke(NativeMethodAccessorImpl.java:57)
	at sun.reflect.DelegatingMethodAccessorImpl.invoke(DelegatingMethodAccessorImpl.java:43)
	at java.lang.reflect.Method.invoke(Method.java:606)
	at org.apache.maven.surefire.util.ReflectionUtils.invokeMethodWithArray(ReflectionUtils.java:189)
	at org.apache.maven.surefire.booter.ProviderFactory$ProviderProxy.invoke(ProviderFactory.java:165)
	at org.apache.maven.surefire.booter.ProviderFactory.invokeProvider(ProviderFactory.java:85)
	at org.apache.maven.surefire.booter.ForkedBooter.runSuitesInProcess(ForkedBooter.java:115)
	at org.apache.maven.surefire.booter.ForkedBooter.main(ForkedBooter.java:75)

syncErrorUsesErrorHandler(retrofit.MockRestAdapterTest)  Time elapsed: 0.008 sec  <<< FAILURE!
java.lang.AssertionError: 
Expecting message:
 <"Test">
but was:
 <"unexpected url: none/">
	at retrofit.MockRestAdapterTest.syncErrorUsesErrorHandler(MockRestAdapterTest.java:543)
	at sun.reflect.NativeMethodAccessorImpl.invoke0(Native Method)
	at sun.reflect.NativeMethodAccessorImpl.invoke(NativeMethodAccessorImpl.java:57)
	at sun.reflect.DelegatingMethodAccessorImpl.invoke(DelegatingMethodAccessorImpl.java:43)
	at java.lang.reflect.Method.invoke(Method.java:606)
	at org.junit.runners.model.FrameworkMethod$1.runReflectiveCall(FrameworkMethod.java:47)
	at org.junit.internal.runners.model.ReflectiveCallable.run(ReflectiveCallable.java:12)
	at org.junit.runners.model.FrameworkMethod.invokeExplosively(FrameworkMethod.java:44)
	at org.junit.internal.runners.statements.InvokeMethod.evaluate(InvokeMethod.java:17)
	at org.junit.internal.runners.statements.RunBefores.evaluate(RunBefores.java:26)
	at org.junit.runners.ParentRunner.runLeaf(ParentRunner.java:271)
	at org.junit.runners.BlockJUnit4ClassRunner.runChild(BlockJUnit4ClassRunner.java:70)
	at org.junit.runners.BlockJUnit4ClassRunner.runChild(BlockJUnit4ClassRunner.java:50)
	at org.junit.runners.ParentRunner$3.run(ParentRunner.java:238)
	at org.junit.runners.ParentRunner$1.schedule(ParentRunner.java:63)
	at org.junit.runners.ParentRunner.runChildren(ParentRunner.java:236)
	at org.junit.runners.ParentRunner.access$000(ParentRunner.java:53)
	at org.junit.runners.ParentRunner$2.evaluate(ParentRunner.java:229)
	at org.junit.runners.ParentRunner.run(ParentRunner.java:309)
	at org.apache.maven.surefire.junit4.JUnit4Provider.execute(JUnit4Provider.java:252)
	at org.apache.maven.surefire.junit4.JUnit4Provider.executeTestSet(JUnit4Provider.java:141)
	at org.apache.maven.surefire.junit4.JUnit4Provider.invoke(JUnit4Provider.java:112)
	at sun.reflect.NativeMethodAccessorImpl.invoke0(Native Method)
	at sun.reflect.NativeMethodAccessorImpl.invoke(NativeMethodAccessorImpl.java:57)
	at sun.reflect.DelegatingMethodAccessorImpl.invoke(DelegatingMethodAccessorImpl.java:43)
	at java.lang.reflect.Method.invoke(Method.java:606)
	at org.apache.maven.surefire.util.ReflectionUtils.invokeMethodWithArray(ReflectionUtils.java:189)
	at org.apache.maven.surefire.booter.ProviderFactory$ProviderProxy.invoke(ProviderFactory.java:165)
	at org.apache.maven.surefire.booter.ProviderFactory.invokeProvider(ProviderFactory.java:85)
	at org.apache.maven.surefire.booter.ForkedBooter.runSuitesInProcess(ForkedBooter.java:115)
	at org.apache.maven.surefire.booter.ForkedBooter.main(ForkedBooter.java:75)


Results :

Failed tests:   syncErrorUsesErrorHandler(retrofit.MockRestAdapterTest): (..)

Tests in error: 
  syncApiIsCalledWithDelay(retrofit.MockRestAdapterTest): unexpected url: none/
  asyncFailureTriggersNetworkError(retrofit.MockRestAdapterTest): unexpected url: none/
  asyncApiIsCalledWithDelay(retrofit.MockRestAdapterTest): unexpected url: none/
  observableHttpExceptionBecomesError(retrofit.MockRestAdapterTest): unexpected url: none/
  syncHttpExceptionBecomesError(retrofit.MockRestAdapterTest): unexpected url: none/
  observableApiIsCalledWithDelay(retrofit.MockRestAdapterTest): unexpected url: none/
  syncFailureTriggersNetworkError(retrofit.MockRestAdapterTest): unexpected url: none/
  asyncHttpExceptionBecomesError(retrofit.MockRestAdapterTest): unexpected url: none/
  asyncErrorUsesErrorHandler(retrofit.MockRestAdapterTest): unexpected url: none/
  observableErrorUsesErrorHandler(retrofit.MockRestAdapterTest): unexpected url: none/
  asyncCanUseCallbackSubtype(retrofit.MockRestAdapterTest): unexpected url: none/
  nullBodyIsAllowedOnHttpException(retrofit.MockRestAdapterTest): unexpected url: none/

Tests run: 20, Failures: 1, Errors: 12, Skipped: 0

[INFO] ------------------------------------------------------------------------
[INFO] Reactor Summary:
[INFO] 
[INFO] Retrofit (Parent) .................................. SUCCESS [  0.507 s]
[INFO] Retrofit ........................................... SUCCESS [  7.709 s]
[INFO] Converters ......................................... SUCCESS [  0.003 s]
[INFO] Converter: Protocol Buffers ........................ SUCCESS [  1.130 s]
[INFO] Converter: Jackson ................................. SUCCESS [  1.078 s]
[INFO] Converter: Wire Protocol Buffers ................... SUCCESS [  0.704 s]
[INFO] Converter: SimpleXML ............................... SUCCESS [  0.830 s]
[INFO] Retrofit Mock Adapter .............................. FAILURE [  1.617 s]
[INFO] Samples ............................................ SKIPPED
[INFO] Sample: GitHub Client .............................. SKIPPED
[INFO] Sample: Mock GitHub Client ......................... SKIPPED
[INFO] ------------------------------------------------------------------------
[INFO] BUILD FAILURE
[INFO] ------------------------------------------------------------------------
[INFO] Total time: 13.993 s
[INFO] Finished at: 2015-05-17T05:25:46+00:00
[INFO] Final Memory: 24M/465M
[INFO] ------------------------------------------------------------------------
[ERROR] Failed to execute goal org.apache.maven.plugins:maven-surefire-plugin:2.12.4:test (default-test) on project retrofit-mock: There are test failures.
[ERROR] 
[ERROR] Please refer to /home/travis/build/square/retrofit/retrofit-mock/target/surefire-reports for the individual test results.
[ERROR] -> [Help 1]
[ERROR] 
[ERROR] To see the full stack trace of the errors, re-run Maven with the -e switch.
[ERROR] Re-run Maven using the -X switch to enable full debug logging.
[ERROR] 
[ERROR] For more information about the errors and possible solutions, please read the following articles:
[ERROR] [Help 1] http://cwiki.apache.org/confluence/display/MAVEN/MojoFailureException
[ERROR] 
[ERROR] After correcting the problems, you can resume the build with the command
[ERROR]   mvn <goals> -rf :retrofit-mock
travis_time:end:08ad658e:start=1431840330546959336,finish=1431840347116774430,duration=16569815094[0K
[31;1mThe command "mvn test -B" exited with 1.[0m
travis_fold:start:cache.2[0Kstore build cache
travis_time:start:00792960[0Kchange detected: /home/travis/.m2/repository/com/squareup/retrofit/parent/2.0.0-SNAPSHOT/_remote.repositories
changes detected, packing new archive
uploading archive
travis_time:end:00792960:start=1431840347122669176,finish=1431840356949954206,duration=9827285030[0Ktravis_fold:end:cache.2[0K
Done. Your build exited with 1.
