travis_fold:start:worker_info[0K[33;1mWorker information[0m
hostname: i-04a6643-precise-production-2-worker-org-docker.travisci.net:ae5716e8-6702-404a-ba03-1629c267f842
version: v2.5.0 https://github.com/travis-ci/worker/tree/da3a43228dffc0fcca5a46569ca786b22991979f
instance: 4141124:travis:java
startup: 580.508127ms
travis_fold:end:worker_info[0Ktravis_fold:start:system_info[0K[33;1mBuild system information[0m
Build language: java
Build group: stable
Build dist: precise
Build id: 222112568
Job id: 222112569
travis-build version: 4a669c7bf
[34m[1mBuild image provisioning date and time[0m
Thu Feb  5 15:09:33 UTC 2015
[34m[1mOperating System Details[0m
Distributor ID:	Ubuntu
Description:	Ubuntu 12.04.5 LTS
Release:	12.04
Codename:	precise
[34m[1mLinux Version[0m
3.13.0-29-generic
[34m[1mCookbooks Version[0m
a68419e https://github.com/travis-ci/travis-cookbooks/tree/a68419e
[34m[1mGCC version[0m
gcc (Ubuntu/Linaro 4.6.3-1ubuntu5) 4.6.3
Copyright (C) 2011 Free Software Foundation, Inc.
This is free software; see the source for copying conditions.  There is NO
warranty; not even for MERCHANTABILITY or FITNESS FOR A PARTICULAR PURPOSE.

[34m[1mLLVM version[0m
clang version 3.4 (tags/RELEASE_34/final)
Target: x86_64-unknown-linux-gnu
Thread model: posix
[34m[1mPre-installed Ruby versions[0m
ruby-1.9.3-p551
[34m[1mPre-installed Node.js versions[0m
v0.10.36
[34m[1mPre-installed Go versions[0m
1.4.1
[34m[1mRedis version[0m
redis-server 2.8.19
[34m[1mriak version[0m
2.0.2
[34m[1mMongoDB version[0m
MongoDB 2.4.12
[34m[1mCouchDB version[0m
couchdb 1.6.1
[34m[1mNeo4j version[0m
1.9.4
[34m[1mRabbitMQ Version[0m
3.4.3
[34m[1mElasticSearch version[0m
1.4.0
[34m[1mInstalled Sphinx versions[0m
2.0.10
2.1.9
2.2.6
[34m[1mDefault Sphinx version[0m
2.2.6
[34m[1mInstalled Firefox version[0m
firefox 31.0esr
[34m[1mPhantomJS version[0m
1.9.8
[34m[1mant -version[0m
Apache Ant(TM) version 1.8.2 compiled on December 3 2011
[34m[1mmvn -version[0m
Apache Maven 3.2.5 (12a6b3acb947671f09b81f49094c53f426d8cea1; 2014-12-14T17:29:23+00:00)
Maven home: /usr/local/maven
Java version: 1.7.0_76, vendor: Oracle Corporation
Java home: /usr/lib/jvm/java-7-oracle/jre
Default locale: en_US, platform encoding: ANSI_X3.4-1968
OS name: "linux", version: "3.13.0-29-generic", arch: "amd64", family: "unix"
travis_fold:end:system_info[0K
travis_fold:start:fix.CVE-2015-7547[0K$ export DEBIAN_FRONTEND=noninteractive
Reading package lists...
Building dependency tree...
Reading state information...
The following extra packages will be installed:
  libc-bin libc-dev-bin libc6-dev
Suggested packages:
  glibc-doc
The following packages will be upgraded:
  libc-bin libc-dev-bin libc6 libc6-dev
4 upgraded, 0 newly installed, 0 to remove and 276 not upgraded.
Need to get 8,856 kB of archives.
After this operation, 13.3 kB of additional disk space will be used.
Get:1 http://us.archive.ubuntu.com/ubuntu/ precise-updates/main libc6-dev amd64 2.15-0ubuntu10.18 [2,948 kB]
Get:2 http://us.archive.ubuntu.com/ubuntu/ precise-updates/main libc-dev-bin amd64 2.15-0ubuntu10.18 [84.5 kB]
Get:3 http://us.archive.ubuntu.com/ubuntu/ precise-updates/main libc-bin amd64 2.15-0ubuntu10.18 [1,178 kB]
Get:4 http://us.archive.ubuntu.com/ubuntu/ precise-updates/main libc6 amd64 2.15-0ubuntu10.18 [4,646 kB]
Fetched 8,856 kB in 1s (8,589 kB/s)
Preconfiguring packages ...
(Reading database ... (Reading database ... 5%(Reading database ... 10%(Reading database ... 15%(Reading database ... 20%(Reading database ... 25%(Reading database ... 30%(Reading database ... 35%(Reading database ... 40%(Reading database ... 45%(Reading database ... 50%(Reading database ... 55%(Reading database ... 60%(Reading database ... 65%(Reading database ... 70%(Reading database ... 75%(Reading database ... 80%(Reading database ... 85%(Reading database ... 90%(Reading database ... 95%(Reading database ... 100%(Reading database ... 72019 files and directories currently installed.)
Preparing to replace libc6-dev 2.15-0ubuntu10.10 (using .../libc6-dev_2.15-0ubuntu10.18_amd64.deb) ...
Unpacking replacement libc6-dev ...
Preparing to replace libc-dev-bin 2.15-0ubuntu10.10 (using .../libc-dev-bin_2.15-0ubuntu10.18_amd64.deb) ...
Unpacking replacement libc-dev-bin ...
Preparing to replace libc-bin 2.15-0ubuntu10.10 (using .../libc-bin_2.15-0ubuntu10.18_amd64.deb) ...
Unpacking replacement libc-bin ...
Processing triggers for man-db ...
Setting up libc-bin (2.15-0ubuntu10.18) ...
(Reading database ... (Reading database ... 5%(Reading database ... 10%(Reading database ... 15%(Reading database ... 20%(Reading database ... 25%(Reading database ... 30%(Reading database ... 35%(Reading database ... 40%(Reading database ... 45%(Reading database ... 50%(Reading database ... 55%(Reading database ... 60%(Reading database ... 65%(Reading database ... 70%(Reading database ... 75%(Reading database ... 80%(Reading database ... 85%(Reading database ... 90%(Reading database ... 95%(Reading database ... 100%(Reading database ... 72018 files and directories currently installed.)
Preparing to replace libc6 2.15-0ubuntu10.10 (using .../libc6_2.15-0ubuntu10.18_amd64.deb) ...
Unpacking replacement libc6 ...
Setting up libc6 (2.15-0ubuntu10.18) ...
Setting up libc-dev-bin (2.15-0ubuntu10.18) ...
Setting up libc6-dev (2.15-0ubuntu10.18) ...
Processing triggers for libc-bin ...
ldconfig deferred processing now taking place
travis_fold:end:fix.CVE-2015-7547[0K$ jdk_switcher use oraclejdk8
Switching to Oracle JDK8 (java-8-oracle), JAVA_HOME will be set to /usr/lib/jvm/java-8-oracle
travis_fold:start:git.checkout[0Ktravis_time:start:03720630[0K$ git clone --depth=50 --branch=master https://github.com/yamcs/yamcs.git yamcs/yamcs
Cloning into 'yamcs/yamcs'...
remote: Counting objects: 2696, done.[K
remote: Compressing objects:   0% (1/1936)   [Kremote: Compressing objects:   1% (20/1936)   [Kremote: Compressing objects:   2% (39/1936)   [Kremote: Compressing objects:   3% (59/1936)   [Kremote: Compressing objects:   4% (78/1936)   [Kremote: Compressing objects:   5% (97/1936)   [Kremote: Compressing objects:   6% (117/1936)   [Kremote: Compressing objects:   7% (136/1936)   [Kremote: Compressing objects:   8% (155/1936)   [Kremote: Compressing objects:   9% (175/1936)   [Kremote: Compressing objects:  10% (194/1936)   [Kremote: Compressing objects:  11% (213/1936)   [Kremote: Compressing objects:  12% (233/1936)   [Kremote: Compressing objects:  13% (252/1936)   [Kremote: Compressing objects:  14% (272/1936)   [Kremote: Compressing objects:  15% (291/1936)   [Kremote: Compressing objects:  16% (310/1936)   [Kremote: Compressing objects:  17% (330/1936)   [Kremote: Compressing objects:  18% (349/1936)   [Kremote: Compressing objects:  19% (368/1936)   [Kremote: Compressing objects:  20% (388/1936)   [Kremote: Compressing objects:  21% (407/1936)   [Kremote: Compressing objects:  22% (426/1936)   [Kremote: Compressing objects:  23% (446/1936)   [Kremote: Compressing objects:  24% (465/1936)   [Kremote: Compressing objects:  25% (484/1936)   [Kremote: Compressing objects:  26% (504/1936)   [Kremote: Compressing objects:  27% (523/1936)   [Kremote: Compressing objects:  28% (543/1936)   [Kremote: Compressing objects:  29% (562/1936)   [Kremote: Compressing objects:  30% (581/1936)   [Kremote: Compressing objects:  31% (601/1936)   [Kremote: Compressing objects:  32% (620/1936)   [Kremote: Compressing objects:  33% (639/1936)   [Kremote: Compressing objects:  34% (659/1936)   [Kremote: Compressing objects:  35% (678/1936)   [Kremote: Compressing objects:  36% (697/1936)   [Kremote: Compressing objects:  37% (717/1936)   [Kremote: Compressing objects:  38% (736/1936)   [Kremote: Compressing objects:  39% (756/1936)   [Kremote: Compressing objects:  40% (775/1936)   [Kremote: Compressing objects:  41% (794/1936)   [Kremote: Compressing objects:  42% (814/1936)   [Kremote: Compressing objects:  43% (833/1936)   [Kremote: Compressing objects:  44% (852/1936)   [Kremote: Compressing objects:  45% (872/1936)   [Kremote: Compressing objects:  46% (891/1936)   [Kremote: Compressing objects:  47% (910/1936)   [Kremote: Compressing objects:  48% (930/1936)   [Kremote: Compressing objects:  49% (949/1936)   [Kremote: Compressing objects:  50% (968/1936)   [Kremote: Compressing objects:  51% (988/1936)   [Kremote: Compressing objects:  52% (1007/1936)   [Kremote: Compressing objects:  53% (1027/1936)   [Kremote: Compressing objects:  54% (1046/1936)   [Kremote: Compressing objects:  55% (1065/1936)   [Kremote: Compressing objects:  56% (1085/1936)   [Kremote: Compressing objects:  57% (1104/1936)   [Kremote: Compressing objects:  58% (1123/1936)   [Kremote: Compressing objects:  59% (1143/1936)   [Kremote: Compressing objects:  60% (1162/1936)   [Kremote: Compressing objects:  61% (1181/1936)   [Kremote: Compressing objects:  62% (1201/1936)   [Kremote: Compressing objects:  63% (1220/1936)   [Kremote: Compressing objects:  64% (1240/1936)   [Kremote: Compressing objects:  65% (1259/1936)   [Kremote: Compressing objects:  66% (1278/1936)   [Kremote: Compressing objects:  67% (1298/1936)   [Kremote: Compressing objects:  68% (1317/1936)   [Kremote: Compressing objects:  69% (1336/1936)   [Kremote: Compressing objects:  70% (1356/1936)   [Kremote: Compressing objects:  71% (1375/1936)   [Kremote: Compressing objects:  72% (1394/1936)   [Kremote: Compressing objects:  73% (1414/1936)   [Kremote: Compressing objects:  74% (1433/1936)   [Kremote: Compressing objects:  75% (1452/1936)   [Kremote: Compressing objects:  76% (1472/1936)   [Kremote: Compressing objects:  77% (1491/1936)   [Kremote: Compressing objects:  78% (1511/1936)   [Kremote: Compressing objects:  79% (1530/1936)   [Kremote: Compressing objects:  80% (1549/1936)   [Kremote: Compressing objects:  81% (1569/1936)   [Kremote: Compressing objects:  82% (1588/1936)   [Kremote: Compressing objects:  83% (1607/1936)   [Kremote: Compressing objects:  84% (1627/1936)   [Kremote: Compressing objects:  85% (1646/1936)   [Kremote: Compressing objects:  86% (1665/1936)   [Kremote: Compressing objects:  87% (1685/1936)   [Kremote: Compressing objects:  88% (1704/1936)   [Kremote: Compressing objects:  89% (1724/1936)   [Kremote: Compressing objects:  90% (1743/1936)   [Kremote: Compressing objects:  91% (1762/1936)   [Kremote: Compressing objects:  92% (1782/1936)   [Kremote: Compressing objects:  93% (1801/1936)   [Kremote: Compressing objects:  94% (1820/1936)   [Kremote: Compressing objects:  95% (1840/1936)   [Kremote: Compressing objects:  96% (1859/1936)   [Kremote: Compressing objects:  97% (1878/1936)   [Kremote: Compressing objects:  98% (1898/1936)   [Kremote: Compressing objects:  99% (1917/1936)   [Kremote: Compressing objects: 100% (1936/1936)   [Kremote: Compressing objects: 100% (1936/1936), done.[K
Receiving objects:   0% (1/2696)   Receiving objects:   1% (27/2696)   Receiving objects:   2% (54/2696)   Receiving objects:   3% (81/2696)   Receiving objects:   4% (108/2696)   Receiving objects:   5% (135/2696)   Receiving objects:   6% (162/2696)   Receiving objects:   7% (189/2696)   Receiving objects:   8% (216/2696)   Receiving objects:   9% (243/2696)   Receiving objects:  10% (270/2696)   Receiving objects:  11% (297/2696)   Receiving objects:  12% (324/2696)   Receiving objects:  13% (351/2696)   Receiving objects:  14% (378/2696)   Receiving objects:  15% (405/2696)   Receiving objects:  16% (432/2696)   Receiving objects:  17% (459/2696)   Receiving objects:  18% (486/2696)   Receiving objects:  19% (513/2696)   Receiving objects:  20% (540/2696)   Receiving objects:  21% (567/2696)   Receiving objects:  22% (594/2696)   Receiving objects:  23% (621/2696)   Receiving objects:  24% (648/2696)   Receiving objects:  25% (674/2696)   Receiving objects:  26% (701/2696)   Receiving objects:  27% (728/2696)   Receiving objects:  28% (755/2696)   Receiving objects:  29% (782/2696)   Receiving objects:  30% (809/2696)   Receiving objects:  31% (836/2696)   Receiving objects:  32% (863/2696)   Receiving objects:  33% (890/2696)   Receiving objects:  34% (917/2696)   Receiving objects:  35% (944/2696)   Receiving objects:  36% (971/2696)   Receiving objects:  37% (998/2696)   Receiving objects:  38% (1025/2696)   Receiving objects:  39% (1052/2696)   Receiving objects:  40% (1079/2696)   Receiving objects:  41% (1106/2696)   Receiving objects:  42% (1133/2696)   Receiving objects:  43% (1160/2696)   Receiving objects:  44% (1187/2696)   Receiving objects:  45% (1214/2696)   Receiving objects:  46% (1241/2696)   Receiving objects:  47% (1268/2696)   Receiving objects:  48% (1295/2696)   Receiving objects:  49% (1322/2696)   Receiving objects:  50% (1348/2696)   Receiving objects:  51% (1375/2696)   Receiving objects:  52% (1402/2696)   Receiving objects:  53% (1429/2696)   Receiving objects:  54% (1456/2696)   Receiving objects:  55% (1483/2696)   Receiving objects:  56% (1510/2696)   Receiving objects:  57% (1537/2696)   Receiving objects:  58% (1564/2696)   Receiving objects:  59% (1591/2696)   Receiving objects:  59% (1609/2696), 6.94 MiB | 6.91 MiB/s   Receiving objects:  60% (1618/2696), 10.86 MiB | 7.18 MiB/s   Receiving objects:  61% (1645/2696), 10.86 MiB | 7.18 MiB/s   Receiving objects:  62% (1672/2696), 10.86 MiB | 7.18 MiB/s   Receiving objects:  63% (1699/2696), 10.86 MiB | 7.18 MiB/s   Receiving objects:  64% (1726/2696), 10.86 MiB | 7.18 MiB/s   Receiving objects:  65% (1753/2696), 10.86 MiB | 7.18 MiB/s   Receiving objects:  66% (1780/2696), 10.86 MiB | 7.18 MiB/s   Receiving objects:  67% (1807/2696), 10.86 MiB | 7.18 MiB/s   Receiving objects:  68% (1834/2696), 10.86 MiB | 7.18 MiB/s   Receiving objects:  69% (1861/2696), 10.86 MiB | 7.18 MiB/s   Receiving objects:  70% (1888/2696), 10.86 MiB | 7.18 MiB/s   Receiving objects:  71% (1915/2696), 10.86 MiB | 7.18 MiB/s   Receiving objects:  72% (1942/2696), 10.86 MiB | 7.18 MiB/s   Receiving objects:  73% (1969/2696), 10.86 MiB | 7.18 MiB/s   Receiving objects:  74% (1996/2696), 10.86 MiB | 7.18 MiB/s   Receiving objects:  75% (2022/2696), 10.86 MiB | 7.18 MiB/s   Receiving objects:  76% (2049/2696), 10.86 MiB | 7.18 MiB/s   Receiving objects:  77% (2076/2696), 10.86 MiB | 7.18 MiB/s   Receiving objects:  78% (2103/2696), 10.86 MiB | 7.18 MiB/s   Receiving objects:  79% (2130/2696), 10.86 MiB | 7.18 MiB/s   Receiving objects:  80% (2157/2696), 10.86 MiB | 7.18 MiB/s   Receiving objects:  81% (2184/2696), 10.86 MiB | 7.18 MiB/s   Receiving objects:  82% (2211/2696), 10.86 MiB | 7.18 MiB/s   Receiving objects:  83% (2238/2696), 10.86 MiB | 7.18 MiB/s   Receiving objects:  84% (2265/2696), 10.86 MiB | 7.18 MiB/s   Receiving objects:  85% (2292/2696), 10.86 MiB | 7.18 MiB/s   Receiving objects:  86% (2319/2696), 10.86 MiB | 7.18 MiB/s   Receiving objects:  87% (2346/2696), 10.86 MiB | 7.18 MiB/s   Receiving objects:  88% (2373/2696), 10.86 MiB | 7.18 MiB/s   Receiving objects:  89% (2400/2696), 10.86 MiB | 7.18 MiB/s   Receiving objects:  90% (2427/2696), 10.86 MiB | 7.18 MiB/s   remote: Total 2696 (delta 1094), reused 1638 (delta 623), pack-reused 0[K
Receiving objects:  91% (2454/2696), 10.86 MiB | 7.18 MiB/s   Receiving objects:  92% (2481/2696), 10.86 MiB | 7.18 MiB/s   Receiving objects:  93% (2508/2696), 10.86 MiB | 7.18 MiB/s   Receiving objects:  94% (2535/2696), 10.86 MiB | 7.18 MiB/s   Receiving objects:  95% (2562/2696), 10.86 MiB | 7.18 MiB/s   Receiving objects:  96% (2589/2696), 10.86 MiB | 7.18 MiB/s   Receiving objects:  97% (2616/2696), 10.86 MiB | 7.18 MiB/s   Receiving objects:  98% (2643/2696), 10.86 MiB | 7.18 MiB/s   Receiving objects:  99% (2670/2696), 10.86 MiB | 7.18 MiB/s   Receiving objects: 100% (2696/2696), 10.86 MiB | 7.18 MiB/s   Receiving objects: 100% (2696/2696), 12.66 MiB | 7.18 MiB/s, done.
Resolving deltas:   0% (0/1094)   Resolving deltas:   1% (12/1094)   Resolving deltas:   2% (24/1094)   Resolving deltas:   4% (54/1094)   Resolving deltas:   5% (57/1094)   Resolving deltas:   6% (74/1094)   Resolving deltas:   7% (77/1094)   Resolving deltas:   8% (91/1094)   Resolving deltas:   9% (104/1094)   Resolving deltas:  10% (110/1094)   Resolving deltas:  11% (121/1094)   Resolving deltas:  12% (133/1094)   Resolving deltas:  13% (143/1094)   Resolving deltas:  14% (155/1094)   Resolving deltas:  15% (166/1094)   Resolving deltas:  16% (182/1094)   Resolving deltas:  17% (186/1094)   Resolving deltas:  18% (198/1094)   Resolving deltas:  19% (211/1094)   Resolving deltas:  20% (224/1094)   Resolving deltas:  21% (230/1094)   Resolving deltas:  22% (244/1094)   Resolving deltas:  23% (254/1094)   Resolving deltas:  24% (267/1094)   Resolving deltas:  25% (279/1094)   Resolving deltas:  26% (285/1094)   Resolving deltas:  27% (301/1094)   Resolving deltas:  28% (307/1094)   Resolving deltas:  29% (321/1094)   Resolving deltas:  30% (332/1094)   Resolving deltas:  31% (341/1094)   Resolving deltas:  33% (367/1094)   Resolving deltas:  34% (373/1094)   Resolving deltas:  35% (388/1094)   Resolving deltas:  36% (394/1094)   Resolving deltas:  37% (406/1094)   Resolving deltas:  38% (416/1094)   Resolving deltas:  39% (427/1094)   Resolving deltas:  40% (439/1094)   Resolving deltas:  41% (452/1094)   Resolving deltas:  42% (460/1094)   Resolving deltas:  43% (475/1094)   Resolving deltas:  44% (483/1094)   Resolving deltas:  45% (493/1094)   Resolving deltas:  46% (508/1094)   Resolving deltas:  47% (518/1094)   Resolving deltas:  48% (530/1094)   Resolving deltas:  49% (538/1094)   Resolving deltas:  50% (550/1094)   Resolving deltas:  51% (562/1094)   Resolving deltas:  52% (569/1094)   Resolving deltas:  53% (584/1094)   Resolving deltas:  54% (594/1094)   Resolving deltas:  55% (605/1094)   Resolving deltas:  56% (615/1094)   Resolving deltas:  57% (627/1094)   Resolving deltas:  58% (638/1094)   Resolving deltas:  59% (646/1094)   Resolving deltas:  60% (657/1094)   Resolving deltas:  61% (675/1094)   Resolving deltas:  62% (679/1094)   Resolving deltas:  63% (690/1094)   Resolving deltas:  64% (701/1094)   Resolving deltas:  65% (712/1094)   Resolving deltas:  66% (723/1094)   Resolving deltas:  67% (735/1094)   Resolving deltas:  68% (744/1094)   Resolving deltas:  69% (756/1094)   Resolving deltas:  70% (766/1094)   Resolving deltas:  71% (777/1094)   Resolving deltas:  72% (788/1094)   Resolving deltas:  73% (801/1094)   Resolving deltas:  74% (811/1094)   Resolving deltas:  75% (821/1094)   Resolving deltas:  77% (843/1094)   Resolving deltas:  78% (854/1094)   Resolving deltas:  79% (869/1094)   Resolving deltas:  80% (880/1094)   Resolving deltas:  81% (888/1094)   Resolving deltas:  82% (898/1094)   Resolving deltas:  83% (914/1094)   Resolving deltas:  85% (935/1094)   Resolving deltas:  86% (941/1094)   Resolving deltas:  87% (952/1094)   Resolving deltas:  88% (963/1094)   Resolving deltas:  89% (974/1094)   Resolving deltas:  90% (986/1094)   Resolving deltas:  91% (996/1094)   Resolving deltas:  92% (1008/1094)   Resolving deltas:  93% (1018/1094)   Resolving deltas:  94% (1032/1094)   Resolving deltas:  95% (1041/1094)   Resolving deltas:  96% (1051/1094)   Resolving deltas:  97% (1062/1094)   Resolving deltas:  98% (1078/1094)   Resolving deltas:  99% (1084/1094)   Resolving deltas: 100% (1094/1094)   Resolving deltas: 100% (1094/1094), done.
Checking connectivity... done.

travis_time:end:03720630:start=1492184771748789686,finish=1492184775071978435,duration=3323188749[0K$ cd yamcs/yamcs
$ git checkout -qf 078176e63115d9fee9cb60beca8cd14590729dc1
travis_fold:end:git.checkout[0Ktravis_fold:start:cache.1[0KSetting up build cache
$ export CASHER_DIR=$HOME/.casher
travis_time:start:0a0fd538[0K$ Installing caching utilities

travis_time:end:0a0fd538:start=1492184778382310944,finish=1492184778412318960,duration=30008016[0Ktravis_time:start:160897d7[0K
travis_time:end:160897d7:start=1492184778418755580,finish=1492184778422953446,duration=4197866[0Ktravis_time:start:2056a49e[0K[32;1mattempting to download cache archive[0m
[32;1mfetching master/cache-linux-precise-e3b0c44298fc1c149afbf4c8996fb92427ae41e4649b934ca495991b7852b855--jdk-oraclejdk8.tgz[0m
[32;1mfound cache[0m

travis_time:end:2056a49e:start=1492184778428331343,finish=1492184780335066002,duration=1906734659[0Ktravis_time:start:00c8b8f4[0K
travis_time:end:00c8b8f4:start=1492184780339826237,finish=1492184780358910069,duration=19083832[0Ktravis_time:start:07894172[0K[32;1madding /home/travis/.m2 to cache[0m
[32;1madding /home/travis/.sonar/cache to cache[0m
[32;1mcreating directory /home/travis/.sonar/cache[0m

travis_time:end:07894172:start=1492184780369191963,finish=1492184783178878886,duration=2809686923[0Ktravis_fold:end:cache.1[0K$ java -Xmx32m -version
java version "1.8.0_31"
Java(TM) SE Runtime Environment (build 1.8.0_31-b13)
Java HotSpot(TM) 64-Bit Server VM (build 25.31-b07, mixed mode)
$ javac -J-Xmx32m -version
javac 1.8.0_31
travis_fold:start:install[0Ktravis_time:start:00b3def4[0K$ mvn install -DskipTests=true -Dmaven.javadoc.skip=true -B -V
Java HotSpot(TM) 64-Bit Server VM warning: ignoring option MaxPermSize=192m; support was removed in 8.0
Apache Maven 3.2.5 (12a6b3acb947671f09b81f49094c53f426d8cea1; 2014-12-14T17:29:23+00:00)
Maven home: /usr/local/maven
Java version: 1.8.0_31, vendor: Oracle Corporation
Java home: /usr/lib/jvm/java-8-oracle/jre
Default locale: en_US, platform encoding: UTF-8
OS name: "linux", version: "4.8.12-040812-generic", arch: "amd64", family: "unix"
[INFO] Scanning for projects...
[INFO] ------------------------------------------------------------------------
[INFO] Reactor Build Order:
[INFO] 
[INFO] Yamcs
[INFO] Yamcs API
[INFO] Yamcs XTCE
[INFO] Yamcs Core
[INFO] Yamcs Simulation
[INFO]                                                                         
[INFO] ------------------------------------------------------------------------
[INFO] Building Yamcs 3.2.0-SNAPSHOT
[INFO] ------------------------------------------------------------------------
[INFO] 
[INFO] --- maven-source-plugin:2.2.1:jar-no-fork (attach-sources) @ yamcs ---
[INFO] 
[INFO] --- maven-install-plugin:2.4:install (default-install) @ yamcs ---
[INFO] Installing /home/travis/build/yamcs/yamcs/pom.xml to /home/travis/.m2/repository/org/yamcs/yamcs/3.2.0-SNAPSHOT/yamcs-3.2.0-SNAPSHOT.pom
[INFO]                                                                         
[INFO] ------------------------------------------------------------------------
[INFO] Building Yamcs API 3.2.0-SNAPSHOT
[INFO] ------------------------------------------------------------------------
[INFO] 
[INFO] --- maven-resources-plugin:2.6:resources (default-resources) @ yamcs-api ---
[INFO] Using 'UTF-8' encoding to copy filtered resources.
[INFO] Copying 1 resource
[INFO] 
[INFO] --- maven-compiler-plugin:2.3.2:compile (default-compile) @ yamcs-api ---
[INFO] Compiling 72 source files to /home/travis/build/yamcs/yamcs/yamcs-api/target/classes
[INFO] 
[INFO] --- maven-resources-plugin:2.6:testResources (default-testResources) @ yamcs-api ---
[INFO] Using 'UTF-8' encoding to copy filtered resources.
[INFO] skip non existing resourceDirectory /home/travis/build/yamcs/yamcs/yamcs-api/src/test/resources
[INFO] 
[INFO] --- maven-compiler-plugin:2.3.2:testCompile (default-testCompile) @ yamcs-api ---
[INFO] Compiling 4 source files to /home/travis/build/yamcs/yamcs/yamcs-api/target/test-classes
[INFO] 
[INFO] --- maven-surefire-plugin:2.19.1:test (default-test) @ yamcs-api ---
[INFO] Tests are skipped.
[INFO] 
[INFO] --- maven-jar-plugin:2.4:jar (default-jar) @ yamcs-api ---
[INFO] Building jar: /home/travis/build/yamcs/yamcs/yamcs-api/target/yamcs-api-3.2.0-SNAPSHOT.jar
[INFO] 
[INFO] --- maven-source-plugin:2.2.1:jar-no-fork (attach-sources) @ yamcs-api ---
[INFO] Building jar: /home/travis/build/yamcs/yamcs/yamcs-api/target/yamcs-api-3.2.0-SNAPSHOT-sources.jar
[INFO] 
[INFO] --- maven-install-plugin:2.4:install (default-install) @ yamcs-api ---
[INFO] Installing /home/travis/build/yamcs/yamcs/yamcs-api/target/yamcs-api-3.2.0-SNAPSHOT.jar to /home/travis/.m2/repository/org/yamcs/yamcs-api/3.2.0-SNAPSHOT/yamcs-api-3.2.0-SNAPSHOT.jar
[INFO] Installing /home/travis/build/yamcs/yamcs/yamcs-api/pom.xml to /home/travis/.m2/repository/org/yamcs/yamcs-api/3.2.0-SNAPSHOT/yamcs-api-3.2.0-SNAPSHOT.pom
[INFO] Installing /home/travis/build/yamcs/yamcs/yamcs-api/target/yamcs-api-3.2.0-SNAPSHOT-sources.jar to /home/travis/.m2/repository/org/yamcs/yamcs-api/3.2.0-SNAPSHOT/yamcs-api-3.2.0-SNAPSHOT-sources.jar
[INFO]                                                                         
[INFO] ------------------------------------------------------------------------
[INFO] Building Yamcs XTCE 3.2.0-SNAPSHOT
[INFO] ------------------------------------------------------------------------
[INFO] 
[INFO] --- maven-resources-plugin:2.6:resources (default-resources) @ yamcs-xtce ---
[INFO] Using 'UTF-8' encoding to copy filtered resources.
[INFO] Copying 1 resource
[INFO] 
[INFO] --- maven-compiler-plugin:2.3.2:compile (default-compile) @ yamcs-xtce ---
[INFO] Compiling 106 source files to /home/travis/build/yamcs/yamcs/yamcs-xtce/target/classes
[INFO] 
[INFO] --- maven-resources-plugin:2.6:testResources (default-testResources) @ yamcs-xtce ---
[INFO] Using 'UTF-8' encoding to copy filtered resources.
[INFO] Copying 1 resource
[INFO] 
[INFO] --- maven-compiler-plugin:2.3.2:testCompile (default-testCompile) @ yamcs-xtce ---
[INFO] Compiling 2 source files to /home/travis/build/yamcs/yamcs/yamcs-xtce/target/test-classes
[INFO] 
[INFO] --- maven-surefire-plugin:2.19.1:test (default-test) @ yamcs-xtce ---
[INFO] Tests are skipped.
[INFO] 
[INFO] --- maven-jar-plugin:2.4:jar (default-jar) @ yamcs-xtce ---
[INFO] Building jar: /home/travis/build/yamcs/yamcs/yamcs-xtce/target/yamcs-xtce-3.2.0-SNAPSHOT.jar
[INFO] 
[INFO] --- maven-source-plugin:2.2.1:jar-no-fork (attach-sources) @ yamcs-xtce ---
[INFO] Building jar: /home/travis/build/yamcs/yamcs/yamcs-xtce/target/yamcs-xtce-3.2.0-SNAPSHOT-sources.jar
[INFO] 
[INFO] --- maven-install-plugin:2.4:install (default-install) @ yamcs-xtce ---
[INFO] Installing /home/travis/build/yamcs/yamcs/yamcs-xtce/target/yamcs-xtce-3.2.0-SNAPSHOT.jar to /home/travis/.m2/repository/org/yamcs/yamcs-xtce/3.2.0-SNAPSHOT/yamcs-xtce-3.2.0-SNAPSHOT.jar
[INFO] Installing /home/travis/build/yamcs/yamcs/yamcs-xtce/pom.xml to /home/travis/.m2/repository/org/yamcs/yamcs-xtce/3.2.0-SNAPSHOT/yamcs-xtce-3.2.0-SNAPSHOT.pom
[INFO] Installing /home/travis/build/yamcs/yamcs/yamcs-xtce/target/yamcs-xtce-3.2.0-SNAPSHOT-sources.jar to /home/travis/.m2/repository/org/yamcs/yamcs-xtce/3.2.0-SNAPSHOT/yamcs-xtce-3.2.0-SNAPSHOT-sources.jar
[INFO]                                                                         
[INFO] ------------------------------------------------------------------------
[INFO] Building Yamcs Core 3.2.0-SNAPSHOT
[INFO] ------------------------------------------------------------------------
[INFO] 
[INFO] --- build-helper-maven-plugin:1.11:add-source (add-source) @ yamcs-core ---
[INFO] Source directory: /home/travis/build/yamcs/yamcs/yamcs-core/target/generated-sources/version added.
[INFO] 
[INFO] --- maven-antrun-plugin:1.3:run (generate-version) @ yamcs-core ---
[INFO] Executing tasks
     [copy] Copying 1 file to /home/travis/build/yamcs/yamcs/yamcs-core/target/generated-sources/version/org/yamcs
[INFO] Executed tasks
[INFO] 
[INFO] --- maven-resources-plugin:2.6:resources (default-resources) @ yamcs-core ---
[INFO] Using 'UTF-8' encoding to copy filtered resources.
[INFO] Copying 31 resources
[INFO] 
[INFO] --- maven-compiler-plugin:2.3.2:compile (default-compile) @ yamcs-core ---
[INFO] Compiling 603 source files to /home/travis/build/yamcs/yamcs/yamcs-core/target/classes
[INFO] 
[INFO] --- maven-resources-plugin:2.6:testResources (default-testResources) @ yamcs-core ---
[INFO] Using 'UTF-8' encoding to copy filtered resources.
[INFO] Copying 37 resources
[INFO] Copying 19 resources
[INFO] 
[INFO] --- maven-compiler-plugin:2.3.2:testCompile (default-testCompile) @ yamcs-core ---
[INFO] Compiling 99 source files to /home/travis/build/yamcs/yamcs/yamcs-core/target/test-classes
[INFO] 
[INFO] --- maven-surefire-plugin:2.19.1:test (default-test) @ yamcs-core ---
[INFO] Tests are skipped.
[INFO] 
[INFO] --- maven-jar-plugin:2.4:jar (default-jar) @ yamcs-core ---
[INFO] Building jar: /home/travis/build/yamcs/yamcs/yamcs-core/target/yamcs-core-3.2.0-SNAPSHOT.jar
[INFO] 
[INFO] --- maven-dependency-plugin:2.8:copy-dependencies (copy-dependencies) @ yamcs-core ---
[INFO] Copying artemis-native-1.5.4.jar to /home/travis/build/yamcs/yamcs/yamcs-core/lib/artemis-native-1.5.4.jar
[INFO] Copying netty-all-4.1.9.Final.jar to /home/travis/build/yamcs/yamcs/yamcs-core/lib/netty-all-4.1.9.Final.jar
[INFO] Copying protobuf-java-2.5.0.jar to /home/travis/build/yamcs/yamcs/yamcs-core/lib/protobuf-java-2.5.0.jar
[INFO] Copying johnzon-core-0.9.5.jar to /home/travis/build/yamcs/yamcs/yamcs-core/lib/johnzon-core-0.9.5.jar
[INFO] Copying yamcs-xtce-3.2.0-SNAPSHOT.jar to /home/travis/build/yamcs/yamcs/yamcs-core/lib/yamcs-xtce-3.2.0-SNAPSHOT.jar
[INFO] Copying slf4j-jdk14-1.7.1.jar to /home/travis/build/yamcs/yamcs/yamcs-core/lib/slf4j-jdk14-1.7.1.jar
[INFO] Copying janino-2.5.15.jar to /home/travis/build/yamcs/yamcs/yamcs-core/lib/janino-2.5.15.jar
[INFO] Copying commons-collections-3.2.1.jar to /home/travis/build/yamcs/yamcs/yamcs-core/lib/commons-collections-3.2.1.jar
[INFO] Copying artemis-journal-1.5.4.jar to /home/travis/build/yamcs/yamcs/yamcs-core/lib/artemis-journal-1.5.4.jar
[INFO] Copying jcommander-1.48.jar to /home/travis/build/yamcs/yamcs/yamcs-core/lib/jcommander-1.48.jar
[INFO] Copying rocksdbjni-5.2.1.jar to /home/travis/build/yamcs/yamcs/yamcs-core/lib/rocksdbjni-5.2.1.jar
[INFO] Copying javacsv-2.0.jar to /home/travis/build/yamcs/yamcs/yamcs-core/lib/javacsv-2.0.jar
[INFO] Copying protostuff-api-1.5.3.jar to /home/travis/build/yamcs/yamcs/yamcs-core/lib/protostuff-api-1.5.3.jar
[INFO] Copying artemis-core-client-1.5.4.jar to /home/travis/build/yamcs/yamcs/yamcs-core/lib/artemis-core-client-1.5.4.jar
[INFO] Copying slf4j-api-1.7.1.jar to /home/travis/build/yamcs/yamcs/yamcs-core/lib/slf4j-api-1.7.1.jar
[INFO] Copying jgroups-3.6.9.Final.jar to /home/travis/build/yamcs/yamcs/yamcs-core/lib/jgroups-3.6.9.Final.jar
[INFO] Copying jackson-core-2.7.1.jar to /home/travis/build/yamcs/yamcs/yamcs-core/lib/jackson-core-2.7.1.jar
[INFO] Copying geronimo-json_1.0_spec-1.0-alpha-1.jar to /home/travis/build/yamcs/yamcs/yamcs-core/lib/geronimo-json_1.0_spec-1.0-alpha-1.jar
[INFO] Copying yamcs-api-3.2.0-SNAPSHOT.jar to /home/travis/build/yamcs/yamcs/yamcs-core/lib/yamcs-api-3.2.0-SNAPSHOT.jar
[INFO] Copying protostuff-json-1.5.3.jar to /home/travis/build/yamcs/yamcs/yamcs-core/lib/protostuff-json-1.5.3.jar
[INFO] Copying snakeyaml-1.9.jar to /home/travis/build/yamcs/yamcs/yamcs-core/lib/snakeyaml-1.9.jar
[INFO] Copying commons-logging-1.1.1.jar to /home/travis/build/yamcs/yamcs/yamcs-core/lib/commons-logging-1.1.1.jar
[INFO] Copying commons-beanutils-1.9.2.jar to /home/travis/build/yamcs/yamcs/yamcs-core/lib/commons-beanutils-1.9.2.jar
[INFO] Copying log4j-1.2.14.jar to /home/travis/build/yamcs/yamcs/yamcs-core/lib/log4j-1.2.14.jar
[INFO] Copying artemis-jdbc-store-1.5.4.jar to /home/travis/build/yamcs/yamcs/yamcs-core/lib/artemis-jdbc-store-1.5.4.jar
[INFO] Copying jxl-2.6.10.jar to /home/travis/build/yamcs/yamcs/yamcs-core/lib/jxl-2.6.10.jar
[INFO] Copying guava-18.0.jar to /home/travis/build/yamcs/yamcs/yamcs-core/lib/guava-18.0.jar
[INFO] Copying jdatepicker-1.3.2.jar to /home/travis/build/yamcs/yamcs/yamcs-core/lib/jdatepicker-1.3.2.jar
[INFO] Copying artemis-commons-1.5.4.jar to /home/travis/build/yamcs/yamcs/yamcs-core/lib/artemis-commons-1.5.4.jar
[INFO] Copying artemis-server-1.5.4.jar to /home/travis/build/yamcs/yamcs/yamcs-core/lib/artemis-server-1.5.4.jar
[INFO] Copying jboss-logging-3.3.0.Final.jar to /home/travis/build/yamcs/yamcs/yamcs-core/lib/jboss-logging-3.3.0.Final.jar
[INFO] Copying artemis-selector-1.5.4.jar to /home/travis/build/yamcs/yamcs/yamcs-core/lib/artemis-selector-1.5.4.jar
[INFO] 
[INFO] --- maven-source-plugin:2.2.1:jar-no-fork (attach-sources) @ yamcs-core ---
[INFO] Building jar: /home/travis/build/yamcs/yamcs/yamcs-core/target/yamcs-core-3.2.0-SNAPSHOT-sources.jar
[INFO] 
[INFO] --- maven-install-plugin:2.4:install (default-install) @ yamcs-core ---
[INFO] Installing /home/travis/build/yamcs/yamcs/yamcs-core/target/yamcs-core-3.2.0-SNAPSHOT.jar to /home/travis/.m2/repository/org/yamcs/yamcs-core/3.2.0-SNAPSHOT/yamcs-core-3.2.0-SNAPSHOT.jar
[INFO] Installing /home/travis/build/yamcs/yamcs/yamcs-core/pom.xml to /home/travis/.m2/repository/org/yamcs/yamcs-core/3.2.0-SNAPSHOT/yamcs-core-3.2.0-SNAPSHOT.pom
[INFO] Installing /home/travis/build/yamcs/yamcs/yamcs-core/target/yamcs-core-3.2.0-SNAPSHOT-sources.jar to /home/travis/.m2/repository/org/yamcs/yamcs-core/3.2.0-SNAPSHOT/yamcs-core-3.2.0-SNAPSHOT-sources.jar
[INFO]                                                                         
[INFO] ------------------------------------------------------------------------
[INFO] Building Yamcs Simulation 3.2.0-SNAPSHOT
[INFO] ------------------------------------------------------------------------
[INFO] 
[INFO] --- maven-resources-plugin:2.6:resources (default-resources) @ yamcs-simulation ---
[INFO] Using 'UTF-8' encoding to copy filtered resources.
[INFO] Copying 2 resources
[INFO] 
[INFO] --- maven-compiler-plugin:2.3.2:compile (default-compile) @ yamcs-simulation ---
[INFO] Compiling 34 source files to /home/travis/build/yamcs/yamcs/yamcs-simulation/target/classes
[INFO] 
[INFO] --- maven-resources-plugin:2.6:testResources (default-testResources) @ yamcs-simulation ---
[INFO] Using 'UTF-8' encoding to copy filtered resources.
[INFO] Copying 5 resources
[INFO] 
[INFO] --- maven-compiler-plugin:2.3.2:testCompile (default-testCompile) @ yamcs-simulation ---
[INFO] Compiling 1 source file to /home/travis/build/yamcs/yamcs/yamcs-simulation/target/test-classes
[INFO] 
[INFO] --- maven-surefire-plugin:2.19.1:test (default-test) @ yamcs-simulation ---
[INFO] Tests are skipped.
[INFO] 
[INFO] --- maven-jar-plugin:2.4:jar (default-jar) @ yamcs-simulation ---
[INFO] Building jar: /home/travis/build/yamcs/yamcs/yamcs-simulation/target/yamcs-simulation-3.2.0-SNAPSHOT.jar
[INFO] 
[INFO] --- maven-source-plugin:2.2.1:jar-no-fork (attach-sources) @ yamcs-simulation ---
[INFO] Building jar: /home/travis/build/yamcs/yamcs/yamcs-simulation/target/yamcs-simulation-3.2.0-SNAPSHOT-sources.jar
[INFO] 
[INFO] --- maven-install-plugin:2.4:install (default-install) @ yamcs-simulation ---
[INFO] Installing /home/travis/build/yamcs/yamcs/yamcs-simulation/target/yamcs-simulation-3.2.0-SNAPSHOT.jar to /home/travis/.m2/repository/org/yamcs/yamcs-simulation/3.2.0-SNAPSHOT/yamcs-simulation-3.2.0-SNAPSHOT.jar
[INFO] Installing /home/travis/build/yamcs/yamcs/yamcs-simulation/pom.xml to /home/travis/.m2/repository/org/yamcs/yamcs-simulation/3.2.0-SNAPSHOT/yamcs-simulation-3.2.0-SNAPSHOT.pom
[INFO] Installing /home/travis/build/yamcs/yamcs/yamcs-simulation/target/yamcs-simulation-3.2.0-SNAPSHOT-sources.jar to /home/travis/.m2/repository/org/yamcs/yamcs-simulation/3.2.0-SNAPSHOT/yamcs-simulation-3.2.0-SNAPSHOT-sources.jar
[INFO] ------------------------------------------------------------------------
[INFO] Reactor Summary:
[INFO] 
[INFO] Yamcs .............................................. SUCCESS [  0.602 s]
[INFO] Yamcs API .......................................... SUCCESS [ 13.496 s]
[INFO] Yamcs XTCE ......................................... SUCCESS [  3.511 s]
[INFO] Yamcs Core ......................................... SUCCESS [ 12.878 s]
[INFO] Yamcs Simulation ................................... SUCCESS [  2.166 s]
[INFO] ------------------------------------------------------------------------
[INFO] BUILD SUCCESS
[INFO] ------------------------------------------------------------------------
[INFO] Total time: 32.851 s
[INFO] Finished at: 2017-04-14T15:46:57+00:00
[INFO] Final Memory: 80M/471M
[INFO] ------------------------------------------------------------------------

travis_time:end:00b3def4:start=1492184783624926114,finish=1492184818542868538,duration=34917942424[0Ktravis_fold:end:install[0Ktravis_fold:start:sonarqube.addon[0K[33;1mSonarQube addon[0m
addon hash: 8df3d17bba1cf7304f3348cfb8a08f06
[33;1mPreparing SonarQube Scanner CLI[0m
Archive:  /home/travis/.sonarscanner/sonar-scanner.zip
   creating: /home/travis/.sonarscanner/sonar-scanner-2.8/
  inflating: /home/travis/.sonarscanner/sonar-scanner-2.8/bin/sonar-scanner.bat  
  inflating: /home/travis/.sonarscanner/sonar-scanner-2.8/bin/sonar-scanner-debug  
  inflating: /home/travis/.sonarscanner/sonar-scanner-2.8/lib/sonar-scanner-cli-2.8.jar  
  inflating: /home/travis/.sonarscanner/sonar-scanner-2.8/bin/sonar-scanner  
  inflating: /home/travis/.sonarscanner/sonar-scanner-2.8/conf/sonar-scanner.properties  
  inflating: /home/travis/.sonarscanner/sonar-scanner-2.8/bin/sonar-runner.bat  
  inflating: /home/travis/.sonarscanner/sonar-scanner-2.8/bin/sonar-runner  
  inflating: /home/travis/.sonarscanner/sonar-scanner-2.8/bin/sonar-scanner-debug.bat  
$ export SONAR_SCANNER_HOME=$HOME/.sonarscanner/sonar-scanner-2.8
[33;1mNot installing SonarSource build-wrapper because it's a Java or Javascript project[0m
[33;1mPreparing SonarQube Scanner parameters[0m
travis_fold:end:sonarqube.addon[0Ktravis_time:start:03d8e183[0K$ mvn -Dsurefire.useFile=false test
Java HotSpot(TM) 64-Bit Server VM warning: ignoring option MaxPermSize=192m; support was removed in 8.0
[INFO] Scanning for projects...
[INFO] ------------------------------------------------------------------------
[INFO] Reactor Build Order:
[INFO] 
[INFO] Yamcs
[INFO] Yamcs API
[INFO] Yamcs XTCE
[INFO] Yamcs Core
[INFO] Yamcs Simulation
[INFO]                                                                         
[INFO] ------------------------------------------------------------------------
[INFO] Building Yamcs 3.2.0-SNAPSHOT
[INFO] ------------------------------------------------------------------------
[INFO]                                                                         
[INFO] ------------------------------------------------------------------------
[INFO] Building Yamcs API 3.2.0-SNAPSHOT
[INFO] ------------------------------------------------------------------------
[INFO] 
[INFO] --- maven-resources-plugin:2.6:resources (default-resources) @ yamcs-api ---
[INFO] Using 'UTF-8' encoding to copy filtered resources.
[INFO] Copying 1 resource
[INFO] 
[INFO] --- maven-compiler-plugin:2.3.2:compile (default-compile) @ yamcs-api ---
[INFO] Nothing to compile - all classes are up to date
[INFO] 
[INFO] --- maven-resources-plugin:2.6:testResources (default-testResources) @ yamcs-api ---
[INFO] Using 'UTF-8' encoding to copy filtered resources.
[INFO] skip non existing resourceDirectory /home/travis/build/yamcs/yamcs/yamcs-api/src/test/resources
[INFO] 
[INFO] --- maven-compiler-plugin:2.3.2:testCompile (default-testCompile) @ yamcs-api ---
[INFO] Nothing to compile - all classes are up to date
[INFO] 
[INFO] --- maven-surefire-plugin:2.19.1:test (default-test) @ yamcs-api ---

-------------------------------------------------------
 T E S T S
-------------------------------------------------------
Running org.yamcs.utils.TimeEncodingTest
sdf,format:2010-12-31T23:59:59.000
d=Fri Dec 31 23:59:59 UTC 2010
cal=Fri Dec 31 23:59:59 UTC 2010
hod=23
s=2010-12-31T23:59:59.000
Tests run: 15, Failures: 0, Errors: 0, Skipped: 0, Time elapsed: 0.098 sec - in org.yamcs.utils.TimeEncodingTest
Running org.yamcs.utils.TaiUtcConverterTest
Tests run: 2, Failures: 0, Errors: 0, Skipped: 0, Time elapsed: 0.019 sec - in org.yamcs.utils.TaiUtcConverterTest
Running org.yamcs.api.AbstractEventProducerTest
Tests run: 5, Failures: 0, Errors: 0, Skipped: 0, Time elapsed: 0.083 sec - in org.yamcs.api.AbstractEventProducerTest

Results :

Tests run: 22, Failures: 0, Errors: 0, Skipped: 0

[INFO]                                                                         
[INFO] ------------------------------------------------------------------------
[INFO] Building Yamcs XTCE 3.2.0-SNAPSHOT
[INFO] ------------------------------------------------------------------------
[INFO] 
[INFO] --- maven-resources-plugin:2.6:resources (default-resources) @ yamcs-xtce ---
[INFO] Using 'UTF-8' encoding to copy filtered resources.
[INFO] Copying 1 resource
[INFO] 
[INFO] --- maven-compiler-plugin:2.3.2:compile (default-compile) @ yamcs-xtce ---
[INFO] Nothing to compile - all classes are up to date
[INFO] 
[INFO] --- maven-resources-plugin:2.6:testResources (default-testResources) @ yamcs-xtce ---
[INFO] Using 'UTF-8' encoding to copy filtered resources.
[INFO] Copying 1 resource
[INFO] 
[INFO] --- maven-compiler-plugin:2.3.2:testCompile (default-testCompile) @ yamcs-xtce ---
[INFO] Nothing to compile - all classes are up to date
[INFO] 
[INFO] --- maven-surefire-plugin:2.19.1:test (default-test) @ yamcs-xtce ---

-------------------------------------------------------
 T E S T S
-------------------------------------------------------
Running org.yamcs.xtce.HistoryTest
Tests run: 2, Failures: 0, Errors: 0, Skipped: 0, Time elapsed: 0.061 sec - in org.yamcs.xtce.HistoryTest
Running org.yamcs.xtce.XtceStaxReaderTest
Apr 14, 2017 3:47:02 PM org.yamcs.xtce.xml.XtceStaxReader skipXtceSection
INFO: Section <AuthorSet> skipped
Apr 14, 2017 3:47:02 PM org.yamcs.xtce.xml.XtceStaxReader skipXtceSection
INFO: Section <NoteSet> skipped
Apr 14, 2017 3:47:02 PM org.yamcs.xtce.xml.XtceStaxReader skipXtceSection
INFO: Section <AbsoluteTimeParameterType> skipped
Apr 14, 2017 3:47:02 PM org.yamcs.xtce.xml.XtceStaxReader skipXtceSection
INFO: Section <CommandMetaData> skipped
Apr 14, 2017 3:47:02 PM org.yamcs.xtce.xml.XtceStaxReader skipXtceSection
INFO: Section <ContextCalibratorList> skipped
Apr 14, 2017 3:47:02 PM org.yamcs.xtce.xml.XtceStaxReader skipXtceSection
INFO: Section <ContextCalibratorList> skipped
Apr 14, 2017 3:47:02 PM org.yamcs.xtce.xml.XtceStaxReader skipXtceSection
INFO: Section <SystemName> skipped
Apr 14, 2017 3:47:02 PM org.yamcs.xtce.xml.XtceStaxReader skipXtceSection
INFO: Section <SystemName> skipped
Apr 14, 2017 3:47:02 PM org.yamcs.xtce.xml.XtceStaxReader skipXtceSection
INFO: Section <SystemName> skipped
Apr 14, 2017 3:47:02 PM org.yamcs.xtce.xml.XtceStaxReader skipXtceSection
INFO: Section <SystemName> skipped
Apr 14, 2017 3:47:02 PM org.yamcs.xtce.xml.XtceStaxReader skipXtceSection
INFO: Section <SystemName> skipped
Apr 14, 2017 3:47:02 PM org.yamcs.xtce.xml.XtceStaxReader skipXtceSection
INFO: Section <SystemName> skipped
Apr 14, 2017 3:47:02 PM org.yamcs.xtce.xml.XtceStaxReader skipXtceSection
INFO: Section <SystemName> skipped
Apr 14, 2017 3:47:02 PM org.yamcs.xtce.xml.XtceStaxReader skipXtceSection
INFO: Section <SystemName> skipped
Apr 14, 2017 3:47:02 PM org.yamcs.xtce.xml.XtceStaxReader skipXtceSection
INFO: Section <SystemName> skipped
Apr 14, 2017 3:47:02 PM org.yamcs.xtce.xml.XtceStaxReader skipXtceSection
INFO: Section <SystemName> skipped
Apr 14, 2017 3:47:02 PM org.yamcs.xtce.xml.XtceStaxReader skipXtceSection
INFO: Section <SystemName> skipped
Apr 14, 2017 3:47:02 PM org.yamcs.xtce.xml.XtceStaxReader skipXtceSection
INFO: Section <PhysicalAddressSet> skipped
Apr 14, 2017 3:47:02 PM org.yamcs.xtce.xml.XtceStaxReader skipXtceSection
INFO: Section <SystemName> skipped
Apr 14, 2017 3:47:02 PM org.yamcs.xtce.xml.XtceStaxReader skipXtceSection
INFO: Section <PhysicalAddressSet> skipped
Apr 14, 2017 3:47:02 PM org.yamcs.xtce.xml.XtceStaxReader skipXtceSection
INFO: Section <SystemName> skipped
Apr 14, 2017 3:47:02 PM org.yamcs.xtce.xml.XtceStaxReader skipXtceSection
INFO: Section <PhysicalAddressSet> skipped
Apr 14, 2017 3:47:03 PM org.yamcs.xtce.xml.XtceStaxReader skipXtceSection
INFO: Section <AlgorithmSet> skipped
Apr 14, 2017 3:47:03 PM org.yamcs.xtce.xml.XtceStaxReader skipXtceSection
INFO: Section <SystemName> skipped
Apr 14, 2017 3:47:03 PM org.yamcs.xtce.xml.XtceStaxReader skipXtceSection
INFO: Section <SystemName> skipped
Apr 14, 2017 3:47:03 PM org.yamcs.xtce.xml.XtceStaxReader skipXtceSection
INFO: Section <SystemName> skipped
Apr 14, 2017 3:47:03 PM org.yamcs.xtce.xml.XtceStaxReader skipXtceSection
INFO: Section <SystemName> skipped
Apr 14, 2017 3:47:03 PM org.yamcs.xtce.xml.XtceStaxReader skipXtceSection
INFO: Section <SystemName> skipped
Apr 14, 2017 3:47:03 PM org.yamcs.xtce.xml.XtceStaxReader skipXtceSection
INFO: Section <SystemName> skipped
Apr 14, 2017 3:47:03 PM org.yamcs.xtce.xml.XtceStaxReader skipXtceSection
INFO: Section <SystemName> skipped
Apr 14, 2017 3:47:03 PM org.yamcs.xtce.xml.XtceStaxReader skipXtceSection
INFO: Section <SystemName> skipped
Apr 14, 2017 3:47:03 PM org.yamcs.xtce.xml.XtceStaxReader skipXtceSection
INFO: Section <SystemName> skipped
Apr 14, 2017 3:47:03 PM org.yamcs.xtce.xml.XtceStaxReader skipXtceSection
INFO: Section <SystemName> skipped
Apr 14, 2017 3:47:03 PM org.yamcs.xtce.xml.XtceStaxReader skipXtceSection
INFO: Section <SystemName> skipped
Apr 14, 2017 3:47:03 PM org.yamcs.xtce.xml.XtceStaxReader skipXtceSection
INFO: Section <SystemName> skipped
Apr 14, 2017 3:47:03 PM org.yamcs.xtce.xml.XtceStaxReader skipXtceSection
INFO: Section <SystemName> skipped
Apr 14, 2017 3:47:03 PM org.yamcs.xtce.xml.XtceStaxReader skipXtceSection
INFO: Section <SystemName> skipped
Apr 14, 2017 3:47:03 PM org.yamcs.xtce.xml.XtceStaxReader skipXtceSection
INFO: Section <SystemName> skipped
Apr 14, 2017 3:47:03 PM org.yamcs.xtce.xml.XtceStaxReader readXmlDocument
INFO: XTCE file parsing finished successfully
ss: SpaceSystem[BogusSAT]
Tests run: 1, Failures: 0, Errors: 0, Skipped: 0, Time elapsed: 0.189 sec - in org.yamcs.xtce.XtceStaxReaderTest

Results :

Tests run: 3, Failures: 0, Errors: 0, Skipped: 0

[INFO]                                                                         
[INFO] ------------------------------------------------------------------------
[INFO] Building Yamcs Core 3.2.0-SNAPSHOT
[INFO] ------------------------------------------------------------------------
[INFO] 
[INFO] --- build-helper-maven-plugin:1.11:add-source (add-source) @ yamcs-core ---
[INFO] Source directory: /home/travis/build/yamcs/yamcs/yamcs-core/target/generated-sources/version added.
[INFO] 
[INFO] --- maven-antrun-plugin:1.3:run (generate-version) @ yamcs-core ---
[INFO] Executing tasks
[INFO] Executed tasks
[INFO] 
[INFO] --- maven-resources-plugin:2.6:resources (default-resources) @ yamcs-core ---
[INFO] Using 'UTF-8' encoding to copy filtered resources.
[INFO] Copying 31 resources
[INFO] 
[INFO] --- maven-compiler-plugin:2.3.2:compile (default-compile) @ yamcs-core ---
[INFO] Nothing to compile - all classes are up to date
[INFO] 
[INFO] --- maven-resources-plugin:2.6:testResources (default-testResources) @ yamcs-core ---
[INFO] Using 'UTF-8' encoding to copy filtered resources.
[INFO] Copying 37 resources
[INFO] Copying 19 resources
[INFO] 
[INFO] --- maven-compiler-plugin:2.3.2:testCompile (default-testCompile) @ yamcs-core ---
[INFO] Nothing to compile - all classes are up to date
[INFO] 
[INFO] --- maven-surefire-plugin:2.19.1:test (default-test) @ yamcs-core ---

-------------------------------------------------------
 T E S T S
-------------------------------------------------------
Running org.yamcs.EventCrashHandlerTest
Tests run: 1, Failures: 0, Errors: 0, Skipped: 0, Time elapsed: 0.012 sec - in org.yamcs.EventCrashHandlerTest
Running org.yamcs.yarch.StarSelectTest
Created directory: /home/travis/.yamcs/log
Tests run: 1, Failures: 0, Errors: 0, Skipped: 0, Time elapsed: 0.372 sec - in org.yamcs.yarch.StarSelectTest
Running org.yamcs.yarch.rocksdb.HistogramRebuilderTest
Tests run: 3, Failures: 0, Errors: 0, Skipped: 0, Time elapsed: 0.667 sec - in org.yamcs.yarch.rocksdb.HistogramRebuilderTest
Running org.yamcs.yarch.rocksdb.PartitionManagerTest
Tests run: 5, Failures: 0, Errors: 0, Skipped: 0, Time elapsed: 0.581 sec - in org.yamcs.yarch.rocksdb.PartitionManagerTest
Running org.yamcs.yarch.rocksdb.TagsTest
Tests run: 1, Failures: 0, Errors: 0, Skipped: 0, Time elapsed: 0.468 sec - in org.yamcs.yarch.rocksdb.TagsTest
Running org.yamcs.yarch.rocksdb.RdbSelectPerfTest
Tests run: 1, Failures: 0, Errors: 0, Skipped: 1, Time elapsed: 0.024 sec - in org.yamcs.yarch.rocksdb.RdbSelectPerfTest
Running org.yamcs.yarch.rocksdb.PartitioningTest
Tests run: 6, Failures: 0, Errors: 0, Skipped: 0, Time elapsed: 2.173 sec - in org.yamcs.yarch.rocksdb.PartitioningTest
Running org.yamcs.yarch.rocksdb.RdbSelectTest
Tests run: 14, Failures: 0, Errors: 0, Skipped: 0, Time elapsed: 1.004 sec - in org.yamcs.yarch.rocksdb.RdbSelectTest
Running org.yamcs.yarch.rocksdb.RdbEngineTest
Tests run: 1, Failures: 0, Errors: 0, Skipped: 0, Time elapsed: 0.581 sec - in org.yamcs.yarch.rocksdb.RdbEngineTest
Running org.yamcs.yarch.rocksdb.RDBFactoryTest
Apr 14 15:47:15.891 [24] org.yamcs.yarch.rocksdb.RDBFactory lambda$doBackup$94 WARNING:Got error when creating the backup: /tmp/rdb_backup_test//db1: Directory '/tmp/rdb_backup_test//db1' is not a backup directory 
Tests run: 2, Failures: 0, Errors: 0, Skipped: 0, Time elapsed: 4.992 sec - in org.yamcs.yarch.rocksdb.RDBFactoryTest
Running org.yamcs.yarch.EnumWithPartitionTest
Tests run: 8, Failures: 0, Errors: 0, Skipped: 0, Time elapsed: 1.154 sec - in org.yamcs.yarch.EnumWithPartitionTest
Running org.yamcs.yarch.ConcurrencyTest
Tests run: 2, Failures: 0, Errors: 0, Skipped: 0, Time elapsed: 28.198 sec - in org.yamcs.yarch.ConcurrencyTest
Running org.yamcs.yarch.HistogramSegmentTest
Tests run: 10, Failures: 0, Errors: 0, Skipped: 0, Time elapsed: 0.148 sec - in org.yamcs.yarch.HistogramSegmentTest
Running org.yamcs.yarch.StreamSqlParserTest
Tests run: 3, Failures: 0, Errors: 0, Skipped: 0, Time elapsed: 0.34 sec - in org.yamcs.yarch.StreamSqlParserTest
Running org.yamcs.yarch.StreamSelect2Test
Tests run: 8, Failures: 0, Errors: 0, Skipped: 0, Time elapsed: 4.102 sec - in org.yamcs.yarch.StreamSelect2Test
Running org.yamcs.yarch.StreamSelectTest
Tests run: 3, Failures: 0, Errors: 0, Skipped: 0, Time elapsed: 0.56 sec - in org.yamcs.yarch.StreamSelectTest
Running org.yamcs.yarch.EnumTest
Tests run: 6, Failures: 0, Errors: 0, Skipped: 0, Time elapsed: 0.895 sec - in org.yamcs.yarch.EnumTest
Running org.yamcs.yarch.DynamicSchemaTableTest
Tests run: 4, Failures: 0, Errors: 0, Skipped: 0, Time elapsed: 0.495 sec - in org.yamcs.yarch.DynamicSchemaTableTest
Running org.yamcs.yarch.StreamSelectPerfTest
Tests run: 1, Failures: 0, Errors: 0, Skipped: 0, Time elapsed: 1.894 sec - in org.yamcs.yarch.StreamSelectPerfTest
Running org.yamcs.yarch.HistogramStreamTest
Tests run: 8, Failures: 0, Errors: 0, Skipped: 2, Time elapsed: 2.878 sec - in org.yamcs.yarch.HistogramStreamTest
Running org.yamcs.yarch.StreamMergeTest
Tests run: 4, Failures: 0, Errors: 0, Skipped: 0, Time elapsed: 1.228 sec - in org.yamcs.yarch.StreamMergeTest
Running org.yamcs.yarch.TableDefinitionSerializationTest
Tests run: 4, Failures: 0, Errors: 0, Skipped: 0, Time elapsed: 0.785 sec - in org.yamcs.yarch.TableDefinitionSerializationTest
Running org.yamcs.yarch.StandaloneStreamTest
Tests run: 1, Failures: 0, Errors: 0, Skipped: 0, Time elapsed: 0.34 sec - in org.yamcs.yarch.StandaloneStreamTest
Running org.yamcs.yarch.StreamSelect1Test
Tests run: 2, Failures: 0, Errors: 0, Skipped: 0, Time elapsed: 0.663 sec - in org.yamcs.yarch.StreamSelect1Test
Running org.yamcs.xtceproc.XtceDbFactoryTest
Warning:  Cell at E17 not present - adding a blank
Warning:  Some cells exceeded the specified bounds.  Resizing sheet dimensions from 4x42 to 5x42
Tests run: 3, Failures: 0, Errors: 0, Skipped: 0, Time elapsed: 5.365 sec - in org.yamcs.xtceproc.XtceDbFactoryTest
Running org.yamcs.xtceproc.XtceTmExtractorTest
Apr 14 15:48:19.417 [1] org.yamcs.xtceproc.ParameterTypeProcessor calibrateInteger WARNING:StringIntTermPara1_5_2: failed to parse string 'invalidint' to long
Apr 14 15:48:19.437 [1] org.yamcs.xtceproc.ParameterTypeProcessor calibrateEnumerated WARNING:StringIntTermPara20_1: failed to parse string 'invalidlong' to long
Apr 14 15:48:19.441 [1] org.yamcs.xtceproc.ParameterTypeProcessor calibrateFloat WARNING:StringFloatTSCPara1_4_2: failed to parse string 'invalidfloat' to double
Tests run: 21, Failures: 0, Errors: 0, Skipped: 0, Time elapsed: 0.645 sec - in org.yamcs.xtceproc.XtceTmExtractorTest
Running org.yamcs.xtceproc.XtceCommandEncodingTest
Warning:  Cell at E17 not present - adding a blank
Warning:  Some cells exceeded the specified bounds.  Resizing sheet dimensions from 4x42 to 5x42
command buffer: 0B0A1200
Tests run: 11, Failures: 0, Errors: 0, Skipped: 0, Time elapsed: 5.149 sec - in org.yamcs.xtceproc.XtceCommandEncodingTest
Running org.yamcs.algorithms.WindowBufferTest
Tests run: 1, Failures: 0, Errors: 0, Skipped: 0, Time elapsed: 0.065 sec - in org.yamcs.algorithms.WindowBufferTest
Running org.yamcs.algorithms.AlgorithmWithContextTest
Tests run: 1, Failures: 0, Errors: 0, Skipped: 0, Time elapsed: 3.607 sec - in org.yamcs.algorithms.AlgorithmWithContextTest
Running org.yamcs.algorithms.AlgorithmManagerTest
Tests run: 14, Failures: 0, Errors: 0, Skipped: 1, Time elapsed: 15.299 sec - in org.yamcs.algorithms.AlgorithmManagerTest
Running org.yamcs.algorithms.AlgorithmManagerPyTest
Tests run: 3, Failures: 0, Errors: 0, Skipped: 0, Time elapsed: 4.023 sec - in org.yamcs.algorithms.AlgorithmManagerPyTest
Running org.yamcs.algorithms.AlgorithmManagerJavaTest
Tests run: 3, Failures: 0, Errors: 0, Skipped: 0, Time elapsed: 3.87 sec - in org.yamcs.algorithms.AlgorithmManagerJavaTest
Running org.yamcs.ContainerRequestManagerTest
Tests run: 1, Failures: 0, Errors: 0, Skipped: 0, Time elapsed: 0.661 sec - in org.yamcs.ContainerRequestManagerTest
Running org.yamcs.parameter.ValueTest
Tests run: 1, Failures: 0, Errors: 0, Skipped: 1, Time elapsed: 0.095 sec - in org.yamcs.parameter.ValueTest
Running org.yamcs.parameter.ParameterCacheTest
Tests run: 5, Failures: 0, Errors: 0, Skipped: 1, Time elapsed: 0.175 sec - in org.yamcs.parameter.ParameterCacheTest
Running org.yamcs.parameter.ParameterValueListTest
Tests run: 5, Failures: 0, Errors: 0, Skipped: 0, Time elapsed: 0.197 sec - in org.yamcs.parameter.ParameterValueListTest
Running org.yamcs.parameter.SubsriptionArrayTest
Tests run: 1, Failures: 0, Errors: 0, Skipped: 0, Time elapsed: 0.072 sec - in org.yamcs.parameter.SubsriptionArrayTest
Running org.yamcs.parameter.SoftwareParameterManagerTest
Tests run: 1, Failures: 0, Errors: 0, Skipped: 0, Time elapsed: 2.579 sec - in org.yamcs.parameter.SoftwareParameterManagerTest
Running org.yamcs.ui.eventviewer.UtilsTest
Tests run: 3, Failures: 0, Errors: 0, Skipped: 0, Time elapsed: 0.066 sec - in org.yamcs.ui.eventviewer.UtilsTest
Running org.yamcs.web.rest.archive.RestDownsamplerTest
Tests run: 1, Failures: 0, Errors: 0, Skipped: 0, Time elapsed: 0.133 sec - in org.yamcs.web.rest.archive.RestDownsamplerTest
Running org.yamcs.web.rest.mdb.XtceToGpbAssemblerTest
Tests run: 3, Failures: 0, Errors: 0, Skipped: 0, Time elapsed: 0.754 sec - in org.yamcs.web.rest.mdb.XtceToGpbAssemblerTest
Running org.yamcs.web.rest.mdb.NameDescriptionSearchMatcherTest
Tests run: 1, Failures: 0, Errors: 0, Skipped: 0, Time elapsed: 0.552 sec - in org.yamcs.web.rest.mdb.NameDescriptionSearchMatcherTest
Running org.yamcs.web.rest.RouterTest
Tests run: 10, Failures: 0, Errors: 0, Skipped: 0, Time elapsed: 0.551 sec - in org.yamcs.web.rest.RouterTest
Running org.yamcs.web.rest.RestRequestTest
Tests run: 5, Failures: 0, Errors: 0, Skipped: 0, Time elapsed: 0.212 sec - in org.yamcs.web.rest.RestRequestTest
Running org.yamcs.PermissionsTest
Apr 14 15:49:13.088 [38] org.yamcs.web.rest.Router handleException WARNING:R1: Sending nominal exception 403 Forbidden back to client: User operator/***** has no 'set' permission for parameter /REFMDB/SUBSYS1/LocalPara1
Apr 14 15:49:13.099 [38] org.yamcs.web.HttpRequestHandler sendResponse WARNING:POST /api/processors/IntegrationTest/realtime/parameters/mset 403
Apr 14 15:49:13.193 [106] org.yamcs.security.YamlRealm getPrivileges WARNING:No privileges of type tm_parameter_privileges for role EmptyRole
Apr 14 15:49:13.206 [106] org.yamcs.security.YamlRealm getPrivileges WARNING:No privileges of type tm_parameter_set_privileges for role EmptyRole
Apr 14 15:49:13.206 [106] org.yamcs.security.YamlRealm getPrivileges WARNING:No privileges of type tm_packet_privileges for role EmptyRole
Apr 14 15:49:13.206 [106] org.yamcs.security.YamlRealm getPrivileges WARNING:No privileges of type tc_privileges for role EmptyRole
Apr 14 15:49:13.207 [106] org.yamcs.security.YamlRealm getPrivileges WARNING:No privileges of type system_privileges for role EmptyRole
Apr 14 15:49:13.281 [108] org.yamcs.web.rest.RestHandler verifyCommand WARNING:Command 'FLOAT_ARG_TC' (namespace: '/REFMDB/SUBSYS1') found, but withheld due to insufficient privileges. Returning 404 instead
Apr 14 15:49:13.281 [108] org.yamcs.web.rest.Router handleException WARNING:R3: Sending nominal exception 404 Not Found back to client: No resource named '/api/processors/IntegrationTest/realtime/commands/REFMDB/SUBSYS1/FLOAT_ARG_TC' (No such command)
Apr 14 15:49:13.281 [108] org.yamcs.web.HttpRequestHandler sendResponse WARNING:POST /api/processors/IntegrationTest/realtime/commands/REFMDB/SUBSYS1/FLOAT_ARG_TC 404
Apr 14 15:49:13.316 [112] org.yamcs.commanding.CommandingManager addToCommandHistory WARNING:Throwing InsufficientPrivileges for lack of COMMANDING privilege for user testuser/*****
Apr 14 15:49:13.316 [112] org.yamcs.web.rest.Router handleException WARNING:R4: Sending nominal exception 403 Forbidden back to client: Forbidden
Apr 14 15:49:13.317 [112] org.yamcs.web.HttpRequestHandler sendResponse WARNING:POST /api/processors/IntegrationTest/realtime/commandhistory/REFMDB/SUBSYS1/ONE_INT_ARG_TC 403
Apr 14 15:49:16.773 [119] org.yamcs.web.rest.archive.ArchiveParameterRestHandler listParameterHistory WARNING:No parameter id found in the parameter archive for /REFMDB/SUBSYS1/IntegerPara1_1_6
Apr 14 15:49:16.815 [121] org.yamcs.web.HttpRequestHandler sendResponse WARNING:GET /api/archive/IntegrationTest/REFMDB/SUBSYS1/FixedStringPara1_3_1?start=2015-03-02T10:10:00&stop=2015-03-02T10:10:02&order=asc 404
Apr 14 15:49:16.862 [187] org.yamcs.security.BasicAuthModule sendUnauthorized WARNING:GET /api/user 401 [realm="org.yamcs.security.BasicAuthModule"]: the realm could not authenticate the provided token
Apr 14 15:49:16.969 [256] org.yamcs.web.rest.Router handleException WARNING:R8: Sending nominal exception 403 Forbidden back to client: User testuser/***** has no permission for parameter /REFMDB/SUBSYS1/FloatPara1_1_3
Apr 14 15:49:16.970 [256] org.yamcs.web.HttpRequestHandler sendResponse WARNING:GET /api/processors/IntegrationTest/realtime/parameters/mget 403
Tests run: 6, Failures: 0, Errors: 0, Skipped: 0, Time elapsed: 8.616 sec - in org.yamcs.PermissionsTest
Running org.yamcs.parameterarchive.ParameterArchiveTest
Tests run: 5, Failures: 0, Errors: 0, Skipped: 0, Time elapsed: 0.902 sec - in org.yamcs.parameterarchive.ParameterArchiveTest
Running org.yamcs.parameterarchive.ObjectSegmentTest
Tests run: 4, Failures: 0, Errors: 0, Skipped: 0, Time elapsed: 0.457 sec - in org.yamcs.parameterarchive.ObjectSegmentTest
Running org.yamcs.parameterarchive.DoubleValueSegmentTest
Tests run: 1, Failures: 0, Errors: 0, Skipped: 0, Time elapsed: 0.075 sec - in org.yamcs.parameterarchive.DoubleValueSegmentTest
Running org.yamcs.parameterarchive.BooleanValueSegmentTest
Tests run: 1, Failures: 0, Errors: 0, Skipped: 0, Time elapsed: 0.083 sec - in org.yamcs.parameterarchive.BooleanValueSegmentTest
Running org.yamcs.parameterarchive.LongValueSegmentTest
Tests run: 2, Failures: 0, Errors: 0, Skipped: 0, Time elapsed: 0.107 sec - in org.yamcs.parameterarchive.LongValueSegmentTest
Running org.yamcs.parameterarchive.TestStructure
Tests run: 2, Failures: 0, Errors: 0, Skipped: 2, Time elapsed: 0.064 sec - in org.yamcs.parameterarchive.TestStructure
Running org.yamcs.parameterarchive.FloatValueSegmentTest
Tests run: 2, Failures: 0, Errors: 0, Skipped: 0, Time elapsed: 0.09 sec - in org.yamcs.parameterarchive.FloatValueSegmentTest
Running org.yamcs.parameterarchive.IntValueSegmentTest
Tests run: 3, Failures: 0, Errors: 0, Skipped: 0, Time elapsed: 0.119 sec - in org.yamcs.parameterarchive.IntValueSegmentTest
Running org.yamcs.parameterarchive.GenericValueSegmentTest
Tests run: 1, Failures: 0, Errors: 0, Skipped: 0, Time elapsed: 0.113 sec - in org.yamcs.parameterarchive.GenericValueSegmentTest
Running org.yamcs.parameterarchive.TimeSegmentTest
Tests run: 1, Failures: 0, Errors: 0, Skipped: 0, Time elapsed: 0.064 sec - in org.yamcs.parameterarchive.TimeSegmentTest
Running org.yamcs.parameterarchive.TestCompression
Tests run: 1, Failures: 0, Errors: 0, Skipped: 1, Time elapsed: 0.065 sec - in org.yamcs.parameterarchive.TestCompression
Running org.yamcs.parameterarchive.ParameterIdMapTest
Tests run: 1, Failures: 0, Errors: 0, Skipped: 0, Time elapsed: 0.201 sec - in org.yamcs.parameterarchive.ParameterIdMapTest
Running org.yamcs.parameterarchive.StringValueSegmentTest
Tests run: 1, Failures: 0, Errors: 0, Skipped: 0, Time elapsed: 0.114 sec - in org.yamcs.parameterarchive.StringValueSegmentTest
Running org.yamcs.parameterarchive.ParameterGroupIdMapTest
Tests run: 1, Failures: 0, Errors: 0, Skipped: 0, Time elapsed: 0.188 sec - in org.yamcs.parameterarchive.ParameterGroupIdMapTest
Running org.yamcs.xtce.SpreadsheetLoaderTest
Tests run: 5, Failures: 0, Errors: 0, Skipped: 0, Time elapsed: 0.654 sec - in org.yamcs.xtce.SpreadsheetLoaderTest
Running org.yamcs.IntegrationTest
Apr 14 15:49:34.090 [38] org.yamcs.web.rest.Router handleException WARNING:R1: Sending nominal exception 400 Bad Request back to client: Cannot find a local(software) parameter for 'name: "/REFMDB/SUBSYS1/IntegerPara1_1_6"
'
Apr 14 15:49:34.098 [38] org.yamcs.web.HttpRequestHandler sendResponse WARNING:POST /api/processors/IntegrationTest/realtime/parameters/mset 400
Apr 14 15:49:37.735 [61] org.yamcs.web.rest.Router handleException WARNING:R4: Sending nominal exception 400 Bad Request back to client: Invalid parameters: [name: "/REFMDB/SUBSYS1/InvalidParaName"
]
Apr 14 15:49:37.736 [61] org.yamcs.web.HttpRequestHandler sendResponse WARNING:GET /api/processors/IntegrationTest/realtime/parameters/mget 400
Apr 14 15:49:40.760 [39] org.yamcs.web.rest.Router lambda$dispatch$5 SEVERE:R6 blocking the netty thread for 2 seconds. uri: /api/processors/IntegrationTest/realtime/parameters/mget
Apr 14 15:49:44.407 [163] org.yamcs.web.rest.Router handleException WARNING:R25: Sending nominal exception 400 Bad Request back to client: Cannot assign integer from STRING
Apr 14 15:49:44.407 [163] org.yamcs.web.HttpRequestHandler sendResponse WARNING:POST /api/processors/IntegrationTest/realtime/parameters/mset 400
Tests run: 17, Failures: 0, Errors: 0, Skipped: 1, Time elapsed: 15.787 sec - in org.yamcs.IntegrationTest
Running org.yamcs.utils.TimeEncodingTest
max = 185539080470436999
5881469-05-27T23:59:59.999
Tests run: 2, Failures: 0, Errors: 0, Skipped: 0, Time elapsed: 0.103 sec - in org.yamcs.utils.TimeEncodingTest
Running org.yamcs.utils.TestBitBuffer
Tests run: 3, Failures: 0, Errors: 0, Skipped: 0, Time elapsed: 0.057 sec - in org.yamcs.utils.TestBitBuffer
Running org.yamcs.utils.SortedIntArrayTest
s2 encoded: [-1, 5, 20]
Tests run: 10, Failures: 0, Errors: 0, Skipped: 1, Time elapsed: 0.07 sec - in org.yamcs.utils.SortedIntArrayTest
Running org.yamcs.utils.VarIntUtilTest
Tests run: 3, Failures: 0, Errors: 0, Skipped: 0, Time elapsed: 0.064 sec - in org.yamcs.utils.VarIntUtilTest
Running org.yamcs.artemis.StreamAdapterTest
Apr 14 15:49:48.639 [1] org.yamcs.security.Privilege <clinit> WARNING:Privileges disabled, all connections are allowed and have full permissions
Apr 14 15:49:49.067 [1] org.apache.activemq.artemis.core.server internalStart INFO:AMQ221000: live Message Broker is starting with configuration Broker Configuration (clustered=false,journalDirectory=data/journal,bindingsDirectory=data/bindings,largeMessagesDirectory=data/largemessages,pagingDirectory=data/paging)
Apr 14 15:49:49.119 [1] org.apache.activemq.artemis.core.server <init> INFO:AMQ221043: Protocol module found: [artemis-server]. Adding protocol support for: CORE
log4j:WARN No appenders could be found for logger (org.apache.commons.beanutils.converters.BooleanConverter).
log4j:WARN Please initialize the log4j system properly.
Apr 14 15:49:49.277 [1] org.apache.activemq.artemis.core.server run INFO:AMQ221007: Server is now live
Apr 14 15:49:49.277 [1] org.apache.activemq.artemis.core.server internalStart INFO:AMQ221001: Apache ActiveMQ Artemis Message Broker version 1.5.4 [localhost, nodeID=fd9fe6e8-2129-11e7-a204-0242ac110004] 
Apr 14 15:49:49.565 [32] org.apache.activemq.artemis.core.server checkDeadLetterAddressAndExpiryAddress WARNING:AMQ222165: No Dead Letter Address configured for queue tests2h-StreamAdapter in AddressSettings
Apr 14 15:49:49.565 [32] org.apache.activemq.artemis.core.server checkDeadLetterAddressAndExpiryAddress WARNING:AMQ222166: No Expiry Address configured for queue tests2h-StreamAdapter in AddressSettings
Apr 14 15:49:49.618 [32] org.apache.activemq.artemis.core.server checkDeadLetterAddressAndExpiryAddress WARNING:AMQ222165: No Dead Letter Address configured for queue tempDataQueue.cd7893fe-f8b3-4cbd-a60f-b35ed7bbfc43 in AddressSettings
Apr 14 15:49:49.618 [32] org.apache.activemq.artemis.core.server checkDeadLetterAddressAndExpiryAddress WARNING:AMQ222166: No Expiry Address configured for queue tempDataQueue.cd7893fe-f8b3-4cbd-a60f-b35ed7bbfc43 in AddressSettings
Apr 14 15:49:49.683 [32] org.apache.activemq.artemis.core.server checkDeadLetterAddressAndExpiryAddress WARNING:AMQ222165: No Dead Letter Address configured for queue tests2h-StreamAdapter in AddressSettings
Apr 14 15:49:49.684 [32] org.apache.activemq.artemis.core.server checkDeadLetterAddressAndExpiryAddress WARNING:AMQ222166: No Expiry Address configured for queue tests2h-StreamAdapter in AddressSettings
Apr 14 15:49:49.695 [32] org.apache.activemq.artemis.core.server checkDeadLetterAddressAndExpiryAddress WARNING:AMQ222165: No Dead Letter Address configured for queue tempDataQueue.6553d2dc-646a-47d7-9536-9da2399e497f in AddressSettings
Apr 14 15:49:49.695 [32] org.apache.activemq.artemis.core.server checkDeadLetterAddressAndExpiryAddress WARNING:AMQ222166: No Expiry Address configured for queue tempDataQueue.6553d2dc-646a-47d7-9536-9da2399e497f in AddressSettings
Apr 14 15:49:49.750 [1] org.apache.activemq.artemis.core.server stop INFO:AMQ221002: Apache ActiveMQ Artemis Message Broker version 1.5.4 [fd9fe6e8-2129-11e7-a204-0242ac110004] stopped, uptime 0.715 seconds
Tests run: 2, Failures: 0, Errors: 0, Skipped: 0, Time elapsed: 1.325 sec - in org.yamcs.artemis.StreamAdapterTest
Running org.yamcs.artemis.ProducerKillerTest
log4j:WARN No appenders could be found for logger (org.jboss.logging).
log4j:WARN Please initialize the log4j system properly.
Apr 14 15:49:51.676 [41] org.yamcs.api.artemis.Protocol onMessage WARNING:closing producer org.apache.activemq.artemis.core.client.impl.ClientProducerImpl@5fd4f8f5 because the consumer to the address tempDataAddress.21f89eef-400b-4c12-a435-b21530d634d4 has closed
org.yamcs.api.YamcsApiException: Failed to send message to tempDataAddress.21f89eef-400b-4c12-a435-b21530d634d4
	at org.yamcs.api.artemis.YamcsClient.sendData(YamcsClient.java:449)
	at org.yamcs.artemis.ProducerKillerTest$2.run(ProducerKillerTest.java:59)
	at java.lang.Thread.run(Thread.java:745)
Caused by: ActiveMQObjectClosedException[errorType=OBJECT_CLOSED message=AMQ119018: Producer is closed]
	at org.apache.activemq.artemis.core.client.impl.ClientProducerImpl.checkClosed(ClientProducerImpl.java:292)
	at org.apache.activemq.artemis.core.client.impl.ClientProducerImpl.send(ClientProducerImpl.java:124)
	at org.yamcs.api.artemis.YamcsClient.sendData(YamcsClient.java:447)
	... 2 more
Tests run: 1, Failures: 0, Errors: 0, Skipped: 0, Time elapsed: 1.424 sec - in org.yamcs.artemis.ProducerKillerTest
Running org.yamcs.ParameterArchiveIntegrationTest
Apr 14 15:50:00.052 [38] org.yamcs.web.rest.archive.ArchiveParameterRestHandler listParameterHistory WARNING:No parameter id found in the parameter archive for /REFMDB/SUBSYS1/FloatPara1_1_2
Apr 14 15:50:00.142 [41] org.yamcs.web.rest.archive.ArchiveParameterRestHandler getParameterSamples WARNING:No parameter id found in the parameter archive for /REFMDB/SUBSYS1/FloatPara1_1_2
Apr 14 15:50:00.195 [1] org.yamcs.parameterarchive.ParameterArchive reprocess FINE:Scheduling a reprocess for interval [2015-01-02T10:00:00.000 - 2016-01-02T11:00:00.000]
Apr 14 15:50:00.201 [42] org.yamcs.parameterarchive.BackFiller runTask INFO:Starting an parameter archive fillup for interval [2015-01-02T09:34:59.400-2016-01-02T11:01:04.480)
Apr 14 15:50:00.643 [45] org.yamcs.parameterarchive.ArchiveFillerTask[IntegrationTest] updateItems FINE:Writing to archive the segment: [2015-01-02T09:34:59.400 - 2015-01-02T10:44:53.704)
Apr 14 15:50:01.095 [45] org.yamcs.parameterarchive.ArchiveFillerTask[IntegrationTest] updateItems FINE:Writing to archive the segment: [2015-01-02T10:44:53.704 - 2015-01-02T11:54:48.008)
Apr 14 15:50:01.128 [42] org.yamcs.parameterarchive.ArchiveFillerTask[IntegrationTest] flush INFO:Starting a consolidation process, number of intervals: 1
Apr 14 15:50:01.133 [42] org.yamcs.parameterarchive.BackFiller runTask INFO:Parameter archive fillup for interval [2015-01-02T09:34:59.400-2016-01-02T11:01:04.480) finished, number of processed parameter samples: 194400
Apr 14 15:50:01.193 [49] org.yamcs.parameterarchive.MultiParameterDataRetrieval retrieve FINE:Stoped early due to receiving ConsumerAbortException
Apr 14 15:50:01.217 [51] org.yamcs.parameterarchive.MultiParameterDataRetrieval retrieve FINE:Stoped early due to receiving ConsumerAbortException
Apr 14 15:50:01.251 [55] org.yamcs.parameterarchive.MultiParameterDataRetrieval retrieve FINE:Stoped early due to receiving ConsumerAbortException
Apr 14 15:50:01.288 [1] org.yamcs.parameterarchive.ParameterArchive doStop FINE:Stopping ParameterArchive service for instance IntegrationTest
Tests run: 2, Failures: 0, Errors: 0, Skipped: 1, Time elapsed: 9.027 sec - in org.yamcs.ParameterArchiveIntegrationTest
Running org.yamcs.alarms.AlarmServerTest
Tests run: 6, Failures: 0, Errors: 0, Skipped: 0, Time elapsed: 0.253 sec - in org.yamcs.alarms.AlarmServerTest
Running org.yamcs.archive.CcsdsTmIndexTest
Tests run: 3, Failures: 0, Errors: 0, Skipped: 1, Time elapsed: 0.569 sec - in org.yamcs.archive.CcsdsTmIndexTest
Running org.yamcs.archive.PpTupleTranslatorTest
Apr 14 15:50:04.678 [1] org.yamcs.security.Privilege <clinit> WARNING:Privileges disabled, all connections are allowed and have full permissions
Apr 14 15:50:05.322 [1] org.apache.activemq.artemis.core.server internalStart INFO:AMQ221000: live Message Broker is starting with configuration Broker Configuration (clustered=false,journalDirectory=data/journal,bindingsDirectory=data/bindings,largeMessagesDirectory=data/largemessages,pagingDirectory=data/paging)
Apr 14 15:50:05.428 [1] org.apache.activemq.artemis.core.server <init> INFO:AMQ221043: Protocol module found: [artemis-server]. Adding protocol support for: CORE
log4j:WARN No appenders could be found for logger (org.apache.commons.beanutils.converters.BooleanConverter).
log4j:WARN Please initialize the log4j system properly.
Apr 14 15:50:05.800 [1] org.apache.activemq.artemis.core.server run INFO:AMQ221007: Server is now live
Apr 14 15:50:05.800 [1] org.apache.activemq.artemis.core.server internalStart INFO:AMQ221001: Apache ActiveMQ Artemis Message Broker version 1.5.4 [localhost, nodeID=074f4d54-212a-11e7-bb01-0242ac110004] 
Apr 14 15:50:06.639 [34] org.apache.activemq.artemis.core.server checkDeadLetterAddressAndExpiryAddress WARNING:AMQ222165: No Dead Letter Address configured for queue pp_realtime-StreamAdapter in AddressSettings
Apr 14 15:50:06.640 [34] org.apache.activemq.artemis.core.server checkDeadLetterAddressAndExpiryAddress WARNING:AMQ222166: No Expiry Address configured for queue pp_realtime-StreamAdapter in AddressSettings
Apr 14 15:50:06.695 [34] org.apache.activemq.artemis.core.server checkDeadLetterAddressAndExpiryAddress WARNING:AMQ222165: No Dead Letter Address configured for queue tempDataQueue.5d3b5f77-640b-41b7-90e8-a9ab520ba8fd in AddressSettings
Apr 14 15:50:06.695 [34] org.apache.activemq.artemis.core.server checkDeadLetterAddressAndExpiryAddress WARNING:AMQ222166: No Expiry Address configured for queue tempDataQueue.5d3b5f77-640b-41b7-90e8-a9ab520ba8fd in AddressSettings
Apr 14 15:50:10.418 [1] org.apache.activemq.artemis.core.server stop INFO:AMQ221002: Apache ActiveMQ Artemis Message Broker version 1.5.4 [074f4d54-212a-11e7-bb01-0242ac110004] stopped, uptime 5.179 seconds
Tests run: 1, Failures: 0, Errors: 0, Skipped: 0, Time elapsed: 6.16 sec - in org.yamcs.archive.PpTupleTranslatorTest
Running org.yamcs.archive.CmdHistoryRecordingTest
Apr 14 15:50:11.818 [1] org.yamcs.archive.CommandHistoryRecorder[yarchtest_CmdHistoryRecordingTest] doStart WARNING:The stream cmdhist_dump has not been found
Tests run: 1, Failures: 0, Errors: 0, Skipped: 0, Time elapsed: 0.719 sec - in org.yamcs.archive.CmdHistoryRecordingTest
Running org.yamcs.archive.EventRecordingTest
Apr 14 15:50:13.181 [1] org.yamcs.security.Privilege <clinit> WARNING:Privileges disabled, all connections are allowed and have full permissions
Apr 14 15:50:13.624 [1] org.apache.activemq.artemis.core.server internalStart INFO:AMQ221000: live Message Broker is starting with configuration Broker Configuration (clustered=false,journalDirectory=data/journal,bindingsDirectory=data/bindings,largeMessagesDirectory=data/largemessages,pagingDirectory=data/paging)
Apr 14 15:50:13.699 [1] org.apache.activemq.artemis.core.server <init> INFO:AMQ221043: Protocol module found: [artemis-server]. Adding protocol support for: CORE
log4j:WARN No appenders could be found for logger (org.apache.commons.beanutils.converters.BooleanConverter).
log4j:WARN Please initialize the log4j system properly.
Apr 14 15:50:13.940 [1] org.apache.activemq.artemis.core.server run INFO:AMQ221007: Server is now live
Apr 14 15:50:13.941 [1] org.apache.activemq.artemis.core.server internalStart INFO:AMQ221001: Apache ActiveMQ Artemis Message Broker version 1.5.4 [localhost, nodeID=0c426419-212a-11e7-a5de-0242ac110004] 
Apr 14 15:50:14.750 [34] org.apache.activemq.artemis.core.server checkDeadLetterAddressAndExpiryAddress WARNING:AMQ222165: No Dead Letter Address configured for queue yarchtest_EventRecordingTest.events_realtime-StreamAdapter in AddressSettings
Apr 14 15:50:14.750 [34] org.apache.activemq.artemis.core.server checkDeadLetterAddressAndExpiryAddress WARNING:AMQ222166: No Expiry Address configured for queue yarchtest_EventRecordingTest.events_realtime-StreamAdapter in AddressSettings
Apr 14 15:50:15.835 [34] org.apache.activemq.artemis.core.server checkDeadLetterAddressAndExpiryAddress WARNING:AMQ222165: No Dead Letter Address configured for queue tempDataQueue.d6e4603e-595b-4235-9e35-c207c32139eb in AddressSettings
Apr 14 15:50:15.836 [34] org.apache.activemq.artemis.core.server checkDeadLetterAddressAndExpiryAddress WARNING:AMQ222166: No Expiry Address configured for queue tempDataQueue.d6e4603e-595b-4235-9e35-c207c32139eb in AddressSettings
Apr 14 15:50:17.032 [41] org.apache.activemq.artemis.core.client fail WARNING:AMQ212037: Connection failure has been detected: AMQ119015: The connection was disconnected because of server shutdown [code=DISCONNECTED]
Apr 14 15:50:17.038 [1] org.apache.activemq.artemis.core.server stop INFO:AMQ221002: Apache ActiveMQ Artemis Message Broker version 1.5.4 [0c426419-212a-11e7-a5de-0242ac110004] stopped, uptime 3.463 seconds
Tests run: 1, Failures: 0, Errors: 0, Skipped: 0, Time elapsed: 4.169 sec - in org.yamcs.archive.EventRecordingTest
Running org.yamcs.YamcsServerArtemisTest
Apr 14 15:50:18.033 [1] org.yamcs.security.Privilege <clinit> WARNING:Privileges disabled, all connections are allowed and have full permissions
Apr 14 15:50:18.528 [1] org.apache.activemq.artemis.core.server internalStart INFO:AMQ221000: live Message Broker is starting with configuration Broker Configuration (clustered=false,journalDirectory=data/journal,bindingsDirectory=data/bindings,largeMessagesDirectory=data/largemessages,pagingDirectory=data/paging)
Apr 14 15:50:18.610 [1] org.apache.activemq.artemis.core.server <init> INFO:AMQ221043: Protocol module found: [artemis-server]. Adding protocol support for: CORE
log4j:WARN No appenders could be found for logger (org.apache.commons.beanutils.converters.BooleanConverter).
log4j:WARN Please initialize the log4j system properly.
Apr 14 15:50:18.819 [1] org.apache.activemq.artemis.core.server run INFO:AMQ221007: Server is now live
Apr 14 15:50:18.820 [1] org.apache.activemq.artemis.core.server internalStart INFO:AMQ221001: Apache ActiveMQ Artemis Message Broker version 1.5.4 [localhost, nodeID=0f2efc68-212a-11e7-b12e-0242ac110004] 
Apr 14 15:50:19.277 [1] org.yamcs.StreamConfig <init> WARNING:No streamConfig defined for instance instance1
Apr 14 15:50:19.513 [33] org.apache.activemq.artemis.core.server checkDeadLetterAddressAndExpiryAddress WARNING:AMQ222165: No Dead Letter Address configured for queue tempRpcQueue.7bd7f2a2-9594-476d-8d41-7d3597bc33d9 in AddressSettings
Apr 14 15:50:19.514 [33] org.apache.activemq.artemis.core.server checkDeadLetterAddressAndExpiryAddress WARNING:AMQ222166: No Expiry Address configured for queue tempRpcQueue.7bd7f2a2-9594-476d-8d41-7d3597bc33d9 in AddressSettings
Apr 14 15:50:19.563 [33] org.apache.activemq.artemis.core.server checkDeadLetterAddressAndExpiryAddress WARNING:AMQ222165: No Dead Letter Address configured for queue tempDataQueue.fde5d5c6-4fc3-4182-9fbd-9dab6ec1b5ea in AddressSettings
Apr 14 15:50:19.563 [33] org.apache.activemq.artemis.core.server checkDeadLetterAddressAndExpiryAddress WARNING:AMQ222166: No Expiry Address configured for queue tempDataQueue.fde5d5c6-4fc3-4182-9fbd-9dab6ec1b5ea in AddressSettings
Apr 14 15:50:29.608 [1] org.apache.activemq.artemis.core.server stop INFO:AMQ221002: Apache ActiveMQ Artemis Message Broker version 1.5.4 [0f2efc68-212a-11e7-b12e-0242ac110004] stopped, uptime 11.134 seconds
Tests run: 1, Failures: 0, Errors: 1, Skipped: 0, Time elapsed: 11.898 sec <<< FAILURE! - in org.yamcs.YamcsServerArtemisTest
testRetrieveMdb(org.yamcs.YamcsServerArtemisTest)  Time elapsed: 10.316 sec  <<< ERROR!
org.yamcs.api.YamcsApiException: did not receive a response to getMissionDatabase in 10000 milliseconds
	at org.yamcs.YamcsServerArtemisTest.testRetrieveMdb(YamcsServerArtemisTest.java:45)

Running org.yamcs.api.rest.HttpClientTest
Apr 14 15:50:35.760 [38] org.yamcs.web.HttpRequestHandler sendResponse WARNING:GET /blaba 404
Tests run: 2, Failures: 0, Errors: 0, Skipped: 0, Time elapsed: 5.652 sec - in org.yamcs.api.rest.HttpClientTest
Running org.yamcs.api.artemis.ArtemisEventProducerTest
Apr 14 15:50:36.907 [1] org.yamcs.security.Privilege <clinit> WARNING:Privileges disabled, all connections are allowed and have full permissions
Apr 14 15:50:37.493 [1] org.apache.activemq.artemis.core.server internalStart INFO:AMQ221000: live Message Broker is starting with configuration Broker Configuration (clustered=false,journalDirectory=data/journal,bindingsDirectory=data/bindings,largeMessagesDirectory=data/largemessages,pagingDirectory=data/paging)
Apr 14 15:50:37.607 [1] org.apache.activemq.artemis.core.server <init> INFO:AMQ221043: Protocol module found: [artemis-server]. Adding protocol support for: CORE
log4j:WARN No appenders could be found for logger (org.apache.commons.beanutils.converters.BooleanConverter).
log4j:WARN Please initialize the log4j system properly.
Apr 14 15:50:37.869 [1] org.apache.activemq.artemis.core.server run INFO:AMQ221007: Server is now live
Apr 14 15:50:37.870 [1] org.apache.activemq.artemis.core.server internalStart INFO:AMQ221001: Apache ActiveMQ Artemis Message Broker version 1.5.4 [localhost, nodeID=1a7c34e6-212a-11e7-9ddd-0242ac110004] 
Apr 14 15:50:38.191 [34] org.apache.activemq.artemis.core.server checkDeadLetterAddressAndExpiryAddress WARNING:AMQ222165: No Dead Letter Address configured for queue tempDataQueue.dcc192a6-8212-449e-a8cc-e1099e0cf728 in AddressSettings
Apr 14 15:50:38.192 [34] org.apache.activemq.artemis.core.server checkDeadLetterAddressAndExpiryAddress WARNING:AMQ222166: No Expiry Address configured for queue tempDataQueue.dcc192a6-8212-449e-a8cc-e1099e0cf728 in AddressSettings
Apr 14 15:50:38.641 [1] org.apache.activemq.artemis.core.server stop INFO:AMQ221002: Apache ActiveMQ Artemis Message Broker version 1.5.4 [1a7c34e6-212a-11e7-9ddd-0242ac110004] stopped, uptime 1.199 seconds
Tests run: 1, Failures: 0, Errors: 0, Skipped: 0, Time elapsed: 2.033 sec - in org.yamcs.api.artemis.ArtemisEventProducerTest
Running org.yamcs.security.PasswordHashTest
1000:105003880a34c0b72468b0a672e3ca9dbc50999c097d353e:46776c80ada341ec921728076f94b22f1cb7e23b20ca2f2d
1000:8c746ef4e79b10c79860076ad91cedce49de601f05f179aa:9202b54117c4b7646fc7e8752fb03239cccf4250cc792601
1000:03123ff87fdb31658f5aacc0e56855c31a5e2de203f72d71:61aaa5938d6078219f34335d6133db9d64899d0cd433f89c
1000:107aa78c1a182c3a151a63022f51f00b0ee02fddacaaec73:ae3c1b369d24e3ae77b828f7fdb3132996a417ca33258b2b
1000:1f7cc6bdcafd0207066783e3f42fe714b8a42754828cfcbf:5f25a331afe6fcdbf0b63ca4099f629697bdde9148bb7b8d
1000:cec2b8809d7713b1479af89dc820ef643bde131b93f5fc03:af369b5b53bcff4656b42dea3fda5d0e9e8bedf49ebb9afd
1000:d6c99441fea4cc606a2ea4f214f01b8efc22659a4bec4c33:138051afb988488791686c7102458d0289e2b08c00ab68b0
1000:b53fe2703c6ccff49e08d42b64745a6cc8614e9f99f8716e:642a008c19b85221f50e8de9146261546b19caa452f339ef
1000:19ff9898219b230b4e4230f95cd9125b131b929941555637:356db3e43c3d37411d52148a67f6ff45fe8c2c9d0023bfda
1000:f4e37c83d0ede798a6a71ac55bd7e199ff69e8c52ddce776:a16909a06d294b64af75d538d290ce1b54d8de2086b6e10f
Running tests...
Tests run: 1, Failures: 0, Errors: 0, Skipped: 0, Time elapsed: 1.995 sec - in org.yamcs.security.PasswordHashTest
Running org.yamcs.management.ProcessorsTest
connecting to yamcs
Apr 14 15:50:43.796 [32] org.yamcs.security.Privilege <clinit> WARNING:Privileges disabled, all connections are allowed and have full permissions
connecting to yamcs
Apr 14 15:50:50.495 [49] org.yamcs.management.ManagementService createProcessor WARNING:createProcessor called with invalid client id:10; ignored.
Apr 14 15:50:50.496 [49] org.yamcs.management.ManagementService createProcessor WARNING:createProcessor called with invalid client id:14; ignored.
Apr 14 15:50:50.498 [49] org.yamcs.web.rest.Router handleException WARNING:R6: Sending nominal exception 400 Bad Request back to client: createProcessor invoked with a list full of invalid client ids
Apr 14 15:50:50.505 [49] org.yamcs.web.HttpRequestHandler sendResponse WARNING:POST /api/processors/yproctest0 400
log: Exception creating processor: createProcessor invoked with a list full of invalid client ids
Tests run: 2, Failures: 0, Errors: 0, Skipped: 0, Time elapsed: 8.478 sec - in org.yamcs.management.ProcessorsTest
Running org.yamcs.cli.YamcsCliTest
Tests run: 1, Failures: 0, Errors: 0, Skipped: 0, Time elapsed: 5.889 sec - in org.yamcs.cli.YamcsCliTest
Running org.yamcs.ComVerifIntegrationTest
alg_verif_started:
  receivedCmdId: 25
  sentCmdId: 25
  receivedSeqNum: 5000
  sentSeqNum: 5000
  stage: 0
  result: 0
yep, this is our command
alg_verif_completed:
  receivedCmdId: 25
  sentCmdId: 25
  receivedSeqNum: 5000
  sentSeqNum: 5000
  stage: 0
  result: 0
alg_verif_completed:
  receivedCmdId: 25
  sentCmdId: 25
  receivedSeqNum: 5000
  sentSeqNum: 5000
  stage: 1
  result: 5
yep, this is our command
Tests run: 2, Failures: 0, Errors: 0, Skipped: 0, Time elapsed: 8.05 sec - in org.yamcs.ComVerifIntegrationTest
Running org.yamcs.tctm.TcpTcUplinkerTest
Tests run: 1, Failures: 0, Errors: 0, Skipped: 0, Time elapsed: 0.372 sec - in org.yamcs.tctm.TcpTcUplinkerTest
Running org.yamcs.tctm.TmFileReaderTest
Tests run: 2, Failures: 0, Errors: 0, Skipped: 0, Time elapsed: 0.129 sec - in org.yamcs.tctm.TmFileReaderTest
Running org.yamcs.commanding.CommandingManagerTest
Tests run: 10, Failures: 0, Errors: 0, Skipped: 0, Time elapsed: 0.63 sec - in org.yamcs.commanding.CommandingManagerTest
Running org.yamcs.ArchiveIntegrationTest
Apr 14 15:51:20.859 [38] org.yamcs.web.rest.archive.ArchiveParameterRestHandler listParameterHistory WARNING:No parameter id found in the parameter archive for /REFMDB/ccsds-apid
Apr 14 15:51:20.937 [41] org.yamcs.web.rest.archive.ArchiveParameterRestHandler listParameterHistory WARNING:No parameter id found in the parameter archive for /REFMDB/ccsds-apid
Apr 14 15:51:21.251 [51] org.yamcs.web.rest.archive.ArchiveTableRestHandler$TableLoader exceptionCaught WARNING:Exception caught in the table load pipeline, closing the connection: com.google.protobuf.InvalidProtocolBufferException: Protocol message contained an invalid tag (zero).
Apr 14 15:51:21.259 [51] org.yamcs.web.HttpRequestHandler sendResponse WARNING:POST /api/archive/IntegrationTest/tables/table2/data 400
pdata: parameter {
  id {
    name: "/REFMDB/SUBSYS1/processed_para_uint"
  }
  engValue {
    type: UINT32
    uint32Value: 60
  }
  generationTime: 1420106495030
  acquisitionStatus: ACQUIRED
  processingStatus: true
  generationTimeUTC: "2015-01-01T10:01:00.030"
}

Apr 14 15:51:25.914 [83] org.yamcs.web.HttpRequestHandler sendResponse WARNING:POST /api/archive/IntegrationTest/tables/table1/data 400
Tests run: 7, Failures: 0, Errors: 0, Skipped: 0, Time elapsed: 15.941 sec - in org.yamcs.ArchiveIntegrationTest
Running org.yamcs.RestClientTest
Apr 14 15:51:32.444 [173] org.yamcs.security.BasicAuthModule sendUnauthorized WARNING:GET /api/instances 401 [realm="org.yamcs.security.BasicAuthModule"]: No authorization header present
Tests run: 3, Failures: 0, Errors: 0, Skipped: 0, Time elapsed: 5.786 sec - in org.yamcs.RestClientTest
Running org.yamcs.AlarmTest
Tests run: 5, Failures: 0, Errors: 0, Skipped: 0, Time elapsed: 0.702 sec - in org.yamcs.AlarmTest

Results :

Tests in error: 
  YamcsServerArtemisTest.testRetrieveMdb:45 » YamcsApi did not receive a respons...

Tests run: 320, Failures: 0, Errors: 1, Skipped: 13

[INFO] ------------------------------------------------------------------------
[INFO] Reactor Summary:
[INFO] 
[INFO] Yamcs .............................................. SUCCESS [  0.054 s]
[INFO] Yamcs API .......................................... SUCCESS [  2.263 s]
[INFO] Yamcs XTCE ......................................... SUCCESS [  0.838 s]
[INFO] Yamcs Core ......................................... FAILURE [04:30 min]
[INFO] Yamcs Simulation ................................... SKIPPED
[INFO] ------------------------------------------------------------------------
[INFO] BUILD FAILURE
[INFO] ------------------------------------------------------------------------
[INFO] Total time: 04:34 min
[INFO] Finished at: 2017-04-14T15:51:34+00:00
[INFO] Final Memory: 12M/363M
[INFO] ------------------------------------------------------------------------
[ERROR] Failed to execute goal org.apache.maven.plugins:maven-surefire-plugin:2.19.1:test (default-test) on project yamcs-core: There are test failures.
[ERROR] 
[ERROR] Please refer to /home/travis/build/yamcs/yamcs/yamcs-core/target/surefire-reports for the individual test results.
[ERROR] -> [Help 1]
[ERROR] 
[ERROR] To see the full stack trace of the errors, re-run Maven with the -e switch.
[ERROR] Re-run Maven using the -X switch to enable full debug logging.
[ERROR] 
[ERROR] For more information about the errors and possible solutions, please read the following articles:
[ERROR] [Help 1] http://cwiki.apache.org/confluence/display/MAVEN/MojoFailureException
[ERROR] 
[ERROR] After correcting the problems, you can resume the build with the command
[ERROR]   mvn <goals> -rf :yamcs-core

travis_time:end:03d8e183:start=1492184818588101665,finish=1492185094513959325,duration=275925857660[0K
[31;1mThe command "mvn -Dsurefire.useFile=false test" exited with 1.[0m
travis_fold:start:cache.2[0Kstore build cache
travis_time:start:0c67b680[0K
travis_time:end:0c67b680:start=1492185094523134295,finish=1492185094537642618,duration=14508323[0Ktravis_time:start:05b4c644[0K[32;1mchange detected (content changed, file is created, or file is deleted):
/home/travis/.m2/repository/org/yamcs/yamcs/3.2.0-SNAPSHOT/maven-metadata-local.xml
/home/travis/.m2/repository/org/yamcs/yamcs/3.2.0-SNAPSHOT/_remote.repositories
/home/travis/.m2/repository/org/yamcs/yamcs-api/3.2.0-SNAPSHOT/maven-metadata-local.xml
/home/travis/.m2/repository/org/yamcs/yamcs-api/3.2.0-SNAPSHOT/_remote.repositories
/home/travis/.m2/repository/org/yamcs/yamcs-api/3.2.0-SNAPSHOT/yamcs-api-3.2.0-SNAPSHOT.jar
/home/travis/.m2/repository/org/yamcs/yamcs-api/3.2.0-SNAPSHOT/yamcs-api-3.2.0-SNAPSHOT-sources.jar
/home/travis/.m2/repository/org/yamcs/yamcs-api/maven-metadata-local.xml
/home/travis/.m2/repository/org/yamcs/yamcs-core/3.2.0-SNAPSHOT/maven-metadata-local.xml
/home/travis/.m2/repository/org/yamcs/yamcs-core/3.2.0-SNAPSHOT/_remote.repositories
/home/travis/.m2/repository/org/yamcs/yamcs-core/3.2.0-SNAPSHOT/yamcs-core-3.2.0-SNAPSHOT.jar
/home/travis/.m2/repository/org/yamcs/yamcs-core/3.2.0-SNAPSHOT/yamcs-core-3.2.0-SNAPSHOT-sources.jar
/home/travis/.m2/repository/or
[0m
[32;1m...
[0m
[32;1mchanges detected, packing new archive[0m
.
[32;1muploading archive[0m

travis_time:end:05b4c644:start=1492185094544382676,finish=1492185105341619289,duration=10797236613[0Ktravis_fold:end:cache.2[0K
Done. Your build exited with 1.
